<?xml version="1.0" encoding="UTF-8"?>
<testsuite xmlns:xsi="http://www.w3.org/2001/XMLSchema-instance" xsi:noNamespaceSchemaLocation="https://maven.apache.org/surefire/maven-surefire-plugin/xsd/surefire-test-report.xsd" name="org.apache.hadoop.ozone.client.rpc.TestDeleteWithSlowFollower" time="143.232" tests="1" errors="0" skipped="0" failures="1">
  <properties>
    <property name="awt.toolkit" value="sun.awt.X11.XToolkit"/>
    <property name="file.encoding.pkg" value="sun.io"/>
    <property name="java.specification.version" value="1.8"/>
    <property name="sun.cpu.isalist" value=""/>
    <property name="sun.jnu.encoding" value="ANSI_X3.4-1968"/>
    <property name="java.class.path" value="/workdir/hadoop-ozone/integration-test/target/test-classes:/workdir/hadoop-ozone/integration-test/target/classes:/home/user/.m2/repository/org/apache/hadoop/hadoop-ozone-common/0.5.0-SNAPSHOT/hadoop-ozone-common-0.5.0-SNAPSHOT.jar:/home/user/.m2/repository/org/apache/commons/commons-compress/1.4.1/commons-compress-1.4.1.jar:/home/user/.m2/repository/org/tukaani/xz/1.0/xz-1.0.jar:/home/user/.m2/repository/org/apache/hadoop/hadoop-common/3.2.0/hadoop-common-3.2.0.jar:/home/user/.m2/repository/org/apache/hadoop/hadoop-hdfs/3.2.0/hadoop-hdfs-3.2.0.jar:/home/user/.m2/repository/org/apache/hadoop/hadoop-hdfs-client/3.2.0/hadoop-hdfs-client-3.2.0.jar:/home/user/.m2/repository/com/fasterxml/jackson/core/jackson-annotations/2.9.9/jackson-annotations-2.9.9.jar:/home/user/.m2/repository/org/apache/hadoop/hadoop-hdds-common/0.5.0-SNAPSHOT/hadoop-hdds-common-0.5.0-SNAPSHOT.jar:/home/user/.m2/repository/javax/annotation/javax.annotation-api/1.2/javax.annotation-api-1.2.jar:/home/user/.m2/repository/org/apache/ratis/ratis-server/0.5.0-ced7dbf-SNAPSHOT/ratis-server-0.5.0-ced7dbf-SNAPSHOT.jar:/home/user/.m2/repository/org/apache/ratis/ratis-thirdparty-misc/0.2.0/ratis-thirdparty-misc-0.2.0.jar:/home/user/.m2/repository/org/apache/ratis/ratis-proto/0.5.0-ced7dbf-SNAPSHOT/ratis-proto-0.5.0-ced7dbf-SNAPSHOT.jar:/home/user/.m2/repository/org/apache/ratis/ratis-common/0.5.0-ced7dbf-SNAPSHOT/ratis-common-0.5.0-ced7dbf-SNAPSHOT.jar:/home/user/.m2/repository/org/apache/ratis/ratis-client/0.5.0-ced7dbf-SNAPSHOT/ratis-client-0.5.0-ced7dbf-SNAPSHOT.jar:/home/user/.m2/repository/org/apache/ratis/ratis-metrics/0.5.0-ced7dbf-SNAPSHOT/ratis-metrics-0.5.0-ced7dbf-SNAPSHOT.jar:/home/user/.m2/repository/org/apache/ratis/ratis-netty/0.5.0-ced7dbf-SNAPSHOT/ratis-netty-0.5.0-ced7dbf-SNAPSHOT.jar:/home/user/.m2/repository/org/apache/ratis/ratis-grpc/0.5.0-ced7dbf-SNAPSHOT/ratis-grpc-0.5.0-ced7dbf-SNAPSHOT.jar:/home/user/.m2/repository/org/rocksdb/rocksdbjni/6.0.1/rocksdbjni-6.0.1.jar:/home/user/.m2/repository/org/apache/logging/log4j/log4j-api/2.11.0/log4j-api-2.11.0.jar:/home/user/.m2/repository/org/apache/logging/log4j/log4j-core/2.11.0/log4j-core-2.11.0.jar:/home/user/.m2/repository/com/lmax/disruptor/3.4.2/disruptor-3.4.2.jar:/home/user/.m2/repository/org/apache/commons/commons-pool2/2.6.0/commons-pool2-2.6.0.jar:/home/user/.m2/repository/org/bouncycastle/bcpkix-jdk15on/1.60/bcpkix-jdk15on-1.60.jar:/home/user/.m2/repository/commons-validator/commons-validator/1.6/commons-validator-1.6.jar:/home/user/.m2/repository/commons-digester/commons-digester/1.8.1/commons-digester-1.8.1.jar:/home/user/.m2/repository/io/jaegertracing/jaeger-client/0.34.0/jaeger-client-0.34.0.jar:/home/user/.m2/repository/io/jaegertracing/jaeger-thrift/0.34.0/jaeger-thrift-0.34.0.jar:/home/user/.m2/repository/org/apache/thrift/libthrift/0.12.0/libthrift-0.12.0.jar:/home/user/.m2/repository/com/squareup/okhttp3/okhttp/3.9.0/okhttp-3.9.0.jar:/home/user/.m2/repository/com/squareup/okio/okio/1.13.0/okio-1.13.0.jar:/home/user/.m2/repository/io/jaegertracing/jaeger-core/0.34.0/jaeger-core-0.34.0.jar:/home/user/.m2/repository/io/jaegertracing/jaeger-tracerresolver/0.34.0/jaeger-tracerresolver-0.34.0.jar:/home/user/.m2/repository/io/opentracing/contrib/opentracing-tracerresolver/0.1.5/opentracing-tracerresolver-0.1.5.jar:/home/user/.m2/repository/io/opentracing/opentracing-util/0.31.0/opentracing-util-0.31.0.jar:/home/user/.m2/repository/io/opentracing/opentracing-api/0.31.0/opentracing-api-0.31.0.jar:/home/user/.m2/repository/io/opentracing/opentracing-noop/0.31.0/opentracing-noop-0.31.0.jar:/home/user/.m2/repository/org/apache/hadoop/hadoop-hdds-server-framework/0.5.0-SNAPSHOT/hadoop-hdds-server-framework-0.5.0-SNAPSHOT.jar:/home/user/.m2/repository/org/apache/hadoop/hadoop-hdds-container-service/0.5.0-SNAPSHOT/hadoop-hdds-container-service-0.5.0-SNAPSHOT.jar:/home/user/.m2/repository/org/apache/hadoop/hadoop-hdds-client/0.5.0-SNAPSHOT/hadoop-hdds-client-0.5.0-SNAPSHOT.jar:/home/user/.m2/repository/org/apache/hadoop/hadoop-hdds-tools/0.5.0-SNAPSHOT/hadoop-hdds-tools-0.5.0-SNAPSHOT.jar:/home/user/.m2/repository/org/apache/hadoop/hadoop-hdds-server-scm/0.5.0-SNAPSHOT/hadoop-hdds-server-scm-0.5.0-SNAPSHOT.jar:/home/user/.m2/repository/org/apache/hadoop/hadoop-hdds-docs/0.5.0-SNAPSHOT/hadoop-hdds-docs-0.5.0-SNAPSHOT.jar:/home/user/.m2/repository/io/dropwizard/metrics/metrics-core/3.2.4/metrics-core-3.2.4.jar:/home/user/.m2/repository/org/hamcrest/hamcrest-all/1.3/hamcrest-all-1.3.jar:/home/user/.m2/repository/org/bouncycastle/bcprov-jdk15on/1.60/bcprov-jdk15on-1.60.jar:/home/user/.m2/repository/info/picocli/picocli/3.9.6/picocli-3.9.6.jar:/home/user/.m2/repository/com/google/protobuf/protobuf-java/2.5.0/protobuf-java-2.5.0.jar:/home/user/.m2/repository/com/google/guava/guava/11.0.2/guava-11.0.2.jar:/home/user/.m2/repository/org/apache/hadoop/hadoop-ozone-ozone-manager/0.5.0-SNAPSHOT/hadoop-ozone-ozone-manager-0.5.0-SNAPSHOT.jar:/home/user/.m2/repository/org/apache/hadoop/hadoop-minikdc/3.2.0/hadoop-minikdc-3.2.0.jar:/home/user/.m2/repository/commons-io/commons-io/2.5/commons-io-2.5.jar:/home/user/.m2/repository/org/apache/kerby/kerb-simplekdc/1.0.1/kerb-simplekdc-1.0.1.jar:/home/user/.m2/repository/org/apache/kerby/kerb-client/1.0.1/kerb-client-1.0.1.jar:/home/user/.m2/repository/org/apache/kerby/kerby-config/1.0.1/kerby-config-1.0.1.jar:/home/user/.m2/repository/org/apache/kerby/kerb-core/1.0.1/kerb-core-1.0.1.jar:/home/user/.m2/repository/org/apache/kerby/kerby-pkix/1.0.1/kerby-pkix-1.0.1.jar:/home/user/.m2/repository/org/apache/kerby/kerby-asn1/1.0.1/kerby-asn1-1.0.1.jar:/home/user/.m2/repository/org/apache/kerby/kerby-util/1.0.1/kerby-util-1.0.1.jar:/home/user/.m2/repository/org/apache/kerby/kerb-common/1.0.1/kerb-common-1.0.1.jar:/home/user/.m2/repository/org/apache/kerby/kerb-crypto/1.0.1/kerb-crypto-1.0.1.jar:/home/user/.m2/repository/org/apache/kerby/kerb-util/1.0.1/kerb-util-1.0.1.jar:/home/user/.m2/repository/org/apache/kerby/token-provider/1.0.1/token-provider-1.0.1.jar:/home/user/.m2/repository/org/apache/kerby/kerb-admin/1.0.1/kerb-admin-1.0.1.jar:/home/user/.m2/repository/org/apache/kerby/kerb-server/1.0.1/kerb-server-1.0.1.jar:/home/user/.m2/repository/org/apache/kerby/kerb-identity/1.0.1/kerb-identity-1.0.1.jar:/home/user/.m2/repository/org/apache/kerby/kerby-xdr/1.0.1/kerby-xdr-1.0.1.jar:/home/user/.m2/repository/org/slf4j/slf4j-log4j12/1.7.25/slf4j-log4j12-1.7.25.jar:/home/user/.m2/repository/org/apache/hadoop/hadoop-ozone-s3gateway/0.5.0-SNAPSHOT/hadoop-ozone-s3gateway-0.5.0-SNAPSHOT.jar:/home/user/.m2/repository/org/jboss/weld/servlet/weld-servlet/2.4.7.Final/weld-servlet-2.4.7.Final.jar:/home/user/.m2/repository/org/glassfish/jersey/containers/jersey-container-servlet-core/2.27/jersey-container-servlet-core-2.27.jar:/home/user/.m2/repository/org/glassfish/hk2/external/javax.inject/2.5.0-b42/javax.inject-2.5.0-b42.jar:/home/user/.m2/repository/org/glassfish/jersey/core/jersey-common/2.27/jersey-common-2.27.jar:/home/user/.m2/repository/org/glassfish/hk2/osgi-resource-locator/1.0.1/osgi-resource-locator-1.0.1.jar:/home/user/.m2/repository/javax/ws/rs/javax.ws.rs-api/2.1/javax.ws.rs-api-2.1.jar:/home/user/.m2/repository/org/glassfish/jersey/ext/cdi/jersey-cdi1x/2.27/jersey-cdi1x-2.27.jar:/home/user/.m2/repository/org/glassfish/jersey/inject/jersey-hk2/2.27/jersey-hk2-2.27.jar:/home/user/.m2/repository/org/glassfish/hk2/hk2-locator/2.5.0-b42/hk2-locator-2.5.0-b42.jar:/home/user/.m2/repository/org/javassist/javassist/3.22.0-CR2/javassist-3.22.0-CR2.jar:/home/user/.m2/repository/org/glassfish/hk2/hk2-api/2.5.0/hk2-api-2.5.0.jar:/home/user/.m2/repository/org/glassfish/hk2/external/jakarta.inject/2.5.0/jakarta.inject-2.5.0.jar:/home/user/.m2/repository/org/glassfish/hk2/hk2-utils/2.5.0/hk2-utils-2.5.0.jar:/home/user/.m2/repository/jakarta/annotation/jakarta.annotation-api/1.3.4/jakarta.annotation-api-1.3.4.jar:/home/user/.m2/repository/org/glassfish/hk2/external/aopalliance-repackaged/2.5.0/aopalliance-repackaged-2.5.0.jar:/home/user/.m2/repository/com/fasterxml/jackson/dataformat/jackson-dataformat-xml/2.9.0/jackson-dataformat-xml-2.9.0.jar:/home/user/.m2/repository/com/fasterxml/jackson/core/jackson-core/2.9.9/jackson-core-2.9.9.jar:/home/user/.m2/repository/com/fasterxml/jackson/module/jackson-module-jaxb-annotations/2.9.9/jackson-module-jaxb-annotations-2.9.9.jar:/home/user/.m2/repository/javax/enterprise/cdi-api/1.2/cdi-api-1.2.jar:/home/user/.m2/repository/javax/el/javax.el-api/3.0.0/javax.el-api-3.0.0.jar:/home/user/.m2/repository/javax/interceptor/javax.interceptor-api/1.2/javax.interceptor-api-1.2.jar:/home/user/.m2/repository/javax/inject/javax.inject/1/javax.inject-1.jar:/home/user/.m2/repository/com/sun/xml/bind/jaxb-impl/2.3.0.1/jaxb-impl-2.3.0.1.jar:/home/user/.m2/repository/com/sun/xml/bind/jaxb-core/2.3.0.1/jaxb-core-2.3.0.1.jar:/home/user/.m2/repository/javax/xml/bind/jaxb-api/2.3.0/jaxb-api-2.3.0.jar:/home/user/.m2/repository/javax/activation/activation/1.1.1/activation-1.1.1.jar:/home/user/.m2/repository/org/apache/hadoop/hadoop-ozone-csi/0.5.0-SNAPSHOT/hadoop-ozone-csi-0.5.0-SNAPSHOT.jar:/home/user/.m2/repository/com/google/protobuf/protobuf-java-util/3.5.1/protobuf-java-util-3.5.1.jar:/home/user/.m2/repository/org/apache/hadoop/hadoop-hdds-config/0.5.0-SNAPSHOT/hadoop-hdds-config-0.5.0-SNAPSHOT.jar:/home/user/.m2/repository/io/grpc/grpc-netty/1.17.1/grpc-netty-1.17.1.jar:/home/user/.m2/repository/io/grpc/grpc-core/1.17.1/grpc-core-1.17.1.jar:/home/user/.m2/repository/io/grpc/grpc-context/1.17.1/grpc-context-1.17.1.jar:/home/user/.m2/repository/com/google/errorprone/error_prone_annotations/2.2.0/error_prone_annotations-2.2.0.jar:/home/user/.m2/repository/org/codehaus/mojo/animal-sniffer-annotations/1.17/animal-sniffer-annotations-1.17.jar:/home/user/.m2/repository/io/opencensus/opencensus-api/0.17.0/opencensus-api-0.17.0.jar:/home/user/.m2/repository/io/opencensus/opencensus-contrib-grpc-metrics/0.17.0/opencensus-contrib-grpc-metrics-0.17.0.jar:/home/user/.m2/repository/io/netty/netty-codec-http2/4.1.30.Final/netty-codec-http2-4.1.30.Final.jar:/home/user/.m2/repository/io/netty/netty-codec-http/4.1.30.Final/netty-codec-http-4.1.30.Final.jar:/home/user/.m2/repository/io/netty/netty-codec/4.1.30.Final/netty-codec-4.1.30.Final.jar:/home/user/.m2/repository/io/netty/netty-handler/4.1.30.Final/netty-handler-4.1.30.Final.jar:/home/user/.m2/repository/io/netty/netty-handler-proxy/4.1.30.Final/netty-handler-proxy-4.1.30.Final.jar:/home/user/.m2/repository/io/netty/netty-codec-socks/4.1.30.Final/netty-codec-socks-4.1.30.Final.jar:/home/user/.m2/repository/io/netty/netty-transport-native-epoll/4.1.30.Final/netty-transport-native-epoll-4.1.30.Final.jar:/home/user/.m2/repository/io/netty/netty-common/4.1.30.Final/netty-common-4.1.30.Final.jar:/home/user/.m2/repository/io/netty/netty-buffer/4.1.30.Final/netty-buffer-4.1.30.Final.jar:/home/user/.m2/repository/io/netty/netty-transport/4.1.30.Final/netty-transport-4.1.30.Final.jar:/home/user/.m2/repository/io/netty/netty-resolver/4.1.30.Final/netty-resolver-4.1.30.Final.jar:/home/user/.m2/repository/io/netty/netty-transport-native-unix-common/4.1.30.Final/netty-transport-native-unix-common-4.1.30.Final.jar:/home/user/.m2/repository/io/grpc/grpc-protobuf/1.17.1/grpc-protobuf-1.17.1.jar:/home/user/.m2/repository/com/google/api/grpc/proto-google-common-protos/1.0.0/proto-google-common-protos-1.0.0.jar:/home/user/.m2/repository/io/grpc/grpc-protobuf-lite/1.17.1/grpc-protobuf-lite-1.17.1.jar:/home/user/.m2/repository/io/grpc/grpc-stub/1.17.1/grpc-stub-1.17.1.jar:/home/user/.m2/repository/org/apache/hadoop/hadoop-ozone-recon/0.5.0-SNAPSHOT/hadoop-ozone-recon-0.5.0-SNAPSHOT.jar:/home/user/.m2/repository/org/apache/hadoop/hadoop-ozone-reconcodegen/0.5.0-SNAPSHOT/hadoop-ozone-reconcodegen-0.5.0-SNAPSHOT.jar:/home/user/.m2/repository/com/google/inject/extensions/guice-multibindings/4.0/guice-multibindings-4.0.jar:/home/user/.m2/repository/com/google/inject/guice/4.0/guice-4.0.jar:/home/user/.m2/repository/aopalliance/aopalliance/1.0/aopalliance-1.0.jar:/home/user/.m2/repository/com/google/inject/extensions/guice-servlet/4.0/guice-servlet-4.0.jar:/home/user/.m2/repository/org/glassfish/jersey/containers/jersey-container-servlet/2.27/jersey-container-servlet-2.27.jar:/home/user/.m2/repository/org/glassfish/hk2/guice-bridge/2.5.0/guice-bridge-2.5.0.jar:/home/user/.m2/repository/org/glassfish/jersey/core/jersey-server/2.27/jersey-server-2.27.jar:/home/user/.m2/repository/org/glassfish/jersey/core/jersey-client/2.27/jersey-client-2.27.jar:/home/user/.m2/repository/org/glassfish/jersey/media/jersey-media-jaxb/2.27/jersey-media-jaxb-2.27.jar:/home/user/.m2/repository/javax/validation/validation-api/1.1.0.Final/validation-api-1.1.0.Final.jar:/home/user/.m2/repository/org/glassfish/jersey/media/jersey-media-json-jackson/2.27/jersey-media-json-jackson-2.27.jar:/home/user/.m2/repository/org/glassfish/jersey/ext/jersey-entity-filtering/2.27/jersey-entity-filtering-2.27.jar:/home/user/.m2/repository/com/google/inject/extensions/guice-assistedinject/4.0/guice-assistedinject-4.0.jar:/home/user/.m2/repository/org/jooq/jooq/3.11.10/jooq-3.11.10.jar:/home/user/.m2/repository/org/jooq/jooq-meta/3.11.10/jooq-meta-3.11.10.jar:/home/user/.m2/repository/org/jooq/jooq-codegen/3.11.10/jooq-codegen-3.11.10.jar:/home/user/.m2/repository/com/jolbox/bonecp/0.8.0.RELEASE/bonecp-0.8.0.RELEASE.jar:/home/user/.m2/repository/org/xerial/sqlite-jdbc/3.25.2/sqlite-jdbc-3.25.2.jar:/home/user/.m2/repository/org/springframework/spring-jdbc/5.1.3.RELEASE/spring-jdbc-5.1.3.RELEASE.jar:/home/user/.m2/repository/org/springframework/spring-beans/5.1.3.RELEASE/spring-beans-5.1.3.RELEASE.jar:/home/user/.m2/repository/org/springframework/spring-core/5.1.3.RELEASE/spring-core-5.1.3.RELEASE.jar:/home/user/.m2/repository/org/springframework/spring-jcl/5.1.3.RELEASE/spring-jcl-5.1.3.RELEASE.jar:/home/user/.m2/repository/org/springframework/spring-tx/5.1.3.RELEASE/spring-tx-5.1.3.RELEASE.jar:/home/user/.m2/repository/org/apache/hadoop/hadoop-ozone-client/0.5.0-SNAPSHOT/hadoop-ozone-client-0.5.0-SNAPSHOT.jar:/home/user/.m2/repository/commons-lang/commons-lang/2.6/commons-lang-2.6.jar:/home/user/.m2/repository/org/apache/hadoop/hadoop-ozone-ozone-manager/0.5.0-SNAPSHOT/hadoop-ozone-ozone-manager-0.5.0-SNAPSHOT-tests.jar:/home/user/.m2/repository/junit/junit/4.11/junit-4.11.jar:/home/user/.m2/repository/org/hamcrest/hamcrest-core/1.3/hamcrest-core-1.3.jar:/home/user/.m2/repository/org/openjdk/jmh/jmh-core/1.19/jmh-core-1.19.jar:/home/user/.m2/repository/net/sf/jopt-simple/jopt-simple/4.6/jopt-simple-4.6.jar:/home/user/.m2/repository/org/apache/commons/commons-math3/3.1.1/commons-math3-3.1.1.jar:/home/user/.m2/repository/org/openjdk/jmh/jmh-generator-annprocess/1.19/jmh-generator-annprocess-1.19.jar:/home/user/.m2/repository/org/mockito/mockito-all/1.8.5/mockito-all-1.8.5.jar:/home/user/.m2/repository/org/apache/hadoop/hadoop-kms/3.2.0/hadoop-kms-3.2.0.jar:/home/user/.m2/repository/org/apache/hadoop/hadoop-auth/3.2.0/hadoop-auth-3.2.0.jar:/home/user/.m2/repository/com/nimbusds/nimbus-jose-jwt/4.41.1/nimbus-jose-jwt-4.41.1.jar:/home/user/.m2/repository/com/github/stephenc/jcip/jcip-annotations/1.0-1/jcip-annotations-1.0-1.jar:/home/user/.m2/repository/net/minidev/json-smart/2.3/json-smart-2.3.jar:/home/user/.m2/repository/net/minidev/accessors-smart/1.2/accessors-smart-1.2.jar:/home/user/.m2/repository/org/ow2/asm/asm/5.0.4/asm-5.0.4.jar:/home/user/.m2/repository/org/apache/curator/curator-framework/2.12.0/curator-framework-2.12.0.jar:/home/user/.m2/repository/com/sun/jersey/jersey-core/1.19/jersey-core-1.19.jar:/home/user/.m2/repository/javax/ws/rs/jsr311-api/1.1.1/jsr311-api-1.1.1.jar:/home/user/.m2/repository/com/sun/jersey/jersey-server/1.19/jersey-server-1.19.jar:/home/user/.m2/repository/javax/servlet/javax.servlet-api/3.1.0/javax.servlet-api-3.1.0.jar:/home/user/.m2/repository/org/eclipse/jetty/jetty-server/9.3.25.v20180904/jetty-server-9.3.25.v20180904.jar:/home/user/.m2/repository/org/eclipse/jetty/jetty-http/9.3.25.v20180904/jetty-http-9.3.25.v20180904.jar:/home/user/.m2/repository/org/eclipse/jetty/jetty-io/9.3.25.v20180904/jetty-io-9.3.25.v20180904.jar:/home/user/.m2/repository/org/eclipse/jetty/jetty-webapp/9.3.25.v20180904/jetty-webapp-9.3.25.v20180904.jar:/home/user/.m2/repository/org/eclipse/jetty/jetty-xml/9.3.25.v20180904/jetty-xml-9.3.25.v20180904.jar:/home/user/.m2/repository/log4j/log4j/1.2.17/log4j-1.2.17.jar:/home/user/.m2/repository/org/slf4j/slf4j-api/1.7.25/slf4j-api-1.7.25.jar:/home/user/.m2/repository/org/slf4j/jul-to-slf4j/1.7.25/jul-to-slf4j-1.7.25.jar:/home/user/.m2/repository/org/eclipse/jetty/jetty-util/9.3.25.v20180904/jetty-util-9.3.25.v20180904.jar:/home/user/.m2/repository/com/fasterxml/jackson/core/jackson-databind/2.9.9/jackson-databind-2.9.9.jar:/home/user/.m2/repository/org/apache/hadoop/hadoop-kms/3.2.0/hadoop-kms-3.2.0-tests.jar:/home/user/.m2/repository/org/apache/hadoop/hadoop-hdds-server-scm/0.5.0-SNAPSHOT/hadoop-hdds-server-scm-0.5.0-SNAPSHOT-tests.jar:/home/user/.m2/repository/org/apache/hadoop/hadoop-hdds-container-service/0.5.0-SNAPSHOT/hadoop-hdds-container-service-0.5.0-SNAPSHOT-tests.jar:/home/user/.m2/repository/org/yaml/snakeyaml/1.16/snakeyaml-1.16.jar:/home/user/.m2/repository/org/apache/hadoop/hadoop-common/3.2.0/hadoop-common-3.2.0-tests.jar:/home/user/.m2/repository/org/apache/hadoop/hadoop-annotations/3.2.0/hadoop-annotations-3.2.0.jar:/usr/lib/jvm/java-1.8.0-openjdk-1.8.0.222.b10-1.el7_7.x86_64/jre/../lib/tools.jar:/home/user/.m2/repository/commons-cli/commons-cli/1.2/commons-cli-1.2.jar:/home/user/.m2/repository/org/apache/httpcomponents/httpclient/4.5.2/httpclient-4.5.2.jar:/home/user/.m2/repository/org/apache/httpcomponents/httpcore/4.4.4/httpcore-4.4.4.jar:/home/user/.m2/repository/commons-codec/commons-codec/1.11/commons-codec-1.11.jar:/home/user/.m2/repository/commons-net/commons-net/3.6/commons-net-3.6.jar:/home/user/.m2/repository/commons-collections/commons-collections/3.2.2/commons-collections-3.2.2.jar:/home/user/.m2/repository/org/eclipse/jetty/jetty-servlet/9.3.25.v20180904/jetty-servlet-9.3.25.v20180904.jar:/home/user/.m2/repository/org/eclipse/jetty/jetty-security/9.3.25.v20180904/jetty-security-9.3.25.v20180904.jar:/home/user/.m2/repository/javax/servlet/jsp/jsp-api/2.1/jsp-api-2.1.jar:/home/user/.m2/repository/com/sun/jersey/jersey-servlet/1.19/jersey-servlet-1.19.jar:/home/user/.m2/repository/com/sun/jersey/jersey-json/1.19/jersey-json-1.19.jar:/home/user/.m2/repository/org/codehaus/jettison/jettison/1.1/jettison-1.1.jar:/home/user/.m2/repository/org/codehaus/jackson/jackson-core-asl/1.9.13/jackson-core-asl-1.9.13.jar:/home/user/.m2/repository/org/codehaus/jackson/jackson-mapper-asl/1.9.13/jackson-mapper-asl-1.9.13.jar:/home/user/.m2/repository/org/codehaus/jackson/jackson-jaxrs/1.9.13/jackson-jaxrs-1.9.13.jar:/home/user/.m2/repository/org/codehaus/jackson/jackson-xc/1.9.13/jackson-xc-1.9.13.jar:/home/user/.m2/repository/commons-logging/commons-logging/1.1.3/commons-logging-1.1.3.jar:/home/user/.m2/repository/commons-beanutils/commons-beanutils/1.9.4/commons-beanutils-1.9.4.jar:/home/user/.m2/repository/org/apache/commons/commons-configuration2/2.1.1/commons-configuration2-2.1.1.jar:/home/user/.m2/repository/org/apache/commons/commons-lang3/3.7/commons-lang3-3.7.jar:/home/user/.m2/repository/org/apache/commons/commons-text/1.4/commons-text-1.4.jar:/home/user/.m2/repository/org/apache/avro/avro/1.7.7/avro-1.7.7.jar:/home/user/.m2/repository/com/thoughtworks/paranamer/paranamer/2.3/paranamer-2.3.jar:/home/user/.m2/repository/org/xerial/snappy/snappy-java/1.0.5/snappy-java-1.0.5.jar:/home/user/.m2/repository/com/google/re2j/re2j/1.1/re2j-1.1.jar:/home/user/.m2/repository/com/google/code/gson/gson/2.2.4/gson-2.2.4.jar:/home/user/.m2/repository/com/jcraft/jsch/0.1.54/jsch-0.1.54.jar:/home/user/.m2/repository/org/apache/curator/curator-client/2.12.0/curator-client-2.12.0.jar:/home/user/.m2/repository/org/apache/curator/curator-recipes/2.12.0/curator-recipes-2.12.0.jar:/home/user/.m2/repository/com/google/code/findbugs/jsr305/3.0.0/jsr305-3.0.0.jar:/home/user/.m2/repository/org/apache/htrace/htrace-core4/4.1.0-incubating/htrace-core4-4.1.0-incubating.jar:/home/user/.m2/repository/org/apache/zookeeper/zookeeper/3.4.13/zookeeper-3.4.13.jar:/home/user/.m2/repository/jline/jline/0.9.94/jline-0.9.94.jar:/home/user/.m2/repository/org/apache/yetus/audience-annotations/0.5.0/audience-annotations-0.5.0.jar:/home/user/.m2/repository/org/codehaus/woodstox/stax2-api/3.1.4/stax2-api-3.1.4.jar:/home/user/.m2/repository/com/fasterxml/woodstox/woodstox-core/5.0.3/woodstox-core-5.0.3.jar:/home/user/.m2/repository/dnsjava/dnsjava/2.1.7/dnsjava-2.1.7.jar:/home/user/.m2/repository/org/apache/hadoop/hadoop-hdfs/3.2.0/hadoop-hdfs-3.2.0-tests.jar:/home/user/.m2/repository/org/eclipse/jetty/jetty-util-ajax/9.3.25.v20180904/jetty-util-ajax-9.3.25.v20180904.jar:/home/user/.m2/repository/commons-daemon/commons-daemon/1.0.13/commons-daemon-1.0.13.jar:/home/user/.m2/repository/io/netty/netty/3.10.5.Final/netty-3.10.5.Final.jar:/home/user/.m2/repository/io/netty/netty-all/4.0.52.Final/netty-all-4.0.52.Final.jar:/home/user/.m2/repository/org/fusesource/leveldbjni/leveldbjni-all/1.8/leveldbjni-all-1.8.jar:"/>
    <property name="java.vm.vendor" value="Oracle Corporation"/>
    <property name="sun.arch.data.model" value="64"/>
    <property name="test.build.dir" value="/workdir/hadoop-ozone/integration-test/target/test-dir"/>
    <property name="test.cache.data" value=""/>
    <property name="java.vendor.url" value="http://java.oracle.com/"/>
    <property name="user.timezone" value=""/>
    <property name="java.vm.specification.version" value="1.8"/>
    <property name="os.name" value="Linux"/>
    <property name="test.build.data" value="/workdir/hadoop-ozone/integration-test/target/test-dir"/>
    <property name="user.country" value="US"/>
    <property name="sun.java.launcher" value="SUN_STANDARD"/>
    <property name="sun.boot.library.path" value="/usr/lib/jvm/java-1.8.0-openjdk-1.8.0.222.b10-1.el7_7.x86_64/jre/lib/amd64"/>
    <property name="sun.java.command" value="/workdir/hadoop-ozone/integration-test/target/surefire/surefirebooter224728019308714328.jar /workdir/hadoop-ozone/integration-test/target/surefire 2019-10-22T13-53-02_534-jvmRun1 surefire6536017803421066675tmp surefire_268058228035882242718tmp"/>
    <property name="surefire.test.class.path" value="/workdir/hadoop-ozone/integration-test/target/test-classes:/workdir/hadoop-ozone/integration-test/target/classes:/home/user/.m2/repository/org/apache/hadoop/hadoop-ozone-common/0.5.0-SNAPSHOT/hadoop-ozone-common-0.5.0-SNAPSHOT.jar:/home/user/.m2/repository/org/apache/commons/commons-compress/1.4.1/commons-compress-1.4.1.jar:/home/user/.m2/repository/org/tukaani/xz/1.0/xz-1.0.jar:/home/user/.m2/repository/org/apache/hadoop/hadoop-common/3.2.0/hadoop-common-3.2.0.jar:/home/user/.m2/repository/org/apache/hadoop/hadoop-hdfs/3.2.0/hadoop-hdfs-3.2.0.jar:/home/user/.m2/repository/org/apache/hadoop/hadoop-hdfs-client/3.2.0/hadoop-hdfs-client-3.2.0.jar:/home/user/.m2/repository/com/fasterxml/jackson/core/jackson-annotations/2.9.9/jackson-annotations-2.9.9.jar:/home/user/.m2/repository/org/apache/hadoop/hadoop-hdds-common/0.5.0-SNAPSHOT/hadoop-hdds-common-0.5.0-SNAPSHOT.jar:/home/user/.m2/repository/javax/annotation/javax.annotation-api/1.2/javax.annotation-api-1.2.jar:/home/user/.m2/repository/org/apache/ratis/ratis-server/0.5.0-ced7dbf-SNAPSHOT/ratis-server-0.5.0-ced7dbf-SNAPSHOT.jar:/home/user/.m2/repository/org/apache/ratis/ratis-thirdparty-misc/0.2.0/ratis-thirdparty-misc-0.2.0.jar:/home/user/.m2/repository/org/apache/ratis/ratis-proto/0.5.0-ced7dbf-SNAPSHOT/ratis-proto-0.5.0-ced7dbf-SNAPSHOT.jar:/home/user/.m2/repository/org/apache/ratis/ratis-common/0.5.0-ced7dbf-SNAPSHOT/ratis-common-0.5.0-ced7dbf-SNAPSHOT.jar:/home/user/.m2/repository/org/apache/ratis/ratis-client/0.5.0-ced7dbf-SNAPSHOT/ratis-client-0.5.0-ced7dbf-SNAPSHOT.jar:/home/user/.m2/repository/org/apache/ratis/ratis-metrics/0.5.0-ced7dbf-SNAPSHOT/ratis-metrics-0.5.0-ced7dbf-SNAPSHOT.jar:/home/user/.m2/repository/org/apache/ratis/ratis-netty/0.5.0-ced7dbf-SNAPSHOT/ratis-netty-0.5.0-ced7dbf-SNAPSHOT.jar:/home/user/.m2/repository/org/apache/ratis/ratis-grpc/0.5.0-ced7dbf-SNAPSHOT/ratis-grpc-0.5.0-ced7dbf-SNAPSHOT.jar:/home/user/.m2/repository/org/rocksdb/rocksdbjni/6.0.1/rocksdbjni-6.0.1.jar:/home/user/.m2/repository/org/apache/logging/log4j/log4j-api/2.11.0/log4j-api-2.11.0.jar:/home/user/.m2/repository/org/apache/logging/log4j/log4j-core/2.11.0/log4j-core-2.11.0.jar:/home/user/.m2/repository/com/lmax/disruptor/3.4.2/disruptor-3.4.2.jar:/home/user/.m2/repository/org/apache/commons/commons-pool2/2.6.0/commons-pool2-2.6.0.jar:/home/user/.m2/repository/org/bouncycastle/bcpkix-jdk15on/1.60/bcpkix-jdk15on-1.60.jar:/home/user/.m2/repository/commons-validator/commons-validator/1.6/commons-validator-1.6.jar:/home/user/.m2/repository/commons-digester/commons-digester/1.8.1/commons-digester-1.8.1.jar:/home/user/.m2/repository/io/jaegertracing/jaeger-client/0.34.0/jaeger-client-0.34.0.jar:/home/user/.m2/repository/io/jaegertracing/jaeger-thrift/0.34.0/jaeger-thrift-0.34.0.jar:/home/user/.m2/repository/org/apache/thrift/libthrift/0.12.0/libthrift-0.12.0.jar:/home/user/.m2/repository/com/squareup/okhttp3/okhttp/3.9.0/okhttp-3.9.0.jar:/home/user/.m2/repository/com/squareup/okio/okio/1.13.0/okio-1.13.0.jar:/home/user/.m2/repository/io/jaegertracing/jaeger-core/0.34.0/jaeger-core-0.34.0.jar:/home/user/.m2/repository/io/jaegertracing/jaeger-tracerresolver/0.34.0/jaeger-tracerresolver-0.34.0.jar:/home/user/.m2/repository/io/opentracing/contrib/opentracing-tracerresolver/0.1.5/opentracing-tracerresolver-0.1.5.jar:/home/user/.m2/repository/io/opentracing/opentracing-util/0.31.0/opentracing-util-0.31.0.jar:/home/user/.m2/repository/io/opentracing/opentracing-api/0.31.0/opentracing-api-0.31.0.jar:/home/user/.m2/repository/io/opentracing/opentracing-noop/0.31.0/opentracing-noop-0.31.0.jar:/home/user/.m2/repository/org/apache/hadoop/hadoop-hdds-server-framework/0.5.0-SNAPSHOT/hadoop-hdds-server-framework-0.5.0-SNAPSHOT.jar:/home/user/.m2/repository/org/apache/hadoop/hadoop-hdds-container-service/0.5.0-SNAPSHOT/hadoop-hdds-container-service-0.5.0-SNAPSHOT.jar:/home/user/.m2/repository/org/apache/hadoop/hadoop-hdds-client/0.5.0-SNAPSHOT/hadoop-hdds-client-0.5.0-SNAPSHOT.jar:/home/user/.m2/repository/org/apache/hadoop/hadoop-hdds-tools/0.5.0-SNAPSHOT/hadoop-hdds-tools-0.5.0-SNAPSHOT.jar:/home/user/.m2/repository/org/apache/hadoop/hadoop-hdds-server-scm/0.5.0-SNAPSHOT/hadoop-hdds-server-scm-0.5.0-SNAPSHOT.jar:/home/user/.m2/repository/org/apache/hadoop/hadoop-hdds-docs/0.5.0-SNAPSHOT/hadoop-hdds-docs-0.5.0-SNAPSHOT.jar:/home/user/.m2/repository/io/dropwizard/metrics/metrics-core/3.2.4/metrics-core-3.2.4.jar:/home/user/.m2/repository/org/hamcrest/hamcrest-all/1.3/hamcrest-all-1.3.jar:/home/user/.m2/repository/org/bouncycastle/bcprov-jdk15on/1.60/bcprov-jdk15on-1.60.jar:/home/user/.m2/repository/info/picocli/picocli/3.9.6/picocli-3.9.6.jar:/home/user/.m2/repository/com/google/protobuf/protobuf-java/2.5.0/protobuf-java-2.5.0.jar:/home/user/.m2/repository/com/google/guava/guava/11.0.2/guava-11.0.2.jar:/home/user/.m2/repository/org/apache/hadoop/hadoop-ozone-ozone-manager/0.5.0-SNAPSHOT/hadoop-ozone-ozone-manager-0.5.0-SNAPSHOT.jar:/home/user/.m2/repository/org/apache/hadoop/hadoop-minikdc/3.2.0/hadoop-minikdc-3.2.0.jar:/home/user/.m2/repository/commons-io/commons-io/2.5/commons-io-2.5.jar:/home/user/.m2/repository/org/apache/kerby/kerb-simplekdc/1.0.1/kerb-simplekdc-1.0.1.jar:/home/user/.m2/repository/org/apache/kerby/kerb-client/1.0.1/kerb-client-1.0.1.jar:/home/user/.m2/repository/org/apache/kerby/kerby-config/1.0.1/kerby-config-1.0.1.jar:/home/user/.m2/repository/org/apache/kerby/kerb-core/1.0.1/kerb-core-1.0.1.jar:/home/user/.m2/repository/org/apache/kerby/kerby-pkix/1.0.1/kerby-pkix-1.0.1.jar:/home/user/.m2/repository/org/apache/kerby/kerby-asn1/1.0.1/kerby-asn1-1.0.1.jar:/home/user/.m2/repository/org/apache/kerby/kerby-util/1.0.1/kerby-util-1.0.1.jar:/home/user/.m2/repository/org/apache/kerby/kerb-common/1.0.1/kerb-common-1.0.1.jar:/home/user/.m2/repository/org/apache/kerby/kerb-crypto/1.0.1/kerb-crypto-1.0.1.jar:/home/user/.m2/repository/org/apache/kerby/kerb-util/1.0.1/kerb-util-1.0.1.jar:/home/user/.m2/repository/org/apache/kerby/token-provider/1.0.1/token-provider-1.0.1.jar:/home/user/.m2/repository/org/apache/kerby/kerb-admin/1.0.1/kerb-admin-1.0.1.jar:/home/user/.m2/repository/org/apache/kerby/kerb-server/1.0.1/kerb-server-1.0.1.jar:/home/user/.m2/repository/org/apache/kerby/kerb-identity/1.0.1/kerb-identity-1.0.1.jar:/home/user/.m2/repository/org/apache/kerby/kerby-xdr/1.0.1/kerby-xdr-1.0.1.jar:/home/user/.m2/repository/org/slf4j/slf4j-log4j12/1.7.25/slf4j-log4j12-1.7.25.jar:/home/user/.m2/repository/org/apache/hadoop/hadoop-ozone-s3gateway/0.5.0-SNAPSHOT/hadoop-ozone-s3gateway-0.5.0-SNAPSHOT.jar:/home/user/.m2/repository/org/jboss/weld/servlet/weld-servlet/2.4.7.Final/weld-servlet-2.4.7.Final.jar:/home/user/.m2/repository/org/glassfish/jersey/containers/jersey-container-servlet-core/2.27/jersey-container-servlet-core-2.27.jar:/home/user/.m2/repository/org/glassfish/hk2/external/javax.inject/2.5.0-b42/javax.inject-2.5.0-b42.jar:/home/user/.m2/repository/org/glassfish/jersey/core/jersey-common/2.27/jersey-common-2.27.jar:/home/user/.m2/repository/org/glassfish/hk2/osgi-resource-locator/1.0.1/osgi-resource-locator-1.0.1.jar:/home/user/.m2/repository/javax/ws/rs/javax.ws.rs-api/2.1/javax.ws.rs-api-2.1.jar:/home/user/.m2/repository/org/glassfish/jersey/ext/cdi/jersey-cdi1x/2.27/jersey-cdi1x-2.27.jar:/home/user/.m2/repository/org/glassfish/jersey/inject/jersey-hk2/2.27/jersey-hk2-2.27.jar:/home/user/.m2/repository/org/glassfish/hk2/hk2-locator/2.5.0-b42/hk2-locator-2.5.0-b42.jar:/home/user/.m2/repository/org/javassist/javassist/3.22.0-CR2/javassist-3.22.0-CR2.jar:/home/user/.m2/repository/org/glassfish/hk2/hk2-api/2.5.0/hk2-api-2.5.0.jar:/home/user/.m2/repository/org/glassfish/hk2/external/jakarta.inject/2.5.0/jakarta.inject-2.5.0.jar:/home/user/.m2/repository/org/glassfish/hk2/hk2-utils/2.5.0/hk2-utils-2.5.0.jar:/home/user/.m2/repository/jakarta/annotation/jakarta.annotation-api/1.3.4/jakarta.annotation-api-1.3.4.jar:/home/user/.m2/repository/org/glassfish/hk2/external/aopalliance-repackaged/2.5.0/aopalliance-repackaged-2.5.0.jar:/home/user/.m2/repository/com/fasterxml/jackson/dataformat/jackson-dataformat-xml/2.9.0/jackson-dataformat-xml-2.9.0.jar:/home/user/.m2/repository/com/fasterxml/jackson/core/jackson-core/2.9.9/jackson-core-2.9.9.jar:/home/user/.m2/repository/com/fasterxml/jackson/module/jackson-module-jaxb-annotations/2.9.9/jackson-module-jaxb-annotations-2.9.9.jar:/home/user/.m2/repository/javax/enterprise/cdi-api/1.2/cdi-api-1.2.jar:/home/user/.m2/repository/javax/el/javax.el-api/3.0.0/javax.el-api-3.0.0.jar:/home/user/.m2/repository/javax/interceptor/javax.interceptor-api/1.2/javax.interceptor-api-1.2.jar:/home/user/.m2/repository/javax/inject/javax.inject/1/javax.inject-1.jar:/home/user/.m2/repository/com/sun/xml/bind/jaxb-impl/2.3.0.1/jaxb-impl-2.3.0.1.jar:/home/user/.m2/repository/com/sun/xml/bind/jaxb-core/2.3.0.1/jaxb-core-2.3.0.1.jar:/home/user/.m2/repository/javax/xml/bind/jaxb-api/2.3.0/jaxb-api-2.3.0.jar:/home/user/.m2/repository/javax/activation/activation/1.1.1/activation-1.1.1.jar:/home/user/.m2/repository/org/apache/hadoop/hadoop-ozone-csi/0.5.0-SNAPSHOT/hadoop-ozone-csi-0.5.0-SNAPSHOT.jar:/home/user/.m2/repository/com/google/protobuf/protobuf-java-util/3.5.1/protobuf-java-util-3.5.1.jar:/home/user/.m2/repository/org/apache/hadoop/hadoop-hdds-config/0.5.0-SNAPSHOT/hadoop-hdds-config-0.5.0-SNAPSHOT.jar:/home/user/.m2/repository/io/grpc/grpc-netty/1.17.1/grpc-netty-1.17.1.jar:/home/user/.m2/repository/io/grpc/grpc-core/1.17.1/grpc-core-1.17.1.jar:/home/user/.m2/repository/io/grpc/grpc-context/1.17.1/grpc-context-1.17.1.jar:/home/user/.m2/repository/com/google/errorprone/error_prone_annotations/2.2.0/error_prone_annotations-2.2.0.jar:/home/user/.m2/repository/org/codehaus/mojo/animal-sniffer-annotations/1.17/animal-sniffer-annotations-1.17.jar:/home/user/.m2/repository/io/opencensus/opencensus-api/0.17.0/opencensus-api-0.17.0.jar:/home/user/.m2/repository/io/opencensus/opencensus-contrib-grpc-metrics/0.17.0/opencensus-contrib-grpc-metrics-0.17.0.jar:/home/user/.m2/repository/io/netty/netty-codec-http2/4.1.30.Final/netty-codec-http2-4.1.30.Final.jar:/home/user/.m2/repository/io/netty/netty-codec-http/4.1.30.Final/netty-codec-http-4.1.30.Final.jar:/home/user/.m2/repository/io/netty/netty-codec/4.1.30.Final/netty-codec-4.1.30.Final.jar:/home/user/.m2/repository/io/netty/netty-handler/4.1.30.Final/netty-handler-4.1.30.Final.jar:/home/user/.m2/repository/io/netty/netty-handler-proxy/4.1.30.Final/netty-handler-proxy-4.1.30.Final.jar:/home/user/.m2/repository/io/netty/netty-codec-socks/4.1.30.Final/netty-codec-socks-4.1.30.Final.jar:/home/user/.m2/repository/io/netty/netty-transport-native-epoll/4.1.30.Final/netty-transport-native-epoll-4.1.30.Final.jar:/home/user/.m2/repository/io/netty/netty-common/4.1.30.Final/netty-common-4.1.30.Final.jar:/home/user/.m2/repository/io/netty/netty-buffer/4.1.30.Final/netty-buffer-4.1.30.Final.jar:/home/user/.m2/repository/io/netty/netty-transport/4.1.30.Final/netty-transport-4.1.30.Final.jar:/home/user/.m2/repository/io/netty/netty-resolver/4.1.30.Final/netty-resolver-4.1.30.Final.jar:/home/user/.m2/repository/io/netty/netty-transport-native-unix-common/4.1.30.Final/netty-transport-native-unix-common-4.1.30.Final.jar:/home/user/.m2/repository/io/grpc/grpc-protobuf/1.17.1/grpc-protobuf-1.17.1.jar:/home/user/.m2/repository/com/google/api/grpc/proto-google-common-protos/1.0.0/proto-google-common-protos-1.0.0.jar:/home/user/.m2/repository/io/grpc/grpc-protobuf-lite/1.17.1/grpc-protobuf-lite-1.17.1.jar:/home/user/.m2/repository/io/grpc/grpc-stub/1.17.1/grpc-stub-1.17.1.jar:/home/user/.m2/repository/org/apache/hadoop/hadoop-ozone-recon/0.5.0-SNAPSHOT/hadoop-ozone-recon-0.5.0-SNAPSHOT.jar:/home/user/.m2/repository/org/apache/hadoop/hadoop-ozone-reconcodegen/0.5.0-SNAPSHOT/hadoop-ozone-reconcodegen-0.5.0-SNAPSHOT.jar:/home/user/.m2/repository/com/google/inject/extensions/guice-multibindings/4.0/guice-multibindings-4.0.jar:/home/user/.m2/repository/com/google/inject/guice/4.0/guice-4.0.jar:/home/user/.m2/repository/aopalliance/aopalliance/1.0/aopalliance-1.0.jar:/home/user/.m2/repository/com/google/inject/extensions/guice-servlet/4.0/guice-servlet-4.0.jar:/home/user/.m2/repository/org/glassfish/jersey/containers/jersey-container-servlet/2.27/jersey-container-servlet-2.27.jar:/home/user/.m2/repository/org/glassfish/hk2/guice-bridge/2.5.0/guice-bridge-2.5.0.jar:/home/user/.m2/repository/org/glassfish/jersey/core/jersey-server/2.27/jersey-server-2.27.jar:/home/user/.m2/repository/org/glassfish/jersey/core/jersey-client/2.27/jersey-client-2.27.jar:/home/user/.m2/repository/org/glassfish/jersey/media/jersey-media-jaxb/2.27/jersey-media-jaxb-2.27.jar:/home/user/.m2/repository/javax/validation/validation-api/1.1.0.Final/validation-api-1.1.0.Final.jar:/home/user/.m2/repository/org/glassfish/jersey/media/jersey-media-json-jackson/2.27/jersey-media-json-jackson-2.27.jar:/home/user/.m2/repository/org/glassfish/jersey/ext/jersey-entity-filtering/2.27/jersey-entity-filtering-2.27.jar:/home/user/.m2/repository/com/google/inject/extensions/guice-assistedinject/4.0/guice-assistedinject-4.0.jar:/home/user/.m2/repository/org/jooq/jooq/3.11.10/jooq-3.11.10.jar:/home/user/.m2/repository/org/jooq/jooq-meta/3.11.10/jooq-meta-3.11.10.jar:/home/user/.m2/repository/org/jooq/jooq-codegen/3.11.10/jooq-codegen-3.11.10.jar:/home/user/.m2/repository/com/jolbox/bonecp/0.8.0.RELEASE/bonecp-0.8.0.RELEASE.jar:/home/user/.m2/repository/org/xerial/sqlite-jdbc/3.25.2/sqlite-jdbc-3.25.2.jar:/home/user/.m2/repository/org/springframework/spring-jdbc/5.1.3.RELEASE/spring-jdbc-5.1.3.RELEASE.jar:/home/user/.m2/repository/org/springframework/spring-beans/5.1.3.RELEASE/spring-beans-5.1.3.RELEASE.jar:/home/user/.m2/repository/org/springframework/spring-core/5.1.3.RELEASE/spring-core-5.1.3.RELEASE.jar:/home/user/.m2/repository/org/springframework/spring-jcl/5.1.3.RELEASE/spring-jcl-5.1.3.RELEASE.jar:/home/user/.m2/repository/org/springframework/spring-tx/5.1.3.RELEASE/spring-tx-5.1.3.RELEASE.jar:/home/user/.m2/repository/org/apache/hadoop/hadoop-ozone-client/0.5.0-SNAPSHOT/hadoop-ozone-client-0.5.0-SNAPSHOT.jar:/home/user/.m2/repository/commons-lang/commons-lang/2.6/commons-lang-2.6.jar:/home/user/.m2/repository/org/apache/hadoop/hadoop-ozone-ozone-manager/0.5.0-SNAPSHOT/hadoop-ozone-ozone-manager-0.5.0-SNAPSHOT-tests.jar:/home/user/.m2/repository/junit/junit/4.11/junit-4.11.jar:/home/user/.m2/repository/org/hamcrest/hamcrest-core/1.3/hamcrest-core-1.3.jar:/home/user/.m2/repository/org/openjdk/jmh/jmh-core/1.19/jmh-core-1.19.jar:/home/user/.m2/repository/net/sf/jopt-simple/jopt-simple/4.6/jopt-simple-4.6.jar:/home/user/.m2/repository/org/apache/commons/commons-math3/3.1.1/commons-math3-3.1.1.jar:/home/user/.m2/repository/org/openjdk/jmh/jmh-generator-annprocess/1.19/jmh-generator-annprocess-1.19.jar:/home/user/.m2/repository/org/mockito/mockito-all/1.8.5/mockito-all-1.8.5.jar:/home/user/.m2/repository/org/apache/hadoop/hadoop-kms/3.2.0/hadoop-kms-3.2.0.jar:/home/user/.m2/repository/org/apache/hadoop/hadoop-auth/3.2.0/hadoop-auth-3.2.0.jar:/home/user/.m2/repository/com/nimbusds/nimbus-jose-jwt/4.41.1/nimbus-jose-jwt-4.41.1.jar:/home/user/.m2/repository/com/github/stephenc/jcip/jcip-annotations/1.0-1/jcip-annotations-1.0-1.jar:/home/user/.m2/repository/net/minidev/json-smart/2.3/json-smart-2.3.jar:/home/user/.m2/repository/net/minidev/accessors-smart/1.2/accessors-smart-1.2.jar:/home/user/.m2/repository/org/ow2/asm/asm/5.0.4/asm-5.0.4.jar:/home/user/.m2/repository/org/apache/curator/curator-framework/2.12.0/curator-framework-2.12.0.jar:/home/user/.m2/repository/com/sun/jersey/jersey-core/1.19/jersey-core-1.19.jar:/home/user/.m2/repository/javax/ws/rs/jsr311-api/1.1.1/jsr311-api-1.1.1.jar:/home/user/.m2/repository/com/sun/jersey/jersey-server/1.19/jersey-server-1.19.jar:/home/user/.m2/repository/javax/servlet/javax.servlet-api/3.1.0/javax.servlet-api-3.1.0.jar:/home/user/.m2/repository/org/eclipse/jetty/jetty-server/9.3.25.v20180904/jetty-server-9.3.25.v20180904.jar:/home/user/.m2/repository/org/eclipse/jetty/jetty-http/9.3.25.v20180904/jetty-http-9.3.25.v20180904.jar:/home/user/.m2/repository/org/eclipse/jetty/jetty-io/9.3.25.v20180904/jetty-io-9.3.25.v20180904.jar:/home/user/.m2/repository/org/eclipse/jetty/jetty-webapp/9.3.25.v20180904/jetty-webapp-9.3.25.v20180904.jar:/home/user/.m2/repository/org/eclipse/jetty/jetty-xml/9.3.25.v20180904/jetty-xml-9.3.25.v20180904.jar:/home/user/.m2/repository/log4j/log4j/1.2.17/log4j-1.2.17.jar:/home/user/.m2/repository/org/slf4j/slf4j-api/1.7.25/slf4j-api-1.7.25.jar:/home/user/.m2/repository/org/slf4j/jul-to-slf4j/1.7.25/jul-to-slf4j-1.7.25.jar:/home/user/.m2/repository/org/eclipse/jetty/jetty-util/9.3.25.v20180904/jetty-util-9.3.25.v20180904.jar:/home/user/.m2/repository/com/fasterxml/jackson/core/jackson-databind/2.9.9/jackson-databind-2.9.9.jar:/home/user/.m2/repository/org/apache/hadoop/hadoop-kms/3.2.0/hadoop-kms-3.2.0-tests.jar:/home/user/.m2/repository/org/apache/hadoop/hadoop-hdds-server-scm/0.5.0-SNAPSHOT/hadoop-hdds-server-scm-0.5.0-SNAPSHOT-tests.jar:/home/user/.m2/repository/org/apache/hadoop/hadoop-hdds-container-service/0.5.0-SNAPSHOT/hadoop-hdds-container-service-0.5.0-SNAPSHOT-tests.jar:/home/user/.m2/repository/org/yaml/snakeyaml/1.16/snakeyaml-1.16.jar:/home/user/.m2/repository/org/apache/hadoop/hadoop-common/3.2.0/hadoop-common-3.2.0-tests.jar:/home/user/.m2/repository/org/apache/hadoop/hadoop-annotations/3.2.0/hadoop-annotations-3.2.0.jar:/usr/lib/jvm/java-1.8.0-openjdk-1.8.0.222.b10-1.el7_7.x86_64/jre/../lib/tools.jar:/home/user/.m2/repository/commons-cli/commons-cli/1.2/commons-cli-1.2.jar:/home/user/.m2/repository/org/apache/httpcomponents/httpclient/4.5.2/httpclient-4.5.2.jar:/home/user/.m2/repository/org/apache/httpcomponents/httpcore/4.4.4/httpcore-4.4.4.jar:/home/user/.m2/repository/commons-codec/commons-codec/1.11/commons-codec-1.11.jar:/home/user/.m2/repository/commons-net/commons-net/3.6/commons-net-3.6.jar:/home/user/.m2/repository/commons-collections/commons-collections/3.2.2/commons-collections-3.2.2.jar:/home/user/.m2/repository/org/eclipse/jetty/jetty-servlet/9.3.25.v20180904/jetty-servlet-9.3.25.v20180904.jar:/home/user/.m2/repository/org/eclipse/jetty/jetty-security/9.3.25.v20180904/jetty-security-9.3.25.v20180904.jar:/home/user/.m2/repository/javax/servlet/jsp/jsp-api/2.1/jsp-api-2.1.jar:/home/user/.m2/repository/com/sun/jersey/jersey-servlet/1.19/jersey-servlet-1.19.jar:/home/user/.m2/repository/com/sun/jersey/jersey-json/1.19/jersey-json-1.19.jar:/home/user/.m2/repository/org/codehaus/jettison/jettison/1.1/jettison-1.1.jar:/home/user/.m2/repository/org/codehaus/jackson/jackson-core-asl/1.9.13/jackson-core-asl-1.9.13.jar:/home/user/.m2/repository/org/codehaus/jackson/jackson-mapper-asl/1.9.13/jackson-mapper-asl-1.9.13.jar:/home/user/.m2/repository/org/codehaus/jackson/jackson-jaxrs/1.9.13/jackson-jaxrs-1.9.13.jar:/home/user/.m2/repository/org/codehaus/jackson/jackson-xc/1.9.13/jackson-xc-1.9.13.jar:/home/user/.m2/repository/commons-logging/commons-logging/1.1.3/commons-logging-1.1.3.jar:/home/user/.m2/repository/commons-beanutils/commons-beanutils/1.9.4/commons-beanutils-1.9.4.jar:/home/user/.m2/repository/org/apache/commons/commons-configuration2/2.1.1/commons-configuration2-2.1.1.jar:/home/user/.m2/repository/org/apache/commons/commons-lang3/3.7/commons-lang3-3.7.jar:/home/user/.m2/repository/org/apache/commons/commons-text/1.4/commons-text-1.4.jar:/home/user/.m2/repository/org/apache/avro/avro/1.7.7/avro-1.7.7.jar:/home/user/.m2/repository/com/thoughtworks/paranamer/paranamer/2.3/paranamer-2.3.jar:/home/user/.m2/repository/org/xerial/snappy/snappy-java/1.0.5/snappy-java-1.0.5.jar:/home/user/.m2/repository/com/google/re2j/re2j/1.1/re2j-1.1.jar:/home/user/.m2/repository/com/google/code/gson/gson/2.2.4/gson-2.2.4.jar:/home/user/.m2/repository/com/jcraft/jsch/0.1.54/jsch-0.1.54.jar:/home/user/.m2/repository/org/apache/curator/curator-client/2.12.0/curator-client-2.12.0.jar:/home/user/.m2/repository/org/apache/curator/curator-recipes/2.12.0/curator-recipes-2.12.0.jar:/home/user/.m2/repository/com/google/code/findbugs/jsr305/3.0.0/jsr305-3.0.0.jar:/home/user/.m2/repository/org/apache/htrace/htrace-core4/4.1.0-incubating/htrace-core4-4.1.0-incubating.jar:/home/user/.m2/repository/org/apache/zookeeper/zookeeper/3.4.13/zookeeper-3.4.13.jar:/home/user/.m2/repository/jline/jline/0.9.94/jline-0.9.94.jar:/home/user/.m2/repository/org/apache/yetus/audience-annotations/0.5.0/audience-annotations-0.5.0.jar:/home/user/.m2/repository/org/codehaus/woodstox/stax2-api/3.1.4/stax2-api-3.1.4.jar:/home/user/.m2/repository/com/fasterxml/woodstox/woodstox-core/5.0.3/woodstox-core-5.0.3.jar:/home/user/.m2/repository/dnsjava/dnsjava/2.1.7/dnsjava-2.1.7.jar:/home/user/.m2/repository/org/apache/hadoop/hadoop-hdfs/3.2.0/hadoop-hdfs-3.2.0-tests.jar:/home/user/.m2/repository/org/eclipse/jetty/jetty-util-ajax/9.3.25.v20180904/jetty-util-ajax-9.3.25.v20180904.jar:/home/user/.m2/repository/commons-daemon/commons-daemon/1.0.13/commons-daemon-1.0.13.jar:/home/user/.m2/repository/io/netty/netty/3.10.5.Final/netty-3.10.5.Final.jar:/home/user/.m2/repository/io/netty/netty-all/4.0.52.Final/netty-all-4.0.52.Final.jar:/home/user/.m2/repository/org/fusesource/leveldbjni/leveldbjni-all/1.8/leveldbjni-all-1.8.jar:"/>
    <property name="sun.cpu.endian" value="little"/>
    <property name="user.home" value="/home/user"/>
    <property name="user.language" value="en"/>
    <property name="java.specification.vendor" value="Oracle Corporation"/>
    <property name="java.home" value="/usr/lib/jvm/java-1.8.0-openjdk-1.8.0.222.b10-1.el7_7.x86_64/jre"/>
    <property name="surefire.excludesFile" value="/tools/ozone-bad-unit-tests"/>
    <property name="java.security.krb5.conf" value="/workdir/hadoop-ozone/integration-test/target/test-classes/krb5.conf"/>
    <property name="basedir" value="/workdir/hadoop-ozone/integration-test"/>
    <property name="file.separator" value="/"/>
    <property name="line.separator" value="&#10;"/>
    <property name="java.vm.specification.vendor" value="Oracle Corporation"/>
    <property name="java.specification.name" value="Java Platform API Specification"/>
    <property name="java.awt.graphicsenv" value="sun.awt.X11GraphicsEnvironment"/>
    <property name="surefire.real.class.path" value="/workdir/hadoop-ozone/integration-test/target/surefire/surefirebooter224728019308714328.jar"/>
    <property name="hadoop.log.dir" value="/workdir/hadoop-ozone/integration-test/target/log"/>
    <property name="sun.boot.class.path" value="/usr/lib/jvm/java-1.8.0-openjdk-1.8.0.222.b10-1.el7_7.x86_64/jre/lib/resources.jar:/usr/lib/jvm/java-1.8.0-openjdk-1.8.0.222.b10-1.el7_7.x86_64/jre/lib/rt.jar:/usr/lib/jvm/java-1.8.0-openjdk-1.8.0.222.b10-1.el7_7.x86_64/jre/lib/sunrsasign.jar:/usr/lib/jvm/java-1.8.0-openjdk-1.8.0.222.b10-1.el7_7.x86_64/jre/lib/jsse.jar:/usr/lib/jvm/java-1.8.0-openjdk-1.8.0.222.b10-1.el7_7.x86_64/jre/lib/jce.jar:/usr/lib/jvm/java-1.8.0-openjdk-1.8.0.222.b10-1.el7_7.x86_64/jre/lib/charsets.jar:/usr/lib/jvm/java-1.8.0-openjdk-1.8.0.222.b10-1.el7_7.x86_64/jre/lib/jfr.jar:/usr/lib/jvm/java-1.8.0-openjdk-1.8.0.222.b10-1.el7_7.x86_64/jre/classes"/>
    <property name="sun.management.compiler" value="HotSpot 64-Bit Tiered Compilers"/>
    <property name="java.runtime.version" value="1.8.0_222-b10"/>
    <property name="java.net.preferIPv4Stack" value="true"/>
    <property name="user.name" value="jenkins1000"/>
    <property name="path.separator" value=":"/>
    <property name="java.security.egd" value="file:///dev/urandom"/>
    <property name="os.version" value="3.10.0-957.12.2.el7.x86_64"/>
    <property name="java.endorsed.dirs" value="/usr/lib/jvm/java-1.8.0-openjdk-1.8.0.222.b10-1.el7_7.x86_64/jre/lib/endorsed"/>
    <property name="java.runtime.name" value="OpenJDK Runtime Environment"/>
    <property name="file.encoding" value="ANSI_X3.4-1968"/>
    <property name="java.vm.name" value="OpenJDK 64-Bit Server VM"/>
    <property name="test.build.webapps" value=""/>
    <property name="localRepository" value="/home/user/.m2/repository"/>
    <property name="java.vendor.url.bug" value="http://bugreport.sun.com/bugreport/"/>
    <property name="java.io.tmpdir" value="/tmp"/>
    <property name="require.test.libhadoop" value=""/>
    <property name="java.version" value="1.8.0_222"/>
    <property name="user.dir" value="/workdir/hadoop-ozone/integration-test"/>
    <property name="os.arch" value="amd64"/>
    <property name="java.vm.specification.name" value="Java Virtual Machine Specification"/>
    <property name="test.build.classes" value="/workdir/hadoop-ozone/integration-test/target/test-classes"/>
    <property name="java.awt.printerjob" value="sun.print.PSPrinterJob"/>
    <property name="sun.os.patch.level" value="unknown"/>
    <property name="hadoop.tmp.dir" value="/workdir/hadoop-ozone/integration-test/target/tmp"/>
    <property name="java.library.path" value="/usr/lib:/workdir/hadoop-ozone/integration-test/target/native/target/usr/local/lib:/workdir/hadoop-ozone/integration-test/../../hadoop-common-project/hadoop-common/target/native/target/usr/local/lib:/usr/java/packages/lib/amd64:/usr/lib64:/lib64:/lib:/usr/lib"/>
    <property name="java.vm.info" value="mixed mode"/>
    <property name="java.vendor" value="Oracle Corporation"/>
    <property name="java.vm.version" value="25.222-b10"/>
    <property name="java.ext.dirs" value="/usr/lib/jvm/java-1.8.0-openjdk-1.8.0.222.b10-1.el7_7.x86_64/jre/lib/ext:/usr/java/packages/lib/ext"/>
    <property name="sun.io.unicode.encoding" value="UnicodeLittle"/>
    <property name="java.class.version" value="52.0"/>
  </properties>
  <testcase name="testDeleteKeyWithSlowFollower" classname="org.apache.hadoop.ozone.client.rpc.TestDeleteWithSlowFollower" time="121.862">
    <failure type="java.lang.AssertionError">java.lang.AssertionError
	at org.junit.Assert.fail(Assert.java:86)
	at org.junit.Assert.assertTrue(Assert.java:41)
	at org.junit.Assert.assertTrue(Assert.java:52)
	at org.apache.hadoop.ozone.client.rpc.TestDeleteWithSlowFollower.testDeleteKeyWithSlowFollower(TestDeleteWithSlowFollower.java:265)
	at sun.reflect.NativeMethodAccessorImpl.invoke0(Native Method)
	at sun.reflect.NativeMethodAccessorImpl.invoke(NativeMethodAccessorImpl.java:62)
	at sun.reflect.DelegatingMethodAccessorImpl.invoke(DelegatingMethodAccessorImpl.java:43)
	at java.lang.reflect.Method.invoke(Method.java:498)
	at org.junit.runners.model.FrameworkMethod$1.runReflectiveCall(FrameworkMethod.java:47)
	at org.junit.internal.runners.model.ReflectiveCallable.run(ReflectiveCallable.java:12)
	at org.junit.runners.model.FrameworkMethod.invokeExplosively(FrameworkMethod.java:44)
	at org.junit.internal.runners.statements.InvokeMethod.evaluate(InvokeMethod.java:17)
	at org.junit.runners.ParentRunner.runLeaf(ParentRunner.java:271)
	at org.junit.runners.BlockJUnit4ClassRunner.runChild(BlockJUnit4ClassRunner.java:70)
	at org.junit.runners.BlockJUnit4ClassRunner.runChild(BlockJUnit4ClassRunner.java:50)
	at org.junit.runners.ParentRunner$3.run(ParentRunner.java:238)
	at org.junit.runners.ParentRunner$1.schedule(ParentRunner.java:63)
	at org.junit.runners.ParentRunner.runChildren(ParentRunner.java:236)
	at org.junit.runners.ParentRunner.access$000(ParentRunner.java:53)
	at org.junit.runners.ParentRunner$2.evaluate(ParentRunner.java:229)
	at org.junit.internal.runners.statements.RunBefores.evaluate(RunBefores.java:26)
	at org.junit.internal.runners.statements.RunAfters.evaluate(RunAfters.java:27)
	at org.junit.runners.ParentRunner.run(ParentRunner.java:309)
	at org.apache.maven.surefire.junit4.JUnit4Provider.execute(JUnit4Provider.java:365)
	at org.apache.maven.surefire.junit4.JUnit4Provider.executeWithRerun(JUnit4Provider.java:273)
	at org.apache.maven.surefire.junit4.JUnit4Provider.executeTestSet(JUnit4Provider.java:238)
	at org.apache.maven.surefire.junit4.JUnit4Provider.invoke(JUnit4Provider.java:159)
	at org.apache.maven.surefire.booter.ForkedBooter.invokeProviderInSameClassLoader(ForkedBooter.java:384)
	at org.apache.maven.surefire.booter.ForkedBooter.runSuitesInProcess(ForkedBooter.java:345)
	at org.apache.maven.surefire.booter.ForkedBooter.execute(ForkedBooter.java:126)
	at org.apache.maven.surefire.booter.ForkedBooter.main(ForkedBooter.java:418)
</failure>
    <system-out><![CDATA[2019-10-22 14:25:10,295 [main] WARN  server.ServerUtils (ServerUtils.java:getScmDbDir(145)) - ozone.scm.db.dirs is not configured. We recommend adding this setting. Falling back to ozone.metadata.dirs instead.
2019-10-22 14:25:10,395 [main] WARN  server.ServerUtils (ServerUtils.java:getScmDbDir(145)) - ozone.scm.db.dirs is not configured. We recommend adding this setting. Falling back to ozone.metadata.dirs instead.
2019-10-22 14:25:10,398 [main] WARN  server.ServerUtils (ServerUtils.java:getScmDbDir(145)) - ozone.scm.db.dirs is not configured. We recommend adding this setting. Falling back to ozone.metadata.dirs instead.
2019-10-22 14:25:10,418 [main] INFO  util.log (Log.java:initialized(192)) - Logging initialized @840ms
2019-10-22 14:25:10,495 [main] INFO  db.DBStoreBuilder (DBStoreBuilder.java:addTable(127)) - using custom profile for table: deletedBlocks
2019-10-22 14:25:10,495 [main] INFO  db.DBStoreBuilder (DBStoreBuilder.java:processTables(183)) - Using default column profile:DBProfile.DISK for Table:deletedBlocks
2019-10-22 14:25:10,495 [main] INFO  db.DBStoreBuilder (DBStoreBuilder.java:addTable(127)) - using custom profile for table: validCerts
2019-10-22 14:25:10,496 [main] INFO  db.DBStoreBuilder (DBStoreBuilder.java:processTables(183)) - Using default column profile:DBProfile.DISK for Table:validCerts
2019-10-22 14:25:10,496 [main] INFO  db.DBStoreBuilder (DBStoreBuilder.java:addTable(127)) - using custom profile for table: revokedCerts
2019-10-22 14:25:10,496 [main] INFO  db.DBStoreBuilder (DBStoreBuilder.java:processTables(183)) - Using default column profile:DBProfile.DISK for Table:revokedCerts
2019-10-22 14:25:10,506 [main] INFO  db.DBStoreBuilder (DBStoreBuilder.java:addTable(127)) - using custom profile for table: default
2019-10-22 14:25:10,506 [main] INFO  db.DBStoreBuilder (DBStoreBuilder.java:processTables(189)) - Using default column profile:DBProfile.DISK for Table:default
2019-10-22 14:25:10,507 [main] INFO  db.DBStoreBuilder (DBStoreBuilder.java:getDbProfile(220)) - Using default options. DBProfile.DISK
2019-10-22 14:25:10,835 [main] INFO  net.NodeSchemaLoader (NodeSchemaLoader.java:loadSchemaFromFile(125)) - Loading file from sun.misc.CompoundEnumeration@78691363
2019-10-22 14:25:10,837 [main] INFO  net.NodeSchemaLoader (NodeSchemaLoader.java:loadSchema(171)) - Loading network topology layer schema file
2019-10-22 14:25:10,903 [main] WARN  server.ServerUtils (ServerUtils.java:sanitizeUserArgs(70)) - ozone.scm.stale.node.interval value = 1000000 is larger than max = 100000 based on the key value of ozone.scm.heartbeat.thread.interval, reset to the max value 100000.
2019-10-22 14:25:10,906 [main] WARN  server.ServerUtils (ServerUtils.java:sanitizeUserArgs(70)) - ozone.scm.stale.node.interval value = 1000000 is larger than max = 100000 based on the key value of ozone.scm.heartbeat.thread.interval, reset to the max value 100000.
2019-10-22 14:25:10,908 [main] INFO  node.SCMNodeManager (SCMNodeManager.java:<init>(116)) - Entering startup safe mode.
2019-10-22 14:25:10,976 [main] INFO  algorithms.ContainerPlacementPolicyFactory (ContainerPlacementPolicyFactory.java:getPolicy(57)) - Create container placement policy of type org.apache.hadoop.hdds.scm.container.placement.algorithms.SCMContainerPlacementRandom
2019-10-22 14:25:10,990 [main] WARN  server.ServerUtils (ServerUtils.java:getScmDbDir(145)) - ozone.scm.db.dirs is not configured. We recommend adding this setting. Falling back to ozone.metadata.dirs instead.
2019-10-22 14:25:11,098 [main] INFO  pipeline.SCMPipelineManager (SCMPipelineManager.java:initializePipelineState(132)) - No pipeline exists in current db
2019-10-22 14:25:11,101 [main] WARN  server.ServerUtils (ServerUtils.java:getScmDbDir(145)) - ozone.scm.db.dirs is not configured. We recommend adding this setting. Falling back to ozone.metadata.dirs instead.
2019-10-22 14:25:11,254 [main] WARN  events.EventQueue (EventQueue.java:fireEvent(183)) - No event handler registered for event TypedEvent{payloadType=SafeModeStatus, name='SafeModeStatus'}
2019-10-22 14:25:11,624 [main] INFO  ipc.CallQueueManager (CallQueueManager.java:<init>(84)) - Using callQueue: class java.util.concurrent.LinkedBlockingQueue, queueCapacity: 2000, scheduler: class org.apache.hadoop.ipc.DefaultRpcScheduler, ipcBackoff: false.
2019-10-22 14:25:11,742 [Socket Reader #1 for port 44470] INFO  ipc.Server (Server.java:run(1074)) - Starting Socket Reader #1 for port 44470
2019-10-22 14:25:11,789 [main] INFO  ipc.CallQueueManager (CallQueueManager.java:<init>(84)) - Using callQueue: class java.util.concurrent.LinkedBlockingQueue, queueCapacity: 2000, scheduler: class org.apache.hadoop.ipc.DefaultRpcScheduler, ipcBackoff: false.
2019-10-22 14:25:11,790 [Socket Reader #1 for port 35411] INFO  ipc.Server (Server.java:run(1074)) - Starting Socket Reader #1 for port 35411
2019-10-22 14:25:11,801 [main] INFO  ipc.CallQueueManager (CallQueueManager.java:<init>(84)) - Using callQueue: class java.util.concurrent.LinkedBlockingQueue, queueCapacity: 2000, scheduler: class org.apache.hadoop.ipc.DefaultRpcScheduler, ipcBackoff: false.
2019-10-22 14:25:11,802 [Socket Reader #1 for port 43702] INFO  ipc.Server (Server.java:run(1074)) - Starting Socket Reader #1 for port 43702
2019-10-22 14:25:11,830 [main] INFO  hdfs.DFSUtil (DFSUtil.java:httpServerTemplateForNNAndJN(1641)) - Starting Web-server for scm at: http://0.0.0.0:0
2019-10-22 14:25:11,993 [main] INFO  server.AuthenticationFilter (AuthenticationFilter.java:constructSecretProvider(240)) - Unable to initialize FileSignerSecretProvider, falling back to use random secrets.
2019-10-22 14:25:12,001 [main] WARN  http.HttpRequestLog (HttpRequestLog.java:getRequestLog(97)) - Jetty request log can only be enabled using Log4j
2019-10-22 14:25:12,008 [main] INFO  http.HttpServer2 (HttpServer2.java:addGlobalFilter(975)) - Added global filter 'safety' (class=org.apache.hadoop.http.HttpServer2$QuotingInputFilter)
2019-10-22 14:25:12,011 [main] INFO  http.HttpServer2 (HttpServer2.java:addFilter(948)) - Added filter static_user_filter (class=org.apache.hadoop.http.lib.StaticUserWebFilter$StaticUserFilter) to context scm
2019-10-22 14:25:12,011 [main] INFO  http.HttpServer2 (HttpServer2.java:addFilter(958)) - Added filter static_user_filter (class=org.apache.hadoop.http.lib.StaticUserWebFilter$StaticUserFilter) to context static
2019-10-22 14:25:12,011 [main] INFO  http.HttpServer2 (HttpServer2.java:addFilter(958)) - Added filter static_user_filter (class=org.apache.hadoop.http.lib.StaticUserWebFilter$StaticUserFilter) to context logs
2019-10-22 14:25:12,053 [main] INFO  server.StorageContainerManager (StorageContainerManager.java:start(772)) - StorageContainerLocationProtocol RPC server is listening at /0.0.0.0:43702
2019-10-22 14:25:12,140 [main] WARN  impl.MetricsConfig (MetricsConfig.java:loadFirst(134)) - Cannot locate configuration: tried hadoop-metrics2-storagecontainermanager.properties,hadoop-metrics2.properties
2019-10-22 14:25:12,158 [main] INFO  impl.MetricsSystemImpl (MetricsSystemImpl.java:startTimer(374)) - Scheduled Metric snapshot period at 10 second(s).
2019-10-22 14:25:12,159 [main] INFO  impl.MetricsSystemImpl (MetricsSystemImpl.java:start(191)) - StorageContainerManager metrics system started
2019-10-22 14:25:12,400 [main] INFO  server.SCMClientProtocolServer (SCMClientProtocolServer.java:start(159)) - RPC server for Client  is listening at /0.0.0.0:43702
2019-10-22 14:25:12,400 [IPC Server Responder] INFO  ipc.Server (Server.java:run(1314)) - IPC Server Responder: starting
2019-10-22 14:25:12,400 [IPC Server listener on 43702] INFO  ipc.Server (Server.java:run(1153)) - IPC Server listener on 43702: starting
2019-10-22 14:25:12,403 [main] INFO  server.StorageContainerManager (StorageContainerManager.java:start(782)) - ScmBlockLocationProtocol RPC server is listening at /0.0.0.0:35411
2019-10-22 14:25:12,404 [main] INFO  server.SCMBlockProtocolServer (SCMBlockProtocolServer.java:start(146)) - RPC server for Block Protocol is listening at /0.0.0.0:35411
2019-10-22 14:25:12,405 [IPC Server Responder] INFO  ipc.Server (Server.java:run(1314)) - IPC Server Responder: starting
2019-10-22 14:25:12,405 [IPC Server listener on 35411] INFO  ipc.Server (Server.java:run(1153)) - IPC Server listener on 35411: starting
2019-10-22 14:25:12,407 [main] INFO  server.StorageContainerManager (StorageContainerManager.java:start(786)) - ScmDatanodeProtocl RPC server is listening at /0.0.0.0:44470
2019-10-22 14:25:12,407 [main] INFO  server.SCMDatanodeProtocolServer (SCMDatanodeProtocolServer.java:start(169)) - RPC server for DataNodes is listening at /0.0.0.0:44470
2019-10-22 14:25:12,408 [IPC Server Responder] INFO  ipc.Server (Server.java:run(1314)) - IPC Server Responder: starting
2019-10-22 14:25:12,408 [IPC Server listener on 44470] INFO  ipc.Server (Server.java:run(1153)) - IPC Server listener on 44470: starting
2019-10-22 14:25:12,412 [main] INFO  http.HttpServer2 (HttpServer2.java:bindListener(1191)) - Jetty bound to port 43574
2019-10-22 14:25:12,413 [main] INFO  server.Server (Server.java:doStart(351)) - jetty-9.3.25.v20180904, build timestamp: 2018-09-04T21:11:46Z, git hash: 3ce520221d0240229c862b122d2b06c12a625732
2019-10-22 14:25:12,449 [main] INFO  handler.ContextHandler (ContextHandler.java:doStart(781)) - Started o.e.j.s.ServletContextHandler@2f48b3d2{/logs,file:///workdir/hadoop-ozone/integration-test/target/log,AVAILABLE}
2019-10-22 14:25:12,450 [main] INFO  handler.ContextHandler (ContextHandler.java:doStart(781)) - Started o.e.j.s.ServletContextHandler@753432a2{/static,file:///workdir/hadoop-ozone/integration-test/target/test-classes/webapps/static,AVAILABLE}
2019-10-22 14:25:12,481 [main] INFO  handler.ContextHandler (ContextHandler.java:doStart(781)) - Started o.e.j.w.WebAppContext@23a9ba52{/,file:///workdir/hadoop-ozone/integration-test/target/test-classes/webapps/scm/,AVAILABLE}{/scm}
2019-10-22 14:25:12,487 [main] INFO  server.AbstractConnector (AbstractConnector.java:doStart(278)) - Started ServerConnector@7927bd9f{HTTP/1.1,[http/1.1]}{0.0.0.0:43574}
2019-10-22 14:25:12,487 [main] INFO  server.Server (Server.java:doStart(419)) - Started @2909ms
2019-10-22 14:25:12,489 [main] INFO  impl.MetricsSinkAdapter (MetricsSinkAdapter.java:start(204)) - Sink prometheus started
2019-10-22 14:25:12,489 [main] INFO  impl.MetricsSystemImpl (MetricsSystemImpl.java:registerSink(301)) - Registered sink prometheus
2019-10-22 14:25:12,491 [main] INFO  server.BaseHttpServer (BaseHttpServer.java:updateConnectorAddress(215)) - HTTP server of SCM is listening at http://0.0.0.0:43574
2019-10-22 14:25:12,499 [org.apache.hadoop.util.JvmPauseMonitor$Monitor@3d3f761a] INFO  util.JvmPauseMonitor (JvmPauseMonitor.java:run(188)) - Starting JVM pause monitor
2019-10-22 14:25:12,504 [main] WARN  server.ServerUtils (ServerUtils.java:getDBPath(222)) - ozone.om.db.dirs is not configured. We recommend adding this setting. Falling back to ozone.metadata.dirs instead.
2019-10-22 14:25:12,633 [main] INFO  ha.OMHANodeDetails (OMHANodeDetails.java:loadOMHAConfig(190)) - Configuration either no ozone.om.address set. Falling back to the default OM address /127.0.0.1:0
2019-10-22 14:25:12,633 [main] INFO  ha.OMHANodeDetails (OMHANodeDetails.java:getOMNodeDetails(220)) - OM Service ID is not set. Setting it to the default ID: omServiceIdDefault
2019-10-22 14:25:12,635 [main] WARN  server.ServerUtils (ServerUtils.java:getDBPath(222)) - ozone.om.db.dirs is not configured. We recommend adding this setting. Falling back to ozone.metadata.dirs instead.
2019-10-22 14:25:12,636 [main] WARN  server.ServerUtils (ServerUtils.java:getDBPath(222)) - ozone.om.db.dirs is not configured. We recommend adding this setting. Falling back to ozone.metadata.dirs instead.
2019-10-22 14:25:13,302 [main] WARN  server.ServerUtils (ServerUtils.java:getDBPath(222)) - ozone.om.db.dirs is not configured. We recommend adding this setting. Falling back to ozone.metadata.dirs instead.
2019-10-22 14:25:13,310 [main] INFO  db.DBStoreBuilder (DBStoreBuilder.java:addTable(127)) - using custom profile for table: userTable
2019-10-22 14:25:13,311 [main] INFO  db.DBStoreBuilder (DBStoreBuilder.java:processTables(183)) - Using default column profile:DBProfile.DISK for Table:userTable
2019-10-22 14:25:13,311 [main] INFO  db.DBStoreBuilder (DBStoreBuilder.java:addTable(127)) - using custom profile for table: volumeTable
2019-10-22 14:25:13,311 [main] INFO  db.DBStoreBuilder (DBStoreBuilder.java:processTables(183)) - Using default column profile:DBProfile.DISK for Table:volumeTable
2019-10-22 14:25:13,311 [main] INFO  db.DBStoreBuilder (DBStoreBuilder.java:addTable(127)) - using custom profile for table: bucketTable
2019-10-22 14:25:13,312 [main] INFO  db.DBStoreBuilder (DBStoreBuilder.java:processTables(183)) - Using default column profile:DBProfile.DISK for Table:bucketTable
2019-10-22 14:25:13,312 [main] INFO  db.DBStoreBuilder (DBStoreBuilder.java:addTable(127)) - using custom profile for table: keyTable
2019-10-22 14:25:13,312 [main] INFO  db.DBStoreBuilder (DBStoreBuilder.java:processTables(183)) - Using default column profile:DBProfile.DISK for Table:keyTable
2019-10-22 14:25:13,312 [main] INFO  db.DBStoreBuilder (DBStoreBuilder.java:addTable(127)) - using custom profile for table: deletedTable
2019-10-22 14:25:13,313 [main] INFO  db.DBStoreBuilder (DBStoreBuilder.java:processTables(183)) - Using default column profile:DBProfile.DISK for Table:deletedTable
2019-10-22 14:25:13,313 [main] INFO  db.DBStoreBuilder (DBStoreBuilder.java:addTable(127)) - using custom profile for table: openKeyTable
2019-10-22 14:25:13,313 [main] INFO  db.DBStoreBuilder (DBStoreBuilder.java:processTables(183)) - Using default column profile:DBProfile.DISK for Table:openKeyTable
2019-10-22 14:25:13,314 [main] INFO  db.DBStoreBuilder (DBStoreBuilder.java:addTable(127)) - using custom profile for table: s3Table
2019-10-22 14:25:13,314 [main] INFO  db.DBStoreBuilder (DBStoreBuilder.java:processTables(183)) - Using default column profile:DBProfile.DISK for Table:s3Table
2019-10-22 14:25:13,314 [main] INFO  db.DBStoreBuilder (DBStoreBuilder.java:addTable(127)) - using custom profile for table: multipartInfoTable
2019-10-22 14:25:13,314 [main] INFO  db.DBStoreBuilder (DBStoreBuilder.java:processTables(183)) - Using default column profile:DBProfile.DISK for Table:multipartInfoTable
2019-10-22 14:25:13,315 [main] INFO  db.DBStoreBuilder (DBStoreBuilder.java:addTable(127)) - using custom profile for table: dTokenTable
2019-10-22 14:25:13,315 [main] INFO  db.DBStoreBuilder (DBStoreBuilder.java:processTables(183)) - Using default column profile:DBProfile.DISK for Table:dTokenTable
2019-10-22 14:25:13,315 [main] INFO  db.DBStoreBuilder (DBStoreBuilder.java:addTable(127)) - using custom profile for table: s3SecretTable
2019-10-22 14:25:13,315 [main] INFO  db.DBStoreBuilder (DBStoreBuilder.java:processTables(183)) - Using default column profile:DBProfile.DISK for Table:s3SecretTable
2019-10-22 14:25:13,316 [main] INFO  db.DBStoreBuilder (DBStoreBuilder.java:addTable(127)) - using custom profile for table: prefixTable
2019-10-22 14:25:13,316 [main] INFO  db.DBStoreBuilder (DBStoreBuilder.java:processTables(183)) - Using default column profile:DBProfile.DISK for Table:prefixTable
2019-10-22 14:25:13,316 [main] INFO  db.DBStoreBuilder (DBStoreBuilder.java:addTable(127)) - using custom profile for table: default
2019-10-22 14:25:13,316 [main] INFO  db.DBStoreBuilder (DBStoreBuilder.java:processTables(189)) - Using default column profile:DBProfile.DISK for Table:default
2019-10-22 14:25:13,317 [main] INFO  db.DBStoreBuilder (DBStoreBuilder.java:getDbProfile(220)) - Using default options. DBProfile.DISK
2019-10-22 14:25:13,954 [main] INFO  ipc.CallQueueManager (CallQueueManager.java:<init>(84)) - Using callQueue: class java.util.concurrent.LinkedBlockingQueue, queueCapacity: 2000, scheduler: class org.apache.hadoop.ipc.DefaultRpcScheduler, ipcBackoff: false.
2019-10-22 14:25:13,955 [Socket Reader #1 for port 46308] INFO  ipc.Server (Server.java:run(1074)) - Starting Socket Reader #1 for port 46308
2019-10-22 14:25:13,980 [main] INFO  om.OzoneManager (OzoneManager.java:start(1074)) - OzoneManager RPC server is listening at localhost/127.0.0.1:46308
2019-10-22 14:25:13,980 [main] INFO  impl.MetricsSystemImpl (MetricsSystemImpl.java:init(158)) - OzoneManager metrics system started (again)
2019-10-22 14:25:13,989 [IPC Server Responder] INFO  ipc.Server (Server.java:run(1314)) - IPC Server Responder: starting
2019-10-22 14:25:13,989 [IPC Server listener on 46308] INFO  ipc.Server (Server.java:run(1153)) - IPC Server listener on 46308: starting
2019-10-22 14:25:13,997 [main] INFO  hdfs.DFSUtil (DFSUtil.java:httpServerTemplateForNNAndJN(1641)) - Starting Web-server for ozoneManager at: http://0.0.0.0:0
2019-10-22 14:25:14,002 [main] INFO  server.AuthenticationFilter (AuthenticationFilter.java:constructSecretProvider(240)) - Unable to initialize FileSignerSecretProvider, falling back to use random secrets.
2019-10-22 14:25:14,003 [main] WARN  http.HttpRequestLog (HttpRequestLog.java:getRequestLog(97)) - Jetty request log can only be enabled using Log4j
2019-10-22 14:25:14,007 [main] INFO  http.HttpServer2 (HttpServer2.java:addGlobalFilter(975)) - Added global filter 'safety' (class=org.apache.hadoop.http.HttpServer2$QuotingInputFilter)
2019-10-22 14:25:14,008 [main] INFO  http.HttpServer2 (HttpServer2.java:addFilter(948)) - Added filter static_user_filter (class=org.apache.hadoop.http.lib.StaticUserWebFilter$StaticUserFilter) to context ozoneManager
2019-10-22 14:25:14,009 [main] INFO  http.HttpServer2 (HttpServer2.java:addFilter(958)) - Added filter static_user_filter (class=org.apache.hadoop.http.lib.StaticUserWebFilter$StaticUserFilter) to context logs
2019-10-22 14:25:14,009 [main] INFO  http.HttpServer2 (HttpServer2.java:addFilter(958)) - Added filter static_user_filter (class=org.apache.hadoop.http.lib.StaticUserWebFilter$StaticUserFilter) to context static
2019-10-22 14:25:14,012 [main] INFO  http.HttpServer2 (HttpServer2.java:bindListener(1191)) - Jetty bound to port 39604
2019-10-22 14:25:14,013 [main] INFO  server.Server (Server.java:doStart(351)) - jetty-9.3.25.v20180904, build timestamp: 2018-09-04T21:11:46Z, git hash: 3ce520221d0240229c862b122d2b06c12a625732
2019-10-22 14:25:14,016 [main] INFO  handler.ContextHandler (ContextHandler.java:doStart(781)) - Started o.e.j.s.ServletContextHandler@40ab8a8{/logs,file:///workdir/hadoop-ozone/integration-test/target/log,AVAILABLE}
2019-10-22 14:25:14,017 [main] INFO  handler.ContextHandler (ContextHandler.java:doStart(781)) - Started o.e.j.s.ServletContextHandler@65cc8228{/static,file:///workdir/hadoop-ozone/integration-test/target/test-classes/webapps/static,AVAILABLE}
2019-10-22 14:25:14,024 [main] INFO  handler.ContextHandler (ContextHandler.java:doStart(781)) - Started o.e.j.w.WebAppContext@5d235104{/,file:///workdir/hadoop-ozone/integration-test/target/test-classes/webapps/ozoneManager/,AVAILABLE}{/ozoneManager}
2019-10-22 14:25:14,026 [main] INFO  server.AbstractConnector (AbstractConnector.java:doStart(278)) - Started ServerConnector@4e8e8621{HTTP/1.1,[http/1.1]}{0.0.0.0:39604}
2019-10-22 14:25:14,026 [main] INFO  server.Server (Server.java:doStart(419)) - Started @4448ms
2019-10-22 14:25:14,027 [main] WARN  impl.MetricsSystemImpl (MetricsSystemImpl.java:register(276)) - Sink prometheus already exists!
2019-10-22 14:25:14,028 [main] INFO  server.BaseHttpServer (BaseHttpServer.java:updateConnectorAddress(215)) - HTTP server of OZONEMANAGER is listening at http://0.0.0.0:39604
2019-10-22 14:25:14,381 [main] INFO  impl.MetricsSystemImpl (MetricsSystemImpl.java:init(158)) - HddsDatanode metrics system started (again)
2019-10-22 14:25:14,442 [main] INFO  ozone.HddsDatanodeService (HddsDatanodeService.java:start(184)) - HddsDatanodeService host:dev-testrun-4rklj-35625584 ip:192.168.69.94
2019-10-22 14:25:14,477 [main] INFO  volume.HddsVolume (HddsVolume.java:<init>(176)) - Creating Volume: /workdir/hadoop-ozone/integration-test/target/test-dir/MiniOzoneClusterImpl-5e129b3f-6122-4345-a4c8-196d0e61d05e/datanode-0/data/containers/hdds of  storage type : DISK and capacity : 1482555576320
2019-10-22 14:25:14,479 [main] INFO  volume.VolumeSet (VolumeSet.java:initializeVolumeSet(170)) - Added Volume : /workdir/hadoop-ozone/integration-test/target/test-dir/MiniOzoneClusterImpl-5e129b3f-6122-4345-a4c8-196d0e61d05e/datanode-0/data/containers/hdds to VolumeSet
2019-10-22 14:25:14,482 [main] INFO  volume.ThrottledAsyncChecker (ThrottledAsyncChecker.java:schedule(141)) - Scheduling a check for /workdir/hadoop-ozone/integration-test/target/test-dir/MiniOzoneClusterImpl-5e129b3f-6122-4345-a4c8-196d0e61d05e/datanode-0/data/containers/hdds
2019-10-22 14:25:14,499 [main] INFO  volume.HddsVolumeChecker (HddsVolumeChecker.java:checkAllVolumes(204)) - Scheduled health check for volume /workdir/hadoop-ozone/integration-test/target/test-dir/MiniOzoneClusterImpl-5e129b3f-6122-4345-a4c8-196d0e61d05e/datanode-0/data/containers/hdds
2019-10-22 14:25:14,635 [main] INFO  impl.RaftServerProxy (ConfUtils.java:logGet(43)) - raft.rpc.type = GRPC (default)
2019-10-22 14:25:14,694 [main] INFO  grpc.GrpcFactory (GrpcFactory.java:checkPooledByteBufAllocatorUseCacheForAllThreads(45)) - PERFORMANCE WARNING: useCacheForAllThreads is true that may cause Netty to create a lot garbage objects and, as a result, trigger GC.
	It is recommended to disable useCacheForAllThreads by setting -Dorg.apache.ratis.thirdparty.io.netty.allocator.useCacheForAllThreads=false in command line.
2019-10-22 14:25:14,699 [main] INFO  grpc.GrpcConfigKeys$Server (ConfUtils.java:logGet(43)) - raft.grpc.server.port = 0 (default)
2019-10-22 14:25:14,700 [main] INFO  server.GrpcService (ConfUtils.java:logGet(43)) - raft.grpc.message.size.max = 33570816 (custom)
2019-10-22 14:25:14,702 [main] INFO  server.RaftServerConfigKeys (ConfUtils.java:logGet(43)) - raft.server.log.appender.buffer.byte-limit = 33554432 (custom)
2019-10-22 14:25:14,702 [main] INFO  server.GrpcService (ConfUtils.java:logGet(43)) - raft.grpc.flow.control.window = 1MB (=1048576) (default)
2019-10-22 14:25:14,703 [main] INFO  server.RaftServerConfigKeys (ConfUtils.java:logGet(43)) - raft.server.rpc.request.timeout = 3000ms (default)
2019-10-22 14:25:14,861 [main] INFO  server.RaftServerConfigKeys (ConfUtils.java:logGet(43)) - raft.server.storage.dir = [/workdir/hadoop-ozone/integration-test/target/test-dir/MiniOzoneClusterImpl-5e129b3f-6122-4345-a4c8-196d0e61d05e/datanode-0/data/ratis] (custom)
2019-10-22 14:25:14,908 [main] INFO  hdfs.DFSUtil (DFSUtil.java:httpServerTemplateForNNAndJN(1641)) - Starting Web-server for hddsDatanode at: http://0.0.0.0:0
2019-10-22 14:25:14,911 [main] INFO  server.AuthenticationFilter (AuthenticationFilter.java:constructSecretProvider(240)) - Unable to initialize FileSignerSecretProvider, falling back to use random secrets.
2019-10-22 14:25:14,912 [main] WARN  http.HttpRequestLog (HttpRequestLog.java:getRequestLog(97)) - Jetty request log can only be enabled using Log4j
2019-10-22 14:25:14,915 [main] INFO  http.HttpServer2 (HttpServer2.java:addGlobalFilter(975)) - Added global filter 'safety' (class=org.apache.hadoop.http.HttpServer2$QuotingInputFilter)
2019-10-22 14:25:14,916 [main] INFO  http.HttpServer2 (HttpServer2.java:addFilter(948)) - Added filter static_user_filter (class=org.apache.hadoop.http.lib.StaticUserWebFilter$StaticUserFilter) to context hddsDatanode
2019-10-22 14:25:14,916 [main] INFO  http.HttpServer2 (HttpServer2.java:addFilter(958)) - Added filter static_user_filter (class=org.apache.hadoop.http.lib.StaticUserWebFilter$StaticUserFilter) to context logs
2019-10-22 14:25:14,917 [main] INFO  http.HttpServer2 (HttpServer2.java:addFilter(958)) - Added filter static_user_filter (class=org.apache.hadoop.http.lib.StaticUserWebFilter$StaticUserFilter) to context static
2019-10-22 14:25:14,919 [main] INFO  http.HttpServer2 (HttpServer2.java:bindListener(1191)) - Jetty bound to port 46428
2019-10-22 14:25:14,919 [main] INFO  server.Server (Server.java:doStart(351)) - jetty-9.3.25.v20180904, build timestamp: 2018-09-04T21:11:46Z, git hash: 3ce520221d0240229c862b122d2b06c12a625732
2019-10-22 14:25:14,922 [main] INFO  handler.ContextHandler (ContextHandler.java:doStart(781)) - Started o.e.j.s.ServletContextHandler@6c008c24{/logs,file:///workdir/hadoop-ozone/integration-test/target/log,AVAILABLE}
2019-10-22 14:25:14,923 [main] INFO  handler.ContextHandler (ContextHandler.java:doStart(781)) - Started o.e.j.s.ServletContextHandler@21079a12{/static,jar:file:/home/user/.m2/repository/org/apache/hadoop/hadoop-hdds-container-service/0.5.0-SNAPSHOT/hadoop-hdds-container-service-0.5.0-SNAPSHOT.jar!/webapps/static,AVAILABLE}
2019-10-22 14:25:14,975 [main] INFO  handler.ContextHandler (ContextHandler.java:doStart(781)) - Started o.e.j.w.WebAppContext@673919a7{/,file:///tmp/jetty-0.0.0.0-46428-hddsDatanode-_-any-5445754903581195020.dir/webapp/,AVAILABLE}{/hddsDatanode}
2019-10-22 14:25:14,976 [main] INFO  server.AbstractConnector (AbstractConnector.java:doStart(278)) - Started ServerConnector@25d93198{HTTP/1.1,[http/1.1]}{0.0.0.0:46428}
2019-10-22 14:25:14,977 [main] INFO  server.Server (Server.java:doStart(419)) - Started @5399ms
2019-10-22 14:25:14,977 [main] WARN  impl.MetricsSystemImpl (MetricsSystemImpl.java:register(276)) - Sink prometheus already exists!
2019-10-22 14:25:14,979 [main] INFO  server.BaseHttpServer (BaseHttpServer.java:updateConnectorAddress(215)) - HTTP server of HDDSDATANODE is listening at http://0.0.0.0:46428
2019-10-22 14:25:14,981 [main] INFO  impl.MetricsSystemImpl (MetricsSystemImpl.java:init(158)) - HddsDatanode metrics system started (again)
2019-10-22 14:25:14,984 [main] INFO  ozone.HddsDatanodeService (HddsDatanodeService.java:start(184)) - HddsDatanodeService host:dev-testrun-4rklj-35625584 ip:192.168.69.94
2019-10-22 14:25:14,987 [org.apache.hadoop.util.JvmPauseMonitor$Monitor@654ae8a5] INFO  util.JvmPauseMonitor (JvmPauseMonitor.java:run(188)) - Starting JVM pause monitor
2019-10-22 14:25:14,995 [main] INFO  volume.HddsVolume (HddsVolume.java:<init>(176)) - Creating Volume: /workdir/hadoop-ozone/integration-test/target/test-dir/MiniOzoneClusterImpl-5e129b3f-6122-4345-a4c8-196d0e61d05e/datanode-1/data/containers/hdds of  storage type : DISK and capacity : 1482555576320
2019-10-22 14:25:14,996 [main] INFO  volume.VolumeSet (VolumeSet.java:initializeVolumeSet(170)) - Added Volume : /workdir/hadoop-ozone/integration-test/target/test-dir/MiniOzoneClusterImpl-5e129b3f-6122-4345-a4c8-196d0e61d05e/datanode-1/data/containers/hdds to VolumeSet
2019-10-22 14:25:14,996 [main] INFO  volume.ThrottledAsyncChecker (ThrottledAsyncChecker.java:schedule(141)) - Scheduling a check for /workdir/hadoop-ozone/integration-test/target/test-dir/MiniOzoneClusterImpl-5e129b3f-6122-4345-a4c8-196d0e61d05e/datanode-1/data/containers/hdds
2019-10-22 14:25:14,997 [main] INFO  volume.HddsVolumeChecker (HddsVolumeChecker.java:checkAllVolumes(204)) - Scheduled health check for volume /workdir/hadoop-ozone/integration-test/target/test-dir/MiniOzoneClusterImpl-5e129b3f-6122-4345-a4c8-196d0e61d05e/datanode-1/data/containers/hdds
2019-10-22 14:25:15,013 [main] INFO  impl.RaftServerProxy (ConfUtils.java:logGet(43)) - raft.rpc.type = GRPC (default)
2019-10-22 14:25:15,014 [main] INFO  grpc.GrpcFactory (GrpcFactory.java:checkPooledByteBufAllocatorUseCacheForAllThreads(45)) - PERFORMANCE WARNING: useCacheForAllThreads is true that may cause Netty to create a lot garbage objects and, as a result, trigger GC.
	It is recommended to disable useCacheForAllThreads by setting -Dorg.apache.ratis.thirdparty.io.netty.allocator.useCacheForAllThreads=false in command line.
2019-10-22 14:25:15,016 [main] INFO  grpc.GrpcConfigKeys$Server (ConfUtils.java:logGet(43)) - raft.grpc.server.port = 0 (default)
2019-10-22 14:25:15,017 [main] INFO  server.GrpcService (ConfUtils.java:logGet(43)) - raft.grpc.message.size.max = 33570816 (custom)
2019-10-22 14:25:15,017 [main] INFO  server.RaftServerConfigKeys (ConfUtils.java:logGet(43)) - raft.server.log.appender.buffer.byte-limit = 33554432 (custom)
2019-10-22 14:25:15,018 [main] INFO  server.GrpcService (ConfUtils.java:logGet(43)) - raft.grpc.flow.control.window = 1MB (=1048576) (default)
2019-10-22 14:25:15,018 [main] INFO  server.RaftServerConfigKeys (ConfUtils.java:logGet(43)) - raft.server.rpc.request.timeout = 3000ms (default)
2019-10-22 14:25:15,019 [main] INFO  server.RaftServerConfigKeys (ConfUtils.java:logGet(43)) - raft.server.storage.dir = [/workdir/hadoop-ozone/integration-test/target/test-dir/MiniOzoneClusterImpl-5e129b3f-6122-4345-a4c8-196d0e61d05e/datanode-1/data/ratis] (custom)
2019-10-22 14:25:15,021 [main] INFO  hdfs.DFSUtil (DFSUtil.java:httpServerTemplateForNNAndJN(1641)) - Starting Web-server for hddsDatanode at: http://0.0.0.0:0
2019-10-22 14:25:15,022 [main] INFO  server.AuthenticationFilter (AuthenticationFilter.java:constructSecretProvider(240)) - Unable to initialize FileSignerSecretProvider, falling back to use random secrets.
2019-10-22 14:25:15,022 [main] WARN  http.HttpRequestLog (HttpRequestLog.java:getRequestLog(97)) - Jetty request log can only be enabled using Log4j
2019-10-22 14:25:15,024 [main] INFO  http.HttpServer2 (HttpServer2.java:addGlobalFilter(975)) - Added global filter 'safety' (class=org.apache.hadoop.http.HttpServer2$QuotingInputFilter)
2019-10-22 14:25:15,025 [main] INFO  http.HttpServer2 (HttpServer2.java:addFilter(948)) - Added filter static_user_filter (class=org.apache.hadoop.http.lib.StaticUserWebFilter$StaticUserFilter) to context hddsDatanode
2019-10-22 14:25:15,025 [main] INFO  http.HttpServer2 (HttpServer2.java:addFilter(958)) - Added filter static_user_filter (class=org.apache.hadoop.http.lib.StaticUserWebFilter$StaticUserFilter) to context logs
2019-10-22 14:25:15,025 [main] INFO  http.HttpServer2 (HttpServer2.java:addFilter(958)) - Added filter static_user_filter (class=org.apache.hadoop.http.lib.StaticUserWebFilter$StaticUserFilter) to context static
2019-10-22 14:25:15,026 [main] INFO  http.HttpServer2 (HttpServer2.java:bindListener(1191)) - Jetty bound to port 35123
2019-10-22 14:25:15,027 [main] INFO  server.Server (Server.java:doStart(351)) - jetty-9.3.25.v20180904, build timestamp: 2018-09-04T21:11:46Z, git hash: 3ce520221d0240229c862b122d2b06c12a625732
2019-10-22 14:25:15,030 [main] INFO  handler.ContextHandler (ContextHandler.java:doStart(781)) - Started o.e.j.s.ServletContextHandler@30364216{/logs,file:///workdir/hadoop-ozone/integration-test/target/log,AVAILABLE}
2019-10-22 14:25:15,030 [main] INFO  handler.ContextHandler (ContextHandler.java:doStart(781)) - Started o.e.j.s.ServletContextHandler@1e8ab90f{/static,jar:file:/home/user/.m2/repository/org/apache/hadoop/hadoop-hdds-container-service/0.5.0-SNAPSHOT/hadoop-hdds-container-service-0.5.0-SNAPSHOT.jar!/webapps/static,AVAILABLE}
2019-10-22 14:25:15,062 [main] INFO  handler.ContextHandler (ContextHandler.java:doStart(781)) - Started o.e.j.w.WebAppContext@60325987{/,file:///tmp/jetty-0.0.0.0-35123-hddsDatanode-_-any-8658099377135803860.dir/webapp/,AVAILABLE}{/hddsDatanode}
2019-10-22 14:25:15,062 [main] INFO  server.AbstractConnector (AbstractConnector.java:doStart(278)) - Started ServerConnector@2f37f1f9{HTTP/1.1,[http/1.1]}{0.0.0.0:35123}
2019-10-22 14:25:15,063 [main] INFO  server.Server (Server.java:doStart(419)) - Started @5485ms
2019-10-22 14:25:15,063 [main] WARN  impl.MetricsSystemImpl (MetricsSystemImpl.java:register(276)) - Sink prometheus already exists!
2019-10-22 14:25:15,065 [main] INFO  server.BaseHttpServer (BaseHttpServer.java:updateConnectorAddress(215)) - HTTP server of HDDSDATANODE is listening at http://0.0.0.0:35123
2019-10-22 14:25:15,065 [main] INFO  impl.MetricsSystemImpl (MetricsSystemImpl.java:init(158)) - HddsDatanode metrics system started (again)
2019-10-22 14:25:15,068 [main] INFO  ozone.HddsDatanodeService (HddsDatanodeService.java:start(184)) - HddsDatanodeService host:dev-testrun-4rklj-35625584 ip:192.168.69.94
2019-10-22 14:25:15,069 [org.apache.hadoop.util.JvmPauseMonitor$Monitor@3f3f9afb] INFO  util.JvmPauseMonitor (JvmPauseMonitor.java:run(188)) - Starting JVM pause monitor
2019-10-22 14:25:15,079 [main] INFO  volume.HddsVolume (HddsVolume.java:<init>(176)) - Creating Volume: /workdir/hadoop-ozone/integration-test/target/test-dir/MiniOzoneClusterImpl-5e129b3f-6122-4345-a4c8-196d0e61d05e/datanode-2/data/containers/hdds of  storage type : DISK and capacity : 1482555576320
2019-10-22 14:25:15,080 [main] INFO  volume.VolumeSet (VolumeSet.java:initializeVolumeSet(170)) - Added Volume : /workdir/hadoop-ozone/integration-test/target/test-dir/MiniOzoneClusterImpl-5e129b3f-6122-4345-a4c8-196d0e61d05e/datanode-2/data/containers/hdds to VolumeSet
2019-10-22 14:25:15,080 [main] INFO  volume.ThrottledAsyncChecker (ThrottledAsyncChecker.java:schedule(141)) - Scheduling a check for /workdir/hadoop-ozone/integration-test/target/test-dir/MiniOzoneClusterImpl-5e129b3f-6122-4345-a4c8-196d0e61d05e/datanode-2/data/containers/hdds
2019-10-22 14:25:15,081 [main] INFO  volume.HddsVolumeChecker (HddsVolumeChecker.java:checkAllVolumes(204)) - Scheduled health check for volume /workdir/hadoop-ozone/integration-test/target/test-dir/MiniOzoneClusterImpl-5e129b3f-6122-4345-a4c8-196d0e61d05e/datanode-2/data/containers/hdds
2019-10-22 14:25:15,096 [main] INFO  impl.RaftServerProxy (ConfUtils.java:logGet(43)) - raft.rpc.type = GRPC (default)
2019-10-22 14:25:15,096 [main] INFO  grpc.GrpcFactory (GrpcFactory.java:checkPooledByteBufAllocatorUseCacheForAllThreads(45)) - PERFORMANCE WARNING: useCacheForAllThreads is true that may cause Netty to create a lot garbage objects and, as a result, trigger GC.
	It is recommended to disable useCacheForAllThreads by setting -Dorg.apache.ratis.thirdparty.io.netty.allocator.useCacheForAllThreads=false in command line.
2019-10-22 14:25:15,096 [main] INFO  grpc.GrpcConfigKeys$Server (ConfUtils.java:logGet(43)) - raft.grpc.server.port = 0 (default)
2019-10-22 14:25:15,097 [main] INFO  server.GrpcService (ConfUtils.java:logGet(43)) - raft.grpc.message.size.max = 33570816 (custom)
2019-10-22 14:25:15,097 [main] INFO  server.RaftServerConfigKeys (ConfUtils.java:logGet(43)) - raft.server.log.appender.buffer.byte-limit = 33554432 (custom)
2019-10-22 14:25:15,097 [main] INFO  server.GrpcService (ConfUtils.java:logGet(43)) - raft.grpc.flow.control.window = 1MB (=1048576) (default)
2019-10-22 14:25:15,097 [main] INFO  server.RaftServerConfigKeys (ConfUtils.java:logGet(43)) - raft.server.rpc.request.timeout = 3000ms (default)
2019-10-22 14:25:15,098 [main] INFO  server.RaftServerConfigKeys (ConfUtils.java:logGet(43)) - raft.server.storage.dir = [/workdir/hadoop-ozone/integration-test/target/test-dir/MiniOzoneClusterImpl-5e129b3f-6122-4345-a4c8-196d0e61d05e/datanode-2/data/ratis] (custom)
2019-10-22 14:25:15,100 [main] INFO  hdfs.DFSUtil (DFSUtil.java:httpServerTemplateForNNAndJN(1641)) - Starting Web-server for hddsDatanode at: http://0.0.0.0:0
2019-10-22 14:25:15,102 [main] INFO  server.AuthenticationFilter (AuthenticationFilter.java:constructSecretProvider(240)) - Unable to initialize FileSignerSecretProvider, falling back to use random secrets.
2019-10-22 14:25:15,102 [main] WARN  http.HttpRequestLog (HttpRequestLog.java:getRequestLog(97)) - Jetty request log can only be enabled using Log4j
2019-10-22 14:25:15,104 [main] INFO  http.HttpServer2 (HttpServer2.java:addGlobalFilter(975)) - Added global filter 'safety' (class=org.apache.hadoop.http.HttpServer2$QuotingInputFilter)
2019-10-22 14:25:15,105 [main] INFO  http.HttpServer2 (HttpServer2.java:addFilter(948)) - Added filter static_user_filter (class=org.apache.hadoop.http.lib.StaticUserWebFilter$StaticUserFilter) to context hddsDatanode
2019-10-22 14:25:15,105 [main] INFO  http.HttpServer2 (HttpServer2.java:addFilter(958)) - Added filter static_user_filter (class=org.apache.hadoop.http.lib.StaticUserWebFilter$StaticUserFilter) to context static
2019-10-22 14:25:15,105 [main] INFO  http.HttpServer2 (HttpServer2.java:addFilter(958)) - Added filter static_user_filter (class=org.apache.hadoop.http.lib.StaticUserWebFilter$StaticUserFilter) to context logs
2019-10-22 14:25:15,106 [main] INFO  http.HttpServer2 (HttpServer2.java:bindListener(1191)) - Jetty bound to port 44702
2019-10-22 14:25:15,106 [main] INFO  server.Server (Server.java:doStart(351)) - jetty-9.3.25.v20180904, build timestamp: 2018-09-04T21:11:46Z, git hash: 3ce520221d0240229c862b122d2b06c12a625732
2019-10-22 14:25:15,108 [main] INFO  handler.ContextHandler (ContextHandler.java:doStart(781)) - Started o.e.j.s.ServletContextHandler@1229a2b7{/logs,file:///workdir/hadoop-ozone/integration-test/target/log,AVAILABLE}
2019-10-22 14:25:15,109 [main] INFO  handler.ContextHandler (ContextHandler.java:doStart(781)) - Started o.e.j.s.ServletContextHandler@51c959a4{/static,jar:file:/home/user/.m2/repository/org/apache/hadoop/hadoop-hdds-container-service/0.5.0-SNAPSHOT/hadoop-hdds-container-service-0.5.0-SNAPSHOT.jar!/webapps/static,AVAILABLE}
2019-10-22 14:25:15,133 [Datanode State Machine Thread - 0] INFO  datanode.InitDatanodeState (InitDatanodeState.java:persistContainerDatanodeDetails(140)) - DatanodeDetails is persisted to /workdir/hadoop-ozone/integration-test/target/test-dir/MiniOzoneClusterImpl-5e129b3f-6122-4345-a4c8-196d0e61d05e/datanode-0/meta/datanode.id
2019-10-22 14:25:15,138 [Datanode State Machine Thread - 0] INFO  datanode.InitDatanodeState (InitDatanodeState.java:persistContainerDatanodeDetails(140)) - DatanodeDetails is persisted to /workdir/hadoop-ozone/integration-test/target/test-dir/MiniOzoneClusterImpl-5e129b3f-6122-4345-a4c8-196d0e61d05e/datanode-1/meta/datanode.id
2019-10-22 14:25:15,143 [main] INFO  handler.ContextHandler (ContextHandler.java:doStart(781)) - Started o.e.j.w.WebAppContext@75ae4a1f{/,file:///tmp/jetty-0.0.0.0-44702-hddsDatanode-_-any-9131788126016374353.dir/webapp/,AVAILABLE}{/hddsDatanode}
2019-10-22 14:25:15,144 [main] INFO  server.AbstractConnector (AbstractConnector.java:doStart(278)) - Started ServerConnector@70228253{HTTP/1.1,[http/1.1]}{0.0.0.0:44702}
2019-10-22 14:25:15,145 [main] INFO  server.Server (Server.java:doStart(419)) - Started @5567ms
2019-10-22 14:25:15,145 [main] WARN  impl.MetricsSystemImpl (MetricsSystemImpl.java:register(276)) - Sink prometheus already exists!
2019-10-22 14:25:15,147 [main] INFO  server.BaseHttpServer (BaseHttpServer.java:updateConnectorAddress(215)) - HTTP server of HDDSDATANODE is listening at http://0.0.0.0:44702
2019-10-22 14:25:15,148 [main] INFO  ozone.MiniOzoneClusterImpl (MiniOzoneClusterImpl.java:lambda$waitForClusterToBeReady$0(147)) - Waiting for cluster to be ready. Got 0 of 3 DN Heartbeats.
2019-10-22 14:25:15,150 [org.apache.hadoop.util.JvmPauseMonitor$Monitor@422dbba5] INFO  util.JvmPauseMonitor (JvmPauseMonitor.java:run(188)) - Starting JVM pause monitor
2019-10-22 14:25:15,154 [Datanode State Machine Thread - 0] INFO  datanode.InitDatanodeState (InitDatanodeState.java:persistContainerDatanodeDetails(140)) - DatanodeDetails is persisted to /workdir/hadoop-ozone/integration-test/target/test-dir/MiniOzoneClusterImpl-5e129b3f-6122-4345-a4c8-196d0e61d05e/datanode-2/meta/datanode.id
2019-10-22 14:25:16,149 [main] INFO  ozone.MiniOzoneClusterImpl (MiniOzoneClusterImpl.java:lambda$waitForClusterToBeReady$0(147)) - Waiting for cluster to be ready. Got 0 of 3 DN Heartbeats.
2019-10-22 14:25:17,089 [Datanode State Machine Thread - 0] INFO  ozoneimpl.OzoneContainer (OzoneContainer.java:start(213)) - Attempting to start container services.
2019-10-22 14:25:17,089 [Datanode State Machine Thread - 0] INFO  ozoneimpl.OzoneContainer (OzoneContainer.java:start(213)) - Attempting to start container services.
2019-10-22 14:25:17,094 [Datanode State Machine Thread - 0] INFO  ozoneimpl.OzoneContainer (OzoneContainer.java:startContainerScrub(177)) - Background container scanner has been disabled.
2019-10-22 14:25:17,094 [Datanode State Machine Thread - 0] INFO  ratis.XceiverServerRatis (XceiverServerRatis.java:start(418)) - Starting XceiverServerRatis c61b7886-1b9a-4032-b026-73ad3d840619 at port 0
2019-10-22 14:25:17,094 [Datanode State Machine Thread - 0] INFO  ozoneimpl.OzoneContainer (OzoneContainer.java:startContainerScrub(177)) - Background container scanner has been disabled.
2019-10-22 14:25:17,095 [Datanode State Machine Thread - 0] INFO  ratis.XceiverServerRatis (XceiverServerRatis.java:start(418)) - Starting XceiverServerRatis 94363dd8-42f5-429b-bbe3-506d55a6d307 at port 0
2019-10-22 14:25:17,133 [Datanode State Machine Thread - 0] INFO  impl.RaftServerProxy (RaftServerProxy.java:lambda$start$3(299)) - c61b7886-1b9a-4032-b026-73ad3d840619: start RPC server
2019-10-22 14:25:17,133 [Datanode State Machine Thread - 0] INFO  impl.RaftServerProxy (RaftServerProxy.java:lambda$start$3(299)) - 94363dd8-42f5-429b-bbe3-506d55a6d307: start RPC server
2019-10-22 14:25:17,149 [main] INFO  ozone.MiniOzoneClusterImpl (MiniOzoneClusterImpl.java:lambda$waitForClusterToBeReady$0(147)) - Waiting for cluster to be ready. Got 0 of 3 DN Heartbeats.
2019-10-22 14:25:17,168 [Datanode State Machine Thread - 0] INFO  ozoneimpl.OzoneContainer (OzoneContainer.java:start(213)) - Attempting to start container services.
2019-10-22 14:25:17,172 [Datanode State Machine Thread - 0] INFO  ozoneimpl.OzoneContainer (OzoneContainer.java:startContainerScrub(177)) - Background container scanner has been disabled.
2019-10-22 14:25:17,173 [Datanode State Machine Thread - 0] INFO  ratis.XceiverServerRatis (XceiverServerRatis.java:start(418)) - Starting XceiverServerRatis 5e302b21-73c7-4c15-997b-467ec519df17 at port 0
2019-10-22 14:25:17,183 [Datanode State Machine Thread - 0] INFO  impl.RaftServerProxy (RaftServerProxy.java:lambda$start$3(299)) - 5e302b21-73c7-4c15-997b-467ec519df17: start RPC server
2019-10-22 14:25:17,270 [Datanode State Machine Thread - 0] INFO  server.GrpcService (GrpcService.java:startImpl(158)) - 5e302b21-73c7-4c15-997b-467ec519df17: GrpcService started, listening on 0.0.0.0/0.0.0.0:42500
2019-10-22 14:25:17,270 [Datanode State Machine Thread - 0] INFO  server.GrpcService (GrpcService.java:startImpl(158)) - c61b7886-1b9a-4032-b026-73ad3d840619: GrpcService started, listening on 0.0.0.0/0.0.0.0:40251
2019-10-22 14:25:17,270 [Datanode State Machine Thread - 0] INFO  server.GrpcService (GrpcService.java:startImpl(158)) - 94363dd8-42f5-429b-bbe3-506d55a6d307: GrpcService started, listening on 0.0.0.0/0.0.0.0:46664
2019-10-22 14:25:17,271 [Datanode State Machine Thread - 0] INFO  ratis.XceiverServerRatis (XceiverServerRatis.java:start(428)) - XceiverServerRatis c61b7886-1b9a-4032-b026-73ad3d840619 is started using port 40251
2019-10-22 14:25:17,270 [Datanode State Machine Thread - 0] INFO  ratis.XceiverServerRatis (XceiverServerRatis.java:start(428)) - XceiverServerRatis 5e302b21-73c7-4c15-997b-467ec519df17 is started using port 42500
2019-10-22 14:25:17,271 [Datanode State Machine Thread - 0] INFO  ratis.XceiverServerRatis (XceiverServerRatis.java:start(428)) - XceiverServerRatis 94363dd8-42f5-429b-bbe3-506d55a6d307 is started using port 46664
2019-10-22 14:25:17,275 [Datanode State Machine Thread - 0] INFO  server.XceiverServerGrpc (XceiverServerGrpc.java:start(149)) - XceiverServerGrpc 5e302b21-73c7-4c15-997b-467ec519df17 is started using port 42105
2019-10-22 14:25:17,275 [Datanode State Machine Thread - 0] INFO  server.XceiverServerGrpc (XceiverServerGrpc.java:start(149)) - XceiverServerGrpc c61b7886-1b9a-4032-b026-73ad3d840619 is started using port 41291
2019-10-22 14:25:17,275 [Datanode State Machine Thread - 0] INFO  server.XceiverServerGrpc (XceiverServerGrpc.java:start(149)) - XceiverServerGrpc 94363dd8-42f5-429b-bbe3-506d55a6d307 is started using port 39554
2019-10-22 14:25:18,150 [main] INFO  ozone.MiniOzoneClusterImpl (MiniOzoneClusterImpl.java:lambda$waitForClusterToBeReady$0(147)) - Waiting for cluster to be ready. Got 0 of 3 DN Heartbeats.
2019-10-22 14:25:19,025 [IPC Server handler 1 on 44470] INFO  net.NetworkTopology (NetworkTopologyImpl.java:add(111)) - Added a new node: /default-rack/94363dd8-42f5-429b-bbe3-506d55a6d307
2019-10-22 14:25:19,026 [IPC Server handler 1 on 44470] INFO  node.SCMNodeManager (SCMNodeManager.java:register(268)) - Registered Data node : 94363dd8-42f5-429b-bbe3-506d55a6d307{ip: 192.168.69.94, host: dev-testrun-4rklj-35625584, networkLocation: /default-rack, certSerialId: null}
2019-10-22 14:25:19,029 [EventQueue-NodeRegistrationContainerReportForDataNodeSafeModeRule] INFO  safemode.SCMSafeModeManager (DataNodeSafeModeRule.java:process(71)) - SCM in safe mode. 1 DataNodes registered, 1 required.
2019-10-22 14:25:19,030 [EventQueue-NodeRegistrationContainerReportForDataNodeSafeModeRule] INFO  safemode.SCMSafeModeManager (SCMSafeModeManager.java:validateSafeModeExitRules(177)) - ScmSafeModeManager, all rules are successfully validated
2019-10-22 14:25:19,030 [EventQueue-NodeRegistrationContainerReportForDataNodeSafeModeRule] INFO  safemode.SCMSafeModeManager (SCMSafeModeManager.java:exitSafeMode(193)) - SCM exiting safe mode.
2019-10-22 14:25:19,072 [IPC Server handler 0 on 44470] INFO  net.NetworkTopology (NetworkTopologyImpl.java:add(111)) - Added a new node: /default-rack/c61b7886-1b9a-4032-b026-73ad3d840619
2019-10-22 14:25:19,072 [IPC Server handler 0 on 44470] INFO  node.SCMNodeManager (SCMNodeManager.java:register(268)) - Registered Data node : c61b7886-1b9a-4032-b026-73ad3d840619{ip: 192.168.69.94, host: dev-testrun-4rklj-35625584, networkLocation: /default-rack, certSerialId: null}
2019-10-22 14:25:19,151 [main] INFO  ozone.MiniOzoneClusterImpl (MiniOzoneClusterImpl.java:lambda$waitForClusterToBeReady$0(147)) - Waiting for cluster to be ready. Got 2 of 3 DN Heartbeats.
2019-10-22 14:25:19,152 [IPC Server handler 2 on 44470] INFO  net.NetworkTopology (NetworkTopologyImpl.java:add(111)) - Added a new node: /default-rack/5e302b21-73c7-4c15-997b-467ec519df17
2019-10-22 14:25:19,152 [IPC Server handler 2 on 44470] INFO  node.SCMNodeManager (SCMNodeManager.java:register(268)) - Registered Data node : 5e302b21-73c7-4c15-997b-467ec519df17{ip: 192.168.69.94, host: dev-testrun-4rklj-35625584, networkLocation: /default-rack, certSerialId: null}
2019-10-22 14:25:19,517 [grpc-default-executor-0] INFO  impl.RaftServerProxy (RaftServerProxy.java:addNew(89)) - 94363dd8-42f5-429b-bbe3-506d55a6d307: addNew group-683A3891E2A6:[94363dd8-42f5-429b-bbe3-506d55a6d307:192.168.69.94:46664] returns group-683A3891E2A6:java.util.concurrent.CompletableFuture@3edf8dfa[Not completed]
2019-10-22 14:25:19,539 [pool-27-thread-1] INFO  impl.RaftServerImpl (RaftServerImpl.java:<init>(98)) - 94363dd8-42f5-429b-bbe3-506d55a6d307: new RaftServerImpl for group-683A3891E2A6:[94363dd8-42f5-429b-bbe3-506d55a6d307:192.168.69.94:46664] with ContainerStateMachine:uninitialized
2019-10-22 14:25:19,542 [pool-27-thread-1] INFO  server.RaftServerConfigKeys (ConfUtils.java:logGet(43)) - raft.server.rpc.timeout.min = 5s (custom)
2019-10-22 14:25:19,543 [pool-27-thread-1] INFO  server.RaftServerConfigKeys (ConfUtils.java:logGet(43)) - raft.server.rpc.timeout.max = 5200ms (custom)
2019-10-22 14:25:19,543 [pool-27-thread-1] INFO  server.RaftServerConfigKeys (ConfUtils.java:logGet(43)) - raft.server.rpcslowness.timeout = 1000s (custom)
2019-10-22 14:25:19,544 [pool-27-thread-1] INFO  server.RaftServerConfigKeys (ConfUtils.java:logGet(43)) - raft.server.sleep.deviation.threshold = 300 (default)
2019-10-22 14:25:19,545 [pool-27-thread-1] INFO  server.RaftServerConfigKeys (ConfUtils.java:logGet(43)) - raft.server.log.appender.install.snapshot.enabled = false (custom)
2019-10-22 14:25:19,556 [pool-27-thread-1] INFO  impl.RaftServerImpl (ServerState.java:<init>(103)) - 94363dd8-42f5-429b-bbe3-506d55a6d307@group-683A3891E2A6: ConfigurationManager, init=-1: [94363dd8-42f5-429b-bbe3-506d55a6d307:192.168.69.94:46664], old=null, confs=<EMPTY_MAP>
2019-10-22 14:25:19,556 [pool-27-thread-1] INFO  server.RaftServerConfigKeys (ConfUtils.java:logGet(43)) - raft.server.storage.dir = [/workdir/hadoop-ozone/integration-test/target/test-dir/MiniOzoneClusterImpl-5e129b3f-6122-4345-a4c8-196d0e61d05e/datanode-0/data/ratis] (custom)
2019-10-22 14:25:19,564 [pool-27-thread-1] INFO  server.RaftServerConfigKeys (ConfUtils.java:logGet(43)) - raft.server.log.corruption.policy = EXCEPTION (default)
2019-10-22 14:25:19,566 [pool-27-thread-1] INFO  storage.RaftStorageDirectory (RaftStorageDirectory.java:analyzeStorage(246)) - The storage directory /workdir/hadoop-ozone/integration-test/target/test-dir/MiniOzoneClusterImpl-5e129b3f-6122-4345-a4c8-196d0e61d05e/datanode-0/data/ratis/c7bb606c-ab7e-468b-a450-683a3891e2a6 does not exist. Creating ...
2019-10-22 14:25:19,585 [pool-27-thread-1] INFO  storage.RaftStorageDirectory (RaftStorageDirectory.java:tryLock(328)) - Lock on /workdir/hadoop-ozone/integration-test/target/test-dir/MiniOzoneClusterImpl-5e129b3f-6122-4345-a4c8-196d0e61d05e/datanode-0/data/ratis/c7bb606c-ab7e-468b-a450-683a3891e2a6/in_use.lock acquired by nodename 29549@dev-testrun-4rklj-35625584
2019-10-22 14:25:19,600 [pool-27-thread-1] INFO  storage.RaftStorage (RaftStorage.java:format(84)) - Storage directory /workdir/hadoop-ozone/integration-test/target/test-dir/MiniOzoneClusterImpl-5e129b3f-6122-4345-a4c8-196d0e61d05e/datanode-0/data/ratis/c7bb606c-ab7e-468b-a450-683a3891e2a6 has been successfully formatted.
2019-10-22 14:25:19,602 [pool-27-thread-1] INFO  ratis.ContainerStateMachine (ContainerStateMachine.java:loadSnapshot(231)) - group-683A3891E2A6: The snapshot info is null. Setting the last applied indexto:(t:0, i:~)
2019-10-22 14:25:19,603 [pool-27-thread-1] INFO  server.RaftServerConfigKeys (ConfUtils.java:logGet(43)) - raft.server.notification.no-leader.timeout = 1000s (custom)
2019-10-22 14:25:19,605 [pool-27-thread-1] INFO  server.RaftServerConfigKeys (ConfUtils.java:logGet(43)) - raft.server.log.use.memory = false (default)
2019-10-22 14:25:19,611 [pool-27-thread-1] INFO  server.RaftServerConfigKeys (ConfUtils.java:logGet(43)) - raft.server.log.purge.gap = 1000000 (custom)
2019-10-22 14:25:19,611 [pool-27-thread-1] INFO  server.RaftServerConfigKeys (ConfUtils.java:logGet(43)) - raft.server.log.appender.buffer.byte-limit = 33554432 (custom)
2019-10-22 14:25:19,614 [pool-27-thread-1] INFO  server.RaftServerConfigKeys (ConfUtils.java:logGet(43)) - raft.server.log.segment.size.max = 1048576 (custom)
2019-10-22 14:25:19,623 [pool-27-thread-1] INFO  metrics.MetricRegistries (MetricRegistriesLoader.java:load(64)) - Loaded MetricRegistries class org.apache.ratis.metrics.impl.MetricRegistriesImpl
2019-10-22 14:25:19,627 [pool-27-thread-1] WARN  impl.MetricRegistriesImpl (MetricRegistriesImpl.java:lambda$create$1(61)) - First MetricRegistry has been created without registering reporters. You may need to call MetricRegistries.global().addReportRegistration(...) before.
2019-10-22 14:25:19,633 [pool-27-thread-1] INFO  server.RaftServerConfigKeys (ConfUtils.java:logGet(43)) - raft.server.log.segment.cache.num.max = 2 (custom)
2019-10-22 14:25:19,639 [pool-27-thread-1] INFO  segmented.SegmentedRaftLogWorker (SegmentedRaftLogWorker.java:<init>(173)) - new 94363dd8-42f5-429b-bbe3-506d55a6d307@group-683A3891E2A6-SegmentedRaftLogWorker for RaftStorage:Storage Directory /workdir/hadoop-ozone/integration-test/target/test-dir/MiniOzoneClusterImpl-5e129b3f-6122-4345-a4c8-196d0e61d05e/datanode-0/data/ratis/c7bb606c-ab7e-468b-a450-683a3891e2a6
2019-10-22 14:25:19,639 [pool-27-thread-1] INFO  server.RaftServerConfigKeys (ConfUtils.java:logGet(43)) - raft.server.log.queue.byte-limit = 2147483647 (custom)
2019-10-22 14:25:19,640 [pool-27-thread-1] INFO  server.RaftServerConfigKeys (ConfUtils.java:logGet(43)) - raft.server.log.queue.element-limit = 1024 (custom)
2019-10-22 14:25:19,641 [pool-27-thread-1] INFO  server.RaftServerConfigKeys (ConfUtils.java:logGet(43)) - raft.server.log.segment.size.max = 1048576 (custom)
2019-10-22 14:25:19,641 [pool-27-thread-1] INFO  server.RaftServerConfigKeys (ConfUtils.java:logGet(43)) - raft.server.log.preallocated.size = 16384 (custom)
2019-10-22 14:25:19,642 [pool-27-thread-1] INFO  server.RaftServerConfigKeys (ConfUtils.java:logGet(43)) - raft.server.log.write.buffer.size = 33554432 (custom)
2019-10-22 14:25:19,643 [pool-27-thread-1] INFO  server.RaftServerConfigKeys (ConfUtils.java:logGet(43)) - raft.server.log.force.sync.num = 128 (default)
2019-10-22 14:25:19,644 [pool-27-thread-1] INFO  server.RaftServerConfigKeys (ConfUtils.java:logGet(43)) - raft.server.log.statemachine.data.sync = true (default)
2019-10-22 14:25:19,644 [pool-27-thread-1] INFO  server.RaftServerConfigKeys (ConfUtils.java:logGet(43)) - raft.server.log.statemachine.data.sync.timeout = 10s (default)
2019-10-22 14:25:19,644 [pool-27-thread-1] INFO  server.RaftServerConfigKeys (ConfUtils.java:logGet(43)) - raft.server.log.statemachine.data.sync.timeout.retry = -1 (default)
2019-10-22 14:25:19,654 [pool-27-thread-1] INFO  server.RaftServerConfigKeys (ConfUtils.java:logGet(43)) - raft.server.log.statemachine.data.caching.enabled = true (custom)
2019-10-22 14:25:19,659 [pool-27-thread-1] INFO  segmented.SegmentedRaftLogWorker (SegmentedRaftLogWorker.java:lambda$new$0(128)) - 94363dd8-42f5-429b-bbe3-506d55a6d307@group-683A3891E2A6-SegmentedRaftLogWorker: flushIndex: setUnconditionally 0 -> -1
2019-10-22 14:25:19,663 [pool-27-thread-1] INFO  server.RaftServerConfigKeys (ConfUtils.java:logGet(43)) - raft.server.snapshot.auto.trigger.enabled = true (custom)
2019-10-22 14:25:19,664 [pool-27-thread-1] INFO  server.RaftServerConfigKeys (ConfUtils.java:logGet(43)) - raft.server.snapshot.auto.trigger.threshold = 10000 (custom)
2019-10-22 14:25:19,664 [pool-27-thread-1] INFO  server.RaftServerConfigKeys (ConfUtils.java:logGet(43)) - raft.server.snapshot.retention.file.num = 5 (custom)
2019-10-22 14:25:19,665 [pool-27-thread-1] INFO  server.RaftServerConfigKeys (ConfUtils.java:logGet(43)) - raft.server.retrycache.expirytime = 600000ms (custom)
2019-10-22 14:25:19,683 [pool-27-thread-1] WARN  impl.MetricRegistriesImpl (MetricRegistriesImpl.java:lambda$create$1(61)) - First MetricRegistry has been created without registering reporters. You may need to call MetricRegistries.global().addReportRegistration(...) before.
2019-10-22 14:25:19,685 [pool-27-thread-1] WARN  impl.MetricRegistriesImpl (MetricRegistriesImpl.java:lambda$create$1(61)) - First MetricRegistry has been created without registering reporters. You may need to call MetricRegistries.global().addReportRegistration(...) before.
2019-10-22 14:25:19,687 [pool-27-thread-1] INFO  impl.RaftServerImpl (RaftServerImpl.java:start(184)) - 94363dd8-42f5-429b-bbe3-506d55a6d307@group-683A3891E2A6: start as a follower, conf=-1: [94363dd8-42f5-429b-bbe3-506d55a6d307:192.168.69.94:46664], old=null
2019-10-22 14:25:19,688 [pool-27-thread-1] INFO  impl.RaftServerImpl (RaftServerImpl.java:setRole(173)) - 94363dd8-42f5-429b-bbe3-506d55a6d307@group-683A3891E2A6: changes role from      null to FOLLOWER at term 0 for startAsFollower
2019-10-22 14:25:19,689 [pool-27-thread-1] INFO  impl.RoleInfo (RoleInfo.java:updateAndGet(143)) - 94363dd8-42f5-429b-bbe3-506d55a6d307: start FollowerState
2019-10-22 14:25:19,691 [pool-27-thread-1] INFO  util.JmxRegister (JmxRegister.java:tryRegister(44)) - Successfully registered JMX Bean with object name Ratis:service=RaftServer,group=group-683A3891E2A6,id=94363dd8-42f5-429b-bbe3-506d55a6d307
2019-10-22 14:25:19,692 [pool-27-thread-1] WARN  impl.MetricRegistriesImpl (MetricRegistriesImpl.java:lambda$create$1(61)) - First MetricRegistry has been created without registering reporters. You may need to call MetricRegistries.global().addReportRegistration(...) before.
2019-10-22 14:25:19,760 [RatisPipelineUtilsThread] INFO  pipeline.PipelineStateManager (PipelineStateManager.java:addPipeline(56)) - Created pipeline Pipeline[ Id: c7bb606c-ab7e-468b-a450-683a3891e2a6, Nodes: 94363dd8-42f5-429b-bbe3-506d55a6d307{ip: 192.168.69.94, host: dev-testrun-4rklj-35625584, networkLocation: /default-rack, certSerialId: null}, Type:RATIS, Factor:ONE, State:OPEN]
2019-10-22 14:25:19,779 [grpc-default-executor-0] INFO  impl.RaftServerProxy (RaftServerProxy.java:addNew(89)) - c61b7886-1b9a-4032-b026-73ad3d840619: addNew group-863A15EAFF88:[c61b7886-1b9a-4032-b026-73ad3d840619:192.168.69.94:40251] returns group-863A15EAFF88:java.util.concurrent.CompletableFuture@72520076[Not completed]
2019-10-22 14:25:19,802 [pool-37-thread-1] INFO  impl.RaftServerImpl (RaftServerImpl.java:<init>(98)) - c61b7886-1b9a-4032-b026-73ad3d840619: new RaftServerImpl for group-863A15EAFF88:[c61b7886-1b9a-4032-b026-73ad3d840619:192.168.69.94:40251] with ContainerStateMachine:uninitialized
2019-10-22 14:25:19,803 [pool-37-thread-1] INFO  server.RaftServerConfigKeys (ConfUtils.java:logGet(43)) - raft.server.rpc.timeout.min = 5s (custom)
2019-10-22 14:25:19,804 [pool-37-thread-1] INFO  server.RaftServerConfigKeys (ConfUtils.java:logGet(43)) - raft.server.rpc.timeout.max = 5200ms (custom)
2019-10-22 14:25:19,804 [pool-37-thread-1] INFO  server.RaftServerConfigKeys (ConfUtils.java:logGet(43)) - raft.server.rpcslowness.timeout = 1000s (custom)
2019-10-22 14:25:19,804 [pool-37-thread-1] INFO  server.RaftServerConfigKeys (ConfUtils.java:logGet(43)) - raft.server.sleep.deviation.threshold = 300 (default)
2019-10-22 14:25:19,804 [pool-37-thread-1] INFO  server.RaftServerConfigKeys (ConfUtils.java:logGet(43)) - raft.server.log.appender.install.snapshot.enabled = false (custom)
2019-10-22 14:25:19,804 [pool-37-thread-1] INFO  impl.RaftServerImpl (ServerState.java:<init>(103)) - c61b7886-1b9a-4032-b026-73ad3d840619@group-863A15EAFF88: ConfigurationManager, init=-1: [c61b7886-1b9a-4032-b026-73ad3d840619:192.168.69.94:40251], old=null, confs=<EMPTY_MAP>
2019-10-22 14:25:19,805 [pool-37-thread-1] INFO  server.RaftServerConfigKeys (ConfUtils.java:logGet(43)) - raft.server.storage.dir = [/workdir/hadoop-ozone/integration-test/target/test-dir/MiniOzoneClusterImpl-5e129b3f-6122-4345-a4c8-196d0e61d05e/datanode-1/data/ratis] (custom)
2019-10-22 14:25:19,805 [pool-37-thread-1] INFO  server.RaftServerConfigKeys (ConfUtils.java:logGet(43)) - raft.server.log.corruption.policy = EXCEPTION (default)
2019-10-22 14:25:19,805 [pool-37-thread-1] INFO  storage.RaftStorageDirectory (RaftStorageDirectory.java:analyzeStorage(246)) - The storage directory /workdir/hadoop-ozone/integration-test/target/test-dir/MiniOzoneClusterImpl-5e129b3f-6122-4345-a4c8-196d0e61d05e/datanode-1/data/ratis/395c15aa-87bb-4080-a41d-863a15eaff88 does not exist. Creating ...
2019-10-22 14:25:19,818 [pool-37-thread-1] INFO  storage.RaftStorageDirectory (RaftStorageDirectory.java:tryLock(328)) - Lock on /workdir/hadoop-ozone/integration-test/target/test-dir/MiniOzoneClusterImpl-5e129b3f-6122-4345-a4c8-196d0e61d05e/datanode-1/data/ratis/395c15aa-87bb-4080-a41d-863a15eaff88/in_use.lock acquired by nodename 29549@dev-testrun-4rklj-35625584
2019-10-22 14:25:19,831 [pool-37-thread-1] INFO  storage.RaftStorage (RaftStorage.java:format(84)) - Storage directory /workdir/hadoop-ozone/integration-test/target/test-dir/MiniOzoneClusterImpl-5e129b3f-6122-4345-a4c8-196d0e61d05e/datanode-1/data/ratis/395c15aa-87bb-4080-a41d-863a15eaff88 has been successfully formatted.
2019-10-22 14:25:19,832 [pool-37-thread-1] INFO  ratis.ContainerStateMachine (ContainerStateMachine.java:loadSnapshot(231)) - group-863A15EAFF88: The snapshot info is null. Setting the last applied indexto:(t:0, i:~)
2019-10-22 14:25:19,833 [pool-37-thread-1] INFO  server.RaftServerConfigKeys (ConfUtils.java:logGet(43)) - raft.server.notification.no-leader.timeout = 1000s (custom)
2019-10-22 14:25:19,833 [pool-37-thread-1] INFO  server.RaftServerConfigKeys (ConfUtils.java:logGet(43)) - raft.server.log.use.memory = false (default)
2019-10-22 14:25:19,833 [pool-37-thread-1] INFO  server.RaftServerConfigKeys (ConfUtils.java:logGet(43)) - raft.server.log.purge.gap = 1000000 (custom)
2019-10-22 14:25:19,833 [pool-37-thread-1] INFO  server.RaftServerConfigKeys (ConfUtils.java:logGet(43)) - raft.server.log.appender.buffer.byte-limit = 33554432 (custom)
2019-10-22 14:25:19,834 [pool-37-thread-1] INFO  server.RaftServerConfigKeys (ConfUtils.java:logGet(43)) - raft.server.log.segment.size.max = 1048576 (custom)
2019-10-22 14:25:19,834 [pool-37-thread-1] WARN  impl.MetricRegistriesImpl (MetricRegistriesImpl.java:lambda$create$1(61)) - First MetricRegistry has been created without registering reporters. You may need to call MetricRegistries.global().addReportRegistration(...) before.
2019-10-22 14:25:19,835 [pool-37-thread-1] INFO  server.RaftServerConfigKeys (ConfUtils.java:logGet(43)) - raft.server.log.segment.cache.num.max = 2 (custom)
2019-10-22 14:25:19,835 [pool-37-thread-1] INFO  segmented.SegmentedRaftLogWorker (SegmentedRaftLogWorker.java:<init>(173)) - new c61b7886-1b9a-4032-b026-73ad3d840619@group-863A15EAFF88-SegmentedRaftLogWorker for RaftStorage:Storage Directory /workdir/hadoop-ozone/integration-test/target/test-dir/MiniOzoneClusterImpl-5e129b3f-6122-4345-a4c8-196d0e61d05e/datanode-1/data/ratis/395c15aa-87bb-4080-a41d-863a15eaff88
2019-10-22 14:25:19,836 [pool-37-thread-1] INFO  server.RaftServerConfigKeys (ConfUtils.java:logGet(43)) - raft.server.log.queue.byte-limit = 2147483647 (custom)
2019-10-22 14:25:19,836 [pool-37-thread-1] INFO  server.RaftServerConfigKeys (ConfUtils.java:logGet(43)) - raft.server.log.queue.element-limit = 1024 (custom)
2019-10-22 14:25:19,836 [pool-37-thread-1] INFO  server.RaftServerConfigKeys (ConfUtils.java:logGet(43)) - raft.server.log.segment.size.max = 1048576 (custom)
2019-10-22 14:25:19,836 [pool-37-thread-1] INFO  server.RaftServerConfigKeys (ConfUtils.java:logGet(43)) - raft.server.log.preallocated.size = 16384 (custom)
2019-10-22 14:25:19,836 [pool-37-thread-1] INFO  server.RaftServerConfigKeys (ConfUtils.java:logGet(43)) - raft.server.log.write.buffer.size = 33554432 (custom)
2019-10-22 14:25:19,836 [pool-37-thread-1] INFO  server.RaftServerConfigKeys (ConfUtils.java:logGet(43)) - raft.server.log.force.sync.num = 128 (default)
2019-10-22 14:25:19,837 [pool-37-thread-1] INFO  server.RaftServerConfigKeys (ConfUtils.java:logGet(43)) - raft.server.log.statemachine.data.sync = true (default)
2019-10-22 14:25:19,837 [pool-37-thread-1] INFO  server.RaftServerConfigKeys (ConfUtils.java:logGet(43)) - raft.server.log.statemachine.data.sync.timeout = 10s (default)
2019-10-22 14:25:19,837 [pool-37-thread-1] INFO  server.RaftServerConfigKeys (ConfUtils.java:logGet(43)) - raft.server.log.statemachine.data.sync.timeout.retry = -1 (default)
2019-10-22 14:25:19,837 [pool-37-thread-1] INFO  server.RaftServerConfigKeys (ConfUtils.java:logGet(43)) - raft.server.log.statemachine.data.caching.enabled = true (custom)
2019-10-22 14:25:19,838 [pool-37-thread-1] INFO  segmented.SegmentedRaftLogWorker (SegmentedRaftLogWorker.java:lambda$new$0(128)) - c61b7886-1b9a-4032-b026-73ad3d840619@group-863A15EAFF88-SegmentedRaftLogWorker: flushIndex: setUnconditionally 0 -> -1
2019-10-22 14:25:19,838 [pool-37-thread-1] INFO  server.RaftServerConfigKeys (ConfUtils.java:logGet(43)) - raft.server.snapshot.auto.trigger.enabled = true (custom)
2019-10-22 14:25:19,838 [pool-37-thread-1] INFO  server.RaftServerConfigKeys (ConfUtils.java:logGet(43)) - raft.server.snapshot.auto.trigger.threshold = 10000 (custom)
2019-10-22 14:25:19,839 [pool-37-thread-1] INFO  server.RaftServerConfigKeys (ConfUtils.java:logGet(43)) - raft.server.snapshot.retention.file.num = 5 (custom)
2019-10-22 14:25:19,839 [pool-37-thread-1] INFO  server.RaftServerConfigKeys (ConfUtils.java:logGet(43)) - raft.server.retrycache.expirytime = 600000ms (custom)
2019-10-22 14:25:19,839 [pool-37-thread-1] WARN  impl.MetricRegistriesImpl (MetricRegistriesImpl.java:lambda$create$1(61)) - First MetricRegistry has been created without registering reporters. You may need to call MetricRegistries.global().addReportRegistration(...) before.
2019-10-22 14:25:19,839 [pool-37-thread-1] WARN  impl.MetricRegistriesImpl (MetricRegistriesImpl.java:lambda$create$1(61)) - First MetricRegistry has been created without registering reporters. You may need to call MetricRegistries.global().addReportRegistration(...) before.
2019-10-22 14:25:19,840 [pool-37-thread-1] INFO  impl.RaftServerImpl (RaftServerImpl.java:start(184)) - c61b7886-1b9a-4032-b026-73ad3d840619@group-863A15EAFF88: start as a follower, conf=-1: [c61b7886-1b9a-4032-b026-73ad3d840619:192.168.69.94:40251], old=null
2019-10-22 14:25:19,840 [pool-37-thread-1] INFO  impl.RaftServerImpl (RaftServerImpl.java:setRole(173)) - c61b7886-1b9a-4032-b026-73ad3d840619@group-863A15EAFF88: changes role from      null to FOLLOWER at term 0 for startAsFollower
2019-10-22 14:25:19,840 [pool-37-thread-1] INFO  impl.RoleInfo (RoleInfo.java:updateAndGet(143)) - c61b7886-1b9a-4032-b026-73ad3d840619: start FollowerState
2019-10-22 14:25:19,841 [pool-37-thread-1] INFO  util.JmxRegister (JmxRegister.java:tryRegister(44)) - Successfully registered JMX Bean with object name Ratis:service=RaftServer,group=group-863A15EAFF88,id=c61b7886-1b9a-4032-b026-73ad3d840619
2019-10-22 14:25:19,842 [pool-37-thread-1] WARN  impl.MetricRegistriesImpl (MetricRegistriesImpl.java:lambda$create$1(61)) - First MetricRegistry has been created without registering reporters. You may need to call MetricRegistries.global().addReportRegistration(...) before.
2019-10-22 14:25:19,854 [RatisPipelineUtilsThread] INFO  pipeline.PipelineStateManager (PipelineStateManager.java:addPipeline(56)) - Created pipeline Pipeline[ Id: 395c15aa-87bb-4080-a41d-863a15eaff88, Nodes: c61b7886-1b9a-4032-b026-73ad3d840619{ip: 192.168.69.94, host: dev-testrun-4rklj-35625584, networkLocation: /default-rack, certSerialId: null}, Type:RATIS, Factor:ONE, State:OPEN]
2019-10-22 14:25:19,869 [grpc-default-executor-0] INFO  impl.RaftServerProxy (RaftServerProxy.java:addNew(89)) - 5e302b21-73c7-4c15-997b-467ec519df17: addNew group-67C5AE178B9B:[5e302b21-73c7-4c15-997b-467ec519df17:192.168.69.94:42500] returns group-67C5AE178B9B:java.util.concurrent.CompletableFuture@83a45ff[Not completed]
2019-10-22 14:25:19,880 [pool-47-thread-1] INFO  impl.RaftServerImpl (RaftServerImpl.java:<init>(98)) - 5e302b21-73c7-4c15-997b-467ec519df17: new RaftServerImpl for group-67C5AE178B9B:[5e302b21-73c7-4c15-997b-467ec519df17:192.168.69.94:42500] with ContainerStateMachine:uninitialized
2019-10-22 14:25:19,881 [pool-47-thread-1] INFO  server.RaftServerConfigKeys (ConfUtils.java:logGet(43)) - raft.server.rpc.timeout.min = 5s (custom)
2019-10-22 14:25:19,881 [pool-47-thread-1] INFO  server.RaftServerConfigKeys (ConfUtils.java:logGet(43)) - raft.server.rpc.timeout.max = 5200ms (custom)
2019-10-22 14:25:19,881 [pool-47-thread-1] INFO  server.RaftServerConfigKeys (ConfUtils.java:logGet(43)) - raft.server.rpcslowness.timeout = 1000s (custom)
2019-10-22 14:25:19,881 [pool-47-thread-1] INFO  server.RaftServerConfigKeys (ConfUtils.java:logGet(43)) - raft.server.sleep.deviation.threshold = 300 (default)
2019-10-22 14:25:19,882 [pool-47-thread-1] INFO  server.RaftServerConfigKeys (ConfUtils.java:logGet(43)) - raft.server.log.appender.install.snapshot.enabled = false (custom)
2019-10-22 14:25:19,882 [pool-47-thread-1] INFO  impl.RaftServerImpl (ServerState.java:<init>(103)) - 5e302b21-73c7-4c15-997b-467ec519df17@group-67C5AE178B9B: ConfigurationManager, init=-1: [5e302b21-73c7-4c15-997b-467ec519df17:192.168.69.94:42500], old=null, confs=<EMPTY_MAP>
2019-10-22 14:25:19,882 [pool-47-thread-1] INFO  server.RaftServerConfigKeys (ConfUtils.java:logGet(43)) - raft.server.storage.dir = [/workdir/hadoop-ozone/integration-test/target/test-dir/MiniOzoneClusterImpl-5e129b3f-6122-4345-a4c8-196d0e61d05e/datanode-2/data/ratis] (custom)
2019-10-22 14:25:19,882 [pool-47-thread-1] INFO  server.RaftServerConfigKeys (ConfUtils.java:logGet(43)) - raft.server.log.corruption.policy = EXCEPTION (default)
2019-10-22 14:25:19,882 [pool-47-thread-1] INFO  storage.RaftStorageDirectory (RaftStorageDirectory.java:analyzeStorage(246)) - The storage directory /workdir/hadoop-ozone/integration-test/target/test-dir/MiniOzoneClusterImpl-5e129b3f-6122-4345-a4c8-196d0e61d05e/datanode-2/data/ratis/2c494976-f437-4acf-a752-67c5ae178b9b does not exist. Creating ...
2019-10-22 14:25:19,902 [pool-47-thread-1] INFO  storage.RaftStorageDirectory (RaftStorageDirectory.java:tryLock(328)) - Lock on /workdir/hadoop-ozone/integration-test/target/test-dir/MiniOzoneClusterImpl-5e129b3f-6122-4345-a4c8-196d0e61d05e/datanode-2/data/ratis/2c494976-f437-4acf-a752-67c5ae178b9b/in_use.lock acquired by nodename 29549@dev-testrun-4rklj-35625584
2019-10-22 14:25:19,916 [pool-47-thread-1] INFO  storage.RaftStorage (RaftStorage.java:format(84)) - Storage directory /workdir/hadoop-ozone/integration-test/target/test-dir/MiniOzoneClusterImpl-5e129b3f-6122-4345-a4c8-196d0e61d05e/datanode-2/data/ratis/2c494976-f437-4acf-a752-67c5ae178b9b has been successfully formatted.
2019-10-22 14:25:19,916 [pool-47-thread-1] INFO  ratis.ContainerStateMachine (ContainerStateMachine.java:loadSnapshot(231)) - group-67C5AE178B9B: The snapshot info is null. Setting the last applied indexto:(t:0, i:~)
2019-10-22 14:25:19,916 [pool-47-thread-1] INFO  server.RaftServerConfigKeys (ConfUtils.java:logGet(43)) - raft.server.notification.no-leader.timeout = 1000s (custom)
2019-10-22 14:25:19,916 [pool-47-thread-1] INFO  server.RaftServerConfigKeys (ConfUtils.java:logGet(43)) - raft.server.log.use.memory = false (default)
2019-10-22 14:25:19,916 [pool-47-thread-1] INFO  server.RaftServerConfigKeys (ConfUtils.java:logGet(43)) - raft.server.log.purge.gap = 1000000 (custom)
2019-10-22 14:25:19,916 [pool-47-thread-1] INFO  server.RaftServerConfigKeys (ConfUtils.java:logGet(43)) - raft.server.log.appender.buffer.byte-limit = 33554432 (custom)
2019-10-22 14:25:19,917 [pool-47-thread-1] INFO  server.RaftServerConfigKeys (ConfUtils.java:logGet(43)) - raft.server.log.segment.size.max = 1048576 (custom)
2019-10-22 14:25:19,917 [pool-47-thread-1] WARN  impl.MetricRegistriesImpl (MetricRegistriesImpl.java:lambda$create$1(61)) - First MetricRegistry has been created without registering reporters. You may need to call MetricRegistries.global().addReportRegistration(...) before.
2019-10-22 14:25:19,917 [pool-47-thread-1] INFO  server.RaftServerConfigKeys (ConfUtils.java:logGet(43)) - raft.server.log.segment.cache.num.max = 2 (custom)
2019-10-22 14:25:19,917 [pool-47-thread-1] INFO  segmented.SegmentedRaftLogWorker (SegmentedRaftLogWorker.java:<init>(173)) - new 5e302b21-73c7-4c15-997b-467ec519df17@group-67C5AE178B9B-SegmentedRaftLogWorker for RaftStorage:Storage Directory /workdir/hadoop-ozone/integration-test/target/test-dir/MiniOzoneClusterImpl-5e129b3f-6122-4345-a4c8-196d0e61d05e/datanode-2/data/ratis/2c494976-f437-4acf-a752-67c5ae178b9b
2019-10-22 14:25:19,917 [pool-47-thread-1] INFO  server.RaftServerConfigKeys (ConfUtils.java:logGet(43)) - raft.server.log.queue.byte-limit = 2147483647 (custom)
2019-10-22 14:25:19,917 [pool-47-thread-1] INFO  server.RaftServerConfigKeys (ConfUtils.java:logGet(43)) - raft.server.log.queue.element-limit = 1024 (custom)
2019-10-22 14:25:19,917 [pool-47-thread-1] INFO  server.RaftServerConfigKeys (ConfUtils.java:logGet(43)) - raft.server.log.segment.size.max = 1048576 (custom)
2019-10-22 14:25:19,917 [pool-47-thread-1] INFO  server.RaftServerConfigKeys (ConfUtils.java:logGet(43)) - raft.server.log.preallocated.size = 16384 (custom)
2019-10-22 14:25:19,918 [pool-47-thread-1] INFO  server.RaftServerConfigKeys (ConfUtils.java:logGet(43)) - raft.server.log.write.buffer.size = 33554432 (custom)
2019-10-22 14:25:19,918 [pool-47-thread-1] INFO  server.RaftServerConfigKeys (ConfUtils.java:logGet(43)) - raft.server.log.force.sync.num = 128 (default)
2019-10-22 14:25:19,918 [pool-47-thread-1] INFO  server.RaftServerConfigKeys (ConfUtils.java:logGet(43)) - raft.server.log.statemachine.data.sync = true (default)
2019-10-22 14:25:19,918 [pool-47-thread-1] INFO  server.RaftServerConfigKeys (ConfUtils.java:logGet(43)) - raft.server.log.statemachine.data.sync.timeout = 10s (default)
2019-10-22 14:25:19,918 [pool-47-thread-1] INFO  server.RaftServerConfigKeys (ConfUtils.java:logGet(43)) - raft.server.log.statemachine.data.sync.timeout.retry = -1 (default)
2019-10-22 14:25:19,918 [pool-47-thread-1] INFO  server.RaftServerConfigKeys (ConfUtils.java:logGet(43)) - raft.server.log.statemachine.data.caching.enabled = true (custom)
2019-10-22 14:25:19,919 [pool-47-thread-1] INFO  segmented.SegmentedRaftLogWorker (SegmentedRaftLogWorker.java:lambda$new$0(128)) - 5e302b21-73c7-4c15-997b-467ec519df17@group-67C5AE178B9B-SegmentedRaftLogWorker: flushIndex: setUnconditionally 0 -> -1
2019-10-22 14:25:19,919 [pool-47-thread-1] INFO  server.RaftServerConfigKeys (ConfUtils.java:logGet(43)) - raft.server.snapshot.auto.trigger.enabled = true (custom)
2019-10-22 14:25:19,919 [pool-47-thread-1] INFO  server.RaftServerConfigKeys (ConfUtils.java:logGet(43)) - raft.server.snapshot.auto.trigger.threshold = 10000 (custom)
2019-10-22 14:25:19,919 [pool-47-thread-1] INFO  server.RaftServerConfigKeys (ConfUtils.java:logGet(43)) - raft.server.snapshot.retention.file.num = 5 (custom)
2019-10-22 14:25:19,919 [pool-47-thread-1] INFO  server.RaftServerConfigKeys (ConfUtils.java:logGet(43)) - raft.server.retrycache.expirytime = 600000ms (custom)
2019-10-22 14:25:19,920 [pool-47-thread-1] WARN  impl.MetricRegistriesImpl (MetricRegistriesImpl.java:lambda$create$1(61)) - First MetricRegistry has been created without registering reporters. You may need to call MetricRegistries.global().addReportRegistration(...) before.
2019-10-22 14:25:19,920 [pool-47-thread-1] WARN  impl.MetricRegistriesImpl (MetricRegistriesImpl.java:lambda$create$1(61)) - First MetricRegistry has been created without registering reporters. You may need to call MetricRegistries.global().addReportRegistration(...) before.
2019-10-22 14:25:19,920 [pool-47-thread-1] INFO  impl.RaftServerImpl (RaftServerImpl.java:start(184)) - 5e302b21-73c7-4c15-997b-467ec519df17@group-67C5AE178B9B: start as a follower, conf=-1: [5e302b21-73c7-4c15-997b-467ec519df17:192.168.69.94:42500], old=null
2019-10-22 14:25:19,920 [pool-47-thread-1] INFO  impl.RaftServerImpl (RaftServerImpl.java:setRole(173)) - 5e302b21-73c7-4c15-997b-467ec519df17@group-67C5AE178B9B: changes role from      null to FOLLOWER at term 0 for startAsFollower
2019-10-22 14:25:19,920 [pool-47-thread-1] INFO  impl.RoleInfo (RoleInfo.java:updateAndGet(143)) - 5e302b21-73c7-4c15-997b-467ec519df17: start FollowerState
2019-10-22 14:25:19,921 [pool-47-thread-1] INFO  util.JmxRegister (JmxRegister.java:tryRegister(44)) - Successfully registered JMX Bean with object name Ratis:service=RaftServer,group=group-67C5AE178B9B,id=5e302b21-73c7-4c15-997b-467ec519df17
2019-10-22 14:25:19,921 [pool-47-thread-1] WARN  impl.MetricRegistriesImpl (MetricRegistriesImpl.java:lambda$create$1(61)) - First MetricRegistry has been created without registering reporters. You may need to call MetricRegistries.global().addReportRegistration(...) before.
2019-10-22 14:25:19,932 [RatisPipelineUtilsThread] INFO  pipeline.PipelineStateManager (PipelineStateManager.java:addPipeline(56)) - Created pipeline Pipeline[ Id: 2c494976-f437-4acf-a752-67c5ae178b9b, Nodes: 5e302b21-73c7-4c15-997b-467ec519df17{ip: 192.168.69.94, host: dev-testrun-4rklj-35625584, networkLocation: /default-rack, certSerialId: null}, Type:RATIS, Factor:ONE, State:OPEN]
2019-10-22 14:25:19,959 [grpc-default-executor-1] INFO  impl.RaftServerProxy (RaftServerProxy.java:addNew(89)) - 94363dd8-42f5-429b-bbe3-506d55a6d307: addNew group-D63FC7E0523A:[c61b7886-1b9a-4032-b026-73ad3d840619:192.168.69.94:40251, 5e302b21-73c7-4c15-997b-467ec519df17:192.168.69.94:42500, 94363dd8-42f5-429b-bbe3-506d55a6d307:192.168.69.94:46664] returns group-D63FC7E0523A:java.util.concurrent.CompletableFuture@70dc79e[Not completed]
2019-10-22 14:25:19,962 [pool-27-thread-1] INFO  impl.RaftServerImpl (RaftServerImpl.java:<init>(98)) - 94363dd8-42f5-429b-bbe3-506d55a6d307: new RaftServerImpl for group-D63FC7E0523A:[c61b7886-1b9a-4032-b026-73ad3d840619:192.168.69.94:40251, 5e302b21-73c7-4c15-997b-467ec519df17:192.168.69.94:42500, 94363dd8-42f5-429b-bbe3-506d55a6d307:192.168.69.94:46664] with ContainerStateMachine:uninitialized
2019-10-22 14:25:19,963 [pool-27-thread-1] INFO  server.RaftServerConfigKeys (ConfUtils.java:logGet(43)) - raft.server.rpc.timeout.min = 5s (custom)
2019-10-22 14:25:19,963 [pool-27-thread-1] INFO  server.RaftServerConfigKeys (ConfUtils.java:logGet(43)) - raft.server.rpc.timeout.max = 5200ms (custom)
2019-10-22 14:25:19,963 [pool-27-thread-1] INFO  server.RaftServerConfigKeys (ConfUtils.java:logGet(43)) - raft.server.rpcslowness.timeout = 1000s (custom)
2019-10-22 14:25:19,963 [pool-27-thread-1] INFO  server.RaftServerConfigKeys (ConfUtils.java:logGet(43)) - raft.server.sleep.deviation.threshold = 300 (default)
2019-10-22 14:25:19,963 [grpc-default-executor-1] INFO  impl.RaftServerProxy (RaftServerProxy.java:addNew(89)) - c61b7886-1b9a-4032-b026-73ad3d840619: addNew group-D63FC7E0523A:[c61b7886-1b9a-4032-b026-73ad3d840619:192.168.69.94:40251, 5e302b21-73c7-4c15-997b-467ec519df17:192.168.69.94:42500, 94363dd8-42f5-429b-bbe3-506d55a6d307:192.168.69.94:46664] returns group-D63FC7E0523A:java.util.concurrent.CompletableFuture@4630cda5[Not completed]
2019-10-22 14:25:19,963 [pool-27-thread-1] INFO  server.RaftServerConfigKeys (ConfUtils.java:logGet(43)) - raft.server.log.appender.install.snapshot.enabled = false (custom)
2019-10-22 14:25:19,964 [pool-27-thread-1] INFO  impl.RaftServerImpl (ServerState.java:<init>(103)) - 94363dd8-42f5-429b-bbe3-506d55a6d307@group-D63FC7E0523A: ConfigurationManager, init=-1: [c61b7886-1b9a-4032-b026-73ad3d840619:192.168.69.94:40251, 5e302b21-73c7-4c15-997b-467ec519df17:192.168.69.94:42500, 94363dd8-42f5-429b-bbe3-506d55a6d307:192.168.69.94:46664], old=null, confs=<EMPTY_MAP>
2019-10-22 14:25:19,964 [pool-27-thread-1] INFO  server.RaftServerConfigKeys (ConfUtils.java:logGet(43)) - raft.server.storage.dir = [/workdir/hadoop-ozone/integration-test/target/test-dir/MiniOzoneClusterImpl-5e129b3f-6122-4345-a4c8-196d0e61d05e/datanode-0/data/ratis] (custom)
2019-10-22 14:25:19,965 [pool-27-thread-1] INFO  server.RaftServerConfigKeys (ConfUtils.java:logGet(43)) - raft.server.log.corruption.policy = EXCEPTION (default)
2019-10-22 14:25:19,965 [grpc-default-executor-2] INFO  impl.RaftServerProxy (RaftServerProxy.java:addNew(89)) - 5e302b21-73c7-4c15-997b-467ec519df17: addNew group-D63FC7E0523A:[c61b7886-1b9a-4032-b026-73ad3d840619:192.168.69.94:40251, 5e302b21-73c7-4c15-997b-467ec519df17:192.168.69.94:42500, 94363dd8-42f5-429b-bbe3-506d55a6d307:192.168.69.94:46664] returns group-D63FC7E0523A:java.util.concurrent.CompletableFuture@360f129f[Not completed]
2019-10-22 14:25:19,965 [pool-27-thread-1] INFO  storage.RaftStorageDirectory (RaftStorageDirectory.java:analyzeStorage(246)) - The storage directory /workdir/hadoop-ozone/integration-test/target/test-dir/MiniOzoneClusterImpl-5e129b3f-6122-4345-a4c8-196d0e61d05e/datanode-0/data/ratis/7ee4d48e-88bb-4c96-868c-d63fc7e0523a does not exist. Creating ...
2019-10-22 14:25:19,966 [pool-37-thread-1] INFO  impl.RaftServerImpl (RaftServerImpl.java:<init>(98)) - c61b7886-1b9a-4032-b026-73ad3d840619: new RaftServerImpl for group-D63FC7E0523A:[c61b7886-1b9a-4032-b026-73ad3d840619:192.168.69.94:40251, 5e302b21-73c7-4c15-997b-467ec519df17:192.168.69.94:42500, 94363dd8-42f5-429b-bbe3-506d55a6d307:192.168.69.94:46664] with ContainerStateMachine:uninitialized
2019-10-22 14:25:19,966 [pool-37-thread-1] INFO  server.RaftServerConfigKeys (ConfUtils.java:logGet(43)) - raft.server.rpc.timeout.min = 5s (custom)
2019-10-22 14:25:19,967 [pool-37-thread-1] INFO  server.RaftServerConfigKeys (ConfUtils.java:logGet(43)) - raft.server.rpc.timeout.max = 5200ms (custom)
2019-10-22 14:25:19,967 [pool-37-thread-1] INFO  server.RaftServerConfigKeys (ConfUtils.java:logGet(43)) - raft.server.rpcslowness.timeout = 1000s (custom)
2019-10-22 14:25:19,967 [pool-37-thread-1] INFO  server.RaftServerConfigKeys (ConfUtils.java:logGet(43)) - raft.server.sleep.deviation.threshold = 300 (default)
2019-10-22 14:25:19,967 [pool-47-thread-1] INFO  impl.RaftServerImpl (RaftServerImpl.java:<init>(98)) - 5e302b21-73c7-4c15-997b-467ec519df17: new RaftServerImpl for group-D63FC7E0523A:[c61b7886-1b9a-4032-b026-73ad3d840619:192.168.69.94:40251, 5e302b21-73c7-4c15-997b-467ec519df17:192.168.69.94:42500, 94363dd8-42f5-429b-bbe3-506d55a6d307:192.168.69.94:46664] with ContainerStateMachine:uninitialized
2019-10-22 14:25:19,967 [pool-37-thread-1] INFO  server.RaftServerConfigKeys (ConfUtils.java:logGet(43)) - raft.server.log.appender.install.snapshot.enabled = false (custom)
2019-10-22 14:25:19,967 [pool-47-thread-1] INFO  server.RaftServerConfigKeys (ConfUtils.java:logGet(43)) - raft.server.rpc.timeout.min = 5s (custom)
2019-10-22 14:25:19,968 [pool-37-thread-1] INFO  impl.RaftServerImpl (ServerState.java:<init>(103)) - c61b7886-1b9a-4032-b026-73ad3d840619@group-D63FC7E0523A: ConfigurationManager, init=-1: [c61b7886-1b9a-4032-b026-73ad3d840619:192.168.69.94:40251, 5e302b21-73c7-4c15-997b-467ec519df17:192.168.69.94:42500, 94363dd8-42f5-429b-bbe3-506d55a6d307:192.168.69.94:46664], old=null, confs=<EMPTY_MAP>
2019-10-22 14:25:19,968 [pool-47-thread-1] INFO  server.RaftServerConfigKeys (ConfUtils.java:logGet(43)) - raft.server.rpc.timeout.max = 5200ms (custom)
2019-10-22 14:25:19,968 [pool-37-thread-1] INFO  server.RaftServerConfigKeys (ConfUtils.java:logGet(43)) - raft.server.storage.dir = [/workdir/hadoop-ozone/integration-test/target/test-dir/MiniOzoneClusterImpl-5e129b3f-6122-4345-a4c8-196d0e61d05e/datanode-1/data/ratis] (custom)
2019-10-22 14:25:19,968 [pool-47-thread-1] INFO  server.RaftServerConfigKeys (ConfUtils.java:logGet(43)) - raft.server.rpcslowness.timeout = 1000s (custom)
2019-10-22 14:25:19,968 [pool-47-thread-1] INFO  server.RaftServerConfigKeys (ConfUtils.java:logGet(43)) - raft.server.sleep.deviation.threshold = 300 (default)
2019-10-22 14:25:19,968 [pool-37-thread-1] INFO  server.RaftServerConfigKeys (ConfUtils.java:logGet(43)) - raft.server.log.corruption.policy = EXCEPTION (default)
2019-10-22 14:25:19,968 [pool-47-thread-1] INFO  server.RaftServerConfigKeys (ConfUtils.java:logGet(43)) - raft.server.log.appender.install.snapshot.enabled = false (custom)
2019-10-22 14:25:19,969 [pool-37-thread-1] INFO  storage.RaftStorageDirectory (RaftStorageDirectory.java:analyzeStorage(246)) - The storage directory /workdir/hadoop-ozone/integration-test/target/test-dir/MiniOzoneClusterImpl-5e129b3f-6122-4345-a4c8-196d0e61d05e/datanode-1/data/ratis/7ee4d48e-88bb-4c96-868c-d63fc7e0523a does not exist. Creating ...
2019-10-22 14:25:19,969 [pool-47-thread-1] INFO  impl.RaftServerImpl (ServerState.java:<init>(103)) - 5e302b21-73c7-4c15-997b-467ec519df17@group-D63FC7E0523A: ConfigurationManager, init=-1: [c61b7886-1b9a-4032-b026-73ad3d840619:192.168.69.94:40251, 5e302b21-73c7-4c15-997b-467ec519df17:192.168.69.94:42500, 94363dd8-42f5-429b-bbe3-506d55a6d307:192.168.69.94:46664], old=null, confs=<EMPTY_MAP>
2019-10-22 14:25:19,969 [pool-47-thread-1] INFO  server.RaftServerConfigKeys (ConfUtils.java:logGet(43)) - raft.server.storage.dir = [/workdir/hadoop-ozone/integration-test/target/test-dir/MiniOzoneClusterImpl-5e129b3f-6122-4345-a4c8-196d0e61d05e/datanode-2/data/ratis] (custom)
2019-10-22 14:25:19,969 [pool-47-thread-1] INFO  server.RaftServerConfigKeys (ConfUtils.java:logGet(43)) - raft.server.log.corruption.policy = EXCEPTION (default)
2019-10-22 14:25:19,970 [pool-47-thread-1] INFO  storage.RaftStorageDirectory (RaftStorageDirectory.java:analyzeStorage(246)) - The storage directory /workdir/hadoop-ozone/integration-test/target/test-dir/MiniOzoneClusterImpl-5e129b3f-6122-4345-a4c8-196d0e61d05e/datanode-2/data/ratis/7ee4d48e-88bb-4c96-868c-d63fc7e0523a does not exist. Creating ...
2019-10-22 14:25:19,979 [pool-27-thread-1] INFO  storage.RaftStorageDirectory (RaftStorageDirectory.java:tryLock(328)) - Lock on /workdir/hadoop-ozone/integration-test/target/test-dir/MiniOzoneClusterImpl-5e129b3f-6122-4345-a4c8-196d0e61d05e/datanode-0/data/ratis/7ee4d48e-88bb-4c96-868c-d63fc7e0523a/in_use.lock acquired by nodename 29549@dev-testrun-4rklj-35625584
2019-10-22 14:25:19,979 [pool-37-thread-1] INFO  storage.RaftStorageDirectory (RaftStorageDirectory.java:tryLock(328)) - Lock on /workdir/hadoop-ozone/integration-test/target/test-dir/MiniOzoneClusterImpl-5e129b3f-6122-4345-a4c8-196d0e61d05e/datanode-1/data/ratis/7ee4d48e-88bb-4c96-868c-d63fc7e0523a/in_use.lock acquired by nodename 29549@dev-testrun-4rklj-35625584
2019-10-22 14:25:19,979 [pool-47-thread-1] INFO  storage.RaftStorageDirectory (RaftStorageDirectory.java:tryLock(328)) - Lock on /workdir/hadoop-ozone/integration-test/target/test-dir/MiniOzoneClusterImpl-5e129b3f-6122-4345-a4c8-196d0e61d05e/datanode-2/data/ratis/7ee4d48e-88bb-4c96-868c-d63fc7e0523a/in_use.lock acquired by nodename 29549@dev-testrun-4rklj-35625584
2019-10-22 14:25:19,992 [pool-27-thread-1] INFO  storage.RaftStorage (RaftStorage.java:format(84)) - Storage directory /workdir/hadoop-ozone/integration-test/target/test-dir/MiniOzoneClusterImpl-5e129b3f-6122-4345-a4c8-196d0e61d05e/datanode-0/data/ratis/7ee4d48e-88bb-4c96-868c-d63fc7e0523a has been successfully formatted.
2019-10-22 14:25:19,992 [pool-47-thread-1] INFO  storage.RaftStorage (RaftStorage.java:format(84)) - Storage directory /workdir/hadoop-ozone/integration-test/target/test-dir/MiniOzoneClusterImpl-5e129b3f-6122-4345-a4c8-196d0e61d05e/datanode-2/data/ratis/7ee4d48e-88bb-4c96-868c-d63fc7e0523a has been successfully formatted.
2019-10-22 14:25:19,992 [pool-37-thread-1] INFO  storage.RaftStorage (RaftStorage.java:format(84)) - Storage directory /workdir/hadoop-ozone/integration-test/target/test-dir/MiniOzoneClusterImpl-5e129b3f-6122-4345-a4c8-196d0e61d05e/datanode-1/data/ratis/7ee4d48e-88bb-4c96-868c-d63fc7e0523a has been successfully formatted.
2019-10-22 14:25:19,993 [pool-27-thread-1] INFO  ratis.ContainerStateMachine (ContainerStateMachine.java:loadSnapshot(231)) - group-D63FC7E0523A: The snapshot info is null. Setting the last applied indexto:(t:0, i:~)
2019-10-22 14:25:19,993 [pool-47-thread-1] INFO  ratis.ContainerStateMachine (ContainerStateMachine.java:loadSnapshot(231)) - group-D63FC7E0523A: The snapshot info is null. Setting the last applied indexto:(t:0, i:~)
2019-10-22 14:25:19,993 [pool-37-thread-1] INFO  ratis.ContainerStateMachine (ContainerStateMachine.java:loadSnapshot(231)) - group-D63FC7E0523A: The snapshot info is null. Setting the last applied indexto:(t:0, i:~)
2019-10-22 14:25:19,993 [pool-27-thread-1] INFO  server.RaftServerConfigKeys (ConfUtils.java:logGet(43)) - raft.server.notification.no-leader.timeout = 1000s (custom)
2019-10-22 14:25:19,993 [pool-37-thread-1] INFO  server.RaftServerConfigKeys (ConfUtils.java:logGet(43)) - raft.server.notification.no-leader.timeout = 1000s (custom)
2019-10-22 14:25:19,993 [pool-47-thread-1] INFO  server.RaftServerConfigKeys (ConfUtils.java:logGet(43)) - raft.server.notification.no-leader.timeout = 1000s (custom)
2019-10-22 14:25:19,994 [pool-37-thread-1] INFO  server.RaftServerConfigKeys (ConfUtils.java:logGet(43)) - raft.server.log.use.memory = false (default)
2019-10-22 14:25:19,994 [pool-27-thread-1] INFO  server.RaftServerConfigKeys (ConfUtils.java:logGet(43)) - raft.server.log.use.memory = false (default)
2019-10-22 14:25:19,994 [pool-37-thread-1] INFO  server.RaftServerConfigKeys (ConfUtils.java:logGet(43)) - raft.server.log.purge.gap = 1000000 (custom)
2019-10-22 14:25:19,994 [pool-47-thread-1] INFO  server.RaftServerConfigKeys (ConfUtils.java:logGet(43)) - raft.server.log.use.memory = false (default)
2019-10-22 14:25:19,994 [pool-37-thread-1] INFO  server.RaftServerConfigKeys (ConfUtils.java:logGet(43)) - raft.server.log.appender.buffer.byte-limit = 33554432 (custom)
2019-10-22 14:25:19,994 [pool-27-thread-1] INFO  server.RaftServerConfigKeys (ConfUtils.java:logGet(43)) - raft.server.log.purge.gap = 1000000 (custom)
2019-10-22 14:25:19,995 [pool-37-thread-1] INFO  server.RaftServerConfigKeys (ConfUtils.java:logGet(43)) - raft.server.log.segment.size.max = 1048576 (custom)
2019-10-22 14:25:19,994 [pool-47-thread-1] INFO  server.RaftServerConfigKeys (ConfUtils.java:logGet(43)) - raft.server.log.purge.gap = 1000000 (custom)
2019-10-22 14:25:19,995 [pool-27-thread-1] INFO  server.RaftServerConfigKeys (ConfUtils.java:logGet(43)) - raft.server.log.appender.buffer.byte-limit = 33554432 (custom)
2019-10-22 14:25:19,995 [pool-47-thread-1] INFO  server.RaftServerConfigKeys (ConfUtils.java:logGet(43)) - raft.server.log.appender.buffer.byte-limit = 33554432 (custom)
2019-10-22 14:25:19,995 [pool-37-thread-1] INFO  server.RaftServerConfigKeys (ConfUtils.java:logGet(43)) - raft.server.log.segment.cache.num.max = 2 (custom)
2019-10-22 14:25:19,995 [pool-47-thread-1] INFO  server.RaftServerConfigKeys (ConfUtils.java:logGet(43)) - raft.server.log.segment.size.max = 1048576 (custom)
2019-10-22 14:25:19,995 [pool-27-thread-1] INFO  server.RaftServerConfigKeys (ConfUtils.java:logGet(43)) - raft.server.log.segment.size.max = 1048576 (custom)
2019-10-22 14:25:19,996 [pool-47-thread-1] INFO  server.RaftServerConfigKeys (ConfUtils.java:logGet(43)) - raft.server.log.segment.cache.num.max = 2 (custom)
2019-10-22 14:25:19,995 [pool-37-thread-1] INFO  segmented.SegmentedRaftLogWorker (SegmentedRaftLogWorker.java:<init>(173)) - new c61b7886-1b9a-4032-b026-73ad3d840619@group-D63FC7E0523A-SegmentedRaftLogWorker for RaftStorage:Storage Directory /workdir/hadoop-ozone/integration-test/target/test-dir/MiniOzoneClusterImpl-5e129b3f-6122-4345-a4c8-196d0e61d05e/datanode-1/data/ratis/7ee4d48e-88bb-4c96-868c-d63fc7e0523a
2019-10-22 14:25:19,996 [pool-47-thread-1] INFO  segmented.SegmentedRaftLogWorker (SegmentedRaftLogWorker.java:<init>(173)) - new 5e302b21-73c7-4c15-997b-467ec519df17@group-D63FC7E0523A-SegmentedRaftLogWorker for RaftStorage:Storage Directory /workdir/hadoop-ozone/integration-test/target/test-dir/MiniOzoneClusterImpl-5e129b3f-6122-4345-a4c8-196d0e61d05e/datanode-2/data/ratis/7ee4d48e-88bb-4c96-868c-d63fc7e0523a
2019-10-22 14:25:19,996 [pool-27-thread-1] INFO  server.RaftServerConfigKeys (ConfUtils.java:logGet(43)) - raft.server.log.segment.cache.num.max = 2 (custom)
2019-10-22 14:25:19,996 [pool-47-thread-1] INFO  server.RaftServerConfigKeys (ConfUtils.java:logGet(43)) - raft.server.log.queue.byte-limit = 2147483647 (custom)
2019-10-22 14:25:19,996 [pool-37-thread-1] INFO  server.RaftServerConfigKeys (ConfUtils.java:logGet(43)) - raft.server.log.queue.byte-limit = 2147483647 (custom)
2019-10-22 14:25:19,996 [pool-47-thread-1] INFO  server.RaftServerConfigKeys (ConfUtils.java:logGet(43)) - raft.server.log.queue.element-limit = 1024 (custom)
2019-10-22 14:25:19,996 [pool-27-thread-1] INFO  segmented.SegmentedRaftLogWorker (SegmentedRaftLogWorker.java:<init>(173)) - new 94363dd8-42f5-429b-bbe3-506d55a6d307@group-D63FC7E0523A-SegmentedRaftLogWorker for RaftStorage:Storage Directory /workdir/hadoop-ozone/integration-test/target/test-dir/MiniOzoneClusterImpl-5e129b3f-6122-4345-a4c8-196d0e61d05e/datanode-0/data/ratis/7ee4d48e-88bb-4c96-868c-d63fc7e0523a
2019-10-22 14:25:19,997 [pool-37-thread-1] INFO  server.RaftServerConfigKeys (ConfUtils.java:logGet(43)) - raft.server.log.queue.element-limit = 1024 (custom)
2019-10-22 14:25:19,997 [pool-27-thread-1] INFO  server.RaftServerConfigKeys (ConfUtils.java:logGet(43)) - raft.server.log.queue.byte-limit = 2147483647 (custom)
2019-10-22 14:25:19,997 [pool-47-thread-1] INFO  server.RaftServerConfigKeys (ConfUtils.java:logGet(43)) - raft.server.log.segment.size.max = 1048576 (custom)
2019-10-22 14:25:19,997 [pool-27-thread-1] INFO  server.RaftServerConfigKeys (ConfUtils.java:logGet(43)) - raft.server.log.queue.element-limit = 1024 (custom)
2019-10-22 14:25:19,997 [pool-37-thread-1] INFO  server.RaftServerConfigKeys (ConfUtils.java:logGet(43)) - raft.server.log.segment.size.max = 1048576 (custom)
2019-10-22 14:25:19,997 [pool-27-thread-1] INFO  server.RaftServerConfigKeys (ConfUtils.java:logGet(43)) - raft.server.log.segment.size.max = 1048576 (custom)
2019-10-22 14:25:19,997 [pool-47-thread-1] INFO  server.RaftServerConfigKeys (ConfUtils.java:logGet(43)) - raft.server.log.preallocated.size = 16384 (custom)
2019-10-22 14:25:19,998 [pool-27-thread-1] INFO  server.RaftServerConfigKeys (ConfUtils.java:logGet(43)) - raft.server.log.preallocated.size = 16384 (custom)
2019-10-22 14:25:19,998 [pool-37-thread-1] INFO  server.RaftServerConfigKeys (ConfUtils.java:logGet(43)) - raft.server.log.preallocated.size = 16384 (custom)
2019-10-22 14:25:19,998 [pool-27-thread-1] INFO  server.RaftServerConfigKeys (ConfUtils.java:logGet(43)) - raft.server.log.write.buffer.size = 33554432 (custom)
2019-10-22 14:25:19,998 [pool-47-thread-1] INFO  server.RaftServerConfigKeys (ConfUtils.java:logGet(43)) - raft.server.log.write.buffer.size = 33554432 (custom)
2019-10-22 14:25:19,998 [pool-27-thread-1] INFO  server.RaftServerConfigKeys (ConfUtils.java:logGet(43)) - raft.server.log.force.sync.num = 128 (default)
2019-10-22 14:25:19,998 [pool-37-thread-1] INFO  server.RaftServerConfigKeys (ConfUtils.java:logGet(43)) - raft.server.log.write.buffer.size = 33554432 (custom)
2019-10-22 14:25:19,999 [pool-27-thread-1] INFO  server.RaftServerConfigKeys (ConfUtils.java:logGet(43)) - raft.server.log.statemachine.data.sync = true (default)
2019-10-22 14:25:19,998 [pool-47-thread-1] INFO  server.RaftServerConfigKeys (ConfUtils.java:logGet(43)) - raft.server.log.force.sync.num = 128 (default)
2019-10-22 14:25:19,999 [pool-27-thread-1] INFO  server.RaftServerConfigKeys (ConfUtils.java:logGet(43)) - raft.server.log.statemachine.data.sync.timeout = 10s (default)
2019-10-22 14:25:19,999 [pool-37-thread-1] INFO  server.RaftServerConfigKeys (ConfUtils.java:logGet(43)) - raft.server.log.force.sync.num = 128 (default)
2019-10-22 14:25:19,999 [pool-27-thread-1] INFO  server.RaftServerConfigKeys (ConfUtils.java:logGet(43)) - raft.server.log.statemachine.data.sync.timeout.retry = -1 (default)
2019-10-22 14:25:19,999 [pool-47-thread-1] INFO  server.RaftServerConfigKeys (ConfUtils.java:logGet(43)) - raft.server.log.statemachine.data.sync = true (default)
2019-10-22 14:25:20,000 [pool-27-thread-1] INFO  server.RaftServerConfigKeys (ConfUtils.java:logGet(43)) - raft.server.log.statemachine.data.caching.enabled = true (custom)
2019-10-22 14:25:19,999 [pool-37-thread-1] INFO  server.RaftServerConfigKeys (ConfUtils.java:logGet(43)) - raft.server.log.statemachine.data.sync = true (default)
2019-10-22 14:25:20,000 [pool-47-thread-1] INFO  server.RaftServerConfigKeys (ConfUtils.java:logGet(43)) - raft.server.log.statemachine.data.sync.timeout = 10s (default)
2019-10-22 14:25:20,000 [pool-37-thread-1] INFO  server.RaftServerConfigKeys (ConfUtils.java:logGet(43)) - raft.server.log.statemachine.data.sync.timeout = 10s (default)
2019-10-22 14:25:20,000 [pool-27-thread-1] INFO  segmented.SegmentedRaftLogWorker (SegmentedRaftLogWorker.java:lambda$new$0(128)) - 94363dd8-42f5-429b-bbe3-506d55a6d307@group-D63FC7E0523A-SegmentedRaftLogWorker: flushIndex: setUnconditionally 0 -> -1
2019-10-22 14:25:20,000 [pool-37-thread-1] INFO  server.RaftServerConfigKeys (ConfUtils.java:logGet(43)) - raft.server.log.statemachine.data.sync.timeout.retry = -1 (default)
2019-10-22 14:25:20,000 [pool-47-thread-1] INFO  server.RaftServerConfigKeys (ConfUtils.java:logGet(43)) - raft.server.log.statemachine.data.sync.timeout.retry = -1 (default)
2019-10-22 14:25:20,001 [pool-27-thread-1] INFO  server.RaftServerConfigKeys (ConfUtils.java:logGet(43)) - raft.server.snapshot.auto.trigger.enabled = true (custom)
2019-10-22 14:25:20,001 [pool-37-thread-1] INFO  server.RaftServerConfigKeys (ConfUtils.java:logGet(43)) - raft.server.log.statemachine.data.caching.enabled = true (custom)
2019-10-22 14:25:20,001 [pool-47-thread-1] INFO  server.RaftServerConfigKeys (ConfUtils.java:logGet(43)) - raft.server.log.statemachine.data.caching.enabled = true (custom)
2019-10-22 14:25:20,001 [pool-27-thread-1] INFO  server.RaftServerConfigKeys (ConfUtils.java:logGet(43)) - raft.server.snapshot.auto.trigger.threshold = 10000 (custom)
2019-10-22 14:25:20,001 [pool-37-thread-1] INFO  segmented.SegmentedRaftLogWorker (SegmentedRaftLogWorker.java:lambda$new$0(128)) - c61b7886-1b9a-4032-b026-73ad3d840619@group-D63FC7E0523A-SegmentedRaftLogWorker: flushIndex: setUnconditionally 0 -> -1
2019-10-22 14:25:20,001 [pool-27-thread-1] INFO  server.RaftServerConfigKeys (ConfUtils.java:logGet(43)) - raft.server.snapshot.retention.file.num = 5 (custom)
2019-10-22 14:25:20,002 [pool-47-thread-1] INFO  segmented.SegmentedRaftLogWorker (SegmentedRaftLogWorker.java:lambda$new$0(128)) - 5e302b21-73c7-4c15-997b-467ec519df17@group-D63FC7E0523A-SegmentedRaftLogWorker: flushIndex: setUnconditionally 0 -> -1
2019-10-22 14:25:20,002 [pool-27-thread-1] INFO  server.RaftServerConfigKeys (ConfUtils.java:logGet(43)) - raft.server.retrycache.expirytime = 600000ms (custom)
2019-10-22 14:25:20,002 [pool-37-thread-1] INFO  server.RaftServerConfigKeys (ConfUtils.java:logGet(43)) - raft.server.snapshot.auto.trigger.enabled = true (custom)
2019-10-22 14:25:20,002 [pool-27-thread-1] WARN  impl.MetricRegistriesImpl (MetricRegistriesImpl.java:lambda$create$1(61)) - First MetricRegistry has been created without registering reporters. You may need to call MetricRegistries.global().addReportRegistration(...) before.
2019-10-22 14:25:20,002 [pool-47-thread-1] INFO  server.RaftServerConfigKeys (ConfUtils.java:logGet(43)) - raft.server.snapshot.auto.trigger.enabled = true (custom)
2019-10-22 14:25:20,002 [pool-37-thread-1] INFO  server.RaftServerConfigKeys (ConfUtils.java:logGet(43)) - raft.server.snapshot.auto.trigger.threshold = 10000 (custom)
2019-10-22 14:25:20,002 [pool-47-thread-1] INFO  server.RaftServerConfigKeys (ConfUtils.java:logGet(43)) - raft.server.snapshot.auto.trigger.threshold = 10000 (custom)
2019-10-22 14:25:20,002 [pool-27-thread-1] WARN  impl.MetricRegistriesImpl (MetricRegistriesImpl.java:lambda$create$1(61)) - First MetricRegistry has been created without registering reporters. You may need to call MetricRegistries.global().addReportRegistration(...) before.
2019-10-22 14:25:20,003 [pool-47-thread-1] INFO  server.RaftServerConfigKeys (ConfUtils.java:logGet(43)) - raft.server.snapshot.retention.file.num = 5 (custom)
2019-10-22 14:25:20,003 [pool-27-thread-1] INFO  impl.RaftServerImpl (RaftServerImpl.java:start(184)) - 94363dd8-42f5-429b-bbe3-506d55a6d307@group-D63FC7E0523A: start as a follower, conf=-1: [c61b7886-1b9a-4032-b026-73ad3d840619:192.168.69.94:40251, 5e302b21-73c7-4c15-997b-467ec519df17:192.168.69.94:42500, 94363dd8-42f5-429b-bbe3-506d55a6d307:192.168.69.94:46664], old=null
2019-10-22 14:25:20,003 [pool-37-thread-1] INFO  server.RaftServerConfigKeys (ConfUtils.java:logGet(43)) - raft.server.snapshot.retention.file.num = 5 (custom)
2019-10-22 14:25:20,003 [pool-47-thread-1] INFO  server.RaftServerConfigKeys (ConfUtils.java:logGet(43)) - raft.server.retrycache.expirytime = 600000ms (custom)
2019-10-22 14:25:20,003 [pool-37-thread-1] INFO  server.RaftServerConfigKeys (ConfUtils.java:logGet(43)) - raft.server.retrycache.expirytime = 600000ms (custom)
2019-10-22 14:25:20,003 [pool-27-thread-1] INFO  impl.RaftServerImpl (RaftServerImpl.java:setRole(173)) - 94363dd8-42f5-429b-bbe3-506d55a6d307@group-D63FC7E0523A: changes role from      null to FOLLOWER at term 0 for startAsFollower
2019-10-22 14:25:20,003 [pool-37-thread-1] WARN  impl.MetricRegistriesImpl (MetricRegistriesImpl.java:lambda$create$1(61)) - First MetricRegistry has been created without registering reporters. You may need to call MetricRegistries.global().addReportRegistration(...) before.
2019-10-22 14:25:20,003 [pool-47-thread-1] WARN  impl.MetricRegistriesImpl (MetricRegistriesImpl.java:lambda$create$1(61)) - First MetricRegistry has been created without registering reporters. You may need to call MetricRegistries.global().addReportRegistration(...) before.
2019-10-22 14:25:20,004 [pool-37-thread-1] WARN  impl.MetricRegistriesImpl (MetricRegistriesImpl.java:lambda$create$1(61)) - First MetricRegistry has been created without registering reporters. You may need to call MetricRegistries.global().addReportRegistration(...) before.
2019-10-22 14:25:20,004 [pool-27-thread-1] INFO  impl.RoleInfo (RoleInfo.java:updateAndGet(143)) - 94363dd8-42f5-429b-bbe3-506d55a6d307: start FollowerState
2019-10-22 14:25:20,004 [pool-47-thread-1] WARN  impl.MetricRegistriesImpl (MetricRegistriesImpl.java:lambda$create$1(61)) - First MetricRegistry has been created without registering reporters. You may need to call MetricRegistries.global().addReportRegistration(...) before.
2019-10-22 14:25:20,004 [pool-37-thread-1] INFO  impl.RaftServerImpl (RaftServerImpl.java:start(184)) - c61b7886-1b9a-4032-b026-73ad3d840619@group-D63FC7E0523A: start as a follower, conf=-1: [c61b7886-1b9a-4032-b026-73ad3d840619:192.168.69.94:40251, 5e302b21-73c7-4c15-997b-467ec519df17:192.168.69.94:42500, 94363dd8-42f5-429b-bbe3-506d55a6d307:192.168.69.94:46664], old=null
2019-10-22 14:25:20,004 [pool-47-thread-1] INFO  impl.RaftServerImpl (RaftServerImpl.java:start(184)) - 5e302b21-73c7-4c15-997b-467ec519df17@group-D63FC7E0523A: start as a follower, conf=-1: [c61b7886-1b9a-4032-b026-73ad3d840619:192.168.69.94:40251, 5e302b21-73c7-4c15-997b-467ec519df17:192.168.69.94:42500, 94363dd8-42f5-429b-bbe3-506d55a6d307:192.168.69.94:46664], old=null
2019-10-22 14:25:20,004 [pool-27-thread-1] INFO  util.JmxRegister (JmxRegister.java:tryRegister(44)) - Successfully registered JMX Bean with object name Ratis:service=RaftServer,group=group-D63FC7E0523A,id=94363dd8-42f5-429b-bbe3-506d55a6d307
2019-10-22 14:25:20,004 [pool-37-thread-1] INFO  impl.RaftServerImpl (RaftServerImpl.java:setRole(173)) - c61b7886-1b9a-4032-b026-73ad3d840619@group-D63FC7E0523A: changes role from      null to FOLLOWER at term 0 for startAsFollower
2019-10-22 14:25:20,005 [pool-27-thread-1] WARN  impl.MetricRegistriesImpl (MetricRegistriesImpl.java:lambda$create$1(61)) - First MetricRegistry has been created without registering reporters. You may need to call MetricRegistries.global().addReportRegistration(...) before.
2019-10-22 14:25:20,005 [pool-47-thread-1] INFO  impl.RaftServerImpl (RaftServerImpl.java:setRole(173)) - 5e302b21-73c7-4c15-997b-467ec519df17@group-D63FC7E0523A: changes role from      null to FOLLOWER at term 0 for startAsFollower
2019-10-22 14:25:20,005 [pool-37-thread-1] INFO  impl.RoleInfo (RoleInfo.java:updateAndGet(143)) - c61b7886-1b9a-4032-b026-73ad3d840619: start FollowerState
2019-10-22 14:25:20,005 [pool-47-thread-1] INFO  impl.RoleInfo (RoleInfo.java:updateAndGet(143)) - 5e302b21-73c7-4c15-997b-467ec519df17: start FollowerState
2019-10-22 14:25:20,006 [pool-37-thread-1] INFO  util.JmxRegister (JmxRegister.java:tryRegister(44)) - Successfully registered JMX Bean with object name Ratis:service=RaftServer,group=group-D63FC7E0523A,id=c61b7886-1b9a-4032-b026-73ad3d840619
2019-10-22 14:25:20,006 [pool-37-thread-1] WARN  impl.MetricRegistriesImpl (MetricRegistriesImpl.java:lambda$create$1(61)) - First MetricRegistry has been created without registering reporters. You may need to call MetricRegistries.global().addReportRegistration(...) before.
2019-10-22 14:25:20,006 [pool-47-thread-1] INFO  util.JmxRegister (JmxRegister.java:tryRegister(44)) - Successfully registered JMX Bean with object name Ratis:service=RaftServer,group=group-D63FC7E0523A,id=5e302b21-73c7-4c15-997b-467ec519df17
2019-10-22 14:25:20,006 [pool-47-thread-1] WARN  impl.MetricRegistriesImpl (MetricRegistriesImpl.java:lambda$create$1(61)) - First MetricRegistry has been created without registering reporters. You may need to call MetricRegistries.global().addReportRegistration(...) before.
2019-10-22 14:25:20,029 [RatisPipelineUtilsThread] INFO  pipeline.PipelineStateManager (PipelineStateManager.java:addPipeline(56)) - Created pipeline Pipeline[ Id: 7ee4d48e-88bb-4c96-868c-d63fc7e0523a, Nodes: c61b7886-1b9a-4032-b026-73ad3d840619{ip: 192.168.69.94, host: dev-testrun-4rklj-35625584, networkLocation: /default-rack, certSerialId: null}5e302b21-73c7-4c15-997b-467ec519df17{ip: 192.168.69.94, host: dev-testrun-4rklj-35625584, networkLocation: /default-rack, certSerialId: null}94363dd8-42f5-429b-bbe3-506d55a6d307{ip: 192.168.69.94, host: dev-testrun-4rklj-35625584, networkLocation: /default-rack, certSerialId: null}, Type:RATIS, Factor:THREE, State:OPEN]
2019-10-22 14:25:20,152 [main] INFO  ozone.MiniOzoneClusterImpl (MiniOzoneClusterImpl.java:lambda$waitForClusterToBeReady$0(147)) - Cluster is ready. Got 3 of 3 DN Heartbeats.
2019-10-22 14:25:20,650 [main] INFO  rpc.RpcClient (RpcClient.java:createVolume(272)) - Creating Volume: testcontainerstatemachinefailures, with jenkins1000 as owner.
2019-10-22 14:25:20,750 [IPC Server handler 1 on 46308] INFO  volume.OMVolumeCreateRequest (OMVolumeCreateRequest.java:validateAndUpdateCache(193)) - created volume:testcontainerstatemachinefailures for user:jenkins1000
2019-10-22 14:25:20,797 [main] INFO  rpc.RpcClient (RpcClient.java:createBucket(411)) - Creating Bucket: testcontainerstatemachinefailures/testcontainerstatemachinefailures, with Versioning false and Storage Type set to DISK and Encryption set to false 
2019-10-22 14:25:21,146 [IPC Server handler 2 on 35411] INFO  server.SCMBlockProtocolServer (SCMBlockProtocolServer.java:allocateBlock(179)) - Allocating 1 blocks of size 4194304, with ExcludeList {datanodes = [], containerIds = [], pipelineIds = []}
2019-10-22 14:25:21,284 [main] INFO  impl.MetricsSystemImpl (MetricsSystemImpl.java:init(158)) - XceiverClientMetrics metrics system started (again)
2019-10-22 14:25:22,035 [Thread-181] INFO  container.ReplicationManager (ReplicationManager.java:start(162)) - Starting Replication Monitor Thread.
2019-10-22 14:25:22,041 [ReplicationMonitor] INFO  container.ReplicationManager (ReplicationManager.java:run(225)) - Replication Monitor Thread took 4 milliseconds for processing 1 containers.
2019-10-22 14:25:24,801 [Thread-186] INFO  impl.FollowerState (FollowerState.java:run(111)) - 94363dd8-42f5-429b-bbe3-506d55a6d307@group-683A3891E2A6-FollowerState: change to CANDIDATE, lastRpcTime:5112ms, electionTimeout:5111ms
2019-10-22 14:25:24,803 [Thread-186] INFO  impl.RoleInfo (RoleInfo.java:shutdownFollowerState(121)) - 94363dd8-42f5-429b-bbe3-506d55a6d307: shutdown FollowerState
2019-10-22 14:25:24,803 [Thread-186] INFO  impl.RaftServerImpl (RaftServerImpl.java:setRole(173)) - 94363dd8-42f5-429b-bbe3-506d55a6d307@group-683A3891E2A6: changes role from  FOLLOWER to CANDIDATE at term 0 for changeToCandidate
2019-10-22 14:25:24,809 [Thread-186] INFO  impl.RoleInfo (RoleInfo.java:updateAndGet(143)) - 94363dd8-42f5-429b-bbe3-506d55a6d307: start LeaderElection
2019-10-22 14:25:24,825 [94363dd8-42f5-429b-bbe3-506d55a6d307@group-683A3891E2A6-LeaderElection1] INFO  impl.LeaderElection (LeaderElection.java:askForVotes(178)) - 94363dd8-42f5-429b-bbe3-506d55a6d307@group-683A3891E2A6-LeaderElection1: begin an election at term 1 for -1: [94363dd8-42f5-429b-bbe3-506d55a6d307:192.168.69.94:46664], old=null
2019-10-22 14:25:24,827 [94363dd8-42f5-429b-bbe3-506d55a6d307@group-683A3891E2A6-LeaderElection1] INFO  impl.RoleInfo (RoleInfo.java:shutdownLeaderElection(134)) - 94363dd8-42f5-429b-bbe3-506d55a6d307: shutdown LeaderElection
2019-10-22 14:25:24,828 [94363dd8-42f5-429b-bbe3-506d55a6d307@group-683A3891E2A6-LeaderElection1] INFO  impl.RaftServerImpl (RaftServerImpl.java:setRole(173)) - 94363dd8-42f5-429b-bbe3-506d55a6d307@group-683A3891E2A6: changes role from CANDIDATE to LEADER at term 1 for changeToLeader
2019-10-22 14:25:24,828 [94363dd8-42f5-429b-bbe3-506d55a6d307@group-683A3891E2A6-LeaderElection1] INFO  impl.RaftServerImpl (ServerState.java:setLeader(255)) - 94363dd8-42f5-429b-bbe3-506d55a6d307@group-683A3891E2A6: change Leader from null to 94363dd8-42f5-429b-bbe3-506d55a6d307 at term 1 for becomeLeader, leader elected after 5225ms
2019-10-22 14:25:24,835 [94363dd8-42f5-429b-bbe3-506d55a6d307@group-683A3891E2A6-LeaderElection1] INFO  server.RaftServerConfigKeys (ConfUtils.java:logGet(43)) - raft.server.staging.catchup.gap = 1000 (default)
2019-10-22 14:25:24,835 [94363dd8-42f5-429b-bbe3-506d55a6d307@group-683A3891E2A6-LeaderElection1] INFO  server.RaftServerConfigKeys (ConfUtils.java:logGet(43)) - raft.server.rpc.sleep.time = 25ms (default)
2019-10-22 14:25:24,840 [94363dd8-42f5-429b-bbe3-506d55a6d307@group-683A3891E2A6-LeaderElection1] INFO  server.RaftServerConfigKeys (ConfUtils.java:logGet(43)) - raft.server.write.element-limit = 4096 (default)
2019-10-22 14:25:24,845 [94363dd8-42f5-429b-bbe3-506d55a6d307@group-683A3891E2A6-LeaderElection1] INFO  server.RaftServerConfigKeys (ConfUtils.java:logGet(43)) - raft.server.watch.timeout = 10s (default)
2019-10-22 14:25:24,845 [94363dd8-42f5-429b-bbe3-506d55a6d307@group-683A3891E2A6-LeaderElection1] INFO  server.RaftServerConfigKeys (ConfUtils.java:logGet(43)) - raft.server.watch.timeout.denomination = 1s (default)
2019-10-22 14:25:24,846 [94363dd8-42f5-429b-bbe3-506d55a6d307@group-683A3891E2A6-LeaderElection1] INFO  server.RaftServerConfigKeys (ConfUtils.java:logGet(43)) - raft.server.watch.element-limit = 65536 (default)
2019-10-22 14:25:24,855 [94363dd8-42f5-429b-bbe3-506d55a6d307@group-683A3891E2A6-LeaderElection1] INFO  impl.RoleInfo (RoleInfo.java:updateAndGet(143)) - 94363dd8-42f5-429b-bbe3-506d55a6d307: start LeaderState
2019-10-22 14:25:24,877 [94363dd8-42f5-429b-bbe3-506d55a6d307@group-683A3891E2A6-LeaderElection1] INFO  segmented.SegmentedRaftLogWorker (SegmentedRaftLogWorker.java:startLogSegment(385)) - 94363dd8-42f5-429b-bbe3-506d55a6d307@group-683A3891E2A6-SegmentedRaftLogWorker: Starting segment from index:0
2019-10-22 14:25:24,887 [94363dd8-42f5-429b-bbe3-506d55a6d307@group-683A3891E2A6-LeaderElection1] INFO  impl.RaftServerImpl (ServerState.java:setRaftConf(356)) - 94363dd8-42f5-429b-bbe3-506d55a6d307@group-683A3891E2A6: set configuration 0: [94363dd8-42f5-429b-bbe3-506d55a6d307:192.168.69.94:46664], old=null at 0
2019-10-22 14:25:24,958 [Thread-192] INFO  impl.FollowerState (FollowerState.java:run(111)) - 5e302b21-73c7-4c15-997b-467ec519df17@group-67C5AE178B9B-FollowerState: change to CANDIDATE, lastRpcTime:5037ms, electionTimeout:5037ms
2019-10-22 14:25:24,959 [Thread-192] INFO  impl.RoleInfo (RoleInfo.java:shutdownFollowerState(121)) - 5e302b21-73c7-4c15-997b-467ec519df17: shutdown FollowerState
2019-10-22 14:25:24,959 [Thread-192] INFO  impl.RaftServerImpl (RaftServerImpl.java:setRole(173)) - 5e302b21-73c7-4c15-997b-467ec519df17@group-67C5AE178B9B: changes role from  FOLLOWER to CANDIDATE at term 0 for changeToCandidate
2019-10-22 14:25:24,959 [Thread-192] INFO  impl.RoleInfo (RoleInfo.java:updateAndGet(143)) - 5e302b21-73c7-4c15-997b-467ec519df17: start LeaderElection
2019-10-22 14:25:24,975 [5e302b21-73c7-4c15-997b-467ec519df17@group-67C5AE178B9B-LeaderElection2] INFO  impl.LeaderElection (LeaderElection.java:askForVotes(178)) - 5e302b21-73c7-4c15-997b-467ec519df17@group-67C5AE178B9B-LeaderElection2: begin an election at term 1 for -1: [5e302b21-73c7-4c15-997b-467ec519df17:192.168.69.94:42500], old=null
2019-10-22 14:25:24,979 [5e302b21-73c7-4c15-997b-467ec519df17@group-67C5AE178B9B-LeaderElection2] INFO  impl.RoleInfo (RoleInfo.java:shutdownLeaderElection(134)) - 5e302b21-73c7-4c15-997b-467ec519df17: shutdown LeaderElection
2019-10-22 14:25:24,979 [5e302b21-73c7-4c15-997b-467ec519df17@group-67C5AE178B9B-LeaderElection2] INFO  impl.RaftServerImpl (RaftServerImpl.java:setRole(173)) - 5e302b21-73c7-4c15-997b-467ec519df17@group-67C5AE178B9B: changes role from CANDIDATE to LEADER at term 1 for changeToLeader
2019-10-22 14:25:24,979 [5e302b21-73c7-4c15-997b-467ec519df17@group-67C5AE178B9B-LeaderElection2] INFO  impl.RaftServerImpl (ServerState.java:setLeader(255)) - 5e302b21-73c7-4c15-997b-467ec519df17@group-67C5AE178B9B: change Leader from null to 5e302b21-73c7-4c15-997b-467ec519df17 at term 1 for becomeLeader, leader elected after 5063ms
2019-10-22 14:25:24,979 [5e302b21-73c7-4c15-997b-467ec519df17@group-67C5AE178B9B-LeaderElection2] INFO  server.RaftServerConfigKeys (ConfUtils.java:logGet(43)) - raft.server.staging.catchup.gap = 1000 (default)
2019-10-22 14:25:24,979 [5e302b21-73c7-4c15-997b-467ec519df17@group-67C5AE178B9B-LeaderElection2] INFO  server.RaftServerConfigKeys (ConfUtils.java:logGet(43)) - raft.server.rpc.sleep.time = 25ms (default)
2019-10-22 14:25:24,980 [5e302b21-73c7-4c15-997b-467ec519df17@group-67C5AE178B9B-LeaderElection2] INFO  server.RaftServerConfigKeys (ConfUtils.java:logGet(43)) - raft.server.write.element-limit = 4096 (default)
2019-10-22 14:25:24,980 [5e302b21-73c7-4c15-997b-467ec519df17@group-67C5AE178B9B-LeaderElection2] INFO  server.RaftServerConfigKeys (ConfUtils.java:logGet(43)) - raft.server.watch.timeout = 10s (default)
2019-10-22 14:25:24,980 [5e302b21-73c7-4c15-997b-467ec519df17@group-67C5AE178B9B-LeaderElection2] INFO  server.RaftServerConfigKeys (ConfUtils.java:logGet(43)) - raft.server.watch.timeout.denomination = 1s (default)
2019-10-22 14:25:24,980 [5e302b21-73c7-4c15-997b-467ec519df17@group-67C5AE178B9B-LeaderElection2] INFO  server.RaftServerConfigKeys (ConfUtils.java:logGet(43)) - raft.server.watch.element-limit = 65536 (default)
2019-10-22 14:25:24,981 [5e302b21-73c7-4c15-997b-467ec519df17@group-67C5AE178B9B-LeaderElection2] INFO  impl.RoleInfo (RoleInfo.java:updateAndGet(143)) - 5e302b21-73c7-4c15-997b-467ec519df17: start LeaderState
2019-10-22 14:25:24,981 [5e302b21-73c7-4c15-997b-467ec519df17@group-67C5AE178B9B-LeaderElection2] INFO  segmented.SegmentedRaftLogWorker (SegmentedRaftLogWorker.java:startLogSegment(385)) - 5e302b21-73c7-4c15-997b-467ec519df17@group-67C5AE178B9B-SegmentedRaftLogWorker: Starting segment from index:0
2019-10-22 14:25:24,982 [5e302b21-73c7-4c15-997b-467ec519df17@group-67C5AE178B9B-LeaderElection2] INFO  impl.RaftServerImpl (ServerState.java:setRaftConf(356)) - 5e302b21-73c7-4c15-997b-467ec519df17@group-67C5AE178B9B: set configuration 0: [5e302b21-73c7-4c15-997b-467ec519df17:192.168.69.94:42500], old=null at 0
2019-10-22 14:25:25,000 [Thread-189] INFO  impl.FollowerState (FollowerState.java:run(111)) - c61b7886-1b9a-4032-b026-73ad3d840619@group-863A15EAFF88-FollowerState: change to CANDIDATE, lastRpcTime:5160ms, electionTimeout:5159ms
2019-10-22 14:25:25,001 [Thread-189] INFO  impl.RoleInfo (RoleInfo.java:shutdownFollowerState(121)) - c61b7886-1b9a-4032-b026-73ad3d840619: shutdown FollowerState
2019-10-22 14:25:25,001 [Thread-189] INFO  impl.RaftServerImpl (RaftServerImpl.java:setRole(173)) - c61b7886-1b9a-4032-b026-73ad3d840619@group-863A15EAFF88: changes role from  FOLLOWER to CANDIDATE at term 0 for changeToCandidate
2019-10-22 14:25:25,001 [Thread-189] INFO  impl.RoleInfo (RoleInfo.java:updateAndGet(143)) - c61b7886-1b9a-4032-b026-73ad3d840619: start LeaderElection
2019-10-22 14:25:25,016 [c61b7886-1b9a-4032-b026-73ad3d840619@group-863A15EAFF88-LeaderElection3] INFO  impl.LeaderElection (LeaderElection.java:askForVotes(178)) - c61b7886-1b9a-4032-b026-73ad3d840619@group-863A15EAFF88-LeaderElection3: begin an election at term 1 for -1: [c61b7886-1b9a-4032-b026-73ad3d840619:192.168.69.94:40251], old=null
2019-10-22 14:25:25,017 [c61b7886-1b9a-4032-b026-73ad3d840619@group-863A15EAFF88-LeaderElection3] INFO  impl.RoleInfo (RoleInfo.java:shutdownLeaderElection(134)) - c61b7886-1b9a-4032-b026-73ad3d840619: shutdown LeaderElection
2019-10-22 14:25:25,018 [c61b7886-1b9a-4032-b026-73ad3d840619@group-863A15EAFF88-LeaderElection3] INFO  impl.RaftServerImpl (RaftServerImpl.java:setRole(173)) - c61b7886-1b9a-4032-b026-73ad3d840619@group-863A15EAFF88: changes role from CANDIDATE to LEADER at term 1 for changeToLeader
2019-10-22 14:25:25,018 [c61b7886-1b9a-4032-b026-73ad3d840619@group-863A15EAFF88-LeaderElection3] INFO  impl.RaftServerImpl (ServerState.java:setLeader(255)) - c61b7886-1b9a-4032-b026-73ad3d840619@group-863A15EAFF88: change Leader from null to c61b7886-1b9a-4032-b026-73ad3d840619 at term 1 for becomeLeader, leader elected after 5184ms
2019-10-22 14:25:25,018 [c61b7886-1b9a-4032-b026-73ad3d840619@group-863A15EAFF88-LeaderElection3] INFO  server.RaftServerConfigKeys (ConfUtils.java:logGet(43)) - raft.server.staging.catchup.gap = 1000 (default)
2019-10-22 14:25:25,018 [c61b7886-1b9a-4032-b026-73ad3d840619@group-863A15EAFF88-LeaderElection3] INFO  server.RaftServerConfigKeys (ConfUtils.java:logGet(43)) - raft.server.rpc.sleep.time = 25ms (default)
2019-10-22 14:25:25,018 [c61b7886-1b9a-4032-b026-73ad3d840619@group-863A15EAFF88-LeaderElection3] INFO  server.RaftServerConfigKeys (ConfUtils.java:logGet(43)) - raft.server.write.element-limit = 4096 (default)
2019-10-22 14:25:25,019 [c61b7886-1b9a-4032-b026-73ad3d840619@group-863A15EAFF88-LeaderElection3] INFO  server.RaftServerConfigKeys (ConfUtils.java:logGet(43)) - raft.server.watch.timeout = 10s (default)
2019-10-22 14:25:25,019 [c61b7886-1b9a-4032-b026-73ad3d840619@group-863A15EAFF88-LeaderElection3] INFO  server.RaftServerConfigKeys (ConfUtils.java:logGet(43)) - raft.server.watch.timeout.denomination = 1s (default)
2019-10-22 14:25:25,019 [c61b7886-1b9a-4032-b026-73ad3d840619@group-863A15EAFF88-LeaderElection3] INFO  server.RaftServerConfigKeys (ConfUtils.java:logGet(43)) - raft.server.watch.element-limit = 65536 (default)
2019-10-22 14:25:25,019 [c61b7886-1b9a-4032-b026-73ad3d840619@group-863A15EAFF88-LeaderElection3] INFO  impl.RoleInfo (RoleInfo.java:updateAndGet(143)) - c61b7886-1b9a-4032-b026-73ad3d840619: start LeaderState
2019-10-22 14:25:25,020 [c61b7886-1b9a-4032-b026-73ad3d840619@group-863A15EAFF88-LeaderElection3] INFO  segmented.SegmentedRaftLogWorker (SegmentedRaftLogWorker.java:startLogSegment(385)) - c61b7886-1b9a-4032-b026-73ad3d840619@group-863A15EAFF88-SegmentedRaftLogWorker: Starting segment from index:0
2019-10-22 14:25:25,020 [c61b7886-1b9a-4032-b026-73ad3d840619@group-863A15EAFF88-LeaderElection3] INFO  impl.RaftServerImpl (ServerState.java:setRaftConf(356)) - c61b7886-1b9a-4032-b026-73ad3d840619@group-863A15EAFF88: set configuration 0: [c61b7886-1b9a-4032-b026-73ad3d840619:192.168.69.94:40251], old=null at 0
2019-10-22 14:25:25,044 [Thread-197] INFO  impl.FollowerState (FollowerState.java:run(111)) - 94363dd8-42f5-429b-bbe3-506d55a6d307@group-D63FC7E0523A-FollowerState: change to CANDIDATE, lastRpcTime:5039ms, electionTimeout:5039ms
2019-10-22 14:25:25,044 [Thread-197] INFO  impl.RoleInfo (RoleInfo.java:shutdownFollowerState(121)) - 94363dd8-42f5-429b-bbe3-506d55a6d307: shutdown FollowerState
2019-10-22 14:25:25,044 [Thread-197] INFO  impl.RaftServerImpl (RaftServerImpl.java:setRole(173)) - 94363dd8-42f5-429b-bbe3-506d55a6d307@group-D63FC7E0523A: changes role from  FOLLOWER to CANDIDATE at term 0 for changeToCandidate
2019-10-22 14:25:25,044 [Thread-197] INFO  impl.RoleInfo (RoleInfo.java:updateAndGet(143)) - 94363dd8-42f5-429b-bbe3-506d55a6d307: start LeaderElection
2019-10-22 14:25:25,061 [Thread-199] INFO  impl.FollowerState (FollowerState.java:run(111)) - 5e302b21-73c7-4c15-997b-467ec519df17@group-D63FC7E0523A-FollowerState: change to CANDIDATE, lastRpcTime:5055ms, electionTimeout:5055ms
2019-10-22 14:25:25,061 [Thread-199] INFO  impl.RoleInfo (RoleInfo.java:shutdownFollowerState(121)) - 5e302b21-73c7-4c15-997b-467ec519df17: shutdown FollowerState
2019-10-22 14:25:25,061 [Thread-199] INFO  impl.RaftServerImpl (RaftServerImpl.java:setRole(173)) - 5e302b21-73c7-4c15-997b-467ec519df17@group-D63FC7E0523A: changes role from  FOLLOWER to CANDIDATE at term 0 for changeToCandidate
2019-10-22 14:25:25,062 [Thread-199] INFO  impl.RoleInfo (RoleInfo.java:updateAndGet(143)) - 5e302b21-73c7-4c15-997b-467ec519df17: start LeaderElection
2019-10-22 14:25:25,074 [c61b7886-1b9a-4032-b026-73ad3d840619@group-863A15EAFF88-SegmentedRaftLogWorker] INFO  segmented.SegmentedRaftLogWorker (SegmentedRaftLogWorker.java:execute(576)) - c61b7886-1b9a-4032-b026-73ad3d840619@group-863A15EAFF88-SegmentedRaftLogWorker: created new log segment /workdir/hadoop-ozone/integration-test/target/test-dir/MiniOzoneClusterImpl-5e129b3f-6122-4345-a4c8-196d0e61d05e/datanode-1/data/ratis/395c15aa-87bb-4080-a41d-863a15eaff88/current/log_inprogress_0
2019-10-22 14:25:25,074 [5e302b21-73c7-4c15-997b-467ec519df17@group-67C5AE178B9B-SegmentedRaftLogWorker] INFO  segmented.SegmentedRaftLogWorker (SegmentedRaftLogWorker.java:execute(576)) - 5e302b21-73c7-4c15-997b-467ec519df17@group-67C5AE178B9B-SegmentedRaftLogWorker: created new log segment /workdir/hadoop-ozone/integration-test/target/test-dir/MiniOzoneClusterImpl-5e129b3f-6122-4345-a4c8-196d0e61d05e/datanode-2/data/ratis/2c494976-f437-4acf-a752-67c5ae178b9b/current/log_inprogress_0
2019-10-22 14:25:25,074 [94363dd8-42f5-429b-bbe3-506d55a6d307@group-D63FC7E0523A-LeaderElection4] INFO  impl.LeaderElection (LeaderElection.java:askForVotes(178)) - 94363dd8-42f5-429b-bbe3-506d55a6d307@group-D63FC7E0523A-LeaderElection4: begin an election at term 1 for -1: [c61b7886-1b9a-4032-b026-73ad3d840619:192.168.69.94:40251, 5e302b21-73c7-4c15-997b-467ec519df17:192.168.69.94:42500, 94363dd8-42f5-429b-bbe3-506d55a6d307:192.168.69.94:46664], old=null
2019-10-22 14:25:25,074 [5e302b21-73c7-4c15-997b-467ec519df17@group-D63FC7E0523A-LeaderElection5] INFO  impl.LeaderElection (LeaderElection.java:askForVotes(178)) - 5e302b21-73c7-4c15-997b-467ec519df17@group-D63FC7E0523A-LeaderElection5: begin an election at term 1 for -1: [c61b7886-1b9a-4032-b026-73ad3d840619:192.168.69.94:40251, 5e302b21-73c7-4c15-997b-467ec519df17:192.168.69.94:42500, 94363dd8-42f5-429b-bbe3-506d55a6d307:192.168.69.94:46664], old=null
2019-10-22 14:25:25,074 [94363dd8-42f5-429b-bbe3-506d55a6d307@group-683A3891E2A6-SegmentedRaftLogWorker] INFO  segmented.SegmentedRaftLogWorker (SegmentedRaftLogWorker.java:execute(576)) - 94363dd8-42f5-429b-bbe3-506d55a6d307@group-683A3891E2A6-SegmentedRaftLogWorker: created new log segment /workdir/hadoop-ozone/integration-test/target/test-dir/MiniOzoneClusterImpl-5e129b3f-6122-4345-a4c8-196d0e61d05e/datanode-0/data/ratis/c7bb606c-ab7e-468b-a450-683a3891e2a6/current/log_inprogress_0
2019-10-22 14:25:25,092 [Thread-198] INFO  impl.FollowerState (FollowerState.java:run(111)) - c61b7886-1b9a-4032-b026-73ad3d840619@group-D63FC7E0523A-FollowerState: change to CANDIDATE, lastRpcTime:5086ms, electionTimeout:5086ms
2019-10-22 14:25:25,092 [Thread-198] INFO  impl.RoleInfo (RoleInfo.java:shutdownFollowerState(121)) - c61b7886-1b9a-4032-b026-73ad3d840619: shutdown FollowerState
2019-10-22 14:25:25,092 [Thread-198] INFO  impl.RaftServerImpl (RaftServerImpl.java:setRole(173)) - c61b7886-1b9a-4032-b026-73ad3d840619@group-D63FC7E0523A: changes role from  FOLLOWER to CANDIDATE at term 0 for changeToCandidate
2019-10-22 14:25:25,092 [Thread-198] INFO  impl.RoleInfo (RoleInfo.java:updateAndGet(143)) - c61b7886-1b9a-4032-b026-73ad3d840619: start LeaderElection
2019-10-22 14:25:25,113 [c61b7886-1b9a-4032-b026-73ad3d840619@group-D63FC7E0523A-LeaderElection6] INFO  impl.LeaderElection (LeaderElection.java:askForVotes(178)) - c61b7886-1b9a-4032-b026-73ad3d840619@group-D63FC7E0523A-LeaderElection6: begin an election at term 1 for -1: [c61b7886-1b9a-4032-b026-73ad3d840619:192.168.69.94:40251, 5e302b21-73c7-4c15-997b-467ec519df17:192.168.69.94:42500, 94363dd8-42f5-429b-bbe3-506d55a6d307:192.168.69.94:46664], old=null
2019-10-22 14:25:25,124 [5e302b21-73c7-4c15-997b-467ec519df17@group-D63FC7E0523A-LeaderElection5] INFO  impl.LeaderElection (LeaderElection.java:logAndReturn(56)) - 5e302b21-73c7-4c15-997b-467ec519df17@group-D63FC7E0523A-LeaderElection5: Election REJECTED; received 2 response(s) [5e302b21-73c7-4c15-997b-467ec519df17<-c61b7886-1b9a-4032-b026-73ad3d840619#0:FAIL-t1, 5e302b21-73c7-4c15-997b-467ec519df17<-94363dd8-42f5-429b-bbe3-506d55a6d307#0:FAIL-t1] and 0 exception(s); 5e302b21-73c7-4c15-997b-467ec519df17@group-D63FC7E0523A:t1, leader=null, voted=5e302b21-73c7-4c15-997b-467ec519df17, raftlog=5e302b21-73c7-4c15-997b-467ec519df17@group-D63FC7E0523A-SegmentedRaftLog:OPENED:c-1,f-1,i0, conf=-1: [c61b7886-1b9a-4032-b026-73ad3d840619:192.168.69.94:40251, 5e302b21-73c7-4c15-997b-467ec519df17:192.168.69.94:42500, 94363dd8-42f5-429b-bbe3-506d55a6d307:192.168.69.94:46664], old=null
2019-10-22 14:25:25,124 [94363dd8-42f5-429b-bbe3-506d55a6d307@group-D63FC7E0523A-LeaderElection4] INFO  impl.LeaderElection (LeaderElection.java:logAndReturn(56)) - 94363dd8-42f5-429b-bbe3-506d55a6d307@group-D63FC7E0523A-LeaderElection4: Election REJECTED; received 2 response(s) [94363dd8-42f5-429b-bbe3-506d55a6d307<-c61b7886-1b9a-4032-b026-73ad3d840619#0:FAIL-t1, 94363dd8-42f5-429b-bbe3-506d55a6d307<-5e302b21-73c7-4c15-997b-467ec519df17#0:FAIL-t1] and 0 exception(s); 94363dd8-42f5-429b-bbe3-506d55a6d307@group-D63FC7E0523A:t1, leader=null, voted=94363dd8-42f5-429b-bbe3-506d55a6d307, raftlog=94363dd8-42f5-429b-bbe3-506d55a6d307@group-D63FC7E0523A-SegmentedRaftLog:OPENED:c-1,f-1,i0, conf=-1: [c61b7886-1b9a-4032-b026-73ad3d840619:192.168.69.94:40251, 5e302b21-73c7-4c15-997b-467ec519df17:192.168.69.94:42500, 94363dd8-42f5-429b-bbe3-506d55a6d307:192.168.69.94:46664], old=null
2019-10-22 14:25:25,128 [5e302b21-73c7-4c15-997b-467ec519df17@group-D63FC7E0523A-LeaderElection5] INFO  impl.RaftServerImpl (RaftServerImpl.java:setRole(173)) - 5e302b21-73c7-4c15-997b-467ec519df17@group-D63FC7E0523A: changes role from CANDIDATE to FOLLOWER at term 1 for DISCOVERED_A_NEW_TERM
2019-10-22 14:25:25,128 [94363dd8-42f5-429b-bbe3-506d55a6d307@group-D63FC7E0523A-LeaderElection4] INFO  impl.RaftServerImpl (RaftServerImpl.java:setRole(173)) - 94363dd8-42f5-429b-bbe3-506d55a6d307@group-D63FC7E0523A: changes role from CANDIDATE to FOLLOWER at term 1 for DISCOVERED_A_NEW_TERM
2019-10-22 14:25:25,129 [5e302b21-73c7-4c15-997b-467ec519df17@group-D63FC7E0523A-LeaderElection5] INFO  impl.RoleInfo (RoleInfo.java:shutdownLeaderElection(134)) - 5e302b21-73c7-4c15-997b-467ec519df17: shutdown LeaderElection
2019-10-22 14:25:25,129 [94363dd8-42f5-429b-bbe3-506d55a6d307@group-D63FC7E0523A-LeaderElection4] INFO  impl.RoleInfo (RoleInfo.java:shutdownLeaderElection(134)) - 94363dd8-42f5-429b-bbe3-506d55a6d307: shutdown LeaderElection
2019-10-22 14:25:25,130 [5e302b21-73c7-4c15-997b-467ec519df17@group-D63FC7E0523A-LeaderElection5] INFO  impl.RoleInfo (RoleInfo.java:updateAndGet(143)) - 5e302b21-73c7-4c15-997b-467ec519df17: start FollowerState
2019-10-22 14:25:25,130 [94363dd8-42f5-429b-bbe3-506d55a6d307@group-D63FC7E0523A-LeaderElection4] INFO  impl.RoleInfo (RoleInfo.java:updateAndGet(143)) - 94363dd8-42f5-429b-bbe3-506d55a6d307: start FollowerState
2019-10-22 14:25:25,139 [c61b7886-1b9a-4032-b026-73ad3d840619@group-D63FC7E0523A-LeaderElection6] INFO  impl.LeaderElection (LeaderElection.java:logAndReturn(56)) - c61b7886-1b9a-4032-b026-73ad3d840619@group-D63FC7E0523A-LeaderElection6: Election REJECTED; received 2 response(s) [c61b7886-1b9a-4032-b026-73ad3d840619<-94363dd8-42f5-429b-bbe3-506d55a6d307#0:FAIL-t1, c61b7886-1b9a-4032-b026-73ad3d840619<-5e302b21-73c7-4c15-997b-467ec519df17#0:FAIL-t1] and 0 exception(s); c61b7886-1b9a-4032-b026-73ad3d840619@group-D63FC7E0523A:t1, leader=null, voted=c61b7886-1b9a-4032-b026-73ad3d840619, raftlog=c61b7886-1b9a-4032-b026-73ad3d840619@group-D63FC7E0523A-SegmentedRaftLog:OPENED:c-1,f-1,i0, conf=-1: [c61b7886-1b9a-4032-b026-73ad3d840619:192.168.69.94:40251, 5e302b21-73c7-4c15-997b-467ec519df17:192.168.69.94:42500, 94363dd8-42f5-429b-bbe3-506d55a6d307:192.168.69.94:46664], old=null
2019-10-22 14:25:25,139 [c61b7886-1b9a-4032-b026-73ad3d840619@group-D63FC7E0523A-LeaderElection6] INFO  impl.RaftServerImpl (RaftServerImpl.java:setRole(173)) - c61b7886-1b9a-4032-b026-73ad3d840619@group-D63FC7E0523A: changes role from CANDIDATE to FOLLOWER at term 1 for DISCOVERED_A_NEW_TERM
2019-10-22 14:25:25,140 [c61b7886-1b9a-4032-b026-73ad3d840619@group-D63FC7E0523A-LeaderElection6] INFO  impl.RoleInfo (RoleInfo.java:shutdownLeaderElection(134)) - c61b7886-1b9a-4032-b026-73ad3d840619: shutdown LeaderElection
2019-10-22 14:25:25,141 [c61b7886-1b9a-4032-b026-73ad3d840619@group-D63FC7E0523A-LeaderElection6] INFO  impl.RoleInfo (RoleInfo.java:updateAndGet(143)) - c61b7886-1b9a-4032-b026-73ad3d840619: start FollowerState
2019-10-22 14:25:30,133 [Thread-247] INFO  impl.FollowerState (FollowerState.java:run(111)) - 94363dd8-42f5-429b-bbe3-506d55a6d307@group-D63FC7E0523A-FollowerState: change to CANDIDATE, lastRpcTime:5002ms, electionTimeout:5001ms
2019-10-22 14:25:30,134 [Thread-247] INFO  impl.RoleInfo (RoleInfo.java:shutdownFollowerState(121)) - 94363dd8-42f5-429b-bbe3-506d55a6d307: shutdown FollowerState
2019-10-22 14:25:30,134 [Thread-247] INFO  impl.RaftServerImpl (RaftServerImpl.java:setRole(173)) - 94363dd8-42f5-429b-bbe3-506d55a6d307@group-D63FC7E0523A: changes role from  FOLLOWER to CANDIDATE at term 1 for changeToCandidate
2019-10-22 14:25:30,135 [Thread-247] INFO  impl.RoleInfo (RoleInfo.java:updateAndGet(143)) - 94363dd8-42f5-429b-bbe3-506d55a6d307: start LeaderElection
2019-10-22 14:25:30,142 [Thread-248] INFO  impl.FollowerState (FollowerState.java:run(111)) - c61b7886-1b9a-4032-b026-73ad3d840619@group-D63FC7E0523A-FollowerState: change to CANDIDATE, lastRpcTime:5001ms, electionTimeout:5000ms
2019-10-22 14:25:30,142 [Thread-248] INFO  impl.RoleInfo (RoleInfo.java:shutdownFollowerState(121)) - c61b7886-1b9a-4032-b026-73ad3d840619: shutdown FollowerState
2019-10-22 14:25:30,143 [Thread-248] INFO  impl.RaftServerImpl (RaftServerImpl.java:setRole(173)) - c61b7886-1b9a-4032-b026-73ad3d840619@group-D63FC7E0523A: changes role from  FOLLOWER to CANDIDATE at term 1 for changeToCandidate
2019-10-22 14:25:30,143 [Thread-248] INFO  impl.RoleInfo (RoleInfo.java:updateAndGet(143)) - c61b7886-1b9a-4032-b026-73ad3d840619: start LeaderElection
2019-10-22 14:25:30,150 [94363dd8-42f5-429b-bbe3-506d55a6d307@group-D63FC7E0523A-LeaderElection7] INFO  impl.LeaderElection (LeaderElection.java:askForVotes(178)) - 94363dd8-42f5-429b-bbe3-506d55a6d307@group-D63FC7E0523A-LeaderElection7: begin an election at term 2 for -1: [c61b7886-1b9a-4032-b026-73ad3d840619:192.168.69.94:40251, 5e302b21-73c7-4c15-997b-467ec519df17:192.168.69.94:42500, 94363dd8-42f5-429b-bbe3-506d55a6d307:192.168.69.94:46664], old=null
2019-10-22 14:25:30,150 [c61b7886-1b9a-4032-b026-73ad3d840619@group-D63FC7E0523A-LeaderElection8] INFO  impl.LeaderElection (LeaderElection.java:askForVotes(178)) - c61b7886-1b9a-4032-b026-73ad3d840619@group-D63FC7E0523A-LeaderElection8: begin an election at term 2 for -1: [c61b7886-1b9a-4032-b026-73ad3d840619:192.168.69.94:40251, 5e302b21-73c7-4c15-997b-467ec519df17:192.168.69.94:42500, 94363dd8-42f5-429b-bbe3-506d55a6d307:192.168.69.94:46664], old=null
2019-10-22 14:25:30,155 [grpc-default-executor-0] INFO  impl.RaftServerImpl (RaftServerImpl.java:setRole(173)) - 5e302b21-73c7-4c15-997b-467ec519df17@group-D63FC7E0523A: changes role from  FOLLOWER to FOLLOWER at term 2 for recognizeCandidate:94363dd8-42f5-429b-bbe3-506d55a6d307
2019-10-22 14:25:30,156 [grpc-default-executor-0] INFO  impl.RoleInfo (RoleInfo.java:shutdownFollowerState(121)) - 5e302b21-73c7-4c15-997b-467ec519df17: shutdown FollowerState
2019-10-22 14:25:30,156 [grpc-default-executor-0] INFO  impl.RoleInfo (RoleInfo.java:updateAndGet(143)) - 5e302b21-73c7-4c15-997b-467ec519df17: start FollowerState
2019-10-22 14:25:30,156 [Thread-246] INFO  impl.FollowerState (FollowerState.java:run(120)) - 5e302b21-73c7-4c15-997b-467ec519df17@group-D63FC7E0523A-FollowerState was interrupted: java.lang.InterruptedException: sleep interrupted
2019-10-22 14:25:30,174 [94363dd8-42f5-429b-bbe3-506d55a6d307@group-D63FC7E0523A-LeaderElection7] INFO  impl.LeaderElection (LeaderElection.java:logAndReturn(56)) - 94363dd8-42f5-429b-bbe3-506d55a6d307@group-D63FC7E0523A-LeaderElection7: Election PASSED; received 2 response(s) [94363dd8-42f5-429b-bbe3-506d55a6d307<-c61b7886-1b9a-4032-b026-73ad3d840619#0:FAIL-t2, 94363dd8-42f5-429b-bbe3-506d55a6d307<-5e302b21-73c7-4c15-997b-467ec519df17#0:OK-t2] and 0 exception(s); 94363dd8-42f5-429b-bbe3-506d55a6d307@group-D63FC7E0523A:t2, leader=null, voted=94363dd8-42f5-429b-bbe3-506d55a6d307, raftlog=94363dd8-42f5-429b-bbe3-506d55a6d307@group-D63FC7E0523A-SegmentedRaftLog:OPENED:c-1,f-1,i0, conf=-1: [c61b7886-1b9a-4032-b026-73ad3d840619:192.168.69.94:40251, 5e302b21-73c7-4c15-997b-467ec519df17:192.168.69.94:42500, 94363dd8-42f5-429b-bbe3-506d55a6d307:192.168.69.94:46664], old=null
2019-10-22 14:25:30,175 [94363dd8-42f5-429b-bbe3-506d55a6d307@group-D63FC7E0523A-LeaderElection7] INFO  impl.RoleInfo (RoleInfo.java:shutdownLeaderElection(134)) - 94363dd8-42f5-429b-bbe3-506d55a6d307: shutdown LeaderElection
2019-10-22 14:25:30,176 [94363dd8-42f5-429b-bbe3-506d55a6d307@group-D63FC7E0523A-LeaderElection7] INFO  impl.RaftServerImpl (RaftServerImpl.java:setRole(173)) - 94363dd8-42f5-429b-bbe3-506d55a6d307@group-D63FC7E0523A: changes role from CANDIDATE to LEADER at term 2 for changeToLeader
2019-10-22 14:25:30,176 [94363dd8-42f5-429b-bbe3-506d55a6d307@group-D63FC7E0523A-LeaderElection7] INFO  impl.RaftServerImpl (ServerState.java:setLeader(255)) - 94363dd8-42f5-429b-bbe3-506d55a6d307@group-D63FC7E0523A: change Leader from null to 94363dd8-42f5-429b-bbe3-506d55a6d307 at term 2 for becomeLeader, leader elected after 10182ms
2019-10-22 14:25:30,176 [c61b7886-1b9a-4032-b026-73ad3d840619@group-D63FC7E0523A-LeaderElection8] INFO  impl.LeaderElection (LeaderElection.java:logAndReturn(56)) - c61b7886-1b9a-4032-b026-73ad3d840619@group-D63FC7E0523A-LeaderElection8: Election REJECTED; received 2 response(s) [c61b7886-1b9a-4032-b026-73ad3d840619<-94363dd8-42f5-429b-bbe3-506d55a6d307#0:FAIL-t2, c61b7886-1b9a-4032-b026-73ad3d840619<-5e302b21-73c7-4c15-997b-467ec519df17#0:FAIL-t2] and 0 exception(s); c61b7886-1b9a-4032-b026-73ad3d840619@group-D63FC7E0523A:t2, leader=null, voted=c61b7886-1b9a-4032-b026-73ad3d840619, raftlog=c61b7886-1b9a-4032-b026-73ad3d840619@group-D63FC7E0523A-SegmentedRaftLog:OPENED:c-1,f-1,i0, conf=-1: [c61b7886-1b9a-4032-b026-73ad3d840619:192.168.69.94:40251, 5e302b21-73c7-4c15-997b-467ec519df17:192.168.69.94:42500, 94363dd8-42f5-429b-bbe3-506d55a6d307:192.168.69.94:46664], old=null
2019-10-22 14:25:30,177 [94363dd8-42f5-429b-bbe3-506d55a6d307@group-D63FC7E0523A-LeaderElection7] INFO  server.RaftServerConfigKeys (ConfUtils.java:logGet(43)) - raft.server.staging.catchup.gap = 1000 (default)
2019-10-22 14:25:30,177 [c61b7886-1b9a-4032-b026-73ad3d840619@group-D63FC7E0523A-LeaderElection8] INFO  impl.RaftServerImpl (RaftServerImpl.java:setRole(173)) - c61b7886-1b9a-4032-b026-73ad3d840619@group-D63FC7E0523A: changes role from CANDIDATE to FOLLOWER at term 2 for DISCOVERED_A_NEW_TERM
2019-10-22 14:25:30,178 [94363dd8-42f5-429b-bbe3-506d55a6d307@group-D63FC7E0523A-LeaderElection7] INFO  server.RaftServerConfigKeys (ConfUtils.java:logGet(43)) - raft.server.rpc.sleep.time = 25ms (default)
2019-10-22 14:25:30,178 [c61b7886-1b9a-4032-b026-73ad3d840619@group-D63FC7E0523A-LeaderElection8] INFO  impl.RoleInfo (RoleInfo.java:shutdownLeaderElection(134)) - c61b7886-1b9a-4032-b026-73ad3d840619: shutdown LeaderElection
2019-10-22 14:25:30,179 [94363dd8-42f5-429b-bbe3-506d55a6d307@group-D63FC7E0523A-LeaderElection7] INFO  server.RaftServerConfigKeys (ConfUtils.java:logGet(43)) - raft.server.write.element-limit = 4096 (default)
2019-10-22 14:25:30,179 [c61b7886-1b9a-4032-b026-73ad3d840619@group-D63FC7E0523A-LeaderElection8] INFO  impl.RoleInfo (RoleInfo.java:updateAndGet(143)) - c61b7886-1b9a-4032-b026-73ad3d840619: start FollowerState
2019-10-22 14:25:30,179 [94363dd8-42f5-429b-bbe3-506d55a6d307@group-D63FC7E0523A-LeaderElection7] INFO  server.RaftServerConfigKeys (ConfUtils.java:logGet(43)) - raft.server.watch.timeout = 10s (default)
2019-10-22 14:25:30,180 [94363dd8-42f5-429b-bbe3-506d55a6d307@group-D63FC7E0523A-LeaderElection7] INFO  server.RaftServerConfigKeys (ConfUtils.java:logGet(43)) - raft.server.watch.timeout.denomination = 1s (default)
2019-10-22 14:25:30,180 [94363dd8-42f5-429b-bbe3-506d55a6d307@group-D63FC7E0523A-LeaderElection7] INFO  server.RaftServerConfigKeys (ConfUtils.java:logGet(43)) - raft.server.watch.element-limit = 65536 (default)
2019-10-22 14:25:30,184 [94363dd8-42f5-429b-bbe3-506d55a6d307@group-D63FC7E0523A-LeaderElection7] INFO  server.RaftServerConfigKeys (ConfUtils.java:logGet(43)) - raft.server.log.appender.snapshot.chunk.size.max = 16MB (=16777216) (default)
2019-10-22 14:25:30,184 [94363dd8-42f5-429b-bbe3-506d55a6d307@group-D63FC7E0523A-LeaderElection7] INFO  server.RaftServerConfigKeys (ConfUtils.java:logGet(43)) - raft.server.log.appender.buffer.byte-limit = 33554432 (custom)
2019-10-22 14:25:30,185 [94363dd8-42f5-429b-bbe3-506d55a6d307@group-D63FC7E0523A-LeaderElection7] INFO  server.RaftServerConfigKeys (ConfUtils.java:logGet(43)) - raft.server.log.appender.buffer.element-limit = 1 (custom)
2019-10-22 14:25:30,189 [94363dd8-42f5-429b-bbe3-506d55a6d307@group-D63FC7E0523A-LeaderElection7] INFO  grpc.GrpcConfigKeys$Server (ConfUtils.java:logGet(43)) - raft.grpc.server.leader.outstanding.appends.max = 128 (default)
2019-10-22 14:25:30,189 [94363dd8-42f5-429b-bbe3-506d55a6d307@group-D63FC7E0523A-LeaderElection7] INFO  server.RaftServerConfigKeys (ConfUtils.java:logGet(43)) - raft.server.rpc.request.timeout = 3000ms (default)
2019-10-22 14:25:30,189 [94363dd8-42f5-429b-bbe3-506d55a6d307@group-D63FC7E0523A-LeaderElection7] INFO  server.RaftServerConfigKeys (ConfUtils.java:logGet(43)) - raft.server.log.appender.install.snapshot.enabled = false (custom)
2019-10-22 14:25:30,191 [94363dd8-42f5-429b-bbe3-506d55a6d307@group-D63FC7E0523A-LeaderElection7] WARN  impl.MetricRegistriesImpl (MetricRegistriesImpl.java:lambda$create$1(61)) - First MetricRegistry has been created without registering reporters. You may need to call MetricRegistries.global().addReportRegistration(...) before.
2019-10-22 14:25:30,192 [94363dd8-42f5-429b-bbe3-506d55a6d307@group-D63FC7E0523A-LeaderElection7] INFO  server.RaftServerConfigKeys (ConfUtils.java:logGet(43)) - raft.server.log.appender.snapshot.chunk.size.max = 16MB (=16777216) (default)
2019-10-22 14:25:30,192 [94363dd8-42f5-429b-bbe3-506d55a6d307@group-D63FC7E0523A-LeaderElection7] INFO  server.RaftServerConfigKeys (ConfUtils.java:logGet(43)) - raft.server.log.appender.buffer.byte-limit = 33554432 (custom)
2019-10-22 14:25:30,192 [94363dd8-42f5-429b-bbe3-506d55a6d307@group-D63FC7E0523A-LeaderElection7] INFO  server.RaftServerConfigKeys (ConfUtils.java:logGet(43)) - raft.server.log.appender.buffer.element-limit = 1 (custom)
2019-10-22 14:25:30,193 [94363dd8-42f5-429b-bbe3-506d55a6d307@group-D63FC7E0523A-LeaderElection7] INFO  grpc.GrpcConfigKeys$Server (ConfUtils.java:logGet(43)) - raft.grpc.server.leader.outstanding.appends.max = 128 (default)
2019-10-22 14:25:30,193 [94363dd8-42f5-429b-bbe3-506d55a6d307@group-D63FC7E0523A-LeaderElection7] INFO  server.RaftServerConfigKeys (ConfUtils.java:logGet(43)) - raft.server.rpc.request.timeout = 3000ms (default)
2019-10-22 14:25:30,193 [94363dd8-42f5-429b-bbe3-506d55a6d307@group-D63FC7E0523A-LeaderElection7] INFO  server.RaftServerConfigKeys (ConfUtils.java:logGet(43)) - raft.server.log.appender.install.snapshot.enabled = false (custom)
2019-10-22 14:25:30,195 [94363dd8-42f5-429b-bbe3-506d55a6d307@group-D63FC7E0523A-LeaderElection7] INFO  impl.RoleInfo (RoleInfo.java:updateAndGet(143)) - 94363dd8-42f5-429b-bbe3-506d55a6d307: start LeaderState
2019-10-22 14:25:30,195 [94363dd8-42f5-429b-bbe3-506d55a6d307@group-D63FC7E0523A-LeaderElection7] INFO  segmented.SegmentedRaftLogWorker (SegmentedRaftLogWorker.java:startLogSegment(385)) - 94363dd8-42f5-429b-bbe3-506d55a6d307@group-D63FC7E0523A-SegmentedRaftLogWorker: Starting segment from index:0
2019-10-22 14:25:30,196 [94363dd8-42f5-429b-bbe3-506d55a6d307@group-D63FC7E0523A-LeaderElection7] INFO  impl.RaftServerImpl (ServerState.java:setRaftConf(356)) - 94363dd8-42f5-429b-bbe3-506d55a6d307@group-D63FC7E0523A: set configuration 0: [c61b7886-1b9a-4032-b026-73ad3d840619:192.168.69.94:40251, 5e302b21-73c7-4c15-997b-467ec519df17:192.168.69.94:42500, 94363dd8-42f5-429b-bbe3-506d55a6d307:192.168.69.94:46664], old=null at 0
2019-10-22 14:25:30,239 [94363dd8-42f5-429b-bbe3-506d55a6d307@group-D63FC7E0523A-SegmentedRaftLogWorker] INFO  segmented.SegmentedRaftLogWorker (SegmentedRaftLogWorker.java:execute(576)) - 94363dd8-42f5-429b-bbe3-506d55a6d307@group-D63FC7E0523A-SegmentedRaftLogWorker: created new log segment /workdir/hadoop-ozone/integration-test/target/test-dir/MiniOzoneClusterImpl-5e129b3f-6122-4345-a4c8-196d0e61d05e/datanode-0/data/ratis/7ee4d48e-88bb-4c96-868c-d63fc7e0523a/current/log_inprogress_0
2019-10-22 14:25:30,251 [grpc-default-executor-0] INFO  impl.RaftServerImpl (ServerState.java:setLeader(255)) - c61b7886-1b9a-4032-b026-73ad3d840619@group-D63FC7E0523A: change Leader from null to 94363dd8-42f5-429b-bbe3-506d55a6d307 at term 2 for appendEntries, leader elected after 10257ms
2019-10-22 14:25:30,251 [grpc-default-executor-1] INFO  impl.RaftServerImpl (ServerState.java:setLeader(255)) - 5e302b21-73c7-4c15-997b-467ec519df17@group-D63FC7E0523A: change Leader from null to 94363dd8-42f5-429b-bbe3-506d55a6d307 at term 2 for appendEntries, leader elected after 10257ms
2019-10-22 14:25:30,281 [grpc-default-executor-1] INFO  impl.RaftServerImpl (ServerState.java:setRaftConf(356)) - c61b7886-1b9a-4032-b026-73ad3d840619@group-D63FC7E0523A: set configuration 0: [c61b7886-1b9a-4032-b026-73ad3d840619:192.168.69.94:40251, 5e302b21-73c7-4c15-997b-467ec519df17:192.168.69.94:42500, 94363dd8-42f5-429b-bbe3-506d55a6d307:192.168.69.94:46664], old=null at 0
2019-10-22 14:25:30,281 [grpc-default-executor-0] INFO  impl.RaftServerImpl (ServerState.java:setRaftConf(356)) - 5e302b21-73c7-4c15-997b-467ec519df17@group-D63FC7E0523A: set configuration 0: [c61b7886-1b9a-4032-b026-73ad3d840619:192.168.69.94:40251, 5e302b21-73c7-4c15-997b-467ec519df17:192.168.69.94:42500, 94363dd8-42f5-429b-bbe3-506d55a6d307:192.168.69.94:46664], old=null at 0
2019-10-22 14:25:30,281 [grpc-default-executor-1] INFO  segmented.SegmentedRaftLogWorker (SegmentedRaftLogWorker.java:startLogSegment(385)) - c61b7886-1b9a-4032-b026-73ad3d840619@group-D63FC7E0523A-SegmentedRaftLogWorker: Starting segment from index:0
2019-10-22 14:25:30,282 [grpc-default-executor-0] INFO  segmented.SegmentedRaftLogWorker (SegmentedRaftLogWorker.java:startLogSegment(385)) - 5e302b21-73c7-4c15-997b-467ec519df17@group-D63FC7E0523A-SegmentedRaftLogWorker: Starting segment from index:0
2019-10-22 14:25:30,329 [5e302b21-73c7-4c15-997b-467ec519df17@group-D63FC7E0523A-SegmentedRaftLogWorker] INFO  segmented.SegmentedRaftLogWorker (SegmentedRaftLogWorker.java:execute(576)) - 5e302b21-73c7-4c15-997b-467ec519df17@group-D63FC7E0523A-SegmentedRaftLogWorker: created new log segment /workdir/hadoop-ozone/integration-test/target/test-dir/MiniOzoneClusterImpl-5e129b3f-6122-4345-a4c8-196d0e61d05e/datanode-2/data/ratis/7ee4d48e-88bb-4c96-868c-d63fc7e0523a/current/log_inprogress_0
2019-10-22 14:25:30,329 [c61b7886-1b9a-4032-b026-73ad3d840619@group-D63FC7E0523A-SegmentedRaftLogWorker] INFO  segmented.SegmentedRaftLogWorker (SegmentedRaftLogWorker.java:execute(576)) - c61b7886-1b9a-4032-b026-73ad3d840619@group-D63FC7E0523A-SegmentedRaftLogWorker: created new log segment /workdir/hadoop-ozone/integration-test/target/test-dir/MiniOzoneClusterImpl-5e129b3f-6122-4345-a4c8-196d0e61d05e/datanode-1/data/ratis/7ee4d48e-88bb-4c96-868c-d63fc7e0523a/current/log_inprogress_0
2019-10-22 14:25:31,028 [Datanode State Machine Thread - 0] INFO  statemachine.DatanodeStateMachine (DatanodeStateMachine.java:lambda$startDaemon$0(350)) - Ozone container server started.
2019-10-22 14:25:36,018 [main] INFO  ozoneimpl.OzoneContainer (OzoneContainer.java:stop(227)) - Attempting to stop container services.
2019-10-22 14:25:36,019 [main] INFO  impl.RaftServerProxy (RaftServerProxy.java:lambda$close$4(314)) - 5e302b21-73c7-4c15-997b-467ec519df17: close
2019-10-22 14:25:36,021 [main] INFO  impl.RaftServerImpl (RaftServerImpl.java:lambda$shutdown$3(250)) - 5e302b21-73c7-4c15-997b-467ec519df17@group-67C5AE178B9B: shutdown
2019-10-22 14:25:36,021 [main] INFO  util.JmxRegister (JmxRegister.java:unregister(73)) - Successfully un-registered JMX Bean with object name Ratis:service=RaftServer,group=group-67C5AE178B9B,id=5e302b21-73c7-4c15-997b-467ec519df17
2019-10-22 14:25:36,022 [main] INFO  impl.RoleInfo (RoleInfo.java:shutdownLeaderState(104)) - 5e302b21-73c7-4c15-997b-467ec519df17: shutdown LeaderState
2019-10-22 14:25:36,023 [main] INFO  impl.PendingRequests (PendingRequests.java:sendNotLeaderResponses(206)) - 5e302b21-73c7-4c15-997b-467ec519df17@group-67C5AE178B9B-PendingRequests: sendNotLeaderResponses
2019-10-22 14:25:36,025 [main] INFO  impl.StateMachineUpdater (StateMachineUpdater.java:stopAndJoin(136)) - 5e302b21-73c7-4c15-997b-467ec519df17@group-67C5AE178B9B-StateMachineUpdater: set stopIndex = 0
2019-10-22 14:25:36,025 [main] INFO  impl.RaftServerImpl (ServerState.java:close(387)) - 5e302b21-73c7-4c15-997b-467ec519df17@group-67C5AE178B9B: closes. applyIndex: 0
2019-10-22 14:25:36,028 [5e302b21-73c7-4c15-997b-467ec519df17@group-67C5AE178B9B-SegmentedRaftLogWorker] INFO  segmented.SegmentedRaftLogWorker (SegmentedRaftLogWorker.java:run(316)) - 5e302b21-73c7-4c15-997b-467ec519df17@group-67C5AE178B9B-SegmentedRaftLogWorker was interrupted, exiting. There are 0 tasks remaining in the queue.
2019-10-22 14:25:36,030 [main] INFO  segmented.SegmentedRaftLogWorker (SegmentedRaftLogWorker.java:close(224)) - 5e302b21-73c7-4c15-997b-467ec519df17@group-67C5AE178B9B-SegmentedRaftLogWorker close()
2019-10-22 14:25:36,032 [main] INFO  impl.RaftServerImpl (RaftServerImpl.java:lambda$shutdown$3(250)) - 5e302b21-73c7-4c15-997b-467ec519df17@group-D63FC7E0523A: shutdown
2019-10-22 14:25:36,032 [main] INFO  util.JmxRegister (JmxRegister.java:unregister(73)) - Successfully un-registered JMX Bean with object name Ratis:service=RaftServer,group=group-D63FC7E0523A,id=5e302b21-73c7-4c15-997b-467ec519df17
2019-10-22 14:25:36,033 [main] INFO  impl.RoleInfo (RoleInfo.java:shutdownFollowerState(121)) - 5e302b21-73c7-4c15-997b-467ec519df17: shutdown FollowerState
2019-10-22 14:25:36,033 [main] INFO  impl.StateMachineUpdater (StateMachineUpdater.java:stopAndJoin(136)) - 5e302b21-73c7-4c15-997b-467ec519df17@group-D63FC7E0523A-StateMachineUpdater: set stopIndex = 4
2019-10-22 14:25:36,033 [5e302b21-73c7-4c15-997b-467ec519df17@group-D63FC7E0523A-StateMachineUpdater] INFO  ratis.ContainerStateMachine (ContainerStateMachine.java:takeSnapshot(294)) - group-D63FC7E0523A: Taking a snapshot at:(t:2, i:3) file /workdir/hadoop-ozone/integration-test/target/test-dir/MiniOzoneClusterImpl-5e129b3f-6122-4345-a4c8-196d0e61d05e/datanode-2/data/ratis/7ee4d48e-88bb-4c96-868c-d63fc7e0523a/sm/snapshot.2_3
2019-10-22 14:25:36,033 [Thread-268] INFO  impl.FollowerState (FollowerState.java:run(120)) - 5e302b21-73c7-4c15-997b-467ec519df17@group-D63FC7E0523A-FollowerState was interrupted: java.lang.InterruptedException: sleep interrupted
2019-10-22 14:25:36,156 [5e302b21-73c7-4c15-997b-467ec519df17@group-D63FC7E0523A-StateMachineUpdater] INFO  ratis.ContainerStateMachine (ContainerStateMachine.java:takeSnapshot(305)) - group-D63FC7E0523A: Finished taking a snapshot at:(t:2, i:3) file:/workdir/hadoop-ozone/integration-test/target/test-dir/MiniOzoneClusterImpl-5e129b3f-6122-4345-a4c8-196d0e61d05e/datanode-2/data/ratis/7ee4d48e-88bb-4c96-868c-d63fc7e0523a/sm/snapshot.2_3 time:122
2019-10-22 14:25:36,157 [5e302b21-73c7-4c15-997b-467ec519df17@group-D63FC7E0523A-StateMachineUpdater] INFO  impl.StateMachineUpdater (StateMachineUpdater.java:takeSnapshot(269)) - 5e302b21-73c7-4c15-997b-467ec519df17@group-D63FC7E0523A-StateMachineUpdater: Took a snapshot at index 3
2019-10-22 14:25:36,159 [5e302b21-73c7-4c15-997b-467ec519df17@group-D63FC7E0523A-StateMachineUpdater] INFO  impl.StateMachineUpdater (StateMachineUpdater.java:lambda$new$0(84)) - 5e302b21-73c7-4c15-997b-467ec519df17@group-D63FC7E0523A-StateMachineUpdater: snapshotIndex: updateIncreasingly -1 -> 3
2019-10-22 14:25:36,165 [5e302b21-73c7-4c15-997b-467ec519df17@group-D63FC7E0523A-StateMachineUpdater] INFO  ratis.ContainerStateMachine (ContainerStateMachine.java:takeSnapshot(294)) - group-D63FC7E0523A: Taking a snapshot at:(t:2, i:3) file /workdir/hadoop-ozone/integration-test/target/test-dir/MiniOzoneClusterImpl-5e129b3f-6122-4345-a4c8-196d0e61d05e/datanode-2/data/ratis/7ee4d48e-88bb-4c96-868c-d63fc7e0523a/sm/snapshot.2_3
2019-10-22 14:25:36,177 [5e302b21-73c7-4c15-997b-467ec519df17@group-D63FC7E0523A-StateMachineUpdater] INFO  ratis.ContainerStateMachine (ContainerStateMachine.java:takeSnapshot(305)) - group-D63FC7E0523A: Finished taking a snapshot at:(t:2, i:3) file:/workdir/hadoop-ozone/integration-test/target/test-dir/MiniOzoneClusterImpl-5e129b3f-6122-4345-a4c8-196d0e61d05e/datanode-2/data/ratis/7ee4d48e-88bb-4c96-868c-d63fc7e0523a/sm/snapshot.2_3 time:12
2019-10-22 14:25:36,178 [5e302b21-73c7-4c15-997b-467ec519df17@group-D63FC7E0523A-StateMachineUpdater] INFO  impl.StateMachineUpdater (StateMachineUpdater.java:takeSnapshot(269)) - 5e302b21-73c7-4c15-997b-467ec519df17@group-D63FC7E0523A-StateMachineUpdater: Took a snapshot at index 3
2019-10-22 14:25:36,178 [5e302b21-73c7-4c15-997b-467ec519df17@group-D63FC7E0523A-StateMachineUpdater] INFO  impl.StateMachineUpdater (StateMachineUpdater.java:lambda$new$0(84)) - 5e302b21-73c7-4c15-997b-467ec519df17@group-D63FC7E0523A-StateMachineUpdater: snapshotIndex: updateIncreasingly 3 -> 3
2019-10-22 14:25:36,178 [main] INFO  impl.RaftServerImpl (ServerState.java:close(387)) - 5e302b21-73c7-4c15-997b-467ec519df17@group-D63FC7E0523A: closes. applyIndex: 4
2019-10-22 14:25:36,179 [5e302b21-73c7-4c15-997b-467ec519df17@group-D63FC7E0523A-SegmentedRaftLogWorker] INFO  segmented.SegmentedRaftLogWorker (SegmentedRaftLogWorker.java:run(316)) - 5e302b21-73c7-4c15-997b-467ec519df17@group-D63FC7E0523A-SegmentedRaftLogWorker was interrupted, exiting. There are 0 tasks remaining in the queue.
2019-10-22 14:25:36,180 [main] INFO  segmented.SegmentedRaftLogWorker (SegmentedRaftLogWorker.java:close(224)) - 5e302b21-73c7-4c15-997b-467ec519df17@group-D63FC7E0523A-SegmentedRaftLogWorker close()
2019-10-22 14:25:36,183 [main] INFO  server.GrpcService (GrpcService.java:closeImpl(164)) - 5e302b21-73c7-4c15-997b-467ec519df17: shutdown server with port 42500 now
2019-10-22 14:25:36,193 [grpc-default-executor-0] WARN  server.GrpcServerProtocolService (LogUtils.java:warn(134)) - 5e302b21-73c7-4c15-997b-467ec519df17: installSnapshot onError, lastRequest: 94363dd8-42f5-429b-bbe3-506d55a6d307->5e302b21-73c7-4c15-997b-467ec519df17#7-t2, previous=(t:2, i:4), leaderCommit=4, initializing? false, entries: <empty>: org.apache.ratis.thirdparty.io.grpc.StatusRuntimeException: CANCELLED: cancelled before receiving half close
2019-10-22 14:25:36,194 [main] INFO  server.GrpcService (GrpcService.java:closeImpl(172)) - 5e302b21-73c7-4c15-997b-467ec519df17: shutdown server with port 42500 successfully
2019-10-22 14:25:36,194 [grpc-default-executor-3] WARN  server.GrpcLogAppender (LogUtils.java:warn(134)) - 94363dd8-42f5-429b-bbe3-506d55a6d307@group-D63FC7E0523A->5e302b21-73c7-4c15-997b-467ec519df17-AppendLogResponseHandler: Failed appendEntries: org.apache.ratis.thirdparty.io.grpc.StatusRuntimeException: CANCELLED: HTTP/2 error code: CANCEL
Received Rst Stream
2019-10-22 14:25:36,197 [refreshUsed-/workdir/hadoop-ozone/integration-test/target/test-dir/MiniOzoneClusterImpl-5e129b3f-6122-4345-a4c8-196d0e61d05e/datanode-2/data/containers] WARN  fs.CachingGetSpaceUsed (CachingGetSpaceUsed.java:run(183)) - Thread Interrupted waiting to refresh disk information: sleep interrupted
2019-10-22 14:25:36,217 [main] INFO  utils.BackgroundService (BackgroundService.java:shutdown(151)) - Shutting down service BlockDeletingService
2019-10-22 14:25:36,220 [main] INFO  statemachine.DatanodeStateMachine (DatanodeStateMachine.java:stopDaemon(395)) - Ozone container server stopped.
2019-10-22 14:25:36,224 [main] INFO  handler.ContextHandler (ContextHandler.java:doStop(910)) - Stopped o.e.j.w.WebAppContext@75ae4a1f{/,null,UNAVAILABLE}{/hddsDatanode}
2019-10-22 14:25:36,231 [main] INFO  server.AbstractConnector (AbstractConnector.java:doStop(318)) - Stopped ServerConnector@70228253{HTTP/1.1,[http/1.1]}{0.0.0.0:0}
2019-10-22 14:25:36,231 [main] INFO  handler.ContextHandler (ContextHandler.java:doStop(910)) - Stopped o.e.j.s.ServletContextHandler@51c959a4{/static,jar:file:/home/user/.m2/repository/org/apache/hadoop/hadoop-hdds-container-service/0.5.0-SNAPSHOT/hadoop-hdds-container-service-0.5.0-SNAPSHOT.jar!/webapps/static,UNAVAILABLE}
2019-10-22 14:25:36,231 [main] INFO  handler.ContextHandler (ContextHandler.java:doStop(910)) - Stopped o.e.j.s.ServletContextHandler@1229a2b7{/logs,file:///workdir/hadoop-ozone/integration-test/target/log,UNAVAILABLE}
2019-10-22 14:25:39,240 [java.util.concurrent.ThreadPoolExecutor$Worker@3e1fcf78[State = -1, empty queue]] WARN  server.GrpcLogAppender (GrpcLogAppender.java:timeoutAppendRequest(209)) - 94363dd8-42f5-429b-bbe3-506d55a6d307@group-D63FC7E0523A->5e302b21-73c7-4c15-997b-467ec519df17-GrpcLogAppender: appendEntries Timeout, request=94363dd8-42f5-429b-bbe3-506d55a6d307->5e302b21-73c7-4c15-997b-467ec519df17#8-t2, previous=(t:2, i:4), leaderCommit=4, initializing? false, entries: size=1, first=(t:2, i:5), STATEMACHINELOGENTRY, client-458A7D8FFED2, cid=8
2019-10-22 14:25:39,242 [java.util.concurrent.ThreadPoolExecutor$Worker@3e1fcf78[State = -1, empty queue]] WARN  server.GrpcLogAppender (GrpcLogAppender.java:timeoutAppendRequest(209)) - 94363dd8-42f5-429b-bbe3-506d55a6d307@group-D63FC7E0523A->5e302b21-73c7-4c15-997b-467ec519df17-GrpcLogAppender: appendEntries Timeout, request=94363dd8-42f5-429b-bbe3-506d55a6d307->5e302b21-73c7-4c15-997b-467ec519df17#9-t2, previous=(t:2, i:5), leaderCommit=4, initializing? false, entries: size=1, first=(t:2, i:6), STATEMACHINELOGENTRY, client-458A7D8FFED2, cid=9
2019-10-22 14:25:39,253 [java.util.concurrent.ThreadPoolExecutor$Worker@3e1fcf78[State = -1, empty queue]] WARN  server.GrpcLogAppender (GrpcLogAppender.java:timeoutAppendRequest(209)) - 94363dd8-42f5-429b-bbe3-506d55a6d307@group-D63FC7E0523A->5e302b21-73c7-4c15-997b-467ec519df17-GrpcLogAppender: appendEntries Timeout, request=94363dd8-42f5-429b-bbe3-506d55a6d307->5e302b21-73c7-4c15-997b-467ec519df17#10-t2, previous=(t:2, i:6), leaderCommit=5, initializing? false, entries: size=1, first=(t:2, i:7), METADATAENTRY(c5)
2019-10-22 14:25:39,262 [java.util.concurrent.ThreadPoolExecutor$Worker@3e1fcf78[State = -1, empty queue]] WARN  server.GrpcLogAppender (GrpcLogAppender.java:timeoutAppendRequest(209)) - 94363dd8-42f5-429b-bbe3-506d55a6d307@group-D63FC7E0523A->5e302b21-73c7-4c15-997b-467ec519df17-GrpcLogAppender: appendEntries Timeout, request=94363dd8-42f5-429b-bbe3-506d55a6d307->5e302b21-73c7-4c15-997b-467ec519df17#11-t2, previous=(t:2, i:7), leaderCommit=6, initializing? false, entries: size=1, first=(t:2, i:8), METADATAENTRY(c6)
2019-10-22 14:25:41,767 [java.util.concurrent.ThreadPoolExecutor$Worker@3e1fcf78[State = -1, empty queue]] WARN  server.GrpcLogAppender (GrpcLogAppender.java:timeoutAppendRequest(209)) - 94363dd8-42f5-429b-bbe3-506d55a6d307@group-D63FC7E0523A->5e302b21-73c7-4c15-997b-467ec519df17-GrpcLogAppender: appendEntries Timeout, request=94363dd8-42f5-429b-bbe3-506d55a6d307->5e302b21-73c7-4c15-997b-467ec519df17#12-t2, previous=(t:2, i:8), leaderCommit=8, initializing? false, entries: <empty>
2019-10-22 14:25:44,269 [java.util.concurrent.ThreadPoolExecutor$Worker@3e1fcf78[State = -1, empty queue]] WARN  server.GrpcLogAppender (GrpcLogAppender.java:timeoutAppendRequest(209)) - 94363dd8-42f5-429b-bbe3-506d55a6d307@group-D63FC7E0523A->5e302b21-73c7-4c15-997b-467ec519df17-GrpcLogAppender: appendEntries Timeout, request=94363dd8-42f5-429b-bbe3-506d55a6d307->5e302b21-73c7-4c15-997b-467ec519df17#13-t2, previous=(t:2, i:8), leaderCommit=8, initializing? false, entries: <empty>
2019-10-22 14:25:46,309 [Thread-315] INFO  client.GrpcClientProtocolService (GrpcClientProtocolService.java:lambda$processClientRequest$0(279)) - Failed RaftClientRequest:client-458A7D8FFED2->c61b7886-1b9a-4032-b026-73ad3d840619@group-D63FC7E0523A, cid=10, seq=0, Watch-ALL_COMMITTED(6), Message:<EMPTY>, reply=RaftClientReply:client-458A7D8FFED2->c61b7886-1b9a-4032-b026-73ad3d840619@group-D63FC7E0523A, cid=10, FAILED org.apache.ratis.protocol.NotLeaderException: Server c61b7886-1b9a-4032-b026-73ad3d840619@group-D63FC7E0523A is not the leader 94363dd8-42f5-429b-bbe3-506d55a6d307:192.168.69.94:46664, logIndex=0, commits[c61b7886-1b9a-4032-b026-73ad3d840619:c8, 5e302b21-73c7-4c15-997b-467ec519df17:c4, 94363dd8-42f5-429b-bbe3-506d55a6d307:c8]
2019-10-22 14:25:46,770 [java.util.concurrent.ThreadPoolExecutor$Worker@3e1fcf78[State = -1, empty queue]] WARN  server.GrpcLogAppender (GrpcLogAppender.java:timeoutAppendRequest(209)) - 94363dd8-42f5-429b-bbe3-506d55a6d307@group-D63FC7E0523A->5e302b21-73c7-4c15-997b-467ec519df17-GrpcLogAppender: appendEntries Timeout, request=94363dd8-42f5-429b-bbe3-506d55a6d307->5e302b21-73c7-4c15-997b-467ec519df17#14-t2, previous=(t:2, i:8), leaderCommit=8, initializing? false, entries: <empty>
2019-10-22 14:25:46,889 [Thread-318] INFO  client.GrpcClientProtocolService (GrpcClientProtocolService.java:lambda$processClientRequest$0(279)) - Failed RaftClientRequest:client-458A7D8FFED2->94363dd8-42f5-429b-bbe3-506d55a6d307@group-D63FC7E0523A, cid=10, seq=0, Watch-ALL_COMMITTED(6), Message:<EMPTY>, reply=RaftClientReply:client-458A7D8FFED2->94363dd8-42f5-429b-bbe3-506d55a6d307@group-D63FC7E0523A, cid=10, FAILED org.apache.ratis.protocol.NotReplicatedException: Request with call Id 10 and log index 6 is not yet replicated to ALL_COMMITTED, logIndex=6, commits[94363dd8-42f5-429b-bbe3-506d55a6d307:c8, c61b7886-1b9a-4032-b026-73ad3d840619:c8, 5e302b21-73c7-4c15-997b-467ec519df17:c4]
2019-10-22 14:25:49,271 [java.util.concurrent.ThreadPoolExecutor$Worker@3e1fcf78[State = -1, empty queue]] WARN  server.GrpcLogAppender (GrpcLogAppender.java:timeoutAppendRequest(209)) - 94363dd8-42f5-429b-bbe3-506d55a6d307@group-D63FC7E0523A->5e302b21-73c7-4c15-997b-467ec519df17-GrpcLogAppender: appendEntries Timeout, request=94363dd8-42f5-429b-bbe3-506d55a6d307->5e302b21-73c7-4c15-997b-467ec519df17#15-t2, previous=(t:2, i:8), leaderCommit=8, initializing? false, entries: <empty>
2019-10-22 14:25:51,772 [java.util.concurrent.ThreadPoolExecutor$Worker@3e1fcf78[State = -1, empty queue]] WARN  server.GrpcLogAppender (GrpcLogAppender.java:timeoutAppendRequest(209)) - 94363dd8-42f5-429b-bbe3-506d55a6d307@group-D63FC7E0523A->5e302b21-73c7-4c15-997b-467ec519df17-GrpcLogAppender: appendEntries Timeout, request=94363dd8-42f5-429b-bbe3-506d55a6d307->5e302b21-73c7-4c15-997b-467ec519df17#16-t2, previous=(t:2, i:8), leaderCommit=8, initializing? false, entries: <empty>
2019-10-22 14:25:54,276 [java.util.concurrent.ThreadPoolExecutor$Worker@3e1fcf78[State = -1, empty queue]] WARN  server.GrpcLogAppender (GrpcLogAppender.java:timeoutAppendRequest(209)) - 94363dd8-42f5-429b-bbe3-506d55a6d307@group-D63FC7E0523A->5e302b21-73c7-4c15-997b-467ec519df17-GrpcLogAppender: appendEntries Timeout, request=94363dd8-42f5-429b-bbe3-506d55a6d307->5e302b21-73c7-4c15-997b-467ec519df17#17-t2, previous=(t:2, i:8), leaderCommit=8, initializing? false, entries: <empty>
2019-10-22 14:25:56,779 [java.util.concurrent.ThreadPoolExecutor$Worker@3e1fcf78[State = -1, empty queue]] WARN  server.GrpcLogAppender (GrpcLogAppender.java:timeoutAppendRequest(209)) - 94363dd8-42f5-429b-bbe3-506d55a6d307@group-D63FC7E0523A->5e302b21-73c7-4c15-997b-467ec519df17-GrpcLogAppender: appendEntries Timeout, request=94363dd8-42f5-429b-bbe3-506d55a6d307->5e302b21-73c7-4c15-997b-467ec519df17#18-t2, previous=(t:2, i:8), leaderCommit=8, initializing? false, entries: <empty>
2019-10-22 14:25:56,885 [Thread-327] INFO  client.GrpcClientProtocolService (GrpcClientProtocolService.java:lambda$processClientRequest$0(279)) - Failed RaftClientRequest:client-458A7D8FFED2->94363dd8-42f5-429b-bbe3-506d55a6d307@group-D63FC7E0523A, cid=10, seq=0, Watch-ALL_COMMITTED(6), Message:<EMPTY>, reply=RaftClientReply:client-458A7D8FFED2->94363dd8-42f5-429b-bbe3-506d55a6d307@group-D63FC7E0523A, cid=10, FAILED org.apache.ratis.protocol.NotReplicatedException: Request with call Id 10 and log index 6 is not yet replicated to ALL_COMMITTED, logIndex=6, commits[94363dd8-42f5-429b-bbe3-506d55a6d307:c8, c61b7886-1b9a-4032-b026-73ad3d840619:c8, 5e302b21-73c7-4c15-997b-467ec519df17:c4]
2019-10-22 14:25:59,282 [java.util.concurrent.ThreadPoolExecutor$Worker@3e1fcf78[State = -1, empty queue]] WARN  server.GrpcLogAppender (GrpcLogAppender.java:timeoutAppendRequest(209)) - 94363dd8-42f5-429b-bbe3-506d55a6d307@group-D63FC7E0523A->5e302b21-73c7-4c15-997b-467ec519df17-GrpcLogAppender: appendEntries Timeout, request=94363dd8-42f5-429b-bbe3-506d55a6d307->5e302b21-73c7-4c15-997b-467ec519df17#19-t2, previous=(t:2, i:8), leaderCommit=8, initializing? false, entries: <empty>
2019-10-22 14:26:01,785 [java.util.concurrent.ThreadPoolExecutor$Worker@3e1fcf78[State = -1, empty queue]] WARN  server.GrpcLogAppender (GrpcLogAppender.java:timeoutAppendRequest(209)) - 94363dd8-42f5-429b-bbe3-506d55a6d307@group-D63FC7E0523A->5e302b21-73c7-4c15-997b-467ec519df17-GrpcLogAppender: appendEntries Timeout, request=94363dd8-42f5-429b-bbe3-506d55a6d307->5e302b21-73c7-4c15-997b-467ec519df17#20-t2, previous=(t:2, i:8), leaderCommit=8, initializing? false, entries: <empty>
2019-10-22 14:26:04,288 [java.util.concurrent.ThreadPoolExecutor$Worker@3e1fcf78[State = -1, empty queue]] WARN  server.GrpcLogAppender (GrpcLogAppender.java:timeoutAppendRequest(209)) - 94363dd8-42f5-429b-bbe3-506d55a6d307@group-D63FC7E0523A->5e302b21-73c7-4c15-997b-467ec519df17-GrpcLogAppender: appendEntries Timeout, request=94363dd8-42f5-429b-bbe3-506d55a6d307->5e302b21-73c7-4c15-997b-467ec519df17#21-t2, previous=(t:2, i:8), leaderCommit=8, initializing? false, entries: <empty>
2019-10-22 14:26:05,377 [Thread-333] INFO  client.GrpcClientProtocolService (GrpcClientProtocolService.java:lambda$processClientRequest$0(279)) - Failed RaftClientRequest:client-458A7D8FFED2->c61b7886-1b9a-4032-b026-73ad3d840619@group-D63FC7E0523A, cid=10, seq=0, Watch-ALL_COMMITTED(6), Message:<EMPTY>, reply=RaftClientReply:client-458A7D8FFED2->c61b7886-1b9a-4032-b026-73ad3d840619@group-D63FC7E0523A, cid=10, FAILED org.apache.ratis.protocol.NotLeaderException: Server c61b7886-1b9a-4032-b026-73ad3d840619@group-D63FC7E0523A is not the leader 94363dd8-42f5-429b-bbe3-506d55a6d307:192.168.69.94:46664, logIndex=0, commits[c61b7886-1b9a-4032-b026-73ad3d840619:c8, 5e302b21-73c7-4c15-997b-467ec519df17:c4, 94363dd8-42f5-429b-bbe3-506d55a6d307:c8]
2019-10-22 14:26:06,280 [main] WARN  scm.XceiverClientRatis (XceiverClientRatis.java:watchForCommit(277)) - 3 way commit failed on pipeline Pipeline[ Id: 7ee4d48e-88bb-4c96-868c-d63fc7e0523a, Nodes: c61b7886-1b9a-4032-b026-73ad3d840619{ip: 192.168.69.94, host: dev-testrun-4rklj-35625584, networkLocation: /default-rack, certSerialId: null}5e302b21-73c7-4c15-997b-467ec519df17{ip: 192.168.69.94, host: dev-testrun-4rklj-35625584, networkLocation: /default-rack, certSerialId: null}94363dd8-42f5-429b-bbe3-506d55a6d307{ip: 192.168.69.94, host: dev-testrun-4rklj-35625584, networkLocation: /default-rack, certSerialId: null}, Type:RATIS, Factor:THREE, State:OPEN]
java.util.concurrent.TimeoutException
	at java.util.concurrent.CompletableFuture.timedGet(CompletableFuture.java:1771)
	at java.util.concurrent.CompletableFuture.get(CompletableFuture.java:1915)
	at org.apache.hadoop.hdds.scm.XceiverClientRatis.watchForCommit(XceiverClientRatis.java:274)
	at org.apache.hadoop.hdds.scm.storage.CommitWatcher.watchForCommit(CommitWatcher.java:198)
	at org.apache.hadoop.hdds.scm.storage.CommitWatcher.watchOnLastIndex(CommitWatcher.java:161)
	at org.apache.hadoop.hdds.scm.storage.BlockOutputStream.watchForCommit(BlockOutputStream.java:346)
	at org.apache.hadoop.hdds.scm.storage.BlockOutputStream.handleFlush(BlockOutputStream.java:482)
	at org.apache.hadoop.hdds.scm.storage.BlockOutputStream.close(BlockOutputStream.java:496)
	at org.apache.hadoop.ozone.client.io.BlockOutputStreamEntry.close(BlockOutputStreamEntry.java:143)
	at org.apache.hadoop.ozone.client.io.KeyOutputStream.handleFlushOrClose(KeyOutputStream.java:435)
	at org.apache.hadoop.ozone.client.io.KeyOutputStream.close(KeyOutputStream.java:473)
	at org.apache.hadoop.ozone.client.io.OzoneOutputStream.close(OzoneOutputStream.java:60)
	at org.apache.hadoop.ozone.client.rpc.TestDeleteWithSlowFollower.testDeleteKeyWithSlowFollower(TestDeleteWithSlowFollower.java:193)
	at sun.reflect.NativeMethodAccessorImpl.invoke0(Native Method)
	at sun.reflect.NativeMethodAccessorImpl.invoke(NativeMethodAccessorImpl.java:62)
	at sun.reflect.DelegatingMethodAccessorImpl.invoke(DelegatingMethodAccessorImpl.java:43)
	at java.lang.reflect.Method.invoke(Method.java:498)
	at org.junit.runners.model.FrameworkMethod$1.runReflectiveCall(FrameworkMethod.java:47)
	at org.junit.internal.runners.model.ReflectiveCallable.run(ReflectiveCallable.java:12)
	at org.junit.runners.model.FrameworkMethod.invokeExplosively(FrameworkMethod.java:44)
	at org.junit.internal.runners.statements.InvokeMethod.evaluate(InvokeMethod.java:17)
	at org.junit.runners.ParentRunner.runLeaf(ParentRunner.java:271)
	at org.junit.runners.BlockJUnit4ClassRunner.runChild(BlockJUnit4ClassRunner.java:70)
	at org.junit.runners.BlockJUnit4ClassRunner.runChild(BlockJUnit4ClassRunner.java:50)
	at org.junit.runners.ParentRunner$3.run(ParentRunner.java:238)
	at org.junit.runners.ParentRunner$1.schedule(ParentRunner.java:63)
	at org.junit.runners.ParentRunner.runChildren(ParentRunner.java:236)
	at org.junit.runners.ParentRunner.access$000(ParentRunner.java:53)
	at org.junit.runners.ParentRunner$2.evaluate(ParentRunner.java:229)
	at org.junit.internal.runners.statements.RunBefores.evaluate(RunBefores.java:26)
	at org.junit.internal.runners.statements.RunAfters.evaluate(RunAfters.java:27)
	at org.junit.runners.ParentRunner.run(ParentRunner.java:309)
	at org.apache.maven.surefire.junit4.JUnit4Provider.execute(JUnit4Provider.java:365)
	at org.apache.maven.surefire.junit4.JUnit4Provider.executeWithRerun(JUnit4Provider.java:273)
	at org.apache.maven.surefire.junit4.JUnit4Provider.executeTestSet(JUnit4Provider.java:238)
	at org.apache.maven.surefire.junit4.JUnit4Provider.invoke(JUnit4Provider.java:159)
	at org.apache.maven.surefire.booter.ForkedBooter.invokeProviderInSameClassLoader(ForkedBooter.java:384)
	at org.apache.maven.surefire.booter.ForkedBooter.runSuitesInProcess(ForkedBooter.java:345)
	at org.apache.maven.surefire.booter.ForkedBooter.execute(ForkedBooter.java:126)
	at org.apache.maven.surefire.booter.ForkedBooter.main(ForkedBooter.java:418)
2019-10-22 14:26:06,305 [main] INFO  scm.XceiverClientRatis (XceiverClientRatis.java:lambda$watchForCommit$5(295)) - Could not commit index 6 on pipeline Pipeline[ Id: 7ee4d48e-88bb-4c96-868c-d63fc7e0523a, Nodes: c61b7886-1b9a-4032-b026-73ad3d840619{ip: 192.168.69.94, host: dev-testrun-4rklj-35625584, networkLocation: /default-rack, certSerialId: null}5e302b21-73c7-4c15-997b-467ec519df17{ip: 192.168.69.94, host: dev-testrun-4rklj-35625584, networkLocation: /default-rack, certSerialId: null}94363dd8-42f5-429b-bbe3-506d55a6d307{ip: 192.168.69.94, host: dev-testrun-4rklj-35625584, networkLocation: /default-rack, certSerialId: null}, Type:RATIS, Factor:THREE, State:OPEN] to all the nodes. Server 5e302b21-73c7-4c15-997b-467ec519df17 has failed. Committed by majority.
2019-10-22 14:26:06,306 [main] WARN  storage.BlockOutputStream (BlockOutputStream.java:watchForCommit(352)) - Failed to commit BlockId conID: 1 locID: 103006491192393728 bcsId: 6 on Pipeline[ Id: 7ee4d48e-88bb-4c96-868c-d63fc7e0523a, Nodes: c61b7886-1b9a-4032-b026-73ad3d840619{ip: 192.168.69.94, host: dev-testrun-4rklj-35625584, networkLocation: /default-rack, certSerialId: null}5e302b21-73c7-4c15-997b-467ec519df17{ip: 192.168.69.94, host: dev-testrun-4rklj-35625584, networkLocation: /default-rack, certSerialId: null}94363dd8-42f5-429b-bbe3-506d55a6d307{ip: 192.168.69.94, host: dev-testrun-4rklj-35625584, networkLocation: /default-rack, certSerialId: null}, Type:RATIS, Factor:THREE, State:OPEN]. Failed nodes: [5e302b21-73c7-4c15-997b-467ec519df17{ip: null, host: null, networkLocation: /default-rack, certSerialId: null}]
2019-10-22 14:26:06,419 [EventQueue-IncrementalContainerReportForIncrementalContainerReportHandler] WARN  container.IncrementalContainerReportHandler (AbstractContainerReportHandler.java:updateContainerState(145)) - Container #1 is in OPEN state, but the datanode 94363dd8-42f5-429b-bbe3-506d55a6d307{ip: 192.168.69.94, host: dev-testrun-4rklj-35625584, networkLocation: /default-rack, certSerialId: null} reports an CLOSING replica.
2019-10-22 14:26:06,429 [RatisApplyTransactionExecutor 1] INFO  interfaces.Container (KeyValueContainer.java:flushAndSyncDB(386)) - Container 1 is synced with bcsId 6.
2019-10-22 14:26:06,430 [RatisApplyTransactionExecutor 1] INFO  interfaces.Container (KeyValueContainer.java:flushAndSyncDB(386)) - Container 1 is synced with bcsId 6.
2019-10-22 14:26:06,444 [RatisApplyTransactionExecutor 1] INFO  interfaces.Container (KeyValueContainer.java:close(335)) - Container 1 is closed with bcsId 6.
2019-10-22 14:26:06,447 [EventQueue-IncrementalContainerReportForIncrementalContainerReportHandler] WARN  container.IncrementalContainerReportHandler (AbstractContainerReportHandler.java:updateContainerState(145)) - Container #1 is in OPEN state, but the datanode 94363dd8-42f5-429b-bbe3-506d55a6d307{ip: 192.168.69.94, host: dev-testrun-4rklj-35625584, networkLocation: /default-rack, certSerialId: null} reports an CLOSED replica.
2019-10-22 14:26:06,448 [EventQueue-ContainerReportForContainerReportHandler] WARN  container.ContainerReportHandler (AbstractContainerReportHandler.java:updateContainerState(145)) - Container #1 is in OPEN state, but the datanode c61b7886-1b9a-4032-b026-73ad3d840619{ip: 192.168.69.94, host: dev-testrun-4rklj-35625584, networkLocation: /default-rack, certSerialId: null} reports an CLOSING replica.
2019-10-22 14:26:06,448 [EventQueue-IncrementalContainerReportForIncrementalContainerReportHandler] WARN  container.IncrementalContainerReportHandler (AbstractContainerReportHandler.java:updateContainerState(145)) - Container #1 is in OPEN state, but the datanode c61b7886-1b9a-4032-b026-73ad3d840619{ip: 192.168.69.94, host: dev-testrun-4rklj-35625584, networkLocation: /default-rack, certSerialId: null} reports an CLOSING replica.
2019-10-22 14:26:06,456 [RatisApplyTransactionExecutor 1] INFO  interfaces.Container (KeyValueContainer.java:flushAndSyncDB(386)) - Container 1 is synced with bcsId 6.
2019-10-22 14:26:06,457 [RatisApplyTransactionExecutor 1] INFO  interfaces.Container (KeyValueContainer.java:flushAndSyncDB(386)) - Container 1 is synced with bcsId 6.
2019-10-22 14:26:06,473 [RatisApplyTransactionExecutor 1] INFO  interfaces.Container (KeyValueContainer.java:close(335)) - Container 1 is closed with bcsId 6.
2019-10-22 14:26:06,475 [EventQueue-IncrementalContainerReportForIncrementalContainerReportHandler] WARN  container.IncrementalContainerReportHandler (AbstractContainerReportHandler.java:updateContainerState(145)) - Container #1 is in OPEN state, but the datanode c61b7886-1b9a-4032-b026-73ad3d840619{ip: 192.168.69.94, host: dev-testrun-4rklj-35625584, networkLocation: /default-rack, certSerialId: null} reports an CLOSED replica.
2019-10-22 14:26:06,546 [EventQueue-ContainerReportForContainerReportHandler] WARN  container.ContainerReportHandler (AbstractContainerReportHandler.java:updateContainerState(145)) - Container #1 is in OPEN state, but the datanode 94363dd8-42f5-429b-bbe3-506d55a6d307{ip: 192.168.69.94, host: dev-testrun-4rklj-35625584, networkLocation: /default-rack, certSerialId: null} reports an CLOSED replica.
2019-10-22 14:26:06,774 [EventQueue-ContainerReportForContainerReportHandler] WARN  container.ContainerReportHandler (AbstractContainerReportHandler.java:updateContainerState(145)) - Container #1 is in OPEN state, but the datanode c61b7886-1b9a-4032-b026-73ad3d840619{ip: 192.168.69.94, host: dev-testrun-4rklj-35625584, networkLocation: /default-rack, certSerialId: null} reports an CLOSED replica.
2019-10-22 14:26:06,790 [java.util.concurrent.ThreadPoolExecutor$Worker@3e1fcf78[State = -1, empty queue]] WARN  server.GrpcLogAppender (GrpcLogAppender.java:timeoutAppendRequest(209)) - 94363dd8-42f5-429b-bbe3-506d55a6d307@group-D63FC7E0523A->5e302b21-73c7-4c15-997b-467ec519df17-GrpcLogAppender: appendEntries Timeout, request=94363dd8-42f5-429b-bbe3-506d55a6d307->5e302b21-73c7-4c15-997b-467ec519df17#22-t2, previous=(t:2, i:8), leaderCommit=8, initializing? false, entries: <empty>
2019-10-22 14:26:06,884 [Thread-347] INFO  client.GrpcClientProtocolService (GrpcClientProtocolService.java:lambda$processClientRequest$0(279)) - Failed RaftClientRequest:client-458A7D8FFED2->94363dd8-42f5-429b-bbe3-506d55a6d307@group-D63FC7E0523A, cid=10, seq=0, Watch-ALL_COMMITTED(6), Message:<EMPTY>, reply=RaftClientReply:client-458A7D8FFED2->94363dd8-42f5-429b-bbe3-506d55a6d307@group-D63FC7E0523A, cid=10, FAILED org.apache.ratis.protocol.NotReplicatedException: Request with call Id 10 and log index 6 is not yet replicated to ALL_COMMITTED, logIndex=6, commits[94363dd8-42f5-429b-bbe3-506d55a6d307:c10, c61b7886-1b9a-4032-b026-73ad3d840619:c9, 5e302b21-73c7-4c15-997b-467ec519df17:c4]
2019-10-22 14:26:06,947 [EventQueue-ContainerReportForContainerReportHandler] WARN  container.ContainerReportHandler (AbstractContainerReportHandler.java:updateContainerState(145)) - Container #1 is in OPEN state, but the datanode 94363dd8-42f5-429b-bbe3-506d55a6d307{ip: 192.168.69.94, host: dev-testrun-4rklj-35625584, networkLocation: /default-rack, certSerialId: null} reports an CLOSED replica.
2019-10-22 14:26:07,075 [EventQueue-ContainerReportForContainerReportHandler] WARN  container.ContainerReportHandler (AbstractContainerReportHandler.java:updateContainerState(145)) - Container #1 is in OPEN state, but the datanode c61b7886-1b9a-4032-b026-73ad3d840619{ip: 192.168.69.94, host: dev-testrun-4rklj-35625584, networkLocation: /default-rack, certSerialId: null} reports an CLOSED replica.
2019-10-22 14:26:07,172 [IPC Server handler 2 on 35411] INFO  server.SCMBlockProtocolServer (SCMBlockProtocolServer.java:deleteKeyBlocks(214)) - SCM is informed by OM to delete 1 blocks
2019-10-22 14:26:07,173 [IPC Server handler 2 on 35411] INFO  block.BlockManagerImpl (BlockManagerImpl.java:deleteBlocks(285)) - Deleting blocks conID: 1 locID: 103006491192393728 bcsId: 0
2019-10-22 14:26:07,247 [EventQueue-ContainerReportForContainerReportHandler] WARN  container.ContainerReportHandler (AbstractContainerReportHandler.java:updateContainerState(145)) - Container #1 is in OPEN state, but the datanode 94363dd8-42f5-429b-bbe3-506d55a6d307{ip: 192.168.69.94, host: dev-testrun-4rklj-35625584, networkLocation: /default-rack, certSerialId: null} reports an CLOSED replica.
2019-10-22 14:26:07,313 [BlockDeletingService#2] WARN  background.BlockDeletingService (BlockDeletingService.java:isDeletionAllowed(187)) - Close Container log Index 6 is not replicated across allthe servers in the pipeline 7ee4d48e-88bb-4c96-868c-d63fc7e0523a as the min replicated index is 4. Deletion is not allowed in this container yet.
2019-10-22 14:26:07,314 [BlockDeletingService#2] WARN  background.BlockDeletingService (BlockDeletingService.java:isDeletionAllowed(187)) - Close Container log Index 6 is not replicated across allthe servers in the pipeline 7ee4d48e-88bb-4c96-868c-d63fc7e0523a as the min replicated index is 4. Deletion is not allowed in this container yet.
2019-10-22 14:26:07,476 [EventQueue-ContainerReportForContainerReportHandler] WARN  container.ContainerReportHandler (AbstractContainerReportHandler.java:updateContainerState(145)) - Container #1 is in OPEN state, but the datanode c61b7886-1b9a-4032-b026-73ad3d840619{ip: 192.168.69.94, host: dev-testrun-4rklj-35625584, networkLocation: /default-rack, certSerialId: null} reports an CLOSED replica.
2019-10-22 14:26:07,547 [EventQueue-ContainerReportForContainerReportHandler] WARN  container.ContainerReportHandler (AbstractContainerReportHandler.java:updateContainerState(145)) - Container #1 is in OPEN state, but the datanode 94363dd8-42f5-429b-bbe3-506d55a6d307{ip: 192.168.69.94, host: dev-testrun-4rklj-35625584, networkLocation: /default-rack, certSerialId: null} reports an CLOSED replica.
2019-10-22 14:26:07,777 [EventQueue-ContainerReportForContainerReportHandler] WARN  container.ContainerReportHandler (AbstractContainerReportHandler.java:updateContainerState(145)) - Container #1 is in OPEN state, but the datanode c61b7886-1b9a-4032-b026-73ad3d840619{ip: 192.168.69.94, host: dev-testrun-4rklj-35625584, networkLocation: /default-rack, certSerialId: null} reports an CLOSED replica.
2019-10-22 14:26:07,848 [EventQueue-ContainerReportForContainerReportHandler] WARN  container.ContainerReportHandler (AbstractContainerReportHandler.java:updateContainerState(145)) - Container #1 is in OPEN state, but the datanode 94363dd8-42f5-429b-bbe3-506d55a6d307{ip: 192.168.69.94, host: dev-testrun-4rklj-35625584, networkLocation: /default-rack, certSerialId: null} reports an CLOSED replica.
2019-10-22 14:26:08,047 [EventQueue-ContainerReportForContainerReportHandler] WARN  container.ContainerReportHandler (AbstractContainerReportHandler.java:updateContainerState(145)) - Container #1 is in OPEN state, but the datanode 94363dd8-42f5-429b-bbe3-506d55a6d307{ip: 192.168.69.94, host: dev-testrun-4rklj-35625584, networkLocation: /default-rack, certSerialId: null} reports an CLOSED replica.
2019-10-22 14:26:08,177 [EventQueue-ContainerReportForContainerReportHandler] WARN  container.ContainerReportHandler (AbstractContainerReportHandler.java:updateContainerState(145)) - Container #1 is in OPEN state, but the datanode c61b7886-1b9a-4032-b026-73ad3d840619{ip: 192.168.69.94, host: dev-testrun-4rklj-35625584, networkLocation: /default-rack, certSerialId: null} reports an CLOSED replica.
2019-10-22 14:26:08,314 [BlockDeletingService#2] WARN  background.BlockDeletingService (BlockDeletingService.java:isDeletionAllowed(187)) - Close Container log Index 6 is not replicated across allthe servers in the pipeline 7ee4d48e-88bb-4c96-868c-d63fc7e0523a as the min replicated index is 4. Deletion is not allowed in this container yet.
2019-10-22 14:26:08,316 [BlockDeletingService#2] WARN  background.BlockDeletingService (BlockDeletingService.java:isDeletionAllowed(187)) - Close Container log Index 6 is not replicated across allthe servers in the pipeline 7ee4d48e-88bb-4c96-868c-d63fc7e0523a as the min replicated index is 4. Deletion is not allowed in this container yet.
2019-10-22 14:26:08,447 [EventQueue-ContainerReportForContainerReportHandler] WARN  container.ContainerReportHandler (AbstractContainerReportHandler.java:updateContainerState(145)) - Container #1 is in OPEN state, but the datanode 94363dd8-42f5-429b-bbe3-506d55a6d307{ip: 192.168.69.94, host: dev-testrun-4rklj-35625584, networkLocation: /default-rack, certSerialId: null} reports an CLOSED replica.
2019-10-22 14:26:08,577 [EventQueue-ContainerReportForContainerReportHandler] WARN  container.ContainerReportHandler (AbstractContainerReportHandler.java:updateContainerState(145)) - Container #1 is in OPEN state, but the datanode c61b7886-1b9a-4032-b026-73ad3d840619{ip: 192.168.69.94, host: dev-testrun-4rklj-35625584, networkLocation: /default-rack, certSerialId: null} reports an CLOSED replica.
2019-10-22 14:26:08,747 [EventQueue-ContainerReportForContainerReportHandler] WARN  container.ContainerReportHandler (AbstractContainerReportHandler.java:updateContainerState(145)) - Container #1 is in OPEN state, but the datanode 94363dd8-42f5-429b-bbe3-506d55a6d307{ip: 192.168.69.94, host: dev-testrun-4rklj-35625584, networkLocation: /default-rack, certSerialId: null} reports an CLOSED replica.
2019-10-22 14:26:08,778 [EventQueue-ContainerReportForContainerReportHandler] WARN  container.ContainerReportHandler (AbstractContainerReportHandler.java:updateContainerState(145)) - Container #1 is in OPEN state, but the datanode c61b7886-1b9a-4032-b026-73ad3d840619{ip: 192.168.69.94, host: dev-testrun-4rklj-35625584, networkLocation: /default-rack, certSerialId: null} reports an CLOSED replica.
2019-10-22 14:26:09,048 [EventQueue-ContainerReportForContainerReportHandler] WARN  container.ContainerReportHandler (AbstractContainerReportHandler.java:updateContainerState(145)) - Container #1 is in OPEN state, but the datanode 94363dd8-42f5-429b-bbe3-506d55a6d307{ip: 192.168.69.94, host: dev-testrun-4rklj-35625584, networkLocation: /default-rack, certSerialId: null} reports an CLOSED replica.
2019-10-22 14:26:09,078 [EventQueue-ContainerReportForContainerReportHandler] WARN  container.ContainerReportHandler (AbstractContainerReportHandler.java:updateContainerState(145)) - Container #1 is in OPEN state, but the datanode c61b7886-1b9a-4032-b026-73ad3d840619{ip: 192.168.69.94, host: dev-testrun-4rklj-35625584, networkLocation: /default-rack, certSerialId: null} reports an CLOSED replica.
2019-10-22 14:26:09,292 [java.util.concurrent.ThreadPoolExecutor$Worker@3e1fcf78[State = -1, empty queue]] WARN  server.GrpcLogAppender (GrpcLogAppender.java:timeoutAppendRequest(209)) - 94363dd8-42f5-429b-bbe3-506d55a6d307@group-D63FC7E0523A->5e302b21-73c7-4c15-997b-467ec519df17-GrpcLogAppender: appendEntries Timeout, request=94363dd8-42f5-429b-bbe3-506d55a6d307->5e302b21-73c7-4c15-997b-467ec519df17#23-t2, previous=(t:2, i:8), leaderCommit=8, initializing? false, entries: <empty>
2019-10-22 14:26:09,316 [BlockDeletingService#2] WARN  background.BlockDeletingService (BlockDeletingService.java:isDeletionAllowed(187)) - Close Container log Index 6 is not replicated across allthe servers in the pipeline 7ee4d48e-88bb-4c96-868c-d63fc7e0523a as the min replicated index is 4. Deletion is not allowed in this container yet.
2019-10-22 14:26:09,317 [BlockDeletingService#2] WARN  background.BlockDeletingService (BlockDeletingService.java:isDeletionAllowed(187)) - Close Container log Index 6 is not replicated across allthe servers in the pipeline 7ee4d48e-88bb-4c96-868c-d63fc7e0523a as the min replicated index is 4. Deletion is not allowed in this container yet.
2019-10-22 14:26:09,349 [EventQueue-ContainerReportForContainerReportHandler] WARN  container.ContainerReportHandler (AbstractContainerReportHandler.java:updateContainerState(145)) - Container #1 is in OPEN state, but the datanode 94363dd8-42f5-429b-bbe3-506d55a6d307{ip: 192.168.69.94, host: dev-testrun-4rklj-35625584, networkLocation: /default-rack, certSerialId: null} reports an CLOSED replica.
2019-10-22 14:26:09,380 [EventQueue-ContainerReportForContainerReportHandler] WARN  container.ContainerReportHandler (AbstractContainerReportHandler.java:updateContainerState(145)) - Container #1 is in OPEN state, but the datanode c61b7886-1b9a-4032-b026-73ad3d840619{ip: 192.168.69.94, host: dev-testrun-4rklj-35625584, networkLocation: /default-rack, certSerialId: null} reports an CLOSED replica.
2019-10-22 14:26:09,392 [java.util.concurrent.ThreadPoolExecutor$Worker@3e1fcf78[State = -1, empty queue]] WARN  server.GrpcLogAppender (GrpcLogAppender.java:timeoutAppendRequest(209)) - 94363dd8-42f5-429b-bbe3-506d55a6d307@group-D63FC7E0523A->5e302b21-73c7-4c15-997b-467ec519df17-GrpcLogAppender: appendEntries Timeout, request=94363dd8-42f5-429b-bbe3-506d55a6d307->5e302b21-73c7-4c15-997b-467ec519df17#24-t2, previous=(t:2, i:8), leaderCommit=8, initializing? false, entries: size=1, first=(t:2, i:9), STATEMACHINELOGENTRY, client-E3A54A6B1F91, cid=12
2019-10-22 14:26:09,405 [java.util.concurrent.ThreadPoolExecutor$Worker@3e1fcf78[State = -1, empty queue]] WARN  server.GrpcLogAppender (GrpcLogAppender.java:timeoutAppendRequest(209)) - 94363dd8-42f5-429b-bbe3-506d55a6d307@group-D63FC7E0523A->5e302b21-73c7-4c15-997b-467ec519df17-GrpcLogAppender: appendEntries Timeout, request=94363dd8-42f5-429b-bbe3-506d55a6d307->5e302b21-73c7-4c15-997b-467ec519df17#25-t2, previous=(t:2, i:9), leaderCommit=9, initializing? false, entries: size=1, first=(t:2, i:10), METADATAENTRY(c9)
2019-10-22 14:26:09,581 [EventQueue-ContainerReportForContainerReportHandler] WARN  container.ContainerReportHandler (AbstractContainerReportHandler.java:updateContainerState(145)) - Container #1 is in OPEN state, but the datanode c61b7886-1b9a-4032-b026-73ad3d840619{ip: 192.168.69.94, host: dev-testrun-4rklj-35625584, networkLocation: /default-rack, certSerialId: null} reports an CLOSED replica.
2019-10-22 14:26:09,749 [EventQueue-ContainerReportForContainerReportHandler] WARN  container.ContainerReportHandler (AbstractContainerReportHandler.java:updateContainerState(145)) - Container #1 is in OPEN state, but the datanode 94363dd8-42f5-429b-bbe3-506d55a6d307{ip: 192.168.69.94, host: dev-testrun-4rklj-35625584, networkLocation: /default-rack, certSerialId: null} reports an CLOSED replica.
2019-10-22 14:26:09,981 [EventQueue-ContainerReportForContainerReportHandler] WARN  container.ContainerReportHandler (AbstractContainerReportHandler.java:updateContainerState(145)) - Container #1 is in OPEN state, but the datanode c61b7886-1b9a-4032-b026-73ad3d840619{ip: 192.168.69.94, host: dev-testrun-4rklj-35625584, networkLocation: /default-rack, certSerialId: null} reports an CLOSED replica.
2019-10-22 14:26:10,050 [EventQueue-ContainerReportForContainerReportHandler] WARN  container.ContainerReportHandler (AbstractContainerReportHandler.java:updateContainerState(145)) - Container #1 is in OPEN state, but the datanode 94363dd8-42f5-429b-bbe3-506d55a6d307{ip: 192.168.69.94, host: dev-testrun-4rklj-35625584, networkLocation: /default-rack, certSerialId: null} reports an CLOSED replica.
2019-10-22 14:26:10,182 [EventQueue-ContainerReportForContainerReportHandler] WARN  container.ContainerReportHandler (AbstractContainerReportHandler.java:updateContainerState(145)) - Container #1 is in OPEN state, but the datanode c61b7886-1b9a-4032-b026-73ad3d840619{ip: 192.168.69.94, host: dev-testrun-4rklj-35625584, networkLocation: /default-rack, certSerialId: null} reports an CLOSED replica.
2019-10-22 14:26:10,322 [BlockDeletingService#2] WARN  background.BlockDeletingService (BlockDeletingService.java:isDeletionAllowed(187)) - Close Container log Index 6 is not replicated across allthe servers in the pipeline 7ee4d48e-88bb-4c96-868c-d63fc7e0523a as the min replicated index is 4. Deletion is not allowed in this container yet.
2019-10-22 14:26:10,322 [BlockDeletingService#2] WARN  background.BlockDeletingService (BlockDeletingService.java:isDeletionAllowed(187)) - Close Container log Index 6 is not replicated across allthe servers in the pipeline 7ee4d48e-88bb-4c96-868c-d63fc7e0523a as the min replicated index is 4. Deletion is not allowed in this container yet.
2019-10-22 14:26:10,450 [EventQueue-ContainerReportForContainerReportHandler] WARN  container.ContainerReportHandler (AbstractContainerReportHandler.java:updateContainerState(145)) - Container #1 is in OPEN state, but the datanode 94363dd8-42f5-429b-bbe3-506d55a6d307{ip: 192.168.69.94, host: dev-testrun-4rklj-35625584, networkLocation: /default-rack, certSerialId: null} reports an CLOSED replica.
2019-10-22 14:26:10,482 [EventQueue-ContainerReportForContainerReportHandler] WARN  container.ContainerReportHandler (AbstractContainerReportHandler.java:updateContainerState(145)) - Container #1 is in OPEN state, but the datanode c61b7886-1b9a-4032-b026-73ad3d840619{ip: 192.168.69.94, host: dev-testrun-4rklj-35625584, networkLocation: /default-rack, certSerialId: null} reports an CLOSED replica.
2019-10-22 14:26:10,682 [EventQueue-ContainerReportForContainerReportHandler] WARN  container.ContainerReportHandler (AbstractContainerReportHandler.java:updateContainerState(145)) - Container #1 is in OPEN state, but the datanode c61b7886-1b9a-4032-b026-73ad3d840619{ip: 192.168.69.94, host: dev-testrun-4rklj-35625584, networkLocation: /default-rack, certSerialId: null} reports an CLOSED replica.
2019-10-22 14:26:10,850 [EventQueue-ContainerReportForContainerReportHandler] WARN  container.ContainerReportHandler (AbstractContainerReportHandler.java:updateContainerState(145)) - Container #1 is in OPEN state, but the datanode 94363dd8-42f5-429b-bbe3-506d55a6d307{ip: 192.168.69.94, host: dev-testrun-4rklj-35625584, networkLocation: /default-rack, certSerialId: null} reports an CLOSED replica.
2019-10-22 14:26:10,982 [EventQueue-ContainerReportForContainerReportHandler] WARN  container.ContainerReportHandler (AbstractContainerReportHandler.java:updateContainerState(145)) - Container #1 is in OPEN state, but the datanode c61b7886-1b9a-4032-b026-73ad3d840619{ip: 192.168.69.94, host: dev-testrun-4rklj-35625584, networkLocation: /default-rack, certSerialId: null} reports an CLOSED replica.
2019-10-22 14:26:11,149 [EventQueue-ContainerReportForContainerReportHandler] WARN  container.ContainerReportHandler (AbstractContainerReportHandler.java:updateContainerState(145)) - Container #1 is in OPEN state, but the datanode 94363dd8-42f5-429b-bbe3-506d55a6d307{ip: 192.168.69.94, host: dev-testrun-4rklj-35625584, networkLocation: /default-rack, certSerialId: null} reports an CLOSED replica.
2019-10-22 14:26:11,329 [BlockDeletingService#2] WARN  background.BlockDeletingService (BlockDeletingService.java:isDeletionAllowed(187)) - Close Container log Index 6 is not replicated across allthe servers in the pipeline 7ee4d48e-88bb-4c96-868c-d63fc7e0523a as the min replicated index is 4. Deletion is not allowed in this container yet.
2019-10-22 14:26:11,329 [BlockDeletingService#2] WARN  background.BlockDeletingService (BlockDeletingService.java:isDeletionAllowed(187)) - Close Container log Index 6 is not replicated across allthe servers in the pipeline 7ee4d48e-88bb-4c96-868c-d63fc7e0523a as the min replicated index is 4. Deletion is not allowed in this container yet.
2019-10-22 14:26:11,383 [EventQueue-ContainerReportForContainerReportHandler] WARN  container.ContainerReportHandler (AbstractContainerReportHandler.java:updateContainerState(145)) - Container #1 is in OPEN state, but the datanode c61b7886-1b9a-4032-b026-73ad3d840619{ip: 192.168.69.94, host: dev-testrun-4rklj-35625584, networkLocation: /default-rack, certSerialId: null} reports an CLOSED replica.
2019-10-22 14:26:11,449 [EventQueue-ContainerReportForContainerReportHandler] WARN  container.ContainerReportHandler (AbstractContainerReportHandler.java:updateContainerState(145)) - Container #1 is in OPEN state, but the datanode 94363dd8-42f5-429b-bbe3-506d55a6d307{ip: 192.168.69.94, host: dev-testrun-4rklj-35625584, networkLocation: /default-rack, certSerialId: null} reports an CLOSED replica.
2019-10-22 14:26:11,684 [EventQueue-ContainerReportForContainerReportHandler] WARN  container.ContainerReportHandler (AbstractContainerReportHandler.java:updateContainerState(145)) - Container #1 is in OPEN state, but the datanode c61b7886-1b9a-4032-b026-73ad3d840619{ip: 192.168.69.94, host: dev-testrun-4rklj-35625584, networkLocation: /default-rack, certSerialId: null} reports an CLOSED replica.
2019-10-22 14:26:11,749 [EventQueue-ContainerReportForContainerReportHandler] WARN  container.ContainerReportHandler (AbstractContainerReportHandler.java:updateContainerState(145)) - Container #1 is in OPEN state, but the datanode 94363dd8-42f5-429b-bbe3-506d55a6d307{ip: 192.168.69.94, host: dev-testrun-4rklj-35625584, networkLocation: /default-rack, certSerialId: null} reports an CLOSED replica.
2019-10-22 14:26:11,906 [java.util.concurrent.ThreadPoolExecutor$Worker@3e1fcf78[State = -1, empty queue]] WARN  server.GrpcLogAppender (GrpcLogAppender.java:timeoutAppendRequest(209)) - 94363dd8-42f5-429b-bbe3-506d55a6d307@group-D63FC7E0523A->5e302b21-73c7-4c15-997b-467ec519df17-GrpcLogAppender: appendEntries Timeout, request=94363dd8-42f5-429b-bbe3-506d55a6d307->5e302b21-73c7-4c15-997b-467ec519df17#26-t2, previous=(t:2, i:10), leaderCommit=10, initializing? false, entries: <empty>
2019-10-22 14:26:11,984 [EventQueue-ContainerReportForContainerReportHandler] WARN  container.ContainerReportHandler (AbstractContainerReportHandler.java:updateContainerState(145)) - Container #1 is in OPEN state, but the datanode c61b7886-1b9a-4032-b026-73ad3d840619{ip: 192.168.69.94, host: dev-testrun-4rklj-35625584, networkLocation: /default-rack, certSerialId: null} reports an CLOSED replica.
2019-10-22 14:26:12,150 [EventQueue-ContainerReportForContainerReportHandler] WARN  container.ContainerReportHandler (AbstractContainerReportHandler.java:updateContainerState(145)) - Container #1 is in OPEN state, but the datanode 94363dd8-42f5-429b-bbe3-506d55a6d307{ip: 192.168.69.94, host: dev-testrun-4rklj-35625584, networkLocation: /default-rack, certSerialId: null} reports an CLOSED replica.
2019-10-22 14:26:12,284 [EventQueue-ContainerReportForContainerReportHandler] WARN  container.ContainerReportHandler (AbstractContainerReportHandler.java:updateContainerState(145)) - Container #1 is in OPEN state, but the datanode c61b7886-1b9a-4032-b026-73ad3d840619{ip: 192.168.69.94, host: dev-testrun-4rklj-35625584, networkLocation: /default-rack, certSerialId: null} reports an CLOSED replica.
2019-10-22 14:26:12,333 [BlockDeletingService#2] WARN  background.BlockDeletingService (BlockDeletingService.java:isDeletionAllowed(187)) - Close Container log Index 6 is not replicated across allthe servers in the pipeline 7ee4d48e-88bb-4c96-868c-d63fc7e0523a as the min replicated index is 4. Deletion is not allowed in this container yet.
2019-10-22 14:26:12,333 [BlockDeletingService#2] WARN  background.BlockDeletingService (BlockDeletingService.java:isDeletionAllowed(187)) - Close Container log Index 6 is not replicated across allthe servers in the pipeline 7ee4d48e-88bb-4c96-868c-d63fc7e0523a as the min replicated index is 4. Deletion is not allowed in this container yet.
2019-10-22 14:26:12,450 [EventQueue-ContainerReportForContainerReportHandler] WARN  container.ContainerReportHandler (AbstractContainerReportHandler.java:updateContainerState(145)) - Container #1 is in OPEN state, but the datanode 94363dd8-42f5-429b-bbe3-506d55a6d307{ip: 192.168.69.94, host: dev-testrun-4rklj-35625584, networkLocation: /default-rack, certSerialId: null} reports an CLOSED replica.
2019-10-22 14:26:12,584 [EventQueue-ContainerReportForContainerReportHandler] WARN  container.ContainerReportHandler (AbstractContainerReportHandler.java:updateContainerState(145)) - Container #1 is in OPEN state, but the datanode c61b7886-1b9a-4032-b026-73ad3d840619{ip: 192.168.69.94, host: dev-testrun-4rklj-35625584, networkLocation: /default-rack, certSerialId: null} reports an CLOSED replica.
2019-10-22 14:26:12,650 [EventQueue-ContainerReportForContainerReportHandler] WARN  container.ContainerReportHandler (AbstractContainerReportHandler.java:updateContainerState(145)) - Container #1 is in OPEN state, but the datanode 94363dd8-42f5-429b-bbe3-506d55a6d307{ip: 192.168.69.94, host: dev-testrun-4rklj-35625584, networkLocation: /default-rack, certSerialId: null} reports an CLOSED replica.
2019-10-22 14:26:12,851 [EventQueue-ContainerReportForContainerReportHandler] WARN  container.ContainerReportHandler (AbstractContainerReportHandler.java:updateContainerState(145)) - Container #1 is in OPEN state, but the datanode 94363dd8-42f5-429b-bbe3-506d55a6d307{ip: 192.168.69.94, host: dev-testrun-4rklj-35625584, networkLocation: /default-rack, certSerialId: null} reports an CLOSED replica.
2019-10-22 14:26:12,885 [EventQueue-ContainerReportForContainerReportHandler] WARN  container.ContainerReportHandler (AbstractContainerReportHandler.java:updateContainerState(145)) - Container #1 is in OPEN state, but the datanode c61b7886-1b9a-4032-b026-73ad3d840619{ip: 192.168.69.94, host: dev-testrun-4rklj-35625584, networkLocation: /default-rack, certSerialId: null} reports an CLOSED replica.
2019-10-22 14:26:13,085 [EventQueue-ContainerReportForContainerReportHandler] WARN  container.ContainerReportHandler (AbstractContainerReportHandler.java:updateContainerState(145)) - Container #1 is in OPEN state, but the datanode c61b7886-1b9a-4032-b026-73ad3d840619{ip: 192.168.69.94, host: dev-testrun-4rklj-35625584, networkLocation: /default-rack, certSerialId: null} reports an CLOSED replica.
2019-10-22 14:26:13,151 [EventQueue-ContainerReportForContainerReportHandler] WARN  container.ContainerReportHandler (AbstractContainerReportHandler.java:updateContainerState(145)) - Container #1 is in OPEN state, but the datanode 94363dd8-42f5-429b-bbe3-506d55a6d307{ip: 192.168.69.94, host: dev-testrun-4rklj-35625584, networkLocation: /default-rack, certSerialId: null} reports an CLOSED replica.
2019-10-22 14:26:13,336 [BlockDeletingService#2] WARN  background.BlockDeletingService (BlockDeletingService.java:isDeletionAllowed(187)) - Close Container log Index 6 is not replicated across allthe servers in the pipeline 7ee4d48e-88bb-4c96-868c-d63fc7e0523a as the min replicated index is 4. Deletion is not allowed in this container yet.
2019-10-22 14:26:13,336 [BlockDeletingService#2] WARN  background.BlockDeletingService (BlockDeletingService.java:isDeletionAllowed(187)) - Close Container log Index 6 is not replicated across allthe servers in the pipeline 7ee4d48e-88bb-4c96-868c-d63fc7e0523a as the min replicated index is 4. Deletion is not allowed in this container yet.
2019-10-22 14:26:13,385 [EventQueue-ContainerReportForContainerReportHandler] WARN  container.ContainerReportHandler (AbstractContainerReportHandler.java:updateContainerState(145)) - Container #1 is in OPEN state, but the datanode c61b7886-1b9a-4032-b026-73ad3d840619{ip: 192.168.69.94, host: dev-testrun-4rklj-35625584, networkLocation: /default-rack, certSerialId: null} reports an CLOSED replica.
2019-10-22 14:26:13,451 [EventQueue-ContainerReportForContainerReportHandler] WARN  container.ContainerReportHandler (AbstractContainerReportHandler.java:updateContainerState(145)) - Container #1 is in OPEN state, but the datanode 94363dd8-42f5-429b-bbe3-506d55a6d307{ip: 192.168.69.94, host: dev-testrun-4rklj-35625584, networkLocation: /default-rack, certSerialId: null} reports an CLOSED replica.
2019-10-22 14:26:13,785 [EventQueue-ContainerReportForContainerReportHandler] WARN  container.ContainerReportHandler (AbstractContainerReportHandler.java:updateContainerState(145)) - Container #1 is in OPEN state, but the datanode c61b7886-1b9a-4032-b026-73ad3d840619{ip: 192.168.69.94, host: dev-testrun-4rklj-35625584, networkLocation: /default-rack, certSerialId: null} reports an CLOSED replica.
2019-10-22 14:26:13,851 [EventQueue-ContainerReportForContainerReportHandler] WARN  container.ContainerReportHandler (AbstractContainerReportHandler.java:updateContainerState(145)) - Container #1 is in OPEN state, but the datanode 94363dd8-42f5-429b-bbe3-506d55a6d307{ip: 192.168.69.94, host: dev-testrun-4rklj-35625584, networkLocation: /default-rack, certSerialId: null} reports an CLOSED replica.
2019-10-22 14:26:14,186 [EventQueue-ContainerReportForContainerReportHandler] WARN  container.ContainerReportHandler (AbstractContainerReportHandler.java:updateContainerState(145)) - Container #1 is in OPEN state, but the datanode c61b7886-1b9a-4032-b026-73ad3d840619{ip: 192.168.69.94, host: dev-testrun-4rklj-35625584, networkLocation: /default-rack, certSerialId: null} reports an CLOSED replica.
2019-10-22 14:26:14,252 [EventQueue-ContainerReportForContainerReportHandler] WARN  container.ContainerReportHandler (AbstractContainerReportHandler.java:updateContainerState(145)) - Container #1 is in OPEN state, but the datanode 94363dd8-42f5-429b-bbe3-506d55a6d307{ip: 192.168.69.94, host: dev-testrun-4rklj-35625584, networkLocation: /default-rack, certSerialId: null} reports an CLOSED replica.
2019-10-22 14:26:14,338 [BlockDeletingService#2] WARN  background.BlockDeletingService (BlockDeletingService.java:isDeletionAllowed(187)) - Close Container log Index 6 is not replicated across allthe servers in the pipeline 7ee4d48e-88bb-4c96-868c-d63fc7e0523a as the min replicated index is 4. Deletion is not allowed in this container yet.
2019-10-22 14:26:14,338 [BlockDeletingService#2] WARN  background.BlockDeletingService (BlockDeletingService.java:isDeletionAllowed(187)) - Close Container log Index 6 is not replicated across allthe servers in the pipeline 7ee4d48e-88bb-4c96-868c-d63fc7e0523a as the min replicated index is 4. Deletion is not allowed in this container yet.
2019-10-22 14:26:14,385 [EventQueue-ContainerReportForContainerReportHandler] WARN  container.ContainerReportHandler (AbstractContainerReportHandler.java:updateContainerState(145)) - Container #1 is in OPEN state, but the datanode c61b7886-1b9a-4032-b026-73ad3d840619{ip: 192.168.69.94, host: dev-testrun-4rklj-35625584, networkLocation: /default-rack, certSerialId: null} reports an CLOSED replica.
2019-10-22 14:26:14,411 [java.util.concurrent.ThreadPoolExecutor$Worker@3e1fcf78[State = -1, empty queue]] WARN  server.GrpcLogAppender (GrpcLogAppender.java:timeoutAppendRequest(209)) - 94363dd8-42f5-429b-bbe3-506d55a6d307@group-D63FC7E0523A->5e302b21-73c7-4c15-997b-467ec519df17-GrpcLogAppender: appendEntries Timeout, request=94363dd8-42f5-429b-bbe3-506d55a6d307->5e302b21-73c7-4c15-997b-467ec519df17#27-t2, previous=(t:2, i:10), leaderCommit=10, initializing? false, entries: <empty>
2019-10-22 14:26:14,553 [EventQueue-ContainerReportForContainerReportHandler] WARN  container.ContainerReportHandler (AbstractContainerReportHandler.java:updateContainerState(145)) - Container #1 is in OPEN state, but the datanode 94363dd8-42f5-429b-bbe3-506d55a6d307{ip: 192.168.69.94, host: dev-testrun-4rklj-35625584, networkLocation: /default-rack, certSerialId: null} reports an CLOSED replica.
2019-10-22 14:26:14,686 [EventQueue-ContainerReportForContainerReportHandler] WARN  container.ContainerReportHandler (AbstractContainerReportHandler.java:updateContainerState(145)) - Container #1 is in OPEN state, but the datanode c61b7886-1b9a-4032-b026-73ad3d840619{ip: 192.168.69.94, host: dev-testrun-4rklj-35625584, networkLocation: /default-rack, certSerialId: null} reports an CLOSED replica.
2019-10-22 14:26:14,754 [EventQueue-ContainerReportForContainerReportHandler] WARN  container.ContainerReportHandler (AbstractContainerReportHandler.java:updateContainerState(145)) - Container #1 is in OPEN state, but the datanode 94363dd8-42f5-429b-bbe3-506d55a6d307{ip: 192.168.69.94, host: dev-testrun-4rklj-35625584, networkLocation: /default-rack, certSerialId: null} reports an CLOSED replica.
2019-10-22 14:26:14,986 [EventQueue-ContainerReportForContainerReportHandler] WARN  container.ContainerReportHandler (AbstractContainerReportHandler.java:updateContainerState(145)) - Container #1 is in OPEN state, but the datanode c61b7886-1b9a-4032-b026-73ad3d840619{ip: 192.168.69.94, host: dev-testrun-4rklj-35625584, networkLocation: /default-rack, certSerialId: null} reports an CLOSED replica.
2019-10-22 14:26:15,154 [EventQueue-ContainerReportForContainerReportHandler] WARN  container.ContainerReportHandler (AbstractContainerReportHandler.java:updateContainerState(145)) - Container #1 is in OPEN state, but the datanode 94363dd8-42f5-429b-bbe3-506d55a6d307{ip: 192.168.69.94, host: dev-testrun-4rklj-35625584, networkLocation: /default-rack, certSerialId: null} reports an CLOSED replica.
2019-10-22 14:26:15,339 [BlockDeletingService#2] WARN  background.BlockDeletingService (BlockDeletingService.java:isDeletionAllowed(187)) - Close Container log Index 6 is not replicated across allthe servers in the pipeline 7ee4d48e-88bb-4c96-868c-d63fc7e0523a as the min replicated index is 4. Deletion is not allowed in this container yet.
2019-10-22 14:26:15,339 [BlockDeletingService#2] WARN  background.BlockDeletingService (BlockDeletingService.java:isDeletionAllowed(187)) - Close Container log Index 6 is not replicated across allthe servers in the pipeline 7ee4d48e-88bb-4c96-868c-d63fc7e0523a as the min replicated index is 4. Deletion is not allowed in this container yet.
2019-10-22 14:26:15,388 [EventQueue-ContainerReportForContainerReportHandler] WARN  container.ContainerReportHandler (AbstractContainerReportHandler.java:updateContainerState(145)) - Container #1 is in OPEN state, but the datanode c61b7886-1b9a-4032-b026-73ad3d840619{ip: 192.168.69.94, host: dev-testrun-4rklj-35625584, networkLocation: /default-rack, certSerialId: null} reports an CLOSED replica.
2019-10-22 14:26:15,413 [Thread-375] INFO  client.GrpcClientProtocolService (GrpcClientProtocolService.java:lambda$processClientRequest$0(279)) - Failed RaftClientRequest:client-458A7D8FFED2->c61b7886-1b9a-4032-b026-73ad3d840619@group-D63FC7E0523A, cid=10, seq=0, Watch-ALL_COMMITTED(6), Message:<EMPTY>, reply=RaftClientReply:client-458A7D8FFED2->c61b7886-1b9a-4032-b026-73ad3d840619@group-D63FC7E0523A, cid=10, FAILED org.apache.ratis.protocol.NotLeaderException: Server c61b7886-1b9a-4032-b026-73ad3d840619@group-D63FC7E0523A is not the leader 94363dd8-42f5-429b-bbe3-506d55a6d307:192.168.69.94:46664, logIndex=0, commits[c61b7886-1b9a-4032-b026-73ad3d840619:c10, 5e302b21-73c7-4c15-997b-467ec519df17:c4, 94363dd8-42f5-429b-bbe3-506d55a6d307:c10]
2019-10-22 14:26:15,555 [EventQueue-ContainerReportForContainerReportHandler] WARN  container.ContainerReportHandler (AbstractContainerReportHandler.java:updateContainerState(145)) - Container #1 is in OPEN state, but the datanode 94363dd8-42f5-429b-bbe3-506d55a6d307{ip: 192.168.69.94, host: dev-testrun-4rklj-35625584, networkLocation: /default-rack, certSerialId: null} reports an CLOSED replica.
2019-10-22 14:26:15,688 [EventQueue-ContainerReportForContainerReportHandler] WARN  container.ContainerReportHandler (AbstractContainerReportHandler.java:updateContainerState(145)) - Container #1 is in OPEN state, but the datanode c61b7886-1b9a-4032-b026-73ad3d840619{ip: 192.168.69.94, host: dev-testrun-4rklj-35625584, networkLocation: /default-rack, certSerialId: null} reports an CLOSED replica.
2019-10-22 14:26:15,755 [EventQueue-ContainerReportForContainerReportHandler] WARN  container.ContainerReportHandler (AbstractContainerReportHandler.java:updateContainerState(145)) - Container #1 is in OPEN state, but the datanode 94363dd8-42f5-429b-bbe3-506d55a6d307{ip: 192.168.69.94, host: dev-testrun-4rklj-35625584, networkLocation: /default-rack, certSerialId: null} reports an CLOSED replica.
2019-10-22 14:26:15,884 [Thread-378] INFO  client.GrpcClientProtocolService (GrpcClientProtocolService.java:lambda$processClientRequest$0(279)) - Failed RaftClientRequest:client-458A7D8FFED2->94363dd8-42f5-429b-bbe3-506d55a6d307@group-D63FC7E0523A, cid=10, seq=0, Watch-ALL_COMMITTED(6), Message:<EMPTY>, reply=RaftClientReply:client-458A7D8FFED2->94363dd8-42f5-429b-bbe3-506d55a6d307@group-D63FC7E0523A, cid=10, FAILED org.apache.ratis.protocol.NotReplicatedException: Request with call Id 10 and log index 6 is not yet replicated to ALL_COMMITTED, logIndex=6, commits[94363dd8-42f5-429b-bbe3-506d55a6d307:c10, c61b7886-1b9a-4032-b026-73ad3d840619:c10, 5e302b21-73c7-4c15-997b-467ec519df17:c4]
2019-10-22 14:26:15,989 [EventQueue-ContainerReportForContainerReportHandler] WARN  container.ContainerReportHandler (AbstractContainerReportHandler.java:updateContainerState(145)) - Container #1 is in OPEN state, but the datanode c61b7886-1b9a-4032-b026-73ad3d840619{ip: 192.168.69.94, host: dev-testrun-4rklj-35625584, networkLocation: /default-rack, certSerialId: null} reports an CLOSED replica.
2019-10-22 14:26:16,155 [EventQueue-ContainerReportForContainerReportHandler] WARN  container.ContainerReportHandler (AbstractContainerReportHandler.java:updateContainerState(145)) - Container #1 is in OPEN state, but the datanode 94363dd8-42f5-429b-bbe3-506d55a6d307{ip: 192.168.69.94, host: dev-testrun-4rklj-35625584, networkLocation: /default-rack, certSerialId: null} reports an CLOSED replica.
2019-10-22 14:26:16,188 [EventQueue-ContainerReportForContainerReportHandler] WARN  container.ContainerReportHandler (AbstractContainerReportHandler.java:updateContainerState(145)) - Container #1 is in OPEN state, but the datanode c61b7886-1b9a-4032-b026-73ad3d840619{ip: 192.168.69.94, host: dev-testrun-4rklj-35625584, networkLocation: /default-rack, certSerialId: null} reports an CLOSED replica.
2019-10-22 14:26:16,341 [BlockDeletingService#2] WARN  background.BlockDeletingService (BlockDeletingService.java:isDeletionAllowed(187)) - Close Container log Index 6 is not replicated across allthe servers in the pipeline 7ee4d48e-88bb-4c96-868c-d63fc7e0523a as the min replicated index is 4. Deletion is not allowed in this container yet.
2019-10-22 14:26:16,341 [BlockDeletingService#2] WARN  background.BlockDeletingService (BlockDeletingService.java:isDeletionAllowed(187)) - Close Container log Index 6 is not replicated across allthe servers in the pipeline 7ee4d48e-88bb-4c96-868c-d63fc7e0523a as the min replicated index is 4. Deletion is not allowed in this container yet.
2019-10-22 14:26:16,455 [EventQueue-ContainerReportForContainerReportHandler] WARN  container.ContainerReportHandler (AbstractContainerReportHandler.java:updateContainerState(145)) - Container #1 is in OPEN state, but the datanode 94363dd8-42f5-429b-bbe3-506d55a6d307{ip: 192.168.69.94, host: dev-testrun-4rklj-35625584, networkLocation: /default-rack, certSerialId: null} reports an CLOSED replica.
2019-10-22 14:26:16,589 [EventQueue-ContainerReportForContainerReportHandler] WARN  container.ContainerReportHandler (AbstractContainerReportHandler.java:updateContainerState(145)) - Container #1 is in OPEN state, but the datanode c61b7886-1b9a-4032-b026-73ad3d840619{ip: 192.168.69.94, host: dev-testrun-4rklj-35625584, networkLocation: /default-rack, certSerialId: null} reports an CLOSED replica.
2019-10-22 14:26:16,756 [EventQueue-ContainerReportForContainerReportHandler] WARN  container.ContainerReportHandler (AbstractContainerReportHandler.java:updateContainerState(145)) - Container #1 is in OPEN state, but the datanode 94363dd8-42f5-429b-bbe3-506d55a6d307{ip: 192.168.69.94, host: dev-testrun-4rklj-35625584, networkLocation: /default-rack, certSerialId: null} reports an CLOSED replica.
2019-10-22 14:26:16,888 [EventQueue-ContainerReportForContainerReportHandler] WARN  container.ContainerReportHandler (AbstractContainerReportHandler.java:updateContainerState(145)) - Container #1 is in OPEN state, but the datanode c61b7886-1b9a-4032-b026-73ad3d840619{ip: 192.168.69.94, host: dev-testrun-4rklj-35625584, networkLocation: /default-rack, certSerialId: null} reports an CLOSED replica.
2019-10-22 14:26:16,914 [java.util.concurrent.ThreadPoolExecutor$Worker@3e1fcf78[State = -1, empty queue]] WARN  server.GrpcLogAppender (GrpcLogAppender.java:timeoutAppendRequest(209)) - 94363dd8-42f5-429b-bbe3-506d55a6d307@group-D63FC7E0523A->5e302b21-73c7-4c15-997b-467ec519df17-GrpcLogAppender: appendEntries Timeout, request=94363dd8-42f5-429b-bbe3-506d55a6d307->5e302b21-73c7-4c15-997b-467ec519df17#28-t2, previous=(t:2, i:10), leaderCommit=10, initializing? false, entries: <empty>
2019-10-22 14:26:17,155 [EventQueue-ContainerReportForContainerReportHandler] WARN  container.ContainerReportHandler (AbstractContainerReportHandler.java:updateContainerState(145)) - Container #1 is in OPEN state, but the datanode 94363dd8-42f5-429b-bbe3-506d55a6d307{ip: 192.168.69.94, host: dev-testrun-4rklj-35625584, networkLocation: /default-rack, certSerialId: null} reports an CLOSED replica.
2019-10-22 14:26:17,288 [EventQueue-ContainerReportForContainerReportHandler] WARN  container.ContainerReportHandler (AbstractContainerReportHandler.java:updateContainerState(145)) - Container #1 is in OPEN state, but the datanode c61b7886-1b9a-4032-b026-73ad3d840619{ip: 192.168.69.94, host: dev-testrun-4rklj-35625584, networkLocation: /default-rack, certSerialId: null} reports an CLOSED replica.
2019-10-22 14:26:17,344 [BlockDeletingService#2] WARN  background.BlockDeletingService (BlockDeletingService.java:isDeletionAllowed(187)) - Close Container log Index 6 is not replicated across allthe servers in the pipeline 7ee4d48e-88bb-4c96-868c-d63fc7e0523a as the min replicated index is 4. Deletion is not allowed in this container yet.
2019-10-22 14:26:17,344 [BlockDeletingService#2] WARN  background.BlockDeletingService (BlockDeletingService.java:isDeletionAllowed(187)) - Close Container log Index 6 is not replicated across allthe servers in the pipeline 7ee4d48e-88bb-4c96-868c-d63fc7e0523a as the min replicated index is 4. Deletion is not allowed in this container yet.
2019-10-22 14:26:17,456 [EventQueue-ContainerReportForContainerReportHandler] WARN  container.ContainerReportHandler (AbstractContainerReportHandler.java:updateContainerState(145)) - Container #1 is in OPEN state, but the datanode 94363dd8-42f5-429b-bbe3-506d55a6d307{ip: 192.168.69.94, host: dev-testrun-4rklj-35625584, networkLocation: /default-rack, certSerialId: null} reports an CLOSED replica.
2019-10-22 14:26:17,688 [EventQueue-ContainerReportForContainerReportHandler] WARN  container.ContainerReportHandler (AbstractContainerReportHandler.java:updateContainerState(145)) - Container #1 is in OPEN state, but the datanode c61b7886-1b9a-4032-b026-73ad3d840619{ip: 192.168.69.94, host: dev-testrun-4rklj-35625584, networkLocation: /default-rack, certSerialId: null} reports an CLOSED replica.
2019-10-22 14:26:17,756 [EventQueue-ContainerReportForContainerReportHandler] WARN  container.ContainerReportHandler (AbstractContainerReportHandler.java:updateContainerState(145)) - Container #1 is in OPEN state, but the datanode 94363dd8-42f5-429b-bbe3-506d55a6d307{ip: 192.168.69.94, host: dev-testrun-4rklj-35625584, networkLocation: /default-rack, certSerialId: null} reports an CLOSED replica.
2019-10-22 14:26:17,956 [EventQueue-ContainerReportForContainerReportHandler] WARN  container.ContainerReportHandler (AbstractContainerReportHandler.java:updateContainerState(145)) - Container #1 is in OPEN state, but the datanode 94363dd8-42f5-429b-bbe3-506d55a6d307{ip: 192.168.69.94, host: dev-testrun-4rklj-35625584, networkLocation: /default-rack, certSerialId: null} reports an CLOSED replica.
2019-10-22 14:26:17,988 [EventQueue-ContainerReportForContainerReportHandler] WARN  container.ContainerReportHandler (AbstractContainerReportHandler.java:updateContainerState(145)) - Container #1 is in OPEN state, but the datanode c61b7886-1b9a-4032-b026-73ad3d840619{ip: 192.168.69.94, host: dev-testrun-4rklj-35625584, networkLocation: /default-rack, certSerialId: null} reports an CLOSED replica.
2019-10-22 14:26:18,288 [EventQueue-ContainerReportForContainerReportHandler] WARN  container.ContainerReportHandler (AbstractContainerReportHandler.java:updateContainerState(145)) - Container #1 is in OPEN state, but the datanode c61b7886-1b9a-4032-b026-73ad3d840619{ip: 192.168.69.94, host: dev-testrun-4rklj-35625584, networkLocation: /default-rack, certSerialId: null} reports an CLOSED replica.
2019-10-22 14:26:18,347 [BlockDeletingService#2] WARN  background.BlockDeletingService (BlockDeletingService.java:isDeletionAllowed(187)) - Close Container log Index 6 is not replicated across allthe servers in the pipeline 7ee4d48e-88bb-4c96-868c-d63fc7e0523a as the min replicated index is 4. Deletion is not allowed in this container yet.
2019-10-22 14:26:18,347 [BlockDeletingService#2] WARN  background.BlockDeletingService (BlockDeletingService.java:isDeletionAllowed(187)) - Close Container log Index 6 is not replicated across allthe servers in the pipeline 7ee4d48e-88bb-4c96-868c-d63fc7e0523a as the min replicated index is 4. Deletion is not allowed in this container yet.
2019-10-22 14:26:18,357 [EventQueue-ContainerReportForContainerReportHandler] WARN  container.ContainerReportHandler (AbstractContainerReportHandler.java:updateContainerState(145)) - Container #1 is in OPEN state, but the datanode 94363dd8-42f5-429b-bbe3-506d55a6d307{ip: 192.168.69.94, host: dev-testrun-4rklj-35625584, networkLocation: /default-rack, certSerialId: null} reports an CLOSED replica.
2019-10-22 14:26:18,589 [EventQueue-ContainerReportForContainerReportHandler] WARN  container.ContainerReportHandler (AbstractContainerReportHandler.java:updateContainerState(145)) - Container #1 is in OPEN state, but the datanode c61b7886-1b9a-4032-b026-73ad3d840619{ip: 192.168.69.94, host: dev-testrun-4rklj-35625584, networkLocation: /default-rack, certSerialId: null} reports an CLOSED replica.
2019-10-22 14:26:18,657 [EventQueue-ContainerReportForContainerReportHandler] WARN  container.ContainerReportHandler (AbstractContainerReportHandler.java:updateContainerState(145)) - Container #1 is in OPEN state, but the datanode 94363dd8-42f5-429b-bbe3-506d55a6d307{ip: 192.168.69.94, host: dev-testrun-4rklj-35625584, networkLocation: /default-rack, certSerialId: null} reports an CLOSED replica.
2019-10-22 14:26:18,888 [EventQueue-ContainerReportForContainerReportHandler] WARN  container.ContainerReportHandler (AbstractContainerReportHandler.java:updateContainerState(145)) - Container #1 is in OPEN state, but the datanode c61b7886-1b9a-4032-b026-73ad3d840619{ip: 192.168.69.94, host: dev-testrun-4rklj-35625584, networkLocation: /default-rack, certSerialId: null} reports an CLOSED replica.
2019-10-22 14:26:18,958 [EventQueue-ContainerReportForContainerReportHandler] WARN  container.ContainerReportHandler (AbstractContainerReportHandler.java:updateContainerState(145)) - Container #1 is in OPEN state, but the datanode 94363dd8-42f5-429b-bbe3-506d55a6d307{ip: 192.168.69.94, host: dev-testrun-4rklj-35625584, networkLocation: /default-rack, certSerialId: null} reports an CLOSED replica.
2019-10-22 14:26:19,158 [EventQueue-ContainerReportForContainerReportHandler] WARN  container.ContainerReportHandler (AbstractContainerReportHandler.java:updateContainerState(145)) - Container #1 is in OPEN state, but the datanode 94363dd8-42f5-429b-bbe3-506d55a6d307{ip: 192.168.69.94, host: dev-testrun-4rklj-35625584, networkLocation: /default-rack, certSerialId: null} reports an CLOSED replica.
2019-10-22 14:26:19,192 [EventQueue-ContainerReportForContainerReportHandler] WARN  container.ContainerReportHandler (AbstractContainerReportHandler.java:updateContainerState(145)) - Container #1 is in OPEN state, but the datanode c61b7886-1b9a-4032-b026-73ad3d840619{ip: 192.168.69.94, host: dev-testrun-4rklj-35625584, networkLocation: /default-rack, certSerialId: null} reports an CLOSED replica.
2019-10-22 14:26:19,350 [BlockDeletingService#2] WARN  background.BlockDeletingService (BlockDeletingService.java:isDeletionAllowed(187)) - Close Container log Index 6 is not replicated across allthe servers in the pipeline 7ee4d48e-88bb-4c96-868c-d63fc7e0523a as the min replicated index is 4. Deletion is not allowed in this container yet.
2019-10-22 14:26:19,350 [BlockDeletingService#2] WARN  background.BlockDeletingService (BlockDeletingService.java:isDeletionAllowed(187)) - Close Container log Index 6 is not replicated across allthe servers in the pipeline 7ee4d48e-88bb-4c96-868c-d63fc7e0523a as the min replicated index is 4. Deletion is not allowed in this container yet.
2019-10-22 14:26:19,415 [java.util.concurrent.ThreadPoolExecutor$Worker@3e1fcf78[State = -1, empty queue]] WARN  server.GrpcLogAppender (GrpcLogAppender.java:timeoutAppendRequest(209)) - 94363dd8-42f5-429b-bbe3-506d55a6d307@group-D63FC7E0523A->5e302b21-73c7-4c15-997b-467ec519df17-GrpcLogAppender: appendEntries Timeout, request=94363dd8-42f5-429b-bbe3-506d55a6d307->5e302b21-73c7-4c15-997b-467ec519df17#29-t2, previous=(t:2, i:10), leaderCommit=10, initializing? false, entries: <empty>
2019-10-22 14:26:19,489 [EventQueue-ContainerReportForContainerReportHandler] WARN  container.ContainerReportHandler (AbstractContainerReportHandler.java:updateContainerState(145)) - Container #1 is in OPEN state, but the datanode c61b7886-1b9a-4032-b026-73ad3d840619{ip: 192.168.69.94, host: dev-testrun-4rklj-35625584, networkLocation: /default-rack, certSerialId: null} reports an CLOSED replica.
2019-10-22 14:26:19,559 [EventQueue-ContainerReportForContainerReportHandler] WARN  container.ContainerReportHandler (AbstractContainerReportHandler.java:updateContainerState(145)) - Container #1 is in OPEN state, but the datanode 94363dd8-42f5-429b-bbe3-506d55a6d307{ip: 192.168.69.94, host: dev-testrun-4rklj-35625584, networkLocation: /default-rack, certSerialId: null} reports an CLOSED replica.
2019-10-22 14:26:19,788 [EventQueue-ContainerReportForContainerReportHandler] WARN  container.ContainerReportHandler (AbstractContainerReportHandler.java:updateContainerState(145)) - Container #1 is in OPEN state, but the datanode c61b7886-1b9a-4032-b026-73ad3d840619{ip: 192.168.69.94, host: dev-testrun-4rklj-35625584, networkLocation: /default-rack, certSerialId: null} reports an CLOSED replica.
2019-10-22 14:26:19,960 [EventQueue-ContainerReportForContainerReportHandler] WARN  container.ContainerReportHandler (AbstractContainerReportHandler.java:updateContainerState(145)) - Container #1 is in OPEN state, but the datanode 94363dd8-42f5-429b-bbe3-506d55a6d307{ip: 192.168.69.94, host: dev-testrun-4rklj-35625584, networkLocation: /default-rack, certSerialId: null} reports an CLOSED replica.
2019-10-22 14:26:19,988 [EventQueue-ContainerReportForContainerReportHandler] WARN  container.ContainerReportHandler (AbstractContainerReportHandler.java:updateContainerState(145)) - Container #1 is in OPEN state, but the datanode c61b7886-1b9a-4032-b026-73ad3d840619{ip: 192.168.69.94, host: dev-testrun-4rklj-35625584, networkLocation: /default-rack, certSerialId: null} reports an CLOSED replica.
2019-10-22 14:26:20,160 [EventQueue-ContainerReportForContainerReportHandler] WARN  container.ContainerReportHandler (AbstractContainerReportHandler.java:updateContainerState(145)) - Container #1 is in OPEN state, but the datanode 94363dd8-42f5-429b-bbe3-506d55a6d307{ip: 192.168.69.94, host: dev-testrun-4rklj-35625584, networkLocation: /default-rack, certSerialId: null} reports an CLOSED replica.
2019-10-22 14:26:20,290 [EventQueue-ContainerReportForContainerReportHandler] WARN  container.ContainerReportHandler (AbstractContainerReportHandler.java:updateContainerState(145)) - Container #1 is in OPEN state, but the datanode c61b7886-1b9a-4032-b026-73ad3d840619{ip: 192.168.69.94, host: dev-testrun-4rklj-35625584, networkLocation: /default-rack, certSerialId: null} reports an CLOSED replica.
2019-10-22 14:26:20,352 [BlockDeletingService#2] WARN  background.BlockDeletingService (BlockDeletingService.java:isDeletionAllowed(187)) - Close Container log Index 6 is not replicated across allthe servers in the pipeline 7ee4d48e-88bb-4c96-868c-d63fc7e0523a as the min replicated index is 4. Deletion is not allowed in this container yet.
2019-10-22 14:26:20,352 [BlockDeletingService#2] WARN  background.BlockDeletingService (BlockDeletingService.java:isDeletionAllowed(187)) - Close Container log Index 6 is not replicated across allthe servers in the pipeline 7ee4d48e-88bb-4c96-868c-d63fc7e0523a as the min replicated index is 4. Deletion is not allowed in this container yet.
2019-10-22 14:26:20,563 [EventQueue-ContainerReportForContainerReportHandler] WARN  container.ContainerReportHandler (AbstractContainerReportHandler.java:updateContainerState(145)) - Container #1 is in OPEN state, but the datanode 94363dd8-42f5-429b-bbe3-506d55a6d307{ip: 192.168.69.94, host: dev-testrun-4rklj-35625584, networkLocation: /default-rack, certSerialId: null} reports an CLOSED replica.
2019-10-22 14:26:20,592 [EventQueue-ContainerReportForContainerReportHandler] WARN  container.ContainerReportHandler (AbstractContainerReportHandler.java:updateContainerState(145)) - Container #1 is in OPEN state, but the datanode c61b7886-1b9a-4032-b026-73ad3d840619{ip: 192.168.69.94, host: dev-testrun-4rklj-35625584, networkLocation: /default-rack, certSerialId: null} reports an CLOSED replica.
2019-10-22 14:26:20,865 [EventQueue-ContainerReportForContainerReportHandler] WARN  container.ContainerReportHandler (AbstractContainerReportHandler.java:updateContainerState(145)) - Container #1 is in OPEN state, but the datanode 94363dd8-42f5-429b-bbe3-506d55a6d307{ip: 192.168.69.94, host: dev-testrun-4rklj-35625584, networkLocation: /default-rack, certSerialId: null} reports an CLOSED replica.
2019-10-22 14:26:20,993 [EventQueue-ContainerReportForContainerReportHandler] WARN  container.ContainerReportHandler (AbstractContainerReportHandler.java:updateContainerState(145)) - Container #1 is in OPEN state, but the datanode c61b7886-1b9a-4032-b026-73ad3d840619{ip: 192.168.69.94, host: dev-testrun-4rklj-35625584, networkLocation: /default-rack, certSerialId: null} reports an CLOSED replica.
2019-10-22 14:26:21,267 [EventQueue-ContainerReportForContainerReportHandler] WARN  container.ContainerReportHandler (AbstractContainerReportHandler.java:updateContainerState(145)) - Container #1 is in OPEN state, but the datanode 94363dd8-42f5-429b-bbe3-506d55a6d307{ip: 192.168.69.94, host: dev-testrun-4rklj-35625584, networkLocation: /default-rack, certSerialId: null} reports an CLOSED replica.
2019-10-22 14:26:21,293 [EventQueue-ContainerReportForContainerReportHandler] WARN  container.ContainerReportHandler (AbstractContainerReportHandler.java:updateContainerState(145)) - Container #1 is in OPEN state, but the datanode c61b7886-1b9a-4032-b026-73ad3d840619{ip: 192.168.69.94, host: dev-testrun-4rklj-35625584, networkLocation: /default-rack, certSerialId: null} reports an CLOSED replica.
2019-10-22 14:26:21,354 [BlockDeletingService#2] WARN  background.BlockDeletingService (BlockDeletingService.java:isDeletionAllowed(187)) - Close Container log Index 6 is not replicated across allthe servers in the pipeline 7ee4d48e-88bb-4c96-868c-d63fc7e0523a as the min replicated index is 4. Deletion is not allowed in this container yet.
2019-10-22 14:26:21,354 [BlockDeletingService#2] WARN  background.BlockDeletingService (BlockDeletingService.java:isDeletionAllowed(187)) - Close Container log Index 6 is not replicated across allthe servers in the pipeline 7ee4d48e-88bb-4c96-868c-d63fc7e0523a as the min replicated index is 4. Deletion is not allowed in this container yet.
2019-10-22 14:26:21,567 [EventQueue-ContainerReportForContainerReportHandler] WARN  container.ContainerReportHandler (AbstractContainerReportHandler.java:updateContainerState(145)) - Container #1 is in OPEN state, but the datanode 94363dd8-42f5-429b-bbe3-506d55a6d307{ip: 192.168.69.94, host: dev-testrun-4rklj-35625584, networkLocation: /default-rack, certSerialId: null} reports an CLOSED replica.
2019-10-22 14:26:21,692 [EventQueue-ContainerReportForContainerReportHandler] WARN  container.ContainerReportHandler (AbstractContainerReportHandler.java:updateContainerState(145)) - Container #1 is in OPEN state, but the datanode c61b7886-1b9a-4032-b026-73ad3d840619{ip: 192.168.69.94, host: dev-testrun-4rklj-35625584, networkLocation: /default-rack, certSerialId: null} reports an CLOSED replica.
2019-10-22 14:26:21,892 [EventQueue-ContainerReportForContainerReportHandler] WARN  container.ContainerReportHandler (AbstractContainerReportHandler.java:updateContainerState(145)) - Container #1 is in OPEN state, but the datanode c61b7886-1b9a-4032-b026-73ad3d840619{ip: 192.168.69.94, host: dev-testrun-4rklj-35625584, networkLocation: /default-rack, certSerialId: null} reports an CLOSED replica.
2019-10-22 14:26:21,920 [java.util.concurrent.ThreadPoolExecutor$Worker@3e1fcf78[State = -1, empty queue]] WARN  server.GrpcLogAppender (GrpcLogAppender.java:timeoutAppendRequest(209)) - 94363dd8-42f5-429b-bbe3-506d55a6d307@group-D63FC7E0523A->5e302b21-73c7-4c15-997b-467ec519df17-GrpcLogAppender: appendEntries Timeout, request=94363dd8-42f5-429b-bbe3-506d55a6d307->5e302b21-73c7-4c15-997b-467ec519df17#30-t2, previous=(t:2, i:10), leaderCommit=10, initializing? false, entries: <empty>
2019-10-22 14:26:21,969 [EventQueue-ContainerReportForContainerReportHandler] WARN  container.ContainerReportHandler (AbstractContainerReportHandler.java:updateContainerState(145)) - Container #1 is in OPEN state, but the datanode 94363dd8-42f5-429b-bbe3-506d55a6d307{ip: 192.168.69.94, host: dev-testrun-4rklj-35625584, networkLocation: /default-rack, certSerialId: null} reports an CLOSED replica.
2019-10-22 14:26:22,167 [EventQueue-ContainerReportForContainerReportHandler] WARN  container.ContainerReportHandler (AbstractContainerReportHandler.java:updateContainerState(145)) - Container #1 is in OPEN state, but the datanode 94363dd8-42f5-429b-bbe3-506d55a6d307{ip: 192.168.69.94, host: dev-testrun-4rklj-35625584, networkLocation: /default-rack, certSerialId: null} reports an CLOSED replica.
2019-10-22 14:26:22,193 [EventQueue-ContainerReportForContainerReportHandler] WARN  container.ContainerReportHandler (AbstractContainerReportHandler.java:updateContainerState(145)) - Container #1 is in OPEN state, but the datanode c61b7886-1b9a-4032-b026-73ad3d840619{ip: 192.168.69.94, host: dev-testrun-4rklj-35625584, networkLocation: /default-rack, certSerialId: null} reports an CLOSED replica.
2019-10-22 14:26:22,357 [BlockDeletingService#2] WARN  background.BlockDeletingService (BlockDeletingService.java:isDeletionAllowed(187)) - Close Container log Index 6 is not replicated across allthe servers in the pipeline 7ee4d48e-88bb-4c96-868c-d63fc7e0523a as the min replicated index is 4. Deletion is not allowed in this container yet.
2019-10-22 14:26:22,357 [BlockDeletingService#2] WARN  background.BlockDeletingService (BlockDeletingService.java:isDeletionAllowed(187)) - Close Container log Index 6 is not replicated across allthe servers in the pipeline 7ee4d48e-88bb-4c96-868c-d63fc7e0523a as the min replicated index is 4. Deletion is not allowed in this container yet.
2019-10-22 14:26:22,367 [EventQueue-ContainerReportForContainerReportHandler] WARN  container.ContainerReportHandler (AbstractContainerReportHandler.java:updateContainerState(145)) - Container #1 is in OPEN state, but the datanode 94363dd8-42f5-429b-bbe3-506d55a6d307{ip: 192.168.69.94, host: dev-testrun-4rklj-35625584, networkLocation: /default-rack, certSerialId: null} reports an CLOSED replica.
2019-10-22 14:26:22,593 [EventQueue-ContainerReportForContainerReportHandler] WARN  container.ContainerReportHandler (AbstractContainerReportHandler.java:updateContainerState(145)) - Container #1 is in OPEN state, but the datanode c61b7886-1b9a-4032-b026-73ad3d840619{ip: 192.168.69.94, host: dev-testrun-4rklj-35625584, networkLocation: /default-rack, certSerialId: null} reports an CLOSED replica.
2019-10-22 14:26:22,767 [EventQueue-ContainerReportForContainerReportHandler] WARN  container.ContainerReportHandler (AbstractContainerReportHandler.java:updateContainerState(145)) - Container #1 is in OPEN state, but the datanode 94363dd8-42f5-429b-bbe3-506d55a6d307{ip: 192.168.69.94, host: dev-testrun-4rklj-35625584, networkLocation: /default-rack, certSerialId: null} reports an CLOSED replica.
2019-10-22 14:26:22,895 [EventQueue-ContainerReportForContainerReportHandler] WARN  container.ContainerReportHandler (AbstractContainerReportHandler.java:updateContainerState(145)) - Container #1 is in OPEN state, but the datanode c61b7886-1b9a-4032-b026-73ad3d840619{ip: 192.168.69.94, host: dev-testrun-4rklj-35625584, networkLocation: /default-rack, certSerialId: null} reports an CLOSED replica.
2019-10-22 14:26:23,067 [EventQueue-ContainerReportForContainerReportHandler] WARN  container.ContainerReportHandler (AbstractContainerReportHandler.java:updateContainerState(145)) - Container #1 is in OPEN state, but the datanode 94363dd8-42f5-429b-bbe3-506d55a6d307{ip: 192.168.69.94, host: dev-testrun-4rklj-35625584, networkLocation: /default-rack, certSerialId: null} reports an CLOSED replica.
2019-10-22 14:26:23,194 [EventQueue-ContainerReportForContainerReportHandler] WARN  container.ContainerReportHandler (AbstractContainerReportHandler.java:updateContainerState(145)) - Container #1 is in OPEN state, but the datanode c61b7886-1b9a-4032-b026-73ad3d840619{ip: 192.168.69.94, host: dev-testrun-4rklj-35625584, networkLocation: /default-rack, certSerialId: null} reports an CLOSED replica.
2019-10-22 14:26:23,358 [BlockDeletingService#2] WARN  background.BlockDeletingService (BlockDeletingService.java:isDeletionAllowed(187)) - Close Container log Index 6 is not replicated across allthe servers in the pipeline 7ee4d48e-88bb-4c96-868c-d63fc7e0523a as the min replicated index is 4. Deletion is not allowed in this container yet.
2019-10-22 14:26:23,358 [BlockDeletingService#2] WARN  background.BlockDeletingService (BlockDeletingService.java:isDeletionAllowed(187)) - Close Container log Index 6 is not replicated across allthe servers in the pipeline 7ee4d48e-88bb-4c96-868c-d63fc7e0523a as the min replicated index is 4. Deletion is not allowed in this container yet.
2019-10-22 14:26:23,467 [EventQueue-ContainerReportForContainerReportHandler] WARN  container.ContainerReportHandler (AbstractContainerReportHandler.java:updateContainerState(145)) - Container #1 is in OPEN state, but the datanode 94363dd8-42f5-429b-bbe3-506d55a6d307{ip: 192.168.69.94, host: dev-testrun-4rklj-35625584, networkLocation: /default-rack, certSerialId: null} reports an CLOSED replica.
2019-10-22 14:26:23,494 [EventQueue-ContainerReportForContainerReportHandler] WARN  container.ContainerReportHandler (AbstractContainerReportHandler.java:updateContainerState(145)) - Container #1 is in OPEN state, but the datanode c61b7886-1b9a-4032-b026-73ad3d840619{ip: 192.168.69.94, host: dev-testrun-4rklj-35625584, networkLocation: /default-rack, certSerialId: null} reports an CLOSED replica.
2019-10-22 14:26:23,667 [EventQueue-ContainerReportForContainerReportHandler] WARN  container.ContainerReportHandler (AbstractContainerReportHandler.java:updateContainerState(145)) - Container #1 is in OPEN state, but the datanode 94363dd8-42f5-429b-bbe3-506d55a6d307{ip: 192.168.69.94, host: dev-testrun-4rklj-35625584, networkLocation: /default-rack, certSerialId: null} reports an CLOSED replica.
2019-10-22 14:26:23,794 [EventQueue-ContainerReportForContainerReportHandler] WARN  container.ContainerReportHandler (AbstractContainerReportHandler.java:updateContainerState(145)) - Container #1 is in OPEN state, but the datanode c61b7886-1b9a-4032-b026-73ad3d840619{ip: 192.168.69.94, host: dev-testrun-4rklj-35625584, networkLocation: /default-rack, certSerialId: null} reports an CLOSED replica.
2019-10-22 14:26:23,867 [EventQueue-ContainerReportForContainerReportHandler] WARN  container.ContainerReportHandler (AbstractContainerReportHandler.java:updateContainerState(145)) - Container #1 is in OPEN state, but the datanode 94363dd8-42f5-429b-bbe3-506d55a6d307{ip: 192.168.69.94, host: dev-testrun-4rklj-35625584, networkLocation: /default-rack, certSerialId: null} reports an CLOSED replica.
2019-10-22 14:26:23,994 [EventQueue-ContainerReportForContainerReportHandler] WARN  container.ContainerReportHandler (AbstractContainerReportHandler.java:updateContainerState(145)) - Container #1 is in OPEN state, but the datanode c61b7886-1b9a-4032-b026-73ad3d840619{ip: 192.168.69.94, host: dev-testrun-4rklj-35625584, networkLocation: /default-rack, certSerialId: null} reports an CLOSED replica.
2019-10-22 14:26:24,268 [EventQueue-ContainerReportForContainerReportHandler] WARN  container.ContainerReportHandler (AbstractContainerReportHandler.java:updateContainerState(145)) - Container #1 is in OPEN state, but the datanode 94363dd8-42f5-429b-bbe3-506d55a6d307{ip: 192.168.69.94, host: dev-testrun-4rklj-35625584, networkLocation: /default-rack, certSerialId: null} reports an CLOSED replica.
2019-10-22 14:26:24,297 [EventQueue-ContainerReportForContainerReportHandler] WARN  container.ContainerReportHandler (AbstractContainerReportHandler.java:updateContainerState(145)) - Container #1 is in OPEN state, but the datanode c61b7886-1b9a-4032-b026-73ad3d840619{ip: 192.168.69.94, host: dev-testrun-4rklj-35625584, networkLocation: /default-rack, certSerialId: null} reports an CLOSED replica.
2019-10-22 14:26:24,360 [BlockDeletingService#2] WARN  background.BlockDeletingService (BlockDeletingService.java:isDeletionAllowed(187)) - Close Container log Index 6 is not replicated across allthe servers in the pipeline 7ee4d48e-88bb-4c96-868c-d63fc7e0523a as the min replicated index is 4. Deletion is not allowed in this container yet.
2019-10-22 14:26:24,360 [BlockDeletingService#2] WARN  background.BlockDeletingService (BlockDeletingService.java:isDeletionAllowed(187)) - Close Container log Index 6 is not replicated across allthe servers in the pipeline 7ee4d48e-88bb-4c96-868c-d63fc7e0523a as the min replicated index is 4. Deletion is not allowed in this container yet.
2019-10-22 14:26:24,421 [java.util.concurrent.ThreadPoolExecutor$Worker@3e1fcf78[State = -1, empty queue]] WARN  server.GrpcLogAppender (GrpcLogAppender.java:timeoutAppendRequest(209)) - 94363dd8-42f5-429b-bbe3-506d55a6d307@group-D63FC7E0523A->5e302b21-73c7-4c15-997b-467ec519df17-GrpcLogAppender: appendEntries Timeout, request=94363dd8-42f5-429b-bbe3-506d55a6d307->5e302b21-73c7-4c15-997b-467ec519df17#31-t2, previous=(t:2, i:10), leaderCommit=10, initializing? false, entries: <empty>
2019-10-22 14:26:24,569 [EventQueue-ContainerReportForContainerReportHandler] WARN  container.ContainerReportHandler (AbstractContainerReportHandler.java:updateContainerState(145)) - Container #1 is in OPEN state, but the datanode 94363dd8-42f5-429b-bbe3-506d55a6d307{ip: 192.168.69.94, host: dev-testrun-4rklj-35625584, networkLocation: /default-rack, certSerialId: null} reports an CLOSED replica.
2019-10-22 14:26:24,696 [EventQueue-ContainerReportForContainerReportHandler] WARN  container.ContainerReportHandler (AbstractContainerReportHandler.java:updateContainerState(145)) - Container #1 is in OPEN state, but the datanode c61b7886-1b9a-4032-b026-73ad3d840619{ip: 192.168.69.94, host: dev-testrun-4rklj-35625584, networkLocation: /default-rack, certSerialId: null} reports an CLOSED replica.
2019-10-22 14:26:24,868 [EventQueue-ContainerReportForContainerReportHandler] WARN  container.ContainerReportHandler (AbstractContainerReportHandler.java:updateContainerState(145)) - Container #1 is in OPEN state, but the datanode 94363dd8-42f5-429b-bbe3-506d55a6d307{ip: 192.168.69.94, host: dev-testrun-4rklj-35625584, networkLocation: /default-rack, certSerialId: null} reports an CLOSED replica.
2019-10-22 14:26:25,096 [EventQueue-ContainerReportForContainerReportHandler] WARN  container.ContainerReportHandler (AbstractContainerReportHandler.java:updateContainerState(145)) - Container #1 is in OPEN state, but the datanode c61b7886-1b9a-4032-b026-73ad3d840619{ip: 192.168.69.94, host: dev-testrun-4rklj-35625584, networkLocation: /default-rack, certSerialId: null} reports an CLOSED replica.
2019-10-22 14:26:25,268 [EventQueue-ContainerReportForContainerReportHandler] WARN  container.ContainerReportHandler (AbstractContainerReportHandler.java:updateContainerState(145)) - Container #1 is in OPEN state, but the datanode 94363dd8-42f5-429b-bbe3-506d55a6d307{ip: 192.168.69.94, host: dev-testrun-4rklj-35625584, networkLocation: /default-rack, certSerialId: null} reports an CLOSED replica.
2019-10-22 14:26:25,361 [BlockDeletingService#2] WARN  background.BlockDeletingService (BlockDeletingService.java:isDeletionAllowed(187)) - Close Container log Index 6 is not replicated across allthe servers in the pipeline 7ee4d48e-88bb-4c96-868c-d63fc7e0523a as the min replicated index is 4. Deletion is not allowed in this container yet.
2019-10-22 14:26:25,361 [BlockDeletingService#2] WARN  background.BlockDeletingService (BlockDeletingService.java:isDeletionAllowed(187)) - Close Container log Index 6 is not replicated across allthe servers in the pipeline 7ee4d48e-88bb-4c96-868c-d63fc7e0523a as the min replicated index is 4. Deletion is not allowed in this container yet.
2019-10-22 14:26:25,398 [EventQueue-ContainerReportForContainerReportHandler] WARN  container.ContainerReportHandler (AbstractContainerReportHandler.java:updateContainerState(145)) - Container #1 is in OPEN state, but the datanode c61b7886-1b9a-4032-b026-73ad3d840619{ip: 192.168.69.94, host: dev-testrun-4rklj-35625584, networkLocation: /default-rack, certSerialId: null} reports an CLOSED replica.
2019-10-22 14:26:25,449 [Thread-407] INFO  client.GrpcClientProtocolService (GrpcClientProtocolService.java:lambda$processClientRequest$0(279)) - Failed RaftClientRequest:client-458A7D8FFED2->c61b7886-1b9a-4032-b026-73ad3d840619@group-D63FC7E0523A, cid=10, seq=0, Watch-ALL_COMMITTED(6), Message:<EMPTY>, reply=RaftClientReply:client-458A7D8FFED2->c61b7886-1b9a-4032-b026-73ad3d840619@group-D63FC7E0523A, cid=10, FAILED org.apache.ratis.protocol.NotLeaderException: Server c61b7886-1b9a-4032-b026-73ad3d840619@group-D63FC7E0523A is not the leader 94363dd8-42f5-429b-bbe3-506d55a6d307:192.168.69.94:46664, logIndex=0, commits[c61b7886-1b9a-4032-b026-73ad3d840619:c10, 5e302b21-73c7-4c15-997b-467ec519df17:c4, 94363dd8-42f5-429b-bbe3-506d55a6d307:c10]
2019-10-22 14:26:25,468 [EventQueue-ContainerReportForContainerReportHandler] WARN  container.ContainerReportHandler (AbstractContainerReportHandler.java:updateContainerState(145)) - Container #1 is in OPEN state, but the datanode 94363dd8-42f5-429b-bbe3-506d55a6d307{ip: 192.168.69.94, host: dev-testrun-4rklj-35625584, networkLocation: /default-rack, certSerialId: null} reports an CLOSED replica.
2019-10-22 14:26:25,798 [EventQueue-ContainerReportForContainerReportHandler] WARN  container.ContainerReportHandler (AbstractContainerReportHandler.java:updateContainerState(145)) - Container #1 is in OPEN state, but the datanode c61b7886-1b9a-4032-b026-73ad3d840619{ip: 192.168.69.94, host: dev-testrun-4rklj-35625584, networkLocation: /default-rack, certSerialId: null} reports an CLOSED replica.
2019-10-22 14:26:25,868 [EventQueue-ContainerReportForContainerReportHandler] WARN  container.ContainerReportHandler (AbstractContainerReportHandler.java:updateContainerState(145)) - Container #1 is in OPEN state, but the datanode 94363dd8-42f5-429b-bbe3-506d55a6d307{ip: 192.168.69.94, host: dev-testrun-4rklj-35625584, networkLocation: /default-rack, certSerialId: null} reports an CLOSED replica.
2019-10-22 14:26:25,884 [Thread-410] INFO  client.GrpcClientProtocolService (GrpcClientProtocolService.java:lambda$processClientRequest$0(279)) - Failed RaftClientRequest:client-458A7D8FFED2->94363dd8-42f5-429b-bbe3-506d55a6d307@group-D63FC7E0523A, cid=10, seq=0, Watch-ALL_COMMITTED(6), Message:<EMPTY>, reply=RaftClientReply:client-458A7D8FFED2->94363dd8-42f5-429b-bbe3-506d55a6d307@group-D63FC7E0523A, cid=10, FAILED org.apache.ratis.protocol.NotReplicatedException: Request with call Id 10 and log index 6 is not yet replicated to ALL_COMMITTED, logIndex=6, commits[94363dd8-42f5-429b-bbe3-506d55a6d307:c10, c61b7886-1b9a-4032-b026-73ad3d840619:c10, 5e302b21-73c7-4c15-997b-467ec519df17:c4]
2019-10-22 14:26:25,998 [EventQueue-ContainerReportForContainerReportHandler] WARN  container.ContainerReportHandler (AbstractContainerReportHandler.java:updateContainerState(145)) - Container #1 is in OPEN state, but the datanode c61b7886-1b9a-4032-b026-73ad3d840619{ip: 192.168.69.94, host: dev-testrun-4rklj-35625584, networkLocation: /default-rack, certSerialId: null} reports an CLOSED replica.
2019-10-22 14:26:26,068 [EventQueue-ContainerReportForContainerReportHandler] WARN  container.ContainerReportHandler (AbstractContainerReportHandler.java:updateContainerState(145)) - Container #1 is in OPEN state, but the datanode 94363dd8-42f5-429b-bbe3-506d55a6d307{ip: 192.168.69.94, host: dev-testrun-4rklj-35625584, networkLocation: /default-rack, certSerialId: null} reports an CLOSED replica.
2019-10-22 14:26:26,363 [BlockDeletingService#2] WARN  background.BlockDeletingService (BlockDeletingService.java:isDeletionAllowed(187)) - Close Container log Index 6 is not replicated across allthe servers in the pipeline 7ee4d48e-88bb-4c96-868c-d63fc7e0523a as the min replicated index is 4. Deletion is not allowed in this container yet.
2019-10-22 14:26:26,363 [BlockDeletingService#2] WARN  background.BlockDeletingService (BlockDeletingService.java:isDeletionAllowed(187)) - Close Container log Index 6 is not replicated across allthe servers in the pipeline 7ee4d48e-88bb-4c96-868c-d63fc7e0523a as the min replicated index is 4. Deletion is not allowed in this container yet.
2019-10-22 14:26:26,368 [EventQueue-ContainerReportForContainerReportHandler] WARN  container.ContainerReportHandler (AbstractContainerReportHandler.java:updateContainerState(145)) - Container #1 is in OPEN state, but the datanode 94363dd8-42f5-429b-bbe3-506d55a6d307{ip: 192.168.69.94, host: dev-testrun-4rklj-35625584, networkLocation: /default-rack, certSerialId: null} reports an CLOSED replica.
2019-10-22 14:26:26,398 [EventQueue-ContainerReportForContainerReportHandler] WARN  container.ContainerReportHandler (AbstractContainerReportHandler.java:updateContainerState(145)) - Container #1 is in OPEN state, but the datanode c61b7886-1b9a-4032-b026-73ad3d840619{ip: 192.168.69.94, host: dev-testrun-4rklj-35625584, networkLocation: /default-rack, certSerialId: null} reports an CLOSED replica.
2019-10-22 14:26:26,568 [EventQueue-ContainerReportForContainerReportHandler] WARN  container.ContainerReportHandler (AbstractContainerReportHandler.java:updateContainerState(145)) - Container #1 is in OPEN state, but the datanode 94363dd8-42f5-429b-bbe3-506d55a6d307{ip: 192.168.69.94, host: dev-testrun-4rklj-35625584, networkLocation: /default-rack, certSerialId: null} reports an CLOSED replica.
2019-10-22 14:26:26,598 [EventQueue-ContainerReportForContainerReportHandler] WARN  container.ContainerReportHandler (AbstractContainerReportHandler.java:updateContainerState(145)) - Container #1 is in OPEN state, but the datanode c61b7886-1b9a-4032-b026-73ad3d840619{ip: 192.168.69.94, host: dev-testrun-4rklj-35625584, networkLocation: /default-rack, certSerialId: null} reports an CLOSED replica.
2019-10-22 14:26:26,901 [EventQueue-ContainerReportForContainerReportHandler] WARN  container.ContainerReportHandler (AbstractContainerReportHandler.java:updateContainerState(145)) - Container #1 is in OPEN state, but the datanode c61b7886-1b9a-4032-b026-73ad3d840619{ip: 192.168.69.94, host: dev-testrun-4rklj-35625584, networkLocation: /default-rack, certSerialId: null} reports an CLOSED replica.
2019-10-22 14:26:26,922 [java.util.concurrent.ThreadPoolExecutor$Worker@3e1fcf78[State = -1, empty queue]] WARN  server.GrpcLogAppender (GrpcLogAppender.java:timeoutAppendRequest(209)) - 94363dd8-42f5-429b-bbe3-506d55a6d307@group-D63FC7E0523A->5e302b21-73c7-4c15-997b-467ec519df17-GrpcLogAppender: appendEntries Timeout, request=94363dd8-42f5-429b-bbe3-506d55a6d307->5e302b21-73c7-4c15-997b-467ec519df17#32-t2, previous=(t:2, i:10), leaderCommit=10, initializing? false, entries: <empty>
2019-10-22 14:26:26,968 [EventQueue-ContainerReportForContainerReportHandler] WARN  container.ContainerReportHandler (AbstractContainerReportHandler.java:updateContainerState(145)) - Container #1 is in OPEN state, but the datanode 94363dd8-42f5-429b-bbe3-506d55a6d307{ip: 192.168.69.94, host: dev-testrun-4rklj-35625584, networkLocation: /default-rack, certSerialId: null} reports an CLOSED replica.
2019-10-22 14:26:27,268 [EventQueue-ContainerReportForContainerReportHandler] WARN  container.ContainerReportHandler (AbstractContainerReportHandler.java:updateContainerState(145)) - Container #1 is in OPEN state, but the datanode 94363dd8-42f5-429b-bbe3-506d55a6d307{ip: 192.168.69.94, host: dev-testrun-4rklj-35625584, networkLocation: /default-rack, certSerialId: null} reports an CLOSED replica.
2019-10-22 14:26:27,300 [EventQueue-ContainerReportForContainerReportHandler] WARN  container.ContainerReportHandler (AbstractContainerReportHandler.java:updateContainerState(145)) - Container #1 is in OPEN state, but the datanode c61b7886-1b9a-4032-b026-73ad3d840619{ip: 192.168.69.94, host: dev-testrun-4rklj-35625584, networkLocation: /default-rack, certSerialId: null} reports an CLOSED replica.
2019-10-22 14:26:27,366 [BlockDeletingService#2] WARN  background.BlockDeletingService (BlockDeletingService.java:isDeletionAllowed(187)) - Close Container log Index 6 is not replicated across allthe servers in the pipeline 7ee4d48e-88bb-4c96-868c-d63fc7e0523a as the min replicated index is 4. Deletion is not allowed in this container yet.
2019-10-22 14:26:27,366 [BlockDeletingService#2] WARN  background.BlockDeletingService (BlockDeletingService.java:isDeletionAllowed(187)) - Close Container log Index 6 is not replicated across allthe servers in the pipeline 7ee4d48e-88bb-4c96-868c-d63fc7e0523a as the min replicated index is 4. Deletion is not allowed in this container yet.
2019-10-22 14:26:27,468 [EventQueue-ContainerReportForContainerReportHandler] WARN  container.ContainerReportHandler (AbstractContainerReportHandler.java:updateContainerState(145)) - Container #1 is in OPEN state, but the datanode 94363dd8-42f5-429b-bbe3-506d55a6d307{ip: 192.168.69.94, host: dev-testrun-4rklj-35625584, networkLocation: /default-rack, certSerialId: null} reports an CLOSED replica.
2019-10-22 14:26:27,600 [EventQueue-ContainerReportForContainerReportHandler] WARN  container.ContainerReportHandler (AbstractContainerReportHandler.java:updateContainerState(145)) - Container #1 is in OPEN state, but the datanode c61b7886-1b9a-4032-b026-73ad3d840619{ip: 192.168.69.94, host: dev-testrun-4rklj-35625584, networkLocation: /default-rack, certSerialId: null} reports an CLOSED replica.
2019-10-22 14:26:27,800 [EventQueue-ContainerReportForContainerReportHandler] WARN  container.ContainerReportHandler (AbstractContainerReportHandler.java:updateContainerState(145)) - Container #1 is in OPEN state, but the datanode c61b7886-1b9a-4032-b026-73ad3d840619{ip: 192.168.69.94, host: dev-testrun-4rklj-35625584, networkLocation: /default-rack, certSerialId: null} reports an CLOSED replica.
2019-10-22 14:26:27,868 [EventQueue-ContainerReportForContainerReportHandler] WARN  container.ContainerReportHandler (AbstractContainerReportHandler.java:updateContainerState(145)) - Container #1 is in OPEN state, but the datanode 94363dd8-42f5-429b-bbe3-506d55a6d307{ip: 192.168.69.94, host: dev-testrun-4rklj-35625584, networkLocation: /default-rack, certSerialId: null} reports an CLOSED replica.
2019-10-22 14:26:28,000 [EventQueue-ContainerReportForContainerReportHandler] WARN  container.ContainerReportHandler (AbstractContainerReportHandler.java:updateContainerState(145)) - Container #1 is in OPEN state, but the datanode c61b7886-1b9a-4032-b026-73ad3d840619{ip: 192.168.69.94, host: dev-testrun-4rklj-35625584, networkLocation: /default-rack, certSerialId: null} reports an CLOSED replica.
2019-10-22 14:26:28,168 [EventQueue-ContainerReportForContainerReportHandler] WARN  container.ContainerReportHandler (AbstractContainerReportHandler.java:updateContainerState(145)) - Container #1 is in OPEN state, but the datanode 94363dd8-42f5-429b-bbe3-506d55a6d307{ip: 192.168.69.94, host: dev-testrun-4rklj-35625584, networkLocation: /default-rack, certSerialId: null} reports an CLOSED replica.
2019-10-22 14:26:28,300 [EventQueue-ContainerReportForContainerReportHandler] WARN  container.ContainerReportHandler (AbstractContainerReportHandler.java:updateContainerState(145)) - Container #1 is in OPEN state, but the datanode c61b7886-1b9a-4032-b026-73ad3d840619{ip: 192.168.69.94, host: dev-testrun-4rklj-35625584, networkLocation: /default-rack, certSerialId: null} reports an CLOSED replica.
2019-10-22 14:26:28,368 [BlockDeletingService#2] WARN  background.BlockDeletingService (BlockDeletingService.java:isDeletionAllowed(187)) - Close Container log Index 6 is not replicated across allthe servers in the pipeline 7ee4d48e-88bb-4c96-868c-d63fc7e0523a as the min replicated index is 4. Deletion is not allowed in this container yet.
2019-10-22 14:26:28,368 [BlockDeletingService#2] WARN  background.BlockDeletingService (BlockDeletingService.java:isDeletionAllowed(187)) - Close Container log Index 6 is not replicated across allthe servers in the pipeline 7ee4d48e-88bb-4c96-868c-d63fc7e0523a as the min replicated index is 4. Deletion is not allowed in this container yet.
2019-10-22 14:26:28,568 [EventQueue-ContainerReportForContainerReportHandler] WARN  container.ContainerReportHandler (AbstractContainerReportHandler.java:updateContainerState(145)) - Container #1 is in OPEN state, but the datanode 94363dd8-42f5-429b-bbe3-506d55a6d307{ip: 192.168.69.94, host: dev-testrun-4rklj-35625584, networkLocation: /default-rack, certSerialId: null} reports an CLOSED replica.
2019-10-22 14:26:28,601 [EventQueue-ContainerReportForContainerReportHandler] WARN  container.ContainerReportHandler (AbstractContainerReportHandler.java:updateContainerState(145)) - Container #1 is in OPEN state, but the datanode c61b7886-1b9a-4032-b026-73ad3d840619{ip: 192.168.69.94, host: dev-testrun-4rklj-35625584, networkLocation: /default-rack, certSerialId: null} reports an CLOSED replica.
2019-10-22 14:26:28,802 [EventQueue-ContainerReportForContainerReportHandler] WARN  container.ContainerReportHandler (AbstractContainerReportHandler.java:updateContainerState(145)) - Container #1 is in OPEN state, but the datanode c61b7886-1b9a-4032-b026-73ad3d840619{ip: 192.168.69.94, host: dev-testrun-4rklj-35625584, networkLocation: /default-rack, certSerialId: null} reports an CLOSED replica.
2019-10-22 14:26:28,868 [EventQueue-ContainerReportForContainerReportHandler] WARN  container.ContainerReportHandler (AbstractContainerReportHandler.java:updateContainerState(145)) - Container #1 is in OPEN state, but the datanode 94363dd8-42f5-429b-bbe3-506d55a6d307{ip: 192.168.69.94, host: dev-testrun-4rklj-35625584, networkLocation: /default-rack, certSerialId: null} reports an CLOSED replica.
2019-10-22 14:26:29,104 [EventQueue-ContainerReportForContainerReportHandler] WARN  container.ContainerReportHandler (AbstractContainerReportHandler.java:updateContainerState(145)) - Container #1 is in OPEN state, but the datanode c61b7886-1b9a-4032-b026-73ad3d840619{ip: 192.168.69.94, host: dev-testrun-4rklj-35625584, networkLocation: /default-rack, certSerialId: null} reports an CLOSED replica.
2019-10-22 14:26:29,169 [EventQueue-ContainerReportForContainerReportHandler] WARN  container.ContainerReportHandler (AbstractContainerReportHandler.java:updateContainerState(145)) - Container #1 is in OPEN state, but the datanode 94363dd8-42f5-429b-bbe3-506d55a6d307{ip: 192.168.69.94, host: dev-testrun-4rklj-35625584, networkLocation: /default-rack, certSerialId: null} reports an CLOSED replica.
2019-10-22 14:26:29,369 [EventQueue-ContainerReportForContainerReportHandler] WARN  container.ContainerReportHandler (AbstractContainerReportHandler.java:updateContainerState(145)) - Container #1 is in OPEN state, but the datanode 94363dd8-42f5-429b-bbe3-506d55a6d307{ip: 192.168.69.94, host: dev-testrun-4rklj-35625584, networkLocation: /default-rack, certSerialId: null} reports an CLOSED replica.
2019-10-22 14:26:29,369 [BlockDeletingService#2] WARN  background.BlockDeletingService (BlockDeletingService.java:isDeletionAllowed(187)) - Close Container log Index 6 is not replicated across allthe servers in the pipeline 7ee4d48e-88bb-4c96-868c-d63fc7e0523a as the min replicated index is 4. Deletion is not allowed in this container yet.
2019-10-22 14:26:29,369 [BlockDeletingService#2] WARN  background.BlockDeletingService (BlockDeletingService.java:isDeletionAllowed(187)) - Close Container log Index 6 is not replicated across allthe servers in the pipeline 7ee4d48e-88bb-4c96-868c-d63fc7e0523a as the min replicated index is 4. Deletion is not allowed in this container yet.
2019-10-22 14:26:29,423 [java.util.concurrent.ThreadPoolExecutor$Worker@3e1fcf78[State = -1, empty queue]] WARN  server.GrpcLogAppender (GrpcLogAppender.java:timeoutAppendRequest(209)) - 94363dd8-42f5-429b-bbe3-506d55a6d307@group-D63FC7E0523A->5e302b21-73c7-4c15-997b-467ec519df17-GrpcLogAppender: appendEntries Timeout, request=94363dd8-42f5-429b-bbe3-506d55a6d307->5e302b21-73c7-4c15-997b-467ec519df17#33-t2, previous=(t:2, i:10), leaderCommit=10, initializing? false, entries: <empty>
2019-10-22 14:26:29,504 [EventQueue-ContainerReportForContainerReportHandler] WARN  container.ContainerReportHandler (AbstractContainerReportHandler.java:updateContainerState(145)) - Container #1 is in OPEN state, but the datanode c61b7886-1b9a-4032-b026-73ad3d840619{ip: 192.168.69.94, host: dev-testrun-4rklj-35625584, networkLocation: /default-rack, certSerialId: null} reports an CLOSED replica.
2019-10-22 14:26:29,569 [EventQueue-ContainerReportForContainerReportHandler] WARN  container.ContainerReportHandler (AbstractContainerReportHandler.java:updateContainerState(145)) - Container #1 is in OPEN state, but the datanode 94363dd8-42f5-429b-bbe3-506d55a6d307{ip: 192.168.69.94, host: dev-testrun-4rklj-35625584, networkLocation: /default-rack, certSerialId: null} reports an CLOSED replica.
2019-10-22 14:26:29,706 [EventQueue-ContainerReportForContainerReportHandler] WARN  container.ContainerReportHandler (AbstractContainerReportHandler.java:updateContainerState(145)) - Container #1 is in OPEN state, but the datanode c61b7886-1b9a-4032-b026-73ad3d840619{ip: 192.168.69.94, host: dev-testrun-4rklj-35625584, networkLocation: /default-rack, certSerialId: null} reports an CLOSED replica.
2019-10-22 14:26:29,972 [EventQueue-ContainerReportForContainerReportHandler] WARN  container.ContainerReportHandler (AbstractContainerReportHandler.java:updateContainerState(145)) - Container #1 is in OPEN state, but the datanode 94363dd8-42f5-429b-bbe3-506d55a6d307{ip: 192.168.69.94, host: dev-testrun-4rklj-35625584, networkLocation: /default-rack, certSerialId: null} reports an CLOSED replica.
2019-10-22 14:26:30,007 [EventQueue-ContainerReportForContainerReportHandler] WARN  container.ContainerReportHandler (AbstractContainerReportHandler.java:updateContainerState(145)) - Container #1 is in OPEN state, but the datanode c61b7886-1b9a-4032-b026-73ad3d840619{ip: 192.168.69.94, host: dev-testrun-4rklj-35625584, networkLocation: /default-rack, certSerialId: null} reports an CLOSED replica.
2019-10-22 14:26:30,274 [EventQueue-ContainerReportForContainerReportHandler] WARN  container.ContainerReportHandler (AbstractContainerReportHandler.java:updateContainerState(145)) - Container #1 is in OPEN state, but the datanode 94363dd8-42f5-429b-bbe3-506d55a6d307{ip: 192.168.69.94, host: dev-testrun-4rklj-35625584, networkLocation: /default-rack, certSerialId: null} reports an CLOSED replica.
2019-10-22 14:26:30,309 [EventQueue-ContainerReportForContainerReportHandler] WARN  container.ContainerReportHandler (AbstractContainerReportHandler.java:updateContainerState(145)) - Container #1 is in OPEN state, but the datanode c61b7886-1b9a-4032-b026-73ad3d840619{ip: 192.168.69.94, host: dev-testrun-4rklj-35625584, networkLocation: /default-rack, certSerialId: null} reports an CLOSED replica.
2019-10-22 14:26:30,371 [BlockDeletingService#2] WARN  background.BlockDeletingService (BlockDeletingService.java:isDeletionAllowed(187)) - Close Container log Index 6 is not replicated across allthe servers in the pipeline 7ee4d48e-88bb-4c96-868c-d63fc7e0523a as the min replicated index is 4. Deletion is not allowed in this container yet.
2019-10-22 14:26:30,371 [BlockDeletingService#2] WARN  background.BlockDeletingService (BlockDeletingService.java:isDeletionAllowed(187)) - Close Container log Index 6 is not replicated across allthe servers in the pipeline 7ee4d48e-88bb-4c96-868c-d63fc7e0523a as the min replicated index is 4. Deletion is not allowed in this container yet.
2019-10-22 14:26:30,473 [EventQueue-ContainerReportForContainerReportHandler] WARN  container.ContainerReportHandler (AbstractContainerReportHandler.java:updateContainerState(145)) - Container #1 is in OPEN state, but the datanode 94363dd8-42f5-429b-bbe3-506d55a6d307{ip: 192.168.69.94, host: dev-testrun-4rklj-35625584, networkLocation: /default-rack, certSerialId: null} reports an CLOSED replica.
2019-10-22 14:26:30,509 [EventQueue-ContainerReportForContainerReportHandler] WARN  container.ContainerReportHandler (AbstractContainerReportHandler.java:updateContainerState(145)) - Container #1 is in OPEN state, but the datanode c61b7886-1b9a-4032-b026-73ad3d840619{ip: 192.168.69.94, host: dev-testrun-4rklj-35625584, networkLocation: /default-rack, certSerialId: null} reports an CLOSED replica.
2019-10-22 14:26:30,773 [EventQueue-ContainerReportForContainerReportHandler] WARN  container.ContainerReportHandler (AbstractContainerReportHandler.java:updateContainerState(145)) - Container #1 is in OPEN state, but the datanode 94363dd8-42f5-429b-bbe3-506d55a6d307{ip: 192.168.69.94, host: dev-testrun-4rklj-35625584, networkLocation: /default-rack, certSerialId: null} reports an CLOSED replica.
2019-10-22 14:26:30,810 [EventQueue-ContainerReportForContainerReportHandler] WARN  container.ContainerReportHandler (AbstractContainerReportHandler.java:updateContainerState(145)) - Container #1 is in OPEN state, but the datanode c61b7886-1b9a-4032-b026-73ad3d840619{ip: 192.168.69.94, host: dev-testrun-4rklj-35625584, networkLocation: /default-rack, certSerialId: null} reports an CLOSED replica.
2019-10-22 14:26:31,073 [EventQueue-ContainerReportForContainerReportHandler] WARN  container.ContainerReportHandler (AbstractContainerReportHandler.java:updateContainerState(145)) - Container #1 is in OPEN state, but the datanode 94363dd8-42f5-429b-bbe3-506d55a6d307{ip: 192.168.69.94, host: dev-testrun-4rklj-35625584, networkLocation: /default-rack, certSerialId: null} reports an CLOSED replica.
2019-10-22 14:26:31,113 [EventQueue-ContainerReportForContainerReportHandler] WARN  container.ContainerReportHandler (AbstractContainerReportHandler.java:updateContainerState(145)) - Container #1 is in OPEN state, but the datanode c61b7886-1b9a-4032-b026-73ad3d840619{ip: 192.168.69.94, host: dev-testrun-4rklj-35625584, networkLocation: /default-rack, certSerialId: null} reports an CLOSED replica.
2019-10-22 14:26:31,273 [EventQueue-ContainerReportForContainerReportHandler] WARN  container.ContainerReportHandler (AbstractContainerReportHandler.java:updateContainerState(145)) - Container #1 is in OPEN state, but the datanode 94363dd8-42f5-429b-bbe3-506d55a6d307{ip: 192.168.69.94, host: dev-testrun-4rklj-35625584, networkLocation: /default-rack, certSerialId: null} reports an CLOSED replica.
2019-10-22 14:26:31,372 [BlockDeletingService#2] WARN  background.BlockDeletingService (BlockDeletingService.java:isDeletionAllowed(187)) - Close Container log Index 6 is not replicated across allthe servers in the pipeline 7ee4d48e-88bb-4c96-868c-d63fc7e0523a as the min replicated index is 4. Deletion is not allowed in this container yet.
2019-10-22 14:26:31,372 [BlockDeletingService#2] WARN  background.BlockDeletingService (BlockDeletingService.java:isDeletionAllowed(187)) - Close Container log Index 6 is not replicated across allthe servers in the pipeline 7ee4d48e-88bb-4c96-868c-d63fc7e0523a as the min replicated index is 4. Deletion is not allowed in this container yet.
2019-10-22 14:26:31,416 [EventQueue-ContainerReportForContainerReportHandler] WARN  container.ContainerReportHandler (AbstractContainerReportHandler.java:updateContainerState(145)) - Container #1 is in OPEN state, but the datanode c61b7886-1b9a-4032-b026-73ad3d840619{ip: 192.168.69.94, host: dev-testrun-4rklj-35625584, networkLocation: /default-rack, certSerialId: null} reports an CLOSED replica.
2019-10-22 14:26:31,673 [EventQueue-ContainerReportForContainerReportHandler] WARN  container.ContainerReportHandler (AbstractContainerReportHandler.java:updateContainerState(145)) - Container #1 is in OPEN state, but the datanode 94363dd8-42f5-429b-bbe3-506d55a6d307{ip: 192.168.69.94, host: dev-testrun-4rklj-35625584, networkLocation: /default-rack, certSerialId: null} reports an CLOSED replica.
2019-10-22 14:26:31,715 [EventQueue-ContainerReportForContainerReportHandler] WARN  container.ContainerReportHandler (AbstractContainerReportHandler.java:updateContainerState(145)) - Container #1 is in OPEN state, but the datanode c61b7886-1b9a-4032-b026-73ad3d840619{ip: 192.168.69.94, host: dev-testrun-4rklj-35625584, networkLocation: /default-rack, certSerialId: null} reports an CLOSED replica.
2019-10-22 14:26:31,915 [EventQueue-ContainerReportForContainerReportHandler] WARN  container.ContainerReportHandler (AbstractContainerReportHandler.java:updateContainerState(145)) - Container #1 is in OPEN state, but the datanode c61b7886-1b9a-4032-b026-73ad3d840619{ip: 192.168.69.94, host: dev-testrun-4rklj-35625584, networkLocation: /default-rack, certSerialId: null} reports an CLOSED replica.
2019-10-22 14:26:31,924 [java.util.concurrent.ThreadPoolExecutor$Worker@3e1fcf78[State = -1, empty queue]] WARN  server.GrpcLogAppender (GrpcLogAppender.java:timeoutAppendRequest(209)) - 94363dd8-42f5-429b-bbe3-506d55a6d307@group-D63FC7E0523A->5e302b21-73c7-4c15-997b-467ec519df17-GrpcLogAppender: appendEntries Timeout, request=94363dd8-42f5-429b-bbe3-506d55a6d307->5e302b21-73c7-4c15-997b-467ec519df17#34-t2, previous=(t:2, i:10), leaderCommit=10, initializing? false, entries: <empty>
2019-10-22 14:26:31,973 [EventQueue-ContainerReportForContainerReportHandler] WARN  container.ContainerReportHandler (AbstractContainerReportHandler.java:updateContainerState(145)) - Container #1 is in OPEN state, but the datanode 94363dd8-42f5-429b-bbe3-506d55a6d307{ip: 192.168.69.94, host: dev-testrun-4rklj-35625584, networkLocation: /default-rack, certSerialId: null} reports an CLOSED replica.
2019-10-22 14:26:32,273 [EventQueue-ContainerReportForContainerReportHandler] WARN  container.ContainerReportHandler (AbstractContainerReportHandler.java:updateContainerState(145)) - Container #1 is in OPEN state, but the datanode 94363dd8-42f5-429b-bbe3-506d55a6d307{ip: 192.168.69.94, host: dev-testrun-4rklj-35625584, networkLocation: /default-rack, certSerialId: null} reports an CLOSED replica.
2019-10-22 14:26:32,315 [EventQueue-ContainerReportForContainerReportHandler] WARN  container.ContainerReportHandler (AbstractContainerReportHandler.java:updateContainerState(145)) - Container #1 is in OPEN state, but the datanode c61b7886-1b9a-4032-b026-73ad3d840619{ip: 192.168.69.94, host: dev-testrun-4rklj-35625584, networkLocation: /default-rack, certSerialId: null} reports an CLOSED replica.
2019-10-22 14:26:32,374 [BlockDeletingService#2] WARN  background.BlockDeletingService (BlockDeletingService.java:isDeletionAllowed(187)) - Close Container log Index 6 is not replicated across allthe servers in the pipeline 7ee4d48e-88bb-4c96-868c-d63fc7e0523a as the min replicated index is 4. Deletion is not allowed in this container yet.
2019-10-22 14:26:32,374 [BlockDeletingService#2] WARN  background.BlockDeletingService (BlockDeletingService.java:isDeletionAllowed(187)) - Close Container log Index 6 is not replicated across allthe servers in the pipeline 7ee4d48e-88bb-4c96-868c-d63fc7e0523a as the min replicated index is 4. Deletion is not allowed in this container yet.
2019-10-22 14:26:32,615 [EventQueue-ContainerReportForContainerReportHandler] WARN  container.ContainerReportHandler (AbstractContainerReportHandler.java:updateContainerState(145)) - Container #1 is in OPEN state, but the datanode c61b7886-1b9a-4032-b026-73ad3d840619{ip: 192.168.69.94, host: dev-testrun-4rklj-35625584, networkLocation: /default-rack, certSerialId: null} reports an CLOSED replica.
2019-10-22 14:26:32,673 [EventQueue-ContainerReportForContainerReportHandler] WARN  container.ContainerReportHandler (AbstractContainerReportHandler.java:updateContainerState(145)) - Container #1 is in OPEN state, but the datanode 94363dd8-42f5-429b-bbe3-506d55a6d307{ip: 192.168.69.94, host: dev-testrun-4rklj-35625584, networkLocation: /default-rack, certSerialId: null} reports an CLOSED replica.
2019-10-22 14:26:32,973 [EventQueue-ContainerReportForContainerReportHandler] WARN  container.ContainerReportHandler (AbstractContainerReportHandler.java:updateContainerState(145)) - Container #1 is in OPEN state, but the datanode 94363dd8-42f5-429b-bbe3-506d55a6d307{ip: 192.168.69.94, host: dev-testrun-4rklj-35625584, networkLocation: /default-rack, certSerialId: null} reports an CLOSED replica.
2019-10-22 14:26:33,018 [EventQueue-ContainerReportForContainerReportHandler] WARN  container.ContainerReportHandler (AbstractContainerReportHandler.java:updateContainerState(145)) - Container #1 is in OPEN state, but the datanode c61b7886-1b9a-4032-b026-73ad3d840619{ip: 192.168.69.94, host: dev-testrun-4rklj-35625584, networkLocation: /default-rack, certSerialId: null} reports an CLOSED replica.
2019-10-22 14:26:33,318 [EventQueue-ContainerReportForContainerReportHandler] WARN  container.ContainerReportHandler (AbstractContainerReportHandler.java:updateContainerState(145)) - Container #1 is in OPEN state, but the datanode c61b7886-1b9a-4032-b026-73ad3d840619{ip: 192.168.69.94, host: dev-testrun-4rklj-35625584, networkLocation: /default-rack, certSerialId: null} reports an CLOSED replica.
2019-10-22 14:26:33,373 [EventQueue-ContainerReportForContainerReportHandler] WARN  container.ContainerReportHandler (AbstractContainerReportHandler.java:updateContainerState(145)) - Container #1 is in OPEN state, but the datanode 94363dd8-42f5-429b-bbe3-506d55a6d307{ip: 192.168.69.94, host: dev-testrun-4rklj-35625584, networkLocation: /default-rack, certSerialId: null} reports an CLOSED replica.
2019-10-22 14:26:33,375 [BlockDeletingService#2] WARN  background.BlockDeletingService (BlockDeletingService.java:isDeletionAllowed(187)) - Close Container log Index 6 is not replicated across allthe servers in the pipeline 7ee4d48e-88bb-4c96-868c-d63fc7e0523a as the min replicated index is 4. Deletion is not allowed in this container yet.
2019-10-22 14:26:33,375 [BlockDeletingService#2] WARN  background.BlockDeletingService (BlockDeletingService.java:isDeletionAllowed(187)) - Close Container log Index 6 is not replicated across allthe servers in the pipeline 7ee4d48e-88bb-4c96-868c-d63fc7e0523a as the min replicated index is 4. Deletion is not allowed in this container yet.
2019-10-22 14:26:33,518 [EventQueue-ContainerReportForContainerReportHandler] WARN  container.ContainerReportHandler (AbstractContainerReportHandler.java:updateContainerState(145)) - Container #1 is in OPEN state, but the datanode c61b7886-1b9a-4032-b026-73ad3d840619{ip: 192.168.69.94, host: dev-testrun-4rklj-35625584, networkLocation: /default-rack, certSerialId: null} reports an CLOSED replica.
2019-10-22 14:26:33,674 [EventQueue-ContainerReportForContainerReportHandler] WARN  container.ContainerReportHandler (AbstractContainerReportHandler.java:updateContainerState(145)) - Container #1 is in OPEN state, but the datanode 94363dd8-42f5-429b-bbe3-506d55a6d307{ip: 192.168.69.94, host: dev-testrun-4rklj-35625584, networkLocation: /default-rack, certSerialId: null} reports an CLOSED replica.
2019-10-22 14:26:33,818 [EventQueue-ContainerReportForContainerReportHandler] WARN  container.ContainerReportHandler (AbstractContainerReportHandler.java:updateContainerState(145)) - Container #1 is in OPEN state, but the datanode c61b7886-1b9a-4032-b026-73ad3d840619{ip: 192.168.69.94, host: dev-testrun-4rklj-35625584, networkLocation: /default-rack, certSerialId: null} reports an CLOSED replica.
2019-10-22 14:26:33,975 [EventQueue-ContainerReportForContainerReportHandler] WARN  container.ContainerReportHandler (AbstractContainerReportHandler.java:updateContainerState(145)) - Container #1 is in OPEN state, but the datanode 94363dd8-42f5-429b-bbe3-506d55a6d307{ip: 192.168.69.94, host: dev-testrun-4rklj-35625584, networkLocation: /default-rack, certSerialId: null} reports an CLOSED replica.
2019-10-22 14:26:34,118 [EventQueue-ContainerReportForContainerReportHandler] WARN  container.ContainerReportHandler (AbstractContainerReportHandler.java:updateContainerState(145)) - Container #1 is in OPEN state, but the datanode c61b7886-1b9a-4032-b026-73ad3d840619{ip: 192.168.69.94, host: dev-testrun-4rklj-35625584, networkLocation: /default-rack, certSerialId: null} reports an CLOSED replica.
2019-10-22 14:26:34,275 [EventQueue-ContainerReportForContainerReportHandler] WARN  container.ContainerReportHandler (AbstractContainerReportHandler.java:updateContainerState(145)) - Container #1 is in OPEN state, but the datanode 94363dd8-42f5-429b-bbe3-506d55a6d307{ip: 192.168.69.94, host: dev-testrun-4rklj-35625584, networkLocation: /default-rack, certSerialId: null} reports an CLOSED replica.
2019-10-22 14:26:34,377 [BlockDeletingService#2] WARN  background.BlockDeletingService (BlockDeletingService.java:isDeletionAllowed(187)) - Close Container log Index 6 is not replicated across allthe servers in the pipeline 7ee4d48e-88bb-4c96-868c-d63fc7e0523a as the min replicated index is 4. Deletion is not allowed in this container yet.
2019-10-22 14:26:34,377 [BlockDeletingService#2] WARN  background.BlockDeletingService (BlockDeletingService.java:isDeletionAllowed(187)) - Close Container log Index 6 is not replicated across allthe servers in the pipeline 7ee4d48e-88bb-4c96-868c-d63fc7e0523a as the min replicated index is 4. Deletion is not allowed in this container yet.
2019-10-22 14:26:34,424 [java.util.concurrent.ThreadPoolExecutor$Worker@3e1fcf78[State = -1, empty queue]] WARN  server.GrpcLogAppender (GrpcLogAppender.java:timeoutAppendRequest(209)) - 94363dd8-42f5-429b-bbe3-506d55a6d307@group-D63FC7E0523A->5e302b21-73c7-4c15-997b-467ec519df17-GrpcLogAppender: appendEntries Timeout, request=94363dd8-42f5-429b-bbe3-506d55a6d307->5e302b21-73c7-4c15-997b-467ec519df17#35-t2, previous=(t:2, i:10), leaderCommit=10, initializing? false, entries: <empty>
2019-10-22 14:26:34,518 [EventQueue-ContainerReportForContainerReportHandler] WARN  container.ContainerReportHandler (AbstractContainerReportHandler.java:updateContainerState(145)) - Container #1 is in OPEN state, but the datanode c61b7886-1b9a-4032-b026-73ad3d840619{ip: 192.168.69.94, host: dev-testrun-4rklj-35625584, networkLocation: /default-rack, certSerialId: null} reports an CLOSED replica.
2019-10-22 14:26:34,575 [EventQueue-ContainerReportForContainerReportHandler] WARN  container.ContainerReportHandler (AbstractContainerReportHandler.java:updateContainerState(145)) - Container #1 is in OPEN state, but the datanode 94363dd8-42f5-429b-bbe3-506d55a6d307{ip: 192.168.69.94, host: dev-testrun-4rklj-35625584, networkLocation: /default-rack, certSerialId: null} reports an CLOSED replica.
2019-10-22 14:26:34,818 [EventQueue-ContainerReportForContainerReportHandler] WARN  container.ContainerReportHandler (AbstractContainerReportHandler.java:updateContainerState(145)) - Container #1 is in OPEN state, but the datanode c61b7886-1b9a-4032-b026-73ad3d840619{ip: 192.168.69.94, host: dev-testrun-4rklj-35625584, networkLocation: /default-rack, certSerialId: null} reports an CLOSED replica.
2019-10-22 14:26:34,877 [EventQueue-ContainerReportForContainerReportHandler] WARN  container.ContainerReportHandler (AbstractContainerReportHandler.java:updateContainerState(145)) - Container #1 is in OPEN state, but the datanode 94363dd8-42f5-429b-bbe3-506d55a6d307{ip: 192.168.69.94, host: dev-testrun-4rklj-35625584, networkLocation: /default-rack, certSerialId: null} reports an CLOSED replica.
2019-10-22 14:26:35,218 [EventQueue-ContainerReportForContainerReportHandler] WARN  container.ContainerReportHandler (AbstractContainerReportHandler.java:updateContainerState(145)) - Container #1 is in OPEN state, but the datanode c61b7886-1b9a-4032-b026-73ad3d840619{ip: 192.168.69.94, host: dev-testrun-4rklj-35625584, networkLocation: /default-rack, certSerialId: null} reports an CLOSED replica.
2019-10-22 14:26:35,279 [EventQueue-ContainerReportForContainerReportHandler] WARN  container.ContainerReportHandler (AbstractContainerReportHandler.java:updateContainerState(145)) - Container #1 is in OPEN state, but the datanode 94363dd8-42f5-429b-bbe3-506d55a6d307{ip: 192.168.69.94, host: dev-testrun-4rklj-35625584, networkLocation: /default-rack, certSerialId: null} reports an CLOSED replica.
2019-10-22 14:26:35,379 [BlockDeletingService#2] WARN  background.BlockDeletingService (BlockDeletingService.java:isDeletionAllowed(187)) - Close Container log Index 6 is not replicated across allthe servers in the pipeline 7ee4d48e-88bb-4c96-868c-d63fc7e0523a as the min replicated index is 4. Deletion is not allowed in this container yet.
2019-10-22 14:26:35,379 [BlockDeletingService#2] WARN  background.BlockDeletingService (BlockDeletingService.java:isDeletionAllowed(187)) - Close Container log Index 6 is not replicated across allthe servers in the pipeline 7ee4d48e-88bb-4c96-868c-d63fc7e0523a as the min replicated index is 4. Deletion is not allowed in this container yet.
2019-10-22 14:26:35,418 [EventQueue-ContainerReportForContainerReportHandler] WARN  container.ContainerReportHandler (AbstractContainerReportHandler.java:updateContainerState(145)) - Container #1 is in OPEN state, but the datanode c61b7886-1b9a-4032-b026-73ad3d840619{ip: 192.168.69.94, host: dev-testrun-4rklj-35625584, networkLocation: /default-rack, certSerialId: null} reports an CLOSED replica.
2019-10-22 14:26:35,580 [EventQueue-ContainerReportForContainerReportHandler] WARN  container.ContainerReportHandler (AbstractContainerReportHandler.java:updateContainerState(145)) - Container #1 is in OPEN state, but the datanode 94363dd8-42f5-429b-bbe3-506d55a6d307{ip: 192.168.69.94, host: dev-testrun-4rklj-35625584, networkLocation: /default-rack, certSerialId: null} reports an CLOSED replica.
2019-10-22 14:26:35,718 [EventQueue-ContainerReportForContainerReportHandler] WARN  container.ContainerReportHandler (AbstractContainerReportHandler.java:updateContainerState(145)) - Container #1 is in OPEN state, but the datanode c61b7886-1b9a-4032-b026-73ad3d840619{ip: 192.168.69.94, host: dev-testrun-4rklj-35625584, networkLocation: /default-rack, certSerialId: null} reports an CLOSED replica.
2019-10-22 14:26:35,882 [EventQueue-ContainerReportForContainerReportHandler] WARN  container.ContainerReportHandler (AbstractContainerReportHandler.java:updateContainerState(145)) - Container #1 is in OPEN state, but the datanode 94363dd8-42f5-429b-bbe3-506d55a6d307{ip: 192.168.69.94, host: dev-testrun-4rklj-35625584, networkLocation: /default-rack, certSerialId: null} reports an CLOSED replica.
2019-10-22 14:26:35,884 [Thread-439] INFO  client.GrpcClientProtocolService (GrpcClientProtocolService.java:lambda$processClientRequest$0(279)) - Failed RaftClientRequest:client-458A7D8FFED2->94363dd8-42f5-429b-bbe3-506d55a6d307@group-D63FC7E0523A, cid=10, seq=0, Watch-ALL_COMMITTED(6), Message:<EMPTY>, reply=RaftClientReply:client-458A7D8FFED2->94363dd8-42f5-429b-bbe3-506d55a6d307@group-D63FC7E0523A, cid=10, FAILED org.apache.ratis.protocol.NotReplicatedException: Request with call Id 10 and log index 6 is not yet replicated to ALL_COMMITTED, logIndex=6, commits[94363dd8-42f5-429b-bbe3-506d55a6d307:c10, c61b7886-1b9a-4032-b026-73ad3d840619:c10, 5e302b21-73c7-4c15-997b-467ec519df17:c4]
2019-10-22 14:26:36,018 [EventQueue-ContainerReportForContainerReportHandler] WARN  container.ContainerReportHandler (AbstractContainerReportHandler.java:updateContainerState(145)) - Container #1 is in OPEN state, but the datanode c61b7886-1b9a-4032-b026-73ad3d840619{ip: 192.168.69.94, host: dev-testrun-4rklj-35625584, networkLocation: /default-rack, certSerialId: null} reports an CLOSED replica.
2019-10-22 14:26:36,082 [EventQueue-ContainerReportForContainerReportHandler] WARN  container.ContainerReportHandler (AbstractContainerReportHandler.java:updateContainerState(145)) - Container #1 is in OPEN state, but the datanode 94363dd8-42f5-429b-bbe3-506d55a6d307{ip: 192.168.69.94, host: dev-testrun-4rklj-35625584, networkLocation: /default-rack, certSerialId: null} reports an CLOSED replica.
2019-10-22 14:26:36,318 [EventQueue-ContainerReportForContainerReportHandler] WARN  container.ContainerReportHandler (AbstractContainerReportHandler.java:updateContainerState(145)) - Container #1 is in OPEN state, but the datanode c61b7886-1b9a-4032-b026-73ad3d840619{ip: 192.168.69.94, host: dev-testrun-4rklj-35625584, networkLocation: /default-rack, certSerialId: null} reports an CLOSED replica.
2019-10-22 14:26:36,380 [BlockDeletingService#2] WARN  background.BlockDeletingService (BlockDeletingService.java:isDeletionAllowed(187)) - Close Container log Index 6 is not replicated across allthe servers in the pipeline 7ee4d48e-88bb-4c96-868c-d63fc7e0523a as the min replicated index is 4. Deletion is not allowed in this container yet.
2019-10-22 14:26:36,385 [BlockDeletingService#2] WARN  background.BlockDeletingService (BlockDeletingService.java:isDeletionAllowed(187)) - Close Container log Index 6 is not replicated across allthe servers in the pipeline 7ee4d48e-88bb-4c96-868c-d63fc7e0523a as the min replicated index is 4. Deletion is not allowed in this container yet.
2019-10-22 14:26:36,386 [EventQueue-ContainerReportForContainerReportHandler] WARN  container.ContainerReportHandler (AbstractContainerReportHandler.java:updateContainerState(145)) - Container #1 is in OPEN state, but the datanode 94363dd8-42f5-429b-bbe3-506d55a6d307{ip: 192.168.69.94, host: dev-testrun-4rklj-35625584, networkLocation: /default-rack, certSerialId: null} reports an CLOSED replica.
2019-10-22 14:26:36,587 [EventQueue-ContainerReportForContainerReportHandler] WARN  container.ContainerReportHandler (AbstractContainerReportHandler.java:updateContainerState(145)) - Container #1 is in OPEN state, but the datanode 94363dd8-42f5-429b-bbe3-506d55a6d307{ip: 192.168.69.94, host: dev-testrun-4rklj-35625584, networkLocation: /default-rack, certSerialId: null} reports an CLOSED replica.
2019-10-22 14:26:36,718 [EventQueue-ContainerReportForContainerReportHandler] WARN  container.ContainerReportHandler (AbstractContainerReportHandler.java:updateContainerState(145)) - Container #1 is in OPEN state, but the datanode c61b7886-1b9a-4032-b026-73ad3d840619{ip: 192.168.69.94, host: dev-testrun-4rklj-35625584, networkLocation: /default-rack, certSerialId: null} reports an CLOSED replica.
2019-10-22 14:26:36,887 [EventQueue-ContainerReportForContainerReportHandler] WARN  container.ContainerReportHandler (AbstractContainerReportHandler.java:updateContainerState(145)) - Container #1 is in OPEN state, but the datanode 94363dd8-42f5-429b-bbe3-506d55a6d307{ip: 192.168.69.94, host: dev-testrun-4rklj-35625584, networkLocation: /default-rack, certSerialId: null} reports an CLOSED replica.
2019-10-22 14:26:36,925 [java.util.concurrent.ThreadPoolExecutor$Worker@3e1fcf78[State = -1, empty queue]] WARN  server.GrpcLogAppender (GrpcLogAppender.java:timeoutAppendRequest(209)) - 94363dd8-42f5-429b-bbe3-506d55a6d307@group-D63FC7E0523A->5e302b21-73c7-4c15-997b-467ec519df17-GrpcLogAppender: appendEntries Timeout, request=94363dd8-42f5-429b-bbe3-506d55a6d307->5e302b21-73c7-4c15-997b-467ec519df17#36-t2, previous=(t:2, i:10), leaderCommit=10, initializing? false, entries: <empty>
2019-10-22 14:26:37,018 [EventQueue-ContainerReportForContainerReportHandler] WARN  container.ContainerReportHandler (AbstractContainerReportHandler.java:updateContainerState(145)) - Container #1 is in OPEN state, but the datanode c61b7886-1b9a-4032-b026-73ad3d840619{ip: 192.168.69.94, host: dev-testrun-4rklj-35625584, networkLocation: /default-rack, certSerialId: null} reports an CLOSED replica.
2019-10-22 14:26:37,287 [EventQueue-ContainerReportForContainerReportHandler] WARN  container.ContainerReportHandler (AbstractContainerReportHandler.java:updateContainerState(145)) - Container #1 is in OPEN state, but the datanode 94363dd8-42f5-429b-bbe3-506d55a6d307{ip: 192.168.69.94, host: dev-testrun-4rklj-35625584, networkLocation: /default-rack, certSerialId: null} reports an CLOSED replica.
2019-10-22 14:26:37,387 [BlockDeletingService#2] WARN  background.BlockDeletingService (BlockDeletingService.java:isDeletionAllowed(187)) - Close Container log Index 6 is not replicated across allthe servers in the pipeline 7ee4d48e-88bb-4c96-868c-d63fc7e0523a as the min replicated index is 4. Deletion is not allowed in this container yet.
2019-10-22 14:26:37,388 [BlockDeletingService#2] WARN  background.BlockDeletingService (BlockDeletingService.java:isDeletionAllowed(187)) - Close Container log Index 6 is not replicated across allthe servers in the pipeline 7ee4d48e-88bb-4c96-868c-d63fc7e0523a as the min replicated index is 4. Deletion is not allowed in this container yet.
2019-10-22 14:26:37,419 [EventQueue-ContainerReportForContainerReportHandler] WARN  container.ContainerReportHandler (AbstractContainerReportHandler.java:updateContainerState(145)) - Container #1 is in OPEN state, but the datanode c61b7886-1b9a-4032-b026-73ad3d840619{ip: 192.168.69.94, host: dev-testrun-4rklj-35625584, networkLocation: /default-rack, certSerialId: null} reports an CLOSED replica.
2019-10-22 14:26:37,689 [EventQueue-ContainerReportForContainerReportHandler] WARN  container.ContainerReportHandler (AbstractContainerReportHandler.java:updateContainerState(145)) - Container #1 is in OPEN state, but the datanode 94363dd8-42f5-429b-bbe3-506d55a6d307{ip: 192.168.69.94, host: dev-testrun-4rklj-35625584, networkLocation: /default-rack, certSerialId: null} reports an CLOSED replica.
2019-10-22 14:26:37,720 [EventQueue-ContainerReportForContainerReportHandler] WARN  container.ContainerReportHandler (AbstractContainerReportHandler.java:updateContainerState(145)) - Container #1 is in OPEN state, but the datanode c61b7886-1b9a-4032-b026-73ad3d840619{ip: 192.168.69.94, host: dev-testrun-4rklj-35625584, networkLocation: /default-rack, certSerialId: null} reports an CLOSED replica.
2019-10-22 14:26:37,989 [EventQueue-ContainerReportForContainerReportHandler] WARN  container.ContainerReportHandler (AbstractContainerReportHandler.java:updateContainerState(145)) - Container #1 is in OPEN state, but the datanode 94363dd8-42f5-429b-bbe3-506d55a6d307{ip: 192.168.69.94, host: dev-testrun-4rklj-35625584, networkLocation: /default-rack, certSerialId: null} reports an CLOSED replica.
2019-10-22 14:26:38,120 [EventQueue-ContainerReportForContainerReportHandler] WARN  container.ContainerReportHandler (AbstractContainerReportHandler.java:updateContainerState(145)) - Container #1 is in OPEN state, but the datanode c61b7886-1b9a-4032-b026-73ad3d840619{ip: 192.168.69.94, host: dev-testrun-4rklj-35625584, networkLocation: /default-rack, certSerialId: null} reports an CLOSED replica.
2019-10-22 14:26:38,189 [EventQueue-ContainerReportForContainerReportHandler] WARN  container.ContainerReportHandler (AbstractContainerReportHandler.java:updateContainerState(145)) - Container #1 is in OPEN state, but the datanode 94363dd8-42f5-429b-bbe3-506d55a6d307{ip: 192.168.69.94, host: dev-testrun-4rklj-35625584, networkLocation: /default-rack, certSerialId: null} reports an CLOSED replica.
2019-10-22 14:26:38,390 [BlockDeletingService#2] WARN  background.BlockDeletingService (BlockDeletingService.java:isDeletionAllowed(187)) - Close Container log Index 6 is not replicated across allthe servers in the pipeline 7ee4d48e-88bb-4c96-868c-d63fc7e0523a as the min replicated index is 4. Deletion is not allowed in this container yet.
2019-10-22 14:26:38,390 [BlockDeletingService#2] WARN  background.BlockDeletingService (BlockDeletingService.java:isDeletionAllowed(187)) - Close Container log Index 6 is not replicated across allthe servers in the pipeline 7ee4d48e-88bb-4c96-868c-d63fc7e0523a as the min replicated index is 4. Deletion is not allowed in this container yet.
2019-10-22 14:26:38,420 [EventQueue-ContainerReportForContainerReportHandler] WARN  container.ContainerReportHandler (AbstractContainerReportHandler.java:updateContainerState(145)) - Container #1 is in OPEN state, but the datanode c61b7886-1b9a-4032-b026-73ad3d840619{ip: 192.168.69.94, host: dev-testrun-4rklj-35625584, networkLocation: /default-rack, certSerialId: null} reports an CLOSED replica.
2019-10-22 14:26:38,589 [EventQueue-ContainerReportForContainerReportHandler] WARN  container.ContainerReportHandler (AbstractContainerReportHandler.java:updateContainerState(145)) - Container #1 is in OPEN state, but the datanode 94363dd8-42f5-429b-bbe3-506d55a6d307{ip: 192.168.69.94, host: dev-testrun-4rklj-35625584, networkLocation: /default-rack, certSerialId: null} reports an CLOSED replica.
2019-10-22 14:26:38,720 [EventQueue-ContainerReportForContainerReportHandler] WARN  container.ContainerReportHandler (AbstractContainerReportHandler.java:updateContainerState(145)) - Container #1 is in OPEN state, but the datanode c61b7886-1b9a-4032-b026-73ad3d840619{ip: 192.168.69.94, host: dev-testrun-4rklj-35625584, networkLocation: /default-rack, certSerialId: null} reports an CLOSED replica.
2019-10-22 14:26:38,892 [EventQueue-ContainerReportForContainerReportHandler] WARN  container.ContainerReportHandler (AbstractContainerReportHandler.java:updateContainerState(145)) - Container #1 is in OPEN state, but the datanode 94363dd8-42f5-429b-bbe3-506d55a6d307{ip: 192.168.69.94, host: dev-testrun-4rklj-35625584, networkLocation: /default-rack, certSerialId: null} reports an CLOSED replica.
2019-10-22 14:26:39,020 [EventQueue-ContainerReportForContainerReportHandler] WARN  container.ContainerReportHandler (AbstractContainerReportHandler.java:updateContainerState(145)) - Container #1 is in OPEN state, but the datanode c61b7886-1b9a-4032-b026-73ad3d840619{ip: 192.168.69.94, host: dev-testrun-4rklj-35625584, networkLocation: /default-rack, certSerialId: null} reports an CLOSED replica.
2019-10-22 14:26:39,192 [EventQueue-ContainerReportForContainerReportHandler] WARN  container.ContainerReportHandler (AbstractContainerReportHandler.java:updateContainerState(145)) - Container #1 is in OPEN state, but the datanode 94363dd8-42f5-429b-bbe3-506d55a6d307{ip: 192.168.69.94, host: dev-testrun-4rklj-35625584, networkLocation: /default-rack, certSerialId: null} reports an CLOSED replica.
2019-10-22 14:26:39,320 [EventQueue-ContainerReportForContainerReportHandler] WARN  container.ContainerReportHandler (AbstractContainerReportHandler.java:updateContainerState(145)) - Container #1 is in OPEN state, but the datanode c61b7886-1b9a-4032-b026-73ad3d840619{ip: 192.168.69.94, host: dev-testrun-4rklj-35625584, networkLocation: /default-rack, certSerialId: null} reports an CLOSED replica.
2019-10-22 14:26:39,392 [BlockDeletingService#2] WARN  background.BlockDeletingService (BlockDeletingService.java:isDeletionAllowed(187)) - Close Container log Index 6 is not replicated across allthe servers in the pipeline 7ee4d48e-88bb-4c96-868c-d63fc7e0523a as the min replicated index is 4. Deletion is not allowed in this container yet.
2019-10-22 14:26:39,392 [BlockDeletingService#2] WARN  background.BlockDeletingService (BlockDeletingService.java:isDeletionAllowed(187)) - Close Container log Index 6 is not replicated across allthe servers in the pipeline 7ee4d48e-88bb-4c96-868c-d63fc7e0523a as the min replicated index is 4. Deletion is not allowed in this container yet.
2019-10-22 14:26:39,426 [java.util.concurrent.ThreadPoolExecutor$Worker@3e1fcf78[State = -1, empty queue]] WARN  server.GrpcLogAppender (GrpcLogAppender.java:timeoutAppendRequest(209)) - 94363dd8-42f5-429b-bbe3-506d55a6d307@group-D63FC7E0523A->5e302b21-73c7-4c15-997b-467ec519df17-GrpcLogAppender: appendEntries Timeout, request=94363dd8-42f5-429b-bbe3-506d55a6d307->5e302b21-73c7-4c15-997b-467ec519df17#37-t2, previous=(t:2, i:10), leaderCommit=10, initializing? false, entries: <empty>
2019-10-22 14:26:39,592 [EventQueue-ContainerReportForContainerReportHandler] WARN  container.ContainerReportHandler (AbstractContainerReportHandler.java:updateContainerState(145)) - Container #1 is in OPEN state, but the datanode 94363dd8-42f5-429b-bbe3-506d55a6d307{ip: 192.168.69.94, host: dev-testrun-4rklj-35625584, networkLocation: /default-rack, certSerialId: null} reports an CLOSED replica.
2019-10-22 14:26:39,620 [EventQueue-ContainerReportForContainerReportHandler] WARN  container.ContainerReportHandler (AbstractContainerReportHandler.java:updateContainerState(145)) - Container #1 is in OPEN state, but the datanode c61b7886-1b9a-4032-b026-73ad3d840619{ip: 192.168.69.94, host: dev-testrun-4rklj-35625584, networkLocation: /default-rack, certSerialId: null} reports an CLOSED replica.
2019-10-22 14:26:39,792 [EventQueue-ContainerReportForContainerReportHandler] WARN  container.ContainerReportHandler (AbstractContainerReportHandler.java:updateContainerState(145)) - Container #1 is in OPEN state, but the datanode 94363dd8-42f5-429b-bbe3-506d55a6d307{ip: 192.168.69.94, host: dev-testrun-4rklj-35625584, networkLocation: /default-rack, certSerialId: null} reports an CLOSED replica.
2019-10-22 14:26:39,920 [EventQueue-ContainerReportForContainerReportHandler] WARN  container.ContainerReportHandler (AbstractContainerReportHandler.java:updateContainerState(145)) - Container #1 is in OPEN state, but the datanode c61b7886-1b9a-4032-b026-73ad3d840619{ip: 192.168.69.94, host: dev-testrun-4rklj-35625584, networkLocation: /default-rack, certSerialId: null} reports an CLOSED replica.
2019-10-22 14:26:40,092 [EventQueue-ContainerReportForContainerReportHandler] WARN  container.ContainerReportHandler (AbstractContainerReportHandler.java:updateContainerState(145)) - Container #1 is in OPEN state, but the datanode 94363dd8-42f5-429b-bbe3-506d55a6d307{ip: 192.168.69.94, host: dev-testrun-4rklj-35625584, networkLocation: /default-rack, certSerialId: null} reports an CLOSED replica.
2019-10-22 14:26:40,292 [EventQueue-ContainerReportForContainerReportHandler] WARN  container.ContainerReportHandler (AbstractContainerReportHandler.java:updateContainerState(145)) - Container #1 is in OPEN state, but the datanode 94363dd8-42f5-429b-bbe3-506d55a6d307{ip: 192.168.69.94, host: dev-testrun-4rklj-35625584, networkLocation: /default-rack, certSerialId: null} reports an CLOSED replica.
2019-10-22 14:26:40,320 [EventQueue-ContainerReportForContainerReportHandler] WARN  container.ContainerReportHandler (AbstractContainerReportHandler.java:updateContainerState(145)) - Container #1 is in OPEN state, but the datanode c61b7886-1b9a-4032-b026-73ad3d840619{ip: 192.168.69.94, host: dev-testrun-4rklj-35625584, networkLocation: /default-rack, certSerialId: null} reports an CLOSED replica.
2019-10-22 14:26:40,394 [BlockDeletingService#2] WARN  background.BlockDeletingService (BlockDeletingService.java:isDeletionAllowed(187)) - Close Container log Index 6 is not replicated across allthe servers in the pipeline 7ee4d48e-88bb-4c96-868c-d63fc7e0523a as the min replicated index is 4. Deletion is not allowed in this container yet.
2019-10-22 14:26:40,394 [BlockDeletingService#2] WARN  background.BlockDeletingService (BlockDeletingService.java:isDeletionAllowed(187)) - Close Container log Index 6 is not replicated across allthe servers in the pipeline 7ee4d48e-88bb-4c96-868c-d63fc7e0523a as the min replicated index is 4. Deletion is not allowed in this container yet.
2019-10-22 14:26:40,493 [EventQueue-ContainerReportForContainerReportHandler] WARN  container.ContainerReportHandler (AbstractContainerReportHandler.java:updateContainerState(145)) - Container #1 is in OPEN state, but the datanode 94363dd8-42f5-429b-bbe3-506d55a6d307{ip: 192.168.69.94, host: dev-testrun-4rklj-35625584, networkLocation: /default-rack, certSerialId: null} reports an CLOSED replica.
2019-10-22 14:26:40,621 [EventQueue-ContainerReportForContainerReportHandler] WARN  container.ContainerReportHandler (AbstractContainerReportHandler.java:updateContainerState(145)) - Container #1 is in OPEN state, but the datanode c61b7886-1b9a-4032-b026-73ad3d840619{ip: 192.168.69.94, host: dev-testrun-4rklj-35625584, networkLocation: /default-rack, certSerialId: null} reports an CLOSED replica.
2019-10-22 14:26:40,893 [EventQueue-ContainerReportForContainerReportHandler] WARN  container.ContainerReportHandler (AbstractContainerReportHandler.java:updateContainerState(145)) - Container #1 is in OPEN state, but the datanode 94363dd8-42f5-429b-bbe3-506d55a6d307{ip: 192.168.69.94, host: dev-testrun-4rklj-35625584, networkLocation: /default-rack, certSerialId: null} reports an CLOSED replica.
2019-10-22 14:26:41,026 [EventQueue-ContainerReportForContainerReportHandler] WARN  container.ContainerReportHandler (AbstractContainerReportHandler.java:updateContainerState(145)) - Container #1 is in OPEN state, but the datanode c61b7886-1b9a-4032-b026-73ad3d840619{ip: 192.168.69.94, host: dev-testrun-4rklj-35625584, networkLocation: /default-rack, certSerialId: null} reports an CLOSED replica.
2019-10-22 14:26:41,195 [EventQueue-ContainerReportForContainerReportHandler] WARN  container.ContainerReportHandler (AbstractContainerReportHandler.java:updateContainerState(145)) - Container #1 is in OPEN state, but the datanode 94363dd8-42f5-429b-bbe3-506d55a6d307{ip: 192.168.69.94, host: dev-testrun-4rklj-35625584, networkLocation: /default-rack, certSerialId: null} reports an CLOSED replica.
2019-10-22 14:26:41,324 [EventQueue-ContainerReportForContainerReportHandler] WARN  container.ContainerReportHandler (AbstractContainerReportHandler.java:updateContainerState(145)) - Container #1 is in OPEN state, but the datanode c61b7886-1b9a-4032-b026-73ad3d840619{ip: 192.168.69.94, host: dev-testrun-4rklj-35625584, networkLocation: /default-rack, certSerialId: null} reports an CLOSED replica.
2019-10-22 14:26:41,396 [BlockDeletingService#2] WARN  background.BlockDeletingService (BlockDeletingService.java:isDeletionAllowed(187)) - Close Container log Index 6 is not replicated across allthe servers in the pipeline 7ee4d48e-88bb-4c96-868c-d63fc7e0523a as the min replicated index is 4. Deletion is not allowed in this container yet.
2019-10-22 14:26:41,396 [BlockDeletingService#2] WARN  background.BlockDeletingService (BlockDeletingService.java:isDeletionAllowed(187)) - Close Container log Index 6 is not replicated across allthe servers in the pipeline 7ee4d48e-88bb-4c96-868c-d63fc7e0523a as the min replicated index is 4. Deletion is not allowed in this container yet.
2019-10-22 14:26:41,495 [EventQueue-ContainerReportForContainerReportHandler] WARN  container.ContainerReportHandler (AbstractContainerReportHandler.java:updateContainerState(145)) - Container #1 is in OPEN state, but the datanode 94363dd8-42f5-429b-bbe3-506d55a6d307{ip: 192.168.69.94, host: dev-testrun-4rklj-35625584, networkLocation: /default-rack, certSerialId: null} reports an CLOSED replica.
2019-10-22 14:26:41,723 [EventQueue-ContainerReportForContainerReportHandler] WARN  container.ContainerReportHandler (AbstractContainerReportHandler.java:updateContainerState(145)) - Container #1 is in OPEN state, but the datanode c61b7886-1b9a-4032-b026-73ad3d840619{ip: 192.168.69.94, host: dev-testrun-4rklj-35625584, networkLocation: /default-rack, certSerialId: null} reports an CLOSED replica.
2019-10-22 14:26:41,898 [EventQueue-ContainerReportForContainerReportHandler] WARN  container.ContainerReportHandler (AbstractContainerReportHandler.java:updateContainerState(145)) - Container #1 is in OPEN state, but the datanode 94363dd8-42f5-429b-bbe3-506d55a6d307{ip: 192.168.69.94, host: dev-testrun-4rklj-35625584, networkLocation: /default-rack, certSerialId: null} reports an CLOSED replica.
2019-10-22 14:26:41,923 [EventQueue-ContainerReportForContainerReportHandler] WARN  container.ContainerReportHandler (AbstractContainerReportHandler.java:updateContainerState(145)) - Container #1 is in OPEN state, but the datanode c61b7886-1b9a-4032-b026-73ad3d840619{ip: 192.168.69.94, host: dev-testrun-4rklj-35625584, networkLocation: /default-rack, certSerialId: null} reports an CLOSED replica.
2019-10-22 14:26:41,928 [java.util.concurrent.ThreadPoolExecutor$Worker@3e1fcf78[State = -1, empty queue]] WARN  server.GrpcLogAppender (GrpcLogAppender.java:timeoutAppendRequest(209)) - 94363dd8-42f5-429b-bbe3-506d55a6d307@group-D63FC7E0523A->5e302b21-73c7-4c15-997b-467ec519df17-GrpcLogAppender: appendEntries Timeout, request=94363dd8-42f5-429b-bbe3-506d55a6d307->5e302b21-73c7-4c15-997b-467ec519df17#38-t2, previous=(t:2, i:10), leaderCommit=10, initializing? false, entries: <empty>
2019-10-22 14:26:42,125 [EventQueue-ContainerReportForContainerReportHandler] WARN  container.ContainerReportHandler (AbstractContainerReportHandler.java:updateContainerState(145)) - Container #1 is in OPEN state, but the datanode c61b7886-1b9a-4032-b026-73ad3d840619{ip: 192.168.69.94, host: dev-testrun-4rklj-35625584, networkLocation: /default-rack, certSerialId: null} reports an CLOSED replica.
2019-10-22 14:26:42,295 [EventQueue-ContainerReportForContainerReportHandler] WARN  container.ContainerReportHandler (AbstractContainerReportHandler.java:updateContainerState(145)) - Container #1 is in OPEN state, but the datanode 94363dd8-42f5-429b-bbe3-506d55a6d307{ip: 192.168.69.94, host: dev-testrun-4rklj-35625584, networkLocation: /default-rack, certSerialId: null} reports an CLOSED replica.
2019-10-22 14:26:42,399 [BlockDeletingService#2] WARN  background.BlockDeletingService (BlockDeletingService.java:isDeletionAllowed(187)) - Close Container log Index 6 is not replicated across allthe servers in the pipeline 7ee4d48e-88bb-4c96-868c-d63fc7e0523a as the min replicated index is 4. Deletion is not allowed in this container yet.
2019-10-22 14:26:42,399 [BlockDeletingService#2] WARN  background.BlockDeletingService (BlockDeletingService.java:isDeletionAllowed(187)) - Close Container log Index 6 is not replicated across allthe servers in the pipeline 7ee4d48e-88bb-4c96-868c-d63fc7e0523a as the min replicated index is 4. Deletion is not allowed in this container yet.
2019-10-22 14:26:42,423 [EventQueue-ContainerReportForContainerReportHandler] WARN  container.ContainerReportHandler (AbstractContainerReportHandler.java:updateContainerState(145)) - Container #1 is in OPEN state, but the datanode c61b7886-1b9a-4032-b026-73ad3d840619{ip: 192.168.69.94, host: dev-testrun-4rklj-35625584, networkLocation: /default-rack, certSerialId: null} reports an CLOSED replica.
2019-10-22 14:26:42,595 [EventQueue-ContainerReportForContainerReportHandler] WARN  container.ContainerReportHandler (AbstractContainerReportHandler.java:updateContainerState(145)) - Container #1 is in OPEN state, but the datanode 94363dd8-42f5-429b-bbe3-506d55a6d307{ip: 192.168.69.94, host: dev-testrun-4rklj-35625584, networkLocation: /default-rack, certSerialId: null} reports an CLOSED replica.
2019-10-22 14:26:42,723 [EventQueue-ContainerReportForContainerReportHandler] WARN  container.ContainerReportHandler (AbstractContainerReportHandler.java:updateContainerState(145)) - Container #1 is in OPEN state, but the datanode c61b7886-1b9a-4032-b026-73ad3d840619{ip: 192.168.69.94, host: dev-testrun-4rklj-35625584, networkLocation: /default-rack, certSerialId: null} reports an CLOSED replica.
2019-10-22 14:26:42,795 [EventQueue-ContainerReportForContainerReportHandler] WARN  container.ContainerReportHandler (AbstractContainerReportHandler.java:updateContainerState(145)) - Container #1 is in OPEN state, but the datanode 94363dd8-42f5-429b-bbe3-506d55a6d307{ip: 192.168.69.94, host: dev-testrun-4rklj-35625584, networkLocation: /default-rack, certSerialId: null} reports an CLOSED replica.
2019-10-22 14:26:43,023 [EventQueue-ContainerReportForContainerReportHandler] WARN  container.ContainerReportHandler (AbstractContainerReportHandler.java:updateContainerState(145)) - Container #1 is in OPEN state, but the datanode c61b7886-1b9a-4032-b026-73ad3d840619{ip: 192.168.69.94, host: dev-testrun-4rklj-35625584, networkLocation: /default-rack, certSerialId: null} reports an CLOSED replica.
2019-10-22 14:26:43,095 [EventQueue-ContainerReportForContainerReportHandler] WARN  container.ContainerReportHandler (AbstractContainerReportHandler.java:updateContainerState(145)) - Container #1 is in OPEN state, but the datanode 94363dd8-42f5-429b-bbe3-506d55a6d307{ip: 192.168.69.94, host: dev-testrun-4rklj-35625584, networkLocation: /default-rack, certSerialId: null} reports an CLOSED replica.
2019-10-22 14:26:43,225 [EventQueue-ContainerReportForContainerReportHandler] WARN  container.ContainerReportHandler (AbstractContainerReportHandler.java:updateContainerState(145)) - Container #1 is in OPEN state, but the datanode c61b7886-1b9a-4032-b026-73ad3d840619{ip: 192.168.69.94, host: dev-testrun-4rklj-35625584, networkLocation: /default-rack, certSerialId: null} reports an CLOSED replica.
2019-10-22 14:26:43,396 [EventQueue-ContainerReportForContainerReportHandler] WARN  container.ContainerReportHandler (AbstractContainerReportHandler.java:updateContainerState(145)) - Container #1 is in OPEN state, but the datanode 94363dd8-42f5-429b-bbe3-506d55a6d307{ip: 192.168.69.94, host: dev-testrun-4rklj-35625584, networkLocation: /default-rack, certSerialId: null} reports an CLOSED replica.
2019-10-22 14:26:43,401 [BlockDeletingService#2] WARN  background.BlockDeletingService (BlockDeletingService.java:isDeletionAllowed(187)) - Close Container log Index 6 is not replicated across allthe servers in the pipeline 7ee4d48e-88bb-4c96-868c-d63fc7e0523a as the min replicated index is 4. Deletion is not allowed in this container yet.
2019-10-22 14:26:43,401 [BlockDeletingService#2] WARN  background.BlockDeletingService (BlockDeletingService.java:isDeletionAllowed(187)) - Close Container log Index 6 is not replicated across allthe servers in the pipeline 7ee4d48e-88bb-4c96-868c-d63fc7e0523a as the min replicated index is 4. Deletion is not allowed in this container yet.
2019-10-22 14:26:43,626 [EventQueue-ContainerReportForContainerReportHandler] WARN  container.ContainerReportHandler (AbstractContainerReportHandler.java:updateContainerState(145)) - Container #1 is in OPEN state, but the datanode c61b7886-1b9a-4032-b026-73ad3d840619{ip: 192.168.69.94, host: dev-testrun-4rklj-35625584, networkLocation: /default-rack, certSerialId: null} reports an CLOSED replica.
2019-10-22 14:26:43,697 [EventQueue-ContainerReportForContainerReportHandler] WARN  container.ContainerReportHandler (AbstractContainerReportHandler.java:updateContainerState(145)) - Container #1 is in OPEN state, but the datanode 94363dd8-42f5-429b-bbe3-506d55a6d307{ip: 192.168.69.94, host: dev-testrun-4rklj-35625584, networkLocation: /default-rack, certSerialId: null} reports an CLOSED replica.
2019-10-22 14:26:43,826 [EventQueue-ContainerReportForContainerReportHandler] WARN  container.ContainerReportHandler (AbstractContainerReportHandler.java:updateContainerState(145)) - Container #1 is in OPEN state, but the datanode c61b7886-1b9a-4032-b026-73ad3d840619{ip: 192.168.69.94, host: dev-testrun-4rklj-35625584, networkLocation: /default-rack, certSerialId: null} reports an CLOSED replica.
2019-10-22 14:26:44,026 [EventQueue-ContainerReportForContainerReportHandler] WARN  container.ContainerReportHandler (AbstractContainerReportHandler.java:updateContainerState(145)) - Container #1 is in OPEN state, but the datanode c61b7886-1b9a-4032-b026-73ad3d840619{ip: 192.168.69.94, host: dev-testrun-4rklj-35625584, networkLocation: /default-rack, certSerialId: null} reports an CLOSED replica.
2019-10-22 14:26:44,098 [EventQueue-ContainerReportForContainerReportHandler] WARN  container.ContainerReportHandler (AbstractContainerReportHandler.java:updateContainerState(145)) - Container #1 is in OPEN state, but the datanode 94363dd8-42f5-429b-bbe3-506d55a6d307{ip: 192.168.69.94, host: dev-testrun-4rklj-35625584, networkLocation: /default-rack, certSerialId: null} reports an CLOSED replica.
2019-10-22 14:26:44,327 [EventQueue-ContainerReportForContainerReportHandler] WARN  container.ContainerReportHandler (AbstractContainerReportHandler.java:updateContainerState(145)) - Container #1 is in OPEN state, but the datanode c61b7886-1b9a-4032-b026-73ad3d840619{ip: 192.168.69.94, host: dev-testrun-4rklj-35625584, networkLocation: /default-rack, certSerialId: null} reports an CLOSED replica.
2019-10-22 14:26:44,398 [EventQueue-ContainerReportForContainerReportHandler] WARN  container.ContainerReportHandler (AbstractContainerReportHandler.java:updateContainerState(145)) - Container #1 is in OPEN state, but the datanode 94363dd8-42f5-429b-bbe3-506d55a6d307{ip: 192.168.69.94, host: dev-testrun-4rklj-35625584, networkLocation: /default-rack, certSerialId: null} reports an CLOSED replica.
2019-10-22 14:26:44,402 [BlockDeletingService#2] WARN  background.BlockDeletingService (BlockDeletingService.java:isDeletionAllowed(187)) - Close Container log Index 6 is not replicated across allthe servers in the pipeline 7ee4d48e-88bb-4c96-868c-d63fc7e0523a as the min replicated index is 4. Deletion is not allowed in this container yet.
2019-10-22 14:26:44,402 [BlockDeletingService#2] WARN  background.BlockDeletingService (BlockDeletingService.java:isDeletionAllowed(187)) - Close Container log Index 6 is not replicated across allthe servers in the pipeline 7ee4d48e-88bb-4c96-868c-d63fc7e0523a as the min replicated index is 4. Deletion is not allowed in this container yet.
2019-10-22 14:26:44,430 [java.util.concurrent.ThreadPoolExecutor$Worker@3e1fcf78[State = -1, empty queue]] WARN  server.GrpcLogAppender (GrpcLogAppender.java:timeoutAppendRequest(209)) - 94363dd8-42f5-429b-bbe3-506d55a6d307@group-D63FC7E0523A->5e302b21-73c7-4c15-997b-467ec519df17-GrpcLogAppender: appendEntries Timeout, request=94363dd8-42f5-429b-bbe3-506d55a6d307->5e302b21-73c7-4c15-997b-467ec519df17#39-t2, previous=(t:2, i:10), leaderCommit=10, initializing? false, entries: <empty>
2019-10-22 14:26:44,628 [EventQueue-ContainerReportForContainerReportHandler] WARN  container.ContainerReportHandler (AbstractContainerReportHandler.java:updateContainerState(145)) - Container #1 is in OPEN state, but the datanode c61b7886-1b9a-4032-b026-73ad3d840619{ip: 192.168.69.94, host: dev-testrun-4rklj-35625584, networkLocation: /default-rack, certSerialId: null} reports an CLOSED replica.
2019-10-22 14:26:44,698 [EventQueue-ContainerReportForContainerReportHandler] WARN  container.ContainerReportHandler (AbstractContainerReportHandler.java:updateContainerState(145)) - Container #1 is in OPEN state, but the datanode 94363dd8-42f5-429b-bbe3-506d55a6d307{ip: 192.168.69.94, host: dev-testrun-4rklj-35625584, networkLocation: /default-rack, certSerialId: null} reports an CLOSED replica.
2019-10-22 14:26:44,829 [EventQueue-ContainerReportForContainerReportHandler] WARN  container.ContainerReportHandler (AbstractContainerReportHandler.java:updateContainerState(145)) - Container #1 is in OPEN state, but the datanode c61b7886-1b9a-4032-b026-73ad3d840619{ip: 192.168.69.94, host: dev-testrun-4rklj-35625584, networkLocation: /default-rack, certSerialId: null} reports an CLOSED replica.
2019-10-22 14:26:45,098 [EventQueue-ContainerReportForContainerReportHandler] WARN  container.ContainerReportHandler (AbstractContainerReportHandler.java:updateContainerState(145)) - Container #1 is in OPEN state, but the datanode 94363dd8-42f5-429b-bbe3-506d55a6d307{ip: 192.168.69.94, host: dev-testrun-4rklj-35625584, networkLocation: /default-rack, certSerialId: null} reports an CLOSED replica.
2019-10-22 14:26:45,129 [EventQueue-ContainerReportForContainerReportHandler] WARN  container.ContainerReportHandler (AbstractContainerReportHandler.java:updateContainerState(145)) - Container #1 is in OPEN state, but the datanode c61b7886-1b9a-4032-b026-73ad3d840619{ip: 192.168.69.94, host: dev-testrun-4rklj-35625584, networkLocation: /default-rack, certSerialId: null} reports an CLOSED replica.
2019-10-22 14:26:45,398 [EventQueue-ContainerReportForContainerReportHandler] WARN  container.ContainerReportHandler (AbstractContainerReportHandler.java:updateContainerState(145)) - Container #1 is in OPEN state, but the datanode 94363dd8-42f5-429b-bbe3-506d55a6d307{ip: 192.168.69.94, host: dev-testrun-4rklj-35625584, networkLocation: /default-rack, certSerialId: null} reports an CLOSED replica.
2019-10-22 14:26:45,404 [BlockDeletingService#2] WARN  background.BlockDeletingService (BlockDeletingService.java:isDeletionAllowed(187)) - Close Container log Index 6 is not replicated across allthe servers in the pipeline 7ee4d48e-88bb-4c96-868c-d63fc7e0523a as the min replicated index is 4. Deletion is not allowed in this container yet.
2019-10-22 14:26:45,404 [BlockDeletingService#2] WARN  background.BlockDeletingService (BlockDeletingService.java:isDeletionAllowed(187)) - Close Container log Index 6 is not replicated across allthe servers in the pipeline 7ee4d48e-88bb-4c96-868c-d63fc7e0523a as the min replicated index is 4. Deletion is not allowed in this container yet.
2019-10-22 14:26:45,500 [Thread-468] INFO  client.GrpcClientProtocolService (GrpcClientProtocolService.java:lambda$processClientRequest$0(279)) - Failed RaftClientRequest:client-458A7D8FFED2->c61b7886-1b9a-4032-b026-73ad3d840619@group-D63FC7E0523A, cid=10, seq=0, Watch-ALL_COMMITTED(6), Message:<EMPTY>, reply=RaftClientReply:client-458A7D8FFED2->c61b7886-1b9a-4032-b026-73ad3d840619@group-D63FC7E0523A, cid=10, FAILED org.apache.ratis.protocol.NotLeaderException: Server c61b7886-1b9a-4032-b026-73ad3d840619@group-D63FC7E0523A is not the leader 94363dd8-42f5-429b-bbe3-506d55a6d307:192.168.69.94:46664, logIndex=0, commits[c61b7886-1b9a-4032-b026-73ad3d840619:c10, 5e302b21-73c7-4c15-997b-467ec519df17:c4, 94363dd8-42f5-429b-bbe3-506d55a6d307:c10]
2019-10-22 14:26:45,529 [EventQueue-ContainerReportForContainerReportHandler] WARN  container.ContainerReportHandler (AbstractContainerReportHandler.java:updateContainerState(145)) - Container #1 is in OPEN state, but the datanode c61b7886-1b9a-4032-b026-73ad3d840619{ip: 192.168.69.94, host: dev-testrun-4rklj-35625584, networkLocation: /default-rack, certSerialId: null} reports an CLOSED replica.
2019-10-22 14:26:45,699 [EventQueue-ContainerReportForContainerReportHandler] WARN  container.ContainerReportHandler (AbstractContainerReportHandler.java:updateContainerState(145)) - Container #1 is in OPEN state, but the datanode 94363dd8-42f5-429b-bbe3-506d55a6d307{ip: 192.168.69.94, host: dev-testrun-4rklj-35625584, networkLocation: /default-rack, certSerialId: null} reports an CLOSED replica.
2019-10-22 14:26:45,831 [EventQueue-ContainerReportForContainerReportHandler] WARN  container.ContainerReportHandler (AbstractContainerReportHandler.java:updateContainerState(145)) - Container #1 is in OPEN state, but the datanode c61b7886-1b9a-4032-b026-73ad3d840619{ip: 192.168.69.94, host: dev-testrun-4rklj-35625584, networkLocation: /default-rack, certSerialId: null} reports an CLOSED replica.
2019-10-22 14:26:45,884 [Thread-471] INFO  client.GrpcClientProtocolService (GrpcClientProtocolService.java:lambda$processClientRequest$0(279)) - Failed RaftClientRequest:client-458A7D8FFED2->94363dd8-42f5-429b-bbe3-506d55a6d307@group-D63FC7E0523A, cid=10, seq=0, Watch-ALL_COMMITTED(6), Message:<EMPTY>, reply=RaftClientReply:client-458A7D8FFED2->94363dd8-42f5-429b-bbe3-506d55a6d307@group-D63FC7E0523A, cid=10, FAILED org.apache.ratis.protocol.NotReplicatedException: Request with call Id 10 and log index 6 is not yet replicated to ALL_COMMITTED, logIndex=6, commits[94363dd8-42f5-429b-bbe3-506d55a6d307:c10, c61b7886-1b9a-4032-b026-73ad3d840619:c10, 5e302b21-73c7-4c15-997b-467ec519df17:c4]
2019-10-22 14:26:45,999 [EventQueue-ContainerReportForContainerReportHandler] WARN  container.ContainerReportHandler (AbstractContainerReportHandler.java:updateContainerState(145)) - Container #1 is in OPEN state, but the datanode 94363dd8-42f5-429b-bbe3-506d55a6d307{ip: 192.168.69.94, host: dev-testrun-4rklj-35625584, networkLocation: /default-rack, certSerialId: null} reports an CLOSED replica.
2019-10-22 14:26:46,132 [EventQueue-ContainerReportForContainerReportHandler] WARN  container.ContainerReportHandler (AbstractContainerReportHandler.java:updateContainerState(145)) - Container #1 is in OPEN state, but the datanode c61b7886-1b9a-4032-b026-73ad3d840619{ip: 192.168.69.94, host: dev-testrun-4rklj-35625584, networkLocation: /default-rack, certSerialId: null} reports an CLOSED replica.
2019-10-22 14:26:46,400 [EventQueue-ContainerReportForContainerReportHandler] WARN  container.ContainerReportHandler (AbstractContainerReportHandler.java:updateContainerState(145)) - Container #1 is in OPEN state, but the datanode 94363dd8-42f5-429b-bbe3-506d55a6d307{ip: 192.168.69.94, host: dev-testrun-4rklj-35625584, networkLocation: /default-rack, certSerialId: null} reports an CLOSED replica.
2019-10-22 14:26:46,407 [BlockDeletingService#2] WARN  background.BlockDeletingService (BlockDeletingService.java:isDeletionAllowed(187)) - Close Container log Index 6 is not replicated across allthe servers in the pipeline 7ee4d48e-88bb-4c96-868c-d63fc7e0523a as the min replicated index is 4. Deletion is not allowed in this container yet.
2019-10-22 14:26:46,407 [BlockDeletingService#2] WARN  background.BlockDeletingService (BlockDeletingService.java:isDeletionAllowed(187)) - Close Container log Index 6 is not replicated across allthe servers in the pipeline 7ee4d48e-88bb-4c96-868c-d63fc7e0523a as the min replicated index is 4. Deletion is not allowed in this container yet.
2019-10-22 14:26:46,432 [EventQueue-ContainerReportForContainerReportHandler] WARN  container.ContainerReportHandler (AbstractContainerReportHandler.java:updateContainerState(145)) - Container #1 is in OPEN state, but the datanode c61b7886-1b9a-4032-b026-73ad3d840619{ip: 192.168.69.94, host: dev-testrun-4rklj-35625584, networkLocation: /default-rack, certSerialId: null} reports an CLOSED replica.
2019-10-22 14:26:46,600 [EventQueue-ContainerReportForContainerReportHandler] WARN  container.ContainerReportHandler (AbstractContainerReportHandler.java:updateContainerState(145)) - Container #1 is in OPEN state, but the datanode 94363dd8-42f5-429b-bbe3-506d55a6d307{ip: 192.168.69.94, host: dev-testrun-4rklj-35625584, networkLocation: /default-rack, certSerialId: null} reports an CLOSED replica.
2019-10-22 14:26:46,732 [EventQueue-ContainerReportForContainerReportHandler] WARN  container.ContainerReportHandler (AbstractContainerReportHandler.java:updateContainerState(145)) - Container #1 is in OPEN state, but the datanode c61b7886-1b9a-4032-b026-73ad3d840619{ip: 192.168.69.94, host: dev-testrun-4rklj-35625584, networkLocation: /default-rack, certSerialId: null} reports an CLOSED replica.
2019-10-22 14:26:46,931 [java.util.concurrent.ThreadPoolExecutor$Worker@3e1fcf78[State = -1, empty queue]] WARN  server.GrpcLogAppender (GrpcLogAppender.java:timeoutAppendRequest(209)) - 94363dd8-42f5-429b-bbe3-506d55a6d307@group-D63FC7E0523A->5e302b21-73c7-4c15-997b-467ec519df17-GrpcLogAppender: appendEntries Timeout, request=94363dd8-42f5-429b-bbe3-506d55a6d307->5e302b21-73c7-4c15-997b-467ec519df17#40-t2, previous=(t:2, i:10), leaderCommit=10, initializing? false, entries: <empty>
2019-10-22 14:26:47,002 [EventQueue-ContainerReportForContainerReportHandler] WARN  container.ContainerReportHandler (AbstractContainerReportHandler.java:updateContainerState(145)) - Container #1 is in OPEN state, but the datanode 94363dd8-42f5-429b-bbe3-506d55a6d307{ip: 192.168.69.94, host: dev-testrun-4rklj-35625584, networkLocation: /default-rack, certSerialId: null} reports an CLOSED replica.
2019-10-22 14:26:47,034 [EventQueue-ContainerReportForContainerReportHandler] WARN  container.ContainerReportHandler (AbstractContainerReportHandler.java:updateContainerState(145)) - Container #1 is in OPEN state, but the datanode c61b7886-1b9a-4032-b026-73ad3d840619{ip: 192.168.69.94, host: dev-testrun-4rklj-35625584, networkLocation: /default-rack, certSerialId: null} reports an CLOSED replica.
2019-10-22 14:26:47,302 [EventQueue-ContainerReportForContainerReportHandler] WARN  container.ContainerReportHandler (AbstractContainerReportHandler.java:updateContainerState(145)) - Container #1 is in OPEN state, but the datanode 94363dd8-42f5-429b-bbe3-506d55a6d307{ip: 192.168.69.94, host: dev-testrun-4rklj-35625584, networkLocation: /default-rack, certSerialId: null} reports an CLOSED replica.
2019-10-22 14:26:47,333 [EventQueue-ContainerReportForContainerReportHandler] WARN  container.ContainerReportHandler (AbstractContainerReportHandler.java:updateContainerState(145)) - Container #1 is in OPEN state, but the datanode c61b7886-1b9a-4032-b026-73ad3d840619{ip: 192.168.69.94, host: dev-testrun-4rklj-35625584, networkLocation: /default-rack, certSerialId: null} reports an CLOSED replica.
2019-10-22 14:26:47,413 [BlockDeletingService#2] WARN  background.BlockDeletingService (BlockDeletingService.java:isDeletionAllowed(187)) - Close Container log Index 6 is not replicated across allthe servers in the pipeline 7ee4d48e-88bb-4c96-868c-d63fc7e0523a as the min replicated index is 4. Deletion is not allowed in this container yet.
2019-10-22 14:26:47,414 [BlockDeletingService#2] WARN  background.BlockDeletingService (BlockDeletingService.java:isDeletionAllowed(187)) - Close Container log Index 6 is not replicated across allthe servers in the pipeline 7ee4d48e-88bb-4c96-868c-d63fc7e0523a as the min replicated index is 4. Deletion is not allowed in this container yet.
2019-10-22 14:26:47,601 [EventQueue-ContainerReportForContainerReportHandler] WARN  container.ContainerReportHandler (AbstractContainerReportHandler.java:updateContainerState(145)) - Container #1 is in OPEN state, but the datanode 94363dd8-42f5-429b-bbe3-506d55a6d307{ip: 192.168.69.94, host: dev-testrun-4rklj-35625584, networkLocation: /default-rack, certSerialId: null} reports an CLOSED replica.
2019-10-22 14:26:47,733 [EventQueue-ContainerReportForContainerReportHandler] WARN  container.ContainerReportHandler (AbstractContainerReportHandler.java:updateContainerState(145)) - Container #1 is in OPEN state, but the datanode c61b7886-1b9a-4032-b026-73ad3d840619{ip: 192.168.69.94, host: dev-testrun-4rklj-35625584, networkLocation: /default-rack, certSerialId: null} reports an CLOSED replica.
2019-10-22 14:26:47,903 [EventQueue-ContainerReportForContainerReportHandler] WARN  container.ContainerReportHandler (AbstractContainerReportHandler.java:updateContainerState(145)) - Container #1 is in OPEN state, but the datanode 94363dd8-42f5-429b-bbe3-506d55a6d307{ip: 192.168.69.94, host: dev-testrun-4rklj-35625584, networkLocation: /default-rack, certSerialId: null} reports an CLOSED replica.
2019-10-22 14:26:48,034 [EventQueue-ContainerReportForContainerReportHandler] WARN  container.ContainerReportHandler (AbstractContainerReportHandler.java:updateContainerState(145)) - Container #1 is in OPEN state, but the datanode c61b7886-1b9a-4032-b026-73ad3d840619{ip: 192.168.69.94, host: dev-testrun-4rklj-35625584, networkLocation: /default-rack, certSerialId: null} reports an CLOSED replica.
2019-10-22 14:26:48,301 [EventQueue-ContainerReportForContainerReportHandler] WARN  container.ContainerReportHandler (AbstractContainerReportHandler.java:updateContainerState(145)) - Container #1 is in OPEN state, but the datanode 94363dd8-42f5-429b-bbe3-506d55a6d307{ip: 192.168.69.94, host: dev-testrun-4rklj-35625584, networkLocation: /default-rack, certSerialId: null} reports an CLOSED replica.
2019-10-22 14:26:48,334 [EventQueue-ContainerReportForContainerReportHandler] WARN  container.ContainerReportHandler (AbstractContainerReportHandler.java:updateContainerState(145)) - Container #1 is in OPEN state, but the datanode c61b7886-1b9a-4032-b026-73ad3d840619{ip: 192.168.69.94, host: dev-testrun-4rklj-35625584, networkLocation: /default-rack, certSerialId: null} reports an CLOSED replica.
2019-10-22 14:26:48,417 [BlockDeletingService#2] WARN  background.BlockDeletingService (BlockDeletingService.java:isDeletionAllowed(187)) - Close Container log Index 6 is not replicated across allthe servers in the pipeline 7ee4d48e-88bb-4c96-868c-d63fc7e0523a as the min replicated index is 4. Deletion is not allowed in this container yet.
2019-10-22 14:26:48,417 [BlockDeletingService#2] WARN  background.BlockDeletingService (BlockDeletingService.java:isDeletionAllowed(187)) - Close Container log Index 6 is not replicated across allthe servers in the pipeline 7ee4d48e-88bb-4c96-868c-d63fc7e0523a as the min replicated index is 4. Deletion is not allowed in this container yet.
2019-10-22 14:26:48,534 [EventQueue-ContainerReportForContainerReportHandler] WARN  container.ContainerReportHandler (AbstractContainerReportHandler.java:updateContainerState(145)) - Container #1 is in OPEN state, but the datanode c61b7886-1b9a-4032-b026-73ad3d840619{ip: 192.168.69.94, host: dev-testrun-4rklj-35625584, networkLocation: /default-rack, certSerialId: null} reports an CLOSED replica.
2019-10-22 14:26:48,602 [EventQueue-ContainerReportForContainerReportHandler] WARN  container.ContainerReportHandler (AbstractContainerReportHandler.java:updateContainerState(145)) - Container #1 is in OPEN state, but the datanode 94363dd8-42f5-429b-bbe3-506d55a6d307{ip: 192.168.69.94, host: dev-testrun-4rklj-35625584, networkLocation: /default-rack, certSerialId: null} reports an CLOSED replica.
2019-10-22 14:26:48,904 [EventQueue-ContainerReportForContainerReportHandler] WARN  container.ContainerReportHandler (AbstractContainerReportHandler.java:updateContainerState(145)) - Container #1 is in OPEN state, but the datanode 94363dd8-42f5-429b-bbe3-506d55a6d307{ip: 192.168.69.94, host: dev-testrun-4rklj-35625584, networkLocation: /default-rack, certSerialId: null} reports an CLOSED replica.
2019-10-22 14:26:48,934 [EventQueue-ContainerReportForContainerReportHandler] WARN  container.ContainerReportHandler (AbstractContainerReportHandler.java:updateContainerState(145)) - Container #1 is in OPEN state, but the datanode c61b7886-1b9a-4032-b026-73ad3d840619{ip: 192.168.69.94, host: dev-testrun-4rklj-35625584, networkLocation: /default-rack, certSerialId: null} reports an CLOSED replica.
2019-10-22 14:26:49,234 [EventQueue-ContainerReportForContainerReportHandler] WARN  container.ContainerReportHandler (AbstractContainerReportHandler.java:updateContainerState(145)) - Container #1 is in OPEN state, but the datanode c61b7886-1b9a-4032-b026-73ad3d840619{ip: 192.168.69.94, host: dev-testrun-4rklj-35625584, networkLocation: /default-rack, certSerialId: null} reports an CLOSED replica.
2019-10-22 14:26:49,304 [EventQueue-ContainerReportForContainerReportHandler] WARN  container.ContainerReportHandler (AbstractContainerReportHandler.java:updateContainerState(145)) - Container #1 is in OPEN state, but the datanode 94363dd8-42f5-429b-bbe3-506d55a6d307{ip: 192.168.69.94, host: dev-testrun-4rklj-35625584, networkLocation: /default-rack, certSerialId: null} reports an CLOSED replica.
2019-10-22 14:26:49,419 [BlockDeletingService#2] WARN  background.BlockDeletingService (BlockDeletingService.java:isDeletionAllowed(187)) - Close Container log Index 6 is not replicated across allthe servers in the pipeline 7ee4d48e-88bb-4c96-868c-d63fc7e0523a as the min replicated index is 4. Deletion is not allowed in this container yet.
2019-10-22 14:26:49,419 [BlockDeletingService#2] WARN  background.BlockDeletingService (BlockDeletingService.java:isDeletionAllowed(187)) - Close Container log Index 6 is not replicated across allthe servers in the pipeline 7ee4d48e-88bb-4c96-868c-d63fc7e0523a as the min replicated index is 4. Deletion is not allowed in this container yet.
2019-10-22 14:26:49,433 [java.util.concurrent.ThreadPoolExecutor$Worker@3e1fcf78[State = -1, empty queue]] WARN  server.GrpcLogAppender (GrpcLogAppender.java:timeoutAppendRequest(209)) - 94363dd8-42f5-429b-bbe3-506d55a6d307@group-D63FC7E0523A->5e302b21-73c7-4c15-997b-467ec519df17-GrpcLogAppender: appendEntries Timeout, request=94363dd8-42f5-429b-bbe3-506d55a6d307->5e302b21-73c7-4c15-997b-467ec519df17#41-t2, previous=(t:2, i:10), leaderCommit=10, initializing? false, entries: <empty>
2019-10-22 14:26:49,534 [EventQueue-ContainerReportForContainerReportHandler] WARN  container.ContainerReportHandler (AbstractContainerReportHandler.java:updateContainerState(145)) - Container #1 is in OPEN state, but the datanode c61b7886-1b9a-4032-b026-73ad3d840619{ip: 192.168.69.94, host: dev-testrun-4rklj-35625584, networkLocation: /default-rack, certSerialId: null} reports an CLOSED replica.
2019-10-22 14:26:49,605 [EventQueue-ContainerReportForContainerReportHandler] WARN  container.ContainerReportHandler (AbstractContainerReportHandler.java:updateContainerState(145)) - Container #1 is in OPEN state, but the datanode 94363dd8-42f5-429b-bbe3-506d55a6d307{ip: 192.168.69.94, host: dev-testrun-4rklj-35625584, networkLocation: /default-rack, certSerialId: null} reports an CLOSED replica.
2019-10-22 14:26:49,807 [EventQueue-ContainerReportForContainerReportHandler] WARN  container.ContainerReportHandler (AbstractContainerReportHandler.java:updateContainerState(145)) - Container #1 is in OPEN state, but the datanode 94363dd8-42f5-429b-bbe3-506d55a6d307{ip: 192.168.69.94, host: dev-testrun-4rklj-35625584, networkLocation: /default-rack, certSerialId: null} reports an CLOSED replica.
2019-10-22 14:26:49,934 [EventQueue-ContainerReportForContainerReportHandler] WARN  container.ContainerReportHandler (AbstractContainerReportHandler.java:updateContainerState(145)) - Container #1 is in OPEN state, but the datanode c61b7886-1b9a-4032-b026-73ad3d840619{ip: 192.168.69.94, host: dev-testrun-4rklj-35625584, networkLocation: /default-rack, certSerialId: null} reports an CLOSED replica.
2019-10-22 14:26:50,008 [EventQueue-ContainerReportForContainerReportHandler] WARN  container.ContainerReportHandler (AbstractContainerReportHandler.java:updateContainerState(145)) - Container #1 is in OPEN state, but the datanode 94363dd8-42f5-429b-bbe3-506d55a6d307{ip: 192.168.69.94, host: dev-testrun-4rklj-35625584, networkLocation: /default-rack, certSerialId: null} reports an CLOSED replica.
2019-10-22 14:26:50,234 [EventQueue-ContainerReportForContainerReportHandler] WARN  container.ContainerReportHandler (AbstractContainerReportHandler.java:updateContainerState(145)) - Container #1 is in OPEN state, but the datanode c61b7886-1b9a-4032-b026-73ad3d840619{ip: 192.168.69.94, host: dev-testrun-4rklj-35625584, networkLocation: /default-rack, certSerialId: null} reports an CLOSED replica.
2019-10-22 14:26:50,310 [EventQueue-ContainerReportForContainerReportHandler] WARN  container.ContainerReportHandler (AbstractContainerReportHandler.java:updateContainerState(145)) - Container #1 is in OPEN state, but the datanode 94363dd8-42f5-429b-bbe3-506d55a6d307{ip: 192.168.69.94, host: dev-testrun-4rklj-35625584, networkLocation: /default-rack, certSerialId: null} reports an CLOSED replica.
2019-10-22 14:26:50,420 [BlockDeletingService#2] WARN  background.BlockDeletingService (BlockDeletingService.java:isDeletionAllowed(187)) - Close Container log Index 6 is not replicated across allthe servers in the pipeline 7ee4d48e-88bb-4c96-868c-d63fc7e0523a as the min replicated index is 4. Deletion is not allowed in this container yet.
2019-10-22 14:26:50,420 [BlockDeletingService#2] WARN  background.BlockDeletingService (BlockDeletingService.java:isDeletionAllowed(187)) - Close Container log Index 6 is not replicated across allthe servers in the pipeline 7ee4d48e-88bb-4c96-868c-d63fc7e0523a as the min replicated index is 4. Deletion is not allowed in this container yet.
2019-10-22 14:26:50,534 [EventQueue-ContainerReportForContainerReportHandler] WARN  container.ContainerReportHandler (AbstractContainerReportHandler.java:updateContainerState(145)) - Container #1 is in OPEN state, but the datanode c61b7886-1b9a-4032-b026-73ad3d840619{ip: 192.168.69.94, host: dev-testrun-4rklj-35625584, networkLocation: /default-rack, certSerialId: null} reports an CLOSED replica.
2019-10-22 14:26:50,610 [EventQueue-ContainerReportForContainerReportHandler] WARN  container.ContainerReportHandler (AbstractContainerReportHandler.java:updateContainerState(145)) - Container #1 is in OPEN state, but the datanode 94363dd8-42f5-429b-bbe3-506d55a6d307{ip: 192.168.69.94, host: dev-testrun-4rklj-35625584, networkLocation: /default-rack, certSerialId: null} reports an CLOSED replica.
2019-10-22 14:26:50,735 [EventQueue-ContainerReportForContainerReportHandler] WARN  container.ContainerReportHandler (AbstractContainerReportHandler.java:updateContainerState(145)) - Container #1 is in OPEN state, but the datanode c61b7886-1b9a-4032-b026-73ad3d840619{ip: 192.168.69.94, host: dev-testrun-4rklj-35625584, networkLocation: /default-rack, certSerialId: null} reports an CLOSED replica.
2019-10-22 14:26:50,910 [EventQueue-ContainerReportForContainerReportHandler] WARN  container.ContainerReportHandler (AbstractContainerReportHandler.java:updateContainerState(145)) - Container #1 is in OPEN state, but the datanode 94363dd8-42f5-429b-bbe3-506d55a6d307{ip: 192.168.69.94, host: dev-testrun-4rklj-35625584, networkLocation: /default-rack, certSerialId: null} reports an CLOSED replica.
2019-10-22 14:26:51,112 [EventQueue-ContainerReportForContainerReportHandler] WARN  container.ContainerReportHandler (AbstractContainerReportHandler.java:updateContainerState(145)) - Container #1 is in OPEN state, but the datanode 94363dd8-42f5-429b-bbe3-506d55a6d307{ip: 192.168.69.94, host: dev-testrun-4rklj-35625584, networkLocation: /default-rack, certSerialId: null} reports an CLOSED replica.
2019-10-22 14:26:51,135 [EventQueue-ContainerReportForContainerReportHandler] WARN  container.ContainerReportHandler (AbstractContainerReportHandler.java:updateContainerState(145)) - Container #1 is in OPEN state, but the datanode c61b7886-1b9a-4032-b026-73ad3d840619{ip: 192.168.69.94, host: dev-testrun-4rklj-35625584, networkLocation: /default-rack, certSerialId: null} reports an CLOSED replica.
2019-10-22 14:26:51,312 [EventQueue-ContainerReportForContainerReportHandler] WARN  container.ContainerReportHandler (AbstractContainerReportHandler.java:updateContainerState(145)) - Container #1 is in OPEN state, but the datanode 94363dd8-42f5-429b-bbe3-506d55a6d307{ip: 192.168.69.94, host: dev-testrun-4rklj-35625584, networkLocation: /default-rack, certSerialId: null} reports an CLOSED replica.
2019-10-22 14:26:51,423 [BlockDeletingService#2] WARN  background.BlockDeletingService (BlockDeletingService.java:isDeletionAllowed(187)) - Close Container log Index 6 is not replicated across allthe servers in the pipeline 7ee4d48e-88bb-4c96-868c-d63fc7e0523a as the min replicated index is 4. Deletion is not allowed in this container yet.
2019-10-22 14:26:51,423 [BlockDeletingService#2] WARN  background.BlockDeletingService (BlockDeletingService.java:isDeletionAllowed(187)) - Close Container log Index 6 is not replicated across allthe servers in the pipeline 7ee4d48e-88bb-4c96-868c-d63fc7e0523a as the min replicated index is 4. Deletion is not allowed in this container yet.
2019-10-22 14:26:51,535 [EventQueue-ContainerReportForContainerReportHandler] WARN  container.ContainerReportHandler (AbstractContainerReportHandler.java:updateContainerState(145)) - Container #1 is in OPEN state, but the datanode c61b7886-1b9a-4032-b026-73ad3d840619{ip: 192.168.69.94, host: dev-testrun-4rklj-35625584, networkLocation: /default-rack, certSerialId: null} reports an CLOSED replica.
2019-10-22 14:26:51,715 [EventQueue-ContainerReportForContainerReportHandler] WARN  container.ContainerReportHandler (AbstractContainerReportHandler.java:updateContainerState(145)) - Container #1 is in OPEN state, but the datanode 94363dd8-42f5-429b-bbe3-506d55a6d307{ip: 192.168.69.94, host: dev-testrun-4rklj-35625584, networkLocation: /default-rack, certSerialId: null} reports an CLOSED replica.
2019-10-22 14:26:51,735 [EventQueue-ContainerReportForContainerReportHandler] WARN  container.ContainerReportHandler (AbstractContainerReportHandler.java:updateContainerState(145)) - Container #1 is in OPEN state, but the datanode c61b7886-1b9a-4032-b026-73ad3d840619{ip: 192.168.69.94, host: dev-testrun-4rklj-35625584, networkLocation: /default-rack, certSerialId: null} reports an CLOSED replica.
2019-10-22 14:26:51,935 [java.util.concurrent.ThreadPoolExecutor$Worker@3e1fcf78[State = -1, empty queue]] WARN  server.GrpcLogAppender (GrpcLogAppender.java:timeoutAppendRequest(209)) - 94363dd8-42f5-429b-bbe3-506d55a6d307@group-D63FC7E0523A->5e302b21-73c7-4c15-997b-467ec519df17-GrpcLogAppender: appendEntries Timeout, request=94363dd8-42f5-429b-bbe3-506d55a6d307->5e302b21-73c7-4c15-997b-467ec519df17#42-t2, previous=(t:2, i:10), leaderCommit=10, initializing? false, entries: <empty>
2019-10-22 14:26:52,013 [EventQueue-ContainerReportForContainerReportHandler] WARN  container.ContainerReportHandler (AbstractContainerReportHandler.java:updateContainerState(145)) - Container #1 is in OPEN state, but the datanode 94363dd8-42f5-429b-bbe3-506d55a6d307{ip: 192.168.69.94, host: dev-testrun-4rklj-35625584, networkLocation: /default-rack, certSerialId: null} reports an CLOSED replica.
2019-10-22 14:26:52,135 [EventQueue-ContainerReportForContainerReportHandler] WARN  container.ContainerReportHandler (AbstractContainerReportHandler.java:updateContainerState(145)) - Container #1 is in OPEN state, but the datanode c61b7886-1b9a-4032-b026-73ad3d840619{ip: 192.168.69.94, host: dev-testrun-4rklj-35625584, networkLocation: /default-rack, certSerialId: null} reports an CLOSED replica.
2019-10-22 14:26:52,213 [EventQueue-ContainerReportForContainerReportHandler] WARN  container.ContainerReportHandler (AbstractContainerReportHandler.java:updateContainerState(145)) - Container #1 is in OPEN state, but the datanode 94363dd8-42f5-429b-bbe3-506d55a6d307{ip: 192.168.69.94, host: dev-testrun-4rklj-35625584, networkLocation: /default-rack, certSerialId: null} reports an CLOSED replica.
2019-10-22 14:26:52,414 [EventQueue-ContainerReportForContainerReportHandler] WARN  container.ContainerReportHandler (AbstractContainerReportHandler.java:updateContainerState(145)) - Container #1 is in OPEN state, but the datanode 94363dd8-42f5-429b-bbe3-506d55a6d307{ip: 192.168.69.94, host: dev-testrun-4rklj-35625584, networkLocation: /default-rack, certSerialId: null} reports an CLOSED replica.
2019-10-22 14:26:52,425 [BlockDeletingService#2] WARN  background.BlockDeletingService (BlockDeletingService.java:isDeletionAllowed(187)) - Close Container log Index 6 is not replicated across allthe servers in the pipeline 7ee4d48e-88bb-4c96-868c-d63fc7e0523a as the min replicated index is 4. Deletion is not allowed in this container yet.
2019-10-22 14:26:52,425 [BlockDeletingService#2] WARN  background.BlockDeletingService (BlockDeletingService.java:isDeletionAllowed(187)) - Close Container log Index 6 is not replicated across allthe servers in the pipeline 7ee4d48e-88bb-4c96-868c-d63fc7e0523a as the min replicated index is 4. Deletion is not allowed in this container yet.
2019-10-22 14:26:52,435 [EventQueue-ContainerReportForContainerReportHandler] WARN  container.ContainerReportHandler (AbstractContainerReportHandler.java:updateContainerState(145)) - Container #1 is in OPEN state, but the datanode c61b7886-1b9a-4032-b026-73ad3d840619{ip: 192.168.69.94, host: dev-testrun-4rklj-35625584, networkLocation: /default-rack, certSerialId: null} reports an CLOSED replica.
2019-10-22 14:26:52,714 [EventQueue-ContainerReportForContainerReportHandler] WARN  container.ContainerReportHandler (AbstractContainerReportHandler.java:updateContainerState(145)) - Container #1 is in OPEN state, but the datanode 94363dd8-42f5-429b-bbe3-506d55a6d307{ip: 192.168.69.94, host: dev-testrun-4rklj-35625584, networkLocation: /default-rack, certSerialId: null} reports an CLOSED replica.
2019-10-22 14:26:52,837 [EventQueue-ContainerReportForContainerReportHandler] WARN  container.ContainerReportHandler (AbstractContainerReportHandler.java:updateContainerState(145)) - Container #1 is in OPEN state, but the datanode c61b7886-1b9a-4032-b026-73ad3d840619{ip: 192.168.69.94, host: dev-testrun-4rklj-35625584, networkLocation: /default-rack, certSerialId: null} reports an CLOSED replica.
2019-10-22 14:26:53,015 [EventQueue-ContainerReportForContainerReportHandler] WARN  container.ContainerReportHandler (AbstractContainerReportHandler.java:updateContainerState(145)) - Container #1 is in OPEN state, but the datanode 94363dd8-42f5-429b-bbe3-506d55a6d307{ip: 192.168.69.94, host: dev-testrun-4rklj-35625584, networkLocation: /default-rack, certSerialId: null} reports an CLOSED replica.
2019-10-22 14:26:53,139 [EventQueue-ContainerReportForContainerReportHandler] WARN  container.ContainerReportHandler (AbstractContainerReportHandler.java:updateContainerState(145)) - Container #1 is in OPEN state, but the datanode c61b7886-1b9a-4032-b026-73ad3d840619{ip: 192.168.69.94, host: dev-testrun-4rklj-35625584, networkLocation: /default-rack, certSerialId: null} reports an CLOSED replica.
2019-10-22 14:26:53,416 [EventQueue-ContainerReportForContainerReportHandler] WARN  container.ContainerReportHandler (AbstractContainerReportHandler.java:updateContainerState(145)) - Container #1 is in OPEN state, but the datanode 94363dd8-42f5-429b-bbe3-506d55a6d307{ip: 192.168.69.94, host: dev-testrun-4rklj-35625584, networkLocation: /default-rack, certSerialId: null} reports an CLOSED replica.
2019-10-22 14:26:53,428 [BlockDeletingService#2] WARN  background.BlockDeletingService (BlockDeletingService.java:isDeletionAllowed(187)) - Close Container log Index 6 is not replicated across allthe servers in the pipeline 7ee4d48e-88bb-4c96-868c-d63fc7e0523a as the min replicated index is 4. Deletion is not allowed in this container yet.
2019-10-22 14:26:53,428 [BlockDeletingService#2] WARN  background.BlockDeletingService (BlockDeletingService.java:isDeletionAllowed(187)) - Close Container log Index 6 is not replicated across allthe servers in the pipeline 7ee4d48e-88bb-4c96-868c-d63fc7e0523a as the min replicated index is 4. Deletion is not allowed in this container yet.
2019-10-22 14:26:53,441 [EventQueue-ContainerReportForContainerReportHandler] WARN  container.ContainerReportHandler (AbstractContainerReportHandler.java:updateContainerState(145)) - Container #1 is in OPEN state, but the datanode c61b7886-1b9a-4032-b026-73ad3d840619{ip: 192.168.69.94, host: dev-testrun-4rklj-35625584, networkLocation: /default-rack, certSerialId: null} reports an CLOSED replica.
2019-10-22 14:26:53,616 [EventQueue-ContainerReportForContainerReportHandler] WARN  container.ContainerReportHandler (AbstractContainerReportHandler.java:updateContainerState(145)) - Container #1 is in OPEN state, but the datanode 94363dd8-42f5-429b-bbe3-506d55a6d307{ip: 192.168.69.94, host: dev-testrun-4rklj-35625584, networkLocation: /default-rack, certSerialId: null} reports an CLOSED replica.
2019-10-22 14:26:53,742 [EventQueue-ContainerReportForContainerReportHandler] WARN  container.ContainerReportHandler (AbstractContainerReportHandler.java:updateContainerState(145)) - Container #1 is in OPEN state, but the datanode c61b7886-1b9a-4032-b026-73ad3d840619{ip: 192.168.69.94, host: dev-testrun-4rklj-35625584, networkLocation: /default-rack, certSerialId: null} reports an CLOSED replica.
2019-10-22 14:26:53,918 [EventQueue-ContainerReportForContainerReportHandler] WARN  container.ContainerReportHandler (AbstractContainerReportHandler.java:updateContainerState(145)) - Container #1 is in OPEN state, but the datanode 94363dd8-42f5-429b-bbe3-506d55a6d307{ip: 192.168.69.94, host: dev-testrun-4rklj-35625584, networkLocation: /default-rack, certSerialId: null} reports an CLOSED replica.
2019-10-22 14:26:53,941 [EventQueue-ContainerReportForContainerReportHandler] WARN  container.ContainerReportHandler (AbstractContainerReportHandler.java:updateContainerState(145)) - Container #1 is in OPEN state, but the datanode c61b7886-1b9a-4032-b026-73ad3d840619{ip: 192.168.69.94, host: dev-testrun-4rklj-35625584, networkLocation: /default-rack, certSerialId: null} reports an CLOSED replica.
2019-10-22 14:26:54,218 [EventQueue-ContainerReportForContainerReportHandler] WARN  container.ContainerReportHandler (AbstractContainerReportHandler.java:updateContainerState(145)) - Container #1 is in OPEN state, but the datanode 94363dd8-42f5-429b-bbe3-506d55a6d307{ip: 192.168.69.94, host: dev-testrun-4rklj-35625584, networkLocation: /default-rack, certSerialId: null} reports an CLOSED replica.
2019-10-22 14:26:54,341 [EventQueue-ContainerReportForContainerReportHandler] WARN  container.ContainerReportHandler (AbstractContainerReportHandler.java:updateContainerState(145)) - Container #1 is in OPEN state, but the datanode c61b7886-1b9a-4032-b026-73ad3d840619{ip: 192.168.69.94, host: dev-testrun-4rklj-35625584, networkLocation: /default-rack, certSerialId: null} reports an CLOSED replica.
2019-10-22 14:26:54,430 [BlockDeletingService#2] WARN  background.BlockDeletingService (BlockDeletingService.java:isDeletionAllowed(187)) - Close Container log Index 6 is not replicated across allthe servers in the pipeline 7ee4d48e-88bb-4c96-868c-d63fc7e0523a as the min replicated index is 4. Deletion is not allowed in this container yet.
2019-10-22 14:26:54,430 [BlockDeletingService#2] WARN  background.BlockDeletingService (BlockDeletingService.java:isDeletionAllowed(187)) - Close Container log Index 6 is not replicated across allthe servers in the pipeline 7ee4d48e-88bb-4c96-868c-d63fc7e0523a as the min replicated index is 4. Deletion is not allowed in this container yet.
2019-10-22 14:26:54,437 [java.util.concurrent.ThreadPoolExecutor$Worker@3e1fcf78[State = -1, empty queue]] WARN  server.GrpcLogAppender (GrpcLogAppender.java:timeoutAppendRequest(209)) - 94363dd8-42f5-429b-bbe3-506d55a6d307@group-D63FC7E0523A->5e302b21-73c7-4c15-997b-467ec519df17-GrpcLogAppender: appendEntries Timeout, request=94363dd8-42f5-429b-bbe3-506d55a6d307->5e302b21-73c7-4c15-997b-467ec519df17#43-t2, previous=(t:2, i:10), leaderCommit=10, initializing? false, entries: <empty>
2019-10-22 14:26:54,534 [Thread-496] INFO  client.GrpcClientProtocolService (GrpcClientProtocolService.java:lambda$processClientRequest$0(279)) - Failed RaftClientRequest:client-458A7D8FFED2->c61b7886-1b9a-4032-b026-73ad3d840619@group-D63FC7E0523A, cid=10, seq=0, Watch-ALL_COMMITTED(6), Message:<EMPTY>, reply=RaftClientReply:client-458A7D8FFED2->c61b7886-1b9a-4032-b026-73ad3d840619@group-D63FC7E0523A, cid=10, FAILED org.apache.ratis.protocol.NotLeaderException: Server c61b7886-1b9a-4032-b026-73ad3d840619@group-D63FC7E0523A is not the leader 94363dd8-42f5-429b-bbe3-506d55a6d307:192.168.69.94:46664, logIndex=0, commits[c61b7886-1b9a-4032-b026-73ad3d840619:c10, 5e302b21-73c7-4c15-997b-467ec519df17:c4, 94363dd8-42f5-429b-bbe3-506d55a6d307:c10]
2019-10-22 14:26:54,542 [EventQueue-ContainerReportForContainerReportHandler] WARN  container.ContainerReportHandler (AbstractContainerReportHandler.java:updateContainerState(145)) - Container #1 is in OPEN state, but the datanode c61b7886-1b9a-4032-b026-73ad3d840619{ip: 192.168.69.94, host: dev-testrun-4rklj-35625584, networkLocation: /default-rack, certSerialId: null} reports an CLOSED replica.
2019-10-22 14:26:54,618 [EventQueue-ContainerReportForContainerReportHandler] WARN  container.ContainerReportHandler (AbstractContainerReportHandler.java:updateContainerState(145)) - Container #1 is in OPEN state, but the datanode 94363dd8-42f5-429b-bbe3-506d55a6d307{ip: 192.168.69.94, host: dev-testrun-4rklj-35625584, networkLocation: /default-rack, certSerialId: null} reports an CLOSED replica.
2019-10-22 14:26:54,744 [EventQueue-ContainerReportForContainerReportHandler] WARN  container.ContainerReportHandler (AbstractContainerReportHandler.java:updateContainerState(145)) - Container #1 is in OPEN state, but the datanode c61b7886-1b9a-4032-b026-73ad3d840619{ip: 192.168.69.94, host: dev-testrun-4rklj-35625584, networkLocation: /default-rack, certSerialId: null} reports an CLOSED replica.
2019-10-22 14:26:54,918 [EventQueue-ContainerReportForContainerReportHandler] WARN  container.ContainerReportHandler (AbstractContainerReportHandler.java:updateContainerState(145)) - Container #1 is in OPEN state, but the datanode 94363dd8-42f5-429b-bbe3-506d55a6d307{ip: 192.168.69.94, host: dev-testrun-4rklj-35625584, networkLocation: /default-rack, certSerialId: null} reports an CLOSED replica.
2019-10-22 14:26:55,146 [EventQueue-ContainerReportForContainerReportHandler] WARN  container.ContainerReportHandler (AbstractContainerReportHandler.java:updateContainerState(145)) - Container #1 is in OPEN state, but the datanode c61b7886-1b9a-4032-b026-73ad3d840619{ip: 192.168.69.94, host: dev-testrun-4rklj-35625584, networkLocation: /default-rack, certSerialId: null} reports an CLOSED replica.
2019-10-22 14:26:55,318 [EventQueue-ContainerReportForContainerReportHandler] WARN  container.ContainerReportHandler (AbstractContainerReportHandler.java:updateContainerState(145)) - Container #1 is in OPEN state, but the datanode 94363dd8-42f5-429b-bbe3-506d55a6d307{ip: 192.168.69.94, host: dev-testrun-4rklj-35625584, networkLocation: /default-rack, certSerialId: null} reports an CLOSED replica.
2019-10-22 14:26:55,346 [EventQueue-ContainerReportForContainerReportHandler] WARN  container.ContainerReportHandler (AbstractContainerReportHandler.java:updateContainerState(145)) - Container #1 is in OPEN state, but the datanode c61b7886-1b9a-4032-b026-73ad3d840619{ip: 192.168.69.94, host: dev-testrun-4rklj-35625584, networkLocation: /default-rack, certSerialId: null} reports an CLOSED replica.
2019-10-22 14:26:55,432 [BlockDeletingService#2] WARN  background.BlockDeletingService (BlockDeletingService.java:isDeletionAllowed(187)) - Close Container log Index 6 is not replicated across allthe servers in the pipeline 7ee4d48e-88bb-4c96-868c-d63fc7e0523a as the min replicated index is 4. Deletion is not allowed in this container yet.
2019-10-22 14:26:55,432 [BlockDeletingService#2] WARN  background.BlockDeletingService (BlockDeletingService.java:isDeletionAllowed(187)) - Close Container log Index 6 is not replicated across allthe servers in the pipeline 7ee4d48e-88bb-4c96-868c-d63fc7e0523a as the min replicated index is 4. Deletion is not allowed in this container yet.
2019-10-22 14:26:55,518 [EventQueue-ContainerReportForContainerReportHandler] WARN  container.ContainerReportHandler (AbstractContainerReportHandler.java:updateContainerState(145)) - Container #1 is in OPEN state, but the datanode 94363dd8-42f5-429b-bbe3-506d55a6d307{ip: 192.168.69.94, host: dev-testrun-4rklj-35625584, networkLocation: /default-rack, certSerialId: null} reports an CLOSED replica.
2019-10-22 14:26:55,748 [EventQueue-ContainerReportForContainerReportHandler] WARN  container.ContainerReportHandler (AbstractContainerReportHandler.java:updateContainerState(145)) - Container #1 is in OPEN state, but the datanode c61b7886-1b9a-4032-b026-73ad3d840619{ip: 192.168.69.94, host: dev-testrun-4rklj-35625584, networkLocation: /default-rack, certSerialId: null} reports an CLOSED replica.
2019-10-22 14:26:55,818 [EventQueue-ContainerReportForContainerReportHandler] WARN  container.ContainerReportHandler (AbstractContainerReportHandler.java:updateContainerState(145)) - Container #1 is in OPEN state, but the datanode 94363dd8-42f5-429b-bbe3-506d55a6d307{ip: 192.168.69.94, host: dev-testrun-4rklj-35625584, networkLocation: /default-rack, certSerialId: null} reports an CLOSED replica.
2019-10-22 14:26:55,886 [Thread-501] INFO  client.GrpcClientProtocolService (GrpcClientProtocolService.java:lambda$processClientRequest$0(279)) - Failed RaftClientRequest:client-458A7D8FFED2->94363dd8-42f5-429b-bbe3-506d55a6d307@group-D63FC7E0523A, cid=10, seq=0, Watch-ALL_COMMITTED(6), Message:<EMPTY>, reply=RaftClientReply:client-458A7D8FFED2->94363dd8-42f5-429b-bbe3-506d55a6d307@group-D63FC7E0523A, cid=10, FAILED org.apache.ratis.protocol.NotReplicatedException: Request with call Id 10 and log index 6 is not yet replicated to ALL_COMMITTED, logIndex=6, commits[94363dd8-42f5-429b-bbe3-506d55a6d307:c10, c61b7886-1b9a-4032-b026-73ad3d840619:c10, 5e302b21-73c7-4c15-997b-467ec519df17:c4]
2019-10-22 14:26:56,018 [EventQueue-ContainerReportForContainerReportHandler] WARN  container.ContainerReportHandler (AbstractContainerReportHandler.java:updateContainerState(145)) - Container #1 is in OPEN state, but the datanode 94363dd8-42f5-429b-bbe3-506d55a6d307{ip: 192.168.69.94, host: dev-testrun-4rklj-35625584, networkLocation: /default-rack, certSerialId: null} reports an CLOSED replica.
2019-10-22 14:26:56,048 [EventQueue-ContainerReportForContainerReportHandler] WARN  container.ContainerReportHandler (AbstractContainerReportHandler.java:updateContainerState(145)) - Container #1 is in OPEN state, but the datanode c61b7886-1b9a-4032-b026-73ad3d840619{ip: 192.168.69.94, host: dev-testrun-4rklj-35625584, networkLocation: /default-rack, certSerialId: null} reports an CLOSED replica.
2019-10-22 14:26:56,318 [EventQueue-ContainerReportForContainerReportHandler] WARN  container.ContainerReportHandler (AbstractContainerReportHandler.java:updateContainerState(145)) - Container #1 is in OPEN state, but the datanode 94363dd8-42f5-429b-bbe3-506d55a6d307{ip: 192.168.69.94, host: dev-testrun-4rklj-35625584, networkLocation: /default-rack, certSerialId: null} reports an CLOSED replica.
2019-10-22 14:26:56,348 [EventQueue-ContainerReportForContainerReportHandler] WARN  container.ContainerReportHandler (AbstractContainerReportHandler.java:updateContainerState(145)) - Container #1 is in OPEN state, but the datanode c61b7886-1b9a-4032-b026-73ad3d840619{ip: 192.168.69.94, host: dev-testrun-4rklj-35625584, networkLocation: /default-rack, certSerialId: null} reports an CLOSED replica.
2019-10-22 14:26:56,436 [BlockDeletingService#2] WARN  background.BlockDeletingService (BlockDeletingService.java:isDeletionAllowed(187)) - Close Container log Index 6 is not replicated across allthe servers in the pipeline 7ee4d48e-88bb-4c96-868c-d63fc7e0523a as the min replicated index is 4. Deletion is not allowed in this container yet.
2019-10-22 14:26:56,436 [BlockDeletingService#2] WARN  background.BlockDeletingService (BlockDeletingService.java:isDeletionAllowed(187)) - Close Container log Index 6 is not replicated across allthe servers in the pipeline 7ee4d48e-88bb-4c96-868c-d63fc7e0523a as the min replicated index is 4. Deletion is not allowed in this container yet.
2019-10-22 14:26:56,518 [EventQueue-ContainerReportForContainerReportHandler] WARN  container.ContainerReportHandler (AbstractContainerReportHandler.java:updateContainerState(145)) - Container #1 is in OPEN state, but the datanode 94363dd8-42f5-429b-bbe3-506d55a6d307{ip: 192.168.69.94, host: dev-testrun-4rklj-35625584, networkLocation: /default-rack, certSerialId: null} reports an CLOSED replica.
2019-10-22 14:26:56,649 [EventQueue-ContainerReportForContainerReportHandler] WARN  container.ContainerReportHandler (AbstractContainerReportHandler.java:updateContainerState(145)) - Container #1 is in OPEN state, but the datanode c61b7886-1b9a-4032-b026-73ad3d840619{ip: 192.168.69.94, host: dev-testrun-4rklj-35625584, networkLocation: /default-rack, certSerialId: null} reports an CLOSED replica.
2019-10-22 14:26:56,818 [EventQueue-ContainerReportForContainerReportHandler] WARN  container.ContainerReportHandler (AbstractContainerReportHandler.java:updateContainerState(145)) - Container #1 is in OPEN state, but the datanode 94363dd8-42f5-429b-bbe3-506d55a6d307{ip: 192.168.69.94, host: dev-testrun-4rklj-35625584, networkLocation: /default-rack, certSerialId: null} reports an CLOSED replica.
2019-10-22 14:26:56,939 [java.util.concurrent.ThreadPoolExecutor$Worker@3e1fcf78[State = -1, empty queue]] WARN  server.GrpcLogAppender (GrpcLogAppender.java:timeoutAppendRequest(209)) - 94363dd8-42f5-429b-bbe3-506d55a6d307@group-D63FC7E0523A->5e302b21-73c7-4c15-997b-467ec519df17-GrpcLogAppender: appendEntries Timeout, request=94363dd8-42f5-429b-bbe3-506d55a6d307->5e302b21-73c7-4c15-997b-467ec519df17#44-t2, previous=(t:2, i:10), leaderCommit=10, initializing? false, entries: <empty>
2019-10-22 14:26:56,950 [EventQueue-ContainerReportForContainerReportHandler] WARN  container.ContainerReportHandler (AbstractContainerReportHandler.java:updateContainerState(145)) - Container #1 is in OPEN state, but the datanode c61b7886-1b9a-4032-b026-73ad3d840619{ip: 192.168.69.94, host: dev-testrun-4rklj-35625584, networkLocation: /default-rack, certSerialId: null} reports an CLOSED replica.
2019-10-22 14:26:57,118 [EventQueue-ContainerReportForContainerReportHandler] WARN  container.ContainerReportHandler (AbstractContainerReportHandler.java:updateContainerState(145)) - Container #1 is in OPEN state, but the datanode 94363dd8-42f5-429b-bbe3-506d55a6d307{ip: 192.168.69.94, host: dev-testrun-4rklj-35625584, networkLocation: /default-rack, certSerialId: null} reports an CLOSED replica.
2019-10-22 14:26:57,352 [EventQueue-ContainerReportForContainerReportHandler] WARN  container.ContainerReportHandler (AbstractContainerReportHandler.java:updateContainerState(145)) - Container #1 is in OPEN state, but the datanode c61b7886-1b9a-4032-b026-73ad3d840619{ip: 192.168.69.94, host: dev-testrun-4rklj-35625584, networkLocation: /default-rack, certSerialId: null} reports an CLOSED replica.
2019-10-22 14:26:57,418 [EventQueue-ContainerReportForContainerReportHandler] WARN  container.ContainerReportHandler (AbstractContainerReportHandler.java:updateContainerState(145)) - Container #1 is in OPEN state, but the datanode 94363dd8-42f5-429b-bbe3-506d55a6d307{ip: 192.168.69.94, host: dev-testrun-4rklj-35625584, networkLocation: /default-rack, certSerialId: null} reports an CLOSED replica.
2019-10-22 14:26:57,441 [BlockDeletingService#2] WARN  background.BlockDeletingService (BlockDeletingService.java:isDeletionAllowed(187)) - Close Container log Index 6 is not replicated across allthe servers in the pipeline 7ee4d48e-88bb-4c96-868c-d63fc7e0523a as the min replicated index is 4. Deletion is not allowed in this container yet.
2019-10-22 14:26:57,441 [BlockDeletingService#2] WARN  background.BlockDeletingService (BlockDeletingService.java:isDeletionAllowed(187)) - Close Container log Index 6 is not replicated across allthe servers in the pipeline 7ee4d48e-88bb-4c96-868c-d63fc7e0523a as the min replicated index is 4. Deletion is not allowed in this container yet.
2019-10-22 14:26:57,619 [EventQueue-ContainerReportForContainerReportHandler] WARN  container.ContainerReportHandler (AbstractContainerReportHandler.java:updateContainerState(145)) - Container #1 is in OPEN state, but the datanode 94363dd8-42f5-429b-bbe3-506d55a6d307{ip: 192.168.69.94, host: dev-testrun-4rklj-35625584, networkLocation: /default-rack, certSerialId: null} reports an CLOSED replica.
2019-10-22 14:26:57,653 [EventQueue-ContainerReportForContainerReportHandler] WARN  container.ContainerReportHandler (AbstractContainerReportHandler.java:updateContainerState(145)) - Container #1 is in OPEN state, but the datanode c61b7886-1b9a-4032-b026-73ad3d840619{ip: 192.168.69.94, host: dev-testrun-4rklj-35625584, networkLocation: /default-rack, certSerialId: null} reports an CLOSED replica.
2019-10-22 14:26:57,818 [EventQueue-ContainerReportForContainerReportHandler] WARN  container.ContainerReportHandler (AbstractContainerReportHandler.java:updateContainerState(145)) - Container #1 is in OPEN state, but the datanode 94363dd8-42f5-429b-bbe3-506d55a6d307{ip: 192.168.69.94, host: dev-testrun-4rklj-35625584, networkLocation: /default-rack, certSerialId: null} reports an CLOSED replica.
2019-10-22 14:26:57,853 [EventQueue-ContainerReportForContainerReportHandler] WARN  container.ContainerReportHandler (AbstractContainerReportHandler.java:updateContainerState(145)) - Container #1 is in OPEN state, but the datanode c61b7886-1b9a-4032-b026-73ad3d840619{ip: 192.168.69.94, host: dev-testrun-4rklj-35625584, networkLocation: /default-rack, certSerialId: null} reports an CLOSED replica.
2019-10-22 14:26:58,118 [EventQueue-ContainerReportForContainerReportHandler] WARN  container.ContainerReportHandler (AbstractContainerReportHandler.java:updateContainerState(145)) - Container #1 is in OPEN state, but the datanode 94363dd8-42f5-429b-bbe3-506d55a6d307{ip: 192.168.69.94, host: dev-testrun-4rklj-35625584, networkLocation: /default-rack, certSerialId: null} reports an CLOSED replica.
2019-10-22 14:26:58,253 [EventQueue-ContainerReportForContainerReportHandler] WARN  container.ContainerReportHandler (AbstractContainerReportHandler.java:updateContainerState(145)) - Container #1 is in OPEN state, but the datanode c61b7886-1b9a-4032-b026-73ad3d840619{ip: 192.168.69.94, host: dev-testrun-4rklj-35625584, networkLocation: /default-rack, certSerialId: null} reports an CLOSED replica.
2019-10-22 14:26:58,418 [EventQueue-ContainerReportForContainerReportHandler] WARN  container.ContainerReportHandler (AbstractContainerReportHandler.java:updateContainerState(145)) - Container #1 is in OPEN state, but the datanode 94363dd8-42f5-429b-bbe3-506d55a6d307{ip: 192.168.69.94, host: dev-testrun-4rklj-35625584, networkLocation: /default-rack, certSerialId: null} reports an CLOSED replica.
2019-10-22 14:26:58,443 [BlockDeletingService#2] WARN  background.BlockDeletingService (BlockDeletingService.java:isDeletionAllowed(187)) - Close Container log Index 6 is not replicated across allthe servers in the pipeline 7ee4d48e-88bb-4c96-868c-d63fc7e0523a as the min replicated index is 4. Deletion is not allowed in this container yet.
2019-10-22 14:26:58,443 [BlockDeletingService#2] WARN  background.BlockDeletingService (BlockDeletingService.java:isDeletionAllowed(187)) - Close Container log Index 6 is not replicated across allthe servers in the pipeline 7ee4d48e-88bb-4c96-868c-d63fc7e0523a as the min replicated index is 4. Deletion is not allowed in this container yet.
2019-10-22 14:26:58,653 [EventQueue-ContainerReportForContainerReportHandler] WARN  container.ContainerReportHandler (AbstractContainerReportHandler.java:updateContainerState(145)) - Container #1 is in OPEN state, but the datanode c61b7886-1b9a-4032-b026-73ad3d840619{ip: 192.168.69.94, host: dev-testrun-4rklj-35625584, networkLocation: /default-rack, certSerialId: null} reports an CLOSED replica.
2019-10-22 14:26:58,719 [EventQueue-ContainerReportForContainerReportHandler] WARN  container.ContainerReportHandler (AbstractContainerReportHandler.java:updateContainerState(145)) - Container #1 is in OPEN state, but the datanode 94363dd8-42f5-429b-bbe3-506d55a6d307{ip: 192.168.69.94, host: dev-testrun-4rklj-35625584, networkLocation: /default-rack, certSerialId: null} reports an CLOSED replica.
2019-10-22 14:26:58,953 [EventQueue-ContainerReportForContainerReportHandler] WARN  container.ContainerReportHandler (AbstractContainerReportHandler.java:updateContainerState(145)) - Container #1 is in OPEN state, but the datanode c61b7886-1b9a-4032-b026-73ad3d840619{ip: 192.168.69.94, host: dev-testrun-4rklj-35625584, networkLocation: /default-rack, certSerialId: null} reports an CLOSED replica.
2019-10-22 14:26:59,021 [EventQueue-ContainerReportForContainerReportHandler] WARN  container.ContainerReportHandler (AbstractContainerReportHandler.java:updateContainerState(145)) - Container #1 is in OPEN state, but the datanode 94363dd8-42f5-429b-bbe3-506d55a6d307{ip: 192.168.69.94, host: dev-testrun-4rklj-35625584, networkLocation: /default-rack, certSerialId: null} reports an CLOSED replica.
2019-10-22 14:26:59,253 [EventQueue-ContainerReportForContainerReportHandler] WARN  container.ContainerReportHandler (AbstractContainerReportHandler.java:updateContainerState(145)) - Container #1 is in OPEN state, but the datanode c61b7886-1b9a-4032-b026-73ad3d840619{ip: 192.168.69.94, host: dev-testrun-4rklj-35625584, networkLocation: /default-rack, certSerialId: null} reports an CLOSED replica.
2019-10-22 14:26:59,419 [EventQueue-ContainerReportForContainerReportHandler] WARN  container.ContainerReportHandler (AbstractContainerReportHandler.java:updateContainerState(145)) - Container #1 is in OPEN state, but the datanode 94363dd8-42f5-429b-bbe3-506d55a6d307{ip: 192.168.69.94, host: dev-testrun-4rklj-35625584, networkLocation: /default-rack, certSerialId: null} reports an CLOSED replica.
2019-10-22 14:26:59,441 [java.util.concurrent.ThreadPoolExecutor$Worker@3e1fcf78[State = -1, empty queue]] WARN  server.GrpcLogAppender (GrpcLogAppender.java:timeoutAppendRequest(209)) - 94363dd8-42f5-429b-bbe3-506d55a6d307@group-D63FC7E0523A->5e302b21-73c7-4c15-997b-467ec519df17-GrpcLogAppender: appendEntries Timeout, request=94363dd8-42f5-429b-bbe3-506d55a6d307->5e302b21-73c7-4c15-997b-467ec519df17#45-t2, previous=(t:2, i:10), leaderCommit=10, initializing? false, entries: <empty>
2019-10-22 14:26:59,446 [BlockDeletingService#2] WARN  background.BlockDeletingService (BlockDeletingService.java:isDeletionAllowed(187)) - Close Container log Index 6 is not replicated across allthe servers in the pipeline 7ee4d48e-88bb-4c96-868c-d63fc7e0523a as the min replicated index is 4. Deletion is not allowed in this container yet.
2019-10-22 14:26:59,446 [BlockDeletingService#2] WARN  background.BlockDeletingService (BlockDeletingService.java:isDeletionAllowed(187)) - Close Container log Index 6 is not replicated across allthe servers in the pipeline 7ee4d48e-88bb-4c96-868c-d63fc7e0523a as the min replicated index is 4. Deletion is not allowed in this container yet.
2019-10-22 14:26:59,453 [EventQueue-ContainerReportForContainerReportHandler] WARN  container.ContainerReportHandler (AbstractContainerReportHandler.java:updateContainerState(145)) - Container #1 is in OPEN state, but the datanode c61b7886-1b9a-4032-b026-73ad3d840619{ip: 192.168.69.94, host: dev-testrun-4rklj-35625584, networkLocation: /default-rack, certSerialId: null} reports an CLOSED replica.
2019-10-22 14:26:59,754 [EventQueue-ContainerReportForContainerReportHandler] WARN  container.ContainerReportHandler (AbstractContainerReportHandler.java:updateContainerState(145)) - Container #1 is in OPEN state, but the datanode c61b7886-1b9a-4032-b026-73ad3d840619{ip: 192.168.69.94, host: dev-testrun-4rklj-35625584, networkLocation: /default-rack, certSerialId: null} reports an CLOSED replica.
2019-10-22 14:26:59,820 [EventQueue-ContainerReportForContainerReportHandler] WARN  container.ContainerReportHandler (AbstractContainerReportHandler.java:updateContainerState(145)) - Container #1 is in OPEN state, but the datanode 94363dd8-42f5-429b-bbe3-506d55a6d307{ip: 192.168.69.94, host: dev-testrun-4rklj-35625584, networkLocation: /default-rack, certSerialId: null} reports an CLOSED replica.
2019-10-22 14:27:00,153 [EventQueue-ContainerReportForContainerReportHandler] WARN  container.ContainerReportHandler (AbstractContainerReportHandler.java:updateContainerState(145)) - Container #1 is in OPEN state, but the datanode c61b7886-1b9a-4032-b026-73ad3d840619{ip: 192.168.69.94, host: dev-testrun-4rklj-35625584, networkLocation: /default-rack, certSerialId: null} reports an CLOSED replica.
2019-10-22 14:27:00,219 [EventQueue-ContainerReportForContainerReportHandler] WARN  container.ContainerReportHandler (AbstractContainerReportHandler.java:updateContainerState(145)) - Container #1 is in OPEN state, but the datanode 94363dd8-42f5-429b-bbe3-506d55a6d307{ip: 192.168.69.94, host: dev-testrun-4rklj-35625584, networkLocation: /default-rack, certSerialId: null} reports an CLOSED replica.
2019-10-22 14:27:00,448 [BlockDeletingService#2] WARN  background.BlockDeletingService (BlockDeletingService.java:isDeletionAllowed(187)) - Close Container log Index 6 is not replicated across allthe servers in the pipeline 7ee4d48e-88bb-4c96-868c-d63fc7e0523a as the min replicated index is 4. Deletion is not allowed in this container yet.
2019-10-22 14:27:00,448 [BlockDeletingService#2] WARN  background.BlockDeletingService (BlockDeletingService.java:isDeletionAllowed(187)) - Close Container log Index 6 is not replicated across allthe servers in the pipeline 7ee4d48e-88bb-4c96-868c-d63fc7e0523a as the min replicated index is 4. Deletion is not allowed in this container yet.
2019-10-22 14:27:00,520 [EventQueue-ContainerReportForContainerReportHandler] WARN  container.ContainerReportHandler (AbstractContainerReportHandler.java:updateContainerState(145)) - Container #1 is in OPEN state, but the datanode 94363dd8-42f5-429b-bbe3-506d55a6d307{ip: 192.168.69.94, host: dev-testrun-4rklj-35625584, networkLocation: /default-rack, certSerialId: null} reports an CLOSED replica.
2019-10-22 14:27:00,553 [EventQueue-ContainerReportForContainerReportHandler] WARN  container.ContainerReportHandler (AbstractContainerReportHandler.java:updateContainerState(145)) - Container #1 is in OPEN state, but the datanode c61b7886-1b9a-4032-b026-73ad3d840619{ip: 192.168.69.94, host: dev-testrun-4rklj-35625584, networkLocation: /default-rack, certSerialId: null} reports an CLOSED replica.
2019-10-22 14:27:00,753 [EventQueue-ContainerReportForContainerReportHandler] WARN  container.ContainerReportHandler (AbstractContainerReportHandler.java:updateContainerState(145)) - Container #1 is in OPEN state, but the datanode c61b7886-1b9a-4032-b026-73ad3d840619{ip: 192.168.69.94, host: dev-testrun-4rklj-35625584, networkLocation: /default-rack, certSerialId: null} reports an CLOSED replica.
2019-10-22 14:27:00,820 [EventQueue-ContainerReportForContainerReportHandler] WARN  container.ContainerReportHandler (AbstractContainerReportHandler.java:updateContainerState(145)) - Container #1 is in OPEN state, but the datanode 94363dd8-42f5-429b-bbe3-506d55a6d307{ip: 192.168.69.94, host: dev-testrun-4rklj-35625584, networkLocation: /default-rack, certSerialId: null} reports an CLOSED replica.
2019-10-22 14:27:01,020 [EventQueue-ContainerReportForContainerReportHandler] WARN  container.ContainerReportHandler (AbstractContainerReportHandler.java:updateContainerState(145)) - Container #1 is in OPEN state, but the datanode 94363dd8-42f5-429b-bbe3-506d55a6d307{ip: 192.168.69.94, host: dev-testrun-4rklj-35625584, networkLocation: /default-rack, certSerialId: null} reports an CLOSED replica.
2019-10-22 14:27:01,153 [EventQueue-ContainerReportForContainerReportHandler] WARN  container.ContainerReportHandler (AbstractContainerReportHandler.java:updateContainerState(145)) - Container #1 is in OPEN state, but the datanode c61b7886-1b9a-4032-b026-73ad3d840619{ip: 192.168.69.94, host: dev-testrun-4rklj-35625584, networkLocation: /default-rack, certSerialId: null} reports an CLOSED replica.
2019-10-22 14:27:01,320 [EventQueue-ContainerReportForContainerReportHandler] WARN  container.ContainerReportHandler (AbstractContainerReportHandler.java:updateContainerState(145)) - Container #1 is in OPEN state, but the datanode 94363dd8-42f5-429b-bbe3-506d55a6d307{ip: 192.168.69.94, host: dev-testrun-4rklj-35625584, networkLocation: /default-rack, certSerialId: null} reports an CLOSED replica.
2019-10-22 14:27:01,353 [EventQueue-ContainerReportForContainerReportHandler] WARN  container.ContainerReportHandler (AbstractContainerReportHandler.java:updateContainerState(145)) - Container #1 is in OPEN state, but the datanode c61b7886-1b9a-4032-b026-73ad3d840619{ip: 192.168.69.94, host: dev-testrun-4rklj-35625584, networkLocation: /default-rack, certSerialId: null} reports an CLOSED replica.
2019-10-22 14:27:01,450 [BlockDeletingService#2] WARN  background.BlockDeletingService (BlockDeletingService.java:isDeletionAllowed(187)) - Close Container log Index 6 is not replicated across allthe servers in the pipeline 7ee4d48e-88bb-4c96-868c-d63fc7e0523a as the min replicated index is 4. Deletion is not allowed in this container yet.
2019-10-22 14:27:01,450 [BlockDeletingService#2] WARN  background.BlockDeletingService (BlockDeletingService.java:isDeletionAllowed(187)) - Close Container log Index 6 is not replicated across allthe servers in the pipeline 7ee4d48e-88bb-4c96-868c-d63fc7e0523a as the min replicated index is 4. Deletion is not allowed in this container yet.
2019-10-22 14:27:01,621 [EventQueue-ContainerReportForContainerReportHandler] WARN  container.ContainerReportHandler (AbstractContainerReportHandler.java:updateContainerState(145)) - Container #1 is in OPEN state, but the datanode 94363dd8-42f5-429b-bbe3-506d55a6d307{ip: 192.168.69.94, host: dev-testrun-4rklj-35625584, networkLocation: /default-rack, certSerialId: null} reports an CLOSED replica.
2019-10-22 14:27:01,753 [EventQueue-ContainerReportForContainerReportHandler] WARN  container.ContainerReportHandler (AbstractContainerReportHandler.java:updateContainerState(145)) - Container #1 is in OPEN state, but the datanode c61b7886-1b9a-4032-b026-73ad3d840619{ip: 192.168.69.94, host: dev-testrun-4rklj-35625584, networkLocation: /default-rack, certSerialId: null} reports an CLOSED replica.
2019-10-22 14:27:01,942 [java.util.concurrent.ThreadPoolExecutor$Worker@3e1fcf78[State = -1, empty queue]] WARN  server.GrpcLogAppender (GrpcLogAppender.java:timeoutAppendRequest(209)) - 94363dd8-42f5-429b-bbe3-506d55a6d307@group-D63FC7E0523A->5e302b21-73c7-4c15-997b-467ec519df17-GrpcLogAppender: appendEntries Timeout, request=94363dd8-42f5-429b-bbe3-506d55a6d307->5e302b21-73c7-4c15-997b-467ec519df17#46-t2, previous=(t:2, i:10), leaderCommit=10, initializing? false, entries: <empty>
2019-10-22 14:27:02,020 [EventQueue-ContainerReportForContainerReportHandler] WARN  container.ContainerReportHandler (AbstractContainerReportHandler.java:updateContainerState(145)) - Container #1 is in OPEN state, but the datanode 94363dd8-42f5-429b-bbe3-506d55a6d307{ip: 192.168.69.94, host: dev-testrun-4rklj-35625584, networkLocation: /default-rack, certSerialId: null} reports an CLOSED replica.
2019-10-22 14:27:02,053 [EventQueue-ContainerReportForContainerReportHandler] WARN  container.ContainerReportHandler (AbstractContainerReportHandler.java:updateContainerState(145)) - Container #1 is in OPEN state, but the datanode c61b7886-1b9a-4032-b026-73ad3d840619{ip: 192.168.69.94, host: dev-testrun-4rklj-35625584, networkLocation: /default-rack, certSerialId: null} reports an CLOSED replica.
2019-10-22 14:27:02,420 [EventQueue-ContainerReportForContainerReportHandler] WARN  container.ContainerReportHandler (AbstractContainerReportHandler.java:updateContainerState(145)) - Container #1 is in OPEN state, but the datanode 94363dd8-42f5-429b-bbe3-506d55a6d307{ip: 192.168.69.94, host: dev-testrun-4rklj-35625584, networkLocation: /default-rack, certSerialId: null} reports an CLOSED replica.
2019-10-22 14:27:02,453 [BlockDeletingService#2] WARN  background.BlockDeletingService (BlockDeletingService.java:isDeletionAllowed(187)) - Close Container log Index 6 is not replicated across allthe servers in the pipeline 7ee4d48e-88bb-4c96-868c-d63fc7e0523a as the min replicated index is 4. Deletion is not allowed in this container yet.
2019-10-22 14:27:02,453 [BlockDeletingService#2] WARN  background.BlockDeletingService (BlockDeletingService.java:isDeletionAllowed(187)) - Close Container log Index 6 is not replicated across allthe servers in the pipeline 7ee4d48e-88bb-4c96-868c-d63fc7e0523a as the min replicated index is 4. Deletion is not allowed in this container yet.
2019-10-22 14:27:02,455 [EventQueue-ContainerReportForContainerReportHandler] WARN  container.ContainerReportHandler (AbstractContainerReportHandler.java:updateContainerState(145)) - Container #1 is in OPEN state, but the datanode c61b7886-1b9a-4032-b026-73ad3d840619{ip: 192.168.69.94, host: dev-testrun-4rklj-35625584, networkLocation: /default-rack, certSerialId: null} reports an CLOSED replica.
2019-10-22 14:27:02,621 [EventQueue-ContainerReportForContainerReportHandler] WARN  container.ContainerReportHandler (AbstractContainerReportHandler.java:updateContainerState(145)) - Container #1 is in OPEN state, but the datanode 94363dd8-42f5-429b-bbe3-506d55a6d307{ip: 192.168.69.94, host: dev-testrun-4rklj-35625584, networkLocation: /default-rack, certSerialId: null} reports an CLOSED replica.
2019-10-22 14:27:02,859 [EventQueue-ContainerReportForContainerReportHandler] WARN  container.ContainerReportHandler (AbstractContainerReportHandler.java:updateContainerState(145)) - Container #1 is in OPEN state, but the datanode c61b7886-1b9a-4032-b026-73ad3d840619{ip: 192.168.69.94, host: dev-testrun-4rklj-35625584, networkLocation: /default-rack, certSerialId: null} reports an CLOSED replica.
2019-10-22 14:27:03,021 [EventQueue-ContainerReportForContainerReportHandler] WARN  container.ContainerReportHandler (AbstractContainerReportHandler.java:updateContainerState(145)) - Container #1 is in OPEN state, but the datanode 94363dd8-42f5-429b-bbe3-506d55a6d307{ip: 192.168.69.94, host: dev-testrun-4rklj-35625584, networkLocation: /default-rack, certSerialId: null} reports an CLOSED replica.
2019-10-22 14:27:03,259 [EventQueue-ContainerReportForContainerReportHandler] WARN  container.ContainerReportHandler (AbstractContainerReportHandler.java:updateContainerState(145)) - Container #1 is in OPEN state, but the datanode c61b7886-1b9a-4032-b026-73ad3d840619{ip: 192.168.69.94, host: dev-testrun-4rklj-35625584, networkLocation: /default-rack, certSerialId: null} reports an CLOSED replica.
2019-10-22 14:27:03,321 [EventQueue-ContainerReportForContainerReportHandler] WARN  container.ContainerReportHandler (AbstractContainerReportHandler.java:updateContainerState(145)) - Container #1 is in OPEN state, but the datanode 94363dd8-42f5-429b-bbe3-506d55a6d307{ip: 192.168.69.94, host: dev-testrun-4rklj-35625584, networkLocation: /default-rack, certSerialId: null} reports an CLOSED replica.
2019-10-22 14:27:03,455 [BlockDeletingService#2] WARN  background.BlockDeletingService (BlockDeletingService.java:isDeletionAllowed(187)) - Close Container log Index 6 is not replicated across allthe servers in the pipeline 7ee4d48e-88bb-4c96-868c-d63fc7e0523a as the min replicated index is 4. Deletion is not allowed in this container yet.
2019-10-22 14:27:03,455 [BlockDeletingService#2] WARN  background.BlockDeletingService (BlockDeletingService.java:isDeletionAllowed(187)) - Close Container log Index 6 is not replicated across allthe servers in the pipeline 7ee4d48e-88bb-4c96-868c-d63fc7e0523a as the min replicated index is 4. Deletion is not allowed in this container yet.
2019-10-22 14:27:03,621 [EventQueue-ContainerReportForContainerReportHandler] WARN  container.ContainerReportHandler (AbstractContainerReportHandler.java:updateContainerState(145)) - Container #1 is in OPEN state, but the datanode 94363dd8-42f5-429b-bbe3-506d55a6d307{ip: 192.168.69.94, host: dev-testrun-4rklj-35625584, networkLocation: /default-rack, certSerialId: null} reports an CLOSED replica.
2019-10-22 14:27:03,664 [EventQueue-ContainerReportForContainerReportHandler] WARN  container.ContainerReportHandler (AbstractContainerReportHandler.java:updateContainerState(145)) - Container #1 is in OPEN state, but the datanode c61b7886-1b9a-4032-b026-73ad3d840619{ip: 192.168.69.94, host: dev-testrun-4rklj-35625584, networkLocation: /default-rack, certSerialId: null} reports an CLOSED replica.
2019-10-22 14:27:03,821 [EventQueue-ContainerReportForContainerReportHandler] WARN  container.ContainerReportHandler (AbstractContainerReportHandler.java:updateContainerState(145)) - Container #1 is in OPEN state, but the datanode 94363dd8-42f5-429b-bbe3-506d55a6d307{ip: 192.168.69.94, host: dev-testrun-4rklj-35625584, networkLocation: /default-rack, certSerialId: null} reports an CLOSED replica.
2019-10-22 14:27:03,865 [EventQueue-ContainerReportForContainerReportHandler] WARN  container.ContainerReportHandler (AbstractContainerReportHandler.java:updateContainerState(145)) - Container #1 is in OPEN state, but the datanode c61b7886-1b9a-4032-b026-73ad3d840619{ip: 192.168.69.94, host: dev-testrun-4rklj-35625584, networkLocation: /default-rack, certSerialId: null} reports an CLOSED replica.
2019-10-22 14:27:04,021 [EventQueue-ContainerReportForContainerReportHandler] WARN  container.ContainerReportHandler (AbstractContainerReportHandler.java:updateContainerState(145)) - Container #1 is in OPEN state, but the datanode 94363dd8-42f5-429b-bbe3-506d55a6d307{ip: 192.168.69.94, host: dev-testrun-4rklj-35625584, networkLocation: /default-rack, certSerialId: null} reports an CLOSED replica.
2019-10-22 14:27:04,266 [EventQueue-ContainerReportForContainerReportHandler] WARN  container.ContainerReportHandler (AbstractContainerReportHandler.java:updateContainerState(145)) - Container #1 is in OPEN state, but the datanode c61b7886-1b9a-4032-b026-73ad3d840619{ip: 192.168.69.94, host: dev-testrun-4rklj-35625584, networkLocation: /default-rack, certSerialId: null} reports an CLOSED replica.
2019-10-22 14:27:04,321 [EventQueue-ContainerReportForContainerReportHandler] WARN  container.ContainerReportHandler (AbstractContainerReportHandler.java:updateContainerState(145)) - Container #1 is in OPEN state, but the datanode 94363dd8-42f5-429b-bbe3-506d55a6d307{ip: 192.168.69.94, host: dev-testrun-4rklj-35625584, networkLocation: /default-rack, certSerialId: null} reports an CLOSED replica.
2019-10-22 14:27:04,444 [java.util.concurrent.ThreadPoolExecutor$Worker@3e1fcf78[State = -1, empty queue]] WARN  server.GrpcLogAppender (GrpcLogAppender.java:timeoutAppendRequest(209)) - 94363dd8-42f5-429b-bbe3-506d55a6d307@group-D63FC7E0523A->5e302b21-73c7-4c15-997b-467ec519df17-GrpcLogAppender: appendEntries Timeout, request=94363dd8-42f5-429b-bbe3-506d55a6d307->5e302b21-73c7-4c15-997b-467ec519df17#47-t2, previous=(t:2, i:10), leaderCommit=10, initializing? false, entries: <empty>
2019-10-22 14:27:04,457 [BlockDeletingService#2] WARN  background.BlockDeletingService (BlockDeletingService.java:isDeletionAllowed(187)) - Close Container log Index 6 is not replicated across allthe servers in the pipeline 7ee4d48e-88bb-4c96-868c-d63fc7e0523a as the min replicated index is 4. Deletion is not allowed in this container yet.
2019-10-22 14:27:04,457 [BlockDeletingService#2] WARN  background.BlockDeletingService (BlockDeletingService.java:isDeletionAllowed(187)) - Close Container log Index 6 is not replicated across allthe servers in the pipeline 7ee4d48e-88bb-4c96-868c-d63fc7e0523a as the min replicated index is 4. Deletion is not allowed in this container yet.
2019-10-22 14:27:04,466 [EventQueue-ContainerReportForContainerReportHandler] WARN  container.ContainerReportHandler (AbstractContainerReportHandler.java:updateContainerState(145)) - Container #1 is in OPEN state, but the datanode c61b7886-1b9a-4032-b026-73ad3d840619{ip: 192.168.69.94, host: dev-testrun-4rklj-35625584, networkLocation: /default-rack, certSerialId: null} reports an CLOSED replica.
2019-10-22 14:27:04,580 [Thread-528] INFO  client.GrpcClientProtocolService (GrpcClientProtocolService.java:lambda$processClientRequest$0(279)) - Failed RaftClientRequest:client-458A7D8FFED2->c61b7886-1b9a-4032-b026-73ad3d840619@group-D63FC7E0523A, cid=10, seq=0, Watch-ALL_COMMITTED(6), Message:<EMPTY>, reply=RaftClientReply:client-458A7D8FFED2->c61b7886-1b9a-4032-b026-73ad3d840619@group-D63FC7E0523A, cid=10, FAILED org.apache.ratis.protocol.NotLeaderException: Server c61b7886-1b9a-4032-b026-73ad3d840619@group-D63FC7E0523A is not the leader 94363dd8-42f5-429b-bbe3-506d55a6d307:192.168.69.94:46664, logIndex=0, commits[c61b7886-1b9a-4032-b026-73ad3d840619:c10, 5e302b21-73c7-4c15-997b-467ec519df17:c4, 94363dd8-42f5-429b-bbe3-506d55a6d307:c10]
2019-10-22 14:27:04,621 [EventQueue-ContainerReportForContainerReportHandler] WARN  container.ContainerReportHandler (AbstractContainerReportHandler.java:updateContainerState(145)) - Container #1 is in OPEN state, but the datanode 94363dd8-42f5-429b-bbe3-506d55a6d307{ip: 192.168.69.94, host: dev-testrun-4rklj-35625584, networkLocation: /default-rack, certSerialId: null} reports an CLOSED replica.
2019-10-22 14:27:04,766 [EventQueue-ContainerReportForContainerReportHandler] WARN  container.ContainerReportHandler (AbstractContainerReportHandler.java:updateContainerState(145)) - Container #1 is in OPEN state, but the datanode c61b7886-1b9a-4032-b026-73ad3d840619{ip: 192.168.69.94, host: dev-testrun-4rklj-35625584, networkLocation: /default-rack, certSerialId: null} reports an CLOSED replica.
2019-10-22 14:27:04,884 [Thread-531] INFO  client.GrpcClientProtocolService (GrpcClientProtocolService.java:lambda$processClientRequest$0(279)) - Failed RaftClientRequest:client-458A7D8FFED2->94363dd8-42f5-429b-bbe3-506d55a6d307@group-D63FC7E0523A, cid=10, seq=0, Watch-ALL_COMMITTED(6), Message:<EMPTY>, reply=RaftClientReply:client-458A7D8FFED2->94363dd8-42f5-429b-bbe3-506d55a6d307@group-D63FC7E0523A, cid=10, FAILED org.apache.ratis.protocol.NotReplicatedException: Request with call Id 10 and log index 6 is not yet replicated to ALL_COMMITTED, logIndex=6, commits[94363dd8-42f5-429b-bbe3-506d55a6d307:c10, c61b7886-1b9a-4032-b026-73ad3d840619:c10, 5e302b21-73c7-4c15-997b-467ec519df17:c4]
2019-10-22 14:27:04,921 [EventQueue-ContainerReportForContainerReportHandler] WARN  container.ContainerReportHandler (AbstractContainerReportHandler.java:updateContainerState(145)) - Container #1 is in OPEN state, but the datanode 94363dd8-42f5-429b-bbe3-506d55a6d307{ip: 192.168.69.94, host: dev-testrun-4rklj-35625584, networkLocation: /default-rack, certSerialId: null} reports an CLOSED replica.
2019-10-22 14:27:04,966 [EventQueue-ContainerReportForContainerReportHandler] WARN  container.ContainerReportHandler (AbstractContainerReportHandler.java:updateContainerState(145)) - Container #1 is in OPEN state, but the datanode c61b7886-1b9a-4032-b026-73ad3d840619{ip: 192.168.69.94, host: dev-testrun-4rklj-35625584, networkLocation: /default-rack, certSerialId: null} reports an CLOSED replica.
2019-10-22 14:27:05,222 [EventQueue-ContainerReportForContainerReportHandler] WARN  container.ContainerReportHandler (AbstractContainerReportHandler.java:updateContainerState(145)) - Container #1 is in OPEN state, but the datanode 94363dd8-42f5-429b-bbe3-506d55a6d307{ip: 192.168.69.94, host: dev-testrun-4rklj-35625584, networkLocation: /default-rack, certSerialId: null} reports an CLOSED replica.
2019-10-22 14:27:05,266 [EventQueue-ContainerReportForContainerReportHandler] WARN  container.ContainerReportHandler (AbstractContainerReportHandler.java:updateContainerState(145)) - Container #1 is in OPEN state, but the datanode c61b7886-1b9a-4032-b026-73ad3d840619{ip: 192.168.69.94, host: dev-testrun-4rklj-35625584, networkLocation: /default-rack, certSerialId: null} reports an CLOSED replica.
2019-10-22 14:27:05,424 [EventQueue-ContainerReportForContainerReportHandler] WARN  container.ContainerReportHandler (AbstractContainerReportHandler.java:updateContainerState(145)) - Container #1 is in OPEN state, but the datanode 94363dd8-42f5-429b-bbe3-506d55a6d307{ip: 192.168.69.94, host: dev-testrun-4rklj-35625584, networkLocation: /default-rack, certSerialId: null} reports an CLOSED replica.
2019-10-22 14:27:05,459 [BlockDeletingService#2] WARN  background.BlockDeletingService (BlockDeletingService.java:isDeletionAllowed(187)) - Close Container log Index 6 is not replicated across allthe servers in the pipeline 7ee4d48e-88bb-4c96-868c-d63fc7e0523a as the min replicated index is 4. Deletion is not allowed in this container yet.
2019-10-22 14:27:05,459 [BlockDeletingService#2] WARN  background.BlockDeletingService (BlockDeletingService.java:isDeletionAllowed(187)) - Close Container log Index 6 is not replicated across allthe servers in the pipeline 7ee4d48e-88bb-4c96-868c-d63fc7e0523a as the min replicated index is 4. Deletion is not allowed in this container yet.
2019-10-22 14:27:05,466 [EventQueue-ContainerReportForContainerReportHandler] WARN  container.ContainerReportHandler (AbstractContainerReportHandler.java:updateContainerState(145)) - Container #1 is in OPEN state, but the datanode c61b7886-1b9a-4032-b026-73ad3d840619{ip: 192.168.69.94, host: dev-testrun-4rklj-35625584, networkLocation: /default-rack, certSerialId: null} reports an CLOSED replica.
2019-10-22 14:27:05,725 [EventQueue-ContainerReportForContainerReportHandler] WARN  container.ContainerReportHandler (AbstractContainerReportHandler.java:updateContainerState(145)) - Container #1 is in OPEN state, but the datanode 94363dd8-42f5-429b-bbe3-506d55a6d307{ip: 192.168.69.94, host: dev-testrun-4rklj-35625584, networkLocation: /default-rack, certSerialId: null} reports an CLOSED replica.
2019-10-22 14:27:05,867 [EventQueue-ContainerReportForContainerReportHandler] WARN  container.ContainerReportHandler (AbstractContainerReportHandler.java:updateContainerState(145)) - Container #1 is in OPEN state, but the datanode c61b7886-1b9a-4032-b026-73ad3d840619{ip: 192.168.69.94, host: dev-testrun-4rklj-35625584, networkLocation: /default-rack, certSerialId: null} reports an CLOSED replica.
2019-10-22 14:27:06,024 [EventQueue-ContainerReportForContainerReportHandler] WARN  container.ContainerReportHandler (AbstractContainerReportHandler.java:updateContainerState(145)) - Container #1 is in OPEN state, but the datanode 94363dd8-42f5-429b-bbe3-506d55a6d307{ip: 192.168.69.94, host: dev-testrun-4rklj-35625584, networkLocation: /default-rack, certSerialId: null} reports an CLOSED replica.
2019-10-22 14:27:06,168 [EventQueue-ContainerReportForContainerReportHandler] WARN  container.ContainerReportHandler (AbstractContainerReportHandler.java:updateContainerState(145)) - Container #1 is in OPEN state, but the datanode c61b7886-1b9a-4032-b026-73ad3d840619{ip: 192.168.69.94, host: dev-testrun-4rklj-35625584, networkLocation: /default-rack, certSerialId: null} reports an CLOSED replica.
2019-10-22 14:27:06,368 [EventQueue-ContainerReportForContainerReportHandler] WARN  container.ContainerReportHandler (AbstractContainerReportHandler.java:updateContainerState(145)) - Container #1 is in OPEN state, but the datanode c61b7886-1b9a-4032-b026-73ad3d840619{ip: 192.168.69.94, host: dev-testrun-4rklj-35625584, networkLocation: /default-rack, certSerialId: null} reports an CLOSED replica.
2019-10-22 14:27:06,425 [EventQueue-ContainerReportForContainerReportHandler] WARN  container.ContainerReportHandler (AbstractContainerReportHandler.java:updateContainerState(145)) - Container #1 is in OPEN state, but the datanode 94363dd8-42f5-429b-bbe3-506d55a6d307{ip: 192.168.69.94, host: dev-testrun-4rklj-35625584, networkLocation: /default-rack, certSerialId: null} reports an CLOSED replica.
2019-10-22 14:27:06,463 [BlockDeletingService#2] WARN  background.BlockDeletingService (BlockDeletingService.java:isDeletionAllowed(187)) - Close Container log Index 6 is not replicated across allthe servers in the pipeline 7ee4d48e-88bb-4c96-868c-d63fc7e0523a as the min replicated index is 4. Deletion is not allowed in this container yet.
2019-10-22 14:27:06,463 [BlockDeletingService#2] WARN  background.BlockDeletingService (BlockDeletingService.java:isDeletionAllowed(187)) - Close Container log Index 6 is not replicated across allthe servers in the pipeline 7ee4d48e-88bb-4c96-868c-d63fc7e0523a as the min replicated index is 4. Deletion is not allowed in this container yet.
2019-10-22 14:27:06,624 [EventQueue-ContainerReportForContainerReportHandler] WARN  container.ContainerReportHandler (AbstractContainerReportHandler.java:updateContainerState(145)) - Container #1 is in OPEN state, but the datanode 94363dd8-42f5-429b-bbe3-506d55a6d307{ip: 192.168.69.94, host: dev-testrun-4rklj-35625584, networkLocation: /default-rack, certSerialId: null} reports an CLOSED replica.
2019-10-22 14:27:06,669 [EventQueue-ContainerReportForContainerReportHandler] WARN  container.ContainerReportHandler (AbstractContainerReportHandler.java:updateContainerState(145)) - Container #1 is in OPEN state, but the datanode c61b7886-1b9a-4032-b026-73ad3d840619{ip: 192.168.69.94, host: dev-testrun-4rklj-35625584, networkLocation: /default-rack, certSerialId: null} reports an CLOSED replica.
2019-10-22 14:27:06,945 [java.util.concurrent.ThreadPoolExecutor$Worker@3e1fcf78[State = -1, empty queue]] WARN  server.GrpcLogAppender (GrpcLogAppender.java:timeoutAppendRequest(209)) - 94363dd8-42f5-429b-bbe3-506d55a6d307@group-D63FC7E0523A->5e302b21-73c7-4c15-997b-467ec519df17-GrpcLogAppender: appendEntries Timeout, request=94363dd8-42f5-429b-bbe3-506d55a6d307->5e302b21-73c7-4c15-997b-467ec519df17#48-t2, previous=(t:2, i:10), leaderCommit=10, initializing? false, entries: <empty>
2019-10-22 14:27:06,968 [EventQueue-ContainerReportForContainerReportHandler] WARN  container.ContainerReportHandler (AbstractContainerReportHandler.java:updateContainerState(145)) - Container #1 is in OPEN state, but the datanode c61b7886-1b9a-4032-b026-73ad3d840619{ip: 192.168.69.94, host: dev-testrun-4rklj-35625584, networkLocation: /default-rack, certSerialId: null} reports an CLOSED replica.
2019-10-22 14:27:07,024 [EventQueue-ContainerReportForContainerReportHandler] WARN  container.ContainerReportHandler (AbstractContainerReportHandler.java:updateContainerState(145)) - Container #1 is in OPEN state, but the datanode 94363dd8-42f5-429b-bbe3-506d55a6d307{ip: 192.168.69.94, host: dev-testrun-4rklj-35625584, networkLocation: /default-rack, certSerialId: null} reports an CLOSED replica.
2019-10-22 14:27:07,224 [EventQueue-ContainerReportForContainerReportHandler] WARN  container.ContainerReportHandler (AbstractContainerReportHandler.java:updateContainerState(145)) - Container #1 is in OPEN state, but the datanode 94363dd8-42f5-429b-bbe3-506d55a6d307{ip: 192.168.69.94, host: dev-testrun-4rklj-35625584, networkLocation: /default-rack, certSerialId: null} reports an CLOSED replica.
2019-10-22 14:27:07,368 [EventQueue-ContainerReportForContainerReportHandler] WARN  container.ContainerReportHandler (AbstractContainerReportHandler.java:updateContainerState(145)) - Container #1 is in OPEN state, but the datanode c61b7886-1b9a-4032-b026-73ad3d840619{ip: 192.168.69.94, host: dev-testrun-4rklj-35625584, networkLocation: /default-rack, certSerialId: null} reports an CLOSED replica.
2019-10-22 14:27:07,465 [BlockDeletingService#2] WARN  background.BlockDeletingService (BlockDeletingService.java:isDeletionAllowed(187)) - Close Container log Index 6 is not replicated across allthe servers in the pipeline 7ee4d48e-88bb-4c96-868c-d63fc7e0523a as the min replicated index is 4. Deletion is not allowed in this container yet.
2019-10-22 14:27:07,465 [BlockDeletingService#2] WARN  background.BlockDeletingService (BlockDeletingService.java:isDeletionAllowed(187)) - Close Container log Index 6 is not replicated across allthe servers in the pipeline 7ee4d48e-88bb-4c96-868c-d63fc7e0523a as the min replicated index is 4. Deletion is not allowed in this container yet.
2019-10-22 14:27:07,625 [EventQueue-ContainerReportForContainerReportHandler] WARN  container.ContainerReportHandler (AbstractContainerReportHandler.java:updateContainerState(145)) - Container #1 is in OPEN state, but the datanode 94363dd8-42f5-429b-bbe3-506d55a6d307{ip: 192.168.69.94, host: dev-testrun-4rklj-35625584, networkLocation: /default-rack, certSerialId: null} reports an CLOSED replica.
2019-10-22 14:27:07,668 [EventQueue-ContainerReportForContainerReportHandler] WARN  container.ContainerReportHandler (AbstractContainerReportHandler.java:updateContainerState(145)) - Container #1 is in OPEN state, but the datanode c61b7886-1b9a-4032-b026-73ad3d840619{ip: 192.168.69.94, host: dev-testrun-4rklj-35625584, networkLocation: /default-rack, certSerialId: null} reports an CLOSED replica.
2019-10-22 14:27:07,968 [EventQueue-ContainerReportForContainerReportHandler] WARN  container.ContainerReportHandler (AbstractContainerReportHandler.java:updateContainerState(145)) - Container #1 is in OPEN state, but the datanode c61b7886-1b9a-4032-b026-73ad3d840619{ip: 192.168.69.94, host: dev-testrun-4rklj-35625584, networkLocation: /default-rack, certSerialId: null} reports an CLOSED replica.
2019-10-22 14:27:08,025 [EventQueue-ContainerReportForContainerReportHandler] WARN  container.ContainerReportHandler (AbstractContainerReportHandler.java:updateContainerState(145)) - Container #1 is in OPEN state, but the datanode 94363dd8-42f5-429b-bbe3-506d55a6d307{ip: 192.168.69.94, host: dev-testrun-4rklj-35625584, networkLocation: /default-rack, certSerialId: null} reports an CLOSED replica.
2019-10-22 14:27:08,325 [EventQueue-ContainerReportForContainerReportHandler] WARN  container.ContainerReportHandler (AbstractContainerReportHandler.java:updateContainerState(145)) - Container #1 is in OPEN state, but the datanode 94363dd8-42f5-429b-bbe3-506d55a6d307{ip: 192.168.69.94, host: dev-testrun-4rklj-35625584, networkLocation: /default-rack, certSerialId: null} reports an CLOSED replica.
2019-10-22 14:27:08,369 [EventQueue-ContainerReportForContainerReportHandler] WARN  container.ContainerReportHandler (AbstractContainerReportHandler.java:updateContainerState(145)) - Container #1 is in OPEN state, but the datanode c61b7886-1b9a-4032-b026-73ad3d840619{ip: 192.168.69.94, host: dev-testrun-4rklj-35625584, networkLocation: /default-rack, certSerialId: null} reports an CLOSED replica.
2019-10-22 14:27:08,467 [BlockDeletingService#2] WARN  background.BlockDeletingService (BlockDeletingService.java:isDeletionAllowed(187)) - Close Container log Index 6 is not replicated across allthe servers in the pipeline 7ee4d48e-88bb-4c96-868c-d63fc7e0523a as the min replicated index is 4. Deletion is not allowed in this container yet.
2019-10-22 14:27:08,467 [BlockDeletingService#2] WARN  background.BlockDeletingService (BlockDeletingService.java:isDeletionAllowed(187)) - Close Container log Index 6 is not replicated across allthe servers in the pipeline 7ee4d48e-88bb-4c96-868c-d63fc7e0523a as the min replicated index is 4. Deletion is not allowed in this container yet.
2019-10-22 14:27:08,628 [EventQueue-ContainerReportForContainerReportHandler] WARN  container.ContainerReportHandler (AbstractContainerReportHandler.java:updateContainerState(145)) - Container #1 is in OPEN state, but the datanode 94363dd8-42f5-429b-bbe3-506d55a6d307{ip: 192.168.69.94, host: dev-testrun-4rklj-35625584, networkLocation: /default-rack, certSerialId: null} reports an CLOSED replica.
2019-10-22 14:27:08,669 [EventQueue-ContainerReportForContainerReportHandler] WARN  container.ContainerReportHandler (AbstractContainerReportHandler.java:updateContainerState(145)) - Container #1 is in OPEN state, but the datanode c61b7886-1b9a-4032-b026-73ad3d840619{ip: 192.168.69.94, host: dev-testrun-4rklj-35625584, networkLocation: /default-rack, certSerialId: null} reports an CLOSED replica.
2019-10-22 14:27:08,870 [EventQueue-ContainerReportForContainerReportHandler] WARN  container.ContainerReportHandler (AbstractContainerReportHandler.java:updateContainerState(145)) - Container #1 is in OPEN state, but the datanode c61b7886-1b9a-4032-b026-73ad3d840619{ip: 192.168.69.94, host: dev-testrun-4rklj-35625584, networkLocation: /default-rack, certSerialId: null} reports an CLOSED replica.
2019-10-22 14:27:08,929 [EventQueue-ContainerReportForContainerReportHandler] WARN  container.ContainerReportHandler (AbstractContainerReportHandler.java:updateContainerState(145)) - Container #1 is in OPEN state, but the datanode 94363dd8-42f5-429b-bbe3-506d55a6d307{ip: 192.168.69.94, host: dev-testrun-4rklj-35625584, networkLocation: /default-rack, certSerialId: null} reports an CLOSED replica.
2019-10-22 14:27:09,070 [EventQueue-ContainerReportForContainerReportHandler] WARN  container.ContainerReportHandler (AbstractContainerReportHandler.java:updateContainerState(145)) - Container #1 is in OPEN state, but the datanode c61b7886-1b9a-4032-b026-73ad3d840619{ip: 192.168.69.94, host: dev-testrun-4rklj-35625584, networkLocation: /default-rack, certSerialId: null} reports an CLOSED replica.
2019-10-22 14:27:09,229 [EventQueue-ContainerReportForContainerReportHandler] WARN  container.ContainerReportHandler (AbstractContainerReportHandler.java:updateContainerState(145)) - Container #1 is in OPEN state, but the datanode 94363dd8-42f5-429b-bbe3-506d55a6d307{ip: 192.168.69.94, host: dev-testrun-4rklj-35625584, networkLocation: /default-rack, certSerialId: null} reports an CLOSED replica.
2019-10-22 14:27:09,371 [EventQueue-ContainerReportForContainerReportHandler] WARN  container.ContainerReportHandler (AbstractContainerReportHandler.java:updateContainerState(145)) - Container #1 is in OPEN state, but the datanode c61b7886-1b9a-4032-b026-73ad3d840619{ip: 192.168.69.94, host: dev-testrun-4rklj-35625584, networkLocation: /default-rack, certSerialId: null} reports an CLOSED replica.
2019-10-22 14:27:09,448 [java.util.concurrent.ThreadPoolExecutor$Worker@3e1fcf78[State = -1, empty queue]] WARN  server.GrpcLogAppender (GrpcLogAppender.java:timeoutAppendRequest(209)) - 94363dd8-42f5-429b-bbe3-506d55a6d307@group-D63FC7E0523A->5e302b21-73c7-4c15-997b-467ec519df17-GrpcLogAppender: appendEntries Timeout, request=94363dd8-42f5-429b-bbe3-506d55a6d307->5e302b21-73c7-4c15-997b-467ec519df17#49-t2, previous=(t:2, i:10), leaderCommit=10, initializing? false, entries: <empty>
2019-10-22 14:27:09,469 [BlockDeletingService#2] WARN  background.BlockDeletingService (BlockDeletingService.java:isDeletionAllowed(187)) - Close Container log Index 6 is not replicated across allthe servers in the pipeline 7ee4d48e-88bb-4c96-868c-d63fc7e0523a as the min replicated index is 4. Deletion is not allowed in this container yet.
2019-10-22 14:27:09,469 [BlockDeletingService#2] WARN  background.BlockDeletingService (BlockDeletingService.java:isDeletionAllowed(187)) - Close Container log Index 6 is not replicated across allthe servers in the pipeline 7ee4d48e-88bb-4c96-868c-d63fc7e0523a as the min replicated index is 4. Deletion is not allowed in this container yet.
2019-10-22 14:27:09,529 [EventQueue-ContainerReportForContainerReportHandler] WARN  container.ContainerReportHandler (AbstractContainerReportHandler.java:updateContainerState(145)) - Container #1 is in OPEN state, but the datanode 94363dd8-42f5-429b-bbe3-506d55a6d307{ip: 192.168.69.94, host: dev-testrun-4rklj-35625584, networkLocation: /default-rack, certSerialId: null} reports an CLOSED replica.
2019-10-22 14:27:09,672 [EventQueue-ContainerReportForContainerReportHandler] WARN  container.ContainerReportHandler (AbstractContainerReportHandler.java:updateContainerState(145)) - Container #1 is in OPEN state, but the datanode c61b7886-1b9a-4032-b026-73ad3d840619{ip: 192.168.69.94, host: dev-testrun-4rklj-35625584, networkLocation: /default-rack, certSerialId: null} reports an CLOSED replica.
2019-10-22 14:27:09,830 [EventQueue-ContainerReportForContainerReportHandler] WARN  container.ContainerReportHandler (AbstractContainerReportHandler.java:updateContainerState(145)) - Container #1 is in OPEN state, but the datanode 94363dd8-42f5-429b-bbe3-506d55a6d307{ip: 192.168.69.94, host: dev-testrun-4rklj-35625584, networkLocation: /default-rack, certSerialId: null} reports an CLOSED replica.
2019-10-22 14:27:09,872 [EventQueue-ContainerReportForContainerReportHandler] WARN  container.ContainerReportHandler (AbstractContainerReportHandler.java:updateContainerState(145)) - Container #1 is in OPEN state, but the datanode c61b7886-1b9a-4032-b026-73ad3d840619{ip: 192.168.69.94, host: dev-testrun-4rklj-35625584, networkLocation: /default-rack, certSerialId: null} reports an CLOSED replica.
2019-10-22 14:27:10,229 [EventQueue-ContainerReportForContainerReportHandler] WARN  container.ContainerReportHandler (AbstractContainerReportHandler.java:updateContainerState(145)) - Container #1 is in OPEN state, but the datanode 94363dd8-42f5-429b-bbe3-506d55a6d307{ip: 192.168.69.94, host: dev-testrun-4rklj-35625584, networkLocation: /default-rack, certSerialId: null} reports an CLOSED replica.
2019-10-22 14:27:10,272 [EventQueue-ContainerReportForContainerReportHandler] WARN  container.ContainerReportHandler (AbstractContainerReportHandler.java:updateContainerState(145)) - Container #1 is in OPEN state, but the datanode c61b7886-1b9a-4032-b026-73ad3d840619{ip: 192.168.69.94, host: dev-testrun-4rklj-35625584, networkLocation: /default-rack, certSerialId: null} reports an CLOSED replica.
2019-10-22 14:27:10,473 [EventQueue-ContainerReportForContainerReportHandler] WARN  container.ContainerReportHandler (AbstractContainerReportHandler.java:updateContainerState(145)) - Container #1 is in OPEN state, but the datanode c61b7886-1b9a-4032-b026-73ad3d840619{ip: 192.168.69.94, host: dev-testrun-4rklj-35625584, networkLocation: /default-rack, certSerialId: null} reports an CLOSED replica.
2019-10-22 14:27:10,473 [BlockDeletingService#2] WARN  background.BlockDeletingService (BlockDeletingService.java:isDeletionAllowed(187)) - Close Container log Index 6 is not replicated across allthe servers in the pipeline 7ee4d48e-88bb-4c96-868c-d63fc7e0523a as the min replicated index is 4. Deletion is not allowed in this container yet.
2019-10-22 14:27:10,473 [BlockDeletingService#2] WARN  background.BlockDeletingService (BlockDeletingService.java:isDeletionAllowed(187)) - Close Container log Index 6 is not replicated across allthe servers in the pipeline 7ee4d48e-88bb-4c96-868c-d63fc7e0523a as the min replicated index is 4. Deletion is not allowed in this container yet.
2019-10-22 14:27:10,630 [EventQueue-ContainerReportForContainerReportHandler] WARN  container.ContainerReportHandler (AbstractContainerReportHandler.java:updateContainerState(145)) - Container #1 is in OPEN state, but the datanode 94363dd8-42f5-429b-bbe3-506d55a6d307{ip: 192.168.69.94, host: dev-testrun-4rklj-35625584, networkLocation: /default-rack, certSerialId: null} reports an CLOSED replica.
2019-10-22 14:27:10,672 [EventQueue-ContainerReportForContainerReportHandler] WARN  container.ContainerReportHandler (AbstractContainerReportHandler.java:updateContainerState(145)) - Container #1 is in OPEN state, but the datanode c61b7886-1b9a-4032-b026-73ad3d840619{ip: 192.168.69.94, host: dev-testrun-4rklj-35625584, networkLocation: /default-rack, certSerialId: null} reports an CLOSED replica.
2019-10-22 14:27:10,931 [EventQueue-ContainerReportForContainerReportHandler] WARN  container.ContainerReportHandler (AbstractContainerReportHandler.java:updateContainerState(145)) - Container #1 is in OPEN state, but the datanode 94363dd8-42f5-429b-bbe3-506d55a6d307{ip: 192.168.69.94, host: dev-testrun-4rklj-35625584, networkLocation: /default-rack, certSerialId: null} reports an CLOSED replica.
2019-10-22 14:27:10,972 [EventQueue-ContainerReportForContainerReportHandler] WARN  container.ContainerReportHandler (AbstractContainerReportHandler.java:updateContainerState(145)) - Container #1 is in OPEN state, but the datanode c61b7886-1b9a-4032-b026-73ad3d840619{ip: 192.168.69.94, host: dev-testrun-4rklj-35625584, networkLocation: /default-rack, certSerialId: null} reports an CLOSED replica.
2019-10-22 14:27:10,999 [EventQueue-StaleNodeForStaleNodeHandler] INFO  node.StaleNodeHandler (StaleNodeHandler.java:onMessage(58)) - Datanode 5e302b21-73c7-4c15-997b-467ec519df17{ip: 192.168.69.94, host: dev-testrun-4rklj-35625584, networkLocation: /default-rack, certSerialId: null} moved to stale state. Finalizing its pipelines [PipelineID=2c494976-f437-4acf-a752-67c5ae178b9b, PipelineID=7ee4d48e-88bb-4c96-868c-d63fc7e0523a]
2019-10-22 14:27:11,000 [EventQueue-StaleNodeForStaleNodeHandler] INFO  pipeline.SCMPipelineManager (SCMPipelineManager.java:finalizeAndDestroyPipeline(315)) - destroying pipeline:Pipeline[ Id: 2c494976-f437-4acf-a752-67c5ae178b9b, Nodes: 5e302b21-73c7-4c15-997b-467ec519df17{ip: 192.168.69.94, host: dev-testrun-4rklj-35625584, networkLocation: /default-rack, certSerialId: null}, Type:RATIS, Factor:ONE, State:OPEN]
2019-10-22 14:27:11,003 [EventQueue-StaleNodeForStaleNodeHandler] INFO  pipeline.PipelineStateManager (PipelineStateManager.java:finalizePipeline(123)) - Pipeline Pipeline[ Id: 2c494976-f437-4acf-a752-67c5ae178b9b, Nodes: 5e302b21-73c7-4c15-997b-467ec519df17{ip: 192.168.69.94, host: dev-testrun-4rklj-35625584, networkLocation: /default-rack, certSerialId: null}, Type:RATIS, Factor:ONE, State:CLOSED] moved to CLOSED state
2019-10-22 14:27:11,006 [EventQueue-StaleNodeForStaleNodeHandler] INFO  pipeline.SCMPipelineManager (SCMPipelineManager.java:finalizeAndDestroyPipeline(315)) - destroying pipeline:Pipeline[ Id: 7ee4d48e-88bb-4c96-868c-d63fc7e0523a, Nodes: c61b7886-1b9a-4032-b026-73ad3d840619{ip: 192.168.69.94, host: dev-testrun-4rklj-35625584, networkLocation: /default-rack, certSerialId: null}5e302b21-73c7-4c15-997b-467ec519df17{ip: 192.168.69.94, host: dev-testrun-4rklj-35625584, networkLocation: /default-rack, certSerialId: null}94363dd8-42f5-429b-bbe3-506d55a6d307{ip: 192.168.69.94, host: dev-testrun-4rklj-35625584, networkLocation: /default-rack, certSerialId: null}, Type:RATIS, Factor:THREE, State:OPEN]
2019-10-22 14:27:11,006 [EventQueue-StaleNodeForStaleNodeHandler] INFO  pipeline.PipelineStateManager (PipelineStateManager.java:finalizePipeline(123)) - Pipeline Pipeline[ Id: 7ee4d48e-88bb-4c96-868c-d63fc7e0523a, Nodes: c61b7886-1b9a-4032-b026-73ad3d840619{ip: 192.168.69.94, host: dev-testrun-4rklj-35625584, networkLocation: /default-rack, certSerialId: null}5e302b21-73c7-4c15-997b-467ec519df17{ip: 192.168.69.94, host: dev-testrun-4rklj-35625584, networkLocation: /default-rack, certSerialId: null}94363dd8-42f5-429b-bbe3-506d55a6d307{ip: 192.168.69.94, host: dev-testrun-4rklj-35625584, networkLocation: /default-rack, certSerialId: null}, Type:RATIS, Factor:THREE, State:CLOSED] moved to CLOSED state
2019-10-22 14:27:11,007 [EventQueue-CloseContainerForCloseContainerEventHandler] INFO  container.CloseContainerEventHandler (CloseContainerEventHandler.java:onMessage(61)) - Close container Event triggered for container : #1
2019-10-22 14:27:11,230 [EventQueue-ContainerReportForContainerReportHandler] INFO  container.ContainerReportHandler (AbstractContainerReportHandler.java:updateContainerState(178)) - Moving container #1 to CLOSED state, datanode 94363dd8-42f5-429b-bbe3-506d55a6d307{ip: 192.168.69.94, host: dev-testrun-4rklj-35625584, networkLocation: /default-rack, certSerialId: null} reported CLOSED replica.
2019-10-22 14:27:11,475 [BlockDeletingService#2] WARN  background.BlockDeletingService (BlockDeletingService.java:isDeletionAllowed(187)) - Close Container log Index 6 is not replicated across allthe servers in the pipeline 7ee4d48e-88bb-4c96-868c-d63fc7e0523a as the min replicated index is 4. Deletion is not allowed in this container yet.
2019-10-22 14:27:11,475 [BlockDeletingService#2] WARN  background.BlockDeletingService (BlockDeletingService.java:isDeletionAllowed(187)) - Close Container log Index 6 is not replicated across allthe servers in the pipeline 7ee4d48e-88bb-4c96-868c-d63fc7e0523a as the min replicated index is 4. Deletion is not allowed in this container yet.
2019-10-22 14:27:11,585 [SCMBlockDeletingService#0] INFO  block.SCMBlockDeletingService (SCMBlockDeletingService.java:call(184)) - Totally added 3 delete blocks command for 3 datanodes, task elapsed time: 5ms
2019-10-22 14:27:11,732 [EventQueue-PendingDeleteStatusForPendingDeleteHandler] INFO  block.SCMBlockDeletingService (SCMBlockDeletingService.java:handlePendingDeletes(115)) - Block deletion txnID mismatch in datanode 94363dd8-42f5-429b-bbe3-506d55a6d307 for containerID 1. Datanode delete txnID: 0, SCM txnID: 1
2019-10-22 14:27:11,774 [EventQueue-PendingDeleteStatusForPendingDeleteHandler] INFO  block.SCMBlockDeletingService (SCMBlockDeletingService.java:handlePendingDeletes(115)) - Block deletion txnID mismatch in datanode c61b7886-1b9a-4032-b026-73ad3d840619 for containerID 1. Datanode delete txnID: 0, SCM txnID: 1
2019-10-22 14:27:11,952 [java.util.concurrent.ThreadPoolExecutor$Worker@3e1fcf78[State = -1, empty queue]] WARN  server.GrpcLogAppender (GrpcLogAppender.java:timeoutAppendRequest(209)) - 94363dd8-42f5-429b-bbe3-506d55a6d307@group-D63FC7E0523A->5e302b21-73c7-4c15-997b-467ec519df17-GrpcLogAppender: appendEntries Timeout, request=94363dd8-42f5-429b-bbe3-506d55a6d307->5e302b21-73c7-4c15-997b-467ec519df17#50-t2, previous=(t:2, i:10), leaderCommit=10, initializing? false, entries: <empty>
2019-10-22 14:27:12,032 [EventQueue-PendingDeleteStatusForPendingDeleteHandler] INFO  block.SCMBlockDeletingService (SCMBlockDeletingService.java:handlePendingDeletes(115)) - Block deletion txnID mismatch in datanode 94363dd8-42f5-429b-bbe3-506d55a6d307 for containerID 1. Datanode delete txnID: 0, SCM txnID: 1
2019-10-22 14:27:12,075 [EventQueue-PendingDeleteStatusForPendingDeleteHandler] INFO  block.SCMBlockDeletingService (SCMBlockDeletingService.java:handlePendingDeletes(115)) - Block deletion txnID mismatch in datanode c61b7886-1b9a-4032-b026-73ad3d840619 for containerID 1. Datanode delete txnID: 0, SCM txnID: 1
2019-10-22 14:27:12,275 [EventQueue-PendingDeleteStatusForPendingDeleteHandler] INFO  block.SCMBlockDeletingService (SCMBlockDeletingService.java:handlePendingDeletes(115)) - Block deletion txnID mismatch in datanode c61b7886-1b9a-4032-b026-73ad3d840619 for containerID 1. Datanode delete txnID: 0, SCM txnID: 1
2019-10-22 14:27:12,333 [Command processor thread] INFO  commandhandler.DeleteBlocksCommandHandler (DeleteBlocksCommandHandler.java:handle(106)) - Start to delete container blocks, TXIDs=[1(0)], numOfContainers=1, numOfBlocks=1
2019-10-22 14:27:12,472 [Command processor thread] INFO  commandhandler.DeleteBlocksCommandHandler (DeleteBlocksCommandHandler.java:handle(106)) - Start to delete container blocks, TXIDs=[1(0)], numOfContainers=1, numOfBlocks=1
2019-10-22 14:27:12,477 [BlockDeletingService#2] WARN  background.BlockDeletingService (BlockDeletingService.java:isDeletionAllowed(187)) - Close Container log Index 6 is not replicated across allthe servers in the pipeline 7ee4d48e-88bb-4c96-868c-d63fc7e0523a as the min replicated index is 4. Deletion is not allowed in this container yet.
2019-10-22 14:27:12,477 [BlockDeletingService#2] WARN  background.BlockDeletingService (BlockDeletingService.java:isDeletionAllowed(187)) - Close Container log Index 6 is not replicated across allthe servers in the pipeline 7ee4d48e-88bb-4c96-868c-d63fc7e0523a as the min replicated index is 4. Deletion is not allowed in this container yet.
2019-10-22 14:27:12,502 [main] INFO  impl.MetricsSystemImpl (MetricsSystemImpl.java:init(158)) - HddsDatanode metrics system started (again)
2019-10-22 14:27:12,550 [main] INFO  ozone.HddsDatanodeService (HddsDatanodeService.java:start(184)) - HddsDatanodeService host:dev-testrun-4rklj-35625584 ip:192.168.69.94
2019-10-22 14:27:12,554 [main] INFO  volume.VolumeUsage (VolumeUsage.java:loadScmUsed(144)) - Cached ScmUsed found for /workdir/hadoop-ozone/integration-test/target/test-dir/MiniOzoneClusterImpl-5e129b3f-6122-4345-a4c8-196d0e61d05e/datanode-2/data/containers : 4096 
2019-10-22 14:27:12,555 [main] INFO  volume.HddsVolume (HddsVolume.java:<init>(176)) - Creating Volume: /workdir/hadoop-ozone/integration-test/target/test-dir/MiniOzoneClusterImpl-5e129b3f-6122-4345-a4c8-196d0e61d05e/datanode-2/data/containers/hdds of  storage type : DISK and capacity : 1482555576320
2019-10-22 14:27:12,556 [main] INFO  volume.VolumeSet (VolumeSet.java:initializeVolumeSet(170)) - Added Volume : /workdir/hadoop-ozone/integration-test/target/test-dir/MiniOzoneClusterImpl-5e129b3f-6122-4345-a4c8-196d0e61d05e/datanode-2/data/containers/hdds to VolumeSet
2019-10-22 14:27:12,556 [main] INFO  volume.ThrottledAsyncChecker (ThrottledAsyncChecker.java:schedule(141)) - Scheduling a check for /workdir/hadoop-ozone/integration-test/target/test-dir/MiniOzoneClusterImpl-5e129b3f-6122-4345-a4c8-196d0e61d05e/datanode-2/data/containers/hdds
2019-10-22 14:27:12,556 [main] INFO  volume.HddsVolumeChecker (HddsVolumeChecker.java:checkAllVolumes(204)) - Scheduled health check for volume /workdir/hadoop-ozone/integration-test/target/test-dir/MiniOzoneClusterImpl-5e129b3f-6122-4345-a4c8-196d0e61d05e/datanode-2/data/containers/hdds
2019-10-22 14:27:12,586 [SCMBlockDeletingService#0] INFO  block.SCMBlockDeletingService (SCMBlockDeletingService.java:call(184)) - Totally added 2 delete blocks command for 2 datanodes, task elapsed time: 1ms
2019-10-22 14:27:12,588 [pool-7-thread-1] INFO  commands.RetriableDatanodeEventWatcher (RetriableDatanodeEventWatcher.java:onTimeout(47)) - RetriableDatanodeCommand type=deleteBlocksCommand with id=1571754431584 timed out. Retrying.
2019-10-22 14:27:12,588 [pool-7-thread-2] INFO  commands.RetriableDatanodeEventWatcher (RetriableDatanodeEventWatcher.java:onTimeout(47)) - RetriableDatanodeCommand type=deleteBlocksCommand with id=1571754431585 timed out. Retrying.
2019-10-22 14:27:12,603 [main] INFO  impl.RaftServerProxy (ConfUtils.java:logGet(43)) - raft.rpc.type = GRPC (default)
2019-10-22 14:27:12,603 [main] INFO  grpc.GrpcFactory (GrpcFactory.java:checkPooledByteBufAllocatorUseCacheForAllThreads(45)) - PERFORMANCE WARNING: useCacheForAllThreads is true that may cause Netty to create a lot garbage objects and, as a result, trigger GC.
	It is recommended to disable useCacheForAllThreads by setting -Dorg.apache.ratis.thirdparty.io.netty.allocator.useCacheForAllThreads=false in command line.
2019-10-22 14:27:12,604 [main] INFO  grpc.GrpcConfigKeys$Server (ConfUtils.java:logGet(43)) - raft.grpc.server.port = 42500 (custom)
2019-10-22 14:27:12,604 [main] INFO  server.GrpcService (ConfUtils.java:logGet(43)) - raft.grpc.message.size.max = 33570816 (custom)
2019-10-22 14:27:12,605 [main] INFO  server.RaftServerConfigKeys (ConfUtils.java:logGet(43)) - raft.server.log.appender.buffer.byte-limit = 33554432 (custom)
2019-10-22 14:27:12,605 [main] INFO  server.GrpcService (ConfUtils.java:logGet(43)) - raft.grpc.flow.control.window = 1MB (=1048576) (default)
2019-10-22 14:27:12,605 [main] INFO  server.RaftServerConfigKeys (ConfUtils.java:logGet(43)) - raft.server.rpc.request.timeout = 3000ms (default)
2019-10-22 14:27:12,606 [main] INFO  server.RaftServerConfigKeys (ConfUtils.java:logGet(43)) - raft.server.storage.dir = [/workdir/hadoop-ozone/integration-test/target/test-dir/MiniOzoneClusterImpl-5e129b3f-6122-4345-a4c8-196d0e61d05e/datanode-2/data/ratis] (custom)
2019-10-22 14:27:12,606 [main] INFO  impl.RaftServerProxy (RaftServerProxy.java:lambda$null$0(191)) - 5e302b21-73c7-4c15-997b-467ec519df17: found a subdirectory /workdir/hadoop-ozone/integration-test/target/test-dir/MiniOzoneClusterImpl-5e129b3f-6122-4345-a4c8-196d0e61d05e/datanode-2/data/ratis/7ee4d48e-88bb-4c96-868c-d63fc7e0523a
2019-10-22 14:27:12,607 [main] INFO  impl.RaftServerProxy (RaftServerProxy.java:addNew(89)) - 5e302b21-73c7-4c15-997b-467ec519df17: addNew group-D63FC7E0523A:[] returns group-D63FC7E0523A:java.util.concurrent.CompletableFuture@d2291de[Not completed]
2019-10-22 14:27:12,607 [main] INFO  impl.RaftServerProxy (RaftServerProxy.java:lambda$null$0(191)) - 5e302b21-73c7-4c15-997b-467ec519df17: found a subdirectory /workdir/hadoop-ozone/integration-test/target/test-dir/MiniOzoneClusterImpl-5e129b3f-6122-4345-a4c8-196d0e61d05e/datanode-2/data/ratis/2c494976-f437-4acf-a752-67c5ae178b9b
2019-10-22 14:27:12,608 [main] INFO  impl.RaftServerProxy (RaftServerProxy.java:addNew(89)) - 5e302b21-73c7-4c15-997b-467ec519df17: addNew group-67C5AE178B9B:[] returns group-67C5AE178B9B:java.util.concurrent.CompletableFuture@51c8f62c[Not completed]
2019-10-22 14:27:12,614 [main] INFO  hdfs.DFSUtil (DFSUtil.java:httpServerTemplateForNNAndJN(1641)) - Starting Web-server for hddsDatanode at: http://0.0.0.0:44702
2019-10-22 14:27:12,614 [pool-59-thread-1] INFO  impl.RaftServerImpl (RaftServerImpl.java:<init>(98)) - 5e302b21-73c7-4c15-997b-467ec519df17: new RaftServerImpl for group-D63FC7E0523A:[] with ContainerStateMachine:uninitialized
2019-10-22 14:27:12,615 [pool-59-thread-1] INFO  server.RaftServerConfigKeys (ConfUtils.java:logGet(43)) - raft.server.rpc.timeout.min = 5s (custom)
2019-10-22 14:27:12,615 [pool-59-thread-1] INFO  server.RaftServerConfigKeys (ConfUtils.java:logGet(43)) - raft.server.rpc.timeout.max = 5200ms (custom)
2019-10-22 14:27:12,615 [pool-59-thread-1] INFO  server.RaftServerConfigKeys (ConfUtils.java:logGet(43)) - raft.server.rpcslowness.timeout = 1000s (custom)
2019-10-22 14:27:12,615 [pool-59-thread-1] INFO  server.RaftServerConfigKeys (ConfUtils.java:logGet(43)) - raft.server.sleep.deviation.threshold = 300 (default)
2019-10-22 14:27:12,615 [pool-59-thread-1] INFO  server.RaftServerConfigKeys (ConfUtils.java:logGet(43)) - raft.server.log.appender.install.snapshot.enabled = false (custom)
2019-10-22 14:27:12,616 [pool-59-thread-1] INFO  impl.RaftServerImpl (ServerState.java:<init>(103)) - 5e302b21-73c7-4c15-997b-467ec519df17@group-D63FC7E0523A: ConfigurationManager, init=-1: [], old=null, confs=<EMPTY_MAP>
2019-10-22 14:27:12,616 [pool-59-thread-1] INFO  server.RaftServerConfigKeys (ConfUtils.java:logGet(43)) - raft.server.storage.dir = [/workdir/hadoop-ozone/integration-test/target/test-dir/MiniOzoneClusterImpl-5e129b3f-6122-4345-a4c8-196d0e61d05e/datanode-2/data/ratis] (custom)
2019-10-22 14:27:12,616 [pool-59-thread-1] INFO  server.RaftServerConfigKeys (ConfUtils.java:logGet(43)) - raft.server.log.corruption.policy = EXCEPTION (default)
2019-10-22 14:27:12,617 [main] INFO  server.AuthenticationFilter (AuthenticationFilter.java:constructSecretProvider(240)) - Unable to initialize FileSignerSecretProvider, falling back to use random secrets.
2019-10-22 14:27:12,617 [main] WARN  http.HttpRequestLog (HttpRequestLog.java:getRequestLog(97)) - Jetty request log can only be enabled using Log4j
2019-10-22 14:27:12,619 [main] INFO  http.HttpServer2 (HttpServer2.java:addGlobalFilter(975)) - Added global filter 'safety' (class=org.apache.hadoop.http.HttpServer2$QuotingInputFilter)
2019-10-22 14:27:12,620 [main] INFO  http.HttpServer2 (HttpServer2.java:addFilter(948)) - Added filter static_user_filter (class=org.apache.hadoop.http.lib.StaticUserWebFilter$StaticUserFilter) to context hddsDatanode
2019-10-22 14:27:12,620 [main] INFO  http.HttpServer2 (HttpServer2.java:addFilter(958)) - Added filter static_user_filter (class=org.apache.hadoop.http.lib.StaticUserWebFilter$StaticUserFilter) to context static
2019-10-22 14:27:12,621 [main] INFO  http.HttpServer2 (HttpServer2.java:addFilter(958)) - Added filter static_user_filter (class=org.apache.hadoop.http.lib.StaticUserWebFilter$StaticUserFilter) to context logs
2019-10-22 14:27:12,622 [main] INFO  http.HttpServer2 (HttpServer2.java:bindListener(1191)) - Jetty bound to port 44702
2019-10-22 14:27:12,622 [main] INFO  server.Server (Server.java:doStart(351)) - jetty-9.3.25.v20180904, build timestamp: 2018-09-04T21:11:46Z, git hash: 3ce520221d0240229c862b122d2b06c12a625732
2019-10-22 14:27:12,624 [main] INFO  handler.ContextHandler (ContextHandler.java:doStart(781)) - Started o.e.j.s.ServletContextHandler@1fc713c9{/logs,file:///workdir/hadoop-ozone/integration-test/target/log,AVAILABLE}
2019-10-22 14:27:12,625 [main] INFO  handler.ContextHandler (ContextHandler.java:doStart(781)) - Started o.e.j.s.ServletContextHandler@76b47204{/static,jar:file:/home/user/.m2/repository/org/apache/hadoop/hadoop-hdds-container-service/0.5.0-SNAPSHOT/hadoop-hdds-container-service-0.5.0-SNAPSHOT.jar!/webapps/static,AVAILABLE}
2019-10-22 14:27:12,630 [pool-59-thread-1] INFO  storage.RaftStorageDirectory (RaftStorageDirectory.java:tryLock(328)) - Lock on /workdir/hadoop-ozone/integration-test/target/test-dir/MiniOzoneClusterImpl-5e129b3f-6122-4345-a4c8-196d0e61d05e/datanode-2/data/ratis/7ee4d48e-88bb-4c96-868c-d63fc7e0523a/in_use.lock acquired by nodename 29549@dev-testrun-4rklj-35625584
2019-10-22 14:27:12,633 [pool-59-thread-1] INFO  ratis.ContainerStateMachine (ContainerStateMachine.java:loadSnapshot(240)) - group-D63FC7E0523A: Setting the last applied index to (t:2, i:3)
2019-10-22 14:27:12,641 [pool-59-thread-1] INFO  impl.RaftServerImpl (ServerState.java:setRaftConf(356)) - 5e302b21-73c7-4c15-997b-467ec519df17@group-D63FC7E0523A: set configuration 0: [c61b7886-1b9a-4032-b026-73ad3d840619:192.168.69.94:40251, 5e302b21-73c7-4c15-997b-467ec519df17:192.168.69.94:42500, 94363dd8-42f5-429b-bbe3-506d55a6d307:192.168.69.94:46664], old=null at 0
2019-10-22 14:27:12,641 [pool-59-thread-1] INFO  server.RaftServerConfigKeys (ConfUtils.java:logGet(43)) - raft.server.notification.no-leader.timeout = 1000s (custom)
2019-10-22 14:27:12,641 [pool-59-thread-1] INFO  server.RaftServerConfigKeys (ConfUtils.java:logGet(43)) - raft.server.log.use.memory = false (default)
2019-10-22 14:27:12,641 [pool-59-thread-1] INFO  server.RaftServerConfigKeys (ConfUtils.java:logGet(43)) - raft.server.log.purge.gap = 1000000 (custom)
2019-10-22 14:27:12,642 [pool-59-thread-1] INFO  server.RaftServerConfigKeys (ConfUtils.java:logGet(43)) - raft.server.log.appender.buffer.byte-limit = 33554432 (custom)
2019-10-22 14:27:12,642 [pool-59-thread-1] INFO  server.RaftServerConfigKeys (ConfUtils.java:logGet(43)) - raft.server.log.segment.size.max = 1048576 (custom)
2019-10-22 14:27:12,642 [pool-59-thread-1] INFO  server.RaftServerConfigKeys (ConfUtils.java:logGet(43)) - raft.server.log.segment.cache.num.max = 2 (custom)
2019-10-22 14:27:12,642 [pool-59-thread-1] INFO  segmented.SegmentedRaftLogWorker (SegmentedRaftLogWorker.java:<init>(173)) - new 5e302b21-73c7-4c15-997b-467ec519df17@group-D63FC7E0523A-SegmentedRaftLogWorker for RaftStorage:Storage Directory /workdir/hadoop-ozone/integration-test/target/test-dir/MiniOzoneClusterImpl-5e129b3f-6122-4345-a4c8-196d0e61d05e/datanode-2/data/ratis/7ee4d48e-88bb-4c96-868c-d63fc7e0523a
2019-10-22 14:27:12,642 [pool-59-thread-1] INFO  server.RaftServerConfigKeys (ConfUtils.java:logGet(43)) - raft.server.log.queue.byte-limit = 2147483647 (custom)
2019-10-22 14:27:12,642 [pool-59-thread-1] INFO  server.RaftServerConfigKeys (ConfUtils.java:logGet(43)) - raft.server.log.queue.element-limit = 1024 (custom)
2019-10-22 14:27:12,643 [pool-59-thread-1] INFO  server.RaftServerConfigKeys (ConfUtils.java:logGet(43)) - raft.server.log.segment.size.max = 1048576 (custom)
2019-10-22 14:27:12,643 [pool-59-thread-1] INFO  server.RaftServerConfigKeys (ConfUtils.java:logGet(43)) - raft.server.log.preallocated.size = 16384 (custom)
2019-10-22 14:27:12,643 [pool-59-thread-1] INFO  server.RaftServerConfigKeys (ConfUtils.java:logGet(43)) - raft.server.log.write.buffer.size = 33554432 (custom)
2019-10-22 14:27:12,643 [pool-59-thread-1] INFO  server.RaftServerConfigKeys (ConfUtils.java:logGet(43)) - raft.server.log.force.sync.num = 128 (default)
2019-10-22 14:27:12,643 [pool-59-thread-1] INFO  server.RaftServerConfigKeys (ConfUtils.java:logGet(43)) - raft.server.log.statemachine.data.sync = true (default)
2019-10-22 14:27:12,643 [pool-59-thread-1] INFO  server.RaftServerConfigKeys (ConfUtils.java:logGet(43)) - raft.server.log.statemachine.data.sync.timeout = 10s (default)
2019-10-22 14:27:12,644 [pool-59-thread-1] INFO  server.RaftServerConfigKeys (ConfUtils.java:logGet(43)) - raft.server.log.statemachine.data.sync.timeout.retry = -1 (default)
2019-10-22 14:27:12,644 [pool-59-thread-1] INFO  server.RaftServerConfigKeys (ConfUtils.java:logGet(43)) - raft.server.log.statemachine.data.caching.enabled = true (custom)
2019-10-22 14:27:12,651 [pool-59-thread-1] INFO  impl.RaftServerImpl (ServerState.java:setRaftConf(356)) - 5e302b21-73c7-4c15-997b-467ec519df17@group-D63FC7E0523A: set configuration 0: [c61b7886-1b9a-4032-b026-73ad3d840619:192.168.69.94:40251, 5e302b21-73c7-4c15-997b-467ec519df17:192.168.69.94:42500, 94363dd8-42f5-429b-bbe3-506d55a6d307:192.168.69.94:46664], old=null at 0
2019-10-22 14:27:12,653 [pool-59-thread-1] INFO  segmented.LogSegment (LogSegment.java:loadSegment(140)) - Successfully read 5 entries from segment file /workdir/hadoop-ozone/integration-test/target/test-dir/MiniOzoneClusterImpl-5e129b3f-6122-4345-a4c8-196d0e61d05e/datanode-2/data/ratis/7ee4d48e-88bb-4c96-868c-d63fc7e0523a/current/log_inprogress_0
2019-10-22 14:27:12,653 [pool-59-thread-1] INFO  segmented.SegmentedRaftLogWorker (SegmentedRaftLogWorker.java:lambda$new$0(128)) - 5e302b21-73c7-4c15-997b-467ec519df17@group-D63FC7E0523A-SegmentedRaftLogWorker: flushIndex: setUnconditionally 0 -> 4
2019-10-22 14:27:12,667 [main] INFO  handler.ContextHandler (ContextHandler.java:doStart(781)) - Started o.e.j.w.WebAppContext@6e3ecf5c{/,file:///tmp/jetty-0.0.0.0-44702-hddsDatanode-_-any-3352209358257187357.dir/webapp/,AVAILABLE}{/hddsDatanode}
2019-10-22 14:27:12,667 [main] INFO  server.AbstractConnector (AbstractConnector.java:doStart(278)) - Started ServerConnector@67507df{HTTP/1.1,[http/1.1]}{0.0.0.0:44702}
2019-10-22 14:27:12,683 [pool-59-thread-1] INFO  raftlog.RaftLog (RaftLog.java:lambda$new$0(61)) - 5e302b21-73c7-4c15-997b-467ec519df17@group-D63FC7E0523A-SegmentedRaftLog: commitIndex: updateToMax old=3, new=3, updated? false
2019-10-22 14:27:12,683 [main] INFO  server.Server (Server.java:doStart(419)) - Started @123106ms
2019-10-22 14:27:12,684 [main] WARN  impl.MetricsSystemImpl (MetricsSystemImpl.java:register(276)) - Sink prometheus already exists!
2019-10-22 14:27:12,684 [pool-59-thread-1] INFO  server.RaftServerConfigKeys (ConfUtils.java:logGet(43)) - raft.server.snapshot.auto.trigger.enabled = true (custom)
2019-10-22 14:27:12,684 [pool-59-thread-1] INFO  server.RaftServerConfigKeys (ConfUtils.java:logGet(43)) - raft.server.snapshot.auto.trigger.threshold = 10000 (custom)
2019-10-22 14:27:12,684 [pool-59-thread-1] INFO  server.RaftServerConfigKeys (ConfUtils.java:logGet(43)) - raft.server.snapshot.retention.file.num = 5 (custom)
2019-10-22 14:27:12,685 [pool-59-thread-1] INFO  server.RaftServerConfigKeys (ConfUtils.java:logGet(43)) - raft.server.retrycache.expirytime = 600000ms (custom)
2019-10-22 14:27:12,685 [main] INFO  server.BaseHttpServer (BaseHttpServer.java:updateConnectorAddress(215)) - HTTP server of HDDSDATANODE is listening at http://0.0.0.0:44702
2019-10-22 14:27:12,687 [org.apache.hadoop.util.JvmPauseMonitor$Monitor@7665f2c5] INFO  util.JvmPauseMonitor (JvmPauseMonitor.java:run(188)) - Starting JVM pause monitor
2019-10-22 14:27:12,687 [pool-59-thread-1] INFO  impl.RaftServerImpl (RaftServerImpl.java:<init>(98)) - 5e302b21-73c7-4c15-997b-467ec519df17: new RaftServerImpl for group-67C5AE178B9B:[] with ContainerStateMachine:uninitialized
2019-10-22 14:27:12,688 [pool-59-thread-1] INFO  server.RaftServerConfigKeys (ConfUtils.java:logGet(43)) - raft.server.rpc.timeout.min = 5s (custom)
2019-10-22 14:27:12,688 [pool-59-thread-1] INFO  server.RaftServerConfigKeys (ConfUtils.java:logGet(43)) - raft.server.rpc.timeout.max = 5200ms (custom)
2019-10-22 14:27:12,688 [pool-59-thread-1] INFO  server.RaftServerConfigKeys (ConfUtils.java:logGet(43)) - raft.server.rpcslowness.timeout = 1000s (custom)
2019-10-22 14:27:12,688 [pool-59-thread-1] INFO  server.RaftServerConfigKeys (ConfUtils.java:logGet(43)) - raft.server.sleep.deviation.threshold = 300 (default)
2019-10-22 14:27:12,688 [pool-59-thread-1] INFO  server.RaftServerConfigKeys (ConfUtils.java:logGet(43)) - raft.server.log.appender.install.snapshot.enabled = false (custom)
2019-10-22 14:27:12,688 [pool-59-thread-1] INFO  impl.RaftServerImpl (ServerState.java:<init>(103)) - 5e302b21-73c7-4c15-997b-467ec519df17@group-67C5AE178B9B: ConfigurationManager, init=-1: [], old=null, confs=<EMPTY_MAP>
2019-10-22 14:27:12,688 [pool-59-thread-1] INFO  server.RaftServerConfigKeys (ConfUtils.java:logGet(43)) - raft.server.storage.dir = [/workdir/hadoop-ozone/integration-test/target/test-dir/MiniOzoneClusterImpl-5e129b3f-6122-4345-a4c8-196d0e61d05e/datanode-2/data/ratis] (custom)
2019-10-22 14:27:12,689 [pool-59-thread-1] INFO  server.RaftServerConfigKeys (ConfUtils.java:logGet(43)) - raft.server.log.corruption.policy = EXCEPTION (default)
2019-10-22 14:27:12,701 [pool-59-thread-1] INFO  storage.RaftStorageDirectory (RaftStorageDirectory.java:tryLock(328)) - Lock on /workdir/hadoop-ozone/integration-test/target/test-dir/MiniOzoneClusterImpl-5e129b3f-6122-4345-a4c8-196d0e61d05e/datanode-2/data/ratis/2c494976-f437-4acf-a752-67c5ae178b9b/in_use.lock acquired by nodename 29549@dev-testrun-4rklj-35625584
2019-10-22 14:27:12,701 [pool-59-thread-1] INFO  ratis.ContainerStateMachine (ContainerStateMachine.java:loadSnapshot(231)) - group-67C5AE178B9B: The snapshot info is null. Setting the last applied indexto:(t:0, i:~)
2019-10-22 14:27:12,702 [pool-59-thread-1] INFO  server.RaftServerConfigKeys (ConfUtils.java:logGet(43)) - raft.server.notification.no-leader.timeout = 1000s (custom)
2019-10-22 14:27:12,702 [pool-59-thread-1] INFO  server.RaftServerConfigKeys (ConfUtils.java:logGet(43)) - raft.server.log.use.memory = false (default)
2019-10-22 14:27:12,702 [pool-59-thread-1] INFO  server.RaftServerConfigKeys (ConfUtils.java:logGet(43)) - raft.server.log.purge.gap = 1000000 (custom)
2019-10-22 14:27:12,702 [pool-59-thread-1] INFO  server.RaftServerConfigKeys (ConfUtils.java:logGet(43)) - raft.server.log.appender.buffer.byte-limit = 33554432 (custom)
2019-10-22 14:27:12,702 [pool-59-thread-1] INFO  server.RaftServerConfigKeys (ConfUtils.java:logGet(43)) - raft.server.log.segment.size.max = 1048576 (custom)
2019-10-22 14:27:12,702 [pool-59-thread-1] INFO  server.RaftServerConfigKeys (ConfUtils.java:logGet(43)) - raft.server.log.segment.cache.num.max = 2 (custom)
2019-10-22 14:27:12,702 [pool-59-thread-1] INFO  segmented.SegmentedRaftLogWorker (SegmentedRaftLogWorker.java:<init>(173)) - new 5e302b21-73c7-4c15-997b-467ec519df17@group-67C5AE178B9B-SegmentedRaftLogWorker for RaftStorage:Storage Directory /workdir/hadoop-ozone/integration-test/target/test-dir/MiniOzoneClusterImpl-5e129b3f-6122-4345-a4c8-196d0e61d05e/datanode-2/data/ratis/2c494976-f437-4acf-a752-67c5ae178b9b
2019-10-22 14:27:12,702 [pool-59-thread-1] INFO  server.RaftServerConfigKeys (ConfUtils.java:logGet(43)) - raft.server.log.queue.byte-limit = 2147483647 (custom)
2019-10-22 14:27:12,703 [pool-59-thread-1] INFO  server.RaftServerConfigKeys (ConfUtils.java:logGet(43)) - raft.server.log.queue.element-limit = 1024 (custom)
2019-10-22 14:27:12,703 [pool-59-thread-1] INFO  server.RaftServerConfigKeys (ConfUtils.java:logGet(43)) - raft.server.log.segment.size.max = 1048576 (custom)
2019-10-22 14:27:12,703 [pool-59-thread-1] INFO  server.RaftServerConfigKeys (ConfUtils.java:logGet(43)) - raft.server.log.preallocated.size = 16384 (custom)
2019-10-22 14:27:12,703 [pool-59-thread-1] INFO  server.RaftServerConfigKeys (ConfUtils.java:logGet(43)) - raft.server.log.write.buffer.size = 33554432 (custom)
2019-10-22 14:27:12,703 [pool-59-thread-1] INFO  server.RaftServerConfigKeys (ConfUtils.java:logGet(43)) - raft.server.log.force.sync.num = 128 (default)
2019-10-22 14:27:12,703 [pool-59-thread-1] INFO  server.RaftServerConfigKeys (ConfUtils.java:logGet(43)) - raft.server.log.statemachine.data.sync = true (default)
2019-10-22 14:27:12,703 [pool-59-thread-1] INFO  server.RaftServerConfigKeys (ConfUtils.java:logGet(43)) - raft.server.log.statemachine.data.sync.timeout = 10s (default)
2019-10-22 14:27:12,703 [pool-59-thread-1] INFO  server.RaftServerConfigKeys (ConfUtils.java:logGet(43)) - raft.server.log.statemachine.data.sync.timeout.retry = -1 (default)
2019-10-22 14:27:12,703 [pool-59-thread-1] INFO  server.RaftServerConfigKeys (ConfUtils.java:logGet(43)) - raft.server.log.statemachine.data.caching.enabled = true (custom)
2019-10-22 14:27:12,704 [pool-59-thread-1] INFO  impl.RaftServerImpl (ServerState.java:setRaftConf(356)) - 5e302b21-73c7-4c15-997b-467ec519df17@group-67C5AE178B9B: set configuration 0: [5e302b21-73c7-4c15-997b-467ec519df17:192.168.69.94:42500], old=null at 0
2019-10-22 14:27:12,704 [pool-59-thread-1] INFO  segmented.LogSegment (LogSegment.java:loadSegment(140)) - Successfully read 1 entries from segment file /workdir/hadoop-ozone/integration-test/target/test-dir/MiniOzoneClusterImpl-5e129b3f-6122-4345-a4c8-196d0e61d05e/datanode-2/data/ratis/2c494976-f437-4acf-a752-67c5ae178b9b/current/log_inprogress_0
2019-10-22 14:27:12,705 [pool-59-thread-1] INFO  segmented.SegmentedRaftLogWorker (SegmentedRaftLogWorker.java:lambda$new$0(128)) - 5e302b21-73c7-4c15-997b-467ec519df17@group-67C5AE178B9B-SegmentedRaftLogWorker: flushIndex: setUnconditionally 0 -> 0
2019-10-22 14:27:12,731 [pool-59-thread-1] INFO  server.RaftServerConfigKeys (ConfUtils.java:logGet(43)) - raft.server.snapshot.auto.trigger.enabled = true (custom)
2019-10-22 14:27:12,731 [pool-59-thread-1] INFO  server.RaftServerConfigKeys (ConfUtils.java:logGet(43)) - raft.server.snapshot.auto.trigger.threshold = 10000 (custom)
2019-10-22 14:27:12,731 [pool-59-thread-1] INFO  server.RaftServerConfigKeys (ConfUtils.java:logGet(43)) - raft.server.snapshot.retention.file.num = 5 (custom)
2019-10-22 14:27:12,731 [pool-59-thread-1] INFO  server.RaftServerConfigKeys (ConfUtils.java:logGet(43)) - raft.server.retrycache.expirytime = 600000ms (custom)
2019-10-22 14:27:13,478 [BlockDeletingService#2] WARN  background.BlockDeletingService (BlockDeletingService.java:isDeletionAllowed(187)) - Close Container log Index 6 is not replicated across allthe servers in the pipeline 7ee4d48e-88bb-4c96-868c-d63fc7e0523a as the min replicated index is 4. Deletion is not allowed in this container yet.
2019-10-22 14:27:13,478 [BlockDeletingService#2] WARN  background.BlockDeletingService (BlockDeletingService.java:isDeletionAllowed(187)) - Close Container log Index 6 is not replicated across allthe servers in the pipeline 7ee4d48e-88bb-4c96-868c-d63fc7e0523a as the min replicated index is 4. Deletion is not allowed in this container yet.
2019-10-22 14:27:13,574 [Command processor thread] INFO  commandhandler.DeleteBlocksCommandHandler (DeleteBlocksCommandHandler.java:handle(106)) - Start to delete container blocks, TXIDs=[1(2)], numOfContainers=1, numOfBlocks=1
2019-10-22 14:27:13,575 [Command processor thread] INFO  commandhandler.DeleteBlocksCommandHandler (DeleteBlocksCommandHandler.java:handle(106)) - Start to delete container blocks, TXIDs=[1(0)], numOfContainers=1, numOfBlocks=1
2019-10-22 14:27:13,585 [pool-7-thread-1] INFO  commands.RetriableDatanodeEventWatcher (RetriableDatanodeEventWatcher.java:onTimeout(47)) - RetriableDatanodeCommand type=deleteBlocksCommand with id=1571754431588 timed out. Retrying.
2019-10-22 14:27:13,586 [pool-7-thread-2] INFO  commands.RetriableDatanodeEventWatcher (RetriableDatanodeEventWatcher.java:onTimeout(47)) - RetriableDatanodeCommand type=deleteBlocksCommand with id=1571754431587 timed out. Retrying.
2019-10-22 14:27:13,587 [SCMBlockDeletingService#1] INFO  block.SCMBlockDeletingService (SCMBlockDeletingService.java:call(184)) - Totally added 1 delete blocks command for 1 datanodes, task elapsed time: 0ms
2019-10-22 14:27:13,589 [pool-7-thread-2] INFO  commands.RetriableDatanodeEventWatcher (RetriableDatanodeEventWatcher.java:onTimeout(47)) - RetriableDatanodeCommand type=deleteBlocksCommand with id=1571754431585 timed out. Retrying.
2019-10-22 14:27:13,602 [Thread-578] INFO  client.GrpcClientProtocolService (GrpcClientProtocolService.java:lambda$processClientRequest$0(279)) - Failed RaftClientRequest:client-458A7D8FFED2->c61b7886-1b9a-4032-b026-73ad3d840619@group-D63FC7E0523A, cid=10, seq=0, Watch-ALL_COMMITTED(6), Message:<EMPTY>, reply=RaftClientReply:client-458A7D8FFED2->c61b7886-1b9a-4032-b026-73ad3d840619@group-D63FC7E0523A, cid=10, FAILED org.apache.ratis.protocol.NotLeaderException: Server c61b7886-1b9a-4032-b026-73ad3d840619@group-D63FC7E0523A is not the leader 94363dd8-42f5-429b-bbe3-506d55a6d307:192.168.69.94:46664, logIndex=0, commits[c61b7886-1b9a-4032-b026-73ad3d840619:c10, 5e302b21-73c7-4c15-997b-467ec519df17:c4, 94363dd8-42f5-429b-bbe3-506d55a6d307:c10]
2019-10-22 14:27:13,685 [EventQueue-DeleteBlockStatusForEventWatcher$$Lambda$29/1632413663] WARN  events.EventWatcher (EventWatcher.java:lambda$start$0(110)) - Completion event without active lease. Id=1571754431584
2019-10-22 14:27:14,454 [java.util.concurrent.ThreadPoolExecutor$Worker@3e1fcf78[State = -1, empty queue]] WARN  server.GrpcLogAppender (GrpcLogAppender.java:timeoutAppendRequest(209)) - 94363dd8-42f5-429b-bbe3-506d55a6d307@group-D63FC7E0523A->5e302b21-73c7-4c15-997b-467ec519df17-GrpcLogAppender: appendEntries Timeout, request=94363dd8-42f5-429b-bbe3-506d55a6d307->5e302b21-73c7-4c15-997b-467ec519df17#51-t2, previous=(t:2, i:10), leaderCommit=10, initializing? false, entries: <empty>
2019-10-22 14:27:14,480 [BlockDeletingService#2] WARN  background.BlockDeletingService (BlockDeletingService.java:isDeletionAllowed(187)) - Close Container log Index 6 is not replicated across allthe servers in the pipeline 7ee4d48e-88bb-4c96-868c-d63fc7e0523a as the min replicated index is 4. Deletion is not allowed in this container yet.
2019-10-22 14:27:14,480 [BlockDeletingService#2] WARN  background.BlockDeletingService (BlockDeletingService.java:isDeletionAllowed(187)) - Close Container log Index 6 is not replicated across allthe servers in the pipeline 7ee4d48e-88bb-4c96-868c-d63fc7e0523a as the min replicated index is 4. Deletion is not allowed in this container yet.
2019-10-22 14:27:14,584 [Command processor thread] INFO  commandhandler.DeleteBlocksCommandHandler (DeleteBlocksCommandHandler.java:handle(106)) - Start to delete container blocks, TXIDs=[1(2)], numOfContainers=1, numOfBlocks=1
2019-10-22 14:27:14,586 [pool-7-thread-2] INFO  commands.RetriableDatanodeEventWatcher (RetriableDatanodeEventWatcher.java:onTimeout(47)) - RetriableDatanodeCommand type=deleteBlocksCommand with id=1571754431588 timed out. Retrying.
2019-10-22 14:27:14,587 [pool-7-thread-1] INFO  commands.RetriableDatanodeEventWatcher (RetriableDatanodeEventWatcher.java:onTimeout(47)) - RetriableDatanodeCommand type=deleteBlocksCommand with id=1571754431589 timed out. Retrying.
2019-10-22 14:27:14,588 [SCMBlockDeletingService#1] INFO  block.SCMBlockDeletingService (SCMBlockDeletingService.java:call(184)) - Totally added 1 delete blocks command for 1 datanodes, task elapsed time: 1ms
2019-10-22 14:27:14,589 [pool-7-thread-1] INFO  commands.RetriableDatanodeEventWatcher (RetriableDatanodeEventWatcher.java:onTimeout(47)) - RetriableDatanodeCommand type=deleteBlocksCommand with id=1571754431585 timed out. Retrying.
2019-10-22 14:27:14,684 [EventQueue-DeleteBlockStatusForEventWatcher$$Lambda$29/1632413663] WARN  events.EventWatcher (EventWatcher.java:lambda$start$0(110)) - Completion event without active lease. Id=1571754431587
2019-10-22 14:27:14,689 [Datanode State Machine Thread - 0] INFO  ozoneimpl.OzoneContainer (OzoneContainer.java:start(213)) - Attempting to start container services.
2019-10-22 14:27:14,691 [Datanode State Machine Thread - 0] INFO  ozoneimpl.OzoneContainer (OzoneContainer.java:startContainerScrub(177)) - Background container scanner has been disabled.
2019-10-22 14:27:14,692 [Datanode State Machine Thread - 0] INFO  ratis.XceiverServerRatis (XceiverServerRatis.java:start(418)) - Starting XceiverServerRatis 5e302b21-73c7-4c15-997b-467ec519df17 at port 42500
2019-10-22 14:27:14,704 [Datanode State Machine Thread - 0] INFO  impl.RaftServerImpl (RaftServerImpl.java:start(184)) - 5e302b21-73c7-4c15-997b-467ec519df17@group-D63FC7E0523A: start as a follower, conf=0: [c61b7886-1b9a-4032-b026-73ad3d840619:192.168.69.94:40251, 5e302b21-73c7-4c15-997b-467ec519df17:192.168.69.94:42500, 94363dd8-42f5-429b-bbe3-506d55a6d307:192.168.69.94:46664], old=null
2019-10-22 14:27:14,704 [ForkJoinPool.commonPool-worker-1] INFO  impl.RaftServerImpl (RaftServerImpl.java:start(184)) - 5e302b21-73c7-4c15-997b-467ec519df17@group-67C5AE178B9B: start as a follower, conf=0: [5e302b21-73c7-4c15-997b-467ec519df17:192.168.69.94:42500], old=null
2019-10-22 14:27:14,705 [Datanode State Machine Thread - 0] INFO  impl.RaftServerImpl (RaftServerImpl.java:setRole(173)) - 5e302b21-73c7-4c15-997b-467ec519df17@group-D63FC7E0523A: changes role from      null to FOLLOWER at term 2 for startAsFollower
2019-10-22 14:27:14,705 [ForkJoinPool.commonPool-worker-1] INFO  impl.RaftServerImpl (RaftServerImpl.java:setRole(173)) - 5e302b21-73c7-4c15-997b-467ec519df17@group-67C5AE178B9B: changes role from      null to FOLLOWER at term 1 for startAsFollower
2019-10-22 14:27:14,705 [Datanode State Machine Thread - 0] INFO  impl.RoleInfo (RoleInfo.java:updateAndGet(143)) - 5e302b21-73c7-4c15-997b-467ec519df17: start FollowerState
2019-10-22 14:27:14,705 [ForkJoinPool.commonPool-worker-1] INFO  impl.RoleInfo (RoleInfo.java:updateAndGet(143)) - 5e302b21-73c7-4c15-997b-467ec519df17: start FollowerState
2019-10-22 14:27:14,706 [ForkJoinPool.commonPool-worker-1] INFO  util.JmxRegister (JmxRegister.java:tryRegister(44)) - Successfully registered JMX Bean with object name Ratis:service=RaftServer,group=group-67C5AE178B9B,id=5e302b21-73c7-4c15-997b-467ec519df17
2019-10-22 14:27:14,706 [Datanode State Machine Thread - 0] INFO  util.JmxRegister (JmxRegister.java:tryRegister(44)) - Successfully registered JMX Bean with object name Ratis:service=RaftServer,group=group-D63FC7E0523A,id=5e302b21-73c7-4c15-997b-467ec519df17
2019-10-22 14:27:14,708 [Datanode State Machine Thread - 0] INFO  impl.RaftServerProxy (RaftServerProxy.java:lambda$start$3(299)) - 5e302b21-73c7-4c15-997b-467ec519df17: start RPC server
2019-10-22 14:27:14,709 [Datanode State Machine Thread - 0] INFO  server.GrpcService (GrpcService.java:startImpl(158)) - 5e302b21-73c7-4c15-997b-467ec519df17: GrpcService started, listening on 0.0.0.0/0.0.0.0:42500
2019-10-22 14:27:14,885 [Thread-588] INFO  client.GrpcClientProtocolService (GrpcClientProtocolService.java:lambda$processClientRequest$0(279)) - Failed RaftClientRequest:client-458A7D8FFED2->94363dd8-42f5-429b-bbe3-506d55a6d307@group-D63FC7E0523A, cid=10, seq=0, Watch-ALL_COMMITTED(6), Message:<EMPTY>, reply=RaftClientReply:client-458A7D8FFED2->94363dd8-42f5-429b-bbe3-506d55a6d307@group-D63FC7E0523A, cid=10, FAILED org.apache.ratis.protocol.NotReplicatedException: Request with call Id 10 and log index 6 is not yet replicated to ALL_COMMITTED, logIndex=6, commits[94363dd8-42f5-429b-bbe3-506d55a6d307:c10, c61b7886-1b9a-4032-b026-73ad3d840619:c10, 5e302b21-73c7-4c15-997b-467ec519df17:c4]
2019-10-22 14:27:15,482 [BlockDeletingService#2] WARN  background.BlockDeletingService (BlockDeletingService.java:isDeletionAllowed(187)) - Close Container log Index 6 is not replicated across allthe servers in the pipeline 7ee4d48e-88bb-4c96-868c-d63fc7e0523a as the min replicated index is 4. Deletion is not allowed in this container yet.
2019-10-22 14:27:15,482 [BlockDeletingService#2] WARN  background.BlockDeletingService (BlockDeletingService.java:isDeletionAllowed(187)) - Close Container log Index 6 is not replicated across allthe servers in the pipeline 7ee4d48e-88bb-4c96-868c-d63fc7e0523a as the min replicated index is 4. Deletion is not allowed in this container yet.
2019-10-22 14:27:15,587 [pool-7-thread-1] INFO  commands.RetriableDatanodeEventWatcher (RetriableDatanodeEventWatcher.java:onTimeout(47)) - RetriableDatanodeCommand type=deleteBlocksCommand with id=1571754431588 timed out. Retrying.
2019-10-22 14:27:15,587 [pool-7-thread-1] INFO  commands.RetriableDatanodeEventWatcher (RetriableDatanodeEventWatcher.java:onTimeout(47)) - RetriableDatanodeCommand type=deleteBlocksCommand with id=1571754431589 timed out. Retrying.
2019-10-22 14:27:15,587 [pool-7-thread-2] INFO  commands.RetriableDatanodeEventWatcher (RetriableDatanodeEventWatcher.java:onTimeout(47)) - RetriableDatanodeCommand type=deleteBlocksCommand with id=1571754431590 timed out. Retrying.
2019-10-22 14:27:15,590 [pool-7-thread-2] INFO  commands.RetriableDatanodeEventWatcher (RetriableDatanodeEventWatcher.java:onTimeout(47)) - RetriableDatanodeCommand type=deleteBlocksCommand with id=1571754431585 timed out. Retrying.
2019-10-22 14:27:15,591 [SCMBlockDeletingService#1] INFO  block.SCMBlockDeletingService (SCMBlockDeletingService.java:call(184)) - Totally added 1 delete blocks command for 1 datanodes, task elapsed time: 1ms
2019-10-22 14:27:16,488 [BlockDeletingService#2] WARN  background.BlockDeletingService (BlockDeletingService.java:isDeletionAllowed(187)) - Close Container log Index 6 is not replicated across allthe servers in the pipeline 7ee4d48e-88bb-4c96-868c-d63fc7e0523a as the min replicated index is 4. Deletion is not allowed in this container yet.
2019-10-22 14:27:16,489 [BlockDeletingService#2] WARN  background.BlockDeletingService (BlockDeletingService.java:isDeletionAllowed(187)) - Close Container log Index 6 is not replicated across allthe servers in the pipeline 7ee4d48e-88bb-4c96-868c-d63fc7e0523a as the min replicated index is 4. Deletion is not allowed in this container yet.
2019-10-22 14:27:16,588 [pool-7-thread-2] INFO  commands.RetriableDatanodeEventWatcher (RetriableDatanodeEventWatcher.java:onTimeout(47)) - RetriableDatanodeCommand type=deleteBlocksCommand with id=1571754431588 timed out. Retrying.
2019-10-22 14:27:16,588 [pool-7-thread-3] INFO  commands.RetriableDatanodeEventWatcher (RetriableDatanodeEventWatcher.java:onTimeout(47)) - RetriableDatanodeCommand type=deleteBlocksCommand with id=1571754431590 timed out. Retrying.
2019-10-22 14:27:16,588 [pool-7-thread-1] INFO  commands.RetriableDatanodeEventWatcher (RetriableDatanodeEventWatcher.java:onTimeout(47)) - RetriableDatanodeCommand type=deleteBlocksCommand with id=1571754431589 timed out. Retrying.
2019-10-22 14:27:16,591 [pool-7-thread-1] INFO  commands.RetriableDatanodeEventWatcher (RetriableDatanodeEventWatcher.java:onTimeout(47)) - RetriableDatanodeCommand type=deleteBlocksCommand with id=1571754431585 timed out. Retrying.
2019-10-22 14:27:16,591 [pool-7-thread-3] INFO  commands.RetriableDatanodeEventWatcher (RetriableDatanodeEventWatcher.java:onTimeout(47)) - RetriableDatanodeCommand type=deleteBlocksCommand with id=1571754431591 timed out. Retrying.
2019-10-22 14:27:16,592 [SCMBlockDeletingService#1] INFO  block.SCMBlockDeletingService (SCMBlockDeletingService.java:call(184)) - Totally added 1 delete blocks command for 1 datanodes, task elapsed time: 0ms
2019-10-22 14:27:16,690 [EventQueue-PendingDeleteStatusForPendingDeleteHandler] INFO  block.SCMBlockDeletingService (SCMBlockDeletingService.java:handlePendingDeletes(115)) - Block deletion txnID mismatch in datanode 5e302b21-73c7-4c15-997b-467ec519df17 for containerID 1. Datanode delete txnID: 0, SCM txnID: 1
2019-10-22 14:27:16,955 [java.util.concurrent.ThreadPoolExecutor$Worker@3e1fcf78[State = -1, empty queue]] WARN  server.GrpcLogAppender (GrpcLogAppender.java:timeoutAppendRequest(209)) - 94363dd8-42f5-429b-bbe3-506d55a6d307@group-D63FC7E0523A->5e302b21-73c7-4c15-997b-467ec519df17-GrpcLogAppender: appendEntries Timeout, request=94363dd8-42f5-429b-bbe3-506d55a6d307->5e302b21-73c7-4c15-997b-467ec519df17#52-t2, previous=(t:2, i:10), leaderCommit=10, initializing? false, entries: <empty>
2019-10-22 14:27:17,490 [BlockDeletingService#2] WARN  background.BlockDeletingService (BlockDeletingService.java:isDeletionAllowed(187)) - Close Container log Index 6 is not replicated across allthe servers in the pipeline 7ee4d48e-88bb-4c96-868c-d63fc7e0523a as the min replicated index is 4. Deletion is not allowed in this container yet.
2019-10-22 14:27:17,490 [BlockDeletingService#2] WARN  background.BlockDeletingService (BlockDeletingService.java:isDeletionAllowed(187)) - Close Container log Index 6 is not replicated across allthe servers in the pipeline 7ee4d48e-88bb-4c96-868c-d63fc7e0523a as the min replicated index is 4. Deletion is not allowed in this container yet.
2019-10-22 14:27:17,589 [pool-7-thread-3] INFO  commands.RetriableDatanodeEventWatcher (RetriableDatanodeEventWatcher.java:onTimeout(47)) - RetriableDatanodeCommand type=deleteBlocksCommand with id=1571754431588 timed out. Retrying.
2019-10-22 14:27:17,589 [pool-7-thread-2] INFO  commands.RetriableDatanodeEventWatcher (RetriableDatanodeEventWatcher.java:onTimeout(47)) - RetriableDatanodeCommand type=deleteBlocksCommand with id=1571754431590 timed out. Retrying.
2019-10-22 14:27:17,589 [pool-7-thread-1] INFO  commands.RetriableDatanodeEventWatcher (RetriableDatanodeEventWatcher.java:onTimeout(47)) - RetriableDatanodeCommand type=deleteBlocksCommand with id=1571754431589 timed out. Retrying.
2019-10-22 14:27:17,592 [pool-7-thread-1] INFO  commands.RetriableDatanodeEventWatcher (RetriableDatanodeEventWatcher.java:onTimeout(47)) - RetriableDatanodeCommand type=deleteBlocksCommand with id=1571754431585 timed out. Retrying.
2019-10-22 14:27:17,592 [pool-7-thread-3] INFO  commands.RetriableDatanodeEventWatcher (RetriableDatanodeEventWatcher.java:onTimeout(47)) - RetriableDatanodeCommand type=deleteBlocksCommand with id=1571754431592 timed out. Retrying.
2019-10-22 14:27:17,592 [pool-7-thread-2] INFO  commands.RetriableDatanodeEventWatcher (RetriableDatanodeEventWatcher.java:onTimeout(47)) - RetriableDatanodeCommand type=deleteBlocksCommand with id=1571754431591 timed out. Retrying.
2019-10-22 14:27:17,593 [SCMBlockDeletingService#1] INFO  block.SCMBlockDeletingService (SCMBlockDeletingService.java:call(184)) - Totally added 1 delete blocks command for 1 datanodes, task elapsed time: 0ms
2019-10-22 14:27:18,492 [BlockDeletingService#2] WARN  background.BlockDeletingService (BlockDeletingService.java:isDeletionAllowed(187)) - Close Container log Index 6 is not replicated across allthe servers in the pipeline 7ee4d48e-88bb-4c96-868c-d63fc7e0523a as the min replicated index is 4. Deletion is not allowed in this container yet.
2019-10-22 14:27:18,492 [BlockDeletingService#2] WARN  background.BlockDeletingService (BlockDeletingService.java:isDeletionAllowed(187)) - Close Container log Index 6 is not replicated across allthe servers in the pipeline 7ee4d48e-88bb-4c96-868c-d63fc7e0523a as the min replicated index is 4. Deletion is not allowed in this container yet.
2019-10-22 14:27:18,590 [pool-7-thread-2] INFO  commands.RetriableDatanodeEventWatcher (RetriableDatanodeEventWatcher.java:onTimeout(47)) - RetriableDatanodeCommand type=deleteBlocksCommand with id=1571754431588 timed out. Retrying.
2019-10-22 14:27:18,590 [pool-7-thread-3] INFO  commands.RetriableDatanodeEventWatcher (RetriableDatanodeEventWatcher.java:onTimeout(47)) - RetriableDatanodeCommand type=deleteBlocksCommand with id=1571754431589 timed out. Retrying.
2019-10-22 14:27:18,591 [pool-7-thread-1] INFO  commands.RetriableDatanodeEventWatcher (RetriableDatanodeEventWatcher.java:onTimeout(47)) - RetriableDatanodeCommand type=deleteBlocksCommand with id=1571754431590 timed out. Retrying.
2019-10-22 14:27:18,592 [pool-7-thread-2] INFO  commands.RetriableDatanodeEventWatcher (RetriableDatanodeEventWatcher.java:onTimeout(47)) - RetriableDatanodeCommand type=deleteBlocksCommand with id=1571754431592 timed out. Retrying.
2019-10-22 14:27:18,593 [pool-7-thread-3] INFO  commands.RetriableDatanodeEventWatcher (RetriableDatanodeEventWatcher.java:onTimeout(47)) - RetriableDatanodeCommand type=deleteBlocksCommand with id=1571754431591 timed out. Retrying.
2019-10-22 14:27:18,593 [pool-7-thread-1] INFO  commands.RetriableDatanodeEventWatcher (RetriableDatanodeEventWatcher.java:onTimeout(47)) - RetriableDatanodeCommand type=deleteBlocksCommand with id=1571754431585 timed out. Retrying.
2019-10-22 14:27:18,593 [pool-7-thread-4] INFO  commands.RetriableDatanodeEventWatcher (RetriableDatanodeEventWatcher.java:onTimeout(47)) - RetriableDatanodeCommand type=deleteBlocksCommand with id=1571754431593 timed out. Retrying.
2019-10-22 14:27:18,594 [SCMBlockDeletingService#1] INFO  block.SCMBlockDeletingService (SCMBlockDeletingService.java:call(184)) - Totally added 1 delete blocks command for 1 datanodes, task elapsed time: 0ms
2019-10-22 14:27:18,687 [EventQueue-PendingDeleteStatusForPendingDeleteHandler] INFO  block.SCMBlockDeletingService (SCMBlockDeletingService.java:handlePendingDeletes(115)) - Block deletion txnID mismatch in datanode 5e302b21-73c7-4c15-997b-467ec519df17 for containerID 1. Datanode delete txnID: 0, SCM txnID: 1
2019-10-22 14:27:18,723 [grpc-default-executor-3] INFO  impl.RaftServerProxy (RaftServerProxy.java:addNew(89)) - 5e302b21-73c7-4c15-997b-467ec519df17: addNew group-90631BBC15E0:[5e302b21-73c7-4c15-997b-467ec519df17:192.168.69.94:42500] returns group-90631BBC15E0:java.util.concurrent.CompletableFuture@730df75d[Not completed]
2019-10-22 14:27:18,727 [pool-59-thread-1] INFO  impl.RaftServerImpl (RaftServerImpl.java:<init>(98)) - 5e302b21-73c7-4c15-997b-467ec519df17: new RaftServerImpl for group-90631BBC15E0:[5e302b21-73c7-4c15-997b-467ec519df17:192.168.69.94:42500] with ContainerStateMachine:uninitialized
2019-10-22 14:27:18,727 [pool-59-thread-1] INFO  server.RaftServerConfigKeys (ConfUtils.java:logGet(43)) - raft.server.rpc.timeout.min = 5s (custom)
2019-10-22 14:27:18,727 [pool-59-thread-1] INFO  server.RaftServerConfigKeys (ConfUtils.java:logGet(43)) - raft.server.rpc.timeout.max = 5200ms (custom)
2019-10-22 14:27:18,728 [pool-59-thread-1] INFO  server.RaftServerConfigKeys (ConfUtils.java:logGet(43)) - raft.server.rpcslowness.timeout = 1000s (custom)
2019-10-22 14:27:18,728 [pool-59-thread-1] INFO  server.RaftServerConfigKeys (ConfUtils.java:logGet(43)) - raft.server.sleep.deviation.threshold = 300 (default)
2019-10-22 14:27:18,728 [pool-59-thread-1] INFO  server.RaftServerConfigKeys (ConfUtils.java:logGet(43)) - raft.server.log.appender.install.snapshot.enabled = false (custom)
2019-10-22 14:27:18,728 [pool-59-thread-1] INFO  impl.RaftServerImpl (ServerState.java:<init>(103)) - 5e302b21-73c7-4c15-997b-467ec519df17@group-90631BBC15E0: ConfigurationManager, init=-1: [5e302b21-73c7-4c15-997b-467ec519df17:192.168.69.94:42500], old=null, confs=<EMPTY_MAP>
2019-10-22 14:27:18,728 [pool-59-thread-1] INFO  server.RaftServerConfigKeys (ConfUtils.java:logGet(43)) - raft.server.storage.dir = [/workdir/hadoop-ozone/integration-test/target/test-dir/MiniOzoneClusterImpl-5e129b3f-6122-4345-a4c8-196d0e61d05e/datanode-2/data/ratis] (custom)
2019-10-22 14:27:18,729 [pool-59-thread-1] INFO  server.RaftServerConfigKeys (ConfUtils.java:logGet(43)) - raft.server.log.corruption.policy = EXCEPTION (default)
2019-10-22 14:27:18,729 [pool-59-thread-1] INFO  storage.RaftStorageDirectory (RaftStorageDirectory.java:analyzeStorage(246)) - The storage directory /workdir/hadoop-ozone/integration-test/target/test-dir/MiniOzoneClusterImpl-5e129b3f-6122-4345-a4c8-196d0e61d05e/datanode-2/data/ratis/a8084496-0274-4017-b04c-90631bbc15e0 does not exist. Creating ...
2019-10-22 14:27:18,743 [pool-59-thread-1] INFO  storage.RaftStorageDirectory (RaftStorageDirectory.java:tryLock(328)) - Lock on /workdir/hadoop-ozone/integration-test/target/test-dir/MiniOzoneClusterImpl-5e129b3f-6122-4345-a4c8-196d0e61d05e/datanode-2/data/ratis/a8084496-0274-4017-b04c-90631bbc15e0/in_use.lock acquired by nodename 29549@dev-testrun-4rklj-35625584
2019-10-22 14:27:18,757 [pool-59-thread-1] INFO  storage.RaftStorage (RaftStorage.java:format(84)) - Storage directory /workdir/hadoop-ozone/integration-test/target/test-dir/MiniOzoneClusterImpl-5e129b3f-6122-4345-a4c8-196d0e61d05e/datanode-2/data/ratis/a8084496-0274-4017-b04c-90631bbc15e0 has been successfully formatted.
2019-10-22 14:27:18,757 [pool-59-thread-1] INFO  ratis.ContainerStateMachine (ContainerStateMachine.java:loadSnapshot(231)) - group-90631BBC15E0: The snapshot info is null. Setting the last applied indexto:(t:0, i:~)
2019-10-22 14:27:18,757 [pool-59-thread-1] INFO  server.RaftServerConfigKeys (ConfUtils.java:logGet(43)) - raft.server.notification.no-leader.timeout = 1000s (custom)
2019-10-22 14:27:18,757 [pool-59-thread-1] INFO  server.RaftServerConfigKeys (ConfUtils.java:logGet(43)) - raft.server.log.use.memory = false (default)
2019-10-22 14:27:18,758 [pool-59-thread-1] INFO  server.RaftServerConfigKeys (ConfUtils.java:logGet(43)) - raft.server.log.purge.gap = 1000000 (custom)
2019-10-22 14:27:18,758 [pool-59-thread-1] INFO  server.RaftServerConfigKeys (ConfUtils.java:logGet(43)) - raft.server.log.appender.buffer.byte-limit = 33554432 (custom)
2019-10-22 14:27:18,758 [pool-59-thread-1] INFO  server.RaftServerConfigKeys (ConfUtils.java:logGet(43)) - raft.server.log.segment.size.max = 1048576 (custom)
2019-10-22 14:27:18,758 [pool-59-thread-1] INFO  server.RaftServerConfigKeys (ConfUtils.java:logGet(43)) - raft.server.log.segment.cache.num.max = 2 (custom)
2019-10-22 14:27:18,758 [pool-59-thread-1] INFO  segmented.SegmentedRaftLogWorker (SegmentedRaftLogWorker.java:<init>(173)) - new 5e302b21-73c7-4c15-997b-467ec519df17@group-90631BBC15E0-SegmentedRaftLogWorker for RaftStorage:Storage Directory /workdir/hadoop-ozone/integration-test/target/test-dir/MiniOzoneClusterImpl-5e129b3f-6122-4345-a4c8-196d0e61d05e/datanode-2/data/ratis/a8084496-0274-4017-b04c-90631bbc15e0
2019-10-22 14:27:18,759 [pool-59-thread-1] INFO  server.RaftServerConfigKeys (ConfUtils.java:logGet(43)) - raft.server.log.queue.byte-limit = 2147483647 (custom)
2019-10-22 14:27:18,759 [pool-59-thread-1] INFO  server.RaftServerConfigKeys (ConfUtils.java:logGet(43)) - raft.server.log.queue.element-limit = 1024 (custom)
2019-10-22 14:27:18,759 [pool-59-thread-1] INFO  server.RaftServerConfigKeys (ConfUtils.java:logGet(43)) - raft.server.log.segment.size.max = 1048576 (custom)
2019-10-22 14:27:18,759 [pool-59-thread-1] INFO  server.RaftServerConfigKeys (ConfUtils.java:logGet(43)) - raft.server.log.preallocated.size = 16384 (custom)
2019-10-22 14:27:18,759 [pool-59-thread-1] INFO  server.RaftServerConfigKeys (ConfUtils.java:logGet(43)) - raft.server.log.write.buffer.size = 33554432 (custom)
2019-10-22 14:27:18,759 [pool-59-thread-1] INFO  server.RaftServerConfigKeys (ConfUtils.java:logGet(43)) - raft.server.log.force.sync.num = 128 (default)
2019-10-22 14:27:18,760 [pool-59-thread-1] INFO  server.RaftServerConfigKeys (ConfUtils.java:logGet(43)) - raft.server.log.statemachine.data.sync = true (default)
2019-10-22 14:27:18,760 [pool-59-thread-1] INFO  server.RaftServerConfigKeys (ConfUtils.java:logGet(43)) - raft.server.log.statemachine.data.sync.timeout = 10s (default)
2019-10-22 14:27:18,760 [pool-59-thread-1] INFO  server.RaftServerConfigKeys (ConfUtils.java:logGet(43)) - raft.server.log.statemachine.data.sync.timeout.retry = -1 (default)
2019-10-22 14:27:18,760 [pool-59-thread-1] INFO  server.RaftServerConfigKeys (ConfUtils.java:logGet(43)) - raft.server.log.statemachine.data.caching.enabled = true (custom)
2019-10-22 14:27:18,761 [pool-59-thread-1] INFO  segmented.SegmentedRaftLogWorker (SegmentedRaftLogWorker.java:lambda$new$0(128)) - 5e302b21-73c7-4c15-997b-467ec519df17@group-90631BBC15E0-SegmentedRaftLogWorker: flushIndex: setUnconditionally 0 -> -1
2019-10-22 14:27:18,761 [pool-59-thread-1] INFO  server.RaftServerConfigKeys (ConfUtils.java:logGet(43)) - raft.server.snapshot.auto.trigger.enabled = true (custom)
2019-10-22 14:27:18,761 [pool-59-thread-1] INFO  server.RaftServerConfigKeys (ConfUtils.java:logGet(43)) - raft.server.snapshot.auto.trigger.threshold = 10000 (custom)
2019-10-22 14:27:18,761 [pool-59-thread-1] INFO  server.RaftServerConfigKeys (ConfUtils.java:logGet(43)) - raft.server.snapshot.retention.file.num = 5 (custom)
2019-10-22 14:27:18,762 [pool-59-thread-1] INFO  server.RaftServerConfigKeys (ConfUtils.java:logGet(43)) - raft.server.retrycache.expirytime = 600000ms (custom)
2019-10-22 14:27:18,762 [pool-59-thread-1] WARN  impl.MetricRegistriesImpl (MetricRegistriesImpl.java:lambda$create$1(61)) - First MetricRegistry has been created without registering reporters. You may need to call MetricRegistries.global().addReportRegistration(...) before.
2019-10-22 14:27:18,762 [pool-59-thread-1] WARN  impl.MetricRegistriesImpl (MetricRegistriesImpl.java:lambda$create$1(61)) - First MetricRegistry has been created without registering reporters. You may need to call MetricRegistries.global().addReportRegistration(...) before.
2019-10-22 14:27:18,763 [pool-59-thread-1] INFO  impl.RaftServerImpl (RaftServerImpl.java:start(184)) - 5e302b21-73c7-4c15-997b-467ec519df17@group-90631BBC15E0: start as a follower, conf=-1: [5e302b21-73c7-4c15-997b-467ec519df17:192.168.69.94:42500], old=null
2019-10-22 14:27:18,763 [pool-59-thread-1] INFO  impl.RaftServerImpl (RaftServerImpl.java:setRole(173)) - 5e302b21-73c7-4c15-997b-467ec519df17@group-90631BBC15E0: changes role from      null to FOLLOWER at term 0 for startAsFollower
2019-10-22 14:27:18,763 [pool-59-thread-1] INFO  impl.RoleInfo (RoleInfo.java:updateAndGet(143)) - 5e302b21-73c7-4c15-997b-467ec519df17: start FollowerState
2019-10-22 14:27:18,764 [pool-59-thread-1] INFO  util.JmxRegister (JmxRegister.java:tryRegister(44)) - Successfully registered JMX Bean with object name Ratis:service=RaftServer,group=group-90631BBC15E0,id=5e302b21-73c7-4c15-997b-467ec519df17
2019-10-22 14:27:18,764 [pool-59-thread-1] WARN  impl.MetricRegistriesImpl (MetricRegistriesImpl.java:lambda$create$1(61)) - First MetricRegistry has been created without registering reporters. You may need to call MetricRegistries.global().addReportRegistration(...) before.
2019-10-22 14:27:18,769 [RatisPipelineUtilsThread] INFO  pipeline.PipelineStateManager (PipelineStateManager.java:addPipeline(56)) - Created pipeline Pipeline[ Id: a8084496-0274-4017-b04c-90631bbc15e0, Nodes: 5e302b21-73c7-4c15-997b-467ec519df17{ip: 192.168.69.94, host: dev-testrun-4rklj-35625584, networkLocation: /default-rack, certSerialId: null}, Type:RATIS, Factor:ONE, State:OPEN]
2019-10-22 14:27:18,781 [grpc-default-executor-1] INFO  impl.RaftServerProxy (RaftServerProxy.java:addNew(89)) - 5e302b21-73c7-4c15-997b-467ec519df17: addNew group-395ECAC08E86:[c61b7886-1b9a-4032-b026-73ad3d840619:192.168.69.94:40251, 5e302b21-73c7-4c15-997b-467ec519df17:192.168.69.94:42500, 94363dd8-42f5-429b-bbe3-506d55a6d307:192.168.69.94:46664] returns group-395ECAC08E86:java.util.concurrent.CompletableFuture@bf85fc2[Not completed]
2019-10-22 14:27:18,781 [grpc-default-executor-3] INFO  impl.RaftServerProxy (RaftServerProxy.java:addNew(89)) - c61b7886-1b9a-4032-b026-73ad3d840619: addNew group-395ECAC08E86:[c61b7886-1b9a-4032-b026-73ad3d840619:192.168.69.94:40251, 5e302b21-73c7-4c15-997b-467ec519df17:192.168.69.94:42500, 94363dd8-42f5-429b-bbe3-506d55a6d307:192.168.69.94:46664] returns group-395ECAC08E86:java.util.concurrent.CompletableFuture@4f21f982[Not completed]
2019-10-22 14:27:18,784 [grpc-default-executor-3] INFO  impl.RaftServerProxy (RaftServerProxy.java:addNew(89)) - 94363dd8-42f5-429b-bbe3-506d55a6d307: addNew group-395ECAC08E86:[c61b7886-1b9a-4032-b026-73ad3d840619:192.168.69.94:40251, 5e302b21-73c7-4c15-997b-467ec519df17:192.168.69.94:42500, 94363dd8-42f5-429b-bbe3-506d55a6d307:192.168.69.94:46664] returns group-395ECAC08E86:java.util.concurrent.CompletableFuture@16685e57[Not completed]
2019-10-22 14:27:18,784 [pool-37-thread-1] INFO  impl.RaftServerImpl (RaftServerImpl.java:<init>(98)) - c61b7886-1b9a-4032-b026-73ad3d840619: new RaftServerImpl for group-395ECAC08E86:[c61b7886-1b9a-4032-b026-73ad3d840619:192.168.69.94:40251, 5e302b21-73c7-4c15-997b-467ec519df17:192.168.69.94:42500, 94363dd8-42f5-429b-bbe3-506d55a6d307:192.168.69.94:46664] with ContainerStateMachine:uninitialized
2019-10-22 14:27:18,785 [pool-37-thread-1] INFO  server.RaftServerConfigKeys (ConfUtils.java:logGet(43)) - raft.server.rpc.timeout.min = 5s (custom)
2019-10-22 14:27:18,785 [pool-37-thread-1] INFO  server.RaftServerConfigKeys (ConfUtils.java:logGet(43)) - raft.server.rpc.timeout.max = 5200ms (custom)
2019-10-22 14:27:18,785 [pool-37-thread-1] INFO  server.RaftServerConfigKeys (ConfUtils.java:logGet(43)) - raft.server.rpcslowness.timeout = 1000s (custom)
2019-10-22 14:27:18,785 [pool-37-thread-1] INFO  server.RaftServerConfigKeys (ConfUtils.java:logGet(43)) - raft.server.sleep.deviation.threshold = 300 (default)
2019-10-22 14:27:18,785 [pool-37-thread-1] INFO  server.RaftServerConfigKeys (ConfUtils.java:logGet(43)) - raft.server.log.appender.install.snapshot.enabled = false (custom)
2019-10-22 14:27:18,786 [pool-37-thread-1] INFO  impl.RaftServerImpl (ServerState.java:<init>(103)) - c61b7886-1b9a-4032-b026-73ad3d840619@group-395ECAC08E86: ConfigurationManager, init=-1: [c61b7886-1b9a-4032-b026-73ad3d840619:192.168.69.94:40251, 5e302b21-73c7-4c15-997b-467ec519df17:192.168.69.94:42500, 94363dd8-42f5-429b-bbe3-506d55a6d307:192.168.69.94:46664], old=null, confs=<EMPTY_MAP>
2019-10-22 14:27:18,786 [pool-37-thread-1] INFO  server.RaftServerConfigKeys (ConfUtils.java:logGet(43)) - raft.server.storage.dir = [/workdir/hadoop-ozone/integration-test/target/test-dir/MiniOzoneClusterImpl-5e129b3f-6122-4345-a4c8-196d0e61d05e/datanode-1/data/ratis] (custom)
2019-10-22 14:27:18,786 [pool-59-thread-1] INFO  impl.RaftServerImpl (RaftServerImpl.java:<init>(98)) - 5e302b21-73c7-4c15-997b-467ec519df17: new RaftServerImpl for group-395ECAC08E86:[c61b7886-1b9a-4032-b026-73ad3d840619:192.168.69.94:40251, 5e302b21-73c7-4c15-997b-467ec519df17:192.168.69.94:42500, 94363dd8-42f5-429b-bbe3-506d55a6d307:192.168.69.94:46664] with ContainerStateMachine:uninitialized
2019-10-22 14:27:18,786 [pool-37-thread-1] INFO  server.RaftServerConfigKeys (ConfUtils.java:logGet(43)) - raft.server.log.corruption.policy = EXCEPTION (default)
2019-10-22 14:27:18,786 [pool-59-thread-1] INFO  server.RaftServerConfigKeys (ConfUtils.java:logGet(43)) - raft.server.rpc.timeout.min = 5s (custom)
2019-10-22 14:27:18,786 [pool-27-thread-1] INFO  impl.RaftServerImpl (RaftServerImpl.java:<init>(98)) - 94363dd8-42f5-429b-bbe3-506d55a6d307: new RaftServerImpl for group-395ECAC08E86:[c61b7886-1b9a-4032-b026-73ad3d840619:192.168.69.94:40251, 5e302b21-73c7-4c15-997b-467ec519df17:192.168.69.94:42500, 94363dd8-42f5-429b-bbe3-506d55a6d307:192.168.69.94:46664] with ContainerStateMachine:uninitialized
2019-10-22 14:27:18,786 [pool-59-thread-1] INFO  server.RaftServerConfigKeys (ConfUtils.java:logGet(43)) - raft.server.rpc.timeout.max = 5200ms (custom)
2019-10-22 14:27:18,786 [pool-37-thread-1] INFO  storage.RaftStorageDirectory (RaftStorageDirectory.java:analyzeStorage(246)) - The storage directory /workdir/hadoop-ozone/integration-test/target/test-dir/MiniOzoneClusterImpl-5e129b3f-6122-4345-a4c8-196d0e61d05e/datanode-1/data/ratis/6151fd66-ae23-4cd6-8599-395ecac08e86 does not exist. Creating ...
2019-10-22 14:27:18,787 [pool-59-thread-1] INFO  server.RaftServerConfigKeys (ConfUtils.java:logGet(43)) - raft.server.rpcslowness.timeout = 1000s (custom)
2019-10-22 14:27:18,786 [pool-27-thread-1] INFO  server.RaftServerConfigKeys (ConfUtils.java:logGet(43)) - raft.server.rpc.timeout.min = 5s (custom)
2019-10-22 14:27:18,787 [pool-59-thread-1] INFO  server.RaftServerConfigKeys (ConfUtils.java:logGet(43)) - raft.server.sleep.deviation.threshold = 300 (default)
2019-10-22 14:27:18,787 [pool-27-thread-1] INFO  server.RaftServerConfigKeys (ConfUtils.java:logGet(43)) - raft.server.rpc.timeout.max = 5200ms (custom)
2019-10-22 14:27:18,787 [pool-59-thread-1] INFO  server.RaftServerConfigKeys (ConfUtils.java:logGet(43)) - raft.server.log.appender.install.snapshot.enabled = false (custom)
2019-10-22 14:27:18,787 [EventQueue-PendingDeleteStatusForPendingDeleteHandler] INFO  block.SCMBlockDeletingService (SCMBlockDeletingService.java:handlePendingDeletes(115)) - Block deletion txnID mismatch in datanode 5e302b21-73c7-4c15-997b-467ec519df17 for containerID 1. Datanode delete txnID: 0, SCM txnID: 1
2019-10-22 14:27:18,787 [pool-27-thread-1] INFO  server.RaftServerConfigKeys (ConfUtils.java:logGet(43)) - raft.server.rpcslowness.timeout = 1000s (custom)
2019-10-22 14:27:18,787 [pool-59-thread-1] INFO  impl.RaftServerImpl (ServerState.java:<init>(103)) - 5e302b21-73c7-4c15-997b-467ec519df17@group-395ECAC08E86: ConfigurationManager, init=-1: [c61b7886-1b9a-4032-b026-73ad3d840619:192.168.69.94:40251, 5e302b21-73c7-4c15-997b-467ec519df17:192.168.69.94:42500, 94363dd8-42f5-429b-bbe3-506d55a6d307:192.168.69.94:46664], old=null, confs=<EMPTY_MAP>
2019-10-22 14:27:18,788 [pool-27-thread-1] INFO  server.RaftServerConfigKeys (ConfUtils.java:logGet(43)) - raft.server.sleep.deviation.threshold = 300 (default)
2019-10-22 14:27:18,788 [pool-27-thread-1] INFO  server.RaftServerConfigKeys (ConfUtils.java:logGet(43)) - raft.server.log.appender.install.snapshot.enabled = false (custom)
2019-10-22 14:27:18,788 [pool-59-thread-1] INFO  server.RaftServerConfigKeys (ConfUtils.java:logGet(43)) - raft.server.storage.dir = [/workdir/hadoop-ozone/integration-test/target/test-dir/MiniOzoneClusterImpl-5e129b3f-6122-4345-a4c8-196d0e61d05e/datanode-2/data/ratis] (custom)
2019-10-22 14:27:18,788 [pool-27-thread-1] INFO  impl.RaftServerImpl (ServerState.java:<init>(103)) - 94363dd8-42f5-429b-bbe3-506d55a6d307@group-395ECAC08E86: ConfigurationManager, init=-1: [c61b7886-1b9a-4032-b026-73ad3d840619:192.168.69.94:40251, 5e302b21-73c7-4c15-997b-467ec519df17:192.168.69.94:42500, 94363dd8-42f5-429b-bbe3-506d55a6d307:192.168.69.94:46664], old=null, confs=<EMPTY_MAP>
2019-10-22 14:27:18,788 [pool-27-thread-1] INFO  server.RaftServerConfigKeys (ConfUtils.java:logGet(43)) - raft.server.storage.dir = [/workdir/hadoop-ozone/integration-test/target/test-dir/MiniOzoneClusterImpl-5e129b3f-6122-4345-a4c8-196d0e61d05e/datanode-0/data/ratis] (custom)
2019-10-22 14:27:18,788 [pool-59-thread-1] INFO  server.RaftServerConfigKeys (ConfUtils.java:logGet(43)) - raft.server.log.corruption.policy = EXCEPTION (default)
2019-10-22 14:27:18,788 [pool-27-thread-1] INFO  server.RaftServerConfigKeys (ConfUtils.java:logGet(43)) - raft.server.log.corruption.policy = EXCEPTION (default)
2019-10-22 14:27:18,788 [pool-27-thread-1] INFO  storage.RaftStorageDirectory (RaftStorageDirectory.java:analyzeStorage(246)) - The storage directory /workdir/hadoop-ozone/integration-test/target/test-dir/MiniOzoneClusterImpl-5e129b3f-6122-4345-a4c8-196d0e61d05e/datanode-0/data/ratis/6151fd66-ae23-4cd6-8599-395ecac08e86 does not exist. Creating ...
2019-10-22 14:27:18,788 [pool-59-thread-1] INFO  storage.RaftStorageDirectory (RaftStorageDirectory.java:analyzeStorage(246)) - The storage directory /workdir/hadoop-ozone/integration-test/target/test-dir/MiniOzoneClusterImpl-5e129b3f-6122-4345-a4c8-196d0e61d05e/datanode-2/data/ratis/6151fd66-ae23-4cd6-8599-395ecac08e86 does not exist. Creating ...
2019-10-22 14:27:18,800 [pool-59-thread-1] INFO  storage.RaftStorageDirectory (RaftStorageDirectory.java:tryLock(328)) - Lock on /workdir/hadoop-ozone/integration-test/target/test-dir/MiniOzoneClusterImpl-5e129b3f-6122-4345-a4c8-196d0e61d05e/datanode-2/data/ratis/6151fd66-ae23-4cd6-8599-395ecac08e86/in_use.lock acquired by nodename 29549@dev-testrun-4rklj-35625584
2019-10-22 14:27:18,800 [pool-37-thread-1] INFO  storage.RaftStorageDirectory (RaftStorageDirectory.java:tryLock(328)) - Lock on /workdir/hadoop-ozone/integration-test/target/test-dir/MiniOzoneClusterImpl-5e129b3f-6122-4345-a4c8-196d0e61d05e/datanode-1/data/ratis/6151fd66-ae23-4cd6-8599-395ecac08e86/in_use.lock acquired by nodename 29549@dev-testrun-4rklj-35625584
2019-10-22 14:27:18,800 [pool-27-thread-1] INFO  storage.RaftStorageDirectory (RaftStorageDirectory.java:tryLock(328)) - Lock on /workdir/hadoop-ozone/integration-test/target/test-dir/MiniOzoneClusterImpl-5e129b3f-6122-4345-a4c8-196d0e61d05e/datanode-0/data/ratis/6151fd66-ae23-4cd6-8599-395ecac08e86/in_use.lock acquired by nodename 29549@dev-testrun-4rklj-35625584
2019-10-22 14:27:18,814 [pool-27-thread-1] INFO  storage.RaftStorage (RaftStorage.java:format(84)) - Storage directory /workdir/hadoop-ozone/integration-test/target/test-dir/MiniOzoneClusterImpl-5e129b3f-6122-4345-a4c8-196d0e61d05e/datanode-0/data/ratis/6151fd66-ae23-4cd6-8599-395ecac08e86 has been successfully formatted.
2019-10-22 14:27:18,814 [pool-37-thread-1] INFO  storage.RaftStorage (RaftStorage.java:format(84)) - Storage directory /workdir/hadoop-ozone/integration-test/target/test-dir/MiniOzoneClusterImpl-5e129b3f-6122-4345-a4c8-196d0e61d05e/datanode-1/data/ratis/6151fd66-ae23-4cd6-8599-395ecac08e86 has been successfully formatted.
2019-10-22 14:27:18,814 [pool-59-thread-1] INFO  storage.RaftStorage (RaftStorage.java:format(84)) - Storage directory /workdir/hadoop-ozone/integration-test/target/test-dir/MiniOzoneClusterImpl-5e129b3f-6122-4345-a4c8-196d0e61d05e/datanode-2/data/ratis/6151fd66-ae23-4cd6-8599-395ecac08e86 has been successfully formatted.
2019-10-22 14:27:18,814 [pool-27-thread-1] INFO  ratis.ContainerStateMachine (ContainerStateMachine.java:loadSnapshot(231)) - group-395ECAC08E86: The snapshot info is null. Setting the last applied indexto:(t:0, i:~)
2019-10-22 14:27:18,814 [pool-37-thread-1] INFO  ratis.ContainerStateMachine (ContainerStateMachine.java:loadSnapshot(231)) - group-395ECAC08E86: The snapshot info is null. Setting the last applied indexto:(t:0, i:~)
2019-10-22 14:27:18,814 [pool-59-thread-1] INFO  ratis.ContainerStateMachine (ContainerStateMachine.java:loadSnapshot(231)) - group-395ECAC08E86: The snapshot info is null. Setting the last applied indexto:(t:0, i:~)
2019-10-22 14:27:18,814 [pool-27-thread-1] INFO  server.RaftServerConfigKeys (ConfUtils.java:logGet(43)) - raft.server.notification.no-leader.timeout = 1000s (custom)
2019-10-22 14:27:18,815 [pool-59-thread-1] INFO  server.RaftServerConfigKeys (ConfUtils.java:logGet(43)) - raft.server.notification.no-leader.timeout = 1000s (custom)
2019-10-22 14:27:18,815 [pool-37-thread-1] INFO  server.RaftServerConfigKeys (ConfUtils.java:logGet(43)) - raft.server.notification.no-leader.timeout = 1000s (custom)
2019-10-22 14:27:18,815 [pool-59-thread-1] INFO  server.RaftServerConfigKeys (ConfUtils.java:logGet(43)) - raft.server.log.use.memory = false (default)
2019-10-22 14:27:18,815 [pool-27-thread-1] INFO  server.RaftServerConfigKeys (ConfUtils.java:logGet(43)) - raft.server.log.use.memory = false (default)
2019-10-22 14:27:18,815 [pool-59-thread-1] INFO  server.RaftServerConfigKeys (ConfUtils.java:logGet(43)) - raft.server.log.purge.gap = 1000000 (custom)
2019-10-22 14:27:18,815 [pool-37-thread-1] INFO  server.RaftServerConfigKeys (ConfUtils.java:logGet(43)) - raft.server.log.use.memory = false (default)
2019-10-22 14:27:18,815 [pool-59-thread-1] INFO  server.RaftServerConfigKeys (ConfUtils.java:logGet(43)) - raft.server.log.appender.buffer.byte-limit = 33554432 (custom)
2019-10-22 14:27:18,815 [pool-27-thread-1] INFO  server.RaftServerConfigKeys (ConfUtils.java:logGet(43)) - raft.server.log.purge.gap = 1000000 (custom)
2019-10-22 14:27:18,816 [pool-59-thread-1] INFO  server.RaftServerConfigKeys (ConfUtils.java:logGet(43)) - raft.server.log.segment.size.max = 1048576 (custom)
2019-10-22 14:27:18,815 [pool-37-thread-1] INFO  server.RaftServerConfigKeys (ConfUtils.java:logGet(43)) - raft.server.log.purge.gap = 1000000 (custom)
2019-10-22 14:27:18,816 [pool-59-thread-1] INFO  server.RaftServerConfigKeys (ConfUtils.java:logGet(43)) - raft.server.log.segment.cache.num.max = 2 (custom)
2019-10-22 14:27:18,816 [pool-27-thread-1] INFO  server.RaftServerConfigKeys (ConfUtils.java:logGet(43)) - raft.server.log.appender.buffer.byte-limit = 33554432 (custom)
2019-10-22 14:27:18,816 [pool-59-thread-1] INFO  segmented.SegmentedRaftLogWorker (SegmentedRaftLogWorker.java:<init>(173)) - new 5e302b21-73c7-4c15-997b-467ec519df17@group-395ECAC08E86-SegmentedRaftLogWorker for RaftStorage:Storage Directory /workdir/hadoop-ozone/integration-test/target/test-dir/MiniOzoneClusterImpl-5e129b3f-6122-4345-a4c8-196d0e61d05e/datanode-2/data/ratis/6151fd66-ae23-4cd6-8599-395ecac08e86
2019-10-22 14:27:18,816 [pool-59-thread-1] INFO  server.RaftServerConfigKeys (ConfUtils.java:logGet(43)) - raft.server.log.queue.byte-limit = 2147483647 (custom)
2019-10-22 14:27:18,816 [pool-37-thread-1] INFO  server.RaftServerConfigKeys (ConfUtils.java:logGet(43)) - raft.server.log.appender.buffer.byte-limit = 33554432 (custom)
2019-10-22 14:27:18,816 [pool-59-thread-1] INFO  server.RaftServerConfigKeys (ConfUtils.java:logGet(43)) - raft.server.log.queue.element-limit = 1024 (custom)
2019-10-22 14:27:18,816 [pool-27-thread-1] INFO  server.RaftServerConfigKeys (ConfUtils.java:logGet(43)) - raft.server.log.segment.size.max = 1048576 (custom)
2019-10-22 14:27:18,817 [pool-59-thread-1] INFO  server.RaftServerConfigKeys (ConfUtils.java:logGet(43)) - raft.server.log.segment.size.max = 1048576 (custom)
2019-10-22 14:27:18,817 [pool-37-thread-1] INFO  server.RaftServerConfigKeys (ConfUtils.java:logGet(43)) - raft.server.log.segment.size.max = 1048576 (custom)
2019-10-22 14:27:18,817 [pool-59-thread-1] INFO  server.RaftServerConfigKeys (ConfUtils.java:logGet(43)) - raft.server.log.preallocated.size = 16384 (custom)
2019-10-22 14:27:18,817 [pool-27-thread-1] INFO  server.RaftServerConfigKeys (ConfUtils.java:logGet(43)) - raft.server.log.segment.cache.num.max = 2 (custom)
2019-10-22 14:27:18,817 [pool-59-thread-1] INFO  server.RaftServerConfigKeys (ConfUtils.java:logGet(43)) - raft.server.log.write.buffer.size = 33554432 (custom)
2019-10-22 14:27:18,817 [pool-37-thread-1] INFO  server.RaftServerConfigKeys (ConfUtils.java:logGet(43)) - raft.server.log.segment.cache.num.max = 2 (custom)
2019-10-22 14:27:18,817 [pool-59-thread-1] INFO  server.RaftServerConfigKeys (ConfUtils.java:logGet(43)) - raft.server.log.force.sync.num = 128 (default)
2019-10-22 14:27:18,817 [pool-27-thread-1] INFO  segmented.SegmentedRaftLogWorker (SegmentedRaftLogWorker.java:<init>(173)) - new 94363dd8-42f5-429b-bbe3-506d55a6d307@group-395ECAC08E86-SegmentedRaftLogWorker for RaftStorage:Storage Directory /workdir/hadoop-ozone/integration-test/target/test-dir/MiniOzoneClusterImpl-5e129b3f-6122-4345-a4c8-196d0e61d05e/datanode-0/data/ratis/6151fd66-ae23-4cd6-8599-395ecac08e86
2019-10-22 14:27:18,818 [pool-59-thread-1] INFO  server.RaftServerConfigKeys (ConfUtils.java:logGet(43)) - raft.server.log.statemachine.data.sync = true (default)
2019-10-22 14:27:18,818 [pool-37-thread-1] INFO  segmented.SegmentedRaftLogWorker (SegmentedRaftLogWorker.java:<init>(173)) - new c61b7886-1b9a-4032-b026-73ad3d840619@group-395ECAC08E86-SegmentedRaftLogWorker for RaftStorage:Storage Directory /workdir/hadoop-ozone/integration-test/target/test-dir/MiniOzoneClusterImpl-5e129b3f-6122-4345-a4c8-196d0e61d05e/datanode-1/data/ratis/6151fd66-ae23-4cd6-8599-395ecac08e86
2019-10-22 14:27:18,818 [pool-59-thread-1] INFO  server.RaftServerConfigKeys (ConfUtils.java:logGet(43)) - raft.server.log.statemachine.data.sync.timeout = 10s (default)
2019-10-22 14:27:18,818 [pool-59-thread-1] INFO  server.RaftServerConfigKeys (ConfUtils.java:logGet(43)) - raft.server.log.statemachine.data.sync.timeout.retry = -1 (default)
2019-10-22 14:27:18,818 [pool-27-thread-1] INFO  server.RaftServerConfigKeys (ConfUtils.java:logGet(43)) - raft.server.log.queue.byte-limit = 2147483647 (custom)
2019-10-22 14:27:18,818 [pool-59-thread-1] INFO  server.RaftServerConfigKeys (ConfUtils.java:logGet(43)) - raft.server.log.statemachine.data.caching.enabled = true (custom)
2019-10-22 14:27:18,818 [pool-37-thread-1] INFO  server.RaftServerConfigKeys (ConfUtils.java:logGet(43)) - raft.server.log.queue.byte-limit = 2147483647 (custom)
2019-10-22 14:27:18,818 [pool-27-thread-1] INFO  server.RaftServerConfigKeys (ConfUtils.java:logGet(43)) - raft.server.log.queue.element-limit = 1024 (custom)
2019-10-22 14:27:18,819 [pool-37-thread-1] INFO  server.RaftServerConfigKeys (ConfUtils.java:logGet(43)) - raft.server.log.queue.element-limit = 1024 (custom)
2019-10-22 14:27:18,819 [pool-59-thread-1] INFO  segmented.SegmentedRaftLogWorker (SegmentedRaftLogWorker.java:lambda$new$0(128)) - 5e302b21-73c7-4c15-997b-467ec519df17@group-395ECAC08E86-SegmentedRaftLogWorker: flushIndex: setUnconditionally 0 -> -1
2019-10-22 14:27:18,819 [pool-27-thread-1] INFO  server.RaftServerConfigKeys (ConfUtils.java:logGet(43)) - raft.server.log.segment.size.max = 1048576 (custom)
2019-10-22 14:27:18,819 [pool-37-thread-1] INFO  server.RaftServerConfigKeys (ConfUtils.java:logGet(43)) - raft.server.log.segment.size.max = 1048576 (custom)
2019-10-22 14:27:18,819 [pool-27-thread-1] INFO  server.RaftServerConfigKeys (ConfUtils.java:logGet(43)) - raft.server.log.preallocated.size = 16384 (custom)
2019-10-22 14:27:18,819 [pool-59-thread-1] INFO  server.RaftServerConfigKeys (ConfUtils.java:logGet(43)) - raft.server.snapshot.auto.trigger.enabled = true (custom)
2019-10-22 14:27:18,819 [pool-37-thread-1] INFO  server.RaftServerConfigKeys (ConfUtils.java:logGet(43)) - raft.server.log.preallocated.size = 16384 (custom)
2019-10-22 14:27:18,819 [pool-59-thread-1] INFO  server.RaftServerConfigKeys (ConfUtils.java:logGet(43)) - raft.server.snapshot.auto.trigger.threshold = 10000 (custom)
2019-10-22 14:27:18,819 [pool-27-thread-1] INFO  server.RaftServerConfigKeys (ConfUtils.java:logGet(43)) - raft.server.log.write.buffer.size = 33554432 (custom)
2019-10-22 14:27:18,820 [pool-59-thread-1] INFO  server.RaftServerConfigKeys (ConfUtils.java:logGet(43)) - raft.server.snapshot.retention.file.num = 5 (custom)
2019-10-22 14:27:18,820 [pool-37-thread-1] INFO  server.RaftServerConfigKeys (ConfUtils.java:logGet(43)) - raft.server.log.write.buffer.size = 33554432 (custom)
2019-10-22 14:27:18,820 [pool-59-thread-1] INFO  server.RaftServerConfigKeys (ConfUtils.java:logGet(43)) - raft.server.retrycache.expirytime = 600000ms (custom)
2019-10-22 14:27:18,820 [pool-27-thread-1] INFO  server.RaftServerConfigKeys (ConfUtils.java:logGet(43)) - raft.server.log.force.sync.num = 128 (default)
2019-10-22 14:27:18,820 [pool-37-thread-1] INFO  server.RaftServerConfigKeys (ConfUtils.java:logGet(43)) - raft.server.log.force.sync.num = 128 (default)
2019-10-22 14:27:18,820 [pool-59-thread-1] WARN  impl.MetricRegistriesImpl (MetricRegistriesImpl.java:lambda$create$1(61)) - First MetricRegistry has been created without registering reporters. You may need to call MetricRegistries.global().addReportRegistration(...) before.
2019-10-22 14:27:18,820 [pool-27-thread-1] INFO  server.RaftServerConfigKeys (ConfUtils.java:logGet(43)) - raft.server.log.statemachine.data.sync = true (default)
2019-10-22 14:27:18,820 [pool-59-thread-1] WARN  impl.MetricRegistriesImpl (MetricRegistriesImpl.java:lambda$create$1(61)) - First MetricRegistry has been created without registering reporters. You may need to call MetricRegistries.global().addReportRegistration(...) before.
2019-10-22 14:27:18,820 [pool-37-thread-1] INFO  server.RaftServerConfigKeys (ConfUtils.java:logGet(43)) - raft.server.log.statemachine.data.sync = true (default)
2019-10-22 14:27:18,821 [pool-27-thread-1] INFO  server.RaftServerConfigKeys (ConfUtils.java:logGet(43)) - raft.server.log.statemachine.data.sync.timeout = 10s (default)
2019-10-22 14:27:18,821 [pool-37-thread-1] INFO  server.RaftServerConfigKeys (ConfUtils.java:logGet(43)) - raft.server.log.statemachine.data.sync.timeout = 10s (default)
2019-10-22 14:27:18,821 [pool-59-thread-1] INFO  impl.RaftServerImpl (RaftServerImpl.java:start(184)) - 5e302b21-73c7-4c15-997b-467ec519df17@group-395ECAC08E86: start as a follower, conf=-1: [c61b7886-1b9a-4032-b026-73ad3d840619:192.168.69.94:40251, 5e302b21-73c7-4c15-997b-467ec519df17:192.168.69.94:42500, 94363dd8-42f5-429b-bbe3-506d55a6d307:192.168.69.94:46664], old=null
2019-10-22 14:27:18,821 [pool-37-thread-1] INFO  server.RaftServerConfigKeys (ConfUtils.java:logGet(43)) - raft.server.log.statemachine.data.sync.timeout.retry = -1 (default)
2019-10-22 14:27:18,821 [pool-27-thread-1] INFO  server.RaftServerConfigKeys (ConfUtils.java:logGet(43)) - raft.server.log.statemachine.data.sync.timeout.retry = -1 (default)
2019-10-22 14:27:18,821 [pool-59-thread-1] INFO  impl.RaftServerImpl (RaftServerImpl.java:setRole(173)) - 5e302b21-73c7-4c15-997b-467ec519df17@group-395ECAC08E86: changes role from      null to FOLLOWER at term 0 for startAsFollower
2019-10-22 14:27:18,821 [pool-27-thread-1] INFO  server.RaftServerConfigKeys (ConfUtils.java:logGet(43)) - raft.server.log.statemachine.data.caching.enabled = true (custom)
2019-10-22 14:27:18,821 [pool-59-thread-1] INFO  impl.RoleInfo (RoleInfo.java:updateAndGet(143)) - 5e302b21-73c7-4c15-997b-467ec519df17: start FollowerState
2019-10-22 14:27:18,821 [pool-37-thread-1] INFO  server.RaftServerConfigKeys (ConfUtils.java:logGet(43)) - raft.server.log.statemachine.data.caching.enabled = true (custom)
2019-10-22 14:27:18,822 [pool-27-thread-1] INFO  segmented.SegmentedRaftLogWorker (SegmentedRaftLogWorker.java:lambda$new$0(128)) - 94363dd8-42f5-429b-bbe3-506d55a6d307@group-395ECAC08E86-SegmentedRaftLogWorker: flushIndex: setUnconditionally 0 -> -1
2019-10-22 14:27:18,822 [pool-37-thread-1] INFO  segmented.SegmentedRaftLogWorker (SegmentedRaftLogWorker.java:lambda$new$0(128)) - c61b7886-1b9a-4032-b026-73ad3d840619@group-395ECAC08E86-SegmentedRaftLogWorker: flushIndex: setUnconditionally 0 -> -1
2019-10-22 14:27:18,822 [pool-59-thread-1] INFO  util.JmxRegister (JmxRegister.java:tryRegister(44)) - Successfully registered JMX Bean with object name Ratis:service=RaftServer,group=group-395ECAC08E86,id=5e302b21-73c7-4c15-997b-467ec519df17
2019-10-22 14:27:18,822 [pool-27-thread-1] INFO  server.RaftServerConfigKeys (ConfUtils.java:logGet(43)) - raft.server.snapshot.auto.trigger.enabled = true (custom)
2019-10-22 14:27:18,822 [pool-59-thread-1] WARN  impl.MetricRegistriesImpl (MetricRegistriesImpl.java:lambda$create$1(61)) - First MetricRegistry has been created without registering reporters. You may need to call MetricRegistries.global().addReportRegistration(...) before.
2019-10-22 14:27:18,822 [pool-37-thread-1] INFO  server.RaftServerConfigKeys (ConfUtils.java:logGet(43)) - raft.server.snapshot.auto.trigger.enabled = true (custom)
2019-10-22 14:27:18,822 [pool-27-thread-1] INFO  server.RaftServerConfigKeys (ConfUtils.java:logGet(43)) - raft.server.snapshot.auto.trigger.threshold = 10000 (custom)
2019-10-22 14:27:18,823 [pool-37-thread-1] INFO  server.RaftServerConfigKeys (ConfUtils.java:logGet(43)) - raft.server.snapshot.auto.trigger.threshold = 10000 (custom)
2019-10-22 14:27:18,823 [pool-27-thread-1] INFO  server.RaftServerConfigKeys (ConfUtils.java:logGet(43)) - raft.server.snapshot.retention.file.num = 5 (custom)
2019-10-22 14:27:18,823 [pool-37-thread-1] INFO  server.RaftServerConfigKeys (ConfUtils.java:logGet(43)) - raft.server.snapshot.retention.file.num = 5 (custom)
2019-10-22 14:27:18,823 [pool-27-thread-1] INFO  server.RaftServerConfigKeys (ConfUtils.java:logGet(43)) - raft.server.retrycache.expirytime = 600000ms (custom)
2019-10-22 14:27:18,823 [pool-37-thread-1] INFO  server.RaftServerConfigKeys (ConfUtils.java:logGet(43)) - raft.server.retrycache.expirytime = 600000ms (custom)
2019-10-22 14:27:18,823 [pool-27-thread-1] WARN  impl.MetricRegistriesImpl (MetricRegistriesImpl.java:lambda$create$1(61)) - First MetricRegistry has been created without registering reporters. You may need to call MetricRegistries.global().addReportRegistration(...) before.
2019-10-22 14:27:18,823 [pool-37-thread-1] WARN  impl.MetricRegistriesImpl (MetricRegistriesImpl.java:lambda$create$1(61)) - First MetricRegistry has been created without registering reporters. You may need to call MetricRegistries.global().addReportRegistration(...) before.
2019-10-22 14:27:18,823 [pool-27-thread-1] WARN  impl.MetricRegistriesImpl (MetricRegistriesImpl.java:lambda$create$1(61)) - First MetricRegistry has been created without registering reporters. You may need to call MetricRegistries.global().addReportRegistration(...) before.
2019-10-22 14:27:18,823 [pool-37-thread-1] WARN  impl.MetricRegistriesImpl (MetricRegistriesImpl.java:lambda$create$1(61)) - First MetricRegistry has been created without registering reporters. You may need to call MetricRegistries.global().addReportRegistration(...) before.
2019-10-22 14:27:18,823 [pool-27-thread-1] INFO  impl.RaftServerImpl (RaftServerImpl.java:start(184)) - 94363dd8-42f5-429b-bbe3-506d55a6d307@group-395ECAC08E86: start as a follower, conf=-1: [c61b7886-1b9a-4032-b026-73ad3d840619:192.168.69.94:40251, 5e302b21-73c7-4c15-997b-467ec519df17:192.168.69.94:42500, 94363dd8-42f5-429b-bbe3-506d55a6d307:192.168.69.94:46664], old=null
2019-10-22 14:27:18,824 [pool-37-thread-1] INFO  impl.RaftServerImpl (RaftServerImpl.java:start(184)) - c61b7886-1b9a-4032-b026-73ad3d840619@group-395ECAC08E86: start as a follower, conf=-1: [c61b7886-1b9a-4032-b026-73ad3d840619:192.168.69.94:40251, 5e302b21-73c7-4c15-997b-467ec519df17:192.168.69.94:42500, 94363dd8-42f5-429b-bbe3-506d55a6d307:192.168.69.94:46664], old=null
2019-10-22 14:27:18,824 [pool-27-thread-1] INFO  impl.RaftServerImpl (RaftServerImpl.java:setRole(173)) - 94363dd8-42f5-429b-bbe3-506d55a6d307@group-395ECAC08E86: changes role from      null to FOLLOWER at term 0 for startAsFollower
2019-10-22 14:27:18,824 [pool-37-thread-1] INFO  impl.RaftServerImpl (RaftServerImpl.java:setRole(173)) - c61b7886-1b9a-4032-b026-73ad3d840619@group-395ECAC08E86: changes role from      null to FOLLOWER at term 0 for startAsFollower
2019-10-22 14:27:18,824 [pool-27-thread-1] INFO  impl.RoleInfo (RoleInfo.java:updateAndGet(143)) - 94363dd8-42f5-429b-bbe3-506d55a6d307: start FollowerState
2019-10-22 14:27:18,829 [pool-37-thread-1] INFO  impl.RoleInfo (RoleInfo.java:updateAndGet(143)) - c61b7886-1b9a-4032-b026-73ad3d840619: start FollowerState
2019-10-22 14:27:18,829 [pool-27-thread-1] INFO  util.JmxRegister (JmxRegister.java:tryRegister(44)) - Successfully registered JMX Bean with object name Ratis:service=RaftServer,group=group-395ECAC08E86,id=94363dd8-42f5-429b-bbe3-506d55a6d307
2019-10-22 14:27:18,829 [pool-27-thread-1] WARN  impl.MetricRegistriesImpl (MetricRegistriesImpl.java:lambda$create$1(61)) - First MetricRegistry has been created without registering reporters. You may need to call MetricRegistries.global().addReportRegistration(...) before.
2019-10-22 14:27:18,829 [pool-37-thread-1] INFO  util.JmxRegister (JmxRegister.java:tryRegister(44)) - Successfully registered JMX Bean with object name Ratis:service=RaftServer,group=group-395ECAC08E86,id=c61b7886-1b9a-4032-b026-73ad3d840619
2019-10-22 14:27:18,829 [pool-37-thread-1] WARN  impl.MetricRegistriesImpl (MetricRegistriesImpl.java:lambda$create$1(61)) - First MetricRegistry has been created without registering reporters. You may need to call MetricRegistries.global().addReportRegistration(...) before.
2019-10-22 14:27:18,832 [RatisPipelineUtilsThread] INFO  pipeline.PipelineStateManager (PipelineStateManager.java:addPipeline(56)) - Created pipeline Pipeline[ Id: 6151fd66-ae23-4cd6-8599-395ecac08e86, Nodes: c61b7886-1b9a-4032-b026-73ad3d840619{ip: 192.168.69.94, host: dev-testrun-4rklj-35625584, networkLocation: /default-rack, certSerialId: null}5e302b21-73c7-4c15-997b-467ec519df17{ip: 192.168.69.94, host: dev-testrun-4rklj-35625584, networkLocation: /default-rack, certSerialId: null}94363dd8-42f5-429b-bbe3-506d55a6d307{ip: 192.168.69.94, host: dev-testrun-4rklj-35625584, networkLocation: /default-rack, certSerialId: null}, Type:RATIS, Factor:THREE, State:OPEN]
2019-10-22 14:27:19,187 [EventQueue-PendingDeleteStatusForPendingDeleteHandler] INFO  block.SCMBlockDeletingService (SCMBlockDeletingService.java:handlePendingDeletes(115)) - Block deletion txnID mismatch in datanode 5e302b21-73c7-4c15-997b-467ec519df17 for containerID 1. Datanode delete txnID: 0, SCM txnID: 1
2019-10-22 14:27:19,457 [java.util.concurrent.ThreadPoolExecutor$Worker@3e1fcf78[State = -1, empty queue]] WARN  server.GrpcLogAppender (GrpcLogAppender.java:timeoutAppendRequest(209)) - 94363dd8-42f5-429b-bbe3-506d55a6d307@group-D63FC7E0523A->5e302b21-73c7-4c15-997b-467ec519df17-GrpcLogAppender: appendEntries Timeout, request=94363dd8-42f5-429b-bbe3-506d55a6d307->5e302b21-73c7-4c15-997b-467ec519df17#53-t2, previous=(t:2, i:10), leaderCommit=10, initializing? false, entries: <empty>
2019-10-22 14:27:19,487 [EventQueue-PendingDeleteStatusForPendingDeleteHandler] INFO  block.SCMBlockDeletingService (SCMBlockDeletingService.java:handlePendingDeletes(115)) - Block deletion txnID mismatch in datanode 5e302b21-73c7-4c15-997b-467ec519df17 for containerID 1. Datanode delete txnID: 0, SCM txnID: 1
2019-10-22 14:27:19,493 [BlockDeletingService#2] WARN  background.BlockDeletingService (BlockDeletingService.java:isDeletionAllowed(187)) - Close Container log Index 6 is not replicated across allthe servers in the pipeline 7ee4d48e-88bb-4c96-868c-d63fc7e0523a as the min replicated index is 4. Deletion is not allowed in this container yet.
2019-10-22 14:27:19,493 [BlockDeletingService#2] WARN  background.BlockDeletingService (BlockDeletingService.java:isDeletionAllowed(187)) - Close Container log Index 6 is not replicated across allthe servers in the pipeline 7ee4d48e-88bb-4c96-868c-d63fc7e0523a as the min replicated index is 4. Deletion is not allowed in this container yet.
2019-10-22 14:27:19,591 [pool-7-thread-4] INFO  commands.RetriableDatanodeEventWatcher (RetriableDatanodeEventWatcher.java:onTimeout(47)) - RetriableDatanodeCommand type=deleteBlocksCommand with id=1571754431588 timed out. Retrying.
2019-10-22 14:27:19,591 [pool-7-thread-4] INFO  commands.RetriableDatanodeEventWatcher (RetriableDatanodeEventWatcher.java:onTimeout(47)) - RetriableDatanodeCommand type=deleteBlocksCommand with id=1571754431589 timed out. Retrying.
2019-10-22 14:27:19,591 [pool-7-thread-1] INFO  commands.RetriableDatanodeEventWatcher (RetriableDatanodeEventWatcher.java:onTimeout(47)) - RetriableDatanodeCommand type=deleteBlocksCommand with id=1571754431590 timed out. Retrying.
2019-10-22 14:27:19,594 [pool-7-thread-4] INFO  commands.RetriableDatanodeEventWatcher (RetriableDatanodeEventWatcher.java:onTimeout(47)) - RetriableDatanodeCommand type=deleteBlocksCommand with id=1571754431591 timed out. Retrying.
2019-10-22 14:27:19,594 [pool-7-thread-2] INFO  commands.RetriableDatanodeEventWatcher (RetriableDatanodeEventWatcher.java:onTimeout(47)) - RetriableDatanodeCommand type=deleteBlocksCommand with id=1571754431593 timed out. Retrying.
2019-10-22 14:27:19,594 [pool-7-thread-3] INFO  commands.RetriableDatanodeEventWatcher (RetriableDatanodeEventWatcher.java:onTimeout(47)) - RetriableDatanodeCommand type=deleteBlocksCommand with id=1571754431592 timed out. Retrying.
2019-10-22 14:27:19,595 [pool-7-thread-1] INFO  commands.RetriableDatanodeEventWatcher (RetriableDatanodeEventWatcher.java:onTimeout(47)) - RetriableDatanodeCommand type=deleteBlocksCommand with id=1571754431585 timed out. Retrying.
2019-10-22 14:27:19,595 [pool-7-thread-5] INFO  commands.RetriableDatanodeEventWatcher (RetriableDatanodeEventWatcher.java:onTimeout(47)) - RetriableDatanodeCommand type=deleteBlocksCommand with id=1571754431594 timed out. Retrying.
2019-10-22 14:27:19,595 [SCMBlockDeletingService#1] INFO  block.SCMBlockDeletingService (SCMBlockDeletingService.java:call(184)) - Totally added 1 delete blocks command for 1 datanodes, task elapsed time: 1ms
2019-10-22 14:27:19,704 [Command processor thread] INFO  commandhandler.DeleteBlocksCommandHandler (DeleteBlocksCommandHandler.java:handle(106)) - Start to delete container blocks, TXIDs=[1(0)], numOfContainers=1, numOfBlocks=1
2019-10-22 14:27:19,704 [Command processor thread] INFO  commandhandler.DeleteBlocksCommandHandler (DeleteBlocksCommandHandler.java:handle(106)) - Start to delete container blocks, TXIDs=[1(2)], numOfContainers=1, numOfBlocks=1
2019-10-22 14:27:19,704 [Command processor thread] INFO  commandhandler.DeleteBlocksCommandHandler (DeleteBlocksCommandHandler.java:handle(106)) - Start to delete container blocks, TXIDs=[1(0)], numOfContainers=1, numOfBlocks=1
2019-10-22 14:27:19,705 [Command processor thread] INFO  commandhandler.DeleteBlocksCommandHandler (DeleteBlocksCommandHandler.java:handle(106)) - Start to delete container blocks, TXIDs=[1(2)], numOfContainers=1, numOfBlocks=1
2019-10-22 14:27:19,705 [Command processor thread] INFO  commandhandler.DeleteBlocksCommandHandler (DeleteBlocksCommandHandler.java:handle(106)) - Start to delete container blocks, TXIDs=[1(4)], numOfContainers=1, numOfBlocks=1
2019-10-22 14:27:19,705 [Command processor thread] INFO  commandhandler.DeleteBlocksCommandHandler (DeleteBlocksCommandHandler.java:handle(106)) - Start to delete container blocks, TXIDs=[1(0)], numOfContainers=1, numOfBlocks=1
2019-10-22 14:27:19,705 [Command processor thread] INFO  commandhandler.DeleteBlocksCommandHandler (DeleteBlocksCommandHandler.java:handle(106)) - Start to delete container blocks, TXIDs=[1(2)], numOfContainers=1, numOfBlocks=1
2019-10-22 14:27:19,705 [Command processor thread] INFO  commandhandler.DeleteBlocksCommandHandler (DeleteBlocksCommandHandler.java:handle(106)) - Start to delete container blocks, TXIDs=[1(4)], numOfContainers=1, numOfBlocks=1
2019-10-22 14:27:19,706 [Command processor thread] INFO  commandhandler.DeleteBlocksCommandHandler (DeleteBlocksCommandHandler.java:handle(106)) - Start to delete container blocks, TXIDs=[1(5)], numOfContainers=1, numOfBlocks=1
2019-10-22 14:27:19,706 [Command processor thread] INFO  commandhandler.DeleteBlocksCommandHandler (DeleteBlocksCommandHandler.java:handle(106)) - Start to delete container blocks, TXIDs=[1(0)], numOfContainers=1, numOfBlocks=1
2019-10-22 14:27:19,706 [Command processor thread] INFO  commandhandler.DeleteBlocksCommandHandler (DeleteBlocksCommandHandler.java:handle(106)) - Start to delete container blocks, TXIDs=[1(2)], numOfContainers=1, numOfBlocks=1
2019-10-22 14:27:19,706 [Command processor thread] INFO  commandhandler.DeleteBlocksCommandHandler (DeleteBlocksCommandHandler.java:handle(106)) - Start to delete container blocks, TXIDs=[1(4)], numOfContainers=1, numOfBlocks=1
2019-10-22 14:27:19,706 [Command processor thread] INFO  commandhandler.DeleteBlocksCommandHandler (DeleteBlocksCommandHandler.java:handle(106)) - Start to delete container blocks, TXIDs=[1(5)], numOfContainers=1, numOfBlocks=1
2019-10-22 14:27:19,706 [Command processor thread] INFO  commandhandler.DeleteBlocksCommandHandler (DeleteBlocksCommandHandler.java:handle(106)) - Start to delete container blocks, TXIDs=[1(5)], numOfContainers=1, numOfBlocks=1
2019-10-22 14:27:19,706 [Command processor thread] INFO  commandhandler.DeleteBlocksCommandHandler (DeleteBlocksCommandHandler.java:handle(106)) - Start to delete container blocks, TXIDs=[1(0)], numOfContainers=1, numOfBlocks=1
2019-10-22 14:27:19,707 [Command processor thread] INFO  commandhandler.DeleteBlocksCommandHandler (DeleteBlocksCommandHandler.java:handle(106)) - Start to delete container blocks, TXIDs=[1(2)], numOfContainers=1, numOfBlocks=1
2019-10-22 14:27:19,707 [Command processor thread] INFO  commandhandler.DeleteBlocksCommandHandler (DeleteBlocksCommandHandler.java:handle(106)) - Start to delete container blocks, TXIDs=[1(5)], numOfContainers=1, numOfBlocks=1
2019-10-22 14:27:19,707 [Command processor thread] INFO  commandhandler.DeleteBlocksCommandHandler (DeleteBlocksCommandHandler.java:handle(106)) - Start to delete container blocks, TXIDs=[1(4)], numOfContainers=1, numOfBlocks=1
2019-10-22 14:27:19,707 [Command processor thread] INFO  commandhandler.DeleteBlocksCommandHandler (DeleteBlocksCommandHandler.java:handle(106)) - Start to delete container blocks, TXIDs=[1(0)], numOfContainers=1, numOfBlocks=1
2019-10-22 14:27:19,707 [Command processor thread] INFO  commandhandler.DeleteBlocksCommandHandler (DeleteBlocksCommandHandler.java:handle(106)) - Start to delete container blocks, TXIDs=[1(5)], numOfContainers=1, numOfBlocks=1
2019-10-22 14:27:19,707 [Command processor thread] INFO  commandhandler.DeleteBlocksCommandHandler (DeleteBlocksCommandHandler.java:handle(106)) - Start to delete container blocks, TXIDs=[1(5)], numOfContainers=1, numOfBlocks=1
2019-10-22 14:27:19,708 [Command processor thread] INFO  commandhandler.DeleteBlocksCommandHandler (DeleteBlocksCommandHandler.java:handle(106)) - Start to delete container blocks, TXIDs=[1(2)], numOfContainers=1, numOfBlocks=1
2019-10-22 14:27:19,708 [Command processor thread] INFO  commandhandler.DeleteBlocksCommandHandler (DeleteBlocksCommandHandler.java:handle(106)) - Start to delete container blocks, TXIDs=[1(5)], numOfContainers=1, numOfBlocks=1
2019-10-22 14:27:19,708 [Command processor thread] INFO  commandhandler.DeleteBlocksCommandHandler (DeleteBlocksCommandHandler.java:handle(106)) - Start to delete container blocks, TXIDs=[1(4)], numOfContainers=1, numOfBlocks=1
2019-10-22 14:27:19,708 [Command processor thread] INFO  commandhandler.DeleteBlocksCommandHandler (DeleteBlocksCommandHandler.java:handle(106)) - Start to delete container blocks, TXIDs=[1(0)], numOfContainers=1, numOfBlocks=1
2019-10-22 14:27:19,708 [Command processor thread] INFO  commandhandler.DeleteBlocksCommandHandler (DeleteBlocksCommandHandler.java:handle(106)) - Start to delete container blocks, TXIDs=[1(5)], numOfContainers=1, numOfBlocks=1
2019-10-22 14:27:19,709 [Command processor thread] INFO  commandhandler.DeleteBlocksCommandHandler (DeleteBlocksCommandHandler.java:handle(106)) - Start to delete container blocks, TXIDs=[1(5)], numOfContainers=1, numOfBlocks=1
2019-10-22 14:27:19,709 [Command processor thread] INFO  commandhandler.DeleteBlocksCommandHandler (DeleteBlocksCommandHandler.java:handle(106)) - Start to delete container blocks, TXIDs=[1(5)], numOfContainers=1, numOfBlocks=1
2019-10-22 14:27:19,709 [Command processor thread] INFO  commandhandler.DeleteBlocksCommandHandler (DeleteBlocksCommandHandler.java:handle(106)) - Start to delete container blocks, TXIDs=[1(2)], numOfContainers=1, numOfBlocks=1
2019-10-22 14:27:19,709 [Command processor thread] INFO  commandhandler.DeleteBlocksCommandHandler (DeleteBlocksCommandHandler.java:handle(106)) - Start to delete container blocks, TXIDs=[1(4)], numOfContainers=1, numOfBlocks=1
2019-10-22 14:27:19,709 [Command processor thread] INFO  commandhandler.DeleteBlocksCommandHandler (DeleteBlocksCommandHandler.java:handle(106)) - Start to delete container blocks, TXIDs=[1(5)], numOfContainers=1, numOfBlocks=1
2019-10-22 14:27:19,709 [Command processor thread] INFO  commandhandler.DeleteBlocksCommandHandler (DeleteBlocksCommandHandler.java:handle(106)) - Start to delete container blocks, TXIDs=[1(5)], numOfContainers=1, numOfBlocks=1
2019-10-22 14:27:19,710 [Command processor thread] INFO  commandhandler.DeleteBlocksCommandHandler (DeleteBlocksCommandHandler.java:handle(106)) - Start to delete container blocks, TXIDs=[1(5)], numOfContainers=1, numOfBlocks=1
2019-10-22 14:27:19,710 [Command processor thread] INFO  commandhandler.DeleteBlocksCommandHandler (DeleteBlocksCommandHandler.java:handle(106)) - Start to delete container blocks, TXIDs=[1(0)], numOfContainers=1, numOfBlocks=1
2019-10-22 14:27:19,710 [Command processor thread] INFO  commandhandler.DeleteBlocksCommandHandler (DeleteBlocksCommandHandler.java:handle(106)) - Start to delete container blocks, TXIDs=[1(5)], numOfContainers=1, numOfBlocks=1
2019-10-22 14:27:19,710 [Command processor thread] INFO  commandhandler.DeleteBlocksCommandHandler (DeleteBlocksCommandHandler.java:handle(106)) - Start to delete container blocks, TXIDs=[1(5)], numOfContainers=1, numOfBlocks=1
2019-10-22 14:27:19,710 [Command processor thread] INFO  commandhandler.DeleteBlocksCommandHandler (DeleteBlocksCommandHandler.java:handle(106)) - Start to delete container blocks, TXIDs=[1(2)], numOfContainers=1, numOfBlocks=1
2019-10-22 14:27:19,710 [Command processor thread] INFO  commandhandler.DeleteBlocksCommandHandler (DeleteBlocksCommandHandler.java:handle(106)) - Start to delete container blocks, TXIDs=[1(4)], numOfContainers=1, numOfBlocks=1
2019-10-22 14:27:19,711 [Command processor thread] INFO  commandhandler.DeleteBlocksCommandHandler (DeleteBlocksCommandHandler.java:handle(106)) - Start to delete container blocks, TXIDs=[1(5)], numOfContainers=1, numOfBlocks=1
2019-10-22 14:27:19,711 [Command processor thread] INFO  commandhandler.DeleteBlocksCommandHandler (DeleteBlocksCommandHandler.java:handle(106)) - Start to delete container blocks, TXIDs=[1(5)], numOfContainers=1, numOfBlocks=1
2019-10-22 14:27:19,711 [Command processor thread] INFO  commandhandler.DeleteBlocksCommandHandler (DeleteBlocksCommandHandler.java:handle(106)) - Start to delete container blocks, TXIDs=[1(5)], numOfContainers=1, numOfBlocks=1
2019-10-22 14:27:19,711 [Command processor thread] INFO  commandhandler.DeleteBlocksCommandHandler (DeleteBlocksCommandHandler.java:handle(106)) - Start to delete container blocks, TXIDs=[1(5)], numOfContainers=1, numOfBlocks=1
2019-10-22 14:27:19,711 [Command processor thread] INFO  commandhandler.DeleteBlocksCommandHandler (DeleteBlocksCommandHandler.java:handle(106)) - Start to delete container blocks, TXIDs=[1(41)], numOfContainers=1, numOfBlocks=1
2019-10-22 14:27:19,711 [Command processor thread] INFO  commandhandler.DeleteBlocksCommandHandler (DeleteBlocksCommandHandler.java:handle(106)) - Start to delete container blocks, TXIDs=[1(0)], numOfContainers=1, numOfBlocks=1
2019-10-22 14:27:19,712 [Command processor thread] INFO  commandhandler.DeleteBlocksCommandHandler (DeleteBlocksCommandHandler.java:handle(106)) - Start to delete container blocks, TXIDs=[1(5)], numOfContainers=1, numOfBlocks=1
2019-10-22 14:27:19,721 [Thread-584] INFO  impl.FollowerState (FollowerState.java:run(111)) - 5e302b21-73c7-4c15-997b-467ec519df17@group-D63FC7E0523A-FollowerState: change to CANDIDATE, lastRpcTime:5015ms, electionTimeout:5015ms
2019-10-22 14:27:19,721 [Thread-584] INFO  impl.RoleInfo (RoleInfo.java:shutdownFollowerState(121)) - 5e302b21-73c7-4c15-997b-467ec519df17: shutdown FollowerState
2019-10-22 14:27:19,721 [Thread-584] INFO  impl.RaftServerImpl (RaftServerImpl.java:setRole(173)) - 5e302b21-73c7-4c15-997b-467ec519df17@group-D63FC7E0523A: changes role from  FOLLOWER to CANDIDATE at term 2 for changeToCandidate
2019-10-22 14:27:19,721 [Thread-584] INFO  impl.RoleInfo (RoleInfo.java:updateAndGet(143)) - 5e302b21-73c7-4c15-997b-467ec519df17: start LeaderElection
2019-10-22 14:27:19,737 [5e302b21-73c7-4c15-997b-467ec519df17@group-D63FC7E0523A-LeaderElection9] INFO  impl.LeaderElection (LeaderElection.java:askForVotes(178)) - 5e302b21-73c7-4c15-997b-467ec519df17@group-D63FC7E0523A-LeaderElection9: begin an election at term 3 for 0: [c61b7886-1b9a-4032-b026-73ad3d840619:192.168.69.94:40251, 5e302b21-73c7-4c15-997b-467ec519df17:192.168.69.94:42500, 94363dd8-42f5-429b-bbe3-506d55a6d307:192.168.69.94:46664], old=null
2019-10-22 14:27:19,746 [grpc-default-executor-1] INFO  impl.RaftServerImpl (ServerState.java:setLeader(255)) - c61b7886-1b9a-4032-b026-73ad3d840619@group-D63FC7E0523A: change Leader from 94363dd8-42f5-429b-bbe3-506d55a6d307 to null at term 3 for updateCurrentTerm
2019-10-22 14:27:19,747 [grpc-default-executor-3] INFO  impl.RaftServerImpl (ServerState.java:setLeader(255)) - 94363dd8-42f5-429b-bbe3-506d55a6d307@group-D63FC7E0523A: change Leader from 94363dd8-42f5-429b-bbe3-506d55a6d307 to null at term 3 for updateCurrentTerm
2019-10-22 14:27:19,748 [grpc-default-executor-1] INFO  impl.RaftServerImpl (RaftServerImpl.java:setRole(173)) - c61b7886-1b9a-4032-b026-73ad3d840619@group-D63FC7E0523A: changes role from  FOLLOWER to FOLLOWER at term 3 for recognizeCandidate:5e302b21-73c7-4c15-997b-467ec519df17
2019-10-22 14:27:19,748 [grpc-default-executor-3] INFO  impl.RaftServerImpl (RaftServerImpl.java:setRole(173)) - 94363dd8-42f5-429b-bbe3-506d55a6d307@group-D63FC7E0523A: changes role from    LEADER to FOLLOWER at term 3 for recognizeCandidate:5e302b21-73c7-4c15-997b-467ec519df17
2019-10-22 14:27:19,748 [grpc-default-executor-1] INFO  impl.RoleInfo (RoleInfo.java:shutdownFollowerState(121)) - c61b7886-1b9a-4032-b026-73ad3d840619: shutdown FollowerState
2019-10-22 14:27:19,748 [grpc-default-executor-3] INFO  impl.RoleInfo (RoleInfo.java:shutdownLeaderState(104)) - 94363dd8-42f5-429b-bbe3-506d55a6d307: shutdown LeaderState
2019-10-22 14:27:19,748 [Thread-270] INFO  impl.FollowerState (FollowerState.java:run(120)) - c61b7886-1b9a-4032-b026-73ad3d840619@group-D63FC7E0523A-FollowerState was interrupted: java.lang.InterruptedException: sleep interrupted
2019-10-22 14:27:19,748 [grpc-default-executor-1] INFO  impl.RoleInfo (RoleInfo.java:updateAndGet(143)) - c61b7886-1b9a-4032-b026-73ad3d840619: start FollowerState
2019-10-22 14:27:19,751 [org.apache.ratis.server.impl.LogAppender$AppenderDaemon$$Lambda$580/757418402@33a60833] WARN  server.GrpcLogAppender (GrpcLogAppender.java:mayWait(149)) - 94363dd8-42f5-429b-bbe3-506d55a6d307@group-D63FC7E0523A->c61b7886-1b9a-4032-b026-73ad3d840619-GrpcLogAppender: Wait interrupted by java.lang.InterruptedException
2019-10-22 14:27:19,752 [org.apache.ratis.server.impl.LogAppender$AppenderDaemon$$Lambda$580/757418402@7994b269] WARN  server.GrpcLogAppender (GrpcLogAppender.java:mayWait(149)) - 94363dd8-42f5-429b-bbe3-506d55a6d307@group-D63FC7E0523A->5e302b21-73c7-4c15-997b-467ec519df17-GrpcLogAppender: Wait interrupted by java.lang.InterruptedException
2019-10-22 14:27:19,751 [grpc-default-executor-3] INFO  impl.PendingRequests (PendingRequests.java:sendNotLeaderResponses(206)) - 94363dd8-42f5-429b-bbe3-506d55a6d307@group-D63FC7E0523A-PendingRequests: sendNotLeaderResponses
2019-10-22 14:27:19,756 [Thread-624] INFO  client.GrpcClientProtocolService (GrpcClientProtocolService.java:lambda$processClientRequest$0(279)) - Failed RaftClientRequest:client-458A7D8FFED2->94363dd8-42f5-429b-bbe3-506d55a6d307@group-D63FC7E0523A, cid=10, seq=0, Watch-ALL_COMMITTED(6), Message:<EMPTY>, reply=RaftClientReply:client-458A7D8FFED2->94363dd8-42f5-429b-bbe3-506d55a6d307@group-D63FC7E0523A, cid=10, FAILED org.apache.ratis.protocol.NotLeaderException: Server 94363dd8-42f5-429b-bbe3-506d55a6d307@group-D63FC7E0523A is not the leader, logIndex=0, commits[94363dd8-42f5-429b-bbe3-506d55a6d307:c10, c61b7886-1b9a-4032-b026-73ad3d840619:c10, 5e302b21-73c7-4c15-997b-467ec519df17:c4]
2019-10-22 14:27:19,756 [grpc-default-executor-0] INFO  server.GrpcServerProtocolService (GrpcServerProtocolService.java:onCompleted(113)) - c61b7886-1b9a-4032-b026-73ad3d840619: Completed APPEND_ENTRIES, lastRequest: 94363dd8-42f5-429b-bbe3-506d55a6d307->c61b7886-1b9a-4032-b026-73ad3d840619#54-t2, previous=(t:2, i:10), leaderCommit=10, initializing? false, entries: <empty>
2019-10-22 14:27:19,756 [grpc-default-executor-3] INFO  impl.RoleInfo (RoleInfo.java:updateAndGet(143)) - 94363dd8-42f5-429b-bbe3-506d55a6d307: start FollowerState
2019-10-22 14:27:19,762 [grpc-default-executor-0] INFO  server.GrpcLogAppender (GrpcLogAppender.java:onCompleted(308)) - 94363dd8-42f5-429b-bbe3-506d55a6d307@group-D63FC7E0523A->c61b7886-1b9a-4032-b026-73ad3d840619-AppendLogResponseHandler: follower responses appendEntries COMPLETED
2019-10-22 14:27:19,766 [grpc-default-executor-0] INFO  impl.FollowerInfo (FollowerInfo.java:lambda$new$0(51)) - 94363dd8-42f5-429b-bbe3-506d55a6d307@group-D63FC7E0523A->c61b7886-1b9a-4032-b026-73ad3d840619: nextIndex: updateUnconditionally 11 -> 10
2019-10-22 14:27:19,770 [5e302b21-73c7-4c15-997b-467ec519df17@group-D63FC7E0523A-LeaderElection9] INFO  impl.LeaderElection (LeaderElection.java:logAndReturn(56)) - 5e302b21-73c7-4c15-997b-467ec519df17@group-D63FC7E0523A-LeaderElection9: Election REJECTED; received 2 response(s) [5e302b21-73c7-4c15-997b-467ec519df17<-c61b7886-1b9a-4032-b026-73ad3d840619#0:FAIL-t3, 5e302b21-73c7-4c15-997b-467ec519df17<-94363dd8-42f5-429b-bbe3-506d55a6d307#0:FAIL-t3] and 0 exception(s); 5e302b21-73c7-4c15-997b-467ec519df17@group-D63FC7E0523A:t3, leader=null, voted=5e302b21-73c7-4c15-997b-467ec519df17, raftlog=5e302b21-73c7-4c15-997b-467ec519df17@group-D63FC7E0523A-SegmentedRaftLog:OPENED:c3,f4,i4, conf=0: [c61b7886-1b9a-4032-b026-73ad3d840619:192.168.69.94:40251, 5e302b21-73c7-4c15-997b-467ec519df17:192.168.69.94:42500, 94363dd8-42f5-429b-bbe3-506d55a6d307:192.168.69.94:46664], old=null
2019-10-22 14:27:19,770 [5e302b21-73c7-4c15-997b-467ec519df17@group-D63FC7E0523A-LeaderElection9] INFO  impl.RaftServerImpl (RaftServerImpl.java:setRole(173)) - 5e302b21-73c7-4c15-997b-467ec519df17@group-D63FC7E0523A: changes role from CANDIDATE to FOLLOWER at term 3 for DISCOVERED_A_NEW_TERM
2019-10-22 14:27:19,771 [5e302b21-73c7-4c15-997b-467ec519df17@group-D63FC7E0523A-LeaderElection9] INFO  impl.RoleInfo (RoleInfo.java:shutdownLeaderElection(134)) - 5e302b21-73c7-4c15-997b-467ec519df17: shutdown LeaderElection
2019-10-22 14:27:19,771 [5e302b21-73c7-4c15-997b-467ec519df17@group-D63FC7E0523A-LeaderElection9] INFO  impl.RoleInfo (RoleInfo.java:updateAndGet(143)) - 5e302b21-73c7-4c15-997b-467ec519df17: start FollowerState
2019-10-22 14:27:19,839 [Thread-585] INFO  impl.FollowerState (FollowerState.java:run(111)) - 5e302b21-73c7-4c15-997b-467ec519df17@group-67C5AE178B9B-FollowerState: change to CANDIDATE, lastRpcTime:5133ms, electionTimeout:5133ms
2019-10-22 14:27:19,840 [Thread-585] INFO  impl.RoleInfo (RoleInfo.java:shutdownFollowerState(121)) - 5e302b21-73c7-4c15-997b-467ec519df17: shutdown FollowerState
2019-10-22 14:27:19,840 [Thread-585] INFO  impl.RaftServerImpl (RaftServerImpl.java:setRole(173)) - 5e302b21-73c7-4c15-997b-467ec519df17@group-67C5AE178B9B: changes role from  FOLLOWER to CANDIDATE at term 1 for changeToCandidate
2019-10-22 14:27:19,841 [Thread-585] INFO  impl.RoleInfo (RoleInfo.java:updateAndGet(143)) - 5e302b21-73c7-4c15-997b-467ec519df17: start LeaderElection
2019-10-22 14:27:19,856 [5e302b21-73c7-4c15-997b-467ec519df17@group-67C5AE178B9B-LeaderElection10] INFO  impl.LeaderElection (LeaderElection.java:askForVotes(178)) - 5e302b21-73c7-4c15-997b-467ec519df17@group-67C5AE178B9B-LeaderElection10: begin an election at term 2 for 0: [5e302b21-73c7-4c15-997b-467ec519df17:192.168.69.94:42500], old=null
2019-10-22 14:27:19,856 [5e302b21-73c7-4c15-997b-467ec519df17@group-67C5AE178B9B-LeaderElection10] INFO  impl.RoleInfo (RoleInfo.java:shutdownLeaderElection(134)) - 5e302b21-73c7-4c15-997b-467ec519df17: shutdown LeaderElection
2019-10-22 14:27:19,857 [5e302b21-73c7-4c15-997b-467ec519df17@group-67C5AE178B9B-LeaderElection10] INFO  impl.RaftServerImpl (RaftServerImpl.java:setRole(173)) - 5e302b21-73c7-4c15-997b-467ec519df17@group-67C5AE178B9B: changes role from CANDIDATE to LEADER at term 2 for changeToLeader
2019-10-22 14:27:19,857 [5e302b21-73c7-4c15-997b-467ec519df17@group-67C5AE178B9B-LeaderElection10] INFO  impl.RaftServerImpl (ServerState.java:setLeader(255)) - 5e302b21-73c7-4c15-997b-467ec519df17@group-67C5AE178B9B: change Leader from null to 5e302b21-73c7-4c15-997b-467ec519df17 at term 2 for becomeLeader, leader elected after 7155ms
2019-10-22 14:27:19,858 [5e302b21-73c7-4c15-997b-467ec519df17@group-67C5AE178B9B-LeaderElection10] INFO  server.RaftServerConfigKeys (ConfUtils.java:logGet(43)) - raft.server.staging.catchup.gap = 1000 (default)
2019-10-22 14:27:19,858 [5e302b21-73c7-4c15-997b-467ec519df17@group-67C5AE178B9B-LeaderElection10] INFO  server.RaftServerConfigKeys (ConfUtils.java:logGet(43)) - raft.server.rpc.sleep.time = 25ms (default)
2019-10-22 14:27:19,858 [5e302b21-73c7-4c15-997b-467ec519df17@group-67C5AE178B9B-LeaderElection10] INFO  server.RaftServerConfigKeys (ConfUtils.java:logGet(43)) - raft.server.write.element-limit = 4096 (default)
2019-10-22 14:27:19,859 [5e302b21-73c7-4c15-997b-467ec519df17@group-67C5AE178B9B-LeaderElection10] INFO  server.RaftServerConfigKeys (ConfUtils.java:logGet(43)) - raft.server.watch.timeout = 10s (default)
2019-10-22 14:27:19,859 [5e302b21-73c7-4c15-997b-467ec519df17@group-67C5AE178B9B-LeaderElection10] INFO  server.RaftServerConfigKeys (ConfUtils.java:logGet(43)) - raft.server.watch.timeout.denomination = 1s (default)
2019-10-22 14:27:19,859 [5e302b21-73c7-4c15-997b-467ec519df17@group-67C5AE178B9B-LeaderElection10] INFO  server.RaftServerConfigKeys (ConfUtils.java:logGet(43)) - raft.server.watch.element-limit = 65536 (default)
2019-10-22 14:27:19,859 [5e302b21-73c7-4c15-997b-467ec519df17@group-67C5AE178B9B-LeaderElection10] INFO  impl.RoleInfo (RoleInfo.java:updateAndGet(143)) - 5e302b21-73c7-4c15-997b-467ec519df17: start LeaderState
2019-10-22 14:27:19,860 [5e302b21-73c7-4c15-997b-467ec519df17@group-67C5AE178B9B-LeaderElection10] INFO  segmented.SegmentedRaftLogWorker (SegmentedRaftLogWorker.java:rollLogSegment(390)) - 5e302b21-73c7-4c15-997b-467ec519df17@group-67C5AE178B9B-SegmentedRaftLogWorker: Rolling segment log-0_0 to index:0
2019-10-22 14:27:19,864 [5e302b21-73c7-4c15-997b-467ec519df17@group-67C5AE178B9B-LeaderElection10] INFO  impl.RaftServerImpl (ServerState.java:setRaftConf(356)) - 5e302b21-73c7-4c15-997b-467ec519df17@group-67C5AE178B9B: set configuration 1: [5e302b21-73c7-4c15-997b-467ec519df17:192.168.69.94:42500], old=null at 1
2019-10-22 14:27:19,865 [5e302b21-73c7-4c15-997b-467ec519df17@group-67C5AE178B9B-SegmentedRaftLogWorker] INFO  segmented.SegmentedRaftLogWorker (SegmentedRaftLogWorker.java:execute(533)) - 5e302b21-73c7-4c15-997b-467ec519df17@group-67C5AE178B9B-SegmentedRaftLogWorker: Rolled log segment from /workdir/hadoop-ozone/integration-test/target/test-dir/MiniOzoneClusterImpl-5e129b3f-6122-4345-a4c8-196d0e61d05e/datanode-2/data/ratis/2c494976-f437-4acf-a752-67c5ae178b9b/current/log_inprogress_0 to /workdir/hadoop-ozone/integration-test/target/test-dir/MiniOzoneClusterImpl-5e129b3f-6122-4345-a4c8-196d0e61d05e/datanode-2/data/ratis/2c494976-f437-4acf-a752-67c5ae178b9b/current/log_0-0
2019-10-22 14:27:19,903 [5e302b21-73c7-4c15-997b-467ec519df17@group-67C5AE178B9B-SegmentedRaftLogWorker] INFO  segmented.SegmentedRaftLogWorker (SegmentedRaftLogWorker.java:execute(576)) - 5e302b21-73c7-4c15-997b-467ec519df17@group-67C5AE178B9B-SegmentedRaftLogWorker: created new log segment /workdir/hadoop-ozone/integration-test/target/test-dir/MiniOzoneClusterImpl-5e129b3f-6122-4345-a4c8-196d0e61d05e/datanode-2/data/ratis/2c494976-f437-4acf-a752-67c5ae178b9b/current/log_inprogress_1
2019-10-22 14:27:19,906 [EventQueue-DeleteBlockStatusForDeletedBlockLogImpl] WARN  block.DeletedBlockLogImpl (DeletedBlockLogImpl.java:commitTransactions(205)) - Transaction txId=1 commit by dnId=5e302b21-73c7-4c15-997b-467ec519df17 for containerID=#1 failed. Corresponding entry not found.
2019-10-22 14:27:19,908 [EventQueue-DeleteBlockStatusForDeletedBlockLogImpl] WARN  block.DeletedBlockLogImpl (DeletedBlockLogImpl.java:commitTransactions(205)) - Transaction txId=1 commit by dnId=5e302b21-73c7-4c15-997b-467ec519df17 for containerID=#1 failed. Corresponding entry not found.
2019-10-22 14:27:19,908 [EventQueue-DeleteBlockStatusForDeletedBlockLogImpl] WARN  block.DeletedBlockLogImpl (DeletedBlockLogImpl.java:commitTransactions(205)) - Transaction txId=1 commit by dnId=5e302b21-73c7-4c15-997b-467ec519df17 for containerID=#1 failed. Corresponding entry not found.
2019-10-22 14:27:19,908 [EventQueue-DeleteBlockStatusForDeletedBlockLogImpl] WARN  block.DeletedBlockLogImpl (DeletedBlockLogImpl.java:commitTransactions(205)) - Transaction txId=1 commit by dnId=5e302b21-73c7-4c15-997b-467ec519df17 for containerID=#1 failed. Corresponding entry not found.
2019-10-22 14:27:19,908 [EventQueue-DeleteBlockStatusForDeletedBlockLogImpl] WARN  block.DeletedBlockLogImpl (DeletedBlockLogImpl.java:commitTransactions(205)) - Transaction txId=1 commit by dnId=5e302b21-73c7-4c15-997b-467ec519df17 for containerID=#1 failed. Corresponding entry not found.
2019-10-22 14:27:19,908 [EventQueue-DeleteBlockStatusForDeletedBlockLogImpl] WARN  block.DeletedBlockLogImpl (DeletedBlockLogImpl.java:commitTransactions(205)) - Transaction txId=1 commit by dnId=5e302b21-73c7-4c15-997b-467ec519df17 for containerID=#1 failed. Corresponding entry not found.
2019-10-22 14:27:19,908 [EventQueue-DeleteBlockStatusForDeletedBlockLogImpl] WARN  block.DeletedBlockLogImpl (DeletedBlockLogImpl.java:commitTransactions(205)) - Transaction txId=1 commit by dnId=5e302b21-73c7-4c15-997b-467ec519df17 for containerID=#1 failed. Corresponding entry not found.
2019-10-22 14:27:19,908 [EventQueue-DeleteBlockStatusForDeletedBlockLogImpl] WARN  block.DeletedBlockLogImpl (DeletedBlockLogImpl.java:commitTransactions(205)) - Transaction txId=1 commit by dnId=5e302b21-73c7-4c15-997b-467ec519df17 for containerID=#1 failed. Corresponding entry not found.
2019-10-22 14:27:20,495 [BlockDeletingService#2] WARN  background.BlockDeletingService (BlockDeletingService.java:isDeletionAllowed(187)) - Close Container log Index 6 is not replicated across allthe servers in the pipeline 7ee4d48e-88bb-4c96-868c-d63fc7e0523a as the min replicated index is 4. Deletion is not allowed in this container yet.
2019-10-22 14:27:20,495 [BlockDeletingService#2] WARN  background.BlockDeletingService (BlockDeletingService.java:isDeletionAllowed(187)) - Close Container log Index 6 is not replicated across allthe servers in the pipeline 7ee4d48e-88bb-4c96-868c-d63fc7e0523a as the min replicated index is 4. Deletion is not allowed in this container yet.
2019-10-22 14:27:20,771 [Thread-633] INFO  client.GrpcClientProtocolService (GrpcClientProtocolService.java:lambda$processClientRequest$0(279)) - Failed RaftClientRequest:client-458A7D8FFED2->c61b7886-1b9a-4032-b026-73ad3d840619@group-D63FC7E0523A, cid=10, seq=0, Watch-ALL_COMMITTED(6), Message:<EMPTY>, reply=RaftClientReply:client-458A7D8FFED2->c61b7886-1b9a-4032-b026-73ad3d840619@group-D63FC7E0523A, cid=10, FAILED org.apache.ratis.protocol.NotLeaderException: Server c61b7886-1b9a-4032-b026-73ad3d840619@group-D63FC7E0523A is not the leader, logIndex=0, commits[c61b7886-1b9a-4032-b026-73ad3d840619:c10, 5e302b21-73c7-4c15-997b-467ec519df17:c4, 94363dd8-42f5-429b-bbe3-506d55a6d307:c10]
2019-10-22 14:27:21,496 [BlockDeletingService#2] WARN  background.BlockDeletingService (BlockDeletingService.java:isDeletionAllowed(187)) - Close Container log Index 6 is not replicated across allthe servers in the pipeline 7ee4d48e-88bb-4c96-868c-d63fc7e0523a as the min replicated index is 4. Deletion is not allowed in this container yet.
2019-10-22 14:27:21,496 [BlockDeletingService#2] WARN  background.BlockDeletingService (BlockDeletingService.java:isDeletionAllowed(187)) - Close Container log Index 6 is not replicated across allthe servers in the pipeline 7ee4d48e-88bb-4c96-868c-d63fc7e0523a as the min replicated index is 4. Deletion is not allowed in this container yet.
2019-10-22 14:27:21,790 [Thread-639] INFO  client.GrpcClientProtocolService (GrpcClientProtocolService.java:lambda$processClientRequest$0(279)) - Failed RaftClientRequest:client-458A7D8FFED2->94363dd8-42f5-429b-bbe3-506d55a6d307@group-D63FC7E0523A, cid=10, seq=0, Watch-ALL_COMMITTED(6), Message:<EMPTY>, reply=RaftClientReply:client-458A7D8FFED2->94363dd8-42f5-429b-bbe3-506d55a6d307@group-D63FC7E0523A, cid=10, FAILED org.apache.ratis.protocol.NotLeaderException: Server 94363dd8-42f5-429b-bbe3-506d55a6d307@group-D63FC7E0523A is not the leader, logIndex=0, commits[94363dd8-42f5-429b-bbe3-506d55a6d307:c10, c61b7886-1b9a-4032-b026-73ad3d840619:c10, 5e302b21-73c7-4c15-997b-467ec519df17:c4]
2019-10-22 14:27:21,958 [java.util.concurrent.ThreadPoolExecutor$Worker@3e1fcf78[State = -1, empty queue]] WARN  server.GrpcLogAppender (GrpcLogAppender.java:timeoutAppendRequest(209)) - 94363dd8-42f5-429b-bbe3-506d55a6d307@group-D63FC7E0523A->5e302b21-73c7-4c15-997b-467ec519df17-GrpcLogAppender: appendEntries Timeout, request=94363dd8-42f5-429b-bbe3-506d55a6d307->5e302b21-73c7-4c15-997b-467ec519df17#54-t2, previous=(t:2, i:10), leaderCommit=10, initializing? false, entries: <empty>
2019-10-22 14:27:22,497 [BlockDeletingService#4] WARN  background.BlockDeletingService (BlockDeletingService.java:isDeletionAllowed(187)) - Close Container log Index 6 is not replicated across allthe servers in the pipeline 7ee4d48e-88bb-4c96-868c-d63fc7e0523a as the min replicated index is 4. Deletion is not allowed in this container yet.
2019-10-22 14:27:22,499 [BlockDeletingService#2] WARN  background.BlockDeletingService (BlockDeletingService.java:isDeletionAllowed(187)) - Close Container log Index 6 is not replicated across allthe servers in the pipeline 7ee4d48e-88bb-4c96-868c-d63fc7e0523a as the min replicated index is 4. Deletion is not allowed in this container yet.
]]></system-out>
    <system-err><![CDATA[ERROR StatusLogger No Log4j 2 configuration file found. Using default configuration (logging only errors to the console), or user programmatically provided configurations. Set system property 'log4j2.debug' to show Log4j 2 internal initialization logging. See https://logging.apache.org/log4j/2.x/manual/configuration.html for instructions on how to configure Log4j 2
Oct 22, 2019 2:25:36 PM org.apache.ratis.thirdparty.io.grpc.internal.SerializingExecutor run
SEVERE: Exception while executing runnable org.apache.ratis.thirdparty.io.grpc.internal.ServerImpl$JumpToApplicationThreadServerStreamListener$1Closed@5c268c13
org.apache.ratis.thirdparty.io.grpc.StatusRuntimeException: CANCELLED: call already cancelled
	at org.apache.ratis.thirdparty.io.grpc.Status.asRuntimeException(Status.java:517)
	at org.apache.ratis.thirdparty.io.grpc.stub.ServerCalls$ServerCallStreamObserverImpl.onCompleted(ServerCalls.java:356)
	at org.apache.ratis.grpc.server.GrpcServerProtocolService$ServerRequestStreamObserver.onError(GrpcServerProtocolService.java:121)
	at org.apache.ratis.thirdparty.io.grpc.stub.ServerCalls$StreamingServerCallHandler$StreamingServerCallListener.onCancel(ServerCalls.java:269)
	at org.apache.ratis.thirdparty.io.grpc.internal.ServerCallImpl$ServerStreamListenerImpl.closed(ServerCallImpl.java:293)
	at org.apache.ratis.thirdparty.io.grpc.internal.ServerImpl$JumpToApplicationThreadServerStreamListener$1Closed.runInContext(ServerImpl.java:741)
	at org.apache.ratis.thirdparty.io.grpc.internal.ContextRunnable.run(ContextRunnable.java:37)
	at org.apache.ratis.thirdparty.io.grpc.internal.SerializingExecutor.run(SerializingExecutor.java:123)
	at java.util.concurrent.ThreadPoolExecutor.runWorker(ThreadPoolExecutor.java:1149)
	at java.util.concurrent.ThreadPoolExecutor$Worker.run(ThreadPoolExecutor.java:624)
	at java.lang.Thread.run(Thread.java:748)

Oct 22, 2019 2:25:36 PM org.apache.ratis.thirdparty.io.grpc.internal.SerializingExecutor run
SEVERE: Exception while executing runnable org.apache.ratis.thirdparty.io.grpc.internal.ClientCallImpl$ClientStreamListenerImpl$1StreamClosed@6a1ed463
java.lang.NullPointerException
	at org.apache.ratis.grpc.server.GrpcLogAppender$AppendLogResponseHandler.onError(GrpcLogAppender.java:303)
	at org.apache.ratis.thirdparty.io.grpc.stub.ClientCalls$StreamObserverToCallListenerAdapter.onClose(ClientCalls.java:434)
	at org.apache.ratis.thirdparty.io.grpc.PartialForwardingClientCallListener.onClose(PartialForwardingClientCallListener.java:39)
	at org.apache.ratis.thirdparty.io.grpc.ForwardingClientCallListener.onClose(ForwardingClientCallListener.java:23)
	at org.apache.ratis.thirdparty.io.grpc.ForwardingClientCallListener$SimpleForwardingClientCallListener.onClose(ForwardingClientCallListener.java:40)
	at org.apache.ratis.thirdparty.io.grpc.internal.CensusStatsModule$StatsClientInterceptor$1$1.onClose(CensusStatsModule.java:678)
	at org.apache.ratis.thirdparty.io.grpc.PartialForwardingClientCallListener.onClose(PartialForwardingClientCallListener.java:39)
	at org.apache.ratis.thirdparty.io.grpc.ForwardingClientCallListener.onClose(ForwardingClientCallListener.java:23)
	at org.apache.ratis.thirdparty.io.grpc.ForwardingClientCallListener$SimpleForwardingClientCallListener.onClose(ForwardingClientCallListener.java:40)
	at org.apache.ratis.thirdparty.io.grpc.internal.CensusTracingModule$TracingClientInterceptor$1$1.onClose(CensusTracingModule.java:397)
	at org.apache.ratis.thirdparty.io.grpc.internal.ClientCallImpl.closeObserver(ClientCallImpl.java:459)
	at org.apache.ratis.thirdparty.io.grpc.internal.ClientCallImpl.access$300(ClientCallImpl.java:63)
	at org.apache.ratis.thirdparty.io.grpc.internal.ClientCallImpl$ClientStreamListenerImpl.close(ClientCallImpl.java:546)
	at org.apache.ratis.thirdparty.io.grpc.internal.ClientCallImpl$ClientStreamListenerImpl.access$600(ClientCallImpl.java:467)
	at org.apache.ratis.thirdparty.io.grpc.internal.ClientCallImpl$ClientStreamListenerImpl$1StreamClosed.runInContext(ClientCallImpl.java:584)
	at org.apache.ratis.thirdparty.io.grpc.internal.ContextRunnable.run(ContextRunnable.java:37)
	at org.apache.ratis.thirdparty.io.grpc.internal.SerializingExecutor.run(SerializingExecutor.java:123)
	at java.util.concurrent.ThreadPoolExecutor.runWorker(ThreadPoolExecutor.java:1149)
	at java.util.concurrent.ThreadPoolExecutor$Worker.run(ThreadPoolExecutor.java:624)
	at java.lang.Thread.run(Thread.java:748)

]]></system-err>
  </testcase>
</testsuite>