<?xml version="1.0" encoding="UTF-8"?>
<testsuite xmlns:xsi="http://www.w3.org/2001/XMLSchema-instance" xsi:noNamespaceSchemaLocation="https://maven.apache.org/surefire/maven-surefire-plugin/xsd/surefire-test-report.xsd" name="org.apache.hadoop.ozone.client.rpc.TestMultiBlockWritesWithDnFailures" time="125.297" tests="2" errors="1" skipped="0" failures="0">
  <properties>
    <property name="awt.toolkit" value="sun.awt.X11.XToolkit"/>
    <property name="file.encoding.pkg" value="sun.io"/>
    <property name="java.specification.version" value="1.8"/>
    <property name="sun.cpu.isalist" value=""/>
    <property name="sun.jnu.encoding" value="ANSI_X3.4-1968"/>
    <property name="java.class.path" value="/workdir/hadoop-ozone/integration-test/target/test-classes:/workdir/hadoop-ozone/integration-test/target/classes:/home/user/.m2/repository/org/apache/hadoop/hadoop-ozone-common/0.5.0-SNAPSHOT/hadoop-ozone-common-0.5.0-SNAPSHOT.jar:/home/user/.m2/repository/org/apache/commons/commons-compress/1.4.1/commons-compress-1.4.1.jar:/home/user/.m2/repository/org/tukaani/xz/1.0/xz-1.0.jar:/home/user/.m2/repository/org/apache/hadoop/hadoop-common/3.2.0/hadoop-common-3.2.0.jar:/home/user/.m2/repository/org/apache/hadoop/hadoop-hdfs/3.2.0/hadoop-hdfs-3.2.0.jar:/home/user/.m2/repository/org/apache/hadoop/hadoop-hdfs-client/3.2.0/hadoop-hdfs-client-3.2.0.jar:/home/user/.m2/repository/com/fasterxml/jackson/core/jackson-annotations/2.9.9/jackson-annotations-2.9.9.jar:/home/user/.m2/repository/org/apache/hadoop/hadoop-hdds-common/0.5.0-SNAPSHOT/hadoop-hdds-common-0.5.0-SNAPSHOT.jar:/home/user/.m2/repository/javax/annotation/javax.annotation-api/1.2/javax.annotation-api-1.2.jar:/home/user/.m2/repository/org/apache/ratis/ratis-server/0.5.0-d6d58d0-SNAPSHOT/ratis-server-0.5.0-d6d58d0-SNAPSHOT.jar:/home/user/.m2/repository/org/apache/ratis/ratis-thirdparty-misc/0.2.0/ratis-thirdparty-misc-0.2.0.jar:/home/user/.m2/repository/org/apache/ratis/ratis-proto/0.5.0-d6d58d0-SNAPSHOT/ratis-proto-0.5.0-d6d58d0-SNAPSHOT.jar:/home/user/.m2/repository/org/apache/ratis/ratis-common/0.5.0-d6d58d0-SNAPSHOT/ratis-common-0.5.0-d6d58d0-SNAPSHOT.jar:/home/user/.m2/repository/org/apache/ratis/ratis-client/0.5.0-d6d58d0-SNAPSHOT/ratis-client-0.5.0-d6d58d0-SNAPSHOT.jar:/home/user/.m2/repository/org/apache/ratis/ratis-metrics/0.5.0-d6d58d0-SNAPSHOT/ratis-metrics-0.5.0-d6d58d0-SNAPSHOT.jar:/home/user/.m2/repository/org/apache/ratis/ratis-netty/0.5.0-d6d58d0-SNAPSHOT/ratis-netty-0.5.0-d6d58d0-SNAPSHOT.jar:/home/user/.m2/repository/org/apache/ratis/ratis-grpc/0.5.0-d6d58d0-SNAPSHOT/ratis-grpc-0.5.0-d6d58d0-SNAPSHOT.jar:/home/user/.m2/repository/org/rocksdb/rocksdbjni/6.0.1/rocksdbjni-6.0.1.jar:/home/user/.m2/repository/org/apache/logging/log4j/log4j-api/2.11.0/log4j-api-2.11.0.jar:/home/user/.m2/repository/org/apache/logging/log4j/log4j-core/2.11.0/log4j-core-2.11.0.jar:/home/user/.m2/repository/com/lmax/disruptor/3.4.2/disruptor-3.4.2.jar:/home/user/.m2/repository/org/apache/commons/commons-pool2/2.6.0/commons-pool2-2.6.0.jar:/home/user/.m2/repository/org/bouncycastle/bcpkix-jdk15on/1.60/bcpkix-jdk15on-1.60.jar:/home/user/.m2/repository/commons-validator/commons-validator/1.6/commons-validator-1.6.jar:/home/user/.m2/repository/commons-digester/commons-digester/1.8.1/commons-digester-1.8.1.jar:/home/user/.m2/repository/io/jaegertracing/jaeger-client/0.34.0/jaeger-client-0.34.0.jar:/home/user/.m2/repository/io/jaegertracing/jaeger-thrift/0.34.0/jaeger-thrift-0.34.0.jar:/home/user/.m2/repository/org/apache/thrift/libthrift/0.12.0/libthrift-0.12.0.jar:/home/user/.m2/repository/com/squareup/okhttp3/okhttp/3.9.0/okhttp-3.9.0.jar:/home/user/.m2/repository/com/squareup/okio/okio/1.13.0/okio-1.13.0.jar:/home/user/.m2/repository/io/jaegertracing/jaeger-core/0.34.0/jaeger-core-0.34.0.jar:/home/user/.m2/repository/io/jaegertracing/jaeger-tracerresolver/0.34.0/jaeger-tracerresolver-0.34.0.jar:/home/user/.m2/repository/io/opentracing/contrib/opentracing-tracerresolver/0.1.5/opentracing-tracerresolver-0.1.5.jar:/home/user/.m2/repository/io/opentracing/opentracing-util/0.31.0/opentracing-util-0.31.0.jar:/home/user/.m2/repository/io/opentracing/opentracing-api/0.31.0/opentracing-api-0.31.0.jar:/home/user/.m2/repository/io/opentracing/opentracing-noop/0.31.0/opentracing-noop-0.31.0.jar:/home/user/.m2/repository/org/apache/hadoop/hadoop-hdds-server-framework/0.5.0-SNAPSHOT/hadoop-hdds-server-framework-0.5.0-SNAPSHOT.jar:/home/user/.m2/repository/org/apache/hadoop/hadoop-hdds-container-service/0.5.0-SNAPSHOT/hadoop-hdds-container-service-0.5.0-SNAPSHOT.jar:/home/user/.m2/repository/org/apache/hadoop/hadoop-hdds-client/0.5.0-SNAPSHOT/hadoop-hdds-client-0.5.0-SNAPSHOT.jar:/home/user/.m2/repository/org/apache/hadoop/hadoop-hdds-tools/0.5.0-SNAPSHOT/hadoop-hdds-tools-0.5.0-SNAPSHOT.jar:/home/user/.m2/repository/org/apache/hadoop/hadoop-hdds-server-scm/0.5.0-SNAPSHOT/hadoop-hdds-server-scm-0.5.0-SNAPSHOT.jar:/home/user/.m2/repository/org/apache/hadoop/hadoop-hdds-docs/0.5.0-SNAPSHOT/hadoop-hdds-docs-0.5.0-SNAPSHOT.jar:/home/user/.m2/repository/io/dropwizard/metrics/metrics-core/3.2.4/metrics-core-3.2.4.jar:/home/user/.m2/repository/org/hamcrest/hamcrest-all/1.3/hamcrest-all-1.3.jar:/home/user/.m2/repository/org/bouncycastle/bcprov-jdk15on/1.60/bcprov-jdk15on-1.60.jar:/home/user/.m2/repository/info/picocli/picocli/3.9.6/picocli-3.9.6.jar:/home/user/.m2/repository/com/google/protobuf/protobuf-java/2.5.0/protobuf-java-2.5.0.jar:/home/user/.m2/repository/com/google/guava/guava/11.0.2/guava-11.0.2.jar:/home/user/.m2/repository/org/apache/hadoop/hadoop-ozone-ozone-manager/0.5.0-SNAPSHOT/hadoop-ozone-ozone-manager-0.5.0-SNAPSHOT.jar:/home/user/.m2/repository/org/apache/hadoop/hadoop-minikdc/3.2.0/hadoop-minikdc-3.2.0.jar:/home/user/.m2/repository/commons-io/commons-io/2.5/commons-io-2.5.jar:/home/user/.m2/repository/org/apache/kerby/kerb-simplekdc/1.0.1/kerb-simplekdc-1.0.1.jar:/home/user/.m2/repository/org/apache/kerby/kerb-client/1.0.1/kerb-client-1.0.1.jar:/home/user/.m2/repository/org/apache/kerby/kerby-config/1.0.1/kerby-config-1.0.1.jar:/home/user/.m2/repository/org/apache/kerby/kerb-core/1.0.1/kerb-core-1.0.1.jar:/home/user/.m2/repository/org/apache/kerby/kerby-pkix/1.0.1/kerby-pkix-1.0.1.jar:/home/user/.m2/repository/org/apache/kerby/kerby-asn1/1.0.1/kerby-asn1-1.0.1.jar:/home/user/.m2/repository/org/apache/kerby/kerby-util/1.0.1/kerby-util-1.0.1.jar:/home/user/.m2/repository/org/apache/kerby/kerb-common/1.0.1/kerb-common-1.0.1.jar:/home/user/.m2/repository/org/apache/kerby/kerb-crypto/1.0.1/kerb-crypto-1.0.1.jar:/home/user/.m2/repository/org/apache/kerby/kerb-util/1.0.1/kerb-util-1.0.1.jar:/home/user/.m2/repository/org/apache/kerby/token-provider/1.0.1/token-provider-1.0.1.jar:/home/user/.m2/repository/org/apache/kerby/kerb-admin/1.0.1/kerb-admin-1.0.1.jar:/home/user/.m2/repository/org/apache/kerby/kerb-server/1.0.1/kerb-server-1.0.1.jar:/home/user/.m2/repository/org/apache/kerby/kerb-identity/1.0.1/kerb-identity-1.0.1.jar:/home/user/.m2/repository/org/apache/kerby/kerby-xdr/1.0.1/kerby-xdr-1.0.1.jar:/home/user/.m2/repository/org/slf4j/slf4j-log4j12/1.7.25/slf4j-log4j12-1.7.25.jar:/home/user/.m2/repository/org/apache/hadoop/hadoop-ozone-s3gateway/0.5.0-SNAPSHOT/hadoop-ozone-s3gateway-0.5.0-SNAPSHOT.jar:/home/user/.m2/repository/org/jboss/weld/servlet/weld-servlet/2.4.7.Final/weld-servlet-2.4.7.Final.jar:/home/user/.m2/repository/org/glassfish/jersey/containers/jersey-container-servlet-core/2.27/jersey-container-servlet-core-2.27.jar:/home/user/.m2/repository/org/glassfish/hk2/external/javax.inject/2.5.0-b42/javax.inject-2.5.0-b42.jar:/home/user/.m2/repository/org/glassfish/jersey/core/jersey-common/2.27/jersey-common-2.27.jar:/home/user/.m2/repository/org/glassfish/hk2/osgi-resource-locator/1.0.1/osgi-resource-locator-1.0.1.jar:/home/user/.m2/repository/javax/ws/rs/javax.ws.rs-api/2.1/javax.ws.rs-api-2.1.jar:/home/user/.m2/repository/org/glassfish/jersey/ext/cdi/jersey-cdi1x/2.27/jersey-cdi1x-2.27.jar:/home/user/.m2/repository/org/glassfish/jersey/inject/jersey-hk2/2.27/jersey-hk2-2.27.jar:/home/user/.m2/repository/org/glassfish/hk2/hk2-locator/2.5.0-b42/hk2-locator-2.5.0-b42.jar:/home/user/.m2/repository/org/javassist/javassist/3.22.0-CR2/javassist-3.22.0-CR2.jar:/home/user/.m2/repository/org/glassfish/hk2/hk2-api/2.5.0/hk2-api-2.5.0.jar:/home/user/.m2/repository/org/glassfish/hk2/external/jakarta.inject/2.5.0/jakarta.inject-2.5.0.jar:/home/user/.m2/repository/org/glassfish/hk2/hk2-utils/2.5.0/hk2-utils-2.5.0.jar:/home/user/.m2/repository/jakarta/annotation/jakarta.annotation-api/1.3.4/jakarta.annotation-api-1.3.4.jar:/home/user/.m2/repository/org/glassfish/hk2/external/aopalliance-repackaged/2.5.0/aopalliance-repackaged-2.5.0.jar:/home/user/.m2/repository/com/fasterxml/jackson/dataformat/jackson-dataformat-xml/2.9.0/jackson-dataformat-xml-2.9.0.jar:/home/user/.m2/repository/com/fasterxml/jackson/core/jackson-core/2.9.9/jackson-core-2.9.9.jar:/home/user/.m2/repository/com/fasterxml/jackson/module/jackson-module-jaxb-annotations/2.9.9/jackson-module-jaxb-annotations-2.9.9.jar:/home/user/.m2/repository/javax/enterprise/cdi-api/1.2/cdi-api-1.2.jar:/home/user/.m2/repository/javax/el/javax.el-api/3.0.0/javax.el-api-3.0.0.jar:/home/user/.m2/repository/javax/interceptor/javax.interceptor-api/1.2/javax.interceptor-api-1.2.jar:/home/user/.m2/repository/javax/inject/javax.inject/1/javax.inject-1.jar:/home/user/.m2/repository/com/sun/xml/bind/jaxb-impl/2.3.0.1/jaxb-impl-2.3.0.1.jar:/home/user/.m2/repository/com/sun/xml/bind/jaxb-core/2.3.0.1/jaxb-core-2.3.0.1.jar:/home/user/.m2/repository/javax/xml/bind/jaxb-api/2.3.0/jaxb-api-2.3.0.jar:/home/user/.m2/repository/javax/activation/activation/1.1.1/activation-1.1.1.jar:/home/user/.m2/repository/org/apache/hadoop/hadoop-ozone-csi/0.5.0-SNAPSHOT/hadoop-ozone-csi-0.5.0-SNAPSHOT.jar:/home/user/.m2/repository/com/google/protobuf/protobuf-java-util/3.5.1/protobuf-java-util-3.5.1.jar:/home/user/.m2/repository/org/apache/hadoop/hadoop-hdds-config/0.5.0-SNAPSHOT/hadoop-hdds-config-0.5.0-SNAPSHOT.jar:/home/user/.m2/repository/io/grpc/grpc-netty/1.17.1/grpc-netty-1.17.1.jar:/home/user/.m2/repository/io/grpc/grpc-core/1.17.1/grpc-core-1.17.1.jar:/home/user/.m2/repository/io/grpc/grpc-context/1.17.1/grpc-context-1.17.1.jar:/home/user/.m2/repository/com/google/errorprone/error_prone_annotations/2.2.0/error_prone_annotations-2.2.0.jar:/home/user/.m2/repository/org/codehaus/mojo/animal-sniffer-annotations/1.17/animal-sniffer-annotations-1.17.jar:/home/user/.m2/repository/io/opencensus/opencensus-api/0.17.0/opencensus-api-0.17.0.jar:/home/user/.m2/repository/io/opencensus/opencensus-contrib-grpc-metrics/0.17.0/opencensus-contrib-grpc-metrics-0.17.0.jar:/home/user/.m2/repository/io/netty/netty-codec-http2/4.1.30.Final/netty-codec-http2-4.1.30.Final.jar:/home/user/.m2/repository/io/netty/netty-codec-http/4.1.30.Final/netty-codec-http-4.1.30.Final.jar:/home/user/.m2/repository/io/netty/netty-codec/4.1.30.Final/netty-codec-4.1.30.Final.jar:/home/user/.m2/repository/io/netty/netty-handler/4.1.30.Final/netty-handler-4.1.30.Final.jar:/home/user/.m2/repository/io/netty/netty-handler-proxy/4.1.30.Final/netty-handler-proxy-4.1.30.Final.jar:/home/user/.m2/repository/io/netty/netty-codec-socks/4.1.30.Final/netty-codec-socks-4.1.30.Final.jar:/home/user/.m2/repository/io/netty/netty-transport-native-epoll/4.1.30.Final/netty-transport-native-epoll-4.1.30.Final.jar:/home/user/.m2/repository/io/netty/netty-common/4.1.30.Final/netty-common-4.1.30.Final.jar:/home/user/.m2/repository/io/netty/netty-buffer/4.1.30.Final/netty-buffer-4.1.30.Final.jar:/home/user/.m2/repository/io/netty/netty-transport/4.1.30.Final/netty-transport-4.1.30.Final.jar:/home/user/.m2/repository/io/netty/netty-resolver/4.1.30.Final/netty-resolver-4.1.30.Final.jar:/home/user/.m2/repository/io/netty/netty-transport-native-unix-common/4.1.30.Final/netty-transport-native-unix-common-4.1.30.Final.jar:/home/user/.m2/repository/io/grpc/grpc-protobuf/1.17.1/grpc-protobuf-1.17.1.jar:/home/user/.m2/repository/com/google/api/grpc/proto-google-common-protos/1.0.0/proto-google-common-protos-1.0.0.jar:/home/user/.m2/repository/io/grpc/grpc-protobuf-lite/1.17.1/grpc-protobuf-lite-1.17.1.jar:/home/user/.m2/repository/io/grpc/grpc-stub/1.17.1/grpc-stub-1.17.1.jar:/home/user/.m2/repository/org/apache/hadoop/hadoop-ozone-recon/0.5.0-SNAPSHOT/hadoop-ozone-recon-0.5.0-SNAPSHOT.jar:/home/user/.m2/repository/org/apache/hadoop/hadoop-ozone-reconcodegen/0.5.0-SNAPSHOT/hadoop-ozone-reconcodegen-0.5.0-SNAPSHOT.jar:/home/user/.m2/repository/com/google/inject/extensions/guice-multibindings/4.0/guice-multibindings-4.0.jar:/home/user/.m2/repository/com/google/inject/guice/4.0/guice-4.0.jar:/home/user/.m2/repository/aopalliance/aopalliance/1.0/aopalliance-1.0.jar:/home/user/.m2/repository/com/google/inject/extensions/guice-servlet/4.0/guice-servlet-4.0.jar:/home/user/.m2/repository/org/glassfish/jersey/containers/jersey-container-servlet/2.27/jersey-container-servlet-2.27.jar:/home/user/.m2/repository/org/glassfish/hk2/guice-bridge/2.5.0/guice-bridge-2.5.0.jar:/home/user/.m2/repository/org/glassfish/jersey/core/jersey-server/2.27/jersey-server-2.27.jar:/home/user/.m2/repository/org/glassfish/jersey/core/jersey-client/2.27/jersey-client-2.27.jar:/home/user/.m2/repository/org/glassfish/jersey/media/jersey-media-jaxb/2.27/jersey-media-jaxb-2.27.jar:/home/user/.m2/repository/javax/validation/validation-api/1.1.0.Final/validation-api-1.1.0.Final.jar:/home/user/.m2/repository/org/glassfish/jersey/media/jersey-media-json-jackson/2.27/jersey-media-json-jackson-2.27.jar:/home/user/.m2/repository/org/glassfish/jersey/ext/jersey-entity-filtering/2.27/jersey-entity-filtering-2.27.jar:/home/user/.m2/repository/com/google/inject/extensions/guice-assistedinject/4.0/guice-assistedinject-4.0.jar:/home/user/.m2/repository/org/jooq/jooq/3.11.10/jooq-3.11.10.jar:/home/user/.m2/repository/org/jooq/jooq-meta/3.11.10/jooq-meta-3.11.10.jar:/home/user/.m2/repository/org/jooq/jooq-codegen/3.11.10/jooq-codegen-3.11.10.jar:/home/user/.m2/repository/com/jolbox/bonecp/0.8.0.RELEASE/bonecp-0.8.0.RELEASE.jar:/home/user/.m2/repository/org/xerial/sqlite-jdbc/3.25.2/sqlite-jdbc-3.25.2.jar:/home/user/.m2/repository/org/springframework/spring-jdbc/5.1.3.RELEASE/spring-jdbc-5.1.3.RELEASE.jar:/home/user/.m2/repository/org/springframework/spring-beans/5.1.3.RELEASE/spring-beans-5.1.3.RELEASE.jar:/home/user/.m2/repository/org/springframework/spring-core/5.1.3.RELEASE/spring-core-5.1.3.RELEASE.jar:/home/user/.m2/repository/org/springframework/spring-jcl/5.1.3.RELEASE/spring-jcl-5.1.3.RELEASE.jar:/home/user/.m2/repository/org/springframework/spring-tx/5.1.3.RELEASE/spring-tx-5.1.3.RELEASE.jar:/home/user/.m2/repository/org/apache/hadoop/hadoop-ozone-client/0.5.0-SNAPSHOT/hadoop-ozone-client-0.5.0-SNAPSHOT.jar:/home/user/.m2/repository/commons-lang/commons-lang/2.6/commons-lang-2.6.jar:/home/user/.m2/repository/org/apache/hadoop/hadoop-ozone-ozone-manager/0.5.0-SNAPSHOT/hadoop-ozone-ozone-manager-0.5.0-SNAPSHOT-tests.jar:/home/user/.m2/repository/junit/junit/4.11/junit-4.11.jar:/home/user/.m2/repository/org/hamcrest/hamcrest-core/1.3/hamcrest-core-1.3.jar:/home/user/.m2/repository/org/openjdk/jmh/jmh-core/1.19/jmh-core-1.19.jar:/home/user/.m2/repository/net/sf/jopt-simple/jopt-simple/4.6/jopt-simple-4.6.jar:/home/user/.m2/repository/org/apache/commons/commons-math3/3.1.1/commons-math3-3.1.1.jar:/home/user/.m2/repository/org/openjdk/jmh/jmh-generator-annprocess/1.19/jmh-generator-annprocess-1.19.jar:/home/user/.m2/repository/org/mockito/mockito-all/1.8.5/mockito-all-1.8.5.jar:/home/user/.m2/repository/org/apache/hadoop/hadoop-kms/3.2.0/hadoop-kms-3.2.0.jar:/home/user/.m2/repository/org/apache/hadoop/hadoop-auth/3.2.0/hadoop-auth-3.2.0.jar:/home/user/.m2/repository/com/nimbusds/nimbus-jose-jwt/4.41.1/nimbus-jose-jwt-4.41.1.jar:/home/user/.m2/repository/com/github/stephenc/jcip/jcip-annotations/1.0-1/jcip-annotations-1.0-1.jar:/home/user/.m2/repository/net/minidev/json-smart/2.3/json-smart-2.3.jar:/home/user/.m2/repository/net/minidev/accessors-smart/1.2/accessors-smart-1.2.jar:/home/user/.m2/repository/org/ow2/asm/asm/5.0.4/asm-5.0.4.jar:/home/user/.m2/repository/org/apache/curator/curator-framework/2.12.0/curator-framework-2.12.0.jar:/home/user/.m2/repository/com/sun/jersey/jersey-core/1.19/jersey-core-1.19.jar:/home/user/.m2/repository/javax/ws/rs/jsr311-api/1.1.1/jsr311-api-1.1.1.jar:/home/user/.m2/repository/com/sun/jersey/jersey-server/1.19/jersey-server-1.19.jar:/home/user/.m2/repository/javax/servlet/javax.servlet-api/3.1.0/javax.servlet-api-3.1.0.jar:/home/user/.m2/repository/org/eclipse/jetty/jetty-server/9.3.25.v20180904/jetty-server-9.3.25.v20180904.jar:/home/user/.m2/repository/org/eclipse/jetty/jetty-http/9.3.25.v20180904/jetty-http-9.3.25.v20180904.jar:/home/user/.m2/repository/org/eclipse/jetty/jetty-io/9.3.25.v20180904/jetty-io-9.3.25.v20180904.jar:/home/user/.m2/repository/org/eclipse/jetty/jetty-webapp/9.3.25.v20180904/jetty-webapp-9.3.25.v20180904.jar:/home/user/.m2/repository/org/eclipse/jetty/jetty-xml/9.3.25.v20180904/jetty-xml-9.3.25.v20180904.jar:/home/user/.m2/repository/log4j/log4j/1.2.17/log4j-1.2.17.jar:/home/user/.m2/repository/org/slf4j/slf4j-api/1.7.25/slf4j-api-1.7.25.jar:/home/user/.m2/repository/org/slf4j/jul-to-slf4j/1.7.25/jul-to-slf4j-1.7.25.jar:/home/user/.m2/repository/org/eclipse/jetty/jetty-util/9.3.25.v20180904/jetty-util-9.3.25.v20180904.jar:/home/user/.m2/repository/com/fasterxml/jackson/core/jackson-databind/2.9.9/jackson-databind-2.9.9.jar:/home/user/.m2/repository/org/apache/hadoop/hadoop-kms/3.2.0/hadoop-kms-3.2.0-tests.jar:/home/user/.m2/repository/org/apache/hadoop/hadoop-hdds-server-scm/0.5.0-SNAPSHOT/hadoop-hdds-server-scm-0.5.0-SNAPSHOT-tests.jar:/home/user/.m2/repository/org/apache/hadoop/hadoop-hdds-container-service/0.5.0-SNAPSHOT/hadoop-hdds-container-service-0.5.0-SNAPSHOT-tests.jar:/home/user/.m2/repository/org/yaml/snakeyaml/1.16/snakeyaml-1.16.jar:/home/user/.m2/repository/org/apache/hadoop/hadoop-common/3.2.0/hadoop-common-3.2.0-tests.jar:/home/user/.m2/repository/org/apache/hadoop/hadoop-annotations/3.2.0/hadoop-annotations-3.2.0.jar:/usr/lib/jvm/java-1.8.0-openjdk-1.8.0.222.b10-1.el7_7.x86_64/jre/../lib/tools.jar:/home/user/.m2/repository/commons-cli/commons-cli/1.2/commons-cli-1.2.jar:/home/user/.m2/repository/org/apache/httpcomponents/httpclient/4.5.2/httpclient-4.5.2.jar:/home/user/.m2/repository/org/apache/httpcomponents/httpcore/4.4.4/httpcore-4.4.4.jar:/home/user/.m2/repository/commons-codec/commons-codec/1.11/commons-codec-1.11.jar:/home/user/.m2/repository/commons-net/commons-net/3.6/commons-net-3.6.jar:/home/user/.m2/repository/commons-collections/commons-collections/3.2.2/commons-collections-3.2.2.jar:/home/user/.m2/repository/org/eclipse/jetty/jetty-servlet/9.3.25.v20180904/jetty-servlet-9.3.25.v20180904.jar:/home/user/.m2/repository/org/eclipse/jetty/jetty-security/9.3.25.v20180904/jetty-security-9.3.25.v20180904.jar:/home/user/.m2/repository/javax/servlet/jsp/jsp-api/2.1/jsp-api-2.1.jar:/home/user/.m2/repository/com/sun/jersey/jersey-servlet/1.19/jersey-servlet-1.19.jar:/home/user/.m2/repository/com/sun/jersey/jersey-json/1.19/jersey-json-1.19.jar:/home/user/.m2/repository/org/codehaus/jettison/jettison/1.1/jettison-1.1.jar:/home/user/.m2/repository/org/codehaus/jackson/jackson-core-asl/1.9.13/jackson-core-asl-1.9.13.jar:/home/user/.m2/repository/org/codehaus/jackson/jackson-mapper-asl/1.9.13/jackson-mapper-asl-1.9.13.jar:/home/user/.m2/repository/org/codehaus/jackson/jackson-jaxrs/1.9.13/jackson-jaxrs-1.9.13.jar:/home/user/.m2/repository/org/codehaus/jackson/jackson-xc/1.9.13/jackson-xc-1.9.13.jar:/home/user/.m2/repository/commons-logging/commons-logging/1.1.3/commons-logging-1.1.3.jar:/home/user/.m2/repository/commons-beanutils/commons-beanutils/1.9.4/commons-beanutils-1.9.4.jar:/home/user/.m2/repository/org/apache/commons/commons-configuration2/2.1.1/commons-configuration2-2.1.1.jar:/home/user/.m2/repository/org/apache/commons/commons-lang3/3.7/commons-lang3-3.7.jar:/home/user/.m2/repository/org/apache/commons/commons-text/1.4/commons-text-1.4.jar:/home/user/.m2/repository/org/apache/avro/avro/1.7.7/avro-1.7.7.jar:/home/user/.m2/repository/com/thoughtworks/paranamer/paranamer/2.3/paranamer-2.3.jar:/home/user/.m2/repository/org/xerial/snappy/snappy-java/1.0.5/snappy-java-1.0.5.jar:/home/user/.m2/repository/com/google/re2j/re2j/1.1/re2j-1.1.jar:/home/user/.m2/repository/com/google/code/gson/gson/2.2.4/gson-2.2.4.jar:/home/user/.m2/repository/com/jcraft/jsch/0.1.54/jsch-0.1.54.jar:/home/user/.m2/repository/org/apache/curator/curator-client/2.12.0/curator-client-2.12.0.jar:/home/user/.m2/repository/org/apache/curator/curator-recipes/2.12.0/curator-recipes-2.12.0.jar:/home/user/.m2/repository/com/google/code/findbugs/jsr305/3.0.0/jsr305-3.0.0.jar:/home/user/.m2/repository/org/apache/htrace/htrace-core4/4.1.0-incubating/htrace-core4-4.1.0-incubating.jar:/home/user/.m2/repository/org/apache/zookeeper/zookeeper/3.4.13/zookeeper-3.4.13.jar:/home/user/.m2/repository/jline/jline/0.9.94/jline-0.9.94.jar:/home/user/.m2/repository/org/apache/yetus/audience-annotations/0.5.0/audience-annotations-0.5.0.jar:/home/user/.m2/repository/org/codehaus/woodstox/stax2-api/3.1.4/stax2-api-3.1.4.jar:/home/user/.m2/repository/com/fasterxml/woodstox/woodstox-core/5.0.3/woodstox-core-5.0.3.jar:/home/user/.m2/repository/dnsjava/dnsjava/2.1.7/dnsjava-2.1.7.jar:/home/user/.m2/repository/org/apache/hadoop/hadoop-hdfs/3.2.0/hadoop-hdfs-3.2.0-tests.jar:/home/user/.m2/repository/org/eclipse/jetty/jetty-util-ajax/9.3.25.v20180904/jetty-util-ajax-9.3.25.v20180904.jar:/home/user/.m2/repository/commons-daemon/commons-daemon/1.0.13/commons-daemon-1.0.13.jar:/home/user/.m2/repository/io/netty/netty/3.10.5.Final/netty-3.10.5.Final.jar:/home/user/.m2/repository/io/netty/netty-all/4.0.52.Final/netty-all-4.0.52.Final.jar:/home/user/.m2/repository/org/fusesource/leveldbjni/leveldbjni-all/1.8/leveldbjni-all-1.8.jar:"/>
    <property name="java.vm.vendor" value="Oracle Corporation"/>
    <property name="sun.arch.data.model" value="64"/>
    <property name="test.build.dir" value="/workdir/hadoop-ozone/integration-test/target/test-dir"/>
    <property name="test.cache.data" value=""/>
    <property name="java.vendor.url" value="http://java.oracle.com/"/>
    <property name="user.timezone" value=""/>
    <property name="java.vm.specification.version" value="1.8"/>
    <property name="os.name" value="Linux"/>
    <property name="test.build.data" value="/workdir/hadoop-ozone/integration-test/target/test-dir"/>
    <property name="user.country" value="US"/>
    <property name="sun.java.launcher" value="SUN_STANDARD"/>
    <property name="sun.boot.library.path" value="/usr/lib/jvm/java-1.8.0-openjdk-1.8.0.222.b10-1.el7_7.x86_64/jre/lib/amd64"/>
    <property name="sun.java.command" value="/workdir/hadoop-ozone/integration-test/target/surefire/surefirebooter1681105130024220658.jar /workdir/hadoop-ozone/integration-test/target/surefire 2019-11-17T10-34-11_332-jvmRun1 surefire8254101297369492141tmp surefire_463484054982440736164tmp"/>
    <property name="surefire.test.class.path" value="/workdir/hadoop-ozone/integration-test/target/test-classes:/workdir/hadoop-ozone/integration-test/target/classes:/home/user/.m2/repository/org/apache/hadoop/hadoop-ozone-common/0.5.0-SNAPSHOT/hadoop-ozone-common-0.5.0-SNAPSHOT.jar:/home/user/.m2/repository/org/apache/commons/commons-compress/1.4.1/commons-compress-1.4.1.jar:/home/user/.m2/repository/org/tukaani/xz/1.0/xz-1.0.jar:/home/user/.m2/repository/org/apache/hadoop/hadoop-common/3.2.0/hadoop-common-3.2.0.jar:/home/user/.m2/repository/org/apache/hadoop/hadoop-hdfs/3.2.0/hadoop-hdfs-3.2.0.jar:/home/user/.m2/repository/org/apache/hadoop/hadoop-hdfs-client/3.2.0/hadoop-hdfs-client-3.2.0.jar:/home/user/.m2/repository/com/fasterxml/jackson/core/jackson-annotations/2.9.9/jackson-annotations-2.9.9.jar:/home/user/.m2/repository/org/apache/hadoop/hadoop-hdds-common/0.5.0-SNAPSHOT/hadoop-hdds-common-0.5.0-SNAPSHOT.jar:/home/user/.m2/repository/javax/annotation/javax.annotation-api/1.2/javax.annotation-api-1.2.jar:/home/user/.m2/repository/org/apache/ratis/ratis-server/0.5.0-d6d58d0-SNAPSHOT/ratis-server-0.5.0-d6d58d0-SNAPSHOT.jar:/home/user/.m2/repository/org/apache/ratis/ratis-thirdparty-misc/0.2.0/ratis-thirdparty-misc-0.2.0.jar:/home/user/.m2/repository/org/apache/ratis/ratis-proto/0.5.0-d6d58d0-SNAPSHOT/ratis-proto-0.5.0-d6d58d0-SNAPSHOT.jar:/home/user/.m2/repository/org/apache/ratis/ratis-common/0.5.0-d6d58d0-SNAPSHOT/ratis-common-0.5.0-d6d58d0-SNAPSHOT.jar:/home/user/.m2/repository/org/apache/ratis/ratis-client/0.5.0-d6d58d0-SNAPSHOT/ratis-client-0.5.0-d6d58d0-SNAPSHOT.jar:/home/user/.m2/repository/org/apache/ratis/ratis-metrics/0.5.0-d6d58d0-SNAPSHOT/ratis-metrics-0.5.0-d6d58d0-SNAPSHOT.jar:/home/user/.m2/repository/org/apache/ratis/ratis-netty/0.5.0-d6d58d0-SNAPSHOT/ratis-netty-0.5.0-d6d58d0-SNAPSHOT.jar:/home/user/.m2/repository/org/apache/ratis/ratis-grpc/0.5.0-d6d58d0-SNAPSHOT/ratis-grpc-0.5.0-d6d58d0-SNAPSHOT.jar:/home/user/.m2/repository/org/rocksdb/rocksdbjni/6.0.1/rocksdbjni-6.0.1.jar:/home/user/.m2/repository/org/apache/logging/log4j/log4j-api/2.11.0/log4j-api-2.11.0.jar:/home/user/.m2/repository/org/apache/logging/log4j/log4j-core/2.11.0/log4j-core-2.11.0.jar:/home/user/.m2/repository/com/lmax/disruptor/3.4.2/disruptor-3.4.2.jar:/home/user/.m2/repository/org/apache/commons/commons-pool2/2.6.0/commons-pool2-2.6.0.jar:/home/user/.m2/repository/org/bouncycastle/bcpkix-jdk15on/1.60/bcpkix-jdk15on-1.60.jar:/home/user/.m2/repository/commons-validator/commons-validator/1.6/commons-validator-1.6.jar:/home/user/.m2/repository/commons-digester/commons-digester/1.8.1/commons-digester-1.8.1.jar:/home/user/.m2/repository/io/jaegertracing/jaeger-client/0.34.0/jaeger-client-0.34.0.jar:/home/user/.m2/repository/io/jaegertracing/jaeger-thrift/0.34.0/jaeger-thrift-0.34.0.jar:/home/user/.m2/repository/org/apache/thrift/libthrift/0.12.0/libthrift-0.12.0.jar:/home/user/.m2/repository/com/squareup/okhttp3/okhttp/3.9.0/okhttp-3.9.0.jar:/home/user/.m2/repository/com/squareup/okio/okio/1.13.0/okio-1.13.0.jar:/home/user/.m2/repository/io/jaegertracing/jaeger-core/0.34.0/jaeger-core-0.34.0.jar:/home/user/.m2/repository/io/jaegertracing/jaeger-tracerresolver/0.34.0/jaeger-tracerresolver-0.34.0.jar:/home/user/.m2/repository/io/opentracing/contrib/opentracing-tracerresolver/0.1.5/opentracing-tracerresolver-0.1.5.jar:/home/user/.m2/repository/io/opentracing/opentracing-util/0.31.0/opentracing-util-0.31.0.jar:/home/user/.m2/repository/io/opentracing/opentracing-api/0.31.0/opentracing-api-0.31.0.jar:/home/user/.m2/repository/io/opentracing/opentracing-noop/0.31.0/opentracing-noop-0.31.0.jar:/home/user/.m2/repository/org/apache/hadoop/hadoop-hdds-server-framework/0.5.0-SNAPSHOT/hadoop-hdds-server-framework-0.5.0-SNAPSHOT.jar:/home/user/.m2/repository/org/apache/hadoop/hadoop-hdds-container-service/0.5.0-SNAPSHOT/hadoop-hdds-container-service-0.5.0-SNAPSHOT.jar:/home/user/.m2/repository/org/apache/hadoop/hadoop-hdds-client/0.5.0-SNAPSHOT/hadoop-hdds-client-0.5.0-SNAPSHOT.jar:/home/user/.m2/repository/org/apache/hadoop/hadoop-hdds-tools/0.5.0-SNAPSHOT/hadoop-hdds-tools-0.5.0-SNAPSHOT.jar:/home/user/.m2/repository/org/apache/hadoop/hadoop-hdds-server-scm/0.5.0-SNAPSHOT/hadoop-hdds-server-scm-0.5.0-SNAPSHOT.jar:/home/user/.m2/repository/org/apache/hadoop/hadoop-hdds-docs/0.5.0-SNAPSHOT/hadoop-hdds-docs-0.5.0-SNAPSHOT.jar:/home/user/.m2/repository/io/dropwizard/metrics/metrics-core/3.2.4/metrics-core-3.2.4.jar:/home/user/.m2/repository/org/hamcrest/hamcrest-all/1.3/hamcrest-all-1.3.jar:/home/user/.m2/repository/org/bouncycastle/bcprov-jdk15on/1.60/bcprov-jdk15on-1.60.jar:/home/user/.m2/repository/info/picocli/picocli/3.9.6/picocli-3.9.6.jar:/home/user/.m2/repository/com/google/protobuf/protobuf-java/2.5.0/protobuf-java-2.5.0.jar:/home/user/.m2/repository/com/google/guava/guava/11.0.2/guava-11.0.2.jar:/home/user/.m2/repository/org/apache/hadoop/hadoop-ozone-ozone-manager/0.5.0-SNAPSHOT/hadoop-ozone-ozone-manager-0.5.0-SNAPSHOT.jar:/home/user/.m2/repository/org/apache/hadoop/hadoop-minikdc/3.2.0/hadoop-minikdc-3.2.0.jar:/home/user/.m2/repository/commons-io/commons-io/2.5/commons-io-2.5.jar:/home/user/.m2/repository/org/apache/kerby/kerb-simplekdc/1.0.1/kerb-simplekdc-1.0.1.jar:/home/user/.m2/repository/org/apache/kerby/kerb-client/1.0.1/kerb-client-1.0.1.jar:/home/user/.m2/repository/org/apache/kerby/kerby-config/1.0.1/kerby-config-1.0.1.jar:/home/user/.m2/repository/org/apache/kerby/kerb-core/1.0.1/kerb-core-1.0.1.jar:/home/user/.m2/repository/org/apache/kerby/kerby-pkix/1.0.1/kerby-pkix-1.0.1.jar:/home/user/.m2/repository/org/apache/kerby/kerby-asn1/1.0.1/kerby-asn1-1.0.1.jar:/home/user/.m2/repository/org/apache/kerby/kerby-util/1.0.1/kerby-util-1.0.1.jar:/home/user/.m2/repository/org/apache/kerby/kerb-common/1.0.1/kerb-common-1.0.1.jar:/home/user/.m2/repository/org/apache/kerby/kerb-crypto/1.0.1/kerb-crypto-1.0.1.jar:/home/user/.m2/repository/org/apache/kerby/kerb-util/1.0.1/kerb-util-1.0.1.jar:/home/user/.m2/repository/org/apache/kerby/token-provider/1.0.1/token-provider-1.0.1.jar:/home/user/.m2/repository/org/apache/kerby/kerb-admin/1.0.1/kerb-admin-1.0.1.jar:/home/user/.m2/repository/org/apache/kerby/kerb-server/1.0.1/kerb-server-1.0.1.jar:/home/user/.m2/repository/org/apache/kerby/kerb-identity/1.0.1/kerb-identity-1.0.1.jar:/home/user/.m2/repository/org/apache/kerby/kerby-xdr/1.0.1/kerby-xdr-1.0.1.jar:/home/user/.m2/repository/org/slf4j/slf4j-log4j12/1.7.25/slf4j-log4j12-1.7.25.jar:/home/user/.m2/repository/org/apache/hadoop/hadoop-ozone-s3gateway/0.5.0-SNAPSHOT/hadoop-ozone-s3gateway-0.5.0-SNAPSHOT.jar:/home/user/.m2/repository/org/jboss/weld/servlet/weld-servlet/2.4.7.Final/weld-servlet-2.4.7.Final.jar:/home/user/.m2/repository/org/glassfish/jersey/containers/jersey-container-servlet-core/2.27/jersey-container-servlet-core-2.27.jar:/home/user/.m2/repository/org/glassfish/hk2/external/javax.inject/2.5.0-b42/javax.inject-2.5.0-b42.jar:/home/user/.m2/repository/org/glassfish/jersey/core/jersey-common/2.27/jersey-common-2.27.jar:/home/user/.m2/repository/org/glassfish/hk2/osgi-resource-locator/1.0.1/osgi-resource-locator-1.0.1.jar:/home/user/.m2/repository/javax/ws/rs/javax.ws.rs-api/2.1/javax.ws.rs-api-2.1.jar:/home/user/.m2/repository/org/glassfish/jersey/ext/cdi/jersey-cdi1x/2.27/jersey-cdi1x-2.27.jar:/home/user/.m2/repository/org/glassfish/jersey/inject/jersey-hk2/2.27/jersey-hk2-2.27.jar:/home/user/.m2/repository/org/glassfish/hk2/hk2-locator/2.5.0-b42/hk2-locator-2.5.0-b42.jar:/home/user/.m2/repository/org/javassist/javassist/3.22.0-CR2/javassist-3.22.0-CR2.jar:/home/user/.m2/repository/org/glassfish/hk2/hk2-api/2.5.0/hk2-api-2.5.0.jar:/home/user/.m2/repository/org/glassfish/hk2/external/jakarta.inject/2.5.0/jakarta.inject-2.5.0.jar:/home/user/.m2/repository/org/glassfish/hk2/hk2-utils/2.5.0/hk2-utils-2.5.0.jar:/home/user/.m2/repository/jakarta/annotation/jakarta.annotation-api/1.3.4/jakarta.annotation-api-1.3.4.jar:/home/user/.m2/repository/org/glassfish/hk2/external/aopalliance-repackaged/2.5.0/aopalliance-repackaged-2.5.0.jar:/home/user/.m2/repository/com/fasterxml/jackson/dataformat/jackson-dataformat-xml/2.9.0/jackson-dataformat-xml-2.9.0.jar:/home/user/.m2/repository/com/fasterxml/jackson/core/jackson-core/2.9.9/jackson-core-2.9.9.jar:/home/user/.m2/repository/com/fasterxml/jackson/module/jackson-module-jaxb-annotations/2.9.9/jackson-module-jaxb-annotations-2.9.9.jar:/home/user/.m2/repository/javax/enterprise/cdi-api/1.2/cdi-api-1.2.jar:/home/user/.m2/repository/javax/el/javax.el-api/3.0.0/javax.el-api-3.0.0.jar:/home/user/.m2/repository/javax/interceptor/javax.interceptor-api/1.2/javax.interceptor-api-1.2.jar:/home/user/.m2/repository/javax/inject/javax.inject/1/javax.inject-1.jar:/home/user/.m2/repository/com/sun/xml/bind/jaxb-impl/2.3.0.1/jaxb-impl-2.3.0.1.jar:/home/user/.m2/repository/com/sun/xml/bind/jaxb-core/2.3.0.1/jaxb-core-2.3.0.1.jar:/home/user/.m2/repository/javax/xml/bind/jaxb-api/2.3.0/jaxb-api-2.3.0.jar:/home/user/.m2/repository/javax/activation/activation/1.1.1/activation-1.1.1.jar:/home/user/.m2/repository/org/apache/hadoop/hadoop-ozone-csi/0.5.0-SNAPSHOT/hadoop-ozone-csi-0.5.0-SNAPSHOT.jar:/home/user/.m2/repository/com/google/protobuf/protobuf-java-util/3.5.1/protobuf-java-util-3.5.1.jar:/home/user/.m2/repository/org/apache/hadoop/hadoop-hdds-config/0.5.0-SNAPSHOT/hadoop-hdds-config-0.5.0-SNAPSHOT.jar:/home/user/.m2/repository/io/grpc/grpc-netty/1.17.1/grpc-netty-1.17.1.jar:/home/user/.m2/repository/io/grpc/grpc-core/1.17.1/grpc-core-1.17.1.jar:/home/user/.m2/repository/io/grpc/grpc-context/1.17.1/grpc-context-1.17.1.jar:/home/user/.m2/repository/com/google/errorprone/error_prone_annotations/2.2.0/error_prone_annotations-2.2.0.jar:/home/user/.m2/repository/org/codehaus/mojo/animal-sniffer-annotations/1.17/animal-sniffer-annotations-1.17.jar:/home/user/.m2/repository/io/opencensus/opencensus-api/0.17.0/opencensus-api-0.17.0.jar:/home/user/.m2/repository/io/opencensus/opencensus-contrib-grpc-metrics/0.17.0/opencensus-contrib-grpc-metrics-0.17.0.jar:/home/user/.m2/repository/io/netty/netty-codec-http2/4.1.30.Final/netty-codec-http2-4.1.30.Final.jar:/home/user/.m2/repository/io/netty/netty-codec-http/4.1.30.Final/netty-codec-http-4.1.30.Final.jar:/home/user/.m2/repository/io/netty/netty-codec/4.1.30.Final/netty-codec-4.1.30.Final.jar:/home/user/.m2/repository/io/netty/netty-handler/4.1.30.Final/netty-handler-4.1.30.Final.jar:/home/user/.m2/repository/io/netty/netty-handler-proxy/4.1.30.Final/netty-handler-proxy-4.1.30.Final.jar:/home/user/.m2/repository/io/netty/netty-codec-socks/4.1.30.Final/netty-codec-socks-4.1.30.Final.jar:/home/user/.m2/repository/io/netty/netty-transport-native-epoll/4.1.30.Final/netty-transport-native-epoll-4.1.30.Final.jar:/home/user/.m2/repository/io/netty/netty-common/4.1.30.Final/netty-common-4.1.30.Final.jar:/home/user/.m2/repository/io/netty/netty-buffer/4.1.30.Final/netty-buffer-4.1.30.Final.jar:/home/user/.m2/repository/io/netty/netty-transport/4.1.30.Final/netty-transport-4.1.30.Final.jar:/home/user/.m2/repository/io/netty/netty-resolver/4.1.30.Final/netty-resolver-4.1.30.Final.jar:/home/user/.m2/repository/io/netty/netty-transport-native-unix-common/4.1.30.Final/netty-transport-native-unix-common-4.1.30.Final.jar:/home/user/.m2/repository/io/grpc/grpc-protobuf/1.17.1/grpc-protobuf-1.17.1.jar:/home/user/.m2/repository/com/google/api/grpc/proto-google-common-protos/1.0.0/proto-google-common-protos-1.0.0.jar:/home/user/.m2/repository/io/grpc/grpc-protobuf-lite/1.17.1/grpc-protobuf-lite-1.17.1.jar:/home/user/.m2/repository/io/grpc/grpc-stub/1.17.1/grpc-stub-1.17.1.jar:/home/user/.m2/repository/org/apache/hadoop/hadoop-ozone-recon/0.5.0-SNAPSHOT/hadoop-ozone-recon-0.5.0-SNAPSHOT.jar:/home/user/.m2/repository/org/apache/hadoop/hadoop-ozone-reconcodegen/0.5.0-SNAPSHOT/hadoop-ozone-reconcodegen-0.5.0-SNAPSHOT.jar:/home/user/.m2/repository/com/google/inject/extensions/guice-multibindings/4.0/guice-multibindings-4.0.jar:/home/user/.m2/repository/com/google/inject/guice/4.0/guice-4.0.jar:/home/user/.m2/repository/aopalliance/aopalliance/1.0/aopalliance-1.0.jar:/home/user/.m2/repository/com/google/inject/extensions/guice-servlet/4.0/guice-servlet-4.0.jar:/home/user/.m2/repository/org/glassfish/jersey/containers/jersey-container-servlet/2.27/jersey-container-servlet-2.27.jar:/home/user/.m2/repository/org/glassfish/hk2/guice-bridge/2.5.0/guice-bridge-2.5.0.jar:/home/user/.m2/repository/org/glassfish/jersey/core/jersey-server/2.27/jersey-server-2.27.jar:/home/user/.m2/repository/org/glassfish/jersey/core/jersey-client/2.27/jersey-client-2.27.jar:/home/user/.m2/repository/org/glassfish/jersey/media/jersey-media-jaxb/2.27/jersey-media-jaxb-2.27.jar:/home/user/.m2/repository/javax/validation/validation-api/1.1.0.Final/validation-api-1.1.0.Final.jar:/home/user/.m2/repository/org/glassfish/jersey/media/jersey-media-json-jackson/2.27/jersey-media-json-jackson-2.27.jar:/home/user/.m2/repository/org/glassfish/jersey/ext/jersey-entity-filtering/2.27/jersey-entity-filtering-2.27.jar:/home/user/.m2/repository/com/google/inject/extensions/guice-assistedinject/4.0/guice-assistedinject-4.0.jar:/home/user/.m2/repository/org/jooq/jooq/3.11.10/jooq-3.11.10.jar:/home/user/.m2/repository/org/jooq/jooq-meta/3.11.10/jooq-meta-3.11.10.jar:/home/user/.m2/repository/org/jooq/jooq-codegen/3.11.10/jooq-codegen-3.11.10.jar:/home/user/.m2/repository/com/jolbox/bonecp/0.8.0.RELEASE/bonecp-0.8.0.RELEASE.jar:/home/user/.m2/repository/org/xerial/sqlite-jdbc/3.25.2/sqlite-jdbc-3.25.2.jar:/home/user/.m2/repository/org/springframework/spring-jdbc/5.1.3.RELEASE/spring-jdbc-5.1.3.RELEASE.jar:/home/user/.m2/repository/org/springframework/spring-beans/5.1.3.RELEASE/spring-beans-5.1.3.RELEASE.jar:/home/user/.m2/repository/org/springframework/spring-core/5.1.3.RELEASE/spring-core-5.1.3.RELEASE.jar:/home/user/.m2/repository/org/springframework/spring-jcl/5.1.3.RELEASE/spring-jcl-5.1.3.RELEASE.jar:/home/user/.m2/repository/org/springframework/spring-tx/5.1.3.RELEASE/spring-tx-5.1.3.RELEASE.jar:/home/user/.m2/repository/org/apache/hadoop/hadoop-ozone-client/0.5.0-SNAPSHOT/hadoop-ozone-client-0.5.0-SNAPSHOT.jar:/home/user/.m2/repository/commons-lang/commons-lang/2.6/commons-lang-2.6.jar:/home/user/.m2/repository/org/apache/hadoop/hadoop-ozone-ozone-manager/0.5.0-SNAPSHOT/hadoop-ozone-ozone-manager-0.5.0-SNAPSHOT-tests.jar:/home/user/.m2/repository/junit/junit/4.11/junit-4.11.jar:/home/user/.m2/repository/org/hamcrest/hamcrest-core/1.3/hamcrest-core-1.3.jar:/home/user/.m2/repository/org/openjdk/jmh/jmh-core/1.19/jmh-core-1.19.jar:/home/user/.m2/repository/net/sf/jopt-simple/jopt-simple/4.6/jopt-simple-4.6.jar:/home/user/.m2/repository/org/apache/commons/commons-math3/3.1.1/commons-math3-3.1.1.jar:/home/user/.m2/repository/org/openjdk/jmh/jmh-generator-annprocess/1.19/jmh-generator-annprocess-1.19.jar:/home/user/.m2/repository/org/mockito/mockito-all/1.8.5/mockito-all-1.8.5.jar:/home/user/.m2/repository/org/apache/hadoop/hadoop-kms/3.2.0/hadoop-kms-3.2.0.jar:/home/user/.m2/repository/org/apache/hadoop/hadoop-auth/3.2.0/hadoop-auth-3.2.0.jar:/home/user/.m2/repository/com/nimbusds/nimbus-jose-jwt/4.41.1/nimbus-jose-jwt-4.41.1.jar:/home/user/.m2/repository/com/github/stephenc/jcip/jcip-annotations/1.0-1/jcip-annotations-1.0-1.jar:/home/user/.m2/repository/net/minidev/json-smart/2.3/json-smart-2.3.jar:/home/user/.m2/repository/net/minidev/accessors-smart/1.2/accessors-smart-1.2.jar:/home/user/.m2/repository/org/ow2/asm/asm/5.0.4/asm-5.0.4.jar:/home/user/.m2/repository/org/apache/curator/curator-framework/2.12.0/curator-framework-2.12.0.jar:/home/user/.m2/repository/com/sun/jersey/jersey-core/1.19/jersey-core-1.19.jar:/home/user/.m2/repository/javax/ws/rs/jsr311-api/1.1.1/jsr311-api-1.1.1.jar:/home/user/.m2/repository/com/sun/jersey/jersey-server/1.19/jersey-server-1.19.jar:/home/user/.m2/repository/javax/servlet/javax.servlet-api/3.1.0/javax.servlet-api-3.1.0.jar:/home/user/.m2/repository/org/eclipse/jetty/jetty-server/9.3.25.v20180904/jetty-server-9.3.25.v20180904.jar:/home/user/.m2/repository/org/eclipse/jetty/jetty-http/9.3.25.v20180904/jetty-http-9.3.25.v20180904.jar:/home/user/.m2/repository/org/eclipse/jetty/jetty-io/9.3.25.v20180904/jetty-io-9.3.25.v20180904.jar:/home/user/.m2/repository/org/eclipse/jetty/jetty-webapp/9.3.25.v20180904/jetty-webapp-9.3.25.v20180904.jar:/home/user/.m2/repository/org/eclipse/jetty/jetty-xml/9.3.25.v20180904/jetty-xml-9.3.25.v20180904.jar:/home/user/.m2/repository/log4j/log4j/1.2.17/log4j-1.2.17.jar:/home/user/.m2/repository/org/slf4j/slf4j-api/1.7.25/slf4j-api-1.7.25.jar:/home/user/.m2/repository/org/slf4j/jul-to-slf4j/1.7.25/jul-to-slf4j-1.7.25.jar:/home/user/.m2/repository/org/eclipse/jetty/jetty-util/9.3.25.v20180904/jetty-util-9.3.25.v20180904.jar:/home/user/.m2/repository/com/fasterxml/jackson/core/jackson-databind/2.9.9/jackson-databind-2.9.9.jar:/home/user/.m2/repository/org/apache/hadoop/hadoop-kms/3.2.0/hadoop-kms-3.2.0-tests.jar:/home/user/.m2/repository/org/apache/hadoop/hadoop-hdds-server-scm/0.5.0-SNAPSHOT/hadoop-hdds-server-scm-0.5.0-SNAPSHOT-tests.jar:/home/user/.m2/repository/org/apache/hadoop/hadoop-hdds-container-service/0.5.0-SNAPSHOT/hadoop-hdds-container-service-0.5.0-SNAPSHOT-tests.jar:/home/user/.m2/repository/org/yaml/snakeyaml/1.16/snakeyaml-1.16.jar:/home/user/.m2/repository/org/apache/hadoop/hadoop-common/3.2.0/hadoop-common-3.2.0-tests.jar:/home/user/.m2/repository/org/apache/hadoop/hadoop-annotations/3.2.0/hadoop-annotations-3.2.0.jar:/usr/lib/jvm/java-1.8.0-openjdk-1.8.0.222.b10-1.el7_7.x86_64/jre/../lib/tools.jar:/home/user/.m2/repository/commons-cli/commons-cli/1.2/commons-cli-1.2.jar:/home/user/.m2/repository/org/apache/httpcomponents/httpclient/4.5.2/httpclient-4.5.2.jar:/home/user/.m2/repository/org/apache/httpcomponents/httpcore/4.4.4/httpcore-4.4.4.jar:/home/user/.m2/repository/commons-codec/commons-codec/1.11/commons-codec-1.11.jar:/home/user/.m2/repository/commons-net/commons-net/3.6/commons-net-3.6.jar:/home/user/.m2/repository/commons-collections/commons-collections/3.2.2/commons-collections-3.2.2.jar:/home/user/.m2/repository/org/eclipse/jetty/jetty-servlet/9.3.25.v20180904/jetty-servlet-9.3.25.v20180904.jar:/home/user/.m2/repository/org/eclipse/jetty/jetty-security/9.3.25.v20180904/jetty-security-9.3.25.v20180904.jar:/home/user/.m2/repository/javax/servlet/jsp/jsp-api/2.1/jsp-api-2.1.jar:/home/user/.m2/repository/com/sun/jersey/jersey-servlet/1.19/jersey-servlet-1.19.jar:/home/user/.m2/repository/com/sun/jersey/jersey-json/1.19/jersey-json-1.19.jar:/home/user/.m2/repository/org/codehaus/jettison/jettison/1.1/jettison-1.1.jar:/home/user/.m2/repository/org/codehaus/jackson/jackson-core-asl/1.9.13/jackson-core-asl-1.9.13.jar:/home/user/.m2/repository/org/codehaus/jackson/jackson-mapper-asl/1.9.13/jackson-mapper-asl-1.9.13.jar:/home/user/.m2/repository/org/codehaus/jackson/jackson-jaxrs/1.9.13/jackson-jaxrs-1.9.13.jar:/home/user/.m2/repository/org/codehaus/jackson/jackson-xc/1.9.13/jackson-xc-1.9.13.jar:/home/user/.m2/repository/commons-logging/commons-logging/1.1.3/commons-logging-1.1.3.jar:/home/user/.m2/repository/commons-beanutils/commons-beanutils/1.9.4/commons-beanutils-1.9.4.jar:/home/user/.m2/repository/org/apache/commons/commons-configuration2/2.1.1/commons-configuration2-2.1.1.jar:/home/user/.m2/repository/org/apache/commons/commons-lang3/3.7/commons-lang3-3.7.jar:/home/user/.m2/repository/org/apache/commons/commons-text/1.4/commons-text-1.4.jar:/home/user/.m2/repository/org/apache/avro/avro/1.7.7/avro-1.7.7.jar:/home/user/.m2/repository/com/thoughtworks/paranamer/paranamer/2.3/paranamer-2.3.jar:/home/user/.m2/repository/org/xerial/snappy/snappy-java/1.0.5/snappy-java-1.0.5.jar:/home/user/.m2/repository/com/google/re2j/re2j/1.1/re2j-1.1.jar:/home/user/.m2/repository/com/google/code/gson/gson/2.2.4/gson-2.2.4.jar:/home/user/.m2/repository/com/jcraft/jsch/0.1.54/jsch-0.1.54.jar:/home/user/.m2/repository/org/apache/curator/curator-client/2.12.0/curator-client-2.12.0.jar:/home/user/.m2/repository/org/apache/curator/curator-recipes/2.12.0/curator-recipes-2.12.0.jar:/home/user/.m2/repository/com/google/code/findbugs/jsr305/3.0.0/jsr305-3.0.0.jar:/home/user/.m2/repository/org/apache/htrace/htrace-core4/4.1.0-incubating/htrace-core4-4.1.0-incubating.jar:/home/user/.m2/repository/org/apache/zookeeper/zookeeper/3.4.13/zookeeper-3.4.13.jar:/home/user/.m2/repository/jline/jline/0.9.94/jline-0.9.94.jar:/home/user/.m2/repository/org/apache/yetus/audience-annotations/0.5.0/audience-annotations-0.5.0.jar:/home/user/.m2/repository/org/codehaus/woodstox/stax2-api/3.1.4/stax2-api-3.1.4.jar:/home/user/.m2/repository/com/fasterxml/woodstox/woodstox-core/5.0.3/woodstox-core-5.0.3.jar:/home/user/.m2/repository/dnsjava/dnsjava/2.1.7/dnsjava-2.1.7.jar:/home/user/.m2/repository/org/apache/hadoop/hadoop-hdfs/3.2.0/hadoop-hdfs-3.2.0-tests.jar:/home/user/.m2/repository/org/eclipse/jetty/jetty-util-ajax/9.3.25.v20180904/jetty-util-ajax-9.3.25.v20180904.jar:/home/user/.m2/repository/commons-daemon/commons-daemon/1.0.13/commons-daemon-1.0.13.jar:/home/user/.m2/repository/io/netty/netty/3.10.5.Final/netty-3.10.5.Final.jar:/home/user/.m2/repository/io/netty/netty-all/4.0.52.Final/netty-all-4.0.52.Final.jar:/home/user/.m2/repository/org/fusesource/leveldbjni/leveldbjni-all/1.8/leveldbjni-all-1.8.jar:"/>
    <property name="sun.cpu.endian" value="little"/>
    <property name="user.home" value="/home/user"/>
    <property name="user.language" value="en"/>
    <property name="java.specification.vendor" value="Oracle Corporation"/>
    <property name="java.home" value="/usr/lib/jvm/java-1.8.0-openjdk-1.8.0.222.b10-1.el7_7.x86_64/jre"/>
    <property name="surefire.excludesFile" value="/tools/ozone-bad-unit-tests"/>
    <property name="java.security.krb5.conf" value="/workdir/hadoop-ozone/integration-test/target/test-classes/krb5.conf"/>
    <property name="basedir" value="/workdir/hadoop-ozone/integration-test"/>
    <property name="file.separator" value="/"/>
    <property name="line.separator" value="&#10;"/>
    <property name="java.vm.specification.vendor" value="Oracle Corporation"/>
    <property name="java.specification.name" value="Java Platform API Specification"/>
    <property name="java.awt.graphicsenv" value="sun.awt.X11GraphicsEnvironment"/>
    <property name="surefire.real.class.path" value="/workdir/hadoop-ozone/integration-test/target/surefire/surefirebooter1681105130024220658.jar"/>
    <property name="hadoop.log.dir" value="/workdir/hadoop-ozone/integration-test/target/log"/>
    <property name="sun.boot.class.path" value="/usr/lib/jvm/java-1.8.0-openjdk-1.8.0.222.b10-1.el7_7.x86_64/jre/lib/resources.jar:/usr/lib/jvm/java-1.8.0-openjdk-1.8.0.222.b10-1.el7_7.x86_64/jre/lib/rt.jar:/usr/lib/jvm/java-1.8.0-openjdk-1.8.0.222.b10-1.el7_7.x86_64/jre/lib/sunrsasign.jar:/usr/lib/jvm/java-1.8.0-openjdk-1.8.0.222.b10-1.el7_7.x86_64/jre/lib/jsse.jar:/usr/lib/jvm/java-1.8.0-openjdk-1.8.0.222.b10-1.el7_7.x86_64/jre/lib/jce.jar:/usr/lib/jvm/java-1.8.0-openjdk-1.8.0.222.b10-1.el7_7.x86_64/jre/lib/charsets.jar:/usr/lib/jvm/java-1.8.0-openjdk-1.8.0.222.b10-1.el7_7.x86_64/jre/lib/jfr.jar:/usr/lib/jvm/java-1.8.0-openjdk-1.8.0.222.b10-1.el7_7.x86_64/jre/classes"/>
    <property name="sun.management.compiler" value="HotSpot 64-Bit Tiered Compilers"/>
    <property name="java.runtime.version" value="1.8.0_222-b10"/>
    <property name="java.net.preferIPv4Stack" value="true"/>
    <property name="user.name" value="jenkins1000"/>
    <property name="path.separator" value=":"/>
    <property name="java.security.egd" value="file:///dev/urandom"/>
    <property name="os.version" value="3.10.0-957.12.2.el7.x86_64"/>
    <property name="java.endorsed.dirs" value="/usr/lib/jvm/java-1.8.0-openjdk-1.8.0.222.b10-1.el7_7.x86_64/jre/lib/endorsed"/>
    <property name="java.runtime.name" value="OpenJDK Runtime Environment"/>
    <property name="file.encoding" value="ANSI_X3.4-1968"/>
    <property name="java.vm.name" value="OpenJDK 64-Bit Server VM"/>
    <property name="test.build.webapps" value=""/>
    <property name="localRepository" value="/home/user/.m2/repository"/>
    <property name="java.vendor.url.bug" value="http://bugreport.sun.com/bugreport/"/>
    <property name="java.io.tmpdir" value="/tmp"/>
    <property name="require.test.libhadoop" value=""/>
    <property name="java.version" value="1.8.0_222"/>
    <property name="user.dir" value="/workdir/hadoop-ozone/integration-test"/>
    <property name="os.arch" value="amd64"/>
    <property name="java.vm.specification.name" value="Java Virtual Machine Specification"/>
    <property name="test.build.classes" value="/workdir/hadoop-ozone/integration-test/target/test-classes"/>
    <property name="java.awt.printerjob" value="sun.print.PSPrinterJob"/>
    <property name="sun.os.patch.level" value="unknown"/>
    <property name="hadoop.tmp.dir" value="/workdir/hadoop-ozone/integration-test/target/tmp"/>
    <property name="java.library.path" value="/usr/lib:/workdir/hadoop-ozone/integration-test/target/native/target/usr/local/lib:/workdir/hadoop-ozone/integration-test/../../hadoop-common-project/hadoop-common/target/native/target/usr/local/lib:/usr/java/packages/lib/amd64:/usr/lib64:/lib64:/lib:/usr/lib"/>
    <property name="java.vm.info" value="mixed mode"/>
    <property name="java.vendor" value="Oracle Corporation"/>
    <property name="java.vm.version" value="25.222-b10"/>
    <property name="java.ext.dirs" value="/usr/lib/jvm/java-1.8.0-openjdk-1.8.0.222.b10-1.el7_7.x86_64/jre/lib/ext:/usr/java/packages/lib/ext"/>
    <property name="sun.io.unicode.encoding" value="UnicodeLittle"/>
    <property name="java.class.version" value="52.0"/>
  </properties>
  <testcase name="testMultiBlockWritesWithIntermittentDnFailures" classname="org.apache.hadoop.ozone.client.rpc.TestMultiBlockWritesWithDnFailures" time="100.701"/>
  <testcase name="testMultiBlockWritesWithDnFailures" classname="org.apache.hadoop.ozone.client.rpc.TestMultiBlockWritesWithDnFailures" time="24.537">
    <error message="Allocated 0 blocks. Requested 1 blocks" type="INTERNAL_ERROR org.apache.hadoop.ozone.om.exceptions.OMException">INTERNAL_ERROR org.apache.hadoop.ozone.om.exceptions.OMException: Allocated 0 blocks. Requested 1 blocks
	at org.apache.hadoop.ozone.om.protocolPB.OzoneManagerProtocolClientSideTranslatorPB.handleError(OzoneManagerProtocolClientSideTranslatorPB.java:761)
	at org.apache.hadoop.ozone.om.protocolPB.OzoneManagerProtocolClientSideTranslatorPB.allocateBlock(OzoneManagerProtocolClientSideTranslatorPB.java:793)
	at sun.reflect.NativeMethodAccessorImpl.invoke0(Native Method)
	at sun.reflect.NativeMethodAccessorImpl.invoke(NativeMethodAccessorImpl.java:62)
	at sun.reflect.DelegatingMethodAccessorImpl.invoke(DelegatingMethodAccessorImpl.java:43)
	at java.lang.reflect.Method.invoke(Method.java:498)
	at org.apache.hadoop.hdds.tracing.TraceAllMethod.invoke(TraceAllMethod.java:66)
	at com.sun.proxy.$Proxy36.allocateBlock(Unknown Source)
	at org.apache.hadoop.ozone.client.io.BlockOutputStreamEntryPool.allocateNewBlock(BlockOutputStreamEntryPool.java:259)
	at org.apache.hadoop.ozone.client.io.BlockOutputStreamEntryPool.allocateBlockIfNeeded(BlockOutputStreamEntryPool.java:307)
	at org.apache.hadoop.ozone.client.io.KeyOutputStream.handleWrite(KeyOutputStream.java:198)
	at org.apache.hadoop.ozone.client.io.KeyOutputStream.handleRetry(KeyOutputStream.java:375)
	at org.apache.hadoop.ozone.client.io.KeyOutputStream.handleException(KeyOutputStream.java:324)
	at org.apache.hadoop.ozone.client.io.KeyOutputStream.handleWrite(KeyOutputStream.java:228)
	at org.apache.hadoop.ozone.client.io.KeyOutputStream.write(KeyOutputStream.java:190)
	at org.apache.hadoop.ozone.client.io.OzoneOutputStream.write(OzoneOutputStream.java:49)
	at java.io.OutputStream.write(OutputStream.java:75)
	at org.apache.hadoop.ozone.client.rpc.TestMultiBlockWritesWithDnFailures.testMultiBlockWritesWithDnFailures(TestMultiBlockWritesWithDnFailures.java:123)
	at sun.reflect.NativeMethodAccessorImpl.invoke0(Native Method)
	at sun.reflect.NativeMethodAccessorImpl.invoke(NativeMethodAccessorImpl.java:62)
	at sun.reflect.DelegatingMethodAccessorImpl.invoke(DelegatingMethodAccessorImpl.java:43)
	at java.lang.reflect.Method.invoke(Method.java:498)
	at org.junit.runners.model.FrameworkMethod$1.runReflectiveCall(FrameworkMethod.java:47)
	at org.junit.internal.runners.model.ReflectiveCallable.run(ReflectiveCallable.java:12)
	at org.junit.runners.model.FrameworkMethod.invokeExplosively(FrameworkMethod.java:44)
	at org.junit.internal.runners.statements.InvokeMethod.evaluate(InvokeMethod.java:17)
	at org.junit.internal.runners.statements.RunAfters.evaluate(RunAfters.java:27)
	at org.junit.runners.ParentRunner.runLeaf(ParentRunner.java:271)
	at org.junit.runners.BlockJUnit4ClassRunner.runChild(BlockJUnit4ClassRunner.java:70)
	at org.junit.runners.BlockJUnit4ClassRunner.runChild(BlockJUnit4ClassRunner.java:50)
	at org.junit.runners.ParentRunner$3.run(ParentRunner.java:238)
	at org.junit.runners.ParentRunner$1.schedule(ParentRunner.java:63)
	at org.junit.runners.ParentRunner.runChildren(ParentRunner.java:236)
	at org.junit.runners.ParentRunner.access$000(ParentRunner.java:53)
	at org.junit.runners.ParentRunner$2.evaluate(ParentRunner.java:229)
	at org.junit.runners.ParentRunner.run(ParentRunner.java:309)
	at org.apache.maven.surefire.junit4.JUnit4Provider.execute(JUnit4Provider.java:365)
	at org.apache.maven.surefire.junit4.JUnit4Provider.executeWithRerun(JUnit4Provider.java:273)
	at org.apache.maven.surefire.junit4.JUnit4Provider.executeTestSet(JUnit4Provider.java:238)
	at org.apache.maven.surefire.junit4.JUnit4Provider.invoke(JUnit4Provider.java:159)
	at org.apache.maven.surefire.booter.ForkedBooter.invokeProviderInSameClassLoader(ForkedBooter.java:384)
	at org.apache.maven.surefire.booter.ForkedBooter.runSuitesInProcess(ForkedBooter.java:345)
	at org.apache.maven.surefire.booter.ForkedBooter.execute(ForkedBooter.java:126)
	at org.apache.maven.surefire.booter.ForkedBooter.main(ForkedBooter.java:418)
</error>
    <system-out><![CDATA[2019-11-17 11:08:55,259 [main] WARN  server.ServerUtils (ServerUtils.java:getScmDbDir(145)) - ozone.scm.db.dirs is not configured. We recommend adding this setting. Falling back to ozone.metadata.dirs instead.
2019-11-17 11:08:55,294 [main] WARN  server.ServerUtils (ServerUtils.java:getScmDbDir(145)) - ozone.scm.db.dirs is not configured. We recommend adding this setting. Falling back to ozone.metadata.dirs instead.
2019-11-17 11:08:55,294 [main] WARN  server.ServerUtils (ServerUtils.java:getScmDbDir(145)) - ozone.scm.db.dirs is not configured. We recommend adding this setting. Falling back to ozone.metadata.dirs instead.
2019-11-17 11:08:55,295 [main] INFO  db.DBStoreBuilder (DBStoreBuilder.java:addTable(127)) - using custom profile for table: deletedBlocks
2019-11-17 11:08:55,295 [main] INFO  db.DBStoreBuilder (DBStoreBuilder.java:processTables(183)) - Using default column profile:DBProfile.DISK for Table:deletedBlocks
2019-11-17 11:08:55,295 [main] INFO  db.DBStoreBuilder (DBStoreBuilder.java:addTable(127)) - using custom profile for table: validCerts
2019-11-17 11:08:55,296 [main] INFO  db.DBStoreBuilder (DBStoreBuilder.java:processTables(183)) - Using default column profile:DBProfile.DISK for Table:validCerts
2019-11-17 11:08:55,296 [main] INFO  db.DBStoreBuilder (DBStoreBuilder.java:addTable(127)) - using custom profile for table: revokedCerts
2019-11-17 11:08:55,296 [main] INFO  db.DBStoreBuilder (DBStoreBuilder.java:processTables(183)) - Using default column profile:DBProfile.DISK for Table:revokedCerts
2019-11-17 11:08:55,297 [main] INFO  db.DBStoreBuilder (DBStoreBuilder.java:addTable(127)) - using custom profile for table: default
2019-11-17 11:08:55,297 [main] INFO  db.DBStoreBuilder (DBStoreBuilder.java:processTables(189)) - Using default column profile:DBProfile.DISK for Table:default
2019-11-17 11:08:55,298 [main] INFO  db.DBStoreBuilder (DBStoreBuilder.java:getDbProfile(220)) - Using default options. DBProfile.DISK
2019-11-17 11:08:55,516 [main] INFO  net.NodeSchemaLoader (NodeSchemaLoader.java:loadSchemaFromFile(125)) - Loading file from sun.misc.CompoundEnumeration@705a8dbc
2019-11-17 11:08:55,517 [main] INFO  net.NodeSchemaLoader (NodeSchemaLoader.java:loadSchema(171)) - Loading network topology layer schema file
2019-11-17 11:08:55,526 [main] INFO  node.SCMNodeManager (SCMNodeManager.java:<init>(116)) - Entering startup safe mode.
2019-11-17 11:08:55,527 [main] INFO  algorithms.ContainerPlacementPolicyFactory (ContainerPlacementPolicyFactory.java:getPolicy(57)) - Create container placement policy of type org.apache.hadoop.hdds.scm.container.placement.algorithms.SCMContainerPlacementRandom
2019-11-17 11:08:55,527 [main] WARN  server.ServerUtils (ServerUtils.java:getScmDbDir(145)) - ozone.scm.db.dirs is not configured. We recommend adding this setting. Falling back to ozone.metadata.dirs instead.
2019-11-17 11:08:55,590 [main] INFO  pipeline.SCMPipelineManager (SCMPipelineManager.java:initializePipelineState(132)) - No pipeline exists in current db
2019-11-17 11:08:55,590 [main] WARN  server.ServerUtils (ServerUtils.java:getScmDbDir(145)) - ozone.scm.db.dirs is not configured. We recommend adding this setting. Falling back to ozone.metadata.dirs instead.
2019-11-17 11:08:55,680 [main] WARN  events.EventQueue (EventQueue.java:fireEvent(183)) - No event handler registered for event TypedEvent{payloadType=SafeModeStatus, name='SafeModeStatus'}
2019-11-17 11:08:55,682 [main] INFO  ipc.CallQueueManager (CallQueueManager.java:<init>(84)) - Using callQueue: class java.util.concurrent.LinkedBlockingQueue, queueCapacity: 2000, scheduler: class org.apache.hadoop.ipc.DefaultRpcScheduler, ipcBackoff: false.
2019-11-17 11:08:55,683 [Socket Reader #1 for port 45734] INFO  ipc.Server (Server.java:run(1074)) - Starting Socket Reader #1 for port 45734
2019-11-17 11:08:55,685 [main] INFO  ipc.CallQueueManager (CallQueueManager.java:<init>(84)) - Using callQueue: class java.util.concurrent.LinkedBlockingQueue, queueCapacity: 2000, scheduler: class org.apache.hadoop.ipc.DefaultRpcScheduler, ipcBackoff: false.
2019-11-17 11:08:55,686 [Socket Reader #1 for port 45350] INFO  ipc.Server (Server.java:run(1074)) - Starting Socket Reader #1 for port 45350
2019-11-17 11:08:55,688 [main] INFO  ipc.CallQueueManager (CallQueueManager.java:<init>(84)) - Using callQueue: class java.util.concurrent.LinkedBlockingQueue, queueCapacity: 2000, scheduler: class org.apache.hadoop.ipc.DefaultRpcScheduler, ipcBackoff: false.
2019-11-17 11:08:55,689 [Socket Reader #1 for port 36678] INFO  ipc.Server (Server.java:run(1074)) - Starting Socket Reader #1 for port 36678
2019-11-17 11:08:55,691 [main] INFO  hdfs.DFSUtil (DFSUtil.java:httpServerTemplateForNNAndJN(1641)) - Starting Web-server for scm at: http://0.0.0.0:0
2019-11-17 11:08:55,693 [main] INFO  server.AuthenticationFilter (AuthenticationFilter.java:constructSecretProvider(240)) - Unable to initialize FileSignerSecretProvider, falling back to use random secrets.
2019-11-17 11:08:55,694 [main] WARN  http.HttpRequestLog (HttpRequestLog.java:getRequestLog(97)) - Jetty request log can only be enabled using Log4j
2019-11-17 11:08:55,696 [main] INFO  http.HttpServer2 (HttpServer2.java:addGlobalFilter(975)) - Added global filter 'safety' (class=org.apache.hadoop.http.HttpServer2$QuotingInputFilter)
2019-11-17 11:08:55,697 [main] INFO  http.HttpServer2 (HttpServer2.java:addFilter(948)) - Added filter static_user_filter (class=org.apache.hadoop.http.lib.StaticUserWebFilter$StaticUserFilter) to context scm
2019-11-17 11:08:55,697 [main] INFO  http.HttpServer2 (HttpServer2.java:addFilter(958)) - Added filter static_user_filter (class=org.apache.hadoop.http.lib.StaticUserWebFilter$StaticUserFilter) to context static
2019-11-17 11:08:55,698 [main] INFO  http.HttpServer2 (HttpServer2.java:addFilter(958)) - Added filter static_user_filter (class=org.apache.hadoop.http.lib.StaticUserWebFilter$StaticUserFilter) to context logs
2019-11-17 11:08:55,700 [main] INFO  server.StorageContainerManager (StorageContainerManager.java:start(766)) - StorageContainerLocationProtocol RPC server is listening at /0.0.0.0:36678
2019-11-17 11:08:55,703 [main] WARN  impl.MetricsConfig (MetricsConfig.java:loadFirst(134)) - Cannot locate configuration: tried hadoop-metrics2-storagecontainermanager.properties,hadoop-metrics2.properties
2019-11-17 11:08:55,704 [main] INFO  impl.MetricsSystemImpl (MetricsSystemImpl.java:startTimer(374)) - Scheduled Metric snapshot period at 10 second(s).
2019-11-17 11:08:55,705 [main] INFO  impl.MetricsSystemImpl (MetricsSystemImpl.java:start(191)) - StorageContainerManager metrics system started
2019-11-17 11:08:55,742 [main] WARN  impl.MetricsSystemImpl (MetricsSystemImpl.java:register(276)) - Sink prometheus already exists!
2019-11-17 11:08:55,748 [main] INFO  server.SCMClientProtocolServer (SCMClientProtocolServer.java:start(160)) - RPC server for Client  is listening at /0.0.0.0:36678
2019-11-17 11:08:55,748 [IPC Server Responder] INFO  ipc.Server (Server.java:run(1314)) - IPC Server Responder: starting
2019-11-17 11:08:55,748 [IPC Server listener on 36678] INFO  ipc.Server (Server.java:run(1153)) - IPC Server listener on 36678: starting
2019-11-17 11:08:55,751 [main] INFO  server.StorageContainerManager (StorageContainerManager.java:start(776)) - ScmBlockLocationProtocol RPC server is listening at /0.0.0.0:45350
2019-11-17 11:08:55,751 [main] INFO  server.SCMBlockProtocolServer (SCMBlockProtocolServer.java:start(146)) - RPC server for Block Protocol is listening at /0.0.0.0:45350
2019-11-17 11:08:55,752 [IPC Server Responder] INFO  ipc.Server (Server.java:run(1314)) - IPC Server Responder: starting
2019-11-17 11:08:55,752 [IPC Server listener on 45350] INFO  ipc.Server (Server.java:run(1153)) - IPC Server listener on 45350: starting
2019-11-17 11:08:55,755 [main] INFO  server.StorageContainerManager (StorageContainerManager.java:start(780)) - ScmDatanodeProtocl RPC server is listening at /0.0.0.0:45734
2019-11-17 11:08:55,755 [main] INFO  server.SCMDatanodeProtocolServer (SCMDatanodeProtocolServer.java:start(169)) - RPC server for DataNodes is listening at /0.0.0.0:45734
2019-11-17 11:08:55,755 [IPC Server Responder] INFO  ipc.Server (Server.java:run(1314)) - IPC Server Responder: starting
2019-11-17 11:08:55,755 [IPC Server listener on 45734] INFO  ipc.Server (Server.java:run(1153)) - IPC Server listener on 45734: starting
2019-11-17 11:08:55,758 [main] INFO  http.HttpServer2 (HttpServer2.java:bindListener(1191)) - Jetty bound to port 35144
2019-11-17 11:08:55,759 [main] INFO  server.Server (Server.java:doStart(351)) - jetty-9.3.25.v20180904, build timestamp: 2018-09-04T21:11:46Z, git hash: 3ce520221d0240229c862b122d2b06c12a625732
2019-11-17 11:08:55,761 [main] INFO  handler.ContextHandler (ContextHandler.java:doStart(781)) - Started o.e.j.s.ServletContextHandler@345d053b{/logs,file:///workdir/hadoop-ozone/integration-test/target/log,AVAILABLE}
2019-11-17 11:08:55,761 [main] INFO  handler.ContextHandler (ContextHandler.java:doStart(781)) - Started o.e.j.s.ServletContextHandler@3e8b3b79{/static,file:///workdir/hadoop-ozone/integration-test/target/test-classes/webapps/static,AVAILABLE}
2019-11-17 11:08:55,765 [main] INFO  handler.ContextHandler (ContextHandler.java:doStart(781)) - Started o.e.j.w.WebAppContext@267cde2e{/,file:///workdir/hadoop-ozone/integration-test/target/test-classes/webapps/scm/,AVAILABLE}{/scm}
2019-11-17 11:08:55,765 [main] INFO  server.AbstractConnector (AbstractConnector.java:doStart(278)) - Started ServerConnector@609e57da{HTTP/1.1,[http/1.1]}{0.0.0.0:35144}
2019-11-17 11:08:55,766 [main] INFO  server.Server (Server.java:doStart(419)) - Started @101629ms
2019-11-17 11:08:55,766 [main] WARN  impl.MetricsSystemImpl (MetricsSystemImpl.java:register(276)) - Sink prometheus already exists!
2019-11-17 11:08:55,767 [main] INFO  server.BaseHttpServer (BaseHttpServer.java:updateConnectorAddress(215)) - HTTP server of SCM is listening at http://0.0.0.0:35144
2019-11-17 11:08:55,768 [main] WARN  server.ServerUtils (ServerUtils.java:getDBPath(222)) - ozone.om.db.dirs is not configured. We recommend adding this setting. Falling back to ozone.metadata.dirs instead.
2019-11-17 11:08:55,768 [org.apache.hadoop.util.JvmPauseMonitor$Monitor@4d634127] INFO  util.JvmPauseMonitor (JvmPauseMonitor.java:run(188)) - Starting JVM pause monitor
2019-11-17 11:08:55,781 [main] INFO  ha.OMHANodeDetails (OMHANodeDetails.java:loadOMHAConfig(190)) - Configuration either no ozone.om.address set. Falling back to the default OM address /127.0.0.1:0
2019-11-17 11:08:55,781 [main] INFO  ha.OMHANodeDetails (OMHANodeDetails.java:getOMNodeDetails(220)) - OM Service ID is not set. Setting it to the default ID: omServiceIdDefault
2019-11-17 11:08:55,781 [main] WARN  server.ServerUtils (ServerUtils.java:getDBPath(222)) - ozone.om.db.dirs is not configured. We recommend adding this setting. Falling back to ozone.metadata.dirs instead.
2019-11-17 11:08:55,782 [main] WARN  server.ServerUtils (ServerUtils.java:getDBPath(222)) - ozone.om.db.dirs is not configured. We recommend adding this setting. Falling back to ozone.metadata.dirs instead.
2019-11-17 11:08:55,788 [main] WARN  server.ServerUtils (ServerUtils.java:getDBPath(222)) - ozone.om.db.dirs is not configured. We recommend adding this setting. Falling back to ozone.metadata.dirs instead.
2019-11-17 11:08:55,788 [main] INFO  db.DBStoreBuilder (DBStoreBuilder.java:addTable(127)) - using custom profile for table: userTable
2019-11-17 11:08:55,788 [main] INFO  db.DBStoreBuilder (DBStoreBuilder.java:processTables(183)) - Using default column profile:DBProfile.DISK for Table:userTable
2019-11-17 11:08:55,788 [main] INFO  db.DBStoreBuilder (DBStoreBuilder.java:addTable(127)) - using custom profile for table: volumeTable
2019-11-17 11:08:55,789 [main] INFO  db.DBStoreBuilder (DBStoreBuilder.java:processTables(183)) - Using default column profile:DBProfile.DISK for Table:volumeTable
2019-11-17 11:08:55,789 [main] INFO  db.DBStoreBuilder (DBStoreBuilder.java:addTable(127)) - using custom profile for table: bucketTable
2019-11-17 11:08:55,789 [main] INFO  db.DBStoreBuilder (DBStoreBuilder.java:processTables(183)) - Using default column profile:DBProfile.DISK for Table:bucketTable
2019-11-17 11:08:55,789 [main] INFO  db.DBStoreBuilder (DBStoreBuilder.java:addTable(127)) - using custom profile for table: keyTable
2019-11-17 11:08:55,789 [main] INFO  db.DBStoreBuilder (DBStoreBuilder.java:processTables(183)) - Using default column profile:DBProfile.DISK for Table:keyTable
2019-11-17 11:08:55,789 [main] INFO  db.DBStoreBuilder (DBStoreBuilder.java:addTable(127)) - using custom profile for table: deletedTable
2019-11-17 11:08:55,790 [main] INFO  db.DBStoreBuilder (DBStoreBuilder.java:processTables(183)) - Using default column profile:DBProfile.DISK for Table:deletedTable
2019-11-17 11:08:55,790 [main] INFO  db.DBStoreBuilder (DBStoreBuilder.java:addTable(127)) - using custom profile for table: openKeyTable
2019-11-17 11:08:55,790 [main] INFO  db.DBStoreBuilder (DBStoreBuilder.java:processTables(183)) - Using default column profile:DBProfile.DISK for Table:openKeyTable
2019-11-17 11:08:55,790 [main] INFO  db.DBStoreBuilder (DBStoreBuilder.java:addTable(127)) - using custom profile for table: s3Table
2019-11-17 11:08:55,790 [main] INFO  db.DBStoreBuilder (DBStoreBuilder.java:processTables(183)) - Using default column profile:DBProfile.DISK for Table:s3Table
2019-11-17 11:08:55,790 [main] INFO  db.DBStoreBuilder (DBStoreBuilder.java:addTable(127)) - using custom profile for table: multipartInfoTable
2019-11-17 11:08:55,791 [main] INFO  db.DBStoreBuilder (DBStoreBuilder.java:processTables(183)) - Using default column profile:DBProfile.DISK for Table:multipartInfoTable
2019-11-17 11:08:55,791 [main] INFO  db.DBStoreBuilder (DBStoreBuilder.java:addTable(127)) - using custom profile for table: dTokenTable
2019-11-17 11:08:55,791 [main] INFO  db.DBStoreBuilder (DBStoreBuilder.java:processTables(183)) - Using default column profile:DBProfile.DISK for Table:dTokenTable
2019-11-17 11:08:55,791 [main] INFO  db.DBStoreBuilder (DBStoreBuilder.java:addTable(127)) - using custom profile for table: s3SecretTable
2019-11-17 11:08:55,791 [main] INFO  db.DBStoreBuilder (DBStoreBuilder.java:processTables(183)) - Using default column profile:DBProfile.DISK for Table:s3SecretTable
2019-11-17 11:08:55,791 [main] INFO  db.DBStoreBuilder (DBStoreBuilder.java:addTable(127)) - using custom profile for table: prefixTable
2019-11-17 11:08:55,792 [main] INFO  db.DBStoreBuilder (DBStoreBuilder.java:processTables(183)) - Using default column profile:DBProfile.DISK for Table:prefixTable
2019-11-17 11:08:55,792 [main] INFO  db.DBStoreBuilder (DBStoreBuilder.java:addTable(127)) - using custom profile for table: default
2019-11-17 11:08:55,792 [main] INFO  db.DBStoreBuilder (DBStoreBuilder.java:processTables(189)) - Using default column profile:DBProfile.DISK for Table:default
2019-11-17 11:08:55,792 [main] INFO  db.DBStoreBuilder (DBStoreBuilder.java:getDbProfile(220)) - Using default options. DBProfile.DISK
2019-11-17 11:08:56,357 [main] INFO  ipc.CallQueueManager (CallQueueManager.java:<init>(84)) - Using callQueue: class java.util.concurrent.LinkedBlockingQueue, queueCapacity: 2000, scheduler: class org.apache.hadoop.ipc.DefaultRpcScheduler, ipcBackoff: false.
2019-11-17 11:08:56,358 [Socket Reader #1 for port 34171] INFO  ipc.Server (Server.java:run(1074)) - Starting Socket Reader #1 for port 34171
2019-11-17 11:08:56,377 [main] INFO  om.OzoneManager (OzoneManager.java:start(1077)) - OzoneManager RPC server is listening at localhost/127.0.0.1:34171
2019-11-17 11:08:56,378 [main] INFO  impl.MetricsSystemImpl (MetricsSystemImpl.java:init(158)) - OzoneManager metrics system started (again)
2019-11-17 11:08:56,379 [IPC Server Responder] INFO  ipc.Server (Server.java:run(1314)) - IPC Server Responder: starting
2019-11-17 11:08:56,380 [IPC Server listener on 34171] INFO  ipc.Server (Server.java:run(1153)) - IPC Server listener on 34171: starting
2019-11-17 11:08:56,385 [main] INFO  hdfs.DFSUtil (DFSUtil.java:httpServerTemplateForNNAndJN(1641)) - Starting Web-server for ozoneManager at: http://0.0.0.0:0
2019-11-17 11:08:56,386 [main] INFO  server.AuthenticationFilter (AuthenticationFilter.java:constructSecretProvider(240)) - Unable to initialize FileSignerSecretProvider, falling back to use random secrets.
2019-11-17 11:08:56,387 [main] WARN  http.HttpRequestLog (HttpRequestLog.java:getRequestLog(97)) - Jetty request log can only be enabled using Log4j
2019-11-17 11:08:56,389 [main] INFO  http.HttpServer2 (HttpServer2.java:addGlobalFilter(975)) - Added global filter 'safety' (class=org.apache.hadoop.http.HttpServer2$QuotingInputFilter)
2019-11-17 11:08:56,390 [main] INFO  http.HttpServer2 (HttpServer2.java:addFilter(948)) - Added filter static_user_filter (class=org.apache.hadoop.http.lib.StaticUserWebFilter$StaticUserFilter) to context ozoneManager
2019-11-17 11:08:56,390 [main] INFO  http.HttpServer2 (HttpServer2.java:addFilter(958)) - Added filter static_user_filter (class=org.apache.hadoop.http.lib.StaticUserWebFilter$StaticUserFilter) to context static
2019-11-17 11:08:56,390 [main] INFO  http.HttpServer2 (HttpServer2.java:addFilter(958)) - Added filter static_user_filter (class=org.apache.hadoop.http.lib.StaticUserWebFilter$StaticUserFilter) to context logs
2019-11-17 11:08:56,391 [main] INFO  http.HttpServer2 (HttpServer2.java:bindListener(1191)) - Jetty bound to port 34736
2019-11-17 11:08:56,391 [main] INFO  server.Server (Server.java:doStart(351)) - jetty-9.3.25.v20180904, build timestamp: 2018-09-04T21:11:46Z, git hash: 3ce520221d0240229c862b122d2b06c12a625732
2019-11-17 11:08:56,393 [main] INFO  handler.ContextHandler (ContextHandler.java:doStart(781)) - Started o.e.j.s.ServletContextHandler@1e692555{/logs,file:///workdir/hadoop-ozone/integration-test/target/log,AVAILABLE}
2019-11-17 11:08:56,394 [main] INFO  handler.ContextHandler (ContextHandler.java:doStart(781)) - Started o.e.j.s.ServletContextHandler@76fe6cdc{/static,file:///workdir/hadoop-ozone/integration-test/target/test-classes/webapps/static,AVAILABLE}
2019-11-17 11:08:56,399 [main] INFO  handler.ContextHandler (ContextHandler.java:doStart(781)) - Started o.e.j.w.WebAppContext@2577a95d{/,file:///workdir/hadoop-ozone/integration-test/target/test-classes/webapps/ozoneManager/,AVAILABLE}{/ozoneManager}
2019-11-17 11:08:56,399 [main] INFO  server.AbstractConnector (AbstractConnector.java:doStart(278)) - Started ServerConnector@1668919e{HTTP/1.1,[http/1.1]}{0.0.0.0:34736}
2019-11-17 11:08:56,400 [main] INFO  server.Server (Server.java:doStart(419)) - Started @102263ms
2019-11-17 11:08:56,400 [main] WARN  impl.MetricsSystemImpl (MetricsSystemImpl.java:register(276)) - Sink prometheus already exists!
2019-11-17 11:08:56,401 [main] INFO  server.BaseHttpServer (BaseHttpServer.java:updateConnectorAddress(215)) - HTTP server of OZONEMANAGER is listening at http://0.0.0.0:34736
2019-11-17 11:08:56,420 [main] INFO  impl.MetricsSystemImpl (MetricsSystemImpl.java:init(158)) - HddsDatanode metrics system started (again)
2019-11-17 11:08:56,422 [main] INFO  ozone.HddsDatanodeService (HddsDatanodeService.java:start(186)) - HddsDatanodeService host:pr-hdds-2291-5997d-4279494527 ip:192.168.34.35
2019-11-17 11:08:56,429 [main] INFO  volume.HddsVolume (HddsVolume.java:<init>(176)) - Creating Volume: /workdir/hadoop-ozone/integration-test/target/test-dir/MiniOzoneClusterImpl-184704d8-2d26-4abc-9155-7ef0d3d35dfc/datanode-0/data/containers/hdds of  storage type : DISK and capacity : 1482555576320
2019-11-17 11:08:56,429 [main] INFO  volume.VolumeSet (VolumeSet.java:initializeVolumeSet(170)) - Added Volume : /workdir/hadoop-ozone/integration-test/target/test-dir/MiniOzoneClusterImpl-184704d8-2d26-4abc-9155-7ef0d3d35dfc/datanode-0/data/containers/hdds to VolumeSet
2019-11-17 11:08:56,430 [main] INFO  volume.ThrottledAsyncChecker (ThrottledAsyncChecker.java:schedule(141)) - Scheduling a check for /workdir/hadoop-ozone/integration-test/target/test-dir/MiniOzoneClusterImpl-184704d8-2d26-4abc-9155-7ef0d3d35dfc/datanode-0/data/containers/hdds
2019-11-17 11:08:56,431 [main] INFO  volume.HddsVolumeChecker (HddsVolumeChecker.java:checkAllVolumes(204)) - Scheduled health check for volume /workdir/hadoop-ozone/integration-test/target/test-dir/MiniOzoneClusterImpl-184704d8-2d26-4abc-9155-7ef0d3d35dfc/datanode-0/data/containers/hdds
2019-11-17 11:08:56,447 [main] INFO  impl.RaftServerProxy (ConfUtils.java:logGet(43)) - raft.rpc.type = GRPC (default)
2019-11-17 11:08:56,447 [main] INFO  grpc.GrpcFactory (GrpcFactory.java:checkPooledByteBufAllocatorUseCacheForAllThreads(45)) - PERFORMANCE WARNING: useCacheForAllThreads is true that may cause Netty to create a lot garbage objects and, as a result, trigger GC.
	It is recommended to disable useCacheForAllThreads by setting -Dorg.apache.ratis.thirdparty.io.netty.allocator.useCacheForAllThreads=false in command line.
2019-11-17 11:08:56,447 [main] INFO  grpc.GrpcConfigKeys$Server (ConfUtils.java:logGet(43)) - raft.grpc.server.port = 0 (default)
2019-11-17 11:08:56,447 [main] INFO  server.GrpcService (ConfUtils.java:logGet(43)) - raft.grpc.message.size.max = 33570816 (custom)
2019-11-17 11:08:56,448 [main] INFO  server.RaftServerConfigKeys (ConfUtils.java:logGet(43)) - raft.server.log.appender.buffer.byte-limit = 33554432 (custom)
2019-11-17 11:08:56,448 [main] INFO  server.GrpcService (ConfUtils.java:logGet(43)) - raft.grpc.flow.control.window = 1MB (=1048576) (default)
2019-11-17 11:08:56,448 [main] INFO  server.RaftServerConfigKeys (ConfUtils.java:logGet(43)) - raft.server.rpc.request.timeout = 3000ms (default)
2019-11-17 11:08:56,449 [main] INFO  server.RaftServerConfigKeys (ConfUtils.java:logGet(43)) - raft.server.storage.dir = [/workdir/hadoop-ozone/integration-test/target/test-dir/MiniOzoneClusterImpl-184704d8-2d26-4abc-9155-7ef0d3d35dfc/datanode-0/data/ratis] (custom)
2019-11-17 11:08:56,451 [main] INFO  hdfs.DFSUtil (DFSUtil.java:httpServerTemplateForNNAndJN(1641)) - Starting Web-server for hddsDatanode at: http://0.0.0.0:0
2019-11-17 11:08:56,452 [main] INFO  server.AuthenticationFilter (AuthenticationFilter.java:constructSecretProvider(240)) - Unable to initialize FileSignerSecretProvider, falling back to use random secrets.
2019-11-17 11:08:56,453 [main] WARN  http.HttpRequestLog (HttpRequestLog.java:getRequestLog(97)) - Jetty request log can only be enabled using Log4j
2019-11-17 11:08:56,454 [main] INFO  http.HttpServer2 (HttpServer2.java:addGlobalFilter(975)) - Added global filter 'safety' (class=org.apache.hadoop.http.HttpServer2$QuotingInputFilter)
2019-11-17 11:08:56,455 [main] INFO  http.HttpServer2 (HttpServer2.java:addFilter(948)) - Added filter static_user_filter (class=org.apache.hadoop.http.lib.StaticUserWebFilter$StaticUserFilter) to context hddsDatanode
2019-11-17 11:08:56,455 [main] INFO  http.HttpServer2 (HttpServer2.java:addFilter(958)) - Added filter static_user_filter (class=org.apache.hadoop.http.lib.StaticUserWebFilter$StaticUserFilter) to context static
2019-11-17 11:08:56,455 [main] INFO  http.HttpServer2 (HttpServer2.java:addFilter(958)) - Added filter static_user_filter (class=org.apache.hadoop.http.lib.StaticUserWebFilter$StaticUserFilter) to context logs
2019-11-17 11:08:56,456 [main] INFO  http.HttpServer2 (HttpServer2.java:bindListener(1191)) - Jetty bound to port 37436
2019-11-17 11:08:56,456 [main] INFO  server.Server (Server.java:doStart(351)) - jetty-9.3.25.v20180904, build timestamp: 2018-09-04T21:11:46Z, git hash: 3ce520221d0240229c862b122d2b06c12a625732
2019-11-17 11:08:56,457 [main] INFO  handler.ContextHandler (ContextHandler.java:doStart(781)) - Started o.e.j.s.ServletContextHandler@748ac6f3{/logs,file:///workdir/hadoop-ozone/integration-test/target/log,AVAILABLE}
2019-11-17 11:08:56,458 [main] INFO  handler.ContextHandler (ContextHandler.java:doStart(781)) - Started o.e.j.s.ServletContextHandler@6fff46bf{/static,jar:file:/home/user/.m2/repository/org/apache/hadoop/hadoop-hdds-container-service/0.5.0-SNAPSHOT/hadoop-hdds-container-service-0.5.0-SNAPSHOT.jar!/webapps/static,AVAILABLE}
2019-11-17 11:08:56,492 [main] INFO  handler.ContextHandler (ContextHandler.java:doStart(781)) - Started o.e.j.w.WebAppContext@1bf14704{/,file:///tmp/jetty-0.0.0.0-37436-hddsDatanode-_-any-7342133047441203155.dir/webapp/,AVAILABLE}{/hddsDatanode}
2019-11-17 11:08:56,492 [main] INFO  server.AbstractConnector (AbstractConnector.java:doStart(278)) - Started ServerConnector@5a545b0f{HTTP/1.1,[http/1.1]}{0.0.0.0:37436}
2019-11-17 11:08:56,493 [main] INFO  server.Server (Server.java:doStart(419)) - Started @102356ms
2019-11-17 11:08:56,493 [main] WARN  impl.MetricsSystemImpl (MetricsSystemImpl.java:register(276)) - Sink prometheus already exists!
2019-11-17 11:08:56,494 [main] INFO  server.BaseHttpServer (BaseHttpServer.java:updateConnectorAddress(215)) - HTTP server of HDDSDATANODE is listening at http://0.0.0.0:37436
2019-11-17 11:08:56,494 [main] INFO  impl.MetricsSystemImpl (MetricsSystemImpl.java:init(158)) - HddsDatanode metrics system started (again)
2019-11-17 11:08:56,496 [main] INFO  ozone.HddsDatanodeService (HddsDatanodeService.java:start(186)) - HddsDatanodeService host:pr-hdds-2291-5997d-4279494527 ip:192.168.34.35
2019-11-17 11:08:56,497 [org.apache.hadoop.util.JvmPauseMonitor$Monitor@28ecd9f5] INFO  util.JvmPauseMonitor (JvmPauseMonitor.java:run(188)) - Starting JVM pause monitor
2019-11-17 11:08:56,499 [Datanode State Machine Thread - 0] INFO  datanode.InitDatanodeState (InitDatanodeState.java:persistContainerDatanodeDetails(140)) - DatanodeDetails is persisted to /workdir/hadoop-ozone/integration-test/target/test-dir/MiniOzoneClusterImpl-184704d8-2d26-4abc-9155-7ef0d3d35dfc/datanode-0/meta/datanode.id
2019-11-17 11:08:56,504 [main] INFO  volume.HddsVolume (HddsVolume.java:<init>(176)) - Creating Volume: /workdir/hadoop-ozone/integration-test/target/test-dir/MiniOzoneClusterImpl-184704d8-2d26-4abc-9155-7ef0d3d35dfc/datanode-1/data/containers/hdds of  storage type : DISK and capacity : 1482555576320
2019-11-17 11:08:56,504 [main] INFO  volume.VolumeSet (VolumeSet.java:initializeVolumeSet(170)) - Added Volume : /workdir/hadoop-ozone/integration-test/target/test-dir/MiniOzoneClusterImpl-184704d8-2d26-4abc-9155-7ef0d3d35dfc/datanode-1/data/containers/hdds to VolumeSet
2019-11-17 11:08:56,504 [main] INFO  volume.ThrottledAsyncChecker (ThrottledAsyncChecker.java:schedule(141)) - Scheduling a check for /workdir/hadoop-ozone/integration-test/target/test-dir/MiniOzoneClusterImpl-184704d8-2d26-4abc-9155-7ef0d3d35dfc/datanode-1/data/containers/hdds
2019-11-17 11:08:56,505 [main] INFO  volume.HddsVolumeChecker (HddsVolumeChecker.java:checkAllVolumes(204)) - Scheduled health check for volume /workdir/hadoop-ozone/integration-test/target/test-dir/MiniOzoneClusterImpl-184704d8-2d26-4abc-9155-7ef0d3d35dfc/datanode-1/data/containers/hdds
2019-11-17 11:08:56,517 [main] INFO  impl.RaftServerProxy (ConfUtils.java:logGet(43)) - raft.rpc.type = GRPC (default)
2019-11-17 11:08:56,517 [main] INFO  grpc.GrpcFactory (GrpcFactory.java:checkPooledByteBufAllocatorUseCacheForAllThreads(45)) - PERFORMANCE WARNING: useCacheForAllThreads is true that may cause Netty to create a lot garbage objects and, as a result, trigger GC.
	It is recommended to disable useCacheForAllThreads by setting -Dorg.apache.ratis.thirdparty.io.netty.allocator.useCacheForAllThreads=false in command line.
2019-11-17 11:08:56,517 [main] INFO  grpc.GrpcConfigKeys$Server (ConfUtils.java:logGet(43)) - raft.grpc.server.port = 0 (default)
2019-11-17 11:08:56,517 [main] INFO  server.GrpcService (ConfUtils.java:logGet(43)) - raft.grpc.message.size.max = 33570816 (custom)
2019-11-17 11:08:56,518 [main] INFO  server.RaftServerConfigKeys (ConfUtils.java:logGet(43)) - raft.server.log.appender.buffer.byte-limit = 33554432 (custom)
2019-11-17 11:08:56,518 [main] INFO  server.GrpcService (ConfUtils.java:logGet(43)) - raft.grpc.flow.control.window = 1MB (=1048576) (default)
2019-11-17 11:08:56,518 [main] INFO  server.RaftServerConfigKeys (ConfUtils.java:logGet(43)) - raft.server.rpc.request.timeout = 3000ms (default)
2019-11-17 11:08:56,518 [main] INFO  server.RaftServerConfigKeys (ConfUtils.java:logGet(43)) - raft.server.storage.dir = [/workdir/hadoop-ozone/integration-test/target/test-dir/MiniOzoneClusterImpl-184704d8-2d26-4abc-9155-7ef0d3d35dfc/datanode-1/data/ratis] (custom)
2019-11-17 11:08:56,519 [main] INFO  hdfs.DFSUtil (DFSUtil.java:httpServerTemplateForNNAndJN(1641)) - Starting Web-server for hddsDatanode at: http://0.0.0.0:0
2019-11-17 11:08:56,521 [main] INFO  server.AuthenticationFilter (AuthenticationFilter.java:constructSecretProvider(240)) - Unable to initialize FileSignerSecretProvider, falling back to use random secrets.
2019-11-17 11:08:56,521 [main] WARN  http.HttpRequestLog (HttpRequestLog.java:getRequestLog(97)) - Jetty request log can only be enabled using Log4j
2019-11-17 11:08:56,522 [main] INFO  http.HttpServer2 (HttpServer2.java:addGlobalFilter(975)) - Added global filter 'safety' (class=org.apache.hadoop.http.HttpServer2$QuotingInputFilter)
2019-11-17 11:08:56,523 [main] INFO  http.HttpServer2 (HttpServer2.java:addFilter(948)) - Added filter static_user_filter (class=org.apache.hadoop.http.lib.StaticUserWebFilter$StaticUserFilter) to context hddsDatanode
2019-11-17 11:08:56,523 [main] INFO  http.HttpServer2 (HttpServer2.java:addFilter(958)) - Added filter static_user_filter (class=org.apache.hadoop.http.lib.StaticUserWebFilter$StaticUserFilter) to context logs
2019-11-17 11:08:56,523 [main] INFO  http.HttpServer2 (HttpServer2.java:addFilter(958)) - Added filter static_user_filter (class=org.apache.hadoop.http.lib.StaticUserWebFilter$StaticUserFilter) to context static
2019-11-17 11:08:56,524 [main] INFO  http.HttpServer2 (HttpServer2.java:bindListener(1191)) - Jetty bound to port 38493
2019-11-17 11:08:56,524 [main] INFO  server.Server (Server.java:doStart(351)) - jetty-9.3.25.v20180904, build timestamp: 2018-09-04T21:11:46Z, git hash: 3ce520221d0240229c862b122d2b06c12a625732
2019-11-17 11:08:56,526 [main] INFO  handler.ContextHandler (ContextHandler.java:doStart(781)) - Started o.e.j.s.ServletContextHandler@3b55dd15{/logs,file:///workdir/hadoop-ozone/integration-test/target/log,AVAILABLE}
2019-11-17 11:08:56,527 [main] INFO  handler.ContextHandler (ContextHandler.java:doStart(781)) - Started o.e.j.s.ServletContextHandler@3ba3d4b6{/static,jar:file:/home/user/.m2/repository/org/apache/hadoop/hadoop-hdds-container-service/0.5.0-SNAPSHOT/hadoop-hdds-container-service-0.5.0-SNAPSHOT.jar!/webapps/static,AVAILABLE}
2019-11-17 11:08:56,557 [main] INFO  handler.ContextHandler (ContextHandler.java:doStart(781)) - Started o.e.j.w.WebAppContext@4cad79bc{/,file:///tmp/jetty-0.0.0.0-38493-hddsDatanode-_-any-6970690770643475670.dir/webapp/,AVAILABLE}{/hddsDatanode}
2019-11-17 11:08:56,557 [main] INFO  server.AbstractConnector (AbstractConnector.java:doStart(278)) - Started ServerConnector@2c63762b{HTTP/1.1,[http/1.1]}{0.0.0.0:38493}
2019-11-17 11:08:56,558 [main] INFO  server.Server (Server.java:doStart(419)) - Started @102421ms
2019-11-17 11:08:56,558 [main] WARN  impl.MetricsSystemImpl (MetricsSystemImpl.java:register(276)) - Sink prometheus already exists!
2019-11-17 11:08:56,559 [main] INFO  server.BaseHttpServer (BaseHttpServer.java:updateConnectorAddress(215)) - HTTP server of HDDSDATANODE is listening at http://0.0.0.0:38493
2019-11-17 11:08:56,559 [main] INFO  impl.MetricsSystemImpl (MetricsSystemImpl.java:init(158)) - HddsDatanode metrics system started (again)
2019-11-17 11:08:56,561 [main] INFO  ozone.HddsDatanodeService (HddsDatanodeService.java:start(186)) - HddsDatanodeService host:pr-hdds-2291-5997d-4279494527 ip:192.168.34.35
2019-11-17 11:08:56,562 [org.apache.hadoop.util.JvmPauseMonitor$Monitor@7669769a] INFO  util.JvmPauseMonitor (JvmPauseMonitor.java:run(188)) - Starting JVM pause monitor
2019-11-17 11:08:56,564 [Datanode State Machine Thread - 0] INFO  datanode.InitDatanodeState (InitDatanodeState.java:persistContainerDatanodeDetails(140)) - DatanodeDetails is persisted to /workdir/hadoop-ozone/integration-test/target/test-dir/MiniOzoneClusterImpl-184704d8-2d26-4abc-9155-7ef0d3d35dfc/datanode-1/meta/datanode.id
2019-11-17 11:08:56,568 [main] INFO  volume.HddsVolume (HddsVolume.java:<init>(176)) - Creating Volume: /workdir/hadoop-ozone/integration-test/target/test-dir/MiniOzoneClusterImpl-184704d8-2d26-4abc-9155-7ef0d3d35dfc/datanode-2/data/containers/hdds of  storage type : DISK and capacity : 1482555576320
2019-11-17 11:08:56,569 [main] INFO  volume.VolumeSet (VolumeSet.java:initializeVolumeSet(170)) - Added Volume : /workdir/hadoop-ozone/integration-test/target/test-dir/MiniOzoneClusterImpl-184704d8-2d26-4abc-9155-7ef0d3d35dfc/datanode-2/data/containers/hdds to VolumeSet
2019-11-17 11:08:56,569 [main] INFO  volume.ThrottledAsyncChecker (ThrottledAsyncChecker.java:schedule(141)) - Scheduling a check for /workdir/hadoop-ozone/integration-test/target/test-dir/MiniOzoneClusterImpl-184704d8-2d26-4abc-9155-7ef0d3d35dfc/datanode-2/data/containers/hdds
2019-11-17 11:08:56,569 [main] INFO  volume.HddsVolumeChecker (HddsVolumeChecker.java:checkAllVolumes(204)) - Scheduled health check for volume /workdir/hadoop-ozone/integration-test/target/test-dir/MiniOzoneClusterImpl-184704d8-2d26-4abc-9155-7ef0d3d35dfc/datanode-2/data/containers/hdds
2019-11-17 11:08:56,581 [main] INFO  impl.RaftServerProxy (ConfUtils.java:logGet(43)) - raft.rpc.type = GRPC (default)
2019-11-17 11:08:56,581 [main] INFO  grpc.GrpcFactory (GrpcFactory.java:checkPooledByteBufAllocatorUseCacheForAllThreads(45)) - PERFORMANCE WARNING: useCacheForAllThreads is true that may cause Netty to create a lot garbage objects and, as a result, trigger GC.
	It is recommended to disable useCacheForAllThreads by setting -Dorg.apache.ratis.thirdparty.io.netty.allocator.useCacheForAllThreads=false in command line.
2019-11-17 11:08:56,581 [main] INFO  grpc.GrpcConfigKeys$Server (ConfUtils.java:logGet(43)) - raft.grpc.server.port = 0 (default)
2019-11-17 11:08:56,582 [main] INFO  server.GrpcService (ConfUtils.java:logGet(43)) - raft.grpc.message.size.max = 33570816 (custom)
2019-11-17 11:08:56,582 [main] INFO  server.RaftServerConfigKeys (ConfUtils.java:logGet(43)) - raft.server.log.appender.buffer.byte-limit = 33554432 (custom)
2019-11-17 11:08:56,582 [main] INFO  server.GrpcService (ConfUtils.java:logGet(43)) - raft.grpc.flow.control.window = 1MB (=1048576) (default)
2019-11-17 11:08:56,582 [main] INFO  server.RaftServerConfigKeys (ConfUtils.java:logGet(43)) - raft.server.rpc.request.timeout = 3000ms (default)
2019-11-17 11:08:56,582 [main] INFO  server.RaftServerConfigKeys (ConfUtils.java:logGet(43)) - raft.server.storage.dir = [/workdir/hadoop-ozone/integration-test/target/test-dir/MiniOzoneClusterImpl-184704d8-2d26-4abc-9155-7ef0d3d35dfc/datanode-2/data/ratis] (custom)
2019-11-17 11:08:56,584 [main] INFO  hdfs.DFSUtil (DFSUtil.java:httpServerTemplateForNNAndJN(1641)) - Starting Web-server for hddsDatanode at: http://0.0.0.0:0
2019-11-17 11:08:56,585 [main] INFO  server.AuthenticationFilter (AuthenticationFilter.java:constructSecretProvider(240)) - Unable to initialize FileSignerSecretProvider, falling back to use random secrets.
2019-11-17 11:08:56,585 [main] WARN  http.HttpRequestLog (HttpRequestLog.java:getRequestLog(97)) - Jetty request log can only be enabled using Log4j
2019-11-17 11:08:56,586 [main] INFO  http.HttpServer2 (HttpServer2.java:addGlobalFilter(975)) - Added global filter 'safety' (class=org.apache.hadoop.http.HttpServer2$QuotingInputFilter)
2019-11-17 11:08:56,587 [main] INFO  http.HttpServer2 (HttpServer2.java:addFilter(948)) - Added filter static_user_filter (class=org.apache.hadoop.http.lib.StaticUserWebFilter$StaticUserFilter) to context hddsDatanode
2019-11-17 11:08:56,587 [main] INFO  http.HttpServer2 (HttpServer2.java:addFilter(958)) - Added filter static_user_filter (class=org.apache.hadoop.http.lib.StaticUserWebFilter$StaticUserFilter) to context static
2019-11-17 11:08:56,587 [main] INFO  http.HttpServer2 (HttpServer2.java:addFilter(958)) - Added filter static_user_filter (class=org.apache.hadoop.http.lib.StaticUserWebFilter$StaticUserFilter) to context logs
2019-11-17 11:08:56,588 [main] INFO  http.HttpServer2 (HttpServer2.java:bindListener(1191)) - Jetty bound to port 46722
2019-11-17 11:08:56,588 [main] INFO  server.Server (Server.java:doStart(351)) - jetty-9.3.25.v20180904, build timestamp: 2018-09-04T21:11:46Z, git hash: 3ce520221d0240229c862b122d2b06c12a625732
2019-11-17 11:08:56,590 [main] INFO  handler.ContextHandler (ContextHandler.java:doStart(781)) - Started o.e.j.s.ServletContextHandler@68dd39d2{/logs,file:///workdir/hadoop-ozone/integration-test/target/log,AVAILABLE}
2019-11-17 11:08:56,590 [main] INFO  handler.ContextHandler (ContextHandler.java:doStart(781)) - Started o.e.j.s.ServletContextHandler@60e3c26e{/static,jar:file:/home/user/.m2/repository/org/apache/hadoop/hadoop-hdds-container-service/0.5.0-SNAPSHOT/hadoop-hdds-container-service-0.5.0-SNAPSHOT.jar!/webapps/static,AVAILABLE}
2019-11-17 11:08:56,619 [main] INFO  handler.ContextHandler (ContextHandler.java:doStart(781)) - Started o.e.j.w.WebAppContext@e95595b{/,file:///tmp/jetty-0.0.0.0-46722-hddsDatanode-_-any-4610157104272546128.dir/webapp/,AVAILABLE}{/hddsDatanode}
2019-11-17 11:08:56,619 [main] INFO  server.AbstractConnector (AbstractConnector.java:doStart(278)) - Started ServerConnector@5a917723{HTTP/1.1,[http/1.1]}{0.0.0.0:46722}
2019-11-17 11:08:56,621 [main] INFO  server.Server (Server.java:doStart(419)) - Started @102484ms
2019-11-17 11:08:56,621 [main] WARN  impl.MetricsSystemImpl (MetricsSystemImpl.java:register(276)) - Sink prometheus already exists!
2019-11-17 11:08:56,622 [main] INFO  server.BaseHttpServer (BaseHttpServer.java:updateConnectorAddress(215)) - HTTP server of HDDSDATANODE is listening at http://0.0.0.0:46722
2019-11-17 11:08:56,622 [main] INFO  impl.MetricsSystemImpl (MetricsSystemImpl.java:init(158)) - HddsDatanode metrics system started (again)
2019-11-17 11:08:56,624 [main] INFO  ozone.HddsDatanodeService (HddsDatanodeService.java:start(186)) - HddsDatanodeService host:pr-hdds-2291-5997d-4279494527 ip:192.168.34.35
2019-11-17 11:08:56,624 [org.apache.hadoop.util.JvmPauseMonitor$Monitor@7cc27264] INFO  util.JvmPauseMonitor (JvmPauseMonitor.java:run(188)) - Starting JVM pause monitor
2019-11-17 11:08:56,626 [Datanode State Machine Thread - 0] INFO  datanode.InitDatanodeState (InitDatanodeState.java:persistContainerDatanodeDetails(140)) - DatanodeDetails is persisted to /workdir/hadoop-ozone/integration-test/target/test-dir/MiniOzoneClusterImpl-184704d8-2d26-4abc-9155-7ef0d3d35dfc/datanode-2/meta/datanode.id
2019-11-17 11:08:56,631 [main] INFO  volume.HddsVolume (HddsVolume.java:<init>(176)) - Creating Volume: /workdir/hadoop-ozone/integration-test/target/test-dir/MiniOzoneClusterImpl-184704d8-2d26-4abc-9155-7ef0d3d35dfc/datanode-3/data/containers/hdds of  storage type : DISK and capacity : 1482555576320
2019-11-17 11:08:56,632 [main] INFO  volume.VolumeSet (VolumeSet.java:initializeVolumeSet(170)) - Added Volume : /workdir/hadoop-ozone/integration-test/target/test-dir/MiniOzoneClusterImpl-184704d8-2d26-4abc-9155-7ef0d3d35dfc/datanode-3/data/containers/hdds to VolumeSet
2019-11-17 11:08:56,632 [main] INFO  volume.ThrottledAsyncChecker (ThrottledAsyncChecker.java:schedule(141)) - Scheduling a check for /workdir/hadoop-ozone/integration-test/target/test-dir/MiniOzoneClusterImpl-184704d8-2d26-4abc-9155-7ef0d3d35dfc/datanode-3/data/containers/hdds
2019-11-17 11:08:56,632 [main] INFO  volume.HddsVolumeChecker (HddsVolumeChecker.java:checkAllVolumes(204)) - Scheduled health check for volume /workdir/hadoop-ozone/integration-test/target/test-dir/MiniOzoneClusterImpl-184704d8-2d26-4abc-9155-7ef0d3d35dfc/datanode-3/data/containers/hdds
2019-11-17 11:08:56,644 [main] INFO  impl.RaftServerProxy (ConfUtils.java:logGet(43)) - raft.rpc.type = GRPC (default)
2019-11-17 11:08:56,645 [main] INFO  grpc.GrpcFactory (GrpcFactory.java:checkPooledByteBufAllocatorUseCacheForAllThreads(45)) - PERFORMANCE WARNING: useCacheForAllThreads is true that may cause Netty to create a lot garbage objects and, as a result, trigger GC.
	It is recommended to disable useCacheForAllThreads by setting -Dorg.apache.ratis.thirdparty.io.netty.allocator.useCacheForAllThreads=false in command line.
2019-11-17 11:08:56,645 [main] INFO  grpc.GrpcConfigKeys$Server (ConfUtils.java:logGet(43)) - raft.grpc.server.port = 0 (default)
2019-11-17 11:08:56,645 [main] INFO  server.GrpcService (ConfUtils.java:logGet(43)) - raft.grpc.message.size.max = 33570816 (custom)
2019-11-17 11:08:56,645 [main] INFO  server.RaftServerConfigKeys (ConfUtils.java:logGet(43)) - raft.server.log.appender.buffer.byte-limit = 33554432 (custom)
2019-11-17 11:08:56,645 [main] INFO  server.GrpcService (ConfUtils.java:logGet(43)) - raft.grpc.flow.control.window = 1MB (=1048576) (default)
2019-11-17 11:08:56,645 [main] INFO  server.RaftServerConfigKeys (ConfUtils.java:logGet(43)) - raft.server.rpc.request.timeout = 3000ms (default)
2019-11-17 11:08:56,646 [main] INFO  server.RaftServerConfigKeys (ConfUtils.java:logGet(43)) - raft.server.storage.dir = [/workdir/hadoop-ozone/integration-test/target/test-dir/MiniOzoneClusterImpl-184704d8-2d26-4abc-9155-7ef0d3d35dfc/datanode-3/data/ratis] (custom)
2019-11-17 11:08:56,647 [main] INFO  hdfs.DFSUtil (DFSUtil.java:httpServerTemplateForNNAndJN(1641)) - Starting Web-server for hddsDatanode at: http://0.0.0.0:0
2019-11-17 11:08:56,648 [main] INFO  server.AuthenticationFilter (AuthenticationFilter.java:constructSecretProvider(240)) - Unable to initialize FileSignerSecretProvider, falling back to use random secrets.
2019-11-17 11:08:56,649 [main] WARN  http.HttpRequestLog (HttpRequestLog.java:getRequestLog(97)) - Jetty request log can only be enabled using Log4j
2019-11-17 11:08:56,650 [main] INFO  http.HttpServer2 (HttpServer2.java:addGlobalFilter(975)) - Added global filter 'safety' (class=org.apache.hadoop.http.HttpServer2$QuotingInputFilter)
2019-11-17 11:08:56,650 [main] INFO  http.HttpServer2 (HttpServer2.java:addFilter(948)) - Added filter static_user_filter (class=org.apache.hadoop.http.lib.StaticUserWebFilter$StaticUserFilter) to context hddsDatanode
2019-11-17 11:08:56,650 [main] INFO  http.HttpServer2 (HttpServer2.java:addFilter(958)) - Added filter static_user_filter (class=org.apache.hadoop.http.lib.StaticUserWebFilter$StaticUserFilter) to context static
2019-11-17 11:08:56,651 [main] INFO  http.HttpServer2 (HttpServer2.java:addFilter(958)) - Added filter static_user_filter (class=org.apache.hadoop.http.lib.StaticUserWebFilter$StaticUserFilter) to context logs
2019-11-17 11:08:56,651 [main] INFO  http.HttpServer2 (HttpServer2.java:bindListener(1191)) - Jetty bound to port 39409
2019-11-17 11:08:56,651 [main] INFO  server.Server (Server.java:doStart(351)) - jetty-9.3.25.v20180904, build timestamp: 2018-09-04T21:11:46Z, git hash: 3ce520221d0240229c862b122d2b06c12a625732
2019-11-17 11:08:56,653 [main] INFO  handler.ContextHandler (ContextHandler.java:doStart(781)) - Started o.e.j.s.ServletContextHandler@294f9d50{/logs,file:///workdir/hadoop-ozone/integration-test/target/log,AVAILABLE}
2019-11-17 11:08:56,653 [main] INFO  handler.ContextHandler (ContextHandler.java:doStart(781)) - Started o.e.j.s.ServletContextHandler@3ddb774f{/static,jar:file:/home/user/.m2/repository/org/apache/hadoop/hadoop-hdds-container-service/0.5.0-SNAPSHOT/hadoop-hdds-container-service-0.5.0-SNAPSHOT.jar!/webapps/static,AVAILABLE}
2019-11-17 11:08:56,683 [main] INFO  handler.ContextHandler (ContextHandler.java:doStart(781)) - Started o.e.j.w.WebAppContext@5a97b17c{/,file:///tmp/jetty-0.0.0.0-39409-hddsDatanode-_-any-3695430921359289691.dir/webapp/,AVAILABLE}{/hddsDatanode}
2019-11-17 11:08:56,683 [main] INFO  server.AbstractConnector (AbstractConnector.java:doStart(278)) - Started ServerConnector@9c73fff{HTTP/1.1,[http/1.1]}{0.0.0.0:39409}
2019-11-17 11:08:56,684 [main] INFO  server.Server (Server.java:doStart(419)) - Started @102547ms
2019-11-17 11:08:56,684 [main] WARN  impl.MetricsSystemImpl (MetricsSystemImpl.java:register(276)) - Sink prometheus already exists!
2019-11-17 11:08:56,685 [main] INFO  server.BaseHttpServer (BaseHttpServer.java:updateConnectorAddress(215)) - HTTP server of HDDSDATANODE is listening at http://0.0.0.0:39409
2019-11-17 11:08:56,686 [main] INFO  impl.MetricsSystemImpl (MetricsSystemImpl.java:init(158)) - HddsDatanode metrics system started (again)
2019-11-17 11:08:56,688 [org.apache.hadoop.util.JvmPauseMonitor$Monitor@1dbd0981] INFO  util.JvmPauseMonitor (JvmPauseMonitor.java:run(188)) - Starting JVM pause monitor
2019-11-17 11:08:56,688 [main] INFO  ozone.HddsDatanodeService (HddsDatanodeService.java:start(186)) - HddsDatanodeService host:pr-hdds-2291-5997d-4279494527 ip:192.168.34.35
2019-11-17 11:08:56,689 [Datanode State Machine Thread - 0] INFO  datanode.InitDatanodeState (InitDatanodeState.java:persistContainerDatanodeDetails(140)) - DatanodeDetails is persisted to /workdir/hadoop-ozone/integration-test/target/test-dir/MiniOzoneClusterImpl-184704d8-2d26-4abc-9155-7ef0d3d35dfc/datanode-3/meta/datanode.id
2019-11-17 11:08:56,696 [main] INFO  volume.HddsVolume (HddsVolume.java:<init>(176)) - Creating Volume: /workdir/hadoop-ozone/integration-test/target/test-dir/MiniOzoneClusterImpl-184704d8-2d26-4abc-9155-7ef0d3d35dfc/datanode-4/data/containers/hdds of  storage type : DISK and capacity : 1482555576320
2019-11-17 11:08:56,696 [main] INFO  volume.VolumeSet (VolumeSet.java:initializeVolumeSet(170)) - Added Volume : /workdir/hadoop-ozone/integration-test/target/test-dir/MiniOzoneClusterImpl-184704d8-2d26-4abc-9155-7ef0d3d35dfc/datanode-4/data/containers/hdds to VolumeSet
2019-11-17 11:08:56,696 [main] INFO  volume.ThrottledAsyncChecker (ThrottledAsyncChecker.java:schedule(141)) - Scheduling a check for /workdir/hadoop-ozone/integration-test/target/test-dir/MiniOzoneClusterImpl-184704d8-2d26-4abc-9155-7ef0d3d35dfc/datanode-4/data/containers/hdds
2019-11-17 11:08:56,696 [main] INFO  volume.HddsVolumeChecker (HddsVolumeChecker.java:checkAllVolumes(204)) - Scheduled health check for volume /workdir/hadoop-ozone/integration-test/target/test-dir/MiniOzoneClusterImpl-184704d8-2d26-4abc-9155-7ef0d3d35dfc/datanode-4/data/containers/hdds
2019-11-17 11:08:56,708 [main] INFO  impl.RaftServerProxy (ConfUtils.java:logGet(43)) - raft.rpc.type = GRPC (default)
2019-11-17 11:08:56,708 [main] INFO  grpc.GrpcFactory (GrpcFactory.java:checkPooledByteBufAllocatorUseCacheForAllThreads(45)) - PERFORMANCE WARNING: useCacheForAllThreads is true that may cause Netty to create a lot garbage objects and, as a result, trigger GC.
	It is recommended to disable useCacheForAllThreads by setting -Dorg.apache.ratis.thirdparty.io.netty.allocator.useCacheForAllThreads=false in command line.
2019-11-17 11:08:56,709 [main] INFO  grpc.GrpcConfigKeys$Server (ConfUtils.java:logGet(43)) - raft.grpc.server.port = 0 (default)
2019-11-17 11:08:56,709 [main] INFO  server.GrpcService (ConfUtils.java:logGet(43)) - raft.grpc.message.size.max = 33570816 (custom)
2019-11-17 11:08:56,709 [main] INFO  server.RaftServerConfigKeys (ConfUtils.java:logGet(43)) - raft.server.log.appender.buffer.byte-limit = 33554432 (custom)
2019-11-17 11:08:56,709 [main] INFO  server.GrpcService (ConfUtils.java:logGet(43)) - raft.grpc.flow.control.window = 1MB (=1048576) (default)
2019-11-17 11:08:56,709 [main] INFO  server.RaftServerConfigKeys (ConfUtils.java:logGet(43)) - raft.server.rpc.request.timeout = 3000ms (default)
2019-11-17 11:08:56,710 [main] INFO  server.RaftServerConfigKeys (ConfUtils.java:logGet(43)) - raft.server.storage.dir = [/workdir/hadoop-ozone/integration-test/target/test-dir/MiniOzoneClusterImpl-184704d8-2d26-4abc-9155-7ef0d3d35dfc/datanode-4/data/ratis] (custom)
2019-11-17 11:08:56,711 [main] INFO  hdfs.DFSUtil (DFSUtil.java:httpServerTemplateForNNAndJN(1641)) - Starting Web-server for hddsDatanode at: http://0.0.0.0:0
2019-11-17 11:08:56,712 [main] INFO  server.AuthenticationFilter (AuthenticationFilter.java:constructSecretProvider(240)) - Unable to initialize FileSignerSecretProvider, falling back to use random secrets.
2019-11-17 11:08:56,712 [main] WARN  http.HttpRequestLog (HttpRequestLog.java:getRequestLog(97)) - Jetty request log can only be enabled using Log4j
2019-11-17 11:08:56,714 [main] INFO  http.HttpServer2 (HttpServer2.java:addGlobalFilter(975)) - Added global filter 'safety' (class=org.apache.hadoop.http.HttpServer2$QuotingInputFilter)
2019-11-17 11:08:56,714 [main] INFO  http.HttpServer2 (HttpServer2.java:addFilter(948)) - Added filter static_user_filter (class=org.apache.hadoop.http.lib.StaticUserWebFilter$StaticUserFilter) to context hddsDatanode
2019-11-17 11:08:56,714 [main] INFO  http.HttpServer2 (HttpServer2.java:addFilter(958)) - Added filter static_user_filter (class=org.apache.hadoop.http.lib.StaticUserWebFilter$StaticUserFilter) to context static
2019-11-17 11:08:56,714 [main] INFO  http.HttpServer2 (HttpServer2.java:addFilter(958)) - Added filter static_user_filter (class=org.apache.hadoop.http.lib.StaticUserWebFilter$StaticUserFilter) to context logs
2019-11-17 11:08:56,715 [main] INFO  http.HttpServer2 (HttpServer2.java:bindListener(1191)) - Jetty bound to port 34738
2019-11-17 11:08:56,715 [main] INFO  server.Server (Server.java:doStart(351)) - jetty-9.3.25.v20180904, build timestamp: 2018-09-04T21:11:46Z, git hash: 3ce520221d0240229c862b122d2b06c12a625732
2019-11-17 11:08:56,717 [main] INFO  handler.ContextHandler (ContextHandler.java:doStart(781)) - Started o.e.j.s.ServletContextHandler@65f40689{/logs,file:///workdir/hadoop-ozone/integration-test/target/log,AVAILABLE}
2019-11-17 11:08:56,717 [main] INFO  handler.ContextHandler (ContextHandler.java:doStart(781)) - Started o.e.j.s.ServletContextHandler@33eb6758{/static,jar:file:/home/user/.m2/repository/org/apache/hadoop/hadoop-hdds-container-service/0.5.0-SNAPSHOT/hadoop-hdds-container-service-0.5.0-SNAPSHOT.jar!/webapps/static,AVAILABLE}
2019-11-17 11:08:56,746 [main] INFO  handler.ContextHandler (ContextHandler.java:doStart(781)) - Started o.e.j.w.WebAppContext@75023c53{/,file:///tmp/jetty-0.0.0.0-34738-hddsDatanode-_-any-7539240561999318872.dir/webapp/,AVAILABLE}{/hddsDatanode}
2019-11-17 11:08:56,747 [main] INFO  server.AbstractConnector (AbstractConnector.java:doStart(278)) - Started ServerConnector@66813e6e{HTTP/1.1,[http/1.1]}{0.0.0.0:34738}
2019-11-17 11:08:56,748 [main] INFO  server.Server (Server.java:doStart(419)) - Started @102611ms
2019-11-17 11:08:56,748 [main] WARN  impl.MetricsSystemImpl (MetricsSystemImpl.java:register(276)) - Sink prometheus already exists!
2019-11-17 11:08:56,749 [main] INFO  server.BaseHttpServer (BaseHttpServer.java:updateConnectorAddress(215)) - HTTP server of HDDSDATANODE is listening at http://0.0.0.0:34738
2019-11-17 11:08:56,749 [main] INFO  impl.MetricsSystemImpl (MetricsSystemImpl.java:init(158)) - HddsDatanode metrics system started (again)
2019-11-17 11:08:56,752 [main] INFO  ozone.HddsDatanodeService (HddsDatanodeService.java:start(186)) - HddsDatanodeService host:pr-hdds-2291-5997d-4279494527 ip:192.168.34.35
2019-11-17 11:08:56,752 [org.apache.hadoop.util.JvmPauseMonitor$Monitor@65ec3247] INFO  util.JvmPauseMonitor (JvmPauseMonitor.java:run(188)) - Starting JVM pause monitor
2019-11-17 11:08:56,754 [Datanode State Machine Thread - 0] INFO  datanode.InitDatanodeState (InitDatanodeState.java:persistContainerDatanodeDetails(140)) - DatanodeDetails is persisted to /workdir/hadoop-ozone/integration-test/target/test-dir/MiniOzoneClusterImpl-184704d8-2d26-4abc-9155-7ef0d3d35dfc/datanode-4/meta/datanode.id
2019-11-17 11:08:56,760 [main] INFO  volume.HddsVolume (HddsVolume.java:<init>(176)) - Creating Volume: /workdir/hadoop-ozone/integration-test/target/test-dir/MiniOzoneClusterImpl-184704d8-2d26-4abc-9155-7ef0d3d35dfc/datanode-5/data/containers/hdds of  storage type : DISK and capacity : 1482555576320
2019-11-17 11:08:56,761 [main] INFO  volume.VolumeSet (VolumeSet.java:initializeVolumeSet(170)) - Added Volume : /workdir/hadoop-ozone/integration-test/target/test-dir/MiniOzoneClusterImpl-184704d8-2d26-4abc-9155-7ef0d3d35dfc/datanode-5/data/containers/hdds to VolumeSet
2019-11-17 11:08:56,761 [main] INFO  volume.ThrottledAsyncChecker (ThrottledAsyncChecker.java:schedule(141)) - Scheduling a check for /workdir/hadoop-ozone/integration-test/target/test-dir/MiniOzoneClusterImpl-184704d8-2d26-4abc-9155-7ef0d3d35dfc/datanode-5/data/containers/hdds
2019-11-17 11:08:56,761 [main] INFO  volume.HddsVolumeChecker (HddsVolumeChecker.java:checkAllVolumes(204)) - Scheduled health check for volume /workdir/hadoop-ozone/integration-test/target/test-dir/MiniOzoneClusterImpl-184704d8-2d26-4abc-9155-7ef0d3d35dfc/datanode-5/data/containers/hdds
2019-11-17 11:08:56,774 [main] INFO  impl.RaftServerProxy (ConfUtils.java:logGet(43)) - raft.rpc.type = GRPC (default)
2019-11-17 11:08:56,775 [main] INFO  grpc.GrpcFactory (GrpcFactory.java:checkPooledByteBufAllocatorUseCacheForAllThreads(45)) - PERFORMANCE WARNING: useCacheForAllThreads is true that may cause Netty to create a lot garbage objects and, as a result, trigger GC.
	It is recommended to disable useCacheForAllThreads by setting -Dorg.apache.ratis.thirdparty.io.netty.allocator.useCacheForAllThreads=false in command line.
2019-11-17 11:08:56,775 [main] INFO  grpc.GrpcConfigKeys$Server (ConfUtils.java:logGet(43)) - raft.grpc.server.port = 0 (default)
2019-11-17 11:08:56,775 [main] INFO  server.GrpcService (ConfUtils.java:logGet(43)) - raft.grpc.message.size.max = 33570816 (custom)
2019-11-17 11:08:56,775 [main] INFO  server.RaftServerConfigKeys (ConfUtils.java:logGet(43)) - raft.server.log.appender.buffer.byte-limit = 33554432 (custom)
2019-11-17 11:08:56,775 [main] INFO  server.GrpcService (ConfUtils.java:logGet(43)) - raft.grpc.flow.control.window = 1MB (=1048576) (default)
2019-11-17 11:08:56,775 [main] INFO  server.RaftServerConfigKeys (ConfUtils.java:logGet(43)) - raft.server.rpc.request.timeout = 3000ms (default)
2019-11-17 11:08:56,776 [main] INFO  server.RaftServerConfigKeys (ConfUtils.java:logGet(43)) - raft.server.storage.dir = [/workdir/hadoop-ozone/integration-test/target/test-dir/MiniOzoneClusterImpl-184704d8-2d26-4abc-9155-7ef0d3d35dfc/datanode-5/data/ratis] (custom)
2019-11-17 11:08:56,778 [main] INFO  hdfs.DFSUtil (DFSUtil.java:httpServerTemplateForNNAndJN(1641)) - Starting Web-server for hddsDatanode at: http://0.0.0.0:0
2019-11-17 11:08:56,779 [main] INFO  server.AuthenticationFilter (AuthenticationFilter.java:constructSecretProvider(240)) - Unable to initialize FileSignerSecretProvider, falling back to use random secrets.
2019-11-17 11:08:56,779 [main] WARN  http.HttpRequestLog (HttpRequestLog.java:getRequestLog(97)) - Jetty request log can only be enabled using Log4j
2019-11-17 11:08:56,781 [main] INFO  http.HttpServer2 (HttpServer2.java:addGlobalFilter(975)) - Added global filter 'safety' (class=org.apache.hadoop.http.HttpServer2$QuotingInputFilter)
2019-11-17 11:08:56,781 [main] INFO  http.HttpServer2 (HttpServer2.java:addFilter(948)) - Added filter static_user_filter (class=org.apache.hadoop.http.lib.StaticUserWebFilter$StaticUserFilter) to context hddsDatanode
2019-11-17 11:08:56,781 [main] INFO  http.HttpServer2 (HttpServer2.java:addFilter(958)) - Added filter static_user_filter (class=org.apache.hadoop.http.lib.StaticUserWebFilter$StaticUserFilter) to context logs
2019-11-17 11:08:56,781 [main] INFO  http.HttpServer2 (HttpServer2.java:addFilter(958)) - Added filter static_user_filter (class=org.apache.hadoop.http.lib.StaticUserWebFilter$StaticUserFilter) to context static
2019-11-17 11:08:56,782 [main] INFO  http.HttpServer2 (HttpServer2.java:bindListener(1191)) - Jetty bound to port 38891
2019-11-17 11:08:56,782 [main] INFO  server.Server (Server.java:doStart(351)) - jetty-9.3.25.v20180904, build timestamp: 2018-09-04T21:11:46Z, git hash: 3ce520221d0240229c862b122d2b06c12a625732
2019-11-17 11:08:56,784 [main] INFO  handler.ContextHandler (ContextHandler.java:doStart(781)) - Started o.e.j.s.ServletContextHandler@642ee49c{/logs,file:///workdir/hadoop-ozone/integration-test/target/log,AVAILABLE}
2019-11-17 11:08:56,784 [main] INFO  handler.ContextHandler (ContextHandler.java:doStart(781)) - Started o.e.j.s.ServletContextHandler@69909c14{/static,jar:file:/home/user/.m2/repository/org/apache/hadoop/hadoop-hdds-container-service/0.5.0-SNAPSHOT/hadoop-hdds-container-service-0.5.0-SNAPSHOT.jar!/webapps/static,AVAILABLE}
2019-11-17 11:08:56,813 [main] INFO  handler.ContextHandler (ContextHandler.java:doStart(781)) - Started o.e.j.w.WebAppContext@414f87a9{/,file:///tmp/jetty-0.0.0.0-38891-hddsDatanode-_-any-234164231265706079.dir/webapp/,AVAILABLE}{/hddsDatanode}
2019-11-17 11:08:56,813 [main] INFO  server.AbstractConnector (AbstractConnector.java:doStart(278)) - Started ServerConnector@1ddc6db2{HTTP/1.1,[http/1.1]}{0.0.0.0:38891}
2019-11-17 11:08:56,814 [main] INFO  server.Server (Server.java:doStart(419)) - Started @102677ms
2019-11-17 11:08:56,814 [main] WARN  impl.MetricsSystemImpl (MetricsSystemImpl.java:register(276)) - Sink prometheus already exists!
2019-11-17 11:08:56,815 [main] INFO  server.BaseHttpServer (BaseHttpServer.java:updateConnectorAddress(215)) - HTTP server of HDDSDATANODE is listening at http://0.0.0.0:38891
2019-11-17 11:08:56,815 [main] INFO  ozone.MiniOzoneClusterImpl (MiniOzoneClusterImpl.java:lambda$waitForClusterToBeReady$2(171)) - Waiting for cluster to be ready. Got 0 of 6 DN Heartbeats.
2019-11-17 11:08:56,817 [org.apache.hadoop.util.JvmPauseMonitor$Monitor@63ad5457] INFO  util.JvmPauseMonitor (JvmPauseMonitor.java:run(188)) - Starting JVM pause monitor
2019-11-17 11:08:56,821 [Datanode State Machine Thread - 0] INFO  datanode.InitDatanodeState (InitDatanodeState.java:persistContainerDatanodeDetails(140)) - DatanodeDetails is persisted to /workdir/hadoop-ozone/integration-test/target/test-dir/MiniOzoneClusterImpl-184704d8-2d26-4abc-9155-7ef0d3d35dfc/datanode-5/meta/datanode.id
2019-11-17 11:08:57,816 [main] INFO  ozone.MiniOzoneClusterImpl (MiniOzoneClusterImpl.java:lambda$waitForClusterToBeReady$2(171)) - Waiting for cluster to be ready. Got 0 of 6 DN Heartbeats.
2019-11-17 11:08:58,517 [Datanode State Machine Thread - 0] INFO  ozoneimpl.OzoneContainer (OzoneContainer.java:start(230)) - Attempting to start container services.
2019-11-17 11:08:58,518 [Datanode State Machine Thread - 0] INFO  ozoneimpl.OzoneContainer (OzoneContainer.java:startContainerScrub(194)) - Background container scanner has been disabled.
2019-11-17 11:08:58,518 [Datanode State Machine Thread - 0] INFO  ratis.XceiverServerRatis (XceiverServerRatis.java:start(421)) - Starting XceiverServerRatis ce4f5a27-7d6e-4546-9ae5-5afbf9a8c00c at port 0
2019-11-17 11:08:58,524 [Datanode State Machine Thread - 0] INFO  impl.RaftServerProxy (RaftServerProxy.java:lambda$start$3(299)) - ce4f5a27-7d6e-4546-9ae5-5afbf9a8c00c: start RPC server
2019-11-17 11:08:58,526 [Datanode State Machine Thread - 0] INFO  server.GrpcService (GrpcService.java:startImpl(158)) - ce4f5a27-7d6e-4546-9ae5-5afbf9a8c00c: GrpcService started, listening on 0.0.0.0/0.0.0.0:44254
2019-11-17 11:08:58,526 [Datanode State Machine Thread - 0] INFO  ratis.XceiverServerRatis (XceiverServerRatis.java:start(431)) - XceiverServerRatis ce4f5a27-7d6e-4546-9ae5-5afbf9a8c00c is started using port 44254
2019-11-17 11:08:58,527 [Datanode State Machine Thread - 0] INFO  server.XceiverServerGrpc (XceiverServerGrpc.java:start(145)) - XceiverServerGrpc ce4f5a27-7d6e-4546-9ae5-5afbf9a8c00c is started using port 39021
2019-11-17 11:08:58,578 [Datanode State Machine Thread - 0] INFO  ozoneimpl.OzoneContainer (OzoneContainer.java:start(230)) - Attempting to start container services.
2019-11-17 11:08:58,578 [Datanode State Machine Thread - 0] INFO  ozoneimpl.OzoneContainer (OzoneContainer.java:startContainerScrub(194)) - Background container scanner has been disabled.
2019-11-17 11:08:58,578 [Datanode State Machine Thread - 0] INFO  ratis.XceiverServerRatis (XceiverServerRatis.java:start(421)) - Starting XceiverServerRatis e8702f59-809d-4833-a306-9e60cd88362b at port 0
2019-11-17 11:08:58,584 [Datanode State Machine Thread - 0] INFO  impl.RaftServerProxy (RaftServerProxy.java:lambda$start$3(299)) - e8702f59-809d-4833-a306-9e60cd88362b: start RPC server
2019-11-17 11:08:58,585 [Datanode State Machine Thread - 0] INFO  server.GrpcService (GrpcService.java:startImpl(158)) - e8702f59-809d-4833-a306-9e60cd88362b: GrpcService started, listening on 0.0.0.0/0.0.0.0:33634
2019-11-17 11:08:58,585 [Datanode State Machine Thread - 0] INFO  ratis.XceiverServerRatis (XceiverServerRatis.java:start(431)) - XceiverServerRatis e8702f59-809d-4833-a306-9e60cd88362b is started using port 33634
2019-11-17 11:08:58,585 [Datanode State Machine Thread - 0] INFO  server.XceiverServerGrpc (XceiverServerGrpc.java:start(145)) - XceiverServerGrpc e8702f59-809d-4833-a306-9e60cd88362b is started using port 43365
2019-11-17 11:08:58,638 [Datanode State Machine Thread - 0] INFO  ozoneimpl.OzoneContainer (OzoneContainer.java:start(230)) - Attempting to start container services.
2019-11-17 11:08:58,638 [Datanode State Machine Thread - 0] INFO  ozoneimpl.OzoneContainer (OzoneContainer.java:startContainerScrub(194)) - Background container scanner has been disabled.
2019-11-17 11:08:58,638 [Datanode State Machine Thread - 0] INFO  ratis.XceiverServerRatis (XceiverServerRatis.java:start(421)) - Starting XceiverServerRatis 28ccac35-fb4f-4f0a-a99f-78d96ef6e430 at port 0
2019-11-17 11:08:58,646 [Datanode State Machine Thread - 0] INFO  impl.RaftServerProxy (RaftServerProxy.java:lambda$start$3(299)) - 28ccac35-fb4f-4f0a-a99f-78d96ef6e430: start RPC server
2019-11-17 11:08:58,647 [Datanode State Machine Thread - 0] INFO  server.GrpcService (GrpcService.java:startImpl(158)) - 28ccac35-fb4f-4f0a-a99f-78d96ef6e430: GrpcService started, listening on 0.0.0.0/0.0.0.0:37581
2019-11-17 11:08:58,647 [Datanode State Machine Thread - 0] INFO  ratis.XceiverServerRatis (XceiverServerRatis.java:start(431)) - XceiverServerRatis 28ccac35-fb4f-4f0a-a99f-78d96ef6e430 is started using port 37581
2019-11-17 11:08:58,647 [Datanode State Machine Thread - 0] INFO  server.XceiverServerGrpc (XceiverServerGrpc.java:start(145)) - XceiverServerGrpc 28ccac35-fb4f-4f0a-a99f-78d96ef6e430 is started using port 46379
2019-11-17 11:08:58,702 [Datanode State Machine Thread - 0] INFO  ozoneimpl.OzoneContainer (OzoneContainer.java:start(230)) - Attempting to start container services.
2019-11-17 11:08:58,702 [Datanode State Machine Thread - 0] INFO  ozoneimpl.OzoneContainer (OzoneContainer.java:startContainerScrub(194)) - Background container scanner has been disabled.
2019-11-17 11:08:58,702 [Datanode State Machine Thread - 0] INFO  ratis.XceiverServerRatis (XceiverServerRatis.java:start(421)) - Starting XceiverServerRatis fa2fcff1-083d-4cf3-acfd-0486da9214fd at port 0
2019-11-17 11:08:58,709 [Datanode State Machine Thread - 0] INFO  impl.RaftServerProxy (RaftServerProxy.java:lambda$start$3(299)) - fa2fcff1-083d-4cf3-acfd-0486da9214fd: start RPC server
2019-11-17 11:08:58,710 [Datanode State Machine Thread - 0] INFO  server.GrpcService (GrpcService.java:startImpl(158)) - fa2fcff1-083d-4cf3-acfd-0486da9214fd: GrpcService started, listening on 0.0.0.0/0.0.0.0:34313
2019-11-17 11:08:58,710 [Datanode State Machine Thread - 0] INFO  ratis.XceiverServerRatis (XceiverServerRatis.java:start(431)) - XceiverServerRatis fa2fcff1-083d-4cf3-acfd-0486da9214fd is started using port 34313
2019-11-17 11:08:58,711 [Datanode State Machine Thread - 0] INFO  server.XceiverServerGrpc (XceiverServerGrpc.java:start(145)) - XceiverServerGrpc fa2fcff1-083d-4cf3-acfd-0486da9214fd is started using port 33891
2019-11-17 11:08:58,768 [Datanode State Machine Thread - 0] INFO  ozoneimpl.OzoneContainer (OzoneContainer.java:start(230)) - Attempting to start container services.
2019-11-17 11:08:58,769 [Datanode State Machine Thread - 0] INFO  ozoneimpl.OzoneContainer (OzoneContainer.java:startContainerScrub(194)) - Background container scanner has been disabled.
2019-11-17 11:08:58,769 [Datanode State Machine Thread - 0] INFO  ratis.XceiverServerRatis (XceiverServerRatis.java:start(421)) - Starting XceiverServerRatis 4c1e8795-b3d4-460e-8f85-df43444e9ba0 at port 0
2019-11-17 11:08:58,775 [Datanode State Machine Thread - 0] INFO  impl.RaftServerProxy (RaftServerProxy.java:lambda$start$3(299)) - 4c1e8795-b3d4-460e-8f85-df43444e9ba0: start RPC server
2019-11-17 11:08:58,776 [Datanode State Machine Thread - 0] INFO  server.GrpcService (GrpcService.java:startImpl(158)) - 4c1e8795-b3d4-460e-8f85-df43444e9ba0: GrpcService started, listening on 0.0.0.0/0.0.0.0:35525
2019-11-17 11:08:58,777 [Datanode State Machine Thread - 0] INFO  ratis.XceiverServerRatis (XceiverServerRatis.java:start(431)) - XceiverServerRatis 4c1e8795-b3d4-460e-8f85-df43444e9ba0 is started using port 35525
2019-11-17 11:08:58,779 [Datanode State Machine Thread - 0] INFO  server.XceiverServerGrpc (XceiverServerGrpc.java:start(145)) - XceiverServerGrpc 4c1e8795-b3d4-460e-8f85-df43444e9ba0 is started using port 35227
2019-11-17 11:08:58,816 [main] INFO  ozone.MiniOzoneClusterImpl (MiniOzoneClusterImpl.java:lambda$waitForClusterToBeReady$2(171)) - Waiting for cluster to be ready. Got 0 of 6 DN Heartbeats.
2019-11-17 11:08:58,833 [Datanode State Machine Thread - 0] INFO  ozoneimpl.OzoneContainer (OzoneContainer.java:start(230)) - Attempting to start container services.
2019-11-17 11:08:58,833 [Datanode State Machine Thread - 0] INFO  ozoneimpl.OzoneContainer (OzoneContainer.java:startContainerScrub(194)) - Background container scanner has been disabled.
2019-11-17 11:08:58,833 [Datanode State Machine Thread - 0] INFO  ratis.XceiverServerRatis (XceiverServerRatis.java:start(421)) - Starting XceiverServerRatis e3fe17d3-3943-4d4c-b88c-d5052243b886 at port 0
2019-11-17 11:08:58,839 [Datanode State Machine Thread - 0] INFO  impl.RaftServerProxy (RaftServerProxy.java:lambda$start$3(299)) - e3fe17d3-3943-4d4c-b88c-d5052243b886: start RPC server
2019-11-17 11:08:58,842 [Datanode State Machine Thread - 0] INFO  server.GrpcService (GrpcService.java:startImpl(158)) - e3fe17d3-3943-4d4c-b88c-d5052243b886: GrpcService started, listening on 0.0.0.0/0.0.0.0:33574
2019-11-17 11:08:58,842 [Datanode State Machine Thread - 0] INFO  ratis.XceiverServerRatis (XceiverServerRatis.java:start(431)) - XceiverServerRatis e3fe17d3-3943-4d4c-b88c-d5052243b886 is started using port 33574
2019-11-17 11:08:58,843 [Datanode State Machine Thread - 0] INFO  server.XceiverServerGrpc (XceiverServerGrpc.java:start(145)) - XceiverServerGrpc e3fe17d3-3943-4d4c-b88c-d5052243b886 is started using port 37462
2019-11-17 11:08:59,817 [main] INFO  ozone.MiniOzoneClusterImpl (MiniOzoneClusterImpl.java:lambda$waitForClusterToBeReady$2(171)) - Waiting for cluster to be ready. Got 0 of 6 DN Heartbeats.
2019-11-17 11:09:00,503 [IPC Server handler 1 on 45734] INFO  net.NetworkTopology (NetworkTopologyImpl.java:add(111)) - Added a new node: /default-rack/ce4f5a27-7d6e-4546-9ae5-5afbf9a8c00c
2019-11-17 11:09:00,506 [IPC Server handler 1 on 45734] INFO  node.SCMNodeManager (SCMNodeManager.java:register(267)) - Registered Data node : ce4f5a27-7d6e-4546-9ae5-5afbf9a8c00c{ip: 192.168.34.35, host: pr-hdds-2291-5997d-4279494527, networkLocation: /default-rack, certSerialId: null}
2019-11-17 11:09:00,507 [EventQueue-NodeRegistrationContainerReportForDataNodeSafeModeRule] INFO  safemode.SCMSafeModeManager (DataNodeSafeModeRule.java:process(71)) - SCM in safe mode. 1 DataNodes registered, 1 required.
2019-11-17 11:09:00,509 [EventQueue-NodeRegistrationContainerReportForDataNodeSafeModeRule] INFO  safemode.SCMSafeModeManager (SCMSafeModeManager.java:validateSafeModeExitRules(177)) - ScmSafeModeManager, all rules are successfully validated
2019-11-17 11:09:00,509 [EventQueue-NodeRegistrationContainerReportForDataNodeSafeModeRule] INFO  safemode.SCMSafeModeManager (SCMSafeModeManager.java:exitSafeMode(193)) - SCM exiting safe mode.
2019-11-17 11:09:00,520 [grpc-default-executor-2] INFO  impl.RaftServerProxy (RaftServerProxy.java:addNew(89)) - ce4f5a27-7d6e-4546-9ae5-5afbf9a8c00c: addNew group-FEA4454D07E7:[ce4f5a27-7d6e-4546-9ae5-5afbf9a8c00c:192.168.34.35:44254] returns group-FEA4454D07E7:java.util.concurrent.CompletableFuture@72c2525b[Not completed]
2019-11-17 11:09:00,524 [pool-153-thread-1] INFO  impl.RaftServerImpl (RaftServerImpl.java:<init>(98)) - ce4f5a27-7d6e-4546-9ae5-5afbf9a8c00c: new RaftServerImpl for group-FEA4454D07E7:[ce4f5a27-7d6e-4546-9ae5-5afbf9a8c00c:192.168.34.35:44254] with ContainerStateMachine:uninitialized
2019-11-17 11:09:00,525 [pool-153-thread-1] INFO  server.RaftServerConfigKeys (ConfUtils.java:logGet(43)) - raft.server.rpc.timeout.min = 1s (custom)
2019-11-17 11:09:00,525 [pool-153-thread-1] INFO  server.RaftServerConfigKeys (ConfUtils.java:logGet(43)) - raft.server.rpc.timeout.max = 1200ms (custom)
2019-11-17 11:09:00,525 [pool-153-thread-1] INFO  server.RaftServerConfigKeys (ConfUtils.java:logGet(43)) - raft.server.rpcslowness.timeout = 120s (custom)
2019-11-17 11:09:00,525 [pool-153-thread-1] INFO  server.RaftServerConfigKeys (ConfUtils.java:logGet(43)) - raft.server.sleep.deviation.threshold = 300 (default)
2019-11-17 11:09:00,526 [pool-153-thread-1] INFO  server.RaftServerConfigKeys (ConfUtils.java:logGet(43)) - raft.server.log.appender.install.snapshot.enabled = false (custom)
2019-11-17 11:09:00,526 [pool-153-thread-1] INFO  impl.RaftServerImpl (ServerState.java:<init>(103)) - ce4f5a27-7d6e-4546-9ae5-5afbf9a8c00c@group-FEA4454D07E7: ConfigurationManager, init=-1: [ce4f5a27-7d6e-4546-9ae5-5afbf9a8c00c:192.168.34.35:44254], old=null, confs=<EMPTY_MAP>
2019-11-17 11:09:00,526 [pool-153-thread-1] INFO  server.RaftServerConfigKeys (ConfUtils.java:logGet(43)) - raft.server.storage.dir = [/workdir/hadoop-ozone/integration-test/target/test-dir/MiniOzoneClusterImpl-184704d8-2d26-4abc-9155-7ef0d3d35dfc/datanode-0/data/ratis] (custom)
2019-11-17 11:09:00,527 [pool-153-thread-1] INFO  server.RaftServerConfigKeys (ConfUtils.java:logGet(43)) - raft.server.log.corruption.policy = EXCEPTION (default)
2019-11-17 11:09:00,527 [pool-153-thread-1] INFO  storage.RaftStorageDirectory (RaftStorageDirectory.java:analyzeStorage(246)) - The storage directory /workdir/hadoop-ozone/integration-test/target/test-dir/MiniOzoneClusterImpl-184704d8-2d26-4abc-9155-7ef0d3d35dfc/datanode-0/data/ratis/4429a5ba-c4d6-4d2d-b149-fea4454d07e7 does not exist. Creating ...
2019-11-17 11:09:00,541 [pool-153-thread-1] INFO  storage.RaftStorageDirectory (RaftStorageDirectory.java:tryLock(328)) - Lock on /workdir/hadoop-ozone/integration-test/target/test-dir/MiniOzoneClusterImpl-184704d8-2d26-4abc-9155-7ef0d3d35dfc/datanode-0/data/ratis/4429a5ba-c4d6-4d2d-b149-fea4454d07e7/in_use.lock acquired by nodename 13849@pr-hdds-2291-5997d-4279494527
2019-11-17 11:09:00,554 [pool-153-thread-1] INFO  storage.RaftStorage (RaftStorage.java:format(84)) - Storage directory /workdir/hadoop-ozone/integration-test/target/test-dir/MiniOzoneClusterImpl-184704d8-2d26-4abc-9155-7ef0d3d35dfc/datanode-0/data/ratis/4429a5ba-c4d6-4d2d-b149-fea4454d07e7 has been successfully formatted.
2019-11-17 11:09:00,554 [pool-153-thread-1] INFO  ratis.ContainerStateMachine (ContainerStateMachine.java:loadSnapshot(223)) - group-FEA4454D07E7: The snapshot info is null. Setting the last applied indexto:(t:0, i:~)
2019-11-17 11:09:00,554 [pool-153-thread-1] INFO  server.RaftServerConfigKeys (ConfUtils.java:logGet(43)) - raft.server.notification.no-leader.timeout = 120s (custom)
2019-11-17 11:09:00,554 [pool-153-thread-1] INFO  server.RaftServerConfigKeys (ConfUtils.java:logGet(43)) - raft.server.log.use.memory = false (default)
2019-11-17 11:09:00,555 [pool-153-thread-1] INFO  server.RaftServerConfigKeys (ConfUtils.java:logGet(43)) - raft.server.log.purge.gap = 1000000 (custom)
2019-11-17 11:09:00,555 [pool-153-thread-1] INFO  server.RaftServerConfigKeys (ConfUtils.java:logGet(43)) - raft.server.log.appender.buffer.byte-limit = 33554432 (custom)
2019-11-17 11:09:00,555 [pool-153-thread-1] INFO  server.RaftServerConfigKeys (ConfUtils.java:logGet(43)) - raft.server.log.segment.size.max = 1048576 (custom)
2019-11-17 11:09:00,555 [pool-153-thread-1] WARN  impl.MetricRegistriesImpl (MetricRegistriesImpl.java:lambda$create$1(61)) - First MetricRegistry has been created without registering reporters. You may need to call MetricRegistries.global().addReportRegistration(...) before.
2019-11-17 11:09:00,556 [pool-153-thread-1] INFO  server.RaftServerConfigKeys (ConfUtils.java:logGet(43)) - raft.server.log.segment.cache.num.max = 2 (custom)
2019-11-17 11:09:00,556 [pool-153-thread-1] INFO  segmented.SegmentedRaftLogWorker (SegmentedRaftLogWorker.java:<init>(173)) - new ce4f5a27-7d6e-4546-9ae5-5afbf9a8c00c@group-FEA4454D07E7-SegmentedRaftLogWorker for RaftStorage:Storage Directory /workdir/hadoop-ozone/integration-test/target/test-dir/MiniOzoneClusterImpl-184704d8-2d26-4abc-9155-7ef0d3d35dfc/datanode-0/data/ratis/4429a5ba-c4d6-4d2d-b149-fea4454d07e7
2019-11-17 11:09:00,556 [pool-153-thread-1] INFO  server.RaftServerConfigKeys (ConfUtils.java:logGet(43)) - raft.server.log.queue.byte-limit = 2147483647 (custom)
2019-11-17 11:09:00,556 [pool-153-thread-1] INFO  server.RaftServerConfigKeys (ConfUtils.java:logGet(43)) - raft.server.log.queue.element-limit = 1024 (custom)
2019-11-17 11:09:00,556 [pool-153-thread-1] INFO  server.RaftServerConfigKeys (ConfUtils.java:logGet(43)) - raft.server.log.segment.size.max = 1048576 (custom)
2019-11-17 11:09:00,556 [pool-153-thread-1] INFO  server.RaftServerConfigKeys (ConfUtils.java:logGet(43)) - raft.server.log.preallocated.size = 16384 (custom)
2019-11-17 11:09:00,556 [pool-153-thread-1] INFO  server.RaftServerConfigKeys (ConfUtils.java:logGet(43)) - raft.server.log.write.buffer.size = 33554432 (custom)
2019-11-17 11:09:00,557 [pool-153-thread-1] INFO  server.RaftServerConfigKeys (ConfUtils.java:logGet(43)) - raft.server.log.force.sync.num = 128 (default)
2019-11-17 11:09:00,557 [pool-153-thread-1] INFO  server.RaftServerConfigKeys (ConfUtils.java:logGet(43)) - raft.server.log.statemachine.data.sync = true (default)
2019-11-17 11:09:00,557 [pool-153-thread-1] INFO  server.RaftServerConfigKeys (ConfUtils.java:logGet(43)) - raft.server.log.statemachine.data.sync.timeout = 10s (default)
2019-11-17 11:09:00,557 [pool-153-thread-1] INFO  server.RaftServerConfigKeys (ConfUtils.java:logGet(43)) - raft.server.log.statemachine.data.sync.timeout.retry = -1 (default)
2019-11-17 11:09:00,557 [pool-153-thread-1] INFO  server.RaftServerConfigKeys (ConfUtils.java:logGet(43)) - raft.server.log.statemachine.data.caching.enabled = true (custom)
2019-11-17 11:09:00,558 [pool-153-thread-1] INFO  segmented.SegmentedRaftLogWorker (SegmentedRaftLogWorker.java:lambda$new$0(128)) - ce4f5a27-7d6e-4546-9ae5-5afbf9a8c00c@group-FEA4454D07E7-SegmentedRaftLogWorker: flushIndex: setUnconditionally 0 -> -1
2019-11-17 11:09:00,558 [pool-153-thread-1] INFO  server.RaftServerConfigKeys (ConfUtils.java:logGet(43)) - raft.server.snapshot.auto.trigger.enabled = true (custom)
2019-11-17 11:09:00,558 [pool-153-thread-1] INFO  server.RaftServerConfigKeys (ConfUtils.java:logGet(43)) - raft.server.snapshot.auto.trigger.threshold = 10000 (custom)
2019-11-17 11:09:00,559 [pool-153-thread-1] INFO  server.RaftServerConfigKeys (ConfUtils.java:logGet(43)) - raft.server.snapshot.retention.file.num = 5 (custom)
2019-11-17 11:09:00,559 [pool-153-thread-1] INFO  server.RaftServerConfigKeys (ConfUtils.java:logGet(43)) - raft.server.retrycache.expirytime = 600000ms (custom)
2019-11-17 11:09:00,559 [pool-153-thread-1] WARN  impl.MetricRegistriesImpl (MetricRegistriesImpl.java:lambda$create$1(61)) - First MetricRegistry has been created without registering reporters. You may need to call MetricRegistries.global().addReportRegistration(...) before.
2019-11-17 11:09:00,559 [pool-153-thread-1] WARN  impl.MetricRegistriesImpl (MetricRegistriesImpl.java:lambda$create$1(61)) - First MetricRegistry has been created without registering reporters. You may need to call MetricRegistries.global().addReportRegistration(...) before.
2019-11-17 11:09:00,559 [pool-153-thread-1] INFO  impl.RaftServerImpl (RaftServerImpl.java:start(184)) - ce4f5a27-7d6e-4546-9ae5-5afbf9a8c00c@group-FEA4454D07E7: start as a follower, conf=-1: [ce4f5a27-7d6e-4546-9ae5-5afbf9a8c00c:192.168.34.35:44254], old=null
2019-11-17 11:09:00,560 [pool-153-thread-1] INFO  impl.RaftServerImpl (RaftServerImpl.java:setRole(173)) - ce4f5a27-7d6e-4546-9ae5-5afbf9a8c00c@group-FEA4454D07E7: changes role from      null to FOLLOWER at term 0 for startAsFollower
2019-11-17 11:09:00,560 [pool-153-thread-1] INFO  impl.RoleInfo (RoleInfo.java:updateAndGet(143)) - ce4f5a27-7d6e-4546-9ae5-5afbf9a8c00c: start FollowerState
2019-11-17 11:09:00,560 [pool-153-thread-1] INFO  util.JmxRegister (JmxRegister.java:tryRegister(44)) - Successfully registered JMX Bean with object name Ratis:service=RaftServer,group=group-FEA4454D07E7,id=ce4f5a27-7d6e-4546-9ae5-5afbf9a8c00c
2019-11-17 11:09:00,561 [pool-153-thread-1] WARN  impl.MetricRegistriesImpl (MetricRegistriesImpl.java:lambda$create$1(61)) - First MetricRegistry has been created without registering reporters. You may need to call MetricRegistries.global().addReportRegistration(...) before.
2019-11-17 11:09:00,563 [IPC Server handler 4 on 45734] INFO  net.NetworkTopology (NetworkTopologyImpl.java:add(111)) - Added a new node: /default-rack/e8702f59-809d-4833-a306-9e60cd88362b
2019-11-17 11:09:00,563 [IPC Server handler 4 on 45734] INFO  node.SCMNodeManager (SCMNodeManager.java:register(267)) - Registered Data node : e8702f59-809d-4833-a306-9e60cd88362b{ip: 192.168.34.35, host: pr-hdds-2291-5997d-4279494527, networkLocation: /default-rack, certSerialId: null}
2019-11-17 11:09:00,565 [RatisPipelineUtilsThread] INFO  pipeline.PipelineStateManager (PipelineStateManager.java:addPipeline(55)) - Created pipeline Pipeline[ Id: 4429a5ba-c4d6-4d2d-b149-fea4454d07e7, Nodes: ce4f5a27-7d6e-4546-9ae5-5afbf9a8c00c{ip: 192.168.34.35, host: pr-hdds-2291-5997d-4279494527, networkLocation: /default-rack, certSerialId: null}, Type:RATIS, Factor:ONE, State:ALLOCATED]
2019-11-17 11:09:00,572 [grpc-default-executor-2] INFO  impl.RaftServerProxy (RaftServerProxy.java:addNew(89)) - e8702f59-809d-4833-a306-9e60cd88362b: addNew group-F00BEBCD24A8:[e8702f59-809d-4833-a306-9e60cd88362b:192.168.34.35:33634] returns group-F00BEBCD24A8:java.util.concurrent.CompletableFuture@66eafb2a[Not completed]
2019-11-17 11:09:00,574 [pool-163-thread-1] INFO  impl.RaftServerImpl (RaftServerImpl.java:<init>(98)) - e8702f59-809d-4833-a306-9e60cd88362b: new RaftServerImpl for group-F00BEBCD24A8:[e8702f59-809d-4833-a306-9e60cd88362b:192.168.34.35:33634] with ContainerStateMachine:uninitialized
2019-11-17 11:09:00,574 [pool-163-thread-1] INFO  server.RaftServerConfigKeys (ConfUtils.java:logGet(43)) - raft.server.rpc.timeout.min = 1s (custom)
2019-11-17 11:09:00,575 [pool-163-thread-1] INFO  server.RaftServerConfigKeys (ConfUtils.java:logGet(43)) - raft.server.rpc.timeout.max = 1200ms (custom)
2019-11-17 11:09:00,575 [pool-163-thread-1] INFO  server.RaftServerConfigKeys (ConfUtils.java:logGet(43)) - raft.server.rpcslowness.timeout = 120s (custom)
2019-11-17 11:09:00,575 [pool-163-thread-1] INFO  server.RaftServerConfigKeys (ConfUtils.java:logGet(43)) - raft.server.sleep.deviation.threshold = 300 (default)
2019-11-17 11:09:00,575 [pool-163-thread-1] INFO  server.RaftServerConfigKeys (ConfUtils.java:logGet(43)) - raft.server.log.appender.install.snapshot.enabled = false (custom)
2019-11-17 11:09:00,575 [pool-163-thread-1] INFO  impl.RaftServerImpl (ServerState.java:<init>(103)) - e8702f59-809d-4833-a306-9e60cd88362b@group-F00BEBCD24A8: ConfigurationManager, init=-1: [e8702f59-809d-4833-a306-9e60cd88362b:192.168.34.35:33634], old=null, confs=<EMPTY_MAP>
2019-11-17 11:09:00,575 [pool-163-thread-1] INFO  server.RaftServerConfigKeys (ConfUtils.java:logGet(43)) - raft.server.storage.dir = [/workdir/hadoop-ozone/integration-test/target/test-dir/MiniOzoneClusterImpl-184704d8-2d26-4abc-9155-7ef0d3d35dfc/datanode-1/data/ratis] (custom)
2019-11-17 11:09:00,576 [pool-163-thread-1] INFO  server.RaftServerConfigKeys (ConfUtils.java:logGet(43)) - raft.server.log.corruption.policy = EXCEPTION (default)
2019-11-17 11:09:00,576 [pool-163-thread-1] INFO  storage.RaftStorageDirectory (RaftStorageDirectory.java:analyzeStorage(246)) - The storage directory /workdir/hadoop-ozone/integration-test/target/test-dir/MiniOzoneClusterImpl-184704d8-2d26-4abc-9155-7ef0d3d35dfc/datanode-1/data/ratis/0c0a028d-9fca-4f3f-8dd7-f00bebcd24a8 does not exist. Creating ...
2019-11-17 11:09:00,589 [pool-163-thread-1] INFO  storage.RaftStorageDirectory (RaftStorageDirectory.java:tryLock(328)) - Lock on /workdir/hadoop-ozone/integration-test/target/test-dir/MiniOzoneClusterImpl-184704d8-2d26-4abc-9155-7ef0d3d35dfc/datanode-1/data/ratis/0c0a028d-9fca-4f3f-8dd7-f00bebcd24a8/in_use.lock acquired by nodename 13849@pr-hdds-2291-5997d-4279494527
2019-11-17 11:09:00,602 [pool-163-thread-1] INFO  storage.RaftStorage (RaftStorage.java:format(84)) - Storage directory /workdir/hadoop-ozone/integration-test/target/test-dir/MiniOzoneClusterImpl-184704d8-2d26-4abc-9155-7ef0d3d35dfc/datanode-1/data/ratis/0c0a028d-9fca-4f3f-8dd7-f00bebcd24a8 has been successfully formatted.
2019-11-17 11:09:00,602 [pool-163-thread-1] INFO  ratis.ContainerStateMachine (ContainerStateMachine.java:loadSnapshot(223)) - group-F00BEBCD24A8: The snapshot info is null. Setting the last applied indexto:(t:0, i:~)
2019-11-17 11:09:00,602 [pool-163-thread-1] INFO  server.RaftServerConfigKeys (ConfUtils.java:logGet(43)) - raft.server.notification.no-leader.timeout = 120s (custom)
2019-11-17 11:09:00,602 [pool-163-thread-1] INFO  server.RaftServerConfigKeys (ConfUtils.java:logGet(43)) - raft.server.log.use.memory = false (default)
2019-11-17 11:09:00,603 [pool-163-thread-1] INFO  server.RaftServerConfigKeys (ConfUtils.java:logGet(43)) - raft.server.log.purge.gap = 1000000 (custom)
2019-11-17 11:09:00,603 [pool-163-thread-1] INFO  server.RaftServerConfigKeys (ConfUtils.java:logGet(43)) - raft.server.log.appender.buffer.byte-limit = 33554432 (custom)
2019-11-17 11:09:00,603 [pool-163-thread-1] INFO  server.RaftServerConfigKeys (ConfUtils.java:logGet(43)) - raft.server.log.segment.size.max = 1048576 (custom)
2019-11-17 11:09:00,603 [pool-163-thread-1] WARN  impl.MetricRegistriesImpl (MetricRegistriesImpl.java:lambda$create$1(61)) - First MetricRegistry has been created without registering reporters. You may need to call MetricRegistries.global().addReportRegistration(...) before.
2019-11-17 11:09:00,603 [pool-163-thread-1] INFO  server.RaftServerConfigKeys (ConfUtils.java:logGet(43)) - raft.server.log.segment.cache.num.max = 2 (custom)
2019-11-17 11:09:00,603 [pool-163-thread-1] INFO  segmented.SegmentedRaftLogWorker (SegmentedRaftLogWorker.java:<init>(173)) - new e8702f59-809d-4833-a306-9e60cd88362b@group-F00BEBCD24A8-SegmentedRaftLogWorker for RaftStorage:Storage Directory /workdir/hadoop-ozone/integration-test/target/test-dir/MiniOzoneClusterImpl-184704d8-2d26-4abc-9155-7ef0d3d35dfc/datanode-1/data/ratis/0c0a028d-9fca-4f3f-8dd7-f00bebcd24a8
2019-11-17 11:09:00,603 [pool-163-thread-1] INFO  server.RaftServerConfigKeys (ConfUtils.java:logGet(43)) - raft.server.log.queue.byte-limit = 2147483647 (custom)
2019-11-17 11:09:00,603 [pool-163-thread-1] INFO  server.RaftServerConfigKeys (ConfUtils.java:logGet(43)) - raft.server.log.queue.element-limit = 1024 (custom)
2019-11-17 11:09:00,604 [pool-163-thread-1] INFO  server.RaftServerConfigKeys (ConfUtils.java:logGet(43)) - raft.server.log.segment.size.max = 1048576 (custom)
2019-11-17 11:09:00,604 [pool-163-thread-1] INFO  server.RaftServerConfigKeys (ConfUtils.java:logGet(43)) - raft.server.log.preallocated.size = 16384 (custom)
2019-11-17 11:09:00,604 [pool-163-thread-1] INFO  server.RaftServerConfigKeys (ConfUtils.java:logGet(43)) - raft.server.log.write.buffer.size = 33554432 (custom)
2019-11-17 11:09:00,604 [pool-163-thread-1] INFO  server.RaftServerConfigKeys (ConfUtils.java:logGet(43)) - raft.server.log.force.sync.num = 128 (default)
2019-11-17 11:09:00,604 [pool-163-thread-1] INFO  server.RaftServerConfigKeys (ConfUtils.java:logGet(43)) - raft.server.log.statemachine.data.sync = true (default)
2019-11-17 11:09:00,604 [pool-163-thread-1] INFO  server.RaftServerConfigKeys (ConfUtils.java:logGet(43)) - raft.server.log.statemachine.data.sync.timeout = 10s (default)
2019-11-17 11:09:00,604 [pool-163-thread-1] INFO  server.RaftServerConfigKeys (ConfUtils.java:logGet(43)) - raft.server.log.statemachine.data.sync.timeout.retry = -1 (default)
2019-11-17 11:09:00,605 [pool-163-thread-1] INFO  server.RaftServerConfigKeys (ConfUtils.java:logGet(43)) - raft.server.log.statemachine.data.caching.enabled = true (custom)
2019-11-17 11:09:00,605 [pool-163-thread-1] INFO  segmented.SegmentedRaftLogWorker (SegmentedRaftLogWorker.java:lambda$new$0(128)) - e8702f59-809d-4833-a306-9e60cd88362b@group-F00BEBCD24A8-SegmentedRaftLogWorker: flushIndex: setUnconditionally 0 -> -1
2019-11-17 11:09:00,605 [pool-163-thread-1] INFO  server.RaftServerConfigKeys (ConfUtils.java:logGet(43)) - raft.server.snapshot.auto.trigger.enabled = true (custom)
2019-11-17 11:09:00,605 [pool-163-thread-1] INFO  server.RaftServerConfigKeys (ConfUtils.java:logGet(43)) - raft.server.snapshot.auto.trigger.threshold = 10000 (custom)
2019-11-17 11:09:00,605 [pool-163-thread-1] INFO  server.RaftServerConfigKeys (ConfUtils.java:logGet(43)) - raft.server.snapshot.retention.file.num = 5 (custom)
2019-11-17 11:09:00,606 [pool-163-thread-1] INFO  server.RaftServerConfigKeys (ConfUtils.java:logGet(43)) - raft.server.retrycache.expirytime = 600000ms (custom)
2019-11-17 11:09:00,606 [pool-163-thread-1] WARN  impl.MetricRegistriesImpl (MetricRegistriesImpl.java:lambda$create$1(61)) - First MetricRegistry has been created without registering reporters. You may need to call MetricRegistries.global().addReportRegistration(...) before.
2019-11-17 11:09:00,606 [pool-163-thread-1] WARN  impl.MetricRegistriesImpl (MetricRegistriesImpl.java:lambda$create$1(61)) - First MetricRegistry has been created without registering reporters. You may need to call MetricRegistries.global().addReportRegistration(...) before.
2019-11-17 11:09:00,606 [pool-163-thread-1] INFO  impl.RaftServerImpl (RaftServerImpl.java:start(184)) - e8702f59-809d-4833-a306-9e60cd88362b@group-F00BEBCD24A8: start as a follower, conf=-1: [e8702f59-809d-4833-a306-9e60cd88362b:192.168.34.35:33634], old=null
2019-11-17 11:09:00,606 [pool-163-thread-1] INFO  impl.RaftServerImpl (RaftServerImpl.java:setRole(173)) - e8702f59-809d-4833-a306-9e60cd88362b@group-F00BEBCD24A8: changes role from      null to FOLLOWER at term 0 for startAsFollower
2019-11-17 11:09:00,606 [pool-163-thread-1] INFO  impl.RoleInfo (RoleInfo.java:updateAndGet(143)) - e8702f59-809d-4833-a306-9e60cd88362b: start FollowerState
2019-11-17 11:09:00,607 [pool-163-thread-1] INFO  util.JmxRegister (JmxRegister.java:tryRegister(44)) - Successfully registered JMX Bean with object name Ratis:service=RaftServer,group=group-F00BEBCD24A8,id=e8702f59-809d-4833-a306-9e60cd88362b
2019-11-17 11:09:00,607 [pool-163-thread-1] WARN  impl.MetricRegistriesImpl (MetricRegistriesImpl.java:lambda$create$1(61)) - First MetricRegistry has been created without registering reporters. You may need to call MetricRegistries.global().addReportRegistration(...) before.
2019-11-17 11:09:00,610 [RatisPipelineUtilsThread] INFO  pipeline.PipelineStateManager (PipelineStateManager.java:addPipeline(55)) - Created pipeline Pipeline[ Id: 0c0a028d-9fca-4f3f-8dd7-f00bebcd24a8, Nodes: e8702f59-809d-4833-a306-9e60cd88362b{ip: 192.168.34.35, host: pr-hdds-2291-5997d-4279494527, networkLocation: /default-rack, certSerialId: null}, Type:RATIS, Factor:ONE, State:ALLOCATED]
2019-11-17 11:09:00,625 [IPC Server handler 2 on 45734] INFO  net.NetworkTopology (NetworkTopologyImpl.java:add(111)) - Added a new node: /default-rack/28ccac35-fb4f-4f0a-a99f-78d96ef6e430
2019-11-17 11:09:00,625 [IPC Server handler 2 on 45734] INFO  node.SCMNodeManager (SCMNodeManager.java:register(267)) - Registered Data node : 28ccac35-fb4f-4f0a-a99f-78d96ef6e430{ip: 192.168.34.35, host: pr-hdds-2291-5997d-4279494527, networkLocation: /default-rack, certSerialId: null}
2019-11-17 11:09:00,633 [grpc-default-executor-2] INFO  impl.RaftServerProxy (RaftServerProxy.java:addNew(89)) - 28ccac35-fb4f-4f0a-a99f-78d96ef6e430: addNew group-240F85207909:[28ccac35-fb4f-4f0a-a99f-78d96ef6e430:192.168.34.35:37581] returns group-240F85207909:java.util.concurrent.CompletableFuture@1261c5c1[Not completed]
2019-11-17 11:09:00,634 [pool-173-thread-1] INFO  impl.RaftServerImpl (RaftServerImpl.java:<init>(98)) - 28ccac35-fb4f-4f0a-a99f-78d96ef6e430: new RaftServerImpl for group-240F85207909:[28ccac35-fb4f-4f0a-a99f-78d96ef6e430:192.168.34.35:37581] with ContainerStateMachine:uninitialized
2019-11-17 11:09:00,635 [pool-173-thread-1] INFO  server.RaftServerConfigKeys (ConfUtils.java:logGet(43)) - raft.server.rpc.timeout.min = 1s (custom)
2019-11-17 11:09:00,635 [pool-173-thread-1] INFO  server.RaftServerConfigKeys (ConfUtils.java:logGet(43)) - raft.server.rpc.timeout.max = 1200ms (custom)
2019-11-17 11:09:00,635 [pool-173-thread-1] INFO  server.RaftServerConfigKeys (ConfUtils.java:logGet(43)) - raft.server.rpcslowness.timeout = 120s (custom)
2019-11-17 11:09:00,635 [pool-173-thread-1] INFO  server.RaftServerConfigKeys (ConfUtils.java:logGet(43)) - raft.server.sleep.deviation.threshold = 300 (default)
2019-11-17 11:09:00,635 [pool-173-thread-1] INFO  server.RaftServerConfigKeys (ConfUtils.java:logGet(43)) - raft.server.log.appender.install.snapshot.enabled = false (custom)
2019-11-17 11:09:00,635 [pool-173-thread-1] INFO  impl.RaftServerImpl (ServerState.java:<init>(103)) - 28ccac35-fb4f-4f0a-a99f-78d96ef6e430@group-240F85207909: ConfigurationManager, init=-1: [28ccac35-fb4f-4f0a-a99f-78d96ef6e430:192.168.34.35:37581], old=null, confs=<EMPTY_MAP>
2019-11-17 11:09:00,636 [pool-173-thread-1] INFO  server.RaftServerConfigKeys (ConfUtils.java:logGet(43)) - raft.server.storage.dir = [/workdir/hadoop-ozone/integration-test/target/test-dir/MiniOzoneClusterImpl-184704d8-2d26-4abc-9155-7ef0d3d35dfc/datanode-2/data/ratis] (custom)
2019-11-17 11:09:00,636 [pool-173-thread-1] INFO  server.RaftServerConfigKeys (ConfUtils.java:logGet(43)) - raft.server.log.corruption.policy = EXCEPTION (default)
2019-11-17 11:09:00,636 [pool-173-thread-1] INFO  storage.RaftStorageDirectory (RaftStorageDirectory.java:analyzeStorage(246)) - The storage directory /workdir/hadoop-ozone/integration-test/target/test-dir/MiniOzoneClusterImpl-184704d8-2d26-4abc-9155-7ef0d3d35dfc/datanode-2/data/ratis/9029b223-5d93-4e50-b7c5-240f85207909 does not exist. Creating ...
2019-11-17 11:09:00,649 [pool-173-thread-1] INFO  storage.RaftStorageDirectory (RaftStorageDirectory.java:tryLock(328)) - Lock on /workdir/hadoop-ozone/integration-test/target/test-dir/MiniOzoneClusterImpl-184704d8-2d26-4abc-9155-7ef0d3d35dfc/datanode-2/data/ratis/9029b223-5d93-4e50-b7c5-240f85207909/in_use.lock acquired by nodename 13849@pr-hdds-2291-5997d-4279494527
2019-11-17 11:09:00,662 [pool-173-thread-1] INFO  storage.RaftStorage (RaftStorage.java:format(84)) - Storage directory /workdir/hadoop-ozone/integration-test/target/test-dir/MiniOzoneClusterImpl-184704d8-2d26-4abc-9155-7ef0d3d35dfc/datanode-2/data/ratis/9029b223-5d93-4e50-b7c5-240f85207909 has been successfully formatted.
2019-11-17 11:09:00,663 [pool-173-thread-1] INFO  ratis.ContainerStateMachine (ContainerStateMachine.java:loadSnapshot(223)) - group-240F85207909: The snapshot info is null. Setting the last applied indexto:(t:0, i:~)
2019-11-17 11:09:00,663 [pool-173-thread-1] INFO  server.RaftServerConfigKeys (ConfUtils.java:logGet(43)) - raft.server.notification.no-leader.timeout = 120s (custom)
2019-11-17 11:09:00,663 [pool-173-thread-1] INFO  server.RaftServerConfigKeys (ConfUtils.java:logGet(43)) - raft.server.log.use.memory = false (default)
2019-11-17 11:09:00,663 [pool-173-thread-1] INFO  server.RaftServerConfigKeys (ConfUtils.java:logGet(43)) - raft.server.log.purge.gap = 1000000 (custom)
2019-11-17 11:09:00,664 [pool-173-thread-1] INFO  server.RaftServerConfigKeys (ConfUtils.java:logGet(43)) - raft.server.log.appender.buffer.byte-limit = 33554432 (custom)
2019-11-17 11:09:00,664 [pool-173-thread-1] INFO  server.RaftServerConfigKeys (ConfUtils.java:logGet(43)) - raft.server.log.segment.size.max = 1048576 (custom)
2019-11-17 11:09:00,664 [pool-173-thread-1] WARN  impl.MetricRegistriesImpl (MetricRegistriesImpl.java:lambda$create$1(61)) - First MetricRegistry has been created without registering reporters. You may need to call MetricRegistries.global().addReportRegistration(...) before.
2019-11-17 11:09:00,664 [pool-173-thread-1] INFO  server.RaftServerConfigKeys (ConfUtils.java:logGet(43)) - raft.server.log.segment.cache.num.max = 2 (custom)
2019-11-17 11:09:00,664 [pool-173-thread-1] INFO  segmented.SegmentedRaftLogWorker (SegmentedRaftLogWorker.java:<init>(173)) - new 28ccac35-fb4f-4f0a-a99f-78d96ef6e430@group-240F85207909-SegmentedRaftLogWorker for RaftStorage:Storage Directory /workdir/hadoop-ozone/integration-test/target/test-dir/MiniOzoneClusterImpl-184704d8-2d26-4abc-9155-7ef0d3d35dfc/datanode-2/data/ratis/9029b223-5d93-4e50-b7c5-240f85207909
2019-11-17 11:09:00,664 [pool-173-thread-1] INFO  server.RaftServerConfigKeys (ConfUtils.java:logGet(43)) - raft.server.log.queue.byte-limit = 2147483647 (custom)
2019-11-17 11:09:00,664 [pool-173-thread-1] INFO  server.RaftServerConfigKeys (ConfUtils.java:logGet(43)) - raft.server.log.queue.element-limit = 1024 (custom)
2019-11-17 11:09:00,665 [pool-173-thread-1] INFO  server.RaftServerConfigKeys (ConfUtils.java:logGet(43)) - raft.server.log.segment.size.max = 1048576 (custom)
2019-11-17 11:09:00,665 [pool-173-thread-1] INFO  server.RaftServerConfigKeys (ConfUtils.java:logGet(43)) - raft.server.log.preallocated.size = 16384 (custom)
2019-11-17 11:09:00,665 [pool-173-thread-1] INFO  server.RaftServerConfigKeys (ConfUtils.java:logGet(43)) - raft.server.log.write.buffer.size = 33554432 (custom)
2019-11-17 11:09:00,665 [pool-173-thread-1] INFO  server.RaftServerConfigKeys (ConfUtils.java:logGet(43)) - raft.server.log.force.sync.num = 128 (default)
2019-11-17 11:09:00,665 [pool-173-thread-1] INFO  server.RaftServerConfigKeys (ConfUtils.java:logGet(43)) - raft.server.log.statemachine.data.sync = true (default)
2019-11-17 11:09:00,665 [pool-173-thread-1] INFO  server.RaftServerConfigKeys (ConfUtils.java:logGet(43)) - raft.server.log.statemachine.data.sync.timeout = 10s (default)
2019-11-17 11:09:00,665 [pool-173-thread-1] INFO  server.RaftServerConfigKeys (ConfUtils.java:logGet(43)) - raft.server.log.statemachine.data.sync.timeout.retry = -1 (default)
2019-11-17 11:09:00,666 [pool-173-thread-1] INFO  server.RaftServerConfigKeys (ConfUtils.java:logGet(43)) - raft.server.log.statemachine.data.caching.enabled = true (custom)
2019-11-17 11:09:00,666 [pool-173-thread-1] INFO  segmented.SegmentedRaftLogWorker (SegmentedRaftLogWorker.java:lambda$new$0(128)) - 28ccac35-fb4f-4f0a-a99f-78d96ef6e430@group-240F85207909-SegmentedRaftLogWorker: flushIndex: setUnconditionally 0 -> -1
2019-11-17 11:09:00,666 [pool-173-thread-1] INFO  server.RaftServerConfigKeys (ConfUtils.java:logGet(43)) - raft.server.snapshot.auto.trigger.enabled = true (custom)
2019-11-17 11:09:00,666 [pool-173-thread-1] INFO  server.RaftServerConfigKeys (ConfUtils.java:logGet(43)) - raft.server.snapshot.auto.trigger.threshold = 10000 (custom)
2019-11-17 11:09:00,667 [pool-173-thread-1] INFO  server.RaftServerConfigKeys (ConfUtils.java:logGet(43)) - raft.server.snapshot.retention.file.num = 5 (custom)
2019-11-17 11:09:00,667 [pool-173-thread-1] INFO  server.RaftServerConfigKeys (ConfUtils.java:logGet(43)) - raft.server.retrycache.expirytime = 600000ms (custom)
2019-11-17 11:09:00,667 [pool-173-thread-1] WARN  impl.MetricRegistriesImpl (MetricRegistriesImpl.java:lambda$create$1(61)) - First MetricRegistry has been created without registering reporters. You may need to call MetricRegistries.global().addReportRegistration(...) before.
2019-11-17 11:09:00,667 [pool-173-thread-1] WARN  impl.MetricRegistriesImpl (MetricRegistriesImpl.java:lambda$create$1(61)) - First MetricRegistry has been created without registering reporters. You may need to call MetricRegistries.global().addReportRegistration(...) before.
2019-11-17 11:09:00,667 [pool-173-thread-1] INFO  impl.RaftServerImpl (RaftServerImpl.java:start(184)) - 28ccac35-fb4f-4f0a-a99f-78d96ef6e430@group-240F85207909: start as a follower, conf=-1: [28ccac35-fb4f-4f0a-a99f-78d96ef6e430:192.168.34.35:37581], old=null
2019-11-17 11:09:00,667 [pool-173-thread-1] INFO  impl.RaftServerImpl (RaftServerImpl.java:setRole(173)) - 28ccac35-fb4f-4f0a-a99f-78d96ef6e430@group-240F85207909: changes role from      null to FOLLOWER at term 0 for startAsFollower
2019-11-17 11:09:00,667 [pool-173-thread-1] INFO  impl.RoleInfo (RoleInfo.java:updateAndGet(143)) - 28ccac35-fb4f-4f0a-a99f-78d96ef6e430: start FollowerState
2019-11-17 11:09:00,668 [pool-173-thread-1] INFO  util.JmxRegister (JmxRegister.java:tryRegister(44)) - Successfully registered JMX Bean with object name Ratis:service=RaftServer,group=group-240F85207909,id=28ccac35-fb4f-4f0a-a99f-78d96ef6e430
2019-11-17 11:09:00,668 [pool-173-thread-1] WARN  impl.MetricRegistriesImpl (MetricRegistriesImpl.java:lambda$create$1(61)) - First MetricRegistry has been created without registering reporters. You may need to call MetricRegistries.global().addReportRegistration(...) before.
2019-11-17 11:09:00,671 [RatisPipelineUtilsThread] INFO  pipeline.PipelineStateManager (PipelineStateManager.java:addPipeline(55)) - Created pipeline Pipeline[ Id: 9029b223-5d93-4e50-b7c5-240f85207909, Nodes: 28ccac35-fb4f-4f0a-a99f-78d96ef6e430{ip: 192.168.34.35, host: pr-hdds-2291-5997d-4279494527, networkLocation: /default-rack, certSerialId: null}, Type:RATIS, Factor:ONE, State:ALLOCATED]
2019-11-17 11:09:00,679 [grpc-default-executor-2] INFO  impl.RaftServerProxy (RaftServerProxy.java:addNew(89)) - ce4f5a27-7d6e-4546-9ae5-5afbf9a8c00c: addNew group-246BD682EBCD:[e8702f59-809d-4833-a306-9e60cd88362b:192.168.34.35:33634, ce4f5a27-7d6e-4546-9ae5-5afbf9a8c00c:192.168.34.35:44254, 28ccac35-fb4f-4f0a-a99f-78d96ef6e430:192.168.34.35:37581] returns group-246BD682EBCD:java.util.concurrent.CompletableFuture@7407755b[Not completed]
2019-11-17 11:09:00,679 [grpc-default-executor-4] INFO  impl.RaftServerProxy (RaftServerProxy.java:addNew(89)) - e8702f59-809d-4833-a306-9e60cd88362b: addNew group-246BD682EBCD:[e8702f59-809d-4833-a306-9e60cd88362b:192.168.34.35:33634, ce4f5a27-7d6e-4546-9ae5-5afbf9a8c00c:192.168.34.35:44254, 28ccac35-fb4f-4f0a-a99f-78d96ef6e430:192.168.34.35:37581] returns group-246BD682EBCD:java.util.concurrent.CompletableFuture@16a950bc[Not completed]
2019-11-17 11:09:00,680 [grpc-default-executor-2] INFO  impl.RaftServerProxy (RaftServerProxy.java:addNew(89)) - 28ccac35-fb4f-4f0a-a99f-78d96ef6e430: addNew group-246BD682EBCD:[e8702f59-809d-4833-a306-9e60cd88362b:192.168.34.35:33634, ce4f5a27-7d6e-4546-9ae5-5afbf9a8c00c:192.168.34.35:44254, 28ccac35-fb4f-4f0a-a99f-78d96ef6e430:192.168.34.35:37581] returns group-246BD682EBCD:java.util.concurrent.CompletableFuture@616f99c4[Not completed]
2019-11-17 11:09:00,681 [pool-153-thread-1] INFO  impl.RaftServerImpl (RaftServerImpl.java:<init>(98)) - ce4f5a27-7d6e-4546-9ae5-5afbf9a8c00c: new RaftServerImpl for group-246BD682EBCD:[e8702f59-809d-4833-a306-9e60cd88362b:192.168.34.35:33634, ce4f5a27-7d6e-4546-9ae5-5afbf9a8c00c:192.168.34.35:44254, 28ccac35-fb4f-4f0a-a99f-78d96ef6e430:192.168.34.35:37581] with ContainerStateMachine:uninitialized
2019-11-17 11:09:00,681 [pool-153-thread-1] INFO  server.RaftServerConfigKeys (ConfUtils.java:logGet(43)) - raft.server.rpc.timeout.min = 1s (custom)
2019-11-17 11:09:00,681 [pool-153-thread-1] INFO  server.RaftServerConfigKeys (ConfUtils.java:logGet(43)) - raft.server.rpc.timeout.max = 1200ms (custom)
2019-11-17 11:09:00,682 [pool-153-thread-1] INFO  server.RaftServerConfigKeys (ConfUtils.java:logGet(43)) - raft.server.rpcslowness.timeout = 120s (custom)
2019-11-17 11:09:00,682 [pool-173-thread-1] INFO  impl.RaftServerImpl (RaftServerImpl.java:<init>(98)) - 28ccac35-fb4f-4f0a-a99f-78d96ef6e430: new RaftServerImpl for group-246BD682EBCD:[e8702f59-809d-4833-a306-9e60cd88362b:192.168.34.35:33634, ce4f5a27-7d6e-4546-9ae5-5afbf9a8c00c:192.168.34.35:44254, 28ccac35-fb4f-4f0a-a99f-78d96ef6e430:192.168.34.35:37581] with ContainerStateMachine:uninitialized
2019-11-17 11:09:00,682 [pool-153-thread-1] INFO  server.RaftServerConfigKeys (ConfUtils.java:logGet(43)) - raft.server.sleep.deviation.threshold = 300 (default)
2019-11-17 11:09:00,682 [pool-173-thread-1] INFO  server.RaftServerConfigKeys (ConfUtils.java:logGet(43)) - raft.server.rpc.timeout.min = 1s (custom)
2019-11-17 11:09:00,682 [pool-153-thread-1] INFO  server.RaftServerConfigKeys (ConfUtils.java:logGet(43)) - raft.server.log.appender.install.snapshot.enabled = false (custom)
2019-11-17 11:09:00,682 [pool-173-thread-1] INFO  server.RaftServerConfigKeys (ConfUtils.java:logGet(43)) - raft.server.rpc.timeout.max = 1200ms (custom)
2019-11-17 11:09:00,682 [pool-153-thread-1] INFO  impl.RaftServerImpl (ServerState.java:<init>(103)) - ce4f5a27-7d6e-4546-9ae5-5afbf9a8c00c@group-246BD682EBCD: ConfigurationManager, init=-1: [e8702f59-809d-4833-a306-9e60cd88362b:192.168.34.35:33634, ce4f5a27-7d6e-4546-9ae5-5afbf9a8c00c:192.168.34.35:44254, 28ccac35-fb4f-4f0a-a99f-78d96ef6e430:192.168.34.35:37581], old=null, confs=<EMPTY_MAP>
2019-11-17 11:09:00,682 [pool-173-thread-1] INFO  server.RaftServerConfigKeys (ConfUtils.java:logGet(43)) - raft.server.rpcslowness.timeout = 120s (custom)
2019-11-17 11:09:00,683 [pool-153-thread-1] INFO  server.RaftServerConfigKeys (ConfUtils.java:logGet(43)) - raft.server.storage.dir = [/workdir/hadoop-ozone/integration-test/target/test-dir/MiniOzoneClusterImpl-184704d8-2d26-4abc-9155-7ef0d3d35dfc/datanode-0/data/ratis] (custom)
2019-11-17 11:09:00,683 [pool-163-thread-1] INFO  impl.RaftServerImpl (RaftServerImpl.java:<init>(98)) - e8702f59-809d-4833-a306-9e60cd88362b: new RaftServerImpl for group-246BD682EBCD:[e8702f59-809d-4833-a306-9e60cd88362b:192.168.34.35:33634, ce4f5a27-7d6e-4546-9ae5-5afbf9a8c00c:192.168.34.35:44254, 28ccac35-fb4f-4f0a-a99f-78d96ef6e430:192.168.34.35:37581] with ContainerStateMachine:uninitialized
2019-11-17 11:09:00,683 [pool-173-thread-1] INFO  server.RaftServerConfigKeys (ConfUtils.java:logGet(43)) - raft.server.sleep.deviation.threshold = 300 (default)
2019-11-17 11:09:00,683 [pool-163-thread-1] INFO  server.RaftServerConfigKeys (ConfUtils.java:logGet(43)) - raft.server.rpc.timeout.min = 1s (custom)
2019-11-17 11:09:00,683 [pool-153-thread-1] INFO  server.RaftServerConfigKeys (ConfUtils.java:logGet(43)) - raft.server.log.corruption.policy = EXCEPTION (default)
2019-11-17 11:09:00,683 [pool-163-thread-1] INFO  server.RaftServerConfigKeys (ConfUtils.java:logGet(43)) - raft.server.rpc.timeout.max = 1200ms (custom)
2019-11-17 11:09:00,683 [pool-173-thread-1] INFO  server.RaftServerConfigKeys (ConfUtils.java:logGet(43)) - raft.server.log.appender.install.snapshot.enabled = false (custom)
2019-11-17 11:09:00,683 [pool-163-thread-1] INFO  server.RaftServerConfigKeys (ConfUtils.java:logGet(43)) - raft.server.rpcslowness.timeout = 120s (custom)
2019-11-17 11:09:00,683 [pool-153-thread-1] INFO  storage.RaftStorageDirectory (RaftStorageDirectory.java:analyzeStorage(246)) - The storage directory /workdir/hadoop-ozone/integration-test/target/test-dir/MiniOzoneClusterImpl-184704d8-2d26-4abc-9155-7ef0d3d35dfc/datanode-0/data/ratis/c7e8b361-2cee-444b-aa69-246bd682ebcd does not exist. Creating ...
2019-11-17 11:09:00,684 [pool-163-thread-1] INFO  server.RaftServerConfigKeys (ConfUtils.java:logGet(43)) - raft.server.sleep.deviation.threshold = 300 (default)
2019-11-17 11:09:00,684 [pool-173-thread-1] INFO  impl.RaftServerImpl (ServerState.java:<init>(103)) - 28ccac35-fb4f-4f0a-a99f-78d96ef6e430@group-246BD682EBCD: ConfigurationManager, init=-1: [e8702f59-809d-4833-a306-9e60cd88362b:192.168.34.35:33634, ce4f5a27-7d6e-4546-9ae5-5afbf9a8c00c:192.168.34.35:44254, 28ccac35-fb4f-4f0a-a99f-78d96ef6e430:192.168.34.35:37581], old=null, confs=<EMPTY_MAP>
2019-11-17 11:09:00,684 [pool-163-thread-1] INFO  server.RaftServerConfigKeys (ConfUtils.java:logGet(43)) - raft.server.log.appender.install.snapshot.enabled = false (custom)
2019-11-17 11:09:00,684 [pool-173-thread-1] INFO  server.RaftServerConfigKeys (ConfUtils.java:logGet(43)) - raft.server.storage.dir = [/workdir/hadoop-ozone/integration-test/target/test-dir/MiniOzoneClusterImpl-184704d8-2d26-4abc-9155-7ef0d3d35dfc/datanode-2/data/ratis] (custom)
2019-11-17 11:09:00,684 [pool-163-thread-1] INFO  impl.RaftServerImpl (ServerState.java:<init>(103)) - e8702f59-809d-4833-a306-9e60cd88362b@group-246BD682EBCD: ConfigurationManager, init=-1: [e8702f59-809d-4833-a306-9e60cd88362b:192.168.34.35:33634, ce4f5a27-7d6e-4546-9ae5-5afbf9a8c00c:192.168.34.35:44254, 28ccac35-fb4f-4f0a-a99f-78d96ef6e430:192.168.34.35:37581], old=null, confs=<EMPTY_MAP>
2019-11-17 11:09:00,684 [pool-173-thread-1] INFO  server.RaftServerConfigKeys (ConfUtils.java:logGet(43)) - raft.server.log.corruption.policy = EXCEPTION (default)
2019-11-17 11:09:00,685 [pool-163-thread-1] INFO  server.RaftServerConfigKeys (ConfUtils.java:logGet(43)) - raft.server.storage.dir = [/workdir/hadoop-ozone/integration-test/target/test-dir/MiniOzoneClusterImpl-184704d8-2d26-4abc-9155-7ef0d3d35dfc/datanode-1/data/ratis] (custom)
2019-11-17 11:09:00,685 [pool-173-thread-1] INFO  storage.RaftStorageDirectory (RaftStorageDirectory.java:analyzeStorage(246)) - The storage directory /workdir/hadoop-ozone/integration-test/target/test-dir/MiniOzoneClusterImpl-184704d8-2d26-4abc-9155-7ef0d3d35dfc/datanode-2/data/ratis/c7e8b361-2cee-444b-aa69-246bd682ebcd does not exist. Creating ...
2019-11-17 11:09:00,685 [pool-163-thread-1] INFO  server.RaftServerConfigKeys (ConfUtils.java:logGet(43)) - raft.server.log.corruption.policy = EXCEPTION (default)
2019-11-17 11:09:00,685 [pool-163-thread-1] INFO  storage.RaftStorageDirectory (RaftStorageDirectory.java:analyzeStorage(246)) - The storage directory /workdir/hadoop-ozone/integration-test/target/test-dir/MiniOzoneClusterImpl-184704d8-2d26-4abc-9155-7ef0d3d35dfc/datanode-1/data/ratis/c7e8b361-2cee-444b-aa69-246bd682ebcd does not exist. Creating ...
2019-11-17 11:09:00,689 [IPC Server handler 3 on 45734] INFO  net.NetworkTopology (NetworkTopologyImpl.java:add(111)) - Added a new node: /default-rack/fa2fcff1-083d-4cf3-acfd-0486da9214fd
2019-11-17 11:09:00,689 [IPC Server handler 3 on 45734] INFO  node.SCMNodeManager (SCMNodeManager.java:register(267)) - Registered Data node : fa2fcff1-083d-4cf3-acfd-0486da9214fd{ip: 192.168.34.35, host: pr-hdds-2291-5997d-4279494527, networkLocation: /default-rack, certSerialId: null}
2019-11-17 11:09:00,697 [pool-173-thread-1] INFO  storage.RaftStorageDirectory (RaftStorageDirectory.java:tryLock(328)) - Lock on /workdir/hadoop-ozone/integration-test/target/test-dir/MiniOzoneClusterImpl-184704d8-2d26-4abc-9155-7ef0d3d35dfc/datanode-2/data/ratis/c7e8b361-2cee-444b-aa69-246bd682ebcd/in_use.lock acquired by nodename 13849@pr-hdds-2291-5997d-4279494527
2019-11-17 11:09:00,697 [pool-153-thread-1] INFO  storage.RaftStorageDirectory (RaftStorageDirectory.java:tryLock(328)) - Lock on /workdir/hadoop-ozone/integration-test/target/test-dir/MiniOzoneClusterImpl-184704d8-2d26-4abc-9155-7ef0d3d35dfc/datanode-0/data/ratis/c7e8b361-2cee-444b-aa69-246bd682ebcd/in_use.lock acquired by nodename 13849@pr-hdds-2291-5997d-4279494527
2019-11-17 11:09:00,697 [pool-163-thread-1] INFO  storage.RaftStorageDirectory (RaftStorageDirectory.java:tryLock(328)) - Lock on /workdir/hadoop-ozone/integration-test/target/test-dir/MiniOzoneClusterImpl-184704d8-2d26-4abc-9155-7ef0d3d35dfc/datanode-1/data/ratis/c7e8b361-2cee-444b-aa69-246bd682ebcd/in_use.lock acquired by nodename 13849@pr-hdds-2291-5997d-4279494527
2019-11-17 11:09:00,711 [pool-173-thread-1] INFO  storage.RaftStorage (RaftStorage.java:format(84)) - Storage directory /workdir/hadoop-ozone/integration-test/target/test-dir/MiniOzoneClusterImpl-184704d8-2d26-4abc-9155-7ef0d3d35dfc/datanode-2/data/ratis/c7e8b361-2cee-444b-aa69-246bd682ebcd has been successfully formatted.
2019-11-17 11:09:00,711 [pool-163-thread-1] INFO  storage.RaftStorage (RaftStorage.java:format(84)) - Storage directory /workdir/hadoop-ozone/integration-test/target/test-dir/MiniOzoneClusterImpl-184704d8-2d26-4abc-9155-7ef0d3d35dfc/datanode-1/data/ratis/c7e8b361-2cee-444b-aa69-246bd682ebcd has been successfully formatted.
2019-11-17 11:09:00,711 [pool-173-thread-1] INFO  ratis.ContainerStateMachine (ContainerStateMachine.java:loadSnapshot(223)) - group-246BD682EBCD: The snapshot info is null. Setting the last applied indexto:(t:0, i:~)
2019-11-17 11:09:00,711 [pool-153-thread-1] INFO  storage.RaftStorage (RaftStorage.java:format(84)) - Storage directory /workdir/hadoop-ozone/integration-test/target/test-dir/MiniOzoneClusterImpl-184704d8-2d26-4abc-9155-7ef0d3d35dfc/datanode-0/data/ratis/c7e8b361-2cee-444b-aa69-246bd682ebcd has been successfully formatted.
2019-11-17 11:09:00,711 [pool-163-thread-1] INFO  ratis.ContainerStateMachine (ContainerStateMachine.java:loadSnapshot(223)) - group-246BD682EBCD: The snapshot info is null. Setting the last applied indexto:(t:0, i:~)
2019-11-17 11:09:00,711 [pool-173-thread-1] INFO  server.RaftServerConfigKeys (ConfUtils.java:logGet(43)) - raft.server.notification.no-leader.timeout = 120s (custom)
2019-11-17 11:09:00,711 [pool-163-thread-1] INFO  server.RaftServerConfigKeys (ConfUtils.java:logGet(43)) - raft.server.notification.no-leader.timeout = 120s (custom)
2019-11-17 11:09:00,711 [pool-153-thread-1] INFO  ratis.ContainerStateMachine (ContainerStateMachine.java:loadSnapshot(223)) - group-246BD682EBCD: The snapshot info is null. Setting the last applied indexto:(t:0, i:~)
2019-11-17 11:09:00,712 [pool-163-thread-1] INFO  server.RaftServerConfigKeys (ConfUtils.java:logGet(43)) - raft.server.log.use.memory = false (default)
2019-11-17 11:09:00,712 [pool-173-thread-1] INFO  server.RaftServerConfigKeys (ConfUtils.java:logGet(43)) - raft.server.log.use.memory = false (default)
2019-11-17 11:09:00,712 [pool-163-thread-1] INFO  server.RaftServerConfigKeys (ConfUtils.java:logGet(43)) - raft.server.log.purge.gap = 1000000 (custom)
2019-11-17 11:09:00,712 [pool-153-thread-1] INFO  server.RaftServerConfigKeys (ConfUtils.java:logGet(43)) - raft.server.notification.no-leader.timeout = 120s (custom)
2019-11-17 11:09:00,712 [pool-163-thread-1] INFO  server.RaftServerConfigKeys (ConfUtils.java:logGet(43)) - raft.server.log.appender.buffer.byte-limit = 33554432 (custom)
2019-11-17 11:09:00,712 [pool-173-thread-1] INFO  server.RaftServerConfigKeys (ConfUtils.java:logGet(43)) - raft.server.log.purge.gap = 1000000 (custom)
2019-11-17 11:09:00,712 [pool-163-thread-1] INFO  server.RaftServerConfigKeys (ConfUtils.java:logGet(43)) - raft.server.log.segment.size.max = 1048576 (custom)
2019-11-17 11:09:00,712 [pool-153-thread-1] INFO  server.RaftServerConfigKeys (ConfUtils.java:logGet(43)) - raft.server.log.use.memory = false (default)
2019-11-17 11:09:00,713 [pool-163-thread-1] INFO  server.RaftServerConfigKeys (ConfUtils.java:logGet(43)) - raft.server.log.segment.cache.num.max = 2 (custom)
2019-11-17 11:09:00,713 [pool-173-thread-1] INFO  server.RaftServerConfigKeys (ConfUtils.java:logGet(43)) - raft.server.log.appender.buffer.byte-limit = 33554432 (custom)
2019-11-17 11:09:00,713 [pool-173-thread-1] INFO  server.RaftServerConfigKeys (ConfUtils.java:logGet(43)) - raft.server.log.segment.size.max = 1048576 (custom)
2019-11-17 11:09:00,713 [pool-163-thread-1] INFO  segmented.SegmentedRaftLogWorker (SegmentedRaftLogWorker.java:<init>(173)) - new e8702f59-809d-4833-a306-9e60cd88362b@group-246BD682EBCD-SegmentedRaftLogWorker for RaftStorage:Storage Directory /workdir/hadoop-ozone/integration-test/target/test-dir/MiniOzoneClusterImpl-184704d8-2d26-4abc-9155-7ef0d3d35dfc/datanode-1/data/ratis/c7e8b361-2cee-444b-aa69-246bd682ebcd
2019-11-17 11:09:00,713 [pool-153-thread-1] INFO  server.RaftServerConfigKeys (ConfUtils.java:logGet(43)) - raft.server.log.purge.gap = 1000000 (custom)
2019-11-17 11:09:00,713 [pool-163-thread-1] INFO  server.RaftServerConfigKeys (ConfUtils.java:logGet(43)) - raft.server.log.queue.byte-limit = 2147483647 (custom)
2019-11-17 11:09:00,713 [pool-173-thread-1] INFO  server.RaftServerConfigKeys (ConfUtils.java:logGet(43)) - raft.server.log.segment.cache.num.max = 2 (custom)
2019-11-17 11:09:00,714 [pool-163-thread-1] INFO  server.RaftServerConfigKeys (ConfUtils.java:logGet(43)) - raft.server.log.queue.element-limit = 1024 (custom)
2019-11-17 11:09:00,714 [pool-153-thread-1] INFO  server.RaftServerConfigKeys (ConfUtils.java:logGet(43)) - raft.server.log.appender.buffer.byte-limit = 33554432 (custom)
2019-11-17 11:09:00,714 [pool-153-thread-1] INFO  server.RaftServerConfigKeys (ConfUtils.java:logGet(43)) - raft.server.log.segment.size.max = 1048576 (custom)
2019-11-17 11:09:00,714 [pool-163-thread-1] INFO  server.RaftServerConfigKeys (ConfUtils.java:logGet(43)) - raft.server.log.segment.size.max = 1048576 (custom)
2019-11-17 11:09:00,714 [pool-173-thread-1] INFO  segmented.SegmentedRaftLogWorker (SegmentedRaftLogWorker.java:<init>(173)) - new 28ccac35-fb4f-4f0a-a99f-78d96ef6e430@group-246BD682EBCD-SegmentedRaftLogWorker for RaftStorage:Storage Directory /workdir/hadoop-ozone/integration-test/target/test-dir/MiniOzoneClusterImpl-184704d8-2d26-4abc-9155-7ef0d3d35dfc/datanode-2/data/ratis/c7e8b361-2cee-444b-aa69-246bd682ebcd
2019-11-17 11:09:00,714 [pool-163-thread-1] INFO  server.RaftServerConfigKeys (ConfUtils.java:logGet(43)) - raft.server.log.preallocated.size = 16384 (custom)
2019-11-17 11:09:00,714 [pool-153-thread-1] INFO  server.RaftServerConfigKeys (ConfUtils.java:logGet(43)) - raft.server.log.segment.cache.num.max = 2 (custom)
2019-11-17 11:09:00,715 [pool-163-thread-1] INFO  server.RaftServerConfigKeys (ConfUtils.java:logGet(43)) - raft.server.log.write.buffer.size = 33554432 (custom)
2019-11-17 11:09:00,714 [pool-173-thread-1] INFO  server.RaftServerConfigKeys (ConfUtils.java:logGet(43)) - raft.server.log.queue.byte-limit = 2147483647 (custom)
2019-11-17 11:09:00,715 [pool-163-thread-1] INFO  server.RaftServerConfigKeys (ConfUtils.java:logGet(43)) - raft.server.log.force.sync.num = 128 (default)
2019-11-17 11:09:00,715 [pool-153-thread-1] INFO  segmented.SegmentedRaftLogWorker (SegmentedRaftLogWorker.java:<init>(173)) - new ce4f5a27-7d6e-4546-9ae5-5afbf9a8c00c@group-246BD682EBCD-SegmentedRaftLogWorker for RaftStorage:Storage Directory /workdir/hadoop-ozone/integration-test/target/test-dir/MiniOzoneClusterImpl-184704d8-2d26-4abc-9155-7ef0d3d35dfc/datanode-0/data/ratis/c7e8b361-2cee-444b-aa69-246bd682ebcd
2019-11-17 11:09:00,715 [pool-163-thread-1] INFO  server.RaftServerConfigKeys (ConfUtils.java:logGet(43)) - raft.server.log.statemachine.data.sync = true (default)
2019-11-17 11:09:00,715 [pool-173-thread-1] INFO  server.RaftServerConfigKeys (ConfUtils.java:logGet(43)) - raft.server.log.queue.element-limit = 1024 (custom)
2019-11-17 11:09:00,715 [pool-163-thread-1] INFO  server.RaftServerConfigKeys (ConfUtils.java:logGet(43)) - raft.server.log.statemachine.data.sync.timeout = 10s (default)
2019-11-17 11:09:00,715 [pool-153-thread-1] INFO  server.RaftServerConfigKeys (ConfUtils.java:logGet(43)) - raft.server.log.queue.byte-limit = 2147483647 (custom)
2019-11-17 11:09:00,715 [pool-163-thread-1] INFO  server.RaftServerConfigKeys (ConfUtils.java:logGet(43)) - raft.server.log.statemachine.data.sync.timeout.retry = -1 (default)
2019-11-17 11:09:00,715 [pool-173-thread-1] INFO  server.RaftServerConfigKeys (ConfUtils.java:logGet(43)) - raft.server.log.segment.size.max = 1048576 (custom)
2019-11-17 11:09:00,716 [pool-163-thread-1] INFO  server.RaftServerConfigKeys (ConfUtils.java:logGet(43)) - raft.server.log.statemachine.data.caching.enabled = true (custom)
2019-11-17 11:09:00,716 [pool-153-thread-1] INFO  server.RaftServerConfigKeys (ConfUtils.java:logGet(43)) - raft.server.log.queue.element-limit = 1024 (custom)
2019-11-17 11:09:00,716 [pool-173-thread-1] INFO  server.RaftServerConfigKeys (ConfUtils.java:logGet(43)) - raft.server.log.preallocated.size = 16384 (custom)
2019-11-17 11:09:00,716 [pool-153-thread-1] INFO  server.RaftServerConfigKeys (ConfUtils.java:logGet(43)) - raft.server.log.segment.size.max = 1048576 (custom)
2019-11-17 11:09:00,716 [pool-173-thread-1] INFO  server.RaftServerConfigKeys (ConfUtils.java:logGet(43)) - raft.server.log.write.buffer.size = 33554432 (custom)
2019-11-17 11:09:00,716 [pool-163-thread-1] INFO  segmented.SegmentedRaftLogWorker (SegmentedRaftLogWorker.java:lambda$new$0(128)) - e8702f59-809d-4833-a306-9e60cd88362b@group-246BD682EBCD-SegmentedRaftLogWorker: flushIndex: setUnconditionally 0 -> -1
2019-11-17 11:09:00,716 [pool-173-thread-1] INFO  server.RaftServerConfigKeys (ConfUtils.java:logGet(43)) - raft.server.log.force.sync.num = 128 (default)
2019-11-17 11:09:00,717 [pool-173-thread-1] INFO  server.RaftServerConfigKeys (ConfUtils.java:logGet(43)) - raft.server.log.statemachine.data.sync = true (default)
2019-11-17 11:09:00,716 [pool-153-thread-1] INFO  server.RaftServerConfigKeys (ConfUtils.java:logGet(43)) - raft.server.log.preallocated.size = 16384 (custom)
2019-11-17 11:09:00,717 [pool-163-thread-1] INFO  server.RaftServerConfigKeys (ConfUtils.java:logGet(43)) - raft.server.snapshot.auto.trigger.enabled = true (custom)
2019-11-17 11:09:00,717 [pool-173-thread-1] INFO  server.RaftServerConfigKeys (ConfUtils.java:logGet(43)) - raft.server.log.statemachine.data.sync.timeout = 10s (default)
2019-11-17 11:09:00,717 [pool-163-thread-1] INFO  server.RaftServerConfigKeys (ConfUtils.java:logGet(43)) - raft.server.snapshot.auto.trigger.threshold = 10000 (custom)
2019-11-17 11:09:00,717 [pool-153-thread-1] INFO  server.RaftServerConfigKeys (ConfUtils.java:logGet(43)) - raft.server.log.write.buffer.size = 33554432 (custom)
2019-11-17 11:09:00,717 [pool-163-thread-1] INFO  server.RaftServerConfigKeys (ConfUtils.java:logGet(43)) - raft.server.snapshot.retention.file.num = 5 (custom)
2019-11-17 11:09:00,717 [pool-173-thread-1] INFO  server.RaftServerConfigKeys (ConfUtils.java:logGet(43)) - raft.server.log.statemachine.data.sync.timeout.retry = -1 (default)
2019-11-17 11:09:00,717 [pool-163-thread-1] INFO  server.RaftServerConfigKeys (ConfUtils.java:logGet(43)) - raft.server.retrycache.expirytime = 600000ms (custom)
2019-11-17 11:09:00,717 [pool-153-thread-1] INFO  server.RaftServerConfigKeys (ConfUtils.java:logGet(43)) - raft.server.log.force.sync.num = 128 (default)
2019-11-17 11:09:00,718 [pool-163-thread-1] WARN  impl.MetricRegistriesImpl (MetricRegistriesImpl.java:lambda$create$1(61)) - First MetricRegistry has been created without registering reporters. You may need to call MetricRegistries.global().addReportRegistration(...) before.
2019-11-17 11:09:00,718 [pool-173-thread-1] INFO  server.RaftServerConfigKeys (ConfUtils.java:logGet(43)) - raft.server.log.statemachine.data.caching.enabled = true (custom)
2019-11-17 11:09:00,718 [pool-163-thread-1] WARN  impl.MetricRegistriesImpl (MetricRegistriesImpl.java:lambda$create$1(61)) - First MetricRegistry has been created without registering reporters. You may need to call MetricRegistries.global().addReportRegistration(...) before.
2019-11-17 11:09:00,718 [pool-153-thread-1] INFO  server.RaftServerConfigKeys (ConfUtils.java:logGet(43)) - raft.server.log.statemachine.data.sync = true (default)
2019-11-17 11:09:00,718 [pool-163-thread-1] INFO  impl.RaftServerImpl (RaftServerImpl.java:start(184)) - e8702f59-809d-4833-a306-9e60cd88362b@group-246BD682EBCD: start as a follower, conf=-1: [e8702f59-809d-4833-a306-9e60cd88362b:192.168.34.35:33634, ce4f5a27-7d6e-4546-9ae5-5afbf9a8c00c:192.168.34.35:44254, 28ccac35-fb4f-4f0a-a99f-78d96ef6e430:192.168.34.35:37581], old=null
2019-11-17 11:09:00,718 [pool-173-thread-1] INFO  segmented.SegmentedRaftLogWorker (SegmentedRaftLogWorker.java:lambda$new$0(128)) - 28ccac35-fb4f-4f0a-a99f-78d96ef6e430@group-246BD682EBCD-SegmentedRaftLogWorker: flushIndex: setUnconditionally 0 -> -1
2019-11-17 11:09:00,718 [pool-163-thread-1] INFO  impl.RaftServerImpl (RaftServerImpl.java:setRole(173)) - e8702f59-809d-4833-a306-9e60cd88362b@group-246BD682EBCD: changes role from      null to FOLLOWER at term 0 for startAsFollower
2019-11-17 11:09:00,718 [pool-153-thread-1] INFO  server.RaftServerConfigKeys (ConfUtils.java:logGet(43)) - raft.server.log.statemachine.data.sync.timeout = 10s (default)
2019-11-17 11:09:00,719 [pool-163-thread-1] INFO  impl.RoleInfo (RoleInfo.java:updateAndGet(143)) - e8702f59-809d-4833-a306-9e60cd88362b: start FollowerState
2019-11-17 11:09:00,719 [pool-173-thread-1] INFO  server.RaftServerConfigKeys (ConfUtils.java:logGet(43)) - raft.server.snapshot.auto.trigger.enabled = true (custom)
2019-11-17 11:09:00,719 [pool-153-thread-1] INFO  server.RaftServerConfigKeys (ConfUtils.java:logGet(43)) - raft.server.log.statemachine.data.sync.timeout.retry = -1 (default)
2019-11-17 11:09:00,719 [pool-173-thread-1] INFO  server.RaftServerConfigKeys (ConfUtils.java:logGet(43)) - raft.server.snapshot.auto.trigger.threshold = 10000 (custom)
2019-11-17 11:09:00,719 [pool-153-thread-1] INFO  server.RaftServerConfigKeys (ConfUtils.java:logGet(43)) - raft.server.log.statemachine.data.caching.enabled = true (custom)
2019-11-17 11:09:00,719 [pool-163-thread-1] INFO  util.JmxRegister (JmxRegister.java:tryRegister(44)) - Successfully registered JMX Bean with object name Ratis:service=RaftServer,group=group-246BD682EBCD,id=e8702f59-809d-4833-a306-9e60cd88362b
2019-11-17 11:09:00,719 [pool-173-thread-1] INFO  server.RaftServerConfigKeys (ConfUtils.java:logGet(43)) - raft.server.snapshot.retention.file.num = 5 (custom)
2019-11-17 11:09:00,719 [pool-153-thread-1] INFO  segmented.SegmentedRaftLogWorker (SegmentedRaftLogWorker.java:lambda$new$0(128)) - ce4f5a27-7d6e-4546-9ae5-5afbf9a8c00c@group-246BD682EBCD-SegmentedRaftLogWorker: flushIndex: setUnconditionally 0 -> -1
2019-11-17 11:09:00,719 [pool-163-thread-1] WARN  impl.MetricRegistriesImpl (MetricRegistriesImpl.java:lambda$create$1(61)) - First MetricRegistry has been created without registering reporters. You may need to call MetricRegistries.global().addReportRegistration(...) before.
2019-11-17 11:09:00,720 [pool-173-thread-1] INFO  server.RaftServerConfigKeys (ConfUtils.java:logGet(43)) - raft.server.retrycache.expirytime = 600000ms (custom)
2019-11-17 11:09:00,720 [pool-153-thread-1] INFO  server.RaftServerConfigKeys (ConfUtils.java:logGet(43)) - raft.server.snapshot.auto.trigger.enabled = true (custom)
2019-11-17 11:09:00,720 [pool-173-thread-1] WARN  impl.MetricRegistriesImpl (MetricRegistriesImpl.java:lambda$create$1(61)) - First MetricRegistry has been created without registering reporters. You may need to call MetricRegistries.global().addReportRegistration(...) before.
2019-11-17 11:09:00,720 [pool-153-thread-1] INFO  server.RaftServerConfigKeys (ConfUtils.java:logGet(43)) - raft.server.snapshot.auto.trigger.threshold = 10000 (custom)
2019-11-17 11:09:00,720 [pool-153-thread-1] INFO  server.RaftServerConfigKeys (ConfUtils.java:logGet(43)) - raft.server.snapshot.retention.file.num = 5 (custom)
2019-11-17 11:09:00,720 [pool-173-thread-1] WARN  impl.MetricRegistriesImpl (MetricRegistriesImpl.java:lambda$create$1(61)) - First MetricRegistry has been created without registering reporters. You may need to call MetricRegistries.global().addReportRegistration(...) before.
2019-11-17 11:09:00,720 [pool-153-thread-1] INFO  server.RaftServerConfigKeys (ConfUtils.java:logGet(43)) - raft.server.retrycache.expirytime = 600000ms (custom)
2019-11-17 11:09:00,721 [pool-173-thread-1] INFO  impl.RaftServerImpl (RaftServerImpl.java:start(184)) - 28ccac35-fb4f-4f0a-a99f-78d96ef6e430@group-246BD682EBCD: start as a follower, conf=-1: [e8702f59-809d-4833-a306-9e60cd88362b:192.168.34.35:33634, ce4f5a27-7d6e-4546-9ae5-5afbf9a8c00c:192.168.34.35:44254, 28ccac35-fb4f-4f0a-a99f-78d96ef6e430:192.168.34.35:37581], old=null
2019-11-17 11:09:00,721 [pool-153-thread-1] WARN  impl.MetricRegistriesImpl (MetricRegistriesImpl.java:lambda$create$1(61)) - First MetricRegistry has been created without registering reporters. You may need to call MetricRegistries.global().addReportRegistration(...) before.
2019-11-17 11:09:00,721 [pool-173-thread-1] INFO  impl.RaftServerImpl (RaftServerImpl.java:setRole(173)) - 28ccac35-fb4f-4f0a-a99f-78d96ef6e430@group-246BD682EBCD: changes role from      null to FOLLOWER at term 0 for startAsFollower
2019-11-17 11:09:00,721 [pool-153-thread-1] WARN  impl.MetricRegistriesImpl (MetricRegistriesImpl.java:lambda$create$1(61)) - First MetricRegistry has been created without registering reporters. You may need to call MetricRegistries.global().addReportRegistration(...) before.
2019-11-17 11:09:00,721 [pool-173-thread-1] INFO  impl.RoleInfo (RoleInfo.java:updateAndGet(143)) - 28ccac35-fb4f-4f0a-a99f-78d96ef6e430: start FollowerState
2019-11-17 11:09:00,721 [pool-153-thread-1] INFO  impl.RaftServerImpl (RaftServerImpl.java:start(184)) - ce4f5a27-7d6e-4546-9ae5-5afbf9a8c00c@group-246BD682EBCD: start as a follower, conf=-1: [e8702f59-809d-4833-a306-9e60cd88362b:192.168.34.35:33634, ce4f5a27-7d6e-4546-9ae5-5afbf9a8c00c:192.168.34.35:44254, 28ccac35-fb4f-4f0a-a99f-78d96ef6e430:192.168.34.35:37581], old=null
2019-11-17 11:09:00,721 [pool-153-thread-1] INFO  impl.RaftServerImpl (RaftServerImpl.java:setRole(173)) - ce4f5a27-7d6e-4546-9ae5-5afbf9a8c00c@group-246BD682EBCD: changes role from      null to FOLLOWER at term 0 for startAsFollower
2019-11-17 11:09:00,722 [pool-153-thread-1] INFO  impl.RoleInfo (RoleInfo.java:updateAndGet(143)) - ce4f5a27-7d6e-4546-9ae5-5afbf9a8c00c: start FollowerState
2019-11-17 11:09:00,722 [pool-173-thread-1] INFO  util.JmxRegister (JmxRegister.java:tryRegister(44)) - Successfully registered JMX Bean with object name Ratis:service=RaftServer,group=group-246BD682EBCD,id=28ccac35-fb4f-4f0a-a99f-78d96ef6e430
2019-11-17 11:09:00,722 [pool-173-thread-1] WARN  impl.MetricRegistriesImpl (MetricRegistriesImpl.java:lambda$create$1(61)) - First MetricRegistry has been created without registering reporters. You may need to call MetricRegistries.global().addReportRegistration(...) before.
2019-11-17 11:09:00,722 [pool-153-thread-1] INFO  util.JmxRegister (JmxRegister.java:tryRegister(44)) - Successfully registered JMX Bean with object name Ratis:service=RaftServer,group=group-246BD682EBCD,id=ce4f5a27-7d6e-4546-9ae5-5afbf9a8c00c
2019-11-17 11:09:00,722 [pool-153-thread-1] WARN  impl.MetricRegistriesImpl (MetricRegistriesImpl.java:lambda$create$1(61)) - First MetricRegistry has been created without registering reporters. You may need to call MetricRegistries.global().addReportRegistration(...) before.
2019-11-17 11:09:00,725 [RatisPipelineUtilsThread] INFO  pipeline.PipelineStateManager (PipelineStateManager.java:addPipeline(55)) - Created pipeline Pipeline[ Id: c7e8b361-2cee-444b-aa69-246bd682ebcd, Nodes: e8702f59-809d-4833-a306-9e60cd88362b{ip: 192.168.34.35, host: pr-hdds-2291-5997d-4279494527, networkLocation: /default-rack, certSerialId: null}ce4f5a27-7d6e-4546-9ae5-5afbf9a8c00c{ip: 192.168.34.35, host: pr-hdds-2291-5997d-4279494527, networkLocation: /default-rack, certSerialId: null}28ccac35-fb4f-4f0a-a99f-78d96ef6e430{ip: 192.168.34.35, host: pr-hdds-2291-5997d-4279494527, networkLocation: /default-rack, certSerialId: null}, Type:RATIS, Factor:THREE, State:ALLOCATED]
2019-11-17 11:09:00,752 [IPC Server handler 5 on 45734] INFO  net.NetworkTopology (NetworkTopologyImpl.java:add(111)) - Added a new node: /default-rack/4c1e8795-b3d4-460e-8f85-df43444e9ba0
2019-11-17 11:09:00,753 [IPC Server handler 5 on 45734] INFO  node.SCMNodeManager (SCMNodeManager.java:register(267)) - Registered Data node : 4c1e8795-b3d4-460e-8f85-df43444e9ba0{ip: 192.168.34.35, host: pr-hdds-2291-5997d-4279494527, networkLocation: /default-rack, certSerialId: null}
2019-11-17 11:09:00,759 [grpc-default-executor-2] INFO  impl.RaftServerProxy (RaftServerProxy.java:addNew(89)) - fa2fcff1-083d-4cf3-acfd-0486da9214fd: addNew group-09AB0B2F25C5:[fa2fcff1-083d-4cf3-acfd-0486da9214fd:192.168.34.35:34313] returns group-09AB0B2F25C5:java.util.concurrent.CompletableFuture@b7c2404[Not completed]
2019-11-17 11:09:00,762 [pool-183-thread-1] INFO  impl.RaftServerImpl (RaftServerImpl.java:<init>(98)) - fa2fcff1-083d-4cf3-acfd-0486da9214fd: new RaftServerImpl for group-09AB0B2F25C5:[fa2fcff1-083d-4cf3-acfd-0486da9214fd:192.168.34.35:34313] with ContainerStateMachine:uninitialized
2019-11-17 11:09:00,763 [pool-183-thread-1] INFO  server.RaftServerConfigKeys (ConfUtils.java:logGet(43)) - raft.server.rpc.timeout.min = 1s (custom)
2019-11-17 11:09:00,763 [pool-183-thread-1] INFO  server.RaftServerConfigKeys (ConfUtils.java:logGet(43)) - raft.server.rpc.timeout.max = 1200ms (custom)
2019-11-17 11:09:00,763 [pool-183-thread-1] INFO  server.RaftServerConfigKeys (ConfUtils.java:logGet(43)) - raft.server.rpcslowness.timeout = 120s (custom)
2019-11-17 11:09:00,763 [pool-183-thread-1] INFO  server.RaftServerConfigKeys (ConfUtils.java:logGet(43)) - raft.server.sleep.deviation.threshold = 300 (default)
2019-11-17 11:09:00,763 [pool-183-thread-1] INFO  server.RaftServerConfigKeys (ConfUtils.java:logGet(43)) - raft.server.log.appender.install.snapshot.enabled = false (custom)
2019-11-17 11:09:00,763 [pool-183-thread-1] INFO  impl.RaftServerImpl (ServerState.java:<init>(103)) - fa2fcff1-083d-4cf3-acfd-0486da9214fd@group-09AB0B2F25C5: ConfigurationManager, init=-1: [fa2fcff1-083d-4cf3-acfd-0486da9214fd:192.168.34.35:34313], old=null, confs=<EMPTY_MAP>
2019-11-17 11:09:00,763 [pool-183-thread-1] INFO  server.RaftServerConfigKeys (ConfUtils.java:logGet(43)) - raft.server.storage.dir = [/workdir/hadoop-ozone/integration-test/target/test-dir/MiniOzoneClusterImpl-184704d8-2d26-4abc-9155-7ef0d3d35dfc/datanode-3/data/ratis] (custom)
2019-11-17 11:09:00,764 [pool-183-thread-1] INFO  server.RaftServerConfigKeys (ConfUtils.java:logGet(43)) - raft.server.log.corruption.policy = EXCEPTION (default)
2019-11-17 11:09:00,764 [pool-183-thread-1] INFO  storage.RaftStorageDirectory (RaftStorageDirectory.java:analyzeStorage(246)) - The storage directory /workdir/hadoop-ozone/integration-test/target/test-dir/MiniOzoneClusterImpl-184704d8-2d26-4abc-9155-7ef0d3d35dfc/datanode-3/data/ratis/0ad56eab-a5c3-44d9-9986-09ab0b2f25c5 does not exist. Creating ...
2019-11-17 11:09:00,777 [pool-183-thread-1] INFO  storage.RaftStorageDirectory (RaftStorageDirectory.java:tryLock(328)) - Lock on /workdir/hadoop-ozone/integration-test/target/test-dir/MiniOzoneClusterImpl-184704d8-2d26-4abc-9155-7ef0d3d35dfc/datanode-3/data/ratis/0ad56eab-a5c3-44d9-9986-09ab0b2f25c5/in_use.lock acquired by nodename 13849@pr-hdds-2291-5997d-4279494527
2019-11-17 11:09:00,789 [pool-183-thread-1] INFO  storage.RaftStorage (RaftStorage.java:format(84)) - Storage directory /workdir/hadoop-ozone/integration-test/target/test-dir/MiniOzoneClusterImpl-184704d8-2d26-4abc-9155-7ef0d3d35dfc/datanode-3/data/ratis/0ad56eab-a5c3-44d9-9986-09ab0b2f25c5 has been successfully formatted.
2019-11-17 11:09:00,790 [pool-183-thread-1] INFO  ratis.ContainerStateMachine (ContainerStateMachine.java:loadSnapshot(223)) - group-09AB0B2F25C5: The snapshot info is null. Setting the last applied indexto:(t:0, i:~)
2019-11-17 11:09:00,790 [pool-183-thread-1] INFO  server.RaftServerConfigKeys (ConfUtils.java:logGet(43)) - raft.server.notification.no-leader.timeout = 120s (custom)
2019-11-17 11:09:00,790 [pool-183-thread-1] INFO  server.RaftServerConfigKeys (ConfUtils.java:logGet(43)) - raft.server.log.use.memory = false (default)
2019-11-17 11:09:00,790 [pool-183-thread-1] INFO  server.RaftServerConfigKeys (ConfUtils.java:logGet(43)) - raft.server.log.purge.gap = 1000000 (custom)
2019-11-17 11:09:00,790 [pool-183-thread-1] INFO  server.RaftServerConfigKeys (ConfUtils.java:logGet(43)) - raft.server.log.appender.buffer.byte-limit = 33554432 (custom)
2019-11-17 11:09:00,790 [pool-183-thread-1] INFO  server.RaftServerConfigKeys (ConfUtils.java:logGet(43)) - raft.server.log.segment.size.max = 1048576 (custom)
2019-11-17 11:09:00,791 [pool-183-thread-1] WARN  impl.MetricRegistriesImpl (MetricRegistriesImpl.java:lambda$create$1(61)) - First MetricRegistry has been created without registering reporters. You may need to call MetricRegistries.global().addReportRegistration(...) before.
2019-11-17 11:09:00,791 [pool-183-thread-1] INFO  server.RaftServerConfigKeys (ConfUtils.java:logGet(43)) - raft.server.log.segment.cache.num.max = 2 (custom)
2019-11-17 11:09:00,791 [pool-183-thread-1] INFO  segmented.SegmentedRaftLogWorker (SegmentedRaftLogWorker.java:<init>(173)) - new fa2fcff1-083d-4cf3-acfd-0486da9214fd@group-09AB0B2F25C5-SegmentedRaftLogWorker for RaftStorage:Storage Directory /workdir/hadoop-ozone/integration-test/target/test-dir/MiniOzoneClusterImpl-184704d8-2d26-4abc-9155-7ef0d3d35dfc/datanode-3/data/ratis/0ad56eab-a5c3-44d9-9986-09ab0b2f25c5
2019-11-17 11:09:00,791 [pool-183-thread-1] INFO  server.RaftServerConfigKeys (ConfUtils.java:logGet(43)) - raft.server.log.queue.byte-limit = 2147483647 (custom)
2019-11-17 11:09:00,791 [pool-183-thread-1] INFO  server.RaftServerConfigKeys (ConfUtils.java:logGet(43)) - raft.server.log.queue.element-limit = 1024 (custom)
2019-11-17 11:09:00,791 [pool-183-thread-1] INFO  server.RaftServerConfigKeys (ConfUtils.java:logGet(43)) - raft.server.log.segment.size.max = 1048576 (custom)
2019-11-17 11:09:00,791 [pool-183-thread-1] INFO  server.RaftServerConfigKeys (ConfUtils.java:logGet(43)) - raft.server.log.preallocated.size = 16384 (custom)
2019-11-17 11:09:00,791 [pool-183-thread-1] INFO  server.RaftServerConfigKeys (ConfUtils.java:logGet(43)) - raft.server.log.write.buffer.size = 33554432 (custom)
2019-11-17 11:09:00,792 [pool-183-thread-1] INFO  server.RaftServerConfigKeys (ConfUtils.java:logGet(43)) - raft.server.log.force.sync.num = 128 (default)
2019-11-17 11:09:00,792 [pool-183-thread-1] INFO  server.RaftServerConfigKeys (ConfUtils.java:logGet(43)) - raft.server.log.statemachine.data.sync = true (default)
2019-11-17 11:09:00,792 [pool-183-thread-1] INFO  server.RaftServerConfigKeys (ConfUtils.java:logGet(43)) - raft.server.log.statemachine.data.sync.timeout = 10s (default)
2019-11-17 11:09:00,792 [pool-183-thread-1] INFO  server.RaftServerConfigKeys (ConfUtils.java:logGet(43)) - raft.server.log.statemachine.data.sync.timeout.retry = -1 (default)
2019-11-17 11:09:00,792 [pool-183-thread-1] INFO  server.RaftServerConfigKeys (ConfUtils.java:logGet(43)) - raft.server.log.statemachine.data.caching.enabled = true (custom)
2019-11-17 11:09:00,793 [pool-183-thread-1] INFO  segmented.SegmentedRaftLogWorker (SegmentedRaftLogWorker.java:lambda$new$0(128)) - fa2fcff1-083d-4cf3-acfd-0486da9214fd@group-09AB0B2F25C5-SegmentedRaftLogWorker: flushIndex: setUnconditionally 0 -> -1
2019-11-17 11:09:00,793 [pool-183-thread-1] INFO  server.RaftServerConfigKeys (ConfUtils.java:logGet(43)) - raft.server.snapshot.auto.trigger.enabled = true (custom)
2019-11-17 11:09:00,793 [pool-183-thread-1] INFO  server.RaftServerConfigKeys (ConfUtils.java:logGet(43)) - raft.server.snapshot.auto.trigger.threshold = 10000 (custom)
2019-11-17 11:09:00,793 [pool-183-thread-1] INFO  server.RaftServerConfigKeys (ConfUtils.java:logGet(43)) - raft.server.snapshot.retention.file.num = 5 (custom)
2019-11-17 11:09:00,793 [pool-183-thread-1] INFO  server.RaftServerConfigKeys (ConfUtils.java:logGet(43)) - raft.server.retrycache.expirytime = 600000ms (custom)
2019-11-17 11:09:00,793 [pool-183-thread-1] WARN  impl.MetricRegistriesImpl (MetricRegistriesImpl.java:lambda$create$1(61)) - First MetricRegistry has been created without registering reporters. You may need to call MetricRegistries.global().addReportRegistration(...) before.
2019-11-17 11:09:00,794 [pool-183-thread-1] WARN  impl.MetricRegistriesImpl (MetricRegistriesImpl.java:lambda$create$1(61)) - First MetricRegistry has been created without registering reporters. You may need to call MetricRegistries.global().addReportRegistration(...) before.
2019-11-17 11:09:00,794 [pool-183-thread-1] INFO  impl.RaftServerImpl (RaftServerImpl.java:start(184)) - fa2fcff1-083d-4cf3-acfd-0486da9214fd@group-09AB0B2F25C5: start as a follower, conf=-1: [fa2fcff1-083d-4cf3-acfd-0486da9214fd:192.168.34.35:34313], old=null
2019-11-17 11:09:00,794 [pool-183-thread-1] INFO  impl.RaftServerImpl (RaftServerImpl.java:setRole(173)) - fa2fcff1-083d-4cf3-acfd-0486da9214fd@group-09AB0B2F25C5: changes role from      null to FOLLOWER at term 0 for startAsFollower
2019-11-17 11:09:00,794 [pool-183-thread-1] INFO  impl.RoleInfo (RoleInfo.java:updateAndGet(143)) - fa2fcff1-083d-4cf3-acfd-0486da9214fd: start FollowerState
2019-11-17 11:09:00,794 [pool-183-thread-1] INFO  util.JmxRegister (JmxRegister.java:tryRegister(44)) - Successfully registered JMX Bean with object name Ratis:service=RaftServer,group=group-09AB0B2F25C5,id=fa2fcff1-083d-4cf3-acfd-0486da9214fd
2019-11-17 11:09:00,795 [pool-183-thread-1] WARN  impl.MetricRegistriesImpl (MetricRegistriesImpl.java:lambda$create$1(61)) - First MetricRegistry has been created without registering reporters. You may need to call MetricRegistries.global().addReportRegistration(...) before.
2019-11-17 11:09:00,797 [RatisPipelineUtilsThread] INFO  pipeline.PipelineStateManager (PipelineStateManager.java:addPipeline(55)) - Created pipeline Pipeline[ Id: 0ad56eab-a5c3-44d9-9986-09ab0b2f25c5, Nodes: fa2fcff1-083d-4cf3-acfd-0486da9214fd{ip: 192.168.34.35, host: pr-hdds-2291-5997d-4279494527, networkLocation: /default-rack, certSerialId: null}, Type:RATIS, Factor:ONE, State:ALLOCATED]
2019-11-17 11:09:00,803 [grpc-default-executor-2] INFO  impl.RaftServerProxy (RaftServerProxy.java:addNew(89)) - 4c1e8795-b3d4-460e-8f85-df43444e9ba0: addNew group-914C8DD38CA4:[4c1e8795-b3d4-460e-8f85-df43444e9ba0:192.168.34.35:35525] returns group-914C8DD38CA4:java.util.concurrent.CompletableFuture@3e96cbba[Not completed]
2019-11-17 11:09:00,805 [pool-193-thread-1] INFO  impl.RaftServerImpl (RaftServerImpl.java:<init>(98)) - 4c1e8795-b3d4-460e-8f85-df43444e9ba0: new RaftServerImpl for group-914C8DD38CA4:[4c1e8795-b3d4-460e-8f85-df43444e9ba0:192.168.34.35:35525] with ContainerStateMachine:uninitialized
2019-11-17 11:09:00,805 [pool-193-thread-1] INFO  server.RaftServerConfigKeys (ConfUtils.java:logGet(43)) - raft.server.rpc.timeout.min = 1s (custom)
2019-11-17 11:09:00,805 [pool-193-thread-1] INFO  server.RaftServerConfigKeys (ConfUtils.java:logGet(43)) - raft.server.rpc.timeout.max = 1200ms (custom)
2019-11-17 11:09:00,805 [pool-193-thread-1] INFO  server.RaftServerConfigKeys (ConfUtils.java:logGet(43)) - raft.server.rpcslowness.timeout = 120s (custom)
2019-11-17 11:09:00,805 [pool-193-thread-1] INFO  server.RaftServerConfigKeys (ConfUtils.java:logGet(43)) - raft.server.sleep.deviation.threshold = 300 (default)
2019-11-17 11:09:00,805 [pool-193-thread-1] INFO  server.RaftServerConfigKeys (ConfUtils.java:logGet(43)) - raft.server.log.appender.install.snapshot.enabled = false (custom)
2019-11-17 11:09:00,806 [pool-193-thread-1] INFO  impl.RaftServerImpl (ServerState.java:<init>(103)) - 4c1e8795-b3d4-460e-8f85-df43444e9ba0@group-914C8DD38CA4: ConfigurationManager, init=-1: [4c1e8795-b3d4-460e-8f85-df43444e9ba0:192.168.34.35:35525], old=null, confs=<EMPTY_MAP>
2019-11-17 11:09:00,806 [pool-193-thread-1] INFO  server.RaftServerConfigKeys (ConfUtils.java:logGet(43)) - raft.server.storage.dir = [/workdir/hadoop-ozone/integration-test/target/test-dir/MiniOzoneClusterImpl-184704d8-2d26-4abc-9155-7ef0d3d35dfc/datanode-4/data/ratis] (custom)
2019-11-17 11:09:00,806 [pool-193-thread-1] INFO  server.RaftServerConfigKeys (ConfUtils.java:logGet(43)) - raft.server.log.corruption.policy = EXCEPTION (default)
2019-11-17 11:09:00,806 [pool-193-thread-1] INFO  storage.RaftStorageDirectory (RaftStorageDirectory.java:analyzeStorage(246)) - The storage directory /workdir/hadoop-ozone/integration-test/target/test-dir/MiniOzoneClusterImpl-184704d8-2d26-4abc-9155-7ef0d3d35dfc/datanode-4/data/ratis/65a2f38e-5e9c-4c0d-b23b-914c8dd38ca4 does not exist. Creating ...
2019-11-17 11:09:00,818 [IPC Server handler 0 on 45734] INFO  net.NetworkTopology (NetworkTopologyImpl.java:add(111)) - Added a new node: /default-rack/e3fe17d3-3943-4d4c-b88c-d5052243b886
2019-11-17 11:09:00,818 [IPC Server handler 0 on 45734] INFO  node.SCMNodeManager (SCMNodeManager.java:register(267)) - Registered Data node : e3fe17d3-3943-4d4c-b88c-d5052243b886{ip: 192.168.34.35, host: pr-hdds-2291-5997d-4279494527, networkLocation: /default-rack, certSerialId: null}
2019-11-17 11:09:00,835 [pool-193-thread-1] INFO  storage.RaftStorageDirectory (RaftStorageDirectory.java:tryLock(328)) - Lock on /workdir/hadoop-ozone/integration-test/target/test-dir/MiniOzoneClusterImpl-184704d8-2d26-4abc-9155-7ef0d3d35dfc/datanode-4/data/ratis/65a2f38e-5e9c-4c0d-b23b-914c8dd38ca4/in_use.lock acquired by nodename 13849@pr-hdds-2291-5997d-4279494527
2019-11-17 11:09:00,856 [pool-193-thread-1] INFO  storage.RaftStorage (RaftStorage.java:format(84)) - Storage directory /workdir/hadoop-ozone/integration-test/target/test-dir/MiniOzoneClusterImpl-184704d8-2d26-4abc-9155-7ef0d3d35dfc/datanode-4/data/ratis/65a2f38e-5e9c-4c0d-b23b-914c8dd38ca4 has been successfully formatted.
2019-11-17 11:09:00,856 [pool-193-thread-1] INFO  ratis.ContainerStateMachine (ContainerStateMachine.java:loadSnapshot(223)) - group-914C8DD38CA4: The snapshot info is null. Setting the last applied indexto:(t:0, i:~)
2019-11-17 11:09:00,857 [pool-193-thread-1] INFO  server.RaftServerConfigKeys (ConfUtils.java:logGet(43)) - raft.server.notification.no-leader.timeout = 120s (custom)
2019-11-17 11:09:00,857 [pool-193-thread-1] INFO  server.RaftServerConfigKeys (ConfUtils.java:logGet(43)) - raft.server.log.use.memory = false (default)
2019-11-17 11:09:00,857 [pool-193-thread-1] INFO  server.RaftServerConfigKeys (ConfUtils.java:logGet(43)) - raft.server.log.purge.gap = 1000000 (custom)
2019-11-17 11:09:00,857 [pool-193-thread-1] INFO  server.RaftServerConfigKeys (ConfUtils.java:logGet(43)) - raft.server.log.appender.buffer.byte-limit = 33554432 (custom)
2019-11-17 11:09:00,857 [pool-193-thread-1] INFO  server.RaftServerConfigKeys (ConfUtils.java:logGet(43)) - raft.server.log.segment.size.max = 1048576 (custom)
2019-11-17 11:09:00,857 [pool-193-thread-1] WARN  impl.MetricRegistriesImpl (MetricRegistriesImpl.java:lambda$create$1(61)) - First MetricRegistry has been created without registering reporters. You may need to call MetricRegistries.global().addReportRegistration(...) before.
2019-11-17 11:09:00,857 [pool-193-thread-1] INFO  server.RaftServerConfigKeys (ConfUtils.java:logGet(43)) - raft.server.log.segment.cache.num.max = 2 (custom)
2019-11-17 11:09:00,857 [pool-193-thread-1] INFO  segmented.SegmentedRaftLogWorker (SegmentedRaftLogWorker.java:<init>(173)) - new 4c1e8795-b3d4-460e-8f85-df43444e9ba0@group-914C8DD38CA4-SegmentedRaftLogWorker for RaftStorage:Storage Directory /workdir/hadoop-ozone/integration-test/target/test-dir/MiniOzoneClusterImpl-184704d8-2d26-4abc-9155-7ef0d3d35dfc/datanode-4/data/ratis/65a2f38e-5e9c-4c0d-b23b-914c8dd38ca4
2019-11-17 11:09:00,857 [pool-193-thread-1] INFO  server.RaftServerConfigKeys (ConfUtils.java:logGet(43)) - raft.server.log.queue.byte-limit = 2147483647 (custom)
2019-11-17 11:09:00,858 [pool-193-thread-1] INFO  server.RaftServerConfigKeys (ConfUtils.java:logGet(43)) - raft.server.log.queue.element-limit = 1024 (custom)
2019-11-17 11:09:00,858 [pool-193-thread-1] INFO  server.RaftServerConfigKeys (ConfUtils.java:logGet(43)) - raft.server.log.segment.size.max = 1048576 (custom)
2019-11-17 11:09:00,858 [pool-193-thread-1] INFO  server.RaftServerConfigKeys (ConfUtils.java:logGet(43)) - raft.server.log.preallocated.size = 16384 (custom)
2019-11-17 11:09:00,858 [pool-193-thread-1] INFO  server.RaftServerConfigKeys (ConfUtils.java:logGet(43)) - raft.server.log.write.buffer.size = 33554432 (custom)
2019-11-17 11:09:00,858 [pool-193-thread-1] INFO  server.RaftServerConfigKeys (ConfUtils.java:logGet(43)) - raft.server.log.force.sync.num = 128 (default)
2019-11-17 11:09:00,858 [pool-193-thread-1] INFO  server.RaftServerConfigKeys (ConfUtils.java:logGet(43)) - raft.server.log.statemachine.data.sync = true (default)
2019-11-17 11:09:00,858 [pool-193-thread-1] INFO  server.RaftServerConfigKeys (ConfUtils.java:logGet(43)) - raft.server.log.statemachine.data.sync.timeout = 10s (default)
2019-11-17 11:09:00,858 [pool-193-thread-1] INFO  server.RaftServerConfigKeys (ConfUtils.java:logGet(43)) - raft.server.log.statemachine.data.sync.timeout.retry = -1 (default)
2019-11-17 11:09:00,858 [pool-193-thread-1] INFO  server.RaftServerConfigKeys (ConfUtils.java:logGet(43)) - raft.server.log.statemachine.data.caching.enabled = true (custom)
2019-11-17 11:09:00,859 [pool-193-thread-1] INFO  segmented.SegmentedRaftLogWorker (SegmentedRaftLogWorker.java:lambda$new$0(128)) - 4c1e8795-b3d4-460e-8f85-df43444e9ba0@group-914C8DD38CA4-SegmentedRaftLogWorker: flushIndex: setUnconditionally 0 -> -1
2019-11-17 11:09:00,859 [pool-193-thread-1] INFO  server.RaftServerConfigKeys (ConfUtils.java:logGet(43)) - raft.server.snapshot.auto.trigger.enabled = true (custom)
2019-11-17 11:09:00,859 [pool-193-thread-1] INFO  server.RaftServerConfigKeys (ConfUtils.java:logGet(43)) - raft.server.snapshot.auto.trigger.threshold = 10000 (custom)
2019-11-17 11:09:00,859 [pool-193-thread-1] INFO  server.RaftServerConfigKeys (ConfUtils.java:logGet(43)) - raft.server.snapshot.retention.file.num = 5 (custom)
2019-11-17 11:09:00,859 [pool-193-thread-1] INFO  server.RaftServerConfigKeys (ConfUtils.java:logGet(43)) - raft.server.retrycache.expirytime = 600000ms (custom)
2019-11-17 11:09:00,859 [pool-193-thread-1] WARN  impl.MetricRegistriesImpl (MetricRegistriesImpl.java:lambda$create$1(61)) - First MetricRegistry has been created without registering reporters. You may need to call MetricRegistries.global().addReportRegistration(...) before.
2019-11-17 11:09:00,860 [pool-193-thread-1] WARN  impl.MetricRegistriesImpl (MetricRegistriesImpl.java:lambda$create$1(61)) - First MetricRegistry has been created without registering reporters. You may need to call MetricRegistries.global().addReportRegistration(...) before.
2019-11-17 11:09:00,860 [pool-193-thread-1] INFO  impl.RaftServerImpl (RaftServerImpl.java:start(184)) - 4c1e8795-b3d4-460e-8f85-df43444e9ba0@group-914C8DD38CA4: start as a follower, conf=-1: [4c1e8795-b3d4-460e-8f85-df43444e9ba0:192.168.34.35:35525], old=null
2019-11-17 11:09:00,860 [pool-193-thread-1] INFO  impl.RaftServerImpl (RaftServerImpl.java:setRole(173)) - 4c1e8795-b3d4-460e-8f85-df43444e9ba0@group-914C8DD38CA4: changes role from      null to FOLLOWER at term 0 for startAsFollower
2019-11-17 11:09:00,860 [pool-193-thread-1] INFO  impl.RoleInfo (RoleInfo.java:updateAndGet(143)) - 4c1e8795-b3d4-460e-8f85-df43444e9ba0: start FollowerState
2019-11-17 11:09:00,860 [pool-193-thread-1] INFO  util.JmxRegister (JmxRegister.java:tryRegister(44)) - Successfully registered JMX Bean with object name Ratis:service=RaftServer,group=group-914C8DD38CA4,id=4c1e8795-b3d4-460e-8f85-df43444e9ba0
2019-11-17 11:09:00,860 [pool-193-thread-1] WARN  impl.MetricRegistriesImpl (MetricRegistriesImpl.java:lambda$create$1(61)) - First MetricRegistry has been created without registering reporters. You may need to call MetricRegistries.global().addReportRegistration(...) before.
2019-11-17 11:09:00,863 [RatisPipelineUtilsThread] INFO  pipeline.PipelineStateManager (PipelineStateManager.java:addPipeline(55)) - Created pipeline Pipeline[ Id: 65a2f38e-5e9c-4c0d-b23b-914c8dd38ca4, Nodes: 4c1e8795-b3d4-460e-8f85-df43444e9ba0{ip: 192.168.34.35, host: pr-hdds-2291-5997d-4279494527, networkLocation: /default-rack, certSerialId: null}, Type:RATIS, Factor:ONE, State:ALLOCATED]
2019-11-17 11:09:00,871 [grpc-default-executor-2] INFO  impl.RaftServerProxy (RaftServerProxy.java:addNew(89)) - e3fe17d3-3943-4d4c-b88c-d5052243b886: addNew group-92EEEFA057E6:[e3fe17d3-3943-4d4c-b88c-d5052243b886:192.168.34.35:33574] returns group-92EEEFA057E6:java.util.concurrent.CompletableFuture@3ca6c623[Not completed]
2019-11-17 11:09:00,872 [pool-203-thread-1] INFO  impl.RaftServerImpl (RaftServerImpl.java:<init>(98)) - e3fe17d3-3943-4d4c-b88c-d5052243b886: new RaftServerImpl for group-92EEEFA057E6:[e3fe17d3-3943-4d4c-b88c-d5052243b886:192.168.34.35:33574] with ContainerStateMachine:uninitialized
2019-11-17 11:09:00,872 [pool-203-thread-1] INFO  server.RaftServerConfigKeys (ConfUtils.java:logGet(43)) - raft.server.rpc.timeout.min = 1s (custom)
2019-11-17 11:09:00,872 [pool-203-thread-1] INFO  server.RaftServerConfigKeys (ConfUtils.java:logGet(43)) - raft.server.rpc.timeout.max = 1200ms (custom)
2019-11-17 11:09:00,872 [pool-203-thread-1] INFO  server.RaftServerConfigKeys (ConfUtils.java:logGet(43)) - raft.server.rpcslowness.timeout = 120s (custom)
2019-11-17 11:09:00,872 [pool-203-thread-1] INFO  server.RaftServerConfigKeys (ConfUtils.java:logGet(43)) - raft.server.sleep.deviation.threshold = 300 (default)
2019-11-17 11:09:00,872 [pool-203-thread-1] INFO  server.RaftServerConfigKeys (ConfUtils.java:logGet(43)) - raft.server.log.appender.install.snapshot.enabled = false (custom)
2019-11-17 11:09:00,872 [pool-203-thread-1] INFO  impl.RaftServerImpl (ServerState.java:<init>(103)) - e3fe17d3-3943-4d4c-b88c-d5052243b886@group-92EEEFA057E6: ConfigurationManager, init=-1: [e3fe17d3-3943-4d4c-b88c-d5052243b886:192.168.34.35:33574], old=null, confs=<EMPTY_MAP>
2019-11-17 11:09:00,872 [pool-203-thread-1] INFO  server.RaftServerConfigKeys (ConfUtils.java:logGet(43)) - raft.server.storage.dir = [/workdir/hadoop-ozone/integration-test/target/test-dir/MiniOzoneClusterImpl-184704d8-2d26-4abc-9155-7ef0d3d35dfc/datanode-5/data/ratis] (custom)
2019-11-17 11:09:00,873 [pool-203-thread-1] INFO  server.RaftServerConfigKeys (ConfUtils.java:logGet(43)) - raft.server.log.corruption.policy = EXCEPTION (default)
2019-11-17 11:09:00,873 [pool-203-thread-1] INFO  storage.RaftStorageDirectory (RaftStorageDirectory.java:analyzeStorage(246)) - The storage directory /workdir/hadoop-ozone/integration-test/target/test-dir/MiniOzoneClusterImpl-184704d8-2d26-4abc-9155-7ef0d3d35dfc/datanode-5/data/ratis/4b77cde8-f4b2-409c-8eda-92eeefa057e6 does not exist. Creating ...
2019-11-17 11:09:00,885 [pool-203-thread-1] INFO  storage.RaftStorageDirectory (RaftStorageDirectory.java:tryLock(328)) - Lock on /workdir/hadoop-ozone/integration-test/target/test-dir/MiniOzoneClusterImpl-184704d8-2d26-4abc-9155-7ef0d3d35dfc/datanode-5/data/ratis/4b77cde8-f4b2-409c-8eda-92eeefa057e6/in_use.lock acquired by nodename 13849@pr-hdds-2291-5997d-4279494527
2019-11-17 11:09:00,898 [pool-203-thread-1] INFO  storage.RaftStorage (RaftStorage.java:format(84)) - Storage directory /workdir/hadoop-ozone/integration-test/target/test-dir/MiniOzoneClusterImpl-184704d8-2d26-4abc-9155-7ef0d3d35dfc/datanode-5/data/ratis/4b77cde8-f4b2-409c-8eda-92eeefa057e6 has been successfully formatted.
2019-11-17 11:09:00,898 [pool-203-thread-1] INFO  ratis.ContainerStateMachine (ContainerStateMachine.java:loadSnapshot(223)) - group-92EEEFA057E6: The snapshot info is null. Setting the last applied indexto:(t:0, i:~)
2019-11-17 11:09:00,898 [pool-203-thread-1] INFO  server.RaftServerConfigKeys (ConfUtils.java:logGet(43)) - raft.server.notification.no-leader.timeout = 120s (custom)
2019-11-17 11:09:00,898 [pool-203-thread-1] INFO  server.RaftServerConfigKeys (ConfUtils.java:logGet(43)) - raft.server.log.use.memory = false (default)
2019-11-17 11:09:00,898 [pool-203-thread-1] INFO  server.RaftServerConfigKeys (ConfUtils.java:logGet(43)) - raft.server.log.purge.gap = 1000000 (custom)
2019-11-17 11:09:00,898 [pool-203-thread-1] INFO  server.RaftServerConfigKeys (ConfUtils.java:logGet(43)) - raft.server.log.appender.buffer.byte-limit = 33554432 (custom)
2019-11-17 11:09:00,899 [pool-203-thread-1] INFO  server.RaftServerConfigKeys (ConfUtils.java:logGet(43)) - raft.server.log.segment.size.max = 1048576 (custom)
2019-11-17 11:09:00,899 [pool-203-thread-1] WARN  impl.MetricRegistriesImpl (MetricRegistriesImpl.java:lambda$create$1(61)) - First MetricRegistry has been created without registering reporters. You may need to call MetricRegistries.global().addReportRegistration(...) before.
2019-11-17 11:09:00,899 [pool-203-thread-1] INFO  server.RaftServerConfigKeys (ConfUtils.java:logGet(43)) - raft.server.log.segment.cache.num.max = 2 (custom)
2019-11-17 11:09:00,899 [pool-203-thread-1] INFO  segmented.SegmentedRaftLogWorker (SegmentedRaftLogWorker.java:<init>(173)) - new e3fe17d3-3943-4d4c-b88c-d5052243b886@group-92EEEFA057E6-SegmentedRaftLogWorker for RaftStorage:Storage Directory /workdir/hadoop-ozone/integration-test/target/test-dir/MiniOzoneClusterImpl-184704d8-2d26-4abc-9155-7ef0d3d35dfc/datanode-5/data/ratis/4b77cde8-f4b2-409c-8eda-92eeefa057e6
2019-11-17 11:09:00,899 [pool-203-thread-1] INFO  server.RaftServerConfigKeys (ConfUtils.java:logGet(43)) - raft.server.log.queue.byte-limit = 2147483647 (custom)
2019-11-17 11:09:00,899 [pool-203-thread-1] INFO  server.RaftServerConfigKeys (ConfUtils.java:logGet(43)) - raft.server.log.queue.element-limit = 1024 (custom)
2019-11-17 11:09:00,899 [pool-203-thread-1] INFO  server.RaftServerConfigKeys (ConfUtils.java:logGet(43)) - raft.server.log.segment.size.max = 1048576 (custom)
2019-11-17 11:09:00,899 [pool-203-thread-1] INFO  server.RaftServerConfigKeys (ConfUtils.java:logGet(43)) - raft.server.log.preallocated.size = 16384 (custom)
2019-11-17 11:09:00,899 [pool-203-thread-1] INFO  server.RaftServerConfigKeys (ConfUtils.java:logGet(43)) - raft.server.log.write.buffer.size = 33554432 (custom)
2019-11-17 11:09:00,899 [pool-203-thread-1] INFO  server.RaftServerConfigKeys (ConfUtils.java:logGet(43)) - raft.server.log.force.sync.num = 128 (default)
2019-11-17 11:09:00,899 [pool-203-thread-1] INFO  server.RaftServerConfigKeys (ConfUtils.java:logGet(43)) - raft.server.log.statemachine.data.sync = true (default)
2019-11-17 11:09:00,900 [pool-203-thread-1] INFO  server.RaftServerConfigKeys (ConfUtils.java:logGet(43)) - raft.server.log.statemachine.data.sync.timeout = 10s (default)
2019-11-17 11:09:00,900 [pool-203-thread-1] INFO  server.RaftServerConfigKeys (ConfUtils.java:logGet(43)) - raft.server.log.statemachine.data.sync.timeout.retry = -1 (default)
2019-11-17 11:09:00,900 [pool-203-thread-1] INFO  server.RaftServerConfigKeys (ConfUtils.java:logGet(43)) - raft.server.log.statemachine.data.caching.enabled = true (custom)
2019-11-17 11:09:00,900 [pool-203-thread-1] INFO  segmented.SegmentedRaftLogWorker (SegmentedRaftLogWorker.java:lambda$new$0(128)) - e3fe17d3-3943-4d4c-b88c-d5052243b886@group-92EEEFA057E6-SegmentedRaftLogWorker: flushIndex: setUnconditionally 0 -> -1
2019-11-17 11:09:00,900 [pool-203-thread-1] INFO  server.RaftServerConfigKeys (ConfUtils.java:logGet(43)) - raft.server.snapshot.auto.trigger.enabled = true (custom)
2019-11-17 11:09:00,900 [pool-203-thread-1] INFO  server.RaftServerConfigKeys (ConfUtils.java:logGet(43)) - raft.server.snapshot.auto.trigger.threshold = 10000 (custom)
2019-11-17 11:09:00,900 [pool-203-thread-1] INFO  server.RaftServerConfigKeys (ConfUtils.java:logGet(43)) - raft.server.snapshot.retention.file.num = 5 (custom)
2019-11-17 11:09:00,901 [pool-203-thread-1] INFO  server.RaftServerConfigKeys (ConfUtils.java:logGet(43)) - raft.server.retrycache.expirytime = 600000ms (custom)
2019-11-17 11:09:00,901 [pool-203-thread-1] WARN  impl.MetricRegistriesImpl (MetricRegistriesImpl.java:lambda$create$1(61)) - First MetricRegistry has been created without registering reporters. You may need to call MetricRegistries.global().addReportRegistration(...) before.
2019-11-17 11:09:00,901 [pool-203-thread-1] WARN  impl.MetricRegistriesImpl (MetricRegistriesImpl.java:lambda$create$1(61)) - First MetricRegistry has been created without registering reporters. You may need to call MetricRegistries.global().addReportRegistration(...) before.
2019-11-17 11:09:00,901 [pool-203-thread-1] INFO  impl.RaftServerImpl (RaftServerImpl.java:start(184)) - e3fe17d3-3943-4d4c-b88c-d5052243b886@group-92EEEFA057E6: start as a follower, conf=-1: [e3fe17d3-3943-4d4c-b88c-d5052243b886:192.168.34.35:33574], old=null
2019-11-17 11:09:00,901 [pool-203-thread-1] INFO  impl.RaftServerImpl (RaftServerImpl.java:setRole(173)) - e3fe17d3-3943-4d4c-b88c-d5052243b886@group-92EEEFA057E6: changes role from      null to FOLLOWER at term 0 for startAsFollower
2019-11-17 11:09:00,901 [pool-203-thread-1] INFO  impl.RoleInfo (RoleInfo.java:updateAndGet(143)) - e3fe17d3-3943-4d4c-b88c-d5052243b886: start FollowerState
2019-11-17 11:09:00,901 [pool-203-thread-1] INFO  util.JmxRegister (JmxRegister.java:tryRegister(44)) - Successfully registered JMX Bean with object name Ratis:service=RaftServer,group=group-92EEEFA057E6,id=e3fe17d3-3943-4d4c-b88c-d5052243b886
2019-11-17 11:09:00,901 [pool-203-thread-1] WARN  impl.MetricRegistriesImpl (MetricRegistriesImpl.java:lambda$create$1(61)) - First MetricRegistry has been created without registering reporters. You may need to call MetricRegistries.global().addReportRegistration(...) before.
2019-11-17 11:09:00,904 [RatisPipelineUtilsThread] INFO  pipeline.PipelineStateManager (PipelineStateManager.java:addPipeline(55)) - Created pipeline Pipeline[ Id: 4b77cde8-f4b2-409c-8eda-92eeefa057e6, Nodes: e3fe17d3-3943-4d4c-b88c-d5052243b886{ip: 192.168.34.35, host: pr-hdds-2291-5997d-4279494527, networkLocation: /default-rack, certSerialId: null}, Type:RATIS, Factor:ONE, State:ALLOCATED]
2019-11-17 11:09:00,913 [grpc-default-executor-6] INFO  impl.RaftServerProxy (RaftServerProxy.java:addNew(89)) - 4c1e8795-b3d4-460e-8f85-df43444e9ba0: addNew group-F854EFA2BCCD:[fa2fcff1-083d-4cf3-acfd-0486da9214fd:192.168.34.35:34313, e3fe17d3-3943-4d4c-b88c-d5052243b886:192.168.34.35:33574, 4c1e8795-b3d4-460e-8f85-df43444e9ba0:192.168.34.35:35525] returns group-F854EFA2BCCD:java.util.concurrent.CompletableFuture@584c7fa0[Not completed]
2019-11-17 11:09:00,913 [grpc-default-executor-4] INFO  impl.RaftServerProxy (RaftServerProxy.java:addNew(89)) - fa2fcff1-083d-4cf3-acfd-0486da9214fd: addNew group-F854EFA2BCCD:[fa2fcff1-083d-4cf3-acfd-0486da9214fd:192.168.34.35:34313, e3fe17d3-3943-4d4c-b88c-d5052243b886:192.168.34.35:33574, 4c1e8795-b3d4-460e-8f85-df43444e9ba0:192.168.34.35:35525] returns group-F854EFA2BCCD:java.util.concurrent.CompletableFuture@7335c9f9[Not completed]
2019-11-17 11:09:00,913 [grpc-default-executor-2] INFO  impl.RaftServerProxy (RaftServerProxy.java:addNew(89)) - e3fe17d3-3943-4d4c-b88c-d5052243b886: addNew group-F854EFA2BCCD:[fa2fcff1-083d-4cf3-acfd-0486da9214fd:192.168.34.35:34313, e3fe17d3-3943-4d4c-b88c-d5052243b886:192.168.34.35:33574, 4c1e8795-b3d4-460e-8f85-df43444e9ba0:192.168.34.35:35525] returns group-F854EFA2BCCD:java.util.concurrent.CompletableFuture@64b65036[Not completed]
2019-11-17 11:09:00,914 [pool-193-thread-1] INFO  impl.RaftServerImpl (RaftServerImpl.java:<init>(98)) - 4c1e8795-b3d4-460e-8f85-df43444e9ba0: new RaftServerImpl for group-F854EFA2BCCD:[fa2fcff1-083d-4cf3-acfd-0486da9214fd:192.168.34.35:34313, e3fe17d3-3943-4d4c-b88c-d5052243b886:192.168.34.35:33574, 4c1e8795-b3d4-460e-8f85-df43444e9ba0:192.168.34.35:35525] with ContainerStateMachine:uninitialized
2019-11-17 11:09:00,914 [pool-193-thread-1] INFO  server.RaftServerConfigKeys (ConfUtils.java:logGet(43)) - raft.server.rpc.timeout.min = 1s (custom)
2019-11-17 11:09:00,915 [pool-193-thread-1] INFO  server.RaftServerConfigKeys (ConfUtils.java:logGet(43)) - raft.server.rpc.timeout.max = 1200ms (custom)
2019-11-17 11:09:00,915 [pool-193-thread-1] INFO  server.RaftServerConfigKeys (ConfUtils.java:logGet(43)) - raft.server.rpcslowness.timeout = 120s (custom)
2019-11-17 11:09:00,915 [pool-193-thread-1] INFO  server.RaftServerConfigKeys (ConfUtils.java:logGet(43)) - raft.server.sleep.deviation.threshold = 300 (default)
2019-11-17 11:09:00,915 [pool-193-thread-1] INFO  server.RaftServerConfigKeys (ConfUtils.java:logGet(43)) - raft.server.log.appender.install.snapshot.enabled = false (custom)
2019-11-17 11:09:00,915 [pool-193-thread-1] INFO  impl.RaftServerImpl (ServerState.java:<init>(103)) - 4c1e8795-b3d4-460e-8f85-df43444e9ba0@group-F854EFA2BCCD: ConfigurationManager, init=-1: [fa2fcff1-083d-4cf3-acfd-0486da9214fd:192.168.34.35:34313, e3fe17d3-3943-4d4c-b88c-d5052243b886:192.168.34.35:33574, 4c1e8795-b3d4-460e-8f85-df43444e9ba0:192.168.34.35:35525], old=null, confs=<EMPTY_MAP>
2019-11-17 11:09:00,915 [pool-193-thread-1] INFO  server.RaftServerConfigKeys (ConfUtils.java:logGet(43)) - raft.server.storage.dir = [/workdir/hadoop-ozone/integration-test/target/test-dir/MiniOzoneClusterImpl-184704d8-2d26-4abc-9155-7ef0d3d35dfc/datanode-4/data/ratis] (custom)
2019-11-17 11:09:00,915 [pool-193-thread-1] INFO  server.RaftServerConfigKeys (ConfUtils.java:logGet(43)) - raft.server.log.corruption.policy = EXCEPTION (default)
2019-11-17 11:09:00,915 [pool-203-thread-1] INFO  impl.RaftServerImpl (RaftServerImpl.java:<init>(98)) - e3fe17d3-3943-4d4c-b88c-d5052243b886: new RaftServerImpl for group-F854EFA2BCCD:[fa2fcff1-083d-4cf3-acfd-0486da9214fd:192.168.34.35:34313, e3fe17d3-3943-4d4c-b88c-d5052243b886:192.168.34.35:33574, 4c1e8795-b3d4-460e-8f85-df43444e9ba0:192.168.34.35:35525] with ContainerStateMachine:uninitialized
2019-11-17 11:09:00,915 [pool-193-thread-1] INFO  storage.RaftStorageDirectory (RaftStorageDirectory.java:analyzeStorage(246)) - The storage directory /workdir/hadoop-ozone/integration-test/target/test-dir/MiniOzoneClusterImpl-184704d8-2d26-4abc-9155-7ef0d3d35dfc/datanode-4/data/ratis/f9dd73f1-82ac-4919-880a-f854efa2bccd does not exist. Creating ...
2019-11-17 11:09:00,915 [pool-203-thread-1] INFO  server.RaftServerConfigKeys (ConfUtils.java:logGet(43)) - raft.server.rpc.timeout.min = 1s (custom)
2019-11-17 11:09:00,916 [pool-203-thread-1] INFO  server.RaftServerConfigKeys (ConfUtils.java:logGet(43)) - raft.server.rpc.timeout.max = 1200ms (custom)
2019-11-17 11:09:00,916 [pool-203-thread-1] INFO  server.RaftServerConfigKeys (ConfUtils.java:logGet(43)) - raft.server.rpcslowness.timeout = 120s (custom)
2019-11-17 11:09:00,916 [pool-203-thread-1] INFO  server.RaftServerConfigKeys (ConfUtils.java:logGet(43)) - raft.server.sleep.deviation.threshold = 300 (default)
2019-11-17 11:09:00,916 [pool-203-thread-1] INFO  server.RaftServerConfigKeys (ConfUtils.java:logGet(43)) - raft.server.log.appender.install.snapshot.enabled = false (custom)
2019-11-17 11:09:00,916 [pool-183-thread-1] INFO  impl.RaftServerImpl (RaftServerImpl.java:<init>(98)) - fa2fcff1-083d-4cf3-acfd-0486da9214fd: new RaftServerImpl for group-F854EFA2BCCD:[fa2fcff1-083d-4cf3-acfd-0486da9214fd:192.168.34.35:34313, e3fe17d3-3943-4d4c-b88c-d5052243b886:192.168.34.35:33574, 4c1e8795-b3d4-460e-8f85-df43444e9ba0:192.168.34.35:35525] with ContainerStateMachine:uninitialized
2019-11-17 11:09:00,916 [pool-203-thread-1] INFO  impl.RaftServerImpl (ServerState.java:<init>(103)) - e3fe17d3-3943-4d4c-b88c-d5052243b886@group-F854EFA2BCCD: ConfigurationManager, init=-1: [fa2fcff1-083d-4cf3-acfd-0486da9214fd:192.168.34.35:34313, e3fe17d3-3943-4d4c-b88c-d5052243b886:192.168.34.35:33574, 4c1e8795-b3d4-460e-8f85-df43444e9ba0:192.168.34.35:35525], old=null, confs=<EMPTY_MAP>
2019-11-17 11:09:00,916 [pool-183-thread-1] INFO  server.RaftServerConfigKeys (ConfUtils.java:logGet(43)) - raft.server.rpc.timeout.min = 1s (custom)
2019-11-17 11:09:00,916 [pool-203-thread-1] INFO  server.RaftServerConfigKeys (ConfUtils.java:logGet(43)) - raft.server.storage.dir = [/workdir/hadoop-ozone/integration-test/target/test-dir/MiniOzoneClusterImpl-184704d8-2d26-4abc-9155-7ef0d3d35dfc/datanode-5/data/ratis] (custom)
2019-11-17 11:09:00,917 [pool-183-thread-1] INFO  server.RaftServerConfigKeys (ConfUtils.java:logGet(43)) - raft.server.rpc.timeout.max = 1200ms (custom)
2019-11-17 11:09:00,917 [pool-183-thread-1] INFO  server.RaftServerConfigKeys (ConfUtils.java:logGet(43)) - raft.server.rpcslowness.timeout = 120s (custom)
2019-11-17 11:09:00,917 [pool-203-thread-1] INFO  server.RaftServerConfigKeys (ConfUtils.java:logGet(43)) - raft.server.log.corruption.policy = EXCEPTION (default)
2019-11-17 11:09:00,917 [pool-183-thread-1] INFO  server.RaftServerConfigKeys (ConfUtils.java:logGet(43)) - raft.server.sleep.deviation.threshold = 300 (default)
2019-11-17 11:09:00,917 [pool-183-thread-1] INFO  server.RaftServerConfigKeys (ConfUtils.java:logGet(43)) - raft.server.log.appender.install.snapshot.enabled = false (custom)
2019-11-17 11:09:00,917 [pool-203-thread-1] INFO  storage.RaftStorageDirectory (RaftStorageDirectory.java:analyzeStorage(246)) - The storage directory /workdir/hadoop-ozone/integration-test/target/test-dir/MiniOzoneClusterImpl-184704d8-2d26-4abc-9155-7ef0d3d35dfc/datanode-5/data/ratis/f9dd73f1-82ac-4919-880a-f854efa2bccd does not exist. Creating ...
2019-11-17 11:09:00,917 [pool-183-thread-1] INFO  impl.RaftServerImpl (ServerState.java:<init>(103)) - fa2fcff1-083d-4cf3-acfd-0486da9214fd@group-F854EFA2BCCD: ConfigurationManager, init=-1: [fa2fcff1-083d-4cf3-acfd-0486da9214fd:192.168.34.35:34313, e3fe17d3-3943-4d4c-b88c-d5052243b886:192.168.34.35:33574, 4c1e8795-b3d4-460e-8f85-df43444e9ba0:192.168.34.35:35525], old=null, confs=<EMPTY_MAP>
2019-11-17 11:09:00,918 [pool-183-thread-1] INFO  server.RaftServerConfigKeys (ConfUtils.java:logGet(43)) - raft.server.storage.dir = [/workdir/hadoop-ozone/integration-test/target/test-dir/MiniOzoneClusterImpl-184704d8-2d26-4abc-9155-7ef0d3d35dfc/datanode-3/data/ratis] (custom)
2019-11-17 11:09:00,918 [pool-183-thread-1] INFO  server.RaftServerConfigKeys (ConfUtils.java:logGet(43)) - raft.server.log.corruption.policy = EXCEPTION (default)
2019-11-17 11:09:00,918 [pool-183-thread-1] INFO  storage.RaftStorageDirectory (RaftStorageDirectory.java:analyzeStorage(246)) - The storage directory /workdir/hadoop-ozone/integration-test/target/test-dir/MiniOzoneClusterImpl-184704d8-2d26-4abc-9155-7ef0d3d35dfc/datanode-3/data/ratis/f9dd73f1-82ac-4919-880a-f854efa2bccd does not exist. Creating ...
2019-11-17 11:09:00,929 [pool-193-thread-1] INFO  storage.RaftStorageDirectory (RaftStorageDirectory.java:tryLock(328)) - Lock on /workdir/hadoop-ozone/integration-test/target/test-dir/MiniOzoneClusterImpl-184704d8-2d26-4abc-9155-7ef0d3d35dfc/datanode-4/data/ratis/f9dd73f1-82ac-4919-880a-f854efa2bccd/in_use.lock acquired by nodename 13849@pr-hdds-2291-5997d-4279494527
2019-11-17 11:09:00,929 [pool-203-thread-1] INFO  storage.RaftStorageDirectory (RaftStorageDirectory.java:tryLock(328)) - Lock on /workdir/hadoop-ozone/integration-test/target/test-dir/MiniOzoneClusterImpl-184704d8-2d26-4abc-9155-7ef0d3d35dfc/datanode-5/data/ratis/f9dd73f1-82ac-4919-880a-f854efa2bccd/in_use.lock acquired by nodename 13849@pr-hdds-2291-5997d-4279494527
2019-11-17 11:09:00,929 [pool-183-thread-1] INFO  storage.RaftStorageDirectory (RaftStorageDirectory.java:tryLock(328)) - Lock on /workdir/hadoop-ozone/integration-test/target/test-dir/MiniOzoneClusterImpl-184704d8-2d26-4abc-9155-7ef0d3d35dfc/datanode-3/data/ratis/f9dd73f1-82ac-4919-880a-f854efa2bccd/in_use.lock acquired by nodename 13849@pr-hdds-2291-5997d-4279494527
2019-11-17 11:09:00,942 [pool-193-thread-1] INFO  storage.RaftStorage (RaftStorage.java:format(84)) - Storage directory /workdir/hadoop-ozone/integration-test/target/test-dir/MiniOzoneClusterImpl-184704d8-2d26-4abc-9155-7ef0d3d35dfc/datanode-4/data/ratis/f9dd73f1-82ac-4919-880a-f854efa2bccd has been successfully formatted.
2019-11-17 11:09:00,942 [pool-203-thread-1] INFO  storage.RaftStorage (RaftStorage.java:format(84)) - Storage directory /workdir/hadoop-ozone/integration-test/target/test-dir/MiniOzoneClusterImpl-184704d8-2d26-4abc-9155-7ef0d3d35dfc/datanode-5/data/ratis/f9dd73f1-82ac-4919-880a-f854efa2bccd has been successfully formatted.
2019-11-17 11:09:00,942 [pool-183-thread-1] INFO  storage.RaftStorage (RaftStorage.java:format(84)) - Storage directory /workdir/hadoop-ozone/integration-test/target/test-dir/MiniOzoneClusterImpl-184704d8-2d26-4abc-9155-7ef0d3d35dfc/datanode-3/data/ratis/f9dd73f1-82ac-4919-880a-f854efa2bccd has been successfully formatted.
2019-11-17 11:09:00,943 [pool-203-thread-1] INFO  ratis.ContainerStateMachine (ContainerStateMachine.java:loadSnapshot(223)) - group-F854EFA2BCCD: The snapshot info is null. Setting the last applied indexto:(t:0, i:~)
2019-11-17 11:09:00,943 [pool-193-thread-1] INFO  ratis.ContainerStateMachine (ContainerStateMachine.java:loadSnapshot(223)) - group-F854EFA2BCCD: The snapshot info is null. Setting the last applied indexto:(t:0, i:~)
2019-11-17 11:09:00,943 [pool-203-thread-1] INFO  server.RaftServerConfigKeys (ConfUtils.java:logGet(43)) - raft.server.notification.no-leader.timeout = 120s (custom)
2019-11-17 11:09:00,943 [pool-183-thread-1] INFO  ratis.ContainerStateMachine (ContainerStateMachine.java:loadSnapshot(223)) - group-F854EFA2BCCD: The snapshot info is null. Setting the last applied indexto:(t:0, i:~)
2019-11-17 11:09:00,943 [pool-203-thread-1] INFO  server.RaftServerConfigKeys (ConfUtils.java:logGet(43)) - raft.server.log.use.memory = false (default)
2019-11-17 11:09:00,943 [pool-193-thread-1] INFO  server.RaftServerConfigKeys (ConfUtils.java:logGet(43)) - raft.server.notification.no-leader.timeout = 120s (custom)
2019-11-17 11:09:00,944 [pool-203-thread-1] INFO  server.RaftServerConfigKeys (ConfUtils.java:logGet(43)) - raft.server.log.purge.gap = 1000000 (custom)
2019-11-17 11:09:00,944 [pool-203-thread-1] INFO  server.RaftServerConfigKeys (ConfUtils.java:logGet(43)) - raft.server.log.appender.buffer.byte-limit = 33554432 (custom)
2019-11-17 11:09:00,943 [pool-183-thread-1] INFO  server.RaftServerConfigKeys (ConfUtils.java:logGet(43)) - raft.server.notification.no-leader.timeout = 120s (custom)
2019-11-17 11:09:00,944 [pool-203-thread-1] INFO  server.RaftServerConfigKeys (ConfUtils.java:logGet(43)) - raft.server.log.segment.size.max = 1048576 (custom)
2019-11-17 11:09:00,944 [pool-193-thread-1] INFO  server.RaftServerConfigKeys (ConfUtils.java:logGet(43)) - raft.server.log.use.memory = false (default)
2019-11-17 11:09:00,944 [pool-203-thread-1] INFO  server.RaftServerConfigKeys (ConfUtils.java:logGet(43)) - raft.server.log.segment.cache.num.max = 2 (custom)
2019-11-17 11:09:00,944 [pool-183-thread-1] INFO  server.RaftServerConfigKeys (ConfUtils.java:logGet(43)) - raft.server.log.use.memory = false (default)
2019-11-17 11:09:00,944 [pool-203-thread-1] INFO  segmented.SegmentedRaftLogWorker (SegmentedRaftLogWorker.java:<init>(173)) - new e3fe17d3-3943-4d4c-b88c-d5052243b886@group-F854EFA2BCCD-SegmentedRaftLogWorker for RaftStorage:Storage Directory /workdir/hadoop-ozone/integration-test/target/test-dir/MiniOzoneClusterImpl-184704d8-2d26-4abc-9155-7ef0d3d35dfc/datanode-5/data/ratis/f9dd73f1-82ac-4919-880a-f854efa2bccd
2019-11-17 11:09:00,944 [pool-193-thread-1] INFO  server.RaftServerConfigKeys (ConfUtils.java:logGet(43)) - raft.server.log.purge.gap = 1000000 (custom)
2019-11-17 11:09:00,945 [pool-203-thread-1] INFO  server.RaftServerConfigKeys (ConfUtils.java:logGet(43)) - raft.server.log.queue.byte-limit = 2147483647 (custom)
2019-11-17 11:09:00,945 [pool-203-thread-1] INFO  server.RaftServerConfigKeys (ConfUtils.java:logGet(43)) - raft.server.log.queue.element-limit = 1024 (custom)
2019-11-17 11:09:00,945 [pool-183-thread-1] INFO  server.RaftServerConfigKeys (ConfUtils.java:logGet(43)) - raft.server.log.purge.gap = 1000000 (custom)
2019-11-17 11:09:00,945 [pool-203-thread-1] INFO  server.RaftServerConfigKeys (ConfUtils.java:logGet(43)) - raft.server.log.segment.size.max = 1048576 (custom)
2019-11-17 11:09:00,945 [pool-193-thread-1] INFO  server.RaftServerConfigKeys (ConfUtils.java:logGet(43)) - raft.server.log.appender.buffer.byte-limit = 33554432 (custom)
2019-11-17 11:09:00,945 [pool-203-thread-1] INFO  server.RaftServerConfigKeys (ConfUtils.java:logGet(43)) - raft.server.log.preallocated.size = 16384 (custom)
2019-11-17 11:09:00,945 [pool-183-thread-1] INFO  server.RaftServerConfigKeys (ConfUtils.java:logGet(43)) - raft.server.log.appender.buffer.byte-limit = 33554432 (custom)
2019-11-17 11:09:00,946 [pool-203-thread-1] INFO  server.RaftServerConfigKeys (ConfUtils.java:logGet(43)) - raft.server.log.write.buffer.size = 33554432 (custom)
2019-11-17 11:09:00,945 [pool-193-thread-1] INFO  server.RaftServerConfigKeys (ConfUtils.java:logGet(43)) - raft.server.log.segment.size.max = 1048576 (custom)
2019-11-17 11:09:00,946 [pool-203-thread-1] INFO  server.RaftServerConfigKeys (ConfUtils.java:logGet(43)) - raft.server.log.force.sync.num = 128 (default)
2019-11-17 11:09:00,946 [pool-183-thread-1] INFO  server.RaftServerConfigKeys (ConfUtils.java:logGet(43)) - raft.server.log.segment.size.max = 1048576 (custom)
2019-11-17 11:09:00,946 [pool-203-thread-1] INFO  server.RaftServerConfigKeys (ConfUtils.java:logGet(43)) - raft.server.log.statemachine.data.sync = true (default)
2019-11-17 11:09:00,946 [pool-193-thread-1] INFO  server.RaftServerConfigKeys (ConfUtils.java:logGet(43)) - raft.server.log.segment.cache.num.max = 2 (custom)
2019-11-17 11:09:00,946 [pool-203-thread-1] INFO  server.RaftServerConfigKeys (ConfUtils.java:logGet(43)) - raft.server.log.statemachine.data.sync.timeout = 10s (default)
2019-11-17 11:09:00,946 [pool-183-thread-1] INFO  server.RaftServerConfigKeys (ConfUtils.java:logGet(43)) - raft.server.log.segment.cache.num.max = 2 (custom)
2019-11-17 11:09:00,947 [pool-203-thread-1] INFO  server.RaftServerConfigKeys (ConfUtils.java:logGet(43)) - raft.server.log.statemachine.data.sync.timeout.retry = -1 (default)
2019-11-17 11:09:00,946 [pool-193-thread-1] INFO  segmented.SegmentedRaftLogWorker (SegmentedRaftLogWorker.java:<init>(173)) - new 4c1e8795-b3d4-460e-8f85-df43444e9ba0@group-F854EFA2BCCD-SegmentedRaftLogWorker for RaftStorage:Storage Directory /workdir/hadoop-ozone/integration-test/target/test-dir/MiniOzoneClusterImpl-184704d8-2d26-4abc-9155-7ef0d3d35dfc/datanode-4/data/ratis/f9dd73f1-82ac-4919-880a-f854efa2bccd
2019-11-17 11:09:00,947 [pool-203-thread-1] INFO  server.RaftServerConfigKeys (ConfUtils.java:logGet(43)) - raft.server.log.statemachine.data.caching.enabled = true (custom)
2019-11-17 11:09:00,947 [pool-183-thread-1] INFO  segmented.SegmentedRaftLogWorker (SegmentedRaftLogWorker.java:<init>(173)) - new fa2fcff1-083d-4cf3-acfd-0486da9214fd@group-F854EFA2BCCD-SegmentedRaftLogWorker for RaftStorage:Storage Directory /workdir/hadoop-ozone/integration-test/target/test-dir/MiniOzoneClusterImpl-184704d8-2d26-4abc-9155-7ef0d3d35dfc/datanode-3/data/ratis/f9dd73f1-82ac-4919-880a-f854efa2bccd
2019-11-17 11:09:00,947 [pool-193-thread-1] INFO  server.RaftServerConfigKeys (ConfUtils.java:logGet(43)) - raft.server.log.queue.byte-limit = 2147483647 (custom)
2019-11-17 11:09:00,947 [pool-203-thread-1] INFO  segmented.SegmentedRaftLogWorker (SegmentedRaftLogWorker.java:lambda$new$0(128)) - e3fe17d3-3943-4d4c-b88c-d5052243b886@group-F854EFA2BCCD-SegmentedRaftLogWorker: flushIndex: setUnconditionally 0 -> -1
2019-11-17 11:09:00,947 [pool-183-thread-1] INFO  server.RaftServerConfigKeys (ConfUtils.java:logGet(43)) - raft.server.log.queue.byte-limit = 2147483647 (custom)
2019-11-17 11:09:00,947 [pool-193-thread-1] INFO  server.RaftServerConfigKeys (ConfUtils.java:logGet(43)) - raft.server.log.queue.element-limit = 1024 (custom)
2019-11-17 11:09:00,947 [pool-203-thread-1] INFO  server.RaftServerConfigKeys (ConfUtils.java:logGet(43)) - raft.server.snapshot.auto.trigger.enabled = true (custom)
2019-11-17 11:09:00,947 [pool-183-thread-1] INFO  server.RaftServerConfigKeys (ConfUtils.java:logGet(43)) - raft.server.log.queue.element-limit = 1024 (custom)
2019-11-17 11:09:00,948 [pool-203-thread-1] INFO  server.RaftServerConfigKeys (ConfUtils.java:logGet(43)) - raft.server.snapshot.auto.trigger.threshold = 10000 (custom)
2019-11-17 11:09:00,948 [pool-193-thread-1] INFO  server.RaftServerConfigKeys (ConfUtils.java:logGet(43)) - raft.server.log.segment.size.max = 1048576 (custom)
2019-11-17 11:09:00,948 [pool-203-thread-1] INFO  server.RaftServerConfigKeys (ConfUtils.java:logGet(43)) - raft.server.snapshot.retention.file.num = 5 (custom)
2019-11-17 11:09:00,948 [pool-183-thread-1] INFO  server.RaftServerConfigKeys (ConfUtils.java:logGet(43)) - raft.server.log.segment.size.max = 1048576 (custom)
2019-11-17 11:09:00,948 [pool-203-thread-1] INFO  server.RaftServerConfigKeys (ConfUtils.java:logGet(43)) - raft.server.retrycache.expirytime = 600000ms (custom)
2019-11-17 11:09:00,948 [pool-193-thread-1] INFO  server.RaftServerConfigKeys (ConfUtils.java:logGet(43)) - raft.server.log.preallocated.size = 16384 (custom)
2019-11-17 11:09:00,949 [pool-203-thread-1] WARN  impl.MetricRegistriesImpl (MetricRegistriesImpl.java:lambda$create$1(61)) - First MetricRegistry has been created without registering reporters. You may need to call MetricRegistries.global().addReportRegistration(...) before.
2019-11-17 11:09:00,948 [pool-183-thread-1] INFO  server.RaftServerConfigKeys (ConfUtils.java:logGet(43)) - raft.server.log.preallocated.size = 16384 (custom)
2019-11-17 11:09:00,949 [pool-203-thread-1] WARN  impl.MetricRegistriesImpl (MetricRegistriesImpl.java:lambda$create$1(61)) - First MetricRegistry has been created without registering reporters. You may need to call MetricRegistries.global().addReportRegistration(...) before.
2019-11-17 11:09:00,949 [pool-193-thread-1] INFO  server.RaftServerConfigKeys (ConfUtils.java:logGet(43)) - raft.server.log.write.buffer.size = 33554432 (custom)
2019-11-17 11:09:00,949 [pool-203-thread-1] INFO  impl.RaftServerImpl (RaftServerImpl.java:start(184)) - e3fe17d3-3943-4d4c-b88c-d5052243b886@group-F854EFA2BCCD: start as a follower, conf=-1: [fa2fcff1-083d-4cf3-acfd-0486da9214fd:192.168.34.35:34313, e3fe17d3-3943-4d4c-b88c-d5052243b886:192.168.34.35:33574, 4c1e8795-b3d4-460e-8f85-df43444e9ba0:192.168.34.35:35525], old=null
2019-11-17 11:09:00,949 [pool-183-thread-1] INFO  server.RaftServerConfigKeys (ConfUtils.java:logGet(43)) - raft.server.log.write.buffer.size = 33554432 (custom)
2019-11-17 11:09:00,949 [pool-203-thread-1] INFO  impl.RaftServerImpl (RaftServerImpl.java:setRole(173)) - e3fe17d3-3943-4d4c-b88c-d5052243b886@group-F854EFA2BCCD: changes role from      null to FOLLOWER at term 0 for startAsFollower
2019-11-17 11:09:00,949 [pool-193-thread-1] INFO  server.RaftServerConfigKeys (ConfUtils.java:logGet(43)) - raft.server.log.force.sync.num = 128 (default)
2019-11-17 11:09:00,950 [pool-203-thread-1] INFO  impl.RoleInfo (RoleInfo.java:updateAndGet(143)) - e3fe17d3-3943-4d4c-b88c-d5052243b886: start FollowerState
2019-11-17 11:09:00,949 [pool-183-thread-1] INFO  server.RaftServerConfigKeys (ConfUtils.java:logGet(43)) - raft.server.log.force.sync.num = 128 (default)
2019-11-17 11:09:00,950 [pool-193-thread-1] INFO  server.RaftServerConfigKeys (ConfUtils.java:logGet(43)) - raft.server.log.statemachine.data.sync = true (default)
2019-11-17 11:09:00,950 [pool-183-thread-1] INFO  server.RaftServerConfigKeys (ConfUtils.java:logGet(43)) - raft.server.log.statemachine.data.sync = true (default)
2019-11-17 11:09:00,950 [pool-193-thread-1] INFO  server.RaftServerConfigKeys (ConfUtils.java:logGet(43)) - raft.server.log.statemachine.data.sync.timeout = 10s (default)
2019-11-17 11:09:00,950 [pool-203-thread-1] INFO  util.JmxRegister (JmxRegister.java:tryRegister(44)) - Successfully registered JMX Bean with object name Ratis:service=RaftServer,group=group-F854EFA2BCCD,id=e3fe17d3-3943-4d4c-b88c-d5052243b886
2019-11-17 11:09:00,950 [pool-183-thread-1] INFO  server.RaftServerConfigKeys (ConfUtils.java:logGet(43)) - raft.server.log.statemachine.data.sync.timeout = 10s (default)
2019-11-17 11:09:00,950 [pool-203-thread-1] WARN  impl.MetricRegistriesImpl (MetricRegistriesImpl.java:lambda$create$1(61)) - First MetricRegistry has been created without registering reporters. You may need to call MetricRegistries.global().addReportRegistration(...) before.
2019-11-17 11:09:00,950 [pool-193-thread-1] INFO  server.RaftServerConfigKeys (ConfUtils.java:logGet(43)) - raft.server.log.statemachine.data.sync.timeout.retry = -1 (default)
2019-11-17 11:09:00,951 [pool-183-thread-1] INFO  server.RaftServerConfigKeys (ConfUtils.java:logGet(43)) - raft.server.log.statemachine.data.sync.timeout.retry = -1 (default)
2019-11-17 11:09:00,951 [pool-193-thread-1] INFO  server.RaftServerConfigKeys (ConfUtils.java:logGet(43)) - raft.server.log.statemachine.data.caching.enabled = true (custom)
2019-11-17 11:09:00,951 [pool-183-thread-1] INFO  server.RaftServerConfigKeys (ConfUtils.java:logGet(43)) - raft.server.log.statemachine.data.caching.enabled = true (custom)
2019-11-17 11:09:00,951 [pool-193-thread-1] INFO  segmented.SegmentedRaftLogWorker (SegmentedRaftLogWorker.java:lambda$new$0(128)) - 4c1e8795-b3d4-460e-8f85-df43444e9ba0@group-F854EFA2BCCD-SegmentedRaftLogWorker: flushIndex: setUnconditionally 0 -> -1
2019-11-17 11:09:00,952 [pool-183-thread-1] INFO  segmented.SegmentedRaftLogWorker (SegmentedRaftLogWorker.java:lambda$new$0(128)) - fa2fcff1-083d-4cf3-acfd-0486da9214fd@group-F854EFA2BCCD-SegmentedRaftLogWorker: flushIndex: setUnconditionally 0 -> -1
2019-11-17 11:09:00,952 [pool-193-thread-1] INFO  server.RaftServerConfigKeys (ConfUtils.java:logGet(43)) - raft.server.snapshot.auto.trigger.enabled = true (custom)
2019-11-17 11:09:00,952 [pool-193-thread-1] INFO  server.RaftServerConfigKeys (ConfUtils.java:logGet(43)) - raft.server.snapshot.auto.trigger.threshold = 10000 (custom)
2019-11-17 11:09:00,952 [pool-193-thread-1] INFO  server.RaftServerConfigKeys (ConfUtils.java:logGet(43)) - raft.server.snapshot.retention.file.num = 5 (custom)
2019-11-17 11:09:00,952 [pool-183-thread-1] INFO  server.RaftServerConfigKeys (ConfUtils.java:logGet(43)) - raft.server.snapshot.auto.trigger.enabled = true (custom)
2019-11-17 11:09:00,952 [pool-193-thread-1] INFO  server.RaftServerConfigKeys (ConfUtils.java:logGet(43)) - raft.server.retrycache.expirytime = 600000ms (custom)
2019-11-17 11:09:00,952 [pool-183-thread-1] INFO  server.RaftServerConfigKeys (ConfUtils.java:logGet(43)) - raft.server.snapshot.auto.trigger.threshold = 10000 (custom)
2019-11-17 11:09:00,952 [pool-193-thread-1] WARN  impl.MetricRegistriesImpl (MetricRegistriesImpl.java:lambda$create$1(61)) - First MetricRegistry has been created without registering reporters. You may need to call MetricRegistries.global().addReportRegistration(...) before.
2019-11-17 11:09:00,953 [pool-183-thread-1] INFO  server.RaftServerConfigKeys (ConfUtils.java:logGet(43)) - raft.server.snapshot.retention.file.num = 5 (custom)
2019-11-17 11:09:00,953 [pool-193-thread-1] WARN  impl.MetricRegistriesImpl (MetricRegistriesImpl.java:lambda$create$1(61)) - First MetricRegistry has been created without registering reporters. You may need to call MetricRegistries.global().addReportRegistration(...) before.
2019-11-17 11:09:00,953 [pool-183-thread-1] INFO  server.RaftServerConfigKeys (ConfUtils.java:logGet(43)) - raft.server.retrycache.expirytime = 600000ms (custom)
2019-11-17 11:09:00,953 [pool-193-thread-1] INFO  impl.RaftServerImpl (RaftServerImpl.java:start(184)) - 4c1e8795-b3d4-460e-8f85-df43444e9ba0@group-F854EFA2BCCD: start as a follower, conf=-1: [fa2fcff1-083d-4cf3-acfd-0486da9214fd:192.168.34.35:34313, e3fe17d3-3943-4d4c-b88c-d5052243b886:192.168.34.35:33574, 4c1e8795-b3d4-460e-8f85-df43444e9ba0:192.168.34.35:35525], old=null
2019-11-17 11:09:00,953 [pool-183-thread-1] WARN  impl.MetricRegistriesImpl (MetricRegistriesImpl.java:lambda$create$1(61)) - First MetricRegistry has been created without registering reporters. You may need to call MetricRegistries.global().addReportRegistration(...) before.
2019-11-17 11:09:00,953 [pool-193-thread-1] INFO  impl.RaftServerImpl (RaftServerImpl.java:setRole(173)) - 4c1e8795-b3d4-460e-8f85-df43444e9ba0@group-F854EFA2BCCD: changes role from      null to FOLLOWER at term 0 for startAsFollower
2019-11-17 11:09:00,953 [pool-183-thread-1] WARN  impl.MetricRegistriesImpl (MetricRegistriesImpl.java:lambda$create$1(61)) - First MetricRegistry has been created without registering reporters. You may need to call MetricRegistries.global().addReportRegistration(...) before.
2019-11-17 11:09:00,953 [pool-193-thread-1] INFO  impl.RoleInfo (RoleInfo.java:updateAndGet(143)) - 4c1e8795-b3d4-460e-8f85-df43444e9ba0: start FollowerState
2019-11-17 11:09:00,953 [pool-183-thread-1] INFO  impl.RaftServerImpl (RaftServerImpl.java:start(184)) - fa2fcff1-083d-4cf3-acfd-0486da9214fd@group-F854EFA2BCCD: start as a follower, conf=-1: [fa2fcff1-083d-4cf3-acfd-0486da9214fd:192.168.34.35:34313, e3fe17d3-3943-4d4c-b88c-d5052243b886:192.168.34.35:33574, 4c1e8795-b3d4-460e-8f85-df43444e9ba0:192.168.34.35:35525], old=null
2019-11-17 11:09:00,954 [pool-183-thread-1] INFO  impl.RaftServerImpl (RaftServerImpl.java:setRole(173)) - fa2fcff1-083d-4cf3-acfd-0486da9214fd@group-F854EFA2BCCD: changes role from      null to FOLLOWER at term 0 for startAsFollower
2019-11-17 11:09:00,954 [pool-183-thread-1] INFO  impl.RoleInfo (RoleInfo.java:updateAndGet(143)) - fa2fcff1-083d-4cf3-acfd-0486da9214fd: start FollowerState
2019-11-17 11:09:00,954 [pool-193-thread-1] INFO  util.JmxRegister (JmxRegister.java:tryRegister(44)) - Successfully registered JMX Bean with object name Ratis:service=RaftServer,group=group-F854EFA2BCCD,id=4c1e8795-b3d4-460e-8f85-df43444e9ba0
2019-11-17 11:09:00,954 [pool-193-thread-1] WARN  impl.MetricRegistriesImpl (MetricRegistriesImpl.java:lambda$create$1(61)) - First MetricRegistry has been created without registering reporters. You may need to call MetricRegistries.global().addReportRegistration(...) before.
2019-11-17 11:09:00,954 [pool-183-thread-1] INFO  util.JmxRegister (JmxRegister.java:tryRegister(44)) - Successfully registered JMX Bean with object name Ratis:service=RaftServer,group=group-F854EFA2BCCD,id=fa2fcff1-083d-4cf3-acfd-0486da9214fd
2019-11-17 11:09:00,954 [pool-183-thread-1] WARN  impl.MetricRegistriesImpl (MetricRegistriesImpl.java:lambda$create$1(61)) - First MetricRegistry has been created without registering reporters. You may need to call MetricRegistries.global().addReportRegistration(...) before.
2019-11-17 11:09:00,957 [RatisPipelineUtilsThread] INFO  pipeline.PipelineStateManager (PipelineStateManager.java:addPipeline(55)) - Created pipeline Pipeline[ Id: f9dd73f1-82ac-4919-880a-f854efa2bccd, Nodes: fa2fcff1-083d-4cf3-acfd-0486da9214fd{ip: 192.168.34.35, host: pr-hdds-2291-5997d-4279494527, networkLocation: /default-rack, certSerialId: null}4c1e8795-b3d4-460e-8f85-df43444e9ba0{ip: 192.168.34.35, host: pr-hdds-2291-5997d-4279494527, networkLocation: /default-rack, certSerialId: null}e3fe17d3-3943-4d4c-b88c-d5052243b886{ip: 192.168.34.35, host: pr-hdds-2291-5997d-4279494527, networkLocation: /default-rack, certSerialId: null}, Type:RATIS, Factor:THREE, State:ALLOCATED]
2019-11-17 11:09:00,957 [main] INFO  ozone.MiniOzoneClusterImpl (MiniOzoneClusterImpl.java:lambda$waitForClusterToBeReady$2(163)) - Waiting for 8 number of pipelines out of 8, to report a leader.
2019-11-17 11:09:01,693 [Thread-1691] INFO  impl.FollowerState (FollowerState.java:run(111)) - e8702f59-809d-4833-a306-9e60cd88362b@group-F00BEBCD24A8-FollowerState: change to CANDIDATE, lastRpcTime:1086ms, electionTimeout:1086ms
2019-11-17 11:09:01,695 [Thread-1691] INFO  impl.RoleInfo (RoleInfo.java:shutdownFollowerState(121)) - e8702f59-809d-4833-a306-9e60cd88362b: shutdown FollowerState
2019-11-17 11:09:01,696 [Thread-1691] INFO  impl.RaftServerImpl (RaftServerImpl.java:setRole(173)) - e8702f59-809d-4833-a306-9e60cd88362b@group-F00BEBCD24A8: changes role from  FOLLOWER to CANDIDATE at term 0 for changeToCandidate
2019-11-17 11:09:01,696 [Thread-1691] INFO  impl.RoleInfo (RoleInfo.java:updateAndGet(143)) - e8702f59-809d-4833-a306-9e60cd88362b: start LeaderElection
2019-11-17 11:09:01,714 [e8702f59-809d-4833-a306-9e60cd88362b@group-F00BEBCD24A8-LeaderElection34] INFO  impl.LeaderElection (LeaderElection.java:askForVotes(178)) - e8702f59-809d-4833-a306-9e60cd88362b@group-F00BEBCD24A8-LeaderElection34: begin an election at term 1 for -1: [e8702f59-809d-4833-a306-9e60cd88362b:192.168.34.35:33634], old=null
2019-11-17 11:09:01,714 [e8702f59-809d-4833-a306-9e60cd88362b@group-F00BEBCD24A8-LeaderElection34] INFO  impl.RoleInfo (RoleInfo.java:shutdownLeaderElection(134)) - e8702f59-809d-4833-a306-9e60cd88362b: shutdown LeaderElection
2019-11-17 11:09:01,714 [e8702f59-809d-4833-a306-9e60cd88362b@group-F00BEBCD24A8-LeaderElection34] INFO  impl.RaftServerImpl (RaftServerImpl.java:setRole(173)) - e8702f59-809d-4833-a306-9e60cd88362b@group-F00BEBCD24A8: changes role from CANDIDATE to LEADER at term 1 for changeToLeader
2019-11-17 11:09:01,714 [e8702f59-809d-4833-a306-9e60cd88362b@group-F00BEBCD24A8-LeaderElection34] INFO  ratis.XceiverServerRatis (XceiverServerRatis.java:handleLeaderChangedNotification(697)) - Leader change notification received for group: group-F00BEBCD24A8 with new leaderId: e8702f59-809d-4833-a306-9e60cd88362b
2019-11-17 11:09:01,714 [e8702f59-809d-4833-a306-9e60cd88362b@group-F00BEBCD24A8-LeaderElection34] INFO  impl.RaftServerImpl (ServerState.java:setLeader(255)) - e8702f59-809d-4833-a306-9e60cd88362b@group-F00BEBCD24A8: change Leader from null to e8702f59-809d-4833-a306-9e60cd88362b at term 1 for becomeLeader, leader elected after 1111ms
2019-11-17 11:09:01,714 [e8702f59-809d-4833-a306-9e60cd88362b@group-F00BEBCD24A8-LeaderElection34] INFO  server.RaftServerConfigKeys (ConfUtils.java:logGet(43)) - raft.server.staging.catchup.gap = 1000 (default)
2019-11-17 11:09:01,714 [e8702f59-809d-4833-a306-9e60cd88362b@group-F00BEBCD24A8-LeaderElection34] INFO  server.RaftServerConfigKeys (ConfUtils.java:logGet(43)) - raft.server.rpc.sleep.time = 25ms (default)
2019-11-17 11:09:01,716 [e8702f59-809d-4833-a306-9e60cd88362b@group-F00BEBCD24A8-LeaderElection34] INFO  server.RaftServerConfigKeys (ConfUtils.java:logGet(43)) - raft.server.write.element-limit = 4096 (default)
2019-11-17 11:09:01,716 [e8702f59-809d-4833-a306-9e60cd88362b@group-F00BEBCD24A8-LeaderElection34] INFO  server.RaftServerConfigKeys (ConfUtils.java:logGet(43)) - raft.server.watch.timeout = 10s (default)
2019-11-17 11:09:01,716 [e8702f59-809d-4833-a306-9e60cd88362b@group-F00BEBCD24A8-LeaderElection34] INFO  server.RaftServerConfigKeys (ConfUtils.java:logGet(43)) - raft.server.watch.timeout.denomination = 1s (default)
2019-11-17 11:09:01,717 [e8702f59-809d-4833-a306-9e60cd88362b@group-F00BEBCD24A8-LeaderElection34] INFO  server.RaftServerConfigKeys (ConfUtils.java:logGet(43)) - raft.server.watch.element-limit = 65536 (default)
2019-11-17 11:09:01,717 [e8702f59-809d-4833-a306-9e60cd88362b@group-F00BEBCD24A8-LeaderElection34] INFO  impl.RoleInfo (RoleInfo.java:updateAndGet(143)) - e8702f59-809d-4833-a306-9e60cd88362b: start LeaderState
2019-11-17 11:09:01,717 [e8702f59-809d-4833-a306-9e60cd88362b@group-F00BEBCD24A8-LeaderElection34] INFO  segmented.SegmentedRaftLogWorker (SegmentedRaftLogWorker.java:startLogSegment(385)) - e8702f59-809d-4833-a306-9e60cd88362b@group-F00BEBCD24A8-SegmentedRaftLogWorker: Starting segment from index:0
2019-11-17 11:09:01,717 [EventQueue-PipelineReportForPipelineReportHandler] INFO  pipeline.PipelineStateManager (PipelineStateManager.java:openPipeline(134)) - Pipeline Pipeline[ Id: 0c0a028d-9fca-4f3f-8dd7-f00bebcd24a8, Nodes: e8702f59-809d-4833-a306-9e60cd88362b{ip: 192.168.34.35, host: pr-hdds-2291-5997d-4279494527, networkLocation: /default-rack, certSerialId: null}, Type:RATIS, Factor:ONE, State:OPEN] moved to OPEN state
2019-11-17 11:09:01,718 [e8702f59-809d-4833-a306-9e60cd88362b@group-F00BEBCD24A8-LeaderElection34] INFO  impl.RaftServerImpl (ServerState.java:setRaftConf(356)) - e8702f59-809d-4833-a306-9e60cd88362b@group-F00BEBCD24A8: set configuration 0: [e8702f59-809d-4833-a306-9e60cd88362b:192.168.34.35:33634], old=null at 0
2019-11-17 11:09:01,728 [Thread-1697] INFO  impl.FollowerState (FollowerState.java:run(111)) - e8702f59-809d-4833-a306-9e60cd88362b@group-246BD682EBCD-FollowerState: change to CANDIDATE, lastRpcTime:1009ms, electionTimeout:1009ms
2019-11-17 11:09:01,728 [Thread-1697] INFO  impl.RoleInfo (RoleInfo.java:shutdownFollowerState(121)) - e8702f59-809d-4833-a306-9e60cd88362b: shutdown FollowerState
2019-11-17 11:09:01,729 [Thread-1697] INFO  impl.RaftServerImpl (RaftServerImpl.java:setRole(173)) - e8702f59-809d-4833-a306-9e60cd88362b@group-246BD682EBCD: changes role from  FOLLOWER to CANDIDATE at term 0 for changeToCandidate
2019-11-17 11:09:01,729 [Thread-1697] INFO  impl.RoleInfo (RoleInfo.java:updateAndGet(143)) - e8702f59-809d-4833-a306-9e60cd88362b: start LeaderElection
2019-11-17 11:09:01,755 [Thread-1701] INFO  impl.FollowerState (FollowerState.java:run(111)) - 28ccac35-fb4f-4f0a-a99f-78d96ef6e430@group-246BD682EBCD-FollowerState: change to CANDIDATE, lastRpcTime:1033ms, electionTimeout:1031ms
2019-11-17 11:09:01,755 [Thread-1701] INFO  impl.RoleInfo (RoleInfo.java:shutdownFollowerState(121)) - 28ccac35-fb4f-4f0a-a99f-78d96ef6e430: shutdown FollowerState
2019-11-17 11:09:01,755 [Thread-1701] INFO  impl.RaftServerImpl (RaftServerImpl.java:setRole(173)) - 28ccac35-fb4f-4f0a-a99f-78d96ef6e430@group-246BD682EBCD: changes role from  FOLLOWER to CANDIDATE at term 0 for changeToCandidate
2019-11-17 11:09:01,755 [Thread-1694] INFO  impl.FollowerState (FollowerState.java:run(111)) - 28ccac35-fb4f-4f0a-a99f-78d96ef6e430@group-240F85207909-FollowerState: change to CANDIDATE, lastRpcTime:1087ms, electionTimeout:1083ms
2019-11-17 11:09:01,755 [Thread-1688] INFO  impl.FollowerState (FollowerState.java:run(111)) - ce4f5a27-7d6e-4546-9ae5-5afbf9a8c00c@group-FEA4454D07E7-FollowerState: change to CANDIDATE, lastRpcTime:1195ms, electionTimeout:1195ms
2019-11-17 11:09:01,755 [Thread-1701] INFO  impl.RoleInfo (RoleInfo.java:updateAndGet(143)) - 28ccac35-fb4f-4f0a-a99f-78d96ef6e430: start LeaderElection
2019-11-17 11:09:01,758 [Thread-1688] INFO  impl.RoleInfo (RoleInfo.java:shutdownFollowerState(121)) - ce4f5a27-7d6e-4546-9ae5-5afbf9a8c00c: shutdown FollowerState
2019-11-17 11:09:01,755 [Thread-1694] INFO  impl.RoleInfo (RoleInfo.java:shutdownFollowerState(121)) - 28ccac35-fb4f-4f0a-a99f-78d96ef6e430: shutdown FollowerState
2019-11-17 11:09:01,760 [Thread-1688] INFO  impl.RaftServerImpl (RaftServerImpl.java:setRole(173)) - ce4f5a27-7d6e-4546-9ae5-5afbf9a8c00c@group-FEA4454D07E7: changes role from  FOLLOWER to CANDIDATE at term 0 for changeToCandidate
2019-11-17 11:09:01,760 [Thread-1694] INFO  impl.RaftServerImpl (RaftServerImpl.java:setRole(173)) - 28ccac35-fb4f-4f0a-a99f-78d96ef6e430@group-240F85207909: changes role from  FOLLOWER to CANDIDATE at term 0 for changeToCandidate
2019-11-17 11:09:01,763 [Thread-1688] INFO  impl.RoleInfo (RoleInfo.java:updateAndGet(143)) - ce4f5a27-7d6e-4546-9ae5-5afbf9a8c00c: start LeaderElection
2019-11-17 11:09:01,763 [Thread-1694] INFO  impl.RoleInfo (RoleInfo.java:updateAndGet(143)) - 28ccac35-fb4f-4f0a-a99f-78d96ef6e430: start LeaderElection
2019-11-17 11:09:01,768 [e8702f59-809d-4833-a306-9e60cd88362b@group-F00BEBCD24A8-SegmentedRaftLogWorker] INFO  segmented.SegmentedRaftLogWorker (SegmentedRaftLogWorker.java:execute(576)) - e8702f59-809d-4833-a306-9e60cd88362b@group-F00BEBCD24A8-SegmentedRaftLogWorker: created new log segment /workdir/hadoop-ozone/integration-test/target/test-dir/MiniOzoneClusterImpl-184704d8-2d26-4abc-9155-7ef0d3d35dfc/datanode-1/data/ratis/0c0a028d-9fca-4f3f-8dd7-f00bebcd24a8/current/log_inprogress_0
2019-11-17 11:09:01,771 [e8702f59-809d-4833-a306-9e60cd88362b@group-246BD682EBCD-LeaderElection35] INFO  impl.LeaderElection (LeaderElection.java:askForVotes(178)) - e8702f59-809d-4833-a306-9e60cd88362b@group-246BD682EBCD-LeaderElection35: begin an election at term 1 for -1: [e8702f59-809d-4833-a306-9e60cd88362b:192.168.34.35:33634, ce4f5a27-7d6e-4546-9ae5-5afbf9a8c00c:192.168.34.35:44254, 28ccac35-fb4f-4f0a-a99f-78d96ef6e430:192.168.34.35:37581], old=null
2019-11-17 11:09:01,777 [grpc-default-executor-4] INFO  impl.RaftServerImpl (RaftServerImpl.java:setRole(173)) - ce4f5a27-7d6e-4546-9ae5-5afbf9a8c00c@group-246BD682EBCD: changes role from  FOLLOWER to FOLLOWER at term 1 for recognizeCandidate:e8702f59-809d-4833-a306-9e60cd88362b
2019-11-17 11:09:01,777 [grpc-default-executor-4] INFO  impl.RoleInfo (RoleInfo.java:shutdownFollowerState(121)) - ce4f5a27-7d6e-4546-9ae5-5afbf9a8c00c: shutdown FollowerState
2019-11-17 11:09:01,777 [grpc-default-executor-4] INFO  impl.RoleInfo (RoleInfo.java:updateAndGet(143)) - ce4f5a27-7d6e-4546-9ae5-5afbf9a8c00c: start FollowerState
2019-11-17 11:09:01,777 [Thread-1702] INFO  impl.FollowerState (FollowerState.java:run(120)) - ce4f5a27-7d6e-4546-9ae5-5afbf9a8c00c@group-246BD682EBCD-FollowerState was interrupted: java.lang.InterruptedException: sleep interrupted
2019-11-17 11:09:01,784 [ce4f5a27-7d6e-4546-9ae5-5afbf9a8c00c@group-FEA4454D07E7-LeaderElection37] INFO  impl.LeaderElection (LeaderElection.java:askForVotes(178)) - ce4f5a27-7d6e-4546-9ae5-5afbf9a8c00c@group-FEA4454D07E7-LeaderElection37: begin an election at term 1 for -1: [ce4f5a27-7d6e-4546-9ae5-5afbf9a8c00c:192.168.34.35:44254], old=null
2019-11-17 11:09:01,784 [28ccac35-fb4f-4f0a-a99f-78d96ef6e430@group-246BD682EBCD-LeaderElection36] INFO  impl.LeaderElection (LeaderElection.java:askForVotes(178)) - 28ccac35-fb4f-4f0a-a99f-78d96ef6e430@group-246BD682EBCD-LeaderElection36: begin an election at term 1 for -1: [e8702f59-809d-4833-a306-9e60cd88362b:192.168.34.35:33634, ce4f5a27-7d6e-4546-9ae5-5afbf9a8c00c:192.168.34.35:44254, 28ccac35-fb4f-4f0a-a99f-78d96ef6e430:192.168.34.35:37581], old=null
2019-11-17 11:09:01,784 [ce4f5a27-7d6e-4546-9ae5-5afbf9a8c00c@group-FEA4454D07E7-LeaderElection37] INFO  impl.RoleInfo (RoleInfo.java:shutdownLeaderElection(134)) - ce4f5a27-7d6e-4546-9ae5-5afbf9a8c00c: shutdown LeaderElection
2019-11-17 11:09:01,784 [28ccac35-fb4f-4f0a-a99f-78d96ef6e430@group-240F85207909-LeaderElection38] INFO  impl.LeaderElection (LeaderElection.java:askForVotes(178)) - 28ccac35-fb4f-4f0a-a99f-78d96ef6e430@group-240F85207909-LeaderElection38: begin an election at term 1 for -1: [28ccac35-fb4f-4f0a-a99f-78d96ef6e430:192.168.34.35:37581], old=null
2019-11-17 11:09:01,784 [ce4f5a27-7d6e-4546-9ae5-5afbf9a8c00c@group-FEA4454D07E7-LeaderElection37] INFO  impl.RaftServerImpl (RaftServerImpl.java:setRole(173)) - ce4f5a27-7d6e-4546-9ae5-5afbf9a8c00c@group-FEA4454D07E7: changes role from CANDIDATE to LEADER at term 1 for changeToLeader
2019-11-17 11:09:01,784 [28ccac35-fb4f-4f0a-a99f-78d96ef6e430@group-240F85207909-LeaderElection38] INFO  impl.RoleInfo (RoleInfo.java:shutdownLeaderElection(134)) - 28ccac35-fb4f-4f0a-a99f-78d96ef6e430: shutdown LeaderElection
2019-11-17 11:09:01,784 [ce4f5a27-7d6e-4546-9ae5-5afbf9a8c00c@group-FEA4454D07E7-LeaderElection37] INFO  ratis.XceiverServerRatis (XceiverServerRatis.java:handleLeaderChangedNotification(697)) - Leader change notification received for group: group-FEA4454D07E7 with new leaderId: ce4f5a27-7d6e-4546-9ae5-5afbf9a8c00c
2019-11-17 11:09:01,785 [28ccac35-fb4f-4f0a-a99f-78d96ef6e430@group-240F85207909-LeaderElection38] INFO  impl.RaftServerImpl (RaftServerImpl.java:setRole(173)) - 28ccac35-fb4f-4f0a-a99f-78d96ef6e430@group-240F85207909: changes role from CANDIDATE to LEADER at term 1 for changeToLeader
2019-11-17 11:09:01,785 [e8702f59-809d-4833-a306-9e60cd88362b@group-246BD682EBCD-LeaderElection35] INFO  impl.LeaderElection (LeaderElection.java:logAndReturn(56)) - e8702f59-809d-4833-a306-9e60cd88362b@group-246BD682EBCD-LeaderElection35: Election PASSED; received 1 response(s) [e8702f59-809d-4833-a306-9e60cd88362b<-ce4f5a27-7d6e-4546-9ae5-5afbf9a8c00c#0:OK-t1] and 0 exception(s); e8702f59-809d-4833-a306-9e60cd88362b@group-246BD682EBCD:t1, leader=null, voted=e8702f59-809d-4833-a306-9e60cd88362b, raftlog=e8702f59-809d-4833-a306-9e60cd88362b@group-246BD682EBCD-SegmentedRaftLog:OPENED:c-1,f-1,i0, conf=-1: [e8702f59-809d-4833-a306-9e60cd88362b:192.168.34.35:33634, ce4f5a27-7d6e-4546-9ae5-5afbf9a8c00c:192.168.34.35:44254, 28ccac35-fb4f-4f0a-a99f-78d96ef6e430:192.168.34.35:37581], old=null
2019-11-17 11:09:01,785 [28ccac35-fb4f-4f0a-a99f-78d96ef6e430@group-240F85207909-LeaderElection38] INFO  ratis.XceiverServerRatis (XceiverServerRatis.java:handleLeaderChangedNotification(697)) - Leader change notification received for group: group-240F85207909 with new leaderId: 28ccac35-fb4f-4f0a-a99f-78d96ef6e430
2019-11-17 11:09:01,785 [ce4f5a27-7d6e-4546-9ae5-5afbf9a8c00c@group-FEA4454D07E7-LeaderElection37] INFO  impl.RaftServerImpl (ServerState.java:setLeader(255)) - ce4f5a27-7d6e-4546-9ae5-5afbf9a8c00c@group-FEA4454D07E7: change Leader from null to ce4f5a27-7d6e-4546-9ae5-5afbf9a8c00c at term 1 for becomeLeader, leader elected after 1230ms
2019-11-17 11:09:01,785 [e8702f59-809d-4833-a306-9e60cd88362b@group-246BD682EBCD-LeaderElection35] INFO  impl.RoleInfo (RoleInfo.java:shutdownLeaderElection(134)) - e8702f59-809d-4833-a306-9e60cd88362b: shutdown LeaderElection
2019-11-17 11:09:01,789 [28ccac35-fb4f-4f0a-a99f-78d96ef6e430@group-240F85207909-LeaderElection38] INFO  impl.RaftServerImpl (ServerState.java:setLeader(255)) - 28ccac35-fb4f-4f0a-a99f-78d96ef6e430@group-240F85207909: change Leader from null to 28ccac35-fb4f-4f0a-a99f-78d96ef6e430 at term 1 for becomeLeader, leader elected after 1121ms
2019-11-17 11:09:01,788 [ce4f5a27-7d6e-4546-9ae5-5afbf9a8c00c@group-FEA4454D07E7-LeaderElection37] INFO  server.RaftServerConfigKeys (ConfUtils.java:logGet(43)) - raft.server.staging.catchup.gap = 1000 (default)
2019-11-17 11:09:01,789 [28ccac35-fb4f-4f0a-a99f-78d96ef6e430@group-240F85207909-LeaderElection38] INFO  server.RaftServerConfigKeys (ConfUtils.java:logGet(43)) - raft.server.staging.catchup.gap = 1000 (default)
2019-11-17 11:09:01,789 [e8702f59-809d-4833-a306-9e60cd88362b@group-246BD682EBCD-LeaderElection35] INFO  impl.RaftServerImpl (RaftServerImpl.java:setRole(173)) - e8702f59-809d-4833-a306-9e60cd88362b@group-246BD682EBCD: changes role from CANDIDATE to LEADER at term 1 for changeToLeader
2019-11-17 11:09:01,791 [28ccac35-fb4f-4f0a-a99f-78d96ef6e430@group-240F85207909-LeaderElection38] INFO  server.RaftServerConfigKeys (ConfUtils.java:logGet(43)) - raft.server.rpc.sleep.time = 25ms (default)
2019-11-17 11:09:01,790 [ce4f5a27-7d6e-4546-9ae5-5afbf9a8c00c@group-FEA4454D07E7-LeaderElection37] INFO  server.RaftServerConfigKeys (ConfUtils.java:logGet(43)) - raft.server.rpc.sleep.time = 25ms (default)
2019-11-17 11:09:01,792 [e8702f59-809d-4833-a306-9e60cd88362b@group-246BD682EBCD-LeaderElection35] INFO  ratis.XceiverServerRatis (XceiverServerRatis.java:handleLeaderChangedNotification(697)) - Leader change notification received for group: group-246BD682EBCD with new leaderId: e8702f59-809d-4833-a306-9e60cd88362b
2019-11-17 11:09:01,792 [EventQueue-PipelineReportForPipelineReportHandler] INFO  pipeline.PipelineStateManager (PipelineStateManager.java:openPipeline(134)) - Pipeline Pipeline[ Id: 4429a5ba-c4d6-4d2d-b149-fea4454d07e7, Nodes: ce4f5a27-7d6e-4546-9ae5-5afbf9a8c00c{ip: 192.168.34.35, host: pr-hdds-2291-5997d-4279494527, networkLocation: /default-rack, certSerialId: null}, Type:RATIS, Factor:ONE, State:OPEN] moved to OPEN state
2019-11-17 11:09:01,793 [e8702f59-809d-4833-a306-9e60cd88362b@group-246BD682EBCD-LeaderElection35] INFO  impl.RaftServerImpl (ServerState.java:setLeader(255)) - e8702f59-809d-4833-a306-9e60cd88362b@group-246BD682EBCD: change Leader from null to e8702f59-809d-4833-a306-9e60cd88362b at term 1 for becomeLeader, leader elected after 1079ms
2019-11-17 11:09:01,793 [ce4f5a27-7d6e-4546-9ae5-5afbf9a8c00c@group-FEA4454D07E7-LeaderElection37] INFO  server.RaftServerConfigKeys (ConfUtils.java:logGet(43)) - raft.server.write.element-limit = 4096 (default)
2019-11-17 11:09:01,793 [28ccac35-fb4f-4f0a-a99f-78d96ef6e430@group-240F85207909-LeaderElection38] INFO  server.RaftServerConfigKeys (ConfUtils.java:logGet(43)) - raft.server.write.element-limit = 4096 (default)
2019-11-17 11:09:01,793 [ce4f5a27-7d6e-4546-9ae5-5afbf9a8c00c@group-FEA4454D07E7-LeaderElection37] INFO  server.RaftServerConfigKeys (ConfUtils.java:logGet(43)) - raft.server.watch.timeout = 10s (default)
2019-11-17 11:09:01,793 [e8702f59-809d-4833-a306-9e60cd88362b@group-246BD682EBCD-LeaderElection35] INFO  server.RaftServerConfigKeys (ConfUtils.java:logGet(43)) - raft.server.staging.catchup.gap = 1000 (default)
2019-11-17 11:09:01,793 [EventQueue-PipelineReportForPipelineReportHandler] INFO  pipeline.PipelineStateManager (PipelineStateManager.java:openPipeline(134)) - Pipeline Pipeline[ Id: 9029b223-5d93-4e50-b7c5-240f85207909, Nodes: 28ccac35-fb4f-4f0a-a99f-78d96ef6e430{ip: 192.168.34.35, host: pr-hdds-2291-5997d-4279494527, networkLocation: /default-rack, certSerialId: null}, Type:RATIS, Factor:ONE, State:OPEN] moved to OPEN state
2019-11-17 11:09:01,794 [e8702f59-809d-4833-a306-9e60cd88362b@group-246BD682EBCD-LeaderElection35] INFO  server.RaftServerConfigKeys (ConfUtils.java:logGet(43)) - raft.server.rpc.sleep.time = 25ms (default)
2019-11-17 11:09:01,794 [EventQueue-PipelineReportForPipelineReportHandler] INFO  pipeline.PipelineStateManager (PipelineStateManager.java:openPipeline(134)) - Pipeline Pipeline[ Id: c7e8b361-2cee-444b-aa69-246bd682ebcd, Nodes: e8702f59-809d-4833-a306-9e60cd88362b{ip: 192.168.34.35, host: pr-hdds-2291-5997d-4279494527, networkLocation: /default-rack, certSerialId: null}ce4f5a27-7d6e-4546-9ae5-5afbf9a8c00c{ip: 192.168.34.35, host: pr-hdds-2291-5997d-4279494527, networkLocation: /default-rack, certSerialId: null}28ccac35-fb4f-4f0a-a99f-78d96ef6e430{ip: 192.168.34.35, host: pr-hdds-2291-5997d-4279494527, networkLocation: /default-rack, certSerialId: null}, Type:RATIS, Factor:THREE, State:OPEN] moved to OPEN state
2019-11-17 11:09:01,794 [ce4f5a27-7d6e-4546-9ae5-5afbf9a8c00c@group-FEA4454D07E7-LeaderElection37] INFO  server.RaftServerConfigKeys (ConfUtils.java:logGet(43)) - raft.server.watch.timeout.denomination = 1s (default)
2019-11-17 11:09:01,794 [28ccac35-fb4f-4f0a-a99f-78d96ef6e430@group-240F85207909-LeaderElection38] INFO  server.RaftServerConfigKeys (ConfUtils.java:logGet(43)) - raft.server.watch.timeout = 10s (default)
2019-11-17 11:09:01,796 [28ccac35-fb4f-4f0a-a99f-78d96ef6e430@group-240F85207909-LeaderElection38] INFO  server.RaftServerConfigKeys (ConfUtils.java:logGet(43)) - raft.server.watch.timeout.denomination = 1s (default)
2019-11-17 11:09:01,794 [ce4f5a27-7d6e-4546-9ae5-5afbf9a8c00c@group-FEA4454D07E7-LeaderElection37] INFO  server.RaftServerConfigKeys (ConfUtils.java:logGet(43)) - raft.server.watch.element-limit = 65536 (default)
2019-11-17 11:09:01,794 [e8702f59-809d-4833-a306-9e60cd88362b@group-246BD682EBCD-LeaderElection35] INFO  server.RaftServerConfigKeys (ConfUtils.java:logGet(43)) - raft.server.write.element-limit = 4096 (default)
2019-11-17 11:09:01,796 [28ccac35-fb4f-4f0a-a99f-78d96ef6e430@group-240F85207909-LeaderElection38] INFO  server.RaftServerConfigKeys (ConfUtils.java:logGet(43)) - raft.server.watch.element-limit = 65536 (default)
2019-11-17 11:09:01,796 [ce4f5a27-7d6e-4546-9ae5-5afbf9a8c00c@group-FEA4454D07E7-LeaderElection37] INFO  impl.RoleInfo (RoleInfo.java:updateAndGet(143)) - ce4f5a27-7d6e-4546-9ae5-5afbf9a8c00c: start LeaderState
2019-11-17 11:09:01,796 [28ccac35-fb4f-4f0a-a99f-78d96ef6e430@group-240F85207909-LeaderElection38] INFO  impl.RoleInfo (RoleInfo.java:updateAndGet(143)) - 28ccac35-fb4f-4f0a-a99f-78d96ef6e430: start LeaderState
2019-11-17 11:09:01,796 [e8702f59-809d-4833-a306-9e60cd88362b@group-246BD682EBCD-LeaderElection35] INFO  server.RaftServerConfigKeys (ConfUtils.java:logGet(43)) - raft.server.watch.timeout = 10s (default)
2019-11-17 11:09:01,797 [ce4f5a27-7d6e-4546-9ae5-5afbf9a8c00c@group-FEA4454D07E7-LeaderElection37] INFO  segmented.SegmentedRaftLogWorker (SegmentedRaftLogWorker.java:startLogSegment(385)) - ce4f5a27-7d6e-4546-9ae5-5afbf9a8c00c@group-FEA4454D07E7-SegmentedRaftLogWorker: Starting segment from index:0
2019-11-17 11:09:01,797 [e8702f59-809d-4833-a306-9e60cd88362b@group-246BD682EBCD-LeaderElection35] INFO  server.RaftServerConfigKeys (ConfUtils.java:logGet(43)) - raft.server.watch.timeout.denomination = 1s (default)
2019-11-17 11:09:01,797 [28ccac35-fb4f-4f0a-a99f-78d96ef6e430@group-240F85207909-LeaderElection38] INFO  segmented.SegmentedRaftLogWorker (SegmentedRaftLogWorker.java:startLogSegment(385)) - 28ccac35-fb4f-4f0a-a99f-78d96ef6e430@group-240F85207909-SegmentedRaftLogWorker: Starting segment from index:0
2019-11-17 11:09:01,797 [e8702f59-809d-4833-a306-9e60cd88362b@group-246BD682EBCD-LeaderElection35] INFO  server.RaftServerConfigKeys (ConfUtils.java:logGet(43)) - raft.server.watch.element-limit = 65536 (default)
2019-11-17 11:09:01,797 [ce4f5a27-7d6e-4546-9ae5-5afbf9a8c00c@group-FEA4454D07E7-LeaderElection37] INFO  impl.RaftServerImpl (ServerState.java:setRaftConf(356)) - ce4f5a27-7d6e-4546-9ae5-5afbf9a8c00c@group-FEA4454D07E7: set configuration 0: [ce4f5a27-7d6e-4546-9ae5-5afbf9a8c00c:192.168.34.35:44254], old=null at 0
2019-11-17 11:09:01,797 [28ccac35-fb4f-4f0a-a99f-78d96ef6e430@group-240F85207909-LeaderElection38] INFO  impl.RaftServerImpl (ServerState.java:setRaftConf(356)) - 28ccac35-fb4f-4f0a-a99f-78d96ef6e430@group-240F85207909: set configuration 0: [28ccac35-fb4f-4f0a-a99f-78d96ef6e430:192.168.34.35:37581], old=null at 0
2019-11-17 11:09:01,797 [e8702f59-809d-4833-a306-9e60cd88362b@group-246BD682EBCD-LeaderElection35] INFO  server.RaftServerConfigKeys (ConfUtils.java:logGet(43)) - raft.server.log.appender.snapshot.chunk.size.max = 16MB (=16777216) (default)
2019-11-17 11:09:01,798 [e8702f59-809d-4833-a306-9e60cd88362b@group-246BD682EBCD-LeaderElection35] INFO  server.RaftServerConfigKeys (ConfUtils.java:logGet(43)) - raft.server.log.appender.buffer.byte-limit = 33554432 (custom)
2019-11-17 11:09:01,798 [e8702f59-809d-4833-a306-9e60cd88362b@group-246BD682EBCD-LeaderElection35] INFO  server.RaftServerConfigKeys (ConfUtils.java:logGet(43)) - raft.server.log.appender.buffer.element-limit = 1 (custom)
2019-11-17 11:09:01,798 [e8702f59-809d-4833-a306-9e60cd88362b@group-246BD682EBCD-LeaderElection35] INFO  grpc.GrpcConfigKeys$Server (ConfUtils.java:logGet(43)) - raft.grpc.server.leader.outstanding.appends.max = 128 (default)
2019-11-17 11:09:01,798 [e8702f59-809d-4833-a306-9e60cd88362b@group-246BD682EBCD-LeaderElection35] INFO  server.RaftServerConfigKeys (ConfUtils.java:logGet(43)) - raft.server.rpc.request.timeout = 3000ms (default)
2019-11-17 11:09:01,798 [e8702f59-809d-4833-a306-9e60cd88362b@group-246BD682EBCD-LeaderElection35] INFO  server.RaftServerConfigKeys (ConfUtils.java:logGet(43)) - raft.server.log.appender.install.snapshot.enabled = false (custom)
2019-11-17 11:09:01,798 [e8702f59-809d-4833-a306-9e60cd88362b@group-246BD682EBCD-LeaderElection35] WARN  impl.MetricRegistriesImpl (MetricRegistriesImpl.java:lambda$create$1(61)) - First MetricRegistry has been created without registering reporters. You may need to call MetricRegistries.global().addReportRegistration(...) before.
2019-11-17 11:09:01,799 [e8702f59-809d-4833-a306-9e60cd88362b@group-246BD682EBCD-LeaderElection35] INFO  server.RaftServerConfigKeys (ConfUtils.java:logGet(43)) - raft.server.log.appender.snapshot.chunk.size.max = 16MB (=16777216) (default)
2019-11-17 11:09:01,799 [e8702f59-809d-4833-a306-9e60cd88362b@group-246BD682EBCD-LeaderElection35] INFO  server.RaftServerConfigKeys (ConfUtils.java:logGet(43)) - raft.server.log.appender.buffer.byte-limit = 33554432 (custom)
2019-11-17 11:09:01,799 [e8702f59-809d-4833-a306-9e60cd88362b@group-246BD682EBCD-LeaderElection35] INFO  server.RaftServerConfigKeys (ConfUtils.java:logGet(43)) - raft.server.log.appender.buffer.element-limit = 1 (custom)
2019-11-17 11:09:01,799 [e8702f59-809d-4833-a306-9e60cd88362b@group-246BD682EBCD-LeaderElection35] INFO  grpc.GrpcConfigKeys$Server (ConfUtils.java:logGet(43)) - raft.grpc.server.leader.outstanding.appends.max = 128 (default)
2019-11-17 11:09:01,799 [e8702f59-809d-4833-a306-9e60cd88362b@group-246BD682EBCD-LeaderElection35] INFO  server.RaftServerConfigKeys (ConfUtils.java:logGet(43)) - raft.server.rpc.request.timeout = 3000ms (default)
2019-11-17 11:09:01,799 [e8702f59-809d-4833-a306-9e60cd88362b@group-246BD682EBCD-LeaderElection35] INFO  server.RaftServerConfigKeys (ConfUtils.java:logGet(43)) - raft.server.log.appender.install.snapshot.enabled = false (custom)
2019-11-17 11:09:01,800 [e8702f59-809d-4833-a306-9e60cd88362b@group-246BD682EBCD-LeaderElection35] INFO  impl.RoleInfo (RoleInfo.java:updateAndGet(143)) - e8702f59-809d-4833-a306-9e60cd88362b: start LeaderState
2019-11-17 11:09:01,800 [e8702f59-809d-4833-a306-9e60cd88362b@group-246BD682EBCD-LeaderElection35] INFO  segmented.SegmentedRaftLogWorker (SegmentedRaftLogWorker.java:startLogSegment(385)) - e8702f59-809d-4833-a306-9e60cd88362b@group-246BD682EBCD-SegmentedRaftLogWorker: Starting segment from index:0
2019-11-17 11:09:01,800 [e8702f59-809d-4833-a306-9e60cd88362b@group-246BD682EBCD-LeaderElection35] INFO  impl.RaftServerImpl (ServerState.java:setRaftConf(356)) - e8702f59-809d-4833-a306-9e60cd88362b@group-246BD682EBCD: set configuration 0: [e8702f59-809d-4833-a306-9e60cd88362b:192.168.34.35:33634, ce4f5a27-7d6e-4546-9ae5-5afbf9a8c00c:192.168.34.35:44254, 28ccac35-fb4f-4f0a-a99f-78d96ef6e430:192.168.34.35:37581], old=null at 0
2019-11-17 11:09:01,801 [grpc-default-executor-2] INFO  impl.RaftServerImpl (RaftServerImpl.java:requestVote(776)) - e8702f59-809d-4833-a306-9e60cd88362b@group-246BD682EBCD-   LEADER: Withhold vote from candidate 28ccac35-fb4f-4f0a-a99f-78d96ef6e430 with term 1. State: leader=e8702f59-809d-4833-a306-9e60cd88362b, term=1, lastRpcElapsed=null
2019-11-17 11:09:01,840 [Thread-1706] INFO  impl.FollowerState (FollowerState.java:run(111)) - fa2fcff1-083d-4cf3-acfd-0486da9214fd@group-09AB0B2F25C5-FollowerState: change to CANDIDATE, lastRpcTime:1046ms, electionTimeout:1018ms
2019-11-17 11:09:01,841 [Thread-1706] INFO  impl.RoleInfo (RoleInfo.java:shutdownFollowerState(121)) - fa2fcff1-083d-4cf3-acfd-0486da9214fd: shutdown FollowerState
2019-11-17 11:09:01,841 [Thread-1706] INFO  impl.RaftServerImpl (RaftServerImpl.java:setRole(173)) - fa2fcff1-083d-4cf3-acfd-0486da9214fd@group-09AB0B2F25C5: changes role from  FOLLOWER to CANDIDATE at term 0 for changeToCandidate
2019-11-17 11:09:01,841 [Thread-1706] INFO  impl.RoleInfo (RoleInfo.java:updateAndGet(143)) - fa2fcff1-083d-4cf3-acfd-0486da9214fd: start LeaderElection
2019-11-17 11:09:01,845 [grpc-default-executor-4] INFO  ratis.XceiverServerRatis (XceiverServerRatis.java:handleLeaderChangedNotification(697)) - Leader change notification received for group: group-246BD682EBCD with new leaderId: e8702f59-809d-4833-a306-9e60cd88362b
2019-11-17 11:09:01,846 [grpc-default-executor-4] INFO  impl.RaftServerImpl (ServerState.java:setLeader(255)) - ce4f5a27-7d6e-4546-9ae5-5afbf9a8c00c@group-246BD682EBCD: change Leader from null to e8702f59-809d-4833-a306-9e60cd88362b at term 1 for appendEntries, leader elected after 1133ms
2019-11-17 11:09:01,845 [28ccac35-fb4f-4f0a-a99f-78d96ef6e430@group-246BD682EBCD-LeaderElection36] INFO  impl.LeaderElection (LeaderElection.java:logAndReturn(56)) - 28ccac35-fb4f-4f0a-a99f-78d96ef6e430@group-246BD682EBCD-LeaderElection36: Election REJECTED; received 2 response(s) [28ccac35-fb4f-4f0a-a99f-78d96ef6e430<-ce4f5a27-7d6e-4546-9ae5-5afbf9a8c00c#0:FAIL-t1, 28ccac35-fb4f-4f0a-a99f-78d96ef6e430<-e8702f59-809d-4833-a306-9e60cd88362b#0:FAIL-t1] and 0 exception(s); 28ccac35-fb4f-4f0a-a99f-78d96ef6e430@group-246BD682EBCD:t1, leader=null, voted=28ccac35-fb4f-4f0a-a99f-78d96ef6e430, raftlog=28ccac35-fb4f-4f0a-a99f-78d96ef6e430@group-246BD682EBCD-SegmentedRaftLog:OPENED:c-1,f-1,i0, conf=-1: [e8702f59-809d-4833-a306-9e60cd88362b:192.168.34.35:33634, ce4f5a27-7d6e-4546-9ae5-5afbf9a8c00c:192.168.34.35:44254, 28ccac35-fb4f-4f0a-a99f-78d96ef6e430:192.168.34.35:37581], old=null
2019-11-17 11:09:01,846 [grpc-default-executor-6] INFO  impl.RaftServerImpl (RaftServerImpl.java:setRole(173)) - 28ccac35-fb4f-4f0a-a99f-78d96ef6e430@group-246BD682EBCD: changes role from CANDIDATE to FOLLOWER at term 1 for appendEntries
2019-11-17 11:09:01,848 [grpc-default-executor-6] INFO  impl.RoleInfo (RoleInfo.java:shutdownLeaderElection(134)) - 28ccac35-fb4f-4f0a-a99f-78d96ef6e430: shutdown LeaderElection
2019-11-17 11:09:01,848 [grpc-default-executor-6] INFO  impl.RoleInfo (RoleInfo.java:updateAndGet(143)) - 28ccac35-fb4f-4f0a-a99f-78d96ef6e430: start FollowerState
2019-11-17 11:09:01,848 [grpc-default-executor-6] INFO  ratis.XceiverServerRatis (XceiverServerRatis.java:handleLeaderChangedNotification(697)) - Leader change notification received for group: group-246BD682EBCD with new leaderId: e8702f59-809d-4833-a306-9e60cd88362b
2019-11-17 11:09:01,848 [grpc-default-executor-6] INFO  impl.RaftServerImpl (ServerState.java:setLeader(255)) - 28ccac35-fb4f-4f0a-a99f-78d96ef6e430@group-246BD682EBCD: change Leader from null to e8702f59-809d-4833-a306-9e60cd88362b at term 1 for appendEntries, leader elected after 1137ms
2019-11-17 11:09:01,850 [grpc-default-executor-6] INFO  impl.RaftServerImpl (ServerState.java:setRaftConf(356)) - ce4f5a27-7d6e-4546-9ae5-5afbf9a8c00c@group-246BD682EBCD: set configuration 0: [e8702f59-809d-4833-a306-9e60cd88362b:192.168.34.35:33634, ce4f5a27-7d6e-4546-9ae5-5afbf9a8c00c:192.168.34.35:44254, 28ccac35-fb4f-4f0a-a99f-78d96ef6e430:192.168.34.35:37581], old=null at 0
2019-11-17 11:09:01,850 [grpc-default-executor-6] INFO  segmented.SegmentedRaftLogWorker (SegmentedRaftLogWorker.java:startLogSegment(385)) - ce4f5a27-7d6e-4546-9ae5-5afbf9a8c00c@group-246BD682EBCD-SegmentedRaftLogWorker: Starting segment from index:0
2019-11-17 11:09:01,850 [grpc-default-executor-4] INFO  impl.RaftServerImpl (ServerState.java:setRaftConf(356)) - 28ccac35-fb4f-4f0a-a99f-78d96ef6e430@group-246BD682EBCD: set configuration 0: [e8702f59-809d-4833-a306-9e60cd88362b:192.168.34.35:33634, ce4f5a27-7d6e-4546-9ae5-5afbf9a8c00c:192.168.34.35:44254, 28ccac35-fb4f-4f0a-a99f-78d96ef6e430:192.168.34.35:37581], old=null at 0
2019-11-17 11:09:01,852 [grpc-default-executor-4] INFO  segmented.SegmentedRaftLogWorker (SegmentedRaftLogWorker.java:startLogSegment(385)) - 28ccac35-fb4f-4f0a-a99f-78d96ef6e430@group-246BD682EBCD-SegmentedRaftLogWorker: Starting segment from index:0
2019-11-17 11:09:01,853 [e8702f59-809d-4833-a306-9e60cd88362b@group-246BD682EBCD-SegmentedRaftLogWorker] INFO  segmented.SegmentedRaftLogWorker (SegmentedRaftLogWorker.java:execute(576)) - e8702f59-809d-4833-a306-9e60cd88362b@group-246BD682EBCD-SegmentedRaftLogWorker: created new log segment /workdir/hadoop-ozone/integration-test/target/test-dir/MiniOzoneClusterImpl-184704d8-2d26-4abc-9155-7ef0d3d35dfc/datanode-1/data/ratis/c7e8b361-2cee-444b-aa69-246bd682ebcd/current/log_inprogress_0
2019-11-17 11:09:01,853 [ce4f5a27-7d6e-4546-9ae5-5afbf9a8c00c@group-FEA4454D07E7-SegmentedRaftLogWorker] INFO  segmented.SegmentedRaftLogWorker (SegmentedRaftLogWorker.java:execute(576)) - ce4f5a27-7d6e-4546-9ae5-5afbf9a8c00c@group-FEA4454D07E7-SegmentedRaftLogWorker: created new log segment /workdir/hadoop-ozone/integration-test/target/test-dir/MiniOzoneClusterImpl-184704d8-2d26-4abc-9155-7ef0d3d35dfc/datanode-0/data/ratis/4429a5ba-c4d6-4d2d-b149-fea4454d07e7/current/log_inprogress_0
2019-11-17 11:09:01,853 [28ccac35-fb4f-4f0a-a99f-78d96ef6e430@group-240F85207909-SegmentedRaftLogWorker] INFO  segmented.SegmentedRaftLogWorker (SegmentedRaftLogWorker.java:execute(576)) - 28ccac35-fb4f-4f0a-a99f-78d96ef6e430@group-240F85207909-SegmentedRaftLogWorker: created new log segment /workdir/hadoop-ozone/integration-test/target/test-dir/MiniOzoneClusterImpl-184704d8-2d26-4abc-9155-7ef0d3d35dfc/datanode-2/data/ratis/9029b223-5d93-4e50-b7c5-240f85207909/current/log_inprogress_0
2019-11-17 11:09:01,853 [fa2fcff1-083d-4cf3-acfd-0486da9214fd@group-09AB0B2F25C5-LeaderElection39] INFO  impl.LeaderElection (LeaderElection.java:askForVotes(178)) - fa2fcff1-083d-4cf3-acfd-0486da9214fd@group-09AB0B2F25C5-LeaderElection39: begin an election at term 1 for -1: [fa2fcff1-083d-4cf3-acfd-0486da9214fd:192.168.34.35:34313], old=null
2019-11-17 11:09:01,854 [fa2fcff1-083d-4cf3-acfd-0486da9214fd@group-09AB0B2F25C5-LeaderElection39] INFO  impl.RoleInfo (RoleInfo.java:shutdownLeaderElection(134)) - fa2fcff1-083d-4cf3-acfd-0486da9214fd: shutdown LeaderElection
2019-11-17 11:09:01,854 [fa2fcff1-083d-4cf3-acfd-0486da9214fd@group-09AB0B2F25C5-LeaderElection39] INFO  impl.RaftServerImpl (RaftServerImpl.java:setRole(173)) - fa2fcff1-083d-4cf3-acfd-0486da9214fd@group-09AB0B2F25C5: changes role from CANDIDATE to LEADER at term 1 for changeToLeader
2019-11-17 11:09:01,854 [fa2fcff1-083d-4cf3-acfd-0486da9214fd@group-09AB0B2F25C5-LeaderElection39] INFO  ratis.XceiverServerRatis (XceiverServerRatis.java:handleLeaderChangedNotification(697)) - Leader change notification received for group: group-09AB0B2F25C5 with new leaderId: fa2fcff1-083d-4cf3-acfd-0486da9214fd
2019-11-17 11:09:01,854 [fa2fcff1-083d-4cf3-acfd-0486da9214fd@group-09AB0B2F25C5-LeaderElection39] INFO  impl.RaftServerImpl (ServerState.java:setLeader(255)) - fa2fcff1-083d-4cf3-acfd-0486da9214fd@group-09AB0B2F25C5: change Leader from null to fa2fcff1-083d-4cf3-acfd-0486da9214fd at term 1 for becomeLeader, leader elected after 1064ms
2019-11-17 11:09:01,855 [fa2fcff1-083d-4cf3-acfd-0486da9214fd@group-09AB0B2F25C5-LeaderElection39] INFO  server.RaftServerConfigKeys (ConfUtils.java:logGet(43)) - raft.server.staging.catchup.gap = 1000 (default)
2019-11-17 11:09:01,890 [fa2fcff1-083d-4cf3-acfd-0486da9214fd@group-09AB0B2F25C5-LeaderElection39] INFO  server.RaftServerConfigKeys (ConfUtils.java:logGet(43)) - raft.server.rpc.sleep.time = 25ms (default)
2019-11-17 11:09:01,891 [fa2fcff1-083d-4cf3-acfd-0486da9214fd@group-09AB0B2F25C5-LeaderElection39] INFO  server.RaftServerConfigKeys (ConfUtils.java:logGet(43)) - raft.server.write.element-limit = 4096 (default)
2019-11-17 11:09:01,891 [fa2fcff1-083d-4cf3-acfd-0486da9214fd@group-09AB0B2F25C5-LeaderElection39] INFO  server.RaftServerConfigKeys (ConfUtils.java:logGet(43)) - raft.server.watch.timeout = 10s (default)
2019-11-17 11:09:01,891 [fa2fcff1-083d-4cf3-acfd-0486da9214fd@group-09AB0B2F25C5-LeaderElection39] INFO  server.RaftServerConfigKeys (ConfUtils.java:logGet(43)) - raft.server.watch.timeout.denomination = 1s (default)
2019-11-17 11:09:01,891 [fa2fcff1-083d-4cf3-acfd-0486da9214fd@group-09AB0B2F25C5-LeaderElection39] INFO  server.RaftServerConfigKeys (ConfUtils.java:logGet(43)) - raft.server.watch.element-limit = 65536 (default)
2019-11-17 11:09:01,891 [fa2fcff1-083d-4cf3-acfd-0486da9214fd@group-09AB0B2F25C5-LeaderElection39] INFO  impl.RoleInfo (RoleInfo.java:updateAndGet(143)) - fa2fcff1-083d-4cf3-acfd-0486da9214fd: start LeaderState
2019-11-17 11:09:01,891 [EventQueue-PipelineReportForPipelineReportHandler] INFO  pipeline.PipelineStateManager (PipelineStateManager.java:openPipeline(134)) - Pipeline Pipeline[ Id: 0ad56eab-a5c3-44d9-9986-09ab0b2f25c5, Nodes: fa2fcff1-083d-4cf3-acfd-0486da9214fd{ip: 192.168.34.35, host: pr-hdds-2291-5997d-4279494527, networkLocation: /default-rack, certSerialId: null}, Type:RATIS, Factor:ONE, State:OPEN] moved to OPEN state
2019-11-17 11:09:01,891 [fa2fcff1-083d-4cf3-acfd-0486da9214fd@group-09AB0B2F25C5-LeaderElection39] INFO  segmented.SegmentedRaftLogWorker (SegmentedRaftLogWorker.java:startLogSegment(385)) - fa2fcff1-083d-4cf3-acfd-0486da9214fd@group-09AB0B2F25C5-SegmentedRaftLogWorker: Starting segment from index:0
2019-11-17 11:09:01,892 [fa2fcff1-083d-4cf3-acfd-0486da9214fd@group-09AB0B2F25C5-LeaderElection39] INFO  impl.RaftServerImpl (ServerState.java:setRaftConf(356)) - fa2fcff1-083d-4cf3-acfd-0486da9214fd@group-09AB0B2F25C5: set configuration 0: [fa2fcff1-083d-4cf3-acfd-0486da9214fd:192.168.34.35:34313], old=null at 0
2019-11-17 11:09:01,903 [28ccac35-fb4f-4f0a-a99f-78d96ef6e430@group-246BD682EBCD-SegmentedRaftLogWorker] INFO  segmented.SegmentedRaftLogWorker (SegmentedRaftLogWorker.java:execute(576)) - 28ccac35-fb4f-4f0a-a99f-78d96ef6e430@group-246BD682EBCD-SegmentedRaftLogWorker: created new log segment /workdir/hadoop-ozone/integration-test/target/test-dir/MiniOzoneClusterImpl-184704d8-2d26-4abc-9155-7ef0d3d35dfc/datanode-2/data/ratis/c7e8b361-2cee-444b-aa69-246bd682ebcd/current/log_inprogress_0
2019-11-17 11:09:01,903 [ce4f5a27-7d6e-4546-9ae5-5afbf9a8c00c@group-246BD682EBCD-SegmentedRaftLogWorker] INFO  segmented.SegmentedRaftLogWorker (SegmentedRaftLogWorker.java:execute(576)) - ce4f5a27-7d6e-4546-9ae5-5afbf9a8c00c@group-246BD682EBCD-SegmentedRaftLogWorker: created new log segment /workdir/hadoop-ozone/integration-test/target/test-dir/MiniOzoneClusterImpl-184704d8-2d26-4abc-9155-7ef0d3d35dfc/datanode-0/data/ratis/c7e8b361-2cee-444b-aa69-246bd682ebcd/current/log_inprogress_0
2019-11-17 11:09:01,942 [fa2fcff1-083d-4cf3-acfd-0486da9214fd@group-09AB0B2F25C5-SegmentedRaftLogWorker] INFO  segmented.SegmentedRaftLogWorker (SegmentedRaftLogWorker.java:execute(576)) - fa2fcff1-083d-4cf3-acfd-0486da9214fd@group-09AB0B2F25C5-SegmentedRaftLogWorker: created new log segment /workdir/hadoop-ozone/integration-test/target/test-dir/MiniOzoneClusterImpl-184704d8-2d26-4abc-9155-7ef0d3d35dfc/datanode-3/data/ratis/0ad56eab-a5c3-44d9-9986-09ab0b2f25c5/current/log_inprogress_0
2019-11-17 11:09:01,958 [main] INFO  ozone.MiniOzoneClusterImpl (MiniOzoneClusterImpl.java:lambda$waitForClusterToBeReady$2(163)) - Waiting for 3 number of pipelines out of 8, to report a leader.
2019-11-17 11:09:01,968 [Thread-1712] INFO  impl.FollowerState (FollowerState.java:run(111)) - e3fe17d3-3943-4d4c-b88c-d5052243b886@group-92EEEFA057E6-FollowerState: change to CANDIDATE, lastRpcTime:1066ms, electionTimeout:1066ms
2019-11-17 11:09:01,968 [Thread-1712] INFO  impl.RoleInfo (RoleInfo.java:shutdownFollowerState(121)) - e3fe17d3-3943-4d4c-b88c-d5052243b886: shutdown FollowerState
2019-11-17 11:09:01,968 [Thread-1712] INFO  impl.RaftServerImpl (RaftServerImpl.java:setRole(173)) - e3fe17d3-3943-4d4c-b88c-d5052243b886@group-92EEEFA057E6: changes role from  FOLLOWER to CANDIDATE at term 0 for changeToCandidate
2019-11-17 11:09:01,968 [Thread-1712] INFO  impl.RoleInfo (RoleInfo.java:updateAndGet(143)) - e3fe17d3-3943-4d4c-b88c-d5052243b886: start LeaderElection
2019-11-17 11:09:01,969 [Thread-1709] INFO  impl.FollowerState (FollowerState.java:run(111)) - 4c1e8795-b3d4-460e-8f85-df43444e9ba0@group-914C8DD38CA4-FollowerState: change to CANDIDATE, lastRpcTime:1109ms, electionTimeout:1108ms
2019-11-17 11:09:01,969 [Thread-1709] INFO  impl.RoleInfo (RoleInfo.java:shutdownFollowerState(121)) - 4c1e8795-b3d4-460e-8f85-df43444e9ba0: shutdown FollowerState
2019-11-17 11:09:01,969 [Thread-1709] INFO  impl.RaftServerImpl (RaftServerImpl.java:setRole(173)) - 4c1e8795-b3d4-460e-8f85-df43444e9ba0@group-914C8DD38CA4: changes role from  FOLLOWER to CANDIDATE at term 0 for changeToCandidate
2019-11-17 11:09:01,971 [Thread-1709] INFO  impl.RoleInfo (RoleInfo.java:updateAndGet(143)) - 4c1e8795-b3d4-460e-8f85-df43444e9ba0: start LeaderElection
2019-11-17 11:09:01,987 [e3fe17d3-3943-4d4c-b88c-d5052243b886@group-92EEEFA057E6-LeaderElection40] INFO  impl.LeaderElection (LeaderElection.java:askForVotes(178)) - e3fe17d3-3943-4d4c-b88c-d5052243b886@group-92EEEFA057E6-LeaderElection40: begin an election at term 1 for -1: [e3fe17d3-3943-4d4c-b88c-d5052243b886:192.168.34.35:33574], old=null
2019-11-17 11:09:01,987 [4c1e8795-b3d4-460e-8f85-df43444e9ba0@group-914C8DD38CA4-LeaderElection41] INFO  impl.LeaderElection (LeaderElection.java:askForVotes(178)) - 4c1e8795-b3d4-460e-8f85-df43444e9ba0@group-914C8DD38CA4-LeaderElection41: begin an election at term 1 for -1: [4c1e8795-b3d4-460e-8f85-df43444e9ba0:192.168.34.35:35525], old=null
2019-11-17 11:09:01,987 [e3fe17d3-3943-4d4c-b88c-d5052243b886@group-92EEEFA057E6-LeaderElection40] INFO  impl.RoleInfo (RoleInfo.java:shutdownLeaderElection(134)) - e3fe17d3-3943-4d4c-b88c-d5052243b886: shutdown LeaderElection
2019-11-17 11:09:01,987 [4c1e8795-b3d4-460e-8f85-df43444e9ba0@group-914C8DD38CA4-LeaderElection41] INFO  impl.RoleInfo (RoleInfo.java:shutdownLeaderElection(134)) - 4c1e8795-b3d4-460e-8f85-df43444e9ba0: shutdown LeaderElection
2019-11-17 11:09:01,987 [e3fe17d3-3943-4d4c-b88c-d5052243b886@group-92EEEFA057E6-LeaderElection40] INFO  impl.RaftServerImpl (RaftServerImpl.java:setRole(173)) - e3fe17d3-3943-4d4c-b88c-d5052243b886@group-92EEEFA057E6: changes role from CANDIDATE to LEADER at term 1 for changeToLeader
2019-11-17 11:09:01,987 [4c1e8795-b3d4-460e-8f85-df43444e9ba0@group-914C8DD38CA4-LeaderElection41] INFO  impl.RaftServerImpl (RaftServerImpl.java:setRole(173)) - 4c1e8795-b3d4-460e-8f85-df43444e9ba0@group-914C8DD38CA4: changes role from CANDIDATE to LEADER at term 1 for changeToLeader
2019-11-17 11:09:01,988 [e3fe17d3-3943-4d4c-b88c-d5052243b886@group-92EEEFA057E6-LeaderElection40] INFO  ratis.XceiverServerRatis (XceiverServerRatis.java:handleLeaderChangedNotification(697)) - Leader change notification received for group: group-92EEEFA057E6 with new leaderId: e3fe17d3-3943-4d4c-b88c-d5052243b886
2019-11-17 11:09:01,988 [4c1e8795-b3d4-460e-8f85-df43444e9ba0@group-914C8DD38CA4-LeaderElection41] INFO  ratis.XceiverServerRatis (XceiverServerRatis.java:handleLeaderChangedNotification(697)) - Leader change notification received for group: group-914C8DD38CA4 with new leaderId: 4c1e8795-b3d4-460e-8f85-df43444e9ba0
2019-11-17 11:09:01,988 [e3fe17d3-3943-4d4c-b88c-d5052243b886@group-92EEEFA057E6-LeaderElection40] INFO  impl.RaftServerImpl (ServerState.java:setLeader(255)) - e3fe17d3-3943-4d4c-b88c-d5052243b886@group-92EEEFA057E6: change Leader from null to e3fe17d3-3943-4d4c-b88c-d5052243b886 at term 1 for becomeLeader, leader elected after 1089ms
2019-11-17 11:09:01,988 [4c1e8795-b3d4-460e-8f85-df43444e9ba0@group-914C8DD38CA4-LeaderElection41] INFO  impl.RaftServerImpl (ServerState.java:setLeader(255)) - 4c1e8795-b3d4-460e-8f85-df43444e9ba0@group-914C8DD38CA4: change Leader from null to 4c1e8795-b3d4-460e-8f85-df43444e9ba0 at term 1 for becomeLeader, leader elected after 1131ms
2019-11-17 11:09:01,988 [e3fe17d3-3943-4d4c-b88c-d5052243b886@group-92EEEFA057E6-LeaderElection40] INFO  server.RaftServerConfigKeys (ConfUtils.java:logGet(43)) - raft.server.staging.catchup.gap = 1000 (default)
2019-11-17 11:09:01,988 [4c1e8795-b3d4-460e-8f85-df43444e9ba0@group-914C8DD38CA4-LeaderElection41] INFO  server.RaftServerConfigKeys (ConfUtils.java:logGet(43)) - raft.server.staging.catchup.gap = 1000 (default)
2019-11-17 11:09:01,989 [e3fe17d3-3943-4d4c-b88c-d5052243b886@group-92EEEFA057E6-LeaderElection40] INFO  server.RaftServerConfigKeys (ConfUtils.java:logGet(43)) - raft.server.rpc.sleep.time = 25ms (default)
2019-11-17 11:09:01,990 [4c1e8795-b3d4-460e-8f85-df43444e9ba0@group-914C8DD38CA4-LeaderElection41] INFO  server.RaftServerConfigKeys (ConfUtils.java:logGet(43)) - raft.server.rpc.sleep.time = 25ms (default)
2019-11-17 11:09:01,991 [e3fe17d3-3943-4d4c-b88c-d5052243b886@group-92EEEFA057E6-LeaderElection40] INFO  server.RaftServerConfigKeys (ConfUtils.java:logGet(43)) - raft.server.write.element-limit = 4096 (default)
2019-11-17 11:09:01,991 [e3fe17d3-3943-4d4c-b88c-d5052243b886@group-92EEEFA057E6-LeaderElection40] INFO  server.RaftServerConfigKeys (ConfUtils.java:logGet(43)) - raft.server.watch.timeout = 10s (default)
2019-11-17 11:09:01,991 [4c1e8795-b3d4-460e-8f85-df43444e9ba0@group-914C8DD38CA4-LeaderElection41] INFO  server.RaftServerConfigKeys (ConfUtils.java:logGet(43)) - raft.server.write.element-limit = 4096 (default)
2019-11-17 11:09:01,991 [EventQueue-PipelineReportForPipelineReportHandler] INFO  pipeline.PipelineStateManager (PipelineStateManager.java:openPipeline(134)) - Pipeline Pipeline[ Id: 4b77cde8-f4b2-409c-8eda-92eeefa057e6, Nodes: e3fe17d3-3943-4d4c-b88c-d5052243b886{ip: 192.168.34.35, host: pr-hdds-2291-5997d-4279494527, networkLocation: /default-rack, certSerialId: null}, Type:RATIS, Factor:ONE, State:OPEN] moved to OPEN state
2019-11-17 11:09:01,991 [e3fe17d3-3943-4d4c-b88c-d5052243b886@group-92EEEFA057E6-LeaderElection40] INFO  server.RaftServerConfigKeys (ConfUtils.java:logGet(43)) - raft.server.watch.timeout.denomination = 1s (default)
2019-11-17 11:09:01,991 [4c1e8795-b3d4-460e-8f85-df43444e9ba0@group-914C8DD38CA4-LeaderElection41] INFO  server.RaftServerConfigKeys (ConfUtils.java:logGet(43)) - raft.server.watch.timeout = 10s (default)
2019-11-17 11:09:01,991 [EventQueue-PipelineReportForPipelineReportHandler] INFO  pipeline.PipelineStateManager (PipelineStateManager.java:openPipeline(134)) - Pipeline Pipeline[ Id: 65a2f38e-5e9c-4c0d-b23b-914c8dd38ca4, Nodes: 4c1e8795-b3d4-460e-8f85-df43444e9ba0{ip: 192.168.34.35, host: pr-hdds-2291-5997d-4279494527, networkLocation: /default-rack, certSerialId: null}, Type:RATIS, Factor:ONE, State:OPEN] moved to OPEN state
2019-11-17 11:09:01,991 [e3fe17d3-3943-4d4c-b88c-d5052243b886@group-92EEEFA057E6-LeaderElection40] INFO  server.RaftServerConfigKeys (ConfUtils.java:logGet(43)) - raft.server.watch.element-limit = 65536 (default)
2019-11-17 11:09:01,991 [4c1e8795-b3d4-460e-8f85-df43444e9ba0@group-914C8DD38CA4-LeaderElection41] INFO  server.RaftServerConfigKeys (ConfUtils.java:logGet(43)) - raft.server.watch.timeout.denomination = 1s (default)
2019-11-17 11:09:01,992 [e3fe17d3-3943-4d4c-b88c-d5052243b886@group-92EEEFA057E6-LeaderElection40] INFO  impl.RoleInfo (RoleInfo.java:updateAndGet(143)) - e3fe17d3-3943-4d4c-b88c-d5052243b886: start LeaderState
2019-11-17 11:09:01,992 [4c1e8795-b3d4-460e-8f85-df43444e9ba0@group-914C8DD38CA4-LeaderElection41] INFO  server.RaftServerConfigKeys (ConfUtils.java:logGet(43)) - raft.server.watch.element-limit = 65536 (default)
2019-11-17 11:09:01,992 [e3fe17d3-3943-4d4c-b88c-d5052243b886@group-92EEEFA057E6-LeaderElection40] INFO  segmented.SegmentedRaftLogWorker (SegmentedRaftLogWorker.java:startLogSegment(385)) - e3fe17d3-3943-4d4c-b88c-d5052243b886@group-92EEEFA057E6-SegmentedRaftLogWorker: Starting segment from index:0
2019-11-17 11:09:01,992 [4c1e8795-b3d4-460e-8f85-df43444e9ba0@group-914C8DD38CA4-LeaderElection41] INFO  impl.RoleInfo (RoleInfo.java:updateAndGet(143)) - 4c1e8795-b3d4-460e-8f85-df43444e9ba0: start LeaderState
2019-11-17 11:09:01,993 [4c1e8795-b3d4-460e-8f85-df43444e9ba0@group-914C8DD38CA4-LeaderElection41] INFO  segmented.SegmentedRaftLogWorker (SegmentedRaftLogWorker.java:startLogSegment(385)) - 4c1e8795-b3d4-460e-8f85-df43444e9ba0@group-914C8DD38CA4-SegmentedRaftLogWorker: Starting segment from index:0
2019-11-17 11:09:01,994 [e3fe17d3-3943-4d4c-b88c-d5052243b886@group-92EEEFA057E6-LeaderElection40] INFO  impl.RaftServerImpl (ServerState.java:setRaftConf(356)) - e3fe17d3-3943-4d4c-b88c-d5052243b886@group-92EEEFA057E6: set configuration 0: [e3fe17d3-3943-4d4c-b88c-d5052243b886:192.168.34.35:33574], old=null at 0
2019-11-17 11:09:01,995 [4c1e8795-b3d4-460e-8f85-df43444e9ba0@group-914C8DD38CA4-LeaderElection41] INFO  impl.RaftServerImpl (ServerState.java:setRaftConf(356)) - 4c1e8795-b3d4-460e-8f85-df43444e9ba0@group-914C8DD38CA4: set configuration 0: [4c1e8795-b3d4-460e-8f85-df43444e9ba0:192.168.34.35:35525], old=null at 0
2019-11-17 11:09:02,012 [Thread-1715] INFO  impl.FollowerState (FollowerState.java:run(111)) - e3fe17d3-3943-4d4c-b88c-d5052243b886@group-F854EFA2BCCD-FollowerState: change to CANDIDATE, lastRpcTime:1062ms, electionTimeout:1062ms
2019-11-17 11:09:02,012 [Thread-1715] INFO  impl.RoleInfo (RoleInfo.java:shutdownFollowerState(121)) - e3fe17d3-3943-4d4c-b88c-d5052243b886: shutdown FollowerState
2019-11-17 11:09:02,013 [Thread-1715] INFO  impl.RaftServerImpl (RaftServerImpl.java:setRole(173)) - e3fe17d3-3943-4d4c-b88c-d5052243b886@group-F854EFA2BCCD: changes role from  FOLLOWER to CANDIDATE at term 0 for changeToCandidate
2019-11-17 11:09:02,013 [Thread-1715] INFO  impl.RoleInfo (RoleInfo.java:updateAndGet(143)) - e3fe17d3-3943-4d4c-b88c-d5052243b886: start LeaderElection
2019-11-17 11:09:02,050 [e3fe17d3-3943-4d4c-b88c-d5052243b886@group-92EEEFA057E6-SegmentedRaftLogWorker] INFO  segmented.SegmentedRaftLogWorker (SegmentedRaftLogWorker.java:execute(576)) - e3fe17d3-3943-4d4c-b88c-d5052243b886@group-92EEEFA057E6-SegmentedRaftLogWorker: created new log segment /workdir/hadoop-ozone/integration-test/target/test-dir/MiniOzoneClusterImpl-184704d8-2d26-4abc-9155-7ef0d3d35dfc/datanode-5/data/ratis/4b77cde8-f4b2-409c-8eda-92eeefa057e6/current/log_inprogress_0
2019-11-17 11:09:02,051 [e3fe17d3-3943-4d4c-b88c-d5052243b886@group-F854EFA2BCCD-LeaderElection42] INFO  impl.LeaderElection (LeaderElection.java:askForVotes(178)) - e3fe17d3-3943-4d4c-b88c-d5052243b886@group-F854EFA2BCCD-LeaderElection42: begin an election at term 1 for -1: [fa2fcff1-083d-4cf3-acfd-0486da9214fd:192.168.34.35:34313, e3fe17d3-3943-4d4c-b88c-d5052243b886:192.168.34.35:33574, 4c1e8795-b3d4-460e-8f85-df43444e9ba0:192.168.34.35:35525], old=null
2019-11-17 11:09:02,050 [4c1e8795-b3d4-460e-8f85-df43444e9ba0@group-914C8DD38CA4-SegmentedRaftLogWorker] INFO  segmented.SegmentedRaftLogWorker (SegmentedRaftLogWorker.java:execute(576)) - 4c1e8795-b3d4-460e-8f85-df43444e9ba0@group-914C8DD38CA4-SegmentedRaftLogWorker: created new log segment /workdir/hadoop-ozone/integration-test/target/test-dir/MiniOzoneClusterImpl-184704d8-2d26-4abc-9155-7ef0d3d35dfc/datanode-4/data/ratis/65a2f38e-5e9c-4c0d-b23b-914c8dd38ca4/current/log_inprogress_0
2019-11-17 11:09:02,055 [Thread-1720] INFO  impl.FollowerState (FollowerState.java:run(111)) - fa2fcff1-083d-4cf3-acfd-0486da9214fd@group-F854EFA2BCCD-FollowerState: change to CANDIDATE, lastRpcTime:1101ms, electionTimeout:1101ms
2019-11-17 11:09:02,056 [Thread-1720] INFO  impl.RoleInfo (RoleInfo.java:shutdownFollowerState(121)) - fa2fcff1-083d-4cf3-acfd-0486da9214fd: shutdown FollowerState
2019-11-17 11:09:02,057 [grpc-default-executor-6] INFO  impl.RaftServerImpl (RaftServerImpl.java:setRole(173)) - 4c1e8795-b3d4-460e-8f85-df43444e9ba0@group-F854EFA2BCCD: changes role from  FOLLOWER to FOLLOWER at term 1 for recognizeCandidate:e3fe17d3-3943-4d4c-b88c-d5052243b886
2019-11-17 11:09:02,057 [Thread-1720] INFO  impl.RaftServerImpl (RaftServerImpl.java:setRole(173)) - fa2fcff1-083d-4cf3-acfd-0486da9214fd@group-F854EFA2BCCD: changes role from  FOLLOWER to CANDIDATE at term 0 for changeToCandidate
2019-11-17 11:09:02,058 [grpc-default-executor-6] INFO  impl.RoleInfo (RoleInfo.java:shutdownFollowerState(121)) - 4c1e8795-b3d4-460e-8f85-df43444e9ba0: shutdown FollowerState
2019-11-17 11:09:02,058 [Thread-1720] INFO  impl.RoleInfo (RoleInfo.java:updateAndGet(143)) - fa2fcff1-083d-4cf3-acfd-0486da9214fd: start LeaderElection
2019-11-17 11:09:02,058 [Thread-1719] INFO  impl.FollowerState (FollowerState.java:run(120)) - 4c1e8795-b3d4-460e-8f85-df43444e9ba0@group-F854EFA2BCCD-FollowerState was interrupted: java.lang.InterruptedException: sleep interrupted
2019-11-17 11:09:02,058 [grpc-default-executor-6] INFO  impl.RoleInfo (RoleInfo.java:updateAndGet(143)) - 4c1e8795-b3d4-460e-8f85-df43444e9ba0: start FollowerState
2019-11-17 11:09:02,065 [grpc-default-executor-4] INFO  impl.RaftServerImpl (RaftServerImpl.java:setRole(173)) - fa2fcff1-083d-4cf3-acfd-0486da9214fd@group-F854EFA2BCCD: changes role from CANDIDATE to FOLLOWER at term 1 for recognizeCandidate:e3fe17d3-3943-4d4c-b88c-d5052243b886
2019-11-17 11:09:02,065 [grpc-default-executor-4] INFO  impl.RoleInfo (RoleInfo.java:shutdownLeaderElection(134)) - fa2fcff1-083d-4cf3-acfd-0486da9214fd: shutdown LeaderElection
2019-11-17 11:09:02,065 [grpc-default-executor-4] INFO  impl.RoleInfo (RoleInfo.java:updateAndGet(143)) - fa2fcff1-083d-4cf3-acfd-0486da9214fd: start FollowerState
2019-11-17 11:09:02,070 [e3fe17d3-3943-4d4c-b88c-d5052243b886@group-F854EFA2BCCD-LeaderElection42] INFO  impl.LeaderElection (LeaderElection.java:logAndReturn(56)) - e3fe17d3-3943-4d4c-b88c-d5052243b886@group-F854EFA2BCCD-LeaderElection42: Election PASSED; received 2 response(s) [e3fe17d3-3943-4d4c-b88c-d5052243b886<-fa2fcff1-083d-4cf3-acfd-0486da9214fd#0:FAIL-t1, e3fe17d3-3943-4d4c-b88c-d5052243b886<-4c1e8795-b3d4-460e-8f85-df43444e9ba0#0:OK-t1] and 0 exception(s); e3fe17d3-3943-4d4c-b88c-d5052243b886@group-F854EFA2BCCD:t1, leader=null, voted=e3fe17d3-3943-4d4c-b88c-d5052243b886, raftlog=e3fe17d3-3943-4d4c-b88c-d5052243b886@group-F854EFA2BCCD-SegmentedRaftLog:OPENED:c-1,f-1,i0, conf=-1: [fa2fcff1-083d-4cf3-acfd-0486da9214fd:192.168.34.35:34313, e3fe17d3-3943-4d4c-b88c-d5052243b886:192.168.34.35:33574, 4c1e8795-b3d4-460e-8f85-df43444e9ba0:192.168.34.35:35525], old=null
2019-11-17 11:09:02,070 [e3fe17d3-3943-4d4c-b88c-d5052243b886@group-F854EFA2BCCD-LeaderElection42] INFO  impl.RoleInfo (RoleInfo.java:shutdownLeaderElection(134)) - e3fe17d3-3943-4d4c-b88c-d5052243b886: shutdown LeaderElection
2019-11-17 11:09:02,071 [e3fe17d3-3943-4d4c-b88c-d5052243b886@group-F854EFA2BCCD-LeaderElection42] INFO  impl.RaftServerImpl (RaftServerImpl.java:setRole(173)) - e3fe17d3-3943-4d4c-b88c-d5052243b886@group-F854EFA2BCCD: changes role from CANDIDATE to LEADER at term 1 for changeToLeader
2019-11-17 11:09:02,071 [e3fe17d3-3943-4d4c-b88c-d5052243b886@group-F854EFA2BCCD-LeaderElection42] INFO  ratis.XceiverServerRatis (XceiverServerRatis.java:handleLeaderChangedNotification(697)) - Leader change notification received for group: group-F854EFA2BCCD with new leaderId: e3fe17d3-3943-4d4c-b88c-d5052243b886
2019-11-17 11:09:02,071 [e3fe17d3-3943-4d4c-b88c-d5052243b886@group-F854EFA2BCCD-LeaderElection42] INFO  impl.RaftServerImpl (ServerState.java:setLeader(255)) - e3fe17d3-3943-4d4c-b88c-d5052243b886@group-F854EFA2BCCD: change Leader from null to e3fe17d3-3943-4d4c-b88c-d5052243b886 at term 1 for becomeLeader, leader elected after 1127ms
2019-11-17 11:09:02,071 [e3fe17d3-3943-4d4c-b88c-d5052243b886@group-F854EFA2BCCD-LeaderElection42] INFO  server.RaftServerConfigKeys (ConfUtils.java:logGet(43)) - raft.server.staging.catchup.gap = 1000 (default)
2019-11-17 11:09:02,071 [e3fe17d3-3943-4d4c-b88c-d5052243b886@group-F854EFA2BCCD-LeaderElection42] INFO  server.RaftServerConfigKeys (ConfUtils.java:logGet(43)) - raft.server.rpc.sleep.time = 25ms (default)
2019-11-17 11:09:02,071 [e3fe17d3-3943-4d4c-b88c-d5052243b886@group-F854EFA2BCCD-LeaderElection42] INFO  server.RaftServerConfigKeys (ConfUtils.java:logGet(43)) - raft.server.write.element-limit = 4096 (default)
2019-11-17 11:09:02,072 [e3fe17d3-3943-4d4c-b88c-d5052243b886@group-F854EFA2BCCD-LeaderElection42] INFO  server.RaftServerConfigKeys (ConfUtils.java:logGet(43)) - raft.server.watch.timeout = 10s (default)
2019-11-17 11:09:02,072 [e3fe17d3-3943-4d4c-b88c-d5052243b886@group-F854EFA2BCCD-LeaderElection42] INFO  server.RaftServerConfigKeys (ConfUtils.java:logGet(43)) - raft.server.watch.timeout.denomination = 1s (default)
2019-11-17 11:09:02,072 [e3fe17d3-3943-4d4c-b88c-d5052243b886@group-F854EFA2BCCD-LeaderElection42] INFO  server.RaftServerConfigKeys (ConfUtils.java:logGet(43)) - raft.server.watch.element-limit = 65536 (default)
2019-11-17 11:09:02,072 [e3fe17d3-3943-4d4c-b88c-d5052243b886@group-F854EFA2BCCD-LeaderElection42] INFO  server.RaftServerConfigKeys (ConfUtils.java:logGet(43)) - raft.server.log.appender.snapshot.chunk.size.max = 16MB (=16777216) (default)
2019-11-17 11:09:02,073 [e3fe17d3-3943-4d4c-b88c-d5052243b886@group-F854EFA2BCCD-LeaderElection42] INFO  server.RaftServerConfigKeys (ConfUtils.java:logGet(43)) - raft.server.log.appender.buffer.byte-limit = 33554432 (custom)
2019-11-17 11:09:02,073 [e3fe17d3-3943-4d4c-b88c-d5052243b886@group-F854EFA2BCCD-LeaderElection42] INFO  server.RaftServerConfigKeys (ConfUtils.java:logGet(43)) - raft.server.log.appender.buffer.element-limit = 1 (custom)
2019-11-17 11:09:02,073 [fa2fcff1-083d-4cf3-acfd-0486da9214fd@group-F854EFA2BCCD-LeaderElection43] INFO  impl.LeaderElection (LeaderElection.java:askForVotes(178)) - fa2fcff1-083d-4cf3-acfd-0486da9214fd@group-F854EFA2BCCD-LeaderElection43: begin an election at term 2 for -1: [fa2fcff1-083d-4cf3-acfd-0486da9214fd:192.168.34.35:34313, e3fe17d3-3943-4d4c-b88c-d5052243b886:192.168.34.35:33574, 4c1e8795-b3d4-460e-8f85-df43444e9ba0:192.168.34.35:35525], old=null
2019-11-17 11:09:02,073 [EventQueue-PipelineReportForPipelineReportHandler] INFO  pipeline.PipelineStateManager (PipelineStateManager.java:openPipeline(134)) - Pipeline Pipeline[ Id: f9dd73f1-82ac-4919-880a-f854efa2bccd, Nodes: fa2fcff1-083d-4cf3-acfd-0486da9214fd{ip: 192.168.34.35, host: pr-hdds-2291-5997d-4279494527, networkLocation: /default-rack, certSerialId: null}4c1e8795-b3d4-460e-8f85-df43444e9ba0{ip: 192.168.34.35, host: pr-hdds-2291-5997d-4279494527, networkLocation: /default-rack, certSerialId: null}e3fe17d3-3943-4d4c-b88c-d5052243b886{ip: 192.168.34.35, host: pr-hdds-2291-5997d-4279494527, networkLocation: /default-rack, certSerialId: null}, Type:RATIS, Factor:THREE, State:OPEN] moved to OPEN state
2019-11-17 11:09:02,074 [e3fe17d3-3943-4d4c-b88c-d5052243b886@group-F854EFA2BCCD-LeaderElection42] INFO  grpc.GrpcConfigKeys$Server (ConfUtils.java:logGet(43)) - raft.grpc.server.leader.outstanding.appends.max = 128 (default)
2019-11-17 11:09:02,074 [fa2fcff1-083d-4cf3-acfd-0486da9214fd@group-F854EFA2BCCD-LeaderElection43] INFO  impl.LeaderElection (LeaderElection.java:logAndReturn(56)) - fa2fcff1-083d-4cf3-acfd-0486da9214fd@group-F854EFA2BCCD-LeaderElection43: Election REJECTED; received 0 response(s) [] and 0 exception(s); fa2fcff1-083d-4cf3-acfd-0486da9214fd@group-F854EFA2BCCD:t2, leader=null, voted=fa2fcff1-083d-4cf3-acfd-0486da9214fd, raftlog=fa2fcff1-083d-4cf3-acfd-0486da9214fd@group-F854EFA2BCCD-SegmentedRaftLog:OPENED:c-1,f-1,i0, conf=-1: [fa2fcff1-083d-4cf3-acfd-0486da9214fd:192.168.34.35:34313, e3fe17d3-3943-4d4c-b88c-d5052243b886:192.168.34.35:33574, 4c1e8795-b3d4-460e-8f85-df43444e9ba0:192.168.34.35:35525], old=null
2019-11-17 11:09:02,075 [e3fe17d3-3943-4d4c-b88c-d5052243b886@group-F854EFA2BCCD-LeaderElection42] INFO  server.RaftServerConfigKeys (ConfUtils.java:logGet(43)) - raft.server.rpc.request.timeout = 3000ms (default)
2019-11-17 11:09:02,076 [e3fe17d3-3943-4d4c-b88c-d5052243b886@group-F854EFA2BCCD-LeaderElection42] INFO  server.RaftServerConfigKeys (ConfUtils.java:logGet(43)) - raft.server.log.appender.install.snapshot.enabled = false (custom)
2019-11-17 11:09:02,076 [e3fe17d3-3943-4d4c-b88c-d5052243b886@group-F854EFA2BCCD-LeaderElection42] WARN  impl.MetricRegistriesImpl (MetricRegistriesImpl.java:lambda$create$1(61)) - First MetricRegistry has been created without registering reporters. You may need to call MetricRegistries.global().addReportRegistration(...) before.
2019-11-17 11:09:02,076 [e3fe17d3-3943-4d4c-b88c-d5052243b886@group-F854EFA2BCCD-LeaderElection42] INFO  server.RaftServerConfigKeys (ConfUtils.java:logGet(43)) - raft.server.log.appender.snapshot.chunk.size.max = 16MB (=16777216) (default)
2019-11-17 11:09:02,077 [e3fe17d3-3943-4d4c-b88c-d5052243b886@group-F854EFA2BCCD-LeaderElection42] INFO  server.RaftServerConfigKeys (ConfUtils.java:logGet(43)) - raft.server.log.appender.buffer.byte-limit = 33554432 (custom)
2019-11-17 11:09:02,077 [e3fe17d3-3943-4d4c-b88c-d5052243b886@group-F854EFA2BCCD-LeaderElection42] INFO  server.RaftServerConfigKeys (ConfUtils.java:logGet(43)) - raft.server.log.appender.buffer.element-limit = 1 (custom)
2019-11-17 11:09:02,077 [e3fe17d3-3943-4d4c-b88c-d5052243b886@group-F854EFA2BCCD-LeaderElection42] INFO  grpc.GrpcConfigKeys$Server (ConfUtils.java:logGet(43)) - raft.grpc.server.leader.outstanding.appends.max = 128 (default)
2019-11-17 11:09:02,081 [e3fe17d3-3943-4d4c-b88c-d5052243b886@group-F854EFA2BCCD-LeaderElection42] INFO  server.RaftServerConfigKeys (ConfUtils.java:logGet(43)) - raft.server.rpc.request.timeout = 3000ms (default)
2019-11-17 11:09:02,081 [e3fe17d3-3943-4d4c-b88c-d5052243b886@group-F854EFA2BCCD-LeaderElection42] INFO  server.RaftServerConfigKeys (ConfUtils.java:logGet(43)) - raft.server.log.appender.install.snapshot.enabled = false (custom)
2019-11-17 11:09:02,082 [e3fe17d3-3943-4d4c-b88c-d5052243b886@group-F854EFA2BCCD-LeaderElection42] INFO  impl.RoleInfo (RoleInfo.java:updateAndGet(143)) - e3fe17d3-3943-4d4c-b88c-d5052243b886: start LeaderState
2019-11-17 11:09:02,082 [e3fe17d3-3943-4d4c-b88c-d5052243b886@group-F854EFA2BCCD-LeaderElection42] INFO  segmented.SegmentedRaftLogWorker (SegmentedRaftLogWorker.java:startLogSegment(385)) - e3fe17d3-3943-4d4c-b88c-d5052243b886@group-F854EFA2BCCD-SegmentedRaftLogWorker: Starting segment from index:0
2019-11-17 11:09:02,083 [e3fe17d3-3943-4d4c-b88c-d5052243b886@group-F854EFA2BCCD-LeaderElection42] INFO  impl.RaftServerImpl (ServerState.java:setRaftConf(356)) - e3fe17d3-3943-4d4c-b88c-d5052243b886@group-F854EFA2BCCD: set configuration 0: [fa2fcff1-083d-4cf3-acfd-0486da9214fd:192.168.34.35:34313, e3fe17d3-3943-4d4c-b88c-d5052243b886:192.168.34.35:33574, 4c1e8795-b3d4-460e-8f85-df43444e9ba0:192.168.34.35:35525], old=null at 0
2019-11-17 11:09:02,119 [grpc-default-executor-4] INFO  impl.RaftServerImpl (RaftServerImpl.java:setRole(173)) - 4c1e8795-b3d4-460e-8f85-df43444e9ba0@group-F854EFA2BCCD: changes role from  FOLLOWER to FOLLOWER at term 2 for recognizeCandidate:fa2fcff1-083d-4cf3-acfd-0486da9214fd
2019-11-17 11:09:02,120 [grpc-default-executor-4] INFO  impl.RoleInfo (RoleInfo.java:shutdownFollowerState(121)) - 4c1e8795-b3d4-460e-8f85-df43444e9ba0: shutdown FollowerState
2019-11-17 11:09:02,120 [grpc-default-executor-6] INFO  impl.RaftServerImpl (ServerState.java:setLeader(255)) - e3fe17d3-3943-4d4c-b88c-d5052243b886@group-F854EFA2BCCD: change Leader from e3fe17d3-3943-4d4c-b88c-d5052243b886 to null at term 2 for updateCurrentTerm
2019-11-17 11:09:02,120 [Thread-1755] INFO  impl.FollowerState (FollowerState.java:run(120)) - 4c1e8795-b3d4-460e-8f85-df43444e9ba0@group-F854EFA2BCCD-FollowerState was interrupted: java.lang.InterruptedException: sleep interrupted
2019-11-17 11:09:02,120 [grpc-default-executor-6] INFO  impl.RaftServerImpl (RaftServerImpl.java:setRole(173)) - e3fe17d3-3943-4d4c-b88c-d5052243b886@group-F854EFA2BCCD: changes role from    LEADER to FOLLOWER at term 2 for recognizeCandidate:fa2fcff1-083d-4cf3-acfd-0486da9214fd
2019-11-17 11:09:02,120 [grpc-default-executor-4] INFO  impl.RoleInfo (RoleInfo.java:updateAndGet(143)) - 4c1e8795-b3d4-460e-8f85-df43444e9ba0: start FollowerState
2019-11-17 11:09:02,122 [grpc-default-executor-6] INFO  impl.RoleInfo (RoleInfo.java:shutdownLeaderState(104)) - e3fe17d3-3943-4d4c-b88c-d5052243b886: shutdown LeaderState
2019-11-17 11:09:02,124 [org.apache.ratis.server.impl.LogAppender$AppenderDaemon$$Lambda$425/279480791@27e737e0] WARN  server.GrpcLogAppender (GrpcLogAppender.java:mayWait(151)) - e3fe17d3-3943-4d4c-b88c-d5052243b886@group-F854EFA2BCCD->4c1e8795-b3d4-460e-8f85-df43444e9ba0-GrpcLogAppender: Wait interrupted by java.lang.InterruptedException
2019-11-17 11:09:02,125 [org.apache.ratis.server.impl.LogAppender$AppenderDaemon$$Lambda$425/279480791@62e5b5d8] WARN  server.GrpcLogAppender (GrpcLogAppender.java:mayWait(151)) - e3fe17d3-3943-4d4c-b88c-d5052243b886@group-F854EFA2BCCD->fa2fcff1-083d-4cf3-acfd-0486da9214fd-GrpcLogAppender: Wait interrupted by java.lang.InterruptedException
2019-11-17 11:09:02,124 [grpc-default-executor-6] INFO  impl.PendingRequests (PendingRequests.java:sendNotLeaderResponses(206)) - e3fe17d3-3943-4d4c-b88c-d5052243b886@group-F854EFA2BCCD-PendingRequests: sendNotLeaderResponses
2019-11-17 11:09:02,125 [grpc-default-executor-6] INFO  impl.RoleInfo (RoleInfo.java:updateAndGet(143)) - e3fe17d3-3943-4d4c-b88c-d5052243b886: start FollowerState
2019-11-17 11:09:02,125 [grpc-default-executor-7] INFO  server.GrpcServerProtocolService (GrpcServerProtocolService.java:onCompleted(113)) - fa2fcff1-083d-4cf3-acfd-0486da9214fd: Completed APPEND_ENTRIES, lastRequest: e3fe17d3-3943-4d4c-b88c-d5052243b886->fa2fcff1-083d-4cf3-acfd-0486da9214fd#0-t1, previous=(t:0, i:0), leaderCommit=-1, initializing? false, entries: <empty>
2019-11-17 11:09:02,132 [e3fe17d3-3943-4d4c-b88c-d5052243b886@group-F854EFA2BCCD-SegmentedRaftLogWorker] INFO  segmented.SegmentedRaftLogWorker (SegmentedRaftLogWorker.java:execute(576)) - e3fe17d3-3943-4d4c-b88c-d5052243b886@group-F854EFA2BCCD-SegmentedRaftLogWorker: created new log segment /workdir/hadoop-ozone/integration-test/target/test-dir/MiniOzoneClusterImpl-184704d8-2d26-4abc-9155-7ef0d3d35dfc/datanode-5/data/ratis/f9dd73f1-82ac-4919-880a-f854efa2bccd/current/log_inprogress_0
2019-11-17 11:09:02,132 [grpc-default-executor-2] INFO  server.GrpcServerProtocolService (GrpcServerProtocolService.java:onCompleted(113)) - 4c1e8795-b3d4-460e-8f85-df43444e9ba0: Completed APPEND_ENTRIES, lastRequest: e3fe17d3-3943-4d4c-b88c-d5052243b886->4c1e8795-b3d4-460e-8f85-df43444e9ba0#0-t1, previous=(t:0, i:0), leaderCommit=-1, initializing? false, entries: <empty>
2019-11-17 11:09:02,288 [grpc-default-executor-2] INFO  server.GrpcLogAppender (GrpcLogAppender.java:onCompleted(308)) - e3fe17d3-3943-4d4c-b88c-d5052243b886@group-F854EFA2BCCD->4c1e8795-b3d4-460e-8f85-df43444e9ba0-AppendLogResponseHandler: follower responses appendEntries COMPLETED
2019-11-17 11:09:02,288 [grpc-default-executor-3] INFO  server.GrpcLogAppender (GrpcLogAppender.java:onCompleted(308)) - e3fe17d3-3943-4d4c-b88c-d5052243b886@group-F854EFA2BCCD->fa2fcff1-083d-4cf3-acfd-0486da9214fd-AppendLogResponseHandler: follower responses appendEntries COMPLETED
2019-11-17 11:09:02,289 [grpc-default-executor-3] INFO  impl.FollowerInfo (FollowerInfo.java:lambda$new$0(51)) - e3fe17d3-3943-4d4c-b88c-d5052243b886@group-F854EFA2BCCD->fa2fcff1-083d-4cf3-acfd-0486da9214fd: nextIndex: updateUnconditionally 0 -> 0
2019-11-17 11:09:02,289 [grpc-default-executor-2] INFO  impl.FollowerInfo (FollowerInfo.java:lambda$new$0(51)) - e3fe17d3-3943-4d4c-b88c-d5052243b886@group-F854EFA2BCCD->4c1e8795-b3d4-460e-8f85-df43444e9ba0: nextIndex: updateUnconditionally 0 -> 0
2019-11-17 11:09:02,961 [main] INFO  ozone.MiniOzoneClusterImpl (MiniOzoneClusterImpl.java:lambda$waitForClusterToBeReady$2(171)) - Cluster is ready. Got 6 of 6 DN Heartbeats.
2019-11-17 11:09:02,990 [main] INFO  rpc.RpcClient (RpcClient.java:createVolume(292)) - Creating Volume: datanodefailurehandlingtest, with jenkins1000 as owner.
2019-11-17 11:09:02,993 [IPC Server handler 1 on 34171] INFO  volume.OMVolumeCreateRequest (OMVolumeCreateRequest.java:validateAndUpdateCache(193)) - created volume:datanodefailurehandlingtest for user:jenkins1000
2019-11-17 11:09:03,033 [main] INFO  rpc.RpcClient (RpcClient.java:createBucket(431)) - Creating Bucket: datanodefailurehandlingtest/datanodefailurehandlingtest, with Versioning false and Storage Type set to DISK and Encryption set to false 
2019-11-17 11:09:03,276 [Thread-1762] INFO  impl.FollowerState (FollowerState.java:run(111)) - 4c1e8795-b3d4-460e-8f85-df43444e9ba0@group-F854EFA2BCCD-FollowerState: change to CANDIDATE, lastRpcTime:1155ms, electionTimeout:1136ms
2019-11-17 11:09:03,276 [Thread-1756] INFO  impl.FollowerState (FollowerState.java:run(111)) - fa2fcff1-083d-4cf3-acfd-0486da9214fd@group-F854EFA2BCCD-FollowerState: change to CANDIDATE, lastRpcTime:1210ms, electionTimeout:1132ms
2019-11-17 11:09:03,276 [Thread-1762] INFO  impl.RoleInfo (RoleInfo.java:shutdownFollowerState(121)) - 4c1e8795-b3d4-460e-8f85-df43444e9ba0: shutdown FollowerState
2019-11-17 11:09:03,276 [Thread-1756] INFO  impl.RoleInfo (RoleInfo.java:shutdownFollowerState(121)) - fa2fcff1-083d-4cf3-acfd-0486da9214fd: shutdown FollowerState
2019-11-17 11:09:03,277 [Thread-1762] INFO  impl.RaftServerImpl (RaftServerImpl.java:setRole(173)) - 4c1e8795-b3d4-460e-8f85-df43444e9ba0@group-F854EFA2BCCD: changes role from  FOLLOWER to CANDIDATE at term 2 for changeToCandidate
2019-11-17 11:09:03,277 [Thread-1756] INFO  impl.RaftServerImpl (RaftServerImpl.java:setRole(173)) - fa2fcff1-083d-4cf3-acfd-0486da9214fd@group-F854EFA2BCCD: changes role from  FOLLOWER to CANDIDATE at term 2 for changeToCandidate
2019-11-17 11:09:03,302 [Thread-1756] INFO  impl.RoleInfo (RoleInfo.java:updateAndGet(143)) - fa2fcff1-083d-4cf3-acfd-0486da9214fd: start LeaderElection
2019-11-17 11:09:03,302 [Thread-1762] INFO  impl.RoleInfo (RoleInfo.java:updateAndGet(143)) - 4c1e8795-b3d4-460e-8f85-df43444e9ba0: start LeaderElection
2019-11-17 11:09:03,319 [Thread-1763] INFO  impl.FollowerState (FollowerState.java:run(111)) - e3fe17d3-3943-4d4c-b88c-d5052243b886@group-F854EFA2BCCD-FollowerState: change to CANDIDATE, lastRpcTime:1193ms, electionTimeout:1046ms
2019-11-17 11:09:03,319 [Thread-1763] INFO  impl.RoleInfo (RoleInfo.java:shutdownFollowerState(121)) - e3fe17d3-3943-4d4c-b88c-d5052243b886: shutdown FollowerState
2019-11-17 11:09:03,319 [Thread-1763] INFO  impl.RaftServerImpl (RaftServerImpl.java:setRole(173)) - e3fe17d3-3943-4d4c-b88c-d5052243b886@group-F854EFA2BCCD: changes role from  FOLLOWER to CANDIDATE at term 2 for changeToCandidate
2019-11-17 11:09:03,319 [Thread-1763] INFO  impl.RoleInfo (RoleInfo.java:updateAndGet(143)) - e3fe17d3-3943-4d4c-b88c-d5052243b886: start LeaderElection
2019-11-17 11:09:03,333 [4c1e8795-b3d4-460e-8f85-df43444e9ba0@group-F854EFA2BCCD-LeaderElection44] INFO  impl.LeaderElection (LeaderElection.java:askForVotes(178)) - 4c1e8795-b3d4-460e-8f85-df43444e9ba0@group-F854EFA2BCCD-LeaderElection44: begin an election at term 3 for -1: [fa2fcff1-083d-4cf3-acfd-0486da9214fd:192.168.34.35:34313, e3fe17d3-3943-4d4c-b88c-d5052243b886:192.168.34.35:33574, 4c1e8795-b3d4-460e-8f85-df43444e9ba0:192.168.34.35:35525], old=null
2019-11-17 11:09:03,333 [fa2fcff1-083d-4cf3-acfd-0486da9214fd@group-F854EFA2BCCD-LeaderElection45] INFO  impl.LeaderElection (LeaderElection.java:askForVotes(178)) - fa2fcff1-083d-4cf3-acfd-0486da9214fd@group-F854EFA2BCCD-LeaderElection45: begin an election at term 3 for -1: [fa2fcff1-083d-4cf3-acfd-0486da9214fd:192.168.34.35:34313, e3fe17d3-3943-4d4c-b88c-d5052243b886:192.168.34.35:33574, 4c1e8795-b3d4-460e-8f85-df43444e9ba0:192.168.34.35:35525], old=null
2019-11-17 11:09:03,333 [e3fe17d3-3943-4d4c-b88c-d5052243b886@group-F854EFA2BCCD-LeaderElection46] INFO  impl.LeaderElection (LeaderElection.java:askForVotes(178)) - e3fe17d3-3943-4d4c-b88c-d5052243b886@group-F854EFA2BCCD-LeaderElection46: begin an election at term 3 for 0: [fa2fcff1-083d-4cf3-acfd-0486da9214fd:192.168.34.35:34313, e3fe17d3-3943-4d4c-b88c-d5052243b886:192.168.34.35:33574, 4c1e8795-b3d4-460e-8f85-df43444e9ba0:192.168.34.35:35525], old=null
2019-11-17 11:09:03,339 [fa2fcff1-083d-4cf3-acfd-0486da9214fd@group-F854EFA2BCCD-LeaderElection45] INFO  impl.LeaderElection (LeaderElection.java:logAndReturn(56)) - fa2fcff1-083d-4cf3-acfd-0486da9214fd@group-F854EFA2BCCD-LeaderElection45: Election REJECTED; received 2 response(s) [fa2fcff1-083d-4cf3-acfd-0486da9214fd<-e3fe17d3-3943-4d4c-b88c-d5052243b886#0:FAIL-t3, fa2fcff1-083d-4cf3-acfd-0486da9214fd<-4c1e8795-b3d4-460e-8f85-df43444e9ba0#0:FAIL-t3] and 0 exception(s); fa2fcff1-083d-4cf3-acfd-0486da9214fd@group-F854EFA2BCCD:t3, leader=null, voted=fa2fcff1-083d-4cf3-acfd-0486da9214fd, raftlog=fa2fcff1-083d-4cf3-acfd-0486da9214fd@group-F854EFA2BCCD-SegmentedRaftLog:OPENED:c-1,f-1,i0, conf=-1: [fa2fcff1-083d-4cf3-acfd-0486da9214fd:192.168.34.35:34313, e3fe17d3-3943-4d4c-b88c-d5052243b886:192.168.34.35:33574, 4c1e8795-b3d4-460e-8f85-df43444e9ba0:192.168.34.35:35525], old=null
2019-11-17 11:09:03,339 [fa2fcff1-083d-4cf3-acfd-0486da9214fd@group-F854EFA2BCCD-LeaderElection45] INFO  impl.RaftServerImpl (RaftServerImpl.java:setRole(173)) - fa2fcff1-083d-4cf3-acfd-0486da9214fd@group-F854EFA2BCCD: changes role from CANDIDATE to FOLLOWER at term 3 for DISCOVERED_A_NEW_TERM
2019-11-17 11:09:03,341 [fa2fcff1-083d-4cf3-acfd-0486da9214fd@group-F854EFA2BCCD-LeaderElection45] INFO  impl.RoleInfo (RoleInfo.java:shutdownLeaderElection(134)) - fa2fcff1-083d-4cf3-acfd-0486da9214fd: shutdown LeaderElection
2019-11-17 11:09:03,341 [fa2fcff1-083d-4cf3-acfd-0486da9214fd@group-F854EFA2BCCD-LeaderElection45] INFO  impl.RoleInfo (RoleInfo.java:updateAndGet(143)) - fa2fcff1-083d-4cf3-acfd-0486da9214fd: start FollowerState
2019-11-17 11:09:03,344 [4c1e8795-b3d4-460e-8f85-df43444e9ba0@group-F854EFA2BCCD-LeaderElection44] INFO  impl.LeaderElection (LeaderElection.java:logAndReturn(56)) - 4c1e8795-b3d4-460e-8f85-df43444e9ba0@group-F854EFA2BCCD-LeaderElection44: Election REJECTED; received 2 response(s) [4c1e8795-b3d4-460e-8f85-df43444e9ba0<-fa2fcff1-083d-4cf3-acfd-0486da9214fd#0:FAIL-t3, 4c1e8795-b3d4-460e-8f85-df43444e9ba0<-e3fe17d3-3943-4d4c-b88c-d5052243b886#0:FAIL-t3] and 0 exception(s); 4c1e8795-b3d4-460e-8f85-df43444e9ba0@group-F854EFA2BCCD:t3, leader=null, voted=4c1e8795-b3d4-460e-8f85-df43444e9ba0, raftlog=4c1e8795-b3d4-460e-8f85-df43444e9ba0@group-F854EFA2BCCD-SegmentedRaftLog:OPENED:c-1,f-1,i0, conf=-1: [fa2fcff1-083d-4cf3-acfd-0486da9214fd:192.168.34.35:34313, e3fe17d3-3943-4d4c-b88c-d5052243b886:192.168.34.35:33574, 4c1e8795-b3d4-460e-8f85-df43444e9ba0:192.168.34.35:35525], old=null
2019-11-17 11:09:03,345 [4c1e8795-b3d4-460e-8f85-df43444e9ba0@group-F854EFA2BCCD-LeaderElection44] INFO  impl.RaftServerImpl (RaftServerImpl.java:setRole(173)) - 4c1e8795-b3d4-460e-8f85-df43444e9ba0@group-F854EFA2BCCD: changes role from CANDIDATE to FOLLOWER at term 3 for DISCOVERED_A_NEW_TERM
2019-11-17 11:09:03,348 [e3fe17d3-3943-4d4c-b88c-d5052243b886@group-F854EFA2BCCD-LeaderElection46] INFO  impl.LeaderElection (LeaderElection.java:logAndReturn(56)) - e3fe17d3-3943-4d4c-b88c-d5052243b886@group-F854EFA2BCCD-LeaderElection46: Election REJECTED; received 2 response(s) [e3fe17d3-3943-4d4c-b88c-d5052243b886<-fa2fcff1-083d-4cf3-acfd-0486da9214fd#0:FAIL-t3, e3fe17d3-3943-4d4c-b88c-d5052243b886<-4c1e8795-b3d4-460e-8f85-df43444e9ba0#0:FAIL-t3] and 0 exception(s); e3fe17d3-3943-4d4c-b88c-d5052243b886@group-F854EFA2BCCD:t3, leader=null, voted=e3fe17d3-3943-4d4c-b88c-d5052243b886, raftlog=e3fe17d3-3943-4d4c-b88c-d5052243b886@group-F854EFA2BCCD-SegmentedRaftLog:OPENED:c-1,f0,i0, conf=0: [fa2fcff1-083d-4cf3-acfd-0486da9214fd:192.168.34.35:34313, e3fe17d3-3943-4d4c-b88c-d5052243b886:192.168.34.35:33574, 4c1e8795-b3d4-460e-8f85-df43444e9ba0:192.168.34.35:35525], old=null
2019-11-17 11:09:03,349 [4c1e8795-b3d4-460e-8f85-df43444e9ba0@group-F854EFA2BCCD-LeaderElection44] INFO  impl.RoleInfo (RoleInfo.java:shutdownLeaderElection(134)) - 4c1e8795-b3d4-460e-8f85-df43444e9ba0: shutdown LeaderElection
2019-11-17 11:09:03,349 [e3fe17d3-3943-4d4c-b88c-d5052243b886@group-F854EFA2BCCD-LeaderElection46] INFO  impl.RaftServerImpl (RaftServerImpl.java:setRole(173)) - e3fe17d3-3943-4d4c-b88c-d5052243b886@group-F854EFA2BCCD: changes role from CANDIDATE to FOLLOWER at term 3 for DISCOVERED_A_NEW_TERM
2019-11-17 11:09:03,351 [4c1e8795-b3d4-460e-8f85-df43444e9ba0@group-F854EFA2BCCD-LeaderElection44] INFO  impl.RoleInfo (RoleInfo.java:updateAndGet(143)) - 4c1e8795-b3d4-460e-8f85-df43444e9ba0: start FollowerState
2019-11-17 11:09:03,351 [e3fe17d3-3943-4d4c-b88c-d5052243b886@group-F854EFA2BCCD-LeaderElection46] INFO  impl.RoleInfo (RoleInfo.java:shutdownLeaderElection(134)) - e3fe17d3-3943-4d4c-b88c-d5052243b886: shutdown LeaderElection
2019-11-17 11:09:03,351 [e3fe17d3-3943-4d4c-b88c-d5052243b886@group-F854EFA2BCCD-LeaderElection46] INFO  impl.RoleInfo (RoleInfo.java:updateAndGet(143)) - e3fe17d3-3943-4d4c-b88c-d5052243b886: start FollowerState
2019-11-17 11:09:03,527 [Thread-1686] INFO  container.ReplicationManager (ReplicationManager.java:start(162)) - Starting Replication Monitor Thread.
2019-11-17 11:09:03,527 [Thread-1686] INFO  pipeline.SCMPipelineManager (SCMPipelineManager.java:finalizeAndDestroyPipeline(315)) - destroying pipeline:Pipeline[ Id: c7e8b361-2cee-444b-aa69-246bd682ebcd, Nodes: e8702f59-809d-4833-a306-9e60cd88362b{ip: 192.168.34.35, host: pr-hdds-2291-5997d-4279494527, networkLocation: /default-rack, certSerialId: null}ce4f5a27-7d6e-4546-9ae5-5afbf9a8c00c{ip: 192.168.34.35, host: pr-hdds-2291-5997d-4279494527, networkLocation: /default-rack, certSerialId: null}28ccac35-fb4f-4f0a-a99f-78d96ef6e430{ip: 192.168.34.35, host: pr-hdds-2291-5997d-4279494527, networkLocation: /default-rack, certSerialId: null}, Type:RATIS, Factor:THREE, State:OPEN]
2019-11-17 11:09:03,529 [Thread-1686] INFO  pipeline.PipelineStateManager (PipelineStateManager.java:finalizePipeline(121)) - Pipeline Pipeline[ Id: c7e8b361-2cee-444b-aa69-246bd682ebcd, Nodes: e8702f59-809d-4833-a306-9e60cd88362b{ip: 192.168.34.35, host: pr-hdds-2291-5997d-4279494527, networkLocation: /default-rack, certSerialId: null}ce4f5a27-7d6e-4546-9ae5-5afbf9a8c00c{ip: 192.168.34.35, host: pr-hdds-2291-5997d-4279494527, networkLocation: /default-rack, certSerialId: null}28ccac35-fb4f-4f0a-a99f-78d96ef6e430{ip: 192.168.34.35, host: pr-hdds-2291-5997d-4279494527, networkLocation: /default-rack, certSerialId: null}, Type:RATIS, Factor:THREE, State:CLOSED] moved to CLOSED state
2019-11-17 11:09:03,530 [ReplicationMonitor] INFO  container.ReplicationManager (ReplicationManager.java:run(225)) - Replication Monitor Thread took 0 milliseconds for processing 1 containers.
2019-11-17 11:09:03,541 [grpc-default-executor-7] INFO  impl.RaftServerProxy (RaftServerProxy.java:remove(95)) - e8702f59-809d-4833-a306-9e60cd88362b: remove    LEADER e8702f59-809d-4833-a306-9e60cd88362b@group-246BD682EBCD:t1, leader=e8702f59-809d-4833-a306-9e60cd88362b, voted=e8702f59-809d-4833-a306-9e60cd88362b, raftlog=e8702f59-809d-4833-a306-9e60cd88362b@group-246BD682EBCD-SegmentedRaftLog:OPENED:c0,f0,i0, conf=0: [e8702f59-809d-4833-a306-9e60cd88362b:192.168.34.35:33634, ce4f5a27-7d6e-4546-9ae5-5afbf9a8c00c:192.168.34.35:44254, 28ccac35-fb4f-4f0a-a99f-78d96ef6e430:192.168.34.35:37581], old=null RUNNING
2019-11-17 11:09:03,543 [grpc-default-executor-7] INFO  impl.RaftServerImpl (RaftServerImpl.java:lambda$shutdown$3(250)) - e8702f59-809d-4833-a306-9e60cd88362b@group-246BD682EBCD: shutdown
2019-11-17 11:09:03,544 [grpc-default-executor-7] INFO  util.JmxRegister (JmxRegister.java:unregister(73)) - Successfully un-registered JMX Bean with object name Ratis:service=RaftServer,group=group-246BD682EBCD,id=e8702f59-809d-4833-a306-9e60cd88362b
2019-11-17 11:09:03,544 [grpc-default-executor-7] INFO  impl.RoleInfo (RoleInfo.java:shutdownLeaderState(104)) - e8702f59-809d-4833-a306-9e60cd88362b: shutdown LeaderState
2019-11-17 11:09:03,547 [org.apache.ratis.server.impl.LogAppender$AppenderDaemon$$Lambda$425/279480791@35af444f] WARN  server.GrpcLogAppender (GrpcLogAppender.java:mayWait(151)) - e8702f59-809d-4833-a306-9e60cd88362b@group-246BD682EBCD->ce4f5a27-7d6e-4546-9ae5-5afbf9a8c00c-GrpcLogAppender: Wait interrupted by java.lang.InterruptedException
2019-11-17 11:09:03,547 [grpc-default-executor-7] INFO  impl.PendingRequests (PendingRequests.java:sendNotLeaderResponses(206)) - e8702f59-809d-4833-a306-9e60cd88362b@group-246BD682EBCD-PendingRequests: sendNotLeaderResponses
2019-11-17 11:09:03,547 [org.apache.ratis.server.impl.LogAppender$AppenderDaemon$$Lambda$425/279480791@70addc9e] WARN  server.GrpcLogAppender (GrpcLogAppender.java:mayWait(151)) - e8702f59-809d-4833-a306-9e60cd88362b@group-246BD682EBCD->28ccac35-fb4f-4f0a-a99f-78d96ef6e430-GrpcLogAppender: Wait interrupted by java.lang.InterruptedException
2019-11-17 11:09:03,549 [grpc-default-executor-7] INFO  impl.StateMachineUpdater (StateMachineUpdater.java:stopAndJoin(136)) - e8702f59-809d-4833-a306-9e60cd88362b@group-246BD682EBCD-StateMachineUpdater: set stopIndex = 0
2019-11-17 11:09:03,549 [grpc-default-executor-2] INFO  server.GrpcServerProtocolService (GrpcServerProtocolService.java:onCompleted(113)) - ce4f5a27-7d6e-4546-9ae5-5afbf9a8c00c: Completed APPEND_ENTRIES, lastRequest: e8702f59-809d-4833-a306-9e60cd88362b->ce4f5a27-7d6e-4546-9ae5-5afbf9a8c00c#4-t1, previous=(t:1, i:0), leaderCommit=0, initializing? false, entries: <empty>
2019-11-17 11:09:03,549 [grpc-default-executor-7] INFO  impl.RaftServerImpl (ServerState.java:close(387)) - e8702f59-809d-4833-a306-9e60cd88362b@group-246BD682EBCD: closes. applyIndex: 0
2019-11-17 11:09:03,549 [grpc-default-executor-3] INFO  server.GrpcServerProtocolService (GrpcServerProtocolService.java:onCompleted(113)) - 28ccac35-fb4f-4f0a-a99f-78d96ef6e430: Completed APPEND_ENTRIES, lastRequest: e8702f59-809d-4833-a306-9e60cd88362b->28ccac35-fb4f-4f0a-a99f-78d96ef6e430#4-t1, previous=(t:1, i:0), leaderCommit=0, initializing? false, entries: <empty>
2019-11-17 11:09:03,550 [e8702f59-809d-4833-a306-9e60cd88362b@group-246BD682EBCD-SegmentedRaftLogWorker] INFO  segmented.SegmentedRaftLogWorker (SegmentedRaftLogWorker.java:run(316)) - e8702f59-809d-4833-a306-9e60cd88362b@group-246BD682EBCD-SegmentedRaftLogWorker was interrupted, exiting. There are 0 tasks remaining in the queue.
2019-11-17 11:09:03,550 [grpc-default-executor-2] INFO  server.GrpcLogAppender (GrpcLogAppender.java:onCompleted(308)) - e8702f59-809d-4833-a306-9e60cd88362b@group-246BD682EBCD->ce4f5a27-7d6e-4546-9ae5-5afbf9a8c00c-AppendLogResponseHandler: follower responses appendEntries COMPLETED
2019-11-17 11:09:03,552 [grpc-default-executor-7] INFO  segmented.SegmentedRaftLogWorker (SegmentedRaftLogWorker.java:close(224)) - e8702f59-809d-4833-a306-9e60cd88362b@group-246BD682EBCD-SegmentedRaftLogWorker close()
2019-11-17 11:09:03,552 [grpc-default-executor-3] INFO  server.GrpcLogAppender (GrpcLogAppender.java:onCompleted(308)) - e8702f59-809d-4833-a306-9e60cd88362b@group-246BD682EBCD->28ccac35-fb4f-4f0a-a99f-78d96ef6e430-AppendLogResponseHandler: follower responses appendEntries COMPLETED
2019-11-17 11:09:03,555 [grpc-default-executor-2] INFO  impl.FollowerInfo (FollowerInfo.java:lambda$new$0(51)) - e8702f59-809d-4833-a306-9e60cd88362b@group-246BD682EBCD->ce4f5a27-7d6e-4546-9ae5-5afbf9a8c00c: nextIndex: updateUnconditionally 1 -> 0
2019-11-17 11:09:03,556 [grpc-default-executor-3] INFO  impl.FollowerInfo (FollowerInfo.java:lambda$new$0(51)) - e8702f59-809d-4833-a306-9e60cd88362b@group-246BD682EBCD->28ccac35-fb4f-4f0a-a99f-78d96ef6e430: nextIndex: updateUnconditionally 1 -> 0
2019-11-17 11:09:03,560 [grpc-default-executor-7] INFO  impl.RaftServerProxy (RaftServerProxy.java:remove(95)) - ce4f5a27-7d6e-4546-9ae5-5afbf9a8c00c: remove  FOLLOWER ce4f5a27-7d6e-4546-9ae5-5afbf9a8c00c@group-246BD682EBCD:t1, leader=e8702f59-809d-4833-a306-9e60cd88362b, voted=e8702f59-809d-4833-a306-9e60cd88362b, raftlog=ce4f5a27-7d6e-4546-9ae5-5afbf9a8c00c@group-246BD682EBCD-SegmentedRaftLog:OPENED:c0,f0,i0, conf=0: [e8702f59-809d-4833-a306-9e60cd88362b:192.168.34.35:33634, ce4f5a27-7d6e-4546-9ae5-5afbf9a8c00c:192.168.34.35:44254, 28ccac35-fb4f-4f0a-a99f-78d96ef6e430:192.168.34.35:37581], old=null RUNNING
2019-11-17 11:09:03,561 [grpc-default-executor-7] INFO  impl.RaftServerImpl (RaftServerImpl.java:lambda$shutdown$3(250)) - ce4f5a27-7d6e-4546-9ae5-5afbf9a8c00c@group-246BD682EBCD: shutdown
2019-11-17 11:09:03,561 [grpc-default-executor-7] INFO  util.JmxRegister (JmxRegister.java:unregister(73)) - Successfully un-registered JMX Bean with object name Ratis:service=RaftServer,group=group-246BD682EBCD,id=ce4f5a27-7d6e-4546-9ae5-5afbf9a8c00c
2019-11-17 11:09:03,561 [grpc-default-executor-7] INFO  impl.RoleInfo (RoleInfo.java:shutdownFollowerState(121)) - ce4f5a27-7d6e-4546-9ae5-5afbf9a8c00c: shutdown FollowerState
2019-11-17 11:09:03,561 [grpc-default-executor-7] INFO  impl.StateMachineUpdater (StateMachineUpdater.java:stopAndJoin(136)) - ce4f5a27-7d6e-4546-9ae5-5afbf9a8c00c@group-246BD682EBCD-StateMachineUpdater: set stopIndex = 0
2019-11-17 11:09:03,561 [Thread-1731] INFO  impl.FollowerState (FollowerState.java:run(120)) - ce4f5a27-7d6e-4546-9ae5-5afbf9a8c00c@group-246BD682EBCD-FollowerState was interrupted: java.lang.InterruptedException: sleep interrupted
2019-11-17 11:09:03,563 [grpc-default-executor-7] INFO  impl.RaftServerImpl (ServerState.java:close(387)) - ce4f5a27-7d6e-4546-9ae5-5afbf9a8c00c@group-246BD682EBCD: closes. applyIndex: 0
2019-11-17 11:09:03,563 [ce4f5a27-7d6e-4546-9ae5-5afbf9a8c00c@group-246BD682EBCD-SegmentedRaftLogWorker] INFO  segmented.SegmentedRaftLogWorker (SegmentedRaftLogWorker.java:run(316)) - ce4f5a27-7d6e-4546-9ae5-5afbf9a8c00c@group-246BD682EBCD-SegmentedRaftLogWorker was interrupted, exiting. There are 0 tasks remaining in the queue.
2019-11-17 11:09:03,565 [grpc-default-executor-7] INFO  segmented.SegmentedRaftLogWorker (SegmentedRaftLogWorker.java:close(224)) - ce4f5a27-7d6e-4546-9ae5-5afbf9a8c00c@group-246BD682EBCD-SegmentedRaftLogWorker close()
2019-11-17 11:09:03,574 [grpc-default-executor-7] INFO  impl.RaftServerProxy (RaftServerProxy.java:remove(95)) - 28ccac35-fb4f-4f0a-a99f-78d96ef6e430: remove  FOLLOWER 28ccac35-fb4f-4f0a-a99f-78d96ef6e430@group-246BD682EBCD:t1, leader=e8702f59-809d-4833-a306-9e60cd88362b, voted=28ccac35-fb4f-4f0a-a99f-78d96ef6e430, raftlog=28ccac35-fb4f-4f0a-a99f-78d96ef6e430@group-246BD682EBCD-SegmentedRaftLog:OPENED:c0,f0,i0, conf=0: [e8702f59-809d-4833-a306-9e60cd88362b:192.168.34.35:33634, ce4f5a27-7d6e-4546-9ae5-5afbf9a8c00c:192.168.34.35:44254, 28ccac35-fb4f-4f0a-a99f-78d96ef6e430:192.168.34.35:37581], old=null RUNNING
2019-11-17 11:09:03,574 [grpc-default-executor-7] INFO  impl.RaftServerImpl (RaftServerImpl.java:lambda$shutdown$3(250)) - 28ccac35-fb4f-4f0a-a99f-78d96ef6e430@group-246BD682EBCD: shutdown
2019-11-17 11:09:03,574 [grpc-default-executor-7] INFO  util.JmxRegister (JmxRegister.java:unregister(73)) - Successfully un-registered JMX Bean with object name Ratis:service=RaftServer,group=group-246BD682EBCD,id=28ccac35-fb4f-4f0a-a99f-78d96ef6e430
2019-11-17 11:09:03,574 [grpc-default-executor-7] INFO  impl.RoleInfo (RoleInfo.java:shutdownFollowerState(121)) - 28ccac35-fb4f-4f0a-a99f-78d96ef6e430: shutdown FollowerState
2019-11-17 11:09:03,574 [grpc-default-executor-7] INFO  impl.StateMachineUpdater (StateMachineUpdater.java:stopAndJoin(136)) - 28ccac35-fb4f-4f0a-a99f-78d96ef6e430@group-246BD682EBCD-StateMachineUpdater: set stopIndex = 0
2019-11-17 11:09:03,575 [Thread-1742] INFO  impl.FollowerState (FollowerState.java:run(120)) - 28ccac35-fb4f-4f0a-a99f-78d96ef6e430@group-246BD682EBCD-FollowerState was interrupted: java.lang.InterruptedException: sleep interrupted
2019-11-17 11:09:03,577 [grpc-default-executor-7] INFO  impl.RaftServerImpl (ServerState.java:close(387)) - 28ccac35-fb4f-4f0a-a99f-78d96ef6e430@group-246BD682EBCD: closes. applyIndex: 0
2019-11-17 11:09:03,577 [28ccac35-fb4f-4f0a-a99f-78d96ef6e430@group-246BD682EBCD-SegmentedRaftLogWorker] INFO  segmented.SegmentedRaftLogWorker (SegmentedRaftLogWorker.java:run(316)) - 28ccac35-fb4f-4f0a-a99f-78d96ef6e430@group-246BD682EBCD-SegmentedRaftLogWorker was interrupted, exiting. There are 0 tasks remaining in the queue.
2019-11-17 11:09:03,578 [grpc-default-executor-7] INFO  segmented.SegmentedRaftLogWorker (SegmentedRaftLogWorker.java:close(224)) - 28ccac35-fb4f-4f0a-a99f-78d96ef6e430@group-246BD682EBCD-SegmentedRaftLogWorker close()
2019-11-17 11:09:03,590 [Thread-1686] INFO  pipeline.PipelineStateManager (PipelineStateManager.java:removePipeline(106)) - Pipeline Pipeline[ Id: c7e8b361-2cee-444b-aa69-246bd682ebcd, Nodes: e8702f59-809d-4833-a306-9e60cd88362b{ip: 192.168.34.35, host: pr-hdds-2291-5997d-4279494527, networkLocation: /default-rack, certSerialId: null}ce4f5a27-7d6e-4546-9ae5-5afbf9a8c00c{ip: 192.168.34.35, host: pr-hdds-2291-5997d-4279494527, networkLocation: /default-rack, certSerialId: null}28ccac35-fb4f-4f0a-a99f-78d96ef6e430{ip: 192.168.34.35, host: pr-hdds-2291-5997d-4279494527, networkLocation: /default-rack, certSerialId: null}, Type:RATIS, Factor:THREE, State:CLOSED] removed from db
2019-11-17 11:09:03,591 [Thread-1686] INFO  pipeline.SCMPipelineManager (SCMPipelineManager.java:finalizeAndDestroyPipeline(315)) - destroying pipeline:Pipeline[ Id: 0ad56eab-a5c3-44d9-9986-09ab0b2f25c5, Nodes: fa2fcff1-083d-4cf3-acfd-0486da9214fd{ip: 192.168.34.35, host: pr-hdds-2291-5997d-4279494527, networkLocation: /default-rack, certSerialId: null}, Type:RATIS, Factor:ONE, State:OPEN]
2019-11-17 11:09:03,596 [grpc-default-executor-3] INFO  impl.RaftServerProxy (RaftServerProxy.java:addNew(89)) - e8702f59-809d-4833-a306-9e60cd88362b: addNew group-FB88F8E3ECE4:[e8702f59-809d-4833-a306-9e60cd88362b:192.168.34.35:33634, ce4f5a27-7d6e-4546-9ae5-5afbf9a8c00c:192.168.34.35:44254, 28ccac35-fb4f-4f0a-a99f-78d96ef6e430:192.168.34.35:37581] returns group-FB88F8E3ECE4:java.util.concurrent.CompletableFuture@669f74aa[Not completed]
2019-11-17 11:09:03,596 [grpc-default-executor-2] INFO  impl.RaftServerProxy (RaftServerProxy.java:addNew(89)) - ce4f5a27-7d6e-4546-9ae5-5afbf9a8c00c: addNew group-FB88F8E3ECE4:[e8702f59-809d-4833-a306-9e60cd88362b:192.168.34.35:33634, ce4f5a27-7d6e-4546-9ae5-5afbf9a8c00c:192.168.34.35:44254, 28ccac35-fb4f-4f0a-a99f-78d96ef6e430:192.168.34.35:37581] returns group-FB88F8E3ECE4:java.util.concurrent.CompletableFuture@20696b38[Not completed]
2019-11-17 11:09:03,599 [grpc-default-executor-2] INFO  impl.RaftServerProxy (RaftServerProxy.java:addNew(89)) - 28ccac35-fb4f-4f0a-a99f-78d96ef6e430: addNew group-FB88F8E3ECE4:[e8702f59-809d-4833-a306-9e60cd88362b:192.168.34.35:33634, ce4f5a27-7d6e-4546-9ae5-5afbf9a8c00c:192.168.34.35:44254, 28ccac35-fb4f-4f0a-a99f-78d96ef6e430:192.168.34.35:37581] returns group-FB88F8E3ECE4:java.util.concurrent.CompletableFuture@7aa93c9c[Not completed]
2019-11-17 11:09:03,599 [pool-163-thread-1] INFO  impl.RaftServerImpl (RaftServerImpl.java:<init>(98)) - e8702f59-809d-4833-a306-9e60cd88362b: new RaftServerImpl for group-FB88F8E3ECE4:[e8702f59-809d-4833-a306-9e60cd88362b:192.168.34.35:33634, ce4f5a27-7d6e-4546-9ae5-5afbf9a8c00c:192.168.34.35:44254, 28ccac35-fb4f-4f0a-a99f-78d96ef6e430:192.168.34.35:37581] with ContainerStateMachine:uninitialized
2019-11-17 11:09:03,600 [pool-163-thread-1] INFO  server.RaftServerConfigKeys (ConfUtils.java:logGet(43)) - raft.server.rpc.timeout.min = 1s (custom)
2019-11-17 11:09:03,600 [pool-163-thread-1] INFO  server.RaftServerConfigKeys (ConfUtils.java:logGet(43)) - raft.server.rpc.timeout.max = 1200ms (custom)
2019-11-17 11:09:03,600 [pool-163-thread-1] INFO  server.RaftServerConfigKeys (ConfUtils.java:logGet(43)) - raft.server.rpcslowness.timeout = 120s (custom)
2019-11-17 11:09:03,600 [pool-163-thread-1] INFO  server.RaftServerConfigKeys (ConfUtils.java:logGet(43)) - raft.server.sleep.deviation.threshold = 300 (default)
2019-11-17 11:09:03,600 [pool-163-thread-1] INFO  server.RaftServerConfigKeys (ConfUtils.java:logGet(43)) - raft.server.log.appender.install.snapshot.enabled = false (custom)
2019-11-17 11:09:03,600 [pool-163-thread-1] INFO  impl.RaftServerImpl (ServerState.java:<init>(103)) - e8702f59-809d-4833-a306-9e60cd88362b@group-FB88F8E3ECE4: ConfigurationManager, init=-1: [e8702f59-809d-4833-a306-9e60cd88362b:192.168.34.35:33634, ce4f5a27-7d6e-4546-9ae5-5afbf9a8c00c:192.168.34.35:44254, 28ccac35-fb4f-4f0a-a99f-78d96ef6e430:192.168.34.35:37581], old=null, confs=<EMPTY_MAP>
2019-11-17 11:09:03,600 [pool-173-thread-1] INFO  impl.RaftServerImpl (RaftServerImpl.java:<init>(98)) - 28ccac35-fb4f-4f0a-a99f-78d96ef6e430: new RaftServerImpl for group-FB88F8E3ECE4:[e8702f59-809d-4833-a306-9e60cd88362b:192.168.34.35:33634, ce4f5a27-7d6e-4546-9ae5-5afbf9a8c00c:192.168.34.35:44254, 28ccac35-fb4f-4f0a-a99f-78d96ef6e430:192.168.34.35:37581] with ContainerStateMachine:uninitialized
2019-11-17 11:09:03,600 [pool-173-thread-1] INFO  server.RaftServerConfigKeys (ConfUtils.java:logGet(43)) - raft.server.rpc.timeout.min = 1s (custom)
2019-11-17 11:09:03,600 [pool-163-thread-1] INFO  server.RaftServerConfigKeys (ConfUtils.java:logGet(43)) - raft.server.storage.dir = [/workdir/hadoop-ozone/integration-test/target/test-dir/MiniOzoneClusterImpl-184704d8-2d26-4abc-9155-7ef0d3d35dfc/datanode-1/data/ratis] (custom)
2019-11-17 11:09:03,601 [pool-173-thread-1] INFO  server.RaftServerConfigKeys (ConfUtils.java:logGet(43)) - raft.server.rpc.timeout.max = 1200ms (custom)
2019-11-17 11:09:03,601 [pool-173-thread-1] INFO  server.RaftServerConfigKeys (ConfUtils.java:logGet(43)) - raft.server.rpcslowness.timeout = 120s (custom)
2019-11-17 11:09:03,601 [pool-163-thread-1] INFO  server.RaftServerConfigKeys (ConfUtils.java:logGet(43)) - raft.server.log.corruption.policy = EXCEPTION (default)
2019-11-17 11:09:03,601 [pool-173-thread-1] INFO  server.RaftServerConfigKeys (ConfUtils.java:logGet(43)) - raft.server.sleep.deviation.threshold = 300 (default)
2019-11-17 11:09:03,601 [pool-173-thread-1] INFO  server.RaftServerConfigKeys (ConfUtils.java:logGet(43)) - raft.server.log.appender.install.snapshot.enabled = false (custom)
2019-11-17 11:09:03,601 [pool-163-thread-1] INFO  storage.RaftStorageDirectory (RaftStorageDirectory.java:analyzeStorage(246)) - The storage directory /workdir/hadoop-ozone/integration-test/target/test-dir/MiniOzoneClusterImpl-184704d8-2d26-4abc-9155-7ef0d3d35dfc/datanode-1/data/ratis/5c60bbbe-e6fa-4ad0-90b4-fb88f8e3ece4 does not exist. Creating ...
2019-11-17 11:09:03,601 [pool-173-thread-1] INFO  impl.RaftServerImpl (ServerState.java:<init>(103)) - 28ccac35-fb4f-4f0a-a99f-78d96ef6e430@group-FB88F8E3ECE4: ConfigurationManager, init=-1: [e8702f59-809d-4833-a306-9e60cd88362b:192.168.34.35:33634, ce4f5a27-7d6e-4546-9ae5-5afbf9a8c00c:192.168.34.35:44254, 28ccac35-fb4f-4f0a-a99f-78d96ef6e430:192.168.34.35:37581], old=null, confs=<EMPTY_MAP>
2019-11-17 11:09:03,601 [pool-173-thread-1] INFO  server.RaftServerConfigKeys (ConfUtils.java:logGet(43)) - raft.server.storage.dir = [/workdir/hadoop-ozone/integration-test/target/test-dir/MiniOzoneClusterImpl-184704d8-2d26-4abc-9155-7ef0d3d35dfc/datanode-2/data/ratis] (custom)
2019-11-17 11:09:03,602 [pool-153-thread-1] INFO  impl.RaftServerImpl (RaftServerImpl.java:<init>(98)) - ce4f5a27-7d6e-4546-9ae5-5afbf9a8c00c: new RaftServerImpl for group-FB88F8E3ECE4:[e8702f59-809d-4833-a306-9e60cd88362b:192.168.34.35:33634, ce4f5a27-7d6e-4546-9ae5-5afbf9a8c00c:192.168.34.35:44254, 28ccac35-fb4f-4f0a-a99f-78d96ef6e430:192.168.34.35:37581] with ContainerStateMachine:uninitialized
2019-11-17 11:09:03,602 [pool-173-thread-1] INFO  server.RaftServerConfigKeys (ConfUtils.java:logGet(43)) - raft.server.log.corruption.policy = EXCEPTION (default)
2019-11-17 11:09:03,602 [pool-153-thread-1] INFO  server.RaftServerConfigKeys (ConfUtils.java:logGet(43)) - raft.server.rpc.timeout.min = 1s (custom)
2019-11-17 11:09:03,602 [pool-173-thread-1] INFO  storage.RaftStorageDirectory (RaftStorageDirectory.java:analyzeStorage(246)) - The storage directory /workdir/hadoop-ozone/integration-test/target/test-dir/MiniOzoneClusterImpl-184704d8-2d26-4abc-9155-7ef0d3d35dfc/datanode-2/data/ratis/5c60bbbe-e6fa-4ad0-90b4-fb88f8e3ece4 does not exist. Creating ...
2019-11-17 11:09:03,602 [pool-153-thread-1] INFO  server.RaftServerConfigKeys (ConfUtils.java:logGet(43)) - raft.server.rpc.timeout.max = 1200ms (custom)
2019-11-17 11:09:03,602 [pool-153-thread-1] INFO  server.RaftServerConfigKeys (ConfUtils.java:logGet(43)) - raft.server.rpcslowness.timeout = 120s (custom)
2019-11-17 11:09:03,602 [pool-153-thread-1] INFO  server.RaftServerConfigKeys (ConfUtils.java:logGet(43)) - raft.server.sleep.deviation.threshold = 300 (default)
2019-11-17 11:09:03,603 [pool-153-thread-1] INFO  server.RaftServerConfigKeys (ConfUtils.java:logGet(43)) - raft.server.log.appender.install.snapshot.enabled = false (custom)
2019-11-17 11:09:03,603 [pool-153-thread-1] INFO  impl.RaftServerImpl (ServerState.java:<init>(103)) - ce4f5a27-7d6e-4546-9ae5-5afbf9a8c00c@group-FB88F8E3ECE4: ConfigurationManager, init=-1: [e8702f59-809d-4833-a306-9e60cd88362b:192.168.34.35:33634, ce4f5a27-7d6e-4546-9ae5-5afbf9a8c00c:192.168.34.35:44254, 28ccac35-fb4f-4f0a-a99f-78d96ef6e430:192.168.34.35:37581], old=null, confs=<EMPTY_MAP>
2019-11-17 11:09:03,603 [pool-153-thread-1] INFO  server.RaftServerConfigKeys (ConfUtils.java:logGet(43)) - raft.server.storage.dir = [/workdir/hadoop-ozone/integration-test/target/test-dir/MiniOzoneClusterImpl-184704d8-2d26-4abc-9155-7ef0d3d35dfc/datanode-0/data/ratis] (custom)
2019-11-17 11:09:03,603 [pool-153-thread-1] INFO  server.RaftServerConfigKeys (ConfUtils.java:logGet(43)) - raft.server.log.corruption.policy = EXCEPTION (default)
2019-11-17 11:09:03,603 [pool-153-thread-1] INFO  storage.RaftStorageDirectory (RaftStorageDirectory.java:analyzeStorage(246)) - The storage directory /workdir/hadoop-ozone/integration-test/target/test-dir/MiniOzoneClusterImpl-184704d8-2d26-4abc-9155-7ef0d3d35dfc/datanode-0/data/ratis/5c60bbbe-e6fa-4ad0-90b4-fb88f8e3ece4 does not exist. Creating ...
2019-11-17 11:09:03,615 [pool-173-thread-1] INFO  storage.RaftStorageDirectory (RaftStorageDirectory.java:tryLock(328)) - Lock on /workdir/hadoop-ozone/integration-test/target/test-dir/MiniOzoneClusterImpl-184704d8-2d26-4abc-9155-7ef0d3d35dfc/datanode-2/data/ratis/5c60bbbe-e6fa-4ad0-90b4-fb88f8e3ece4/in_use.lock acquired by nodename 13849@pr-hdds-2291-5997d-4279494527
2019-11-17 11:09:03,615 [pool-153-thread-1] INFO  storage.RaftStorageDirectory (RaftStorageDirectory.java:tryLock(328)) - Lock on /workdir/hadoop-ozone/integration-test/target/test-dir/MiniOzoneClusterImpl-184704d8-2d26-4abc-9155-7ef0d3d35dfc/datanode-0/data/ratis/5c60bbbe-e6fa-4ad0-90b4-fb88f8e3ece4/in_use.lock acquired by nodename 13849@pr-hdds-2291-5997d-4279494527
2019-11-17 11:09:03,615 [pool-163-thread-1] INFO  storage.RaftStorageDirectory (RaftStorageDirectory.java:tryLock(328)) - Lock on /workdir/hadoop-ozone/integration-test/target/test-dir/MiniOzoneClusterImpl-184704d8-2d26-4abc-9155-7ef0d3d35dfc/datanode-1/data/ratis/5c60bbbe-e6fa-4ad0-90b4-fb88f8e3ece4/in_use.lock acquired by nodename 13849@pr-hdds-2291-5997d-4279494527
2019-11-17 11:09:03,633 [pool-173-thread-1] INFO  storage.RaftStorage (RaftStorage.java:format(84)) - Storage directory /workdir/hadoop-ozone/integration-test/target/test-dir/MiniOzoneClusterImpl-184704d8-2d26-4abc-9155-7ef0d3d35dfc/datanode-2/data/ratis/5c60bbbe-e6fa-4ad0-90b4-fb88f8e3ece4 has been successfully formatted.
2019-11-17 11:09:03,633 [pool-153-thread-1] INFO  storage.RaftStorage (RaftStorage.java:format(84)) - Storage directory /workdir/hadoop-ozone/integration-test/target/test-dir/MiniOzoneClusterImpl-184704d8-2d26-4abc-9155-7ef0d3d35dfc/datanode-0/data/ratis/5c60bbbe-e6fa-4ad0-90b4-fb88f8e3ece4 has been successfully formatted.
2019-11-17 11:09:03,633 [pool-163-thread-1] INFO  storage.RaftStorage (RaftStorage.java:format(84)) - Storage directory /workdir/hadoop-ozone/integration-test/target/test-dir/MiniOzoneClusterImpl-184704d8-2d26-4abc-9155-7ef0d3d35dfc/datanode-1/data/ratis/5c60bbbe-e6fa-4ad0-90b4-fb88f8e3ece4 has been successfully formatted.
2019-11-17 11:09:03,633 [pool-153-thread-1] INFO  ratis.ContainerStateMachine (ContainerStateMachine.java:loadSnapshot(223)) - group-FB88F8E3ECE4: The snapshot info is null. Setting the last applied indexto:(t:0, i:~)
2019-11-17 11:09:03,633 [pool-173-thread-1] INFO  ratis.ContainerStateMachine (ContainerStateMachine.java:loadSnapshot(223)) - group-FB88F8E3ECE4: The snapshot info is null. Setting the last applied indexto:(t:0, i:~)
2019-11-17 11:09:03,633 [pool-153-thread-1] INFO  server.RaftServerConfigKeys (ConfUtils.java:logGet(43)) - raft.server.notification.no-leader.timeout = 120s (custom)
2019-11-17 11:09:03,633 [pool-163-thread-1] INFO  ratis.ContainerStateMachine (ContainerStateMachine.java:loadSnapshot(223)) - group-FB88F8E3ECE4: The snapshot info is null. Setting the last applied indexto:(t:0, i:~)
2019-11-17 11:09:03,634 [pool-153-thread-1] INFO  server.RaftServerConfigKeys (ConfUtils.java:logGet(43)) - raft.server.log.use.memory = false (default)
2019-11-17 11:09:03,634 [pool-173-thread-1] INFO  server.RaftServerConfigKeys (ConfUtils.java:logGet(43)) - raft.server.notification.no-leader.timeout = 120s (custom)
2019-11-17 11:09:03,634 [pool-153-thread-1] INFO  server.RaftServerConfigKeys (ConfUtils.java:logGet(43)) - raft.server.log.purge.gap = 1000000 (custom)
2019-11-17 11:09:03,634 [pool-163-thread-1] INFO  server.RaftServerConfigKeys (ConfUtils.java:logGet(43)) - raft.server.notification.no-leader.timeout = 120s (custom)
2019-11-17 11:09:03,634 [pool-153-thread-1] INFO  server.RaftServerConfigKeys (ConfUtils.java:logGet(43)) - raft.server.log.appender.buffer.byte-limit = 33554432 (custom)
2019-11-17 11:09:03,634 [pool-173-thread-1] INFO  server.RaftServerConfigKeys (ConfUtils.java:logGet(43)) - raft.server.log.use.memory = false (default)
2019-11-17 11:09:03,634 [pool-153-thread-1] INFO  server.RaftServerConfigKeys (ConfUtils.java:logGet(43)) - raft.server.log.segment.size.max = 1048576 (custom)
2019-11-17 11:09:03,634 [pool-163-thread-1] INFO  server.RaftServerConfigKeys (ConfUtils.java:logGet(43)) - raft.server.log.use.memory = false (default)
2019-11-17 11:09:03,635 [pool-153-thread-1] INFO  server.RaftServerConfigKeys (ConfUtils.java:logGet(43)) - raft.server.log.segment.cache.num.max = 2 (custom)
2019-11-17 11:09:03,634 [pool-173-thread-1] INFO  server.RaftServerConfigKeys (ConfUtils.java:logGet(43)) - raft.server.log.purge.gap = 1000000 (custom)
2019-11-17 11:09:03,635 [pool-153-thread-1] INFO  segmented.SegmentedRaftLogWorker (SegmentedRaftLogWorker.java:<init>(173)) - new ce4f5a27-7d6e-4546-9ae5-5afbf9a8c00c@group-FB88F8E3ECE4-SegmentedRaftLogWorker for RaftStorage:Storage Directory /workdir/hadoop-ozone/integration-test/target/test-dir/MiniOzoneClusterImpl-184704d8-2d26-4abc-9155-7ef0d3d35dfc/datanode-0/data/ratis/5c60bbbe-e6fa-4ad0-90b4-fb88f8e3ece4
2019-11-17 11:09:03,635 [pool-163-thread-1] INFO  server.RaftServerConfigKeys (ConfUtils.java:logGet(43)) - raft.server.log.purge.gap = 1000000 (custom)
2019-11-17 11:09:03,635 [pool-153-thread-1] INFO  server.RaftServerConfigKeys (ConfUtils.java:logGet(43)) - raft.server.log.queue.byte-limit = 2147483647 (custom)
2019-11-17 11:09:03,635 [pool-153-thread-1] INFO  server.RaftServerConfigKeys (ConfUtils.java:logGet(43)) - raft.server.log.queue.element-limit = 1024 (custom)
2019-11-17 11:09:03,635 [pool-153-thread-1] INFO  server.RaftServerConfigKeys (ConfUtils.java:logGet(43)) - raft.server.log.segment.size.max = 1048576 (custom)
2019-11-17 11:09:03,635 [pool-153-thread-1] INFO  server.RaftServerConfigKeys (ConfUtils.java:logGet(43)) - raft.server.log.preallocated.size = 16384 (custom)
2019-11-17 11:09:03,635 [pool-173-thread-1] INFO  server.RaftServerConfigKeys (ConfUtils.java:logGet(43)) - raft.server.log.appender.buffer.byte-limit = 33554432 (custom)
2019-11-17 11:09:03,635 [pool-153-thread-1] INFO  server.RaftServerConfigKeys (ConfUtils.java:logGet(43)) - raft.server.log.write.buffer.size = 33554432 (custom)
2019-11-17 11:09:03,636 [pool-153-thread-1] INFO  server.RaftServerConfigKeys (ConfUtils.java:logGet(43)) - raft.server.log.force.sync.num = 128 (default)
2019-11-17 11:09:03,635 [pool-163-thread-1] INFO  server.RaftServerConfigKeys (ConfUtils.java:logGet(43)) - raft.server.log.appender.buffer.byte-limit = 33554432 (custom)
2019-11-17 11:09:03,636 [pool-153-thread-1] INFO  server.RaftServerConfigKeys (ConfUtils.java:logGet(43)) - raft.server.log.statemachine.data.sync = true (default)
2019-11-17 11:09:03,636 [pool-173-thread-1] INFO  server.RaftServerConfigKeys (ConfUtils.java:logGet(43)) - raft.server.log.segment.size.max = 1048576 (custom)
2019-11-17 11:09:03,636 [pool-153-thread-1] INFO  server.RaftServerConfigKeys (ConfUtils.java:logGet(43)) - raft.server.log.statemachine.data.sync.timeout = 10s (default)
2019-11-17 11:09:03,636 [pool-163-thread-1] INFO  server.RaftServerConfigKeys (ConfUtils.java:logGet(43)) - raft.server.log.segment.size.max = 1048576 (custom)
2019-11-17 11:09:03,636 [pool-153-thread-1] INFO  server.RaftServerConfigKeys (ConfUtils.java:logGet(43)) - raft.server.log.statemachine.data.sync.timeout.retry = -1 (default)
2019-11-17 11:09:03,636 [pool-173-thread-1] INFO  server.RaftServerConfigKeys (ConfUtils.java:logGet(43)) - raft.server.log.segment.cache.num.max = 2 (custom)
2019-11-17 11:09:03,636 [pool-153-thread-1] INFO  server.RaftServerConfigKeys (ConfUtils.java:logGet(43)) - raft.server.log.statemachine.data.caching.enabled = true (custom)
2019-11-17 11:09:03,636 [pool-163-thread-1] INFO  server.RaftServerConfigKeys (ConfUtils.java:logGet(43)) - raft.server.log.segment.cache.num.max = 2 (custom)
2019-11-17 11:09:03,637 [pool-153-thread-1] INFO  segmented.SegmentedRaftLogWorker (SegmentedRaftLogWorker.java:lambda$new$0(128)) - ce4f5a27-7d6e-4546-9ae5-5afbf9a8c00c@group-FB88F8E3ECE4-SegmentedRaftLogWorker: flushIndex: setUnconditionally 0 -> -1
2019-11-17 11:09:03,637 [pool-173-thread-1] INFO  segmented.SegmentedRaftLogWorker (SegmentedRaftLogWorker.java:<init>(173)) - new 28ccac35-fb4f-4f0a-a99f-78d96ef6e430@group-FB88F8E3ECE4-SegmentedRaftLogWorker for RaftStorage:Storage Directory /workdir/hadoop-ozone/integration-test/target/test-dir/MiniOzoneClusterImpl-184704d8-2d26-4abc-9155-7ef0d3d35dfc/datanode-2/data/ratis/5c60bbbe-e6fa-4ad0-90b4-fb88f8e3ece4
2019-11-17 11:09:03,637 [pool-163-thread-1] INFO  segmented.SegmentedRaftLogWorker (SegmentedRaftLogWorker.java:<init>(173)) - new e8702f59-809d-4833-a306-9e60cd88362b@group-FB88F8E3ECE4-SegmentedRaftLogWorker for RaftStorage:Storage Directory /workdir/hadoop-ozone/integration-test/target/test-dir/MiniOzoneClusterImpl-184704d8-2d26-4abc-9155-7ef0d3d35dfc/datanode-1/data/ratis/5c60bbbe-e6fa-4ad0-90b4-fb88f8e3ece4
2019-11-17 11:09:03,637 [pool-153-thread-1] INFO  server.RaftServerConfigKeys (ConfUtils.java:logGet(43)) - raft.server.snapshot.auto.trigger.enabled = true (custom)
2019-11-17 11:09:03,637 [pool-173-thread-1] INFO  server.RaftServerConfigKeys (ConfUtils.java:logGet(43)) - raft.server.log.queue.byte-limit = 2147483647 (custom)
2019-11-17 11:09:03,637 [pool-153-thread-1] INFO  server.RaftServerConfigKeys (ConfUtils.java:logGet(43)) - raft.server.snapshot.auto.trigger.threshold = 10000 (custom)
2019-11-17 11:09:03,637 [pool-163-thread-1] INFO  server.RaftServerConfigKeys (ConfUtils.java:logGet(43)) - raft.server.log.queue.byte-limit = 2147483647 (custom)
2019-11-17 11:09:03,637 [pool-153-thread-1] INFO  server.RaftServerConfigKeys (ConfUtils.java:logGet(43)) - raft.server.snapshot.retention.file.num = 5 (custom)
2019-11-17 11:09:03,637 [pool-173-thread-1] INFO  server.RaftServerConfigKeys (ConfUtils.java:logGet(43)) - raft.server.log.queue.element-limit = 1024 (custom)
2019-11-17 11:09:03,638 [pool-153-thread-1] INFO  server.RaftServerConfigKeys (ConfUtils.java:logGet(43)) - raft.server.retrycache.expirytime = 600000ms (custom)
2019-11-17 11:09:03,638 [pool-163-thread-1] INFO  server.RaftServerConfigKeys (ConfUtils.java:logGet(43)) - raft.server.log.queue.element-limit = 1024 (custom)
2019-11-17 11:09:03,638 [pool-153-thread-1] WARN  impl.MetricRegistriesImpl (MetricRegistriesImpl.java:lambda$create$1(61)) - First MetricRegistry has been created without registering reporters. You may need to call MetricRegistries.global().addReportRegistration(...) before.
2019-11-17 11:09:03,638 [pool-173-thread-1] INFO  server.RaftServerConfigKeys (ConfUtils.java:logGet(43)) - raft.server.log.segment.size.max = 1048576 (custom)
2019-11-17 11:09:03,638 [pool-153-thread-1] WARN  impl.MetricRegistriesImpl (MetricRegistriesImpl.java:lambda$create$1(61)) - First MetricRegistry has been created without registering reporters. You may need to call MetricRegistries.global().addReportRegistration(...) before.
2019-11-17 11:09:03,638 [pool-163-thread-1] INFO  server.RaftServerConfigKeys (ConfUtils.java:logGet(43)) - raft.server.log.segment.size.max = 1048576 (custom)
2019-11-17 11:09:03,639 [pool-153-thread-1] INFO  impl.RaftServerImpl (RaftServerImpl.java:start(184)) - ce4f5a27-7d6e-4546-9ae5-5afbf9a8c00c@group-FB88F8E3ECE4: start as a follower, conf=-1: [e8702f59-809d-4833-a306-9e60cd88362b:192.168.34.35:33634, ce4f5a27-7d6e-4546-9ae5-5afbf9a8c00c:192.168.34.35:44254, 28ccac35-fb4f-4f0a-a99f-78d96ef6e430:192.168.34.35:37581], old=null
2019-11-17 11:09:03,638 [pool-173-thread-1] INFO  server.RaftServerConfigKeys (ConfUtils.java:logGet(43)) - raft.server.log.preallocated.size = 16384 (custom)
2019-11-17 11:09:03,639 [pool-153-thread-1] INFO  impl.RaftServerImpl (RaftServerImpl.java:setRole(173)) - ce4f5a27-7d6e-4546-9ae5-5afbf9a8c00c@group-FB88F8E3ECE4: changes role from      null to FOLLOWER at term 0 for startAsFollower
2019-11-17 11:09:03,639 [pool-163-thread-1] INFO  server.RaftServerConfigKeys (ConfUtils.java:logGet(43)) - raft.server.log.preallocated.size = 16384 (custom)
2019-11-17 11:09:03,639 [pool-153-thread-1] INFO  impl.RoleInfo (RoleInfo.java:updateAndGet(143)) - ce4f5a27-7d6e-4546-9ae5-5afbf9a8c00c: start FollowerState
2019-11-17 11:09:03,639 [pool-173-thread-1] INFO  server.RaftServerConfigKeys (ConfUtils.java:logGet(43)) - raft.server.log.write.buffer.size = 33554432 (custom)
2019-11-17 11:09:03,639 [pool-163-thread-1] INFO  server.RaftServerConfigKeys (ConfUtils.java:logGet(43)) - raft.server.log.write.buffer.size = 33554432 (custom)
2019-11-17 11:09:03,639 [pool-173-thread-1] INFO  server.RaftServerConfigKeys (ConfUtils.java:logGet(43)) - raft.server.log.force.sync.num = 128 (default)
2019-11-17 11:09:03,639 [pool-163-thread-1] INFO  server.RaftServerConfigKeys (ConfUtils.java:logGet(43)) - raft.server.log.force.sync.num = 128 (default)
2019-11-17 11:09:03,639 [pool-153-thread-1] INFO  util.JmxRegister (JmxRegister.java:tryRegister(44)) - Successfully registered JMX Bean with object name Ratis:service=RaftServer,group=group-FB88F8E3ECE4,id=ce4f5a27-7d6e-4546-9ae5-5afbf9a8c00c
2019-11-17 11:09:03,640 [pool-163-thread-1] INFO  server.RaftServerConfigKeys (ConfUtils.java:logGet(43)) - raft.server.log.statemachine.data.sync = true (default)
2019-11-17 11:09:03,639 [pool-173-thread-1] INFO  server.RaftServerConfigKeys (ConfUtils.java:logGet(43)) - raft.server.log.statemachine.data.sync = true (default)
2019-11-17 11:09:03,640 [pool-163-thread-1] INFO  server.RaftServerConfigKeys (ConfUtils.java:logGet(43)) - raft.server.log.statemachine.data.sync.timeout = 10s (default)
2019-11-17 11:09:03,640 [pool-153-thread-1] WARN  impl.MetricRegistriesImpl (MetricRegistriesImpl.java:lambda$create$1(61)) - First MetricRegistry has been created without registering reporters. You may need to call MetricRegistries.global().addReportRegistration(...) before.
2019-11-17 11:09:03,640 [pool-163-thread-1] INFO  server.RaftServerConfigKeys (ConfUtils.java:logGet(43)) - raft.server.log.statemachine.data.sync.timeout.retry = -1 (default)
2019-11-17 11:09:03,640 [pool-173-thread-1] INFO  server.RaftServerConfigKeys (ConfUtils.java:logGet(43)) - raft.server.log.statemachine.data.sync.timeout = 10s (default)
2019-11-17 11:09:03,640 [pool-163-thread-1] INFO  server.RaftServerConfigKeys (ConfUtils.java:logGet(43)) - raft.server.log.statemachine.data.caching.enabled = true (custom)
2019-11-17 11:09:03,641 [pool-173-thread-1] INFO  server.RaftServerConfigKeys (ConfUtils.java:logGet(43)) - raft.server.log.statemachine.data.sync.timeout.retry = -1 (default)
2019-11-17 11:09:03,641 [pool-163-thread-1] INFO  segmented.SegmentedRaftLogWorker (SegmentedRaftLogWorker.java:lambda$new$0(128)) - e8702f59-809d-4833-a306-9e60cd88362b@group-FB88F8E3ECE4-SegmentedRaftLogWorker: flushIndex: setUnconditionally 0 -> -1
2019-11-17 11:09:03,641 [pool-173-thread-1] INFO  server.RaftServerConfigKeys (ConfUtils.java:logGet(43)) - raft.server.log.statemachine.data.caching.enabled = true (custom)
2019-11-17 11:09:03,641 [pool-163-thread-1] INFO  server.RaftServerConfigKeys (ConfUtils.java:logGet(43)) - raft.server.snapshot.auto.trigger.enabled = true (custom)
2019-11-17 11:09:03,641 [pool-163-thread-1] INFO  server.RaftServerConfigKeys (ConfUtils.java:logGet(43)) - raft.server.snapshot.auto.trigger.threshold = 10000 (custom)
2019-11-17 11:09:03,641 [pool-173-thread-1] INFO  segmented.SegmentedRaftLogWorker (SegmentedRaftLogWorker.java:lambda$new$0(128)) - 28ccac35-fb4f-4f0a-a99f-78d96ef6e430@group-FB88F8E3ECE4-SegmentedRaftLogWorker: flushIndex: setUnconditionally 0 -> -1
2019-11-17 11:09:03,641 [pool-163-thread-1] INFO  server.RaftServerConfigKeys (ConfUtils.java:logGet(43)) - raft.server.snapshot.retention.file.num = 5 (custom)
2019-11-17 11:09:03,642 [pool-173-thread-1] INFO  server.RaftServerConfigKeys (ConfUtils.java:logGet(43)) - raft.server.snapshot.auto.trigger.enabled = true (custom)
2019-11-17 11:09:03,642 [pool-163-thread-1] INFO  server.RaftServerConfigKeys (ConfUtils.java:logGet(43)) - raft.server.retrycache.expirytime = 600000ms (custom)
2019-11-17 11:09:03,642 [pool-173-thread-1] INFO  server.RaftServerConfigKeys (ConfUtils.java:logGet(43)) - raft.server.snapshot.auto.trigger.threshold = 10000 (custom)
2019-11-17 11:09:03,642 [pool-163-thread-1] WARN  impl.MetricRegistriesImpl (MetricRegistriesImpl.java:lambda$create$1(61)) - First MetricRegistry has been created without registering reporters. You may need to call MetricRegistries.global().addReportRegistration(...) before.
2019-11-17 11:09:03,642 [pool-173-thread-1] INFO  server.RaftServerConfigKeys (ConfUtils.java:logGet(43)) - raft.server.snapshot.retention.file.num = 5 (custom)
2019-11-17 11:09:03,642 [pool-163-thread-1] WARN  impl.MetricRegistriesImpl (MetricRegistriesImpl.java:lambda$create$1(61)) - First MetricRegistry has been created without registering reporters. You may need to call MetricRegistries.global().addReportRegistration(...) before.
2019-11-17 11:09:03,642 [pool-173-thread-1] INFO  server.RaftServerConfigKeys (ConfUtils.java:logGet(43)) - raft.server.retrycache.expirytime = 600000ms (custom)
2019-11-17 11:09:03,643 [pool-163-thread-1] INFO  impl.RaftServerImpl (RaftServerImpl.java:start(184)) - e8702f59-809d-4833-a306-9e60cd88362b@group-FB88F8E3ECE4: start as a follower, conf=-1: [e8702f59-809d-4833-a306-9e60cd88362b:192.168.34.35:33634, ce4f5a27-7d6e-4546-9ae5-5afbf9a8c00c:192.168.34.35:44254, 28ccac35-fb4f-4f0a-a99f-78d96ef6e430:192.168.34.35:37581], old=null
2019-11-17 11:09:03,643 [pool-173-thread-1] WARN  impl.MetricRegistriesImpl (MetricRegistriesImpl.java:lambda$create$1(61)) - First MetricRegistry has been created without registering reporters. You may need to call MetricRegistries.global().addReportRegistration(...) before.
2019-11-17 11:09:03,643 [pool-163-thread-1] INFO  impl.RaftServerImpl (RaftServerImpl.java:setRole(173)) - e8702f59-809d-4833-a306-9e60cd88362b@group-FB88F8E3ECE4: changes role from      null to FOLLOWER at term 0 for startAsFollower
2019-11-17 11:09:03,643 [pool-173-thread-1] WARN  impl.MetricRegistriesImpl (MetricRegistriesImpl.java:lambda$create$1(61)) - First MetricRegistry has been created without registering reporters. You may need to call MetricRegistries.global().addReportRegistration(...) before.
2019-11-17 11:09:03,643 [pool-163-thread-1] INFO  impl.RoleInfo (RoleInfo.java:updateAndGet(143)) - e8702f59-809d-4833-a306-9e60cd88362b: start FollowerState
2019-11-17 11:09:03,643 [pool-173-thread-1] INFO  impl.RaftServerImpl (RaftServerImpl.java:start(184)) - 28ccac35-fb4f-4f0a-a99f-78d96ef6e430@group-FB88F8E3ECE4: start as a follower, conf=-1: [e8702f59-809d-4833-a306-9e60cd88362b:192.168.34.35:33634, ce4f5a27-7d6e-4546-9ae5-5afbf9a8c00c:192.168.34.35:44254, 28ccac35-fb4f-4f0a-a99f-78d96ef6e430:192.168.34.35:37581], old=null
2019-11-17 11:09:03,643 [pool-173-thread-1] INFO  impl.RaftServerImpl (RaftServerImpl.java:setRole(173)) - 28ccac35-fb4f-4f0a-a99f-78d96ef6e430@group-FB88F8E3ECE4: changes role from      null to FOLLOWER at term 0 for startAsFollower
2019-11-17 11:09:03,644 [pool-173-thread-1] INFO  impl.RoleInfo (RoleInfo.java:updateAndGet(143)) - 28ccac35-fb4f-4f0a-a99f-78d96ef6e430: start FollowerState
2019-11-17 11:09:03,644 [pool-163-thread-1] INFO  util.JmxRegister (JmxRegister.java:tryRegister(44)) - Successfully registered JMX Bean with object name Ratis:service=RaftServer,group=group-FB88F8E3ECE4,id=e8702f59-809d-4833-a306-9e60cd88362b
2019-11-17 11:09:03,644 [pool-163-thread-1] WARN  impl.MetricRegistriesImpl (MetricRegistriesImpl.java:lambda$create$1(61)) - First MetricRegistry has been created without registering reporters. You may need to call MetricRegistries.global().addReportRegistration(...) before.
2019-11-17 11:09:03,644 [pool-173-thread-1] INFO  util.JmxRegister (JmxRegister.java:tryRegister(44)) - Successfully registered JMX Bean with object name Ratis:service=RaftServer,group=group-FB88F8E3ECE4,id=28ccac35-fb4f-4f0a-a99f-78d96ef6e430
2019-11-17 11:09:03,644 [pool-173-thread-1] WARN  impl.MetricRegistriesImpl (MetricRegistriesImpl.java:lambda$create$1(61)) - First MetricRegistry has been created without registering reporters. You may need to call MetricRegistries.global().addReportRegistration(...) before.
2019-11-17 11:09:03,647 [RatisPipelineUtilsThread] INFO  pipeline.PipelineStateManager (PipelineStateManager.java:addPipeline(55)) - Created pipeline Pipeline[ Id: 5c60bbbe-e6fa-4ad0-90b4-fb88f8e3ece4, Nodes: e8702f59-809d-4833-a306-9e60cd88362b{ip: 192.168.34.35, host: pr-hdds-2291-5997d-4279494527, networkLocation: /default-rack, certSerialId: null}ce4f5a27-7d6e-4546-9ae5-5afbf9a8c00c{ip: 192.168.34.35, host: pr-hdds-2291-5997d-4279494527, networkLocation: /default-rack, certSerialId: null}28ccac35-fb4f-4f0a-a99f-78d96ef6e430{ip: 192.168.34.35, host: pr-hdds-2291-5997d-4279494527, networkLocation: /default-rack, certSerialId: null}, Type:RATIS, Factor:THREE, State:ALLOCATED]
2019-11-17 11:09:03,648 [Thread-1686] INFO  pipeline.PipelineStateManager (PipelineStateManager.java:finalizePipeline(121)) - Pipeline Pipeline[ Id: 0ad56eab-a5c3-44d9-9986-09ab0b2f25c5, Nodes: fa2fcff1-083d-4cf3-acfd-0486da9214fd{ip: 192.168.34.35, host: pr-hdds-2291-5997d-4279494527, networkLocation: /default-rack, certSerialId: null}, Type:RATIS, Factor:ONE, State:CLOSED] moved to CLOSED state
2019-11-17 11:09:03,652 [grpc-default-executor-2] INFO  impl.RaftServerProxy (RaftServerProxy.java:remove(95)) - fa2fcff1-083d-4cf3-acfd-0486da9214fd: remove    LEADER fa2fcff1-083d-4cf3-acfd-0486da9214fd@group-09AB0B2F25C5:t1, leader=fa2fcff1-083d-4cf3-acfd-0486da9214fd, voted=fa2fcff1-083d-4cf3-acfd-0486da9214fd, raftlog=fa2fcff1-083d-4cf3-acfd-0486da9214fd@group-09AB0B2F25C5-SegmentedRaftLog:OPENED:c0,f0,i0, conf=0: [fa2fcff1-083d-4cf3-acfd-0486da9214fd:192.168.34.35:34313], old=null RUNNING
2019-11-17 11:09:03,654 [grpc-default-executor-2] INFO  impl.RaftServerImpl (RaftServerImpl.java:lambda$shutdown$3(250)) - fa2fcff1-083d-4cf3-acfd-0486da9214fd@group-09AB0B2F25C5: shutdown
2019-11-17 11:09:03,654 [grpc-default-executor-2] INFO  util.JmxRegister (JmxRegister.java:unregister(73)) - Successfully un-registered JMX Bean with object name Ratis:service=RaftServer,group=group-09AB0B2F25C5,id=fa2fcff1-083d-4cf3-acfd-0486da9214fd
2019-11-17 11:09:03,655 [grpc-default-executor-2] INFO  impl.RoleInfo (RoleInfo.java:shutdownLeaderState(104)) - fa2fcff1-083d-4cf3-acfd-0486da9214fd: shutdown LeaderState
2019-11-17 11:09:03,655 [grpc-default-executor-2] INFO  impl.PendingRequests (PendingRequests.java:sendNotLeaderResponses(206)) - fa2fcff1-083d-4cf3-acfd-0486da9214fd@group-09AB0B2F25C5-PendingRequests: sendNotLeaderResponses
2019-11-17 11:09:03,655 [grpc-default-executor-2] INFO  impl.StateMachineUpdater (StateMachineUpdater.java:stopAndJoin(136)) - fa2fcff1-083d-4cf3-acfd-0486da9214fd@group-09AB0B2F25C5-StateMachineUpdater: set stopIndex = 0
2019-11-17 11:09:03,655 [grpc-default-executor-2] INFO  impl.RaftServerImpl (ServerState.java:close(387)) - fa2fcff1-083d-4cf3-acfd-0486da9214fd@group-09AB0B2F25C5: closes. applyIndex: 0
2019-11-17 11:09:03,656 [fa2fcff1-083d-4cf3-acfd-0486da9214fd@group-09AB0B2F25C5-SegmentedRaftLogWorker] INFO  segmented.SegmentedRaftLogWorker (SegmentedRaftLogWorker.java:run(316)) - fa2fcff1-083d-4cf3-acfd-0486da9214fd@group-09AB0B2F25C5-SegmentedRaftLogWorker was interrupted, exiting. There are 0 tasks remaining in the queue.
2019-11-17 11:09:03,656 [grpc-default-executor-2] INFO  segmented.SegmentedRaftLogWorker (SegmentedRaftLogWorker.java:close(224)) - fa2fcff1-083d-4cf3-acfd-0486da9214fd@group-09AB0B2F25C5-SegmentedRaftLogWorker close()
2019-11-17 11:09:03,659 [Thread-1686] INFO  pipeline.PipelineStateManager (PipelineStateManager.java:removePipeline(106)) - Pipeline Pipeline[ Id: 0ad56eab-a5c3-44d9-9986-09ab0b2f25c5, Nodes: fa2fcff1-083d-4cf3-acfd-0486da9214fd{ip: 192.168.34.35, host: pr-hdds-2291-5997d-4279494527, networkLocation: /default-rack, certSerialId: null}, Type:RATIS, Factor:ONE, State:CLOSED] removed from db
2019-11-17 11:09:03,660 [Thread-1686] INFO  pipeline.SCMPipelineManager (SCMPipelineManager.java:finalizeAndDestroyPipeline(315)) - destroying pipeline:Pipeline[ Id: f9dd73f1-82ac-4919-880a-f854efa2bccd, Nodes: fa2fcff1-083d-4cf3-acfd-0486da9214fd{ip: 192.168.34.35, host: pr-hdds-2291-5997d-4279494527, networkLocation: /default-rack, certSerialId: null}4c1e8795-b3d4-460e-8f85-df43444e9ba0{ip: 192.168.34.35, host: pr-hdds-2291-5997d-4279494527, networkLocation: /default-rack, certSerialId: null}e3fe17d3-3943-4d4c-b88c-d5052243b886{ip: 192.168.34.35, host: pr-hdds-2291-5997d-4279494527, networkLocation: /default-rack, certSerialId: null}, Type:RATIS, Factor:THREE, State:OPEN]
2019-11-17 11:09:03,663 [grpc-default-executor-2] INFO  impl.RaftServerProxy (RaftServerProxy.java:addNew(89)) - fa2fcff1-083d-4cf3-acfd-0486da9214fd: addNew group-40498E179849:[fa2fcff1-083d-4cf3-acfd-0486da9214fd:192.168.34.35:34313] returns group-40498E179849:java.util.concurrent.CompletableFuture@4939675d[Not completed]
2019-11-17 11:09:03,664 [pool-183-thread-1] INFO  impl.RaftServerImpl (RaftServerImpl.java:<init>(98)) - fa2fcff1-083d-4cf3-acfd-0486da9214fd: new RaftServerImpl for group-40498E179849:[fa2fcff1-083d-4cf3-acfd-0486da9214fd:192.168.34.35:34313] with ContainerStateMachine:uninitialized
2019-11-17 11:09:03,665 [pool-183-thread-1] INFO  server.RaftServerConfigKeys (ConfUtils.java:logGet(43)) - raft.server.rpc.timeout.min = 1s (custom)
2019-11-17 11:09:03,666 [pool-183-thread-1] INFO  server.RaftServerConfigKeys (ConfUtils.java:logGet(43)) - raft.server.rpc.timeout.max = 1200ms (custom)
2019-11-17 11:09:03,666 [pool-183-thread-1] INFO  server.RaftServerConfigKeys (ConfUtils.java:logGet(43)) - raft.server.rpcslowness.timeout = 120s (custom)
2019-11-17 11:09:03,666 [pool-183-thread-1] INFO  server.RaftServerConfigKeys (ConfUtils.java:logGet(43)) - raft.server.sleep.deviation.threshold = 300 (default)
2019-11-17 11:09:03,666 [pool-183-thread-1] INFO  server.RaftServerConfigKeys (ConfUtils.java:logGet(43)) - raft.server.log.appender.install.snapshot.enabled = false (custom)
2019-11-17 11:09:03,666 [pool-183-thread-1] INFO  impl.RaftServerImpl (ServerState.java:<init>(103)) - fa2fcff1-083d-4cf3-acfd-0486da9214fd@group-40498E179849: ConfigurationManager, init=-1: [fa2fcff1-083d-4cf3-acfd-0486da9214fd:192.168.34.35:34313], old=null, confs=<EMPTY_MAP>
2019-11-17 11:09:03,666 [pool-183-thread-1] INFO  server.RaftServerConfigKeys (ConfUtils.java:logGet(43)) - raft.server.storage.dir = [/workdir/hadoop-ozone/integration-test/target/test-dir/MiniOzoneClusterImpl-184704d8-2d26-4abc-9155-7ef0d3d35dfc/datanode-3/data/ratis] (custom)
2019-11-17 11:09:03,666 [pool-183-thread-1] INFO  server.RaftServerConfigKeys (ConfUtils.java:logGet(43)) - raft.server.log.corruption.policy = EXCEPTION (default)
2019-11-17 11:09:03,666 [pool-183-thread-1] INFO  storage.RaftStorageDirectory (RaftStorageDirectory.java:analyzeStorage(246)) - The storage directory /workdir/hadoop-ozone/integration-test/target/test-dir/MiniOzoneClusterImpl-184704d8-2d26-4abc-9155-7ef0d3d35dfc/datanode-3/data/ratis/21885a5f-9af2-4f59-b754-40498e179849 does not exist. Creating ...
2019-11-17 11:09:03,691 [pool-183-thread-1] INFO  storage.RaftStorageDirectory (RaftStorageDirectory.java:tryLock(328)) - Lock on /workdir/hadoop-ozone/integration-test/target/test-dir/MiniOzoneClusterImpl-184704d8-2d26-4abc-9155-7ef0d3d35dfc/datanode-3/data/ratis/21885a5f-9af2-4f59-b754-40498e179849/in_use.lock acquired by nodename 13849@pr-hdds-2291-5997d-4279494527
2019-11-17 11:09:03,704 [pool-183-thread-1] INFO  storage.RaftStorage (RaftStorage.java:format(84)) - Storage directory /workdir/hadoop-ozone/integration-test/target/test-dir/MiniOzoneClusterImpl-184704d8-2d26-4abc-9155-7ef0d3d35dfc/datanode-3/data/ratis/21885a5f-9af2-4f59-b754-40498e179849 has been successfully formatted.
2019-11-17 11:09:03,704 [pool-183-thread-1] INFO  ratis.ContainerStateMachine (ContainerStateMachine.java:loadSnapshot(223)) - group-40498E179849: The snapshot info is null. Setting the last applied indexto:(t:0, i:~)
2019-11-17 11:09:03,704 [pool-183-thread-1] INFO  server.RaftServerConfigKeys (ConfUtils.java:logGet(43)) - raft.server.notification.no-leader.timeout = 120s (custom)
2019-11-17 11:09:03,704 [pool-183-thread-1] INFO  server.RaftServerConfigKeys (ConfUtils.java:logGet(43)) - raft.server.log.use.memory = false (default)
2019-11-17 11:09:03,704 [pool-183-thread-1] INFO  server.RaftServerConfigKeys (ConfUtils.java:logGet(43)) - raft.server.log.purge.gap = 1000000 (custom)
2019-11-17 11:09:03,705 [pool-183-thread-1] INFO  server.RaftServerConfigKeys (ConfUtils.java:logGet(43)) - raft.server.log.appender.buffer.byte-limit = 33554432 (custom)
2019-11-17 11:09:03,705 [pool-183-thread-1] INFO  server.RaftServerConfigKeys (ConfUtils.java:logGet(43)) - raft.server.log.segment.size.max = 1048576 (custom)
2019-11-17 11:09:03,705 [pool-183-thread-1] INFO  server.RaftServerConfigKeys (ConfUtils.java:logGet(43)) - raft.server.log.segment.cache.num.max = 2 (custom)
2019-11-17 11:09:03,705 [pool-183-thread-1] INFO  segmented.SegmentedRaftLogWorker (SegmentedRaftLogWorker.java:<init>(173)) - new fa2fcff1-083d-4cf3-acfd-0486da9214fd@group-40498E179849-SegmentedRaftLogWorker for RaftStorage:Storage Directory /workdir/hadoop-ozone/integration-test/target/test-dir/MiniOzoneClusterImpl-184704d8-2d26-4abc-9155-7ef0d3d35dfc/datanode-3/data/ratis/21885a5f-9af2-4f59-b754-40498e179849
2019-11-17 11:09:03,705 [pool-183-thread-1] INFO  server.RaftServerConfigKeys (ConfUtils.java:logGet(43)) - raft.server.log.queue.byte-limit = 2147483647 (custom)
2019-11-17 11:09:03,705 [pool-183-thread-1] INFO  server.RaftServerConfigKeys (ConfUtils.java:logGet(43)) - raft.server.log.queue.element-limit = 1024 (custom)
2019-11-17 11:09:03,705 [pool-183-thread-1] INFO  server.RaftServerConfigKeys (ConfUtils.java:logGet(43)) - raft.server.log.segment.size.max = 1048576 (custom)
2019-11-17 11:09:03,705 [pool-183-thread-1] INFO  server.RaftServerConfigKeys (ConfUtils.java:logGet(43)) - raft.server.log.preallocated.size = 16384 (custom)
2019-11-17 11:09:03,705 [pool-183-thread-1] INFO  server.RaftServerConfigKeys (ConfUtils.java:logGet(43)) - raft.server.log.write.buffer.size = 33554432 (custom)
2019-11-17 11:09:03,705 [pool-183-thread-1] INFO  server.RaftServerConfigKeys (ConfUtils.java:logGet(43)) - raft.server.log.force.sync.num = 128 (default)
2019-11-17 11:09:03,705 [pool-183-thread-1] INFO  server.RaftServerConfigKeys (ConfUtils.java:logGet(43)) - raft.server.log.statemachine.data.sync = true (default)
2019-11-17 11:09:03,705 [pool-183-thread-1] INFO  server.RaftServerConfigKeys (ConfUtils.java:logGet(43)) - raft.server.log.statemachine.data.sync.timeout = 10s (default)
2019-11-17 11:09:03,706 [pool-183-thread-1] INFO  server.RaftServerConfigKeys (ConfUtils.java:logGet(43)) - raft.server.log.statemachine.data.sync.timeout.retry = -1 (default)
2019-11-17 11:09:03,706 [pool-183-thread-1] INFO  server.RaftServerConfigKeys (ConfUtils.java:logGet(43)) - raft.server.log.statemachine.data.caching.enabled = true (custom)
2019-11-17 11:09:03,706 [pool-183-thread-1] INFO  segmented.SegmentedRaftLogWorker (SegmentedRaftLogWorker.java:lambda$new$0(128)) - fa2fcff1-083d-4cf3-acfd-0486da9214fd@group-40498E179849-SegmentedRaftLogWorker: flushIndex: setUnconditionally 0 -> -1
2019-11-17 11:09:03,706 [pool-183-thread-1] INFO  server.RaftServerConfigKeys (ConfUtils.java:logGet(43)) - raft.server.snapshot.auto.trigger.enabled = true (custom)
2019-11-17 11:09:03,706 [pool-183-thread-1] INFO  server.RaftServerConfigKeys (ConfUtils.java:logGet(43)) - raft.server.snapshot.auto.trigger.threshold = 10000 (custom)
2019-11-17 11:09:03,706 [pool-183-thread-1] INFO  server.RaftServerConfigKeys (ConfUtils.java:logGet(43)) - raft.server.snapshot.retention.file.num = 5 (custom)
2019-11-17 11:09:03,706 [pool-183-thread-1] INFO  server.RaftServerConfigKeys (ConfUtils.java:logGet(43)) - raft.server.retrycache.expirytime = 600000ms (custom)
2019-11-17 11:09:03,707 [pool-183-thread-1] WARN  impl.MetricRegistriesImpl (MetricRegistriesImpl.java:lambda$create$1(61)) - First MetricRegistry has been created without registering reporters. You may need to call MetricRegistries.global().addReportRegistration(...) before.
2019-11-17 11:09:03,707 [pool-183-thread-1] WARN  impl.MetricRegistriesImpl (MetricRegistriesImpl.java:lambda$create$1(61)) - First MetricRegistry has been created without registering reporters. You may need to call MetricRegistries.global().addReportRegistration(...) before.
2019-11-17 11:09:03,707 [pool-183-thread-1] INFO  impl.RaftServerImpl (RaftServerImpl.java:start(184)) - fa2fcff1-083d-4cf3-acfd-0486da9214fd@group-40498E179849: start as a follower, conf=-1: [fa2fcff1-083d-4cf3-acfd-0486da9214fd:192.168.34.35:34313], old=null
2019-11-17 11:09:03,707 [pool-183-thread-1] INFO  impl.RaftServerImpl (RaftServerImpl.java:setRole(173)) - fa2fcff1-083d-4cf3-acfd-0486da9214fd@group-40498E179849: changes role from      null to FOLLOWER at term 0 for startAsFollower
2019-11-17 11:09:03,707 [pool-183-thread-1] INFO  impl.RoleInfo (RoleInfo.java:updateAndGet(143)) - fa2fcff1-083d-4cf3-acfd-0486da9214fd: start FollowerState
2019-11-17 11:09:03,707 [pool-183-thread-1] INFO  util.JmxRegister (JmxRegister.java:tryRegister(44)) - Successfully registered JMX Bean with object name Ratis:service=RaftServer,group=group-40498E179849,id=fa2fcff1-083d-4cf3-acfd-0486da9214fd
2019-11-17 11:09:03,708 [pool-183-thread-1] WARN  impl.MetricRegistriesImpl (MetricRegistriesImpl.java:lambda$create$1(61)) - First MetricRegistry has been created without registering reporters. You may need to call MetricRegistries.global().addReportRegistration(...) before.
2019-11-17 11:09:03,710 [RatisPipelineUtilsThread] INFO  pipeline.PipelineStateManager (PipelineStateManager.java:addPipeline(55)) - Created pipeline Pipeline[ Id: 21885a5f-9af2-4f59-b754-40498e179849, Nodes: fa2fcff1-083d-4cf3-acfd-0486da9214fd{ip: 192.168.34.35, host: pr-hdds-2291-5997d-4279494527, networkLocation: /default-rack, certSerialId: null}, Type:RATIS, Factor:ONE, State:ALLOCATED]
2019-11-17 11:09:03,711 [Thread-1686] INFO  pipeline.PipelineStateManager (PipelineStateManager.java:finalizePipeline(121)) - Pipeline Pipeline[ Id: f9dd73f1-82ac-4919-880a-f854efa2bccd, Nodes: fa2fcff1-083d-4cf3-acfd-0486da9214fd{ip: 192.168.34.35, host: pr-hdds-2291-5997d-4279494527, networkLocation: /default-rack, certSerialId: null}4c1e8795-b3d4-460e-8f85-df43444e9ba0{ip: 192.168.34.35, host: pr-hdds-2291-5997d-4279494527, networkLocation: /default-rack, certSerialId: null}e3fe17d3-3943-4d4c-b88c-d5052243b886{ip: 192.168.34.35, host: pr-hdds-2291-5997d-4279494527, networkLocation: /default-rack, certSerialId: null}, Type:RATIS, Factor:THREE, State:CLOSED] moved to CLOSED state
2019-11-17 11:09:03,711 [EventQueue-CloseContainerForCloseContainerEventHandler] INFO  container.CloseContainerEventHandler (CloseContainerEventHandler.java:onMessage(61)) - Close container Event triggered for container : #1
2019-11-17 11:09:03,715 [grpc-default-executor-2] INFO  impl.RaftServerProxy (RaftServerProxy.java:remove(95)) - fa2fcff1-083d-4cf3-acfd-0486da9214fd: remove  FOLLOWER fa2fcff1-083d-4cf3-acfd-0486da9214fd@group-F854EFA2BCCD:t3, leader=null, voted=fa2fcff1-083d-4cf3-acfd-0486da9214fd, raftlog=fa2fcff1-083d-4cf3-acfd-0486da9214fd@group-F854EFA2BCCD-SegmentedRaftLog:OPENED:c-1,f-1,i0, conf=-1: [fa2fcff1-083d-4cf3-acfd-0486da9214fd:192.168.34.35:34313, e3fe17d3-3943-4d4c-b88c-d5052243b886:192.168.34.35:33574, 4c1e8795-b3d4-460e-8f85-df43444e9ba0:192.168.34.35:35525], old=null RUNNING
2019-11-17 11:09:03,718 [grpc-default-executor-2] INFO  impl.RaftServerImpl (RaftServerImpl.java:lambda$shutdown$3(250)) - fa2fcff1-083d-4cf3-acfd-0486da9214fd@group-F854EFA2BCCD: shutdown
2019-11-17 11:09:03,718 [grpc-default-executor-2] INFO  util.JmxRegister (JmxRegister.java:unregister(73)) - Successfully un-registered JMX Bean with object name Ratis:service=RaftServer,group=group-F854EFA2BCCD,id=fa2fcff1-083d-4cf3-acfd-0486da9214fd
2019-11-17 11:09:03,719 [grpc-default-executor-2] INFO  impl.RoleInfo (RoleInfo.java:shutdownFollowerState(121)) - fa2fcff1-083d-4cf3-acfd-0486da9214fd: shutdown FollowerState
2019-11-17 11:09:03,719 [grpc-default-executor-2] INFO  impl.StateMachineUpdater (StateMachineUpdater.java:stopAndJoin(136)) - fa2fcff1-083d-4cf3-acfd-0486da9214fd@group-F854EFA2BCCD-StateMachineUpdater: set stopIndex = -1
2019-11-17 11:09:03,719 [Thread-1780] INFO  impl.FollowerState (FollowerState.java:run(120)) - fa2fcff1-083d-4cf3-acfd-0486da9214fd@group-F854EFA2BCCD-FollowerState was interrupted: java.lang.InterruptedException: sleep interrupted
2019-11-17 11:09:03,721 [grpc-default-executor-2] INFO  impl.RaftServerImpl (ServerState.java:close(387)) - fa2fcff1-083d-4cf3-acfd-0486da9214fd@group-F854EFA2BCCD: closes. applyIndex: -1
2019-11-17 11:09:03,721 [fa2fcff1-083d-4cf3-acfd-0486da9214fd@group-F854EFA2BCCD-SegmentedRaftLogWorker] INFO  segmented.SegmentedRaftLogWorker (SegmentedRaftLogWorker.java:run(316)) - fa2fcff1-083d-4cf3-acfd-0486da9214fd@group-F854EFA2BCCD-SegmentedRaftLogWorker was interrupted, exiting. There are 0 tasks remaining in the queue.
2019-11-17 11:09:03,721 [grpc-default-executor-2] INFO  segmented.SegmentedRaftLogWorker (SegmentedRaftLogWorker.java:close(224)) - fa2fcff1-083d-4cf3-acfd-0486da9214fd@group-F854EFA2BCCD-SegmentedRaftLogWorker close()
2019-11-17 11:09:03,727 [grpc-default-executor-2] INFO  impl.RaftServerProxy (RaftServerProxy.java:remove(95)) - 4c1e8795-b3d4-460e-8f85-df43444e9ba0: remove  FOLLOWER 4c1e8795-b3d4-460e-8f85-df43444e9ba0@group-F854EFA2BCCD:t3, leader=null, voted=4c1e8795-b3d4-460e-8f85-df43444e9ba0, raftlog=4c1e8795-b3d4-460e-8f85-df43444e9ba0@group-F854EFA2BCCD-SegmentedRaftLog:OPENED:c-1,f-1,i0, conf=-1: [fa2fcff1-083d-4cf3-acfd-0486da9214fd:192.168.34.35:34313, e3fe17d3-3943-4d4c-b88c-d5052243b886:192.168.34.35:33574, 4c1e8795-b3d4-460e-8f85-df43444e9ba0:192.168.34.35:35525], old=null RUNNING
2019-11-17 11:09:03,728 [grpc-default-executor-2] INFO  impl.RaftServerImpl (RaftServerImpl.java:lambda$shutdown$3(250)) - 4c1e8795-b3d4-460e-8f85-df43444e9ba0@group-F854EFA2BCCD: shutdown
2019-11-17 11:09:03,728 [grpc-default-executor-2] INFO  util.JmxRegister (JmxRegister.java:unregister(73)) - Successfully un-registered JMX Bean with object name Ratis:service=RaftServer,group=group-F854EFA2BCCD,id=4c1e8795-b3d4-460e-8f85-df43444e9ba0
2019-11-17 11:09:03,728 [grpc-default-executor-2] INFO  impl.RoleInfo (RoleInfo.java:shutdownFollowerState(121)) - 4c1e8795-b3d4-460e-8f85-df43444e9ba0: shutdown FollowerState
2019-11-17 11:09:03,728 [grpc-default-executor-2] INFO  impl.StateMachineUpdater (StateMachineUpdater.java:stopAndJoin(136)) - 4c1e8795-b3d4-460e-8f85-df43444e9ba0@group-F854EFA2BCCD-StateMachineUpdater: set stopIndex = -1
2019-11-17 11:09:03,728 [Thread-1781] INFO  impl.FollowerState (FollowerState.java:run(120)) - 4c1e8795-b3d4-460e-8f85-df43444e9ba0@group-F854EFA2BCCD-FollowerState was interrupted: java.lang.InterruptedException: sleep interrupted
2019-11-17 11:09:03,729 [grpc-default-executor-2] INFO  impl.RaftServerImpl (ServerState.java:close(387)) - 4c1e8795-b3d4-460e-8f85-df43444e9ba0@group-F854EFA2BCCD: closes. applyIndex: -1
2019-11-17 11:09:03,730 [4c1e8795-b3d4-460e-8f85-df43444e9ba0@group-F854EFA2BCCD-SegmentedRaftLogWorker] INFO  segmented.SegmentedRaftLogWorker (SegmentedRaftLogWorker.java:run(316)) - 4c1e8795-b3d4-460e-8f85-df43444e9ba0@group-F854EFA2BCCD-SegmentedRaftLogWorker was interrupted, exiting. There are 0 tasks remaining in the queue.
2019-11-17 11:09:03,730 [grpc-default-executor-2] INFO  segmented.SegmentedRaftLogWorker (SegmentedRaftLogWorker.java:close(224)) - 4c1e8795-b3d4-460e-8f85-df43444e9ba0@group-F854EFA2BCCD-SegmentedRaftLogWorker close()
2019-11-17 11:09:03,736 [grpc-default-executor-2] INFO  impl.RaftServerProxy (RaftServerProxy.java:remove(95)) - e3fe17d3-3943-4d4c-b88c-d5052243b886: remove  FOLLOWER e3fe17d3-3943-4d4c-b88c-d5052243b886@group-F854EFA2BCCD:t3, leader=null, voted=e3fe17d3-3943-4d4c-b88c-d5052243b886, raftlog=e3fe17d3-3943-4d4c-b88c-d5052243b886@group-F854EFA2BCCD-SegmentedRaftLog:OPENED:c-1,f0,i0, conf=0: [fa2fcff1-083d-4cf3-acfd-0486da9214fd:192.168.34.35:34313, e3fe17d3-3943-4d4c-b88c-d5052243b886:192.168.34.35:33574, 4c1e8795-b3d4-460e-8f85-df43444e9ba0:192.168.34.35:35525], old=null RUNNING
2019-11-17 11:09:03,736 [grpc-default-executor-2] INFO  impl.RaftServerImpl (RaftServerImpl.java:lambda$shutdown$3(250)) - e3fe17d3-3943-4d4c-b88c-d5052243b886@group-F854EFA2BCCD: shutdown
2019-11-17 11:09:03,737 [grpc-default-executor-2] INFO  util.JmxRegister (JmxRegister.java:unregister(73)) - Successfully un-registered JMX Bean with object name Ratis:service=RaftServer,group=group-F854EFA2BCCD,id=e3fe17d3-3943-4d4c-b88c-d5052243b886
2019-11-17 11:09:03,737 [grpc-default-executor-2] INFO  impl.RoleInfo (RoleInfo.java:shutdownFollowerState(121)) - e3fe17d3-3943-4d4c-b88c-d5052243b886: shutdown FollowerState
2019-11-17 11:09:03,737 [grpc-default-executor-2] INFO  impl.StateMachineUpdater (StateMachineUpdater.java:stopAndJoin(136)) - e3fe17d3-3943-4d4c-b88c-d5052243b886@group-F854EFA2BCCD-StateMachineUpdater: set stopIndex = -1
2019-11-17 11:09:03,737 [Thread-1782] INFO  impl.FollowerState (FollowerState.java:run(120)) - e3fe17d3-3943-4d4c-b88c-d5052243b886@group-F854EFA2BCCD-FollowerState was interrupted: java.lang.InterruptedException: sleep interrupted
2019-11-17 11:09:03,739 [grpc-default-executor-2] INFO  impl.RaftServerImpl (ServerState.java:close(387)) - e3fe17d3-3943-4d4c-b88c-d5052243b886@group-F854EFA2BCCD: closes. applyIndex: -1
2019-11-17 11:09:03,739 [e3fe17d3-3943-4d4c-b88c-d5052243b886@group-F854EFA2BCCD-SegmentedRaftLogWorker] INFO  segmented.SegmentedRaftLogWorker (SegmentedRaftLogWorker.java:run(316)) - e3fe17d3-3943-4d4c-b88c-d5052243b886@group-F854EFA2BCCD-SegmentedRaftLogWorker was interrupted, exiting. There are 0 tasks remaining in the queue.
2019-11-17 11:09:03,739 [grpc-default-executor-2] INFO  segmented.SegmentedRaftLogWorker (SegmentedRaftLogWorker.java:close(224)) - e3fe17d3-3943-4d4c-b88c-d5052243b886@group-F854EFA2BCCD-SegmentedRaftLogWorker close()
2019-11-17 11:09:03,742 [Thread-1686] INFO  pipeline.PipelineStateManager (PipelineStateManager.java:removePipeline(106)) - Pipeline Pipeline[ Id: f9dd73f1-82ac-4919-880a-f854efa2bccd, Nodes: fa2fcff1-083d-4cf3-acfd-0486da9214fd{ip: 192.168.34.35, host: pr-hdds-2291-5997d-4279494527, networkLocation: /default-rack, certSerialId: null}4c1e8795-b3d4-460e-8f85-df43444e9ba0{ip: 192.168.34.35, host: pr-hdds-2291-5997d-4279494527, networkLocation: /default-rack, certSerialId: null}e3fe17d3-3943-4d4c-b88c-d5052243b886{ip: 192.168.34.35, host: pr-hdds-2291-5997d-4279494527, networkLocation: /default-rack, certSerialId: null}, Type:RATIS, Factor:THREE, State:CLOSED] removed from db
2019-11-17 11:09:03,742 [Thread-1686] INFO  pipeline.SCMPipelineManager (SCMPipelineManager.java:finalizeAndDestroyPipeline(315)) - destroying pipeline:Pipeline[ Id: 9029b223-5d93-4e50-b7c5-240f85207909, Nodes: 28ccac35-fb4f-4f0a-a99f-78d96ef6e430{ip: 192.168.34.35, host: pr-hdds-2291-5997d-4279494527, networkLocation: /default-rack, certSerialId: null}, Type:RATIS, Factor:ONE, State:OPEN]
2019-11-17 11:09:03,748 [grpc-default-executor-7] INFO  impl.RaftServerProxy (RaftServerProxy.java:addNew(89)) - e3fe17d3-3943-4d4c-b88c-d5052243b886: addNew group-3631E1AADF49:[fa2fcff1-083d-4cf3-acfd-0486da9214fd:192.168.34.35:34313, e3fe17d3-3943-4d4c-b88c-d5052243b886:192.168.34.35:33574, 4c1e8795-b3d4-460e-8f85-df43444e9ba0:192.168.34.35:35525] returns group-3631E1AADF49:java.util.concurrent.CompletableFuture@20c2dad3[Not completed]
2019-11-17 11:09:03,748 [grpc-default-executor-2] INFO  impl.RaftServerProxy (RaftServerProxy.java:addNew(89)) - fa2fcff1-083d-4cf3-acfd-0486da9214fd: addNew group-3631E1AADF49:[fa2fcff1-083d-4cf3-acfd-0486da9214fd:192.168.34.35:34313, e3fe17d3-3943-4d4c-b88c-d5052243b886:192.168.34.35:33574, 4c1e8795-b3d4-460e-8f85-df43444e9ba0:192.168.34.35:35525] returns group-3631E1AADF49:java.util.concurrent.CompletableFuture@62284f66[Not completed]
2019-11-17 11:09:03,749 [grpc-default-executor-3] INFO  impl.RaftServerProxy (RaftServerProxy.java:addNew(89)) - 4c1e8795-b3d4-460e-8f85-df43444e9ba0: addNew group-3631E1AADF49:[fa2fcff1-083d-4cf3-acfd-0486da9214fd:192.168.34.35:34313, e3fe17d3-3943-4d4c-b88c-d5052243b886:192.168.34.35:33574, 4c1e8795-b3d4-460e-8f85-df43444e9ba0:192.168.34.35:35525] returns group-3631E1AADF49:java.util.concurrent.CompletableFuture@127d3e2[Not completed]
2019-11-17 11:09:03,750 [pool-203-thread-1] INFO  impl.RaftServerImpl (RaftServerImpl.java:<init>(98)) - e3fe17d3-3943-4d4c-b88c-d5052243b886: new RaftServerImpl for group-3631E1AADF49:[fa2fcff1-083d-4cf3-acfd-0486da9214fd:192.168.34.35:34313, e3fe17d3-3943-4d4c-b88c-d5052243b886:192.168.34.35:33574, 4c1e8795-b3d4-460e-8f85-df43444e9ba0:192.168.34.35:35525] with ContainerStateMachine:uninitialized
2019-11-17 11:09:03,750 [pool-203-thread-1] INFO  server.RaftServerConfigKeys (ConfUtils.java:logGet(43)) - raft.server.rpc.timeout.min = 1s (custom)
2019-11-17 11:09:03,750 [pool-203-thread-1] INFO  server.RaftServerConfigKeys (ConfUtils.java:logGet(43)) - raft.server.rpc.timeout.max = 1200ms (custom)
2019-11-17 11:09:03,751 [pool-203-thread-1] INFO  server.RaftServerConfigKeys (ConfUtils.java:logGet(43)) - raft.server.rpcslowness.timeout = 120s (custom)
2019-11-17 11:09:03,751 [pool-193-thread-1] INFO  impl.RaftServerImpl (RaftServerImpl.java:<init>(98)) - 4c1e8795-b3d4-460e-8f85-df43444e9ba0: new RaftServerImpl for group-3631E1AADF49:[fa2fcff1-083d-4cf3-acfd-0486da9214fd:192.168.34.35:34313, e3fe17d3-3943-4d4c-b88c-d5052243b886:192.168.34.35:33574, 4c1e8795-b3d4-460e-8f85-df43444e9ba0:192.168.34.35:35525] with ContainerStateMachine:uninitialized
2019-11-17 11:09:03,751 [pool-203-thread-1] INFO  server.RaftServerConfigKeys (ConfUtils.java:logGet(43)) - raft.server.sleep.deviation.threshold = 300 (default)
2019-11-17 11:09:03,751 [pool-193-thread-1] INFO  server.RaftServerConfigKeys (ConfUtils.java:logGet(43)) - raft.server.rpc.timeout.min = 1s (custom)
2019-11-17 11:09:03,751 [pool-203-thread-1] INFO  server.RaftServerConfigKeys (ConfUtils.java:logGet(43)) - raft.server.log.appender.install.snapshot.enabled = false (custom)
2019-11-17 11:09:03,751 [pool-193-thread-1] INFO  server.RaftServerConfigKeys (ConfUtils.java:logGet(43)) - raft.server.rpc.timeout.max = 1200ms (custom)
2019-11-17 11:09:03,751 [pool-203-thread-1] INFO  impl.RaftServerImpl (ServerState.java:<init>(103)) - e3fe17d3-3943-4d4c-b88c-d5052243b886@group-3631E1AADF49: ConfigurationManager, init=-1: [fa2fcff1-083d-4cf3-acfd-0486da9214fd:192.168.34.35:34313, e3fe17d3-3943-4d4c-b88c-d5052243b886:192.168.34.35:33574, 4c1e8795-b3d4-460e-8f85-df43444e9ba0:192.168.34.35:35525], old=null, confs=<EMPTY_MAP>
2019-11-17 11:09:03,751 [pool-193-thread-1] INFO  server.RaftServerConfigKeys (ConfUtils.java:logGet(43)) - raft.server.rpcslowness.timeout = 120s (custom)
2019-11-17 11:09:03,751 [pool-193-thread-1] INFO  server.RaftServerConfigKeys (ConfUtils.java:logGet(43)) - raft.server.sleep.deviation.threshold = 300 (default)
2019-11-17 11:09:03,751 [pool-183-thread-1] INFO  impl.RaftServerImpl (RaftServerImpl.java:<init>(98)) - fa2fcff1-083d-4cf3-acfd-0486da9214fd: new RaftServerImpl for group-3631E1AADF49:[fa2fcff1-083d-4cf3-acfd-0486da9214fd:192.168.34.35:34313, e3fe17d3-3943-4d4c-b88c-d5052243b886:192.168.34.35:33574, 4c1e8795-b3d4-460e-8f85-df43444e9ba0:192.168.34.35:35525] with ContainerStateMachine:uninitialized
2019-11-17 11:09:03,751 [pool-203-thread-1] INFO  server.RaftServerConfigKeys (ConfUtils.java:logGet(43)) - raft.server.storage.dir = [/workdir/hadoop-ozone/integration-test/target/test-dir/MiniOzoneClusterImpl-184704d8-2d26-4abc-9155-7ef0d3d35dfc/datanode-5/data/ratis] (custom)
2019-11-17 11:09:03,751 [pool-183-thread-1] INFO  server.RaftServerConfigKeys (ConfUtils.java:logGet(43)) - raft.server.rpc.timeout.min = 1s (custom)
2019-11-17 11:09:03,752 [pool-183-thread-1] INFO  server.RaftServerConfigKeys (ConfUtils.java:logGet(43)) - raft.server.rpc.timeout.max = 1200ms (custom)
2019-11-17 11:09:03,751 [pool-193-thread-1] INFO  server.RaftServerConfigKeys (ConfUtils.java:logGet(43)) - raft.server.log.appender.install.snapshot.enabled = false (custom)
2019-11-17 11:09:03,752 [pool-183-thread-1] INFO  server.RaftServerConfigKeys (ConfUtils.java:logGet(43)) - raft.server.rpcslowness.timeout = 120s (custom)
2019-11-17 11:09:03,752 [pool-203-thread-1] INFO  server.RaftServerConfigKeys (ConfUtils.java:logGet(43)) - raft.server.log.corruption.policy = EXCEPTION (default)
2019-11-17 11:09:03,752 [pool-183-thread-1] INFO  server.RaftServerConfigKeys (ConfUtils.java:logGet(43)) - raft.server.sleep.deviation.threshold = 300 (default)
2019-11-17 11:09:03,752 [pool-203-thread-1] INFO  storage.RaftStorageDirectory (RaftStorageDirectory.java:analyzeStorage(246)) - The storage directory /workdir/hadoop-ozone/integration-test/target/test-dir/MiniOzoneClusterImpl-184704d8-2d26-4abc-9155-7ef0d3d35dfc/datanode-5/data/ratis/fb7a4818-bb7c-4d26-851f-3631e1aadf49 does not exist. Creating ...
2019-11-17 11:09:03,752 [pool-193-thread-1] INFO  impl.RaftServerImpl (ServerState.java:<init>(103)) - 4c1e8795-b3d4-460e-8f85-df43444e9ba0@group-3631E1AADF49: ConfigurationManager, init=-1: [fa2fcff1-083d-4cf3-acfd-0486da9214fd:192.168.34.35:34313, e3fe17d3-3943-4d4c-b88c-d5052243b886:192.168.34.35:33574, 4c1e8795-b3d4-460e-8f85-df43444e9ba0:192.168.34.35:35525], old=null, confs=<EMPTY_MAP>
2019-11-17 11:09:03,752 [pool-183-thread-1] INFO  server.RaftServerConfigKeys (ConfUtils.java:logGet(43)) - raft.server.log.appender.install.snapshot.enabled = false (custom)
2019-11-17 11:09:03,752 [pool-193-thread-1] INFO  server.RaftServerConfigKeys (ConfUtils.java:logGet(43)) - raft.server.storage.dir = [/workdir/hadoop-ozone/integration-test/target/test-dir/MiniOzoneClusterImpl-184704d8-2d26-4abc-9155-7ef0d3d35dfc/datanode-4/data/ratis] (custom)
2019-11-17 11:09:03,752 [pool-183-thread-1] INFO  impl.RaftServerImpl (ServerState.java:<init>(103)) - fa2fcff1-083d-4cf3-acfd-0486da9214fd@group-3631E1AADF49: ConfigurationManager, init=-1: [fa2fcff1-083d-4cf3-acfd-0486da9214fd:192.168.34.35:34313, e3fe17d3-3943-4d4c-b88c-d5052243b886:192.168.34.35:33574, 4c1e8795-b3d4-460e-8f85-df43444e9ba0:192.168.34.35:35525], old=null, confs=<EMPTY_MAP>
2019-11-17 11:09:03,753 [pool-193-thread-1] INFO  server.RaftServerConfigKeys (ConfUtils.java:logGet(43)) - raft.server.log.corruption.policy = EXCEPTION (default)
2019-11-17 11:09:03,753 [pool-183-thread-1] INFO  server.RaftServerConfigKeys (ConfUtils.java:logGet(43)) - raft.server.storage.dir = [/workdir/hadoop-ozone/integration-test/target/test-dir/MiniOzoneClusterImpl-184704d8-2d26-4abc-9155-7ef0d3d35dfc/datanode-3/data/ratis] (custom)
2019-11-17 11:09:03,753 [pool-193-thread-1] INFO  storage.RaftStorageDirectory (RaftStorageDirectory.java:analyzeStorage(246)) - The storage directory /workdir/hadoop-ozone/integration-test/target/test-dir/MiniOzoneClusterImpl-184704d8-2d26-4abc-9155-7ef0d3d35dfc/datanode-4/data/ratis/fb7a4818-bb7c-4d26-851f-3631e1aadf49 does not exist. Creating ...
2019-11-17 11:09:03,753 [pool-183-thread-1] INFO  server.RaftServerConfigKeys (ConfUtils.java:logGet(43)) - raft.server.log.corruption.policy = EXCEPTION (default)
2019-11-17 11:09:03,753 [pool-183-thread-1] INFO  storage.RaftStorageDirectory (RaftStorageDirectory.java:analyzeStorage(246)) - The storage directory /workdir/hadoop-ozone/integration-test/target/test-dir/MiniOzoneClusterImpl-184704d8-2d26-4abc-9155-7ef0d3d35dfc/datanode-3/data/ratis/fb7a4818-bb7c-4d26-851f-3631e1aadf49 does not exist. Creating ...
2019-11-17 11:09:03,765 [pool-193-thread-1] INFO  storage.RaftStorageDirectory (RaftStorageDirectory.java:tryLock(328)) - Lock on /workdir/hadoop-ozone/integration-test/target/test-dir/MiniOzoneClusterImpl-184704d8-2d26-4abc-9155-7ef0d3d35dfc/datanode-4/data/ratis/fb7a4818-bb7c-4d26-851f-3631e1aadf49/in_use.lock acquired by nodename 13849@pr-hdds-2291-5997d-4279494527
2019-11-17 11:09:03,765 [pool-203-thread-1] INFO  storage.RaftStorageDirectory (RaftStorageDirectory.java:tryLock(328)) - Lock on /workdir/hadoop-ozone/integration-test/target/test-dir/MiniOzoneClusterImpl-184704d8-2d26-4abc-9155-7ef0d3d35dfc/datanode-5/data/ratis/fb7a4818-bb7c-4d26-851f-3631e1aadf49/in_use.lock acquired by nodename 13849@pr-hdds-2291-5997d-4279494527
2019-11-17 11:09:03,765 [pool-183-thread-1] INFO  storage.RaftStorageDirectory (RaftStorageDirectory.java:tryLock(328)) - Lock on /workdir/hadoop-ozone/integration-test/target/test-dir/MiniOzoneClusterImpl-184704d8-2d26-4abc-9155-7ef0d3d35dfc/datanode-3/data/ratis/fb7a4818-bb7c-4d26-851f-3631e1aadf49/in_use.lock acquired by nodename 13849@pr-hdds-2291-5997d-4279494527
2019-11-17 11:09:03,780 [pool-183-thread-1] INFO  storage.RaftStorage (RaftStorage.java:format(84)) - Storage directory /workdir/hadoop-ozone/integration-test/target/test-dir/MiniOzoneClusterImpl-184704d8-2d26-4abc-9155-7ef0d3d35dfc/datanode-3/data/ratis/fb7a4818-bb7c-4d26-851f-3631e1aadf49 has been successfully formatted.
2019-11-17 11:09:03,780 [pool-203-thread-1] INFO  storage.RaftStorage (RaftStorage.java:format(84)) - Storage directory /workdir/hadoop-ozone/integration-test/target/test-dir/MiniOzoneClusterImpl-184704d8-2d26-4abc-9155-7ef0d3d35dfc/datanode-5/data/ratis/fb7a4818-bb7c-4d26-851f-3631e1aadf49 has been successfully formatted.
2019-11-17 11:09:03,780 [pool-193-thread-1] INFO  storage.RaftStorage (RaftStorage.java:format(84)) - Storage directory /workdir/hadoop-ozone/integration-test/target/test-dir/MiniOzoneClusterImpl-184704d8-2d26-4abc-9155-7ef0d3d35dfc/datanode-4/data/ratis/fb7a4818-bb7c-4d26-851f-3631e1aadf49 has been successfully formatted.
2019-11-17 11:09:03,780 [pool-183-thread-1] INFO  ratis.ContainerStateMachine (ContainerStateMachine.java:loadSnapshot(223)) - group-3631E1AADF49: The snapshot info is null. Setting the last applied indexto:(t:0, i:~)
2019-11-17 11:09:03,781 [pool-193-thread-1] INFO  ratis.ContainerStateMachine (ContainerStateMachine.java:loadSnapshot(223)) - group-3631E1AADF49: The snapshot info is null. Setting the last applied indexto:(t:0, i:~)
2019-11-17 11:09:03,781 [pool-203-thread-1] INFO  ratis.ContainerStateMachine (ContainerStateMachine.java:loadSnapshot(223)) - group-3631E1AADF49: The snapshot info is null. Setting the last applied indexto:(t:0, i:~)
2019-11-17 11:09:03,781 [pool-193-thread-1] INFO  server.RaftServerConfigKeys (ConfUtils.java:logGet(43)) - raft.server.notification.no-leader.timeout = 120s (custom)
2019-11-17 11:09:03,781 [pool-183-thread-1] INFO  server.RaftServerConfigKeys (ConfUtils.java:logGet(43)) - raft.server.notification.no-leader.timeout = 120s (custom)
2019-11-17 11:09:03,781 [pool-193-thread-1] INFO  server.RaftServerConfigKeys (ConfUtils.java:logGet(43)) - raft.server.log.use.memory = false (default)
2019-11-17 11:09:03,781 [pool-203-thread-1] INFO  server.RaftServerConfigKeys (ConfUtils.java:logGet(43)) - raft.server.notification.no-leader.timeout = 120s (custom)
2019-11-17 11:09:03,781 [pool-193-thread-1] INFO  server.RaftServerConfigKeys (ConfUtils.java:logGet(43)) - raft.server.log.purge.gap = 1000000 (custom)
2019-11-17 11:09:03,781 [pool-183-thread-1] INFO  server.RaftServerConfigKeys (ConfUtils.java:logGet(43)) - raft.server.log.use.memory = false (default)
2019-11-17 11:09:03,781 [pool-193-thread-1] INFO  server.RaftServerConfigKeys (ConfUtils.java:logGet(43)) - raft.server.log.appender.buffer.byte-limit = 33554432 (custom)
2019-11-17 11:09:03,781 [pool-203-thread-1] INFO  server.RaftServerConfigKeys (ConfUtils.java:logGet(43)) - raft.server.log.use.memory = false (default)
2019-11-17 11:09:03,782 [pool-193-thread-1] INFO  server.RaftServerConfigKeys (ConfUtils.java:logGet(43)) - raft.server.log.segment.size.max = 1048576 (custom)
2019-11-17 11:09:03,782 [pool-183-thread-1] INFO  server.RaftServerConfigKeys (ConfUtils.java:logGet(43)) - raft.server.log.purge.gap = 1000000 (custom)
2019-11-17 11:09:03,782 [pool-193-thread-1] INFO  server.RaftServerConfigKeys (ConfUtils.java:logGet(43)) - raft.server.log.segment.cache.num.max = 2 (custom)
2019-11-17 11:09:03,782 [pool-203-thread-1] INFO  server.RaftServerConfigKeys (ConfUtils.java:logGet(43)) - raft.server.log.purge.gap = 1000000 (custom)
2019-11-17 11:09:03,782 [pool-193-thread-1] INFO  segmented.SegmentedRaftLogWorker (SegmentedRaftLogWorker.java:<init>(173)) - new 4c1e8795-b3d4-460e-8f85-df43444e9ba0@group-3631E1AADF49-SegmentedRaftLogWorker for RaftStorage:Storage Directory /workdir/hadoop-ozone/integration-test/target/test-dir/MiniOzoneClusterImpl-184704d8-2d26-4abc-9155-7ef0d3d35dfc/datanode-4/data/ratis/fb7a4818-bb7c-4d26-851f-3631e1aadf49
2019-11-17 11:09:03,782 [pool-183-thread-1] INFO  server.RaftServerConfigKeys (ConfUtils.java:logGet(43)) - raft.server.log.appender.buffer.byte-limit = 33554432 (custom)
2019-11-17 11:09:03,782 [pool-193-thread-1] INFO  server.RaftServerConfigKeys (ConfUtils.java:logGet(43)) - raft.server.log.queue.byte-limit = 2147483647 (custom)
2019-11-17 11:09:03,782 [pool-203-thread-1] INFO  server.RaftServerConfigKeys (ConfUtils.java:logGet(43)) - raft.server.log.appender.buffer.byte-limit = 33554432 (custom)
2019-11-17 11:09:03,783 [pool-193-thread-1] INFO  server.RaftServerConfigKeys (ConfUtils.java:logGet(43)) - raft.server.log.queue.element-limit = 1024 (custom)
2019-11-17 11:09:03,783 [pool-183-thread-1] INFO  server.RaftServerConfigKeys (ConfUtils.java:logGet(43)) - raft.server.log.segment.size.max = 1048576 (custom)
2019-11-17 11:09:03,783 [pool-193-thread-1] INFO  server.RaftServerConfigKeys (ConfUtils.java:logGet(43)) - raft.server.log.segment.size.max = 1048576 (custom)
2019-11-17 11:09:03,783 [pool-203-thread-1] INFO  server.RaftServerConfigKeys (ConfUtils.java:logGet(43)) - raft.server.log.segment.size.max = 1048576 (custom)
2019-11-17 11:09:03,783 [pool-193-thread-1] INFO  server.RaftServerConfigKeys (ConfUtils.java:logGet(43)) - raft.server.log.preallocated.size = 16384 (custom)
2019-11-17 11:09:03,783 [pool-183-thread-1] INFO  server.RaftServerConfigKeys (ConfUtils.java:logGet(43)) - raft.server.log.segment.cache.num.max = 2 (custom)
2019-11-17 11:09:03,784 [pool-193-thread-1] INFO  server.RaftServerConfigKeys (ConfUtils.java:logGet(43)) - raft.server.log.write.buffer.size = 33554432 (custom)
2019-11-17 11:09:03,783 [pool-203-thread-1] INFO  server.RaftServerConfigKeys (ConfUtils.java:logGet(43)) - raft.server.log.segment.cache.num.max = 2 (custom)
2019-11-17 11:09:03,784 [pool-193-thread-1] INFO  server.RaftServerConfigKeys (ConfUtils.java:logGet(43)) - raft.server.log.force.sync.num = 128 (default)
2019-11-17 11:09:03,784 [pool-183-thread-1] INFO  segmented.SegmentedRaftLogWorker (SegmentedRaftLogWorker.java:<init>(173)) - new fa2fcff1-083d-4cf3-acfd-0486da9214fd@group-3631E1AADF49-SegmentedRaftLogWorker for RaftStorage:Storage Directory /workdir/hadoop-ozone/integration-test/target/test-dir/MiniOzoneClusterImpl-184704d8-2d26-4abc-9155-7ef0d3d35dfc/datanode-3/data/ratis/fb7a4818-bb7c-4d26-851f-3631e1aadf49
2019-11-17 11:09:03,784 [pool-193-thread-1] INFO  server.RaftServerConfigKeys (ConfUtils.java:logGet(43)) - raft.server.log.statemachine.data.sync = true (default)
2019-11-17 11:09:03,784 [pool-203-thread-1] INFO  segmented.SegmentedRaftLogWorker (SegmentedRaftLogWorker.java:<init>(173)) - new e3fe17d3-3943-4d4c-b88c-d5052243b886@group-3631E1AADF49-SegmentedRaftLogWorker for RaftStorage:Storage Directory /workdir/hadoop-ozone/integration-test/target/test-dir/MiniOzoneClusterImpl-184704d8-2d26-4abc-9155-7ef0d3d35dfc/datanode-5/data/ratis/fb7a4818-bb7c-4d26-851f-3631e1aadf49
2019-11-17 11:09:03,784 [pool-193-thread-1] INFO  server.RaftServerConfigKeys (ConfUtils.java:logGet(43)) - raft.server.log.statemachine.data.sync.timeout = 10s (default)
2019-11-17 11:09:03,784 [pool-183-thread-1] INFO  server.RaftServerConfigKeys (ConfUtils.java:logGet(43)) - raft.server.log.queue.byte-limit = 2147483647 (custom)
2019-11-17 11:09:03,785 [pool-193-thread-1] INFO  server.RaftServerConfigKeys (ConfUtils.java:logGet(43)) - raft.server.log.statemachine.data.sync.timeout.retry = -1 (default)
2019-11-17 11:09:03,784 [pool-203-thread-1] INFO  server.RaftServerConfigKeys (ConfUtils.java:logGet(43)) - raft.server.log.queue.byte-limit = 2147483647 (custom)
2019-11-17 11:09:03,785 [pool-193-thread-1] INFO  server.RaftServerConfigKeys (ConfUtils.java:logGet(43)) - raft.server.log.statemachine.data.caching.enabled = true (custom)
2019-11-17 11:09:03,785 [pool-183-thread-1] INFO  server.RaftServerConfigKeys (ConfUtils.java:logGet(43)) - raft.server.log.queue.element-limit = 1024 (custom)
2019-11-17 11:09:03,785 [pool-203-thread-1] INFO  server.RaftServerConfigKeys (ConfUtils.java:logGet(43)) - raft.server.log.queue.element-limit = 1024 (custom)
2019-11-17 11:09:03,785 [pool-193-thread-1] INFO  segmented.SegmentedRaftLogWorker (SegmentedRaftLogWorker.java:lambda$new$0(128)) - 4c1e8795-b3d4-460e-8f85-df43444e9ba0@group-3631E1AADF49-SegmentedRaftLogWorker: flushIndex: setUnconditionally 0 -> -1
2019-11-17 11:09:03,785 [pool-183-thread-1] INFO  server.RaftServerConfigKeys (ConfUtils.java:logGet(43)) - raft.server.log.segment.size.max = 1048576 (custom)
2019-11-17 11:09:03,786 [pool-203-thread-1] INFO  server.RaftServerConfigKeys (ConfUtils.java:logGet(43)) - raft.server.log.segment.size.max = 1048576 (custom)
2019-11-17 11:09:03,786 [pool-193-thread-1] INFO  server.RaftServerConfigKeys (ConfUtils.java:logGet(43)) - raft.server.snapshot.auto.trigger.enabled = true (custom)
2019-11-17 11:09:03,786 [pool-183-thread-1] INFO  server.RaftServerConfigKeys (ConfUtils.java:logGet(43)) - raft.server.log.preallocated.size = 16384 (custom)
2019-11-17 11:09:03,786 [pool-193-thread-1] INFO  server.RaftServerConfigKeys (ConfUtils.java:logGet(43)) - raft.server.snapshot.auto.trigger.threshold = 10000 (custom)
2019-11-17 11:09:03,786 [pool-203-thread-1] INFO  server.RaftServerConfigKeys (ConfUtils.java:logGet(43)) - raft.server.log.preallocated.size = 16384 (custom)
2019-11-17 11:09:03,787 [pool-193-thread-1] INFO  server.RaftServerConfigKeys (ConfUtils.java:logGet(43)) - raft.server.snapshot.retention.file.num = 5 (custom)
2019-11-17 11:09:03,786 [pool-183-thread-1] INFO  server.RaftServerConfigKeys (ConfUtils.java:logGet(43)) - raft.server.log.write.buffer.size = 33554432 (custom)
2019-11-17 11:09:03,787 [pool-193-thread-1] INFO  server.RaftServerConfigKeys (ConfUtils.java:logGet(43)) - raft.server.retrycache.expirytime = 600000ms (custom)
2019-11-17 11:09:03,787 [pool-203-thread-1] INFO  server.RaftServerConfigKeys (ConfUtils.java:logGet(43)) - raft.server.log.write.buffer.size = 33554432 (custom)
2019-11-17 11:09:03,787 [pool-193-thread-1] WARN  impl.MetricRegistriesImpl (MetricRegistriesImpl.java:lambda$create$1(61)) - First MetricRegistry has been created without registering reporters. You may need to call MetricRegistries.global().addReportRegistration(...) before.
2019-11-17 11:09:03,787 [pool-183-thread-1] INFO  server.RaftServerConfigKeys (ConfUtils.java:logGet(43)) - raft.server.log.force.sync.num = 128 (default)
2019-11-17 11:09:03,787 [pool-193-thread-1] WARN  impl.MetricRegistriesImpl (MetricRegistriesImpl.java:lambda$create$1(61)) - First MetricRegistry has been created without registering reporters. You may need to call MetricRegistries.global().addReportRegistration(...) before.
2019-11-17 11:09:03,787 [pool-203-thread-1] INFO  server.RaftServerConfigKeys (ConfUtils.java:logGet(43)) - raft.server.log.force.sync.num = 128 (default)
2019-11-17 11:09:03,788 [pool-203-thread-1] INFO  server.RaftServerConfigKeys (ConfUtils.java:logGet(43)) - raft.server.log.statemachine.data.sync = true (default)
2019-11-17 11:09:03,788 [pool-183-thread-1] INFO  server.RaftServerConfigKeys (ConfUtils.java:logGet(43)) - raft.server.log.statemachine.data.sync = true (default)
2019-11-17 11:09:03,788 [pool-203-thread-1] INFO  server.RaftServerConfigKeys (ConfUtils.java:logGet(43)) - raft.server.log.statemachine.data.sync.timeout = 10s (default)
2019-11-17 11:09:03,788 [pool-193-thread-1] INFO  impl.RaftServerImpl (RaftServerImpl.java:start(184)) - 4c1e8795-b3d4-460e-8f85-df43444e9ba0@group-3631E1AADF49: start as a follower, conf=-1: [fa2fcff1-083d-4cf3-acfd-0486da9214fd:192.168.34.35:34313, e3fe17d3-3943-4d4c-b88c-d5052243b886:192.168.34.35:33574, 4c1e8795-b3d4-460e-8f85-df43444e9ba0:192.168.34.35:35525], old=null
2019-11-17 11:09:03,788 [pool-203-thread-1] INFO  server.RaftServerConfigKeys (ConfUtils.java:logGet(43)) - raft.server.log.statemachine.data.sync.timeout.retry = -1 (default)
2019-11-17 11:09:03,788 [pool-183-thread-1] INFO  server.RaftServerConfigKeys (ConfUtils.java:logGet(43)) - raft.server.log.statemachine.data.sync.timeout = 10s (default)
2019-11-17 11:09:03,788 [pool-203-thread-1] INFO  server.RaftServerConfigKeys (ConfUtils.java:logGet(43)) - raft.server.log.statemachine.data.caching.enabled = true (custom)
2019-11-17 11:09:03,788 [pool-193-thread-1] INFO  impl.RaftServerImpl (RaftServerImpl.java:setRole(173)) - 4c1e8795-b3d4-460e-8f85-df43444e9ba0@group-3631E1AADF49: changes role from      null to FOLLOWER at term 0 for startAsFollower
2019-11-17 11:09:03,789 [pool-183-thread-1] INFO  server.RaftServerConfigKeys (ConfUtils.java:logGet(43)) - raft.server.log.statemachine.data.sync.timeout.retry = -1 (default)
2019-11-17 11:09:03,789 [pool-193-thread-1] INFO  impl.RoleInfo (RoleInfo.java:updateAndGet(143)) - 4c1e8795-b3d4-460e-8f85-df43444e9ba0: start FollowerState
2019-11-17 11:09:03,789 [pool-203-thread-1] INFO  segmented.SegmentedRaftLogWorker (SegmentedRaftLogWorker.java:lambda$new$0(128)) - e3fe17d3-3943-4d4c-b88c-d5052243b886@group-3631E1AADF49-SegmentedRaftLogWorker: flushIndex: setUnconditionally 0 -> -1
2019-11-17 11:09:03,789 [pool-183-thread-1] INFO  server.RaftServerConfigKeys (ConfUtils.java:logGet(43)) - raft.server.log.statemachine.data.caching.enabled = true (custom)
2019-11-17 11:09:03,789 [pool-203-thread-1] INFO  server.RaftServerConfigKeys (ConfUtils.java:logGet(43)) - raft.server.snapshot.auto.trigger.enabled = true (custom)
2019-11-17 11:09:03,789 [pool-183-thread-1] INFO  segmented.SegmentedRaftLogWorker (SegmentedRaftLogWorker.java:lambda$new$0(128)) - fa2fcff1-083d-4cf3-acfd-0486da9214fd@group-3631E1AADF49-SegmentedRaftLogWorker: flushIndex: setUnconditionally 0 -> -1
2019-11-17 11:09:03,789 [pool-203-thread-1] INFO  server.RaftServerConfigKeys (ConfUtils.java:logGet(43)) - raft.server.snapshot.auto.trigger.threshold = 10000 (custom)
2019-11-17 11:09:03,790 [pool-193-thread-1] INFO  util.JmxRegister (JmxRegister.java:tryRegister(44)) - Successfully registered JMX Bean with object name Ratis:service=RaftServer,group=group-3631E1AADF49,id=4c1e8795-b3d4-460e-8f85-df43444e9ba0
2019-11-17 11:09:03,790 [pool-183-thread-1] INFO  server.RaftServerConfigKeys (ConfUtils.java:logGet(43)) - raft.server.snapshot.auto.trigger.enabled = true (custom)
2019-11-17 11:09:03,790 [pool-203-thread-1] INFO  server.RaftServerConfigKeys (ConfUtils.java:logGet(43)) - raft.server.snapshot.retention.file.num = 5 (custom)
2019-11-17 11:09:03,790 [pool-183-thread-1] INFO  server.RaftServerConfigKeys (ConfUtils.java:logGet(43)) - raft.server.snapshot.auto.trigger.threshold = 10000 (custom)
2019-11-17 11:09:03,790 [pool-193-thread-1] WARN  impl.MetricRegistriesImpl (MetricRegistriesImpl.java:lambda$create$1(61)) - First MetricRegistry has been created without registering reporters. You may need to call MetricRegistries.global().addReportRegistration(...) before.
2019-11-17 11:09:03,790 [pool-183-thread-1] INFO  server.RaftServerConfigKeys (ConfUtils.java:logGet(43)) - raft.server.snapshot.retention.file.num = 5 (custom)
2019-11-17 11:09:03,790 [pool-203-thread-1] INFO  server.RaftServerConfigKeys (ConfUtils.java:logGet(43)) - raft.server.retrycache.expirytime = 600000ms (custom)
2019-11-17 11:09:03,790 [pool-183-thread-1] INFO  server.RaftServerConfigKeys (ConfUtils.java:logGet(43)) - raft.server.retrycache.expirytime = 600000ms (custom)
2019-11-17 11:09:03,791 [pool-203-thread-1] WARN  impl.MetricRegistriesImpl (MetricRegistriesImpl.java:lambda$create$1(61)) - First MetricRegistry has been created without registering reporters. You may need to call MetricRegistries.global().addReportRegistration(...) before.
2019-11-17 11:09:03,791 [pool-183-thread-1] WARN  impl.MetricRegistriesImpl (MetricRegistriesImpl.java:lambda$create$1(61)) - First MetricRegistry has been created without registering reporters. You may need to call MetricRegistries.global().addReportRegistration(...) before.
2019-11-17 11:09:03,791 [pool-203-thread-1] WARN  impl.MetricRegistriesImpl (MetricRegistriesImpl.java:lambda$create$1(61)) - First MetricRegistry has been created without registering reporters. You may need to call MetricRegistries.global().addReportRegistration(...) before.
2019-11-17 11:09:03,791 [pool-183-thread-1] WARN  impl.MetricRegistriesImpl (MetricRegistriesImpl.java:lambda$create$1(61)) - First MetricRegistry has been created without registering reporters. You may need to call MetricRegistries.global().addReportRegistration(...) before.
2019-11-17 11:09:03,791 [pool-203-thread-1] INFO  impl.RaftServerImpl (RaftServerImpl.java:start(184)) - e3fe17d3-3943-4d4c-b88c-d5052243b886@group-3631E1AADF49: start as a follower, conf=-1: [fa2fcff1-083d-4cf3-acfd-0486da9214fd:192.168.34.35:34313, e3fe17d3-3943-4d4c-b88c-d5052243b886:192.168.34.35:33574, 4c1e8795-b3d4-460e-8f85-df43444e9ba0:192.168.34.35:35525], old=null
2019-11-17 11:09:03,791 [pool-183-thread-1] INFO  impl.RaftServerImpl (RaftServerImpl.java:start(184)) - fa2fcff1-083d-4cf3-acfd-0486da9214fd@group-3631E1AADF49: start as a follower, conf=-1: [fa2fcff1-083d-4cf3-acfd-0486da9214fd:192.168.34.35:34313, e3fe17d3-3943-4d4c-b88c-d5052243b886:192.168.34.35:33574, 4c1e8795-b3d4-460e-8f85-df43444e9ba0:192.168.34.35:35525], old=null
2019-11-17 11:09:03,791 [pool-203-thread-1] INFO  impl.RaftServerImpl (RaftServerImpl.java:setRole(173)) - e3fe17d3-3943-4d4c-b88c-d5052243b886@group-3631E1AADF49: changes role from      null to FOLLOWER at term 0 for startAsFollower
2019-11-17 11:09:03,791 [pool-183-thread-1] INFO  impl.RaftServerImpl (RaftServerImpl.java:setRole(173)) - fa2fcff1-083d-4cf3-acfd-0486da9214fd@group-3631E1AADF49: changes role from      null to FOLLOWER at term 0 for startAsFollower
2019-11-17 11:09:03,791 [pool-203-thread-1] INFO  impl.RoleInfo (RoleInfo.java:updateAndGet(143)) - e3fe17d3-3943-4d4c-b88c-d5052243b886: start FollowerState
2019-11-17 11:09:03,791 [pool-183-thread-1] INFO  impl.RoleInfo (RoleInfo.java:updateAndGet(143)) - fa2fcff1-083d-4cf3-acfd-0486da9214fd: start FollowerState
2019-11-17 11:09:03,792 [pool-203-thread-1] INFO  util.JmxRegister (JmxRegister.java:tryRegister(44)) - Successfully registered JMX Bean with object name Ratis:service=RaftServer,group=group-3631E1AADF49,id=e3fe17d3-3943-4d4c-b88c-d5052243b886
2019-11-17 11:09:03,792 [pool-203-thread-1] WARN  impl.MetricRegistriesImpl (MetricRegistriesImpl.java:lambda$create$1(61)) - First MetricRegistry has been created without registering reporters. You may need to call MetricRegistries.global().addReportRegistration(...) before.
2019-11-17 11:09:03,792 [pool-183-thread-1] INFO  util.JmxRegister (JmxRegister.java:tryRegister(44)) - Successfully registered JMX Bean with object name Ratis:service=RaftServer,group=group-3631E1AADF49,id=fa2fcff1-083d-4cf3-acfd-0486da9214fd
2019-11-17 11:09:03,792 [pool-183-thread-1] WARN  impl.MetricRegistriesImpl (MetricRegistriesImpl.java:lambda$create$1(61)) - First MetricRegistry has been created without registering reporters. You may need to call MetricRegistries.global().addReportRegistration(...) before.
2019-11-17 11:09:03,794 [RatisPipelineUtilsThread] INFO  pipeline.PipelineStateManager (PipelineStateManager.java:addPipeline(55)) - Created pipeline Pipeline[ Id: fb7a4818-bb7c-4d26-851f-3631e1aadf49, Nodes: fa2fcff1-083d-4cf3-acfd-0486da9214fd{ip: 192.168.34.35, host: pr-hdds-2291-5997d-4279494527, networkLocation: /default-rack, certSerialId: null}4c1e8795-b3d4-460e-8f85-df43444e9ba0{ip: 192.168.34.35, host: pr-hdds-2291-5997d-4279494527, networkLocation: /default-rack, certSerialId: null}e3fe17d3-3943-4d4c-b88c-d5052243b886{ip: 192.168.34.35, host: pr-hdds-2291-5997d-4279494527, networkLocation: /default-rack, certSerialId: null}, Type:RATIS, Factor:THREE, State:ALLOCATED]
2019-11-17 11:09:03,795 [Thread-1686] INFO  pipeline.PipelineStateManager (PipelineStateManager.java:finalizePipeline(121)) - Pipeline Pipeline[ Id: 9029b223-5d93-4e50-b7c5-240f85207909, Nodes: 28ccac35-fb4f-4f0a-a99f-78d96ef6e430{ip: 192.168.34.35, host: pr-hdds-2291-5997d-4279494527, networkLocation: /default-rack, certSerialId: null}, Type:RATIS, Factor:ONE, State:CLOSED] moved to CLOSED state
2019-11-17 11:09:03,798 [grpc-default-executor-3] INFO  impl.RaftServerProxy (RaftServerProxy.java:remove(95)) - 28ccac35-fb4f-4f0a-a99f-78d96ef6e430: remove    LEADER 28ccac35-fb4f-4f0a-a99f-78d96ef6e430@group-240F85207909:t1, leader=28ccac35-fb4f-4f0a-a99f-78d96ef6e430, voted=28ccac35-fb4f-4f0a-a99f-78d96ef6e430, raftlog=28ccac35-fb4f-4f0a-a99f-78d96ef6e430@group-240F85207909-SegmentedRaftLog:OPENED:c0,f0,i0, conf=0: [28ccac35-fb4f-4f0a-a99f-78d96ef6e430:192.168.34.35:37581], old=null RUNNING
2019-11-17 11:09:03,800 [grpc-default-executor-3] INFO  impl.RaftServerImpl (RaftServerImpl.java:lambda$shutdown$3(250)) - 28ccac35-fb4f-4f0a-a99f-78d96ef6e430@group-240F85207909: shutdown
2019-11-17 11:09:03,800 [grpc-default-executor-3] INFO  util.JmxRegister (JmxRegister.java:unregister(73)) - Successfully un-registered JMX Bean with object name Ratis:service=RaftServer,group=group-240F85207909,id=28ccac35-fb4f-4f0a-a99f-78d96ef6e430
2019-11-17 11:09:03,800 [grpc-default-executor-3] INFO  impl.RoleInfo (RoleInfo.java:shutdownLeaderState(104)) - 28ccac35-fb4f-4f0a-a99f-78d96ef6e430: shutdown LeaderState
2019-11-17 11:09:03,800 [grpc-default-executor-3] INFO  impl.PendingRequests (PendingRequests.java:sendNotLeaderResponses(206)) - 28ccac35-fb4f-4f0a-a99f-78d96ef6e430@group-240F85207909-PendingRequests: sendNotLeaderResponses
2019-11-17 11:09:03,801 [grpc-default-executor-3] INFO  impl.StateMachineUpdater (StateMachineUpdater.java:stopAndJoin(136)) - 28ccac35-fb4f-4f0a-a99f-78d96ef6e430@group-240F85207909-StateMachineUpdater: set stopIndex = 0
2019-11-17 11:09:03,801 [grpc-default-executor-3] INFO  impl.RaftServerImpl (ServerState.java:close(387)) - 28ccac35-fb4f-4f0a-a99f-78d96ef6e430@group-240F85207909: closes. applyIndex: 0
2019-11-17 11:09:03,801 [28ccac35-fb4f-4f0a-a99f-78d96ef6e430@group-240F85207909-SegmentedRaftLogWorker] INFO  segmented.SegmentedRaftLogWorker (SegmentedRaftLogWorker.java:run(316)) - 28ccac35-fb4f-4f0a-a99f-78d96ef6e430@group-240F85207909-SegmentedRaftLogWorker was interrupted, exiting. There are 0 tasks remaining in the queue.
2019-11-17 11:09:03,801 [grpc-default-executor-3] INFO  segmented.SegmentedRaftLogWorker (SegmentedRaftLogWorker.java:close(224)) - 28ccac35-fb4f-4f0a-a99f-78d96ef6e430@group-240F85207909-SegmentedRaftLogWorker close()
2019-11-17 11:09:03,805 [Thread-1686] INFO  pipeline.PipelineStateManager (PipelineStateManager.java:removePipeline(106)) - Pipeline Pipeline[ Id: 9029b223-5d93-4e50-b7c5-240f85207909, Nodes: 28ccac35-fb4f-4f0a-a99f-78d96ef6e430{ip: 192.168.34.35, host: pr-hdds-2291-5997d-4279494527, networkLocation: /default-rack, certSerialId: null}, Type:RATIS, Factor:ONE, State:CLOSED] removed from db
2019-11-17 11:09:03,805 [Thread-1686] INFO  pipeline.SCMPipelineManager (SCMPipelineManager.java:finalizeAndDestroyPipeline(315)) - destroying pipeline:Pipeline[ Id: 65a2f38e-5e9c-4c0d-b23b-914c8dd38ca4, Nodes: 4c1e8795-b3d4-460e-8f85-df43444e9ba0{ip: 192.168.34.35, host: pr-hdds-2291-5997d-4279494527, networkLocation: /default-rack, certSerialId: null}, Type:RATIS, Factor:ONE, State:OPEN]
2019-11-17 11:09:03,808 [grpc-default-executor-3] INFO  impl.RaftServerProxy (RaftServerProxy.java:addNew(89)) - 28ccac35-fb4f-4f0a-a99f-78d96ef6e430: addNew group-59CEBA4C68AB:[28ccac35-fb4f-4f0a-a99f-78d96ef6e430:192.168.34.35:37581] returns group-59CEBA4C68AB:java.util.concurrent.CompletableFuture@f8d960a[Not completed]
2019-11-17 11:09:03,809 [pool-173-thread-1] INFO  impl.RaftServerImpl (RaftServerImpl.java:<init>(98)) - 28ccac35-fb4f-4f0a-a99f-78d96ef6e430: new RaftServerImpl for group-59CEBA4C68AB:[28ccac35-fb4f-4f0a-a99f-78d96ef6e430:192.168.34.35:37581] with ContainerStateMachine:uninitialized
2019-11-17 11:09:03,809 [pool-173-thread-1] INFO  server.RaftServerConfigKeys (ConfUtils.java:logGet(43)) - raft.server.rpc.timeout.min = 1s (custom)
2019-11-17 11:09:03,809 [pool-173-thread-1] INFO  server.RaftServerConfigKeys (ConfUtils.java:logGet(43)) - raft.server.rpc.timeout.max = 1200ms (custom)
2019-11-17 11:09:03,809 [pool-173-thread-1] INFO  server.RaftServerConfigKeys (ConfUtils.java:logGet(43)) - raft.server.rpcslowness.timeout = 120s (custom)
2019-11-17 11:09:03,809 [pool-173-thread-1] INFO  server.RaftServerConfigKeys (ConfUtils.java:logGet(43)) - raft.server.sleep.deviation.threshold = 300 (default)
2019-11-17 11:09:03,809 [pool-173-thread-1] INFO  server.RaftServerConfigKeys (ConfUtils.java:logGet(43)) - raft.server.log.appender.install.snapshot.enabled = false (custom)
2019-11-17 11:09:03,809 [pool-173-thread-1] INFO  impl.RaftServerImpl (ServerState.java:<init>(103)) - 28ccac35-fb4f-4f0a-a99f-78d96ef6e430@group-59CEBA4C68AB: ConfigurationManager, init=-1: [28ccac35-fb4f-4f0a-a99f-78d96ef6e430:192.168.34.35:37581], old=null, confs=<EMPTY_MAP>
2019-11-17 11:09:03,810 [pool-173-thread-1] INFO  server.RaftServerConfigKeys (ConfUtils.java:logGet(43)) - raft.server.storage.dir = [/workdir/hadoop-ozone/integration-test/target/test-dir/MiniOzoneClusterImpl-184704d8-2d26-4abc-9155-7ef0d3d35dfc/datanode-2/data/ratis] (custom)
2019-11-17 11:09:03,810 [pool-173-thread-1] INFO  server.RaftServerConfigKeys (ConfUtils.java:logGet(43)) - raft.server.log.corruption.policy = EXCEPTION (default)
2019-11-17 11:09:03,810 [pool-173-thread-1] INFO  storage.RaftStorageDirectory (RaftStorageDirectory.java:analyzeStorage(246)) - The storage directory /workdir/hadoop-ozone/integration-test/target/test-dir/MiniOzoneClusterImpl-184704d8-2d26-4abc-9155-7ef0d3d35dfc/datanode-2/data/ratis/8b053100-5f39-4c8b-9af1-59ceba4c68ab does not exist. Creating ...
2019-11-17 11:09:03,823 [pool-173-thread-1] INFO  storage.RaftStorageDirectory (RaftStorageDirectory.java:tryLock(328)) - Lock on /workdir/hadoop-ozone/integration-test/target/test-dir/MiniOzoneClusterImpl-184704d8-2d26-4abc-9155-7ef0d3d35dfc/datanode-2/data/ratis/8b053100-5f39-4c8b-9af1-59ceba4c68ab/in_use.lock acquired by nodename 13849@pr-hdds-2291-5997d-4279494527
2019-11-17 11:09:03,835 [pool-173-thread-1] INFO  storage.RaftStorage (RaftStorage.java:format(84)) - Storage directory /workdir/hadoop-ozone/integration-test/target/test-dir/MiniOzoneClusterImpl-184704d8-2d26-4abc-9155-7ef0d3d35dfc/datanode-2/data/ratis/8b053100-5f39-4c8b-9af1-59ceba4c68ab has been successfully formatted.
2019-11-17 11:09:03,836 [pool-173-thread-1] INFO  ratis.ContainerStateMachine (ContainerStateMachine.java:loadSnapshot(223)) - group-59CEBA4C68AB: The snapshot info is null. Setting the last applied indexto:(t:0, i:~)
2019-11-17 11:09:03,836 [pool-173-thread-1] INFO  server.RaftServerConfigKeys (ConfUtils.java:logGet(43)) - raft.server.notification.no-leader.timeout = 120s (custom)
2019-11-17 11:09:03,836 [pool-173-thread-1] INFO  server.RaftServerConfigKeys (ConfUtils.java:logGet(43)) - raft.server.log.use.memory = false (default)
2019-11-17 11:09:03,836 [pool-173-thread-1] INFO  server.RaftServerConfigKeys (ConfUtils.java:logGet(43)) - raft.server.log.purge.gap = 1000000 (custom)
2019-11-17 11:09:03,836 [pool-173-thread-1] INFO  server.RaftServerConfigKeys (ConfUtils.java:logGet(43)) - raft.server.log.appender.buffer.byte-limit = 33554432 (custom)
2019-11-17 11:09:03,836 [pool-173-thread-1] INFO  server.RaftServerConfigKeys (ConfUtils.java:logGet(43)) - raft.server.log.segment.size.max = 1048576 (custom)
2019-11-17 11:09:03,836 [pool-173-thread-1] INFO  server.RaftServerConfigKeys (ConfUtils.java:logGet(43)) - raft.server.log.segment.cache.num.max = 2 (custom)
2019-11-17 11:09:03,836 [pool-173-thread-1] INFO  segmented.SegmentedRaftLogWorker (SegmentedRaftLogWorker.java:<init>(173)) - new 28ccac35-fb4f-4f0a-a99f-78d96ef6e430@group-59CEBA4C68AB-SegmentedRaftLogWorker for RaftStorage:Storage Directory /workdir/hadoop-ozone/integration-test/target/test-dir/MiniOzoneClusterImpl-184704d8-2d26-4abc-9155-7ef0d3d35dfc/datanode-2/data/ratis/8b053100-5f39-4c8b-9af1-59ceba4c68ab
2019-11-17 11:09:03,836 [pool-173-thread-1] INFO  server.RaftServerConfigKeys (ConfUtils.java:logGet(43)) - raft.server.log.queue.byte-limit = 2147483647 (custom)
2019-11-17 11:09:03,836 [pool-173-thread-1] INFO  server.RaftServerConfigKeys (ConfUtils.java:logGet(43)) - raft.server.log.queue.element-limit = 1024 (custom)
2019-11-17 11:09:03,837 [pool-173-thread-1] INFO  server.RaftServerConfigKeys (ConfUtils.java:logGet(43)) - raft.server.log.segment.size.max = 1048576 (custom)
2019-11-17 11:09:03,837 [pool-173-thread-1] INFO  server.RaftServerConfigKeys (ConfUtils.java:logGet(43)) - raft.server.log.preallocated.size = 16384 (custom)
2019-11-17 11:09:03,837 [pool-173-thread-1] INFO  server.RaftServerConfigKeys (ConfUtils.java:logGet(43)) - raft.server.log.write.buffer.size = 33554432 (custom)
2019-11-17 11:09:03,837 [pool-173-thread-1] INFO  server.RaftServerConfigKeys (ConfUtils.java:logGet(43)) - raft.server.log.force.sync.num = 128 (default)
2019-11-17 11:09:03,837 [pool-173-thread-1] INFO  server.RaftServerConfigKeys (ConfUtils.java:logGet(43)) - raft.server.log.statemachine.data.sync = true (default)
2019-11-17 11:09:03,837 [pool-173-thread-1] INFO  server.RaftServerConfigKeys (ConfUtils.java:logGet(43)) - raft.server.log.statemachine.data.sync.timeout = 10s (default)
2019-11-17 11:09:03,837 [pool-173-thread-1] INFO  server.RaftServerConfigKeys (ConfUtils.java:logGet(43)) - raft.server.log.statemachine.data.sync.timeout.retry = -1 (default)
2019-11-17 11:09:03,837 [pool-173-thread-1] INFO  server.RaftServerConfigKeys (ConfUtils.java:logGet(43)) - raft.server.log.statemachine.data.caching.enabled = true (custom)
2019-11-17 11:09:03,838 [pool-173-thread-1] INFO  segmented.SegmentedRaftLogWorker (SegmentedRaftLogWorker.java:lambda$new$0(128)) - 28ccac35-fb4f-4f0a-a99f-78d96ef6e430@group-59CEBA4C68AB-SegmentedRaftLogWorker: flushIndex: setUnconditionally 0 -> -1
2019-11-17 11:09:03,838 [pool-173-thread-1] INFO  server.RaftServerConfigKeys (ConfUtils.java:logGet(43)) - raft.server.snapshot.auto.trigger.enabled = true (custom)
2019-11-17 11:09:03,838 [pool-173-thread-1] INFO  server.RaftServerConfigKeys (ConfUtils.java:logGet(43)) - raft.server.snapshot.auto.trigger.threshold = 10000 (custom)
2019-11-17 11:09:03,838 [pool-173-thread-1] INFO  server.RaftServerConfigKeys (ConfUtils.java:logGet(43)) - raft.server.snapshot.retention.file.num = 5 (custom)
2019-11-17 11:09:03,838 [pool-173-thread-1] INFO  server.RaftServerConfigKeys (ConfUtils.java:logGet(43)) - raft.server.retrycache.expirytime = 600000ms (custom)
2019-11-17 11:09:03,839 [pool-173-thread-1] WARN  impl.MetricRegistriesImpl (MetricRegistriesImpl.java:lambda$create$1(61)) - First MetricRegistry has been created without registering reporters. You may need to call MetricRegistries.global().addReportRegistration(...) before.
2019-11-17 11:09:03,839 [pool-173-thread-1] WARN  impl.MetricRegistriesImpl (MetricRegistriesImpl.java:lambda$create$1(61)) - First MetricRegistry has been created without registering reporters. You may need to call MetricRegistries.global().addReportRegistration(...) before.
2019-11-17 11:09:03,839 [pool-173-thread-1] INFO  impl.RaftServerImpl (RaftServerImpl.java:start(184)) - 28ccac35-fb4f-4f0a-a99f-78d96ef6e430@group-59CEBA4C68AB: start as a follower, conf=-1: [28ccac35-fb4f-4f0a-a99f-78d96ef6e430:192.168.34.35:37581], old=null
2019-11-17 11:09:03,839 [pool-173-thread-1] INFO  impl.RaftServerImpl (RaftServerImpl.java:setRole(173)) - 28ccac35-fb4f-4f0a-a99f-78d96ef6e430@group-59CEBA4C68AB: changes role from      null to FOLLOWER at term 0 for startAsFollower
2019-11-17 11:09:03,839 [pool-173-thread-1] INFO  impl.RoleInfo (RoleInfo.java:updateAndGet(143)) - 28ccac35-fb4f-4f0a-a99f-78d96ef6e430: start FollowerState
2019-11-17 11:09:03,844 [pool-173-thread-1] INFO  util.JmxRegister (JmxRegister.java:tryRegister(44)) - Successfully registered JMX Bean with object name Ratis:service=RaftServer,group=group-59CEBA4C68AB,id=28ccac35-fb4f-4f0a-a99f-78d96ef6e430
2019-11-17 11:09:03,844 [pool-173-thread-1] WARN  impl.MetricRegistriesImpl (MetricRegistriesImpl.java:lambda$create$1(61)) - First MetricRegistry has been created without registering reporters. You may need to call MetricRegistries.global().addReportRegistration(...) before.
2019-11-17 11:09:03,850 [RatisPipelineUtilsThread] INFO  pipeline.PipelineStateManager (PipelineStateManager.java:addPipeline(55)) - Created pipeline Pipeline[ Id: 8b053100-5f39-4c8b-9af1-59ceba4c68ab, Nodes: 28ccac35-fb4f-4f0a-a99f-78d96ef6e430{ip: 192.168.34.35, host: pr-hdds-2291-5997d-4279494527, networkLocation: /default-rack, certSerialId: null}, Type:RATIS, Factor:ONE, State:ALLOCATED]
2019-11-17 11:09:03,851 [Thread-1686] INFO  pipeline.PipelineStateManager (PipelineStateManager.java:finalizePipeline(121)) - Pipeline Pipeline[ Id: 65a2f38e-5e9c-4c0d-b23b-914c8dd38ca4, Nodes: 4c1e8795-b3d4-460e-8f85-df43444e9ba0{ip: 192.168.34.35, host: pr-hdds-2291-5997d-4279494527, networkLocation: /default-rack, certSerialId: null}, Type:RATIS, Factor:ONE, State:CLOSED] moved to CLOSED state
2019-11-17 11:09:03,854 [grpc-default-executor-3] INFO  impl.RaftServerProxy (RaftServerProxy.java:remove(95)) - 4c1e8795-b3d4-460e-8f85-df43444e9ba0: remove    LEADER 4c1e8795-b3d4-460e-8f85-df43444e9ba0@group-914C8DD38CA4:t1, leader=4c1e8795-b3d4-460e-8f85-df43444e9ba0, voted=4c1e8795-b3d4-460e-8f85-df43444e9ba0, raftlog=4c1e8795-b3d4-460e-8f85-df43444e9ba0@group-914C8DD38CA4-SegmentedRaftLog:OPENED:c0,f0,i0, conf=0: [4c1e8795-b3d4-460e-8f85-df43444e9ba0:192.168.34.35:35525], old=null RUNNING
2019-11-17 11:09:03,854 [grpc-default-executor-3] INFO  impl.RaftServerImpl (RaftServerImpl.java:lambda$shutdown$3(250)) - 4c1e8795-b3d4-460e-8f85-df43444e9ba0@group-914C8DD38CA4: shutdown
2019-11-17 11:09:03,855 [grpc-default-executor-3] INFO  util.JmxRegister (JmxRegister.java:unregister(73)) - Successfully un-registered JMX Bean with object name Ratis:service=RaftServer,group=group-914C8DD38CA4,id=4c1e8795-b3d4-460e-8f85-df43444e9ba0
2019-11-17 11:09:03,855 [grpc-default-executor-3] INFO  impl.RoleInfo (RoleInfo.java:shutdownLeaderState(104)) - 4c1e8795-b3d4-460e-8f85-df43444e9ba0: shutdown LeaderState
2019-11-17 11:09:03,855 [grpc-default-executor-3] INFO  impl.PendingRequests (PendingRequests.java:sendNotLeaderResponses(206)) - 4c1e8795-b3d4-460e-8f85-df43444e9ba0@group-914C8DD38CA4-PendingRequests: sendNotLeaderResponses
2019-11-17 11:09:03,855 [grpc-default-executor-3] INFO  impl.StateMachineUpdater (StateMachineUpdater.java:stopAndJoin(136)) - 4c1e8795-b3d4-460e-8f85-df43444e9ba0@group-914C8DD38CA4-StateMachineUpdater: set stopIndex = 0
2019-11-17 11:09:03,855 [grpc-default-executor-3] INFO  impl.RaftServerImpl (ServerState.java:close(387)) - 4c1e8795-b3d4-460e-8f85-df43444e9ba0@group-914C8DD38CA4: closes. applyIndex: 0
2019-11-17 11:09:03,856 [4c1e8795-b3d4-460e-8f85-df43444e9ba0@group-914C8DD38CA4-SegmentedRaftLogWorker] INFO  segmented.SegmentedRaftLogWorker (SegmentedRaftLogWorker.java:run(316)) - 4c1e8795-b3d4-460e-8f85-df43444e9ba0@group-914C8DD38CA4-SegmentedRaftLogWorker was interrupted, exiting. There are 0 tasks remaining in the queue.
2019-11-17 11:09:03,856 [grpc-default-executor-3] INFO  segmented.SegmentedRaftLogWorker (SegmentedRaftLogWorker.java:close(224)) - 4c1e8795-b3d4-460e-8f85-df43444e9ba0@group-914C8DD38CA4-SegmentedRaftLogWorker close()
2019-11-17 11:09:03,860 [Thread-1686] INFO  pipeline.PipelineStateManager (PipelineStateManager.java:removePipeline(106)) - Pipeline Pipeline[ Id: 65a2f38e-5e9c-4c0d-b23b-914c8dd38ca4, Nodes: 4c1e8795-b3d4-460e-8f85-df43444e9ba0{ip: 192.168.34.35, host: pr-hdds-2291-5997d-4279494527, networkLocation: /default-rack, certSerialId: null}, Type:RATIS, Factor:ONE, State:CLOSED] removed from db
2019-11-17 11:09:03,860 [Thread-1686] INFO  pipeline.SCMPipelineManager (SCMPipelineManager.java:finalizeAndDestroyPipeline(315)) - destroying pipeline:Pipeline[ Id: 4429a5ba-c4d6-4d2d-b149-fea4454d07e7, Nodes: ce4f5a27-7d6e-4546-9ae5-5afbf9a8c00c{ip: 192.168.34.35, host: pr-hdds-2291-5997d-4279494527, networkLocation: /default-rack, certSerialId: null}, Type:RATIS, Factor:ONE, State:OPEN]
2019-11-17 11:09:03,863 [grpc-default-executor-3] INFO  impl.RaftServerProxy (RaftServerProxy.java:addNew(89)) - 4c1e8795-b3d4-460e-8f85-df43444e9ba0: addNew group-8330AF8A611E:[4c1e8795-b3d4-460e-8f85-df43444e9ba0:192.168.34.35:35525] returns group-8330AF8A611E:java.util.concurrent.CompletableFuture@156c26b4[Not completed]
2019-11-17 11:09:03,865 [pool-193-thread-1] INFO  impl.RaftServerImpl (RaftServerImpl.java:<init>(98)) - 4c1e8795-b3d4-460e-8f85-df43444e9ba0: new RaftServerImpl for group-8330AF8A611E:[4c1e8795-b3d4-460e-8f85-df43444e9ba0:192.168.34.35:35525] with ContainerStateMachine:uninitialized
2019-11-17 11:09:03,865 [pool-193-thread-1] INFO  server.RaftServerConfigKeys (ConfUtils.java:logGet(43)) - raft.server.rpc.timeout.min = 1s (custom)
2019-11-17 11:09:03,865 [pool-193-thread-1] INFO  server.RaftServerConfigKeys (ConfUtils.java:logGet(43)) - raft.server.rpc.timeout.max = 1200ms (custom)
2019-11-17 11:09:03,865 [pool-193-thread-1] INFO  server.RaftServerConfigKeys (ConfUtils.java:logGet(43)) - raft.server.rpcslowness.timeout = 120s (custom)
2019-11-17 11:09:03,865 [pool-193-thread-1] INFO  server.RaftServerConfigKeys (ConfUtils.java:logGet(43)) - raft.server.sleep.deviation.threshold = 300 (default)
2019-11-17 11:09:03,865 [pool-193-thread-1] INFO  server.RaftServerConfigKeys (ConfUtils.java:logGet(43)) - raft.server.log.appender.install.snapshot.enabled = false (custom)
2019-11-17 11:09:03,865 [pool-193-thread-1] INFO  impl.RaftServerImpl (ServerState.java:<init>(103)) - 4c1e8795-b3d4-460e-8f85-df43444e9ba0@group-8330AF8A611E: ConfigurationManager, init=-1: [4c1e8795-b3d4-460e-8f85-df43444e9ba0:192.168.34.35:35525], old=null, confs=<EMPTY_MAP>
2019-11-17 11:09:03,866 [pool-193-thread-1] INFO  server.RaftServerConfigKeys (ConfUtils.java:logGet(43)) - raft.server.storage.dir = [/workdir/hadoop-ozone/integration-test/target/test-dir/MiniOzoneClusterImpl-184704d8-2d26-4abc-9155-7ef0d3d35dfc/datanode-4/data/ratis] (custom)
2019-11-17 11:09:03,866 [pool-193-thread-1] INFO  server.RaftServerConfigKeys (ConfUtils.java:logGet(43)) - raft.server.log.corruption.policy = EXCEPTION (default)
2019-11-17 11:09:03,866 [pool-193-thread-1] INFO  storage.RaftStorageDirectory (RaftStorageDirectory.java:analyzeStorage(246)) - The storage directory /workdir/hadoop-ozone/integration-test/target/test-dir/MiniOzoneClusterImpl-184704d8-2d26-4abc-9155-7ef0d3d35dfc/datanode-4/data/ratis/6e550739-8835-47f4-8727-8330af8a611e does not exist. Creating ...
2019-11-17 11:09:03,878 [pool-193-thread-1] INFO  storage.RaftStorageDirectory (RaftStorageDirectory.java:tryLock(328)) - Lock on /workdir/hadoop-ozone/integration-test/target/test-dir/MiniOzoneClusterImpl-184704d8-2d26-4abc-9155-7ef0d3d35dfc/datanode-4/data/ratis/6e550739-8835-47f4-8727-8330af8a611e/in_use.lock acquired by nodename 13849@pr-hdds-2291-5997d-4279494527
2019-11-17 11:09:03,891 [pool-193-thread-1] INFO  storage.RaftStorage (RaftStorage.java:format(84)) - Storage directory /workdir/hadoop-ozone/integration-test/target/test-dir/MiniOzoneClusterImpl-184704d8-2d26-4abc-9155-7ef0d3d35dfc/datanode-4/data/ratis/6e550739-8835-47f4-8727-8330af8a611e has been successfully formatted.
2019-11-17 11:09:03,891 [pool-193-thread-1] INFO  ratis.ContainerStateMachine (ContainerStateMachine.java:loadSnapshot(223)) - group-8330AF8A611E: The snapshot info is null. Setting the last applied indexto:(t:0, i:~)
2019-11-17 11:09:03,892 [pool-193-thread-1] INFO  server.RaftServerConfigKeys (ConfUtils.java:logGet(43)) - raft.server.notification.no-leader.timeout = 120s (custom)
2019-11-17 11:09:03,892 [pool-193-thread-1] INFO  server.RaftServerConfigKeys (ConfUtils.java:logGet(43)) - raft.server.log.use.memory = false (default)
2019-11-17 11:09:03,892 [pool-193-thread-1] INFO  server.RaftServerConfigKeys (ConfUtils.java:logGet(43)) - raft.server.log.purge.gap = 1000000 (custom)
2019-11-17 11:09:03,892 [pool-193-thread-1] INFO  server.RaftServerConfigKeys (ConfUtils.java:logGet(43)) - raft.server.log.appender.buffer.byte-limit = 33554432 (custom)
2019-11-17 11:09:03,892 [pool-193-thread-1] INFO  server.RaftServerConfigKeys (ConfUtils.java:logGet(43)) - raft.server.log.segment.size.max = 1048576 (custom)
2019-11-17 11:09:03,892 [pool-193-thread-1] INFO  server.RaftServerConfigKeys (ConfUtils.java:logGet(43)) - raft.server.log.segment.cache.num.max = 2 (custom)
2019-11-17 11:09:03,892 [pool-193-thread-1] INFO  segmented.SegmentedRaftLogWorker (SegmentedRaftLogWorker.java:<init>(173)) - new 4c1e8795-b3d4-460e-8f85-df43444e9ba0@group-8330AF8A611E-SegmentedRaftLogWorker for RaftStorage:Storage Directory /workdir/hadoop-ozone/integration-test/target/test-dir/MiniOzoneClusterImpl-184704d8-2d26-4abc-9155-7ef0d3d35dfc/datanode-4/data/ratis/6e550739-8835-47f4-8727-8330af8a611e
2019-11-17 11:09:03,892 [pool-193-thread-1] INFO  server.RaftServerConfigKeys (ConfUtils.java:logGet(43)) - raft.server.log.queue.byte-limit = 2147483647 (custom)
2019-11-17 11:09:03,892 [pool-193-thread-1] INFO  server.RaftServerConfigKeys (ConfUtils.java:logGet(43)) - raft.server.log.queue.element-limit = 1024 (custom)
2019-11-17 11:09:03,892 [pool-193-thread-1] INFO  server.RaftServerConfigKeys (ConfUtils.java:logGet(43)) - raft.server.log.segment.size.max = 1048576 (custom)
2019-11-17 11:09:03,892 [pool-193-thread-1] INFO  server.RaftServerConfigKeys (ConfUtils.java:logGet(43)) - raft.server.log.preallocated.size = 16384 (custom)
2019-11-17 11:09:03,893 [pool-193-thread-1] INFO  server.RaftServerConfigKeys (ConfUtils.java:logGet(43)) - raft.server.log.write.buffer.size = 33554432 (custom)
2019-11-17 11:09:03,893 [pool-193-thread-1] INFO  server.RaftServerConfigKeys (ConfUtils.java:logGet(43)) - raft.server.log.force.sync.num = 128 (default)
2019-11-17 11:09:03,893 [pool-193-thread-1] INFO  server.RaftServerConfigKeys (ConfUtils.java:logGet(43)) - raft.server.log.statemachine.data.sync = true (default)
2019-11-17 11:09:03,893 [pool-193-thread-1] INFO  server.RaftServerConfigKeys (ConfUtils.java:logGet(43)) - raft.server.log.statemachine.data.sync.timeout = 10s (default)
2019-11-17 11:09:03,893 [pool-193-thread-1] INFO  server.RaftServerConfigKeys (ConfUtils.java:logGet(43)) - raft.server.log.statemachine.data.sync.timeout.retry = -1 (default)
2019-11-17 11:09:03,893 [pool-193-thread-1] INFO  server.RaftServerConfigKeys (ConfUtils.java:logGet(43)) - raft.server.log.statemachine.data.caching.enabled = true (custom)
2019-11-17 11:09:03,893 [pool-193-thread-1] INFO  segmented.SegmentedRaftLogWorker (SegmentedRaftLogWorker.java:lambda$new$0(128)) - 4c1e8795-b3d4-460e-8f85-df43444e9ba0@group-8330AF8A611E-SegmentedRaftLogWorker: flushIndex: setUnconditionally 0 -> -1
2019-11-17 11:09:03,893 [pool-193-thread-1] INFO  server.RaftServerConfigKeys (ConfUtils.java:logGet(43)) - raft.server.snapshot.auto.trigger.enabled = true (custom)
2019-11-17 11:09:03,893 [pool-193-thread-1] INFO  server.RaftServerConfigKeys (ConfUtils.java:logGet(43)) - raft.server.snapshot.auto.trigger.threshold = 10000 (custom)
2019-11-17 11:09:03,894 [pool-193-thread-1] INFO  server.RaftServerConfigKeys (ConfUtils.java:logGet(43)) - raft.server.snapshot.retention.file.num = 5 (custom)
2019-11-17 11:09:03,894 [pool-193-thread-1] INFO  server.RaftServerConfigKeys (ConfUtils.java:logGet(43)) - raft.server.retrycache.expirytime = 600000ms (custom)
2019-11-17 11:09:03,894 [pool-193-thread-1] WARN  impl.MetricRegistriesImpl (MetricRegistriesImpl.java:lambda$create$1(61)) - First MetricRegistry has been created without registering reporters. You may need to call MetricRegistries.global().addReportRegistration(...) before.
2019-11-17 11:09:03,894 [pool-193-thread-1] WARN  impl.MetricRegistriesImpl (MetricRegistriesImpl.java:lambda$create$1(61)) - First MetricRegistry has been created without registering reporters. You may need to call MetricRegistries.global().addReportRegistration(...) before.
2019-11-17 11:09:03,894 [pool-193-thread-1] INFO  impl.RaftServerImpl (RaftServerImpl.java:start(184)) - 4c1e8795-b3d4-460e-8f85-df43444e9ba0@group-8330AF8A611E: start as a follower, conf=-1: [4c1e8795-b3d4-460e-8f85-df43444e9ba0:192.168.34.35:35525], old=null
2019-11-17 11:09:03,894 [pool-193-thread-1] INFO  impl.RaftServerImpl (RaftServerImpl.java:setRole(173)) - 4c1e8795-b3d4-460e-8f85-df43444e9ba0@group-8330AF8A611E: changes role from      null to FOLLOWER at term 0 for startAsFollower
2019-11-17 11:09:03,894 [pool-193-thread-1] INFO  impl.RoleInfo (RoleInfo.java:updateAndGet(143)) - 4c1e8795-b3d4-460e-8f85-df43444e9ba0: start FollowerState
2019-11-17 11:09:03,895 [pool-193-thread-1] INFO  util.JmxRegister (JmxRegister.java:tryRegister(44)) - Successfully registered JMX Bean with object name Ratis:service=RaftServer,group=group-8330AF8A611E,id=4c1e8795-b3d4-460e-8f85-df43444e9ba0
2019-11-17 11:09:03,895 [pool-193-thread-1] WARN  impl.MetricRegistriesImpl (MetricRegistriesImpl.java:lambda$create$1(61)) - First MetricRegistry has been created without registering reporters. You may need to call MetricRegistries.global().addReportRegistration(...) before.
2019-11-17 11:09:03,897 [RatisPipelineUtilsThread] INFO  pipeline.PipelineStateManager (PipelineStateManager.java:addPipeline(55)) - Created pipeline Pipeline[ Id: 6e550739-8835-47f4-8727-8330af8a611e, Nodes: 4c1e8795-b3d4-460e-8f85-df43444e9ba0{ip: 192.168.34.35, host: pr-hdds-2291-5997d-4279494527, networkLocation: /default-rack, certSerialId: null}, Type:RATIS, Factor:ONE, State:ALLOCATED]
2019-11-17 11:09:03,897 [Thread-1686] INFO  pipeline.PipelineStateManager (PipelineStateManager.java:finalizePipeline(121)) - Pipeline Pipeline[ Id: 4429a5ba-c4d6-4d2d-b149-fea4454d07e7, Nodes: ce4f5a27-7d6e-4546-9ae5-5afbf9a8c00c{ip: 192.168.34.35, host: pr-hdds-2291-5997d-4279494527, networkLocation: /default-rack, certSerialId: null}, Type:RATIS, Factor:ONE, State:CLOSED] moved to CLOSED state
2019-11-17 11:09:03,901 [grpc-default-executor-3] INFO  impl.RaftServerProxy (RaftServerProxy.java:remove(95)) - ce4f5a27-7d6e-4546-9ae5-5afbf9a8c00c: remove    LEADER ce4f5a27-7d6e-4546-9ae5-5afbf9a8c00c@group-FEA4454D07E7:t1, leader=ce4f5a27-7d6e-4546-9ae5-5afbf9a8c00c, voted=ce4f5a27-7d6e-4546-9ae5-5afbf9a8c00c, raftlog=ce4f5a27-7d6e-4546-9ae5-5afbf9a8c00c@group-FEA4454D07E7-SegmentedRaftLog:OPENED:c0,f0,i0, conf=0: [ce4f5a27-7d6e-4546-9ae5-5afbf9a8c00c:192.168.34.35:44254], old=null RUNNING
2019-11-17 11:09:03,901 [grpc-default-executor-3] INFO  impl.RaftServerImpl (RaftServerImpl.java:lambda$shutdown$3(250)) - ce4f5a27-7d6e-4546-9ae5-5afbf9a8c00c@group-FEA4454D07E7: shutdown
2019-11-17 11:09:03,901 [grpc-default-executor-3] INFO  util.JmxRegister (JmxRegister.java:unregister(73)) - Successfully un-registered JMX Bean with object name Ratis:service=RaftServer,group=group-FEA4454D07E7,id=ce4f5a27-7d6e-4546-9ae5-5afbf9a8c00c
2019-11-17 11:09:03,901 [grpc-default-executor-3] INFO  impl.RoleInfo (RoleInfo.java:shutdownLeaderState(104)) - ce4f5a27-7d6e-4546-9ae5-5afbf9a8c00c: shutdown LeaderState
2019-11-17 11:09:03,902 [grpc-default-executor-3] INFO  impl.PendingRequests (PendingRequests.java:sendNotLeaderResponses(206)) - ce4f5a27-7d6e-4546-9ae5-5afbf9a8c00c@group-FEA4454D07E7-PendingRequests: sendNotLeaderResponses
2019-11-17 11:09:03,902 [grpc-default-executor-3] INFO  impl.StateMachineUpdater (StateMachineUpdater.java:stopAndJoin(136)) - ce4f5a27-7d6e-4546-9ae5-5afbf9a8c00c@group-FEA4454D07E7-StateMachineUpdater: set stopIndex = 0
2019-11-17 11:09:03,902 [grpc-default-executor-3] INFO  impl.RaftServerImpl (ServerState.java:close(387)) - ce4f5a27-7d6e-4546-9ae5-5afbf9a8c00c@group-FEA4454D07E7: closes. applyIndex: 0
2019-11-17 11:09:03,902 [ce4f5a27-7d6e-4546-9ae5-5afbf9a8c00c@group-FEA4454D07E7-SegmentedRaftLogWorker] INFO  segmented.SegmentedRaftLogWorker (SegmentedRaftLogWorker.java:run(316)) - ce4f5a27-7d6e-4546-9ae5-5afbf9a8c00c@group-FEA4454D07E7-SegmentedRaftLogWorker was interrupted, exiting. There are 0 tasks remaining in the queue.
2019-11-17 11:09:03,902 [grpc-default-executor-3] INFO  segmented.SegmentedRaftLogWorker (SegmentedRaftLogWorker.java:close(224)) - ce4f5a27-7d6e-4546-9ae5-5afbf9a8c00c@group-FEA4454D07E7-SegmentedRaftLogWorker close()
2019-11-17 11:09:03,906 [Thread-1686] INFO  pipeline.PipelineStateManager (PipelineStateManager.java:removePipeline(106)) - Pipeline Pipeline[ Id: 4429a5ba-c4d6-4d2d-b149-fea4454d07e7, Nodes: ce4f5a27-7d6e-4546-9ae5-5afbf9a8c00c{ip: 192.168.34.35, host: pr-hdds-2291-5997d-4279494527, networkLocation: /default-rack, certSerialId: null}, Type:RATIS, Factor:ONE, State:CLOSED] removed from db
2019-11-17 11:09:03,910 [grpc-default-executor-3] INFO  impl.RaftServerProxy (RaftServerProxy.java:addNew(89)) - ce4f5a27-7d6e-4546-9ae5-5afbf9a8c00c: addNew group-1FFB3CC9C3DC:[ce4f5a27-7d6e-4546-9ae5-5afbf9a8c00c:192.168.34.35:44254] returns group-1FFB3CC9C3DC:java.util.concurrent.CompletableFuture@42e8ea54[Not completed]
2019-11-17 11:09:03,911 [pool-153-thread-1] INFO  impl.RaftServerImpl (RaftServerImpl.java:<init>(98)) - ce4f5a27-7d6e-4546-9ae5-5afbf9a8c00c: new RaftServerImpl for group-1FFB3CC9C3DC:[ce4f5a27-7d6e-4546-9ae5-5afbf9a8c00c:192.168.34.35:44254] with ContainerStateMachine:uninitialized
2019-11-17 11:09:03,912 [pool-153-thread-1] INFO  server.RaftServerConfigKeys (ConfUtils.java:logGet(43)) - raft.server.rpc.timeout.min = 1s (custom)
2019-11-17 11:09:03,912 [pool-153-thread-1] INFO  server.RaftServerConfigKeys (ConfUtils.java:logGet(43)) - raft.server.rpc.timeout.max = 1200ms (custom)
2019-11-17 11:09:03,912 [pool-153-thread-1] INFO  server.RaftServerConfigKeys (ConfUtils.java:logGet(43)) - raft.server.rpcslowness.timeout = 120s (custom)
2019-11-17 11:09:03,912 [pool-153-thread-1] INFO  server.RaftServerConfigKeys (ConfUtils.java:logGet(43)) - raft.server.sleep.deviation.threshold = 300 (default)
2019-11-17 11:09:03,912 [pool-153-thread-1] INFO  server.RaftServerConfigKeys (ConfUtils.java:logGet(43)) - raft.server.log.appender.install.snapshot.enabled = false (custom)
2019-11-17 11:09:03,912 [pool-153-thread-1] INFO  impl.RaftServerImpl (ServerState.java:<init>(103)) - ce4f5a27-7d6e-4546-9ae5-5afbf9a8c00c@group-1FFB3CC9C3DC: ConfigurationManager, init=-1: [ce4f5a27-7d6e-4546-9ae5-5afbf9a8c00c:192.168.34.35:44254], old=null, confs=<EMPTY_MAP>
2019-11-17 11:09:03,912 [pool-153-thread-1] INFO  server.RaftServerConfigKeys (ConfUtils.java:logGet(43)) - raft.server.storage.dir = [/workdir/hadoop-ozone/integration-test/target/test-dir/MiniOzoneClusterImpl-184704d8-2d26-4abc-9155-7ef0d3d35dfc/datanode-0/data/ratis] (custom)
2019-11-17 11:09:03,913 [pool-153-thread-1] INFO  server.RaftServerConfigKeys (ConfUtils.java:logGet(43)) - raft.server.log.corruption.policy = EXCEPTION (default)
2019-11-17 11:09:03,913 [pool-153-thread-1] INFO  storage.RaftStorageDirectory (RaftStorageDirectory.java:analyzeStorage(246)) - The storage directory /workdir/hadoop-ozone/integration-test/target/test-dir/MiniOzoneClusterImpl-184704d8-2d26-4abc-9155-7ef0d3d35dfc/datanode-0/data/ratis/ebd9ee88-382b-4878-9aac-1ffb3cc9c3dc does not exist. Creating ...
2019-11-17 11:09:03,926 [pool-153-thread-1] INFO  storage.RaftStorageDirectory (RaftStorageDirectory.java:tryLock(328)) - Lock on /workdir/hadoop-ozone/integration-test/target/test-dir/MiniOzoneClusterImpl-184704d8-2d26-4abc-9155-7ef0d3d35dfc/datanode-0/data/ratis/ebd9ee88-382b-4878-9aac-1ffb3cc9c3dc/in_use.lock acquired by nodename 13849@pr-hdds-2291-5997d-4279494527
2019-11-17 11:09:03,939 [pool-153-thread-1] INFO  storage.RaftStorage (RaftStorage.java:format(84)) - Storage directory /workdir/hadoop-ozone/integration-test/target/test-dir/MiniOzoneClusterImpl-184704d8-2d26-4abc-9155-7ef0d3d35dfc/datanode-0/data/ratis/ebd9ee88-382b-4878-9aac-1ffb3cc9c3dc has been successfully formatted.
2019-11-17 11:09:03,939 [pool-153-thread-1] INFO  ratis.ContainerStateMachine (ContainerStateMachine.java:loadSnapshot(223)) - group-1FFB3CC9C3DC: The snapshot info is null. Setting the last applied indexto:(t:0, i:~)
2019-11-17 11:09:03,939 [pool-153-thread-1] INFO  server.RaftServerConfigKeys (ConfUtils.java:logGet(43)) - raft.server.notification.no-leader.timeout = 120s (custom)
2019-11-17 11:09:03,939 [pool-153-thread-1] INFO  server.RaftServerConfigKeys (ConfUtils.java:logGet(43)) - raft.server.log.use.memory = false (default)
2019-11-17 11:09:03,940 [pool-153-thread-1] INFO  server.RaftServerConfigKeys (ConfUtils.java:logGet(43)) - raft.server.log.purge.gap = 1000000 (custom)
2019-11-17 11:09:03,940 [pool-153-thread-1] INFO  server.RaftServerConfigKeys (ConfUtils.java:logGet(43)) - raft.server.log.appender.buffer.byte-limit = 33554432 (custom)
2019-11-17 11:09:03,940 [pool-153-thread-1] INFO  server.RaftServerConfigKeys (ConfUtils.java:logGet(43)) - raft.server.log.segment.size.max = 1048576 (custom)
2019-11-17 11:09:03,940 [pool-153-thread-1] INFO  server.RaftServerConfigKeys (ConfUtils.java:logGet(43)) - raft.server.log.segment.cache.num.max = 2 (custom)
2019-11-17 11:09:03,940 [pool-153-thread-1] INFO  segmented.SegmentedRaftLogWorker (SegmentedRaftLogWorker.java:<init>(173)) - new ce4f5a27-7d6e-4546-9ae5-5afbf9a8c00c@group-1FFB3CC9C3DC-SegmentedRaftLogWorker for RaftStorage:Storage Directory /workdir/hadoop-ozone/integration-test/target/test-dir/MiniOzoneClusterImpl-184704d8-2d26-4abc-9155-7ef0d3d35dfc/datanode-0/data/ratis/ebd9ee88-382b-4878-9aac-1ffb3cc9c3dc
2019-11-17 11:09:03,940 [pool-153-thread-1] INFO  server.RaftServerConfigKeys (ConfUtils.java:logGet(43)) - raft.server.log.queue.byte-limit = 2147483647 (custom)
2019-11-17 11:09:03,940 [pool-153-thread-1] INFO  server.RaftServerConfigKeys (ConfUtils.java:logGet(43)) - raft.server.log.queue.element-limit = 1024 (custom)
2019-11-17 11:09:03,940 [pool-153-thread-1] INFO  server.RaftServerConfigKeys (ConfUtils.java:logGet(43)) - raft.server.log.segment.size.max = 1048576 (custom)
2019-11-17 11:09:03,940 [pool-153-thread-1] INFO  server.RaftServerConfigKeys (ConfUtils.java:logGet(43)) - raft.server.log.preallocated.size = 16384 (custom)
2019-11-17 11:09:03,941 [pool-153-thread-1] INFO  server.RaftServerConfigKeys (ConfUtils.java:logGet(43)) - raft.server.log.write.buffer.size = 33554432 (custom)
2019-11-17 11:09:03,941 [pool-153-thread-1] INFO  server.RaftServerConfigKeys (ConfUtils.java:logGet(43)) - raft.server.log.force.sync.num = 128 (default)
2019-11-17 11:09:03,941 [pool-153-thread-1] INFO  server.RaftServerConfigKeys (ConfUtils.java:logGet(43)) - raft.server.log.statemachine.data.sync = true (default)
2019-11-17 11:09:03,941 [pool-153-thread-1] INFO  server.RaftServerConfigKeys (ConfUtils.java:logGet(43)) - raft.server.log.statemachine.data.sync.timeout = 10s (default)
2019-11-17 11:09:03,941 [pool-153-thread-1] INFO  server.RaftServerConfigKeys (ConfUtils.java:logGet(43)) - raft.server.log.statemachine.data.sync.timeout.retry = -1 (default)
2019-11-17 11:09:03,941 [pool-153-thread-1] INFO  server.RaftServerConfigKeys (ConfUtils.java:logGet(43)) - raft.server.log.statemachine.data.caching.enabled = true (custom)
2019-11-17 11:09:03,941 [pool-153-thread-1] INFO  segmented.SegmentedRaftLogWorker (SegmentedRaftLogWorker.java:lambda$new$0(128)) - ce4f5a27-7d6e-4546-9ae5-5afbf9a8c00c@group-1FFB3CC9C3DC-SegmentedRaftLogWorker: flushIndex: setUnconditionally 0 -> -1
2019-11-17 11:09:03,942 [pool-153-thread-1] INFO  server.RaftServerConfigKeys (ConfUtils.java:logGet(43)) - raft.server.snapshot.auto.trigger.enabled = true (custom)
2019-11-17 11:09:03,942 [pool-153-thread-1] INFO  server.RaftServerConfigKeys (ConfUtils.java:logGet(43)) - raft.server.snapshot.auto.trigger.threshold = 10000 (custom)
2019-11-17 11:09:03,942 [pool-153-thread-1] INFO  server.RaftServerConfigKeys (ConfUtils.java:logGet(43)) - raft.server.snapshot.retention.file.num = 5 (custom)
2019-11-17 11:09:03,942 [pool-153-thread-1] INFO  server.RaftServerConfigKeys (ConfUtils.java:logGet(43)) - raft.server.retrycache.expirytime = 600000ms (custom)
2019-11-17 11:09:03,942 [pool-153-thread-1] WARN  impl.MetricRegistriesImpl (MetricRegistriesImpl.java:lambda$create$1(61)) - First MetricRegistry has been created without registering reporters. You may need to call MetricRegistries.global().addReportRegistration(...) before.
2019-11-17 11:09:03,942 [pool-153-thread-1] WARN  impl.MetricRegistriesImpl (MetricRegistriesImpl.java:lambda$create$1(61)) - First MetricRegistry has been created without registering reporters. You may need to call MetricRegistries.global().addReportRegistration(...) before.
2019-11-17 11:09:03,943 [pool-153-thread-1] INFO  impl.RaftServerImpl (RaftServerImpl.java:start(184)) - ce4f5a27-7d6e-4546-9ae5-5afbf9a8c00c@group-1FFB3CC9C3DC: start as a follower, conf=-1: [ce4f5a27-7d6e-4546-9ae5-5afbf9a8c00c:192.168.34.35:44254], old=null
2019-11-17 11:09:03,943 [pool-153-thread-1] INFO  impl.RaftServerImpl (RaftServerImpl.java:setRole(173)) - ce4f5a27-7d6e-4546-9ae5-5afbf9a8c00c@group-1FFB3CC9C3DC: changes role from      null to FOLLOWER at term 0 for startAsFollower
2019-11-17 11:09:03,943 [pool-153-thread-1] INFO  impl.RoleInfo (RoleInfo.java:updateAndGet(143)) - ce4f5a27-7d6e-4546-9ae5-5afbf9a8c00c: start FollowerState
2019-11-17 11:09:03,943 [pool-153-thread-1] INFO  util.JmxRegister (JmxRegister.java:tryRegister(44)) - Successfully registered JMX Bean with object name Ratis:service=RaftServer,group=group-1FFB3CC9C3DC,id=ce4f5a27-7d6e-4546-9ae5-5afbf9a8c00c
2019-11-17 11:09:03,943 [pool-153-thread-1] WARN  impl.MetricRegistriesImpl (MetricRegistriesImpl.java:lambda$create$1(61)) - First MetricRegistry has been created without registering reporters. You may need to call MetricRegistries.global().addReportRegistration(...) before.
2019-11-17 11:09:03,945 [RatisPipelineUtilsThread] INFO  pipeline.PipelineStateManager (PipelineStateManager.java:addPipeline(55)) - Created pipeline Pipeline[ Id: ebd9ee88-382b-4878-9aac-1ffb3cc9c3dc, Nodes: ce4f5a27-7d6e-4546-9ae5-5afbf9a8c00c{ip: 192.168.34.35, host: pr-hdds-2291-5997d-4279494527, networkLocation: /default-rack, certSerialId: null}, Type:RATIS, Factor:ONE, State:ALLOCATED]
2019-11-17 11:09:04,404 [main] WARN  io.KeyOutputStream (KeyOutputStream.java:handleException(274)) - Encountered exception java.io.IOException: Unexpected Storage Container Exception: java.util.concurrent.CompletionException: java.util.concurrent.CompletionException: org.apache.ratis.protocol.AlreadyClosedException: SlidingWindow$Client:client-AD50095979F4->RAFT is closed. on the pipeline Pipeline[ Id: f9dd73f1-82ac-4919-880a-f854efa2bccd, Nodes: fa2fcff1-083d-4cf3-acfd-0486da9214fd{ip: 192.168.34.35, host: pr-hdds-2291-5997d-4279494527, networkLocation: /default-rack, certSerialId: null}4c1e8795-b3d4-460e-8f85-df43444e9ba0{ip: 192.168.34.35, host: pr-hdds-2291-5997d-4279494527, networkLocation: /default-rack, certSerialId: null}e3fe17d3-3943-4d4c-b88c-d5052243b886{ip: 192.168.34.35, host: pr-hdds-2291-5997d-4279494527, networkLocation: /default-rack, certSerialId: null}, Type:RATIS, Factor:THREE, State:OPEN]. The last committed block length is 0, uncommitted data length is 2097152 retry count 0
2019-11-17 11:09:04,407 [main] INFO  io.BlockOutputStreamEntryPool (BlockOutputStreamEntryPool.java:allocateNewBlock(257)) - Allocating block with ExcludeList {datanodes = [], containerIds = [], pipelineIds = [PipelineID=f9dd73f1-82ac-4919-880a-f854efa2bccd]}
2019-11-17 11:09:04,414 [IPC Server handler 12 on 45350] WARN  block.BlockManagerImpl (BlockManagerImpl.java:allocateBlock(200)) - Pipeline creation failed for type:RATIS factor:THREE. Retrying get pipelines call once.
org.apache.hadoop.hdds.scm.pipeline.InsufficientDatanodesException: Cannot create pipeline of factor 3 using 0 nodes.
	at org.apache.hadoop.hdds.scm.pipeline.RatisPipelineProvider.create(RatisPipelineProvider.java:153)
	at org.apache.hadoop.hdds.scm.pipeline.PipelineFactory.create(PipelineFactory.java:58)
	at org.apache.hadoop.hdds.scm.pipeline.SCMPipelineManager.createPipeline(SCMPipelineManager.java:155)
	at org.apache.hadoop.hdds.scm.block.BlockManagerImpl.allocateBlock(BlockManagerImpl.java:198)
	at org.apache.hadoop.hdds.scm.server.SCMBlockProtocolServer.allocateBlock(SCMBlockProtocolServer.java:187)
	at org.apache.hadoop.hdds.scm.protocol.ScmBlockLocationProtocolServerSideTranslatorPB.allocateScmBlock(ScmBlockLocationProtocolServerSideTranslatorPB.java:159)
	at org.apache.hadoop.hdds.scm.protocol.ScmBlockLocationProtocolServerSideTranslatorPB.processMessage(ScmBlockLocationProtocolServerSideTranslatorPB.java:117)
	at org.apache.hadoop.hdds.server.OzoneProtocolMessageDispatcher.processRequest(OzoneProtocolMessageDispatcher.java:72)
	at org.apache.hadoop.hdds.scm.protocol.ScmBlockLocationProtocolServerSideTranslatorPB.send(ScmBlockLocationProtocolServerSideTranslatorPB.java:98)
	at org.apache.hadoop.hdds.protocol.proto.ScmBlockLocationProtocolProtos$ScmBlockLocationProtocolService$2.callBlockingMethod(ScmBlockLocationProtocolProtos.java:13157)
	at org.apache.hadoop.ipc.ProtobufRpcEngine$Server$ProtoBufRpcInvoker.call(ProtobufRpcEngine.java:524)
	at org.apache.hadoop.ipc.RPC$Server.call(RPC.java:1025)
	at org.apache.hadoop.ipc.Server$RpcCall.run(Server.java:876)
	at org.apache.hadoop.ipc.Server$RpcCall.run(Server.java:822)
	at java.security.AccessController.doPrivileged(Native Method)
	at javax.security.auth.Subject.doAs(Subject.java:422)
	at org.apache.hadoop.security.UserGroupInformation.doAs(UserGroupInformation.java:1730)
	at org.apache.hadoop.ipc.Server$Handler.run(Server.java:2682)
2019-11-17 11:09:04,416 [IPC Server handler 12 on 45350] INFO  block.BlockManagerImpl (BlockManagerImpl.java:allocateBlock(212)) - Could not find available pipeline of type:RATIS and factor:THREE even after retrying
2019-11-17 11:09:04,416 [IPC Server handler 12 on 45350] ERROR block.BlockManagerImpl (BlockManagerImpl.java:allocateBlock(236)) - Unable to allocate a block for the size: 4194304, type: RATIS, factor: THREE
2019-11-17 11:09:04,419 [main] ERROR io.BlockOutputStreamEntryPool (BlockOutputStreamEntryPool.java:allocateBlockIfNeeded(310)) - Try to allocate more blocks for write failed, already allocated 0 blocks for this write.
INTERNAL_ERROR org.apache.hadoop.ozone.om.exceptions.OMException: Allocated 0 blocks. Requested 1 blocks
	at org.apache.hadoop.ozone.om.protocolPB.OzoneManagerProtocolClientSideTranslatorPB.handleError(OzoneManagerProtocolClientSideTranslatorPB.java:761)
	at org.apache.hadoop.ozone.om.protocolPB.OzoneManagerProtocolClientSideTranslatorPB.allocateBlock(OzoneManagerProtocolClientSideTranslatorPB.java:793)
	at sun.reflect.NativeMethodAccessorImpl.invoke0(Native Method)
	at sun.reflect.NativeMethodAccessorImpl.invoke(NativeMethodAccessorImpl.java:62)
	at sun.reflect.DelegatingMethodAccessorImpl.invoke(DelegatingMethodAccessorImpl.java:43)
	at java.lang.reflect.Method.invoke(Method.java:498)
	at org.apache.hadoop.hdds.tracing.TraceAllMethod.invoke(TraceAllMethod.java:66)
	at com.sun.proxy.$Proxy36.allocateBlock(Unknown Source)
	at org.apache.hadoop.ozone.client.io.BlockOutputStreamEntryPool.allocateNewBlock(BlockOutputStreamEntryPool.java:259)
	at org.apache.hadoop.ozone.client.io.BlockOutputStreamEntryPool.allocateBlockIfNeeded(BlockOutputStreamEntryPool.java:307)
	at org.apache.hadoop.ozone.client.io.KeyOutputStream.handleWrite(KeyOutputStream.java:198)
	at org.apache.hadoop.ozone.client.io.KeyOutputStream.handleRetry(KeyOutputStream.java:375)
	at org.apache.hadoop.ozone.client.io.KeyOutputStream.handleException(KeyOutputStream.java:324)
	at org.apache.hadoop.ozone.client.io.KeyOutputStream.handleWrite(KeyOutputStream.java:228)
	at org.apache.hadoop.ozone.client.io.KeyOutputStream.write(KeyOutputStream.java:190)
	at org.apache.hadoop.ozone.client.io.OzoneOutputStream.write(OzoneOutputStream.java:49)
	at java.io.OutputStream.write(OutputStream.java:75)
	at org.apache.hadoop.ozone.client.rpc.TestMultiBlockWritesWithDnFailures.testMultiBlockWritesWithDnFailures(TestMultiBlockWritesWithDnFailures.java:123)
	at sun.reflect.NativeMethodAccessorImpl.invoke0(Native Method)
	at sun.reflect.NativeMethodAccessorImpl.invoke(NativeMethodAccessorImpl.java:62)
	at sun.reflect.DelegatingMethodAccessorImpl.invoke(DelegatingMethodAccessorImpl.java:43)
	at java.lang.reflect.Method.invoke(Method.java:498)
	at org.junit.runners.model.FrameworkMethod$1.runReflectiveCall(FrameworkMethod.java:47)
	at org.junit.internal.runners.model.ReflectiveCallable.run(ReflectiveCallable.java:12)
	at org.junit.runners.model.FrameworkMethod.invokeExplosively(FrameworkMethod.java:44)
	at org.junit.internal.runners.statements.InvokeMethod.evaluate(InvokeMethod.java:17)
	at org.junit.internal.runners.statements.RunAfters.evaluate(RunAfters.java:27)
	at org.junit.runners.ParentRunner.runLeaf(ParentRunner.java:271)
	at org.junit.runners.BlockJUnit4ClassRunner.runChild(BlockJUnit4ClassRunner.java:70)
	at org.junit.runners.BlockJUnit4ClassRunner.runChild(BlockJUnit4ClassRunner.java:50)
	at org.junit.runners.ParentRunner$3.run(ParentRunner.java:238)
	at org.junit.runners.ParentRunner$1.schedule(ParentRunner.java:63)
	at org.junit.runners.ParentRunner.runChildren(ParentRunner.java:236)
	at org.junit.runners.ParentRunner.access$000(ParentRunner.java:53)
	at org.junit.runners.ParentRunner$2.evaluate(ParentRunner.java:229)
	at org.junit.runners.ParentRunner.run(ParentRunner.java:309)
	at org.apache.maven.surefire.junit4.JUnit4Provider.execute(JUnit4Provider.java:365)
	at org.apache.maven.surefire.junit4.JUnit4Provider.executeWithRerun(JUnit4Provider.java:273)
	at org.apache.maven.surefire.junit4.JUnit4Provider.executeTestSet(JUnit4Provider.java:238)
	at org.apache.maven.surefire.junit4.JUnit4Provider.invoke(JUnit4Provider.java:159)
	at org.apache.maven.surefire.booter.ForkedBooter.invokeProviderInSameClassLoader(ForkedBooter.java:384)
	at org.apache.maven.surefire.booter.ForkedBooter.runSuitesInProcess(ForkedBooter.java:345)
	at org.apache.maven.surefire.booter.ForkedBooter.execute(ForkedBooter.java:126)
	at org.apache.maven.surefire.booter.ForkedBooter.main(ForkedBooter.java:418)
2019-11-17 11:09:04,420 [main] INFO  ozone.MiniOzoneClusterImpl (MiniOzoneClusterImpl.java:shutdown(352)) - Shutting down the Mini Ozone Cluster
2019-11-17 11:09:04,420 [main] INFO  ozone.MiniOzoneClusterImpl (MiniOzoneClusterImpl.java:stop(368)) - Stopping the Mini Ozone Cluster
2019-11-17 11:09:04,421 [main] INFO  ozone.MiniOzoneClusterImpl (MiniOzoneClusterImpl.java:stopOM(438)) - Stopping the OzoneManager
2019-11-17 11:09:04,421 [main] INFO  ipc.Server (Server.java:stop(3082)) - Stopping server on 34171
2019-11-17 11:09:04,434 [IPC Server listener on 34171] INFO  ipc.Server (Server.java:run(1185)) - Stopping IPC Server listener on 34171
2019-11-17 11:09:04,434 [main] INFO  ratis.OzoneManagerDoubleBuffer (OzoneManagerDoubleBuffer.java:stop(261)) - Stopping OMDoubleBuffer flush thread
2019-11-17 11:09:04,437 [IPC Server Responder] INFO  ipc.Server (Server.java:run(1319)) - Stopping IPC Server Responder
2019-11-17 11:09:04,443 [OMDoubleBufferFlushThread] INFO  ratis.OzoneManagerDoubleBuffer (OzoneManagerDoubleBuffer.java:flushTransactions(199)) - OMDoubleBuffer flush thread OMDoubleBufferFlushThread is interrupted and will exit. OMDoubleBufferFlushThread
2019-11-17 11:09:04,449 [main] INFO  utils.BackgroundService (BackgroundService.java:shutdown(151)) - Shutting down service KeyDeletingService
2019-11-17 11:09:04,451 [main] INFO  handler.ContextHandler (ContextHandler.java:doStop(910)) - Stopped o.e.j.w.WebAppContext@2577a95d{/,null,UNAVAILABLE}{/ozoneManager}
2019-11-17 11:09:04,451 [main] INFO  server.AbstractConnector (AbstractConnector.java:doStop(318)) - Stopped ServerConnector@1668919e{HTTP/1.1,[http/1.1]}{0.0.0.0:0}
2019-11-17 11:09:04,452 [main] INFO  handler.ContextHandler (ContextHandler.java:doStop(910)) - Stopped o.e.j.s.ServletContextHandler@76fe6cdc{/static,file:///workdir/hadoop-ozone/integration-test/target/test-classes/webapps/static,UNAVAILABLE}
2019-11-17 11:09:04,452 [main] INFO  handler.ContextHandler (ContextHandler.java:doStop(910)) - Stopped o.e.j.s.ServletContextHandler@1e692555{/logs,file:///workdir/hadoop-ozone/integration-test/target/log,UNAVAILABLE}
2019-11-17 11:09:04,455 [main] INFO  ozone.MiniOzoneClusterImpl (MiniOzoneClusterImpl.java:stopDatanodes(415)) - Stopping the HddsDatanodes
2019-11-17 11:09:04,648 [Thread-1795] INFO  impl.FollowerState (FollowerState.java:run(111)) - e8702f59-809d-4833-a306-9e60cd88362b@group-FB88F8E3ECE4-FollowerState: change to CANDIDATE, lastRpcTime:1004ms, electionTimeout:1004ms
2019-11-17 11:09:04,648 [Thread-1795] INFO  impl.RoleInfo (RoleInfo.java:shutdownFollowerState(121)) - e8702f59-809d-4833-a306-9e60cd88362b: shutdown FollowerState
2019-11-17 11:09:04,648 [Thread-1795] INFO  impl.RaftServerImpl (RaftServerImpl.java:setRole(173)) - e8702f59-809d-4833-a306-9e60cd88362b@group-FB88F8E3ECE4: changes role from  FOLLOWER to CANDIDATE at term 0 for changeToCandidate
2019-11-17 11:09:04,648 [Thread-1795] INFO  impl.RoleInfo (RoleInfo.java:updateAndGet(143)) - e8702f59-809d-4833-a306-9e60cd88362b: start LeaderElection
2019-11-17 11:09:04,686 [e8702f59-809d-4833-a306-9e60cd88362b@group-FB88F8E3ECE4-LeaderElection47] INFO  impl.LeaderElection (LeaderElection.java:askForVotes(178)) - e8702f59-809d-4833-a306-9e60cd88362b@group-FB88F8E3ECE4-LeaderElection47: begin an election at term 1 for -1: [e8702f59-809d-4833-a306-9e60cd88362b:192.168.34.35:33634, ce4f5a27-7d6e-4546-9ae5-5afbf9a8c00c:192.168.34.35:44254, 28ccac35-fb4f-4f0a-a99f-78d96ef6e430:192.168.34.35:37581], old=null
2019-11-17 11:09:04,692 [grpc-default-executor-2] INFO  impl.RaftServerImpl (RaftServerImpl.java:setRole(173)) - ce4f5a27-7d6e-4546-9ae5-5afbf9a8c00c@group-FB88F8E3ECE4: changes role from  FOLLOWER to FOLLOWER at term 1 for recognizeCandidate:e8702f59-809d-4833-a306-9e60cd88362b
2019-11-17 11:09:04,694 [grpc-default-executor-3] INFO  impl.RaftServerImpl (RaftServerImpl.java:setRole(173)) - 28ccac35-fb4f-4f0a-a99f-78d96ef6e430@group-FB88F8E3ECE4: changes role from  FOLLOWER to FOLLOWER at term 1 for recognizeCandidate:e8702f59-809d-4833-a306-9e60cd88362b
2019-11-17 11:09:04,694 [grpc-default-executor-2] INFO  impl.RoleInfo (RoleInfo.java:shutdownFollowerState(121)) - ce4f5a27-7d6e-4546-9ae5-5afbf9a8c00c: shutdown FollowerState
2019-11-17 11:09:04,694 [grpc-default-executor-3] INFO  impl.RoleInfo (RoleInfo.java:shutdownFollowerState(121)) - 28ccac35-fb4f-4f0a-a99f-78d96ef6e430: shutdown FollowerState
2019-11-17 11:09:04,695 [Thread-1791] INFO  impl.FollowerState (FollowerState.java:run(120)) - ce4f5a27-7d6e-4546-9ae5-5afbf9a8c00c@group-FB88F8E3ECE4-FollowerState was interrupted: java.lang.InterruptedException: sleep interrupted
2019-11-17 11:09:04,695 [grpc-default-executor-2] INFO  impl.RoleInfo (RoleInfo.java:updateAndGet(143)) - ce4f5a27-7d6e-4546-9ae5-5afbf9a8c00c: start FollowerState
2019-11-17 11:09:04,695 [Thread-1796] INFO  impl.FollowerState (FollowerState.java:run(120)) - 28ccac35-fb4f-4f0a-a99f-78d96ef6e430@group-FB88F8E3ECE4-FollowerState was interrupted: java.lang.InterruptedException: sleep interrupted
2019-11-17 11:09:04,695 [grpc-default-executor-3] INFO  impl.RoleInfo (RoleInfo.java:updateAndGet(143)) - 28ccac35-fb4f-4f0a-a99f-78d96ef6e430: start FollowerState
2019-11-17 11:09:04,714 [e8702f59-809d-4833-a306-9e60cd88362b@group-FB88F8E3ECE4-LeaderElection47] INFO  impl.LeaderElection (LeaderElection.java:logAndReturn(56)) - e8702f59-809d-4833-a306-9e60cd88362b@group-FB88F8E3ECE4-LeaderElection47: Election PASSED; received 1 response(s) [e8702f59-809d-4833-a306-9e60cd88362b<-ce4f5a27-7d6e-4546-9ae5-5afbf9a8c00c#0:OK-t1] and 0 exception(s); e8702f59-809d-4833-a306-9e60cd88362b@group-FB88F8E3ECE4:t1, leader=null, voted=e8702f59-809d-4833-a306-9e60cd88362b, raftlog=e8702f59-809d-4833-a306-9e60cd88362b@group-FB88F8E3ECE4-SegmentedRaftLog:OPENED:c-1,f-1,i0, conf=-1: [e8702f59-809d-4833-a306-9e60cd88362b:192.168.34.35:33634, ce4f5a27-7d6e-4546-9ae5-5afbf9a8c00c:192.168.34.35:44254, 28ccac35-fb4f-4f0a-a99f-78d96ef6e430:192.168.34.35:37581], old=null
2019-11-17 11:09:04,714 [e8702f59-809d-4833-a306-9e60cd88362b@group-FB88F8E3ECE4-LeaderElection47] INFO  impl.RoleInfo (RoleInfo.java:shutdownLeaderElection(134)) - e8702f59-809d-4833-a306-9e60cd88362b: shutdown LeaderElection
2019-11-17 11:09:04,714 [e8702f59-809d-4833-a306-9e60cd88362b@group-FB88F8E3ECE4-LeaderElection47] INFO  impl.RaftServerImpl (RaftServerImpl.java:setRole(173)) - e8702f59-809d-4833-a306-9e60cd88362b@group-FB88F8E3ECE4: changes role from CANDIDATE to LEADER at term 1 for changeToLeader
2019-11-17 11:09:04,714 [e8702f59-809d-4833-a306-9e60cd88362b@group-FB88F8E3ECE4-LeaderElection47] INFO  ratis.XceiverServerRatis (XceiverServerRatis.java:handleLeaderChangedNotification(697)) - Leader change notification received for group: group-FB88F8E3ECE4 with new leaderId: e8702f59-809d-4833-a306-9e60cd88362b
2019-11-17 11:09:04,714 [e8702f59-809d-4833-a306-9e60cd88362b@group-FB88F8E3ECE4-LeaderElection47] INFO  impl.RaftServerImpl (ServerState.java:setLeader(255)) - e8702f59-809d-4833-a306-9e60cd88362b@group-FB88F8E3ECE4: change Leader from null to e8702f59-809d-4833-a306-9e60cd88362b at term 1 for becomeLeader, leader elected after 1080ms
2019-11-17 11:09:04,714 [Datanode State Machine Thread - 0] INFO  statemachine.DatanodeStateMachine (DatanodeStateMachine.java:lambda$startDaemon$0(355)) - Ozone container server started.
2019-11-17 11:09:04,714 [e8702f59-809d-4833-a306-9e60cd88362b@group-FB88F8E3ECE4-LeaderElection47] INFO  server.RaftServerConfigKeys (ConfUtils.java:logGet(43)) - raft.server.staging.catchup.gap = 1000 (default)
2019-11-17 11:09:04,716 [e8702f59-809d-4833-a306-9e60cd88362b@group-FB88F8E3ECE4-LeaderElection47] INFO  server.RaftServerConfigKeys (ConfUtils.java:logGet(43)) - raft.server.rpc.sleep.time = 25ms (default)
2019-11-17 11:09:04,717 [e8702f59-809d-4833-a306-9e60cd88362b@group-FB88F8E3ECE4-LeaderElection47] INFO  server.RaftServerConfigKeys (ConfUtils.java:logGet(43)) - raft.server.write.element-limit = 4096 (default)
2019-11-17 11:09:04,717 [e8702f59-809d-4833-a306-9e60cd88362b@group-FB88F8E3ECE4-LeaderElection47] INFO  server.RaftServerConfigKeys (ConfUtils.java:logGet(43)) - raft.server.watch.timeout = 10s (default)
2019-11-17 11:09:04,717 [e8702f59-809d-4833-a306-9e60cd88362b@group-FB88F8E3ECE4-LeaderElection47] INFO  server.RaftServerConfigKeys (ConfUtils.java:logGet(43)) - raft.server.watch.timeout.denomination = 1s (default)
2019-11-17 11:09:04,717 [e8702f59-809d-4833-a306-9e60cd88362b@group-FB88F8E3ECE4-LeaderElection47] INFO  server.RaftServerConfigKeys (ConfUtils.java:logGet(43)) - raft.server.watch.element-limit = 65536 (default)
2019-11-17 11:09:04,717 [e8702f59-809d-4833-a306-9e60cd88362b@group-FB88F8E3ECE4-LeaderElection47] INFO  server.RaftServerConfigKeys (ConfUtils.java:logGet(43)) - raft.server.log.appender.snapshot.chunk.size.max = 16MB (=16777216) (default)
2019-11-17 11:09:04,718 [e8702f59-809d-4833-a306-9e60cd88362b@group-FB88F8E3ECE4-LeaderElection47] INFO  server.RaftServerConfigKeys (ConfUtils.java:logGet(43)) - raft.server.log.appender.buffer.byte-limit = 33554432 (custom)
2019-11-17 11:09:04,718 [e8702f59-809d-4833-a306-9e60cd88362b@group-FB88F8E3ECE4-LeaderElection47] INFO  server.RaftServerConfigKeys (ConfUtils.java:logGet(43)) - raft.server.log.appender.buffer.element-limit = 1 (custom)
2019-11-17 11:09:04,718 [e8702f59-809d-4833-a306-9e60cd88362b@group-FB88F8E3ECE4-LeaderElection47] INFO  grpc.GrpcConfigKeys$Server (ConfUtils.java:logGet(43)) - raft.grpc.server.leader.outstanding.appends.max = 128 (default)
2019-11-17 11:09:04,718 [e8702f59-809d-4833-a306-9e60cd88362b@group-FB88F8E3ECE4-LeaderElection47] INFO  server.RaftServerConfigKeys (ConfUtils.java:logGet(43)) - raft.server.rpc.request.timeout = 3000ms (default)
2019-11-17 11:09:04,719 [e8702f59-809d-4833-a306-9e60cd88362b@group-FB88F8E3ECE4-LeaderElection47] INFO  server.RaftServerConfigKeys (ConfUtils.java:logGet(43)) - raft.server.log.appender.install.snapshot.enabled = false (custom)
2019-11-17 11:09:04,719 [e8702f59-809d-4833-a306-9e60cd88362b@group-FB88F8E3ECE4-LeaderElection47] WARN  impl.MetricRegistriesImpl (MetricRegistriesImpl.java:lambda$create$1(61)) - First MetricRegistry has been created without registering reporters. You may need to call MetricRegistries.global().addReportRegistration(...) before.
2019-11-17 11:09:04,719 [e8702f59-809d-4833-a306-9e60cd88362b@group-FB88F8E3ECE4-LeaderElection47] INFO  server.RaftServerConfigKeys (ConfUtils.java:logGet(43)) - raft.server.log.appender.snapshot.chunk.size.max = 16MB (=16777216) (default)
2019-11-17 11:09:04,719 [e8702f59-809d-4833-a306-9e60cd88362b@group-FB88F8E3ECE4-LeaderElection47] INFO  server.RaftServerConfigKeys (ConfUtils.java:logGet(43)) - raft.server.log.appender.buffer.byte-limit = 33554432 (custom)
2019-11-17 11:09:04,719 [e8702f59-809d-4833-a306-9e60cd88362b@group-FB88F8E3ECE4-LeaderElection47] INFO  server.RaftServerConfigKeys (ConfUtils.java:logGet(43)) - raft.server.log.appender.buffer.element-limit = 1 (custom)
2019-11-17 11:09:04,720 [e8702f59-809d-4833-a306-9e60cd88362b@group-FB88F8E3ECE4-LeaderElection47] INFO  grpc.GrpcConfigKeys$Server (ConfUtils.java:logGet(43)) - raft.grpc.server.leader.outstanding.appends.max = 128 (default)
2019-11-17 11:09:04,720 [e8702f59-809d-4833-a306-9e60cd88362b@group-FB88F8E3ECE4-LeaderElection47] INFO  server.RaftServerConfigKeys (ConfUtils.java:logGet(43)) - raft.server.rpc.request.timeout = 3000ms (default)
2019-11-17 11:09:04,720 [e8702f59-809d-4833-a306-9e60cd88362b@group-FB88F8E3ECE4-LeaderElection47] INFO  server.RaftServerConfigKeys (ConfUtils.java:logGet(43)) - raft.server.log.appender.install.snapshot.enabled = false (custom)
2019-11-17 11:09:04,720 [e8702f59-809d-4833-a306-9e60cd88362b@group-FB88F8E3ECE4-LeaderElection47] INFO  impl.RoleInfo (RoleInfo.java:updateAndGet(143)) - e8702f59-809d-4833-a306-9e60cd88362b: start LeaderState
2019-11-17 11:09:04,720 [e8702f59-809d-4833-a306-9e60cd88362b@group-FB88F8E3ECE4-LeaderElection47] INFO  segmented.SegmentedRaftLogWorker (SegmentedRaftLogWorker.java:startLogSegment(385)) - e8702f59-809d-4833-a306-9e60cd88362b@group-FB88F8E3ECE4-SegmentedRaftLogWorker: Starting segment from index:0
2019-11-17 11:09:04,721 [e8702f59-809d-4833-a306-9e60cd88362b@group-FB88F8E3ECE4-LeaderElection47] INFO  impl.RaftServerImpl (ServerState.java:setRaftConf(356)) - e8702f59-809d-4833-a306-9e60cd88362b@group-FB88F8E3ECE4: set configuration 0: [e8702f59-809d-4833-a306-9e60cd88362b:192.168.34.35:33634, ce4f5a27-7d6e-4546-9ae5-5afbf9a8c00c:192.168.34.35:44254, 28ccac35-fb4f-4f0a-a99f-78d96ef6e430:192.168.34.35:37581], old=null at 0
2019-11-17 11:09:04,722 [grpc-default-executor-2] INFO  ratis.XceiverServerRatis (XceiverServerRatis.java:handleLeaderChangedNotification(697)) - Leader change notification received for group: group-FB88F8E3ECE4 with new leaderId: e8702f59-809d-4833-a306-9e60cd88362b
2019-11-17 11:09:04,722 [grpc-default-executor-3] INFO  ratis.XceiverServerRatis (XceiverServerRatis.java:handleLeaderChangedNotification(697)) - Leader change notification received for group: group-FB88F8E3ECE4 with new leaderId: e8702f59-809d-4833-a306-9e60cd88362b
2019-11-17 11:09:04,722 [grpc-default-executor-2] INFO  impl.RaftServerImpl (ServerState.java:setLeader(255)) - ce4f5a27-7d6e-4546-9ae5-5afbf9a8c00c@group-FB88F8E3ECE4: change Leader from null to e8702f59-809d-4833-a306-9e60cd88362b at term 1 for appendEntries, leader elected after 1088ms
2019-11-17 11:09:04,723 [grpc-default-executor-3] INFO  impl.RaftServerImpl (ServerState.java:setLeader(255)) - 28ccac35-fb4f-4f0a-a99f-78d96ef6e430@group-FB88F8E3ECE4: change Leader from null to e8702f59-809d-4833-a306-9e60cd88362b at term 1 for appendEntries, leader elected after 1088ms
2019-11-17 11:09:04,747 [Thread-1801] INFO  impl.FollowerState (FollowerState.java:run(111)) - fa2fcff1-083d-4cf3-acfd-0486da9214fd@group-40498E179849-FollowerState: change to CANDIDATE, lastRpcTime:1039ms, electionTimeout:1018ms
2019-11-17 11:09:04,747 [Thread-1801] INFO  impl.RoleInfo (RoleInfo.java:shutdownFollowerState(121)) - fa2fcff1-083d-4cf3-acfd-0486da9214fd: shutdown FollowerState
2019-11-17 11:09:04,748 [Thread-1801] INFO  impl.RaftServerImpl (RaftServerImpl.java:setRole(173)) - fa2fcff1-083d-4cf3-acfd-0486da9214fd@group-40498E179849: changes role from  FOLLOWER to CANDIDATE at term 0 for changeToCandidate
2019-11-17 11:09:04,749 [Thread-1801] INFO  impl.RoleInfo (RoleInfo.java:updateAndGet(143)) - fa2fcff1-083d-4cf3-acfd-0486da9214fd: start LeaderElection
2019-11-17 11:09:04,752 [grpc-default-executor-3] INFO  impl.RaftServerImpl (ServerState.java:setRaftConf(356)) - ce4f5a27-7d6e-4546-9ae5-5afbf9a8c00c@group-FB88F8E3ECE4: set configuration 0: [e8702f59-809d-4833-a306-9e60cd88362b:192.168.34.35:33634, ce4f5a27-7d6e-4546-9ae5-5afbf9a8c00c:192.168.34.35:44254, 28ccac35-fb4f-4f0a-a99f-78d96ef6e430:192.168.34.35:37581], old=null at 0
2019-11-17 11:09:04,753 [grpc-default-executor-2] INFO  impl.RaftServerImpl (ServerState.java:setRaftConf(356)) - 28ccac35-fb4f-4f0a-a99f-78d96ef6e430@group-FB88F8E3ECE4: set configuration 0: [e8702f59-809d-4833-a306-9e60cd88362b:192.168.34.35:33634, ce4f5a27-7d6e-4546-9ae5-5afbf9a8c00c:192.168.34.35:44254, 28ccac35-fb4f-4f0a-a99f-78d96ef6e430:192.168.34.35:37581], old=null at 0
2019-11-17 11:09:04,753 [grpc-default-executor-3] INFO  segmented.SegmentedRaftLogWorker (SegmentedRaftLogWorker.java:startLogSegment(385)) - ce4f5a27-7d6e-4546-9ae5-5afbf9a8c00c@group-FB88F8E3ECE4-SegmentedRaftLogWorker: Starting segment from index:0
2019-11-17 11:09:04,753 [grpc-default-executor-2] INFO  segmented.SegmentedRaftLogWorker (SegmentedRaftLogWorker.java:startLogSegment(385)) - 28ccac35-fb4f-4f0a-a99f-78d96ef6e430@group-FB88F8E3ECE4-SegmentedRaftLogWorker: Starting segment from index:0
2019-11-17 11:09:04,760 [e8702f59-809d-4833-a306-9e60cd88362b@group-FB88F8E3ECE4-SegmentedRaftLogWorker] INFO  segmented.SegmentedRaftLogWorker (SegmentedRaftLogWorker.java:execute(576)) - e8702f59-809d-4833-a306-9e60cd88362b@group-FB88F8E3ECE4-SegmentedRaftLogWorker: created new log segment /workdir/hadoop-ozone/integration-test/target/test-dir/MiniOzoneClusterImpl-184704d8-2d26-4abc-9155-7ef0d3d35dfc/datanode-1/data/ratis/5c60bbbe-e6fa-4ad0-90b4-fb88f8e3ece4/current/log_inprogress_0
2019-11-17 11:09:04,760 [fa2fcff1-083d-4cf3-acfd-0486da9214fd@group-40498E179849-LeaderElection48] INFO  impl.LeaderElection (LeaderElection.java:askForVotes(178)) - fa2fcff1-083d-4cf3-acfd-0486da9214fd@group-40498E179849-LeaderElection48: begin an election at term 1 for -1: [fa2fcff1-083d-4cf3-acfd-0486da9214fd:192.168.34.35:34313], old=null
2019-11-17 11:09:04,760 [fa2fcff1-083d-4cf3-acfd-0486da9214fd@group-40498E179849-LeaderElection48] INFO  impl.RoleInfo (RoleInfo.java:shutdownLeaderElection(134)) - fa2fcff1-083d-4cf3-acfd-0486da9214fd: shutdown LeaderElection
2019-11-17 11:09:04,760 [fa2fcff1-083d-4cf3-acfd-0486da9214fd@group-40498E179849-LeaderElection48] INFO  impl.RaftServerImpl (RaftServerImpl.java:setRole(173)) - fa2fcff1-083d-4cf3-acfd-0486da9214fd@group-40498E179849: changes role from CANDIDATE to LEADER at term 1 for changeToLeader
2019-11-17 11:09:04,761 [fa2fcff1-083d-4cf3-acfd-0486da9214fd@group-40498E179849-LeaderElection48] INFO  ratis.XceiverServerRatis (XceiverServerRatis.java:handleLeaderChangedNotification(697)) - Leader change notification received for group: group-40498E179849 with new leaderId: fa2fcff1-083d-4cf3-acfd-0486da9214fd
2019-11-17 11:09:04,761 [fa2fcff1-083d-4cf3-acfd-0486da9214fd@group-40498E179849-LeaderElection48] INFO  impl.RaftServerImpl (ServerState.java:setLeader(255)) - fa2fcff1-083d-4cf3-acfd-0486da9214fd@group-40498E179849: change Leader from null to fa2fcff1-083d-4cf3-acfd-0486da9214fd at term 1 for becomeLeader, leader elected after 1056ms
2019-11-17 11:09:04,761 [Datanode State Machine Thread - 0] INFO  statemachine.DatanodeStateMachine (DatanodeStateMachine.java:lambda$startDaemon$0(355)) - Ozone container server started.
2019-11-17 11:09:04,761 [fa2fcff1-083d-4cf3-acfd-0486da9214fd@group-40498E179849-LeaderElection48] INFO  server.RaftServerConfigKeys (ConfUtils.java:logGet(43)) - raft.server.staging.catchup.gap = 1000 (default)
2019-11-17 11:09:04,761 [fa2fcff1-083d-4cf3-acfd-0486da9214fd@group-40498E179849-LeaderElection48] INFO  server.RaftServerConfigKeys (ConfUtils.java:logGet(43)) - raft.server.rpc.sleep.time = 25ms (default)
2019-11-17 11:09:04,761 [fa2fcff1-083d-4cf3-acfd-0486da9214fd@group-40498E179849-LeaderElection48] INFO  server.RaftServerConfigKeys (ConfUtils.java:logGet(43)) - raft.server.write.element-limit = 4096 (default)
2019-11-17 11:09:04,761 [fa2fcff1-083d-4cf3-acfd-0486da9214fd@group-40498E179849-LeaderElection48] INFO  server.RaftServerConfigKeys (ConfUtils.java:logGet(43)) - raft.server.watch.timeout = 10s (default)
2019-11-17 11:09:04,762 [fa2fcff1-083d-4cf3-acfd-0486da9214fd@group-40498E179849-LeaderElection48] INFO  server.RaftServerConfigKeys (ConfUtils.java:logGet(43)) - raft.server.watch.timeout.denomination = 1s (default)
2019-11-17 11:09:04,762 [fa2fcff1-083d-4cf3-acfd-0486da9214fd@group-40498E179849-LeaderElection48] INFO  server.RaftServerConfigKeys (ConfUtils.java:logGet(43)) - raft.server.watch.element-limit = 65536 (default)
2019-11-17 11:09:04,762 [fa2fcff1-083d-4cf3-acfd-0486da9214fd@group-40498E179849-LeaderElection48] INFO  impl.RoleInfo (RoleInfo.java:updateAndGet(143)) - fa2fcff1-083d-4cf3-acfd-0486da9214fd: start LeaderState
2019-11-17 11:09:04,762 [fa2fcff1-083d-4cf3-acfd-0486da9214fd@group-40498E179849-LeaderElection48] INFO  segmented.SegmentedRaftLogWorker (SegmentedRaftLogWorker.java:startLogSegment(385)) - fa2fcff1-083d-4cf3-acfd-0486da9214fd@group-40498E179849-SegmentedRaftLogWorker: Starting segment from index:0
2019-11-17 11:09:04,763 [fa2fcff1-083d-4cf3-acfd-0486da9214fd@group-40498E179849-LeaderElection48] INFO  impl.RaftServerImpl (ServerState.java:setRaftConf(356)) - fa2fcff1-083d-4cf3-acfd-0486da9214fd@group-40498E179849: set configuration 0: [fa2fcff1-083d-4cf3-acfd-0486da9214fd:192.168.34.35:34313], old=null at 0
2019-11-17 11:09:04,803 [28ccac35-fb4f-4f0a-a99f-78d96ef6e430@group-FB88F8E3ECE4-SegmentedRaftLogWorker] INFO  segmented.SegmentedRaftLogWorker (SegmentedRaftLogWorker.java:execute(576)) - 28ccac35-fb4f-4f0a-a99f-78d96ef6e430@group-FB88F8E3ECE4-SegmentedRaftLogWorker: created new log segment /workdir/hadoop-ozone/integration-test/target/test-dir/MiniOzoneClusterImpl-184704d8-2d26-4abc-9155-7ef0d3d35dfc/datanode-2/data/ratis/5c60bbbe-e6fa-4ad0-90b4-fb88f8e3ece4/current/log_inprogress_0
2019-11-17 11:09:04,803 [fa2fcff1-083d-4cf3-acfd-0486da9214fd@group-40498E179849-SegmentedRaftLogWorker] INFO  segmented.SegmentedRaftLogWorker (SegmentedRaftLogWorker.java:execute(576)) - fa2fcff1-083d-4cf3-acfd-0486da9214fd@group-40498E179849-SegmentedRaftLogWorker: created new log segment /workdir/hadoop-ozone/integration-test/target/test-dir/MiniOzoneClusterImpl-184704d8-2d26-4abc-9155-7ef0d3d35dfc/datanode-3/data/ratis/21885a5f-9af2-4f59-b754-40498e179849/current/log_inprogress_0
2019-11-17 11:09:04,803 [ce4f5a27-7d6e-4546-9ae5-5afbf9a8c00c@group-FB88F8E3ECE4-SegmentedRaftLogWorker] INFO  segmented.SegmentedRaftLogWorker (SegmentedRaftLogWorker.java:execute(576)) - ce4f5a27-7d6e-4546-9ae5-5afbf9a8c00c@group-FB88F8E3ECE4-SegmentedRaftLogWorker: created new log segment /workdir/hadoop-ozone/integration-test/target/test-dir/MiniOzoneClusterImpl-184704d8-2d26-4abc-9155-7ef0d3d35dfc/datanode-0/data/ratis/5c60bbbe-e6fa-4ad0-90b4-fb88f8e3ece4/current/log_inprogress_0
2019-11-17 11:09:04,847 [Thread-1814] INFO  impl.FollowerState (FollowerState.java:run(111)) - fa2fcff1-083d-4cf3-acfd-0486da9214fd@group-3631E1AADF49-FollowerState: change to CANDIDATE, lastRpcTime:1055ms, electionTimeout:1055ms
2019-11-17 11:09:04,847 [Thread-1814] INFO  impl.RoleInfo (RoleInfo.java:shutdownFollowerState(121)) - fa2fcff1-083d-4cf3-acfd-0486da9214fd: shutdown FollowerState
2019-11-17 11:09:04,847 [Thread-1814] INFO  impl.RaftServerImpl (RaftServerImpl.java:setRole(173)) - fa2fcff1-083d-4cf3-acfd-0486da9214fd@group-3631E1AADF49: changes role from  FOLLOWER to CANDIDATE at term 0 for changeToCandidate
2019-11-17 11:09:04,847 [Thread-1814] INFO  impl.RoleInfo (RoleInfo.java:updateAndGet(143)) - fa2fcff1-083d-4cf3-acfd-0486da9214fd: start LeaderElection
2019-11-17 11:09:04,853 [Thread-1809] INFO  impl.FollowerState (FollowerState.java:run(111)) - 4c1e8795-b3d4-460e-8f85-df43444e9ba0@group-3631E1AADF49-FollowerState: change to CANDIDATE, lastRpcTime:1063ms, electionTimeout:1063ms
2019-11-17 11:09:04,853 [Thread-1809] INFO  impl.RoleInfo (RoleInfo.java:shutdownFollowerState(121)) - 4c1e8795-b3d4-460e-8f85-df43444e9ba0: shutdown FollowerState
2019-11-17 11:09:04,853 [Thread-1809] INFO  impl.RaftServerImpl (RaftServerImpl.java:setRole(173)) - 4c1e8795-b3d4-460e-8f85-df43444e9ba0@group-3631E1AADF49: changes role from  FOLLOWER to CANDIDATE at term 0 for changeToCandidate
2019-11-17 11:09:04,853 [Thread-1809] INFO  impl.RoleInfo (RoleInfo.java:updateAndGet(143)) - 4c1e8795-b3d4-460e-8f85-df43444e9ba0: start LeaderElection
2019-11-17 11:09:04,865 [fa2fcff1-083d-4cf3-acfd-0486da9214fd@group-3631E1AADF49-LeaderElection49] INFO  impl.LeaderElection (LeaderElection.java:askForVotes(178)) - fa2fcff1-083d-4cf3-acfd-0486da9214fd@group-3631E1AADF49-LeaderElection49: begin an election at term 1 for -1: [fa2fcff1-083d-4cf3-acfd-0486da9214fd:192.168.34.35:34313, e3fe17d3-3943-4d4c-b88c-d5052243b886:192.168.34.35:33574, 4c1e8795-b3d4-460e-8f85-df43444e9ba0:192.168.34.35:35525], old=null
2019-11-17 11:09:04,865 [4c1e8795-b3d4-460e-8f85-df43444e9ba0@group-3631E1AADF49-LeaderElection50] INFO  impl.LeaderElection (LeaderElection.java:askForVotes(178)) - 4c1e8795-b3d4-460e-8f85-df43444e9ba0@group-3631E1AADF49-LeaderElection50: begin an election at term 1 for -1: [fa2fcff1-083d-4cf3-acfd-0486da9214fd:192.168.34.35:34313, e3fe17d3-3943-4d4c-b88c-d5052243b886:192.168.34.35:33574, 4c1e8795-b3d4-460e-8f85-df43444e9ba0:192.168.34.35:35525], old=null
2019-11-17 11:09:04,905 [grpc-default-executor-2] INFO  impl.RaftServerImpl (RaftServerImpl.java:setRole(173)) - e3fe17d3-3943-4d4c-b88c-d5052243b886@group-3631E1AADF49: changes role from  FOLLOWER to FOLLOWER at term 1 for recognizeCandidate:fa2fcff1-083d-4cf3-acfd-0486da9214fd
2019-11-17 11:09:04,905 [grpc-default-executor-2] INFO  impl.RoleInfo (RoleInfo.java:shutdownFollowerState(121)) - e3fe17d3-3943-4d4c-b88c-d5052243b886: shutdown FollowerState
2019-11-17 11:09:04,906 [grpc-default-executor-2] INFO  impl.RoleInfo (RoleInfo.java:updateAndGet(143)) - e3fe17d3-3943-4d4c-b88c-d5052243b886: start FollowerState
2019-11-17 11:09:04,906 [Thread-1813] INFO  impl.FollowerState (FollowerState.java:run(120)) - e3fe17d3-3943-4d4c-b88c-d5052243b886@group-3631E1AADF49-FollowerState was interrupted: java.lang.InterruptedException: sleep interrupted
2019-11-17 11:09:04,922 [fa2fcff1-083d-4cf3-acfd-0486da9214fd@group-3631E1AADF49-LeaderElection49] INFO  impl.LeaderElection (LeaderElection.java:logAndReturn(56)) - fa2fcff1-083d-4cf3-acfd-0486da9214fd@group-3631E1AADF49-LeaderElection49: Election PASSED; received 2 response(s) [fa2fcff1-083d-4cf3-acfd-0486da9214fd<-e3fe17d3-3943-4d4c-b88c-d5052243b886#0:OK-t1, fa2fcff1-083d-4cf3-acfd-0486da9214fd<-4c1e8795-b3d4-460e-8f85-df43444e9ba0#0:FAIL-t1] and 0 exception(s); fa2fcff1-083d-4cf3-acfd-0486da9214fd@group-3631E1AADF49:t1, leader=null, voted=fa2fcff1-083d-4cf3-acfd-0486da9214fd, raftlog=fa2fcff1-083d-4cf3-acfd-0486da9214fd@group-3631E1AADF49-SegmentedRaftLog:OPENED:c-1,f-1,i0, conf=-1: [fa2fcff1-083d-4cf3-acfd-0486da9214fd:192.168.34.35:34313, e3fe17d3-3943-4d4c-b88c-d5052243b886:192.168.34.35:33574, 4c1e8795-b3d4-460e-8f85-df43444e9ba0:192.168.34.35:35525], old=null
2019-11-17 11:09:04,922 [4c1e8795-b3d4-460e-8f85-df43444e9ba0@group-3631E1AADF49-LeaderElection50] INFO  impl.LeaderElection (LeaderElection.java:logAndReturn(56)) - 4c1e8795-b3d4-460e-8f85-df43444e9ba0@group-3631E1AADF49-LeaderElection50: Election REJECTED; received 2 response(s) [4c1e8795-b3d4-460e-8f85-df43444e9ba0<-fa2fcff1-083d-4cf3-acfd-0486da9214fd#0:FAIL-t1, 4c1e8795-b3d4-460e-8f85-df43444e9ba0<-e3fe17d3-3943-4d4c-b88c-d5052243b886#0:FAIL-t1] and 0 exception(s); 4c1e8795-b3d4-460e-8f85-df43444e9ba0@group-3631E1AADF49:t1, leader=null, voted=4c1e8795-b3d4-460e-8f85-df43444e9ba0, raftlog=4c1e8795-b3d4-460e-8f85-df43444e9ba0@group-3631E1AADF49-SegmentedRaftLog:OPENED:c-1,f-1,i0, conf=-1: [fa2fcff1-083d-4cf3-acfd-0486da9214fd:192.168.34.35:34313, e3fe17d3-3943-4d4c-b88c-d5052243b886:192.168.34.35:33574, 4c1e8795-b3d4-460e-8f85-df43444e9ba0:192.168.34.35:35525], old=null
2019-11-17 11:09:04,922 [fa2fcff1-083d-4cf3-acfd-0486da9214fd@group-3631E1AADF49-LeaderElection49] INFO  impl.RoleInfo (RoleInfo.java:shutdownLeaderElection(134)) - fa2fcff1-083d-4cf3-acfd-0486da9214fd: shutdown LeaderElection
2019-11-17 11:09:04,923 [4c1e8795-b3d4-460e-8f85-df43444e9ba0@group-3631E1AADF49-LeaderElection50] INFO  impl.RaftServerImpl (RaftServerImpl.java:setRole(173)) - 4c1e8795-b3d4-460e-8f85-df43444e9ba0@group-3631E1AADF49: changes role from CANDIDATE to FOLLOWER at term 1 for DISCOVERED_A_NEW_TERM
2019-11-17 11:09:04,924 [4c1e8795-b3d4-460e-8f85-df43444e9ba0@group-3631E1AADF49-LeaderElection50] INFO  impl.RoleInfo (RoleInfo.java:shutdownLeaderElection(134)) - 4c1e8795-b3d4-460e-8f85-df43444e9ba0: shutdown LeaderElection
2019-11-17 11:09:04,924 [4c1e8795-b3d4-460e-8f85-df43444e9ba0@group-3631E1AADF49-LeaderElection50] INFO  impl.RoleInfo (RoleInfo.java:updateAndGet(143)) - 4c1e8795-b3d4-460e-8f85-df43444e9ba0: start FollowerState
2019-11-17 11:09:04,924 [fa2fcff1-083d-4cf3-acfd-0486da9214fd@group-3631E1AADF49-LeaderElection49] INFO  impl.RaftServerImpl (RaftServerImpl.java:setRole(173)) - fa2fcff1-083d-4cf3-acfd-0486da9214fd@group-3631E1AADF49: changes role from CANDIDATE to LEADER at term 1 for changeToLeader
2019-11-17 11:09:04,925 [fa2fcff1-083d-4cf3-acfd-0486da9214fd@group-3631E1AADF49-LeaderElection49] INFO  ratis.XceiverServerRatis (XceiverServerRatis.java:handleLeaderChangedNotification(697)) - Leader change notification received for group: group-3631E1AADF49 with new leaderId: fa2fcff1-083d-4cf3-acfd-0486da9214fd
2019-11-17 11:09:04,925 [fa2fcff1-083d-4cf3-acfd-0486da9214fd@group-3631E1AADF49-LeaderElection49] INFO  impl.RaftServerImpl (ServerState.java:setLeader(255)) - fa2fcff1-083d-4cf3-acfd-0486da9214fd@group-3631E1AADF49: change Leader from null to fa2fcff1-083d-4cf3-acfd-0486da9214fd at term 1 for becomeLeader, leader elected after 1143ms
2019-11-17 11:09:04,925 [fa2fcff1-083d-4cf3-acfd-0486da9214fd@group-3631E1AADF49-LeaderElection49] INFO  server.RaftServerConfigKeys (ConfUtils.java:logGet(43)) - raft.server.staging.catchup.gap = 1000 (default)
2019-11-17 11:09:04,925 [fa2fcff1-083d-4cf3-acfd-0486da9214fd@group-3631E1AADF49-LeaderElection49] INFO  server.RaftServerConfigKeys (ConfUtils.java:logGet(43)) - raft.server.rpc.sleep.time = 25ms (default)
2019-11-17 11:09:04,925 [fa2fcff1-083d-4cf3-acfd-0486da9214fd@group-3631E1AADF49-LeaderElection49] INFO  server.RaftServerConfigKeys (ConfUtils.java:logGet(43)) - raft.server.write.element-limit = 4096 (default)
2019-11-17 11:09:04,925 [fa2fcff1-083d-4cf3-acfd-0486da9214fd@group-3631E1AADF49-LeaderElection49] INFO  server.RaftServerConfigKeys (ConfUtils.java:logGet(43)) - raft.server.watch.timeout = 10s (default)
2019-11-17 11:09:04,925 [fa2fcff1-083d-4cf3-acfd-0486da9214fd@group-3631E1AADF49-LeaderElection49] INFO  server.RaftServerConfigKeys (ConfUtils.java:logGet(43)) - raft.server.watch.timeout.denomination = 1s (default)
2019-11-17 11:09:04,925 [fa2fcff1-083d-4cf3-acfd-0486da9214fd@group-3631E1AADF49-LeaderElection49] INFO  server.RaftServerConfigKeys (ConfUtils.java:logGet(43)) - raft.server.watch.element-limit = 65536 (default)
2019-11-17 11:09:04,926 [fa2fcff1-083d-4cf3-acfd-0486da9214fd@group-3631E1AADF49-LeaderElection49] INFO  server.RaftServerConfigKeys (ConfUtils.java:logGet(43)) - raft.server.log.appender.snapshot.chunk.size.max = 16MB (=16777216) (default)
2019-11-17 11:09:04,926 [fa2fcff1-083d-4cf3-acfd-0486da9214fd@group-3631E1AADF49-LeaderElection49] INFO  server.RaftServerConfigKeys (ConfUtils.java:logGet(43)) - raft.server.log.appender.buffer.byte-limit = 33554432 (custom)
2019-11-17 11:09:04,926 [fa2fcff1-083d-4cf3-acfd-0486da9214fd@group-3631E1AADF49-LeaderElection49] INFO  server.RaftServerConfigKeys (ConfUtils.java:logGet(43)) - raft.server.log.appender.buffer.element-limit = 1 (custom)
2019-11-17 11:09:04,926 [fa2fcff1-083d-4cf3-acfd-0486da9214fd@group-3631E1AADF49-LeaderElection49] INFO  grpc.GrpcConfigKeys$Server (ConfUtils.java:logGet(43)) - raft.grpc.server.leader.outstanding.appends.max = 128 (default)
2019-11-17 11:09:04,926 [fa2fcff1-083d-4cf3-acfd-0486da9214fd@group-3631E1AADF49-LeaderElection49] INFO  server.RaftServerConfigKeys (ConfUtils.java:logGet(43)) - raft.server.rpc.request.timeout = 3000ms (default)
2019-11-17 11:09:04,926 [fa2fcff1-083d-4cf3-acfd-0486da9214fd@group-3631E1AADF49-LeaderElection49] INFO  server.RaftServerConfigKeys (ConfUtils.java:logGet(43)) - raft.server.log.appender.install.snapshot.enabled = false (custom)
2019-11-17 11:09:04,926 [fa2fcff1-083d-4cf3-acfd-0486da9214fd@group-3631E1AADF49-LeaderElection49] WARN  impl.MetricRegistriesImpl (MetricRegistriesImpl.java:lambda$create$1(61)) - First MetricRegistry has been created without registering reporters. You may need to call MetricRegistries.global().addReportRegistration(...) before.
2019-11-17 11:09:04,927 [fa2fcff1-083d-4cf3-acfd-0486da9214fd@group-3631E1AADF49-LeaderElection49] INFO  server.RaftServerConfigKeys (ConfUtils.java:logGet(43)) - raft.server.log.appender.snapshot.chunk.size.max = 16MB (=16777216) (default)
2019-11-17 11:09:04,927 [fa2fcff1-083d-4cf3-acfd-0486da9214fd@group-3631E1AADF49-LeaderElection49] INFO  server.RaftServerConfigKeys (ConfUtils.java:logGet(43)) - raft.server.log.appender.buffer.byte-limit = 33554432 (custom)
2019-11-17 11:09:04,927 [fa2fcff1-083d-4cf3-acfd-0486da9214fd@group-3631E1AADF49-LeaderElection49] INFO  server.RaftServerConfigKeys (ConfUtils.java:logGet(43)) - raft.server.log.appender.buffer.element-limit = 1 (custom)
2019-11-17 11:09:04,927 [fa2fcff1-083d-4cf3-acfd-0486da9214fd@group-3631E1AADF49-LeaderElection49] INFO  grpc.GrpcConfigKeys$Server (ConfUtils.java:logGet(43)) - raft.grpc.server.leader.outstanding.appends.max = 128 (default)
2019-11-17 11:09:04,927 [fa2fcff1-083d-4cf3-acfd-0486da9214fd@group-3631E1AADF49-LeaderElection49] INFO  server.RaftServerConfigKeys (ConfUtils.java:logGet(43)) - raft.server.rpc.request.timeout = 3000ms (default)
2019-11-17 11:09:04,927 [fa2fcff1-083d-4cf3-acfd-0486da9214fd@group-3631E1AADF49-LeaderElection49] INFO  server.RaftServerConfigKeys (ConfUtils.java:logGet(43)) - raft.server.log.appender.install.snapshot.enabled = false (custom)
2019-11-17 11:09:04,927 [fa2fcff1-083d-4cf3-acfd-0486da9214fd@group-3631E1AADF49-LeaderElection49] INFO  impl.RoleInfo (RoleInfo.java:updateAndGet(143)) - fa2fcff1-083d-4cf3-acfd-0486da9214fd: start LeaderState
2019-11-17 11:09:04,928 [fa2fcff1-083d-4cf3-acfd-0486da9214fd@group-3631E1AADF49-LeaderElection49] INFO  segmented.SegmentedRaftLogWorker (SegmentedRaftLogWorker.java:startLogSegment(385)) - fa2fcff1-083d-4cf3-acfd-0486da9214fd@group-3631E1AADF49-SegmentedRaftLogWorker: Starting segment from index:0
2019-11-17 11:09:04,928 [fa2fcff1-083d-4cf3-acfd-0486da9214fd@group-3631E1AADF49-LeaderElection49] INFO  impl.RaftServerImpl (ServerState.java:setRaftConf(356)) - fa2fcff1-083d-4cf3-acfd-0486da9214fd@group-3631E1AADF49: set configuration 0: [fa2fcff1-083d-4cf3-acfd-0486da9214fd:192.168.34.35:34313, e3fe17d3-3943-4d4c-b88c-d5052243b886:192.168.34.35:33574, 4c1e8795-b3d4-460e-8f85-df43444e9ba0:192.168.34.35:35525], old=null at 0
2019-11-17 11:09:04,929 [grpc-default-executor-7] INFO  ratis.XceiverServerRatis (XceiverServerRatis.java:handleLeaderChangedNotification(697)) - Leader change notification received for group: group-3631E1AADF49 with new leaderId: fa2fcff1-083d-4cf3-acfd-0486da9214fd
2019-11-17 11:09:04,929 [grpc-default-executor-2] INFO  ratis.XceiverServerRatis (XceiverServerRatis.java:handleLeaderChangedNotification(697)) - Leader change notification received for group: group-3631E1AADF49 with new leaderId: fa2fcff1-083d-4cf3-acfd-0486da9214fd
2019-11-17 11:09:04,929 [grpc-default-executor-7] INFO  impl.RaftServerImpl (ServerState.java:setLeader(255)) - e3fe17d3-3943-4d4c-b88c-d5052243b886@group-3631E1AADF49: change Leader from null to fa2fcff1-083d-4cf3-acfd-0486da9214fd at term 1 for appendEntries, leader elected after 1148ms
2019-11-17 11:09:04,930 [grpc-default-executor-2] INFO  impl.RaftServerImpl (ServerState.java:setLeader(255)) - 4c1e8795-b3d4-460e-8f85-df43444e9ba0@group-3631E1AADF49: change Leader from null to fa2fcff1-083d-4cf3-acfd-0486da9214fd at term 1 for appendEntries, leader elected after 1148ms
2019-11-17 11:09:04,931 [grpc-default-executor-2] INFO  impl.RaftServerImpl (ServerState.java:setRaftConf(356)) - e3fe17d3-3943-4d4c-b88c-d5052243b886@group-3631E1AADF49: set configuration 0: [fa2fcff1-083d-4cf3-acfd-0486da9214fd:192.168.34.35:34313, e3fe17d3-3943-4d4c-b88c-d5052243b886:192.168.34.35:33574, 4c1e8795-b3d4-460e-8f85-df43444e9ba0:192.168.34.35:35525], old=null at 0
2019-11-17 11:09:04,932 [grpc-default-executor-7] INFO  impl.RaftServerImpl (ServerState.java:setRaftConf(356)) - 4c1e8795-b3d4-460e-8f85-df43444e9ba0@group-3631E1AADF49: set configuration 0: [fa2fcff1-083d-4cf3-acfd-0486da9214fd:192.168.34.35:34313, e3fe17d3-3943-4d4c-b88c-d5052243b886:192.168.34.35:33574, 4c1e8795-b3d4-460e-8f85-df43444e9ba0:192.168.34.35:35525], old=null at 0
2019-11-17 11:09:04,932 [grpc-default-executor-2] INFO  segmented.SegmentedRaftLogWorker (SegmentedRaftLogWorker.java:startLogSegment(385)) - e3fe17d3-3943-4d4c-b88c-d5052243b886@group-3631E1AADF49-SegmentedRaftLogWorker: Starting segment from index:0
2019-11-17 11:09:04,932 [grpc-default-executor-7] INFO  segmented.SegmentedRaftLogWorker (SegmentedRaftLogWorker.java:startLogSegment(385)) - 4c1e8795-b3d4-460e-8f85-df43444e9ba0@group-3631E1AADF49-SegmentedRaftLogWorker: Starting segment from index:0
2019-11-17 11:09:04,972 [fa2fcff1-083d-4cf3-acfd-0486da9214fd@group-3631E1AADF49-SegmentedRaftLogWorker] INFO  segmented.SegmentedRaftLogWorker (SegmentedRaftLogWorker.java:execute(576)) - fa2fcff1-083d-4cf3-acfd-0486da9214fd@group-3631E1AADF49-SegmentedRaftLogWorker: created new log segment /workdir/hadoop-ozone/integration-test/target/test-dir/MiniOzoneClusterImpl-184704d8-2d26-4abc-9155-7ef0d3d35dfc/datanode-3/data/ratis/fb7a4818-bb7c-4d26-851f-3631e1aadf49/current/log_inprogress_0
2019-11-17 11:09:04,972 [e3fe17d3-3943-4d4c-b88c-d5052243b886@group-3631E1AADF49-SegmentedRaftLogWorker] INFO  segmented.SegmentedRaftLogWorker (SegmentedRaftLogWorker.java:execute(576)) - e3fe17d3-3943-4d4c-b88c-d5052243b886@group-3631E1AADF49-SegmentedRaftLogWorker: created new log segment /workdir/hadoop-ozone/integration-test/target/test-dir/MiniOzoneClusterImpl-184704d8-2d26-4abc-9155-7ef0d3d35dfc/datanode-5/data/ratis/fb7a4818-bb7c-4d26-851f-3631e1aadf49/current/log_inprogress_0
2019-11-17 11:09:04,972 [4c1e8795-b3d4-460e-8f85-df43444e9ba0@group-3631E1AADF49-SegmentedRaftLogWorker] INFO  segmented.SegmentedRaftLogWorker (SegmentedRaftLogWorker.java:execute(576)) - 4c1e8795-b3d4-460e-8f85-df43444e9ba0@group-3631E1AADF49-SegmentedRaftLogWorker: created new log segment /workdir/hadoop-ozone/integration-test/target/test-dir/MiniOzoneClusterImpl-184704d8-2d26-4abc-9155-7ef0d3d35dfc/datanode-4/data/ratis/fb7a4818-bb7c-4d26-851f-3631e1aadf49/current/log_inprogress_0
2019-11-17 11:09:04,988 [Command processor thread] ERROR commandhandler.CloseContainerCommandHandler (CloseContainerCommandHandler.java:handle(84)) - Container #1 does not exist in datanode. Container close failed.
2019-11-17 11:09:05,012 [Thread-1819] INFO  impl.FollowerState (FollowerState.java:run(111)) - 28ccac35-fb4f-4f0a-a99f-78d96ef6e430@group-59CEBA4C68AB-FollowerState: change to CANDIDATE, lastRpcTime:1173ms, electionTimeout:1173ms
2019-11-17 11:09:05,013 [Thread-1819] INFO  impl.RoleInfo (RoleInfo.java:shutdownFollowerState(121)) - 28ccac35-fb4f-4f0a-a99f-78d96ef6e430: shutdown FollowerState
2019-11-17 11:09:05,013 [Thread-1819] INFO  impl.RaftServerImpl (RaftServerImpl.java:setRole(173)) - 28ccac35-fb4f-4f0a-a99f-78d96ef6e430@group-59CEBA4C68AB: changes role from  FOLLOWER to CANDIDATE at term 0 for changeToCandidate
2019-11-17 11:09:05,013 [Thread-1819] INFO  impl.RoleInfo (RoleInfo.java:updateAndGet(143)) - 28ccac35-fb4f-4f0a-a99f-78d96ef6e430: start LeaderElection
2019-11-17 11:09:05,032 [Thread-1823] INFO  impl.FollowerState (FollowerState.java:run(111)) - 4c1e8795-b3d4-460e-8f85-df43444e9ba0@group-8330AF8A611E-FollowerState: change to CANDIDATE, lastRpcTime:1137ms, electionTimeout:1137ms
2019-11-17 11:09:05,032 [Thread-1823] INFO  impl.RoleInfo (RoleInfo.java:shutdownFollowerState(121)) - 4c1e8795-b3d4-460e-8f85-df43444e9ba0: shutdown FollowerState
2019-11-17 11:09:05,032 [Thread-1823] INFO  impl.RaftServerImpl (RaftServerImpl.java:setRole(173)) - 4c1e8795-b3d4-460e-8f85-df43444e9ba0@group-8330AF8A611E: changes role from  FOLLOWER to CANDIDATE at term 0 for changeToCandidate
2019-11-17 11:09:05,032 [Thread-1823] INFO  impl.RoleInfo (RoleInfo.java:updateAndGet(143)) - 4c1e8795-b3d4-460e-8f85-df43444e9ba0: start LeaderElection
2019-11-17 11:09:05,041 [28ccac35-fb4f-4f0a-a99f-78d96ef6e430@group-59CEBA4C68AB-LeaderElection51] INFO  impl.LeaderElection (LeaderElection.java:askForVotes(178)) - 28ccac35-fb4f-4f0a-a99f-78d96ef6e430@group-59CEBA4C68AB-LeaderElection51: begin an election at term 1 for -1: [28ccac35-fb4f-4f0a-a99f-78d96ef6e430:192.168.34.35:37581], old=null
2019-11-17 11:09:05,041 [4c1e8795-b3d4-460e-8f85-df43444e9ba0@group-8330AF8A611E-LeaderElection52] INFO  impl.LeaderElection (LeaderElection.java:askForVotes(178)) - 4c1e8795-b3d4-460e-8f85-df43444e9ba0@group-8330AF8A611E-LeaderElection52: begin an election at term 1 for -1: [4c1e8795-b3d4-460e-8f85-df43444e9ba0:192.168.34.35:35525], old=null
2019-11-17 11:09:05,041 [28ccac35-fb4f-4f0a-a99f-78d96ef6e430@group-59CEBA4C68AB-LeaderElection51] INFO  impl.RoleInfo (RoleInfo.java:shutdownLeaderElection(134)) - 28ccac35-fb4f-4f0a-a99f-78d96ef6e430: shutdown LeaderElection
2019-11-17 11:09:05,041 [4c1e8795-b3d4-460e-8f85-df43444e9ba0@group-8330AF8A611E-LeaderElection52] INFO  impl.RoleInfo (RoleInfo.java:shutdownLeaderElection(134)) - 4c1e8795-b3d4-460e-8f85-df43444e9ba0: shutdown LeaderElection
2019-11-17 11:09:05,041 [28ccac35-fb4f-4f0a-a99f-78d96ef6e430@group-59CEBA4C68AB-LeaderElection51] INFO  impl.RaftServerImpl (RaftServerImpl.java:setRole(173)) - 28ccac35-fb4f-4f0a-a99f-78d96ef6e430@group-59CEBA4C68AB: changes role from CANDIDATE to LEADER at term 1 for changeToLeader
2019-11-17 11:09:05,042 [4c1e8795-b3d4-460e-8f85-df43444e9ba0@group-8330AF8A611E-LeaderElection52] INFO  impl.RaftServerImpl (RaftServerImpl.java:setRole(173)) - 4c1e8795-b3d4-460e-8f85-df43444e9ba0@group-8330AF8A611E: changes role from CANDIDATE to LEADER at term 1 for changeToLeader
2019-11-17 11:09:05,042 [28ccac35-fb4f-4f0a-a99f-78d96ef6e430@group-59CEBA4C68AB-LeaderElection51] INFO  ratis.XceiverServerRatis (XceiverServerRatis.java:handleLeaderChangedNotification(697)) - Leader change notification received for group: group-59CEBA4C68AB with new leaderId: 28ccac35-fb4f-4f0a-a99f-78d96ef6e430
2019-11-17 11:09:05,042 [4c1e8795-b3d4-460e-8f85-df43444e9ba0@group-8330AF8A611E-LeaderElection52] INFO  ratis.XceiverServerRatis (XceiverServerRatis.java:handleLeaderChangedNotification(697)) - Leader change notification received for group: group-8330AF8A611E with new leaderId: 4c1e8795-b3d4-460e-8f85-df43444e9ba0
2019-11-17 11:09:05,042 [28ccac35-fb4f-4f0a-a99f-78d96ef6e430@group-59CEBA4C68AB-LeaderElection51] INFO  impl.RaftServerImpl (ServerState.java:setLeader(255)) - 28ccac35-fb4f-4f0a-a99f-78d96ef6e430@group-59CEBA4C68AB: change Leader from null to 28ccac35-fb4f-4f0a-a99f-78d96ef6e430 at term 1 for becomeLeader, leader elected after 1205ms
2019-11-17 11:09:05,042 [4c1e8795-b3d4-460e-8f85-df43444e9ba0@group-8330AF8A611E-LeaderElection52] INFO  impl.RaftServerImpl (ServerState.java:setLeader(255)) - 4c1e8795-b3d4-460e-8f85-df43444e9ba0@group-8330AF8A611E: change Leader from null to 4c1e8795-b3d4-460e-8f85-df43444e9ba0 at term 1 for becomeLeader, leader elected after 1150ms
2019-11-17 11:09:05,042 [28ccac35-fb4f-4f0a-a99f-78d96ef6e430@group-59CEBA4C68AB-LeaderElection51] INFO  server.RaftServerConfigKeys (ConfUtils.java:logGet(43)) - raft.server.staging.catchup.gap = 1000 (default)
2019-11-17 11:09:05,042 [4c1e8795-b3d4-460e-8f85-df43444e9ba0@group-8330AF8A611E-LeaderElection52] INFO  server.RaftServerConfigKeys (ConfUtils.java:logGet(43)) - raft.server.staging.catchup.gap = 1000 (default)
2019-11-17 11:09:05,042 [28ccac35-fb4f-4f0a-a99f-78d96ef6e430@group-59CEBA4C68AB-LeaderElection51] INFO  server.RaftServerConfigKeys (ConfUtils.java:logGet(43)) - raft.server.rpc.sleep.time = 25ms (default)
2019-11-17 11:09:05,042 [4c1e8795-b3d4-460e-8f85-df43444e9ba0@group-8330AF8A611E-LeaderElection52] INFO  server.RaftServerConfigKeys (ConfUtils.java:logGet(43)) - raft.server.rpc.sleep.time = 25ms (default)
2019-11-17 11:09:05,042 [28ccac35-fb4f-4f0a-a99f-78d96ef6e430@group-59CEBA4C68AB-LeaderElection51] INFO  server.RaftServerConfigKeys (ConfUtils.java:logGet(43)) - raft.server.write.element-limit = 4096 (default)
2019-11-17 11:09:05,043 [4c1e8795-b3d4-460e-8f85-df43444e9ba0@group-8330AF8A611E-LeaderElection52] INFO  server.RaftServerConfigKeys (ConfUtils.java:logGet(43)) - raft.server.write.element-limit = 4096 (default)
2019-11-17 11:09:05,043 [28ccac35-fb4f-4f0a-a99f-78d96ef6e430@group-59CEBA4C68AB-LeaderElection51] INFO  server.RaftServerConfigKeys (ConfUtils.java:logGet(43)) - raft.server.watch.timeout = 10s (default)
2019-11-17 11:09:05,043 [4c1e8795-b3d4-460e-8f85-df43444e9ba0@group-8330AF8A611E-LeaderElection52] INFO  server.RaftServerConfigKeys (ConfUtils.java:logGet(43)) - raft.server.watch.timeout = 10s (default)
2019-11-17 11:09:05,043 [28ccac35-fb4f-4f0a-a99f-78d96ef6e430@group-59CEBA4C68AB-LeaderElection51] INFO  server.RaftServerConfigKeys (ConfUtils.java:logGet(43)) - raft.server.watch.timeout.denomination = 1s (default)
2019-11-17 11:09:05,043 [4c1e8795-b3d4-460e-8f85-df43444e9ba0@group-8330AF8A611E-LeaderElection52] INFO  server.RaftServerConfigKeys (ConfUtils.java:logGet(43)) - raft.server.watch.timeout.denomination = 1s (default)
2019-11-17 11:09:05,043 [EventQueue-PipelineReportForPipelineReportHandler] INFO  pipeline.PipelineStateManager (PipelineStateManager.java:openPipeline(134)) - Pipeline Pipeline[ Id: 6e550739-8835-47f4-8727-8330af8a611e, Nodes: 4c1e8795-b3d4-460e-8f85-df43444e9ba0{ip: 192.168.34.35, host: pr-hdds-2291-5997d-4279494527, networkLocation: /default-rack, certSerialId: null}, Type:RATIS, Factor:ONE, State:OPEN] moved to OPEN state
2019-11-17 11:09:05,043 [28ccac35-fb4f-4f0a-a99f-78d96ef6e430@group-59CEBA4C68AB-LeaderElection51] INFO  server.RaftServerConfigKeys (ConfUtils.java:logGet(43)) - raft.server.watch.element-limit = 65536 (default)
2019-11-17 11:09:05,043 [4c1e8795-b3d4-460e-8f85-df43444e9ba0@group-8330AF8A611E-LeaderElection52] INFO  server.RaftServerConfigKeys (ConfUtils.java:logGet(43)) - raft.server.watch.element-limit = 65536 (default)
2019-11-17 11:09:05,043 [EventQueue-PipelineReportForPipelineReportHandler] INFO  pipeline.PipelineStateManager (PipelineStateManager.java:openPipeline(134)) - Pipeline Pipeline[ Id: 8b053100-5f39-4c8b-9af1-59ceba4c68ab, Nodes: 28ccac35-fb4f-4f0a-a99f-78d96ef6e430{ip: 192.168.34.35, host: pr-hdds-2291-5997d-4279494527, networkLocation: /default-rack, certSerialId: null}, Type:RATIS, Factor:ONE, State:OPEN] moved to OPEN state
2019-11-17 11:09:05,044 [4c1e8795-b3d4-460e-8f85-df43444e9ba0@group-8330AF8A611E-LeaderElection52] INFO  impl.RoleInfo (RoleInfo.java:updateAndGet(143)) - 4c1e8795-b3d4-460e-8f85-df43444e9ba0: start LeaderState
2019-11-17 11:09:05,043 [28ccac35-fb4f-4f0a-a99f-78d96ef6e430@group-59CEBA4C68AB-LeaderElection51] INFO  impl.RoleInfo (RoleInfo.java:updateAndGet(143)) - 28ccac35-fb4f-4f0a-a99f-78d96ef6e430: start LeaderState
2019-11-17 11:09:05,044 [4c1e8795-b3d4-460e-8f85-df43444e9ba0@group-8330AF8A611E-LeaderElection52] INFO  segmented.SegmentedRaftLogWorker (SegmentedRaftLogWorker.java:startLogSegment(385)) - 4c1e8795-b3d4-460e-8f85-df43444e9ba0@group-8330AF8A611E-SegmentedRaftLogWorker: Starting segment from index:0
2019-11-17 11:09:05,044 [28ccac35-fb4f-4f0a-a99f-78d96ef6e430@group-59CEBA4C68AB-LeaderElection51] INFO  segmented.SegmentedRaftLogWorker (SegmentedRaftLogWorker.java:startLogSegment(385)) - 28ccac35-fb4f-4f0a-a99f-78d96ef6e430@group-59CEBA4C68AB-SegmentedRaftLogWorker: Starting segment from index:0
2019-11-17 11:09:05,044 [4c1e8795-b3d4-460e-8f85-df43444e9ba0@group-8330AF8A611E-LeaderElection52] INFO  impl.RaftServerImpl (ServerState.java:setRaftConf(356)) - 4c1e8795-b3d4-460e-8f85-df43444e9ba0@group-8330AF8A611E: set configuration 0: [4c1e8795-b3d4-460e-8f85-df43444e9ba0:192.168.34.35:35525], old=null at 0
2019-11-17 11:09:05,044 [28ccac35-fb4f-4f0a-a99f-78d96ef6e430@group-59CEBA4C68AB-LeaderElection51] INFO  impl.RaftServerImpl (ServerState.java:setRaftConf(356)) - 28ccac35-fb4f-4f0a-a99f-78d96ef6e430@group-59CEBA4C68AB: set configuration 0: [28ccac35-fb4f-4f0a-a99f-78d96ef6e430:192.168.34.35:37581], old=null at 0
2019-11-17 11:09:05,105 [4c1e8795-b3d4-460e-8f85-df43444e9ba0@group-8330AF8A611E-SegmentedRaftLogWorker] INFO  segmented.SegmentedRaftLogWorker (SegmentedRaftLogWorker.java:execute(576)) - 4c1e8795-b3d4-460e-8f85-df43444e9ba0@group-8330AF8A611E-SegmentedRaftLogWorker: created new log segment /workdir/hadoop-ozone/integration-test/target/test-dir/MiniOzoneClusterImpl-184704d8-2d26-4abc-9155-7ef0d3d35dfc/datanode-4/data/ratis/6e550739-8835-47f4-8727-8330af8a611e/current/log_inprogress_0
2019-11-17 11:09:05,105 [Command processor thread] ERROR commandhandler.CloseContainerCommandHandler (CloseContainerCommandHandler.java:handle(84)) - Container #1 does not exist in datanode. Container close failed.
2019-11-17 11:09:05,118 [28ccac35-fb4f-4f0a-a99f-78d96ef6e430@group-59CEBA4C68AB-SegmentedRaftLogWorker] INFO  segmented.SegmentedRaftLogWorker (SegmentedRaftLogWorker.java:execute(576)) - 28ccac35-fb4f-4f0a-a99f-78d96ef6e430@group-59CEBA4C68AB-SegmentedRaftLogWorker: created new log segment /workdir/hadoop-ozone/integration-test/target/test-dir/MiniOzoneClusterImpl-184704d8-2d26-4abc-9155-7ef0d3d35dfc/datanode-2/data/ratis/8b053100-5f39-4c8b-9af1-59ceba4c68ab/current/log_inprogress_0
2019-11-17 11:09:05,143 [Thread-1827] INFO  impl.FollowerState (FollowerState.java:run(111)) - ce4f5a27-7d6e-4546-9ae5-5afbf9a8c00c@group-1FFB3CC9C3DC-FollowerState: change to CANDIDATE, lastRpcTime:1200ms, electionTimeout:1200ms
2019-11-17 11:09:05,143 [Thread-1827] INFO  impl.RoleInfo (RoleInfo.java:shutdownFollowerState(121)) - ce4f5a27-7d6e-4546-9ae5-5afbf9a8c00c: shutdown FollowerState
2019-11-17 11:09:05,143 [Thread-1827] INFO  impl.RaftServerImpl (RaftServerImpl.java:setRole(173)) - ce4f5a27-7d6e-4546-9ae5-5afbf9a8c00c@group-1FFB3CC9C3DC: changes role from  FOLLOWER to CANDIDATE at term 0 for changeToCandidate
2019-11-17 11:09:05,144 [Thread-1827] INFO  impl.RoleInfo (RoleInfo.java:updateAndGet(143)) - ce4f5a27-7d6e-4546-9ae5-5afbf9a8c00c: start LeaderElection
2019-11-17 11:09:05,166 [ce4f5a27-7d6e-4546-9ae5-5afbf9a8c00c@group-1FFB3CC9C3DC-LeaderElection53] INFO  impl.LeaderElection (LeaderElection.java:askForVotes(178)) - ce4f5a27-7d6e-4546-9ae5-5afbf9a8c00c@group-1FFB3CC9C3DC-LeaderElection53: begin an election at term 1 for -1: [ce4f5a27-7d6e-4546-9ae5-5afbf9a8c00c:192.168.34.35:44254], old=null
2019-11-17 11:09:05,167 [ce4f5a27-7d6e-4546-9ae5-5afbf9a8c00c@group-1FFB3CC9C3DC-LeaderElection53] INFO  impl.RoleInfo (RoleInfo.java:shutdownLeaderElection(134)) - ce4f5a27-7d6e-4546-9ae5-5afbf9a8c00c: shutdown LeaderElection
2019-11-17 11:09:05,167 [ce4f5a27-7d6e-4546-9ae5-5afbf9a8c00c@group-1FFB3CC9C3DC-LeaderElection53] INFO  impl.RaftServerImpl (RaftServerImpl.java:setRole(173)) - ce4f5a27-7d6e-4546-9ae5-5afbf9a8c00c@group-1FFB3CC9C3DC: changes role from CANDIDATE to LEADER at term 1 for changeToLeader
2019-11-17 11:09:05,167 [ce4f5a27-7d6e-4546-9ae5-5afbf9a8c00c@group-1FFB3CC9C3DC-LeaderElection53] INFO  ratis.XceiverServerRatis (XceiverServerRatis.java:handleLeaderChangedNotification(697)) - Leader change notification received for group: group-1FFB3CC9C3DC with new leaderId: ce4f5a27-7d6e-4546-9ae5-5afbf9a8c00c
2019-11-17 11:09:05,167 [ce4f5a27-7d6e-4546-9ae5-5afbf9a8c00c@group-1FFB3CC9C3DC-LeaderElection53] INFO  impl.RaftServerImpl (ServerState.java:setLeader(255)) - ce4f5a27-7d6e-4546-9ae5-5afbf9a8c00c@group-1FFB3CC9C3DC: change Leader from null to ce4f5a27-7d6e-4546-9ae5-5afbf9a8c00c at term 1 for becomeLeader, leader elected after 1227ms
2019-11-17 11:09:05,167 [ce4f5a27-7d6e-4546-9ae5-5afbf9a8c00c@group-1FFB3CC9C3DC-LeaderElection53] INFO  server.RaftServerConfigKeys (ConfUtils.java:logGet(43)) - raft.server.staging.catchup.gap = 1000 (default)
2019-11-17 11:09:05,167 [ce4f5a27-7d6e-4546-9ae5-5afbf9a8c00c@group-1FFB3CC9C3DC-LeaderElection53] INFO  server.RaftServerConfigKeys (ConfUtils.java:logGet(43)) - raft.server.rpc.sleep.time = 25ms (default)
2019-11-17 11:09:05,168 [ce4f5a27-7d6e-4546-9ae5-5afbf9a8c00c@group-1FFB3CC9C3DC-LeaderElection53] INFO  server.RaftServerConfigKeys (ConfUtils.java:logGet(43)) - raft.server.write.element-limit = 4096 (default)
2019-11-17 11:09:05,168 [ce4f5a27-7d6e-4546-9ae5-5afbf9a8c00c@group-1FFB3CC9C3DC-LeaderElection53] INFO  server.RaftServerConfigKeys (ConfUtils.java:logGet(43)) - raft.server.watch.timeout = 10s (default)
2019-11-17 11:09:05,168 [ce4f5a27-7d6e-4546-9ae5-5afbf9a8c00c@group-1FFB3CC9C3DC-LeaderElection53] INFO  server.RaftServerConfigKeys (ConfUtils.java:logGet(43)) - raft.server.watch.timeout.denomination = 1s (default)
2019-11-17 11:09:05,168 [ce4f5a27-7d6e-4546-9ae5-5afbf9a8c00c@group-1FFB3CC9C3DC-LeaderElection53] INFO  server.RaftServerConfigKeys (ConfUtils.java:logGet(43)) - raft.server.watch.element-limit = 65536 (default)
2019-11-17 11:09:05,168 [EventQueue-PipelineReportForPipelineReportHandler] INFO  pipeline.PipelineStateManager (PipelineStateManager.java:openPipeline(134)) - Pipeline Pipeline[ Id: ebd9ee88-382b-4878-9aac-1ffb3cc9c3dc, Nodes: ce4f5a27-7d6e-4546-9ae5-5afbf9a8c00c{ip: 192.168.34.35, host: pr-hdds-2291-5997d-4279494527, networkLocation: /default-rack, certSerialId: null}, Type:RATIS, Factor:ONE, State:OPEN] moved to OPEN state
2019-11-17 11:09:05,168 [ce4f5a27-7d6e-4546-9ae5-5afbf9a8c00c@group-1FFB3CC9C3DC-LeaderElection53] INFO  impl.RoleInfo (RoleInfo.java:updateAndGet(143)) - ce4f5a27-7d6e-4546-9ae5-5afbf9a8c00c: start LeaderState
2019-11-17 11:09:05,169 [ce4f5a27-7d6e-4546-9ae5-5afbf9a8c00c@group-1FFB3CC9C3DC-LeaderElection53] INFO  segmented.SegmentedRaftLogWorker (SegmentedRaftLogWorker.java:startLogSegment(385)) - ce4f5a27-7d6e-4546-9ae5-5afbf9a8c00c@group-1FFB3CC9C3DC-SegmentedRaftLogWorker: Starting segment from index:0
2019-11-17 11:09:05,169 [ce4f5a27-7d6e-4546-9ae5-5afbf9a8c00c@group-1FFB3CC9C3DC-LeaderElection53] INFO  impl.RaftServerImpl (ServerState.java:setRaftConf(356)) - ce4f5a27-7d6e-4546-9ae5-5afbf9a8c00c@group-1FFB3CC9C3DC: set configuration 0: [ce4f5a27-7d6e-4546-9ae5-5afbf9a8c00c:192.168.34.35:44254], old=null at 0
2019-11-17 11:09:05,214 [ce4f5a27-7d6e-4546-9ae5-5afbf9a8c00c@group-1FFB3CC9C3DC-SegmentedRaftLogWorker] INFO  segmented.SegmentedRaftLogWorker (SegmentedRaftLogWorker.java:execute(576)) - ce4f5a27-7d6e-4546-9ae5-5afbf9a8c00c@group-1FFB3CC9C3DC-SegmentedRaftLogWorker: created new log segment /workdir/hadoop-ozone/integration-test/target/test-dir/MiniOzoneClusterImpl-184704d8-2d26-4abc-9155-7ef0d3d35dfc/datanode-0/data/ratis/ebd9ee88-382b-4878-9aac-1ffb3cc9c3dc/current/log_inprogress_0
2019-11-17 11:09:09,456 [main] INFO  ozoneimpl.OzoneContainer (OzoneContainer.java:stop(244)) - Attempting to stop container services.
2019-11-17 11:09:09,456 [ForkJoinPool.commonPool-worker-0] INFO  ozoneimpl.OzoneContainer (OzoneContainer.java:stop(244)) - Attempting to stop container services.
2019-11-17 11:09:09,457 [main] INFO  impl.RaftServerProxy (RaftServerProxy.java:lambda$close$4(314)) - fa2fcff1-083d-4cf3-acfd-0486da9214fd: close
2019-11-17 11:09:09,457 [ForkJoinPool.commonPool-worker-0] INFO  impl.RaftServerProxy (RaftServerProxy.java:lambda$close$4(314)) - e8702f59-809d-4833-a306-9e60cd88362b: close
2019-11-17 11:09:09,457 [main] INFO  impl.RaftServerImpl (RaftServerImpl.java:lambda$shutdown$3(250)) - fa2fcff1-083d-4cf3-acfd-0486da9214fd@group-3631E1AADF49: shutdown
2019-11-17 11:09:09,457 [ForkJoinPool.commonPool-worker-0] INFO  impl.RaftServerImpl (RaftServerImpl.java:lambda$shutdown$3(250)) - e8702f59-809d-4833-a306-9e60cd88362b@group-F00BEBCD24A8: shutdown
2019-11-17 11:09:09,458 [main] INFO  util.JmxRegister (JmxRegister.java:unregister(73)) - Successfully un-registered JMX Bean with object name Ratis:service=RaftServer,group=group-3631E1AADF49,id=fa2fcff1-083d-4cf3-acfd-0486da9214fd
2019-11-17 11:09:09,458 [ForkJoinPool.commonPool-worker-0] INFO  util.JmxRegister (JmxRegister.java:unregister(73)) - Successfully un-registered JMX Bean with object name Ratis:service=RaftServer,group=group-F00BEBCD24A8,id=e8702f59-809d-4833-a306-9e60cd88362b
2019-11-17 11:09:09,458 [main] INFO  impl.RoleInfo (RoleInfo.java:shutdownLeaderState(104)) - fa2fcff1-083d-4cf3-acfd-0486da9214fd: shutdown LeaderState
2019-11-17 11:09:09,459 [ForkJoinPool.commonPool-worker-0] INFO  impl.RoleInfo (RoleInfo.java:shutdownLeaderState(104)) - e8702f59-809d-4833-a306-9e60cd88362b: shutdown LeaderState
2019-11-17 11:09:09,463 [org.apache.ratis.server.impl.LogAppender$AppenderDaemon$$Lambda$425/279480791@1a97ef61] WARN  server.GrpcLogAppender (GrpcLogAppender.java:mayWait(151)) - fa2fcff1-083d-4cf3-acfd-0486da9214fd@group-3631E1AADF49->e3fe17d3-3943-4d4c-b88c-d5052243b886-GrpcLogAppender: Wait interrupted by java.lang.InterruptedException
2019-11-17 11:09:09,463 [ForkJoinPool.commonPool-worker-0] INFO  impl.PendingRequests (PendingRequests.java:sendNotLeaderResponses(206)) - e8702f59-809d-4833-a306-9e60cd88362b@group-F00BEBCD24A8-PendingRequests: sendNotLeaderResponses
2019-11-17 11:09:09,463 [org.apache.ratis.server.impl.LogAppender$AppenderDaemon$$Lambda$425/279480791@5f956257] WARN  server.GrpcLogAppender (GrpcLogAppender.java:mayWait(151)) - fa2fcff1-083d-4cf3-acfd-0486da9214fd@group-3631E1AADF49->4c1e8795-b3d4-460e-8f85-df43444e9ba0-GrpcLogAppender: Wait interrupted by java.lang.InterruptedException
2019-11-17 11:09:09,463 [ForkJoinPool.commonPool-worker-0] INFO  impl.StateMachineUpdater (StateMachineUpdater.java:stopAndJoin(136)) - e8702f59-809d-4833-a306-9e60cd88362b@group-F00BEBCD24A8-StateMachineUpdater: set stopIndex = 0
2019-11-17 11:09:09,463 [main] INFO  impl.PendingRequests (PendingRequests.java:sendNotLeaderResponses(206)) - fa2fcff1-083d-4cf3-acfd-0486da9214fd@group-3631E1AADF49-PendingRequests: sendNotLeaderResponses
2019-11-17 11:09:09,463 [ForkJoinPool.commonPool-worker-0] INFO  impl.RaftServerImpl (ServerState.java:close(387)) - e8702f59-809d-4833-a306-9e60cd88362b@group-F00BEBCD24A8: closes. applyIndex: 0
2019-11-17 11:09:09,463 [grpc-default-executor-2] INFO  server.GrpcServerProtocolService (GrpcServerProtocolService.java:onCompleted(113)) - 4c1e8795-b3d4-460e-8f85-df43444e9ba0: Completed APPEND_ENTRIES, lastRequest: fa2fcff1-083d-4cf3-acfd-0486da9214fd->4c1e8795-b3d4-460e-8f85-df43444e9ba0#9-t1, previous=(t:1, i:0), leaderCommit=0, initializing? false, entries: <empty>
2019-11-17 11:09:09,463 [grpc-default-executor-7] INFO  server.GrpcServerProtocolService (GrpcServerProtocolService.java:onCompleted(113)) - e3fe17d3-3943-4d4c-b88c-d5052243b886: Completed APPEND_ENTRIES, lastRequest: fa2fcff1-083d-4cf3-acfd-0486da9214fd->e3fe17d3-3943-4d4c-b88c-d5052243b886#9-t1, previous=(t:1, i:0), leaderCommit=0, initializing? false, entries: <empty>
2019-11-17 11:09:09,464 [e8702f59-809d-4833-a306-9e60cd88362b@group-F00BEBCD24A8-SegmentedRaftLogWorker] INFO  segmented.SegmentedRaftLogWorker (SegmentedRaftLogWorker.java:run(316)) - e8702f59-809d-4833-a306-9e60cd88362b@group-F00BEBCD24A8-SegmentedRaftLogWorker was interrupted, exiting. There are 0 tasks remaining in the queue.
2019-11-17 11:09:09,464 [main] INFO  impl.StateMachineUpdater (StateMachineUpdater.java:stopAndJoin(136)) - fa2fcff1-083d-4cf3-acfd-0486da9214fd@group-3631E1AADF49-StateMachineUpdater: set stopIndex = 0
2019-11-17 11:09:09,465 [grpc-default-executor-2] INFO  server.GrpcLogAppender (GrpcLogAppender.java:onCompleted(308)) - fa2fcff1-083d-4cf3-acfd-0486da9214fd@group-3631E1AADF49->e3fe17d3-3943-4d4c-b88c-d5052243b886-AppendLogResponseHandler: follower responses appendEntries COMPLETED
2019-11-17 11:09:09,465 [ForkJoinPool.commonPool-worker-0] INFO  segmented.SegmentedRaftLogWorker (SegmentedRaftLogWorker.java:close(224)) - e8702f59-809d-4833-a306-9e60cd88362b@group-F00BEBCD24A8-SegmentedRaftLogWorker close()
2019-11-17 11:09:09,464 [grpc-default-executor-7] INFO  server.GrpcLogAppender (GrpcLogAppender.java:onCompleted(308)) - fa2fcff1-083d-4cf3-acfd-0486da9214fd@group-3631E1AADF49->4c1e8795-b3d4-460e-8f85-df43444e9ba0-AppendLogResponseHandler: follower responses appendEntries COMPLETED
2019-11-17 11:09:09,466 [ForkJoinPool.commonPool-worker-0] INFO  impl.RaftServerImpl (RaftServerImpl.java:lambda$shutdown$3(250)) - e8702f59-809d-4833-a306-9e60cd88362b@group-FB88F8E3ECE4: shutdown
2019-11-17 11:09:09,465 [main] INFO  impl.RaftServerImpl (ServerState.java:close(387)) - fa2fcff1-083d-4cf3-acfd-0486da9214fd@group-3631E1AADF49: closes. applyIndex: 0
2019-11-17 11:09:09,467 [grpc-default-executor-7] INFO  impl.FollowerInfo (FollowerInfo.java:lambda$new$0(51)) - fa2fcff1-083d-4cf3-acfd-0486da9214fd@group-3631E1AADF49->4c1e8795-b3d4-460e-8f85-df43444e9ba0: nextIndex: updateUnconditionally 1 -> 0
2019-11-17 11:09:09,467 [ForkJoinPool.commonPool-worker-0] INFO  util.JmxRegister (JmxRegister.java:unregister(73)) - Successfully un-registered JMX Bean with object name Ratis:service=RaftServer,group=group-FB88F8E3ECE4,id=e8702f59-809d-4833-a306-9e60cd88362b
2019-11-17 11:09:09,467 [ForkJoinPool.commonPool-worker-0] INFO  impl.RoleInfo (RoleInfo.java:shutdownLeaderState(104)) - e8702f59-809d-4833-a306-9e60cd88362b: shutdown LeaderState
2019-11-17 11:09:09,467 [grpc-default-executor-2] INFO  impl.FollowerInfo (FollowerInfo.java:lambda$new$0(51)) - fa2fcff1-083d-4cf3-acfd-0486da9214fd@group-3631E1AADF49->e3fe17d3-3943-4d4c-b88c-d5052243b886: nextIndex: updateUnconditionally 1 -> 0
2019-11-17 11:09:09,470 [ForkJoinPool.commonPool-worker-0] INFO  impl.PendingRequests (PendingRequests.java:sendNotLeaderResponses(206)) - e8702f59-809d-4833-a306-9e60cd88362b@group-FB88F8E3ECE4-PendingRequests: sendNotLeaderResponses
2019-11-17 11:09:09,469 [org.apache.ratis.server.impl.LogAppender$AppenderDaemon$$Lambda$425/279480791@4315358f] WARN  server.GrpcLogAppender (GrpcLogAppender.java:mayWait(151)) - e8702f59-809d-4833-a306-9e60cd88362b@group-FB88F8E3ECE4->ce4f5a27-7d6e-4546-9ae5-5afbf9a8c00c-GrpcLogAppender: Wait interrupted by java.lang.InterruptedException
2019-11-17 11:09:09,467 [fa2fcff1-083d-4cf3-acfd-0486da9214fd@group-3631E1AADF49-SegmentedRaftLogWorker] INFO  segmented.SegmentedRaftLogWorker (SegmentedRaftLogWorker.java:run(316)) - fa2fcff1-083d-4cf3-acfd-0486da9214fd@group-3631E1AADF49-SegmentedRaftLogWorker was interrupted, exiting. There are 0 tasks remaining in the queue.
2019-11-17 11:09:09,471 [ForkJoinPool.commonPool-worker-0] INFO  impl.StateMachineUpdater (StateMachineUpdater.java:stopAndJoin(136)) - e8702f59-809d-4833-a306-9e60cd88362b@group-FB88F8E3ECE4-StateMachineUpdater: set stopIndex = 0
2019-11-17 11:09:09,472 [ForkJoinPool.commonPool-worker-0] INFO  impl.RaftServerImpl (ServerState.java:close(387)) - e8702f59-809d-4833-a306-9e60cd88362b@group-FB88F8E3ECE4: closes. applyIndex: 0
2019-11-17 11:09:09,470 [org.apache.ratis.server.impl.LogAppender$AppenderDaemon$$Lambda$425/279480791@617a389] WARN  server.GrpcLogAppender (GrpcLogAppender.java:mayWait(151)) - e8702f59-809d-4833-a306-9e60cd88362b@group-FB88F8E3ECE4->28ccac35-fb4f-4f0a-a99f-78d96ef6e430-GrpcLogAppender: Wait interrupted by java.lang.InterruptedException
2019-11-17 11:09:09,473 [e8702f59-809d-4833-a306-9e60cd88362b@group-FB88F8E3ECE4-SegmentedRaftLogWorker] INFO  segmented.SegmentedRaftLogWorker (SegmentedRaftLogWorker.java:run(316)) - e8702f59-809d-4833-a306-9e60cd88362b@group-FB88F8E3ECE4-SegmentedRaftLogWorker was interrupted, exiting. There are 0 tasks remaining in the queue.
2019-11-17 11:09:09,472 [main] INFO  segmented.SegmentedRaftLogWorker (SegmentedRaftLogWorker.java:close(224)) - fa2fcff1-083d-4cf3-acfd-0486da9214fd@group-3631E1AADF49-SegmentedRaftLogWorker close()
2019-11-17 11:09:09,472 [grpc-default-executor-2] INFO  server.GrpcServerProtocolService (GrpcServerProtocolService.java:onCompleted(113)) - ce4f5a27-7d6e-4546-9ae5-5afbf9a8c00c: Completed APPEND_ENTRIES, lastRequest: e8702f59-809d-4833-a306-9e60cd88362b->ce4f5a27-7d6e-4546-9ae5-5afbf9a8c00c#10-t1, previous=(t:1, i:0), leaderCommit=0, initializing? false, entries: <empty>
2019-11-17 11:09:09,477 [grpc-default-executor-7] INFO  server.GrpcServerProtocolService (GrpcServerProtocolService.java:onCompleted(113)) - 28ccac35-fb4f-4f0a-a99f-78d96ef6e430: Completed APPEND_ENTRIES, lastRequest: e8702f59-809d-4833-a306-9e60cd88362b->28ccac35-fb4f-4f0a-a99f-78d96ef6e430#10-t1, previous=(t:1, i:0), leaderCommit=0, initializing? false, entries: <empty>
2019-11-17 11:09:09,477 [main] INFO  impl.RaftServerImpl (RaftServerImpl.java:lambda$shutdown$3(250)) - fa2fcff1-083d-4cf3-acfd-0486da9214fd@group-40498E179849: shutdown
2019-11-17 11:09:09,474 [ForkJoinPool.commonPool-worker-0] INFO  segmented.SegmentedRaftLogWorker (SegmentedRaftLogWorker.java:close(224)) - e8702f59-809d-4833-a306-9e60cd88362b@group-FB88F8E3ECE4-SegmentedRaftLogWorker close()
2019-11-17 11:09:09,478 [main] INFO  util.JmxRegister (JmxRegister.java:unregister(73)) - Successfully un-registered JMX Bean with object name Ratis:service=RaftServer,group=group-40498E179849,id=fa2fcff1-083d-4cf3-acfd-0486da9214fd
2019-11-17 11:09:09,481 [main] INFO  impl.RoleInfo (RoleInfo.java:shutdownLeaderState(104)) - fa2fcff1-083d-4cf3-acfd-0486da9214fd: shutdown LeaderState
2019-11-17 11:09:09,478 [grpc-default-executor-2] INFO  server.GrpcLogAppender (GrpcLogAppender.java:onCompleted(308)) - e8702f59-809d-4833-a306-9e60cd88362b@group-FB88F8E3ECE4->28ccac35-fb4f-4f0a-a99f-78d96ef6e430-AppendLogResponseHandler: follower responses appendEntries COMPLETED
2019-11-17 11:09:09,478 [grpc-default-executor-6] INFO  server.GrpcLogAppender (GrpcLogAppender.java:onCompleted(308)) - e8702f59-809d-4833-a306-9e60cd88362b@group-FB88F8E3ECE4->ce4f5a27-7d6e-4546-9ae5-5afbf9a8c00c-AppendLogResponseHandler: follower responses appendEntries COMPLETED
2019-11-17 11:09:09,481 [main] INFO  impl.PendingRequests (PendingRequests.java:sendNotLeaderResponses(206)) - fa2fcff1-083d-4cf3-acfd-0486da9214fd@group-40498E179849-PendingRequests: sendNotLeaderResponses
2019-11-17 11:09:09,482 [grpc-default-executor-2] INFO  impl.FollowerInfo (FollowerInfo.java:lambda$new$0(51)) - e8702f59-809d-4833-a306-9e60cd88362b@group-FB88F8E3ECE4->28ccac35-fb4f-4f0a-a99f-78d96ef6e430: nextIndex: updateUnconditionally 1 -> 0
2019-11-17 11:09:09,481 [ForkJoinPool.commonPool-worker-0] INFO  server.GrpcService (GrpcService.java:closeImpl(164)) - e8702f59-809d-4833-a306-9e60cd88362b: shutdown server with port 33634 now
2019-11-17 11:09:09,482 [grpc-default-executor-6] INFO  impl.FollowerInfo (FollowerInfo.java:lambda$new$0(51)) - e8702f59-809d-4833-a306-9e60cd88362b@group-FB88F8E3ECE4->ce4f5a27-7d6e-4546-9ae5-5afbf9a8c00c: nextIndex: updateUnconditionally 1 -> 0
2019-11-17 11:09:09,482 [main] INFO  impl.StateMachineUpdater (StateMachineUpdater.java:stopAndJoin(136)) - fa2fcff1-083d-4cf3-acfd-0486da9214fd@group-40498E179849-StateMachineUpdater: set stopIndex = 0
2019-11-17 11:09:09,483 [main] INFO  impl.RaftServerImpl (ServerState.java:close(387)) - fa2fcff1-083d-4cf3-acfd-0486da9214fd@group-40498E179849: closes. applyIndex: 0
2019-11-17 11:09:09,483 [ForkJoinPool.commonPool-worker-0] INFO  server.GrpcService (GrpcService.java:closeImpl(172)) - e8702f59-809d-4833-a306-9e60cd88362b: shutdown server with port 33634 successfully
2019-11-17 11:09:09,483 [fa2fcff1-083d-4cf3-acfd-0486da9214fd@group-40498E179849-SegmentedRaftLogWorker] INFO  segmented.SegmentedRaftLogWorker (SegmentedRaftLogWorker.java:run(316)) - fa2fcff1-083d-4cf3-acfd-0486da9214fd@group-40498E179849-SegmentedRaftLogWorker was interrupted, exiting. There are 0 tasks remaining in the queue.
2019-11-17 11:09:09,485 [main] INFO  segmented.SegmentedRaftLogWorker (SegmentedRaftLogWorker.java:close(224)) - fa2fcff1-083d-4cf3-acfd-0486da9214fd@group-40498E179849-SegmentedRaftLogWorker close()
2019-11-17 11:09:09,488 [main] INFO  server.GrpcService (GrpcService.java:closeImpl(164)) - fa2fcff1-083d-4cf3-acfd-0486da9214fd: shutdown server with port 34313 now
2019-11-17 11:09:09,489 [refreshUsed-/workdir/hadoop-ozone/integration-test/target/test-dir/MiniOzoneClusterImpl-184704d8-2d26-4abc-9155-7ef0d3d35dfc/datanode-1/data/containers] WARN  fs.CachingGetSpaceUsed (CachingGetSpaceUsed.java:run(183)) - Thread Interrupted waiting to refresh disk information: sleep interrupted
2019-11-17 11:09:09,489 [main] INFO  server.GrpcService (GrpcService.java:closeImpl(172)) - fa2fcff1-083d-4cf3-acfd-0486da9214fd: shutdown server with port 34313 successfully
2019-11-17 11:09:09,491 [refreshUsed-/workdir/hadoop-ozone/integration-test/target/test-dir/MiniOzoneClusterImpl-184704d8-2d26-4abc-9155-7ef0d3d35dfc/datanode-3/data/containers] WARN  fs.CachingGetSpaceUsed (CachingGetSpaceUsed.java:run(183)) - Thread Interrupted waiting to refresh disk information: sleep interrupted
2019-11-17 11:09:09,505 [ForkJoinPool.commonPool-worker-0] INFO  utils.BackgroundService (BackgroundService.java:shutdown(151)) - Shutting down service BlockDeletingService
2019-11-17 11:09:09,509 [ForkJoinPool.commonPool-worker-0] INFO  statemachine.DatanodeStateMachine (DatanodeStateMachine.java:stopDaemon(400)) - Ozone container server stopped.
2019-11-17 11:09:09,513 [ForkJoinPool.commonPool-worker-0] INFO  handler.ContextHandler (ContextHandler.java:doStop(910)) - Stopped o.e.j.w.WebAppContext@4cad79bc{/,null,UNAVAILABLE}{/hddsDatanode}
2019-11-17 11:09:09,514 [ForkJoinPool.commonPool-worker-0] INFO  server.AbstractConnector (AbstractConnector.java:doStop(318)) - Stopped ServerConnector@2c63762b{HTTP/1.1,[http/1.1]}{0.0.0.0:0}
2019-11-17 11:09:09,515 [ForkJoinPool.commonPool-worker-0] INFO  handler.ContextHandler (ContextHandler.java:doStop(910)) - Stopped o.e.j.s.ServletContextHandler@3ba3d4b6{/static,jar:file:/home/user/.m2/repository/org/apache/hadoop/hadoop-hdds-container-service/0.5.0-SNAPSHOT/hadoop-hdds-container-service-0.5.0-SNAPSHOT.jar!/webapps/static,UNAVAILABLE}
2019-11-17 11:09:09,516 [ForkJoinPool.commonPool-worker-0] INFO  handler.ContextHandler (ContextHandler.java:doStop(910)) - Stopped o.e.j.s.ServletContextHandler@3b55dd15{/logs,file:///workdir/hadoop-ozone/integration-test/target/log,UNAVAILABLE}
2019-11-17 11:09:09,516 [main] INFO  utils.BackgroundService (BackgroundService.java:shutdown(151)) - Shutting down service BlockDeletingService
2019-11-17 11:09:09,520 [main] INFO  statemachine.DatanodeStateMachine (DatanodeStateMachine.java:stopDaemon(400)) - Ozone container server stopped.
2019-11-17 11:09:09,521 [main] INFO  handler.ContextHandler (ContextHandler.java:doStop(910)) - Stopped o.e.j.w.WebAppContext@5a97b17c{/,null,UNAVAILABLE}{/hddsDatanode}
2019-11-17 11:09:09,521 [main] INFO  server.AbstractConnector (AbstractConnector.java:doStop(318)) - Stopped ServerConnector@9c73fff{HTTP/1.1,[http/1.1]}{0.0.0.0:0}
2019-11-17 11:09:09,521 [main] INFO  handler.ContextHandler (ContextHandler.java:doStop(910)) - Stopped o.e.j.s.ServletContextHandler@3ddb774f{/static,jar:file:/home/user/.m2/repository/org/apache/hadoop/hadoop-hdds-container-service/0.5.0-SNAPSHOT/hadoop-hdds-container-service-0.5.0-SNAPSHOT.jar!/webapps/static,UNAVAILABLE}
2019-11-17 11:09:09,522 [main] INFO  handler.ContextHandler (ContextHandler.java:doStop(910)) - Stopped o.e.j.s.ServletContextHandler@294f9d50{/logs,file:///workdir/hadoop-ozone/integration-test/target/log,UNAVAILABLE}
2019-11-17 11:09:10,042 [Datanode State Machine Thread - 0] INFO  statemachine.DatanodeStateMachine (DatanodeStateMachine.java:lambda$startDaemon$0(355)) - Ozone container server started.
2019-11-17 11:09:10,106 [Datanode State Machine Thread - 0] INFO  statemachine.DatanodeStateMachine (DatanodeStateMachine.java:lambda$startDaemon$0(355)) - Ozone container server started.
2019-11-17 11:09:10,317 [Thread-1851] INFO  impl.FollowerState (FollowerState.java:run(111)) - e3fe17d3-3943-4d4c-b88c-d5052243b886@group-3631E1AADF49-FollowerState: change to CANDIDATE, lastRpcTime:1326ms, electionTimeout:1072ms
2019-11-17 11:09:10,317 [Thread-1851] INFO  impl.RoleInfo (RoleInfo.java:shutdownFollowerState(121)) - e3fe17d3-3943-4d4c-b88c-d5052243b886: shutdown FollowerState
2019-11-17 11:09:10,317 [Thread-1851] INFO  impl.RaftServerImpl (RaftServerImpl.java:setRole(173)) - e3fe17d3-3943-4d4c-b88c-d5052243b886@group-3631E1AADF49: changes role from  FOLLOWER to CANDIDATE at term 1 for changeToCandidate
2019-11-17 11:09:10,317 [Thread-1851] INFO  impl.RoleInfo (RoleInfo.java:updateAndGet(143)) - e3fe17d3-3943-4d4c-b88c-d5052243b886: start LeaderElection
2019-11-17 11:09:10,320 [e3fe17d3-3943-4d4c-b88c-d5052243b886@group-3631E1AADF49-LeaderElection54] INFO  impl.RaftServerImpl (ServerState.java:setLeader(255)) - e3fe17d3-3943-4d4c-b88c-d5052243b886@group-3631E1AADF49: change Leader from fa2fcff1-083d-4cf3-acfd-0486da9214fd to null at term 1 for initElection
2019-11-17 11:09:10,334 [e3fe17d3-3943-4d4c-b88c-d5052243b886@group-3631E1AADF49-LeaderElection54] INFO  impl.LeaderElection (LeaderElection.java:askForVotes(178)) - e3fe17d3-3943-4d4c-b88c-d5052243b886@group-3631E1AADF49-LeaderElection54: begin an election at term 2 for 0: [fa2fcff1-083d-4cf3-acfd-0486da9214fd:192.168.34.35:34313, e3fe17d3-3943-4d4c-b88c-d5052243b886:192.168.34.35:33574, 4c1e8795-b3d4-460e-8f85-df43444e9ba0:192.168.34.35:35525], old=null
2019-11-17 11:09:10,337 [e3fe17d3-3943-4d4c-b88c-d5052243b886@group-3631E1AADF49-LeaderElection54] INFO  impl.LeaderElection (LogUtils.java:infoOrTrace(149)) - e3fe17d3-3943-4d4c-b88c-d5052243b886@group-3631E1AADF49-LeaderElection54 got exception when requesting votes: {}
java.util.concurrent.ExecutionException: org.apache.ratis.thirdparty.io.grpc.StatusRuntimeException: UNAVAILABLE: io exception
	at java.util.concurrent.FutureTask.report(FutureTask.java:122)
	at java.util.concurrent.FutureTask.get(FutureTask.java:192)
	at org.apache.ratis.server.impl.LeaderElection.waitForResults(LeaderElection.java:259)
	at org.apache.ratis.server.impl.LeaderElection.askForVotes(LeaderElection.java:197)
	at org.apache.ratis.server.impl.LeaderElection.run(LeaderElection.java:133)
	at java.lang.Thread.run(Thread.java:748)
Caused by: org.apache.ratis.thirdparty.io.grpc.StatusRuntimeException: UNAVAILABLE: io exception
	at org.apache.ratis.thirdparty.io.grpc.stub.ClientCalls.toStatusRuntimeException(ClientCalls.java:233)
	at org.apache.ratis.thirdparty.io.grpc.stub.ClientCalls.getUnchecked(ClientCalls.java:214)
	at org.apache.ratis.thirdparty.io.grpc.stub.ClientCalls.blockingUnaryCall(ClientCalls.java:139)
	at org.apache.ratis.proto.grpc.RaftServerProtocolServiceGrpc$RaftServerProtocolServiceBlockingStub.requestVote(RaftServerProtocolServiceGrpc.java:265)
	at org.apache.ratis.grpc.server.GrpcServerProtocolClient.requestVote(GrpcServerProtocolClient.java:99)
	at org.apache.ratis.grpc.server.GrpcService.requestVote(GrpcService.java:204)
	at org.apache.ratis.server.impl.LeaderElection.lambda$submitRequests$1(LeaderElection.java:234)
	at java.util.concurrent.FutureTask.run(FutureTask.java:266)
	at java.util.concurrent.Executors$RunnableAdapter.call(Executors.java:511)
	at java.util.concurrent.FutureTask.run(FutureTask.java:266)
	at java.util.concurrent.ThreadPoolExecutor.runWorker(ThreadPoolExecutor.java:1149)
	at java.util.concurrent.ThreadPoolExecutor$Worker.run(ThreadPoolExecutor.java:624)
	... 1 more
Caused by: org.apache.ratis.thirdparty.io.netty.channel.AbstractChannel$AnnotatedConnectException: Connection refused: /192.168.34.35:34313
	at sun.nio.ch.SocketChannelImpl.checkConnect(Native Method)
	at sun.nio.ch.SocketChannelImpl.finishConnect(SocketChannelImpl.java:717)
	at org.apache.ratis.thirdparty.io.netty.channel.socket.nio.NioSocketChannel.doFinishConnect(NioSocketChannel.java:327)
	at org.apache.ratis.thirdparty.io.netty.channel.nio.AbstractNioChannel$AbstractNioUnsafe.finishConnect(AbstractNioChannel.java:340)
	at org.apache.ratis.thirdparty.io.netty.channel.nio.NioEventLoop.processSelectedKey(NioEventLoop.java:632)
	at org.apache.ratis.thirdparty.io.netty.channel.nio.NioEventLoop.processSelectedKeysOptimized(NioEventLoop.java:579)
	at org.apache.ratis.thirdparty.io.netty.channel.nio.NioEventLoop.processSelectedKeys(NioEventLoop.java:496)
	at org.apache.ratis.thirdparty.io.netty.channel.nio.NioEventLoop.run(NioEventLoop.java:458)
	at org.apache.ratis.thirdparty.io.netty.util.concurrent.SingleThreadEventExecutor$5.run(SingleThreadEventExecutor.java:897)
	at org.apache.ratis.thirdparty.io.netty.util.concurrent.FastThreadLocalRunnable.run(FastThreadLocalRunnable.java:30)
	... 1 more
Caused by: java.net.ConnectException: Connection refused
	... 11 more
2019-11-17 11:09:10,338 [grpc-default-executor-6] INFO  impl.RaftServerImpl (ServerState.java:setLeader(255)) - 4c1e8795-b3d4-460e-8f85-df43444e9ba0@group-3631E1AADF49: change Leader from fa2fcff1-083d-4cf3-acfd-0486da9214fd to null at term 2 for updateCurrentTerm
2019-11-17 11:09:10,338 [grpc-default-executor-6] INFO  impl.RaftServerImpl (RaftServerImpl.java:setRole(173)) - 4c1e8795-b3d4-460e-8f85-df43444e9ba0@group-3631E1AADF49: changes role from  FOLLOWER to FOLLOWER at term 2 for recognizeCandidate:e3fe17d3-3943-4d4c-b88c-d5052243b886
2019-11-17 11:09:10,339 [grpc-default-executor-6] INFO  impl.RoleInfo (RoleInfo.java:shutdownFollowerState(121)) - 4c1e8795-b3d4-460e-8f85-df43444e9ba0: shutdown FollowerState
2019-11-17 11:09:10,339 [Thread-1852] INFO  impl.FollowerState (FollowerState.java:run(120)) - 4c1e8795-b3d4-460e-8f85-df43444e9ba0@group-3631E1AADF49-FollowerState was interrupted: java.lang.InterruptedException: sleep interrupted
2019-11-17 11:09:10,339 [grpc-default-executor-6] INFO  impl.RoleInfo (RoleInfo.java:updateAndGet(143)) - 4c1e8795-b3d4-460e-8f85-df43444e9ba0: start FollowerState
2019-11-17 11:09:10,354 [e3fe17d3-3943-4d4c-b88c-d5052243b886@group-3631E1AADF49-LeaderElection54] INFO  impl.LeaderElection (LeaderElection.java:logAndReturn(56)) - e3fe17d3-3943-4d4c-b88c-d5052243b886@group-3631E1AADF49-LeaderElection54: Election PASSED; received 1 response(s) [e3fe17d3-3943-4d4c-b88c-d5052243b886<-4c1e8795-b3d4-460e-8f85-df43444e9ba0#0:OK-t2] and 1 exception(s); e3fe17d3-3943-4d4c-b88c-d5052243b886@group-3631E1AADF49:t2, leader=null, voted=e3fe17d3-3943-4d4c-b88c-d5052243b886, raftlog=e3fe17d3-3943-4d4c-b88c-d5052243b886@group-3631E1AADF49-SegmentedRaftLog:OPENED:c0,f0,i0, conf=0: [fa2fcff1-083d-4cf3-acfd-0486da9214fd:192.168.34.35:34313, e3fe17d3-3943-4d4c-b88c-d5052243b886:192.168.34.35:33574, 4c1e8795-b3d4-460e-8f85-df43444e9ba0:192.168.34.35:35525], old=null
2019-11-17 11:09:10,354 [e3fe17d3-3943-4d4c-b88c-d5052243b886@group-3631E1AADF49-LeaderElection54] INFO  impl.LeaderElection (LogUtils.java:infoOrTrace(149)) -   Exception 0: {}
java.util.concurrent.ExecutionException: org.apache.ratis.thirdparty.io.grpc.StatusRuntimeException: UNAVAILABLE: io exception
	at java.util.concurrent.FutureTask.report(FutureTask.java:122)
	at java.util.concurrent.FutureTask.get(FutureTask.java:192)
	at org.apache.ratis.server.impl.LeaderElection.waitForResults(LeaderElection.java:259)
	at org.apache.ratis.server.impl.LeaderElection.askForVotes(LeaderElection.java:197)
	at org.apache.ratis.server.impl.LeaderElection.run(LeaderElection.java:133)
	at java.lang.Thread.run(Thread.java:748)
Caused by: org.apache.ratis.thirdparty.io.grpc.StatusRuntimeException: UNAVAILABLE: io exception
	at org.apache.ratis.thirdparty.io.grpc.stub.ClientCalls.toStatusRuntimeException(ClientCalls.java:233)
	at org.apache.ratis.thirdparty.io.grpc.stub.ClientCalls.getUnchecked(ClientCalls.java:214)
	at org.apache.ratis.thirdparty.io.grpc.stub.ClientCalls.blockingUnaryCall(ClientCalls.java:139)
	at org.apache.ratis.proto.grpc.RaftServerProtocolServiceGrpc$RaftServerProtocolServiceBlockingStub.requestVote(RaftServerProtocolServiceGrpc.java:265)
	at org.apache.ratis.grpc.server.GrpcServerProtocolClient.requestVote(GrpcServerProtocolClient.java:99)
	at org.apache.ratis.grpc.server.GrpcService.requestVote(GrpcService.java:204)
	at org.apache.ratis.server.impl.LeaderElection.lambda$submitRequests$1(LeaderElection.java:234)
	at java.util.concurrent.FutureTask.run(FutureTask.java:266)
	at java.util.concurrent.Executors$RunnableAdapter.call(Executors.java:511)
	at java.util.concurrent.FutureTask.run(FutureTask.java:266)
	at java.util.concurrent.ThreadPoolExecutor.runWorker(ThreadPoolExecutor.java:1149)
	at java.util.concurrent.ThreadPoolExecutor$Worker.run(ThreadPoolExecutor.java:624)
	... 1 more
Caused by: org.apache.ratis.thirdparty.io.netty.channel.AbstractChannel$AnnotatedConnectException: Connection refused: /192.168.34.35:34313
	at sun.nio.ch.SocketChannelImpl.checkConnect(Native Method)
	at sun.nio.ch.SocketChannelImpl.finishConnect(SocketChannelImpl.java:717)
	at org.apache.ratis.thirdparty.io.netty.channel.socket.nio.NioSocketChannel.doFinishConnect(NioSocketChannel.java:327)
	at org.apache.ratis.thirdparty.io.netty.channel.nio.AbstractNioChannel$AbstractNioUnsafe.finishConnect(AbstractNioChannel.java:340)
	at org.apache.ratis.thirdparty.io.netty.channel.nio.NioEventLoop.processSelectedKey(NioEventLoop.java:632)
	at org.apache.ratis.thirdparty.io.netty.channel.nio.NioEventLoop.processSelectedKeysOptimized(NioEventLoop.java:579)
	at org.apache.ratis.thirdparty.io.netty.channel.nio.NioEventLoop.processSelectedKeys(NioEventLoop.java:496)
	at org.apache.ratis.thirdparty.io.netty.channel.nio.NioEventLoop.run(NioEventLoop.java:458)
	at org.apache.ratis.thirdparty.io.netty.util.concurrent.SingleThreadEventExecutor$5.run(SingleThreadEventExecutor.java:897)
	at org.apache.ratis.thirdparty.io.netty.util.concurrent.FastThreadLocalRunnable.run(FastThreadLocalRunnable.java:30)
	... 1 more
Caused by: java.net.ConnectException: Connection refused
	... 11 more
2019-11-17 11:09:10,354 [e3fe17d3-3943-4d4c-b88c-d5052243b886@group-3631E1AADF49-LeaderElection54] INFO  impl.RoleInfo (RoleInfo.java:shutdownLeaderElection(134)) - e3fe17d3-3943-4d4c-b88c-d5052243b886: shutdown LeaderElection
2019-11-17 11:09:10,354 [e3fe17d3-3943-4d4c-b88c-d5052243b886@group-3631E1AADF49-LeaderElection54] INFO  impl.RaftServerImpl (RaftServerImpl.java:setRole(173)) - e3fe17d3-3943-4d4c-b88c-d5052243b886@group-3631E1AADF49: changes role from CANDIDATE to LEADER at term 2 for changeToLeader
2019-11-17 11:09:10,354 [e3fe17d3-3943-4d4c-b88c-d5052243b886@group-3631E1AADF49-LeaderElection54] INFO  ratis.XceiverServerRatis (XceiverServerRatis.java:handleLeaderChangedNotification(697)) - Leader change notification received for group: group-3631E1AADF49 with new leaderId: e3fe17d3-3943-4d4c-b88c-d5052243b886
2019-11-17 11:09:10,355 [e3fe17d3-3943-4d4c-b88c-d5052243b886@group-3631E1AADF49-LeaderElection54] INFO  impl.RaftServerImpl (ServerState.java:setLeader(255)) - e3fe17d3-3943-4d4c-b88c-d5052243b886@group-3631E1AADF49: change Leader from null to e3fe17d3-3943-4d4c-b88c-d5052243b886 at term 2 for becomeLeader, leader elected after 34ms
2019-11-17 11:09:10,355 [e3fe17d3-3943-4d4c-b88c-d5052243b886@group-3631E1AADF49-LeaderElection54] INFO  server.RaftServerConfigKeys (ConfUtils.java:logGet(43)) - raft.server.staging.catchup.gap = 1000 (default)
2019-11-17 11:09:10,355 [e3fe17d3-3943-4d4c-b88c-d5052243b886@group-3631E1AADF49-LeaderElection54] INFO  server.RaftServerConfigKeys (ConfUtils.java:logGet(43)) - raft.server.rpc.sleep.time = 25ms (default)
2019-11-17 11:09:10,355 [e3fe17d3-3943-4d4c-b88c-d5052243b886@group-3631E1AADF49-LeaderElection54] INFO  server.RaftServerConfigKeys (ConfUtils.java:logGet(43)) - raft.server.write.element-limit = 4096 (default)
2019-11-17 11:09:10,355 [e3fe17d3-3943-4d4c-b88c-d5052243b886@group-3631E1AADF49-LeaderElection54] INFO  server.RaftServerConfigKeys (ConfUtils.java:logGet(43)) - raft.server.watch.timeout = 10s (default)
2019-11-17 11:09:10,355 [e3fe17d3-3943-4d4c-b88c-d5052243b886@group-3631E1AADF49-LeaderElection54] INFO  server.RaftServerConfigKeys (ConfUtils.java:logGet(43)) - raft.server.watch.timeout.denomination = 1s (default)
2019-11-17 11:09:10,355 [e3fe17d3-3943-4d4c-b88c-d5052243b886@group-3631E1AADF49-LeaderElection54] INFO  server.RaftServerConfigKeys (ConfUtils.java:logGet(43)) - raft.server.watch.element-limit = 65536 (default)
2019-11-17 11:09:10,356 [e3fe17d3-3943-4d4c-b88c-d5052243b886@group-3631E1AADF49-LeaderElection54] INFO  server.RaftServerConfigKeys (ConfUtils.java:logGet(43)) - raft.server.log.appender.snapshot.chunk.size.max = 16MB (=16777216) (default)
2019-11-17 11:09:10,356 [e3fe17d3-3943-4d4c-b88c-d5052243b886@group-3631E1AADF49-LeaderElection54] INFO  server.RaftServerConfigKeys (ConfUtils.java:logGet(43)) - raft.server.log.appender.buffer.byte-limit = 33554432 (custom)
2019-11-17 11:09:10,356 [e3fe17d3-3943-4d4c-b88c-d5052243b886@group-3631E1AADF49-LeaderElection54] INFO  server.RaftServerConfigKeys (ConfUtils.java:logGet(43)) - raft.server.log.appender.buffer.element-limit = 1 (custom)
2019-11-17 11:09:10,356 [e3fe17d3-3943-4d4c-b88c-d5052243b886@group-3631E1AADF49-LeaderElection54] INFO  grpc.GrpcConfigKeys$Server (ConfUtils.java:logGet(43)) - raft.grpc.server.leader.outstanding.appends.max = 128 (default)
2019-11-17 11:09:10,356 [e3fe17d3-3943-4d4c-b88c-d5052243b886@group-3631E1AADF49-LeaderElection54] INFO  server.RaftServerConfigKeys (ConfUtils.java:logGet(43)) - raft.server.rpc.request.timeout = 3000ms (default)
2019-11-17 11:09:10,356 [e3fe17d3-3943-4d4c-b88c-d5052243b886@group-3631E1AADF49-LeaderElection54] INFO  server.RaftServerConfigKeys (ConfUtils.java:logGet(43)) - raft.server.log.appender.install.snapshot.enabled = false (custom)
2019-11-17 11:09:10,357 [e3fe17d3-3943-4d4c-b88c-d5052243b886@group-3631E1AADF49-LeaderElection54] WARN  impl.MetricRegistriesImpl (MetricRegistriesImpl.java:lambda$create$1(61)) - First MetricRegistry has been created without registering reporters. You may need to call MetricRegistries.global().addReportRegistration(...) before.
2019-11-17 11:09:10,357 [e3fe17d3-3943-4d4c-b88c-d5052243b886@group-3631E1AADF49-LeaderElection54] INFO  server.RaftServerConfigKeys (ConfUtils.java:logGet(43)) - raft.server.log.appender.snapshot.chunk.size.max = 16MB (=16777216) (default)
2019-11-17 11:09:10,357 [e3fe17d3-3943-4d4c-b88c-d5052243b886@group-3631E1AADF49-LeaderElection54] INFO  server.RaftServerConfigKeys (ConfUtils.java:logGet(43)) - raft.server.log.appender.buffer.byte-limit = 33554432 (custom)
2019-11-17 11:09:10,357 [e3fe17d3-3943-4d4c-b88c-d5052243b886@group-3631E1AADF49-LeaderElection54] INFO  server.RaftServerConfigKeys (ConfUtils.java:logGet(43)) - raft.server.log.appender.buffer.element-limit = 1 (custom)
2019-11-17 11:09:10,357 [e3fe17d3-3943-4d4c-b88c-d5052243b886@group-3631E1AADF49-LeaderElection54] INFO  grpc.GrpcConfigKeys$Server (ConfUtils.java:logGet(43)) - raft.grpc.server.leader.outstanding.appends.max = 128 (default)
2019-11-17 11:09:10,357 [e3fe17d3-3943-4d4c-b88c-d5052243b886@group-3631E1AADF49-LeaderElection54] INFO  server.RaftServerConfigKeys (ConfUtils.java:logGet(43)) - raft.server.rpc.request.timeout = 3000ms (default)
2019-11-17 11:09:10,358 [e3fe17d3-3943-4d4c-b88c-d5052243b886@group-3631E1AADF49-LeaderElection54] INFO  server.RaftServerConfigKeys (ConfUtils.java:logGet(43)) - raft.server.log.appender.install.snapshot.enabled = false (custom)
2019-11-17 11:09:10,358 [e3fe17d3-3943-4d4c-b88c-d5052243b886@group-3631E1AADF49-LeaderElection54] INFO  impl.RoleInfo (RoleInfo.java:updateAndGet(143)) - e3fe17d3-3943-4d4c-b88c-d5052243b886: start LeaderState
2019-11-17 11:09:10,358 [e3fe17d3-3943-4d4c-b88c-d5052243b886@group-3631E1AADF49-LeaderElection54] INFO  segmented.SegmentedRaftLogWorker (SegmentedRaftLogWorker.java:rollLogSegment(390)) - e3fe17d3-3943-4d4c-b88c-d5052243b886@group-3631E1AADF49-SegmentedRaftLogWorker: Rolling segment log-0_0 to index:0
2019-11-17 11:09:10,360 [e3fe17d3-3943-4d4c-b88c-d5052243b886@group-3631E1AADF49-LeaderElection54] INFO  impl.RaftServerImpl (ServerState.java:setRaftConf(356)) - e3fe17d3-3943-4d4c-b88c-d5052243b886@group-3631E1AADF49: set configuration 1: [fa2fcff1-083d-4cf3-acfd-0486da9214fd:192.168.34.35:34313, e3fe17d3-3943-4d4c-b88c-d5052243b886:192.168.34.35:33574, 4c1e8795-b3d4-460e-8f85-df43444e9ba0:192.168.34.35:35525], old=null at 1
2019-11-17 11:09:10,361 [e3fe17d3-3943-4d4c-b88c-d5052243b886@group-3631E1AADF49-SegmentedRaftLogWorker] INFO  segmented.SegmentedRaftLogWorker (SegmentedRaftLogWorker.java:execute(533)) - e3fe17d3-3943-4d4c-b88c-d5052243b886@group-3631E1AADF49-SegmentedRaftLogWorker: Rolled log segment from /workdir/hadoop-ozone/integration-test/target/test-dir/MiniOzoneClusterImpl-184704d8-2d26-4abc-9155-7ef0d3d35dfc/datanode-5/data/ratis/fb7a4818-bb7c-4d26-851f-3631e1aadf49/current/log_inprogress_0 to /workdir/hadoop-ozone/integration-test/target/test-dir/MiniOzoneClusterImpl-184704d8-2d26-4abc-9155-7ef0d3d35dfc/datanode-5/data/ratis/fb7a4818-bb7c-4d26-851f-3631e1aadf49/current/log_0-0
2019-11-17 11:09:10,362 [grpc-default-executor-6] WARN  server.GrpcLogAppender (LogUtils.java:warn(134)) - e3fe17d3-3943-4d4c-b88c-d5052243b886@group-3631E1AADF49->fa2fcff1-083d-4cf3-acfd-0486da9214fd-AppendLogResponseHandler: Failed appendEntries: org.apache.ratis.thirdparty.io.grpc.StatusRuntimeException: UNAVAILABLE: io exception
2019-11-17 11:09:10,363 [grpc-default-executor-6] INFO  impl.FollowerInfo (FollowerInfo.java:lambda$new$0(51)) - e3fe17d3-3943-4d4c-b88c-d5052243b886@group-3631E1AADF49->fa2fcff1-083d-4cf3-acfd-0486da9214fd: nextIndex: updateUnconditionally 1 -> 0
2019-11-17 11:09:10,363 [grpc-default-executor-2] INFO  ratis.XceiverServerRatis (XceiverServerRatis.java:handleLeaderChangedNotification(697)) - Leader change notification received for group: group-3631E1AADF49 with new leaderId: e3fe17d3-3943-4d4c-b88c-d5052243b886
2019-11-17 11:09:10,397 [grpc-default-executor-2] INFO  impl.RaftServerImpl (ServerState.java:setLeader(255)) - 4c1e8795-b3d4-460e-8f85-df43444e9ba0@group-3631E1AADF49: change Leader from null to e3fe17d3-3943-4d4c-b88c-d5052243b886 at term 2 for appendEntries, leader elected after 24ms
2019-11-17 11:09:10,399 [grpc-default-executor-2] INFO  impl.RaftServerImpl (ServerState.java:setRaftConf(356)) - 4c1e8795-b3d4-460e-8f85-df43444e9ba0@group-3631E1AADF49: set configuration 1: [fa2fcff1-083d-4cf3-acfd-0486da9214fd:192.168.34.35:34313, e3fe17d3-3943-4d4c-b88c-d5052243b886:192.168.34.35:33574, 4c1e8795-b3d4-460e-8f85-df43444e9ba0:192.168.34.35:35525], old=null at 1
2019-11-17 11:09:10,400 [grpc-default-executor-2] INFO  segmented.SegmentedRaftLogWorker (SegmentedRaftLogWorker.java:rollLogSegment(390)) - 4c1e8795-b3d4-460e-8f85-df43444e9ba0@group-3631E1AADF49-SegmentedRaftLogWorker: Rolling segment log-0_0 to index:0
2019-11-17 11:09:10,401 [4c1e8795-b3d4-460e-8f85-df43444e9ba0@group-3631E1AADF49-SegmentedRaftLogWorker] INFO  segmented.SegmentedRaftLogWorker (SegmentedRaftLogWorker.java:execute(533)) - 4c1e8795-b3d4-460e-8f85-df43444e9ba0@group-3631E1AADF49-SegmentedRaftLogWorker: Rolled log segment from /workdir/hadoop-ozone/integration-test/target/test-dir/MiniOzoneClusterImpl-184704d8-2d26-4abc-9155-7ef0d3d35dfc/datanode-4/data/ratis/fb7a4818-bb7c-4d26-851f-3631e1aadf49/current/log_inprogress_0 to /workdir/hadoop-ozone/integration-test/target/test-dir/MiniOzoneClusterImpl-184704d8-2d26-4abc-9155-7ef0d3d35dfc/datanode-4/data/ratis/fb7a4818-bb7c-4d26-851f-3631e1aadf49/current/log_0-0
2019-11-17 11:09:10,409 [e3fe17d3-3943-4d4c-b88c-d5052243b886@group-3631E1AADF49-SegmentedRaftLogWorker] INFO  segmented.SegmentedRaftLogWorker (SegmentedRaftLogWorker.java:execute(576)) - e3fe17d3-3943-4d4c-b88c-d5052243b886@group-3631E1AADF49-SegmentedRaftLogWorker: created new log segment /workdir/hadoop-ozone/integration-test/target/test-dir/MiniOzoneClusterImpl-184704d8-2d26-4abc-9155-7ef0d3d35dfc/datanode-5/data/ratis/fb7a4818-bb7c-4d26-851f-3631e1aadf49/current/log_inprogress_1
2019-11-17 11:09:10,446 [4c1e8795-b3d4-460e-8f85-df43444e9ba0@group-3631E1AADF49-SegmentedRaftLogWorker] INFO  segmented.SegmentedRaftLogWorker (SegmentedRaftLogWorker.java:execute(576)) - 4c1e8795-b3d4-460e-8f85-df43444e9ba0@group-3631E1AADF49-SegmentedRaftLogWorker: created new log segment /workdir/hadoop-ozone/integration-test/target/test-dir/MiniOzoneClusterImpl-184704d8-2d26-4abc-9155-7ef0d3d35dfc/datanode-4/data/ratis/fb7a4818-bb7c-4d26-851f-3631e1aadf49/current/log_inprogress_1
2019-11-17 11:09:10,465 [grpc-default-executor-6] WARN  server.GrpcLogAppender (LogUtils.java:warn(134)) - e3fe17d3-3943-4d4c-b88c-d5052243b886@group-3631E1AADF49->fa2fcff1-083d-4cf3-acfd-0486da9214fd-AppendLogResponseHandler: Failed appendEntries: org.apache.ratis.thirdparty.io.grpc.StatusRuntimeException: UNAVAILABLE: io exception
2019-11-17 11:09:10,466 [grpc-default-executor-6] INFO  impl.FollowerInfo (FollowerInfo.java:lambda$new$0(51)) - e3fe17d3-3943-4d4c-b88c-d5052243b886@group-3631E1AADF49->fa2fcff1-083d-4cf3-acfd-0486da9214fd: nextIndex: updateUnconditionally 1 -> 0
2019-11-17 11:09:10,478 [grpc-default-executor-6] WARN  server.GrpcLogAppender (LogUtils.java:warn(134)) - e3fe17d3-3943-4d4c-b88c-d5052243b886@group-3631E1AADF49->fa2fcff1-083d-4cf3-acfd-0486da9214fd-AppendLogResponseHandler: Failed appendEntries: org.apache.ratis.thirdparty.io.grpc.StatusRuntimeException: UNAVAILABLE: io exception
2019-11-17 11:09:10,479 [grpc-default-executor-6] INFO  impl.FollowerInfo (FollowerInfo.java:lambda$new$0(51)) - e3fe17d3-3943-4d4c-b88c-d5052243b886@group-3631E1AADF49->fa2fcff1-083d-4cf3-acfd-0486da9214fd: nextIndex: updateUnconditionally 1 -> 0
2019-11-17 11:09:10,979 [grpc-default-executor-6] WARN  server.GrpcLogAppender (LogUtils.java:warn(134)) - e3fe17d3-3943-4d4c-b88c-d5052243b886@group-3631E1AADF49->fa2fcff1-083d-4cf3-acfd-0486da9214fd-AppendLogResponseHandler: Failed appendEntries: org.apache.ratis.thirdparty.io.grpc.StatusRuntimeException: UNAVAILABLE: io exception
2019-11-17 11:09:10,979 [grpc-default-executor-6] INFO  impl.FollowerInfo (FollowerInfo.java:lambda$new$0(51)) - e3fe17d3-3943-4d4c-b88c-d5052243b886@group-3631E1AADF49->fa2fcff1-083d-4cf3-acfd-0486da9214fd: nextIndex: updateUnconditionally 0 -> 0
2019-11-17 11:09:11,244 [Thread-1833] INFO  impl.FollowerState (FollowerState.java:run(111)) - ce4f5a27-7d6e-4546-9ae5-5afbf9a8c00c@group-FB88F8E3ECE4-FollowerState: change to CANDIDATE, lastRpcTime:1903ms, electionTimeout:1095ms
2019-11-17 11:09:11,244 [Thread-1833] INFO  impl.RoleInfo (RoleInfo.java:shutdownFollowerState(121)) - ce4f5a27-7d6e-4546-9ae5-5afbf9a8c00c: shutdown FollowerState
2019-11-17 11:09:11,244 [Thread-1833] INFO  impl.RaftServerImpl (RaftServerImpl.java:setRole(173)) - ce4f5a27-7d6e-4546-9ae5-5afbf9a8c00c@group-FB88F8E3ECE4: changes role from  FOLLOWER to CANDIDATE at term 1 for changeToCandidate
2019-11-17 11:09:11,244 [Thread-1833] INFO  impl.RoleInfo (RoleInfo.java:updateAndGet(143)) - ce4f5a27-7d6e-4546-9ae5-5afbf9a8c00c: start LeaderElection
2019-11-17 11:09:11,250 [ce4f5a27-7d6e-4546-9ae5-5afbf9a8c00c@group-FB88F8E3ECE4-LeaderElection55] INFO  impl.RaftServerImpl (ServerState.java:setLeader(255)) - ce4f5a27-7d6e-4546-9ae5-5afbf9a8c00c@group-FB88F8E3ECE4: change Leader from e8702f59-809d-4833-a306-9e60cd88362b to null at term 1 for initElection
2019-11-17 11:09:11,264 [ce4f5a27-7d6e-4546-9ae5-5afbf9a8c00c@group-FB88F8E3ECE4-LeaderElection55] INFO  impl.LeaderElection (LeaderElection.java:askForVotes(178)) - ce4f5a27-7d6e-4546-9ae5-5afbf9a8c00c@group-FB88F8E3ECE4-LeaderElection55: begin an election at term 2 for 0: [e8702f59-809d-4833-a306-9e60cd88362b:192.168.34.35:33634, ce4f5a27-7d6e-4546-9ae5-5afbf9a8c00c:192.168.34.35:44254, 28ccac35-fb4f-4f0a-a99f-78d96ef6e430:192.168.34.35:37581], old=null
2019-11-17 11:09:11,266 [ce4f5a27-7d6e-4546-9ae5-5afbf9a8c00c@group-FB88F8E3ECE4-LeaderElection55] INFO  impl.LeaderElection (LogUtils.java:infoOrTrace(149)) - ce4f5a27-7d6e-4546-9ae5-5afbf9a8c00c@group-FB88F8E3ECE4-LeaderElection55 got exception when requesting votes: {}
java.util.concurrent.ExecutionException: org.apache.ratis.thirdparty.io.grpc.StatusRuntimeException: UNAVAILABLE: io exception
	at java.util.concurrent.FutureTask.report(FutureTask.java:122)
	at java.util.concurrent.FutureTask.get(FutureTask.java:192)
	at org.apache.ratis.server.impl.LeaderElection.waitForResults(LeaderElection.java:259)
	at org.apache.ratis.server.impl.LeaderElection.askForVotes(LeaderElection.java:197)
	at org.apache.ratis.server.impl.LeaderElection.run(LeaderElection.java:133)
	at java.lang.Thread.run(Thread.java:748)
Caused by: org.apache.ratis.thirdparty.io.grpc.StatusRuntimeException: UNAVAILABLE: io exception
	at org.apache.ratis.thirdparty.io.grpc.stub.ClientCalls.toStatusRuntimeException(ClientCalls.java:233)
	at org.apache.ratis.thirdparty.io.grpc.stub.ClientCalls.getUnchecked(ClientCalls.java:214)
	at org.apache.ratis.thirdparty.io.grpc.stub.ClientCalls.blockingUnaryCall(ClientCalls.java:139)
	at org.apache.ratis.proto.grpc.RaftServerProtocolServiceGrpc$RaftServerProtocolServiceBlockingStub.requestVote(RaftServerProtocolServiceGrpc.java:265)
	at org.apache.ratis.grpc.server.GrpcServerProtocolClient.requestVote(GrpcServerProtocolClient.java:99)
	at org.apache.ratis.grpc.server.GrpcService.requestVote(GrpcService.java:204)
	at org.apache.ratis.server.impl.LeaderElection.lambda$submitRequests$1(LeaderElection.java:234)
	at java.util.concurrent.FutureTask.run(FutureTask.java:266)
	at java.util.concurrent.Executors$RunnableAdapter.call(Executors.java:511)
	at java.util.concurrent.FutureTask.run(FutureTask.java:266)
	at java.util.concurrent.ThreadPoolExecutor.runWorker(ThreadPoolExecutor.java:1149)
	at java.util.concurrent.ThreadPoolExecutor$Worker.run(ThreadPoolExecutor.java:624)
	... 1 more
Caused by: org.apache.ratis.thirdparty.io.netty.channel.AbstractChannel$AnnotatedConnectException: Connection refused: /192.168.34.35:33634
	at sun.nio.ch.SocketChannelImpl.checkConnect(Native Method)
	at sun.nio.ch.SocketChannelImpl.finishConnect(SocketChannelImpl.java:717)
	at org.apache.ratis.thirdparty.io.netty.channel.socket.nio.NioSocketChannel.doFinishConnect(NioSocketChannel.java:327)
	at org.apache.ratis.thirdparty.io.netty.channel.nio.AbstractNioChannel$AbstractNioUnsafe.finishConnect(AbstractNioChannel.java:340)
	at org.apache.ratis.thirdparty.io.netty.channel.nio.NioEventLoop.processSelectedKey(NioEventLoop.java:632)
	at org.apache.ratis.thirdparty.io.netty.channel.nio.NioEventLoop.processSelectedKeysOptimized(NioEventLoop.java:579)
	at org.apache.ratis.thirdparty.io.netty.channel.nio.NioEventLoop.processSelectedKeys(NioEventLoop.java:496)
	at org.apache.ratis.thirdparty.io.netty.channel.nio.NioEventLoop.run(NioEventLoop.java:458)
	at org.apache.ratis.thirdparty.io.netty.util.concurrent.SingleThreadEventExecutor$5.run(SingleThreadEventExecutor.java:897)
	at org.apache.ratis.thirdparty.io.netty.util.concurrent.FastThreadLocalRunnable.run(FastThreadLocalRunnable.java:30)
	... 1 more
Caused by: java.net.ConnectException: Connection refused
	... 11 more
2019-11-17 11:09:11,269 [grpc-default-executor-6] INFO  impl.RaftServerImpl (ServerState.java:setLeader(255)) - 28ccac35-fb4f-4f0a-a99f-78d96ef6e430@group-FB88F8E3ECE4: change Leader from e8702f59-809d-4833-a306-9e60cd88362b to null at term 2 for updateCurrentTerm
2019-11-17 11:09:11,269 [grpc-default-executor-6] INFO  impl.RaftServerImpl (RaftServerImpl.java:setRole(173)) - 28ccac35-fb4f-4f0a-a99f-78d96ef6e430@group-FB88F8E3ECE4: changes role from  FOLLOWER to FOLLOWER at term 2 for recognizeCandidate:ce4f5a27-7d6e-4546-9ae5-5afbf9a8c00c
2019-11-17 11:09:11,270 [grpc-default-executor-6] INFO  impl.RoleInfo (RoleInfo.java:shutdownFollowerState(121)) - 28ccac35-fb4f-4f0a-a99f-78d96ef6e430: shutdown FollowerState
2019-11-17 11:09:11,270 [grpc-default-executor-6] INFO  impl.RoleInfo (RoleInfo.java:updateAndGet(143)) - 28ccac35-fb4f-4f0a-a99f-78d96ef6e430: start FollowerState
2019-11-17 11:09:11,270 [Thread-1834] INFO  impl.FollowerState (FollowerState.java:run(120)) - 28ccac35-fb4f-4f0a-a99f-78d96ef6e430@group-FB88F8E3ECE4-FollowerState was interrupted: java.lang.InterruptedException: sleep interrupted
2019-11-17 11:09:11,285 [ce4f5a27-7d6e-4546-9ae5-5afbf9a8c00c@group-FB88F8E3ECE4-LeaderElection55] INFO  impl.LeaderElection (LeaderElection.java:logAndReturn(56)) - ce4f5a27-7d6e-4546-9ae5-5afbf9a8c00c@group-FB88F8E3ECE4-LeaderElection55: Election PASSED; received 1 response(s) [ce4f5a27-7d6e-4546-9ae5-5afbf9a8c00c<-28ccac35-fb4f-4f0a-a99f-78d96ef6e430#0:OK-t2] and 1 exception(s); ce4f5a27-7d6e-4546-9ae5-5afbf9a8c00c@group-FB88F8E3ECE4:t2, leader=null, voted=ce4f5a27-7d6e-4546-9ae5-5afbf9a8c00c, raftlog=ce4f5a27-7d6e-4546-9ae5-5afbf9a8c00c@group-FB88F8E3ECE4-SegmentedRaftLog:OPENED:c0,f0,i0, conf=0: [e8702f59-809d-4833-a306-9e60cd88362b:192.168.34.35:33634, ce4f5a27-7d6e-4546-9ae5-5afbf9a8c00c:192.168.34.35:44254, 28ccac35-fb4f-4f0a-a99f-78d96ef6e430:192.168.34.35:37581], old=null
2019-11-17 11:09:11,285 [ce4f5a27-7d6e-4546-9ae5-5afbf9a8c00c@group-FB88F8E3ECE4-LeaderElection55] INFO  impl.LeaderElection (LogUtils.java:infoOrTrace(149)) -   Exception 0: {}
java.util.concurrent.ExecutionException: org.apache.ratis.thirdparty.io.grpc.StatusRuntimeException: UNAVAILABLE: io exception
	at java.util.concurrent.FutureTask.report(FutureTask.java:122)
	at java.util.concurrent.FutureTask.get(FutureTask.java:192)
	at org.apache.ratis.server.impl.LeaderElection.waitForResults(LeaderElection.java:259)
	at org.apache.ratis.server.impl.LeaderElection.askForVotes(LeaderElection.java:197)
	at org.apache.ratis.server.impl.LeaderElection.run(LeaderElection.java:133)
	at java.lang.Thread.run(Thread.java:748)
Caused by: org.apache.ratis.thirdparty.io.grpc.StatusRuntimeException: UNAVAILABLE: io exception
	at org.apache.ratis.thirdparty.io.grpc.stub.ClientCalls.toStatusRuntimeException(ClientCalls.java:233)
	at org.apache.ratis.thirdparty.io.grpc.stub.ClientCalls.getUnchecked(ClientCalls.java:214)
	at org.apache.ratis.thirdparty.io.grpc.stub.ClientCalls.blockingUnaryCall(ClientCalls.java:139)
	at org.apache.ratis.proto.grpc.RaftServerProtocolServiceGrpc$RaftServerProtocolServiceBlockingStub.requestVote(RaftServerProtocolServiceGrpc.java:265)
	at org.apache.ratis.grpc.server.GrpcServerProtocolClient.requestVote(GrpcServerProtocolClient.java:99)
	at org.apache.ratis.grpc.server.GrpcService.requestVote(GrpcService.java:204)
	at org.apache.ratis.server.impl.LeaderElection.lambda$submitRequests$1(LeaderElection.java:234)
	at java.util.concurrent.FutureTask.run(FutureTask.java:266)
	at java.util.concurrent.Executors$RunnableAdapter.call(Executors.java:511)
	at java.util.concurrent.FutureTask.run(FutureTask.java:266)
	at java.util.concurrent.ThreadPoolExecutor.runWorker(ThreadPoolExecutor.java:1149)
	at java.util.concurrent.ThreadPoolExecutor$Worker.run(ThreadPoolExecutor.java:624)
	... 1 more
Caused by: org.apache.ratis.thirdparty.io.netty.channel.AbstractChannel$AnnotatedConnectException: Connection refused: /192.168.34.35:33634
	at sun.nio.ch.SocketChannelImpl.checkConnect(Native Method)
	at sun.nio.ch.SocketChannelImpl.finishConnect(SocketChannelImpl.java:717)
	at org.apache.ratis.thirdparty.io.netty.channel.socket.nio.NioSocketChannel.doFinishConnect(NioSocketChannel.java:327)
	at org.apache.ratis.thirdparty.io.netty.channel.nio.AbstractNioChannel$AbstractNioUnsafe.finishConnect(AbstractNioChannel.java:340)
	at org.apache.ratis.thirdparty.io.netty.channel.nio.NioEventLoop.processSelectedKey(NioEventLoop.java:632)
	at org.apache.ratis.thirdparty.io.netty.channel.nio.NioEventLoop.processSelectedKeysOptimized(NioEventLoop.java:579)
	at org.apache.ratis.thirdparty.io.netty.channel.nio.NioEventLoop.processSelectedKeys(NioEventLoop.java:496)
	at org.apache.ratis.thirdparty.io.netty.channel.nio.NioEventLoop.run(NioEventLoop.java:458)
	at org.apache.ratis.thirdparty.io.netty.util.concurrent.SingleThreadEventExecutor$5.run(SingleThreadEventExecutor.java:897)
	at org.apache.ratis.thirdparty.io.netty.util.concurrent.FastThreadLocalRunnable.run(FastThreadLocalRunnable.java:30)
	... 1 more
Caused by: java.net.ConnectException: Connection refused
	... 11 more
2019-11-17 11:09:11,285 [ce4f5a27-7d6e-4546-9ae5-5afbf9a8c00c@group-FB88F8E3ECE4-LeaderElection55] INFO  impl.RoleInfo (RoleInfo.java:shutdownLeaderElection(134)) - ce4f5a27-7d6e-4546-9ae5-5afbf9a8c00c: shutdown LeaderElection
2019-11-17 11:09:11,286 [ce4f5a27-7d6e-4546-9ae5-5afbf9a8c00c@group-FB88F8E3ECE4-LeaderElection55] INFO  impl.RaftServerImpl (RaftServerImpl.java:setRole(173)) - ce4f5a27-7d6e-4546-9ae5-5afbf9a8c00c@group-FB88F8E3ECE4: changes role from CANDIDATE to LEADER at term 2 for changeToLeader
2019-11-17 11:09:11,286 [ce4f5a27-7d6e-4546-9ae5-5afbf9a8c00c@group-FB88F8E3ECE4-LeaderElection55] INFO  ratis.XceiverServerRatis (XceiverServerRatis.java:handleLeaderChangedNotification(697)) - Leader change notification received for group: group-FB88F8E3ECE4 with new leaderId: ce4f5a27-7d6e-4546-9ae5-5afbf9a8c00c
2019-11-17 11:09:11,286 [ce4f5a27-7d6e-4546-9ae5-5afbf9a8c00c@group-FB88F8E3ECE4-LeaderElection55] INFO  impl.RaftServerImpl (ServerState.java:setLeader(255)) - ce4f5a27-7d6e-4546-9ae5-5afbf9a8c00c@group-FB88F8E3ECE4: change Leader from null to ce4f5a27-7d6e-4546-9ae5-5afbf9a8c00c at term 2 for becomeLeader, leader elected after 35ms
2019-11-17 11:09:11,286 [ce4f5a27-7d6e-4546-9ae5-5afbf9a8c00c@group-FB88F8E3ECE4-LeaderElection55] INFO  server.RaftServerConfigKeys (ConfUtils.java:logGet(43)) - raft.server.staging.catchup.gap = 1000 (default)
2019-11-17 11:09:11,286 [ce4f5a27-7d6e-4546-9ae5-5afbf9a8c00c@group-FB88F8E3ECE4-LeaderElection55] INFO  server.RaftServerConfigKeys (ConfUtils.java:logGet(43)) - raft.server.rpc.sleep.time = 25ms (default)
2019-11-17 11:09:11,286 [ce4f5a27-7d6e-4546-9ae5-5afbf9a8c00c@group-FB88F8E3ECE4-LeaderElection55] INFO  server.RaftServerConfigKeys (ConfUtils.java:logGet(43)) - raft.server.write.element-limit = 4096 (default)
2019-11-17 11:09:11,287 [ce4f5a27-7d6e-4546-9ae5-5afbf9a8c00c@group-FB88F8E3ECE4-LeaderElection55] INFO  server.RaftServerConfigKeys (ConfUtils.java:logGet(43)) - raft.server.watch.timeout = 10s (default)
2019-11-17 11:09:11,287 [ce4f5a27-7d6e-4546-9ae5-5afbf9a8c00c@group-FB88F8E3ECE4-LeaderElection55] INFO  server.RaftServerConfigKeys (ConfUtils.java:logGet(43)) - raft.server.watch.timeout.denomination = 1s (default)
2019-11-17 11:09:11,287 [ce4f5a27-7d6e-4546-9ae5-5afbf9a8c00c@group-FB88F8E3ECE4-LeaderElection55] INFO  server.RaftServerConfigKeys (ConfUtils.java:logGet(43)) - raft.server.watch.element-limit = 65536 (default)
2019-11-17 11:09:11,287 [EventQueue-PipelineReportForPipelineReportHandler] INFO  pipeline.PipelineStateManager (PipelineStateManager.java:openPipeline(134)) - Pipeline Pipeline[ Id: 5c60bbbe-e6fa-4ad0-90b4-fb88f8e3ece4, Nodes: e8702f59-809d-4833-a306-9e60cd88362b{ip: 192.168.34.35, host: pr-hdds-2291-5997d-4279494527, networkLocation: /default-rack, certSerialId: null}ce4f5a27-7d6e-4546-9ae5-5afbf9a8c00c{ip: 192.168.34.35, host: pr-hdds-2291-5997d-4279494527, networkLocation: /default-rack, certSerialId: null}28ccac35-fb4f-4f0a-a99f-78d96ef6e430{ip: 192.168.34.35, host: pr-hdds-2291-5997d-4279494527, networkLocation: /default-rack, certSerialId: null}, Type:RATIS, Factor:THREE, State:OPEN] moved to OPEN state
2019-11-17 11:09:11,287 [ce4f5a27-7d6e-4546-9ae5-5afbf9a8c00c@group-FB88F8E3ECE4-LeaderElection55] INFO  server.RaftServerConfigKeys (ConfUtils.java:logGet(43)) - raft.server.log.appender.snapshot.chunk.size.max = 16MB (=16777216) (default)
2019-11-17 11:09:11,287 [ce4f5a27-7d6e-4546-9ae5-5afbf9a8c00c@group-FB88F8E3ECE4-LeaderElection55] INFO  server.RaftServerConfigKeys (ConfUtils.java:logGet(43)) - raft.server.log.appender.buffer.byte-limit = 33554432 (custom)
2019-11-17 11:09:11,288 [ce4f5a27-7d6e-4546-9ae5-5afbf9a8c00c@group-FB88F8E3ECE4-LeaderElection55] INFO  server.RaftServerConfigKeys (ConfUtils.java:logGet(43)) - raft.server.log.appender.buffer.element-limit = 1 (custom)
2019-11-17 11:09:11,288 [ce4f5a27-7d6e-4546-9ae5-5afbf9a8c00c@group-FB88F8E3ECE4-LeaderElection55] INFO  grpc.GrpcConfigKeys$Server (ConfUtils.java:logGet(43)) - raft.grpc.server.leader.outstanding.appends.max = 128 (default)
2019-11-17 11:09:11,288 [ce4f5a27-7d6e-4546-9ae5-5afbf9a8c00c@group-FB88F8E3ECE4-LeaderElection55] INFO  server.RaftServerConfigKeys (ConfUtils.java:logGet(43)) - raft.server.rpc.request.timeout = 3000ms (default)
2019-11-17 11:09:11,288 [ce4f5a27-7d6e-4546-9ae5-5afbf9a8c00c@group-FB88F8E3ECE4-LeaderElection55] INFO  server.RaftServerConfigKeys (ConfUtils.java:logGet(43)) - raft.server.log.appender.install.snapshot.enabled = false (custom)
2019-11-17 11:09:11,288 [ce4f5a27-7d6e-4546-9ae5-5afbf9a8c00c@group-FB88F8E3ECE4-LeaderElection55] WARN  impl.MetricRegistriesImpl (MetricRegistriesImpl.java:lambda$create$1(61)) - First MetricRegistry has been created without registering reporters. You may need to call MetricRegistries.global().addReportRegistration(...) before.
2019-11-17 11:09:11,288 [ce4f5a27-7d6e-4546-9ae5-5afbf9a8c00c@group-FB88F8E3ECE4-LeaderElection55] INFO  server.RaftServerConfigKeys (ConfUtils.java:logGet(43)) - raft.server.log.appender.snapshot.chunk.size.max = 16MB (=16777216) (default)
2019-11-17 11:09:11,289 [ce4f5a27-7d6e-4546-9ae5-5afbf9a8c00c@group-FB88F8E3ECE4-LeaderElection55] INFO  server.RaftServerConfigKeys (ConfUtils.java:logGet(43)) - raft.server.log.appender.buffer.byte-limit = 33554432 (custom)
2019-11-17 11:09:11,289 [ce4f5a27-7d6e-4546-9ae5-5afbf9a8c00c@group-FB88F8E3ECE4-LeaderElection55] INFO  server.RaftServerConfigKeys (ConfUtils.java:logGet(43)) - raft.server.log.appender.buffer.element-limit = 1 (custom)
2019-11-17 11:09:11,289 [ce4f5a27-7d6e-4546-9ae5-5afbf9a8c00c@group-FB88F8E3ECE4-LeaderElection55] INFO  grpc.GrpcConfigKeys$Server (ConfUtils.java:logGet(43)) - raft.grpc.server.leader.outstanding.appends.max = 128 (default)
2019-11-17 11:09:11,289 [ce4f5a27-7d6e-4546-9ae5-5afbf9a8c00c@group-FB88F8E3ECE4-LeaderElection55] INFO  server.RaftServerConfigKeys (ConfUtils.java:logGet(43)) - raft.server.rpc.request.timeout = 3000ms (default)
2019-11-17 11:09:11,289 [ce4f5a27-7d6e-4546-9ae5-5afbf9a8c00c@group-FB88F8E3ECE4-LeaderElection55] INFO  server.RaftServerConfigKeys (ConfUtils.java:logGet(43)) - raft.server.log.appender.install.snapshot.enabled = false (custom)
2019-11-17 11:09:11,289 [ce4f5a27-7d6e-4546-9ae5-5afbf9a8c00c@group-FB88F8E3ECE4-LeaderElection55] INFO  impl.RoleInfo (RoleInfo.java:updateAndGet(143)) - ce4f5a27-7d6e-4546-9ae5-5afbf9a8c00c: start LeaderState
2019-11-17 11:09:11,290 [ce4f5a27-7d6e-4546-9ae5-5afbf9a8c00c@group-FB88F8E3ECE4-LeaderElection55] INFO  segmented.SegmentedRaftLogWorker (SegmentedRaftLogWorker.java:rollLogSegment(390)) - ce4f5a27-7d6e-4546-9ae5-5afbf9a8c00c@group-FB88F8E3ECE4-SegmentedRaftLogWorker: Rolling segment log-0_0 to index:0
2019-11-17 11:09:11,290 [ce4f5a27-7d6e-4546-9ae5-5afbf9a8c00c@group-FB88F8E3ECE4-SegmentedRaftLogWorker] INFO  segmented.SegmentedRaftLogWorker (SegmentedRaftLogWorker.java:execute(533)) - ce4f5a27-7d6e-4546-9ae5-5afbf9a8c00c@group-FB88F8E3ECE4-SegmentedRaftLogWorker: Rolled log segment from /workdir/hadoop-ozone/integration-test/target/test-dir/MiniOzoneClusterImpl-184704d8-2d26-4abc-9155-7ef0d3d35dfc/datanode-0/data/ratis/5c60bbbe-e6fa-4ad0-90b4-fb88f8e3ece4/current/log_inprogress_0 to /workdir/hadoop-ozone/integration-test/target/test-dir/MiniOzoneClusterImpl-184704d8-2d26-4abc-9155-7ef0d3d35dfc/datanode-0/data/ratis/5c60bbbe-e6fa-4ad0-90b4-fb88f8e3ece4/current/log_0-0
2019-11-17 11:09:11,290 [ce4f5a27-7d6e-4546-9ae5-5afbf9a8c00c@group-FB88F8E3ECE4-LeaderElection55] INFO  impl.RaftServerImpl (ServerState.java:setRaftConf(356)) - ce4f5a27-7d6e-4546-9ae5-5afbf9a8c00c@group-FB88F8E3ECE4: set configuration 1: [e8702f59-809d-4833-a306-9e60cd88362b:192.168.34.35:33634, ce4f5a27-7d6e-4546-9ae5-5afbf9a8c00c:192.168.34.35:44254, 28ccac35-fb4f-4f0a-a99f-78d96ef6e430:192.168.34.35:37581], old=null at 1
2019-11-17 11:09:11,291 [grpc-default-executor-6] WARN  server.GrpcLogAppender (LogUtils.java:warn(134)) - ce4f5a27-7d6e-4546-9ae5-5afbf9a8c00c@group-FB88F8E3ECE4->e8702f59-809d-4833-a306-9e60cd88362b-AppendLogResponseHandler: Failed appendEntries: org.apache.ratis.thirdparty.io.grpc.StatusRuntimeException: UNAVAILABLE: io exception
2019-11-17 11:09:11,291 [grpc-default-executor-6] INFO  impl.FollowerInfo (FollowerInfo.java:lambda$new$0(51)) - ce4f5a27-7d6e-4546-9ae5-5afbf9a8c00c@group-FB88F8E3ECE4->e8702f59-809d-4833-a306-9e60cd88362b: nextIndex: updateUnconditionally 1 -> 0
2019-11-17 11:09:11,321 [grpc-default-executor-2] INFO  ratis.XceiverServerRatis (XceiverServerRatis.java:handleLeaderChangedNotification(697)) - Leader change notification received for group: group-FB88F8E3ECE4 with new leaderId: ce4f5a27-7d6e-4546-9ae5-5afbf9a8c00c
2019-11-17 11:09:11,321 [grpc-default-executor-2] INFO  impl.RaftServerImpl (ServerState.java:setLeader(255)) - 28ccac35-fb4f-4f0a-a99f-78d96ef6e430@group-FB88F8E3ECE4: change Leader from null to ce4f5a27-7d6e-4546-9ae5-5afbf9a8c00c at term 2 for appendEntries, leader elected after 51ms
2019-11-17 11:09:11,323 [grpc-default-executor-2] INFO  impl.RaftServerImpl (ServerState.java:setRaftConf(356)) - 28ccac35-fb4f-4f0a-a99f-78d96ef6e430@group-FB88F8E3ECE4: set configuration 1: [e8702f59-809d-4833-a306-9e60cd88362b:192.168.34.35:33634, ce4f5a27-7d6e-4546-9ae5-5afbf9a8c00c:192.168.34.35:44254, 28ccac35-fb4f-4f0a-a99f-78d96ef6e430:192.168.34.35:37581], old=null at 1
2019-11-17 11:09:11,324 [grpc-default-executor-2] INFO  segmented.SegmentedRaftLogWorker (SegmentedRaftLogWorker.java:rollLogSegment(390)) - 28ccac35-fb4f-4f0a-a99f-78d96ef6e430@group-FB88F8E3ECE4-SegmentedRaftLogWorker: Rolling segment log-0_0 to index:0
2019-11-17 11:09:11,324 [28ccac35-fb4f-4f0a-a99f-78d96ef6e430@group-FB88F8E3ECE4-SegmentedRaftLogWorker] INFO  segmented.SegmentedRaftLogWorker (SegmentedRaftLogWorker.java:execute(533)) - 28ccac35-fb4f-4f0a-a99f-78d96ef6e430@group-FB88F8E3ECE4-SegmentedRaftLogWorker: Rolled log segment from /workdir/hadoop-ozone/integration-test/target/test-dir/MiniOzoneClusterImpl-184704d8-2d26-4abc-9155-7ef0d3d35dfc/datanode-2/data/ratis/5c60bbbe-e6fa-4ad0-90b4-fb88f8e3ece4/current/log_inprogress_0 to /workdir/hadoop-ozone/integration-test/target/test-dir/MiniOzoneClusterImpl-184704d8-2d26-4abc-9155-7ef0d3d35dfc/datanode-2/data/ratis/5c60bbbe-e6fa-4ad0-90b4-fb88f8e3ece4/current/log_0-0
2019-11-17 11:09:11,345 [ce4f5a27-7d6e-4546-9ae5-5afbf9a8c00c@group-FB88F8E3ECE4-SegmentedRaftLogWorker] INFO  segmented.SegmentedRaftLogWorker (SegmentedRaftLogWorker.java:execute(576)) - ce4f5a27-7d6e-4546-9ae5-5afbf9a8c00c@group-FB88F8E3ECE4-SegmentedRaftLogWorker: created new log segment /workdir/hadoop-ozone/integration-test/target/test-dir/MiniOzoneClusterImpl-184704d8-2d26-4abc-9155-7ef0d3d35dfc/datanode-0/data/ratis/5c60bbbe-e6fa-4ad0-90b4-fb88f8e3ece4/current/log_inprogress_1
2019-11-17 11:09:11,372 [28ccac35-fb4f-4f0a-a99f-78d96ef6e430@group-FB88F8E3ECE4-SegmentedRaftLogWorker] INFO  segmented.SegmentedRaftLogWorker (SegmentedRaftLogWorker.java:execute(576)) - 28ccac35-fb4f-4f0a-a99f-78d96ef6e430@group-FB88F8E3ECE4-SegmentedRaftLogWorker: created new log segment /workdir/hadoop-ozone/integration-test/target/test-dir/MiniOzoneClusterImpl-184704d8-2d26-4abc-9155-7ef0d3d35dfc/datanode-2/data/ratis/5c60bbbe-e6fa-4ad0-90b4-fb88f8e3ece4/current/log_inprogress_1
2019-11-17 11:09:11,387 [grpc-default-executor-6] WARN  server.GrpcLogAppender (LogUtils.java:warn(134)) - ce4f5a27-7d6e-4546-9ae5-5afbf9a8c00c@group-FB88F8E3ECE4->e8702f59-809d-4833-a306-9e60cd88362b-AppendLogResponseHandler: Failed appendEntries: org.apache.ratis.thirdparty.io.grpc.StatusRuntimeException: UNAVAILABLE: io exception
2019-11-17 11:09:11,387 [grpc-default-executor-6] INFO  impl.FollowerInfo (FollowerInfo.java:lambda$new$0(51)) - ce4f5a27-7d6e-4546-9ae5-5afbf9a8c00c@group-FB88F8E3ECE4->e8702f59-809d-4833-a306-9e60cd88362b: nextIndex: updateUnconditionally 1 -> 0
2019-11-17 11:09:11,397 [grpc-default-executor-6] WARN  server.GrpcLogAppender (LogUtils.java:warn(134)) - ce4f5a27-7d6e-4546-9ae5-5afbf9a8c00c@group-FB88F8E3ECE4->e8702f59-809d-4833-a306-9e60cd88362b-AppendLogResponseHandler: Failed appendEntries: org.apache.ratis.thirdparty.io.grpc.StatusRuntimeException: UNAVAILABLE: io exception
2019-11-17 11:09:11,397 [grpc-default-executor-6] INFO  impl.FollowerInfo (FollowerInfo.java:lambda$new$0(51)) - ce4f5a27-7d6e-4546-9ae5-5afbf9a8c00c@group-FB88F8E3ECE4->e8702f59-809d-4833-a306-9e60cd88362b: nextIndex: updateUnconditionally 1 -> 0
2019-11-17 11:09:11,479 [grpc-default-executor-7] WARN  server.GrpcLogAppender (LogUtils.java:warn(134)) - e3fe17d3-3943-4d4c-b88c-d5052243b886@group-3631E1AADF49->fa2fcff1-083d-4cf3-acfd-0486da9214fd-AppendLogResponseHandler: Failed appendEntries: org.apache.ratis.thirdparty.io.grpc.StatusRuntimeException: UNAVAILABLE: io exception
2019-11-17 11:09:11,480 [grpc-default-executor-7] INFO  impl.FollowerInfo (FollowerInfo.java:lambda$new$0(51)) - e3fe17d3-3943-4d4c-b88c-d5052243b886@group-3631E1AADF49->fa2fcff1-083d-4cf3-acfd-0486da9214fd: nextIndex: updateUnconditionally 0 -> 0
2019-11-17 11:09:11,899 [grpc-default-executor-7] WARN  server.GrpcLogAppender (LogUtils.java:warn(134)) - ce4f5a27-7d6e-4546-9ae5-5afbf9a8c00c@group-FB88F8E3ECE4->e8702f59-809d-4833-a306-9e60cd88362b-AppendLogResponseHandler: Failed appendEntries: org.apache.ratis.thirdparty.io.grpc.StatusRuntimeException: UNAVAILABLE: io exception
2019-11-17 11:09:11,903 [grpc-default-executor-7] INFO  impl.FollowerInfo (FollowerInfo.java:lambda$new$0(51)) - ce4f5a27-7d6e-4546-9ae5-5afbf9a8c00c@group-FB88F8E3ECE4->e8702f59-809d-4833-a306-9e60cd88362b: nextIndex: updateUnconditionally 0 -> 0
2019-11-17 11:09:11,980 [grpc-default-executor-6] WARN  server.GrpcLogAppender (LogUtils.java:warn(134)) - e3fe17d3-3943-4d4c-b88c-d5052243b886@group-3631E1AADF49->fa2fcff1-083d-4cf3-acfd-0486da9214fd-AppendLogResponseHandler: Failed appendEntries: org.apache.ratis.thirdparty.io.grpc.StatusRuntimeException: UNAVAILABLE: io exception
2019-11-17 11:09:11,980 [grpc-default-executor-6] INFO  impl.FollowerInfo (FollowerInfo.java:lambda$new$0(51)) - e3fe17d3-3943-4d4c-b88c-d5052243b886@group-3631E1AADF49->fa2fcff1-083d-4cf3-acfd-0486da9214fd: nextIndex: updateUnconditionally 0 -> 0
2019-11-17 11:09:12,404 [grpc-default-executor-3] WARN  server.GrpcLogAppender (LogUtils.java:warn(134)) - ce4f5a27-7d6e-4546-9ae5-5afbf9a8c00c@group-FB88F8E3ECE4->e8702f59-809d-4833-a306-9e60cd88362b-AppendLogResponseHandler: Failed appendEntries: org.apache.ratis.thirdparty.io.grpc.StatusRuntimeException: UNAVAILABLE: io exception
2019-11-17 11:09:12,405 [grpc-default-executor-3] INFO  impl.FollowerInfo (FollowerInfo.java:lambda$new$0(51)) - ce4f5a27-7d6e-4546-9ae5-5afbf9a8c00c@group-FB88F8E3ECE4->e8702f59-809d-4833-a306-9e60cd88362b: nextIndex: updateUnconditionally 0 -> 0
2019-11-17 11:09:12,481 [grpc-default-executor-3] WARN  server.GrpcLogAppender (LogUtils.java:warn(134)) - e3fe17d3-3943-4d4c-b88c-d5052243b886@group-3631E1AADF49->fa2fcff1-083d-4cf3-acfd-0486da9214fd-AppendLogResponseHandler: Failed appendEntries: org.apache.ratis.thirdparty.io.grpc.StatusRuntimeException: UNAVAILABLE: io exception
2019-11-17 11:09:12,482 [grpc-default-executor-3] INFO  impl.FollowerInfo (FollowerInfo.java:lambda$new$0(51)) - e3fe17d3-3943-4d4c-b88c-d5052243b886@group-3631E1AADF49->fa2fcff1-083d-4cf3-acfd-0486da9214fd: nextIndex: updateUnconditionally 0 -> 0
2019-11-17 11:09:12,902 [grpc-default-executor-7] WARN  server.GrpcLogAppender (LogUtils.java:warn(134)) - ce4f5a27-7d6e-4546-9ae5-5afbf9a8c00c@group-FB88F8E3ECE4->e8702f59-809d-4833-a306-9e60cd88362b-AppendLogResponseHandler: Failed appendEntries: org.apache.ratis.thirdparty.io.grpc.StatusRuntimeException: UNAVAILABLE: io exception
2019-11-17 11:09:12,903 [grpc-default-executor-7] INFO  impl.FollowerInfo (FollowerInfo.java:lambda$new$0(51)) - ce4f5a27-7d6e-4546-9ae5-5afbf9a8c00c@group-FB88F8E3ECE4->e8702f59-809d-4833-a306-9e60cd88362b: nextIndex: updateUnconditionally 0 -> 0
2019-11-17 11:09:12,982 [grpc-default-executor-6] WARN  server.GrpcLogAppender (LogUtils.java:warn(134)) - e3fe17d3-3943-4d4c-b88c-d5052243b886@group-3631E1AADF49->fa2fcff1-083d-4cf3-acfd-0486da9214fd-AppendLogResponseHandler: Failed appendEntries: org.apache.ratis.thirdparty.io.grpc.StatusRuntimeException: UNAVAILABLE: io exception
2019-11-17 11:09:12,982 [grpc-default-executor-6] INFO  impl.FollowerInfo (FollowerInfo.java:lambda$new$0(51)) - e3fe17d3-3943-4d4c-b88c-d5052243b886@group-3631E1AADF49->fa2fcff1-083d-4cf3-acfd-0486da9214fd: nextIndex: updateUnconditionally 0 -> 0
2019-11-17 11:09:13,404 [grpc-default-executor-3] WARN  server.GrpcLogAppender (LogUtils.java:warn(134)) - ce4f5a27-7d6e-4546-9ae5-5afbf9a8c00c@group-FB88F8E3ECE4->e8702f59-809d-4833-a306-9e60cd88362b-AppendLogResponseHandler: Failed appendEntries: org.apache.ratis.thirdparty.io.grpc.StatusRuntimeException: UNAVAILABLE: io exception
2019-11-17 11:09:13,404 [grpc-default-executor-3] INFO  impl.FollowerInfo (FollowerInfo.java:lambda$new$0(51)) - ce4f5a27-7d6e-4546-9ae5-5afbf9a8c00c@group-FB88F8E3ECE4->e8702f59-809d-4833-a306-9e60cd88362b: nextIndex: updateUnconditionally 0 -> 0
2019-11-17 11:09:13,483 [grpc-default-executor-6] WARN  server.GrpcLogAppender (LogUtils.java:warn(134)) - e3fe17d3-3943-4d4c-b88c-d5052243b886@group-3631E1AADF49->fa2fcff1-083d-4cf3-acfd-0486da9214fd-AppendLogResponseHandler: Failed appendEntries: org.apache.ratis.thirdparty.io.grpc.StatusRuntimeException: UNAVAILABLE: io exception
2019-11-17 11:09:13,483 [grpc-default-executor-6] INFO  impl.FollowerInfo (FollowerInfo.java:lambda$new$0(51)) - e3fe17d3-3943-4d4c-b88c-d5052243b886@group-3631E1AADF49->fa2fcff1-083d-4cf3-acfd-0486da9214fd: nextIndex: updateUnconditionally 0 -> 0
2019-11-17 11:09:13,909 [grpc-default-executor-6] WARN  server.GrpcLogAppender (LogUtils.java:warn(134)) - ce4f5a27-7d6e-4546-9ae5-5afbf9a8c00c@group-FB88F8E3ECE4->e8702f59-809d-4833-a306-9e60cd88362b-AppendLogResponseHandler: Failed appendEntries: org.apache.ratis.thirdparty.io.grpc.StatusRuntimeException: UNAVAILABLE: io exception
2019-11-17 11:09:13,909 [grpc-default-executor-6] INFO  impl.FollowerInfo (FollowerInfo.java:lambda$new$0(51)) - ce4f5a27-7d6e-4546-9ae5-5afbf9a8c00c@group-FB88F8E3ECE4->e8702f59-809d-4833-a306-9e60cd88362b: nextIndex: updateUnconditionally 0 -> 0
2019-11-17 11:09:13,984 [grpc-default-executor-6] WARN  server.GrpcLogAppender (LogUtils.java:warn(134)) - e3fe17d3-3943-4d4c-b88c-d5052243b886@group-3631E1AADF49->fa2fcff1-083d-4cf3-acfd-0486da9214fd-AppendLogResponseHandler: Failed appendEntries: org.apache.ratis.thirdparty.io.grpc.StatusRuntimeException: UNAVAILABLE: io exception
2019-11-17 11:09:13,984 [grpc-default-executor-6] INFO  impl.FollowerInfo (FollowerInfo.java:lambda$new$0(51)) - e3fe17d3-3943-4d4c-b88c-d5052243b886@group-3631E1AADF49->fa2fcff1-083d-4cf3-acfd-0486da9214fd: nextIndex: updateUnconditionally 0 -> 0
2019-11-17 11:09:14,416 [grpc-default-executor-6] WARN  server.GrpcLogAppender (LogUtils.java:warn(134)) - ce4f5a27-7d6e-4546-9ae5-5afbf9a8c00c@group-FB88F8E3ECE4->e8702f59-809d-4833-a306-9e60cd88362b-AppendLogResponseHandler: Failed appendEntries: org.apache.ratis.thirdparty.io.grpc.StatusRuntimeException: UNAVAILABLE: io exception
2019-11-17 11:09:14,418 [grpc-default-executor-6] INFO  impl.FollowerInfo (FollowerInfo.java:lambda$new$0(51)) - ce4f5a27-7d6e-4546-9ae5-5afbf9a8c00c@group-FB88F8E3ECE4->e8702f59-809d-4833-a306-9e60cd88362b: nextIndex: updateUnconditionally 0 -> 0
2019-11-17 11:09:14,484 [grpc-default-executor-3] WARN  server.GrpcLogAppender (LogUtils.java:warn(134)) - e3fe17d3-3943-4d4c-b88c-d5052243b886@group-3631E1AADF49->fa2fcff1-083d-4cf3-acfd-0486da9214fd-AppendLogResponseHandler: Failed appendEntries: org.apache.ratis.thirdparty.io.grpc.StatusRuntimeException: UNAVAILABLE: io exception
2019-11-17 11:09:14,485 [grpc-default-executor-3] INFO  impl.FollowerInfo (FollowerInfo.java:lambda$new$0(51)) - e3fe17d3-3943-4d4c-b88c-d5052243b886@group-3631E1AADF49->fa2fcff1-083d-4cf3-acfd-0486da9214fd: nextIndex: updateUnconditionally 0 -> 0
2019-11-17 11:09:14,520 [ForkJoinPool.commonPool-worker-0] INFO  ozoneimpl.OzoneContainer (OzoneContainer.java:stop(244)) - Attempting to stop container services.
2019-11-17 11:09:14,521 [ForkJoinPool.commonPool-worker-0] INFO  impl.RaftServerProxy (RaftServerProxy.java:lambda$close$4(314)) - 28ccac35-fb4f-4f0a-a99f-78d96ef6e430: close
2019-11-17 11:09:14,521 [ForkJoinPool.commonPool-worker-0] INFO  impl.RaftServerImpl (RaftServerImpl.java:lambda$shutdown$3(250)) - 28ccac35-fb4f-4f0a-a99f-78d96ef6e430@group-FB88F8E3ECE4: shutdown
2019-11-17 11:09:14,522 [ForkJoinPool.commonPool-worker-0] INFO  util.JmxRegister (JmxRegister.java:unregister(73)) - Successfully un-registered JMX Bean with object name Ratis:service=RaftServer,group=group-FB88F8E3ECE4,id=28ccac35-fb4f-4f0a-a99f-78d96ef6e430
2019-11-17 11:09:14,522 [ForkJoinPool.commonPool-worker-0] INFO  impl.RoleInfo (RoleInfo.java:shutdownFollowerState(121)) - 28ccac35-fb4f-4f0a-a99f-78d96ef6e430: shutdown FollowerState
2019-11-17 11:09:14,522 [ForkJoinPool.commonPool-worker-0] INFO  impl.StateMachineUpdater (StateMachineUpdater.java:stopAndJoin(136)) - 28ccac35-fb4f-4f0a-a99f-78d96ef6e430@group-FB88F8E3ECE4-StateMachineUpdater: set stopIndex = 2
2019-11-17 11:09:14,523 [Thread-1914] INFO  impl.FollowerState (FollowerState.java:run(120)) - 28ccac35-fb4f-4f0a-a99f-78d96ef6e430@group-FB88F8E3ECE4-FollowerState was interrupted: java.lang.InterruptedException: sleep interrupted
2019-11-17 11:09:14,524 [main] INFO  ozoneimpl.OzoneContainer (OzoneContainer.java:stop(244)) - Attempting to stop container services.
2019-11-17 11:09:14,524 [ForkJoinPool.commonPool-worker-0] INFO  impl.RaftServerImpl (ServerState.java:close(387)) - 28ccac35-fb4f-4f0a-a99f-78d96ef6e430@group-FB88F8E3ECE4: closes. applyIndex: 2
2019-11-17 11:09:14,526 [main] INFO  impl.RaftServerProxy (RaftServerProxy.java:lambda$close$4(314)) - e3fe17d3-3943-4d4c-b88c-d5052243b886: close
2019-11-17 11:09:14,526 [main] INFO  impl.RaftServerImpl (RaftServerImpl.java:lambda$shutdown$3(250)) - e3fe17d3-3943-4d4c-b88c-d5052243b886@group-92EEEFA057E6: shutdown
2019-11-17 11:09:14,526 [28ccac35-fb4f-4f0a-a99f-78d96ef6e430@group-FB88F8E3ECE4-SegmentedRaftLogWorker] INFO  segmented.SegmentedRaftLogWorker (SegmentedRaftLogWorker.java:run(316)) - 28ccac35-fb4f-4f0a-a99f-78d96ef6e430@group-FB88F8E3ECE4-SegmentedRaftLogWorker was interrupted, exiting. There are 0 tasks remaining in the queue.
2019-11-17 11:09:14,526 [main] INFO  util.JmxRegister (JmxRegister.java:unregister(73)) - Successfully un-registered JMX Bean with object name Ratis:service=RaftServer,group=group-92EEEFA057E6,id=e3fe17d3-3943-4d4c-b88c-d5052243b886
2019-11-17 11:09:14,533 [ForkJoinPool.commonPool-worker-0] INFO  segmented.SegmentedRaftLogWorker (SegmentedRaftLogWorker.java:close(224)) - 28ccac35-fb4f-4f0a-a99f-78d96ef6e430@group-FB88F8E3ECE4-SegmentedRaftLogWorker close()
2019-11-17 11:09:14,533 [main] INFO  impl.RoleInfo (RoleInfo.java:shutdownLeaderState(104)) - e3fe17d3-3943-4d4c-b88c-d5052243b886: shutdown LeaderState
2019-11-17 11:09:14,536 [ForkJoinPool.commonPool-worker-0] INFO  impl.RaftServerImpl (RaftServerImpl.java:lambda$shutdown$3(250)) - 28ccac35-fb4f-4f0a-a99f-78d96ef6e430@group-59CEBA4C68AB: shutdown
2019-11-17 11:09:14,536 [main] INFO  impl.PendingRequests (PendingRequests.java:sendNotLeaderResponses(206)) - e3fe17d3-3943-4d4c-b88c-d5052243b886@group-92EEEFA057E6-PendingRequests: sendNotLeaderResponses
2019-11-17 11:09:14,537 [ForkJoinPool.commonPool-worker-0] INFO  util.JmxRegister (JmxRegister.java:unregister(73)) - Successfully un-registered JMX Bean with object name Ratis:service=RaftServer,group=group-59CEBA4C68AB,id=28ccac35-fb4f-4f0a-a99f-78d96ef6e430
2019-11-17 11:09:14,537 [ForkJoinPool.commonPool-worker-0] INFO  impl.RoleInfo (RoleInfo.java:shutdownLeaderState(104)) - 28ccac35-fb4f-4f0a-a99f-78d96ef6e430: shutdown LeaderState
2019-11-17 11:09:14,537 [main] INFO  impl.StateMachineUpdater (StateMachineUpdater.java:stopAndJoin(136)) - e3fe17d3-3943-4d4c-b88c-d5052243b886@group-92EEEFA057E6-StateMachineUpdater: set stopIndex = 0
2019-11-17 11:09:14,537 [ForkJoinPool.commonPool-worker-0] INFO  impl.PendingRequests (PendingRequests.java:sendNotLeaderResponses(206)) - 28ccac35-fb4f-4f0a-a99f-78d96ef6e430@group-59CEBA4C68AB-PendingRequests: sendNotLeaderResponses
2019-11-17 11:09:14,538 [main] INFO  impl.RaftServerImpl (ServerState.java:close(387)) - e3fe17d3-3943-4d4c-b88c-d5052243b886@group-92EEEFA057E6: closes. applyIndex: 0
2019-11-17 11:09:14,538 [ForkJoinPool.commonPool-worker-0] INFO  impl.StateMachineUpdater (StateMachineUpdater.java:stopAndJoin(136)) - 28ccac35-fb4f-4f0a-a99f-78d96ef6e430@group-59CEBA4C68AB-StateMachineUpdater: set stopIndex = 0
2019-11-17 11:09:14,539 [ForkJoinPool.commonPool-worker-0] INFO  impl.RaftServerImpl (ServerState.java:close(387)) - 28ccac35-fb4f-4f0a-a99f-78d96ef6e430@group-59CEBA4C68AB: closes. applyIndex: 0
2019-11-17 11:09:14,538 [e3fe17d3-3943-4d4c-b88c-d5052243b886@group-92EEEFA057E6-SegmentedRaftLogWorker] INFO  segmented.SegmentedRaftLogWorker (SegmentedRaftLogWorker.java:run(316)) - e3fe17d3-3943-4d4c-b88c-d5052243b886@group-92EEEFA057E6-SegmentedRaftLogWorker was interrupted, exiting. There are 0 tasks remaining in the queue.
2019-11-17 11:09:14,539 [28ccac35-fb4f-4f0a-a99f-78d96ef6e430@group-59CEBA4C68AB-SegmentedRaftLogWorker] INFO  segmented.SegmentedRaftLogWorker (SegmentedRaftLogWorker.java:run(316)) - 28ccac35-fb4f-4f0a-a99f-78d96ef6e430@group-59CEBA4C68AB-SegmentedRaftLogWorker was interrupted, exiting. There are 0 tasks remaining in the queue.
2019-11-17 11:09:14,539 [main] INFO  segmented.SegmentedRaftLogWorker (SegmentedRaftLogWorker.java:close(224)) - e3fe17d3-3943-4d4c-b88c-d5052243b886@group-92EEEFA057E6-SegmentedRaftLogWorker close()
2019-11-17 11:09:14,540 [ForkJoinPool.commonPool-worker-0] INFO  segmented.SegmentedRaftLogWorker (SegmentedRaftLogWorker.java:close(224)) - 28ccac35-fb4f-4f0a-a99f-78d96ef6e430@group-59CEBA4C68AB-SegmentedRaftLogWorker close()
2019-11-17 11:09:14,541 [main] INFO  impl.RaftServerImpl (RaftServerImpl.java:lambda$shutdown$3(250)) - e3fe17d3-3943-4d4c-b88c-d5052243b886@group-3631E1AADF49: shutdown
2019-11-17 11:09:14,543 [ForkJoinPool.commonPool-worker-0] INFO  server.GrpcService (GrpcService.java:closeImpl(164)) - 28ccac35-fb4f-4f0a-a99f-78d96ef6e430: shutdown server with port 37581 now
2019-11-17 11:09:14,543 [main] INFO  util.JmxRegister (JmxRegister.java:unregister(73)) - Successfully un-registered JMX Bean with object name Ratis:service=RaftServer,group=group-3631E1AADF49,id=e3fe17d3-3943-4d4c-b88c-d5052243b886
2019-11-17 11:09:14,543 [main] INFO  impl.RoleInfo (RoleInfo.java:shutdownLeaderState(104)) - e3fe17d3-3943-4d4c-b88c-d5052243b886: shutdown LeaderState
2019-11-17 11:09:14,546 [org.apache.ratis.server.impl.LogAppender$AppenderDaemon$$Lambda$425/279480791@44eb1c9a] WARN  server.GrpcLogAppender (GrpcLogAppender.java:mayWait(151)) - e3fe17d3-3943-4d4c-b88c-d5052243b886@group-3631E1AADF49->4c1e8795-b3d4-460e-8f85-df43444e9ba0-GrpcLogAppender: Wait interrupted by java.lang.InterruptedException
2019-11-17 11:09:14,546 [main] INFO  impl.PendingRequests (PendingRequests.java:sendNotLeaderResponses(206)) - e3fe17d3-3943-4d4c-b88c-d5052243b886@group-3631E1AADF49-PendingRequests: sendNotLeaderResponses
2019-11-17 11:09:14,546 [grpc-default-executor-6] WARN  server.GrpcServerProtocolService (LogUtils.java:warn(134)) - 28ccac35-fb4f-4f0a-a99f-78d96ef6e430: installSnapshot onError, lastRequest: ce4f5a27-7d6e-4546-9ae5-5afbf9a8c00c->28ccac35-fb4f-4f0a-a99f-78d96ef6e430#8-t2, previous=(t:2, i:2), leaderCommit=2, initializing? false, entries: <empty>: org.apache.ratis.thirdparty.io.grpc.StatusRuntimeException: CANCELLED: cancelled before receiving half close
2019-11-17 11:09:14,546 [org.apache.ratis.server.impl.LogAppender$AppenderDaemon$$Lambda$425/279480791@3e792325] WARN  server.GrpcLogAppender (GrpcLogAppender.java:mayWait(151)) - e3fe17d3-3943-4d4c-b88c-d5052243b886@group-3631E1AADF49->fa2fcff1-083d-4cf3-acfd-0486da9214fd-GrpcLogAppender: Wait interrupted by java.lang.InterruptedException
2019-11-17 11:09:14,549 [main] INFO  impl.StateMachineUpdater (StateMachineUpdater.java:stopAndJoin(136)) - e3fe17d3-3943-4d4c-b88c-d5052243b886@group-3631E1AADF49-StateMachineUpdater: set stopIndex = 2
2019-11-17 11:09:14,547 [ForkJoinPool.commonPool-worker-0] INFO  server.GrpcService (GrpcService.java:closeImpl(172)) - 28ccac35-fb4f-4f0a-a99f-78d96ef6e430: shutdown server with port 37581 successfully
2019-11-17 11:09:14,550 [main] INFO  impl.RaftServerImpl (ServerState.java:close(387)) - e3fe17d3-3943-4d4c-b88c-d5052243b886@group-3631E1AADF49: closes. applyIndex: 2
2019-11-17 11:09:14,550 [grpc-default-executor-7] WARN  server.GrpcLogAppender (LogUtils.java:warn(134)) - ce4f5a27-7d6e-4546-9ae5-5afbf9a8c00c@group-FB88F8E3ECE4->28ccac35-fb4f-4f0a-a99f-78d96ef6e430-AppendLogResponseHandler: Failed appendEntries: org.apache.ratis.thirdparty.io.grpc.StatusRuntimeException: CANCELLED: HTTP/2 error code: CANCEL
Received Rst Stream
2019-11-17 11:09:14,551 [e3fe17d3-3943-4d4c-b88c-d5052243b886@group-3631E1AADF49-SegmentedRaftLogWorker] INFO  segmented.SegmentedRaftLogWorker (SegmentedRaftLogWorker.java:run(316)) - e3fe17d3-3943-4d4c-b88c-d5052243b886@group-3631E1AADF49-SegmentedRaftLogWorker was interrupted, exiting. There are 0 tasks remaining in the queue.
2019-11-17 11:09:14,550 [grpc-default-executor-3] INFO  server.GrpcServerProtocolService (GrpcServerProtocolService.java:onCompleted(113)) - 4c1e8795-b3d4-460e-8f85-df43444e9ba0: Completed APPEND_ENTRIES, lastRequest: e3fe17d3-3943-4d4c-b88c-d5052243b886->4c1e8795-b3d4-460e-8f85-df43444e9ba0#10-t2, previous=(t:2, i:2), leaderCommit=2, initializing? false, entries: <empty>
2019-11-17 11:09:14,553 [main] INFO  segmented.SegmentedRaftLogWorker (SegmentedRaftLogWorker.java:close(224)) - e3fe17d3-3943-4d4c-b88c-d5052243b886@group-3631E1AADF49-SegmentedRaftLogWorker close()
2019-11-17 11:09:14,551 [grpc-default-executor-7] INFO  impl.FollowerInfo (FollowerInfo.java:lambda$new$0(51)) - ce4f5a27-7d6e-4546-9ae5-5afbf9a8c00c@group-FB88F8E3ECE4->28ccac35-fb4f-4f0a-a99f-78d96ef6e430: nextIndex: updateUnconditionally 3 -> 2
2019-11-17 11:09:14,555 [main] INFO  server.GrpcService (GrpcService.java:closeImpl(164)) - e3fe17d3-3943-4d4c-b88c-d5052243b886: shutdown server with port 33574 now
2019-11-17 11:09:14,556 [grpc-default-executor-7] INFO  server.GrpcLogAppender (GrpcLogAppender.java:onCompleted(308)) - e3fe17d3-3943-4d4c-b88c-d5052243b886@group-3631E1AADF49->4c1e8795-b3d4-460e-8f85-df43444e9ba0-AppendLogResponseHandler: follower responses appendEntries COMPLETED
2019-11-17 11:09:14,556 [grpc-default-executor-7] INFO  impl.FollowerInfo (FollowerInfo.java:lambda$new$0(51)) - e3fe17d3-3943-4d4c-b88c-d5052243b886@group-3631E1AADF49->4c1e8795-b3d4-460e-8f85-df43444e9ba0: nextIndex: updateUnconditionally 3 -> 2
2019-11-17 11:09:14,557 [main] INFO  server.GrpcService (GrpcService.java:closeImpl(172)) - e3fe17d3-3943-4d4c-b88c-d5052243b886: shutdown server with port 33574 successfully
2019-11-17 11:09:14,561 [refreshUsed-/workdir/hadoop-ozone/integration-test/target/test-dir/MiniOzoneClusterImpl-184704d8-2d26-4abc-9155-7ef0d3d35dfc/datanode-2/data/containers] WARN  fs.CachingGetSpaceUsed (CachingGetSpaceUsed.java:run(183)) - Thread Interrupted waiting to refresh disk information: sleep interrupted
2019-11-17 11:09:14,563 [refreshUsed-/workdir/hadoop-ozone/integration-test/target/test-dir/MiniOzoneClusterImpl-184704d8-2d26-4abc-9155-7ef0d3d35dfc/datanode-5/data/containers] WARN  fs.CachingGetSpaceUsed (CachingGetSpaceUsed.java:run(183)) - Thread Interrupted waiting to refresh disk information: sleep interrupted
2019-11-17 11:09:14,584 [ForkJoinPool.commonPool-worker-0] INFO  utils.BackgroundService (BackgroundService.java:shutdown(151)) - Shutting down service BlockDeletingService
2019-11-17 11:09:14,587 [ForkJoinPool.commonPool-worker-0] INFO  statemachine.DatanodeStateMachine (DatanodeStateMachine.java:stopDaemon(400)) - Ozone container server stopped.
2019-11-17 11:09:14,588 [main] INFO  utils.BackgroundService (BackgroundService.java:shutdown(151)) - Shutting down service BlockDeletingService
2019-11-17 11:09:14,592 [main] INFO  statemachine.DatanodeStateMachine (DatanodeStateMachine.java:stopDaemon(400)) - Ozone container server stopped.
2019-11-17 11:09:14,593 [ForkJoinPool.commonPool-worker-0] INFO  handler.ContextHandler (ContextHandler.java:doStop(910)) - Stopped o.e.j.w.WebAppContext@e95595b{/,null,UNAVAILABLE}{/hddsDatanode}
2019-11-17 11:09:14,593 [main] INFO  handler.ContextHandler (ContextHandler.java:doStop(910)) - Stopped o.e.j.w.WebAppContext@414f87a9{/,null,UNAVAILABLE}{/hddsDatanode}
2019-11-17 11:09:14,594 [ForkJoinPool.commonPool-worker-0] INFO  server.AbstractConnector (AbstractConnector.java:doStop(318)) - Stopped ServerConnector@5a917723{HTTP/1.1,[http/1.1]}{0.0.0.0:0}
2019-11-17 11:09:14,594 [main] INFO  server.AbstractConnector (AbstractConnector.java:doStop(318)) - Stopped ServerConnector@1ddc6db2{HTTP/1.1,[http/1.1]}{0.0.0.0:0}
2019-11-17 11:09:14,595 [ForkJoinPool.commonPool-worker-0] INFO  handler.ContextHandler (ContextHandler.java:doStop(910)) - Stopped o.e.j.s.ServletContextHandler@60e3c26e{/static,jar:file:/home/user/.m2/repository/org/apache/hadoop/hadoop-hdds-container-service/0.5.0-SNAPSHOT/hadoop-hdds-container-service-0.5.0-SNAPSHOT.jar!/webapps/static,UNAVAILABLE}
2019-11-17 11:09:14,595 [main] INFO  handler.ContextHandler (ContextHandler.java:doStop(910)) - Stopped o.e.j.s.ServletContextHandler@69909c14{/static,jar:file:/home/user/.m2/repository/org/apache/hadoop/hadoop-hdds-container-service/0.5.0-SNAPSHOT/hadoop-hdds-container-service-0.5.0-SNAPSHOT.jar!/webapps/static,UNAVAILABLE}
2019-11-17 11:09:14,596 [ForkJoinPool.commonPool-worker-0] INFO  handler.ContextHandler (ContextHandler.java:doStop(910)) - Stopped o.e.j.s.ServletContextHandler@68dd39d2{/logs,file:///workdir/hadoop-ozone/integration-test/target/log,UNAVAILABLE}
2019-11-17 11:09:14,597 [main] INFO  handler.ContextHandler (ContextHandler.java:doStop(910)) - Stopped o.e.j.s.ServletContextHandler@642ee49c{/logs,file:///workdir/hadoop-ozone/integration-test/target/log,UNAVAILABLE}
2019-11-17 11:09:14,914 [grpc-default-executor-3] WARN  server.GrpcLogAppender (LogUtils.java:warn(134)) - ce4f5a27-7d6e-4546-9ae5-5afbf9a8c00c@group-FB88F8E3ECE4->e8702f59-809d-4833-a306-9e60cd88362b-AppendLogResponseHandler: Failed appendEntries: org.apache.ratis.thirdparty.io.grpc.StatusRuntimeException: UNAVAILABLE: io exception
2019-11-17 11:09:14,914 [grpc-default-executor-3] INFO  impl.FollowerInfo (FollowerInfo.java:lambda$new$0(51)) - ce4f5a27-7d6e-4546-9ae5-5afbf9a8c00c@group-FB88F8E3ECE4->e8702f59-809d-4833-a306-9e60cd88362b: nextIndex: updateUnconditionally 0 -> 0
2019-11-17 11:09:14,921 [grpc-default-executor-6] WARN  server.GrpcLogAppender (LogUtils.java:warn(134)) - ce4f5a27-7d6e-4546-9ae5-5afbf9a8c00c@group-FB88F8E3ECE4->28ccac35-fb4f-4f0a-a99f-78d96ef6e430-AppendLogResponseHandler: Failed appendEntries: org.apache.ratis.thirdparty.io.grpc.StatusRuntimeException: UNAVAILABLE: io exception
2019-11-17 11:09:14,922 [grpc-default-executor-6] INFO  impl.FollowerInfo (FollowerInfo.java:lambda$new$0(51)) - ce4f5a27-7d6e-4546-9ae5-5afbf9a8c00c@group-FB88F8E3ECE4->28ccac35-fb4f-4f0a-a99f-78d96ef6e430: nextIndex: updateUnconditionally 2 -> 1
2019-11-17 11:09:15,043 [Datanode State Machine Thread - 0] INFO  statemachine.DatanodeStateMachine (DatanodeStateMachine.java:lambda$startDaemon$0(355)) - Ozone container server started.
2019-11-17 11:09:15,286 [Datanode State Machine Thread - 0] INFO  statemachine.DatanodeStateMachine (DatanodeStateMachine.java:lambda$startDaemon$0(355)) - Ozone container server started.
2019-11-17 11:09:15,414 [grpc-default-executor-6] WARN  server.GrpcLogAppender (LogUtils.java:warn(134)) - ce4f5a27-7d6e-4546-9ae5-5afbf9a8c00c@group-FB88F8E3ECE4->e8702f59-809d-4833-a306-9e60cd88362b-AppendLogResponseHandler: Failed appendEntries: org.apache.ratis.thirdparty.io.grpc.StatusRuntimeException: UNAVAILABLE: io exception
2019-11-17 11:09:15,415 [grpc-default-executor-6] INFO  impl.FollowerInfo (FollowerInfo.java:lambda$new$0(51)) - ce4f5a27-7d6e-4546-9ae5-5afbf9a8c00c@group-FB88F8E3ECE4->e8702f59-809d-4833-a306-9e60cd88362b: nextIndex: updateUnconditionally 0 -> 0
2019-11-17 11:09:15,422 [grpc-default-executor-6] WARN  server.GrpcLogAppender (LogUtils.java:warn(134)) - ce4f5a27-7d6e-4546-9ae5-5afbf9a8c00c@group-FB88F8E3ECE4->28ccac35-fb4f-4f0a-a99f-78d96ef6e430-AppendLogResponseHandler: Failed appendEntries: org.apache.ratis.thirdparty.io.grpc.StatusRuntimeException: UNAVAILABLE: io exception
2019-11-17 11:09:15,422 [grpc-default-executor-6] INFO  impl.FollowerInfo (FollowerInfo.java:lambda$new$0(51)) - ce4f5a27-7d6e-4546-9ae5-5afbf9a8c00c@group-FB88F8E3ECE4->28ccac35-fb4f-4f0a-a99f-78d96ef6e430: nextIndex: updateUnconditionally 1 -> 0
2019-11-17 11:09:15,771 [Thread-1903] INFO  impl.FollowerState (FollowerState.java:run(111)) - 4c1e8795-b3d4-460e-8f85-df43444e9ba0@group-3631E1AADF49-FollowerState: change to CANDIDATE, lastRpcTime:1281ms, electionTimeout:1054ms
2019-11-17 11:09:15,771 [Thread-1903] INFO  impl.RoleInfo (RoleInfo.java:shutdownFollowerState(121)) - 4c1e8795-b3d4-460e-8f85-df43444e9ba0: shutdown FollowerState
2019-11-17 11:09:15,771 [Thread-1903] INFO  impl.RaftServerImpl (RaftServerImpl.java:setRole(173)) - 4c1e8795-b3d4-460e-8f85-df43444e9ba0@group-3631E1AADF49: changes role from  FOLLOWER to CANDIDATE at term 2 for changeToCandidate
2019-11-17 11:09:15,772 [Thread-1903] INFO  impl.RoleInfo (RoleInfo.java:updateAndGet(143)) - 4c1e8795-b3d4-460e-8f85-df43444e9ba0: start LeaderElection
2019-11-17 11:09:15,772 [4c1e8795-b3d4-460e-8f85-df43444e9ba0@group-3631E1AADF49-LeaderElection56] INFO  impl.RaftServerImpl (ServerState.java:setLeader(255)) - 4c1e8795-b3d4-460e-8f85-df43444e9ba0@group-3631E1AADF49: change Leader from e3fe17d3-3943-4d4c-b88c-d5052243b886 to null at term 2 for initElection
2019-11-17 11:09:15,798 [4c1e8795-b3d4-460e-8f85-df43444e9ba0@group-3631E1AADF49-LeaderElection56] INFO  impl.LeaderElection (LeaderElection.java:askForVotes(178)) - 4c1e8795-b3d4-460e-8f85-df43444e9ba0@group-3631E1AADF49-LeaderElection56: begin an election at term 3 for 1: [fa2fcff1-083d-4cf3-acfd-0486da9214fd:192.168.34.35:34313, e3fe17d3-3943-4d4c-b88c-d5052243b886:192.168.34.35:33574, 4c1e8795-b3d4-460e-8f85-df43444e9ba0:192.168.34.35:35525], old=null
2019-11-17 11:09:15,800 [4c1e8795-b3d4-460e-8f85-df43444e9ba0@group-3631E1AADF49-LeaderElection56] INFO  impl.LeaderElection (LogUtils.java:infoOrTrace(149)) - 4c1e8795-b3d4-460e-8f85-df43444e9ba0@group-3631E1AADF49-LeaderElection56 got exception when requesting votes: {}
java.util.concurrent.ExecutionException: org.apache.ratis.thirdparty.io.grpc.StatusRuntimeException: UNAVAILABLE: io exception
	at java.util.concurrent.FutureTask.report(FutureTask.java:122)
	at java.util.concurrent.FutureTask.get(FutureTask.java:192)
	at org.apache.ratis.server.impl.LeaderElection.waitForResults(LeaderElection.java:259)
	at org.apache.ratis.server.impl.LeaderElection.askForVotes(LeaderElection.java:197)
	at org.apache.ratis.server.impl.LeaderElection.run(LeaderElection.java:133)
	at java.lang.Thread.run(Thread.java:748)
Caused by: org.apache.ratis.thirdparty.io.grpc.StatusRuntimeException: UNAVAILABLE: io exception
	at org.apache.ratis.thirdparty.io.grpc.stub.ClientCalls.toStatusRuntimeException(ClientCalls.java:233)
	at org.apache.ratis.thirdparty.io.grpc.stub.ClientCalls.getUnchecked(ClientCalls.java:214)
	at org.apache.ratis.thirdparty.io.grpc.stub.ClientCalls.blockingUnaryCall(ClientCalls.java:139)
	at org.apache.ratis.proto.grpc.RaftServerProtocolServiceGrpc$RaftServerProtocolServiceBlockingStub.requestVote(RaftServerProtocolServiceGrpc.java:265)
	at org.apache.ratis.grpc.server.GrpcServerProtocolClient.requestVote(GrpcServerProtocolClient.java:99)
	at org.apache.ratis.grpc.server.GrpcService.requestVote(GrpcService.java:204)
	at org.apache.ratis.server.impl.LeaderElection.lambda$submitRequests$1(LeaderElection.java:234)
	at java.util.concurrent.FutureTask.run(FutureTask.java:266)
	at java.util.concurrent.Executors$RunnableAdapter.call(Executors.java:511)
	at java.util.concurrent.FutureTask.run(FutureTask.java:266)
	at java.util.concurrent.ThreadPoolExecutor.runWorker(ThreadPoolExecutor.java:1149)
	at java.util.concurrent.ThreadPoolExecutor$Worker.run(ThreadPoolExecutor.java:624)
	... 1 more
Caused by: org.apache.ratis.thirdparty.io.netty.channel.AbstractChannel$AnnotatedConnectException: Connection refused: /192.168.34.35:33574
	at sun.nio.ch.SocketChannelImpl.checkConnect(Native Method)
	at sun.nio.ch.SocketChannelImpl.finishConnect(SocketChannelImpl.java:717)
	at org.apache.ratis.thirdparty.io.netty.channel.socket.nio.NioSocketChannel.doFinishConnect(NioSocketChannel.java:327)
	at org.apache.ratis.thirdparty.io.netty.channel.nio.AbstractNioChannel$AbstractNioUnsafe.finishConnect(AbstractNioChannel.java:340)
	at org.apache.ratis.thirdparty.io.netty.channel.nio.NioEventLoop.processSelectedKey(NioEventLoop.java:632)
	at org.apache.ratis.thirdparty.io.netty.channel.nio.NioEventLoop.processSelectedKeysOptimized(NioEventLoop.java:579)
	at org.apache.ratis.thirdparty.io.netty.channel.nio.NioEventLoop.processSelectedKeys(NioEventLoop.java:496)
	at org.apache.ratis.thirdparty.io.netty.channel.nio.NioEventLoop.run(NioEventLoop.java:458)
	at org.apache.ratis.thirdparty.io.netty.util.concurrent.SingleThreadEventExecutor$5.run(SingleThreadEventExecutor.java:897)
	at org.apache.ratis.thirdparty.io.netty.util.concurrent.FastThreadLocalRunnable.run(FastThreadLocalRunnable.java:30)
	... 1 more
Caused by: java.net.ConnectException: Connection refused
	... 11 more
2019-11-17 11:09:15,802 [4c1e8795-b3d4-460e-8f85-df43444e9ba0@group-3631E1AADF49-LeaderElection56] INFO  impl.LeaderElection (LogUtils.java:infoOrTrace(149)) - 4c1e8795-b3d4-460e-8f85-df43444e9ba0@group-3631E1AADF49-LeaderElection56 got exception when requesting votes: {}
java.util.concurrent.ExecutionException: org.apache.ratis.thirdparty.io.grpc.StatusRuntimeException: UNAVAILABLE: io exception
	at java.util.concurrent.FutureTask.report(FutureTask.java:122)
	at java.util.concurrent.FutureTask.get(FutureTask.java:192)
	at org.apache.ratis.server.impl.LeaderElection.waitForResults(LeaderElection.java:259)
	at org.apache.ratis.server.impl.LeaderElection.askForVotes(LeaderElection.java:197)
	at org.apache.ratis.server.impl.LeaderElection.run(LeaderElection.java:133)
	at java.lang.Thread.run(Thread.java:748)
Caused by: org.apache.ratis.thirdparty.io.grpc.StatusRuntimeException: UNAVAILABLE: io exception
	at org.apache.ratis.thirdparty.io.grpc.stub.ClientCalls.toStatusRuntimeException(ClientCalls.java:233)
	at org.apache.ratis.thirdparty.io.grpc.stub.ClientCalls.getUnchecked(ClientCalls.java:214)
	at org.apache.ratis.thirdparty.io.grpc.stub.ClientCalls.blockingUnaryCall(ClientCalls.java:139)
	at org.apache.ratis.proto.grpc.RaftServerProtocolServiceGrpc$RaftServerProtocolServiceBlockingStub.requestVote(RaftServerProtocolServiceGrpc.java:265)
	at org.apache.ratis.grpc.server.GrpcServerProtocolClient.requestVote(GrpcServerProtocolClient.java:99)
	at org.apache.ratis.grpc.server.GrpcService.requestVote(GrpcService.java:204)
	at org.apache.ratis.server.impl.LeaderElection.lambda$submitRequests$1(LeaderElection.java:234)
	at java.util.concurrent.FutureTask.run(FutureTask.java:266)
	at java.util.concurrent.Executors$RunnableAdapter.call(Executors.java:511)
	at java.util.concurrent.FutureTask.run(FutureTask.java:266)
	at java.util.concurrent.ThreadPoolExecutor.runWorker(ThreadPoolExecutor.java:1149)
	at java.util.concurrent.ThreadPoolExecutor$Worker.run(ThreadPoolExecutor.java:624)
	... 1 more
Caused by: org.apache.ratis.thirdparty.io.netty.channel.AbstractChannel$AnnotatedConnectException: Connection refused: /192.168.34.35:34313
	at sun.nio.ch.SocketChannelImpl.checkConnect(Native Method)
	at sun.nio.ch.SocketChannelImpl.finishConnect(SocketChannelImpl.java:717)
	at org.apache.ratis.thirdparty.io.netty.channel.socket.nio.NioSocketChannel.doFinishConnect(NioSocketChannel.java:327)
	at org.apache.ratis.thirdparty.io.netty.channel.nio.AbstractNioChannel$AbstractNioUnsafe.finishConnect(AbstractNioChannel.java:340)
	at org.apache.ratis.thirdparty.io.netty.channel.nio.NioEventLoop.processSelectedKey(NioEventLoop.java:632)
	at org.apache.ratis.thirdparty.io.netty.channel.nio.NioEventLoop.processSelectedKeysOptimized(NioEventLoop.java:579)
	at org.apache.ratis.thirdparty.io.netty.channel.nio.NioEventLoop.processSelectedKeys(NioEventLoop.java:496)
	at org.apache.ratis.thirdparty.io.netty.channel.nio.NioEventLoop.run(NioEventLoop.java:458)
	at org.apache.ratis.thirdparty.io.netty.util.concurrent.SingleThreadEventExecutor$5.run(SingleThreadEventExecutor.java:897)
	at org.apache.ratis.thirdparty.io.netty.util.concurrent.FastThreadLocalRunnable.run(FastThreadLocalRunnable.java:30)
	... 1 more
Caused by: java.net.ConnectException: Connection refused
	... 11 more
2019-11-17 11:09:15,803 [4c1e8795-b3d4-460e-8f85-df43444e9ba0@group-3631E1AADF49-LeaderElection56] INFO  impl.LeaderElection (LeaderElection.java:logAndReturn(56)) - 4c1e8795-b3d4-460e-8f85-df43444e9ba0@group-3631E1AADF49-LeaderElection56: Election REJECTED; received 0 response(s) [] and 2 exception(s); 4c1e8795-b3d4-460e-8f85-df43444e9ba0@group-3631E1AADF49:t3, leader=null, voted=4c1e8795-b3d4-460e-8f85-df43444e9ba0, raftlog=4c1e8795-b3d4-460e-8f85-df43444e9ba0@group-3631E1AADF49-SegmentedRaftLog:OPENED:c2,f2,i2, conf=1: [fa2fcff1-083d-4cf3-acfd-0486da9214fd:192.168.34.35:34313, e3fe17d3-3943-4d4c-b88c-d5052243b886:192.168.34.35:33574, 4c1e8795-b3d4-460e-8f85-df43444e9ba0:192.168.34.35:35525], old=null
2019-11-17 11:09:15,804 [4c1e8795-b3d4-460e-8f85-df43444e9ba0@group-3631E1AADF49-LeaderElection56] INFO  impl.LeaderElection (LogUtils.java:infoOrTrace(149)) -   Exception 0: {}
java.util.concurrent.ExecutionException: org.apache.ratis.thirdparty.io.grpc.StatusRuntimeException: UNAVAILABLE: io exception
	at java.util.concurrent.FutureTask.report(FutureTask.java:122)
	at java.util.concurrent.FutureTask.get(FutureTask.java:192)
	at org.apache.ratis.server.impl.LeaderElection.waitForResults(LeaderElection.java:259)
	at org.apache.ratis.server.impl.LeaderElection.askForVotes(LeaderElection.java:197)
	at org.apache.ratis.server.impl.LeaderElection.run(LeaderElection.java:133)
	at java.lang.Thread.run(Thread.java:748)
Caused by: org.apache.ratis.thirdparty.io.grpc.StatusRuntimeException: UNAVAILABLE: io exception
	at org.apache.ratis.thirdparty.io.grpc.stub.ClientCalls.toStatusRuntimeException(ClientCalls.java:233)
	at org.apache.ratis.thirdparty.io.grpc.stub.ClientCalls.getUnchecked(ClientCalls.java:214)
	at org.apache.ratis.thirdparty.io.grpc.stub.ClientCalls.blockingUnaryCall(ClientCalls.java:139)
	at org.apache.ratis.proto.grpc.RaftServerProtocolServiceGrpc$RaftServerProtocolServiceBlockingStub.requestVote(RaftServerProtocolServiceGrpc.java:265)
	at org.apache.ratis.grpc.server.GrpcServerProtocolClient.requestVote(GrpcServerProtocolClient.java:99)
	at org.apache.ratis.grpc.server.GrpcService.requestVote(GrpcService.java:204)
	at org.apache.ratis.server.impl.LeaderElection.lambda$submitRequests$1(LeaderElection.java:234)
	at java.util.concurrent.FutureTask.run(FutureTask.java:266)
	at java.util.concurrent.Executors$RunnableAdapter.call(Executors.java:511)
	at java.util.concurrent.FutureTask.run(FutureTask.java:266)
	at java.util.concurrent.ThreadPoolExecutor.runWorker(ThreadPoolExecutor.java:1149)
	at java.util.concurrent.ThreadPoolExecutor$Worker.run(ThreadPoolExecutor.java:624)
	... 1 more
Caused by: org.apache.ratis.thirdparty.io.netty.channel.AbstractChannel$AnnotatedConnectException: Connection refused: /192.168.34.35:33574
	at sun.nio.ch.SocketChannelImpl.checkConnect(Native Method)
	at sun.nio.ch.SocketChannelImpl.finishConnect(SocketChannelImpl.java:717)
	at org.apache.ratis.thirdparty.io.netty.channel.socket.nio.NioSocketChannel.doFinishConnect(NioSocketChannel.java:327)
	at org.apache.ratis.thirdparty.io.netty.channel.nio.AbstractNioChannel$AbstractNioUnsafe.finishConnect(AbstractNioChannel.java:340)
	at org.apache.ratis.thirdparty.io.netty.channel.nio.NioEventLoop.processSelectedKey(NioEventLoop.java:632)
	at org.apache.ratis.thirdparty.io.netty.channel.nio.NioEventLoop.processSelectedKeysOptimized(NioEventLoop.java:579)
	at org.apache.ratis.thirdparty.io.netty.channel.nio.NioEventLoop.processSelectedKeys(NioEventLoop.java:496)
	at org.apache.ratis.thirdparty.io.netty.channel.nio.NioEventLoop.run(NioEventLoop.java:458)
	at org.apache.ratis.thirdparty.io.netty.util.concurrent.SingleThreadEventExecutor$5.run(SingleThreadEventExecutor.java:897)
	at org.apache.ratis.thirdparty.io.netty.util.concurrent.FastThreadLocalRunnable.run(FastThreadLocalRunnable.java:30)
	... 1 more
Caused by: java.net.ConnectException: Connection refused
	... 11 more
2019-11-17 11:09:15,804 [4c1e8795-b3d4-460e-8f85-df43444e9ba0@group-3631E1AADF49-LeaderElection56] INFO  impl.LeaderElection (LogUtils.java:infoOrTrace(149)) -   Exception 1: {}
java.util.concurrent.ExecutionException: org.apache.ratis.thirdparty.io.grpc.StatusRuntimeException: UNAVAILABLE: io exception
	at java.util.concurrent.FutureTask.report(FutureTask.java:122)
	at java.util.concurrent.FutureTask.get(FutureTask.java:192)
	at org.apache.ratis.server.impl.LeaderElection.waitForResults(LeaderElection.java:259)
	at org.apache.ratis.server.impl.LeaderElection.askForVotes(LeaderElection.java:197)
	at org.apache.ratis.server.impl.LeaderElection.run(LeaderElection.java:133)
	at java.lang.Thread.run(Thread.java:748)
Caused by: org.apache.ratis.thirdparty.io.grpc.StatusRuntimeException: UNAVAILABLE: io exception
	at org.apache.ratis.thirdparty.io.grpc.stub.ClientCalls.toStatusRuntimeException(ClientCalls.java:233)
	at org.apache.ratis.thirdparty.io.grpc.stub.ClientCalls.getUnchecked(ClientCalls.java:214)
	at org.apache.ratis.thirdparty.io.grpc.stub.ClientCalls.blockingUnaryCall(ClientCalls.java:139)
	at org.apache.ratis.proto.grpc.RaftServerProtocolServiceGrpc$RaftServerProtocolServiceBlockingStub.requestVote(RaftServerProtocolServiceGrpc.java:265)
	at org.apache.ratis.grpc.server.GrpcServerProtocolClient.requestVote(GrpcServerProtocolClient.java:99)
	at org.apache.ratis.grpc.server.GrpcService.requestVote(GrpcService.java:204)
	at org.apache.ratis.server.impl.LeaderElection.lambda$submitRequests$1(LeaderElection.java:234)
	at java.util.concurrent.FutureTask.run(FutureTask.java:266)
	at java.util.concurrent.Executors$RunnableAdapter.call(Executors.java:511)
	at java.util.concurrent.FutureTask.run(FutureTask.java:266)
	at java.util.concurrent.ThreadPoolExecutor.runWorker(ThreadPoolExecutor.java:1149)
	at java.util.concurrent.ThreadPoolExecutor$Worker.run(ThreadPoolExecutor.java:624)
	... 1 more
Caused by: org.apache.ratis.thirdparty.io.netty.channel.AbstractChannel$AnnotatedConnectException: Connection refused: /192.168.34.35:34313
	at sun.nio.ch.SocketChannelImpl.checkConnect(Native Method)
	at sun.nio.ch.SocketChannelImpl.finishConnect(SocketChannelImpl.java:717)
	at org.apache.ratis.thirdparty.io.netty.channel.socket.nio.NioSocketChannel.doFinishConnect(NioSocketChannel.java:327)
	at org.apache.ratis.thirdparty.io.netty.channel.nio.AbstractNioChannel$AbstractNioUnsafe.finishConnect(AbstractNioChannel.java:340)
	at org.apache.ratis.thirdparty.io.netty.channel.nio.NioEventLoop.processSelectedKey(NioEventLoop.java:632)
	at org.apache.ratis.thirdparty.io.netty.channel.nio.NioEventLoop.processSelectedKeysOptimized(NioEventLoop.java:579)
	at org.apache.ratis.thirdparty.io.netty.channel.nio.NioEventLoop.processSelectedKeys(NioEventLoop.java:496)
	at org.apache.ratis.thirdparty.io.netty.channel.nio.NioEventLoop.run(NioEventLoop.java:458)
	at org.apache.ratis.thirdparty.io.netty.util.concurrent.SingleThreadEventExecutor$5.run(SingleThreadEventExecutor.java:897)
	at org.apache.ratis.thirdparty.io.netty.util.concurrent.FastThreadLocalRunnable.run(FastThreadLocalRunnable.java:30)
	... 1 more
Caused by: java.net.ConnectException: Connection refused
	... 11 more
2019-11-17 11:09:15,804 [4c1e8795-b3d4-460e-8f85-df43444e9ba0@group-3631E1AADF49-LeaderElection56] INFO  impl.RaftServerImpl (RaftServerImpl.java:setRole(173)) - 4c1e8795-b3d4-460e-8f85-df43444e9ba0@group-3631E1AADF49: changes role from CANDIDATE to FOLLOWER at term 3 for DISCOVERED_A_NEW_TERM
2019-11-17 11:09:15,804 [4c1e8795-b3d4-460e-8f85-df43444e9ba0@group-3631E1AADF49-LeaderElection56] INFO  impl.RoleInfo (RoleInfo.java:shutdownLeaderElection(134)) - 4c1e8795-b3d4-460e-8f85-df43444e9ba0: shutdown LeaderElection
2019-11-17 11:09:15,804 [4c1e8795-b3d4-460e-8f85-df43444e9ba0@group-3631E1AADF49-LeaderElection56] INFO  impl.RoleInfo (RoleInfo.java:updateAndGet(143)) - 4c1e8795-b3d4-460e-8f85-df43444e9ba0: start FollowerState
2019-11-17 11:09:15,915 [grpc-default-executor-6] WARN  server.GrpcLogAppender (LogUtils.java:warn(134)) - ce4f5a27-7d6e-4546-9ae5-5afbf9a8c00c@group-FB88F8E3ECE4->e8702f59-809d-4833-a306-9e60cd88362b-AppendLogResponseHandler: Failed appendEntries: org.apache.ratis.thirdparty.io.grpc.StatusRuntimeException: UNAVAILABLE: io exception
2019-11-17 11:09:15,915 [grpc-default-executor-6] INFO  impl.FollowerInfo (FollowerInfo.java:lambda$new$0(51)) - ce4f5a27-7d6e-4546-9ae5-5afbf9a8c00c@group-FB88F8E3ECE4->e8702f59-809d-4833-a306-9e60cd88362b: nextIndex: updateUnconditionally 0 -> 0
2019-11-17 11:09:15,922 [grpc-default-executor-3] WARN  server.GrpcLogAppender (LogUtils.java:warn(134)) - ce4f5a27-7d6e-4546-9ae5-5afbf9a8c00c@group-FB88F8E3ECE4->28ccac35-fb4f-4f0a-a99f-78d96ef6e430-AppendLogResponseHandler: Failed appendEntries: org.apache.ratis.thirdparty.io.grpc.StatusRuntimeException: UNAVAILABLE: io exception
2019-11-17 11:09:15,923 [grpc-default-executor-3] INFO  impl.FollowerInfo (FollowerInfo.java:lambda$new$0(51)) - ce4f5a27-7d6e-4546-9ae5-5afbf9a8c00c@group-FB88F8E3ECE4->28ccac35-fb4f-4f0a-a99f-78d96ef6e430: nextIndex: updateUnconditionally 0 -> 0
2019-11-17 11:09:16,415 [grpc-default-executor-3] WARN  server.GrpcLogAppender (LogUtils.java:warn(134)) - ce4f5a27-7d6e-4546-9ae5-5afbf9a8c00c@group-FB88F8E3ECE4->e8702f59-809d-4833-a306-9e60cd88362b-AppendLogResponseHandler: Failed appendEntries: org.apache.ratis.thirdparty.io.grpc.StatusRuntimeException: UNAVAILABLE: io exception
2019-11-17 11:09:16,416 [grpc-default-executor-3] INFO  impl.FollowerInfo (FollowerInfo.java:lambda$new$0(51)) - ce4f5a27-7d6e-4546-9ae5-5afbf9a8c00c@group-FB88F8E3ECE4->e8702f59-809d-4833-a306-9e60cd88362b: nextIndex: updateUnconditionally 0 -> 0
2019-11-17 11:09:16,423 [grpc-default-executor-3] WARN  server.GrpcLogAppender (LogUtils.java:warn(134)) - ce4f5a27-7d6e-4546-9ae5-5afbf9a8c00c@group-FB88F8E3ECE4->28ccac35-fb4f-4f0a-a99f-78d96ef6e430-AppendLogResponseHandler: Failed appendEntries: org.apache.ratis.thirdparty.io.grpc.StatusRuntimeException: UNAVAILABLE: io exception
2019-11-17 11:09:16,423 [grpc-default-executor-3] INFO  impl.FollowerInfo (FollowerInfo.java:lambda$new$0(51)) - ce4f5a27-7d6e-4546-9ae5-5afbf9a8c00c@group-FB88F8E3ECE4->28ccac35-fb4f-4f0a-a99f-78d96ef6e430: nextIndex: updateUnconditionally 0 -> 0
2019-11-17 11:09:16,826 [Thread-1937] INFO  impl.FollowerState (FollowerState.java:run(111)) - 4c1e8795-b3d4-460e-8f85-df43444e9ba0@group-3631E1AADF49-FollowerState: change to CANDIDATE, lastRpcTime:1021ms, electionTimeout:1021ms
2019-11-17 11:09:16,826 [Thread-1937] INFO  impl.RoleInfo (RoleInfo.java:shutdownFollowerState(121)) - 4c1e8795-b3d4-460e-8f85-df43444e9ba0: shutdown FollowerState
2019-11-17 11:09:16,826 [Thread-1937] INFO  impl.RaftServerImpl (RaftServerImpl.java:setRole(173)) - 4c1e8795-b3d4-460e-8f85-df43444e9ba0@group-3631E1AADF49: changes role from  FOLLOWER to CANDIDATE at term 3 for changeToCandidate
2019-11-17 11:09:16,826 [Thread-1937] INFO  impl.RoleInfo (RoleInfo.java:updateAndGet(143)) - 4c1e8795-b3d4-460e-8f85-df43444e9ba0: start LeaderElection
2019-11-17 11:09:16,839 [4c1e8795-b3d4-460e-8f85-df43444e9ba0@group-3631E1AADF49-LeaderElection57] INFO  impl.LeaderElection (LeaderElection.java:askForVotes(178)) - 4c1e8795-b3d4-460e-8f85-df43444e9ba0@group-3631E1AADF49-LeaderElection57: begin an election at term 4 for 1: [fa2fcff1-083d-4cf3-acfd-0486da9214fd:192.168.34.35:34313, e3fe17d3-3943-4d4c-b88c-d5052243b886:192.168.34.35:33574, 4c1e8795-b3d4-460e-8f85-df43444e9ba0:192.168.34.35:35525], old=null
2019-11-17 11:09:16,840 [4c1e8795-b3d4-460e-8f85-df43444e9ba0@group-3631E1AADF49-LeaderElection57] INFO  impl.LeaderElection (LogUtils.java:infoOrTrace(149)) - 4c1e8795-b3d4-460e-8f85-df43444e9ba0@group-3631E1AADF49-LeaderElection57 got exception when requesting votes: {}
java.util.concurrent.ExecutionException: org.apache.ratis.thirdparty.io.grpc.StatusRuntimeException: UNAVAILABLE: io exception
	at java.util.concurrent.FutureTask.report(FutureTask.java:122)
	at java.util.concurrent.FutureTask.get(FutureTask.java:192)
	at org.apache.ratis.server.impl.LeaderElection.waitForResults(LeaderElection.java:259)
	at org.apache.ratis.server.impl.LeaderElection.askForVotes(LeaderElection.java:197)
	at org.apache.ratis.server.impl.LeaderElection.run(LeaderElection.java:133)
	at java.lang.Thread.run(Thread.java:748)
Caused by: org.apache.ratis.thirdparty.io.grpc.StatusRuntimeException: UNAVAILABLE: io exception
	at org.apache.ratis.thirdparty.io.grpc.stub.ClientCalls.toStatusRuntimeException(ClientCalls.java:233)
	at org.apache.ratis.thirdparty.io.grpc.stub.ClientCalls.getUnchecked(ClientCalls.java:214)
	at org.apache.ratis.thirdparty.io.grpc.stub.ClientCalls.blockingUnaryCall(ClientCalls.java:139)
	at org.apache.ratis.proto.grpc.RaftServerProtocolServiceGrpc$RaftServerProtocolServiceBlockingStub.requestVote(RaftServerProtocolServiceGrpc.java:265)
	at org.apache.ratis.grpc.server.GrpcServerProtocolClient.requestVote(GrpcServerProtocolClient.java:99)
	at org.apache.ratis.grpc.server.GrpcService.requestVote(GrpcService.java:204)
	at org.apache.ratis.server.impl.LeaderElection.lambda$submitRequests$1(LeaderElection.java:234)
	at java.util.concurrent.FutureTask.run(FutureTask.java:266)
	at java.util.concurrent.Executors$RunnableAdapter.call(Executors.java:511)
	at java.util.concurrent.FutureTask.run(FutureTask.java:266)
	at java.util.concurrent.ThreadPoolExecutor.runWorker(ThreadPoolExecutor.java:1149)
	at java.util.concurrent.ThreadPoolExecutor$Worker.run(ThreadPoolExecutor.java:624)
	... 1 more
Caused by: org.apache.ratis.thirdparty.io.netty.channel.AbstractChannel$AnnotatedConnectException: Connection refused: /192.168.34.35:34313
	at sun.nio.ch.SocketChannelImpl.checkConnect(Native Method)
	at sun.nio.ch.SocketChannelImpl.finishConnect(SocketChannelImpl.java:717)
	at org.apache.ratis.thirdparty.io.netty.channel.socket.nio.NioSocketChannel.doFinishConnect(NioSocketChannel.java:327)
	at org.apache.ratis.thirdparty.io.netty.channel.nio.AbstractNioChannel$AbstractNioUnsafe.finishConnect(AbstractNioChannel.java:340)
	at org.apache.ratis.thirdparty.io.netty.channel.nio.NioEventLoop.processSelectedKey(NioEventLoop.java:632)
	at org.apache.ratis.thirdparty.io.netty.channel.nio.NioEventLoop.processSelectedKeysOptimized(NioEventLoop.java:579)
	at org.apache.ratis.thirdparty.io.netty.channel.nio.NioEventLoop.processSelectedKeys(NioEventLoop.java:496)
	at org.apache.ratis.thirdparty.io.netty.channel.nio.NioEventLoop.run(NioEventLoop.java:458)
	at org.apache.ratis.thirdparty.io.netty.util.concurrent.SingleThreadEventExecutor$5.run(SingleThreadEventExecutor.java:897)
	at org.apache.ratis.thirdparty.io.netty.util.concurrent.FastThreadLocalRunnable.run(FastThreadLocalRunnable.java:30)
	... 1 more
Caused by: java.net.ConnectException: Connection refused
	... 11 more
2019-11-17 11:09:16,842 [4c1e8795-b3d4-460e-8f85-df43444e9ba0@group-3631E1AADF49-LeaderElection57] INFO  impl.LeaderElection (LogUtils.java:infoOrTrace(149)) - 4c1e8795-b3d4-460e-8f85-df43444e9ba0@group-3631E1AADF49-LeaderElection57 got exception when requesting votes: {}
java.util.concurrent.ExecutionException: org.apache.ratis.thirdparty.io.grpc.StatusRuntimeException: UNAVAILABLE: io exception
	at java.util.concurrent.FutureTask.report(FutureTask.java:122)
	at java.util.concurrent.FutureTask.get(FutureTask.java:192)
	at org.apache.ratis.server.impl.LeaderElection.waitForResults(LeaderElection.java:259)
	at org.apache.ratis.server.impl.LeaderElection.askForVotes(LeaderElection.java:197)
	at org.apache.ratis.server.impl.LeaderElection.run(LeaderElection.java:133)
	at java.lang.Thread.run(Thread.java:748)
Caused by: org.apache.ratis.thirdparty.io.grpc.StatusRuntimeException: UNAVAILABLE: io exception
	at org.apache.ratis.thirdparty.io.grpc.stub.ClientCalls.toStatusRuntimeException(ClientCalls.java:233)
	at org.apache.ratis.thirdparty.io.grpc.stub.ClientCalls.getUnchecked(ClientCalls.java:214)
	at org.apache.ratis.thirdparty.io.grpc.stub.ClientCalls.blockingUnaryCall(ClientCalls.java:139)
	at org.apache.ratis.proto.grpc.RaftServerProtocolServiceGrpc$RaftServerProtocolServiceBlockingStub.requestVote(RaftServerProtocolServiceGrpc.java:265)
	at org.apache.ratis.grpc.server.GrpcServerProtocolClient.requestVote(GrpcServerProtocolClient.java:99)
	at org.apache.ratis.grpc.server.GrpcService.requestVote(GrpcService.java:204)
	at org.apache.ratis.server.impl.LeaderElection.lambda$submitRequests$1(LeaderElection.java:234)
	at java.util.concurrent.FutureTask.run(FutureTask.java:266)
	at java.util.concurrent.Executors$RunnableAdapter.call(Executors.java:511)
	at java.util.concurrent.FutureTask.run(FutureTask.java:266)
	at java.util.concurrent.ThreadPoolExecutor.runWorker(ThreadPoolExecutor.java:1149)
	at java.util.concurrent.ThreadPoolExecutor$Worker.run(ThreadPoolExecutor.java:624)
	... 1 more
Caused by: org.apache.ratis.thirdparty.io.netty.channel.AbstractChannel$AnnotatedConnectException: Connection refused: /192.168.34.35:33574
	at sun.nio.ch.SocketChannelImpl.checkConnect(Native Method)
	at sun.nio.ch.SocketChannelImpl.finishConnect(SocketChannelImpl.java:717)
	at org.apache.ratis.thirdparty.io.netty.channel.socket.nio.NioSocketChannel.doFinishConnect(NioSocketChannel.java:327)
	at org.apache.ratis.thirdparty.io.netty.channel.nio.AbstractNioChannel$AbstractNioUnsafe.finishConnect(AbstractNioChannel.java:340)
	at org.apache.ratis.thirdparty.io.netty.channel.nio.NioEventLoop.processSelectedKey(NioEventLoop.java:632)
	at org.apache.ratis.thirdparty.io.netty.channel.nio.NioEventLoop.processSelectedKeysOptimized(NioEventLoop.java:579)
	at org.apache.ratis.thirdparty.io.netty.channel.nio.NioEventLoop.processSelectedKeys(NioEventLoop.java:496)
	at org.apache.ratis.thirdparty.io.netty.channel.nio.NioEventLoop.run(NioEventLoop.java:458)
	at org.apache.ratis.thirdparty.io.netty.util.concurrent.SingleThreadEventExecutor$5.run(SingleThreadEventExecutor.java:897)
	at org.apache.ratis.thirdparty.io.netty.util.concurrent.FastThreadLocalRunnable.run(FastThreadLocalRunnable.java:30)
	... 1 more
Caused by: java.net.ConnectException: Connection refused
	... 11 more
2019-11-17 11:09:16,844 [4c1e8795-b3d4-460e-8f85-df43444e9ba0@group-3631E1AADF49-LeaderElection57] INFO  impl.LeaderElection (LeaderElection.java:logAndReturn(56)) - 4c1e8795-b3d4-460e-8f85-df43444e9ba0@group-3631E1AADF49-LeaderElection57: Election REJECTED; received 0 response(s) [] and 2 exception(s); 4c1e8795-b3d4-460e-8f85-df43444e9ba0@group-3631E1AADF49:t4, leader=null, voted=4c1e8795-b3d4-460e-8f85-df43444e9ba0, raftlog=4c1e8795-b3d4-460e-8f85-df43444e9ba0@group-3631E1AADF49-SegmentedRaftLog:OPENED:c2,f2,i2, conf=1: [fa2fcff1-083d-4cf3-acfd-0486da9214fd:192.168.34.35:34313, e3fe17d3-3943-4d4c-b88c-d5052243b886:192.168.34.35:33574, 4c1e8795-b3d4-460e-8f85-df43444e9ba0:192.168.34.35:35525], old=null
2019-11-17 11:09:16,844 [4c1e8795-b3d4-460e-8f85-df43444e9ba0@group-3631E1AADF49-LeaderElection57] INFO  impl.LeaderElection (LogUtils.java:infoOrTrace(149)) -   Exception 0: {}
java.util.concurrent.ExecutionException: org.apache.ratis.thirdparty.io.grpc.StatusRuntimeException: UNAVAILABLE: io exception
	at java.util.concurrent.FutureTask.report(FutureTask.java:122)
	at java.util.concurrent.FutureTask.get(FutureTask.java:192)
	at org.apache.ratis.server.impl.LeaderElection.waitForResults(LeaderElection.java:259)
	at org.apache.ratis.server.impl.LeaderElection.askForVotes(LeaderElection.java:197)
	at org.apache.ratis.server.impl.LeaderElection.run(LeaderElection.java:133)
	at java.lang.Thread.run(Thread.java:748)
Caused by: org.apache.ratis.thirdparty.io.grpc.StatusRuntimeException: UNAVAILABLE: io exception
	at org.apache.ratis.thirdparty.io.grpc.stub.ClientCalls.toStatusRuntimeException(ClientCalls.java:233)
	at org.apache.ratis.thirdparty.io.grpc.stub.ClientCalls.getUnchecked(ClientCalls.java:214)
	at org.apache.ratis.thirdparty.io.grpc.stub.ClientCalls.blockingUnaryCall(ClientCalls.java:139)
	at org.apache.ratis.proto.grpc.RaftServerProtocolServiceGrpc$RaftServerProtocolServiceBlockingStub.requestVote(RaftServerProtocolServiceGrpc.java:265)
	at org.apache.ratis.grpc.server.GrpcServerProtocolClient.requestVote(GrpcServerProtocolClient.java:99)
	at org.apache.ratis.grpc.server.GrpcService.requestVote(GrpcService.java:204)
	at org.apache.ratis.server.impl.LeaderElection.lambda$submitRequests$1(LeaderElection.java:234)
	at java.util.concurrent.FutureTask.run(FutureTask.java:266)
	at java.util.concurrent.Executors$RunnableAdapter.call(Executors.java:511)
	at java.util.concurrent.FutureTask.run(FutureTask.java:266)
	at java.util.concurrent.ThreadPoolExecutor.runWorker(ThreadPoolExecutor.java:1149)
	at java.util.concurrent.ThreadPoolExecutor$Worker.run(ThreadPoolExecutor.java:624)
	... 1 more
Caused by: org.apache.ratis.thirdparty.io.netty.channel.AbstractChannel$AnnotatedConnectException: Connection refused: /192.168.34.35:34313
	at sun.nio.ch.SocketChannelImpl.checkConnect(Native Method)
	at sun.nio.ch.SocketChannelImpl.finishConnect(SocketChannelImpl.java:717)
	at org.apache.ratis.thirdparty.io.netty.channel.socket.nio.NioSocketChannel.doFinishConnect(NioSocketChannel.java:327)
	at org.apache.ratis.thirdparty.io.netty.channel.nio.AbstractNioChannel$AbstractNioUnsafe.finishConnect(AbstractNioChannel.java:340)
	at org.apache.ratis.thirdparty.io.netty.channel.nio.NioEventLoop.processSelectedKey(NioEventLoop.java:632)
	at org.apache.ratis.thirdparty.io.netty.channel.nio.NioEventLoop.processSelectedKeysOptimized(NioEventLoop.java:579)
	at org.apache.ratis.thirdparty.io.netty.channel.nio.NioEventLoop.processSelectedKeys(NioEventLoop.java:496)
	at org.apache.ratis.thirdparty.io.netty.channel.nio.NioEventLoop.run(NioEventLoop.java:458)
	at org.apache.ratis.thirdparty.io.netty.util.concurrent.SingleThreadEventExecutor$5.run(SingleThreadEventExecutor.java:897)
	at org.apache.ratis.thirdparty.io.netty.util.concurrent.FastThreadLocalRunnable.run(FastThreadLocalRunnable.java:30)
	... 1 more
Caused by: java.net.ConnectException: Connection refused
	... 11 more
2019-11-17 11:09:16,845 [4c1e8795-b3d4-460e-8f85-df43444e9ba0@group-3631E1AADF49-LeaderElection57] INFO  impl.LeaderElection (LogUtils.java:infoOrTrace(149)) -   Exception 1: {}
java.util.concurrent.ExecutionException: org.apache.ratis.thirdparty.io.grpc.StatusRuntimeException: UNAVAILABLE: io exception
	at java.util.concurrent.FutureTask.report(FutureTask.java:122)
	at java.util.concurrent.FutureTask.get(FutureTask.java:192)
	at org.apache.ratis.server.impl.LeaderElection.waitForResults(LeaderElection.java:259)
	at org.apache.ratis.server.impl.LeaderElection.askForVotes(LeaderElection.java:197)
	at org.apache.ratis.server.impl.LeaderElection.run(LeaderElection.java:133)
	at java.lang.Thread.run(Thread.java:748)
Caused by: org.apache.ratis.thirdparty.io.grpc.StatusRuntimeException: UNAVAILABLE: io exception
	at org.apache.ratis.thirdparty.io.grpc.stub.ClientCalls.toStatusRuntimeException(ClientCalls.java:233)
	at org.apache.ratis.thirdparty.io.grpc.stub.ClientCalls.getUnchecked(ClientCalls.java:214)
	at org.apache.ratis.thirdparty.io.grpc.stub.ClientCalls.blockingUnaryCall(ClientCalls.java:139)
	at org.apache.ratis.proto.grpc.RaftServerProtocolServiceGrpc$RaftServerProtocolServiceBlockingStub.requestVote(RaftServerProtocolServiceGrpc.java:265)
	at org.apache.ratis.grpc.server.GrpcServerProtocolClient.requestVote(GrpcServerProtocolClient.java:99)
	at org.apache.ratis.grpc.server.GrpcService.requestVote(GrpcService.java:204)
	at org.apache.ratis.server.impl.LeaderElection.lambda$submitRequests$1(LeaderElection.java:234)
	at java.util.concurrent.FutureTask.run(FutureTask.java:266)
	at java.util.concurrent.Executors$RunnableAdapter.call(Executors.java:511)
	at java.util.concurrent.FutureTask.run(FutureTask.java:266)
	at java.util.concurrent.ThreadPoolExecutor.runWorker(ThreadPoolExecutor.java:1149)
	at java.util.concurrent.ThreadPoolExecutor$Worker.run(ThreadPoolExecutor.java:624)
	... 1 more
Caused by: org.apache.ratis.thirdparty.io.netty.channel.AbstractChannel$AnnotatedConnectException: Connection refused: /192.168.34.35:33574
	at sun.nio.ch.SocketChannelImpl.checkConnect(Native Method)
	at sun.nio.ch.SocketChannelImpl.finishConnect(SocketChannelImpl.java:717)
	at org.apache.ratis.thirdparty.io.netty.channel.socket.nio.NioSocketChannel.doFinishConnect(NioSocketChannel.java:327)
	at org.apache.ratis.thirdparty.io.netty.channel.nio.AbstractNioChannel$AbstractNioUnsafe.finishConnect(AbstractNioChannel.java:340)
	at org.apache.ratis.thirdparty.io.netty.channel.nio.NioEventLoop.processSelectedKey(NioEventLoop.java:632)
	at org.apache.ratis.thirdparty.io.netty.channel.nio.NioEventLoop.processSelectedKeysOptimized(NioEventLoop.java:579)
	at org.apache.ratis.thirdparty.io.netty.channel.nio.NioEventLoop.processSelectedKeys(NioEventLoop.java:496)
	at org.apache.ratis.thirdparty.io.netty.channel.nio.NioEventLoop.run(NioEventLoop.java:458)
	at org.apache.ratis.thirdparty.io.netty.util.concurrent.SingleThreadEventExecutor$5.run(SingleThreadEventExecutor.java:897)
	at org.apache.ratis.thirdparty.io.netty.util.concurrent.FastThreadLocalRunnable.run(FastThreadLocalRunnable.java:30)
	... 1 more
Caused by: java.net.ConnectException: Connection refused
	... 11 more
2019-11-17 11:09:16,845 [4c1e8795-b3d4-460e-8f85-df43444e9ba0@group-3631E1AADF49-LeaderElection57] INFO  impl.RaftServerImpl (RaftServerImpl.java:setRole(173)) - 4c1e8795-b3d4-460e-8f85-df43444e9ba0@group-3631E1AADF49: changes role from CANDIDATE to FOLLOWER at term 4 for DISCOVERED_A_NEW_TERM
2019-11-17 11:09:16,845 [4c1e8795-b3d4-460e-8f85-df43444e9ba0@group-3631E1AADF49-LeaderElection57] INFO  impl.RoleInfo (RoleInfo.java:shutdownLeaderElection(134)) - 4c1e8795-b3d4-460e-8f85-df43444e9ba0: shutdown LeaderElection
2019-11-17 11:09:16,845 [4c1e8795-b3d4-460e-8f85-df43444e9ba0@group-3631E1AADF49-LeaderElection57] INFO  impl.RoleInfo (RoleInfo.java:updateAndGet(143)) - 4c1e8795-b3d4-460e-8f85-df43444e9ba0: start FollowerState
2019-11-17 11:09:16,916 [grpc-default-executor-3] WARN  server.GrpcLogAppender (LogUtils.java:warn(134)) - ce4f5a27-7d6e-4546-9ae5-5afbf9a8c00c@group-FB88F8E3ECE4->e8702f59-809d-4833-a306-9e60cd88362b-AppendLogResponseHandler: Failed appendEntries: org.apache.ratis.thirdparty.io.grpc.StatusRuntimeException: UNAVAILABLE: io exception
2019-11-17 11:09:16,916 [grpc-default-executor-3] INFO  impl.FollowerInfo (FollowerInfo.java:lambda$new$0(51)) - ce4f5a27-7d6e-4546-9ae5-5afbf9a8c00c@group-FB88F8E3ECE4->e8702f59-809d-4833-a306-9e60cd88362b: nextIndex: updateUnconditionally 0 -> 0
2019-11-17 11:09:16,923 [grpc-default-executor-3] WARN  server.GrpcLogAppender (LogUtils.java:warn(134)) - ce4f5a27-7d6e-4546-9ae5-5afbf9a8c00c@group-FB88F8E3ECE4->28ccac35-fb4f-4f0a-a99f-78d96ef6e430-AppendLogResponseHandler: Failed appendEntries: org.apache.ratis.thirdparty.io.grpc.StatusRuntimeException: UNAVAILABLE: io exception
2019-11-17 11:09:16,923 [grpc-default-executor-3] INFO  impl.FollowerInfo (FollowerInfo.java:lambda$new$0(51)) - ce4f5a27-7d6e-4546-9ae5-5afbf9a8c00c@group-FB88F8E3ECE4->28ccac35-fb4f-4f0a-a99f-78d96ef6e430: nextIndex: updateUnconditionally 0 -> 0
2019-11-17 11:09:17,419 [grpc-default-executor-7] WARN  server.GrpcLogAppender (LogUtils.java:warn(134)) - ce4f5a27-7d6e-4546-9ae5-5afbf9a8c00c@group-FB88F8E3ECE4->e8702f59-809d-4833-a306-9e60cd88362b-AppendLogResponseHandler: Failed appendEntries: org.apache.ratis.thirdparty.io.grpc.StatusRuntimeException: UNAVAILABLE: io exception
2019-11-17 11:09:17,419 [grpc-default-executor-7] INFO  impl.FollowerInfo (FollowerInfo.java:lambda$new$0(51)) - ce4f5a27-7d6e-4546-9ae5-5afbf9a8c00c@group-FB88F8E3ECE4->e8702f59-809d-4833-a306-9e60cd88362b: nextIndex: updateUnconditionally 0 -> 0
2019-11-17 11:09:17,424 [grpc-default-executor-3] WARN  server.GrpcLogAppender (LogUtils.java:warn(134)) - ce4f5a27-7d6e-4546-9ae5-5afbf9a8c00c@group-FB88F8E3ECE4->28ccac35-fb4f-4f0a-a99f-78d96ef6e430-AppendLogResponseHandler: Failed appendEntries: org.apache.ratis.thirdparty.io.grpc.StatusRuntimeException: UNAVAILABLE: io exception
2019-11-17 11:09:17,425 [grpc-default-executor-3] INFO  impl.FollowerInfo (FollowerInfo.java:lambda$new$0(51)) - ce4f5a27-7d6e-4546-9ae5-5afbf9a8c00c@group-FB88F8E3ECE4->28ccac35-fb4f-4f0a-a99f-78d96ef6e430: nextIndex: updateUnconditionally 0 -> 0
2019-11-17 11:09:17,924 [grpc-default-executor-3] WARN  server.GrpcLogAppender (LogUtils.java:warn(134)) - ce4f5a27-7d6e-4546-9ae5-5afbf9a8c00c@group-FB88F8E3ECE4->e8702f59-809d-4833-a306-9e60cd88362b-AppendLogResponseHandler: Failed appendEntries: org.apache.ratis.thirdparty.io.grpc.StatusRuntimeException: UNAVAILABLE: io exception
2019-11-17 11:09:17,925 [grpc-default-executor-2] WARN  server.GrpcLogAppender (LogUtils.java:warn(134)) - ce4f5a27-7d6e-4546-9ae5-5afbf9a8c00c@group-FB88F8E3ECE4->28ccac35-fb4f-4f0a-a99f-78d96ef6e430-AppendLogResponseHandler: Failed appendEntries: org.apache.ratis.thirdparty.io.grpc.StatusRuntimeException: UNAVAILABLE: io exception
2019-11-17 11:09:17,925 [grpc-default-executor-3] INFO  impl.FollowerInfo (FollowerInfo.java:lambda$new$0(51)) - ce4f5a27-7d6e-4546-9ae5-5afbf9a8c00c@group-FB88F8E3ECE4->e8702f59-809d-4833-a306-9e60cd88362b: nextIndex: updateUnconditionally 0 -> 0
2019-11-17 11:09:17,925 [grpc-default-executor-2] INFO  impl.FollowerInfo (FollowerInfo.java:lambda$new$0(51)) - ce4f5a27-7d6e-4546-9ae5-5afbf9a8c00c@group-FB88F8E3ECE4->28ccac35-fb4f-4f0a-a99f-78d96ef6e430: nextIndex: updateUnconditionally 0 -> 0
2019-11-17 11:09:17,981 [Thread-1941] INFO  impl.FollowerState (FollowerState.java:run(111)) - 4c1e8795-b3d4-460e-8f85-df43444e9ba0@group-3631E1AADF49-FollowerState: change to CANDIDATE, lastRpcTime:1135ms, electionTimeout:1135ms
2019-11-17 11:09:17,981 [Thread-1941] INFO  impl.RoleInfo (RoleInfo.java:shutdownFollowerState(121)) - 4c1e8795-b3d4-460e-8f85-df43444e9ba0: shutdown FollowerState
2019-11-17 11:09:17,982 [Thread-1941] INFO  impl.RaftServerImpl (RaftServerImpl.java:setRole(173)) - 4c1e8795-b3d4-460e-8f85-df43444e9ba0@group-3631E1AADF49: changes role from  FOLLOWER to CANDIDATE at term 4 for changeToCandidate
2019-11-17 11:09:17,983 [Thread-1941] INFO  impl.RoleInfo (RoleInfo.java:updateAndGet(143)) - 4c1e8795-b3d4-460e-8f85-df43444e9ba0: start LeaderElection
2019-11-17 11:09:18,008 [4c1e8795-b3d4-460e-8f85-df43444e9ba0@group-3631E1AADF49-LeaderElection58] INFO  impl.LeaderElection (LeaderElection.java:askForVotes(178)) - 4c1e8795-b3d4-460e-8f85-df43444e9ba0@group-3631E1AADF49-LeaderElection58: begin an election at term 5 for 1: [fa2fcff1-083d-4cf3-acfd-0486da9214fd:192.168.34.35:34313, e3fe17d3-3943-4d4c-b88c-d5052243b886:192.168.34.35:33574, 4c1e8795-b3d4-460e-8f85-df43444e9ba0:192.168.34.35:35525], old=null
2019-11-17 11:09:18,011 [4c1e8795-b3d4-460e-8f85-df43444e9ba0@group-3631E1AADF49-LeaderElection58] INFO  impl.LeaderElection (LogUtils.java:infoOrTrace(149)) - 4c1e8795-b3d4-460e-8f85-df43444e9ba0@group-3631E1AADF49-LeaderElection58 got exception when requesting votes: {}
java.util.concurrent.ExecutionException: org.apache.ratis.thirdparty.io.grpc.StatusRuntimeException: UNAVAILABLE: io exception
	at java.util.concurrent.FutureTask.report(FutureTask.java:122)
	at java.util.concurrent.FutureTask.get(FutureTask.java:192)
	at org.apache.ratis.server.impl.LeaderElection.waitForResults(LeaderElection.java:259)
	at org.apache.ratis.server.impl.LeaderElection.askForVotes(LeaderElection.java:197)
	at org.apache.ratis.server.impl.LeaderElection.run(LeaderElection.java:133)
	at java.lang.Thread.run(Thread.java:748)
Caused by: org.apache.ratis.thirdparty.io.grpc.StatusRuntimeException: UNAVAILABLE: io exception
	at org.apache.ratis.thirdparty.io.grpc.stub.ClientCalls.toStatusRuntimeException(ClientCalls.java:233)
	at org.apache.ratis.thirdparty.io.grpc.stub.ClientCalls.getUnchecked(ClientCalls.java:214)
	at org.apache.ratis.thirdparty.io.grpc.stub.ClientCalls.blockingUnaryCall(ClientCalls.java:139)
	at org.apache.ratis.proto.grpc.RaftServerProtocolServiceGrpc$RaftServerProtocolServiceBlockingStub.requestVote(RaftServerProtocolServiceGrpc.java:265)
	at org.apache.ratis.grpc.server.GrpcServerProtocolClient.requestVote(GrpcServerProtocolClient.java:99)
	at org.apache.ratis.grpc.server.GrpcService.requestVote(GrpcService.java:204)
	at org.apache.ratis.server.impl.LeaderElection.lambda$submitRequests$1(LeaderElection.java:234)
	at java.util.concurrent.FutureTask.run(FutureTask.java:266)
	at java.util.concurrent.Executors$RunnableAdapter.call(Executors.java:511)
	at java.util.concurrent.FutureTask.run(FutureTask.java:266)
	at java.util.concurrent.ThreadPoolExecutor.runWorker(ThreadPoolExecutor.java:1149)
	at java.util.concurrent.ThreadPoolExecutor$Worker.run(ThreadPoolExecutor.java:624)
	... 1 more
Caused by: org.apache.ratis.thirdparty.io.netty.channel.AbstractChannel$AnnotatedConnectException: Connection refused: /192.168.34.35:33574
	at sun.nio.ch.SocketChannelImpl.checkConnect(Native Method)
	at sun.nio.ch.SocketChannelImpl.finishConnect(SocketChannelImpl.java:717)
	at org.apache.ratis.thirdparty.io.netty.channel.socket.nio.NioSocketChannel.doFinishConnect(NioSocketChannel.java:327)
	at org.apache.ratis.thirdparty.io.netty.channel.nio.AbstractNioChannel$AbstractNioUnsafe.finishConnect(AbstractNioChannel.java:340)
	at org.apache.ratis.thirdparty.io.netty.channel.nio.NioEventLoop.processSelectedKey(NioEventLoop.java:632)
	at org.apache.ratis.thirdparty.io.netty.channel.nio.NioEventLoop.processSelectedKeysOptimized(NioEventLoop.java:579)
	at org.apache.ratis.thirdparty.io.netty.channel.nio.NioEventLoop.processSelectedKeys(NioEventLoop.java:496)
	at org.apache.ratis.thirdparty.io.netty.channel.nio.NioEventLoop.run(NioEventLoop.java:458)
	at org.apache.ratis.thirdparty.io.netty.util.concurrent.SingleThreadEventExecutor$5.run(SingleThreadEventExecutor.java:897)
	at org.apache.ratis.thirdparty.io.netty.util.concurrent.FastThreadLocalRunnable.run(FastThreadLocalRunnable.java:30)
	... 1 more
Caused by: java.net.ConnectException: Connection refused
	... 11 more
2019-11-17 11:09:18,013 [4c1e8795-b3d4-460e-8f85-df43444e9ba0@group-3631E1AADF49-LeaderElection58] INFO  impl.LeaderElection (LogUtils.java:infoOrTrace(149)) - 4c1e8795-b3d4-460e-8f85-df43444e9ba0@group-3631E1AADF49-LeaderElection58 got exception when requesting votes: {}
java.util.concurrent.ExecutionException: org.apache.ratis.thirdparty.io.grpc.StatusRuntimeException: UNAVAILABLE: io exception
	at java.util.concurrent.FutureTask.report(FutureTask.java:122)
	at java.util.concurrent.FutureTask.get(FutureTask.java:192)
	at org.apache.ratis.server.impl.LeaderElection.waitForResults(LeaderElection.java:259)
	at org.apache.ratis.server.impl.LeaderElection.askForVotes(LeaderElection.java:197)
	at org.apache.ratis.server.impl.LeaderElection.run(LeaderElection.java:133)
	at java.lang.Thread.run(Thread.java:748)
Caused by: org.apache.ratis.thirdparty.io.grpc.StatusRuntimeException: UNAVAILABLE: io exception
	at org.apache.ratis.thirdparty.io.grpc.stub.ClientCalls.toStatusRuntimeException(ClientCalls.java:233)
	at org.apache.ratis.thirdparty.io.grpc.stub.ClientCalls.getUnchecked(ClientCalls.java:214)
	at org.apache.ratis.thirdparty.io.grpc.stub.ClientCalls.blockingUnaryCall(ClientCalls.java:139)
	at org.apache.ratis.proto.grpc.RaftServerProtocolServiceGrpc$RaftServerProtocolServiceBlockingStub.requestVote(RaftServerProtocolServiceGrpc.java:265)
	at org.apache.ratis.grpc.server.GrpcServerProtocolClient.requestVote(GrpcServerProtocolClient.java:99)
	at org.apache.ratis.grpc.server.GrpcService.requestVote(GrpcService.java:204)
	at org.apache.ratis.server.impl.LeaderElection.lambda$submitRequests$1(LeaderElection.java:234)
	at java.util.concurrent.FutureTask.run(FutureTask.java:266)
	at java.util.concurrent.Executors$RunnableAdapter.call(Executors.java:511)
	at java.util.concurrent.FutureTask.run(FutureTask.java:266)
	at java.util.concurrent.ThreadPoolExecutor.runWorker(ThreadPoolExecutor.java:1149)
	at java.util.concurrent.ThreadPoolExecutor$Worker.run(ThreadPoolExecutor.java:624)
	... 1 more
Caused by: org.apache.ratis.thirdparty.io.netty.channel.AbstractChannel$AnnotatedConnectException: Connection refused: /192.168.34.35:34313
	at sun.nio.ch.SocketChannelImpl.checkConnect(Native Method)
	at sun.nio.ch.SocketChannelImpl.finishConnect(SocketChannelImpl.java:717)
	at org.apache.ratis.thirdparty.io.netty.channel.socket.nio.NioSocketChannel.doFinishConnect(NioSocketChannel.java:327)
	at org.apache.ratis.thirdparty.io.netty.channel.nio.AbstractNioChannel$AbstractNioUnsafe.finishConnect(AbstractNioChannel.java:340)
	at org.apache.ratis.thirdparty.io.netty.channel.nio.NioEventLoop.processSelectedKey(NioEventLoop.java:632)
	at org.apache.ratis.thirdparty.io.netty.channel.nio.NioEventLoop.processSelectedKeysOptimized(NioEventLoop.java:579)
	at org.apache.ratis.thirdparty.io.netty.channel.nio.NioEventLoop.processSelectedKeys(NioEventLoop.java:496)
	at org.apache.ratis.thirdparty.io.netty.channel.nio.NioEventLoop.run(NioEventLoop.java:458)
	at org.apache.ratis.thirdparty.io.netty.util.concurrent.SingleThreadEventExecutor$5.run(SingleThreadEventExecutor.java:897)
	at org.apache.ratis.thirdparty.io.netty.util.concurrent.FastThreadLocalRunnable.run(FastThreadLocalRunnable.java:30)
	... 1 more
Caused by: java.net.ConnectException: Connection refused
	... 11 more
2019-11-17 11:09:18,020 [4c1e8795-b3d4-460e-8f85-df43444e9ba0@group-3631E1AADF49-LeaderElection58] INFO  impl.LeaderElection (LeaderElection.java:logAndReturn(56)) - 4c1e8795-b3d4-460e-8f85-df43444e9ba0@group-3631E1AADF49-LeaderElection58: Election REJECTED; received 0 response(s) [] and 2 exception(s); 4c1e8795-b3d4-460e-8f85-df43444e9ba0@group-3631E1AADF49:t5, leader=null, voted=4c1e8795-b3d4-460e-8f85-df43444e9ba0, raftlog=4c1e8795-b3d4-460e-8f85-df43444e9ba0@group-3631E1AADF49-SegmentedRaftLog:OPENED:c2,f2,i2, conf=1: [fa2fcff1-083d-4cf3-acfd-0486da9214fd:192.168.34.35:34313, e3fe17d3-3943-4d4c-b88c-d5052243b886:192.168.34.35:33574, 4c1e8795-b3d4-460e-8f85-df43444e9ba0:192.168.34.35:35525], old=null
2019-11-17 11:09:18,020 [4c1e8795-b3d4-460e-8f85-df43444e9ba0@group-3631E1AADF49-LeaderElection58] INFO  impl.LeaderElection (LogUtils.java:infoOrTrace(149)) -   Exception 0: {}
java.util.concurrent.ExecutionException: org.apache.ratis.thirdparty.io.grpc.StatusRuntimeException: UNAVAILABLE: io exception
	at java.util.concurrent.FutureTask.report(FutureTask.java:122)
	at java.util.concurrent.FutureTask.get(FutureTask.java:192)
	at org.apache.ratis.server.impl.LeaderElection.waitForResults(LeaderElection.java:259)
	at org.apache.ratis.server.impl.LeaderElection.askForVotes(LeaderElection.java:197)
	at org.apache.ratis.server.impl.LeaderElection.run(LeaderElection.java:133)
	at java.lang.Thread.run(Thread.java:748)
Caused by: org.apache.ratis.thirdparty.io.grpc.StatusRuntimeException: UNAVAILABLE: io exception
	at org.apache.ratis.thirdparty.io.grpc.stub.ClientCalls.toStatusRuntimeException(ClientCalls.java:233)
	at org.apache.ratis.thirdparty.io.grpc.stub.ClientCalls.getUnchecked(ClientCalls.java:214)
	at org.apache.ratis.thirdparty.io.grpc.stub.ClientCalls.blockingUnaryCall(ClientCalls.java:139)
	at org.apache.ratis.proto.grpc.RaftServerProtocolServiceGrpc$RaftServerProtocolServiceBlockingStub.requestVote(RaftServerProtocolServiceGrpc.java:265)
	at org.apache.ratis.grpc.server.GrpcServerProtocolClient.requestVote(GrpcServerProtocolClient.java:99)
	at org.apache.ratis.grpc.server.GrpcService.requestVote(GrpcService.java:204)
	at org.apache.ratis.server.impl.LeaderElection.lambda$submitRequests$1(LeaderElection.java:234)
	at java.util.concurrent.FutureTask.run(FutureTask.java:266)
	at java.util.concurrent.Executors$RunnableAdapter.call(Executors.java:511)
	at java.util.concurrent.FutureTask.run(FutureTask.java:266)
	at java.util.concurrent.ThreadPoolExecutor.runWorker(ThreadPoolExecutor.java:1149)
	at java.util.concurrent.ThreadPoolExecutor$Worker.run(ThreadPoolExecutor.java:624)
	... 1 more
Caused by: org.apache.ratis.thirdparty.io.netty.channel.AbstractChannel$AnnotatedConnectException: Connection refused: /192.168.34.35:33574
	at sun.nio.ch.SocketChannelImpl.checkConnect(Native Method)
	at sun.nio.ch.SocketChannelImpl.finishConnect(SocketChannelImpl.java:717)
	at org.apache.ratis.thirdparty.io.netty.channel.socket.nio.NioSocketChannel.doFinishConnect(NioSocketChannel.java:327)
	at org.apache.ratis.thirdparty.io.netty.channel.nio.AbstractNioChannel$AbstractNioUnsafe.finishConnect(AbstractNioChannel.java:340)
	at org.apache.ratis.thirdparty.io.netty.channel.nio.NioEventLoop.processSelectedKey(NioEventLoop.java:632)
	at org.apache.ratis.thirdparty.io.netty.channel.nio.NioEventLoop.processSelectedKeysOptimized(NioEventLoop.java:579)
	at org.apache.ratis.thirdparty.io.netty.channel.nio.NioEventLoop.processSelectedKeys(NioEventLoop.java:496)
	at org.apache.ratis.thirdparty.io.netty.channel.nio.NioEventLoop.run(NioEventLoop.java:458)
	at org.apache.ratis.thirdparty.io.netty.util.concurrent.SingleThreadEventExecutor$5.run(SingleThreadEventExecutor.java:897)
	at org.apache.ratis.thirdparty.io.netty.util.concurrent.FastThreadLocalRunnable.run(FastThreadLocalRunnable.java:30)
	... 1 more
Caused by: java.net.ConnectException: Connection refused
	... 11 more
2019-11-17 11:09:18,021 [4c1e8795-b3d4-460e-8f85-df43444e9ba0@group-3631E1AADF49-LeaderElection58] INFO  impl.LeaderElection (LogUtils.java:infoOrTrace(149)) -   Exception 1: {}
java.util.concurrent.ExecutionException: org.apache.ratis.thirdparty.io.grpc.StatusRuntimeException: UNAVAILABLE: io exception
	at java.util.concurrent.FutureTask.report(FutureTask.java:122)
	at java.util.concurrent.FutureTask.get(FutureTask.java:192)
	at org.apache.ratis.server.impl.LeaderElection.waitForResults(LeaderElection.java:259)
	at org.apache.ratis.server.impl.LeaderElection.askForVotes(LeaderElection.java:197)
	at org.apache.ratis.server.impl.LeaderElection.run(LeaderElection.java:133)
	at java.lang.Thread.run(Thread.java:748)
Caused by: org.apache.ratis.thirdparty.io.grpc.StatusRuntimeException: UNAVAILABLE: io exception
	at org.apache.ratis.thirdparty.io.grpc.stub.ClientCalls.toStatusRuntimeException(ClientCalls.java:233)
	at org.apache.ratis.thirdparty.io.grpc.stub.ClientCalls.getUnchecked(ClientCalls.java:214)
	at org.apache.ratis.thirdparty.io.grpc.stub.ClientCalls.blockingUnaryCall(ClientCalls.java:139)
	at org.apache.ratis.proto.grpc.RaftServerProtocolServiceGrpc$RaftServerProtocolServiceBlockingStub.requestVote(RaftServerProtocolServiceGrpc.java:265)
	at org.apache.ratis.grpc.server.GrpcServerProtocolClient.requestVote(GrpcServerProtocolClient.java:99)
	at org.apache.ratis.grpc.server.GrpcService.requestVote(GrpcService.java:204)
	at org.apache.ratis.server.impl.LeaderElection.lambda$submitRequests$1(LeaderElection.java:234)
	at java.util.concurrent.FutureTask.run(FutureTask.java:266)
	at java.util.concurrent.Executors$RunnableAdapter.call(Executors.java:511)
	at java.util.concurrent.FutureTask.run(FutureTask.java:266)
	at java.util.concurrent.ThreadPoolExecutor.runWorker(ThreadPoolExecutor.java:1149)
	at java.util.concurrent.ThreadPoolExecutor$Worker.run(ThreadPoolExecutor.java:624)
	... 1 more
Caused by: org.apache.ratis.thirdparty.io.netty.channel.AbstractChannel$AnnotatedConnectException: Connection refused: /192.168.34.35:34313
	at sun.nio.ch.SocketChannelImpl.checkConnect(Native Method)
	at sun.nio.ch.SocketChannelImpl.finishConnect(SocketChannelImpl.java:717)
	at org.apache.ratis.thirdparty.io.netty.channel.socket.nio.NioSocketChannel.doFinishConnect(NioSocketChannel.java:327)
	at org.apache.ratis.thirdparty.io.netty.channel.nio.AbstractNioChannel$AbstractNioUnsafe.finishConnect(AbstractNioChannel.java:340)
	at org.apache.ratis.thirdparty.io.netty.channel.nio.NioEventLoop.processSelectedKey(NioEventLoop.java:632)
	at org.apache.ratis.thirdparty.io.netty.channel.nio.NioEventLoop.processSelectedKeysOptimized(NioEventLoop.java:579)
	at org.apache.ratis.thirdparty.io.netty.channel.nio.NioEventLoop.processSelectedKeys(NioEventLoop.java:496)
	at org.apache.ratis.thirdparty.io.netty.channel.nio.NioEventLoop.run(NioEventLoop.java:458)
	at org.apache.ratis.thirdparty.io.netty.util.concurrent.SingleThreadEventExecutor$5.run(SingleThreadEventExecutor.java:897)
	at org.apache.ratis.thirdparty.io.netty.util.concurrent.FastThreadLocalRunnable.run(FastThreadLocalRunnable.java:30)
	... 1 more
Caused by: java.net.ConnectException: Connection refused
	... 11 more
2019-11-17 11:09:18,021 [4c1e8795-b3d4-460e-8f85-df43444e9ba0@group-3631E1AADF49-LeaderElection58] INFO  impl.RaftServerImpl (RaftServerImpl.java:setRole(173)) - 4c1e8795-b3d4-460e-8f85-df43444e9ba0@group-3631E1AADF49: changes role from CANDIDATE to FOLLOWER at term 5 for DISCOVERED_A_NEW_TERM
2019-11-17 11:09:18,021 [4c1e8795-b3d4-460e-8f85-df43444e9ba0@group-3631E1AADF49-LeaderElection58] INFO  impl.RoleInfo (RoleInfo.java:shutdownLeaderElection(134)) - 4c1e8795-b3d4-460e-8f85-df43444e9ba0: shutdown LeaderElection
2019-11-17 11:09:18,021 [4c1e8795-b3d4-460e-8f85-df43444e9ba0@group-3631E1AADF49-LeaderElection58] INFO  impl.RoleInfo (RoleInfo.java:updateAndGet(143)) - 4c1e8795-b3d4-460e-8f85-df43444e9ba0: start FollowerState
2019-11-17 11:09:18,423 [grpc-default-executor-2] WARN  server.GrpcLogAppender (LogUtils.java:warn(134)) - ce4f5a27-7d6e-4546-9ae5-5afbf9a8c00c@group-FB88F8E3ECE4->e8702f59-809d-4833-a306-9e60cd88362b-AppendLogResponseHandler: Failed appendEntries: org.apache.ratis.thirdparty.io.grpc.StatusRuntimeException: UNAVAILABLE: io exception
2019-11-17 11:09:18,423 [grpc-default-executor-2] INFO  impl.FollowerInfo (FollowerInfo.java:lambda$new$0(51)) - ce4f5a27-7d6e-4546-9ae5-5afbf9a8c00c@group-FB88F8E3ECE4->e8702f59-809d-4833-a306-9e60cd88362b: nextIndex: updateUnconditionally 0 -> 0
2019-11-17 11:09:18,425 [grpc-default-executor-6] WARN  server.GrpcLogAppender (LogUtils.java:warn(134)) - ce4f5a27-7d6e-4546-9ae5-5afbf9a8c00c@group-FB88F8E3ECE4->28ccac35-fb4f-4f0a-a99f-78d96ef6e430-AppendLogResponseHandler: Failed appendEntries: org.apache.ratis.thirdparty.io.grpc.StatusRuntimeException: UNAVAILABLE: io exception
2019-11-17 11:09:18,425 [grpc-default-executor-6] INFO  impl.FollowerInfo (FollowerInfo.java:lambda$new$0(51)) - ce4f5a27-7d6e-4546-9ae5-5afbf9a8c00c@group-FB88F8E3ECE4->28ccac35-fb4f-4f0a-a99f-78d96ef6e430: nextIndex: updateUnconditionally 0 -> 0
2019-11-17 11:09:18,923 [grpc-default-executor-6] WARN  server.GrpcLogAppender (LogUtils.java:warn(134)) - ce4f5a27-7d6e-4546-9ae5-5afbf9a8c00c@group-FB88F8E3ECE4->e8702f59-809d-4833-a306-9e60cd88362b-AppendLogResponseHandler: Failed appendEntries: org.apache.ratis.thirdparty.io.grpc.StatusRuntimeException: UNAVAILABLE: io exception
2019-11-17 11:09:18,923 [grpc-default-executor-6] INFO  impl.FollowerInfo (FollowerInfo.java:lambda$new$0(51)) - ce4f5a27-7d6e-4546-9ae5-5afbf9a8c00c@group-FB88F8E3ECE4->e8702f59-809d-4833-a306-9e60cd88362b: nextIndex: updateUnconditionally 0 -> 0
2019-11-17 11:09:18,926 [grpc-default-executor-3] WARN  server.GrpcLogAppender (LogUtils.java:warn(134)) - ce4f5a27-7d6e-4546-9ae5-5afbf9a8c00c@group-FB88F8E3ECE4->28ccac35-fb4f-4f0a-a99f-78d96ef6e430-AppendLogResponseHandler: Failed appendEntries: org.apache.ratis.thirdparty.io.grpc.StatusRuntimeException: UNAVAILABLE: io exception
2019-11-17 11:09:18,926 [grpc-default-executor-3] INFO  impl.FollowerInfo (FollowerInfo.java:lambda$new$0(51)) - ce4f5a27-7d6e-4546-9ae5-5afbf9a8c00c@group-FB88F8E3ECE4->28ccac35-fb4f-4f0a-a99f-78d96ef6e430: nextIndex: updateUnconditionally 0 -> 0
2019-11-17 11:09:19,086 [Thread-1945] INFO  impl.FollowerState (FollowerState.java:run(111)) - 4c1e8795-b3d4-460e-8f85-df43444e9ba0@group-3631E1AADF49-FollowerState: change to CANDIDATE, lastRpcTime:1064ms, electionTimeout:1064ms
2019-11-17 11:09:19,086 [Thread-1945] INFO  impl.RoleInfo (RoleInfo.java:shutdownFollowerState(121)) - 4c1e8795-b3d4-460e-8f85-df43444e9ba0: shutdown FollowerState
2019-11-17 11:09:19,086 [Thread-1945] INFO  impl.RaftServerImpl (RaftServerImpl.java:setRole(173)) - 4c1e8795-b3d4-460e-8f85-df43444e9ba0@group-3631E1AADF49: changes role from  FOLLOWER to CANDIDATE at term 5 for changeToCandidate
2019-11-17 11:09:19,087 [Thread-1945] INFO  impl.RoleInfo (RoleInfo.java:updateAndGet(143)) - 4c1e8795-b3d4-460e-8f85-df43444e9ba0: start LeaderElection
2019-11-17 11:09:19,113 [4c1e8795-b3d4-460e-8f85-df43444e9ba0@group-3631E1AADF49-LeaderElection59] INFO  impl.LeaderElection (LeaderElection.java:askForVotes(178)) - 4c1e8795-b3d4-460e-8f85-df43444e9ba0@group-3631E1AADF49-LeaderElection59: begin an election at term 6 for 1: [fa2fcff1-083d-4cf3-acfd-0486da9214fd:192.168.34.35:34313, e3fe17d3-3943-4d4c-b88c-d5052243b886:192.168.34.35:33574, 4c1e8795-b3d4-460e-8f85-df43444e9ba0:192.168.34.35:35525], old=null
2019-11-17 11:09:19,114 [4c1e8795-b3d4-460e-8f85-df43444e9ba0@group-3631E1AADF49-LeaderElection59] INFO  impl.LeaderElection (LogUtils.java:infoOrTrace(149)) - 4c1e8795-b3d4-460e-8f85-df43444e9ba0@group-3631E1AADF49-LeaderElection59 got exception when requesting votes: {}
java.util.concurrent.ExecutionException: org.apache.ratis.thirdparty.io.grpc.StatusRuntimeException: UNAVAILABLE: io exception
	at java.util.concurrent.FutureTask.report(FutureTask.java:122)
	at java.util.concurrent.FutureTask.get(FutureTask.java:192)
	at org.apache.ratis.server.impl.LeaderElection.waitForResults(LeaderElection.java:259)
	at org.apache.ratis.server.impl.LeaderElection.askForVotes(LeaderElection.java:197)
	at org.apache.ratis.server.impl.LeaderElection.run(LeaderElection.java:133)
	at java.lang.Thread.run(Thread.java:748)
Caused by: org.apache.ratis.thirdparty.io.grpc.StatusRuntimeException: UNAVAILABLE: io exception
	at org.apache.ratis.thirdparty.io.grpc.stub.ClientCalls.toStatusRuntimeException(ClientCalls.java:233)
	at org.apache.ratis.thirdparty.io.grpc.stub.ClientCalls.getUnchecked(ClientCalls.java:214)
	at org.apache.ratis.thirdparty.io.grpc.stub.ClientCalls.blockingUnaryCall(ClientCalls.java:139)
	at org.apache.ratis.proto.grpc.RaftServerProtocolServiceGrpc$RaftServerProtocolServiceBlockingStub.requestVote(RaftServerProtocolServiceGrpc.java:265)
	at org.apache.ratis.grpc.server.GrpcServerProtocolClient.requestVote(GrpcServerProtocolClient.java:99)
	at org.apache.ratis.grpc.server.GrpcService.requestVote(GrpcService.java:204)
	at org.apache.ratis.server.impl.LeaderElection.lambda$submitRequests$1(LeaderElection.java:234)
	at java.util.concurrent.FutureTask.run(FutureTask.java:266)
	at java.util.concurrent.Executors$RunnableAdapter.call(Executors.java:511)
	at java.util.concurrent.FutureTask.run(FutureTask.java:266)
	at java.util.concurrent.ThreadPoolExecutor.runWorker(ThreadPoolExecutor.java:1149)
	at java.util.concurrent.ThreadPoolExecutor$Worker.run(ThreadPoolExecutor.java:624)
	... 1 more
Caused by: org.apache.ratis.thirdparty.io.netty.channel.AbstractChannel$AnnotatedConnectException: Connection refused: /192.168.34.35:34313
	at sun.nio.ch.SocketChannelImpl.checkConnect(Native Method)
	at sun.nio.ch.SocketChannelImpl.finishConnect(SocketChannelImpl.java:717)
	at org.apache.ratis.thirdparty.io.netty.channel.socket.nio.NioSocketChannel.doFinishConnect(NioSocketChannel.java:327)
	at org.apache.ratis.thirdparty.io.netty.channel.nio.AbstractNioChannel$AbstractNioUnsafe.finishConnect(AbstractNioChannel.java:340)
	at org.apache.ratis.thirdparty.io.netty.channel.nio.NioEventLoop.processSelectedKey(NioEventLoop.java:632)
	at org.apache.ratis.thirdparty.io.netty.channel.nio.NioEventLoop.processSelectedKeysOptimized(NioEventLoop.java:579)
	at org.apache.ratis.thirdparty.io.netty.channel.nio.NioEventLoop.processSelectedKeys(NioEventLoop.java:496)
	at org.apache.ratis.thirdparty.io.netty.channel.nio.NioEventLoop.run(NioEventLoop.java:458)
	at org.apache.ratis.thirdparty.io.netty.util.concurrent.SingleThreadEventExecutor$5.run(SingleThreadEventExecutor.java:897)
	at org.apache.ratis.thirdparty.io.netty.util.concurrent.FastThreadLocalRunnable.run(FastThreadLocalRunnable.java:30)
	... 1 more
Caused by: java.net.ConnectException: Connection refused
	... 11 more
2019-11-17 11:09:19,116 [4c1e8795-b3d4-460e-8f85-df43444e9ba0@group-3631E1AADF49-LeaderElection59] INFO  impl.LeaderElection (LogUtils.java:infoOrTrace(149)) - 4c1e8795-b3d4-460e-8f85-df43444e9ba0@group-3631E1AADF49-LeaderElection59 got exception when requesting votes: {}
java.util.concurrent.ExecutionException: org.apache.ratis.thirdparty.io.grpc.StatusRuntimeException: UNAVAILABLE: io exception
	at java.util.concurrent.FutureTask.report(FutureTask.java:122)
	at java.util.concurrent.FutureTask.get(FutureTask.java:192)
	at org.apache.ratis.server.impl.LeaderElection.waitForResults(LeaderElection.java:259)
	at org.apache.ratis.server.impl.LeaderElection.askForVotes(LeaderElection.java:197)
	at org.apache.ratis.server.impl.LeaderElection.run(LeaderElection.java:133)
	at java.lang.Thread.run(Thread.java:748)
Caused by: org.apache.ratis.thirdparty.io.grpc.StatusRuntimeException: UNAVAILABLE: io exception
	at org.apache.ratis.thirdparty.io.grpc.stub.ClientCalls.toStatusRuntimeException(ClientCalls.java:233)
	at org.apache.ratis.thirdparty.io.grpc.stub.ClientCalls.getUnchecked(ClientCalls.java:214)
	at org.apache.ratis.thirdparty.io.grpc.stub.ClientCalls.blockingUnaryCall(ClientCalls.java:139)
	at org.apache.ratis.proto.grpc.RaftServerProtocolServiceGrpc$RaftServerProtocolServiceBlockingStub.requestVote(RaftServerProtocolServiceGrpc.java:265)
	at org.apache.ratis.grpc.server.GrpcServerProtocolClient.requestVote(GrpcServerProtocolClient.java:99)
	at org.apache.ratis.grpc.server.GrpcService.requestVote(GrpcService.java:204)
	at org.apache.ratis.server.impl.LeaderElection.lambda$submitRequests$1(LeaderElection.java:234)
	at java.util.concurrent.FutureTask.run(FutureTask.java:266)
	at java.util.concurrent.Executors$RunnableAdapter.call(Executors.java:511)
	at java.util.concurrent.FutureTask.run(FutureTask.java:266)
	at java.util.concurrent.ThreadPoolExecutor.runWorker(ThreadPoolExecutor.java:1149)
	at java.util.concurrent.ThreadPoolExecutor$Worker.run(ThreadPoolExecutor.java:624)
	... 1 more
Caused by: org.apache.ratis.thirdparty.io.netty.channel.AbstractChannel$AnnotatedConnectException: Connection refused: /192.168.34.35:33574
	at sun.nio.ch.SocketChannelImpl.checkConnect(Native Method)
	at sun.nio.ch.SocketChannelImpl.finishConnect(SocketChannelImpl.java:717)
	at org.apache.ratis.thirdparty.io.netty.channel.socket.nio.NioSocketChannel.doFinishConnect(NioSocketChannel.java:327)
	at org.apache.ratis.thirdparty.io.netty.channel.nio.AbstractNioChannel$AbstractNioUnsafe.finishConnect(AbstractNioChannel.java:340)
	at org.apache.ratis.thirdparty.io.netty.channel.nio.NioEventLoop.processSelectedKey(NioEventLoop.java:632)
	at org.apache.ratis.thirdparty.io.netty.channel.nio.NioEventLoop.processSelectedKeysOptimized(NioEventLoop.java:579)
	at org.apache.ratis.thirdparty.io.netty.channel.nio.NioEventLoop.processSelectedKeys(NioEventLoop.java:496)
	at org.apache.ratis.thirdparty.io.netty.channel.nio.NioEventLoop.run(NioEventLoop.java:458)
	at org.apache.ratis.thirdparty.io.netty.util.concurrent.SingleThreadEventExecutor$5.run(SingleThreadEventExecutor.java:897)
	at org.apache.ratis.thirdparty.io.netty.util.concurrent.FastThreadLocalRunnable.run(FastThreadLocalRunnable.java:30)
	... 1 more
Caused by: java.net.ConnectException: Connection refused
	... 11 more
2019-11-17 11:09:19,119 [4c1e8795-b3d4-460e-8f85-df43444e9ba0@group-3631E1AADF49-LeaderElection59] INFO  impl.LeaderElection (LeaderElection.java:logAndReturn(56)) - 4c1e8795-b3d4-460e-8f85-df43444e9ba0@group-3631E1AADF49-LeaderElection59: Election REJECTED; received 0 response(s) [] and 2 exception(s); 4c1e8795-b3d4-460e-8f85-df43444e9ba0@group-3631E1AADF49:t6, leader=null, voted=4c1e8795-b3d4-460e-8f85-df43444e9ba0, raftlog=4c1e8795-b3d4-460e-8f85-df43444e9ba0@group-3631E1AADF49-SegmentedRaftLog:OPENED:c2,f2,i2, conf=1: [fa2fcff1-083d-4cf3-acfd-0486da9214fd:192.168.34.35:34313, e3fe17d3-3943-4d4c-b88c-d5052243b886:192.168.34.35:33574, 4c1e8795-b3d4-460e-8f85-df43444e9ba0:192.168.34.35:35525], old=null
2019-11-17 11:09:19,119 [4c1e8795-b3d4-460e-8f85-df43444e9ba0@group-3631E1AADF49-LeaderElection59] INFO  impl.LeaderElection (LogUtils.java:infoOrTrace(149)) -   Exception 0: {}
java.util.concurrent.ExecutionException: org.apache.ratis.thirdparty.io.grpc.StatusRuntimeException: UNAVAILABLE: io exception
	at java.util.concurrent.FutureTask.report(FutureTask.java:122)
	at java.util.concurrent.FutureTask.get(FutureTask.java:192)
	at org.apache.ratis.server.impl.LeaderElection.waitForResults(LeaderElection.java:259)
	at org.apache.ratis.server.impl.LeaderElection.askForVotes(LeaderElection.java:197)
	at org.apache.ratis.server.impl.LeaderElection.run(LeaderElection.java:133)
	at java.lang.Thread.run(Thread.java:748)
Caused by: org.apache.ratis.thirdparty.io.grpc.StatusRuntimeException: UNAVAILABLE: io exception
	at org.apache.ratis.thirdparty.io.grpc.stub.ClientCalls.toStatusRuntimeException(ClientCalls.java:233)
	at org.apache.ratis.thirdparty.io.grpc.stub.ClientCalls.getUnchecked(ClientCalls.java:214)
	at org.apache.ratis.thirdparty.io.grpc.stub.ClientCalls.blockingUnaryCall(ClientCalls.java:139)
	at org.apache.ratis.proto.grpc.RaftServerProtocolServiceGrpc$RaftServerProtocolServiceBlockingStub.requestVote(RaftServerProtocolServiceGrpc.java:265)
	at org.apache.ratis.grpc.server.GrpcServerProtocolClient.requestVote(GrpcServerProtocolClient.java:99)
	at org.apache.ratis.grpc.server.GrpcService.requestVote(GrpcService.java:204)
	at org.apache.ratis.server.impl.LeaderElection.lambda$submitRequests$1(LeaderElection.java:234)
	at java.util.concurrent.FutureTask.run(FutureTask.java:266)
	at java.util.concurrent.Executors$RunnableAdapter.call(Executors.java:511)
	at java.util.concurrent.FutureTask.run(FutureTask.java:266)
	at java.util.concurrent.ThreadPoolExecutor.runWorker(ThreadPoolExecutor.java:1149)
	at java.util.concurrent.ThreadPoolExecutor$Worker.run(ThreadPoolExecutor.java:624)
	... 1 more
Caused by: org.apache.ratis.thirdparty.io.netty.channel.AbstractChannel$AnnotatedConnectException: Connection refused: /192.168.34.35:34313
	at sun.nio.ch.SocketChannelImpl.checkConnect(Native Method)
	at sun.nio.ch.SocketChannelImpl.finishConnect(SocketChannelImpl.java:717)
	at org.apache.ratis.thirdparty.io.netty.channel.socket.nio.NioSocketChannel.doFinishConnect(NioSocketChannel.java:327)
	at org.apache.ratis.thirdparty.io.netty.channel.nio.AbstractNioChannel$AbstractNioUnsafe.finishConnect(AbstractNioChannel.java:340)
	at org.apache.ratis.thirdparty.io.netty.channel.nio.NioEventLoop.processSelectedKey(NioEventLoop.java:632)
	at org.apache.ratis.thirdparty.io.netty.channel.nio.NioEventLoop.processSelectedKeysOptimized(NioEventLoop.java:579)
	at org.apache.ratis.thirdparty.io.netty.channel.nio.NioEventLoop.processSelectedKeys(NioEventLoop.java:496)
	at org.apache.ratis.thirdparty.io.netty.channel.nio.NioEventLoop.run(NioEventLoop.java:458)
	at org.apache.ratis.thirdparty.io.netty.util.concurrent.SingleThreadEventExecutor$5.run(SingleThreadEventExecutor.java:897)
	at org.apache.ratis.thirdparty.io.netty.util.concurrent.FastThreadLocalRunnable.run(FastThreadLocalRunnable.java:30)
	... 1 more
Caused by: java.net.ConnectException: Connection refused
	... 11 more
2019-11-17 11:09:19,120 [4c1e8795-b3d4-460e-8f85-df43444e9ba0@group-3631E1AADF49-LeaderElection59] INFO  impl.LeaderElection (LogUtils.java:infoOrTrace(149)) -   Exception 1: {}
java.util.concurrent.ExecutionException: org.apache.ratis.thirdparty.io.grpc.StatusRuntimeException: UNAVAILABLE: io exception
	at java.util.concurrent.FutureTask.report(FutureTask.java:122)
	at java.util.concurrent.FutureTask.get(FutureTask.java:192)
	at org.apache.ratis.server.impl.LeaderElection.waitForResults(LeaderElection.java:259)
	at org.apache.ratis.server.impl.LeaderElection.askForVotes(LeaderElection.java:197)
	at org.apache.ratis.server.impl.LeaderElection.run(LeaderElection.java:133)
	at java.lang.Thread.run(Thread.java:748)
Caused by: org.apache.ratis.thirdparty.io.grpc.StatusRuntimeException: UNAVAILABLE: io exception
	at org.apache.ratis.thirdparty.io.grpc.stub.ClientCalls.toStatusRuntimeException(ClientCalls.java:233)
	at org.apache.ratis.thirdparty.io.grpc.stub.ClientCalls.getUnchecked(ClientCalls.java:214)
	at org.apache.ratis.thirdparty.io.grpc.stub.ClientCalls.blockingUnaryCall(ClientCalls.java:139)
	at org.apache.ratis.proto.grpc.RaftServerProtocolServiceGrpc$RaftServerProtocolServiceBlockingStub.requestVote(RaftServerProtocolServiceGrpc.java:265)
	at org.apache.ratis.grpc.server.GrpcServerProtocolClient.requestVote(GrpcServerProtocolClient.java:99)
	at org.apache.ratis.grpc.server.GrpcService.requestVote(GrpcService.java:204)
	at org.apache.ratis.server.impl.LeaderElection.lambda$submitRequests$1(LeaderElection.java:234)
	at java.util.concurrent.FutureTask.run(FutureTask.java:266)
	at java.util.concurrent.Executors$RunnableAdapter.call(Executors.java:511)
	at java.util.concurrent.FutureTask.run(FutureTask.java:266)
	at java.util.concurrent.ThreadPoolExecutor.runWorker(ThreadPoolExecutor.java:1149)
	at java.util.concurrent.ThreadPoolExecutor$Worker.run(ThreadPoolExecutor.java:624)
	... 1 more
Caused by: org.apache.ratis.thirdparty.io.netty.channel.AbstractChannel$AnnotatedConnectException: Connection refused: /192.168.34.35:33574
	at sun.nio.ch.SocketChannelImpl.checkConnect(Native Method)
	at sun.nio.ch.SocketChannelImpl.finishConnect(SocketChannelImpl.java:717)
	at org.apache.ratis.thirdparty.io.netty.channel.socket.nio.NioSocketChannel.doFinishConnect(NioSocketChannel.java:327)
	at org.apache.ratis.thirdparty.io.netty.channel.nio.AbstractNioChannel$AbstractNioUnsafe.finishConnect(AbstractNioChannel.java:340)
	at org.apache.ratis.thirdparty.io.netty.channel.nio.NioEventLoop.processSelectedKey(NioEventLoop.java:632)
	at org.apache.ratis.thirdparty.io.netty.channel.nio.NioEventLoop.processSelectedKeysOptimized(NioEventLoop.java:579)
	at org.apache.ratis.thirdparty.io.netty.channel.nio.NioEventLoop.processSelectedKeys(NioEventLoop.java:496)
	at org.apache.ratis.thirdparty.io.netty.channel.nio.NioEventLoop.run(NioEventLoop.java:458)
	at org.apache.ratis.thirdparty.io.netty.util.concurrent.SingleThreadEventExecutor$5.run(SingleThreadEventExecutor.java:897)
	at org.apache.ratis.thirdparty.io.netty.util.concurrent.FastThreadLocalRunnable.run(FastThreadLocalRunnable.java:30)
	... 1 more
Caused by: java.net.ConnectException: Connection refused
	... 11 more
2019-11-17 11:09:19,121 [4c1e8795-b3d4-460e-8f85-df43444e9ba0@group-3631E1AADF49-LeaderElection59] INFO  impl.RaftServerImpl (RaftServerImpl.java:setRole(173)) - 4c1e8795-b3d4-460e-8f85-df43444e9ba0@group-3631E1AADF49: changes role from CANDIDATE to FOLLOWER at term 6 for DISCOVERED_A_NEW_TERM
2019-11-17 11:09:19,121 [4c1e8795-b3d4-460e-8f85-df43444e9ba0@group-3631E1AADF49-LeaderElection59] INFO  impl.RoleInfo (RoleInfo.java:shutdownLeaderElection(134)) - 4c1e8795-b3d4-460e-8f85-df43444e9ba0: shutdown LeaderElection
2019-11-17 11:09:19,121 [4c1e8795-b3d4-460e-8f85-df43444e9ba0@group-3631E1AADF49-LeaderElection59] INFO  impl.RoleInfo (RoleInfo.java:updateAndGet(143)) - 4c1e8795-b3d4-460e-8f85-df43444e9ba0: start FollowerState
2019-11-17 11:09:19,424 [grpc-default-executor-3] WARN  server.GrpcLogAppender (LogUtils.java:warn(134)) - ce4f5a27-7d6e-4546-9ae5-5afbf9a8c00c@group-FB88F8E3ECE4->e8702f59-809d-4833-a306-9e60cd88362b-AppendLogResponseHandler: Failed appendEntries: org.apache.ratis.thirdparty.io.grpc.StatusRuntimeException: UNAVAILABLE: io exception
2019-11-17 11:09:19,424 [grpc-default-executor-3] INFO  impl.FollowerInfo (FollowerInfo.java:lambda$new$0(51)) - ce4f5a27-7d6e-4546-9ae5-5afbf9a8c00c@group-FB88F8E3ECE4->e8702f59-809d-4833-a306-9e60cd88362b: nextIndex: updateUnconditionally 0 -> 0
2019-11-17 11:09:19,426 [grpc-default-executor-3] WARN  server.GrpcLogAppender (LogUtils.java:warn(134)) - ce4f5a27-7d6e-4546-9ae5-5afbf9a8c00c@group-FB88F8E3ECE4->28ccac35-fb4f-4f0a-a99f-78d96ef6e430-AppendLogResponseHandler: Failed appendEntries: org.apache.ratis.thirdparty.io.grpc.StatusRuntimeException: UNAVAILABLE: io exception
2019-11-17 11:09:19,427 [grpc-default-executor-3] INFO  impl.FollowerInfo (FollowerInfo.java:lambda$new$0(51)) - ce4f5a27-7d6e-4546-9ae5-5afbf9a8c00c@group-FB88F8E3ECE4->28ccac35-fb4f-4f0a-a99f-78d96ef6e430: nextIndex: updateUnconditionally 0 -> 0
2019-11-17 11:09:19,600 [main] INFO  ozoneimpl.OzoneContainer (OzoneContainer.java:stop(244)) - Attempting to stop container services.
2019-11-17 11:09:19,600 [ForkJoinPool.commonPool-worker-0] INFO  ozoneimpl.OzoneContainer (OzoneContainer.java:stop(244)) - Attempting to stop container services.
2019-11-17 11:09:19,601 [main] INFO  impl.RaftServerProxy (RaftServerProxy.java:lambda$close$4(314)) - 4c1e8795-b3d4-460e-8f85-df43444e9ba0: close
2019-11-17 11:09:19,601 [ForkJoinPool.commonPool-worker-0] INFO  impl.RaftServerProxy (RaftServerProxy.java:lambda$close$4(314)) - ce4f5a27-7d6e-4546-9ae5-5afbf9a8c00c: close
2019-11-17 11:09:19,601 [main] INFO  impl.RaftServerImpl (RaftServerImpl.java:lambda$shutdown$3(250)) - 4c1e8795-b3d4-460e-8f85-df43444e9ba0@group-3631E1AADF49: shutdown
2019-11-17 11:09:19,601 [ForkJoinPool.commonPool-worker-0] INFO  impl.RaftServerImpl (RaftServerImpl.java:lambda$shutdown$3(250)) - ce4f5a27-7d6e-4546-9ae5-5afbf9a8c00c@group-1FFB3CC9C3DC: shutdown
2019-11-17 11:09:19,601 [main] INFO  util.JmxRegister (JmxRegister.java:unregister(73)) - Successfully un-registered JMX Bean with object name Ratis:service=RaftServer,group=group-3631E1AADF49,id=4c1e8795-b3d4-460e-8f85-df43444e9ba0
2019-11-17 11:09:19,602 [ForkJoinPool.commonPool-worker-0] INFO  util.JmxRegister (JmxRegister.java:unregister(73)) - Successfully un-registered JMX Bean with object name Ratis:service=RaftServer,group=group-1FFB3CC9C3DC,id=ce4f5a27-7d6e-4546-9ae5-5afbf9a8c00c
2019-11-17 11:09:19,602 [main] INFO  impl.RoleInfo (RoleInfo.java:shutdownFollowerState(121)) - 4c1e8795-b3d4-460e-8f85-df43444e9ba0: shutdown FollowerState
2019-11-17 11:09:19,602 [ForkJoinPool.commonPool-worker-0] INFO  impl.RoleInfo (RoleInfo.java:shutdownLeaderState(104)) - ce4f5a27-7d6e-4546-9ae5-5afbf9a8c00c: shutdown LeaderState
2019-11-17 11:09:19,602 [main] INFO  impl.StateMachineUpdater (StateMachineUpdater.java:stopAndJoin(136)) - 4c1e8795-b3d4-460e-8f85-df43444e9ba0@group-3631E1AADF49-StateMachineUpdater: set stopIndex = 2
2019-11-17 11:09:19,603 [ForkJoinPool.commonPool-worker-0] INFO  impl.PendingRequests (PendingRequests.java:sendNotLeaderResponses(206)) - ce4f5a27-7d6e-4546-9ae5-5afbf9a8c00c@group-1FFB3CC9C3DC-PendingRequests: sendNotLeaderResponses
2019-11-17 11:09:19,603 [Thread-1949] INFO  impl.FollowerState (FollowerState.java:run(120)) - 4c1e8795-b3d4-460e-8f85-df43444e9ba0@group-3631E1AADF49-FollowerState was interrupted: java.lang.InterruptedException: sleep interrupted
2019-11-17 11:09:19,603 [main] INFO  impl.RaftServerImpl (ServerState.java:close(387)) - 4c1e8795-b3d4-460e-8f85-df43444e9ba0@group-3631E1AADF49: closes. applyIndex: 2
2019-11-17 11:09:19,603 [ForkJoinPool.commonPool-worker-0] INFO  impl.StateMachineUpdater (StateMachineUpdater.java:stopAndJoin(136)) - ce4f5a27-7d6e-4546-9ae5-5afbf9a8c00c@group-1FFB3CC9C3DC-StateMachineUpdater: set stopIndex = 0
2019-11-17 11:09:19,604 [4c1e8795-b3d4-460e-8f85-df43444e9ba0@group-3631E1AADF49-SegmentedRaftLogWorker] INFO  segmented.SegmentedRaftLogWorker (SegmentedRaftLogWorker.java:run(316)) - 4c1e8795-b3d4-460e-8f85-df43444e9ba0@group-3631E1AADF49-SegmentedRaftLogWorker was interrupted, exiting. There are 0 tasks remaining in the queue.
2019-11-17 11:09:19,606 [ForkJoinPool.commonPool-worker-0] INFO  impl.RaftServerImpl (ServerState.java:close(387)) - ce4f5a27-7d6e-4546-9ae5-5afbf9a8c00c@group-1FFB3CC9C3DC: closes. applyIndex: 0
2019-11-17 11:09:19,607 [ce4f5a27-7d6e-4546-9ae5-5afbf9a8c00c@group-1FFB3CC9C3DC-SegmentedRaftLogWorker] INFO  segmented.SegmentedRaftLogWorker (SegmentedRaftLogWorker.java:run(316)) - ce4f5a27-7d6e-4546-9ae5-5afbf9a8c00c@group-1FFB3CC9C3DC-SegmentedRaftLogWorker was interrupted, exiting. There are 0 tasks remaining in the queue.
2019-11-17 11:09:19,608 [main] INFO  segmented.SegmentedRaftLogWorker (SegmentedRaftLogWorker.java:close(224)) - 4c1e8795-b3d4-460e-8f85-df43444e9ba0@group-3631E1AADF49-SegmentedRaftLogWorker close()
2019-11-17 11:09:19,610 [ForkJoinPool.commonPool-worker-0] INFO  segmented.SegmentedRaftLogWorker (SegmentedRaftLogWorker.java:close(224)) - ce4f5a27-7d6e-4546-9ae5-5afbf9a8c00c@group-1FFB3CC9C3DC-SegmentedRaftLogWorker close()
2019-11-17 11:09:19,612 [main] INFO  impl.RaftServerImpl (RaftServerImpl.java:lambda$shutdown$3(250)) - 4c1e8795-b3d4-460e-8f85-df43444e9ba0@group-8330AF8A611E: shutdown
2019-11-17 11:09:19,613 [ForkJoinPool.commonPool-worker-0] INFO  impl.RaftServerImpl (RaftServerImpl.java:lambda$shutdown$3(250)) - ce4f5a27-7d6e-4546-9ae5-5afbf9a8c00c@group-FB88F8E3ECE4: shutdown
2019-11-17 11:09:19,614 [main] INFO  util.JmxRegister (JmxRegister.java:unregister(73)) - Successfully un-registered JMX Bean with object name Ratis:service=RaftServer,group=group-8330AF8A611E,id=4c1e8795-b3d4-460e-8f85-df43444e9ba0
2019-11-17 11:09:19,614 [ForkJoinPool.commonPool-worker-0] INFO  util.JmxRegister (JmxRegister.java:unregister(73)) - Successfully un-registered JMX Bean with object name Ratis:service=RaftServer,group=group-FB88F8E3ECE4,id=ce4f5a27-7d6e-4546-9ae5-5afbf9a8c00c
2019-11-17 11:09:19,614 [main] INFO  impl.RoleInfo (RoleInfo.java:shutdownLeaderState(104)) - 4c1e8795-b3d4-460e-8f85-df43444e9ba0: shutdown LeaderState
2019-11-17 11:09:19,614 [ForkJoinPool.commonPool-worker-0] INFO  impl.RoleInfo (RoleInfo.java:shutdownLeaderState(104)) - ce4f5a27-7d6e-4546-9ae5-5afbf9a8c00c: shutdown LeaderState
2019-11-17 11:09:19,615 [main] INFO  impl.PendingRequests (PendingRequests.java:sendNotLeaderResponses(206)) - 4c1e8795-b3d4-460e-8f85-df43444e9ba0@group-8330AF8A611E-PendingRequests: sendNotLeaderResponses
2019-11-17 11:09:19,623 [org.apache.ratis.server.impl.LogAppender$AppenderDaemon$$Lambda$425/279480791@7e2b7687] WARN  server.GrpcLogAppender (GrpcLogAppender.java:mayWait(151)) - ce4f5a27-7d6e-4546-9ae5-5afbf9a8c00c@group-FB88F8E3ECE4->28ccac35-fb4f-4f0a-a99f-78d96ef6e430-GrpcLogAppender: Wait interrupted by java.lang.InterruptedException
2019-11-17 11:09:19,623 [org.apache.ratis.server.impl.LogAppender$AppenderDaemon$$Lambda$425/279480791@6b3ed938] WARN  server.GrpcLogAppender (GrpcLogAppender.java:mayWait(151)) - ce4f5a27-7d6e-4546-9ae5-5afbf9a8c00c@group-FB88F8E3ECE4->e8702f59-809d-4833-a306-9e60cd88362b-GrpcLogAppender: Wait interrupted by java.lang.InterruptedException
2019-11-17 11:09:19,623 [ForkJoinPool.commonPool-worker-0] INFO  impl.PendingRequests (PendingRequests.java:sendNotLeaderResponses(206)) - ce4f5a27-7d6e-4546-9ae5-5afbf9a8c00c@group-FB88F8E3ECE4-PendingRequests: sendNotLeaderResponses
2019-11-17 11:09:19,623 [main] INFO  impl.StateMachineUpdater (StateMachineUpdater.java:stopAndJoin(136)) - 4c1e8795-b3d4-460e-8f85-df43444e9ba0@group-8330AF8A611E-StateMachineUpdater: set stopIndex = 0
2019-11-17 11:09:19,625 [ForkJoinPool.commonPool-worker-0] INFO  impl.StateMachineUpdater (StateMachineUpdater.java:stopAndJoin(136)) - ce4f5a27-7d6e-4546-9ae5-5afbf9a8c00c@group-FB88F8E3ECE4-StateMachineUpdater: set stopIndex = 2
2019-11-17 11:09:19,625 [main] INFO  impl.RaftServerImpl (ServerState.java:close(387)) - 4c1e8795-b3d4-460e-8f85-df43444e9ba0@group-8330AF8A611E: closes. applyIndex: 0
2019-11-17 11:09:19,625 [ForkJoinPool.commonPool-worker-0] INFO  impl.RaftServerImpl (ServerState.java:close(387)) - ce4f5a27-7d6e-4546-9ae5-5afbf9a8c00c@group-FB88F8E3ECE4: closes. applyIndex: 2
2019-11-17 11:09:19,626 [4c1e8795-b3d4-460e-8f85-df43444e9ba0@group-8330AF8A611E-SegmentedRaftLogWorker] INFO  segmented.SegmentedRaftLogWorker (SegmentedRaftLogWorker.java:run(316)) - 4c1e8795-b3d4-460e-8f85-df43444e9ba0@group-8330AF8A611E-SegmentedRaftLogWorker was interrupted, exiting. There are 0 tasks remaining in the queue.
2019-11-17 11:09:19,626 [ce4f5a27-7d6e-4546-9ae5-5afbf9a8c00c@group-FB88F8E3ECE4-SegmentedRaftLogWorker] INFO  segmented.SegmentedRaftLogWorker (SegmentedRaftLogWorker.java:run(316)) - ce4f5a27-7d6e-4546-9ae5-5afbf9a8c00c@group-FB88F8E3ECE4-SegmentedRaftLogWorker was interrupted, exiting. There are 0 tasks remaining in the queue.
2019-11-17 11:09:19,627 [main] INFO  segmented.SegmentedRaftLogWorker (SegmentedRaftLogWorker.java:close(224)) - 4c1e8795-b3d4-460e-8f85-df43444e9ba0@group-8330AF8A611E-SegmentedRaftLogWorker close()
2019-11-17 11:09:19,628 [ForkJoinPool.commonPool-worker-0] INFO  segmented.SegmentedRaftLogWorker (SegmentedRaftLogWorker.java:close(224)) - ce4f5a27-7d6e-4546-9ae5-5afbf9a8c00c@group-FB88F8E3ECE4-SegmentedRaftLogWorker close()
2019-11-17 11:09:19,630 [main] INFO  server.GrpcService (GrpcService.java:closeImpl(164)) - 4c1e8795-b3d4-460e-8f85-df43444e9ba0: shutdown server with port 35525 now
2019-11-17 11:09:19,633 [ForkJoinPool.commonPool-worker-0] INFO  server.GrpcService (GrpcService.java:closeImpl(164)) - ce4f5a27-7d6e-4546-9ae5-5afbf9a8c00c: shutdown server with port 44254 now
2019-11-17 11:09:19,634 [main] INFO  server.GrpcService (GrpcService.java:closeImpl(172)) - 4c1e8795-b3d4-460e-8f85-df43444e9ba0: shutdown server with port 35525 successfully
2019-11-17 11:09:19,634 [ForkJoinPool.commonPool-worker-0] INFO  server.GrpcService (GrpcService.java:closeImpl(172)) - ce4f5a27-7d6e-4546-9ae5-5afbf9a8c00c: shutdown server with port 44254 successfully
2019-11-17 11:09:19,638 [refreshUsed-/workdir/hadoop-ozone/integration-test/target/test-dir/MiniOzoneClusterImpl-184704d8-2d26-4abc-9155-7ef0d3d35dfc/datanode-0/data/containers] WARN  fs.CachingGetSpaceUsed (CachingGetSpaceUsed.java:run(183)) - Thread Interrupted waiting to refresh disk information: sleep interrupted
2019-11-17 11:09:19,638 [refreshUsed-/workdir/hadoop-ozone/integration-test/target/test-dir/MiniOzoneClusterImpl-184704d8-2d26-4abc-9155-7ef0d3d35dfc/datanode-4/data/containers] WARN  fs.CachingGetSpaceUsed (CachingGetSpaceUsed.java:run(183)) - Thread Interrupted waiting to refresh disk information: sleep interrupted
2019-11-17 11:09:19,661 [main] INFO  utils.BackgroundService (BackgroundService.java:shutdown(151)) - Shutting down service BlockDeletingService
2019-11-17 11:09:19,661 [ForkJoinPool.commonPool-worker-0] INFO  utils.BackgroundService (BackgroundService.java:shutdown(151)) - Shutting down service BlockDeletingService
2019-11-17 11:09:19,664 [ForkJoinPool.commonPool-worker-0] INFO  statemachine.DatanodeStateMachine (DatanodeStateMachine.java:stopDaemon(400)) - Ozone container server stopped.
2019-11-17 11:09:19,665 [main] INFO  statemachine.DatanodeStateMachine (DatanodeStateMachine.java:stopDaemon(400)) - Ozone container server stopped.
2019-11-17 11:09:19,669 [main] INFO  handler.ContextHandler (ContextHandler.java:doStop(910)) - Stopped o.e.j.w.WebAppContext@75023c53{/,null,UNAVAILABLE}{/hddsDatanode}
2019-11-17 11:09:19,669 [ForkJoinPool.commonPool-worker-0] INFO  handler.ContextHandler (ContextHandler.java:doStop(910)) - Stopped o.e.j.w.WebAppContext@1bf14704{/,null,UNAVAILABLE}{/hddsDatanode}
2019-11-17 11:09:19,669 [ForkJoinPool.commonPool-worker-0] INFO  server.AbstractConnector (AbstractConnector.java:doStop(318)) - Stopped ServerConnector@5a545b0f{HTTP/1.1,[http/1.1]}{0.0.0.0:0}
2019-11-17 11:09:19,669 [main] INFO  server.AbstractConnector (AbstractConnector.java:doStop(318)) - Stopped ServerConnector@66813e6e{HTTP/1.1,[http/1.1]}{0.0.0.0:0}
2019-11-17 11:09:19,671 [ForkJoinPool.commonPool-worker-0] INFO  handler.ContextHandler (ContextHandler.java:doStop(910)) - Stopped o.e.j.s.ServletContextHandler@6fff46bf{/static,jar:file:/home/user/.m2/repository/org/apache/hadoop/hadoop-hdds-container-service/0.5.0-SNAPSHOT/hadoop-hdds-container-service-0.5.0-SNAPSHOT.jar!/webapps/static,UNAVAILABLE}
2019-11-17 11:09:19,672 [main] INFO  handler.ContextHandler (ContextHandler.java:doStop(910)) - Stopped o.e.j.s.ServletContextHandler@33eb6758{/static,jar:file:/home/user/.m2/repository/org/apache/hadoop/hadoop-hdds-container-service/0.5.0-SNAPSHOT/hadoop-hdds-container-service-0.5.0-SNAPSHOT.jar!/webapps/static,UNAVAILABLE}
2019-11-17 11:09:19,672 [ForkJoinPool.commonPool-worker-0] INFO  handler.ContextHandler (ContextHandler.java:doStop(910)) - Stopped o.e.j.s.ServletContextHandler@748ac6f3{/logs,file:///workdir/hadoop-ozone/integration-test/target/log,UNAVAILABLE}
2019-11-17 11:09:19,672 [main] INFO  handler.ContextHandler (ContextHandler.java:doStop(910)) - Stopped o.e.j.s.ServletContextHandler@65f40689{/logs,file:///workdir/hadoop-ozone/integration-test/target/log,UNAVAILABLE}
2019-11-17 11:09:19,674 [main] INFO  ozone.MiniOzoneClusterImpl (MiniOzoneClusterImpl.java:stopSCM(430)) - Stopping the StorageContainerManager
2019-11-17 11:09:19,674 [main] INFO  server.StorageContainerManager (StorageContainerManager.java:stop(804)) - Stopping Replication Manager Service.
2019-11-17 11:09:19,674 [main] INFO  container.ReplicationManager (ReplicationManager.java:stop(203)) - Stopping Replication Monitor Thread.
2019-11-17 11:09:19,674 [main] INFO  server.StorageContainerManager (StorageContainerManager.java:stop(811)) - Stopping Lease Manager of the command watchers
2019-11-17 11:09:19,675 [main] INFO  server.StorageContainerManager (StorageContainerManager.java:stop(818)) - Stopping datanode service RPC server
2019-11-17 11:09:19,675 [main] INFO  server.SCMDatanodeProtocolServer (SCMDatanodeProtocolServer.java:stop(346)) - Stopping the RPC server for DataNodes
2019-11-17 11:09:19,675 [main] INFO  ipc.Server (Server.java:stop(3082)) - Stopping server on 45734
2019-11-17 11:09:19,678 [IPC Server listener on 45734] INFO  ipc.Server (Server.java:run(1185)) - Stopping IPC Server listener on 45734
2019-11-17 11:09:19,678 [IPC Server Responder] INFO  ipc.Server (Server.java:run(1319)) - Stopping IPC Server Responder
2019-11-17 11:09:19,733 [SCM Heartbeat Processing Thread - 0] WARN  node.NodeStateManager (NodeStateManager.java:scheduleNextHealthCheck(646)) - Current Thread is interrupted, shutting down HB processing thread for Node Manager.
2019-11-17 11:09:19,734 [main] INFO  server.StorageContainerManager (StorageContainerManager.java:stop(826)) - Stopping block service RPC server
2019-11-17 11:09:19,734 [main] INFO  server.SCMBlockProtocolServer (SCMBlockProtocolServer.java:stop(155)) - Stopping the RPC server for Block Protocol
2019-11-17 11:09:19,734 [main] INFO  ipc.Server (Server.java:stop(3082)) - Stopping server on 45350
2019-11-17 11:09:19,735 [IPC Server listener on 45350] INFO  ipc.Server (Server.java:run(1185)) - Stopping IPC Server listener on 45350
2019-11-17 11:09:19,736 [main] INFO  server.StorageContainerManager (StorageContainerManager.java:stop(833)) - Stopping the StorageContainerLocationProtocol RPC server
2019-11-17 11:09:19,736 [IPC Server Responder] INFO  ipc.Server (Server.java:run(1319)) - Stopping IPC Server Responder
2019-11-17 11:09:19,736 [main] INFO  server.SCMClientProtocolServer (SCMClientProtocolServer.java:stop(169)) - Stopping the RPC server for Client Protocol
2019-11-17 11:09:19,737 [main] INFO  ipc.Server (Server.java:stop(3082)) - Stopping server on 36678
2019-11-17 11:09:19,739 [IPC Server listener on 36678] INFO  ipc.Server (Server.java:run(1185)) - Stopping IPC Server listener on 36678
2019-11-17 11:09:19,739 [main] INFO  server.StorageContainerManager (StorageContainerManager.java:stop(840)) - Stopping Storage Container Manager HTTP server.
2019-11-17 11:09:19,740 [IPC Server Responder] INFO  ipc.Server (Server.java:run(1319)) - Stopping IPC Server Responder
2019-11-17 11:09:19,741 [main] INFO  handler.ContextHandler (ContextHandler.java:doStop(910)) - Stopped o.e.j.w.WebAppContext@267cde2e{/,null,UNAVAILABLE}{/scm}
2019-11-17 11:09:19,742 [main] INFO  server.AbstractConnector (AbstractConnector.java:doStop(318)) - Stopped ServerConnector@609e57da{HTTP/1.1,[http/1.1]}{0.0.0.0:0}
2019-11-17 11:09:19,742 [main] INFO  handler.ContextHandler (ContextHandler.java:doStop(910)) - Stopped o.e.j.s.ServletContextHandler@3e8b3b79{/static,file:///workdir/hadoop-ozone/integration-test/target/test-classes/webapps/static,UNAVAILABLE}
2019-11-17 11:09:19,742 [main] INFO  handler.ContextHandler (ContextHandler.java:doStop(910)) - Stopped o.e.j.s.ServletContextHandler@345d053b{/logs,file:///workdir/hadoop-ozone/integration-test/target/log,UNAVAILABLE}
2019-11-17 11:09:19,743 [main] INFO  server.StorageContainerManager (StorageContainerManager.java:stop(851)) - Stopping Block Manager Service.
2019-11-17 11:09:19,744 [main] INFO  utils.BackgroundService (BackgroundService.java:shutdown(151)) - Shutting down service SCMBlockDeletingService
2019-11-17 11:09:19,744 [main] INFO  utils.BackgroundService (BackgroundService.java:shutdown(151)) - Shutting down service SCMBlockDeletingService
2019-11-17 11:09:19,744 [main] INFO  server.StorageContainerManager (StorageContainerManager.java:stop(873)) - Stopping SCM Event Queue.
2019-11-17 11:09:19,750 [main] INFO  impl.MetricsSystemImpl (MetricsSystemImpl.java:stop(210)) - Stopping HddsDatanode metrics system...
2019-11-17 11:09:19,760 [main] INFO  impl.MetricsSystemImpl (MetricsSystemImpl.java:stop(216)) - HddsDatanode metrics system stopped.
]]></system-out>
    <system-err><![CDATA[Nov 17, 2019 11:09:14 AM org.apache.ratis.thirdparty.io.grpc.internal.SerializingExecutor run
SEVERE: Exception while executing runnable org.apache.ratis.thirdparty.io.grpc.internal.ServerImpl$JumpToApplicationThreadServerStreamListener$1Closed@794a1750
org.apache.ratis.thirdparty.io.grpc.StatusRuntimeException: CANCELLED: call already cancelled
	at org.apache.ratis.thirdparty.io.grpc.Status.asRuntimeException(Status.java:517)
	at org.apache.ratis.thirdparty.io.grpc.stub.ServerCalls$ServerCallStreamObserverImpl.onCompleted(ServerCalls.java:356)
	at org.apache.ratis.grpc.server.GrpcServerProtocolService$ServerRequestStreamObserver.onError(GrpcServerProtocolService.java:121)
	at org.apache.ratis.thirdparty.io.grpc.stub.ServerCalls$StreamingServerCallHandler$StreamingServerCallListener.onCancel(ServerCalls.java:269)
	at org.apache.ratis.thirdparty.io.grpc.internal.ServerCallImpl$ServerStreamListenerImpl.closed(ServerCallImpl.java:293)
	at org.apache.ratis.thirdparty.io.grpc.internal.ServerImpl$JumpToApplicationThreadServerStreamListener$1Closed.runInContext(ServerImpl.java:741)
	at org.apache.ratis.thirdparty.io.grpc.internal.ContextRunnable.run(ContextRunnable.java:37)
	at org.apache.ratis.thirdparty.io.grpc.internal.SerializingExecutor.run(SerializingExecutor.java:123)
	at java.util.concurrent.ThreadPoolExecutor.runWorker(ThreadPoolExecutor.java:1149)
	at java.util.concurrent.ThreadPoolExecutor$Worker.run(ThreadPoolExecutor.java:624)
	at java.lang.Thread.run(Thread.java:748)

]]></system-err>
  </testcase>
</testsuite>