<?xml version="1.0" encoding="UTF-8"?>
<testsuite xmlns:xsi="http://www.w3.org/2001/XMLSchema-instance" xsi:noNamespaceSchemaLocation="https://maven.apache.org/surefire/maven-surefire-plugin/xsd/surefire-test-report.xsd" name="org.apache.hadoop.ozone.client.rpc.TestFailureHandlingByClient" time="225.893" tests="5" errors="1" skipped="0" failures="0">
  <properties>
    <property name="awt.toolkit" value="sun.awt.X11.XToolkit"/>
    <property name="file.encoding.pkg" value="sun.io"/>
    <property name="java.specification.version" value="1.8"/>
    <property name="sun.cpu.isalist" value=""/>
    <property name="sun.jnu.encoding" value="ANSI_X3.4-1968"/>
    <property name="java.class.path" value="/workdir/hadoop-ozone/integration-test/target/test-classes:/workdir/hadoop-ozone/integration-test/target/classes:/home/user/.m2/repository/org/apache/hadoop/hadoop-ozone-common/0.5.0-SNAPSHOT/hadoop-ozone-common-0.5.0-SNAPSHOT.jar:/home/user/.m2/repository/org/apache/commons/commons-compress/1.4.1/commons-compress-1.4.1.jar:/home/user/.m2/repository/org/tukaani/xz/1.0/xz-1.0.jar:/home/user/.m2/repository/org/apache/hadoop/hadoop-common/3.2.0/hadoop-common-3.2.0.jar:/home/user/.m2/repository/org/apache/hadoop/hadoop-hdfs/3.2.0/hadoop-hdfs-3.2.0.jar:/home/user/.m2/repository/org/apache/hadoop/hadoop-hdfs-client/3.2.0/hadoop-hdfs-client-3.2.0.jar:/home/user/.m2/repository/com/fasterxml/jackson/core/jackson-annotations/2.9.9/jackson-annotations-2.9.9.jar:/home/user/.m2/repository/org/apache/hadoop/hadoop-hdds-common/0.5.0-SNAPSHOT/hadoop-hdds-common-0.5.0-SNAPSHOT.jar:/home/user/.m2/repository/javax/annotation/javax.annotation-api/1.2/javax.annotation-api-1.2.jar:/home/user/.m2/repository/org/apache/ratis/ratis-server/0.5.0-d6d58d0-SNAPSHOT/ratis-server-0.5.0-d6d58d0-SNAPSHOT.jar:/home/user/.m2/repository/org/apache/ratis/ratis-thirdparty-misc/0.2.0/ratis-thirdparty-misc-0.2.0.jar:/home/user/.m2/repository/org/apache/ratis/ratis-proto/0.5.0-d6d58d0-SNAPSHOT/ratis-proto-0.5.0-d6d58d0-SNAPSHOT.jar:/home/user/.m2/repository/org/apache/ratis/ratis-common/0.5.0-d6d58d0-SNAPSHOT/ratis-common-0.5.0-d6d58d0-SNAPSHOT.jar:/home/user/.m2/repository/org/apache/ratis/ratis-client/0.5.0-d6d58d0-SNAPSHOT/ratis-client-0.5.0-d6d58d0-SNAPSHOT.jar:/home/user/.m2/repository/org/apache/ratis/ratis-metrics/0.5.0-d6d58d0-SNAPSHOT/ratis-metrics-0.5.0-d6d58d0-SNAPSHOT.jar:/home/user/.m2/repository/org/apache/ratis/ratis-netty/0.5.0-d6d58d0-SNAPSHOT/ratis-netty-0.5.0-d6d58d0-SNAPSHOT.jar:/home/user/.m2/repository/org/apache/ratis/ratis-grpc/0.5.0-d6d58d0-SNAPSHOT/ratis-grpc-0.5.0-d6d58d0-SNAPSHOT.jar:/home/user/.m2/repository/org/rocksdb/rocksdbjni/6.0.1/rocksdbjni-6.0.1.jar:/home/user/.m2/repository/org/apache/logging/log4j/log4j-api/2.11.0/log4j-api-2.11.0.jar:/home/user/.m2/repository/org/apache/logging/log4j/log4j-core/2.11.0/log4j-core-2.11.0.jar:/home/user/.m2/repository/com/lmax/disruptor/3.4.2/disruptor-3.4.2.jar:/home/user/.m2/repository/org/apache/commons/commons-pool2/2.6.0/commons-pool2-2.6.0.jar:/home/user/.m2/repository/org/bouncycastle/bcpkix-jdk15on/1.60/bcpkix-jdk15on-1.60.jar:/home/user/.m2/repository/commons-validator/commons-validator/1.6/commons-validator-1.6.jar:/home/user/.m2/repository/commons-digester/commons-digester/1.8.1/commons-digester-1.8.1.jar:/home/user/.m2/repository/io/jaegertracing/jaeger-client/0.34.0/jaeger-client-0.34.0.jar:/home/user/.m2/repository/io/jaegertracing/jaeger-thrift/0.34.0/jaeger-thrift-0.34.0.jar:/home/user/.m2/repository/org/apache/thrift/libthrift/0.12.0/libthrift-0.12.0.jar:/home/user/.m2/repository/com/squareup/okhttp3/okhttp/3.9.0/okhttp-3.9.0.jar:/home/user/.m2/repository/com/squareup/okio/okio/1.13.0/okio-1.13.0.jar:/home/user/.m2/repository/io/jaegertracing/jaeger-core/0.34.0/jaeger-core-0.34.0.jar:/home/user/.m2/repository/io/jaegertracing/jaeger-tracerresolver/0.34.0/jaeger-tracerresolver-0.34.0.jar:/home/user/.m2/repository/io/opentracing/contrib/opentracing-tracerresolver/0.1.5/opentracing-tracerresolver-0.1.5.jar:/home/user/.m2/repository/io/opentracing/opentracing-util/0.31.0/opentracing-util-0.31.0.jar:/home/user/.m2/repository/io/opentracing/opentracing-api/0.31.0/opentracing-api-0.31.0.jar:/home/user/.m2/repository/io/opentracing/opentracing-noop/0.31.0/opentracing-noop-0.31.0.jar:/home/user/.m2/repository/org/apache/hadoop/hadoop-hdds-server-framework/0.5.0-SNAPSHOT/hadoop-hdds-server-framework-0.5.0-SNAPSHOT.jar:/home/user/.m2/repository/org/apache/hadoop/hadoop-hdds-container-service/0.5.0-SNAPSHOT/hadoop-hdds-container-service-0.5.0-SNAPSHOT.jar:/home/user/.m2/repository/org/apache/hadoop/hadoop-hdds-client/0.5.0-SNAPSHOT/hadoop-hdds-client-0.5.0-SNAPSHOT.jar:/home/user/.m2/repository/org/apache/hadoop/hadoop-hdds-tools/0.5.0-SNAPSHOT/hadoop-hdds-tools-0.5.0-SNAPSHOT.jar:/home/user/.m2/repository/org/apache/hadoop/hadoop-hdds-server-scm/0.5.0-SNAPSHOT/hadoop-hdds-server-scm-0.5.0-SNAPSHOT.jar:/home/user/.m2/repository/org/apache/hadoop/hadoop-hdds-docs/0.5.0-SNAPSHOT/hadoop-hdds-docs-0.5.0-SNAPSHOT.jar:/home/user/.m2/repository/io/dropwizard/metrics/metrics-core/3.2.4/metrics-core-3.2.4.jar:/home/user/.m2/repository/org/hamcrest/hamcrest-all/1.3/hamcrest-all-1.3.jar:/home/user/.m2/repository/org/bouncycastle/bcprov-jdk15on/1.60/bcprov-jdk15on-1.60.jar:/home/user/.m2/repository/info/picocli/picocli/3.9.6/picocli-3.9.6.jar:/home/user/.m2/repository/com/google/protobuf/protobuf-java/2.5.0/protobuf-java-2.5.0.jar:/home/user/.m2/repository/com/google/guava/guava/11.0.2/guava-11.0.2.jar:/home/user/.m2/repository/org/apache/hadoop/hadoop-ozone-ozone-manager/0.5.0-SNAPSHOT/hadoop-ozone-ozone-manager-0.5.0-SNAPSHOT.jar:/home/user/.m2/repository/org/apache/hadoop/hadoop-minikdc/3.2.0/hadoop-minikdc-3.2.0.jar:/home/user/.m2/repository/commons-io/commons-io/2.5/commons-io-2.5.jar:/home/user/.m2/repository/org/apache/kerby/kerb-simplekdc/1.0.1/kerb-simplekdc-1.0.1.jar:/home/user/.m2/repository/org/apache/kerby/kerb-client/1.0.1/kerb-client-1.0.1.jar:/home/user/.m2/repository/org/apache/kerby/kerby-config/1.0.1/kerby-config-1.0.1.jar:/home/user/.m2/repository/org/apache/kerby/kerb-core/1.0.1/kerb-core-1.0.1.jar:/home/user/.m2/repository/org/apache/kerby/kerby-pkix/1.0.1/kerby-pkix-1.0.1.jar:/home/user/.m2/repository/org/apache/kerby/kerby-asn1/1.0.1/kerby-asn1-1.0.1.jar:/home/user/.m2/repository/org/apache/kerby/kerby-util/1.0.1/kerby-util-1.0.1.jar:/home/user/.m2/repository/org/apache/kerby/kerb-common/1.0.1/kerb-common-1.0.1.jar:/home/user/.m2/repository/org/apache/kerby/kerb-crypto/1.0.1/kerb-crypto-1.0.1.jar:/home/user/.m2/repository/org/apache/kerby/kerb-util/1.0.1/kerb-util-1.0.1.jar:/home/user/.m2/repository/org/apache/kerby/token-provider/1.0.1/token-provider-1.0.1.jar:/home/user/.m2/repository/org/apache/kerby/kerb-admin/1.0.1/kerb-admin-1.0.1.jar:/home/user/.m2/repository/org/apache/kerby/kerb-server/1.0.1/kerb-server-1.0.1.jar:/home/user/.m2/repository/org/apache/kerby/kerb-identity/1.0.1/kerb-identity-1.0.1.jar:/home/user/.m2/repository/org/apache/kerby/kerby-xdr/1.0.1/kerby-xdr-1.0.1.jar:/home/user/.m2/repository/org/slf4j/slf4j-log4j12/1.7.25/slf4j-log4j12-1.7.25.jar:/home/user/.m2/repository/org/apache/hadoop/hadoop-ozone-s3gateway/0.5.0-SNAPSHOT/hadoop-ozone-s3gateway-0.5.0-SNAPSHOT.jar:/home/user/.m2/repository/org/jboss/weld/servlet/weld-servlet/2.4.7.Final/weld-servlet-2.4.7.Final.jar:/home/user/.m2/repository/org/glassfish/jersey/containers/jersey-container-servlet-core/2.27/jersey-container-servlet-core-2.27.jar:/home/user/.m2/repository/org/glassfish/hk2/external/javax.inject/2.5.0-b42/javax.inject-2.5.0-b42.jar:/home/user/.m2/repository/org/glassfish/jersey/core/jersey-common/2.27/jersey-common-2.27.jar:/home/user/.m2/repository/org/glassfish/hk2/osgi-resource-locator/1.0.1/osgi-resource-locator-1.0.1.jar:/home/user/.m2/repository/javax/ws/rs/javax.ws.rs-api/2.1/javax.ws.rs-api-2.1.jar:/home/user/.m2/repository/org/glassfish/jersey/ext/cdi/jersey-cdi1x/2.27/jersey-cdi1x-2.27.jar:/home/user/.m2/repository/org/glassfish/jersey/inject/jersey-hk2/2.27/jersey-hk2-2.27.jar:/home/user/.m2/repository/org/glassfish/hk2/hk2-locator/2.5.0-b42/hk2-locator-2.5.0-b42.jar:/home/user/.m2/repository/org/javassist/javassist/3.22.0-CR2/javassist-3.22.0-CR2.jar:/home/user/.m2/repository/org/glassfish/hk2/hk2-api/2.5.0/hk2-api-2.5.0.jar:/home/user/.m2/repository/org/glassfish/hk2/external/jakarta.inject/2.5.0/jakarta.inject-2.5.0.jar:/home/user/.m2/repository/org/glassfish/hk2/hk2-utils/2.5.0/hk2-utils-2.5.0.jar:/home/user/.m2/repository/jakarta/annotation/jakarta.annotation-api/1.3.4/jakarta.annotation-api-1.3.4.jar:/home/user/.m2/repository/org/glassfish/hk2/external/aopalliance-repackaged/2.5.0/aopalliance-repackaged-2.5.0.jar:/home/user/.m2/repository/com/fasterxml/jackson/dataformat/jackson-dataformat-xml/2.9.0/jackson-dataformat-xml-2.9.0.jar:/home/user/.m2/repository/com/fasterxml/jackson/core/jackson-core/2.9.9/jackson-core-2.9.9.jar:/home/user/.m2/repository/com/fasterxml/jackson/module/jackson-module-jaxb-annotations/2.9.9/jackson-module-jaxb-annotations-2.9.9.jar:/home/user/.m2/repository/javax/enterprise/cdi-api/1.2/cdi-api-1.2.jar:/home/user/.m2/repository/javax/el/javax.el-api/3.0.0/javax.el-api-3.0.0.jar:/home/user/.m2/repository/javax/interceptor/javax.interceptor-api/1.2/javax.interceptor-api-1.2.jar:/home/user/.m2/repository/javax/inject/javax.inject/1/javax.inject-1.jar:/home/user/.m2/repository/com/sun/xml/bind/jaxb-impl/2.3.0.1/jaxb-impl-2.3.0.1.jar:/home/user/.m2/repository/com/sun/xml/bind/jaxb-core/2.3.0.1/jaxb-core-2.3.0.1.jar:/home/user/.m2/repository/javax/xml/bind/jaxb-api/2.3.0/jaxb-api-2.3.0.jar:/home/user/.m2/repository/javax/activation/activation/1.1.1/activation-1.1.1.jar:/home/user/.m2/repository/org/apache/hadoop/hadoop-ozone-csi/0.5.0-SNAPSHOT/hadoop-ozone-csi-0.5.0-SNAPSHOT.jar:/home/user/.m2/repository/com/google/protobuf/protobuf-java-util/3.5.1/protobuf-java-util-3.5.1.jar:/home/user/.m2/repository/org/apache/hadoop/hadoop-hdds-config/0.5.0-SNAPSHOT/hadoop-hdds-config-0.5.0-SNAPSHOT.jar:/home/user/.m2/repository/io/grpc/grpc-netty/1.17.1/grpc-netty-1.17.1.jar:/home/user/.m2/repository/io/grpc/grpc-core/1.17.1/grpc-core-1.17.1.jar:/home/user/.m2/repository/io/grpc/grpc-context/1.17.1/grpc-context-1.17.1.jar:/home/user/.m2/repository/com/google/errorprone/error_prone_annotations/2.2.0/error_prone_annotations-2.2.0.jar:/home/user/.m2/repository/org/codehaus/mojo/animal-sniffer-annotations/1.17/animal-sniffer-annotations-1.17.jar:/home/user/.m2/repository/io/opencensus/opencensus-api/0.17.0/opencensus-api-0.17.0.jar:/home/user/.m2/repository/io/opencensus/opencensus-contrib-grpc-metrics/0.17.0/opencensus-contrib-grpc-metrics-0.17.0.jar:/home/user/.m2/repository/io/netty/netty-codec-http2/4.1.30.Final/netty-codec-http2-4.1.30.Final.jar:/home/user/.m2/repository/io/netty/netty-codec-http/4.1.30.Final/netty-codec-http-4.1.30.Final.jar:/home/user/.m2/repository/io/netty/netty-codec/4.1.30.Final/netty-codec-4.1.30.Final.jar:/home/user/.m2/repository/io/netty/netty-handler/4.1.30.Final/netty-handler-4.1.30.Final.jar:/home/user/.m2/repository/io/netty/netty-handler-proxy/4.1.30.Final/netty-handler-proxy-4.1.30.Final.jar:/home/user/.m2/repository/io/netty/netty-codec-socks/4.1.30.Final/netty-codec-socks-4.1.30.Final.jar:/home/user/.m2/repository/io/netty/netty-transport-native-epoll/4.1.30.Final/netty-transport-native-epoll-4.1.30.Final.jar:/home/user/.m2/repository/io/netty/netty-common/4.1.30.Final/netty-common-4.1.30.Final.jar:/home/user/.m2/repository/io/netty/netty-buffer/4.1.30.Final/netty-buffer-4.1.30.Final.jar:/home/user/.m2/repository/io/netty/netty-transport/4.1.30.Final/netty-transport-4.1.30.Final.jar:/home/user/.m2/repository/io/netty/netty-resolver/4.1.30.Final/netty-resolver-4.1.30.Final.jar:/home/user/.m2/repository/io/netty/netty-transport-native-unix-common/4.1.30.Final/netty-transport-native-unix-common-4.1.30.Final.jar:/home/user/.m2/repository/io/grpc/grpc-protobuf/1.17.1/grpc-protobuf-1.17.1.jar:/home/user/.m2/repository/com/google/api/grpc/proto-google-common-protos/1.0.0/proto-google-common-protos-1.0.0.jar:/home/user/.m2/repository/io/grpc/grpc-protobuf-lite/1.17.1/grpc-protobuf-lite-1.17.1.jar:/home/user/.m2/repository/io/grpc/grpc-stub/1.17.1/grpc-stub-1.17.1.jar:/home/user/.m2/repository/org/apache/hadoop/hadoop-ozone-recon/0.5.0-SNAPSHOT/hadoop-ozone-recon-0.5.0-SNAPSHOT.jar:/home/user/.m2/repository/org/apache/hadoop/hadoop-ozone-reconcodegen/0.5.0-SNAPSHOT/hadoop-ozone-reconcodegen-0.5.0-SNAPSHOT.jar:/home/user/.m2/repository/com/google/inject/extensions/guice-multibindings/4.0/guice-multibindings-4.0.jar:/home/user/.m2/repository/com/google/inject/guice/4.0/guice-4.0.jar:/home/user/.m2/repository/aopalliance/aopalliance/1.0/aopalliance-1.0.jar:/home/user/.m2/repository/com/google/inject/extensions/guice-servlet/4.0/guice-servlet-4.0.jar:/home/user/.m2/repository/org/glassfish/jersey/containers/jersey-container-servlet/2.27/jersey-container-servlet-2.27.jar:/home/user/.m2/repository/org/glassfish/hk2/guice-bridge/2.5.0/guice-bridge-2.5.0.jar:/home/user/.m2/repository/org/glassfish/jersey/core/jersey-server/2.27/jersey-server-2.27.jar:/home/user/.m2/repository/org/glassfish/jersey/core/jersey-client/2.27/jersey-client-2.27.jar:/home/user/.m2/repository/org/glassfish/jersey/media/jersey-media-jaxb/2.27/jersey-media-jaxb-2.27.jar:/home/user/.m2/repository/javax/validation/validation-api/1.1.0.Final/validation-api-1.1.0.Final.jar:/home/user/.m2/repository/org/glassfish/jersey/media/jersey-media-json-jackson/2.27/jersey-media-json-jackson-2.27.jar:/home/user/.m2/repository/org/glassfish/jersey/ext/jersey-entity-filtering/2.27/jersey-entity-filtering-2.27.jar:/home/user/.m2/repository/com/google/inject/extensions/guice-assistedinject/4.0/guice-assistedinject-4.0.jar:/home/user/.m2/repository/org/jooq/jooq/3.11.10/jooq-3.11.10.jar:/home/user/.m2/repository/org/jooq/jooq-meta/3.11.10/jooq-meta-3.11.10.jar:/home/user/.m2/repository/org/jooq/jooq-codegen/3.11.10/jooq-codegen-3.11.10.jar:/home/user/.m2/repository/com/jolbox/bonecp/0.8.0.RELEASE/bonecp-0.8.0.RELEASE.jar:/home/user/.m2/repository/org/xerial/sqlite-jdbc/3.25.2/sqlite-jdbc-3.25.2.jar:/home/user/.m2/repository/org/springframework/spring-jdbc/5.1.3.RELEASE/spring-jdbc-5.1.3.RELEASE.jar:/home/user/.m2/repository/org/springframework/spring-beans/5.1.3.RELEASE/spring-beans-5.1.3.RELEASE.jar:/home/user/.m2/repository/org/springframework/spring-core/5.1.3.RELEASE/spring-core-5.1.3.RELEASE.jar:/home/user/.m2/repository/org/springframework/spring-jcl/5.1.3.RELEASE/spring-jcl-5.1.3.RELEASE.jar:/home/user/.m2/repository/org/springframework/spring-tx/5.1.3.RELEASE/spring-tx-5.1.3.RELEASE.jar:/home/user/.m2/repository/org/apache/hadoop/hadoop-ozone-client/0.5.0-SNAPSHOT/hadoop-ozone-client-0.5.0-SNAPSHOT.jar:/home/user/.m2/repository/commons-lang/commons-lang/2.6/commons-lang-2.6.jar:/home/user/.m2/repository/org/apache/hadoop/hadoop-ozone-ozone-manager/0.5.0-SNAPSHOT/hadoop-ozone-ozone-manager-0.5.0-SNAPSHOT-tests.jar:/home/user/.m2/repository/junit/junit/4.11/junit-4.11.jar:/home/user/.m2/repository/org/hamcrest/hamcrest-core/1.3/hamcrest-core-1.3.jar:/home/user/.m2/repository/org/openjdk/jmh/jmh-core/1.19/jmh-core-1.19.jar:/home/user/.m2/repository/net/sf/jopt-simple/jopt-simple/4.6/jopt-simple-4.6.jar:/home/user/.m2/repository/org/apache/commons/commons-math3/3.1.1/commons-math3-3.1.1.jar:/home/user/.m2/repository/org/openjdk/jmh/jmh-generator-annprocess/1.19/jmh-generator-annprocess-1.19.jar:/home/user/.m2/repository/org/mockito/mockito-all/1.8.5/mockito-all-1.8.5.jar:/home/user/.m2/repository/org/apache/hadoop/hadoop-kms/3.2.0/hadoop-kms-3.2.0.jar:/home/user/.m2/repository/org/apache/hadoop/hadoop-auth/3.2.0/hadoop-auth-3.2.0.jar:/home/user/.m2/repository/com/nimbusds/nimbus-jose-jwt/4.41.1/nimbus-jose-jwt-4.41.1.jar:/home/user/.m2/repository/com/github/stephenc/jcip/jcip-annotations/1.0-1/jcip-annotations-1.0-1.jar:/home/user/.m2/repository/net/minidev/json-smart/2.3/json-smart-2.3.jar:/home/user/.m2/repository/net/minidev/accessors-smart/1.2/accessors-smart-1.2.jar:/home/user/.m2/repository/org/ow2/asm/asm/5.0.4/asm-5.0.4.jar:/home/user/.m2/repository/org/apache/curator/curator-framework/2.12.0/curator-framework-2.12.0.jar:/home/user/.m2/repository/com/sun/jersey/jersey-core/1.19/jersey-core-1.19.jar:/home/user/.m2/repository/javax/ws/rs/jsr311-api/1.1.1/jsr311-api-1.1.1.jar:/home/user/.m2/repository/com/sun/jersey/jersey-server/1.19/jersey-server-1.19.jar:/home/user/.m2/repository/javax/servlet/javax.servlet-api/3.1.0/javax.servlet-api-3.1.0.jar:/home/user/.m2/repository/org/eclipse/jetty/jetty-server/9.3.25.v20180904/jetty-server-9.3.25.v20180904.jar:/home/user/.m2/repository/org/eclipse/jetty/jetty-http/9.3.25.v20180904/jetty-http-9.3.25.v20180904.jar:/home/user/.m2/repository/org/eclipse/jetty/jetty-io/9.3.25.v20180904/jetty-io-9.3.25.v20180904.jar:/home/user/.m2/repository/org/eclipse/jetty/jetty-webapp/9.3.25.v20180904/jetty-webapp-9.3.25.v20180904.jar:/home/user/.m2/repository/org/eclipse/jetty/jetty-xml/9.3.25.v20180904/jetty-xml-9.3.25.v20180904.jar:/home/user/.m2/repository/log4j/log4j/1.2.17/log4j-1.2.17.jar:/home/user/.m2/repository/org/slf4j/slf4j-api/1.7.25/slf4j-api-1.7.25.jar:/home/user/.m2/repository/org/slf4j/jul-to-slf4j/1.7.25/jul-to-slf4j-1.7.25.jar:/home/user/.m2/repository/org/eclipse/jetty/jetty-util/9.3.25.v20180904/jetty-util-9.3.25.v20180904.jar:/home/user/.m2/repository/com/fasterxml/jackson/core/jackson-databind/2.9.9/jackson-databind-2.9.9.jar:/home/user/.m2/repository/org/apache/hadoop/hadoop-kms/3.2.0/hadoop-kms-3.2.0-tests.jar:/home/user/.m2/repository/org/apache/hadoop/hadoop-hdds-server-scm/0.5.0-SNAPSHOT/hadoop-hdds-server-scm-0.5.0-SNAPSHOT-tests.jar:/home/user/.m2/repository/org/apache/hadoop/hadoop-hdds-container-service/0.5.0-SNAPSHOT/hadoop-hdds-container-service-0.5.0-SNAPSHOT-tests.jar:/home/user/.m2/repository/org/yaml/snakeyaml/1.16/snakeyaml-1.16.jar:/home/user/.m2/repository/org/apache/hadoop/hadoop-common/3.2.0/hadoop-common-3.2.0-tests.jar:/home/user/.m2/repository/org/apache/hadoop/hadoop-annotations/3.2.0/hadoop-annotations-3.2.0.jar:/usr/lib/jvm/java-1.8.0-openjdk-1.8.0.222.b10-1.el7_7.x86_64/jre/../lib/tools.jar:/home/user/.m2/repository/commons-cli/commons-cli/1.2/commons-cli-1.2.jar:/home/user/.m2/repository/org/apache/httpcomponents/httpclient/4.5.2/httpclient-4.5.2.jar:/home/user/.m2/repository/org/apache/httpcomponents/httpcore/4.4.4/httpcore-4.4.4.jar:/home/user/.m2/repository/commons-codec/commons-codec/1.11/commons-codec-1.11.jar:/home/user/.m2/repository/commons-net/commons-net/3.6/commons-net-3.6.jar:/home/user/.m2/repository/commons-collections/commons-collections/3.2.2/commons-collections-3.2.2.jar:/home/user/.m2/repository/org/eclipse/jetty/jetty-servlet/9.3.25.v20180904/jetty-servlet-9.3.25.v20180904.jar:/home/user/.m2/repository/org/eclipse/jetty/jetty-security/9.3.25.v20180904/jetty-security-9.3.25.v20180904.jar:/home/user/.m2/repository/javax/servlet/jsp/jsp-api/2.1/jsp-api-2.1.jar:/home/user/.m2/repository/com/sun/jersey/jersey-servlet/1.19/jersey-servlet-1.19.jar:/home/user/.m2/repository/com/sun/jersey/jersey-json/1.19/jersey-json-1.19.jar:/home/user/.m2/repository/org/codehaus/jettison/jettison/1.1/jettison-1.1.jar:/home/user/.m2/repository/org/codehaus/jackson/jackson-core-asl/1.9.13/jackson-core-asl-1.9.13.jar:/home/user/.m2/repository/org/codehaus/jackson/jackson-mapper-asl/1.9.13/jackson-mapper-asl-1.9.13.jar:/home/user/.m2/repository/org/codehaus/jackson/jackson-jaxrs/1.9.13/jackson-jaxrs-1.9.13.jar:/home/user/.m2/repository/org/codehaus/jackson/jackson-xc/1.9.13/jackson-xc-1.9.13.jar:/home/user/.m2/repository/commons-logging/commons-logging/1.1.3/commons-logging-1.1.3.jar:/home/user/.m2/repository/commons-beanutils/commons-beanutils/1.9.4/commons-beanutils-1.9.4.jar:/home/user/.m2/repository/org/apache/commons/commons-configuration2/2.1.1/commons-configuration2-2.1.1.jar:/home/user/.m2/repository/org/apache/commons/commons-lang3/3.7/commons-lang3-3.7.jar:/home/user/.m2/repository/org/apache/commons/commons-text/1.4/commons-text-1.4.jar:/home/user/.m2/repository/org/apache/avro/avro/1.7.7/avro-1.7.7.jar:/home/user/.m2/repository/com/thoughtworks/paranamer/paranamer/2.3/paranamer-2.3.jar:/home/user/.m2/repository/org/xerial/snappy/snappy-java/1.0.5/snappy-java-1.0.5.jar:/home/user/.m2/repository/com/google/re2j/re2j/1.1/re2j-1.1.jar:/home/user/.m2/repository/com/google/code/gson/gson/2.2.4/gson-2.2.4.jar:/home/user/.m2/repository/com/jcraft/jsch/0.1.54/jsch-0.1.54.jar:/home/user/.m2/repository/org/apache/curator/curator-client/2.12.0/curator-client-2.12.0.jar:/home/user/.m2/repository/org/apache/curator/curator-recipes/2.12.0/curator-recipes-2.12.0.jar:/home/user/.m2/repository/com/google/code/findbugs/jsr305/3.0.0/jsr305-3.0.0.jar:/home/user/.m2/repository/org/apache/htrace/htrace-core4/4.1.0-incubating/htrace-core4-4.1.0-incubating.jar:/home/user/.m2/repository/org/apache/zookeeper/zookeeper/3.4.13/zookeeper-3.4.13.jar:/home/user/.m2/repository/jline/jline/0.9.94/jline-0.9.94.jar:/home/user/.m2/repository/org/apache/yetus/audience-annotations/0.5.0/audience-annotations-0.5.0.jar:/home/user/.m2/repository/org/codehaus/woodstox/stax2-api/3.1.4/stax2-api-3.1.4.jar:/home/user/.m2/repository/com/fasterxml/woodstox/woodstox-core/5.0.3/woodstox-core-5.0.3.jar:/home/user/.m2/repository/dnsjava/dnsjava/2.1.7/dnsjava-2.1.7.jar:/home/user/.m2/repository/org/apache/hadoop/hadoop-hdfs/3.2.0/hadoop-hdfs-3.2.0-tests.jar:/home/user/.m2/repository/org/eclipse/jetty/jetty-util-ajax/9.3.25.v20180904/jetty-util-ajax-9.3.25.v20180904.jar:/home/user/.m2/repository/commons-daemon/commons-daemon/1.0.13/commons-daemon-1.0.13.jar:/home/user/.m2/repository/io/netty/netty/3.10.5.Final/netty-3.10.5.Final.jar:/home/user/.m2/repository/io/netty/netty-all/4.0.52.Final/netty-all-4.0.52.Final.jar:/home/user/.m2/repository/org/fusesource/leveldbjni/leveldbjni-all/1.8/leveldbjni-all-1.8.jar:"/>
    <property name="java.vm.vendor" value="Oracle Corporation"/>
    <property name="sun.arch.data.model" value="64"/>
    <property name="test.build.dir" value="/workdir/hadoop-ozone/integration-test/target/test-dir"/>
    <property name="test.cache.data" value=""/>
    <property name="java.vendor.url" value="http://java.oracle.com/"/>
    <property name="user.timezone" value=""/>
    <property name="java.vm.specification.version" value="1.8"/>
    <property name="os.name" value="Linux"/>
    <property name="test.build.data" value="/workdir/hadoop-ozone/integration-test/target/test-dir"/>
    <property name="user.country" value="US"/>
    <property name="sun.java.launcher" value="SUN_STANDARD"/>
    <property name="sun.boot.library.path" value="/usr/lib/jvm/java-1.8.0-openjdk-1.8.0.222.b10-1.el7_7.x86_64/jre/lib/amd64"/>
    <property name="sun.java.command" value="/workdir/hadoop-ozone/integration-test/target/surefire/surefirebooter7057065469188230449.jar /workdir/hadoop-ozone/integration-test/target/surefire 2019-11-17T10-34-11_332-jvmRun1 surefire1167273313195178088tmp surefire_492507749135000315621tmp"/>
    <property name="surefire.test.class.path" value="/workdir/hadoop-ozone/integration-test/target/test-classes:/workdir/hadoop-ozone/integration-test/target/classes:/home/user/.m2/repository/org/apache/hadoop/hadoop-ozone-common/0.5.0-SNAPSHOT/hadoop-ozone-common-0.5.0-SNAPSHOT.jar:/home/user/.m2/repository/org/apache/commons/commons-compress/1.4.1/commons-compress-1.4.1.jar:/home/user/.m2/repository/org/tukaani/xz/1.0/xz-1.0.jar:/home/user/.m2/repository/org/apache/hadoop/hadoop-common/3.2.0/hadoop-common-3.2.0.jar:/home/user/.m2/repository/org/apache/hadoop/hadoop-hdfs/3.2.0/hadoop-hdfs-3.2.0.jar:/home/user/.m2/repository/org/apache/hadoop/hadoop-hdfs-client/3.2.0/hadoop-hdfs-client-3.2.0.jar:/home/user/.m2/repository/com/fasterxml/jackson/core/jackson-annotations/2.9.9/jackson-annotations-2.9.9.jar:/home/user/.m2/repository/org/apache/hadoop/hadoop-hdds-common/0.5.0-SNAPSHOT/hadoop-hdds-common-0.5.0-SNAPSHOT.jar:/home/user/.m2/repository/javax/annotation/javax.annotation-api/1.2/javax.annotation-api-1.2.jar:/home/user/.m2/repository/org/apache/ratis/ratis-server/0.5.0-d6d58d0-SNAPSHOT/ratis-server-0.5.0-d6d58d0-SNAPSHOT.jar:/home/user/.m2/repository/org/apache/ratis/ratis-thirdparty-misc/0.2.0/ratis-thirdparty-misc-0.2.0.jar:/home/user/.m2/repository/org/apache/ratis/ratis-proto/0.5.0-d6d58d0-SNAPSHOT/ratis-proto-0.5.0-d6d58d0-SNAPSHOT.jar:/home/user/.m2/repository/org/apache/ratis/ratis-common/0.5.0-d6d58d0-SNAPSHOT/ratis-common-0.5.0-d6d58d0-SNAPSHOT.jar:/home/user/.m2/repository/org/apache/ratis/ratis-client/0.5.0-d6d58d0-SNAPSHOT/ratis-client-0.5.0-d6d58d0-SNAPSHOT.jar:/home/user/.m2/repository/org/apache/ratis/ratis-metrics/0.5.0-d6d58d0-SNAPSHOT/ratis-metrics-0.5.0-d6d58d0-SNAPSHOT.jar:/home/user/.m2/repository/org/apache/ratis/ratis-netty/0.5.0-d6d58d0-SNAPSHOT/ratis-netty-0.5.0-d6d58d0-SNAPSHOT.jar:/home/user/.m2/repository/org/apache/ratis/ratis-grpc/0.5.0-d6d58d0-SNAPSHOT/ratis-grpc-0.5.0-d6d58d0-SNAPSHOT.jar:/home/user/.m2/repository/org/rocksdb/rocksdbjni/6.0.1/rocksdbjni-6.0.1.jar:/home/user/.m2/repository/org/apache/logging/log4j/log4j-api/2.11.0/log4j-api-2.11.0.jar:/home/user/.m2/repository/org/apache/logging/log4j/log4j-core/2.11.0/log4j-core-2.11.0.jar:/home/user/.m2/repository/com/lmax/disruptor/3.4.2/disruptor-3.4.2.jar:/home/user/.m2/repository/org/apache/commons/commons-pool2/2.6.0/commons-pool2-2.6.0.jar:/home/user/.m2/repository/org/bouncycastle/bcpkix-jdk15on/1.60/bcpkix-jdk15on-1.60.jar:/home/user/.m2/repository/commons-validator/commons-validator/1.6/commons-validator-1.6.jar:/home/user/.m2/repository/commons-digester/commons-digester/1.8.1/commons-digester-1.8.1.jar:/home/user/.m2/repository/io/jaegertracing/jaeger-client/0.34.0/jaeger-client-0.34.0.jar:/home/user/.m2/repository/io/jaegertracing/jaeger-thrift/0.34.0/jaeger-thrift-0.34.0.jar:/home/user/.m2/repository/org/apache/thrift/libthrift/0.12.0/libthrift-0.12.0.jar:/home/user/.m2/repository/com/squareup/okhttp3/okhttp/3.9.0/okhttp-3.9.0.jar:/home/user/.m2/repository/com/squareup/okio/okio/1.13.0/okio-1.13.0.jar:/home/user/.m2/repository/io/jaegertracing/jaeger-core/0.34.0/jaeger-core-0.34.0.jar:/home/user/.m2/repository/io/jaegertracing/jaeger-tracerresolver/0.34.0/jaeger-tracerresolver-0.34.0.jar:/home/user/.m2/repository/io/opentracing/contrib/opentracing-tracerresolver/0.1.5/opentracing-tracerresolver-0.1.5.jar:/home/user/.m2/repository/io/opentracing/opentracing-util/0.31.0/opentracing-util-0.31.0.jar:/home/user/.m2/repository/io/opentracing/opentracing-api/0.31.0/opentracing-api-0.31.0.jar:/home/user/.m2/repository/io/opentracing/opentracing-noop/0.31.0/opentracing-noop-0.31.0.jar:/home/user/.m2/repository/org/apache/hadoop/hadoop-hdds-server-framework/0.5.0-SNAPSHOT/hadoop-hdds-server-framework-0.5.0-SNAPSHOT.jar:/home/user/.m2/repository/org/apache/hadoop/hadoop-hdds-container-service/0.5.0-SNAPSHOT/hadoop-hdds-container-service-0.5.0-SNAPSHOT.jar:/home/user/.m2/repository/org/apache/hadoop/hadoop-hdds-client/0.5.0-SNAPSHOT/hadoop-hdds-client-0.5.0-SNAPSHOT.jar:/home/user/.m2/repository/org/apache/hadoop/hadoop-hdds-tools/0.5.0-SNAPSHOT/hadoop-hdds-tools-0.5.0-SNAPSHOT.jar:/home/user/.m2/repository/org/apache/hadoop/hadoop-hdds-server-scm/0.5.0-SNAPSHOT/hadoop-hdds-server-scm-0.5.0-SNAPSHOT.jar:/home/user/.m2/repository/org/apache/hadoop/hadoop-hdds-docs/0.5.0-SNAPSHOT/hadoop-hdds-docs-0.5.0-SNAPSHOT.jar:/home/user/.m2/repository/io/dropwizard/metrics/metrics-core/3.2.4/metrics-core-3.2.4.jar:/home/user/.m2/repository/org/hamcrest/hamcrest-all/1.3/hamcrest-all-1.3.jar:/home/user/.m2/repository/org/bouncycastle/bcprov-jdk15on/1.60/bcprov-jdk15on-1.60.jar:/home/user/.m2/repository/info/picocli/picocli/3.9.6/picocli-3.9.6.jar:/home/user/.m2/repository/com/google/protobuf/protobuf-java/2.5.0/protobuf-java-2.5.0.jar:/home/user/.m2/repository/com/google/guava/guava/11.0.2/guava-11.0.2.jar:/home/user/.m2/repository/org/apache/hadoop/hadoop-ozone-ozone-manager/0.5.0-SNAPSHOT/hadoop-ozone-ozone-manager-0.5.0-SNAPSHOT.jar:/home/user/.m2/repository/org/apache/hadoop/hadoop-minikdc/3.2.0/hadoop-minikdc-3.2.0.jar:/home/user/.m2/repository/commons-io/commons-io/2.5/commons-io-2.5.jar:/home/user/.m2/repository/org/apache/kerby/kerb-simplekdc/1.0.1/kerb-simplekdc-1.0.1.jar:/home/user/.m2/repository/org/apache/kerby/kerb-client/1.0.1/kerb-client-1.0.1.jar:/home/user/.m2/repository/org/apache/kerby/kerby-config/1.0.1/kerby-config-1.0.1.jar:/home/user/.m2/repository/org/apache/kerby/kerb-core/1.0.1/kerb-core-1.0.1.jar:/home/user/.m2/repository/org/apache/kerby/kerby-pkix/1.0.1/kerby-pkix-1.0.1.jar:/home/user/.m2/repository/org/apache/kerby/kerby-asn1/1.0.1/kerby-asn1-1.0.1.jar:/home/user/.m2/repository/org/apache/kerby/kerby-util/1.0.1/kerby-util-1.0.1.jar:/home/user/.m2/repository/org/apache/kerby/kerb-common/1.0.1/kerb-common-1.0.1.jar:/home/user/.m2/repository/org/apache/kerby/kerb-crypto/1.0.1/kerb-crypto-1.0.1.jar:/home/user/.m2/repository/org/apache/kerby/kerb-util/1.0.1/kerb-util-1.0.1.jar:/home/user/.m2/repository/org/apache/kerby/token-provider/1.0.1/token-provider-1.0.1.jar:/home/user/.m2/repository/org/apache/kerby/kerb-admin/1.0.1/kerb-admin-1.0.1.jar:/home/user/.m2/repository/org/apache/kerby/kerb-server/1.0.1/kerb-server-1.0.1.jar:/home/user/.m2/repository/org/apache/kerby/kerb-identity/1.0.1/kerb-identity-1.0.1.jar:/home/user/.m2/repository/org/apache/kerby/kerby-xdr/1.0.1/kerby-xdr-1.0.1.jar:/home/user/.m2/repository/org/slf4j/slf4j-log4j12/1.7.25/slf4j-log4j12-1.7.25.jar:/home/user/.m2/repository/org/apache/hadoop/hadoop-ozone-s3gateway/0.5.0-SNAPSHOT/hadoop-ozone-s3gateway-0.5.0-SNAPSHOT.jar:/home/user/.m2/repository/org/jboss/weld/servlet/weld-servlet/2.4.7.Final/weld-servlet-2.4.7.Final.jar:/home/user/.m2/repository/org/glassfish/jersey/containers/jersey-container-servlet-core/2.27/jersey-container-servlet-core-2.27.jar:/home/user/.m2/repository/org/glassfish/hk2/external/javax.inject/2.5.0-b42/javax.inject-2.5.0-b42.jar:/home/user/.m2/repository/org/glassfish/jersey/core/jersey-common/2.27/jersey-common-2.27.jar:/home/user/.m2/repository/org/glassfish/hk2/osgi-resource-locator/1.0.1/osgi-resource-locator-1.0.1.jar:/home/user/.m2/repository/javax/ws/rs/javax.ws.rs-api/2.1/javax.ws.rs-api-2.1.jar:/home/user/.m2/repository/org/glassfish/jersey/ext/cdi/jersey-cdi1x/2.27/jersey-cdi1x-2.27.jar:/home/user/.m2/repository/org/glassfish/jersey/inject/jersey-hk2/2.27/jersey-hk2-2.27.jar:/home/user/.m2/repository/org/glassfish/hk2/hk2-locator/2.5.0-b42/hk2-locator-2.5.0-b42.jar:/home/user/.m2/repository/org/javassist/javassist/3.22.0-CR2/javassist-3.22.0-CR2.jar:/home/user/.m2/repository/org/glassfish/hk2/hk2-api/2.5.0/hk2-api-2.5.0.jar:/home/user/.m2/repository/org/glassfish/hk2/external/jakarta.inject/2.5.0/jakarta.inject-2.5.0.jar:/home/user/.m2/repository/org/glassfish/hk2/hk2-utils/2.5.0/hk2-utils-2.5.0.jar:/home/user/.m2/repository/jakarta/annotation/jakarta.annotation-api/1.3.4/jakarta.annotation-api-1.3.4.jar:/home/user/.m2/repository/org/glassfish/hk2/external/aopalliance-repackaged/2.5.0/aopalliance-repackaged-2.5.0.jar:/home/user/.m2/repository/com/fasterxml/jackson/dataformat/jackson-dataformat-xml/2.9.0/jackson-dataformat-xml-2.9.0.jar:/home/user/.m2/repository/com/fasterxml/jackson/core/jackson-core/2.9.9/jackson-core-2.9.9.jar:/home/user/.m2/repository/com/fasterxml/jackson/module/jackson-module-jaxb-annotations/2.9.9/jackson-module-jaxb-annotations-2.9.9.jar:/home/user/.m2/repository/javax/enterprise/cdi-api/1.2/cdi-api-1.2.jar:/home/user/.m2/repository/javax/el/javax.el-api/3.0.0/javax.el-api-3.0.0.jar:/home/user/.m2/repository/javax/interceptor/javax.interceptor-api/1.2/javax.interceptor-api-1.2.jar:/home/user/.m2/repository/javax/inject/javax.inject/1/javax.inject-1.jar:/home/user/.m2/repository/com/sun/xml/bind/jaxb-impl/2.3.0.1/jaxb-impl-2.3.0.1.jar:/home/user/.m2/repository/com/sun/xml/bind/jaxb-core/2.3.0.1/jaxb-core-2.3.0.1.jar:/home/user/.m2/repository/javax/xml/bind/jaxb-api/2.3.0/jaxb-api-2.3.0.jar:/home/user/.m2/repository/javax/activation/activation/1.1.1/activation-1.1.1.jar:/home/user/.m2/repository/org/apache/hadoop/hadoop-ozone-csi/0.5.0-SNAPSHOT/hadoop-ozone-csi-0.5.0-SNAPSHOT.jar:/home/user/.m2/repository/com/google/protobuf/protobuf-java-util/3.5.1/protobuf-java-util-3.5.1.jar:/home/user/.m2/repository/org/apache/hadoop/hadoop-hdds-config/0.5.0-SNAPSHOT/hadoop-hdds-config-0.5.0-SNAPSHOT.jar:/home/user/.m2/repository/io/grpc/grpc-netty/1.17.1/grpc-netty-1.17.1.jar:/home/user/.m2/repository/io/grpc/grpc-core/1.17.1/grpc-core-1.17.1.jar:/home/user/.m2/repository/io/grpc/grpc-context/1.17.1/grpc-context-1.17.1.jar:/home/user/.m2/repository/com/google/errorprone/error_prone_annotations/2.2.0/error_prone_annotations-2.2.0.jar:/home/user/.m2/repository/org/codehaus/mojo/animal-sniffer-annotations/1.17/animal-sniffer-annotations-1.17.jar:/home/user/.m2/repository/io/opencensus/opencensus-api/0.17.0/opencensus-api-0.17.0.jar:/home/user/.m2/repository/io/opencensus/opencensus-contrib-grpc-metrics/0.17.0/opencensus-contrib-grpc-metrics-0.17.0.jar:/home/user/.m2/repository/io/netty/netty-codec-http2/4.1.30.Final/netty-codec-http2-4.1.30.Final.jar:/home/user/.m2/repository/io/netty/netty-codec-http/4.1.30.Final/netty-codec-http-4.1.30.Final.jar:/home/user/.m2/repository/io/netty/netty-codec/4.1.30.Final/netty-codec-4.1.30.Final.jar:/home/user/.m2/repository/io/netty/netty-handler/4.1.30.Final/netty-handler-4.1.30.Final.jar:/home/user/.m2/repository/io/netty/netty-handler-proxy/4.1.30.Final/netty-handler-proxy-4.1.30.Final.jar:/home/user/.m2/repository/io/netty/netty-codec-socks/4.1.30.Final/netty-codec-socks-4.1.30.Final.jar:/home/user/.m2/repository/io/netty/netty-transport-native-epoll/4.1.30.Final/netty-transport-native-epoll-4.1.30.Final.jar:/home/user/.m2/repository/io/netty/netty-common/4.1.30.Final/netty-common-4.1.30.Final.jar:/home/user/.m2/repository/io/netty/netty-buffer/4.1.30.Final/netty-buffer-4.1.30.Final.jar:/home/user/.m2/repository/io/netty/netty-transport/4.1.30.Final/netty-transport-4.1.30.Final.jar:/home/user/.m2/repository/io/netty/netty-resolver/4.1.30.Final/netty-resolver-4.1.30.Final.jar:/home/user/.m2/repository/io/netty/netty-transport-native-unix-common/4.1.30.Final/netty-transport-native-unix-common-4.1.30.Final.jar:/home/user/.m2/repository/io/grpc/grpc-protobuf/1.17.1/grpc-protobuf-1.17.1.jar:/home/user/.m2/repository/com/google/api/grpc/proto-google-common-protos/1.0.0/proto-google-common-protos-1.0.0.jar:/home/user/.m2/repository/io/grpc/grpc-protobuf-lite/1.17.1/grpc-protobuf-lite-1.17.1.jar:/home/user/.m2/repository/io/grpc/grpc-stub/1.17.1/grpc-stub-1.17.1.jar:/home/user/.m2/repository/org/apache/hadoop/hadoop-ozone-recon/0.5.0-SNAPSHOT/hadoop-ozone-recon-0.5.0-SNAPSHOT.jar:/home/user/.m2/repository/org/apache/hadoop/hadoop-ozone-reconcodegen/0.5.0-SNAPSHOT/hadoop-ozone-reconcodegen-0.5.0-SNAPSHOT.jar:/home/user/.m2/repository/com/google/inject/extensions/guice-multibindings/4.0/guice-multibindings-4.0.jar:/home/user/.m2/repository/com/google/inject/guice/4.0/guice-4.0.jar:/home/user/.m2/repository/aopalliance/aopalliance/1.0/aopalliance-1.0.jar:/home/user/.m2/repository/com/google/inject/extensions/guice-servlet/4.0/guice-servlet-4.0.jar:/home/user/.m2/repository/org/glassfish/jersey/containers/jersey-container-servlet/2.27/jersey-container-servlet-2.27.jar:/home/user/.m2/repository/org/glassfish/hk2/guice-bridge/2.5.0/guice-bridge-2.5.0.jar:/home/user/.m2/repository/org/glassfish/jersey/core/jersey-server/2.27/jersey-server-2.27.jar:/home/user/.m2/repository/org/glassfish/jersey/core/jersey-client/2.27/jersey-client-2.27.jar:/home/user/.m2/repository/org/glassfish/jersey/media/jersey-media-jaxb/2.27/jersey-media-jaxb-2.27.jar:/home/user/.m2/repository/javax/validation/validation-api/1.1.0.Final/validation-api-1.1.0.Final.jar:/home/user/.m2/repository/org/glassfish/jersey/media/jersey-media-json-jackson/2.27/jersey-media-json-jackson-2.27.jar:/home/user/.m2/repository/org/glassfish/jersey/ext/jersey-entity-filtering/2.27/jersey-entity-filtering-2.27.jar:/home/user/.m2/repository/com/google/inject/extensions/guice-assistedinject/4.0/guice-assistedinject-4.0.jar:/home/user/.m2/repository/org/jooq/jooq/3.11.10/jooq-3.11.10.jar:/home/user/.m2/repository/org/jooq/jooq-meta/3.11.10/jooq-meta-3.11.10.jar:/home/user/.m2/repository/org/jooq/jooq-codegen/3.11.10/jooq-codegen-3.11.10.jar:/home/user/.m2/repository/com/jolbox/bonecp/0.8.0.RELEASE/bonecp-0.8.0.RELEASE.jar:/home/user/.m2/repository/org/xerial/sqlite-jdbc/3.25.2/sqlite-jdbc-3.25.2.jar:/home/user/.m2/repository/org/springframework/spring-jdbc/5.1.3.RELEASE/spring-jdbc-5.1.3.RELEASE.jar:/home/user/.m2/repository/org/springframework/spring-beans/5.1.3.RELEASE/spring-beans-5.1.3.RELEASE.jar:/home/user/.m2/repository/org/springframework/spring-core/5.1.3.RELEASE/spring-core-5.1.3.RELEASE.jar:/home/user/.m2/repository/org/springframework/spring-jcl/5.1.3.RELEASE/spring-jcl-5.1.3.RELEASE.jar:/home/user/.m2/repository/org/springframework/spring-tx/5.1.3.RELEASE/spring-tx-5.1.3.RELEASE.jar:/home/user/.m2/repository/org/apache/hadoop/hadoop-ozone-client/0.5.0-SNAPSHOT/hadoop-ozone-client-0.5.0-SNAPSHOT.jar:/home/user/.m2/repository/commons-lang/commons-lang/2.6/commons-lang-2.6.jar:/home/user/.m2/repository/org/apache/hadoop/hadoop-ozone-ozone-manager/0.5.0-SNAPSHOT/hadoop-ozone-ozone-manager-0.5.0-SNAPSHOT-tests.jar:/home/user/.m2/repository/junit/junit/4.11/junit-4.11.jar:/home/user/.m2/repository/org/hamcrest/hamcrest-core/1.3/hamcrest-core-1.3.jar:/home/user/.m2/repository/org/openjdk/jmh/jmh-core/1.19/jmh-core-1.19.jar:/home/user/.m2/repository/net/sf/jopt-simple/jopt-simple/4.6/jopt-simple-4.6.jar:/home/user/.m2/repository/org/apache/commons/commons-math3/3.1.1/commons-math3-3.1.1.jar:/home/user/.m2/repository/org/openjdk/jmh/jmh-generator-annprocess/1.19/jmh-generator-annprocess-1.19.jar:/home/user/.m2/repository/org/mockito/mockito-all/1.8.5/mockito-all-1.8.5.jar:/home/user/.m2/repository/org/apache/hadoop/hadoop-kms/3.2.0/hadoop-kms-3.2.0.jar:/home/user/.m2/repository/org/apache/hadoop/hadoop-auth/3.2.0/hadoop-auth-3.2.0.jar:/home/user/.m2/repository/com/nimbusds/nimbus-jose-jwt/4.41.1/nimbus-jose-jwt-4.41.1.jar:/home/user/.m2/repository/com/github/stephenc/jcip/jcip-annotations/1.0-1/jcip-annotations-1.0-1.jar:/home/user/.m2/repository/net/minidev/json-smart/2.3/json-smart-2.3.jar:/home/user/.m2/repository/net/minidev/accessors-smart/1.2/accessors-smart-1.2.jar:/home/user/.m2/repository/org/ow2/asm/asm/5.0.4/asm-5.0.4.jar:/home/user/.m2/repository/org/apache/curator/curator-framework/2.12.0/curator-framework-2.12.0.jar:/home/user/.m2/repository/com/sun/jersey/jersey-core/1.19/jersey-core-1.19.jar:/home/user/.m2/repository/javax/ws/rs/jsr311-api/1.1.1/jsr311-api-1.1.1.jar:/home/user/.m2/repository/com/sun/jersey/jersey-server/1.19/jersey-server-1.19.jar:/home/user/.m2/repository/javax/servlet/javax.servlet-api/3.1.0/javax.servlet-api-3.1.0.jar:/home/user/.m2/repository/org/eclipse/jetty/jetty-server/9.3.25.v20180904/jetty-server-9.3.25.v20180904.jar:/home/user/.m2/repository/org/eclipse/jetty/jetty-http/9.3.25.v20180904/jetty-http-9.3.25.v20180904.jar:/home/user/.m2/repository/org/eclipse/jetty/jetty-io/9.3.25.v20180904/jetty-io-9.3.25.v20180904.jar:/home/user/.m2/repository/org/eclipse/jetty/jetty-webapp/9.3.25.v20180904/jetty-webapp-9.3.25.v20180904.jar:/home/user/.m2/repository/org/eclipse/jetty/jetty-xml/9.3.25.v20180904/jetty-xml-9.3.25.v20180904.jar:/home/user/.m2/repository/log4j/log4j/1.2.17/log4j-1.2.17.jar:/home/user/.m2/repository/org/slf4j/slf4j-api/1.7.25/slf4j-api-1.7.25.jar:/home/user/.m2/repository/org/slf4j/jul-to-slf4j/1.7.25/jul-to-slf4j-1.7.25.jar:/home/user/.m2/repository/org/eclipse/jetty/jetty-util/9.3.25.v20180904/jetty-util-9.3.25.v20180904.jar:/home/user/.m2/repository/com/fasterxml/jackson/core/jackson-databind/2.9.9/jackson-databind-2.9.9.jar:/home/user/.m2/repository/org/apache/hadoop/hadoop-kms/3.2.0/hadoop-kms-3.2.0-tests.jar:/home/user/.m2/repository/org/apache/hadoop/hadoop-hdds-server-scm/0.5.0-SNAPSHOT/hadoop-hdds-server-scm-0.5.0-SNAPSHOT-tests.jar:/home/user/.m2/repository/org/apache/hadoop/hadoop-hdds-container-service/0.5.0-SNAPSHOT/hadoop-hdds-container-service-0.5.0-SNAPSHOT-tests.jar:/home/user/.m2/repository/org/yaml/snakeyaml/1.16/snakeyaml-1.16.jar:/home/user/.m2/repository/org/apache/hadoop/hadoop-common/3.2.0/hadoop-common-3.2.0-tests.jar:/home/user/.m2/repository/org/apache/hadoop/hadoop-annotations/3.2.0/hadoop-annotations-3.2.0.jar:/usr/lib/jvm/java-1.8.0-openjdk-1.8.0.222.b10-1.el7_7.x86_64/jre/../lib/tools.jar:/home/user/.m2/repository/commons-cli/commons-cli/1.2/commons-cli-1.2.jar:/home/user/.m2/repository/org/apache/httpcomponents/httpclient/4.5.2/httpclient-4.5.2.jar:/home/user/.m2/repository/org/apache/httpcomponents/httpcore/4.4.4/httpcore-4.4.4.jar:/home/user/.m2/repository/commons-codec/commons-codec/1.11/commons-codec-1.11.jar:/home/user/.m2/repository/commons-net/commons-net/3.6/commons-net-3.6.jar:/home/user/.m2/repository/commons-collections/commons-collections/3.2.2/commons-collections-3.2.2.jar:/home/user/.m2/repository/org/eclipse/jetty/jetty-servlet/9.3.25.v20180904/jetty-servlet-9.3.25.v20180904.jar:/home/user/.m2/repository/org/eclipse/jetty/jetty-security/9.3.25.v20180904/jetty-security-9.3.25.v20180904.jar:/home/user/.m2/repository/javax/servlet/jsp/jsp-api/2.1/jsp-api-2.1.jar:/home/user/.m2/repository/com/sun/jersey/jersey-servlet/1.19/jersey-servlet-1.19.jar:/home/user/.m2/repository/com/sun/jersey/jersey-json/1.19/jersey-json-1.19.jar:/home/user/.m2/repository/org/codehaus/jettison/jettison/1.1/jettison-1.1.jar:/home/user/.m2/repository/org/codehaus/jackson/jackson-core-asl/1.9.13/jackson-core-asl-1.9.13.jar:/home/user/.m2/repository/org/codehaus/jackson/jackson-mapper-asl/1.9.13/jackson-mapper-asl-1.9.13.jar:/home/user/.m2/repository/org/codehaus/jackson/jackson-jaxrs/1.9.13/jackson-jaxrs-1.9.13.jar:/home/user/.m2/repository/org/codehaus/jackson/jackson-xc/1.9.13/jackson-xc-1.9.13.jar:/home/user/.m2/repository/commons-logging/commons-logging/1.1.3/commons-logging-1.1.3.jar:/home/user/.m2/repository/commons-beanutils/commons-beanutils/1.9.4/commons-beanutils-1.9.4.jar:/home/user/.m2/repository/org/apache/commons/commons-configuration2/2.1.1/commons-configuration2-2.1.1.jar:/home/user/.m2/repository/org/apache/commons/commons-lang3/3.7/commons-lang3-3.7.jar:/home/user/.m2/repository/org/apache/commons/commons-text/1.4/commons-text-1.4.jar:/home/user/.m2/repository/org/apache/avro/avro/1.7.7/avro-1.7.7.jar:/home/user/.m2/repository/com/thoughtworks/paranamer/paranamer/2.3/paranamer-2.3.jar:/home/user/.m2/repository/org/xerial/snappy/snappy-java/1.0.5/snappy-java-1.0.5.jar:/home/user/.m2/repository/com/google/re2j/re2j/1.1/re2j-1.1.jar:/home/user/.m2/repository/com/google/code/gson/gson/2.2.4/gson-2.2.4.jar:/home/user/.m2/repository/com/jcraft/jsch/0.1.54/jsch-0.1.54.jar:/home/user/.m2/repository/org/apache/curator/curator-client/2.12.0/curator-client-2.12.0.jar:/home/user/.m2/repository/org/apache/curator/curator-recipes/2.12.0/curator-recipes-2.12.0.jar:/home/user/.m2/repository/com/google/code/findbugs/jsr305/3.0.0/jsr305-3.0.0.jar:/home/user/.m2/repository/org/apache/htrace/htrace-core4/4.1.0-incubating/htrace-core4-4.1.0-incubating.jar:/home/user/.m2/repository/org/apache/zookeeper/zookeeper/3.4.13/zookeeper-3.4.13.jar:/home/user/.m2/repository/jline/jline/0.9.94/jline-0.9.94.jar:/home/user/.m2/repository/org/apache/yetus/audience-annotations/0.5.0/audience-annotations-0.5.0.jar:/home/user/.m2/repository/org/codehaus/woodstox/stax2-api/3.1.4/stax2-api-3.1.4.jar:/home/user/.m2/repository/com/fasterxml/woodstox/woodstox-core/5.0.3/woodstox-core-5.0.3.jar:/home/user/.m2/repository/dnsjava/dnsjava/2.1.7/dnsjava-2.1.7.jar:/home/user/.m2/repository/org/apache/hadoop/hadoop-hdfs/3.2.0/hadoop-hdfs-3.2.0-tests.jar:/home/user/.m2/repository/org/eclipse/jetty/jetty-util-ajax/9.3.25.v20180904/jetty-util-ajax-9.3.25.v20180904.jar:/home/user/.m2/repository/commons-daemon/commons-daemon/1.0.13/commons-daemon-1.0.13.jar:/home/user/.m2/repository/io/netty/netty/3.10.5.Final/netty-3.10.5.Final.jar:/home/user/.m2/repository/io/netty/netty-all/4.0.52.Final/netty-all-4.0.52.Final.jar:/home/user/.m2/repository/org/fusesource/leveldbjni/leveldbjni-all/1.8/leveldbjni-all-1.8.jar:"/>
    <property name="sun.cpu.endian" value="little"/>
    <property name="user.home" value="/home/user"/>
    <property name="user.language" value="en"/>
    <property name="java.specification.vendor" value="Oracle Corporation"/>
    <property name="java.home" value="/usr/lib/jvm/java-1.8.0-openjdk-1.8.0.222.b10-1.el7_7.x86_64/jre"/>
    <property name="surefire.excludesFile" value="/tools/ozone-bad-unit-tests"/>
    <property name="java.security.krb5.conf" value="/workdir/hadoop-ozone/integration-test/target/test-classes/krb5.conf"/>
    <property name="basedir" value="/workdir/hadoop-ozone/integration-test"/>
    <property name="file.separator" value="/"/>
    <property name="line.separator" value="&#10;"/>
    <property name="java.vm.specification.vendor" value="Oracle Corporation"/>
    <property name="java.specification.name" value="Java Platform API Specification"/>
    <property name="java.awt.graphicsenv" value="sun.awt.X11GraphicsEnvironment"/>
    <property name="surefire.real.class.path" value="/workdir/hadoop-ozone/integration-test/target/surefire/surefirebooter7057065469188230449.jar"/>
    <property name="hadoop.log.dir" value="/workdir/hadoop-ozone/integration-test/target/log"/>
    <property name="sun.boot.class.path" value="/usr/lib/jvm/java-1.8.0-openjdk-1.8.0.222.b10-1.el7_7.x86_64/jre/lib/resources.jar:/usr/lib/jvm/java-1.8.0-openjdk-1.8.0.222.b10-1.el7_7.x86_64/jre/lib/rt.jar:/usr/lib/jvm/java-1.8.0-openjdk-1.8.0.222.b10-1.el7_7.x86_64/jre/lib/sunrsasign.jar:/usr/lib/jvm/java-1.8.0-openjdk-1.8.0.222.b10-1.el7_7.x86_64/jre/lib/jsse.jar:/usr/lib/jvm/java-1.8.0-openjdk-1.8.0.222.b10-1.el7_7.x86_64/jre/lib/jce.jar:/usr/lib/jvm/java-1.8.0-openjdk-1.8.0.222.b10-1.el7_7.x86_64/jre/lib/charsets.jar:/usr/lib/jvm/java-1.8.0-openjdk-1.8.0.222.b10-1.el7_7.x86_64/jre/lib/jfr.jar:/usr/lib/jvm/java-1.8.0-openjdk-1.8.0.222.b10-1.el7_7.x86_64/jre/classes"/>
    <property name="sun.management.compiler" value="HotSpot 64-Bit Tiered Compilers"/>
    <property name="java.runtime.version" value="1.8.0_222-b10"/>
    <property name="java.net.preferIPv4Stack" value="true"/>
    <property name="user.name" value="jenkins1000"/>
    <property name="path.separator" value=":"/>
    <property name="java.security.egd" value="file:///dev/urandom"/>
    <property name="os.version" value="3.10.0-957.12.2.el7.x86_64"/>
    <property name="java.endorsed.dirs" value="/usr/lib/jvm/java-1.8.0-openjdk-1.8.0.222.b10-1.el7_7.x86_64/jre/lib/endorsed"/>
    <property name="java.runtime.name" value="OpenJDK Runtime Environment"/>
    <property name="file.encoding" value="ANSI_X3.4-1968"/>
    <property name="java.vm.name" value="OpenJDK 64-Bit Server VM"/>
    <property name="test.build.webapps" value=""/>
    <property name="localRepository" value="/home/user/.m2/repository"/>
    <property name="java.vendor.url.bug" value="http://bugreport.sun.com/bugreport/"/>
    <property name="java.io.tmpdir" value="/tmp"/>
    <property name="require.test.libhadoop" value=""/>
    <property name="java.version" value="1.8.0_222"/>
    <property name="user.dir" value="/workdir/hadoop-ozone/integration-test"/>
    <property name="os.arch" value="amd64"/>
    <property name="java.vm.specification.name" value="Java Virtual Machine Specification"/>
    <property name="test.build.classes" value="/workdir/hadoop-ozone/integration-test/target/test-classes"/>
    <property name="java.awt.printerjob" value="sun.print.PSPrinterJob"/>
    <property name="sun.os.patch.level" value="unknown"/>
    <property name="hadoop.tmp.dir" value="/workdir/hadoop-ozone/integration-test/target/tmp"/>
    <property name="java.library.path" value="/usr/lib:/workdir/hadoop-ozone/integration-test/target/native/target/usr/local/lib:/workdir/hadoop-ozone/integration-test/../../hadoop-common-project/hadoop-common/target/native/target/usr/local/lib:/usr/java/packages/lib/amd64:/usr/lib64:/lib64:/lib:/usr/lib"/>
    <property name="java.vm.info" value="mixed mode"/>
    <property name="java.vendor" value="Oracle Corporation"/>
    <property name="java.vm.version" value="25.222-b10"/>
    <property name="java.ext.dirs" value="/usr/lib/jvm/java-1.8.0-openjdk-1.8.0.222.b10-1.el7_7.x86_64/jre/lib/ext:/usr/java/packages/lib/ext"/>
    <property name="sun.io.unicode.encoding" value="UnicodeLittle"/>
    <property name="java.class.version" value="52.0"/>
  </properties>
  <testcase name="testPipelineExclusionWithPipelineFailure" classname="org.apache.hadoop.ozone.client.rpc.TestFailureHandlingByClient" time="57.466"/>
  <testcase name="testContainerExclusionWithClosedContainerException" classname="org.apache.hadoop.ozone.client.rpc.TestFailureHandlingByClient" time="37.579"/>
  <testcase name="testWriteSmallFile" classname="org.apache.hadoop.ozone.client.rpc.TestFailureHandlingByClient" time="40.27"/>
  <testcase name="testBlockWritesWithDnFailures" classname="org.apache.hadoop.ozone.client.rpc.TestFailureHandlingByClient" time="55.434"/>
  <testcase name="testDatanodeExclusionWithMajorityCommit" classname="org.apache.hadoop.ozone.client.rpc.TestFailureHandlingByClient" time="35.078">
    <error message="Allocated 0 blocks. Requested 1 blocks" type="INTERNAL_ERROR org.apache.hadoop.ozone.om.exceptions.OMException">INTERNAL_ERROR org.apache.hadoop.ozone.om.exceptions.OMException: Allocated 0 blocks. Requested 1 blocks
	at org.apache.hadoop.ozone.om.protocolPB.OzoneManagerProtocolClientSideTranslatorPB.handleError(OzoneManagerProtocolClientSideTranslatorPB.java:761)
	at org.apache.hadoop.ozone.om.protocolPB.OzoneManagerProtocolClientSideTranslatorPB.allocateBlock(OzoneManagerProtocolClientSideTranslatorPB.java:793)
	at sun.reflect.NativeMethodAccessorImpl.invoke0(Native Method)
	at sun.reflect.NativeMethodAccessorImpl.invoke(NativeMethodAccessorImpl.java:62)
	at sun.reflect.DelegatingMethodAccessorImpl.invoke(DelegatingMethodAccessorImpl.java:43)
	at java.lang.reflect.Method.invoke(Method.java:498)
	at org.apache.hadoop.hdds.tracing.TraceAllMethod.invoke(TraceAllMethod.java:66)
	at com.sun.proxy.$Proxy36.allocateBlock(Unknown Source)
	at org.apache.hadoop.ozone.client.io.BlockOutputStreamEntryPool.allocateNewBlock(BlockOutputStreamEntryPool.java:259)
	at org.apache.hadoop.ozone.client.io.BlockOutputStreamEntryPool.allocateBlockIfNeeded(BlockOutputStreamEntryPool.java:307)
	at org.apache.hadoop.ozone.client.io.KeyOutputStream.handleWrite(KeyOutputStream.java:198)
	at org.apache.hadoop.ozone.client.io.KeyOutputStream.handleRetry(KeyOutputStream.java:375)
	at org.apache.hadoop.ozone.client.io.KeyOutputStream.handleException(KeyOutputStream.java:324)
	at org.apache.hadoop.ozone.client.io.KeyOutputStream.handleFlushOrClose(KeyOutputStream.java:449)
	at org.apache.hadoop.ozone.client.io.KeyOutputStream.flush(KeyOutputStream.java:397)
	at org.apache.hadoop.ozone.client.io.OzoneOutputStream.flush(OzoneOutputStream.java:54)
	at org.apache.hadoop.ozone.client.rpc.TestFailureHandlingByClient.testDatanodeExclusionWithMajorityCommit(TestFailureHandlingByClient.java:299)
	at sun.reflect.NativeMethodAccessorImpl.invoke0(Native Method)
	at sun.reflect.NativeMethodAccessorImpl.invoke(NativeMethodAccessorImpl.java:62)
	at sun.reflect.DelegatingMethodAccessorImpl.invoke(DelegatingMethodAccessorImpl.java:43)
	at java.lang.reflect.Method.invoke(Method.java:498)
	at org.junit.runners.model.FrameworkMethod$1.runReflectiveCall(FrameworkMethod.java:47)
	at org.junit.internal.runners.model.ReflectiveCallable.run(ReflectiveCallable.java:12)
	at org.junit.runners.model.FrameworkMethod.invokeExplosively(FrameworkMethod.java:44)
	at org.junit.internal.runners.statements.InvokeMethod.evaluate(InvokeMethod.java:17)
	at org.junit.internal.runners.statements.RunAfters.evaluate(RunAfters.java:27)
	at org.junit.runners.ParentRunner.runLeaf(ParentRunner.java:271)
	at org.junit.runners.BlockJUnit4ClassRunner.runChild(BlockJUnit4ClassRunner.java:70)
	at org.junit.runners.BlockJUnit4ClassRunner.runChild(BlockJUnit4ClassRunner.java:50)
	at org.junit.runners.ParentRunner$3.run(ParentRunner.java:238)
	at org.junit.runners.ParentRunner$1.schedule(ParentRunner.java:63)
	at org.junit.runners.ParentRunner.runChildren(ParentRunner.java:236)
	at org.junit.runners.ParentRunner.access$000(ParentRunner.java:53)
	at org.junit.runners.ParentRunner$2.evaluate(ParentRunner.java:229)
	at org.junit.runners.ParentRunner.run(ParentRunner.java:309)
	at org.apache.maven.surefire.junit4.JUnit4Provider.execute(JUnit4Provider.java:365)
	at org.apache.maven.surefire.junit4.JUnit4Provider.executeWithRerun(JUnit4Provider.java:273)
	at org.apache.maven.surefire.junit4.JUnit4Provider.executeTestSet(JUnit4Provider.java:238)
	at org.apache.maven.surefire.junit4.JUnit4Provider.invoke(JUnit4Provider.java:159)
	at org.apache.maven.surefire.booter.ForkedBooter.invokeProviderInSameClassLoader(ForkedBooter.java:384)
	at org.apache.maven.surefire.booter.ForkedBooter.runSuitesInProcess(ForkedBooter.java:345)
	at org.apache.maven.surefire.booter.ForkedBooter.execute(ForkedBooter.java:126)
	at org.apache.maven.surefire.booter.ForkedBooter.main(ForkedBooter.java:418)
</error>
    <system-out><![CDATA[2019-11-17 11:14:05,218 [main] WARN  server.ServerUtils (ServerUtils.java:getScmDbDir(145)) - ozone.scm.db.dirs is not configured. We recommend adding this setting. Falling back to ozone.metadata.dirs instead.
2019-11-17 11:14:05,243 [main] WARN  server.ServerUtils (ServerUtils.java:getScmDbDir(145)) - ozone.scm.db.dirs is not configured. We recommend adding this setting. Falling back to ozone.metadata.dirs instead.
2019-11-17 11:14:05,243 [main] WARN  server.ServerUtils (ServerUtils.java:getScmDbDir(145)) - ozone.scm.db.dirs is not configured. We recommend adding this setting. Falling back to ozone.metadata.dirs instead.
2019-11-17 11:14:05,244 [main] INFO  db.DBStoreBuilder (DBStoreBuilder.java:addTable(127)) - using custom profile for table: deletedBlocks
2019-11-17 11:14:05,244 [main] INFO  db.DBStoreBuilder (DBStoreBuilder.java:processTables(183)) - Using default column profile:DBProfile.DISK for Table:deletedBlocks
2019-11-17 11:14:05,244 [main] INFO  db.DBStoreBuilder (DBStoreBuilder.java:addTable(127)) - using custom profile for table: validCerts
2019-11-17 11:14:05,244 [main] INFO  db.DBStoreBuilder (DBStoreBuilder.java:processTables(183)) - Using default column profile:DBProfile.DISK for Table:validCerts
2019-11-17 11:14:05,245 [main] INFO  db.DBStoreBuilder (DBStoreBuilder.java:addTable(127)) - using custom profile for table: revokedCerts
2019-11-17 11:14:05,245 [main] INFO  db.DBStoreBuilder (DBStoreBuilder.java:processTables(183)) - Using default column profile:DBProfile.DISK for Table:revokedCerts
2019-11-17 11:14:05,245 [main] INFO  db.DBStoreBuilder (DBStoreBuilder.java:addTable(127)) - using custom profile for table: default
2019-11-17 11:14:05,245 [main] INFO  db.DBStoreBuilder (DBStoreBuilder.java:processTables(189)) - Using default column profile:DBProfile.DISK for Table:default
2019-11-17 11:14:05,245 [main] INFO  db.DBStoreBuilder (DBStoreBuilder.java:getDbProfile(220)) - Using default options. DBProfile.DISK
2019-11-17 11:14:05,470 [main] INFO  net.NodeSchemaLoader (NodeSchemaLoader.java:loadSchemaFromFile(125)) - Loading file from sun.misc.CompoundEnumeration@5d1bdd4a
2019-11-17 11:14:05,470 [main] INFO  net.NodeSchemaLoader (NodeSchemaLoader.java:loadSchema(171)) - Loading network topology layer schema file
2019-11-17 11:14:05,477 [main] INFO  node.SCMNodeManager (SCMNodeManager.java:<init>(116)) - Entering startup safe mode.
2019-11-17 11:14:05,478 [main] INFO  algorithms.ContainerPlacementPolicyFactory (ContainerPlacementPolicyFactory.java:getPolicy(57)) - Create container placement policy of type org.apache.hadoop.hdds.scm.container.placement.algorithms.SCMContainerPlacementRandom
2019-11-17 11:14:05,478 [main] WARN  server.ServerUtils (ServerUtils.java:getScmDbDir(145)) - ozone.scm.db.dirs is not configured. We recommend adding this setting. Falling back to ozone.metadata.dirs instead.
2019-11-17 11:14:05,561 [main] INFO  pipeline.SCMPipelineManager (SCMPipelineManager.java:initializePipelineState(132)) - No pipeline exists in current db
2019-11-17 11:14:05,561 [main] WARN  server.ServerUtils (ServerUtils.java:getScmDbDir(145)) - ozone.scm.db.dirs is not configured. We recommend adding this setting. Falling back to ozone.metadata.dirs instead.
2019-11-17 11:14:05,677 [main] WARN  events.EventQueue (EventQueue.java:fireEvent(183)) - No event handler registered for event TypedEvent{payloadType=SafeModeStatus, name='SafeModeStatus'}
2019-11-17 11:14:05,678 [main] INFO  ipc.CallQueueManager (CallQueueManager.java:<init>(84)) - Using callQueue: class java.util.concurrent.LinkedBlockingQueue, queueCapacity: 2000, scheduler: class org.apache.hadoop.ipc.DefaultRpcScheduler, ipcBackoff: false.
2019-11-17 11:14:05,679 [Socket Reader #1 for port 37460] INFO  ipc.Server (Server.java:run(1074)) - Starting Socket Reader #1 for port 37460
2019-11-17 11:14:05,680 [main] INFO  ipc.CallQueueManager (CallQueueManager.java:<init>(84)) - Using callQueue: class java.util.concurrent.LinkedBlockingQueue, queueCapacity: 2000, scheduler: class org.apache.hadoop.ipc.DefaultRpcScheduler, ipcBackoff: false.
2019-11-17 11:14:05,681 [Socket Reader #1 for port 42102] INFO  ipc.Server (Server.java:run(1074)) - Starting Socket Reader #1 for port 42102
2019-11-17 11:14:05,682 [main] INFO  ipc.CallQueueManager (CallQueueManager.java:<init>(84)) - Using callQueue: class java.util.concurrent.LinkedBlockingQueue, queueCapacity: 2000, scheduler: class org.apache.hadoop.ipc.DefaultRpcScheduler, ipcBackoff: false.
2019-11-17 11:14:05,683 [Socket Reader #1 for port 37093] INFO  ipc.Server (Server.java:run(1074)) - Starting Socket Reader #1 for port 37093
2019-11-17 11:14:05,685 [main] INFO  hdfs.DFSUtil (DFSUtil.java:httpServerTemplateForNNAndJN(1641)) - Starting Web-server for scm at: http://0.0.0.0:0
2019-11-17 11:14:05,687 [main] INFO  server.AuthenticationFilter (AuthenticationFilter.java:constructSecretProvider(240)) - Unable to initialize FileSignerSecretProvider, falling back to use random secrets.
2019-11-17 11:14:05,687 [main] WARN  http.HttpRequestLog (HttpRequestLog.java:getRequestLog(97)) - Jetty request log can only be enabled using Log4j
2019-11-17 11:14:05,689 [main] INFO  http.HttpServer2 (HttpServer2.java:addGlobalFilter(975)) - Added global filter 'safety' (class=org.apache.hadoop.http.HttpServer2$QuotingInputFilter)
2019-11-17 11:14:05,689 [main] INFO  http.HttpServer2 (HttpServer2.java:addFilter(948)) - Added filter static_user_filter (class=org.apache.hadoop.http.lib.StaticUserWebFilter$StaticUserFilter) to context scm
2019-11-17 11:14:05,689 [main] INFO  http.HttpServer2 (HttpServer2.java:addFilter(958)) - Added filter static_user_filter (class=org.apache.hadoop.http.lib.StaticUserWebFilter$StaticUserFilter) to context logs
2019-11-17 11:14:05,689 [main] INFO  http.HttpServer2 (HttpServer2.java:addFilter(958)) - Added filter static_user_filter (class=org.apache.hadoop.http.lib.StaticUserWebFilter$StaticUserFilter) to context static
2019-11-17 11:14:05,691 [main] INFO  server.StorageContainerManager (StorageContainerManager.java:start(766)) - StorageContainerLocationProtocol RPC server is listening at /0.0.0.0:37093
2019-11-17 11:14:05,693 [main] WARN  impl.MetricsConfig (MetricsConfig.java:loadFirst(134)) - Cannot locate configuration: tried hadoop-metrics2-storagecontainermanager.properties,hadoop-metrics2.properties
2019-11-17 11:14:05,694 [main] INFO  impl.MetricsSystemImpl (MetricsSystemImpl.java:startTimer(374)) - Scheduled Metric snapshot period at 10 second(s).
2019-11-17 11:14:05,694 [main] INFO  impl.MetricsSystemImpl (MetricsSystemImpl.java:start(191)) - StorageContainerManager metrics system started
2019-11-17 11:14:05,730 [main] WARN  impl.MetricsSystemImpl (MetricsSystemImpl.java:register(276)) - Sink prometheus already exists!
2019-11-17 11:14:05,780 [main] INFO  server.SCMClientProtocolServer (SCMClientProtocolServer.java:start(160)) - RPC server for Client  is listening at /0.0.0.0:37093
2019-11-17 11:14:05,781 [IPC Server Responder] INFO  ipc.Server (Server.java:run(1314)) - IPC Server Responder: starting
2019-11-17 11:14:05,782 [IPC Server listener on 37093] INFO  ipc.Server (Server.java:run(1153)) - IPC Server listener on 37093: starting
2019-11-17 11:14:05,785 [main] INFO  server.StorageContainerManager (StorageContainerManager.java:start(776)) - ScmBlockLocationProtocol RPC server is listening at /0.0.0.0:42102
2019-11-17 11:14:05,785 [main] INFO  server.SCMBlockProtocolServer (SCMBlockProtocolServer.java:start(146)) - RPC server for Block Protocol is listening at /0.0.0.0:42102
2019-11-17 11:14:05,786 [IPC Server Responder] INFO  ipc.Server (Server.java:run(1314)) - IPC Server Responder: starting
2019-11-17 11:14:05,786 [IPC Server listener on 42102] INFO  ipc.Server (Server.java:run(1153)) - IPC Server listener on 42102: starting
2019-11-17 11:14:05,790 [main] INFO  server.StorageContainerManager (StorageContainerManager.java:start(780)) - ScmDatanodeProtocl RPC server is listening at /0.0.0.0:37460
2019-11-17 11:14:05,790 [main] INFO  server.SCMDatanodeProtocolServer (SCMDatanodeProtocolServer.java:start(169)) - RPC server for DataNodes is listening at /0.0.0.0:37460
2019-11-17 11:14:05,790 [IPC Server Responder] INFO  ipc.Server (Server.java:run(1314)) - IPC Server Responder: starting
2019-11-17 11:14:05,790 [IPC Server listener on 37460] INFO  ipc.Server (Server.java:run(1153)) - IPC Server listener on 37460: starting
2019-11-17 11:14:05,794 [main] INFO  http.HttpServer2 (HttpServer2.java:bindListener(1191)) - Jetty bound to port 36850
2019-11-17 11:14:05,794 [main] INFO  server.Server (Server.java:doStart(351)) - jetty-9.3.25.v20180904, build timestamp: 2018-09-04T21:11:46Z, git hash: 3ce520221d0240229c862b122d2b06c12a625732
2019-11-17 11:14:05,796 [main] INFO  handler.ContextHandler (ContextHandler.java:doStart(781)) - Started o.e.j.s.ServletContextHandler@3bbf1c0d{/logs,file:///workdir/hadoop-ozone/integration-test/target/log,AVAILABLE}
2019-11-17 11:14:05,797 [main] INFO  handler.ContextHandler (ContextHandler.java:doStart(781)) - Started o.e.j.s.ServletContextHandler@216c22ce{/static,file:///workdir/hadoop-ozone/integration-test/target/test-classes/webapps/static,AVAILABLE}
2019-11-17 11:14:05,802 [main] INFO  handler.ContextHandler (ContextHandler.java:doStart(781)) - Started o.e.j.w.WebAppContext@68e2d03e{/,file:///workdir/hadoop-ozone/integration-test/target/test-classes/webapps/scm/,AVAILABLE}{/scm}
2019-11-17 11:14:05,802 [main] INFO  server.AbstractConnector (AbstractConnector.java:doStart(278)) - Started ServerConnector@120aa40b{HTTP/1.1,[http/1.1]}{0.0.0.0:36850}
2019-11-17 11:14:05,803 [main] INFO  server.Server (Server.java:doStart(419)) - Started @191759ms
2019-11-17 11:14:05,803 [main] WARN  impl.MetricsSystemImpl (MetricsSystemImpl.java:register(276)) - Sink prometheus already exists!
2019-11-17 11:14:05,804 [main] INFO  server.BaseHttpServer (BaseHttpServer.java:updateConnectorAddress(215)) - HTTP server of SCM is listening at http://0.0.0.0:36850
2019-11-17 11:14:05,805 [main] WARN  server.ServerUtils (ServerUtils.java:getDBPath(222)) - ozone.om.db.dirs is not configured. We recommend adding this setting. Falling back to ozone.metadata.dirs instead.
2019-11-17 11:14:05,806 [org.apache.hadoop.util.JvmPauseMonitor$Monitor@6ad6443] INFO  util.JvmPauseMonitor (JvmPauseMonitor.java:run(188)) - Starting JVM pause monitor
2019-11-17 11:14:05,818 [main] INFO  ha.OMHANodeDetails (OMHANodeDetails.java:loadOMHAConfig(190)) - Configuration either no ozone.om.address set. Falling back to the default OM address /127.0.0.1:0
2019-11-17 11:14:05,818 [main] INFO  ha.OMHANodeDetails (OMHANodeDetails.java:getOMNodeDetails(220)) - OM Service ID is not set. Setting it to the default ID: omServiceIdDefault
2019-11-17 11:14:05,819 [main] WARN  server.ServerUtils (ServerUtils.java:getDBPath(222)) - ozone.om.db.dirs is not configured. We recommend adding this setting. Falling back to ozone.metadata.dirs instead.
2019-11-17 11:14:05,819 [main] WARN  server.ServerUtils (ServerUtils.java:getDBPath(222)) - ozone.om.db.dirs is not configured. We recommend adding this setting. Falling back to ozone.metadata.dirs instead.
2019-11-17 11:14:05,825 [main] WARN  server.ServerUtils (ServerUtils.java:getDBPath(222)) - ozone.om.db.dirs is not configured. We recommend adding this setting. Falling back to ozone.metadata.dirs instead.
2019-11-17 11:14:05,826 [main] INFO  db.DBStoreBuilder (DBStoreBuilder.java:addTable(127)) - using custom profile for table: userTable
2019-11-17 11:14:05,826 [main] INFO  db.DBStoreBuilder (DBStoreBuilder.java:processTables(183)) - Using default column profile:DBProfile.DISK for Table:userTable
2019-11-17 11:14:05,826 [main] INFO  db.DBStoreBuilder (DBStoreBuilder.java:addTable(127)) - using custom profile for table: volumeTable
2019-11-17 11:14:05,826 [main] INFO  db.DBStoreBuilder (DBStoreBuilder.java:processTables(183)) - Using default column profile:DBProfile.DISK for Table:volumeTable
2019-11-17 11:14:05,827 [main] INFO  db.DBStoreBuilder (DBStoreBuilder.java:addTable(127)) - using custom profile for table: bucketTable
2019-11-17 11:14:05,827 [main] INFO  db.DBStoreBuilder (DBStoreBuilder.java:processTables(183)) - Using default column profile:DBProfile.DISK for Table:bucketTable
2019-11-17 11:14:05,827 [main] INFO  db.DBStoreBuilder (DBStoreBuilder.java:addTable(127)) - using custom profile for table: keyTable
2019-11-17 11:14:05,827 [main] INFO  db.DBStoreBuilder (DBStoreBuilder.java:processTables(183)) - Using default column profile:DBProfile.DISK for Table:keyTable
2019-11-17 11:14:05,827 [main] INFO  db.DBStoreBuilder (DBStoreBuilder.java:addTable(127)) - using custom profile for table: deletedTable
2019-11-17 11:14:05,827 [main] INFO  db.DBStoreBuilder (DBStoreBuilder.java:processTables(183)) - Using default column profile:DBProfile.DISK for Table:deletedTable
2019-11-17 11:14:05,828 [main] INFO  db.DBStoreBuilder (DBStoreBuilder.java:addTable(127)) - using custom profile for table: openKeyTable
2019-11-17 11:14:05,828 [main] INFO  db.DBStoreBuilder (DBStoreBuilder.java:processTables(183)) - Using default column profile:DBProfile.DISK for Table:openKeyTable
2019-11-17 11:14:05,828 [main] INFO  db.DBStoreBuilder (DBStoreBuilder.java:addTable(127)) - using custom profile for table: s3Table
2019-11-17 11:14:05,828 [main] INFO  db.DBStoreBuilder (DBStoreBuilder.java:processTables(183)) - Using default column profile:DBProfile.DISK for Table:s3Table
2019-11-17 11:14:05,829 [main] INFO  db.DBStoreBuilder (DBStoreBuilder.java:addTable(127)) - using custom profile for table: multipartInfoTable
2019-11-17 11:14:05,829 [main] INFO  db.DBStoreBuilder (DBStoreBuilder.java:processTables(183)) - Using default column profile:DBProfile.DISK for Table:multipartInfoTable
2019-11-17 11:14:05,829 [main] INFO  db.DBStoreBuilder (DBStoreBuilder.java:addTable(127)) - using custom profile for table: dTokenTable
2019-11-17 11:14:05,829 [main] INFO  db.DBStoreBuilder (DBStoreBuilder.java:processTables(183)) - Using default column profile:DBProfile.DISK for Table:dTokenTable
2019-11-17 11:14:05,829 [main] INFO  db.DBStoreBuilder (DBStoreBuilder.java:addTable(127)) - using custom profile for table: s3SecretTable
2019-11-17 11:14:05,829 [main] INFO  db.DBStoreBuilder (DBStoreBuilder.java:processTables(183)) - Using default column profile:DBProfile.DISK for Table:s3SecretTable
2019-11-17 11:14:05,830 [main] INFO  db.DBStoreBuilder (DBStoreBuilder.java:addTable(127)) - using custom profile for table: prefixTable
2019-11-17 11:14:05,830 [main] INFO  db.DBStoreBuilder (DBStoreBuilder.java:processTables(183)) - Using default column profile:DBProfile.DISK for Table:prefixTable
2019-11-17 11:14:05,830 [main] INFO  db.DBStoreBuilder (DBStoreBuilder.java:addTable(127)) - using custom profile for table: default
2019-11-17 11:14:05,830 [main] INFO  db.DBStoreBuilder (DBStoreBuilder.java:processTables(189)) - Using default column profile:DBProfile.DISK for Table:default
2019-11-17 11:14:05,830 [main] INFO  db.DBStoreBuilder (DBStoreBuilder.java:getDbProfile(220)) - Using default options. DBProfile.DISK
2019-11-17 11:14:06,466 [main] INFO  ipc.CallQueueManager (CallQueueManager.java:<init>(84)) - Using callQueue: class java.util.concurrent.LinkedBlockingQueue, queueCapacity: 2000, scheduler: class org.apache.hadoop.ipc.DefaultRpcScheduler, ipcBackoff: false.
2019-11-17 11:14:06,467 [Socket Reader #1 for port 46491] INFO  ipc.Server (Server.java:run(1074)) - Starting Socket Reader #1 for port 46491
2019-11-17 11:14:06,484 [main] INFO  om.OzoneManager (OzoneManager.java:start(1077)) - OzoneManager RPC server is listening at localhost/127.0.0.1:46491
2019-11-17 11:14:06,484 [main] INFO  impl.MetricsSystemImpl (MetricsSystemImpl.java:init(158)) - OzoneManager metrics system started (again)
2019-11-17 11:14:06,485 [IPC Server Responder] INFO  ipc.Server (Server.java:run(1314)) - IPC Server Responder: starting
2019-11-17 11:14:06,485 [IPC Server listener on 46491] INFO  ipc.Server (Server.java:run(1153)) - IPC Server listener on 46491: starting
2019-11-17 11:14:06,491 [main] INFO  hdfs.DFSUtil (DFSUtil.java:httpServerTemplateForNNAndJN(1641)) - Starting Web-server for ozoneManager at: http://0.0.0.0:0
2019-11-17 11:14:06,492 [main] INFO  server.AuthenticationFilter (AuthenticationFilter.java:constructSecretProvider(240)) - Unable to initialize FileSignerSecretProvider, falling back to use random secrets.
2019-11-17 11:14:06,492 [main] WARN  http.HttpRequestLog (HttpRequestLog.java:getRequestLog(97)) - Jetty request log can only be enabled using Log4j
2019-11-17 11:14:06,494 [main] INFO  http.HttpServer2 (HttpServer2.java:addGlobalFilter(975)) - Added global filter 'safety' (class=org.apache.hadoop.http.HttpServer2$QuotingInputFilter)
2019-11-17 11:14:06,495 [main] INFO  http.HttpServer2 (HttpServer2.java:addFilter(948)) - Added filter static_user_filter (class=org.apache.hadoop.http.lib.StaticUserWebFilter$StaticUserFilter) to context ozoneManager
2019-11-17 11:14:06,495 [main] INFO  http.HttpServer2 (HttpServer2.java:addFilter(958)) - Added filter static_user_filter (class=org.apache.hadoop.http.lib.StaticUserWebFilter$StaticUserFilter) to context logs
2019-11-17 11:14:06,495 [main] INFO  http.HttpServer2 (HttpServer2.java:addFilter(958)) - Added filter static_user_filter (class=org.apache.hadoop.http.lib.StaticUserWebFilter$StaticUserFilter) to context static
2019-11-17 11:14:06,496 [main] INFO  http.HttpServer2 (HttpServer2.java:bindListener(1191)) - Jetty bound to port 36812
2019-11-17 11:14:06,496 [main] INFO  server.Server (Server.java:doStart(351)) - jetty-9.3.25.v20180904, build timestamp: 2018-09-04T21:11:46Z, git hash: 3ce520221d0240229c862b122d2b06c12a625732
2019-11-17 11:14:06,497 [main] INFO  handler.ContextHandler (ContextHandler.java:doStart(781)) - Started o.e.j.s.ServletContextHandler@6169be09{/logs,file:///workdir/hadoop-ozone/integration-test/target/log,AVAILABLE}
2019-11-17 11:14:06,498 [main] INFO  handler.ContextHandler (ContextHandler.java:doStart(781)) - Started o.e.j.s.ServletContextHandler@5fb54740{/static,file:///workdir/hadoop-ozone/integration-test/target/test-classes/webapps/static,AVAILABLE}
2019-11-17 11:14:06,502 [main] INFO  handler.ContextHandler (ContextHandler.java:doStart(781)) - Started o.e.j.w.WebAppContext@377dfb8d{/,file:///workdir/hadoop-ozone/integration-test/target/test-classes/webapps/ozoneManager/,AVAILABLE}{/ozoneManager}
2019-11-17 11:14:06,502 [main] INFO  server.AbstractConnector (AbstractConnector.java:doStart(278)) - Started ServerConnector@42a0786f{HTTP/1.1,[http/1.1]}{0.0.0.0:36812}
2019-11-17 11:14:06,502 [main] INFO  server.Server (Server.java:doStart(419)) - Started @192459ms
2019-11-17 11:14:06,503 [main] WARN  impl.MetricsSystemImpl (MetricsSystemImpl.java:register(276)) - Sink prometheus already exists!
2019-11-17 11:14:06,504 [main] INFO  server.BaseHttpServer (BaseHttpServer.java:updateConnectorAddress(215)) - HTTP server of OZONEMANAGER is listening at http://0.0.0.0:36812
2019-11-17 11:14:06,527 [main] INFO  impl.MetricsSystemImpl (MetricsSystemImpl.java:init(158)) - HddsDatanode metrics system started (again)
2019-11-17 11:14:06,530 [main] INFO  ozone.HddsDatanodeService (HddsDatanodeService.java:start(186)) - HddsDatanodeService host:pr-hdds-2291-5997d-4279494527 ip:192.168.34.35
2019-11-17 11:14:06,539 [main] INFO  volume.HddsVolume (HddsVolume.java:<init>(176)) - Creating Volume: /workdir/hadoop-ozone/integration-test/target/test-dir/MiniOzoneClusterImpl-d61a8e55-6b1b-4302-a8ca-331e331e4b67/datanode-0/data/containers/hdds of  storage type : DISK and capacity : 1482555576320
2019-11-17 11:14:06,539 [main] INFO  volume.VolumeSet (VolumeSet.java:initializeVolumeSet(170)) - Added Volume : /workdir/hadoop-ozone/integration-test/target/test-dir/MiniOzoneClusterImpl-d61a8e55-6b1b-4302-a8ca-331e331e4b67/datanode-0/data/containers/hdds to VolumeSet
2019-11-17 11:14:06,540 [main] INFO  volume.ThrottledAsyncChecker (ThrottledAsyncChecker.java:schedule(141)) - Scheduling a check for /workdir/hadoop-ozone/integration-test/target/test-dir/MiniOzoneClusterImpl-d61a8e55-6b1b-4302-a8ca-331e331e4b67/datanode-0/data/containers/hdds
2019-11-17 11:14:06,540 [main] INFO  volume.HddsVolumeChecker (HddsVolumeChecker.java:checkAllVolumes(204)) - Scheduled health check for volume /workdir/hadoop-ozone/integration-test/target/test-dir/MiniOzoneClusterImpl-d61a8e55-6b1b-4302-a8ca-331e331e4b67/datanode-0/data/containers/hdds
2019-11-17 11:14:06,557 [main] INFO  impl.RaftServerProxy (ConfUtils.java:logGet(43)) - raft.rpc.type = GRPC (default)
2019-11-17 11:14:06,558 [main] INFO  grpc.GrpcFactory (GrpcFactory.java:checkPooledByteBufAllocatorUseCacheForAllThreads(45)) - PERFORMANCE WARNING: useCacheForAllThreads is true that may cause Netty to create a lot garbage objects and, as a result, trigger GC.
	It is recommended to disable useCacheForAllThreads by setting -Dorg.apache.ratis.thirdparty.io.netty.allocator.useCacheForAllThreads=false in command line.
2019-11-17 11:14:06,558 [main] INFO  grpc.GrpcConfigKeys$Server (ConfUtils.java:logGet(43)) - raft.grpc.server.port = 0 (default)
2019-11-17 11:14:06,558 [main] INFO  server.GrpcService (ConfUtils.java:logGet(43)) - raft.grpc.message.size.max = 33570816 (custom)
2019-11-17 11:14:06,558 [main] INFO  server.RaftServerConfigKeys (ConfUtils.java:logGet(43)) - raft.server.log.appender.buffer.byte-limit = 33554432 (custom)
2019-11-17 11:14:06,559 [main] INFO  server.GrpcService (ConfUtils.java:logGet(43)) - raft.grpc.flow.control.window = 1MB (=1048576) (default)
2019-11-17 11:14:06,559 [main] INFO  server.RaftServerConfigKeys (ConfUtils.java:logGet(43)) - raft.server.rpc.request.timeout = 3000ms (default)
2019-11-17 11:14:06,560 [main] INFO  server.RaftServerConfigKeys (ConfUtils.java:logGet(43)) - raft.server.storage.dir = [/workdir/hadoop-ozone/integration-test/target/test-dir/MiniOzoneClusterImpl-d61a8e55-6b1b-4302-a8ca-331e331e4b67/datanode-0/data/ratis] (custom)
2019-11-17 11:14:06,561 [main] INFO  hdfs.DFSUtil (DFSUtil.java:httpServerTemplateForNNAndJN(1641)) - Starting Web-server for hddsDatanode at: http://0.0.0.0:0
2019-11-17 11:14:06,563 [main] INFO  server.AuthenticationFilter (AuthenticationFilter.java:constructSecretProvider(240)) - Unable to initialize FileSignerSecretProvider, falling back to use random secrets.
2019-11-17 11:14:06,564 [main] WARN  http.HttpRequestLog (HttpRequestLog.java:getRequestLog(97)) - Jetty request log can only be enabled using Log4j
2019-11-17 11:14:06,565 [main] INFO  http.HttpServer2 (HttpServer2.java:addGlobalFilter(975)) - Added global filter 'safety' (class=org.apache.hadoop.http.HttpServer2$QuotingInputFilter)
2019-11-17 11:14:06,566 [main] INFO  http.HttpServer2 (HttpServer2.java:addFilter(948)) - Added filter static_user_filter (class=org.apache.hadoop.http.lib.StaticUserWebFilter$StaticUserFilter) to context hddsDatanode
2019-11-17 11:14:06,566 [main] INFO  http.HttpServer2 (HttpServer2.java:addFilter(958)) - Added filter static_user_filter (class=org.apache.hadoop.http.lib.StaticUserWebFilter$StaticUserFilter) to context static
2019-11-17 11:14:06,566 [main] INFO  http.HttpServer2 (HttpServer2.java:addFilter(958)) - Added filter static_user_filter (class=org.apache.hadoop.http.lib.StaticUserWebFilter$StaticUserFilter) to context logs
2019-11-17 11:14:06,567 [main] INFO  http.HttpServer2 (HttpServer2.java:bindListener(1191)) - Jetty bound to port 33193
2019-11-17 11:14:06,567 [main] INFO  server.Server (Server.java:doStart(351)) - jetty-9.3.25.v20180904, build timestamp: 2018-09-04T21:11:46Z, git hash: 3ce520221d0240229c862b122d2b06c12a625732
2019-11-17 11:14:06,568 [main] INFO  handler.ContextHandler (ContextHandler.java:doStart(781)) - Started o.e.j.s.ServletContextHandler@336f49a1{/logs,file:///workdir/hadoop-ozone/integration-test/target/log,AVAILABLE}
2019-11-17 11:14:06,569 [main] INFO  handler.ContextHandler (ContextHandler.java:doStart(781)) - Started o.e.j.s.ServletContextHandler@4fb57fb3{/static,jar:file:/home/user/.m2/repository/org/apache/hadoop/hadoop-hdds-container-service/0.5.0-SNAPSHOT/hadoop-hdds-container-service-0.5.0-SNAPSHOT.jar!/webapps/static,AVAILABLE}
2019-11-17 11:14:06,605 [main] INFO  handler.ContextHandler (ContextHandler.java:doStart(781)) - Started o.e.j.w.WebAppContext@79195c22{/,file:///tmp/jetty-0.0.0.0-33193-hddsDatanode-_-any-4386625050055386960.dir/webapp/,AVAILABLE}{/hddsDatanode}
2019-11-17 11:14:06,606 [main] INFO  server.AbstractConnector (AbstractConnector.java:doStart(278)) - Started ServerConnector@c9b5a99{HTTP/1.1,[http/1.1]}{0.0.0.0:33193}
2019-11-17 11:14:06,607 [main] INFO  server.Server (Server.java:doStart(419)) - Started @192563ms
2019-11-17 11:14:06,607 [main] WARN  impl.MetricsSystemImpl (MetricsSystemImpl.java:register(276)) - Sink prometheus already exists!
2019-11-17 11:14:06,608 [main] INFO  server.BaseHttpServer (BaseHttpServer.java:updateConnectorAddress(215)) - HTTP server of HDDSDATANODE is listening at http://0.0.0.0:33193
2019-11-17 11:14:06,608 [main] INFO  impl.MetricsSystemImpl (MetricsSystemImpl.java:init(158)) - HddsDatanode metrics system started (again)
2019-11-17 11:14:06,611 [org.apache.hadoop.util.JvmPauseMonitor$Monitor@74608180] INFO  util.JvmPauseMonitor (JvmPauseMonitor.java:run(188)) - Starting JVM pause monitor
2019-11-17 11:14:06,611 [main] INFO  ozone.HddsDatanodeService (HddsDatanodeService.java:start(186)) - HddsDatanodeService host:pr-hdds-2291-5997d-4279494527 ip:192.168.34.35
2019-11-17 11:14:06,613 [Datanode State Machine Thread - 0] INFO  datanode.InitDatanodeState (InitDatanodeState.java:persistContainerDatanodeDetails(140)) - DatanodeDetails is persisted to /workdir/hadoop-ozone/integration-test/target/test-dir/MiniOzoneClusterImpl-d61a8e55-6b1b-4302-a8ca-331e331e4b67/datanode-0/meta/datanode.id
2019-11-17 11:14:06,618 [main] INFO  volume.HddsVolume (HddsVolume.java:<init>(176)) - Creating Volume: /workdir/hadoop-ozone/integration-test/target/test-dir/MiniOzoneClusterImpl-d61a8e55-6b1b-4302-a8ca-331e331e4b67/datanode-1/data/containers/hdds of  storage type : DISK and capacity : 1482555576320
2019-11-17 11:14:06,618 [main] INFO  volume.VolumeSet (VolumeSet.java:initializeVolumeSet(170)) - Added Volume : /workdir/hadoop-ozone/integration-test/target/test-dir/MiniOzoneClusterImpl-d61a8e55-6b1b-4302-a8ca-331e331e4b67/datanode-1/data/containers/hdds to VolumeSet
2019-11-17 11:14:06,618 [main] INFO  volume.ThrottledAsyncChecker (ThrottledAsyncChecker.java:schedule(141)) - Scheduling a check for /workdir/hadoop-ozone/integration-test/target/test-dir/MiniOzoneClusterImpl-d61a8e55-6b1b-4302-a8ca-331e331e4b67/datanode-1/data/containers/hdds
2019-11-17 11:14:06,619 [main] INFO  volume.HddsVolumeChecker (HddsVolumeChecker.java:checkAllVolumes(204)) - Scheduled health check for volume /workdir/hadoop-ozone/integration-test/target/test-dir/MiniOzoneClusterImpl-d61a8e55-6b1b-4302-a8ca-331e331e4b67/datanode-1/data/containers/hdds
2019-11-17 11:14:06,631 [main] INFO  impl.RaftServerProxy (ConfUtils.java:logGet(43)) - raft.rpc.type = GRPC (default)
2019-11-17 11:14:06,631 [main] INFO  grpc.GrpcFactory (GrpcFactory.java:checkPooledByteBufAllocatorUseCacheForAllThreads(45)) - PERFORMANCE WARNING: useCacheForAllThreads is true that may cause Netty to create a lot garbage objects and, as a result, trigger GC.
	It is recommended to disable useCacheForAllThreads by setting -Dorg.apache.ratis.thirdparty.io.netty.allocator.useCacheForAllThreads=false in command line.
2019-11-17 11:14:06,632 [main] INFO  grpc.GrpcConfigKeys$Server (ConfUtils.java:logGet(43)) - raft.grpc.server.port = 0 (default)
2019-11-17 11:14:06,632 [main] INFO  server.GrpcService (ConfUtils.java:logGet(43)) - raft.grpc.message.size.max = 33570816 (custom)
2019-11-17 11:14:06,632 [main] INFO  server.RaftServerConfigKeys (ConfUtils.java:logGet(43)) - raft.server.log.appender.buffer.byte-limit = 33554432 (custom)
2019-11-17 11:14:06,632 [main] INFO  server.GrpcService (ConfUtils.java:logGet(43)) - raft.grpc.flow.control.window = 1MB (=1048576) (default)
2019-11-17 11:14:06,632 [main] INFO  server.RaftServerConfigKeys (ConfUtils.java:logGet(43)) - raft.server.rpc.request.timeout = 3000ms (default)
2019-11-17 11:14:06,633 [main] INFO  server.RaftServerConfigKeys (ConfUtils.java:logGet(43)) - raft.server.storage.dir = [/workdir/hadoop-ozone/integration-test/target/test-dir/MiniOzoneClusterImpl-d61a8e55-6b1b-4302-a8ca-331e331e4b67/datanode-1/data/ratis] (custom)
2019-11-17 11:14:06,634 [main] INFO  hdfs.DFSUtil (DFSUtil.java:httpServerTemplateForNNAndJN(1641)) - Starting Web-server for hddsDatanode at: http://0.0.0.0:0
2019-11-17 11:14:06,635 [main] INFO  server.AuthenticationFilter (AuthenticationFilter.java:constructSecretProvider(240)) - Unable to initialize FileSignerSecretProvider, falling back to use random secrets.
2019-11-17 11:14:06,635 [main] WARN  http.HttpRequestLog (HttpRequestLog.java:getRequestLog(97)) - Jetty request log can only be enabled using Log4j
2019-11-17 11:14:06,636 [main] INFO  http.HttpServer2 (HttpServer2.java:addGlobalFilter(975)) - Added global filter 'safety' (class=org.apache.hadoop.http.HttpServer2$QuotingInputFilter)
2019-11-17 11:14:06,637 [main] INFO  http.HttpServer2 (HttpServer2.java:addFilter(948)) - Added filter static_user_filter (class=org.apache.hadoop.http.lib.StaticUserWebFilter$StaticUserFilter) to context hddsDatanode
2019-11-17 11:14:06,637 [main] INFO  http.HttpServer2 (HttpServer2.java:addFilter(958)) - Added filter static_user_filter (class=org.apache.hadoop.http.lib.StaticUserWebFilter$StaticUserFilter) to context static
2019-11-17 11:14:06,637 [main] INFO  http.HttpServer2 (HttpServer2.java:addFilter(958)) - Added filter static_user_filter (class=org.apache.hadoop.http.lib.StaticUserWebFilter$StaticUserFilter) to context logs
2019-11-17 11:14:06,637 [main] INFO  http.HttpServer2 (HttpServer2.java:bindListener(1191)) - Jetty bound to port 34545
2019-11-17 11:14:06,638 [main] INFO  server.Server (Server.java:doStart(351)) - jetty-9.3.25.v20180904, build timestamp: 2018-09-04T21:11:46Z, git hash: 3ce520221d0240229c862b122d2b06c12a625732
2019-11-17 11:14:06,639 [main] INFO  handler.ContextHandler (ContextHandler.java:doStart(781)) - Started o.e.j.s.ServletContextHandler@7be94cd6{/logs,file:///workdir/hadoop-ozone/integration-test/target/log,AVAILABLE}
2019-11-17 11:14:06,640 [main] INFO  handler.ContextHandler (ContextHandler.java:doStart(781)) - Started o.e.j.s.ServletContextHandler@463045fb{/static,jar:file:/home/user/.m2/repository/org/apache/hadoop/hadoop-hdds-container-service/0.5.0-SNAPSHOT/hadoop-hdds-container-service-0.5.0-SNAPSHOT.jar!/webapps/static,AVAILABLE}
2019-11-17 11:14:06,669 [main] INFO  handler.ContextHandler (ContextHandler.java:doStart(781)) - Started o.e.j.w.WebAppContext@4409cae6{/,file:///tmp/jetty-0.0.0.0-34545-hddsDatanode-_-any-125005515122916030.dir/webapp/,AVAILABLE}{/hddsDatanode}
2019-11-17 11:14:06,669 [main] INFO  server.AbstractConnector (AbstractConnector.java:doStart(278)) - Started ServerConnector@14e750c5{HTTP/1.1,[http/1.1]}{0.0.0.0:34545}
2019-11-17 11:14:06,669 [main] INFO  server.Server (Server.java:doStart(419)) - Started @192625ms
2019-11-17 11:14:06,670 [main] WARN  impl.MetricsSystemImpl (MetricsSystemImpl.java:register(276)) - Sink prometheus already exists!
2019-11-17 11:14:06,671 [main] INFO  server.BaseHttpServer (BaseHttpServer.java:updateConnectorAddress(215)) - HTTP server of HDDSDATANODE is listening at http://0.0.0.0:34545
2019-11-17 11:14:06,672 [main] INFO  impl.MetricsSystemImpl (MetricsSystemImpl.java:init(158)) - HddsDatanode metrics system started (again)
2019-11-17 11:14:06,674 [org.apache.hadoop.util.JvmPauseMonitor$Monitor@2c141db2] INFO  util.JvmPauseMonitor (JvmPauseMonitor.java:run(188)) - Starting JVM pause monitor
2019-11-17 11:14:06,675 [main] INFO  ozone.HddsDatanodeService (HddsDatanodeService.java:start(186)) - HddsDatanodeService host:pr-hdds-2291-5997d-4279494527 ip:192.168.34.35
2019-11-17 11:14:06,675 [Datanode State Machine Thread - 0] INFO  datanode.InitDatanodeState (InitDatanodeState.java:persistContainerDatanodeDetails(140)) - DatanodeDetails is persisted to /workdir/hadoop-ozone/integration-test/target/test-dir/MiniOzoneClusterImpl-d61a8e55-6b1b-4302-a8ca-331e331e4b67/datanode-1/meta/datanode.id
2019-11-17 11:14:06,681 [main] INFO  volume.HddsVolume (HddsVolume.java:<init>(176)) - Creating Volume: /workdir/hadoop-ozone/integration-test/target/test-dir/MiniOzoneClusterImpl-d61a8e55-6b1b-4302-a8ca-331e331e4b67/datanode-2/data/containers/hdds of  storage type : DISK and capacity : 1482555576320
2019-11-17 11:14:06,681 [main] INFO  volume.VolumeSet (VolumeSet.java:initializeVolumeSet(170)) - Added Volume : /workdir/hadoop-ozone/integration-test/target/test-dir/MiniOzoneClusterImpl-d61a8e55-6b1b-4302-a8ca-331e331e4b67/datanode-2/data/containers/hdds to VolumeSet
2019-11-17 11:14:06,682 [main] INFO  volume.ThrottledAsyncChecker (ThrottledAsyncChecker.java:schedule(141)) - Scheduling a check for /workdir/hadoop-ozone/integration-test/target/test-dir/MiniOzoneClusterImpl-d61a8e55-6b1b-4302-a8ca-331e331e4b67/datanode-2/data/containers/hdds
2019-11-17 11:14:06,682 [main] INFO  volume.HddsVolumeChecker (HddsVolumeChecker.java:checkAllVolumes(204)) - Scheduled health check for volume /workdir/hadoop-ozone/integration-test/target/test-dir/MiniOzoneClusterImpl-d61a8e55-6b1b-4302-a8ca-331e331e4b67/datanode-2/data/containers/hdds
2019-11-17 11:14:06,693 [main] INFO  impl.RaftServerProxy (ConfUtils.java:logGet(43)) - raft.rpc.type = GRPC (default)
2019-11-17 11:14:06,693 [main] INFO  grpc.GrpcFactory (GrpcFactory.java:checkPooledByteBufAllocatorUseCacheForAllThreads(45)) - PERFORMANCE WARNING: useCacheForAllThreads is true that may cause Netty to create a lot garbage objects and, as a result, trigger GC.
	It is recommended to disable useCacheForAllThreads by setting -Dorg.apache.ratis.thirdparty.io.netty.allocator.useCacheForAllThreads=false in command line.
2019-11-17 11:14:06,693 [main] INFO  grpc.GrpcConfigKeys$Server (ConfUtils.java:logGet(43)) - raft.grpc.server.port = 0 (default)
2019-11-17 11:14:06,693 [main] INFO  server.GrpcService (ConfUtils.java:logGet(43)) - raft.grpc.message.size.max = 33570816 (custom)
2019-11-17 11:14:06,694 [main] INFO  server.RaftServerConfigKeys (ConfUtils.java:logGet(43)) - raft.server.log.appender.buffer.byte-limit = 33554432 (custom)
2019-11-17 11:14:06,694 [main] INFO  server.GrpcService (ConfUtils.java:logGet(43)) - raft.grpc.flow.control.window = 1MB (=1048576) (default)
2019-11-17 11:14:06,694 [main] INFO  server.RaftServerConfigKeys (ConfUtils.java:logGet(43)) - raft.server.rpc.request.timeout = 3000ms (default)
2019-11-17 11:14:06,694 [main] INFO  server.RaftServerConfigKeys (ConfUtils.java:logGet(43)) - raft.server.storage.dir = [/workdir/hadoop-ozone/integration-test/target/test-dir/MiniOzoneClusterImpl-d61a8e55-6b1b-4302-a8ca-331e331e4b67/datanode-2/data/ratis] (custom)
2019-11-17 11:14:06,695 [main] INFO  hdfs.DFSUtil (DFSUtil.java:httpServerTemplateForNNAndJN(1641)) - Starting Web-server for hddsDatanode at: http://0.0.0.0:0
2019-11-17 11:14:06,697 [main] INFO  server.AuthenticationFilter (AuthenticationFilter.java:constructSecretProvider(240)) - Unable to initialize FileSignerSecretProvider, falling back to use random secrets.
2019-11-17 11:14:06,697 [main] WARN  http.HttpRequestLog (HttpRequestLog.java:getRequestLog(97)) - Jetty request log can only be enabled using Log4j
2019-11-17 11:14:06,698 [main] INFO  http.HttpServer2 (HttpServer2.java:addGlobalFilter(975)) - Added global filter 'safety' (class=org.apache.hadoop.http.HttpServer2$QuotingInputFilter)
2019-11-17 11:14:06,699 [main] INFO  http.HttpServer2 (HttpServer2.java:addFilter(948)) - Added filter static_user_filter (class=org.apache.hadoop.http.lib.StaticUserWebFilter$StaticUserFilter) to context hddsDatanode
2019-11-17 11:14:06,699 [main] INFO  http.HttpServer2 (HttpServer2.java:addFilter(958)) - Added filter static_user_filter (class=org.apache.hadoop.http.lib.StaticUserWebFilter$StaticUserFilter) to context logs
2019-11-17 11:14:06,699 [main] INFO  http.HttpServer2 (HttpServer2.java:addFilter(958)) - Added filter static_user_filter (class=org.apache.hadoop.http.lib.StaticUserWebFilter$StaticUserFilter) to context static
2019-11-17 11:14:06,699 [main] INFO  http.HttpServer2 (HttpServer2.java:bindListener(1191)) - Jetty bound to port 46618
2019-11-17 11:14:06,699 [main] INFO  server.Server (Server.java:doStart(351)) - jetty-9.3.25.v20180904, build timestamp: 2018-09-04T21:11:46Z, git hash: 3ce520221d0240229c862b122d2b06c12a625732
2019-11-17 11:14:06,701 [main] INFO  handler.ContextHandler (ContextHandler.java:doStart(781)) - Started o.e.j.s.ServletContextHandler@47058864{/logs,file:///workdir/hadoop-ozone/integration-test/target/log,AVAILABLE}
2019-11-17 11:14:06,702 [main] INFO  handler.ContextHandler (ContextHandler.java:doStart(781)) - Started o.e.j.s.ServletContextHandler@54ccb3{/static,jar:file:/home/user/.m2/repository/org/apache/hadoop/hadoop-hdds-container-service/0.5.0-SNAPSHOT/hadoop-hdds-container-service-0.5.0-SNAPSHOT.jar!/webapps/static,AVAILABLE}
2019-11-17 11:14:06,738 [main] INFO  handler.ContextHandler (ContextHandler.java:doStart(781)) - Started o.e.j.w.WebAppContext@149aa7b2{/,file:///tmp/jetty-0.0.0.0-46618-hddsDatanode-_-any-8817966910708400195.dir/webapp/,AVAILABLE}{/hddsDatanode}
2019-11-17 11:14:06,738 [main] INFO  server.AbstractConnector (AbstractConnector.java:doStart(278)) - Started ServerConnector@3ca3648{HTTP/1.1,[http/1.1]}{0.0.0.0:46618}
2019-11-17 11:14:06,739 [main] INFO  server.Server (Server.java:doStart(419)) - Started @192695ms
2019-11-17 11:14:06,739 [main] WARN  impl.MetricsSystemImpl (MetricsSystemImpl.java:register(276)) - Sink prometheus already exists!
2019-11-17 11:14:06,740 [main] INFO  server.BaseHttpServer (BaseHttpServer.java:updateConnectorAddress(215)) - HTTP server of HDDSDATANODE is listening at http://0.0.0.0:46618
2019-11-17 11:14:06,741 [main] INFO  impl.MetricsSystemImpl (MetricsSystemImpl.java:init(158)) - HddsDatanode metrics system started (again)
2019-11-17 11:14:06,744 [org.apache.hadoop.util.JvmPauseMonitor$Monitor@29ca661b] INFO  util.JvmPauseMonitor (JvmPauseMonitor.java:run(188)) - Starting JVM pause monitor
2019-11-17 11:14:06,744 [main] INFO  ozone.HddsDatanodeService (HddsDatanodeService.java:start(186)) - HddsDatanodeService host:pr-hdds-2291-5997d-4279494527 ip:192.168.34.35
2019-11-17 11:14:06,745 [Datanode State Machine Thread - 0] INFO  datanode.InitDatanodeState (InitDatanodeState.java:persistContainerDatanodeDetails(140)) - DatanodeDetails is persisted to /workdir/hadoop-ozone/integration-test/target/test-dir/MiniOzoneClusterImpl-d61a8e55-6b1b-4302-a8ca-331e331e4b67/datanode-2/meta/datanode.id
2019-11-17 11:14:06,751 [main] INFO  volume.HddsVolume (HddsVolume.java:<init>(176)) - Creating Volume: /workdir/hadoop-ozone/integration-test/target/test-dir/MiniOzoneClusterImpl-d61a8e55-6b1b-4302-a8ca-331e331e4b67/datanode-3/data/containers/hdds of  storage type : DISK and capacity : 1482555576320
2019-11-17 11:14:06,751 [main] INFO  volume.VolumeSet (VolumeSet.java:initializeVolumeSet(170)) - Added Volume : /workdir/hadoop-ozone/integration-test/target/test-dir/MiniOzoneClusterImpl-d61a8e55-6b1b-4302-a8ca-331e331e4b67/datanode-3/data/containers/hdds to VolumeSet
2019-11-17 11:14:06,752 [main] INFO  volume.ThrottledAsyncChecker (ThrottledAsyncChecker.java:schedule(141)) - Scheduling a check for /workdir/hadoop-ozone/integration-test/target/test-dir/MiniOzoneClusterImpl-d61a8e55-6b1b-4302-a8ca-331e331e4b67/datanode-3/data/containers/hdds
2019-11-17 11:14:06,752 [main] INFO  volume.HddsVolumeChecker (HddsVolumeChecker.java:checkAllVolumes(204)) - Scheduled health check for volume /workdir/hadoop-ozone/integration-test/target/test-dir/MiniOzoneClusterImpl-d61a8e55-6b1b-4302-a8ca-331e331e4b67/datanode-3/data/containers/hdds
2019-11-17 11:14:06,770 [main] INFO  impl.RaftServerProxy (ConfUtils.java:logGet(43)) - raft.rpc.type = GRPC (default)
2019-11-17 11:14:06,770 [main] INFO  grpc.GrpcFactory (GrpcFactory.java:checkPooledByteBufAllocatorUseCacheForAllThreads(45)) - PERFORMANCE WARNING: useCacheForAllThreads is true that may cause Netty to create a lot garbage objects and, as a result, trigger GC.
	It is recommended to disable useCacheForAllThreads by setting -Dorg.apache.ratis.thirdparty.io.netty.allocator.useCacheForAllThreads=false in command line.
2019-11-17 11:14:06,771 [main] INFO  grpc.GrpcConfigKeys$Server (ConfUtils.java:logGet(43)) - raft.grpc.server.port = 0 (default)
2019-11-17 11:14:06,771 [main] INFO  server.GrpcService (ConfUtils.java:logGet(43)) - raft.grpc.message.size.max = 33570816 (custom)
2019-11-17 11:14:06,771 [main] INFO  server.RaftServerConfigKeys (ConfUtils.java:logGet(43)) - raft.server.log.appender.buffer.byte-limit = 33554432 (custom)
2019-11-17 11:14:06,771 [main] INFO  server.GrpcService (ConfUtils.java:logGet(43)) - raft.grpc.flow.control.window = 1MB (=1048576) (default)
2019-11-17 11:14:06,771 [main] INFO  server.RaftServerConfigKeys (ConfUtils.java:logGet(43)) - raft.server.rpc.request.timeout = 3000ms (default)
2019-11-17 11:14:06,772 [main] INFO  server.RaftServerConfigKeys (ConfUtils.java:logGet(43)) - raft.server.storage.dir = [/workdir/hadoop-ozone/integration-test/target/test-dir/MiniOzoneClusterImpl-d61a8e55-6b1b-4302-a8ca-331e331e4b67/datanode-3/data/ratis] (custom)
2019-11-17 11:14:06,774 [main] INFO  hdfs.DFSUtil (DFSUtil.java:httpServerTemplateForNNAndJN(1641)) - Starting Web-server for hddsDatanode at: http://0.0.0.0:0
2019-11-17 11:14:06,775 [main] INFO  server.AuthenticationFilter (AuthenticationFilter.java:constructSecretProvider(240)) - Unable to initialize FileSignerSecretProvider, falling back to use random secrets.
2019-11-17 11:14:06,776 [main] WARN  http.HttpRequestLog (HttpRequestLog.java:getRequestLog(97)) - Jetty request log can only be enabled using Log4j
2019-11-17 11:14:06,778 [main] INFO  http.HttpServer2 (HttpServer2.java:addGlobalFilter(975)) - Added global filter 'safety' (class=org.apache.hadoop.http.HttpServer2$QuotingInputFilter)
2019-11-17 11:14:06,778 [main] INFO  http.HttpServer2 (HttpServer2.java:addFilter(948)) - Added filter static_user_filter (class=org.apache.hadoop.http.lib.StaticUserWebFilter$StaticUserFilter) to context hddsDatanode
2019-11-17 11:14:06,778 [main] INFO  http.HttpServer2 (HttpServer2.java:addFilter(958)) - Added filter static_user_filter (class=org.apache.hadoop.http.lib.StaticUserWebFilter$StaticUserFilter) to context static
2019-11-17 11:14:06,779 [main] INFO  http.HttpServer2 (HttpServer2.java:addFilter(958)) - Added filter static_user_filter (class=org.apache.hadoop.http.lib.StaticUserWebFilter$StaticUserFilter) to context logs
2019-11-17 11:14:06,779 [main] INFO  http.HttpServer2 (HttpServer2.java:bindListener(1191)) - Jetty bound to port 39923
2019-11-17 11:14:06,780 [main] INFO  server.Server (Server.java:doStart(351)) - jetty-9.3.25.v20180904, build timestamp: 2018-09-04T21:11:46Z, git hash: 3ce520221d0240229c862b122d2b06c12a625732
2019-11-17 11:14:06,781 [main] INFO  handler.ContextHandler (ContextHandler.java:doStart(781)) - Started o.e.j.s.ServletContextHandler@23121d14{/logs,file:///workdir/hadoop-ozone/integration-test/target/log,AVAILABLE}
2019-11-17 11:14:06,782 [main] INFO  handler.ContextHandler (ContextHandler.java:doStart(781)) - Started o.e.j.s.ServletContextHandler@aa1bb14{/static,jar:file:/home/user/.m2/repository/org/apache/hadoop/hadoop-hdds-container-service/0.5.0-SNAPSHOT/hadoop-hdds-container-service-0.5.0-SNAPSHOT.jar!/webapps/static,AVAILABLE}
2019-11-17 11:14:06,821 [main] INFO  handler.ContextHandler (ContextHandler.java:doStart(781)) - Started o.e.j.w.WebAppContext@53a301f3{/,file:///tmp/jetty-0.0.0.0-39923-hddsDatanode-_-any-1894376504897342781.dir/webapp/,AVAILABLE}{/hddsDatanode}
2019-11-17 11:14:06,822 [main] INFO  server.AbstractConnector (AbstractConnector.java:doStart(278)) - Started ServerConnector@7cf8f45a{HTTP/1.1,[http/1.1]}{0.0.0.0:39923}
2019-11-17 11:14:06,823 [main] INFO  server.Server (Server.java:doStart(419)) - Started @192779ms
2019-11-17 11:14:06,823 [main] WARN  impl.MetricsSystemImpl (MetricsSystemImpl.java:register(276)) - Sink prometheus already exists!
2019-11-17 11:14:06,824 [main] INFO  server.BaseHttpServer (BaseHttpServer.java:updateConnectorAddress(215)) - HTTP server of HDDSDATANODE is listening at http://0.0.0.0:39923
2019-11-17 11:14:06,824 [main] INFO  impl.MetricsSystemImpl (MetricsSystemImpl.java:init(158)) - HddsDatanode metrics system started (again)
2019-11-17 11:14:06,827 [org.apache.hadoop.util.JvmPauseMonitor$Monitor@60598924] INFO  util.JvmPauseMonitor (JvmPauseMonitor.java:run(188)) - Starting JVM pause monitor
2019-11-17 11:14:06,827 [main] INFO  ozone.HddsDatanodeService (HddsDatanodeService.java:start(186)) - HddsDatanodeService host:pr-hdds-2291-5997d-4279494527 ip:192.168.34.35
2019-11-17 11:14:06,828 [Datanode State Machine Thread - 0] INFO  datanode.InitDatanodeState (InitDatanodeState.java:persistContainerDatanodeDetails(140)) - DatanodeDetails is persisted to /workdir/hadoop-ozone/integration-test/target/test-dir/MiniOzoneClusterImpl-d61a8e55-6b1b-4302-a8ca-331e331e4b67/datanode-3/meta/datanode.id
2019-11-17 11:14:06,835 [main] INFO  volume.HddsVolume (HddsVolume.java:<init>(176)) - Creating Volume: /workdir/hadoop-ozone/integration-test/target/test-dir/MiniOzoneClusterImpl-d61a8e55-6b1b-4302-a8ca-331e331e4b67/datanode-4/data/containers/hdds of  storage type : DISK and capacity : 1482555576320
2019-11-17 11:14:06,835 [main] INFO  volume.VolumeSet (VolumeSet.java:initializeVolumeSet(170)) - Added Volume : /workdir/hadoop-ozone/integration-test/target/test-dir/MiniOzoneClusterImpl-d61a8e55-6b1b-4302-a8ca-331e331e4b67/datanode-4/data/containers/hdds to VolumeSet
2019-11-17 11:14:06,835 [main] INFO  volume.ThrottledAsyncChecker (ThrottledAsyncChecker.java:schedule(141)) - Scheduling a check for /workdir/hadoop-ozone/integration-test/target/test-dir/MiniOzoneClusterImpl-d61a8e55-6b1b-4302-a8ca-331e331e4b67/datanode-4/data/containers/hdds
2019-11-17 11:14:06,836 [main] INFO  volume.HddsVolumeChecker (HddsVolumeChecker.java:checkAllVolumes(204)) - Scheduled health check for volume /workdir/hadoop-ozone/integration-test/target/test-dir/MiniOzoneClusterImpl-d61a8e55-6b1b-4302-a8ca-331e331e4b67/datanode-4/data/containers/hdds
2019-11-17 11:14:06,849 [main] INFO  impl.RaftServerProxy (ConfUtils.java:logGet(43)) - raft.rpc.type = GRPC (default)
2019-11-17 11:14:06,849 [main] INFO  grpc.GrpcFactory (GrpcFactory.java:checkPooledByteBufAllocatorUseCacheForAllThreads(45)) - PERFORMANCE WARNING: useCacheForAllThreads is true that may cause Netty to create a lot garbage objects and, as a result, trigger GC.
	It is recommended to disable useCacheForAllThreads by setting -Dorg.apache.ratis.thirdparty.io.netty.allocator.useCacheForAllThreads=false in command line.
2019-11-17 11:14:06,849 [main] INFO  grpc.GrpcConfigKeys$Server (ConfUtils.java:logGet(43)) - raft.grpc.server.port = 0 (default)
2019-11-17 11:14:06,849 [main] INFO  server.GrpcService (ConfUtils.java:logGet(43)) - raft.grpc.message.size.max = 33570816 (custom)
2019-11-17 11:14:06,849 [main] INFO  server.RaftServerConfigKeys (ConfUtils.java:logGet(43)) - raft.server.log.appender.buffer.byte-limit = 33554432 (custom)
2019-11-17 11:14:06,849 [main] INFO  server.GrpcService (ConfUtils.java:logGet(43)) - raft.grpc.flow.control.window = 1MB (=1048576) (default)
2019-11-17 11:14:06,850 [main] INFO  server.RaftServerConfigKeys (ConfUtils.java:logGet(43)) - raft.server.rpc.request.timeout = 3000ms (default)
2019-11-17 11:14:06,850 [main] INFO  server.RaftServerConfigKeys (ConfUtils.java:logGet(43)) - raft.server.storage.dir = [/workdir/hadoop-ozone/integration-test/target/test-dir/MiniOzoneClusterImpl-d61a8e55-6b1b-4302-a8ca-331e331e4b67/datanode-4/data/ratis] (custom)
2019-11-17 11:14:06,851 [main] INFO  hdfs.DFSUtil (DFSUtil.java:httpServerTemplateForNNAndJN(1641)) - Starting Web-server for hddsDatanode at: http://0.0.0.0:0
2019-11-17 11:14:06,853 [main] INFO  server.AuthenticationFilter (AuthenticationFilter.java:constructSecretProvider(240)) - Unable to initialize FileSignerSecretProvider, falling back to use random secrets.
2019-11-17 11:14:06,853 [main] WARN  http.HttpRequestLog (HttpRequestLog.java:getRequestLog(97)) - Jetty request log can only be enabled using Log4j
2019-11-17 11:14:06,854 [main] INFO  http.HttpServer2 (HttpServer2.java:addGlobalFilter(975)) - Added global filter 'safety' (class=org.apache.hadoop.http.HttpServer2$QuotingInputFilter)
2019-11-17 11:14:06,855 [main] INFO  http.HttpServer2 (HttpServer2.java:addFilter(948)) - Added filter static_user_filter (class=org.apache.hadoop.http.lib.StaticUserWebFilter$StaticUserFilter) to context hddsDatanode
2019-11-17 11:14:06,855 [main] INFO  http.HttpServer2 (HttpServer2.java:addFilter(958)) - Added filter static_user_filter (class=org.apache.hadoop.http.lib.StaticUserWebFilter$StaticUserFilter) to context static
2019-11-17 11:14:06,855 [main] INFO  http.HttpServer2 (HttpServer2.java:addFilter(958)) - Added filter static_user_filter (class=org.apache.hadoop.http.lib.StaticUserWebFilter$StaticUserFilter) to context logs
2019-11-17 11:14:06,856 [main] INFO  http.HttpServer2 (HttpServer2.java:bindListener(1191)) - Jetty bound to port 42007
2019-11-17 11:14:06,856 [main] INFO  server.Server (Server.java:doStart(351)) - jetty-9.3.25.v20180904, build timestamp: 2018-09-04T21:11:46Z, git hash: 3ce520221d0240229c862b122d2b06c12a625732
2019-11-17 11:14:06,857 [main] INFO  handler.ContextHandler (ContextHandler.java:doStart(781)) - Started o.e.j.s.ServletContextHandler@79e10fb4{/logs,file:///workdir/hadoop-ozone/integration-test/target/log,AVAILABLE}
2019-11-17 11:14:06,857 [main] INFO  handler.ContextHandler (ContextHandler.java:doStart(781)) - Started o.e.j.s.ServletContextHandler@36510e73{/static,jar:file:/home/user/.m2/repository/org/apache/hadoop/hadoop-hdds-container-service/0.5.0-SNAPSHOT/hadoop-hdds-container-service-0.5.0-SNAPSHOT.jar!/webapps/static,AVAILABLE}
2019-11-17 11:14:06,888 [main] INFO  handler.ContextHandler (ContextHandler.java:doStart(781)) - Started o.e.j.w.WebAppContext@9a9aa68{/,file:///tmp/jetty-0.0.0.0-42007-hddsDatanode-_-any-2618961778814262863.dir/webapp/,AVAILABLE}{/hddsDatanode}
2019-11-17 11:14:06,888 [main] INFO  server.AbstractConnector (AbstractConnector.java:doStart(278)) - Started ServerConnector@3a3883c4{HTTP/1.1,[http/1.1]}{0.0.0.0:42007}
2019-11-17 11:14:06,888 [main] INFO  server.Server (Server.java:doStart(419)) - Started @192844ms
2019-11-17 11:14:06,889 [main] WARN  impl.MetricsSystemImpl (MetricsSystemImpl.java:register(276)) - Sink prometheus already exists!
2019-11-17 11:14:06,890 [main] INFO  server.BaseHttpServer (BaseHttpServer.java:updateConnectorAddress(215)) - HTTP server of HDDSDATANODE is listening at http://0.0.0.0:42007
2019-11-17 11:14:06,890 [main] INFO  impl.MetricsSystemImpl (MetricsSystemImpl.java:init(158)) - HddsDatanode metrics system started (again)
2019-11-17 11:14:06,893 [org.apache.hadoop.util.JvmPauseMonitor$Monitor@4256bab9] INFO  util.JvmPauseMonitor (JvmPauseMonitor.java:run(188)) - Starting JVM pause monitor
2019-11-17 11:14:06,893 [main] INFO  ozone.HddsDatanodeService (HddsDatanodeService.java:start(186)) - HddsDatanodeService host:pr-hdds-2291-5997d-4279494527 ip:192.168.34.35
2019-11-17 11:14:06,895 [Datanode State Machine Thread - 0] INFO  datanode.InitDatanodeState (InitDatanodeState.java:persistContainerDatanodeDetails(140)) - DatanodeDetails is persisted to /workdir/hadoop-ozone/integration-test/target/test-dir/MiniOzoneClusterImpl-d61a8e55-6b1b-4302-a8ca-331e331e4b67/datanode-4/meta/datanode.id
2019-11-17 11:14:06,901 [main] INFO  volume.HddsVolume (HddsVolume.java:<init>(176)) - Creating Volume: /workdir/hadoop-ozone/integration-test/target/test-dir/MiniOzoneClusterImpl-d61a8e55-6b1b-4302-a8ca-331e331e4b67/datanode-5/data/containers/hdds of  storage type : DISK and capacity : 1482555576320
2019-11-17 11:14:06,901 [main] INFO  volume.VolumeSet (VolumeSet.java:initializeVolumeSet(170)) - Added Volume : /workdir/hadoop-ozone/integration-test/target/test-dir/MiniOzoneClusterImpl-d61a8e55-6b1b-4302-a8ca-331e331e4b67/datanode-5/data/containers/hdds to VolumeSet
2019-11-17 11:14:06,901 [main] INFO  volume.ThrottledAsyncChecker (ThrottledAsyncChecker.java:schedule(141)) - Scheduling a check for /workdir/hadoop-ozone/integration-test/target/test-dir/MiniOzoneClusterImpl-d61a8e55-6b1b-4302-a8ca-331e331e4b67/datanode-5/data/containers/hdds
2019-11-17 11:14:06,902 [main] INFO  volume.HddsVolumeChecker (HddsVolumeChecker.java:checkAllVolumes(204)) - Scheduled health check for volume /workdir/hadoop-ozone/integration-test/target/test-dir/MiniOzoneClusterImpl-d61a8e55-6b1b-4302-a8ca-331e331e4b67/datanode-5/data/containers/hdds
2019-11-17 11:14:06,912 [main] INFO  impl.RaftServerProxy (ConfUtils.java:logGet(43)) - raft.rpc.type = GRPC (default)
2019-11-17 11:14:06,913 [main] INFO  grpc.GrpcFactory (GrpcFactory.java:checkPooledByteBufAllocatorUseCacheForAllThreads(45)) - PERFORMANCE WARNING: useCacheForAllThreads is true that may cause Netty to create a lot garbage objects and, as a result, trigger GC.
	It is recommended to disable useCacheForAllThreads by setting -Dorg.apache.ratis.thirdparty.io.netty.allocator.useCacheForAllThreads=false in command line.
2019-11-17 11:14:06,913 [main] INFO  grpc.GrpcConfigKeys$Server (ConfUtils.java:logGet(43)) - raft.grpc.server.port = 0 (default)
2019-11-17 11:14:06,913 [main] INFO  server.GrpcService (ConfUtils.java:logGet(43)) - raft.grpc.message.size.max = 33570816 (custom)
2019-11-17 11:14:06,913 [main] INFO  server.RaftServerConfigKeys (ConfUtils.java:logGet(43)) - raft.server.log.appender.buffer.byte-limit = 33554432 (custom)
2019-11-17 11:14:06,913 [main] INFO  server.GrpcService (ConfUtils.java:logGet(43)) - raft.grpc.flow.control.window = 1MB (=1048576) (default)
2019-11-17 11:14:06,913 [main] INFO  server.RaftServerConfigKeys (ConfUtils.java:logGet(43)) - raft.server.rpc.request.timeout = 3000ms (default)
2019-11-17 11:14:06,914 [main] INFO  server.RaftServerConfigKeys (ConfUtils.java:logGet(43)) - raft.server.storage.dir = [/workdir/hadoop-ozone/integration-test/target/test-dir/MiniOzoneClusterImpl-d61a8e55-6b1b-4302-a8ca-331e331e4b67/datanode-5/data/ratis] (custom)
2019-11-17 11:14:06,915 [main] INFO  hdfs.DFSUtil (DFSUtil.java:httpServerTemplateForNNAndJN(1641)) - Starting Web-server for hddsDatanode at: http://0.0.0.0:0
2019-11-17 11:14:06,916 [main] INFO  server.AuthenticationFilter (AuthenticationFilter.java:constructSecretProvider(240)) - Unable to initialize FileSignerSecretProvider, falling back to use random secrets.
2019-11-17 11:14:06,916 [main] WARN  http.HttpRequestLog (HttpRequestLog.java:getRequestLog(97)) - Jetty request log can only be enabled using Log4j
2019-11-17 11:14:06,917 [main] INFO  http.HttpServer2 (HttpServer2.java:addGlobalFilter(975)) - Added global filter 'safety' (class=org.apache.hadoop.http.HttpServer2$QuotingInputFilter)
2019-11-17 11:14:06,918 [main] INFO  http.HttpServer2 (HttpServer2.java:addFilter(948)) - Added filter static_user_filter (class=org.apache.hadoop.http.lib.StaticUserWebFilter$StaticUserFilter) to context hddsDatanode
2019-11-17 11:14:06,918 [main] INFO  http.HttpServer2 (HttpServer2.java:addFilter(958)) - Added filter static_user_filter (class=org.apache.hadoop.http.lib.StaticUserWebFilter$StaticUserFilter) to context static
2019-11-17 11:14:06,918 [main] INFO  http.HttpServer2 (HttpServer2.java:addFilter(958)) - Added filter static_user_filter (class=org.apache.hadoop.http.lib.StaticUserWebFilter$StaticUserFilter) to context logs
2019-11-17 11:14:06,919 [main] INFO  http.HttpServer2 (HttpServer2.java:bindListener(1191)) - Jetty bound to port 43991
2019-11-17 11:14:06,919 [main] INFO  server.Server (Server.java:doStart(351)) - jetty-9.3.25.v20180904, build timestamp: 2018-09-04T21:11:46Z, git hash: 3ce520221d0240229c862b122d2b06c12a625732
2019-11-17 11:14:06,920 [main] INFO  handler.ContextHandler (ContextHandler.java:doStart(781)) - Started o.e.j.s.ServletContextHandler@25ad25f5{/logs,file:///workdir/hadoop-ozone/integration-test/target/log,AVAILABLE}
2019-11-17 11:14:06,920 [main] INFO  handler.ContextHandler (ContextHandler.java:doStart(781)) - Started o.e.j.s.ServletContextHandler@1860a7a1{/static,jar:file:/home/user/.m2/repository/org/apache/hadoop/hadoop-hdds-container-service/0.5.0-SNAPSHOT/hadoop-hdds-container-service-0.5.0-SNAPSHOT.jar!/webapps/static,AVAILABLE}
2019-11-17 11:14:06,954 [main] INFO  handler.ContextHandler (ContextHandler.java:doStart(781)) - Started o.e.j.w.WebAppContext@3e9beef2{/,file:///tmp/jetty-0.0.0.0-43991-hddsDatanode-_-any-3432723198388527785.dir/webapp/,AVAILABLE}{/hddsDatanode}
2019-11-17 11:14:06,955 [main] INFO  server.AbstractConnector (AbstractConnector.java:doStart(278)) - Started ServerConnector@2f15a964{HTTP/1.1,[http/1.1]}{0.0.0.0:43991}
2019-11-17 11:14:06,955 [main] INFO  server.Server (Server.java:doStart(419)) - Started @192911ms
2019-11-17 11:14:06,956 [main] WARN  impl.MetricsSystemImpl (MetricsSystemImpl.java:register(276)) - Sink prometheus already exists!
2019-11-17 11:14:06,958 [main] INFO  server.BaseHttpServer (BaseHttpServer.java:updateConnectorAddress(215)) - HTTP server of HDDSDATANODE is listening at http://0.0.0.0:43991
2019-11-17 11:14:06,958 [main] INFO  impl.MetricsSystemImpl (MetricsSystemImpl.java:init(158)) - HddsDatanode metrics system started (again)
2019-11-17 11:14:06,962 [main] INFO  ozone.HddsDatanodeService (HddsDatanodeService.java:start(186)) - HddsDatanodeService host:pr-hdds-2291-5997d-4279494527 ip:192.168.34.35
2019-11-17 11:14:06,962 [org.apache.hadoop.util.JvmPauseMonitor$Monitor@41ea1924] INFO  util.JvmPauseMonitor (JvmPauseMonitor.java:run(188)) - Starting JVM pause monitor
2019-11-17 11:14:06,963 [Datanode State Machine Thread - 0] INFO  datanode.InitDatanodeState (InitDatanodeState.java:persistContainerDatanodeDetails(140)) - DatanodeDetails is persisted to /workdir/hadoop-ozone/integration-test/target/test-dir/MiniOzoneClusterImpl-d61a8e55-6b1b-4302-a8ca-331e331e4b67/datanode-5/meta/datanode.id
2019-11-17 11:14:06,969 [main] INFO  volume.HddsVolume (HddsVolume.java:<init>(176)) - Creating Volume: /workdir/hadoop-ozone/integration-test/target/test-dir/MiniOzoneClusterImpl-d61a8e55-6b1b-4302-a8ca-331e331e4b67/datanode-6/data/containers/hdds of  storage type : DISK and capacity : 1482555576320
2019-11-17 11:14:06,969 [main] INFO  volume.VolumeSet (VolumeSet.java:initializeVolumeSet(170)) - Added Volume : /workdir/hadoop-ozone/integration-test/target/test-dir/MiniOzoneClusterImpl-d61a8e55-6b1b-4302-a8ca-331e331e4b67/datanode-6/data/containers/hdds to VolumeSet
2019-11-17 11:14:06,969 [main] INFO  volume.ThrottledAsyncChecker (ThrottledAsyncChecker.java:schedule(141)) - Scheduling a check for /workdir/hadoop-ozone/integration-test/target/test-dir/MiniOzoneClusterImpl-d61a8e55-6b1b-4302-a8ca-331e331e4b67/datanode-6/data/containers/hdds
2019-11-17 11:14:06,970 [main] INFO  volume.HddsVolumeChecker (HddsVolumeChecker.java:checkAllVolumes(204)) - Scheduled health check for volume /workdir/hadoop-ozone/integration-test/target/test-dir/MiniOzoneClusterImpl-d61a8e55-6b1b-4302-a8ca-331e331e4b67/datanode-6/data/containers/hdds
2019-11-17 11:14:06,984 [main] INFO  impl.RaftServerProxy (ConfUtils.java:logGet(43)) - raft.rpc.type = GRPC (default)
2019-11-17 11:14:06,984 [main] INFO  grpc.GrpcFactory (GrpcFactory.java:checkPooledByteBufAllocatorUseCacheForAllThreads(45)) - PERFORMANCE WARNING: useCacheForAllThreads is true that may cause Netty to create a lot garbage objects and, as a result, trigger GC.
	It is recommended to disable useCacheForAllThreads by setting -Dorg.apache.ratis.thirdparty.io.netty.allocator.useCacheForAllThreads=false in command line.
2019-11-17 11:14:06,984 [main] INFO  grpc.GrpcConfigKeys$Server (ConfUtils.java:logGet(43)) - raft.grpc.server.port = 0 (default)
2019-11-17 11:14:06,984 [main] INFO  server.GrpcService (ConfUtils.java:logGet(43)) - raft.grpc.message.size.max = 33570816 (custom)
2019-11-17 11:14:06,985 [main] INFO  server.RaftServerConfigKeys (ConfUtils.java:logGet(43)) - raft.server.log.appender.buffer.byte-limit = 33554432 (custom)
2019-11-17 11:14:06,985 [main] INFO  server.GrpcService (ConfUtils.java:logGet(43)) - raft.grpc.flow.control.window = 1MB (=1048576) (default)
2019-11-17 11:14:06,985 [main] INFO  server.RaftServerConfigKeys (ConfUtils.java:logGet(43)) - raft.server.rpc.request.timeout = 3000ms (default)
2019-11-17 11:14:06,985 [main] INFO  server.RaftServerConfigKeys (ConfUtils.java:logGet(43)) - raft.server.storage.dir = [/workdir/hadoop-ozone/integration-test/target/test-dir/MiniOzoneClusterImpl-d61a8e55-6b1b-4302-a8ca-331e331e4b67/datanode-6/data/ratis] (custom)
2019-11-17 11:14:06,987 [main] INFO  hdfs.DFSUtil (DFSUtil.java:httpServerTemplateForNNAndJN(1641)) - Starting Web-server for hddsDatanode at: http://0.0.0.0:0
2019-11-17 11:14:06,988 [main] INFO  server.AuthenticationFilter (AuthenticationFilter.java:constructSecretProvider(240)) - Unable to initialize FileSignerSecretProvider, falling back to use random secrets.
2019-11-17 11:14:06,988 [main] WARN  http.HttpRequestLog (HttpRequestLog.java:getRequestLog(97)) - Jetty request log can only be enabled using Log4j
2019-11-17 11:14:06,989 [main] INFO  http.HttpServer2 (HttpServer2.java:addGlobalFilter(975)) - Added global filter 'safety' (class=org.apache.hadoop.http.HttpServer2$QuotingInputFilter)
2019-11-17 11:14:06,989 [main] INFO  http.HttpServer2 (HttpServer2.java:addFilter(948)) - Added filter static_user_filter (class=org.apache.hadoop.http.lib.StaticUserWebFilter$StaticUserFilter) to context hddsDatanode
2019-11-17 11:14:06,990 [main] INFO  http.HttpServer2 (HttpServer2.java:addFilter(958)) - Added filter static_user_filter (class=org.apache.hadoop.http.lib.StaticUserWebFilter$StaticUserFilter) to context logs
2019-11-17 11:14:06,990 [main] INFO  http.HttpServer2 (HttpServer2.java:addFilter(958)) - Added filter static_user_filter (class=org.apache.hadoop.http.lib.StaticUserWebFilter$StaticUserFilter) to context static
2019-11-17 11:14:06,990 [main] INFO  http.HttpServer2 (HttpServer2.java:bindListener(1191)) - Jetty bound to port 44543
2019-11-17 11:14:06,990 [main] INFO  server.Server (Server.java:doStart(351)) - jetty-9.3.25.v20180904, build timestamp: 2018-09-04T21:11:46Z, git hash: 3ce520221d0240229c862b122d2b06c12a625732
2019-11-17 11:14:06,992 [main] INFO  handler.ContextHandler (ContextHandler.java:doStart(781)) - Started o.e.j.s.ServletContextHandler@54247647{/logs,file:///workdir/hadoop-ozone/integration-test/target/log,AVAILABLE}
2019-11-17 11:14:06,993 [main] INFO  handler.ContextHandler (ContextHandler.java:doStart(781)) - Started o.e.j.s.ServletContextHandler@e0d1dc4{/static,jar:file:/home/user/.m2/repository/org/apache/hadoop/hadoop-hdds-container-service/0.5.0-SNAPSHOT/hadoop-hdds-container-service-0.5.0-SNAPSHOT.jar!/webapps/static,AVAILABLE}
2019-11-17 11:14:07,021 [main] INFO  handler.ContextHandler (ContextHandler.java:doStart(781)) - Started o.e.j.w.WebAppContext@426c0486{/,file:///tmp/jetty-0.0.0.0-44543-hddsDatanode-_-any-6067056752621423847.dir/webapp/,AVAILABLE}{/hddsDatanode}
2019-11-17 11:14:07,022 [main] INFO  server.AbstractConnector (AbstractConnector.java:doStart(278)) - Started ServerConnector@5e2a6991{HTTP/1.1,[http/1.1]}{0.0.0.0:44543}
2019-11-17 11:14:07,022 [main] INFO  server.Server (Server.java:doStart(419)) - Started @192978ms
2019-11-17 11:14:07,023 [main] WARN  impl.MetricsSystemImpl (MetricsSystemImpl.java:register(276)) - Sink prometheus already exists!
2019-11-17 11:14:07,024 [main] INFO  server.BaseHttpServer (BaseHttpServer.java:updateConnectorAddress(215)) - HTTP server of HDDSDATANODE is listening at http://0.0.0.0:44543
2019-11-17 11:14:07,024 [main] INFO  impl.MetricsSystemImpl (MetricsSystemImpl.java:init(158)) - HddsDatanode metrics system started (again)
2019-11-17 11:14:07,028 [org.apache.hadoop.util.JvmPauseMonitor$Monitor@2327f4d7] INFO  util.JvmPauseMonitor (JvmPauseMonitor.java:run(188)) - Starting JVM pause monitor
2019-11-17 11:14:07,028 [main] INFO  ozone.HddsDatanodeService (HddsDatanodeService.java:start(186)) - HddsDatanodeService host:pr-hdds-2291-5997d-4279494527 ip:192.168.34.35
2019-11-17 11:14:07,029 [Datanode State Machine Thread - 0] INFO  datanode.InitDatanodeState (InitDatanodeState.java:persistContainerDatanodeDetails(140)) - DatanodeDetails is persisted to /workdir/hadoop-ozone/integration-test/target/test-dir/MiniOzoneClusterImpl-d61a8e55-6b1b-4302-a8ca-331e331e4b67/datanode-6/meta/datanode.id
2019-11-17 11:14:07,035 [main] INFO  volume.HddsVolume (HddsVolume.java:<init>(176)) - Creating Volume: /workdir/hadoop-ozone/integration-test/target/test-dir/MiniOzoneClusterImpl-d61a8e55-6b1b-4302-a8ca-331e331e4b67/datanode-7/data/containers/hdds of  storage type : DISK and capacity : 1482555576320
2019-11-17 11:14:07,035 [main] INFO  volume.VolumeSet (VolumeSet.java:initializeVolumeSet(170)) - Added Volume : /workdir/hadoop-ozone/integration-test/target/test-dir/MiniOzoneClusterImpl-d61a8e55-6b1b-4302-a8ca-331e331e4b67/datanode-7/data/containers/hdds to VolumeSet
2019-11-17 11:14:07,035 [main] INFO  volume.ThrottledAsyncChecker (ThrottledAsyncChecker.java:schedule(141)) - Scheduling a check for /workdir/hadoop-ozone/integration-test/target/test-dir/MiniOzoneClusterImpl-d61a8e55-6b1b-4302-a8ca-331e331e4b67/datanode-7/data/containers/hdds
2019-11-17 11:14:07,035 [main] INFO  volume.HddsVolumeChecker (HddsVolumeChecker.java:checkAllVolumes(204)) - Scheduled health check for volume /workdir/hadoop-ozone/integration-test/target/test-dir/MiniOzoneClusterImpl-d61a8e55-6b1b-4302-a8ca-331e331e4b67/datanode-7/data/containers/hdds
2019-11-17 11:14:07,048 [main] INFO  impl.RaftServerProxy (ConfUtils.java:logGet(43)) - raft.rpc.type = GRPC (default)
2019-11-17 11:14:07,048 [main] INFO  grpc.GrpcFactory (GrpcFactory.java:checkPooledByteBufAllocatorUseCacheForAllThreads(45)) - PERFORMANCE WARNING: useCacheForAllThreads is true that may cause Netty to create a lot garbage objects and, as a result, trigger GC.
	It is recommended to disable useCacheForAllThreads by setting -Dorg.apache.ratis.thirdparty.io.netty.allocator.useCacheForAllThreads=false in command line.
2019-11-17 11:14:07,048 [main] INFO  grpc.GrpcConfigKeys$Server (ConfUtils.java:logGet(43)) - raft.grpc.server.port = 0 (default)
2019-11-17 11:14:07,048 [main] INFO  server.GrpcService (ConfUtils.java:logGet(43)) - raft.grpc.message.size.max = 33570816 (custom)
2019-11-17 11:14:07,048 [main] INFO  server.RaftServerConfigKeys (ConfUtils.java:logGet(43)) - raft.server.log.appender.buffer.byte-limit = 33554432 (custom)
2019-11-17 11:14:07,048 [main] INFO  server.GrpcService (ConfUtils.java:logGet(43)) - raft.grpc.flow.control.window = 1MB (=1048576) (default)
2019-11-17 11:14:07,049 [main] INFO  server.RaftServerConfigKeys (ConfUtils.java:logGet(43)) - raft.server.rpc.request.timeout = 3000ms (default)
2019-11-17 11:14:07,049 [main] INFO  server.RaftServerConfigKeys (ConfUtils.java:logGet(43)) - raft.server.storage.dir = [/workdir/hadoop-ozone/integration-test/target/test-dir/MiniOzoneClusterImpl-d61a8e55-6b1b-4302-a8ca-331e331e4b67/datanode-7/data/ratis] (custom)
2019-11-17 11:14:07,051 [main] INFO  hdfs.DFSUtil (DFSUtil.java:httpServerTemplateForNNAndJN(1641)) - Starting Web-server for hddsDatanode at: http://0.0.0.0:0
2019-11-17 11:14:07,053 [main] INFO  server.AuthenticationFilter (AuthenticationFilter.java:constructSecretProvider(240)) - Unable to initialize FileSignerSecretProvider, falling back to use random secrets.
2019-11-17 11:14:07,053 [main] WARN  http.HttpRequestLog (HttpRequestLog.java:getRequestLog(97)) - Jetty request log can only be enabled using Log4j
2019-11-17 11:14:07,054 [main] INFO  http.HttpServer2 (HttpServer2.java:addGlobalFilter(975)) - Added global filter 'safety' (class=org.apache.hadoop.http.HttpServer2$QuotingInputFilter)
2019-11-17 11:14:07,055 [main] INFO  http.HttpServer2 (HttpServer2.java:addFilter(948)) - Added filter static_user_filter (class=org.apache.hadoop.http.lib.StaticUserWebFilter$StaticUserFilter) to context hddsDatanode
2019-11-17 11:14:07,055 [main] INFO  http.HttpServer2 (HttpServer2.java:addFilter(958)) - Added filter static_user_filter (class=org.apache.hadoop.http.lib.StaticUserWebFilter$StaticUserFilter) to context static
2019-11-17 11:14:07,055 [main] INFO  http.HttpServer2 (HttpServer2.java:addFilter(958)) - Added filter static_user_filter (class=org.apache.hadoop.http.lib.StaticUserWebFilter$StaticUserFilter) to context logs
2019-11-17 11:14:07,056 [main] INFO  http.HttpServer2 (HttpServer2.java:bindListener(1191)) - Jetty bound to port 43980
2019-11-17 11:14:07,056 [main] INFO  server.Server (Server.java:doStart(351)) - jetty-9.3.25.v20180904, build timestamp: 2018-09-04T21:11:46Z, git hash: 3ce520221d0240229c862b122d2b06c12a625732
2019-11-17 11:14:07,058 [main] INFO  handler.ContextHandler (ContextHandler.java:doStart(781)) - Started o.e.j.s.ServletContextHandler@6afbe6a1{/logs,file:///workdir/hadoop-ozone/integration-test/target/log,AVAILABLE}
2019-11-17 11:14:07,059 [main] INFO  handler.ContextHandler (ContextHandler.java:doStart(781)) - Started o.e.j.s.ServletContextHandler@48567727{/static,jar:file:/home/user/.m2/repository/org/apache/hadoop/hadoop-hdds-container-service/0.5.0-SNAPSHOT/hadoop-hdds-container-service-0.5.0-SNAPSHOT.jar!/webapps/static,AVAILABLE}
2019-11-17 11:14:07,107 [main] INFO  handler.ContextHandler (ContextHandler.java:doStart(781)) - Started o.e.j.w.WebAppContext@20216016{/,file:///tmp/jetty-0.0.0.0-43980-hddsDatanode-_-any-2919601789899265730.dir/webapp/,AVAILABLE}{/hddsDatanode}
2019-11-17 11:14:07,108 [main] INFO  server.AbstractConnector (AbstractConnector.java:doStart(278)) - Started ServerConnector@2b441e56{HTTP/1.1,[http/1.1]}{0.0.0.0:43980}
2019-11-17 11:14:07,109 [main] INFO  server.Server (Server.java:doStart(419)) - Started @193065ms
2019-11-17 11:14:07,109 [main] WARN  impl.MetricsSystemImpl (MetricsSystemImpl.java:register(276)) - Sink prometheus already exists!
2019-11-17 11:14:07,110 [main] INFO  server.BaseHttpServer (BaseHttpServer.java:updateConnectorAddress(215)) - HTTP server of HDDSDATANODE is listening at http://0.0.0.0:43980
2019-11-17 11:14:07,111 [main] INFO  impl.MetricsSystemImpl (MetricsSystemImpl.java:init(158)) - HddsDatanode metrics system started (again)
2019-11-17 11:14:07,115 [org.apache.hadoop.util.JvmPauseMonitor$Monitor@2951c64f] INFO  util.JvmPauseMonitor (JvmPauseMonitor.java:run(188)) - Starting JVM pause monitor
2019-11-17 11:14:07,115 [main] INFO  ozone.HddsDatanodeService (HddsDatanodeService.java:start(186)) - HddsDatanodeService host:pr-hdds-2291-5997d-4279494527 ip:192.168.34.35
2019-11-17 11:14:07,116 [Datanode State Machine Thread - 0] INFO  datanode.InitDatanodeState (InitDatanodeState.java:persistContainerDatanodeDetails(140)) - DatanodeDetails is persisted to /workdir/hadoop-ozone/integration-test/target/test-dir/MiniOzoneClusterImpl-d61a8e55-6b1b-4302-a8ca-331e331e4b67/datanode-7/meta/datanode.id
2019-11-17 11:14:07,122 [main] INFO  volume.HddsVolume (HddsVolume.java:<init>(176)) - Creating Volume: /workdir/hadoop-ozone/integration-test/target/test-dir/MiniOzoneClusterImpl-d61a8e55-6b1b-4302-a8ca-331e331e4b67/datanode-8/data/containers/hdds of  storage type : DISK and capacity : 1482555576320
2019-11-17 11:14:07,122 [main] INFO  volume.VolumeSet (VolumeSet.java:initializeVolumeSet(170)) - Added Volume : /workdir/hadoop-ozone/integration-test/target/test-dir/MiniOzoneClusterImpl-d61a8e55-6b1b-4302-a8ca-331e331e4b67/datanode-8/data/containers/hdds to VolumeSet
2019-11-17 11:14:07,122 [main] INFO  volume.ThrottledAsyncChecker (ThrottledAsyncChecker.java:schedule(141)) - Scheduling a check for /workdir/hadoop-ozone/integration-test/target/test-dir/MiniOzoneClusterImpl-d61a8e55-6b1b-4302-a8ca-331e331e4b67/datanode-8/data/containers/hdds
2019-11-17 11:14:07,122 [main] INFO  volume.HddsVolumeChecker (HddsVolumeChecker.java:checkAllVolumes(204)) - Scheduled health check for volume /workdir/hadoop-ozone/integration-test/target/test-dir/MiniOzoneClusterImpl-d61a8e55-6b1b-4302-a8ca-331e331e4b67/datanode-8/data/containers/hdds
2019-11-17 11:14:07,135 [main] INFO  impl.RaftServerProxy (ConfUtils.java:logGet(43)) - raft.rpc.type = GRPC (default)
2019-11-17 11:14:07,135 [main] INFO  grpc.GrpcFactory (GrpcFactory.java:checkPooledByteBufAllocatorUseCacheForAllThreads(45)) - PERFORMANCE WARNING: useCacheForAllThreads is true that may cause Netty to create a lot garbage objects and, as a result, trigger GC.
	It is recommended to disable useCacheForAllThreads by setting -Dorg.apache.ratis.thirdparty.io.netty.allocator.useCacheForAllThreads=false in command line.
2019-11-17 11:14:07,136 [main] INFO  grpc.GrpcConfigKeys$Server (ConfUtils.java:logGet(43)) - raft.grpc.server.port = 0 (default)
2019-11-17 11:14:07,136 [main] INFO  server.GrpcService (ConfUtils.java:logGet(43)) - raft.grpc.message.size.max = 33570816 (custom)
2019-11-17 11:14:07,136 [main] INFO  server.RaftServerConfigKeys (ConfUtils.java:logGet(43)) - raft.server.log.appender.buffer.byte-limit = 33554432 (custom)
2019-11-17 11:14:07,136 [main] INFO  server.GrpcService (ConfUtils.java:logGet(43)) - raft.grpc.flow.control.window = 1MB (=1048576) (default)
2019-11-17 11:14:07,136 [main] INFO  server.RaftServerConfigKeys (ConfUtils.java:logGet(43)) - raft.server.rpc.request.timeout = 3000ms (default)
2019-11-17 11:14:07,137 [main] INFO  server.RaftServerConfigKeys (ConfUtils.java:logGet(43)) - raft.server.storage.dir = [/workdir/hadoop-ozone/integration-test/target/test-dir/MiniOzoneClusterImpl-d61a8e55-6b1b-4302-a8ca-331e331e4b67/datanode-8/data/ratis] (custom)
2019-11-17 11:14:07,138 [main] INFO  hdfs.DFSUtil (DFSUtil.java:httpServerTemplateForNNAndJN(1641)) - Starting Web-server for hddsDatanode at: http://0.0.0.0:0
2019-11-17 11:14:07,139 [main] INFO  server.AuthenticationFilter (AuthenticationFilter.java:constructSecretProvider(240)) - Unable to initialize FileSignerSecretProvider, falling back to use random secrets.
2019-11-17 11:14:07,140 [main] WARN  http.HttpRequestLog (HttpRequestLog.java:getRequestLog(97)) - Jetty request log can only be enabled using Log4j
2019-11-17 11:14:07,141 [main] INFO  http.HttpServer2 (HttpServer2.java:addGlobalFilter(975)) - Added global filter 'safety' (class=org.apache.hadoop.http.HttpServer2$QuotingInputFilter)
2019-11-17 11:14:07,141 [main] INFO  http.HttpServer2 (HttpServer2.java:addFilter(948)) - Added filter static_user_filter (class=org.apache.hadoop.http.lib.StaticUserWebFilter$StaticUserFilter) to context hddsDatanode
2019-11-17 11:14:07,141 [main] INFO  http.HttpServer2 (HttpServer2.java:addFilter(958)) - Added filter static_user_filter (class=org.apache.hadoop.http.lib.StaticUserWebFilter$StaticUserFilter) to context static
2019-11-17 11:14:07,142 [main] INFO  http.HttpServer2 (HttpServer2.java:addFilter(958)) - Added filter static_user_filter (class=org.apache.hadoop.http.lib.StaticUserWebFilter$StaticUserFilter) to context logs
2019-11-17 11:14:07,142 [main] INFO  http.HttpServer2 (HttpServer2.java:bindListener(1191)) - Jetty bound to port 32843
2019-11-17 11:14:07,142 [main] INFO  server.Server (Server.java:doStart(351)) - jetty-9.3.25.v20180904, build timestamp: 2018-09-04T21:11:46Z, git hash: 3ce520221d0240229c862b122d2b06c12a625732
2019-11-17 11:14:07,143 [main] INFO  handler.ContextHandler (ContextHandler.java:doStart(781)) - Started o.e.j.s.ServletContextHandler@11826398{/logs,file:///workdir/hadoop-ozone/integration-test/target/log,AVAILABLE}
2019-11-17 11:14:07,144 [main] INFO  handler.ContextHandler (ContextHandler.java:doStart(781)) - Started o.e.j.s.ServletContextHandler@37b01ce2{/static,jar:file:/home/user/.m2/repository/org/apache/hadoop/hadoop-hdds-container-service/0.5.0-SNAPSHOT/hadoop-hdds-container-service-0.5.0-SNAPSHOT.jar!/webapps/static,AVAILABLE}
2019-11-17 11:14:07,173 [main] INFO  handler.ContextHandler (ContextHandler.java:doStart(781)) - Started o.e.j.w.WebAppContext@4e974b9e{/,file:///tmp/jetty-0.0.0.0-32843-hddsDatanode-_-any-3610270117335161531.dir/webapp/,AVAILABLE}{/hddsDatanode}
2019-11-17 11:14:07,173 [main] INFO  server.AbstractConnector (AbstractConnector.java:doStart(278)) - Started ServerConnector@370c7cc5{HTTP/1.1,[http/1.1]}{0.0.0.0:32843}
2019-11-17 11:14:07,174 [main] INFO  server.Server (Server.java:doStart(419)) - Started @193130ms
2019-11-17 11:14:07,175 [main] WARN  impl.MetricsSystemImpl (MetricsSystemImpl.java:register(276)) - Sink prometheus already exists!
2019-11-17 11:14:07,175 [main] INFO  server.BaseHttpServer (BaseHttpServer.java:updateConnectorAddress(215)) - HTTP server of HDDSDATANODE is listening at http://0.0.0.0:32843
2019-11-17 11:14:07,176 [main] INFO  impl.MetricsSystemImpl (MetricsSystemImpl.java:init(158)) - HddsDatanode metrics system started (again)
2019-11-17 11:14:07,180 [org.apache.hadoop.util.JvmPauseMonitor$Monitor@2b347314] INFO  util.JvmPauseMonitor (JvmPauseMonitor.java:run(188)) - Starting JVM pause monitor
2019-11-17 11:14:07,180 [main] INFO  ozone.HddsDatanodeService (HddsDatanodeService.java:start(186)) - HddsDatanodeService host:pr-hdds-2291-5997d-4279494527 ip:192.168.34.35
2019-11-17 11:14:07,181 [Datanode State Machine Thread - 0] INFO  datanode.InitDatanodeState (InitDatanodeState.java:persistContainerDatanodeDetails(140)) - DatanodeDetails is persisted to /workdir/hadoop-ozone/integration-test/target/test-dir/MiniOzoneClusterImpl-d61a8e55-6b1b-4302-a8ca-331e331e4b67/datanode-8/meta/datanode.id
2019-11-17 11:14:07,186 [main] INFO  volume.HddsVolume (HddsVolume.java:<init>(176)) - Creating Volume: /workdir/hadoop-ozone/integration-test/target/test-dir/MiniOzoneClusterImpl-d61a8e55-6b1b-4302-a8ca-331e331e4b67/datanode-9/data/containers/hdds of  storage type : DISK and capacity : 1482555576320
2019-11-17 11:14:07,187 [main] INFO  volume.VolumeSet (VolumeSet.java:initializeVolumeSet(170)) - Added Volume : /workdir/hadoop-ozone/integration-test/target/test-dir/MiniOzoneClusterImpl-d61a8e55-6b1b-4302-a8ca-331e331e4b67/datanode-9/data/containers/hdds to VolumeSet
2019-11-17 11:14:07,187 [main] INFO  volume.ThrottledAsyncChecker (ThrottledAsyncChecker.java:schedule(141)) - Scheduling a check for /workdir/hadoop-ozone/integration-test/target/test-dir/MiniOzoneClusterImpl-d61a8e55-6b1b-4302-a8ca-331e331e4b67/datanode-9/data/containers/hdds
2019-11-17 11:14:07,187 [main] INFO  volume.HddsVolumeChecker (HddsVolumeChecker.java:checkAllVolumes(204)) - Scheduled health check for volume /workdir/hadoop-ozone/integration-test/target/test-dir/MiniOzoneClusterImpl-d61a8e55-6b1b-4302-a8ca-331e331e4b67/datanode-9/data/containers/hdds
2019-11-17 11:14:07,198 [main] INFO  impl.RaftServerProxy (ConfUtils.java:logGet(43)) - raft.rpc.type = GRPC (default)
2019-11-17 11:14:07,199 [main] INFO  grpc.GrpcFactory (GrpcFactory.java:checkPooledByteBufAllocatorUseCacheForAllThreads(45)) - PERFORMANCE WARNING: useCacheForAllThreads is true that may cause Netty to create a lot garbage objects and, as a result, trigger GC.
	It is recommended to disable useCacheForAllThreads by setting -Dorg.apache.ratis.thirdparty.io.netty.allocator.useCacheForAllThreads=false in command line.
2019-11-17 11:14:07,199 [main] INFO  grpc.GrpcConfigKeys$Server (ConfUtils.java:logGet(43)) - raft.grpc.server.port = 0 (default)
2019-11-17 11:14:07,199 [main] INFO  server.GrpcService (ConfUtils.java:logGet(43)) - raft.grpc.message.size.max = 33570816 (custom)
2019-11-17 11:14:07,199 [main] INFO  server.RaftServerConfigKeys (ConfUtils.java:logGet(43)) - raft.server.log.appender.buffer.byte-limit = 33554432 (custom)
2019-11-17 11:14:07,199 [main] INFO  server.GrpcService (ConfUtils.java:logGet(43)) - raft.grpc.flow.control.window = 1MB (=1048576) (default)
2019-11-17 11:14:07,199 [main] INFO  server.RaftServerConfigKeys (ConfUtils.java:logGet(43)) - raft.server.rpc.request.timeout = 3000ms (default)
2019-11-17 11:14:07,200 [main] INFO  server.RaftServerConfigKeys (ConfUtils.java:logGet(43)) - raft.server.storage.dir = [/workdir/hadoop-ozone/integration-test/target/test-dir/MiniOzoneClusterImpl-d61a8e55-6b1b-4302-a8ca-331e331e4b67/datanode-9/data/ratis] (custom)
2019-11-17 11:14:07,201 [main] INFO  hdfs.DFSUtil (DFSUtil.java:httpServerTemplateForNNAndJN(1641)) - Starting Web-server for hddsDatanode at: http://0.0.0.0:0
2019-11-17 11:14:07,202 [main] INFO  server.AuthenticationFilter (AuthenticationFilter.java:constructSecretProvider(240)) - Unable to initialize FileSignerSecretProvider, falling back to use random secrets.
2019-11-17 11:14:07,203 [main] WARN  http.HttpRequestLog (HttpRequestLog.java:getRequestLog(97)) - Jetty request log can only be enabled using Log4j
2019-11-17 11:14:07,204 [main] INFO  http.HttpServer2 (HttpServer2.java:addGlobalFilter(975)) - Added global filter 'safety' (class=org.apache.hadoop.http.HttpServer2$QuotingInputFilter)
2019-11-17 11:14:07,204 [main] INFO  http.HttpServer2 (HttpServer2.java:addFilter(948)) - Added filter static_user_filter (class=org.apache.hadoop.http.lib.StaticUserWebFilter$StaticUserFilter) to context hddsDatanode
2019-11-17 11:14:07,204 [main] INFO  http.HttpServer2 (HttpServer2.java:addFilter(958)) - Added filter static_user_filter (class=org.apache.hadoop.http.lib.StaticUserWebFilter$StaticUserFilter) to context logs
2019-11-17 11:14:07,205 [main] INFO  http.HttpServer2 (HttpServer2.java:addFilter(958)) - Added filter static_user_filter (class=org.apache.hadoop.http.lib.StaticUserWebFilter$StaticUserFilter) to context static
2019-11-17 11:14:07,205 [main] INFO  http.HttpServer2 (HttpServer2.java:bindListener(1191)) - Jetty bound to port 41789
2019-11-17 11:14:07,205 [main] INFO  server.Server (Server.java:doStart(351)) - jetty-9.3.25.v20180904, build timestamp: 2018-09-04T21:11:46Z, git hash: 3ce520221d0240229c862b122d2b06c12a625732
2019-11-17 11:14:07,206 [main] INFO  handler.ContextHandler (ContextHandler.java:doStart(781)) - Started o.e.j.s.ServletContextHandler@3af236d0{/logs,file:///workdir/hadoop-ozone/integration-test/target/log,AVAILABLE}
2019-11-17 11:14:07,207 [main] INFO  handler.ContextHandler (ContextHandler.java:doStart(781)) - Started o.e.j.s.ServletContextHandler@54895681{/static,jar:file:/home/user/.m2/repository/org/apache/hadoop/hadoop-hdds-container-service/0.5.0-SNAPSHOT/hadoop-hdds-container-service-0.5.0-SNAPSHOT.jar!/webapps/static,AVAILABLE}
2019-11-17 11:14:07,236 [main] INFO  handler.ContextHandler (ContextHandler.java:doStart(781)) - Started o.e.j.w.WebAppContext@7f6b7426{/,file:///tmp/jetty-0.0.0.0-41789-hddsDatanode-_-any-8779484257809931594.dir/webapp/,AVAILABLE}{/hddsDatanode}
2019-11-17 11:14:07,236 [main] INFO  server.AbstractConnector (AbstractConnector.java:doStart(278)) - Started ServerConnector@687eb455{HTTP/1.1,[http/1.1]}{0.0.0.0:41789}
2019-11-17 11:14:07,236 [main] INFO  server.Server (Server.java:doStart(419)) - Started @193192ms
2019-11-17 11:14:07,237 [main] WARN  impl.MetricsSystemImpl (MetricsSystemImpl.java:register(276)) - Sink prometheus already exists!
2019-11-17 11:14:07,238 [main] INFO  server.BaseHttpServer (BaseHttpServer.java:updateConnectorAddress(215)) - HTTP server of HDDSDATANODE is listening at http://0.0.0.0:41789
2019-11-17 11:14:07,239 [main] INFO  ozone.MiniOzoneClusterImpl (MiniOzoneClusterImpl.java:lambda$waitForClusterToBeReady$2(171)) - Waiting for cluster to be ready. Got 0 of 10 DN Heartbeats.
2019-11-17 11:14:07,240 [org.apache.hadoop.util.JvmPauseMonitor$Monitor@80c1f88] INFO  util.JvmPauseMonitor (JvmPauseMonitor.java:run(188)) - Starting JVM pause monitor
2019-11-17 11:14:07,241 [Datanode State Machine Thread - 0] INFO  datanode.InitDatanodeState (InitDatanodeState.java:persistContainerDatanodeDetails(140)) - DatanodeDetails is persisted to /workdir/hadoop-ozone/integration-test/target/test-dir/MiniOzoneClusterImpl-d61a8e55-6b1b-4302-a8ca-331e331e4b67/datanode-9/meta/datanode.id
2019-11-17 11:14:08,239 [main] INFO  ozone.MiniOzoneClusterImpl (MiniOzoneClusterImpl.java:lambda$waitForClusterToBeReady$2(171)) - Waiting for cluster to be ready. Got 0 of 10 DN Heartbeats.
2019-11-17 11:14:08,634 [Datanode State Machine Thread - 0] INFO  ozoneimpl.OzoneContainer (OzoneContainer.java:start(230)) - Attempting to start container services.
2019-11-17 11:14:08,635 [Datanode State Machine Thread - 0] INFO  ozoneimpl.OzoneContainer (OzoneContainer.java:startContainerScrub(194)) - Background container scanner has been disabled.
2019-11-17 11:14:08,635 [Datanode State Machine Thread - 0] INFO  ratis.XceiverServerRatis (XceiverServerRatis.java:start(421)) - Starting XceiverServerRatis 3d268c2e-02d6-42d5-8f0a-acb046ab2083 at port 0
2019-11-17 11:14:08,653 [Datanode State Machine Thread - 0] INFO  impl.RaftServerProxy (RaftServerProxy.java:lambda$start$3(299)) - 3d268c2e-02d6-42d5-8f0a-acb046ab2083: start RPC server
2019-11-17 11:14:08,657 [Datanode State Machine Thread - 0] INFO  server.GrpcService (GrpcService.java:startImpl(158)) - 3d268c2e-02d6-42d5-8f0a-acb046ab2083: GrpcService started, listening on 0.0.0.0/0.0.0.0:41075
2019-11-17 11:14:08,658 [Datanode State Machine Thread - 0] INFO  ratis.XceiverServerRatis (XceiverServerRatis.java:start(431)) - XceiverServerRatis 3d268c2e-02d6-42d5-8f0a-acb046ab2083 is started using port 41075
2019-11-17 11:14:08,670 [Datanode State Machine Thread - 0] INFO  server.XceiverServerGrpc (XceiverServerGrpc.java:start(145)) - XceiverServerGrpc 3d268c2e-02d6-42d5-8f0a-acb046ab2083 is started using port 42800
2019-11-17 11:14:08,688 [Datanode State Machine Thread - 0] INFO  ozoneimpl.OzoneContainer (OzoneContainer.java:start(230)) - Attempting to start container services.
2019-11-17 11:14:08,689 [Datanode State Machine Thread - 0] INFO  ozoneimpl.OzoneContainer (OzoneContainer.java:startContainerScrub(194)) - Background container scanner has been disabled.
2019-11-17 11:14:08,689 [Datanode State Machine Thread - 0] INFO  ratis.XceiverServerRatis (XceiverServerRatis.java:start(421)) - Starting XceiverServerRatis eab723bb-0aff-418b-9bd7-1333118797a2 at port 0
2019-11-17 11:14:08,695 [Datanode State Machine Thread - 0] INFO  impl.RaftServerProxy (RaftServerProxy.java:lambda$start$3(299)) - eab723bb-0aff-418b-9bd7-1333118797a2: start RPC server
2019-11-17 11:14:08,697 [Datanode State Machine Thread - 0] INFO  server.GrpcService (GrpcService.java:startImpl(158)) - eab723bb-0aff-418b-9bd7-1333118797a2: GrpcService started, listening on 0.0.0.0/0.0.0.0:46301
2019-11-17 11:14:08,697 [Datanode State Machine Thread - 0] INFO  ratis.XceiverServerRatis (XceiverServerRatis.java:start(431)) - XceiverServerRatis eab723bb-0aff-418b-9bd7-1333118797a2 is started using port 46301
2019-11-17 11:14:08,698 [Datanode State Machine Thread - 0] INFO  server.XceiverServerGrpc (XceiverServerGrpc.java:start(145)) - XceiverServerGrpc eab723bb-0aff-418b-9bd7-1333118797a2 is started using port 41166
2019-11-17 11:14:08,758 [Datanode State Machine Thread - 0] INFO  ozoneimpl.OzoneContainer (OzoneContainer.java:start(230)) - Attempting to start container services.
2019-11-17 11:14:08,759 [Datanode State Machine Thread - 0] INFO  ozoneimpl.OzoneContainer (OzoneContainer.java:startContainerScrub(194)) - Background container scanner has been disabled.
2019-11-17 11:14:08,759 [Datanode State Machine Thread - 0] INFO  ratis.XceiverServerRatis (XceiverServerRatis.java:start(421)) - Starting XceiverServerRatis 4c46855d-d979-4113-9d53-291bcfa92579 at port 0
2019-11-17 11:14:08,765 [Datanode State Machine Thread - 0] INFO  impl.RaftServerProxy (RaftServerProxy.java:lambda$start$3(299)) - 4c46855d-d979-4113-9d53-291bcfa92579: start RPC server
2019-11-17 11:14:08,766 [Datanode State Machine Thread - 0] INFO  server.GrpcService (GrpcService.java:startImpl(158)) - 4c46855d-d979-4113-9d53-291bcfa92579: GrpcService started, listening on 0.0.0.0/0.0.0.0:41089
2019-11-17 11:14:08,766 [Datanode State Machine Thread - 0] INFO  ratis.XceiverServerRatis (XceiverServerRatis.java:start(431)) - XceiverServerRatis 4c46855d-d979-4113-9d53-291bcfa92579 is started using port 41089
2019-11-17 11:14:08,766 [Datanode State Machine Thread - 0] INFO  server.XceiverServerGrpc (XceiverServerGrpc.java:start(145)) - XceiverServerGrpc 4c46855d-d979-4113-9d53-291bcfa92579 is started using port 32773
2019-11-17 11:14:08,840 [Datanode State Machine Thread - 0] INFO  ozoneimpl.OzoneContainer (OzoneContainer.java:start(230)) - Attempting to start container services.
2019-11-17 11:14:08,840 [Datanode State Machine Thread - 0] INFO  ozoneimpl.OzoneContainer (OzoneContainer.java:startContainerScrub(194)) - Background container scanner has been disabled.
2019-11-17 11:14:08,841 [Datanode State Machine Thread - 0] INFO  ratis.XceiverServerRatis (XceiverServerRatis.java:start(421)) - Starting XceiverServerRatis add0c2af-eaab-406f-a894-445c5362ddef at port 0
2019-11-17 11:14:08,848 [Datanode State Machine Thread - 0] INFO  impl.RaftServerProxy (RaftServerProxy.java:lambda$start$3(299)) - add0c2af-eaab-406f-a894-445c5362ddef: start RPC server
2019-11-17 11:14:08,848 [Datanode State Machine Thread - 0] INFO  server.GrpcService (GrpcService.java:startImpl(158)) - add0c2af-eaab-406f-a894-445c5362ddef: GrpcService started, listening on 0.0.0.0/0.0.0.0:42526
2019-11-17 11:14:08,848 [Datanode State Machine Thread - 0] INFO  ratis.XceiverServerRatis (XceiverServerRatis.java:start(431)) - XceiverServerRatis add0c2af-eaab-406f-a894-445c5362ddef is started using port 42526
2019-11-17 11:14:08,849 [Datanode State Machine Thread - 0] INFO  server.XceiverServerGrpc (XceiverServerGrpc.java:start(145)) - XceiverServerGrpc add0c2af-eaab-406f-a894-445c5362ddef is started using port 38474
2019-11-17 11:14:08,907 [Datanode State Machine Thread - 0] INFO  ozoneimpl.OzoneContainer (OzoneContainer.java:start(230)) - Attempting to start container services.
2019-11-17 11:14:08,907 [Datanode State Machine Thread - 0] INFO  ozoneimpl.OzoneContainer (OzoneContainer.java:startContainerScrub(194)) - Background container scanner has been disabled.
2019-11-17 11:14:08,907 [Datanode State Machine Thread - 0] INFO  ratis.XceiverServerRatis (XceiverServerRatis.java:start(421)) - Starting XceiverServerRatis 2e7e8ab2-b4fc-48ff-a5a7-73886d1441d9 at port 0
2019-11-17 11:14:08,914 [Datanode State Machine Thread - 0] INFO  impl.RaftServerProxy (RaftServerProxy.java:lambda$start$3(299)) - 2e7e8ab2-b4fc-48ff-a5a7-73886d1441d9: start RPC server
2019-11-17 11:14:08,914 [Datanode State Machine Thread - 0] INFO  server.GrpcService (GrpcService.java:startImpl(158)) - 2e7e8ab2-b4fc-48ff-a5a7-73886d1441d9: GrpcService started, listening on 0.0.0.0/0.0.0.0:39716
2019-11-17 11:14:08,914 [Datanode State Machine Thread - 0] INFO  ratis.XceiverServerRatis (XceiverServerRatis.java:start(431)) - XceiverServerRatis 2e7e8ab2-b4fc-48ff-a5a7-73886d1441d9 is started using port 39716
2019-11-17 11:14:08,915 [Datanode State Machine Thread - 0] INFO  server.XceiverServerGrpc (XceiverServerGrpc.java:start(145)) - XceiverServerGrpc 2e7e8ab2-b4fc-48ff-a5a7-73886d1441d9 is started using port 33008
2019-11-17 11:14:08,987 [Datanode State Machine Thread - 0] INFO  ozoneimpl.OzoneContainer (OzoneContainer.java:start(230)) - Attempting to start container services.
2019-11-17 11:14:08,988 [Datanode State Machine Thread - 0] INFO  ozoneimpl.OzoneContainer (OzoneContainer.java:startContainerScrub(194)) - Background container scanner has been disabled.
2019-11-17 11:14:08,988 [Datanode State Machine Thread - 0] INFO  ratis.XceiverServerRatis (XceiverServerRatis.java:start(421)) - Starting XceiverServerRatis c2458f73-2416-4c07-9882-0f9c7a0b27cc at port 0
2019-11-17 11:14:08,997 [Datanode State Machine Thread - 0] INFO  impl.RaftServerProxy (RaftServerProxy.java:lambda$start$3(299)) - c2458f73-2416-4c07-9882-0f9c7a0b27cc: start RPC server
2019-11-17 11:14:08,998 [Datanode State Machine Thread - 0] INFO  server.GrpcService (GrpcService.java:startImpl(158)) - c2458f73-2416-4c07-9882-0f9c7a0b27cc: GrpcService started, listening on 0.0.0.0/0.0.0.0:41744
2019-11-17 11:14:08,998 [Datanode State Machine Thread - 0] INFO  ratis.XceiverServerRatis (XceiverServerRatis.java:start(431)) - XceiverServerRatis c2458f73-2416-4c07-9882-0f9c7a0b27cc is started using port 41744
2019-11-17 11:14:08,998 [Datanode State Machine Thread - 0] INFO  server.XceiverServerGrpc (XceiverServerGrpc.java:start(145)) - XceiverServerGrpc c2458f73-2416-4c07-9882-0f9c7a0b27cc is started using port 38027
2019-11-17 11:14:09,042 [Datanode State Machine Thread - 0] INFO  ozoneimpl.OzoneContainer (OzoneContainer.java:start(230)) - Attempting to start container services.
2019-11-17 11:14:09,042 [Datanode State Machine Thread - 0] INFO  ozoneimpl.OzoneContainer (OzoneContainer.java:startContainerScrub(194)) - Background container scanner has been disabled.
2019-11-17 11:14:09,042 [Datanode State Machine Thread - 0] INFO  ratis.XceiverServerRatis (XceiverServerRatis.java:start(421)) - Starting XceiverServerRatis d0563571-d5f5-405e-9b61-87c552fd142f at port 0
2019-11-17 11:14:09,050 [Datanode State Machine Thread - 0] INFO  impl.RaftServerProxy (RaftServerProxy.java:lambda$start$3(299)) - d0563571-d5f5-405e-9b61-87c552fd142f: start RPC server
2019-11-17 11:14:09,051 [Datanode State Machine Thread - 0] INFO  server.GrpcService (GrpcService.java:startImpl(158)) - d0563571-d5f5-405e-9b61-87c552fd142f: GrpcService started, listening on 0.0.0.0/0.0.0.0:36223
2019-11-17 11:14:09,051 [Datanode State Machine Thread - 0] INFO  ratis.XceiverServerRatis (XceiverServerRatis.java:start(431)) - XceiverServerRatis d0563571-d5f5-405e-9b61-87c552fd142f is started using port 36223
2019-11-17 11:14:09,052 [Datanode State Machine Thread - 0] INFO  server.XceiverServerGrpc (XceiverServerGrpc.java:start(145)) - XceiverServerGrpc d0563571-d5f5-405e-9b61-87c552fd142f is started using port 35299
2019-11-17 11:14:09,128 [Datanode State Machine Thread - 0] INFO  ozoneimpl.OzoneContainer (OzoneContainer.java:start(230)) - Attempting to start container services.
2019-11-17 11:14:09,129 [Datanode State Machine Thread - 0] INFO  ozoneimpl.OzoneContainer (OzoneContainer.java:startContainerScrub(194)) - Background container scanner has been disabled.
2019-11-17 11:14:09,129 [Datanode State Machine Thread - 0] INFO  ratis.XceiverServerRatis (XceiverServerRatis.java:start(421)) - Starting XceiverServerRatis 357d2873-2248-48d2-9bf7-23aadc7fc5db at port 0
2019-11-17 11:14:09,136 [Datanode State Machine Thread - 0] INFO  impl.RaftServerProxy (RaftServerProxy.java:lambda$start$3(299)) - 357d2873-2248-48d2-9bf7-23aadc7fc5db: start RPC server
2019-11-17 11:14:09,137 [Datanode State Machine Thread - 0] INFO  server.GrpcService (GrpcService.java:startImpl(158)) - 357d2873-2248-48d2-9bf7-23aadc7fc5db: GrpcService started, listening on 0.0.0.0/0.0.0.0:44629
2019-11-17 11:14:09,137 [Datanode State Machine Thread - 0] INFO  ratis.XceiverServerRatis (XceiverServerRatis.java:start(431)) - XceiverServerRatis 357d2873-2248-48d2-9bf7-23aadc7fc5db is started using port 44629
2019-11-17 11:14:09,138 [Datanode State Machine Thread - 0] INFO  server.XceiverServerGrpc (XceiverServerGrpc.java:start(145)) - XceiverServerGrpc 357d2873-2248-48d2-9bf7-23aadc7fc5db is started using port 42232
2019-11-17 11:14:09,194 [Datanode State Machine Thread - 0] INFO  ozoneimpl.OzoneContainer (OzoneContainer.java:start(230)) - Attempting to start container services.
2019-11-17 11:14:09,195 [Datanode State Machine Thread - 0] INFO  ozoneimpl.OzoneContainer (OzoneContainer.java:startContainerScrub(194)) - Background container scanner has been disabled.
2019-11-17 11:14:09,195 [Datanode State Machine Thread - 0] INFO  ratis.XceiverServerRatis (XceiverServerRatis.java:start(421)) - Starting XceiverServerRatis 74a737c0-fb65-42e2-8af1-813ef9d8f4fa at port 0
2019-11-17 11:14:09,202 [Datanode State Machine Thread - 0] INFO  impl.RaftServerProxy (RaftServerProxy.java:lambda$start$3(299)) - 74a737c0-fb65-42e2-8af1-813ef9d8f4fa: start RPC server
2019-11-17 11:14:09,206 [Datanode State Machine Thread - 0] INFO  server.GrpcService (GrpcService.java:startImpl(158)) - 74a737c0-fb65-42e2-8af1-813ef9d8f4fa: GrpcService started, listening on 0.0.0.0/0.0.0.0:43292
2019-11-17 11:14:09,206 [Datanode State Machine Thread - 0] INFO  ratis.XceiverServerRatis (XceiverServerRatis.java:start(431)) - XceiverServerRatis 74a737c0-fb65-42e2-8af1-813ef9d8f4fa is started using port 43292
2019-11-17 11:14:09,206 [Datanode State Machine Thread - 0] INFO  server.XceiverServerGrpc (XceiverServerGrpc.java:start(145)) - XceiverServerGrpc 74a737c0-fb65-42e2-8af1-813ef9d8f4fa is started using port 32998
2019-11-17 11:14:09,240 [main] INFO  ozone.MiniOzoneClusterImpl (MiniOzoneClusterImpl.java:lambda$waitForClusterToBeReady$2(171)) - Waiting for cluster to be ready. Got 0 of 10 DN Heartbeats.
2019-11-17 11:14:09,254 [Datanode State Machine Thread - 0] INFO  ozoneimpl.OzoneContainer (OzoneContainer.java:start(230)) - Attempting to start container services.
2019-11-17 11:14:09,254 [Datanode State Machine Thread - 0] INFO  ozoneimpl.OzoneContainer (OzoneContainer.java:startContainerScrub(194)) - Background container scanner has been disabled.
2019-11-17 11:14:09,255 [Datanode State Machine Thread - 0] INFO  ratis.XceiverServerRatis (XceiverServerRatis.java:start(421)) - Starting XceiverServerRatis f9de5302-5741-429b-9e37-55cacebd1d46 at port 0
2019-11-17 11:14:09,262 [Datanode State Machine Thread - 0] INFO  impl.RaftServerProxy (RaftServerProxy.java:lambda$start$3(299)) - f9de5302-5741-429b-9e37-55cacebd1d46: start RPC server
2019-11-17 11:14:09,272 [Datanode State Machine Thread - 0] INFO  server.GrpcService (GrpcService.java:startImpl(158)) - f9de5302-5741-429b-9e37-55cacebd1d46: GrpcService started, listening on 0.0.0.0/0.0.0.0:34600
2019-11-17 11:14:09,272 [Datanode State Machine Thread - 0] INFO  ratis.XceiverServerRatis (XceiverServerRatis.java:start(431)) - XceiverServerRatis f9de5302-5741-429b-9e37-55cacebd1d46 is started using port 34600
2019-11-17 11:14:09,278 [Datanode State Machine Thread - 0] INFO  server.XceiverServerGrpc (XceiverServerGrpc.java:start(145)) - XceiverServerGrpc f9de5302-5741-429b-9e37-55cacebd1d46 is started using port 42866
2019-11-17 11:14:10,240 [main] INFO  ozone.MiniOzoneClusterImpl (MiniOzoneClusterImpl.java:lambda$waitForClusterToBeReady$2(171)) - Waiting for cluster to be ready. Got 0 of 10 DN Heartbeats.
2019-11-17 11:14:10,624 [IPC Server handler 7 on 37460] INFO  net.NetworkTopology (NetworkTopologyImpl.java:add(111)) - Added a new node: /rack1/3d268c2e-02d6-42d5-8f0a-acb046ab2083
2019-11-17 11:14:10,627 [IPC Server handler 7 on 37460] INFO  node.SCMNodeManager (SCMNodeManager.java:register(267)) - Registered Data node : 3d268c2e-02d6-42d5-8f0a-acb046ab2083{ip: 192.168.34.35, host: pr-hdds-2291-5997d-4279494527, networkLocation: /rack1, certSerialId: null}
2019-11-17 11:14:10,628 [EventQueue-NodeRegistrationContainerReportForDataNodeSafeModeRule] INFO  safemode.SCMSafeModeManager (DataNodeSafeModeRule.java:process(71)) - SCM in safe mode. 1 DataNodes registered, 1 required.
2019-11-17 11:14:10,630 [EventQueue-NodeRegistrationContainerReportForDataNodeSafeModeRule] INFO  safemode.SCMSafeModeManager (SCMSafeModeManager.java:validateSafeModeExitRules(177)) - ScmSafeModeManager, all rules are successfully validated
2019-11-17 11:14:10,630 [EventQueue-NodeRegistrationContainerReportForDataNodeSafeModeRule] INFO  safemode.SCMSafeModeManager (SCMSafeModeManager.java:exitSafeMode(193)) - SCM exiting safe mode.
2019-11-17 11:14:10,647 [grpc-default-executor-9] INFO  impl.RaftServerProxy (RaftServerProxy.java:addNew(89)) - 3d268c2e-02d6-42d5-8f0a-acb046ab2083: addNew group-E0A06911BCE3:[3d268c2e-02d6-42d5-8f0a-acb046ab2083:192.168.34.35:41075] returns group-E0A06911BCE3:java.util.concurrent.CompletableFuture@4d730825[Not completed]
2019-11-17 11:14:10,651 [pool-509-thread-1] INFO  impl.RaftServerImpl (RaftServerImpl.java:<init>(98)) - 3d268c2e-02d6-42d5-8f0a-acb046ab2083: new RaftServerImpl for group-E0A06911BCE3:[3d268c2e-02d6-42d5-8f0a-acb046ab2083:192.168.34.35:41075] with ContainerStateMachine:uninitialized
2019-11-17 11:14:10,651 [pool-509-thread-1] INFO  server.RaftServerConfigKeys (ConfUtils.java:logGet(43)) - raft.server.rpc.timeout.min = 1s (custom)
2019-11-17 11:14:10,652 [pool-509-thread-1] INFO  server.RaftServerConfigKeys (ConfUtils.java:logGet(43)) - raft.server.rpc.timeout.max = 1200ms (custom)
2019-11-17 11:14:10,652 [pool-509-thread-1] INFO  server.RaftServerConfigKeys (ConfUtils.java:logGet(43)) - raft.server.rpcslowness.timeout = 120s (custom)
2019-11-17 11:14:10,652 [pool-509-thread-1] INFO  server.RaftServerConfigKeys (ConfUtils.java:logGet(43)) - raft.server.sleep.deviation.threshold = 300 (default)
2019-11-17 11:14:10,652 [pool-509-thread-1] INFO  server.RaftServerConfigKeys (ConfUtils.java:logGet(43)) - raft.server.log.appender.install.snapshot.enabled = false (custom)
2019-11-17 11:14:10,652 [pool-509-thread-1] INFO  impl.RaftServerImpl (ServerState.java:<init>(103)) - 3d268c2e-02d6-42d5-8f0a-acb046ab2083@group-E0A06911BCE3: ConfigurationManager, init=-1: [3d268c2e-02d6-42d5-8f0a-acb046ab2083:192.168.34.35:41075], old=null, confs=<EMPTY_MAP>
2019-11-17 11:14:10,653 [pool-509-thread-1] INFO  server.RaftServerConfigKeys (ConfUtils.java:logGet(43)) - raft.server.storage.dir = [/workdir/hadoop-ozone/integration-test/target/test-dir/MiniOzoneClusterImpl-d61a8e55-6b1b-4302-a8ca-331e331e4b67/datanode-0/data/ratis] (custom)
2019-11-17 11:14:10,653 [pool-509-thread-1] INFO  server.RaftServerConfigKeys (ConfUtils.java:logGet(43)) - raft.server.log.corruption.policy = EXCEPTION (default)
2019-11-17 11:14:10,653 [pool-509-thread-1] INFO  storage.RaftStorageDirectory (RaftStorageDirectory.java:analyzeStorage(246)) - The storage directory /workdir/hadoop-ozone/integration-test/target/test-dir/MiniOzoneClusterImpl-d61a8e55-6b1b-4302-a8ca-331e331e4b67/datanode-0/data/ratis/45869c53-998e-4d18-b807-e0a06911bce3 does not exist. Creating ...
2019-11-17 11:14:10,676 [IPC Server handler 8 on 37460] INFO  net.NetworkTopology (NetworkTopologyImpl.java:add(111)) - Added a new node: /rack1/eab723bb-0aff-418b-9bd7-1333118797a2
2019-11-17 11:14:10,676 [IPC Server handler 8 on 37460] INFO  node.SCMNodeManager (SCMNodeManager.java:register(267)) - Registered Data node : eab723bb-0aff-418b-9bd7-1333118797a2{ip: 192.168.34.35, host: pr-hdds-2291-5997d-4279494527, networkLocation: /rack1, certSerialId: null}
2019-11-17 11:14:10,679 [pool-509-thread-1] INFO  storage.RaftStorageDirectory (RaftStorageDirectory.java:tryLock(328)) - Lock on /workdir/hadoop-ozone/integration-test/target/test-dir/MiniOzoneClusterImpl-d61a8e55-6b1b-4302-a8ca-331e331e4b67/datanode-0/data/ratis/45869c53-998e-4d18-b807-e0a06911bce3/in_use.lock acquired by nodename 20606@pr-hdds-2291-5997d-4279494527
2019-11-17 11:14:10,692 [pool-509-thread-1] INFO  storage.RaftStorage (RaftStorage.java:format(84)) - Storage directory /workdir/hadoop-ozone/integration-test/target/test-dir/MiniOzoneClusterImpl-d61a8e55-6b1b-4302-a8ca-331e331e4b67/datanode-0/data/ratis/45869c53-998e-4d18-b807-e0a06911bce3 has been successfully formatted.
2019-11-17 11:14:10,692 [pool-509-thread-1] INFO  ratis.ContainerStateMachine (ContainerStateMachine.java:loadSnapshot(223)) - group-E0A06911BCE3: The snapshot info is null. Setting the last applied indexto:(t:0, i:~)
2019-11-17 11:14:10,693 [pool-509-thread-1] INFO  server.RaftServerConfigKeys (ConfUtils.java:logGet(43)) - raft.server.notification.no-leader.timeout = 120s (custom)
2019-11-17 11:14:10,693 [pool-509-thread-1] INFO  server.RaftServerConfigKeys (ConfUtils.java:logGet(43)) - raft.server.log.use.memory = false (default)
2019-11-17 11:14:10,693 [pool-509-thread-1] INFO  server.RaftServerConfigKeys (ConfUtils.java:logGet(43)) - raft.server.log.purge.gap = 1000000 (custom)
2019-11-17 11:14:10,693 [pool-509-thread-1] INFO  server.RaftServerConfigKeys (ConfUtils.java:logGet(43)) - raft.server.log.appender.buffer.byte-limit = 33554432 (custom)
2019-11-17 11:14:10,693 [pool-509-thread-1] INFO  server.RaftServerConfigKeys (ConfUtils.java:logGet(43)) - raft.server.log.segment.size.max = 1048576 (custom)
2019-11-17 11:14:10,694 [pool-509-thread-1] WARN  impl.MetricRegistriesImpl (MetricRegistriesImpl.java:lambda$create$1(61)) - First MetricRegistry has been created without registering reporters. You may need to call MetricRegistries.global().addReportRegistration(...) before.
2019-11-17 11:14:10,694 [pool-509-thread-1] INFO  server.RaftServerConfigKeys (ConfUtils.java:logGet(43)) - raft.server.log.segment.cache.num.max = 2 (custom)
2019-11-17 11:14:10,694 [pool-509-thread-1] INFO  segmented.SegmentedRaftLogWorker (SegmentedRaftLogWorker.java:<init>(173)) - new 3d268c2e-02d6-42d5-8f0a-acb046ab2083@group-E0A06911BCE3-SegmentedRaftLogWorker for RaftStorage:Storage Directory /workdir/hadoop-ozone/integration-test/target/test-dir/MiniOzoneClusterImpl-d61a8e55-6b1b-4302-a8ca-331e331e4b67/datanode-0/data/ratis/45869c53-998e-4d18-b807-e0a06911bce3
2019-11-17 11:14:10,694 [pool-509-thread-1] INFO  server.RaftServerConfigKeys (ConfUtils.java:logGet(43)) - raft.server.log.queue.byte-limit = 2147483647 (custom)
2019-11-17 11:14:10,694 [pool-509-thread-1] INFO  server.RaftServerConfigKeys (ConfUtils.java:logGet(43)) - raft.server.log.queue.element-limit = 1024 (custom)
2019-11-17 11:14:10,695 [pool-509-thread-1] INFO  server.RaftServerConfigKeys (ConfUtils.java:logGet(43)) - raft.server.log.segment.size.max = 1048576 (custom)
2019-11-17 11:14:10,695 [pool-509-thread-1] INFO  server.RaftServerConfigKeys (ConfUtils.java:logGet(43)) - raft.server.log.preallocated.size = 16384 (custom)
2019-11-17 11:14:10,695 [pool-509-thread-1] INFO  server.RaftServerConfigKeys (ConfUtils.java:logGet(43)) - raft.server.log.write.buffer.size = 33554432 (custom)
2019-11-17 11:14:10,695 [pool-509-thread-1] INFO  server.RaftServerConfigKeys (ConfUtils.java:logGet(43)) - raft.server.log.force.sync.num = 128 (default)
2019-11-17 11:14:10,695 [pool-509-thread-1] INFO  server.RaftServerConfigKeys (ConfUtils.java:logGet(43)) - raft.server.log.statemachine.data.sync = true (default)
2019-11-17 11:14:10,695 [pool-509-thread-1] INFO  server.RaftServerConfigKeys (ConfUtils.java:logGet(43)) - raft.server.log.statemachine.data.sync.timeout = 10s (default)
2019-11-17 11:14:10,695 [pool-509-thread-1] INFO  server.RaftServerConfigKeys (ConfUtils.java:logGet(43)) - raft.server.log.statemachine.data.sync.timeout.retry = -1 (default)
2019-11-17 11:14:10,696 [pool-509-thread-1] INFO  server.RaftServerConfigKeys (ConfUtils.java:logGet(43)) - raft.server.log.statemachine.data.caching.enabled = true (custom)
2019-11-17 11:14:10,696 [pool-509-thread-1] INFO  segmented.SegmentedRaftLogWorker (SegmentedRaftLogWorker.java:lambda$new$0(128)) - 3d268c2e-02d6-42d5-8f0a-acb046ab2083@group-E0A06911BCE3-SegmentedRaftLogWorker: flushIndex: setUnconditionally 0 -> -1
2019-11-17 11:14:10,697 [pool-509-thread-1] INFO  server.RaftServerConfigKeys (ConfUtils.java:logGet(43)) - raft.server.snapshot.auto.trigger.enabled = true (custom)
2019-11-17 11:14:10,697 [pool-509-thread-1] INFO  server.RaftServerConfigKeys (ConfUtils.java:logGet(43)) - raft.server.snapshot.auto.trigger.threshold = 10000 (custom)
2019-11-17 11:14:10,697 [pool-509-thread-1] INFO  server.RaftServerConfigKeys (ConfUtils.java:logGet(43)) - raft.server.snapshot.retention.file.num = 5 (custom)
2019-11-17 11:14:10,697 [pool-509-thread-1] INFO  server.RaftServerConfigKeys (ConfUtils.java:logGet(43)) - raft.server.retrycache.expirytime = 600000ms (custom)
2019-11-17 11:14:10,697 [pool-509-thread-1] WARN  impl.MetricRegistriesImpl (MetricRegistriesImpl.java:lambda$create$1(61)) - First MetricRegistry has been created without registering reporters. You may need to call MetricRegistries.global().addReportRegistration(...) before.
2019-11-17 11:14:10,698 [pool-509-thread-1] WARN  impl.MetricRegistriesImpl (MetricRegistriesImpl.java:lambda$create$1(61)) - First MetricRegistry has been created without registering reporters. You may need to call MetricRegistries.global().addReportRegistration(...) before.
2019-11-17 11:14:10,698 [pool-509-thread-1] INFO  impl.RaftServerImpl (RaftServerImpl.java:start(184)) - 3d268c2e-02d6-42d5-8f0a-acb046ab2083@group-E0A06911BCE3: start as a follower, conf=-1: [3d268c2e-02d6-42d5-8f0a-acb046ab2083:192.168.34.35:41075], old=null
2019-11-17 11:14:10,698 [pool-509-thread-1] INFO  impl.RaftServerImpl (RaftServerImpl.java:setRole(173)) - 3d268c2e-02d6-42d5-8f0a-acb046ab2083@group-E0A06911BCE3: changes role from      null to FOLLOWER at term 0 for startAsFollower
2019-11-17 11:14:10,698 [pool-509-thread-1] INFO  impl.RoleInfo (RoleInfo.java:updateAndGet(143)) - 3d268c2e-02d6-42d5-8f0a-acb046ab2083: start FollowerState
2019-11-17 11:14:10,699 [pool-509-thread-1] INFO  util.JmxRegister (JmxRegister.java:tryRegister(44)) - Successfully registered JMX Bean with object name Ratis:service=RaftServer,group=group-E0A06911BCE3,id=3d268c2e-02d6-42d5-8f0a-acb046ab2083
2019-11-17 11:14:10,700 [pool-509-thread-1] WARN  impl.MetricRegistriesImpl (MetricRegistriesImpl.java:lambda$create$1(61)) - First MetricRegistry has been created without registering reporters. You may need to call MetricRegistries.global().addReportRegistration(...) before.
2019-11-17 11:14:10,704 [RatisPipelineUtilsThread] INFO  pipeline.PipelineStateManager (PipelineStateManager.java:addPipeline(55)) - Created pipeline Pipeline[ Id: 45869c53-998e-4d18-b807-e0a06911bce3, Nodes: 3d268c2e-02d6-42d5-8f0a-acb046ab2083{ip: 192.168.34.35, host: pr-hdds-2291-5997d-4279494527, networkLocation: /rack1, certSerialId: null}, Type:RATIS, Factor:ONE, State:ALLOCATED]
2019-11-17 11:14:10,711 [grpc-default-executor-9] INFO  impl.RaftServerProxy (RaftServerProxy.java:addNew(89)) - eab723bb-0aff-418b-9bd7-1333118797a2: addNew group-EB146D1C0EFC:[eab723bb-0aff-418b-9bd7-1333118797a2:192.168.34.35:46301] returns group-EB146D1C0EFC:java.util.concurrent.CompletableFuture@42880148[Not completed]
2019-11-17 11:14:10,712 [pool-519-thread-1] INFO  impl.RaftServerImpl (RaftServerImpl.java:<init>(98)) - eab723bb-0aff-418b-9bd7-1333118797a2: new RaftServerImpl for group-EB146D1C0EFC:[eab723bb-0aff-418b-9bd7-1333118797a2:192.168.34.35:46301] with ContainerStateMachine:uninitialized
2019-11-17 11:14:10,712 [pool-519-thread-1] INFO  server.RaftServerConfigKeys (ConfUtils.java:logGet(43)) - raft.server.rpc.timeout.min = 1s (custom)
2019-11-17 11:14:10,712 [pool-519-thread-1] INFO  server.RaftServerConfigKeys (ConfUtils.java:logGet(43)) - raft.server.rpc.timeout.max = 1200ms (custom)
2019-11-17 11:14:10,713 [pool-519-thread-1] INFO  server.RaftServerConfigKeys (ConfUtils.java:logGet(43)) - raft.server.rpcslowness.timeout = 120s (custom)
2019-11-17 11:14:10,713 [pool-519-thread-1] INFO  server.RaftServerConfigKeys (ConfUtils.java:logGet(43)) - raft.server.sleep.deviation.threshold = 300 (default)
2019-11-17 11:14:10,713 [pool-519-thread-1] INFO  server.RaftServerConfigKeys (ConfUtils.java:logGet(43)) - raft.server.log.appender.install.snapshot.enabled = false (custom)
2019-11-17 11:14:10,713 [pool-519-thread-1] INFO  impl.RaftServerImpl (ServerState.java:<init>(103)) - eab723bb-0aff-418b-9bd7-1333118797a2@group-EB146D1C0EFC: ConfigurationManager, init=-1: [eab723bb-0aff-418b-9bd7-1333118797a2:192.168.34.35:46301], old=null, confs=<EMPTY_MAP>
2019-11-17 11:14:10,713 [pool-519-thread-1] INFO  server.RaftServerConfigKeys (ConfUtils.java:logGet(43)) - raft.server.storage.dir = [/workdir/hadoop-ozone/integration-test/target/test-dir/MiniOzoneClusterImpl-d61a8e55-6b1b-4302-a8ca-331e331e4b67/datanode-1/data/ratis] (custom)
2019-11-17 11:14:10,713 [pool-519-thread-1] INFO  server.RaftServerConfigKeys (ConfUtils.java:logGet(43)) - raft.server.log.corruption.policy = EXCEPTION (default)
2019-11-17 11:14:10,714 [pool-519-thread-1] INFO  storage.RaftStorageDirectory (RaftStorageDirectory.java:analyzeStorage(246)) - The storage directory /workdir/hadoop-ozone/integration-test/target/test-dir/MiniOzoneClusterImpl-d61a8e55-6b1b-4302-a8ca-331e331e4b67/datanode-1/data/ratis/dcbfbd94-a363-4188-aed1-eb146d1c0efc does not exist. Creating ...
2019-11-17 11:14:10,728 [pool-519-thread-1] INFO  storage.RaftStorageDirectory (RaftStorageDirectory.java:tryLock(328)) - Lock on /workdir/hadoop-ozone/integration-test/target/test-dir/MiniOzoneClusterImpl-d61a8e55-6b1b-4302-a8ca-331e331e4b67/datanode-1/data/ratis/dcbfbd94-a363-4188-aed1-eb146d1c0efc/in_use.lock acquired by nodename 20606@pr-hdds-2291-5997d-4279494527
2019-11-17 11:14:10,741 [pool-519-thread-1] INFO  storage.RaftStorage (RaftStorage.java:format(84)) - Storage directory /workdir/hadoop-ozone/integration-test/target/test-dir/MiniOzoneClusterImpl-d61a8e55-6b1b-4302-a8ca-331e331e4b67/datanode-1/data/ratis/dcbfbd94-a363-4188-aed1-eb146d1c0efc has been successfully formatted.
2019-11-17 11:14:10,741 [pool-519-thread-1] INFO  ratis.ContainerStateMachine (ContainerStateMachine.java:loadSnapshot(223)) - group-EB146D1C0EFC: The snapshot info is null. Setting the last applied indexto:(t:0, i:~)
2019-11-17 11:14:10,742 [pool-519-thread-1] INFO  server.RaftServerConfigKeys (ConfUtils.java:logGet(43)) - raft.server.notification.no-leader.timeout = 120s (custom)
2019-11-17 11:14:10,742 [pool-519-thread-1] INFO  server.RaftServerConfigKeys (ConfUtils.java:logGet(43)) - raft.server.log.use.memory = false (default)
2019-11-17 11:14:10,742 [pool-519-thread-1] INFO  server.RaftServerConfigKeys (ConfUtils.java:logGet(43)) - raft.server.log.purge.gap = 1000000 (custom)
2019-11-17 11:14:10,742 [pool-519-thread-1] INFO  server.RaftServerConfigKeys (ConfUtils.java:logGet(43)) - raft.server.log.appender.buffer.byte-limit = 33554432 (custom)
2019-11-17 11:14:10,742 [pool-519-thread-1] INFO  server.RaftServerConfigKeys (ConfUtils.java:logGet(43)) - raft.server.log.segment.size.max = 1048576 (custom)
2019-11-17 11:14:10,742 [pool-519-thread-1] WARN  impl.MetricRegistriesImpl (MetricRegistriesImpl.java:lambda$create$1(61)) - First MetricRegistry has been created without registering reporters. You may need to call MetricRegistries.global().addReportRegistration(...) before.
2019-11-17 11:14:10,742 [pool-519-thread-1] INFO  server.RaftServerConfigKeys (ConfUtils.java:logGet(43)) - raft.server.log.segment.cache.num.max = 2 (custom)
2019-11-17 11:14:10,742 [pool-519-thread-1] INFO  segmented.SegmentedRaftLogWorker (SegmentedRaftLogWorker.java:<init>(173)) - new eab723bb-0aff-418b-9bd7-1333118797a2@group-EB146D1C0EFC-SegmentedRaftLogWorker for RaftStorage:Storage Directory /workdir/hadoop-ozone/integration-test/target/test-dir/MiniOzoneClusterImpl-d61a8e55-6b1b-4302-a8ca-331e331e4b67/datanode-1/data/ratis/dcbfbd94-a363-4188-aed1-eb146d1c0efc
2019-11-17 11:14:10,743 [pool-519-thread-1] INFO  server.RaftServerConfigKeys (ConfUtils.java:logGet(43)) - raft.server.log.queue.byte-limit = 2147483647 (custom)
2019-11-17 11:14:10,743 [pool-519-thread-1] INFO  server.RaftServerConfigKeys (ConfUtils.java:logGet(43)) - raft.server.log.queue.element-limit = 1024 (custom)
2019-11-17 11:14:10,743 [pool-519-thread-1] INFO  server.RaftServerConfigKeys (ConfUtils.java:logGet(43)) - raft.server.log.segment.size.max = 1048576 (custom)
2019-11-17 11:14:10,743 [pool-519-thread-1] INFO  server.RaftServerConfigKeys (ConfUtils.java:logGet(43)) - raft.server.log.preallocated.size = 16384 (custom)
2019-11-17 11:14:10,743 [pool-519-thread-1] INFO  server.RaftServerConfigKeys (ConfUtils.java:logGet(43)) - raft.server.log.write.buffer.size = 33554432 (custom)
2019-11-17 11:14:10,743 [pool-519-thread-1] INFO  server.RaftServerConfigKeys (ConfUtils.java:logGet(43)) - raft.server.log.force.sync.num = 128 (default)
2019-11-17 11:14:10,743 [pool-519-thread-1] INFO  server.RaftServerConfigKeys (ConfUtils.java:logGet(43)) - raft.server.log.statemachine.data.sync = true (default)
2019-11-17 11:14:10,743 [pool-519-thread-1] INFO  server.RaftServerConfigKeys (ConfUtils.java:logGet(43)) - raft.server.log.statemachine.data.sync.timeout = 10s (default)
2019-11-17 11:14:10,743 [pool-519-thread-1] INFO  server.RaftServerConfigKeys (ConfUtils.java:logGet(43)) - raft.server.log.statemachine.data.sync.timeout.retry = -1 (default)
2019-11-17 11:14:10,744 [pool-519-thread-1] INFO  server.RaftServerConfigKeys (ConfUtils.java:logGet(43)) - raft.server.log.statemachine.data.caching.enabled = true (custom)
2019-11-17 11:14:10,744 [pool-519-thread-1] INFO  segmented.SegmentedRaftLogWorker (SegmentedRaftLogWorker.java:lambda$new$0(128)) - eab723bb-0aff-418b-9bd7-1333118797a2@group-EB146D1C0EFC-SegmentedRaftLogWorker: flushIndex: setUnconditionally 0 -> -1
2019-11-17 11:14:10,745 [pool-519-thread-1] INFO  server.RaftServerConfigKeys (ConfUtils.java:logGet(43)) - raft.server.snapshot.auto.trigger.enabled = true (custom)
2019-11-17 11:14:10,745 [pool-519-thread-1] INFO  server.RaftServerConfigKeys (ConfUtils.java:logGet(43)) - raft.server.snapshot.auto.trigger.threshold = 10000 (custom)
2019-11-17 11:14:10,745 [pool-519-thread-1] INFO  server.RaftServerConfigKeys (ConfUtils.java:logGet(43)) - raft.server.snapshot.retention.file.num = 5 (custom)
2019-11-17 11:14:10,745 [pool-519-thread-1] INFO  server.RaftServerConfigKeys (ConfUtils.java:logGet(43)) - raft.server.retrycache.expirytime = 600000ms (custom)
2019-11-17 11:14:10,745 [pool-519-thread-1] WARN  impl.MetricRegistriesImpl (MetricRegistriesImpl.java:lambda$create$1(61)) - First MetricRegistry has been created without registering reporters. You may need to call MetricRegistries.global().addReportRegistration(...) before.
2019-11-17 11:14:10,745 [pool-519-thread-1] WARN  impl.MetricRegistriesImpl (MetricRegistriesImpl.java:lambda$create$1(61)) - First MetricRegistry has been created without registering reporters. You may need to call MetricRegistries.global().addReportRegistration(...) before.
2019-11-17 11:14:10,745 [IPC Server handler 9 on 37460] INFO  net.NetworkTopology (NetworkTopologyImpl.java:add(111)) - Added a new node: /rack1/4c46855d-d979-4113-9d53-291bcfa92579
2019-11-17 11:14:10,746 [pool-519-thread-1] INFO  impl.RaftServerImpl (RaftServerImpl.java:start(184)) - eab723bb-0aff-418b-9bd7-1333118797a2@group-EB146D1C0EFC: start as a follower, conf=-1: [eab723bb-0aff-418b-9bd7-1333118797a2:192.168.34.35:46301], old=null
2019-11-17 11:14:10,746 [IPC Server handler 9 on 37460] INFO  node.SCMNodeManager (SCMNodeManager.java:register(267)) - Registered Data node : 4c46855d-d979-4113-9d53-291bcfa92579{ip: 192.168.34.35, host: pr-hdds-2291-5997d-4279494527, networkLocation: /rack1, certSerialId: null}
2019-11-17 11:14:10,746 [pool-519-thread-1] INFO  impl.RaftServerImpl (RaftServerImpl.java:setRole(173)) - eab723bb-0aff-418b-9bd7-1333118797a2@group-EB146D1C0EFC: changes role from      null to FOLLOWER at term 0 for startAsFollower
2019-11-17 11:14:10,746 [pool-519-thread-1] INFO  impl.RoleInfo (RoleInfo.java:updateAndGet(143)) - eab723bb-0aff-418b-9bd7-1333118797a2: start FollowerState
2019-11-17 11:14:10,747 [pool-519-thread-1] INFO  util.JmxRegister (JmxRegister.java:tryRegister(44)) - Successfully registered JMX Bean with object name Ratis:service=RaftServer,group=group-EB146D1C0EFC,id=eab723bb-0aff-418b-9bd7-1333118797a2
2019-11-17 11:14:10,747 [pool-519-thread-1] WARN  impl.MetricRegistriesImpl (MetricRegistriesImpl.java:lambda$create$1(61)) - First MetricRegistry has been created without registering reporters. You may need to call MetricRegistries.global().addReportRegistration(...) before.
2019-11-17 11:14:10,749 [RatisPipelineUtilsThread] INFO  pipeline.PipelineStateManager (PipelineStateManager.java:addPipeline(55)) - Created pipeline Pipeline[ Id: dcbfbd94-a363-4188-aed1-eb146d1c0efc, Nodes: eab723bb-0aff-418b-9bd7-1333118797a2{ip: 192.168.34.35, host: pr-hdds-2291-5997d-4279494527, networkLocation: /rack1, certSerialId: null}, Type:RATIS, Factor:ONE, State:ALLOCATED]
2019-11-17 11:14:10,756 [grpc-default-executor-9] INFO  impl.RaftServerProxy (RaftServerProxy.java:addNew(89)) - 4c46855d-d979-4113-9d53-291bcfa92579: addNew group-07DDCA97E1E3:[4c46855d-d979-4113-9d53-291bcfa92579:192.168.34.35:41089] returns group-07DDCA97E1E3:java.util.concurrent.CompletableFuture@20d0f950[Not completed]
2019-11-17 11:14:10,757 [pool-529-thread-1] INFO  impl.RaftServerImpl (RaftServerImpl.java:<init>(98)) - 4c46855d-d979-4113-9d53-291bcfa92579: new RaftServerImpl for group-07DDCA97E1E3:[4c46855d-d979-4113-9d53-291bcfa92579:192.168.34.35:41089] with ContainerStateMachine:uninitialized
2019-11-17 11:14:10,757 [pool-529-thread-1] INFO  server.RaftServerConfigKeys (ConfUtils.java:logGet(43)) - raft.server.rpc.timeout.min = 1s (custom)
2019-11-17 11:14:10,757 [pool-529-thread-1] INFO  server.RaftServerConfigKeys (ConfUtils.java:logGet(43)) - raft.server.rpc.timeout.max = 1200ms (custom)
2019-11-17 11:14:10,757 [pool-529-thread-1] INFO  server.RaftServerConfigKeys (ConfUtils.java:logGet(43)) - raft.server.rpcslowness.timeout = 120s (custom)
2019-11-17 11:14:10,757 [pool-529-thread-1] INFO  server.RaftServerConfigKeys (ConfUtils.java:logGet(43)) - raft.server.sleep.deviation.threshold = 300 (default)
2019-11-17 11:14:10,757 [pool-529-thread-1] INFO  server.RaftServerConfigKeys (ConfUtils.java:logGet(43)) - raft.server.log.appender.install.snapshot.enabled = false (custom)
2019-11-17 11:14:10,757 [pool-529-thread-1] INFO  impl.RaftServerImpl (ServerState.java:<init>(103)) - 4c46855d-d979-4113-9d53-291bcfa92579@group-07DDCA97E1E3: ConfigurationManager, init=-1: [4c46855d-d979-4113-9d53-291bcfa92579:192.168.34.35:41089], old=null, confs=<EMPTY_MAP>
2019-11-17 11:14:10,758 [pool-529-thread-1] INFO  server.RaftServerConfigKeys (ConfUtils.java:logGet(43)) - raft.server.storage.dir = [/workdir/hadoop-ozone/integration-test/target/test-dir/MiniOzoneClusterImpl-d61a8e55-6b1b-4302-a8ca-331e331e4b67/datanode-2/data/ratis] (custom)
2019-11-17 11:14:10,758 [pool-529-thread-1] INFO  server.RaftServerConfigKeys (ConfUtils.java:logGet(43)) - raft.server.log.corruption.policy = EXCEPTION (default)
2019-11-17 11:14:10,758 [pool-529-thread-1] INFO  storage.RaftStorageDirectory (RaftStorageDirectory.java:analyzeStorage(246)) - The storage directory /workdir/hadoop-ozone/integration-test/target/test-dir/MiniOzoneClusterImpl-d61a8e55-6b1b-4302-a8ca-331e331e4b67/datanode-2/data/ratis/c1ecff83-31d3-4d7d-830d-07ddca97e1e3 does not exist. Creating ...
2019-11-17 11:14:10,770 [pool-529-thread-1] INFO  storage.RaftStorageDirectory (RaftStorageDirectory.java:tryLock(328)) - Lock on /workdir/hadoop-ozone/integration-test/target/test-dir/MiniOzoneClusterImpl-d61a8e55-6b1b-4302-a8ca-331e331e4b67/datanode-2/data/ratis/c1ecff83-31d3-4d7d-830d-07ddca97e1e3/in_use.lock acquired by nodename 20606@pr-hdds-2291-5997d-4279494527
2019-11-17 11:14:10,783 [pool-529-thread-1] INFO  storage.RaftStorage (RaftStorage.java:format(84)) - Storage directory /workdir/hadoop-ozone/integration-test/target/test-dir/MiniOzoneClusterImpl-d61a8e55-6b1b-4302-a8ca-331e331e4b67/datanode-2/data/ratis/c1ecff83-31d3-4d7d-830d-07ddca97e1e3 has been successfully formatted.
2019-11-17 11:14:10,783 [pool-529-thread-1] INFO  ratis.ContainerStateMachine (ContainerStateMachine.java:loadSnapshot(223)) - group-07DDCA97E1E3: The snapshot info is null. Setting the last applied indexto:(t:0, i:~)
2019-11-17 11:14:10,783 [pool-529-thread-1] INFO  server.RaftServerConfigKeys (ConfUtils.java:logGet(43)) - raft.server.notification.no-leader.timeout = 120s (custom)
2019-11-17 11:14:10,784 [pool-529-thread-1] INFO  server.RaftServerConfigKeys (ConfUtils.java:logGet(43)) - raft.server.log.use.memory = false (default)
2019-11-17 11:14:10,784 [pool-529-thread-1] INFO  server.RaftServerConfigKeys (ConfUtils.java:logGet(43)) - raft.server.log.purge.gap = 1000000 (custom)
2019-11-17 11:14:10,784 [pool-529-thread-1] INFO  server.RaftServerConfigKeys (ConfUtils.java:logGet(43)) - raft.server.log.appender.buffer.byte-limit = 33554432 (custom)
2019-11-17 11:14:10,784 [pool-529-thread-1] INFO  server.RaftServerConfigKeys (ConfUtils.java:logGet(43)) - raft.server.log.segment.size.max = 1048576 (custom)
2019-11-17 11:14:10,784 [pool-529-thread-1] WARN  impl.MetricRegistriesImpl (MetricRegistriesImpl.java:lambda$create$1(61)) - First MetricRegistry has been created without registering reporters. You may need to call MetricRegistries.global().addReportRegistration(...) before.
2019-11-17 11:14:10,785 [pool-529-thread-1] INFO  server.RaftServerConfigKeys (ConfUtils.java:logGet(43)) - raft.server.log.segment.cache.num.max = 2 (custom)
2019-11-17 11:14:10,785 [pool-529-thread-1] INFO  segmented.SegmentedRaftLogWorker (SegmentedRaftLogWorker.java:<init>(173)) - new 4c46855d-d979-4113-9d53-291bcfa92579@group-07DDCA97E1E3-SegmentedRaftLogWorker for RaftStorage:Storage Directory /workdir/hadoop-ozone/integration-test/target/test-dir/MiniOzoneClusterImpl-d61a8e55-6b1b-4302-a8ca-331e331e4b67/datanode-2/data/ratis/c1ecff83-31d3-4d7d-830d-07ddca97e1e3
2019-11-17 11:14:10,785 [pool-529-thread-1] INFO  server.RaftServerConfigKeys (ConfUtils.java:logGet(43)) - raft.server.log.queue.byte-limit = 2147483647 (custom)
2019-11-17 11:14:10,785 [pool-529-thread-1] INFO  server.RaftServerConfigKeys (ConfUtils.java:logGet(43)) - raft.server.log.queue.element-limit = 1024 (custom)
2019-11-17 11:14:10,785 [pool-529-thread-1] INFO  server.RaftServerConfigKeys (ConfUtils.java:logGet(43)) - raft.server.log.segment.size.max = 1048576 (custom)
2019-11-17 11:14:10,785 [pool-529-thread-1] INFO  server.RaftServerConfigKeys (ConfUtils.java:logGet(43)) - raft.server.log.preallocated.size = 16384 (custom)
2019-11-17 11:14:10,785 [pool-529-thread-1] INFO  server.RaftServerConfigKeys (ConfUtils.java:logGet(43)) - raft.server.log.write.buffer.size = 33554432 (custom)
2019-11-17 11:14:10,785 [pool-529-thread-1] INFO  server.RaftServerConfigKeys (ConfUtils.java:logGet(43)) - raft.server.log.force.sync.num = 128 (default)
2019-11-17 11:14:10,786 [pool-529-thread-1] INFO  server.RaftServerConfigKeys (ConfUtils.java:logGet(43)) - raft.server.log.statemachine.data.sync = true (default)
2019-11-17 11:14:10,786 [pool-529-thread-1] INFO  server.RaftServerConfigKeys (ConfUtils.java:logGet(43)) - raft.server.log.statemachine.data.sync.timeout = 10s (default)
2019-11-17 11:14:10,786 [pool-529-thread-1] INFO  server.RaftServerConfigKeys (ConfUtils.java:logGet(43)) - raft.server.log.statemachine.data.sync.timeout.retry = -1 (default)
2019-11-17 11:14:10,786 [pool-529-thread-1] INFO  server.RaftServerConfigKeys (ConfUtils.java:logGet(43)) - raft.server.log.statemachine.data.caching.enabled = true (custom)
2019-11-17 11:14:10,786 [pool-529-thread-1] INFO  segmented.SegmentedRaftLogWorker (SegmentedRaftLogWorker.java:lambda$new$0(128)) - 4c46855d-d979-4113-9d53-291bcfa92579@group-07DDCA97E1E3-SegmentedRaftLogWorker: flushIndex: setUnconditionally 0 -> -1
2019-11-17 11:14:10,787 [pool-529-thread-1] INFO  server.RaftServerConfigKeys (ConfUtils.java:logGet(43)) - raft.server.snapshot.auto.trigger.enabled = true (custom)
2019-11-17 11:14:10,787 [pool-529-thread-1] INFO  server.RaftServerConfigKeys (ConfUtils.java:logGet(43)) - raft.server.snapshot.auto.trigger.threshold = 10000 (custom)
2019-11-17 11:14:10,787 [pool-529-thread-1] INFO  server.RaftServerConfigKeys (ConfUtils.java:logGet(43)) - raft.server.snapshot.retention.file.num = 5 (custom)
2019-11-17 11:14:10,787 [pool-529-thread-1] INFO  server.RaftServerConfigKeys (ConfUtils.java:logGet(43)) - raft.server.retrycache.expirytime = 600000ms (custom)
2019-11-17 11:14:10,788 [pool-529-thread-1] WARN  impl.MetricRegistriesImpl (MetricRegistriesImpl.java:lambda$create$1(61)) - First MetricRegistry has been created without registering reporters. You may need to call MetricRegistries.global().addReportRegistration(...) before.
2019-11-17 11:14:10,788 [pool-529-thread-1] WARN  impl.MetricRegistriesImpl (MetricRegistriesImpl.java:lambda$create$1(61)) - First MetricRegistry has been created without registering reporters. You may need to call MetricRegistries.global().addReportRegistration(...) before.
2019-11-17 11:14:10,788 [pool-529-thread-1] INFO  impl.RaftServerImpl (RaftServerImpl.java:start(184)) - 4c46855d-d979-4113-9d53-291bcfa92579@group-07DDCA97E1E3: start as a follower, conf=-1: [4c46855d-d979-4113-9d53-291bcfa92579:192.168.34.35:41089], old=null
2019-11-17 11:14:10,788 [pool-529-thread-1] INFO  impl.RaftServerImpl (RaftServerImpl.java:setRole(173)) - 4c46855d-d979-4113-9d53-291bcfa92579@group-07DDCA97E1E3: changes role from      null to FOLLOWER at term 0 for startAsFollower
2019-11-17 11:14:10,788 [pool-529-thread-1] INFO  impl.RoleInfo (RoleInfo.java:updateAndGet(143)) - 4c46855d-d979-4113-9d53-291bcfa92579: start FollowerState
2019-11-17 11:14:10,789 [pool-529-thread-1] INFO  util.JmxRegister (JmxRegister.java:tryRegister(44)) - Successfully registered JMX Bean with object name Ratis:service=RaftServer,group=group-07DDCA97E1E3,id=4c46855d-d979-4113-9d53-291bcfa92579
2019-11-17 11:14:10,789 [pool-529-thread-1] WARN  impl.MetricRegistriesImpl (MetricRegistriesImpl.java:lambda$create$1(61)) - First MetricRegistry has been created without registering reporters. You may need to call MetricRegistries.global().addReportRegistration(...) before.
2019-11-17 11:14:10,791 [RatisPipelineUtilsThread] INFO  pipeline.PipelineStateManager (PipelineStateManager.java:addPipeline(55)) - Created pipeline Pipeline[ Id: c1ecff83-31d3-4d7d-830d-07ddca97e1e3, Nodes: 4c46855d-d979-4113-9d53-291bcfa92579{ip: 192.168.34.35, host: pr-hdds-2291-5997d-4279494527, networkLocation: /rack1, certSerialId: null}, Type:RATIS, Factor:ONE, State:ALLOCATED]
2019-11-17 11:14:10,804 [grpc-default-executor-5] INFO  impl.RaftServerProxy (RaftServerProxy.java:addNew(89)) - eab723bb-0aff-418b-9bd7-1333118797a2: addNew group-F68C65ADDFE2:[4c46855d-d979-4113-9d53-291bcfa92579:192.168.34.35:41089, 3d268c2e-02d6-42d5-8f0a-acb046ab2083:192.168.34.35:41075, eab723bb-0aff-418b-9bd7-1333118797a2:192.168.34.35:46301] returns group-F68C65ADDFE2:java.util.concurrent.CompletableFuture@603703e7[Not completed]
2019-11-17 11:14:10,804 [grpc-default-executor-6] INFO  impl.RaftServerProxy (RaftServerProxy.java:addNew(89)) - 3d268c2e-02d6-42d5-8f0a-acb046ab2083: addNew group-F68C65ADDFE2:[4c46855d-d979-4113-9d53-291bcfa92579:192.168.34.35:41089, 3d268c2e-02d6-42d5-8f0a-acb046ab2083:192.168.34.35:41075, eab723bb-0aff-418b-9bd7-1333118797a2:192.168.34.35:46301] returns group-F68C65ADDFE2:java.util.concurrent.CompletableFuture@2a58794d[Not completed]
2019-11-17 11:14:10,805 [grpc-default-executor-6] INFO  impl.RaftServerProxy (RaftServerProxy.java:addNew(89)) - 4c46855d-d979-4113-9d53-291bcfa92579: addNew group-F68C65ADDFE2:[4c46855d-d979-4113-9d53-291bcfa92579:192.168.34.35:41089, 3d268c2e-02d6-42d5-8f0a-acb046ab2083:192.168.34.35:41075, eab723bb-0aff-418b-9bd7-1333118797a2:192.168.34.35:46301] returns group-F68C65ADDFE2:java.util.concurrent.CompletableFuture@49f88b59[Not completed]
2019-11-17 11:14:10,805 [pool-519-thread-1] INFO  impl.RaftServerImpl (RaftServerImpl.java:<init>(98)) - eab723bb-0aff-418b-9bd7-1333118797a2: new RaftServerImpl for group-F68C65ADDFE2:[4c46855d-d979-4113-9d53-291bcfa92579:192.168.34.35:41089, 3d268c2e-02d6-42d5-8f0a-acb046ab2083:192.168.34.35:41075, eab723bb-0aff-418b-9bd7-1333118797a2:192.168.34.35:46301] with ContainerStateMachine:uninitialized
2019-11-17 11:14:10,805 [pool-519-thread-1] INFO  server.RaftServerConfigKeys (ConfUtils.java:logGet(43)) - raft.server.rpc.timeout.min = 1s (custom)
2019-11-17 11:14:10,806 [pool-519-thread-1] INFO  server.RaftServerConfigKeys (ConfUtils.java:logGet(43)) - raft.server.rpc.timeout.max = 1200ms (custom)
2019-11-17 11:14:10,806 [pool-519-thread-1] INFO  server.RaftServerConfigKeys (ConfUtils.java:logGet(43)) - raft.server.rpcslowness.timeout = 120s (custom)
2019-11-17 11:14:10,806 [pool-519-thread-1] INFO  server.RaftServerConfigKeys (ConfUtils.java:logGet(43)) - raft.server.sleep.deviation.threshold = 300 (default)
2019-11-17 11:14:10,806 [pool-519-thread-1] INFO  server.RaftServerConfigKeys (ConfUtils.java:logGet(43)) - raft.server.log.appender.install.snapshot.enabled = false (custom)
2019-11-17 11:14:10,806 [pool-509-thread-1] INFO  impl.RaftServerImpl (RaftServerImpl.java:<init>(98)) - 3d268c2e-02d6-42d5-8f0a-acb046ab2083: new RaftServerImpl for group-F68C65ADDFE2:[4c46855d-d979-4113-9d53-291bcfa92579:192.168.34.35:41089, 3d268c2e-02d6-42d5-8f0a-acb046ab2083:192.168.34.35:41075, eab723bb-0aff-418b-9bd7-1333118797a2:192.168.34.35:46301] with ContainerStateMachine:uninitialized
2019-11-17 11:14:10,806 [pool-519-thread-1] INFO  impl.RaftServerImpl (ServerState.java:<init>(103)) - eab723bb-0aff-418b-9bd7-1333118797a2@group-F68C65ADDFE2: ConfigurationManager, init=-1: [4c46855d-d979-4113-9d53-291bcfa92579:192.168.34.35:41089, 3d268c2e-02d6-42d5-8f0a-acb046ab2083:192.168.34.35:41075, eab723bb-0aff-418b-9bd7-1333118797a2:192.168.34.35:46301], old=null, confs=<EMPTY_MAP>
2019-11-17 11:14:10,806 [pool-509-thread-1] INFO  server.RaftServerConfigKeys (ConfUtils.java:logGet(43)) - raft.server.rpc.timeout.min = 1s (custom)
2019-11-17 11:14:10,806 [pool-519-thread-1] INFO  server.RaftServerConfigKeys (ConfUtils.java:logGet(43)) - raft.server.storage.dir = [/workdir/hadoop-ozone/integration-test/target/test-dir/MiniOzoneClusterImpl-d61a8e55-6b1b-4302-a8ca-331e331e4b67/datanode-1/data/ratis] (custom)
2019-11-17 11:14:10,806 [pool-509-thread-1] INFO  server.RaftServerConfigKeys (ConfUtils.java:logGet(43)) - raft.server.rpc.timeout.max = 1200ms (custom)
2019-11-17 11:14:10,807 [pool-529-thread-1] INFO  impl.RaftServerImpl (RaftServerImpl.java:<init>(98)) - 4c46855d-d979-4113-9d53-291bcfa92579: new RaftServerImpl for group-F68C65ADDFE2:[4c46855d-d979-4113-9d53-291bcfa92579:192.168.34.35:41089, 3d268c2e-02d6-42d5-8f0a-acb046ab2083:192.168.34.35:41075, eab723bb-0aff-418b-9bd7-1333118797a2:192.168.34.35:46301] with ContainerStateMachine:uninitialized
2019-11-17 11:14:10,807 [pool-509-thread-1] INFO  server.RaftServerConfigKeys (ConfUtils.java:logGet(43)) - raft.server.rpcslowness.timeout = 120s (custom)
2019-11-17 11:14:10,807 [pool-519-thread-1] INFO  server.RaftServerConfigKeys (ConfUtils.java:logGet(43)) - raft.server.log.corruption.policy = EXCEPTION (default)
2019-11-17 11:14:10,807 [pool-509-thread-1] INFO  server.RaftServerConfigKeys (ConfUtils.java:logGet(43)) - raft.server.sleep.deviation.threshold = 300 (default)
2019-11-17 11:14:10,807 [pool-529-thread-1] INFO  server.RaftServerConfigKeys (ConfUtils.java:logGet(43)) - raft.server.rpc.timeout.min = 1s (custom)
2019-11-17 11:14:10,807 [pool-519-thread-1] INFO  storage.RaftStorageDirectory (RaftStorageDirectory.java:analyzeStorage(246)) - The storage directory /workdir/hadoop-ozone/integration-test/target/test-dir/MiniOzoneClusterImpl-d61a8e55-6b1b-4302-a8ca-331e331e4b67/datanode-1/data/ratis/ffbcf14a-afd4-4d95-abac-f68c65addfe2 does not exist. Creating ...
2019-11-17 11:14:10,807 [pool-509-thread-1] INFO  server.RaftServerConfigKeys (ConfUtils.java:logGet(43)) - raft.server.log.appender.install.snapshot.enabled = false (custom)
2019-11-17 11:14:10,807 [pool-529-thread-1] INFO  server.RaftServerConfigKeys (ConfUtils.java:logGet(43)) - raft.server.rpc.timeout.max = 1200ms (custom)
2019-11-17 11:14:10,808 [pool-509-thread-1] INFO  impl.RaftServerImpl (ServerState.java:<init>(103)) - 3d268c2e-02d6-42d5-8f0a-acb046ab2083@group-F68C65ADDFE2: ConfigurationManager, init=-1: [4c46855d-d979-4113-9d53-291bcfa92579:192.168.34.35:41089, 3d268c2e-02d6-42d5-8f0a-acb046ab2083:192.168.34.35:41075, eab723bb-0aff-418b-9bd7-1333118797a2:192.168.34.35:46301], old=null, confs=<EMPTY_MAP>
2019-11-17 11:14:10,808 [pool-529-thread-1] INFO  server.RaftServerConfigKeys (ConfUtils.java:logGet(43)) - raft.server.rpcslowness.timeout = 120s (custom)
2019-11-17 11:14:10,808 [pool-509-thread-1] INFO  server.RaftServerConfigKeys (ConfUtils.java:logGet(43)) - raft.server.storage.dir = [/workdir/hadoop-ozone/integration-test/target/test-dir/MiniOzoneClusterImpl-d61a8e55-6b1b-4302-a8ca-331e331e4b67/datanode-0/data/ratis] (custom)
2019-11-17 11:14:10,808 [pool-529-thread-1] INFO  server.RaftServerConfigKeys (ConfUtils.java:logGet(43)) - raft.server.sleep.deviation.threshold = 300 (default)
2019-11-17 11:14:10,808 [pool-509-thread-1] INFO  server.RaftServerConfigKeys (ConfUtils.java:logGet(43)) - raft.server.log.corruption.policy = EXCEPTION (default)
2019-11-17 11:14:10,808 [pool-529-thread-1] INFO  server.RaftServerConfigKeys (ConfUtils.java:logGet(43)) - raft.server.log.appender.install.snapshot.enabled = false (custom)
2019-11-17 11:14:10,809 [pool-509-thread-1] INFO  storage.RaftStorageDirectory (RaftStorageDirectory.java:analyzeStorage(246)) - The storage directory /workdir/hadoop-ozone/integration-test/target/test-dir/MiniOzoneClusterImpl-d61a8e55-6b1b-4302-a8ca-331e331e4b67/datanode-0/data/ratis/ffbcf14a-afd4-4d95-abac-f68c65addfe2 does not exist. Creating ...
2019-11-17 11:14:10,809 [pool-529-thread-1] INFO  impl.RaftServerImpl (ServerState.java:<init>(103)) - 4c46855d-d979-4113-9d53-291bcfa92579@group-F68C65ADDFE2: ConfigurationManager, init=-1: [4c46855d-d979-4113-9d53-291bcfa92579:192.168.34.35:41089, 3d268c2e-02d6-42d5-8f0a-acb046ab2083:192.168.34.35:41075, eab723bb-0aff-418b-9bd7-1333118797a2:192.168.34.35:46301], old=null, confs=<EMPTY_MAP>
2019-11-17 11:14:10,809 [pool-529-thread-1] INFO  server.RaftServerConfigKeys (ConfUtils.java:logGet(43)) - raft.server.storage.dir = [/workdir/hadoop-ozone/integration-test/target/test-dir/MiniOzoneClusterImpl-d61a8e55-6b1b-4302-a8ca-331e331e4b67/datanode-2/data/ratis] (custom)
2019-11-17 11:14:10,810 [pool-529-thread-1] INFO  server.RaftServerConfigKeys (ConfUtils.java:logGet(43)) - raft.server.log.corruption.policy = EXCEPTION (default)
2019-11-17 11:14:10,810 [pool-529-thread-1] INFO  storage.RaftStorageDirectory (RaftStorageDirectory.java:analyzeStorage(246)) - The storage directory /workdir/hadoop-ozone/integration-test/target/test-dir/MiniOzoneClusterImpl-d61a8e55-6b1b-4302-a8ca-331e331e4b67/datanode-2/data/ratis/ffbcf14a-afd4-4d95-abac-f68c65addfe2 does not exist. Creating ...
2019-11-17 11:14:10,829 [IPC Server handler 1 on 37460] INFO  net.NetworkTopology (NetworkTopologyImpl.java:add(111)) - Added a new node: /rack1/add0c2af-eaab-406f-a894-445c5362ddef
2019-11-17 11:14:10,830 [IPC Server handler 1 on 37460] INFO  node.SCMNodeManager (SCMNodeManager.java:register(267)) - Registered Data node : add0c2af-eaab-406f-a894-445c5362ddef{ip: 192.168.34.35, host: pr-hdds-2291-5997d-4279494527, networkLocation: /rack1, certSerialId: null}
2019-11-17 11:14:10,832 [pool-509-thread-1] INFO  storage.RaftStorageDirectory (RaftStorageDirectory.java:tryLock(328)) - Lock on /workdir/hadoop-ozone/integration-test/target/test-dir/MiniOzoneClusterImpl-d61a8e55-6b1b-4302-a8ca-331e331e4b67/datanode-0/data/ratis/ffbcf14a-afd4-4d95-abac-f68c65addfe2/in_use.lock acquired by nodename 20606@pr-hdds-2291-5997d-4279494527
2019-11-17 11:14:10,832 [pool-529-thread-1] INFO  storage.RaftStorageDirectory (RaftStorageDirectory.java:tryLock(328)) - Lock on /workdir/hadoop-ozone/integration-test/target/test-dir/MiniOzoneClusterImpl-d61a8e55-6b1b-4302-a8ca-331e331e4b67/datanode-2/data/ratis/ffbcf14a-afd4-4d95-abac-f68c65addfe2/in_use.lock acquired by nodename 20606@pr-hdds-2291-5997d-4279494527
2019-11-17 11:14:10,832 [pool-519-thread-1] INFO  storage.RaftStorageDirectory (RaftStorageDirectory.java:tryLock(328)) - Lock on /workdir/hadoop-ozone/integration-test/target/test-dir/MiniOzoneClusterImpl-d61a8e55-6b1b-4302-a8ca-331e331e4b67/datanode-1/data/ratis/ffbcf14a-afd4-4d95-abac-f68c65addfe2/in_use.lock acquired by nodename 20606@pr-hdds-2291-5997d-4279494527
2019-11-17 11:14:10,847 [pool-509-thread-1] INFO  storage.RaftStorage (RaftStorage.java:format(84)) - Storage directory /workdir/hadoop-ozone/integration-test/target/test-dir/MiniOzoneClusterImpl-d61a8e55-6b1b-4302-a8ca-331e331e4b67/datanode-0/data/ratis/ffbcf14a-afd4-4d95-abac-f68c65addfe2 has been successfully formatted.
2019-11-17 11:14:10,847 [pool-519-thread-1] INFO  storage.RaftStorage (RaftStorage.java:format(84)) - Storage directory /workdir/hadoop-ozone/integration-test/target/test-dir/MiniOzoneClusterImpl-d61a8e55-6b1b-4302-a8ca-331e331e4b67/datanode-1/data/ratis/ffbcf14a-afd4-4d95-abac-f68c65addfe2 has been successfully formatted.
2019-11-17 11:14:10,847 [pool-529-thread-1] INFO  storage.RaftStorage (RaftStorage.java:format(84)) - Storage directory /workdir/hadoop-ozone/integration-test/target/test-dir/MiniOzoneClusterImpl-d61a8e55-6b1b-4302-a8ca-331e331e4b67/datanode-2/data/ratis/ffbcf14a-afd4-4d95-abac-f68c65addfe2 has been successfully formatted.
2019-11-17 11:14:10,847 [pool-519-thread-1] INFO  ratis.ContainerStateMachine (ContainerStateMachine.java:loadSnapshot(223)) - group-F68C65ADDFE2: The snapshot info is null. Setting the last applied indexto:(t:0, i:~)
2019-11-17 11:14:10,847 [pool-509-thread-1] INFO  ratis.ContainerStateMachine (ContainerStateMachine.java:loadSnapshot(223)) - group-F68C65ADDFE2: The snapshot info is null. Setting the last applied indexto:(t:0, i:~)
2019-11-17 11:14:10,847 [pool-519-thread-1] INFO  server.RaftServerConfigKeys (ConfUtils.java:logGet(43)) - raft.server.notification.no-leader.timeout = 120s (custom)
2019-11-17 11:14:10,847 [pool-529-thread-1] INFO  ratis.ContainerStateMachine (ContainerStateMachine.java:loadSnapshot(223)) - group-F68C65ADDFE2: The snapshot info is null. Setting the last applied indexto:(t:0, i:~)
2019-11-17 11:14:10,848 [pool-519-thread-1] INFO  server.RaftServerConfigKeys (ConfUtils.java:logGet(43)) - raft.server.log.use.memory = false (default)
2019-11-17 11:14:10,848 [pool-509-thread-1] INFO  server.RaftServerConfigKeys (ConfUtils.java:logGet(43)) - raft.server.notification.no-leader.timeout = 120s (custom)
2019-11-17 11:14:10,848 [pool-519-thread-1] INFO  server.RaftServerConfigKeys (ConfUtils.java:logGet(43)) - raft.server.log.purge.gap = 1000000 (custom)
2019-11-17 11:14:10,848 [pool-529-thread-1] INFO  server.RaftServerConfigKeys (ConfUtils.java:logGet(43)) - raft.server.notification.no-leader.timeout = 120s (custom)
2019-11-17 11:14:10,848 [pool-519-thread-1] INFO  server.RaftServerConfigKeys (ConfUtils.java:logGet(43)) - raft.server.log.appender.buffer.byte-limit = 33554432 (custom)
2019-11-17 11:14:10,848 [pool-509-thread-1] INFO  server.RaftServerConfigKeys (ConfUtils.java:logGet(43)) - raft.server.log.use.memory = false (default)
2019-11-17 11:14:10,849 [pool-519-thread-1] INFO  server.RaftServerConfigKeys (ConfUtils.java:logGet(43)) - raft.server.log.segment.size.max = 1048576 (custom)
2019-11-17 11:14:10,848 [pool-529-thread-1] INFO  server.RaftServerConfigKeys (ConfUtils.java:logGet(43)) - raft.server.log.use.memory = false (default)
2019-11-17 11:14:10,849 [pool-519-thread-1] INFO  server.RaftServerConfigKeys (ConfUtils.java:logGet(43)) - raft.server.log.segment.cache.num.max = 2 (custom)
2019-11-17 11:14:10,849 [pool-509-thread-1] INFO  server.RaftServerConfigKeys (ConfUtils.java:logGet(43)) - raft.server.log.purge.gap = 1000000 (custom)
2019-11-17 11:14:10,849 [pool-519-thread-1] INFO  segmented.SegmentedRaftLogWorker (SegmentedRaftLogWorker.java:<init>(173)) - new eab723bb-0aff-418b-9bd7-1333118797a2@group-F68C65ADDFE2-SegmentedRaftLogWorker for RaftStorage:Storage Directory /workdir/hadoop-ozone/integration-test/target/test-dir/MiniOzoneClusterImpl-d61a8e55-6b1b-4302-a8ca-331e331e4b67/datanode-1/data/ratis/ffbcf14a-afd4-4d95-abac-f68c65addfe2
2019-11-17 11:14:10,849 [pool-529-thread-1] INFO  server.RaftServerConfigKeys (ConfUtils.java:logGet(43)) - raft.server.log.purge.gap = 1000000 (custom)
2019-11-17 11:14:10,849 [pool-519-thread-1] INFO  server.RaftServerConfigKeys (ConfUtils.java:logGet(43)) - raft.server.log.queue.byte-limit = 2147483647 (custom)
2019-11-17 11:14:10,849 [pool-509-thread-1] INFO  server.RaftServerConfigKeys (ConfUtils.java:logGet(43)) - raft.server.log.appender.buffer.byte-limit = 33554432 (custom)
2019-11-17 11:14:10,850 [pool-519-thread-1] INFO  server.RaftServerConfigKeys (ConfUtils.java:logGet(43)) - raft.server.log.queue.element-limit = 1024 (custom)
2019-11-17 11:14:10,850 [pool-529-thread-1] INFO  server.RaftServerConfigKeys (ConfUtils.java:logGet(43)) - raft.server.log.appender.buffer.byte-limit = 33554432 (custom)
2019-11-17 11:14:10,850 [pool-519-thread-1] INFO  server.RaftServerConfigKeys (ConfUtils.java:logGet(43)) - raft.server.log.segment.size.max = 1048576 (custom)
2019-11-17 11:14:10,850 [pool-509-thread-1] INFO  server.RaftServerConfigKeys (ConfUtils.java:logGet(43)) - raft.server.log.segment.size.max = 1048576 (custom)
2019-11-17 11:14:10,850 [pool-519-thread-1] INFO  server.RaftServerConfigKeys (ConfUtils.java:logGet(43)) - raft.server.log.preallocated.size = 16384 (custom)
2019-11-17 11:14:10,850 [pool-529-thread-1] INFO  server.RaftServerConfigKeys (ConfUtils.java:logGet(43)) - raft.server.log.segment.size.max = 1048576 (custom)
2019-11-17 11:14:10,850 [pool-519-thread-1] INFO  server.RaftServerConfigKeys (ConfUtils.java:logGet(43)) - raft.server.log.write.buffer.size = 33554432 (custom)
2019-11-17 11:14:10,851 [pool-519-thread-1] INFO  server.RaftServerConfigKeys (ConfUtils.java:logGet(43)) - raft.server.log.force.sync.num = 128 (default)
2019-11-17 11:14:10,850 [pool-509-thread-1] INFO  server.RaftServerConfigKeys (ConfUtils.java:logGet(43)) - raft.server.log.segment.cache.num.max = 2 (custom)
2019-11-17 11:14:10,851 [pool-519-thread-1] INFO  server.RaftServerConfigKeys (ConfUtils.java:logGet(43)) - raft.server.log.statemachine.data.sync = true (default)
2019-11-17 11:14:10,851 [pool-529-thread-1] INFO  server.RaftServerConfigKeys (ConfUtils.java:logGet(43)) - raft.server.log.segment.cache.num.max = 2 (custom)
2019-11-17 11:14:10,851 [pool-519-thread-1] INFO  server.RaftServerConfigKeys (ConfUtils.java:logGet(43)) - raft.server.log.statemachine.data.sync.timeout = 10s (default)
2019-11-17 11:14:10,851 [pool-509-thread-1] INFO  segmented.SegmentedRaftLogWorker (SegmentedRaftLogWorker.java:<init>(173)) - new 3d268c2e-02d6-42d5-8f0a-acb046ab2083@group-F68C65ADDFE2-SegmentedRaftLogWorker for RaftStorage:Storage Directory /workdir/hadoop-ozone/integration-test/target/test-dir/MiniOzoneClusterImpl-d61a8e55-6b1b-4302-a8ca-331e331e4b67/datanode-0/data/ratis/ffbcf14a-afd4-4d95-abac-f68c65addfe2
2019-11-17 11:14:10,851 [pool-519-thread-1] INFO  server.RaftServerConfigKeys (ConfUtils.java:logGet(43)) - raft.server.log.statemachine.data.sync.timeout.retry = -1 (default)
2019-11-17 11:14:10,851 [pool-529-thread-1] INFO  segmented.SegmentedRaftLogWorker (SegmentedRaftLogWorker.java:<init>(173)) - new 4c46855d-d979-4113-9d53-291bcfa92579@group-F68C65ADDFE2-SegmentedRaftLogWorker for RaftStorage:Storage Directory /workdir/hadoop-ozone/integration-test/target/test-dir/MiniOzoneClusterImpl-d61a8e55-6b1b-4302-a8ca-331e331e4b67/datanode-2/data/ratis/ffbcf14a-afd4-4d95-abac-f68c65addfe2
2019-11-17 11:14:10,852 [pool-519-thread-1] INFO  server.RaftServerConfigKeys (ConfUtils.java:logGet(43)) - raft.server.log.statemachine.data.caching.enabled = true (custom)
2019-11-17 11:14:10,851 [pool-509-thread-1] INFO  server.RaftServerConfigKeys (ConfUtils.java:logGet(43)) - raft.server.log.queue.byte-limit = 2147483647 (custom)
2019-11-17 11:14:10,852 [pool-519-thread-1] INFO  segmented.SegmentedRaftLogWorker (SegmentedRaftLogWorker.java:lambda$new$0(128)) - eab723bb-0aff-418b-9bd7-1333118797a2@group-F68C65ADDFE2-SegmentedRaftLogWorker: flushIndex: setUnconditionally 0 -> -1
2019-11-17 11:14:10,852 [pool-529-thread-1] INFO  server.RaftServerConfigKeys (ConfUtils.java:logGet(43)) - raft.server.log.queue.byte-limit = 2147483647 (custom)
2019-11-17 11:14:10,852 [pool-509-thread-1] INFO  server.RaftServerConfigKeys (ConfUtils.java:logGet(43)) - raft.server.log.queue.element-limit = 1024 (custom)
2019-11-17 11:14:10,852 [pool-519-thread-1] INFO  server.RaftServerConfigKeys (ConfUtils.java:logGet(43)) - raft.server.snapshot.auto.trigger.enabled = true (custom)
2019-11-17 11:14:10,852 [pool-529-thread-1] INFO  server.RaftServerConfigKeys (ConfUtils.java:logGet(43)) - raft.server.log.queue.element-limit = 1024 (custom)
2019-11-17 11:14:10,853 [pool-519-thread-1] INFO  server.RaftServerConfigKeys (ConfUtils.java:logGet(43)) - raft.server.snapshot.auto.trigger.threshold = 10000 (custom)
2019-11-17 11:14:10,852 [pool-509-thread-1] INFO  server.RaftServerConfigKeys (ConfUtils.java:logGet(43)) - raft.server.log.segment.size.max = 1048576 (custom)
2019-11-17 11:14:10,853 [pool-519-thread-1] INFO  server.RaftServerConfigKeys (ConfUtils.java:logGet(43)) - raft.server.snapshot.retention.file.num = 5 (custom)
2019-11-17 11:14:10,853 [pool-529-thread-1] INFO  server.RaftServerConfigKeys (ConfUtils.java:logGet(43)) - raft.server.log.segment.size.max = 1048576 (custom)
2019-11-17 11:14:10,853 [pool-519-thread-1] INFO  server.RaftServerConfigKeys (ConfUtils.java:logGet(43)) - raft.server.retrycache.expirytime = 600000ms (custom)
2019-11-17 11:14:10,853 [pool-509-thread-1] INFO  server.RaftServerConfigKeys (ConfUtils.java:logGet(43)) - raft.server.log.preallocated.size = 16384 (custom)
2019-11-17 11:14:10,853 [pool-519-thread-1] WARN  impl.MetricRegistriesImpl (MetricRegistriesImpl.java:lambda$create$1(61)) - First MetricRegistry has been created without registering reporters. You may need to call MetricRegistries.global().addReportRegistration(...) before.
2019-11-17 11:14:10,853 [pool-529-thread-1] INFO  server.RaftServerConfigKeys (ConfUtils.java:logGet(43)) - raft.server.log.preallocated.size = 16384 (custom)
2019-11-17 11:14:10,854 [pool-519-thread-1] WARN  impl.MetricRegistriesImpl (MetricRegistriesImpl.java:lambda$create$1(61)) - First MetricRegistry has been created without registering reporters. You may need to call MetricRegistries.global().addReportRegistration(...) before.
2019-11-17 11:14:10,853 [pool-509-thread-1] INFO  server.RaftServerConfigKeys (ConfUtils.java:logGet(43)) - raft.server.log.write.buffer.size = 33554432 (custom)
2019-11-17 11:14:10,854 [pool-519-thread-1] INFO  impl.RaftServerImpl (RaftServerImpl.java:start(184)) - eab723bb-0aff-418b-9bd7-1333118797a2@group-F68C65ADDFE2: start as a follower, conf=-1: [4c46855d-d979-4113-9d53-291bcfa92579:192.168.34.35:41089, 3d268c2e-02d6-42d5-8f0a-acb046ab2083:192.168.34.35:41075, eab723bb-0aff-418b-9bd7-1333118797a2:192.168.34.35:46301], old=null
2019-11-17 11:14:10,854 [pool-529-thread-1] INFO  server.RaftServerConfigKeys (ConfUtils.java:logGet(43)) - raft.server.log.write.buffer.size = 33554432 (custom)
2019-11-17 11:14:10,854 [pool-519-thread-1] INFO  impl.RaftServerImpl (RaftServerImpl.java:setRole(173)) - eab723bb-0aff-418b-9bd7-1333118797a2@group-F68C65ADDFE2: changes role from      null to FOLLOWER at term 0 for startAsFollower
2019-11-17 11:14:10,854 [pool-509-thread-1] INFO  server.RaftServerConfigKeys (ConfUtils.java:logGet(43)) - raft.server.log.force.sync.num = 128 (default)
2019-11-17 11:14:10,854 [pool-519-thread-1] INFO  impl.RoleInfo (RoleInfo.java:updateAndGet(143)) - eab723bb-0aff-418b-9bd7-1333118797a2: start FollowerState
2019-11-17 11:14:10,854 [pool-529-thread-1] INFO  server.RaftServerConfigKeys (ConfUtils.java:logGet(43)) - raft.server.log.force.sync.num = 128 (default)
2019-11-17 11:14:10,854 [pool-509-thread-1] INFO  server.RaftServerConfigKeys (ConfUtils.java:logGet(43)) - raft.server.log.statemachine.data.sync = true (default)
2019-11-17 11:14:10,855 [pool-529-thread-1] INFO  server.RaftServerConfigKeys (ConfUtils.java:logGet(43)) - raft.server.log.statemachine.data.sync = true (default)
2019-11-17 11:14:10,855 [pool-509-thread-1] INFO  server.RaftServerConfigKeys (ConfUtils.java:logGet(43)) - raft.server.log.statemachine.data.sync.timeout = 10s (default)
2019-11-17 11:14:10,855 [pool-519-thread-1] INFO  util.JmxRegister (JmxRegister.java:tryRegister(44)) - Successfully registered JMX Bean with object name Ratis:service=RaftServer,group=group-F68C65ADDFE2,id=eab723bb-0aff-418b-9bd7-1333118797a2
2019-11-17 11:14:10,855 [pool-509-thread-1] INFO  server.RaftServerConfigKeys (ConfUtils.java:logGet(43)) - raft.server.log.statemachine.data.sync.timeout.retry = -1 (default)
2019-11-17 11:14:10,855 [pool-529-thread-1] INFO  server.RaftServerConfigKeys (ConfUtils.java:logGet(43)) - raft.server.log.statemachine.data.sync.timeout = 10s (default)
2019-11-17 11:14:10,855 [pool-509-thread-1] INFO  server.RaftServerConfigKeys (ConfUtils.java:logGet(43)) - raft.server.log.statemachine.data.caching.enabled = true (custom)
2019-11-17 11:14:10,855 [pool-519-thread-1] WARN  impl.MetricRegistriesImpl (MetricRegistriesImpl.java:lambda$create$1(61)) - First MetricRegistry has been created without registering reporters. You may need to call MetricRegistries.global().addReportRegistration(...) before.
2019-11-17 11:14:10,856 [pool-509-thread-1] INFO  segmented.SegmentedRaftLogWorker (SegmentedRaftLogWorker.java:lambda$new$0(128)) - 3d268c2e-02d6-42d5-8f0a-acb046ab2083@group-F68C65ADDFE2-SegmentedRaftLogWorker: flushIndex: setUnconditionally 0 -> -1
2019-11-17 11:14:10,855 [pool-529-thread-1] INFO  server.RaftServerConfigKeys (ConfUtils.java:logGet(43)) - raft.server.log.statemachine.data.sync.timeout.retry = -1 (default)
2019-11-17 11:14:10,856 [pool-509-thread-1] INFO  server.RaftServerConfigKeys (ConfUtils.java:logGet(43)) - raft.server.snapshot.auto.trigger.enabled = true (custom)
2019-11-17 11:14:10,856 [pool-529-thread-1] INFO  server.RaftServerConfigKeys (ConfUtils.java:logGet(43)) - raft.server.log.statemachine.data.caching.enabled = true (custom)
2019-11-17 11:14:10,856 [pool-509-thread-1] INFO  server.RaftServerConfigKeys (ConfUtils.java:logGet(43)) - raft.server.snapshot.auto.trigger.threshold = 10000 (custom)
2019-11-17 11:14:10,857 [pool-509-thread-1] INFO  server.RaftServerConfigKeys (ConfUtils.java:logGet(43)) - raft.server.snapshot.retention.file.num = 5 (custom)
2019-11-17 11:14:10,857 [pool-529-thread-1] INFO  segmented.SegmentedRaftLogWorker (SegmentedRaftLogWorker.java:lambda$new$0(128)) - 4c46855d-d979-4113-9d53-291bcfa92579@group-F68C65ADDFE2-SegmentedRaftLogWorker: flushIndex: setUnconditionally 0 -> -1
2019-11-17 11:14:10,857 [pool-509-thread-1] INFO  server.RaftServerConfigKeys (ConfUtils.java:logGet(43)) - raft.server.retrycache.expirytime = 600000ms (custom)
2019-11-17 11:14:10,857 [pool-509-thread-1] WARN  impl.MetricRegistriesImpl (MetricRegistriesImpl.java:lambda$create$1(61)) - First MetricRegistry has been created without registering reporters. You may need to call MetricRegistries.global().addReportRegistration(...) before.
2019-11-17 11:14:10,857 [pool-529-thread-1] INFO  server.RaftServerConfigKeys (ConfUtils.java:logGet(43)) - raft.server.snapshot.auto.trigger.enabled = true (custom)
2019-11-17 11:14:10,857 [pool-509-thread-1] WARN  impl.MetricRegistriesImpl (MetricRegistriesImpl.java:lambda$create$1(61)) - First MetricRegistry has been created without registering reporters. You may need to call MetricRegistries.global().addReportRegistration(...) before.
2019-11-17 11:14:10,857 [pool-529-thread-1] INFO  server.RaftServerConfigKeys (ConfUtils.java:logGet(43)) - raft.server.snapshot.auto.trigger.threshold = 10000 (custom)
2019-11-17 11:14:10,858 [pool-529-thread-1] INFO  server.RaftServerConfigKeys (ConfUtils.java:logGet(43)) - raft.server.snapshot.retention.file.num = 5 (custom)
2019-11-17 11:14:10,858 [pool-509-thread-1] INFO  impl.RaftServerImpl (RaftServerImpl.java:start(184)) - 3d268c2e-02d6-42d5-8f0a-acb046ab2083@group-F68C65ADDFE2: start as a follower, conf=-1: [4c46855d-d979-4113-9d53-291bcfa92579:192.168.34.35:41089, 3d268c2e-02d6-42d5-8f0a-acb046ab2083:192.168.34.35:41075, eab723bb-0aff-418b-9bd7-1333118797a2:192.168.34.35:46301], old=null
2019-11-17 11:14:10,858 [pool-529-thread-1] INFO  server.RaftServerConfigKeys (ConfUtils.java:logGet(43)) - raft.server.retrycache.expirytime = 600000ms (custom)
2019-11-17 11:14:10,858 [pool-509-thread-1] INFO  impl.RaftServerImpl (RaftServerImpl.java:setRole(173)) - 3d268c2e-02d6-42d5-8f0a-acb046ab2083@group-F68C65ADDFE2: changes role from      null to FOLLOWER at term 0 for startAsFollower
2019-11-17 11:14:10,858 [pool-529-thread-1] WARN  impl.MetricRegistriesImpl (MetricRegistriesImpl.java:lambda$create$1(61)) - First MetricRegistry has been created without registering reporters. You may need to call MetricRegistries.global().addReportRegistration(...) before.
2019-11-17 11:14:10,858 [pool-509-thread-1] INFO  impl.RoleInfo (RoleInfo.java:updateAndGet(143)) - 3d268c2e-02d6-42d5-8f0a-acb046ab2083: start FollowerState
2019-11-17 11:14:10,858 [pool-529-thread-1] WARN  impl.MetricRegistriesImpl (MetricRegistriesImpl.java:lambda$create$1(61)) - First MetricRegistry has been created without registering reporters. You may need to call MetricRegistries.global().addReportRegistration(...) before.
2019-11-17 11:14:10,858 [pool-529-thread-1] INFO  impl.RaftServerImpl (RaftServerImpl.java:start(184)) - 4c46855d-d979-4113-9d53-291bcfa92579@group-F68C65ADDFE2: start as a follower, conf=-1: [4c46855d-d979-4113-9d53-291bcfa92579:192.168.34.35:41089, 3d268c2e-02d6-42d5-8f0a-acb046ab2083:192.168.34.35:41075, eab723bb-0aff-418b-9bd7-1333118797a2:192.168.34.35:46301], old=null
2019-11-17 11:14:10,858 [pool-509-thread-1] INFO  util.JmxRegister (JmxRegister.java:tryRegister(44)) - Successfully registered JMX Bean with object name Ratis:service=RaftServer,group=group-F68C65ADDFE2,id=3d268c2e-02d6-42d5-8f0a-acb046ab2083
2019-11-17 11:14:10,859 [pool-529-thread-1] INFO  impl.RaftServerImpl (RaftServerImpl.java:setRole(173)) - 4c46855d-d979-4113-9d53-291bcfa92579@group-F68C65ADDFE2: changes role from      null to FOLLOWER at term 0 for startAsFollower
2019-11-17 11:14:10,859 [pool-509-thread-1] WARN  impl.MetricRegistriesImpl (MetricRegistriesImpl.java:lambda$create$1(61)) - First MetricRegistry has been created without registering reporters. You may need to call MetricRegistries.global().addReportRegistration(...) before.
2019-11-17 11:14:10,859 [pool-529-thread-1] INFO  impl.RoleInfo (RoleInfo.java:updateAndGet(143)) - 4c46855d-d979-4113-9d53-291bcfa92579: start FollowerState
2019-11-17 11:14:10,859 [pool-529-thread-1] INFO  util.JmxRegister (JmxRegister.java:tryRegister(44)) - Successfully registered JMX Bean with object name Ratis:service=RaftServer,group=group-F68C65ADDFE2,id=4c46855d-d979-4113-9d53-291bcfa92579
2019-11-17 11:14:10,860 [pool-529-thread-1] WARN  impl.MetricRegistriesImpl (MetricRegistriesImpl.java:lambda$create$1(61)) - First MetricRegistry has been created without registering reporters. You may need to call MetricRegistries.global().addReportRegistration(...) before.
2019-11-17 11:14:10,862 [RatisPipelineUtilsThread] INFO  pipeline.PipelineStateManager (PipelineStateManager.java:addPipeline(55)) - Created pipeline Pipeline[ Id: ffbcf14a-afd4-4d95-abac-f68c65addfe2, Nodes: 3d268c2e-02d6-42d5-8f0a-acb046ab2083{ip: 192.168.34.35, host: pr-hdds-2291-5997d-4279494527, networkLocation: /rack1, certSerialId: null}eab723bb-0aff-418b-9bd7-1333118797a2{ip: 192.168.34.35, host: pr-hdds-2291-5997d-4279494527, networkLocation: /rack1, certSerialId: null}4c46855d-d979-4113-9d53-291bcfa92579{ip: 192.168.34.35, host: pr-hdds-2291-5997d-4279494527, networkLocation: /rack1, certSerialId: null}, Type:RATIS, Factor:THREE, State:ALLOCATED]
2019-11-17 11:14:10,870 [grpc-default-executor-6] INFO  impl.RaftServerProxy (RaftServerProxy.java:addNew(89)) - add0c2af-eaab-406f-a894-445c5362ddef: addNew group-271C4B30301A:[add0c2af-eaab-406f-a894-445c5362ddef:192.168.34.35:42526] returns group-271C4B30301A:java.util.concurrent.CompletableFuture@557a96b6[Not completed]
2019-11-17 11:14:10,871 [pool-539-thread-1] INFO  impl.RaftServerImpl (RaftServerImpl.java:<init>(98)) - add0c2af-eaab-406f-a894-445c5362ddef: new RaftServerImpl for group-271C4B30301A:[add0c2af-eaab-406f-a894-445c5362ddef:192.168.34.35:42526] with ContainerStateMachine:uninitialized
2019-11-17 11:14:10,871 [pool-539-thread-1] INFO  server.RaftServerConfigKeys (ConfUtils.java:logGet(43)) - raft.server.rpc.timeout.min = 1s (custom)
2019-11-17 11:14:10,871 [pool-539-thread-1] INFO  server.RaftServerConfigKeys (ConfUtils.java:logGet(43)) - raft.server.rpc.timeout.max = 1200ms (custom)
2019-11-17 11:14:10,872 [pool-539-thread-1] INFO  server.RaftServerConfigKeys (ConfUtils.java:logGet(43)) - raft.server.rpcslowness.timeout = 120s (custom)
2019-11-17 11:14:10,872 [pool-539-thread-1] INFO  server.RaftServerConfigKeys (ConfUtils.java:logGet(43)) - raft.server.sleep.deviation.threshold = 300 (default)
2019-11-17 11:14:10,872 [pool-539-thread-1] INFO  server.RaftServerConfigKeys (ConfUtils.java:logGet(43)) - raft.server.log.appender.install.snapshot.enabled = false (custom)
2019-11-17 11:14:10,872 [pool-539-thread-1] INFO  impl.RaftServerImpl (ServerState.java:<init>(103)) - add0c2af-eaab-406f-a894-445c5362ddef@group-271C4B30301A: ConfigurationManager, init=-1: [add0c2af-eaab-406f-a894-445c5362ddef:192.168.34.35:42526], old=null, confs=<EMPTY_MAP>
2019-11-17 11:14:10,872 [pool-539-thread-1] INFO  server.RaftServerConfigKeys (ConfUtils.java:logGet(43)) - raft.server.storage.dir = [/workdir/hadoop-ozone/integration-test/target/test-dir/MiniOzoneClusterImpl-d61a8e55-6b1b-4302-a8ca-331e331e4b67/datanode-3/data/ratis] (custom)
2019-11-17 11:14:10,872 [pool-539-thread-1] INFO  server.RaftServerConfigKeys (ConfUtils.java:logGet(43)) - raft.server.log.corruption.policy = EXCEPTION (default)
2019-11-17 11:14:10,873 [pool-539-thread-1] INFO  storage.RaftStorageDirectory (RaftStorageDirectory.java:analyzeStorage(246)) - The storage directory /workdir/hadoop-ozone/integration-test/target/test-dir/MiniOzoneClusterImpl-d61a8e55-6b1b-4302-a8ca-331e331e4b67/datanode-3/data/ratis/bdda95d7-4a13-4c4e-83ad-271c4b30301a does not exist. Creating ...
2019-11-17 11:14:10,876 [pool-539-thread-1] INFO  storage.RaftStorageDirectory (RaftStorageDirectory.java:tryLock(328)) - Lock on /workdir/hadoop-ozone/integration-test/target/test-dir/MiniOzoneClusterImpl-d61a8e55-6b1b-4302-a8ca-331e331e4b67/datanode-3/data/ratis/bdda95d7-4a13-4c4e-83ad-271c4b30301a/in_use.lock acquired by nodename 20606@pr-hdds-2291-5997d-4279494527
2019-11-17 11:14:10,880 [pool-539-thread-1] INFO  storage.RaftStorage (RaftStorage.java:format(84)) - Storage directory /workdir/hadoop-ozone/integration-test/target/test-dir/MiniOzoneClusterImpl-d61a8e55-6b1b-4302-a8ca-331e331e4b67/datanode-3/data/ratis/bdda95d7-4a13-4c4e-83ad-271c4b30301a has been successfully formatted.
2019-11-17 11:14:10,880 [pool-539-thread-1] INFO  ratis.ContainerStateMachine (ContainerStateMachine.java:loadSnapshot(223)) - group-271C4B30301A: The snapshot info is null. Setting the last applied indexto:(t:0, i:~)
2019-11-17 11:14:10,880 [pool-539-thread-1] INFO  server.RaftServerConfigKeys (ConfUtils.java:logGet(43)) - raft.server.notification.no-leader.timeout = 120s (custom)
2019-11-17 11:14:10,880 [pool-539-thread-1] INFO  server.RaftServerConfigKeys (ConfUtils.java:logGet(43)) - raft.server.log.use.memory = false (default)
2019-11-17 11:14:10,880 [pool-539-thread-1] INFO  server.RaftServerConfigKeys (ConfUtils.java:logGet(43)) - raft.server.log.purge.gap = 1000000 (custom)
2019-11-17 11:14:10,880 [pool-539-thread-1] INFO  server.RaftServerConfigKeys (ConfUtils.java:logGet(43)) - raft.server.log.appender.buffer.byte-limit = 33554432 (custom)
2019-11-17 11:14:10,881 [pool-539-thread-1] INFO  server.RaftServerConfigKeys (ConfUtils.java:logGet(43)) - raft.server.log.segment.size.max = 1048576 (custom)
2019-11-17 11:14:10,881 [pool-539-thread-1] WARN  impl.MetricRegistriesImpl (MetricRegistriesImpl.java:lambda$create$1(61)) - First MetricRegistry has been created without registering reporters. You may need to call MetricRegistries.global().addReportRegistration(...) before.
2019-11-17 11:14:10,881 [pool-539-thread-1] INFO  server.RaftServerConfigKeys (ConfUtils.java:logGet(43)) - raft.server.log.segment.cache.num.max = 2 (custom)
2019-11-17 11:14:10,881 [pool-539-thread-1] INFO  segmented.SegmentedRaftLogWorker (SegmentedRaftLogWorker.java:<init>(173)) - new add0c2af-eaab-406f-a894-445c5362ddef@group-271C4B30301A-SegmentedRaftLogWorker for RaftStorage:Storage Directory /workdir/hadoop-ozone/integration-test/target/test-dir/MiniOzoneClusterImpl-d61a8e55-6b1b-4302-a8ca-331e331e4b67/datanode-3/data/ratis/bdda95d7-4a13-4c4e-83ad-271c4b30301a
2019-11-17 11:14:10,881 [pool-539-thread-1] INFO  server.RaftServerConfigKeys (ConfUtils.java:logGet(43)) - raft.server.log.queue.byte-limit = 2147483647 (custom)
2019-11-17 11:14:10,881 [pool-539-thread-1] INFO  server.RaftServerConfigKeys (ConfUtils.java:logGet(43)) - raft.server.log.queue.element-limit = 1024 (custom)
2019-11-17 11:14:10,881 [pool-539-thread-1] INFO  server.RaftServerConfigKeys (ConfUtils.java:logGet(43)) - raft.server.log.segment.size.max = 1048576 (custom)
2019-11-17 11:14:10,881 [pool-539-thread-1] INFO  server.RaftServerConfigKeys (ConfUtils.java:logGet(43)) - raft.server.log.preallocated.size = 16384 (custom)
2019-11-17 11:14:10,881 [pool-539-thread-1] INFO  server.RaftServerConfigKeys (ConfUtils.java:logGet(43)) - raft.server.log.write.buffer.size = 33554432 (custom)
2019-11-17 11:14:10,882 [pool-539-thread-1] INFO  server.RaftServerConfigKeys (ConfUtils.java:logGet(43)) - raft.server.log.force.sync.num = 128 (default)
2019-11-17 11:14:10,882 [pool-539-thread-1] INFO  server.RaftServerConfigKeys (ConfUtils.java:logGet(43)) - raft.server.log.statemachine.data.sync = true (default)
2019-11-17 11:14:10,882 [pool-539-thread-1] INFO  server.RaftServerConfigKeys (ConfUtils.java:logGet(43)) - raft.server.log.statemachine.data.sync.timeout = 10s (default)
2019-11-17 11:14:10,882 [pool-539-thread-1] INFO  server.RaftServerConfigKeys (ConfUtils.java:logGet(43)) - raft.server.log.statemachine.data.sync.timeout.retry = -1 (default)
2019-11-17 11:14:10,882 [pool-539-thread-1] INFO  server.RaftServerConfigKeys (ConfUtils.java:logGet(43)) - raft.server.log.statemachine.data.caching.enabled = true (custom)
2019-11-17 11:14:10,882 [pool-539-thread-1] INFO  segmented.SegmentedRaftLogWorker (SegmentedRaftLogWorker.java:lambda$new$0(128)) - add0c2af-eaab-406f-a894-445c5362ddef@group-271C4B30301A-SegmentedRaftLogWorker: flushIndex: setUnconditionally 0 -> -1
2019-11-17 11:14:10,883 [pool-539-thread-1] INFO  server.RaftServerConfigKeys (ConfUtils.java:logGet(43)) - raft.server.snapshot.auto.trigger.enabled = true (custom)
2019-11-17 11:14:10,883 [pool-539-thread-1] INFO  server.RaftServerConfigKeys (ConfUtils.java:logGet(43)) - raft.server.snapshot.auto.trigger.threshold = 10000 (custom)
2019-11-17 11:14:10,883 [pool-539-thread-1] INFO  server.RaftServerConfigKeys (ConfUtils.java:logGet(43)) - raft.server.snapshot.retention.file.num = 5 (custom)
2019-11-17 11:14:10,883 [pool-539-thread-1] INFO  server.RaftServerConfigKeys (ConfUtils.java:logGet(43)) - raft.server.retrycache.expirytime = 600000ms (custom)
2019-11-17 11:14:10,883 [pool-539-thread-1] WARN  impl.MetricRegistriesImpl (MetricRegistriesImpl.java:lambda$create$1(61)) - First MetricRegistry has been created without registering reporters. You may need to call MetricRegistries.global().addReportRegistration(...) before.
2019-11-17 11:14:10,883 [pool-539-thread-1] WARN  impl.MetricRegistriesImpl (MetricRegistriesImpl.java:lambda$create$1(61)) - First MetricRegistry has been created without registering reporters. You may need to call MetricRegistries.global().addReportRegistration(...) before.
2019-11-17 11:14:10,884 [pool-539-thread-1] INFO  impl.RaftServerImpl (RaftServerImpl.java:start(184)) - add0c2af-eaab-406f-a894-445c5362ddef@group-271C4B30301A: start as a follower, conf=-1: [add0c2af-eaab-406f-a894-445c5362ddef:192.168.34.35:42526], old=null
2019-11-17 11:14:10,884 [pool-539-thread-1] INFO  impl.RaftServerImpl (RaftServerImpl.java:setRole(173)) - add0c2af-eaab-406f-a894-445c5362ddef@group-271C4B30301A: changes role from      null to FOLLOWER at term 0 for startAsFollower
2019-11-17 11:14:10,884 [pool-539-thread-1] INFO  impl.RoleInfo (RoleInfo.java:updateAndGet(143)) - add0c2af-eaab-406f-a894-445c5362ddef: start FollowerState
2019-11-17 11:14:10,884 [pool-539-thread-1] INFO  util.JmxRegister (JmxRegister.java:tryRegister(44)) - Successfully registered JMX Bean with object name Ratis:service=RaftServer,group=group-271C4B30301A,id=add0c2af-eaab-406f-a894-445c5362ddef
2019-11-17 11:14:10,884 [pool-539-thread-1] WARN  impl.MetricRegistriesImpl (MetricRegistriesImpl.java:lambda$create$1(61)) - First MetricRegistry has been created without registering reporters. You may need to call MetricRegistries.global().addReportRegistration(...) before.
2019-11-17 11:14:10,886 [RatisPipelineUtilsThread] INFO  pipeline.PipelineStateManager (PipelineStateManager.java:addPipeline(55)) - Created pipeline Pipeline[ Id: bdda95d7-4a13-4c4e-83ad-271c4b30301a, Nodes: add0c2af-eaab-406f-a894-445c5362ddef{ip: 192.168.34.35, host: pr-hdds-2291-5997d-4279494527, networkLocation: /rack1, certSerialId: null}, Type:RATIS, Factor:ONE, State:ALLOCATED]
2019-11-17 11:14:10,896 [IPC Server handler 3 on 37460] INFO  net.NetworkTopology (NetworkTopologyImpl.java:add(111)) - Added a new node: /rack1/2e7e8ab2-b4fc-48ff-a5a7-73886d1441d9
2019-11-17 11:14:10,896 [IPC Server handler 3 on 37460] INFO  node.SCMNodeManager (SCMNodeManager.java:register(267)) - Registered Data node : 2e7e8ab2-b4fc-48ff-a5a7-73886d1441d9{ip: 192.168.34.35, host: pr-hdds-2291-5997d-4279494527, networkLocation: /rack1, certSerialId: null}
2019-11-17 11:14:10,902 [grpc-default-executor-6] INFO  impl.RaftServerProxy (RaftServerProxy.java:addNew(89)) - 2e7e8ab2-b4fc-48ff-a5a7-73886d1441d9: addNew group-83F463EC1404:[2e7e8ab2-b4fc-48ff-a5a7-73886d1441d9:192.168.34.35:39716] returns group-83F463EC1404:java.util.concurrent.CompletableFuture@54053f18[Not completed]
2019-11-17 11:14:10,903 [pool-549-thread-1] INFO  impl.RaftServerImpl (RaftServerImpl.java:<init>(98)) - 2e7e8ab2-b4fc-48ff-a5a7-73886d1441d9: new RaftServerImpl for group-83F463EC1404:[2e7e8ab2-b4fc-48ff-a5a7-73886d1441d9:192.168.34.35:39716] with ContainerStateMachine:uninitialized
2019-11-17 11:14:10,903 [pool-549-thread-1] INFO  server.RaftServerConfigKeys (ConfUtils.java:logGet(43)) - raft.server.rpc.timeout.min = 1s (custom)
2019-11-17 11:14:10,903 [pool-549-thread-1] INFO  server.RaftServerConfigKeys (ConfUtils.java:logGet(43)) - raft.server.rpc.timeout.max = 1200ms (custom)
2019-11-17 11:14:10,903 [pool-549-thread-1] INFO  server.RaftServerConfigKeys (ConfUtils.java:logGet(43)) - raft.server.rpcslowness.timeout = 120s (custom)
2019-11-17 11:14:10,903 [pool-549-thread-1] INFO  server.RaftServerConfigKeys (ConfUtils.java:logGet(43)) - raft.server.sleep.deviation.threshold = 300 (default)
2019-11-17 11:14:10,903 [pool-549-thread-1] INFO  server.RaftServerConfigKeys (ConfUtils.java:logGet(43)) - raft.server.log.appender.install.snapshot.enabled = false (custom)
2019-11-17 11:14:10,903 [pool-549-thread-1] INFO  impl.RaftServerImpl (ServerState.java:<init>(103)) - 2e7e8ab2-b4fc-48ff-a5a7-73886d1441d9@group-83F463EC1404: ConfigurationManager, init=-1: [2e7e8ab2-b4fc-48ff-a5a7-73886d1441d9:192.168.34.35:39716], old=null, confs=<EMPTY_MAP>
2019-11-17 11:14:10,903 [pool-549-thread-1] INFO  server.RaftServerConfigKeys (ConfUtils.java:logGet(43)) - raft.server.storage.dir = [/workdir/hadoop-ozone/integration-test/target/test-dir/MiniOzoneClusterImpl-d61a8e55-6b1b-4302-a8ca-331e331e4b67/datanode-4/data/ratis] (custom)
2019-11-17 11:14:10,904 [pool-549-thread-1] INFO  server.RaftServerConfigKeys (ConfUtils.java:logGet(43)) - raft.server.log.corruption.policy = EXCEPTION (default)
2019-11-17 11:14:10,904 [pool-549-thread-1] INFO  storage.RaftStorageDirectory (RaftStorageDirectory.java:analyzeStorage(246)) - The storage directory /workdir/hadoop-ozone/integration-test/target/test-dir/MiniOzoneClusterImpl-d61a8e55-6b1b-4302-a8ca-331e331e4b67/datanode-4/data/ratis/ad7c213b-e90c-4e0d-b6e1-83f463ec1404 does not exist. Creating ...
2019-11-17 11:14:10,907 [pool-549-thread-1] INFO  storage.RaftStorageDirectory (RaftStorageDirectory.java:tryLock(328)) - Lock on /workdir/hadoop-ozone/integration-test/target/test-dir/MiniOzoneClusterImpl-d61a8e55-6b1b-4302-a8ca-331e331e4b67/datanode-4/data/ratis/ad7c213b-e90c-4e0d-b6e1-83f463ec1404/in_use.lock acquired by nodename 20606@pr-hdds-2291-5997d-4279494527
2019-11-17 11:14:10,910 [pool-549-thread-1] INFO  storage.RaftStorage (RaftStorage.java:format(84)) - Storage directory /workdir/hadoop-ozone/integration-test/target/test-dir/MiniOzoneClusterImpl-d61a8e55-6b1b-4302-a8ca-331e331e4b67/datanode-4/data/ratis/ad7c213b-e90c-4e0d-b6e1-83f463ec1404 has been successfully formatted.
2019-11-17 11:14:10,911 [pool-549-thread-1] INFO  ratis.ContainerStateMachine (ContainerStateMachine.java:loadSnapshot(223)) - group-83F463EC1404: The snapshot info is null. Setting the last applied indexto:(t:0, i:~)
2019-11-17 11:14:10,911 [pool-549-thread-1] INFO  server.RaftServerConfigKeys (ConfUtils.java:logGet(43)) - raft.server.notification.no-leader.timeout = 120s (custom)
2019-11-17 11:14:10,911 [pool-549-thread-1] INFO  server.RaftServerConfigKeys (ConfUtils.java:logGet(43)) - raft.server.log.use.memory = false (default)
2019-11-17 11:14:10,911 [pool-549-thread-1] INFO  server.RaftServerConfigKeys (ConfUtils.java:logGet(43)) - raft.server.log.purge.gap = 1000000 (custom)
2019-11-17 11:14:10,911 [pool-549-thread-1] INFO  server.RaftServerConfigKeys (ConfUtils.java:logGet(43)) - raft.server.log.appender.buffer.byte-limit = 33554432 (custom)
2019-11-17 11:14:10,911 [pool-549-thread-1] INFO  server.RaftServerConfigKeys (ConfUtils.java:logGet(43)) - raft.server.log.segment.size.max = 1048576 (custom)
2019-11-17 11:14:10,911 [pool-549-thread-1] WARN  impl.MetricRegistriesImpl (MetricRegistriesImpl.java:lambda$create$1(61)) - First MetricRegistry has been created without registering reporters. You may need to call MetricRegistries.global().addReportRegistration(...) before.
2019-11-17 11:14:10,911 [pool-549-thread-1] INFO  server.RaftServerConfigKeys (ConfUtils.java:logGet(43)) - raft.server.log.segment.cache.num.max = 2 (custom)
2019-11-17 11:14:10,911 [pool-549-thread-1] INFO  segmented.SegmentedRaftLogWorker (SegmentedRaftLogWorker.java:<init>(173)) - new 2e7e8ab2-b4fc-48ff-a5a7-73886d1441d9@group-83F463EC1404-SegmentedRaftLogWorker for RaftStorage:Storage Directory /workdir/hadoop-ozone/integration-test/target/test-dir/MiniOzoneClusterImpl-d61a8e55-6b1b-4302-a8ca-331e331e4b67/datanode-4/data/ratis/ad7c213b-e90c-4e0d-b6e1-83f463ec1404
2019-11-17 11:14:10,912 [pool-549-thread-1] INFO  server.RaftServerConfigKeys (ConfUtils.java:logGet(43)) - raft.server.log.queue.byte-limit = 2147483647 (custom)
2019-11-17 11:14:10,912 [pool-549-thread-1] INFO  server.RaftServerConfigKeys (ConfUtils.java:logGet(43)) - raft.server.log.queue.element-limit = 1024 (custom)
2019-11-17 11:14:10,912 [pool-549-thread-1] INFO  server.RaftServerConfigKeys (ConfUtils.java:logGet(43)) - raft.server.log.segment.size.max = 1048576 (custom)
2019-11-17 11:14:10,912 [pool-549-thread-1] INFO  server.RaftServerConfigKeys (ConfUtils.java:logGet(43)) - raft.server.log.preallocated.size = 16384 (custom)
2019-11-17 11:14:10,912 [pool-549-thread-1] INFO  server.RaftServerConfigKeys (ConfUtils.java:logGet(43)) - raft.server.log.write.buffer.size = 33554432 (custom)
2019-11-17 11:14:10,912 [pool-549-thread-1] INFO  server.RaftServerConfigKeys (ConfUtils.java:logGet(43)) - raft.server.log.force.sync.num = 128 (default)
2019-11-17 11:14:10,912 [pool-549-thread-1] INFO  server.RaftServerConfigKeys (ConfUtils.java:logGet(43)) - raft.server.log.statemachine.data.sync = true (default)
2019-11-17 11:14:10,912 [pool-549-thread-1] INFO  server.RaftServerConfigKeys (ConfUtils.java:logGet(43)) - raft.server.log.statemachine.data.sync.timeout = 10s (default)
2019-11-17 11:14:10,912 [pool-549-thread-1] INFO  server.RaftServerConfigKeys (ConfUtils.java:logGet(43)) - raft.server.log.statemachine.data.sync.timeout.retry = -1 (default)
2019-11-17 11:14:10,912 [pool-549-thread-1] INFO  server.RaftServerConfigKeys (ConfUtils.java:logGet(43)) - raft.server.log.statemachine.data.caching.enabled = true (custom)
2019-11-17 11:14:10,913 [pool-549-thread-1] INFO  segmented.SegmentedRaftLogWorker (SegmentedRaftLogWorker.java:lambda$new$0(128)) - 2e7e8ab2-b4fc-48ff-a5a7-73886d1441d9@group-83F463EC1404-SegmentedRaftLogWorker: flushIndex: setUnconditionally 0 -> -1
2019-11-17 11:14:10,913 [pool-549-thread-1] INFO  server.RaftServerConfigKeys (ConfUtils.java:logGet(43)) - raft.server.snapshot.auto.trigger.enabled = true (custom)
2019-11-17 11:14:10,913 [pool-549-thread-1] INFO  server.RaftServerConfigKeys (ConfUtils.java:logGet(43)) - raft.server.snapshot.auto.trigger.threshold = 10000 (custom)
2019-11-17 11:14:10,913 [pool-549-thread-1] INFO  server.RaftServerConfigKeys (ConfUtils.java:logGet(43)) - raft.server.snapshot.retention.file.num = 5 (custom)
2019-11-17 11:14:10,913 [pool-549-thread-1] INFO  server.RaftServerConfigKeys (ConfUtils.java:logGet(43)) - raft.server.retrycache.expirytime = 600000ms (custom)
2019-11-17 11:14:10,913 [pool-549-thread-1] WARN  impl.MetricRegistriesImpl (MetricRegistriesImpl.java:lambda$create$1(61)) - First MetricRegistry has been created without registering reporters. You may need to call MetricRegistries.global().addReportRegistration(...) before.
2019-11-17 11:14:10,914 [pool-549-thread-1] WARN  impl.MetricRegistriesImpl (MetricRegistriesImpl.java:lambda$create$1(61)) - First MetricRegistry has been created without registering reporters. You may need to call MetricRegistries.global().addReportRegistration(...) before.
2019-11-17 11:14:10,914 [pool-549-thread-1] INFO  impl.RaftServerImpl (RaftServerImpl.java:start(184)) - 2e7e8ab2-b4fc-48ff-a5a7-73886d1441d9@group-83F463EC1404: start as a follower, conf=-1: [2e7e8ab2-b4fc-48ff-a5a7-73886d1441d9:192.168.34.35:39716], old=null
2019-11-17 11:14:10,914 [pool-549-thread-1] INFO  impl.RaftServerImpl (RaftServerImpl.java:setRole(173)) - 2e7e8ab2-b4fc-48ff-a5a7-73886d1441d9@group-83F463EC1404: changes role from      null to FOLLOWER at term 0 for startAsFollower
2019-11-17 11:14:10,914 [pool-549-thread-1] INFO  impl.RoleInfo (RoleInfo.java:updateAndGet(143)) - 2e7e8ab2-b4fc-48ff-a5a7-73886d1441d9: start FollowerState
2019-11-17 11:14:10,914 [pool-549-thread-1] INFO  util.JmxRegister (JmxRegister.java:tryRegister(44)) - Successfully registered JMX Bean with object name Ratis:service=RaftServer,group=group-83F463EC1404,id=2e7e8ab2-b4fc-48ff-a5a7-73886d1441d9
2019-11-17 11:14:10,914 [pool-549-thread-1] WARN  impl.MetricRegistriesImpl (MetricRegistriesImpl.java:lambda$create$1(61)) - First MetricRegistry has been created without registering reporters. You may need to call MetricRegistries.global().addReportRegistration(...) before.
2019-11-17 11:14:10,917 [RatisPipelineUtilsThread] INFO  pipeline.PipelineStateManager (PipelineStateManager.java:addPipeline(55)) - Created pipeline Pipeline[ Id: ad7c213b-e90c-4e0d-b6e1-83f463ec1404, Nodes: 2e7e8ab2-b4fc-48ff-a5a7-73886d1441d9{ip: 192.168.34.35, host: pr-hdds-2291-5997d-4279494527, networkLocation: /rack1, certSerialId: null}, Type:RATIS, Factor:ONE, State:ALLOCATED]
2019-11-17 11:14:10,964 [IPC Server handler 2 on 37460] INFO  net.NetworkTopology (NetworkTopologyImpl.java:add(111)) - Added a new node: /rack1/c2458f73-2416-4c07-9882-0f9c7a0b27cc
2019-11-17 11:14:10,964 [IPC Server handler 2 on 37460] INFO  node.SCMNodeManager (SCMNodeManager.java:register(267)) - Registered Data node : c2458f73-2416-4c07-9882-0f9c7a0b27cc{ip: 192.168.34.35, host: pr-hdds-2291-5997d-4279494527, networkLocation: /rack1, certSerialId: null}
2019-11-17 11:14:10,972 [grpc-default-executor-6] INFO  impl.RaftServerProxy (RaftServerProxy.java:addNew(89)) - c2458f73-2416-4c07-9882-0f9c7a0b27cc: addNew group-6F9CDA275E3C:[c2458f73-2416-4c07-9882-0f9c7a0b27cc:192.168.34.35:41744] returns group-6F9CDA275E3C:java.util.concurrent.CompletableFuture@5dc06760[Not completed]
2019-11-17 11:14:10,973 [pool-559-thread-1] INFO  impl.RaftServerImpl (RaftServerImpl.java:<init>(98)) - c2458f73-2416-4c07-9882-0f9c7a0b27cc: new RaftServerImpl for group-6F9CDA275E3C:[c2458f73-2416-4c07-9882-0f9c7a0b27cc:192.168.34.35:41744] with ContainerStateMachine:uninitialized
2019-11-17 11:14:10,973 [pool-559-thread-1] INFO  server.RaftServerConfigKeys (ConfUtils.java:logGet(43)) - raft.server.rpc.timeout.min = 1s (custom)
2019-11-17 11:14:10,973 [pool-559-thread-1] INFO  server.RaftServerConfigKeys (ConfUtils.java:logGet(43)) - raft.server.rpc.timeout.max = 1200ms (custom)
2019-11-17 11:14:10,974 [pool-559-thread-1] INFO  server.RaftServerConfigKeys (ConfUtils.java:logGet(43)) - raft.server.rpcslowness.timeout = 120s (custom)
2019-11-17 11:14:10,974 [pool-559-thread-1] INFO  server.RaftServerConfigKeys (ConfUtils.java:logGet(43)) - raft.server.sleep.deviation.threshold = 300 (default)
2019-11-17 11:14:10,974 [pool-559-thread-1] INFO  server.RaftServerConfigKeys (ConfUtils.java:logGet(43)) - raft.server.log.appender.install.snapshot.enabled = false (custom)
2019-11-17 11:14:10,974 [pool-559-thread-1] INFO  impl.RaftServerImpl (ServerState.java:<init>(103)) - c2458f73-2416-4c07-9882-0f9c7a0b27cc@group-6F9CDA275E3C: ConfigurationManager, init=-1: [c2458f73-2416-4c07-9882-0f9c7a0b27cc:192.168.34.35:41744], old=null, confs=<EMPTY_MAP>
2019-11-17 11:14:10,974 [pool-559-thread-1] INFO  server.RaftServerConfigKeys (ConfUtils.java:logGet(43)) - raft.server.storage.dir = [/workdir/hadoop-ozone/integration-test/target/test-dir/MiniOzoneClusterImpl-d61a8e55-6b1b-4302-a8ca-331e331e4b67/datanode-5/data/ratis] (custom)
2019-11-17 11:14:10,974 [pool-559-thread-1] INFO  server.RaftServerConfigKeys (ConfUtils.java:logGet(43)) - raft.server.log.corruption.policy = EXCEPTION (default)
2019-11-17 11:14:10,975 [pool-559-thread-1] INFO  storage.RaftStorageDirectory (RaftStorageDirectory.java:analyzeStorage(246)) - The storage directory /workdir/hadoop-ozone/integration-test/target/test-dir/MiniOzoneClusterImpl-d61a8e55-6b1b-4302-a8ca-331e331e4b67/datanode-5/data/ratis/d8308c01-6256-4a4a-8d96-6f9cda275e3c does not exist. Creating ...
2019-11-17 11:14:10,984 [pool-559-thread-1] INFO  storage.RaftStorageDirectory (RaftStorageDirectory.java:tryLock(328)) - Lock on /workdir/hadoop-ozone/integration-test/target/test-dir/MiniOzoneClusterImpl-d61a8e55-6b1b-4302-a8ca-331e331e4b67/datanode-5/data/ratis/d8308c01-6256-4a4a-8d96-6f9cda275e3c/in_use.lock acquired by nodename 20606@pr-hdds-2291-5997d-4279494527
2019-11-17 11:14:10,997 [pool-559-thread-1] INFO  storage.RaftStorage (RaftStorage.java:format(84)) - Storage directory /workdir/hadoop-ozone/integration-test/target/test-dir/MiniOzoneClusterImpl-d61a8e55-6b1b-4302-a8ca-331e331e4b67/datanode-5/data/ratis/d8308c01-6256-4a4a-8d96-6f9cda275e3c has been successfully formatted.
2019-11-17 11:14:10,998 [pool-559-thread-1] INFO  ratis.ContainerStateMachine (ContainerStateMachine.java:loadSnapshot(223)) - group-6F9CDA275E3C: The snapshot info is null. Setting the last applied indexto:(t:0, i:~)
2019-11-17 11:14:10,998 [pool-559-thread-1] INFO  server.RaftServerConfigKeys (ConfUtils.java:logGet(43)) - raft.server.notification.no-leader.timeout = 120s (custom)
2019-11-17 11:14:10,998 [pool-559-thread-1] INFO  server.RaftServerConfigKeys (ConfUtils.java:logGet(43)) - raft.server.log.use.memory = false (default)
2019-11-17 11:14:10,998 [pool-559-thread-1] INFO  server.RaftServerConfigKeys (ConfUtils.java:logGet(43)) - raft.server.log.purge.gap = 1000000 (custom)
2019-11-17 11:14:10,999 [pool-559-thread-1] INFO  server.RaftServerConfigKeys (ConfUtils.java:logGet(43)) - raft.server.log.appender.buffer.byte-limit = 33554432 (custom)
2019-11-17 11:14:10,999 [pool-559-thread-1] INFO  server.RaftServerConfigKeys (ConfUtils.java:logGet(43)) - raft.server.log.segment.size.max = 1048576 (custom)
2019-11-17 11:14:10,999 [pool-559-thread-1] WARN  impl.MetricRegistriesImpl (MetricRegistriesImpl.java:lambda$create$1(61)) - First MetricRegistry has been created without registering reporters. You may need to call MetricRegistries.global().addReportRegistration(...) before.
2019-11-17 11:14:10,999 [pool-559-thread-1] INFO  server.RaftServerConfigKeys (ConfUtils.java:logGet(43)) - raft.server.log.segment.cache.num.max = 2 (custom)
2019-11-17 11:14:10,999 [pool-559-thread-1] INFO  segmented.SegmentedRaftLogWorker (SegmentedRaftLogWorker.java:<init>(173)) - new c2458f73-2416-4c07-9882-0f9c7a0b27cc@group-6F9CDA275E3C-SegmentedRaftLogWorker for RaftStorage:Storage Directory /workdir/hadoop-ozone/integration-test/target/test-dir/MiniOzoneClusterImpl-d61a8e55-6b1b-4302-a8ca-331e331e4b67/datanode-5/data/ratis/d8308c01-6256-4a4a-8d96-6f9cda275e3c
2019-11-17 11:14:11,000 [pool-559-thread-1] INFO  server.RaftServerConfigKeys (ConfUtils.java:logGet(43)) - raft.server.log.queue.byte-limit = 2147483647 (custom)
2019-11-17 11:14:11,000 [pool-559-thread-1] INFO  server.RaftServerConfigKeys (ConfUtils.java:logGet(43)) - raft.server.log.queue.element-limit = 1024 (custom)
2019-11-17 11:14:11,000 [pool-559-thread-1] INFO  server.RaftServerConfigKeys (ConfUtils.java:logGet(43)) - raft.server.log.segment.size.max = 1048576 (custom)
2019-11-17 11:14:11,000 [pool-559-thread-1] INFO  server.RaftServerConfigKeys (ConfUtils.java:logGet(43)) - raft.server.log.preallocated.size = 16384 (custom)
2019-11-17 11:14:11,000 [pool-559-thread-1] INFO  server.RaftServerConfigKeys (ConfUtils.java:logGet(43)) - raft.server.log.write.buffer.size = 33554432 (custom)
2019-11-17 11:14:11,000 [pool-559-thread-1] INFO  server.RaftServerConfigKeys (ConfUtils.java:logGet(43)) - raft.server.log.force.sync.num = 128 (default)
2019-11-17 11:14:11,001 [pool-559-thread-1] INFO  server.RaftServerConfigKeys (ConfUtils.java:logGet(43)) - raft.server.log.statemachine.data.sync = true (default)
2019-11-17 11:14:11,001 [pool-559-thread-1] INFO  server.RaftServerConfigKeys (ConfUtils.java:logGet(43)) - raft.server.log.statemachine.data.sync.timeout = 10s (default)
2019-11-17 11:14:11,001 [pool-559-thread-1] INFO  server.RaftServerConfigKeys (ConfUtils.java:logGet(43)) - raft.server.log.statemachine.data.sync.timeout.retry = -1 (default)
2019-11-17 11:14:11,001 [pool-559-thread-1] INFO  server.RaftServerConfigKeys (ConfUtils.java:logGet(43)) - raft.server.log.statemachine.data.caching.enabled = true (custom)
2019-11-17 11:14:11,001 [pool-559-thread-1] INFO  segmented.SegmentedRaftLogWorker (SegmentedRaftLogWorker.java:lambda$new$0(128)) - c2458f73-2416-4c07-9882-0f9c7a0b27cc@group-6F9CDA275E3C-SegmentedRaftLogWorker: flushIndex: setUnconditionally 0 -> -1
2019-11-17 11:14:11,002 [pool-559-thread-1] INFO  server.RaftServerConfigKeys (ConfUtils.java:logGet(43)) - raft.server.snapshot.auto.trigger.enabled = true (custom)
2019-11-17 11:14:11,002 [pool-559-thread-1] INFO  server.RaftServerConfigKeys (ConfUtils.java:logGet(43)) - raft.server.snapshot.auto.trigger.threshold = 10000 (custom)
2019-11-17 11:14:11,002 [pool-559-thread-1] INFO  server.RaftServerConfigKeys (ConfUtils.java:logGet(43)) - raft.server.snapshot.retention.file.num = 5 (custom)
2019-11-17 11:14:11,002 [pool-559-thread-1] INFO  server.RaftServerConfigKeys (ConfUtils.java:logGet(43)) - raft.server.retrycache.expirytime = 600000ms (custom)
2019-11-17 11:14:11,003 [pool-559-thread-1] WARN  impl.MetricRegistriesImpl (MetricRegistriesImpl.java:lambda$create$1(61)) - First MetricRegistry has been created without registering reporters. You may need to call MetricRegistries.global().addReportRegistration(...) before.
2019-11-17 11:14:11,003 [pool-559-thread-1] WARN  impl.MetricRegistriesImpl (MetricRegistriesImpl.java:lambda$create$1(61)) - First MetricRegistry has been created without registering reporters. You may need to call MetricRegistries.global().addReportRegistration(...) before.
2019-11-17 11:14:11,003 [pool-559-thread-1] INFO  impl.RaftServerImpl (RaftServerImpl.java:start(184)) - c2458f73-2416-4c07-9882-0f9c7a0b27cc@group-6F9CDA275E3C: start as a follower, conf=-1: [c2458f73-2416-4c07-9882-0f9c7a0b27cc:192.168.34.35:41744], old=null
2019-11-17 11:14:11,003 [pool-559-thread-1] INFO  impl.RaftServerImpl (RaftServerImpl.java:setRole(173)) - c2458f73-2416-4c07-9882-0f9c7a0b27cc@group-6F9CDA275E3C: changes role from      null to FOLLOWER at term 0 for startAsFollower
2019-11-17 11:14:11,003 [pool-559-thread-1] INFO  impl.RoleInfo (RoleInfo.java:updateAndGet(143)) - c2458f73-2416-4c07-9882-0f9c7a0b27cc: start FollowerState
2019-11-17 11:14:11,004 [pool-559-thread-1] INFO  util.JmxRegister (JmxRegister.java:tryRegister(44)) - Successfully registered JMX Bean with object name Ratis:service=RaftServer,group=group-6F9CDA275E3C,id=c2458f73-2416-4c07-9882-0f9c7a0b27cc
2019-11-17 11:14:11,004 [pool-559-thread-1] WARN  impl.MetricRegistriesImpl (MetricRegistriesImpl.java:lambda$create$1(61)) - First MetricRegistry has been created without registering reporters. You may need to call MetricRegistries.global().addReportRegistration(...) before.
2019-11-17 11:14:11,007 [RatisPipelineUtilsThread] INFO  pipeline.PipelineStateManager (PipelineStateManager.java:addPipeline(55)) - Created pipeline Pipeline[ Id: d8308c01-6256-4a4a-8d96-6f9cda275e3c, Nodes: c2458f73-2416-4c07-9882-0f9c7a0b27cc{ip: 192.168.34.35, host: pr-hdds-2291-5997d-4279494527, networkLocation: /rack1, certSerialId: null}, Type:RATIS, Factor:ONE, State:ALLOCATED]
2019-11-17 11:14:11,018 [grpc-default-executor-6] INFO  impl.RaftServerProxy (RaftServerProxy.java:addNew(89)) - 2e7e8ab2-b4fc-48ff-a5a7-73886d1441d9: addNew group-C13AEF1E4DF7:[add0c2af-eaab-406f-a894-445c5362ddef:192.168.34.35:42526, c2458f73-2416-4c07-9882-0f9c7a0b27cc:192.168.34.35:41744, 2e7e8ab2-b4fc-48ff-a5a7-73886d1441d9:192.168.34.35:39716] returns group-C13AEF1E4DF7:java.util.concurrent.CompletableFuture@2be05da3[Not completed]
2019-11-17 11:14:11,018 [grpc-default-executor-5] INFO  impl.RaftServerProxy (RaftServerProxy.java:addNew(89)) - c2458f73-2416-4c07-9882-0f9c7a0b27cc: addNew group-C13AEF1E4DF7:[add0c2af-eaab-406f-a894-445c5362ddef:192.168.34.35:42526, c2458f73-2416-4c07-9882-0f9c7a0b27cc:192.168.34.35:41744, 2e7e8ab2-b4fc-48ff-a5a7-73886d1441d9:192.168.34.35:39716] returns group-C13AEF1E4DF7:java.util.concurrent.CompletableFuture@1101583a[Not completed]
2019-11-17 11:14:11,018 [grpc-default-executor-9] INFO  impl.RaftServerProxy (RaftServerProxy.java:addNew(89)) - add0c2af-eaab-406f-a894-445c5362ddef: addNew group-C13AEF1E4DF7:[add0c2af-eaab-406f-a894-445c5362ddef:192.168.34.35:42526, c2458f73-2416-4c07-9882-0f9c7a0b27cc:192.168.34.35:41744, 2e7e8ab2-b4fc-48ff-a5a7-73886d1441d9:192.168.34.35:39716] returns group-C13AEF1E4DF7:java.util.concurrent.CompletableFuture@16388939[Not completed]
2019-11-17 11:14:11,020 [pool-539-thread-1] INFO  impl.RaftServerImpl (RaftServerImpl.java:<init>(98)) - add0c2af-eaab-406f-a894-445c5362ddef: new RaftServerImpl for group-C13AEF1E4DF7:[add0c2af-eaab-406f-a894-445c5362ddef:192.168.34.35:42526, c2458f73-2416-4c07-9882-0f9c7a0b27cc:192.168.34.35:41744, 2e7e8ab2-b4fc-48ff-a5a7-73886d1441d9:192.168.34.35:39716] with ContainerStateMachine:uninitialized
2019-11-17 11:14:11,020 [pool-539-thread-1] INFO  server.RaftServerConfigKeys (ConfUtils.java:logGet(43)) - raft.server.rpc.timeout.min = 1s (custom)
2019-11-17 11:14:11,020 [pool-539-thread-1] INFO  server.RaftServerConfigKeys (ConfUtils.java:logGet(43)) - raft.server.rpc.timeout.max = 1200ms (custom)
2019-11-17 11:14:11,020 [pool-539-thread-1] INFO  server.RaftServerConfigKeys (ConfUtils.java:logGet(43)) - raft.server.rpcslowness.timeout = 120s (custom)
2019-11-17 11:14:11,020 [pool-549-thread-1] INFO  impl.RaftServerImpl (RaftServerImpl.java:<init>(98)) - 2e7e8ab2-b4fc-48ff-a5a7-73886d1441d9: new RaftServerImpl for group-C13AEF1E4DF7:[add0c2af-eaab-406f-a894-445c5362ddef:192.168.34.35:42526, c2458f73-2416-4c07-9882-0f9c7a0b27cc:192.168.34.35:41744, 2e7e8ab2-b4fc-48ff-a5a7-73886d1441d9:192.168.34.35:39716] with ContainerStateMachine:uninitialized
2019-11-17 11:14:11,020 [pool-539-thread-1] INFO  server.RaftServerConfigKeys (ConfUtils.java:logGet(43)) - raft.server.sleep.deviation.threshold = 300 (default)
2019-11-17 11:14:11,020 [pool-549-thread-1] INFO  server.RaftServerConfigKeys (ConfUtils.java:logGet(43)) - raft.server.rpc.timeout.min = 1s (custom)
2019-11-17 11:14:11,020 [pool-539-thread-1] INFO  server.RaftServerConfigKeys (ConfUtils.java:logGet(43)) - raft.server.log.appender.install.snapshot.enabled = false (custom)
2019-11-17 11:14:11,020 [pool-549-thread-1] INFO  server.RaftServerConfigKeys (ConfUtils.java:logGet(43)) - raft.server.rpc.timeout.max = 1200ms (custom)
2019-11-17 11:14:11,021 [pool-539-thread-1] INFO  impl.RaftServerImpl (ServerState.java:<init>(103)) - add0c2af-eaab-406f-a894-445c5362ddef@group-C13AEF1E4DF7: ConfigurationManager, init=-1: [add0c2af-eaab-406f-a894-445c5362ddef:192.168.34.35:42526, c2458f73-2416-4c07-9882-0f9c7a0b27cc:192.168.34.35:41744, 2e7e8ab2-b4fc-48ff-a5a7-73886d1441d9:192.168.34.35:39716], old=null, confs=<EMPTY_MAP>
2019-11-17 11:14:11,021 [pool-559-thread-1] INFO  impl.RaftServerImpl (RaftServerImpl.java:<init>(98)) - c2458f73-2416-4c07-9882-0f9c7a0b27cc: new RaftServerImpl for group-C13AEF1E4DF7:[add0c2af-eaab-406f-a894-445c5362ddef:192.168.34.35:42526, c2458f73-2416-4c07-9882-0f9c7a0b27cc:192.168.34.35:41744, 2e7e8ab2-b4fc-48ff-a5a7-73886d1441d9:192.168.34.35:39716] with ContainerStateMachine:uninitialized
2019-11-17 11:14:11,021 [pool-539-thread-1] INFO  server.RaftServerConfigKeys (ConfUtils.java:logGet(43)) - raft.server.storage.dir = [/workdir/hadoop-ozone/integration-test/target/test-dir/MiniOzoneClusterImpl-d61a8e55-6b1b-4302-a8ca-331e331e4b67/datanode-3/data/ratis] (custom)
2019-11-17 11:14:11,021 [pool-549-thread-1] INFO  server.RaftServerConfigKeys (ConfUtils.java:logGet(43)) - raft.server.rpcslowness.timeout = 120s (custom)
2019-11-17 11:14:11,021 [pool-559-thread-1] INFO  server.RaftServerConfigKeys (ConfUtils.java:logGet(43)) - raft.server.rpc.timeout.min = 1s (custom)
2019-11-17 11:14:11,021 [pool-539-thread-1] INFO  server.RaftServerConfigKeys (ConfUtils.java:logGet(43)) - raft.server.log.corruption.policy = EXCEPTION (default)
2019-11-17 11:14:11,021 [pool-549-thread-1] INFO  server.RaftServerConfigKeys (ConfUtils.java:logGet(43)) - raft.server.sleep.deviation.threshold = 300 (default)
2019-11-17 11:14:11,021 [pool-559-thread-1] INFO  server.RaftServerConfigKeys (ConfUtils.java:logGet(43)) - raft.server.rpc.timeout.max = 1200ms (custom)
2019-11-17 11:14:11,021 [pool-539-thread-1] INFO  storage.RaftStorageDirectory (RaftStorageDirectory.java:analyzeStorage(246)) - The storage directory /workdir/hadoop-ozone/integration-test/target/test-dir/MiniOzoneClusterImpl-d61a8e55-6b1b-4302-a8ca-331e331e4b67/datanode-3/data/ratis/afc7754b-77b5-4b96-85d5-c13aef1e4df7 does not exist. Creating ...
2019-11-17 11:14:11,021 [pool-549-thread-1] INFO  server.RaftServerConfigKeys (ConfUtils.java:logGet(43)) - raft.server.log.appender.install.snapshot.enabled = false (custom)
2019-11-17 11:14:11,021 [pool-559-thread-1] INFO  server.RaftServerConfigKeys (ConfUtils.java:logGet(43)) - raft.server.rpcslowness.timeout = 120s (custom)
2019-11-17 11:14:11,022 [pool-549-thread-1] INFO  impl.RaftServerImpl (ServerState.java:<init>(103)) - 2e7e8ab2-b4fc-48ff-a5a7-73886d1441d9@group-C13AEF1E4DF7: ConfigurationManager, init=-1: [add0c2af-eaab-406f-a894-445c5362ddef:192.168.34.35:42526, c2458f73-2416-4c07-9882-0f9c7a0b27cc:192.168.34.35:41744, 2e7e8ab2-b4fc-48ff-a5a7-73886d1441d9:192.168.34.35:39716], old=null, confs=<EMPTY_MAP>
2019-11-17 11:14:11,022 [pool-559-thread-1] INFO  server.RaftServerConfigKeys (ConfUtils.java:logGet(43)) - raft.server.sleep.deviation.threshold = 300 (default)
2019-11-17 11:14:11,022 [pool-549-thread-1] INFO  server.RaftServerConfigKeys (ConfUtils.java:logGet(43)) - raft.server.storage.dir = [/workdir/hadoop-ozone/integration-test/target/test-dir/MiniOzoneClusterImpl-d61a8e55-6b1b-4302-a8ca-331e331e4b67/datanode-4/data/ratis] (custom)
2019-11-17 11:14:11,022 [pool-559-thread-1] INFO  server.RaftServerConfigKeys (ConfUtils.java:logGet(43)) - raft.server.log.appender.install.snapshot.enabled = false (custom)
2019-11-17 11:14:11,022 [pool-549-thread-1] INFO  server.RaftServerConfigKeys (ConfUtils.java:logGet(43)) - raft.server.log.corruption.policy = EXCEPTION (default)
2019-11-17 11:14:11,022 [pool-559-thread-1] INFO  impl.RaftServerImpl (ServerState.java:<init>(103)) - c2458f73-2416-4c07-9882-0f9c7a0b27cc@group-C13AEF1E4DF7: ConfigurationManager, init=-1: [add0c2af-eaab-406f-a894-445c5362ddef:192.168.34.35:42526, c2458f73-2416-4c07-9882-0f9c7a0b27cc:192.168.34.35:41744, 2e7e8ab2-b4fc-48ff-a5a7-73886d1441d9:192.168.34.35:39716], old=null, confs=<EMPTY_MAP>
2019-11-17 11:14:11,022 [pool-549-thread-1] INFO  storage.RaftStorageDirectory (RaftStorageDirectory.java:analyzeStorage(246)) - The storage directory /workdir/hadoop-ozone/integration-test/target/test-dir/MiniOzoneClusterImpl-d61a8e55-6b1b-4302-a8ca-331e331e4b67/datanode-4/data/ratis/afc7754b-77b5-4b96-85d5-c13aef1e4df7 does not exist. Creating ...
2019-11-17 11:14:11,022 [pool-559-thread-1] INFO  server.RaftServerConfigKeys (ConfUtils.java:logGet(43)) - raft.server.storage.dir = [/workdir/hadoop-ozone/integration-test/target/test-dir/MiniOzoneClusterImpl-d61a8e55-6b1b-4302-a8ca-331e331e4b67/datanode-5/data/ratis] (custom)
2019-11-17 11:14:11,023 [pool-559-thread-1] INFO  server.RaftServerConfigKeys (ConfUtils.java:logGet(43)) - raft.server.log.corruption.policy = EXCEPTION (default)
2019-11-17 11:14:11,023 [pool-559-thread-1] INFO  storage.RaftStorageDirectory (RaftStorageDirectory.java:analyzeStorage(246)) - The storage directory /workdir/hadoop-ozone/integration-test/target/test-dir/MiniOzoneClusterImpl-d61a8e55-6b1b-4302-a8ca-331e331e4b67/datanode-5/data/ratis/afc7754b-77b5-4b96-85d5-c13aef1e4df7 does not exist. Creating ...
2019-11-17 11:14:11,029 [IPC Server handler 4 on 37460] INFO  net.NetworkTopology (NetworkTopologyImpl.java:add(111)) - Added a new node: /rack1/d0563571-d5f5-405e-9b61-87c552fd142f
2019-11-17 11:14:11,030 [IPC Server handler 4 on 37460] INFO  node.SCMNodeManager (SCMNodeManager.java:register(267)) - Registered Data node : d0563571-d5f5-405e-9b61-87c552fd142f{ip: 192.168.34.35, host: pr-hdds-2291-5997d-4279494527, networkLocation: /rack1, certSerialId: null}
2019-11-17 11:14:11,035 [pool-549-thread-1] INFO  storage.RaftStorageDirectory (RaftStorageDirectory.java:tryLock(328)) - Lock on /workdir/hadoop-ozone/integration-test/target/test-dir/MiniOzoneClusterImpl-d61a8e55-6b1b-4302-a8ca-331e331e4b67/datanode-4/data/ratis/afc7754b-77b5-4b96-85d5-c13aef1e4df7/in_use.lock acquired by nodename 20606@pr-hdds-2291-5997d-4279494527
2019-11-17 11:14:11,035 [pool-559-thread-1] INFO  storage.RaftStorageDirectory (RaftStorageDirectory.java:tryLock(328)) - Lock on /workdir/hadoop-ozone/integration-test/target/test-dir/MiniOzoneClusterImpl-d61a8e55-6b1b-4302-a8ca-331e331e4b67/datanode-5/data/ratis/afc7754b-77b5-4b96-85d5-c13aef1e4df7/in_use.lock acquired by nodename 20606@pr-hdds-2291-5997d-4279494527
2019-11-17 11:14:11,035 [pool-539-thread-1] INFO  storage.RaftStorageDirectory (RaftStorageDirectory.java:tryLock(328)) - Lock on /workdir/hadoop-ozone/integration-test/target/test-dir/MiniOzoneClusterImpl-d61a8e55-6b1b-4302-a8ca-331e331e4b67/datanode-3/data/ratis/afc7754b-77b5-4b96-85d5-c13aef1e4df7/in_use.lock acquired by nodename 20606@pr-hdds-2291-5997d-4279494527
2019-11-17 11:14:11,048 [pool-549-thread-1] INFO  storage.RaftStorage (RaftStorage.java:format(84)) - Storage directory /workdir/hadoop-ozone/integration-test/target/test-dir/MiniOzoneClusterImpl-d61a8e55-6b1b-4302-a8ca-331e331e4b67/datanode-4/data/ratis/afc7754b-77b5-4b96-85d5-c13aef1e4df7 has been successfully formatted.
2019-11-17 11:14:11,048 [pool-559-thread-1] INFO  storage.RaftStorage (RaftStorage.java:format(84)) - Storage directory /workdir/hadoop-ozone/integration-test/target/test-dir/MiniOzoneClusterImpl-d61a8e55-6b1b-4302-a8ca-331e331e4b67/datanode-5/data/ratis/afc7754b-77b5-4b96-85d5-c13aef1e4df7 has been successfully formatted.
2019-11-17 11:14:11,048 [pool-539-thread-1] INFO  storage.RaftStorage (RaftStorage.java:format(84)) - Storage directory /workdir/hadoop-ozone/integration-test/target/test-dir/MiniOzoneClusterImpl-d61a8e55-6b1b-4302-a8ca-331e331e4b67/datanode-3/data/ratis/afc7754b-77b5-4b96-85d5-c13aef1e4df7 has been successfully formatted.
2019-11-17 11:14:11,049 [pool-559-thread-1] INFO  ratis.ContainerStateMachine (ContainerStateMachine.java:loadSnapshot(223)) - group-C13AEF1E4DF7: The snapshot info is null. Setting the last applied indexto:(t:0, i:~)
2019-11-17 11:14:11,048 [pool-549-thread-1] INFO  ratis.ContainerStateMachine (ContainerStateMachine.java:loadSnapshot(223)) - group-C13AEF1E4DF7: The snapshot info is null. Setting the last applied indexto:(t:0, i:~)
2019-11-17 11:14:11,049 [pool-559-thread-1] INFO  server.RaftServerConfigKeys (ConfUtils.java:logGet(43)) - raft.server.notification.no-leader.timeout = 120s (custom)
2019-11-17 11:14:11,049 [pool-539-thread-1] INFO  ratis.ContainerStateMachine (ContainerStateMachine.java:loadSnapshot(223)) - group-C13AEF1E4DF7: The snapshot info is null. Setting the last applied indexto:(t:0, i:~)
2019-11-17 11:14:11,049 [pool-559-thread-1] INFO  server.RaftServerConfigKeys (ConfUtils.java:logGet(43)) - raft.server.log.use.memory = false (default)
2019-11-17 11:14:11,049 [pool-549-thread-1] INFO  server.RaftServerConfigKeys (ConfUtils.java:logGet(43)) - raft.server.notification.no-leader.timeout = 120s (custom)
2019-11-17 11:14:11,049 [pool-559-thread-1] INFO  server.RaftServerConfigKeys (ConfUtils.java:logGet(43)) - raft.server.log.purge.gap = 1000000 (custom)
2019-11-17 11:14:11,049 [pool-559-thread-1] INFO  server.RaftServerConfigKeys (ConfUtils.java:logGet(43)) - raft.server.log.appender.buffer.byte-limit = 33554432 (custom)
2019-11-17 11:14:11,049 [pool-539-thread-1] INFO  server.RaftServerConfigKeys (ConfUtils.java:logGet(43)) - raft.server.notification.no-leader.timeout = 120s (custom)
2019-11-17 11:14:11,050 [pool-559-thread-1] INFO  server.RaftServerConfigKeys (ConfUtils.java:logGet(43)) - raft.server.log.segment.size.max = 1048576 (custom)
2019-11-17 11:14:11,049 [pool-549-thread-1] INFO  server.RaftServerConfigKeys (ConfUtils.java:logGet(43)) - raft.server.log.use.memory = false (default)
2019-11-17 11:14:11,050 [pool-559-thread-1] INFO  server.RaftServerConfigKeys (ConfUtils.java:logGet(43)) - raft.server.log.segment.cache.num.max = 2 (custom)
2019-11-17 11:14:11,050 [pool-539-thread-1] INFO  server.RaftServerConfigKeys (ConfUtils.java:logGet(43)) - raft.server.log.use.memory = false (default)
2019-11-17 11:14:11,050 [pool-559-thread-1] INFO  segmented.SegmentedRaftLogWorker (SegmentedRaftLogWorker.java:<init>(173)) - new c2458f73-2416-4c07-9882-0f9c7a0b27cc@group-C13AEF1E4DF7-SegmentedRaftLogWorker for RaftStorage:Storage Directory /workdir/hadoop-ozone/integration-test/target/test-dir/MiniOzoneClusterImpl-d61a8e55-6b1b-4302-a8ca-331e331e4b67/datanode-5/data/ratis/afc7754b-77b5-4b96-85d5-c13aef1e4df7
2019-11-17 11:14:11,050 [pool-549-thread-1] INFO  server.RaftServerConfigKeys (ConfUtils.java:logGet(43)) - raft.server.log.purge.gap = 1000000 (custom)
2019-11-17 11:14:11,050 [pool-559-thread-1] INFO  server.RaftServerConfigKeys (ConfUtils.java:logGet(43)) - raft.server.log.queue.byte-limit = 2147483647 (custom)
2019-11-17 11:14:11,050 [pool-559-thread-1] INFO  server.RaftServerConfigKeys (ConfUtils.java:logGet(43)) - raft.server.log.queue.element-limit = 1024 (custom)
2019-11-17 11:14:11,050 [pool-539-thread-1] INFO  server.RaftServerConfigKeys (ConfUtils.java:logGet(43)) - raft.server.log.purge.gap = 1000000 (custom)
2019-11-17 11:14:11,050 [pool-559-thread-1] INFO  server.RaftServerConfigKeys (ConfUtils.java:logGet(43)) - raft.server.log.segment.size.max = 1048576 (custom)
2019-11-17 11:14:11,050 [pool-549-thread-1] INFO  server.RaftServerConfigKeys (ConfUtils.java:logGet(43)) - raft.server.log.appender.buffer.byte-limit = 33554432 (custom)
2019-11-17 11:14:11,051 [pool-559-thread-1] INFO  server.RaftServerConfigKeys (ConfUtils.java:logGet(43)) - raft.server.log.preallocated.size = 16384 (custom)
2019-11-17 11:14:11,051 [pool-559-thread-1] INFO  server.RaftServerConfigKeys (ConfUtils.java:logGet(43)) - raft.server.log.write.buffer.size = 33554432 (custom)
2019-11-17 11:14:11,051 [pool-539-thread-1] INFO  server.RaftServerConfigKeys (ConfUtils.java:logGet(43)) - raft.server.log.appender.buffer.byte-limit = 33554432 (custom)
2019-11-17 11:14:11,051 [pool-559-thread-1] INFO  server.RaftServerConfigKeys (ConfUtils.java:logGet(43)) - raft.server.log.force.sync.num = 128 (default)
2019-11-17 11:14:11,051 [pool-549-thread-1] INFO  server.RaftServerConfigKeys (ConfUtils.java:logGet(43)) - raft.server.log.segment.size.max = 1048576 (custom)
2019-11-17 11:14:11,051 [pool-559-thread-1] INFO  server.RaftServerConfigKeys (ConfUtils.java:logGet(43)) - raft.server.log.statemachine.data.sync = true (default)
2019-11-17 11:14:11,051 [pool-539-thread-1] INFO  server.RaftServerConfigKeys (ConfUtils.java:logGet(43)) - raft.server.log.segment.size.max = 1048576 (custom)
2019-11-17 11:14:11,051 [pool-559-thread-1] INFO  server.RaftServerConfigKeys (ConfUtils.java:logGet(43)) - raft.server.log.statemachine.data.sync.timeout = 10s (default)
2019-11-17 11:14:11,051 [pool-549-thread-1] INFO  server.RaftServerConfigKeys (ConfUtils.java:logGet(43)) - raft.server.log.segment.cache.num.max = 2 (custom)
2019-11-17 11:14:11,052 [pool-559-thread-1] INFO  server.RaftServerConfigKeys (ConfUtils.java:logGet(43)) - raft.server.log.statemachine.data.sync.timeout.retry = -1 (default)
2019-11-17 11:14:11,052 [pool-539-thread-1] INFO  server.RaftServerConfigKeys (ConfUtils.java:logGet(43)) - raft.server.log.segment.cache.num.max = 2 (custom)
2019-11-17 11:14:11,052 [pool-559-thread-1] INFO  server.RaftServerConfigKeys (ConfUtils.java:logGet(43)) - raft.server.log.statemachine.data.caching.enabled = true (custom)
2019-11-17 11:14:11,052 [pool-549-thread-1] INFO  segmented.SegmentedRaftLogWorker (SegmentedRaftLogWorker.java:<init>(173)) - new 2e7e8ab2-b4fc-48ff-a5a7-73886d1441d9@group-C13AEF1E4DF7-SegmentedRaftLogWorker for RaftStorage:Storage Directory /workdir/hadoop-ozone/integration-test/target/test-dir/MiniOzoneClusterImpl-d61a8e55-6b1b-4302-a8ca-331e331e4b67/datanode-4/data/ratis/afc7754b-77b5-4b96-85d5-c13aef1e4df7
2019-11-17 11:14:11,052 [pool-539-thread-1] INFO  segmented.SegmentedRaftLogWorker (SegmentedRaftLogWorker.java:<init>(173)) - new add0c2af-eaab-406f-a894-445c5362ddef@group-C13AEF1E4DF7-SegmentedRaftLogWorker for RaftStorage:Storage Directory /workdir/hadoop-ozone/integration-test/target/test-dir/MiniOzoneClusterImpl-d61a8e55-6b1b-4302-a8ca-331e331e4b67/datanode-3/data/ratis/afc7754b-77b5-4b96-85d5-c13aef1e4df7
2019-11-17 11:14:11,052 [pool-559-thread-1] INFO  segmented.SegmentedRaftLogWorker (SegmentedRaftLogWorker.java:lambda$new$0(128)) - c2458f73-2416-4c07-9882-0f9c7a0b27cc@group-C13AEF1E4DF7-SegmentedRaftLogWorker: flushIndex: setUnconditionally 0 -> -1
2019-11-17 11:14:11,052 [pool-549-thread-1] INFO  server.RaftServerConfigKeys (ConfUtils.java:logGet(43)) - raft.server.log.queue.byte-limit = 2147483647 (custom)
2019-11-17 11:14:11,052 [pool-539-thread-1] INFO  server.RaftServerConfigKeys (ConfUtils.java:logGet(43)) - raft.server.log.queue.byte-limit = 2147483647 (custom)
2019-11-17 11:14:11,052 [pool-549-thread-1] INFO  server.RaftServerConfigKeys (ConfUtils.java:logGet(43)) - raft.server.log.queue.element-limit = 1024 (custom)
2019-11-17 11:14:11,056 [pool-539-thread-1] INFO  server.RaftServerConfigKeys (ConfUtils.java:logGet(43)) - raft.server.log.queue.element-limit = 1024 (custom)
2019-11-17 11:14:11,052 [pool-559-thread-1] INFO  server.RaftServerConfigKeys (ConfUtils.java:logGet(43)) - raft.server.snapshot.auto.trigger.enabled = true (custom)
2019-11-17 11:14:11,057 [pool-539-thread-1] INFO  server.RaftServerConfigKeys (ConfUtils.java:logGet(43)) - raft.server.log.segment.size.max = 1048576 (custom)
2019-11-17 11:14:11,056 [pool-549-thread-1] INFO  server.RaftServerConfigKeys (ConfUtils.java:logGet(43)) - raft.server.log.segment.size.max = 1048576 (custom)
2019-11-17 11:14:11,057 [pool-539-thread-1] INFO  server.RaftServerConfigKeys (ConfUtils.java:logGet(43)) - raft.server.log.preallocated.size = 16384 (custom)
2019-11-17 11:14:11,057 [pool-559-thread-1] INFO  server.RaftServerConfigKeys (ConfUtils.java:logGet(43)) - raft.server.snapshot.auto.trigger.threshold = 10000 (custom)
2019-11-17 11:14:11,057 [pool-539-thread-1] INFO  server.RaftServerConfigKeys (ConfUtils.java:logGet(43)) - raft.server.log.write.buffer.size = 33554432 (custom)
2019-11-17 11:14:11,057 [pool-549-thread-1] INFO  server.RaftServerConfigKeys (ConfUtils.java:logGet(43)) - raft.server.log.preallocated.size = 16384 (custom)
2019-11-17 11:14:11,057 [pool-539-thread-1] INFO  server.RaftServerConfigKeys (ConfUtils.java:logGet(43)) - raft.server.log.force.sync.num = 128 (default)
2019-11-17 11:14:11,057 [pool-559-thread-1] INFO  server.RaftServerConfigKeys (ConfUtils.java:logGet(43)) - raft.server.snapshot.retention.file.num = 5 (custom)
2019-11-17 11:14:11,058 [pool-539-thread-1] INFO  server.RaftServerConfigKeys (ConfUtils.java:logGet(43)) - raft.server.log.statemachine.data.sync = true (default)
2019-11-17 11:14:11,057 [pool-549-thread-1] INFO  server.RaftServerConfigKeys (ConfUtils.java:logGet(43)) - raft.server.log.write.buffer.size = 33554432 (custom)
2019-11-17 11:14:11,058 [pool-539-thread-1] INFO  server.RaftServerConfigKeys (ConfUtils.java:logGet(43)) - raft.server.log.statemachine.data.sync.timeout = 10s (default)
2019-11-17 11:14:11,058 [pool-559-thread-1] INFO  server.RaftServerConfigKeys (ConfUtils.java:logGet(43)) - raft.server.retrycache.expirytime = 600000ms (custom)
2019-11-17 11:14:11,058 [pool-539-thread-1] INFO  server.RaftServerConfigKeys (ConfUtils.java:logGet(43)) - raft.server.log.statemachine.data.sync.timeout.retry = -1 (default)
2019-11-17 11:14:11,058 [pool-549-thread-1] INFO  server.RaftServerConfigKeys (ConfUtils.java:logGet(43)) - raft.server.log.force.sync.num = 128 (default)
2019-11-17 11:14:11,058 [pool-559-thread-1] WARN  impl.MetricRegistriesImpl (MetricRegistriesImpl.java:lambda$create$1(61)) - First MetricRegistry has been created without registering reporters. You may need to call MetricRegistries.global().addReportRegistration(...) before.
2019-11-17 11:14:11,058 [pool-539-thread-1] INFO  server.RaftServerConfigKeys (ConfUtils.java:logGet(43)) - raft.server.log.statemachine.data.caching.enabled = true (custom)
2019-11-17 11:14:11,058 [pool-549-thread-1] INFO  server.RaftServerConfigKeys (ConfUtils.java:logGet(43)) - raft.server.log.statemachine.data.sync = true (default)
2019-11-17 11:14:11,058 [pool-559-thread-1] WARN  impl.MetricRegistriesImpl (MetricRegistriesImpl.java:lambda$create$1(61)) - First MetricRegistry has been created without registering reporters. You may need to call MetricRegistries.global().addReportRegistration(...) before.
2019-11-17 11:14:11,059 [pool-549-thread-1] INFO  server.RaftServerConfigKeys (ConfUtils.java:logGet(43)) - raft.server.log.statemachine.data.sync.timeout = 10s (default)
2019-11-17 11:14:11,059 [pool-539-thread-1] INFO  segmented.SegmentedRaftLogWorker (SegmentedRaftLogWorker.java:lambda$new$0(128)) - add0c2af-eaab-406f-a894-445c5362ddef@group-C13AEF1E4DF7-SegmentedRaftLogWorker: flushIndex: setUnconditionally 0 -> -1
2019-11-17 11:14:11,059 [pool-559-thread-1] INFO  impl.RaftServerImpl (RaftServerImpl.java:start(184)) - c2458f73-2416-4c07-9882-0f9c7a0b27cc@group-C13AEF1E4DF7: start as a follower, conf=-1: [add0c2af-eaab-406f-a894-445c5362ddef:192.168.34.35:42526, c2458f73-2416-4c07-9882-0f9c7a0b27cc:192.168.34.35:41744, 2e7e8ab2-b4fc-48ff-a5a7-73886d1441d9:192.168.34.35:39716], old=null
2019-11-17 11:14:11,059 [pool-549-thread-1] INFO  server.RaftServerConfigKeys (ConfUtils.java:logGet(43)) - raft.server.log.statemachine.data.sync.timeout.retry = -1 (default)
2019-11-17 11:14:11,059 [pool-559-thread-1] INFO  impl.RaftServerImpl (RaftServerImpl.java:setRole(173)) - c2458f73-2416-4c07-9882-0f9c7a0b27cc@group-C13AEF1E4DF7: changes role from      null to FOLLOWER at term 0 for startAsFollower
2019-11-17 11:14:11,059 [pool-549-thread-1] INFO  server.RaftServerConfigKeys (ConfUtils.java:logGet(43)) - raft.server.log.statemachine.data.caching.enabled = true (custom)
2019-11-17 11:14:11,059 [pool-539-thread-1] INFO  server.RaftServerConfigKeys (ConfUtils.java:logGet(43)) - raft.server.snapshot.auto.trigger.enabled = true (custom)
2019-11-17 11:14:11,059 [pool-549-thread-1] INFO  segmented.SegmentedRaftLogWorker (SegmentedRaftLogWorker.java:lambda$new$0(128)) - 2e7e8ab2-b4fc-48ff-a5a7-73886d1441d9@group-C13AEF1E4DF7-SegmentedRaftLogWorker: flushIndex: setUnconditionally 0 -> -1
2019-11-17 11:14:11,059 [pool-559-thread-1] INFO  impl.RoleInfo (RoleInfo.java:updateAndGet(143)) - c2458f73-2416-4c07-9882-0f9c7a0b27cc: start FollowerState
2019-11-17 11:14:11,059 [pool-539-thread-1] INFO  server.RaftServerConfigKeys (ConfUtils.java:logGet(43)) - raft.server.snapshot.auto.trigger.threshold = 10000 (custom)
2019-11-17 11:14:11,060 [pool-549-thread-1] INFO  server.RaftServerConfigKeys (ConfUtils.java:logGet(43)) - raft.server.snapshot.auto.trigger.enabled = true (custom)
2019-11-17 11:14:11,060 [pool-539-thread-1] INFO  server.RaftServerConfigKeys (ConfUtils.java:logGet(43)) - raft.server.snapshot.retention.file.num = 5 (custom)
2019-11-17 11:14:11,060 [pool-549-thread-1] INFO  server.RaftServerConfigKeys (ConfUtils.java:logGet(43)) - raft.server.snapshot.auto.trigger.threshold = 10000 (custom)
2019-11-17 11:14:11,060 [pool-559-thread-1] INFO  util.JmxRegister (JmxRegister.java:tryRegister(44)) - Successfully registered JMX Bean with object name Ratis:service=RaftServer,group=group-C13AEF1E4DF7,id=c2458f73-2416-4c07-9882-0f9c7a0b27cc
2019-11-17 11:14:11,060 [pool-539-thread-1] INFO  server.RaftServerConfigKeys (ConfUtils.java:logGet(43)) - raft.server.retrycache.expirytime = 600000ms (custom)
2019-11-17 11:14:11,060 [pool-559-thread-1] WARN  impl.MetricRegistriesImpl (MetricRegistriesImpl.java:lambda$create$1(61)) - First MetricRegistry has been created without registering reporters. You may need to call MetricRegistries.global().addReportRegistration(...) before.
2019-11-17 11:14:11,060 [pool-549-thread-1] INFO  server.RaftServerConfigKeys (ConfUtils.java:logGet(43)) - raft.server.snapshot.retention.file.num = 5 (custom)
2019-11-17 11:14:11,060 [pool-539-thread-1] WARN  impl.MetricRegistriesImpl (MetricRegistriesImpl.java:lambda$create$1(61)) - First MetricRegistry has been created without registering reporters. You may need to call MetricRegistries.global().addReportRegistration(...) before.
2019-11-17 11:14:11,061 [pool-549-thread-1] INFO  server.RaftServerConfigKeys (ConfUtils.java:logGet(43)) - raft.server.retrycache.expirytime = 600000ms (custom)
2019-11-17 11:14:11,061 [pool-539-thread-1] WARN  impl.MetricRegistriesImpl (MetricRegistriesImpl.java:lambda$create$1(61)) - First MetricRegistry has been created without registering reporters. You may need to call MetricRegistries.global().addReportRegistration(...) before.
2019-11-17 11:14:11,061 [pool-549-thread-1] WARN  impl.MetricRegistriesImpl (MetricRegistriesImpl.java:lambda$create$1(61)) - First MetricRegistry has been created without registering reporters. You may need to call MetricRegistries.global().addReportRegistration(...) before.
2019-11-17 11:14:11,061 [pool-539-thread-1] INFO  impl.RaftServerImpl (RaftServerImpl.java:start(184)) - add0c2af-eaab-406f-a894-445c5362ddef@group-C13AEF1E4DF7: start as a follower, conf=-1: [add0c2af-eaab-406f-a894-445c5362ddef:192.168.34.35:42526, c2458f73-2416-4c07-9882-0f9c7a0b27cc:192.168.34.35:41744, 2e7e8ab2-b4fc-48ff-a5a7-73886d1441d9:192.168.34.35:39716], old=null
2019-11-17 11:14:11,061 [pool-549-thread-1] WARN  impl.MetricRegistriesImpl (MetricRegistriesImpl.java:lambda$create$1(61)) - First MetricRegistry has been created without registering reporters. You may need to call MetricRegistries.global().addReportRegistration(...) before.
2019-11-17 11:14:11,061 [pool-539-thread-1] INFO  impl.RaftServerImpl (RaftServerImpl.java:setRole(173)) - add0c2af-eaab-406f-a894-445c5362ddef@group-C13AEF1E4DF7: changes role from      null to FOLLOWER at term 0 for startAsFollower
2019-11-17 11:14:11,061 [pool-549-thread-1] INFO  impl.RaftServerImpl (RaftServerImpl.java:start(184)) - 2e7e8ab2-b4fc-48ff-a5a7-73886d1441d9@group-C13AEF1E4DF7: start as a follower, conf=-1: [add0c2af-eaab-406f-a894-445c5362ddef:192.168.34.35:42526, c2458f73-2416-4c07-9882-0f9c7a0b27cc:192.168.34.35:41744, 2e7e8ab2-b4fc-48ff-a5a7-73886d1441d9:192.168.34.35:39716], old=null
2019-11-17 11:14:11,061 [pool-539-thread-1] INFO  impl.RoleInfo (RoleInfo.java:updateAndGet(143)) - add0c2af-eaab-406f-a894-445c5362ddef: start FollowerState
2019-11-17 11:14:11,061 [pool-549-thread-1] INFO  impl.RaftServerImpl (RaftServerImpl.java:setRole(173)) - 2e7e8ab2-b4fc-48ff-a5a7-73886d1441d9@group-C13AEF1E4DF7: changes role from      null to FOLLOWER at term 0 for startAsFollower
2019-11-17 11:14:11,062 [pool-549-thread-1] INFO  impl.RoleInfo (RoleInfo.java:updateAndGet(143)) - 2e7e8ab2-b4fc-48ff-a5a7-73886d1441d9: start FollowerState
2019-11-17 11:14:11,062 [pool-539-thread-1] INFO  util.JmxRegister (JmxRegister.java:tryRegister(44)) - Successfully registered JMX Bean with object name Ratis:service=RaftServer,group=group-C13AEF1E4DF7,id=add0c2af-eaab-406f-a894-445c5362ddef
2019-11-17 11:14:11,062 [pool-539-thread-1] WARN  impl.MetricRegistriesImpl (MetricRegistriesImpl.java:lambda$create$1(61)) - First MetricRegistry has been created without registering reporters. You may need to call MetricRegistries.global().addReportRegistration(...) before.
2019-11-17 11:14:11,062 [pool-549-thread-1] INFO  util.JmxRegister (JmxRegister.java:tryRegister(44)) - Successfully registered JMX Bean with object name Ratis:service=RaftServer,group=group-C13AEF1E4DF7,id=2e7e8ab2-b4fc-48ff-a5a7-73886d1441d9
2019-11-17 11:14:11,062 [pool-549-thread-1] WARN  impl.MetricRegistriesImpl (MetricRegistriesImpl.java:lambda$create$1(61)) - First MetricRegistry has been created without registering reporters. You may need to call MetricRegistries.global().addReportRegistration(...) before.
2019-11-17 11:14:11,065 [RatisPipelineUtilsThread] INFO  pipeline.PipelineStateManager (PipelineStateManager.java:addPipeline(55)) - Created pipeline Pipeline[ Id: afc7754b-77b5-4b96-85d5-c13aef1e4df7, Nodes: 2e7e8ab2-b4fc-48ff-a5a7-73886d1441d9{ip: 192.168.34.35, host: pr-hdds-2291-5997d-4279494527, networkLocation: /rack1, certSerialId: null}add0c2af-eaab-406f-a894-445c5362ddef{ip: 192.168.34.35, host: pr-hdds-2291-5997d-4279494527, networkLocation: /rack1, certSerialId: null}c2458f73-2416-4c07-9882-0f9c7a0b27cc{ip: 192.168.34.35, host: pr-hdds-2291-5997d-4279494527, networkLocation: /rack1, certSerialId: null}, Type:RATIS, Factor:THREE, State:ALLOCATED]
2019-11-17 11:14:11,117 [IPC Server handler 6 on 37460] INFO  net.NetworkTopology (NetworkTopologyImpl.java:add(111)) - Added a new node: /rack1/357d2873-2248-48d2-9bf7-23aadc7fc5db
2019-11-17 11:14:11,118 [IPC Server handler 6 on 37460] INFO  node.SCMNodeManager (SCMNodeManager.java:register(267)) - Registered Data node : 357d2873-2248-48d2-9bf7-23aadc7fc5db{ip: 192.168.34.35, host: pr-hdds-2291-5997d-4279494527, networkLocation: /rack1, certSerialId: null}
2019-11-17 11:14:11,127 [grpc-default-executor-9] INFO  impl.RaftServerProxy (RaftServerProxy.java:addNew(89)) - d0563571-d5f5-405e-9b61-87c552fd142f: addNew group-50A06D05C241:[d0563571-d5f5-405e-9b61-87c552fd142f:192.168.34.35:36223] returns group-50A06D05C241:java.util.concurrent.CompletableFuture@1831d1aa[Not completed]
2019-11-17 11:14:11,129 [pool-569-thread-1] INFO  impl.RaftServerImpl (RaftServerImpl.java:<init>(98)) - d0563571-d5f5-405e-9b61-87c552fd142f: new RaftServerImpl for group-50A06D05C241:[d0563571-d5f5-405e-9b61-87c552fd142f:192.168.34.35:36223] with ContainerStateMachine:uninitialized
2019-11-17 11:14:11,129 [pool-569-thread-1] INFO  server.RaftServerConfigKeys (ConfUtils.java:logGet(43)) - raft.server.rpc.timeout.min = 1s (custom)
2019-11-17 11:14:11,129 [pool-569-thread-1] INFO  server.RaftServerConfigKeys (ConfUtils.java:logGet(43)) - raft.server.rpc.timeout.max = 1200ms (custom)
2019-11-17 11:14:11,129 [pool-569-thread-1] INFO  server.RaftServerConfigKeys (ConfUtils.java:logGet(43)) - raft.server.rpcslowness.timeout = 120s (custom)
2019-11-17 11:14:11,129 [pool-569-thread-1] INFO  server.RaftServerConfigKeys (ConfUtils.java:logGet(43)) - raft.server.sleep.deviation.threshold = 300 (default)
2019-11-17 11:14:11,130 [pool-569-thread-1] INFO  server.RaftServerConfigKeys (ConfUtils.java:logGet(43)) - raft.server.log.appender.install.snapshot.enabled = false (custom)
2019-11-17 11:14:11,130 [pool-569-thread-1] INFO  impl.RaftServerImpl (ServerState.java:<init>(103)) - d0563571-d5f5-405e-9b61-87c552fd142f@group-50A06D05C241: ConfigurationManager, init=-1: [d0563571-d5f5-405e-9b61-87c552fd142f:192.168.34.35:36223], old=null, confs=<EMPTY_MAP>
2019-11-17 11:14:11,130 [pool-569-thread-1] INFO  server.RaftServerConfigKeys (ConfUtils.java:logGet(43)) - raft.server.storage.dir = [/workdir/hadoop-ozone/integration-test/target/test-dir/MiniOzoneClusterImpl-d61a8e55-6b1b-4302-a8ca-331e331e4b67/datanode-6/data/ratis] (custom)
2019-11-17 11:14:11,130 [pool-569-thread-1] INFO  server.RaftServerConfigKeys (ConfUtils.java:logGet(43)) - raft.server.log.corruption.policy = EXCEPTION (default)
2019-11-17 11:14:11,131 [pool-569-thread-1] INFO  storage.RaftStorageDirectory (RaftStorageDirectory.java:analyzeStorage(246)) - The storage directory /workdir/hadoop-ozone/integration-test/target/test-dir/MiniOzoneClusterImpl-d61a8e55-6b1b-4302-a8ca-331e331e4b67/datanode-6/data/ratis/cbddf987-c8ac-454e-87f1-50a06d05c241 does not exist. Creating ...
2019-11-17 11:14:11,143 [pool-569-thread-1] INFO  storage.RaftStorageDirectory (RaftStorageDirectory.java:tryLock(328)) - Lock on /workdir/hadoop-ozone/integration-test/target/test-dir/MiniOzoneClusterImpl-d61a8e55-6b1b-4302-a8ca-331e331e4b67/datanode-6/data/ratis/cbddf987-c8ac-454e-87f1-50a06d05c241/in_use.lock acquired by nodename 20606@pr-hdds-2291-5997d-4279494527
2019-11-17 11:14:11,157 [pool-569-thread-1] INFO  storage.RaftStorage (RaftStorage.java:format(84)) - Storage directory /workdir/hadoop-ozone/integration-test/target/test-dir/MiniOzoneClusterImpl-d61a8e55-6b1b-4302-a8ca-331e331e4b67/datanode-6/data/ratis/cbddf987-c8ac-454e-87f1-50a06d05c241 has been successfully formatted.
2019-11-17 11:14:11,157 [pool-569-thread-1] INFO  ratis.ContainerStateMachine (ContainerStateMachine.java:loadSnapshot(223)) - group-50A06D05C241: The snapshot info is null. Setting the last applied indexto:(t:0, i:~)
2019-11-17 11:14:11,157 [pool-569-thread-1] INFO  server.RaftServerConfigKeys (ConfUtils.java:logGet(43)) - raft.server.notification.no-leader.timeout = 120s (custom)
2019-11-17 11:14:11,157 [pool-569-thread-1] INFO  server.RaftServerConfigKeys (ConfUtils.java:logGet(43)) - raft.server.log.use.memory = false (default)
2019-11-17 11:14:11,157 [pool-569-thread-1] INFO  server.RaftServerConfigKeys (ConfUtils.java:logGet(43)) - raft.server.log.purge.gap = 1000000 (custom)
2019-11-17 11:14:11,158 [pool-569-thread-1] INFO  server.RaftServerConfigKeys (ConfUtils.java:logGet(43)) - raft.server.log.appender.buffer.byte-limit = 33554432 (custom)
2019-11-17 11:14:11,158 [pool-569-thread-1] INFO  server.RaftServerConfigKeys (ConfUtils.java:logGet(43)) - raft.server.log.segment.size.max = 1048576 (custom)
2019-11-17 11:14:11,158 [pool-569-thread-1] WARN  impl.MetricRegistriesImpl (MetricRegistriesImpl.java:lambda$create$1(61)) - First MetricRegistry has been created without registering reporters. You may need to call MetricRegistries.global().addReportRegistration(...) before.
2019-11-17 11:14:11,158 [pool-569-thread-1] INFO  server.RaftServerConfigKeys (ConfUtils.java:logGet(43)) - raft.server.log.segment.cache.num.max = 2 (custom)
2019-11-17 11:14:11,159 [pool-569-thread-1] INFO  segmented.SegmentedRaftLogWorker (SegmentedRaftLogWorker.java:<init>(173)) - new d0563571-d5f5-405e-9b61-87c552fd142f@group-50A06D05C241-SegmentedRaftLogWorker for RaftStorage:Storage Directory /workdir/hadoop-ozone/integration-test/target/test-dir/MiniOzoneClusterImpl-d61a8e55-6b1b-4302-a8ca-331e331e4b67/datanode-6/data/ratis/cbddf987-c8ac-454e-87f1-50a06d05c241
2019-11-17 11:14:11,159 [pool-569-thread-1] INFO  server.RaftServerConfigKeys (ConfUtils.java:logGet(43)) - raft.server.log.queue.byte-limit = 2147483647 (custom)
2019-11-17 11:14:11,159 [pool-569-thread-1] INFO  server.RaftServerConfigKeys (ConfUtils.java:logGet(43)) - raft.server.log.queue.element-limit = 1024 (custom)
2019-11-17 11:14:11,159 [pool-569-thread-1] INFO  server.RaftServerConfigKeys (ConfUtils.java:logGet(43)) - raft.server.log.segment.size.max = 1048576 (custom)
2019-11-17 11:14:11,159 [pool-569-thread-1] INFO  server.RaftServerConfigKeys (ConfUtils.java:logGet(43)) - raft.server.log.preallocated.size = 16384 (custom)
2019-11-17 11:14:11,160 [pool-569-thread-1] INFO  server.RaftServerConfigKeys (ConfUtils.java:logGet(43)) - raft.server.log.write.buffer.size = 33554432 (custom)
2019-11-17 11:14:11,160 [pool-569-thread-1] INFO  server.RaftServerConfigKeys (ConfUtils.java:logGet(43)) - raft.server.log.force.sync.num = 128 (default)
2019-11-17 11:14:11,160 [pool-569-thread-1] INFO  server.RaftServerConfigKeys (ConfUtils.java:logGet(43)) - raft.server.log.statemachine.data.sync = true (default)
2019-11-17 11:14:11,160 [pool-569-thread-1] INFO  server.RaftServerConfigKeys (ConfUtils.java:logGet(43)) - raft.server.log.statemachine.data.sync.timeout = 10s (default)
2019-11-17 11:14:11,160 [pool-569-thread-1] INFO  server.RaftServerConfigKeys (ConfUtils.java:logGet(43)) - raft.server.log.statemachine.data.sync.timeout.retry = -1 (default)
2019-11-17 11:14:11,161 [pool-569-thread-1] INFO  server.RaftServerConfigKeys (ConfUtils.java:logGet(43)) - raft.server.log.statemachine.data.caching.enabled = true (custom)
2019-11-17 11:14:11,161 [pool-569-thread-1] INFO  segmented.SegmentedRaftLogWorker (SegmentedRaftLogWorker.java:lambda$new$0(128)) - d0563571-d5f5-405e-9b61-87c552fd142f@group-50A06D05C241-SegmentedRaftLogWorker: flushIndex: setUnconditionally 0 -> -1
2019-11-17 11:14:11,162 [pool-569-thread-1] INFO  server.RaftServerConfigKeys (ConfUtils.java:logGet(43)) - raft.server.snapshot.auto.trigger.enabled = true (custom)
2019-11-17 11:14:11,162 [pool-569-thread-1] INFO  server.RaftServerConfigKeys (ConfUtils.java:logGet(43)) - raft.server.snapshot.auto.trigger.threshold = 10000 (custom)
2019-11-17 11:14:11,162 [pool-569-thread-1] INFO  server.RaftServerConfigKeys (ConfUtils.java:logGet(43)) - raft.server.snapshot.retention.file.num = 5 (custom)
2019-11-17 11:14:11,162 [pool-569-thread-1] INFO  server.RaftServerConfigKeys (ConfUtils.java:logGet(43)) - raft.server.retrycache.expirytime = 600000ms (custom)
2019-11-17 11:14:11,162 [pool-569-thread-1] WARN  impl.MetricRegistriesImpl (MetricRegistriesImpl.java:lambda$create$1(61)) - First MetricRegistry has been created without registering reporters. You may need to call MetricRegistries.global().addReportRegistration(...) before.
2019-11-17 11:14:11,163 [pool-569-thread-1] WARN  impl.MetricRegistriesImpl (MetricRegistriesImpl.java:lambda$create$1(61)) - First MetricRegistry has been created without registering reporters. You may need to call MetricRegistries.global().addReportRegistration(...) before.
2019-11-17 11:14:11,163 [pool-569-thread-1] INFO  impl.RaftServerImpl (RaftServerImpl.java:start(184)) - d0563571-d5f5-405e-9b61-87c552fd142f@group-50A06D05C241: start as a follower, conf=-1: [d0563571-d5f5-405e-9b61-87c552fd142f:192.168.34.35:36223], old=null
2019-11-17 11:14:11,163 [pool-569-thread-1] INFO  impl.RaftServerImpl (RaftServerImpl.java:setRole(173)) - d0563571-d5f5-405e-9b61-87c552fd142f@group-50A06D05C241: changes role from      null to FOLLOWER at term 0 for startAsFollower
2019-11-17 11:14:11,163 [pool-569-thread-1] INFO  impl.RoleInfo (RoleInfo.java:updateAndGet(143)) - d0563571-d5f5-405e-9b61-87c552fd142f: start FollowerState
2019-11-17 11:14:11,164 [pool-569-thread-1] INFO  util.JmxRegister (JmxRegister.java:tryRegister(44)) - Successfully registered JMX Bean with object name Ratis:service=RaftServer,group=group-50A06D05C241,id=d0563571-d5f5-405e-9b61-87c552fd142f
2019-11-17 11:14:11,164 [pool-569-thread-1] WARN  impl.MetricRegistriesImpl (MetricRegistriesImpl.java:lambda$create$1(61)) - First MetricRegistry has been created without registering reporters. You may need to call MetricRegistries.global().addReportRegistration(...) before.
2019-11-17 11:14:11,167 [RatisPipelineUtilsThread] INFO  pipeline.PipelineStateManager (PipelineStateManager.java:addPipeline(55)) - Created pipeline Pipeline[ Id: cbddf987-c8ac-454e-87f1-50a06d05c241, Nodes: d0563571-d5f5-405e-9b61-87c552fd142f{ip: 192.168.34.35, host: pr-hdds-2291-5997d-4279494527, networkLocation: /rack1, certSerialId: null}, Type:RATIS, Factor:ONE, State:ALLOCATED]
2019-11-17 11:14:11,176 [grpc-default-executor-9] INFO  impl.RaftServerProxy (RaftServerProxy.java:addNew(89)) - 357d2873-2248-48d2-9bf7-23aadc7fc5db: addNew group-2D6C0C89D1AB:[357d2873-2248-48d2-9bf7-23aadc7fc5db:192.168.34.35:44629] returns group-2D6C0C89D1AB:java.util.concurrent.CompletableFuture@612a48e0[Not completed]
2019-11-17 11:14:11,180 [pool-579-thread-1] INFO  impl.RaftServerImpl (RaftServerImpl.java:<init>(98)) - 357d2873-2248-48d2-9bf7-23aadc7fc5db: new RaftServerImpl for group-2D6C0C89D1AB:[357d2873-2248-48d2-9bf7-23aadc7fc5db:192.168.34.35:44629] with ContainerStateMachine:uninitialized
2019-11-17 11:14:11,181 [pool-579-thread-1] INFO  server.RaftServerConfigKeys (ConfUtils.java:logGet(43)) - raft.server.rpc.timeout.min = 1s (custom)
2019-11-17 11:14:11,181 [pool-579-thread-1] INFO  server.RaftServerConfigKeys (ConfUtils.java:logGet(43)) - raft.server.rpc.timeout.max = 1200ms (custom)
2019-11-17 11:14:11,181 [pool-579-thread-1] INFO  server.RaftServerConfigKeys (ConfUtils.java:logGet(43)) - raft.server.rpcslowness.timeout = 120s (custom)
2019-11-17 11:14:11,181 [pool-579-thread-1] INFO  server.RaftServerConfigKeys (ConfUtils.java:logGet(43)) - raft.server.sleep.deviation.threshold = 300 (default)
2019-11-17 11:14:11,182 [pool-579-thread-1] INFO  server.RaftServerConfigKeys (ConfUtils.java:logGet(43)) - raft.server.log.appender.install.snapshot.enabled = false (custom)
2019-11-17 11:14:11,182 [IPC Server handler 5 on 37460] INFO  net.NetworkTopology (NetworkTopologyImpl.java:add(111)) - Added a new node: /rack1/74a737c0-fb65-42e2-8af1-813ef9d8f4fa
2019-11-17 11:14:11,182 [IPC Server handler 5 on 37460] INFO  node.SCMNodeManager (SCMNodeManager.java:register(267)) - Registered Data node : 74a737c0-fb65-42e2-8af1-813ef9d8f4fa{ip: 192.168.34.35, host: pr-hdds-2291-5997d-4279494527, networkLocation: /rack1, certSerialId: null}
2019-11-17 11:14:11,182 [pool-579-thread-1] INFO  impl.RaftServerImpl (ServerState.java:<init>(103)) - 357d2873-2248-48d2-9bf7-23aadc7fc5db@group-2D6C0C89D1AB: ConfigurationManager, init=-1: [357d2873-2248-48d2-9bf7-23aadc7fc5db:192.168.34.35:44629], old=null, confs=<EMPTY_MAP>
2019-11-17 11:14:11,183 [pool-579-thread-1] INFO  server.RaftServerConfigKeys (ConfUtils.java:logGet(43)) - raft.server.storage.dir = [/workdir/hadoop-ozone/integration-test/target/test-dir/MiniOzoneClusterImpl-d61a8e55-6b1b-4302-a8ca-331e331e4b67/datanode-7/data/ratis] (custom)
2019-11-17 11:14:11,184 [pool-579-thread-1] INFO  server.RaftServerConfigKeys (ConfUtils.java:logGet(43)) - raft.server.log.corruption.policy = EXCEPTION (default)
2019-11-17 11:14:11,184 [pool-579-thread-1] INFO  storage.RaftStorageDirectory (RaftStorageDirectory.java:analyzeStorage(246)) - The storage directory /workdir/hadoop-ozone/integration-test/target/test-dir/MiniOzoneClusterImpl-d61a8e55-6b1b-4302-a8ca-331e331e4b67/datanode-7/data/ratis/54954870-3690-4d9f-971b-2d6c0c89d1ab does not exist. Creating ...
2019-11-17 11:14:11,197 [pool-579-thread-1] INFO  storage.RaftStorageDirectory (RaftStorageDirectory.java:tryLock(328)) - Lock on /workdir/hadoop-ozone/integration-test/target/test-dir/MiniOzoneClusterImpl-d61a8e55-6b1b-4302-a8ca-331e331e4b67/datanode-7/data/ratis/54954870-3690-4d9f-971b-2d6c0c89d1ab/in_use.lock acquired by nodename 20606@pr-hdds-2291-5997d-4279494527
2019-11-17 11:14:11,210 [pool-579-thread-1] INFO  storage.RaftStorage (RaftStorage.java:format(84)) - Storage directory /workdir/hadoop-ozone/integration-test/target/test-dir/MiniOzoneClusterImpl-d61a8e55-6b1b-4302-a8ca-331e331e4b67/datanode-7/data/ratis/54954870-3690-4d9f-971b-2d6c0c89d1ab has been successfully formatted.
2019-11-17 11:14:11,210 [pool-579-thread-1] INFO  ratis.ContainerStateMachine (ContainerStateMachine.java:loadSnapshot(223)) - group-2D6C0C89D1AB: The snapshot info is null. Setting the last applied indexto:(t:0, i:~)
2019-11-17 11:14:11,210 [pool-579-thread-1] INFO  server.RaftServerConfigKeys (ConfUtils.java:logGet(43)) - raft.server.notification.no-leader.timeout = 120s (custom)
2019-11-17 11:14:11,210 [pool-579-thread-1] INFO  server.RaftServerConfigKeys (ConfUtils.java:logGet(43)) - raft.server.log.use.memory = false (default)
2019-11-17 11:14:11,210 [pool-579-thread-1] INFO  server.RaftServerConfigKeys (ConfUtils.java:logGet(43)) - raft.server.log.purge.gap = 1000000 (custom)
2019-11-17 11:14:11,210 [pool-579-thread-1] INFO  server.RaftServerConfigKeys (ConfUtils.java:logGet(43)) - raft.server.log.appender.buffer.byte-limit = 33554432 (custom)
2019-11-17 11:14:11,211 [pool-579-thread-1] INFO  server.RaftServerConfigKeys (ConfUtils.java:logGet(43)) - raft.server.log.segment.size.max = 1048576 (custom)
2019-11-17 11:14:11,211 [pool-579-thread-1] WARN  impl.MetricRegistriesImpl (MetricRegistriesImpl.java:lambda$create$1(61)) - First MetricRegistry has been created without registering reporters. You may need to call MetricRegistries.global().addReportRegistration(...) before.
2019-11-17 11:14:11,211 [pool-579-thread-1] INFO  server.RaftServerConfigKeys (ConfUtils.java:logGet(43)) - raft.server.log.segment.cache.num.max = 2 (custom)
2019-11-17 11:14:11,211 [pool-579-thread-1] INFO  segmented.SegmentedRaftLogWorker (SegmentedRaftLogWorker.java:<init>(173)) - new 357d2873-2248-48d2-9bf7-23aadc7fc5db@group-2D6C0C89D1AB-SegmentedRaftLogWorker for RaftStorage:Storage Directory /workdir/hadoop-ozone/integration-test/target/test-dir/MiniOzoneClusterImpl-d61a8e55-6b1b-4302-a8ca-331e331e4b67/datanode-7/data/ratis/54954870-3690-4d9f-971b-2d6c0c89d1ab
2019-11-17 11:14:11,211 [pool-579-thread-1] INFO  server.RaftServerConfigKeys (ConfUtils.java:logGet(43)) - raft.server.log.queue.byte-limit = 2147483647 (custom)
2019-11-17 11:14:11,211 [pool-579-thread-1] INFO  server.RaftServerConfigKeys (ConfUtils.java:logGet(43)) - raft.server.log.queue.element-limit = 1024 (custom)
2019-11-17 11:14:11,211 [pool-579-thread-1] INFO  server.RaftServerConfigKeys (ConfUtils.java:logGet(43)) - raft.server.log.segment.size.max = 1048576 (custom)
2019-11-17 11:14:11,211 [pool-579-thread-1] INFO  server.RaftServerConfigKeys (ConfUtils.java:logGet(43)) - raft.server.log.preallocated.size = 16384 (custom)
2019-11-17 11:14:11,211 [pool-579-thread-1] INFO  server.RaftServerConfigKeys (ConfUtils.java:logGet(43)) - raft.server.log.write.buffer.size = 33554432 (custom)
2019-11-17 11:14:11,212 [pool-579-thread-1] INFO  server.RaftServerConfigKeys (ConfUtils.java:logGet(43)) - raft.server.log.force.sync.num = 128 (default)
2019-11-17 11:14:11,212 [pool-579-thread-1] INFO  server.RaftServerConfigKeys (ConfUtils.java:logGet(43)) - raft.server.log.statemachine.data.sync = true (default)
2019-11-17 11:14:11,212 [pool-579-thread-1] INFO  server.RaftServerConfigKeys (ConfUtils.java:logGet(43)) - raft.server.log.statemachine.data.sync.timeout = 10s (default)
2019-11-17 11:14:11,212 [pool-579-thread-1] INFO  server.RaftServerConfigKeys (ConfUtils.java:logGet(43)) - raft.server.log.statemachine.data.sync.timeout.retry = -1 (default)
2019-11-17 11:14:11,212 [pool-579-thread-1] INFO  server.RaftServerConfigKeys (ConfUtils.java:logGet(43)) - raft.server.log.statemachine.data.caching.enabled = true (custom)
2019-11-17 11:14:11,212 [pool-579-thread-1] INFO  segmented.SegmentedRaftLogWorker (SegmentedRaftLogWorker.java:lambda$new$0(128)) - 357d2873-2248-48d2-9bf7-23aadc7fc5db@group-2D6C0C89D1AB-SegmentedRaftLogWorker: flushIndex: setUnconditionally 0 -> -1
2019-11-17 11:14:11,213 [pool-579-thread-1] INFO  server.RaftServerConfigKeys (ConfUtils.java:logGet(43)) - raft.server.snapshot.auto.trigger.enabled = true (custom)
2019-11-17 11:14:11,213 [pool-579-thread-1] INFO  server.RaftServerConfigKeys (ConfUtils.java:logGet(43)) - raft.server.snapshot.auto.trigger.threshold = 10000 (custom)
2019-11-17 11:14:11,213 [pool-579-thread-1] INFO  server.RaftServerConfigKeys (ConfUtils.java:logGet(43)) - raft.server.snapshot.retention.file.num = 5 (custom)
2019-11-17 11:14:11,213 [pool-579-thread-1] INFO  server.RaftServerConfigKeys (ConfUtils.java:logGet(43)) - raft.server.retrycache.expirytime = 600000ms (custom)
2019-11-17 11:14:11,213 [pool-579-thread-1] WARN  impl.MetricRegistriesImpl (MetricRegistriesImpl.java:lambda$create$1(61)) - First MetricRegistry has been created without registering reporters. You may need to call MetricRegistries.global().addReportRegistration(...) before.
2019-11-17 11:14:11,213 [pool-579-thread-1] WARN  impl.MetricRegistriesImpl (MetricRegistriesImpl.java:lambda$create$1(61)) - First MetricRegistry has been created without registering reporters. You may need to call MetricRegistries.global().addReportRegistration(...) before.
2019-11-17 11:14:11,213 [pool-579-thread-1] INFO  impl.RaftServerImpl (RaftServerImpl.java:start(184)) - 357d2873-2248-48d2-9bf7-23aadc7fc5db@group-2D6C0C89D1AB: start as a follower, conf=-1: [357d2873-2248-48d2-9bf7-23aadc7fc5db:192.168.34.35:44629], old=null
2019-11-17 11:14:11,214 [pool-579-thread-1] INFO  impl.RaftServerImpl (RaftServerImpl.java:setRole(173)) - 357d2873-2248-48d2-9bf7-23aadc7fc5db@group-2D6C0C89D1AB: changes role from      null to FOLLOWER at term 0 for startAsFollower
2019-11-17 11:14:11,214 [pool-579-thread-1] INFO  impl.RoleInfo (RoleInfo.java:updateAndGet(143)) - 357d2873-2248-48d2-9bf7-23aadc7fc5db: start FollowerState
2019-11-17 11:14:11,214 [pool-579-thread-1] INFO  util.JmxRegister (JmxRegister.java:tryRegister(44)) - Successfully registered JMX Bean with object name Ratis:service=RaftServer,group=group-2D6C0C89D1AB,id=357d2873-2248-48d2-9bf7-23aadc7fc5db
2019-11-17 11:14:11,214 [pool-579-thread-1] WARN  impl.MetricRegistriesImpl (MetricRegistriesImpl.java:lambda$create$1(61)) - First MetricRegistry has been created without registering reporters. You may need to call MetricRegistries.global().addReportRegistration(...) before.
2019-11-17 11:14:11,217 [RatisPipelineUtilsThread] INFO  pipeline.PipelineStateManager (PipelineStateManager.java:addPipeline(55)) - Created pipeline Pipeline[ Id: 54954870-3690-4d9f-971b-2d6c0c89d1ab, Nodes: 357d2873-2248-48d2-9bf7-23aadc7fc5db{ip: 192.168.34.35, host: pr-hdds-2291-5997d-4279494527, networkLocation: /rack1, certSerialId: null}, Type:RATIS, Factor:ONE, State:ALLOCATED]
2019-11-17 11:14:11,225 [grpc-default-executor-9] INFO  impl.RaftServerProxy (RaftServerProxy.java:addNew(89)) - 74a737c0-fb65-42e2-8af1-813ef9d8f4fa: addNew group-8ED39CBEB645:[74a737c0-fb65-42e2-8af1-813ef9d8f4fa:192.168.34.35:43292] returns group-8ED39CBEB645:java.util.concurrent.CompletableFuture@5794ba2[Not completed]
2019-11-17 11:14:11,226 [pool-589-thread-1] INFO  impl.RaftServerImpl (RaftServerImpl.java:<init>(98)) - 74a737c0-fb65-42e2-8af1-813ef9d8f4fa: new RaftServerImpl for group-8ED39CBEB645:[74a737c0-fb65-42e2-8af1-813ef9d8f4fa:192.168.34.35:43292] with ContainerStateMachine:uninitialized
2019-11-17 11:14:11,226 [pool-589-thread-1] INFO  server.RaftServerConfigKeys (ConfUtils.java:logGet(43)) - raft.server.rpc.timeout.min = 1s (custom)
2019-11-17 11:14:11,226 [pool-589-thread-1] INFO  server.RaftServerConfigKeys (ConfUtils.java:logGet(43)) - raft.server.rpc.timeout.max = 1200ms (custom)
2019-11-17 11:14:11,226 [pool-589-thread-1] INFO  server.RaftServerConfigKeys (ConfUtils.java:logGet(43)) - raft.server.rpcslowness.timeout = 120s (custom)
2019-11-17 11:14:11,226 [pool-589-thread-1] INFO  server.RaftServerConfigKeys (ConfUtils.java:logGet(43)) - raft.server.sleep.deviation.threshold = 300 (default)
2019-11-17 11:14:11,226 [pool-589-thread-1] INFO  server.RaftServerConfigKeys (ConfUtils.java:logGet(43)) - raft.server.log.appender.install.snapshot.enabled = false (custom)
2019-11-17 11:14:11,226 [pool-589-thread-1] INFO  impl.RaftServerImpl (ServerState.java:<init>(103)) - 74a737c0-fb65-42e2-8af1-813ef9d8f4fa@group-8ED39CBEB645: ConfigurationManager, init=-1: [74a737c0-fb65-42e2-8af1-813ef9d8f4fa:192.168.34.35:43292], old=null, confs=<EMPTY_MAP>
2019-11-17 11:14:11,227 [pool-589-thread-1] INFO  server.RaftServerConfigKeys (ConfUtils.java:logGet(43)) - raft.server.storage.dir = [/workdir/hadoop-ozone/integration-test/target/test-dir/MiniOzoneClusterImpl-d61a8e55-6b1b-4302-a8ca-331e331e4b67/datanode-8/data/ratis] (custom)
2019-11-17 11:14:11,227 [pool-589-thread-1] INFO  server.RaftServerConfigKeys (ConfUtils.java:logGet(43)) - raft.server.log.corruption.policy = EXCEPTION (default)
2019-11-17 11:14:11,227 [pool-589-thread-1] INFO  storage.RaftStorageDirectory (RaftStorageDirectory.java:analyzeStorage(246)) - The storage directory /workdir/hadoop-ozone/integration-test/target/test-dir/MiniOzoneClusterImpl-d61a8e55-6b1b-4302-a8ca-331e331e4b67/datanode-8/data/ratis/8b8dab8d-1197-4c9e-a2aa-8ed39cbeb645 does not exist. Creating ...
2019-11-17 11:14:11,237 [pool-589-thread-1] INFO  storage.RaftStorageDirectory (RaftStorageDirectory.java:tryLock(328)) - Lock on /workdir/hadoop-ozone/integration-test/target/test-dir/MiniOzoneClusterImpl-d61a8e55-6b1b-4302-a8ca-331e331e4b67/datanode-8/data/ratis/8b8dab8d-1197-4c9e-a2aa-8ed39cbeb645/in_use.lock acquired by nodename 20606@pr-hdds-2291-5997d-4279494527
2019-11-17 11:14:11,241 [IPC Server handler 7 on 37460] INFO  net.NetworkTopology (NetworkTopologyImpl.java:add(111)) - Added a new node: /rack1/f9de5302-5741-429b-9e37-55cacebd1d46
2019-11-17 11:14:11,241 [IPC Server handler 7 on 37460] INFO  node.SCMNodeManager (SCMNodeManager.java:register(267)) - Registered Data node : f9de5302-5741-429b-9e37-55cacebd1d46{ip: 192.168.34.35, host: pr-hdds-2291-5997d-4279494527, networkLocation: /rack1, certSerialId: null}
2019-11-17 11:14:11,252 [pool-589-thread-1] INFO  storage.RaftStorage (RaftStorage.java:format(84)) - Storage directory /workdir/hadoop-ozone/integration-test/target/test-dir/MiniOzoneClusterImpl-d61a8e55-6b1b-4302-a8ca-331e331e4b67/datanode-8/data/ratis/8b8dab8d-1197-4c9e-a2aa-8ed39cbeb645 has been successfully formatted.
2019-11-17 11:14:11,252 [pool-589-thread-1] INFO  ratis.ContainerStateMachine (ContainerStateMachine.java:loadSnapshot(223)) - group-8ED39CBEB645: The snapshot info is null. Setting the last applied indexto:(t:0, i:~)
2019-11-17 11:14:11,252 [pool-589-thread-1] INFO  server.RaftServerConfigKeys (ConfUtils.java:logGet(43)) - raft.server.notification.no-leader.timeout = 120s (custom)
2019-11-17 11:14:11,252 [pool-589-thread-1] INFO  server.RaftServerConfigKeys (ConfUtils.java:logGet(43)) - raft.server.log.use.memory = false (default)
2019-11-17 11:14:11,252 [pool-589-thread-1] INFO  server.RaftServerConfigKeys (ConfUtils.java:logGet(43)) - raft.server.log.purge.gap = 1000000 (custom)
2019-11-17 11:14:11,253 [pool-589-thread-1] INFO  server.RaftServerConfigKeys (ConfUtils.java:logGet(43)) - raft.server.log.appender.buffer.byte-limit = 33554432 (custom)
2019-11-17 11:14:11,253 [pool-589-thread-1] INFO  server.RaftServerConfigKeys (ConfUtils.java:logGet(43)) - raft.server.log.segment.size.max = 1048576 (custom)
2019-11-17 11:14:11,253 [pool-589-thread-1] WARN  impl.MetricRegistriesImpl (MetricRegistriesImpl.java:lambda$create$1(61)) - First MetricRegistry has been created without registering reporters. You may need to call MetricRegistries.global().addReportRegistration(...) before.
2019-11-17 11:14:11,253 [pool-589-thread-1] INFO  server.RaftServerConfigKeys (ConfUtils.java:logGet(43)) - raft.server.log.segment.cache.num.max = 2 (custom)
2019-11-17 11:14:11,253 [pool-589-thread-1] INFO  segmented.SegmentedRaftLogWorker (SegmentedRaftLogWorker.java:<init>(173)) - new 74a737c0-fb65-42e2-8af1-813ef9d8f4fa@group-8ED39CBEB645-SegmentedRaftLogWorker for RaftStorage:Storage Directory /workdir/hadoop-ozone/integration-test/target/test-dir/MiniOzoneClusterImpl-d61a8e55-6b1b-4302-a8ca-331e331e4b67/datanode-8/data/ratis/8b8dab8d-1197-4c9e-a2aa-8ed39cbeb645
2019-11-17 11:14:11,253 [pool-589-thread-1] INFO  server.RaftServerConfigKeys (ConfUtils.java:logGet(43)) - raft.server.log.queue.byte-limit = 2147483647 (custom)
2019-11-17 11:14:11,253 [pool-589-thread-1] INFO  server.RaftServerConfigKeys (ConfUtils.java:logGet(43)) - raft.server.log.queue.element-limit = 1024 (custom)
2019-11-17 11:14:11,253 [pool-589-thread-1] INFO  server.RaftServerConfigKeys (ConfUtils.java:logGet(43)) - raft.server.log.segment.size.max = 1048576 (custom)
2019-11-17 11:14:11,253 [pool-589-thread-1] INFO  server.RaftServerConfigKeys (ConfUtils.java:logGet(43)) - raft.server.log.preallocated.size = 16384 (custom)
2019-11-17 11:14:11,254 [pool-589-thread-1] INFO  server.RaftServerConfigKeys (ConfUtils.java:logGet(43)) - raft.server.log.write.buffer.size = 33554432 (custom)
2019-11-17 11:14:11,254 [pool-589-thread-1] INFO  server.RaftServerConfigKeys (ConfUtils.java:logGet(43)) - raft.server.log.force.sync.num = 128 (default)
2019-11-17 11:14:11,254 [pool-589-thread-1] INFO  server.RaftServerConfigKeys (ConfUtils.java:logGet(43)) - raft.server.log.statemachine.data.sync = true (default)
2019-11-17 11:14:11,254 [pool-589-thread-1] INFO  server.RaftServerConfigKeys (ConfUtils.java:logGet(43)) - raft.server.log.statemachine.data.sync.timeout = 10s (default)
2019-11-17 11:14:11,254 [pool-589-thread-1] INFO  server.RaftServerConfigKeys (ConfUtils.java:logGet(43)) - raft.server.log.statemachine.data.sync.timeout.retry = -1 (default)
2019-11-17 11:14:11,254 [pool-589-thread-1] INFO  server.RaftServerConfigKeys (ConfUtils.java:logGet(43)) - raft.server.log.statemachine.data.caching.enabled = true (custom)
2019-11-17 11:14:11,254 [pool-589-thread-1] INFO  segmented.SegmentedRaftLogWorker (SegmentedRaftLogWorker.java:lambda$new$0(128)) - 74a737c0-fb65-42e2-8af1-813ef9d8f4fa@group-8ED39CBEB645-SegmentedRaftLogWorker: flushIndex: setUnconditionally 0 -> -1
2019-11-17 11:14:11,255 [pool-589-thread-1] INFO  server.RaftServerConfigKeys (ConfUtils.java:logGet(43)) - raft.server.snapshot.auto.trigger.enabled = true (custom)
2019-11-17 11:14:11,255 [pool-589-thread-1] INFO  server.RaftServerConfigKeys (ConfUtils.java:logGet(43)) - raft.server.snapshot.auto.trigger.threshold = 10000 (custom)
2019-11-17 11:14:11,255 [pool-589-thread-1] INFO  server.RaftServerConfigKeys (ConfUtils.java:logGet(43)) - raft.server.snapshot.retention.file.num = 5 (custom)
2019-11-17 11:14:11,255 [pool-589-thread-1] INFO  server.RaftServerConfigKeys (ConfUtils.java:logGet(43)) - raft.server.retrycache.expirytime = 600000ms (custom)
2019-11-17 11:14:11,255 [pool-589-thread-1] WARN  impl.MetricRegistriesImpl (MetricRegistriesImpl.java:lambda$create$1(61)) - First MetricRegistry has been created without registering reporters. You may need to call MetricRegistries.global().addReportRegistration(...) before.
2019-11-17 11:14:11,255 [pool-589-thread-1] WARN  impl.MetricRegistriesImpl (MetricRegistriesImpl.java:lambda$create$1(61)) - First MetricRegistry has been created without registering reporters. You may need to call MetricRegistries.global().addReportRegistration(...) before.
2019-11-17 11:14:11,255 [pool-589-thread-1] INFO  impl.RaftServerImpl (RaftServerImpl.java:start(184)) - 74a737c0-fb65-42e2-8af1-813ef9d8f4fa@group-8ED39CBEB645: start as a follower, conf=-1: [74a737c0-fb65-42e2-8af1-813ef9d8f4fa:192.168.34.35:43292], old=null
2019-11-17 11:14:11,255 [pool-589-thread-1] INFO  impl.RaftServerImpl (RaftServerImpl.java:setRole(173)) - 74a737c0-fb65-42e2-8af1-813ef9d8f4fa@group-8ED39CBEB645: changes role from      null to FOLLOWER at term 0 for startAsFollower
2019-11-17 11:14:11,256 [pool-589-thread-1] INFO  impl.RoleInfo (RoleInfo.java:updateAndGet(143)) - 74a737c0-fb65-42e2-8af1-813ef9d8f4fa: start FollowerState
2019-11-17 11:14:11,256 [pool-589-thread-1] INFO  util.JmxRegister (JmxRegister.java:tryRegister(44)) - Successfully registered JMX Bean with object name Ratis:service=RaftServer,group=group-8ED39CBEB645,id=74a737c0-fb65-42e2-8af1-813ef9d8f4fa
2019-11-17 11:14:11,256 [pool-589-thread-1] WARN  impl.MetricRegistriesImpl (MetricRegistriesImpl.java:lambda$create$1(61)) - First MetricRegistry has been created without registering reporters. You may need to call MetricRegistries.global().addReportRegistration(...) before.
2019-11-17 11:14:11,258 [RatisPipelineUtilsThread] INFO  pipeline.PipelineStateManager (PipelineStateManager.java:addPipeline(55)) - Created pipeline Pipeline[ Id: 8b8dab8d-1197-4c9e-a2aa-8ed39cbeb645, Nodes: 74a737c0-fb65-42e2-8af1-813ef9d8f4fa{ip: 192.168.34.35, host: pr-hdds-2291-5997d-4279494527, networkLocation: /rack1, certSerialId: null}, Type:RATIS, Factor:ONE, State:ALLOCATED]
2019-11-17 11:14:11,264 [grpc-default-executor-9] INFO  impl.RaftServerProxy (RaftServerProxy.java:addNew(89)) - f9de5302-5741-429b-9e37-55cacebd1d46: addNew group-C98E57411139:[f9de5302-5741-429b-9e37-55cacebd1d46:192.168.34.35:34600] returns group-C98E57411139:java.util.concurrent.CompletableFuture@212a92bc[Not completed]
2019-11-17 11:14:11,266 [pool-599-thread-1] INFO  impl.RaftServerImpl (RaftServerImpl.java:<init>(98)) - f9de5302-5741-429b-9e37-55cacebd1d46: new RaftServerImpl for group-C98E57411139:[f9de5302-5741-429b-9e37-55cacebd1d46:192.168.34.35:34600] with ContainerStateMachine:uninitialized
2019-11-17 11:14:11,266 [pool-599-thread-1] INFO  server.RaftServerConfigKeys (ConfUtils.java:logGet(43)) - raft.server.rpc.timeout.min = 1s (custom)
2019-11-17 11:14:11,266 [pool-599-thread-1] INFO  server.RaftServerConfigKeys (ConfUtils.java:logGet(43)) - raft.server.rpc.timeout.max = 1200ms (custom)
2019-11-17 11:14:11,266 [pool-599-thread-1] INFO  server.RaftServerConfigKeys (ConfUtils.java:logGet(43)) - raft.server.rpcslowness.timeout = 120s (custom)
2019-11-17 11:14:11,266 [pool-599-thread-1] INFO  server.RaftServerConfigKeys (ConfUtils.java:logGet(43)) - raft.server.sleep.deviation.threshold = 300 (default)
2019-11-17 11:14:11,266 [pool-599-thread-1] INFO  server.RaftServerConfigKeys (ConfUtils.java:logGet(43)) - raft.server.log.appender.install.snapshot.enabled = false (custom)
2019-11-17 11:14:11,266 [pool-599-thread-1] INFO  impl.RaftServerImpl (ServerState.java:<init>(103)) - f9de5302-5741-429b-9e37-55cacebd1d46@group-C98E57411139: ConfigurationManager, init=-1: [f9de5302-5741-429b-9e37-55cacebd1d46:192.168.34.35:34600], old=null, confs=<EMPTY_MAP>
2019-11-17 11:14:11,266 [pool-599-thread-1] INFO  server.RaftServerConfigKeys (ConfUtils.java:logGet(43)) - raft.server.storage.dir = [/workdir/hadoop-ozone/integration-test/target/test-dir/MiniOzoneClusterImpl-d61a8e55-6b1b-4302-a8ca-331e331e4b67/datanode-9/data/ratis] (custom)
2019-11-17 11:14:11,267 [pool-599-thread-1] INFO  server.RaftServerConfigKeys (ConfUtils.java:logGet(43)) - raft.server.log.corruption.policy = EXCEPTION (default)
2019-11-17 11:14:11,267 [pool-599-thread-1] INFO  storage.RaftStorageDirectory (RaftStorageDirectory.java:analyzeStorage(246)) - The storage directory /workdir/hadoop-ozone/integration-test/target/test-dir/MiniOzoneClusterImpl-d61a8e55-6b1b-4302-a8ca-331e331e4b67/datanode-9/data/ratis/95f3d5e9-a24f-4e3d-b5cb-c98e57411139 does not exist. Creating ...
2019-11-17 11:14:11,281 [pool-599-thread-1] INFO  storage.RaftStorageDirectory (RaftStorageDirectory.java:tryLock(328)) - Lock on /workdir/hadoop-ozone/integration-test/target/test-dir/MiniOzoneClusterImpl-d61a8e55-6b1b-4302-a8ca-331e331e4b67/datanode-9/data/ratis/95f3d5e9-a24f-4e3d-b5cb-c98e57411139/in_use.lock acquired by nodename 20606@pr-hdds-2291-5997d-4279494527
2019-11-17 11:14:11,306 [pool-599-thread-1] INFO  storage.RaftStorage (RaftStorage.java:format(84)) - Storage directory /workdir/hadoop-ozone/integration-test/target/test-dir/MiniOzoneClusterImpl-d61a8e55-6b1b-4302-a8ca-331e331e4b67/datanode-9/data/ratis/95f3d5e9-a24f-4e3d-b5cb-c98e57411139 has been successfully formatted.
2019-11-17 11:14:11,306 [pool-599-thread-1] INFO  ratis.ContainerStateMachine (ContainerStateMachine.java:loadSnapshot(223)) - group-C98E57411139: The snapshot info is null. Setting the last applied indexto:(t:0, i:~)
2019-11-17 11:14:11,306 [pool-599-thread-1] INFO  server.RaftServerConfigKeys (ConfUtils.java:logGet(43)) - raft.server.notification.no-leader.timeout = 120s (custom)
2019-11-17 11:14:11,306 [pool-599-thread-1] INFO  server.RaftServerConfigKeys (ConfUtils.java:logGet(43)) - raft.server.log.use.memory = false (default)
2019-11-17 11:14:11,306 [pool-599-thread-1] INFO  server.RaftServerConfigKeys (ConfUtils.java:logGet(43)) - raft.server.log.purge.gap = 1000000 (custom)
2019-11-17 11:14:11,306 [pool-599-thread-1] INFO  server.RaftServerConfigKeys (ConfUtils.java:logGet(43)) - raft.server.log.appender.buffer.byte-limit = 33554432 (custom)
2019-11-17 11:14:11,307 [pool-599-thread-1] INFO  server.RaftServerConfigKeys (ConfUtils.java:logGet(43)) - raft.server.log.segment.size.max = 1048576 (custom)
2019-11-17 11:14:11,307 [pool-599-thread-1] WARN  impl.MetricRegistriesImpl (MetricRegistriesImpl.java:lambda$create$1(61)) - First MetricRegistry has been created without registering reporters. You may need to call MetricRegistries.global().addReportRegistration(...) before.
2019-11-17 11:14:11,307 [pool-599-thread-1] INFO  server.RaftServerConfigKeys (ConfUtils.java:logGet(43)) - raft.server.log.segment.cache.num.max = 2 (custom)
2019-11-17 11:14:11,307 [pool-599-thread-1] INFO  segmented.SegmentedRaftLogWorker (SegmentedRaftLogWorker.java:<init>(173)) - new f9de5302-5741-429b-9e37-55cacebd1d46@group-C98E57411139-SegmentedRaftLogWorker for RaftStorage:Storage Directory /workdir/hadoop-ozone/integration-test/target/test-dir/MiniOzoneClusterImpl-d61a8e55-6b1b-4302-a8ca-331e331e4b67/datanode-9/data/ratis/95f3d5e9-a24f-4e3d-b5cb-c98e57411139
2019-11-17 11:14:11,307 [pool-599-thread-1] INFO  server.RaftServerConfigKeys (ConfUtils.java:logGet(43)) - raft.server.log.queue.byte-limit = 2147483647 (custom)
2019-11-17 11:14:11,307 [pool-599-thread-1] INFO  server.RaftServerConfigKeys (ConfUtils.java:logGet(43)) - raft.server.log.queue.element-limit = 1024 (custom)
2019-11-17 11:14:11,307 [pool-599-thread-1] INFO  server.RaftServerConfigKeys (ConfUtils.java:logGet(43)) - raft.server.log.segment.size.max = 1048576 (custom)
2019-11-17 11:14:11,308 [pool-599-thread-1] INFO  server.RaftServerConfigKeys (ConfUtils.java:logGet(43)) - raft.server.log.preallocated.size = 16384 (custom)
2019-11-17 11:14:11,308 [pool-599-thread-1] INFO  server.RaftServerConfigKeys (ConfUtils.java:logGet(43)) - raft.server.log.write.buffer.size = 33554432 (custom)
2019-11-17 11:14:11,308 [pool-599-thread-1] INFO  server.RaftServerConfigKeys (ConfUtils.java:logGet(43)) - raft.server.log.force.sync.num = 128 (default)
2019-11-17 11:14:11,308 [pool-599-thread-1] INFO  server.RaftServerConfigKeys (ConfUtils.java:logGet(43)) - raft.server.log.statemachine.data.sync = true (default)
2019-11-17 11:14:11,308 [pool-599-thread-1] INFO  server.RaftServerConfigKeys (ConfUtils.java:logGet(43)) - raft.server.log.statemachine.data.sync.timeout = 10s (default)
2019-11-17 11:14:11,308 [pool-599-thread-1] INFO  server.RaftServerConfigKeys (ConfUtils.java:logGet(43)) - raft.server.log.statemachine.data.sync.timeout.retry = -1 (default)
2019-11-17 11:14:11,308 [pool-599-thread-1] INFO  server.RaftServerConfigKeys (ConfUtils.java:logGet(43)) - raft.server.log.statemachine.data.caching.enabled = true (custom)
2019-11-17 11:14:11,308 [pool-599-thread-1] INFO  segmented.SegmentedRaftLogWorker (SegmentedRaftLogWorker.java:lambda$new$0(128)) - f9de5302-5741-429b-9e37-55cacebd1d46@group-C98E57411139-SegmentedRaftLogWorker: flushIndex: setUnconditionally 0 -> -1
2019-11-17 11:14:11,309 [pool-599-thread-1] INFO  server.RaftServerConfigKeys (ConfUtils.java:logGet(43)) - raft.server.snapshot.auto.trigger.enabled = true (custom)
2019-11-17 11:14:11,309 [pool-599-thread-1] INFO  server.RaftServerConfigKeys (ConfUtils.java:logGet(43)) - raft.server.snapshot.auto.trigger.threshold = 10000 (custom)
2019-11-17 11:14:11,309 [pool-599-thread-1] INFO  server.RaftServerConfigKeys (ConfUtils.java:logGet(43)) - raft.server.snapshot.retention.file.num = 5 (custom)
2019-11-17 11:14:11,309 [pool-599-thread-1] INFO  server.RaftServerConfigKeys (ConfUtils.java:logGet(43)) - raft.server.retrycache.expirytime = 600000ms (custom)
2019-11-17 11:14:11,309 [pool-599-thread-1] WARN  impl.MetricRegistriesImpl (MetricRegistriesImpl.java:lambda$create$1(61)) - First MetricRegistry has been created without registering reporters. You may need to call MetricRegistries.global().addReportRegistration(...) before.
2019-11-17 11:14:11,309 [pool-599-thread-1] WARN  impl.MetricRegistriesImpl (MetricRegistriesImpl.java:lambda$create$1(61)) - First MetricRegistry has been created without registering reporters. You may need to call MetricRegistries.global().addReportRegistration(...) before.
2019-11-17 11:14:11,310 [pool-599-thread-1] INFO  impl.RaftServerImpl (RaftServerImpl.java:start(184)) - f9de5302-5741-429b-9e37-55cacebd1d46@group-C98E57411139: start as a follower, conf=-1: [f9de5302-5741-429b-9e37-55cacebd1d46:192.168.34.35:34600], old=null
2019-11-17 11:14:11,310 [pool-599-thread-1] INFO  impl.RaftServerImpl (RaftServerImpl.java:setRole(173)) - f9de5302-5741-429b-9e37-55cacebd1d46@group-C98E57411139: changes role from      null to FOLLOWER at term 0 for startAsFollower
2019-11-17 11:14:11,310 [pool-599-thread-1] INFO  impl.RoleInfo (RoleInfo.java:updateAndGet(143)) - f9de5302-5741-429b-9e37-55cacebd1d46: start FollowerState
2019-11-17 11:14:11,310 [pool-599-thread-1] INFO  util.JmxRegister (JmxRegister.java:tryRegister(44)) - Successfully registered JMX Bean with object name Ratis:service=RaftServer,group=group-C98E57411139,id=f9de5302-5741-429b-9e37-55cacebd1d46
2019-11-17 11:14:11,310 [pool-599-thread-1] WARN  impl.MetricRegistriesImpl (MetricRegistriesImpl.java:lambda$create$1(61)) - First MetricRegistry has been created without registering reporters. You may need to call MetricRegistries.global().addReportRegistration(...) before.
2019-11-17 11:14:11,313 [RatisPipelineUtilsThread] INFO  pipeline.PipelineStateManager (PipelineStateManager.java:addPipeline(55)) - Created pipeline Pipeline[ Id: 95f3d5e9-a24f-4e3d-b5cb-c98e57411139, Nodes: f9de5302-5741-429b-9e37-55cacebd1d46{ip: 192.168.34.35, host: pr-hdds-2291-5997d-4279494527, networkLocation: /rack1, certSerialId: null}, Type:RATIS, Factor:ONE, State:ALLOCATED]
2019-11-17 11:14:11,326 [grpc-default-executor-5] INFO  impl.RaftServerProxy (RaftServerProxy.java:addNew(89)) - f9de5302-5741-429b-9e37-55cacebd1d46: addNew group-6494A50D8365:[f9de5302-5741-429b-9e37-55cacebd1d46:192.168.34.35:34600, 357d2873-2248-48d2-9bf7-23aadc7fc5db:192.168.34.35:44629, d0563571-d5f5-405e-9b61-87c552fd142f:192.168.34.35:36223] returns group-6494A50D8365:java.util.concurrent.CompletableFuture@3de853d5[Not completed]
2019-11-17 11:14:11,326 [grpc-default-executor-6] INFO  impl.RaftServerProxy (RaftServerProxy.java:addNew(89)) - 357d2873-2248-48d2-9bf7-23aadc7fc5db: addNew group-6494A50D8365:[f9de5302-5741-429b-9e37-55cacebd1d46:192.168.34.35:34600, 357d2873-2248-48d2-9bf7-23aadc7fc5db:192.168.34.35:44629, d0563571-d5f5-405e-9b61-87c552fd142f:192.168.34.35:36223] returns group-6494A50D8365:java.util.concurrent.CompletableFuture@7bb8058a[Not completed]
2019-11-17 11:14:11,326 [grpc-default-executor-9] INFO  impl.RaftServerProxy (RaftServerProxy.java:addNew(89)) - d0563571-d5f5-405e-9b61-87c552fd142f: addNew group-6494A50D8365:[f9de5302-5741-429b-9e37-55cacebd1d46:192.168.34.35:34600, 357d2873-2248-48d2-9bf7-23aadc7fc5db:192.168.34.35:44629, d0563571-d5f5-405e-9b61-87c552fd142f:192.168.34.35:36223] returns group-6494A50D8365:java.util.concurrent.CompletableFuture@631e605b[Not completed]
2019-11-17 11:14:11,327 [pool-579-thread-1] INFO  impl.RaftServerImpl (RaftServerImpl.java:<init>(98)) - 357d2873-2248-48d2-9bf7-23aadc7fc5db: new RaftServerImpl for group-6494A50D8365:[f9de5302-5741-429b-9e37-55cacebd1d46:192.168.34.35:34600, 357d2873-2248-48d2-9bf7-23aadc7fc5db:192.168.34.35:44629, d0563571-d5f5-405e-9b61-87c552fd142f:192.168.34.35:36223] with ContainerStateMachine:uninitialized
2019-11-17 11:14:11,327 [pool-579-thread-1] INFO  server.RaftServerConfigKeys (ConfUtils.java:logGet(43)) - raft.server.rpc.timeout.min = 1s (custom)
2019-11-17 11:14:11,328 [pool-579-thread-1] INFO  server.RaftServerConfigKeys (ConfUtils.java:logGet(43)) - raft.server.rpc.timeout.max = 1200ms (custom)
2019-11-17 11:14:11,328 [pool-579-thread-1] INFO  server.RaftServerConfigKeys (ConfUtils.java:logGet(43)) - raft.server.rpcslowness.timeout = 120s (custom)
2019-11-17 11:14:11,328 [pool-579-thread-1] INFO  server.RaftServerConfigKeys (ConfUtils.java:logGet(43)) - raft.server.sleep.deviation.threshold = 300 (default)
2019-11-17 11:14:11,328 [pool-579-thread-1] INFO  server.RaftServerConfigKeys (ConfUtils.java:logGet(43)) - raft.server.log.appender.install.snapshot.enabled = false (custom)
2019-11-17 11:14:11,328 [pool-579-thread-1] INFO  impl.RaftServerImpl (ServerState.java:<init>(103)) - 357d2873-2248-48d2-9bf7-23aadc7fc5db@group-6494A50D8365: ConfigurationManager, init=-1: [f9de5302-5741-429b-9e37-55cacebd1d46:192.168.34.35:34600, 357d2873-2248-48d2-9bf7-23aadc7fc5db:192.168.34.35:44629, d0563571-d5f5-405e-9b61-87c552fd142f:192.168.34.35:36223], old=null, confs=<EMPTY_MAP>
2019-11-17 11:14:11,328 [pool-569-thread-1] INFO  impl.RaftServerImpl (RaftServerImpl.java:<init>(98)) - d0563571-d5f5-405e-9b61-87c552fd142f: new RaftServerImpl for group-6494A50D8365:[f9de5302-5741-429b-9e37-55cacebd1d46:192.168.34.35:34600, 357d2873-2248-48d2-9bf7-23aadc7fc5db:192.168.34.35:44629, d0563571-d5f5-405e-9b61-87c552fd142f:192.168.34.35:36223] with ContainerStateMachine:uninitialized
2019-11-17 11:14:11,328 [pool-579-thread-1] INFO  server.RaftServerConfigKeys (ConfUtils.java:logGet(43)) - raft.server.storage.dir = [/workdir/hadoop-ozone/integration-test/target/test-dir/MiniOzoneClusterImpl-d61a8e55-6b1b-4302-a8ca-331e331e4b67/datanode-7/data/ratis] (custom)
2019-11-17 11:14:11,329 [pool-569-thread-1] INFO  server.RaftServerConfigKeys (ConfUtils.java:logGet(43)) - raft.server.rpc.timeout.min = 1s (custom)
2019-11-17 11:14:11,329 [pool-569-thread-1] INFO  server.RaftServerConfigKeys (ConfUtils.java:logGet(43)) - raft.server.rpc.timeout.max = 1200ms (custom)
2019-11-17 11:14:11,329 [pool-599-thread-1] INFO  impl.RaftServerImpl (RaftServerImpl.java:<init>(98)) - f9de5302-5741-429b-9e37-55cacebd1d46: new RaftServerImpl for group-6494A50D8365:[f9de5302-5741-429b-9e37-55cacebd1d46:192.168.34.35:34600, 357d2873-2248-48d2-9bf7-23aadc7fc5db:192.168.34.35:44629, d0563571-d5f5-405e-9b61-87c552fd142f:192.168.34.35:36223] with ContainerStateMachine:uninitialized
2019-11-17 11:14:11,329 [pool-579-thread-1] INFO  server.RaftServerConfigKeys (ConfUtils.java:logGet(43)) - raft.server.log.corruption.policy = EXCEPTION (default)
2019-11-17 11:14:11,329 [pool-599-thread-1] INFO  server.RaftServerConfigKeys (ConfUtils.java:logGet(43)) - raft.server.rpc.timeout.min = 1s (custom)
2019-11-17 11:14:11,329 [pool-569-thread-1] INFO  server.RaftServerConfigKeys (ConfUtils.java:logGet(43)) - raft.server.rpcslowness.timeout = 120s (custom)
2019-11-17 11:14:11,329 [pool-579-thread-1] INFO  storage.RaftStorageDirectory (RaftStorageDirectory.java:analyzeStorage(246)) - The storage directory /workdir/hadoop-ozone/integration-test/target/test-dir/MiniOzoneClusterImpl-d61a8e55-6b1b-4302-a8ca-331e331e4b67/datanode-7/data/ratis/7f9217e1-e095-48d2-9ebd-6494a50d8365 does not exist. Creating ...
2019-11-17 11:14:11,329 [pool-599-thread-1] INFO  server.RaftServerConfigKeys (ConfUtils.java:logGet(43)) - raft.server.rpc.timeout.max = 1200ms (custom)
2019-11-17 11:14:11,329 [pool-569-thread-1] INFO  server.RaftServerConfigKeys (ConfUtils.java:logGet(43)) - raft.server.sleep.deviation.threshold = 300 (default)
2019-11-17 11:14:11,330 [pool-599-thread-1] INFO  server.RaftServerConfigKeys (ConfUtils.java:logGet(43)) - raft.server.rpcslowness.timeout = 120s (custom)
2019-11-17 11:14:11,330 [pool-569-thread-1] INFO  server.RaftServerConfigKeys (ConfUtils.java:logGet(43)) - raft.server.log.appender.install.snapshot.enabled = false (custom)
2019-11-17 11:14:11,330 [pool-599-thread-1] INFO  server.RaftServerConfigKeys (ConfUtils.java:logGet(43)) - raft.server.sleep.deviation.threshold = 300 (default)
2019-11-17 11:14:11,330 [pool-569-thread-1] INFO  impl.RaftServerImpl (ServerState.java:<init>(103)) - d0563571-d5f5-405e-9b61-87c552fd142f@group-6494A50D8365: ConfigurationManager, init=-1: [f9de5302-5741-429b-9e37-55cacebd1d46:192.168.34.35:34600, 357d2873-2248-48d2-9bf7-23aadc7fc5db:192.168.34.35:44629, d0563571-d5f5-405e-9b61-87c552fd142f:192.168.34.35:36223], old=null, confs=<EMPTY_MAP>
2019-11-17 11:14:11,330 [pool-599-thread-1] INFO  server.RaftServerConfigKeys (ConfUtils.java:logGet(43)) - raft.server.log.appender.install.snapshot.enabled = false (custom)
2019-11-17 11:14:11,330 [pool-569-thread-1] INFO  server.RaftServerConfigKeys (ConfUtils.java:logGet(43)) - raft.server.storage.dir = [/workdir/hadoop-ozone/integration-test/target/test-dir/MiniOzoneClusterImpl-d61a8e55-6b1b-4302-a8ca-331e331e4b67/datanode-6/data/ratis] (custom)
2019-11-17 11:14:11,330 [pool-599-thread-1] INFO  impl.RaftServerImpl (ServerState.java:<init>(103)) - f9de5302-5741-429b-9e37-55cacebd1d46@group-6494A50D8365: ConfigurationManager, init=-1: [f9de5302-5741-429b-9e37-55cacebd1d46:192.168.34.35:34600, 357d2873-2248-48d2-9bf7-23aadc7fc5db:192.168.34.35:44629, d0563571-d5f5-405e-9b61-87c552fd142f:192.168.34.35:36223], old=null, confs=<EMPTY_MAP>
2019-11-17 11:14:11,331 [pool-599-thread-1] INFO  server.RaftServerConfigKeys (ConfUtils.java:logGet(43)) - raft.server.storage.dir = [/workdir/hadoop-ozone/integration-test/target/test-dir/MiniOzoneClusterImpl-d61a8e55-6b1b-4302-a8ca-331e331e4b67/datanode-9/data/ratis] (custom)
2019-11-17 11:14:11,331 [pool-569-thread-1] INFO  server.RaftServerConfigKeys (ConfUtils.java:logGet(43)) - raft.server.log.corruption.policy = EXCEPTION (default)
2019-11-17 11:14:11,331 [pool-599-thread-1] INFO  server.RaftServerConfigKeys (ConfUtils.java:logGet(43)) - raft.server.log.corruption.policy = EXCEPTION (default)
2019-11-17 11:14:11,331 [pool-569-thread-1] INFO  storage.RaftStorageDirectory (RaftStorageDirectory.java:analyzeStorage(246)) - The storage directory /workdir/hadoop-ozone/integration-test/target/test-dir/MiniOzoneClusterImpl-d61a8e55-6b1b-4302-a8ca-331e331e4b67/datanode-6/data/ratis/7f9217e1-e095-48d2-9ebd-6494a50d8365 does not exist. Creating ...
2019-11-17 11:14:11,331 [pool-599-thread-1] INFO  storage.RaftStorageDirectory (RaftStorageDirectory.java:analyzeStorage(246)) - The storage directory /workdir/hadoop-ozone/integration-test/target/test-dir/MiniOzoneClusterImpl-d61a8e55-6b1b-4302-a8ca-331e331e4b67/datanode-9/data/ratis/7f9217e1-e095-48d2-9ebd-6494a50d8365 does not exist. Creating ...
2019-11-17 11:14:11,343 [pool-599-thread-1] INFO  storage.RaftStorageDirectory (RaftStorageDirectory.java:tryLock(328)) - Lock on /workdir/hadoop-ozone/integration-test/target/test-dir/MiniOzoneClusterImpl-d61a8e55-6b1b-4302-a8ca-331e331e4b67/datanode-9/data/ratis/7f9217e1-e095-48d2-9ebd-6494a50d8365/in_use.lock acquired by nodename 20606@pr-hdds-2291-5997d-4279494527
2019-11-17 11:14:11,343 [pool-579-thread-1] INFO  storage.RaftStorageDirectory (RaftStorageDirectory.java:tryLock(328)) - Lock on /workdir/hadoop-ozone/integration-test/target/test-dir/MiniOzoneClusterImpl-d61a8e55-6b1b-4302-a8ca-331e331e4b67/datanode-7/data/ratis/7f9217e1-e095-48d2-9ebd-6494a50d8365/in_use.lock acquired by nodename 20606@pr-hdds-2291-5997d-4279494527
2019-11-17 11:14:11,343 [pool-569-thread-1] INFO  storage.RaftStorageDirectory (RaftStorageDirectory.java:tryLock(328)) - Lock on /workdir/hadoop-ozone/integration-test/target/test-dir/MiniOzoneClusterImpl-d61a8e55-6b1b-4302-a8ca-331e331e4b67/datanode-6/data/ratis/7f9217e1-e095-48d2-9ebd-6494a50d8365/in_use.lock acquired by nodename 20606@pr-hdds-2291-5997d-4279494527
2019-11-17 11:14:11,368 [pool-579-thread-1] INFO  storage.RaftStorage (RaftStorage.java:format(84)) - Storage directory /workdir/hadoop-ozone/integration-test/target/test-dir/MiniOzoneClusterImpl-d61a8e55-6b1b-4302-a8ca-331e331e4b67/datanode-7/data/ratis/7f9217e1-e095-48d2-9ebd-6494a50d8365 has been successfully formatted.
2019-11-17 11:14:11,368 [pool-599-thread-1] INFO  storage.RaftStorage (RaftStorage.java:format(84)) - Storage directory /workdir/hadoop-ozone/integration-test/target/test-dir/MiniOzoneClusterImpl-d61a8e55-6b1b-4302-a8ca-331e331e4b67/datanode-9/data/ratis/7f9217e1-e095-48d2-9ebd-6494a50d8365 has been successfully formatted.
2019-11-17 11:14:11,368 [pool-569-thread-1] INFO  storage.RaftStorage (RaftStorage.java:format(84)) - Storage directory /workdir/hadoop-ozone/integration-test/target/test-dir/MiniOzoneClusterImpl-d61a8e55-6b1b-4302-a8ca-331e331e4b67/datanode-6/data/ratis/7f9217e1-e095-48d2-9ebd-6494a50d8365 has been successfully formatted.
2019-11-17 11:14:11,368 [pool-599-thread-1] INFO  ratis.ContainerStateMachine (ContainerStateMachine.java:loadSnapshot(223)) - group-6494A50D8365: The snapshot info is null. Setting the last applied indexto:(t:0, i:~)
2019-11-17 11:14:11,368 [pool-579-thread-1] INFO  ratis.ContainerStateMachine (ContainerStateMachine.java:loadSnapshot(223)) - group-6494A50D8365: The snapshot info is null. Setting the last applied indexto:(t:0, i:~)
2019-11-17 11:14:11,369 [pool-569-thread-1] INFO  ratis.ContainerStateMachine (ContainerStateMachine.java:loadSnapshot(223)) - group-6494A50D8365: The snapshot info is null. Setting the last applied indexto:(t:0, i:~)
2019-11-17 11:14:11,369 [pool-579-thread-1] INFO  server.RaftServerConfigKeys (ConfUtils.java:logGet(43)) - raft.server.notification.no-leader.timeout = 120s (custom)
2019-11-17 11:14:11,369 [pool-599-thread-1] INFO  server.RaftServerConfigKeys (ConfUtils.java:logGet(43)) - raft.server.notification.no-leader.timeout = 120s (custom)
2019-11-17 11:14:11,369 [pool-579-thread-1] INFO  server.RaftServerConfigKeys (ConfUtils.java:logGet(43)) - raft.server.log.use.memory = false (default)
2019-11-17 11:14:11,369 [pool-569-thread-1] INFO  server.RaftServerConfigKeys (ConfUtils.java:logGet(43)) - raft.server.notification.no-leader.timeout = 120s (custom)
2019-11-17 11:14:11,369 [pool-579-thread-1] INFO  server.RaftServerConfigKeys (ConfUtils.java:logGet(43)) - raft.server.log.purge.gap = 1000000 (custom)
2019-11-17 11:14:11,369 [pool-599-thread-1] INFO  server.RaftServerConfigKeys (ConfUtils.java:logGet(43)) - raft.server.log.use.memory = false (default)
2019-11-17 11:14:11,370 [pool-579-thread-1] INFO  server.RaftServerConfigKeys (ConfUtils.java:logGet(43)) - raft.server.log.appender.buffer.byte-limit = 33554432 (custom)
2019-11-17 11:14:11,369 [pool-569-thread-1] INFO  server.RaftServerConfigKeys (ConfUtils.java:logGet(43)) - raft.server.log.use.memory = false (default)
2019-11-17 11:14:11,370 [pool-579-thread-1] INFO  server.RaftServerConfigKeys (ConfUtils.java:logGet(43)) - raft.server.log.segment.size.max = 1048576 (custom)
2019-11-17 11:14:11,370 [pool-599-thread-1] INFO  server.RaftServerConfigKeys (ConfUtils.java:logGet(43)) - raft.server.log.purge.gap = 1000000 (custom)
2019-11-17 11:14:11,370 [pool-579-thread-1] INFO  server.RaftServerConfigKeys (ConfUtils.java:logGet(43)) - raft.server.log.segment.cache.num.max = 2 (custom)
2019-11-17 11:14:11,370 [pool-569-thread-1] INFO  server.RaftServerConfigKeys (ConfUtils.java:logGet(43)) - raft.server.log.purge.gap = 1000000 (custom)
2019-11-17 11:14:11,370 [pool-579-thread-1] INFO  segmented.SegmentedRaftLogWorker (SegmentedRaftLogWorker.java:<init>(173)) - new 357d2873-2248-48d2-9bf7-23aadc7fc5db@group-6494A50D8365-SegmentedRaftLogWorker for RaftStorage:Storage Directory /workdir/hadoop-ozone/integration-test/target/test-dir/MiniOzoneClusterImpl-d61a8e55-6b1b-4302-a8ca-331e331e4b67/datanode-7/data/ratis/7f9217e1-e095-48d2-9ebd-6494a50d8365
2019-11-17 11:14:11,370 [pool-599-thread-1] INFO  server.RaftServerConfigKeys (ConfUtils.java:logGet(43)) - raft.server.log.appender.buffer.byte-limit = 33554432 (custom)
2019-11-17 11:14:11,370 [pool-579-thread-1] INFO  server.RaftServerConfigKeys (ConfUtils.java:logGet(43)) - raft.server.log.queue.byte-limit = 2147483647 (custom)
2019-11-17 11:14:11,371 [pool-579-thread-1] INFO  server.RaftServerConfigKeys (ConfUtils.java:logGet(43)) - raft.server.log.queue.element-limit = 1024 (custom)
2019-11-17 11:14:11,370 [pool-569-thread-1] INFO  server.RaftServerConfigKeys (ConfUtils.java:logGet(43)) - raft.server.log.appender.buffer.byte-limit = 33554432 (custom)
2019-11-17 11:14:11,371 [pool-579-thread-1] INFO  server.RaftServerConfigKeys (ConfUtils.java:logGet(43)) - raft.server.log.segment.size.max = 1048576 (custom)
2019-11-17 11:14:11,371 [pool-599-thread-1] INFO  server.RaftServerConfigKeys (ConfUtils.java:logGet(43)) - raft.server.log.segment.size.max = 1048576 (custom)
2019-11-17 11:14:11,371 [pool-579-thread-1] INFO  server.RaftServerConfigKeys (ConfUtils.java:logGet(43)) - raft.server.log.preallocated.size = 16384 (custom)
2019-11-17 11:14:11,371 [pool-569-thread-1] INFO  server.RaftServerConfigKeys (ConfUtils.java:logGet(43)) - raft.server.log.segment.size.max = 1048576 (custom)
2019-11-17 11:14:11,371 [pool-579-thread-1] INFO  server.RaftServerConfigKeys (ConfUtils.java:logGet(43)) - raft.server.log.write.buffer.size = 33554432 (custom)
2019-11-17 11:14:11,371 [pool-599-thread-1] INFO  server.RaftServerConfigKeys (ConfUtils.java:logGet(43)) - raft.server.log.segment.cache.num.max = 2 (custom)
2019-11-17 11:14:11,371 [pool-579-thread-1] INFO  server.RaftServerConfigKeys (ConfUtils.java:logGet(43)) - raft.server.log.force.sync.num = 128 (default)
2019-11-17 11:14:11,371 [pool-569-thread-1] INFO  server.RaftServerConfigKeys (ConfUtils.java:logGet(43)) - raft.server.log.segment.cache.num.max = 2 (custom)
2019-11-17 11:14:11,372 [pool-579-thread-1] INFO  server.RaftServerConfigKeys (ConfUtils.java:logGet(43)) - raft.server.log.statemachine.data.sync = true (default)
2019-11-17 11:14:11,372 [pool-579-thread-1] INFO  server.RaftServerConfigKeys (ConfUtils.java:logGet(43)) - raft.server.log.statemachine.data.sync.timeout = 10s (default)
2019-11-17 11:14:11,372 [pool-599-thread-1] INFO  segmented.SegmentedRaftLogWorker (SegmentedRaftLogWorker.java:<init>(173)) - new f9de5302-5741-429b-9e37-55cacebd1d46@group-6494A50D8365-SegmentedRaftLogWorker for RaftStorage:Storage Directory /workdir/hadoop-ozone/integration-test/target/test-dir/MiniOzoneClusterImpl-d61a8e55-6b1b-4302-a8ca-331e331e4b67/datanode-9/data/ratis/7f9217e1-e095-48d2-9ebd-6494a50d8365
2019-11-17 11:14:11,372 [pool-579-thread-1] INFO  server.RaftServerConfigKeys (ConfUtils.java:logGet(43)) - raft.server.log.statemachine.data.sync.timeout.retry = -1 (default)
2019-11-17 11:14:11,372 [pool-569-thread-1] INFO  segmented.SegmentedRaftLogWorker (SegmentedRaftLogWorker.java:<init>(173)) - new d0563571-d5f5-405e-9b61-87c552fd142f@group-6494A50D8365-SegmentedRaftLogWorker for RaftStorage:Storage Directory /workdir/hadoop-ozone/integration-test/target/test-dir/MiniOzoneClusterImpl-d61a8e55-6b1b-4302-a8ca-331e331e4b67/datanode-6/data/ratis/7f9217e1-e095-48d2-9ebd-6494a50d8365
2019-11-17 11:14:11,372 [pool-579-thread-1] INFO  server.RaftServerConfigKeys (ConfUtils.java:logGet(43)) - raft.server.log.statemachine.data.caching.enabled = true (custom)
2019-11-17 11:14:11,372 [pool-599-thread-1] INFO  server.RaftServerConfigKeys (ConfUtils.java:logGet(43)) - raft.server.log.queue.byte-limit = 2147483647 (custom)
2019-11-17 11:14:11,373 [pool-569-thread-1] INFO  server.RaftServerConfigKeys (ConfUtils.java:logGet(43)) - raft.server.log.queue.byte-limit = 2147483647 (custom)
2019-11-17 11:14:11,373 [pool-579-thread-1] INFO  segmented.SegmentedRaftLogWorker (SegmentedRaftLogWorker.java:lambda$new$0(128)) - 357d2873-2248-48d2-9bf7-23aadc7fc5db@group-6494A50D8365-SegmentedRaftLogWorker: flushIndex: setUnconditionally 0 -> -1
2019-11-17 11:14:11,373 [pool-599-thread-1] INFO  server.RaftServerConfigKeys (ConfUtils.java:logGet(43)) - raft.server.log.queue.element-limit = 1024 (custom)
2019-11-17 11:14:11,373 [pool-569-thread-1] INFO  server.RaftServerConfigKeys (ConfUtils.java:logGet(43)) - raft.server.log.queue.element-limit = 1024 (custom)
2019-11-17 11:14:11,373 [pool-579-thread-1] INFO  server.RaftServerConfigKeys (ConfUtils.java:logGet(43)) - raft.server.snapshot.auto.trigger.enabled = true (custom)
2019-11-17 11:14:11,373 [pool-599-thread-1] INFO  server.RaftServerConfigKeys (ConfUtils.java:logGet(43)) - raft.server.log.segment.size.max = 1048576 (custom)
2019-11-17 11:14:11,373 [pool-579-thread-1] INFO  server.RaftServerConfigKeys (ConfUtils.java:logGet(43)) - raft.server.snapshot.auto.trigger.threshold = 10000 (custom)
2019-11-17 11:14:11,373 [pool-569-thread-1] INFO  server.RaftServerConfigKeys (ConfUtils.java:logGet(43)) - raft.server.log.segment.size.max = 1048576 (custom)
2019-11-17 11:14:11,374 [pool-579-thread-1] INFO  server.RaftServerConfigKeys (ConfUtils.java:logGet(43)) - raft.server.snapshot.retention.file.num = 5 (custom)
2019-11-17 11:14:11,374 [pool-599-thread-1] INFO  server.RaftServerConfigKeys (ConfUtils.java:logGet(43)) - raft.server.log.preallocated.size = 16384 (custom)
2019-11-17 11:14:11,374 [pool-579-thread-1] INFO  server.RaftServerConfigKeys (ConfUtils.java:logGet(43)) - raft.server.retrycache.expirytime = 600000ms (custom)
2019-11-17 11:14:11,374 [pool-569-thread-1] INFO  server.RaftServerConfigKeys (ConfUtils.java:logGet(43)) - raft.server.log.preallocated.size = 16384 (custom)
2019-11-17 11:14:11,374 [pool-579-thread-1] WARN  impl.MetricRegistriesImpl (MetricRegistriesImpl.java:lambda$create$1(61)) - First MetricRegistry has been created without registering reporters. You may need to call MetricRegistries.global().addReportRegistration(...) before.
2019-11-17 11:14:11,374 [pool-599-thread-1] INFO  server.RaftServerConfigKeys (ConfUtils.java:logGet(43)) - raft.server.log.write.buffer.size = 33554432 (custom)
2019-11-17 11:14:11,374 [pool-579-thread-1] WARN  impl.MetricRegistriesImpl (MetricRegistriesImpl.java:lambda$create$1(61)) - First MetricRegistry has been created without registering reporters. You may need to call MetricRegistries.global().addReportRegistration(...) before.
2019-11-17 11:14:11,374 [pool-569-thread-1] INFO  server.RaftServerConfigKeys (ConfUtils.java:logGet(43)) - raft.server.log.write.buffer.size = 33554432 (custom)
2019-11-17 11:14:11,375 [pool-579-thread-1] INFO  impl.RaftServerImpl (RaftServerImpl.java:start(184)) - 357d2873-2248-48d2-9bf7-23aadc7fc5db@group-6494A50D8365: start as a follower, conf=-1: [f9de5302-5741-429b-9e37-55cacebd1d46:192.168.34.35:34600, 357d2873-2248-48d2-9bf7-23aadc7fc5db:192.168.34.35:44629, d0563571-d5f5-405e-9b61-87c552fd142f:192.168.34.35:36223], old=null
2019-11-17 11:14:11,375 [pool-579-thread-1] INFO  impl.RaftServerImpl (RaftServerImpl.java:setRole(173)) - 357d2873-2248-48d2-9bf7-23aadc7fc5db@group-6494A50D8365: changes role from      null to FOLLOWER at term 0 for startAsFollower
2019-11-17 11:14:11,374 [pool-599-thread-1] INFO  server.RaftServerConfigKeys (ConfUtils.java:logGet(43)) - raft.server.log.force.sync.num = 128 (default)
2019-11-17 11:14:11,375 [pool-579-thread-1] INFO  impl.RoleInfo (RoleInfo.java:updateAndGet(143)) - 357d2873-2248-48d2-9bf7-23aadc7fc5db: start FollowerState
2019-11-17 11:14:11,375 [pool-569-thread-1] INFO  server.RaftServerConfigKeys (ConfUtils.java:logGet(43)) - raft.server.log.force.sync.num = 128 (default)
2019-11-17 11:14:11,375 [pool-599-thread-1] INFO  server.RaftServerConfigKeys (ConfUtils.java:logGet(43)) - raft.server.log.statemachine.data.sync = true (default)
2019-11-17 11:14:11,375 [pool-569-thread-1] INFO  server.RaftServerConfigKeys (ConfUtils.java:logGet(43)) - raft.server.log.statemachine.data.sync = true (default)
2019-11-17 11:14:11,375 [pool-579-thread-1] INFO  util.JmxRegister (JmxRegister.java:tryRegister(44)) - Successfully registered JMX Bean with object name Ratis:service=RaftServer,group=group-6494A50D8365,id=357d2873-2248-48d2-9bf7-23aadc7fc5db
2019-11-17 11:14:11,375 [pool-599-thread-1] INFO  server.RaftServerConfigKeys (ConfUtils.java:logGet(43)) - raft.server.log.statemachine.data.sync.timeout = 10s (default)
2019-11-17 11:14:11,376 [pool-579-thread-1] WARN  impl.MetricRegistriesImpl (MetricRegistriesImpl.java:lambda$create$1(61)) - First MetricRegistry has been created without registering reporters. You may need to call MetricRegistries.global().addReportRegistration(...) before.
2019-11-17 11:14:11,376 [pool-569-thread-1] INFO  server.RaftServerConfigKeys (ConfUtils.java:logGet(43)) - raft.server.log.statemachine.data.sync.timeout = 10s (default)
2019-11-17 11:14:11,376 [pool-569-thread-1] INFO  server.RaftServerConfigKeys (ConfUtils.java:logGet(43)) - raft.server.log.statemachine.data.sync.timeout.retry = -1 (default)
2019-11-17 11:14:11,376 [pool-599-thread-1] INFO  server.RaftServerConfigKeys (ConfUtils.java:logGet(43)) - raft.server.log.statemachine.data.sync.timeout.retry = -1 (default)
2019-11-17 11:14:11,376 [pool-569-thread-1] INFO  server.RaftServerConfigKeys (ConfUtils.java:logGet(43)) - raft.server.log.statemachine.data.caching.enabled = true (custom)
2019-11-17 11:14:11,376 [pool-599-thread-1] INFO  server.RaftServerConfigKeys (ConfUtils.java:logGet(43)) - raft.server.log.statemachine.data.caching.enabled = true (custom)
2019-11-17 11:14:11,377 [pool-569-thread-1] INFO  segmented.SegmentedRaftLogWorker (SegmentedRaftLogWorker.java:lambda$new$0(128)) - d0563571-d5f5-405e-9b61-87c552fd142f@group-6494A50D8365-SegmentedRaftLogWorker: flushIndex: setUnconditionally 0 -> -1
2019-11-17 11:14:11,377 [pool-599-thread-1] INFO  segmented.SegmentedRaftLogWorker (SegmentedRaftLogWorker.java:lambda$new$0(128)) - f9de5302-5741-429b-9e37-55cacebd1d46@group-6494A50D8365-SegmentedRaftLogWorker: flushIndex: setUnconditionally 0 -> -1
2019-11-17 11:14:11,377 [pool-569-thread-1] INFO  server.RaftServerConfigKeys (ConfUtils.java:logGet(43)) - raft.server.snapshot.auto.trigger.enabled = true (custom)
2019-11-17 11:14:11,377 [pool-569-thread-1] INFO  server.RaftServerConfigKeys (ConfUtils.java:logGet(43)) - raft.server.snapshot.auto.trigger.threshold = 10000 (custom)
2019-11-17 11:14:11,377 [pool-599-thread-1] INFO  server.RaftServerConfigKeys (ConfUtils.java:logGet(43)) - raft.server.snapshot.auto.trigger.enabled = true (custom)
2019-11-17 11:14:11,377 [pool-569-thread-1] INFO  server.RaftServerConfigKeys (ConfUtils.java:logGet(43)) - raft.server.snapshot.retention.file.num = 5 (custom)
2019-11-17 11:14:11,377 [pool-599-thread-1] INFO  server.RaftServerConfigKeys (ConfUtils.java:logGet(43)) - raft.server.snapshot.auto.trigger.threshold = 10000 (custom)
2019-11-17 11:14:11,377 [pool-569-thread-1] INFO  server.RaftServerConfigKeys (ConfUtils.java:logGet(43)) - raft.server.retrycache.expirytime = 600000ms (custom)
2019-11-17 11:14:11,378 [pool-599-thread-1] INFO  server.RaftServerConfigKeys (ConfUtils.java:logGet(43)) - raft.server.snapshot.retention.file.num = 5 (custom)
2019-11-17 11:14:11,378 [pool-569-thread-1] WARN  impl.MetricRegistriesImpl (MetricRegistriesImpl.java:lambda$create$1(61)) - First MetricRegistry has been created without registering reporters. You may need to call MetricRegistries.global().addReportRegistration(...) before.
2019-11-17 11:14:11,378 [pool-599-thread-1] INFO  server.RaftServerConfigKeys (ConfUtils.java:logGet(43)) - raft.server.retrycache.expirytime = 600000ms (custom)
2019-11-17 11:14:11,378 [pool-569-thread-1] WARN  impl.MetricRegistriesImpl (MetricRegistriesImpl.java:lambda$create$1(61)) - First MetricRegistry has been created without registering reporters. You may need to call MetricRegistries.global().addReportRegistration(...) before.
2019-11-17 11:14:11,378 [pool-599-thread-1] WARN  impl.MetricRegistriesImpl (MetricRegistriesImpl.java:lambda$create$1(61)) - First MetricRegistry has been created without registering reporters. You may need to call MetricRegistries.global().addReportRegistration(...) before.
2019-11-17 11:14:11,378 [pool-569-thread-1] INFO  impl.RaftServerImpl (RaftServerImpl.java:start(184)) - d0563571-d5f5-405e-9b61-87c552fd142f@group-6494A50D8365: start as a follower, conf=-1: [f9de5302-5741-429b-9e37-55cacebd1d46:192.168.34.35:34600, 357d2873-2248-48d2-9bf7-23aadc7fc5db:192.168.34.35:44629, d0563571-d5f5-405e-9b61-87c552fd142f:192.168.34.35:36223], old=null
2019-11-17 11:14:11,378 [pool-599-thread-1] WARN  impl.MetricRegistriesImpl (MetricRegistriesImpl.java:lambda$create$1(61)) - First MetricRegistry has been created without registering reporters. You may need to call MetricRegistries.global().addReportRegistration(...) before.
2019-11-17 11:14:11,378 [pool-569-thread-1] INFO  impl.RaftServerImpl (RaftServerImpl.java:setRole(173)) - d0563571-d5f5-405e-9b61-87c552fd142f@group-6494A50D8365: changes role from      null to FOLLOWER at term 0 for startAsFollower
2019-11-17 11:14:11,379 [pool-599-thread-1] INFO  impl.RaftServerImpl (RaftServerImpl.java:start(184)) - f9de5302-5741-429b-9e37-55cacebd1d46@group-6494A50D8365: start as a follower, conf=-1: [f9de5302-5741-429b-9e37-55cacebd1d46:192.168.34.35:34600, 357d2873-2248-48d2-9bf7-23aadc7fc5db:192.168.34.35:44629, d0563571-d5f5-405e-9b61-87c552fd142f:192.168.34.35:36223], old=null
2019-11-17 11:14:11,379 [pool-569-thread-1] INFO  impl.RoleInfo (RoleInfo.java:updateAndGet(143)) - d0563571-d5f5-405e-9b61-87c552fd142f: start FollowerState
2019-11-17 11:14:11,379 [pool-599-thread-1] INFO  impl.RaftServerImpl (RaftServerImpl.java:setRole(173)) - f9de5302-5741-429b-9e37-55cacebd1d46@group-6494A50D8365: changes role from      null to FOLLOWER at term 0 for startAsFollower
2019-11-17 11:14:11,379 [pool-599-thread-1] INFO  impl.RoleInfo (RoleInfo.java:updateAndGet(143)) - f9de5302-5741-429b-9e37-55cacebd1d46: start FollowerState
2019-11-17 11:14:11,379 [pool-569-thread-1] INFO  util.JmxRegister (JmxRegister.java:tryRegister(44)) - Successfully registered JMX Bean with object name Ratis:service=RaftServer,group=group-6494A50D8365,id=d0563571-d5f5-405e-9b61-87c552fd142f
2019-11-17 11:14:11,379 [pool-569-thread-1] WARN  impl.MetricRegistriesImpl (MetricRegistriesImpl.java:lambda$create$1(61)) - First MetricRegistry has been created without registering reporters. You may need to call MetricRegistries.global().addReportRegistration(...) before.
2019-11-17 11:14:11,379 [pool-599-thread-1] INFO  util.JmxRegister (JmxRegister.java:tryRegister(44)) - Successfully registered JMX Bean with object name Ratis:service=RaftServer,group=group-6494A50D8365,id=f9de5302-5741-429b-9e37-55cacebd1d46
2019-11-17 11:14:11,380 [pool-599-thread-1] WARN  impl.MetricRegistriesImpl (MetricRegistriesImpl.java:lambda$create$1(61)) - First MetricRegistry has been created without registering reporters. You may need to call MetricRegistries.global().addReportRegistration(...) before.
2019-11-17 11:14:11,395 [RatisPipelineUtilsThread] INFO  pipeline.PipelineStateManager (PipelineStateManager.java:addPipeline(55)) - Created pipeline Pipeline[ Id: 7f9217e1-e095-48d2-9ebd-6494a50d8365, Nodes: f9de5302-5741-429b-9e37-55cacebd1d46{ip: 192.168.34.35, host: pr-hdds-2291-5997d-4279494527, networkLocation: /rack1, certSerialId: null}d0563571-d5f5-405e-9b61-87c552fd142f{ip: 192.168.34.35, host: pr-hdds-2291-5997d-4279494527, networkLocation: /rack1, certSerialId: null}357d2873-2248-48d2-9bf7-23aadc7fc5db{ip: 192.168.34.35, host: pr-hdds-2291-5997d-4279494527, networkLocation: /rack1, certSerialId: null}, Type:RATIS, Factor:THREE, State:ALLOCATED]
2019-11-17 11:14:11,396 [main] INFO  ozone.MiniOzoneClusterImpl (MiniOzoneClusterImpl.java:lambda$waitForClusterToBeReady$2(163)) - Waiting for 13 number of pipelines out of 13, to report a leader.
2019-11-17 11:14:11,825 [Thread-3716] INFO  impl.FollowerState (FollowerState.java:run(111)) - 3d268c2e-02d6-42d5-8f0a-acb046ab2083@group-E0A06911BCE3-FollowerState: change to CANDIDATE, lastRpcTime:1126ms, electionTimeout:1126ms
2019-11-17 11:14:11,825 [Thread-3716] INFO  impl.RoleInfo (RoleInfo.java:shutdownFollowerState(121)) - 3d268c2e-02d6-42d5-8f0a-acb046ab2083: shutdown FollowerState
2019-11-17 11:14:11,825 [Thread-3716] INFO  impl.RaftServerImpl (RaftServerImpl.java:setRole(173)) - 3d268c2e-02d6-42d5-8f0a-acb046ab2083@group-E0A06911BCE3: changes role from  FOLLOWER to CANDIDATE at term 0 for changeToCandidate
2019-11-17 11:14:11,826 [Thread-3716] INFO  impl.RoleInfo (RoleInfo.java:updateAndGet(143)) - 3d268c2e-02d6-42d5-8f0a-acb046ab2083: start LeaderElection
2019-11-17 11:14:11,832 [Thread-3722] INFO  impl.FollowerState (FollowerState.java:run(111)) - 4c46855d-d979-4113-9d53-291bcfa92579@group-07DDCA97E1E3-FollowerState: change to CANDIDATE, lastRpcTime:1043ms, electionTimeout:1043ms
2019-11-17 11:14:11,832 [Thread-3722] INFO  impl.RoleInfo (RoleInfo.java:shutdownFollowerState(121)) - 4c46855d-d979-4113-9d53-291bcfa92579: shutdown FollowerState
2019-11-17 11:14:11,832 [Thread-3722] INFO  impl.RaftServerImpl (RaftServerImpl.java:setRole(173)) - 4c46855d-d979-4113-9d53-291bcfa92579@group-07DDCA97E1E3: changes role from  FOLLOWER to CANDIDATE at term 0 for changeToCandidate
2019-11-17 11:14:11,832 [Thread-3722] INFO  impl.RoleInfo (RoleInfo.java:updateAndGet(143)) - 4c46855d-d979-4113-9d53-291bcfa92579: start LeaderElection
2019-11-17 11:14:11,841 [4c46855d-d979-4113-9d53-291bcfa92579@group-07DDCA97E1E3-LeaderElection186] INFO  impl.LeaderElection (LeaderElection.java:askForVotes(178)) - 4c46855d-d979-4113-9d53-291bcfa92579@group-07DDCA97E1E3-LeaderElection186: begin an election at term 1 for -1: [4c46855d-d979-4113-9d53-291bcfa92579:192.168.34.35:41089], old=null
2019-11-17 11:14:11,841 [3d268c2e-02d6-42d5-8f0a-acb046ab2083@group-E0A06911BCE3-LeaderElection185] INFO  impl.LeaderElection (LeaderElection.java:askForVotes(178)) - 3d268c2e-02d6-42d5-8f0a-acb046ab2083@group-E0A06911BCE3-LeaderElection185: begin an election at term 1 for -1: [3d268c2e-02d6-42d5-8f0a-acb046ab2083:192.168.34.35:41075], old=null
2019-11-17 11:14:11,841 [4c46855d-d979-4113-9d53-291bcfa92579@group-07DDCA97E1E3-LeaderElection186] INFO  impl.RoleInfo (RoleInfo.java:shutdownLeaderElection(134)) - 4c46855d-d979-4113-9d53-291bcfa92579: shutdown LeaderElection
2019-11-17 11:14:11,841 [3d268c2e-02d6-42d5-8f0a-acb046ab2083@group-E0A06911BCE3-LeaderElection185] INFO  impl.RoleInfo (RoleInfo.java:shutdownLeaderElection(134)) - 3d268c2e-02d6-42d5-8f0a-acb046ab2083: shutdown LeaderElection
2019-11-17 11:14:11,841 [4c46855d-d979-4113-9d53-291bcfa92579@group-07DDCA97E1E3-LeaderElection186] INFO  impl.RaftServerImpl (RaftServerImpl.java:setRole(173)) - 4c46855d-d979-4113-9d53-291bcfa92579@group-07DDCA97E1E3: changes role from CANDIDATE to LEADER at term 1 for changeToLeader
2019-11-17 11:14:11,841 [3d268c2e-02d6-42d5-8f0a-acb046ab2083@group-E0A06911BCE3-LeaderElection185] INFO  impl.RaftServerImpl (RaftServerImpl.java:setRole(173)) - 3d268c2e-02d6-42d5-8f0a-acb046ab2083@group-E0A06911BCE3: changes role from CANDIDATE to LEADER at term 1 for changeToLeader
2019-11-17 11:14:11,841 [4c46855d-d979-4113-9d53-291bcfa92579@group-07DDCA97E1E3-LeaderElection186] INFO  ratis.XceiverServerRatis (XceiverServerRatis.java:handleLeaderChangedNotification(697)) - Leader change notification received for group: group-07DDCA97E1E3 with new leaderId: 4c46855d-d979-4113-9d53-291bcfa92579
2019-11-17 11:14:11,841 [3d268c2e-02d6-42d5-8f0a-acb046ab2083@group-E0A06911BCE3-LeaderElection185] INFO  ratis.XceiverServerRatis (XceiverServerRatis.java:handleLeaderChangedNotification(697)) - Leader change notification received for group: group-E0A06911BCE3 with new leaderId: 3d268c2e-02d6-42d5-8f0a-acb046ab2083
2019-11-17 11:14:11,842 [4c46855d-d979-4113-9d53-291bcfa92579@group-07DDCA97E1E3-LeaderElection186] INFO  impl.RaftServerImpl (ServerState.java:setLeader(255)) - 4c46855d-d979-4113-9d53-291bcfa92579@group-07DDCA97E1E3: change Leader from null to 4c46855d-d979-4113-9d53-291bcfa92579 at term 1 for becomeLeader, leader elected after 1057ms
2019-11-17 11:14:11,842 [3d268c2e-02d6-42d5-8f0a-acb046ab2083@group-E0A06911BCE3-LeaderElection185] INFO  impl.RaftServerImpl (ServerState.java:setLeader(255)) - 3d268c2e-02d6-42d5-8f0a-acb046ab2083@group-E0A06911BCE3: change Leader from null to 3d268c2e-02d6-42d5-8f0a-acb046ab2083 at term 1 for becomeLeader, leader elected after 1148ms
2019-11-17 11:14:11,842 [4c46855d-d979-4113-9d53-291bcfa92579@group-07DDCA97E1E3-LeaderElection186] INFO  server.RaftServerConfigKeys (ConfUtils.java:logGet(43)) - raft.server.staging.catchup.gap = 1000 (default)
2019-11-17 11:14:11,842 [3d268c2e-02d6-42d5-8f0a-acb046ab2083@group-E0A06911BCE3-LeaderElection185] INFO  server.RaftServerConfigKeys (ConfUtils.java:logGet(43)) - raft.server.staging.catchup.gap = 1000 (default)
2019-11-17 11:14:11,844 [4c46855d-d979-4113-9d53-291bcfa92579@group-07DDCA97E1E3-LeaderElection186] INFO  server.RaftServerConfigKeys (ConfUtils.java:logGet(43)) - raft.server.rpc.sleep.time = 25ms (default)
2019-11-17 11:14:11,844 [3d268c2e-02d6-42d5-8f0a-acb046ab2083@group-E0A06911BCE3-LeaderElection185] INFO  server.RaftServerConfigKeys (ConfUtils.java:logGet(43)) - raft.server.rpc.sleep.time = 25ms (default)
2019-11-17 11:14:11,845 [4c46855d-d979-4113-9d53-291bcfa92579@group-07DDCA97E1E3-LeaderElection186] INFO  server.RaftServerConfigKeys (ConfUtils.java:logGet(43)) - raft.server.write.element-limit = 4096 (default)
2019-11-17 11:14:11,845 [3d268c2e-02d6-42d5-8f0a-acb046ab2083@group-E0A06911BCE3-LeaderElection185] INFO  server.RaftServerConfigKeys (ConfUtils.java:logGet(43)) - raft.server.write.element-limit = 4096 (default)
2019-11-17 11:14:11,845 [4c46855d-d979-4113-9d53-291bcfa92579@group-07DDCA97E1E3-LeaderElection186] INFO  server.RaftServerConfigKeys (ConfUtils.java:logGet(43)) - raft.server.watch.timeout = 10s (default)
2019-11-17 11:14:11,845 [3d268c2e-02d6-42d5-8f0a-acb046ab2083@group-E0A06911BCE3-LeaderElection185] INFO  server.RaftServerConfigKeys (ConfUtils.java:logGet(43)) - raft.server.watch.timeout = 10s (default)
2019-11-17 11:14:11,845 [4c46855d-d979-4113-9d53-291bcfa92579@group-07DDCA97E1E3-LeaderElection186] INFO  server.RaftServerConfigKeys (ConfUtils.java:logGet(43)) - raft.server.watch.timeout.denomination = 1s (default)
2019-11-17 11:14:11,845 [3d268c2e-02d6-42d5-8f0a-acb046ab2083@group-E0A06911BCE3-LeaderElection185] INFO  server.RaftServerConfigKeys (ConfUtils.java:logGet(43)) - raft.server.watch.timeout.denomination = 1s (default)
2019-11-17 11:14:11,845 [4c46855d-d979-4113-9d53-291bcfa92579@group-07DDCA97E1E3-LeaderElection186] INFO  server.RaftServerConfigKeys (ConfUtils.java:logGet(43)) - raft.server.watch.element-limit = 65536 (default)
2019-11-17 11:14:11,845 [EventQueue-PipelineReportForPipelineReportHandler] INFO  pipeline.PipelineStateManager (PipelineStateManager.java:openPipeline(134)) - Pipeline Pipeline[ Id: c1ecff83-31d3-4d7d-830d-07ddca97e1e3, Nodes: 4c46855d-d979-4113-9d53-291bcfa92579{ip: 192.168.34.35, host: pr-hdds-2291-5997d-4279494527, networkLocation: /rack1, certSerialId: null}, Type:RATIS, Factor:ONE, State:OPEN] moved to OPEN state
2019-11-17 11:14:11,846 [3d268c2e-02d6-42d5-8f0a-acb046ab2083@group-E0A06911BCE3-LeaderElection185] INFO  server.RaftServerConfigKeys (ConfUtils.java:logGet(43)) - raft.server.watch.element-limit = 65536 (default)
2019-11-17 11:14:11,846 [EventQueue-PipelineReportForPipelineReportHandler] INFO  pipeline.PipelineStateManager (PipelineStateManager.java:openPipeline(134)) - Pipeline Pipeline[ Id: 45869c53-998e-4d18-b807-e0a06911bce3, Nodes: 3d268c2e-02d6-42d5-8f0a-acb046ab2083{ip: 192.168.34.35, host: pr-hdds-2291-5997d-4279494527, networkLocation: /rack1, certSerialId: null}, Type:RATIS, Factor:ONE, State:OPEN] moved to OPEN state
2019-11-17 11:14:11,846 [4c46855d-d979-4113-9d53-291bcfa92579@group-07DDCA97E1E3-LeaderElection186] INFO  impl.RoleInfo (RoleInfo.java:updateAndGet(143)) - 4c46855d-d979-4113-9d53-291bcfa92579: start LeaderState
2019-11-17 11:14:11,846 [3d268c2e-02d6-42d5-8f0a-acb046ab2083@group-E0A06911BCE3-LeaderElection185] INFO  impl.RoleInfo (RoleInfo.java:updateAndGet(143)) - 3d268c2e-02d6-42d5-8f0a-acb046ab2083: start LeaderState
2019-11-17 11:14:11,847 [4c46855d-d979-4113-9d53-291bcfa92579@group-07DDCA97E1E3-LeaderElection186] INFO  segmented.SegmentedRaftLogWorker (SegmentedRaftLogWorker.java:startLogSegment(385)) - 4c46855d-d979-4113-9d53-291bcfa92579@group-07DDCA97E1E3-SegmentedRaftLogWorker: Starting segment from index:0
2019-11-17 11:14:11,847 [3d268c2e-02d6-42d5-8f0a-acb046ab2083@group-E0A06911BCE3-LeaderElection185] INFO  segmented.SegmentedRaftLogWorker (SegmentedRaftLogWorker.java:startLogSegment(385)) - 3d268c2e-02d6-42d5-8f0a-acb046ab2083@group-E0A06911BCE3-SegmentedRaftLogWorker: Starting segment from index:0
2019-11-17 11:14:11,847 [4c46855d-d979-4113-9d53-291bcfa92579@group-07DDCA97E1E3-LeaderElection186] INFO  impl.RaftServerImpl (ServerState.java:setRaftConf(356)) - 4c46855d-d979-4113-9d53-291bcfa92579@group-07DDCA97E1E3: set configuration 0: [4c46855d-d979-4113-9d53-291bcfa92579:192.168.34.35:41089], old=null at 0
2019-11-17 11:14:11,847 [3d268c2e-02d6-42d5-8f0a-acb046ab2083@group-E0A06911BCE3-LeaderElection185] INFO  impl.RaftServerImpl (ServerState.java:setRaftConf(356)) - 3d268c2e-02d6-42d5-8f0a-acb046ab2083@group-E0A06911BCE3: set configuration 0: [3d268c2e-02d6-42d5-8f0a-acb046ab2083:192.168.34.35:41075], old=null at 0
2019-11-17 11:14:11,875 [Thread-3725] INFO  impl.FollowerState (FollowerState.java:run(111)) - eab723bb-0aff-418b-9bd7-1333118797a2@group-F68C65ADDFE2-FollowerState: change to CANDIDATE, lastRpcTime:1020ms, electionTimeout:1020ms
2019-11-17 11:14:11,875 [Thread-3725] INFO  impl.RoleInfo (RoleInfo.java:shutdownFollowerState(121)) - eab723bb-0aff-418b-9bd7-1333118797a2: shutdown FollowerState
2019-11-17 11:14:11,875 [Thread-3725] INFO  impl.RaftServerImpl (RaftServerImpl.java:setRole(173)) - eab723bb-0aff-418b-9bd7-1333118797a2@group-F68C65ADDFE2: changes role from  FOLLOWER to CANDIDATE at term 0 for changeToCandidate
2019-11-17 11:14:11,875 [Thread-3725] INFO  impl.RoleInfo (RoleInfo.java:updateAndGet(143)) - eab723bb-0aff-418b-9bd7-1333118797a2: start LeaderElection
2019-11-17 11:14:11,889 [Thread-3719] INFO  impl.FollowerState (FollowerState.java:run(111)) - eab723bb-0aff-418b-9bd7-1333118797a2@group-EB146D1C0EFC-FollowerState: change to CANDIDATE, lastRpcTime:1143ms, electionTimeout:1134ms
2019-11-17 11:14:11,889 [Thread-3719] INFO  impl.RoleInfo (RoleInfo.java:shutdownFollowerState(121)) - eab723bb-0aff-418b-9bd7-1333118797a2: shutdown FollowerState
2019-11-17 11:14:11,889 [Thread-3719] INFO  impl.RaftServerImpl (RaftServerImpl.java:setRole(173)) - eab723bb-0aff-418b-9bd7-1333118797a2@group-EB146D1C0EFC: changes role from  FOLLOWER to CANDIDATE at term 0 for changeToCandidate
2019-11-17 11:14:11,890 [Thread-3719] INFO  impl.RoleInfo (RoleInfo.java:updateAndGet(143)) - eab723bb-0aff-418b-9bd7-1333118797a2: start LeaderElection
2019-11-17 11:14:11,897 [Thread-3730] INFO  impl.FollowerState (FollowerState.java:run(111)) - 4c46855d-d979-4113-9d53-291bcfa92579@group-F68C65ADDFE2-FollowerState: change to CANDIDATE, lastRpcTime:1037ms, electionTimeout:1037ms
2019-11-17 11:14:11,897 [Thread-3730] INFO  impl.RoleInfo (RoleInfo.java:shutdownFollowerState(121)) - 4c46855d-d979-4113-9d53-291bcfa92579: shutdown FollowerState
2019-11-17 11:14:11,897 [Thread-3730] INFO  impl.RaftServerImpl (RaftServerImpl.java:setRole(173)) - 4c46855d-d979-4113-9d53-291bcfa92579@group-F68C65ADDFE2: changes role from  FOLLOWER to CANDIDATE at term 0 for changeToCandidate
2019-11-17 11:14:11,897 [Thread-3730] INFO  impl.RoleInfo (RoleInfo.java:updateAndGet(143)) - 4c46855d-d979-4113-9d53-291bcfa92579: start LeaderElection
2019-11-17 11:14:11,906 [Thread-3729] INFO  impl.FollowerState (FollowerState.java:run(111)) - 3d268c2e-02d6-42d5-8f0a-acb046ab2083@group-F68C65ADDFE2-FollowerState: change to CANDIDATE, lastRpcTime:1047ms, electionTimeout:1047ms
2019-11-17 11:14:11,906 [Thread-3729] INFO  impl.RoleInfo (RoleInfo.java:shutdownFollowerState(121)) - 3d268c2e-02d6-42d5-8f0a-acb046ab2083: shutdown FollowerState
2019-11-17 11:14:11,906 [Thread-3729] INFO  impl.RaftServerImpl (RaftServerImpl.java:setRole(173)) - 3d268c2e-02d6-42d5-8f0a-acb046ab2083@group-F68C65ADDFE2: changes role from  FOLLOWER to CANDIDATE at term 0 for changeToCandidate
2019-11-17 11:14:11,906 [Thread-3729] INFO  impl.RoleInfo (RoleInfo.java:updateAndGet(143)) - 3d268c2e-02d6-42d5-8f0a-acb046ab2083: start LeaderElection
2019-11-17 11:14:11,914 [3d268c2e-02d6-42d5-8f0a-acb046ab2083@group-E0A06911BCE3-SegmentedRaftLogWorker] INFO  segmented.SegmentedRaftLogWorker (SegmentedRaftLogWorker.java:execute(576)) - 3d268c2e-02d6-42d5-8f0a-acb046ab2083@group-E0A06911BCE3-SegmentedRaftLogWorker: created new log segment /workdir/hadoop-ozone/integration-test/target/test-dir/MiniOzoneClusterImpl-d61a8e55-6b1b-4302-a8ca-331e331e4b67/datanode-0/data/ratis/45869c53-998e-4d18-b807-e0a06911bce3/current/log_inprogress_0
2019-11-17 11:14:11,914 [4c46855d-d979-4113-9d53-291bcfa92579@group-07DDCA97E1E3-SegmentedRaftLogWorker] INFO  segmented.SegmentedRaftLogWorker (SegmentedRaftLogWorker.java:execute(576)) - 4c46855d-d979-4113-9d53-291bcfa92579@group-07DDCA97E1E3-SegmentedRaftLogWorker: created new log segment /workdir/hadoop-ozone/integration-test/target/test-dir/MiniOzoneClusterImpl-d61a8e55-6b1b-4302-a8ca-331e331e4b67/datanode-2/data/ratis/c1ecff83-31d3-4d7d-830d-07ddca97e1e3/current/log_inprogress_0
2019-11-17 11:14:11,914 [eab723bb-0aff-418b-9bd7-1333118797a2@group-F68C65ADDFE2-LeaderElection187] INFO  impl.LeaderElection (LeaderElection.java:askForVotes(178)) - eab723bb-0aff-418b-9bd7-1333118797a2@group-F68C65ADDFE2-LeaderElection187: begin an election at term 1 for -1: [4c46855d-d979-4113-9d53-291bcfa92579:192.168.34.35:41089, 3d268c2e-02d6-42d5-8f0a-acb046ab2083:192.168.34.35:41075, eab723bb-0aff-418b-9bd7-1333118797a2:192.168.34.35:46301], old=null
2019-11-17 11:14:11,914 [eab723bb-0aff-418b-9bd7-1333118797a2@group-EB146D1C0EFC-LeaderElection188] INFO  impl.LeaderElection (LeaderElection.java:askForVotes(178)) - eab723bb-0aff-418b-9bd7-1333118797a2@group-EB146D1C0EFC-LeaderElection188: begin an election at term 1 for -1: [eab723bb-0aff-418b-9bd7-1333118797a2:192.168.34.35:46301], old=null
2019-11-17 11:14:11,915 [eab723bb-0aff-418b-9bd7-1333118797a2@group-EB146D1C0EFC-LeaderElection188] INFO  impl.RoleInfo (RoleInfo.java:shutdownLeaderElection(134)) - eab723bb-0aff-418b-9bd7-1333118797a2: shutdown LeaderElection
2019-11-17 11:14:11,915 [eab723bb-0aff-418b-9bd7-1333118797a2@group-EB146D1C0EFC-LeaderElection188] INFO  impl.RaftServerImpl (RaftServerImpl.java:setRole(173)) - eab723bb-0aff-418b-9bd7-1333118797a2@group-EB146D1C0EFC: changes role from CANDIDATE to LEADER at term 1 for changeToLeader
2019-11-17 11:14:11,915 [eab723bb-0aff-418b-9bd7-1333118797a2@group-EB146D1C0EFC-LeaderElection188] INFO  ratis.XceiverServerRatis (XceiverServerRatis.java:handleLeaderChangedNotification(697)) - Leader change notification received for group: group-EB146D1C0EFC with new leaderId: eab723bb-0aff-418b-9bd7-1333118797a2
2019-11-17 11:14:11,915 [eab723bb-0aff-418b-9bd7-1333118797a2@group-EB146D1C0EFC-LeaderElection188] INFO  impl.RaftServerImpl (ServerState.java:setLeader(255)) - eab723bb-0aff-418b-9bd7-1333118797a2@group-EB146D1C0EFC: change Leader from null to eab723bb-0aff-418b-9bd7-1333118797a2 at term 1 for becomeLeader, leader elected after 1173ms
2019-11-17 11:14:11,916 [eab723bb-0aff-418b-9bd7-1333118797a2@group-EB146D1C0EFC-LeaderElection188] INFO  server.RaftServerConfigKeys (ConfUtils.java:logGet(43)) - raft.server.staging.catchup.gap = 1000 (default)
2019-11-17 11:14:11,916 [eab723bb-0aff-418b-9bd7-1333118797a2@group-EB146D1C0EFC-LeaderElection188] INFO  server.RaftServerConfigKeys (ConfUtils.java:logGet(43)) - raft.server.rpc.sleep.time = 25ms (default)
2019-11-17 11:14:11,918 [eab723bb-0aff-418b-9bd7-1333118797a2@group-EB146D1C0EFC-LeaderElection188] INFO  server.RaftServerConfigKeys (ConfUtils.java:logGet(43)) - raft.server.write.element-limit = 4096 (default)
2019-11-17 11:14:11,918 [eab723bb-0aff-418b-9bd7-1333118797a2@group-EB146D1C0EFC-LeaderElection188] INFO  server.RaftServerConfigKeys (ConfUtils.java:logGet(43)) - raft.server.watch.timeout = 10s (default)
2019-11-17 11:14:11,918 [eab723bb-0aff-418b-9bd7-1333118797a2@group-EB146D1C0EFC-LeaderElection188] INFO  server.RaftServerConfigKeys (ConfUtils.java:logGet(43)) - raft.server.watch.timeout.denomination = 1s (default)
2019-11-17 11:14:11,919 [eab723bb-0aff-418b-9bd7-1333118797a2@group-EB146D1C0EFC-LeaderElection188] INFO  server.RaftServerConfigKeys (ConfUtils.java:logGet(43)) - raft.server.watch.element-limit = 65536 (default)
2019-11-17 11:14:11,919 [EventQueue-PipelineReportForPipelineReportHandler] INFO  pipeline.PipelineStateManager (PipelineStateManager.java:openPipeline(134)) - Pipeline Pipeline[ Id: dcbfbd94-a363-4188-aed1-eb146d1c0efc, Nodes: eab723bb-0aff-418b-9bd7-1333118797a2{ip: 192.168.34.35, host: pr-hdds-2291-5997d-4279494527, networkLocation: /rack1, certSerialId: null}, Type:RATIS, Factor:ONE, State:OPEN] moved to OPEN state
2019-11-17 11:14:11,919 [eab723bb-0aff-418b-9bd7-1333118797a2@group-EB146D1C0EFC-LeaderElection188] INFO  impl.RoleInfo (RoleInfo.java:updateAndGet(143)) - eab723bb-0aff-418b-9bd7-1333118797a2: start LeaderState
2019-11-17 11:14:11,919 [eab723bb-0aff-418b-9bd7-1333118797a2@group-EB146D1C0EFC-LeaderElection188] INFO  segmented.SegmentedRaftLogWorker (SegmentedRaftLogWorker.java:startLogSegment(385)) - eab723bb-0aff-418b-9bd7-1333118797a2@group-EB146D1C0EFC-SegmentedRaftLogWorker: Starting segment from index:0
2019-11-17 11:14:11,920 [eab723bb-0aff-418b-9bd7-1333118797a2@group-EB146D1C0EFC-LeaderElection188] INFO  impl.RaftServerImpl (ServerState.java:setRaftConf(356)) - eab723bb-0aff-418b-9bd7-1333118797a2@group-EB146D1C0EFC: set configuration 0: [eab723bb-0aff-418b-9bd7-1333118797a2:192.168.34.35:46301], old=null at 0
2019-11-17 11:14:11,928 [4c46855d-d979-4113-9d53-291bcfa92579@group-F68C65ADDFE2-LeaderElection189] INFO  impl.LeaderElection (LeaderElection.java:askForVotes(178)) - 4c46855d-d979-4113-9d53-291bcfa92579@group-F68C65ADDFE2-LeaderElection189: begin an election at term 1 for -1: [4c46855d-d979-4113-9d53-291bcfa92579:192.168.34.35:41089, 3d268c2e-02d6-42d5-8f0a-acb046ab2083:192.168.34.35:41075, eab723bb-0aff-418b-9bd7-1333118797a2:192.168.34.35:46301], old=null
2019-11-17 11:14:11,928 [3d268c2e-02d6-42d5-8f0a-acb046ab2083@group-F68C65ADDFE2-LeaderElection190] INFO  impl.LeaderElection (LeaderElection.java:askForVotes(178)) - 3d268c2e-02d6-42d5-8f0a-acb046ab2083@group-F68C65ADDFE2-LeaderElection190: begin an election at term 1 for -1: [4c46855d-d979-4113-9d53-291bcfa92579:192.168.34.35:41089, 3d268c2e-02d6-42d5-8f0a-acb046ab2083:192.168.34.35:41075, eab723bb-0aff-418b-9bd7-1333118797a2:192.168.34.35:46301], old=null
2019-11-17 11:14:11,929 [eab723bb-0aff-418b-9bd7-1333118797a2@group-F68C65ADDFE2-LeaderElection187] INFO  impl.LeaderElection (LeaderElection.java:logAndReturn(56)) - eab723bb-0aff-418b-9bd7-1333118797a2@group-F68C65ADDFE2-LeaderElection187: Election REJECTED; received 2 response(s) [eab723bb-0aff-418b-9bd7-1333118797a2<-4c46855d-d979-4113-9d53-291bcfa92579#0:FAIL-t1, eab723bb-0aff-418b-9bd7-1333118797a2<-3d268c2e-02d6-42d5-8f0a-acb046ab2083#0:FAIL-t1] and 0 exception(s); eab723bb-0aff-418b-9bd7-1333118797a2@group-F68C65ADDFE2:t1, leader=null, voted=eab723bb-0aff-418b-9bd7-1333118797a2, raftlog=eab723bb-0aff-418b-9bd7-1333118797a2@group-F68C65ADDFE2-SegmentedRaftLog:OPENED:c-1,f-1,i0, conf=-1: [4c46855d-d979-4113-9d53-291bcfa92579:192.168.34.35:41089, 3d268c2e-02d6-42d5-8f0a-acb046ab2083:192.168.34.35:41075, eab723bb-0aff-418b-9bd7-1333118797a2:192.168.34.35:46301], old=null
2019-11-17 11:14:11,929 [eab723bb-0aff-418b-9bd7-1333118797a2@group-F68C65ADDFE2-LeaderElection187] INFO  impl.RaftServerImpl (RaftServerImpl.java:setRole(173)) - eab723bb-0aff-418b-9bd7-1333118797a2@group-F68C65ADDFE2: changes role from CANDIDATE to FOLLOWER at term 1 for DISCOVERED_A_NEW_TERM
2019-11-17 11:14:11,930 [eab723bb-0aff-418b-9bd7-1333118797a2@group-F68C65ADDFE2-LeaderElection187] INFO  impl.RoleInfo (RoleInfo.java:shutdownLeaderElection(134)) - eab723bb-0aff-418b-9bd7-1333118797a2: shutdown LeaderElection
2019-11-17 11:14:11,930 [eab723bb-0aff-418b-9bd7-1333118797a2@group-F68C65ADDFE2-LeaderElection187] INFO  impl.RoleInfo (RoleInfo.java:updateAndGet(143)) - eab723bb-0aff-418b-9bd7-1333118797a2: start FollowerState
2019-11-17 11:14:11,966 [4c46855d-d979-4113-9d53-291bcfa92579@group-F68C65ADDFE2-LeaderElection189] INFO  impl.LeaderElection (LeaderElection.java:logAndReturn(56)) - 4c46855d-d979-4113-9d53-291bcfa92579@group-F68C65ADDFE2-LeaderElection189: Election REJECTED; received 2 response(s) [4c46855d-d979-4113-9d53-291bcfa92579<-3d268c2e-02d6-42d5-8f0a-acb046ab2083#0:FAIL-t1, 4c46855d-d979-4113-9d53-291bcfa92579<-eab723bb-0aff-418b-9bd7-1333118797a2#0:FAIL-t1] and 0 exception(s); 4c46855d-d979-4113-9d53-291bcfa92579@group-F68C65ADDFE2:t1, leader=null, voted=4c46855d-d979-4113-9d53-291bcfa92579, raftlog=4c46855d-d979-4113-9d53-291bcfa92579@group-F68C65ADDFE2-SegmentedRaftLog:OPENED:c-1,f-1,i0, conf=-1: [4c46855d-d979-4113-9d53-291bcfa92579:192.168.34.35:41089, 3d268c2e-02d6-42d5-8f0a-acb046ab2083:192.168.34.35:41075, eab723bb-0aff-418b-9bd7-1333118797a2:192.168.34.35:46301], old=null
2019-11-17 11:14:11,966 [3d268c2e-02d6-42d5-8f0a-acb046ab2083@group-F68C65ADDFE2-LeaderElection190] INFO  impl.LeaderElection (LeaderElection.java:logAndReturn(56)) - 3d268c2e-02d6-42d5-8f0a-acb046ab2083@group-F68C65ADDFE2-LeaderElection190: Election REJECTED; received 2 response(s) [3d268c2e-02d6-42d5-8f0a-acb046ab2083<-4c46855d-d979-4113-9d53-291bcfa92579#0:FAIL-t1, 3d268c2e-02d6-42d5-8f0a-acb046ab2083<-eab723bb-0aff-418b-9bd7-1333118797a2#0:FAIL-t1] and 0 exception(s); 3d268c2e-02d6-42d5-8f0a-acb046ab2083@group-F68C65ADDFE2:t1, leader=null, voted=3d268c2e-02d6-42d5-8f0a-acb046ab2083, raftlog=3d268c2e-02d6-42d5-8f0a-acb046ab2083@group-F68C65ADDFE2-SegmentedRaftLog:OPENED:c-1,f-1,i0, conf=-1: [4c46855d-d979-4113-9d53-291bcfa92579:192.168.34.35:41089, 3d268c2e-02d6-42d5-8f0a-acb046ab2083:192.168.34.35:41075, eab723bb-0aff-418b-9bd7-1333118797a2:192.168.34.35:46301], old=null
2019-11-17 11:14:11,966 [4c46855d-d979-4113-9d53-291bcfa92579@group-F68C65ADDFE2-LeaderElection189] INFO  impl.RaftServerImpl (RaftServerImpl.java:setRole(173)) - 4c46855d-d979-4113-9d53-291bcfa92579@group-F68C65ADDFE2: changes role from CANDIDATE to FOLLOWER at term 1 for DISCOVERED_A_NEW_TERM
2019-11-17 11:14:11,966 [4c46855d-d979-4113-9d53-291bcfa92579@group-F68C65ADDFE2-LeaderElection189] INFO  impl.RoleInfo (RoleInfo.java:shutdownLeaderElection(134)) - 4c46855d-d979-4113-9d53-291bcfa92579: shutdown LeaderElection
2019-11-17 11:14:11,966 [3d268c2e-02d6-42d5-8f0a-acb046ab2083@group-F68C65ADDFE2-LeaderElection190] INFO  impl.RaftServerImpl (RaftServerImpl.java:setRole(173)) - 3d268c2e-02d6-42d5-8f0a-acb046ab2083@group-F68C65ADDFE2: changes role from CANDIDATE to FOLLOWER at term 1 for DISCOVERED_A_NEW_TERM
2019-11-17 11:14:11,967 [4c46855d-d979-4113-9d53-291bcfa92579@group-F68C65ADDFE2-LeaderElection189] INFO  impl.RoleInfo (RoleInfo.java:updateAndGet(143)) - 4c46855d-d979-4113-9d53-291bcfa92579: start FollowerState
2019-11-17 11:14:11,967 [3d268c2e-02d6-42d5-8f0a-acb046ab2083@group-F68C65ADDFE2-LeaderElection190] INFO  impl.RoleInfo (RoleInfo.java:shutdownLeaderElection(134)) - 3d268c2e-02d6-42d5-8f0a-acb046ab2083: shutdown LeaderElection
2019-11-17 11:14:11,967 [3d268c2e-02d6-42d5-8f0a-acb046ab2083@group-F68C65ADDFE2-LeaderElection190] INFO  impl.RoleInfo (RoleInfo.java:updateAndGet(143)) - 3d268c2e-02d6-42d5-8f0a-acb046ab2083: start FollowerState
2019-11-17 11:14:11,976 [eab723bb-0aff-418b-9bd7-1333118797a2@group-EB146D1C0EFC-SegmentedRaftLogWorker] INFO  segmented.SegmentedRaftLogWorker (SegmentedRaftLogWorker.java:execute(576)) - eab723bb-0aff-418b-9bd7-1333118797a2@group-EB146D1C0EFC-SegmentedRaftLogWorker: created new log segment /workdir/hadoop-ozone/integration-test/target/test-dir/MiniOzoneClusterImpl-d61a8e55-6b1b-4302-a8ca-331e331e4b67/datanode-1/data/ratis/dcbfbd94-a363-4188-aed1-eb146d1c0efc/current/log_inprogress_0
2019-11-17 11:14:12,001 [Thread-3734] INFO  impl.FollowerState (FollowerState.java:run(111)) - add0c2af-eaab-406f-a894-445c5362ddef@group-271C4B30301A-FollowerState: change to CANDIDATE, lastRpcTime:1117ms, electionTimeout:1117ms
2019-11-17 11:14:12,002 [Thread-3734] INFO  impl.RoleInfo (RoleInfo.java:shutdownFollowerState(121)) - add0c2af-eaab-406f-a894-445c5362ddef: shutdown FollowerState
2019-11-17 11:14:12,002 [Thread-3734] INFO  impl.RaftServerImpl (RaftServerImpl.java:setRole(173)) - add0c2af-eaab-406f-a894-445c5362ddef@group-271C4B30301A: changes role from  FOLLOWER to CANDIDATE at term 0 for changeToCandidate
2019-11-17 11:14:12,002 [Thread-3734] INFO  impl.RoleInfo (RoleInfo.java:updateAndGet(143)) - add0c2af-eaab-406f-a894-445c5362ddef: start LeaderElection
2019-11-17 11:14:12,020 [add0c2af-eaab-406f-a894-445c5362ddef@group-271C4B30301A-LeaderElection191] INFO  impl.LeaderElection (LeaderElection.java:askForVotes(178)) - add0c2af-eaab-406f-a894-445c5362ddef@group-271C4B30301A-LeaderElection191: begin an election at term 1 for -1: [add0c2af-eaab-406f-a894-445c5362ddef:192.168.34.35:42526], old=null
2019-11-17 11:14:12,021 [add0c2af-eaab-406f-a894-445c5362ddef@group-271C4B30301A-LeaderElection191] INFO  impl.RoleInfo (RoleInfo.java:shutdownLeaderElection(134)) - add0c2af-eaab-406f-a894-445c5362ddef: shutdown LeaderElection
2019-11-17 11:14:12,021 [add0c2af-eaab-406f-a894-445c5362ddef@group-271C4B30301A-LeaderElection191] INFO  impl.RaftServerImpl (RaftServerImpl.java:setRole(173)) - add0c2af-eaab-406f-a894-445c5362ddef@group-271C4B30301A: changes role from CANDIDATE to LEADER at term 1 for changeToLeader
2019-11-17 11:14:12,021 [add0c2af-eaab-406f-a894-445c5362ddef@group-271C4B30301A-LeaderElection191] INFO  ratis.XceiverServerRatis (XceiverServerRatis.java:handleLeaderChangedNotification(697)) - Leader change notification received for group: group-271C4B30301A with new leaderId: add0c2af-eaab-406f-a894-445c5362ddef
2019-11-17 11:14:12,021 [add0c2af-eaab-406f-a894-445c5362ddef@group-271C4B30301A-LeaderElection191] INFO  impl.RaftServerImpl (ServerState.java:setLeader(255)) - add0c2af-eaab-406f-a894-445c5362ddef@group-271C4B30301A: change Leader from null to add0c2af-eaab-406f-a894-445c5362ddef at term 1 for becomeLeader, leader elected after 1140ms
2019-11-17 11:14:12,021 [add0c2af-eaab-406f-a894-445c5362ddef@group-271C4B30301A-LeaderElection191] INFO  server.RaftServerConfigKeys (ConfUtils.java:logGet(43)) - raft.server.staging.catchup.gap = 1000 (default)
2019-11-17 11:14:12,023 [add0c2af-eaab-406f-a894-445c5362ddef@group-271C4B30301A-LeaderElection191] INFO  server.RaftServerConfigKeys (ConfUtils.java:logGet(43)) - raft.server.rpc.sleep.time = 25ms (default)
2019-11-17 11:14:12,024 [add0c2af-eaab-406f-a894-445c5362ddef@group-271C4B30301A-LeaderElection191] INFO  server.RaftServerConfigKeys (ConfUtils.java:logGet(43)) - raft.server.write.element-limit = 4096 (default)
2019-11-17 11:14:12,024 [add0c2af-eaab-406f-a894-445c5362ddef@group-271C4B30301A-LeaderElection191] INFO  server.RaftServerConfigKeys (ConfUtils.java:logGet(43)) - raft.server.watch.timeout = 10s (default)
2019-11-17 11:14:12,024 [add0c2af-eaab-406f-a894-445c5362ddef@group-271C4B30301A-LeaderElection191] INFO  server.RaftServerConfigKeys (ConfUtils.java:logGet(43)) - raft.server.watch.timeout.denomination = 1s (default)
2019-11-17 11:14:12,024 [add0c2af-eaab-406f-a894-445c5362ddef@group-271C4B30301A-LeaderElection191] INFO  server.RaftServerConfigKeys (ConfUtils.java:logGet(43)) - raft.server.watch.element-limit = 65536 (default)
2019-11-17 11:14:12,024 [add0c2af-eaab-406f-a894-445c5362ddef@group-271C4B30301A-LeaderElection191] INFO  impl.RoleInfo (RoleInfo.java:updateAndGet(143)) - add0c2af-eaab-406f-a894-445c5362ddef: start LeaderState
2019-11-17 11:14:12,024 [EventQueue-PipelineReportForPipelineReportHandler] INFO  pipeline.PipelineStateManager (PipelineStateManager.java:openPipeline(134)) - Pipeline Pipeline[ Id: bdda95d7-4a13-4c4e-83ad-271c4b30301a, Nodes: add0c2af-eaab-406f-a894-445c5362ddef{ip: 192.168.34.35, host: pr-hdds-2291-5997d-4279494527, networkLocation: /rack1, certSerialId: null}, Type:RATIS, Factor:ONE, State:OPEN] moved to OPEN state
2019-11-17 11:14:12,025 [add0c2af-eaab-406f-a894-445c5362ddef@group-271C4B30301A-LeaderElection191] INFO  segmented.SegmentedRaftLogWorker (SegmentedRaftLogWorker.java:startLogSegment(385)) - add0c2af-eaab-406f-a894-445c5362ddef@group-271C4B30301A-SegmentedRaftLogWorker: Starting segment from index:0
2019-11-17 11:14:12,025 [add0c2af-eaab-406f-a894-445c5362ddef@group-271C4B30301A-LeaderElection191] INFO  impl.RaftServerImpl (ServerState.java:setRaftConf(356)) - add0c2af-eaab-406f-a894-445c5362ddef@group-271C4B30301A: set configuration 0: [add0c2af-eaab-406f-a894-445c5362ddef:192.168.34.35:42526], old=null at 0
2019-11-17 11:14:12,066 [add0c2af-eaab-406f-a894-445c5362ddef@group-271C4B30301A-SegmentedRaftLogWorker] INFO  segmented.SegmentedRaftLogWorker (SegmentedRaftLogWorker.java:execute(576)) - add0c2af-eaab-406f-a894-445c5362ddef@group-271C4B30301A-SegmentedRaftLogWorker: created new log segment /workdir/hadoop-ozone/integration-test/target/test-dir/MiniOzoneClusterImpl-d61a8e55-6b1b-4302-a8ca-331e331e4b67/datanode-3/data/ratis/bdda95d7-4a13-4c4e-83ad-271c4b30301a/current/log_inprogress_0
2019-11-17 11:14:12,072 [Thread-3737] INFO  impl.FollowerState (FollowerState.java:run(111)) - 2e7e8ab2-b4fc-48ff-a5a7-73886d1441d9@group-83F463EC1404-FollowerState: change to CANDIDATE, lastRpcTime:1158ms, electionTimeout:1158ms
2019-11-17 11:14:12,072 [Thread-3737] INFO  impl.RoleInfo (RoleInfo.java:shutdownFollowerState(121)) - 2e7e8ab2-b4fc-48ff-a5a7-73886d1441d9: shutdown FollowerState
2019-11-17 11:14:12,073 [Thread-3737] INFO  impl.RaftServerImpl (RaftServerImpl.java:setRole(173)) - 2e7e8ab2-b4fc-48ff-a5a7-73886d1441d9@group-83F463EC1404: changes role from  FOLLOWER to CANDIDATE at term 0 for changeToCandidate
2019-11-17 11:14:12,073 [Thread-3737] INFO  impl.RoleInfo (RoleInfo.java:updateAndGet(143)) - 2e7e8ab2-b4fc-48ff-a5a7-73886d1441d9: start LeaderElection
2019-11-17 11:14:12,081 [Thread-3740] INFO  impl.FollowerState (FollowerState.java:run(111)) - c2458f73-2416-4c07-9882-0f9c7a0b27cc@group-6F9CDA275E3C-FollowerState: change to CANDIDATE, lastRpcTime:1077ms, electionTimeout:1077ms
2019-11-17 11:14:12,081 [Thread-3740] INFO  impl.RoleInfo (RoleInfo.java:shutdownFollowerState(121)) - c2458f73-2416-4c07-9882-0f9c7a0b27cc: shutdown FollowerState
2019-11-17 11:14:12,081 [Thread-3740] INFO  impl.RaftServerImpl (RaftServerImpl.java:setRole(173)) - c2458f73-2416-4c07-9882-0f9c7a0b27cc@group-6F9CDA275E3C: changes role from  FOLLOWER to CANDIDATE at term 0 for changeToCandidate
2019-11-17 11:14:12,081 [Thread-3740] INFO  impl.RoleInfo (RoleInfo.java:updateAndGet(143)) - c2458f73-2416-4c07-9882-0f9c7a0b27cc: start LeaderElection
2019-11-17 11:14:12,091 [Thread-3747] INFO  impl.FollowerState (FollowerState.java:run(111)) - add0c2af-eaab-406f-a894-445c5362ddef@group-C13AEF1E4DF7-FollowerState: change to CANDIDATE, lastRpcTime:1029ms, electionTimeout:1029ms
2019-11-17 11:14:12,091 [Thread-3747] INFO  impl.RoleInfo (RoleInfo.java:shutdownFollowerState(121)) - add0c2af-eaab-406f-a894-445c5362ddef: shutdown FollowerState
2019-11-17 11:14:12,091 [Thread-3747] INFO  impl.RaftServerImpl (RaftServerImpl.java:setRole(173)) - add0c2af-eaab-406f-a894-445c5362ddef@group-C13AEF1E4DF7: changes role from  FOLLOWER to CANDIDATE at term 0 for changeToCandidate
2019-11-17 11:14:12,091 [Thread-3747] INFO  impl.RoleInfo (RoleInfo.java:updateAndGet(143)) - add0c2af-eaab-406f-a894-445c5362ddef: start LeaderElection
2019-11-17 11:14:12,100 [2e7e8ab2-b4fc-48ff-a5a7-73886d1441d9@group-83F463EC1404-LeaderElection192] INFO  impl.LeaderElection (LeaderElection.java:askForVotes(178)) - 2e7e8ab2-b4fc-48ff-a5a7-73886d1441d9@group-83F463EC1404-LeaderElection192: begin an election at term 1 for -1: [2e7e8ab2-b4fc-48ff-a5a7-73886d1441d9:192.168.34.35:39716], old=null
2019-11-17 11:14:12,100 [c2458f73-2416-4c07-9882-0f9c7a0b27cc@group-6F9CDA275E3C-LeaderElection193] INFO  impl.LeaderElection (LeaderElection.java:askForVotes(178)) - c2458f73-2416-4c07-9882-0f9c7a0b27cc@group-6F9CDA275E3C-LeaderElection193: begin an election at term 1 for -1: [c2458f73-2416-4c07-9882-0f9c7a0b27cc:192.168.34.35:41744], old=null
2019-11-17 11:14:12,100 [2e7e8ab2-b4fc-48ff-a5a7-73886d1441d9@group-83F463EC1404-LeaderElection192] INFO  impl.RoleInfo (RoleInfo.java:shutdownLeaderElection(134)) - 2e7e8ab2-b4fc-48ff-a5a7-73886d1441d9: shutdown LeaderElection
2019-11-17 11:14:12,100 [add0c2af-eaab-406f-a894-445c5362ddef@group-C13AEF1E4DF7-LeaderElection194] INFO  impl.LeaderElection (LeaderElection.java:askForVotes(178)) - add0c2af-eaab-406f-a894-445c5362ddef@group-C13AEF1E4DF7-LeaderElection194: begin an election at term 1 for -1: [add0c2af-eaab-406f-a894-445c5362ddef:192.168.34.35:42526, c2458f73-2416-4c07-9882-0f9c7a0b27cc:192.168.34.35:41744, 2e7e8ab2-b4fc-48ff-a5a7-73886d1441d9:192.168.34.35:39716], old=null
2019-11-17 11:14:12,100 [2e7e8ab2-b4fc-48ff-a5a7-73886d1441d9@group-83F463EC1404-LeaderElection192] INFO  impl.RaftServerImpl (RaftServerImpl.java:setRole(173)) - 2e7e8ab2-b4fc-48ff-a5a7-73886d1441d9@group-83F463EC1404: changes role from CANDIDATE to LEADER at term 1 for changeToLeader
2019-11-17 11:14:12,100 [2e7e8ab2-b4fc-48ff-a5a7-73886d1441d9@group-83F463EC1404-LeaderElection192] INFO  ratis.XceiverServerRatis (XceiverServerRatis.java:handleLeaderChangedNotification(697)) - Leader change notification received for group: group-83F463EC1404 with new leaderId: 2e7e8ab2-b4fc-48ff-a5a7-73886d1441d9
2019-11-17 11:14:12,100 [c2458f73-2416-4c07-9882-0f9c7a0b27cc@group-6F9CDA275E3C-LeaderElection193] INFO  impl.RoleInfo (RoleInfo.java:shutdownLeaderElection(134)) - c2458f73-2416-4c07-9882-0f9c7a0b27cc: shutdown LeaderElection
2019-11-17 11:14:12,100 [c2458f73-2416-4c07-9882-0f9c7a0b27cc@group-6F9CDA275E3C-LeaderElection193] INFO  impl.RaftServerImpl (RaftServerImpl.java:setRole(173)) - c2458f73-2416-4c07-9882-0f9c7a0b27cc@group-6F9CDA275E3C: changes role from CANDIDATE to LEADER at term 1 for changeToLeader
2019-11-17 11:14:12,100 [2e7e8ab2-b4fc-48ff-a5a7-73886d1441d9@group-83F463EC1404-LeaderElection192] INFO  impl.RaftServerImpl (ServerState.java:setLeader(255)) - 2e7e8ab2-b4fc-48ff-a5a7-73886d1441d9@group-83F463EC1404: change Leader from null to 2e7e8ab2-b4fc-48ff-a5a7-73886d1441d9 at term 1 for becomeLeader, leader elected after 1189ms
2019-11-17 11:14:12,100 [c2458f73-2416-4c07-9882-0f9c7a0b27cc@group-6F9CDA275E3C-LeaderElection193] INFO  ratis.XceiverServerRatis (XceiverServerRatis.java:handleLeaderChangedNotification(697)) - Leader change notification received for group: group-6F9CDA275E3C with new leaderId: c2458f73-2416-4c07-9882-0f9c7a0b27cc
2019-11-17 11:14:12,101 [2e7e8ab2-b4fc-48ff-a5a7-73886d1441d9@group-83F463EC1404-LeaderElection192] INFO  server.RaftServerConfigKeys (ConfUtils.java:logGet(43)) - raft.server.staging.catchup.gap = 1000 (default)
2019-11-17 11:14:12,103 [c2458f73-2416-4c07-9882-0f9c7a0b27cc@group-6F9CDA275E3C-LeaderElection193] INFO  impl.RaftServerImpl (ServerState.java:setLeader(255)) - c2458f73-2416-4c07-9882-0f9c7a0b27cc@group-6F9CDA275E3C: change Leader from null to c2458f73-2416-4c07-9882-0f9c7a0b27cc at term 1 for becomeLeader, leader elected after 1102ms
2019-11-17 11:14:12,103 [2e7e8ab2-b4fc-48ff-a5a7-73886d1441d9@group-83F463EC1404-LeaderElection192] INFO  server.RaftServerConfigKeys (ConfUtils.java:logGet(43)) - raft.server.rpc.sleep.time = 25ms (default)
2019-11-17 11:14:12,103 [c2458f73-2416-4c07-9882-0f9c7a0b27cc@group-6F9CDA275E3C-LeaderElection193] INFO  server.RaftServerConfigKeys (ConfUtils.java:logGet(43)) - raft.server.staging.catchup.gap = 1000 (default)
2019-11-17 11:14:12,105 [2e7e8ab2-b4fc-48ff-a5a7-73886d1441d9@group-83F463EC1404-LeaderElection192] INFO  server.RaftServerConfigKeys (ConfUtils.java:logGet(43)) - raft.server.write.element-limit = 4096 (default)
2019-11-17 11:14:12,106 [EventQueue-PipelineReportForPipelineReportHandler] INFO  pipeline.PipelineStateManager (PipelineStateManager.java:openPipeline(134)) - Pipeline Pipeline[ Id: ad7c213b-e90c-4e0d-b6e1-83f463ec1404, Nodes: 2e7e8ab2-b4fc-48ff-a5a7-73886d1441d9{ip: 192.168.34.35, host: pr-hdds-2291-5997d-4279494527, networkLocation: /rack1, certSerialId: null}, Type:RATIS, Factor:ONE, State:OPEN] moved to OPEN state
2019-11-17 11:14:12,106 [c2458f73-2416-4c07-9882-0f9c7a0b27cc@group-6F9CDA275E3C-LeaderElection193] INFO  server.RaftServerConfigKeys (ConfUtils.java:logGet(43)) - raft.server.rpc.sleep.time = 25ms (default)
2019-11-17 11:14:12,106 [EventQueue-PipelineReportForPipelineReportHandler] INFO  pipeline.PipelineStateManager (PipelineStateManager.java:openPipeline(134)) - Pipeline Pipeline[ Id: d8308c01-6256-4a4a-8d96-6f9cda275e3c, Nodes: c2458f73-2416-4c07-9882-0f9c7a0b27cc{ip: 192.168.34.35, host: pr-hdds-2291-5997d-4279494527, networkLocation: /rack1, certSerialId: null}, Type:RATIS, Factor:ONE, State:OPEN] moved to OPEN state
2019-11-17 11:14:12,106 [2e7e8ab2-b4fc-48ff-a5a7-73886d1441d9@group-83F463EC1404-LeaderElection192] INFO  server.RaftServerConfigKeys (ConfUtils.java:logGet(43)) - raft.server.watch.timeout = 10s (default)
2019-11-17 11:14:12,106 [c2458f73-2416-4c07-9882-0f9c7a0b27cc@group-6F9CDA275E3C-LeaderElection193] INFO  server.RaftServerConfigKeys (ConfUtils.java:logGet(43)) - raft.server.write.element-limit = 4096 (default)
2019-11-17 11:14:12,106 [2e7e8ab2-b4fc-48ff-a5a7-73886d1441d9@group-83F463EC1404-LeaderElection192] INFO  server.RaftServerConfigKeys (ConfUtils.java:logGet(43)) - raft.server.watch.timeout.denomination = 1s (default)
2019-11-17 11:14:12,106 [c2458f73-2416-4c07-9882-0f9c7a0b27cc@group-6F9CDA275E3C-LeaderElection193] INFO  server.RaftServerConfigKeys (ConfUtils.java:logGet(43)) - raft.server.watch.timeout = 10s (default)
2019-11-17 11:14:12,107 [2e7e8ab2-b4fc-48ff-a5a7-73886d1441d9@group-83F463EC1404-LeaderElection192] INFO  server.RaftServerConfigKeys (ConfUtils.java:logGet(43)) - raft.server.watch.element-limit = 65536 (default)
2019-11-17 11:14:12,107 [c2458f73-2416-4c07-9882-0f9c7a0b27cc@group-6F9CDA275E3C-LeaderElection193] INFO  server.RaftServerConfigKeys (ConfUtils.java:logGet(43)) - raft.server.watch.timeout.denomination = 1s (default)
2019-11-17 11:14:12,107 [2e7e8ab2-b4fc-48ff-a5a7-73886d1441d9@group-83F463EC1404-LeaderElection192] INFO  impl.RoleInfo (RoleInfo.java:updateAndGet(143)) - 2e7e8ab2-b4fc-48ff-a5a7-73886d1441d9: start LeaderState
2019-11-17 11:14:12,107 [c2458f73-2416-4c07-9882-0f9c7a0b27cc@group-6F9CDA275E3C-LeaderElection193] INFO  server.RaftServerConfigKeys (ConfUtils.java:logGet(43)) - raft.server.watch.element-limit = 65536 (default)
2019-11-17 11:14:12,107 [2e7e8ab2-b4fc-48ff-a5a7-73886d1441d9@group-83F463EC1404-LeaderElection192] INFO  segmented.SegmentedRaftLogWorker (SegmentedRaftLogWorker.java:startLogSegment(385)) - 2e7e8ab2-b4fc-48ff-a5a7-73886d1441d9@group-83F463EC1404-SegmentedRaftLogWorker: Starting segment from index:0
2019-11-17 11:14:12,107 [c2458f73-2416-4c07-9882-0f9c7a0b27cc@group-6F9CDA275E3C-LeaderElection193] INFO  impl.RoleInfo (RoleInfo.java:updateAndGet(143)) - c2458f73-2416-4c07-9882-0f9c7a0b27cc: start LeaderState
2019-11-17 11:14:12,108 [c2458f73-2416-4c07-9882-0f9c7a0b27cc@group-6F9CDA275E3C-LeaderElection193] INFO  segmented.SegmentedRaftLogWorker (SegmentedRaftLogWorker.java:startLogSegment(385)) - c2458f73-2416-4c07-9882-0f9c7a0b27cc@group-6F9CDA275E3C-SegmentedRaftLogWorker: Starting segment from index:0
2019-11-17 11:14:12,108 [2e7e8ab2-b4fc-48ff-a5a7-73886d1441d9@group-83F463EC1404-LeaderElection192] INFO  impl.RaftServerImpl (ServerState.java:setRaftConf(356)) - 2e7e8ab2-b4fc-48ff-a5a7-73886d1441d9@group-83F463EC1404: set configuration 0: [2e7e8ab2-b4fc-48ff-a5a7-73886d1441d9:192.168.34.35:39716], old=null at 0
2019-11-17 11:14:12,138 [grpc-default-executor-6] INFO  impl.RaftServerImpl (RaftServerImpl.java:setRole(173)) - 2e7e8ab2-b4fc-48ff-a5a7-73886d1441d9@group-C13AEF1E4DF7: changes role from  FOLLOWER to FOLLOWER at term 1 for recognizeCandidate:add0c2af-eaab-406f-a894-445c5362ddef
2019-11-17 11:14:12,138 [c2458f73-2416-4c07-9882-0f9c7a0b27cc@group-6F9CDA275E3C-LeaderElection193] INFO  impl.RaftServerImpl (ServerState.java:setRaftConf(356)) - c2458f73-2416-4c07-9882-0f9c7a0b27cc@group-6F9CDA275E3C: set configuration 0: [c2458f73-2416-4c07-9882-0f9c7a0b27cc:192.168.34.35:41744], old=null at 0
2019-11-17 11:14:12,138 [grpc-default-executor-8] INFO  impl.RaftServerImpl (RaftServerImpl.java:setRole(173)) - c2458f73-2416-4c07-9882-0f9c7a0b27cc@group-C13AEF1E4DF7: changes role from  FOLLOWER to FOLLOWER at term 1 for recognizeCandidate:add0c2af-eaab-406f-a894-445c5362ddef
2019-11-17 11:14:12,139 [grpc-default-executor-6] INFO  impl.RoleInfo (RoleInfo.java:shutdownFollowerState(121)) - 2e7e8ab2-b4fc-48ff-a5a7-73886d1441d9: shutdown FollowerState
2019-11-17 11:14:12,139 [grpc-default-executor-8] INFO  impl.RoleInfo (RoleInfo.java:shutdownFollowerState(121)) - c2458f73-2416-4c07-9882-0f9c7a0b27cc: shutdown FollowerState
2019-11-17 11:14:12,139 [grpc-default-executor-6] INFO  impl.RoleInfo (RoleInfo.java:updateAndGet(143)) - 2e7e8ab2-b4fc-48ff-a5a7-73886d1441d9: start FollowerState
2019-11-17 11:14:12,139 [grpc-default-executor-8] INFO  impl.RoleInfo (RoleInfo.java:updateAndGet(143)) - c2458f73-2416-4c07-9882-0f9c7a0b27cc: start FollowerState
2019-11-17 11:14:12,139 [Thread-3743] INFO  impl.FollowerState (FollowerState.java:run(120)) - c2458f73-2416-4c07-9882-0f9c7a0b27cc@group-C13AEF1E4DF7-FollowerState was interrupted: java.lang.InterruptedException: sleep interrupted
2019-11-17 11:14:12,139 [Thread-3748] INFO  impl.FollowerState (FollowerState.java:run(120)) - 2e7e8ab2-b4fc-48ff-a5a7-73886d1441d9@group-C13AEF1E4DF7-FollowerState was interrupted: java.lang.InterruptedException: sleep interrupted
2019-11-17 11:14:12,152 [2e7e8ab2-b4fc-48ff-a5a7-73886d1441d9@group-83F463EC1404-SegmentedRaftLogWorker] INFO  segmented.SegmentedRaftLogWorker (SegmentedRaftLogWorker.java:execute(576)) - 2e7e8ab2-b4fc-48ff-a5a7-73886d1441d9@group-83F463EC1404-SegmentedRaftLogWorker: created new log segment /workdir/hadoop-ozone/integration-test/target/test-dir/MiniOzoneClusterImpl-d61a8e55-6b1b-4302-a8ca-331e331e4b67/datanode-4/data/ratis/ad7c213b-e90c-4e0d-b6e1-83f463ec1404/current/log_inprogress_0
2019-11-17 11:14:12,153 [add0c2af-eaab-406f-a894-445c5362ddef@group-C13AEF1E4DF7-LeaderElection194] INFO  impl.LeaderElection (LeaderElection.java:logAndReturn(56)) - add0c2af-eaab-406f-a894-445c5362ddef@group-C13AEF1E4DF7-LeaderElection194: Election PASSED; received 1 response(s) [add0c2af-eaab-406f-a894-445c5362ddef<-2e7e8ab2-b4fc-48ff-a5a7-73886d1441d9#0:OK-t1] and 0 exception(s); add0c2af-eaab-406f-a894-445c5362ddef@group-C13AEF1E4DF7:t1, leader=null, voted=add0c2af-eaab-406f-a894-445c5362ddef, raftlog=add0c2af-eaab-406f-a894-445c5362ddef@group-C13AEF1E4DF7-SegmentedRaftLog:OPENED:c-1,f-1,i0, conf=-1: [add0c2af-eaab-406f-a894-445c5362ddef:192.168.34.35:42526, c2458f73-2416-4c07-9882-0f9c7a0b27cc:192.168.34.35:41744, 2e7e8ab2-b4fc-48ff-a5a7-73886d1441d9:192.168.34.35:39716], old=null
2019-11-17 11:14:12,153 [add0c2af-eaab-406f-a894-445c5362ddef@group-C13AEF1E4DF7-LeaderElection194] INFO  impl.RoleInfo (RoleInfo.java:shutdownLeaderElection(134)) - add0c2af-eaab-406f-a894-445c5362ddef: shutdown LeaderElection
2019-11-17 11:14:12,153 [add0c2af-eaab-406f-a894-445c5362ddef@group-C13AEF1E4DF7-LeaderElection194] INFO  impl.RaftServerImpl (RaftServerImpl.java:setRole(173)) - add0c2af-eaab-406f-a894-445c5362ddef@group-C13AEF1E4DF7: changes role from CANDIDATE to LEADER at term 1 for changeToLeader
2019-11-17 11:14:12,153 [add0c2af-eaab-406f-a894-445c5362ddef@group-C13AEF1E4DF7-LeaderElection194] INFO  ratis.XceiverServerRatis (XceiverServerRatis.java:handleLeaderChangedNotification(697)) - Leader change notification received for group: group-C13AEF1E4DF7 with new leaderId: add0c2af-eaab-406f-a894-445c5362ddef
2019-11-17 11:14:12,153 [add0c2af-eaab-406f-a894-445c5362ddef@group-C13AEF1E4DF7-LeaderElection194] INFO  impl.RaftServerImpl (ServerState.java:setLeader(255)) - add0c2af-eaab-406f-a894-445c5362ddef@group-C13AEF1E4DF7: change Leader from null to add0c2af-eaab-406f-a894-445c5362ddef at term 1 for becomeLeader, leader elected after 1103ms
2019-11-17 11:14:12,153 [add0c2af-eaab-406f-a894-445c5362ddef@group-C13AEF1E4DF7-LeaderElection194] INFO  server.RaftServerConfigKeys (ConfUtils.java:logGet(43)) - raft.server.staging.catchup.gap = 1000 (default)
2019-11-17 11:14:12,153 [add0c2af-eaab-406f-a894-445c5362ddef@group-C13AEF1E4DF7-LeaderElection194] INFO  server.RaftServerConfigKeys (ConfUtils.java:logGet(43)) - raft.server.rpc.sleep.time = 25ms (default)
2019-11-17 11:14:12,153 [add0c2af-eaab-406f-a894-445c5362ddef@group-C13AEF1E4DF7-LeaderElection194] INFO  server.RaftServerConfigKeys (ConfUtils.java:logGet(43)) - raft.server.write.element-limit = 4096 (default)
2019-11-17 11:14:12,154 [add0c2af-eaab-406f-a894-445c5362ddef@group-C13AEF1E4DF7-LeaderElection194] INFO  server.RaftServerConfigKeys (ConfUtils.java:logGet(43)) - raft.server.watch.timeout = 10s (default)
2019-11-17 11:14:12,154 [add0c2af-eaab-406f-a894-445c5362ddef@group-C13AEF1E4DF7-LeaderElection194] INFO  server.RaftServerConfigKeys (ConfUtils.java:logGet(43)) - raft.server.watch.timeout.denomination = 1s (default)
2019-11-17 11:14:12,154 [add0c2af-eaab-406f-a894-445c5362ddef@group-C13AEF1E4DF7-LeaderElection194] INFO  server.RaftServerConfigKeys (ConfUtils.java:logGet(43)) - raft.server.watch.element-limit = 65536 (default)
2019-11-17 11:14:12,154 [add0c2af-eaab-406f-a894-445c5362ddef@group-C13AEF1E4DF7-LeaderElection194] INFO  server.RaftServerConfigKeys (ConfUtils.java:logGet(43)) - raft.server.log.appender.snapshot.chunk.size.max = 16MB (=16777216) (default)
2019-11-17 11:14:12,154 [EventQueue-PipelineReportForPipelineReportHandler] INFO  pipeline.PipelineStateManager (PipelineStateManager.java:openPipeline(134)) - Pipeline Pipeline[ Id: afc7754b-77b5-4b96-85d5-c13aef1e4df7, Nodes: 2e7e8ab2-b4fc-48ff-a5a7-73886d1441d9{ip: 192.168.34.35, host: pr-hdds-2291-5997d-4279494527, networkLocation: /rack1, certSerialId: null}add0c2af-eaab-406f-a894-445c5362ddef{ip: 192.168.34.35, host: pr-hdds-2291-5997d-4279494527, networkLocation: /rack1, certSerialId: null}c2458f73-2416-4c07-9882-0f9c7a0b27cc{ip: 192.168.34.35, host: pr-hdds-2291-5997d-4279494527, networkLocation: /rack1, certSerialId: null}, Type:RATIS, Factor:THREE, State:OPEN] moved to OPEN state
2019-11-17 11:14:12,154 [add0c2af-eaab-406f-a894-445c5362ddef@group-C13AEF1E4DF7-LeaderElection194] INFO  server.RaftServerConfigKeys (ConfUtils.java:logGet(43)) - raft.server.log.appender.buffer.byte-limit = 33554432 (custom)
2019-11-17 11:14:12,154 [add0c2af-eaab-406f-a894-445c5362ddef@group-C13AEF1E4DF7-LeaderElection194] INFO  server.RaftServerConfigKeys (ConfUtils.java:logGet(43)) - raft.server.log.appender.buffer.element-limit = 1 (custom)
2019-11-17 11:14:12,155 [add0c2af-eaab-406f-a894-445c5362ddef@group-C13AEF1E4DF7-LeaderElection194] INFO  grpc.GrpcConfigKeys$Server (ConfUtils.java:logGet(43)) - raft.grpc.server.leader.outstanding.appends.max = 128 (default)
2019-11-17 11:14:12,155 [add0c2af-eaab-406f-a894-445c5362ddef@group-C13AEF1E4DF7-LeaderElection194] INFO  server.RaftServerConfigKeys (ConfUtils.java:logGet(43)) - raft.server.rpc.request.timeout = 3000ms (default)
2019-11-17 11:14:12,155 [add0c2af-eaab-406f-a894-445c5362ddef@group-C13AEF1E4DF7-LeaderElection194] INFO  server.RaftServerConfigKeys (ConfUtils.java:logGet(43)) - raft.server.log.appender.install.snapshot.enabled = false (custom)
2019-11-17 11:14:12,155 [add0c2af-eaab-406f-a894-445c5362ddef@group-C13AEF1E4DF7-LeaderElection194] WARN  impl.MetricRegistriesImpl (MetricRegistriesImpl.java:lambda$create$1(61)) - First MetricRegistry has been created without registering reporters. You may need to call MetricRegistries.global().addReportRegistration(...) before.
2019-11-17 11:14:12,155 [add0c2af-eaab-406f-a894-445c5362ddef@group-C13AEF1E4DF7-LeaderElection194] INFO  server.RaftServerConfigKeys (ConfUtils.java:logGet(43)) - raft.server.log.appender.snapshot.chunk.size.max = 16MB (=16777216) (default)
2019-11-17 11:14:12,155 [add0c2af-eaab-406f-a894-445c5362ddef@group-C13AEF1E4DF7-LeaderElection194] INFO  server.RaftServerConfigKeys (ConfUtils.java:logGet(43)) - raft.server.log.appender.buffer.byte-limit = 33554432 (custom)
2019-11-17 11:14:12,155 [add0c2af-eaab-406f-a894-445c5362ddef@group-C13AEF1E4DF7-LeaderElection194] INFO  server.RaftServerConfigKeys (ConfUtils.java:logGet(43)) - raft.server.log.appender.buffer.element-limit = 1 (custom)
2019-11-17 11:14:12,156 [add0c2af-eaab-406f-a894-445c5362ddef@group-C13AEF1E4DF7-LeaderElection194] INFO  grpc.GrpcConfigKeys$Server (ConfUtils.java:logGet(43)) - raft.grpc.server.leader.outstanding.appends.max = 128 (default)
2019-11-17 11:14:12,156 [add0c2af-eaab-406f-a894-445c5362ddef@group-C13AEF1E4DF7-LeaderElection194] INFO  server.RaftServerConfigKeys (ConfUtils.java:logGet(43)) - raft.server.rpc.request.timeout = 3000ms (default)
2019-11-17 11:14:12,156 [add0c2af-eaab-406f-a894-445c5362ddef@group-C13AEF1E4DF7-LeaderElection194] INFO  server.RaftServerConfigKeys (ConfUtils.java:logGet(43)) - raft.server.log.appender.install.snapshot.enabled = false (custom)
2019-11-17 11:14:12,156 [add0c2af-eaab-406f-a894-445c5362ddef@group-C13AEF1E4DF7-LeaderElection194] INFO  impl.RoleInfo (RoleInfo.java:updateAndGet(143)) - add0c2af-eaab-406f-a894-445c5362ddef: start LeaderState
2019-11-17 11:14:12,156 [add0c2af-eaab-406f-a894-445c5362ddef@group-C13AEF1E4DF7-LeaderElection194] INFO  segmented.SegmentedRaftLogWorker (SegmentedRaftLogWorker.java:startLogSegment(385)) - add0c2af-eaab-406f-a894-445c5362ddef@group-C13AEF1E4DF7-SegmentedRaftLogWorker: Starting segment from index:0
2019-11-17 11:14:12,157 [add0c2af-eaab-406f-a894-445c5362ddef@group-C13AEF1E4DF7-LeaderElection194] INFO  impl.RaftServerImpl (ServerState.java:setRaftConf(356)) - add0c2af-eaab-406f-a894-445c5362ddef@group-C13AEF1E4DF7: set configuration 0: [add0c2af-eaab-406f-a894-445c5362ddef:192.168.34.35:42526, c2458f73-2416-4c07-9882-0f9c7a0b27cc:192.168.34.35:41744, 2e7e8ab2-b4fc-48ff-a5a7-73886d1441d9:192.168.34.35:39716], old=null at 0
2019-11-17 11:14:12,188 [grpc-default-executor-6] INFO  ratis.XceiverServerRatis (XceiverServerRatis.java:handleLeaderChangedNotification(697)) - Leader change notification received for group: group-C13AEF1E4DF7 with new leaderId: add0c2af-eaab-406f-a894-445c5362ddef
2019-11-17 11:14:12,188 [grpc-default-executor-6] INFO  impl.RaftServerImpl (ServerState.java:setLeader(255)) - c2458f73-2416-4c07-9882-0f9c7a0b27cc@group-C13AEF1E4DF7: change Leader from null to add0c2af-eaab-406f-a894-445c5362ddef at term 1 for appendEntries, leader elected after 1139ms
2019-11-17 11:14:12,189 [grpc-default-executor-6] INFO  ratis.XceiverServerRatis (XceiverServerRatis.java:handleLeaderChangedNotification(697)) - Leader change notification received for group: group-C13AEF1E4DF7 with new leaderId: add0c2af-eaab-406f-a894-445c5362ddef
2019-11-17 11:14:12,189 [grpc-default-executor-6] INFO  impl.RaftServerImpl (ServerState.java:setLeader(255)) - 2e7e8ab2-b4fc-48ff-a5a7-73886d1441d9@group-C13AEF1E4DF7: change Leader from null to add0c2af-eaab-406f-a894-445c5362ddef at term 1 for appendEntries, leader elected after 1140ms
2019-11-17 11:14:12,193 [grpc-default-executor-6] INFO  impl.RaftServerImpl (ServerState.java:setRaftConf(356)) - c2458f73-2416-4c07-9882-0f9c7a0b27cc@group-C13AEF1E4DF7: set configuration 0: [add0c2af-eaab-406f-a894-445c5362ddef:192.168.34.35:42526, c2458f73-2416-4c07-9882-0f9c7a0b27cc:192.168.34.35:41744, 2e7e8ab2-b4fc-48ff-a5a7-73886d1441d9:192.168.34.35:39716], old=null at 0
2019-11-17 11:14:12,193 [grpc-default-executor-6] INFO  segmented.SegmentedRaftLogWorker (SegmentedRaftLogWorker.java:startLogSegment(385)) - c2458f73-2416-4c07-9882-0f9c7a0b27cc@group-C13AEF1E4DF7-SegmentedRaftLogWorker: Starting segment from index:0
2019-11-17 11:14:12,193 [grpc-default-executor-8] INFO  impl.RaftServerImpl (ServerState.java:setRaftConf(356)) - 2e7e8ab2-b4fc-48ff-a5a7-73886d1441d9@group-C13AEF1E4DF7: set configuration 0: [add0c2af-eaab-406f-a894-445c5362ddef:192.168.34.35:42526, c2458f73-2416-4c07-9882-0f9c7a0b27cc:192.168.34.35:41744, 2e7e8ab2-b4fc-48ff-a5a7-73886d1441d9:192.168.34.35:39716], old=null at 0
2019-11-17 11:14:12,194 [grpc-default-executor-8] INFO  segmented.SegmentedRaftLogWorker (SegmentedRaftLogWorker.java:startLogSegment(385)) - 2e7e8ab2-b4fc-48ff-a5a7-73886d1441d9@group-C13AEF1E4DF7-SegmentedRaftLogWorker: Starting segment from index:0
2019-11-17 11:14:12,201 [add0c2af-eaab-406f-a894-445c5362ddef@group-C13AEF1E4DF7-SegmentedRaftLogWorker] INFO  segmented.SegmentedRaftLogWorker (SegmentedRaftLogWorker.java:execute(576)) - add0c2af-eaab-406f-a894-445c5362ddef@group-C13AEF1E4DF7-SegmentedRaftLogWorker: created new log segment /workdir/hadoop-ozone/integration-test/target/test-dir/MiniOzoneClusterImpl-d61a8e55-6b1b-4302-a8ca-331e331e4b67/datanode-3/data/ratis/afc7754b-77b5-4b96-85d5-c13aef1e4df7/current/log_inprogress_0
2019-11-17 11:14:12,201 [c2458f73-2416-4c07-9882-0f9c7a0b27cc@group-6F9CDA275E3C-SegmentedRaftLogWorker] INFO  segmented.SegmentedRaftLogWorker (SegmentedRaftLogWorker.java:execute(576)) - c2458f73-2416-4c07-9882-0f9c7a0b27cc@group-6F9CDA275E3C-SegmentedRaftLogWorker: created new log segment /workdir/hadoop-ozone/integration-test/target/test-dir/MiniOzoneClusterImpl-d61a8e55-6b1b-4302-a8ca-331e331e4b67/datanode-5/data/ratis/d8308c01-6256-4a4a-8d96-6f9cda275e3c/current/log_inprogress_0
2019-11-17 11:14:12,231 [c2458f73-2416-4c07-9882-0f9c7a0b27cc@group-C13AEF1E4DF7-SegmentedRaftLogWorker] INFO  segmented.SegmentedRaftLogWorker (SegmentedRaftLogWorker.java:execute(576)) - c2458f73-2416-4c07-9882-0f9c7a0b27cc@group-C13AEF1E4DF7-SegmentedRaftLogWorker: created new log segment /workdir/hadoop-ozone/integration-test/target/test-dir/MiniOzoneClusterImpl-d61a8e55-6b1b-4302-a8ca-331e331e4b67/datanode-5/data/ratis/afc7754b-77b5-4b96-85d5-c13aef1e4df7/current/log_inprogress_0
2019-11-17 11:14:12,231 [2e7e8ab2-b4fc-48ff-a5a7-73886d1441d9@group-C13AEF1E4DF7-SegmentedRaftLogWorker] INFO  segmented.SegmentedRaftLogWorker (SegmentedRaftLogWorker.java:execute(576)) - 2e7e8ab2-b4fc-48ff-a5a7-73886d1441d9@group-C13AEF1E4DF7-SegmentedRaftLogWorker: created new log segment /workdir/hadoop-ozone/integration-test/target/test-dir/MiniOzoneClusterImpl-d61a8e55-6b1b-4302-a8ca-331e331e4b67/datanode-4/data/ratis/afc7754b-77b5-4b96-85d5-c13aef1e4df7/current/log_inprogress_0
2019-11-17 11:14:12,259 [Thread-3752] INFO  impl.FollowerState (FollowerState.java:run(111)) - d0563571-d5f5-405e-9b61-87c552fd142f@group-50A06D05C241-FollowerState: change to CANDIDATE, lastRpcTime:1095ms, electionTimeout:1095ms
2019-11-17 11:14:12,259 [Thread-3752] INFO  impl.RoleInfo (RoleInfo.java:shutdownFollowerState(121)) - d0563571-d5f5-405e-9b61-87c552fd142f: shutdown FollowerState
2019-11-17 11:14:12,259 [Thread-3752] INFO  impl.RaftServerImpl (RaftServerImpl.java:setRole(173)) - d0563571-d5f5-405e-9b61-87c552fd142f@group-50A06D05C241: changes role from  FOLLOWER to CANDIDATE at term 0 for changeToCandidate
2019-11-17 11:14:12,259 [Thread-3752] INFO  impl.RoleInfo (RoleInfo.java:updateAndGet(143)) - d0563571-d5f5-405e-9b61-87c552fd142f: start LeaderElection
2019-11-17 11:14:12,277 [d0563571-d5f5-405e-9b61-87c552fd142f@group-50A06D05C241-LeaderElection195] INFO  impl.LeaderElection (LeaderElection.java:askForVotes(178)) - d0563571-d5f5-405e-9b61-87c552fd142f@group-50A06D05C241-LeaderElection195: begin an election at term 1 for -1: [d0563571-d5f5-405e-9b61-87c552fd142f:192.168.34.35:36223], old=null
2019-11-17 11:14:12,277 [d0563571-d5f5-405e-9b61-87c552fd142f@group-50A06D05C241-LeaderElection195] INFO  impl.RoleInfo (RoleInfo.java:shutdownLeaderElection(134)) - d0563571-d5f5-405e-9b61-87c552fd142f: shutdown LeaderElection
2019-11-17 11:14:12,277 [d0563571-d5f5-405e-9b61-87c552fd142f@group-50A06D05C241-LeaderElection195] INFO  impl.RaftServerImpl (RaftServerImpl.java:setRole(173)) - d0563571-d5f5-405e-9b61-87c552fd142f@group-50A06D05C241: changes role from CANDIDATE to LEADER at term 1 for changeToLeader
2019-11-17 11:14:12,277 [d0563571-d5f5-405e-9b61-87c552fd142f@group-50A06D05C241-LeaderElection195] INFO  ratis.XceiverServerRatis (XceiverServerRatis.java:handleLeaderChangedNotification(697)) - Leader change notification received for group: group-50A06D05C241 with new leaderId: d0563571-d5f5-405e-9b61-87c552fd142f
2019-11-17 11:14:12,277 [d0563571-d5f5-405e-9b61-87c552fd142f@group-50A06D05C241-LeaderElection195] INFO  impl.RaftServerImpl (ServerState.java:setLeader(255)) - d0563571-d5f5-405e-9b61-87c552fd142f@group-50A06D05C241: change Leader from null to d0563571-d5f5-405e-9b61-87c552fd142f at term 1 for becomeLeader, leader elected after 1119ms
2019-11-17 11:14:12,277 [d0563571-d5f5-405e-9b61-87c552fd142f@group-50A06D05C241-LeaderElection195] INFO  server.RaftServerConfigKeys (ConfUtils.java:logGet(43)) - raft.server.staging.catchup.gap = 1000 (default)
2019-11-17 11:14:12,277 [d0563571-d5f5-405e-9b61-87c552fd142f@group-50A06D05C241-LeaderElection195] INFO  server.RaftServerConfigKeys (ConfUtils.java:logGet(43)) - raft.server.rpc.sleep.time = 25ms (default)
2019-11-17 11:14:12,280 [d0563571-d5f5-405e-9b61-87c552fd142f@group-50A06D05C241-LeaderElection195] INFO  server.RaftServerConfigKeys (ConfUtils.java:logGet(43)) - raft.server.write.element-limit = 4096 (default)
2019-11-17 11:14:12,280 [d0563571-d5f5-405e-9b61-87c552fd142f@group-50A06D05C241-LeaderElection195] INFO  server.RaftServerConfigKeys (ConfUtils.java:logGet(43)) - raft.server.watch.timeout = 10s (default)
2019-11-17 11:14:12,280 [d0563571-d5f5-405e-9b61-87c552fd142f@group-50A06D05C241-LeaderElection195] INFO  server.RaftServerConfigKeys (ConfUtils.java:logGet(43)) - raft.server.watch.timeout.denomination = 1s (default)
2019-11-17 11:14:12,280 [d0563571-d5f5-405e-9b61-87c552fd142f@group-50A06D05C241-LeaderElection195] INFO  server.RaftServerConfigKeys (ConfUtils.java:logGet(43)) - raft.server.watch.element-limit = 65536 (default)
2019-11-17 11:14:12,280 [d0563571-d5f5-405e-9b61-87c552fd142f@group-50A06D05C241-LeaderElection195] INFO  impl.RoleInfo (RoleInfo.java:updateAndGet(143)) - d0563571-d5f5-405e-9b61-87c552fd142f: start LeaderState
2019-11-17 11:14:12,280 [d0563571-d5f5-405e-9b61-87c552fd142f@group-50A06D05C241-LeaderElection195] INFO  segmented.SegmentedRaftLogWorker (SegmentedRaftLogWorker.java:startLogSegment(385)) - d0563571-d5f5-405e-9b61-87c552fd142f@group-50A06D05C241-SegmentedRaftLogWorker: Starting segment from index:0
2019-11-17 11:14:12,280 [EventQueue-PipelineReportForPipelineReportHandler] INFO  pipeline.PipelineStateManager (PipelineStateManager.java:openPipeline(134)) - Pipeline Pipeline[ Id: cbddf987-c8ac-454e-87f1-50a06d05c241, Nodes: d0563571-d5f5-405e-9b61-87c552fd142f{ip: 192.168.34.35, host: pr-hdds-2291-5997d-4279494527, networkLocation: /rack1, certSerialId: null}, Type:RATIS, Factor:ONE, State:OPEN] moved to OPEN state
2019-11-17 11:14:12,281 [d0563571-d5f5-405e-9b61-87c552fd142f@group-50A06D05C241-LeaderElection195] INFO  impl.RaftServerImpl (ServerState.java:setRaftConf(356)) - d0563571-d5f5-405e-9b61-87c552fd142f@group-50A06D05C241: set configuration 0: [d0563571-d5f5-405e-9b61-87c552fd142f:192.168.34.35:36223], old=null at 0
2019-11-17 11:14:12,299 [Thread-3755] INFO  impl.FollowerState (FollowerState.java:run(111)) - 357d2873-2248-48d2-9bf7-23aadc7fc5db@group-2D6C0C89D1AB-FollowerState: change to CANDIDATE, lastRpcTime:1085ms, electionTimeout:1085ms
2019-11-17 11:14:12,299 [Thread-3755] INFO  impl.RoleInfo (RoleInfo.java:shutdownFollowerState(121)) - 357d2873-2248-48d2-9bf7-23aadc7fc5db: shutdown FollowerState
2019-11-17 11:14:12,300 [Thread-3755] INFO  impl.RaftServerImpl (RaftServerImpl.java:setRole(173)) - 357d2873-2248-48d2-9bf7-23aadc7fc5db@group-2D6C0C89D1AB: changes role from  FOLLOWER to CANDIDATE at term 0 for changeToCandidate
2019-11-17 11:14:12,300 [Thread-3755] INFO  impl.RoleInfo (RoleInfo.java:updateAndGet(143)) - 357d2873-2248-48d2-9bf7-23aadc7fc5db: start LeaderElection
2019-11-17 11:14:12,333 [d0563571-d5f5-405e-9b61-87c552fd142f@group-50A06D05C241-SegmentedRaftLogWorker] INFO  segmented.SegmentedRaftLogWorker (SegmentedRaftLogWorker.java:execute(576)) - d0563571-d5f5-405e-9b61-87c552fd142f@group-50A06D05C241-SegmentedRaftLogWorker: created new log segment /workdir/hadoop-ozone/integration-test/target/test-dir/MiniOzoneClusterImpl-d61a8e55-6b1b-4302-a8ca-331e331e4b67/datanode-6/data/ratis/cbddf987-c8ac-454e-87f1-50a06d05c241/current/log_inprogress_0
2019-11-17 11:14:12,333 [357d2873-2248-48d2-9bf7-23aadc7fc5db@group-2D6C0C89D1AB-LeaderElection196] INFO  impl.LeaderElection (LeaderElection.java:askForVotes(178)) - 357d2873-2248-48d2-9bf7-23aadc7fc5db@group-2D6C0C89D1AB-LeaderElection196: begin an election at term 1 for -1: [357d2873-2248-48d2-9bf7-23aadc7fc5db:192.168.34.35:44629], old=null
2019-11-17 11:14:12,333 [357d2873-2248-48d2-9bf7-23aadc7fc5db@group-2D6C0C89D1AB-LeaderElection196] INFO  impl.RoleInfo (RoleInfo.java:shutdownLeaderElection(134)) - 357d2873-2248-48d2-9bf7-23aadc7fc5db: shutdown LeaderElection
2019-11-17 11:14:12,333 [357d2873-2248-48d2-9bf7-23aadc7fc5db@group-2D6C0C89D1AB-LeaderElection196] INFO  impl.RaftServerImpl (RaftServerImpl.java:setRole(173)) - 357d2873-2248-48d2-9bf7-23aadc7fc5db@group-2D6C0C89D1AB: changes role from CANDIDATE to LEADER at term 1 for changeToLeader
2019-11-17 11:14:12,333 [357d2873-2248-48d2-9bf7-23aadc7fc5db@group-2D6C0C89D1AB-LeaderElection196] INFO  ratis.XceiverServerRatis (XceiverServerRatis.java:handleLeaderChangedNotification(697)) - Leader change notification received for group: group-2D6C0C89D1AB with new leaderId: 357d2873-2248-48d2-9bf7-23aadc7fc5db
2019-11-17 11:14:12,333 [357d2873-2248-48d2-9bf7-23aadc7fc5db@group-2D6C0C89D1AB-LeaderElection196] INFO  impl.RaftServerImpl (ServerState.java:setLeader(255)) - 357d2873-2248-48d2-9bf7-23aadc7fc5db@group-2D6C0C89D1AB: change Leader from null to 357d2873-2248-48d2-9bf7-23aadc7fc5db at term 1 for becomeLeader, leader elected after 1122ms
2019-11-17 11:14:12,333 [357d2873-2248-48d2-9bf7-23aadc7fc5db@group-2D6C0C89D1AB-LeaderElection196] INFO  server.RaftServerConfigKeys (ConfUtils.java:logGet(43)) - raft.server.staging.catchup.gap = 1000 (default)
2019-11-17 11:14:12,335 [357d2873-2248-48d2-9bf7-23aadc7fc5db@group-2D6C0C89D1AB-LeaderElection196] INFO  server.RaftServerConfigKeys (ConfUtils.java:logGet(43)) - raft.server.rpc.sleep.time = 25ms (default)
2019-11-17 11:14:12,336 [357d2873-2248-48d2-9bf7-23aadc7fc5db@group-2D6C0C89D1AB-LeaderElection196] INFO  server.RaftServerConfigKeys (ConfUtils.java:logGet(43)) - raft.server.write.element-limit = 4096 (default)
2019-11-17 11:14:12,336 [357d2873-2248-48d2-9bf7-23aadc7fc5db@group-2D6C0C89D1AB-LeaderElection196] INFO  server.RaftServerConfigKeys (ConfUtils.java:logGet(43)) - raft.server.watch.timeout = 10s (default)
2019-11-17 11:14:12,336 [357d2873-2248-48d2-9bf7-23aadc7fc5db@group-2D6C0C89D1AB-LeaderElection196] INFO  server.RaftServerConfigKeys (ConfUtils.java:logGet(43)) - raft.server.watch.timeout.denomination = 1s (default)
2019-11-17 11:14:12,336 [357d2873-2248-48d2-9bf7-23aadc7fc5db@group-2D6C0C89D1AB-LeaderElection196] INFO  server.RaftServerConfigKeys (ConfUtils.java:logGet(43)) - raft.server.watch.element-limit = 65536 (default)
2019-11-17 11:14:12,336 [EventQueue-PipelineReportForPipelineReportHandler] INFO  pipeline.PipelineStateManager (PipelineStateManager.java:openPipeline(134)) - Pipeline Pipeline[ Id: 54954870-3690-4d9f-971b-2d6c0c89d1ab, Nodes: 357d2873-2248-48d2-9bf7-23aadc7fc5db{ip: 192.168.34.35, host: pr-hdds-2291-5997d-4279494527, networkLocation: /rack1, certSerialId: null}, Type:RATIS, Factor:ONE, State:OPEN] moved to OPEN state
2019-11-17 11:14:12,336 [357d2873-2248-48d2-9bf7-23aadc7fc5db@group-2D6C0C89D1AB-LeaderElection196] INFO  impl.RoleInfo (RoleInfo.java:updateAndGet(143)) - 357d2873-2248-48d2-9bf7-23aadc7fc5db: start LeaderState
2019-11-17 11:14:12,337 [357d2873-2248-48d2-9bf7-23aadc7fc5db@group-2D6C0C89D1AB-LeaderElection196] INFO  segmented.SegmentedRaftLogWorker (SegmentedRaftLogWorker.java:startLogSegment(385)) - 357d2873-2248-48d2-9bf7-23aadc7fc5db@group-2D6C0C89D1AB-SegmentedRaftLogWorker: Starting segment from index:0
2019-11-17 11:14:12,337 [357d2873-2248-48d2-9bf7-23aadc7fc5db@group-2D6C0C89D1AB-LeaderElection196] INFO  impl.RaftServerImpl (ServerState.java:setRaftConf(356)) - 357d2873-2248-48d2-9bf7-23aadc7fc5db@group-2D6C0C89D1AB: set configuration 0: [357d2873-2248-48d2-9bf7-23aadc7fc5db:192.168.34.35:44629], old=null at 0
2019-11-17 11:14:12,365 [Thread-3761] INFO  impl.FollowerState (FollowerState.java:run(111)) - f9de5302-5741-429b-9e37-55cacebd1d46@group-C98E57411139-FollowerState: change to CANDIDATE, lastRpcTime:1055ms, electionTimeout:1055ms
2019-11-17 11:14:12,366 [Thread-3761] INFO  impl.RoleInfo (RoleInfo.java:shutdownFollowerState(121)) - f9de5302-5741-429b-9e37-55cacebd1d46: shutdown FollowerState
2019-11-17 11:14:12,366 [Thread-3761] INFO  impl.RaftServerImpl (RaftServerImpl.java:setRole(173)) - f9de5302-5741-429b-9e37-55cacebd1d46@group-C98E57411139: changes role from  FOLLOWER to CANDIDATE at term 0 for changeToCandidate
2019-11-17 11:14:12,366 [Thread-3761] INFO  impl.RoleInfo (RoleInfo.java:updateAndGet(143)) - f9de5302-5741-429b-9e37-55cacebd1d46: start LeaderElection
2019-11-17 11:14:12,389 [357d2873-2248-48d2-9bf7-23aadc7fc5db@group-2D6C0C89D1AB-SegmentedRaftLogWorker] INFO  segmented.SegmentedRaftLogWorker (SegmentedRaftLogWorker.java:execute(576)) - 357d2873-2248-48d2-9bf7-23aadc7fc5db@group-2D6C0C89D1AB-SegmentedRaftLogWorker: created new log segment /workdir/hadoop-ozone/integration-test/target/test-dir/MiniOzoneClusterImpl-d61a8e55-6b1b-4302-a8ca-331e331e4b67/datanode-7/data/ratis/54954870-3690-4d9f-971b-2d6c0c89d1ab/current/log_inprogress_0
2019-11-17 11:14:12,389 [f9de5302-5741-429b-9e37-55cacebd1d46@group-C98E57411139-LeaderElection197] INFO  impl.LeaderElection (LeaderElection.java:askForVotes(178)) - f9de5302-5741-429b-9e37-55cacebd1d46@group-C98E57411139-LeaderElection197: begin an election at term 1 for -1: [f9de5302-5741-429b-9e37-55cacebd1d46:192.168.34.35:34600], old=null
2019-11-17 11:14:12,389 [f9de5302-5741-429b-9e37-55cacebd1d46@group-C98E57411139-LeaderElection197] INFO  impl.RoleInfo (RoleInfo.java:shutdownLeaderElection(134)) - f9de5302-5741-429b-9e37-55cacebd1d46: shutdown LeaderElection
2019-11-17 11:14:12,389 [f9de5302-5741-429b-9e37-55cacebd1d46@group-C98E57411139-LeaderElection197] INFO  impl.RaftServerImpl (RaftServerImpl.java:setRole(173)) - f9de5302-5741-429b-9e37-55cacebd1d46@group-C98E57411139: changes role from CANDIDATE to LEADER at term 1 for changeToLeader
2019-11-17 11:14:12,389 [f9de5302-5741-429b-9e37-55cacebd1d46@group-C98E57411139-LeaderElection197] INFO  ratis.XceiverServerRatis (XceiverServerRatis.java:handleLeaderChangedNotification(697)) - Leader change notification received for group: group-C98E57411139 with new leaderId: f9de5302-5741-429b-9e37-55cacebd1d46
2019-11-17 11:14:12,389 [f9de5302-5741-429b-9e37-55cacebd1d46@group-C98E57411139-LeaderElection197] INFO  impl.RaftServerImpl (ServerState.java:setLeader(255)) - f9de5302-5741-429b-9e37-55cacebd1d46@group-C98E57411139: change Leader from null to f9de5302-5741-429b-9e37-55cacebd1d46 at term 1 for becomeLeader, leader elected after 1083ms
2019-11-17 11:14:12,389 [f9de5302-5741-429b-9e37-55cacebd1d46@group-C98E57411139-LeaderElection197] INFO  server.RaftServerConfigKeys (ConfUtils.java:logGet(43)) - raft.server.staging.catchup.gap = 1000 (default)
2019-11-17 11:14:12,390 [f9de5302-5741-429b-9e37-55cacebd1d46@group-C98E57411139-LeaderElection197] INFO  server.RaftServerConfigKeys (ConfUtils.java:logGet(43)) - raft.server.rpc.sleep.time = 25ms (default)
2019-11-17 11:14:12,402 [main] INFO  ozone.MiniOzoneClusterImpl (MiniOzoneClusterImpl.java:lambda$waitForClusterToBeReady$2(163)) - Waiting for 4 number of pipelines out of 13, to report a leader.
2019-11-17 11:14:12,402 [Thread-3758] INFO  impl.FollowerState (FollowerState.java:run(111)) - 74a737c0-fb65-42e2-8af1-813ef9d8f4fa@group-8ED39CBEB645-FollowerState: change to CANDIDATE, lastRpcTime:1146ms, electionTimeout:1145ms
2019-11-17 11:14:12,402 [f9de5302-5741-429b-9e37-55cacebd1d46@group-C98E57411139-LeaderElection197] INFO  server.RaftServerConfigKeys (ConfUtils.java:logGet(43)) - raft.server.write.element-limit = 4096 (default)
2019-11-17 11:14:12,403 [Thread-3758] INFO  impl.RoleInfo (RoleInfo.java:shutdownFollowerState(121)) - 74a737c0-fb65-42e2-8af1-813ef9d8f4fa: shutdown FollowerState
2019-11-17 11:14:12,403 [f9de5302-5741-429b-9e37-55cacebd1d46@group-C98E57411139-LeaderElection197] INFO  server.RaftServerConfigKeys (ConfUtils.java:logGet(43)) - raft.server.watch.timeout = 10s (default)
2019-11-17 11:14:12,403 [Thread-3758] INFO  impl.RaftServerImpl (RaftServerImpl.java:setRole(173)) - 74a737c0-fb65-42e2-8af1-813ef9d8f4fa@group-8ED39CBEB645: changes role from  FOLLOWER to CANDIDATE at term 0 for changeToCandidate
2019-11-17 11:14:12,403 [EventQueue-PipelineReportForPipelineReportHandler] INFO  pipeline.PipelineStateManager (PipelineStateManager.java:openPipeline(134)) - Pipeline Pipeline[ Id: 95f3d5e9-a24f-4e3d-b5cb-c98e57411139, Nodes: f9de5302-5741-429b-9e37-55cacebd1d46{ip: 192.168.34.35, host: pr-hdds-2291-5997d-4279494527, networkLocation: /rack1, certSerialId: null}, Type:RATIS, Factor:ONE, State:OPEN] moved to OPEN state
2019-11-17 11:14:12,403 [f9de5302-5741-429b-9e37-55cacebd1d46@group-C98E57411139-LeaderElection197] INFO  server.RaftServerConfigKeys (ConfUtils.java:logGet(43)) - raft.server.watch.timeout.denomination = 1s (default)
2019-11-17 11:14:12,403 [Thread-3758] INFO  impl.RoleInfo (RoleInfo.java:updateAndGet(143)) - 74a737c0-fb65-42e2-8af1-813ef9d8f4fa: start LeaderElection
2019-11-17 11:14:12,403 [f9de5302-5741-429b-9e37-55cacebd1d46@group-C98E57411139-LeaderElection197] INFO  server.RaftServerConfigKeys (ConfUtils.java:logGet(43)) - raft.server.watch.element-limit = 65536 (default)
2019-11-17 11:14:12,404 [f9de5302-5741-429b-9e37-55cacebd1d46@group-C98E57411139-LeaderElection197] INFO  impl.RoleInfo (RoleInfo.java:updateAndGet(143)) - f9de5302-5741-429b-9e37-55cacebd1d46: start LeaderState
2019-11-17 11:14:12,408 [f9de5302-5741-429b-9e37-55cacebd1d46@group-C98E57411139-LeaderElection197] INFO  segmented.SegmentedRaftLogWorker (SegmentedRaftLogWorker.java:startLogSegment(385)) - f9de5302-5741-429b-9e37-55cacebd1d46@group-C98E57411139-SegmentedRaftLogWorker: Starting segment from index:0
2019-11-17 11:14:12,408 [f9de5302-5741-429b-9e37-55cacebd1d46@group-C98E57411139-LeaderElection197] INFO  impl.RaftServerImpl (ServerState.java:setRaftConf(356)) - f9de5302-5741-429b-9e37-55cacebd1d46@group-C98E57411139: set configuration 0: [f9de5302-5741-429b-9e37-55cacebd1d46:192.168.34.35:34600], old=null at 0
2019-11-17 11:14:12,411 [Thread-3764] INFO  impl.FollowerState (FollowerState.java:run(111)) - 357d2873-2248-48d2-9bf7-23aadc7fc5db@group-6494A50D8365-FollowerState: change to CANDIDATE, lastRpcTime:1036ms, electionTimeout:1036ms
2019-11-17 11:14:12,412 [Thread-3764] INFO  impl.RoleInfo (RoleInfo.java:shutdownFollowerState(121)) - 357d2873-2248-48d2-9bf7-23aadc7fc5db: shutdown FollowerState
2019-11-17 11:14:12,412 [Thread-3764] INFO  impl.RaftServerImpl (RaftServerImpl.java:setRole(173)) - 357d2873-2248-48d2-9bf7-23aadc7fc5db@group-6494A50D8365: changes role from  FOLLOWER to CANDIDATE at term 0 for changeToCandidate
2019-11-17 11:14:12,412 [Thread-3764] INFO  impl.RoleInfo (RoleInfo.java:updateAndGet(143)) - 357d2873-2248-48d2-9bf7-23aadc7fc5db: start LeaderElection
2019-11-17 11:14:12,446 [74a737c0-fb65-42e2-8af1-813ef9d8f4fa@group-8ED39CBEB645-LeaderElection198] INFO  impl.LeaderElection (LeaderElection.java:askForVotes(178)) - 74a737c0-fb65-42e2-8af1-813ef9d8f4fa@group-8ED39CBEB645-LeaderElection198: begin an election at term 1 for -1: [74a737c0-fb65-42e2-8af1-813ef9d8f4fa:192.168.34.35:43292], old=null
2019-11-17 11:14:12,446 [74a737c0-fb65-42e2-8af1-813ef9d8f4fa@group-8ED39CBEB645-LeaderElection198] INFO  impl.RoleInfo (RoleInfo.java:shutdownLeaderElection(134)) - 74a737c0-fb65-42e2-8af1-813ef9d8f4fa: shutdown LeaderElection
2019-11-17 11:14:12,447 [74a737c0-fb65-42e2-8af1-813ef9d8f4fa@group-8ED39CBEB645-LeaderElection198] INFO  impl.RaftServerImpl (RaftServerImpl.java:setRole(173)) - 74a737c0-fb65-42e2-8af1-813ef9d8f4fa@group-8ED39CBEB645: changes role from CANDIDATE to LEADER at term 1 for changeToLeader
2019-11-17 11:14:12,447 [74a737c0-fb65-42e2-8af1-813ef9d8f4fa@group-8ED39CBEB645-LeaderElection198] INFO  ratis.XceiverServerRatis (XceiverServerRatis.java:handleLeaderChangedNotification(697)) - Leader change notification received for group: group-8ED39CBEB645 with new leaderId: 74a737c0-fb65-42e2-8af1-813ef9d8f4fa
2019-11-17 11:14:12,447 [74a737c0-fb65-42e2-8af1-813ef9d8f4fa@group-8ED39CBEB645-LeaderElection198] INFO  impl.RaftServerImpl (ServerState.java:setLeader(255)) - 74a737c0-fb65-42e2-8af1-813ef9d8f4fa@group-8ED39CBEB645: change Leader from null to 74a737c0-fb65-42e2-8af1-813ef9d8f4fa at term 1 for becomeLeader, leader elected after 1194ms
2019-11-17 11:14:12,447 [74a737c0-fb65-42e2-8af1-813ef9d8f4fa@group-8ED39CBEB645-LeaderElection198] INFO  server.RaftServerConfigKeys (ConfUtils.java:logGet(43)) - raft.server.staging.catchup.gap = 1000 (default)
2019-11-17 11:14:12,447 [74a737c0-fb65-42e2-8af1-813ef9d8f4fa@group-8ED39CBEB645-LeaderElection198] INFO  server.RaftServerConfigKeys (ConfUtils.java:logGet(43)) - raft.server.rpc.sleep.time = 25ms (default)
2019-11-17 11:14:12,449 [74a737c0-fb65-42e2-8af1-813ef9d8f4fa@group-8ED39CBEB645-LeaderElection198] INFO  server.RaftServerConfigKeys (ConfUtils.java:logGet(43)) - raft.server.write.element-limit = 4096 (default)
2019-11-17 11:14:12,450 [74a737c0-fb65-42e2-8af1-813ef9d8f4fa@group-8ED39CBEB645-LeaderElection198] INFO  server.RaftServerConfigKeys (ConfUtils.java:logGet(43)) - raft.server.watch.timeout = 10s (default)
2019-11-17 11:14:12,450 [74a737c0-fb65-42e2-8af1-813ef9d8f4fa@group-8ED39CBEB645-LeaderElection198] INFO  server.RaftServerConfigKeys (ConfUtils.java:logGet(43)) - raft.server.watch.timeout.denomination = 1s (default)
2019-11-17 11:14:12,450 [74a737c0-fb65-42e2-8af1-813ef9d8f4fa@group-8ED39CBEB645-LeaderElection198] INFO  server.RaftServerConfigKeys (ConfUtils.java:logGet(43)) - raft.server.watch.element-limit = 65536 (default)
2019-11-17 11:14:12,450 [EventQueue-PipelineReportForPipelineReportHandler] INFO  pipeline.PipelineStateManager (PipelineStateManager.java:openPipeline(134)) - Pipeline Pipeline[ Id: 8b8dab8d-1197-4c9e-a2aa-8ed39cbeb645, Nodes: 74a737c0-fb65-42e2-8af1-813ef9d8f4fa{ip: 192.168.34.35, host: pr-hdds-2291-5997d-4279494527, networkLocation: /rack1, certSerialId: null}, Type:RATIS, Factor:ONE, State:OPEN] moved to OPEN state
2019-11-17 11:14:12,450 [74a737c0-fb65-42e2-8af1-813ef9d8f4fa@group-8ED39CBEB645-LeaderElection198] INFO  impl.RoleInfo (RoleInfo.java:updateAndGet(143)) - 74a737c0-fb65-42e2-8af1-813ef9d8f4fa: start LeaderState
2019-11-17 11:14:12,451 [74a737c0-fb65-42e2-8af1-813ef9d8f4fa@group-8ED39CBEB645-LeaderElection198] INFO  segmented.SegmentedRaftLogWorker (SegmentedRaftLogWorker.java:startLogSegment(385)) - 74a737c0-fb65-42e2-8af1-813ef9d8f4fa@group-8ED39CBEB645-SegmentedRaftLogWorker: Starting segment from index:0
2019-11-17 11:14:12,451 [74a737c0-fb65-42e2-8af1-813ef9d8f4fa@group-8ED39CBEB645-LeaderElection198] INFO  impl.RaftServerImpl (ServerState.java:setRaftConf(356)) - 74a737c0-fb65-42e2-8af1-813ef9d8f4fa@group-8ED39CBEB645: set configuration 0: [74a737c0-fb65-42e2-8af1-813ef9d8f4fa:192.168.34.35:43292], old=null at 0
2019-11-17 11:14:12,459 [f9de5302-5741-429b-9e37-55cacebd1d46@group-C98E57411139-SegmentedRaftLogWorker] INFO  segmented.SegmentedRaftLogWorker (SegmentedRaftLogWorker.java:execute(576)) - f9de5302-5741-429b-9e37-55cacebd1d46@group-C98E57411139-SegmentedRaftLogWorker: created new log segment /workdir/hadoop-ozone/integration-test/target/test-dir/MiniOzoneClusterImpl-d61a8e55-6b1b-4302-a8ca-331e331e4b67/datanode-9/data/ratis/95f3d5e9-a24f-4e3d-b5cb-c98e57411139/current/log_inprogress_0
2019-11-17 11:14:12,459 [357d2873-2248-48d2-9bf7-23aadc7fc5db@group-6494A50D8365-LeaderElection199] INFO  impl.LeaderElection (LeaderElection.java:askForVotes(178)) - 357d2873-2248-48d2-9bf7-23aadc7fc5db@group-6494A50D8365-LeaderElection199: begin an election at term 1 for -1: [f9de5302-5741-429b-9e37-55cacebd1d46:192.168.34.35:34600, 357d2873-2248-48d2-9bf7-23aadc7fc5db:192.168.34.35:44629, d0563571-d5f5-405e-9b61-87c552fd142f:192.168.34.35:36223], old=null
2019-11-17 11:14:12,486 [grpc-default-executor-6] INFO  impl.RaftServerImpl (RaftServerImpl.java:setRole(173)) - f9de5302-5741-429b-9e37-55cacebd1d46@group-6494A50D8365: changes role from  FOLLOWER to FOLLOWER at term 1 for recognizeCandidate:357d2873-2248-48d2-9bf7-23aadc7fc5db
2019-11-17 11:14:12,486 [grpc-default-executor-6] INFO  impl.RoleInfo (RoleInfo.java:shutdownFollowerState(121)) - f9de5302-5741-429b-9e37-55cacebd1d46: shutdown FollowerState
2019-11-17 11:14:12,486 [grpc-default-executor-6] INFO  impl.RoleInfo (RoleInfo.java:updateAndGet(143)) - f9de5302-5741-429b-9e37-55cacebd1d46: start FollowerState
2019-11-17 11:14:12,488 [grpc-default-executor-8] INFO  impl.RaftServerImpl (RaftServerImpl.java:setRole(173)) - d0563571-d5f5-405e-9b61-87c552fd142f@group-6494A50D8365: changes role from  FOLLOWER to FOLLOWER at term 1 for recognizeCandidate:357d2873-2248-48d2-9bf7-23aadc7fc5db
2019-11-17 11:14:12,489 [grpc-default-executor-8] INFO  impl.RoleInfo (RoleInfo.java:shutdownFollowerState(121)) - d0563571-d5f5-405e-9b61-87c552fd142f: shutdown FollowerState
2019-11-17 11:14:12,486 [Thread-3769] INFO  impl.FollowerState (FollowerState.java:run(120)) - f9de5302-5741-429b-9e37-55cacebd1d46@group-6494A50D8365-FollowerState was interrupted: java.lang.InterruptedException: sleep interrupted
2019-11-17 11:14:12,489 [Thread-3768] INFO  impl.FollowerState (FollowerState.java:run(120)) - d0563571-d5f5-405e-9b61-87c552fd142f@group-6494A50D8365-FollowerState was interrupted: java.lang.InterruptedException: sleep interrupted
2019-11-17 11:14:12,489 [grpc-default-executor-8] INFO  impl.RoleInfo (RoleInfo.java:updateAndGet(143)) - d0563571-d5f5-405e-9b61-87c552fd142f: start FollowerState
2019-11-17 11:14:12,499 [74a737c0-fb65-42e2-8af1-813ef9d8f4fa@group-8ED39CBEB645-SegmentedRaftLogWorker] INFO  segmented.SegmentedRaftLogWorker (SegmentedRaftLogWorker.java:execute(576)) - 74a737c0-fb65-42e2-8af1-813ef9d8f4fa@group-8ED39CBEB645-SegmentedRaftLogWorker: created new log segment /workdir/hadoop-ozone/integration-test/target/test-dir/MiniOzoneClusterImpl-d61a8e55-6b1b-4302-a8ca-331e331e4b67/datanode-8/data/ratis/8b8dab8d-1197-4c9e-a2aa-8ed39cbeb645/current/log_inprogress_0
2019-11-17 11:14:12,500 [357d2873-2248-48d2-9bf7-23aadc7fc5db@group-6494A50D8365-LeaderElection199] INFO  impl.LeaderElection (LeaderElection.java:logAndReturn(56)) - 357d2873-2248-48d2-9bf7-23aadc7fc5db@group-6494A50D8365-LeaderElection199: Election PASSED; received 1 response(s) [357d2873-2248-48d2-9bf7-23aadc7fc5db<-d0563571-d5f5-405e-9b61-87c552fd142f#0:OK-t1] and 0 exception(s); 357d2873-2248-48d2-9bf7-23aadc7fc5db@group-6494A50D8365:t1, leader=null, voted=357d2873-2248-48d2-9bf7-23aadc7fc5db, raftlog=357d2873-2248-48d2-9bf7-23aadc7fc5db@group-6494A50D8365-SegmentedRaftLog:OPENED:c-1,f-1,i0, conf=-1: [f9de5302-5741-429b-9e37-55cacebd1d46:192.168.34.35:34600, 357d2873-2248-48d2-9bf7-23aadc7fc5db:192.168.34.35:44629, d0563571-d5f5-405e-9b61-87c552fd142f:192.168.34.35:36223], old=null
2019-11-17 11:14:12,500 [357d2873-2248-48d2-9bf7-23aadc7fc5db@group-6494A50D8365-LeaderElection199] INFO  impl.RoleInfo (RoleInfo.java:shutdownLeaderElection(134)) - 357d2873-2248-48d2-9bf7-23aadc7fc5db: shutdown LeaderElection
2019-11-17 11:14:12,500 [357d2873-2248-48d2-9bf7-23aadc7fc5db@group-6494A50D8365-LeaderElection199] INFO  impl.RaftServerImpl (RaftServerImpl.java:setRole(173)) - 357d2873-2248-48d2-9bf7-23aadc7fc5db@group-6494A50D8365: changes role from CANDIDATE to LEADER at term 1 for changeToLeader
2019-11-17 11:14:12,500 [357d2873-2248-48d2-9bf7-23aadc7fc5db@group-6494A50D8365-LeaderElection199] INFO  ratis.XceiverServerRatis (XceiverServerRatis.java:handleLeaderChangedNotification(697)) - Leader change notification received for group: group-6494A50D8365 with new leaderId: 357d2873-2248-48d2-9bf7-23aadc7fc5db
2019-11-17 11:14:12,500 [357d2873-2248-48d2-9bf7-23aadc7fc5db@group-6494A50D8365-LeaderElection199] INFO  impl.RaftServerImpl (ServerState.java:setLeader(255)) - 357d2873-2248-48d2-9bf7-23aadc7fc5db@group-6494A50D8365: change Leader from null to 357d2873-2248-48d2-9bf7-23aadc7fc5db at term 1 for becomeLeader, leader elected after 1131ms
2019-11-17 11:14:12,500 [357d2873-2248-48d2-9bf7-23aadc7fc5db@group-6494A50D8365-LeaderElection199] INFO  server.RaftServerConfigKeys (ConfUtils.java:logGet(43)) - raft.server.staging.catchup.gap = 1000 (default)
2019-11-17 11:14:12,500 [357d2873-2248-48d2-9bf7-23aadc7fc5db@group-6494A50D8365-LeaderElection199] INFO  server.RaftServerConfigKeys (ConfUtils.java:logGet(43)) - raft.server.rpc.sleep.time = 25ms (default)
2019-11-17 11:14:12,500 [357d2873-2248-48d2-9bf7-23aadc7fc5db@group-6494A50D8365-LeaderElection199] INFO  server.RaftServerConfigKeys (ConfUtils.java:logGet(43)) - raft.server.write.element-limit = 4096 (default)
2019-11-17 11:14:12,501 [357d2873-2248-48d2-9bf7-23aadc7fc5db@group-6494A50D8365-LeaderElection199] INFO  server.RaftServerConfigKeys (ConfUtils.java:logGet(43)) - raft.server.watch.timeout = 10s (default)
2019-11-17 11:14:12,501 [357d2873-2248-48d2-9bf7-23aadc7fc5db@group-6494A50D8365-LeaderElection199] INFO  server.RaftServerConfigKeys (ConfUtils.java:logGet(43)) - raft.server.watch.timeout.denomination = 1s (default)
2019-11-17 11:14:12,501 [357d2873-2248-48d2-9bf7-23aadc7fc5db@group-6494A50D8365-LeaderElection199] INFO  server.RaftServerConfigKeys (ConfUtils.java:logGet(43)) - raft.server.watch.element-limit = 65536 (default)
2019-11-17 11:14:12,501 [357d2873-2248-48d2-9bf7-23aadc7fc5db@group-6494A50D8365-LeaderElection199] INFO  server.RaftServerConfigKeys (ConfUtils.java:logGet(43)) - raft.server.log.appender.snapshot.chunk.size.max = 16MB (=16777216) (default)
2019-11-17 11:14:12,501 [EventQueue-PipelineReportForPipelineReportHandler] INFO  pipeline.PipelineStateManager (PipelineStateManager.java:openPipeline(134)) - Pipeline Pipeline[ Id: 7f9217e1-e095-48d2-9ebd-6494a50d8365, Nodes: f9de5302-5741-429b-9e37-55cacebd1d46{ip: 192.168.34.35, host: pr-hdds-2291-5997d-4279494527, networkLocation: /rack1, certSerialId: null}d0563571-d5f5-405e-9b61-87c552fd142f{ip: 192.168.34.35, host: pr-hdds-2291-5997d-4279494527, networkLocation: /rack1, certSerialId: null}357d2873-2248-48d2-9bf7-23aadc7fc5db{ip: 192.168.34.35, host: pr-hdds-2291-5997d-4279494527, networkLocation: /rack1, certSerialId: null}, Type:RATIS, Factor:THREE, State:OPEN] moved to OPEN state
2019-11-17 11:14:12,501 [357d2873-2248-48d2-9bf7-23aadc7fc5db@group-6494A50D8365-LeaderElection199] INFO  server.RaftServerConfigKeys (ConfUtils.java:logGet(43)) - raft.server.log.appender.buffer.byte-limit = 33554432 (custom)
2019-11-17 11:14:12,501 [357d2873-2248-48d2-9bf7-23aadc7fc5db@group-6494A50D8365-LeaderElection199] INFO  server.RaftServerConfigKeys (ConfUtils.java:logGet(43)) - raft.server.log.appender.buffer.element-limit = 1 (custom)
2019-11-17 11:14:12,502 [357d2873-2248-48d2-9bf7-23aadc7fc5db@group-6494A50D8365-LeaderElection199] INFO  grpc.GrpcConfigKeys$Server (ConfUtils.java:logGet(43)) - raft.grpc.server.leader.outstanding.appends.max = 128 (default)
2019-11-17 11:14:12,502 [357d2873-2248-48d2-9bf7-23aadc7fc5db@group-6494A50D8365-LeaderElection199] INFO  server.RaftServerConfigKeys (ConfUtils.java:logGet(43)) - raft.server.rpc.request.timeout = 3000ms (default)
2019-11-17 11:14:12,502 [357d2873-2248-48d2-9bf7-23aadc7fc5db@group-6494A50D8365-LeaderElection199] INFO  server.RaftServerConfigKeys (ConfUtils.java:logGet(43)) - raft.server.log.appender.install.snapshot.enabled = false (custom)
2019-11-17 11:14:12,502 [357d2873-2248-48d2-9bf7-23aadc7fc5db@group-6494A50D8365-LeaderElection199] WARN  impl.MetricRegistriesImpl (MetricRegistriesImpl.java:lambda$create$1(61)) - First MetricRegistry has been created without registering reporters. You may need to call MetricRegistries.global().addReportRegistration(...) before.
2019-11-17 11:14:12,502 [357d2873-2248-48d2-9bf7-23aadc7fc5db@group-6494A50D8365-LeaderElection199] INFO  server.RaftServerConfigKeys (ConfUtils.java:logGet(43)) - raft.server.log.appender.snapshot.chunk.size.max = 16MB (=16777216) (default)
2019-11-17 11:14:12,502 [357d2873-2248-48d2-9bf7-23aadc7fc5db@group-6494A50D8365-LeaderElection199] INFO  server.RaftServerConfigKeys (ConfUtils.java:logGet(43)) - raft.server.log.appender.buffer.byte-limit = 33554432 (custom)
2019-11-17 11:14:12,503 [357d2873-2248-48d2-9bf7-23aadc7fc5db@group-6494A50D8365-LeaderElection199] INFO  server.RaftServerConfigKeys (ConfUtils.java:logGet(43)) - raft.server.log.appender.buffer.element-limit = 1 (custom)
2019-11-17 11:14:12,503 [357d2873-2248-48d2-9bf7-23aadc7fc5db@group-6494A50D8365-LeaderElection199] INFO  grpc.GrpcConfigKeys$Server (ConfUtils.java:logGet(43)) - raft.grpc.server.leader.outstanding.appends.max = 128 (default)
2019-11-17 11:14:12,503 [357d2873-2248-48d2-9bf7-23aadc7fc5db@group-6494A50D8365-LeaderElection199] INFO  server.RaftServerConfigKeys (ConfUtils.java:logGet(43)) - raft.server.rpc.request.timeout = 3000ms (default)
2019-11-17 11:14:12,503 [357d2873-2248-48d2-9bf7-23aadc7fc5db@group-6494A50D8365-LeaderElection199] INFO  server.RaftServerConfigKeys (ConfUtils.java:logGet(43)) - raft.server.log.appender.install.snapshot.enabled = false (custom)
2019-11-17 11:14:12,503 [357d2873-2248-48d2-9bf7-23aadc7fc5db@group-6494A50D8365-LeaderElection199] INFO  impl.RoleInfo (RoleInfo.java:updateAndGet(143)) - 357d2873-2248-48d2-9bf7-23aadc7fc5db: start LeaderState
2019-11-17 11:14:12,503 [357d2873-2248-48d2-9bf7-23aadc7fc5db@group-6494A50D8365-LeaderElection199] INFO  segmented.SegmentedRaftLogWorker (SegmentedRaftLogWorker.java:startLogSegment(385)) - 357d2873-2248-48d2-9bf7-23aadc7fc5db@group-6494A50D8365-SegmentedRaftLogWorker: Starting segment from index:0
2019-11-17 11:14:12,504 [357d2873-2248-48d2-9bf7-23aadc7fc5db@group-6494A50D8365-LeaderElection199] INFO  impl.RaftServerImpl (ServerState.java:setRaftConf(356)) - 357d2873-2248-48d2-9bf7-23aadc7fc5db@group-6494A50D8365: set configuration 0: [f9de5302-5741-429b-9e37-55cacebd1d46:192.168.34.35:34600, 357d2873-2248-48d2-9bf7-23aadc7fc5db:192.168.34.35:44629, d0563571-d5f5-405e-9b61-87c552fd142f:192.168.34.35:36223], old=null at 0
2019-11-17 11:14:12,505 [grpc-default-executor-6] INFO  ratis.XceiverServerRatis (XceiverServerRatis.java:handleLeaderChangedNotification(697)) - Leader change notification received for group: group-6494A50D8365 with new leaderId: 357d2873-2248-48d2-9bf7-23aadc7fc5db
2019-11-17 11:14:12,505 [grpc-default-executor-6] INFO  impl.RaftServerImpl (ServerState.java:setLeader(255)) - f9de5302-5741-429b-9e37-55cacebd1d46@group-6494A50D8365: change Leader from null to 357d2873-2248-48d2-9bf7-23aadc7fc5db at term 1 for appendEntries, leader elected after 1135ms
2019-11-17 11:14:12,505 [grpc-default-executor-8] INFO  ratis.XceiverServerRatis (XceiverServerRatis.java:handleLeaderChangedNotification(697)) - Leader change notification received for group: group-6494A50D8365 with new leaderId: 357d2873-2248-48d2-9bf7-23aadc7fc5db
2019-11-17 11:14:12,505 [grpc-default-executor-8] INFO  impl.RaftServerImpl (ServerState.java:setLeader(255)) - d0563571-d5f5-405e-9b61-87c552fd142f@group-6494A50D8365: change Leader from null to 357d2873-2248-48d2-9bf7-23aadc7fc5db at term 1 for appendEntries, leader elected after 1135ms
2019-11-17 11:14:12,537 [grpc-default-executor-6] INFO  impl.RaftServerImpl (ServerState.java:setRaftConf(356)) - f9de5302-5741-429b-9e37-55cacebd1d46@group-6494A50D8365: set configuration 0: [f9de5302-5741-429b-9e37-55cacebd1d46:192.168.34.35:34600, 357d2873-2248-48d2-9bf7-23aadc7fc5db:192.168.34.35:44629, d0563571-d5f5-405e-9b61-87c552fd142f:192.168.34.35:36223], old=null at 0
2019-11-17 11:14:12,537 [grpc-default-executor-8] INFO  impl.RaftServerImpl (ServerState.java:setRaftConf(356)) - d0563571-d5f5-405e-9b61-87c552fd142f@group-6494A50D8365: set configuration 0: [f9de5302-5741-429b-9e37-55cacebd1d46:192.168.34.35:34600, 357d2873-2248-48d2-9bf7-23aadc7fc5db:192.168.34.35:44629, d0563571-d5f5-405e-9b61-87c552fd142f:192.168.34.35:36223], old=null at 0
2019-11-17 11:14:12,537 [grpc-default-executor-6] INFO  segmented.SegmentedRaftLogWorker (SegmentedRaftLogWorker.java:startLogSegment(385)) - f9de5302-5741-429b-9e37-55cacebd1d46@group-6494A50D8365-SegmentedRaftLogWorker: Starting segment from index:0
2019-11-17 11:14:12,537 [grpc-default-executor-8] INFO  segmented.SegmentedRaftLogWorker (SegmentedRaftLogWorker.java:startLogSegment(385)) - d0563571-d5f5-405e-9b61-87c552fd142f@group-6494A50D8365-SegmentedRaftLogWorker: Starting segment from index:0
2019-11-17 11:14:12,546 [357d2873-2248-48d2-9bf7-23aadc7fc5db@group-6494A50D8365-SegmentedRaftLogWorker] INFO  segmented.SegmentedRaftLogWorker (SegmentedRaftLogWorker.java:execute(576)) - 357d2873-2248-48d2-9bf7-23aadc7fc5db@group-6494A50D8365-SegmentedRaftLogWorker: created new log segment /workdir/hadoop-ozone/integration-test/target/test-dir/MiniOzoneClusterImpl-d61a8e55-6b1b-4302-a8ca-331e331e4b67/datanode-7/data/ratis/7f9217e1-e095-48d2-9ebd-6494a50d8365/current/log_inprogress_0
2019-11-17 11:14:12,576 [d0563571-d5f5-405e-9b61-87c552fd142f@group-6494A50D8365-SegmentedRaftLogWorker] INFO  segmented.SegmentedRaftLogWorker (SegmentedRaftLogWorker.java:execute(576)) - d0563571-d5f5-405e-9b61-87c552fd142f@group-6494A50D8365-SegmentedRaftLogWorker: created new log segment /workdir/hadoop-ozone/integration-test/target/test-dir/MiniOzoneClusterImpl-d61a8e55-6b1b-4302-a8ca-331e331e4b67/datanode-6/data/ratis/7f9217e1-e095-48d2-9ebd-6494a50d8365/current/log_inprogress_0
2019-11-17 11:14:12,576 [f9de5302-5741-429b-9e37-55cacebd1d46@group-6494A50D8365-SegmentedRaftLogWorker] INFO  segmented.SegmentedRaftLogWorker (SegmentedRaftLogWorker.java:execute(576)) - f9de5302-5741-429b-9e37-55cacebd1d46@group-6494A50D8365-SegmentedRaftLogWorker: created new log segment /workdir/hadoop-ozone/integration-test/target/test-dir/MiniOzoneClusterImpl-d61a8e55-6b1b-4302-a8ca-331e331e4b67/datanode-9/data/ratis/7f9217e1-e095-48d2-9ebd-6494a50d8365/current/log_inprogress_0
2019-11-17 11:14:13,075 [Thread-3788] INFO  impl.FollowerState (FollowerState.java:run(111)) - 4c46855d-d979-4113-9d53-291bcfa92579@group-F68C65ADDFE2-FollowerState: change to CANDIDATE, lastRpcTime:1108ms, electionTimeout:1108ms
2019-11-17 11:14:13,075 [Thread-3788] INFO  impl.RoleInfo (RoleInfo.java:shutdownFollowerState(121)) - 4c46855d-d979-4113-9d53-291bcfa92579: shutdown FollowerState
2019-11-17 11:14:13,076 [Thread-3788] INFO  impl.RaftServerImpl (RaftServerImpl.java:setRole(173)) - 4c46855d-d979-4113-9d53-291bcfa92579@group-F68C65ADDFE2: changes role from  FOLLOWER to CANDIDATE at term 1 for changeToCandidate
2019-11-17 11:14:13,076 [Thread-3788] INFO  impl.RoleInfo (RoleInfo.java:updateAndGet(143)) - 4c46855d-d979-4113-9d53-291bcfa92579: start LeaderElection
2019-11-17 11:14:13,089 [4c46855d-d979-4113-9d53-291bcfa92579@group-F68C65ADDFE2-LeaderElection200] INFO  impl.LeaderElection (LeaderElection.java:askForVotes(178)) - 4c46855d-d979-4113-9d53-291bcfa92579@group-F68C65ADDFE2-LeaderElection200: begin an election at term 2 for -1: [4c46855d-d979-4113-9d53-291bcfa92579:192.168.34.35:41089, 3d268c2e-02d6-42d5-8f0a-acb046ab2083:192.168.34.35:41075, eab723bb-0aff-418b-9bd7-1333118797a2:192.168.34.35:46301], old=null
2019-11-17 11:14:13,091 [grpc-default-executor-6] INFO  impl.RaftServerImpl (RaftServerImpl.java:setRole(173)) - 3d268c2e-02d6-42d5-8f0a-acb046ab2083@group-F68C65ADDFE2: changes role from  FOLLOWER to FOLLOWER at term 2 for recognizeCandidate:4c46855d-d979-4113-9d53-291bcfa92579
2019-11-17 11:14:13,091 [grpc-default-executor-6] INFO  impl.RoleInfo (RoleInfo.java:shutdownFollowerState(121)) - 3d268c2e-02d6-42d5-8f0a-acb046ab2083: shutdown FollowerState
2019-11-17 11:14:13,091 [grpc-default-executor-8] INFO  impl.RaftServerImpl (RaftServerImpl.java:setRole(173)) - eab723bb-0aff-418b-9bd7-1333118797a2@group-F68C65ADDFE2: changes role from  FOLLOWER to FOLLOWER at term 2 for recognizeCandidate:4c46855d-d979-4113-9d53-291bcfa92579
2019-11-17 11:14:13,091 [Thread-3789] INFO  impl.FollowerState (FollowerState.java:run(120)) - 3d268c2e-02d6-42d5-8f0a-acb046ab2083@group-F68C65ADDFE2-FollowerState was interrupted: java.lang.InterruptedException: sleep interrupted
2019-11-17 11:14:13,091 [grpc-default-executor-8] INFO  impl.RoleInfo (RoleInfo.java:shutdownFollowerState(121)) - eab723bb-0aff-418b-9bd7-1333118797a2: shutdown FollowerState
2019-11-17 11:14:13,091 [grpc-default-executor-6] INFO  impl.RoleInfo (RoleInfo.java:updateAndGet(143)) - 3d268c2e-02d6-42d5-8f0a-acb046ab2083: start FollowerState
2019-11-17 11:14:13,092 [Thread-3787] INFO  impl.FollowerState (FollowerState.java:run(120)) - eab723bb-0aff-418b-9bd7-1333118797a2@group-F68C65ADDFE2-FollowerState was interrupted: java.lang.InterruptedException: sleep interrupted
2019-11-17 11:14:13,091 [grpc-default-executor-8] INFO  impl.RoleInfo (RoleInfo.java:updateAndGet(143)) - eab723bb-0aff-418b-9bd7-1333118797a2: start FollowerState
2019-11-17 11:14:13,106 [4c46855d-d979-4113-9d53-291bcfa92579@group-F68C65ADDFE2-LeaderElection200] INFO  impl.LeaderElection (LeaderElection.java:logAndReturn(56)) - 4c46855d-d979-4113-9d53-291bcfa92579@group-F68C65ADDFE2-LeaderElection200: Election PASSED; received 1 response(s) [4c46855d-d979-4113-9d53-291bcfa92579<-eab723bb-0aff-418b-9bd7-1333118797a2#0:OK-t2] and 0 exception(s); 4c46855d-d979-4113-9d53-291bcfa92579@group-F68C65ADDFE2:t2, leader=null, voted=4c46855d-d979-4113-9d53-291bcfa92579, raftlog=4c46855d-d979-4113-9d53-291bcfa92579@group-F68C65ADDFE2-SegmentedRaftLog:OPENED:c-1,f-1,i0, conf=-1: [4c46855d-d979-4113-9d53-291bcfa92579:192.168.34.35:41089, 3d268c2e-02d6-42d5-8f0a-acb046ab2083:192.168.34.35:41075, eab723bb-0aff-418b-9bd7-1333118797a2:192.168.34.35:46301], old=null
2019-11-17 11:14:13,106 [4c46855d-d979-4113-9d53-291bcfa92579@group-F68C65ADDFE2-LeaderElection200] INFO  impl.RoleInfo (RoleInfo.java:shutdownLeaderElection(134)) - 4c46855d-d979-4113-9d53-291bcfa92579: shutdown LeaderElection
2019-11-17 11:14:13,107 [4c46855d-d979-4113-9d53-291bcfa92579@group-F68C65ADDFE2-LeaderElection200] INFO  impl.RaftServerImpl (RaftServerImpl.java:setRole(173)) - 4c46855d-d979-4113-9d53-291bcfa92579@group-F68C65ADDFE2: changes role from CANDIDATE to LEADER at term 2 for changeToLeader
2019-11-17 11:14:13,107 [4c46855d-d979-4113-9d53-291bcfa92579@group-F68C65ADDFE2-LeaderElection200] INFO  ratis.XceiverServerRatis (XceiverServerRatis.java:handleLeaderChangedNotification(697)) - Leader change notification received for group: group-F68C65ADDFE2 with new leaderId: 4c46855d-d979-4113-9d53-291bcfa92579
2019-11-17 11:14:13,107 [4c46855d-d979-4113-9d53-291bcfa92579@group-F68C65ADDFE2-LeaderElection200] INFO  impl.RaftServerImpl (ServerState.java:setLeader(255)) - 4c46855d-d979-4113-9d53-291bcfa92579@group-F68C65ADDFE2: change Leader from null to 4c46855d-d979-4113-9d53-291bcfa92579 at term 2 for becomeLeader, leader elected after 2258ms
2019-11-17 11:14:13,107 [4c46855d-d979-4113-9d53-291bcfa92579@group-F68C65ADDFE2-LeaderElection200] INFO  server.RaftServerConfigKeys (ConfUtils.java:logGet(43)) - raft.server.staging.catchup.gap = 1000 (default)
2019-11-17 11:14:13,107 [4c46855d-d979-4113-9d53-291bcfa92579@group-F68C65ADDFE2-LeaderElection200] INFO  server.RaftServerConfigKeys (ConfUtils.java:logGet(43)) - raft.server.rpc.sleep.time = 25ms (default)
2019-11-17 11:14:13,107 [4c46855d-d979-4113-9d53-291bcfa92579@group-F68C65ADDFE2-LeaderElection200] INFO  server.RaftServerConfigKeys (ConfUtils.java:logGet(43)) - raft.server.write.element-limit = 4096 (default)
2019-11-17 11:14:13,108 [4c46855d-d979-4113-9d53-291bcfa92579@group-F68C65ADDFE2-LeaderElection200] INFO  server.RaftServerConfigKeys (ConfUtils.java:logGet(43)) - raft.server.watch.timeout = 10s (default)
2019-11-17 11:14:13,108 [EventQueue-PipelineReportForPipelineReportHandler] INFO  pipeline.PipelineStateManager (PipelineStateManager.java:openPipeline(134)) - Pipeline Pipeline[ Id: ffbcf14a-afd4-4d95-abac-f68c65addfe2, Nodes: 3d268c2e-02d6-42d5-8f0a-acb046ab2083{ip: 192.168.34.35, host: pr-hdds-2291-5997d-4279494527, networkLocation: /rack1, certSerialId: null}eab723bb-0aff-418b-9bd7-1333118797a2{ip: 192.168.34.35, host: pr-hdds-2291-5997d-4279494527, networkLocation: /rack1, certSerialId: null}4c46855d-d979-4113-9d53-291bcfa92579{ip: 192.168.34.35, host: pr-hdds-2291-5997d-4279494527, networkLocation: /rack1, certSerialId: null}, Type:RATIS, Factor:THREE, State:OPEN] moved to OPEN state
2019-11-17 11:14:13,108 [4c46855d-d979-4113-9d53-291bcfa92579@group-F68C65ADDFE2-LeaderElection200] INFO  server.RaftServerConfigKeys (ConfUtils.java:logGet(43)) - raft.server.watch.timeout.denomination = 1s (default)
2019-11-17 11:14:13,108 [4c46855d-d979-4113-9d53-291bcfa92579@group-F68C65ADDFE2-LeaderElection200] INFO  server.RaftServerConfigKeys (ConfUtils.java:logGet(43)) - raft.server.watch.element-limit = 65536 (default)
2019-11-17 11:14:13,108 [4c46855d-d979-4113-9d53-291bcfa92579@group-F68C65ADDFE2-LeaderElection200] INFO  server.RaftServerConfigKeys (ConfUtils.java:logGet(43)) - raft.server.log.appender.snapshot.chunk.size.max = 16MB (=16777216) (default)
2019-11-17 11:14:13,108 [4c46855d-d979-4113-9d53-291bcfa92579@group-F68C65ADDFE2-LeaderElection200] INFO  server.RaftServerConfigKeys (ConfUtils.java:logGet(43)) - raft.server.log.appender.buffer.byte-limit = 33554432 (custom)
2019-11-17 11:14:13,109 [4c46855d-d979-4113-9d53-291bcfa92579@group-F68C65ADDFE2-LeaderElection200] INFO  server.RaftServerConfigKeys (ConfUtils.java:logGet(43)) - raft.server.log.appender.buffer.element-limit = 1 (custom)
2019-11-17 11:14:13,109 [4c46855d-d979-4113-9d53-291bcfa92579@group-F68C65ADDFE2-LeaderElection200] INFO  grpc.GrpcConfigKeys$Server (ConfUtils.java:logGet(43)) - raft.grpc.server.leader.outstanding.appends.max = 128 (default)
2019-11-17 11:14:13,109 [4c46855d-d979-4113-9d53-291bcfa92579@group-F68C65ADDFE2-LeaderElection200] INFO  server.RaftServerConfigKeys (ConfUtils.java:logGet(43)) - raft.server.rpc.request.timeout = 3000ms (default)
2019-11-17 11:14:13,109 [4c46855d-d979-4113-9d53-291bcfa92579@group-F68C65ADDFE2-LeaderElection200] INFO  server.RaftServerConfigKeys (ConfUtils.java:logGet(43)) - raft.server.log.appender.install.snapshot.enabled = false (custom)
2019-11-17 11:14:13,109 [4c46855d-d979-4113-9d53-291bcfa92579@group-F68C65ADDFE2-LeaderElection200] WARN  impl.MetricRegistriesImpl (MetricRegistriesImpl.java:lambda$create$1(61)) - First MetricRegistry has been created without registering reporters. You may need to call MetricRegistries.global().addReportRegistration(...) before.
2019-11-17 11:14:13,109 [4c46855d-d979-4113-9d53-291bcfa92579@group-F68C65ADDFE2-LeaderElection200] INFO  server.RaftServerConfigKeys (ConfUtils.java:logGet(43)) - raft.server.log.appender.snapshot.chunk.size.max = 16MB (=16777216) (default)
2019-11-17 11:14:13,109 [4c46855d-d979-4113-9d53-291bcfa92579@group-F68C65ADDFE2-LeaderElection200] INFO  server.RaftServerConfigKeys (ConfUtils.java:logGet(43)) - raft.server.log.appender.buffer.byte-limit = 33554432 (custom)
2019-11-17 11:14:13,110 [4c46855d-d979-4113-9d53-291bcfa92579@group-F68C65ADDFE2-LeaderElection200] INFO  server.RaftServerConfigKeys (ConfUtils.java:logGet(43)) - raft.server.log.appender.buffer.element-limit = 1 (custom)
2019-11-17 11:14:13,110 [4c46855d-d979-4113-9d53-291bcfa92579@group-F68C65ADDFE2-LeaderElection200] INFO  grpc.GrpcConfigKeys$Server (ConfUtils.java:logGet(43)) - raft.grpc.server.leader.outstanding.appends.max = 128 (default)
2019-11-17 11:14:13,110 [4c46855d-d979-4113-9d53-291bcfa92579@group-F68C65ADDFE2-LeaderElection200] INFO  server.RaftServerConfigKeys (ConfUtils.java:logGet(43)) - raft.server.rpc.request.timeout = 3000ms (default)
2019-11-17 11:14:13,110 [4c46855d-d979-4113-9d53-291bcfa92579@group-F68C65ADDFE2-LeaderElection200] INFO  server.RaftServerConfigKeys (ConfUtils.java:logGet(43)) - raft.server.log.appender.install.snapshot.enabled = false (custom)
2019-11-17 11:14:13,110 [4c46855d-d979-4113-9d53-291bcfa92579@group-F68C65ADDFE2-LeaderElection200] INFO  impl.RoleInfo (RoleInfo.java:updateAndGet(143)) - 4c46855d-d979-4113-9d53-291bcfa92579: start LeaderState
2019-11-17 11:14:13,110 [4c46855d-d979-4113-9d53-291bcfa92579@group-F68C65ADDFE2-LeaderElection200] INFO  segmented.SegmentedRaftLogWorker (SegmentedRaftLogWorker.java:startLogSegment(385)) - 4c46855d-d979-4113-9d53-291bcfa92579@group-F68C65ADDFE2-SegmentedRaftLogWorker: Starting segment from index:0
2019-11-17 11:14:13,111 [4c46855d-d979-4113-9d53-291bcfa92579@group-F68C65ADDFE2-LeaderElection200] INFO  impl.RaftServerImpl (ServerState.java:setRaftConf(356)) - 4c46855d-d979-4113-9d53-291bcfa92579@group-F68C65ADDFE2: set configuration 0: [4c46855d-d979-4113-9d53-291bcfa92579:192.168.34.35:41089, 3d268c2e-02d6-42d5-8f0a-acb046ab2083:192.168.34.35:41075, eab723bb-0aff-418b-9bd7-1333118797a2:192.168.34.35:46301], old=null at 0
2019-11-17 11:14:13,112 [grpc-default-executor-8] INFO  ratis.XceiverServerRatis (XceiverServerRatis.java:handleLeaderChangedNotification(697)) - Leader change notification received for group: group-F68C65ADDFE2 with new leaderId: 4c46855d-d979-4113-9d53-291bcfa92579
2019-11-17 11:14:13,112 [grpc-default-executor-6] INFO  ratis.XceiverServerRatis (XceiverServerRatis.java:handleLeaderChangedNotification(697)) - Leader change notification received for group: group-F68C65ADDFE2 with new leaderId: 4c46855d-d979-4113-9d53-291bcfa92579
2019-11-17 11:14:13,112 [grpc-default-executor-8] INFO  impl.RaftServerImpl (ServerState.java:setLeader(255)) - 3d268c2e-02d6-42d5-8f0a-acb046ab2083@group-F68C65ADDFE2: change Leader from null to 4c46855d-d979-4113-9d53-291bcfa92579 at term 2 for appendEntries, leader elected after 2264ms
2019-11-17 11:14:13,112 [grpc-default-executor-6] INFO  impl.RaftServerImpl (ServerState.java:setLeader(255)) - eab723bb-0aff-418b-9bd7-1333118797a2@group-F68C65ADDFE2: change Leader from null to 4c46855d-d979-4113-9d53-291bcfa92579 at term 2 for appendEntries, leader elected after 2264ms
2019-11-17 11:14:13,114 [grpc-default-executor-6] INFO  impl.RaftServerImpl (ServerState.java:setRaftConf(356)) - 3d268c2e-02d6-42d5-8f0a-acb046ab2083@group-F68C65ADDFE2: set configuration 0: [4c46855d-d979-4113-9d53-291bcfa92579:192.168.34.35:41089, 3d268c2e-02d6-42d5-8f0a-acb046ab2083:192.168.34.35:41075, eab723bb-0aff-418b-9bd7-1333118797a2:192.168.34.35:46301], old=null at 0
2019-11-17 11:14:13,114 [grpc-default-executor-8] INFO  impl.RaftServerImpl (ServerState.java:setRaftConf(356)) - eab723bb-0aff-418b-9bd7-1333118797a2@group-F68C65ADDFE2: set configuration 0: [4c46855d-d979-4113-9d53-291bcfa92579:192.168.34.35:41089, 3d268c2e-02d6-42d5-8f0a-acb046ab2083:192.168.34.35:41075, eab723bb-0aff-418b-9bd7-1333118797a2:192.168.34.35:46301], old=null at 0
2019-11-17 11:14:13,114 [grpc-default-executor-6] INFO  segmented.SegmentedRaftLogWorker (SegmentedRaftLogWorker.java:startLogSegment(385)) - 3d268c2e-02d6-42d5-8f0a-acb046ab2083@group-F68C65ADDFE2-SegmentedRaftLogWorker: Starting segment from index:0
2019-11-17 11:14:13,114 [grpc-default-executor-8] INFO  segmented.SegmentedRaftLogWorker (SegmentedRaftLogWorker.java:startLogSegment(385)) - eab723bb-0aff-418b-9bd7-1333118797a2@group-F68C65ADDFE2-SegmentedRaftLogWorker: Starting segment from index:0
2019-11-17 11:14:13,149 [eab723bb-0aff-418b-9bd7-1333118797a2@group-F68C65ADDFE2-SegmentedRaftLogWorker] INFO  segmented.SegmentedRaftLogWorker (SegmentedRaftLogWorker.java:execute(576)) - eab723bb-0aff-418b-9bd7-1333118797a2@group-F68C65ADDFE2-SegmentedRaftLogWorker: created new log segment /workdir/hadoop-ozone/integration-test/target/test-dir/MiniOzoneClusterImpl-d61a8e55-6b1b-4302-a8ca-331e331e4b67/datanode-1/data/ratis/ffbcf14a-afd4-4d95-abac-f68c65addfe2/current/log_inprogress_0
2019-11-17 11:14:13,149 [3d268c2e-02d6-42d5-8f0a-acb046ab2083@group-F68C65ADDFE2-SegmentedRaftLogWorker] INFO  segmented.SegmentedRaftLogWorker (SegmentedRaftLogWorker.java:execute(576)) - 3d268c2e-02d6-42d5-8f0a-acb046ab2083@group-F68C65ADDFE2-SegmentedRaftLogWorker: created new log segment /workdir/hadoop-ozone/integration-test/target/test-dir/MiniOzoneClusterImpl-d61a8e55-6b1b-4302-a8ca-331e331e4b67/datanode-0/data/ratis/ffbcf14a-afd4-4d95-abac-f68c65addfe2/current/log_inprogress_0
2019-11-17 11:14:13,149 [4c46855d-d979-4113-9d53-291bcfa92579@group-F68C65ADDFE2-SegmentedRaftLogWorker] INFO  segmented.SegmentedRaftLogWorker (SegmentedRaftLogWorker.java:execute(576)) - 4c46855d-d979-4113-9d53-291bcfa92579@group-F68C65ADDFE2-SegmentedRaftLogWorker: created new log segment /workdir/hadoop-ozone/integration-test/target/test-dir/MiniOzoneClusterImpl-d61a8e55-6b1b-4302-a8ca-331e331e4b67/datanode-2/data/ratis/ffbcf14a-afd4-4d95-abac-f68c65addfe2/current/log_inprogress_0
2019-11-17 11:14:13,403 [main] INFO  ozone.MiniOzoneClusterImpl (MiniOzoneClusterImpl.java:lambda$waitForClusterToBeReady$2(171)) - Cluster is ready. Got 10 of 10 DN Heartbeats.
2019-11-17 11:14:13,437 [main] INFO  rpc.RpcClient (RpcClient.java:createVolume(292)) - Creating Volume: datanodefailurehandlingtest, with jenkins1000 as owner.
2019-11-17 11:14:13,439 [IPC Server handler 0 on 46491] INFO  volume.OMVolumeCreateRequest (OMVolumeCreateRequest.java:validateAndUpdateCache(193)) - created volume:datanodefailurehandlingtest for user:jenkins1000
2019-11-17 11:14:13,488 [main] INFO  rpc.RpcClient (RpcClient.java:createBucket(431)) - Creating Bucket: datanodefailurehandlingtest/datanodefailurehandlingtest, with Versioning false and Storage Type set to DISK and Encryption set to false 
2019-11-17 11:14:13,632 [Thread-3714] INFO  container.ReplicationManager (ReplicationManager.java:start(162)) - Starting Replication Monitor Thread.
2019-11-17 11:14:13,632 [Thread-3714] INFO  pipeline.SCMPipelineManager (SCMPipelineManager.java:finalizeAndDestroyPipeline(315)) - destroying pipeline:Pipeline[ Id: dcbfbd94-a363-4188-aed1-eb146d1c0efc, Nodes: eab723bb-0aff-418b-9bd7-1333118797a2{ip: 192.168.34.35, host: pr-hdds-2291-5997d-4279494527, networkLocation: /rack1, certSerialId: null}, Type:RATIS, Factor:ONE, State:OPEN]
2019-11-17 11:14:13,635 [Thread-3714] INFO  pipeline.PipelineStateManager (PipelineStateManager.java:finalizePipeline(121)) - Pipeline Pipeline[ Id: dcbfbd94-a363-4188-aed1-eb146d1c0efc, Nodes: eab723bb-0aff-418b-9bd7-1333118797a2{ip: 192.168.34.35, host: pr-hdds-2291-5997d-4279494527, networkLocation: /rack1, certSerialId: null}, Type:RATIS, Factor:ONE, State:CLOSED] moved to CLOSED state
2019-11-17 11:14:13,635 [ReplicationMonitor] INFO  container.ReplicationManager (ReplicationManager.java:run(225)) - Replication Monitor Thread took 0 milliseconds for processing 1 containers.
2019-11-17 11:14:13,637 [grpc-default-executor-6] INFO  impl.RaftServerProxy (RaftServerProxy.java:remove(95)) - eab723bb-0aff-418b-9bd7-1333118797a2: remove    LEADER eab723bb-0aff-418b-9bd7-1333118797a2@group-EB146D1C0EFC:t1, leader=eab723bb-0aff-418b-9bd7-1333118797a2, voted=eab723bb-0aff-418b-9bd7-1333118797a2, raftlog=eab723bb-0aff-418b-9bd7-1333118797a2@group-EB146D1C0EFC-SegmentedRaftLog:OPENED:c0,f0,i0, conf=0: [eab723bb-0aff-418b-9bd7-1333118797a2:192.168.34.35:46301], old=null RUNNING
2019-11-17 11:14:13,638 [grpc-default-executor-6] INFO  impl.RaftServerImpl (RaftServerImpl.java:lambda$shutdown$3(250)) - eab723bb-0aff-418b-9bd7-1333118797a2@group-EB146D1C0EFC: shutdown
2019-11-17 11:14:13,638 [grpc-default-executor-6] INFO  util.JmxRegister (JmxRegister.java:unregister(73)) - Successfully un-registered JMX Bean with object name Ratis:service=RaftServer,group=group-EB146D1C0EFC,id=eab723bb-0aff-418b-9bd7-1333118797a2
2019-11-17 11:14:13,638 [grpc-default-executor-6] INFO  impl.RoleInfo (RoleInfo.java:shutdownLeaderState(104)) - eab723bb-0aff-418b-9bd7-1333118797a2: shutdown LeaderState
2019-11-17 11:14:13,638 [grpc-default-executor-6] INFO  impl.PendingRequests (PendingRequests.java:sendNotLeaderResponses(206)) - eab723bb-0aff-418b-9bd7-1333118797a2@group-EB146D1C0EFC-PendingRequests: sendNotLeaderResponses
2019-11-17 11:14:13,638 [grpc-default-executor-6] INFO  impl.StateMachineUpdater (StateMachineUpdater.java:stopAndJoin(136)) - eab723bb-0aff-418b-9bd7-1333118797a2@group-EB146D1C0EFC-StateMachineUpdater: set stopIndex = 0
2019-11-17 11:14:13,638 [grpc-default-executor-6] INFO  impl.RaftServerImpl (ServerState.java:close(387)) - eab723bb-0aff-418b-9bd7-1333118797a2@group-EB146D1C0EFC: closes. applyIndex: 0
2019-11-17 11:14:13,639 [eab723bb-0aff-418b-9bd7-1333118797a2@group-EB146D1C0EFC-SegmentedRaftLogWorker] INFO  segmented.SegmentedRaftLogWorker (SegmentedRaftLogWorker.java:run(316)) - eab723bb-0aff-418b-9bd7-1333118797a2@group-EB146D1C0EFC-SegmentedRaftLogWorker was interrupted, exiting. There are 0 tasks remaining in the queue.
2019-11-17 11:14:13,641 [grpc-default-executor-6] INFO  segmented.SegmentedRaftLogWorker (SegmentedRaftLogWorker.java:close(224)) - eab723bb-0aff-418b-9bd7-1333118797a2@group-EB146D1C0EFC-SegmentedRaftLogWorker close()
2019-11-17 11:14:13,646 [Thread-3714] INFO  pipeline.PipelineStateManager (PipelineStateManager.java:removePipeline(106)) - Pipeline Pipeline[ Id: dcbfbd94-a363-4188-aed1-eb146d1c0efc, Nodes: eab723bb-0aff-418b-9bd7-1333118797a2{ip: 192.168.34.35, host: pr-hdds-2291-5997d-4279494527, networkLocation: /rack1, certSerialId: null}, Type:RATIS, Factor:ONE, State:CLOSED] removed from db
2019-11-17 11:14:13,647 [Thread-3714] INFO  pipeline.SCMPipelineManager (SCMPipelineManager.java:finalizeAndDestroyPipeline(315)) - destroying pipeline:Pipeline[ Id: afc7754b-77b5-4b96-85d5-c13aef1e4df7, Nodes: 2e7e8ab2-b4fc-48ff-a5a7-73886d1441d9{ip: 192.168.34.35, host: pr-hdds-2291-5997d-4279494527, networkLocation: /rack1, certSerialId: null}add0c2af-eaab-406f-a894-445c5362ddef{ip: 192.168.34.35, host: pr-hdds-2291-5997d-4279494527, networkLocation: /rack1, certSerialId: null}c2458f73-2416-4c07-9882-0f9c7a0b27cc{ip: 192.168.34.35, host: pr-hdds-2291-5997d-4279494527, networkLocation: /rack1, certSerialId: null}, Type:RATIS, Factor:THREE, State:OPEN]
2019-11-17 11:14:13,650 [grpc-default-executor-6] INFO  impl.RaftServerProxy (RaftServerProxy.java:addNew(89)) - eab723bb-0aff-418b-9bd7-1333118797a2: addNew group-0E36CBC99761:[eab723bb-0aff-418b-9bd7-1333118797a2:192.168.34.35:46301] returns group-0E36CBC99761:java.util.concurrent.CompletableFuture@3ef5c819[Not completed]
2019-11-17 11:14:13,651 [pool-519-thread-1] INFO  impl.RaftServerImpl (RaftServerImpl.java:<init>(98)) - eab723bb-0aff-418b-9bd7-1333118797a2: new RaftServerImpl for group-0E36CBC99761:[eab723bb-0aff-418b-9bd7-1333118797a2:192.168.34.35:46301] with ContainerStateMachine:uninitialized
2019-11-17 11:14:13,651 [pool-519-thread-1] INFO  server.RaftServerConfigKeys (ConfUtils.java:logGet(43)) - raft.server.rpc.timeout.min = 1s (custom)
2019-11-17 11:14:13,651 [pool-519-thread-1] INFO  server.RaftServerConfigKeys (ConfUtils.java:logGet(43)) - raft.server.rpc.timeout.max = 1200ms (custom)
2019-11-17 11:14:13,651 [pool-519-thread-1] INFO  server.RaftServerConfigKeys (ConfUtils.java:logGet(43)) - raft.server.rpcslowness.timeout = 120s (custom)
2019-11-17 11:14:13,651 [pool-519-thread-1] INFO  server.RaftServerConfigKeys (ConfUtils.java:logGet(43)) - raft.server.sleep.deviation.threshold = 300 (default)
2019-11-17 11:14:13,651 [pool-519-thread-1] INFO  server.RaftServerConfigKeys (ConfUtils.java:logGet(43)) - raft.server.log.appender.install.snapshot.enabled = false (custom)
2019-11-17 11:14:13,651 [pool-519-thread-1] INFO  impl.RaftServerImpl (ServerState.java:<init>(103)) - eab723bb-0aff-418b-9bd7-1333118797a2@group-0E36CBC99761: ConfigurationManager, init=-1: [eab723bb-0aff-418b-9bd7-1333118797a2:192.168.34.35:46301], old=null, confs=<EMPTY_MAP>
2019-11-17 11:14:13,652 [pool-519-thread-1] INFO  server.RaftServerConfigKeys (ConfUtils.java:logGet(43)) - raft.server.storage.dir = [/workdir/hadoop-ozone/integration-test/target/test-dir/MiniOzoneClusterImpl-d61a8e55-6b1b-4302-a8ca-331e331e4b67/datanode-1/data/ratis] (custom)
2019-11-17 11:14:13,652 [pool-519-thread-1] INFO  server.RaftServerConfigKeys (ConfUtils.java:logGet(43)) - raft.server.log.corruption.policy = EXCEPTION (default)
2019-11-17 11:14:13,653 [pool-519-thread-1] INFO  storage.RaftStorageDirectory (RaftStorageDirectory.java:analyzeStorage(246)) - The storage directory /workdir/hadoop-ozone/integration-test/target/test-dir/MiniOzoneClusterImpl-d61a8e55-6b1b-4302-a8ca-331e331e4b67/datanode-1/data/ratis/bd9d6f5f-e953-41ef-8495-0e36cbc99761 does not exist. Creating ...
2019-11-17 11:14:13,668 [pool-519-thread-1] INFO  storage.RaftStorageDirectory (RaftStorageDirectory.java:tryLock(328)) - Lock on /workdir/hadoop-ozone/integration-test/target/test-dir/MiniOzoneClusterImpl-d61a8e55-6b1b-4302-a8ca-331e331e4b67/datanode-1/data/ratis/bd9d6f5f-e953-41ef-8495-0e36cbc99761/in_use.lock acquired by nodename 20606@pr-hdds-2291-5997d-4279494527
2019-11-17 11:14:13,703 [pool-519-thread-1] INFO  storage.RaftStorage (RaftStorage.java:format(84)) - Storage directory /workdir/hadoop-ozone/integration-test/target/test-dir/MiniOzoneClusterImpl-d61a8e55-6b1b-4302-a8ca-331e331e4b67/datanode-1/data/ratis/bd9d6f5f-e953-41ef-8495-0e36cbc99761 has been successfully formatted.
2019-11-17 11:14:13,703 [pool-519-thread-1] INFO  ratis.ContainerStateMachine (ContainerStateMachine.java:loadSnapshot(223)) - group-0E36CBC99761: The snapshot info is null. Setting the last applied indexto:(t:0, i:~)
2019-11-17 11:14:13,703 [pool-519-thread-1] INFO  server.RaftServerConfigKeys (ConfUtils.java:logGet(43)) - raft.server.notification.no-leader.timeout = 120s (custom)
2019-11-17 11:14:13,703 [pool-519-thread-1] INFO  server.RaftServerConfigKeys (ConfUtils.java:logGet(43)) - raft.server.log.use.memory = false (default)
2019-11-17 11:14:13,704 [pool-519-thread-1] INFO  server.RaftServerConfigKeys (ConfUtils.java:logGet(43)) - raft.server.log.purge.gap = 1000000 (custom)
2019-11-17 11:14:13,704 [pool-519-thread-1] INFO  server.RaftServerConfigKeys (ConfUtils.java:logGet(43)) - raft.server.log.appender.buffer.byte-limit = 33554432 (custom)
2019-11-17 11:14:13,704 [pool-519-thread-1] INFO  server.RaftServerConfigKeys (ConfUtils.java:logGet(43)) - raft.server.log.segment.size.max = 1048576 (custom)
2019-11-17 11:14:13,704 [pool-519-thread-1] INFO  server.RaftServerConfigKeys (ConfUtils.java:logGet(43)) - raft.server.log.segment.cache.num.max = 2 (custom)
2019-11-17 11:14:13,704 [pool-519-thread-1] INFO  segmented.SegmentedRaftLogWorker (SegmentedRaftLogWorker.java:<init>(173)) - new eab723bb-0aff-418b-9bd7-1333118797a2@group-0E36CBC99761-SegmentedRaftLogWorker for RaftStorage:Storage Directory /workdir/hadoop-ozone/integration-test/target/test-dir/MiniOzoneClusterImpl-d61a8e55-6b1b-4302-a8ca-331e331e4b67/datanode-1/data/ratis/bd9d6f5f-e953-41ef-8495-0e36cbc99761
2019-11-17 11:14:13,704 [pool-519-thread-1] INFO  server.RaftServerConfigKeys (ConfUtils.java:logGet(43)) - raft.server.log.queue.byte-limit = 2147483647 (custom)
2019-11-17 11:14:13,704 [pool-519-thread-1] INFO  server.RaftServerConfigKeys (ConfUtils.java:logGet(43)) - raft.server.log.queue.element-limit = 1024 (custom)
2019-11-17 11:14:13,704 [pool-519-thread-1] INFO  server.RaftServerConfigKeys (ConfUtils.java:logGet(43)) - raft.server.log.segment.size.max = 1048576 (custom)
2019-11-17 11:14:13,704 [pool-519-thread-1] INFO  server.RaftServerConfigKeys (ConfUtils.java:logGet(43)) - raft.server.log.preallocated.size = 16384 (custom)
2019-11-17 11:14:13,705 [pool-519-thread-1] INFO  server.RaftServerConfigKeys (ConfUtils.java:logGet(43)) - raft.server.log.write.buffer.size = 33554432 (custom)
2019-11-17 11:14:13,705 [pool-519-thread-1] INFO  server.RaftServerConfigKeys (ConfUtils.java:logGet(43)) - raft.server.log.force.sync.num = 128 (default)
2019-11-17 11:14:13,705 [pool-519-thread-1] INFO  server.RaftServerConfigKeys (ConfUtils.java:logGet(43)) - raft.server.log.statemachine.data.sync = true (default)
2019-11-17 11:14:13,705 [pool-519-thread-1] INFO  server.RaftServerConfigKeys (ConfUtils.java:logGet(43)) - raft.server.log.statemachine.data.sync.timeout = 10s (default)
2019-11-17 11:14:13,705 [pool-519-thread-1] INFO  server.RaftServerConfigKeys (ConfUtils.java:logGet(43)) - raft.server.log.statemachine.data.sync.timeout.retry = -1 (default)
2019-11-17 11:14:13,705 [pool-519-thread-1] INFO  server.RaftServerConfigKeys (ConfUtils.java:logGet(43)) - raft.server.log.statemachine.data.caching.enabled = true (custom)
2019-11-17 11:14:13,705 [pool-519-thread-1] INFO  segmented.SegmentedRaftLogWorker (SegmentedRaftLogWorker.java:lambda$new$0(128)) - eab723bb-0aff-418b-9bd7-1333118797a2@group-0E36CBC99761-SegmentedRaftLogWorker: flushIndex: setUnconditionally 0 -> -1
2019-11-17 11:14:13,706 [pool-519-thread-1] INFO  server.RaftServerConfigKeys (ConfUtils.java:logGet(43)) - raft.server.snapshot.auto.trigger.enabled = true (custom)
2019-11-17 11:14:13,706 [pool-519-thread-1] INFO  server.RaftServerConfigKeys (ConfUtils.java:logGet(43)) - raft.server.snapshot.auto.trigger.threshold = 10000 (custom)
2019-11-17 11:14:13,706 [pool-519-thread-1] INFO  server.RaftServerConfigKeys (ConfUtils.java:logGet(43)) - raft.server.snapshot.retention.file.num = 5 (custom)
2019-11-17 11:14:13,706 [pool-519-thread-1] INFO  server.RaftServerConfigKeys (ConfUtils.java:logGet(43)) - raft.server.retrycache.expirytime = 600000ms (custom)
2019-11-17 11:14:13,706 [pool-519-thread-1] WARN  impl.MetricRegistriesImpl (MetricRegistriesImpl.java:lambda$create$1(61)) - First MetricRegistry has been created without registering reporters. You may need to call MetricRegistries.global().addReportRegistration(...) before.
2019-11-17 11:14:13,706 [pool-519-thread-1] WARN  impl.MetricRegistriesImpl (MetricRegistriesImpl.java:lambda$create$1(61)) - First MetricRegistry has been created without registering reporters. You may need to call MetricRegistries.global().addReportRegistration(...) before.
2019-11-17 11:14:13,706 [pool-519-thread-1] INFO  impl.RaftServerImpl (RaftServerImpl.java:start(184)) - eab723bb-0aff-418b-9bd7-1333118797a2@group-0E36CBC99761: start as a follower, conf=-1: [eab723bb-0aff-418b-9bd7-1333118797a2:192.168.34.35:46301], old=null
2019-11-17 11:14:13,706 [pool-519-thread-1] INFO  impl.RaftServerImpl (RaftServerImpl.java:setRole(173)) - eab723bb-0aff-418b-9bd7-1333118797a2@group-0E36CBC99761: changes role from      null to FOLLOWER at term 0 for startAsFollower
2019-11-17 11:14:13,707 [pool-519-thread-1] INFO  impl.RoleInfo (RoleInfo.java:updateAndGet(143)) - eab723bb-0aff-418b-9bd7-1333118797a2: start FollowerState
2019-11-17 11:14:13,715 [pool-519-thread-1] INFO  util.JmxRegister (JmxRegister.java:tryRegister(44)) - Successfully registered JMX Bean with object name Ratis:service=RaftServer,group=group-0E36CBC99761,id=eab723bb-0aff-418b-9bd7-1333118797a2
2019-11-17 11:14:13,716 [pool-519-thread-1] WARN  impl.MetricRegistriesImpl (MetricRegistriesImpl.java:lambda$create$1(61)) - First MetricRegistry has been created without registering reporters. You may need to call MetricRegistries.global().addReportRegistration(...) before.
2019-11-17 11:14:13,724 [RatisPipelineUtilsThread] INFO  pipeline.PipelineStateManager (PipelineStateManager.java:addPipeline(55)) - Created pipeline Pipeline[ Id: bd9d6f5f-e953-41ef-8495-0e36cbc99761, Nodes: eab723bb-0aff-418b-9bd7-1333118797a2{ip: 192.168.34.35, host: pr-hdds-2291-5997d-4279494527, networkLocation: /rack1, certSerialId: null}, Type:RATIS, Factor:ONE, State:ALLOCATED]
2019-11-17 11:14:13,724 [Thread-3714] INFO  pipeline.PipelineStateManager (PipelineStateManager.java:finalizePipeline(121)) - Pipeline Pipeline[ Id: afc7754b-77b5-4b96-85d5-c13aef1e4df7, Nodes: 2e7e8ab2-b4fc-48ff-a5a7-73886d1441d9{ip: 192.168.34.35, host: pr-hdds-2291-5997d-4279494527, networkLocation: /rack1, certSerialId: null}add0c2af-eaab-406f-a894-445c5362ddef{ip: 192.168.34.35, host: pr-hdds-2291-5997d-4279494527, networkLocation: /rack1, certSerialId: null}c2458f73-2416-4c07-9882-0f9c7a0b27cc{ip: 192.168.34.35, host: pr-hdds-2291-5997d-4279494527, networkLocation: /rack1, certSerialId: null}, Type:RATIS, Factor:THREE, State:CLOSED] moved to CLOSED state
2019-11-17 11:14:13,725 [EventQueue-CloseContainerForCloseContainerEventHandler] INFO  container.CloseContainerEventHandler (CloseContainerEventHandler.java:onMessage(61)) - Close container Event triggered for container : #1
2019-11-17 11:14:13,727 [grpc-default-executor-8] INFO  impl.RaftServerProxy (RaftServerProxy.java:remove(95)) - 2e7e8ab2-b4fc-48ff-a5a7-73886d1441d9: remove  FOLLOWER 2e7e8ab2-b4fc-48ff-a5a7-73886d1441d9@group-C13AEF1E4DF7:t1, leader=add0c2af-eaab-406f-a894-445c5362ddef, voted=add0c2af-eaab-406f-a894-445c5362ddef, raftlog=2e7e8ab2-b4fc-48ff-a5a7-73886d1441d9@group-C13AEF1E4DF7-SegmentedRaftLog:OPENED:c0,f0,i2, conf=0: [add0c2af-eaab-406f-a894-445c5362ddef:192.168.34.35:42526, c2458f73-2416-4c07-9882-0f9c7a0b27cc:192.168.34.35:41744, 2e7e8ab2-b4fc-48ff-a5a7-73886d1441d9:192.168.34.35:39716], old=null RUNNING
2019-11-17 11:14:13,727 [grpc-default-executor-8] INFO  impl.RaftServerImpl (RaftServerImpl.java:lambda$shutdown$3(250)) - 2e7e8ab2-b4fc-48ff-a5a7-73886d1441d9@group-C13AEF1E4DF7: shutdown
2019-11-17 11:14:13,727 [grpc-default-executor-8] INFO  util.JmxRegister (JmxRegister.java:unregister(73)) - Successfully un-registered JMX Bean with object name Ratis:service=RaftServer,group=group-C13AEF1E4DF7,id=2e7e8ab2-b4fc-48ff-a5a7-73886d1441d9
2019-11-17 11:14:13,728 [grpc-default-executor-8] INFO  impl.RoleInfo (RoleInfo.java:shutdownFollowerState(121)) - 2e7e8ab2-b4fc-48ff-a5a7-73886d1441d9: shutdown FollowerState
2019-11-17 11:14:13,728 [grpc-default-executor-8] INFO  impl.StateMachineUpdater (StateMachineUpdater.java:stopAndJoin(136)) - 2e7e8ab2-b4fc-48ff-a5a7-73886d1441d9@group-C13AEF1E4DF7-StateMachineUpdater: set stopIndex = 0
2019-11-17 11:14:13,728 [Thread-3799] INFO  impl.FollowerState (FollowerState.java:run(120)) - 2e7e8ab2-b4fc-48ff-a5a7-73886d1441d9@group-C13AEF1E4DF7-FollowerState was interrupted: java.lang.InterruptedException: sleep interrupted
2019-11-17 11:14:13,728 [grpc-default-executor-8] INFO  impl.RaftServerImpl (ServerState.java:close(387)) - 2e7e8ab2-b4fc-48ff-a5a7-73886d1441d9@group-C13AEF1E4DF7: closes. applyIndex: 0
2019-11-17 11:14:13,738 [2e7e8ab2-b4fc-48ff-a5a7-73886d1441d9@group-C13AEF1E4DF7-SegmentedRaftLogWorker] ERROR ratis.XceiverServerRatis (XceiverServerRatis.java:triggerPipelineClose(584)) - pipeline Action CLOSE  on pipeline PipelineID=afc7754b-77b5-4b96-85d5-c13aef1e4df7.Reason : WriteLog:1: (t:1, i:1), STATEMACHINELOGENTRY, client-EC1E680DEC11, cid=246-writeStateMachineData interrupted.
2019-11-17 11:14:13,740 [grpc-default-executor-8] INFO  segmented.SegmentedRaftLogWorker (SegmentedRaftLogWorker.java:close(224)) - 2e7e8ab2-b4fc-48ff-a5a7-73886d1441d9@group-C13AEF1E4DF7-SegmentedRaftLogWorker close()
2019-11-17 11:14:13,746 [EventQueue-PipelineActionsForPipelineActionHandler] ERROR pipeline.PipelineActionHandler (PipelineActionHandler.java:onMessage(60)) - Received pipeline action CLOSE for Pipeline[ Id: afc7754b-77b5-4b96-85d5-c13aef1e4df7, Nodes: 2e7e8ab2-b4fc-48ff-a5a7-73886d1441d9{ip: 192.168.34.35, host: pr-hdds-2291-5997d-4279494527, networkLocation: /rack1, certSerialId: null}add0c2af-eaab-406f-a894-445c5362ddef{ip: 192.168.34.35, host: pr-hdds-2291-5997d-4279494527, networkLocation: /rack1, certSerialId: null}c2458f73-2416-4c07-9882-0f9c7a0b27cc{ip: 192.168.34.35, host: pr-hdds-2291-5997d-4279494527, networkLocation: /rack1, certSerialId: null}, Type:RATIS, Factor:THREE, State:CLOSED] from datanode 2e7e8ab2-b4fc-48ff-a5a7-73886d1441d9{ip: 192.168.34.35, host: pr-hdds-2291-5997d-4279494527, networkLocation: /rack1, certSerialId: null}. Reason : WriteLog:1: (t:1, i:1), STATEMACHINELOGENTRY, client-EC1E680DEC11, cid=246-writeStateMachineData interrupted.
2019-11-17 11:14:13,746 [EventQueue-PipelineActionsForPipelineActionHandler] INFO  pipeline.SCMPipelineManager (SCMPipelineManager.java:finalizeAndDestroyPipeline(315)) - destroying pipeline:Pipeline[ Id: afc7754b-77b5-4b96-85d5-c13aef1e4df7, Nodes: 2e7e8ab2-b4fc-48ff-a5a7-73886d1441d9{ip: 192.168.34.35, host: pr-hdds-2291-5997d-4279494527, networkLocation: /rack1, certSerialId: null}add0c2af-eaab-406f-a894-445c5362ddef{ip: 192.168.34.35, host: pr-hdds-2291-5997d-4279494527, networkLocation: /rack1, certSerialId: null}c2458f73-2416-4c07-9882-0f9c7a0b27cc{ip: 192.168.34.35, host: pr-hdds-2291-5997d-4279494527, networkLocation: /rack1, certSerialId: null}, Type:RATIS, Factor:THREE, State:CLOSED]
2019-11-17 11:14:13,748 [grpc-default-executor-8] INFO  impl.RaftServerProxy (RaftServerProxy.java:remove(95)) - add0c2af-eaab-406f-a894-445c5362ddef: remove    LEADER add0c2af-eaab-406f-a894-445c5362ddef@group-C13AEF1E4DF7:t1, leader=add0c2af-eaab-406f-a894-445c5362ddef, voted=add0c2af-eaab-406f-a894-445c5362ddef, raftlog=add0c2af-eaab-406f-a894-445c5362ddef@group-C13AEF1E4DF7-SegmentedRaftLog:OPENED:c0,f0,i2, conf=0: [add0c2af-eaab-406f-a894-445c5362ddef:192.168.34.35:42526, c2458f73-2416-4c07-9882-0f9c7a0b27cc:192.168.34.35:41744, 2e7e8ab2-b4fc-48ff-a5a7-73886d1441d9:192.168.34.35:39716], old=null RUNNING
2019-11-17 11:14:13,748 [grpc-default-executor-8] INFO  impl.RaftServerImpl (RaftServerImpl.java:lambda$shutdown$3(250)) - add0c2af-eaab-406f-a894-445c5362ddef@group-C13AEF1E4DF7: shutdown
2019-11-17 11:14:13,748 [grpc-default-executor-8] INFO  util.JmxRegister (JmxRegister.java:unregister(73)) - Successfully un-registered JMX Bean with object name Ratis:service=RaftServer,group=group-C13AEF1E4DF7,id=add0c2af-eaab-406f-a894-445c5362ddef
2019-11-17 11:14:13,749 [grpc-default-executor-8] INFO  impl.RoleInfo (RoleInfo.java:shutdownLeaderState(104)) - add0c2af-eaab-406f-a894-445c5362ddef: shutdown LeaderState
2019-11-17 11:14:13,753 [grpc-default-executor-8] INFO  impl.PendingRequests (PendingRequests.java:sendNotLeaderResponses(206)) - add0c2af-eaab-406f-a894-445c5362ddef@group-C13AEF1E4DF7-PendingRequests: sendNotLeaderResponses
2019-11-17 11:14:13,753 [org.apache.ratis.server.impl.LogAppender$AppenderDaemon$$Lambda$481/932503110@d623dfe] WARN  server.GrpcLogAppender (GrpcLogAppender.java:mayWait(151)) - add0c2af-eaab-406f-a894-445c5362ddef@group-C13AEF1E4DF7->c2458f73-2416-4c07-9882-0f9c7a0b27cc-GrpcLogAppender: Wait interrupted by java.lang.InterruptedException
2019-11-17 11:14:13,753 [org.apache.ratis.server.impl.LogAppender$AppenderDaemon$$Lambda$481/932503110@4860b236] WARN  server.GrpcLogAppender (GrpcLogAppender.java:mayWait(151)) - add0c2af-eaab-406f-a894-445c5362ddef@group-C13AEF1E4DF7->2e7e8ab2-b4fc-48ff-a5a7-73886d1441d9-GrpcLogAppender: Wait interrupted by java.lang.InterruptedException
2019-11-17 11:14:13,756 [grpc-default-executor-6] INFO  server.GrpcServerProtocolService (GrpcServerProtocolService.java:onCompleted(113)) - c2458f73-2416-4c07-9882-0f9c7a0b27cc: Completed APPEND_ENTRIES, lastRequest: add0c2af-eaab-406f-a894-445c5362ddef->c2458f73-2416-4c07-9882-0f9c7a0b27cc#5-t1, previous=(t:1, i:1), leaderCommit=0, initializing? false, entries: size=1, first=(t:1, i:2), STATEMACHINELOGENTRY, client-EC1E680DEC11, cid=247
2019-11-17 11:14:13,757 [grpc-default-executor-8] INFO  impl.StateMachineUpdater (StateMachineUpdater.java:stopAndJoin(136)) - add0c2af-eaab-406f-a894-445c5362ddef@group-C13AEF1E4DF7-StateMachineUpdater: set stopIndex = 0
2019-11-17 11:14:13,756 [grpc-default-executor-5] INFO  server.GrpcServerProtocolService (GrpcServerProtocolService.java:onCompleted(113)) - 2e7e8ab2-b4fc-48ff-a5a7-73886d1441d9: Completed APPEND_ENTRIES, lastRequest: add0c2af-eaab-406f-a894-445c5362ddef->2e7e8ab2-b4fc-48ff-a5a7-73886d1441d9#5-t1, previous=(t:1, i:1), leaderCommit=0, initializing? false, entries: size=1, first=(t:1, i:2), STATEMACHINELOGENTRY, client-EC1E680DEC11, cid=247
2019-11-17 11:14:13,757 [grpc-default-executor-6] INFO  server.GrpcLogAppender (GrpcLogAppender.java:onCompleted(308)) - add0c2af-eaab-406f-a894-445c5362ddef@group-C13AEF1E4DF7->c2458f73-2416-4c07-9882-0f9c7a0b27cc-AppendLogResponseHandler: follower responses appendEntries COMPLETED
2019-11-17 11:14:13,758 [grpc-default-executor-8] INFO  impl.RaftServerImpl (ServerState.java:close(387)) - add0c2af-eaab-406f-a894-445c5362ddef@group-C13AEF1E4DF7: closes. applyIndex: 0
2019-11-17 11:14:13,758 [grpc-default-executor-5] INFO  server.GrpcLogAppender (GrpcLogAppender.java:onCompleted(308)) - add0c2af-eaab-406f-a894-445c5362ddef@group-C13AEF1E4DF7->2e7e8ab2-b4fc-48ff-a5a7-73886d1441d9-AppendLogResponseHandler: follower responses appendEntries COMPLETED
2019-11-17 11:14:13,758 [grpc-default-executor-6] INFO  impl.FollowerInfo (FollowerInfo.java:lambda$new$0(51)) - add0c2af-eaab-406f-a894-445c5362ddef@group-C13AEF1E4DF7->c2458f73-2416-4c07-9882-0f9c7a0b27cc: nextIndex: updateUnconditionally 3 -> 1
2019-11-17 11:14:13,759 [add0c2af-eaab-406f-a894-445c5362ddef@group-C13AEF1E4DF7-SegmentedRaftLogWorker] ERROR ratis.XceiverServerRatis (XceiverServerRatis.java:triggerPipelineClose(584)) - pipeline Action CLOSE  on pipeline PipelineID=afc7754b-77b5-4b96-85d5-c13aef1e4df7.Reason : WriteLog:1: (t:1, i:1), STATEMACHINELOGENTRY, client-EC1E680DEC11, cid=246-writeStateMachineData interrupted.
2019-11-17 11:14:13,760 [grpc-default-executor-5] INFO  impl.FollowerInfo (FollowerInfo.java:lambda$new$0(51)) - add0c2af-eaab-406f-a894-445c5362ddef@group-C13AEF1E4DF7->2e7e8ab2-b4fc-48ff-a5a7-73886d1441d9: nextIndex: updateUnconditionally 3 -> 1
2019-11-17 11:14:13,762 [grpc-default-executor-8] INFO  segmented.SegmentedRaftLogWorker (SegmentedRaftLogWorker.java:close(224)) - add0c2af-eaab-406f-a894-445c5362ddef@group-C13AEF1E4DF7-SegmentedRaftLogWorker close()
2019-11-17 11:14:13,766 [EventQueue-PipelineActionsForPipelineActionHandler] ERROR pipeline.PipelineActionHandler (PipelineActionHandler.java:onMessage(60)) - Received pipeline action CLOSE for Pipeline[ Id: afc7754b-77b5-4b96-85d5-c13aef1e4df7, Nodes: 2e7e8ab2-b4fc-48ff-a5a7-73886d1441d9{ip: 192.168.34.35, host: pr-hdds-2291-5997d-4279494527, networkLocation: /rack1, certSerialId: null}add0c2af-eaab-406f-a894-445c5362ddef{ip: 192.168.34.35, host: pr-hdds-2291-5997d-4279494527, networkLocation: /rack1, certSerialId: null}c2458f73-2416-4c07-9882-0f9c7a0b27cc{ip: 192.168.34.35, host: pr-hdds-2291-5997d-4279494527, networkLocation: /rack1, certSerialId: null}, Type:RATIS, Factor:THREE, State:CLOSED] from datanode add0c2af-eaab-406f-a894-445c5362ddef{ip: 192.168.34.35, host: pr-hdds-2291-5997d-4279494527, networkLocation: /rack1, certSerialId: null}. Reason : WriteLog:1: (t:1, i:1), STATEMACHINELOGENTRY, client-EC1E680DEC11, cid=246-writeStateMachineData interrupted.
2019-11-17 11:14:13,766 [EventQueue-PipelineActionsForPipelineActionHandler] INFO  pipeline.SCMPipelineManager (SCMPipelineManager.java:finalizeAndDestroyPipeline(315)) - destroying pipeline:Pipeline[ Id: afc7754b-77b5-4b96-85d5-c13aef1e4df7, Nodes: 2e7e8ab2-b4fc-48ff-a5a7-73886d1441d9{ip: 192.168.34.35, host: pr-hdds-2291-5997d-4279494527, networkLocation: /rack1, certSerialId: null}add0c2af-eaab-406f-a894-445c5362ddef{ip: 192.168.34.35, host: pr-hdds-2291-5997d-4279494527, networkLocation: /rack1, certSerialId: null}c2458f73-2416-4c07-9882-0f9c7a0b27cc{ip: 192.168.34.35, host: pr-hdds-2291-5997d-4279494527, networkLocation: /rack1, certSerialId: null}, Type:RATIS, Factor:THREE, State:CLOSED]
2019-11-17 11:14:13,848 [grpc-default-executor-8] INFO  interfaces.Container (KeyValueContainer.java:flushAndSyncDB(400)) - Container 1 is synced with bcsId 0.
2019-11-17 11:14:13,848 [grpc-default-executor-8] INFO  interfaces.Container (KeyValueContainer.java:flushAndSyncDB(400)) - Container 1 is synced with bcsId 0.
2019-11-17 11:14:13,863 [EventQueue-IncrementalContainerReportForIncrementalContainerReportHandler] INFO  container.IncrementalContainerReportHandler (AbstractContainerReportHandler.java:updateContainerState(171)) - Moving container #1 to QUASI_CLOSED state, datanode add0c2af-eaab-406f-a894-445c5362ddef{ip: 192.168.34.35, host: pr-hdds-2291-5997d-4279494527, networkLocation: /rack1, certSerialId: null} reported QUASI_CLOSED replica.
2019-11-17 11:14:13,867 [grpc-default-executor-8] INFO  impl.RaftServerProxy (RaftServerProxy.java:remove(95)) - c2458f73-2416-4c07-9882-0f9c7a0b27cc: remove  FOLLOWER c2458f73-2416-4c07-9882-0f9c7a0b27cc@group-C13AEF1E4DF7:t1, leader=add0c2af-eaab-406f-a894-445c5362ddef, voted=add0c2af-eaab-406f-a894-445c5362ddef, raftlog=c2458f73-2416-4c07-9882-0f9c7a0b27cc@group-C13AEF1E4DF7-SegmentedRaftLog:OPENED:c0,f2,i2, conf=0: [add0c2af-eaab-406f-a894-445c5362ddef:192.168.34.35:42526, c2458f73-2416-4c07-9882-0f9c7a0b27cc:192.168.34.35:41744, 2e7e8ab2-b4fc-48ff-a5a7-73886d1441d9:192.168.34.35:39716], old=null RUNNING
2019-11-17 11:14:13,868 [grpc-default-executor-8] INFO  impl.RaftServerImpl (RaftServerImpl.java:lambda$shutdown$3(250)) - c2458f73-2416-4c07-9882-0f9c7a0b27cc@group-C13AEF1E4DF7: shutdown
2019-11-17 11:14:13,868 [grpc-default-executor-8] INFO  util.JmxRegister (JmxRegister.java:unregister(73)) - Successfully un-registered JMX Bean with object name Ratis:service=RaftServer,group=group-C13AEF1E4DF7,id=c2458f73-2416-4c07-9882-0f9c7a0b27cc
2019-11-17 11:14:13,868 [grpc-default-executor-8] INFO  impl.RoleInfo (RoleInfo.java:shutdownFollowerState(121)) - c2458f73-2416-4c07-9882-0f9c7a0b27cc: shutdown FollowerState
2019-11-17 11:14:13,868 [grpc-default-executor-8] INFO  impl.StateMachineUpdater (StateMachineUpdater.java:stopAndJoin(136)) - c2458f73-2416-4c07-9882-0f9c7a0b27cc@group-C13AEF1E4DF7-StateMachineUpdater: set stopIndex = 0
2019-11-17 11:14:13,868 [Thread-3800] INFO  impl.FollowerState (FollowerState.java:run(120)) - c2458f73-2416-4c07-9882-0f9c7a0b27cc@group-C13AEF1E4DF7-FollowerState was interrupted: java.lang.InterruptedException: sleep interrupted
2019-11-17 11:14:13,868 [grpc-default-executor-8] INFO  impl.RaftServerImpl (ServerState.java:close(387)) - c2458f73-2416-4c07-9882-0f9c7a0b27cc@group-C13AEF1E4DF7: closes. applyIndex: 0
2019-11-17 11:14:13,868 [c2458f73-2416-4c07-9882-0f9c7a0b27cc@group-C13AEF1E4DF7-SegmentedRaftLogWorker] INFO  segmented.SegmentedRaftLogWorker (SegmentedRaftLogWorker.java:run(316)) - c2458f73-2416-4c07-9882-0f9c7a0b27cc@group-C13AEF1E4DF7-SegmentedRaftLogWorker was interrupted, exiting. There are 0 tasks remaining in the queue.
2019-11-17 11:14:13,871 [grpc-default-executor-8] INFO  segmented.SegmentedRaftLogWorker (SegmentedRaftLogWorker.java:close(224)) - c2458f73-2416-4c07-9882-0f9c7a0b27cc@group-C13AEF1E4DF7-SegmentedRaftLogWorker close()
2019-11-17 11:14:13,919 [grpc-default-executor-8] INFO  interfaces.Container (KeyValueContainer.java:flushAndSyncDB(400)) - Container 1 is synced with bcsId 0.
2019-11-17 11:14:13,919 [grpc-default-executor-8] INFO  interfaces.Container (KeyValueContainer.java:flushAndSyncDB(400)) - Container 1 is synced with bcsId 0.
2019-11-17 11:14:13,956 [Thread-3714] INFO  pipeline.PipelineStateManager (PipelineStateManager.java:removePipeline(106)) - Pipeline Pipeline[ Id: afc7754b-77b5-4b96-85d5-c13aef1e4df7, Nodes: 2e7e8ab2-b4fc-48ff-a5a7-73886d1441d9{ip: 192.168.34.35, host: pr-hdds-2291-5997d-4279494527, networkLocation: /rack1, certSerialId: null}add0c2af-eaab-406f-a894-445c5362ddef{ip: 192.168.34.35, host: pr-hdds-2291-5997d-4279494527, networkLocation: /rack1, certSerialId: null}c2458f73-2416-4c07-9882-0f9c7a0b27cc{ip: 192.168.34.35, host: pr-hdds-2291-5997d-4279494527, networkLocation: /rack1, certSerialId: null}, Type:RATIS, Factor:THREE, State:CLOSED] removed from db
2019-11-17 11:14:13,956 [Thread-3714] INFO  pipeline.SCMPipelineManager (SCMPipelineManager.java:finalizeAndDestroyPipeline(315)) - destroying pipeline:Pipeline[ Id: 8b8dab8d-1197-4c9e-a2aa-8ed39cbeb645, Nodes: 74a737c0-fb65-42e2-8af1-813ef9d8f4fa{ip: 192.168.34.35, host: pr-hdds-2291-5997d-4279494527, networkLocation: /rack1, certSerialId: null}, Type:RATIS, Factor:ONE, State:OPEN]
2019-11-17 11:14:13,963 [grpc-default-executor-9] INFO  impl.RaftServerProxy (RaftServerProxy.java:addNew(89)) - 2e7e8ab2-b4fc-48ff-a5a7-73886d1441d9: addNew group-CBC9DB1E30BB:[add0c2af-eaab-406f-a894-445c5362ddef:192.168.34.35:42526, 74a737c0-fb65-42e2-8af1-813ef9d8f4fa:192.168.34.35:43292, 2e7e8ab2-b4fc-48ff-a5a7-73886d1441d9:192.168.34.35:39716] returns group-CBC9DB1E30BB:java.util.concurrent.CompletableFuture@8341696[Not completed]
2019-11-17 11:14:13,963 [grpc-default-executor-5] INFO  impl.RaftServerProxy (RaftServerProxy.java:addNew(89)) - 74a737c0-fb65-42e2-8af1-813ef9d8f4fa: addNew group-CBC9DB1E30BB:[add0c2af-eaab-406f-a894-445c5362ddef:192.168.34.35:42526, 74a737c0-fb65-42e2-8af1-813ef9d8f4fa:192.168.34.35:43292, 2e7e8ab2-b4fc-48ff-a5a7-73886d1441d9:192.168.34.35:39716] returns group-CBC9DB1E30BB:java.util.concurrent.CompletableFuture@1a19bf7a[Not completed]
2019-11-17 11:14:13,963 [grpc-default-executor-9] INFO  impl.RaftServerProxy (RaftServerProxy.java:addNew(89)) - add0c2af-eaab-406f-a894-445c5362ddef: addNew group-CBC9DB1E30BB:[add0c2af-eaab-406f-a894-445c5362ddef:192.168.34.35:42526, 74a737c0-fb65-42e2-8af1-813ef9d8f4fa:192.168.34.35:43292, 2e7e8ab2-b4fc-48ff-a5a7-73886d1441d9:192.168.34.35:39716] returns group-CBC9DB1E30BB:java.util.concurrent.CompletableFuture@633f180b[Not completed]
2019-11-17 11:14:13,964 [pool-549-thread-1] INFO  impl.RaftServerImpl (RaftServerImpl.java:<init>(98)) - 2e7e8ab2-b4fc-48ff-a5a7-73886d1441d9: new RaftServerImpl for group-CBC9DB1E30BB:[add0c2af-eaab-406f-a894-445c5362ddef:192.168.34.35:42526, 74a737c0-fb65-42e2-8af1-813ef9d8f4fa:192.168.34.35:43292, 2e7e8ab2-b4fc-48ff-a5a7-73886d1441d9:192.168.34.35:39716] with ContainerStateMachine:uninitialized
2019-11-17 11:14:13,964 [pool-549-thread-1] INFO  server.RaftServerConfigKeys (ConfUtils.java:logGet(43)) - raft.server.rpc.timeout.min = 1s (custom)
2019-11-17 11:14:13,964 [pool-549-thread-1] INFO  server.RaftServerConfigKeys (ConfUtils.java:logGet(43)) - raft.server.rpc.timeout.max = 1200ms (custom)
2019-11-17 11:14:13,964 [pool-549-thread-1] INFO  server.RaftServerConfigKeys (ConfUtils.java:logGet(43)) - raft.server.rpcslowness.timeout = 120s (custom)
2019-11-17 11:14:13,964 [pool-539-thread-1] INFO  impl.RaftServerImpl (RaftServerImpl.java:<init>(98)) - add0c2af-eaab-406f-a894-445c5362ddef: new RaftServerImpl for group-CBC9DB1E30BB:[add0c2af-eaab-406f-a894-445c5362ddef:192.168.34.35:42526, 74a737c0-fb65-42e2-8af1-813ef9d8f4fa:192.168.34.35:43292, 2e7e8ab2-b4fc-48ff-a5a7-73886d1441d9:192.168.34.35:39716] with ContainerStateMachine:uninitialized
2019-11-17 11:14:13,964 [pool-549-thread-1] INFO  server.RaftServerConfigKeys (ConfUtils.java:logGet(43)) - raft.server.sleep.deviation.threshold = 300 (default)
2019-11-17 11:14:13,964 [pool-539-thread-1] INFO  server.RaftServerConfigKeys (ConfUtils.java:logGet(43)) - raft.server.rpc.timeout.min = 1s (custom)
2019-11-17 11:14:13,964 [pool-549-thread-1] INFO  server.RaftServerConfigKeys (ConfUtils.java:logGet(43)) - raft.server.log.appender.install.snapshot.enabled = false (custom)
2019-11-17 11:14:13,965 [pool-539-thread-1] INFO  server.RaftServerConfigKeys (ConfUtils.java:logGet(43)) - raft.server.rpc.timeout.max = 1200ms (custom)
2019-11-17 11:14:13,965 [pool-549-thread-1] INFO  impl.RaftServerImpl (ServerState.java:<init>(103)) - 2e7e8ab2-b4fc-48ff-a5a7-73886d1441d9@group-CBC9DB1E30BB: ConfigurationManager, init=-1: [add0c2af-eaab-406f-a894-445c5362ddef:192.168.34.35:42526, 74a737c0-fb65-42e2-8af1-813ef9d8f4fa:192.168.34.35:43292, 2e7e8ab2-b4fc-48ff-a5a7-73886d1441d9:192.168.34.35:39716], old=null, confs=<EMPTY_MAP>
2019-11-17 11:14:13,965 [pool-539-thread-1] INFO  server.RaftServerConfigKeys (ConfUtils.java:logGet(43)) - raft.server.rpcslowness.timeout = 120s (custom)
2019-11-17 11:14:13,965 [pool-549-thread-1] INFO  server.RaftServerConfigKeys (ConfUtils.java:logGet(43)) - raft.server.storage.dir = [/workdir/hadoop-ozone/integration-test/target/test-dir/MiniOzoneClusterImpl-d61a8e55-6b1b-4302-a8ca-331e331e4b67/datanode-4/data/ratis] (custom)
2019-11-17 11:14:13,965 [pool-589-thread-1] INFO  impl.RaftServerImpl (RaftServerImpl.java:<init>(98)) - 74a737c0-fb65-42e2-8af1-813ef9d8f4fa: new RaftServerImpl for group-CBC9DB1E30BB:[add0c2af-eaab-406f-a894-445c5362ddef:192.168.34.35:42526, 74a737c0-fb65-42e2-8af1-813ef9d8f4fa:192.168.34.35:43292, 2e7e8ab2-b4fc-48ff-a5a7-73886d1441d9:192.168.34.35:39716] with ContainerStateMachine:uninitialized
2019-11-17 11:14:13,965 [pool-539-thread-1] INFO  server.RaftServerConfigKeys (ConfUtils.java:logGet(43)) - raft.server.sleep.deviation.threshold = 300 (default)
2019-11-17 11:14:13,965 [pool-589-thread-1] INFO  server.RaftServerConfigKeys (ConfUtils.java:logGet(43)) - raft.server.rpc.timeout.min = 1s (custom)
2019-11-17 11:14:13,965 [pool-549-thread-1] INFO  server.RaftServerConfigKeys (ConfUtils.java:logGet(43)) - raft.server.log.corruption.policy = EXCEPTION (default)
2019-11-17 11:14:13,965 [pool-589-thread-1] INFO  server.RaftServerConfigKeys (ConfUtils.java:logGet(43)) - raft.server.rpc.timeout.max = 1200ms (custom)
2019-11-17 11:14:13,966 [pool-589-thread-1] INFO  server.RaftServerConfigKeys (ConfUtils.java:logGet(43)) - raft.server.rpcslowness.timeout = 120s (custom)
2019-11-17 11:14:13,965 [pool-539-thread-1] INFO  server.RaftServerConfigKeys (ConfUtils.java:logGet(43)) - raft.server.log.appender.install.snapshot.enabled = false (custom)
2019-11-17 11:14:13,966 [pool-589-thread-1] INFO  server.RaftServerConfigKeys (ConfUtils.java:logGet(43)) - raft.server.sleep.deviation.threshold = 300 (default)
2019-11-17 11:14:13,966 [pool-549-thread-1] INFO  storage.RaftStorageDirectory (RaftStorageDirectory.java:analyzeStorage(246)) - The storage directory /workdir/hadoop-ozone/integration-test/target/test-dir/MiniOzoneClusterImpl-d61a8e55-6b1b-4302-a8ca-331e331e4b67/datanode-4/data/ratis/d566223a-a383-4504-8d9c-cbc9db1e30bb does not exist. Creating ...
2019-11-17 11:14:13,966 [pool-589-thread-1] INFO  server.RaftServerConfigKeys (ConfUtils.java:logGet(43)) - raft.server.log.appender.install.snapshot.enabled = false (custom)
2019-11-17 11:14:13,966 [pool-539-thread-1] INFO  impl.RaftServerImpl (ServerState.java:<init>(103)) - add0c2af-eaab-406f-a894-445c5362ddef@group-CBC9DB1E30BB: ConfigurationManager, init=-1: [add0c2af-eaab-406f-a894-445c5362ddef:192.168.34.35:42526, 74a737c0-fb65-42e2-8af1-813ef9d8f4fa:192.168.34.35:43292, 2e7e8ab2-b4fc-48ff-a5a7-73886d1441d9:192.168.34.35:39716], old=null, confs=<EMPTY_MAP>
2019-11-17 11:14:13,966 [pool-589-thread-1] INFO  impl.RaftServerImpl (ServerState.java:<init>(103)) - 74a737c0-fb65-42e2-8af1-813ef9d8f4fa@group-CBC9DB1E30BB: ConfigurationManager, init=-1: [add0c2af-eaab-406f-a894-445c5362ddef:192.168.34.35:42526, 74a737c0-fb65-42e2-8af1-813ef9d8f4fa:192.168.34.35:43292, 2e7e8ab2-b4fc-48ff-a5a7-73886d1441d9:192.168.34.35:39716], old=null, confs=<EMPTY_MAP>
2019-11-17 11:14:13,966 [pool-539-thread-1] INFO  server.RaftServerConfigKeys (ConfUtils.java:logGet(43)) - raft.server.storage.dir = [/workdir/hadoop-ozone/integration-test/target/test-dir/MiniOzoneClusterImpl-d61a8e55-6b1b-4302-a8ca-331e331e4b67/datanode-3/data/ratis] (custom)
2019-11-17 11:14:13,966 [pool-589-thread-1] INFO  server.RaftServerConfigKeys (ConfUtils.java:logGet(43)) - raft.server.storage.dir = [/workdir/hadoop-ozone/integration-test/target/test-dir/MiniOzoneClusterImpl-d61a8e55-6b1b-4302-a8ca-331e331e4b67/datanode-8/data/ratis] (custom)
2019-11-17 11:14:13,966 [pool-539-thread-1] INFO  server.RaftServerConfigKeys (ConfUtils.java:logGet(43)) - raft.server.log.corruption.policy = EXCEPTION (default)
2019-11-17 11:14:13,967 [pool-589-thread-1] INFO  server.RaftServerConfigKeys (ConfUtils.java:logGet(43)) - raft.server.log.corruption.policy = EXCEPTION (default)
2019-11-17 11:14:13,967 [pool-539-thread-1] INFO  storage.RaftStorageDirectory (RaftStorageDirectory.java:analyzeStorage(246)) - The storage directory /workdir/hadoop-ozone/integration-test/target/test-dir/MiniOzoneClusterImpl-d61a8e55-6b1b-4302-a8ca-331e331e4b67/datanode-3/data/ratis/d566223a-a383-4504-8d9c-cbc9db1e30bb does not exist. Creating ...
2019-11-17 11:14:13,967 [pool-589-thread-1] INFO  storage.RaftStorageDirectory (RaftStorageDirectory.java:analyzeStorage(246)) - The storage directory /workdir/hadoop-ozone/integration-test/target/test-dir/MiniOzoneClusterImpl-d61a8e55-6b1b-4302-a8ca-331e331e4b67/datanode-8/data/ratis/d566223a-a383-4504-8d9c-cbc9db1e30bb does not exist. Creating ...
2019-11-17 11:14:13,980 [pool-549-thread-1] INFO  storage.RaftStorageDirectory (RaftStorageDirectory.java:tryLock(328)) - Lock on /workdir/hadoop-ozone/integration-test/target/test-dir/MiniOzoneClusterImpl-d61a8e55-6b1b-4302-a8ca-331e331e4b67/datanode-4/data/ratis/d566223a-a383-4504-8d9c-cbc9db1e30bb/in_use.lock acquired by nodename 20606@pr-hdds-2291-5997d-4279494527
2019-11-17 11:14:13,980 [pool-539-thread-1] INFO  storage.RaftStorageDirectory (RaftStorageDirectory.java:tryLock(328)) - Lock on /workdir/hadoop-ozone/integration-test/target/test-dir/MiniOzoneClusterImpl-d61a8e55-6b1b-4302-a8ca-331e331e4b67/datanode-3/data/ratis/d566223a-a383-4504-8d9c-cbc9db1e30bb/in_use.lock acquired by nodename 20606@pr-hdds-2291-5997d-4279494527
2019-11-17 11:14:13,980 [pool-589-thread-1] INFO  storage.RaftStorageDirectory (RaftStorageDirectory.java:tryLock(328)) - Lock on /workdir/hadoop-ozone/integration-test/target/test-dir/MiniOzoneClusterImpl-d61a8e55-6b1b-4302-a8ca-331e331e4b67/datanode-8/data/ratis/d566223a-a383-4504-8d9c-cbc9db1e30bb/in_use.lock acquired by nodename 20606@pr-hdds-2291-5997d-4279494527
2019-11-17 11:14:13,994 [pool-549-thread-1] INFO  storage.RaftStorage (RaftStorage.java:format(84)) - Storage directory /workdir/hadoop-ozone/integration-test/target/test-dir/MiniOzoneClusterImpl-d61a8e55-6b1b-4302-a8ca-331e331e4b67/datanode-4/data/ratis/d566223a-a383-4504-8d9c-cbc9db1e30bb has been successfully formatted.
2019-11-17 11:14:13,994 [pool-539-thread-1] INFO  storage.RaftStorage (RaftStorage.java:format(84)) - Storage directory /workdir/hadoop-ozone/integration-test/target/test-dir/MiniOzoneClusterImpl-d61a8e55-6b1b-4302-a8ca-331e331e4b67/datanode-3/data/ratis/d566223a-a383-4504-8d9c-cbc9db1e30bb has been successfully formatted.
2019-11-17 11:14:13,994 [pool-589-thread-1] INFO  storage.RaftStorage (RaftStorage.java:format(84)) - Storage directory /workdir/hadoop-ozone/integration-test/target/test-dir/MiniOzoneClusterImpl-d61a8e55-6b1b-4302-a8ca-331e331e4b67/datanode-8/data/ratis/d566223a-a383-4504-8d9c-cbc9db1e30bb has been successfully formatted.
2019-11-17 11:14:13,994 [pool-539-thread-1] INFO  ratis.ContainerStateMachine (ContainerStateMachine.java:loadSnapshot(223)) - group-CBC9DB1E30BB: The snapshot info is null. Setting the last applied indexto:(t:0, i:~)
2019-11-17 11:14:13,994 [pool-549-thread-1] INFO  ratis.ContainerStateMachine (ContainerStateMachine.java:loadSnapshot(223)) - group-CBC9DB1E30BB: The snapshot info is null. Setting the last applied indexto:(t:0, i:~)
2019-11-17 11:14:13,994 [pool-539-thread-1] INFO  server.RaftServerConfigKeys (ConfUtils.java:logGet(43)) - raft.server.notification.no-leader.timeout = 120s (custom)
2019-11-17 11:14:13,994 [pool-589-thread-1] INFO  ratis.ContainerStateMachine (ContainerStateMachine.java:loadSnapshot(223)) - group-CBC9DB1E30BB: The snapshot info is null. Setting the last applied indexto:(t:0, i:~)
2019-11-17 11:14:13,995 [pool-539-thread-1] INFO  server.RaftServerConfigKeys (ConfUtils.java:logGet(43)) - raft.server.log.use.memory = false (default)
2019-11-17 11:14:13,994 [pool-549-thread-1] INFO  server.RaftServerConfigKeys (ConfUtils.java:logGet(43)) - raft.server.notification.no-leader.timeout = 120s (custom)
2019-11-17 11:14:13,995 [pool-539-thread-1] INFO  server.RaftServerConfigKeys (ConfUtils.java:logGet(43)) - raft.server.log.purge.gap = 1000000 (custom)
2019-11-17 11:14:13,995 [pool-589-thread-1] INFO  server.RaftServerConfigKeys (ConfUtils.java:logGet(43)) - raft.server.notification.no-leader.timeout = 120s (custom)
2019-11-17 11:14:13,995 [pool-539-thread-1] INFO  server.RaftServerConfigKeys (ConfUtils.java:logGet(43)) - raft.server.log.appender.buffer.byte-limit = 33554432 (custom)
2019-11-17 11:14:13,995 [pool-549-thread-1] INFO  server.RaftServerConfigKeys (ConfUtils.java:logGet(43)) - raft.server.log.use.memory = false (default)
2019-11-17 11:14:13,995 [pool-539-thread-1] INFO  server.RaftServerConfigKeys (ConfUtils.java:logGet(43)) - raft.server.log.segment.size.max = 1048576 (custom)
2019-11-17 11:14:13,995 [pool-589-thread-1] INFO  server.RaftServerConfigKeys (ConfUtils.java:logGet(43)) - raft.server.log.use.memory = false (default)
2019-11-17 11:14:13,995 [pool-539-thread-1] INFO  server.RaftServerConfigKeys (ConfUtils.java:logGet(43)) - raft.server.log.segment.cache.num.max = 2 (custom)
2019-11-17 11:14:13,995 [pool-549-thread-1] INFO  server.RaftServerConfigKeys (ConfUtils.java:logGet(43)) - raft.server.log.purge.gap = 1000000 (custom)
2019-11-17 11:14:13,996 [pool-539-thread-1] INFO  segmented.SegmentedRaftLogWorker (SegmentedRaftLogWorker.java:<init>(173)) - new add0c2af-eaab-406f-a894-445c5362ddef@group-CBC9DB1E30BB-SegmentedRaftLogWorker for RaftStorage:Storage Directory /workdir/hadoop-ozone/integration-test/target/test-dir/MiniOzoneClusterImpl-d61a8e55-6b1b-4302-a8ca-331e331e4b67/datanode-3/data/ratis/d566223a-a383-4504-8d9c-cbc9db1e30bb
2019-11-17 11:14:13,996 [pool-589-thread-1] INFO  server.RaftServerConfigKeys (ConfUtils.java:logGet(43)) - raft.server.log.purge.gap = 1000000 (custom)
2019-11-17 11:14:13,996 [pool-539-thread-1] INFO  server.RaftServerConfigKeys (ConfUtils.java:logGet(43)) - raft.server.log.queue.byte-limit = 2147483647 (custom)
2019-11-17 11:14:13,996 [pool-549-thread-1] INFO  server.RaftServerConfigKeys (ConfUtils.java:logGet(43)) - raft.server.log.appender.buffer.byte-limit = 33554432 (custom)
2019-11-17 11:14:13,996 [pool-539-thread-1] INFO  server.RaftServerConfigKeys (ConfUtils.java:logGet(43)) - raft.server.log.queue.element-limit = 1024 (custom)
2019-11-17 11:14:13,996 [pool-589-thread-1] INFO  server.RaftServerConfigKeys (ConfUtils.java:logGet(43)) - raft.server.log.appender.buffer.byte-limit = 33554432 (custom)
2019-11-17 11:14:13,996 [pool-539-thread-1] INFO  server.RaftServerConfigKeys (ConfUtils.java:logGet(43)) - raft.server.log.segment.size.max = 1048576 (custom)
2019-11-17 11:14:13,996 [pool-549-thread-1] INFO  server.RaftServerConfigKeys (ConfUtils.java:logGet(43)) - raft.server.log.segment.size.max = 1048576 (custom)
2019-11-17 11:14:13,996 [pool-539-thread-1] INFO  server.RaftServerConfigKeys (ConfUtils.java:logGet(43)) - raft.server.log.preallocated.size = 16384 (custom)
2019-11-17 11:14:13,996 [pool-589-thread-1] INFO  server.RaftServerConfigKeys (ConfUtils.java:logGet(43)) - raft.server.log.segment.size.max = 1048576 (custom)
2019-11-17 11:14:13,997 [pool-539-thread-1] INFO  server.RaftServerConfigKeys (ConfUtils.java:logGet(43)) - raft.server.log.write.buffer.size = 33554432 (custom)
2019-11-17 11:14:13,997 [pool-549-thread-1] INFO  server.RaftServerConfigKeys (ConfUtils.java:logGet(43)) - raft.server.log.segment.cache.num.max = 2 (custom)
2019-11-17 11:14:13,997 [pool-539-thread-1] INFO  server.RaftServerConfigKeys (ConfUtils.java:logGet(43)) - raft.server.log.force.sync.num = 128 (default)
2019-11-17 11:14:13,997 [pool-589-thread-1] INFO  server.RaftServerConfigKeys (ConfUtils.java:logGet(43)) - raft.server.log.segment.cache.num.max = 2 (custom)
2019-11-17 11:14:13,997 [pool-539-thread-1] INFO  server.RaftServerConfigKeys (ConfUtils.java:logGet(43)) - raft.server.log.statemachine.data.sync = true (default)
2019-11-17 11:14:13,997 [pool-549-thread-1] INFO  segmented.SegmentedRaftLogWorker (SegmentedRaftLogWorker.java:<init>(173)) - new 2e7e8ab2-b4fc-48ff-a5a7-73886d1441d9@group-CBC9DB1E30BB-SegmentedRaftLogWorker for RaftStorage:Storage Directory /workdir/hadoop-ozone/integration-test/target/test-dir/MiniOzoneClusterImpl-d61a8e55-6b1b-4302-a8ca-331e331e4b67/datanode-4/data/ratis/d566223a-a383-4504-8d9c-cbc9db1e30bb
2019-11-17 11:14:13,997 [pool-539-thread-1] INFO  server.RaftServerConfigKeys (ConfUtils.java:logGet(43)) - raft.server.log.statemachine.data.sync.timeout = 10s (default)
2019-11-17 11:14:13,997 [pool-589-thread-1] INFO  segmented.SegmentedRaftLogWorker (SegmentedRaftLogWorker.java:<init>(173)) - new 74a737c0-fb65-42e2-8af1-813ef9d8f4fa@group-CBC9DB1E30BB-SegmentedRaftLogWorker for RaftStorage:Storage Directory /workdir/hadoop-ozone/integration-test/target/test-dir/MiniOzoneClusterImpl-d61a8e55-6b1b-4302-a8ca-331e331e4b67/datanode-8/data/ratis/d566223a-a383-4504-8d9c-cbc9db1e30bb
2019-11-17 11:14:13,997 [pool-539-thread-1] INFO  server.RaftServerConfigKeys (ConfUtils.java:logGet(43)) - raft.server.log.statemachine.data.sync.timeout.retry = -1 (default)
2019-11-17 11:14:13,997 [pool-549-thread-1] INFO  server.RaftServerConfigKeys (ConfUtils.java:logGet(43)) - raft.server.log.queue.byte-limit = 2147483647 (custom)
2019-11-17 11:14:13,998 [pool-589-thread-1] INFO  server.RaftServerConfigKeys (ConfUtils.java:logGet(43)) - raft.server.log.queue.byte-limit = 2147483647 (custom)
2019-11-17 11:14:13,998 [pool-549-thread-1] INFO  server.RaftServerConfigKeys (ConfUtils.java:logGet(43)) - raft.server.log.queue.element-limit = 1024 (custom)
2019-11-17 11:14:13,998 [pool-539-thread-1] INFO  server.RaftServerConfigKeys (ConfUtils.java:logGet(43)) - raft.server.log.statemachine.data.caching.enabled = true (custom)
2019-11-17 11:14:13,998 [pool-549-thread-1] INFO  server.RaftServerConfigKeys (ConfUtils.java:logGet(43)) - raft.server.log.segment.size.max = 1048576 (custom)
2019-11-17 11:14:13,998 [pool-589-thread-1] INFO  server.RaftServerConfigKeys (ConfUtils.java:logGet(43)) - raft.server.log.queue.element-limit = 1024 (custom)
2019-11-17 11:14:13,998 [pool-539-thread-1] INFO  segmented.SegmentedRaftLogWorker (SegmentedRaftLogWorker.java:lambda$new$0(128)) - add0c2af-eaab-406f-a894-445c5362ddef@group-CBC9DB1E30BB-SegmentedRaftLogWorker: flushIndex: setUnconditionally 0 -> -1
2019-11-17 11:14:13,998 [pool-549-thread-1] INFO  server.RaftServerConfigKeys (ConfUtils.java:logGet(43)) - raft.server.log.preallocated.size = 16384 (custom)
2019-11-17 11:14:13,998 [pool-589-thread-1] INFO  server.RaftServerConfigKeys (ConfUtils.java:logGet(43)) - raft.server.log.segment.size.max = 1048576 (custom)
2019-11-17 11:14:13,999 [pool-539-thread-1] INFO  server.RaftServerConfigKeys (ConfUtils.java:logGet(43)) - raft.server.snapshot.auto.trigger.enabled = true (custom)
2019-11-17 11:14:13,999 [pool-549-thread-1] INFO  server.RaftServerConfigKeys (ConfUtils.java:logGet(43)) - raft.server.log.write.buffer.size = 33554432 (custom)
2019-11-17 11:14:13,999 [pool-539-thread-1] INFO  server.RaftServerConfigKeys (ConfUtils.java:logGet(43)) - raft.server.snapshot.auto.trigger.threshold = 10000 (custom)
2019-11-17 11:14:13,999 [pool-589-thread-1] INFO  server.RaftServerConfigKeys (ConfUtils.java:logGet(43)) - raft.server.log.preallocated.size = 16384 (custom)
2019-11-17 11:14:13,999 [pool-539-thread-1] INFO  server.RaftServerConfigKeys (ConfUtils.java:logGet(43)) - raft.server.snapshot.retention.file.num = 5 (custom)
2019-11-17 11:14:13,999 [pool-549-thread-1] INFO  server.RaftServerConfigKeys (ConfUtils.java:logGet(43)) - raft.server.log.force.sync.num = 128 (default)
2019-11-17 11:14:13,999 [pool-539-thread-1] INFO  server.RaftServerConfigKeys (ConfUtils.java:logGet(43)) - raft.server.retrycache.expirytime = 600000ms (custom)
2019-11-17 11:14:13,999 [pool-589-thread-1] INFO  server.RaftServerConfigKeys (ConfUtils.java:logGet(43)) - raft.server.log.write.buffer.size = 33554432 (custom)
2019-11-17 11:14:13,999 [pool-539-thread-1] WARN  impl.MetricRegistriesImpl (MetricRegistriesImpl.java:lambda$create$1(61)) - First MetricRegistry has been created without registering reporters. You may need to call MetricRegistries.global().addReportRegistration(...) before.
2019-11-17 11:14:13,999 [pool-549-thread-1] INFO  server.RaftServerConfigKeys (ConfUtils.java:logGet(43)) - raft.server.log.statemachine.data.sync = true (default)
2019-11-17 11:14:14,000 [pool-539-thread-1] WARN  impl.MetricRegistriesImpl (MetricRegistriesImpl.java:lambda$create$1(61)) - First MetricRegistry has been created without registering reporters. You may need to call MetricRegistries.global().addReportRegistration(...) before.
2019-11-17 11:14:13,999 [pool-589-thread-1] INFO  server.RaftServerConfigKeys (ConfUtils.java:logGet(43)) - raft.server.log.force.sync.num = 128 (default)
2019-11-17 11:14:14,000 [pool-549-thread-1] INFO  server.RaftServerConfigKeys (ConfUtils.java:logGet(43)) - raft.server.log.statemachine.data.sync.timeout = 10s (default)
2019-11-17 11:14:14,000 [pool-589-thread-1] INFO  server.RaftServerConfigKeys (ConfUtils.java:logGet(43)) - raft.server.log.statemachine.data.sync = true (default)
2019-11-17 11:14:14,000 [pool-539-thread-1] INFO  impl.RaftServerImpl (RaftServerImpl.java:start(184)) - add0c2af-eaab-406f-a894-445c5362ddef@group-CBC9DB1E30BB: start as a follower, conf=-1: [add0c2af-eaab-406f-a894-445c5362ddef:192.168.34.35:42526, 74a737c0-fb65-42e2-8af1-813ef9d8f4fa:192.168.34.35:43292, 2e7e8ab2-b4fc-48ff-a5a7-73886d1441d9:192.168.34.35:39716], old=null
2019-11-17 11:14:14,000 [pool-589-thread-1] INFO  server.RaftServerConfigKeys (ConfUtils.java:logGet(43)) - raft.server.log.statemachine.data.sync.timeout = 10s (default)
2019-11-17 11:14:14,000 [pool-589-thread-1] INFO  server.RaftServerConfigKeys (ConfUtils.java:logGet(43)) - raft.server.log.statemachine.data.sync.timeout.retry = -1 (default)
2019-11-17 11:14:14,000 [pool-549-thread-1] INFO  server.RaftServerConfigKeys (ConfUtils.java:logGet(43)) - raft.server.log.statemachine.data.sync.timeout.retry = -1 (default)
2019-11-17 11:14:14,000 [pool-589-thread-1] INFO  server.RaftServerConfigKeys (ConfUtils.java:logGet(43)) - raft.server.log.statemachine.data.caching.enabled = true (custom)
2019-11-17 11:14:14,000 [pool-539-thread-1] INFO  impl.RaftServerImpl (RaftServerImpl.java:setRole(173)) - add0c2af-eaab-406f-a894-445c5362ddef@group-CBC9DB1E30BB: changes role from      null to FOLLOWER at term 0 for startAsFollower
2019-11-17 11:14:14,001 [pool-549-thread-1] INFO  server.RaftServerConfigKeys (ConfUtils.java:logGet(43)) - raft.server.log.statemachine.data.caching.enabled = true (custom)
2019-11-17 11:14:14,001 [pool-539-thread-1] INFO  impl.RoleInfo (RoleInfo.java:updateAndGet(143)) - add0c2af-eaab-406f-a894-445c5362ddef: start FollowerState
2019-11-17 11:14:14,001 [pool-549-thread-1] INFO  segmented.SegmentedRaftLogWorker (SegmentedRaftLogWorker.java:lambda$new$0(128)) - 2e7e8ab2-b4fc-48ff-a5a7-73886d1441d9@group-CBC9DB1E30BB-SegmentedRaftLogWorker: flushIndex: setUnconditionally 0 -> -1
2019-11-17 11:14:14,001 [pool-589-thread-1] INFO  segmented.SegmentedRaftLogWorker (SegmentedRaftLogWorker.java:lambda$new$0(128)) - 74a737c0-fb65-42e2-8af1-813ef9d8f4fa@group-CBC9DB1E30BB-SegmentedRaftLogWorker: flushIndex: setUnconditionally 0 -> -1
2019-11-17 11:14:14,001 [pool-549-thread-1] INFO  server.RaftServerConfigKeys (ConfUtils.java:logGet(43)) - raft.server.snapshot.auto.trigger.enabled = true (custom)
2019-11-17 11:14:14,001 [pool-589-thread-1] INFO  server.RaftServerConfigKeys (ConfUtils.java:logGet(43)) - raft.server.snapshot.auto.trigger.enabled = true (custom)
2019-11-17 11:14:14,001 [pool-539-thread-1] INFO  util.JmxRegister (JmxRegister.java:tryRegister(44)) - Successfully registered JMX Bean with object name Ratis:service=RaftServer,group=group-CBC9DB1E30BB,id=add0c2af-eaab-406f-a894-445c5362ddef
2019-11-17 11:14:14,001 [pool-589-thread-1] INFO  server.RaftServerConfigKeys (ConfUtils.java:logGet(43)) - raft.server.snapshot.auto.trigger.threshold = 10000 (custom)
2019-11-17 11:14:14,001 [pool-549-thread-1] INFO  server.RaftServerConfigKeys (ConfUtils.java:logGet(43)) - raft.server.snapshot.auto.trigger.threshold = 10000 (custom)
2019-11-17 11:14:14,001 [pool-589-thread-1] INFO  server.RaftServerConfigKeys (ConfUtils.java:logGet(43)) - raft.server.snapshot.retention.file.num = 5 (custom)
2019-11-17 11:14:14,001 [pool-539-thread-1] WARN  impl.MetricRegistriesImpl (MetricRegistriesImpl.java:lambda$create$1(61)) - First MetricRegistry has been created without registering reporters. You may need to call MetricRegistries.global().addReportRegistration(...) before.
2019-11-17 11:14:14,002 [pool-589-thread-1] INFO  server.RaftServerConfigKeys (ConfUtils.java:logGet(43)) - raft.server.retrycache.expirytime = 600000ms (custom)
2019-11-17 11:14:14,002 [pool-549-thread-1] INFO  server.RaftServerConfigKeys (ConfUtils.java:logGet(43)) - raft.server.snapshot.retention.file.num = 5 (custom)
2019-11-17 11:14:14,002 [pool-589-thread-1] WARN  impl.MetricRegistriesImpl (MetricRegistriesImpl.java:lambda$create$1(61)) - First MetricRegistry has been created without registering reporters. You may need to call MetricRegistries.global().addReportRegistration(...) before.
2019-11-17 11:14:14,002 [pool-549-thread-1] INFO  server.RaftServerConfigKeys (ConfUtils.java:logGet(43)) - raft.server.retrycache.expirytime = 600000ms (custom)
2019-11-17 11:14:14,002 [pool-589-thread-1] WARN  impl.MetricRegistriesImpl (MetricRegistriesImpl.java:lambda$create$1(61)) - First MetricRegistry has been created without registering reporters. You may need to call MetricRegistries.global().addReportRegistration(...) before.
2019-11-17 11:14:14,002 [pool-549-thread-1] WARN  impl.MetricRegistriesImpl (MetricRegistriesImpl.java:lambda$create$1(61)) - First MetricRegistry has been created without registering reporters. You may need to call MetricRegistries.global().addReportRegistration(...) before.
2019-11-17 11:14:14,002 [pool-589-thread-1] INFO  impl.RaftServerImpl (RaftServerImpl.java:start(184)) - 74a737c0-fb65-42e2-8af1-813ef9d8f4fa@group-CBC9DB1E30BB: start as a follower, conf=-1: [add0c2af-eaab-406f-a894-445c5362ddef:192.168.34.35:42526, 74a737c0-fb65-42e2-8af1-813ef9d8f4fa:192.168.34.35:43292, 2e7e8ab2-b4fc-48ff-a5a7-73886d1441d9:192.168.34.35:39716], old=null
2019-11-17 11:14:14,002 [pool-549-thread-1] WARN  impl.MetricRegistriesImpl (MetricRegistriesImpl.java:lambda$create$1(61)) - First MetricRegistry has been created without registering reporters. You may need to call MetricRegistries.global().addReportRegistration(...) before.
2019-11-17 11:14:14,002 [pool-589-thread-1] INFO  impl.RaftServerImpl (RaftServerImpl.java:setRole(173)) - 74a737c0-fb65-42e2-8af1-813ef9d8f4fa@group-CBC9DB1E30BB: changes role from      null to FOLLOWER at term 0 for startAsFollower
2019-11-17 11:14:14,003 [pool-549-thread-1] INFO  impl.RaftServerImpl (RaftServerImpl.java:start(184)) - 2e7e8ab2-b4fc-48ff-a5a7-73886d1441d9@group-CBC9DB1E30BB: start as a follower, conf=-1: [add0c2af-eaab-406f-a894-445c5362ddef:192.168.34.35:42526, 74a737c0-fb65-42e2-8af1-813ef9d8f4fa:192.168.34.35:43292, 2e7e8ab2-b4fc-48ff-a5a7-73886d1441d9:192.168.34.35:39716], old=null
2019-11-17 11:14:14,003 [pool-589-thread-1] INFO  impl.RoleInfo (RoleInfo.java:updateAndGet(143)) - 74a737c0-fb65-42e2-8af1-813ef9d8f4fa: start FollowerState
2019-11-17 11:14:14,003 [pool-549-thread-1] INFO  impl.RaftServerImpl (RaftServerImpl.java:setRole(173)) - 2e7e8ab2-b4fc-48ff-a5a7-73886d1441d9@group-CBC9DB1E30BB: changes role from      null to FOLLOWER at term 0 for startAsFollower
2019-11-17 11:14:14,003 [pool-549-thread-1] INFO  impl.RoleInfo (RoleInfo.java:updateAndGet(143)) - 2e7e8ab2-b4fc-48ff-a5a7-73886d1441d9: start FollowerState
2019-11-17 11:14:14,003 [pool-589-thread-1] INFO  util.JmxRegister (JmxRegister.java:tryRegister(44)) - Successfully registered JMX Bean with object name Ratis:service=RaftServer,group=group-CBC9DB1E30BB,id=74a737c0-fb65-42e2-8af1-813ef9d8f4fa
2019-11-17 11:14:14,003 [pool-589-thread-1] WARN  impl.MetricRegistriesImpl (MetricRegistriesImpl.java:lambda$create$1(61)) - First MetricRegistry has been created without registering reporters. You may need to call MetricRegistries.global().addReportRegistration(...) before.
2019-11-17 11:14:14,003 [pool-549-thread-1] INFO  util.JmxRegister (JmxRegister.java:tryRegister(44)) - Successfully registered JMX Bean with object name Ratis:service=RaftServer,group=group-CBC9DB1E30BB,id=2e7e8ab2-b4fc-48ff-a5a7-73886d1441d9
2019-11-17 11:14:14,003 [pool-549-thread-1] WARN  impl.MetricRegistriesImpl (MetricRegistriesImpl.java:lambda$create$1(61)) - First MetricRegistry has been created without registering reporters. You may need to call MetricRegistries.global().addReportRegistration(...) before.
2019-11-17 11:14:14,006 [RatisPipelineUtilsThread] INFO  pipeline.PipelineStateManager (PipelineStateManager.java:addPipeline(55)) - Created pipeline Pipeline[ Id: d566223a-a383-4504-8d9c-cbc9db1e30bb, Nodes: 2e7e8ab2-b4fc-48ff-a5a7-73886d1441d9{ip: 192.168.34.35, host: pr-hdds-2291-5997d-4279494527, networkLocation: /rack1, certSerialId: null}74a737c0-fb65-42e2-8af1-813ef9d8f4fa{ip: 192.168.34.35, host: pr-hdds-2291-5997d-4279494527, networkLocation: /rack1, certSerialId: null}add0c2af-eaab-406f-a894-445c5362ddef{ip: 192.168.34.35, host: pr-hdds-2291-5997d-4279494527, networkLocation: /rack1, certSerialId: null}, Type:RATIS, Factor:THREE, State:ALLOCATED]
2019-11-17 11:14:14,006 [Thread-3714] INFO  pipeline.PipelineStateManager (PipelineStateManager.java:finalizePipeline(121)) - Pipeline Pipeline[ Id: 8b8dab8d-1197-4c9e-a2aa-8ed39cbeb645, Nodes: 74a737c0-fb65-42e2-8af1-813ef9d8f4fa{ip: 192.168.34.35, host: pr-hdds-2291-5997d-4279494527, networkLocation: /rack1, certSerialId: null}, Type:RATIS, Factor:ONE, State:CLOSED] moved to CLOSED state
2019-11-17 11:14:14,008 [grpc-default-executor-9] INFO  impl.RaftServerProxy (RaftServerProxy.java:remove(95)) - 74a737c0-fb65-42e2-8af1-813ef9d8f4fa: remove    LEADER 74a737c0-fb65-42e2-8af1-813ef9d8f4fa@group-8ED39CBEB645:t1, leader=74a737c0-fb65-42e2-8af1-813ef9d8f4fa, voted=74a737c0-fb65-42e2-8af1-813ef9d8f4fa, raftlog=74a737c0-fb65-42e2-8af1-813ef9d8f4fa@group-8ED39CBEB645-SegmentedRaftLog:OPENED:c0,f0,i0, conf=0: [74a737c0-fb65-42e2-8af1-813ef9d8f4fa:192.168.34.35:43292], old=null RUNNING
2019-11-17 11:14:14,009 [grpc-default-executor-9] INFO  impl.RaftServerImpl (RaftServerImpl.java:lambda$shutdown$3(250)) - 74a737c0-fb65-42e2-8af1-813ef9d8f4fa@group-8ED39CBEB645: shutdown
2019-11-17 11:14:14,009 [grpc-default-executor-9] INFO  util.JmxRegister (JmxRegister.java:unregister(73)) - Successfully un-registered JMX Bean with object name Ratis:service=RaftServer,group=group-8ED39CBEB645,id=74a737c0-fb65-42e2-8af1-813ef9d8f4fa
2019-11-17 11:14:14,009 [grpc-default-executor-9] INFO  impl.RoleInfo (RoleInfo.java:shutdownLeaderState(104)) - 74a737c0-fb65-42e2-8af1-813ef9d8f4fa: shutdown LeaderState
2019-11-17 11:14:14,009 [grpc-default-executor-9] INFO  impl.PendingRequests (PendingRequests.java:sendNotLeaderResponses(206)) - 74a737c0-fb65-42e2-8af1-813ef9d8f4fa@group-8ED39CBEB645-PendingRequests: sendNotLeaderResponses
2019-11-17 11:14:14,009 [grpc-default-executor-9] INFO  impl.StateMachineUpdater (StateMachineUpdater.java:stopAndJoin(136)) - 74a737c0-fb65-42e2-8af1-813ef9d8f4fa@group-8ED39CBEB645-StateMachineUpdater: set stopIndex = 0
2019-11-17 11:14:14,009 [grpc-default-executor-9] INFO  impl.RaftServerImpl (ServerState.java:close(387)) - 74a737c0-fb65-42e2-8af1-813ef9d8f4fa@group-8ED39CBEB645: closes. applyIndex: 0
2019-11-17 11:14:14,009 [74a737c0-fb65-42e2-8af1-813ef9d8f4fa@group-8ED39CBEB645-SegmentedRaftLogWorker] INFO  segmented.SegmentedRaftLogWorker (SegmentedRaftLogWorker.java:run(316)) - 74a737c0-fb65-42e2-8af1-813ef9d8f4fa@group-8ED39CBEB645-SegmentedRaftLogWorker was interrupted, exiting. There are 0 tasks remaining in the queue.
2019-11-17 11:14:14,013 [grpc-default-executor-9] INFO  segmented.SegmentedRaftLogWorker (SegmentedRaftLogWorker.java:close(224)) - 74a737c0-fb65-42e2-8af1-813ef9d8f4fa@group-8ED39CBEB645-SegmentedRaftLogWorker close()
2019-11-17 11:14:14,018 [Thread-3714] INFO  pipeline.PipelineStateManager (PipelineStateManager.java:removePipeline(106)) - Pipeline Pipeline[ Id: 8b8dab8d-1197-4c9e-a2aa-8ed39cbeb645, Nodes: 74a737c0-fb65-42e2-8af1-813ef9d8f4fa{ip: 192.168.34.35, host: pr-hdds-2291-5997d-4279494527, networkLocation: /rack1, certSerialId: null}, Type:RATIS, Factor:ONE, State:CLOSED] removed from db
2019-11-17 11:14:14,019 [Thread-3714] INFO  pipeline.SCMPipelineManager (SCMPipelineManager.java:finalizeAndDestroyPipeline(315)) - destroying pipeline:Pipeline[ Id: cbddf987-c8ac-454e-87f1-50a06d05c241, Nodes: d0563571-d5f5-405e-9b61-87c552fd142f{ip: 192.168.34.35, host: pr-hdds-2291-5997d-4279494527, networkLocation: /rack1, certSerialId: null}, Type:RATIS, Factor:ONE, State:OPEN]
2019-11-17 11:14:14,021 [grpc-default-executor-9] INFO  impl.RaftServerProxy (RaftServerProxy.java:addNew(89)) - 74a737c0-fb65-42e2-8af1-813ef9d8f4fa: addNew group-9CAA3ECA5432:[74a737c0-fb65-42e2-8af1-813ef9d8f4fa:192.168.34.35:43292] returns group-9CAA3ECA5432:java.util.concurrent.CompletableFuture@3e991b68[Not completed]
2019-11-17 11:14:14,022 [pool-589-thread-1] INFO  impl.RaftServerImpl (RaftServerImpl.java:<init>(98)) - 74a737c0-fb65-42e2-8af1-813ef9d8f4fa: new RaftServerImpl for group-9CAA3ECA5432:[74a737c0-fb65-42e2-8af1-813ef9d8f4fa:192.168.34.35:43292] with ContainerStateMachine:uninitialized
2019-11-17 11:14:14,022 [pool-589-thread-1] INFO  server.RaftServerConfigKeys (ConfUtils.java:logGet(43)) - raft.server.rpc.timeout.min = 1s (custom)
2019-11-17 11:14:14,022 [pool-589-thread-1] INFO  server.RaftServerConfigKeys (ConfUtils.java:logGet(43)) - raft.server.rpc.timeout.max = 1200ms (custom)
2019-11-17 11:14:14,022 [pool-589-thread-1] INFO  server.RaftServerConfigKeys (ConfUtils.java:logGet(43)) - raft.server.rpcslowness.timeout = 120s (custom)
2019-11-17 11:14:14,022 [pool-589-thread-1] INFO  server.RaftServerConfigKeys (ConfUtils.java:logGet(43)) - raft.server.sleep.deviation.threshold = 300 (default)
2019-11-17 11:14:14,022 [pool-589-thread-1] INFO  server.RaftServerConfigKeys (ConfUtils.java:logGet(43)) - raft.server.log.appender.install.snapshot.enabled = false (custom)
2019-11-17 11:14:14,023 [pool-589-thread-1] INFO  impl.RaftServerImpl (ServerState.java:<init>(103)) - 74a737c0-fb65-42e2-8af1-813ef9d8f4fa@group-9CAA3ECA5432: ConfigurationManager, init=-1: [74a737c0-fb65-42e2-8af1-813ef9d8f4fa:192.168.34.35:43292], old=null, confs=<EMPTY_MAP>
2019-11-17 11:14:14,023 [pool-589-thread-1] INFO  server.RaftServerConfigKeys (ConfUtils.java:logGet(43)) - raft.server.storage.dir = [/workdir/hadoop-ozone/integration-test/target/test-dir/MiniOzoneClusterImpl-d61a8e55-6b1b-4302-a8ca-331e331e4b67/datanode-8/data/ratis] (custom)
2019-11-17 11:14:14,023 [pool-589-thread-1] INFO  server.RaftServerConfigKeys (ConfUtils.java:logGet(43)) - raft.server.log.corruption.policy = EXCEPTION (default)
2019-11-17 11:14:14,023 [pool-589-thread-1] INFO  storage.RaftStorageDirectory (RaftStorageDirectory.java:analyzeStorage(246)) - The storage directory /workdir/hadoop-ozone/integration-test/target/test-dir/MiniOzoneClusterImpl-d61a8e55-6b1b-4302-a8ca-331e331e4b67/datanode-8/data/ratis/08e514df-95f4-45c3-89a8-9caa3eca5432 does not exist. Creating ...
2019-11-17 11:14:14,036 [pool-589-thread-1] INFO  storage.RaftStorageDirectory (RaftStorageDirectory.java:tryLock(328)) - Lock on /workdir/hadoop-ozone/integration-test/target/test-dir/MiniOzoneClusterImpl-d61a8e55-6b1b-4302-a8ca-331e331e4b67/datanode-8/data/ratis/08e514df-95f4-45c3-89a8-9caa3eca5432/in_use.lock acquired by nodename 20606@pr-hdds-2291-5997d-4279494527
2019-11-17 11:14:14,048 [pool-589-thread-1] INFO  storage.RaftStorage (RaftStorage.java:format(84)) - Storage directory /workdir/hadoop-ozone/integration-test/target/test-dir/MiniOzoneClusterImpl-d61a8e55-6b1b-4302-a8ca-331e331e4b67/datanode-8/data/ratis/08e514df-95f4-45c3-89a8-9caa3eca5432 has been successfully formatted.
2019-11-17 11:14:14,048 [pool-589-thread-1] INFO  ratis.ContainerStateMachine (ContainerStateMachine.java:loadSnapshot(223)) - group-9CAA3ECA5432: The snapshot info is null. Setting the last applied indexto:(t:0, i:~)
2019-11-17 11:14:14,048 [pool-589-thread-1] INFO  server.RaftServerConfigKeys (ConfUtils.java:logGet(43)) - raft.server.notification.no-leader.timeout = 120s (custom)
2019-11-17 11:14:14,048 [pool-589-thread-1] INFO  server.RaftServerConfigKeys (ConfUtils.java:logGet(43)) - raft.server.log.use.memory = false (default)
2019-11-17 11:14:14,048 [pool-589-thread-1] INFO  server.RaftServerConfigKeys (ConfUtils.java:logGet(43)) - raft.server.log.purge.gap = 1000000 (custom)
2019-11-17 11:14:14,048 [pool-589-thread-1] INFO  server.RaftServerConfigKeys (ConfUtils.java:logGet(43)) - raft.server.log.appender.buffer.byte-limit = 33554432 (custom)
2019-11-17 11:14:14,048 [pool-589-thread-1] INFO  server.RaftServerConfigKeys (ConfUtils.java:logGet(43)) - raft.server.log.segment.size.max = 1048576 (custom)
2019-11-17 11:14:14,049 [pool-589-thread-1] INFO  server.RaftServerConfigKeys (ConfUtils.java:logGet(43)) - raft.server.log.segment.cache.num.max = 2 (custom)
2019-11-17 11:14:14,049 [pool-589-thread-1] INFO  segmented.SegmentedRaftLogWorker (SegmentedRaftLogWorker.java:<init>(173)) - new 74a737c0-fb65-42e2-8af1-813ef9d8f4fa@group-9CAA3ECA5432-SegmentedRaftLogWorker for RaftStorage:Storage Directory /workdir/hadoop-ozone/integration-test/target/test-dir/MiniOzoneClusterImpl-d61a8e55-6b1b-4302-a8ca-331e331e4b67/datanode-8/data/ratis/08e514df-95f4-45c3-89a8-9caa3eca5432
2019-11-17 11:14:14,049 [pool-589-thread-1] INFO  server.RaftServerConfigKeys (ConfUtils.java:logGet(43)) - raft.server.log.queue.byte-limit = 2147483647 (custom)
2019-11-17 11:14:14,049 [pool-589-thread-1] INFO  server.RaftServerConfigKeys (ConfUtils.java:logGet(43)) - raft.server.log.queue.element-limit = 1024 (custom)
2019-11-17 11:14:14,049 [pool-589-thread-1] INFO  server.RaftServerConfigKeys (ConfUtils.java:logGet(43)) - raft.server.log.segment.size.max = 1048576 (custom)
2019-11-17 11:14:14,049 [pool-589-thread-1] INFO  server.RaftServerConfigKeys (ConfUtils.java:logGet(43)) - raft.server.log.preallocated.size = 16384 (custom)
2019-11-17 11:14:14,049 [pool-589-thread-1] INFO  server.RaftServerConfigKeys (ConfUtils.java:logGet(43)) - raft.server.log.write.buffer.size = 33554432 (custom)
2019-11-17 11:14:14,049 [pool-589-thread-1] INFO  server.RaftServerConfigKeys (ConfUtils.java:logGet(43)) - raft.server.log.force.sync.num = 128 (default)
2019-11-17 11:14:14,049 [pool-589-thread-1] INFO  server.RaftServerConfigKeys (ConfUtils.java:logGet(43)) - raft.server.log.statemachine.data.sync = true (default)
2019-11-17 11:14:14,049 [pool-589-thread-1] INFO  server.RaftServerConfigKeys (ConfUtils.java:logGet(43)) - raft.server.log.statemachine.data.sync.timeout = 10s (default)
2019-11-17 11:14:14,050 [pool-589-thread-1] INFO  server.RaftServerConfigKeys (ConfUtils.java:logGet(43)) - raft.server.log.statemachine.data.sync.timeout.retry = -1 (default)
2019-11-17 11:14:14,050 [pool-589-thread-1] INFO  server.RaftServerConfigKeys (ConfUtils.java:logGet(43)) - raft.server.log.statemachine.data.caching.enabled = true (custom)
2019-11-17 11:14:14,050 [pool-589-thread-1] INFO  segmented.SegmentedRaftLogWorker (SegmentedRaftLogWorker.java:lambda$new$0(128)) - 74a737c0-fb65-42e2-8af1-813ef9d8f4fa@group-9CAA3ECA5432-SegmentedRaftLogWorker: flushIndex: setUnconditionally 0 -> -1
2019-11-17 11:14:14,050 [pool-589-thread-1] INFO  server.RaftServerConfigKeys (ConfUtils.java:logGet(43)) - raft.server.snapshot.auto.trigger.enabled = true (custom)
2019-11-17 11:14:14,050 [pool-589-thread-1] INFO  server.RaftServerConfigKeys (ConfUtils.java:logGet(43)) - raft.server.snapshot.auto.trigger.threshold = 10000 (custom)
2019-11-17 11:14:14,050 [pool-589-thread-1] INFO  server.RaftServerConfigKeys (ConfUtils.java:logGet(43)) - raft.server.snapshot.retention.file.num = 5 (custom)
2019-11-17 11:14:14,050 [pool-589-thread-1] INFO  server.RaftServerConfigKeys (ConfUtils.java:logGet(43)) - raft.server.retrycache.expirytime = 600000ms (custom)
2019-11-17 11:14:14,051 [pool-589-thread-1] WARN  impl.MetricRegistriesImpl (MetricRegistriesImpl.java:lambda$create$1(61)) - First MetricRegistry has been created without registering reporters. You may need to call MetricRegistries.global().addReportRegistration(...) before.
2019-11-17 11:14:14,051 [pool-589-thread-1] WARN  impl.MetricRegistriesImpl (MetricRegistriesImpl.java:lambda$create$1(61)) - First MetricRegistry has been created without registering reporters. You may need to call MetricRegistries.global().addReportRegistration(...) before.
2019-11-17 11:14:14,051 [pool-589-thread-1] INFO  impl.RaftServerImpl (RaftServerImpl.java:start(184)) - 74a737c0-fb65-42e2-8af1-813ef9d8f4fa@group-9CAA3ECA5432: start as a follower, conf=-1: [74a737c0-fb65-42e2-8af1-813ef9d8f4fa:192.168.34.35:43292], old=null
2019-11-17 11:14:14,051 [pool-589-thread-1] INFO  impl.RaftServerImpl (RaftServerImpl.java:setRole(173)) - 74a737c0-fb65-42e2-8af1-813ef9d8f4fa@group-9CAA3ECA5432: changes role from      null to FOLLOWER at term 0 for startAsFollower
2019-11-17 11:14:14,051 [pool-589-thread-1] INFO  impl.RoleInfo (RoleInfo.java:updateAndGet(143)) - 74a737c0-fb65-42e2-8af1-813ef9d8f4fa: start FollowerState
2019-11-17 11:14:14,051 [pool-589-thread-1] INFO  util.JmxRegister (JmxRegister.java:tryRegister(44)) - Successfully registered JMX Bean with object name Ratis:service=RaftServer,group=group-9CAA3ECA5432,id=74a737c0-fb65-42e2-8af1-813ef9d8f4fa
2019-11-17 11:14:14,052 [pool-589-thread-1] WARN  impl.MetricRegistriesImpl (MetricRegistriesImpl.java:lambda$create$1(61)) - First MetricRegistry has been created without registering reporters. You may need to call MetricRegistries.global().addReportRegistration(...) before.
2019-11-17 11:14:14,054 [RatisPipelineUtilsThread] INFO  pipeline.PipelineStateManager (PipelineStateManager.java:addPipeline(55)) - Created pipeline Pipeline[ Id: 08e514df-95f4-45c3-89a8-9caa3eca5432, Nodes: 74a737c0-fb65-42e2-8af1-813ef9d8f4fa{ip: 192.168.34.35, host: pr-hdds-2291-5997d-4279494527, networkLocation: /rack1, certSerialId: null}, Type:RATIS, Factor:ONE, State:ALLOCATED]
2019-11-17 11:14:14,054 [Thread-3714] INFO  pipeline.PipelineStateManager (PipelineStateManager.java:finalizePipeline(121)) - Pipeline Pipeline[ Id: cbddf987-c8ac-454e-87f1-50a06d05c241, Nodes: d0563571-d5f5-405e-9b61-87c552fd142f{ip: 192.168.34.35, host: pr-hdds-2291-5997d-4279494527, networkLocation: /rack1, certSerialId: null}, Type:RATIS, Factor:ONE, State:CLOSED] moved to CLOSED state
2019-11-17 11:14:14,057 [grpc-default-executor-9] INFO  impl.RaftServerProxy (RaftServerProxy.java:remove(95)) - d0563571-d5f5-405e-9b61-87c552fd142f: remove    LEADER d0563571-d5f5-405e-9b61-87c552fd142f@group-50A06D05C241:t1, leader=d0563571-d5f5-405e-9b61-87c552fd142f, voted=d0563571-d5f5-405e-9b61-87c552fd142f, raftlog=d0563571-d5f5-405e-9b61-87c552fd142f@group-50A06D05C241-SegmentedRaftLog:OPENED:c0,f0,i0, conf=0: [d0563571-d5f5-405e-9b61-87c552fd142f:192.168.34.35:36223], old=null RUNNING
2019-11-17 11:14:14,057 [grpc-default-executor-9] INFO  impl.RaftServerImpl (RaftServerImpl.java:lambda$shutdown$3(250)) - d0563571-d5f5-405e-9b61-87c552fd142f@group-50A06D05C241: shutdown
2019-11-17 11:14:14,057 [grpc-default-executor-9] INFO  util.JmxRegister (JmxRegister.java:unregister(73)) - Successfully un-registered JMX Bean with object name Ratis:service=RaftServer,group=group-50A06D05C241,id=d0563571-d5f5-405e-9b61-87c552fd142f
2019-11-17 11:14:14,057 [grpc-default-executor-9] INFO  impl.RoleInfo (RoleInfo.java:shutdownLeaderState(104)) - d0563571-d5f5-405e-9b61-87c552fd142f: shutdown LeaderState
2019-11-17 11:14:14,058 [grpc-default-executor-9] INFO  impl.PendingRequests (PendingRequests.java:sendNotLeaderResponses(206)) - d0563571-d5f5-405e-9b61-87c552fd142f@group-50A06D05C241-PendingRequests: sendNotLeaderResponses
2019-11-17 11:14:14,058 [grpc-default-executor-9] INFO  impl.StateMachineUpdater (StateMachineUpdater.java:stopAndJoin(136)) - d0563571-d5f5-405e-9b61-87c552fd142f@group-50A06D05C241-StateMachineUpdater: set stopIndex = 0
2019-11-17 11:14:14,058 [grpc-default-executor-9] INFO  impl.RaftServerImpl (ServerState.java:close(387)) - d0563571-d5f5-405e-9b61-87c552fd142f@group-50A06D05C241: closes. applyIndex: 0
2019-11-17 11:14:14,058 [d0563571-d5f5-405e-9b61-87c552fd142f@group-50A06D05C241-SegmentedRaftLogWorker] INFO  segmented.SegmentedRaftLogWorker (SegmentedRaftLogWorker.java:run(316)) - d0563571-d5f5-405e-9b61-87c552fd142f@group-50A06D05C241-SegmentedRaftLogWorker was interrupted, exiting. There are 0 tasks remaining in the queue.
2019-11-17 11:14:14,062 [grpc-default-executor-9] INFO  segmented.SegmentedRaftLogWorker (SegmentedRaftLogWorker.java:close(224)) - d0563571-d5f5-405e-9b61-87c552fd142f@group-50A06D05C241-SegmentedRaftLogWorker close()
2019-11-17 11:14:14,068 [Thread-3714] INFO  pipeline.PipelineStateManager (PipelineStateManager.java:removePipeline(106)) - Pipeline Pipeline[ Id: cbddf987-c8ac-454e-87f1-50a06d05c241, Nodes: d0563571-d5f5-405e-9b61-87c552fd142f{ip: 192.168.34.35, host: pr-hdds-2291-5997d-4279494527, networkLocation: /rack1, certSerialId: null}, Type:RATIS, Factor:ONE, State:CLOSED] removed from db
2019-11-17 11:14:14,068 [Thread-3714] INFO  pipeline.SCMPipelineManager (SCMPipelineManager.java:finalizeAndDestroyPipeline(315)) - destroying pipeline:Pipeline[ Id: 95f3d5e9-a24f-4e3d-b5cb-c98e57411139, Nodes: f9de5302-5741-429b-9e37-55cacebd1d46{ip: 192.168.34.35, host: pr-hdds-2291-5997d-4279494527, networkLocation: /rack1, certSerialId: null}, Type:RATIS, Factor:ONE, State:OPEN]
2019-11-17 11:14:14,071 [grpc-default-executor-9] INFO  impl.RaftServerProxy (RaftServerProxy.java:addNew(89)) - d0563571-d5f5-405e-9b61-87c552fd142f: addNew group-7C743DBBE77B:[d0563571-d5f5-405e-9b61-87c552fd142f:192.168.34.35:36223] returns group-7C743DBBE77B:java.util.concurrent.CompletableFuture@4f518cde[Not completed]
2019-11-17 11:14:14,072 [pool-569-thread-1] INFO  impl.RaftServerImpl (RaftServerImpl.java:<init>(98)) - d0563571-d5f5-405e-9b61-87c552fd142f: new RaftServerImpl for group-7C743DBBE77B:[d0563571-d5f5-405e-9b61-87c552fd142f:192.168.34.35:36223] with ContainerStateMachine:uninitialized
2019-11-17 11:14:14,072 [pool-569-thread-1] INFO  server.RaftServerConfigKeys (ConfUtils.java:logGet(43)) - raft.server.rpc.timeout.min = 1s (custom)
2019-11-17 11:14:14,072 [pool-569-thread-1] INFO  server.RaftServerConfigKeys (ConfUtils.java:logGet(43)) - raft.server.rpc.timeout.max = 1200ms (custom)
2019-11-17 11:14:14,072 [pool-569-thread-1] INFO  server.RaftServerConfigKeys (ConfUtils.java:logGet(43)) - raft.server.rpcslowness.timeout = 120s (custom)
2019-11-17 11:14:14,072 [pool-569-thread-1] INFO  server.RaftServerConfigKeys (ConfUtils.java:logGet(43)) - raft.server.sleep.deviation.threshold = 300 (default)
2019-11-17 11:14:14,072 [pool-569-thread-1] INFO  server.RaftServerConfigKeys (ConfUtils.java:logGet(43)) - raft.server.log.appender.install.snapshot.enabled = false (custom)
2019-11-17 11:14:14,072 [pool-569-thread-1] INFO  impl.RaftServerImpl (ServerState.java:<init>(103)) - d0563571-d5f5-405e-9b61-87c552fd142f@group-7C743DBBE77B: ConfigurationManager, init=-1: [d0563571-d5f5-405e-9b61-87c552fd142f:192.168.34.35:36223], old=null, confs=<EMPTY_MAP>
2019-11-17 11:14:14,072 [pool-569-thread-1] INFO  server.RaftServerConfigKeys (ConfUtils.java:logGet(43)) - raft.server.storage.dir = [/workdir/hadoop-ozone/integration-test/target/test-dir/MiniOzoneClusterImpl-d61a8e55-6b1b-4302-a8ca-331e331e4b67/datanode-6/data/ratis] (custom)
2019-11-17 11:14:14,072 [pool-569-thread-1] INFO  server.RaftServerConfigKeys (ConfUtils.java:logGet(43)) - raft.server.log.corruption.policy = EXCEPTION (default)
2019-11-17 11:14:14,073 [pool-569-thread-1] INFO  storage.RaftStorageDirectory (RaftStorageDirectory.java:analyzeStorage(246)) - The storage directory /workdir/hadoop-ozone/integration-test/target/test-dir/MiniOzoneClusterImpl-d61a8e55-6b1b-4302-a8ca-331e331e4b67/datanode-6/data/ratis/5e31a5a1-2528-4833-b9dc-7c743dbbe77b does not exist. Creating ...
2019-11-17 11:14:14,086 [pool-569-thread-1] INFO  storage.RaftStorageDirectory (RaftStorageDirectory.java:tryLock(328)) - Lock on /workdir/hadoop-ozone/integration-test/target/test-dir/MiniOzoneClusterImpl-d61a8e55-6b1b-4302-a8ca-331e331e4b67/datanode-6/data/ratis/5e31a5a1-2528-4833-b9dc-7c743dbbe77b/in_use.lock acquired by nodename 20606@pr-hdds-2291-5997d-4279494527
2019-11-17 11:14:14,098 [pool-569-thread-1] INFO  storage.RaftStorage (RaftStorage.java:format(84)) - Storage directory /workdir/hadoop-ozone/integration-test/target/test-dir/MiniOzoneClusterImpl-d61a8e55-6b1b-4302-a8ca-331e331e4b67/datanode-6/data/ratis/5e31a5a1-2528-4833-b9dc-7c743dbbe77b has been successfully formatted.
2019-11-17 11:14:14,098 [pool-569-thread-1] INFO  ratis.ContainerStateMachine (ContainerStateMachine.java:loadSnapshot(223)) - group-7C743DBBE77B: The snapshot info is null. Setting the last applied indexto:(t:0, i:~)
2019-11-17 11:14:14,098 [pool-569-thread-1] INFO  server.RaftServerConfigKeys (ConfUtils.java:logGet(43)) - raft.server.notification.no-leader.timeout = 120s (custom)
2019-11-17 11:14:14,098 [pool-569-thread-1] INFO  server.RaftServerConfigKeys (ConfUtils.java:logGet(43)) - raft.server.log.use.memory = false (default)
2019-11-17 11:14:14,099 [pool-569-thread-1] INFO  server.RaftServerConfigKeys (ConfUtils.java:logGet(43)) - raft.server.log.purge.gap = 1000000 (custom)
2019-11-17 11:14:14,099 [pool-569-thread-1] INFO  server.RaftServerConfigKeys (ConfUtils.java:logGet(43)) - raft.server.log.appender.buffer.byte-limit = 33554432 (custom)
2019-11-17 11:14:14,099 [pool-569-thread-1] INFO  server.RaftServerConfigKeys (ConfUtils.java:logGet(43)) - raft.server.log.segment.size.max = 1048576 (custom)
2019-11-17 11:14:14,099 [pool-569-thread-1] INFO  server.RaftServerConfigKeys (ConfUtils.java:logGet(43)) - raft.server.log.segment.cache.num.max = 2 (custom)
2019-11-17 11:14:14,099 [pool-569-thread-1] INFO  segmented.SegmentedRaftLogWorker (SegmentedRaftLogWorker.java:<init>(173)) - new d0563571-d5f5-405e-9b61-87c552fd142f@group-7C743DBBE77B-SegmentedRaftLogWorker for RaftStorage:Storage Directory /workdir/hadoop-ozone/integration-test/target/test-dir/MiniOzoneClusterImpl-d61a8e55-6b1b-4302-a8ca-331e331e4b67/datanode-6/data/ratis/5e31a5a1-2528-4833-b9dc-7c743dbbe77b
2019-11-17 11:14:14,099 [pool-569-thread-1] INFO  server.RaftServerConfigKeys (ConfUtils.java:logGet(43)) - raft.server.log.queue.byte-limit = 2147483647 (custom)
2019-11-17 11:14:14,099 [pool-569-thread-1] INFO  server.RaftServerConfigKeys (ConfUtils.java:logGet(43)) - raft.server.log.queue.element-limit = 1024 (custom)
2019-11-17 11:14:14,099 [pool-569-thread-1] INFO  server.RaftServerConfigKeys (ConfUtils.java:logGet(43)) - raft.server.log.segment.size.max = 1048576 (custom)
2019-11-17 11:14:14,099 [pool-569-thread-1] INFO  server.RaftServerConfigKeys (ConfUtils.java:logGet(43)) - raft.server.log.preallocated.size = 16384 (custom)
2019-11-17 11:14:14,099 [pool-569-thread-1] INFO  server.RaftServerConfigKeys (ConfUtils.java:logGet(43)) - raft.server.log.write.buffer.size = 33554432 (custom)
2019-11-17 11:14:14,099 [pool-569-thread-1] INFO  server.RaftServerConfigKeys (ConfUtils.java:logGet(43)) - raft.server.log.force.sync.num = 128 (default)
2019-11-17 11:14:14,099 [pool-569-thread-1] INFO  server.RaftServerConfigKeys (ConfUtils.java:logGet(43)) - raft.server.log.statemachine.data.sync = true (default)
2019-11-17 11:14:14,100 [pool-569-thread-1] INFO  server.RaftServerConfigKeys (ConfUtils.java:logGet(43)) - raft.server.log.statemachine.data.sync.timeout = 10s (default)
2019-11-17 11:14:14,100 [pool-569-thread-1] INFO  server.RaftServerConfigKeys (ConfUtils.java:logGet(43)) - raft.server.log.statemachine.data.sync.timeout.retry = -1 (default)
2019-11-17 11:14:14,100 [pool-569-thread-1] INFO  server.RaftServerConfigKeys (ConfUtils.java:logGet(43)) - raft.server.log.statemachine.data.caching.enabled = true (custom)
2019-11-17 11:14:14,100 [pool-569-thread-1] INFO  segmented.SegmentedRaftLogWorker (SegmentedRaftLogWorker.java:lambda$new$0(128)) - d0563571-d5f5-405e-9b61-87c552fd142f@group-7C743DBBE77B-SegmentedRaftLogWorker: flushIndex: setUnconditionally 0 -> -1
2019-11-17 11:14:14,100 [pool-569-thread-1] INFO  server.RaftServerConfigKeys (ConfUtils.java:logGet(43)) - raft.server.snapshot.auto.trigger.enabled = true (custom)
2019-11-17 11:14:14,100 [pool-569-thread-1] INFO  server.RaftServerConfigKeys (ConfUtils.java:logGet(43)) - raft.server.snapshot.auto.trigger.threshold = 10000 (custom)
2019-11-17 11:14:14,100 [pool-569-thread-1] INFO  server.RaftServerConfigKeys (ConfUtils.java:logGet(43)) - raft.server.snapshot.retention.file.num = 5 (custom)
2019-11-17 11:14:14,100 [pool-569-thread-1] INFO  server.RaftServerConfigKeys (ConfUtils.java:logGet(43)) - raft.server.retrycache.expirytime = 600000ms (custom)
2019-11-17 11:14:14,101 [pool-569-thread-1] WARN  impl.MetricRegistriesImpl (MetricRegistriesImpl.java:lambda$create$1(61)) - First MetricRegistry has been created without registering reporters. You may need to call MetricRegistries.global().addReportRegistration(...) before.
2019-11-17 11:14:14,101 [pool-569-thread-1] WARN  impl.MetricRegistriesImpl (MetricRegistriesImpl.java:lambda$create$1(61)) - First MetricRegistry has been created without registering reporters. You may need to call MetricRegistries.global().addReportRegistration(...) before.
2019-11-17 11:14:14,101 [pool-569-thread-1] INFO  impl.RaftServerImpl (RaftServerImpl.java:start(184)) - d0563571-d5f5-405e-9b61-87c552fd142f@group-7C743DBBE77B: start as a follower, conf=-1: [d0563571-d5f5-405e-9b61-87c552fd142f:192.168.34.35:36223], old=null
2019-11-17 11:14:14,101 [pool-569-thread-1] INFO  impl.RaftServerImpl (RaftServerImpl.java:setRole(173)) - d0563571-d5f5-405e-9b61-87c552fd142f@group-7C743DBBE77B: changes role from      null to FOLLOWER at term 0 for startAsFollower
2019-11-17 11:14:14,101 [pool-569-thread-1] INFO  impl.RoleInfo (RoleInfo.java:updateAndGet(143)) - d0563571-d5f5-405e-9b61-87c552fd142f: start FollowerState
2019-11-17 11:14:14,101 [pool-569-thread-1] INFO  util.JmxRegister (JmxRegister.java:tryRegister(44)) - Successfully registered JMX Bean with object name Ratis:service=RaftServer,group=group-7C743DBBE77B,id=d0563571-d5f5-405e-9b61-87c552fd142f
2019-11-17 11:14:14,101 [pool-569-thread-1] WARN  impl.MetricRegistriesImpl (MetricRegistriesImpl.java:lambda$create$1(61)) - First MetricRegistry has been created without registering reporters. You may need to call MetricRegistries.global().addReportRegistration(...) before.
2019-11-17 11:14:14,104 [RatisPipelineUtilsThread] INFO  pipeline.PipelineStateManager (PipelineStateManager.java:addPipeline(55)) - Created pipeline Pipeline[ Id: 5e31a5a1-2528-4833-b9dc-7c743dbbe77b, Nodes: d0563571-d5f5-405e-9b61-87c552fd142f{ip: 192.168.34.35, host: pr-hdds-2291-5997d-4279494527, networkLocation: /rack1, certSerialId: null}, Type:RATIS, Factor:ONE, State:ALLOCATED]
2019-11-17 11:14:14,104 [Thread-3714] INFO  pipeline.PipelineStateManager (PipelineStateManager.java:finalizePipeline(121)) - Pipeline Pipeline[ Id: 95f3d5e9-a24f-4e3d-b5cb-c98e57411139, Nodes: f9de5302-5741-429b-9e37-55cacebd1d46{ip: 192.168.34.35, host: pr-hdds-2291-5997d-4279494527, networkLocation: /rack1, certSerialId: null}, Type:RATIS, Factor:ONE, State:CLOSED] moved to CLOSED state
2019-11-17 11:14:14,107 [grpc-default-executor-9] INFO  impl.RaftServerProxy (RaftServerProxy.java:remove(95)) - f9de5302-5741-429b-9e37-55cacebd1d46: remove    LEADER f9de5302-5741-429b-9e37-55cacebd1d46@group-C98E57411139:t1, leader=f9de5302-5741-429b-9e37-55cacebd1d46, voted=f9de5302-5741-429b-9e37-55cacebd1d46, raftlog=f9de5302-5741-429b-9e37-55cacebd1d46@group-C98E57411139-SegmentedRaftLog:OPENED:c0,f0,i0, conf=0: [f9de5302-5741-429b-9e37-55cacebd1d46:192.168.34.35:34600], old=null RUNNING
2019-11-17 11:14:14,107 [grpc-default-executor-9] INFO  impl.RaftServerImpl (RaftServerImpl.java:lambda$shutdown$3(250)) - f9de5302-5741-429b-9e37-55cacebd1d46@group-C98E57411139: shutdown
2019-11-17 11:14:14,107 [grpc-default-executor-9] INFO  util.JmxRegister (JmxRegister.java:unregister(73)) - Successfully un-registered JMX Bean with object name Ratis:service=RaftServer,group=group-C98E57411139,id=f9de5302-5741-429b-9e37-55cacebd1d46
2019-11-17 11:14:14,107 [grpc-default-executor-9] INFO  impl.RoleInfo (RoleInfo.java:shutdownLeaderState(104)) - f9de5302-5741-429b-9e37-55cacebd1d46: shutdown LeaderState
2019-11-17 11:14:14,108 [grpc-default-executor-9] INFO  impl.PendingRequests (PendingRequests.java:sendNotLeaderResponses(206)) - f9de5302-5741-429b-9e37-55cacebd1d46@group-C98E57411139-PendingRequests: sendNotLeaderResponses
2019-11-17 11:14:14,108 [grpc-default-executor-9] INFO  impl.StateMachineUpdater (StateMachineUpdater.java:stopAndJoin(136)) - f9de5302-5741-429b-9e37-55cacebd1d46@group-C98E57411139-StateMachineUpdater: set stopIndex = 0
2019-11-17 11:14:14,108 [grpc-default-executor-9] INFO  impl.RaftServerImpl (ServerState.java:close(387)) - f9de5302-5741-429b-9e37-55cacebd1d46@group-C98E57411139: closes. applyIndex: 0
2019-11-17 11:14:14,108 [f9de5302-5741-429b-9e37-55cacebd1d46@group-C98E57411139-SegmentedRaftLogWorker] INFO  segmented.SegmentedRaftLogWorker (SegmentedRaftLogWorker.java:run(316)) - f9de5302-5741-429b-9e37-55cacebd1d46@group-C98E57411139-SegmentedRaftLogWorker was interrupted, exiting. There are 0 tasks remaining in the queue.
2019-11-17 11:14:14,112 [grpc-default-executor-9] INFO  segmented.SegmentedRaftLogWorker (SegmentedRaftLogWorker.java:close(224)) - f9de5302-5741-429b-9e37-55cacebd1d46@group-C98E57411139-SegmentedRaftLogWorker close()
2019-11-17 11:14:14,117 [Thread-3714] INFO  pipeline.PipelineStateManager (PipelineStateManager.java:removePipeline(106)) - Pipeline Pipeline[ Id: 95f3d5e9-a24f-4e3d-b5cb-c98e57411139, Nodes: f9de5302-5741-429b-9e37-55cacebd1d46{ip: 192.168.34.35, host: pr-hdds-2291-5997d-4279494527, networkLocation: /rack1, certSerialId: null}, Type:RATIS, Factor:ONE, State:CLOSED] removed from db
2019-11-17 11:14:14,117 [Thread-3714] INFO  pipeline.SCMPipelineManager (SCMPipelineManager.java:finalizeAndDestroyPipeline(315)) - destroying pipeline:Pipeline[ Id: 7f9217e1-e095-48d2-9ebd-6494a50d8365, Nodes: f9de5302-5741-429b-9e37-55cacebd1d46{ip: 192.168.34.35, host: pr-hdds-2291-5997d-4279494527, networkLocation: /rack1, certSerialId: null}d0563571-d5f5-405e-9b61-87c552fd142f{ip: 192.168.34.35, host: pr-hdds-2291-5997d-4279494527, networkLocation: /rack1, certSerialId: null}357d2873-2248-48d2-9bf7-23aadc7fc5db{ip: 192.168.34.35, host: pr-hdds-2291-5997d-4279494527, networkLocation: /rack1, certSerialId: null}, Type:RATIS, Factor:THREE, State:OPEN]
2019-11-17 11:14:14,120 [grpc-default-executor-9] INFO  impl.RaftServerProxy (RaftServerProxy.java:addNew(89)) - f9de5302-5741-429b-9e37-55cacebd1d46: addNew group-FEAC464CB48C:[f9de5302-5741-429b-9e37-55cacebd1d46:192.168.34.35:34600] returns group-FEAC464CB48C:java.util.concurrent.CompletableFuture@3d200b22[Not completed]
2019-11-17 11:14:14,121 [pool-599-thread-1] INFO  impl.RaftServerImpl (RaftServerImpl.java:<init>(98)) - f9de5302-5741-429b-9e37-55cacebd1d46: new RaftServerImpl for group-FEAC464CB48C:[f9de5302-5741-429b-9e37-55cacebd1d46:192.168.34.35:34600] with ContainerStateMachine:uninitialized
2019-11-17 11:14:14,121 [pool-599-thread-1] INFO  server.RaftServerConfigKeys (ConfUtils.java:logGet(43)) - raft.server.rpc.timeout.min = 1s (custom)
2019-11-17 11:14:14,121 [pool-599-thread-1] INFO  server.RaftServerConfigKeys (ConfUtils.java:logGet(43)) - raft.server.rpc.timeout.max = 1200ms (custom)
2019-11-17 11:14:14,121 [pool-599-thread-1] INFO  server.RaftServerConfigKeys (ConfUtils.java:logGet(43)) - raft.server.rpcslowness.timeout = 120s (custom)
2019-11-17 11:14:14,121 [pool-599-thread-1] INFO  server.RaftServerConfigKeys (ConfUtils.java:logGet(43)) - raft.server.sleep.deviation.threshold = 300 (default)
2019-11-17 11:14:14,121 [pool-599-thread-1] INFO  server.RaftServerConfigKeys (ConfUtils.java:logGet(43)) - raft.server.log.appender.install.snapshot.enabled = false (custom)
2019-11-17 11:14:14,121 [pool-599-thread-1] INFO  impl.RaftServerImpl (ServerState.java:<init>(103)) - f9de5302-5741-429b-9e37-55cacebd1d46@group-FEAC464CB48C: ConfigurationManager, init=-1: [f9de5302-5741-429b-9e37-55cacebd1d46:192.168.34.35:34600], old=null, confs=<EMPTY_MAP>
2019-11-17 11:14:14,121 [pool-599-thread-1] INFO  server.RaftServerConfigKeys (ConfUtils.java:logGet(43)) - raft.server.storage.dir = [/workdir/hadoop-ozone/integration-test/target/test-dir/MiniOzoneClusterImpl-d61a8e55-6b1b-4302-a8ca-331e331e4b67/datanode-9/data/ratis] (custom)
2019-11-17 11:14:14,122 [pool-599-thread-1] INFO  server.RaftServerConfigKeys (ConfUtils.java:logGet(43)) - raft.server.log.corruption.policy = EXCEPTION (default)
2019-11-17 11:14:14,122 [pool-599-thread-1] INFO  storage.RaftStorageDirectory (RaftStorageDirectory.java:analyzeStorage(246)) - The storage directory /workdir/hadoop-ozone/integration-test/target/test-dir/MiniOzoneClusterImpl-d61a8e55-6b1b-4302-a8ca-331e331e4b67/datanode-9/data/ratis/df49048a-bf0d-47b5-abe1-feac464cb48c does not exist. Creating ...
2019-11-17 11:14:14,135 [pool-599-thread-1] INFO  storage.RaftStorageDirectory (RaftStorageDirectory.java:tryLock(328)) - Lock on /workdir/hadoop-ozone/integration-test/target/test-dir/MiniOzoneClusterImpl-d61a8e55-6b1b-4302-a8ca-331e331e4b67/datanode-9/data/ratis/df49048a-bf0d-47b5-abe1-feac464cb48c/in_use.lock acquired by nodename 20606@pr-hdds-2291-5997d-4279494527
2019-11-17 11:14:14,147 [pool-599-thread-1] INFO  storage.RaftStorage (RaftStorage.java:format(84)) - Storage directory /workdir/hadoop-ozone/integration-test/target/test-dir/MiniOzoneClusterImpl-d61a8e55-6b1b-4302-a8ca-331e331e4b67/datanode-9/data/ratis/df49048a-bf0d-47b5-abe1-feac464cb48c has been successfully formatted.
2019-11-17 11:14:14,147 [pool-599-thread-1] INFO  ratis.ContainerStateMachine (ContainerStateMachine.java:loadSnapshot(223)) - group-FEAC464CB48C: The snapshot info is null. Setting the last applied indexto:(t:0, i:~)
2019-11-17 11:14:14,147 [pool-599-thread-1] INFO  server.RaftServerConfigKeys (ConfUtils.java:logGet(43)) - raft.server.notification.no-leader.timeout = 120s (custom)
2019-11-17 11:14:14,147 [pool-599-thread-1] INFO  server.RaftServerConfigKeys (ConfUtils.java:logGet(43)) - raft.server.log.use.memory = false (default)
2019-11-17 11:14:14,147 [pool-599-thread-1] INFO  server.RaftServerConfigKeys (ConfUtils.java:logGet(43)) - raft.server.log.purge.gap = 1000000 (custom)
2019-11-17 11:14:14,147 [pool-599-thread-1] INFO  server.RaftServerConfigKeys (ConfUtils.java:logGet(43)) - raft.server.log.appender.buffer.byte-limit = 33554432 (custom)
2019-11-17 11:14:14,148 [pool-599-thread-1] INFO  server.RaftServerConfigKeys (ConfUtils.java:logGet(43)) - raft.server.log.segment.size.max = 1048576 (custom)
2019-11-17 11:14:14,148 [pool-599-thread-1] INFO  server.RaftServerConfigKeys (ConfUtils.java:logGet(43)) - raft.server.log.segment.cache.num.max = 2 (custom)
2019-11-17 11:14:14,148 [pool-599-thread-1] INFO  segmented.SegmentedRaftLogWorker (SegmentedRaftLogWorker.java:<init>(173)) - new f9de5302-5741-429b-9e37-55cacebd1d46@group-FEAC464CB48C-SegmentedRaftLogWorker for RaftStorage:Storage Directory /workdir/hadoop-ozone/integration-test/target/test-dir/MiniOzoneClusterImpl-d61a8e55-6b1b-4302-a8ca-331e331e4b67/datanode-9/data/ratis/df49048a-bf0d-47b5-abe1-feac464cb48c
2019-11-17 11:14:14,148 [pool-599-thread-1] INFO  server.RaftServerConfigKeys (ConfUtils.java:logGet(43)) - raft.server.log.queue.byte-limit = 2147483647 (custom)
2019-11-17 11:14:14,148 [pool-599-thread-1] INFO  server.RaftServerConfigKeys (ConfUtils.java:logGet(43)) - raft.server.log.queue.element-limit = 1024 (custom)
2019-11-17 11:14:14,148 [pool-599-thread-1] INFO  server.RaftServerConfigKeys (ConfUtils.java:logGet(43)) - raft.server.log.segment.size.max = 1048576 (custom)
2019-11-17 11:14:14,148 [pool-599-thread-1] INFO  server.RaftServerConfigKeys (ConfUtils.java:logGet(43)) - raft.server.log.preallocated.size = 16384 (custom)
2019-11-17 11:14:14,148 [pool-599-thread-1] INFO  server.RaftServerConfigKeys (ConfUtils.java:logGet(43)) - raft.server.log.write.buffer.size = 33554432 (custom)
2019-11-17 11:14:14,148 [pool-599-thread-1] INFO  server.RaftServerConfigKeys (ConfUtils.java:logGet(43)) - raft.server.log.force.sync.num = 128 (default)
2019-11-17 11:14:14,148 [pool-599-thread-1] INFO  server.RaftServerConfigKeys (ConfUtils.java:logGet(43)) - raft.server.log.statemachine.data.sync = true (default)
2019-11-17 11:14:14,148 [pool-599-thread-1] INFO  server.RaftServerConfigKeys (ConfUtils.java:logGet(43)) - raft.server.log.statemachine.data.sync.timeout = 10s (default)
2019-11-17 11:14:14,148 [pool-599-thread-1] INFO  server.RaftServerConfigKeys (ConfUtils.java:logGet(43)) - raft.server.log.statemachine.data.sync.timeout.retry = -1 (default)
2019-11-17 11:14:14,149 [pool-599-thread-1] INFO  server.RaftServerConfigKeys (ConfUtils.java:logGet(43)) - raft.server.log.statemachine.data.caching.enabled = true (custom)
2019-11-17 11:14:14,149 [pool-599-thread-1] INFO  segmented.SegmentedRaftLogWorker (SegmentedRaftLogWorker.java:lambda$new$0(128)) - f9de5302-5741-429b-9e37-55cacebd1d46@group-FEAC464CB48C-SegmentedRaftLogWorker: flushIndex: setUnconditionally 0 -> -1
2019-11-17 11:14:14,149 [pool-599-thread-1] INFO  server.RaftServerConfigKeys (ConfUtils.java:logGet(43)) - raft.server.snapshot.auto.trigger.enabled = true (custom)
2019-11-17 11:14:14,149 [pool-599-thread-1] INFO  server.RaftServerConfigKeys (ConfUtils.java:logGet(43)) - raft.server.snapshot.auto.trigger.threshold = 10000 (custom)
2019-11-17 11:14:14,149 [pool-599-thread-1] INFO  server.RaftServerConfigKeys (ConfUtils.java:logGet(43)) - raft.server.snapshot.retention.file.num = 5 (custom)
2019-11-17 11:14:14,149 [pool-599-thread-1] INFO  server.RaftServerConfigKeys (ConfUtils.java:logGet(43)) - raft.server.retrycache.expirytime = 600000ms (custom)
2019-11-17 11:14:14,149 [pool-599-thread-1] WARN  impl.MetricRegistriesImpl (MetricRegistriesImpl.java:lambda$create$1(61)) - First MetricRegistry has been created without registering reporters. You may need to call MetricRegistries.global().addReportRegistration(...) before.
2019-11-17 11:14:14,150 [pool-599-thread-1] WARN  impl.MetricRegistriesImpl (MetricRegistriesImpl.java:lambda$create$1(61)) - First MetricRegistry has been created without registering reporters. You may need to call MetricRegistries.global().addReportRegistration(...) before.
2019-11-17 11:14:14,150 [pool-599-thread-1] INFO  impl.RaftServerImpl (RaftServerImpl.java:start(184)) - f9de5302-5741-429b-9e37-55cacebd1d46@group-FEAC464CB48C: start as a follower, conf=-1: [f9de5302-5741-429b-9e37-55cacebd1d46:192.168.34.35:34600], old=null
2019-11-17 11:14:14,150 [pool-599-thread-1] INFO  impl.RaftServerImpl (RaftServerImpl.java:setRole(173)) - f9de5302-5741-429b-9e37-55cacebd1d46@group-FEAC464CB48C: changes role from      null to FOLLOWER at term 0 for startAsFollower
2019-11-17 11:14:14,150 [pool-599-thread-1] INFO  impl.RoleInfo (RoleInfo.java:updateAndGet(143)) - f9de5302-5741-429b-9e37-55cacebd1d46: start FollowerState
2019-11-17 11:14:14,150 [pool-599-thread-1] INFO  util.JmxRegister (JmxRegister.java:tryRegister(44)) - Successfully registered JMX Bean with object name Ratis:service=RaftServer,group=group-FEAC464CB48C,id=f9de5302-5741-429b-9e37-55cacebd1d46
2019-11-17 11:14:14,150 [pool-599-thread-1] WARN  impl.MetricRegistriesImpl (MetricRegistriesImpl.java:lambda$create$1(61)) - First MetricRegistry has been created without registering reporters. You may need to call MetricRegistries.global().addReportRegistration(...) before.
2019-11-17 11:14:14,152 [RatisPipelineUtilsThread] INFO  pipeline.PipelineStateManager (PipelineStateManager.java:addPipeline(55)) - Created pipeline Pipeline[ Id: df49048a-bf0d-47b5-abe1-feac464cb48c, Nodes: f9de5302-5741-429b-9e37-55cacebd1d46{ip: 192.168.34.35, host: pr-hdds-2291-5997d-4279494527, networkLocation: /rack1, certSerialId: null}, Type:RATIS, Factor:ONE, State:ALLOCATED]
2019-11-17 11:14:14,153 [Thread-3714] INFO  pipeline.PipelineStateManager (PipelineStateManager.java:finalizePipeline(121)) - Pipeline Pipeline[ Id: 7f9217e1-e095-48d2-9ebd-6494a50d8365, Nodes: f9de5302-5741-429b-9e37-55cacebd1d46{ip: 192.168.34.35, host: pr-hdds-2291-5997d-4279494527, networkLocation: /rack1, certSerialId: null}d0563571-d5f5-405e-9b61-87c552fd142f{ip: 192.168.34.35, host: pr-hdds-2291-5997d-4279494527, networkLocation: /rack1, certSerialId: null}357d2873-2248-48d2-9bf7-23aadc7fc5db{ip: 192.168.34.35, host: pr-hdds-2291-5997d-4279494527, networkLocation: /rack1, certSerialId: null}, Type:RATIS, Factor:THREE, State:CLOSED] moved to CLOSED state
2019-11-17 11:14:14,156 [grpc-default-executor-9] INFO  impl.RaftServerProxy (RaftServerProxy.java:remove(95)) - f9de5302-5741-429b-9e37-55cacebd1d46: remove  FOLLOWER f9de5302-5741-429b-9e37-55cacebd1d46@group-6494A50D8365:t1, leader=357d2873-2248-48d2-9bf7-23aadc7fc5db, voted=357d2873-2248-48d2-9bf7-23aadc7fc5db, raftlog=f9de5302-5741-429b-9e37-55cacebd1d46@group-6494A50D8365-SegmentedRaftLog:OPENED:c0,f0,i0, conf=0: [f9de5302-5741-429b-9e37-55cacebd1d46:192.168.34.35:34600, 357d2873-2248-48d2-9bf7-23aadc7fc5db:192.168.34.35:44629, d0563571-d5f5-405e-9b61-87c552fd142f:192.168.34.35:36223], old=null RUNNING
2019-11-17 11:14:14,156 [grpc-default-executor-9] INFO  impl.RaftServerImpl (RaftServerImpl.java:lambda$shutdown$3(250)) - f9de5302-5741-429b-9e37-55cacebd1d46@group-6494A50D8365: shutdown
2019-11-17 11:14:14,156 [grpc-default-executor-9] INFO  util.JmxRegister (JmxRegister.java:unregister(73)) - Successfully un-registered JMX Bean with object name Ratis:service=RaftServer,group=group-6494A50D8365,id=f9de5302-5741-429b-9e37-55cacebd1d46
2019-11-17 11:14:14,156 [grpc-default-executor-9] INFO  impl.RoleInfo (RoleInfo.java:shutdownFollowerState(121)) - f9de5302-5741-429b-9e37-55cacebd1d46: shutdown FollowerState
2019-11-17 11:14:14,156 [grpc-default-executor-9] INFO  impl.StateMachineUpdater (StateMachineUpdater.java:stopAndJoin(136)) - f9de5302-5741-429b-9e37-55cacebd1d46@group-6494A50D8365-StateMachineUpdater: set stopIndex = 0
2019-11-17 11:14:14,156 [Thread-3820] INFO  impl.FollowerState (FollowerState.java:run(120)) - f9de5302-5741-429b-9e37-55cacebd1d46@group-6494A50D8365-FollowerState was interrupted: java.lang.InterruptedException: sleep interrupted
2019-11-17 11:14:14,156 [grpc-default-executor-9] INFO  impl.RaftServerImpl (ServerState.java:close(387)) - f9de5302-5741-429b-9e37-55cacebd1d46@group-6494A50D8365: closes. applyIndex: 0
2019-11-17 11:14:14,157 [f9de5302-5741-429b-9e37-55cacebd1d46@group-6494A50D8365-SegmentedRaftLogWorker] INFO  segmented.SegmentedRaftLogWorker (SegmentedRaftLogWorker.java:run(316)) - f9de5302-5741-429b-9e37-55cacebd1d46@group-6494A50D8365-SegmentedRaftLogWorker was interrupted, exiting. There are 0 tasks remaining in the queue.
2019-11-17 11:14:14,160 [grpc-default-executor-9] INFO  segmented.SegmentedRaftLogWorker (SegmentedRaftLogWorker.java:close(224)) - f9de5302-5741-429b-9e37-55cacebd1d46@group-6494A50D8365-SegmentedRaftLogWorker close()
2019-11-17 11:14:14,168 [grpc-default-executor-9] INFO  impl.RaftServerProxy (RaftServerProxy.java:remove(95)) - d0563571-d5f5-405e-9b61-87c552fd142f: remove  FOLLOWER d0563571-d5f5-405e-9b61-87c552fd142f@group-6494A50D8365:t1, leader=357d2873-2248-48d2-9bf7-23aadc7fc5db, voted=357d2873-2248-48d2-9bf7-23aadc7fc5db, raftlog=d0563571-d5f5-405e-9b61-87c552fd142f@group-6494A50D8365-SegmentedRaftLog:OPENED:c0,f0,i0, conf=0: [f9de5302-5741-429b-9e37-55cacebd1d46:192.168.34.35:34600, 357d2873-2248-48d2-9bf7-23aadc7fc5db:192.168.34.35:44629, d0563571-d5f5-405e-9b61-87c552fd142f:192.168.34.35:36223], old=null RUNNING
2019-11-17 11:14:14,168 [grpc-default-executor-9] INFO  impl.RaftServerImpl (RaftServerImpl.java:lambda$shutdown$3(250)) - d0563571-d5f5-405e-9b61-87c552fd142f@group-6494A50D8365: shutdown
2019-11-17 11:14:14,169 [grpc-default-executor-9] INFO  util.JmxRegister (JmxRegister.java:unregister(73)) - Successfully un-registered JMX Bean with object name Ratis:service=RaftServer,group=group-6494A50D8365,id=d0563571-d5f5-405e-9b61-87c552fd142f
2019-11-17 11:14:14,169 [grpc-default-executor-9] INFO  impl.RoleInfo (RoleInfo.java:shutdownFollowerState(121)) - d0563571-d5f5-405e-9b61-87c552fd142f: shutdown FollowerState
2019-11-17 11:14:14,169 [grpc-default-executor-9] INFO  impl.StateMachineUpdater (StateMachineUpdater.java:stopAndJoin(136)) - d0563571-d5f5-405e-9b61-87c552fd142f@group-6494A50D8365-StateMachineUpdater: set stopIndex = 0
2019-11-17 11:14:14,169 [Thread-3821] INFO  impl.FollowerState (FollowerState.java:run(120)) - d0563571-d5f5-405e-9b61-87c552fd142f@group-6494A50D8365-FollowerState was interrupted: java.lang.InterruptedException: sleep interrupted
2019-11-17 11:14:14,169 [grpc-default-executor-9] INFO  impl.RaftServerImpl (ServerState.java:close(387)) - d0563571-d5f5-405e-9b61-87c552fd142f@group-6494A50D8365: closes. applyIndex: 0
2019-11-17 11:14:14,169 [d0563571-d5f5-405e-9b61-87c552fd142f@group-6494A50D8365-SegmentedRaftLogWorker] INFO  segmented.SegmentedRaftLogWorker (SegmentedRaftLogWorker.java:run(316)) - d0563571-d5f5-405e-9b61-87c552fd142f@group-6494A50D8365-SegmentedRaftLogWorker was interrupted, exiting. There are 0 tasks remaining in the queue.
2019-11-17 11:14:14,171 [grpc-default-executor-9] INFO  segmented.SegmentedRaftLogWorker (SegmentedRaftLogWorker.java:close(224)) - d0563571-d5f5-405e-9b61-87c552fd142f@group-6494A50D8365-SegmentedRaftLogWorker close()
2019-11-17 11:14:14,178 [grpc-default-executor-9] INFO  impl.RaftServerProxy (RaftServerProxy.java:remove(95)) - 357d2873-2248-48d2-9bf7-23aadc7fc5db: remove    LEADER 357d2873-2248-48d2-9bf7-23aadc7fc5db@group-6494A50D8365:t1, leader=357d2873-2248-48d2-9bf7-23aadc7fc5db, voted=357d2873-2248-48d2-9bf7-23aadc7fc5db, raftlog=357d2873-2248-48d2-9bf7-23aadc7fc5db@group-6494A50D8365-SegmentedRaftLog:OPENED:c0,f0,i0, conf=0: [f9de5302-5741-429b-9e37-55cacebd1d46:192.168.34.35:34600, 357d2873-2248-48d2-9bf7-23aadc7fc5db:192.168.34.35:44629, d0563571-d5f5-405e-9b61-87c552fd142f:192.168.34.35:36223], old=null RUNNING
2019-11-17 11:14:14,179 [grpc-default-executor-9] INFO  impl.RaftServerImpl (RaftServerImpl.java:lambda$shutdown$3(250)) - 357d2873-2248-48d2-9bf7-23aadc7fc5db@group-6494A50D8365: shutdown
2019-11-17 11:14:14,179 [grpc-default-executor-9] INFO  util.JmxRegister (JmxRegister.java:unregister(73)) - Successfully un-registered JMX Bean with object name Ratis:service=RaftServer,group=group-6494A50D8365,id=357d2873-2248-48d2-9bf7-23aadc7fc5db
2019-11-17 11:14:14,179 [grpc-default-executor-9] INFO  impl.RoleInfo (RoleInfo.java:shutdownLeaderState(104)) - 357d2873-2248-48d2-9bf7-23aadc7fc5db: shutdown LeaderState
2019-11-17 11:14:14,183 [grpc-default-executor-9] INFO  impl.PendingRequests (PendingRequests.java:sendNotLeaderResponses(206)) - 357d2873-2248-48d2-9bf7-23aadc7fc5db@group-6494A50D8365-PendingRequests: sendNotLeaderResponses
2019-11-17 11:14:14,183 [org.apache.ratis.server.impl.LogAppender$AppenderDaemon$$Lambda$481/932503110@668e3a48] WARN  server.GrpcLogAppender (GrpcLogAppender.java:mayWait(151)) - 357d2873-2248-48d2-9bf7-23aadc7fc5db@group-6494A50D8365->f9de5302-5741-429b-9e37-55cacebd1d46-GrpcLogAppender: Wait interrupted by java.lang.InterruptedException
2019-11-17 11:14:14,183 [grpc-default-executor-9] INFO  impl.StateMachineUpdater (StateMachineUpdater.java:stopAndJoin(136)) - 357d2873-2248-48d2-9bf7-23aadc7fc5db@group-6494A50D8365-StateMachineUpdater: set stopIndex = 0
2019-11-17 11:14:14,183 [grpc-default-executor-9] INFO  impl.RaftServerImpl (ServerState.java:close(387)) - 357d2873-2248-48d2-9bf7-23aadc7fc5db@group-6494A50D8365: closes. applyIndex: 0
2019-11-17 11:14:14,183 [org.apache.ratis.server.impl.LogAppender$AppenderDaemon$$Lambda$481/932503110@238cb8fd] WARN  server.GrpcLogAppender (GrpcLogAppender.java:mayWait(151)) - 357d2873-2248-48d2-9bf7-23aadc7fc5db@group-6494A50D8365->d0563571-d5f5-405e-9b61-87c552fd142f-GrpcLogAppender: Wait interrupted by java.lang.InterruptedException
2019-11-17 11:14:14,184 [357d2873-2248-48d2-9bf7-23aadc7fc5db@group-6494A50D8365-SegmentedRaftLogWorker] INFO  segmented.SegmentedRaftLogWorker (SegmentedRaftLogWorker.java:run(316)) - 357d2873-2248-48d2-9bf7-23aadc7fc5db@group-6494A50D8365-SegmentedRaftLogWorker was interrupted, exiting. There are 0 tasks remaining in the queue.
2019-11-17 11:14:14,183 [grpc-default-executor-5] INFO  server.GrpcServerProtocolService (GrpcServerProtocolService.java:onCompleted(113)) - f9de5302-5741-429b-9e37-55cacebd1d46: Completed APPEND_ENTRIES, lastRequest: 357d2873-2248-48d2-9bf7-23aadc7fc5db->f9de5302-5741-429b-9e37-55cacebd1d46#4-t1, previous=(t:1, i:0), leaderCommit=0, initializing? false, entries: <empty>
2019-11-17 11:14:14,186 [grpc-default-executor-8] INFO  server.GrpcServerProtocolService (GrpcServerProtocolService.java:onCompleted(113)) - d0563571-d5f5-405e-9b61-87c552fd142f: Completed APPEND_ENTRIES, lastRequest: 357d2873-2248-48d2-9bf7-23aadc7fc5db->d0563571-d5f5-405e-9b61-87c552fd142f#4-t1, previous=(t:1, i:0), leaderCommit=0, initializing? false, entries: <empty>
2019-11-17 11:14:14,186 [grpc-default-executor-9] INFO  segmented.SegmentedRaftLogWorker (SegmentedRaftLogWorker.java:close(224)) - 357d2873-2248-48d2-9bf7-23aadc7fc5db@group-6494A50D8365-SegmentedRaftLogWorker close()
2019-11-17 11:14:14,196 [grpc-default-executor-5] INFO  server.GrpcLogAppender (GrpcLogAppender.java:onCompleted(308)) - 357d2873-2248-48d2-9bf7-23aadc7fc5db@group-6494A50D8365->d0563571-d5f5-405e-9b61-87c552fd142f-AppendLogResponseHandler: follower responses appendEntries COMPLETED
2019-11-17 11:14:14,196 [grpc-default-executor-8] INFO  server.GrpcLogAppender (GrpcLogAppender.java:onCompleted(308)) - 357d2873-2248-48d2-9bf7-23aadc7fc5db@group-6494A50D8365->f9de5302-5741-429b-9e37-55cacebd1d46-AppendLogResponseHandler: follower responses appendEntries COMPLETED
2019-11-17 11:14:14,197 [grpc-default-executor-5] INFO  impl.FollowerInfo (FollowerInfo.java:lambda$new$0(51)) - 357d2873-2248-48d2-9bf7-23aadc7fc5db@group-6494A50D8365->d0563571-d5f5-405e-9b61-87c552fd142f: nextIndex: updateUnconditionally 1 -> 0
2019-11-17 11:14:14,197 [grpc-default-executor-8] INFO  impl.FollowerInfo (FollowerInfo.java:lambda$new$0(51)) - 357d2873-2248-48d2-9bf7-23aadc7fc5db@group-6494A50D8365->f9de5302-5741-429b-9e37-55cacebd1d46: nextIndex: updateUnconditionally 1 -> 0
2019-11-17 11:14:14,197 [Thread-3714] INFO  pipeline.PipelineStateManager (PipelineStateManager.java:removePipeline(106)) - Pipeline Pipeline[ Id: 7f9217e1-e095-48d2-9ebd-6494a50d8365, Nodes: f9de5302-5741-429b-9e37-55cacebd1d46{ip: 192.168.34.35, host: pr-hdds-2291-5997d-4279494527, networkLocation: /rack1, certSerialId: null}d0563571-d5f5-405e-9b61-87c552fd142f{ip: 192.168.34.35, host: pr-hdds-2291-5997d-4279494527, networkLocation: /rack1, certSerialId: null}357d2873-2248-48d2-9bf7-23aadc7fc5db{ip: 192.168.34.35, host: pr-hdds-2291-5997d-4279494527, networkLocation: /rack1, certSerialId: null}, Type:RATIS, Factor:THREE, State:CLOSED] removed from db
2019-11-17 11:14:14,198 [Thread-3714] INFO  pipeline.SCMPipelineManager (SCMPipelineManager.java:finalizeAndDestroyPipeline(315)) - destroying pipeline:Pipeline[ Id: 45869c53-998e-4d18-b807-e0a06911bce3, Nodes: 3d268c2e-02d6-42d5-8f0a-acb046ab2083{ip: 192.168.34.35, host: pr-hdds-2291-5997d-4279494527, networkLocation: /rack1, certSerialId: null}, Type:RATIS, Factor:ONE, State:OPEN]
2019-11-17 11:14:14,205 [grpc-default-executor-9] INFO  impl.RaftServerProxy (RaftServerProxy.java:addNew(89)) - d0563571-d5f5-405e-9b61-87c552fd142f: addNew group-33B9927584DA:[f9de5302-5741-429b-9e37-55cacebd1d46:192.168.34.35:34600, 357d2873-2248-48d2-9bf7-23aadc7fc5db:192.168.34.35:44629, d0563571-d5f5-405e-9b61-87c552fd142f:192.168.34.35:36223] returns group-33B9927584DA:java.util.concurrent.CompletableFuture@5d1318e4[Not completed]
2019-11-17 11:14:14,205 [grpc-default-executor-8] INFO  impl.RaftServerProxy (RaftServerProxy.java:addNew(89)) - f9de5302-5741-429b-9e37-55cacebd1d46: addNew group-33B9927584DA:[f9de5302-5741-429b-9e37-55cacebd1d46:192.168.34.35:34600, 357d2873-2248-48d2-9bf7-23aadc7fc5db:192.168.34.35:44629, d0563571-d5f5-405e-9b61-87c552fd142f:192.168.34.35:36223] returns group-33B9927584DA:java.util.concurrent.CompletableFuture@314e175[Not completed]
2019-11-17 11:14:14,205 [grpc-default-executor-5] INFO  impl.RaftServerProxy (RaftServerProxy.java:addNew(89)) - 357d2873-2248-48d2-9bf7-23aadc7fc5db: addNew group-33B9927584DA:[f9de5302-5741-429b-9e37-55cacebd1d46:192.168.34.35:34600, 357d2873-2248-48d2-9bf7-23aadc7fc5db:192.168.34.35:44629, d0563571-d5f5-405e-9b61-87c552fd142f:192.168.34.35:36223] returns group-33B9927584DA:java.util.concurrent.CompletableFuture@24e9d1e8[Not completed]
2019-11-17 11:14:14,206 [pool-569-thread-1] INFO  impl.RaftServerImpl (RaftServerImpl.java:<init>(98)) - d0563571-d5f5-405e-9b61-87c552fd142f: new RaftServerImpl for group-33B9927584DA:[f9de5302-5741-429b-9e37-55cacebd1d46:192.168.34.35:34600, 357d2873-2248-48d2-9bf7-23aadc7fc5db:192.168.34.35:44629, d0563571-d5f5-405e-9b61-87c552fd142f:192.168.34.35:36223] with ContainerStateMachine:uninitialized
2019-11-17 11:14:14,206 [pool-569-thread-1] INFO  server.RaftServerConfigKeys (ConfUtils.java:logGet(43)) - raft.server.rpc.timeout.min = 1s (custom)
2019-11-17 11:14:14,206 [pool-569-thread-1] INFO  server.RaftServerConfigKeys (ConfUtils.java:logGet(43)) - raft.server.rpc.timeout.max = 1200ms (custom)
2019-11-17 11:14:14,206 [pool-569-thread-1] INFO  server.RaftServerConfigKeys (ConfUtils.java:logGet(43)) - raft.server.rpcslowness.timeout = 120s (custom)
2019-11-17 11:14:14,207 [pool-569-thread-1] INFO  server.RaftServerConfigKeys (ConfUtils.java:logGet(43)) - raft.server.sleep.deviation.threshold = 300 (default)
2019-11-17 11:14:14,207 [pool-569-thread-1] INFO  server.RaftServerConfigKeys (ConfUtils.java:logGet(43)) - raft.server.log.appender.install.snapshot.enabled = false (custom)
2019-11-17 11:14:14,207 [pool-569-thread-1] INFO  impl.RaftServerImpl (ServerState.java:<init>(103)) - d0563571-d5f5-405e-9b61-87c552fd142f@group-33B9927584DA: ConfigurationManager, init=-1: [f9de5302-5741-429b-9e37-55cacebd1d46:192.168.34.35:34600, 357d2873-2248-48d2-9bf7-23aadc7fc5db:192.168.34.35:44629, d0563571-d5f5-405e-9b61-87c552fd142f:192.168.34.35:36223], old=null, confs=<EMPTY_MAP>
2019-11-17 11:14:14,207 [pool-569-thread-1] INFO  server.RaftServerConfigKeys (ConfUtils.java:logGet(43)) - raft.server.storage.dir = [/workdir/hadoop-ozone/integration-test/target/test-dir/MiniOzoneClusterImpl-d61a8e55-6b1b-4302-a8ca-331e331e4b67/datanode-6/data/ratis] (custom)
2019-11-17 11:14:14,207 [pool-569-thread-1] INFO  server.RaftServerConfigKeys (ConfUtils.java:logGet(43)) - raft.server.log.corruption.policy = EXCEPTION (default)
2019-11-17 11:14:14,207 [pool-569-thread-1] INFO  storage.RaftStorageDirectory (RaftStorageDirectory.java:analyzeStorage(246)) - The storage directory /workdir/hadoop-ozone/integration-test/target/test-dir/MiniOzoneClusterImpl-d61a8e55-6b1b-4302-a8ca-331e331e4b67/datanode-6/data/ratis/2d55456d-fc24-4363-b3b0-33b9927584da does not exist. Creating ...
2019-11-17 11:14:14,207 [pool-579-thread-1] INFO  impl.RaftServerImpl (RaftServerImpl.java:<init>(98)) - 357d2873-2248-48d2-9bf7-23aadc7fc5db: new RaftServerImpl for group-33B9927584DA:[f9de5302-5741-429b-9e37-55cacebd1d46:192.168.34.35:34600, 357d2873-2248-48d2-9bf7-23aadc7fc5db:192.168.34.35:44629, d0563571-d5f5-405e-9b61-87c552fd142f:192.168.34.35:36223] with ContainerStateMachine:uninitialized
2019-11-17 11:14:14,207 [pool-579-thread-1] INFO  server.RaftServerConfigKeys (ConfUtils.java:logGet(43)) - raft.server.rpc.timeout.min = 1s (custom)
2019-11-17 11:14:14,208 [pool-579-thread-1] INFO  server.RaftServerConfigKeys (ConfUtils.java:logGet(43)) - raft.server.rpc.timeout.max = 1200ms (custom)
2019-11-17 11:14:14,208 [pool-579-thread-1] INFO  server.RaftServerConfigKeys (ConfUtils.java:logGet(43)) - raft.server.rpcslowness.timeout = 120s (custom)
2019-11-17 11:14:14,208 [pool-579-thread-1] INFO  server.RaftServerConfigKeys (ConfUtils.java:logGet(43)) - raft.server.sleep.deviation.threshold = 300 (default)
2019-11-17 11:14:14,208 [pool-599-thread-1] INFO  impl.RaftServerImpl (RaftServerImpl.java:<init>(98)) - f9de5302-5741-429b-9e37-55cacebd1d46: new RaftServerImpl for group-33B9927584DA:[f9de5302-5741-429b-9e37-55cacebd1d46:192.168.34.35:34600, 357d2873-2248-48d2-9bf7-23aadc7fc5db:192.168.34.35:44629, d0563571-d5f5-405e-9b61-87c552fd142f:192.168.34.35:36223] with ContainerStateMachine:uninitialized
2019-11-17 11:14:14,208 [pool-579-thread-1] INFO  server.RaftServerConfigKeys (ConfUtils.java:logGet(43)) - raft.server.log.appender.install.snapshot.enabled = false (custom)
2019-11-17 11:14:14,208 [pool-599-thread-1] INFO  server.RaftServerConfigKeys (ConfUtils.java:logGet(43)) - raft.server.rpc.timeout.min = 1s (custom)
2019-11-17 11:14:14,208 [pool-579-thread-1] INFO  impl.RaftServerImpl (ServerState.java:<init>(103)) - 357d2873-2248-48d2-9bf7-23aadc7fc5db@group-33B9927584DA: ConfigurationManager, init=-1: [f9de5302-5741-429b-9e37-55cacebd1d46:192.168.34.35:34600, 357d2873-2248-48d2-9bf7-23aadc7fc5db:192.168.34.35:44629, d0563571-d5f5-405e-9b61-87c552fd142f:192.168.34.35:36223], old=null, confs=<EMPTY_MAP>
2019-11-17 11:14:14,208 [pool-599-thread-1] INFO  server.RaftServerConfigKeys (ConfUtils.java:logGet(43)) - raft.server.rpc.timeout.max = 1200ms (custom)
2019-11-17 11:14:14,208 [pool-579-thread-1] INFO  server.RaftServerConfigKeys (ConfUtils.java:logGet(43)) - raft.server.storage.dir = [/workdir/hadoop-ozone/integration-test/target/test-dir/MiniOzoneClusterImpl-d61a8e55-6b1b-4302-a8ca-331e331e4b67/datanode-7/data/ratis] (custom)
2019-11-17 11:14:14,208 [pool-599-thread-1] INFO  server.RaftServerConfigKeys (ConfUtils.java:logGet(43)) - raft.server.rpcslowness.timeout = 120s (custom)
2019-11-17 11:14:14,209 [pool-599-thread-1] INFO  server.RaftServerConfigKeys (ConfUtils.java:logGet(43)) - raft.server.sleep.deviation.threshold = 300 (default)
2019-11-17 11:14:14,209 [pool-579-thread-1] INFO  server.RaftServerConfigKeys (ConfUtils.java:logGet(43)) - raft.server.log.corruption.policy = EXCEPTION (default)
2019-11-17 11:14:14,209 [pool-599-thread-1] INFO  server.RaftServerConfigKeys (ConfUtils.java:logGet(43)) - raft.server.log.appender.install.snapshot.enabled = false (custom)
2019-11-17 11:14:14,209 [pool-599-thread-1] INFO  impl.RaftServerImpl (ServerState.java:<init>(103)) - f9de5302-5741-429b-9e37-55cacebd1d46@group-33B9927584DA: ConfigurationManager, init=-1: [f9de5302-5741-429b-9e37-55cacebd1d46:192.168.34.35:34600, 357d2873-2248-48d2-9bf7-23aadc7fc5db:192.168.34.35:44629, d0563571-d5f5-405e-9b61-87c552fd142f:192.168.34.35:36223], old=null, confs=<EMPTY_MAP>
2019-11-17 11:14:14,209 [pool-579-thread-1] INFO  storage.RaftStorageDirectory (RaftStorageDirectory.java:analyzeStorage(246)) - The storage directory /workdir/hadoop-ozone/integration-test/target/test-dir/MiniOzoneClusterImpl-d61a8e55-6b1b-4302-a8ca-331e331e4b67/datanode-7/data/ratis/2d55456d-fc24-4363-b3b0-33b9927584da does not exist. Creating ...
2019-11-17 11:14:14,209 [pool-599-thread-1] INFO  server.RaftServerConfigKeys (ConfUtils.java:logGet(43)) - raft.server.storage.dir = [/workdir/hadoop-ozone/integration-test/target/test-dir/MiniOzoneClusterImpl-d61a8e55-6b1b-4302-a8ca-331e331e4b67/datanode-9/data/ratis] (custom)
2019-11-17 11:14:14,209 [pool-599-thread-1] INFO  server.RaftServerConfigKeys (ConfUtils.java:logGet(43)) - raft.server.log.corruption.policy = EXCEPTION (default)
2019-11-17 11:14:14,209 [pool-599-thread-1] INFO  storage.RaftStorageDirectory (RaftStorageDirectory.java:analyzeStorage(246)) - The storage directory /workdir/hadoop-ozone/integration-test/target/test-dir/MiniOzoneClusterImpl-d61a8e55-6b1b-4302-a8ca-331e331e4b67/datanode-9/data/ratis/2d55456d-fc24-4363-b3b0-33b9927584da does not exist. Creating ...
2019-11-17 11:14:14,220 [pool-579-thread-1] INFO  storage.RaftStorageDirectory (RaftStorageDirectory.java:tryLock(328)) - Lock on /workdir/hadoop-ozone/integration-test/target/test-dir/MiniOzoneClusterImpl-d61a8e55-6b1b-4302-a8ca-331e331e4b67/datanode-7/data/ratis/2d55456d-fc24-4363-b3b0-33b9927584da/in_use.lock acquired by nodename 20606@pr-hdds-2291-5997d-4279494527
2019-11-17 11:14:14,220 [pool-569-thread-1] INFO  storage.RaftStorageDirectory (RaftStorageDirectory.java:tryLock(328)) - Lock on /workdir/hadoop-ozone/integration-test/target/test-dir/MiniOzoneClusterImpl-d61a8e55-6b1b-4302-a8ca-331e331e4b67/datanode-6/data/ratis/2d55456d-fc24-4363-b3b0-33b9927584da/in_use.lock acquired by nodename 20606@pr-hdds-2291-5997d-4279494527
2019-11-17 11:14:14,220 [pool-599-thread-1] INFO  storage.RaftStorageDirectory (RaftStorageDirectory.java:tryLock(328)) - Lock on /workdir/hadoop-ozone/integration-test/target/test-dir/MiniOzoneClusterImpl-d61a8e55-6b1b-4302-a8ca-331e331e4b67/datanode-9/data/ratis/2d55456d-fc24-4363-b3b0-33b9927584da/in_use.lock acquired by nodename 20606@pr-hdds-2291-5997d-4279494527
2019-11-17 11:14:14,234 [pool-599-thread-1] INFO  storage.RaftStorage (RaftStorage.java:format(84)) - Storage directory /workdir/hadoop-ozone/integration-test/target/test-dir/MiniOzoneClusterImpl-d61a8e55-6b1b-4302-a8ca-331e331e4b67/datanode-9/data/ratis/2d55456d-fc24-4363-b3b0-33b9927584da has been successfully formatted.
2019-11-17 11:14:14,234 [pool-579-thread-1] INFO  storage.RaftStorage (RaftStorage.java:format(84)) - Storage directory /workdir/hadoop-ozone/integration-test/target/test-dir/MiniOzoneClusterImpl-d61a8e55-6b1b-4302-a8ca-331e331e4b67/datanode-7/data/ratis/2d55456d-fc24-4363-b3b0-33b9927584da has been successfully formatted.
2019-11-17 11:14:14,234 [pool-599-thread-1] INFO  ratis.ContainerStateMachine (ContainerStateMachine.java:loadSnapshot(223)) - group-33B9927584DA: The snapshot info is null. Setting the last applied indexto:(t:0, i:~)
2019-11-17 11:14:14,234 [pool-569-thread-1] INFO  storage.RaftStorage (RaftStorage.java:format(84)) - Storage directory /workdir/hadoop-ozone/integration-test/target/test-dir/MiniOzoneClusterImpl-d61a8e55-6b1b-4302-a8ca-331e331e4b67/datanode-6/data/ratis/2d55456d-fc24-4363-b3b0-33b9927584da has been successfully formatted.
2019-11-17 11:14:14,234 [pool-599-thread-1] INFO  server.RaftServerConfigKeys (ConfUtils.java:logGet(43)) - raft.server.notification.no-leader.timeout = 120s (custom)
2019-11-17 11:14:14,234 [pool-569-thread-1] INFO  ratis.ContainerStateMachine (ContainerStateMachine.java:loadSnapshot(223)) - group-33B9927584DA: The snapshot info is null. Setting the last applied indexto:(t:0, i:~)
2019-11-17 11:14:14,234 [pool-579-thread-1] INFO  ratis.ContainerStateMachine (ContainerStateMachine.java:loadSnapshot(223)) - group-33B9927584DA: The snapshot info is null. Setting the last applied indexto:(t:0, i:~)
2019-11-17 11:14:14,234 [pool-569-thread-1] INFO  server.RaftServerConfigKeys (ConfUtils.java:logGet(43)) - raft.server.notification.no-leader.timeout = 120s (custom)
2019-11-17 11:14:14,234 [pool-599-thread-1] INFO  server.RaftServerConfigKeys (ConfUtils.java:logGet(43)) - raft.server.log.use.memory = false (default)
2019-11-17 11:14:14,234 [pool-569-thread-1] INFO  server.RaftServerConfigKeys (ConfUtils.java:logGet(43)) - raft.server.log.use.memory = false (default)
2019-11-17 11:14:14,234 [pool-579-thread-1] INFO  server.RaftServerConfigKeys (ConfUtils.java:logGet(43)) - raft.server.notification.no-leader.timeout = 120s (custom)
2019-11-17 11:14:14,234 [pool-569-thread-1] INFO  server.RaftServerConfigKeys (ConfUtils.java:logGet(43)) - raft.server.log.purge.gap = 1000000 (custom)
2019-11-17 11:14:14,234 [pool-599-thread-1] INFO  server.RaftServerConfigKeys (ConfUtils.java:logGet(43)) - raft.server.log.purge.gap = 1000000 (custom)
2019-11-17 11:14:14,235 [pool-569-thread-1] INFO  server.RaftServerConfigKeys (ConfUtils.java:logGet(43)) - raft.server.log.appender.buffer.byte-limit = 33554432 (custom)
2019-11-17 11:14:14,234 [pool-579-thread-1] INFO  server.RaftServerConfigKeys (ConfUtils.java:logGet(43)) - raft.server.log.use.memory = false (default)
2019-11-17 11:14:14,235 [pool-569-thread-1] INFO  server.RaftServerConfigKeys (ConfUtils.java:logGet(43)) - raft.server.log.segment.size.max = 1048576 (custom)
2019-11-17 11:14:14,235 [pool-599-thread-1] INFO  server.RaftServerConfigKeys (ConfUtils.java:logGet(43)) - raft.server.log.appender.buffer.byte-limit = 33554432 (custom)
2019-11-17 11:14:14,235 [pool-569-thread-1] INFO  server.RaftServerConfigKeys (ConfUtils.java:logGet(43)) - raft.server.log.segment.cache.num.max = 2 (custom)
2019-11-17 11:14:14,235 [pool-579-thread-1] INFO  server.RaftServerConfigKeys (ConfUtils.java:logGet(43)) - raft.server.log.purge.gap = 1000000 (custom)
2019-11-17 11:14:14,235 [pool-569-thread-1] INFO  segmented.SegmentedRaftLogWorker (SegmentedRaftLogWorker.java:<init>(173)) - new d0563571-d5f5-405e-9b61-87c552fd142f@group-33B9927584DA-SegmentedRaftLogWorker for RaftStorage:Storage Directory /workdir/hadoop-ozone/integration-test/target/test-dir/MiniOzoneClusterImpl-d61a8e55-6b1b-4302-a8ca-331e331e4b67/datanode-6/data/ratis/2d55456d-fc24-4363-b3b0-33b9927584da
2019-11-17 11:14:14,235 [pool-599-thread-1] INFO  server.RaftServerConfigKeys (ConfUtils.java:logGet(43)) - raft.server.log.segment.size.max = 1048576 (custom)
2019-11-17 11:14:14,235 [pool-569-thread-1] INFO  server.RaftServerConfigKeys (ConfUtils.java:logGet(43)) - raft.server.log.queue.byte-limit = 2147483647 (custom)
2019-11-17 11:14:14,235 [pool-579-thread-1] INFO  server.RaftServerConfigKeys (ConfUtils.java:logGet(43)) - raft.server.log.appender.buffer.byte-limit = 33554432 (custom)
2019-11-17 11:14:14,235 [pool-569-thread-1] INFO  server.RaftServerConfigKeys (ConfUtils.java:logGet(43)) - raft.server.log.queue.element-limit = 1024 (custom)
2019-11-17 11:14:14,236 [pool-569-thread-1] INFO  server.RaftServerConfigKeys (ConfUtils.java:logGet(43)) - raft.server.log.segment.size.max = 1048576 (custom)
2019-11-17 11:14:14,235 [pool-599-thread-1] INFO  server.RaftServerConfigKeys (ConfUtils.java:logGet(43)) - raft.server.log.segment.cache.num.max = 2 (custom)
2019-11-17 11:14:14,236 [pool-569-thread-1] INFO  server.RaftServerConfigKeys (ConfUtils.java:logGet(43)) - raft.server.log.preallocated.size = 16384 (custom)
2019-11-17 11:14:14,235 [pool-579-thread-1] INFO  server.RaftServerConfigKeys (ConfUtils.java:logGet(43)) - raft.server.log.segment.size.max = 1048576 (custom)
2019-11-17 11:14:14,236 [pool-569-thread-1] INFO  server.RaftServerConfigKeys (ConfUtils.java:logGet(43)) - raft.server.log.write.buffer.size = 33554432 (custom)
2019-11-17 11:14:14,236 [pool-599-thread-1] INFO  segmented.SegmentedRaftLogWorker (SegmentedRaftLogWorker.java:<init>(173)) - new f9de5302-5741-429b-9e37-55cacebd1d46@group-33B9927584DA-SegmentedRaftLogWorker for RaftStorage:Storage Directory /workdir/hadoop-ozone/integration-test/target/test-dir/MiniOzoneClusterImpl-d61a8e55-6b1b-4302-a8ca-331e331e4b67/datanode-9/data/ratis/2d55456d-fc24-4363-b3b0-33b9927584da
2019-11-17 11:14:14,236 [pool-569-thread-1] INFO  server.RaftServerConfigKeys (ConfUtils.java:logGet(43)) - raft.server.log.force.sync.num = 128 (default)
2019-11-17 11:14:14,236 [pool-579-thread-1] INFO  server.RaftServerConfigKeys (ConfUtils.java:logGet(43)) - raft.server.log.segment.cache.num.max = 2 (custom)
2019-11-17 11:14:14,236 [pool-569-thread-1] INFO  server.RaftServerConfigKeys (ConfUtils.java:logGet(43)) - raft.server.log.statemachine.data.sync = true (default)
2019-11-17 11:14:14,236 [pool-599-thread-1] INFO  server.RaftServerConfigKeys (ConfUtils.java:logGet(43)) - raft.server.log.queue.byte-limit = 2147483647 (custom)
2019-11-17 11:14:14,236 [pool-569-thread-1] INFO  server.RaftServerConfigKeys (ConfUtils.java:logGet(43)) - raft.server.log.statemachine.data.sync.timeout = 10s (default)
2019-11-17 11:14:14,236 [pool-579-thread-1] INFO  segmented.SegmentedRaftLogWorker (SegmentedRaftLogWorker.java:<init>(173)) - new 357d2873-2248-48d2-9bf7-23aadc7fc5db@group-33B9927584DA-SegmentedRaftLogWorker for RaftStorage:Storage Directory /workdir/hadoop-ozone/integration-test/target/test-dir/MiniOzoneClusterImpl-d61a8e55-6b1b-4302-a8ca-331e331e4b67/datanode-7/data/ratis/2d55456d-fc24-4363-b3b0-33b9927584da
2019-11-17 11:14:14,237 [pool-569-thread-1] INFO  server.RaftServerConfigKeys (ConfUtils.java:logGet(43)) - raft.server.log.statemachine.data.sync.timeout.retry = -1 (default)
2019-11-17 11:14:14,237 [pool-599-thread-1] INFO  server.RaftServerConfigKeys (ConfUtils.java:logGet(43)) - raft.server.log.queue.element-limit = 1024 (custom)
2019-11-17 11:14:14,237 [pool-569-thread-1] INFO  server.RaftServerConfigKeys (ConfUtils.java:logGet(43)) - raft.server.log.statemachine.data.caching.enabled = true (custom)
2019-11-17 11:14:14,237 [pool-579-thread-1] INFO  server.RaftServerConfigKeys (ConfUtils.java:logGet(43)) - raft.server.log.queue.byte-limit = 2147483647 (custom)
2019-11-17 11:14:14,237 [pool-569-thread-1] INFO  segmented.SegmentedRaftLogWorker (SegmentedRaftLogWorker.java:lambda$new$0(128)) - d0563571-d5f5-405e-9b61-87c552fd142f@group-33B9927584DA-SegmentedRaftLogWorker: flushIndex: setUnconditionally 0 -> -1
2019-11-17 11:14:14,237 [pool-599-thread-1] INFO  server.RaftServerConfigKeys (ConfUtils.java:logGet(43)) - raft.server.log.segment.size.max = 1048576 (custom)
2019-11-17 11:14:14,237 [pool-579-thread-1] INFO  server.RaftServerConfigKeys (ConfUtils.java:logGet(43)) - raft.server.log.queue.element-limit = 1024 (custom)
2019-11-17 11:14:14,237 [pool-599-thread-1] INFO  server.RaftServerConfigKeys (ConfUtils.java:logGet(43)) - raft.server.log.preallocated.size = 16384 (custom)
2019-11-17 11:14:14,237 [pool-569-thread-1] INFO  server.RaftServerConfigKeys (ConfUtils.java:logGet(43)) - raft.server.snapshot.auto.trigger.enabled = true (custom)
2019-11-17 11:14:14,237 [pool-599-thread-1] INFO  server.RaftServerConfigKeys (ConfUtils.java:logGet(43)) - raft.server.log.write.buffer.size = 33554432 (custom)
2019-11-17 11:14:14,237 [pool-579-thread-1] INFO  server.RaftServerConfigKeys (ConfUtils.java:logGet(43)) - raft.server.log.segment.size.max = 1048576 (custom)
2019-11-17 11:14:14,238 [pool-599-thread-1] INFO  server.RaftServerConfigKeys (ConfUtils.java:logGet(43)) - raft.server.log.force.sync.num = 128 (default)
2019-11-17 11:14:14,238 [pool-569-thread-1] INFO  server.RaftServerConfigKeys (ConfUtils.java:logGet(43)) - raft.server.snapshot.auto.trigger.threshold = 10000 (custom)
2019-11-17 11:14:14,238 [pool-599-thread-1] INFO  server.RaftServerConfigKeys (ConfUtils.java:logGet(43)) - raft.server.log.statemachine.data.sync = true (default)
2019-11-17 11:14:14,238 [pool-579-thread-1] INFO  server.RaftServerConfigKeys (ConfUtils.java:logGet(43)) - raft.server.log.preallocated.size = 16384 (custom)
2019-11-17 11:14:14,238 [pool-599-thread-1] INFO  server.RaftServerConfigKeys (ConfUtils.java:logGet(43)) - raft.server.log.statemachine.data.sync.timeout = 10s (default)
2019-11-17 11:14:14,238 [pool-569-thread-1] INFO  server.RaftServerConfigKeys (ConfUtils.java:logGet(43)) - raft.server.snapshot.retention.file.num = 5 (custom)
2019-11-17 11:14:14,238 [pool-599-thread-1] INFO  server.RaftServerConfigKeys (ConfUtils.java:logGet(43)) - raft.server.log.statemachine.data.sync.timeout.retry = -1 (default)
2019-11-17 11:14:14,238 [pool-579-thread-1] INFO  server.RaftServerConfigKeys (ConfUtils.java:logGet(43)) - raft.server.log.write.buffer.size = 33554432 (custom)
2019-11-17 11:14:14,238 [pool-599-thread-1] INFO  server.RaftServerConfigKeys (ConfUtils.java:logGet(43)) - raft.server.log.statemachine.data.caching.enabled = true (custom)
2019-11-17 11:14:14,238 [pool-569-thread-1] INFO  server.RaftServerConfigKeys (ConfUtils.java:logGet(43)) - raft.server.retrycache.expirytime = 600000ms (custom)
2019-11-17 11:14:14,238 [pool-579-thread-1] INFO  server.RaftServerConfigKeys (ConfUtils.java:logGet(43)) - raft.server.log.force.sync.num = 128 (default)
2019-11-17 11:14:14,239 [pool-569-thread-1] WARN  impl.MetricRegistriesImpl (MetricRegistriesImpl.java:lambda$create$1(61)) - First MetricRegistry has been created without registering reporters. You may need to call MetricRegistries.global().addReportRegistration(...) before.
2019-11-17 11:14:14,239 [pool-599-thread-1] INFO  segmented.SegmentedRaftLogWorker (SegmentedRaftLogWorker.java:lambda$new$0(128)) - f9de5302-5741-429b-9e37-55cacebd1d46@group-33B9927584DA-SegmentedRaftLogWorker: flushIndex: setUnconditionally 0 -> -1
2019-11-17 11:14:14,239 [pool-569-thread-1] WARN  impl.MetricRegistriesImpl (MetricRegistriesImpl.java:lambda$create$1(61)) - First MetricRegistry has been created without registering reporters. You may need to call MetricRegistries.global().addReportRegistration(...) before.
2019-11-17 11:14:14,239 [pool-579-thread-1] INFO  server.RaftServerConfigKeys (ConfUtils.java:logGet(43)) - raft.server.log.statemachine.data.sync = true (default)
2019-11-17 11:14:14,239 [pool-599-thread-1] INFO  server.RaftServerConfigKeys (ConfUtils.java:logGet(43)) - raft.server.snapshot.auto.trigger.enabled = true (custom)
2019-11-17 11:14:14,239 [pool-569-thread-1] INFO  impl.RaftServerImpl (RaftServerImpl.java:start(184)) - d0563571-d5f5-405e-9b61-87c552fd142f@group-33B9927584DA: start as a follower, conf=-1: [f9de5302-5741-429b-9e37-55cacebd1d46:192.168.34.35:34600, 357d2873-2248-48d2-9bf7-23aadc7fc5db:192.168.34.35:44629, d0563571-d5f5-405e-9b61-87c552fd142f:192.168.34.35:36223], old=null
2019-11-17 11:14:14,239 [pool-599-thread-1] INFO  server.RaftServerConfigKeys (ConfUtils.java:logGet(43)) - raft.server.snapshot.auto.trigger.threshold = 10000 (custom)
2019-11-17 11:14:14,239 [pool-579-thread-1] INFO  server.RaftServerConfigKeys (ConfUtils.java:logGet(43)) - raft.server.log.statemachine.data.sync.timeout = 10s (default)
2019-11-17 11:14:14,239 [pool-599-thread-1] INFO  server.RaftServerConfigKeys (ConfUtils.java:logGet(43)) - raft.server.snapshot.retention.file.num = 5 (custom)
2019-11-17 11:14:14,239 [pool-569-thread-1] INFO  impl.RaftServerImpl (RaftServerImpl.java:setRole(173)) - d0563571-d5f5-405e-9b61-87c552fd142f@group-33B9927584DA: changes role from      null to FOLLOWER at term 0 for startAsFollower
2019-11-17 11:14:14,240 [pool-599-thread-1] INFO  server.RaftServerConfigKeys (ConfUtils.java:logGet(43)) - raft.server.retrycache.expirytime = 600000ms (custom)
2019-11-17 11:14:14,240 [pool-579-thread-1] INFO  server.RaftServerConfigKeys (ConfUtils.java:logGet(43)) - raft.server.log.statemachine.data.sync.timeout.retry = -1 (default)
2019-11-17 11:14:14,240 [pool-599-thread-1] WARN  impl.MetricRegistriesImpl (MetricRegistriesImpl.java:lambda$create$1(61)) - First MetricRegistry has been created without registering reporters. You may need to call MetricRegistries.global().addReportRegistration(...) before.
2019-11-17 11:14:14,240 [pool-569-thread-1] INFO  impl.RoleInfo (RoleInfo.java:updateAndGet(143)) - d0563571-d5f5-405e-9b61-87c552fd142f: start FollowerState
2019-11-17 11:14:14,240 [pool-599-thread-1] WARN  impl.MetricRegistriesImpl (MetricRegistriesImpl.java:lambda$create$1(61)) - First MetricRegistry has been created without registering reporters. You may need to call MetricRegistries.global().addReportRegistration(...) before.
2019-11-17 11:14:14,240 [pool-579-thread-1] INFO  server.RaftServerConfigKeys (ConfUtils.java:logGet(43)) - raft.server.log.statemachine.data.caching.enabled = true (custom)
2019-11-17 11:14:14,240 [pool-599-thread-1] INFO  impl.RaftServerImpl (RaftServerImpl.java:start(184)) - f9de5302-5741-429b-9e37-55cacebd1d46@group-33B9927584DA: start as a follower, conf=-1: [f9de5302-5741-429b-9e37-55cacebd1d46:192.168.34.35:34600, 357d2873-2248-48d2-9bf7-23aadc7fc5db:192.168.34.35:44629, d0563571-d5f5-405e-9b61-87c552fd142f:192.168.34.35:36223], old=null
2019-11-17 11:14:14,240 [pool-579-thread-1] INFO  segmented.SegmentedRaftLogWorker (SegmentedRaftLogWorker.java:lambda$new$0(128)) - 357d2873-2248-48d2-9bf7-23aadc7fc5db@group-33B9927584DA-SegmentedRaftLogWorker: flushIndex: setUnconditionally 0 -> -1
2019-11-17 11:14:14,240 [pool-569-thread-1] INFO  util.JmxRegister (JmxRegister.java:tryRegister(44)) - Successfully registered JMX Bean with object name Ratis:service=RaftServer,group=group-33B9927584DA,id=d0563571-d5f5-405e-9b61-87c552fd142f
2019-11-17 11:14:14,240 [pool-599-thread-1] INFO  impl.RaftServerImpl (RaftServerImpl.java:setRole(173)) - f9de5302-5741-429b-9e37-55cacebd1d46@group-33B9927584DA: changes role from      null to FOLLOWER at term 0 for startAsFollower
2019-11-17 11:14:14,240 [pool-569-thread-1] WARN  impl.MetricRegistriesImpl (MetricRegistriesImpl.java:lambda$create$1(61)) - First MetricRegistry has been created without registering reporters. You may need to call MetricRegistries.global().addReportRegistration(...) before.
2019-11-17 11:14:14,240 [pool-579-thread-1] INFO  server.RaftServerConfigKeys (ConfUtils.java:logGet(43)) - raft.server.snapshot.auto.trigger.enabled = true (custom)
2019-11-17 11:14:14,241 [pool-599-thread-1] INFO  impl.RoleInfo (RoleInfo.java:updateAndGet(143)) - f9de5302-5741-429b-9e37-55cacebd1d46: start FollowerState
2019-11-17 11:14:14,241 [pool-579-thread-1] INFO  server.RaftServerConfigKeys (ConfUtils.java:logGet(43)) - raft.server.snapshot.auto.trigger.threshold = 10000 (custom)
2019-11-17 11:14:14,241 [pool-579-thread-1] INFO  server.RaftServerConfigKeys (ConfUtils.java:logGet(43)) - raft.server.snapshot.retention.file.num = 5 (custom)
2019-11-17 11:14:14,241 [pool-579-thread-1] INFO  server.RaftServerConfigKeys (ConfUtils.java:logGet(43)) - raft.server.retrycache.expirytime = 600000ms (custom)
2019-11-17 11:14:14,241 [pool-599-thread-1] INFO  util.JmxRegister (JmxRegister.java:tryRegister(44)) - Successfully registered JMX Bean with object name Ratis:service=RaftServer,group=group-33B9927584DA,id=f9de5302-5741-429b-9e37-55cacebd1d46
2019-11-17 11:14:14,241 [pool-579-thread-1] WARN  impl.MetricRegistriesImpl (MetricRegistriesImpl.java:lambda$create$1(61)) - First MetricRegistry has been created without registering reporters. You may need to call MetricRegistries.global().addReportRegistration(...) before.
2019-11-17 11:14:14,241 [pool-599-thread-1] WARN  impl.MetricRegistriesImpl (MetricRegistriesImpl.java:lambda$create$1(61)) - First MetricRegistry has been created without registering reporters. You may need to call MetricRegistries.global().addReportRegistration(...) before.
2019-11-17 11:14:14,241 [pool-579-thread-1] WARN  impl.MetricRegistriesImpl (MetricRegistriesImpl.java:lambda$create$1(61)) - First MetricRegistry has been created without registering reporters. You may need to call MetricRegistries.global().addReportRegistration(...) before.
2019-11-17 11:14:14,242 [pool-579-thread-1] INFO  impl.RaftServerImpl (RaftServerImpl.java:start(184)) - 357d2873-2248-48d2-9bf7-23aadc7fc5db@group-33B9927584DA: start as a follower, conf=-1: [f9de5302-5741-429b-9e37-55cacebd1d46:192.168.34.35:34600, 357d2873-2248-48d2-9bf7-23aadc7fc5db:192.168.34.35:44629, d0563571-d5f5-405e-9b61-87c552fd142f:192.168.34.35:36223], old=null
2019-11-17 11:14:14,242 [pool-579-thread-1] INFO  impl.RaftServerImpl (RaftServerImpl.java:setRole(173)) - 357d2873-2248-48d2-9bf7-23aadc7fc5db@group-33B9927584DA: changes role from      null to FOLLOWER at term 0 for startAsFollower
2019-11-17 11:14:14,242 [pool-579-thread-1] INFO  impl.RoleInfo (RoleInfo.java:updateAndGet(143)) - 357d2873-2248-48d2-9bf7-23aadc7fc5db: start FollowerState
2019-11-17 11:14:14,242 [pool-579-thread-1] INFO  util.JmxRegister (JmxRegister.java:tryRegister(44)) - Successfully registered JMX Bean with object name Ratis:service=RaftServer,group=group-33B9927584DA,id=357d2873-2248-48d2-9bf7-23aadc7fc5db
2019-11-17 11:14:14,242 [pool-579-thread-1] WARN  impl.MetricRegistriesImpl (MetricRegistriesImpl.java:lambda$create$1(61)) - First MetricRegistry has been created without registering reporters. You may need to call MetricRegistries.global().addReportRegistration(...) before.
2019-11-17 11:14:14,244 [RatisPipelineUtilsThread] INFO  pipeline.PipelineStateManager (PipelineStateManager.java:addPipeline(55)) - Created pipeline Pipeline[ Id: 2d55456d-fc24-4363-b3b0-33b9927584da, Nodes: f9de5302-5741-429b-9e37-55cacebd1d46{ip: 192.168.34.35, host: pr-hdds-2291-5997d-4279494527, networkLocation: /rack1, certSerialId: null}d0563571-d5f5-405e-9b61-87c552fd142f{ip: 192.168.34.35, host: pr-hdds-2291-5997d-4279494527, networkLocation: /rack1, certSerialId: null}357d2873-2248-48d2-9bf7-23aadc7fc5db{ip: 192.168.34.35, host: pr-hdds-2291-5997d-4279494527, networkLocation: /rack1, certSerialId: null}, Type:RATIS, Factor:THREE, State:ALLOCATED]
2019-11-17 11:14:14,244 [Thread-3714] INFO  pipeline.PipelineStateManager (PipelineStateManager.java:finalizePipeline(121)) - Pipeline Pipeline[ Id: 45869c53-998e-4d18-b807-e0a06911bce3, Nodes: 3d268c2e-02d6-42d5-8f0a-acb046ab2083{ip: 192.168.34.35, host: pr-hdds-2291-5997d-4279494527, networkLocation: /rack1, certSerialId: null}, Type:RATIS, Factor:ONE, State:CLOSED] moved to CLOSED state
2019-11-17 11:14:14,247 [grpc-default-executor-5] INFO  impl.RaftServerProxy (RaftServerProxy.java:remove(95)) - 3d268c2e-02d6-42d5-8f0a-acb046ab2083: remove    LEADER 3d268c2e-02d6-42d5-8f0a-acb046ab2083@group-E0A06911BCE3:t1, leader=3d268c2e-02d6-42d5-8f0a-acb046ab2083, voted=3d268c2e-02d6-42d5-8f0a-acb046ab2083, raftlog=3d268c2e-02d6-42d5-8f0a-acb046ab2083@group-E0A06911BCE3-SegmentedRaftLog:OPENED:c0,f0,i0, conf=0: [3d268c2e-02d6-42d5-8f0a-acb046ab2083:192.168.34.35:41075], old=null RUNNING
2019-11-17 11:14:14,247 [grpc-default-executor-5] INFO  impl.RaftServerImpl (RaftServerImpl.java:lambda$shutdown$3(250)) - 3d268c2e-02d6-42d5-8f0a-acb046ab2083@group-E0A06911BCE3: shutdown
2019-11-17 11:14:14,247 [grpc-default-executor-5] INFO  util.JmxRegister (JmxRegister.java:unregister(73)) - Successfully un-registered JMX Bean with object name Ratis:service=RaftServer,group=group-E0A06911BCE3,id=3d268c2e-02d6-42d5-8f0a-acb046ab2083
2019-11-17 11:14:14,247 [grpc-default-executor-5] INFO  impl.RoleInfo (RoleInfo.java:shutdownLeaderState(104)) - 3d268c2e-02d6-42d5-8f0a-acb046ab2083: shutdown LeaderState
2019-11-17 11:14:14,247 [grpc-default-executor-5] INFO  impl.PendingRequests (PendingRequests.java:sendNotLeaderResponses(206)) - 3d268c2e-02d6-42d5-8f0a-acb046ab2083@group-E0A06911BCE3-PendingRequests: sendNotLeaderResponses
2019-11-17 11:14:14,247 [grpc-default-executor-5] INFO  impl.StateMachineUpdater (StateMachineUpdater.java:stopAndJoin(136)) - 3d268c2e-02d6-42d5-8f0a-acb046ab2083@group-E0A06911BCE3-StateMachineUpdater: set stopIndex = 0
2019-11-17 11:14:14,247 [grpc-default-executor-5] INFO  impl.RaftServerImpl (ServerState.java:close(387)) - 3d268c2e-02d6-42d5-8f0a-acb046ab2083@group-E0A06911BCE3: closes. applyIndex: 0
2019-11-17 11:14:14,248 [3d268c2e-02d6-42d5-8f0a-acb046ab2083@group-E0A06911BCE3-SegmentedRaftLogWorker] INFO  segmented.SegmentedRaftLogWorker (SegmentedRaftLogWorker.java:run(316)) - 3d268c2e-02d6-42d5-8f0a-acb046ab2083@group-E0A06911BCE3-SegmentedRaftLogWorker was interrupted, exiting. There are 0 tasks remaining in the queue.
2019-11-17 11:14:14,248 [grpc-default-executor-5] INFO  segmented.SegmentedRaftLogWorker (SegmentedRaftLogWorker.java:close(224)) - 3d268c2e-02d6-42d5-8f0a-acb046ab2083@group-E0A06911BCE3-SegmentedRaftLogWorker close()
2019-11-17 11:14:14,252 [Thread-3714] INFO  pipeline.PipelineStateManager (PipelineStateManager.java:removePipeline(106)) - Pipeline Pipeline[ Id: 45869c53-998e-4d18-b807-e0a06911bce3, Nodes: 3d268c2e-02d6-42d5-8f0a-acb046ab2083{ip: 192.168.34.35, host: pr-hdds-2291-5997d-4279494527, networkLocation: /rack1, certSerialId: null}, Type:RATIS, Factor:ONE, State:CLOSED] removed from db
2019-11-17 11:14:14,252 [Thread-3714] INFO  pipeline.SCMPipelineManager (SCMPipelineManager.java:finalizeAndDestroyPipeline(315)) - destroying pipeline:Pipeline[ Id: ffbcf14a-afd4-4d95-abac-f68c65addfe2, Nodes: 3d268c2e-02d6-42d5-8f0a-acb046ab2083{ip: 192.168.34.35, host: pr-hdds-2291-5997d-4279494527, networkLocation: /rack1, certSerialId: null}eab723bb-0aff-418b-9bd7-1333118797a2{ip: 192.168.34.35, host: pr-hdds-2291-5997d-4279494527, networkLocation: /rack1, certSerialId: null}4c46855d-d979-4113-9d53-291bcfa92579{ip: 192.168.34.35, host: pr-hdds-2291-5997d-4279494527, networkLocation: /rack1, certSerialId: null}, Type:RATIS, Factor:THREE, State:OPEN]
2019-11-17 11:14:14,263 [grpc-default-executor-5] INFO  impl.RaftServerProxy (RaftServerProxy.java:addNew(89)) - 3d268c2e-02d6-42d5-8f0a-acb046ab2083: addNew group-ABE5CFB15355:[3d268c2e-02d6-42d5-8f0a-acb046ab2083:192.168.34.35:41075] returns group-ABE5CFB15355:java.util.concurrent.CompletableFuture@2550cfa4[Not completed]
2019-11-17 11:14:14,263 [pool-509-thread-1] INFO  impl.RaftServerImpl (RaftServerImpl.java:<init>(98)) - 3d268c2e-02d6-42d5-8f0a-acb046ab2083: new RaftServerImpl for group-ABE5CFB15355:[3d268c2e-02d6-42d5-8f0a-acb046ab2083:192.168.34.35:41075] with ContainerStateMachine:uninitialized
2019-11-17 11:14:14,264 [pool-509-thread-1] INFO  server.RaftServerConfigKeys (ConfUtils.java:logGet(43)) - raft.server.rpc.timeout.min = 1s (custom)
2019-11-17 11:14:14,264 [pool-509-thread-1] INFO  server.RaftServerConfigKeys (ConfUtils.java:logGet(43)) - raft.server.rpc.timeout.max = 1200ms (custom)
2019-11-17 11:14:14,264 [pool-509-thread-1] INFO  server.RaftServerConfigKeys (ConfUtils.java:logGet(43)) - raft.server.rpcslowness.timeout = 120s (custom)
2019-11-17 11:14:14,264 [pool-509-thread-1] INFO  server.RaftServerConfigKeys (ConfUtils.java:logGet(43)) - raft.server.sleep.deviation.threshold = 300 (default)
2019-11-17 11:14:14,264 [pool-509-thread-1] INFO  server.RaftServerConfigKeys (ConfUtils.java:logGet(43)) - raft.server.log.appender.install.snapshot.enabled = false (custom)
2019-11-17 11:14:14,264 [pool-509-thread-1] INFO  impl.RaftServerImpl (ServerState.java:<init>(103)) - 3d268c2e-02d6-42d5-8f0a-acb046ab2083@group-ABE5CFB15355: ConfigurationManager, init=-1: [3d268c2e-02d6-42d5-8f0a-acb046ab2083:192.168.34.35:41075], old=null, confs=<EMPTY_MAP>
2019-11-17 11:14:14,264 [pool-509-thread-1] INFO  server.RaftServerConfigKeys (ConfUtils.java:logGet(43)) - raft.server.storage.dir = [/workdir/hadoop-ozone/integration-test/target/test-dir/MiniOzoneClusterImpl-d61a8e55-6b1b-4302-a8ca-331e331e4b67/datanode-0/data/ratis] (custom)
2019-11-17 11:14:14,264 [pool-509-thread-1] INFO  server.RaftServerConfigKeys (ConfUtils.java:logGet(43)) - raft.server.log.corruption.policy = EXCEPTION (default)
2019-11-17 11:14:14,264 [pool-509-thread-1] INFO  storage.RaftStorageDirectory (RaftStorageDirectory.java:analyzeStorage(246)) - The storage directory /workdir/hadoop-ozone/integration-test/target/test-dir/MiniOzoneClusterImpl-d61a8e55-6b1b-4302-a8ca-331e331e4b67/datanode-0/data/ratis/ae57e7a3-6abe-43ff-a958-abe5cfb15355 does not exist. Creating ...
2019-11-17 11:14:14,277 [pool-509-thread-1] INFO  storage.RaftStorageDirectory (RaftStorageDirectory.java:tryLock(328)) - Lock on /workdir/hadoop-ozone/integration-test/target/test-dir/MiniOzoneClusterImpl-d61a8e55-6b1b-4302-a8ca-331e331e4b67/datanode-0/data/ratis/ae57e7a3-6abe-43ff-a958-abe5cfb15355/in_use.lock acquired by nodename 20606@pr-hdds-2291-5997d-4279494527
2019-11-17 11:14:14,290 [pool-509-thread-1] INFO  storage.RaftStorage (RaftStorage.java:format(84)) - Storage directory /workdir/hadoop-ozone/integration-test/target/test-dir/MiniOzoneClusterImpl-d61a8e55-6b1b-4302-a8ca-331e331e4b67/datanode-0/data/ratis/ae57e7a3-6abe-43ff-a958-abe5cfb15355 has been successfully formatted.
2019-11-17 11:14:14,290 [pool-509-thread-1] INFO  ratis.ContainerStateMachine (ContainerStateMachine.java:loadSnapshot(223)) - group-ABE5CFB15355: The snapshot info is null. Setting the last applied indexto:(t:0, i:~)
2019-11-17 11:14:14,290 [pool-509-thread-1] INFO  server.RaftServerConfigKeys (ConfUtils.java:logGet(43)) - raft.server.notification.no-leader.timeout = 120s (custom)
2019-11-17 11:14:14,290 [pool-509-thread-1] INFO  server.RaftServerConfigKeys (ConfUtils.java:logGet(43)) - raft.server.log.use.memory = false (default)
2019-11-17 11:14:14,290 [pool-509-thread-1] INFO  server.RaftServerConfigKeys (ConfUtils.java:logGet(43)) - raft.server.log.purge.gap = 1000000 (custom)
2019-11-17 11:14:14,290 [pool-509-thread-1] INFO  server.RaftServerConfigKeys (ConfUtils.java:logGet(43)) - raft.server.log.appender.buffer.byte-limit = 33554432 (custom)
2019-11-17 11:14:14,291 [pool-509-thread-1] INFO  server.RaftServerConfigKeys (ConfUtils.java:logGet(43)) - raft.server.log.segment.size.max = 1048576 (custom)
2019-11-17 11:14:14,291 [pool-509-thread-1] INFO  server.RaftServerConfigKeys (ConfUtils.java:logGet(43)) - raft.server.log.segment.cache.num.max = 2 (custom)
2019-11-17 11:14:14,291 [pool-509-thread-1] INFO  segmented.SegmentedRaftLogWorker (SegmentedRaftLogWorker.java:<init>(173)) - new 3d268c2e-02d6-42d5-8f0a-acb046ab2083@group-ABE5CFB15355-SegmentedRaftLogWorker for RaftStorage:Storage Directory /workdir/hadoop-ozone/integration-test/target/test-dir/MiniOzoneClusterImpl-d61a8e55-6b1b-4302-a8ca-331e331e4b67/datanode-0/data/ratis/ae57e7a3-6abe-43ff-a958-abe5cfb15355
2019-11-17 11:14:14,291 [pool-509-thread-1] INFO  server.RaftServerConfigKeys (ConfUtils.java:logGet(43)) - raft.server.log.queue.byte-limit = 2147483647 (custom)
2019-11-17 11:14:14,291 [pool-509-thread-1] INFO  server.RaftServerConfigKeys (ConfUtils.java:logGet(43)) - raft.server.log.queue.element-limit = 1024 (custom)
2019-11-17 11:14:14,291 [pool-509-thread-1] INFO  server.RaftServerConfigKeys (ConfUtils.java:logGet(43)) - raft.server.log.segment.size.max = 1048576 (custom)
2019-11-17 11:14:14,291 [pool-509-thread-1] INFO  server.RaftServerConfigKeys (ConfUtils.java:logGet(43)) - raft.server.log.preallocated.size = 16384 (custom)
2019-11-17 11:14:14,291 [pool-509-thread-1] INFO  server.RaftServerConfigKeys (ConfUtils.java:logGet(43)) - raft.server.log.write.buffer.size = 33554432 (custom)
2019-11-17 11:14:14,291 [pool-509-thread-1] INFO  server.RaftServerConfigKeys (ConfUtils.java:logGet(43)) - raft.server.log.force.sync.num = 128 (default)
2019-11-17 11:14:14,291 [pool-509-thread-1] INFO  server.RaftServerConfigKeys (ConfUtils.java:logGet(43)) - raft.server.log.statemachine.data.sync = true (default)
2019-11-17 11:14:14,291 [pool-509-thread-1] INFO  server.RaftServerConfigKeys (ConfUtils.java:logGet(43)) - raft.server.log.statemachine.data.sync.timeout = 10s (default)
2019-11-17 11:14:14,291 [pool-509-thread-1] INFO  server.RaftServerConfigKeys (ConfUtils.java:logGet(43)) - raft.server.log.statemachine.data.sync.timeout.retry = -1 (default)
2019-11-17 11:14:14,291 [pool-509-thread-1] INFO  server.RaftServerConfigKeys (ConfUtils.java:logGet(43)) - raft.server.log.statemachine.data.caching.enabled = true (custom)
2019-11-17 11:14:14,292 [pool-509-thread-1] INFO  segmented.SegmentedRaftLogWorker (SegmentedRaftLogWorker.java:lambda$new$0(128)) - 3d268c2e-02d6-42d5-8f0a-acb046ab2083@group-ABE5CFB15355-SegmentedRaftLogWorker: flushIndex: setUnconditionally 0 -> -1
2019-11-17 11:14:14,292 [pool-509-thread-1] INFO  server.RaftServerConfigKeys (ConfUtils.java:logGet(43)) - raft.server.snapshot.auto.trigger.enabled = true (custom)
2019-11-17 11:14:14,292 [pool-509-thread-1] INFO  server.RaftServerConfigKeys (ConfUtils.java:logGet(43)) - raft.server.snapshot.auto.trigger.threshold = 10000 (custom)
2019-11-17 11:14:14,292 [pool-509-thread-1] INFO  server.RaftServerConfigKeys (ConfUtils.java:logGet(43)) - raft.server.snapshot.retention.file.num = 5 (custom)
2019-11-17 11:14:14,292 [pool-509-thread-1] INFO  server.RaftServerConfigKeys (ConfUtils.java:logGet(43)) - raft.server.retrycache.expirytime = 600000ms (custom)
2019-11-17 11:14:14,292 [pool-509-thread-1] WARN  impl.MetricRegistriesImpl (MetricRegistriesImpl.java:lambda$create$1(61)) - First MetricRegistry has been created without registering reporters. You may need to call MetricRegistries.global().addReportRegistration(...) before.
2019-11-17 11:14:14,292 [pool-509-thread-1] WARN  impl.MetricRegistriesImpl (MetricRegistriesImpl.java:lambda$create$1(61)) - First MetricRegistry has been created without registering reporters. You may need to call MetricRegistries.global().addReportRegistration(...) before.
2019-11-17 11:14:14,292 [pool-509-thread-1] INFO  impl.RaftServerImpl (RaftServerImpl.java:start(184)) - 3d268c2e-02d6-42d5-8f0a-acb046ab2083@group-ABE5CFB15355: start as a follower, conf=-1: [3d268c2e-02d6-42d5-8f0a-acb046ab2083:192.168.34.35:41075], old=null
2019-11-17 11:14:14,292 [pool-509-thread-1] INFO  impl.RaftServerImpl (RaftServerImpl.java:setRole(173)) - 3d268c2e-02d6-42d5-8f0a-acb046ab2083@group-ABE5CFB15355: changes role from      null to FOLLOWER at term 0 for startAsFollower
2019-11-17 11:14:14,292 [pool-509-thread-1] INFO  impl.RoleInfo (RoleInfo.java:updateAndGet(143)) - 3d268c2e-02d6-42d5-8f0a-acb046ab2083: start FollowerState
2019-11-17 11:14:14,293 [pool-509-thread-1] INFO  util.JmxRegister (JmxRegister.java:tryRegister(44)) - Successfully registered JMX Bean with object name Ratis:service=RaftServer,group=group-ABE5CFB15355,id=3d268c2e-02d6-42d5-8f0a-acb046ab2083
2019-11-17 11:14:14,293 [pool-509-thread-1] WARN  impl.MetricRegistriesImpl (MetricRegistriesImpl.java:lambda$create$1(61)) - First MetricRegistry has been created without registering reporters. You may need to call MetricRegistries.global().addReportRegistration(...) before.
2019-11-17 11:14:14,294 [RatisPipelineUtilsThread] INFO  pipeline.PipelineStateManager (PipelineStateManager.java:addPipeline(55)) - Created pipeline Pipeline[ Id: ae57e7a3-6abe-43ff-a958-abe5cfb15355, Nodes: 3d268c2e-02d6-42d5-8f0a-acb046ab2083{ip: 192.168.34.35, host: pr-hdds-2291-5997d-4279494527, networkLocation: /rack1, certSerialId: null}, Type:RATIS, Factor:ONE, State:ALLOCATED]
2019-11-17 11:14:14,295 [Thread-3714] INFO  pipeline.PipelineStateManager (PipelineStateManager.java:finalizePipeline(121)) - Pipeline Pipeline[ Id: ffbcf14a-afd4-4d95-abac-f68c65addfe2, Nodes: 3d268c2e-02d6-42d5-8f0a-acb046ab2083{ip: 192.168.34.35, host: pr-hdds-2291-5997d-4279494527, networkLocation: /rack1, certSerialId: null}eab723bb-0aff-418b-9bd7-1333118797a2{ip: 192.168.34.35, host: pr-hdds-2291-5997d-4279494527, networkLocation: /rack1, certSerialId: null}4c46855d-d979-4113-9d53-291bcfa92579{ip: 192.168.34.35, host: pr-hdds-2291-5997d-4279494527, networkLocation: /rack1, certSerialId: null}, Type:RATIS, Factor:THREE, State:CLOSED] moved to CLOSED state
2019-11-17 11:14:14,297 [grpc-default-executor-5] INFO  impl.RaftServerProxy (RaftServerProxy.java:remove(95)) - 3d268c2e-02d6-42d5-8f0a-acb046ab2083: remove  FOLLOWER 3d268c2e-02d6-42d5-8f0a-acb046ab2083@group-F68C65ADDFE2:t2, leader=4c46855d-d979-4113-9d53-291bcfa92579, voted=4c46855d-d979-4113-9d53-291bcfa92579, raftlog=3d268c2e-02d6-42d5-8f0a-acb046ab2083@group-F68C65ADDFE2-SegmentedRaftLog:OPENED:c0,f0,i0, conf=0: [4c46855d-d979-4113-9d53-291bcfa92579:192.168.34.35:41089, 3d268c2e-02d6-42d5-8f0a-acb046ab2083:192.168.34.35:41075, eab723bb-0aff-418b-9bd7-1333118797a2:192.168.34.35:46301], old=null RUNNING
2019-11-17 11:14:14,297 [grpc-default-executor-5] INFO  impl.RaftServerImpl (RaftServerImpl.java:lambda$shutdown$3(250)) - 3d268c2e-02d6-42d5-8f0a-acb046ab2083@group-F68C65ADDFE2: shutdown
2019-11-17 11:14:14,297 [grpc-default-executor-5] INFO  util.JmxRegister (JmxRegister.java:unregister(73)) - Successfully un-registered JMX Bean with object name Ratis:service=RaftServer,group=group-F68C65ADDFE2,id=3d268c2e-02d6-42d5-8f0a-acb046ab2083
2019-11-17 11:14:14,297 [grpc-default-executor-5] INFO  impl.RoleInfo (RoleInfo.java:shutdownFollowerState(121)) - 3d268c2e-02d6-42d5-8f0a-acb046ab2083: shutdown FollowerState
2019-11-17 11:14:14,297 [grpc-default-executor-5] INFO  impl.StateMachineUpdater (StateMachineUpdater.java:stopAndJoin(136)) - 3d268c2e-02d6-42d5-8f0a-acb046ab2083@group-F68C65ADDFE2-StateMachineUpdater: set stopIndex = 0
2019-11-17 11:14:14,297 [Thread-3836] INFO  impl.FollowerState (FollowerState.java:run(120)) - 3d268c2e-02d6-42d5-8f0a-acb046ab2083@group-F68C65ADDFE2-FollowerState was interrupted: java.lang.InterruptedException: sleep interrupted
2019-11-17 11:14:14,297 [grpc-default-executor-5] INFO  impl.RaftServerImpl (ServerState.java:close(387)) - 3d268c2e-02d6-42d5-8f0a-acb046ab2083@group-F68C65ADDFE2: closes. applyIndex: 0
2019-11-17 11:14:14,297 [3d268c2e-02d6-42d5-8f0a-acb046ab2083@group-F68C65ADDFE2-SegmentedRaftLogWorker] INFO  segmented.SegmentedRaftLogWorker (SegmentedRaftLogWorker.java:run(316)) - 3d268c2e-02d6-42d5-8f0a-acb046ab2083@group-F68C65ADDFE2-SegmentedRaftLogWorker was interrupted, exiting. There are 0 tasks remaining in the queue.
2019-11-17 11:14:14,298 [grpc-default-executor-5] INFO  segmented.SegmentedRaftLogWorker (SegmentedRaftLogWorker.java:close(224)) - 3d268c2e-02d6-42d5-8f0a-acb046ab2083@group-F68C65ADDFE2-SegmentedRaftLogWorker close()
2019-11-17 11:14:14,303 [grpc-default-executor-5] INFO  impl.RaftServerProxy (RaftServerProxy.java:remove(95)) - eab723bb-0aff-418b-9bd7-1333118797a2: remove  FOLLOWER eab723bb-0aff-418b-9bd7-1333118797a2@group-F68C65ADDFE2:t2, leader=4c46855d-d979-4113-9d53-291bcfa92579, voted=4c46855d-d979-4113-9d53-291bcfa92579, raftlog=eab723bb-0aff-418b-9bd7-1333118797a2@group-F68C65ADDFE2-SegmentedRaftLog:OPENED:c0,f0,i0, conf=0: [4c46855d-d979-4113-9d53-291bcfa92579:192.168.34.35:41089, 3d268c2e-02d6-42d5-8f0a-acb046ab2083:192.168.34.35:41075, eab723bb-0aff-418b-9bd7-1333118797a2:192.168.34.35:46301], old=null RUNNING
2019-11-17 11:14:14,303 [grpc-default-executor-5] INFO  impl.RaftServerImpl (RaftServerImpl.java:lambda$shutdown$3(250)) - eab723bb-0aff-418b-9bd7-1333118797a2@group-F68C65ADDFE2: shutdown
2019-11-17 11:14:14,303 [grpc-default-executor-5] INFO  util.JmxRegister (JmxRegister.java:unregister(73)) - Successfully un-registered JMX Bean with object name Ratis:service=RaftServer,group=group-F68C65ADDFE2,id=eab723bb-0aff-418b-9bd7-1333118797a2
2019-11-17 11:14:14,303 [grpc-default-executor-5] INFO  impl.RoleInfo (RoleInfo.java:shutdownFollowerState(121)) - eab723bb-0aff-418b-9bd7-1333118797a2: shutdown FollowerState
2019-11-17 11:14:14,304 [grpc-default-executor-5] INFO  impl.StateMachineUpdater (StateMachineUpdater.java:stopAndJoin(136)) - eab723bb-0aff-418b-9bd7-1333118797a2@group-F68C65ADDFE2-StateMachineUpdater: set stopIndex = 0
2019-11-17 11:14:14,304 [Thread-3837] INFO  impl.FollowerState (FollowerState.java:run(120)) - eab723bb-0aff-418b-9bd7-1333118797a2@group-F68C65ADDFE2-FollowerState was interrupted: java.lang.InterruptedException: sleep interrupted
2019-11-17 11:14:14,304 [grpc-default-executor-5] INFO  impl.RaftServerImpl (ServerState.java:close(387)) - eab723bb-0aff-418b-9bd7-1333118797a2@group-F68C65ADDFE2: closes. applyIndex: 0
2019-11-17 11:14:14,304 [eab723bb-0aff-418b-9bd7-1333118797a2@group-F68C65ADDFE2-SegmentedRaftLogWorker] INFO  segmented.SegmentedRaftLogWorker (SegmentedRaftLogWorker.java:run(316)) - eab723bb-0aff-418b-9bd7-1333118797a2@group-F68C65ADDFE2-SegmentedRaftLogWorker was interrupted, exiting. There are 0 tasks remaining in the queue.
2019-11-17 11:14:14,304 [grpc-default-executor-5] INFO  segmented.SegmentedRaftLogWorker (SegmentedRaftLogWorker.java:close(224)) - eab723bb-0aff-418b-9bd7-1333118797a2@group-F68C65ADDFE2-SegmentedRaftLogWorker close()
2019-11-17 11:14:14,309 [grpc-default-executor-5] INFO  impl.RaftServerProxy (RaftServerProxy.java:remove(95)) - 4c46855d-d979-4113-9d53-291bcfa92579: remove    LEADER 4c46855d-d979-4113-9d53-291bcfa92579@group-F68C65ADDFE2:t2, leader=4c46855d-d979-4113-9d53-291bcfa92579, voted=4c46855d-d979-4113-9d53-291bcfa92579, raftlog=4c46855d-d979-4113-9d53-291bcfa92579@group-F68C65ADDFE2-SegmentedRaftLog:OPENED:c0,f0,i0, conf=0: [4c46855d-d979-4113-9d53-291bcfa92579:192.168.34.35:41089, 3d268c2e-02d6-42d5-8f0a-acb046ab2083:192.168.34.35:41075, eab723bb-0aff-418b-9bd7-1333118797a2:192.168.34.35:46301], old=null RUNNING
2019-11-17 11:14:14,309 [grpc-default-executor-5] INFO  impl.RaftServerImpl (RaftServerImpl.java:lambda$shutdown$3(250)) - 4c46855d-d979-4113-9d53-291bcfa92579@group-F68C65ADDFE2: shutdown
2019-11-17 11:14:14,310 [grpc-default-executor-5] INFO  util.JmxRegister (JmxRegister.java:unregister(73)) - Successfully un-registered JMX Bean with object name Ratis:service=RaftServer,group=group-F68C65ADDFE2,id=4c46855d-d979-4113-9d53-291bcfa92579
2019-11-17 11:14:14,310 [grpc-default-executor-5] INFO  impl.RoleInfo (RoleInfo.java:shutdownLeaderState(104)) - 4c46855d-d979-4113-9d53-291bcfa92579: shutdown LeaderState
2019-11-17 11:14:14,313 [grpc-default-executor-5] INFO  impl.PendingRequests (PendingRequests.java:sendNotLeaderResponses(206)) - 4c46855d-d979-4113-9d53-291bcfa92579@group-F68C65ADDFE2-PendingRequests: sendNotLeaderResponses
2019-11-17 11:14:14,313 [org.apache.ratis.server.impl.LogAppender$AppenderDaemon$$Lambda$481/932503110@5bf4b6d4] WARN  server.GrpcLogAppender (GrpcLogAppender.java:mayWait(151)) - 4c46855d-d979-4113-9d53-291bcfa92579@group-F68C65ADDFE2->eab723bb-0aff-418b-9bd7-1333118797a2-GrpcLogAppender: Wait interrupted by java.lang.InterruptedException
2019-11-17 11:14:14,313 [grpc-default-executor-5] INFO  impl.StateMachineUpdater (StateMachineUpdater.java:stopAndJoin(136)) - 4c46855d-d979-4113-9d53-291bcfa92579@group-F68C65ADDFE2-StateMachineUpdater: set stopIndex = 0
2019-11-17 11:14:14,313 [org.apache.ratis.server.impl.LogAppender$AppenderDaemon$$Lambda$481/932503110@1ef63b6e] WARN  server.GrpcLogAppender (GrpcLogAppender.java:mayWait(151)) - 4c46855d-d979-4113-9d53-291bcfa92579@group-F68C65ADDFE2->3d268c2e-02d6-42d5-8f0a-acb046ab2083-GrpcLogAppender: Wait interrupted by java.lang.InterruptedException
2019-11-17 11:14:14,314 [grpc-default-executor-8] INFO  server.GrpcServerProtocolService (GrpcServerProtocolService.java:onCompleted(113)) - eab723bb-0aff-418b-9bd7-1333118797a2: Completed APPEND_ENTRIES, lastRequest: 4c46855d-d979-4113-9d53-291bcfa92579->eab723bb-0aff-418b-9bd7-1333118797a2#3-t2, previous=(t:2, i:0), leaderCommit=0, initializing? false, entries: <empty>
2019-11-17 11:14:14,314 [grpc-default-executor-5] INFO  impl.RaftServerImpl (ServerState.java:close(387)) - 4c46855d-d979-4113-9d53-291bcfa92579@group-F68C65ADDFE2: closes. applyIndex: 0
2019-11-17 11:14:14,314 [grpc-default-executor-6] INFO  server.GrpcLogAppender (GrpcLogAppender.java:onCompleted(308)) - 4c46855d-d979-4113-9d53-291bcfa92579@group-F68C65ADDFE2->eab723bb-0aff-418b-9bd7-1333118797a2-AppendLogResponseHandler: follower responses appendEntries COMPLETED
2019-11-17 11:14:14,314 [grpc-default-executor-8] INFO  server.GrpcServerProtocolService (GrpcServerProtocolService.java:onCompleted(113)) - 3d268c2e-02d6-42d5-8f0a-acb046ab2083: Completed APPEND_ENTRIES, lastRequest: 4c46855d-d979-4113-9d53-291bcfa92579->3d268c2e-02d6-42d5-8f0a-acb046ab2083#3-t2, previous=(t:2, i:0), leaderCommit=0, initializing? false, entries: <empty>
2019-11-17 11:14:14,314 [4c46855d-d979-4113-9d53-291bcfa92579@group-F68C65ADDFE2-SegmentedRaftLogWorker] INFO  segmented.SegmentedRaftLogWorker (SegmentedRaftLogWorker.java:run(316)) - 4c46855d-d979-4113-9d53-291bcfa92579@group-F68C65ADDFE2-SegmentedRaftLogWorker was interrupted, exiting. There are 0 tasks remaining in the queue.
2019-11-17 11:14:14,314 [grpc-default-executor-5] INFO  segmented.SegmentedRaftLogWorker (SegmentedRaftLogWorker.java:close(224)) - 4c46855d-d979-4113-9d53-291bcfa92579@group-F68C65ADDFE2-SegmentedRaftLogWorker close()
2019-11-17 11:14:14,314 [grpc-default-executor-6] INFO  impl.FollowerInfo (FollowerInfo.java:lambda$new$0(51)) - 4c46855d-d979-4113-9d53-291bcfa92579@group-F68C65ADDFE2->eab723bb-0aff-418b-9bd7-1333118797a2: nextIndex: updateUnconditionally 1 -> 0
2019-11-17 11:14:14,314 [grpc-default-executor-9] INFO  server.GrpcLogAppender (GrpcLogAppender.java:onCompleted(308)) - 4c46855d-d979-4113-9d53-291bcfa92579@group-F68C65ADDFE2->3d268c2e-02d6-42d5-8f0a-acb046ab2083-AppendLogResponseHandler: follower responses appendEntries COMPLETED
2019-11-17 11:14:14,322 [grpc-default-executor-9] INFO  impl.FollowerInfo (FollowerInfo.java:lambda$new$0(51)) - 4c46855d-d979-4113-9d53-291bcfa92579@group-F68C65ADDFE2->3d268c2e-02d6-42d5-8f0a-acb046ab2083: nextIndex: updateUnconditionally 1 -> 0
2019-11-17 11:14:14,323 [Thread-3714] INFO  pipeline.PipelineStateManager (PipelineStateManager.java:removePipeline(106)) - Pipeline Pipeline[ Id: ffbcf14a-afd4-4d95-abac-f68c65addfe2, Nodes: 3d268c2e-02d6-42d5-8f0a-acb046ab2083{ip: 192.168.34.35, host: pr-hdds-2291-5997d-4279494527, networkLocation: /rack1, certSerialId: null}eab723bb-0aff-418b-9bd7-1333118797a2{ip: 192.168.34.35, host: pr-hdds-2291-5997d-4279494527, networkLocation: /rack1, certSerialId: null}4c46855d-d979-4113-9d53-291bcfa92579{ip: 192.168.34.35, host: pr-hdds-2291-5997d-4279494527, networkLocation: /rack1, certSerialId: null}, Type:RATIS, Factor:THREE, State:CLOSED] removed from db
2019-11-17 11:14:14,323 [Thread-3714] INFO  pipeline.SCMPipelineManager (SCMPipelineManager.java:finalizeAndDestroyPipeline(315)) - destroying pipeline:Pipeline[ Id: ad7c213b-e90c-4e0d-b6e1-83f463ec1404, Nodes: 2e7e8ab2-b4fc-48ff-a5a7-73886d1441d9{ip: 192.168.34.35, host: pr-hdds-2291-5997d-4279494527, networkLocation: /rack1, certSerialId: null}, Type:RATIS, Factor:ONE, State:OPEN]
2019-11-17 11:14:14,328 [grpc-default-executor-5] INFO  impl.RaftServerProxy (RaftServerProxy.java:addNew(89)) - eab723bb-0aff-418b-9bd7-1333118797a2: addNew group-997951AD4E71:[4c46855d-d979-4113-9d53-291bcfa92579:192.168.34.35:41089, 3d268c2e-02d6-42d5-8f0a-acb046ab2083:192.168.34.35:41075, eab723bb-0aff-418b-9bd7-1333118797a2:192.168.34.35:46301] returns group-997951AD4E71:java.util.concurrent.CompletableFuture@bce6a73[Not completed]
2019-11-17 11:14:14,328 [grpc-default-executor-9] INFO  impl.RaftServerProxy (RaftServerProxy.java:addNew(89)) - 3d268c2e-02d6-42d5-8f0a-acb046ab2083: addNew group-997951AD4E71:[4c46855d-d979-4113-9d53-291bcfa92579:192.168.34.35:41089, 3d268c2e-02d6-42d5-8f0a-acb046ab2083:192.168.34.35:41075, eab723bb-0aff-418b-9bd7-1333118797a2:192.168.34.35:46301] returns group-997951AD4E71:java.util.concurrent.CompletableFuture@4de0966d[Not completed]
2019-11-17 11:14:14,330 [grpc-default-executor-6] INFO  impl.RaftServerProxy (RaftServerProxy.java:addNew(89)) - 4c46855d-d979-4113-9d53-291bcfa92579: addNew group-997951AD4E71:[4c46855d-d979-4113-9d53-291bcfa92579:192.168.34.35:41089, 3d268c2e-02d6-42d5-8f0a-acb046ab2083:192.168.34.35:41075, eab723bb-0aff-418b-9bd7-1333118797a2:192.168.34.35:46301] returns group-997951AD4E71:java.util.concurrent.CompletableFuture@71230323[Not completed]
2019-11-17 11:14:14,331 [pool-509-thread-1] INFO  impl.RaftServerImpl (RaftServerImpl.java:<init>(98)) - 3d268c2e-02d6-42d5-8f0a-acb046ab2083: new RaftServerImpl for group-997951AD4E71:[4c46855d-d979-4113-9d53-291bcfa92579:192.168.34.35:41089, 3d268c2e-02d6-42d5-8f0a-acb046ab2083:192.168.34.35:41075, eab723bb-0aff-418b-9bd7-1333118797a2:192.168.34.35:46301] with ContainerStateMachine:uninitialized
2019-11-17 11:14:14,331 [pool-509-thread-1] INFO  server.RaftServerConfigKeys (ConfUtils.java:logGet(43)) - raft.server.rpc.timeout.min = 1s (custom)
2019-11-17 11:14:14,331 [pool-509-thread-1] INFO  server.RaftServerConfigKeys (ConfUtils.java:logGet(43)) - raft.server.rpc.timeout.max = 1200ms (custom)
2019-11-17 11:14:14,331 [pool-509-thread-1] INFO  server.RaftServerConfigKeys (ConfUtils.java:logGet(43)) - raft.server.rpcslowness.timeout = 120s (custom)
2019-11-17 11:14:14,331 [pool-509-thread-1] INFO  server.RaftServerConfigKeys (ConfUtils.java:logGet(43)) - raft.server.sleep.deviation.threshold = 300 (default)
2019-11-17 11:14:14,331 [pool-529-thread-1] INFO  impl.RaftServerImpl (RaftServerImpl.java:<init>(98)) - 4c46855d-d979-4113-9d53-291bcfa92579: new RaftServerImpl for group-997951AD4E71:[4c46855d-d979-4113-9d53-291bcfa92579:192.168.34.35:41089, 3d268c2e-02d6-42d5-8f0a-acb046ab2083:192.168.34.35:41075, eab723bb-0aff-418b-9bd7-1333118797a2:192.168.34.35:46301] with ContainerStateMachine:uninitialized
2019-11-17 11:14:14,331 [pool-509-thread-1] INFO  server.RaftServerConfigKeys (ConfUtils.java:logGet(43)) - raft.server.log.appender.install.snapshot.enabled = false (custom)
2019-11-17 11:14:14,331 [pool-529-thread-1] INFO  server.RaftServerConfigKeys (ConfUtils.java:logGet(43)) - raft.server.rpc.timeout.min = 1s (custom)
2019-11-17 11:14:14,331 [pool-509-thread-1] INFO  impl.RaftServerImpl (ServerState.java:<init>(103)) - 3d268c2e-02d6-42d5-8f0a-acb046ab2083@group-997951AD4E71: ConfigurationManager, init=-1: [4c46855d-d979-4113-9d53-291bcfa92579:192.168.34.35:41089, 3d268c2e-02d6-42d5-8f0a-acb046ab2083:192.168.34.35:41075, eab723bb-0aff-418b-9bd7-1333118797a2:192.168.34.35:46301], old=null, confs=<EMPTY_MAP>
2019-11-17 11:14:14,331 [pool-529-thread-1] INFO  server.RaftServerConfigKeys (ConfUtils.java:logGet(43)) - raft.server.rpc.timeout.max = 1200ms (custom)
2019-11-17 11:14:14,331 [pool-509-thread-1] INFO  server.RaftServerConfigKeys (ConfUtils.java:logGet(43)) - raft.server.storage.dir = [/workdir/hadoop-ozone/integration-test/target/test-dir/MiniOzoneClusterImpl-d61a8e55-6b1b-4302-a8ca-331e331e4b67/datanode-0/data/ratis] (custom)
2019-11-17 11:14:14,331 [pool-519-thread-1] INFO  impl.RaftServerImpl (RaftServerImpl.java:<init>(98)) - eab723bb-0aff-418b-9bd7-1333118797a2: new RaftServerImpl for group-997951AD4E71:[4c46855d-d979-4113-9d53-291bcfa92579:192.168.34.35:41089, 3d268c2e-02d6-42d5-8f0a-acb046ab2083:192.168.34.35:41075, eab723bb-0aff-418b-9bd7-1333118797a2:192.168.34.35:46301] with ContainerStateMachine:uninitialized
2019-11-17 11:14:14,331 [pool-529-thread-1] INFO  server.RaftServerConfigKeys (ConfUtils.java:logGet(43)) - raft.server.rpcslowness.timeout = 120s (custom)
2019-11-17 11:14:14,332 [pool-519-thread-1] INFO  server.RaftServerConfigKeys (ConfUtils.java:logGet(43)) - raft.server.rpc.timeout.min = 1s (custom)
2019-11-17 11:14:14,332 [pool-509-thread-1] INFO  server.RaftServerConfigKeys (ConfUtils.java:logGet(43)) - raft.server.log.corruption.policy = EXCEPTION (default)
2019-11-17 11:14:14,332 [pool-519-thread-1] INFO  server.RaftServerConfigKeys (ConfUtils.java:logGet(43)) - raft.server.rpc.timeout.max = 1200ms (custom)
2019-11-17 11:14:14,332 [pool-529-thread-1] INFO  server.RaftServerConfigKeys (ConfUtils.java:logGet(43)) - raft.server.sleep.deviation.threshold = 300 (default)
2019-11-17 11:14:14,332 [pool-509-thread-1] INFO  storage.RaftStorageDirectory (RaftStorageDirectory.java:analyzeStorage(246)) - The storage directory /workdir/hadoop-ozone/integration-test/target/test-dir/MiniOzoneClusterImpl-d61a8e55-6b1b-4302-a8ca-331e331e4b67/datanode-0/data/ratis/75ac715d-6c28-4870-b783-997951ad4e71 does not exist. Creating ...
2019-11-17 11:14:14,332 [pool-519-thread-1] INFO  server.RaftServerConfigKeys (ConfUtils.java:logGet(43)) - raft.server.rpcslowness.timeout = 120s (custom)
2019-11-17 11:14:14,332 [pool-529-thread-1] INFO  server.RaftServerConfigKeys (ConfUtils.java:logGet(43)) - raft.server.log.appender.install.snapshot.enabled = false (custom)
2019-11-17 11:14:14,332 [pool-519-thread-1] INFO  server.RaftServerConfigKeys (ConfUtils.java:logGet(43)) - raft.server.sleep.deviation.threshold = 300 (default)
2019-11-17 11:14:14,332 [pool-529-thread-1] INFO  impl.RaftServerImpl (ServerState.java:<init>(103)) - 4c46855d-d979-4113-9d53-291bcfa92579@group-997951AD4E71: ConfigurationManager, init=-1: [4c46855d-d979-4113-9d53-291bcfa92579:192.168.34.35:41089, 3d268c2e-02d6-42d5-8f0a-acb046ab2083:192.168.34.35:41075, eab723bb-0aff-418b-9bd7-1333118797a2:192.168.34.35:46301], old=null, confs=<EMPTY_MAP>
2019-11-17 11:14:14,332 [pool-519-thread-1] INFO  server.RaftServerConfigKeys (ConfUtils.java:logGet(43)) - raft.server.log.appender.install.snapshot.enabled = false (custom)
2019-11-17 11:14:14,332 [pool-529-thread-1] INFO  server.RaftServerConfigKeys (ConfUtils.java:logGet(43)) - raft.server.storage.dir = [/workdir/hadoop-ozone/integration-test/target/test-dir/MiniOzoneClusterImpl-d61a8e55-6b1b-4302-a8ca-331e331e4b67/datanode-2/data/ratis] (custom)
2019-11-17 11:14:14,332 [pool-519-thread-1] INFO  impl.RaftServerImpl (ServerState.java:<init>(103)) - eab723bb-0aff-418b-9bd7-1333118797a2@group-997951AD4E71: ConfigurationManager, init=-1: [4c46855d-d979-4113-9d53-291bcfa92579:192.168.34.35:41089, 3d268c2e-02d6-42d5-8f0a-acb046ab2083:192.168.34.35:41075, eab723bb-0aff-418b-9bd7-1333118797a2:192.168.34.35:46301], old=null, confs=<EMPTY_MAP>
2019-11-17 11:14:14,333 [pool-529-thread-1] INFO  server.RaftServerConfigKeys (ConfUtils.java:logGet(43)) - raft.server.log.corruption.policy = EXCEPTION (default)
2019-11-17 11:14:14,333 [pool-519-thread-1] INFO  server.RaftServerConfigKeys (ConfUtils.java:logGet(43)) - raft.server.storage.dir = [/workdir/hadoop-ozone/integration-test/target/test-dir/MiniOzoneClusterImpl-d61a8e55-6b1b-4302-a8ca-331e331e4b67/datanode-1/data/ratis] (custom)
2019-11-17 11:14:14,333 [pool-529-thread-1] INFO  storage.RaftStorageDirectory (RaftStorageDirectory.java:analyzeStorage(246)) - The storage directory /workdir/hadoop-ozone/integration-test/target/test-dir/MiniOzoneClusterImpl-d61a8e55-6b1b-4302-a8ca-331e331e4b67/datanode-2/data/ratis/75ac715d-6c28-4870-b783-997951ad4e71 does not exist. Creating ...
2019-11-17 11:14:14,333 [pool-519-thread-1] INFO  server.RaftServerConfigKeys (ConfUtils.java:logGet(43)) - raft.server.log.corruption.policy = EXCEPTION (default)
2019-11-17 11:14:14,333 [pool-519-thread-1] INFO  storage.RaftStorageDirectory (RaftStorageDirectory.java:analyzeStorage(246)) - The storage directory /workdir/hadoop-ozone/integration-test/target/test-dir/MiniOzoneClusterImpl-d61a8e55-6b1b-4302-a8ca-331e331e4b67/datanode-1/data/ratis/75ac715d-6c28-4870-b783-997951ad4e71 does not exist. Creating ...
2019-11-17 11:14:14,345 [pool-529-thread-1] INFO  storage.RaftStorageDirectory (RaftStorageDirectory.java:tryLock(328)) - Lock on /workdir/hadoop-ozone/integration-test/target/test-dir/MiniOzoneClusterImpl-d61a8e55-6b1b-4302-a8ca-331e331e4b67/datanode-2/data/ratis/75ac715d-6c28-4870-b783-997951ad4e71/in_use.lock acquired by nodename 20606@pr-hdds-2291-5997d-4279494527
2019-11-17 11:14:14,345 [pool-509-thread-1] INFO  storage.RaftStorageDirectory (RaftStorageDirectory.java:tryLock(328)) - Lock on /workdir/hadoop-ozone/integration-test/target/test-dir/MiniOzoneClusterImpl-d61a8e55-6b1b-4302-a8ca-331e331e4b67/datanode-0/data/ratis/75ac715d-6c28-4870-b783-997951ad4e71/in_use.lock acquired by nodename 20606@pr-hdds-2291-5997d-4279494527
2019-11-17 11:14:14,345 [pool-519-thread-1] INFO  storage.RaftStorageDirectory (RaftStorageDirectory.java:tryLock(328)) - Lock on /workdir/hadoop-ozone/integration-test/target/test-dir/MiniOzoneClusterImpl-d61a8e55-6b1b-4302-a8ca-331e331e4b67/datanode-1/data/ratis/75ac715d-6c28-4870-b783-997951ad4e71/in_use.lock acquired by nodename 20606@pr-hdds-2291-5997d-4279494527
2019-11-17 11:14:14,358 [pool-519-thread-1] INFO  storage.RaftStorage (RaftStorage.java:format(84)) - Storage directory /workdir/hadoop-ozone/integration-test/target/test-dir/MiniOzoneClusterImpl-d61a8e55-6b1b-4302-a8ca-331e331e4b67/datanode-1/data/ratis/75ac715d-6c28-4870-b783-997951ad4e71 has been successfully formatted.
2019-11-17 11:14:14,359 [pool-509-thread-1] INFO  storage.RaftStorage (RaftStorage.java:format(84)) - Storage directory /workdir/hadoop-ozone/integration-test/target/test-dir/MiniOzoneClusterImpl-d61a8e55-6b1b-4302-a8ca-331e331e4b67/datanode-0/data/ratis/75ac715d-6c28-4870-b783-997951ad4e71 has been successfully formatted.
2019-11-17 11:14:14,359 [pool-519-thread-1] INFO  ratis.ContainerStateMachine (ContainerStateMachine.java:loadSnapshot(223)) - group-997951AD4E71: The snapshot info is null. Setting the last applied indexto:(t:0, i:~)
2019-11-17 11:14:14,359 [pool-509-thread-1] INFO  ratis.ContainerStateMachine (ContainerStateMachine.java:loadSnapshot(223)) - group-997951AD4E71: The snapshot info is null. Setting the last applied indexto:(t:0, i:~)
2019-11-17 11:14:14,359 [pool-529-thread-1] INFO  storage.RaftStorage (RaftStorage.java:format(84)) - Storage directory /workdir/hadoop-ozone/integration-test/target/test-dir/MiniOzoneClusterImpl-d61a8e55-6b1b-4302-a8ca-331e331e4b67/datanode-2/data/ratis/75ac715d-6c28-4870-b783-997951ad4e71 has been successfully formatted.
2019-11-17 11:14:14,359 [pool-509-thread-1] INFO  server.RaftServerConfigKeys (ConfUtils.java:logGet(43)) - raft.server.notification.no-leader.timeout = 120s (custom)
2019-11-17 11:14:14,359 [pool-519-thread-1] INFO  server.RaftServerConfigKeys (ConfUtils.java:logGet(43)) - raft.server.notification.no-leader.timeout = 120s (custom)
2019-11-17 11:14:14,359 [pool-509-thread-1] INFO  server.RaftServerConfigKeys (ConfUtils.java:logGet(43)) - raft.server.log.use.memory = false (default)
2019-11-17 11:14:14,359 [pool-529-thread-1] INFO  ratis.ContainerStateMachine (ContainerStateMachine.java:loadSnapshot(223)) - group-997951AD4E71: The snapshot info is null. Setting the last applied indexto:(t:0, i:~)
2019-11-17 11:14:14,359 [pool-509-thread-1] INFO  server.RaftServerConfigKeys (ConfUtils.java:logGet(43)) - raft.server.log.purge.gap = 1000000 (custom)
2019-11-17 11:14:14,359 [pool-519-thread-1] INFO  server.RaftServerConfigKeys (ConfUtils.java:logGet(43)) - raft.server.log.use.memory = false (default)
2019-11-17 11:14:14,359 [pool-509-thread-1] INFO  server.RaftServerConfigKeys (ConfUtils.java:logGet(43)) - raft.server.log.appender.buffer.byte-limit = 33554432 (custom)
2019-11-17 11:14:14,359 [pool-529-thread-1] INFO  server.RaftServerConfigKeys (ConfUtils.java:logGet(43)) - raft.server.notification.no-leader.timeout = 120s (custom)
2019-11-17 11:14:14,359 [pool-509-thread-1] INFO  server.RaftServerConfigKeys (ConfUtils.java:logGet(43)) - raft.server.log.segment.size.max = 1048576 (custom)
2019-11-17 11:14:14,359 [pool-519-thread-1] INFO  server.RaftServerConfigKeys (ConfUtils.java:logGet(43)) - raft.server.log.purge.gap = 1000000 (custom)
2019-11-17 11:14:14,360 [pool-509-thread-1] INFO  server.RaftServerConfigKeys (ConfUtils.java:logGet(43)) - raft.server.log.segment.cache.num.max = 2 (custom)
2019-11-17 11:14:14,360 [pool-529-thread-1] INFO  server.RaftServerConfigKeys (ConfUtils.java:logGet(43)) - raft.server.log.use.memory = false (default)
2019-11-17 11:14:14,360 [pool-509-thread-1] INFO  segmented.SegmentedRaftLogWorker (SegmentedRaftLogWorker.java:<init>(173)) - new 3d268c2e-02d6-42d5-8f0a-acb046ab2083@group-997951AD4E71-SegmentedRaftLogWorker for RaftStorage:Storage Directory /workdir/hadoop-ozone/integration-test/target/test-dir/MiniOzoneClusterImpl-d61a8e55-6b1b-4302-a8ca-331e331e4b67/datanode-0/data/ratis/75ac715d-6c28-4870-b783-997951ad4e71
2019-11-17 11:14:14,360 [pool-519-thread-1] INFO  server.RaftServerConfigKeys (ConfUtils.java:logGet(43)) - raft.server.log.appender.buffer.byte-limit = 33554432 (custom)
2019-11-17 11:14:14,360 [pool-509-thread-1] INFO  server.RaftServerConfigKeys (ConfUtils.java:logGet(43)) - raft.server.log.queue.byte-limit = 2147483647 (custom)
2019-11-17 11:14:14,360 [pool-529-thread-1] INFO  server.RaftServerConfigKeys (ConfUtils.java:logGet(43)) - raft.server.log.purge.gap = 1000000 (custom)
2019-11-17 11:14:14,360 [pool-509-thread-1] INFO  server.RaftServerConfigKeys (ConfUtils.java:logGet(43)) - raft.server.log.queue.element-limit = 1024 (custom)
2019-11-17 11:14:14,360 [pool-519-thread-1] INFO  server.RaftServerConfigKeys (ConfUtils.java:logGet(43)) - raft.server.log.segment.size.max = 1048576 (custom)
2019-11-17 11:14:14,360 [pool-509-thread-1] INFO  server.RaftServerConfigKeys (ConfUtils.java:logGet(43)) - raft.server.log.segment.size.max = 1048576 (custom)
2019-11-17 11:14:14,360 [pool-529-thread-1] INFO  server.RaftServerConfigKeys (ConfUtils.java:logGet(43)) - raft.server.log.appender.buffer.byte-limit = 33554432 (custom)
2019-11-17 11:14:14,360 [pool-509-thread-1] INFO  server.RaftServerConfigKeys (ConfUtils.java:logGet(43)) - raft.server.log.preallocated.size = 16384 (custom)
2019-11-17 11:14:14,360 [pool-519-thread-1] INFO  server.RaftServerConfigKeys (ConfUtils.java:logGet(43)) - raft.server.log.segment.cache.num.max = 2 (custom)
2019-11-17 11:14:14,361 [pool-509-thread-1] INFO  server.RaftServerConfigKeys (ConfUtils.java:logGet(43)) - raft.server.log.write.buffer.size = 33554432 (custom)
2019-11-17 11:14:14,361 [pool-529-thread-1] INFO  server.RaftServerConfigKeys (ConfUtils.java:logGet(43)) - raft.server.log.segment.size.max = 1048576 (custom)
2019-11-17 11:14:14,361 [pool-509-thread-1] INFO  server.RaftServerConfigKeys (ConfUtils.java:logGet(43)) - raft.server.log.force.sync.num = 128 (default)
2019-11-17 11:14:14,361 [pool-519-thread-1] INFO  segmented.SegmentedRaftLogWorker (SegmentedRaftLogWorker.java:<init>(173)) - new eab723bb-0aff-418b-9bd7-1333118797a2@group-997951AD4E71-SegmentedRaftLogWorker for RaftStorage:Storage Directory /workdir/hadoop-ozone/integration-test/target/test-dir/MiniOzoneClusterImpl-d61a8e55-6b1b-4302-a8ca-331e331e4b67/datanode-1/data/ratis/75ac715d-6c28-4870-b783-997951ad4e71
2019-11-17 11:14:14,361 [pool-509-thread-1] INFO  server.RaftServerConfigKeys (ConfUtils.java:logGet(43)) - raft.server.log.statemachine.data.sync = true (default)
2019-11-17 11:14:14,361 [pool-529-thread-1] INFO  server.RaftServerConfigKeys (ConfUtils.java:logGet(43)) - raft.server.log.segment.cache.num.max = 2 (custom)
2019-11-17 11:14:14,361 [pool-509-thread-1] INFO  server.RaftServerConfigKeys (ConfUtils.java:logGet(43)) - raft.server.log.statemachine.data.sync.timeout = 10s (default)
2019-11-17 11:14:14,361 [pool-519-thread-1] INFO  server.RaftServerConfigKeys (ConfUtils.java:logGet(43)) - raft.server.log.queue.byte-limit = 2147483647 (custom)
2019-11-17 11:14:14,361 [pool-509-thread-1] INFO  server.RaftServerConfigKeys (ConfUtils.java:logGet(43)) - raft.server.log.statemachine.data.sync.timeout.retry = -1 (default)
2019-11-17 11:14:14,361 [pool-529-thread-1] INFO  segmented.SegmentedRaftLogWorker (SegmentedRaftLogWorker.java:<init>(173)) - new 4c46855d-d979-4113-9d53-291bcfa92579@group-997951AD4E71-SegmentedRaftLogWorker for RaftStorage:Storage Directory /workdir/hadoop-ozone/integration-test/target/test-dir/MiniOzoneClusterImpl-d61a8e55-6b1b-4302-a8ca-331e331e4b67/datanode-2/data/ratis/75ac715d-6c28-4870-b783-997951ad4e71
2019-11-17 11:14:14,361 [pool-509-thread-1] INFO  server.RaftServerConfigKeys (ConfUtils.java:logGet(43)) - raft.server.log.statemachine.data.caching.enabled = true (custom)
2019-11-17 11:14:14,361 [pool-519-thread-1] INFO  server.RaftServerConfigKeys (ConfUtils.java:logGet(43)) - raft.server.log.queue.element-limit = 1024 (custom)
2019-11-17 11:14:14,362 [pool-509-thread-1] INFO  segmented.SegmentedRaftLogWorker (SegmentedRaftLogWorker.java:lambda$new$0(128)) - 3d268c2e-02d6-42d5-8f0a-acb046ab2083@group-997951AD4E71-SegmentedRaftLogWorker: flushIndex: setUnconditionally 0 -> -1
2019-11-17 11:14:14,361 [pool-529-thread-1] INFO  server.RaftServerConfigKeys (ConfUtils.java:logGet(43)) - raft.server.log.queue.byte-limit = 2147483647 (custom)
2019-11-17 11:14:14,362 [pool-519-thread-1] INFO  server.RaftServerConfigKeys (ConfUtils.java:logGet(43)) - raft.server.log.segment.size.max = 1048576 (custom)
2019-11-17 11:14:14,362 [pool-509-thread-1] INFO  server.RaftServerConfigKeys (ConfUtils.java:logGet(43)) - raft.server.snapshot.auto.trigger.enabled = true (custom)
2019-11-17 11:14:14,362 [pool-529-thread-1] INFO  server.RaftServerConfigKeys (ConfUtils.java:logGet(43)) - raft.server.log.queue.element-limit = 1024 (custom)
2019-11-17 11:14:14,362 [pool-509-thread-1] INFO  server.RaftServerConfigKeys (ConfUtils.java:logGet(43)) - raft.server.snapshot.auto.trigger.threshold = 10000 (custom)
2019-11-17 11:14:14,362 [pool-519-thread-1] INFO  server.RaftServerConfigKeys (ConfUtils.java:logGet(43)) - raft.server.log.preallocated.size = 16384 (custom)
2019-11-17 11:14:14,362 [pool-509-thread-1] INFO  server.RaftServerConfigKeys (ConfUtils.java:logGet(43)) - raft.server.snapshot.retention.file.num = 5 (custom)
2019-11-17 11:14:14,362 [pool-529-thread-1] INFO  server.RaftServerConfigKeys (ConfUtils.java:logGet(43)) - raft.server.log.segment.size.max = 1048576 (custom)
2019-11-17 11:14:14,362 [pool-509-thread-1] INFO  server.RaftServerConfigKeys (ConfUtils.java:logGet(43)) - raft.server.retrycache.expirytime = 600000ms (custom)
2019-11-17 11:14:14,362 [pool-519-thread-1] INFO  server.RaftServerConfigKeys (ConfUtils.java:logGet(43)) - raft.server.log.write.buffer.size = 33554432 (custom)
2019-11-17 11:14:14,363 [pool-509-thread-1] WARN  impl.MetricRegistriesImpl (MetricRegistriesImpl.java:lambda$create$1(61)) - First MetricRegistry has been created without registering reporters. You may need to call MetricRegistries.global().addReportRegistration(...) before.
2019-11-17 11:14:14,362 [pool-529-thread-1] INFO  server.RaftServerConfigKeys (ConfUtils.java:logGet(43)) - raft.server.log.preallocated.size = 16384 (custom)
2019-11-17 11:14:14,363 [pool-509-thread-1] WARN  impl.MetricRegistriesImpl (MetricRegistriesImpl.java:lambda$create$1(61)) - First MetricRegistry has been created without registering reporters. You may need to call MetricRegistries.global().addReportRegistration(...) before.
2019-11-17 11:14:14,363 [pool-519-thread-1] INFO  server.RaftServerConfigKeys (ConfUtils.java:logGet(43)) - raft.server.log.force.sync.num = 128 (default)
2019-11-17 11:14:14,363 [pool-509-thread-1] INFO  impl.RaftServerImpl (RaftServerImpl.java:start(184)) - 3d268c2e-02d6-42d5-8f0a-acb046ab2083@group-997951AD4E71: start as a follower, conf=-1: [4c46855d-d979-4113-9d53-291bcfa92579:192.168.34.35:41089, 3d268c2e-02d6-42d5-8f0a-acb046ab2083:192.168.34.35:41075, eab723bb-0aff-418b-9bd7-1333118797a2:192.168.34.35:46301], old=null
2019-11-17 11:14:14,363 [pool-509-thread-1] INFO  impl.RaftServerImpl (RaftServerImpl.java:setRole(173)) - 3d268c2e-02d6-42d5-8f0a-acb046ab2083@group-997951AD4E71: changes role from      null to FOLLOWER at term 0 for startAsFollower
2019-11-17 11:14:14,363 [pool-529-thread-1] INFO  server.RaftServerConfigKeys (ConfUtils.java:logGet(43)) - raft.server.log.write.buffer.size = 33554432 (custom)
2019-11-17 11:14:14,363 [pool-509-thread-1] INFO  impl.RoleInfo (RoleInfo.java:updateAndGet(143)) - 3d268c2e-02d6-42d5-8f0a-acb046ab2083: start FollowerState
2019-11-17 11:14:14,363 [pool-519-thread-1] INFO  server.RaftServerConfigKeys (ConfUtils.java:logGet(43)) - raft.server.log.statemachine.data.sync = true (default)
2019-11-17 11:14:14,363 [pool-529-thread-1] INFO  server.RaftServerConfigKeys (ConfUtils.java:logGet(43)) - raft.server.log.force.sync.num = 128 (default)
2019-11-17 11:14:14,363 [pool-509-thread-1] INFO  util.JmxRegister (JmxRegister.java:tryRegister(44)) - Successfully registered JMX Bean with object name Ratis:service=RaftServer,group=group-997951AD4E71,id=3d268c2e-02d6-42d5-8f0a-acb046ab2083
2019-11-17 11:14:14,363 [pool-519-thread-1] INFO  server.RaftServerConfigKeys (ConfUtils.java:logGet(43)) - raft.server.log.statemachine.data.sync.timeout = 10s (default)
2019-11-17 11:14:14,364 [pool-509-thread-1] WARN  impl.MetricRegistriesImpl (MetricRegistriesImpl.java:lambda$create$1(61)) - First MetricRegistry has been created without registering reporters. You may need to call MetricRegistries.global().addReportRegistration(...) before.
2019-11-17 11:14:14,364 [pool-529-thread-1] INFO  server.RaftServerConfigKeys (ConfUtils.java:logGet(43)) - raft.server.log.statemachine.data.sync = true (default)
2019-11-17 11:14:14,364 [pool-519-thread-1] INFO  server.RaftServerConfigKeys (ConfUtils.java:logGet(43)) - raft.server.log.statemachine.data.sync.timeout.retry = -1 (default)
2019-11-17 11:14:14,364 [pool-529-thread-1] INFO  server.RaftServerConfigKeys (ConfUtils.java:logGet(43)) - raft.server.log.statemachine.data.sync.timeout = 10s (default)
2019-11-17 11:14:14,364 [pool-519-thread-1] INFO  server.RaftServerConfigKeys (ConfUtils.java:logGet(43)) - raft.server.log.statemachine.data.caching.enabled = true (custom)
2019-11-17 11:14:14,364 [pool-529-thread-1] INFO  server.RaftServerConfigKeys (ConfUtils.java:logGet(43)) - raft.server.log.statemachine.data.sync.timeout.retry = -1 (default)
2019-11-17 11:14:14,364 [pool-529-thread-1] INFO  server.RaftServerConfigKeys (ConfUtils.java:logGet(43)) - raft.server.log.statemachine.data.caching.enabled = true (custom)
2019-11-17 11:14:14,364 [pool-519-thread-1] INFO  segmented.SegmentedRaftLogWorker (SegmentedRaftLogWorker.java:lambda$new$0(128)) - eab723bb-0aff-418b-9bd7-1333118797a2@group-997951AD4E71-SegmentedRaftLogWorker: flushIndex: setUnconditionally 0 -> -1
2019-11-17 11:14:14,364 [pool-529-thread-1] INFO  segmented.SegmentedRaftLogWorker (SegmentedRaftLogWorker.java:lambda$new$0(128)) - 4c46855d-d979-4113-9d53-291bcfa92579@group-997951AD4E71-SegmentedRaftLogWorker: flushIndex: setUnconditionally 0 -> -1
2019-11-17 11:14:14,365 [pool-519-thread-1] INFO  server.RaftServerConfigKeys (ConfUtils.java:logGet(43)) - raft.server.snapshot.auto.trigger.enabled = true (custom)
2019-11-17 11:14:14,365 [pool-529-thread-1] INFO  server.RaftServerConfigKeys (ConfUtils.java:logGet(43)) - raft.server.snapshot.auto.trigger.enabled = true (custom)
2019-11-17 11:14:14,365 [pool-519-thread-1] INFO  server.RaftServerConfigKeys (ConfUtils.java:logGet(43)) - raft.server.snapshot.auto.trigger.threshold = 10000 (custom)
2019-11-17 11:14:14,365 [pool-529-thread-1] INFO  server.RaftServerConfigKeys (ConfUtils.java:logGet(43)) - raft.server.snapshot.auto.trigger.threshold = 10000 (custom)
2019-11-17 11:14:14,365 [pool-519-thread-1] INFO  server.RaftServerConfigKeys (ConfUtils.java:logGet(43)) - raft.server.snapshot.retention.file.num = 5 (custom)
2019-11-17 11:14:14,365 [pool-529-thread-1] INFO  server.RaftServerConfigKeys (ConfUtils.java:logGet(43)) - raft.server.snapshot.retention.file.num = 5 (custom)
2019-11-17 11:14:14,365 [pool-519-thread-1] INFO  server.RaftServerConfigKeys (ConfUtils.java:logGet(43)) - raft.server.retrycache.expirytime = 600000ms (custom)
2019-11-17 11:14:14,365 [pool-529-thread-1] INFO  server.RaftServerConfigKeys (ConfUtils.java:logGet(43)) - raft.server.retrycache.expirytime = 600000ms (custom)
2019-11-17 11:14:14,365 [pool-519-thread-1] WARN  impl.MetricRegistriesImpl (MetricRegistriesImpl.java:lambda$create$1(61)) - First MetricRegistry has been created without registering reporters. You may need to call MetricRegistries.global().addReportRegistration(...) before.
2019-11-17 11:14:14,365 [pool-529-thread-1] WARN  impl.MetricRegistriesImpl (MetricRegistriesImpl.java:lambda$create$1(61)) - First MetricRegistry has been created without registering reporters. You may need to call MetricRegistries.global().addReportRegistration(...) before.
2019-11-17 11:14:14,365 [pool-519-thread-1] WARN  impl.MetricRegistriesImpl (MetricRegistriesImpl.java:lambda$create$1(61)) - First MetricRegistry has been created without registering reporters. You may need to call MetricRegistries.global().addReportRegistration(...) before.
2019-11-17 11:14:14,365 [pool-529-thread-1] WARN  impl.MetricRegistriesImpl (MetricRegistriesImpl.java:lambda$create$1(61)) - First MetricRegistry has been created without registering reporters. You may need to call MetricRegistries.global().addReportRegistration(...) before.
2019-11-17 11:14:14,366 [pool-519-thread-1] INFO  impl.RaftServerImpl (RaftServerImpl.java:start(184)) - eab723bb-0aff-418b-9bd7-1333118797a2@group-997951AD4E71: start as a follower, conf=-1: [4c46855d-d979-4113-9d53-291bcfa92579:192.168.34.35:41089, 3d268c2e-02d6-42d5-8f0a-acb046ab2083:192.168.34.35:41075, eab723bb-0aff-418b-9bd7-1333118797a2:192.168.34.35:46301], old=null
2019-11-17 11:14:14,366 [pool-529-thread-1] INFO  impl.RaftServerImpl (RaftServerImpl.java:start(184)) - 4c46855d-d979-4113-9d53-291bcfa92579@group-997951AD4E71: start as a follower, conf=-1: [4c46855d-d979-4113-9d53-291bcfa92579:192.168.34.35:41089, 3d268c2e-02d6-42d5-8f0a-acb046ab2083:192.168.34.35:41075, eab723bb-0aff-418b-9bd7-1333118797a2:192.168.34.35:46301], old=null
2019-11-17 11:14:14,366 [pool-519-thread-1] INFO  impl.RaftServerImpl (RaftServerImpl.java:setRole(173)) - eab723bb-0aff-418b-9bd7-1333118797a2@group-997951AD4E71: changes role from      null to FOLLOWER at term 0 for startAsFollower
2019-11-17 11:14:14,366 [pool-529-thread-1] INFO  impl.RaftServerImpl (RaftServerImpl.java:setRole(173)) - 4c46855d-d979-4113-9d53-291bcfa92579@group-997951AD4E71: changes role from      null to FOLLOWER at term 0 for startAsFollower
2019-11-17 11:14:14,366 [pool-519-thread-1] INFO  impl.RoleInfo (RoleInfo.java:updateAndGet(143)) - eab723bb-0aff-418b-9bd7-1333118797a2: start FollowerState
2019-11-17 11:14:14,366 [pool-529-thread-1] INFO  impl.RoleInfo (RoleInfo.java:updateAndGet(143)) - 4c46855d-d979-4113-9d53-291bcfa92579: start FollowerState
2019-11-17 11:14:14,366 [pool-519-thread-1] INFO  util.JmxRegister (JmxRegister.java:tryRegister(44)) - Successfully registered JMX Bean with object name Ratis:service=RaftServer,group=group-997951AD4E71,id=eab723bb-0aff-418b-9bd7-1333118797a2
2019-11-17 11:14:14,366 [pool-529-thread-1] INFO  util.JmxRegister (JmxRegister.java:tryRegister(44)) - Successfully registered JMX Bean with object name Ratis:service=RaftServer,group=group-997951AD4E71,id=4c46855d-d979-4113-9d53-291bcfa92579
2019-11-17 11:14:14,366 [pool-519-thread-1] WARN  impl.MetricRegistriesImpl (MetricRegistriesImpl.java:lambda$create$1(61)) - First MetricRegistry has been created without registering reporters. You may need to call MetricRegistries.global().addReportRegistration(...) before.
2019-11-17 11:14:14,366 [pool-529-thread-1] WARN  impl.MetricRegistriesImpl (MetricRegistriesImpl.java:lambda$create$1(61)) - First MetricRegistry has been created without registering reporters. You may need to call MetricRegistries.global().addReportRegistration(...) before.
2019-11-17 11:14:14,368 [RatisPipelineUtilsThread] INFO  pipeline.PipelineStateManager (PipelineStateManager.java:addPipeline(55)) - Created pipeline Pipeline[ Id: 75ac715d-6c28-4870-b783-997951ad4e71, Nodes: 3d268c2e-02d6-42d5-8f0a-acb046ab2083{ip: 192.168.34.35, host: pr-hdds-2291-5997d-4279494527, networkLocation: /rack1, certSerialId: null}eab723bb-0aff-418b-9bd7-1333118797a2{ip: 192.168.34.35, host: pr-hdds-2291-5997d-4279494527, networkLocation: /rack1, certSerialId: null}4c46855d-d979-4113-9d53-291bcfa92579{ip: 192.168.34.35, host: pr-hdds-2291-5997d-4279494527, networkLocation: /rack1, certSerialId: null}, Type:RATIS, Factor:THREE, State:ALLOCATED]
2019-11-17 11:14:14,368 [Thread-3714] INFO  pipeline.PipelineStateManager (PipelineStateManager.java:finalizePipeline(121)) - Pipeline Pipeline[ Id: ad7c213b-e90c-4e0d-b6e1-83f463ec1404, Nodes: 2e7e8ab2-b4fc-48ff-a5a7-73886d1441d9{ip: 192.168.34.35, host: pr-hdds-2291-5997d-4279494527, networkLocation: /rack1, certSerialId: null}, Type:RATIS, Factor:ONE, State:CLOSED] moved to CLOSED state
2019-11-17 11:14:14,370 [grpc-default-executor-6] INFO  impl.RaftServerProxy (RaftServerProxy.java:remove(95)) - 2e7e8ab2-b4fc-48ff-a5a7-73886d1441d9: remove    LEADER 2e7e8ab2-b4fc-48ff-a5a7-73886d1441d9@group-83F463EC1404:t1, leader=2e7e8ab2-b4fc-48ff-a5a7-73886d1441d9, voted=2e7e8ab2-b4fc-48ff-a5a7-73886d1441d9, raftlog=2e7e8ab2-b4fc-48ff-a5a7-73886d1441d9@group-83F463EC1404-SegmentedRaftLog:OPENED:c0,f0,i0, conf=0: [2e7e8ab2-b4fc-48ff-a5a7-73886d1441d9:192.168.34.35:39716], old=null RUNNING
2019-11-17 11:14:14,371 [grpc-default-executor-6] INFO  impl.RaftServerImpl (RaftServerImpl.java:lambda$shutdown$3(250)) - 2e7e8ab2-b4fc-48ff-a5a7-73886d1441d9@group-83F463EC1404: shutdown
2019-11-17 11:14:14,371 [grpc-default-executor-6] INFO  util.JmxRegister (JmxRegister.java:unregister(73)) - Successfully un-registered JMX Bean with object name Ratis:service=RaftServer,group=group-83F463EC1404,id=2e7e8ab2-b4fc-48ff-a5a7-73886d1441d9
2019-11-17 11:14:14,371 [grpc-default-executor-6] INFO  impl.RoleInfo (RoleInfo.java:shutdownLeaderState(104)) - 2e7e8ab2-b4fc-48ff-a5a7-73886d1441d9: shutdown LeaderState
2019-11-17 11:14:14,371 [grpc-default-executor-6] INFO  impl.PendingRequests (PendingRequests.java:sendNotLeaderResponses(206)) - 2e7e8ab2-b4fc-48ff-a5a7-73886d1441d9@group-83F463EC1404-PendingRequests: sendNotLeaderResponses
2019-11-17 11:14:14,371 [grpc-default-executor-6] INFO  impl.StateMachineUpdater (StateMachineUpdater.java:stopAndJoin(136)) - 2e7e8ab2-b4fc-48ff-a5a7-73886d1441d9@group-83F463EC1404-StateMachineUpdater: set stopIndex = 0
2019-11-17 11:14:14,371 [grpc-default-executor-6] INFO  impl.RaftServerImpl (ServerState.java:close(387)) - 2e7e8ab2-b4fc-48ff-a5a7-73886d1441d9@group-83F463EC1404: closes. applyIndex: 0
2019-11-17 11:14:14,371 [2e7e8ab2-b4fc-48ff-a5a7-73886d1441d9@group-83F463EC1404-SegmentedRaftLogWorker] INFO  segmented.SegmentedRaftLogWorker (SegmentedRaftLogWorker.java:run(316)) - 2e7e8ab2-b4fc-48ff-a5a7-73886d1441d9@group-83F463EC1404-SegmentedRaftLogWorker was interrupted, exiting. There are 0 tasks remaining in the queue.
2019-11-17 11:14:14,371 [grpc-default-executor-6] INFO  segmented.SegmentedRaftLogWorker (SegmentedRaftLogWorker.java:close(224)) - 2e7e8ab2-b4fc-48ff-a5a7-73886d1441d9@group-83F463EC1404-SegmentedRaftLogWorker close()
2019-11-17 11:14:14,373 [Thread-3714] INFO  pipeline.PipelineStateManager (PipelineStateManager.java:removePipeline(106)) - Pipeline Pipeline[ Id: ad7c213b-e90c-4e0d-b6e1-83f463ec1404, Nodes: 2e7e8ab2-b4fc-48ff-a5a7-73886d1441d9{ip: 192.168.34.35, host: pr-hdds-2291-5997d-4279494527, networkLocation: /rack1, certSerialId: null}, Type:RATIS, Factor:ONE, State:CLOSED] removed from db
2019-11-17 11:14:14,373 [Thread-3714] INFO  pipeline.SCMPipelineManager (SCMPipelineManager.java:finalizeAndDestroyPipeline(315)) - destroying pipeline:Pipeline[ Id: d8308c01-6256-4a4a-8d96-6f9cda275e3c, Nodes: c2458f73-2416-4c07-9882-0f9c7a0b27cc{ip: 192.168.34.35, host: pr-hdds-2291-5997d-4279494527, networkLocation: /rack1, certSerialId: null}, Type:RATIS, Factor:ONE, State:OPEN]
2019-11-17 11:14:14,373 [Thread-3714] INFO  pipeline.PipelineStateManager (PipelineStateManager.java:finalizePipeline(121)) - Pipeline Pipeline[ Id: d8308c01-6256-4a4a-8d96-6f9cda275e3c, Nodes: c2458f73-2416-4c07-9882-0f9c7a0b27cc{ip: 192.168.34.35, host: pr-hdds-2291-5997d-4279494527, networkLocation: /rack1, certSerialId: null}, Type:RATIS, Factor:ONE, State:CLOSED] moved to CLOSED state
2019-11-17 11:14:14,375 [grpc-default-executor-6] INFO  impl.RaftServerProxy (RaftServerProxy.java:remove(95)) - c2458f73-2416-4c07-9882-0f9c7a0b27cc: remove    LEADER c2458f73-2416-4c07-9882-0f9c7a0b27cc@group-6F9CDA275E3C:t1, leader=c2458f73-2416-4c07-9882-0f9c7a0b27cc, voted=c2458f73-2416-4c07-9882-0f9c7a0b27cc, raftlog=c2458f73-2416-4c07-9882-0f9c7a0b27cc@group-6F9CDA275E3C-SegmentedRaftLog:OPENED:c0,f0,i0, conf=0: [c2458f73-2416-4c07-9882-0f9c7a0b27cc:192.168.34.35:41744], old=null RUNNING
2019-11-17 11:14:14,375 [grpc-default-executor-6] INFO  impl.RaftServerImpl (RaftServerImpl.java:lambda$shutdown$3(250)) - c2458f73-2416-4c07-9882-0f9c7a0b27cc@group-6F9CDA275E3C: shutdown
2019-11-17 11:14:14,375 [grpc-default-executor-9] INFO  impl.RaftServerProxy (RaftServerProxy.java:addNew(89)) - 2e7e8ab2-b4fc-48ff-a5a7-73886d1441d9: addNew group-9E7D444A7E8C:[2e7e8ab2-b4fc-48ff-a5a7-73886d1441d9:192.168.34.35:39716] returns group-9E7D444A7E8C:java.util.concurrent.CompletableFuture@165a2048[Not completed]
2019-11-17 11:14:14,375 [grpc-default-executor-6] INFO  util.JmxRegister (JmxRegister.java:unregister(73)) - Successfully un-registered JMX Bean with object name Ratis:service=RaftServer,group=group-6F9CDA275E3C,id=c2458f73-2416-4c07-9882-0f9c7a0b27cc
2019-11-17 11:14:14,375 [grpc-default-executor-6] INFO  impl.RoleInfo (RoleInfo.java:shutdownLeaderState(104)) - c2458f73-2416-4c07-9882-0f9c7a0b27cc: shutdown LeaderState
2019-11-17 11:14:14,375 [grpc-default-executor-6] INFO  impl.PendingRequests (PendingRequests.java:sendNotLeaderResponses(206)) - c2458f73-2416-4c07-9882-0f9c7a0b27cc@group-6F9CDA275E3C-PendingRequests: sendNotLeaderResponses
2019-11-17 11:14:14,376 [grpc-default-executor-6] INFO  impl.StateMachineUpdater (StateMachineUpdater.java:stopAndJoin(136)) - c2458f73-2416-4c07-9882-0f9c7a0b27cc@group-6F9CDA275E3C-StateMachineUpdater: set stopIndex = 0
2019-11-17 11:14:14,376 [pool-549-thread-1] INFO  impl.RaftServerImpl (RaftServerImpl.java:<init>(98)) - 2e7e8ab2-b4fc-48ff-a5a7-73886d1441d9: new RaftServerImpl for group-9E7D444A7E8C:[2e7e8ab2-b4fc-48ff-a5a7-73886d1441d9:192.168.34.35:39716] with ContainerStateMachine:uninitialized
2019-11-17 11:14:14,376 [pool-549-thread-1] INFO  server.RaftServerConfigKeys (ConfUtils.java:logGet(43)) - raft.server.rpc.timeout.min = 1s (custom)
2019-11-17 11:14:14,376 [grpc-default-executor-6] INFO  impl.RaftServerImpl (ServerState.java:close(387)) - c2458f73-2416-4c07-9882-0f9c7a0b27cc@group-6F9CDA275E3C: closes. applyIndex: 0
2019-11-17 11:14:14,376 [pool-549-thread-1] INFO  server.RaftServerConfigKeys (ConfUtils.java:logGet(43)) - raft.server.rpc.timeout.max = 1200ms (custom)
2019-11-17 11:14:14,376 [pool-549-thread-1] INFO  server.RaftServerConfigKeys (ConfUtils.java:logGet(43)) - raft.server.rpcslowness.timeout = 120s (custom)
2019-11-17 11:14:14,376 [c2458f73-2416-4c07-9882-0f9c7a0b27cc@group-6F9CDA275E3C-SegmentedRaftLogWorker] INFO  segmented.SegmentedRaftLogWorker (SegmentedRaftLogWorker.java:run(316)) - c2458f73-2416-4c07-9882-0f9c7a0b27cc@group-6F9CDA275E3C-SegmentedRaftLogWorker was interrupted, exiting. There are 0 tasks remaining in the queue.
2019-11-17 11:14:14,376 [pool-549-thread-1] INFO  server.RaftServerConfigKeys (ConfUtils.java:logGet(43)) - raft.server.sleep.deviation.threshold = 300 (default)
2019-11-17 11:14:14,376 [grpc-default-executor-6] INFO  segmented.SegmentedRaftLogWorker (SegmentedRaftLogWorker.java:close(224)) - c2458f73-2416-4c07-9882-0f9c7a0b27cc@group-6F9CDA275E3C-SegmentedRaftLogWorker close()
2019-11-17 11:14:14,376 [pool-549-thread-1] INFO  server.RaftServerConfigKeys (ConfUtils.java:logGet(43)) - raft.server.log.appender.install.snapshot.enabled = false (custom)
2019-11-17 11:14:14,376 [pool-549-thread-1] INFO  impl.RaftServerImpl (ServerState.java:<init>(103)) - 2e7e8ab2-b4fc-48ff-a5a7-73886d1441d9@group-9E7D444A7E8C: ConfigurationManager, init=-1: [2e7e8ab2-b4fc-48ff-a5a7-73886d1441d9:192.168.34.35:39716], old=null, confs=<EMPTY_MAP>
2019-11-17 11:14:14,377 [pool-549-thread-1] INFO  server.RaftServerConfigKeys (ConfUtils.java:logGet(43)) - raft.server.storage.dir = [/workdir/hadoop-ozone/integration-test/target/test-dir/MiniOzoneClusterImpl-d61a8e55-6b1b-4302-a8ca-331e331e4b67/datanode-4/data/ratis] (custom)
2019-11-17 11:14:14,377 [pool-549-thread-1] INFO  server.RaftServerConfigKeys (ConfUtils.java:logGet(43)) - raft.server.log.corruption.policy = EXCEPTION (default)
2019-11-17 11:14:14,377 [pool-549-thread-1] INFO  storage.RaftStorageDirectory (RaftStorageDirectory.java:analyzeStorage(246)) - The storage directory /workdir/hadoop-ozone/integration-test/target/test-dir/MiniOzoneClusterImpl-d61a8e55-6b1b-4302-a8ca-331e331e4b67/datanode-4/data/ratis/a14aa278-5ea5-44ec-8266-9e7d444a7e8c does not exist. Creating ...
2019-11-17 11:14:14,394 [pool-549-thread-1] INFO  storage.RaftStorageDirectory (RaftStorageDirectory.java:tryLock(328)) - Lock on /workdir/hadoop-ozone/integration-test/target/test-dir/MiniOzoneClusterImpl-d61a8e55-6b1b-4302-a8ca-331e331e4b67/datanode-4/data/ratis/a14aa278-5ea5-44ec-8266-9e7d444a7e8c/in_use.lock acquired by nodename 20606@pr-hdds-2291-5997d-4279494527
2019-11-17 11:14:14,408 [pool-549-thread-1] INFO  storage.RaftStorage (RaftStorage.java:format(84)) - Storage directory /workdir/hadoop-ozone/integration-test/target/test-dir/MiniOzoneClusterImpl-d61a8e55-6b1b-4302-a8ca-331e331e4b67/datanode-4/data/ratis/a14aa278-5ea5-44ec-8266-9e7d444a7e8c has been successfully formatted.
2019-11-17 11:14:14,408 [pool-549-thread-1] INFO  ratis.ContainerStateMachine (ContainerStateMachine.java:loadSnapshot(223)) - group-9E7D444A7E8C: The snapshot info is null. Setting the last applied indexto:(t:0, i:~)
2019-11-17 11:14:14,408 [pool-549-thread-1] INFO  server.RaftServerConfigKeys (ConfUtils.java:logGet(43)) - raft.server.notification.no-leader.timeout = 120s (custom)
2019-11-17 11:14:14,408 [pool-549-thread-1] INFO  server.RaftServerConfigKeys (ConfUtils.java:logGet(43)) - raft.server.log.use.memory = false (default)
2019-11-17 11:14:14,408 [pool-549-thread-1] INFO  server.RaftServerConfigKeys (ConfUtils.java:logGet(43)) - raft.server.log.purge.gap = 1000000 (custom)
2019-11-17 11:14:14,408 [pool-549-thread-1] INFO  server.RaftServerConfigKeys (ConfUtils.java:logGet(43)) - raft.server.log.appender.buffer.byte-limit = 33554432 (custom)
2019-11-17 11:14:14,408 [pool-549-thread-1] INFO  server.RaftServerConfigKeys (ConfUtils.java:logGet(43)) - raft.server.log.segment.size.max = 1048576 (custom)
2019-11-17 11:14:14,409 [pool-549-thread-1] INFO  server.RaftServerConfigKeys (ConfUtils.java:logGet(43)) - raft.server.log.segment.cache.num.max = 2 (custom)
2019-11-17 11:14:14,409 [pool-549-thread-1] INFO  segmented.SegmentedRaftLogWorker (SegmentedRaftLogWorker.java:<init>(173)) - new 2e7e8ab2-b4fc-48ff-a5a7-73886d1441d9@group-9E7D444A7E8C-SegmentedRaftLogWorker for RaftStorage:Storage Directory /workdir/hadoop-ozone/integration-test/target/test-dir/MiniOzoneClusterImpl-d61a8e55-6b1b-4302-a8ca-331e331e4b67/datanode-4/data/ratis/a14aa278-5ea5-44ec-8266-9e7d444a7e8c
2019-11-17 11:14:14,409 [pool-549-thread-1] INFO  server.RaftServerConfigKeys (ConfUtils.java:logGet(43)) - raft.server.log.queue.byte-limit = 2147483647 (custom)
2019-11-17 11:14:14,409 [pool-549-thread-1] INFO  server.RaftServerConfigKeys (ConfUtils.java:logGet(43)) - raft.server.log.queue.element-limit = 1024 (custom)
2019-11-17 11:14:14,409 [pool-549-thread-1] INFO  server.RaftServerConfigKeys (ConfUtils.java:logGet(43)) - raft.server.log.segment.size.max = 1048576 (custom)
2019-11-17 11:14:14,409 [pool-549-thread-1] INFO  server.RaftServerConfigKeys (ConfUtils.java:logGet(43)) - raft.server.log.preallocated.size = 16384 (custom)
2019-11-17 11:14:14,409 [pool-549-thread-1] INFO  server.RaftServerConfigKeys (ConfUtils.java:logGet(43)) - raft.server.log.write.buffer.size = 33554432 (custom)
2019-11-17 11:14:14,409 [pool-549-thread-1] INFO  server.RaftServerConfigKeys (ConfUtils.java:logGet(43)) - raft.server.log.force.sync.num = 128 (default)
2019-11-17 11:14:14,409 [pool-549-thread-1] INFO  server.RaftServerConfigKeys (ConfUtils.java:logGet(43)) - raft.server.log.statemachine.data.sync = true (default)
2019-11-17 11:14:14,409 [pool-549-thread-1] INFO  server.RaftServerConfigKeys (ConfUtils.java:logGet(43)) - raft.server.log.statemachine.data.sync.timeout = 10s (default)
2019-11-17 11:14:14,409 [pool-549-thread-1] INFO  server.RaftServerConfigKeys (ConfUtils.java:logGet(43)) - raft.server.log.statemachine.data.sync.timeout.retry = -1 (default)
2019-11-17 11:14:14,410 [pool-549-thread-1] INFO  server.RaftServerConfigKeys (ConfUtils.java:logGet(43)) - raft.server.log.statemachine.data.caching.enabled = true (custom)
2019-11-17 11:14:14,410 [pool-549-thread-1] INFO  segmented.SegmentedRaftLogWorker (SegmentedRaftLogWorker.java:lambda$new$0(128)) - 2e7e8ab2-b4fc-48ff-a5a7-73886d1441d9@group-9E7D444A7E8C-SegmentedRaftLogWorker: flushIndex: setUnconditionally 0 -> -1
2019-11-17 11:14:14,410 [pool-549-thread-1] INFO  server.RaftServerConfigKeys (ConfUtils.java:logGet(43)) - raft.server.snapshot.auto.trigger.enabled = true (custom)
2019-11-17 11:14:14,410 [pool-549-thread-1] INFO  server.RaftServerConfigKeys (ConfUtils.java:logGet(43)) - raft.server.snapshot.auto.trigger.threshold = 10000 (custom)
2019-11-17 11:14:14,410 [pool-549-thread-1] INFO  server.RaftServerConfigKeys (ConfUtils.java:logGet(43)) - raft.server.snapshot.retention.file.num = 5 (custom)
2019-11-17 11:14:14,410 [pool-549-thread-1] INFO  server.RaftServerConfigKeys (ConfUtils.java:logGet(43)) - raft.server.retrycache.expirytime = 600000ms (custom)
2019-11-17 11:14:14,410 [pool-549-thread-1] WARN  impl.MetricRegistriesImpl (MetricRegistriesImpl.java:lambda$create$1(61)) - First MetricRegistry has been created without registering reporters. You may need to call MetricRegistries.global().addReportRegistration(...) before.
2019-11-17 11:14:14,410 [pool-549-thread-1] WARN  impl.MetricRegistriesImpl (MetricRegistriesImpl.java:lambda$create$1(61)) - First MetricRegistry has been created without registering reporters. You may need to call MetricRegistries.global().addReportRegistration(...) before.
2019-11-17 11:14:14,411 [pool-549-thread-1] INFO  impl.RaftServerImpl (RaftServerImpl.java:start(184)) - 2e7e8ab2-b4fc-48ff-a5a7-73886d1441d9@group-9E7D444A7E8C: start as a follower, conf=-1: [2e7e8ab2-b4fc-48ff-a5a7-73886d1441d9:192.168.34.35:39716], old=null
2019-11-17 11:14:14,411 [pool-549-thread-1] INFO  impl.RaftServerImpl (RaftServerImpl.java:setRole(173)) - 2e7e8ab2-b4fc-48ff-a5a7-73886d1441d9@group-9E7D444A7E8C: changes role from      null to FOLLOWER at term 0 for startAsFollower
2019-11-17 11:14:14,411 [pool-549-thread-1] INFO  impl.RoleInfo (RoleInfo.java:updateAndGet(143)) - 2e7e8ab2-b4fc-48ff-a5a7-73886d1441d9: start FollowerState
2019-11-17 11:14:14,411 [pool-549-thread-1] INFO  util.JmxRegister (JmxRegister.java:tryRegister(44)) - Successfully registered JMX Bean with object name Ratis:service=RaftServer,group=group-9E7D444A7E8C,id=2e7e8ab2-b4fc-48ff-a5a7-73886d1441d9
2019-11-17 11:14:14,411 [pool-549-thread-1] WARN  impl.MetricRegistriesImpl (MetricRegistriesImpl.java:lambda$create$1(61)) - First MetricRegistry has been created without registering reporters. You may need to call MetricRegistries.global().addReportRegistration(...) before.
2019-11-17 11:14:14,413 [RatisPipelineUtilsThread] INFO  pipeline.PipelineStateManager (PipelineStateManager.java:addPipeline(55)) - Created pipeline Pipeline[ Id: a14aa278-5ea5-44ec-8266-9e7d444a7e8c, Nodes: 2e7e8ab2-b4fc-48ff-a5a7-73886d1441d9{ip: 192.168.34.35, host: pr-hdds-2291-5997d-4279494527, networkLocation: /rack1, certSerialId: null}, Type:RATIS, Factor:ONE, State:ALLOCATED]
2019-11-17 11:14:14,415 [grpc-default-executor-6] INFO  impl.RaftServerProxy (RaftServerProxy.java:addNew(89)) - c2458f73-2416-4c07-9882-0f9c7a0b27cc: addNew group-771DD569A689:[c2458f73-2416-4c07-9882-0f9c7a0b27cc:192.168.34.35:41744] returns group-771DD569A689:java.util.concurrent.CompletableFuture@7b41ea3b[Not completed]
2019-11-17 11:14:14,416 [pool-559-thread-1] INFO  impl.RaftServerImpl (RaftServerImpl.java:<init>(98)) - c2458f73-2416-4c07-9882-0f9c7a0b27cc: new RaftServerImpl for group-771DD569A689:[c2458f73-2416-4c07-9882-0f9c7a0b27cc:192.168.34.35:41744] with ContainerStateMachine:uninitialized
2019-11-17 11:14:14,416 [pool-559-thread-1] INFO  server.RaftServerConfigKeys (ConfUtils.java:logGet(43)) - raft.server.rpc.timeout.min = 1s (custom)
2019-11-17 11:14:14,416 [pool-559-thread-1] INFO  server.RaftServerConfigKeys (ConfUtils.java:logGet(43)) - raft.server.rpc.timeout.max = 1200ms (custom)
2019-11-17 11:14:14,416 [pool-559-thread-1] INFO  server.RaftServerConfigKeys (ConfUtils.java:logGet(43)) - raft.server.rpcslowness.timeout = 120s (custom)
2019-11-17 11:14:14,416 [pool-559-thread-1] INFO  server.RaftServerConfigKeys (ConfUtils.java:logGet(43)) - raft.server.sleep.deviation.threshold = 300 (default)
2019-11-17 11:14:14,416 [pool-559-thread-1] INFO  server.RaftServerConfigKeys (ConfUtils.java:logGet(43)) - raft.server.log.appender.install.snapshot.enabled = false (custom)
2019-11-17 11:14:14,416 [pool-559-thread-1] INFO  impl.RaftServerImpl (ServerState.java:<init>(103)) - c2458f73-2416-4c07-9882-0f9c7a0b27cc@group-771DD569A689: ConfigurationManager, init=-1: [c2458f73-2416-4c07-9882-0f9c7a0b27cc:192.168.34.35:41744], old=null, confs=<EMPTY_MAP>
2019-11-17 11:14:14,416 [pool-559-thread-1] INFO  server.RaftServerConfigKeys (ConfUtils.java:logGet(43)) - raft.server.storage.dir = [/workdir/hadoop-ozone/integration-test/target/test-dir/MiniOzoneClusterImpl-d61a8e55-6b1b-4302-a8ca-331e331e4b67/datanode-5/data/ratis] (custom)
2019-11-17 11:14:14,416 [pool-559-thread-1] INFO  server.RaftServerConfigKeys (ConfUtils.java:logGet(43)) - raft.server.log.corruption.policy = EXCEPTION (default)
2019-11-17 11:14:14,417 [pool-559-thread-1] INFO  storage.RaftStorageDirectory (RaftStorageDirectory.java:analyzeStorage(246)) - The storage directory /workdir/hadoop-ozone/integration-test/target/test-dir/MiniOzoneClusterImpl-d61a8e55-6b1b-4302-a8ca-331e331e4b67/datanode-5/data/ratis/6b48a3a7-ee6d-49f4-9ad1-771dd569a689 does not exist. Creating ...
2019-11-17 11:14:14,429 [pool-559-thread-1] INFO  storage.RaftStorageDirectory (RaftStorageDirectory.java:tryLock(328)) - Lock on /workdir/hadoop-ozone/integration-test/target/test-dir/MiniOzoneClusterImpl-d61a8e55-6b1b-4302-a8ca-331e331e4b67/datanode-5/data/ratis/6b48a3a7-ee6d-49f4-9ad1-771dd569a689/in_use.lock acquired by nodename 20606@pr-hdds-2291-5997d-4279494527
2019-11-17 11:14:14,441 [pool-559-thread-1] INFO  storage.RaftStorage (RaftStorage.java:format(84)) - Storage directory /workdir/hadoop-ozone/integration-test/target/test-dir/MiniOzoneClusterImpl-d61a8e55-6b1b-4302-a8ca-331e331e4b67/datanode-5/data/ratis/6b48a3a7-ee6d-49f4-9ad1-771dd569a689 has been successfully formatted.
2019-11-17 11:14:14,441 [pool-559-thread-1] INFO  ratis.ContainerStateMachine (ContainerStateMachine.java:loadSnapshot(223)) - group-771DD569A689: The snapshot info is null. Setting the last applied indexto:(t:0, i:~)
2019-11-17 11:14:14,441 [pool-559-thread-1] INFO  server.RaftServerConfigKeys (ConfUtils.java:logGet(43)) - raft.server.notification.no-leader.timeout = 120s (custom)
2019-11-17 11:14:14,442 [pool-559-thread-1] INFO  server.RaftServerConfigKeys (ConfUtils.java:logGet(43)) - raft.server.log.use.memory = false (default)
2019-11-17 11:14:14,442 [pool-559-thread-1] INFO  server.RaftServerConfigKeys (ConfUtils.java:logGet(43)) - raft.server.log.purge.gap = 1000000 (custom)
2019-11-17 11:14:14,442 [pool-559-thread-1] INFO  server.RaftServerConfigKeys (ConfUtils.java:logGet(43)) - raft.server.log.appender.buffer.byte-limit = 33554432 (custom)
2019-11-17 11:14:14,442 [pool-559-thread-1] INFO  server.RaftServerConfigKeys (ConfUtils.java:logGet(43)) - raft.server.log.segment.size.max = 1048576 (custom)
2019-11-17 11:14:14,442 [pool-559-thread-1] INFO  server.RaftServerConfigKeys (ConfUtils.java:logGet(43)) - raft.server.log.segment.cache.num.max = 2 (custom)
2019-11-17 11:14:14,442 [pool-559-thread-1] INFO  segmented.SegmentedRaftLogWorker (SegmentedRaftLogWorker.java:<init>(173)) - new c2458f73-2416-4c07-9882-0f9c7a0b27cc@group-771DD569A689-SegmentedRaftLogWorker for RaftStorage:Storage Directory /workdir/hadoop-ozone/integration-test/target/test-dir/MiniOzoneClusterImpl-d61a8e55-6b1b-4302-a8ca-331e331e4b67/datanode-5/data/ratis/6b48a3a7-ee6d-49f4-9ad1-771dd569a689
2019-11-17 11:14:14,442 [pool-559-thread-1] INFO  server.RaftServerConfigKeys (ConfUtils.java:logGet(43)) - raft.server.log.queue.byte-limit = 2147483647 (custom)
2019-11-17 11:14:14,442 [pool-559-thread-1] INFO  server.RaftServerConfigKeys (ConfUtils.java:logGet(43)) - raft.server.log.queue.element-limit = 1024 (custom)
2019-11-17 11:14:14,442 [pool-559-thread-1] INFO  server.RaftServerConfigKeys (ConfUtils.java:logGet(43)) - raft.server.log.segment.size.max = 1048576 (custom)
2019-11-17 11:14:14,442 [pool-559-thread-1] INFO  server.RaftServerConfigKeys (ConfUtils.java:logGet(43)) - raft.server.log.preallocated.size = 16384 (custom)
2019-11-17 11:14:14,442 [pool-559-thread-1] INFO  server.RaftServerConfigKeys (ConfUtils.java:logGet(43)) - raft.server.log.write.buffer.size = 33554432 (custom)
2019-11-17 11:14:14,442 [pool-559-thread-1] INFO  server.RaftServerConfigKeys (ConfUtils.java:logGet(43)) - raft.server.log.force.sync.num = 128 (default)
2019-11-17 11:14:14,442 [pool-559-thread-1] INFO  server.RaftServerConfigKeys (ConfUtils.java:logGet(43)) - raft.server.log.statemachine.data.sync = true (default)
2019-11-17 11:14:14,442 [pool-559-thread-1] INFO  server.RaftServerConfigKeys (ConfUtils.java:logGet(43)) - raft.server.log.statemachine.data.sync.timeout = 10s (default)
2019-11-17 11:14:14,443 [pool-559-thread-1] INFO  server.RaftServerConfigKeys (ConfUtils.java:logGet(43)) - raft.server.log.statemachine.data.sync.timeout.retry = -1 (default)
2019-11-17 11:14:14,443 [pool-559-thread-1] INFO  server.RaftServerConfigKeys (ConfUtils.java:logGet(43)) - raft.server.log.statemachine.data.caching.enabled = true (custom)
2019-11-17 11:14:14,443 [pool-559-thread-1] INFO  segmented.SegmentedRaftLogWorker (SegmentedRaftLogWorker.java:lambda$new$0(128)) - c2458f73-2416-4c07-9882-0f9c7a0b27cc@group-771DD569A689-SegmentedRaftLogWorker: flushIndex: setUnconditionally 0 -> -1
2019-11-17 11:14:14,443 [pool-559-thread-1] INFO  server.RaftServerConfigKeys (ConfUtils.java:logGet(43)) - raft.server.snapshot.auto.trigger.enabled = true (custom)
2019-11-17 11:14:14,443 [pool-559-thread-1] INFO  server.RaftServerConfigKeys (ConfUtils.java:logGet(43)) - raft.server.snapshot.auto.trigger.threshold = 10000 (custom)
2019-11-17 11:14:14,443 [pool-559-thread-1] INFO  server.RaftServerConfigKeys (ConfUtils.java:logGet(43)) - raft.server.snapshot.retention.file.num = 5 (custom)
2019-11-17 11:14:14,443 [pool-559-thread-1] INFO  server.RaftServerConfigKeys (ConfUtils.java:logGet(43)) - raft.server.retrycache.expirytime = 600000ms (custom)
2019-11-17 11:14:14,443 [pool-559-thread-1] WARN  impl.MetricRegistriesImpl (MetricRegistriesImpl.java:lambda$create$1(61)) - First MetricRegistry has been created without registering reporters. You may need to call MetricRegistries.global().addReportRegistration(...) before.
2019-11-17 11:14:14,443 [pool-559-thread-1] WARN  impl.MetricRegistriesImpl (MetricRegistriesImpl.java:lambda$create$1(61)) - First MetricRegistry has been created without registering reporters. You may need to call MetricRegistries.global().addReportRegistration(...) before.
2019-11-17 11:14:14,444 [pool-559-thread-1] INFO  impl.RaftServerImpl (RaftServerImpl.java:start(184)) - c2458f73-2416-4c07-9882-0f9c7a0b27cc@group-771DD569A689: start as a follower, conf=-1: [c2458f73-2416-4c07-9882-0f9c7a0b27cc:192.168.34.35:41744], old=null
2019-11-17 11:14:14,444 [pool-559-thread-1] INFO  impl.RaftServerImpl (RaftServerImpl.java:setRole(173)) - c2458f73-2416-4c07-9882-0f9c7a0b27cc@group-771DD569A689: changes role from      null to FOLLOWER at term 0 for startAsFollower
2019-11-17 11:14:14,444 [pool-559-thread-1] INFO  impl.RoleInfo (RoleInfo.java:updateAndGet(143)) - c2458f73-2416-4c07-9882-0f9c7a0b27cc: start FollowerState
2019-11-17 11:14:14,444 [pool-559-thread-1] INFO  util.JmxRegister (JmxRegister.java:tryRegister(44)) - Successfully registered JMX Bean with object name Ratis:service=RaftServer,group=group-771DD569A689,id=c2458f73-2416-4c07-9882-0f9c7a0b27cc
2019-11-17 11:14:14,444 [pool-559-thread-1] WARN  impl.MetricRegistriesImpl (MetricRegistriesImpl.java:lambda$create$1(61)) - First MetricRegistry has been created without registering reporters. You may need to call MetricRegistries.global().addReportRegistration(...) before.
2019-11-17 11:14:14,446 [RatisPipelineUtilsThread] INFO  pipeline.PipelineStateManager (PipelineStateManager.java:addPipeline(55)) - Created pipeline Pipeline[ Id: 6b48a3a7-ee6d-49f4-9ad1-771dd569a689, Nodes: c2458f73-2416-4c07-9882-0f9c7a0b27cc{ip: 192.168.34.35, host: pr-hdds-2291-5997d-4279494527, networkLocation: /rack1, certSerialId: null}, Type:RATIS, Factor:ONE, State:ALLOCATED]
2019-11-17 11:14:14,446 [Thread-3714] INFO  pipeline.PipelineStateManager (PipelineStateManager.java:removePipeline(106)) - Pipeline Pipeline[ Id: d8308c01-6256-4a4a-8d96-6f9cda275e3c, Nodes: c2458f73-2416-4c07-9882-0f9c7a0b27cc{ip: 192.168.34.35, host: pr-hdds-2291-5997d-4279494527, networkLocation: /rack1, certSerialId: null}, Type:RATIS, Factor:ONE, State:CLOSED] removed from db
2019-11-17 11:14:14,777 [main] WARN  io.KeyOutputStream (KeyOutputStream.java:handleException(274)) - Encountered exception java.io.IOException: Unexpected Storage Container Exception: java.util.concurrent.CompletionException: java.util.concurrent.CompletionException: org.apache.ratis.protocol.GroupMismatchException: 2e7e8ab2-b4fc-48ff-a5a7-73886d1441d9: group-C13AEF1E4DF7 not found. on the pipeline Pipeline[ Id: afc7754b-77b5-4b96-85d5-c13aef1e4df7, Nodes: 2e7e8ab2-b4fc-48ff-a5a7-73886d1441d9{ip: 192.168.34.35, host: pr-hdds-2291-5997d-4279494527, networkLocation: /rack1, certSerialId: null}add0c2af-eaab-406f-a894-445c5362ddef{ip: 192.168.34.35, host: pr-hdds-2291-5997d-4279494527, networkLocation: /rack1, certSerialId: null}c2458f73-2416-4c07-9882-0f9c7a0b27cc{ip: 192.168.34.35, host: pr-hdds-2291-5997d-4279494527, networkLocation: /rack1, certSerialId: null}, Type:RATIS, Factor:THREE, State:OPEN]. The last committed block length is 0, uncommitted data length is 1048576 retry count 0
2019-11-17 11:14:14,777 [main] INFO  io.BlockOutputStreamEntryPool (BlockOutputStreamEntryPool.java:allocateNewBlock(257)) - Allocating block with ExcludeList {datanodes = [], containerIds = [], pipelineIds = [PipelineID=afc7754b-77b5-4b96-85d5-c13aef1e4df7]}
2019-11-17 11:14:14,779 [IPC Server handler 3 on 42102] WARN  block.BlockManagerImpl (BlockManagerImpl.java:allocateBlock(200)) - Pipeline creation failed for type:RATIS factor:THREE. Retrying get pipelines call once.
org.apache.hadoop.hdds.scm.pipeline.InsufficientDatanodesException: Cannot create pipeline of factor 3 using 1 nodes.
	at org.apache.hadoop.hdds.scm.pipeline.RatisPipelineProvider.create(RatisPipelineProvider.java:153)
	at org.apache.hadoop.hdds.scm.pipeline.PipelineFactory.create(PipelineFactory.java:58)
	at org.apache.hadoop.hdds.scm.pipeline.SCMPipelineManager.createPipeline(SCMPipelineManager.java:155)
	at org.apache.hadoop.hdds.scm.block.BlockManagerImpl.allocateBlock(BlockManagerImpl.java:198)
	at org.apache.hadoop.hdds.scm.server.SCMBlockProtocolServer.allocateBlock(SCMBlockProtocolServer.java:187)
	at org.apache.hadoop.hdds.scm.protocol.ScmBlockLocationProtocolServerSideTranslatorPB.allocateScmBlock(ScmBlockLocationProtocolServerSideTranslatorPB.java:159)
	at org.apache.hadoop.hdds.scm.protocol.ScmBlockLocationProtocolServerSideTranslatorPB.processMessage(ScmBlockLocationProtocolServerSideTranslatorPB.java:117)
	at org.apache.hadoop.hdds.server.OzoneProtocolMessageDispatcher.processRequest(OzoneProtocolMessageDispatcher.java:72)
	at org.apache.hadoop.hdds.scm.protocol.ScmBlockLocationProtocolServerSideTranslatorPB.send(ScmBlockLocationProtocolServerSideTranslatorPB.java:98)
	at org.apache.hadoop.hdds.protocol.proto.ScmBlockLocationProtocolProtos$ScmBlockLocationProtocolService$2.callBlockingMethod(ScmBlockLocationProtocolProtos.java:13157)
	at org.apache.hadoop.ipc.ProtobufRpcEngine$Server$ProtoBufRpcInvoker.call(ProtobufRpcEngine.java:524)
	at org.apache.hadoop.ipc.RPC$Server.call(RPC.java:1025)
	at org.apache.hadoop.ipc.Server$RpcCall.run(Server.java:876)
	at org.apache.hadoop.ipc.Server$RpcCall.run(Server.java:822)
	at java.security.AccessController.doPrivileged(Native Method)
	at javax.security.auth.Subject.doAs(Subject.java:422)
	at org.apache.hadoop.security.UserGroupInformation.doAs(UserGroupInformation.java:1730)
	at org.apache.hadoop.ipc.Server$Handler.run(Server.java:2682)
2019-11-17 11:14:14,780 [IPC Server handler 3 on 42102] INFO  block.BlockManagerImpl (BlockManagerImpl.java:allocateBlock(212)) - Could not find available pipeline of type:RATIS and factor:THREE even after retrying
2019-11-17 11:14:14,780 [IPC Server handler 3 on 42102] ERROR block.BlockManagerImpl (BlockManagerImpl.java:allocateBlock(236)) - Unable to allocate a block for the size: 4194304, type: RATIS, factor: THREE
2019-11-17 11:14:14,784 [main] ERROR io.BlockOutputStreamEntryPool (BlockOutputStreamEntryPool.java:allocateBlockIfNeeded(310)) - Try to allocate more blocks for write failed, already allocated 0 blocks for this write.
INTERNAL_ERROR org.apache.hadoop.ozone.om.exceptions.OMException: Allocated 0 blocks. Requested 1 blocks
	at org.apache.hadoop.ozone.om.protocolPB.OzoneManagerProtocolClientSideTranslatorPB.handleError(OzoneManagerProtocolClientSideTranslatorPB.java:761)
	at org.apache.hadoop.ozone.om.protocolPB.OzoneManagerProtocolClientSideTranslatorPB.allocateBlock(OzoneManagerProtocolClientSideTranslatorPB.java:793)
	at sun.reflect.NativeMethodAccessorImpl.invoke0(Native Method)
	at sun.reflect.NativeMethodAccessorImpl.invoke(NativeMethodAccessorImpl.java:62)
	at sun.reflect.DelegatingMethodAccessorImpl.invoke(DelegatingMethodAccessorImpl.java:43)
	at java.lang.reflect.Method.invoke(Method.java:498)
	at org.apache.hadoop.hdds.tracing.TraceAllMethod.invoke(TraceAllMethod.java:66)
	at com.sun.proxy.$Proxy36.allocateBlock(Unknown Source)
	at org.apache.hadoop.ozone.client.io.BlockOutputStreamEntryPool.allocateNewBlock(BlockOutputStreamEntryPool.java:259)
	at org.apache.hadoop.ozone.client.io.BlockOutputStreamEntryPool.allocateBlockIfNeeded(BlockOutputStreamEntryPool.java:307)
	at org.apache.hadoop.ozone.client.io.KeyOutputStream.handleWrite(KeyOutputStream.java:198)
	at org.apache.hadoop.ozone.client.io.KeyOutputStream.handleRetry(KeyOutputStream.java:375)
	at org.apache.hadoop.ozone.client.io.KeyOutputStream.handleException(KeyOutputStream.java:324)
	at org.apache.hadoop.ozone.client.io.KeyOutputStream.handleFlushOrClose(KeyOutputStream.java:449)
	at org.apache.hadoop.ozone.client.io.KeyOutputStream.flush(KeyOutputStream.java:397)
	at org.apache.hadoop.ozone.client.io.OzoneOutputStream.flush(OzoneOutputStream.java:54)
	at org.apache.hadoop.ozone.client.rpc.TestFailureHandlingByClient.testDatanodeExclusionWithMajorityCommit(TestFailureHandlingByClient.java:299)
	at sun.reflect.NativeMethodAccessorImpl.invoke0(Native Method)
	at sun.reflect.NativeMethodAccessorImpl.invoke(NativeMethodAccessorImpl.java:62)
	at sun.reflect.DelegatingMethodAccessorImpl.invoke(DelegatingMethodAccessorImpl.java:43)
	at java.lang.reflect.Method.invoke(Method.java:498)
	at org.junit.runners.model.FrameworkMethod$1.runReflectiveCall(FrameworkMethod.java:47)
	at org.junit.internal.runners.model.ReflectiveCallable.run(ReflectiveCallable.java:12)
	at org.junit.runners.model.FrameworkMethod.invokeExplosively(FrameworkMethod.java:44)
	at org.junit.internal.runners.statements.InvokeMethod.evaluate(InvokeMethod.java:17)
	at org.junit.internal.runners.statements.RunAfters.evaluate(RunAfters.java:27)
	at org.junit.runners.ParentRunner.runLeaf(ParentRunner.java:271)
	at org.junit.runners.BlockJUnit4ClassRunner.runChild(BlockJUnit4ClassRunner.java:70)
	at org.junit.runners.BlockJUnit4ClassRunner.runChild(BlockJUnit4ClassRunner.java:50)
	at org.junit.runners.ParentRunner$3.run(ParentRunner.java:238)
	at org.junit.runners.ParentRunner$1.schedule(ParentRunner.java:63)
	at org.junit.runners.ParentRunner.runChildren(ParentRunner.java:236)
	at org.junit.runners.ParentRunner.access$000(ParentRunner.java:53)
	at org.junit.runners.ParentRunner$2.evaluate(ParentRunner.java:229)
	at org.junit.runners.ParentRunner.run(ParentRunner.java:309)
	at org.apache.maven.surefire.junit4.JUnit4Provider.execute(JUnit4Provider.java:365)
	at org.apache.maven.surefire.junit4.JUnit4Provider.executeWithRerun(JUnit4Provider.java:273)
	at org.apache.maven.surefire.junit4.JUnit4Provider.executeTestSet(JUnit4Provider.java:238)
	at org.apache.maven.surefire.junit4.JUnit4Provider.invoke(JUnit4Provider.java:159)
	at org.apache.maven.surefire.booter.ForkedBooter.invokeProviderInSameClassLoader(ForkedBooter.java:384)
	at org.apache.maven.surefire.booter.ForkedBooter.runSuitesInProcess(ForkedBooter.java:345)
	at org.apache.maven.surefire.booter.ForkedBooter.execute(ForkedBooter.java:126)
	at org.apache.maven.surefire.booter.ForkedBooter.main(ForkedBooter.java:418)
2019-11-17 11:14:14,785 [main] INFO  ozone.MiniOzoneClusterImpl (MiniOzoneClusterImpl.java:shutdown(352)) - Shutting down the Mini Ozone Cluster
2019-11-17 11:14:14,785 [main] INFO  ozone.MiniOzoneClusterImpl (MiniOzoneClusterImpl.java:stop(368)) - Stopping the Mini Ozone Cluster
2019-11-17 11:14:14,785 [main] INFO  ozone.MiniOzoneClusterImpl (MiniOzoneClusterImpl.java:stopOM(438)) - Stopping the OzoneManager
2019-11-17 11:14:14,785 [main] INFO  ipc.Server (Server.java:stop(3082)) - Stopping server on 46491
2019-11-17 11:14:14,792 [IPC Server listener on 46491] INFO  ipc.Server (Server.java:run(1185)) - Stopping IPC Server listener on 46491
2019-11-17 11:14:14,792 [main] INFO  ratis.OzoneManagerDoubleBuffer (OzoneManagerDoubleBuffer.java:stop(261)) - Stopping OMDoubleBuffer flush thread
2019-11-17 11:14:14,795 [IPC Server Responder] INFO  ipc.Server (Server.java:run(1319)) - Stopping IPC Server Responder
2019-11-17 11:14:14,801 [OMDoubleBufferFlushThread] INFO  ratis.OzoneManagerDoubleBuffer (OzoneManagerDoubleBuffer.java:flushTransactions(199)) - OMDoubleBuffer flush thread OMDoubleBufferFlushThread is interrupted and will exit. OMDoubleBufferFlushThread
2019-11-17 11:14:14,802 [main] INFO  utils.BackgroundService (BackgroundService.java:shutdown(151)) - Shutting down service KeyDeletingService
2019-11-17 11:14:14,807 [Thread-3860] INFO  impl.FollowerState (FollowerState.java:run(111)) - eab723bb-0aff-418b-9bd7-1333118797a2@group-0E36CBC99761-FollowerState: change to CANDIDATE, lastRpcTime:1100ms, electionTimeout:1100ms
2019-11-17 11:14:14,807 [Thread-3860] INFO  impl.RoleInfo (RoleInfo.java:shutdownFollowerState(121)) - eab723bb-0aff-418b-9bd7-1333118797a2: shutdown FollowerState
2019-11-17 11:14:14,807 [Thread-3860] INFO  impl.RaftServerImpl (RaftServerImpl.java:setRole(173)) - eab723bb-0aff-418b-9bd7-1333118797a2@group-0E36CBC99761: changes role from  FOLLOWER to CANDIDATE at term 0 for changeToCandidate
2019-11-17 11:14:14,815 [Thread-3860] INFO  impl.RoleInfo (RoleInfo.java:updateAndGet(143)) - eab723bb-0aff-418b-9bd7-1333118797a2: start LeaderElection
2019-11-17 11:14:14,844 [main] INFO  handler.ContextHandler (ContextHandler.java:doStop(910)) - Stopped o.e.j.w.WebAppContext@377dfb8d{/,null,UNAVAILABLE}{/ozoneManager}
2019-11-17 11:14:14,845 [main] INFO  server.AbstractConnector (AbstractConnector.java:doStop(318)) - Stopped ServerConnector@42a0786f{HTTP/1.1,[http/1.1]}{0.0.0.0:0}
2019-11-17 11:14:14,845 [main] INFO  handler.ContextHandler (ContextHandler.java:doStop(910)) - Stopped o.e.j.s.ServletContextHandler@5fb54740{/static,file:///workdir/hadoop-ozone/integration-test/target/test-classes/webapps/static,UNAVAILABLE}
2019-11-17 11:14:14,846 [main] INFO  handler.ContextHandler (ContextHandler.java:doStop(910)) - Stopped o.e.j.s.ServletContextHandler@6169be09{/logs,file:///workdir/hadoop-ozone/integration-test/target/log,UNAVAILABLE}
2019-11-17 11:14:14,849 [main] INFO  ozone.MiniOzoneClusterImpl (MiniOzoneClusterImpl.java:stopDatanodes(415)) - Stopping the HddsDatanodes
2019-11-17 11:14:14,878 [eab723bb-0aff-418b-9bd7-1333118797a2@group-0E36CBC99761-LeaderElection201] INFO  impl.LeaderElection (LeaderElection.java:askForVotes(178)) - eab723bb-0aff-418b-9bd7-1333118797a2@group-0E36CBC99761-LeaderElection201: begin an election at term 1 for -1: [eab723bb-0aff-418b-9bd7-1333118797a2:192.168.34.35:46301], old=null
2019-11-17 11:14:14,878 [eab723bb-0aff-418b-9bd7-1333118797a2@group-0E36CBC99761-LeaderElection201] INFO  impl.RoleInfo (RoleInfo.java:shutdownLeaderElection(134)) - eab723bb-0aff-418b-9bd7-1333118797a2: shutdown LeaderElection
2019-11-17 11:14:14,878 [eab723bb-0aff-418b-9bd7-1333118797a2@group-0E36CBC99761-LeaderElection201] INFO  impl.RaftServerImpl (RaftServerImpl.java:setRole(173)) - eab723bb-0aff-418b-9bd7-1333118797a2@group-0E36CBC99761: changes role from CANDIDATE to LEADER at term 1 for changeToLeader
2019-11-17 11:14:14,878 [eab723bb-0aff-418b-9bd7-1333118797a2@group-0E36CBC99761-LeaderElection201] INFO  ratis.XceiverServerRatis (XceiverServerRatis.java:handleLeaderChangedNotification(697)) - Leader change notification received for group: group-0E36CBC99761 with new leaderId: eab723bb-0aff-418b-9bd7-1333118797a2
2019-11-17 11:14:14,879 [eab723bb-0aff-418b-9bd7-1333118797a2@group-0E36CBC99761-LeaderElection201] INFO  impl.RaftServerImpl (ServerState.java:setLeader(255)) - eab723bb-0aff-418b-9bd7-1333118797a2@group-0E36CBC99761: change Leader from null to eab723bb-0aff-418b-9bd7-1333118797a2 at term 1 for becomeLeader, leader elected after 1174ms
2019-11-17 11:14:14,879 [eab723bb-0aff-418b-9bd7-1333118797a2@group-0E36CBC99761-LeaderElection201] INFO  server.RaftServerConfigKeys (ConfUtils.java:logGet(43)) - raft.server.staging.catchup.gap = 1000 (default)
2019-11-17 11:14:14,879 [eab723bb-0aff-418b-9bd7-1333118797a2@group-0E36CBC99761-LeaderElection201] INFO  server.RaftServerConfigKeys (ConfUtils.java:logGet(43)) - raft.server.rpc.sleep.time = 25ms (default)
2019-11-17 11:14:14,879 [eab723bb-0aff-418b-9bd7-1333118797a2@group-0E36CBC99761-LeaderElection201] INFO  server.RaftServerConfigKeys (ConfUtils.java:logGet(43)) - raft.server.write.element-limit = 4096 (default)
2019-11-17 11:14:14,879 [EventQueue-PipelineReportForPipelineReportHandler] INFO  pipeline.PipelineStateManager (PipelineStateManager.java:openPipeline(134)) - Pipeline Pipeline[ Id: bd9d6f5f-e953-41ef-8495-0e36cbc99761, Nodes: eab723bb-0aff-418b-9bd7-1333118797a2{ip: 192.168.34.35, host: pr-hdds-2291-5997d-4279494527, networkLocation: /rack1, certSerialId: null}, Type:RATIS, Factor:ONE, State:OPEN] moved to OPEN state
2019-11-17 11:14:14,879 [eab723bb-0aff-418b-9bd7-1333118797a2@group-0E36CBC99761-LeaderElection201] INFO  server.RaftServerConfigKeys (ConfUtils.java:logGet(43)) - raft.server.watch.timeout = 10s (default)
2019-11-17 11:14:14,880 [eab723bb-0aff-418b-9bd7-1333118797a2@group-0E36CBC99761-LeaderElection201] INFO  server.RaftServerConfigKeys (ConfUtils.java:logGet(43)) - raft.server.watch.timeout.denomination = 1s (default)
2019-11-17 11:14:14,880 [eab723bb-0aff-418b-9bd7-1333118797a2@group-0E36CBC99761-LeaderElection201] INFO  server.RaftServerConfigKeys (ConfUtils.java:logGet(43)) - raft.server.watch.element-limit = 65536 (default)
2019-11-17 11:14:14,880 [eab723bb-0aff-418b-9bd7-1333118797a2@group-0E36CBC99761-LeaderElection201] INFO  impl.RoleInfo (RoleInfo.java:updateAndGet(143)) - eab723bb-0aff-418b-9bd7-1333118797a2: start LeaderState
2019-11-17 11:14:14,880 [eab723bb-0aff-418b-9bd7-1333118797a2@group-0E36CBC99761-LeaderElection201] INFO  segmented.SegmentedRaftLogWorker (SegmentedRaftLogWorker.java:startLogSegment(385)) - eab723bb-0aff-418b-9bd7-1333118797a2@group-0E36CBC99761-SegmentedRaftLogWorker: Starting segment from index:0
2019-11-17 11:14:14,881 [eab723bb-0aff-418b-9bd7-1333118797a2@group-0E36CBC99761-LeaderElection201] INFO  impl.RaftServerImpl (ServerState.java:setRaftConf(356)) - eab723bb-0aff-418b-9bd7-1333118797a2@group-0E36CBC99761: set configuration 0: [eab723bb-0aff-418b-9bd7-1333118797a2:192.168.34.35:46301], old=null at 0
2019-11-17 11:14:14,927 [eab723bb-0aff-418b-9bd7-1333118797a2@group-0E36CBC99761-SegmentedRaftLogWorker] INFO  segmented.SegmentedRaftLogWorker (SegmentedRaftLogWorker.java:execute(576)) - eab723bb-0aff-418b-9bd7-1333118797a2@group-0E36CBC99761-SegmentedRaftLogWorker: created new log segment /workdir/hadoop-ozone/integration-test/target/test-dir/MiniOzoneClusterImpl-d61a8e55-6b1b-4302-a8ca-331e331e4b67/datanode-1/data/ratis/bd9d6f5f-e953-41ef-8495-0e36cbc99761/current/log_inprogress_0
2019-11-17 11:14:14,953 [Datanode State Machine Thread - 0] INFO  statemachine.DatanodeStateMachine (DatanodeStateMachine.java:lambda$startDaemon$0(355)) - Ozone container server started.
2019-11-17 11:14:15,054 [Thread-3886] INFO  impl.FollowerState (FollowerState.java:run(111)) - 74a737c0-fb65-42e2-8af1-813ef9d8f4fa@group-9CAA3ECA5432-FollowerState: change to CANDIDATE, lastRpcTime:1002ms, electionTimeout:1002ms
2019-11-17 11:14:15,054 [Thread-3886] INFO  impl.RoleInfo (RoleInfo.java:shutdownFollowerState(121)) - 74a737c0-fb65-42e2-8af1-813ef9d8f4fa: shutdown FollowerState
2019-11-17 11:14:15,054 [Thread-3886] INFO  impl.RaftServerImpl (RaftServerImpl.java:setRole(173)) - 74a737c0-fb65-42e2-8af1-813ef9d8f4fa@group-9CAA3ECA5432: changes role from  FOLLOWER to CANDIDATE at term 0 for changeToCandidate
2019-11-17 11:14:15,054 [Thread-3886] INFO  impl.RoleInfo (RoleInfo.java:updateAndGet(143)) - 74a737c0-fb65-42e2-8af1-813ef9d8f4fa: start LeaderElection
2019-11-17 11:14:15,078 [74a737c0-fb65-42e2-8af1-813ef9d8f4fa@group-9CAA3ECA5432-LeaderElection202] INFO  impl.LeaderElection (LeaderElection.java:askForVotes(178)) - 74a737c0-fb65-42e2-8af1-813ef9d8f4fa@group-9CAA3ECA5432-LeaderElection202: begin an election at term 1 for -1: [74a737c0-fb65-42e2-8af1-813ef9d8f4fa:192.168.34.35:43292], old=null
2019-11-17 11:14:15,079 [74a737c0-fb65-42e2-8af1-813ef9d8f4fa@group-9CAA3ECA5432-LeaderElection202] INFO  impl.RoleInfo (RoleInfo.java:shutdownLeaderElection(134)) - 74a737c0-fb65-42e2-8af1-813ef9d8f4fa: shutdown LeaderElection
2019-11-17 11:14:15,079 [74a737c0-fb65-42e2-8af1-813ef9d8f4fa@group-9CAA3ECA5432-LeaderElection202] INFO  impl.RaftServerImpl (RaftServerImpl.java:setRole(173)) - 74a737c0-fb65-42e2-8af1-813ef9d8f4fa@group-9CAA3ECA5432: changes role from CANDIDATE to LEADER at term 1 for changeToLeader
2019-11-17 11:14:15,079 [74a737c0-fb65-42e2-8af1-813ef9d8f4fa@group-9CAA3ECA5432-LeaderElection202] INFO  ratis.XceiverServerRatis (XceiverServerRatis.java:handleLeaderChangedNotification(697)) - Leader change notification received for group: group-9CAA3ECA5432 with new leaderId: 74a737c0-fb65-42e2-8af1-813ef9d8f4fa
2019-11-17 11:14:15,079 [74a737c0-fb65-42e2-8af1-813ef9d8f4fa@group-9CAA3ECA5432-LeaderElection202] INFO  impl.RaftServerImpl (ServerState.java:setLeader(255)) - 74a737c0-fb65-42e2-8af1-813ef9d8f4fa@group-9CAA3ECA5432: change Leader from null to 74a737c0-fb65-42e2-8af1-813ef9d8f4fa at term 1 for becomeLeader, leader elected after 1030ms
2019-11-17 11:14:15,079 [74a737c0-fb65-42e2-8af1-813ef9d8f4fa@group-9CAA3ECA5432-LeaderElection202] INFO  server.RaftServerConfigKeys (ConfUtils.java:logGet(43)) - raft.server.staging.catchup.gap = 1000 (default)
2019-11-17 11:14:15,079 [74a737c0-fb65-42e2-8af1-813ef9d8f4fa@group-9CAA3ECA5432-LeaderElection202] INFO  server.RaftServerConfigKeys (ConfUtils.java:logGet(43)) - raft.server.rpc.sleep.time = 25ms (default)
2019-11-17 11:14:15,079 [74a737c0-fb65-42e2-8af1-813ef9d8f4fa@group-9CAA3ECA5432-LeaderElection202] INFO  server.RaftServerConfigKeys (ConfUtils.java:logGet(43)) - raft.server.write.element-limit = 4096 (default)
2019-11-17 11:14:15,079 [74a737c0-fb65-42e2-8af1-813ef9d8f4fa@group-9CAA3ECA5432-LeaderElection202] INFO  server.RaftServerConfigKeys (ConfUtils.java:logGet(43)) - raft.server.watch.timeout = 10s (default)
2019-11-17 11:14:15,079 [74a737c0-fb65-42e2-8af1-813ef9d8f4fa@group-9CAA3ECA5432-LeaderElection202] INFO  server.RaftServerConfigKeys (ConfUtils.java:logGet(43)) - raft.server.watch.timeout.denomination = 1s (default)
2019-11-17 11:14:15,080 [74a737c0-fb65-42e2-8af1-813ef9d8f4fa@group-9CAA3ECA5432-LeaderElection202] INFO  server.RaftServerConfigKeys (ConfUtils.java:logGet(43)) - raft.server.watch.element-limit = 65536 (default)
2019-11-17 11:14:15,080 [74a737c0-fb65-42e2-8af1-813ef9d8f4fa@group-9CAA3ECA5432-LeaderElection202] INFO  impl.RoleInfo (RoleInfo.java:updateAndGet(143)) - 74a737c0-fb65-42e2-8af1-813ef9d8f4fa: start LeaderState
2019-11-17 11:14:15,080 [EventQueue-PipelineReportForPipelineReportHandler] INFO  pipeline.PipelineStateManager (PipelineStateManager.java:openPipeline(134)) - Pipeline Pipeline[ Id: 08e514df-95f4-45c3-89a8-9caa3eca5432, Nodes: 74a737c0-fb65-42e2-8af1-813ef9d8f4fa{ip: 192.168.34.35, host: pr-hdds-2291-5997d-4279494527, networkLocation: /rack1, certSerialId: null}, Type:RATIS, Factor:ONE, State:OPEN] moved to OPEN state
2019-11-17 11:14:15,080 [74a737c0-fb65-42e2-8af1-813ef9d8f4fa@group-9CAA3ECA5432-LeaderElection202] INFO  segmented.SegmentedRaftLogWorker (SegmentedRaftLogWorker.java:startLogSegment(385)) - 74a737c0-fb65-42e2-8af1-813ef9d8f4fa@group-9CAA3ECA5432-SegmentedRaftLogWorker: Starting segment from index:0
2019-11-17 11:14:15,080 [74a737c0-fb65-42e2-8af1-813ef9d8f4fa@group-9CAA3ECA5432-LeaderElection202] INFO  impl.RaftServerImpl (ServerState.java:setRaftConf(356)) - 74a737c0-fb65-42e2-8af1-813ef9d8f4fa@group-9CAA3ECA5432: set configuration 0: [74a737c0-fb65-42e2-8af1-813ef9d8f4fa:192.168.34.35:43292], old=null at 0
2019-11-17 11:14:15,107 [Datanode State Machine Thread - 0] INFO  statemachine.DatanodeStateMachine (DatanodeStateMachine.java:lambda$startDaemon$0(355)) - Ozone container server started.
2019-11-17 11:14:15,123 [74a737c0-fb65-42e2-8af1-813ef9d8f4fa@group-9CAA3ECA5432-SegmentedRaftLogWorker] INFO  segmented.SegmentedRaftLogWorker (SegmentedRaftLogWorker.java:execute(576)) - 74a737c0-fb65-42e2-8af1-813ef9d8f4fa@group-9CAA3ECA5432-SegmentedRaftLogWorker: created new log segment /workdir/hadoop-ozone/integration-test/target/test-dir/MiniOzoneClusterImpl-d61a8e55-6b1b-4302-a8ca-331e331e4b67/datanode-8/data/ratis/08e514df-95f4-45c3-89a8-9caa3eca5432/current/log_inprogress_0
2019-11-17 11:14:15,145 [Thread-3881] INFO  impl.FollowerState (FollowerState.java:run(111)) - 2e7e8ab2-b4fc-48ff-a5a7-73886d1441d9@group-CBC9DB1E30BB-FollowerState: change to CANDIDATE, lastRpcTime:1142ms, electionTimeout:1142ms
2019-11-17 11:14:15,145 [Thread-3881] INFO  impl.RoleInfo (RoleInfo.java:shutdownFollowerState(121)) - 2e7e8ab2-b4fc-48ff-a5a7-73886d1441d9: shutdown FollowerState
2019-11-17 11:14:15,146 [Thread-3881] INFO  impl.RaftServerImpl (RaftServerImpl.java:setRole(173)) - 2e7e8ab2-b4fc-48ff-a5a7-73886d1441d9@group-CBC9DB1E30BB: changes role from  FOLLOWER to CANDIDATE at term 0 for changeToCandidate
2019-11-17 11:14:15,146 [Thread-3881] INFO  impl.RoleInfo (RoleInfo.java:updateAndGet(143)) - 2e7e8ab2-b4fc-48ff-a5a7-73886d1441d9: start LeaderElection
2019-11-17 11:14:15,158 [Thread-3876] INFO  impl.FollowerState (FollowerState.java:run(111)) - add0c2af-eaab-406f-a894-445c5362ddef@group-CBC9DB1E30BB-FollowerState: change to CANDIDATE, lastRpcTime:1157ms, electionTimeout:1157ms
2019-11-17 11:14:15,158 [Thread-3876] INFO  impl.RoleInfo (RoleInfo.java:shutdownFollowerState(121)) - add0c2af-eaab-406f-a894-445c5362ddef: shutdown FollowerState
2019-11-17 11:14:15,158 [Thread-3876] INFO  impl.RaftServerImpl (RaftServerImpl.java:setRole(173)) - add0c2af-eaab-406f-a894-445c5362ddef@group-CBC9DB1E30BB: changes role from  FOLLOWER to CANDIDATE at term 0 for changeToCandidate
2019-11-17 11:14:15,158 [Thread-3876] INFO  impl.RoleInfo (RoleInfo.java:updateAndGet(143)) - add0c2af-eaab-406f-a894-445c5362ddef: start LeaderElection
2019-11-17 11:14:15,163 [2e7e8ab2-b4fc-48ff-a5a7-73886d1441d9@group-CBC9DB1E30BB-LeaderElection203] INFO  impl.LeaderElection (LeaderElection.java:askForVotes(178)) - 2e7e8ab2-b4fc-48ff-a5a7-73886d1441d9@group-CBC9DB1E30BB-LeaderElection203: begin an election at term 1 for -1: [add0c2af-eaab-406f-a894-445c5362ddef:192.168.34.35:42526, 74a737c0-fb65-42e2-8af1-813ef9d8f4fa:192.168.34.35:43292, 2e7e8ab2-b4fc-48ff-a5a7-73886d1441d9:192.168.34.35:39716], old=null
2019-11-17 11:14:15,164 [add0c2af-eaab-406f-a894-445c5362ddef@group-CBC9DB1E30BB-LeaderElection204] INFO  impl.LeaderElection (LeaderElection.java:askForVotes(178)) - add0c2af-eaab-406f-a894-445c5362ddef@group-CBC9DB1E30BB-LeaderElection204: begin an election at term 1 for -1: [add0c2af-eaab-406f-a894-445c5362ddef:192.168.34.35:42526, 74a737c0-fb65-42e2-8af1-813ef9d8f4fa:192.168.34.35:43292, 2e7e8ab2-b4fc-48ff-a5a7-73886d1441d9:192.168.34.35:39716], old=null
2019-11-17 11:14:15,169 [grpc-default-executor-6] INFO  impl.RaftServerImpl (RaftServerImpl.java:setRole(173)) - 74a737c0-fb65-42e2-8af1-813ef9d8f4fa@group-CBC9DB1E30BB: changes role from  FOLLOWER to FOLLOWER at term 1 for recognizeCandidate:add0c2af-eaab-406f-a894-445c5362ddef
2019-11-17 11:14:15,170 [grpc-default-executor-6] INFO  impl.RoleInfo (RoleInfo.java:shutdownFollowerState(121)) - 74a737c0-fb65-42e2-8af1-813ef9d8f4fa: shutdown FollowerState
2019-11-17 11:14:15,170 [grpc-default-executor-6] INFO  impl.RoleInfo (RoleInfo.java:updateAndGet(143)) - 74a737c0-fb65-42e2-8af1-813ef9d8f4fa: start FollowerState
2019-11-17 11:14:15,170 [Thread-3880] INFO  impl.FollowerState (FollowerState.java:run(120)) - 74a737c0-fb65-42e2-8af1-813ef9d8f4fa@group-CBC9DB1E30BB-FollowerState was interrupted: java.lang.InterruptedException: sleep interrupted
2019-11-17 11:14:15,187 [2e7e8ab2-b4fc-48ff-a5a7-73886d1441d9@group-CBC9DB1E30BB-LeaderElection203] INFO  impl.LeaderElection (LeaderElection.java:logAndReturn(56)) - 2e7e8ab2-b4fc-48ff-a5a7-73886d1441d9@group-CBC9DB1E30BB-LeaderElection203: Election REJECTED; received 2 response(s) [2e7e8ab2-b4fc-48ff-a5a7-73886d1441d9<-add0c2af-eaab-406f-a894-445c5362ddef#0:FAIL-t1, 2e7e8ab2-b4fc-48ff-a5a7-73886d1441d9<-74a737c0-fb65-42e2-8af1-813ef9d8f4fa#0:FAIL-t1] and 0 exception(s); 2e7e8ab2-b4fc-48ff-a5a7-73886d1441d9@group-CBC9DB1E30BB:t1, leader=null, voted=2e7e8ab2-b4fc-48ff-a5a7-73886d1441d9, raftlog=2e7e8ab2-b4fc-48ff-a5a7-73886d1441d9@group-CBC9DB1E30BB-SegmentedRaftLog:OPENED:c-1,f-1,i0, conf=-1: [add0c2af-eaab-406f-a894-445c5362ddef:192.168.34.35:42526, 74a737c0-fb65-42e2-8af1-813ef9d8f4fa:192.168.34.35:43292, 2e7e8ab2-b4fc-48ff-a5a7-73886d1441d9:192.168.34.35:39716], old=null
2019-11-17 11:14:15,187 [add0c2af-eaab-406f-a894-445c5362ddef@group-CBC9DB1E30BB-LeaderElection204] INFO  impl.LeaderElection (LeaderElection.java:logAndReturn(56)) - add0c2af-eaab-406f-a894-445c5362ddef@group-CBC9DB1E30BB-LeaderElection204: Election PASSED; received 2 response(s) [add0c2af-eaab-406f-a894-445c5362ddef<-74a737c0-fb65-42e2-8af1-813ef9d8f4fa#0:OK-t1, add0c2af-eaab-406f-a894-445c5362ddef<-2e7e8ab2-b4fc-48ff-a5a7-73886d1441d9#0:FAIL-t1] and 0 exception(s); add0c2af-eaab-406f-a894-445c5362ddef@group-CBC9DB1E30BB:t1, leader=null, voted=add0c2af-eaab-406f-a894-445c5362ddef, raftlog=add0c2af-eaab-406f-a894-445c5362ddef@group-CBC9DB1E30BB-SegmentedRaftLog:OPENED:c-1,f-1,i0, conf=-1: [add0c2af-eaab-406f-a894-445c5362ddef:192.168.34.35:42526, 74a737c0-fb65-42e2-8af1-813ef9d8f4fa:192.168.34.35:43292, 2e7e8ab2-b4fc-48ff-a5a7-73886d1441d9:192.168.34.35:39716], old=null
2019-11-17 11:14:15,187 [2e7e8ab2-b4fc-48ff-a5a7-73886d1441d9@group-CBC9DB1E30BB-LeaderElection203] INFO  impl.RaftServerImpl (RaftServerImpl.java:setRole(173)) - 2e7e8ab2-b4fc-48ff-a5a7-73886d1441d9@group-CBC9DB1E30BB: changes role from CANDIDATE to FOLLOWER at term 1 for DISCOVERED_A_NEW_TERM
2019-11-17 11:14:15,187 [add0c2af-eaab-406f-a894-445c5362ddef@group-CBC9DB1E30BB-LeaderElection204] INFO  impl.RoleInfo (RoleInfo.java:shutdownLeaderElection(134)) - add0c2af-eaab-406f-a894-445c5362ddef: shutdown LeaderElection
2019-11-17 11:14:15,187 [2e7e8ab2-b4fc-48ff-a5a7-73886d1441d9@group-CBC9DB1E30BB-LeaderElection203] INFO  impl.RoleInfo (RoleInfo.java:shutdownLeaderElection(134)) - 2e7e8ab2-b4fc-48ff-a5a7-73886d1441d9: shutdown LeaderElection
2019-11-17 11:14:15,187 [add0c2af-eaab-406f-a894-445c5362ddef@group-CBC9DB1E30BB-LeaderElection204] INFO  impl.RaftServerImpl (RaftServerImpl.java:setRole(173)) - add0c2af-eaab-406f-a894-445c5362ddef@group-CBC9DB1E30BB: changes role from CANDIDATE to LEADER at term 1 for changeToLeader
2019-11-17 11:14:15,187 [2e7e8ab2-b4fc-48ff-a5a7-73886d1441d9@group-CBC9DB1E30BB-LeaderElection203] INFO  impl.RoleInfo (RoleInfo.java:updateAndGet(143)) - 2e7e8ab2-b4fc-48ff-a5a7-73886d1441d9: start FollowerState
2019-11-17 11:14:15,187 [add0c2af-eaab-406f-a894-445c5362ddef@group-CBC9DB1E30BB-LeaderElection204] INFO  ratis.XceiverServerRatis (XceiverServerRatis.java:handleLeaderChangedNotification(697)) - Leader change notification received for group: group-CBC9DB1E30BB with new leaderId: add0c2af-eaab-406f-a894-445c5362ddef
2019-11-17 11:14:15,187 [add0c2af-eaab-406f-a894-445c5362ddef@group-CBC9DB1E30BB-LeaderElection204] INFO  impl.RaftServerImpl (ServerState.java:setLeader(255)) - add0c2af-eaab-406f-a894-445c5362ddef@group-CBC9DB1E30BB: change Leader from null to add0c2af-eaab-406f-a894-445c5362ddef at term 1 for becomeLeader, leader elected after 1192ms
2019-11-17 11:14:15,188 [add0c2af-eaab-406f-a894-445c5362ddef@group-CBC9DB1E30BB-LeaderElection204] INFO  server.RaftServerConfigKeys (ConfUtils.java:logGet(43)) - raft.server.staging.catchup.gap = 1000 (default)
2019-11-17 11:14:15,188 [add0c2af-eaab-406f-a894-445c5362ddef@group-CBC9DB1E30BB-LeaderElection204] INFO  server.RaftServerConfigKeys (ConfUtils.java:logGet(43)) - raft.server.rpc.sleep.time = 25ms (default)
2019-11-17 11:14:15,188 [add0c2af-eaab-406f-a894-445c5362ddef@group-CBC9DB1E30BB-LeaderElection204] INFO  server.RaftServerConfigKeys (ConfUtils.java:logGet(43)) - raft.server.write.element-limit = 4096 (default)
2019-11-17 11:14:15,188 [add0c2af-eaab-406f-a894-445c5362ddef@group-CBC9DB1E30BB-LeaderElection204] INFO  server.RaftServerConfigKeys (ConfUtils.java:logGet(43)) - raft.server.watch.timeout = 10s (default)
2019-11-17 11:14:15,188 [add0c2af-eaab-406f-a894-445c5362ddef@group-CBC9DB1E30BB-LeaderElection204] INFO  server.RaftServerConfigKeys (ConfUtils.java:logGet(43)) - raft.server.watch.timeout.denomination = 1s (default)
2019-11-17 11:14:15,188 [add0c2af-eaab-406f-a894-445c5362ddef@group-CBC9DB1E30BB-LeaderElection204] INFO  server.RaftServerConfigKeys (ConfUtils.java:logGet(43)) - raft.server.watch.element-limit = 65536 (default)
2019-11-17 11:14:15,188 [EventQueue-PipelineReportForPipelineReportHandler] INFO  pipeline.PipelineStateManager (PipelineStateManager.java:openPipeline(134)) - Pipeline Pipeline[ Id: d566223a-a383-4504-8d9c-cbc9db1e30bb, Nodes: 2e7e8ab2-b4fc-48ff-a5a7-73886d1441d9{ip: 192.168.34.35, host: pr-hdds-2291-5997d-4279494527, networkLocation: /rack1, certSerialId: null}74a737c0-fb65-42e2-8af1-813ef9d8f4fa{ip: 192.168.34.35, host: pr-hdds-2291-5997d-4279494527, networkLocation: /rack1, certSerialId: null}add0c2af-eaab-406f-a894-445c5362ddef{ip: 192.168.34.35, host: pr-hdds-2291-5997d-4279494527, networkLocation: /rack1, certSerialId: null}, Type:RATIS, Factor:THREE, State:OPEN] moved to OPEN state
2019-11-17 11:14:15,188 [add0c2af-eaab-406f-a894-445c5362ddef@group-CBC9DB1E30BB-LeaderElection204] INFO  server.RaftServerConfigKeys (ConfUtils.java:logGet(43)) - raft.server.log.appender.snapshot.chunk.size.max = 16MB (=16777216) (default)
2019-11-17 11:14:15,189 [add0c2af-eaab-406f-a894-445c5362ddef@group-CBC9DB1E30BB-LeaderElection204] INFO  server.RaftServerConfigKeys (ConfUtils.java:logGet(43)) - raft.server.log.appender.buffer.byte-limit = 33554432 (custom)
2019-11-17 11:14:15,189 [add0c2af-eaab-406f-a894-445c5362ddef@group-CBC9DB1E30BB-LeaderElection204] INFO  server.RaftServerConfigKeys (ConfUtils.java:logGet(43)) - raft.server.log.appender.buffer.element-limit = 1 (custom)
2019-11-17 11:14:15,189 [add0c2af-eaab-406f-a894-445c5362ddef@group-CBC9DB1E30BB-LeaderElection204] INFO  grpc.GrpcConfigKeys$Server (ConfUtils.java:logGet(43)) - raft.grpc.server.leader.outstanding.appends.max = 128 (default)
2019-11-17 11:14:15,189 [add0c2af-eaab-406f-a894-445c5362ddef@group-CBC9DB1E30BB-LeaderElection204] INFO  server.RaftServerConfigKeys (ConfUtils.java:logGet(43)) - raft.server.rpc.request.timeout = 3000ms (default)
2019-11-17 11:14:15,189 [add0c2af-eaab-406f-a894-445c5362ddef@group-CBC9DB1E30BB-LeaderElection204] INFO  server.RaftServerConfigKeys (ConfUtils.java:logGet(43)) - raft.server.log.appender.install.snapshot.enabled = false (custom)
2019-11-17 11:14:15,189 [add0c2af-eaab-406f-a894-445c5362ddef@group-CBC9DB1E30BB-LeaderElection204] WARN  impl.MetricRegistriesImpl (MetricRegistriesImpl.java:lambda$create$1(61)) - First MetricRegistry has been created without registering reporters. You may need to call MetricRegistries.global().addReportRegistration(...) before.
2019-11-17 11:14:15,189 [add0c2af-eaab-406f-a894-445c5362ddef@group-CBC9DB1E30BB-LeaderElection204] INFO  server.RaftServerConfigKeys (ConfUtils.java:logGet(43)) - raft.server.log.appender.snapshot.chunk.size.max = 16MB (=16777216) (default)
2019-11-17 11:14:15,189 [add0c2af-eaab-406f-a894-445c5362ddef@group-CBC9DB1E30BB-LeaderElection204] INFO  server.RaftServerConfigKeys (ConfUtils.java:logGet(43)) - raft.server.log.appender.buffer.byte-limit = 33554432 (custom)
2019-11-17 11:14:15,189 [add0c2af-eaab-406f-a894-445c5362ddef@group-CBC9DB1E30BB-LeaderElection204] INFO  server.RaftServerConfigKeys (ConfUtils.java:logGet(43)) - raft.server.log.appender.buffer.element-limit = 1 (custom)
2019-11-17 11:14:15,190 [add0c2af-eaab-406f-a894-445c5362ddef@group-CBC9DB1E30BB-LeaderElection204] INFO  grpc.GrpcConfigKeys$Server (ConfUtils.java:logGet(43)) - raft.grpc.server.leader.outstanding.appends.max = 128 (default)
2019-11-17 11:14:15,190 [add0c2af-eaab-406f-a894-445c5362ddef@group-CBC9DB1E30BB-LeaderElection204] INFO  server.RaftServerConfigKeys (ConfUtils.java:logGet(43)) - raft.server.rpc.request.timeout = 3000ms (default)
2019-11-17 11:14:15,190 [add0c2af-eaab-406f-a894-445c5362ddef@group-CBC9DB1E30BB-LeaderElection204] INFO  server.RaftServerConfigKeys (ConfUtils.java:logGet(43)) - raft.server.log.appender.install.snapshot.enabled = false (custom)
2019-11-17 11:14:15,190 [add0c2af-eaab-406f-a894-445c5362ddef@group-CBC9DB1E30BB-LeaderElection204] INFO  impl.RoleInfo (RoleInfo.java:updateAndGet(143)) - add0c2af-eaab-406f-a894-445c5362ddef: start LeaderState
2019-11-17 11:14:15,190 [add0c2af-eaab-406f-a894-445c5362ddef@group-CBC9DB1E30BB-LeaderElection204] INFO  segmented.SegmentedRaftLogWorker (SegmentedRaftLogWorker.java:startLogSegment(385)) - add0c2af-eaab-406f-a894-445c5362ddef@group-CBC9DB1E30BB-SegmentedRaftLogWorker: Starting segment from index:0
2019-11-17 11:14:15,191 [add0c2af-eaab-406f-a894-445c5362ddef@group-CBC9DB1E30BB-LeaderElection204] INFO  impl.RaftServerImpl (ServerState.java:setRaftConf(356)) - add0c2af-eaab-406f-a894-445c5362ddef@group-CBC9DB1E30BB: set configuration 0: [add0c2af-eaab-406f-a894-445c5362ddef:192.168.34.35:42526, 74a737c0-fb65-42e2-8af1-813ef9d8f4fa:192.168.34.35:43292, 2e7e8ab2-b4fc-48ff-a5a7-73886d1441d9:192.168.34.35:39716], old=null at 0
2019-11-17 11:14:15,216 [Thread-3893] INFO  impl.FollowerState (FollowerState.java:run(111)) - d0563571-d5f5-405e-9b61-87c552fd142f@group-7C743DBBE77B-FollowerState: change to CANDIDATE, lastRpcTime:1114ms, electionTimeout:1098ms
2019-11-17 11:14:15,216 [Thread-3893] INFO  impl.RoleInfo (RoleInfo.java:shutdownFollowerState(121)) - d0563571-d5f5-405e-9b61-87c552fd142f: shutdown FollowerState
2019-11-17 11:14:15,216 [Thread-3893] INFO  impl.RaftServerImpl (RaftServerImpl.java:setRole(173)) - d0563571-d5f5-405e-9b61-87c552fd142f@group-7C743DBBE77B: changes role from  FOLLOWER to CANDIDATE at term 0 for changeToCandidate
2019-11-17 11:14:15,216 [Thread-3893] INFO  impl.RoleInfo (RoleInfo.java:updateAndGet(143)) - d0563571-d5f5-405e-9b61-87c552fd142f: start LeaderElection
2019-11-17 11:14:15,218 [grpc-default-executor-9] INFO  ratis.XceiverServerRatis (XceiverServerRatis.java:handleLeaderChangedNotification(697)) - Leader change notification received for group: group-CBC9DB1E30BB with new leaderId: add0c2af-eaab-406f-a894-445c5362ddef
2019-11-17 11:14:15,219 [grpc-default-executor-6] INFO  ratis.XceiverServerRatis (XceiverServerRatis.java:handleLeaderChangedNotification(697)) - Leader change notification received for group: group-CBC9DB1E30BB with new leaderId: add0c2af-eaab-406f-a894-445c5362ddef
2019-11-17 11:14:15,219 [grpc-default-executor-9] INFO  impl.RaftServerImpl (ServerState.java:setLeader(255)) - 2e7e8ab2-b4fc-48ff-a5a7-73886d1441d9@group-CBC9DB1E30BB: change Leader from null to add0c2af-eaab-406f-a894-445c5362ddef at term 1 for appendEntries, leader elected after 1223ms
2019-11-17 11:14:15,219 [grpc-default-executor-6] INFO  impl.RaftServerImpl (ServerState.java:setLeader(255)) - 74a737c0-fb65-42e2-8af1-813ef9d8f4fa@group-CBC9DB1E30BB: change Leader from null to add0c2af-eaab-406f-a894-445c5362ddef at term 1 for appendEntries, leader elected after 1223ms
2019-11-17 11:14:15,220 [grpc-default-executor-6] INFO  impl.RaftServerImpl (ServerState.java:setRaftConf(356)) - 2e7e8ab2-b4fc-48ff-a5a7-73886d1441d9@group-CBC9DB1E30BB: set configuration 0: [add0c2af-eaab-406f-a894-445c5362ddef:192.168.34.35:42526, 74a737c0-fb65-42e2-8af1-813ef9d8f4fa:192.168.34.35:43292, 2e7e8ab2-b4fc-48ff-a5a7-73886d1441d9:192.168.34.35:39716], old=null at 0
2019-11-17 11:14:15,220 [grpc-default-executor-9] INFO  impl.RaftServerImpl (ServerState.java:setRaftConf(356)) - 74a737c0-fb65-42e2-8af1-813ef9d8f4fa@group-CBC9DB1E30BB: set configuration 0: [add0c2af-eaab-406f-a894-445c5362ddef:192.168.34.35:42526, 74a737c0-fb65-42e2-8af1-813ef9d8f4fa:192.168.34.35:43292, 2e7e8ab2-b4fc-48ff-a5a7-73886d1441d9:192.168.34.35:39716], old=null at 0
2019-11-17 11:14:15,220 [grpc-default-executor-6] INFO  segmented.SegmentedRaftLogWorker (SegmentedRaftLogWorker.java:startLogSegment(385)) - 2e7e8ab2-b4fc-48ff-a5a7-73886d1441d9@group-CBC9DB1E30BB-SegmentedRaftLogWorker: Starting segment from index:0
2019-11-17 11:14:15,220 [grpc-default-executor-9] INFO  segmented.SegmentedRaftLogWorker (SegmentedRaftLogWorker.java:startLogSegment(385)) - 74a737c0-fb65-42e2-8af1-813ef9d8f4fa@group-CBC9DB1E30BB-SegmentedRaftLogWorker: Starting segment from index:0
2019-11-17 11:14:15,228 [add0c2af-eaab-406f-a894-445c5362ddef@group-CBC9DB1E30BB-SegmentedRaftLogWorker] INFO  segmented.SegmentedRaftLogWorker (SegmentedRaftLogWorker.java:execute(576)) - add0c2af-eaab-406f-a894-445c5362ddef@group-CBC9DB1E30BB-SegmentedRaftLogWorker: created new log segment /workdir/hadoop-ozone/integration-test/target/test-dir/MiniOzoneClusterImpl-d61a8e55-6b1b-4302-a8ca-331e331e4b67/datanode-3/data/ratis/d566223a-a383-4504-8d9c-cbc9db1e30bb/current/log_inprogress_0
2019-11-17 11:14:15,228 [d0563571-d5f5-405e-9b61-87c552fd142f@group-7C743DBBE77B-LeaderElection205] INFO  impl.LeaderElection (LeaderElection.java:askForVotes(178)) - d0563571-d5f5-405e-9b61-87c552fd142f@group-7C743DBBE77B-LeaderElection205: begin an election at term 1 for -1: [d0563571-d5f5-405e-9b61-87c552fd142f:192.168.34.35:36223], old=null
2019-11-17 11:14:15,229 [d0563571-d5f5-405e-9b61-87c552fd142f@group-7C743DBBE77B-LeaderElection205] INFO  impl.RoleInfo (RoleInfo.java:shutdownLeaderElection(134)) - d0563571-d5f5-405e-9b61-87c552fd142f: shutdown LeaderElection
2019-11-17 11:14:15,229 [d0563571-d5f5-405e-9b61-87c552fd142f@group-7C743DBBE77B-LeaderElection205] INFO  impl.RaftServerImpl (RaftServerImpl.java:setRole(173)) - d0563571-d5f5-405e-9b61-87c552fd142f@group-7C743DBBE77B: changes role from CANDIDATE to LEADER at term 1 for changeToLeader
2019-11-17 11:14:15,229 [d0563571-d5f5-405e-9b61-87c552fd142f@group-7C743DBBE77B-LeaderElection205] INFO  ratis.XceiverServerRatis (XceiverServerRatis.java:handleLeaderChangedNotification(697)) - Leader change notification received for group: group-7C743DBBE77B with new leaderId: d0563571-d5f5-405e-9b61-87c552fd142f
2019-11-17 11:14:15,229 [d0563571-d5f5-405e-9b61-87c552fd142f@group-7C743DBBE77B-LeaderElection205] INFO  impl.RaftServerImpl (ServerState.java:setLeader(255)) - d0563571-d5f5-405e-9b61-87c552fd142f@group-7C743DBBE77B: change Leader from null to d0563571-d5f5-405e-9b61-87c552fd142f at term 1 for becomeLeader, leader elected after 1130ms
2019-11-17 11:14:15,229 [d0563571-d5f5-405e-9b61-87c552fd142f@group-7C743DBBE77B-LeaderElection205] INFO  server.RaftServerConfigKeys (ConfUtils.java:logGet(43)) - raft.server.staging.catchup.gap = 1000 (default)
2019-11-17 11:14:15,229 [d0563571-d5f5-405e-9b61-87c552fd142f@group-7C743DBBE77B-LeaderElection205] INFO  server.RaftServerConfigKeys (ConfUtils.java:logGet(43)) - raft.server.rpc.sleep.time = 25ms (default)
2019-11-17 11:14:15,229 [d0563571-d5f5-405e-9b61-87c552fd142f@group-7C743DBBE77B-LeaderElection205] INFO  server.RaftServerConfigKeys (ConfUtils.java:logGet(43)) - raft.server.write.element-limit = 4096 (default)
2019-11-17 11:14:15,229 [d0563571-d5f5-405e-9b61-87c552fd142f@group-7C743DBBE77B-LeaderElection205] INFO  server.RaftServerConfigKeys (ConfUtils.java:logGet(43)) - raft.server.watch.timeout = 10s (default)
2019-11-17 11:14:15,230 [d0563571-d5f5-405e-9b61-87c552fd142f@group-7C743DBBE77B-LeaderElection205] INFO  server.RaftServerConfigKeys (ConfUtils.java:logGet(43)) - raft.server.watch.timeout.denomination = 1s (default)
2019-11-17 11:14:15,230 [d0563571-d5f5-405e-9b61-87c552fd142f@group-7C743DBBE77B-LeaderElection205] INFO  server.RaftServerConfigKeys (ConfUtils.java:logGet(43)) - raft.server.watch.element-limit = 65536 (default)
2019-11-17 11:14:15,230 [d0563571-d5f5-405e-9b61-87c552fd142f@group-7C743DBBE77B-LeaderElection205] INFO  impl.RoleInfo (RoleInfo.java:updateAndGet(143)) - d0563571-d5f5-405e-9b61-87c552fd142f: start LeaderState
2019-11-17 11:14:15,230 [EventQueue-PipelineReportForPipelineReportHandler] INFO  pipeline.PipelineStateManager (PipelineStateManager.java:openPipeline(134)) - Pipeline Pipeline[ Id: 5e31a5a1-2528-4833-b9dc-7c743dbbe77b, Nodes: d0563571-d5f5-405e-9b61-87c552fd142f{ip: 192.168.34.35, host: pr-hdds-2291-5997d-4279494527, networkLocation: /rack1, certSerialId: null}, Type:RATIS, Factor:ONE, State:OPEN] moved to OPEN state
2019-11-17 11:14:15,230 [d0563571-d5f5-405e-9b61-87c552fd142f@group-7C743DBBE77B-LeaderElection205] INFO  segmented.SegmentedRaftLogWorker (SegmentedRaftLogWorker.java:startLogSegment(385)) - d0563571-d5f5-405e-9b61-87c552fd142f@group-7C743DBBE77B-SegmentedRaftLogWorker: Starting segment from index:0
2019-11-17 11:14:15,230 [d0563571-d5f5-405e-9b61-87c552fd142f@group-7C743DBBE77B-LeaderElection205] INFO  impl.RaftServerImpl (ServerState.java:setRaftConf(356)) - d0563571-d5f5-405e-9b61-87c552fd142f@group-7C743DBBE77B: set configuration 0: [d0563571-d5f5-405e-9b61-87c552fd142f:192.168.34.35:36223], old=null at 0
2019-11-17 11:14:15,264 [Thread-3897] INFO  impl.FollowerState (FollowerState.java:run(111)) - f9de5302-5741-429b-9e37-55cacebd1d46@group-FEAC464CB48C-FollowerState: change to CANDIDATE, lastRpcTime:1114ms, electionTimeout:1103ms
2019-11-17 11:14:15,264 [Thread-3912] INFO  impl.FollowerState (FollowerState.java:run(111)) - 357d2873-2248-48d2-9bf7-23aadc7fc5db@group-33B9927584DA-FollowerState: change to CANDIDATE, lastRpcTime:1022ms, electionTimeout:1009ms
2019-11-17 11:14:15,264 [Thread-3897] INFO  impl.RoleInfo (RoleInfo.java:shutdownFollowerState(121)) - f9de5302-5741-429b-9e37-55cacebd1d46: shutdown FollowerState
2019-11-17 11:14:15,265 [Thread-3912] INFO  impl.RoleInfo (RoleInfo.java:shutdownFollowerState(121)) - 357d2873-2248-48d2-9bf7-23aadc7fc5db: shutdown FollowerState
2019-11-17 11:14:15,265 [Thread-3897] INFO  impl.RaftServerImpl (RaftServerImpl.java:setRole(173)) - f9de5302-5741-429b-9e37-55cacebd1d46@group-FEAC464CB48C: changes role from  FOLLOWER to CANDIDATE at term 0 for changeToCandidate
2019-11-17 11:14:15,265 [Thread-3912] INFO  impl.RaftServerImpl (RaftServerImpl.java:setRole(173)) - 357d2873-2248-48d2-9bf7-23aadc7fc5db@group-33B9927584DA: changes role from  FOLLOWER to CANDIDATE at term 0 for changeToCandidate
2019-11-17 11:14:15,265 [Thread-3912] INFO  impl.RoleInfo (RoleInfo.java:updateAndGet(143)) - 357d2873-2248-48d2-9bf7-23aadc7fc5db: start LeaderElection
2019-11-17 11:14:15,265 [Thread-3897] INFO  impl.RoleInfo (RoleInfo.java:updateAndGet(143)) - f9de5302-5741-429b-9e37-55cacebd1d46: start LeaderElection
2019-11-17 11:14:15,289 [d0563571-d5f5-405e-9b61-87c552fd142f@group-7C743DBBE77B-SegmentedRaftLogWorker] INFO  segmented.SegmentedRaftLogWorker (SegmentedRaftLogWorker.java:execute(576)) - d0563571-d5f5-405e-9b61-87c552fd142f@group-7C743DBBE77B-SegmentedRaftLogWorker: created new log segment /workdir/hadoop-ozone/integration-test/target/test-dir/MiniOzoneClusterImpl-d61a8e55-6b1b-4302-a8ca-331e331e4b67/datanode-6/data/ratis/5e31a5a1-2528-4833-b9dc-7c743dbbe77b/current/log_inprogress_0
2019-11-17 11:14:15,289 [2e7e8ab2-b4fc-48ff-a5a7-73886d1441d9@group-CBC9DB1E30BB-SegmentedRaftLogWorker] INFO  segmented.SegmentedRaftLogWorker (SegmentedRaftLogWorker.java:execute(576)) - 2e7e8ab2-b4fc-48ff-a5a7-73886d1441d9@group-CBC9DB1E30BB-SegmentedRaftLogWorker: created new log segment /workdir/hadoop-ozone/integration-test/target/test-dir/MiniOzoneClusterImpl-d61a8e55-6b1b-4302-a8ca-331e331e4b67/datanode-4/data/ratis/d566223a-a383-4504-8d9c-cbc9db1e30bb/current/log_inprogress_0
2019-11-17 11:14:15,289 [357d2873-2248-48d2-9bf7-23aadc7fc5db@group-33B9927584DA-LeaderElection207] INFO  impl.LeaderElection (LeaderElection.java:askForVotes(178)) - 357d2873-2248-48d2-9bf7-23aadc7fc5db@group-33B9927584DA-LeaderElection207: begin an election at term 1 for -1: [f9de5302-5741-429b-9e37-55cacebd1d46:192.168.34.35:34600, 357d2873-2248-48d2-9bf7-23aadc7fc5db:192.168.34.35:44629, d0563571-d5f5-405e-9b61-87c552fd142f:192.168.34.35:36223], old=null
2019-11-17 11:14:15,289 [f9de5302-5741-429b-9e37-55cacebd1d46@group-FEAC464CB48C-LeaderElection206] INFO  impl.LeaderElection (LeaderElection.java:askForVotes(178)) - f9de5302-5741-429b-9e37-55cacebd1d46@group-FEAC464CB48C-LeaderElection206: begin an election at term 1 for -1: [f9de5302-5741-429b-9e37-55cacebd1d46:192.168.34.35:34600], old=null
2019-11-17 11:14:15,289 [74a737c0-fb65-42e2-8af1-813ef9d8f4fa@group-CBC9DB1E30BB-SegmentedRaftLogWorker] INFO  segmented.SegmentedRaftLogWorker (SegmentedRaftLogWorker.java:execute(576)) - 74a737c0-fb65-42e2-8af1-813ef9d8f4fa@group-CBC9DB1E30BB-SegmentedRaftLogWorker: created new log segment /workdir/hadoop-ozone/integration-test/target/test-dir/MiniOzoneClusterImpl-d61a8e55-6b1b-4302-a8ca-331e331e4b67/datanode-8/data/ratis/d566223a-a383-4504-8d9c-cbc9db1e30bb/current/log_inprogress_0
2019-11-17 11:14:15,290 [f9de5302-5741-429b-9e37-55cacebd1d46@group-FEAC464CB48C-LeaderElection206] INFO  impl.RoleInfo (RoleInfo.java:shutdownLeaderElection(134)) - f9de5302-5741-429b-9e37-55cacebd1d46: shutdown LeaderElection
2019-11-17 11:14:15,290 [f9de5302-5741-429b-9e37-55cacebd1d46@group-FEAC464CB48C-LeaderElection206] INFO  impl.RaftServerImpl (RaftServerImpl.java:setRole(173)) - f9de5302-5741-429b-9e37-55cacebd1d46@group-FEAC464CB48C: changes role from CANDIDATE to LEADER at term 1 for changeToLeader
2019-11-17 11:14:15,290 [f9de5302-5741-429b-9e37-55cacebd1d46@group-FEAC464CB48C-LeaderElection206] INFO  ratis.XceiverServerRatis (XceiverServerRatis.java:handleLeaderChangedNotification(697)) - Leader change notification received for group: group-FEAC464CB48C with new leaderId: f9de5302-5741-429b-9e37-55cacebd1d46
2019-11-17 11:14:15,293 [f9de5302-5741-429b-9e37-55cacebd1d46@group-FEAC464CB48C-LeaderElection206] INFO  impl.RaftServerImpl (ServerState.java:setLeader(255)) - f9de5302-5741-429b-9e37-55cacebd1d46@group-FEAC464CB48C: change Leader from null to f9de5302-5741-429b-9e37-55cacebd1d46 at term 1 for becomeLeader, leader elected after 1142ms
2019-11-17 11:14:15,293 [f9de5302-5741-429b-9e37-55cacebd1d46@group-FEAC464CB48C-LeaderElection206] INFO  server.RaftServerConfigKeys (ConfUtils.java:logGet(43)) - raft.server.staging.catchup.gap = 1000 (default)
2019-11-17 11:14:15,293 [f9de5302-5741-429b-9e37-55cacebd1d46@group-FEAC464CB48C-LeaderElection206] INFO  server.RaftServerConfigKeys (ConfUtils.java:logGet(43)) - raft.server.rpc.sleep.time = 25ms (default)
2019-11-17 11:14:15,294 [f9de5302-5741-429b-9e37-55cacebd1d46@group-FEAC464CB48C-LeaderElection206] INFO  server.RaftServerConfigKeys (ConfUtils.java:logGet(43)) - raft.server.write.element-limit = 4096 (default)
2019-11-17 11:14:15,294 [f9de5302-5741-429b-9e37-55cacebd1d46@group-FEAC464CB48C-LeaderElection206] INFO  server.RaftServerConfigKeys (ConfUtils.java:logGet(43)) - raft.server.watch.timeout = 10s (default)
2019-11-17 11:14:15,294 [f9de5302-5741-429b-9e37-55cacebd1d46@group-FEAC464CB48C-LeaderElection206] INFO  server.RaftServerConfigKeys (ConfUtils.java:logGet(43)) - raft.server.watch.timeout.denomination = 1s (default)
2019-11-17 11:14:15,294 [EventQueue-PipelineReportForPipelineReportHandler] INFO  pipeline.PipelineStateManager (PipelineStateManager.java:openPipeline(134)) - Pipeline Pipeline[ Id: df49048a-bf0d-47b5-abe1-feac464cb48c, Nodes: f9de5302-5741-429b-9e37-55cacebd1d46{ip: 192.168.34.35, host: pr-hdds-2291-5997d-4279494527, networkLocation: /rack1, certSerialId: null}, Type:RATIS, Factor:ONE, State:OPEN] moved to OPEN state
2019-11-17 11:14:15,294 [f9de5302-5741-429b-9e37-55cacebd1d46@group-FEAC464CB48C-LeaderElection206] INFO  server.RaftServerConfigKeys (ConfUtils.java:logGet(43)) - raft.server.watch.element-limit = 65536 (default)
2019-11-17 11:14:15,294 [f9de5302-5741-429b-9e37-55cacebd1d46@group-FEAC464CB48C-LeaderElection206] INFO  impl.RoleInfo (RoleInfo.java:updateAndGet(143)) - f9de5302-5741-429b-9e37-55cacebd1d46: start LeaderState
2019-11-17 11:14:15,295 [f9de5302-5741-429b-9e37-55cacebd1d46@group-FEAC464CB48C-LeaderElection206] INFO  segmented.SegmentedRaftLogWorker (SegmentedRaftLogWorker.java:startLogSegment(385)) - f9de5302-5741-429b-9e37-55cacebd1d46@group-FEAC464CB48C-SegmentedRaftLogWorker: Starting segment from index:0
2019-11-17 11:14:15,295 [f9de5302-5741-429b-9e37-55cacebd1d46@group-FEAC464CB48C-LeaderElection206] INFO  impl.RaftServerImpl (ServerState.java:setRaftConf(356)) - f9de5302-5741-429b-9e37-55cacebd1d46@group-FEAC464CB48C: set configuration 0: [f9de5302-5741-429b-9e37-55cacebd1d46:192.168.34.35:34600], old=null at 0
2019-11-17 11:14:15,324 [grpc-default-executor-9] INFO  impl.RaftServerImpl (RaftServerImpl.java:setRole(173)) - d0563571-d5f5-405e-9b61-87c552fd142f@group-33B9927584DA: changes role from  FOLLOWER to FOLLOWER at term 1 for recognizeCandidate:357d2873-2248-48d2-9bf7-23aadc7fc5db
2019-11-17 11:14:15,324 [grpc-default-executor-9] INFO  impl.RoleInfo (RoleInfo.java:shutdownFollowerState(121)) - d0563571-d5f5-405e-9b61-87c552fd142f: shutdown FollowerState
2019-11-17 11:14:15,325 [grpc-default-executor-9] INFO  impl.RoleInfo (RoleInfo.java:updateAndGet(143)) - d0563571-d5f5-405e-9b61-87c552fd142f: start FollowerState
2019-11-17 11:14:15,325 [grpc-default-executor-6] INFO  impl.RaftServerImpl (RaftServerImpl.java:setRole(173)) - f9de5302-5741-429b-9e37-55cacebd1d46@group-33B9927584DA: changes role from  FOLLOWER to FOLLOWER at term 1 for recognizeCandidate:357d2873-2248-48d2-9bf7-23aadc7fc5db
2019-11-17 11:14:15,325 [grpc-default-executor-6] INFO  impl.RoleInfo (RoleInfo.java:shutdownFollowerState(121)) - f9de5302-5741-429b-9e37-55cacebd1d46: shutdown FollowerState
2019-11-17 11:14:15,325 [Thread-3908] INFO  impl.FollowerState (FollowerState.java:run(120)) - f9de5302-5741-429b-9e37-55cacebd1d46@group-33B9927584DA-FollowerState was interrupted: java.lang.InterruptedException: sleep interrupted
2019-11-17 11:14:15,325 [Thread-3907] INFO  impl.FollowerState (FollowerState.java:run(120)) - d0563571-d5f5-405e-9b61-87c552fd142f@group-33B9927584DA-FollowerState was interrupted: java.lang.InterruptedException: sleep interrupted
2019-11-17 11:14:15,325 [grpc-default-executor-6] INFO  impl.RoleInfo (RoleInfo.java:updateAndGet(143)) - f9de5302-5741-429b-9e37-55cacebd1d46: start FollowerState
2019-11-17 11:14:15,336 [f9de5302-5741-429b-9e37-55cacebd1d46@group-FEAC464CB48C-SegmentedRaftLogWorker] INFO  segmented.SegmentedRaftLogWorker (SegmentedRaftLogWorker.java:execute(576)) - f9de5302-5741-429b-9e37-55cacebd1d46@group-FEAC464CB48C-SegmentedRaftLogWorker: created new log segment /workdir/hadoop-ozone/integration-test/target/test-dir/MiniOzoneClusterImpl-d61a8e55-6b1b-4302-a8ca-331e331e4b67/datanode-9/data/ratis/df49048a-bf0d-47b5-abe1-feac464cb48c/current/log_inprogress_0
2019-11-17 11:14:15,337 [357d2873-2248-48d2-9bf7-23aadc7fc5db@group-33B9927584DA-LeaderElection207] INFO  impl.LeaderElection (LeaderElection.java:logAndReturn(56)) - 357d2873-2248-48d2-9bf7-23aadc7fc5db@group-33B9927584DA-LeaderElection207: Election PASSED; received 1 response(s) [357d2873-2248-48d2-9bf7-23aadc7fc5db<-d0563571-d5f5-405e-9b61-87c552fd142f#0:OK-t1] and 0 exception(s); 357d2873-2248-48d2-9bf7-23aadc7fc5db@group-33B9927584DA:t1, leader=null, voted=357d2873-2248-48d2-9bf7-23aadc7fc5db, raftlog=357d2873-2248-48d2-9bf7-23aadc7fc5db@group-33B9927584DA-SegmentedRaftLog:OPENED:c-1,f-1,i0, conf=-1: [f9de5302-5741-429b-9e37-55cacebd1d46:192.168.34.35:34600, 357d2873-2248-48d2-9bf7-23aadc7fc5db:192.168.34.35:44629, d0563571-d5f5-405e-9b61-87c552fd142f:192.168.34.35:36223], old=null
2019-11-17 11:14:15,337 [357d2873-2248-48d2-9bf7-23aadc7fc5db@group-33B9927584DA-LeaderElection207] INFO  impl.RoleInfo (RoleInfo.java:shutdownLeaderElection(134)) - 357d2873-2248-48d2-9bf7-23aadc7fc5db: shutdown LeaderElection
2019-11-17 11:14:15,337 [357d2873-2248-48d2-9bf7-23aadc7fc5db@group-33B9927584DA-LeaderElection207] INFO  impl.RaftServerImpl (RaftServerImpl.java:setRole(173)) - 357d2873-2248-48d2-9bf7-23aadc7fc5db@group-33B9927584DA: changes role from CANDIDATE to LEADER at term 1 for changeToLeader
2019-11-17 11:14:15,337 [357d2873-2248-48d2-9bf7-23aadc7fc5db@group-33B9927584DA-LeaderElection207] INFO  ratis.XceiverServerRatis (XceiverServerRatis.java:handleLeaderChangedNotification(697)) - Leader change notification received for group: group-33B9927584DA with new leaderId: 357d2873-2248-48d2-9bf7-23aadc7fc5db
2019-11-17 11:14:15,337 [357d2873-2248-48d2-9bf7-23aadc7fc5db@group-33B9927584DA-LeaderElection207] INFO  impl.RaftServerImpl (ServerState.java:setLeader(255)) - 357d2873-2248-48d2-9bf7-23aadc7fc5db@group-33B9927584DA: change Leader from null to 357d2873-2248-48d2-9bf7-23aadc7fc5db at term 1 for becomeLeader, leader elected after 1103ms
2019-11-17 11:14:15,338 [357d2873-2248-48d2-9bf7-23aadc7fc5db@group-33B9927584DA-LeaderElection207] INFO  server.RaftServerConfigKeys (ConfUtils.java:logGet(43)) - raft.server.staging.catchup.gap = 1000 (default)
2019-11-17 11:14:15,338 [357d2873-2248-48d2-9bf7-23aadc7fc5db@group-33B9927584DA-LeaderElection207] INFO  server.RaftServerConfigKeys (ConfUtils.java:logGet(43)) - raft.server.rpc.sleep.time = 25ms (default)
2019-11-17 11:14:15,338 [357d2873-2248-48d2-9bf7-23aadc7fc5db@group-33B9927584DA-LeaderElection207] INFO  server.RaftServerConfigKeys (ConfUtils.java:logGet(43)) - raft.server.write.element-limit = 4096 (default)
2019-11-17 11:14:15,338 [357d2873-2248-48d2-9bf7-23aadc7fc5db@group-33B9927584DA-LeaderElection207] INFO  server.RaftServerConfigKeys (ConfUtils.java:logGet(43)) - raft.server.watch.timeout = 10s (default)
2019-11-17 11:14:15,338 [357d2873-2248-48d2-9bf7-23aadc7fc5db@group-33B9927584DA-LeaderElection207] INFO  server.RaftServerConfigKeys (ConfUtils.java:logGet(43)) - raft.server.watch.timeout.denomination = 1s (default)
2019-11-17 11:14:15,338 [EventQueue-PipelineReportForPipelineReportHandler] INFO  pipeline.PipelineStateManager (PipelineStateManager.java:openPipeline(134)) - Pipeline Pipeline[ Id: 2d55456d-fc24-4363-b3b0-33b9927584da, Nodes: f9de5302-5741-429b-9e37-55cacebd1d46{ip: 192.168.34.35, host: pr-hdds-2291-5997d-4279494527, networkLocation: /rack1, certSerialId: null}d0563571-d5f5-405e-9b61-87c552fd142f{ip: 192.168.34.35, host: pr-hdds-2291-5997d-4279494527, networkLocation: /rack1, certSerialId: null}357d2873-2248-48d2-9bf7-23aadc7fc5db{ip: 192.168.34.35, host: pr-hdds-2291-5997d-4279494527, networkLocation: /rack1, certSerialId: null}, Type:RATIS, Factor:THREE, State:OPEN] moved to OPEN state
2019-11-17 11:14:15,338 [357d2873-2248-48d2-9bf7-23aadc7fc5db@group-33B9927584DA-LeaderElection207] INFO  server.RaftServerConfigKeys (ConfUtils.java:logGet(43)) - raft.server.watch.element-limit = 65536 (default)
2019-11-17 11:14:15,339 [357d2873-2248-48d2-9bf7-23aadc7fc5db@group-33B9927584DA-LeaderElection207] INFO  server.RaftServerConfigKeys (ConfUtils.java:logGet(43)) - raft.server.log.appender.snapshot.chunk.size.max = 16MB (=16777216) (default)
2019-11-17 11:14:15,339 [357d2873-2248-48d2-9bf7-23aadc7fc5db@group-33B9927584DA-LeaderElection207] INFO  server.RaftServerConfigKeys (ConfUtils.java:logGet(43)) - raft.server.log.appender.buffer.byte-limit = 33554432 (custom)
2019-11-17 11:14:15,339 [357d2873-2248-48d2-9bf7-23aadc7fc5db@group-33B9927584DA-LeaderElection207] INFO  server.RaftServerConfigKeys (ConfUtils.java:logGet(43)) - raft.server.log.appender.buffer.element-limit = 1 (custom)
2019-11-17 11:14:15,339 [357d2873-2248-48d2-9bf7-23aadc7fc5db@group-33B9927584DA-LeaderElection207] INFO  grpc.GrpcConfigKeys$Server (ConfUtils.java:logGet(43)) - raft.grpc.server.leader.outstanding.appends.max = 128 (default)
2019-11-17 11:14:15,339 [357d2873-2248-48d2-9bf7-23aadc7fc5db@group-33B9927584DA-LeaderElection207] INFO  server.RaftServerConfigKeys (ConfUtils.java:logGet(43)) - raft.server.rpc.request.timeout = 3000ms (default)
2019-11-17 11:14:15,339 [357d2873-2248-48d2-9bf7-23aadc7fc5db@group-33B9927584DA-LeaderElection207] INFO  server.RaftServerConfigKeys (ConfUtils.java:logGet(43)) - raft.server.log.appender.install.snapshot.enabled = false (custom)
2019-11-17 11:14:15,340 [357d2873-2248-48d2-9bf7-23aadc7fc5db@group-33B9927584DA-LeaderElection207] WARN  impl.MetricRegistriesImpl (MetricRegistriesImpl.java:lambda$create$1(61)) - First MetricRegistry has been created without registering reporters. You may need to call MetricRegistries.global().addReportRegistration(...) before.
2019-11-17 11:14:15,340 [357d2873-2248-48d2-9bf7-23aadc7fc5db@group-33B9927584DA-LeaderElection207] INFO  server.RaftServerConfigKeys (ConfUtils.java:logGet(43)) - raft.server.log.appender.snapshot.chunk.size.max = 16MB (=16777216) (default)
2019-11-17 11:14:15,340 [357d2873-2248-48d2-9bf7-23aadc7fc5db@group-33B9927584DA-LeaderElection207] INFO  server.RaftServerConfigKeys (ConfUtils.java:logGet(43)) - raft.server.log.appender.buffer.byte-limit = 33554432 (custom)
2019-11-17 11:14:15,340 [357d2873-2248-48d2-9bf7-23aadc7fc5db@group-33B9927584DA-LeaderElection207] INFO  server.RaftServerConfigKeys (ConfUtils.java:logGet(43)) - raft.server.log.appender.buffer.element-limit = 1 (custom)
2019-11-17 11:14:15,340 [357d2873-2248-48d2-9bf7-23aadc7fc5db@group-33B9927584DA-LeaderElection207] INFO  grpc.GrpcConfigKeys$Server (ConfUtils.java:logGet(43)) - raft.grpc.server.leader.outstanding.appends.max = 128 (default)
2019-11-17 11:14:15,341 [357d2873-2248-48d2-9bf7-23aadc7fc5db@group-33B9927584DA-LeaderElection207] INFO  server.RaftServerConfigKeys (ConfUtils.java:logGet(43)) - raft.server.rpc.request.timeout = 3000ms (default)
2019-11-17 11:14:15,341 [357d2873-2248-48d2-9bf7-23aadc7fc5db@group-33B9927584DA-LeaderElection207] INFO  server.RaftServerConfigKeys (ConfUtils.java:logGet(43)) - raft.server.log.appender.install.snapshot.enabled = false (custom)
2019-11-17 11:14:15,341 [357d2873-2248-48d2-9bf7-23aadc7fc5db@group-33B9927584DA-LeaderElection207] INFO  impl.RoleInfo (RoleInfo.java:updateAndGet(143)) - 357d2873-2248-48d2-9bf7-23aadc7fc5db: start LeaderState
2019-11-17 11:14:15,341 [357d2873-2248-48d2-9bf7-23aadc7fc5db@group-33B9927584DA-LeaderElection207] INFO  segmented.SegmentedRaftLogWorker (SegmentedRaftLogWorker.java:startLogSegment(385)) - 357d2873-2248-48d2-9bf7-23aadc7fc5db@group-33B9927584DA-SegmentedRaftLogWorker: Starting segment from index:0
2019-11-17 11:14:16,065 [357d2873-2248-48d2-9bf7-23aadc7fc5db@group-33B9927584DA-LeaderElection207] INFO  impl.RaftServerImpl (ServerState.java:setRaftConf(356)) - 357d2873-2248-48d2-9bf7-23aadc7fc5db@group-33B9927584DA: set configuration 0: [f9de5302-5741-429b-9e37-55cacebd1d46:192.168.34.35:34600, 357d2873-2248-48d2-9bf7-23aadc7fc5db:192.168.34.35:44629, d0563571-d5f5-405e-9b61-87c552fd142f:192.168.34.35:36223], old=null at 0
2019-11-17 11:14:16,073 [Thread-3916] WARN  util.JavaUtils (JavaUtils.java:sleep(246)) - Unexpected long sleep: sleep(1180ms) actually took 1767ms which is over the threshold 300ms
2019-11-17 11:14:16,079 [Thread-3926] WARN  util.JavaUtils (JavaUtils.java:sleep(246)) - Unexpected long sleep: sleep(1100ms) actually took 1694ms which is over the threshold 300ms
2019-11-17 11:14:16,079 [Thread-3936] WARN  util.JavaUtils (JavaUtils.java:sleep(246)) - Unexpected long sleep: sleep(1117ms) actually took 1616ms which is over the threshold 300ms
2019-11-17 11:14:16,079 [Thread-3922] WARN  util.JavaUtils (JavaUtils.java:sleep(246)) - Unexpected long sleep: sleep(1076ms) actually took 1697ms which is over the threshold 300ms
2019-11-17 11:14:16,073 [Thread-3933] WARN  util.JavaUtils (JavaUtils.java:sleep(246)) - Unexpected long sleep: sleep(1117ms) actually took 1649ms which is over the threshold 300ms
2019-11-17 11:14:16,073 [Thread-3927] WARN  util.JavaUtils (JavaUtils.java:sleep(246)) - Unexpected long sleep: sleep(1074ms) actually took 1694ms which is over the threshold 300ms
2019-11-17 11:14:16,144 [grpc-default-executor-5] INFO  ratis.XceiverServerRatis (XceiverServerRatis.java:handleLeaderChangedNotification(697)) - Leader change notification received for group: group-33B9927584DA with new leaderId: 357d2873-2248-48d2-9bf7-23aadc7fc5db
2019-11-17 11:14:16,156 [grpc-default-executor-5] INFO  impl.RaftServerImpl (ServerState.java:setLeader(255)) - f9de5302-5741-429b-9e37-55cacebd1d46@group-33B9927584DA: change Leader from null to 357d2873-2248-48d2-9bf7-23aadc7fc5db at term 1 for appendEntries, leader elected after 1910ms
2019-11-17 11:14:16,213 [357d2873-2248-48d2-9bf7-23aadc7fc5db@group-33B9927584DA-SegmentedRaftLogWorker] INFO  segmented.SegmentedRaftLogWorker (SegmentedRaftLogWorker.java:execute(576)) - 357d2873-2248-48d2-9bf7-23aadc7fc5db@group-33B9927584DA-SegmentedRaftLogWorker: created new log segment /workdir/hadoop-ozone/integration-test/target/test-dir/MiniOzoneClusterImpl-d61a8e55-6b1b-4302-a8ca-331e331e4b67/datanode-7/data/ratis/2d55456d-fc24-4363-b3b0-33b9927584da/current/log_inprogress_0
2019-11-17 11:14:16,322 [grpc-default-executor-5] INFO  ratis.XceiverServerRatis (XceiverServerRatis.java:handleLeaderChangedNotification(697)) - Leader change notification received for group: group-33B9927584DA with new leaderId: 357d2873-2248-48d2-9bf7-23aadc7fc5db
2019-11-17 11:14:16,329 [grpc-default-executor-5] INFO  impl.RaftServerImpl (ServerState.java:setLeader(255)) - d0563571-d5f5-405e-9b61-87c552fd142f@group-33B9927584DA: change Leader from null to 357d2873-2248-48d2-9bf7-23aadc7fc5db at term 1 for appendEntries, leader elected after 2088ms
2019-11-17 11:14:16,376 [grpc-default-executor-5] INFO  impl.RaftServerImpl (ServerState.java:setRaftConf(356)) - f9de5302-5741-429b-9e37-55cacebd1d46@group-33B9927584DA: set configuration 0: [f9de5302-5741-429b-9e37-55cacebd1d46:192.168.34.35:34600, 357d2873-2248-48d2-9bf7-23aadc7fc5db:192.168.34.35:44629, d0563571-d5f5-405e-9b61-87c552fd142f:192.168.34.35:36223], old=null at 0
2019-11-17 11:14:16,376 [grpc-default-executor-5] INFO  segmented.SegmentedRaftLogWorker (SegmentedRaftLogWorker.java:startLogSegment(385)) - f9de5302-5741-429b-9e37-55cacebd1d46@group-33B9927584DA-SegmentedRaftLogWorker: Starting segment from index:0
2019-11-17 11:14:16,376 [grpc-default-executor-9] INFO  impl.RaftServerImpl (ServerState.java:setRaftConf(356)) - d0563571-d5f5-405e-9b61-87c552fd142f@group-33B9927584DA: set configuration 0: [f9de5302-5741-429b-9e37-55cacebd1d46:192.168.34.35:34600, 357d2873-2248-48d2-9bf7-23aadc7fc5db:192.168.34.35:44629, d0563571-d5f5-405e-9b61-87c552fd142f:192.168.34.35:36223], old=null at 0
2019-11-17 11:14:16,377 [grpc-default-executor-9] INFO  segmented.SegmentedRaftLogWorker (SegmentedRaftLogWorker.java:startLogSegment(385)) - d0563571-d5f5-405e-9b61-87c552fd142f@group-33B9927584DA-SegmentedRaftLogWorker: Starting segment from index:0
2019-11-17 11:14:16,464 [d0563571-d5f5-405e-9b61-87c552fd142f@group-33B9927584DA-SegmentedRaftLogWorker] INFO  segmented.SegmentedRaftLogWorker (SegmentedRaftLogWorker.java:execute(576)) - d0563571-d5f5-405e-9b61-87c552fd142f@group-33B9927584DA-SegmentedRaftLogWorker: created new log segment /workdir/hadoop-ozone/integration-test/target/test-dir/MiniOzoneClusterImpl-d61a8e55-6b1b-4302-a8ca-331e331e4b67/datanode-6/data/ratis/2d55456d-fc24-4363-b3b0-33b9927584da/current/log_inprogress_0
2019-11-17 11:14:16,464 [f9de5302-5741-429b-9e37-55cacebd1d46@group-33B9927584DA-SegmentedRaftLogWorker] INFO  segmented.SegmentedRaftLogWorker (SegmentedRaftLogWorker.java:execute(576)) - f9de5302-5741-429b-9e37-55cacebd1d46@group-33B9927584DA-SegmentedRaftLogWorker: created new log segment /workdir/hadoop-ozone/integration-test/target/test-dir/MiniOzoneClusterImpl-d61a8e55-6b1b-4302-a8ca-331e331e4b67/datanode-9/data/ratis/2d55456d-fc24-4363-b3b0-33b9927584da/current/log_inprogress_0
2019-11-17 11:14:17,122 [Thread-3936] INFO  impl.FollowerState (FollowerState.java:run(111)) - c2458f73-2416-4c07-9882-0f9c7a0b27cc@group-771DD569A689-FollowerState: change to CANDIDATE, lastRpcTime:2678ms, electionTimeout:1026ms
2019-11-17 11:14:17,122 [Thread-3936] INFO  impl.RoleInfo (RoleInfo.java:shutdownFollowerState(121)) - c2458f73-2416-4c07-9882-0f9c7a0b27cc: shutdown FollowerState
2019-11-17 11:14:17,122 [Thread-3936] INFO  impl.RaftServerImpl (RaftServerImpl.java:setRole(173)) - c2458f73-2416-4c07-9882-0f9c7a0b27cc@group-771DD569A689: changes role from  FOLLOWER to CANDIDATE at term 0 for changeToCandidate
2019-11-17 11:14:17,122 [Thread-3936] INFO  impl.RoleInfo (RoleInfo.java:updateAndGet(143)) - c2458f73-2416-4c07-9882-0f9c7a0b27cc: start LeaderElection
2019-11-17 11:14:17,138 [Thread-3933] INFO  impl.FollowerState (FollowerState.java:run(111)) - 2e7e8ab2-b4fc-48ff-a5a7-73886d1441d9@group-9E7D444A7E8C-FollowerState: change to CANDIDATE, lastRpcTime:2726ms, electionTimeout:1037ms
2019-11-17 11:14:17,138 [Thread-3933] INFO  impl.RoleInfo (RoleInfo.java:shutdownFollowerState(121)) - 2e7e8ab2-b4fc-48ff-a5a7-73886d1441d9: shutdown FollowerState
2019-11-17 11:14:17,138 [Thread-3933] INFO  impl.RaftServerImpl (RaftServerImpl.java:setRole(173)) - 2e7e8ab2-b4fc-48ff-a5a7-73886d1441d9@group-9E7D444A7E8C: changes role from  FOLLOWER to CANDIDATE at term 0 for changeToCandidate
2019-11-17 11:14:17,138 [Thread-3933] INFO  impl.RoleInfo (RoleInfo.java:updateAndGet(143)) - 2e7e8ab2-b4fc-48ff-a5a7-73886d1441d9: start LeaderElection
2019-11-17 11:14:17,141 [c2458f73-2416-4c07-9882-0f9c7a0b27cc@group-771DD569A689-LeaderElection208] INFO  impl.LeaderElection (LeaderElection.java:askForVotes(178)) - c2458f73-2416-4c07-9882-0f9c7a0b27cc@group-771DD569A689-LeaderElection208: begin an election at term 1 for -1: [c2458f73-2416-4c07-9882-0f9c7a0b27cc:192.168.34.35:41744], old=null
2019-11-17 11:14:17,141 [c2458f73-2416-4c07-9882-0f9c7a0b27cc@group-771DD569A689-LeaderElection208] INFO  impl.RoleInfo (RoleInfo.java:shutdownLeaderElection(134)) - c2458f73-2416-4c07-9882-0f9c7a0b27cc: shutdown LeaderElection
2019-11-17 11:14:17,141 [c2458f73-2416-4c07-9882-0f9c7a0b27cc@group-771DD569A689-LeaderElection208] INFO  impl.RaftServerImpl (RaftServerImpl.java:setRole(173)) - c2458f73-2416-4c07-9882-0f9c7a0b27cc@group-771DD569A689: changes role from CANDIDATE to LEADER at term 1 for changeToLeader
2019-11-17 11:14:17,141 [c2458f73-2416-4c07-9882-0f9c7a0b27cc@group-771DD569A689-LeaderElection208] INFO  ratis.XceiverServerRatis (XceiverServerRatis.java:handleLeaderChangedNotification(697)) - Leader change notification received for group: group-771DD569A689 with new leaderId: c2458f73-2416-4c07-9882-0f9c7a0b27cc
2019-11-17 11:14:17,141 [c2458f73-2416-4c07-9882-0f9c7a0b27cc@group-771DD569A689-LeaderElection208] INFO  impl.RaftServerImpl (ServerState.java:setLeader(255)) - c2458f73-2416-4c07-9882-0f9c7a0b27cc@group-771DD569A689: change Leader from null to c2458f73-2416-4c07-9882-0f9c7a0b27cc at term 1 for becomeLeader, leader elected after 2699ms
2019-11-17 11:14:17,141 [c2458f73-2416-4c07-9882-0f9c7a0b27cc@group-771DD569A689-LeaderElection208] INFO  server.RaftServerConfigKeys (ConfUtils.java:logGet(43)) - raft.server.staging.catchup.gap = 1000 (default)
2019-11-17 11:14:17,142 [c2458f73-2416-4c07-9882-0f9c7a0b27cc@group-771DD569A689-LeaderElection208] INFO  server.RaftServerConfigKeys (ConfUtils.java:logGet(43)) - raft.server.rpc.sleep.time = 25ms (default)
2019-11-17 11:14:17,142 [c2458f73-2416-4c07-9882-0f9c7a0b27cc@group-771DD569A689-LeaderElection208] INFO  server.RaftServerConfigKeys (ConfUtils.java:logGet(43)) - raft.server.write.element-limit = 4096 (default)
2019-11-17 11:14:17,142 [c2458f73-2416-4c07-9882-0f9c7a0b27cc@group-771DD569A689-LeaderElection208] INFO  server.RaftServerConfigKeys (ConfUtils.java:logGet(43)) - raft.server.watch.timeout = 10s (default)
2019-11-17 11:14:17,142 [c2458f73-2416-4c07-9882-0f9c7a0b27cc@group-771DD569A689-LeaderElection208] INFO  server.RaftServerConfigKeys (ConfUtils.java:logGet(43)) - raft.server.watch.timeout.denomination = 1s (default)
2019-11-17 11:14:17,142 [c2458f73-2416-4c07-9882-0f9c7a0b27cc@group-771DD569A689-LeaderElection208] INFO  server.RaftServerConfigKeys (ConfUtils.java:logGet(43)) - raft.server.watch.element-limit = 65536 (default)
2019-11-17 11:14:17,142 [c2458f73-2416-4c07-9882-0f9c7a0b27cc@group-771DD569A689-LeaderElection208] INFO  impl.RoleInfo (RoleInfo.java:updateAndGet(143)) - c2458f73-2416-4c07-9882-0f9c7a0b27cc: start LeaderState
2019-11-17 11:14:17,142 [c2458f73-2416-4c07-9882-0f9c7a0b27cc@group-771DD569A689-LeaderElection208] INFO  segmented.SegmentedRaftLogWorker (SegmentedRaftLogWorker.java:startLogSegment(385)) - c2458f73-2416-4c07-9882-0f9c7a0b27cc@group-771DD569A689-SegmentedRaftLogWorker: Starting segment from index:0
2019-11-17 11:14:17,143 [c2458f73-2416-4c07-9882-0f9c7a0b27cc@group-771DD569A689-LeaderElection208] INFO  impl.RaftServerImpl (ServerState.java:setRaftConf(356)) - c2458f73-2416-4c07-9882-0f9c7a0b27cc@group-771DD569A689: set configuration 0: [c2458f73-2416-4c07-9882-0f9c7a0b27cc:192.168.34.35:41744], old=null at 0
2019-11-17 11:14:17,143 [Thread-3916] INFO  impl.FollowerState (FollowerState.java:run(111)) - 3d268c2e-02d6-42d5-8f0a-acb046ab2083@group-ABE5CFB15355-FollowerState: change to CANDIDATE, lastRpcTime:2850ms, electionTimeout:1057ms
2019-11-17 11:14:17,183 [2e7e8ab2-b4fc-48ff-a5a7-73886d1441d9@group-9E7D444A7E8C-LeaderElection209] INFO  impl.LeaderElection (LeaderElection.java:askForVotes(178)) - 2e7e8ab2-b4fc-48ff-a5a7-73886d1441d9@group-9E7D444A7E8C-LeaderElection209: begin an election at term 1 for -1: [2e7e8ab2-b4fc-48ff-a5a7-73886d1441d9:192.168.34.35:39716], old=null
2019-11-17 11:14:17,183 [Thread-3916] INFO  impl.RoleInfo (RoleInfo.java:shutdownFollowerState(121)) - 3d268c2e-02d6-42d5-8f0a-acb046ab2083: shutdown FollowerState
2019-11-17 11:14:17,183 [2e7e8ab2-b4fc-48ff-a5a7-73886d1441d9@group-9E7D444A7E8C-LeaderElection209] INFO  impl.RoleInfo (RoleInfo.java:shutdownLeaderElection(134)) - 2e7e8ab2-b4fc-48ff-a5a7-73886d1441d9: shutdown LeaderElection
2019-11-17 11:14:17,183 [Thread-3916] INFO  impl.RaftServerImpl (RaftServerImpl.java:setRole(173)) - 3d268c2e-02d6-42d5-8f0a-acb046ab2083@group-ABE5CFB15355: changes role from  FOLLOWER to CANDIDATE at term 0 for changeToCandidate
2019-11-17 11:14:17,183 [2e7e8ab2-b4fc-48ff-a5a7-73886d1441d9@group-9E7D444A7E8C-LeaderElection209] INFO  impl.RaftServerImpl (RaftServerImpl.java:setRole(173)) - 2e7e8ab2-b4fc-48ff-a5a7-73886d1441d9@group-9E7D444A7E8C: changes role from CANDIDATE to LEADER at term 1 for changeToLeader
2019-11-17 11:14:17,183 [Thread-3916] INFO  impl.RoleInfo (RoleInfo.java:updateAndGet(143)) - 3d268c2e-02d6-42d5-8f0a-acb046ab2083: start LeaderElection
2019-11-17 11:14:17,184 [2e7e8ab2-b4fc-48ff-a5a7-73886d1441d9@group-9E7D444A7E8C-LeaderElection209] INFO  ratis.XceiverServerRatis (XceiverServerRatis.java:handleLeaderChangedNotification(697)) - Leader change notification received for group: group-9E7D444A7E8C with new leaderId: 2e7e8ab2-b4fc-48ff-a5a7-73886d1441d9
2019-11-17 11:14:17,184 [2e7e8ab2-b4fc-48ff-a5a7-73886d1441d9@group-9E7D444A7E8C-LeaderElection209] INFO  impl.RaftServerImpl (ServerState.java:setLeader(255)) - 2e7e8ab2-b4fc-48ff-a5a7-73886d1441d9@group-9E7D444A7E8C: change Leader from null to 2e7e8ab2-b4fc-48ff-a5a7-73886d1441d9 at term 1 for becomeLeader, leader elected after 2775ms
2019-11-17 11:14:17,188 [2e7e8ab2-b4fc-48ff-a5a7-73886d1441d9@group-9E7D444A7E8C-LeaderElection209] INFO  server.RaftServerConfigKeys (ConfUtils.java:logGet(43)) - raft.server.staging.catchup.gap = 1000 (default)
2019-11-17 11:14:17,188 [2e7e8ab2-b4fc-48ff-a5a7-73886d1441d9@group-9E7D444A7E8C-LeaderElection209] INFO  server.RaftServerConfigKeys (ConfUtils.java:logGet(43)) - raft.server.rpc.sleep.time = 25ms (default)
2019-11-17 11:14:17,189 [2e7e8ab2-b4fc-48ff-a5a7-73886d1441d9@group-9E7D444A7E8C-LeaderElection209] INFO  server.RaftServerConfigKeys (ConfUtils.java:logGet(43)) - raft.server.write.element-limit = 4096 (default)
2019-11-17 11:14:17,189 [2e7e8ab2-b4fc-48ff-a5a7-73886d1441d9@group-9E7D444A7E8C-LeaderElection209] INFO  server.RaftServerConfigKeys (ConfUtils.java:logGet(43)) - raft.server.watch.timeout = 10s (default)
2019-11-17 11:14:17,189 [EventQueue-PipelineReportForPipelineReportHandler] INFO  pipeline.PipelineStateManager (PipelineStateManager.java:openPipeline(134)) - Pipeline Pipeline[ Id: a14aa278-5ea5-44ec-8266-9e7d444a7e8c, Nodes: 2e7e8ab2-b4fc-48ff-a5a7-73886d1441d9{ip: 192.168.34.35, host: pr-hdds-2291-5997d-4279494527, networkLocation: /rack1, certSerialId: null}, Type:RATIS, Factor:ONE, State:OPEN] moved to OPEN state
2019-11-17 11:14:17,189 [2e7e8ab2-b4fc-48ff-a5a7-73886d1441d9@group-9E7D444A7E8C-LeaderElection209] INFO  server.RaftServerConfigKeys (ConfUtils.java:logGet(43)) - raft.server.watch.timeout.denomination = 1s (default)
2019-11-17 11:14:17,189 [2e7e8ab2-b4fc-48ff-a5a7-73886d1441d9@group-9E7D444A7E8C-LeaderElection209] INFO  server.RaftServerConfigKeys (ConfUtils.java:logGet(43)) - raft.server.watch.element-limit = 65536 (default)
2019-11-17 11:14:17,190 [2e7e8ab2-b4fc-48ff-a5a7-73886d1441d9@group-9E7D444A7E8C-LeaderElection209] INFO  impl.RoleInfo (RoleInfo.java:updateAndGet(143)) - 2e7e8ab2-b4fc-48ff-a5a7-73886d1441d9: start LeaderState
2019-11-17 11:14:17,190 [2e7e8ab2-b4fc-48ff-a5a7-73886d1441d9@group-9E7D444A7E8C-LeaderElection209] INFO  segmented.SegmentedRaftLogWorker (SegmentedRaftLogWorker.java:startLogSegment(385)) - 2e7e8ab2-b4fc-48ff-a5a7-73886d1441d9@group-9E7D444A7E8C-SegmentedRaftLogWorker: Starting segment from index:0
2019-11-17 11:14:17,190 [2e7e8ab2-b4fc-48ff-a5a7-73886d1441d9@group-9E7D444A7E8C-LeaderElection209] INFO  impl.RaftServerImpl (ServerState.java:setRaftConf(356)) - 2e7e8ab2-b4fc-48ff-a5a7-73886d1441d9@group-9E7D444A7E8C: set configuration 0: [2e7e8ab2-b4fc-48ff-a5a7-73886d1441d9:192.168.34.35:39716], old=null at 0
2019-11-17 11:14:17,234 [c2458f73-2416-4c07-9882-0f9c7a0b27cc@group-771DD569A689-SegmentedRaftLogWorker] INFO  segmented.SegmentedRaftLogWorker (SegmentedRaftLogWorker.java:execute(576)) - c2458f73-2416-4c07-9882-0f9c7a0b27cc@group-771DD569A689-SegmentedRaftLogWorker: created new log segment /workdir/hadoop-ozone/integration-test/target/test-dir/MiniOzoneClusterImpl-d61a8e55-6b1b-4302-a8ca-331e331e4b67/datanode-5/data/ratis/6b48a3a7-ee6d-49f4-9ad1-771dd569a689/current/log_inprogress_0
2019-11-17 11:14:17,234 [3d268c2e-02d6-42d5-8f0a-acb046ab2083@group-ABE5CFB15355-LeaderElection210] INFO  impl.LeaderElection (LeaderElection.java:askForVotes(178)) - 3d268c2e-02d6-42d5-8f0a-acb046ab2083@group-ABE5CFB15355-LeaderElection210: begin an election at term 1 for -1: [3d268c2e-02d6-42d5-8f0a-acb046ab2083:192.168.34.35:41075], old=null
2019-11-17 11:14:17,234 [3d268c2e-02d6-42d5-8f0a-acb046ab2083@group-ABE5CFB15355-LeaderElection210] INFO  impl.RoleInfo (RoleInfo.java:shutdownLeaderElection(134)) - 3d268c2e-02d6-42d5-8f0a-acb046ab2083: shutdown LeaderElection
2019-11-17 11:14:17,234 [3d268c2e-02d6-42d5-8f0a-acb046ab2083@group-ABE5CFB15355-LeaderElection210] INFO  impl.RaftServerImpl (RaftServerImpl.java:setRole(173)) - 3d268c2e-02d6-42d5-8f0a-acb046ab2083@group-ABE5CFB15355: changes role from CANDIDATE to LEADER at term 1 for changeToLeader
2019-11-17 11:14:17,234 [3d268c2e-02d6-42d5-8f0a-acb046ab2083@group-ABE5CFB15355-LeaderElection210] INFO  ratis.XceiverServerRatis (XceiverServerRatis.java:handleLeaderChangedNotification(697)) - Leader change notification received for group: group-ABE5CFB15355 with new leaderId: 3d268c2e-02d6-42d5-8f0a-acb046ab2083
2019-11-17 11:14:17,234 [3d268c2e-02d6-42d5-8f0a-acb046ab2083@group-ABE5CFB15355-LeaderElection210] INFO  impl.RaftServerImpl (ServerState.java:setLeader(255)) - 3d268c2e-02d6-42d5-8f0a-acb046ab2083@group-ABE5CFB15355: change Leader from null to 3d268c2e-02d6-42d5-8f0a-acb046ab2083 at term 1 for becomeLeader, leader elected after 2943ms
2019-11-17 11:14:17,234 [3d268c2e-02d6-42d5-8f0a-acb046ab2083@group-ABE5CFB15355-LeaderElection210] INFO  server.RaftServerConfigKeys (ConfUtils.java:logGet(43)) - raft.server.staging.catchup.gap = 1000 (default)
2019-11-17 11:14:17,235 [3d268c2e-02d6-42d5-8f0a-acb046ab2083@group-ABE5CFB15355-LeaderElection210] INFO  server.RaftServerConfigKeys (ConfUtils.java:logGet(43)) - raft.server.rpc.sleep.time = 25ms (default)
2019-11-17 11:14:17,235 [3d268c2e-02d6-42d5-8f0a-acb046ab2083@group-ABE5CFB15355-LeaderElection210] INFO  server.RaftServerConfigKeys (ConfUtils.java:logGet(43)) - raft.server.write.element-limit = 4096 (default)
2019-11-17 11:14:17,235 [3d268c2e-02d6-42d5-8f0a-acb046ab2083@group-ABE5CFB15355-LeaderElection210] INFO  server.RaftServerConfigKeys (ConfUtils.java:logGet(43)) - raft.server.watch.timeout = 10s (default)
2019-11-17 11:14:17,235 [3d268c2e-02d6-42d5-8f0a-acb046ab2083@group-ABE5CFB15355-LeaderElection210] INFO  server.RaftServerConfigKeys (ConfUtils.java:logGet(43)) - raft.server.watch.timeout.denomination = 1s (default)
2019-11-17 11:14:17,235 [3d268c2e-02d6-42d5-8f0a-acb046ab2083@group-ABE5CFB15355-LeaderElection210] INFO  server.RaftServerConfigKeys (ConfUtils.java:logGet(43)) - raft.server.watch.element-limit = 65536 (default)
2019-11-17 11:14:17,235 [3d268c2e-02d6-42d5-8f0a-acb046ab2083@group-ABE5CFB15355-LeaderElection210] INFO  impl.RoleInfo (RoleInfo.java:updateAndGet(143)) - 3d268c2e-02d6-42d5-8f0a-acb046ab2083: start LeaderState
2019-11-17 11:14:17,235 [EventQueue-PipelineReportForPipelineReportHandler] INFO  pipeline.PipelineStateManager (PipelineStateManager.java:openPipeline(134)) - Pipeline Pipeline[ Id: ae57e7a3-6abe-43ff-a958-abe5cfb15355, Nodes: 3d268c2e-02d6-42d5-8f0a-acb046ab2083{ip: 192.168.34.35, host: pr-hdds-2291-5997d-4279494527, networkLocation: /rack1, certSerialId: null}, Type:RATIS, Factor:ONE, State:OPEN] moved to OPEN state
2019-11-17 11:14:17,235 [3d268c2e-02d6-42d5-8f0a-acb046ab2083@group-ABE5CFB15355-LeaderElection210] INFO  segmented.SegmentedRaftLogWorker (SegmentedRaftLogWorker.java:startLogSegment(385)) - 3d268c2e-02d6-42d5-8f0a-acb046ab2083@group-ABE5CFB15355-SegmentedRaftLogWorker: Starting segment from index:0
2019-11-17 11:14:17,236 [Thread-3922] INFO  impl.FollowerState (FollowerState.java:run(111)) - 3d268c2e-02d6-42d5-8f0a-acb046ab2083@group-997951AD4E71-FollowerState: change to CANDIDATE, lastRpcTime:2872ms, electionTimeout:1135ms
2019-11-17 11:14:17,236 [Thread-3922] INFO  impl.RoleInfo (RoleInfo.java:shutdownFollowerState(121)) - 3d268c2e-02d6-42d5-8f0a-acb046ab2083: shutdown FollowerState
2019-11-17 11:14:17,236 [Thread-3922] INFO  impl.RaftServerImpl (RaftServerImpl.java:setRole(173)) - 3d268c2e-02d6-42d5-8f0a-acb046ab2083@group-997951AD4E71: changes role from  FOLLOWER to CANDIDATE at term 0 for changeToCandidate
2019-11-17 11:14:17,236 [3d268c2e-02d6-42d5-8f0a-acb046ab2083@group-ABE5CFB15355-LeaderElection210] INFO  impl.RaftServerImpl (ServerState.java:setRaftConf(356)) - 3d268c2e-02d6-42d5-8f0a-acb046ab2083@group-ABE5CFB15355: set configuration 0: [3d268c2e-02d6-42d5-8f0a-acb046ab2083:192.168.34.35:41075], old=null at 0
2019-11-17 11:14:17,236 [Thread-3922] INFO  impl.RoleInfo (RoleInfo.java:updateAndGet(143)) - 3d268c2e-02d6-42d5-8f0a-acb046ab2083: start LeaderElection
2019-11-17 11:14:17,263 [Thread-3926] INFO  impl.FollowerState (FollowerState.java:run(111)) - eab723bb-0aff-418b-9bd7-1333118797a2@group-997951AD4E71-FollowerState: change to CANDIDATE, lastRpcTime:2897ms, electionTimeout:1159ms
2019-11-17 11:14:17,263 [2e7e8ab2-b4fc-48ff-a5a7-73886d1441d9@group-9E7D444A7E8C-SegmentedRaftLogWorker] INFO  segmented.SegmentedRaftLogWorker (SegmentedRaftLogWorker.java:execute(576)) - 2e7e8ab2-b4fc-48ff-a5a7-73886d1441d9@group-9E7D444A7E8C-SegmentedRaftLogWorker: created new log segment /workdir/hadoop-ozone/integration-test/target/test-dir/MiniOzoneClusterImpl-d61a8e55-6b1b-4302-a8ca-331e331e4b67/datanode-4/data/ratis/a14aa278-5ea5-44ec-8266-9e7d444a7e8c/current/log_inprogress_0
2019-11-17 11:14:17,263 [Thread-3926] INFO  impl.RoleInfo (RoleInfo.java:shutdownFollowerState(121)) - eab723bb-0aff-418b-9bd7-1333118797a2: shutdown FollowerState
2019-11-17 11:14:17,266 [Thread-3926] INFO  impl.RaftServerImpl (RaftServerImpl.java:setRole(173)) - eab723bb-0aff-418b-9bd7-1333118797a2@group-997951AD4E71: changes role from  FOLLOWER to CANDIDATE at term 0 for changeToCandidate
2019-11-17 11:14:17,266 [Thread-3926] INFO  impl.RoleInfo (RoleInfo.java:updateAndGet(143)) - eab723bb-0aff-418b-9bd7-1333118797a2: start LeaderElection
2019-11-17 11:14:17,269 [Thread-3927] INFO  impl.FollowerState (FollowerState.java:run(111)) - 4c46855d-d979-4113-9d53-291bcfa92579@group-997951AD4E71-FollowerState: change to CANDIDATE, lastRpcTime:2902ms, electionTimeout:1168ms
2019-11-17 11:14:17,269 [Thread-3927] INFO  impl.RoleInfo (RoleInfo.java:shutdownFollowerState(121)) - 4c46855d-d979-4113-9d53-291bcfa92579: shutdown FollowerState
2019-11-17 11:14:17,269 [Thread-3927] INFO  impl.RaftServerImpl (RaftServerImpl.java:setRole(173)) - 4c46855d-d979-4113-9d53-291bcfa92579@group-997951AD4E71: changes role from  FOLLOWER to CANDIDATE at term 0 for changeToCandidate
2019-11-17 11:14:17,269 [Thread-3927] INFO  impl.RoleInfo (RoleInfo.java:updateAndGet(143)) - 4c46855d-d979-4113-9d53-291bcfa92579: start LeaderElection
2019-11-17 11:14:17,272 [3d268c2e-02d6-42d5-8f0a-acb046ab2083@group-ABE5CFB15355-SegmentedRaftLogWorker] INFO  segmented.SegmentedRaftLogWorker (SegmentedRaftLogWorker.java:execute(576)) - 3d268c2e-02d6-42d5-8f0a-acb046ab2083@group-ABE5CFB15355-SegmentedRaftLogWorker: created new log segment /workdir/hadoop-ozone/integration-test/target/test-dir/MiniOzoneClusterImpl-d61a8e55-6b1b-4302-a8ca-331e331e4b67/datanode-0/data/ratis/ae57e7a3-6abe-43ff-a958-abe5cfb15355/current/log_inprogress_0
2019-11-17 11:14:17,272 [3d268c2e-02d6-42d5-8f0a-acb046ab2083@group-997951AD4E71-LeaderElection211] INFO  impl.LeaderElection (LeaderElection.java:askForVotes(178)) - 3d268c2e-02d6-42d5-8f0a-acb046ab2083@group-997951AD4E71-LeaderElection211: begin an election at term 1 for -1: [4c46855d-d979-4113-9d53-291bcfa92579:192.168.34.35:41089, 3d268c2e-02d6-42d5-8f0a-acb046ab2083:192.168.34.35:41075, eab723bb-0aff-418b-9bd7-1333118797a2:192.168.34.35:46301], old=null
2019-11-17 11:14:17,272 [eab723bb-0aff-418b-9bd7-1333118797a2@group-997951AD4E71-LeaderElection212] INFO  impl.LeaderElection (LeaderElection.java:askForVotes(178)) - eab723bb-0aff-418b-9bd7-1333118797a2@group-997951AD4E71-LeaderElection212: begin an election at term 1 for -1: [4c46855d-d979-4113-9d53-291bcfa92579:192.168.34.35:41089, 3d268c2e-02d6-42d5-8f0a-acb046ab2083:192.168.34.35:41075, eab723bb-0aff-418b-9bd7-1333118797a2:192.168.34.35:46301], old=null
2019-11-17 11:14:17,276 [4c46855d-d979-4113-9d53-291bcfa92579@group-997951AD4E71-LeaderElection213] INFO  impl.LeaderElection (LeaderElection.java:askForVotes(178)) - 4c46855d-d979-4113-9d53-291bcfa92579@group-997951AD4E71-LeaderElection213: begin an election at term 1 for -1: [4c46855d-d979-4113-9d53-291bcfa92579:192.168.34.35:41089, 3d268c2e-02d6-42d5-8f0a-acb046ab2083:192.168.34.35:41075, eab723bb-0aff-418b-9bd7-1333118797a2:192.168.34.35:46301], old=null
2019-11-17 11:14:17,282 [eab723bb-0aff-418b-9bd7-1333118797a2@group-997951AD4E71-LeaderElection212] INFO  impl.LeaderElection (LeaderElection.java:logAndReturn(56)) - eab723bb-0aff-418b-9bd7-1333118797a2@group-997951AD4E71-LeaderElection212: Election REJECTED; received 2 response(s) [eab723bb-0aff-418b-9bd7-1333118797a2<-4c46855d-d979-4113-9d53-291bcfa92579#0:FAIL-t1, eab723bb-0aff-418b-9bd7-1333118797a2<-3d268c2e-02d6-42d5-8f0a-acb046ab2083#0:FAIL-t1] and 0 exception(s); eab723bb-0aff-418b-9bd7-1333118797a2@group-997951AD4E71:t1, leader=null, voted=eab723bb-0aff-418b-9bd7-1333118797a2, raftlog=eab723bb-0aff-418b-9bd7-1333118797a2@group-997951AD4E71-SegmentedRaftLog:OPENED:c-1,f-1,i0, conf=-1: [4c46855d-d979-4113-9d53-291bcfa92579:192.168.34.35:41089, 3d268c2e-02d6-42d5-8f0a-acb046ab2083:192.168.34.35:41075, eab723bb-0aff-418b-9bd7-1333118797a2:192.168.34.35:46301], old=null
2019-11-17 11:14:17,282 [3d268c2e-02d6-42d5-8f0a-acb046ab2083@group-997951AD4E71-LeaderElection211] INFO  impl.LeaderElection (LeaderElection.java:logAndReturn(56)) - 3d268c2e-02d6-42d5-8f0a-acb046ab2083@group-997951AD4E71-LeaderElection211: Election REJECTED; received 2 response(s) [3d268c2e-02d6-42d5-8f0a-acb046ab2083<-4c46855d-d979-4113-9d53-291bcfa92579#0:FAIL-t1, 3d268c2e-02d6-42d5-8f0a-acb046ab2083<-eab723bb-0aff-418b-9bd7-1333118797a2#0:FAIL-t1] and 0 exception(s); 3d268c2e-02d6-42d5-8f0a-acb046ab2083@group-997951AD4E71:t1, leader=null, voted=3d268c2e-02d6-42d5-8f0a-acb046ab2083, raftlog=3d268c2e-02d6-42d5-8f0a-acb046ab2083@group-997951AD4E71-SegmentedRaftLog:OPENED:c-1,f-1,i0, conf=-1: [4c46855d-d979-4113-9d53-291bcfa92579:192.168.34.35:41089, 3d268c2e-02d6-42d5-8f0a-acb046ab2083:192.168.34.35:41075, eab723bb-0aff-418b-9bd7-1333118797a2:192.168.34.35:46301], old=null
2019-11-17 11:14:17,282 [eab723bb-0aff-418b-9bd7-1333118797a2@group-997951AD4E71-LeaderElection212] INFO  impl.RaftServerImpl (RaftServerImpl.java:setRole(173)) - eab723bb-0aff-418b-9bd7-1333118797a2@group-997951AD4E71: changes role from CANDIDATE to FOLLOWER at term 1 for DISCOVERED_A_NEW_TERM
2019-11-17 11:14:17,282 [3d268c2e-02d6-42d5-8f0a-acb046ab2083@group-997951AD4E71-LeaderElection211] INFO  impl.RaftServerImpl (RaftServerImpl.java:setRole(173)) - 3d268c2e-02d6-42d5-8f0a-acb046ab2083@group-997951AD4E71: changes role from CANDIDATE to FOLLOWER at term 1 for DISCOVERED_A_NEW_TERM
2019-11-17 11:14:17,282 [eab723bb-0aff-418b-9bd7-1333118797a2@group-997951AD4E71-LeaderElection212] INFO  impl.RoleInfo (RoleInfo.java:shutdownLeaderElection(134)) - eab723bb-0aff-418b-9bd7-1333118797a2: shutdown LeaderElection
2019-11-17 11:14:17,283 [3d268c2e-02d6-42d5-8f0a-acb046ab2083@group-997951AD4E71-LeaderElection211] INFO  impl.RoleInfo (RoleInfo.java:shutdownLeaderElection(134)) - 3d268c2e-02d6-42d5-8f0a-acb046ab2083: shutdown LeaderElection
2019-11-17 11:14:17,283 [eab723bb-0aff-418b-9bd7-1333118797a2@group-997951AD4E71-LeaderElection212] INFO  impl.RoleInfo (RoleInfo.java:updateAndGet(143)) - eab723bb-0aff-418b-9bd7-1333118797a2: start FollowerState
2019-11-17 11:14:17,283 [3d268c2e-02d6-42d5-8f0a-acb046ab2083@group-997951AD4E71-LeaderElection211] INFO  impl.RoleInfo (RoleInfo.java:updateAndGet(143)) - 3d268c2e-02d6-42d5-8f0a-acb046ab2083: start FollowerState
2019-11-17 11:14:17,301 [4c46855d-d979-4113-9d53-291bcfa92579@group-997951AD4E71-LeaderElection213] INFO  impl.LeaderElection (LeaderElection.java:logAndReturn(56)) - 4c46855d-d979-4113-9d53-291bcfa92579@group-997951AD4E71-LeaderElection213: Election REJECTED; received 2 response(s) [4c46855d-d979-4113-9d53-291bcfa92579<-eab723bb-0aff-418b-9bd7-1333118797a2#0:FAIL-t1, 4c46855d-d979-4113-9d53-291bcfa92579<-3d268c2e-02d6-42d5-8f0a-acb046ab2083#0:FAIL-t1] and 0 exception(s); 4c46855d-d979-4113-9d53-291bcfa92579@group-997951AD4E71:t1, leader=null, voted=4c46855d-d979-4113-9d53-291bcfa92579, raftlog=4c46855d-d979-4113-9d53-291bcfa92579@group-997951AD4E71-SegmentedRaftLog:OPENED:c-1,f-1,i0, conf=-1: [4c46855d-d979-4113-9d53-291bcfa92579:192.168.34.35:41089, 3d268c2e-02d6-42d5-8f0a-acb046ab2083:192.168.34.35:41075, eab723bb-0aff-418b-9bd7-1333118797a2:192.168.34.35:46301], old=null
2019-11-17 11:14:17,302 [4c46855d-d979-4113-9d53-291bcfa92579@group-997951AD4E71-LeaderElection213] INFO  impl.RaftServerImpl (RaftServerImpl.java:setRole(173)) - 4c46855d-d979-4113-9d53-291bcfa92579@group-997951AD4E71: changes role from CANDIDATE to FOLLOWER at term 1 for DISCOVERED_A_NEW_TERM
2019-11-17 11:14:17,302 [4c46855d-d979-4113-9d53-291bcfa92579@group-997951AD4E71-LeaderElection213] INFO  impl.RoleInfo (RoleInfo.java:shutdownLeaderElection(134)) - 4c46855d-d979-4113-9d53-291bcfa92579: shutdown LeaderElection
2019-11-17 11:14:17,302 [4c46855d-d979-4113-9d53-291bcfa92579@group-997951AD4E71-LeaderElection213] INFO  impl.RoleInfo (RoleInfo.java:updateAndGet(143)) - 4c46855d-d979-4113-9d53-291bcfa92579: start FollowerState
2019-11-17 11:14:18,285 [Thread-3998] INFO  impl.FollowerState (FollowerState.java:run(111)) - 3d268c2e-02d6-42d5-8f0a-acb046ab2083@group-997951AD4E71-FollowerState: change to CANDIDATE, lastRpcTime:1002ms, electionTimeout:1002ms
2019-11-17 11:14:18,286 [Thread-3998] INFO  impl.RoleInfo (RoleInfo.java:shutdownFollowerState(121)) - 3d268c2e-02d6-42d5-8f0a-acb046ab2083: shutdown FollowerState
2019-11-17 11:14:18,286 [Thread-3998] INFO  impl.RaftServerImpl (RaftServerImpl.java:setRole(173)) - 3d268c2e-02d6-42d5-8f0a-acb046ab2083@group-997951AD4E71: changes role from  FOLLOWER to CANDIDATE at term 1 for changeToCandidate
2019-11-17 11:14:18,286 [Thread-3998] INFO  impl.RoleInfo (RoleInfo.java:updateAndGet(143)) - 3d268c2e-02d6-42d5-8f0a-acb046ab2083: start LeaderElection
2019-11-17 11:14:18,304 [3d268c2e-02d6-42d5-8f0a-acb046ab2083@group-997951AD4E71-LeaderElection214] INFO  impl.LeaderElection (LeaderElection.java:askForVotes(178)) - 3d268c2e-02d6-42d5-8f0a-acb046ab2083@group-997951AD4E71-LeaderElection214: begin an election at term 2 for -1: [4c46855d-d979-4113-9d53-291bcfa92579:192.168.34.35:41089, 3d268c2e-02d6-42d5-8f0a-acb046ab2083:192.168.34.35:41075, eab723bb-0aff-418b-9bd7-1333118797a2:192.168.34.35:46301], old=null
2019-11-17 11:14:18,307 [grpc-default-executor-9] INFO  impl.RaftServerImpl (RaftServerImpl.java:setRole(173)) - eab723bb-0aff-418b-9bd7-1333118797a2@group-997951AD4E71: changes role from  FOLLOWER to FOLLOWER at term 2 for recognizeCandidate:3d268c2e-02d6-42d5-8f0a-acb046ab2083
2019-11-17 11:14:18,307 [grpc-default-executor-9] INFO  impl.RoleInfo (RoleInfo.java:shutdownFollowerState(121)) - eab723bb-0aff-418b-9bd7-1333118797a2: shutdown FollowerState
2019-11-17 11:14:18,307 [grpc-default-executor-5] INFO  impl.RaftServerImpl (RaftServerImpl.java:setRole(173)) - 4c46855d-d979-4113-9d53-291bcfa92579@group-997951AD4E71: changes role from  FOLLOWER to FOLLOWER at term 2 for recognizeCandidate:3d268c2e-02d6-42d5-8f0a-acb046ab2083
2019-11-17 11:14:18,307 [grpc-default-executor-5] INFO  impl.RoleInfo (RoleInfo.java:shutdownFollowerState(121)) - 4c46855d-d979-4113-9d53-291bcfa92579: shutdown FollowerState
2019-11-17 11:14:18,307 [Thread-3997] INFO  impl.FollowerState (FollowerState.java:run(120)) - eab723bb-0aff-418b-9bd7-1333118797a2@group-997951AD4E71-FollowerState was interrupted: java.lang.InterruptedException: sleep interrupted
2019-11-17 11:14:18,307 [Thread-3999] INFO  impl.FollowerState (FollowerState.java:run(120)) - 4c46855d-d979-4113-9d53-291bcfa92579@group-997951AD4E71-FollowerState was interrupted: java.lang.InterruptedException: sleep interrupted
2019-11-17 11:14:18,307 [grpc-default-executor-9] INFO  impl.RoleInfo (RoleInfo.java:updateAndGet(143)) - eab723bb-0aff-418b-9bd7-1333118797a2: start FollowerState
2019-11-17 11:14:18,307 [grpc-default-executor-5] INFO  impl.RoleInfo (RoleInfo.java:updateAndGet(143)) - 4c46855d-d979-4113-9d53-291bcfa92579: start FollowerState
2019-11-17 11:14:18,322 [3d268c2e-02d6-42d5-8f0a-acb046ab2083@group-997951AD4E71-LeaderElection214] INFO  impl.LeaderElection (LeaderElection.java:logAndReturn(56)) - 3d268c2e-02d6-42d5-8f0a-acb046ab2083@group-997951AD4E71-LeaderElection214: Election PASSED; received 1 response(s) [3d268c2e-02d6-42d5-8f0a-acb046ab2083<-eab723bb-0aff-418b-9bd7-1333118797a2#0:OK-t2] and 0 exception(s); 3d268c2e-02d6-42d5-8f0a-acb046ab2083@group-997951AD4E71:t2, leader=null, voted=3d268c2e-02d6-42d5-8f0a-acb046ab2083, raftlog=3d268c2e-02d6-42d5-8f0a-acb046ab2083@group-997951AD4E71-SegmentedRaftLog:OPENED:c-1,f-1,i0, conf=-1: [4c46855d-d979-4113-9d53-291bcfa92579:192.168.34.35:41089, 3d268c2e-02d6-42d5-8f0a-acb046ab2083:192.168.34.35:41075, eab723bb-0aff-418b-9bd7-1333118797a2:192.168.34.35:46301], old=null
2019-11-17 11:14:18,322 [3d268c2e-02d6-42d5-8f0a-acb046ab2083@group-997951AD4E71-LeaderElection214] INFO  impl.RoleInfo (RoleInfo.java:shutdownLeaderElection(134)) - 3d268c2e-02d6-42d5-8f0a-acb046ab2083: shutdown LeaderElection
2019-11-17 11:14:18,322 [3d268c2e-02d6-42d5-8f0a-acb046ab2083@group-997951AD4E71-LeaderElection214] INFO  impl.RaftServerImpl (RaftServerImpl.java:setRole(173)) - 3d268c2e-02d6-42d5-8f0a-acb046ab2083@group-997951AD4E71: changes role from CANDIDATE to LEADER at term 2 for changeToLeader
2019-11-17 11:14:18,323 [3d268c2e-02d6-42d5-8f0a-acb046ab2083@group-997951AD4E71-LeaderElection214] INFO  ratis.XceiverServerRatis (XceiverServerRatis.java:handleLeaderChangedNotification(697)) - Leader change notification received for group: group-997951AD4E71 with new leaderId: 3d268c2e-02d6-42d5-8f0a-acb046ab2083
2019-11-17 11:14:18,323 [3d268c2e-02d6-42d5-8f0a-acb046ab2083@group-997951AD4E71-LeaderElection214] INFO  impl.RaftServerImpl (ServerState.java:setLeader(255)) - 3d268c2e-02d6-42d5-8f0a-acb046ab2083@group-997951AD4E71: change Leader from null to 3d268c2e-02d6-42d5-8f0a-acb046ab2083 at term 2 for becomeLeader, leader elected after 3963ms
2019-11-17 11:14:18,323 [3d268c2e-02d6-42d5-8f0a-acb046ab2083@group-997951AD4E71-LeaderElection214] INFO  server.RaftServerConfigKeys (ConfUtils.java:logGet(43)) - raft.server.staging.catchup.gap = 1000 (default)
2019-11-17 11:14:18,323 [3d268c2e-02d6-42d5-8f0a-acb046ab2083@group-997951AD4E71-LeaderElection214] INFO  server.RaftServerConfigKeys (ConfUtils.java:logGet(43)) - raft.server.rpc.sleep.time = 25ms (default)
2019-11-17 11:14:18,323 [3d268c2e-02d6-42d5-8f0a-acb046ab2083@group-997951AD4E71-LeaderElection214] INFO  server.RaftServerConfigKeys (ConfUtils.java:logGet(43)) - raft.server.write.element-limit = 4096 (default)
2019-11-17 11:14:18,324 [3d268c2e-02d6-42d5-8f0a-acb046ab2083@group-997951AD4E71-LeaderElection214] INFO  server.RaftServerConfigKeys (ConfUtils.java:logGet(43)) - raft.server.watch.timeout = 10s (default)
2019-11-17 11:14:18,324 [3d268c2e-02d6-42d5-8f0a-acb046ab2083@group-997951AD4E71-LeaderElection214] INFO  server.RaftServerConfigKeys (ConfUtils.java:logGet(43)) - raft.server.watch.timeout.denomination = 1s (default)
2019-11-17 11:14:18,324 [3d268c2e-02d6-42d5-8f0a-acb046ab2083@group-997951AD4E71-LeaderElection214] INFO  server.RaftServerConfigKeys (ConfUtils.java:logGet(43)) - raft.server.watch.element-limit = 65536 (default)
2019-11-17 11:14:18,324 [EventQueue-PipelineReportForPipelineReportHandler] INFO  pipeline.PipelineStateManager (PipelineStateManager.java:openPipeline(134)) - Pipeline Pipeline[ Id: 75ac715d-6c28-4870-b783-997951ad4e71, Nodes: 3d268c2e-02d6-42d5-8f0a-acb046ab2083{ip: 192.168.34.35, host: pr-hdds-2291-5997d-4279494527, networkLocation: /rack1, certSerialId: null}eab723bb-0aff-418b-9bd7-1333118797a2{ip: 192.168.34.35, host: pr-hdds-2291-5997d-4279494527, networkLocation: /rack1, certSerialId: null}4c46855d-d979-4113-9d53-291bcfa92579{ip: 192.168.34.35, host: pr-hdds-2291-5997d-4279494527, networkLocation: /rack1, certSerialId: null}, Type:RATIS, Factor:THREE, State:OPEN] moved to OPEN state
2019-11-17 11:14:18,324 [3d268c2e-02d6-42d5-8f0a-acb046ab2083@group-997951AD4E71-LeaderElection214] INFO  server.RaftServerConfigKeys (ConfUtils.java:logGet(43)) - raft.server.log.appender.snapshot.chunk.size.max = 16MB (=16777216) (default)
2019-11-17 11:14:18,324 [3d268c2e-02d6-42d5-8f0a-acb046ab2083@group-997951AD4E71-LeaderElection214] INFO  server.RaftServerConfigKeys (ConfUtils.java:logGet(43)) - raft.server.log.appender.buffer.byte-limit = 33554432 (custom)
2019-11-17 11:14:18,325 [3d268c2e-02d6-42d5-8f0a-acb046ab2083@group-997951AD4E71-LeaderElection214] INFO  server.RaftServerConfigKeys (ConfUtils.java:logGet(43)) - raft.server.log.appender.buffer.element-limit = 1 (custom)
2019-11-17 11:14:18,325 [3d268c2e-02d6-42d5-8f0a-acb046ab2083@group-997951AD4E71-LeaderElection214] INFO  grpc.GrpcConfigKeys$Server (ConfUtils.java:logGet(43)) - raft.grpc.server.leader.outstanding.appends.max = 128 (default)
2019-11-17 11:14:18,325 [3d268c2e-02d6-42d5-8f0a-acb046ab2083@group-997951AD4E71-LeaderElection214] INFO  server.RaftServerConfigKeys (ConfUtils.java:logGet(43)) - raft.server.rpc.request.timeout = 3000ms (default)
2019-11-17 11:14:18,325 [3d268c2e-02d6-42d5-8f0a-acb046ab2083@group-997951AD4E71-LeaderElection214] INFO  server.RaftServerConfigKeys (ConfUtils.java:logGet(43)) - raft.server.log.appender.install.snapshot.enabled = false (custom)
2019-11-17 11:14:18,325 [3d268c2e-02d6-42d5-8f0a-acb046ab2083@group-997951AD4E71-LeaderElection214] WARN  impl.MetricRegistriesImpl (MetricRegistriesImpl.java:lambda$create$1(61)) - First MetricRegistry has been created without registering reporters. You may need to call MetricRegistries.global().addReportRegistration(...) before.
2019-11-17 11:14:18,325 [3d268c2e-02d6-42d5-8f0a-acb046ab2083@group-997951AD4E71-LeaderElection214] INFO  server.RaftServerConfigKeys (ConfUtils.java:logGet(43)) - raft.server.log.appender.snapshot.chunk.size.max = 16MB (=16777216) (default)
2019-11-17 11:14:18,326 [3d268c2e-02d6-42d5-8f0a-acb046ab2083@group-997951AD4E71-LeaderElection214] INFO  server.RaftServerConfigKeys (ConfUtils.java:logGet(43)) - raft.server.log.appender.buffer.byte-limit = 33554432 (custom)
2019-11-17 11:14:18,326 [3d268c2e-02d6-42d5-8f0a-acb046ab2083@group-997951AD4E71-LeaderElection214] INFO  server.RaftServerConfigKeys (ConfUtils.java:logGet(43)) - raft.server.log.appender.buffer.element-limit = 1 (custom)
2019-11-17 11:14:18,326 [3d268c2e-02d6-42d5-8f0a-acb046ab2083@group-997951AD4E71-LeaderElection214] INFO  grpc.GrpcConfigKeys$Server (ConfUtils.java:logGet(43)) - raft.grpc.server.leader.outstanding.appends.max = 128 (default)
2019-11-17 11:14:18,326 [3d268c2e-02d6-42d5-8f0a-acb046ab2083@group-997951AD4E71-LeaderElection214] INFO  server.RaftServerConfigKeys (ConfUtils.java:logGet(43)) - raft.server.rpc.request.timeout = 3000ms (default)
2019-11-17 11:14:18,326 [3d268c2e-02d6-42d5-8f0a-acb046ab2083@group-997951AD4E71-LeaderElection214] INFO  server.RaftServerConfigKeys (ConfUtils.java:logGet(43)) - raft.server.log.appender.install.snapshot.enabled = false (custom)
2019-11-17 11:14:18,326 [3d268c2e-02d6-42d5-8f0a-acb046ab2083@group-997951AD4E71-LeaderElection214] INFO  impl.RoleInfo (RoleInfo.java:updateAndGet(143)) - 3d268c2e-02d6-42d5-8f0a-acb046ab2083: start LeaderState
2019-11-17 11:14:18,327 [3d268c2e-02d6-42d5-8f0a-acb046ab2083@group-997951AD4E71-LeaderElection214] INFO  segmented.SegmentedRaftLogWorker (SegmentedRaftLogWorker.java:startLogSegment(385)) - 3d268c2e-02d6-42d5-8f0a-acb046ab2083@group-997951AD4E71-SegmentedRaftLogWorker: Starting segment from index:0
2019-11-17 11:14:18,328 [3d268c2e-02d6-42d5-8f0a-acb046ab2083@group-997951AD4E71-LeaderElection214] INFO  impl.RaftServerImpl (ServerState.java:setRaftConf(356)) - 3d268c2e-02d6-42d5-8f0a-acb046ab2083@group-997951AD4E71: set configuration 0: [4c46855d-d979-4113-9d53-291bcfa92579:192.168.34.35:41089, 3d268c2e-02d6-42d5-8f0a-acb046ab2083:192.168.34.35:41075, eab723bb-0aff-418b-9bd7-1333118797a2:192.168.34.35:46301], old=null at 0
2019-11-17 11:14:18,364 [grpc-default-executor-5] INFO  ratis.XceiverServerRatis (XceiverServerRatis.java:handleLeaderChangedNotification(697)) - Leader change notification received for group: group-997951AD4E71 with new leaderId: 3d268c2e-02d6-42d5-8f0a-acb046ab2083
2019-11-17 11:14:18,364 [grpc-default-executor-5] INFO  impl.RaftServerImpl (ServerState.java:setLeader(255)) - eab723bb-0aff-418b-9bd7-1333118797a2@group-997951AD4E71: change Leader from null to 3d268c2e-02d6-42d5-8f0a-acb046ab2083 at term 2 for appendEntries, leader elected after 4005ms
2019-11-17 11:14:18,364 [grpc-default-executor-9] INFO  ratis.XceiverServerRatis (XceiverServerRatis.java:handleLeaderChangedNotification(697)) - Leader change notification received for group: group-997951AD4E71 with new leaderId: 3d268c2e-02d6-42d5-8f0a-acb046ab2083
2019-11-17 11:14:18,365 [grpc-default-executor-9] INFO  impl.RaftServerImpl (ServerState.java:setLeader(255)) - 4c46855d-d979-4113-9d53-291bcfa92579@group-997951AD4E71: change Leader from null to 3d268c2e-02d6-42d5-8f0a-acb046ab2083 at term 2 for appendEntries, leader elected after 4004ms
2019-11-17 11:14:18,366 [grpc-default-executor-9] INFO  impl.RaftServerImpl (ServerState.java:setRaftConf(356)) - eab723bb-0aff-418b-9bd7-1333118797a2@group-997951AD4E71: set configuration 0: [4c46855d-d979-4113-9d53-291bcfa92579:192.168.34.35:41089, 3d268c2e-02d6-42d5-8f0a-acb046ab2083:192.168.34.35:41075, eab723bb-0aff-418b-9bd7-1333118797a2:192.168.34.35:46301], old=null at 0
2019-11-17 11:14:18,366 [grpc-default-executor-9] INFO  segmented.SegmentedRaftLogWorker (SegmentedRaftLogWorker.java:startLogSegment(385)) - eab723bb-0aff-418b-9bd7-1333118797a2@group-997951AD4E71-SegmentedRaftLogWorker: Starting segment from index:0
2019-11-17 11:14:18,366 [grpc-default-executor-5] INFO  impl.RaftServerImpl (ServerState.java:setRaftConf(356)) - 4c46855d-d979-4113-9d53-291bcfa92579@group-997951AD4E71: set configuration 0: [4c46855d-d979-4113-9d53-291bcfa92579:192.168.34.35:41089, 3d268c2e-02d6-42d5-8f0a-acb046ab2083:192.168.34.35:41075, eab723bb-0aff-418b-9bd7-1333118797a2:192.168.34.35:46301], old=null at 0
2019-11-17 11:14:18,367 [grpc-default-executor-5] INFO  segmented.SegmentedRaftLogWorker (SegmentedRaftLogWorker.java:startLogSegment(385)) - 4c46855d-d979-4113-9d53-291bcfa92579@group-997951AD4E71-SegmentedRaftLogWorker: Starting segment from index:0
2019-11-17 11:14:18,375 [3d268c2e-02d6-42d5-8f0a-acb046ab2083@group-997951AD4E71-SegmentedRaftLogWorker] INFO  segmented.SegmentedRaftLogWorker (SegmentedRaftLogWorker.java:execute(576)) - 3d268c2e-02d6-42d5-8f0a-acb046ab2083@group-997951AD4E71-SegmentedRaftLogWorker: created new log segment /workdir/hadoop-ozone/integration-test/target/test-dir/MiniOzoneClusterImpl-d61a8e55-6b1b-4302-a8ca-331e331e4b67/datanode-0/data/ratis/75ac715d-6c28-4870-b783-997951ad4e71/current/log_inprogress_0
2019-11-17 11:14:18,431 [eab723bb-0aff-418b-9bd7-1333118797a2@group-997951AD4E71-SegmentedRaftLogWorker] INFO  segmented.SegmentedRaftLogWorker (SegmentedRaftLogWorker.java:execute(576)) - eab723bb-0aff-418b-9bd7-1333118797a2@group-997951AD4E71-SegmentedRaftLogWorker: created new log segment /workdir/hadoop-ozone/integration-test/target/test-dir/MiniOzoneClusterImpl-d61a8e55-6b1b-4302-a8ca-331e331e4b67/datanode-1/data/ratis/75ac715d-6c28-4870-b783-997951ad4e71/current/log_inprogress_0
2019-11-17 11:14:18,431 [4c46855d-d979-4113-9d53-291bcfa92579@group-997951AD4E71-SegmentedRaftLogWorker] INFO  segmented.SegmentedRaftLogWorker (SegmentedRaftLogWorker.java:execute(576)) - 4c46855d-d979-4113-9d53-291bcfa92579@group-997951AD4E71-SegmentedRaftLogWorker: created new log segment /workdir/hadoop-ozone/integration-test/target/test-dir/MiniOzoneClusterImpl-d61a8e55-6b1b-4302-a8ca-331e331e4b67/datanode-2/data/ratis/75ac715d-6c28-4870-b783-997951ad4e71/current/log_inprogress_0
2019-11-17 11:14:19,851 [ForkJoinPool.commonPool-worker-0] INFO  ozoneimpl.OzoneContainer (OzoneContainer.java:stop(244)) - Attempting to stop container services.
2019-11-17 11:14:19,851 [main] INFO  ozoneimpl.OzoneContainer (OzoneContainer.java:stop(244)) - Attempting to stop container services.
2019-11-17 11:14:19,851 [ForkJoinPool.commonPool-worker-0] INFO  impl.RaftServerProxy (RaftServerProxy.java:lambda$close$4(314)) - 4c46855d-d979-4113-9d53-291bcfa92579: close
2019-11-17 11:14:19,852 [main] INFO  impl.RaftServerProxy (RaftServerProxy.java:lambda$close$4(314)) - c2458f73-2416-4c07-9882-0f9c7a0b27cc: close
2019-11-17 11:14:19,852 [ForkJoinPool.commonPool-worker-0] INFO  impl.RaftServerImpl (RaftServerImpl.java:lambda$shutdown$3(250)) - 4c46855d-d979-4113-9d53-291bcfa92579@group-07DDCA97E1E3: shutdown
2019-11-17 11:14:19,852 [main] INFO  impl.RaftServerImpl (RaftServerImpl.java:lambda$shutdown$3(250)) - c2458f73-2416-4c07-9882-0f9c7a0b27cc@group-771DD569A689: shutdown
2019-11-17 11:14:19,852 [ForkJoinPool.commonPool-worker-0] INFO  util.JmxRegister (JmxRegister.java:unregister(73)) - Successfully un-registered JMX Bean with object name Ratis:service=RaftServer,group=group-07DDCA97E1E3,id=4c46855d-d979-4113-9d53-291bcfa92579
2019-11-17 11:14:19,852 [main] INFO  util.JmxRegister (JmxRegister.java:unregister(73)) - Successfully un-registered JMX Bean with object name Ratis:service=RaftServer,group=group-771DD569A689,id=c2458f73-2416-4c07-9882-0f9c7a0b27cc
2019-11-17 11:14:19,853 [ForkJoinPool.commonPool-worker-0] INFO  impl.RoleInfo (RoleInfo.java:shutdownLeaderState(104)) - 4c46855d-d979-4113-9d53-291bcfa92579: shutdown LeaderState
2019-11-17 11:14:19,853 [main] INFO  impl.RoleInfo (RoleInfo.java:shutdownLeaderState(104)) - c2458f73-2416-4c07-9882-0f9c7a0b27cc: shutdown LeaderState
2019-11-17 11:14:19,853 [ForkJoinPool.commonPool-worker-0] INFO  impl.PendingRequests (PendingRequests.java:sendNotLeaderResponses(206)) - 4c46855d-d979-4113-9d53-291bcfa92579@group-07DDCA97E1E3-PendingRequests: sendNotLeaderResponses
2019-11-17 11:14:19,853 [main] INFO  impl.PendingRequests (PendingRequests.java:sendNotLeaderResponses(206)) - c2458f73-2416-4c07-9882-0f9c7a0b27cc@group-771DD569A689-PendingRequests: sendNotLeaderResponses
2019-11-17 11:14:19,853 [ForkJoinPool.commonPool-worker-0] INFO  impl.StateMachineUpdater (StateMachineUpdater.java:stopAndJoin(136)) - 4c46855d-d979-4113-9d53-291bcfa92579@group-07DDCA97E1E3-StateMachineUpdater: set stopIndex = 0
2019-11-17 11:14:19,853 [main] INFO  impl.StateMachineUpdater (StateMachineUpdater.java:stopAndJoin(136)) - c2458f73-2416-4c07-9882-0f9c7a0b27cc@group-771DD569A689-StateMachineUpdater: set stopIndex = 0
2019-11-17 11:14:19,854 [main] INFO  impl.RaftServerImpl (ServerState.java:close(387)) - c2458f73-2416-4c07-9882-0f9c7a0b27cc@group-771DD569A689: closes. applyIndex: 0
2019-11-17 11:14:19,854 [ForkJoinPool.commonPool-worker-0] INFO  impl.RaftServerImpl (ServerState.java:close(387)) - 4c46855d-d979-4113-9d53-291bcfa92579@group-07DDCA97E1E3: closes. applyIndex: 0
2019-11-17 11:14:19,854 [c2458f73-2416-4c07-9882-0f9c7a0b27cc@group-771DD569A689-SegmentedRaftLogWorker] INFO  segmented.SegmentedRaftLogWorker (SegmentedRaftLogWorker.java:run(316)) - c2458f73-2416-4c07-9882-0f9c7a0b27cc@group-771DD569A689-SegmentedRaftLogWorker was interrupted, exiting. There are 0 tasks remaining in the queue.
2019-11-17 11:14:19,854 [4c46855d-d979-4113-9d53-291bcfa92579@group-07DDCA97E1E3-SegmentedRaftLogWorker] INFO  segmented.SegmentedRaftLogWorker (SegmentedRaftLogWorker.java:run(316)) - 4c46855d-d979-4113-9d53-291bcfa92579@group-07DDCA97E1E3-SegmentedRaftLogWorker was interrupted, exiting. There are 0 tasks remaining in the queue.
2019-11-17 11:14:19,855 [main] INFO  segmented.SegmentedRaftLogWorker (SegmentedRaftLogWorker.java:close(224)) - c2458f73-2416-4c07-9882-0f9c7a0b27cc@group-771DD569A689-SegmentedRaftLogWorker close()
2019-11-17 11:14:19,855 [ForkJoinPool.commonPool-worker-0] INFO  segmented.SegmentedRaftLogWorker (SegmentedRaftLogWorker.java:close(224)) - 4c46855d-d979-4113-9d53-291bcfa92579@group-07DDCA97E1E3-SegmentedRaftLogWorker close()
2019-11-17 11:14:19,858 [main] INFO  server.GrpcService (GrpcService.java:closeImpl(164)) - c2458f73-2416-4c07-9882-0f9c7a0b27cc: shutdown server with port 41744 now
2019-11-17 11:14:19,858 [ForkJoinPool.commonPool-worker-0] INFO  impl.RaftServerImpl (RaftServerImpl.java:lambda$shutdown$3(250)) - 4c46855d-d979-4113-9d53-291bcfa92579@group-997951AD4E71: shutdown
2019-11-17 11:14:19,859 [ForkJoinPool.commonPool-worker-0] INFO  util.JmxRegister (JmxRegister.java:unregister(73)) - Successfully un-registered JMX Bean with object name Ratis:service=RaftServer,group=group-997951AD4E71,id=4c46855d-d979-4113-9d53-291bcfa92579
2019-11-17 11:14:19,859 [main] INFO  server.GrpcService (GrpcService.java:closeImpl(172)) - c2458f73-2416-4c07-9882-0f9c7a0b27cc: shutdown server with port 41744 successfully
2019-11-17 11:14:19,859 [ForkJoinPool.commonPool-worker-0] INFO  impl.RoleInfo (RoleInfo.java:shutdownFollowerState(121)) - 4c46855d-d979-4113-9d53-291bcfa92579: shutdown FollowerState
2019-11-17 11:14:19,859 [ForkJoinPool.commonPool-worker-0] INFO  impl.StateMachineUpdater (StateMachineUpdater.java:stopAndJoin(136)) - 4c46855d-d979-4113-9d53-291bcfa92579@group-997951AD4E71-StateMachineUpdater: set stopIndex = 0
2019-11-17 11:14:19,859 [Thread-4012] INFO  impl.FollowerState (FollowerState.java:run(120)) - 4c46855d-d979-4113-9d53-291bcfa92579@group-997951AD4E71-FollowerState was interrupted: java.lang.InterruptedException: sleep interrupted
2019-11-17 11:14:19,859 [ForkJoinPool.commonPool-worker-0] INFO  impl.RaftServerImpl (ServerState.java:close(387)) - 4c46855d-d979-4113-9d53-291bcfa92579@group-997951AD4E71: closes. applyIndex: 0
2019-11-17 11:14:19,861 [4c46855d-d979-4113-9d53-291bcfa92579@group-997951AD4E71-SegmentedRaftLogWorker] INFO  segmented.SegmentedRaftLogWorker (SegmentedRaftLogWorker.java:run(316)) - 4c46855d-d979-4113-9d53-291bcfa92579@group-997951AD4E71-SegmentedRaftLogWorker was interrupted, exiting. There are 0 tasks remaining in the queue.
2019-11-17 11:14:19,861 [ForkJoinPool.commonPool-worker-0] INFO  segmented.SegmentedRaftLogWorker (SegmentedRaftLogWorker.java:close(224)) - 4c46855d-d979-4113-9d53-291bcfa92579@group-997951AD4E71-SegmentedRaftLogWorker close()
2019-11-17 11:14:19,862 [refreshUsed-/workdir/hadoop-ozone/integration-test/target/test-dir/MiniOzoneClusterImpl-d61a8e55-6b1b-4302-a8ca-331e331e4b67/datanode-5/data/containers] WARN  fs.CachingGetSpaceUsed (CachingGetSpaceUsed.java:run(183)) - Thread Interrupted waiting to refresh disk information: sleep interrupted
2019-11-17 11:14:19,864 [ForkJoinPool.commonPool-worker-0] INFO  server.GrpcService (GrpcService.java:closeImpl(164)) - 4c46855d-d979-4113-9d53-291bcfa92579: shutdown server with port 41089 now
2019-11-17 11:14:19,866 [grpc-default-executor-9] WARN  server.GrpcServerProtocolService (LogUtils.java:warn(134)) - 4c46855d-d979-4113-9d53-291bcfa92579: installSnapshot onError, lastRequest: 3d268c2e-02d6-42d5-8f0a-acb046ab2083->4c46855d-d979-4113-9d53-291bcfa92579#3-t2, previous=(t:2, i:0), leaderCommit=0, initializing? false, entries: <empty>: org.apache.ratis.thirdparty.io.grpc.StatusRuntimeException: CANCELLED: cancelled before receiving half close
2019-11-17 11:14:19,867 [grpc-default-executor-6] WARN  server.GrpcLogAppender (LogUtils.java:warn(134)) - 3d268c2e-02d6-42d5-8f0a-acb046ab2083@group-997951AD4E71->4c46855d-d979-4113-9d53-291bcfa92579-AppendLogResponseHandler: Failed appendEntries: org.apache.ratis.thirdparty.io.grpc.StatusRuntimeException: CANCELLED: HTTP/2 error code: CANCEL
Received Rst Stream
2019-11-17 11:14:19,866 [ForkJoinPool.commonPool-worker-0] INFO  server.GrpcService (GrpcService.java:closeImpl(172)) - 4c46855d-d979-4113-9d53-291bcfa92579: shutdown server with port 41089 successfully
2019-11-17 11:14:19,869 [grpc-default-executor-6] INFO  impl.FollowerInfo (FollowerInfo.java:lambda$new$0(51)) - 3d268c2e-02d6-42d5-8f0a-acb046ab2083@group-997951AD4E71->4c46855d-d979-4113-9d53-291bcfa92579: nextIndex: updateUnconditionally 1 -> 0
2019-11-17 11:14:19,871 [refreshUsed-/workdir/hadoop-ozone/integration-test/target/test-dir/MiniOzoneClusterImpl-d61a8e55-6b1b-4302-a8ca-331e331e4b67/datanode-2/data/containers] WARN  fs.CachingGetSpaceUsed (CachingGetSpaceUsed.java:run(183)) - Thread Interrupted waiting to refresh disk information: sleep interrupted
2019-11-17 11:14:19,890 [main] INFO  utils.BackgroundService (BackgroundService.java:shutdown(151)) - Shutting down service BlockDeletingService
2019-11-17 11:14:19,896 [main] INFO  statemachine.DatanodeStateMachine (DatanodeStateMachine.java:stopDaemon(400)) - Ozone container server stopped.
2019-11-17 11:14:19,897 [ForkJoinPool.commonPool-worker-0] INFO  utils.BackgroundService (BackgroundService.java:shutdown(151)) - Shutting down service BlockDeletingService
2019-11-17 11:14:19,917 [ForkJoinPool.commonPool-worker-0] INFO  statemachine.DatanodeStateMachine (DatanodeStateMachine.java:stopDaemon(400)) - Ozone container server stopped.
2019-11-17 11:14:19,920 [main] INFO  handler.ContextHandler (ContextHandler.java:doStop(910)) - Stopped o.e.j.w.WebAppContext@3e9beef2{/,null,UNAVAILABLE}{/hddsDatanode}
2019-11-17 11:14:19,922 [ForkJoinPool.commonPool-worker-0] INFO  handler.ContextHandler (ContextHandler.java:doStop(910)) - Stopped o.e.j.w.WebAppContext@149aa7b2{/,null,UNAVAILABLE}{/hddsDatanode}
2019-11-17 11:14:19,922 [ForkJoinPool.commonPool-worker-0] INFO  server.AbstractConnector (AbstractConnector.java:doStop(318)) - Stopped ServerConnector@3ca3648{HTTP/1.1,[http/1.1]}{0.0.0.0:0}
2019-11-17 11:14:19,922 [main] INFO  server.AbstractConnector (AbstractConnector.java:doStop(318)) - Stopped ServerConnector@2f15a964{HTTP/1.1,[http/1.1]}{0.0.0.0:0}
2019-11-17 11:14:19,924 [ForkJoinPool.commonPool-worker-0] INFO  handler.ContextHandler (ContextHandler.java:doStop(910)) - Stopped o.e.j.s.ServletContextHandler@54ccb3{/static,jar:file:/home/user/.m2/repository/org/apache/hadoop/hadoop-hdds-container-service/0.5.0-SNAPSHOT/hadoop-hdds-container-service-0.5.0-SNAPSHOT.jar!/webapps/static,UNAVAILABLE}
2019-11-17 11:14:19,924 [main] INFO  handler.ContextHandler (ContextHandler.java:doStop(910)) - Stopped o.e.j.s.ServletContextHandler@1860a7a1{/static,jar:file:/home/user/.m2/repository/org/apache/hadoop/hadoop-hdds-container-service/0.5.0-SNAPSHOT/hadoop-hdds-container-service-0.5.0-SNAPSHOT.jar!/webapps/static,UNAVAILABLE}
2019-11-17 11:14:19,926 [ForkJoinPool.commonPool-worker-0] INFO  handler.ContextHandler (ContextHandler.java:doStop(910)) - Stopped o.e.j.s.ServletContextHandler@47058864{/logs,file:///workdir/hadoop-ozone/integration-test/target/log,UNAVAILABLE}
2019-11-17 11:14:19,926 [main] INFO  handler.ContextHandler (ContextHandler.java:doStop(910)) - Stopped o.e.j.s.ServletContextHandler@25ad25f5{/logs,file:///workdir/hadoop-ozone/integration-test/target/log,UNAVAILABLE}
2019-11-17 11:14:19,943 [grpc-default-executor-6] WARN  server.GrpcLogAppender (LogUtils.java:warn(134)) - 3d268c2e-02d6-42d5-8f0a-acb046ab2083@group-997951AD4E71->4c46855d-d979-4113-9d53-291bcfa92579-AppendLogResponseHandler: Failed appendEntries: org.apache.ratis.thirdparty.io.grpc.StatusRuntimeException: UNAVAILABLE: io exception
2019-11-17 11:14:19,943 [grpc-default-executor-6] INFO  impl.FollowerInfo (FollowerInfo.java:lambda$new$0(51)) - 3d268c2e-02d6-42d5-8f0a-acb046ab2083@group-997951AD4E71->4c46855d-d979-4113-9d53-291bcfa92579: nextIndex: updateUnconditionally 0 -> 0
2019-11-17 11:14:20,188 [Datanode State Machine Thread - 0] INFO  statemachine.DatanodeStateMachine (DatanodeStateMachine.java:lambda$startDaemon$0(355)) - Ozone container server started.
2019-11-17 11:14:20,236 [Datanode State Machine Thread - 0] INFO  statemachine.DatanodeStateMachine (DatanodeStateMachine.java:lambda$startDaemon$0(355)) - Ozone container server started.
2019-11-17 11:14:20,443 [grpc-default-executor-9] WARN  server.GrpcLogAppender (LogUtils.java:warn(134)) - 3d268c2e-02d6-42d5-8f0a-acb046ab2083@group-997951AD4E71->4c46855d-d979-4113-9d53-291bcfa92579-AppendLogResponseHandler: Failed appendEntries: org.apache.ratis.thirdparty.io.grpc.StatusRuntimeException: UNAVAILABLE: io exception
2019-11-17 11:14:20,444 [grpc-default-executor-9] INFO  impl.FollowerInfo (FollowerInfo.java:lambda$new$0(51)) - 3d268c2e-02d6-42d5-8f0a-acb046ab2083@group-997951AD4E71->4c46855d-d979-4113-9d53-291bcfa92579: nextIndex: updateUnconditionally 0 -> 0
2019-11-17 11:14:20,944 [grpc-default-executor-5] WARN  server.GrpcLogAppender (LogUtils.java:warn(134)) - 3d268c2e-02d6-42d5-8f0a-acb046ab2083@group-997951AD4E71->4c46855d-d979-4113-9d53-291bcfa92579-AppendLogResponseHandler: Failed appendEntries: org.apache.ratis.thirdparty.io.grpc.StatusRuntimeException: UNAVAILABLE: io exception
2019-11-17 11:14:20,944 [grpc-default-executor-5] INFO  impl.FollowerInfo (FollowerInfo.java:lambda$new$0(51)) - 3d268c2e-02d6-42d5-8f0a-acb046ab2083@group-997951AD4E71->4c46855d-d979-4113-9d53-291bcfa92579: nextIndex: updateUnconditionally 0 -> 0
2019-11-17 11:14:21,445 [grpc-default-executor-9] WARN  server.GrpcLogAppender (LogUtils.java:warn(134)) - 3d268c2e-02d6-42d5-8f0a-acb046ab2083@group-997951AD4E71->4c46855d-d979-4113-9d53-291bcfa92579-AppendLogResponseHandler: Failed appendEntries: org.apache.ratis.thirdparty.io.grpc.StatusRuntimeException: UNAVAILABLE: io exception
2019-11-17 11:14:21,445 [grpc-default-executor-9] INFO  impl.FollowerInfo (FollowerInfo.java:lambda$new$0(51)) - 3d268c2e-02d6-42d5-8f0a-acb046ab2083@group-997951AD4E71->4c46855d-d979-4113-9d53-291bcfa92579: nextIndex: updateUnconditionally 0 -> 0
2019-11-17 11:14:21,945 [grpc-default-executor-5] WARN  server.GrpcLogAppender (LogUtils.java:warn(134)) - 3d268c2e-02d6-42d5-8f0a-acb046ab2083@group-997951AD4E71->4c46855d-d979-4113-9d53-291bcfa92579-AppendLogResponseHandler: Failed appendEntries: org.apache.ratis.thirdparty.io.grpc.StatusRuntimeException: UNAVAILABLE: io exception
2019-11-17 11:14:21,945 [grpc-default-executor-5] INFO  impl.FollowerInfo (FollowerInfo.java:lambda$new$0(51)) - 3d268c2e-02d6-42d5-8f0a-acb046ab2083@group-997951AD4E71->4c46855d-d979-4113-9d53-291bcfa92579: nextIndex: updateUnconditionally 0 -> 0
2019-11-17 11:14:22,447 [grpc-default-executor-9] WARN  server.GrpcLogAppender (LogUtils.java:warn(134)) - 3d268c2e-02d6-42d5-8f0a-acb046ab2083@group-997951AD4E71->4c46855d-d979-4113-9d53-291bcfa92579-AppendLogResponseHandler: Failed appendEntries: org.apache.ratis.thirdparty.io.grpc.StatusRuntimeException: UNAVAILABLE: io exception
2019-11-17 11:14:22,447 [grpc-default-executor-9] INFO  impl.FollowerInfo (FollowerInfo.java:lambda$new$0(51)) - 3d268c2e-02d6-42d5-8f0a-acb046ab2083@group-997951AD4E71->4c46855d-d979-4113-9d53-291bcfa92579: nextIndex: updateUnconditionally 0 -> 0
2019-11-17 11:14:22,948 [grpc-default-executor-9] WARN  server.GrpcLogAppender (LogUtils.java:warn(134)) - 3d268c2e-02d6-42d5-8f0a-acb046ab2083@group-997951AD4E71->4c46855d-d979-4113-9d53-291bcfa92579-AppendLogResponseHandler: Failed appendEntries: org.apache.ratis.thirdparty.io.grpc.StatusRuntimeException: UNAVAILABLE: io exception
2019-11-17 11:14:22,949 [grpc-default-executor-9] INFO  impl.FollowerInfo (FollowerInfo.java:lambda$new$0(51)) - 3d268c2e-02d6-42d5-8f0a-acb046ab2083@group-997951AD4E71->4c46855d-d979-4113-9d53-291bcfa92579: nextIndex: updateUnconditionally 0 -> 0
2019-11-17 11:14:23,449 [grpc-default-executor-6] WARN  server.GrpcLogAppender (LogUtils.java:warn(134)) - 3d268c2e-02d6-42d5-8f0a-acb046ab2083@group-997951AD4E71->4c46855d-d979-4113-9d53-291bcfa92579-AppendLogResponseHandler: Failed appendEntries: org.apache.ratis.thirdparty.io.grpc.StatusRuntimeException: UNAVAILABLE: io exception
2019-11-17 11:14:23,450 [grpc-default-executor-6] INFO  impl.FollowerInfo (FollowerInfo.java:lambda$new$0(51)) - 3d268c2e-02d6-42d5-8f0a-acb046ab2083@group-997951AD4E71->4c46855d-d979-4113-9d53-291bcfa92579: nextIndex: updateUnconditionally 0 -> 0
2019-11-17 11:14:23,952 [grpc-default-executor-6] WARN  server.GrpcLogAppender (LogUtils.java:warn(134)) - 3d268c2e-02d6-42d5-8f0a-acb046ab2083@group-997951AD4E71->4c46855d-d979-4113-9d53-291bcfa92579-AppendLogResponseHandler: Failed appendEntries: org.apache.ratis.thirdparty.io.grpc.StatusRuntimeException: UNAVAILABLE: io exception
2019-11-17 11:14:23,952 [grpc-default-executor-6] INFO  impl.FollowerInfo (FollowerInfo.java:lambda$new$0(51)) - 3d268c2e-02d6-42d5-8f0a-acb046ab2083@group-997951AD4E71->4c46855d-d979-4113-9d53-291bcfa92579: nextIndex: updateUnconditionally 0 -> 0
2019-11-17 11:14:24,452 [grpc-default-executor-9] WARN  server.GrpcLogAppender (LogUtils.java:warn(134)) - 3d268c2e-02d6-42d5-8f0a-acb046ab2083@group-997951AD4E71->4c46855d-d979-4113-9d53-291bcfa92579-AppendLogResponseHandler: Failed appendEntries: org.apache.ratis.thirdparty.io.grpc.StatusRuntimeException: UNAVAILABLE: io exception
2019-11-17 11:14:24,453 [grpc-default-executor-9] INFO  impl.FollowerInfo (FollowerInfo.java:lambda$new$0(51)) - 3d268c2e-02d6-42d5-8f0a-acb046ab2083@group-997951AD4E71->4c46855d-d979-4113-9d53-291bcfa92579: nextIndex: updateUnconditionally 0 -> 0
2019-11-17 11:14:24,929 [ForkJoinPool.commonPool-worker-0] INFO  ozoneimpl.OzoneContainer (OzoneContainer.java:stop(244)) - Attempting to stop container services.
2019-11-17 11:14:24,929 [main] INFO  ozoneimpl.OzoneContainer (OzoneContainer.java:stop(244)) - Attempting to stop container services.
2019-11-17 11:14:24,930 [ForkJoinPool.commonPool-worker-0] INFO  impl.RaftServerProxy (RaftServerProxy.java:lambda$close$4(314)) - add0c2af-eaab-406f-a894-445c5362ddef: close
2019-11-17 11:14:24,931 [main] INFO  impl.RaftServerProxy (RaftServerProxy.java:lambda$close$4(314)) - d0563571-d5f5-405e-9b61-87c552fd142f: close
2019-11-17 11:14:24,931 [ForkJoinPool.commonPool-worker-0] INFO  impl.RaftServerImpl (RaftServerImpl.java:lambda$shutdown$3(250)) - add0c2af-eaab-406f-a894-445c5362ddef@group-271C4B30301A: shutdown
2019-11-17 11:14:24,931 [main] INFO  impl.RaftServerImpl (RaftServerImpl.java:lambda$shutdown$3(250)) - d0563571-d5f5-405e-9b61-87c552fd142f@group-7C743DBBE77B: shutdown
2019-11-17 11:14:24,931 [ForkJoinPool.commonPool-worker-0] INFO  util.JmxRegister (JmxRegister.java:unregister(73)) - Successfully un-registered JMX Bean with object name Ratis:service=RaftServer,group=group-271C4B30301A,id=add0c2af-eaab-406f-a894-445c5362ddef
2019-11-17 11:14:24,932 [main] INFO  util.JmxRegister (JmxRegister.java:unregister(73)) - Successfully un-registered JMX Bean with object name Ratis:service=RaftServer,group=group-7C743DBBE77B,id=d0563571-d5f5-405e-9b61-87c552fd142f
2019-11-17 11:14:24,932 [ForkJoinPool.commonPool-worker-0] INFO  impl.RoleInfo (RoleInfo.java:shutdownLeaderState(104)) - add0c2af-eaab-406f-a894-445c5362ddef: shutdown LeaderState
2019-11-17 11:14:24,932 [main] INFO  impl.RoleInfo (RoleInfo.java:shutdownLeaderState(104)) - d0563571-d5f5-405e-9b61-87c552fd142f: shutdown LeaderState
2019-11-17 11:14:24,933 [ForkJoinPool.commonPool-worker-0] INFO  impl.PendingRequests (PendingRequests.java:sendNotLeaderResponses(206)) - add0c2af-eaab-406f-a894-445c5362ddef@group-271C4B30301A-PendingRequests: sendNotLeaderResponses
2019-11-17 11:14:24,933 [main] INFO  impl.PendingRequests (PendingRequests.java:sendNotLeaderResponses(206)) - d0563571-d5f5-405e-9b61-87c552fd142f@group-7C743DBBE77B-PendingRequests: sendNotLeaderResponses
2019-11-17 11:14:24,933 [ForkJoinPool.commonPool-worker-0] INFO  impl.StateMachineUpdater (StateMachineUpdater.java:stopAndJoin(136)) - add0c2af-eaab-406f-a894-445c5362ddef@group-271C4B30301A-StateMachineUpdater: set stopIndex = 0
2019-11-17 11:14:24,934 [main] INFO  impl.StateMachineUpdater (StateMachineUpdater.java:stopAndJoin(136)) - d0563571-d5f5-405e-9b61-87c552fd142f@group-7C743DBBE77B-StateMachineUpdater: set stopIndex = 0
2019-11-17 11:14:24,934 [ForkJoinPool.commonPool-worker-0] INFO  impl.RaftServerImpl (ServerState.java:close(387)) - add0c2af-eaab-406f-a894-445c5362ddef@group-271C4B30301A: closes. applyIndex: 0
2019-11-17 11:14:24,934 [main] INFO  impl.RaftServerImpl (ServerState.java:close(387)) - d0563571-d5f5-405e-9b61-87c552fd142f@group-7C743DBBE77B: closes. applyIndex: 0
2019-11-17 11:14:24,935 [add0c2af-eaab-406f-a894-445c5362ddef@group-271C4B30301A-SegmentedRaftLogWorker] INFO  segmented.SegmentedRaftLogWorker (SegmentedRaftLogWorker.java:run(316)) - add0c2af-eaab-406f-a894-445c5362ddef@group-271C4B30301A-SegmentedRaftLogWorker was interrupted, exiting. There are 0 tasks remaining in the queue.
2019-11-17 11:14:24,935 [d0563571-d5f5-405e-9b61-87c552fd142f@group-7C743DBBE77B-SegmentedRaftLogWorker] INFO  segmented.SegmentedRaftLogWorker (SegmentedRaftLogWorker.java:run(316)) - d0563571-d5f5-405e-9b61-87c552fd142f@group-7C743DBBE77B-SegmentedRaftLogWorker was interrupted, exiting. There are 0 tasks remaining in the queue.
2019-11-17 11:14:24,935 [main] INFO  segmented.SegmentedRaftLogWorker (SegmentedRaftLogWorker.java:close(224)) - d0563571-d5f5-405e-9b61-87c552fd142f@group-7C743DBBE77B-SegmentedRaftLogWorker close()
2019-11-17 11:14:24,935 [ForkJoinPool.commonPool-worker-0] INFO  segmented.SegmentedRaftLogWorker (SegmentedRaftLogWorker.java:close(224)) - add0c2af-eaab-406f-a894-445c5362ddef@group-271C4B30301A-SegmentedRaftLogWorker close()
2019-11-17 11:14:24,936 [main] INFO  impl.RaftServerImpl (RaftServerImpl.java:lambda$shutdown$3(250)) - d0563571-d5f5-405e-9b61-87c552fd142f@group-33B9927584DA: shutdown
2019-11-17 11:14:24,936 [ForkJoinPool.commonPool-worker-0] INFO  impl.RaftServerImpl (RaftServerImpl.java:lambda$shutdown$3(250)) - add0c2af-eaab-406f-a894-445c5362ddef@group-CBC9DB1E30BB: shutdown
2019-11-17 11:14:24,936 [main] INFO  util.JmxRegister (JmxRegister.java:unregister(73)) - Successfully un-registered JMX Bean with object name Ratis:service=RaftServer,group=group-33B9927584DA,id=d0563571-d5f5-405e-9b61-87c552fd142f
2019-11-17 11:14:24,936 [ForkJoinPool.commonPool-worker-0] INFO  util.JmxRegister (JmxRegister.java:unregister(73)) - Successfully un-registered JMX Bean with object name Ratis:service=RaftServer,group=group-CBC9DB1E30BB,id=add0c2af-eaab-406f-a894-445c5362ddef
2019-11-17 11:14:24,937 [main] INFO  impl.RoleInfo (RoleInfo.java:shutdownFollowerState(121)) - d0563571-d5f5-405e-9b61-87c552fd142f: shutdown FollowerState
2019-11-17 11:14:24,937 [ForkJoinPool.commonPool-worker-0] INFO  impl.RoleInfo (RoleInfo.java:shutdownLeaderState(104)) - add0c2af-eaab-406f-a894-445c5362ddef: shutdown LeaderState
2019-11-17 11:14:24,937 [Thread-3965] INFO  impl.FollowerState (FollowerState.java:run(120)) - d0563571-d5f5-405e-9b61-87c552fd142f@group-33B9927584DA-FollowerState was interrupted: java.lang.InterruptedException: sleep interrupted
2019-11-17 11:14:24,944 [org.apache.ratis.server.impl.LogAppender$AppenderDaemon$$Lambda$481/932503110@12e982e6] WARN  server.GrpcLogAppender (GrpcLogAppender.java:mayWait(151)) - add0c2af-eaab-406f-a894-445c5362ddef@group-CBC9DB1E30BB->2e7e8ab2-b4fc-48ff-a5a7-73886d1441d9-GrpcLogAppender: Wait interrupted by java.lang.InterruptedException
2019-11-17 11:14:24,945 [org.apache.ratis.server.impl.LogAppender$AppenderDaemon$$Lambda$481/932503110@57eb167f] WARN  server.GrpcLogAppender (GrpcLogAppender.java:mayWait(151)) - add0c2af-eaab-406f-a894-445c5362ddef@group-CBC9DB1E30BB->74a737c0-fb65-42e2-8af1-813ef9d8f4fa-GrpcLogAppender: Wait interrupted by java.lang.InterruptedException
2019-11-17 11:14:24,937 [main] INFO  impl.StateMachineUpdater (StateMachineUpdater.java:stopAndJoin(136)) - d0563571-d5f5-405e-9b61-87c552fd142f@group-33B9927584DA-StateMachineUpdater: set stopIndex = 0
2019-11-17 11:14:24,944 [ForkJoinPool.commonPool-worker-0] INFO  impl.PendingRequests (PendingRequests.java:sendNotLeaderResponses(206)) - add0c2af-eaab-406f-a894-445c5362ddef@group-CBC9DB1E30BB-PendingRequests: sendNotLeaderResponses
2019-11-17 11:14:24,945 [main] INFO  impl.RaftServerImpl (ServerState.java:close(387)) - d0563571-d5f5-405e-9b61-87c552fd142f@group-33B9927584DA: closes. applyIndex: 0
2019-11-17 11:14:24,945 [grpc-default-executor-9] INFO  server.GrpcServerProtocolService (GrpcServerProtocolService.java:onCompleted(113)) - 2e7e8ab2-b4fc-48ff-a5a7-73886d1441d9: Completed APPEND_ENTRIES, lastRequest: add0c2af-eaab-406f-a894-445c5362ddef->2e7e8ab2-b4fc-48ff-a5a7-73886d1441d9#19-t1, previous=(t:1, i:0), leaderCommit=0, initializing? false, entries: <empty>
2019-11-17 11:14:24,946 [grpc-default-executor-6] INFO  server.GrpcServerProtocolService (GrpcServerProtocolService.java:onCompleted(113)) - 74a737c0-fb65-42e2-8af1-813ef9d8f4fa: Completed APPEND_ENTRIES, lastRequest: add0c2af-eaab-406f-a894-445c5362ddef->74a737c0-fb65-42e2-8af1-813ef9d8f4fa#19-t1, previous=(t:1, i:0), leaderCommit=0, initializing? false, entries: <empty>
2019-11-17 11:14:24,945 [ForkJoinPool.commonPool-worker-0] INFO  impl.StateMachineUpdater (StateMachineUpdater.java:stopAndJoin(136)) - add0c2af-eaab-406f-a894-445c5362ddef@group-CBC9DB1E30BB-StateMachineUpdater: set stopIndex = 0
2019-11-17 11:14:24,946 [ForkJoinPool.commonPool-worker-0] INFO  impl.RaftServerImpl (ServerState.java:close(387)) - add0c2af-eaab-406f-a894-445c5362ddef@group-CBC9DB1E30BB: closes. applyIndex: 0
2019-11-17 11:14:24,946 [d0563571-d5f5-405e-9b61-87c552fd142f@group-33B9927584DA-SegmentedRaftLogWorker] INFO  segmented.SegmentedRaftLogWorker (SegmentedRaftLogWorker.java:run(316)) - d0563571-d5f5-405e-9b61-87c552fd142f@group-33B9927584DA-SegmentedRaftLogWorker was interrupted, exiting. There are 0 tasks remaining in the queue.
2019-11-17 11:14:24,947 [add0c2af-eaab-406f-a894-445c5362ddef@group-CBC9DB1E30BB-SegmentedRaftLogWorker] INFO  segmented.SegmentedRaftLogWorker (SegmentedRaftLogWorker.java:run(316)) - add0c2af-eaab-406f-a894-445c5362ddef@group-CBC9DB1E30BB-SegmentedRaftLogWorker was interrupted, exiting. There are 0 tasks remaining in the queue.
2019-11-17 11:14:24,947 [grpc-default-executor-9] INFO  server.GrpcLogAppender (GrpcLogAppender.java:onCompleted(308)) - add0c2af-eaab-406f-a894-445c5362ddef@group-CBC9DB1E30BB->74a737c0-fb65-42e2-8af1-813ef9d8f4fa-AppendLogResponseHandler: follower responses appendEntries COMPLETED
2019-11-17 11:14:24,947 [grpc-default-executor-6] INFO  server.GrpcLogAppender (GrpcLogAppender.java:onCompleted(308)) - add0c2af-eaab-406f-a894-445c5362ddef@group-CBC9DB1E30BB->2e7e8ab2-b4fc-48ff-a5a7-73886d1441d9-AppendLogResponseHandler: follower responses appendEntries COMPLETED
2019-11-17 11:14:24,947 [ForkJoinPool.commonPool-worker-0] INFO  segmented.SegmentedRaftLogWorker (SegmentedRaftLogWorker.java:close(224)) - add0c2af-eaab-406f-a894-445c5362ddef@group-CBC9DB1E30BB-SegmentedRaftLogWorker close()
2019-11-17 11:14:24,947 [main] INFO  segmented.SegmentedRaftLogWorker (SegmentedRaftLogWorker.java:close(224)) - d0563571-d5f5-405e-9b61-87c552fd142f@group-33B9927584DA-SegmentedRaftLogWorker close()
2019-11-17 11:14:24,948 [grpc-default-executor-9] INFO  impl.FollowerInfo (FollowerInfo.java:lambda$new$0(51)) - add0c2af-eaab-406f-a894-445c5362ddef@group-CBC9DB1E30BB->74a737c0-fb65-42e2-8af1-813ef9d8f4fa: nextIndex: updateUnconditionally 1 -> 0
2019-11-17 11:14:24,948 [ForkJoinPool.commonPool-worker-0] INFO  server.GrpcService (GrpcService.java:closeImpl(164)) - add0c2af-eaab-406f-a894-445c5362ddef: shutdown server with port 42526 now
2019-11-17 11:14:24,948 [grpc-default-executor-6] INFO  impl.FollowerInfo (FollowerInfo.java:lambda$new$0(51)) - add0c2af-eaab-406f-a894-445c5362ddef@group-CBC9DB1E30BB->2e7e8ab2-b4fc-48ff-a5a7-73886d1441d9: nextIndex: updateUnconditionally 1 -> 0
2019-11-17 11:14:24,948 [main] INFO  server.GrpcService (GrpcService.java:closeImpl(164)) - d0563571-d5f5-405e-9b61-87c552fd142f: shutdown server with port 36223 now
2019-11-17 11:14:24,949 [ForkJoinPool.commonPool-worker-0] INFO  server.GrpcService (GrpcService.java:closeImpl(172)) - add0c2af-eaab-406f-a894-445c5362ddef: shutdown server with port 42526 successfully
2019-11-17 11:14:24,949 [main] INFO  server.GrpcService (GrpcService.java:closeImpl(172)) - d0563571-d5f5-405e-9b61-87c552fd142f: shutdown server with port 36223 successfully
2019-11-17 11:14:24,950 [grpc-default-executor-9] WARN  server.GrpcLogAppender (LogUtils.java:warn(134)) - 357d2873-2248-48d2-9bf7-23aadc7fc5db@group-33B9927584DA->d0563571-d5f5-405e-9b61-87c552fd142f-AppendLogResponseHandler: Failed appendEntries: org.apache.ratis.thirdparty.io.grpc.StatusRuntimeException: CANCELLED: HTTP/2 error code: CANCEL
Received Rst Stream
2019-11-17 11:14:24,949 [grpc-default-executor-5] WARN  server.GrpcServerProtocolService (LogUtils.java:warn(134)) - d0563571-d5f5-405e-9b61-87c552fd142f: installSnapshot onError, lastRequest: 357d2873-2248-48d2-9bf7-23aadc7fc5db->d0563571-d5f5-405e-9b61-87c552fd142f#17-t1, previous=(t:1, i:0), leaderCommit=0, initializing? false, entries: <empty>: org.apache.ratis.thirdparty.io.grpc.StatusRuntimeException: CANCELLED: cancelled before receiving half close
2019-11-17 11:14:24,950 [grpc-default-executor-9] INFO  impl.FollowerInfo (FollowerInfo.java:lambda$new$0(51)) - 357d2873-2248-48d2-9bf7-23aadc7fc5db@group-33B9927584DA->d0563571-d5f5-405e-9b61-87c552fd142f: nextIndex: updateUnconditionally 1 -> 0
2019-11-17 11:14:24,952 [refreshUsed-/workdir/hadoop-ozone/integration-test/target/test-dir/MiniOzoneClusterImpl-d61a8e55-6b1b-4302-a8ca-331e331e4b67/datanode-3/data/containers] WARN  fs.CachingGetSpaceUsed (CachingGetSpaceUsed.java:run(183)) - Thread Interrupted waiting to refresh disk information: sleep interrupted
2019-11-17 11:14:24,953 [refreshUsed-/workdir/hadoop-ozone/integration-test/target/test-dir/MiniOzoneClusterImpl-d61a8e55-6b1b-4302-a8ca-331e331e4b67/datanode-6/data/containers] WARN  fs.CachingGetSpaceUsed (CachingGetSpaceUsed.java:run(183)) - Thread Interrupted waiting to refresh disk information: sleep interrupted
2019-11-17 11:14:24,953 [grpc-default-executor-6] WARN  server.GrpcLogAppender (LogUtils.java:warn(134)) - 3d268c2e-02d6-42d5-8f0a-acb046ab2083@group-997951AD4E71->4c46855d-d979-4113-9d53-291bcfa92579-AppendLogResponseHandler: Failed appendEntries: org.apache.ratis.thirdparty.io.grpc.StatusRuntimeException: UNAVAILABLE: io exception
2019-11-17 11:14:24,953 [grpc-default-executor-6] INFO  impl.FollowerInfo (FollowerInfo.java:lambda$new$0(51)) - 3d268c2e-02d6-42d5-8f0a-acb046ab2083@group-997951AD4E71->4c46855d-d979-4113-9d53-291bcfa92579: nextIndex: updateUnconditionally 0 -> 0
2019-11-17 11:14:24,975 [ForkJoinPool.commonPool-worker-0] INFO  utils.BackgroundService (BackgroundService.java:shutdown(151)) - Shutting down service BlockDeletingService
2019-11-17 11:14:24,977 [ForkJoinPool.commonPool-worker-0] INFO  statemachine.DatanodeStateMachine (DatanodeStateMachine.java:stopDaemon(400)) - Ozone container server stopped.
2019-11-17 11:14:24,983 [main] INFO  utils.BackgroundService (BackgroundService.java:shutdown(151)) - Shutting down service BlockDeletingService
2019-11-17 11:14:24,983 [ForkJoinPool.commonPool-worker-0] INFO  handler.ContextHandler (ContextHandler.java:doStop(910)) - Stopped o.e.j.w.WebAppContext@53a301f3{/,null,UNAVAILABLE}{/hddsDatanode}
2019-11-17 11:14:24,985 [main] INFO  statemachine.DatanodeStateMachine (DatanodeStateMachine.java:stopDaemon(400)) - Ozone container server stopped.
2019-11-17 11:14:24,986 [ForkJoinPool.commonPool-worker-0] INFO  server.AbstractConnector (AbstractConnector.java:doStop(318)) - Stopped ServerConnector@7cf8f45a{HTTP/1.1,[http/1.1]}{0.0.0.0:0}
2019-11-17 11:14:24,988 [ForkJoinPool.commonPool-worker-0] INFO  handler.ContextHandler (ContextHandler.java:doStop(910)) - Stopped o.e.j.s.ServletContextHandler@aa1bb14{/static,jar:file:/home/user/.m2/repository/org/apache/hadoop/hadoop-hdds-container-service/0.5.0-SNAPSHOT/hadoop-hdds-container-service-0.5.0-SNAPSHOT.jar!/webapps/static,UNAVAILABLE}
2019-11-17 11:14:24,988 [main] INFO  handler.ContextHandler (ContextHandler.java:doStop(910)) - Stopped o.e.j.w.WebAppContext@426c0486{/,null,UNAVAILABLE}{/hddsDatanode}
2019-11-17 11:14:24,989 [ForkJoinPool.commonPool-worker-0] INFO  handler.ContextHandler (ContextHandler.java:doStop(910)) - Stopped o.e.j.s.ServletContextHandler@23121d14{/logs,file:///workdir/hadoop-ozone/integration-test/target/log,UNAVAILABLE}
2019-11-17 11:14:24,990 [main] INFO  server.AbstractConnector (AbstractConnector.java:doStop(318)) - Stopped ServerConnector@5e2a6991{HTTP/1.1,[http/1.1]}{0.0.0.0:0}
2019-11-17 11:14:24,990 [main] INFO  handler.ContextHandler (ContextHandler.java:doStop(910)) - Stopped o.e.j.s.ServletContextHandler@e0d1dc4{/static,jar:file:/home/user/.m2/repository/org/apache/hadoop/hadoop-hdds-container-service/0.5.0-SNAPSHOT/hadoop-hdds-container-service-0.5.0-SNAPSHOT.jar!/webapps/static,UNAVAILABLE}
2019-11-17 11:14:24,990 [main] INFO  handler.ContextHandler (ContextHandler.java:doStop(910)) - Stopped o.e.j.s.ServletContextHandler@54247647{/logs,file:///workdir/hadoop-ozone/integration-test/target/log,UNAVAILABLE}
2019-11-17 11:14:25,013 [grpc-default-executor-5] WARN  server.GrpcLogAppender (LogUtils.java:warn(134)) - 357d2873-2248-48d2-9bf7-23aadc7fc5db@group-33B9927584DA->d0563571-d5f5-405e-9b61-87c552fd142f-AppendLogResponseHandler: Failed appendEntries: org.apache.ratis.thirdparty.io.grpc.StatusRuntimeException: UNAVAILABLE: io exception
2019-11-17 11:14:25,013 [grpc-default-executor-5] INFO  impl.FollowerInfo (FollowerInfo.java:lambda$new$0(51)) - 357d2873-2248-48d2-9bf7-23aadc7fc5db@group-33B9927584DA->d0563571-d5f5-405e-9b61-87c552fd142f: nextIndex: updateUnconditionally 0 -> 0
2019-11-17 11:14:25,080 [Datanode State Machine Thread - 0] INFO  statemachine.DatanodeStateMachine (DatanodeStateMachine.java:lambda$startDaemon$0(355)) - Ozone container server started.
2019-11-17 11:14:25,184 [Datanode State Machine Thread - 0] INFO  statemachine.DatanodeStateMachine (DatanodeStateMachine.java:lambda$startDaemon$0(355)) - Ozone container server started.
2019-11-17 11:14:25,453 [grpc-default-executor-5] WARN  server.GrpcLogAppender (LogUtils.java:warn(134)) - 3d268c2e-02d6-42d5-8f0a-acb046ab2083@group-997951AD4E71->4c46855d-d979-4113-9d53-291bcfa92579-AppendLogResponseHandler: Failed appendEntries: org.apache.ratis.thirdparty.io.grpc.StatusRuntimeException: UNAVAILABLE: io exception
2019-11-17 11:14:25,453 [grpc-default-executor-5] INFO  impl.FollowerInfo (FollowerInfo.java:lambda$new$0(51)) - 3d268c2e-02d6-42d5-8f0a-acb046ab2083@group-997951AD4E71->4c46855d-d979-4113-9d53-291bcfa92579: nextIndex: updateUnconditionally 0 -> 0
2019-11-17 11:14:25,513 [grpc-default-executor-5] WARN  server.GrpcLogAppender (LogUtils.java:warn(134)) - 357d2873-2248-48d2-9bf7-23aadc7fc5db@group-33B9927584DA->d0563571-d5f5-405e-9b61-87c552fd142f-AppendLogResponseHandler: Failed appendEntries: org.apache.ratis.thirdparty.io.grpc.StatusRuntimeException: UNAVAILABLE: io exception
2019-11-17 11:14:25,513 [grpc-default-executor-5] INFO  impl.FollowerInfo (FollowerInfo.java:lambda$new$0(51)) - 357d2873-2248-48d2-9bf7-23aadc7fc5db@group-33B9927584DA->d0563571-d5f5-405e-9b61-87c552fd142f: nextIndex: updateUnconditionally 0 -> 0
2019-11-17 11:14:25,954 [grpc-default-executor-6] WARN  server.GrpcLogAppender (LogUtils.java:warn(134)) - 3d268c2e-02d6-42d5-8f0a-acb046ab2083@group-997951AD4E71->4c46855d-d979-4113-9d53-291bcfa92579-AppendLogResponseHandler: Failed appendEntries: org.apache.ratis.thirdparty.io.grpc.StatusRuntimeException: UNAVAILABLE: io exception
2019-11-17 11:14:25,954 [grpc-default-executor-6] INFO  impl.FollowerInfo (FollowerInfo.java:lambda$new$0(51)) - 3d268c2e-02d6-42d5-8f0a-acb046ab2083@group-997951AD4E71->4c46855d-d979-4113-9d53-291bcfa92579: nextIndex: updateUnconditionally 0 -> 0
2019-11-17 11:14:25,988 [Thread-3949] INFO  impl.FollowerState (FollowerState.java:run(111)) - 74a737c0-fb65-42e2-8af1-813ef9d8f4fa@group-CBC9DB1E30BB-FollowerState: change to CANDIDATE, lastRpcTime:1338ms, electionTimeout:1093ms
2019-11-17 11:14:25,988 [Thread-3949] INFO  impl.RoleInfo (RoleInfo.java:shutdownFollowerState(121)) - 74a737c0-fb65-42e2-8af1-813ef9d8f4fa: shutdown FollowerState
2019-11-17 11:14:25,988 [Thread-3949] INFO  impl.RaftServerImpl (RaftServerImpl.java:setRole(173)) - 74a737c0-fb65-42e2-8af1-813ef9d8f4fa@group-CBC9DB1E30BB: changes role from  FOLLOWER to CANDIDATE at term 1 for changeToCandidate
2019-11-17 11:14:25,988 [Thread-3949] INFO  impl.RoleInfo (RoleInfo.java:updateAndGet(143)) - 74a737c0-fb65-42e2-8af1-813ef9d8f4fa: start LeaderElection
2019-11-17 11:14:25,989 [74a737c0-fb65-42e2-8af1-813ef9d8f4fa@group-CBC9DB1E30BB-LeaderElection215] INFO  impl.RaftServerImpl (ServerState.java:setLeader(255)) - 74a737c0-fb65-42e2-8af1-813ef9d8f4fa@group-CBC9DB1E30BB: change Leader from add0c2af-eaab-406f-a894-445c5362ddef to null at term 1 for initElection
2019-11-17 11:14:26,014 [grpc-default-executor-5] WARN  server.GrpcLogAppender (LogUtils.java:warn(134)) - 357d2873-2248-48d2-9bf7-23aadc7fc5db@group-33B9927584DA->d0563571-d5f5-405e-9b61-87c552fd142f-AppendLogResponseHandler: Failed appendEntries: org.apache.ratis.thirdparty.io.grpc.StatusRuntimeException: UNAVAILABLE: io exception
2019-11-17 11:14:26,014 [grpc-default-executor-5] INFO  impl.FollowerInfo (FollowerInfo.java:lambda$new$0(51)) - 357d2873-2248-48d2-9bf7-23aadc7fc5db@group-33B9927584DA->d0563571-d5f5-405e-9b61-87c552fd142f: nextIndex: updateUnconditionally 0 -> 0
2019-11-17 11:14:26,014 [74a737c0-fb65-42e2-8af1-813ef9d8f4fa@group-CBC9DB1E30BB-LeaderElection215] INFO  impl.LeaderElection (LeaderElection.java:askForVotes(178)) - 74a737c0-fb65-42e2-8af1-813ef9d8f4fa@group-CBC9DB1E30BB-LeaderElection215: begin an election at term 2 for 0: [add0c2af-eaab-406f-a894-445c5362ddef:192.168.34.35:42526, 74a737c0-fb65-42e2-8af1-813ef9d8f4fa:192.168.34.35:43292, 2e7e8ab2-b4fc-48ff-a5a7-73886d1441d9:192.168.34.35:39716], old=null
2019-11-17 11:14:26,017 [74a737c0-fb65-42e2-8af1-813ef9d8f4fa@group-CBC9DB1E30BB-LeaderElection215] INFO  impl.LeaderElection (LogUtils.java:infoOrTrace(149)) - 74a737c0-fb65-42e2-8af1-813ef9d8f4fa@group-CBC9DB1E30BB-LeaderElection215 got exception when requesting votes: {}
java.util.concurrent.ExecutionException: org.apache.ratis.thirdparty.io.grpc.StatusRuntimeException: UNAVAILABLE: io exception
	at java.util.concurrent.FutureTask.report(FutureTask.java:122)
	at java.util.concurrent.FutureTask.get(FutureTask.java:192)
	at org.apache.ratis.server.impl.LeaderElection.waitForResults(LeaderElection.java:259)
	at org.apache.ratis.server.impl.LeaderElection.askForVotes(LeaderElection.java:197)
	at org.apache.ratis.server.impl.LeaderElection.run(LeaderElection.java:133)
	at java.lang.Thread.run(Thread.java:748)
Caused by: org.apache.ratis.thirdparty.io.grpc.StatusRuntimeException: UNAVAILABLE: io exception
	at org.apache.ratis.thirdparty.io.grpc.stub.ClientCalls.toStatusRuntimeException(ClientCalls.java:233)
	at org.apache.ratis.thirdparty.io.grpc.stub.ClientCalls.getUnchecked(ClientCalls.java:214)
	at org.apache.ratis.thirdparty.io.grpc.stub.ClientCalls.blockingUnaryCall(ClientCalls.java:139)
	at org.apache.ratis.proto.grpc.RaftServerProtocolServiceGrpc$RaftServerProtocolServiceBlockingStub.requestVote(RaftServerProtocolServiceGrpc.java:265)
	at org.apache.ratis.grpc.server.GrpcServerProtocolClient.requestVote(GrpcServerProtocolClient.java:99)
	at org.apache.ratis.grpc.server.GrpcService.requestVote(GrpcService.java:204)
	at org.apache.ratis.server.impl.LeaderElection.lambda$submitRequests$1(LeaderElection.java:234)
	at java.util.concurrent.FutureTask.run(FutureTask.java:266)
	at java.util.concurrent.Executors$RunnableAdapter.call(Executors.java:511)
	at java.util.concurrent.FutureTask.run(FutureTask.java:266)
	at java.util.concurrent.ThreadPoolExecutor.runWorker(ThreadPoolExecutor.java:1149)
	at java.util.concurrent.ThreadPoolExecutor$Worker.run(ThreadPoolExecutor.java:624)
	... 1 more
Caused by: org.apache.ratis.thirdparty.io.netty.channel.AbstractChannel$AnnotatedConnectException: Connection refused: /192.168.34.35:42526
	at sun.nio.ch.SocketChannelImpl.checkConnect(Native Method)
	at sun.nio.ch.SocketChannelImpl.finishConnect(SocketChannelImpl.java:717)
	at org.apache.ratis.thirdparty.io.netty.channel.socket.nio.NioSocketChannel.doFinishConnect(NioSocketChannel.java:327)
	at org.apache.ratis.thirdparty.io.netty.channel.nio.AbstractNioChannel$AbstractNioUnsafe.finishConnect(AbstractNioChannel.java:340)
	at org.apache.ratis.thirdparty.io.netty.channel.nio.NioEventLoop.processSelectedKey(NioEventLoop.java:632)
	at org.apache.ratis.thirdparty.io.netty.channel.nio.NioEventLoop.processSelectedKeysOptimized(NioEventLoop.java:579)
	at org.apache.ratis.thirdparty.io.netty.channel.nio.NioEventLoop.processSelectedKeys(NioEventLoop.java:496)
	at org.apache.ratis.thirdparty.io.netty.channel.nio.NioEventLoop.run(NioEventLoop.java:458)
	at org.apache.ratis.thirdparty.io.netty.util.concurrent.SingleThreadEventExecutor$5.run(SingleThreadEventExecutor.java:897)
	at org.apache.ratis.thirdparty.io.netty.util.concurrent.FastThreadLocalRunnable.run(FastThreadLocalRunnable.java:30)
	... 1 more
Caused by: java.net.ConnectException: Connection refused
	... 11 more
2019-11-17 11:14:26,019 [grpc-default-executor-9] INFO  impl.RaftServerImpl (ServerState.java:setLeader(255)) - 2e7e8ab2-b4fc-48ff-a5a7-73886d1441d9@group-CBC9DB1E30BB: change Leader from add0c2af-eaab-406f-a894-445c5362ddef to null at term 2 for updateCurrentTerm
2019-11-17 11:14:26,020 [grpc-default-executor-9] INFO  impl.RaftServerImpl (RaftServerImpl.java:setRole(173)) - 2e7e8ab2-b4fc-48ff-a5a7-73886d1441d9@group-CBC9DB1E30BB: changes role from  FOLLOWER to FOLLOWER at term 2 for recognizeCandidate:74a737c0-fb65-42e2-8af1-813ef9d8f4fa
2019-11-17 11:14:26,020 [grpc-default-executor-9] INFO  impl.RoleInfo (RoleInfo.java:shutdownFollowerState(121)) - 2e7e8ab2-b4fc-48ff-a5a7-73886d1441d9: shutdown FollowerState
2019-11-17 11:14:26,020 [Thread-3950] INFO  impl.FollowerState (FollowerState.java:run(120)) - 2e7e8ab2-b4fc-48ff-a5a7-73886d1441d9@group-CBC9DB1E30BB-FollowerState was interrupted: java.lang.InterruptedException: sleep interrupted
2019-11-17 11:14:26,020 [grpc-default-executor-9] INFO  impl.RoleInfo (RoleInfo.java:updateAndGet(143)) - 2e7e8ab2-b4fc-48ff-a5a7-73886d1441d9: start FollowerState
2019-11-17 11:14:26,034 [74a737c0-fb65-42e2-8af1-813ef9d8f4fa@group-CBC9DB1E30BB-LeaderElection215] INFO  impl.LeaderElection (LeaderElection.java:logAndReturn(56)) - 74a737c0-fb65-42e2-8af1-813ef9d8f4fa@group-CBC9DB1E30BB-LeaderElection215: Election PASSED; received 1 response(s) [74a737c0-fb65-42e2-8af1-813ef9d8f4fa<-2e7e8ab2-b4fc-48ff-a5a7-73886d1441d9#0:OK-t2] and 1 exception(s); 74a737c0-fb65-42e2-8af1-813ef9d8f4fa@group-CBC9DB1E30BB:t2, leader=null, voted=74a737c0-fb65-42e2-8af1-813ef9d8f4fa, raftlog=74a737c0-fb65-42e2-8af1-813ef9d8f4fa@group-CBC9DB1E30BB-SegmentedRaftLog:OPENED:c0,f0,i0, conf=0: [add0c2af-eaab-406f-a894-445c5362ddef:192.168.34.35:42526, 74a737c0-fb65-42e2-8af1-813ef9d8f4fa:192.168.34.35:43292, 2e7e8ab2-b4fc-48ff-a5a7-73886d1441d9:192.168.34.35:39716], old=null
2019-11-17 11:14:26,034 [74a737c0-fb65-42e2-8af1-813ef9d8f4fa@group-CBC9DB1E30BB-LeaderElection215] INFO  impl.LeaderElection (LogUtils.java:infoOrTrace(149)) -   Exception 0: {}
java.util.concurrent.ExecutionException: org.apache.ratis.thirdparty.io.grpc.StatusRuntimeException: UNAVAILABLE: io exception
	at java.util.concurrent.FutureTask.report(FutureTask.java:122)
	at java.util.concurrent.FutureTask.get(FutureTask.java:192)
	at org.apache.ratis.server.impl.LeaderElection.waitForResults(LeaderElection.java:259)
	at org.apache.ratis.server.impl.LeaderElection.askForVotes(LeaderElection.java:197)
	at org.apache.ratis.server.impl.LeaderElection.run(LeaderElection.java:133)
	at java.lang.Thread.run(Thread.java:748)
Caused by: org.apache.ratis.thirdparty.io.grpc.StatusRuntimeException: UNAVAILABLE: io exception
	at org.apache.ratis.thirdparty.io.grpc.stub.ClientCalls.toStatusRuntimeException(ClientCalls.java:233)
	at org.apache.ratis.thirdparty.io.grpc.stub.ClientCalls.getUnchecked(ClientCalls.java:214)
	at org.apache.ratis.thirdparty.io.grpc.stub.ClientCalls.blockingUnaryCall(ClientCalls.java:139)
	at org.apache.ratis.proto.grpc.RaftServerProtocolServiceGrpc$RaftServerProtocolServiceBlockingStub.requestVote(RaftServerProtocolServiceGrpc.java:265)
	at org.apache.ratis.grpc.server.GrpcServerProtocolClient.requestVote(GrpcServerProtocolClient.java:99)
	at org.apache.ratis.grpc.server.GrpcService.requestVote(GrpcService.java:204)
	at org.apache.ratis.server.impl.LeaderElection.lambda$submitRequests$1(LeaderElection.java:234)
	at java.util.concurrent.FutureTask.run(FutureTask.java:266)
	at java.util.concurrent.Executors$RunnableAdapter.call(Executors.java:511)
	at java.util.concurrent.FutureTask.run(FutureTask.java:266)
	at java.util.concurrent.ThreadPoolExecutor.runWorker(ThreadPoolExecutor.java:1149)
	at java.util.concurrent.ThreadPoolExecutor$Worker.run(ThreadPoolExecutor.java:624)
	... 1 more
Caused by: org.apache.ratis.thirdparty.io.netty.channel.AbstractChannel$AnnotatedConnectException: Connection refused: /192.168.34.35:42526
	at sun.nio.ch.SocketChannelImpl.checkConnect(Native Method)
	at sun.nio.ch.SocketChannelImpl.finishConnect(SocketChannelImpl.java:717)
	at org.apache.ratis.thirdparty.io.netty.channel.socket.nio.NioSocketChannel.doFinishConnect(NioSocketChannel.java:327)
	at org.apache.ratis.thirdparty.io.netty.channel.nio.AbstractNioChannel$AbstractNioUnsafe.finishConnect(AbstractNioChannel.java:340)
	at org.apache.ratis.thirdparty.io.netty.channel.nio.NioEventLoop.processSelectedKey(NioEventLoop.java:632)
	at org.apache.ratis.thirdparty.io.netty.channel.nio.NioEventLoop.processSelectedKeysOptimized(NioEventLoop.java:579)
	at org.apache.ratis.thirdparty.io.netty.channel.nio.NioEventLoop.processSelectedKeys(NioEventLoop.java:496)
	at org.apache.ratis.thirdparty.io.netty.channel.nio.NioEventLoop.run(NioEventLoop.java:458)
	at org.apache.ratis.thirdparty.io.netty.util.concurrent.SingleThreadEventExecutor$5.run(SingleThreadEventExecutor.java:897)
	at org.apache.ratis.thirdparty.io.netty.util.concurrent.FastThreadLocalRunnable.run(FastThreadLocalRunnable.java:30)
	... 1 more
Caused by: java.net.ConnectException: Connection refused
	... 11 more
2019-11-17 11:14:26,034 [74a737c0-fb65-42e2-8af1-813ef9d8f4fa@group-CBC9DB1E30BB-LeaderElection215] INFO  impl.RoleInfo (RoleInfo.java:shutdownLeaderElection(134)) - 74a737c0-fb65-42e2-8af1-813ef9d8f4fa: shutdown LeaderElection
2019-11-17 11:14:26,035 [74a737c0-fb65-42e2-8af1-813ef9d8f4fa@group-CBC9DB1E30BB-LeaderElection215] INFO  impl.RaftServerImpl (RaftServerImpl.java:setRole(173)) - 74a737c0-fb65-42e2-8af1-813ef9d8f4fa@group-CBC9DB1E30BB: changes role from CANDIDATE to LEADER at term 2 for changeToLeader
2019-11-17 11:14:26,035 [74a737c0-fb65-42e2-8af1-813ef9d8f4fa@group-CBC9DB1E30BB-LeaderElection215] INFO  ratis.XceiverServerRatis (XceiverServerRatis.java:handleLeaderChangedNotification(697)) - Leader change notification received for group: group-CBC9DB1E30BB with new leaderId: 74a737c0-fb65-42e2-8af1-813ef9d8f4fa
2019-11-17 11:14:26,035 [74a737c0-fb65-42e2-8af1-813ef9d8f4fa@group-CBC9DB1E30BB-LeaderElection215] INFO  impl.RaftServerImpl (ServerState.java:setLeader(255)) - 74a737c0-fb65-42e2-8af1-813ef9d8f4fa@group-CBC9DB1E30BB: change Leader from null to 74a737c0-fb65-42e2-8af1-813ef9d8f4fa at term 2 for becomeLeader, leader elected after 45ms
2019-11-17 11:14:26,035 [74a737c0-fb65-42e2-8af1-813ef9d8f4fa@group-CBC9DB1E30BB-LeaderElection215] INFO  server.RaftServerConfigKeys (ConfUtils.java:logGet(43)) - raft.server.staging.catchup.gap = 1000 (default)
2019-11-17 11:14:26,035 [74a737c0-fb65-42e2-8af1-813ef9d8f4fa@group-CBC9DB1E30BB-LeaderElection215] INFO  server.RaftServerConfigKeys (ConfUtils.java:logGet(43)) - raft.server.rpc.sleep.time = 25ms (default)
2019-11-17 11:14:26,036 [74a737c0-fb65-42e2-8af1-813ef9d8f4fa@group-CBC9DB1E30BB-LeaderElection215] INFO  server.RaftServerConfigKeys (ConfUtils.java:logGet(43)) - raft.server.write.element-limit = 4096 (default)
2019-11-17 11:14:26,036 [74a737c0-fb65-42e2-8af1-813ef9d8f4fa@group-CBC9DB1E30BB-LeaderElection215] INFO  server.RaftServerConfigKeys (ConfUtils.java:logGet(43)) - raft.server.watch.timeout = 10s (default)
2019-11-17 11:14:26,036 [74a737c0-fb65-42e2-8af1-813ef9d8f4fa@group-CBC9DB1E30BB-LeaderElection215] INFO  server.RaftServerConfigKeys (ConfUtils.java:logGet(43)) - raft.server.watch.timeout.denomination = 1s (default)
2019-11-17 11:14:26,036 [74a737c0-fb65-42e2-8af1-813ef9d8f4fa@group-CBC9DB1E30BB-LeaderElection215] INFO  server.RaftServerConfigKeys (ConfUtils.java:logGet(43)) - raft.server.watch.element-limit = 65536 (default)
2019-11-17 11:14:26,037 [74a737c0-fb65-42e2-8af1-813ef9d8f4fa@group-CBC9DB1E30BB-LeaderElection215] INFO  server.RaftServerConfigKeys (ConfUtils.java:logGet(43)) - raft.server.log.appender.snapshot.chunk.size.max = 16MB (=16777216) (default)
2019-11-17 11:14:26,037 [74a737c0-fb65-42e2-8af1-813ef9d8f4fa@group-CBC9DB1E30BB-LeaderElection215] INFO  server.RaftServerConfigKeys (ConfUtils.java:logGet(43)) - raft.server.log.appender.buffer.byte-limit = 33554432 (custom)
2019-11-17 11:14:26,037 [74a737c0-fb65-42e2-8af1-813ef9d8f4fa@group-CBC9DB1E30BB-LeaderElection215] INFO  server.RaftServerConfigKeys (ConfUtils.java:logGet(43)) - raft.server.log.appender.buffer.element-limit = 1 (custom)
2019-11-17 11:14:26,037 [74a737c0-fb65-42e2-8af1-813ef9d8f4fa@group-CBC9DB1E30BB-LeaderElection215] INFO  grpc.GrpcConfigKeys$Server (ConfUtils.java:logGet(43)) - raft.grpc.server.leader.outstanding.appends.max = 128 (default)
2019-11-17 11:14:26,037 [74a737c0-fb65-42e2-8af1-813ef9d8f4fa@group-CBC9DB1E30BB-LeaderElection215] INFO  server.RaftServerConfigKeys (ConfUtils.java:logGet(43)) - raft.server.rpc.request.timeout = 3000ms (default)
2019-11-17 11:14:26,037 [74a737c0-fb65-42e2-8af1-813ef9d8f4fa@group-CBC9DB1E30BB-LeaderElection215] INFO  server.RaftServerConfigKeys (ConfUtils.java:logGet(43)) - raft.server.log.appender.install.snapshot.enabled = false (custom)
2019-11-17 11:14:26,038 [74a737c0-fb65-42e2-8af1-813ef9d8f4fa@group-CBC9DB1E30BB-LeaderElection215] WARN  impl.MetricRegistriesImpl (MetricRegistriesImpl.java:lambda$create$1(61)) - First MetricRegistry has been created without registering reporters. You may need to call MetricRegistries.global().addReportRegistration(...) before.
2019-11-17 11:14:26,038 [74a737c0-fb65-42e2-8af1-813ef9d8f4fa@group-CBC9DB1E30BB-LeaderElection215] INFO  server.RaftServerConfigKeys (ConfUtils.java:logGet(43)) - raft.server.log.appender.snapshot.chunk.size.max = 16MB (=16777216) (default)
2019-11-17 11:14:26,038 [74a737c0-fb65-42e2-8af1-813ef9d8f4fa@group-CBC9DB1E30BB-LeaderElection215] INFO  server.RaftServerConfigKeys (ConfUtils.java:logGet(43)) - raft.server.log.appender.buffer.byte-limit = 33554432 (custom)
2019-11-17 11:14:26,038 [74a737c0-fb65-42e2-8af1-813ef9d8f4fa@group-CBC9DB1E30BB-LeaderElection215] INFO  server.RaftServerConfigKeys (ConfUtils.java:logGet(43)) - raft.server.log.appender.buffer.element-limit = 1 (custom)
2019-11-17 11:14:26,038 [74a737c0-fb65-42e2-8af1-813ef9d8f4fa@group-CBC9DB1E30BB-LeaderElection215] INFO  grpc.GrpcConfigKeys$Server (ConfUtils.java:logGet(43)) - raft.grpc.server.leader.outstanding.appends.max = 128 (default)
2019-11-17 11:14:26,038 [74a737c0-fb65-42e2-8af1-813ef9d8f4fa@group-CBC9DB1E30BB-LeaderElection215] INFO  server.RaftServerConfigKeys (ConfUtils.java:logGet(43)) - raft.server.rpc.request.timeout = 3000ms (default)
2019-11-17 11:14:26,038 [74a737c0-fb65-42e2-8af1-813ef9d8f4fa@group-CBC9DB1E30BB-LeaderElection215] INFO  server.RaftServerConfigKeys (ConfUtils.java:logGet(43)) - raft.server.log.appender.install.snapshot.enabled = false (custom)
2019-11-17 11:14:26,039 [74a737c0-fb65-42e2-8af1-813ef9d8f4fa@group-CBC9DB1E30BB-LeaderElection215] INFO  impl.RoleInfo (RoleInfo.java:updateAndGet(143)) - 74a737c0-fb65-42e2-8af1-813ef9d8f4fa: start LeaderState
2019-11-17 11:14:26,039 [74a737c0-fb65-42e2-8af1-813ef9d8f4fa@group-CBC9DB1E30BB-LeaderElection215] INFO  segmented.SegmentedRaftLogWorker (SegmentedRaftLogWorker.java:rollLogSegment(390)) - 74a737c0-fb65-42e2-8af1-813ef9d8f4fa@group-CBC9DB1E30BB-SegmentedRaftLogWorker: Rolling segment log-0_0 to index:0
2019-11-17 11:14:26,040 [74a737c0-fb65-42e2-8af1-813ef9d8f4fa@group-CBC9DB1E30BB-LeaderElection215] INFO  impl.RaftServerImpl (ServerState.java:setRaftConf(356)) - 74a737c0-fb65-42e2-8af1-813ef9d8f4fa@group-CBC9DB1E30BB: set configuration 1: [add0c2af-eaab-406f-a894-445c5362ddef:192.168.34.35:42526, 74a737c0-fb65-42e2-8af1-813ef9d8f4fa:192.168.34.35:43292, 2e7e8ab2-b4fc-48ff-a5a7-73886d1441d9:192.168.34.35:39716], old=null at 1
2019-11-17 11:14:26,041 [74a737c0-fb65-42e2-8af1-813ef9d8f4fa@group-CBC9DB1E30BB-SegmentedRaftLogWorker] INFO  segmented.SegmentedRaftLogWorker (SegmentedRaftLogWorker.java:execute(533)) - 74a737c0-fb65-42e2-8af1-813ef9d8f4fa@group-CBC9DB1E30BB-SegmentedRaftLogWorker: Rolled log segment from /workdir/hadoop-ozone/integration-test/target/test-dir/MiniOzoneClusterImpl-d61a8e55-6b1b-4302-a8ca-331e331e4b67/datanode-8/data/ratis/d566223a-a383-4504-8d9c-cbc9db1e30bb/current/log_inprogress_0 to /workdir/hadoop-ozone/integration-test/target/test-dir/MiniOzoneClusterImpl-d61a8e55-6b1b-4302-a8ca-331e331e4b67/datanode-8/data/ratis/d566223a-a383-4504-8d9c-cbc9db1e30bb/current/log_0-0
2019-11-17 11:14:26,041 [grpc-default-executor-9] WARN  server.GrpcLogAppender (LogUtils.java:warn(134)) - 74a737c0-fb65-42e2-8af1-813ef9d8f4fa@group-CBC9DB1E30BB->add0c2af-eaab-406f-a894-445c5362ddef-AppendLogResponseHandler: Failed appendEntries: org.apache.ratis.thirdparty.io.grpc.StatusRuntimeException: UNAVAILABLE: io exception
2019-11-17 11:14:26,041 [grpc-default-executor-9] INFO  impl.FollowerInfo (FollowerInfo.java:lambda$new$0(51)) - 74a737c0-fb65-42e2-8af1-813ef9d8f4fa@group-CBC9DB1E30BB->add0c2af-eaab-406f-a894-445c5362ddef: nextIndex: updateUnconditionally 1 -> 0
2019-11-17 11:14:26,041 [grpc-default-executor-5] INFO  ratis.XceiverServerRatis (XceiverServerRatis.java:handleLeaderChangedNotification(697)) - Leader change notification received for group: group-CBC9DB1E30BB with new leaderId: 74a737c0-fb65-42e2-8af1-813ef9d8f4fa
2019-11-17 11:14:26,042 [grpc-default-executor-5] INFO  impl.RaftServerImpl (ServerState.java:setLeader(255)) - 2e7e8ab2-b4fc-48ff-a5a7-73886d1441d9@group-CBC9DB1E30BB: change Leader from null to 74a737c0-fb65-42e2-8af1-813ef9d8f4fa at term 2 for appendEntries, leader elected after 21ms
2019-11-17 11:14:26,044 [grpc-default-executor-5] INFO  impl.RaftServerImpl (ServerState.java:setRaftConf(356)) - 2e7e8ab2-b4fc-48ff-a5a7-73886d1441d9@group-CBC9DB1E30BB: set configuration 1: [add0c2af-eaab-406f-a894-445c5362ddef:192.168.34.35:42526, 74a737c0-fb65-42e2-8af1-813ef9d8f4fa:192.168.34.35:43292, 2e7e8ab2-b4fc-48ff-a5a7-73886d1441d9:192.168.34.35:39716], old=null at 1
2019-11-17 11:14:26,044 [grpc-default-executor-5] INFO  segmented.SegmentedRaftLogWorker (SegmentedRaftLogWorker.java:rollLogSegment(390)) - 2e7e8ab2-b4fc-48ff-a5a7-73886d1441d9@group-CBC9DB1E30BB-SegmentedRaftLogWorker: Rolling segment log-0_0 to index:0
2019-11-17 11:14:26,045 [2e7e8ab2-b4fc-48ff-a5a7-73886d1441d9@group-CBC9DB1E30BB-SegmentedRaftLogWorker] INFO  segmented.SegmentedRaftLogWorker (SegmentedRaftLogWorker.java:execute(533)) - 2e7e8ab2-b4fc-48ff-a5a7-73886d1441d9@group-CBC9DB1E30BB-SegmentedRaftLogWorker: Rolled log segment from /workdir/hadoop-ozone/integration-test/target/test-dir/MiniOzoneClusterImpl-d61a8e55-6b1b-4302-a8ca-331e331e4b67/datanode-4/data/ratis/d566223a-a383-4504-8d9c-cbc9db1e30bb/current/log_inprogress_0 to /workdir/hadoop-ozone/integration-test/target/test-dir/MiniOzoneClusterImpl-d61a8e55-6b1b-4302-a8ca-331e331e4b67/datanode-4/data/ratis/d566223a-a383-4504-8d9c-cbc9db1e30bb/current/log_0-0
2019-11-17 11:14:26,095 [74a737c0-fb65-42e2-8af1-813ef9d8f4fa@group-CBC9DB1E30BB-SegmentedRaftLogWorker] INFO  segmented.SegmentedRaftLogWorker (SegmentedRaftLogWorker.java:execute(576)) - 74a737c0-fb65-42e2-8af1-813ef9d8f4fa@group-CBC9DB1E30BB-SegmentedRaftLogWorker: created new log segment /workdir/hadoop-ozone/integration-test/target/test-dir/MiniOzoneClusterImpl-d61a8e55-6b1b-4302-a8ca-331e331e4b67/datanode-8/data/ratis/d566223a-a383-4504-8d9c-cbc9db1e30bb/current/log_inprogress_1
2019-11-17 11:14:26,095 [2e7e8ab2-b4fc-48ff-a5a7-73886d1441d9@group-CBC9DB1E30BB-SegmentedRaftLogWorker] INFO  segmented.SegmentedRaftLogWorker (SegmentedRaftLogWorker.java:execute(576)) - 2e7e8ab2-b4fc-48ff-a5a7-73886d1441d9@group-CBC9DB1E30BB-SegmentedRaftLogWorker: created new log segment /workdir/hadoop-ozone/integration-test/target/test-dir/MiniOzoneClusterImpl-d61a8e55-6b1b-4302-a8ca-331e331e4b67/datanode-4/data/ratis/d566223a-a383-4504-8d9c-cbc9db1e30bb/current/log_inprogress_1
2019-11-17 11:14:26,100 [grpc-default-executor-6] WARN  server.GrpcLogAppender (LogUtils.java:warn(134)) - 74a737c0-fb65-42e2-8af1-813ef9d8f4fa@group-CBC9DB1E30BB->add0c2af-eaab-406f-a894-445c5362ddef-AppendLogResponseHandler: Failed appendEntries: org.apache.ratis.thirdparty.io.grpc.StatusRuntimeException: UNAVAILABLE: io exception
2019-11-17 11:14:26,100 [grpc-default-executor-6] INFO  impl.FollowerInfo (FollowerInfo.java:lambda$new$0(51)) - 74a737c0-fb65-42e2-8af1-813ef9d8f4fa@group-CBC9DB1E30BB->add0c2af-eaab-406f-a894-445c5362ddef: nextIndex: updateUnconditionally 1 -> 0
2019-11-17 11:14:26,103 [grpc-default-executor-6] WARN  server.GrpcLogAppender (LogUtils.java:warn(134)) - 74a737c0-fb65-42e2-8af1-813ef9d8f4fa@group-CBC9DB1E30BB->add0c2af-eaab-406f-a894-445c5362ddef-AppendLogResponseHandler: Failed appendEntries: org.apache.ratis.thirdparty.io.grpc.StatusRuntimeException: UNAVAILABLE: io exception
2019-11-17 11:14:26,103 [grpc-default-executor-6] INFO  impl.FollowerInfo (FollowerInfo.java:lambda$new$0(51)) - 74a737c0-fb65-42e2-8af1-813ef9d8f4fa@group-CBC9DB1E30BB->add0c2af-eaab-406f-a894-445c5362ddef: nextIndex: updateUnconditionally 1 -> 0
2019-11-17 11:14:26,454 [grpc-default-executor-5] WARN  server.GrpcLogAppender (LogUtils.java:warn(134)) - 3d268c2e-02d6-42d5-8f0a-acb046ab2083@group-997951AD4E71->4c46855d-d979-4113-9d53-291bcfa92579-AppendLogResponseHandler: Failed appendEntries: org.apache.ratis.thirdparty.io.grpc.StatusRuntimeException: UNAVAILABLE: io exception
2019-11-17 11:14:26,455 [grpc-default-executor-5] INFO  impl.FollowerInfo (FollowerInfo.java:lambda$new$0(51)) - 3d268c2e-02d6-42d5-8f0a-acb046ab2083@group-997951AD4E71->4c46855d-d979-4113-9d53-291bcfa92579: nextIndex: updateUnconditionally 0 -> 0
2019-11-17 11:14:26,514 [grpc-default-executor-6] WARN  server.GrpcLogAppender (LogUtils.java:warn(134)) - 357d2873-2248-48d2-9bf7-23aadc7fc5db@group-33B9927584DA->d0563571-d5f5-405e-9b61-87c552fd142f-AppendLogResponseHandler: Failed appendEntries: org.apache.ratis.thirdparty.io.grpc.StatusRuntimeException: UNAVAILABLE: io exception
2019-11-17 11:14:26,514 [grpc-default-executor-6] INFO  impl.FollowerInfo (FollowerInfo.java:lambda$new$0(51)) - 357d2873-2248-48d2-9bf7-23aadc7fc5db@group-33B9927584DA->d0563571-d5f5-405e-9b61-87c552fd142f: nextIndex: updateUnconditionally 0 -> 0
2019-11-17 11:14:26,603 [grpc-default-executor-6] WARN  server.GrpcLogAppender (LogUtils.java:warn(134)) - 74a737c0-fb65-42e2-8af1-813ef9d8f4fa@group-CBC9DB1E30BB->add0c2af-eaab-406f-a894-445c5362ddef-AppendLogResponseHandler: Failed appendEntries: org.apache.ratis.thirdparty.io.grpc.StatusRuntimeException: UNAVAILABLE: io exception
2019-11-17 11:14:26,603 [grpc-default-executor-6] INFO  impl.FollowerInfo (FollowerInfo.java:lambda$new$0(51)) - 74a737c0-fb65-42e2-8af1-813ef9d8f4fa@group-CBC9DB1E30BB->add0c2af-eaab-406f-a894-445c5362ddef: nextIndex: updateUnconditionally 0 -> 0
2019-11-17 11:14:26,955 [grpc-default-executor-6] WARN  server.GrpcLogAppender (LogUtils.java:warn(134)) - 3d268c2e-02d6-42d5-8f0a-acb046ab2083@group-997951AD4E71->4c46855d-d979-4113-9d53-291bcfa92579-AppendLogResponseHandler: Failed appendEntries: org.apache.ratis.thirdparty.io.grpc.StatusRuntimeException: UNAVAILABLE: io exception
2019-11-17 11:14:26,955 [grpc-default-executor-6] INFO  impl.FollowerInfo (FollowerInfo.java:lambda$new$0(51)) - 3d268c2e-02d6-42d5-8f0a-acb046ab2083@group-997951AD4E71->4c46855d-d979-4113-9d53-291bcfa92579: nextIndex: updateUnconditionally 0 -> 0
2019-11-17 11:14:27,015 [grpc-default-executor-6] WARN  server.GrpcLogAppender (LogUtils.java:warn(134)) - 357d2873-2248-48d2-9bf7-23aadc7fc5db@group-33B9927584DA->d0563571-d5f5-405e-9b61-87c552fd142f-AppendLogResponseHandler: Failed appendEntries: org.apache.ratis.thirdparty.io.grpc.StatusRuntimeException: UNAVAILABLE: io exception
2019-11-17 11:14:27,015 [grpc-default-executor-6] INFO  impl.FollowerInfo (FollowerInfo.java:lambda$new$0(51)) - 357d2873-2248-48d2-9bf7-23aadc7fc5db@group-33B9927584DA->d0563571-d5f5-405e-9b61-87c552fd142f: nextIndex: updateUnconditionally 0 -> 0
2019-11-17 11:14:27,107 [grpc-default-executor-8] WARN  server.GrpcLogAppender (LogUtils.java:warn(134)) - 74a737c0-fb65-42e2-8af1-813ef9d8f4fa@group-CBC9DB1E30BB->add0c2af-eaab-406f-a894-445c5362ddef-AppendLogResponseHandler: Failed appendEntries: org.apache.ratis.thirdparty.io.grpc.StatusRuntimeException: UNAVAILABLE: io exception
2019-11-17 11:14:27,108 [grpc-default-executor-8] INFO  impl.FollowerInfo (FollowerInfo.java:lambda$new$0(51)) - 74a737c0-fb65-42e2-8af1-813ef9d8f4fa@group-CBC9DB1E30BB->add0c2af-eaab-406f-a894-445c5362ddef: nextIndex: updateUnconditionally 0 -> 0
2019-11-17 11:14:27,458 [grpc-default-executor-8] WARN  server.GrpcLogAppender (LogUtils.java:warn(134)) - 3d268c2e-02d6-42d5-8f0a-acb046ab2083@group-997951AD4E71->4c46855d-d979-4113-9d53-291bcfa92579-AppendLogResponseHandler: Failed appendEntries: org.apache.ratis.thirdparty.io.grpc.StatusRuntimeException: UNAVAILABLE: io exception
2019-11-17 11:14:27,459 [grpc-default-executor-8] INFO  impl.FollowerInfo (FollowerInfo.java:lambda$new$0(51)) - 3d268c2e-02d6-42d5-8f0a-acb046ab2083@group-997951AD4E71->4c46855d-d979-4113-9d53-291bcfa92579: nextIndex: updateUnconditionally 0 -> 0
2019-11-17 11:14:27,516 [grpc-default-executor-9] WARN  server.GrpcLogAppender (LogUtils.java:warn(134)) - 357d2873-2248-48d2-9bf7-23aadc7fc5db@group-33B9927584DA->d0563571-d5f5-405e-9b61-87c552fd142f-AppendLogResponseHandler: Failed appendEntries: org.apache.ratis.thirdparty.io.grpc.StatusRuntimeException: UNAVAILABLE: io exception
2019-11-17 11:14:27,516 [grpc-default-executor-9] INFO  impl.FollowerInfo (FollowerInfo.java:lambda$new$0(51)) - 357d2873-2248-48d2-9bf7-23aadc7fc5db@group-33B9927584DA->d0563571-d5f5-405e-9b61-87c552fd142f: nextIndex: updateUnconditionally 0 -> 0
2019-11-17 11:14:27,605 [grpc-default-executor-8] WARN  server.GrpcLogAppender (LogUtils.java:warn(134)) - 74a737c0-fb65-42e2-8af1-813ef9d8f4fa@group-CBC9DB1E30BB->add0c2af-eaab-406f-a894-445c5362ddef-AppendLogResponseHandler: Failed appendEntries: org.apache.ratis.thirdparty.io.grpc.StatusRuntimeException: UNAVAILABLE: io exception
2019-11-17 11:14:27,606 [grpc-default-executor-8] INFO  impl.FollowerInfo (FollowerInfo.java:lambda$new$0(51)) - 74a737c0-fb65-42e2-8af1-813ef9d8f4fa@group-CBC9DB1E30BB->add0c2af-eaab-406f-a894-445c5362ddef: nextIndex: updateUnconditionally 0 -> 0
2019-11-17 11:14:27,957 [grpc-default-executor-6] WARN  server.GrpcLogAppender (LogUtils.java:warn(134)) - 3d268c2e-02d6-42d5-8f0a-acb046ab2083@group-997951AD4E71->4c46855d-d979-4113-9d53-291bcfa92579-AppendLogResponseHandler: Failed appendEntries: org.apache.ratis.thirdparty.io.grpc.StatusRuntimeException: UNAVAILABLE: io exception
2019-11-17 11:14:27,958 [grpc-default-executor-6] INFO  impl.FollowerInfo (FollowerInfo.java:lambda$new$0(51)) - 3d268c2e-02d6-42d5-8f0a-acb046ab2083@group-997951AD4E71->4c46855d-d979-4113-9d53-291bcfa92579: nextIndex: updateUnconditionally 0 -> 0
2019-11-17 11:14:28,017 [grpc-default-executor-6] WARN  server.GrpcLogAppender (LogUtils.java:warn(134)) - 357d2873-2248-48d2-9bf7-23aadc7fc5db@group-33B9927584DA->d0563571-d5f5-405e-9b61-87c552fd142f-AppendLogResponseHandler: Failed appendEntries: org.apache.ratis.thirdparty.io.grpc.StatusRuntimeException: UNAVAILABLE: io exception
2019-11-17 11:14:28,017 [grpc-default-executor-6] INFO  impl.FollowerInfo (FollowerInfo.java:lambda$new$0(51)) - 357d2873-2248-48d2-9bf7-23aadc7fc5db@group-33B9927584DA->d0563571-d5f5-405e-9b61-87c552fd142f: nextIndex: updateUnconditionally 0 -> 0
2019-11-17 11:14:28,106 [grpc-default-executor-9] WARN  server.GrpcLogAppender (LogUtils.java:warn(134)) - 74a737c0-fb65-42e2-8af1-813ef9d8f4fa@group-CBC9DB1E30BB->add0c2af-eaab-406f-a894-445c5362ddef-AppendLogResponseHandler: Failed appendEntries: org.apache.ratis.thirdparty.io.grpc.StatusRuntimeException: UNAVAILABLE: io exception
2019-11-17 11:14:28,107 [grpc-default-executor-9] INFO  impl.FollowerInfo (FollowerInfo.java:lambda$new$0(51)) - 74a737c0-fb65-42e2-8af1-813ef9d8f4fa@group-CBC9DB1E30BB->add0c2af-eaab-406f-a894-445c5362ddef: nextIndex: updateUnconditionally 0 -> 0
2019-11-17 11:14:28,458 [grpc-default-executor-9] WARN  server.GrpcLogAppender (LogUtils.java:warn(134)) - 3d268c2e-02d6-42d5-8f0a-acb046ab2083@group-997951AD4E71->4c46855d-d979-4113-9d53-291bcfa92579-AppendLogResponseHandler: Failed appendEntries: org.apache.ratis.thirdparty.io.grpc.StatusRuntimeException: UNAVAILABLE: io exception
2019-11-17 11:14:28,459 [grpc-default-executor-9] INFO  impl.FollowerInfo (FollowerInfo.java:lambda$new$0(51)) - 3d268c2e-02d6-42d5-8f0a-acb046ab2083@group-997951AD4E71->4c46855d-d979-4113-9d53-291bcfa92579: nextIndex: updateUnconditionally 0 -> 0
2019-11-17 11:14:28,516 [grpc-default-executor-6] WARN  server.GrpcLogAppender (LogUtils.java:warn(134)) - 357d2873-2248-48d2-9bf7-23aadc7fc5db@group-33B9927584DA->d0563571-d5f5-405e-9b61-87c552fd142f-AppendLogResponseHandler: Failed appendEntries: org.apache.ratis.thirdparty.io.grpc.StatusRuntimeException: UNAVAILABLE: io exception
2019-11-17 11:14:28,517 [grpc-default-executor-6] INFO  impl.FollowerInfo (FollowerInfo.java:lambda$new$0(51)) - 357d2873-2248-48d2-9bf7-23aadc7fc5db@group-33B9927584DA->d0563571-d5f5-405e-9b61-87c552fd142f: nextIndex: updateUnconditionally 0 -> 0
2019-11-17 11:14:28,610 [grpc-default-executor-6] WARN  server.GrpcLogAppender (LogUtils.java:warn(134)) - 74a737c0-fb65-42e2-8af1-813ef9d8f4fa@group-CBC9DB1E30BB->add0c2af-eaab-406f-a894-445c5362ddef-AppendLogResponseHandler: Failed appendEntries: org.apache.ratis.thirdparty.io.grpc.StatusRuntimeException: UNAVAILABLE: io exception
2019-11-17 11:14:28,610 [grpc-default-executor-6] INFO  impl.FollowerInfo (FollowerInfo.java:lambda$new$0(51)) - 74a737c0-fb65-42e2-8af1-813ef9d8f4fa@group-CBC9DB1E30BB->add0c2af-eaab-406f-a894-445c5362ddef: nextIndex: updateUnconditionally 0 -> 0
2019-11-17 11:14:28,960 [grpc-default-executor-8] WARN  server.GrpcLogAppender (LogUtils.java:warn(134)) - 3d268c2e-02d6-42d5-8f0a-acb046ab2083@group-997951AD4E71->4c46855d-d979-4113-9d53-291bcfa92579-AppendLogResponseHandler: Failed appendEntries: org.apache.ratis.thirdparty.io.grpc.StatusRuntimeException: UNAVAILABLE: io exception
2019-11-17 11:14:28,960 [grpc-default-executor-8] INFO  impl.FollowerInfo (FollowerInfo.java:lambda$new$0(51)) - 3d268c2e-02d6-42d5-8f0a-acb046ab2083@group-997951AD4E71->4c46855d-d979-4113-9d53-291bcfa92579: nextIndex: updateUnconditionally 0 -> 0
2019-11-17 11:14:29,017 [grpc-default-executor-9] WARN  server.GrpcLogAppender (LogUtils.java:warn(134)) - 357d2873-2248-48d2-9bf7-23aadc7fc5db@group-33B9927584DA->d0563571-d5f5-405e-9b61-87c552fd142f-AppendLogResponseHandler: Failed appendEntries: org.apache.ratis.thirdparty.io.grpc.StatusRuntimeException: UNAVAILABLE: io exception
2019-11-17 11:14:29,018 [grpc-default-executor-9] INFO  impl.FollowerInfo (FollowerInfo.java:lambda$new$0(51)) - 357d2873-2248-48d2-9bf7-23aadc7fc5db@group-33B9927584DA->d0563571-d5f5-405e-9b61-87c552fd142f: nextIndex: updateUnconditionally 0 -> 0
2019-11-17 11:14:29,110 [grpc-default-executor-9] WARN  server.GrpcLogAppender (LogUtils.java:warn(134)) - 74a737c0-fb65-42e2-8af1-813ef9d8f4fa@group-CBC9DB1E30BB->add0c2af-eaab-406f-a894-445c5362ddef-AppendLogResponseHandler: Failed appendEntries: org.apache.ratis.thirdparty.io.grpc.StatusRuntimeException: UNAVAILABLE: io exception
2019-11-17 11:14:29,111 [grpc-default-executor-9] INFO  impl.FollowerInfo (FollowerInfo.java:lambda$new$0(51)) - 74a737c0-fb65-42e2-8af1-813ef9d8f4fa@group-CBC9DB1E30BB->add0c2af-eaab-406f-a894-445c5362ddef: nextIndex: updateUnconditionally 0 -> 0
2019-11-17 11:14:29,463 [grpc-default-executor-9] WARN  server.GrpcLogAppender (LogUtils.java:warn(134)) - 3d268c2e-02d6-42d5-8f0a-acb046ab2083@group-997951AD4E71->4c46855d-d979-4113-9d53-291bcfa92579-AppendLogResponseHandler: Failed appendEntries: org.apache.ratis.thirdparty.io.grpc.StatusRuntimeException: UNAVAILABLE: io exception
2019-11-17 11:14:29,464 [grpc-default-executor-9] INFO  impl.FollowerInfo (FollowerInfo.java:lambda$new$0(51)) - 3d268c2e-02d6-42d5-8f0a-acb046ab2083@group-997951AD4E71->4c46855d-d979-4113-9d53-291bcfa92579: nextIndex: updateUnconditionally 0 -> 0
2019-11-17 11:14:29,518 [grpc-default-executor-9] WARN  server.GrpcLogAppender (LogUtils.java:warn(134)) - 357d2873-2248-48d2-9bf7-23aadc7fc5db@group-33B9927584DA->d0563571-d5f5-405e-9b61-87c552fd142f-AppendLogResponseHandler: Failed appendEntries: org.apache.ratis.thirdparty.io.grpc.StatusRuntimeException: UNAVAILABLE: io exception
2019-11-17 11:14:29,518 [grpc-default-executor-9] INFO  impl.FollowerInfo (FollowerInfo.java:lambda$new$0(51)) - 357d2873-2248-48d2-9bf7-23aadc7fc5db@group-33B9927584DA->d0563571-d5f5-405e-9b61-87c552fd142f: nextIndex: updateUnconditionally 0 -> 0
2019-11-17 11:14:29,616 [grpc-default-executor-6] WARN  server.GrpcLogAppender (LogUtils.java:warn(134)) - 74a737c0-fb65-42e2-8af1-813ef9d8f4fa@group-CBC9DB1E30BB->add0c2af-eaab-406f-a894-445c5362ddef-AppendLogResponseHandler: Failed appendEntries: org.apache.ratis.thirdparty.io.grpc.StatusRuntimeException: UNAVAILABLE: io exception
2019-11-17 11:14:29,616 [grpc-default-executor-6] INFO  impl.FollowerInfo (FollowerInfo.java:lambda$new$0(51)) - 74a737c0-fb65-42e2-8af1-813ef9d8f4fa@group-CBC9DB1E30BB->add0c2af-eaab-406f-a894-445c5362ddef: nextIndex: updateUnconditionally 0 -> 0
2019-11-17 11:14:29,963 [grpc-default-executor-6] WARN  server.GrpcLogAppender (LogUtils.java:warn(134)) - 3d268c2e-02d6-42d5-8f0a-acb046ab2083@group-997951AD4E71->4c46855d-d979-4113-9d53-291bcfa92579-AppendLogResponseHandler: Failed appendEntries: org.apache.ratis.thirdparty.io.grpc.StatusRuntimeException: UNAVAILABLE: io exception
2019-11-17 11:14:29,964 [grpc-default-executor-6] INFO  impl.FollowerInfo (FollowerInfo.java:lambda$new$0(51)) - 3d268c2e-02d6-42d5-8f0a-acb046ab2083@group-997951AD4E71->4c46855d-d979-4113-9d53-291bcfa92579: nextIndex: updateUnconditionally 0 -> 0
2019-11-17 11:14:29,993 [main] INFO  ozoneimpl.OzoneContainer (OzoneContainer.java:stop(244)) - Attempting to stop container services.
2019-11-17 11:14:29,993 [ForkJoinPool.commonPool-worker-0] INFO  ozoneimpl.OzoneContainer (OzoneContainer.java:stop(244)) - Attempting to stop container services.
2019-11-17 11:14:29,995 [main] INFO  impl.RaftServerProxy (RaftServerProxy.java:lambda$close$4(314)) - 74a737c0-fb65-42e2-8af1-813ef9d8f4fa: close
2019-11-17 11:14:29,995 [ForkJoinPool.commonPool-worker-0] INFO  impl.RaftServerProxy (RaftServerProxy.java:lambda$close$4(314)) - 2e7e8ab2-b4fc-48ff-a5a7-73886d1441d9: close
2019-11-17 11:14:29,996 [main] INFO  impl.RaftServerImpl (RaftServerImpl.java:lambda$shutdown$3(250)) - 74a737c0-fb65-42e2-8af1-813ef9d8f4fa@group-9CAA3ECA5432: shutdown
2019-11-17 11:14:29,996 [ForkJoinPool.commonPool-worker-0] INFO  impl.RaftServerImpl (RaftServerImpl.java:lambda$shutdown$3(250)) - 2e7e8ab2-b4fc-48ff-a5a7-73886d1441d9@group-9E7D444A7E8C: shutdown
2019-11-17 11:14:29,997 [main] INFO  util.JmxRegister (JmxRegister.java:unregister(73)) - Successfully un-registered JMX Bean with object name Ratis:service=RaftServer,group=group-9CAA3ECA5432,id=74a737c0-fb65-42e2-8af1-813ef9d8f4fa
2019-11-17 11:14:29,997 [ForkJoinPool.commonPool-worker-0] INFO  util.JmxRegister (JmxRegister.java:unregister(73)) - Successfully un-registered JMX Bean with object name Ratis:service=RaftServer,group=group-9E7D444A7E8C,id=2e7e8ab2-b4fc-48ff-a5a7-73886d1441d9
2019-11-17 11:14:29,997 [main] INFO  impl.RoleInfo (RoleInfo.java:shutdownLeaderState(104)) - 74a737c0-fb65-42e2-8af1-813ef9d8f4fa: shutdown LeaderState
2019-11-17 11:14:29,997 [ForkJoinPool.commonPool-worker-0] INFO  impl.RoleInfo (RoleInfo.java:shutdownLeaderState(104)) - 2e7e8ab2-b4fc-48ff-a5a7-73886d1441d9: shutdown LeaderState
2019-11-17 11:14:29,998 [main] INFO  impl.PendingRequests (PendingRequests.java:sendNotLeaderResponses(206)) - 74a737c0-fb65-42e2-8af1-813ef9d8f4fa@group-9CAA3ECA5432-PendingRequests: sendNotLeaderResponses
2019-11-17 11:14:29,998 [ForkJoinPool.commonPool-worker-0] INFO  impl.PendingRequests (PendingRequests.java:sendNotLeaderResponses(206)) - 2e7e8ab2-b4fc-48ff-a5a7-73886d1441d9@group-9E7D444A7E8C-PendingRequests: sendNotLeaderResponses
2019-11-17 11:14:29,999 [main] INFO  impl.StateMachineUpdater (StateMachineUpdater.java:stopAndJoin(136)) - 74a737c0-fb65-42e2-8af1-813ef9d8f4fa@group-9CAA3ECA5432-StateMachineUpdater: set stopIndex = 0
2019-11-17 11:14:29,999 [ForkJoinPool.commonPool-worker-0] INFO  impl.StateMachineUpdater (StateMachineUpdater.java:stopAndJoin(136)) - 2e7e8ab2-b4fc-48ff-a5a7-73886d1441d9@group-9E7D444A7E8C-StateMachineUpdater: set stopIndex = 0
2019-11-17 11:14:30,000 [ForkJoinPool.commonPool-worker-0] INFO  impl.RaftServerImpl (ServerState.java:close(387)) - 2e7e8ab2-b4fc-48ff-a5a7-73886d1441d9@group-9E7D444A7E8C: closes. applyIndex: 0
2019-11-17 11:14:30,000 [main] INFO  impl.RaftServerImpl (ServerState.java:close(387)) - 74a737c0-fb65-42e2-8af1-813ef9d8f4fa@group-9CAA3ECA5432: closes. applyIndex: 0
2019-11-17 11:14:30,001 [2e7e8ab2-b4fc-48ff-a5a7-73886d1441d9@group-9E7D444A7E8C-SegmentedRaftLogWorker] INFO  segmented.SegmentedRaftLogWorker (SegmentedRaftLogWorker.java:run(316)) - 2e7e8ab2-b4fc-48ff-a5a7-73886d1441d9@group-9E7D444A7E8C-SegmentedRaftLogWorker was interrupted, exiting. There are 0 tasks remaining in the queue.
2019-11-17 11:14:30,001 [74a737c0-fb65-42e2-8af1-813ef9d8f4fa@group-9CAA3ECA5432-SegmentedRaftLogWorker] INFO  segmented.SegmentedRaftLogWorker (SegmentedRaftLogWorker.java:run(316)) - 74a737c0-fb65-42e2-8af1-813ef9d8f4fa@group-9CAA3ECA5432-SegmentedRaftLogWorker was interrupted, exiting. There are 0 tasks remaining in the queue.
2019-11-17 11:14:30,002 [main] INFO  segmented.SegmentedRaftLogWorker (SegmentedRaftLogWorker.java:close(224)) - 74a737c0-fb65-42e2-8af1-813ef9d8f4fa@group-9CAA3ECA5432-SegmentedRaftLogWorker close()
2019-11-17 11:14:30,002 [ForkJoinPool.commonPool-worker-0] INFO  segmented.SegmentedRaftLogWorker (SegmentedRaftLogWorker.java:close(224)) - 2e7e8ab2-b4fc-48ff-a5a7-73886d1441d9@group-9E7D444A7E8C-SegmentedRaftLogWorker close()
2019-11-17 11:14:30,003 [main] INFO  impl.RaftServerImpl (RaftServerImpl.java:lambda$shutdown$3(250)) - 74a737c0-fb65-42e2-8af1-813ef9d8f4fa@group-CBC9DB1E30BB: shutdown
2019-11-17 11:14:30,005 [ForkJoinPool.commonPool-worker-0] INFO  impl.RaftServerImpl (RaftServerImpl.java:lambda$shutdown$3(250)) - 2e7e8ab2-b4fc-48ff-a5a7-73886d1441d9@group-CBC9DB1E30BB: shutdown
2019-11-17 11:14:30,006 [main] INFO  util.JmxRegister (JmxRegister.java:unregister(73)) - Successfully un-registered JMX Bean with object name Ratis:service=RaftServer,group=group-CBC9DB1E30BB,id=74a737c0-fb65-42e2-8af1-813ef9d8f4fa
2019-11-17 11:14:30,006 [ForkJoinPool.commonPool-worker-0] INFO  util.JmxRegister (JmxRegister.java:unregister(73)) - Successfully un-registered JMX Bean with object name Ratis:service=RaftServer,group=group-CBC9DB1E30BB,id=2e7e8ab2-b4fc-48ff-a5a7-73886d1441d9
2019-11-17 11:14:30,006 [main] INFO  impl.RoleInfo (RoleInfo.java:shutdownLeaderState(104)) - 74a737c0-fb65-42e2-8af1-813ef9d8f4fa: shutdown LeaderState
2019-11-17 11:14:30,006 [ForkJoinPool.commonPool-worker-0] INFO  impl.RoleInfo (RoleInfo.java:shutdownFollowerState(121)) - 2e7e8ab2-b4fc-48ff-a5a7-73886d1441d9: shutdown FollowerState
2019-11-17 11:14:30,009 [main] INFO  impl.PendingRequests (PendingRequests.java:sendNotLeaderResponses(206)) - 74a737c0-fb65-42e2-8af1-813ef9d8f4fa@group-CBC9DB1E30BB-PendingRequests: sendNotLeaderResponses
2019-11-17 11:14:30,009 [org.apache.ratis.server.impl.LogAppender$AppenderDaemon$$Lambda$481/932503110@588a9c5] WARN  server.GrpcLogAppender (GrpcLogAppender.java:mayWait(151)) - 74a737c0-fb65-42e2-8af1-813ef9d8f4fa@group-CBC9DB1E30BB->2e7e8ab2-b4fc-48ff-a5a7-73886d1441d9-GrpcLogAppender: Wait interrupted by java.lang.InterruptedException
2019-11-17 11:14:30,012 [main] INFO  impl.StateMachineUpdater (StateMachineUpdater.java:stopAndJoin(136)) - 74a737c0-fb65-42e2-8af1-813ef9d8f4fa@group-CBC9DB1E30BB-StateMachineUpdater: set stopIndex = 2
2019-11-17 11:14:30,010 [Thread-4095] INFO  impl.FollowerState (FollowerState.java:run(120)) - 2e7e8ab2-b4fc-48ff-a5a7-73886d1441d9@group-CBC9DB1E30BB-FollowerState was interrupted: java.lang.InterruptedException: sleep interrupted
2019-11-17 11:14:30,010 [ForkJoinPool.commonPool-worker-0] INFO  impl.StateMachineUpdater (StateMachineUpdater.java:stopAndJoin(136)) - 2e7e8ab2-b4fc-48ff-a5a7-73886d1441d9@group-CBC9DB1E30BB-StateMachineUpdater: set stopIndex = 2
2019-11-17 11:14:30,013 [grpc-default-executor-6] INFO  server.GrpcServerProtocolService (GrpcServerProtocolService.java:onCompleted(113)) - 2e7e8ab2-b4fc-48ff-a5a7-73886d1441d9: Completed APPEND_ENTRIES, lastRequest: 74a737c0-fb65-42e2-8af1-813ef9d8f4fa->2e7e8ab2-b4fc-48ff-a5a7-73886d1441d9#9-t2, previous=(t:2, i:2), leaderCommit=2, initializing? false, entries: <empty>
2019-11-17 11:14:30,009 [org.apache.ratis.server.impl.LogAppender$AppenderDaemon$$Lambda$481/932503110@28dacdc3] WARN  server.GrpcLogAppender (GrpcLogAppender.java:mayWait(151)) - 74a737c0-fb65-42e2-8af1-813ef9d8f4fa@group-CBC9DB1E30BB->add0c2af-eaab-406f-a894-445c5362ddef-GrpcLogAppender: Wait interrupted by java.lang.InterruptedException
2019-11-17 11:14:30,013 [ForkJoinPool.commonPool-worker-0] INFO  impl.RaftServerImpl (ServerState.java:close(387)) - 2e7e8ab2-b4fc-48ff-a5a7-73886d1441d9@group-CBC9DB1E30BB: closes. applyIndex: 2
2019-11-17 11:14:30,012 [main] INFO  impl.RaftServerImpl (ServerState.java:close(387)) - 74a737c0-fb65-42e2-8af1-813ef9d8f4fa@group-CBC9DB1E30BB: closes. applyIndex: 2
2019-11-17 11:14:30,013 [2e7e8ab2-b4fc-48ff-a5a7-73886d1441d9@group-CBC9DB1E30BB-SegmentedRaftLogWorker] INFO  segmented.SegmentedRaftLogWorker (SegmentedRaftLogWorker.java:run(316)) - 2e7e8ab2-b4fc-48ff-a5a7-73886d1441d9@group-CBC9DB1E30BB-SegmentedRaftLogWorker was interrupted, exiting. There are 0 tasks remaining in the queue.
2019-11-17 11:14:30,014 [grpc-default-executor-6] INFO  server.GrpcLogAppender (GrpcLogAppender.java:onCompleted(308)) - 74a737c0-fb65-42e2-8af1-813ef9d8f4fa@group-CBC9DB1E30BB->2e7e8ab2-b4fc-48ff-a5a7-73886d1441d9-AppendLogResponseHandler: follower responses appendEntries COMPLETED
2019-11-17 11:14:30,014 [ForkJoinPool.commonPool-worker-0] INFO  segmented.SegmentedRaftLogWorker (SegmentedRaftLogWorker.java:close(224)) - 2e7e8ab2-b4fc-48ff-a5a7-73886d1441d9@group-CBC9DB1E30BB-SegmentedRaftLogWorker close()
2019-11-17 11:14:30,014 [74a737c0-fb65-42e2-8af1-813ef9d8f4fa@group-CBC9DB1E30BB-SegmentedRaftLogWorker] INFO  segmented.SegmentedRaftLogWorker (SegmentedRaftLogWorker.java:run(316)) - 74a737c0-fb65-42e2-8af1-813ef9d8f4fa@group-CBC9DB1E30BB-SegmentedRaftLogWorker was interrupted, exiting. There are 0 tasks remaining in the queue.
2019-11-17 11:14:30,014 [ForkJoinPool.commonPool-worker-0] INFO  server.GrpcService (GrpcService.java:closeImpl(164)) - 2e7e8ab2-b4fc-48ff-a5a7-73886d1441d9: shutdown server with port 39716 now
2019-11-17 11:14:30,014 [grpc-default-executor-6] INFO  impl.FollowerInfo (FollowerInfo.java:lambda$new$0(51)) - 74a737c0-fb65-42e2-8af1-813ef9d8f4fa@group-CBC9DB1E30BB->2e7e8ab2-b4fc-48ff-a5a7-73886d1441d9: nextIndex: updateUnconditionally 3 -> 2
2019-11-17 11:14:30,014 [main] INFO  segmented.SegmentedRaftLogWorker (SegmentedRaftLogWorker.java:close(224)) - 74a737c0-fb65-42e2-8af1-813ef9d8f4fa@group-CBC9DB1E30BB-SegmentedRaftLogWorker close()
2019-11-17 11:14:30,015 [main] INFO  server.GrpcService (GrpcService.java:closeImpl(164)) - 74a737c0-fb65-42e2-8af1-813ef9d8f4fa: shutdown server with port 43292 now
2019-11-17 11:14:30,015 [ForkJoinPool.commonPool-worker-0] INFO  server.GrpcService (GrpcService.java:closeImpl(172)) - 2e7e8ab2-b4fc-48ff-a5a7-73886d1441d9: shutdown server with port 39716 successfully
2019-11-17 11:14:30,016 [main] INFO  server.GrpcService (GrpcService.java:closeImpl(172)) - 74a737c0-fb65-42e2-8af1-813ef9d8f4fa: shutdown server with port 43292 successfully
2019-11-17 11:14:30,019 [refreshUsed-/workdir/hadoop-ozone/integration-test/target/test-dir/MiniOzoneClusterImpl-d61a8e55-6b1b-4302-a8ca-331e331e4b67/datanode-4/data/containers] WARN  fs.CachingGetSpaceUsed (CachingGetSpaceUsed.java:run(183)) - Thread Interrupted waiting to refresh disk information: sleep interrupted
2019-11-17 11:14:30,019 [grpc-default-executor-9] WARN  server.GrpcLogAppender (LogUtils.java:warn(134)) - 357d2873-2248-48d2-9bf7-23aadc7fc5db@group-33B9927584DA->d0563571-d5f5-405e-9b61-87c552fd142f-AppendLogResponseHandler: Failed appendEntries: org.apache.ratis.thirdparty.io.grpc.StatusRuntimeException: UNAVAILABLE: io exception
2019-11-17 11:14:30,020 [grpc-default-executor-9] INFO  impl.FollowerInfo (FollowerInfo.java:lambda$new$0(51)) - 357d2873-2248-48d2-9bf7-23aadc7fc5db@group-33B9927584DA->d0563571-d5f5-405e-9b61-87c552fd142f: nextIndex: updateUnconditionally 0 -> 0
2019-11-17 11:14:30,026 [refreshUsed-/workdir/hadoop-ozone/integration-test/target/test-dir/MiniOzoneClusterImpl-d61a8e55-6b1b-4302-a8ca-331e331e4b67/datanode-8/data/containers] WARN  fs.CachingGetSpaceUsed (CachingGetSpaceUsed.java:run(183)) - Thread Interrupted waiting to refresh disk information: sleep interrupted
2019-11-17 11:14:30,046 [ForkJoinPool.commonPool-worker-0] INFO  utils.BackgroundService (BackgroundService.java:shutdown(151)) - Shutting down service BlockDeletingService
2019-11-17 11:14:30,048 [ForkJoinPool.commonPool-worker-0] INFO  statemachine.DatanodeStateMachine (DatanodeStateMachine.java:stopDaemon(400)) - Ozone container server stopped.
2019-11-17 11:14:30,054 [main] INFO  utils.BackgroundService (BackgroundService.java:shutdown(151)) - Shutting down service BlockDeletingService
2019-11-17 11:14:30,057 [main] INFO  statemachine.DatanodeStateMachine (DatanodeStateMachine.java:stopDaemon(400)) - Ozone container server stopped.
2019-11-17 11:14:30,057 [ForkJoinPool.commonPool-worker-0] INFO  handler.ContextHandler (ContextHandler.java:doStop(910)) - Stopped o.e.j.w.WebAppContext@9a9aa68{/,null,UNAVAILABLE}{/hddsDatanode}
2019-11-17 11:14:30,058 [main] INFO  handler.ContextHandler (ContextHandler.java:doStop(910)) - Stopped o.e.j.w.WebAppContext@4e974b9e{/,null,UNAVAILABLE}{/hddsDatanode}
2019-11-17 11:14:30,059 [ForkJoinPool.commonPool-worker-0] INFO  server.AbstractConnector (AbstractConnector.java:doStop(318)) - Stopped ServerConnector@3a3883c4{HTTP/1.1,[http/1.1]}{0.0.0.0:0}
2019-11-17 11:14:30,059 [main] INFO  server.AbstractConnector (AbstractConnector.java:doStop(318)) - Stopped ServerConnector@370c7cc5{HTTP/1.1,[http/1.1]}{0.0.0.0:0}
2019-11-17 11:14:30,060 [ForkJoinPool.commonPool-worker-0] INFO  handler.ContextHandler (ContextHandler.java:doStop(910)) - Stopped o.e.j.s.ServletContextHandler@36510e73{/static,jar:file:/home/user/.m2/repository/org/apache/hadoop/hadoop-hdds-container-service/0.5.0-SNAPSHOT/hadoop-hdds-container-service-0.5.0-SNAPSHOT.jar!/webapps/static,UNAVAILABLE}
2019-11-17 11:14:30,061 [main] INFO  handler.ContextHandler (ContextHandler.java:doStop(910)) - Stopped o.e.j.s.ServletContextHandler@37b01ce2{/static,jar:file:/home/user/.m2/repository/org/apache/hadoop/hadoop-hdds-container-service/0.5.0-SNAPSHOT/hadoop-hdds-container-service-0.5.0-SNAPSHOT.jar!/webapps/static,UNAVAILABLE}
2019-11-17 11:14:30,062 [ForkJoinPool.commonPool-worker-0] INFO  handler.ContextHandler (ContextHandler.java:doStop(910)) - Stopped o.e.j.s.ServletContextHandler@79e10fb4{/logs,file:///workdir/hadoop-ozone/integration-test/target/log,UNAVAILABLE}
2019-11-17 11:14:30,062 [main] INFO  handler.ContextHandler (ContextHandler.java:doStop(910)) - Stopped o.e.j.s.ServletContextHandler@11826398{/logs,file:///workdir/hadoop-ozone/integration-test/target/log,UNAVAILABLE}
2019-11-17 11:14:30,300 [Datanode State Machine Thread - 0] INFO  statemachine.DatanodeStateMachine (DatanodeStateMachine.java:lambda$startDaemon$0(355)) - Ozone container server started.
2019-11-17 11:14:30,324 [Datanode State Machine Thread - 0] INFO  statemachine.DatanodeStateMachine (DatanodeStateMachine.java:lambda$startDaemon$0(355)) - Ozone container server started.
2019-11-17 11:14:30,464 [grpc-default-executor-9] WARN  server.GrpcLogAppender (LogUtils.java:warn(134)) - 3d268c2e-02d6-42d5-8f0a-acb046ab2083@group-997951AD4E71->4c46855d-d979-4113-9d53-291bcfa92579-AppendLogResponseHandler: Failed appendEntries: org.apache.ratis.thirdparty.io.grpc.StatusRuntimeException: UNAVAILABLE: io exception
2019-11-17 11:14:30,464 [grpc-default-executor-9] INFO  impl.FollowerInfo (FollowerInfo.java:lambda$new$0(51)) - 3d268c2e-02d6-42d5-8f0a-acb046ab2083@group-997951AD4E71->4c46855d-d979-4113-9d53-291bcfa92579: nextIndex: updateUnconditionally 0 -> 0
2019-11-17 11:14:30,520 [grpc-default-executor-8] WARN  server.GrpcLogAppender (LogUtils.java:warn(134)) - 357d2873-2248-48d2-9bf7-23aadc7fc5db@group-33B9927584DA->d0563571-d5f5-405e-9b61-87c552fd142f-AppendLogResponseHandler: Failed appendEntries: org.apache.ratis.thirdparty.io.grpc.StatusRuntimeException: UNAVAILABLE: io exception
2019-11-17 11:14:30,520 [grpc-default-executor-8] INFO  impl.FollowerInfo (FollowerInfo.java:lambda$new$0(51)) - 357d2873-2248-48d2-9bf7-23aadc7fc5db@group-33B9927584DA->d0563571-d5f5-405e-9b61-87c552fd142f: nextIndex: updateUnconditionally 0 -> 0
2019-11-17 11:14:30,964 [grpc-default-executor-8] WARN  server.GrpcLogAppender (LogUtils.java:warn(134)) - 3d268c2e-02d6-42d5-8f0a-acb046ab2083@group-997951AD4E71->4c46855d-d979-4113-9d53-291bcfa92579-AppendLogResponseHandler: Failed appendEntries: org.apache.ratis.thirdparty.io.grpc.StatusRuntimeException: UNAVAILABLE: io exception
2019-11-17 11:14:30,965 [grpc-default-executor-8] INFO  impl.FollowerInfo (FollowerInfo.java:lambda$new$0(51)) - 3d268c2e-02d6-42d5-8f0a-acb046ab2083@group-997951AD4E71->4c46855d-d979-4113-9d53-291bcfa92579: nextIndex: updateUnconditionally 0 -> 0
2019-11-17 11:14:31,020 [grpc-default-executor-9] WARN  server.GrpcLogAppender (LogUtils.java:warn(134)) - 357d2873-2248-48d2-9bf7-23aadc7fc5db@group-33B9927584DA->d0563571-d5f5-405e-9b61-87c552fd142f-AppendLogResponseHandler: Failed appendEntries: org.apache.ratis.thirdparty.io.grpc.StatusRuntimeException: UNAVAILABLE: io exception
2019-11-17 11:14:31,021 [grpc-default-executor-9] INFO  impl.FollowerInfo (FollowerInfo.java:lambda$new$0(51)) - 357d2873-2248-48d2-9bf7-23aadc7fc5db@group-33B9927584DA->d0563571-d5f5-405e-9b61-87c552fd142f: nextIndex: updateUnconditionally 0 -> 0
2019-11-17 11:14:31,465 [grpc-default-executor-8] WARN  server.GrpcLogAppender (LogUtils.java:warn(134)) - 3d268c2e-02d6-42d5-8f0a-acb046ab2083@group-997951AD4E71->4c46855d-d979-4113-9d53-291bcfa92579-AppendLogResponseHandler: Failed appendEntries: org.apache.ratis.thirdparty.io.grpc.StatusRuntimeException: UNAVAILABLE: io exception
2019-11-17 11:14:31,465 [grpc-default-executor-8] INFO  impl.FollowerInfo (FollowerInfo.java:lambda$new$0(51)) - 3d268c2e-02d6-42d5-8f0a-acb046ab2083@group-997951AD4E71->4c46855d-d979-4113-9d53-291bcfa92579: nextIndex: updateUnconditionally 0 -> 0
2019-11-17 11:14:31,520 [grpc-default-executor-9] WARN  server.GrpcLogAppender (LogUtils.java:warn(134)) - 357d2873-2248-48d2-9bf7-23aadc7fc5db@group-33B9927584DA->d0563571-d5f5-405e-9b61-87c552fd142f-AppendLogResponseHandler: Failed appendEntries: org.apache.ratis.thirdparty.io.grpc.StatusRuntimeException: UNAVAILABLE: io exception
2019-11-17 11:14:31,521 [grpc-default-executor-9] INFO  impl.FollowerInfo (FollowerInfo.java:lambda$new$0(51)) - 357d2873-2248-48d2-9bf7-23aadc7fc5db@group-33B9927584DA->d0563571-d5f5-405e-9b61-87c552fd142f: nextIndex: updateUnconditionally 0 -> 0
2019-11-17 11:14:31,966 [grpc-default-executor-6] WARN  server.GrpcLogAppender (LogUtils.java:warn(134)) - 3d268c2e-02d6-42d5-8f0a-acb046ab2083@group-997951AD4E71->4c46855d-d979-4113-9d53-291bcfa92579-AppendLogResponseHandler: Failed appendEntries: org.apache.ratis.thirdparty.io.grpc.StatusRuntimeException: UNAVAILABLE: io exception
2019-11-17 11:14:31,966 [grpc-default-executor-6] INFO  impl.FollowerInfo (FollowerInfo.java:lambda$new$0(51)) - 3d268c2e-02d6-42d5-8f0a-acb046ab2083@group-997951AD4E71->4c46855d-d979-4113-9d53-291bcfa92579: nextIndex: updateUnconditionally 0 -> 0
2019-11-17 11:14:32,021 [grpc-default-executor-6] WARN  server.GrpcLogAppender (LogUtils.java:warn(134)) - 357d2873-2248-48d2-9bf7-23aadc7fc5db@group-33B9927584DA->d0563571-d5f5-405e-9b61-87c552fd142f-AppendLogResponseHandler: Failed appendEntries: org.apache.ratis.thirdparty.io.grpc.StatusRuntimeException: UNAVAILABLE: io exception
2019-11-17 11:14:32,021 [grpc-default-executor-6] INFO  impl.FollowerInfo (FollowerInfo.java:lambda$new$0(51)) - 357d2873-2248-48d2-9bf7-23aadc7fc5db@group-33B9927584DA->d0563571-d5f5-405e-9b61-87c552fd142f: nextIndex: updateUnconditionally 0 -> 0
2019-11-17 11:14:32,469 [grpc-default-executor-6] WARN  server.GrpcLogAppender (LogUtils.java:warn(134)) - 3d268c2e-02d6-42d5-8f0a-acb046ab2083@group-997951AD4E71->4c46855d-d979-4113-9d53-291bcfa92579-AppendLogResponseHandler: Failed appendEntries: org.apache.ratis.thirdparty.io.grpc.StatusRuntimeException: UNAVAILABLE: io exception
2019-11-17 11:14:32,470 [grpc-default-executor-6] INFO  impl.FollowerInfo (FollowerInfo.java:lambda$new$0(51)) - 3d268c2e-02d6-42d5-8f0a-acb046ab2083@group-997951AD4E71->4c46855d-d979-4113-9d53-291bcfa92579: nextIndex: updateUnconditionally 0 -> 0
2019-11-17 11:14:32,521 [grpc-default-executor-6] WARN  server.GrpcLogAppender (LogUtils.java:warn(134)) - 357d2873-2248-48d2-9bf7-23aadc7fc5db@group-33B9927584DA->d0563571-d5f5-405e-9b61-87c552fd142f-AppendLogResponseHandler: Failed appendEntries: org.apache.ratis.thirdparty.io.grpc.StatusRuntimeException: UNAVAILABLE: io exception
2019-11-17 11:14:32,521 [grpc-default-executor-6] INFO  impl.FollowerInfo (FollowerInfo.java:lambda$new$0(51)) - 357d2873-2248-48d2-9bf7-23aadc7fc5db@group-33B9927584DA->d0563571-d5f5-405e-9b61-87c552fd142f: nextIndex: updateUnconditionally 0 -> 0
2019-11-17 11:14:32,970 [grpc-default-executor-6] WARN  server.GrpcLogAppender (LogUtils.java:warn(134)) - 3d268c2e-02d6-42d5-8f0a-acb046ab2083@group-997951AD4E71->4c46855d-d979-4113-9d53-291bcfa92579-AppendLogResponseHandler: Failed appendEntries: org.apache.ratis.thirdparty.io.grpc.StatusRuntimeException: UNAVAILABLE: io exception
2019-11-17 11:14:32,971 [grpc-default-executor-6] INFO  impl.FollowerInfo (FollowerInfo.java:lambda$new$0(51)) - 3d268c2e-02d6-42d5-8f0a-acb046ab2083@group-997951AD4E71->4c46855d-d979-4113-9d53-291bcfa92579: nextIndex: updateUnconditionally 0 -> 0
2019-11-17 11:14:33,022 [grpc-default-executor-8] WARN  server.GrpcLogAppender (LogUtils.java:warn(134)) - 357d2873-2248-48d2-9bf7-23aadc7fc5db@group-33B9927584DA->d0563571-d5f5-405e-9b61-87c552fd142f-AppendLogResponseHandler: Failed appendEntries: org.apache.ratis.thirdparty.io.grpc.StatusRuntimeException: UNAVAILABLE: io exception
2019-11-17 11:14:33,022 [grpc-default-executor-8] INFO  impl.FollowerInfo (FollowerInfo.java:lambda$new$0(51)) - 357d2873-2248-48d2-9bf7-23aadc7fc5db@group-33B9927584DA->d0563571-d5f5-405e-9b61-87c552fd142f: nextIndex: updateUnconditionally 0 -> 0
2019-11-17 11:14:33,473 [grpc-default-executor-8] WARN  server.GrpcLogAppender (LogUtils.java:warn(134)) - 3d268c2e-02d6-42d5-8f0a-acb046ab2083@group-997951AD4E71->4c46855d-d979-4113-9d53-291bcfa92579-AppendLogResponseHandler: Failed appendEntries: org.apache.ratis.thirdparty.io.grpc.StatusRuntimeException: UNAVAILABLE: io exception
2019-11-17 11:14:33,474 [grpc-default-executor-8] INFO  impl.FollowerInfo (FollowerInfo.java:lambda$new$0(51)) - 3d268c2e-02d6-42d5-8f0a-acb046ab2083@group-997951AD4E71->4c46855d-d979-4113-9d53-291bcfa92579: nextIndex: updateUnconditionally 0 -> 0
2019-11-17 11:14:33,523 [grpc-default-executor-8] WARN  server.GrpcLogAppender (LogUtils.java:warn(134)) - 357d2873-2248-48d2-9bf7-23aadc7fc5db@group-33B9927584DA->d0563571-d5f5-405e-9b61-87c552fd142f-AppendLogResponseHandler: Failed appendEntries: org.apache.ratis.thirdparty.io.grpc.StatusRuntimeException: UNAVAILABLE: io exception
2019-11-17 11:14:33,523 [grpc-default-executor-8] INFO  impl.FollowerInfo (FollowerInfo.java:lambda$new$0(51)) - 357d2873-2248-48d2-9bf7-23aadc7fc5db@group-33B9927584DA->d0563571-d5f5-405e-9b61-87c552fd142f: nextIndex: updateUnconditionally 0 -> 0
2019-11-17 11:14:33,973 [grpc-default-executor-8] WARN  server.GrpcLogAppender (LogUtils.java:warn(134)) - 3d268c2e-02d6-42d5-8f0a-acb046ab2083@group-997951AD4E71->4c46855d-d979-4113-9d53-291bcfa92579-AppendLogResponseHandler: Failed appendEntries: org.apache.ratis.thirdparty.io.grpc.StatusRuntimeException: UNAVAILABLE: io exception
2019-11-17 11:14:33,973 [grpc-default-executor-8] INFO  impl.FollowerInfo (FollowerInfo.java:lambda$new$0(51)) - 3d268c2e-02d6-42d5-8f0a-acb046ab2083@group-997951AD4E71->4c46855d-d979-4113-9d53-291bcfa92579: nextIndex: updateUnconditionally 0 -> 0
2019-11-17 11:14:34,023 [grpc-default-executor-8] WARN  server.GrpcLogAppender (LogUtils.java:warn(134)) - 357d2873-2248-48d2-9bf7-23aadc7fc5db@group-33B9927584DA->d0563571-d5f5-405e-9b61-87c552fd142f-AppendLogResponseHandler: Failed appendEntries: org.apache.ratis.thirdparty.io.grpc.StatusRuntimeException: UNAVAILABLE: io exception
2019-11-17 11:14:34,023 [grpc-default-executor-8] INFO  impl.FollowerInfo (FollowerInfo.java:lambda$new$0(51)) - 357d2873-2248-48d2-9bf7-23aadc7fc5db@group-33B9927584DA->d0563571-d5f5-405e-9b61-87c552fd142f: nextIndex: updateUnconditionally 0 -> 0
2019-11-17 11:14:34,473 [grpc-default-executor-8] WARN  server.GrpcLogAppender (LogUtils.java:warn(134)) - 3d268c2e-02d6-42d5-8f0a-acb046ab2083@group-997951AD4E71->4c46855d-d979-4113-9d53-291bcfa92579-AppendLogResponseHandler: Failed appendEntries: org.apache.ratis.thirdparty.io.grpc.StatusRuntimeException: UNAVAILABLE: io exception
2019-11-17 11:14:34,473 [grpc-default-executor-8] INFO  impl.FollowerInfo (FollowerInfo.java:lambda$new$0(51)) - 3d268c2e-02d6-42d5-8f0a-acb046ab2083@group-997951AD4E71->4c46855d-d979-4113-9d53-291bcfa92579: nextIndex: updateUnconditionally 0 -> 0
2019-11-17 11:14:34,523 [grpc-default-executor-8] WARN  server.GrpcLogAppender (LogUtils.java:warn(134)) - 357d2873-2248-48d2-9bf7-23aadc7fc5db@group-33B9927584DA->d0563571-d5f5-405e-9b61-87c552fd142f-AppendLogResponseHandler: Failed appendEntries: org.apache.ratis.thirdparty.io.grpc.StatusRuntimeException: UNAVAILABLE: io exception
2019-11-17 11:14:34,523 [grpc-default-executor-8] INFO  impl.FollowerInfo (FollowerInfo.java:lambda$new$0(51)) - 357d2873-2248-48d2-9bf7-23aadc7fc5db@group-33B9927584DA->d0563571-d5f5-405e-9b61-87c552fd142f: nextIndex: updateUnconditionally 0 -> 0
2019-11-17 11:14:34,973 [grpc-default-executor-8] WARN  server.GrpcLogAppender (LogUtils.java:warn(134)) - 3d268c2e-02d6-42d5-8f0a-acb046ab2083@group-997951AD4E71->4c46855d-d979-4113-9d53-291bcfa92579-AppendLogResponseHandler: Failed appendEntries: org.apache.ratis.thirdparty.io.grpc.StatusRuntimeException: UNAVAILABLE: io exception
2019-11-17 11:14:34,974 [grpc-default-executor-8] INFO  impl.FollowerInfo (FollowerInfo.java:lambda$new$0(51)) - 3d268c2e-02d6-42d5-8f0a-acb046ab2083@group-997951AD4E71->4c46855d-d979-4113-9d53-291bcfa92579: nextIndex: updateUnconditionally 0 -> 0
2019-11-17 11:14:35,024 [grpc-default-executor-8] WARN  server.GrpcLogAppender (LogUtils.java:warn(134)) - 357d2873-2248-48d2-9bf7-23aadc7fc5db@group-33B9927584DA->d0563571-d5f5-405e-9b61-87c552fd142f-AppendLogResponseHandler: Failed appendEntries: org.apache.ratis.thirdparty.io.grpc.StatusRuntimeException: UNAVAILABLE: io exception
2019-11-17 11:14:35,024 [grpc-default-executor-8] INFO  impl.FollowerInfo (FollowerInfo.java:lambda$new$0(51)) - 357d2873-2248-48d2-9bf7-23aadc7fc5db@group-33B9927584DA->d0563571-d5f5-405e-9b61-87c552fd142f: nextIndex: updateUnconditionally 0 -> 0
2019-11-17 11:14:35,066 [ForkJoinPool.commonPool-worker-0] INFO  ozoneimpl.OzoneContainer (OzoneContainer.java:stop(244)) - Attempting to stop container services.
2019-11-17 11:14:35,066 [main] INFO  ozoneimpl.OzoneContainer (OzoneContainer.java:stop(244)) - Attempting to stop container services.
2019-11-17 11:14:35,068 [ForkJoinPool.commonPool-worker-0] INFO  impl.RaftServerProxy (RaftServerProxy.java:lambda$close$4(314)) - 3d268c2e-02d6-42d5-8f0a-acb046ab2083: close
2019-11-17 11:14:35,069 [main] INFO  impl.RaftServerProxy (RaftServerProxy.java:lambda$close$4(314)) - f9de5302-5741-429b-9e37-55cacebd1d46: close
2019-11-17 11:14:35,069 [ForkJoinPool.commonPool-worker-0] INFO  impl.RaftServerImpl (RaftServerImpl.java:lambda$shutdown$3(250)) - 3d268c2e-02d6-42d5-8f0a-acb046ab2083@group-ABE5CFB15355: shutdown
2019-11-17 11:14:35,070 [main] INFO  impl.RaftServerImpl (RaftServerImpl.java:lambda$shutdown$3(250)) - f9de5302-5741-429b-9e37-55cacebd1d46@group-FEAC464CB48C: shutdown
2019-11-17 11:14:35,070 [ForkJoinPool.commonPool-worker-0] INFO  util.JmxRegister (JmxRegister.java:unregister(73)) - Successfully un-registered JMX Bean with object name Ratis:service=RaftServer,group=group-ABE5CFB15355,id=3d268c2e-02d6-42d5-8f0a-acb046ab2083
2019-11-17 11:14:35,071 [main] INFO  util.JmxRegister (JmxRegister.java:unregister(73)) - Successfully un-registered JMX Bean with object name Ratis:service=RaftServer,group=group-FEAC464CB48C,id=f9de5302-5741-429b-9e37-55cacebd1d46
2019-11-17 11:14:35,071 [ForkJoinPool.commonPool-worker-0] INFO  impl.RoleInfo (RoleInfo.java:shutdownLeaderState(104)) - 3d268c2e-02d6-42d5-8f0a-acb046ab2083: shutdown LeaderState
2019-11-17 11:14:35,071 [main] INFO  impl.RoleInfo (RoleInfo.java:shutdownLeaderState(104)) - f9de5302-5741-429b-9e37-55cacebd1d46: shutdown LeaderState
2019-11-17 11:14:35,072 [ForkJoinPool.commonPool-worker-0] INFO  impl.PendingRequests (PendingRequests.java:sendNotLeaderResponses(206)) - 3d268c2e-02d6-42d5-8f0a-acb046ab2083@group-ABE5CFB15355-PendingRequests: sendNotLeaderResponses
2019-11-17 11:14:35,072 [main] INFO  impl.PendingRequests (PendingRequests.java:sendNotLeaderResponses(206)) - f9de5302-5741-429b-9e37-55cacebd1d46@group-FEAC464CB48C-PendingRequests: sendNotLeaderResponses
2019-11-17 11:14:35,073 [ForkJoinPool.commonPool-worker-0] INFO  impl.StateMachineUpdater (StateMachineUpdater.java:stopAndJoin(136)) - 3d268c2e-02d6-42d5-8f0a-acb046ab2083@group-ABE5CFB15355-StateMachineUpdater: set stopIndex = 0
2019-11-17 11:14:35,074 [main] INFO  impl.StateMachineUpdater (StateMachineUpdater.java:stopAndJoin(136)) - f9de5302-5741-429b-9e37-55cacebd1d46@group-FEAC464CB48C-StateMachineUpdater: set stopIndex = 0
2019-11-17 11:14:35,074 [main] INFO  impl.RaftServerImpl (ServerState.java:close(387)) - f9de5302-5741-429b-9e37-55cacebd1d46@group-FEAC464CB48C: closes. applyIndex: 0
2019-11-17 11:14:35,074 [ForkJoinPool.commonPool-worker-0] INFO  impl.RaftServerImpl (ServerState.java:close(387)) - 3d268c2e-02d6-42d5-8f0a-acb046ab2083@group-ABE5CFB15355: closes. applyIndex: 0
2019-11-17 11:14:35,075 [f9de5302-5741-429b-9e37-55cacebd1d46@group-FEAC464CB48C-SegmentedRaftLogWorker] INFO  segmented.SegmentedRaftLogWorker (SegmentedRaftLogWorker.java:run(316)) - f9de5302-5741-429b-9e37-55cacebd1d46@group-FEAC464CB48C-SegmentedRaftLogWorker was interrupted, exiting. There are 0 tasks remaining in the queue.
2019-11-17 11:14:35,075 [3d268c2e-02d6-42d5-8f0a-acb046ab2083@group-ABE5CFB15355-SegmentedRaftLogWorker] INFO  segmented.SegmentedRaftLogWorker (SegmentedRaftLogWorker.java:run(316)) - 3d268c2e-02d6-42d5-8f0a-acb046ab2083@group-ABE5CFB15355-SegmentedRaftLogWorker was interrupted, exiting. There are 0 tasks remaining in the queue.
2019-11-17 11:14:35,076 [main] INFO  segmented.SegmentedRaftLogWorker (SegmentedRaftLogWorker.java:close(224)) - f9de5302-5741-429b-9e37-55cacebd1d46@group-FEAC464CB48C-SegmentedRaftLogWorker close()
2019-11-17 11:14:35,076 [ForkJoinPool.commonPool-worker-0] INFO  segmented.SegmentedRaftLogWorker (SegmentedRaftLogWorker.java:close(224)) - 3d268c2e-02d6-42d5-8f0a-acb046ab2083@group-ABE5CFB15355-SegmentedRaftLogWorker close()
2019-11-17 11:14:35,077 [main] INFO  impl.RaftServerImpl (RaftServerImpl.java:lambda$shutdown$3(250)) - f9de5302-5741-429b-9e37-55cacebd1d46@group-33B9927584DA: shutdown
2019-11-17 11:14:35,077 [ForkJoinPool.commonPool-worker-0] INFO  impl.RaftServerImpl (RaftServerImpl.java:lambda$shutdown$3(250)) - 3d268c2e-02d6-42d5-8f0a-acb046ab2083@group-997951AD4E71: shutdown
2019-11-17 11:14:35,077 [main] INFO  util.JmxRegister (JmxRegister.java:unregister(73)) - Successfully un-registered JMX Bean with object name Ratis:service=RaftServer,group=group-33B9927584DA,id=f9de5302-5741-429b-9e37-55cacebd1d46
2019-11-17 11:14:35,078 [main] INFO  impl.RoleInfo (RoleInfo.java:shutdownFollowerState(121)) - f9de5302-5741-429b-9e37-55cacebd1d46: shutdown FollowerState
2019-11-17 11:14:35,077 [ForkJoinPool.commonPool-worker-0] INFO  util.JmxRegister (JmxRegister.java:unregister(73)) - Successfully un-registered JMX Bean with object name Ratis:service=RaftServer,group=group-997951AD4E71,id=3d268c2e-02d6-42d5-8f0a-acb046ab2083
2019-11-17 11:14:35,078 [Thread-3966] INFO  impl.FollowerState (FollowerState.java:run(120)) - f9de5302-5741-429b-9e37-55cacebd1d46@group-33B9927584DA-FollowerState was interrupted: java.lang.InterruptedException: sleep interrupted
2019-11-17 11:14:35,078 [main] INFO  impl.StateMachineUpdater (StateMachineUpdater.java:stopAndJoin(136)) - f9de5302-5741-429b-9e37-55cacebd1d46@group-33B9927584DA-StateMachineUpdater: set stopIndex = 0
2019-11-17 11:14:35,079 [main] INFO  impl.RaftServerImpl (ServerState.java:close(387)) - f9de5302-5741-429b-9e37-55cacebd1d46@group-33B9927584DA: closes. applyIndex: 0
2019-11-17 11:14:35,078 [ForkJoinPool.commonPool-worker-0] INFO  impl.RoleInfo (RoleInfo.java:shutdownLeaderState(104)) - 3d268c2e-02d6-42d5-8f0a-acb046ab2083: shutdown LeaderState
2019-11-17 11:14:35,079 [f9de5302-5741-429b-9e37-55cacebd1d46@group-33B9927584DA-SegmentedRaftLogWorker] INFO  segmented.SegmentedRaftLogWorker (SegmentedRaftLogWorker.java:run(316)) - f9de5302-5741-429b-9e37-55cacebd1d46@group-33B9927584DA-SegmentedRaftLogWorker was interrupted, exiting. There are 0 tasks remaining in the queue.
2019-11-17 11:14:35,082 [org.apache.ratis.server.impl.LogAppender$AppenderDaemon$$Lambda$481/932503110@2c6c23e6] WARN  server.GrpcLogAppender (GrpcLogAppender.java:mayWait(151)) - 3d268c2e-02d6-42d5-8f0a-acb046ab2083@group-997951AD4E71->eab723bb-0aff-418b-9bd7-1333118797a2-GrpcLogAppender: Wait interrupted by java.lang.InterruptedException
2019-11-17 11:14:35,082 [ForkJoinPool.commonPool-worker-0] INFO  impl.PendingRequests (PendingRequests.java:sendNotLeaderResponses(206)) - 3d268c2e-02d6-42d5-8f0a-acb046ab2083@group-997951AD4E71-PendingRequests: sendNotLeaderResponses
2019-11-17 11:14:35,082 [main] INFO  segmented.SegmentedRaftLogWorker (SegmentedRaftLogWorker.java:close(224)) - f9de5302-5741-429b-9e37-55cacebd1d46@group-33B9927584DA-SegmentedRaftLogWorker close()
2019-11-17 11:14:35,082 [org.apache.ratis.server.impl.LogAppender$AppenderDaemon$$Lambda$481/932503110@696ea0af] WARN  server.GrpcLogAppender (GrpcLogAppender.java:mayWait(151)) - 3d268c2e-02d6-42d5-8f0a-acb046ab2083@group-997951AD4E71->4c46855d-d979-4113-9d53-291bcfa92579-GrpcLogAppender: Wait interrupted by java.lang.InterruptedException
2019-11-17 11:14:35,082 [main] INFO  server.GrpcService (GrpcService.java:closeImpl(164)) - f9de5302-5741-429b-9e37-55cacebd1d46: shutdown server with port 34600 now
2019-11-17 11:14:35,082 [ForkJoinPool.commonPool-worker-0] INFO  impl.StateMachineUpdater (StateMachineUpdater.java:stopAndJoin(136)) - 3d268c2e-02d6-42d5-8f0a-acb046ab2083@group-997951AD4E71-StateMachineUpdater: set stopIndex = 0
2019-11-17 11:14:35,083 [grpc-default-executor-8] INFO  server.GrpcServerProtocolService (GrpcServerProtocolService.java:onCompleted(113)) - eab723bb-0aff-418b-9bd7-1333118797a2: Completed APPEND_ENTRIES, lastRequest: 3d268c2e-02d6-42d5-8f0a-acb046ab2083->eab723bb-0aff-418b-9bd7-1333118797a2#34-t2, previous=(t:2, i:0), leaderCommit=0, initializing? false, entries: <empty>
2019-11-17 11:14:35,083 [ForkJoinPool.commonPool-worker-0] INFO  impl.RaftServerImpl (ServerState.java:close(387)) - 3d268c2e-02d6-42d5-8f0a-acb046ab2083@group-997951AD4E71: closes. applyIndex: 0
2019-11-17 11:14:35,083 [grpc-default-executor-6] WARN  server.GrpcServerProtocolService (LogUtils.java:warn(134)) - f9de5302-5741-429b-9e37-55cacebd1d46: installSnapshot onError, lastRequest: 357d2873-2248-48d2-9bf7-23aadc7fc5db->f9de5302-5741-429b-9e37-55cacebd1d46#38-t1, previous=(t:1, i:0), leaderCommit=0, initializing? false, entries: <empty>: org.apache.ratis.thirdparty.io.grpc.StatusRuntimeException: CANCELLED: cancelled before receiving half close
2019-11-17 11:14:35,083 [main] INFO  server.GrpcService (GrpcService.java:closeImpl(172)) - f9de5302-5741-429b-9e37-55cacebd1d46: shutdown server with port 34600 successfully
2019-11-17 11:14:35,083 [3d268c2e-02d6-42d5-8f0a-acb046ab2083@group-997951AD4E71-SegmentedRaftLogWorker] INFO  segmented.SegmentedRaftLogWorker (SegmentedRaftLogWorker.java:run(316)) - 3d268c2e-02d6-42d5-8f0a-acb046ab2083@group-997951AD4E71-SegmentedRaftLogWorker was interrupted, exiting. There are 0 tasks remaining in the queue.
2019-11-17 11:14:35,084 [grpc-default-executor-9] INFO  server.GrpcLogAppender (GrpcLogAppender.java:onCompleted(308)) - 3d268c2e-02d6-42d5-8f0a-acb046ab2083@group-997951AD4E71->eab723bb-0aff-418b-9bd7-1333118797a2-AppendLogResponseHandler: follower responses appendEntries COMPLETED
2019-11-17 11:14:35,084 [grpc-default-executor-8] WARN  server.GrpcLogAppender (LogUtils.java:warn(134)) - 357d2873-2248-48d2-9bf7-23aadc7fc5db@group-33B9927584DA->f9de5302-5741-429b-9e37-55cacebd1d46-AppendLogResponseHandler: Failed appendEntries: org.apache.ratis.thirdparty.io.grpc.StatusRuntimeException: CANCELLED: HTTP/2 error code: CANCEL
Received Rst Stream
2019-11-17 11:14:35,084 [ForkJoinPool.commonPool-worker-0] INFO  segmented.SegmentedRaftLogWorker (SegmentedRaftLogWorker.java:close(224)) - 3d268c2e-02d6-42d5-8f0a-acb046ab2083@group-997951AD4E71-SegmentedRaftLogWorker close()
2019-11-17 11:14:35,085 [grpc-default-executor-8] INFO  impl.FollowerInfo (FollowerInfo.java:lambda$new$0(51)) - 357d2873-2248-48d2-9bf7-23aadc7fc5db@group-33B9927584DA->f9de5302-5741-429b-9e37-55cacebd1d46: nextIndex: updateUnconditionally 1 -> 0
2019-11-17 11:14:35,085 [grpc-default-executor-9] INFO  impl.FollowerInfo (FollowerInfo.java:lambda$new$0(51)) - 3d268c2e-02d6-42d5-8f0a-acb046ab2083@group-997951AD4E71->eab723bb-0aff-418b-9bd7-1333118797a2: nextIndex: updateUnconditionally 1 -> 0
2019-11-17 11:14:35,086 [ForkJoinPool.commonPool-worker-0] INFO  server.GrpcService (GrpcService.java:closeImpl(164)) - 3d268c2e-02d6-42d5-8f0a-acb046ab2083: shutdown server with port 41075 now
2019-11-17 11:14:35,086 [ForkJoinPool.commonPool-worker-0] INFO  server.GrpcService (GrpcService.java:closeImpl(172)) - 3d268c2e-02d6-42d5-8f0a-acb046ab2083: shutdown server with port 41075 successfully
2019-11-17 11:14:35,087 [refreshUsed-/workdir/hadoop-ozone/integration-test/target/test-dir/MiniOzoneClusterImpl-d61a8e55-6b1b-4302-a8ca-331e331e4b67/datanode-9/data/containers] WARN  fs.CachingGetSpaceUsed (CachingGetSpaceUsed.java:run(183)) - Thread Interrupted waiting to refresh disk information: sleep interrupted
2019-11-17 11:14:35,090 [refreshUsed-/workdir/hadoop-ozone/integration-test/target/test-dir/MiniOzoneClusterImpl-d61a8e55-6b1b-4302-a8ca-331e331e4b67/datanode-0/data/containers] WARN  fs.CachingGetSpaceUsed (CachingGetSpaceUsed.java:run(183)) - Thread Interrupted waiting to refresh disk information: sleep interrupted
2019-11-17 11:14:35,105 [main] INFO  utils.BackgroundService (BackgroundService.java:shutdown(151)) - Shutting down service BlockDeletingService
2019-11-17 11:14:35,105 [ForkJoinPool.commonPool-worker-0] INFO  utils.BackgroundService (BackgroundService.java:shutdown(151)) - Shutting down service BlockDeletingService
2019-11-17 11:14:35,107 [ForkJoinPool.commonPool-worker-0] INFO  statemachine.DatanodeStateMachine (DatanodeStateMachine.java:stopDaemon(400)) - Ozone container server stopped.
2019-11-17 11:14:35,107 [main] INFO  statemachine.DatanodeStateMachine (DatanodeStateMachine.java:stopDaemon(400)) - Ozone container server stopped.
2019-11-17 11:14:35,116 [ForkJoinPool.commonPool-worker-0] INFO  handler.ContextHandler (ContextHandler.java:doStop(910)) - Stopped o.e.j.w.WebAppContext@79195c22{/,null,UNAVAILABLE}{/hddsDatanode}
2019-11-17 11:14:35,116 [main] INFO  handler.ContextHandler (ContextHandler.java:doStop(910)) - Stopped o.e.j.w.WebAppContext@7f6b7426{/,null,UNAVAILABLE}{/hddsDatanode}
2019-11-17 11:14:35,117 [ForkJoinPool.commonPool-worker-0] INFO  server.AbstractConnector (AbstractConnector.java:doStop(318)) - Stopped ServerConnector@c9b5a99{HTTP/1.1,[http/1.1]}{0.0.0.0:0}
2019-11-17 11:14:35,117 [main] INFO  server.AbstractConnector (AbstractConnector.java:doStop(318)) - Stopped ServerConnector@687eb455{HTTP/1.1,[http/1.1]}{0.0.0.0:0}
2019-11-17 11:14:35,118 [ForkJoinPool.commonPool-worker-0] INFO  handler.ContextHandler (ContextHandler.java:doStop(910)) - Stopped o.e.j.s.ServletContextHandler@4fb57fb3{/static,jar:file:/home/user/.m2/repository/org/apache/hadoop/hadoop-hdds-container-service/0.5.0-SNAPSHOT/hadoop-hdds-container-service-0.5.0-SNAPSHOT.jar!/webapps/static,UNAVAILABLE}
2019-11-17 11:14:35,118 [main] INFO  handler.ContextHandler (ContextHandler.java:doStop(910)) - Stopped o.e.j.s.ServletContextHandler@54895681{/static,jar:file:/home/user/.m2/repository/org/apache/hadoop/hadoop-hdds-container-service/0.5.0-SNAPSHOT/hadoop-hdds-container-service-0.5.0-SNAPSHOT.jar!/webapps/static,UNAVAILABLE}
2019-11-17 11:14:35,119 [ForkJoinPool.commonPool-worker-0] INFO  handler.ContextHandler (ContextHandler.java:doStop(910)) - Stopped o.e.j.s.ServletContextHandler@336f49a1{/logs,file:///workdir/hadoop-ozone/integration-test/target/log,UNAVAILABLE}
2019-11-17 11:14:35,119 [main] INFO  handler.ContextHandler (ContextHandler.java:doStop(910)) - Stopped o.e.j.s.ServletContextHandler@3af236d0{/logs,file:///workdir/hadoop-ozone/integration-test/target/log,UNAVAILABLE}
2019-11-17 11:14:35,373 [Datanode State Machine Thread - 0] INFO  statemachine.DatanodeStateMachine (DatanodeStateMachine.java:lambda$startDaemon$0(355)) - Ozone container server started.
2019-11-17 11:14:35,525 [grpc-default-executor-6] WARN  server.GrpcLogAppender (LogUtils.java:warn(134)) - 357d2873-2248-48d2-9bf7-23aadc7fc5db@group-33B9927584DA->d0563571-d5f5-405e-9b61-87c552fd142f-AppendLogResponseHandler: Failed appendEntries: org.apache.ratis.thirdparty.io.grpc.StatusRuntimeException: UNAVAILABLE: io exception
2019-11-17 11:14:35,525 [grpc-default-executor-6] INFO  impl.FollowerInfo (FollowerInfo.java:lambda$new$0(51)) - 357d2873-2248-48d2-9bf7-23aadc7fc5db@group-33B9927584DA->d0563571-d5f5-405e-9b61-87c552fd142f: nextIndex: updateUnconditionally 0 -> 0
2019-11-17 11:14:35,553 [grpc-default-executor-8] WARN  server.GrpcLogAppender (LogUtils.java:warn(134)) - 357d2873-2248-48d2-9bf7-23aadc7fc5db@group-33B9927584DA->f9de5302-5741-429b-9e37-55cacebd1d46-AppendLogResponseHandler: Failed appendEntries: org.apache.ratis.thirdparty.io.grpc.StatusRuntimeException: UNAVAILABLE: io exception
2019-11-17 11:14:35,553 [grpc-default-executor-8] INFO  impl.FollowerInfo (FollowerInfo.java:lambda$new$0(51)) - 357d2873-2248-48d2-9bf7-23aadc7fc5db@group-33B9927584DA->f9de5302-5741-429b-9e37-55cacebd1d46: nextIndex: updateUnconditionally 0 -> 0
2019-11-17 11:14:36,025 [grpc-default-executor-9] WARN  server.GrpcLogAppender (LogUtils.java:warn(134)) - 357d2873-2248-48d2-9bf7-23aadc7fc5db@group-33B9927584DA->d0563571-d5f5-405e-9b61-87c552fd142f-AppendLogResponseHandler: Failed appendEntries: org.apache.ratis.thirdparty.io.grpc.StatusRuntimeException: UNAVAILABLE: io exception
2019-11-17 11:14:36,026 [grpc-default-executor-9] INFO  impl.FollowerInfo (FollowerInfo.java:lambda$new$0(51)) - 357d2873-2248-48d2-9bf7-23aadc7fc5db@group-33B9927584DA->d0563571-d5f5-405e-9b61-87c552fd142f: nextIndex: updateUnconditionally 0 -> 0
2019-11-17 11:14:36,053 [grpc-default-executor-6] WARN  server.GrpcLogAppender (LogUtils.java:warn(134)) - 357d2873-2248-48d2-9bf7-23aadc7fc5db@group-33B9927584DA->f9de5302-5741-429b-9e37-55cacebd1d46-AppendLogResponseHandler: Failed appendEntries: org.apache.ratis.thirdparty.io.grpc.StatusRuntimeException: UNAVAILABLE: io exception
2019-11-17 11:14:36,054 [grpc-default-executor-6] INFO  impl.FollowerInfo (FollowerInfo.java:lambda$new$0(51)) - 357d2873-2248-48d2-9bf7-23aadc7fc5db@group-33B9927584DA->f9de5302-5741-429b-9e37-55cacebd1d46: nextIndex: updateUnconditionally 0 -> 0
2019-11-17 11:14:36,082 [Datanode State Machine Thread - 0] INFO  statemachine.DatanodeStateMachine (DatanodeStateMachine.java:lambda$startDaemon$0(355)) - Ozone container server started.
2019-11-17 11:14:36,526 [grpc-default-executor-6] WARN  server.GrpcLogAppender (LogUtils.java:warn(134)) - 357d2873-2248-48d2-9bf7-23aadc7fc5db@group-33B9927584DA->d0563571-d5f5-405e-9b61-87c552fd142f-AppendLogResponseHandler: Failed appendEntries: org.apache.ratis.thirdparty.io.grpc.StatusRuntimeException: UNAVAILABLE: io exception
2019-11-17 11:14:36,526 [grpc-default-executor-6] INFO  impl.FollowerInfo (FollowerInfo.java:lambda$new$0(51)) - 357d2873-2248-48d2-9bf7-23aadc7fc5db@group-33B9927584DA->d0563571-d5f5-405e-9b61-87c552fd142f: nextIndex: updateUnconditionally 0 -> 0
2019-11-17 11:14:36,554 [grpc-default-executor-6] WARN  server.GrpcLogAppender (LogUtils.java:warn(134)) - 357d2873-2248-48d2-9bf7-23aadc7fc5db@group-33B9927584DA->f9de5302-5741-429b-9e37-55cacebd1d46-AppendLogResponseHandler: Failed appendEntries: org.apache.ratis.thirdparty.io.grpc.StatusRuntimeException: UNAVAILABLE: io exception
2019-11-17 11:14:36,554 [grpc-default-executor-6] INFO  impl.FollowerInfo (FollowerInfo.java:lambda$new$0(51)) - 357d2873-2248-48d2-9bf7-23aadc7fc5db@group-33B9927584DA->f9de5302-5741-429b-9e37-55cacebd1d46: nextIndex: updateUnconditionally 0 -> 0
2019-11-17 11:14:37,027 [grpc-default-executor-8] WARN  server.GrpcLogAppender (LogUtils.java:warn(134)) - 357d2873-2248-48d2-9bf7-23aadc7fc5db@group-33B9927584DA->d0563571-d5f5-405e-9b61-87c552fd142f-AppendLogResponseHandler: Failed appendEntries: org.apache.ratis.thirdparty.io.grpc.StatusRuntimeException: UNAVAILABLE: io exception
2019-11-17 11:14:37,027 [grpc-default-executor-8] INFO  impl.FollowerInfo (FollowerInfo.java:lambda$new$0(51)) - 357d2873-2248-48d2-9bf7-23aadc7fc5db@group-33B9927584DA->d0563571-d5f5-405e-9b61-87c552fd142f: nextIndex: updateUnconditionally 0 -> 0
2019-11-17 11:14:37,055 [grpc-default-executor-8] WARN  server.GrpcLogAppender (LogUtils.java:warn(134)) - 357d2873-2248-48d2-9bf7-23aadc7fc5db@group-33B9927584DA->f9de5302-5741-429b-9e37-55cacebd1d46-AppendLogResponseHandler: Failed appendEntries: org.apache.ratis.thirdparty.io.grpc.StatusRuntimeException: UNAVAILABLE: io exception
2019-11-17 11:14:37,056 [grpc-default-executor-8] INFO  impl.FollowerInfo (FollowerInfo.java:lambda$new$0(51)) - 357d2873-2248-48d2-9bf7-23aadc7fc5db@group-33B9927584DA->f9de5302-5741-429b-9e37-55cacebd1d46: nextIndex: updateUnconditionally 0 -> 0
2019-11-17 11:14:37,189 [Thread-4011] INFO  impl.FollowerState (FollowerState.java:run(111)) - eab723bb-0aff-418b-9bd7-1333118797a2@group-997951AD4E71-FollowerState: change to CANDIDATE, lastRpcTime:2176ms, electionTimeout:1161ms
2019-11-17 11:14:37,189 [Thread-4011] INFO  impl.RoleInfo (RoleInfo.java:shutdownFollowerState(121)) - eab723bb-0aff-418b-9bd7-1333118797a2: shutdown FollowerState
2019-11-17 11:14:37,189 [Thread-4011] INFO  impl.RaftServerImpl (RaftServerImpl.java:setRole(173)) - eab723bb-0aff-418b-9bd7-1333118797a2@group-997951AD4E71: changes role from  FOLLOWER to CANDIDATE at term 2 for changeToCandidate
2019-11-17 11:14:37,189 [Thread-4011] INFO  impl.RoleInfo (RoleInfo.java:updateAndGet(143)) - eab723bb-0aff-418b-9bd7-1333118797a2: start LeaderElection
2019-11-17 11:14:37,190 [eab723bb-0aff-418b-9bd7-1333118797a2@group-997951AD4E71-LeaderElection216] INFO  impl.RaftServerImpl (ServerState.java:setLeader(255)) - eab723bb-0aff-418b-9bd7-1333118797a2@group-997951AD4E71: change Leader from 3d268c2e-02d6-42d5-8f0a-acb046ab2083 to null at term 2 for initElection
2019-11-17 11:14:37,204 [eab723bb-0aff-418b-9bd7-1333118797a2@group-997951AD4E71-LeaderElection216] INFO  impl.LeaderElection (LeaderElection.java:askForVotes(178)) - eab723bb-0aff-418b-9bd7-1333118797a2@group-997951AD4E71-LeaderElection216: begin an election at term 3 for 0: [4c46855d-d979-4113-9d53-291bcfa92579:192.168.34.35:41089, 3d268c2e-02d6-42d5-8f0a-acb046ab2083:192.168.34.35:41075, eab723bb-0aff-418b-9bd7-1333118797a2:192.168.34.35:46301], old=null
2019-11-17 11:14:37,206 [eab723bb-0aff-418b-9bd7-1333118797a2@group-997951AD4E71-LeaderElection216] INFO  impl.LeaderElection (LogUtils.java:infoOrTrace(149)) - eab723bb-0aff-418b-9bd7-1333118797a2@group-997951AD4E71-LeaderElection216 got exception when requesting votes: {}
java.util.concurrent.ExecutionException: org.apache.ratis.thirdparty.io.grpc.StatusRuntimeException: UNAVAILABLE: io exception
	at java.util.concurrent.FutureTask.report(FutureTask.java:122)
	at java.util.concurrent.FutureTask.get(FutureTask.java:192)
	at org.apache.ratis.server.impl.LeaderElection.waitForResults(LeaderElection.java:259)
	at org.apache.ratis.server.impl.LeaderElection.askForVotes(LeaderElection.java:197)
	at org.apache.ratis.server.impl.LeaderElection.run(LeaderElection.java:133)
	at java.lang.Thread.run(Thread.java:748)
Caused by: org.apache.ratis.thirdparty.io.grpc.StatusRuntimeException: UNAVAILABLE: io exception
	at org.apache.ratis.thirdparty.io.grpc.stub.ClientCalls.toStatusRuntimeException(ClientCalls.java:233)
	at org.apache.ratis.thirdparty.io.grpc.stub.ClientCalls.getUnchecked(ClientCalls.java:214)
	at org.apache.ratis.thirdparty.io.grpc.stub.ClientCalls.blockingUnaryCall(ClientCalls.java:139)
	at org.apache.ratis.proto.grpc.RaftServerProtocolServiceGrpc$RaftServerProtocolServiceBlockingStub.requestVote(RaftServerProtocolServiceGrpc.java:265)
	at org.apache.ratis.grpc.server.GrpcServerProtocolClient.requestVote(GrpcServerProtocolClient.java:99)
	at org.apache.ratis.grpc.server.GrpcService.requestVote(GrpcService.java:204)
	at org.apache.ratis.server.impl.LeaderElection.lambda$submitRequests$1(LeaderElection.java:234)
	at java.util.concurrent.FutureTask.run(FutureTask.java:266)
	at java.util.concurrent.Executors$RunnableAdapter.call(Executors.java:511)
	at java.util.concurrent.FutureTask.run(FutureTask.java:266)
	at java.util.concurrent.ThreadPoolExecutor.runWorker(ThreadPoolExecutor.java:1149)
	at java.util.concurrent.ThreadPoolExecutor$Worker.run(ThreadPoolExecutor.java:624)
	... 1 more
Caused by: org.apache.ratis.thirdparty.io.netty.channel.AbstractChannel$AnnotatedConnectException: Connection refused: /192.168.34.35:41075
	at sun.nio.ch.SocketChannelImpl.checkConnect(Native Method)
	at sun.nio.ch.SocketChannelImpl.finishConnect(SocketChannelImpl.java:717)
	at org.apache.ratis.thirdparty.io.netty.channel.socket.nio.NioSocketChannel.doFinishConnect(NioSocketChannel.java:327)
	at org.apache.ratis.thirdparty.io.netty.channel.nio.AbstractNioChannel$AbstractNioUnsafe.finishConnect(AbstractNioChannel.java:340)
	at org.apache.ratis.thirdparty.io.netty.channel.nio.NioEventLoop.processSelectedKey(NioEventLoop.java:632)
	at org.apache.ratis.thirdparty.io.netty.channel.nio.NioEventLoop.processSelectedKeysOptimized(NioEventLoop.java:579)
	at org.apache.ratis.thirdparty.io.netty.channel.nio.NioEventLoop.processSelectedKeys(NioEventLoop.java:496)
	at org.apache.ratis.thirdparty.io.netty.channel.nio.NioEventLoop.run(NioEventLoop.java:458)
	at org.apache.ratis.thirdparty.io.netty.util.concurrent.SingleThreadEventExecutor$5.run(SingleThreadEventExecutor.java:897)
	at org.apache.ratis.thirdparty.io.netty.util.concurrent.FastThreadLocalRunnable.run(FastThreadLocalRunnable.java:30)
	... 1 more
Caused by: java.net.ConnectException: Connection refused
	... 11 more
2019-11-17 11:14:37,206 [eab723bb-0aff-418b-9bd7-1333118797a2@group-997951AD4E71-LeaderElection216] INFO  impl.LeaderElection (LogUtils.java:infoOrTrace(149)) - eab723bb-0aff-418b-9bd7-1333118797a2@group-997951AD4E71-LeaderElection216 got exception when requesting votes: {}
java.util.concurrent.ExecutionException: org.apache.ratis.thirdparty.io.grpc.StatusRuntimeException: UNAVAILABLE: io exception
	at java.util.concurrent.FutureTask.report(FutureTask.java:122)
	at java.util.concurrent.FutureTask.get(FutureTask.java:192)
	at org.apache.ratis.server.impl.LeaderElection.waitForResults(LeaderElection.java:259)
	at org.apache.ratis.server.impl.LeaderElection.askForVotes(LeaderElection.java:197)
	at org.apache.ratis.server.impl.LeaderElection.run(LeaderElection.java:133)
	at java.lang.Thread.run(Thread.java:748)
Caused by: org.apache.ratis.thirdparty.io.grpc.StatusRuntimeException: UNAVAILABLE: io exception
	at org.apache.ratis.thirdparty.io.grpc.stub.ClientCalls.toStatusRuntimeException(ClientCalls.java:233)
	at org.apache.ratis.thirdparty.io.grpc.stub.ClientCalls.getUnchecked(ClientCalls.java:214)
	at org.apache.ratis.thirdparty.io.grpc.stub.ClientCalls.blockingUnaryCall(ClientCalls.java:139)
	at org.apache.ratis.proto.grpc.RaftServerProtocolServiceGrpc$RaftServerProtocolServiceBlockingStub.requestVote(RaftServerProtocolServiceGrpc.java:265)
	at org.apache.ratis.grpc.server.GrpcServerProtocolClient.requestVote(GrpcServerProtocolClient.java:99)
	at org.apache.ratis.grpc.server.GrpcService.requestVote(GrpcService.java:204)
	at org.apache.ratis.server.impl.LeaderElection.lambda$submitRequests$1(LeaderElection.java:234)
	at java.util.concurrent.FutureTask.run(FutureTask.java:266)
	at java.util.concurrent.Executors$RunnableAdapter.call(Executors.java:511)
	at java.util.concurrent.FutureTask.run(FutureTask.java:266)
	at java.util.concurrent.ThreadPoolExecutor.runWorker(ThreadPoolExecutor.java:1149)
	at java.util.concurrent.ThreadPoolExecutor$Worker.run(ThreadPoolExecutor.java:624)
	... 1 more
Caused by: org.apache.ratis.thirdparty.io.netty.channel.AbstractChannel$AnnotatedConnectException: Connection refused: /192.168.34.35:41089
	at sun.nio.ch.SocketChannelImpl.checkConnect(Native Method)
	at sun.nio.ch.SocketChannelImpl.finishConnect(SocketChannelImpl.java:717)
	at org.apache.ratis.thirdparty.io.netty.channel.socket.nio.NioSocketChannel.doFinishConnect(NioSocketChannel.java:327)
	at org.apache.ratis.thirdparty.io.netty.channel.nio.AbstractNioChannel$AbstractNioUnsafe.finishConnect(AbstractNioChannel.java:340)
	at org.apache.ratis.thirdparty.io.netty.channel.nio.NioEventLoop.processSelectedKey(NioEventLoop.java:632)
	at org.apache.ratis.thirdparty.io.netty.channel.nio.NioEventLoop.processSelectedKeysOptimized(NioEventLoop.java:579)
	at org.apache.ratis.thirdparty.io.netty.channel.nio.NioEventLoop.processSelectedKeys(NioEventLoop.java:496)
	at org.apache.ratis.thirdparty.io.netty.channel.nio.NioEventLoop.run(NioEventLoop.java:458)
	at org.apache.ratis.thirdparty.io.netty.util.concurrent.SingleThreadEventExecutor$5.run(SingleThreadEventExecutor.java:897)
	at org.apache.ratis.thirdparty.io.netty.util.concurrent.FastThreadLocalRunnable.run(FastThreadLocalRunnable.java:30)
	... 1 more
Caused by: java.net.ConnectException: Connection refused
	... 11 more
2019-11-17 11:14:37,207 [eab723bb-0aff-418b-9bd7-1333118797a2@group-997951AD4E71-LeaderElection216] INFO  impl.LeaderElection (LeaderElection.java:logAndReturn(56)) - eab723bb-0aff-418b-9bd7-1333118797a2@group-997951AD4E71-LeaderElection216: Election REJECTED; received 0 response(s) [] and 2 exception(s); eab723bb-0aff-418b-9bd7-1333118797a2@group-997951AD4E71:t3, leader=null, voted=eab723bb-0aff-418b-9bd7-1333118797a2, raftlog=eab723bb-0aff-418b-9bd7-1333118797a2@group-997951AD4E71-SegmentedRaftLog:OPENED:c0,f0,i0, conf=0: [4c46855d-d979-4113-9d53-291bcfa92579:192.168.34.35:41089, 3d268c2e-02d6-42d5-8f0a-acb046ab2083:192.168.34.35:41075, eab723bb-0aff-418b-9bd7-1333118797a2:192.168.34.35:46301], old=null
2019-11-17 11:14:37,207 [eab723bb-0aff-418b-9bd7-1333118797a2@group-997951AD4E71-LeaderElection216] INFO  impl.LeaderElection (LogUtils.java:infoOrTrace(149)) -   Exception 0: {}
java.util.concurrent.ExecutionException: org.apache.ratis.thirdparty.io.grpc.StatusRuntimeException: UNAVAILABLE: io exception
	at java.util.concurrent.FutureTask.report(FutureTask.java:122)
	at java.util.concurrent.FutureTask.get(FutureTask.java:192)
	at org.apache.ratis.server.impl.LeaderElection.waitForResults(LeaderElection.java:259)
	at org.apache.ratis.server.impl.LeaderElection.askForVotes(LeaderElection.java:197)
	at org.apache.ratis.server.impl.LeaderElection.run(LeaderElection.java:133)
	at java.lang.Thread.run(Thread.java:748)
Caused by: org.apache.ratis.thirdparty.io.grpc.StatusRuntimeException: UNAVAILABLE: io exception
	at org.apache.ratis.thirdparty.io.grpc.stub.ClientCalls.toStatusRuntimeException(ClientCalls.java:233)
	at org.apache.ratis.thirdparty.io.grpc.stub.ClientCalls.getUnchecked(ClientCalls.java:214)
	at org.apache.ratis.thirdparty.io.grpc.stub.ClientCalls.blockingUnaryCall(ClientCalls.java:139)
	at org.apache.ratis.proto.grpc.RaftServerProtocolServiceGrpc$RaftServerProtocolServiceBlockingStub.requestVote(RaftServerProtocolServiceGrpc.java:265)
	at org.apache.ratis.grpc.server.GrpcServerProtocolClient.requestVote(GrpcServerProtocolClient.java:99)
	at org.apache.ratis.grpc.server.GrpcService.requestVote(GrpcService.java:204)
	at org.apache.ratis.server.impl.LeaderElection.lambda$submitRequests$1(LeaderElection.java:234)
	at java.util.concurrent.FutureTask.run(FutureTask.java:266)
	at java.util.concurrent.Executors$RunnableAdapter.call(Executors.java:511)
	at java.util.concurrent.FutureTask.run(FutureTask.java:266)
	at java.util.concurrent.ThreadPoolExecutor.runWorker(ThreadPoolExecutor.java:1149)
	at java.util.concurrent.ThreadPoolExecutor$Worker.run(ThreadPoolExecutor.java:624)
	... 1 more
Caused by: org.apache.ratis.thirdparty.io.netty.channel.AbstractChannel$AnnotatedConnectException: Connection refused: /192.168.34.35:41075
	at sun.nio.ch.SocketChannelImpl.checkConnect(Native Method)
	at sun.nio.ch.SocketChannelImpl.finishConnect(SocketChannelImpl.java:717)
	at org.apache.ratis.thirdparty.io.netty.channel.socket.nio.NioSocketChannel.doFinishConnect(NioSocketChannel.java:327)
	at org.apache.ratis.thirdparty.io.netty.channel.nio.AbstractNioChannel$AbstractNioUnsafe.finishConnect(AbstractNioChannel.java:340)
	at org.apache.ratis.thirdparty.io.netty.channel.nio.NioEventLoop.processSelectedKey(NioEventLoop.java:632)
	at org.apache.ratis.thirdparty.io.netty.channel.nio.NioEventLoop.processSelectedKeysOptimized(NioEventLoop.java:579)
	at org.apache.ratis.thirdparty.io.netty.channel.nio.NioEventLoop.processSelectedKeys(NioEventLoop.java:496)
	at org.apache.ratis.thirdparty.io.netty.channel.nio.NioEventLoop.run(NioEventLoop.java:458)
	at org.apache.ratis.thirdparty.io.netty.util.concurrent.SingleThreadEventExecutor$5.run(SingleThreadEventExecutor.java:897)
	at org.apache.ratis.thirdparty.io.netty.util.concurrent.FastThreadLocalRunnable.run(FastThreadLocalRunnable.java:30)
	... 1 more
Caused by: java.net.ConnectException: Connection refused
	... 11 more
2019-11-17 11:14:37,207 [eab723bb-0aff-418b-9bd7-1333118797a2@group-997951AD4E71-LeaderElection216] INFO  impl.LeaderElection (LogUtils.java:infoOrTrace(149)) -   Exception 1: {}
java.util.concurrent.ExecutionException: org.apache.ratis.thirdparty.io.grpc.StatusRuntimeException: UNAVAILABLE: io exception
	at java.util.concurrent.FutureTask.report(FutureTask.java:122)
	at java.util.concurrent.FutureTask.get(FutureTask.java:192)
	at org.apache.ratis.server.impl.LeaderElection.waitForResults(LeaderElection.java:259)
	at org.apache.ratis.server.impl.LeaderElection.askForVotes(LeaderElection.java:197)
	at org.apache.ratis.server.impl.LeaderElection.run(LeaderElection.java:133)
	at java.lang.Thread.run(Thread.java:748)
Caused by: org.apache.ratis.thirdparty.io.grpc.StatusRuntimeException: UNAVAILABLE: io exception
	at org.apache.ratis.thirdparty.io.grpc.stub.ClientCalls.toStatusRuntimeException(ClientCalls.java:233)
	at org.apache.ratis.thirdparty.io.grpc.stub.ClientCalls.getUnchecked(ClientCalls.java:214)
	at org.apache.ratis.thirdparty.io.grpc.stub.ClientCalls.blockingUnaryCall(ClientCalls.java:139)
	at org.apache.ratis.proto.grpc.RaftServerProtocolServiceGrpc$RaftServerProtocolServiceBlockingStub.requestVote(RaftServerProtocolServiceGrpc.java:265)
	at org.apache.ratis.grpc.server.GrpcServerProtocolClient.requestVote(GrpcServerProtocolClient.java:99)
	at org.apache.ratis.grpc.server.GrpcService.requestVote(GrpcService.java:204)
	at org.apache.ratis.server.impl.LeaderElection.lambda$submitRequests$1(LeaderElection.java:234)
	at java.util.concurrent.FutureTask.run(FutureTask.java:266)
	at java.util.concurrent.Executors$RunnableAdapter.call(Executors.java:511)
	at java.util.concurrent.FutureTask.run(FutureTask.java:266)
	at java.util.concurrent.ThreadPoolExecutor.runWorker(ThreadPoolExecutor.java:1149)
	at java.util.concurrent.ThreadPoolExecutor$Worker.run(ThreadPoolExecutor.java:624)
	... 1 more
Caused by: org.apache.ratis.thirdparty.io.netty.channel.AbstractChannel$AnnotatedConnectException: Connection refused: /192.168.34.35:41089
	at sun.nio.ch.SocketChannelImpl.checkConnect(Native Method)
	at sun.nio.ch.SocketChannelImpl.finishConnect(SocketChannelImpl.java:717)
	at org.apache.ratis.thirdparty.io.netty.channel.socket.nio.NioSocketChannel.doFinishConnect(NioSocketChannel.java:327)
	at org.apache.ratis.thirdparty.io.netty.channel.nio.AbstractNioChannel$AbstractNioUnsafe.finishConnect(AbstractNioChannel.java:340)
	at org.apache.ratis.thirdparty.io.netty.channel.nio.NioEventLoop.processSelectedKey(NioEventLoop.java:632)
	at org.apache.ratis.thirdparty.io.netty.channel.nio.NioEventLoop.processSelectedKeysOptimized(NioEventLoop.java:579)
	at org.apache.ratis.thirdparty.io.netty.channel.nio.NioEventLoop.processSelectedKeys(NioEventLoop.java:496)
	at org.apache.ratis.thirdparty.io.netty.channel.nio.NioEventLoop.run(NioEventLoop.java:458)
	at org.apache.ratis.thirdparty.io.netty.util.concurrent.SingleThreadEventExecutor$5.run(SingleThreadEventExecutor.java:897)
	at org.apache.ratis.thirdparty.io.netty.util.concurrent.FastThreadLocalRunnable.run(FastThreadLocalRunnable.java:30)
	... 1 more
Caused by: java.net.ConnectException: Connection refused
	... 11 more
2019-11-17 11:14:37,208 [eab723bb-0aff-418b-9bd7-1333118797a2@group-997951AD4E71-LeaderElection216] INFO  impl.RaftServerImpl (RaftServerImpl.java:setRole(173)) - eab723bb-0aff-418b-9bd7-1333118797a2@group-997951AD4E71: changes role from CANDIDATE to FOLLOWER at term 3 for DISCOVERED_A_NEW_TERM
2019-11-17 11:14:37,208 [eab723bb-0aff-418b-9bd7-1333118797a2@group-997951AD4E71-LeaderElection216] INFO  impl.RoleInfo (RoleInfo.java:shutdownLeaderElection(134)) - eab723bb-0aff-418b-9bd7-1333118797a2: shutdown LeaderElection
2019-11-17 11:14:37,208 [eab723bb-0aff-418b-9bd7-1333118797a2@group-997951AD4E71-LeaderElection216] INFO  impl.RoleInfo (RoleInfo.java:updateAndGet(143)) - eab723bb-0aff-418b-9bd7-1333118797a2: start FollowerState
2019-11-17 11:14:37,528 [grpc-default-executor-6] WARN  server.GrpcLogAppender (LogUtils.java:warn(134)) - 357d2873-2248-48d2-9bf7-23aadc7fc5db@group-33B9927584DA->d0563571-d5f5-405e-9b61-87c552fd142f-AppendLogResponseHandler: Failed appendEntries: org.apache.ratis.thirdparty.io.grpc.StatusRuntimeException: UNAVAILABLE: io exception
2019-11-17 11:14:37,528 [grpc-default-executor-6] INFO  impl.FollowerInfo (FollowerInfo.java:lambda$new$0(51)) - 357d2873-2248-48d2-9bf7-23aadc7fc5db@group-33B9927584DA->d0563571-d5f5-405e-9b61-87c552fd142f: nextIndex: updateUnconditionally 0 -> 0
2019-11-17 11:14:37,555 [grpc-default-executor-6] WARN  server.GrpcLogAppender (LogUtils.java:warn(134)) - 357d2873-2248-48d2-9bf7-23aadc7fc5db@group-33B9927584DA->f9de5302-5741-429b-9e37-55cacebd1d46-AppendLogResponseHandler: Failed appendEntries: org.apache.ratis.thirdparty.io.grpc.StatusRuntimeException: UNAVAILABLE: io exception
2019-11-17 11:14:37,555 [grpc-default-executor-6] INFO  impl.FollowerInfo (FollowerInfo.java:lambda$new$0(51)) - 357d2873-2248-48d2-9bf7-23aadc7fc5db@group-33B9927584DA->f9de5302-5741-429b-9e37-55cacebd1d46: nextIndex: updateUnconditionally 0 -> 0
2019-11-17 11:14:38,028 [grpc-default-executor-9] WARN  server.GrpcLogAppender (LogUtils.java:warn(134)) - 357d2873-2248-48d2-9bf7-23aadc7fc5db@group-33B9927584DA->d0563571-d5f5-405e-9b61-87c552fd142f-AppendLogResponseHandler: Failed appendEntries: org.apache.ratis.thirdparty.io.grpc.StatusRuntimeException: UNAVAILABLE: io exception
2019-11-17 11:14:38,028 [grpc-default-executor-9] INFO  impl.FollowerInfo (FollowerInfo.java:lambda$new$0(51)) - 357d2873-2248-48d2-9bf7-23aadc7fc5db@group-33B9927584DA->d0563571-d5f5-405e-9b61-87c552fd142f: nextIndex: updateUnconditionally 0 -> 0
2019-11-17 11:14:38,055 [grpc-default-executor-6] WARN  server.GrpcLogAppender (LogUtils.java:warn(134)) - 357d2873-2248-48d2-9bf7-23aadc7fc5db@group-33B9927584DA->f9de5302-5741-429b-9e37-55cacebd1d46-AppendLogResponseHandler: Failed appendEntries: org.apache.ratis.thirdparty.io.grpc.StatusRuntimeException: UNAVAILABLE: io exception
2019-11-17 11:14:38,056 [grpc-default-executor-6] INFO  impl.FollowerInfo (FollowerInfo.java:lambda$new$0(51)) - 357d2873-2248-48d2-9bf7-23aadc7fc5db@group-33B9927584DA->f9de5302-5741-429b-9e37-55cacebd1d46: nextIndex: updateUnconditionally 0 -> 0
2019-11-17 11:14:38,294 [Thread-4148] INFO  impl.FollowerState (FollowerState.java:run(111)) - eab723bb-0aff-418b-9bd7-1333118797a2@group-997951AD4E71-FollowerState: change to CANDIDATE, lastRpcTime:1086ms, electionTimeout:1086ms
2019-11-17 11:14:38,295 [Thread-4148] INFO  impl.RoleInfo (RoleInfo.java:shutdownFollowerState(121)) - eab723bb-0aff-418b-9bd7-1333118797a2: shutdown FollowerState
2019-11-17 11:14:38,295 [Thread-4148] INFO  impl.RaftServerImpl (RaftServerImpl.java:setRole(173)) - eab723bb-0aff-418b-9bd7-1333118797a2@group-997951AD4E71: changes role from  FOLLOWER to CANDIDATE at term 3 for changeToCandidate
2019-11-17 11:14:38,295 [Thread-4148] INFO  impl.RoleInfo (RoleInfo.java:updateAndGet(143)) - eab723bb-0aff-418b-9bd7-1333118797a2: start LeaderElection
2019-11-17 11:14:38,309 [eab723bb-0aff-418b-9bd7-1333118797a2@group-997951AD4E71-LeaderElection217] INFO  impl.LeaderElection (LeaderElection.java:askForVotes(178)) - eab723bb-0aff-418b-9bd7-1333118797a2@group-997951AD4E71-LeaderElection217: begin an election at term 4 for 0: [4c46855d-d979-4113-9d53-291bcfa92579:192.168.34.35:41089, 3d268c2e-02d6-42d5-8f0a-acb046ab2083:192.168.34.35:41075, eab723bb-0aff-418b-9bd7-1333118797a2:192.168.34.35:46301], old=null
2019-11-17 11:14:38,310 [eab723bb-0aff-418b-9bd7-1333118797a2@group-997951AD4E71-LeaderElection217] INFO  impl.LeaderElection (LogUtils.java:infoOrTrace(149)) - eab723bb-0aff-418b-9bd7-1333118797a2@group-997951AD4E71-LeaderElection217 got exception when requesting votes: {}
java.util.concurrent.ExecutionException: org.apache.ratis.thirdparty.io.grpc.StatusRuntimeException: UNAVAILABLE: io exception
	at java.util.concurrent.FutureTask.report(FutureTask.java:122)
	at java.util.concurrent.FutureTask.get(FutureTask.java:192)
	at org.apache.ratis.server.impl.LeaderElection.waitForResults(LeaderElection.java:259)
	at org.apache.ratis.server.impl.LeaderElection.askForVotes(LeaderElection.java:197)
	at org.apache.ratis.server.impl.LeaderElection.run(LeaderElection.java:133)
	at java.lang.Thread.run(Thread.java:748)
Caused by: org.apache.ratis.thirdparty.io.grpc.StatusRuntimeException: UNAVAILABLE: io exception
	at org.apache.ratis.thirdparty.io.grpc.stub.ClientCalls.toStatusRuntimeException(ClientCalls.java:233)
	at org.apache.ratis.thirdparty.io.grpc.stub.ClientCalls.getUnchecked(ClientCalls.java:214)
	at org.apache.ratis.thirdparty.io.grpc.stub.ClientCalls.blockingUnaryCall(ClientCalls.java:139)
	at org.apache.ratis.proto.grpc.RaftServerProtocolServiceGrpc$RaftServerProtocolServiceBlockingStub.requestVote(RaftServerProtocolServiceGrpc.java:265)
	at org.apache.ratis.grpc.server.GrpcServerProtocolClient.requestVote(GrpcServerProtocolClient.java:99)
	at org.apache.ratis.grpc.server.GrpcService.requestVote(GrpcService.java:204)
	at org.apache.ratis.server.impl.LeaderElection.lambda$submitRequests$1(LeaderElection.java:234)
	at java.util.concurrent.FutureTask.run(FutureTask.java:266)
	at java.util.concurrent.Executors$RunnableAdapter.call(Executors.java:511)
	at java.util.concurrent.FutureTask.run(FutureTask.java:266)
	at java.util.concurrent.ThreadPoolExecutor.runWorker(ThreadPoolExecutor.java:1149)
	at java.util.concurrent.ThreadPoolExecutor$Worker.run(ThreadPoolExecutor.java:624)
	... 1 more
Caused by: org.apache.ratis.thirdparty.io.netty.channel.AbstractChannel$AnnotatedConnectException: Connection refused: /192.168.34.35:41089
	at sun.nio.ch.SocketChannelImpl.checkConnect(Native Method)
	at sun.nio.ch.SocketChannelImpl.finishConnect(SocketChannelImpl.java:717)
	at org.apache.ratis.thirdparty.io.netty.channel.socket.nio.NioSocketChannel.doFinishConnect(NioSocketChannel.java:327)
	at org.apache.ratis.thirdparty.io.netty.channel.nio.AbstractNioChannel$AbstractNioUnsafe.finishConnect(AbstractNioChannel.java:340)
	at org.apache.ratis.thirdparty.io.netty.channel.nio.NioEventLoop.processSelectedKey(NioEventLoop.java:632)
	at org.apache.ratis.thirdparty.io.netty.channel.nio.NioEventLoop.processSelectedKeysOptimized(NioEventLoop.java:579)
	at org.apache.ratis.thirdparty.io.netty.channel.nio.NioEventLoop.processSelectedKeys(NioEventLoop.java:496)
	at org.apache.ratis.thirdparty.io.netty.channel.nio.NioEventLoop.run(NioEventLoop.java:458)
	at org.apache.ratis.thirdparty.io.netty.util.concurrent.SingleThreadEventExecutor$5.run(SingleThreadEventExecutor.java:897)
	at org.apache.ratis.thirdparty.io.netty.util.concurrent.FastThreadLocalRunnable.run(FastThreadLocalRunnable.java:30)
	... 1 more
Caused by: java.net.ConnectException: Connection refused
	... 11 more
2019-11-17 11:14:38,310 [eab723bb-0aff-418b-9bd7-1333118797a2@group-997951AD4E71-LeaderElection217] INFO  impl.LeaderElection (LogUtils.java:infoOrTrace(149)) - eab723bb-0aff-418b-9bd7-1333118797a2@group-997951AD4E71-LeaderElection217 got exception when requesting votes: {}
java.util.concurrent.ExecutionException: org.apache.ratis.thirdparty.io.grpc.StatusRuntimeException: UNAVAILABLE: io exception
	at java.util.concurrent.FutureTask.report(FutureTask.java:122)
	at java.util.concurrent.FutureTask.get(FutureTask.java:192)
	at org.apache.ratis.server.impl.LeaderElection.waitForResults(LeaderElection.java:259)
	at org.apache.ratis.server.impl.LeaderElection.askForVotes(LeaderElection.java:197)
	at org.apache.ratis.server.impl.LeaderElection.run(LeaderElection.java:133)
	at java.lang.Thread.run(Thread.java:748)
Caused by: org.apache.ratis.thirdparty.io.grpc.StatusRuntimeException: UNAVAILABLE: io exception
	at org.apache.ratis.thirdparty.io.grpc.stub.ClientCalls.toStatusRuntimeException(ClientCalls.java:233)
	at org.apache.ratis.thirdparty.io.grpc.stub.ClientCalls.getUnchecked(ClientCalls.java:214)
	at org.apache.ratis.thirdparty.io.grpc.stub.ClientCalls.blockingUnaryCall(ClientCalls.java:139)
	at org.apache.ratis.proto.grpc.RaftServerProtocolServiceGrpc$RaftServerProtocolServiceBlockingStub.requestVote(RaftServerProtocolServiceGrpc.java:265)
	at org.apache.ratis.grpc.server.GrpcServerProtocolClient.requestVote(GrpcServerProtocolClient.java:99)
	at org.apache.ratis.grpc.server.GrpcService.requestVote(GrpcService.java:204)
	at org.apache.ratis.server.impl.LeaderElection.lambda$submitRequests$1(LeaderElection.java:234)
	at java.util.concurrent.FutureTask.run(FutureTask.java:266)
	at java.util.concurrent.Executors$RunnableAdapter.call(Executors.java:511)
	at java.util.concurrent.FutureTask.run(FutureTask.java:266)
	at java.util.concurrent.ThreadPoolExecutor.runWorker(ThreadPoolExecutor.java:1149)
	at java.util.concurrent.ThreadPoolExecutor$Worker.run(ThreadPoolExecutor.java:624)
	... 1 more
Caused by: org.apache.ratis.thirdparty.io.netty.channel.AbstractChannel$AnnotatedConnectException: Connection refused: /192.168.34.35:41075
	at sun.nio.ch.SocketChannelImpl.checkConnect(Native Method)
	at sun.nio.ch.SocketChannelImpl.finishConnect(SocketChannelImpl.java:717)
	at org.apache.ratis.thirdparty.io.netty.channel.socket.nio.NioSocketChannel.doFinishConnect(NioSocketChannel.java:327)
	at org.apache.ratis.thirdparty.io.netty.channel.nio.AbstractNioChannel$AbstractNioUnsafe.finishConnect(AbstractNioChannel.java:340)
	at org.apache.ratis.thirdparty.io.netty.channel.nio.NioEventLoop.processSelectedKey(NioEventLoop.java:632)
	at org.apache.ratis.thirdparty.io.netty.channel.nio.NioEventLoop.processSelectedKeysOptimized(NioEventLoop.java:579)
	at org.apache.ratis.thirdparty.io.netty.channel.nio.NioEventLoop.processSelectedKeys(NioEventLoop.java:496)
	at org.apache.ratis.thirdparty.io.netty.channel.nio.NioEventLoop.run(NioEventLoop.java:458)
	at org.apache.ratis.thirdparty.io.netty.util.concurrent.SingleThreadEventExecutor$5.run(SingleThreadEventExecutor.java:897)
	at org.apache.ratis.thirdparty.io.netty.util.concurrent.FastThreadLocalRunnable.run(FastThreadLocalRunnable.java:30)
	... 1 more
Caused by: java.net.ConnectException: Connection refused
	... 11 more
2019-11-17 11:14:38,311 [eab723bb-0aff-418b-9bd7-1333118797a2@group-997951AD4E71-LeaderElection217] INFO  impl.LeaderElection (LeaderElection.java:logAndReturn(56)) - eab723bb-0aff-418b-9bd7-1333118797a2@group-997951AD4E71-LeaderElection217: Election REJECTED; received 0 response(s) [] and 2 exception(s); eab723bb-0aff-418b-9bd7-1333118797a2@group-997951AD4E71:t4, leader=null, voted=eab723bb-0aff-418b-9bd7-1333118797a2, raftlog=eab723bb-0aff-418b-9bd7-1333118797a2@group-997951AD4E71-SegmentedRaftLog:OPENED:c0,f0,i0, conf=0: [4c46855d-d979-4113-9d53-291bcfa92579:192.168.34.35:41089, 3d268c2e-02d6-42d5-8f0a-acb046ab2083:192.168.34.35:41075, eab723bb-0aff-418b-9bd7-1333118797a2:192.168.34.35:46301], old=null
2019-11-17 11:14:38,311 [eab723bb-0aff-418b-9bd7-1333118797a2@group-997951AD4E71-LeaderElection217] INFO  impl.LeaderElection (LogUtils.java:infoOrTrace(149)) -   Exception 0: {}
java.util.concurrent.ExecutionException: org.apache.ratis.thirdparty.io.grpc.StatusRuntimeException: UNAVAILABLE: io exception
	at java.util.concurrent.FutureTask.report(FutureTask.java:122)
	at java.util.concurrent.FutureTask.get(FutureTask.java:192)
	at org.apache.ratis.server.impl.LeaderElection.waitForResults(LeaderElection.java:259)
	at org.apache.ratis.server.impl.LeaderElection.askForVotes(LeaderElection.java:197)
	at org.apache.ratis.server.impl.LeaderElection.run(LeaderElection.java:133)
	at java.lang.Thread.run(Thread.java:748)
Caused by: org.apache.ratis.thirdparty.io.grpc.StatusRuntimeException: UNAVAILABLE: io exception
	at org.apache.ratis.thirdparty.io.grpc.stub.ClientCalls.toStatusRuntimeException(ClientCalls.java:233)
	at org.apache.ratis.thirdparty.io.grpc.stub.ClientCalls.getUnchecked(ClientCalls.java:214)
	at org.apache.ratis.thirdparty.io.grpc.stub.ClientCalls.blockingUnaryCall(ClientCalls.java:139)
	at org.apache.ratis.proto.grpc.RaftServerProtocolServiceGrpc$RaftServerProtocolServiceBlockingStub.requestVote(RaftServerProtocolServiceGrpc.java:265)
	at org.apache.ratis.grpc.server.GrpcServerProtocolClient.requestVote(GrpcServerProtocolClient.java:99)
	at org.apache.ratis.grpc.server.GrpcService.requestVote(GrpcService.java:204)
	at org.apache.ratis.server.impl.LeaderElection.lambda$submitRequests$1(LeaderElection.java:234)
	at java.util.concurrent.FutureTask.run(FutureTask.java:266)
	at java.util.concurrent.Executors$RunnableAdapter.call(Executors.java:511)
	at java.util.concurrent.FutureTask.run(FutureTask.java:266)
	at java.util.concurrent.ThreadPoolExecutor.runWorker(ThreadPoolExecutor.java:1149)
	at java.util.concurrent.ThreadPoolExecutor$Worker.run(ThreadPoolExecutor.java:624)
	... 1 more
Caused by: org.apache.ratis.thirdparty.io.netty.channel.AbstractChannel$AnnotatedConnectException: Connection refused: /192.168.34.35:41089
	at sun.nio.ch.SocketChannelImpl.checkConnect(Native Method)
	at sun.nio.ch.SocketChannelImpl.finishConnect(SocketChannelImpl.java:717)
	at org.apache.ratis.thirdparty.io.netty.channel.socket.nio.NioSocketChannel.doFinishConnect(NioSocketChannel.java:327)
	at org.apache.ratis.thirdparty.io.netty.channel.nio.AbstractNioChannel$AbstractNioUnsafe.finishConnect(AbstractNioChannel.java:340)
	at org.apache.ratis.thirdparty.io.netty.channel.nio.NioEventLoop.processSelectedKey(NioEventLoop.java:632)
	at org.apache.ratis.thirdparty.io.netty.channel.nio.NioEventLoop.processSelectedKeysOptimized(NioEventLoop.java:579)
	at org.apache.ratis.thirdparty.io.netty.channel.nio.NioEventLoop.processSelectedKeys(NioEventLoop.java:496)
	at org.apache.ratis.thirdparty.io.netty.channel.nio.NioEventLoop.run(NioEventLoop.java:458)
	at org.apache.ratis.thirdparty.io.netty.util.concurrent.SingleThreadEventExecutor$5.run(SingleThreadEventExecutor.java:897)
	at org.apache.ratis.thirdparty.io.netty.util.concurrent.FastThreadLocalRunnable.run(FastThreadLocalRunnable.java:30)
	... 1 more
Caused by: java.net.ConnectException: Connection refused
	... 11 more
2019-11-17 11:14:38,312 [eab723bb-0aff-418b-9bd7-1333118797a2@group-997951AD4E71-LeaderElection217] INFO  impl.LeaderElection (LogUtils.java:infoOrTrace(149)) -   Exception 1: {}
java.util.concurrent.ExecutionException: org.apache.ratis.thirdparty.io.grpc.StatusRuntimeException: UNAVAILABLE: io exception
	at java.util.concurrent.FutureTask.report(FutureTask.java:122)
	at java.util.concurrent.FutureTask.get(FutureTask.java:192)
	at org.apache.ratis.server.impl.LeaderElection.waitForResults(LeaderElection.java:259)
	at org.apache.ratis.server.impl.LeaderElection.askForVotes(LeaderElection.java:197)
	at org.apache.ratis.server.impl.LeaderElection.run(LeaderElection.java:133)
	at java.lang.Thread.run(Thread.java:748)
Caused by: org.apache.ratis.thirdparty.io.grpc.StatusRuntimeException: UNAVAILABLE: io exception
	at org.apache.ratis.thirdparty.io.grpc.stub.ClientCalls.toStatusRuntimeException(ClientCalls.java:233)
	at org.apache.ratis.thirdparty.io.grpc.stub.ClientCalls.getUnchecked(ClientCalls.java:214)
	at org.apache.ratis.thirdparty.io.grpc.stub.ClientCalls.blockingUnaryCall(ClientCalls.java:139)
	at org.apache.ratis.proto.grpc.RaftServerProtocolServiceGrpc$RaftServerProtocolServiceBlockingStub.requestVote(RaftServerProtocolServiceGrpc.java:265)
	at org.apache.ratis.grpc.server.GrpcServerProtocolClient.requestVote(GrpcServerProtocolClient.java:99)
	at org.apache.ratis.grpc.server.GrpcService.requestVote(GrpcService.java:204)
	at org.apache.ratis.server.impl.LeaderElection.lambda$submitRequests$1(LeaderElection.java:234)
	at java.util.concurrent.FutureTask.run(FutureTask.java:266)
	at java.util.concurrent.Executors$RunnableAdapter.call(Executors.java:511)
	at java.util.concurrent.FutureTask.run(FutureTask.java:266)
	at java.util.concurrent.ThreadPoolExecutor.runWorker(ThreadPoolExecutor.java:1149)
	at java.util.concurrent.ThreadPoolExecutor$Worker.run(ThreadPoolExecutor.java:624)
	... 1 more
Caused by: org.apache.ratis.thirdparty.io.netty.channel.AbstractChannel$AnnotatedConnectException: Connection refused: /192.168.34.35:41075
	at sun.nio.ch.SocketChannelImpl.checkConnect(Native Method)
	at sun.nio.ch.SocketChannelImpl.finishConnect(SocketChannelImpl.java:717)
	at org.apache.ratis.thirdparty.io.netty.channel.socket.nio.NioSocketChannel.doFinishConnect(NioSocketChannel.java:327)
	at org.apache.ratis.thirdparty.io.netty.channel.nio.AbstractNioChannel$AbstractNioUnsafe.finishConnect(AbstractNioChannel.java:340)
	at org.apache.ratis.thirdparty.io.netty.channel.nio.NioEventLoop.processSelectedKey(NioEventLoop.java:632)
	at org.apache.ratis.thirdparty.io.netty.channel.nio.NioEventLoop.processSelectedKeysOptimized(NioEventLoop.java:579)
	at org.apache.ratis.thirdparty.io.netty.channel.nio.NioEventLoop.processSelectedKeys(NioEventLoop.java:496)
	at org.apache.ratis.thirdparty.io.netty.channel.nio.NioEventLoop.run(NioEventLoop.java:458)
	at org.apache.ratis.thirdparty.io.netty.util.concurrent.SingleThreadEventExecutor$5.run(SingleThreadEventExecutor.java:897)
	at org.apache.ratis.thirdparty.io.netty.util.concurrent.FastThreadLocalRunnable.run(FastThreadLocalRunnable.java:30)
	... 1 more
Caused by: java.net.ConnectException: Connection refused
	... 11 more
2019-11-17 11:14:38,312 [eab723bb-0aff-418b-9bd7-1333118797a2@group-997951AD4E71-LeaderElection217] INFO  impl.RaftServerImpl (RaftServerImpl.java:setRole(173)) - eab723bb-0aff-418b-9bd7-1333118797a2@group-997951AD4E71: changes role from CANDIDATE to FOLLOWER at term 4 for DISCOVERED_A_NEW_TERM
2019-11-17 11:14:38,312 [eab723bb-0aff-418b-9bd7-1333118797a2@group-997951AD4E71-LeaderElection217] INFO  impl.RoleInfo (RoleInfo.java:shutdownLeaderElection(134)) - eab723bb-0aff-418b-9bd7-1333118797a2: shutdown LeaderElection
2019-11-17 11:14:38,312 [eab723bb-0aff-418b-9bd7-1333118797a2@group-997951AD4E71-LeaderElection217] INFO  impl.RoleInfo (RoleInfo.java:updateAndGet(143)) - eab723bb-0aff-418b-9bd7-1333118797a2: start FollowerState
2019-11-17 11:14:38,528 [grpc-default-executor-8] WARN  server.GrpcLogAppender (LogUtils.java:warn(134)) - 357d2873-2248-48d2-9bf7-23aadc7fc5db@group-33B9927584DA->d0563571-d5f5-405e-9b61-87c552fd142f-AppendLogResponseHandler: Failed appendEntries: org.apache.ratis.thirdparty.io.grpc.StatusRuntimeException: UNAVAILABLE: io exception
2019-11-17 11:14:38,529 [grpc-default-executor-8] INFO  impl.FollowerInfo (FollowerInfo.java:lambda$new$0(51)) - 357d2873-2248-48d2-9bf7-23aadc7fc5db@group-33B9927584DA->d0563571-d5f5-405e-9b61-87c552fd142f: nextIndex: updateUnconditionally 0 -> 0
2019-11-17 11:14:38,556 [grpc-default-executor-8] WARN  server.GrpcLogAppender (LogUtils.java:warn(134)) - 357d2873-2248-48d2-9bf7-23aadc7fc5db@group-33B9927584DA->f9de5302-5741-429b-9e37-55cacebd1d46-AppendLogResponseHandler: Failed appendEntries: org.apache.ratis.thirdparty.io.grpc.StatusRuntimeException: UNAVAILABLE: io exception
2019-11-17 11:14:38,556 [grpc-default-executor-8] INFO  impl.FollowerInfo (FollowerInfo.java:lambda$new$0(51)) - 357d2873-2248-48d2-9bf7-23aadc7fc5db@group-33B9927584DA->f9de5302-5741-429b-9e37-55cacebd1d46: nextIndex: updateUnconditionally 0 -> 0
2019-11-17 11:14:39,029 [grpc-default-executor-8] WARN  server.GrpcLogAppender (LogUtils.java:warn(134)) - 357d2873-2248-48d2-9bf7-23aadc7fc5db@group-33B9927584DA->d0563571-d5f5-405e-9b61-87c552fd142f-AppendLogResponseHandler: Failed appendEntries: org.apache.ratis.thirdparty.io.grpc.StatusRuntimeException: UNAVAILABLE: io exception
2019-11-17 11:14:39,029 [grpc-default-executor-8] INFO  impl.FollowerInfo (FollowerInfo.java:lambda$new$0(51)) - 357d2873-2248-48d2-9bf7-23aadc7fc5db@group-33B9927584DA->d0563571-d5f5-405e-9b61-87c552fd142f: nextIndex: updateUnconditionally 0 -> 0
2019-11-17 11:14:39,057 [grpc-default-executor-8] WARN  server.GrpcLogAppender (LogUtils.java:warn(134)) - 357d2873-2248-48d2-9bf7-23aadc7fc5db@group-33B9927584DA->f9de5302-5741-429b-9e37-55cacebd1d46-AppendLogResponseHandler: Failed appendEntries: org.apache.ratis.thirdparty.io.grpc.StatusRuntimeException: UNAVAILABLE: io exception
2019-11-17 11:14:39,057 [grpc-default-executor-8] INFO  impl.FollowerInfo (FollowerInfo.java:lambda$new$0(51)) - 357d2873-2248-48d2-9bf7-23aadc7fc5db@group-33B9927584DA->f9de5302-5741-429b-9e37-55cacebd1d46: nextIndex: updateUnconditionally 0 -> 0
2019-11-17 11:14:39,491 [Thread-4152] INFO  impl.FollowerState (FollowerState.java:run(111)) - eab723bb-0aff-418b-9bd7-1333118797a2@group-997951AD4E71-FollowerState: change to CANDIDATE, lastRpcTime:1178ms, electionTimeout:1178ms
2019-11-17 11:14:39,491 [Thread-4152] INFO  impl.RoleInfo (RoleInfo.java:shutdownFollowerState(121)) - eab723bb-0aff-418b-9bd7-1333118797a2: shutdown FollowerState
2019-11-17 11:14:39,491 [Thread-4152] INFO  impl.RaftServerImpl (RaftServerImpl.java:setRole(173)) - eab723bb-0aff-418b-9bd7-1333118797a2@group-997951AD4E71: changes role from  FOLLOWER to CANDIDATE at term 4 for changeToCandidate
2019-11-17 11:14:39,492 [Thread-4152] INFO  impl.RoleInfo (RoleInfo.java:updateAndGet(143)) - eab723bb-0aff-418b-9bd7-1333118797a2: start LeaderElection
2019-11-17 11:14:39,506 [eab723bb-0aff-418b-9bd7-1333118797a2@group-997951AD4E71-LeaderElection218] INFO  impl.LeaderElection (LeaderElection.java:askForVotes(178)) - eab723bb-0aff-418b-9bd7-1333118797a2@group-997951AD4E71-LeaderElection218: begin an election at term 5 for 0: [4c46855d-d979-4113-9d53-291bcfa92579:192.168.34.35:41089, 3d268c2e-02d6-42d5-8f0a-acb046ab2083:192.168.34.35:41075, eab723bb-0aff-418b-9bd7-1333118797a2:192.168.34.35:46301], old=null
2019-11-17 11:14:39,508 [eab723bb-0aff-418b-9bd7-1333118797a2@group-997951AD4E71-LeaderElection218] INFO  impl.LeaderElection (LogUtils.java:infoOrTrace(149)) - eab723bb-0aff-418b-9bd7-1333118797a2@group-997951AD4E71-LeaderElection218 got exception when requesting votes: {}
java.util.concurrent.ExecutionException: org.apache.ratis.thirdparty.io.grpc.StatusRuntimeException: UNAVAILABLE: io exception
	at java.util.concurrent.FutureTask.report(FutureTask.java:122)
	at java.util.concurrent.FutureTask.get(FutureTask.java:192)
	at org.apache.ratis.server.impl.LeaderElection.waitForResults(LeaderElection.java:259)
	at org.apache.ratis.server.impl.LeaderElection.askForVotes(LeaderElection.java:197)
	at org.apache.ratis.server.impl.LeaderElection.run(LeaderElection.java:133)
	at java.lang.Thread.run(Thread.java:748)
Caused by: org.apache.ratis.thirdparty.io.grpc.StatusRuntimeException: UNAVAILABLE: io exception
	at org.apache.ratis.thirdparty.io.grpc.stub.ClientCalls.toStatusRuntimeException(ClientCalls.java:233)
	at org.apache.ratis.thirdparty.io.grpc.stub.ClientCalls.getUnchecked(ClientCalls.java:214)
	at org.apache.ratis.thirdparty.io.grpc.stub.ClientCalls.blockingUnaryCall(ClientCalls.java:139)
	at org.apache.ratis.proto.grpc.RaftServerProtocolServiceGrpc$RaftServerProtocolServiceBlockingStub.requestVote(RaftServerProtocolServiceGrpc.java:265)
	at org.apache.ratis.grpc.server.GrpcServerProtocolClient.requestVote(GrpcServerProtocolClient.java:99)
	at org.apache.ratis.grpc.server.GrpcService.requestVote(GrpcService.java:204)
	at org.apache.ratis.server.impl.LeaderElection.lambda$submitRequests$1(LeaderElection.java:234)
	at java.util.concurrent.FutureTask.run(FutureTask.java:266)
	at java.util.concurrent.Executors$RunnableAdapter.call(Executors.java:511)
	at java.util.concurrent.FutureTask.run(FutureTask.java:266)
	at java.util.concurrent.ThreadPoolExecutor.runWorker(ThreadPoolExecutor.java:1149)
	at java.util.concurrent.ThreadPoolExecutor$Worker.run(ThreadPoolExecutor.java:624)
	... 1 more
Caused by: org.apache.ratis.thirdparty.io.netty.channel.AbstractChannel$AnnotatedConnectException: Connection refused: /192.168.34.35:41089
	at sun.nio.ch.SocketChannelImpl.checkConnect(Native Method)
	at sun.nio.ch.SocketChannelImpl.finishConnect(SocketChannelImpl.java:717)
	at org.apache.ratis.thirdparty.io.netty.channel.socket.nio.NioSocketChannel.doFinishConnect(NioSocketChannel.java:327)
	at org.apache.ratis.thirdparty.io.netty.channel.nio.AbstractNioChannel$AbstractNioUnsafe.finishConnect(AbstractNioChannel.java:340)
	at org.apache.ratis.thirdparty.io.netty.channel.nio.NioEventLoop.processSelectedKey(NioEventLoop.java:632)
	at org.apache.ratis.thirdparty.io.netty.channel.nio.NioEventLoop.processSelectedKeysOptimized(NioEventLoop.java:579)
	at org.apache.ratis.thirdparty.io.netty.channel.nio.NioEventLoop.processSelectedKeys(NioEventLoop.java:496)
	at org.apache.ratis.thirdparty.io.netty.channel.nio.NioEventLoop.run(NioEventLoop.java:458)
	at org.apache.ratis.thirdparty.io.netty.util.concurrent.SingleThreadEventExecutor$5.run(SingleThreadEventExecutor.java:897)
	at org.apache.ratis.thirdparty.io.netty.util.concurrent.FastThreadLocalRunnable.run(FastThreadLocalRunnable.java:30)
	... 1 more
Caused by: java.net.ConnectException: Connection refused
	... 11 more
2019-11-17 11:14:39,508 [eab723bb-0aff-418b-9bd7-1333118797a2@group-997951AD4E71-LeaderElection218] INFO  impl.LeaderElection (LogUtils.java:infoOrTrace(149)) - eab723bb-0aff-418b-9bd7-1333118797a2@group-997951AD4E71-LeaderElection218 got exception when requesting votes: {}
java.util.concurrent.ExecutionException: org.apache.ratis.thirdparty.io.grpc.StatusRuntimeException: UNAVAILABLE: io exception
	at java.util.concurrent.FutureTask.report(FutureTask.java:122)
	at java.util.concurrent.FutureTask.get(FutureTask.java:192)
	at org.apache.ratis.server.impl.LeaderElection.waitForResults(LeaderElection.java:259)
	at org.apache.ratis.server.impl.LeaderElection.askForVotes(LeaderElection.java:197)
	at org.apache.ratis.server.impl.LeaderElection.run(LeaderElection.java:133)
	at java.lang.Thread.run(Thread.java:748)
Caused by: org.apache.ratis.thirdparty.io.grpc.StatusRuntimeException: UNAVAILABLE: io exception
	at org.apache.ratis.thirdparty.io.grpc.stub.ClientCalls.toStatusRuntimeException(ClientCalls.java:233)
	at org.apache.ratis.thirdparty.io.grpc.stub.ClientCalls.getUnchecked(ClientCalls.java:214)
	at org.apache.ratis.thirdparty.io.grpc.stub.ClientCalls.blockingUnaryCall(ClientCalls.java:139)
	at org.apache.ratis.proto.grpc.RaftServerProtocolServiceGrpc$RaftServerProtocolServiceBlockingStub.requestVote(RaftServerProtocolServiceGrpc.java:265)
	at org.apache.ratis.grpc.server.GrpcServerProtocolClient.requestVote(GrpcServerProtocolClient.java:99)
	at org.apache.ratis.grpc.server.GrpcService.requestVote(GrpcService.java:204)
	at org.apache.ratis.server.impl.LeaderElection.lambda$submitRequests$1(LeaderElection.java:234)
	at java.util.concurrent.FutureTask.run(FutureTask.java:266)
	at java.util.concurrent.Executors$RunnableAdapter.call(Executors.java:511)
	at java.util.concurrent.FutureTask.run(FutureTask.java:266)
	at java.util.concurrent.ThreadPoolExecutor.runWorker(ThreadPoolExecutor.java:1149)
	at java.util.concurrent.ThreadPoolExecutor$Worker.run(ThreadPoolExecutor.java:624)
	... 1 more
Caused by: org.apache.ratis.thirdparty.io.netty.channel.AbstractChannel$AnnotatedConnectException: Connection refused: /192.168.34.35:41075
	at sun.nio.ch.SocketChannelImpl.checkConnect(Native Method)
	at sun.nio.ch.SocketChannelImpl.finishConnect(SocketChannelImpl.java:717)
	at org.apache.ratis.thirdparty.io.netty.channel.socket.nio.NioSocketChannel.doFinishConnect(NioSocketChannel.java:327)
	at org.apache.ratis.thirdparty.io.netty.channel.nio.AbstractNioChannel$AbstractNioUnsafe.finishConnect(AbstractNioChannel.java:340)
	at org.apache.ratis.thirdparty.io.netty.channel.nio.NioEventLoop.processSelectedKey(NioEventLoop.java:632)
	at org.apache.ratis.thirdparty.io.netty.channel.nio.NioEventLoop.processSelectedKeysOptimized(NioEventLoop.java:579)
	at org.apache.ratis.thirdparty.io.netty.channel.nio.NioEventLoop.processSelectedKeys(NioEventLoop.java:496)
	at org.apache.ratis.thirdparty.io.netty.channel.nio.NioEventLoop.run(NioEventLoop.java:458)
	at org.apache.ratis.thirdparty.io.netty.util.concurrent.SingleThreadEventExecutor$5.run(SingleThreadEventExecutor.java:897)
	at org.apache.ratis.thirdparty.io.netty.util.concurrent.FastThreadLocalRunnable.run(FastThreadLocalRunnable.java:30)
	... 1 more
Caused by: java.net.ConnectException: Connection refused
	... 11 more
2019-11-17 11:14:39,509 [eab723bb-0aff-418b-9bd7-1333118797a2@group-997951AD4E71-LeaderElection218] INFO  impl.LeaderElection (LeaderElection.java:logAndReturn(56)) - eab723bb-0aff-418b-9bd7-1333118797a2@group-997951AD4E71-LeaderElection218: Election REJECTED; received 0 response(s) [] and 2 exception(s); eab723bb-0aff-418b-9bd7-1333118797a2@group-997951AD4E71:t5, leader=null, voted=eab723bb-0aff-418b-9bd7-1333118797a2, raftlog=eab723bb-0aff-418b-9bd7-1333118797a2@group-997951AD4E71-SegmentedRaftLog:OPENED:c0,f0,i0, conf=0: [4c46855d-d979-4113-9d53-291bcfa92579:192.168.34.35:41089, 3d268c2e-02d6-42d5-8f0a-acb046ab2083:192.168.34.35:41075, eab723bb-0aff-418b-9bd7-1333118797a2:192.168.34.35:46301], old=null
2019-11-17 11:14:39,509 [eab723bb-0aff-418b-9bd7-1333118797a2@group-997951AD4E71-LeaderElection218] INFO  impl.LeaderElection (LogUtils.java:infoOrTrace(149)) -   Exception 0: {}
java.util.concurrent.ExecutionException: org.apache.ratis.thirdparty.io.grpc.StatusRuntimeException: UNAVAILABLE: io exception
	at java.util.concurrent.FutureTask.report(FutureTask.java:122)
	at java.util.concurrent.FutureTask.get(FutureTask.java:192)
	at org.apache.ratis.server.impl.LeaderElection.waitForResults(LeaderElection.java:259)
	at org.apache.ratis.server.impl.LeaderElection.askForVotes(LeaderElection.java:197)
	at org.apache.ratis.server.impl.LeaderElection.run(LeaderElection.java:133)
	at java.lang.Thread.run(Thread.java:748)
Caused by: org.apache.ratis.thirdparty.io.grpc.StatusRuntimeException: UNAVAILABLE: io exception
	at org.apache.ratis.thirdparty.io.grpc.stub.ClientCalls.toStatusRuntimeException(ClientCalls.java:233)
	at org.apache.ratis.thirdparty.io.grpc.stub.ClientCalls.getUnchecked(ClientCalls.java:214)
	at org.apache.ratis.thirdparty.io.grpc.stub.ClientCalls.blockingUnaryCall(ClientCalls.java:139)
	at org.apache.ratis.proto.grpc.RaftServerProtocolServiceGrpc$RaftServerProtocolServiceBlockingStub.requestVote(RaftServerProtocolServiceGrpc.java:265)
	at org.apache.ratis.grpc.server.GrpcServerProtocolClient.requestVote(GrpcServerProtocolClient.java:99)
	at org.apache.ratis.grpc.server.GrpcService.requestVote(GrpcService.java:204)
	at org.apache.ratis.server.impl.LeaderElection.lambda$submitRequests$1(LeaderElection.java:234)
	at java.util.concurrent.FutureTask.run(FutureTask.java:266)
	at java.util.concurrent.Executors$RunnableAdapter.call(Executors.java:511)
	at java.util.concurrent.FutureTask.run(FutureTask.java:266)
	at java.util.concurrent.ThreadPoolExecutor.runWorker(ThreadPoolExecutor.java:1149)
	at java.util.concurrent.ThreadPoolExecutor$Worker.run(ThreadPoolExecutor.java:624)
	... 1 more
Caused by: org.apache.ratis.thirdparty.io.netty.channel.AbstractChannel$AnnotatedConnectException: Connection refused: /192.168.34.35:41089
	at sun.nio.ch.SocketChannelImpl.checkConnect(Native Method)
	at sun.nio.ch.SocketChannelImpl.finishConnect(SocketChannelImpl.java:717)
	at org.apache.ratis.thirdparty.io.netty.channel.socket.nio.NioSocketChannel.doFinishConnect(NioSocketChannel.java:327)
	at org.apache.ratis.thirdparty.io.netty.channel.nio.AbstractNioChannel$AbstractNioUnsafe.finishConnect(AbstractNioChannel.java:340)
	at org.apache.ratis.thirdparty.io.netty.channel.nio.NioEventLoop.processSelectedKey(NioEventLoop.java:632)
	at org.apache.ratis.thirdparty.io.netty.channel.nio.NioEventLoop.processSelectedKeysOptimized(NioEventLoop.java:579)
	at org.apache.ratis.thirdparty.io.netty.channel.nio.NioEventLoop.processSelectedKeys(NioEventLoop.java:496)
	at org.apache.ratis.thirdparty.io.netty.channel.nio.NioEventLoop.run(NioEventLoop.java:458)
	at org.apache.ratis.thirdparty.io.netty.util.concurrent.SingleThreadEventExecutor$5.run(SingleThreadEventExecutor.java:897)
	at org.apache.ratis.thirdparty.io.netty.util.concurrent.FastThreadLocalRunnable.run(FastThreadLocalRunnable.java:30)
	... 1 more
Caused by: java.net.ConnectException: Connection refused
	... 11 more
2019-11-17 11:14:39,510 [eab723bb-0aff-418b-9bd7-1333118797a2@group-997951AD4E71-LeaderElection218] INFO  impl.LeaderElection (LogUtils.java:infoOrTrace(149)) -   Exception 1: {}
java.util.concurrent.ExecutionException: org.apache.ratis.thirdparty.io.grpc.StatusRuntimeException: UNAVAILABLE: io exception
	at java.util.concurrent.FutureTask.report(FutureTask.java:122)
	at java.util.concurrent.FutureTask.get(FutureTask.java:192)
	at org.apache.ratis.server.impl.LeaderElection.waitForResults(LeaderElection.java:259)
	at org.apache.ratis.server.impl.LeaderElection.askForVotes(LeaderElection.java:197)
	at org.apache.ratis.server.impl.LeaderElection.run(LeaderElection.java:133)
	at java.lang.Thread.run(Thread.java:748)
Caused by: org.apache.ratis.thirdparty.io.grpc.StatusRuntimeException: UNAVAILABLE: io exception
	at org.apache.ratis.thirdparty.io.grpc.stub.ClientCalls.toStatusRuntimeException(ClientCalls.java:233)
	at org.apache.ratis.thirdparty.io.grpc.stub.ClientCalls.getUnchecked(ClientCalls.java:214)
	at org.apache.ratis.thirdparty.io.grpc.stub.ClientCalls.blockingUnaryCall(ClientCalls.java:139)
	at org.apache.ratis.proto.grpc.RaftServerProtocolServiceGrpc$RaftServerProtocolServiceBlockingStub.requestVote(RaftServerProtocolServiceGrpc.java:265)
	at org.apache.ratis.grpc.server.GrpcServerProtocolClient.requestVote(GrpcServerProtocolClient.java:99)
	at org.apache.ratis.grpc.server.GrpcService.requestVote(GrpcService.java:204)
	at org.apache.ratis.server.impl.LeaderElection.lambda$submitRequests$1(LeaderElection.java:234)
	at java.util.concurrent.FutureTask.run(FutureTask.java:266)
	at java.util.concurrent.Executors$RunnableAdapter.call(Executors.java:511)
	at java.util.concurrent.FutureTask.run(FutureTask.java:266)
	at java.util.concurrent.ThreadPoolExecutor.runWorker(ThreadPoolExecutor.java:1149)
	at java.util.concurrent.ThreadPoolExecutor$Worker.run(ThreadPoolExecutor.java:624)
	... 1 more
Caused by: org.apache.ratis.thirdparty.io.netty.channel.AbstractChannel$AnnotatedConnectException: Connection refused: /192.168.34.35:41075
	at sun.nio.ch.SocketChannelImpl.checkConnect(Native Method)
	at sun.nio.ch.SocketChannelImpl.finishConnect(SocketChannelImpl.java:717)
	at org.apache.ratis.thirdparty.io.netty.channel.socket.nio.NioSocketChannel.doFinishConnect(NioSocketChannel.java:327)
	at org.apache.ratis.thirdparty.io.netty.channel.nio.AbstractNioChannel$AbstractNioUnsafe.finishConnect(AbstractNioChannel.java:340)
	at org.apache.ratis.thirdparty.io.netty.channel.nio.NioEventLoop.processSelectedKey(NioEventLoop.java:632)
	at org.apache.ratis.thirdparty.io.netty.channel.nio.NioEventLoop.processSelectedKeysOptimized(NioEventLoop.java:579)
	at org.apache.ratis.thirdparty.io.netty.channel.nio.NioEventLoop.processSelectedKeys(NioEventLoop.java:496)
	at org.apache.ratis.thirdparty.io.netty.channel.nio.NioEventLoop.run(NioEventLoop.java:458)
	at org.apache.ratis.thirdparty.io.netty.util.concurrent.SingleThreadEventExecutor$5.run(SingleThreadEventExecutor.java:897)
	at org.apache.ratis.thirdparty.io.netty.util.concurrent.FastThreadLocalRunnable.run(FastThreadLocalRunnable.java:30)
	... 1 more
Caused by: java.net.ConnectException: Connection refused
	... 11 more
2019-11-17 11:14:39,510 [eab723bb-0aff-418b-9bd7-1333118797a2@group-997951AD4E71-LeaderElection218] INFO  impl.RaftServerImpl (RaftServerImpl.java:setRole(173)) - eab723bb-0aff-418b-9bd7-1333118797a2@group-997951AD4E71: changes role from CANDIDATE to FOLLOWER at term 5 for DISCOVERED_A_NEW_TERM
2019-11-17 11:14:39,510 [eab723bb-0aff-418b-9bd7-1333118797a2@group-997951AD4E71-LeaderElection218] INFO  impl.RoleInfo (RoleInfo.java:shutdownLeaderElection(134)) - eab723bb-0aff-418b-9bd7-1333118797a2: shutdown LeaderElection
2019-11-17 11:14:39,510 [eab723bb-0aff-418b-9bd7-1333118797a2@group-997951AD4E71-LeaderElection218] INFO  impl.RoleInfo (RoleInfo.java:updateAndGet(143)) - eab723bb-0aff-418b-9bd7-1333118797a2: start FollowerState
2019-11-17 11:14:39,530 [grpc-default-executor-8] WARN  server.GrpcLogAppender (LogUtils.java:warn(134)) - 357d2873-2248-48d2-9bf7-23aadc7fc5db@group-33B9927584DA->d0563571-d5f5-405e-9b61-87c552fd142f-AppendLogResponseHandler: Failed appendEntries: org.apache.ratis.thirdparty.io.grpc.StatusRuntimeException: UNAVAILABLE: io exception
2019-11-17 11:14:39,530 [grpc-default-executor-8] INFO  impl.FollowerInfo (FollowerInfo.java:lambda$new$0(51)) - 357d2873-2248-48d2-9bf7-23aadc7fc5db@group-33B9927584DA->d0563571-d5f5-405e-9b61-87c552fd142f: nextIndex: updateUnconditionally 0 -> 0
2019-11-17 11:14:39,557 [grpc-default-executor-9] WARN  server.GrpcLogAppender (LogUtils.java:warn(134)) - 357d2873-2248-48d2-9bf7-23aadc7fc5db@group-33B9927584DA->f9de5302-5741-429b-9e37-55cacebd1d46-AppendLogResponseHandler: Failed appendEntries: org.apache.ratis.thirdparty.io.grpc.StatusRuntimeException: UNAVAILABLE: io exception
2019-11-17 11:14:39,557 [grpc-default-executor-9] INFO  impl.FollowerInfo (FollowerInfo.java:lambda$new$0(51)) - 357d2873-2248-48d2-9bf7-23aadc7fc5db@group-33B9927584DA->f9de5302-5741-429b-9e37-55cacebd1d46: nextIndex: updateUnconditionally 0 -> 0
2019-11-17 11:14:40,033 [grpc-default-executor-6] WARN  server.GrpcLogAppender (LogUtils.java:warn(134)) - 357d2873-2248-48d2-9bf7-23aadc7fc5db@group-33B9927584DA->d0563571-d5f5-405e-9b61-87c552fd142f-AppendLogResponseHandler: Failed appendEntries: org.apache.ratis.thirdparty.io.grpc.StatusRuntimeException: UNAVAILABLE: io exception
2019-11-17 11:14:40,033 [grpc-default-executor-6] INFO  impl.FollowerInfo (FollowerInfo.java:lambda$new$0(51)) - 357d2873-2248-48d2-9bf7-23aadc7fc5db@group-33B9927584DA->d0563571-d5f5-405e-9b61-87c552fd142f: nextIndex: updateUnconditionally 0 -> 0
2019-11-17 11:14:40,057 [grpc-default-executor-8] WARN  server.GrpcLogAppender (LogUtils.java:warn(134)) - 357d2873-2248-48d2-9bf7-23aadc7fc5db@group-33B9927584DA->f9de5302-5741-429b-9e37-55cacebd1d46-AppendLogResponseHandler: Failed appendEntries: org.apache.ratis.thirdparty.io.grpc.StatusRuntimeException: UNAVAILABLE: io exception
2019-11-17 11:14:40,058 [grpc-default-executor-8] INFO  impl.FollowerInfo (FollowerInfo.java:lambda$new$0(51)) - 357d2873-2248-48d2-9bf7-23aadc7fc5db@group-33B9927584DA->f9de5302-5741-429b-9e37-55cacebd1d46: nextIndex: updateUnconditionally 0 -> 0
2019-11-17 11:14:40,121 [ForkJoinPool.commonPool-worker-0] INFO  ozoneimpl.OzoneContainer (OzoneContainer.java:stop(244)) - Attempting to stop container services.
2019-11-17 11:14:40,121 [main] INFO  ozoneimpl.OzoneContainer (OzoneContainer.java:stop(244)) - Attempting to stop container services.
2019-11-17 11:14:40,122 [ForkJoinPool.commonPool-worker-0] INFO  impl.RaftServerProxy (RaftServerProxy.java:lambda$close$4(314)) - eab723bb-0aff-418b-9bd7-1333118797a2: close
2019-11-17 11:14:40,122 [main] INFO  impl.RaftServerProxy (RaftServerProxy.java:lambda$close$4(314)) - 357d2873-2248-48d2-9bf7-23aadc7fc5db: close
2019-11-17 11:14:40,123 [ForkJoinPool.commonPool-worker-0] INFO  impl.RaftServerImpl (RaftServerImpl.java:lambda$shutdown$3(250)) - eab723bb-0aff-418b-9bd7-1333118797a2@group-0E36CBC99761: shutdown
2019-11-17 11:14:40,123 [main] INFO  impl.RaftServerImpl (RaftServerImpl.java:lambda$shutdown$3(250)) - 357d2873-2248-48d2-9bf7-23aadc7fc5db@group-33B9927584DA: shutdown
2019-11-17 11:14:40,123 [ForkJoinPool.commonPool-worker-0] INFO  util.JmxRegister (JmxRegister.java:unregister(73)) - Successfully un-registered JMX Bean with object name Ratis:service=RaftServer,group=group-0E36CBC99761,id=eab723bb-0aff-418b-9bd7-1333118797a2
2019-11-17 11:14:40,123 [main] INFO  util.JmxRegister (JmxRegister.java:unregister(73)) - Successfully un-registered JMX Bean with object name Ratis:service=RaftServer,group=group-33B9927584DA,id=357d2873-2248-48d2-9bf7-23aadc7fc5db
2019-11-17 11:14:40,124 [ForkJoinPool.commonPool-worker-0] INFO  impl.RoleInfo (RoleInfo.java:shutdownLeaderState(104)) - eab723bb-0aff-418b-9bd7-1333118797a2: shutdown LeaderState
2019-11-17 11:14:40,124 [main] INFO  impl.RoleInfo (RoleInfo.java:shutdownLeaderState(104)) - 357d2873-2248-48d2-9bf7-23aadc7fc5db: shutdown LeaderState
2019-11-17 11:14:40,124 [ForkJoinPool.commonPool-worker-0] INFO  impl.PendingRequests (PendingRequests.java:sendNotLeaderResponses(206)) - eab723bb-0aff-418b-9bd7-1333118797a2@group-0E36CBC99761-PendingRequests: sendNotLeaderResponses
2019-11-17 11:14:40,128 [org.apache.ratis.server.impl.LogAppender$AppenderDaemon$$Lambda$481/932503110@44a305df] WARN  server.GrpcLogAppender (GrpcLogAppender.java:mayWait(151)) - 357d2873-2248-48d2-9bf7-23aadc7fc5db@group-33B9927584DA->d0563571-d5f5-405e-9b61-87c552fd142f-GrpcLogAppender: Wait interrupted by java.lang.InterruptedException
2019-11-17 11:14:40,128 [org.apache.ratis.server.impl.LogAppender$AppenderDaemon$$Lambda$481/932503110@1a18b8f] WARN  server.GrpcLogAppender (GrpcLogAppender.java:mayWait(151)) - 357d2873-2248-48d2-9bf7-23aadc7fc5db@group-33B9927584DA->f9de5302-5741-429b-9e37-55cacebd1d46-GrpcLogAppender: Wait interrupted by java.lang.InterruptedException
2019-11-17 11:14:40,128 [main] INFO  impl.PendingRequests (PendingRequests.java:sendNotLeaderResponses(206)) - 357d2873-2248-48d2-9bf7-23aadc7fc5db@group-33B9927584DA-PendingRequests: sendNotLeaderResponses
2019-11-17 11:14:40,128 [ForkJoinPool.commonPool-worker-0] INFO  impl.StateMachineUpdater (StateMachineUpdater.java:stopAndJoin(136)) - eab723bb-0aff-418b-9bd7-1333118797a2@group-0E36CBC99761-StateMachineUpdater: set stopIndex = 0
2019-11-17 11:14:40,129 [ForkJoinPool.commonPool-worker-0] INFO  impl.RaftServerImpl (ServerState.java:close(387)) - eab723bb-0aff-418b-9bd7-1333118797a2@group-0E36CBC99761: closes. applyIndex: 0
2019-11-17 11:14:40,128 [main] INFO  impl.StateMachineUpdater (StateMachineUpdater.java:stopAndJoin(136)) - 357d2873-2248-48d2-9bf7-23aadc7fc5db@group-33B9927584DA-StateMachineUpdater: set stopIndex = 0
2019-11-17 11:14:40,129 [eab723bb-0aff-418b-9bd7-1333118797a2@group-0E36CBC99761-SegmentedRaftLogWorker] INFO  segmented.SegmentedRaftLogWorker (SegmentedRaftLogWorker.java:run(316)) - eab723bb-0aff-418b-9bd7-1333118797a2@group-0E36CBC99761-SegmentedRaftLogWorker was interrupted, exiting. There are 0 tasks remaining in the queue.
2019-11-17 11:14:40,129 [main] INFO  impl.RaftServerImpl (ServerState.java:close(387)) - 357d2873-2248-48d2-9bf7-23aadc7fc5db@group-33B9927584DA: closes. applyIndex: 0
2019-11-17 11:14:40,129 [ForkJoinPool.commonPool-worker-0] INFO  segmented.SegmentedRaftLogWorker (SegmentedRaftLogWorker.java:close(224)) - eab723bb-0aff-418b-9bd7-1333118797a2@group-0E36CBC99761-SegmentedRaftLogWorker close()
2019-11-17 11:14:40,130 [357d2873-2248-48d2-9bf7-23aadc7fc5db@group-33B9927584DA-SegmentedRaftLogWorker] INFO  segmented.SegmentedRaftLogWorker (SegmentedRaftLogWorker.java:run(316)) - 357d2873-2248-48d2-9bf7-23aadc7fc5db@group-33B9927584DA-SegmentedRaftLogWorker was interrupted, exiting. There are 0 tasks remaining in the queue.
2019-11-17 11:14:40,130 [ForkJoinPool.commonPool-worker-0] INFO  impl.RaftServerImpl (RaftServerImpl.java:lambda$shutdown$3(250)) - eab723bb-0aff-418b-9bd7-1333118797a2@group-997951AD4E71: shutdown
2019-11-17 11:14:40,130 [main] INFO  segmented.SegmentedRaftLogWorker (SegmentedRaftLogWorker.java:close(224)) - 357d2873-2248-48d2-9bf7-23aadc7fc5db@group-33B9927584DA-SegmentedRaftLogWorker close()
2019-11-17 11:14:40,130 [ForkJoinPool.commonPool-worker-0] INFO  util.JmxRegister (JmxRegister.java:unregister(73)) - Successfully un-registered JMX Bean with object name Ratis:service=RaftServer,group=group-997951AD4E71,id=eab723bb-0aff-418b-9bd7-1333118797a2
2019-11-17 11:14:40,131 [ForkJoinPool.commonPool-worker-0] INFO  impl.RoleInfo (RoleInfo.java:shutdownFollowerState(121)) - eab723bb-0aff-418b-9bd7-1333118797a2: shutdown FollowerState
2019-11-17 11:14:40,131 [main] INFO  impl.RaftServerImpl (RaftServerImpl.java:lambda$shutdown$3(250)) - 357d2873-2248-48d2-9bf7-23aadc7fc5db@group-2D6C0C89D1AB: shutdown
2019-11-17 11:14:40,131 [Thread-4156] INFO  impl.FollowerState (FollowerState.java:run(120)) - eab723bb-0aff-418b-9bd7-1333118797a2@group-997951AD4E71-FollowerState was interrupted: java.lang.InterruptedException: sleep interrupted
2019-11-17 11:14:40,131 [ForkJoinPool.commonPool-worker-0] INFO  impl.StateMachineUpdater (StateMachineUpdater.java:stopAndJoin(136)) - eab723bb-0aff-418b-9bd7-1333118797a2@group-997951AD4E71-StateMachineUpdater: set stopIndex = 0
2019-11-17 11:14:40,131 [ForkJoinPool.commonPool-worker-0] INFO  impl.RaftServerImpl (ServerState.java:close(387)) - eab723bb-0aff-418b-9bd7-1333118797a2@group-997951AD4E71: closes. applyIndex: 0
2019-11-17 11:14:40,131 [main] INFO  util.JmxRegister (JmxRegister.java:unregister(73)) - Successfully un-registered JMX Bean with object name Ratis:service=RaftServer,group=group-2D6C0C89D1AB,id=357d2873-2248-48d2-9bf7-23aadc7fc5db
2019-11-17 11:14:40,132 [eab723bb-0aff-418b-9bd7-1333118797a2@group-997951AD4E71-SegmentedRaftLogWorker] INFO  segmented.SegmentedRaftLogWorker (SegmentedRaftLogWorker.java:run(316)) - eab723bb-0aff-418b-9bd7-1333118797a2@group-997951AD4E71-SegmentedRaftLogWorker was interrupted, exiting. There are 0 tasks remaining in the queue.
2019-11-17 11:14:40,132 [main] INFO  impl.RoleInfo (RoleInfo.java:shutdownLeaderState(104)) - 357d2873-2248-48d2-9bf7-23aadc7fc5db: shutdown LeaderState
2019-11-17 11:14:40,133 [main] INFO  impl.PendingRequests (PendingRequests.java:sendNotLeaderResponses(206)) - 357d2873-2248-48d2-9bf7-23aadc7fc5db@group-2D6C0C89D1AB-PendingRequests: sendNotLeaderResponses
2019-11-17 11:14:40,132 [ForkJoinPool.commonPool-worker-0] INFO  segmented.SegmentedRaftLogWorker (SegmentedRaftLogWorker.java:close(224)) - eab723bb-0aff-418b-9bd7-1333118797a2@group-997951AD4E71-SegmentedRaftLogWorker close()
2019-11-17 11:14:40,133 [main] INFO  impl.StateMachineUpdater (StateMachineUpdater.java:stopAndJoin(136)) - 357d2873-2248-48d2-9bf7-23aadc7fc5db@group-2D6C0C89D1AB-StateMachineUpdater: set stopIndex = 0
2019-11-17 11:14:40,134 [ForkJoinPool.commonPool-worker-0] INFO  server.GrpcService (GrpcService.java:closeImpl(164)) - eab723bb-0aff-418b-9bd7-1333118797a2: shutdown server with port 46301 now
2019-11-17 11:14:40,135 [main] INFO  impl.RaftServerImpl (ServerState.java:close(387)) - 357d2873-2248-48d2-9bf7-23aadc7fc5db@group-2D6C0C89D1AB: closes. applyIndex: 0
2019-11-17 11:14:40,135 [ForkJoinPool.commonPool-worker-0] INFO  server.GrpcService (GrpcService.java:closeImpl(172)) - eab723bb-0aff-418b-9bd7-1333118797a2: shutdown server with port 46301 successfully
2019-11-17 11:14:40,135 [357d2873-2248-48d2-9bf7-23aadc7fc5db@group-2D6C0C89D1AB-SegmentedRaftLogWorker] INFO  segmented.SegmentedRaftLogWorker (SegmentedRaftLogWorker.java:run(316)) - 357d2873-2248-48d2-9bf7-23aadc7fc5db@group-2D6C0C89D1AB-SegmentedRaftLogWorker was interrupted, exiting. There are 0 tasks remaining in the queue.
2019-11-17 11:14:40,136 [main] INFO  segmented.SegmentedRaftLogWorker (SegmentedRaftLogWorker.java:close(224)) - 357d2873-2248-48d2-9bf7-23aadc7fc5db@group-2D6C0C89D1AB-SegmentedRaftLogWorker close()
2019-11-17 11:14:40,136 [main] INFO  server.GrpcService (GrpcService.java:closeImpl(164)) - 357d2873-2248-48d2-9bf7-23aadc7fc5db: shutdown server with port 44629 now
2019-11-17 11:14:40,137 [main] INFO  server.GrpcService (GrpcService.java:closeImpl(172)) - 357d2873-2248-48d2-9bf7-23aadc7fc5db: shutdown server with port 44629 successfully
2019-11-17 11:14:40,139 [refreshUsed-/workdir/hadoop-ozone/integration-test/target/test-dir/MiniOzoneClusterImpl-d61a8e55-6b1b-4302-a8ca-331e331e4b67/datanode-7/data/containers] WARN  fs.CachingGetSpaceUsed (CachingGetSpaceUsed.java:run(183)) - Thread Interrupted waiting to refresh disk information: sleep interrupted
2019-11-17 11:14:40,141 [refreshUsed-/workdir/hadoop-ozone/integration-test/target/test-dir/MiniOzoneClusterImpl-d61a8e55-6b1b-4302-a8ca-331e331e4b67/datanode-1/data/containers] WARN  fs.CachingGetSpaceUsed (CachingGetSpaceUsed.java:run(183)) - Thread Interrupted waiting to refresh disk information: sleep interrupted
2019-11-17 11:14:40,161 [ForkJoinPool.commonPool-worker-0] INFO  utils.BackgroundService (BackgroundService.java:shutdown(151)) - Shutting down service BlockDeletingService
2019-11-17 11:14:40,161 [main] INFO  utils.BackgroundService (BackgroundService.java:shutdown(151)) - Shutting down service BlockDeletingService
2019-11-17 11:14:40,163 [main] INFO  statemachine.DatanodeStateMachine (DatanodeStateMachine.java:stopDaemon(400)) - Ozone container server stopped.
2019-11-17 11:14:40,163 [ForkJoinPool.commonPool-worker-0] INFO  statemachine.DatanodeStateMachine (DatanodeStateMachine.java:stopDaemon(400)) - Ozone container server stopped.
2019-11-17 11:14:40,166 [main] INFO  handler.ContextHandler (ContextHandler.java:doStop(910)) - Stopped o.e.j.w.WebAppContext@20216016{/,null,UNAVAILABLE}{/hddsDatanode}
2019-11-17 11:14:40,166 [ForkJoinPool.commonPool-worker-0] INFO  handler.ContextHandler (ContextHandler.java:doStop(910)) - Stopped o.e.j.w.WebAppContext@4409cae6{/,null,UNAVAILABLE}{/hddsDatanode}
2019-11-17 11:14:40,167 [ForkJoinPool.commonPool-worker-0] INFO  server.AbstractConnector (AbstractConnector.java:doStop(318)) - Stopped ServerConnector@14e750c5{HTTP/1.1,[http/1.1]}{0.0.0.0:0}
2019-11-17 11:14:40,167 [main] INFO  server.AbstractConnector (AbstractConnector.java:doStop(318)) - Stopped ServerConnector@2b441e56{HTTP/1.1,[http/1.1]}{0.0.0.0:0}
2019-11-17 11:14:40,168 [ForkJoinPool.commonPool-worker-0] INFO  handler.ContextHandler (ContextHandler.java:doStop(910)) - Stopped o.e.j.s.ServletContextHandler@463045fb{/static,jar:file:/home/user/.m2/repository/org/apache/hadoop/hadoop-hdds-container-service/0.5.0-SNAPSHOT/hadoop-hdds-container-service-0.5.0-SNAPSHOT.jar!/webapps/static,UNAVAILABLE}
2019-11-17 11:14:40,168 [main] INFO  handler.ContextHandler (ContextHandler.java:doStop(910)) - Stopped o.e.j.s.ServletContextHandler@48567727{/static,jar:file:/home/user/.m2/repository/org/apache/hadoop/hadoop-hdds-container-service/0.5.0-SNAPSHOT/hadoop-hdds-container-service-0.5.0-SNAPSHOT.jar!/webapps/static,UNAVAILABLE}
2019-11-17 11:14:40,169 [ForkJoinPool.commonPool-worker-0] INFO  handler.ContextHandler (ContextHandler.java:doStop(910)) - Stopped o.e.j.s.ServletContextHandler@7be94cd6{/logs,file:///workdir/hadoop-ozone/integration-test/target/log,UNAVAILABLE}
2019-11-17 11:14:40,169 [main] INFO  handler.ContextHandler (ContextHandler.java:doStop(910)) - Stopped o.e.j.s.ServletContextHandler@6afbe6a1{/logs,file:///workdir/hadoop-ozone/integration-test/target/log,UNAVAILABLE}
2019-11-17 11:14:40,170 [main] INFO  ozone.MiniOzoneClusterImpl (MiniOzoneClusterImpl.java:stopSCM(430)) - Stopping the StorageContainerManager
2019-11-17 11:14:40,170 [main] INFO  server.StorageContainerManager (StorageContainerManager.java:stop(804)) - Stopping Replication Manager Service.
2019-11-17 11:14:40,171 [main] INFO  container.ReplicationManager (ReplicationManager.java:stop(203)) - Stopping Replication Monitor Thread.
2019-11-17 11:14:40,171 [main] INFO  server.StorageContainerManager (StorageContainerManager.java:stop(811)) - Stopping Lease Manager of the command watchers
2019-11-17 11:14:40,171 [main] INFO  server.StorageContainerManager (StorageContainerManager.java:stop(818)) - Stopping datanode service RPC server
2019-11-17 11:14:40,171 [main] INFO  server.SCMDatanodeProtocolServer (SCMDatanodeProtocolServer.java:stop(346)) - Stopping the RPC server for DataNodes
2019-11-17 11:14:40,171 [main] INFO  ipc.Server (Server.java:stop(3082)) - Stopping server on 37460
2019-11-17 11:14:40,174 [IPC Server listener on 37460] INFO  ipc.Server (Server.java:run(1185)) - Stopping IPC Server listener on 37460
2019-11-17 11:14:40,174 [IPC Server Responder] INFO  ipc.Server (Server.java:run(1319)) - Stopping IPC Server Responder
2019-11-17 11:14:40,213 [SCM Heartbeat Processing Thread - 0] WARN  node.NodeStateManager (NodeStateManager.java:scheduleNextHealthCheck(646)) - Current Thread is interrupted, shutting down HB processing thread for Node Manager.
2019-11-17 11:14:40,213 [main] INFO  server.StorageContainerManager (StorageContainerManager.java:stop(826)) - Stopping block service RPC server
2019-11-17 11:14:40,214 [main] INFO  server.SCMBlockProtocolServer (SCMBlockProtocolServer.java:stop(155)) - Stopping the RPC server for Block Protocol
2019-11-17 11:14:40,214 [main] INFO  ipc.Server (Server.java:stop(3082)) - Stopping server on 42102
2019-11-17 11:14:40,216 [main] INFO  server.StorageContainerManager (StorageContainerManager.java:stop(833)) - Stopping the StorageContainerLocationProtocol RPC server
2019-11-17 11:14:40,216 [IPC Server listener on 42102] INFO  ipc.Server (Server.java:run(1185)) - Stopping IPC Server listener on 42102
2019-11-17 11:14:40,216 [IPC Server Responder] INFO  ipc.Server (Server.java:run(1319)) - Stopping IPC Server Responder
2019-11-17 11:14:40,217 [main] INFO  server.SCMClientProtocolServer (SCMClientProtocolServer.java:stop(169)) - Stopping the RPC server for Client Protocol
2019-11-17 11:14:40,217 [main] INFO  ipc.Server (Server.java:stop(3082)) - Stopping server on 37093
2019-11-17 11:14:40,219 [IPC Server listener on 37093] INFO  ipc.Server (Server.java:run(1185)) - Stopping IPC Server listener on 37093
2019-11-17 11:14:40,219 [main] INFO  server.StorageContainerManager (StorageContainerManager.java:stop(840)) - Stopping Storage Container Manager HTTP server.
2019-11-17 11:14:40,220 [IPC Server Responder] INFO  ipc.Server (Server.java:run(1319)) - Stopping IPC Server Responder
2019-11-17 11:14:40,221 [main] INFO  handler.ContextHandler (ContextHandler.java:doStop(910)) - Stopped o.e.j.w.WebAppContext@68e2d03e{/,null,UNAVAILABLE}{/scm}
2019-11-17 11:14:40,222 [main] INFO  server.AbstractConnector (AbstractConnector.java:doStop(318)) - Stopped ServerConnector@120aa40b{HTTP/1.1,[http/1.1]}{0.0.0.0:0}
2019-11-17 11:14:40,222 [main] INFO  handler.ContextHandler (ContextHandler.java:doStop(910)) - Stopped o.e.j.s.ServletContextHandler@216c22ce{/static,file:///workdir/hadoop-ozone/integration-test/target/test-classes/webapps/static,UNAVAILABLE}
2019-11-17 11:14:40,222 [main] INFO  handler.ContextHandler (ContextHandler.java:doStop(910)) - Stopped o.e.j.s.ServletContextHandler@3bbf1c0d{/logs,file:///workdir/hadoop-ozone/integration-test/target/log,UNAVAILABLE}
2019-11-17 11:14:40,223 [main] INFO  server.StorageContainerManager (StorageContainerManager.java:stop(851)) - Stopping Block Manager Service.
2019-11-17 11:14:40,223 [main] INFO  utils.BackgroundService (BackgroundService.java:shutdown(151)) - Shutting down service SCMBlockDeletingService
2019-11-17 11:14:40,224 [main] INFO  utils.BackgroundService (BackgroundService.java:shutdown(151)) - Shutting down service SCMBlockDeletingService
2019-11-17 11:14:40,224 [main] INFO  server.StorageContainerManager (StorageContainerManager.java:stop(873)) - Stopping SCM Event Queue.
2019-11-17 11:14:40,230 [main] INFO  impl.MetricsSystemImpl (MetricsSystemImpl.java:stop(210)) - Stopping HddsDatanode metrics system...
2019-11-17 11:14:40,244 [main] INFO  impl.MetricsSystemImpl (MetricsSystemImpl.java:stop(216)) - HddsDatanode metrics system stopped.
]]></system-out>
    <system-err><![CDATA[Nov 17, 2019 11:14:17 AM org.apache.ratis.thirdparty.io.grpc.internal.ManagedChannelOrphanWrapper$ManagedChannelReference cleanQueue
SEVERE: *~*~*~ Channel ManagedChannelImpl{logId=2498, target=192.168.34.35:42793} was not shutdown properly!!! ~*~*~*
    Make sure to call shutdown()/shutdownNow() and wait until awaitTermination() returns true.
java.lang.RuntimeException: ManagedChannel allocation site
	at org.apache.ratis.thirdparty.io.grpc.internal.ManagedChannelOrphanWrapper$ManagedChannelReference.<init>(ManagedChannelOrphanWrapper.java:103)
	at org.apache.ratis.thirdparty.io.grpc.internal.ManagedChannelOrphanWrapper.<init>(ManagedChannelOrphanWrapper.java:53)
	at org.apache.ratis.thirdparty.io.grpc.internal.ManagedChannelOrphanWrapper.<init>(ManagedChannelOrphanWrapper.java:44)
	at org.apache.ratis.thirdparty.io.grpc.internal.AbstractManagedChannelImplBuilder.build(AbstractManagedChannelImplBuilder.java:411)
	at org.apache.hadoop.hdds.scm.XceiverClientGrpc.connectToDatanode(XceiverClientGrpc.java:188)
	at org.apache.hadoop.hdds.scm.XceiverClientGrpc.connect(XceiverClientGrpc.java:137)
	at org.apache.hadoop.hdds.scm.XceiverClientManager$2.call(XceiverClientManager.java:242)
	at org.apache.hadoop.hdds.scm.XceiverClientManager$2.call(XceiverClientManager.java:226)
	at com.google.common.cache.LocalCache$LocalManualCache$1.load(LocalCache.java:4767)
	at com.google.common.cache.LocalCache$LoadingValueReference.loadFuture(LocalCache.java:3568)
	at com.google.common.cache.LocalCache$Segment.loadSync(LocalCache.java:2350)
	at com.google.common.cache.LocalCache$Segment.lockedGetOrLoad(LocalCache.java:2313)
	at com.google.common.cache.LocalCache$Segment.get(LocalCache.java:2228)
	at com.google.common.cache.LocalCache.get(LocalCache.java:3965)
	at com.google.common.cache.LocalCache$LocalManualCache.get(LocalCache.java:4764)
	at org.apache.hadoop.hdds.scm.XceiverClientManager.getClient(XceiverClientManager.java:226)
	at org.apache.hadoop.hdds.scm.XceiverClientManager.acquireClient(XceiverClientManager.java:172)
	at org.apache.hadoop.hdds.scm.XceiverClientManager.acquireClientForReadData(XceiverClientManager.java:162)
	at org.apache.hadoop.hdds.scm.storage.BlockInputStream.getChunkInfos(BlockInputStream.java:154)
	at org.apache.hadoop.hdds.scm.storage.BlockInputStream.initialize(BlockInputStream.java:118)
	at org.apache.hadoop.hdds.scm.storage.BlockInputStream.read(BlockInputStream.java:224)
	at org.apache.hadoop.ozone.client.io.KeyInputStream.read(KeyInputStream.java:173)
	at org.apache.hadoop.ozone.client.io.OzoneInputStream.read(OzoneInputStream.java:47)
	at java.io.InputStream.read(InputStream.java:101)
	at org.apache.hadoop.ozone.container.ContainerTestHelper.validateData(ContainerTestHelper.java:754)
	at org.apache.hadoop.ozone.client.rpc.TestFailureHandlingByClient.validateData(TestFailureHandlingByClient.java:413)
	at org.apache.hadoop.ozone.client.rpc.TestFailureHandlingByClient.testBlockWritesWithDnFailures(TestFailureHandlingByClient.java:172)
	at sun.reflect.NativeMethodAccessorImpl.invoke0(Native Method)
	at sun.reflect.NativeMethodAccessorImpl.invoke(NativeMethodAccessorImpl.java:62)
	at sun.reflect.DelegatingMethodAccessorImpl.invoke(DelegatingMethodAccessorImpl.java:43)
	at java.lang.reflect.Method.invoke(Method.java:498)
	at org.junit.runners.model.FrameworkMethod$1.runReflectiveCall(FrameworkMethod.java:47)
	at org.junit.internal.runners.model.ReflectiveCallable.run(ReflectiveCallable.java:12)
	at org.junit.runners.model.FrameworkMethod.invokeExplosively(FrameworkMethod.java:44)
	at org.junit.internal.runners.statements.InvokeMethod.evaluate(InvokeMethod.java:17)
	at org.junit.internal.runners.statements.RunAfters.evaluate(RunAfters.java:27)
	at org.junit.runners.ParentRunner.runLeaf(ParentRunner.java:271)
	at org.junit.runners.BlockJUnit4ClassRunner.runChild(BlockJUnit4ClassRunner.java:70)
	at org.junit.runners.BlockJUnit4ClassRunner.runChild(BlockJUnit4ClassRunner.java:50)
	at org.junit.runners.ParentRunner$3.run(ParentRunner.java:238)
	at org.junit.runners.ParentRunner$1.schedule(ParentRunner.java:63)
	at org.junit.runners.ParentRunner.runChildren(ParentRunner.java:236)
	at org.junit.runners.ParentRunner.access$000(ParentRunner.java:53)
	at org.junit.runners.ParentRunner$2.evaluate(ParentRunner.java:229)
	at org.junit.runners.ParentRunner.run(ParentRunner.java:309)
	at org.apache.maven.surefire.junit4.JUnit4Provider.execute(JUnit4Provider.java:365)
	at org.apache.maven.surefire.junit4.JUnit4Provider.executeWithRerun(JUnit4Provider.java:273)
	at org.apache.maven.surefire.junit4.JUnit4Provider.executeTestSet(JUnit4Provider.java:238)
	at org.apache.maven.surefire.junit4.JUnit4Provider.invoke(JUnit4Provider.java:159)
	at org.apache.maven.surefire.booter.ForkedBooter.invokeProviderInSameClassLoader(ForkedBooter.java:384)
	at org.apache.maven.surefire.booter.ForkedBooter.runSuitesInProcess(ForkedBooter.java:345)
	at org.apache.maven.surefire.booter.ForkedBooter.execute(ForkedBooter.java:126)
	at org.apache.maven.surefire.booter.ForkedBooter.main(ForkedBooter.java:418)

Nov 17, 2019 11:14:17 AM org.apache.ratis.thirdparty.io.grpc.internal.ManagedChannelOrphanWrapper$ManagedChannelReference cleanQueue
SEVERE: *~*~*~ Channel ManagedChannelImpl{logId=2502, target=192.168.34.35:34402} was not shutdown properly!!! ~*~*~*
    Make sure to call shutdown()/shutdownNow() and wait until awaitTermination() returns true.
java.lang.RuntimeException: ManagedChannel allocation site
	at org.apache.ratis.thirdparty.io.grpc.internal.ManagedChannelOrphanWrapper$ManagedChannelReference.<init>(ManagedChannelOrphanWrapper.java:103)
	at org.apache.ratis.thirdparty.io.grpc.internal.ManagedChannelOrphanWrapper.<init>(ManagedChannelOrphanWrapper.java:53)
	at org.apache.ratis.thirdparty.io.grpc.internal.ManagedChannelOrphanWrapper.<init>(ManagedChannelOrphanWrapper.java:44)
	at org.apache.ratis.thirdparty.io.grpc.internal.AbstractManagedChannelImplBuilder.build(AbstractManagedChannelImplBuilder.java:411)
	at org.apache.hadoop.hdds.scm.XceiverClientGrpc.connectToDatanode(XceiverClientGrpc.java:188)
	at org.apache.hadoop.hdds.scm.XceiverClientGrpc.reconnect(XceiverClientGrpc.java:465)
	at org.apache.hadoop.hdds.scm.XceiverClientGrpc.checkOpen(XceiverClientGrpc.java:456)
	at org.apache.hadoop.hdds.scm.XceiverClientGrpc.sendCommandAsync(XceiverClientGrpc.java:398)
	at org.apache.hadoop.hdds.scm.XceiverClientGrpc.sendCommandWithRetry(XceiverClientGrpc.java:317)
	at org.apache.hadoop.hdds.scm.XceiverClientGrpc.sendCommandWithTraceIDAndRetry(XceiverClientGrpc.java:262)
	at org.apache.hadoop.hdds.scm.XceiverClientGrpc.sendCommand(XceiverClientGrpc.java:246)
	at org.apache.hadoop.hdds.scm.storage.ContainerProtocolCalls.getBlock(ContainerProtocolCalls.java:118)
	at org.apache.hadoop.hdds.scm.storage.BlockInputStream.getChunkInfos(BlockInputStream.java:169)
	at org.apache.hadoop.hdds.scm.storage.BlockInputStream.initialize(BlockInputStream.java:118)
	at org.apache.hadoop.hdds.scm.storage.BlockInputStream.read(BlockInputStream.java:224)
	at org.apache.hadoop.ozone.client.io.KeyInputStream.read(KeyInputStream.java:173)
	at org.apache.hadoop.ozone.client.io.OzoneInputStream.read(OzoneInputStream.java:47)
	at java.io.InputStream.read(InputStream.java:101)
	at org.apache.hadoop.ozone.container.ContainerTestHelper.validateData(ContainerTestHelper.java:754)
	at org.apache.hadoop.ozone.client.rpc.TestFailureHandlingByClient.validateData(TestFailureHandlingByClient.java:413)
	at org.apache.hadoop.ozone.client.rpc.TestFailureHandlingByClient.testBlockWritesWithDnFailures(TestFailureHandlingByClient.java:172)
	at sun.reflect.NativeMethodAccessorImpl.invoke0(Native Method)
	at sun.reflect.NativeMethodAccessorImpl.invoke(NativeMethodAccessorImpl.java:62)
	at sun.reflect.DelegatingMethodAccessorImpl.invoke(DelegatingMethodAccessorImpl.java:43)
	at java.lang.reflect.Method.invoke(Method.java:498)
	at org.junit.runners.model.FrameworkMethod$1.runReflectiveCall(FrameworkMethod.java:47)
	at org.junit.internal.runners.model.ReflectiveCallable.run(ReflectiveCallable.java:12)
	at org.junit.runners.model.FrameworkMethod.invokeExplosively(FrameworkMethod.java:44)
	at org.junit.internal.runners.statements.InvokeMethod.evaluate(InvokeMethod.java:17)
	at org.junit.internal.runners.statements.RunAfters.evaluate(RunAfters.java:27)
	at org.junit.runners.ParentRunner.runLeaf(ParentRunner.java:271)
	at org.junit.runners.BlockJUnit4ClassRunner.runChild(BlockJUnit4ClassRunner.java:70)
	at org.junit.runners.BlockJUnit4ClassRunner.runChild(BlockJUnit4ClassRunner.java:50)
	at org.junit.runners.ParentRunner$3.run(ParentRunner.java:238)
	at org.junit.runners.ParentRunner$1.schedule(ParentRunner.java:63)
	at org.junit.runners.ParentRunner.runChildren(ParentRunner.java:236)
	at org.junit.runners.ParentRunner.access$000(ParentRunner.java:53)
	at org.junit.runners.ParentRunner$2.evaluate(ParentRunner.java:229)
	at org.junit.runners.ParentRunner.run(ParentRunner.java:309)
	at org.apache.maven.surefire.junit4.JUnit4Provider.execute(JUnit4Provider.java:365)
	at org.apache.maven.surefire.junit4.JUnit4Provider.executeWithRerun(JUnit4Provider.java:273)
	at org.apache.maven.surefire.junit4.JUnit4Provider.executeTestSet(JUnit4Provider.java:238)
	at org.apache.maven.surefire.junit4.JUnit4Provider.invoke(JUnit4Provider.java:159)
	at org.apache.maven.surefire.booter.ForkedBooter.invokeProviderInSameClassLoader(ForkedBooter.java:384)
	at org.apache.maven.surefire.booter.ForkedBooter.runSuitesInProcess(ForkedBooter.java:345)
	at org.apache.maven.surefire.booter.ForkedBooter.execute(ForkedBooter.java:126)
	at org.apache.maven.surefire.booter.ForkedBooter.main(ForkedBooter.java:418)

Nov 17, 2019 11:14:17 AM org.apache.ratis.thirdparty.io.grpc.internal.ManagedChannelOrphanWrapper$ManagedChannelReference cleanQueue
SEVERE: *~*~*~ Channel ManagedChannelImpl{logId=2513, target=192.168.34.35:38156} was not shutdown properly!!! ~*~*~*
    Make sure to call shutdown()/shutdownNow() and wait until awaitTermination() returns true.
java.lang.RuntimeException: ManagedChannel allocation site
	at org.apache.ratis.thirdparty.io.grpc.internal.ManagedChannelOrphanWrapper$ManagedChannelReference.<init>(ManagedChannelOrphanWrapper.java:103)
	at org.apache.ratis.thirdparty.io.grpc.internal.ManagedChannelOrphanWrapper.<init>(ManagedChannelOrphanWrapper.java:53)
	at org.apache.ratis.thirdparty.io.grpc.internal.ManagedChannelOrphanWrapper.<init>(ManagedChannelOrphanWrapper.java:44)
	at org.apache.ratis.thirdparty.io.grpc.internal.AbstractManagedChannelImplBuilder.build(AbstractManagedChannelImplBuilder.java:411)
	at org.apache.hadoop.hdds.scm.XceiverClientGrpc.connectToDatanode(XceiverClientGrpc.java:188)
	at org.apache.hadoop.hdds.scm.XceiverClientGrpc.reconnect(XceiverClientGrpc.java:465)
	at org.apache.hadoop.hdds.scm.XceiverClientGrpc.checkOpen(XceiverClientGrpc.java:456)
	at org.apache.hadoop.hdds.scm.XceiverClientGrpc.sendCommandAsync(XceiverClientGrpc.java:398)
	at org.apache.hadoop.hdds.scm.XceiverClientGrpc.sendCommandWithRetry(XceiverClientGrpc.java:317)
	at org.apache.hadoop.hdds.scm.XceiverClientGrpc.sendCommandWithTraceIDAndRetry(XceiverClientGrpc.java:262)
	at org.apache.hadoop.hdds.scm.XceiverClientGrpc.sendCommand(XceiverClientGrpc.java:246)
	at org.apache.hadoop.hdds.scm.storage.ContainerProtocolCalls.getBlock(ContainerProtocolCalls.java:118)
	at org.apache.hadoop.hdds.scm.storage.BlockInputStream.getChunkInfos(BlockInputStream.java:169)
	at org.apache.hadoop.hdds.scm.storage.BlockInputStream.initialize(BlockInputStream.java:118)
	at org.apache.hadoop.hdds.scm.storage.BlockInputStream.read(BlockInputStream.java:224)
	at org.apache.hadoop.ozone.client.io.KeyInputStream.read(KeyInputStream.java:173)
	at org.apache.hadoop.ozone.client.io.OzoneInputStream.read(OzoneInputStream.java:47)
	at java.io.InputStream.read(InputStream.java:101)
	at org.apache.hadoop.ozone.container.ContainerTestHelper.validateData(ContainerTestHelper.java:754)
	at org.apache.hadoop.ozone.client.rpc.TestFailureHandlingByClient.validateData(TestFailureHandlingByClient.java:413)
	at org.apache.hadoop.ozone.client.rpc.TestFailureHandlingByClient.testBlockWritesWithDnFailures(TestFailureHandlingByClient.java:172)
	at sun.reflect.NativeMethodAccessorImpl.invoke0(Native Method)
	at sun.reflect.NativeMethodAccessorImpl.invoke(NativeMethodAccessorImpl.java:62)
	at sun.reflect.DelegatingMethodAccessorImpl.invoke(DelegatingMethodAccessorImpl.java:43)
	at java.lang.reflect.Method.invoke(Method.java:498)
	at org.junit.runners.model.FrameworkMethod$1.runReflectiveCall(FrameworkMethod.java:47)
	at org.junit.internal.runners.model.ReflectiveCallable.run(ReflectiveCallable.java:12)
	at org.junit.runners.model.FrameworkMethod.invokeExplosively(FrameworkMethod.java:44)
	at org.junit.internal.runners.statements.InvokeMethod.evaluate(InvokeMethod.java:17)
	at org.junit.internal.runners.statements.RunAfters.evaluate(RunAfters.java:27)
	at org.junit.runners.ParentRunner.runLeaf(ParentRunner.java:271)
	at org.junit.runners.BlockJUnit4ClassRunner.runChild(BlockJUnit4ClassRunner.java:70)
	at org.junit.runners.BlockJUnit4ClassRunner.runChild(BlockJUnit4ClassRunner.java:50)
	at org.junit.runners.ParentRunner$3.run(ParentRunner.java:238)
	at org.junit.runners.ParentRunner$1.schedule(ParentRunner.java:63)
	at org.junit.runners.ParentRunner.runChildren(ParentRunner.java:236)
	at org.junit.runners.ParentRunner.access$000(ParentRunner.java:53)
	at org.junit.runners.ParentRunner$2.evaluate(ParentRunner.java:229)
	at org.junit.runners.ParentRunner.run(ParentRunner.java:309)
	at org.apache.maven.surefire.junit4.JUnit4Provider.execute(JUnit4Provider.java:365)
	at org.apache.maven.surefire.junit4.JUnit4Provider.executeWithRerun(JUnit4Provider.java:273)
	at org.apache.maven.surefire.junit4.JUnit4Provider.executeTestSet(JUnit4Provider.java:238)
	at org.apache.maven.surefire.junit4.JUnit4Provider.invoke(JUnit4Provider.java:159)
	at org.apache.maven.surefire.booter.ForkedBooter.invokeProviderInSameClassLoader(ForkedBooter.java:384)
	at org.apache.maven.surefire.booter.ForkedBooter.runSuitesInProcess(ForkedBooter.java:345)
	at org.apache.maven.surefire.booter.ForkedBooter.execute(ForkedBooter.java:126)
	at org.apache.maven.surefire.booter.ForkedBooter.main(ForkedBooter.java:418)

Nov 17, 2019 11:14:17 AM org.apache.ratis.thirdparty.io.grpc.internal.ManagedChannelOrphanWrapper$ManagedChannelReference cleanQueue
SEVERE: *~*~*~ Channel ManagedChannelImpl{logId=2506, target=192.168.34.35:40805} was not shutdown properly!!! ~*~*~*
    Make sure to call shutdown()/shutdownNow() and wait until awaitTermination() returns true.
java.lang.RuntimeException: ManagedChannel allocation site
	at org.apache.ratis.thirdparty.io.grpc.internal.ManagedChannelOrphanWrapper$ManagedChannelReference.<init>(ManagedChannelOrphanWrapper.java:103)
	at org.apache.ratis.thirdparty.io.grpc.internal.ManagedChannelOrphanWrapper.<init>(ManagedChannelOrphanWrapper.java:53)
	at org.apache.ratis.thirdparty.io.grpc.internal.ManagedChannelOrphanWrapper.<init>(ManagedChannelOrphanWrapper.java:44)
	at org.apache.ratis.thirdparty.io.grpc.internal.AbstractManagedChannelImplBuilder.build(AbstractManagedChannelImplBuilder.java:411)
	at org.apache.hadoop.hdds.scm.XceiverClientGrpc.connectToDatanode(XceiverClientGrpc.java:188)
	at org.apache.hadoop.hdds.scm.XceiverClientGrpc.reconnect(XceiverClientGrpc.java:465)
	at org.apache.hadoop.hdds.scm.XceiverClientGrpc.checkOpen(XceiverClientGrpc.java:456)
	at org.apache.hadoop.hdds.scm.XceiverClientGrpc.sendCommandAsync(XceiverClientGrpc.java:398)
	at org.apache.hadoop.hdds.scm.XceiverClientGrpc.sendCommandWithRetry(XceiverClientGrpc.java:317)
	at org.apache.hadoop.hdds.scm.XceiverClientGrpc.sendCommandWithTraceIDAndRetry(XceiverClientGrpc.java:262)
	at org.apache.hadoop.hdds.scm.XceiverClientGrpc.sendCommand(XceiverClientGrpc.java:246)
	at org.apache.hadoop.hdds.scm.storage.ContainerProtocolCalls.getBlock(ContainerProtocolCalls.java:118)
	at org.apache.hadoop.hdds.scm.storage.BlockInputStream.getChunkInfos(BlockInputStream.java:169)
	at org.apache.hadoop.hdds.scm.storage.BlockInputStream.initialize(BlockInputStream.java:118)
	at org.apache.hadoop.hdds.scm.storage.BlockInputStream.read(BlockInputStream.java:224)
	at org.apache.hadoop.ozone.client.io.KeyInputStream.read(KeyInputStream.java:173)
	at org.apache.hadoop.ozone.client.io.OzoneInputStream.read(OzoneInputStream.java:47)
	at java.io.InputStream.read(InputStream.java:101)
	at org.apache.hadoop.ozone.container.ContainerTestHelper.validateData(ContainerTestHelper.java:754)
	at org.apache.hadoop.ozone.client.rpc.TestFailureHandlingByClient.validateData(TestFailureHandlingByClient.java:413)
	at org.apache.hadoop.ozone.client.rpc.TestFailureHandlingByClient.testBlockWritesWithDnFailures(TestFailureHandlingByClient.java:172)
	at sun.reflect.NativeMethodAccessorImpl.invoke0(Native Method)
	at sun.reflect.NativeMethodAccessorImpl.invoke(NativeMethodAccessorImpl.java:62)
	at sun.reflect.DelegatingMethodAccessorImpl.invoke(DelegatingMethodAccessorImpl.java:43)
	at java.lang.reflect.Method.invoke(Method.java:498)
	at org.junit.runners.model.FrameworkMethod$1.runReflectiveCall(FrameworkMethod.java:47)
	at org.junit.internal.runners.model.ReflectiveCallable.run(ReflectiveCallable.java:12)
	at org.junit.runners.model.FrameworkMethod.invokeExplosively(FrameworkMethod.java:44)
	at org.junit.internal.runners.statements.InvokeMethod.evaluate(InvokeMethod.java:17)
	at org.junit.internal.runners.statements.RunAfters.evaluate(RunAfters.java:27)
	at org.junit.runners.ParentRunner.runLeaf(ParentRunner.java:271)
	at org.junit.runners.BlockJUnit4ClassRunner.runChild(BlockJUnit4ClassRunner.java:70)
	at org.junit.runners.BlockJUnit4ClassRunner.runChild(BlockJUnit4ClassRunner.java:50)
	at org.junit.runners.ParentRunner$3.run(ParentRunner.java:238)
	at org.junit.runners.ParentRunner$1.schedule(ParentRunner.java:63)
	at org.junit.runners.ParentRunner.runChildren(ParentRunner.java:236)
	at org.junit.runners.ParentRunner.access$000(ParentRunner.java:53)
	at org.junit.runners.ParentRunner$2.evaluate(ParentRunner.java:229)
	at org.junit.runners.ParentRunner.run(ParentRunner.java:309)
	at org.apache.maven.surefire.junit4.JUnit4Provider.execute(JUnit4Provider.java:365)
	at org.apache.maven.surefire.junit4.JUnit4Provider.executeWithRerun(JUnit4Provider.java:273)
	at org.apache.maven.surefire.junit4.JUnit4Provider.executeTestSet(JUnit4Provider.java:238)
	at org.apache.maven.surefire.junit4.JUnit4Provider.invoke(JUnit4Provider.java:159)
	at org.apache.maven.surefire.booter.ForkedBooter.invokeProviderInSameClassLoader(ForkedBooter.java:384)
	at org.apache.maven.surefire.booter.ForkedBooter.runSuitesInProcess(ForkedBooter.java:345)
	at org.apache.maven.surefire.booter.ForkedBooter.execute(ForkedBooter.java:126)
	at org.apache.maven.surefire.booter.ForkedBooter.main(ForkedBooter.java:418)

Nov 17, 2019 11:14:17 AM org.apache.ratis.thirdparty.io.grpc.internal.ManagedChannelOrphanWrapper$ManagedChannelReference cleanQueue
SEVERE: *~*~*~ Channel ManagedChannelImpl{logId=2511, target=192.168.34.35:38573} was not shutdown properly!!! ~*~*~*
    Make sure to call shutdown()/shutdownNow() and wait until awaitTermination() returns true.
java.lang.RuntimeException: ManagedChannel allocation site
	at org.apache.ratis.thirdparty.io.grpc.internal.ManagedChannelOrphanWrapper$ManagedChannelReference.<init>(ManagedChannelOrphanWrapper.java:103)
	at org.apache.ratis.thirdparty.io.grpc.internal.ManagedChannelOrphanWrapper.<init>(ManagedChannelOrphanWrapper.java:53)
	at org.apache.ratis.thirdparty.io.grpc.internal.ManagedChannelOrphanWrapper.<init>(ManagedChannelOrphanWrapper.java:44)
	at org.apache.ratis.thirdparty.io.grpc.internal.AbstractManagedChannelImplBuilder.build(AbstractManagedChannelImplBuilder.java:411)
	at org.apache.hadoop.hdds.scm.XceiverClientGrpc.connectToDatanode(XceiverClientGrpc.java:188)
	at org.apache.hadoop.hdds.scm.XceiverClientGrpc.connect(XceiverClientGrpc.java:137)
	at org.apache.hadoop.hdds.scm.XceiverClientManager$2.call(XceiverClientManager.java:242)
	at org.apache.hadoop.hdds.scm.XceiverClientManager$2.call(XceiverClientManager.java:226)
	at com.google.common.cache.LocalCache$LocalManualCache$1.load(LocalCache.java:4767)
	at com.google.common.cache.LocalCache$LoadingValueReference.loadFuture(LocalCache.java:3568)
	at com.google.common.cache.LocalCache$Segment.loadSync(LocalCache.java:2350)
	at com.google.common.cache.LocalCache$Segment.lockedGetOrLoad(LocalCache.java:2313)
	at com.google.common.cache.LocalCache$Segment.get(LocalCache.java:2228)
	at com.google.common.cache.LocalCache.get(LocalCache.java:3965)
	at com.google.common.cache.LocalCache$LocalManualCache.get(LocalCache.java:4764)
	at org.apache.hadoop.hdds.scm.XceiverClientManager.getClient(XceiverClientManager.java:226)
	at org.apache.hadoop.hdds.scm.XceiverClientManager.acquireClient(XceiverClientManager.java:172)
	at org.apache.hadoop.hdds.scm.XceiverClientManager.acquireClientForReadData(XceiverClientManager.java:162)
	at org.apache.hadoop.hdds.scm.storage.BlockInputStream.getChunkInfos(BlockInputStream.java:154)
	at org.apache.hadoop.hdds.scm.storage.BlockInputStream.initialize(BlockInputStream.java:118)
	at org.apache.hadoop.hdds.scm.storage.BlockInputStream.read(BlockInputStream.java:224)
	at org.apache.hadoop.ozone.client.io.KeyInputStream.read(KeyInputStream.java:173)
	at org.apache.hadoop.ozone.client.io.OzoneInputStream.read(OzoneInputStream.java:47)
	at java.io.InputStream.read(InputStream.java:101)
	at org.apache.hadoop.ozone.container.ContainerTestHelper.validateData(ContainerTestHelper.java:754)
	at org.apache.hadoop.ozone.client.rpc.TestFailureHandlingByClient.validateData(TestFailureHandlingByClient.java:413)
	at org.apache.hadoop.ozone.client.rpc.TestFailureHandlingByClient.testBlockWritesWithDnFailures(TestFailureHandlingByClient.java:172)
	at sun.reflect.NativeMethodAccessorImpl.invoke0(Native Method)
	at sun.reflect.NativeMethodAccessorImpl.invoke(NativeMethodAccessorImpl.java:62)
	at sun.reflect.DelegatingMethodAccessorImpl.invoke(DelegatingMethodAccessorImpl.java:43)
	at java.lang.reflect.Method.invoke(Method.java:498)
	at org.junit.runners.model.FrameworkMethod$1.runReflectiveCall(FrameworkMethod.java:47)
	at org.junit.internal.runners.model.ReflectiveCallable.run(ReflectiveCallable.java:12)
	at org.junit.runners.model.FrameworkMethod.invokeExplosively(FrameworkMethod.java:44)
	at org.junit.internal.runners.statements.InvokeMethod.evaluate(InvokeMethod.java:17)
	at org.junit.internal.runners.statements.RunAfters.evaluate(RunAfters.java:27)
	at org.junit.runners.ParentRunner.runLeaf(ParentRunner.java:271)
	at org.junit.runners.BlockJUnit4ClassRunner.runChild(BlockJUnit4ClassRunner.java:70)
	at org.junit.runners.BlockJUnit4ClassRunner.runChild(BlockJUnit4ClassRunner.java:50)
	at org.junit.runners.ParentRunner$3.run(ParentRunner.java:238)
	at org.junit.runners.ParentRunner$1.schedule(ParentRunner.java:63)
	at org.junit.runners.ParentRunner.runChildren(ParentRunner.java:236)
	at org.junit.runners.ParentRunner.access$000(ParentRunner.java:53)
	at org.junit.runners.ParentRunner$2.evaluate(ParentRunner.java:229)
	at org.junit.runners.ParentRunner.run(ParentRunner.java:309)
	at org.apache.maven.surefire.junit4.JUnit4Provider.execute(JUnit4Provider.java:365)
	at org.apache.maven.surefire.junit4.JUnit4Provider.executeWithRerun(JUnit4Provider.java:273)
	at org.apache.maven.surefire.junit4.JUnit4Provider.executeTestSet(JUnit4Provider.java:238)
	at org.apache.maven.surefire.junit4.JUnit4Provider.invoke(JUnit4Provider.java:159)
	at org.apache.maven.surefire.booter.ForkedBooter.invokeProviderInSameClassLoader(ForkedBooter.java:384)
	at org.apache.maven.surefire.booter.ForkedBooter.runSuitesInProcess(ForkedBooter.java:345)
	at org.apache.maven.surefire.booter.ForkedBooter.execute(ForkedBooter.java:126)
	at org.apache.maven.surefire.booter.ForkedBooter.main(ForkedBooter.java:418)

Nov 17, 2019 11:14:17 AM org.apache.ratis.thirdparty.io.grpc.internal.ManagedChannelOrphanWrapper$ManagedChannelReference cleanQueue
SEVERE: *~*~*~ Channel ManagedChannelImpl{logId=2493, target=192.168.34.35:34786} was not shutdown properly!!! ~*~*~*
    Make sure to call shutdown()/shutdownNow() and wait until awaitTermination() returns true.
java.lang.RuntimeException: ManagedChannel allocation site
	at org.apache.ratis.thirdparty.io.grpc.internal.ManagedChannelOrphanWrapper$ManagedChannelReference.<init>(ManagedChannelOrphanWrapper.java:103)
	at org.apache.ratis.thirdparty.io.grpc.internal.ManagedChannelOrphanWrapper.<init>(ManagedChannelOrphanWrapper.java:53)
	at org.apache.ratis.thirdparty.io.grpc.internal.ManagedChannelOrphanWrapper.<init>(ManagedChannelOrphanWrapper.java:44)
	at org.apache.ratis.thirdparty.io.grpc.internal.AbstractManagedChannelImplBuilder.build(AbstractManagedChannelImplBuilder.java:411)
	at org.apache.ratis.grpc.client.GrpcClientProtocolClient.<init>(GrpcClientProtocolClient.java:128)
	at org.apache.ratis.grpc.client.GrpcClientRpc.lambda$new$0(GrpcClientRpc.java:55)
	at org.apache.ratis.util.PeerProxyMap$PeerAndProxy.lambda$getProxy$0(PeerProxyMap.java:62)
	at org.apache.ratis.util.LifeCycle.startAndTransition(LifeCycle.java:202)
	at org.apache.ratis.util.PeerProxyMap$PeerAndProxy.getProxy(PeerProxyMap.java:61)
	at org.apache.ratis.util.PeerProxyMap.getProxy(PeerProxyMap.java:109)
	at org.apache.ratis.grpc.client.GrpcClientRpc.sendRequestAsync(GrpcClientRpc.java:66)
	at org.apache.ratis.client.impl.OrderedAsync.sendRequest(OrderedAsync.java:233)
	at org.apache.ratis.client.impl.OrderedAsync.sendRequestWithRetry(OrderedAsync.java:188)
	at org.apache.ratis.util.SlidingWindow$Client.sendOrDelayRequest(SlidingWindow.java:278)
	at org.apache.ratis.util.SlidingWindow$Client.submitNewRequest(SlidingWindow.java:257)
	at org.apache.ratis.client.impl.OrderedAsync.send(OrderedAsync.java:169)
	at org.apache.ratis.client.impl.OrderedAsync.newInstance(OrderedAsync.java:118)
	at org.apache.ratis.client.impl.RaftClientImpl.lambda$new$0(RaftClientImpl.java:102)
	at org.apache.ratis.util.MemoizedSupplier.get(MemoizedSupplier.java:62)
	at org.apache.ratis.client.impl.RaftClientImpl.getOrderedAsync(RaftClientImpl.java:119)
	at org.apache.ratis.client.impl.RaftClientImpl.sendAsync(RaftClientImpl.java:144)
	at org.apache.ratis.client.impl.RaftClientImpl.sendAsync(RaftClientImpl.java:124)
	at org.apache.hadoop.hdds.scm.XceiverClientRatis.sendRequestAsync(XceiverClientRatis.java:236)
	at org.apache.hadoop.hdds.scm.XceiverClientRatis.sendCommandAsync(XceiverClientRatis.java:317)
	at org.apache.hadoop.hdds.scm.storage.ContainerProtocolCalls.writeChunkAsync(ContainerProtocolCalls.java:310)
	at org.apache.hadoop.hdds.scm.storage.BlockOutputStream.writeChunkToContainer(BlockOutputStream.java:597)
	at org.apache.hadoop.hdds.scm.storage.BlockOutputStream.writeChunk(BlockOutputStream.java:454)
	at org.apache.hadoop.hdds.scm.storage.BlockOutputStream.handleFlush(BlockOutputStream.java:465)
	at org.apache.hadoop.hdds.scm.storage.BlockOutputStream.close(BlockOutputStream.java:488)
	at org.apache.hadoop.ozone.client.io.BlockOutputStreamEntry.close(BlockOutputStreamEntry.java:143)
	at org.apache.hadoop.ozone.client.io.KeyOutputStream.handleFlushOrClose(KeyOutputStream.java:435)
	at org.apache.hadoop.ozone.client.io.KeyOutputStream.close(KeyOutputStream.java:473)
	at org.apache.hadoop.ozone.client.io.OzoneOutputStream.close(OzoneOutputStream.java:60)
	at org.apache.hadoop.ozone.client.rpc.TestFailureHandlingByClient.testBlockWritesWithDnFailures(TestFailureHandlingByClient.java:163)
	at sun.reflect.NativeMethodAccessorImpl.invoke0(Native Method)
	at sun.reflect.NativeMethodAccessorImpl.invoke(NativeMethodAccessorImpl.java:62)
	at sun.reflect.DelegatingMethodAccessorImpl.invoke(DelegatingMethodAccessorImpl.java:43)
	at java.lang.reflect.Method.invoke(Method.java:498)
	at org.junit.runners.model.FrameworkMethod$1.runReflectiveCall(FrameworkMethod.java:47)
	at org.junit.internal.runners.model.ReflectiveCallable.run(ReflectiveCallable.java:12)
	at org.junit.runners.model.FrameworkMethod.invokeExplosively(FrameworkMethod.java:44)
	at org.junit.internal.runners.statements.InvokeMethod.evaluate(InvokeMethod.java:17)
	at org.junit.internal.runners.statements.RunAfters.evaluate(RunAfters.java:27)
	at org.junit.runners.ParentRunner.runLeaf(ParentRunner.java:271)
	at org.junit.runners.BlockJUnit4ClassRunner.runChild(BlockJUnit4ClassRunner.java:70)
	at org.junit.runners.BlockJUnit4ClassRunner.runChild(BlockJUnit4ClassRunner.java:50)
	at org.junit.runners.ParentRunner$3.run(ParentRunner.java:238)
	at org.junit.runners.ParentRunner$1.schedule(ParentRunner.java:63)
	at org.junit.runners.ParentRunner.runChildren(ParentRunner.java:236)
	at org.junit.runners.ParentRunner.access$000(ParentRunner.java:53)
	at org.junit.runners.ParentRunner$2.evaluate(ParentRunner.java:229)
	at org.junit.runners.ParentRunner.run(ParentRunner.java:309)
	at org.apache.maven.surefire.junit4.JUnit4Provider.execute(JUnit4Provider.java:365)
	at org.apache.maven.surefire.junit4.JUnit4Provider.executeWithRerun(JUnit4Provider.java:273)
	at org.apache.maven.surefire.junit4.JUnit4Provider.executeTestSet(JUnit4Provider.java:238)
	at org.apache.maven.surefire.junit4.JUnit4Provider.invoke(JUnit4Provider.java:159)
	at org.apache.maven.surefire.booter.ForkedBooter.invokeProviderInSameClassLoader(ForkedBooter.java:384)
	at org.apache.maven.surefire.booter.ForkedBooter.runSuitesInProcess(ForkedBooter.java:345)
	at org.apache.maven.surefire.booter.ForkedBooter.execute(ForkedBooter.java:126)
	at org.apache.maven.surefire.booter.ForkedBooter.main(ForkedBooter.java:418)

Nov 17, 2019 11:14:19 AM org.apache.ratis.thirdparty.io.grpc.internal.SerializingExecutor run
SEVERE: Exception while executing runnable org.apache.ratis.thirdparty.io.grpc.internal.ServerImpl$JumpToApplicationThreadServerStreamListener$1Closed@4831839a
org.apache.ratis.thirdparty.io.grpc.StatusRuntimeException: CANCELLED: call already cancelled
	at org.apache.ratis.thirdparty.io.grpc.Status.asRuntimeException(Status.java:517)
	at org.apache.ratis.thirdparty.io.grpc.stub.ServerCalls$ServerCallStreamObserverImpl.onCompleted(ServerCalls.java:356)
	at org.apache.ratis.grpc.server.GrpcServerProtocolService$ServerRequestStreamObserver.onError(GrpcServerProtocolService.java:121)
	at org.apache.ratis.thirdparty.io.grpc.stub.ServerCalls$StreamingServerCallHandler$StreamingServerCallListener.onCancel(ServerCalls.java:269)
	at org.apache.ratis.thirdparty.io.grpc.internal.ServerCallImpl$ServerStreamListenerImpl.closed(ServerCallImpl.java:293)
	at org.apache.ratis.thirdparty.io.grpc.internal.ServerImpl$JumpToApplicationThreadServerStreamListener$1Closed.runInContext(ServerImpl.java:741)
	at org.apache.ratis.thirdparty.io.grpc.internal.ContextRunnable.run(ContextRunnable.java:37)
	at org.apache.ratis.thirdparty.io.grpc.internal.SerializingExecutor.run(SerializingExecutor.java:123)
	at java.util.concurrent.ThreadPoolExecutor.runWorker(ThreadPoolExecutor.java:1149)
	at java.util.concurrent.ThreadPoolExecutor$Worker.run(ThreadPoolExecutor.java:624)
	at java.lang.Thread.run(Thread.java:748)

Nov 17, 2019 11:14:24 AM org.apache.ratis.thirdparty.io.grpc.internal.SerializingExecutor run
SEVERE: Exception while executing runnable org.apache.ratis.thirdparty.io.grpc.internal.ServerImpl$JumpToApplicationThreadServerStreamListener$1Closed@574e4d34
org.apache.ratis.thirdparty.io.grpc.StatusRuntimeException: CANCELLED: call already cancelled
	at org.apache.ratis.thirdparty.io.grpc.Status.asRuntimeException(Status.java:517)
	at org.apache.ratis.thirdparty.io.grpc.stub.ServerCalls$ServerCallStreamObserverImpl.onCompleted(ServerCalls.java:356)
	at org.apache.ratis.grpc.server.GrpcServerProtocolService$ServerRequestStreamObserver.onError(GrpcServerProtocolService.java:121)
	at org.apache.ratis.thirdparty.io.grpc.stub.ServerCalls$StreamingServerCallHandler$StreamingServerCallListener.onCancel(ServerCalls.java:269)
	at org.apache.ratis.thirdparty.io.grpc.internal.ServerCallImpl$ServerStreamListenerImpl.closed(ServerCallImpl.java:293)
	at org.apache.ratis.thirdparty.io.grpc.internal.ServerImpl$JumpToApplicationThreadServerStreamListener$1Closed.runInContext(ServerImpl.java:741)
	at org.apache.ratis.thirdparty.io.grpc.internal.ContextRunnable.run(ContextRunnable.java:37)
	at org.apache.ratis.thirdparty.io.grpc.internal.SerializingExecutor.run(SerializingExecutor.java:123)
	at java.util.concurrent.ThreadPoolExecutor.runWorker(ThreadPoolExecutor.java:1149)
	at java.util.concurrent.ThreadPoolExecutor$Worker.run(ThreadPoolExecutor.java:624)
	at java.lang.Thread.run(Thread.java:748)

Nov 17, 2019 11:14:35 AM org.apache.ratis.thirdparty.io.grpc.internal.SerializingExecutor run
SEVERE: Exception while executing runnable org.apache.ratis.thirdparty.io.grpc.internal.ServerImpl$JumpToApplicationThreadServerStreamListener$1Closed@dd76c7d
org.apache.ratis.thirdparty.io.grpc.StatusRuntimeException: CANCELLED: call already cancelled
	at org.apache.ratis.thirdparty.io.grpc.Status.asRuntimeException(Status.java:517)
	at org.apache.ratis.thirdparty.io.grpc.stub.ServerCalls$ServerCallStreamObserverImpl.onCompleted(ServerCalls.java:356)
	at org.apache.ratis.grpc.server.GrpcServerProtocolService$ServerRequestStreamObserver.onError(GrpcServerProtocolService.java:121)
	at org.apache.ratis.thirdparty.io.grpc.stub.ServerCalls$StreamingServerCallHandler$StreamingServerCallListener.onCancel(ServerCalls.java:269)
	at org.apache.ratis.thirdparty.io.grpc.internal.ServerCallImpl$ServerStreamListenerImpl.closed(ServerCallImpl.java:293)
	at org.apache.ratis.thirdparty.io.grpc.internal.ServerImpl$JumpToApplicationThreadServerStreamListener$1Closed.runInContext(ServerImpl.java:741)
	at org.apache.ratis.thirdparty.io.grpc.internal.ContextRunnable.run(ContextRunnable.java:37)
	at org.apache.ratis.thirdparty.io.grpc.internal.SerializingExecutor.run(SerializingExecutor.java:123)
	at java.util.concurrent.ThreadPoolExecutor.runWorker(ThreadPoolExecutor.java:1149)
	at java.util.concurrent.ThreadPoolExecutor$Worker.run(ThreadPoolExecutor.java:624)
	at java.lang.Thread.run(Thread.java:748)

]]></system-err>
  </testcase>
</testsuite>