<?xml version="1.0" encoding="UTF-8"?>
<testsuite xmlns:xsi="http://www.w3.org/2001/XMLSchema-instance" xsi:noNamespaceSchemaLocation="https://maven.apache.org/surefire/maven-surefire-plugin/xsd/surefire-test-report.xsd" name="org.apache.hadoop.ozone.client.rpc.TestDeleteWithSlowFollower" time="137.4" tests="1" errors="0" skipped="0" failures="1">
  <properties>
    <property name="awt.toolkit" value="sun.awt.X11.XToolkit"/>
    <property name="file.encoding.pkg" value="sun.io"/>
    <property name="java.specification.version" value="1.8"/>
    <property name="sun.cpu.isalist" value=""/>
    <property name="sun.jnu.encoding" value="ANSI_X3.4-1968"/>
    <property name="java.class.path" value="/workdir/hadoop-ozone/integration-test/target/test-classes:/workdir/hadoop-ozone/integration-test/target/classes:/home/user/.m2/repository/org/apache/hadoop/hadoop-ozone-common/0.5.0-SNAPSHOT/hadoop-ozone-common-0.5.0-SNAPSHOT.jar:/home/user/.m2/repository/org/apache/commons/commons-compress/1.4.1/commons-compress-1.4.1.jar:/home/user/.m2/repository/org/tukaani/xz/1.0/xz-1.0.jar:/home/user/.m2/repository/org/apache/hadoop/hadoop-common/3.2.0/hadoop-common-3.2.0.jar:/home/user/.m2/repository/org/apache/hadoop/hadoop-hdfs/3.2.0/hadoop-hdfs-3.2.0.jar:/home/user/.m2/repository/org/apache/hadoop/hadoop-hdfs-client/3.2.0/hadoop-hdfs-client-3.2.0.jar:/home/user/.m2/repository/com/fasterxml/jackson/core/jackson-annotations/2.9.9/jackson-annotations-2.9.9.jar:/home/user/.m2/repository/org/apache/hadoop/hadoop-hdds-common/0.5.0-SNAPSHOT/hadoop-hdds-common-0.5.0-SNAPSHOT.jar:/home/user/.m2/repository/javax/annotation/javax.annotation-api/1.2/javax.annotation-api-1.2.jar:/home/user/.m2/repository/org/apache/ratis/ratis-server/0.5.0-ced7dbf-SNAPSHOT/ratis-server-0.5.0-ced7dbf-SNAPSHOT.jar:/home/user/.m2/repository/org/apache/ratis/ratis-thirdparty-misc/0.2.0/ratis-thirdparty-misc-0.2.0.jar:/home/user/.m2/repository/org/apache/ratis/ratis-proto/0.5.0-ced7dbf-SNAPSHOT/ratis-proto-0.5.0-ced7dbf-SNAPSHOT.jar:/home/user/.m2/repository/org/apache/ratis/ratis-common/0.5.0-ced7dbf-SNAPSHOT/ratis-common-0.5.0-ced7dbf-SNAPSHOT.jar:/home/user/.m2/repository/org/apache/ratis/ratis-client/0.5.0-ced7dbf-SNAPSHOT/ratis-client-0.5.0-ced7dbf-SNAPSHOT.jar:/home/user/.m2/repository/org/apache/ratis/ratis-metrics/0.5.0-ced7dbf-SNAPSHOT/ratis-metrics-0.5.0-ced7dbf-SNAPSHOT.jar:/home/user/.m2/repository/org/apache/ratis/ratis-netty/0.5.0-ced7dbf-SNAPSHOT/ratis-netty-0.5.0-ced7dbf-SNAPSHOT.jar:/home/user/.m2/repository/org/apache/ratis/ratis-grpc/0.5.0-ced7dbf-SNAPSHOT/ratis-grpc-0.5.0-ced7dbf-SNAPSHOT.jar:/home/user/.m2/repository/org/rocksdb/rocksdbjni/6.0.1/rocksdbjni-6.0.1.jar:/home/user/.m2/repository/org/apache/logging/log4j/log4j-api/2.11.0/log4j-api-2.11.0.jar:/home/user/.m2/repository/org/apache/logging/log4j/log4j-core/2.11.0/log4j-core-2.11.0.jar:/home/user/.m2/repository/com/lmax/disruptor/3.4.2/disruptor-3.4.2.jar:/home/user/.m2/repository/org/apache/commons/commons-pool2/2.6.0/commons-pool2-2.6.0.jar:/home/user/.m2/repository/org/bouncycastle/bcpkix-jdk15on/1.60/bcpkix-jdk15on-1.60.jar:/home/user/.m2/repository/commons-validator/commons-validator/1.6/commons-validator-1.6.jar:/home/user/.m2/repository/commons-digester/commons-digester/1.8.1/commons-digester-1.8.1.jar:/home/user/.m2/repository/io/jaegertracing/jaeger-client/0.34.0/jaeger-client-0.34.0.jar:/home/user/.m2/repository/io/jaegertracing/jaeger-thrift/0.34.0/jaeger-thrift-0.34.0.jar:/home/user/.m2/repository/org/apache/thrift/libthrift/0.12.0/libthrift-0.12.0.jar:/home/user/.m2/repository/com/squareup/okhttp3/okhttp/3.9.0/okhttp-3.9.0.jar:/home/user/.m2/repository/com/squareup/okio/okio/1.13.0/okio-1.13.0.jar:/home/user/.m2/repository/io/jaegertracing/jaeger-core/0.34.0/jaeger-core-0.34.0.jar:/home/user/.m2/repository/io/jaegertracing/jaeger-tracerresolver/0.34.0/jaeger-tracerresolver-0.34.0.jar:/home/user/.m2/repository/io/opentracing/contrib/opentracing-tracerresolver/0.1.5/opentracing-tracerresolver-0.1.5.jar:/home/user/.m2/repository/io/opentracing/opentracing-util/0.31.0/opentracing-util-0.31.0.jar:/home/user/.m2/repository/io/opentracing/opentracing-api/0.31.0/opentracing-api-0.31.0.jar:/home/user/.m2/repository/io/opentracing/opentracing-noop/0.31.0/opentracing-noop-0.31.0.jar:/home/user/.m2/repository/org/apache/hadoop/hadoop-hdds-server-framework/0.5.0-SNAPSHOT/hadoop-hdds-server-framework-0.5.0-SNAPSHOT.jar:/home/user/.m2/repository/org/apache/hadoop/hadoop-hdds-container-service/0.5.0-SNAPSHOT/hadoop-hdds-container-service-0.5.0-SNAPSHOT.jar:/home/user/.m2/repository/org/apache/hadoop/hadoop-hdds-client/0.5.0-SNAPSHOT/hadoop-hdds-client-0.5.0-SNAPSHOT.jar:/home/user/.m2/repository/org/apache/hadoop/hadoop-hdds-tools/0.5.0-SNAPSHOT/hadoop-hdds-tools-0.5.0-SNAPSHOT.jar:/home/user/.m2/repository/org/apache/hadoop/hadoop-hdds-server-scm/0.5.0-SNAPSHOT/hadoop-hdds-server-scm-0.5.0-SNAPSHOT.jar:/home/user/.m2/repository/org/apache/hadoop/hadoop-hdds-docs/0.5.0-SNAPSHOT/hadoop-hdds-docs-0.5.0-SNAPSHOT.jar:/home/user/.m2/repository/io/dropwizard/metrics/metrics-core/3.2.4/metrics-core-3.2.4.jar:/home/user/.m2/repository/org/hamcrest/hamcrest-all/1.3/hamcrest-all-1.3.jar:/home/user/.m2/repository/org/bouncycastle/bcprov-jdk15on/1.60/bcprov-jdk15on-1.60.jar:/home/user/.m2/repository/info/picocli/picocli/3.9.6/picocli-3.9.6.jar:/home/user/.m2/repository/com/google/protobuf/protobuf-java/2.5.0/protobuf-java-2.5.0.jar:/home/user/.m2/repository/com/google/guava/guava/11.0.2/guava-11.0.2.jar:/home/user/.m2/repository/org/apache/hadoop/hadoop-ozone-ozone-manager/0.5.0-SNAPSHOT/hadoop-ozone-ozone-manager-0.5.0-SNAPSHOT.jar:/home/user/.m2/repository/org/apache/hadoop/hadoop-minikdc/3.2.0/hadoop-minikdc-3.2.0.jar:/home/user/.m2/repository/commons-io/commons-io/2.5/commons-io-2.5.jar:/home/user/.m2/repository/org/apache/kerby/kerb-simplekdc/1.0.1/kerb-simplekdc-1.0.1.jar:/home/user/.m2/repository/org/apache/kerby/kerb-client/1.0.1/kerb-client-1.0.1.jar:/home/user/.m2/repository/org/apache/kerby/kerby-config/1.0.1/kerby-config-1.0.1.jar:/home/user/.m2/repository/org/apache/kerby/kerb-core/1.0.1/kerb-core-1.0.1.jar:/home/user/.m2/repository/org/apache/kerby/kerby-pkix/1.0.1/kerby-pkix-1.0.1.jar:/home/user/.m2/repository/org/apache/kerby/kerby-asn1/1.0.1/kerby-asn1-1.0.1.jar:/home/user/.m2/repository/org/apache/kerby/kerby-util/1.0.1/kerby-util-1.0.1.jar:/home/user/.m2/repository/org/apache/kerby/kerb-common/1.0.1/kerb-common-1.0.1.jar:/home/user/.m2/repository/org/apache/kerby/kerb-crypto/1.0.1/kerb-crypto-1.0.1.jar:/home/user/.m2/repository/org/apache/kerby/kerb-util/1.0.1/kerb-util-1.0.1.jar:/home/user/.m2/repository/org/apache/kerby/token-provider/1.0.1/token-provider-1.0.1.jar:/home/user/.m2/repository/org/apache/kerby/kerb-admin/1.0.1/kerb-admin-1.0.1.jar:/home/user/.m2/repository/org/apache/kerby/kerb-server/1.0.1/kerb-server-1.0.1.jar:/home/user/.m2/repository/org/apache/kerby/kerb-identity/1.0.1/kerb-identity-1.0.1.jar:/home/user/.m2/repository/org/apache/kerby/kerby-xdr/1.0.1/kerby-xdr-1.0.1.jar:/home/user/.m2/repository/org/slf4j/slf4j-log4j12/1.7.25/slf4j-log4j12-1.7.25.jar:/home/user/.m2/repository/org/apache/hadoop/hadoop-ozone-s3gateway/0.5.0-SNAPSHOT/hadoop-ozone-s3gateway-0.5.0-SNAPSHOT.jar:/home/user/.m2/repository/org/jboss/weld/servlet/weld-servlet/2.4.7.Final/weld-servlet-2.4.7.Final.jar:/home/user/.m2/repository/org/glassfish/jersey/containers/jersey-container-servlet-core/2.27/jersey-container-servlet-core-2.27.jar:/home/user/.m2/repository/org/glassfish/hk2/external/javax.inject/2.5.0-b42/javax.inject-2.5.0-b42.jar:/home/user/.m2/repository/org/glassfish/jersey/core/jersey-common/2.27/jersey-common-2.27.jar:/home/user/.m2/repository/org/glassfish/hk2/osgi-resource-locator/1.0.1/osgi-resource-locator-1.0.1.jar:/home/user/.m2/repository/javax/ws/rs/javax.ws.rs-api/2.1/javax.ws.rs-api-2.1.jar:/home/user/.m2/repository/org/glassfish/jersey/ext/cdi/jersey-cdi1x/2.27/jersey-cdi1x-2.27.jar:/home/user/.m2/repository/org/glassfish/jersey/inject/jersey-hk2/2.27/jersey-hk2-2.27.jar:/home/user/.m2/repository/org/glassfish/hk2/hk2-locator/2.5.0-b42/hk2-locator-2.5.0-b42.jar:/home/user/.m2/repository/org/javassist/javassist/3.22.0-CR2/javassist-3.22.0-CR2.jar:/home/user/.m2/repository/org/glassfish/hk2/hk2-api/2.5.0/hk2-api-2.5.0.jar:/home/user/.m2/repository/org/glassfish/hk2/external/jakarta.inject/2.5.0/jakarta.inject-2.5.0.jar:/home/user/.m2/repository/org/glassfish/hk2/hk2-utils/2.5.0/hk2-utils-2.5.0.jar:/home/user/.m2/repository/jakarta/annotation/jakarta.annotation-api/1.3.4/jakarta.annotation-api-1.3.4.jar:/home/user/.m2/repository/org/glassfish/hk2/external/aopalliance-repackaged/2.5.0/aopalliance-repackaged-2.5.0.jar:/home/user/.m2/repository/com/fasterxml/jackson/dataformat/jackson-dataformat-xml/2.9.0/jackson-dataformat-xml-2.9.0.jar:/home/user/.m2/repository/com/fasterxml/jackson/core/jackson-core/2.9.9/jackson-core-2.9.9.jar:/home/user/.m2/repository/com/fasterxml/jackson/module/jackson-module-jaxb-annotations/2.9.9/jackson-module-jaxb-annotations-2.9.9.jar:/home/user/.m2/repository/javax/enterprise/cdi-api/1.2/cdi-api-1.2.jar:/home/user/.m2/repository/javax/el/javax.el-api/3.0.0/javax.el-api-3.0.0.jar:/home/user/.m2/repository/javax/interceptor/javax.interceptor-api/1.2/javax.interceptor-api-1.2.jar:/home/user/.m2/repository/javax/inject/javax.inject/1/javax.inject-1.jar:/home/user/.m2/repository/com/sun/xml/bind/jaxb-impl/2.3.0.1/jaxb-impl-2.3.0.1.jar:/home/user/.m2/repository/com/sun/xml/bind/jaxb-core/2.3.0.1/jaxb-core-2.3.0.1.jar:/home/user/.m2/repository/javax/xml/bind/jaxb-api/2.3.0/jaxb-api-2.3.0.jar:/home/user/.m2/repository/javax/activation/activation/1.1.1/activation-1.1.1.jar:/home/user/.m2/repository/org/apache/hadoop/hadoop-ozone-csi/0.5.0-SNAPSHOT/hadoop-ozone-csi-0.5.0-SNAPSHOT.jar:/home/user/.m2/repository/com/google/protobuf/protobuf-java-util/3.5.1/protobuf-java-util-3.5.1.jar:/home/user/.m2/repository/org/apache/hadoop/hadoop-hdds-config/0.5.0-SNAPSHOT/hadoop-hdds-config-0.5.0-SNAPSHOT.jar:/home/user/.m2/repository/io/grpc/grpc-netty/1.17.1/grpc-netty-1.17.1.jar:/home/user/.m2/repository/io/grpc/grpc-core/1.17.1/grpc-core-1.17.1.jar:/home/user/.m2/repository/io/grpc/grpc-context/1.17.1/grpc-context-1.17.1.jar:/home/user/.m2/repository/com/google/errorprone/error_prone_annotations/2.2.0/error_prone_annotations-2.2.0.jar:/home/user/.m2/repository/org/codehaus/mojo/animal-sniffer-annotations/1.17/animal-sniffer-annotations-1.17.jar:/home/user/.m2/repository/io/opencensus/opencensus-api/0.17.0/opencensus-api-0.17.0.jar:/home/user/.m2/repository/io/opencensus/opencensus-contrib-grpc-metrics/0.17.0/opencensus-contrib-grpc-metrics-0.17.0.jar:/home/user/.m2/repository/io/netty/netty-codec-http2/4.1.30.Final/netty-codec-http2-4.1.30.Final.jar:/home/user/.m2/repository/io/netty/netty-codec-http/4.1.30.Final/netty-codec-http-4.1.30.Final.jar:/home/user/.m2/repository/io/netty/netty-codec/4.1.30.Final/netty-codec-4.1.30.Final.jar:/home/user/.m2/repository/io/netty/netty-handler/4.1.30.Final/netty-handler-4.1.30.Final.jar:/home/user/.m2/repository/io/netty/netty-handler-proxy/4.1.30.Final/netty-handler-proxy-4.1.30.Final.jar:/home/user/.m2/repository/io/netty/netty-codec-socks/4.1.30.Final/netty-codec-socks-4.1.30.Final.jar:/home/user/.m2/repository/io/netty/netty-transport-native-epoll/4.1.30.Final/netty-transport-native-epoll-4.1.30.Final.jar:/home/user/.m2/repository/io/netty/netty-common/4.1.30.Final/netty-common-4.1.30.Final.jar:/home/user/.m2/repository/io/netty/netty-buffer/4.1.30.Final/netty-buffer-4.1.30.Final.jar:/home/user/.m2/repository/io/netty/netty-transport/4.1.30.Final/netty-transport-4.1.30.Final.jar:/home/user/.m2/repository/io/netty/netty-resolver/4.1.30.Final/netty-resolver-4.1.30.Final.jar:/home/user/.m2/repository/io/netty/netty-transport-native-unix-common/4.1.30.Final/netty-transport-native-unix-common-4.1.30.Final.jar:/home/user/.m2/repository/io/grpc/grpc-protobuf/1.17.1/grpc-protobuf-1.17.1.jar:/home/user/.m2/repository/com/google/api/grpc/proto-google-common-protos/1.0.0/proto-google-common-protos-1.0.0.jar:/home/user/.m2/repository/io/grpc/grpc-protobuf-lite/1.17.1/grpc-protobuf-lite-1.17.1.jar:/home/user/.m2/repository/io/grpc/grpc-stub/1.17.1/grpc-stub-1.17.1.jar:/home/user/.m2/repository/org/apache/hadoop/hadoop-ozone-recon/0.5.0-SNAPSHOT/hadoop-ozone-recon-0.5.0-SNAPSHOT.jar:/home/user/.m2/repository/org/apache/hadoop/hadoop-ozone-reconcodegen/0.5.0-SNAPSHOT/hadoop-ozone-reconcodegen-0.5.0-SNAPSHOT.jar:/home/user/.m2/repository/com/google/inject/extensions/guice-multibindings/4.0/guice-multibindings-4.0.jar:/home/user/.m2/repository/com/google/inject/guice/4.0/guice-4.0.jar:/home/user/.m2/repository/aopalliance/aopalliance/1.0/aopalliance-1.0.jar:/home/user/.m2/repository/com/google/inject/extensions/guice-servlet/4.0/guice-servlet-4.0.jar:/home/user/.m2/repository/org/glassfish/jersey/containers/jersey-container-servlet/2.27/jersey-container-servlet-2.27.jar:/home/user/.m2/repository/org/glassfish/hk2/guice-bridge/2.5.0/guice-bridge-2.5.0.jar:/home/user/.m2/repository/org/glassfish/jersey/core/jersey-server/2.27/jersey-server-2.27.jar:/home/user/.m2/repository/org/glassfish/jersey/core/jersey-client/2.27/jersey-client-2.27.jar:/home/user/.m2/repository/org/glassfish/jersey/media/jersey-media-jaxb/2.27/jersey-media-jaxb-2.27.jar:/home/user/.m2/repository/javax/validation/validation-api/1.1.0.Final/validation-api-1.1.0.Final.jar:/home/user/.m2/repository/org/glassfish/jersey/media/jersey-media-json-jackson/2.27/jersey-media-json-jackson-2.27.jar:/home/user/.m2/repository/org/glassfish/jersey/ext/jersey-entity-filtering/2.27/jersey-entity-filtering-2.27.jar:/home/user/.m2/repository/com/google/inject/extensions/guice-assistedinject/4.0/guice-assistedinject-4.0.jar:/home/user/.m2/repository/org/jooq/jooq/3.11.10/jooq-3.11.10.jar:/home/user/.m2/repository/org/jooq/jooq-meta/3.11.10/jooq-meta-3.11.10.jar:/home/user/.m2/repository/org/jooq/jooq-codegen/3.11.10/jooq-codegen-3.11.10.jar:/home/user/.m2/repository/com/jolbox/bonecp/0.8.0.RELEASE/bonecp-0.8.0.RELEASE.jar:/home/user/.m2/repository/org/xerial/sqlite-jdbc/3.25.2/sqlite-jdbc-3.25.2.jar:/home/user/.m2/repository/org/springframework/spring-jdbc/5.1.3.RELEASE/spring-jdbc-5.1.3.RELEASE.jar:/home/user/.m2/repository/org/springframework/spring-beans/5.1.3.RELEASE/spring-beans-5.1.3.RELEASE.jar:/home/user/.m2/repository/org/springframework/spring-core/5.1.3.RELEASE/spring-core-5.1.3.RELEASE.jar:/home/user/.m2/repository/org/springframework/spring-jcl/5.1.3.RELEASE/spring-jcl-5.1.3.RELEASE.jar:/home/user/.m2/repository/org/springframework/spring-tx/5.1.3.RELEASE/spring-tx-5.1.3.RELEASE.jar:/home/user/.m2/repository/org/apache/hadoop/hadoop-ozone-client/0.5.0-SNAPSHOT/hadoop-ozone-client-0.5.0-SNAPSHOT.jar:/home/user/.m2/repository/commons-lang/commons-lang/2.6/commons-lang-2.6.jar:/home/user/.m2/repository/org/apache/hadoop/hadoop-ozone-ozone-manager/0.5.0-SNAPSHOT/hadoop-ozone-ozone-manager-0.5.0-SNAPSHOT-tests.jar:/home/user/.m2/repository/junit/junit/4.11/junit-4.11.jar:/home/user/.m2/repository/org/hamcrest/hamcrest-core/1.3/hamcrest-core-1.3.jar:/home/user/.m2/repository/org/openjdk/jmh/jmh-core/1.19/jmh-core-1.19.jar:/home/user/.m2/repository/net/sf/jopt-simple/jopt-simple/4.6/jopt-simple-4.6.jar:/home/user/.m2/repository/org/apache/commons/commons-math3/3.1.1/commons-math3-3.1.1.jar:/home/user/.m2/repository/org/openjdk/jmh/jmh-generator-annprocess/1.19/jmh-generator-annprocess-1.19.jar:/home/user/.m2/repository/org/mockito/mockito-all/1.8.5/mockito-all-1.8.5.jar:/home/user/.m2/repository/org/apache/hadoop/hadoop-kms/3.2.0/hadoop-kms-3.2.0.jar:/home/user/.m2/repository/org/apache/hadoop/hadoop-auth/3.2.0/hadoop-auth-3.2.0.jar:/home/user/.m2/repository/com/nimbusds/nimbus-jose-jwt/4.41.1/nimbus-jose-jwt-4.41.1.jar:/home/user/.m2/repository/com/github/stephenc/jcip/jcip-annotations/1.0-1/jcip-annotations-1.0-1.jar:/home/user/.m2/repository/net/minidev/json-smart/2.3/json-smart-2.3.jar:/home/user/.m2/repository/net/minidev/accessors-smart/1.2/accessors-smart-1.2.jar:/home/user/.m2/repository/org/ow2/asm/asm/5.0.4/asm-5.0.4.jar:/home/user/.m2/repository/org/apache/curator/curator-framework/2.12.0/curator-framework-2.12.0.jar:/home/user/.m2/repository/com/sun/jersey/jersey-core/1.19/jersey-core-1.19.jar:/home/user/.m2/repository/javax/ws/rs/jsr311-api/1.1.1/jsr311-api-1.1.1.jar:/home/user/.m2/repository/com/sun/jersey/jersey-server/1.19/jersey-server-1.19.jar:/home/user/.m2/repository/javax/servlet/javax.servlet-api/3.1.0/javax.servlet-api-3.1.0.jar:/home/user/.m2/repository/org/eclipse/jetty/jetty-server/9.3.25.v20180904/jetty-server-9.3.25.v20180904.jar:/home/user/.m2/repository/org/eclipse/jetty/jetty-http/9.3.25.v20180904/jetty-http-9.3.25.v20180904.jar:/home/user/.m2/repository/org/eclipse/jetty/jetty-io/9.3.25.v20180904/jetty-io-9.3.25.v20180904.jar:/home/user/.m2/repository/org/eclipse/jetty/jetty-webapp/9.3.25.v20180904/jetty-webapp-9.3.25.v20180904.jar:/home/user/.m2/repository/org/eclipse/jetty/jetty-xml/9.3.25.v20180904/jetty-xml-9.3.25.v20180904.jar:/home/user/.m2/repository/log4j/log4j/1.2.17/log4j-1.2.17.jar:/home/user/.m2/repository/org/slf4j/slf4j-api/1.7.25/slf4j-api-1.7.25.jar:/home/user/.m2/repository/org/slf4j/jul-to-slf4j/1.7.25/jul-to-slf4j-1.7.25.jar:/home/user/.m2/repository/org/eclipse/jetty/jetty-util/9.3.25.v20180904/jetty-util-9.3.25.v20180904.jar:/home/user/.m2/repository/com/fasterxml/jackson/core/jackson-databind/2.9.9/jackson-databind-2.9.9.jar:/home/user/.m2/repository/org/apache/hadoop/hadoop-kms/3.2.0/hadoop-kms-3.2.0-tests.jar:/home/user/.m2/repository/org/apache/hadoop/hadoop-hdds-server-scm/0.5.0-SNAPSHOT/hadoop-hdds-server-scm-0.5.0-SNAPSHOT-tests.jar:/home/user/.m2/repository/org/apache/hadoop/hadoop-hdds-container-service/0.5.0-SNAPSHOT/hadoop-hdds-container-service-0.5.0-SNAPSHOT-tests.jar:/home/user/.m2/repository/org/yaml/snakeyaml/1.16/snakeyaml-1.16.jar:/home/user/.m2/repository/org/apache/hadoop/hadoop-common/3.2.0/hadoop-common-3.2.0-tests.jar:/home/user/.m2/repository/org/apache/hadoop/hadoop-annotations/3.2.0/hadoop-annotations-3.2.0.jar:/usr/lib/jvm/java-1.8.0-openjdk-1.8.0.222.b10-1.el7_7.x86_64/jre/../lib/tools.jar:/home/user/.m2/repository/commons-cli/commons-cli/1.2/commons-cli-1.2.jar:/home/user/.m2/repository/org/apache/httpcomponents/httpclient/4.5.2/httpclient-4.5.2.jar:/home/user/.m2/repository/org/apache/httpcomponents/httpcore/4.4.4/httpcore-4.4.4.jar:/home/user/.m2/repository/commons-codec/commons-codec/1.11/commons-codec-1.11.jar:/home/user/.m2/repository/commons-net/commons-net/3.6/commons-net-3.6.jar:/home/user/.m2/repository/commons-collections/commons-collections/3.2.2/commons-collections-3.2.2.jar:/home/user/.m2/repository/org/eclipse/jetty/jetty-servlet/9.3.25.v20180904/jetty-servlet-9.3.25.v20180904.jar:/home/user/.m2/repository/org/eclipse/jetty/jetty-security/9.3.25.v20180904/jetty-security-9.3.25.v20180904.jar:/home/user/.m2/repository/javax/servlet/jsp/jsp-api/2.1/jsp-api-2.1.jar:/home/user/.m2/repository/com/sun/jersey/jersey-servlet/1.19/jersey-servlet-1.19.jar:/home/user/.m2/repository/com/sun/jersey/jersey-json/1.19/jersey-json-1.19.jar:/home/user/.m2/repository/org/codehaus/jettison/jettison/1.1/jettison-1.1.jar:/home/user/.m2/repository/org/codehaus/jackson/jackson-core-asl/1.9.13/jackson-core-asl-1.9.13.jar:/home/user/.m2/repository/org/codehaus/jackson/jackson-mapper-asl/1.9.13/jackson-mapper-asl-1.9.13.jar:/home/user/.m2/repository/org/codehaus/jackson/jackson-jaxrs/1.9.13/jackson-jaxrs-1.9.13.jar:/home/user/.m2/repository/org/codehaus/jackson/jackson-xc/1.9.13/jackson-xc-1.9.13.jar:/home/user/.m2/repository/commons-logging/commons-logging/1.1.3/commons-logging-1.1.3.jar:/home/user/.m2/repository/commons-beanutils/commons-beanutils/1.9.4/commons-beanutils-1.9.4.jar:/home/user/.m2/repository/org/apache/commons/commons-configuration2/2.1.1/commons-configuration2-2.1.1.jar:/home/user/.m2/repository/org/apache/commons/commons-lang3/3.7/commons-lang3-3.7.jar:/home/user/.m2/repository/org/apache/commons/commons-text/1.4/commons-text-1.4.jar:/home/user/.m2/repository/org/apache/avro/avro/1.7.7/avro-1.7.7.jar:/home/user/.m2/repository/com/thoughtworks/paranamer/paranamer/2.3/paranamer-2.3.jar:/home/user/.m2/repository/org/xerial/snappy/snappy-java/1.0.5/snappy-java-1.0.5.jar:/home/user/.m2/repository/com/google/re2j/re2j/1.1/re2j-1.1.jar:/home/user/.m2/repository/com/google/code/gson/gson/2.2.4/gson-2.2.4.jar:/home/user/.m2/repository/com/jcraft/jsch/0.1.54/jsch-0.1.54.jar:/home/user/.m2/repository/org/apache/curator/curator-client/2.12.0/curator-client-2.12.0.jar:/home/user/.m2/repository/org/apache/curator/curator-recipes/2.12.0/curator-recipes-2.12.0.jar:/home/user/.m2/repository/com/google/code/findbugs/jsr305/3.0.0/jsr305-3.0.0.jar:/home/user/.m2/repository/org/apache/htrace/htrace-core4/4.1.0-incubating/htrace-core4-4.1.0-incubating.jar:/home/user/.m2/repository/org/apache/zookeeper/zookeeper/3.4.13/zookeeper-3.4.13.jar:/home/user/.m2/repository/jline/jline/0.9.94/jline-0.9.94.jar:/home/user/.m2/repository/org/apache/yetus/audience-annotations/0.5.0/audience-annotations-0.5.0.jar:/home/user/.m2/repository/org/codehaus/woodstox/stax2-api/3.1.4/stax2-api-3.1.4.jar:/home/user/.m2/repository/com/fasterxml/woodstox/woodstox-core/5.0.3/woodstox-core-5.0.3.jar:/home/user/.m2/repository/dnsjava/dnsjava/2.1.7/dnsjava-2.1.7.jar:/home/user/.m2/repository/org/apache/hadoop/hadoop-hdfs/3.2.0/hadoop-hdfs-3.2.0-tests.jar:/home/user/.m2/repository/org/eclipse/jetty/jetty-util-ajax/9.3.25.v20180904/jetty-util-ajax-9.3.25.v20180904.jar:/home/user/.m2/repository/commons-daemon/commons-daemon/1.0.13/commons-daemon-1.0.13.jar:/home/user/.m2/repository/io/netty/netty/3.10.5.Final/netty-3.10.5.Final.jar:/home/user/.m2/repository/io/netty/netty-all/4.0.52.Final/netty-all-4.0.52.Final.jar:/home/user/.m2/repository/org/fusesource/leveldbjni/leveldbjni-all/1.8/leveldbjni-all-1.8.jar:"/>
    <property name="java.vm.vendor" value="Oracle Corporation"/>
    <property name="sun.arch.data.model" value="64"/>
    <property name="test.build.dir" value="/workdir/hadoop-ozone/integration-test/target/test-dir"/>
    <property name="test.cache.data" value=""/>
    <property name="java.vendor.url" value="http://java.oracle.com/"/>
    <property name="user.timezone" value=""/>
    <property name="java.vm.specification.version" value="1.8"/>
    <property name="os.name" value="Linux"/>
    <property name="test.build.data" value="/workdir/hadoop-ozone/integration-test/target/test-dir"/>
    <property name="user.country" value="US"/>
    <property name="sun.java.launcher" value="SUN_STANDARD"/>
    <property name="sun.boot.library.path" value="/usr/lib/jvm/java-1.8.0-openjdk-1.8.0.222.b10-1.el7_7.x86_64/jre/lib/amd64"/>
    <property name="sun.java.command" value="/workdir/hadoop-ozone/integration-test/target/surefire/surefirebooter2853378646963196734.jar /workdir/hadoop-ozone/integration-test/target/surefire 2019-10-25T01-44-22_232-jvmRun1 surefire9196837948941551738tmp surefire_428069242335707006772tmp"/>
    <property name="surefire.test.class.path" value="/workdir/hadoop-ozone/integration-test/target/test-classes:/workdir/hadoop-ozone/integration-test/target/classes:/home/user/.m2/repository/org/apache/hadoop/hadoop-ozone-common/0.5.0-SNAPSHOT/hadoop-ozone-common-0.5.0-SNAPSHOT.jar:/home/user/.m2/repository/org/apache/commons/commons-compress/1.4.1/commons-compress-1.4.1.jar:/home/user/.m2/repository/org/tukaani/xz/1.0/xz-1.0.jar:/home/user/.m2/repository/org/apache/hadoop/hadoop-common/3.2.0/hadoop-common-3.2.0.jar:/home/user/.m2/repository/org/apache/hadoop/hadoop-hdfs/3.2.0/hadoop-hdfs-3.2.0.jar:/home/user/.m2/repository/org/apache/hadoop/hadoop-hdfs-client/3.2.0/hadoop-hdfs-client-3.2.0.jar:/home/user/.m2/repository/com/fasterxml/jackson/core/jackson-annotations/2.9.9/jackson-annotations-2.9.9.jar:/home/user/.m2/repository/org/apache/hadoop/hadoop-hdds-common/0.5.0-SNAPSHOT/hadoop-hdds-common-0.5.0-SNAPSHOT.jar:/home/user/.m2/repository/javax/annotation/javax.annotation-api/1.2/javax.annotation-api-1.2.jar:/home/user/.m2/repository/org/apache/ratis/ratis-server/0.5.0-ced7dbf-SNAPSHOT/ratis-server-0.5.0-ced7dbf-SNAPSHOT.jar:/home/user/.m2/repository/org/apache/ratis/ratis-thirdparty-misc/0.2.0/ratis-thirdparty-misc-0.2.0.jar:/home/user/.m2/repository/org/apache/ratis/ratis-proto/0.5.0-ced7dbf-SNAPSHOT/ratis-proto-0.5.0-ced7dbf-SNAPSHOT.jar:/home/user/.m2/repository/org/apache/ratis/ratis-common/0.5.0-ced7dbf-SNAPSHOT/ratis-common-0.5.0-ced7dbf-SNAPSHOT.jar:/home/user/.m2/repository/org/apache/ratis/ratis-client/0.5.0-ced7dbf-SNAPSHOT/ratis-client-0.5.0-ced7dbf-SNAPSHOT.jar:/home/user/.m2/repository/org/apache/ratis/ratis-metrics/0.5.0-ced7dbf-SNAPSHOT/ratis-metrics-0.5.0-ced7dbf-SNAPSHOT.jar:/home/user/.m2/repository/org/apache/ratis/ratis-netty/0.5.0-ced7dbf-SNAPSHOT/ratis-netty-0.5.0-ced7dbf-SNAPSHOT.jar:/home/user/.m2/repository/org/apache/ratis/ratis-grpc/0.5.0-ced7dbf-SNAPSHOT/ratis-grpc-0.5.0-ced7dbf-SNAPSHOT.jar:/home/user/.m2/repository/org/rocksdb/rocksdbjni/6.0.1/rocksdbjni-6.0.1.jar:/home/user/.m2/repository/org/apache/logging/log4j/log4j-api/2.11.0/log4j-api-2.11.0.jar:/home/user/.m2/repository/org/apache/logging/log4j/log4j-core/2.11.0/log4j-core-2.11.0.jar:/home/user/.m2/repository/com/lmax/disruptor/3.4.2/disruptor-3.4.2.jar:/home/user/.m2/repository/org/apache/commons/commons-pool2/2.6.0/commons-pool2-2.6.0.jar:/home/user/.m2/repository/org/bouncycastle/bcpkix-jdk15on/1.60/bcpkix-jdk15on-1.60.jar:/home/user/.m2/repository/commons-validator/commons-validator/1.6/commons-validator-1.6.jar:/home/user/.m2/repository/commons-digester/commons-digester/1.8.1/commons-digester-1.8.1.jar:/home/user/.m2/repository/io/jaegertracing/jaeger-client/0.34.0/jaeger-client-0.34.0.jar:/home/user/.m2/repository/io/jaegertracing/jaeger-thrift/0.34.0/jaeger-thrift-0.34.0.jar:/home/user/.m2/repository/org/apache/thrift/libthrift/0.12.0/libthrift-0.12.0.jar:/home/user/.m2/repository/com/squareup/okhttp3/okhttp/3.9.0/okhttp-3.9.0.jar:/home/user/.m2/repository/com/squareup/okio/okio/1.13.0/okio-1.13.0.jar:/home/user/.m2/repository/io/jaegertracing/jaeger-core/0.34.0/jaeger-core-0.34.0.jar:/home/user/.m2/repository/io/jaegertracing/jaeger-tracerresolver/0.34.0/jaeger-tracerresolver-0.34.0.jar:/home/user/.m2/repository/io/opentracing/contrib/opentracing-tracerresolver/0.1.5/opentracing-tracerresolver-0.1.5.jar:/home/user/.m2/repository/io/opentracing/opentracing-util/0.31.0/opentracing-util-0.31.0.jar:/home/user/.m2/repository/io/opentracing/opentracing-api/0.31.0/opentracing-api-0.31.0.jar:/home/user/.m2/repository/io/opentracing/opentracing-noop/0.31.0/opentracing-noop-0.31.0.jar:/home/user/.m2/repository/org/apache/hadoop/hadoop-hdds-server-framework/0.5.0-SNAPSHOT/hadoop-hdds-server-framework-0.5.0-SNAPSHOT.jar:/home/user/.m2/repository/org/apache/hadoop/hadoop-hdds-container-service/0.5.0-SNAPSHOT/hadoop-hdds-container-service-0.5.0-SNAPSHOT.jar:/home/user/.m2/repository/org/apache/hadoop/hadoop-hdds-client/0.5.0-SNAPSHOT/hadoop-hdds-client-0.5.0-SNAPSHOT.jar:/home/user/.m2/repository/org/apache/hadoop/hadoop-hdds-tools/0.5.0-SNAPSHOT/hadoop-hdds-tools-0.5.0-SNAPSHOT.jar:/home/user/.m2/repository/org/apache/hadoop/hadoop-hdds-server-scm/0.5.0-SNAPSHOT/hadoop-hdds-server-scm-0.5.0-SNAPSHOT.jar:/home/user/.m2/repository/org/apache/hadoop/hadoop-hdds-docs/0.5.0-SNAPSHOT/hadoop-hdds-docs-0.5.0-SNAPSHOT.jar:/home/user/.m2/repository/io/dropwizard/metrics/metrics-core/3.2.4/metrics-core-3.2.4.jar:/home/user/.m2/repository/org/hamcrest/hamcrest-all/1.3/hamcrest-all-1.3.jar:/home/user/.m2/repository/org/bouncycastle/bcprov-jdk15on/1.60/bcprov-jdk15on-1.60.jar:/home/user/.m2/repository/info/picocli/picocli/3.9.6/picocli-3.9.6.jar:/home/user/.m2/repository/com/google/protobuf/protobuf-java/2.5.0/protobuf-java-2.5.0.jar:/home/user/.m2/repository/com/google/guava/guava/11.0.2/guava-11.0.2.jar:/home/user/.m2/repository/org/apache/hadoop/hadoop-ozone-ozone-manager/0.5.0-SNAPSHOT/hadoop-ozone-ozone-manager-0.5.0-SNAPSHOT.jar:/home/user/.m2/repository/org/apache/hadoop/hadoop-minikdc/3.2.0/hadoop-minikdc-3.2.0.jar:/home/user/.m2/repository/commons-io/commons-io/2.5/commons-io-2.5.jar:/home/user/.m2/repository/org/apache/kerby/kerb-simplekdc/1.0.1/kerb-simplekdc-1.0.1.jar:/home/user/.m2/repository/org/apache/kerby/kerb-client/1.0.1/kerb-client-1.0.1.jar:/home/user/.m2/repository/org/apache/kerby/kerby-config/1.0.1/kerby-config-1.0.1.jar:/home/user/.m2/repository/org/apache/kerby/kerb-core/1.0.1/kerb-core-1.0.1.jar:/home/user/.m2/repository/org/apache/kerby/kerby-pkix/1.0.1/kerby-pkix-1.0.1.jar:/home/user/.m2/repository/org/apache/kerby/kerby-asn1/1.0.1/kerby-asn1-1.0.1.jar:/home/user/.m2/repository/org/apache/kerby/kerby-util/1.0.1/kerby-util-1.0.1.jar:/home/user/.m2/repository/org/apache/kerby/kerb-common/1.0.1/kerb-common-1.0.1.jar:/home/user/.m2/repository/org/apache/kerby/kerb-crypto/1.0.1/kerb-crypto-1.0.1.jar:/home/user/.m2/repository/org/apache/kerby/kerb-util/1.0.1/kerb-util-1.0.1.jar:/home/user/.m2/repository/org/apache/kerby/token-provider/1.0.1/token-provider-1.0.1.jar:/home/user/.m2/repository/org/apache/kerby/kerb-admin/1.0.1/kerb-admin-1.0.1.jar:/home/user/.m2/repository/org/apache/kerby/kerb-server/1.0.1/kerb-server-1.0.1.jar:/home/user/.m2/repository/org/apache/kerby/kerb-identity/1.0.1/kerb-identity-1.0.1.jar:/home/user/.m2/repository/org/apache/kerby/kerby-xdr/1.0.1/kerby-xdr-1.0.1.jar:/home/user/.m2/repository/org/slf4j/slf4j-log4j12/1.7.25/slf4j-log4j12-1.7.25.jar:/home/user/.m2/repository/org/apache/hadoop/hadoop-ozone-s3gateway/0.5.0-SNAPSHOT/hadoop-ozone-s3gateway-0.5.0-SNAPSHOT.jar:/home/user/.m2/repository/org/jboss/weld/servlet/weld-servlet/2.4.7.Final/weld-servlet-2.4.7.Final.jar:/home/user/.m2/repository/org/glassfish/jersey/containers/jersey-container-servlet-core/2.27/jersey-container-servlet-core-2.27.jar:/home/user/.m2/repository/org/glassfish/hk2/external/javax.inject/2.5.0-b42/javax.inject-2.5.0-b42.jar:/home/user/.m2/repository/org/glassfish/jersey/core/jersey-common/2.27/jersey-common-2.27.jar:/home/user/.m2/repository/org/glassfish/hk2/osgi-resource-locator/1.0.1/osgi-resource-locator-1.0.1.jar:/home/user/.m2/repository/javax/ws/rs/javax.ws.rs-api/2.1/javax.ws.rs-api-2.1.jar:/home/user/.m2/repository/org/glassfish/jersey/ext/cdi/jersey-cdi1x/2.27/jersey-cdi1x-2.27.jar:/home/user/.m2/repository/org/glassfish/jersey/inject/jersey-hk2/2.27/jersey-hk2-2.27.jar:/home/user/.m2/repository/org/glassfish/hk2/hk2-locator/2.5.0-b42/hk2-locator-2.5.0-b42.jar:/home/user/.m2/repository/org/javassist/javassist/3.22.0-CR2/javassist-3.22.0-CR2.jar:/home/user/.m2/repository/org/glassfish/hk2/hk2-api/2.5.0/hk2-api-2.5.0.jar:/home/user/.m2/repository/org/glassfish/hk2/external/jakarta.inject/2.5.0/jakarta.inject-2.5.0.jar:/home/user/.m2/repository/org/glassfish/hk2/hk2-utils/2.5.0/hk2-utils-2.5.0.jar:/home/user/.m2/repository/jakarta/annotation/jakarta.annotation-api/1.3.4/jakarta.annotation-api-1.3.4.jar:/home/user/.m2/repository/org/glassfish/hk2/external/aopalliance-repackaged/2.5.0/aopalliance-repackaged-2.5.0.jar:/home/user/.m2/repository/com/fasterxml/jackson/dataformat/jackson-dataformat-xml/2.9.0/jackson-dataformat-xml-2.9.0.jar:/home/user/.m2/repository/com/fasterxml/jackson/core/jackson-core/2.9.9/jackson-core-2.9.9.jar:/home/user/.m2/repository/com/fasterxml/jackson/module/jackson-module-jaxb-annotations/2.9.9/jackson-module-jaxb-annotations-2.9.9.jar:/home/user/.m2/repository/javax/enterprise/cdi-api/1.2/cdi-api-1.2.jar:/home/user/.m2/repository/javax/el/javax.el-api/3.0.0/javax.el-api-3.0.0.jar:/home/user/.m2/repository/javax/interceptor/javax.interceptor-api/1.2/javax.interceptor-api-1.2.jar:/home/user/.m2/repository/javax/inject/javax.inject/1/javax.inject-1.jar:/home/user/.m2/repository/com/sun/xml/bind/jaxb-impl/2.3.0.1/jaxb-impl-2.3.0.1.jar:/home/user/.m2/repository/com/sun/xml/bind/jaxb-core/2.3.0.1/jaxb-core-2.3.0.1.jar:/home/user/.m2/repository/javax/xml/bind/jaxb-api/2.3.0/jaxb-api-2.3.0.jar:/home/user/.m2/repository/javax/activation/activation/1.1.1/activation-1.1.1.jar:/home/user/.m2/repository/org/apache/hadoop/hadoop-ozone-csi/0.5.0-SNAPSHOT/hadoop-ozone-csi-0.5.0-SNAPSHOT.jar:/home/user/.m2/repository/com/google/protobuf/protobuf-java-util/3.5.1/protobuf-java-util-3.5.1.jar:/home/user/.m2/repository/org/apache/hadoop/hadoop-hdds-config/0.5.0-SNAPSHOT/hadoop-hdds-config-0.5.0-SNAPSHOT.jar:/home/user/.m2/repository/io/grpc/grpc-netty/1.17.1/grpc-netty-1.17.1.jar:/home/user/.m2/repository/io/grpc/grpc-core/1.17.1/grpc-core-1.17.1.jar:/home/user/.m2/repository/io/grpc/grpc-context/1.17.1/grpc-context-1.17.1.jar:/home/user/.m2/repository/com/google/errorprone/error_prone_annotations/2.2.0/error_prone_annotations-2.2.0.jar:/home/user/.m2/repository/org/codehaus/mojo/animal-sniffer-annotations/1.17/animal-sniffer-annotations-1.17.jar:/home/user/.m2/repository/io/opencensus/opencensus-api/0.17.0/opencensus-api-0.17.0.jar:/home/user/.m2/repository/io/opencensus/opencensus-contrib-grpc-metrics/0.17.0/opencensus-contrib-grpc-metrics-0.17.0.jar:/home/user/.m2/repository/io/netty/netty-codec-http2/4.1.30.Final/netty-codec-http2-4.1.30.Final.jar:/home/user/.m2/repository/io/netty/netty-codec-http/4.1.30.Final/netty-codec-http-4.1.30.Final.jar:/home/user/.m2/repository/io/netty/netty-codec/4.1.30.Final/netty-codec-4.1.30.Final.jar:/home/user/.m2/repository/io/netty/netty-handler/4.1.30.Final/netty-handler-4.1.30.Final.jar:/home/user/.m2/repository/io/netty/netty-handler-proxy/4.1.30.Final/netty-handler-proxy-4.1.30.Final.jar:/home/user/.m2/repository/io/netty/netty-codec-socks/4.1.30.Final/netty-codec-socks-4.1.30.Final.jar:/home/user/.m2/repository/io/netty/netty-transport-native-epoll/4.1.30.Final/netty-transport-native-epoll-4.1.30.Final.jar:/home/user/.m2/repository/io/netty/netty-common/4.1.30.Final/netty-common-4.1.30.Final.jar:/home/user/.m2/repository/io/netty/netty-buffer/4.1.30.Final/netty-buffer-4.1.30.Final.jar:/home/user/.m2/repository/io/netty/netty-transport/4.1.30.Final/netty-transport-4.1.30.Final.jar:/home/user/.m2/repository/io/netty/netty-resolver/4.1.30.Final/netty-resolver-4.1.30.Final.jar:/home/user/.m2/repository/io/netty/netty-transport-native-unix-common/4.1.30.Final/netty-transport-native-unix-common-4.1.30.Final.jar:/home/user/.m2/repository/io/grpc/grpc-protobuf/1.17.1/grpc-protobuf-1.17.1.jar:/home/user/.m2/repository/com/google/api/grpc/proto-google-common-protos/1.0.0/proto-google-common-protos-1.0.0.jar:/home/user/.m2/repository/io/grpc/grpc-protobuf-lite/1.17.1/grpc-protobuf-lite-1.17.1.jar:/home/user/.m2/repository/io/grpc/grpc-stub/1.17.1/grpc-stub-1.17.1.jar:/home/user/.m2/repository/org/apache/hadoop/hadoop-ozone-recon/0.5.0-SNAPSHOT/hadoop-ozone-recon-0.5.0-SNAPSHOT.jar:/home/user/.m2/repository/org/apache/hadoop/hadoop-ozone-reconcodegen/0.5.0-SNAPSHOT/hadoop-ozone-reconcodegen-0.5.0-SNAPSHOT.jar:/home/user/.m2/repository/com/google/inject/extensions/guice-multibindings/4.0/guice-multibindings-4.0.jar:/home/user/.m2/repository/com/google/inject/guice/4.0/guice-4.0.jar:/home/user/.m2/repository/aopalliance/aopalliance/1.0/aopalliance-1.0.jar:/home/user/.m2/repository/com/google/inject/extensions/guice-servlet/4.0/guice-servlet-4.0.jar:/home/user/.m2/repository/org/glassfish/jersey/containers/jersey-container-servlet/2.27/jersey-container-servlet-2.27.jar:/home/user/.m2/repository/org/glassfish/hk2/guice-bridge/2.5.0/guice-bridge-2.5.0.jar:/home/user/.m2/repository/org/glassfish/jersey/core/jersey-server/2.27/jersey-server-2.27.jar:/home/user/.m2/repository/org/glassfish/jersey/core/jersey-client/2.27/jersey-client-2.27.jar:/home/user/.m2/repository/org/glassfish/jersey/media/jersey-media-jaxb/2.27/jersey-media-jaxb-2.27.jar:/home/user/.m2/repository/javax/validation/validation-api/1.1.0.Final/validation-api-1.1.0.Final.jar:/home/user/.m2/repository/org/glassfish/jersey/media/jersey-media-json-jackson/2.27/jersey-media-json-jackson-2.27.jar:/home/user/.m2/repository/org/glassfish/jersey/ext/jersey-entity-filtering/2.27/jersey-entity-filtering-2.27.jar:/home/user/.m2/repository/com/google/inject/extensions/guice-assistedinject/4.0/guice-assistedinject-4.0.jar:/home/user/.m2/repository/org/jooq/jooq/3.11.10/jooq-3.11.10.jar:/home/user/.m2/repository/org/jooq/jooq-meta/3.11.10/jooq-meta-3.11.10.jar:/home/user/.m2/repository/org/jooq/jooq-codegen/3.11.10/jooq-codegen-3.11.10.jar:/home/user/.m2/repository/com/jolbox/bonecp/0.8.0.RELEASE/bonecp-0.8.0.RELEASE.jar:/home/user/.m2/repository/org/xerial/sqlite-jdbc/3.25.2/sqlite-jdbc-3.25.2.jar:/home/user/.m2/repository/org/springframework/spring-jdbc/5.1.3.RELEASE/spring-jdbc-5.1.3.RELEASE.jar:/home/user/.m2/repository/org/springframework/spring-beans/5.1.3.RELEASE/spring-beans-5.1.3.RELEASE.jar:/home/user/.m2/repository/org/springframework/spring-core/5.1.3.RELEASE/spring-core-5.1.3.RELEASE.jar:/home/user/.m2/repository/org/springframework/spring-jcl/5.1.3.RELEASE/spring-jcl-5.1.3.RELEASE.jar:/home/user/.m2/repository/org/springframework/spring-tx/5.1.3.RELEASE/spring-tx-5.1.3.RELEASE.jar:/home/user/.m2/repository/org/apache/hadoop/hadoop-ozone-client/0.5.0-SNAPSHOT/hadoop-ozone-client-0.5.0-SNAPSHOT.jar:/home/user/.m2/repository/commons-lang/commons-lang/2.6/commons-lang-2.6.jar:/home/user/.m2/repository/org/apache/hadoop/hadoop-ozone-ozone-manager/0.5.0-SNAPSHOT/hadoop-ozone-ozone-manager-0.5.0-SNAPSHOT-tests.jar:/home/user/.m2/repository/junit/junit/4.11/junit-4.11.jar:/home/user/.m2/repository/org/hamcrest/hamcrest-core/1.3/hamcrest-core-1.3.jar:/home/user/.m2/repository/org/openjdk/jmh/jmh-core/1.19/jmh-core-1.19.jar:/home/user/.m2/repository/net/sf/jopt-simple/jopt-simple/4.6/jopt-simple-4.6.jar:/home/user/.m2/repository/org/apache/commons/commons-math3/3.1.1/commons-math3-3.1.1.jar:/home/user/.m2/repository/org/openjdk/jmh/jmh-generator-annprocess/1.19/jmh-generator-annprocess-1.19.jar:/home/user/.m2/repository/org/mockito/mockito-all/1.8.5/mockito-all-1.8.5.jar:/home/user/.m2/repository/org/apache/hadoop/hadoop-kms/3.2.0/hadoop-kms-3.2.0.jar:/home/user/.m2/repository/org/apache/hadoop/hadoop-auth/3.2.0/hadoop-auth-3.2.0.jar:/home/user/.m2/repository/com/nimbusds/nimbus-jose-jwt/4.41.1/nimbus-jose-jwt-4.41.1.jar:/home/user/.m2/repository/com/github/stephenc/jcip/jcip-annotations/1.0-1/jcip-annotations-1.0-1.jar:/home/user/.m2/repository/net/minidev/json-smart/2.3/json-smart-2.3.jar:/home/user/.m2/repository/net/minidev/accessors-smart/1.2/accessors-smart-1.2.jar:/home/user/.m2/repository/org/ow2/asm/asm/5.0.4/asm-5.0.4.jar:/home/user/.m2/repository/org/apache/curator/curator-framework/2.12.0/curator-framework-2.12.0.jar:/home/user/.m2/repository/com/sun/jersey/jersey-core/1.19/jersey-core-1.19.jar:/home/user/.m2/repository/javax/ws/rs/jsr311-api/1.1.1/jsr311-api-1.1.1.jar:/home/user/.m2/repository/com/sun/jersey/jersey-server/1.19/jersey-server-1.19.jar:/home/user/.m2/repository/javax/servlet/javax.servlet-api/3.1.0/javax.servlet-api-3.1.0.jar:/home/user/.m2/repository/org/eclipse/jetty/jetty-server/9.3.25.v20180904/jetty-server-9.3.25.v20180904.jar:/home/user/.m2/repository/org/eclipse/jetty/jetty-http/9.3.25.v20180904/jetty-http-9.3.25.v20180904.jar:/home/user/.m2/repository/org/eclipse/jetty/jetty-io/9.3.25.v20180904/jetty-io-9.3.25.v20180904.jar:/home/user/.m2/repository/org/eclipse/jetty/jetty-webapp/9.3.25.v20180904/jetty-webapp-9.3.25.v20180904.jar:/home/user/.m2/repository/org/eclipse/jetty/jetty-xml/9.3.25.v20180904/jetty-xml-9.3.25.v20180904.jar:/home/user/.m2/repository/log4j/log4j/1.2.17/log4j-1.2.17.jar:/home/user/.m2/repository/org/slf4j/slf4j-api/1.7.25/slf4j-api-1.7.25.jar:/home/user/.m2/repository/org/slf4j/jul-to-slf4j/1.7.25/jul-to-slf4j-1.7.25.jar:/home/user/.m2/repository/org/eclipse/jetty/jetty-util/9.3.25.v20180904/jetty-util-9.3.25.v20180904.jar:/home/user/.m2/repository/com/fasterxml/jackson/core/jackson-databind/2.9.9/jackson-databind-2.9.9.jar:/home/user/.m2/repository/org/apache/hadoop/hadoop-kms/3.2.0/hadoop-kms-3.2.0-tests.jar:/home/user/.m2/repository/org/apache/hadoop/hadoop-hdds-server-scm/0.5.0-SNAPSHOT/hadoop-hdds-server-scm-0.5.0-SNAPSHOT-tests.jar:/home/user/.m2/repository/org/apache/hadoop/hadoop-hdds-container-service/0.5.0-SNAPSHOT/hadoop-hdds-container-service-0.5.0-SNAPSHOT-tests.jar:/home/user/.m2/repository/org/yaml/snakeyaml/1.16/snakeyaml-1.16.jar:/home/user/.m2/repository/org/apache/hadoop/hadoop-common/3.2.0/hadoop-common-3.2.0-tests.jar:/home/user/.m2/repository/org/apache/hadoop/hadoop-annotations/3.2.0/hadoop-annotations-3.2.0.jar:/usr/lib/jvm/java-1.8.0-openjdk-1.8.0.222.b10-1.el7_7.x86_64/jre/../lib/tools.jar:/home/user/.m2/repository/commons-cli/commons-cli/1.2/commons-cli-1.2.jar:/home/user/.m2/repository/org/apache/httpcomponents/httpclient/4.5.2/httpclient-4.5.2.jar:/home/user/.m2/repository/org/apache/httpcomponents/httpcore/4.4.4/httpcore-4.4.4.jar:/home/user/.m2/repository/commons-codec/commons-codec/1.11/commons-codec-1.11.jar:/home/user/.m2/repository/commons-net/commons-net/3.6/commons-net-3.6.jar:/home/user/.m2/repository/commons-collections/commons-collections/3.2.2/commons-collections-3.2.2.jar:/home/user/.m2/repository/org/eclipse/jetty/jetty-servlet/9.3.25.v20180904/jetty-servlet-9.3.25.v20180904.jar:/home/user/.m2/repository/org/eclipse/jetty/jetty-security/9.3.25.v20180904/jetty-security-9.3.25.v20180904.jar:/home/user/.m2/repository/javax/servlet/jsp/jsp-api/2.1/jsp-api-2.1.jar:/home/user/.m2/repository/com/sun/jersey/jersey-servlet/1.19/jersey-servlet-1.19.jar:/home/user/.m2/repository/com/sun/jersey/jersey-json/1.19/jersey-json-1.19.jar:/home/user/.m2/repository/org/codehaus/jettison/jettison/1.1/jettison-1.1.jar:/home/user/.m2/repository/org/codehaus/jackson/jackson-core-asl/1.9.13/jackson-core-asl-1.9.13.jar:/home/user/.m2/repository/org/codehaus/jackson/jackson-mapper-asl/1.9.13/jackson-mapper-asl-1.9.13.jar:/home/user/.m2/repository/org/codehaus/jackson/jackson-jaxrs/1.9.13/jackson-jaxrs-1.9.13.jar:/home/user/.m2/repository/org/codehaus/jackson/jackson-xc/1.9.13/jackson-xc-1.9.13.jar:/home/user/.m2/repository/commons-logging/commons-logging/1.1.3/commons-logging-1.1.3.jar:/home/user/.m2/repository/commons-beanutils/commons-beanutils/1.9.4/commons-beanutils-1.9.4.jar:/home/user/.m2/repository/org/apache/commons/commons-configuration2/2.1.1/commons-configuration2-2.1.1.jar:/home/user/.m2/repository/org/apache/commons/commons-lang3/3.7/commons-lang3-3.7.jar:/home/user/.m2/repository/org/apache/commons/commons-text/1.4/commons-text-1.4.jar:/home/user/.m2/repository/org/apache/avro/avro/1.7.7/avro-1.7.7.jar:/home/user/.m2/repository/com/thoughtworks/paranamer/paranamer/2.3/paranamer-2.3.jar:/home/user/.m2/repository/org/xerial/snappy/snappy-java/1.0.5/snappy-java-1.0.5.jar:/home/user/.m2/repository/com/google/re2j/re2j/1.1/re2j-1.1.jar:/home/user/.m2/repository/com/google/code/gson/gson/2.2.4/gson-2.2.4.jar:/home/user/.m2/repository/com/jcraft/jsch/0.1.54/jsch-0.1.54.jar:/home/user/.m2/repository/org/apache/curator/curator-client/2.12.0/curator-client-2.12.0.jar:/home/user/.m2/repository/org/apache/curator/curator-recipes/2.12.0/curator-recipes-2.12.0.jar:/home/user/.m2/repository/com/google/code/findbugs/jsr305/3.0.0/jsr305-3.0.0.jar:/home/user/.m2/repository/org/apache/htrace/htrace-core4/4.1.0-incubating/htrace-core4-4.1.0-incubating.jar:/home/user/.m2/repository/org/apache/zookeeper/zookeeper/3.4.13/zookeeper-3.4.13.jar:/home/user/.m2/repository/jline/jline/0.9.94/jline-0.9.94.jar:/home/user/.m2/repository/org/apache/yetus/audience-annotations/0.5.0/audience-annotations-0.5.0.jar:/home/user/.m2/repository/org/codehaus/woodstox/stax2-api/3.1.4/stax2-api-3.1.4.jar:/home/user/.m2/repository/com/fasterxml/woodstox/woodstox-core/5.0.3/woodstox-core-5.0.3.jar:/home/user/.m2/repository/dnsjava/dnsjava/2.1.7/dnsjava-2.1.7.jar:/home/user/.m2/repository/org/apache/hadoop/hadoop-hdfs/3.2.0/hadoop-hdfs-3.2.0-tests.jar:/home/user/.m2/repository/org/eclipse/jetty/jetty-util-ajax/9.3.25.v20180904/jetty-util-ajax-9.3.25.v20180904.jar:/home/user/.m2/repository/commons-daemon/commons-daemon/1.0.13/commons-daemon-1.0.13.jar:/home/user/.m2/repository/io/netty/netty/3.10.5.Final/netty-3.10.5.Final.jar:/home/user/.m2/repository/io/netty/netty-all/4.0.52.Final/netty-all-4.0.52.Final.jar:/home/user/.m2/repository/org/fusesource/leveldbjni/leveldbjni-all/1.8/leveldbjni-all-1.8.jar:"/>
    <property name="sun.cpu.endian" value="little"/>
    <property name="user.home" value="/home/user"/>
    <property name="user.language" value="en"/>
    <property name="java.specification.vendor" value="Oracle Corporation"/>
    <property name="java.home" value="/usr/lib/jvm/java-1.8.0-openjdk-1.8.0.222.b10-1.el7_7.x86_64/jre"/>
    <property name="surefire.excludesFile" value="/tools/ozone-bad-unit-tests"/>
    <property name="java.security.krb5.conf" value="/workdir/hadoop-ozone/integration-test/target/test-classes/krb5.conf"/>
    <property name="basedir" value="/workdir/hadoop-ozone/integration-test"/>
    <property name="file.separator" value="/"/>
    <property name="line.separator" value="&#10;"/>
    <property name="java.vm.specification.vendor" value="Oracle Corporation"/>
    <property name="java.specification.name" value="Java Platform API Specification"/>
    <property name="java.awt.graphicsenv" value="sun.awt.X11GraphicsEnvironment"/>
    <property name="surefire.real.class.path" value="/workdir/hadoop-ozone/integration-test/target/surefire/surefirebooter2853378646963196734.jar"/>
    <property name="hadoop.log.dir" value="/workdir/hadoop-ozone/integration-test/target/log"/>
    <property name="sun.boot.class.path" value="/usr/lib/jvm/java-1.8.0-openjdk-1.8.0.222.b10-1.el7_7.x86_64/jre/lib/resources.jar:/usr/lib/jvm/java-1.8.0-openjdk-1.8.0.222.b10-1.el7_7.x86_64/jre/lib/rt.jar:/usr/lib/jvm/java-1.8.0-openjdk-1.8.0.222.b10-1.el7_7.x86_64/jre/lib/sunrsasign.jar:/usr/lib/jvm/java-1.8.0-openjdk-1.8.0.222.b10-1.el7_7.x86_64/jre/lib/jsse.jar:/usr/lib/jvm/java-1.8.0-openjdk-1.8.0.222.b10-1.el7_7.x86_64/jre/lib/jce.jar:/usr/lib/jvm/java-1.8.0-openjdk-1.8.0.222.b10-1.el7_7.x86_64/jre/lib/charsets.jar:/usr/lib/jvm/java-1.8.0-openjdk-1.8.0.222.b10-1.el7_7.x86_64/jre/lib/jfr.jar:/usr/lib/jvm/java-1.8.0-openjdk-1.8.0.222.b10-1.el7_7.x86_64/jre/classes"/>
    <property name="sun.management.compiler" value="HotSpot 64-Bit Tiered Compilers"/>
    <property name="java.runtime.version" value="1.8.0_222-b10"/>
    <property name="java.net.preferIPv4Stack" value="true"/>
    <property name="user.name" value="jenkins1000"/>
    <property name="path.separator" value=":"/>
    <property name="java.security.egd" value="file:///dev/urandom"/>
    <property name="os.version" value="3.10.0-957.12.2.el7.x86_64"/>
    <property name="java.endorsed.dirs" value="/usr/lib/jvm/java-1.8.0-openjdk-1.8.0.222.b10-1.el7_7.x86_64/jre/lib/endorsed"/>
    <property name="java.runtime.name" value="OpenJDK Runtime Environment"/>
    <property name="file.encoding" value="ANSI_X3.4-1968"/>
    <property name="java.vm.name" value="OpenJDK 64-Bit Server VM"/>
    <property name="test.build.webapps" value=""/>
    <property name="localRepository" value="/home/user/.m2/repository"/>
    <property name="java.vendor.url.bug" value="http://bugreport.sun.com/bugreport/"/>
    <property name="java.io.tmpdir" value="/tmp"/>
    <property name="require.test.libhadoop" value=""/>
    <property name="java.version" value="1.8.0_222"/>
    <property name="user.dir" value="/workdir/hadoop-ozone/integration-test"/>
    <property name="os.arch" value="amd64"/>
    <property name="java.vm.specification.name" value="Java Virtual Machine Specification"/>
    <property name="test.build.classes" value="/workdir/hadoop-ozone/integration-test/target/test-classes"/>
    <property name="java.awt.printerjob" value="sun.print.PSPrinterJob"/>
    <property name="sun.os.patch.level" value="unknown"/>
    <property name="hadoop.tmp.dir" value="/workdir/hadoop-ozone/integration-test/target/tmp"/>
    <property name="java.library.path" value="/usr/lib:/workdir/hadoop-ozone/integration-test/target/native/target/usr/local/lib:/workdir/hadoop-ozone/integration-test/../../hadoop-common-project/hadoop-common/target/native/target/usr/local/lib:/usr/java/packages/lib/amd64:/usr/lib64:/lib64:/lib:/usr/lib"/>
    <property name="java.vm.info" value="mixed mode"/>
    <property name="java.vendor" value="Oracle Corporation"/>
    <property name="java.vm.version" value="25.222-b10"/>
    <property name="java.ext.dirs" value="/usr/lib/jvm/java-1.8.0-openjdk-1.8.0.222.b10-1.el7_7.x86_64/jre/lib/ext:/usr/java/packages/lib/ext"/>
    <property name="sun.io.unicode.encoding" value="UnicodeLittle"/>
    <property name="java.class.version" value="52.0"/>
  </properties>
  <testcase name="testDeleteKeyWithSlowFollower" classname="org.apache.hadoop.ozone.client.rpc.TestDeleteWithSlowFollower" time="116.691">
    <failure type="java.lang.AssertionError">java.lang.AssertionError
	at org.junit.Assert.fail(Assert.java:86)
	at org.junit.Assert.assertTrue(Assert.java:41)
	at org.junit.Assert.assertTrue(Assert.java:52)
	at org.apache.hadoop.ozone.client.rpc.TestDeleteWithSlowFollower.testDeleteKeyWithSlowFollower(TestDeleteWithSlowFollower.java:265)
	at sun.reflect.NativeMethodAccessorImpl.invoke0(Native Method)
	at sun.reflect.NativeMethodAccessorImpl.invoke(NativeMethodAccessorImpl.java:62)
	at sun.reflect.DelegatingMethodAccessorImpl.invoke(DelegatingMethodAccessorImpl.java:43)
	at java.lang.reflect.Method.invoke(Method.java:498)
	at org.junit.runners.model.FrameworkMethod$1.runReflectiveCall(FrameworkMethod.java:47)
	at org.junit.internal.runners.model.ReflectiveCallable.run(ReflectiveCallable.java:12)
	at org.junit.runners.model.FrameworkMethod.invokeExplosively(FrameworkMethod.java:44)
	at org.junit.internal.runners.statements.InvokeMethod.evaluate(InvokeMethod.java:17)
	at org.junit.runners.ParentRunner.runLeaf(ParentRunner.java:271)
	at org.junit.runners.BlockJUnit4ClassRunner.runChild(BlockJUnit4ClassRunner.java:70)
	at org.junit.runners.BlockJUnit4ClassRunner.runChild(BlockJUnit4ClassRunner.java:50)
	at org.junit.runners.ParentRunner$3.run(ParentRunner.java:238)
	at org.junit.runners.ParentRunner$1.schedule(ParentRunner.java:63)
	at org.junit.runners.ParentRunner.runChildren(ParentRunner.java:236)
	at org.junit.runners.ParentRunner.access$000(ParentRunner.java:53)
	at org.junit.runners.ParentRunner$2.evaluate(ParentRunner.java:229)
	at org.junit.internal.runners.statements.RunBefores.evaluate(RunBefores.java:26)
	at org.junit.internal.runners.statements.RunAfters.evaluate(RunAfters.java:27)
	at org.junit.runners.ParentRunner.run(ParentRunner.java:309)
	at org.apache.maven.surefire.junit4.JUnit4Provider.execute(JUnit4Provider.java:365)
	at org.apache.maven.surefire.junit4.JUnit4Provider.executeWithRerun(JUnit4Provider.java:273)
	at org.apache.maven.surefire.junit4.JUnit4Provider.executeTestSet(JUnit4Provider.java:238)
	at org.apache.maven.surefire.junit4.JUnit4Provider.invoke(JUnit4Provider.java:159)
	at org.apache.maven.surefire.booter.ForkedBooter.invokeProviderInSameClassLoader(ForkedBooter.java:384)
	at org.apache.maven.surefire.booter.ForkedBooter.runSuitesInProcess(ForkedBooter.java:345)
	at org.apache.maven.surefire.booter.ForkedBooter.execute(ForkedBooter.java:126)
	at org.apache.maven.surefire.booter.ForkedBooter.main(ForkedBooter.java:418)
</failure>
    <system-out><![CDATA[2019-10-25 02:20:57,122 [main] WARN  server.ServerUtils (ServerUtils.java:getScmDbDir(145)) - ozone.scm.db.dirs is not configured. We recommend adding this setting. Falling back to ozone.metadata.dirs instead.
2019-10-25 02:20:57,273 [main] WARN  server.ServerUtils (ServerUtils.java:getScmDbDir(145)) - ozone.scm.db.dirs is not configured. We recommend adding this setting. Falling back to ozone.metadata.dirs instead.
2019-10-25 02:20:57,277 [main] WARN  server.ServerUtils (ServerUtils.java:getScmDbDir(145)) - ozone.scm.db.dirs is not configured. We recommend adding this setting. Falling back to ozone.metadata.dirs instead.
2019-10-25 02:20:57,307 [main] INFO  util.log (Log.java:initialized(192)) - Logging initialized @925ms
2019-10-25 02:20:57,403 [main] INFO  db.DBStoreBuilder (DBStoreBuilder.java:addTable(127)) - using custom profile for table: deletedBlocks
2019-10-25 02:20:57,404 [main] INFO  db.DBStoreBuilder (DBStoreBuilder.java:processTables(183)) - Using default column profile:DBProfile.DISK for Table:deletedBlocks
2019-10-25 02:20:57,404 [main] INFO  db.DBStoreBuilder (DBStoreBuilder.java:addTable(127)) - using custom profile for table: validCerts
2019-10-25 02:20:57,404 [main] INFO  db.DBStoreBuilder (DBStoreBuilder.java:processTables(183)) - Using default column profile:DBProfile.DISK for Table:validCerts
2019-10-25 02:20:57,405 [main] INFO  db.DBStoreBuilder (DBStoreBuilder.java:addTable(127)) - using custom profile for table: revokedCerts
2019-10-25 02:20:57,405 [main] INFO  db.DBStoreBuilder (DBStoreBuilder.java:processTables(183)) - Using default column profile:DBProfile.DISK for Table:revokedCerts
2019-10-25 02:20:57,416 [main] INFO  db.DBStoreBuilder (DBStoreBuilder.java:addTable(127)) - using custom profile for table: default
2019-10-25 02:20:57,416 [main] INFO  db.DBStoreBuilder (DBStoreBuilder.java:processTables(189)) - Using default column profile:DBProfile.DISK for Table:default
2019-10-25 02:20:57,417 [main] INFO  db.DBStoreBuilder (DBStoreBuilder.java:getDbProfile(220)) - Using default options. DBProfile.DISK
2019-10-25 02:20:57,697 [main] INFO  net.NodeSchemaLoader (NodeSchemaLoader.java:loadSchemaFromFile(125)) - Loading file from sun.misc.CompoundEnumeration@78691363
2019-10-25 02:20:57,700 [main] INFO  net.NodeSchemaLoader (NodeSchemaLoader.java:loadSchema(171)) - Loading network topology layer schema file
2019-10-25 02:20:57,769 [main] WARN  server.ServerUtils (ServerUtils.java:sanitizeUserArgs(70)) - ozone.scm.stale.node.interval value = 1000000 is larger than max = 100000 based on the key value of ozone.scm.heartbeat.thread.interval, reset to the max value 100000.
2019-10-25 02:20:57,771 [main] WARN  server.ServerUtils (ServerUtils.java:sanitizeUserArgs(70)) - ozone.scm.stale.node.interval value = 1000000 is larger than max = 100000 based on the key value of ozone.scm.heartbeat.thread.interval, reset to the max value 100000.
2019-10-25 02:20:57,774 [main] INFO  node.SCMNodeManager (SCMNodeManager.java:<init>(116)) - Entering startup safe mode.
2019-10-25 02:20:57,838 [main] INFO  algorithms.ContainerPlacementPolicyFactory (ContainerPlacementPolicyFactory.java:getPolicy(57)) - Create container placement policy of type org.apache.hadoop.hdds.scm.container.placement.algorithms.SCMContainerPlacementRandom
2019-10-25 02:20:57,851 [main] WARN  server.ServerUtils (ServerUtils.java:getScmDbDir(145)) - ozone.scm.db.dirs is not configured. We recommend adding this setting. Falling back to ozone.metadata.dirs instead.
2019-10-25 02:20:57,920 [main] INFO  pipeline.SCMPipelineManager (SCMPipelineManager.java:initializePipelineState(132)) - No pipeline exists in current db
2019-10-25 02:20:57,923 [main] WARN  server.ServerUtils (ServerUtils.java:getScmDbDir(145)) - ozone.scm.db.dirs is not configured. We recommend adding this setting. Falling back to ozone.metadata.dirs instead.
2019-10-25 02:20:58,019 [main] WARN  events.EventQueue (EventQueue.java:fireEvent(183)) - No event handler registered for event TypedEvent{payloadType=SafeModeStatus, name='SafeModeStatus'}
2019-10-25 02:20:58,359 [main] INFO  ipc.CallQueueManager (CallQueueManager.java:<init>(84)) - Using callQueue: class java.util.concurrent.LinkedBlockingQueue, queueCapacity: 2000, scheduler: class org.apache.hadoop.ipc.DefaultRpcScheduler, ipcBackoff: false.
2019-10-25 02:20:58,483 [Socket Reader #1 for port 45961] INFO  ipc.Server (Server.java:run(1074)) - Starting Socket Reader #1 for port 45961
2019-10-25 02:20:58,518 [main] INFO  ipc.CallQueueManager (CallQueueManager.java:<init>(84)) - Using callQueue: class java.util.concurrent.LinkedBlockingQueue, queueCapacity: 2000, scheduler: class org.apache.hadoop.ipc.DefaultRpcScheduler, ipcBackoff: false.
2019-10-25 02:20:58,519 [Socket Reader #1 for port 34383] INFO  ipc.Server (Server.java:run(1074)) - Starting Socket Reader #1 for port 34383
2019-10-25 02:20:58,529 [main] INFO  ipc.CallQueueManager (CallQueueManager.java:<init>(84)) - Using callQueue: class java.util.concurrent.LinkedBlockingQueue, queueCapacity: 2000, scheduler: class org.apache.hadoop.ipc.DefaultRpcScheduler, ipcBackoff: false.
2019-10-25 02:20:58,530 [Socket Reader #1 for port 35859] INFO  ipc.Server (Server.java:run(1074)) - Starting Socket Reader #1 for port 35859
2019-10-25 02:20:58,557 [main] INFO  hdfs.DFSUtil (DFSUtil.java:httpServerTemplateForNNAndJN(1641)) - Starting Web-server for scm at: http://0.0.0.0:0
2019-10-25 02:20:58,733 [main] INFO  server.AuthenticationFilter (AuthenticationFilter.java:constructSecretProvider(240)) - Unable to initialize FileSignerSecretProvider, falling back to use random secrets.
2019-10-25 02:20:58,742 [main] WARN  http.HttpRequestLog (HttpRequestLog.java:getRequestLog(97)) - Jetty request log can only be enabled using Log4j
2019-10-25 02:20:58,749 [main] INFO  http.HttpServer2 (HttpServer2.java:addGlobalFilter(975)) - Added global filter 'safety' (class=org.apache.hadoop.http.HttpServer2$QuotingInputFilter)
2019-10-25 02:20:58,752 [main] INFO  http.HttpServer2 (HttpServer2.java:addFilter(948)) - Added filter static_user_filter (class=org.apache.hadoop.http.lib.StaticUserWebFilter$StaticUserFilter) to context scm
2019-10-25 02:20:58,753 [main] INFO  http.HttpServer2 (HttpServer2.java:addFilter(958)) - Added filter static_user_filter (class=org.apache.hadoop.http.lib.StaticUserWebFilter$StaticUserFilter) to context static
2019-10-25 02:20:58,753 [main] INFO  http.HttpServer2 (HttpServer2.java:addFilter(958)) - Added filter static_user_filter (class=org.apache.hadoop.http.lib.StaticUserWebFilter$StaticUserFilter) to context logs
2019-10-25 02:20:58,785 [main] INFO  server.StorageContainerManager (StorageContainerManager.java:start(772)) - StorageContainerLocationProtocol RPC server is listening at /0.0.0.0:35859
2019-10-25 02:20:58,854 [main] WARN  impl.MetricsConfig (MetricsConfig.java:loadFirst(134)) - Cannot locate configuration: tried hadoop-metrics2-storagecontainermanager.properties,hadoop-metrics2.properties
2019-10-25 02:20:58,868 [main] INFO  impl.MetricsSystemImpl (MetricsSystemImpl.java:startTimer(374)) - Scheduled Metric snapshot period at 10 second(s).
2019-10-25 02:20:58,869 [main] INFO  impl.MetricsSystemImpl (MetricsSystemImpl.java:start(191)) - StorageContainerManager metrics system started
2019-10-25 02:20:59,099 [main] INFO  server.SCMClientProtocolServer (SCMClientProtocolServer.java:start(159)) - RPC server for Client  is listening at /0.0.0.0:35859
2019-10-25 02:20:59,099 [IPC Server Responder] INFO  ipc.Server (Server.java:run(1314)) - IPC Server Responder: starting
2019-10-25 02:20:59,099 [IPC Server listener on 35859] INFO  ipc.Server (Server.java:run(1153)) - IPC Server listener on 35859: starting
2019-10-25 02:20:59,103 [main] INFO  server.StorageContainerManager (StorageContainerManager.java:start(782)) - ScmBlockLocationProtocol RPC server is listening at /0.0.0.0:34383
2019-10-25 02:20:59,103 [main] INFO  server.SCMBlockProtocolServer (SCMBlockProtocolServer.java:start(146)) - RPC server for Block Protocol is listening at /0.0.0.0:34383
2019-10-25 02:20:59,104 [IPC Server Responder] INFO  ipc.Server (Server.java:run(1314)) - IPC Server Responder: starting
2019-10-25 02:20:59,104 [IPC Server listener on 34383] INFO  ipc.Server (Server.java:run(1153)) - IPC Server listener on 34383: starting
2019-10-25 02:20:59,106 [main] INFO  server.StorageContainerManager (StorageContainerManager.java:start(786)) - ScmDatanodeProtocl RPC server is listening at /0.0.0.0:45961
2019-10-25 02:20:59,106 [main] INFO  server.SCMDatanodeProtocolServer (SCMDatanodeProtocolServer.java:start(169)) - RPC server for DataNodes is listening at /0.0.0.0:45961
2019-10-25 02:20:59,107 [IPC Server Responder] INFO  ipc.Server (Server.java:run(1314)) - IPC Server Responder: starting
2019-10-25 02:20:59,107 [IPC Server listener on 45961] INFO  ipc.Server (Server.java:run(1153)) - IPC Server listener on 45961: starting
2019-10-25 02:20:59,111 [main] INFO  http.HttpServer2 (HttpServer2.java:bindListener(1191)) - Jetty bound to port 35229
2019-10-25 02:20:59,112 [main] INFO  server.Server (Server.java:doStart(351)) - jetty-9.3.25.v20180904, build timestamp: 2018-09-04T21:11:46Z, git hash: 3ce520221d0240229c862b122d2b06c12a625732
2019-10-25 02:20:59,149 [main] INFO  handler.ContextHandler (ContextHandler.java:doStart(781)) - Started o.e.j.s.ServletContextHandler@2f48b3d2{/logs,file:///workdir/hadoop-ozone/integration-test/target/log,AVAILABLE}
2019-10-25 02:20:59,150 [main] INFO  handler.ContextHandler (ContextHandler.java:doStart(781)) - Started o.e.j.s.ServletContextHandler@753432a2{/static,file:///workdir/hadoop-ozone/integration-test/target/test-classes/webapps/static,AVAILABLE}
2019-10-25 02:20:59,182 [main] INFO  handler.ContextHandler (ContextHandler.java:doStart(781)) - Started o.e.j.w.WebAppContext@23a9ba52{/,file:///workdir/hadoop-ozone/integration-test/target/test-classes/webapps/scm/,AVAILABLE}{/scm}
2019-10-25 02:20:59,187 [main] INFO  server.AbstractConnector (AbstractConnector.java:doStart(278)) - Started ServerConnector@7927bd9f{HTTP/1.1,[http/1.1]}{0.0.0.0:35229}
2019-10-25 02:20:59,188 [main] INFO  server.Server (Server.java:doStart(419)) - Started @2805ms
2019-10-25 02:20:59,190 [main] INFO  impl.MetricsSinkAdapter (MetricsSinkAdapter.java:start(204)) - Sink prometheus started
2019-10-25 02:20:59,190 [main] INFO  impl.MetricsSystemImpl (MetricsSystemImpl.java:registerSink(301)) - Registered sink prometheus
2019-10-25 02:20:59,192 [main] INFO  server.BaseHttpServer (BaseHttpServer.java:updateConnectorAddress(215)) - HTTP server of SCM is listening at http://0.0.0.0:35229
2019-10-25 02:20:59,197 [org.apache.hadoop.util.JvmPauseMonitor$Monitor@3d3f761a] INFO  util.JvmPauseMonitor (JvmPauseMonitor.java:run(188)) - Starting JVM pause monitor
2019-10-25 02:20:59,200 [main] WARN  server.ServerUtils (ServerUtils.java:getDBPath(222)) - ozone.om.db.dirs is not configured. We recommend adding this setting. Falling back to ozone.metadata.dirs instead.
2019-10-25 02:20:59,298 [main] INFO  ha.OMHANodeDetails (OMHANodeDetails.java:loadOMHAConfig(190)) - Configuration either no ozone.om.address set. Falling back to the default OM address /127.0.0.1:0
2019-10-25 02:20:59,298 [main] INFO  ha.OMHANodeDetails (OMHANodeDetails.java:getOMNodeDetails(220)) - OM Service ID is not set. Setting it to the default ID: omServiceIdDefault
2019-10-25 02:20:59,300 [main] WARN  server.ServerUtils (ServerUtils.java:getDBPath(222)) - ozone.om.db.dirs is not configured. We recommend adding this setting. Falling back to ozone.metadata.dirs instead.
2019-10-25 02:20:59,301 [main] WARN  server.ServerUtils (ServerUtils.java:getDBPath(222)) - ozone.om.db.dirs is not configured. We recommend adding this setting. Falling back to ozone.metadata.dirs instead.
2019-10-25 02:20:59,901 [main] WARN  server.ServerUtils (ServerUtils.java:getDBPath(222)) - ozone.om.db.dirs is not configured. We recommend adding this setting. Falling back to ozone.metadata.dirs instead.
2019-10-25 02:20:59,909 [main] INFO  db.DBStoreBuilder (DBStoreBuilder.java:addTable(127)) - using custom profile for table: userTable
2019-10-25 02:20:59,909 [main] INFO  db.DBStoreBuilder (DBStoreBuilder.java:processTables(183)) - Using default column profile:DBProfile.DISK for Table:userTable
2019-10-25 02:20:59,910 [main] INFO  db.DBStoreBuilder (DBStoreBuilder.java:addTable(127)) - using custom profile for table: volumeTable
2019-10-25 02:20:59,910 [main] INFO  db.DBStoreBuilder (DBStoreBuilder.java:processTables(183)) - Using default column profile:DBProfile.DISK for Table:volumeTable
2019-10-25 02:20:59,910 [main] INFO  db.DBStoreBuilder (DBStoreBuilder.java:addTable(127)) - using custom profile for table: bucketTable
2019-10-25 02:20:59,910 [main] INFO  db.DBStoreBuilder (DBStoreBuilder.java:processTables(183)) - Using default column profile:DBProfile.DISK for Table:bucketTable
2019-10-25 02:20:59,911 [main] INFO  db.DBStoreBuilder (DBStoreBuilder.java:addTable(127)) - using custom profile for table: keyTable
2019-10-25 02:20:59,911 [main] INFO  db.DBStoreBuilder (DBStoreBuilder.java:processTables(183)) - Using default column profile:DBProfile.DISK for Table:keyTable
2019-10-25 02:20:59,911 [main] INFO  db.DBStoreBuilder (DBStoreBuilder.java:addTable(127)) - using custom profile for table: deletedTable
2019-10-25 02:20:59,911 [main] INFO  db.DBStoreBuilder (DBStoreBuilder.java:processTables(183)) - Using default column profile:DBProfile.DISK for Table:deletedTable
2019-10-25 02:20:59,912 [main] INFO  db.DBStoreBuilder (DBStoreBuilder.java:addTable(127)) - using custom profile for table: openKeyTable
2019-10-25 02:20:59,912 [main] INFO  db.DBStoreBuilder (DBStoreBuilder.java:processTables(183)) - Using default column profile:DBProfile.DISK for Table:openKeyTable
2019-10-25 02:20:59,912 [main] INFO  db.DBStoreBuilder (DBStoreBuilder.java:addTable(127)) - using custom profile for table: s3Table
2019-10-25 02:20:59,912 [main] INFO  db.DBStoreBuilder (DBStoreBuilder.java:processTables(183)) - Using default column profile:DBProfile.DISK for Table:s3Table
2019-10-25 02:20:59,912 [main] INFO  db.DBStoreBuilder (DBStoreBuilder.java:addTable(127)) - using custom profile for table: multipartInfoTable
2019-10-25 02:20:59,913 [main] INFO  db.DBStoreBuilder (DBStoreBuilder.java:processTables(183)) - Using default column profile:DBProfile.DISK for Table:multipartInfoTable
2019-10-25 02:20:59,913 [main] INFO  db.DBStoreBuilder (DBStoreBuilder.java:addTable(127)) - using custom profile for table: dTokenTable
2019-10-25 02:20:59,913 [main] INFO  db.DBStoreBuilder (DBStoreBuilder.java:processTables(183)) - Using default column profile:DBProfile.DISK for Table:dTokenTable
2019-10-25 02:20:59,913 [main] INFO  db.DBStoreBuilder (DBStoreBuilder.java:addTable(127)) - using custom profile for table: s3SecretTable
2019-10-25 02:20:59,913 [main] INFO  db.DBStoreBuilder (DBStoreBuilder.java:processTables(183)) - Using default column profile:DBProfile.DISK for Table:s3SecretTable
2019-10-25 02:20:59,914 [main] INFO  db.DBStoreBuilder (DBStoreBuilder.java:addTable(127)) - using custom profile for table: prefixTable
2019-10-25 02:20:59,914 [main] INFO  db.DBStoreBuilder (DBStoreBuilder.java:processTables(183)) - Using default column profile:DBProfile.DISK for Table:prefixTable
2019-10-25 02:20:59,914 [main] INFO  db.DBStoreBuilder (DBStoreBuilder.java:addTable(127)) - using custom profile for table: default
2019-10-25 02:20:59,914 [main] INFO  db.DBStoreBuilder (DBStoreBuilder.java:processTables(189)) - Using default column profile:DBProfile.DISK for Table:default
2019-10-25 02:20:59,915 [main] INFO  db.DBStoreBuilder (DBStoreBuilder.java:getDbProfile(220)) - Using default options. DBProfile.DISK
2019-10-25 02:21:00,385 [main] INFO  ipc.CallQueueManager (CallQueueManager.java:<init>(84)) - Using callQueue: class java.util.concurrent.LinkedBlockingQueue, queueCapacity: 2000, scheduler: class org.apache.hadoop.ipc.DefaultRpcScheduler, ipcBackoff: false.
2019-10-25 02:21:00,386 [Socket Reader #1 for port 33744] INFO  ipc.Server (Server.java:run(1074)) - Starting Socket Reader #1 for port 33744
2019-10-25 02:21:00,407 [main] INFO  om.OzoneManager (OzoneManager.java:start(1074)) - OzoneManager RPC server is listening at localhost/127.0.0.1:33744
2019-10-25 02:21:00,407 [main] INFO  impl.MetricsSystemImpl (MetricsSystemImpl.java:init(158)) - OzoneManager metrics system started (again)
2019-10-25 02:21:00,414 [IPC Server Responder] INFO  ipc.Server (Server.java:run(1314)) - IPC Server Responder: starting
2019-10-25 02:21:00,414 [IPC Server listener on 33744] INFO  ipc.Server (Server.java:run(1153)) - IPC Server listener on 33744: starting
2019-10-25 02:21:00,419 [main] INFO  hdfs.DFSUtil (DFSUtil.java:httpServerTemplateForNNAndJN(1641)) - Starting Web-server for ozoneManager at: http://0.0.0.0:0
2019-10-25 02:21:00,421 [main] INFO  server.AuthenticationFilter (AuthenticationFilter.java:constructSecretProvider(240)) - Unable to initialize FileSignerSecretProvider, falling back to use random secrets.
2019-10-25 02:21:00,422 [main] WARN  http.HttpRequestLog (HttpRequestLog.java:getRequestLog(97)) - Jetty request log can only be enabled using Log4j
2019-10-25 02:21:00,425 [main] INFO  http.HttpServer2 (HttpServer2.java:addGlobalFilter(975)) - Added global filter 'safety' (class=org.apache.hadoop.http.HttpServer2$QuotingInputFilter)
2019-10-25 02:21:00,426 [main] INFO  http.HttpServer2 (HttpServer2.java:addFilter(948)) - Added filter static_user_filter (class=org.apache.hadoop.http.lib.StaticUserWebFilter$StaticUserFilter) to context ozoneManager
2019-10-25 02:21:00,427 [main] INFO  http.HttpServer2 (HttpServer2.java:addFilter(958)) - Added filter static_user_filter (class=org.apache.hadoop.http.lib.StaticUserWebFilter$StaticUserFilter) to context logs
2019-10-25 02:21:00,427 [main] INFO  http.HttpServer2 (HttpServer2.java:addFilter(958)) - Added filter static_user_filter (class=org.apache.hadoop.http.lib.StaticUserWebFilter$StaticUserFilter) to context static
2019-10-25 02:21:00,430 [main] INFO  http.HttpServer2 (HttpServer2.java:bindListener(1191)) - Jetty bound to port 38090
2019-10-25 02:21:00,430 [main] INFO  server.Server (Server.java:doStart(351)) - jetty-9.3.25.v20180904, build timestamp: 2018-09-04T21:11:46Z, git hash: 3ce520221d0240229c862b122d2b06c12a625732
2019-10-25 02:21:00,433 [main] INFO  handler.ContextHandler (ContextHandler.java:doStart(781)) - Started o.e.j.s.ServletContextHandler@40ab8a8{/logs,file:///workdir/hadoop-ozone/integration-test/target/log,AVAILABLE}
2019-10-25 02:21:00,434 [main] INFO  handler.ContextHandler (ContextHandler.java:doStart(781)) - Started o.e.j.s.ServletContextHandler@65cc8228{/static,file:///workdir/hadoop-ozone/integration-test/target/test-classes/webapps/static,AVAILABLE}
2019-10-25 02:21:00,441 [main] INFO  handler.ContextHandler (ContextHandler.java:doStart(781)) - Started o.e.j.w.WebAppContext@5d235104{/,file:///workdir/hadoop-ozone/integration-test/target/test-classes/webapps/ozoneManager/,AVAILABLE}{/ozoneManager}
2019-10-25 02:21:00,441 [main] INFO  server.AbstractConnector (AbstractConnector.java:doStart(278)) - Started ServerConnector@4e8e8621{HTTP/1.1,[http/1.1]}{0.0.0.0:38090}
2019-10-25 02:21:00,442 [main] INFO  server.Server (Server.java:doStart(419)) - Started @4059ms
2019-10-25 02:21:00,442 [main] WARN  impl.MetricsSystemImpl (MetricsSystemImpl.java:register(276)) - Sink prometheus already exists!
2019-10-25 02:21:00,443 [main] INFO  server.BaseHttpServer (BaseHttpServer.java:updateConnectorAddress(215)) - HTTP server of OZONEMANAGER is listening at http://0.0.0.0:38090
2019-10-25 02:21:00,729 [main] INFO  impl.MetricsSystemImpl (MetricsSystemImpl.java:init(158)) - HddsDatanode metrics system started (again)
2019-10-25 02:21:00,774 [main] INFO  ozone.HddsDatanodeService (HddsDatanodeService.java:start(184)) - HddsDatanodeService host:pr-hdds-2344-k2wqm-1432304908 ip:192.168.34.46
2019-10-25 02:21:00,806 [main] INFO  volume.HddsVolume (HddsVolume.java:<init>(176)) - Creating Volume: /workdir/hadoop-ozone/integration-test/target/test-dir/MiniOzoneClusterImpl-44a4a489-765f-4971-8cd5-3df5cbc9600d/datanode-0/data/containers/hdds of  storage type : DISK and capacity : 1482555576320
2019-10-25 02:21:00,807 [main] INFO  volume.VolumeSet (VolumeSet.java:initializeVolumeSet(170)) - Added Volume : /workdir/hadoop-ozone/integration-test/target/test-dir/MiniOzoneClusterImpl-44a4a489-765f-4971-8cd5-3df5cbc9600d/datanode-0/data/containers/hdds to VolumeSet
2019-10-25 02:21:00,810 [main] INFO  volume.ThrottledAsyncChecker (ThrottledAsyncChecker.java:schedule(141)) - Scheduling a check for /workdir/hadoop-ozone/integration-test/target/test-dir/MiniOzoneClusterImpl-44a4a489-765f-4971-8cd5-3df5cbc9600d/datanode-0/data/containers/hdds
2019-10-25 02:21:00,826 [main] INFO  volume.HddsVolumeChecker (HddsVolumeChecker.java:checkAllVolumes(204)) - Scheduled health check for volume /workdir/hadoop-ozone/integration-test/target/test-dir/MiniOzoneClusterImpl-44a4a489-765f-4971-8cd5-3df5cbc9600d/datanode-0/data/containers/hdds
2019-10-25 02:21:00,930 [main] INFO  impl.RaftServerProxy (ConfUtils.java:logGet(43)) - raft.rpc.type = GRPC (default)
2019-10-25 02:21:00,999 [main] INFO  grpc.GrpcFactory (GrpcFactory.java:checkPooledByteBufAllocatorUseCacheForAllThreads(45)) - PERFORMANCE WARNING: useCacheForAllThreads is true that may cause Netty to create a lot garbage objects and, as a result, trigger GC.
	It is recommended to disable useCacheForAllThreads by setting -Dorg.apache.ratis.thirdparty.io.netty.allocator.useCacheForAllThreads=false in command line.
2019-10-25 02:21:01,004 [main] INFO  grpc.GrpcConfigKeys$Server (ConfUtils.java:logGet(43)) - raft.grpc.server.port = 0 (default)
2019-10-25 02:21:01,005 [main] INFO  server.GrpcService (ConfUtils.java:logGet(43)) - raft.grpc.message.size.max = 33570816 (custom)
2019-10-25 02:21:01,007 [main] INFO  server.RaftServerConfigKeys (ConfUtils.java:logGet(43)) - raft.server.log.appender.buffer.byte-limit = 33554432 (custom)
2019-10-25 02:21:01,007 [main] INFO  server.GrpcService (ConfUtils.java:logGet(43)) - raft.grpc.flow.control.window = 1MB (=1048576) (default)
2019-10-25 02:21:01,008 [main] INFO  server.RaftServerConfigKeys (ConfUtils.java:logGet(43)) - raft.server.rpc.request.timeout = 3000ms (default)
2019-10-25 02:21:01,169 [main] INFO  server.RaftServerConfigKeys (ConfUtils.java:logGet(43)) - raft.server.storage.dir = [/workdir/hadoop-ozone/integration-test/target/test-dir/MiniOzoneClusterImpl-44a4a489-765f-4971-8cd5-3df5cbc9600d/datanode-0/data/ratis] (custom)
2019-10-25 02:21:01,223 [main] INFO  hdfs.DFSUtil (DFSUtil.java:httpServerTemplateForNNAndJN(1641)) - Starting Web-server for hddsDatanode at: http://0.0.0.0:0
2019-10-25 02:21:01,225 [main] INFO  server.AuthenticationFilter (AuthenticationFilter.java:constructSecretProvider(240)) - Unable to initialize FileSignerSecretProvider, falling back to use random secrets.
2019-10-25 02:21:01,226 [main] WARN  http.HttpRequestLog (HttpRequestLog.java:getRequestLog(97)) - Jetty request log can only be enabled using Log4j
2019-10-25 02:21:01,229 [main] INFO  http.HttpServer2 (HttpServer2.java:addGlobalFilter(975)) - Added global filter 'safety' (class=org.apache.hadoop.http.HttpServer2$QuotingInputFilter)
2019-10-25 02:21:01,229 [main] INFO  http.HttpServer2 (HttpServer2.java:addFilter(948)) - Added filter static_user_filter (class=org.apache.hadoop.http.lib.StaticUserWebFilter$StaticUserFilter) to context hddsDatanode
2019-10-25 02:21:01,230 [main] INFO  http.HttpServer2 (HttpServer2.java:addFilter(958)) - Added filter static_user_filter (class=org.apache.hadoop.http.lib.StaticUserWebFilter$StaticUserFilter) to context logs
2019-10-25 02:21:01,230 [main] INFO  http.HttpServer2 (HttpServer2.java:addFilter(958)) - Added filter static_user_filter (class=org.apache.hadoop.http.lib.StaticUserWebFilter$StaticUserFilter) to context static
2019-10-25 02:21:01,232 [main] INFO  http.HttpServer2 (HttpServer2.java:bindListener(1191)) - Jetty bound to port 36515
2019-10-25 02:21:01,232 [main] INFO  server.Server (Server.java:doStart(351)) - jetty-9.3.25.v20180904, build timestamp: 2018-09-04T21:11:46Z, git hash: 3ce520221d0240229c862b122d2b06c12a625732
2019-10-25 02:21:01,237 [main] INFO  handler.ContextHandler (ContextHandler.java:doStart(781)) - Started o.e.j.s.ServletContextHandler@6c008c24{/logs,file:///workdir/hadoop-ozone/integration-test/target/log,AVAILABLE}
2019-10-25 02:21:01,237 [main] INFO  handler.ContextHandler (ContextHandler.java:doStart(781)) - Started o.e.j.s.ServletContextHandler@21079a12{/static,jar:file:/home/user/.m2/repository/org/apache/hadoop/hadoop-hdds-container-service/0.5.0-SNAPSHOT/hadoop-hdds-container-service-0.5.0-SNAPSHOT.jar!/webapps/static,AVAILABLE}
2019-10-25 02:21:01,284 [main] INFO  handler.ContextHandler (ContextHandler.java:doStart(781)) - Started o.e.j.w.WebAppContext@673919a7{/,file:///tmp/jetty-0.0.0.0-36515-hddsDatanode-_-any-2878901134150989050.dir/webapp/,AVAILABLE}{/hddsDatanode}
2019-10-25 02:21:01,284 [main] INFO  server.AbstractConnector (AbstractConnector.java:doStart(278)) - Started ServerConnector@25d93198{HTTP/1.1,[http/1.1]}{0.0.0.0:36515}
2019-10-25 02:21:01,285 [main] INFO  server.Server (Server.java:doStart(419)) - Started @4903ms
2019-10-25 02:21:01,285 [main] WARN  impl.MetricsSystemImpl (MetricsSystemImpl.java:register(276)) - Sink prometheus already exists!
2019-10-25 02:21:01,287 [main] INFO  server.BaseHttpServer (BaseHttpServer.java:updateConnectorAddress(215)) - HTTP server of HDDSDATANODE is listening at http://0.0.0.0:36515
2019-10-25 02:21:01,288 [main] INFO  impl.MetricsSystemImpl (MetricsSystemImpl.java:init(158)) - HddsDatanode metrics system started (again)
2019-10-25 02:21:01,290 [main] INFO  ozone.HddsDatanodeService (HddsDatanodeService.java:start(184)) - HddsDatanodeService host:pr-hdds-2344-k2wqm-1432304908 ip:192.168.34.46
2019-10-25 02:21:01,292 [org.apache.hadoop.util.JvmPauseMonitor$Monitor@6abf62ec] INFO  util.JvmPauseMonitor (JvmPauseMonitor.java:run(188)) - Starting JVM pause monitor
2019-10-25 02:21:01,299 [main] INFO  volume.HddsVolume (HddsVolume.java:<init>(176)) - Creating Volume: /workdir/hadoop-ozone/integration-test/target/test-dir/MiniOzoneClusterImpl-44a4a489-765f-4971-8cd5-3df5cbc9600d/datanode-1/data/containers/hdds of  storage type : DISK and capacity : 1482555576320
2019-10-25 02:21:01,300 [main] INFO  volume.VolumeSet (VolumeSet.java:initializeVolumeSet(170)) - Added Volume : /workdir/hadoop-ozone/integration-test/target/test-dir/MiniOzoneClusterImpl-44a4a489-765f-4971-8cd5-3df5cbc9600d/datanode-1/data/containers/hdds to VolumeSet
2019-10-25 02:21:01,300 [main] INFO  volume.ThrottledAsyncChecker (ThrottledAsyncChecker.java:schedule(141)) - Scheduling a check for /workdir/hadoop-ozone/integration-test/target/test-dir/MiniOzoneClusterImpl-44a4a489-765f-4971-8cd5-3df5cbc9600d/datanode-1/data/containers/hdds
2019-10-25 02:21:01,300 [main] INFO  volume.HddsVolumeChecker (HddsVolumeChecker.java:checkAllVolumes(204)) - Scheduled health check for volume /workdir/hadoop-ozone/integration-test/target/test-dir/MiniOzoneClusterImpl-44a4a489-765f-4971-8cd5-3df5cbc9600d/datanode-1/data/containers/hdds
2019-10-25 02:21:01,314 [main] INFO  impl.RaftServerProxy (ConfUtils.java:logGet(43)) - raft.rpc.type = GRPC (default)
2019-10-25 02:21:01,314 [main] INFO  grpc.GrpcFactory (GrpcFactory.java:checkPooledByteBufAllocatorUseCacheForAllThreads(45)) - PERFORMANCE WARNING: useCacheForAllThreads is true that may cause Netty to create a lot garbage objects and, as a result, trigger GC.
	It is recommended to disable useCacheForAllThreads by setting -Dorg.apache.ratis.thirdparty.io.netty.allocator.useCacheForAllThreads=false in command line.
2019-10-25 02:21:01,315 [main] INFO  grpc.GrpcConfigKeys$Server (ConfUtils.java:logGet(43)) - raft.grpc.server.port = 0 (default)
2019-10-25 02:21:01,315 [main] INFO  server.GrpcService (ConfUtils.java:logGet(43)) - raft.grpc.message.size.max = 33570816 (custom)
2019-10-25 02:21:01,315 [main] INFO  server.RaftServerConfigKeys (ConfUtils.java:logGet(43)) - raft.server.log.appender.buffer.byte-limit = 33554432 (custom)
2019-10-25 02:21:01,315 [main] INFO  server.GrpcService (ConfUtils.java:logGet(43)) - raft.grpc.flow.control.window = 1MB (=1048576) (default)
2019-10-25 02:21:01,316 [main] INFO  server.RaftServerConfigKeys (ConfUtils.java:logGet(43)) - raft.server.rpc.request.timeout = 3000ms (default)
2019-10-25 02:21:01,316 [main] INFO  server.RaftServerConfigKeys (ConfUtils.java:logGet(43)) - raft.server.storage.dir = [/workdir/hadoop-ozone/integration-test/target/test-dir/MiniOzoneClusterImpl-44a4a489-765f-4971-8cd5-3df5cbc9600d/datanode-1/data/ratis] (custom)
2019-10-25 02:21:01,318 [main] INFO  hdfs.DFSUtil (DFSUtil.java:httpServerTemplateForNNAndJN(1641)) - Starting Web-server for hddsDatanode at: http://0.0.0.0:0
2019-10-25 02:21:01,319 [main] INFO  server.AuthenticationFilter (AuthenticationFilter.java:constructSecretProvider(240)) - Unable to initialize FileSignerSecretProvider, falling back to use random secrets.
2019-10-25 02:21:01,320 [main] WARN  http.HttpRequestLog (HttpRequestLog.java:getRequestLog(97)) - Jetty request log can only be enabled using Log4j
2019-10-25 02:21:01,322 [main] INFO  http.HttpServer2 (HttpServer2.java:addGlobalFilter(975)) - Added global filter 'safety' (class=org.apache.hadoop.http.HttpServer2$QuotingInputFilter)
2019-10-25 02:21:01,322 [main] INFO  http.HttpServer2 (HttpServer2.java:addFilter(948)) - Added filter static_user_filter (class=org.apache.hadoop.http.lib.StaticUserWebFilter$StaticUserFilter) to context hddsDatanode
2019-10-25 02:21:01,323 [main] INFO  http.HttpServer2 (HttpServer2.java:addFilter(958)) - Added filter static_user_filter (class=org.apache.hadoop.http.lib.StaticUserWebFilter$StaticUserFilter) to context logs
2019-10-25 02:21:01,323 [main] INFO  http.HttpServer2 (HttpServer2.java:addFilter(958)) - Added filter static_user_filter (class=org.apache.hadoop.http.lib.StaticUserWebFilter$StaticUserFilter) to context static
2019-10-25 02:21:01,323 [main] INFO  http.HttpServer2 (HttpServer2.java:bindListener(1191)) - Jetty bound to port 39176
2019-10-25 02:21:01,324 [main] INFO  server.Server (Server.java:doStart(351)) - jetty-9.3.25.v20180904, build timestamp: 2018-09-04T21:11:46Z, git hash: 3ce520221d0240229c862b122d2b06c12a625732
2019-10-25 02:21:01,326 [main] INFO  handler.ContextHandler (ContextHandler.java:doStart(781)) - Started o.e.j.s.ServletContextHandler@38bb9d7a{/logs,file:///workdir/hadoop-ozone/integration-test/target/log,AVAILABLE}
2019-10-25 02:21:01,326 [main] INFO  handler.ContextHandler (ContextHandler.java:doStart(781)) - Started o.e.j.s.ServletContextHandler@78d6447a{/static,jar:file:/home/user/.m2/repository/org/apache/hadoop/hadoop-hdds-container-service/0.5.0-SNAPSHOT/hadoop-hdds-container-service-0.5.0-SNAPSHOT.jar!/webapps/static,AVAILABLE}
2019-10-25 02:21:01,357 [main] INFO  handler.ContextHandler (ContextHandler.java:doStart(781)) - Started o.e.j.w.WebAppContext@2f37f1f9{/,file:///tmp/jetty-0.0.0.0-39176-hddsDatanode-_-any-6862452028367729318.dir/webapp/,AVAILABLE}{/hddsDatanode}
2019-10-25 02:21:01,357 [main] INFO  server.AbstractConnector (AbstractConnector.java:doStart(278)) - Started ServerConnector@3374b5bc{HTTP/1.1,[http/1.1]}{0.0.0.0:39176}
2019-10-25 02:21:01,358 [main] INFO  server.Server (Server.java:doStart(419)) - Started @4976ms
2019-10-25 02:21:01,358 [main] WARN  impl.MetricsSystemImpl (MetricsSystemImpl.java:register(276)) - Sink prometheus already exists!
2019-10-25 02:21:01,360 [main] INFO  server.BaseHttpServer (BaseHttpServer.java:updateConnectorAddress(215)) - HTTP server of HDDSDATANODE is listening at http://0.0.0.0:39176
2019-10-25 02:21:01,360 [main] INFO  impl.MetricsSystemImpl (MetricsSystemImpl.java:init(158)) - HddsDatanode metrics system started (again)
2019-10-25 02:21:01,363 [main] INFO  ozone.HddsDatanodeService (HddsDatanodeService.java:start(184)) - HddsDatanodeService host:pr-hdds-2344-k2wqm-1432304908 ip:192.168.34.46
2019-10-25 02:21:01,364 [org.apache.hadoop.util.JvmPauseMonitor$Monitor@6ccafc40] INFO  util.JvmPauseMonitor (JvmPauseMonitor.java:run(188)) - Starting JVM pause monitor
2019-10-25 02:21:01,373 [main] INFO  volume.HddsVolume (HddsVolume.java:<init>(176)) - Creating Volume: /workdir/hadoop-ozone/integration-test/target/test-dir/MiniOzoneClusterImpl-44a4a489-765f-4971-8cd5-3df5cbc9600d/datanode-2/data/containers/hdds of  storage type : DISK and capacity : 1482555576320
2019-10-25 02:21:01,374 [main] INFO  volume.VolumeSet (VolumeSet.java:initializeVolumeSet(170)) - Added Volume : /workdir/hadoop-ozone/integration-test/target/test-dir/MiniOzoneClusterImpl-44a4a489-765f-4971-8cd5-3df5cbc9600d/datanode-2/data/containers/hdds to VolumeSet
2019-10-25 02:21:01,374 [main] INFO  volume.ThrottledAsyncChecker (ThrottledAsyncChecker.java:schedule(141)) - Scheduling a check for /workdir/hadoop-ozone/integration-test/target/test-dir/MiniOzoneClusterImpl-44a4a489-765f-4971-8cd5-3df5cbc9600d/datanode-2/data/containers/hdds
2019-10-25 02:21:01,374 [main] INFO  volume.HddsVolumeChecker (HddsVolumeChecker.java:checkAllVolumes(204)) - Scheduled health check for volume /workdir/hadoop-ozone/integration-test/target/test-dir/MiniOzoneClusterImpl-44a4a489-765f-4971-8cd5-3df5cbc9600d/datanode-2/data/containers/hdds
2019-10-25 02:21:01,389 [main] INFO  impl.RaftServerProxy (ConfUtils.java:logGet(43)) - raft.rpc.type = GRPC (default)
2019-10-25 02:21:01,390 [main] INFO  grpc.GrpcFactory (GrpcFactory.java:checkPooledByteBufAllocatorUseCacheForAllThreads(45)) - PERFORMANCE WARNING: useCacheForAllThreads is true that may cause Netty to create a lot garbage objects and, as a result, trigger GC.
	It is recommended to disable useCacheForAllThreads by setting -Dorg.apache.ratis.thirdparty.io.netty.allocator.useCacheForAllThreads=false in command line.
2019-10-25 02:21:01,390 [main] INFO  grpc.GrpcConfigKeys$Server (ConfUtils.java:logGet(43)) - raft.grpc.server.port = 0 (default)
2019-10-25 02:21:01,390 [main] INFO  server.GrpcService (ConfUtils.java:logGet(43)) - raft.grpc.message.size.max = 33570816 (custom)
2019-10-25 02:21:01,391 [main] INFO  server.RaftServerConfigKeys (ConfUtils.java:logGet(43)) - raft.server.log.appender.buffer.byte-limit = 33554432 (custom)
2019-10-25 02:21:01,391 [main] INFO  server.GrpcService (ConfUtils.java:logGet(43)) - raft.grpc.flow.control.window = 1MB (=1048576) (default)
2019-10-25 02:21:01,391 [main] INFO  server.RaftServerConfigKeys (ConfUtils.java:logGet(43)) - raft.server.rpc.request.timeout = 3000ms (default)
2019-10-25 02:21:01,392 [main] INFO  server.RaftServerConfigKeys (ConfUtils.java:logGet(43)) - raft.server.storage.dir = [/workdir/hadoop-ozone/integration-test/target/test-dir/MiniOzoneClusterImpl-44a4a489-765f-4971-8cd5-3df5cbc9600d/datanode-2/data/ratis] (custom)
2019-10-25 02:21:01,395 [main] INFO  hdfs.DFSUtil (DFSUtil.java:httpServerTemplateForNNAndJN(1641)) - Starting Web-server for hddsDatanode at: http://0.0.0.0:0
2019-10-25 02:21:01,397 [main] INFO  server.AuthenticationFilter (AuthenticationFilter.java:constructSecretProvider(240)) - Unable to initialize FileSignerSecretProvider, falling back to use random secrets.
2019-10-25 02:21:01,397 [main] WARN  http.HttpRequestLog (HttpRequestLog.java:getRequestLog(97)) - Jetty request log can only be enabled using Log4j
2019-10-25 02:21:01,401 [main] INFO  http.HttpServer2 (HttpServer2.java:addGlobalFilter(975)) - Added global filter 'safety' (class=org.apache.hadoop.http.HttpServer2$QuotingInputFilter)
2019-10-25 02:21:01,402 [main] INFO  http.HttpServer2 (HttpServer2.java:addFilter(948)) - Added filter static_user_filter (class=org.apache.hadoop.http.lib.StaticUserWebFilter$StaticUserFilter) to context hddsDatanode
2019-10-25 02:21:01,402 [main] INFO  http.HttpServer2 (HttpServer2.java:addFilter(958)) - Added filter static_user_filter (class=org.apache.hadoop.http.lib.StaticUserWebFilter$StaticUserFilter) to context static
2019-10-25 02:21:01,402 [main] INFO  http.HttpServer2 (HttpServer2.java:addFilter(958)) - Added filter static_user_filter (class=org.apache.hadoop.http.lib.StaticUserWebFilter$StaticUserFilter) to context logs
2019-10-25 02:21:01,403 [main] INFO  http.HttpServer2 (HttpServer2.java:bindListener(1191)) - Jetty bound to port 38852
2019-10-25 02:21:01,403 [main] INFO  server.Server (Server.java:doStart(351)) - jetty-9.3.25.v20180904, build timestamp: 2018-09-04T21:11:46Z, git hash: 3ce520221d0240229c862b122d2b06c12a625732
2019-10-25 02:21:01,406 [main] INFO  handler.ContextHandler (ContextHandler.java:doStart(781)) - Started o.e.j.s.ServletContextHandler@1229a2b7{/logs,file:///workdir/hadoop-ozone/integration-test/target/log,AVAILABLE}
2019-10-25 02:21:01,407 [Datanode State Machine Thread - 0] INFO  datanode.InitDatanodeState (InitDatanodeState.java:persistContainerDatanodeDetails(140)) - DatanodeDetails is persisted to /workdir/hadoop-ozone/integration-test/target/test-dir/MiniOzoneClusterImpl-44a4a489-765f-4971-8cd5-3df5cbc9600d/datanode-0/meta/datanode.id
2019-10-25 02:21:01,407 [main] INFO  handler.ContextHandler (ContextHandler.java:doStart(781)) - Started o.e.j.s.ServletContextHandler@51c959a4{/static,jar:file:/home/user/.m2/repository/org/apache/hadoop/hadoop-hdds-container-service/0.5.0-SNAPSHOT/hadoop-hdds-container-service-0.5.0-SNAPSHOT.jar!/webapps/static,AVAILABLE}
2019-10-25 02:21:01,411 [Datanode State Machine Thread - 0] INFO  datanode.InitDatanodeState (InitDatanodeState.java:persistContainerDatanodeDetails(140)) - DatanodeDetails is persisted to /workdir/hadoop-ozone/integration-test/target/test-dir/MiniOzoneClusterImpl-44a4a489-765f-4971-8cd5-3df5cbc9600d/datanode-1/meta/datanode.id
2019-10-25 02:21:01,439 [main] INFO  handler.ContextHandler (ContextHandler.java:doStart(781)) - Started o.e.j.w.WebAppContext@75ae4a1f{/,file:///tmp/jetty-0.0.0.0-38852-hddsDatanode-_-any-3700115757442576150.dir/webapp/,AVAILABLE}{/hddsDatanode}
2019-10-25 02:21:01,440 [main] INFO  server.AbstractConnector (AbstractConnector.java:doStart(278)) - Started ServerConnector@70228253{HTTP/1.1,[http/1.1]}{0.0.0.0:38852}
2019-10-25 02:21:01,440 [main] INFO  server.Server (Server.java:doStart(419)) - Started @5058ms
2019-10-25 02:21:01,440 [main] WARN  impl.MetricsSystemImpl (MetricsSystemImpl.java:register(276)) - Sink prometheus already exists!
2019-10-25 02:21:01,443 [main] INFO  server.BaseHttpServer (BaseHttpServer.java:updateConnectorAddress(215)) - HTTP server of HDDSDATANODE is listening at http://0.0.0.0:38852
2019-10-25 02:21:01,445 [main] INFO  ozone.MiniOzoneClusterImpl (MiniOzoneClusterImpl.java:lambda$waitForClusterToBeReady$0(147)) - Waiting for cluster to be ready. Got 0 of 3 DN Heartbeats.
2019-10-25 02:21:01,446 [org.apache.hadoop.util.JvmPauseMonitor$Monitor@3ff4ef25] INFO  util.JvmPauseMonitor (JvmPauseMonitor.java:run(188)) - Starting JVM pause monitor
2019-10-25 02:21:01,451 [Datanode State Machine Thread - 0] INFO  datanode.InitDatanodeState (InitDatanodeState.java:persistContainerDatanodeDetails(140)) - DatanodeDetails is persisted to /workdir/hadoop-ozone/integration-test/target/test-dir/MiniOzoneClusterImpl-44a4a489-765f-4971-8cd5-3df5cbc9600d/datanode-2/meta/datanode.id
2019-10-25 02:21:02,445 [main] INFO  ozone.MiniOzoneClusterImpl (MiniOzoneClusterImpl.java:lambda$waitForClusterToBeReady$0(147)) - Waiting for cluster to be ready. Got 0 of 3 DN Heartbeats.
2019-10-25 02:21:03,385 [Datanode State Machine Thread - 0] INFO  ozoneimpl.OzoneContainer (OzoneContainer.java:start(213)) - Attempting to start container services.
2019-10-25 02:21:03,385 [Datanode State Machine Thread - 0] INFO  ozoneimpl.OzoneContainer (OzoneContainer.java:start(213)) - Attempting to start container services.
2019-10-25 02:21:03,389 [Datanode State Machine Thread - 0] INFO  ozoneimpl.OzoneContainer (OzoneContainer.java:startContainerScrub(177)) - Background container scanner has been disabled.
2019-10-25 02:21:03,389 [Datanode State Machine Thread - 0] INFO  ozoneimpl.OzoneContainer (OzoneContainer.java:startContainerScrub(177)) - Background container scanner has been disabled.
2019-10-25 02:21:03,389 [Datanode State Machine Thread - 0] INFO  ratis.XceiverServerRatis (XceiverServerRatis.java:start(418)) - Starting XceiverServerRatis c287e0c1-5401-4ab1-85ea-f9321adc6aaf at port 0
2019-10-25 02:21:03,389 [Datanode State Machine Thread - 0] INFO  ratis.XceiverServerRatis (XceiverServerRatis.java:start(418)) - Starting XceiverServerRatis b706312b-118f-4972-9c71-4cc867b58d89 at port 0
2019-10-25 02:21:03,430 [Datanode State Machine Thread - 0] INFO  impl.RaftServerProxy (RaftServerProxy.java:lambda$start$3(299)) - c287e0c1-5401-4ab1-85ea-f9321adc6aaf: start RPC server
2019-10-25 02:21:03,430 [Datanode State Machine Thread - 0] INFO  impl.RaftServerProxy (RaftServerProxy.java:lambda$start$3(299)) - b706312b-118f-4972-9c71-4cc867b58d89: start RPC server
2019-10-25 02:21:03,446 [main] INFO  ozone.MiniOzoneClusterImpl (MiniOzoneClusterImpl.java:lambda$waitForClusterToBeReady$0(147)) - Waiting for cluster to be ready. Got 0 of 3 DN Heartbeats.
2019-10-25 02:21:03,465 [Datanode State Machine Thread - 0] INFO  ozoneimpl.OzoneContainer (OzoneContainer.java:start(213)) - Attempting to start container services.
2019-10-25 02:21:03,472 [Datanode State Machine Thread - 0] INFO  ozoneimpl.OzoneContainer (OzoneContainer.java:startContainerScrub(177)) - Background container scanner has been disabled.
2019-10-25 02:21:03,472 [Datanode State Machine Thread - 0] INFO  ratis.XceiverServerRatis (XceiverServerRatis.java:start(418)) - Starting XceiverServerRatis 25203751-88e7-46c0-b9ea-976de1ff2c7c at port 0
2019-10-25 02:21:03,483 [Datanode State Machine Thread - 0] INFO  impl.RaftServerProxy (RaftServerProxy.java:lambda$start$3(299)) - 25203751-88e7-46c0-b9ea-976de1ff2c7c: start RPC server
2019-10-25 02:21:03,580 [Datanode State Machine Thread - 0] INFO  server.GrpcService (GrpcService.java:startImpl(158)) - b706312b-118f-4972-9c71-4cc867b58d89: GrpcService started, listening on 0.0.0.0/0.0.0.0:44531
2019-10-25 02:21:03,581 [Datanode State Machine Thread - 0] INFO  server.GrpcService (GrpcService.java:startImpl(158)) - 25203751-88e7-46c0-b9ea-976de1ff2c7c: GrpcService started, listening on 0.0.0.0/0.0.0.0:43366
2019-10-25 02:21:03,580 [Datanode State Machine Thread - 0] INFO  server.GrpcService (GrpcService.java:startImpl(158)) - c287e0c1-5401-4ab1-85ea-f9321adc6aaf: GrpcService started, listening on 0.0.0.0/0.0.0.0:43708
2019-10-25 02:21:03,582 [Datanode State Machine Thread - 0] INFO  ratis.XceiverServerRatis (XceiverServerRatis.java:start(428)) - XceiverServerRatis 25203751-88e7-46c0-b9ea-976de1ff2c7c is started using port 43366
2019-10-25 02:21:03,581 [Datanode State Machine Thread - 0] INFO  ratis.XceiverServerRatis (XceiverServerRatis.java:start(428)) - XceiverServerRatis b706312b-118f-4972-9c71-4cc867b58d89 is started using port 44531
2019-10-25 02:21:03,582 [Datanode State Machine Thread - 0] INFO  ratis.XceiverServerRatis (XceiverServerRatis.java:start(428)) - XceiverServerRatis c287e0c1-5401-4ab1-85ea-f9321adc6aaf is started using port 43708
2019-10-25 02:21:03,588 [Datanode State Machine Thread - 0] INFO  server.XceiverServerGrpc (XceiverServerGrpc.java:start(149)) - XceiverServerGrpc c287e0c1-5401-4ab1-85ea-f9321adc6aaf is started using port 35020
2019-10-25 02:21:03,588 [Datanode State Machine Thread - 0] INFO  server.XceiverServerGrpc (XceiverServerGrpc.java:start(149)) - XceiverServerGrpc 25203751-88e7-46c0-b9ea-976de1ff2c7c is started using port 38043
2019-10-25 02:21:03,589 [Datanode State Machine Thread - 0] INFO  server.XceiverServerGrpc (XceiverServerGrpc.java:start(149)) - XceiverServerGrpc b706312b-118f-4972-9c71-4cc867b58d89 is started using port 39185
2019-10-25 02:21:04,446 [main] INFO  ozone.MiniOzoneClusterImpl (MiniOzoneClusterImpl.java:lambda$waitForClusterToBeReady$0(147)) - Waiting for cluster to be ready. Got 0 of 3 DN Heartbeats.
2019-10-25 02:21:05,327 [IPC Server handler 0 on 45961] INFO  net.NetworkTopology (NetworkTopologyImpl.java:add(111)) - Added a new node: /default-rack/b706312b-118f-4972-9c71-4cc867b58d89
2019-10-25 02:21:05,327 [IPC Server handler 0 on 45961] INFO  node.SCMNodeManager (SCMNodeManager.java:register(268)) - Registered Data node : b706312b-118f-4972-9c71-4cc867b58d89{ip: 192.168.34.46, host: pr-hdds-2344-k2wqm-1432304908, networkLocation: /default-rack, certSerialId: null}
2019-10-25 02:21:05,331 [EventQueue-NodeRegistrationContainerReportForDataNodeSafeModeRule] INFO  safemode.SCMSafeModeManager (DataNodeSafeModeRule.java:process(71)) - SCM in safe mode. 1 DataNodes registered, 1 required.
2019-10-25 02:21:05,331 [EventQueue-NodeRegistrationContainerReportForDataNodeSafeModeRule] INFO  safemode.SCMSafeModeManager (SCMSafeModeManager.java:validateSafeModeExitRules(177)) - ScmSafeModeManager, all rules are successfully validated
2019-10-25 02:21:05,332 [EventQueue-NodeRegistrationContainerReportForDataNodeSafeModeRule] INFO  safemode.SCMSafeModeManager (SCMSafeModeManager.java:exitSafeMode(193)) - SCM exiting safe mode.
2019-10-25 02:21:05,367 [IPC Server handler 1 on 45961] INFO  net.NetworkTopology (NetworkTopologyImpl.java:add(111)) - Added a new node: /default-rack/c287e0c1-5401-4ab1-85ea-f9321adc6aaf
2019-10-25 02:21:05,367 [IPC Server handler 1 on 45961] INFO  node.SCMNodeManager (SCMNodeManager.java:register(268)) - Registered Data node : c287e0c1-5401-4ab1-85ea-f9321adc6aaf{ip: 192.168.34.46, host: pr-hdds-2344-k2wqm-1432304908, networkLocation: /default-rack, certSerialId: null}
2019-10-25 02:21:05,447 [main] INFO  ozone.MiniOzoneClusterImpl (MiniOzoneClusterImpl.java:lambda$waitForClusterToBeReady$0(147)) - Waiting for cluster to be ready. Got 2 of 3 DN Heartbeats.
2019-10-25 02:21:05,450 [IPC Server handler 3 on 45961] INFO  net.NetworkTopology (NetworkTopologyImpl.java:add(111)) - Added a new node: /default-rack/25203751-88e7-46c0-b9ea-976de1ff2c7c
2019-10-25 02:21:05,450 [IPC Server handler 3 on 45961] INFO  node.SCMNodeManager (SCMNodeManager.java:register(268)) - Registered Data node : 25203751-88e7-46c0-b9ea-976de1ff2c7c{ip: 192.168.34.46, host: pr-hdds-2344-k2wqm-1432304908, networkLocation: /default-rack, certSerialId: null}
2019-10-25 02:21:05,845 [grpc-default-executor-0] INFO  impl.RaftServerProxy (RaftServerProxy.java:addNew(89)) - b706312b-118f-4972-9c71-4cc867b58d89: addNew group-6DB76DF175EA:[b706312b-118f-4972-9c71-4cc867b58d89:192.168.34.46:44531] returns group-6DB76DF175EA:java.util.concurrent.CompletableFuture@655f8bcc[Not completed]
2019-10-25 02:21:05,861 [pool-27-thread-1] INFO  impl.RaftServerImpl (RaftServerImpl.java:<init>(98)) - b706312b-118f-4972-9c71-4cc867b58d89: new RaftServerImpl for group-6DB76DF175EA:[b706312b-118f-4972-9c71-4cc867b58d89:192.168.34.46:44531] with ContainerStateMachine:uninitialized
2019-10-25 02:21:05,863 [pool-27-thread-1] INFO  server.RaftServerConfigKeys (ConfUtils.java:logGet(43)) - raft.server.rpc.timeout.min = 5s (custom)
2019-10-25 02:21:05,864 [pool-27-thread-1] INFO  server.RaftServerConfigKeys (ConfUtils.java:logGet(43)) - raft.server.rpc.timeout.max = 5200ms (custom)
2019-10-25 02:21:05,865 [pool-27-thread-1] INFO  server.RaftServerConfigKeys (ConfUtils.java:logGet(43)) - raft.server.rpcslowness.timeout = 1000s (custom)
2019-10-25 02:21:05,866 [pool-27-thread-1] INFO  server.RaftServerConfigKeys (ConfUtils.java:logGet(43)) - raft.server.sleep.deviation.threshold = 300 (default)
2019-10-25 02:21:05,867 [pool-27-thread-1] INFO  server.RaftServerConfigKeys (ConfUtils.java:logGet(43)) - raft.server.log.appender.install.snapshot.enabled = false (custom)
2019-10-25 02:21:05,876 [pool-27-thread-1] INFO  impl.RaftServerImpl (ServerState.java:<init>(103)) - b706312b-118f-4972-9c71-4cc867b58d89@group-6DB76DF175EA: ConfigurationManager, init=-1: [b706312b-118f-4972-9c71-4cc867b58d89:192.168.34.46:44531], old=null, confs=<EMPTY_MAP>
2019-10-25 02:21:05,876 [pool-27-thread-1] INFO  server.RaftServerConfigKeys (ConfUtils.java:logGet(43)) - raft.server.storage.dir = [/workdir/hadoop-ozone/integration-test/target/test-dir/MiniOzoneClusterImpl-44a4a489-765f-4971-8cd5-3df5cbc9600d/datanode-0/data/ratis] (custom)
2019-10-25 02:21:05,884 [pool-27-thread-1] INFO  server.RaftServerConfigKeys (ConfUtils.java:logGet(43)) - raft.server.log.corruption.policy = EXCEPTION (default)
2019-10-25 02:21:05,886 [pool-27-thread-1] INFO  storage.RaftStorageDirectory (RaftStorageDirectory.java:analyzeStorage(246)) - The storage directory /workdir/hadoop-ozone/integration-test/target/test-dir/MiniOzoneClusterImpl-44a4a489-765f-4971-8cd5-3df5cbc9600d/datanode-0/data/ratis/69105e15-0236-40b6-bc42-6db76df175ea does not exist. Creating ...
2019-10-25 02:21:05,903 [pool-27-thread-1] INFO  storage.RaftStorageDirectory (RaftStorageDirectory.java:tryLock(328)) - Lock on /workdir/hadoop-ozone/integration-test/target/test-dir/MiniOzoneClusterImpl-44a4a489-765f-4971-8cd5-3df5cbc9600d/datanode-0/data/ratis/69105e15-0236-40b6-bc42-6db76df175ea/in_use.lock acquired by nodename 30707@pr-hdds-2344-k2wqm-1432304908
2019-10-25 02:21:05,921 [pool-27-thread-1] INFO  storage.RaftStorage (RaftStorage.java:format(84)) - Storage directory /workdir/hadoop-ozone/integration-test/target/test-dir/MiniOzoneClusterImpl-44a4a489-765f-4971-8cd5-3df5cbc9600d/datanode-0/data/ratis/69105e15-0236-40b6-bc42-6db76df175ea has been successfully formatted.
2019-10-25 02:21:05,923 [pool-27-thread-1] INFO  ratis.ContainerStateMachine (ContainerStateMachine.java:loadSnapshot(231)) - group-6DB76DF175EA: The snapshot info is null. Setting the last applied indexto:(t:0, i:~)
2019-10-25 02:21:05,924 [pool-27-thread-1] INFO  server.RaftServerConfigKeys (ConfUtils.java:logGet(43)) - raft.server.notification.no-leader.timeout = 1000s (custom)
2019-10-25 02:21:05,926 [pool-27-thread-1] INFO  server.RaftServerConfigKeys (ConfUtils.java:logGet(43)) - raft.server.log.use.memory = false (default)
2019-10-25 02:21:05,932 [pool-27-thread-1] INFO  server.RaftServerConfigKeys (ConfUtils.java:logGet(43)) - raft.server.log.purge.gap = 1000000 (custom)
2019-10-25 02:21:05,932 [pool-27-thread-1] INFO  server.RaftServerConfigKeys (ConfUtils.java:logGet(43)) - raft.server.log.appender.buffer.byte-limit = 33554432 (custom)
2019-10-25 02:21:05,935 [pool-27-thread-1] INFO  server.RaftServerConfigKeys (ConfUtils.java:logGet(43)) - raft.server.log.segment.size.max = 1048576 (custom)
2019-10-25 02:21:05,940 [pool-27-thread-1] INFO  metrics.MetricRegistries (MetricRegistriesLoader.java:load(64)) - Loaded MetricRegistries class org.apache.ratis.metrics.impl.MetricRegistriesImpl
2019-10-25 02:21:05,944 [pool-27-thread-1] WARN  impl.MetricRegistriesImpl (MetricRegistriesImpl.java:lambda$create$1(61)) - First MetricRegistry has been created without registering reporters. You may need to call MetricRegistries.global().addReportRegistration(...) before.
2019-10-25 02:21:05,951 [pool-27-thread-1] INFO  server.RaftServerConfigKeys (ConfUtils.java:logGet(43)) - raft.server.log.segment.cache.num.max = 2 (custom)
2019-10-25 02:21:05,956 [pool-27-thread-1] INFO  segmented.SegmentedRaftLogWorker (SegmentedRaftLogWorker.java:<init>(173)) - new b706312b-118f-4972-9c71-4cc867b58d89@group-6DB76DF175EA-SegmentedRaftLogWorker for RaftStorage:Storage Directory /workdir/hadoop-ozone/integration-test/target/test-dir/MiniOzoneClusterImpl-44a4a489-765f-4971-8cd5-3df5cbc9600d/datanode-0/data/ratis/69105e15-0236-40b6-bc42-6db76df175ea
2019-10-25 02:21:05,957 [pool-27-thread-1] INFO  server.RaftServerConfigKeys (ConfUtils.java:logGet(43)) - raft.server.log.queue.byte-limit = 2147483647 (custom)
2019-10-25 02:21:05,958 [pool-27-thread-1] INFO  server.RaftServerConfigKeys (ConfUtils.java:logGet(43)) - raft.server.log.queue.element-limit = 1024 (custom)
2019-10-25 02:21:05,959 [pool-27-thread-1] INFO  server.RaftServerConfigKeys (ConfUtils.java:logGet(43)) - raft.server.log.segment.size.max = 1048576 (custom)
2019-10-25 02:21:05,959 [pool-27-thread-1] INFO  server.RaftServerConfigKeys (ConfUtils.java:logGet(43)) - raft.server.log.preallocated.size = 16384 (custom)
2019-10-25 02:21:05,960 [pool-27-thread-1] INFO  server.RaftServerConfigKeys (ConfUtils.java:logGet(43)) - raft.server.log.write.buffer.size = 33554432 (custom)
2019-10-25 02:21:05,960 [pool-27-thread-1] INFO  server.RaftServerConfigKeys (ConfUtils.java:logGet(43)) - raft.server.log.force.sync.num = 128 (default)
2019-10-25 02:21:05,961 [pool-27-thread-1] INFO  server.RaftServerConfigKeys (ConfUtils.java:logGet(43)) - raft.server.log.statemachine.data.sync = true (default)
2019-10-25 02:21:05,962 [pool-27-thread-1] INFO  server.RaftServerConfigKeys (ConfUtils.java:logGet(43)) - raft.server.log.statemachine.data.sync.timeout = 10s (default)
2019-10-25 02:21:05,962 [pool-27-thread-1] INFO  server.RaftServerConfigKeys (ConfUtils.java:logGet(43)) - raft.server.log.statemachine.data.sync.timeout.retry = -1 (default)
2019-10-25 02:21:05,972 [pool-27-thread-1] INFO  server.RaftServerConfigKeys (ConfUtils.java:logGet(43)) - raft.server.log.statemachine.data.caching.enabled = true (custom)
2019-10-25 02:21:05,977 [pool-27-thread-1] INFO  segmented.SegmentedRaftLogWorker (SegmentedRaftLogWorker.java:lambda$new$0(128)) - b706312b-118f-4972-9c71-4cc867b58d89@group-6DB76DF175EA-SegmentedRaftLogWorker: flushIndex: setUnconditionally 0 -> -1
2019-10-25 02:21:05,981 [pool-27-thread-1] INFO  server.RaftServerConfigKeys (ConfUtils.java:logGet(43)) - raft.server.snapshot.auto.trigger.enabled = true (custom)
2019-10-25 02:21:05,982 [pool-27-thread-1] INFO  server.RaftServerConfigKeys (ConfUtils.java:logGet(43)) - raft.server.snapshot.auto.trigger.threshold = 10000 (custom)
2019-10-25 02:21:05,983 [pool-27-thread-1] INFO  server.RaftServerConfigKeys (ConfUtils.java:logGet(43)) - raft.server.snapshot.retention.file.num = 5 (custom)
2019-10-25 02:21:05,983 [pool-27-thread-1] INFO  server.RaftServerConfigKeys (ConfUtils.java:logGet(43)) - raft.server.retrycache.expirytime = 600000ms (custom)
2019-10-25 02:21:06,003 [pool-27-thread-1] WARN  impl.MetricRegistriesImpl (MetricRegistriesImpl.java:lambda$create$1(61)) - First MetricRegistry has been created without registering reporters. You may need to call MetricRegistries.global().addReportRegistration(...) before.
2019-10-25 02:21:06,004 [pool-27-thread-1] WARN  impl.MetricRegistriesImpl (MetricRegistriesImpl.java:lambda$create$1(61)) - First MetricRegistry has been created without registering reporters. You may need to call MetricRegistries.global().addReportRegistration(...) before.
2019-10-25 02:21:06,006 [pool-27-thread-1] INFO  impl.RaftServerImpl (RaftServerImpl.java:start(184)) - b706312b-118f-4972-9c71-4cc867b58d89@group-6DB76DF175EA: start as a follower, conf=-1: [b706312b-118f-4972-9c71-4cc867b58d89:192.168.34.46:44531], old=null
2019-10-25 02:21:06,007 [pool-27-thread-1] INFO  impl.RaftServerImpl (RaftServerImpl.java:setRole(173)) - b706312b-118f-4972-9c71-4cc867b58d89@group-6DB76DF175EA: changes role from      null to FOLLOWER at term 0 for startAsFollower
2019-10-25 02:21:06,008 [pool-27-thread-1] INFO  impl.RoleInfo (RoleInfo.java:updateAndGet(143)) - b706312b-118f-4972-9c71-4cc867b58d89: start FollowerState
2019-10-25 02:21:06,010 [pool-27-thread-1] INFO  util.JmxRegister (JmxRegister.java:tryRegister(44)) - Successfully registered JMX Bean with object name Ratis:service=RaftServer,group=group-6DB76DF175EA,id=b706312b-118f-4972-9c71-4cc867b58d89
2019-10-25 02:21:06,011 [pool-27-thread-1] WARN  impl.MetricRegistriesImpl (MetricRegistriesImpl.java:lambda$create$1(61)) - First MetricRegistry has been created without registering reporters. You may need to call MetricRegistries.global().addReportRegistration(...) before.
2019-10-25 02:21:06,089 [RatisPipelineUtilsThread] INFO  pipeline.PipelineStateManager (PipelineStateManager.java:addPipeline(56)) - Created pipeline Pipeline[ Id: 69105e15-0236-40b6-bc42-6db76df175ea, Nodes: b706312b-118f-4972-9c71-4cc867b58d89{ip: 192.168.34.46, host: pr-hdds-2344-k2wqm-1432304908, networkLocation: /default-rack, certSerialId: null}, Type:RATIS, Factor:ONE, State:OPEN]
2019-10-25 02:21:06,112 [grpc-default-executor-0] INFO  impl.RaftServerProxy (RaftServerProxy.java:addNew(89)) - 25203751-88e7-46c0-b9ea-976de1ff2c7c: addNew group-4AA38178ED11:[25203751-88e7-46c0-b9ea-976de1ff2c7c:192.168.34.46:43366] returns group-4AA38178ED11:java.util.concurrent.CompletableFuture@63eb13d[Not completed]
2019-10-25 02:21:06,143 [pool-47-thread-1] INFO  impl.RaftServerImpl (RaftServerImpl.java:<init>(98)) - 25203751-88e7-46c0-b9ea-976de1ff2c7c: new RaftServerImpl for group-4AA38178ED11:[25203751-88e7-46c0-b9ea-976de1ff2c7c:192.168.34.46:43366] with ContainerStateMachine:uninitialized
2019-10-25 02:21:06,145 [pool-47-thread-1] INFO  server.RaftServerConfigKeys (ConfUtils.java:logGet(43)) - raft.server.rpc.timeout.min = 5s (custom)
2019-10-25 02:21:06,145 [pool-47-thread-1] INFO  server.RaftServerConfigKeys (ConfUtils.java:logGet(43)) - raft.server.rpc.timeout.max = 5200ms (custom)
2019-10-25 02:21:06,145 [pool-47-thread-1] INFO  server.RaftServerConfigKeys (ConfUtils.java:logGet(43)) - raft.server.rpcslowness.timeout = 1000s (custom)
2019-10-25 02:21:06,145 [pool-47-thread-1] INFO  server.RaftServerConfigKeys (ConfUtils.java:logGet(43)) - raft.server.sleep.deviation.threshold = 300 (default)
2019-10-25 02:21:06,146 [pool-47-thread-1] INFO  server.RaftServerConfigKeys (ConfUtils.java:logGet(43)) - raft.server.log.appender.install.snapshot.enabled = false (custom)
2019-10-25 02:21:06,146 [pool-47-thread-1] INFO  impl.RaftServerImpl (ServerState.java:<init>(103)) - 25203751-88e7-46c0-b9ea-976de1ff2c7c@group-4AA38178ED11: ConfigurationManager, init=-1: [25203751-88e7-46c0-b9ea-976de1ff2c7c:192.168.34.46:43366], old=null, confs=<EMPTY_MAP>
2019-10-25 02:21:06,146 [pool-47-thread-1] INFO  server.RaftServerConfigKeys (ConfUtils.java:logGet(43)) - raft.server.storage.dir = [/workdir/hadoop-ozone/integration-test/target/test-dir/MiniOzoneClusterImpl-44a4a489-765f-4971-8cd5-3df5cbc9600d/datanode-2/data/ratis] (custom)
2019-10-25 02:21:06,147 [pool-47-thread-1] INFO  server.RaftServerConfigKeys (ConfUtils.java:logGet(43)) - raft.server.log.corruption.policy = EXCEPTION (default)
2019-10-25 02:21:06,147 [pool-47-thread-1] INFO  storage.RaftStorageDirectory (RaftStorageDirectory.java:analyzeStorage(246)) - The storage directory /workdir/hadoop-ozone/integration-test/target/test-dir/MiniOzoneClusterImpl-44a4a489-765f-4971-8cd5-3df5cbc9600d/datanode-2/data/ratis/067d4b52-5434-4ed3-bf1d-4aa38178ed11 does not exist. Creating ...
2019-10-25 02:21:06,161 [pool-47-thread-1] INFO  storage.RaftStorageDirectory (RaftStorageDirectory.java:tryLock(328)) - Lock on /workdir/hadoop-ozone/integration-test/target/test-dir/MiniOzoneClusterImpl-44a4a489-765f-4971-8cd5-3df5cbc9600d/datanode-2/data/ratis/067d4b52-5434-4ed3-bf1d-4aa38178ed11/in_use.lock acquired by nodename 30707@pr-hdds-2344-k2wqm-1432304908
2019-10-25 02:21:06,176 [pool-47-thread-1] INFO  storage.RaftStorage (RaftStorage.java:format(84)) - Storage directory /workdir/hadoop-ozone/integration-test/target/test-dir/MiniOzoneClusterImpl-44a4a489-765f-4971-8cd5-3df5cbc9600d/datanode-2/data/ratis/067d4b52-5434-4ed3-bf1d-4aa38178ed11 has been successfully formatted.
2019-10-25 02:21:06,177 [pool-47-thread-1] INFO  ratis.ContainerStateMachine (ContainerStateMachine.java:loadSnapshot(231)) - group-4AA38178ED11: The snapshot info is null. Setting the last applied indexto:(t:0, i:~)
2019-10-25 02:21:06,178 [pool-47-thread-1] INFO  server.RaftServerConfigKeys (ConfUtils.java:logGet(43)) - raft.server.notification.no-leader.timeout = 1000s (custom)
2019-10-25 02:21:06,179 [pool-47-thread-1] INFO  server.RaftServerConfigKeys (ConfUtils.java:logGet(43)) - raft.server.log.use.memory = false (default)
2019-10-25 02:21:06,179 [pool-47-thread-1] INFO  server.RaftServerConfigKeys (ConfUtils.java:logGet(43)) - raft.server.log.purge.gap = 1000000 (custom)
2019-10-25 02:21:06,179 [pool-47-thread-1] INFO  server.RaftServerConfigKeys (ConfUtils.java:logGet(43)) - raft.server.log.appender.buffer.byte-limit = 33554432 (custom)
2019-10-25 02:21:06,179 [pool-47-thread-1] INFO  server.RaftServerConfigKeys (ConfUtils.java:logGet(43)) - raft.server.log.segment.size.max = 1048576 (custom)
2019-10-25 02:21:06,180 [pool-47-thread-1] WARN  impl.MetricRegistriesImpl (MetricRegistriesImpl.java:lambda$create$1(61)) - First MetricRegistry has been created without registering reporters. You may need to call MetricRegistries.global().addReportRegistration(...) before.
2019-10-25 02:21:06,181 [pool-47-thread-1] INFO  server.RaftServerConfigKeys (ConfUtils.java:logGet(43)) - raft.server.log.segment.cache.num.max = 2 (custom)
2019-10-25 02:21:06,181 [pool-47-thread-1] INFO  segmented.SegmentedRaftLogWorker (SegmentedRaftLogWorker.java:<init>(173)) - new 25203751-88e7-46c0-b9ea-976de1ff2c7c@group-4AA38178ED11-SegmentedRaftLogWorker for RaftStorage:Storage Directory /workdir/hadoop-ozone/integration-test/target/test-dir/MiniOzoneClusterImpl-44a4a489-765f-4971-8cd5-3df5cbc9600d/datanode-2/data/ratis/067d4b52-5434-4ed3-bf1d-4aa38178ed11
2019-10-25 02:21:06,182 [pool-47-thread-1] INFO  server.RaftServerConfigKeys (ConfUtils.java:logGet(43)) - raft.server.log.queue.byte-limit = 2147483647 (custom)
2019-10-25 02:21:06,182 [pool-47-thread-1] INFO  server.RaftServerConfigKeys (ConfUtils.java:logGet(43)) - raft.server.log.queue.element-limit = 1024 (custom)
2019-10-25 02:21:06,182 [pool-47-thread-1] INFO  server.RaftServerConfigKeys (ConfUtils.java:logGet(43)) - raft.server.log.segment.size.max = 1048576 (custom)
2019-10-25 02:21:06,182 [pool-47-thread-1] INFO  server.RaftServerConfigKeys (ConfUtils.java:logGet(43)) - raft.server.log.preallocated.size = 16384 (custom)
2019-10-25 02:21:06,183 [pool-47-thread-1] INFO  server.RaftServerConfigKeys (ConfUtils.java:logGet(43)) - raft.server.log.write.buffer.size = 33554432 (custom)
2019-10-25 02:21:06,183 [pool-47-thread-1] INFO  server.RaftServerConfigKeys (ConfUtils.java:logGet(43)) - raft.server.log.force.sync.num = 128 (default)
2019-10-25 02:21:06,183 [pool-47-thread-1] INFO  server.RaftServerConfigKeys (ConfUtils.java:logGet(43)) - raft.server.log.statemachine.data.sync = true (default)
2019-10-25 02:21:06,183 [pool-47-thread-1] INFO  server.RaftServerConfigKeys (ConfUtils.java:logGet(43)) - raft.server.log.statemachine.data.sync.timeout = 10s (default)
2019-10-25 02:21:06,183 [pool-47-thread-1] INFO  server.RaftServerConfigKeys (ConfUtils.java:logGet(43)) - raft.server.log.statemachine.data.sync.timeout.retry = -1 (default)
2019-10-25 02:21:06,184 [pool-47-thread-1] INFO  server.RaftServerConfigKeys (ConfUtils.java:logGet(43)) - raft.server.log.statemachine.data.caching.enabled = true (custom)
2019-10-25 02:21:06,185 [pool-47-thread-1] INFO  segmented.SegmentedRaftLogWorker (SegmentedRaftLogWorker.java:lambda$new$0(128)) - 25203751-88e7-46c0-b9ea-976de1ff2c7c@group-4AA38178ED11-SegmentedRaftLogWorker: flushIndex: setUnconditionally 0 -> -1
2019-10-25 02:21:06,185 [pool-47-thread-1] INFO  server.RaftServerConfigKeys (ConfUtils.java:logGet(43)) - raft.server.snapshot.auto.trigger.enabled = true (custom)
2019-10-25 02:21:06,185 [pool-47-thread-1] INFO  server.RaftServerConfigKeys (ConfUtils.java:logGet(43)) - raft.server.snapshot.auto.trigger.threshold = 10000 (custom)
2019-10-25 02:21:06,186 [pool-47-thread-1] INFO  server.RaftServerConfigKeys (ConfUtils.java:logGet(43)) - raft.server.snapshot.retention.file.num = 5 (custom)
2019-10-25 02:21:06,186 [pool-47-thread-1] INFO  server.RaftServerConfigKeys (ConfUtils.java:logGet(43)) - raft.server.retrycache.expirytime = 600000ms (custom)
2019-10-25 02:21:06,186 [pool-47-thread-1] WARN  impl.MetricRegistriesImpl (MetricRegistriesImpl.java:lambda$create$1(61)) - First MetricRegistry has been created without registering reporters. You may need to call MetricRegistries.global().addReportRegistration(...) before.
2019-10-25 02:21:06,186 [pool-47-thread-1] WARN  impl.MetricRegistriesImpl (MetricRegistriesImpl.java:lambda$create$1(61)) - First MetricRegistry has been created without registering reporters. You may need to call MetricRegistries.global().addReportRegistration(...) before.
2019-10-25 02:21:06,187 [pool-47-thread-1] INFO  impl.RaftServerImpl (RaftServerImpl.java:start(184)) - 25203751-88e7-46c0-b9ea-976de1ff2c7c@group-4AA38178ED11: start as a follower, conf=-1: [25203751-88e7-46c0-b9ea-976de1ff2c7c:192.168.34.46:43366], old=null
2019-10-25 02:21:06,187 [pool-47-thread-1] INFO  impl.RaftServerImpl (RaftServerImpl.java:setRole(173)) - 25203751-88e7-46c0-b9ea-976de1ff2c7c@group-4AA38178ED11: changes role from      null to FOLLOWER at term 0 for startAsFollower
2019-10-25 02:21:06,187 [pool-47-thread-1] INFO  impl.RoleInfo (RoleInfo.java:updateAndGet(143)) - 25203751-88e7-46c0-b9ea-976de1ff2c7c: start FollowerState
2019-10-25 02:21:06,189 [pool-47-thread-1] INFO  util.JmxRegister (JmxRegister.java:tryRegister(44)) - Successfully registered JMX Bean with object name Ratis:service=RaftServer,group=group-4AA38178ED11,id=25203751-88e7-46c0-b9ea-976de1ff2c7c
2019-10-25 02:21:06,189 [pool-47-thread-1] WARN  impl.MetricRegistriesImpl (MetricRegistriesImpl.java:lambda$create$1(61)) - First MetricRegistry has been created without registering reporters. You may need to call MetricRegistries.global().addReportRegistration(...) before.
2019-10-25 02:21:06,203 [RatisPipelineUtilsThread] INFO  pipeline.PipelineStateManager (PipelineStateManager.java:addPipeline(56)) - Created pipeline Pipeline[ Id: 067d4b52-5434-4ed3-bf1d-4aa38178ed11, Nodes: 25203751-88e7-46c0-b9ea-976de1ff2c7c{ip: 192.168.34.46, host: pr-hdds-2344-k2wqm-1432304908, networkLocation: /default-rack, certSerialId: null}, Type:RATIS, Factor:ONE, State:OPEN]
2019-10-25 02:21:06,224 [grpc-default-executor-0] INFO  impl.RaftServerProxy (RaftServerProxy.java:addNew(89)) - c287e0c1-5401-4ab1-85ea-f9321adc6aaf: addNew group-0718B2AE4643:[c287e0c1-5401-4ab1-85ea-f9321adc6aaf:192.168.34.46:43708] returns group-0718B2AE4643:java.util.concurrent.CompletableFuture@6878868d[Not completed]
2019-10-25 02:21:06,239 [pool-37-thread-1] INFO  impl.RaftServerImpl (RaftServerImpl.java:<init>(98)) - c287e0c1-5401-4ab1-85ea-f9321adc6aaf: new RaftServerImpl for group-0718B2AE4643:[c287e0c1-5401-4ab1-85ea-f9321adc6aaf:192.168.34.46:43708] with ContainerStateMachine:uninitialized
2019-10-25 02:21:06,240 [pool-37-thread-1] INFO  server.RaftServerConfigKeys (ConfUtils.java:logGet(43)) - raft.server.rpc.timeout.min = 5s (custom)
2019-10-25 02:21:06,241 [pool-37-thread-1] INFO  server.RaftServerConfigKeys (ConfUtils.java:logGet(43)) - raft.server.rpc.timeout.max = 5200ms (custom)
2019-10-25 02:21:06,241 [pool-37-thread-1] INFO  server.RaftServerConfigKeys (ConfUtils.java:logGet(43)) - raft.server.rpcslowness.timeout = 1000s (custom)
2019-10-25 02:21:06,241 [pool-37-thread-1] INFO  server.RaftServerConfigKeys (ConfUtils.java:logGet(43)) - raft.server.sleep.deviation.threshold = 300 (default)
2019-10-25 02:21:06,241 [pool-37-thread-1] INFO  server.RaftServerConfigKeys (ConfUtils.java:logGet(43)) - raft.server.log.appender.install.snapshot.enabled = false (custom)
2019-10-25 02:21:06,241 [pool-37-thread-1] INFO  impl.RaftServerImpl (ServerState.java:<init>(103)) - c287e0c1-5401-4ab1-85ea-f9321adc6aaf@group-0718B2AE4643: ConfigurationManager, init=-1: [c287e0c1-5401-4ab1-85ea-f9321adc6aaf:192.168.34.46:43708], old=null, confs=<EMPTY_MAP>
2019-10-25 02:21:06,242 [pool-37-thread-1] INFO  server.RaftServerConfigKeys (ConfUtils.java:logGet(43)) - raft.server.storage.dir = [/workdir/hadoop-ozone/integration-test/target/test-dir/MiniOzoneClusterImpl-44a4a489-765f-4971-8cd5-3df5cbc9600d/datanode-1/data/ratis] (custom)
2019-10-25 02:21:06,242 [pool-37-thread-1] INFO  server.RaftServerConfigKeys (ConfUtils.java:logGet(43)) - raft.server.log.corruption.policy = EXCEPTION (default)
2019-10-25 02:21:06,242 [pool-37-thread-1] INFO  storage.RaftStorageDirectory (RaftStorageDirectory.java:analyzeStorage(246)) - The storage directory /workdir/hadoop-ozone/integration-test/target/test-dir/MiniOzoneClusterImpl-44a4a489-765f-4971-8cd5-3df5cbc9600d/datanode-1/data/ratis/619fcd66-5cab-4bf4-91b7-0718b2ae4643 does not exist. Creating ...
2019-10-25 02:21:06,256 [pool-37-thread-1] INFO  storage.RaftStorageDirectory (RaftStorageDirectory.java:tryLock(328)) - Lock on /workdir/hadoop-ozone/integration-test/target/test-dir/MiniOzoneClusterImpl-44a4a489-765f-4971-8cd5-3df5cbc9600d/datanode-1/data/ratis/619fcd66-5cab-4bf4-91b7-0718b2ae4643/in_use.lock acquired by nodename 30707@pr-hdds-2344-k2wqm-1432304908
2019-10-25 02:21:06,270 [pool-37-thread-1] INFO  storage.RaftStorage (RaftStorage.java:format(84)) - Storage directory /workdir/hadoop-ozone/integration-test/target/test-dir/MiniOzoneClusterImpl-44a4a489-765f-4971-8cd5-3df5cbc9600d/datanode-1/data/ratis/619fcd66-5cab-4bf4-91b7-0718b2ae4643 has been successfully formatted.
2019-10-25 02:21:06,270 [pool-37-thread-1] INFO  ratis.ContainerStateMachine (ContainerStateMachine.java:loadSnapshot(231)) - group-0718B2AE4643: The snapshot info is null. Setting the last applied indexto:(t:0, i:~)
2019-10-25 02:21:06,270 [pool-37-thread-1] INFO  server.RaftServerConfigKeys (ConfUtils.java:logGet(43)) - raft.server.notification.no-leader.timeout = 1000s (custom)
2019-10-25 02:21:06,270 [pool-37-thread-1] INFO  server.RaftServerConfigKeys (ConfUtils.java:logGet(43)) - raft.server.log.use.memory = false (default)
2019-10-25 02:21:06,271 [pool-37-thread-1] INFO  server.RaftServerConfigKeys (ConfUtils.java:logGet(43)) - raft.server.log.purge.gap = 1000000 (custom)
2019-10-25 02:21:06,271 [pool-37-thread-1] INFO  server.RaftServerConfigKeys (ConfUtils.java:logGet(43)) - raft.server.log.appender.buffer.byte-limit = 33554432 (custom)
2019-10-25 02:21:06,271 [pool-37-thread-1] INFO  server.RaftServerConfigKeys (ConfUtils.java:logGet(43)) - raft.server.log.segment.size.max = 1048576 (custom)
2019-10-25 02:21:06,271 [pool-37-thread-1] WARN  impl.MetricRegistriesImpl (MetricRegistriesImpl.java:lambda$create$1(61)) - First MetricRegistry has been created without registering reporters. You may need to call MetricRegistries.global().addReportRegistration(...) before.
2019-10-25 02:21:06,271 [pool-37-thread-1] INFO  server.RaftServerConfigKeys (ConfUtils.java:logGet(43)) - raft.server.log.segment.cache.num.max = 2 (custom)
2019-10-25 02:21:06,272 [pool-37-thread-1] INFO  segmented.SegmentedRaftLogWorker (SegmentedRaftLogWorker.java:<init>(173)) - new c287e0c1-5401-4ab1-85ea-f9321adc6aaf@group-0718B2AE4643-SegmentedRaftLogWorker for RaftStorage:Storage Directory /workdir/hadoop-ozone/integration-test/target/test-dir/MiniOzoneClusterImpl-44a4a489-765f-4971-8cd5-3df5cbc9600d/datanode-1/data/ratis/619fcd66-5cab-4bf4-91b7-0718b2ae4643
2019-10-25 02:21:06,272 [pool-37-thread-1] INFO  server.RaftServerConfigKeys (ConfUtils.java:logGet(43)) - raft.server.log.queue.byte-limit = 2147483647 (custom)
2019-10-25 02:21:06,272 [pool-37-thread-1] INFO  server.RaftServerConfigKeys (ConfUtils.java:logGet(43)) - raft.server.log.queue.element-limit = 1024 (custom)
2019-10-25 02:21:06,272 [pool-37-thread-1] INFO  server.RaftServerConfigKeys (ConfUtils.java:logGet(43)) - raft.server.log.segment.size.max = 1048576 (custom)
2019-10-25 02:21:06,272 [pool-37-thread-1] INFO  server.RaftServerConfigKeys (ConfUtils.java:logGet(43)) - raft.server.log.preallocated.size = 16384 (custom)
2019-10-25 02:21:06,272 [pool-37-thread-1] INFO  server.RaftServerConfigKeys (ConfUtils.java:logGet(43)) - raft.server.log.write.buffer.size = 33554432 (custom)
2019-10-25 02:21:06,273 [pool-37-thread-1] INFO  server.RaftServerConfigKeys (ConfUtils.java:logGet(43)) - raft.server.log.force.sync.num = 128 (default)
2019-10-25 02:21:06,273 [pool-37-thread-1] INFO  server.RaftServerConfigKeys (ConfUtils.java:logGet(43)) - raft.server.log.statemachine.data.sync = true (default)
2019-10-25 02:21:06,273 [pool-37-thread-1] INFO  server.RaftServerConfigKeys (ConfUtils.java:logGet(43)) - raft.server.log.statemachine.data.sync.timeout = 10s (default)
2019-10-25 02:21:06,273 [pool-37-thread-1] INFO  server.RaftServerConfigKeys (ConfUtils.java:logGet(43)) - raft.server.log.statemachine.data.sync.timeout.retry = -1 (default)
2019-10-25 02:21:06,274 [pool-37-thread-1] INFO  server.RaftServerConfigKeys (ConfUtils.java:logGet(43)) - raft.server.log.statemachine.data.caching.enabled = true (custom)
2019-10-25 02:21:06,274 [pool-37-thread-1] INFO  segmented.SegmentedRaftLogWorker (SegmentedRaftLogWorker.java:lambda$new$0(128)) - c287e0c1-5401-4ab1-85ea-f9321adc6aaf@group-0718B2AE4643-SegmentedRaftLogWorker: flushIndex: setUnconditionally 0 -> -1
2019-10-25 02:21:06,274 [pool-37-thread-1] INFO  server.RaftServerConfigKeys (ConfUtils.java:logGet(43)) - raft.server.snapshot.auto.trigger.enabled = true (custom)
2019-10-25 02:21:06,275 [pool-37-thread-1] INFO  server.RaftServerConfigKeys (ConfUtils.java:logGet(43)) - raft.server.snapshot.auto.trigger.threshold = 10000 (custom)
2019-10-25 02:21:06,275 [pool-37-thread-1] INFO  server.RaftServerConfigKeys (ConfUtils.java:logGet(43)) - raft.server.snapshot.retention.file.num = 5 (custom)
2019-10-25 02:21:06,275 [pool-37-thread-1] INFO  server.RaftServerConfigKeys (ConfUtils.java:logGet(43)) - raft.server.retrycache.expirytime = 600000ms (custom)
2019-10-25 02:21:06,275 [pool-37-thread-1] WARN  impl.MetricRegistriesImpl (MetricRegistriesImpl.java:lambda$create$1(61)) - First MetricRegistry has been created without registering reporters. You may need to call MetricRegistries.global().addReportRegistration(...) before.
2019-10-25 02:21:06,275 [pool-37-thread-1] WARN  impl.MetricRegistriesImpl (MetricRegistriesImpl.java:lambda$create$1(61)) - First MetricRegistry has been created without registering reporters. You may need to call MetricRegistries.global().addReportRegistration(...) before.
2019-10-25 02:21:06,276 [pool-37-thread-1] INFO  impl.RaftServerImpl (RaftServerImpl.java:start(184)) - c287e0c1-5401-4ab1-85ea-f9321adc6aaf@group-0718B2AE4643: start as a follower, conf=-1: [c287e0c1-5401-4ab1-85ea-f9321adc6aaf:192.168.34.46:43708], old=null
2019-10-25 02:21:06,276 [pool-37-thread-1] INFO  impl.RaftServerImpl (RaftServerImpl.java:setRole(173)) - c287e0c1-5401-4ab1-85ea-f9321adc6aaf@group-0718B2AE4643: changes role from      null to FOLLOWER at term 0 for startAsFollower
2019-10-25 02:21:06,276 [pool-37-thread-1] INFO  impl.RoleInfo (RoleInfo.java:updateAndGet(143)) - c287e0c1-5401-4ab1-85ea-f9321adc6aaf: start FollowerState
2019-10-25 02:21:06,277 [pool-37-thread-1] INFO  util.JmxRegister (JmxRegister.java:tryRegister(44)) - Successfully registered JMX Bean with object name Ratis:service=RaftServer,group=group-0718B2AE4643,id=c287e0c1-5401-4ab1-85ea-f9321adc6aaf
2019-10-25 02:21:06,277 [pool-37-thread-1] WARN  impl.MetricRegistriesImpl (MetricRegistriesImpl.java:lambda$create$1(61)) - First MetricRegistry has been created without registering reporters. You may need to call MetricRegistries.global().addReportRegistration(...) before.
2019-10-25 02:21:06,288 [RatisPipelineUtilsThread] INFO  pipeline.PipelineStateManager (PipelineStateManager.java:addPipeline(56)) - Created pipeline Pipeline[ Id: 619fcd66-5cab-4bf4-91b7-0718b2ae4643, Nodes: c287e0c1-5401-4ab1-85ea-f9321adc6aaf{ip: 192.168.34.46, host: pr-hdds-2344-k2wqm-1432304908, networkLocation: /default-rack, certSerialId: null}, Type:RATIS, Factor:ONE, State:OPEN]
2019-10-25 02:21:06,322 [grpc-default-executor-1] INFO  impl.RaftServerProxy (RaftServerProxy.java:addNew(89)) - c287e0c1-5401-4ab1-85ea-f9321adc6aaf: addNew group-DB0659CA759E:[c287e0c1-5401-4ab1-85ea-f9321adc6aaf:192.168.34.46:43708, b706312b-118f-4972-9c71-4cc867b58d89:192.168.34.46:44531, 25203751-88e7-46c0-b9ea-976de1ff2c7c:192.168.34.46:43366] returns group-DB0659CA759E:java.util.concurrent.CompletableFuture@4584e5d3[Not completed]
2019-10-25 02:21:06,325 [grpc-default-executor-1] INFO  impl.RaftServerProxy (RaftServerProxy.java:addNew(89)) - 25203751-88e7-46c0-b9ea-976de1ff2c7c: addNew group-DB0659CA759E:[c287e0c1-5401-4ab1-85ea-f9321adc6aaf:192.168.34.46:43708, b706312b-118f-4972-9c71-4cc867b58d89:192.168.34.46:44531, 25203751-88e7-46c0-b9ea-976de1ff2c7c:192.168.34.46:43366] returns group-DB0659CA759E:java.util.concurrent.CompletableFuture@2b24fc22[Not completed]
2019-10-25 02:21:06,327 [pool-37-thread-1] INFO  impl.RaftServerImpl (RaftServerImpl.java:<init>(98)) - c287e0c1-5401-4ab1-85ea-f9321adc6aaf: new RaftServerImpl for group-DB0659CA759E:[c287e0c1-5401-4ab1-85ea-f9321adc6aaf:192.168.34.46:43708, b706312b-118f-4972-9c71-4cc867b58d89:192.168.34.46:44531, 25203751-88e7-46c0-b9ea-976de1ff2c7c:192.168.34.46:43366] with ContainerStateMachine:uninitialized
2019-10-25 02:21:06,327 [pool-37-thread-1] INFO  server.RaftServerConfigKeys (ConfUtils.java:logGet(43)) - raft.server.rpc.timeout.min = 5s (custom)
2019-10-25 02:21:06,328 [pool-37-thread-1] INFO  server.RaftServerConfigKeys (ConfUtils.java:logGet(43)) - raft.server.rpc.timeout.max = 5200ms (custom)
2019-10-25 02:21:06,328 [pool-37-thread-1] INFO  server.RaftServerConfigKeys (ConfUtils.java:logGet(43)) - raft.server.rpcslowness.timeout = 1000s (custom)
2019-10-25 02:21:06,328 [grpc-default-executor-1] INFO  impl.RaftServerProxy (RaftServerProxy.java:addNew(89)) - b706312b-118f-4972-9c71-4cc867b58d89: addNew group-DB0659CA759E:[c287e0c1-5401-4ab1-85ea-f9321adc6aaf:192.168.34.46:43708, b706312b-118f-4972-9c71-4cc867b58d89:192.168.34.46:44531, 25203751-88e7-46c0-b9ea-976de1ff2c7c:192.168.34.46:43366] returns group-DB0659CA759E:java.util.concurrent.CompletableFuture@314c12e3[Not completed]
2019-10-25 02:21:06,328 [pool-37-thread-1] INFO  server.RaftServerConfigKeys (ConfUtils.java:logGet(43)) - raft.server.sleep.deviation.threshold = 300 (default)
2019-10-25 02:21:06,328 [pool-47-thread-1] INFO  impl.RaftServerImpl (RaftServerImpl.java:<init>(98)) - 25203751-88e7-46c0-b9ea-976de1ff2c7c: new RaftServerImpl for group-DB0659CA759E:[c287e0c1-5401-4ab1-85ea-f9321adc6aaf:192.168.34.46:43708, b706312b-118f-4972-9c71-4cc867b58d89:192.168.34.46:44531, 25203751-88e7-46c0-b9ea-976de1ff2c7c:192.168.34.46:43366] with ContainerStateMachine:uninitialized
2019-10-25 02:21:06,328 [pool-37-thread-1] INFO  server.RaftServerConfigKeys (ConfUtils.java:logGet(43)) - raft.server.log.appender.install.snapshot.enabled = false (custom)
2019-10-25 02:21:06,329 [pool-47-thread-1] INFO  server.RaftServerConfigKeys (ConfUtils.java:logGet(43)) - raft.server.rpc.timeout.min = 5s (custom)
2019-10-25 02:21:06,329 [pool-37-thread-1] INFO  impl.RaftServerImpl (ServerState.java:<init>(103)) - c287e0c1-5401-4ab1-85ea-f9321adc6aaf@group-DB0659CA759E: ConfigurationManager, init=-1: [c287e0c1-5401-4ab1-85ea-f9321adc6aaf:192.168.34.46:43708, b706312b-118f-4972-9c71-4cc867b58d89:192.168.34.46:44531, 25203751-88e7-46c0-b9ea-976de1ff2c7c:192.168.34.46:43366], old=null, confs=<EMPTY_MAP>
2019-10-25 02:21:06,329 [pool-47-thread-1] INFO  server.RaftServerConfigKeys (ConfUtils.java:logGet(43)) - raft.server.rpc.timeout.max = 5200ms (custom)
2019-10-25 02:21:06,329 [pool-47-thread-1] INFO  server.RaftServerConfigKeys (ConfUtils.java:logGet(43)) - raft.server.rpcslowness.timeout = 1000s (custom)
2019-10-25 02:21:06,329 [pool-37-thread-1] INFO  server.RaftServerConfigKeys (ConfUtils.java:logGet(43)) - raft.server.storage.dir = [/workdir/hadoop-ozone/integration-test/target/test-dir/MiniOzoneClusterImpl-44a4a489-765f-4971-8cd5-3df5cbc9600d/datanode-1/data/ratis] (custom)
2019-10-25 02:21:06,329 [pool-47-thread-1] INFO  server.RaftServerConfigKeys (ConfUtils.java:logGet(43)) - raft.server.sleep.deviation.threshold = 300 (default)
2019-10-25 02:21:06,330 [pool-47-thread-1] INFO  server.RaftServerConfigKeys (ConfUtils.java:logGet(43)) - raft.server.log.appender.install.snapshot.enabled = false (custom)
2019-10-25 02:21:06,330 [pool-47-thread-1] INFO  impl.RaftServerImpl (ServerState.java:<init>(103)) - 25203751-88e7-46c0-b9ea-976de1ff2c7c@group-DB0659CA759E: ConfigurationManager, init=-1: [c287e0c1-5401-4ab1-85ea-f9321adc6aaf:192.168.34.46:43708, b706312b-118f-4972-9c71-4cc867b58d89:192.168.34.46:44531, 25203751-88e7-46c0-b9ea-976de1ff2c7c:192.168.34.46:43366], old=null, confs=<EMPTY_MAP>
2019-10-25 02:21:06,330 [pool-27-thread-1] INFO  impl.RaftServerImpl (RaftServerImpl.java:<init>(98)) - b706312b-118f-4972-9c71-4cc867b58d89: new RaftServerImpl for group-DB0659CA759E:[c287e0c1-5401-4ab1-85ea-f9321adc6aaf:192.168.34.46:43708, b706312b-118f-4972-9c71-4cc867b58d89:192.168.34.46:44531, 25203751-88e7-46c0-b9ea-976de1ff2c7c:192.168.34.46:43366] with ContainerStateMachine:uninitialized
2019-10-25 02:21:06,330 [pool-37-thread-1] INFO  server.RaftServerConfigKeys (ConfUtils.java:logGet(43)) - raft.server.log.corruption.policy = EXCEPTION (default)
2019-10-25 02:21:06,330 [pool-27-thread-1] INFO  server.RaftServerConfigKeys (ConfUtils.java:logGet(43)) - raft.server.rpc.timeout.min = 5s (custom)
2019-10-25 02:21:06,330 [pool-47-thread-1] INFO  server.RaftServerConfigKeys (ConfUtils.java:logGet(43)) - raft.server.storage.dir = [/workdir/hadoop-ozone/integration-test/target/test-dir/MiniOzoneClusterImpl-44a4a489-765f-4971-8cd5-3df5cbc9600d/datanode-2/data/ratis] (custom)
2019-10-25 02:21:06,331 [pool-27-thread-1] INFO  server.RaftServerConfigKeys (ConfUtils.java:logGet(43)) - raft.server.rpc.timeout.max = 5200ms (custom)
2019-10-25 02:21:06,331 [pool-37-thread-1] INFO  storage.RaftStorageDirectory (RaftStorageDirectory.java:analyzeStorage(246)) - The storage directory /workdir/hadoop-ozone/integration-test/target/test-dir/MiniOzoneClusterImpl-44a4a489-765f-4971-8cd5-3df5cbc9600d/datanode-1/data/ratis/80d03f1e-dc0e-4300-89d1-db0659ca759e does not exist. Creating ...
2019-10-25 02:21:06,331 [pool-27-thread-1] INFO  server.RaftServerConfigKeys (ConfUtils.java:logGet(43)) - raft.server.rpcslowness.timeout = 1000s (custom)
2019-10-25 02:21:06,331 [pool-47-thread-1] INFO  server.RaftServerConfigKeys (ConfUtils.java:logGet(43)) - raft.server.log.corruption.policy = EXCEPTION (default)
2019-10-25 02:21:06,331 [pool-27-thread-1] INFO  server.RaftServerConfigKeys (ConfUtils.java:logGet(43)) - raft.server.sleep.deviation.threshold = 300 (default)
2019-10-25 02:21:06,332 [pool-47-thread-1] INFO  storage.RaftStorageDirectory (RaftStorageDirectory.java:analyzeStorage(246)) - The storage directory /workdir/hadoop-ozone/integration-test/target/test-dir/MiniOzoneClusterImpl-44a4a489-765f-4971-8cd5-3df5cbc9600d/datanode-2/data/ratis/80d03f1e-dc0e-4300-89d1-db0659ca759e does not exist. Creating ...
2019-10-25 02:21:06,332 [pool-27-thread-1] INFO  server.RaftServerConfigKeys (ConfUtils.java:logGet(43)) - raft.server.log.appender.install.snapshot.enabled = false (custom)
2019-10-25 02:21:06,332 [pool-27-thread-1] INFO  impl.RaftServerImpl (ServerState.java:<init>(103)) - b706312b-118f-4972-9c71-4cc867b58d89@group-DB0659CA759E: ConfigurationManager, init=-1: [c287e0c1-5401-4ab1-85ea-f9321adc6aaf:192.168.34.46:43708, b706312b-118f-4972-9c71-4cc867b58d89:192.168.34.46:44531, 25203751-88e7-46c0-b9ea-976de1ff2c7c:192.168.34.46:43366], old=null, confs=<EMPTY_MAP>
2019-10-25 02:21:06,332 [pool-27-thread-1] INFO  server.RaftServerConfigKeys (ConfUtils.java:logGet(43)) - raft.server.storage.dir = [/workdir/hadoop-ozone/integration-test/target/test-dir/MiniOzoneClusterImpl-44a4a489-765f-4971-8cd5-3df5cbc9600d/datanode-0/data/ratis] (custom)
2019-10-25 02:21:06,333 [pool-27-thread-1] INFO  server.RaftServerConfigKeys (ConfUtils.java:logGet(43)) - raft.server.log.corruption.policy = EXCEPTION (default)
2019-10-25 02:21:06,333 [pool-27-thread-1] INFO  storage.RaftStorageDirectory (RaftStorageDirectory.java:analyzeStorage(246)) - The storage directory /workdir/hadoop-ozone/integration-test/target/test-dir/MiniOzoneClusterImpl-44a4a489-765f-4971-8cd5-3df5cbc9600d/datanode-0/data/ratis/80d03f1e-dc0e-4300-89d1-db0659ca759e does not exist. Creating ...
2019-10-25 02:21:06,345 [pool-27-thread-1] INFO  storage.RaftStorageDirectory (RaftStorageDirectory.java:tryLock(328)) - Lock on /workdir/hadoop-ozone/integration-test/target/test-dir/MiniOzoneClusterImpl-44a4a489-765f-4971-8cd5-3df5cbc9600d/datanode-0/data/ratis/80d03f1e-dc0e-4300-89d1-db0659ca759e/in_use.lock acquired by nodename 30707@pr-hdds-2344-k2wqm-1432304908
2019-10-25 02:21:06,345 [pool-37-thread-1] INFO  storage.RaftStorageDirectory (RaftStorageDirectory.java:tryLock(328)) - Lock on /workdir/hadoop-ozone/integration-test/target/test-dir/MiniOzoneClusterImpl-44a4a489-765f-4971-8cd5-3df5cbc9600d/datanode-1/data/ratis/80d03f1e-dc0e-4300-89d1-db0659ca759e/in_use.lock acquired by nodename 30707@pr-hdds-2344-k2wqm-1432304908
2019-10-25 02:21:06,345 [pool-47-thread-1] INFO  storage.RaftStorageDirectory (RaftStorageDirectory.java:tryLock(328)) - Lock on /workdir/hadoop-ozone/integration-test/target/test-dir/MiniOzoneClusterImpl-44a4a489-765f-4971-8cd5-3df5cbc9600d/datanode-2/data/ratis/80d03f1e-dc0e-4300-89d1-db0659ca759e/in_use.lock acquired by nodename 30707@pr-hdds-2344-k2wqm-1432304908
2019-10-25 02:21:06,359 [pool-27-thread-1] INFO  storage.RaftStorage (RaftStorage.java:format(84)) - Storage directory /workdir/hadoop-ozone/integration-test/target/test-dir/MiniOzoneClusterImpl-44a4a489-765f-4971-8cd5-3df5cbc9600d/datanode-0/data/ratis/80d03f1e-dc0e-4300-89d1-db0659ca759e has been successfully formatted.
2019-10-25 02:21:06,359 [pool-37-thread-1] INFO  storage.RaftStorage (RaftStorage.java:format(84)) - Storage directory /workdir/hadoop-ozone/integration-test/target/test-dir/MiniOzoneClusterImpl-44a4a489-765f-4971-8cd5-3df5cbc9600d/datanode-1/data/ratis/80d03f1e-dc0e-4300-89d1-db0659ca759e has been successfully formatted.
2019-10-25 02:21:06,359 [pool-47-thread-1] INFO  storage.RaftStorage (RaftStorage.java:format(84)) - Storage directory /workdir/hadoop-ozone/integration-test/target/test-dir/MiniOzoneClusterImpl-44a4a489-765f-4971-8cd5-3df5cbc9600d/datanode-2/data/ratis/80d03f1e-dc0e-4300-89d1-db0659ca759e has been successfully formatted.
2019-10-25 02:21:06,360 [pool-27-thread-1] INFO  ratis.ContainerStateMachine (ContainerStateMachine.java:loadSnapshot(231)) - group-DB0659CA759E: The snapshot info is null. Setting the last applied indexto:(t:0, i:~)
2019-10-25 02:21:06,360 [pool-37-thread-1] INFO  ratis.ContainerStateMachine (ContainerStateMachine.java:loadSnapshot(231)) - group-DB0659CA759E: The snapshot info is null. Setting the last applied indexto:(t:0, i:~)
2019-10-25 02:21:06,360 [pool-27-thread-1] INFO  server.RaftServerConfigKeys (ConfUtils.java:logGet(43)) - raft.server.notification.no-leader.timeout = 1000s (custom)
2019-10-25 02:21:06,360 [pool-47-thread-1] INFO  ratis.ContainerStateMachine (ContainerStateMachine.java:loadSnapshot(231)) - group-DB0659CA759E: The snapshot info is null. Setting the last applied indexto:(t:0, i:~)
2019-10-25 02:21:06,360 [pool-27-thread-1] INFO  server.RaftServerConfigKeys (ConfUtils.java:logGet(43)) - raft.server.log.use.memory = false (default)
2019-10-25 02:21:06,360 [pool-37-thread-1] INFO  server.RaftServerConfigKeys (ConfUtils.java:logGet(43)) - raft.server.notification.no-leader.timeout = 1000s (custom)
2019-10-25 02:21:06,360 [pool-27-thread-1] INFO  server.RaftServerConfigKeys (ConfUtils.java:logGet(43)) - raft.server.log.purge.gap = 1000000 (custom)
2019-10-25 02:21:06,360 [pool-47-thread-1] INFO  server.RaftServerConfigKeys (ConfUtils.java:logGet(43)) - raft.server.notification.no-leader.timeout = 1000s (custom)
2019-10-25 02:21:06,361 [pool-27-thread-1] INFO  server.RaftServerConfigKeys (ConfUtils.java:logGet(43)) - raft.server.log.appender.buffer.byte-limit = 33554432 (custom)
2019-10-25 02:21:06,361 [pool-37-thread-1] INFO  server.RaftServerConfigKeys (ConfUtils.java:logGet(43)) - raft.server.log.use.memory = false (default)
2019-10-25 02:21:06,361 [pool-27-thread-1] INFO  server.RaftServerConfigKeys (ConfUtils.java:logGet(43)) - raft.server.log.segment.size.max = 1048576 (custom)
2019-10-25 02:21:06,361 [pool-47-thread-1] INFO  server.RaftServerConfigKeys (ConfUtils.java:logGet(43)) - raft.server.log.use.memory = false (default)
2019-10-25 02:21:06,361 [pool-27-thread-1] INFO  server.RaftServerConfigKeys (ConfUtils.java:logGet(43)) - raft.server.log.segment.cache.num.max = 2 (custom)
2019-10-25 02:21:06,361 [pool-37-thread-1] INFO  server.RaftServerConfigKeys (ConfUtils.java:logGet(43)) - raft.server.log.purge.gap = 1000000 (custom)
2019-10-25 02:21:06,362 [pool-27-thread-1] INFO  segmented.SegmentedRaftLogWorker (SegmentedRaftLogWorker.java:<init>(173)) - new b706312b-118f-4972-9c71-4cc867b58d89@group-DB0659CA759E-SegmentedRaftLogWorker for RaftStorage:Storage Directory /workdir/hadoop-ozone/integration-test/target/test-dir/MiniOzoneClusterImpl-44a4a489-765f-4971-8cd5-3df5cbc9600d/datanode-0/data/ratis/80d03f1e-dc0e-4300-89d1-db0659ca759e
2019-10-25 02:21:06,362 [pool-47-thread-1] INFO  server.RaftServerConfigKeys (ConfUtils.java:logGet(43)) - raft.server.log.purge.gap = 1000000 (custom)
2019-10-25 02:21:06,362 [pool-27-thread-1] INFO  server.RaftServerConfigKeys (ConfUtils.java:logGet(43)) - raft.server.log.queue.byte-limit = 2147483647 (custom)
2019-10-25 02:21:06,362 [pool-37-thread-1] INFO  server.RaftServerConfigKeys (ConfUtils.java:logGet(43)) - raft.server.log.appender.buffer.byte-limit = 33554432 (custom)
2019-10-25 02:21:06,362 [pool-27-thread-1] INFO  server.RaftServerConfigKeys (ConfUtils.java:logGet(43)) - raft.server.log.queue.element-limit = 1024 (custom)
2019-10-25 02:21:06,362 [pool-47-thread-1] INFO  server.RaftServerConfigKeys (ConfUtils.java:logGet(43)) - raft.server.log.appender.buffer.byte-limit = 33554432 (custom)
2019-10-25 02:21:06,363 [pool-27-thread-1] INFO  server.RaftServerConfigKeys (ConfUtils.java:logGet(43)) - raft.server.log.segment.size.max = 1048576 (custom)
2019-10-25 02:21:06,363 [pool-37-thread-1] INFO  server.RaftServerConfigKeys (ConfUtils.java:logGet(43)) - raft.server.log.segment.size.max = 1048576 (custom)
2019-10-25 02:21:06,363 [pool-27-thread-1] INFO  server.RaftServerConfigKeys (ConfUtils.java:logGet(43)) - raft.server.log.preallocated.size = 16384 (custom)
2019-10-25 02:21:06,363 [pool-47-thread-1] INFO  server.RaftServerConfigKeys (ConfUtils.java:logGet(43)) - raft.server.log.segment.size.max = 1048576 (custom)
2019-10-25 02:21:06,363 [pool-27-thread-1] INFO  server.RaftServerConfigKeys (ConfUtils.java:logGet(43)) - raft.server.log.write.buffer.size = 33554432 (custom)
2019-10-25 02:21:06,363 [pool-37-thread-1] INFO  server.RaftServerConfigKeys (ConfUtils.java:logGet(43)) - raft.server.log.segment.cache.num.max = 2 (custom)
2019-10-25 02:21:06,363 [pool-27-thread-1] INFO  server.RaftServerConfigKeys (ConfUtils.java:logGet(43)) - raft.server.log.force.sync.num = 128 (default)
2019-10-25 02:21:06,363 [pool-47-thread-1] INFO  server.RaftServerConfigKeys (ConfUtils.java:logGet(43)) - raft.server.log.segment.cache.num.max = 2 (custom)
2019-10-25 02:21:06,364 [pool-27-thread-1] INFO  server.RaftServerConfigKeys (ConfUtils.java:logGet(43)) - raft.server.log.statemachine.data.sync = true (default)
2019-10-25 02:21:06,364 [pool-37-thread-1] INFO  segmented.SegmentedRaftLogWorker (SegmentedRaftLogWorker.java:<init>(173)) - new c287e0c1-5401-4ab1-85ea-f9321adc6aaf@group-DB0659CA759E-SegmentedRaftLogWorker for RaftStorage:Storage Directory /workdir/hadoop-ozone/integration-test/target/test-dir/MiniOzoneClusterImpl-44a4a489-765f-4971-8cd5-3df5cbc9600d/datanode-1/data/ratis/80d03f1e-dc0e-4300-89d1-db0659ca759e
2019-10-25 02:21:06,364 [pool-27-thread-1] INFO  server.RaftServerConfigKeys (ConfUtils.java:logGet(43)) - raft.server.log.statemachine.data.sync.timeout = 10s (default)
2019-10-25 02:21:06,364 [pool-47-thread-1] INFO  segmented.SegmentedRaftLogWorker (SegmentedRaftLogWorker.java:<init>(173)) - new 25203751-88e7-46c0-b9ea-976de1ff2c7c@group-DB0659CA759E-SegmentedRaftLogWorker for RaftStorage:Storage Directory /workdir/hadoop-ozone/integration-test/target/test-dir/MiniOzoneClusterImpl-44a4a489-765f-4971-8cd5-3df5cbc9600d/datanode-2/data/ratis/80d03f1e-dc0e-4300-89d1-db0659ca759e
2019-10-25 02:21:06,364 [pool-27-thread-1] INFO  server.RaftServerConfigKeys (ConfUtils.java:logGet(43)) - raft.server.log.statemachine.data.sync.timeout.retry = -1 (default)
2019-10-25 02:21:06,364 [pool-37-thread-1] INFO  server.RaftServerConfigKeys (ConfUtils.java:logGet(43)) - raft.server.log.queue.byte-limit = 2147483647 (custom)
2019-10-25 02:21:06,365 [pool-47-thread-1] INFO  server.RaftServerConfigKeys (ConfUtils.java:logGet(43)) - raft.server.log.queue.byte-limit = 2147483647 (custom)
2019-10-25 02:21:06,365 [pool-37-thread-1] INFO  server.RaftServerConfigKeys (ConfUtils.java:logGet(43)) - raft.server.log.queue.element-limit = 1024 (custom)
2019-10-25 02:21:06,365 [pool-27-thread-1] INFO  server.RaftServerConfigKeys (ConfUtils.java:logGet(43)) - raft.server.log.statemachine.data.caching.enabled = true (custom)
2019-10-25 02:21:06,365 [pool-37-thread-1] INFO  server.RaftServerConfigKeys (ConfUtils.java:logGet(43)) - raft.server.log.segment.size.max = 1048576 (custom)
2019-10-25 02:21:06,365 [pool-47-thread-1] INFO  server.RaftServerConfigKeys (ConfUtils.java:logGet(43)) - raft.server.log.queue.element-limit = 1024 (custom)
2019-10-25 02:21:06,366 [pool-27-thread-1] INFO  segmented.SegmentedRaftLogWorker (SegmentedRaftLogWorker.java:lambda$new$0(128)) - b706312b-118f-4972-9c71-4cc867b58d89@group-DB0659CA759E-SegmentedRaftLogWorker: flushIndex: setUnconditionally 0 -> -1
2019-10-25 02:21:06,366 [pool-37-thread-1] INFO  server.RaftServerConfigKeys (ConfUtils.java:logGet(43)) - raft.server.log.preallocated.size = 16384 (custom)
2019-10-25 02:21:06,366 [pool-47-thread-1] INFO  server.RaftServerConfigKeys (ConfUtils.java:logGet(43)) - raft.server.log.segment.size.max = 1048576 (custom)
2019-10-25 02:21:06,366 [pool-27-thread-1] INFO  server.RaftServerConfigKeys (ConfUtils.java:logGet(43)) - raft.server.snapshot.auto.trigger.enabled = true (custom)
2019-10-25 02:21:06,366 [pool-37-thread-1] INFO  server.RaftServerConfigKeys (ConfUtils.java:logGet(43)) - raft.server.log.write.buffer.size = 33554432 (custom)
2019-10-25 02:21:06,366 [pool-27-thread-1] INFO  server.RaftServerConfigKeys (ConfUtils.java:logGet(43)) - raft.server.snapshot.auto.trigger.threshold = 10000 (custom)
2019-10-25 02:21:06,366 [pool-47-thread-1] INFO  server.RaftServerConfigKeys (ConfUtils.java:logGet(43)) - raft.server.log.preallocated.size = 16384 (custom)
2019-10-25 02:21:06,367 [pool-27-thread-1] INFO  server.RaftServerConfigKeys (ConfUtils.java:logGet(43)) - raft.server.snapshot.retention.file.num = 5 (custom)
2019-10-25 02:21:06,366 [pool-37-thread-1] INFO  server.RaftServerConfigKeys (ConfUtils.java:logGet(43)) - raft.server.log.force.sync.num = 128 (default)
2019-10-25 02:21:06,367 [pool-47-thread-1] INFO  server.RaftServerConfigKeys (ConfUtils.java:logGet(43)) - raft.server.log.write.buffer.size = 33554432 (custom)
2019-10-25 02:21:06,367 [pool-27-thread-1] INFO  server.RaftServerConfigKeys (ConfUtils.java:logGet(43)) - raft.server.retrycache.expirytime = 600000ms (custom)
2019-10-25 02:21:06,367 [pool-47-thread-1] INFO  server.RaftServerConfigKeys (ConfUtils.java:logGet(43)) - raft.server.log.force.sync.num = 128 (default)
2019-10-25 02:21:06,367 [pool-37-thread-1] INFO  server.RaftServerConfigKeys (ConfUtils.java:logGet(43)) - raft.server.log.statemachine.data.sync = true (default)
2019-10-25 02:21:06,367 [pool-47-thread-1] INFO  server.RaftServerConfigKeys (ConfUtils.java:logGet(43)) - raft.server.log.statemachine.data.sync = true (default)
2019-10-25 02:21:06,367 [pool-27-thread-1] WARN  impl.MetricRegistriesImpl (MetricRegistriesImpl.java:lambda$create$1(61)) - First MetricRegistry has been created without registering reporters. You may need to call MetricRegistries.global().addReportRegistration(...) before.
2019-10-25 02:21:06,368 [pool-47-thread-1] INFO  server.RaftServerConfigKeys (ConfUtils.java:logGet(43)) - raft.server.log.statemachine.data.sync.timeout = 10s (default)
2019-10-25 02:21:06,368 [pool-37-thread-1] INFO  server.RaftServerConfigKeys (ConfUtils.java:logGet(43)) - raft.server.log.statemachine.data.sync.timeout = 10s (default)
2019-10-25 02:21:06,368 [pool-47-thread-1] INFO  server.RaftServerConfigKeys (ConfUtils.java:logGet(43)) - raft.server.log.statemachine.data.sync.timeout.retry = -1 (default)
2019-10-25 02:21:06,368 [pool-27-thread-1] WARN  impl.MetricRegistriesImpl (MetricRegistriesImpl.java:lambda$create$1(61)) - First MetricRegistry has been created without registering reporters. You may need to call MetricRegistries.global().addReportRegistration(...) before.
2019-10-25 02:21:06,369 [pool-47-thread-1] INFO  server.RaftServerConfigKeys (ConfUtils.java:logGet(43)) - raft.server.log.statemachine.data.caching.enabled = true (custom)
2019-10-25 02:21:06,368 [pool-37-thread-1] INFO  server.RaftServerConfigKeys (ConfUtils.java:logGet(43)) - raft.server.log.statemachine.data.sync.timeout.retry = -1 (default)
2019-10-25 02:21:06,369 [pool-27-thread-1] INFO  impl.RaftServerImpl (RaftServerImpl.java:start(184)) - b706312b-118f-4972-9c71-4cc867b58d89@group-DB0659CA759E: start as a follower, conf=-1: [c287e0c1-5401-4ab1-85ea-f9321adc6aaf:192.168.34.46:43708, b706312b-118f-4972-9c71-4cc867b58d89:192.168.34.46:44531, 25203751-88e7-46c0-b9ea-976de1ff2c7c:192.168.34.46:43366], old=null
2019-10-25 02:21:06,369 [pool-37-thread-1] INFO  server.RaftServerConfigKeys (ConfUtils.java:logGet(43)) - raft.server.log.statemachine.data.caching.enabled = true (custom)
2019-10-25 02:21:06,369 [pool-47-thread-1] INFO  segmented.SegmentedRaftLogWorker (SegmentedRaftLogWorker.java:lambda$new$0(128)) - 25203751-88e7-46c0-b9ea-976de1ff2c7c@group-DB0659CA759E-SegmentedRaftLogWorker: flushIndex: setUnconditionally 0 -> -1
2019-10-25 02:21:06,369 [pool-27-thread-1] INFO  impl.RaftServerImpl (RaftServerImpl.java:setRole(173)) - b706312b-118f-4972-9c71-4cc867b58d89@group-DB0659CA759E: changes role from      null to FOLLOWER at term 0 for startAsFollower
2019-10-25 02:21:06,369 [pool-37-thread-1] INFO  segmented.SegmentedRaftLogWorker (SegmentedRaftLogWorker.java:lambda$new$0(128)) - c287e0c1-5401-4ab1-85ea-f9321adc6aaf@group-DB0659CA759E-SegmentedRaftLogWorker: flushIndex: setUnconditionally 0 -> -1
2019-10-25 02:21:06,370 [pool-47-thread-1] INFO  server.RaftServerConfigKeys (ConfUtils.java:logGet(43)) - raft.server.snapshot.auto.trigger.enabled = true (custom)
2019-10-25 02:21:06,370 [pool-27-thread-1] INFO  impl.RoleInfo (RoleInfo.java:updateAndGet(143)) - b706312b-118f-4972-9c71-4cc867b58d89: start FollowerState
2019-10-25 02:21:06,370 [pool-37-thread-1] INFO  server.RaftServerConfigKeys (ConfUtils.java:logGet(43)) - raft.server.snapshot.auto.trigger.enabled = true (custom)
2019-10-25 02:21:06,370 [pool-47-thread-1] INFO  server.RaftServerConfigKeys (ConfUtils.java:logGet(43)) - raft.server.snapshot.auto.trigger.threshold = 10000 (custom)
2019-10-25 02:21:06,370 [pool-37-thread-1] INFO  server.RaftServerConfigKeys (ConfUtils.java:logGet(43)) - raft.server.snapshot.auto.trigger.threshold = 10000 (custom)
2019-10-25 02:21:06,370 [pool-27-thread-1] INFO  util.JmxRegister (JmxRegister.java:tryRegister(44)) - Successfully registered JMX Bean with object name Ratis:service=RaftServer,group=group-DB0659CA759E,id=b706312b-118f-4972-9c71-4cc867b58d89
2019-10-25 02:21:06,370 [pool-47-thread-1] INFO  server.RaftServerConfigKeys (ConfUtils.java:logGet(43)) - raft.server.snapshot.retention.file.num = 5 (custom)
2019-10-25 02:21:06,371 [pool-27-thread-1] WARN  impl.MetricRegistriesImpl (MetricRegistriesImpl.java:lambda$create$1(61)) - First MetricRegistry has been created without registering reporters. You may need to call MetricRegistries.global().addReportRegistration(...) before.
2019-10-25 02:21:06,370 [pool-37-thread-1] INFO  server.RaftServerConfigKeys (ConfUtils.java:logGet(43)) - raft.server.snapshot.retention.file.num = 5 (custom)
2019-10-25 02:21:06,371 [pool-47-thread-1] INFO  server.RaftServerConfigKeys (ConfUtils.java:logGet(43)) - raft.server.retrycache.expirytime = 600000ms (custom)
2019-10-25 02:21:06,371 [pool-37-thread-1] INFO  server.RaftServerConfigKeys (ConfUtils.java:logGet(43)) - raft.server.retrycache.expirytime = 600000ms (custom)
2019-10-25 02:21:06,371 [pool-47-thread-1] WARN  impl.MetricRegistriesImpl (MetricRegistriesImpl.java:lambda$create$1(61)) - First MetricRegistry has been created without registering reporters. You may need to call MetricRegistries.global().addReportRegistration(...) before.
2019-10-25 02:21:06,371 [pool-37-thread-1] WARN  impl.MetricRegistriesImpl (MetricRegistriesImpl.java:lambda$create$1(61)) - First MetricRegistry has been created without registering reporters. You may need to call MetricRegistries.global().addReportRegistration(...) before.
2019-10-25 02:21:06,372 [pool-47-thread-1] WARN  impl.MetricRegistriesImpl (MetricRegistriesImpl.java:lambda$create$1(61)) - First MetricRegistry has been created without registering reporters. You may need to call MetricRegistries.global().addReportRegistration(...) before.
2019-10-25 02:21:06,372 [pool-37-thread-1] WARN  impl.MetricRegistriesImpl (MetricRegistriesImpl.java:lambda$create$1(61)) - First MetricRegistry has been created without registering reporters. You may need to call MetricRegistries.global().addReportRegistration(...) before.
2019-10-25 02:21:06,372 [pool-47-thread-1] INFO  impl.RaftServerImpl (RaftServerImpl.java:start(184)) - 25203751-88e7-46c0-b9ea-976de1ff2c7c@group-DB0659CA759E: start as a follower, conf=-1: [c287e0c1-5401-4ab1-85ea-f9321adc6aaf:192.168.34.46:43708, b706312b-118f-4972-9c71-4cc867b58d89:192.168.34.46:44531, 25203751-88e7-46c0-b9ea-976de1ff2c7c:192.168.34.46:43366], old=null
2019-10-25 02:21:06,372 [pool-37-thread-1] INFO  impl.RaftServerImpl (RaftServerImpl.java:start(184)) - c287e0c1-5401-4ab1-85ea-f9321adc6aaf@group-DB0659CA759E: start as a follower, conf=-1: [c287e0c1-5401-4ab1-85ea-f9321adc6aaf:192.168.34.46:43708, b706312b-118f-4972-9c71-4cc867b58d89:192.168.34.46:44531, 25203751-88e7-46c0-b9ea-976de1ff2c7c:192.168.34.46:43366], old=null
2019-10-25 02:21:06,372 [pool-47-thread-1] INFO  impl.RaftServerImpl (RaftServerImpl.java:setRole(173)) - 25203751-88e7-46c0-b9ea-976de1ff2c7c@group-DB0659CA759E: changes role from      null to FOLLOWER at term 0 for startAsFollower
2019-10-25 02:21:06,372 [pool-37-thread-1] INFO  impl.RaftServerImpl (RaftServerImpl.java:setRole(173)) - c287e0c1-5401-4ab1-85ea-f9321adc6aaf@group-DB0659CA759E: changes role from      null to FOLLOWER at term 0 for startAsFollower
2019-10-25 02:21:06,373 [pool-47-thread-1] INFO  impl.RoleInfo (RoleInfo.java:updateAndGet(143)) - 25203751-88e7-46c0-b9ea-976de1ff2c7c: start FollowerState
2019-10-25 02:21:06,373 [pool-37-thread-1] INFO  impl.RoleInfo (RoleInfo.java:updateAndGet(143)) - c287e0c1-5401-4ab1-85ea-f9321adc6aaf: start FollowerState
2019-10-25 02:21:06,375 [pool-47-thread-1] INFO  util.JmxRegister (JmxRegister.java:tryRegister(44)) - Successfully registered JMX Bean with object name Ratis:service=RaftServer,group=group-DB0659CA759E,id=25203751-88e7-46c0-b9ea-976de1ff2c7c
2019-10-25 02:21:06,375 [pool-47-thread-1] WARN  impl.MetricRegistriesImpl (MetricRegistriesImpl.java:lambda$create$1(61)) - First MetricRegistry has been created without registering reporters. You may need to call MetricRegistries.global().addReportRegistration(...) before.
2019-10-25 02:21:06,375 [pool-37-thread-1] INFO  util.JmxRegister (JmxRegister.java:tryRegister(44)) - Successfully registered JMX Bean with object name Ratis:service=RaftServer,group=group-DB0659CA759E,id=c287e0c1-5401-4ab1-85ea-f9321adc6aaf
2019-10-25 02:21:06,376 [pool-37-thread-1] WARN  impl.MetricRegistriesImpl (MetricRegistriesImpl.java:lambda$create$1(61)) - First MetricRegistry has been created without registering reporters. You may need to call MetricRegistries.global().addReportRegistration(...) before.
2019-10-25 02:21:06,398 [RatisPipelineUtilsThread] INFO  pipeline.PipelineStateManager (PipelineStateManager.java:addPipeline(56)) - Created pipeline Pipeline[ Id: 80d03f1e-dc0e-4300-89d1-db0659ca759e, Nodes: 25203751-88e7-46c0-b9ea-976de1ff2c7c{ip: 192.168.34.46, host: pr-hdds-2344-k2wqm-1432304908, networkLocation: /default-rack, certSerialId: null}b706312b-118f-4972-9c71-4cc867b58d89{ip: 192.168.34.46, host: pr-hdds-2344-k2wqm-1432304908, networkLocation: /default-rack, certSerialId: null}c287e0c1-5401-4ab1-85ea-f9321adc6aaf{ip: 192.168.34.46, host: pr-hdds-2344-k2wqm-1432304908, networkLocation: /default-rack, certSerialId: null}, Type:RATIS, Factor:THREE, State:OPEN]
2019-10-25 02:21:06,448 [main] INFO  ozone.MiniOzoneClusterImpl (MiniOzoneClusterImpl.java:lambda$waitForClusterToBeReady$0(147)) - Cluster is ready. Got 3 of 3 DN Heartbeats.
2019-10-25 02:21:06,952 [main] INFO  rpc.RpcClient (RpcClient.java:createVolume(272)) - Creating Volume: testcontainerstatemachinefailures, with jenkins1000 as owner.
2019-10-25 02:21:07,060 [IPC Server handler 0 on 33744] INFO  volume.OMVolumeCreateRequest (OMVolumeCreateRequest.java:validateAndUpdateCache(193)) - created volume:testcontainerstatemachinefailures for user:jenkins1000
2019-10-25 02:21:07,098 [main] INFO  rpc.RpcClient (RpcClient.java:createBucket(411)) - Creating Bucket: testcontainerstatemachinefailures/testcontainerstatemachinefailures, with Versioning false and Storage Type set to DISK and Encryption set to false 
2019-10-25 02:21:07,485 [IPC Server handler 0 on 34383] INFO  server.SCMBlockProtocolServer (SCMBlockProtocolServer.java:allocateBlock(179)) - Allocating 1 blocks of size 4194304, with ExcludeList {datanodes = [], containerIds = [], pipelineIds = []}
2019-10-25 02:21:07,610 [main] INFO  impl.MetricsSystemImpl (MetricsSystemImpl.java:init(158)) - XceiverClientMetrics metrics system started (again)
2019-10-25 02:21:08,337 [Thread-181] INFO  container.ReplicationManager (ReplicationManager.java:start(162)) - Starting Replication Monitor Thread.
2019-10-25 02:21:08,342 [ReplicationMonitor] INFO  container.ReplicationManager (ReplicationManager.java:run(225)) - Replication Monitor Thread took 5 milliseconds for processing 1 containers.
2019-10-25 02:21:11,022 [Thread-186] INFO  impl.FollowerState (FollowerState.java:run(111)) - b706312b-118f-4972-9c71-4cc867b58d89@group-6DB76DF175EA-FollowerState: change to CANDIDATE, lastRpcTime:5014ms, electionTimeout:5013ms
2019-10-25 02:21:11,023 [Thread-186] INFO  impl.RoleInfo (RoleInfo.java:shutdownFollowerState(121)) - b706312b-118f-4972-9c71-4cc867b58d89: shutdown FollowerState
2019-10-25 02:21:11,023 [Thread-186] INFO  impl.RaftServerImpl (RaftServerImpl.java:setRole(173)) - b706312b-118f-4972-9c71-4cc867b58d89@group-6DB76DF175EA: changes role from  FOLLOWER to CANDIDATE at term 0 for changeToCandidate
2019-10-25 02:21:11,030 [Thread-186] INFO  impl.RoleInfo (RoleInfo.java:updateAndGet(143)) - b706312b-118f-4972-9c71-4cc867b58d89: start LeaderElection
2019-10-25 02:21:11,047 [b706312b-118f-4972-9c71-4cc867b58d89@group-6DB76DF175EA-LeaderElection1] INFO  impl.LeaderElection (LeaderElection.java:askForVotes(178)) - b706312b-118f-4972-9c71-4cc867b58d89@group-6DB76DF175EA-LeaderElection1: begin an election at term 1 for -1: [b706312b-118f-4972-9c71-4cc867b58d89:192.168.34.46:44531], old=null
2019-10-25 02:21:11,049 [b706312b-118f-4972-9c71-4cc867b58d89@group-6DB76DF175EA-LeaderElection1] INFO  impl.RoleInfo (RoleInfo.java:shutdownLeaderElection(134)) - b706312b-118f-4972-9c71-4cc867b58d89: shutdown LeaderElection
2019-10-25 02:21:11,050 [b706312b-118f-4972-9c71-4cc867b58d89@group-6DB76DF175EA-LeaderElection1] INFO  impl.RaftServerImpl (RaftServerImpl.java:setRole(173)) - b706312b-118f-4972-9c71-4cc867b58d89@group-6DB76DF175EA: changes role from CANDIDATE to LEADER at term 1 for changeToLeader
2019-10-25 02:21:11,050 [b706312b-118f-4972-9c71-4cc867b58d89@group-6DB76DF175EA-LeaderElection1] INFO  impl.RaftServerImpl (ServerState.java:setLeader(255)) - b706312b-118f-4972-9c71-4cc867b58d89@group-6DB76DF175EA: change Leader from null to b706312b-118f-4972-9c71-4cc867b58d89 at term 1 for becomeLeader, leader elected after 5126ms
2019-10-25 02:21:11,056 [b706312b-118f-4972-9c71-4cc867b58d89@group-6DB76DF175EA-LeaderElection1] INFO  server.RaftServerConfigKeys (ConfUtils.java:logGet(43)) - raft.server.staging.catchup.gap = 1000 (default)
2019-10-25 02:21:11,057 [b706312b-118f-4972-9c71-4cc867b58d89@group-6DB76DF175EA-LeaderElection1] INFO  server.RaftServerConfigKeys (ConfUtils.java:logGet(43)) - raft.server.rpc.sleep.time = 25ms (default)
2019-10-25 02:21:11,062 [b706312b-118f-4972-9c71-4cc867b58d89@group-6DB76DF175EA-LeaderElection1] INFO  server.RaftServerConfigKeys (ConfUtils.java:logGet(43)) - raft.server.write.element-limit = 4096 (default)
2019-10-25 02:21:11,068 [b706312b-118f-4972-9c71-4cc867b58d89@group-6DB76DF175EA-LeaderElection1] INFO  server.RaftServerConfigKeys (ConfUtils.java:logGet(43)) - raft.server.watch.timeout = 10s (default)
2019-10-25 02:21:11,068 [b706312b-118f-4972-9c71-4cc867b58d89@group-6DB76DF175EA-LeaderElection1] INFO  server.RaftServerConfigKeys (ConfUtils.java:logGet(43)) - raft.server.watch.timeout.denomination = 1s (default)
2019-10-25 02:21:11,069 [b706312b-118f-4972-9c71-4cc867b58d89@group-6DB76DF175EA-LeaderElection1] INFO  server.RaftServerConfigKeys (ConfUtils.java:logGet(43)) - raft.server.watch.element-limit = 65536 (default)
2019-10-25 02:21:11,078 [b706312b-118f-4972-9c71-4cc867b58d89@group-6DB76DF175EA-LeaderElection1] INFO  impl.RoleInfo (RoleInfo.java:updateAndGet(143)) - b706312b-118f-4972-9c71-4cc867b58d89: start LeaderState
2019-10-25 02:21:11,099 [b706312b-118f-4972-9c71-4cc867b58d89@group-6DB76DF175EA-LeaderElection1] INFO  segmented.SegmentedRaftLogWorker (SegmentedRaftLogWorker.java:startLogSegment(385)) - b706312b-118f-4972-9c71-4cc867b58d89@group-6DB76DF175EA-SegmentedRaftLogWorker: Starting segment from index:0
2019-10-25 02:21:11,112 [b706312b-118f-4972-9c71-4cc867b58d89@group-6DB76DF175EA-LeaderElection1] INFO  impl.RaftServerImpl (ServerState.java:setRaftConf(356)) - b706312b-118f-4972-9c71-4cc867b58d89@group-6DB76DF175EA: set configuration 0: [b706312b-118f-4972-9c71-4cc867b58d89:192.168.34.46:44531], old=null at 0
2019-10-25 02:21:11,210 [Thread-189] INFO  impl.FollowerState (FollowerState.java:run(111)) - 25203751-88e7-46c0-b9ea-976de1ff2c7c@group-4AA38178ED11-FollowerState: change to CANDIDATE, lastRpcTime:5022ms, electionTimeout:5021ms
2019-10-25 02:21:11,211 [Thread-189] INFO  impl.RoleInfo (RoleInfo.java:shutdownFollowerState(121)) - 25203751-88e7-46c0-b9ea-976de1ff2c7c: shutdown FollowerState
2019-10-25 02:21:11,211 [Thread-189] INFO  impl.RaftServerImpl (RaftServerImpl.java:setRole(173)) - 25203751-88e7-46c0-b9ea-976de1ff2c7c@group-4AA38178ED11: changes role from  FOLLOWER to CANDIDATE at term 0 for changeToCandidate
2019-10-25 02:21:11,211 [Thread-189] INFO  impl.RoleInfo (RoleInfo.java:updateAndGet(143)) - 25203751-88e7-46c0-b9ea-976de1ff2c7c: start LeaderElection
2019-10-25 02:21:11,229 [25203751-88e7-46c0-b9ea-976de1ff2c7c@group-4AA38178ED11-LeaderElection2] INFO  impl.LeaderElection (LeaderElection.java:askForVotes(178)) - 25203751-88e7-46c0-b9ea-976de1ff2c7c@group-4AA38178ED11-LeaderElection2: begin an election at term 1 for -1: [25203751-88e7-46c0-b9ea-976de1ff2c7c:192.168.34.46:43366], old=null
2019-10-25 02:21:11,233 [25203751-88e7-46c0-b9ea-976de1ff2c7c@group-4AA38178ED11-LeaderElection2] INFO  impl.RoleInfo (RoleInfo.java:shutdownLeaderElection(134)) - 25203751-88e7-46c0-b9ea-976de1ff2c7c: shutdown LeaderElection
2019-10-25 02:21:11,234 [25203751-88e7-46c0-b9ea-976de1ff2c7c@group-4AA38178ED11-LeaderElection2] INFO  impl.RaftServerImpl (RaftServerImpl.java:setRole(173)) - 25203751-88e7-46c0-b9ea-976de1ff2c7c@group-4AA38178ED11: changes role from CANDIDATE to LEADER at term 1 for changeToLeader
2019-10-25 02:21:11,234 [25203751-88e7-46c0-b9ea-976de1ff2c7c@group-4AA38178ED11-LeaderElection2] INFO  impl.RaftServerImpl (ServerState.java:setLeader(255)) - 25203751-88e7-46c0-b9ea-976de1ff2c7c@group-4AA38178ED11: change Leader from null to 25203751-88e7-46c0-b9ea-976de1ff2c7c at term 1 for becomeLeader, leader elected after 5055ms
2019-10-25 02:21:11,234 [25203751-88e7-46c0-b9ea-976de1ff2c7c@group-4AA38178ED11-LeaderElection2] INFO  server.RaftServerConfigKeys (ConfUtils.java:logGet(43)) - raft.server.staging.catchup.gap = 1000 (default)
2019-10-25 02:21:11,234 [25203751-88e7-46c0-b9ea-976de1ff2c7c@group-4AA38178ED11-LeaderElection2] INFO  server.RaftServerConfigKeys (ConfUtils.java:logGet(43)) - raft.server.rpc.sleep.time = 25ms (default)
2019-10-25 02:21:11,235 [25203751-88e7-46c0-b9ea-976de1ff2c7c@group-4AA38178ED11-LeaderElection2] INFO  server.RaftServerConfigKeys (ConfUtils.java:logGet(43)) - raft.server.write.element-limit = 4096 (default)
2019-10-25 02:21:11,235 [25203751-88e7-46c0-b9ea-976de1ff2c7c@group-4AA38178ED11-LeaderElection2] INFO  server.RaftServerConfigKeys (ConfUtils.java:logGet(43)) - raft.server.watch.timeout = 10s (default)
2019-10-25 02:21:11,235 [25203751-88e7-46c0-b9ea-976de1ff2c7c@group-4AA38178ED11-LeaderElection2] INFO  server.RaftServerConfigKeys (ConfUtils.java:logGet(43)) - raft.server.watch.timeout.denomination = 1s (default)
2019-10-25 02:21:11,236 [25203751-88e7-46c0-b9ea-976de1ff2c7c@group-4AA38178ED11-LeaderElection2] INFO  server.RaftServerConfigKeys (ConfUtils.java:logGet(43)) - raft.server.watch.element-limit = 65536 (default)
2019-10-25 02:21:11,236 [25203751-88e7-46c0-b9ea-976de1ff2c7c@group-4AA38178ED11-LeaderElection2] INFO  impl.RoleInfo (RoleInfo.java:updateAndGet(143)) - 25203751-88e7-46c0-b9ea-976de1ff2c7c: start LeaderState
2019-10-25 02:21:11,237 [25203751-88e7-46c0-b9ea-976de1ff2c7c@group-4AA38178ED11-LeaderElection2] INFO  segmented.SegmentedRaftLogWorker (SegmentedRaftLogWorker.java:startLogSegment(385)) - 25203751-88e7-46c0-b9ea-976de1ff2c7c@group-4AA38178ED11-SegmentedRaftLogWorker: Starting segment from index:0
2019-10-25 02:21:11,238 [25203751-88e7-46c0-b9ea-976de1ff2c7c@group-4AA38178ED11-LeaderElection2] INFO  impl.RaftServerImpl (ServerState.java:setRaftConf(356)) - 25203751-88e7-46c0-b9ea-976de1ff2c7c@group-4AA38178ED11: set configuration 0: [25203751-88e7-46c0-b9ea-976de1ff2c7c:192.168.34.46:43366], old=null at 0
2019-10-25 02:21:11,285 [Thread-192] INFO  impl.FollowerState (FollowerState.java:run(111)) - c287e0c1-5401-4ab1-85ea-f9321adc6aaf@group-0718B2AE4643-FollowerState: change to CANDIDATE, lastRpcTime:5008ms, electionTimeout:5008ms
2019-10-25 02:21:11,285 [Thread-192] INFO  impl.RoleInfo (RoleInfo.java:shutdownFollowerState(121)) - c287e0c1-5401-4ab1-85ea-f9321adc6aaf: shutdown FollowerState
2019-10-25 02:21:11,285 [Thread-192] INFO  impl.RaftServerImpl (RaftServerImpl.java:setRole(173)) - c287e0c1-5401-4ab1-85ea-f9321adc6aaf@group-0718B2AE4643: changes role from  FOLLOWER to CANDIDATE at term 0 for changeToCandidate
2019-10-25 02:21:11,285 [Thread-192] INFO  impl.RoleInfo (RoleInfo.java:updateAndGet(143)) - c287e0c1-5401-4ab1-85ea-f9321adc6aaf: start LeaderElection
2019-10-25 02:21:11,288 [25203751-88e7-46c0-b9ea-976de1ff2c7c@group-4AA38178ED11-SegmentedRaftLogWorker] INFO  segmented.SegmentedRaftLogWorker (SegmentedRaftLogWorker.java:execute(576)) - 25203751-88e7-46c0-b9ea-976de1ff2c7c@group-4AA38178ED11-SegmentedRaftLogWorker: created new log segment /workdir/hadoop-ozone/integration-test/target/test-dir/MiniOzoneClusterImpl-44a4a489-765f-4971-8cd5-3df5cbc9600d/datanode-2/data/ratis/067d4b52-5434-4ed3-bf1d-4aa38178ed11/current/log_inprogress_0
2019-10-25 02:21:11,288 [b706312b-118f-4972-9c71-4cc867b58d89@group-6DB76DF175EA-SegmentedRaftLogWorker] INFO  segmented.SegmentedRaftLogWorker (SegmentedRaftLogWorker.java:execute(576)) - b706312b-118f-4972-9c71-4cc867b58d89@group-6DB76DF175EA-SegmentedRaftLogWorker: created new log segment /workdir/hadoop-ozone/integration-test/target/test-dir/MiniOzoneClusterImpl-44a4a489-765f-4971-8cd5-3df5cbc9600d/datanode-0/data/ratis/69105e15-0236-40b6-bc42-6db76df175ea/current/log_inprogress_0
2019-10-25 02:21:11,302 [c287e0c1-5401-4ab1-85ea-f9321adc6aaf@group-0718B2AE4643-LeaderElection3] INFO  impl.LeaderElection (LeaderElection.java:askForVotes(178)) - c287e0c1-5401-4ab1-85ea-f9321adc6aaf@group-0718B2AE4643-LeaderElection3: begin an election at term 1 for -1: [c287e0c1-5401-4ab1-85ea-f9321adc6aaf:192.168.34.46:43708], old=null
2019-10-25 02:21:11,303 [c287e0c1-5401-4ab1-85ea-f9321adc6aaf@group-0718B2AE4643-LeaderElection3] INFO  impl.RoleInfo (RoleInfo.java:shutdownLeaderElection(134)) - c287e0c1-5401-4ab1-85ea-f9321adc6aaf: shutdown LeaderElection
2019-10-25 02:21:11,303 [c287e0c1-5401-4ab1-85ea-f9321adc6aaf@group-0718B2AE4643-LeaderElection3] INFO  impl.RaftServerImpl (RaftServerImpl.java:setRole(173)) - c287e0c1-5401-4ab1-85ea-f9321adc6aaf@group-0718B2AE4643: changes role from CANDIDATE to LEADER at term 1 for changeToLeader
2019-10-25 02:21:11,303 [c287e0c1-5401-4ab1-85ea-f9321adc6aaf@group-0718B2AE4643-LeaderElection3] INFO  impl.RaftServerImpl (ServerState.java:setLeader(255)) - c287e0c1-5401-4ab1-85ea-f9321adc6aaf@group-0718B2AE4643: change Leader from null to c287e0c1-5401-4ab1-85ea-f9321adc6aaf at term 1 for becomeLeader, leader elected after 5032ms
2019-10-25 02:21:11,303 [c287e0c1-5401-4ab1-85ea-f9321adc6aaf@group-0718B2AE4643-LeaderElection3] INFO  server.RaftServerConfigKeys (ConfUtils.java:logGet(43)) - raft.server.staging.catchup.gap = 1000 (default)
2019-10-25 02:21:11,303 [c287e0c1-5401-4ab1-85ea-f9321adc6aaf@group-0718B2AE4643-LeaderElection3] INFO  server.RaftServerConfigKeys (ConfUtils.java:logGet(43)) - raft.server.rpc.sleep.time = 25ms (default)
2019-10-25 02:21:11,304 [c287e0c1-5401-4ab1-85ea-f9321adc6aaf@group-0718B2AE4643-LeaderElection3] INFO  server.RaftServerConfigKeys (ConfUtils.java:logGet(43)) - raft.server.write.element-limit = 4096 (default)
2019-10-25 02:21:11,304 [c287e0c1-5401-4ab1-85ea-f9321adc6aaf@group-0718B2AE4643-LeaderElection3] INFO  server.RaftServerConfigKeys (ConfUtils.java:logGet(43)) - raft.server.watch.timeout = 10s (default)
2019-10-25 02:21:11,304 [c287e0c1-5401-4ab1-85ea-f9321adc6aaf@group-0718B2AE4643-LeaderElection3] INFO  server.RaftServerConfigKeys (ConfUtils.java:logGet(43)) - raft.server.watch.timeout.denomination = 1s (default)
2019-10-25 02:21:11,304 [c287e0c1-5401-4ab1-85ea-f9321adc6aaf@group-0718B2AE4643-LeaderElection3] INFO  server.RaftServerConfigKeys (ConfUtils.java:logGet(43)) - raft.server.watch.element-limit = 65536 (default)
2019-10-25 02:21:11,305 [c287e0c1-5401-4ab1-85ea-f9321adc6aaf@group-0718B2AE4643-LeaderElection3] INFO  impl.RoleInfo (RoleInfo.java:updateAndGet(143)) - c287e0c1-5401-4ab1-85ea-f9321adc6aaf: start LeaderState
2019-10-25 02:21:11,305 [c287e0c1-5401-4ab1-85ea-f9321adc6aaf@group-0718B2AE4643-LeaderElection3] INFO  segmented.SegmentedRaftLogWorker (SegmentedRaftLogWorker.java:startLogSegment(385)) - c287e0c1-5401-4ab1-85ea-f9321adc6aaf@group-0718B2AE4643-SegmentedRaftLogWorker: Starting segment from index:0
2019-10-25 02:21:11,306 [c287e0c1-5401-4ab1-85ea-f9321adc6aaf@group-0718B2AE4643-LeaderElection3] INFO  impl.RaftServerImpl (ServerState.java:setRaftConf(356)) - c287e0c1-5401-4ab1-85ea-f9321adc6aaf@group-0718B2AE4643: set configuration 0: [c287e0c1-5401-4ab1-85ea-f9321adc6aaf:192.168.34.46:43708], old=null at 0
2019-10-25 02:21:11,354 [c287e0c1-5401-4ab1-85ea-f9321adc6aaf@group-0718B2AE4643-SegmentedRaftLogWorker] INFO  segmented.SegmentedRaftLogWorker (SegmentedRaftLogWorker.java:execute(576)) - c287e0c1-5401-4ab1-85ea-f9321adc6aaf@group-0718B2AE4643-SegmentedRaftLogWorker: created new log segment /workdir/hadoop-ozone/integration-test/target/test-dir/MiniOzoneClusterImpl-44a4a489-765f-4971-8cd5-3df5cbc9600d/datanode-1/data/ratis/619fcd66-5cab-4bf4-91b7-0718b2ae4643/current/log_inprogress_0
2019-10-25 02:21:11,373 [Thread-195] INFO  impl.FollowerState (FollowerState.java:run(111)) - b706312b-118f-4972-9c71-4cc867b58d89@group-DB0659CA759E-FollowerState: change to CANDIDATE, lastRpcTime:5003ms, electionTimeout:5003ms
2019-10-25 02:21:11,374 [Thread-195] INFO  impl.RoleInfo (RoleInfo.java:shutdownFollowerState(121)) - b706312b-118f-4972-9c71-4cc867b58d89: shutdown FollowerState
2019-10-25 02:21:11,374 [Thread-195] INFO  impl.RaftServerImpl (RaftServerImpl.java:setRole(173)) - b706312b-118f-4972-9c71-4cc867b58d89@group-DB0659CA759E: changes role from  FOLLOWER to CANDIDATE at term 0 for changeToCandidate
2019-10-25 02:21:11,374 [Thread-195] INFO  impl.RoleInfo (RoleInfo.java:updateAndGet(143)) - b706312b-118f-4972-9c71-4cc867b58d89: start LeaderElection
2019-10-25 02:21:11,390 [b706312b-118f-4972-9c71-4cc867b58d89@group-DB0659CA759E-LeaderElection4] INFO  impl.LeaderElection (LeaderElection.java:askForVotes(178)) - b706312b-118f-4972-9c71-4cc867b58d89@group-DB0659CA759E-LeaderElection4: begin an election at term 1 for -1: [c287e0c1-5401-4ab1-85ea-f9321adc6aaf:192.168.34.46:43708, b706312b-118f-4972-9c71-4cc867b58d89:192.168.34.46:44531, 25203751-88e7-46c0-b9ea-976de1ff2c7c:192.168.34.46:43366], old=null
2019-10-25 02:21:11,415 [grpc-default-executor-2] INFO  impl.RaftServerImpl (RaftServerImpl.java:setRole(173)) - 25203751-88e7-46c0-b9ea-976de1ff2c7c@group-DB0659CA759E: changes role from  FOLLOWER to FOLLOWER at term 1 for recognizeCandidate:b706312b-118f-4972-9c71-4cc867b58d89
2019-10-25 02:21:11,415 [grpc-default-executor-1] INFO  impl.RaftServerImpl (RaftServerImpl.java:setRole(173)) - c287e0c1-5401-4ab1-85ea-f9321adc6aaf@group-DB0659CA759E: changes role from  FOLLOWER to FOLLOWER at term 1 for recognizeCandidate:b706312b-118f-4972-9c71-4cc867b58d89
2019-10-25 02:21:11,415 [grpc-default-executor-2] INFO  impl.RoleInfo (RoleInfo.java:shutdownFollowerState(121)) - 25203751-88e7-46c0-b9ea-976de1ff2c7c: shutdown FollowerState
2019-10-25 02:21:11,415 [grpc-default-executor-1] INFO  impl.RoleInfo (RoleInfo.java:shutdownFollowerState(121)) - c287e0c1-5401-4ab1-85ea-f9321adc6aaf: shutdown FollowerState
2019-10-25 02:21:11,415 [Thread-199] INFO  impl.FollowerState (FollowerState.java:run(120)) - 25203751-88e7-46c0-b9ea-976de1ff2c7c@group-DB0659CA759E-FollowerState was interrupted: java.lang.InterruptedException: sleep interrupted
2019-10-25 02:21:11,415 [Thread-200] INFO  impl.FollowerState (FollowerState.java:run(120)) - c287e0c1-5401-4ab1-85ea-f9321adc6aaf@group-DB0659CA759E-FollowerState was interrupted: java.lang.InterruptedException: sleep interrupted
2019-10-25 02:21:11,415 [grpc-default-executor-2] INFO  impl.RoleInfo (RoleInfo.java:updateAndGet(143)) - 25203751-88e7-46c0-b9ea-976de1ff2c7c: start FollowerState
2019-10-25 02:21:11,415 [grpc-default-executor-1] INFO  impl.RoleInfo (RoleInfo.java:updateAndGet(143)) - c287e0c1-5401-4ab1-85ea-f9321adc6aaf: start FollowerState
2019-10-25 02:21:11,444 [b706312b-118f-4972-9c71-4cc867b58d89@group-DB0659CA759E-LeaderElection4] INFO  impl.LeaderElection (LeaderElection.java:logAndReturn(56)) - b706312b-118f-4972-9c71-4cc867b58d89@group-DB0659CA759E-LeaderElection4: Election PASSED; received 1 response(s) [b706312b-118f-4972-9c71-4cc867b58d89<-c287e0c1-5401-4ab1-85ea-f9321adc6aaf#0:OK-t1] and 0 exception(s); b706312b-118f-4972-9c71-4cc867b58d89@group-DB0659CA759E:t1, leader=null, voted=b706312b-118f-4972-9c71-4cc867b58d89, raftlog=b706312b-118f-4972-9c71-4cc867b58d89@group-DB0659CA759E-SegmentedRaftLog:OPENED:c-1,f-1,i0, conf=-1: [c287e0c1-5401-4ab1-85ea-f9321adc6aaf:192.168.34.46:43708, b706312b-118f-4972-9c71-4cc867b58d89:192.168.34.46:44531, 25203751-88e7-46c0-b9ea-976de1ff2c7c:192.168.34.46:43366], old=null
2019-10-25 02:21:11,445 [b706312b-118f-4972-9c71-4cc867b58d89@group-DB0659CA759E-LeaderElection4] INFO  impl.RoleInfo (RoleInfo.java:shutdownLeaderElection(134)) - b706312b-118f-4972-9c71-4cc867b58d89: shutdown LeaderElection
2019-10-25 02:21:11,445 [b706312b-118f-4972-9c71-4cc867b58d89@group-DB0659CA759E-LeaderElection4] INFO  impl.RaftServerImpl (RaftServerImpl.java:setRole(173)) - b706312b-118f-4972-9c71-4cc867b58d89@group-DB0659CA759E: changes role from CANDIDATE to LEADER at term 1 for changeToLeader
2019-10-25 02:21:11,447 [b706312b-118f-4972-9c71-4cc867b58d89@group-DB0659CA759E-LeaderElection4] INFO  impl.RaftServerImpl (ServerState.java:setLeader(255)) - b706312b-118f-4972-9c71-4cc867b58d89@group-DB0659CA759E: change Leader from null to b706312b-118f-4972-9c71-4cc867b58d89 at term 1 for becomeLeader, leader elected after 5086ms
2019-10-25 02:21:11,447 [b706312b-118f-4972-9c71-4cc867b58d89@group-DB0659CA759E-LeaderElection4] INFO  server.RaftServerConfigKeys (ConfUtils.java:logGet(43)) - raft.server.staging.catchup.gap = 1000 (default)
2019-10-25 02:21:11,447 [b706312b-118f-4972-9c71-4cc867b58d89@group-DB0659CA759E-LeaderElection4] INFO  server.RaftServerConfigKeys (ConfUtils.java:logGet(43)) - raft.server.rpc.sleep.time = 25ms (default)
2019-10-25 02:21:11,447 [b706312b-118f-4972-9c71-4cc867b58d89@group-DB0659CA759E-LeaderElection4] INFO  server.RaftServerConfigKeys (ConfUtils.java:logGet(43)) - raft.server.write.element-limit = 4096 (default)
2019-10-25 02:21:11,447 [b706312b-118f-4972-9c71-4cc867b58d89@group-DB0659CA759E-LeaderElection4] INFO  server.RaftServerConfigKeys (ConfUtils.java:logGet(43)) - raft.server.watch.timeout = 10s (default)
2019-10-25 02:21:11,448 [b706312b-118f-4972-9c71-4cc867b58d89@group-DB0659CA759E-LeaderElection4] INFO  server.RaftServerConfigKeys (ConfUtils.java:logGet(43)) - raft.server.watch.timeout.denomination = 1s (default)
2019-10-25 02:21:11,448 [b706312b-118f-4972-9c71-4cc867b58d89@group-DB0659CA759E-LeaderElection4] INFO  server.RaftServerConfigKeys (ConfUtils.java:logGet(43)) - raft.server.watch.element-limit = 65536 (default)
2019-10-25 02:21:11,451 [b706312b-118f-4972-9c71-4cc867b58d89@group-DB0659CA759E-LeaderElection4] INFO  server.RaftServerConfigKeys (ConfUtils.java:logGet(43)) - raft.server.log.appender.snapshot.chunk.size.max = 16MB (=16777216) (default)
2019-10-25 02:21:11,452 [b706312b-118f-4972-9c71-4cc867b58d89@group-DB0659CA759E-LeaderElection4] INFO  server.RaftServerConfigKeys (ConfUtils.java:logGet(43)) - raft.server.log.appender.buffer.byte-limit = 33554432 (custom)
2019-10-25 02:21:11,452 [b706312b-118f-4972-9c71-4cc867b58d89@group-DB0659CA759E-LeaderElection4] INFO  server.RaftServerConfigKeys (ConfUtils.java:logGet(43)) - raft.server.log.appender.buffer.element-limit = 1 (custom)
2019-10-25 02:21:11,457 [b706312b-118f-4972-9c71-4cc867b58d89@group-DB0659CA759E-LeaderElection4] INFO  grpc.GrpcConfigKeys$Server (ConfUtils.java:logGet(43)) - raft.grpc.server.leader.outstanding.appends.max = 128 (default)
2019-10-25 02:21:11,460 [b706312b-118f-4972-9c71-4cc867b58d89@group-DB0659CA759E-LeaderElection4] INFO  server.RaftServerConfigKeys (ConfUtils.java:logGet(43)) - raft.server.rpc.request.timeout = 3000ms (default)
2019-10-25 02:21:11,461 [b706312b-118f-4972-9c71-4cc867b58d89@group-DB0659CA759E-LeaderElection4] INFO  server.RaftServerConfigKeys (ConfUtils.java:logGet(43)) - raft.server.log.appender.install.snapshot.enabled = false (custom)
2019-10-25 02:21:11,462 [b706312b-118f-4972-9c71-4cc867b58d89@group-DB0659CA759E-LeaderElection4] WARN  impl.MetricRegistriesImpl (MetricRegistriesImpl.java:lambda$create$1(61)) - First MetricRegistry has been created without registering reporters. You may need to call MetricRegistries.global().addReportRegistration(...) before.
2019-10-25 02:21:11,463 [b706312b-118f-4972-9c71-4cc867b58d89@group-DB0659CA759E-LeaderElection4] INFO  server.RaftServerConfigKeys (ConfUtils.java:logGet(43)) - raft.server.log.appender.snapshot.chunk.size.max = 16MB (=16777216) (default)
2019-10-25 02:21:11,463 [b706312b-118f-4972-9c71-4cc867b58d89@group-DB0659CA759E-LeaderElection4] INFO  server.RaftServerConfigKeys (ConfUtils.java:logGet(43)) - raft.server.log.appender.buffer.byte-limit = 33554432 (custom)
2019-10-25 02:21:11,463 [b706312b-118f-4972-9c71-4cc867b58d89@group-DB0659CA759E-LeaderElection4] INFO  server.RaftServerConfigKeys (ConfUtils.java:logGet(43)) - raft.server.log.appender.buffer.element-limit = 1 (custom)
2019-10-25 02:21:11,464 [b706312b-118f-4972-9c71-4cc867b58d89@group-DB0659CA759E-LeaderElection4] INFO  grpc.GrpcConfigKeys$Server (ConfUtils.java:logGet(43)) - raft.grpc.server.leader.outstanding.appends.max = 128 (default)
2019-10-25 02:21:11,464 [b706312b-118f-4972-9c71-4cc867b58d89@group-DB0659CA759E-LeaderElection4] INFO  server.RaftServerConfigKeys (ConfUtils.java:logGet(43)) - raft.server.rpc.request.timeout = 3000ms (default)
2019-10-25 02:21:11,464 [b706312b-118f-4972-9c71-4cc867b58d89@group-DB0659CA759E-LeaderElection4] INFO  server.RaftServerConfigKeys (ConfUtils.java:logGet(43)) - raft.server.log.appender.install.snapshot.enabled = false (custom)
2019-10-25 02:21:11,465 [b706312b-118f-4972-9c71-4cc867b58d89@group-DB0659CA759E-LeaderElection4] INFO  impl.RoleInfo (RoleInfo.java:updateAndGet(143)) - b706312b-118f-4972-9c71-4cc867b58d89: start LeaderState
2019-10-25 02:21:11,466 [b706312b-118f-4972-9c71-4cc867b58d89@group-DB0659CA759E-LeaderElection4] INFO  segmented.SegmentedRaftLogWorker (SegmentedRaftLogWorker.java:startLogSegment(385)) - b706312b-118f-4972-9c71-4cc867b58d89@group-DB0659CA759E-SegmentedRaftLogWorker: Starting segment from index:0
2019-10-25 02:21:11,467 [b706312b-118f-4972-9c71-4cc867b58d89@group-DB0659CA759E-LeaderElection4] INFO  impl.RaftServerImpl (ServerState.java:setRaftConf(356)) - b706312b-118f-4972-9c71-4cc867b58d89@group-DB0659CA759E: set configuration 0: [c287e0c1-5401-4ab1-85ea-f9321adc6aaf:192.168.34.46:43708, b706312b-118f-4972-9c71-4cc867b58d89:192.168.34.46:44531, 25203751-88e7-46c0-b9ea-976de1ff2c7c:192.168.34.46:43366], old=null at 0
2019-10-25 02:21:11,515 [b706312b-118f-4972-9c71-4cc867b58d89@group-DB0659CA759E-SegmentedRaftLogWorker] INFO  segmented.SegmentedRaftLogWorker (SegmentedRaftLogWorker.java:execute(576)) - b706312b-118f-4972-9c71-4cc867b58d89@group-DB0659CA759E-SegmentedRaftLogWorker: created new log segment /workdir/hadoop-ozone/integration-test/target/test-dir/MiniOzoneClusterImpl-44a4a489-765f-4971-8cd5-3df5cbc9600d/datanode-0/data/ratis/80d03f1e-dc0e-4300-89d1-db0659ca759e/current/log_inprogress_0
2019-10-25 02:21:11,527 [grpc-default-executor-2] INFO  impl.RaftServerImpl (ServerState.java:setLeader(255)) - 25203751-88e7-46c0-b9ea-976de1ff2c7c@group-DB0659CA759E: change Leader from null to b706312b-118f-4972-9c71-4cc867b58d89 at term 1 for appendEntries, leader elected after 5166ms
2019-10-25 02:21:11,527 [grpc-default-executor-1] INFO  impl.RaftServerImpl (ServerState.java:setLeader(255)) - c287e0c1-5401-4ab1-85ea-f9321adc6aaf@group-DB0659CA759E: change Leader from null to b706312b-118f-4972-9c71-4cc867b58d89 at term 1 for appendEntries, leader elected after 5167ms
2019-10-25 02:21:11,558 [grpc-default-executor-1] INFO  impl.RaftServerImpl (ServerState.java:setRaftConf(356)) - c287e0c1-5401-4ab1-85ea-f9321adc6aaf@group-DB0659CA759E: set configuration 0: [c287e0c1-5401-4ab1-85ea-f9321adc6aaf:192.168.34.46:43708, b706312b-118f-4972-9c71-4cc867b58d89:192.168.34.46:44531, 25203751-88e7-46c0-b9ea-976de1ff2c7c:192.168.34.46:43366], old=null at 0
2019-10-25 02:21:11,558 [grpc-default-executor-2] INFO  impl.RaftServerImpl (ServerState.java:setRaftConf(356)) - 25203751-88e7-46c0-b9ea-976de1ff2c7c@group-DB0659CA759E: set configuration 0: [c287e0c1-5401-4ab1-85ea-f9321adc6aaf:192.168.34.46:43708, b706312b-118f-4972-9c71-4cc867b58d89:192.168.34.46:44531, 25203751-88e7-46c0-b9ea-976de1ff2c7c:192.168.34.46:43366], old=null at 0
2019-10-25 02:21:11,558 [grpc-default-executor-1] INFO  segmented.SegmentedRaftLogWorker (SegmentedRaftLogWorker.java:startLogSegment(385)) - c287e0c1-5401-4ab1-85ea-f9321adc6aaf@group-DB0659CA759E-SegmentedRaftLogWorker: Starting segment from index:0
2019-10-25 02:21:11,558 [grpc-default-executor-2] INFO  segmented.SegmentedRaftLogWorker (SegmentedRaftLogWorker.java:startLogSegment(385)) - 25203751-88e7-46c0-b9ea-976de1ff2c7c@group-DB0659CA759E-SegmentedRaftLogWorker: Starting segment from index:0
2019-10-25 02:21:11,606 [c287e0c1-5401-4ab1-85ea-f9321adc6aaf@group-DB0659CA759E-SegmentedRaftLogWorker] INFO  segmented.SegmentedRaftLogWorker (SegmentedRaftLogWorker.java:execute(576)) - c287e0c1-5401-4ab1-85ea-f9321adc6aaf@group-DB0659CA759E-SegmentedRaftLogWorker: created new log segment /workdir/hadoop-ozone/integration-test/target/test-dir/MiniOzoneClusterImpl-44a4a489-765f-4971-8cd5-3df5cbc9600d/datanode-1/data/ratis/80d03f1e-dc0e-4300-89d1-db0659ca759e/current/log_inprogress_0
2019-10-25 02:21:11,606 [25203751-88e7-46c0-b9ea-976de1ff2c7c@group-DB0659CA759E-SegmentedRaftLogWorker] INFO  segmented.SegmentedRaftLogWorker (SegmentedRaftLogWorker.java:execute(576)) - 25203751-88e7-46c0-b9ea-976de1ff2c7c@group-DB0659CA759E-SegmentedRaftLogWorker: created new log segment /workdir/hadoop-ozone/integration-test/target/test-dir/MiniOzoneClusterImpl-44a4a489-765f-4971-8cd5-3df5cbc9600d/datanode-2/data/ratis/80d03f1e-dc0e-4300-89d1-db0659ca759e/current/log_inprogress_0
2019-10-25 02:21:12,185 [Datanode State Machine Thread - 0] INFO  statemachine.DatanodeStateMachine (DatanodeStateMachine.java:lambda$startDaemon$0(350)) - Ozone container server started.
2019-10-25 02:21:17,180 [main] INFO  ozoneimpl.OzoneContainer (OzoneContainer.java:stop(227)) - Attempting to stop container services.
2019-10-25 02:21:17,182 [main] INFO  impl.RaftServerProxy (RaftServerProxy.java:lambda$close$4(314)) - 25203751-88e7-46c0-b9ea-976de1ff2c7c: close
2019-10-25 02:21:17,183 [main] INFO  impl.RaftServerImpl (RaftServerImpl.java:lambda$shutdown$3(250)) - 25203751-88e7-46c0-b9ea-976de1ff2c7c@group-DB0659CA759E: shutdown
2019-10-25 02:21:17,183 [ForkJoinPool.commonPool-worker-1] INFO  impl.RaftServerImpl (RaftServerImpl.java:lambda$shutdown$3(250)) - 25203751-88e7-46c0-b9ea-976de1ff2c7c@group-4AA38178ED11: shutdown
2019-10-25 02:21:17,184 [main] INFO  util.JmxRegister (JmxRegister.java:unregister(73)) - Successfully un-registered JMX Bean with object name Ratis:service=RaftServer,group=group-DB0659CA759E,id=25203751-88e7-46c0-b9ea-976de1ff2c7c
2019-10-25 02:21:17,184 [ForkJoinPool.commonPool-worker-1] INFO  util.JmxRegister (JmxRegister.java:unregister(73)) - Successfully un-registered JMX Bean with object name Ratis:service=RaftServer,group=group-4AA38178ED11,id=25203751-88e7-46c0-b9ea-976de1ff2c7c
2019-10-25 02:21:17,184 [main] INFO  impl.RoleInfo (RoleInfo.java:shutdownFollowerState(121)) - 25203751-88e7-46c0-b9ea-976de1ff2c7c: shutdown FollowerState
2019-10-25 02:21:17,185 [ForkJoinPool.commonPool-worker-1] INFO  impl.RoleInfo (RoleInfo.java:shutdownLeaderState(104)) - 25203751-88e7-46c0-b9ea-976de1ff2c7c: shutdown LeaderState
2019-10-25 02:21:17,185 [main] INFO  impl.StateMachineUpdater (StateMachineUpdater.java:stopAndJoin(136)) - 25203751-88e7-46c0-b9ea-976de1ff2c7c@group-DB0659CA759E-StateMachineUpdater: set stopIndex = 4
2019-10-25 02:21:17,185 [Thread-240] INFO  impl.FollowerState (FollowerState.java:run(120)) - 25203751-88e7-46c0-b9ea-976de1ff2c7c@group-DB0659CA759E-FollowerState was interrupted: java.lang.InterruptedException: sleep interrupted
2019-10-25 02:21:17,185 [25203751-88e7-46c0-b9ea-976de1ff2c7c@group-DB0659CA759E-StateMachineUpdater] INFO  ratis.ContainerStateMachine (ContainerStateMachine.java:takeSnapshot(294)) - group-DB0659CA759E: Taking a snapshot at:(t:1, i:3) file /workdir/hadoop-ozone/integration-test/target/test-dir/MiniOzoneClusterImpl-44a4a489-765f-4971-8cd5-3df5cbc9600d/datanode-2/data/ratis/80d03f1e-dc0e-4300-89d1-db0659ca759e/sm/snapshot.1_3
2019-10-25 02:21:17,187 [ForkJoinPool.commonPool-worker-1] INFO  impl.PendingRequests (PendingRequests.java:sendNotLeaderResponses(206)) - 25203751-88e7-46c0-b9ea-976de1ff2c7c@group-4AA38178ED11-PendingRequests: sendNotLeaderResponses
2019-10-25 02:21:17,189 [ForkJoinPool.commonPool-worker-1] INFO  impl.StateMachineUpdater (StateMachineUpdater.java:stopAndJoin(136)) - 25203751-88e7-46c0-b9ea-976de1ff2c7c@group-4AA38178ED11-StateMachineUpdater: set stopIndex = 0
2019-10-25 02:21:17,191 [ForkJoinPool.commonPool-worker-1] INFO  impl.RaftServerImpl (ServerState.java:close(387)) - 25203751-88e7-46c0-b9ea-976de1ff2c7c@group-4AA38178ED11: closes. applyIndex: 0
2019-10-25 02:21:17,193 [25203751-88e7-46c0-b9ea-976de1ff2c7c@group-4AA38178ED11-SegmentedRaftLogWorker] INFO  segmented.SegmentedRaftLogWorker (SegmentedRaftLogWorker.java:run(316)) - 25203751-88e7-46c0-b9ea-976de1ff2c7c@group-4AA38178ED11-SegmentedRaftLogWorker was interrupted, exiting. There are 0 tasks remaining in the queue.
2019-10-25 02:21:17,195 [ForkJoinPool.commonPool-worker-1] INFO  segmented.SegmentedRaftLogWorker (SegmentedRaftLogWorker.java:close(224)) - 25203751-88e7-46c0-b9ea-976de1ff2c7c@group-4AA38178ED11-SegmentedRaftLogWorker close()
2019-10-25 02:21:17,298 [25203751-88e7-46c0-b9ea-976de1ff2c7c@group-DB0659CA759E-StateMachineUpdater] INFO  ratis.ContainerStateMachine (ContainerStateMachine.java:takeSnapshot(305)) - group-DB0659CA759E: Finished taking a snapshot at:(t:1, i:3) file:/workdir/hadoop-ozone/integration-test/target/test-dir/MiniOzoneClusterImpl-44a4a489-765f-4971-8cd5-3df5cbc9600d/datanode-2/data/ratis/80d03f1e-dc0e-4300-89d1-db0659ca759e/sm/snapshot.1_3 time:113
2019-10-25 02:21:17,299 [25203751-88e7-46c0-b9ea-976de1ff2c7c@group-DB0659CA759E-StateMachineUpdater] INFO  impl.StateMachineUpdater (StateMachineUpdater.java:takeSnapshot(269)) - 25203751-88e7-46c0-b9ea-976de1ff2c7c@group-DB0659CA759E-StateMachineUpdater: Took a snapshot at index 3
2019-10-25 02:21:17,299 [25203751-88e7-46c0-b9ea-976de1ff2c7c@group-DB0659CA759E-StateMachineUpdater] INFO  impl.StateMachineUpdater (StateMachineUpdater.java:lambda$new$0(84)) - 25203751-88e7-46c0-b9ea-976de1ff2c7c@group-DB0659CA759E-StateMachineUpdater: snapshotIndex: updateIncreasingly -1 -> 3
2019-10-25 02:21:17,302 [25203751-88e7-46c0-b9ea-976de1ff2c7c@group-DB0659CA759E-StateMachineUpdater] INFO  ratis.ContainerStateMachine (ContainerStateMachine.java:takeSnapshot(294)) - group-DB0659CA759E: Taking a snapshot at:(t:1, i:3) file /workdir/hadoop-ozone/integration-test/target/test-dir/MiniOzoneClusterImpl-44a4a489-765f-4971-8cd5-3df5cbc9600d/datanode-2/data/ratis/80d03f1e-dc0e-4300-89d1-db0659ca759e/sm/snapshot.1_3
2019-10-25 02:21:17,305 [25203751-88e7-46c0-b9ea-976de1ff2c7c@group-DB0659CA759E-StateMachineUpdater] INFO  ratis.ContainerStateMachine (ContainerStateMachine.java:takeSnapshot(305)) - group-DB0659CA759E: Finished taking a snapshot at:(t:1, i:3) file:/workdir/hadoop-ozone/integration-test/target/test-dir/MiniOzoneClusterImpl-44a4a489-765f-4971-8cd5-3df5cbc9600d/datanode-2/data/ratis/80d03f1e-dc0e-4300-89d1-db0659ca759e/sm/snapshot.1_3 time:4
2019-10-25 02:21:17,305 [25203751-88e7-46c0-b9ea-976de1ff2c7c@group-DB0659CA759E-StateMachineUpdater] INFO  impl.StateMachineUpdater (StateMachineUpdater.java:takeSnapshot(269)) - 25203751-88e7-46c0-b9ea-976de1ff2c7c@group-DB0659CA759E-StateMachineUpdater: Took a snapshot at index 3
2019-10-25 02:21:17,305 [25203751-88e7-46c0-b9ea-976de1ff2c7c@group-DB0659CA759E-StateMachineUpdater] INFO  impl.StateMachineUpdater (StateMachineUpdater.java:lambda$new$0(84)) - 25203751-88e7-46c0-b9ea-976de1ff2c7c@group-DB0659CA759E-StateMachineUpdater: snapshotIndex: updateIncreasingly 3 -> 3
2019-10-25 02:21:17,306 [main] INFO  impl.RaftServerImpl (ServerState.java:close(387)) - 25203751-88e7-46c0-b9ea-976de1ff2c7c@group-DB0659CA759E: closes. applyIndex: 4
2019-10-25 02:21:17,306 [25203751-88e7-46c0-b9ea-976de1ff2c7c@group-DB0659CA759E-SegmentedRaftLogWorker] INFO  segmented.SegmentedRaftLogWorker (SegmentedRaftLogWorker.java:run(316)) - 25203751-88e7-46c0-b9ea-976de1ff2c7c@group-DB0659CA759E-SegmentedRaftLogWorker was interrupted, exiting. There are 0 tasks remaining in the queue.
2019-10-25 02:21:17,313 [main] INFO  segmented.SegmentedRaftLogWorker (SegmentedRaftLogWorker.java:close(224)) - 25203751-88e7-46c0-b9ea-976de1ff2c7c@group-DB0659CA759E-SegmentedRaftLogWorker close()
2019-10-25 02:21:17,315 [main] INFO  server.GrpcService (GrpcService.java:closeImpl(164)) - 25203751-88e7-46c0-b9ea-976de1ff2c7c: shutdown server with port 43366 now
2019-10-25 02:21:17,324 [main] INFO  server.GrpcService (GrpcService.java:closeImpl(172)) - 25203751-88e7-46c0-b9ea-976de1ff2c7c: shutdown server with port 43366 successfully
2019-10-25 02:21:17,324 [grpc-default-executor-1] WARN  server.GrpcServerProtocolService (LogUtils.java:warn(134)) - 25203751-88e7-46c0-b9ea-976de1ff2c7c: installSnapshot onError, lastRequest: b706312b-118f-4972-9c71-4cc867b58d89->25203751-88e7-46c0-b9ea-976de1ff2c7c#7-t1, previous=(t:1, i:4), leaderCommit=4, initializing? false, entries: <empty>: org.apache.ratis.thirdparty.io.grpc.StatusRuntimeException: CANCELLED: cancelled before receiving half close
2019-10-25 02:21:17,325 [grpc-default-executor-0] WARN  server.GrpcLogAppender (LogUtils.java:warn(134)) - b706312b-118f-4972-9c71-4cc867b58d89@group-DB0659CA759E->25203751-88e7-46c0-b9ea-976de1ff2c7c-AppendLogResponseHandler: Failed appendEntries: org.apache.ratis.thirdparty.io.grpc.StatusRuntimeException: CANCELLED: HTTP/2 error code: CANCEL
Received Rst Stream
2019-10-25 02:21:17,327 [refreshUsed-/workdir/hadoop-ozone/integration-test/target/test-dir/MiniOzoneClusterImpl-44a4a489-765f-4971-8cd5-3df5cbc9600d/datanode-2/data/containers] WARN  fs.CachingGetSpaceUsed (CachingGetSpaceUsed.java:run(183)) - Thread Interrupted waiting to refresh disk information: sleep interrupted
2019-10-25 02:21:17,350 [main] INFO  utils.BackgroundService (BackgroundService.java:shutdown(151)) - Shutting down service BlockDeletingService
2019-10-25 02:21:17,354 [main] INFO  statemachine.DatanodeStateMachine (DatanodeStateMachine.java:stopDaemon(395)) - Ozone container server stopped.
2019-10-25 02:21:17,359 [main] INFO  handler.ContextHandler (ContextHandler.java:doStop(910)) - Stopped o.e.j.w.WebAppContext@75ae4a1f{/,null,UNAVAILABLE}{/hddsDatanode}
2019-10-25 02:21:17,365 [main] INFO  server.AbstractConnector (AbstractConnector.java:doStop(318)) - Stopped ServerConnector@70228253{HTTP/1.1,[http/1.1]}{0.0.0.0:0}
2019-10-25 02:21:17,366 [main] INFO  handler.ContextHandler (ContextHandler.java:doStop(910)) - Stopped o.e.j.s.ServletContextHandler@51c959a4{/static,jar:file:/home/user/.m2/repository/org/apache/hadoop/hadoop-hdds-container-service/0.5.0-SNAPSHOT/hadoop-hdds-container-service-0.5.0-SNAPSHOT.jar!/webapps/static,UNAVAILABLE}
2019-10-25 02:21:17,366 [main] INFO  handler.ContextHandler (ContextHandler.java:doStop(910)) - Stopped o.e.j.s.ServletContextHandler@1229a2b7{/logs,file:///workdir/hadoop-ozone/integration-test/target/log,UNAVAILABLE}
2019-10-25 02:21:20,375 [java.util.concurrent.ThreadPoolExecutor$Worker@1a1b1369[State = -1, empty queue]] WARN  server.GrpcLogAppender (GrpcLogAppender.java:timeoutAppendRequest(209)) - b706312b-118f-4972-9c71-4cc867b58d89@group-DB0659CA759E->25203751-88e7-46c0-b9ea-976de1ff2c7c-GrpcLogAppender: appendEntries Timeout, request=b706312b-118f-4972-9c71-4cc867b58d89->25203751-88e7-46c0-b9ea-976de1ff2c7c#8-t1, previous=(t:1, i:4), leaderCommit=4, initializing? false, entries: size=1, first=(t:1, i:5), STATEMACHINELOGENTRY, client-18E359B5664D, cid=8
2019-10-25 02:21:20,377 [java.util.concurrent.ThreadPoolExecutor$Worker@1a1b1369[State = -1, empty queue]] WARN  server.GrpcLogAppender (GrpcLogAppender.java:timeoutAppendRequest(209)) - b706312b-118f-4972-9c71-4cc867b58d89@group-DB0659CA759E->25203751-88e7-46c0-b9ea-976de1ff2c7c-GrpcLogAppender: appendEntries Timeout, request=b706312b-118f-4972-9c71-4cc867b58d89->25203751-88e7-46c0-b9ea-976de1ff2c7c#9-t1, previous=(t:1, i:5), leaderCommit=4, initializing? false, entries: size=1, first=(t:1, i:6), STATEMACHINELOGENTRY, client-18E359B5664D, cid=9
2019-10-25 02:21:20,387 [java.util.concurrent.ThreadPoolExecutor$Worker@1a1b1369[State = -1, empty queue]] WARN  server.GrpcLogAppender (GrpcLogAppender.java:timeoutAppendRequest(209)) - b706312b-118f-4972-9c71-4cc867b58d89@group-DB0659CA759E->25203751-88e7-46c0-b9ea-976de1ff2c7c-GrpcLogAppender: appendEntries Timeout, request=b706312b-118f-4972-9c71-4cc867b58d89->25203751-88e7-46c0-b9ea-976de1ff2c7c#10-t1, previous=(t:1, i:6), leaderCommit=5, initializing? false, entries: size=1, first=(t:1, i:7), METADATAENTRY(c5)
2019-10-25 02:21:20,389 [java.util.concurrent.ThreadPoolExecutor$Worker@1a1b1369[State = -1, empty queue]] WARN  server.GrpcLogAppender (GrpcLogAppender.java:timeoutAppendRequest(209)) - b706312b-118f-4972-9c71-4cc867b58d89@group-DB0659CA759E->25203751-88e7-46c0-b9ea-976de1ff2c7c-GrpcLogAppender: appendEntries Timeout, request=b706312b-118f-4972-9c71-4cc867b58d89->25203751-88e7-46c0-b9ea-976de1ff2c7c#11-t1, previous=(t:1, i:7), leaderCommit=6, initializing? false, entries: size=1, first=(t:1, i:8), METADATAENTRY(c6)
2019-10-25 02:21:22,892 [java.util.concurrent.ThreadPoolExecutor$Worker@1a1b1369[State = -1, empty queue]] WARN  server.GrpcLogAppender (GrpcLogAppender.java:timeoutAppendRequest(209)) - b706312b-118f-4972-9c71-4cc867b58d89@group-DB0659CA759E->25203751-88e7-46c0-b9ea-976de1ff2c7c-GrpcLogAppender: appendEntries Timeout, request=b706312b-118f-4972-9c71-4cc867b58d89->25203751-88e7-46c0-b9ea-976de1ff2c7c#12-t1, previous=(t:1, i:8), leaderCommit=8, initializing? false, entries: <empty>
2019-10-25 02:21:25,397 [java.util.concurrent.ThreadPoolExecutor$Worker@1a1b1369[State = -1, empty queue]] WARN  server.GrpcLogAppender (GrpcLogAppender.java:timeoutAppendRequest(209)) - b706312b-118f-4972-9c71-4cc867b58d89@group-DB0659CA759E->25203751-88e7-46c0-b9ea-976de1ff2c7c-GrpcLogAppender: appendEntries Timeout, request=b706312b-118f-4972-9c71-4cc867b58d89->25203751-88e7-46c0-b9ea-976de1ff2c7c#13-t1, previous=(t:1, i:8), leaderCommit=8, initializing? false, entries: <empty>
2019-10-25 02:21:26,423 [Thread-285] INFO  client.GrpcClientProtocolService (GrpcClientProtocolService.java:lambda$processClientRequest$0(279)) - Failed RaftClientRequest:client-18E359B5664D->c287e0c1-5401-4ab1-85ea-f9321adc6aaf@group-DB0659CA759E, cid=10, seq=0, Watch-ALL_COMMITTED(6), Message:<EMPTY>, reply=RaftClientReply:client-18E359B5664D->c287e0c1-5401-4ab1-85ea-f9321adc6aaf@group-DB0659CA759E, cid=10, FAILED org.apache.ratis.protocol.NotLeaderException: Server c287e0c1-5401-4ab1-85ea-f9321adc6aaf@group-DB0659CA759E is not the leader b706312b-118f-4972-9c71-4cc867b58d89:192.168.34.46:44531, logIndex=0, commits[c287e0c1-5401-4ab1-85ea-f9321adc6aaf:c8, b706312b-118f-4972-9c71-4cc867b58d89:c8, 25203751-88e7-46c0-b9ea-976de1ff2c7c:c4]
2019-10-25 02:21:27,758 [Thread-289] INFO  client.GrpcClientProtocolService (GrpcClientProtocolService.java:lambda$processClientRequest$0(279)) - Failed RaftClientRequest:client-18E359B5664D->b706312b-118f-4972-9c71-4cc867b58d89@group-DB0659CA759E, cid=10, seq=0, Watch-ALL_COMMITTED(6), Message:<EMPTY>, reply=RaftClientReply:client-18E359B5664D->b706312b-118f-4972-9c71-4cc867b58d89@group-DB0659CA759E, cid=10, FAILED org.apache.ratis.protocol.NotReplicatedException: Request with call Id 10 and log index 6 is not yet replicated to ALL_COMMITTED, logIndex=6, commits[b706312b-118f-4972-9c71-4cc867b58d89:c8, c287e0c1-5401-4ab1-85ea-f9321adc6aaf:c8, 25203751-88e7-46c0-b9ea-976de1ff2c7c:c4]
2019-10-25 02:21:27,898 [java.util.concurrent.ThreadPoolExecutor$Worker@1a1b1369[State = -1, empty queue]] WARN  server.GrpcLogAppender (GrpcLogAppender.java:timeoutAppendRequest(209)) - b706312b-118f-4972-9c71-4cc867b58d89@group-DB0659CA759E->25203751-88e7-46c0-b9ea-976de1ff2c7c-GrpcLogAppender: appendEntries Timeout, request=b706312b-118f-4972-9c71-4cc867b58d89->25203751-88e7-46c0-b9ea-976de1ff2c7c#14-t1, previous=(t:1, i:8), leaderCommit=8, initializing? false, entries: <empty>
2019-10-25 02:21:30,399 [java.util.concurrent.ThreadPoolExecutor$Worker@1a1b1369[State = -1, empty queue]] WARN  server.GrpcLogAppender (GrpcLogAppender.java:timeoutAppendRequest(209)) - b706312b-118f-4972-9c71-4cc867b58d89@group-DB0659CA759E->25203751-88e7-46c0-b9ea-976de1ff2c7c-GrpcLogAppender: appendEntries Timeout, request=b706312b-118f-4972-9c71-4cc867b58d89->25203751-88e7-46c0-b9ea-976de1ff2c7c#15-t1, previous=(t:1, i:8), leaderCommit=8, initializing? false, entries: <empty>
2019-10-25 02:21:32,900 [java.util.concurrent.ThreadPoolExecutor$Worker@1a1b1369[State = -1, empty queue]] WARN  server.GrpcLogAppender (GrpcLogAppender.java:timeoutAppendRequest(209)) - b706312b-118f-4972-9c71-4cc867b58d89@group-DB0659CA759E->25203751-88e7-46c0-b9ea-976de1ff2c7c-GrpcLogAppender: appendEntries Timeout, request=b706312b-118f-4972-9c71-4cc867b58d89->25203751-88e7-46c0-b9ea-976de1ff2c7c#16-t1, previous=(t:1, i:8), leaderCommit=8, initializing? false, entries: <empty>
2019-10-25 02:21:35,401 [java.util.concurrent.ThreadPoolExecutor$Worker@1a1b1369[State = -1, empty queue]] WARN  server.GrpcLogAppender (GrpcLogAppender.java:timeoutAppendRequest(209)) - b706312b-118f-4972-9c71-4cc867b58d89@group-DB0659CA759E->25203751-88e7-46c0-b9ea-976de1ff2c7c-GrpcLogAppender: appendEntries Timeout, request=b706312b-118f-4972-9c71-4cc867b58d89->25203751-88e7-46c0-b9ea-976de1ff2c7c#17-t1, previous=(t:1, i:8), leaderCommit=8, initializing? false, entries: <empty>
2019-10-25 02:21:36,756 [Thread-297] INFO  client.GrpcClientProtocolService (GrpcClientProtocolService.java:lambda$processClientRequest$0(279)) - Failed RaftClientRequest:client-18E359B5664D->b706312b-118f-4972-9c71-4cc867b58d89@group-DB0659CA759E, cid=10, seq=0, Watch-ALL_COMMITTED(6), Message:<EMPTY>, reply=RaftClientReply:client-18E359B5664D->b706312b-118f-4972-9c71-4cc867b58d89@group-DB0659CA759E, cid=10, FAILED org.apache.ratis.protocol.NotReplicatedException: Request with call Id 10 and log index 6 is not yet replicated to ALL_COMMITTED, logIndex=6, commits[b706312b-118f-4972-9c71-4cc867b58d89:c8, c287e0c1-5401-4ab1-85ea-f9321adc6aaf:c8, 25203751-88e7-46c0-b9ea-976de1ff2c7c:c4]
2019-10-25 02:21:37,902 [java.util.concurrent.ThreadPoolExecutor$Worker@1a1b1369[State = -1, empty queue]] WARN  server.GrpcLogAppender (GrpcLogAppender.java:timeoutAppendRequest(209)) - b706312b-118f-4972-9c71-4cc867b58d89@group-DB0659CA759E->25203751-88e7-46c0-b9ea-976de1ff2c7c-GrpcLogAppender: appendEntries Timeout, request=b706312b-118f-4972-9c71-4cc867b58d89->25203751-88e7-46c0-b9ea-976de1ff2c7c#18-t1, previous=(t:1, i:8), leaderCommit=8, initializing? false, entries: <empty>
2019-10-25 02:21:40,404 [java.util.concurrent.ThreadPoolExecutor$Worker@1a1b1369[State = -1, empty queue]] WARN  server.GrpcLogAppender (GrpcLogAppender.java:timeoutAppendRequest(209)) - b706312b-118f-4972-9c71-4cc867b58d89@group-DB0659CA759E->25203751-88e7-46c0-b9ea-976de1ff2c7c-GrpcLogAppender: appendEntries Timeout, request=b706312b-118f-4972-9c71-4cc867b58d89->25203751-88e7-46c0-b9ea-976de1ff2c7c#19-t1, previous=(t:1, i:8), leaderCommit=8, initializing? false, entries: <empty>
2019-10-25 02:21:42,905 [java.util.concurrent.ThreadPoolExecutor$Worker@1a1b1369[State = -1, empty queue]] WARN  server.GrpcLogAppender (GrpcLogAppender.java:timeoutAppendRequest(209)) - b706312b-118f-4972-9c71-4cc867b58d89@group-DB0659CA759E->25203751-88e7-46c0-b9ea-976de1ff2c7c-GrpcLogAppender: appendEntries Timeout, request=b706312b-118f-4972-9c71-4cc867b58d89->25203751-88e7-46c0-b9ea-976de1ff2c7c#20-t1, previous=(t:1, i:8), leaderCommit=8, initializing? false, entries: <empty>
2019-10-25 02:21:45,407 [java.util.concurrent.ThreadPoolExecutor$Worker@1a1b1369[State = -1, empty queue]] WARN  server.GrpcLogAppender (GrpcLogAppender.java:timeoutAppendRequest(209)) - b706312b-118f-4972-9c71-4cc867b58d89@group-DB0659CA759E->25203751-88e7-46c0-b9ea-976de1ff2c7c-GrpcLogAppender: appendEntries Timeout, request=b706312b-118f-4972-9c71-4cc867b58d89->25203751-88e7-46c0-b9ea-976de1ff2c7c#21-t1, previous=(t:1, i:8), leaderCommit=8, initializing? false, entries: <empty>
2019-10-25 02:21:46,756 [Thread-306] INFO  client.GrpcClientProtocolService (GrpcClientProtocolService.java:lambda$processClientRequest$0(279)) - Failed RaftClientRequest:client-18E359B5664D->b706312b-118f-4972-9c71-4cc867b58d89@group-DB0659CA759E, cid=10, seq=0, Watch-ALL_COMMITTED(6), Message:<EMPTY>, reply=RaftClientReply:client-18E359B5664D->b706312b-118f-4972-9c71-4cc867b58d89@group-DB0659CA759E, cid=10, FAILED org.apache.ratis.protocol.NotReplicatedException: Request with call Id 10 and log index 6 is not yet replicated to ALL_COMMITTED, logIndex=6, commits[b706312b-118f-4972-9c71-4cc867b58d89:c8, c287e0c1-5401-4ab1-85ea-f9321adc6aaf:c8, 25203751-88e7-46c0-b9ea-976de1ff2c7c:c4]
2019-10-25 02:21:47,405 [main] WARN  scm.XceiverClientRatis (XceiverClientRatis.java:watchForCommit(277)) - 3 way commit failed on pipeline Pipeline[ Id: 80d03f1e-dc0e-4300-89d1-db0659ca759e, Nodes: 25203751-88e7-46c0-b9ea-976de1ff2c7c{ip: 192.168.34.46, host: pr-hdds-2344-k2wqm-1432304908, networkLocation: /default-rack, certSerialId: null}b706312b-118f-4972-9c71-4cc867b58d89{ip: 192.168.34.46, host: pr-hdds-2344-k2wqm-1432304908, networkLocation: /default-rack, certSerialId: null}c287e0c1-5401-4ab1-85ea-f9321adc6aaf{ip: 192.168.34.46, host: pr-hdds-2344-k2wqm-1432304908, networkLocation: /default-rack, certSerialId: null}, Type:RATIS, Factor:THREE, State:OPEN]
java.util.concurrent.TimeoutException
	at java.util.concurrent.CompletableFuture.timedGet(CompletableFuture.java:1771)
	at java.util.concurrent.CompletableFuture.get(CompletableFuture.java:1915)
	at org.apache.hadoop.hdds.scm.XceiverClientRatis.watchForCommit(XceiverClientRatis.java:274)
	at org.apache.hadoop.hdds.scm.storage.CommitWatcher.watchForCommit(CommitWatcher.java:198)
	at org.apache.hadoop.hdds.scm.storage.CommitWatcher.watchOnLastIndex(CommitWatcher.java:161)
	at org.apache.hadoop.hdds.scm.storage.BlockOutputStream.watchForCommit(BlockOutputStream.java:346)
	at org.apache.hadoop.hdds.scm.storage.BlockOutputStream.handleFlush(BlockOutputStream.java:482)
	at org.apache.hadoop.hdds.scm.storage.BlockOutputStream.close(BlockOutputStream.java:496)
	at org.apache.hadoop.ozone.client.io.BlockOutputStreamEntry.close(BlockOutputStreamEntry.java:143)
	at org.apache.hadoop.ozone.client.io.KeyOutputStream.handleFlushOrClose(KeyOutputStream.java:435)
	at org.apache.hadoop.ozone.client.io.KeyOutputStream.close(KeyOutputStream.java:473)
	at org.apache.hadoop.ozone.client.io.OzoneOutputStream.close(OzoneOutputStream.java:60)
	at org.apache.hadoop.ozone.client.rpc.TestDeleteWithSlowFollower.testDeleteKeyWithSlowFollower(TestDeleteWithSlowFollower.java:193)
	at sun.reflect.NativeMethodAccessorImpl.invoke0(Native Method)
	at sun.reflect.NativeMethodAccessorImpl.invoke(NativeMethodAccessorImpl.java:62)
	at sun.reflect.DelegatingMethodAccessorImpl.invoke(DelegatingMethodAccessorImpl.java:43)
	at java.lang.reflect.Method.invoke(Method.java:498)
	at org.junit.runners.model.FrameworkMethod$1.runReflectiveCall(FrameworkMethod.java:47)
	at org.junit.internal.runners.model.ReflectiveCallable.run(ReflectiveCallable.java:12)
	at org.junit.runners.model.FrameworkMethod.invokeExplosively(FrameworkMethod.java:44)
	at org.junit.internal.runners.statements.InvokeMethod.evaluate(InvokeMethod.java:17)
	at org.junit.runners.ParentRunner.runLeaf(ParentRunner.java:271)
	at org.junit.runners.BlockJUnit4ClassRunner.runChild(BlockJUnit4ClassRunner.java:70)
	at org.junit.runners.BlockJUnit4ClassRunner.runChild(BlockJUnit4ClassRunner.java:50)
	at org.junit.runners.ParentRunner$3.run(ParentRunner.java:238)
	at org.junit.runners.ParentRunner$1.schedule(ParentRunner.java:63)
	at org.junit.runners.ParentRunner.runChildren(ParentRunner.java:236)
	at org.junit.runners.ParentRunner.access$000(ParentRunner.java:53)
	at org.junit.runners.ParentRunner$2.evaluate(ParentRunner.java:229)
	at org.junit.internal.runners.statements.RunBefores.evaluate(RunBefores.java:26)
	at org.junit.internal.runners.statements.RunAfters.evaluate(RunAfters.java:27)
	at org.junit.runners.ParentRunner.run(ParentRunner.java:309)
	at org.apache.maven.surefire.junit4.JUnit4Provider.execute(JUnit4Provider.java:365)
	at org.apache.maven.surefire.junit4.JUnit4Provider.executeWithRerun(JUnit4Provider.java:273)
	at org.apache.maven.surefire.junit4.JUnit4Provider.executeTestSet(JUnit4Provider.java:238)
	at org.apache.maven.surefire.junit4.JUnit4Provider.invoke(JUnit4Provider.java:159)
	at org.apache.maven.surefire.booter.ForkedBooter.invokeProviderInSameClassLoader(ForkedBooter.java:384)
	at org.apache.maven.surefire.booter.ForkedBooter.runSuitesInProcess(ForkedBooter.java:345)
	at org.apache.maven.surefire.booter.ForkedBooter.execute(ForkedBooter.java:126)
	at org.apache.maven.surefire.booter.ForkedBooter.main(ForkedBooter.java:418)
2019-10-25 02:21:47,421 [main] INFO  scm.XceiverClientRatis (XceiverClientRatis.java:lambda$watchForCommit$5(295)) - Could not commit index 6 on pipeline Pipeline[ Id: 80d03f1e-dc0e-4300-89d1-db0659ca759e, Nodes: 25203751-88e7-46c0-b9ea-976de1ff2c7c{ip: 192.168.34.46, host: pr-hdds-2344-k2wqm-1432304908, networkLocation: /default-rack, certSerialId: null}b706312b-118f-4972-9c71-4cc867b58d89{ip: 192.168.34.46, host: pr-hdds-2344-k2wqm-1432304908, networkLocation: /default-rack, certSerialId: null}c287e0c1-5401-4ab1-85ea-f9321adc6aaf{ip: 192.168.34.46, host: pr-hdds-2344-k2wqm-1432304908, networkLocation: /default-rack, certSerialId: null}, Type:RATIS, Factor:THREE, State:OPEN] to all the nodes. Server 25203751-88e7-46c0-b9ea-976de1ff2c7c has failed. Committed by majority.
2019-10-25 02:21:47,422 [main] WARN  storage.BlockOutputStream (BlockOutputStream.java:watchForCommit(352)) - Failed to commit BlockId conID: 1 locID: 103020630344663040 bcsId: 6 on Pipeline[ Id: 80d03f1e-dc0e-4300-89d1-db0659ca759e, Nodes: 25203751-88e7-46c0-b9ea-976de1ff2c7c{ip: 192.168.34.46, host: pr-hdds-2344-k2wqm-1432304908, networkLocation: /default-rack, certSerialId: null}b706312b-118f-4972-9c71-4cc867b58d89{ip: 192.168.34.46, host: pr-hdds-2344-k2wqm-1432304908, networkLocation: /default-rack, certSerialId: null}c287e0c1-5401-4ab1-85ea-f9321adc6aaf{ip: 192.168.34.46, host: pr-hdds-2344-k2wqm-1432304908, networkLocation: /default-rack, certSerialId: null}, Type:RATIS, Factor:THREE, State:OPEN]. Failed nodes: [25203751-88e7-46c0-b9ea-976de1ff2c7c{ip: null, host: null, networkLocation: /default-rack, certSerialId: null}]
2019-10-25 02:21:47,909 [java.util.concurrent.ThreadPoolExecutor$Worker@1a1b1369[State = -1, empty queue]] WARN  server.GrpcLogAppender (GrpcLogAppender.java:timeoutAppendRequest(209)) - b706312b-118f-4972-9c71-4cc867b58d89@group-DB0659CA759E->25203751-88e7-46c0-b9ea-976de1ff2c7c-GrpcLogAppender: appendEntries Timeout, request=b706312b-118f-4972-9c71-4cc867b58d89->25203751-88e7-46c0-b9ea-976de1ff2c7c#22-t1, previous=(t:1, i:8), leaderCommit=8, initializing? false, entries: <empty>
2019-10-25 02:21:48,540 [EventQueue-IncrementalContainerReportForIncrementalContainerReportHandler] WARN  container.IncrementalContainerReportHandler (AbstractContainerReportHandler.java:updateContainerState(145)) - Container #1 is in OPEN state, but the datanode b706312b-118f-4972-9c71-4cc867b58d89{ip: 192.168.34.46, host: pr-hdds-2344-k2wqm-1432304908, networkLocation: /default-rack, certSerialId: null} reports an CLOSING replica.
2019-10-25 02:21:48,550 [RatisApplyTransactionExecutor 1] INFO  interfaces.Container (KeyValueContainer.java:flushAndSyncDB(386)) - Container 1 is synced with bcsId 6.
2019-10-25 02:21:48,550 [RatisApplyTransactionExecutor 1] INFO  interfaces.Container (KeyValueContainer.java:flushAndSyncDB(386)) - Container 1 is synced with bcsId 6.
2019-10-25 02:21:48,564 [RatisApplyTransactionExecutor 1] INFO  interfaces.Container (KeyValueContainer.java:close(335)) - Container 1 is closed with bcsId 6.
2019-10-25 02:21:48,566 [EventQueue-IncrementalContainerReportForIncrementalContainerReportHandler] WARN  container.IncrementalContainerReportHandler (AbstractContainerReportHandler.java:updateContainerState(145)) - Container #1 is in OPEN state, but the datanode b706312b-118f-4972-9c71-4cc867b58d89{ip: 192.168.34.46, host: pr-hdds-2344-k2wqm-1432304908, networkLocation: /default-rack, certSerialId: null} reports an CLOSED replica.
2019-10-25 02:21:48,567 [EventQueue-IncrementalContainerReportForIncrementalContainerReportHandler] WARN  container.IncrementalContainerReportHandler (AbstractContainerReportHandler.java:updateContainerState(145)) - Container #1 is in OPEN state, but the datanode c287e0c1-5401-4ab1-85ea-f9321adc6aaf{ip: 192.168.34.46, host: pr-hdds-2344-k2wqm-1432304908, networkLocation: /default-rack, certSerialId: null} reports an CLOSING replica.
2019-10-25 02:21:48,567 [EventQueue-ContainerReportForContainerReportHandler] WARN  container.ContainerReportHandler (AbstractContainerReportHandler.java:updateContainerState(145)) - Container #1 is in OPEN state, but the datanode c287e0c1-5401-4ab1-85ea-f9321adc6aaf{ip: 192.168.34.46, host: pr-hdds-2344-k2wqm-1432304908, networkLocation: /default-rack, certSerialId: null} reports an CLOSING replica.
2019-10-25 02:21:48,576 [RatisApplyTransactionExecutor 1] INFO  interfaces.Container (KeyValueContainer.java:flushAndSyncDB(386)) - Container 1 is synced with bcsId 6.
2019-10-25 02:21:48,577 [RatisApplyTransactionExecutor 1] INFO  interfaces.Container (KeyValueContainer.java:flushAndSyncDB(386)) - Container 1 is synced with bcsId 6.
2019-10-25 02:21:48,590 [RatisApplyTransactionExecutor 1] INFO  interfaces.Container (KeyValueContainer.java:close(335)) - Container 1 is closed with bcsId 6.
2019-10-25 02:21:48,592 [EventQueue-IncrementalContainerReportForIncrementalContainerReportHandler] WARN  container.IncrementalContainerReportHandler (AbstractContainerReportHandler.java:updateContainerState(145)) - Container #1 is in OPEN state, but the datanode c287e0c1-5401-4ab1-85ea-f9321adc6aaf{ip: 192.168.34.46, host: pr-hdds-2344-k2wqm-1432304908, networkLocation: /default-rack, certSerialId: null} reports an CLOSED replica.
2019-10-25 02:21:48,629 [BlockDeletingService#6] WARN  background.BlockDeletingService (BlockDeletingService.java:isDeletionAllowed(187)) - Close Container log Index 6 is not replicated across allthe servers in the pipeline 80d03f1e-dc0e-4300-89d1-db0659ca759e as the min replicated index is 4. Deletion is not allowed in this container yet.
2019-10-25 02:21:48,630 [BlockDeletingService#2] WARN  background.BlockDeletingService (BlockDeletingService.java:isDeletionAllowed(187)) - Close Container log Index 6 is not replicated across allthe servers in the pipeline 80d03f1e-dc0e-4300-89d1-db0659ca759e as the min replicated index is 4. Deletion is not allowed in this container yet.
2019-10-25 02:21:48,767 [EventQueue-ContainerReportForContainerReportHandler] WARN  container.ContainerReportHandler (AbstractContainerReportHandler.java:updateContainerState(145)) - Container #1 is in OPEN state, but the datanode b706312b-118f-4972-9c71-4cc867b58d89{ip: 192.168.34.46, host: pr-hdds-2344-k2wqm-1432304908, networkLocation: /default-rack, certSerialId: null} reports an CLOSED replica.
2019-10-25 02:21:48,893 [EventQueue-ContainerReportForContainerReportHandler] WARN  container.ContainerReportHandler (AbstractContainerReportHandler.java:updateContainerState(145)) - Container #1 is in OPEN state, but the datanode c287e0c1-5401-4ab1-85ea-f9321adc6aaf{ip: 192.168.34.46, host: pr-hdds-2344-k2wqm-1432304908, networkLocation: /default-rack, certSerialId: null} reports an CLOSED replica.
2019-10-25 02:21:49,068 [EventQueue-ContainerReportForContainerReportHandler] WARN  container.ContainerReportHandler (AbstractContainerReportHandler.java:updateContainerState(145)) - Container #1 is in OPEN state, but the datanode b706312b-118f-4972-9c71-4cc867b58d89{ip: 192.168.34.46, host: pr-hdds-2344-k2wqm-1432304908, networkLocation: /default-rack, certSerialId: null} reports an CLOSED replica.
2019-10-25 02:21:49,195 [EventQueue-ContainerReportForContainerReportHandler] WARN  container.ContainerReportHandler (AbstractContainerReportHandler.java:updateContainerState(145)) - Container #1 is in OPEN state, but the datanode c287e0c1-5401-4ab1-85ea-f9321adc6aaf{ip: 192.168.34.46, host: pr-hdds-2344-k2wqm-1432304908, networkLocation: /default-rack, certSerialId: null} reports an CLOSED replica.
2019-10-25 02:21:49,368 [EventQueue-ContainerReportForContainerReportHandler] WARN  container.ContainerReportHandler (AbstractContainerReportHandler.java:updateContainerState(145)) - Container #1 is in OPEN state, but the datanode b706312b-118f-4972-9c71-4cc867b58d89{ip: 192.168.34.46, host: pr-hdds-2344-k2wqm-1432304908, networkLocation: /default-rack, certSerialId: null} reports an CLOSED replica.
2019-10-25 02:21:49,396 [EventQueue-ContainerReportForContainerReportHandler] WARN  container.ContainerReportHandler (AbstractContainerReportHandler.java:updateContainerState(145)) - Container #1 is in OPEN state, but the datanode c287e0c1-5401-4ab1-85ea-f9321adc6aaf{ip: 192.168.34.46, host: pr-hdds-2344-k2wqm-1432304908, networkLocation: /default-rack, certSerialId: null} reports an CLOSED replica.
2019-10-25 02:21:49,500 [IPC Server handler 0 on 34383] INFO  server.SCMBlockProtocolServer (SCMBlockProtocolServer.java:deleteKeyBlocks(214)) - SCM is informed by OM to delete 1 blocks
2019-10-25 02:21:49,500 [IPC Server handler 0 on 34383] INFO  block.BlockManagerImpl (BlockManagerImpl.java:deleteBlocks(285)) - Deleting blocks conID: 1 locID: 103020630344663040 bcsId: 0
2019-10-25 02:21:49,630 [BlockDeletingService#6] WARN  background.BlockDeletingService (BlockDeletingService.java:isDeletionAllowed(187)) - Close Container log Index 6 is not replicated across allthe servers in the pipeline 80d03f1e-dc0e-4300-89d1-db0659ca759e as the min replicated index is 4. Deletion is not allowed in this container yet.
2019-10-25 02:21:49,632 [BlockDeletingService#2] WARN  background.BlockDeletingService (BlockDeletingService.java:isDeletionAllowed(187)) - Close Container log Index 6 is not replicated across allthe servers in the pipeline 80d03f1e-dc0e-4300-89d1-db0659ca759e as the min replicated index is 4. Deletion is not allowed in this container yet.
2019-10-25 02:21:49,696 [EventQueue-ContainerReportForContainerReportHandler] WARN  container.ContainerReportHandler (AbstractContainerReportHandler.java:updateContainerState(145)) - Container #1 is in OPEN state, but the datanode c287e0c1-5401-4ab1-85ea-f9321adc6aaf{ip: 192.168.34.46, host: pr-hdds-2344-k2wqm-1432304908, networkLocation: /default-rack, certSerialId: null} reports an CLOSED replica.
2019-10-25 02:21:49,768 [EventQueue-ContainerReportForContainerReportHandler] WARN  container.ContainerReportHandler (AbstractContainerReportHandler.java:updateContainerState(145)) - Container #1 is in OPEN state, but the datanode b706312b-118f-4972-9c71-4cc867b58d89{ip: 192.168.34.46, host: pr-hdds-2344-k2wqm-1432304908, networkLocation: /default-rack, certSerialId: null} reports an CLOSED replica.
2019-10-25 02:21:49,968 [EventQueue-ContainerReportForContainerReportHandler] WARN  container.ContainerReportHandler (AbstractContainerReportHandler.java:updateContainerState(145)) - Container #1 is in OPEN state, but the datanode b706312b-118f-4972-9c71-4cc867b58d89{ip: 192.168.34.46, host: pr-hdds-2344-k2wqm-1432304908, networkLocation: /default-rack, certSerialId: null} reports an CLOSED replica.
2019-10-25 02:21:50,096 [EventQueue-ContainerReportForContainerReportHandler] WARN  container.ContainerReportHandler (AbstractContainerReportHandler.java:updateContainerState(145)) - Container #1 is in OPEN state, but the datanode c287e0c1-5401-4ab1-85ea-f9321adc6aaf{ip: 192.168.34.46, host: pr-hdds-2344-k2wqm-1432304908, networkLocation: /default-rack, certSerialId: null} reports an CLOSED replica.
2019-10-25 02:21:50,367 [EventQueue-ContainerReportForContainerReportHandler] WARN  container.ContainerReportHandler (AbstractContainerReportHandler.java:updateContainerState(145)) - Container #1 is in OPEN state, but the datanode b706312b-118f-4972-9c71-4cc867b58d89{ip: 192.168.34.46, host: pr-hdds-2344-k2wqm-1432304908, networkLocation: /default-rack, certSerialId: null} reports an CLOSED replica.
2019-10-25 02:21:50,396 [EventQueue-ContainerReportForContainerReportHandler] WARN  container.ContainerReportHandler (AbstractContainerReportHandler.java:updateContainerState(145)) - Container #1 is in OPEN state, but the datanode c287e0c1-5401-4ab1-85ea-f9321adc6aaf{ip: 192.168.34.46, host: pr-hdds-2344-k2wqm-1432304908, networkLocation: /default-rack, certSerialId: null} reports an CLOSED replica.
2019-10-25 02:21:50,412 [java.util.concurrent.ThreadPoolExecutor$Worker@1a1b1369[State = -1, empty queue]] WARN  server.GrpcLogAppender (GrpcLogAppender.java:timeoutAppendRequest(209)) - b706312b-118f-4972-9c71-4cc867b58d89@group-DB0659CA759E->25203751-88e7-46c0-b9ea-976de1ff2c7c-GrpcLogAppender: appendEntries Timeout, request=b706312b-118f-4972-9c71-4cc867b58d89->25203751-88e7-46c0-b9ea-976de1ff2c7c#23-t1, previous=(t:1, i:8), leaderCommit=8, initializing? false, entries: <empty>
2019-10-25 02:21:50,632 [BlockDeletingService#6] WARN  background.BlockDeletingService (BlockDeletingService.java:isDeletionAllowed(187)) - Close Container log Index 6 is not replicated across allthe servers in the pipeline 80d03f1e-dc0e-4300-89d1-db0659ca759e as the min replicated index is 4. Deletion is not allowed in this container yet.
2019-10-25 02:21:50,634 [BlockDeletingService#2] WARN  background.BlockDeletingService (BlockDeletingService.java:isDeletionAllowed(187)) - Close Container log Index 6 is not replicated across allthe servers in the pipeline 80d03f1e-dc0e-4300-89d1-db0659ca759e as the min replicated index is 4. Deletion is not allowed in this container yet.
2019-10-25 02:21:50,667 [EventQueue-ContainerReportForContainerReportHandler] WARN  container.ContainerReportHandler (AbstractContainerReportHandler.java:updateContainerState(145)) - Container #1 is in OPEN state, but the datanode b706312b-118f-4972-9c71-4cc867b58d89{ip: 192.168.34.46, host: pr-hdds-2344-k2wqm-1432304908, networkLocation: /default-rack, certSerialId: null} reports an CLOSED replica.
2019-10-25 02:21:50,797 [EventQueue-ContainerReportForContainerReportHandler] WARN  container.ContainerReportHandler (AbstractContainerReportHandler.java:updateContainerState(145)) - Container #1 is in OPEN state, but the datanode c287e0c1-5401-4ab1-85ea-f9321adc6aaf{ip: 192.168.34.46, host: pr-hdds-2344-k2wqm-1432304908, networkLocation: /default-rack, certSerialId: null} reports an CLOSED replica.
2019-10-25 02:21:50,968 [EventQueue-ContainerReportForContainerReportHandler] WARN  container.ContainerReportHandler (AbstractContainerReportHandler.java:updateContainerState(145)) - Container #1 is in OPEN state, but the datanode b706312b-118f-4972-9c71-4cc867b58d89{ip: 192.168.34.46, host: pr-hdds-2344-k2wqm-1432304908, networkLocation: /default-rack, certSerialId: null} reports an CLOSED replica.
2019-10-25 02:21:50,997 [EventQueue-ContainerReportForContainerReportHandler] WARN  container.ContainerReportHandler (AbstractContainerReportHandler.java:updateContainerState(145)) - Container #1 is in OPEN state, but the datanode c287e0c1-5401-4ab1-85ea-f9321adc6aaf{ip: 192.168.34.46, host: pr-hdds-2344-k2wqm-1432304908, networkLocation: /default-rack, certSerialId: null} reports an CLOSED replica.
2019-10-25 02:21:51,167 [EventQueue-ContainerReportForContainerReportHandler] WARN  container.ContainerReportHandler (AbstractContainerReportHandler.java:updateContainerState(145)) - Container #1 is in OPEN state, but the datanode b706312b-118f-4972-9c71-4cc867b58d89{ip: 192.168.34.46, host: pr-hdds-2344-k2wqm-1432304908, networkLocation: /default-rack, certSerialId: null} reports an CLOSED replica.
2019-10-25 02:21:51,298 [EventQueue-ContainerReportForContainerReportHandler] WARN  container.ContainerReportHandler (AbstractContainerReportHandler.java:updateContainerState(145)) - Container #1 is in OPEN state, but the datanode c287e0c1-5401-4ab1-85ea-f9321adc6aaf{ip: 192.168.34.46, host: pr-hdds-2344-k2wqm-1432304908, networkLocation: /default-rack, certSerialId: null} reports an CLOSED replica.
2019-10-25 02:21:51,511 [java.util.concurrent.ThreadPoolExecutor$Worker@1a1b1369[State = -1, empty queue]] WARN  server.GrpcLogAppender (GrpcLogAppender.java:timeoutAppendRequest(209)) - b706312b-118f-4972-9c71-4cc867b58d89@group-DB0659CA759E->25203751-88e7-46c0-b9ea-976de1ff2c7c-GrpcLogAppender: appendEntries Timeout, request=b706312b-118f-4972-9c71-4cc867b58d89->25203751-88e7-46c0-b9ea-976de1ff2c7c#24-t1, previous=(t:1, i:8), leaderCommit=8, initializing? false, entries: size=1, first=(t:1, i:9), STATEMACHINELOGENTRY, client-CB32DB743870, cid=12
2019-10-25 02:21:51,526 [java.util.concurrent.ThreadPoolExecutor$Worker@1a1b1369[State = -1, empty queue]] WARN  server.GrpcLogAppender (GrpcLogAppender.java:timeoutAppendRequest(209)) - b706312b-118f-4972-9c71-4cc867b58d89@group-DB0659CA759E->25203751-88e7-46c0-b9ea-976de1ff2c7c-GrpcLogAppender: appendEntries Timeout, request=b706312b-118f-4972-9c71-4cc867b58d89->25203751-88e7-46c0-b9ea-976de1ff2c7c#25-t1, previous=(t:1, i:9), leaderCommit=9, initializing? false, entries: size=1, first=(t:1, i:10), METADATAENTRY(c9)
2019-10-25 02:21:51,568 [EventQueue-ContainerReportForContainerReportHandler] WARN  container.ContainerReportHandler (AbstractContainerReportHandler.java:updateContainerState(145)) - Container #1 is in OPEN state, but the datanode b706312b-118f-4972-9c71-4cc867b58d89{ip: 192.168.34.46, host: pr-hdds-2344-k2wqm-1432304908, networkLocation: /default-rack, certSerialId: null} reports an CLOSED replica.
2019-10-25 02:21:51,598 [EventQueue-ContainerReportForContainerReportHandler] WARN  container.ContainerReportHandler (AbstractContainerReportHandler.java:updateContainerState(145)) - Container #1 is in OPEN state, but the datanode c287e0c1-5401-4ab1-85ea-f9321adc6aaf{ip: 192.168.34.46, host: pr-hdds-2344-k2wqm-1432304908, networkLocation: /default-rack, certSerialId: null} reports an CLOSED replica.
2019-10-25 02:21:51,633 [BlockDeletingService#6] WARN  background.BlockDeletingService (BlockDeletingService.java:isDeletionAllowed(187)) - Close Container log Index 6 is not replicated across allthe servers in the pipeline 80d03f1e-dc0e-4300-89d1-db0659ca759e as the min replicated index is 4. Deletion is not allowed in this container yet.
2019-10-25 02:21:51,635 [BlockDeletingService#2] WARN  background.BlockDeletingService (BlockDeletingService.java:isDeletionAllowed(187)) - Close Container log Index 6 is not replicated across allthe servers in the pipeline 80d03f1e-dc0e-4300-89d1-db0659ca759e as the min replicated index is 4. Deletion is not allowed in this container yet.
2019-10-25 02:21:51,799 [EventQueue-ContainerReportForContainerReportHandler] WARN  container.ContainerReportHandler (AbstractContainerReportHandler.java:updateContainerState(145)) - Container #1 is in OPEN state, but the datanode c287e0c1-5401-4ab1-85ea-f9321adc6aaf{ip: 192.168.34.46, host: pr-hdds-2344-k2wqm-1432304908, networkLocation: /default-rack, certSerialId: null} reports an CLOSED replica.
2019-10-25 02:21:51,869 [EventQueue-ContainerReportForContainerReportHandler] WARN  container.ContainerReportHandler (AbstractContainerReportHandler.java:updateContainerState(145)) - Container #1 is in OPEN state, but the datanode b706312b-118f-4972-9c71-4cc867b58d89{ip: 192.168.34.46, host: pr-hdds-2344-k2wqm-1432304908, networkLocation: /default-rack, certSerialId: null} reports an CLOSED replica.
2019-10-25 02:21:52,198 [EventQueue-ContainerReportForContainerReportHandler] WARN  container.ContainerReportHandler (AbstractContainerReportHandler.java:updateContainerState(145)) - Container #1 is in OPEN state, but the datanode c287e0c1-5401-4ab1-85ea-f9321adc6aaf{ip: 192.168.34.46, host: pr-hdds-2344-k2wqm-1432304908, networkLocation: /default-rack, certSerialId: null} reports an CLOSED replica.
2019-10-25 02:21:52,272 [EventQueue-ContainerReportForContainerReportHandler] WARN  container.ContainerReportHandler (AbstractContainerReportHandler.java:updateContainerState(145)) - Container #1 is in OPEN state, but the datanode b706312b-118f-4972-9c71-4cc867b58d89{ip: 192.168.34.46, host: pr-hdds-2344-k2wqm-1432304908, networkLocation: /default-rack, certSerialId: null} reports an CLOSED replica.
2019-10-25 02:21:52,398 [EventQueue-ContainerReportForContainerReportHandler] WARN  container.ContainerReportHandler (AbstractContainerReportHandler.java:updateContainerState(145)) - Container #1 is in OPEN state, but the datanode c287e0c1-5401-4ab1-85ea-f9321adc6aaf{ip: 192.168.34.46, host: pr-hdds-2344-k2wqm-1432304908, networkLocation: /default-rack, certSerialId: null} reports an CLOSED replica.
2019-10-25 02:21:52,572 [EventQueue-ContainerReportForContainerReportHandler] WARN  container.ContainerReportHandler (AbstractContainerReportHandler.java:updateContainerState(145)) - Container #1 is in OPEN state, but the datanode b706312b-118f-4972-9c71-4cc867b58d89{ip: 192.168.34.46, host: pr-hdds-2344-k2wqm-1432304908, networkLocation: /default-rack, certSerialId: null} reports an CLOSED replica.
2019-10-25 02:21:52,637 [BlockDeletingService#6] WARN  background.BlockDeletingService (BlockDeletingService.java:isDeletionAllowed(187)) - Close Container log Index 6 is not replicated across allthe servers in the pipeline 80d03f1e-dc0e-4300-89d1-db0659ca759e as the min replicated index is 4. Deletion is not allowed in this container yet.
2019-10-25 02:21:52,637 [BlockDeletingService#2] WARN  background.BlockDeletingService (BlockDeletingService.java:isDeletionAllowed(187)) - Close Container log Index 6 is not replicated across allthe servers in the pipeline 80d03f1e-dc0e-4300-89d1-db0659ca759e as the min replicated index is 4. Deletion is not allowed in this container yet.
2019-10-25 02:21:52,698 [EventQueue-ContainerReportForContainerReportHandler] WARN  container.ContainerReportHandler (AbstractContainerReportHandler.java:updateContainerState(145)) - Container #1 is in OPEN state, but the datanode c287e0c1-5401-4ab1-85ea-f9321adc6aaf{ip: 192.168.34.46, host: pr-hdds-2344-k2wqm-1432304908, networkLocation: /default-rack, certSerialId: null} reports an CLOSED replica.
2019-10-25 02:21:52,972 [EventQueue-ContainerReportForContainerReportHandler] WARN  container.ContainerReportHandler (AbstractContainerReportHandler.java:updateContainerState(145)) - Container #1 is in OPEN state, but the datanode b706312b-118f-4972-9c71-4cc867b58d89{ip: 192.168.34.46, host: pr-hdds-2344-k2wqm-1432304908, networkLocation: /default-rack, certSerialId: null} reports an CLOSED replica.
2019-10-25 02:21:52,998 [EventQueue-ContainerReportForContainerReportHandler] WARN  container.ContainerReportHandler (AbstractContainerReportHandler.java:updateContainerState(145)) - Container #1 is in OPEN state, but the datanode c287e0c1-5401-4ab1-85ea-f9321adc6aaf{ip: 192.168.34.46, host: pr-hdds-2344-k2wqm-1432304908, networkLocation: /default-rack, certSerialId: null} reports an CLOSED replica.
2019-10-25 02:21:53,171 [EventQueue-ContainerReportForContainerReportHandler] WARN  container.ContainerReportHandler (AbstractContainerReportHandler.java:updateContainerState(145)) - Container #1 is in OPEN state, but the datanode b706312b-118f-4972-9c71-4cc867b58d89{ip: 192.168.34.46, host: pr-hdds-2344-k2wqm-1432304908, networkLocation: /default-rack, certSerialId: null} reports an CLOSED replica.
2019-10-25 02:21:53,298 [EventQueue-ContainerReportForContainerReportHandler] WARN  container.ContainerReportHandler (AbstractContainerReportHandler.java:updateContainerState(145)) - Container #1 is in OPEN state, but the datanode c287e0c1-5401-4ab1-85ea-f9321adc6aaf{ip: 192.168.34.46, host: pr-hdds-2344-k2wqm-1432304908, networkLocation: /default-rack, certSerialId: null} reports an CLOSED replica.
2019-10-25 02:21:53,472 [EventQueue-ContainerReportForContainerReportHandler] WARN  container.ContainerReportHandler (AbstractContainerReportHandler.java:updateContainerState(145)) - Container #1 is in OPEN state, but the datanode b706312b-118f-4972-9c71-4cc867b58d89{ip: 192.168.34.46, host: pr-hdds-2344-k2wqm-1432304908, networkLocation: /default-rack, certSerialId: null} reports an CLOSED replica.
2019-10-25 02:21:53,498 [EventQueue-ContainerReportForContainerReportHandler] WARN  container.ContainerReportHandler (AbstractContainerReportHandler.java:updateContainerState(145)) - Container #1 is in OPEN state, but the datanode c287e0c1-5401-4ab1-85ea-f9321adc6aaf{ip: 192.168.34.46, host: pr-hdds-2344-k2wqm-1432304908, networkLocation: /default-rack, certSerialId: null} reports an CLOSED replica.
2019-10-25 02:21:53,640 [BlockDeletingService#2] WARN  background.BlockDeletingService (BlockDeletingService.java:isDeletionAllowed(187)) - Close Container log Index 6 is not replicated across allthe servers in the pipeline 80d03f1e-dc0e-4300-89d1-db0659ca759e as the min replicated index is 4. Deletion is not allowed in this container yet.
2019-10-25 02:21:53,640 [BlockDeletingService#6] WARN  background.BlockDeletingService (BlockDeletingService.java:isDeletionAllowed(187)) - Close Container log Index 6 is not replicated across allthe servers in the pipeline 80d03f1e-dc0e-4300-89d1-db0659ca759e as the min replicated index is 4. Deletion is not allowed in this container yet.
2019-10-25 02:21:53,772 [EventQueue-ContainerReportForContainerReportHandler] WARN  container.ContainerReportHandler (AbstractContainerReportHandler.java:updateContainerState(145)) - Container #1 is in OPEN state, but the datanode b706312b-118f-4972-9c71-4cc867b58d89{ip: 192.168.34.46, host: pr-hdds-2344-k2wqm-1432304908, networkLocation: /default-rack, certSerialId: null} reports an CLOSED replica.
2019-10-25 02:21:53,798 [EventQueue-ContainerReportForContainerReportHandler] WARN  container.ContainerReportHandler (AbstractContainerReportHandler.java:updateContainerState(145)) - Container #1 is in OPEN state, but the datanode c287e0c1-5401-4ab1-85ea-f9321adc6aaf{ip: 192.168.34.46, host: pr-hdds-2344-k2wqm-1432304908, networkLocation: /default-rack, certSerialId: null} reports an CLOSED replica.
2019-10-25 02:21:54,000 [EventQueue-ContainerReportForContainerReportHandler] WARN  container.ContainerReportHandler (AbstractContainerReportHandler.java:updateContainerState(145)) - Container #1 is in OPEN state, but the datanode c287e0c1-5401-4ab1-85ea-f9321adc6aaf{ip: 192.168.34.46, host: pr-hdds-2344-k2wqm-1432304908, networkLocation: /default-rack, certSerialId: null} reports an CLOSED replica.
2019-10-25 02:21:54,027 [java.util.concurrent.ThreadPoolExecutor$Worker@1a1b1369[State = -1, empty queue]] WARN  server.GrpcLogAppender (GrpcLogAppender.java:timeoutAppendRequest(209)) - b706312b-118f-4972-9c71-4cc867b58d89@group-DB0659CA759E->25203751-88e7-46c0-b9ea-976de1ff2c7c-GrpcLogAppender: appendEntries Timeout, request=b706312b-118f-4972-9c71-4cc867b58d89->25203751-88e7-46c0-b9ea-976de1ff2c7c#26-t1, previous=(t:1, i:10), leaderCommit=10, initializing? false, entries: <empty>
2019-10-25 02:21:54,172 [EventQueue-ContainerReportForContainerReportHandler] WARN  container.ContainerReportHandler (AbstractContainerReportHandler.java:updateContainerState(145)) - Container #1 is in OPEN state, but the datanode b706312b-118f-4972-9c71-4cc867b58d89{ip: 192.168.34.46, host: pr-hdds-2344-k2wqm-1432304908, networkLocation: /default-rack, certSerialId: null} reports an CLOSED replica.
2019-10-25 02:21:54,400 [EventQueue-ContainerReportForContainerReportHandler] WARN  container.ContainerReportHandler (AbstractContainerReportHandler.java:updateContainerState(145)) - Container #1 is in OPEN state, but the datanode c287e0c1-5401-4ab1-85ea-f9321adc6aaf{ip: 192.168.34.46, host: pr-hdds-2344-k2wqm-1432304908, networkLocation: /default-rack, certSerialId: null} reports an CLOSED replica.
2019-10-25 02:21:54,572 [EventQueue-ContainerReportForContainerReportHandler] WARN  container.ContainerReportHandler (AbstractContainerReportHandler.java:updateContainerState(145)) - Container #1 is in OPEN state, but the datanode b706312b-118f-4972-9c71-4cc867b58d89{ip: 192.168.34.46, host: pr-hdds-2344-k2wqm-1432304908, networkLocation: /default-rack, certSerialId: null} reports an CLOSED replica.
2019-10-25 02:21:54,643 [BlockDeletingService#2] WARN  background.BlockDeletingService (BlockDeletingService.java:isDeletionAllowed(187)) - Close Container log Index 6 is not replicated across allthe servers in the pipeline 80d03f1e-dc0e-4300-89d1-db0659ca759e as the min replicated index is 4. Deletion is not allowed in this container yet.
2019-10-25 02:21:54,643 [BlockDeletingService#6] WARN  background.BlockDeletingService (BlockDeletingService.java:isDeletionAllowed(187)) - Close Container log Index 6 is not replicated across allthe servers in the pipeline 80d03f1e-dc0e-4300-89d1-db0659ca759e as the min replicated index is 4. Deletion is not allowed in this container yet.
2019-10-25 02:21:54,699 [EventQueue-ContainerReportForContainerReportHandler] WARN  container.ContainerReportHandler (AbstractContainerReportHandler.java:updateContainerState(145)) - Container #1 is in OPEN state, but the datanode c287e0c1-5401-4ab1-85ea-f9321adc6aaf{ip: 192.168.34.46, host: pr-hdds-2344-k2wqm-1432304908, networkLocation: /default-rack, certSerialId: null} reports an CLOSED replica.
2019-10-25 02:21:54,772 [EventQueue-ContainerReportForContainerReportHandler] WARN  container.ContainerReportHandler (AbstractContainerReportHandler.java:updateContainerState(145)) - Container #1 is in OPEN state, but the datanode b706312b-118f-4972-9c71-4cc867b58d89{ip: 192.168.34.46, host: pr-hdds-2344-k2wqm-1432304908, networkLocation: /default-rack, certSerialId: null} reports an CLOSED replica.
2019-10-25 02:21:54,899 [EventQueue-ContainerReportForContainerReportHandler] WARN  container.ContainerReportHandler (AbstractContainerReportHandler.java:updateContainerState(145)) - Container #1 is in OPEN state, but the datanode c287e0c1-5401-4ab1-85ea-f9321adc6aaf{ip: 192.168.34.46, host: pr-hdds-2344-k2wqm-1432304908, networkLocation: /default-rack, certSerialId: null} reports an CLOSED replica.
2019-10-25 02:21:55,173 [EventQueue-ContainerReportForContainerReportHandler] WARN  container.ContainerReportHandler (AbstractContainerReportHandler.java:updateContainerState(145)) - Container #1 is in OPEN state, but the datanode b706312b-118f-4972-9c71-4cc867b58d89{ip: 192.168.34.46, host: pr-hdds-2344-k2wqm-1432304908, networkLocation: /default-rack, certSerialId: null} reports an CLOSED replica.
2019-10-25 02:21:55,301 [EventQueue-ContainerReportForContainerReportHandler] WARN  container.ContainerReportHandler (AbstractContainerReportHandler.java:updateContainerState(145)) - Container #1 is in OPEN state, but the datanode c287e0c1-5401-4ab1-85ea-f9321adc6aaf{ip: 192.168.34.46, host: pr-hdds-2344-k2wqm-1432304908, networkLocation: /default-rack, certSerialId: null} reports an CLOSED replica.
2019-10-25 02:21:55,573 [EventQueue-ContainerReportForContainerReportHandler] WARN  container.ContainerReportHandler (AbstractContainerReportHandler.java:updateContainerState(145)) - Container #1 is in OPEN state, but the datanode b706312b-118f-4972-9c71-4cc867b58d89{ip: 192.168.34.46, host: pr-hdds-2344-k2wqm-1432304908, networkLocation: /default-rack, certSerialId: null} reports an CLOSED replica.
2019-10-25 02:21:55,601 [EventQueue-ContainerReportForContainerReportHandler] WARN  container.ContainerReportHandler (AbstractContainerReportHandler.java:updateContainerState(145)) - Container #1 is in OPEN state, but the datanode c287e0c1-5401-4ab1-85ea-f9321adc6aaf{ip: 192.168.34.46, host: pr-hdds-2344-k2wqm-1432304908, networkLocation: /default-rack, certSerialId: null} reports an CLOSED replica.
2019-10-25 02:21:55,645 [BlockDeletingService#2] WARN  background.BlockDeletingService (BlockDeletingService.java:isDeletionAllowed(187)) - Close Container log Index 6 is not replicated across allthe servers in the pipeline 80d03f1e-dc0e-4300-89d1-db0659ca759e as the min replicated index is 4. Deletion is not allowed in this container yet.
2019-10-25 02:21:55,645 [BlockDeletingService#6] WARN  background.BlockDeletingService (BlockDeletingService.java:isDeletionAllowed(187)) - Close Container log Index 6 is not replicated across allthe servers in the pipeline 80d03f1e-dc0e-4300-89d1-db0659ca759e as the min replicated index is 4. Deletion is not allowed in this container yet.
2019-10-25 02:21:55,872 [EventQueue-ContainerReportForContainerReportHandler] WARN  container.ContainerReportHandler (AbstractContainerReportHandler.java:updateContainerState(145)) - Container #1 is in OPEN state, but the datanode b706312b-118f-4972-9c71-4cc867b58d89{ip: 192.168.34.46, host: pr-hdds-2344-k2wqm-1432304908, networkLocation: /default-rack, certSerialId: null} reports an CLOSED replica.
2019-10-25 02:21:56,001 [EventQueue-ContainerReportForContainerReportHandler] WARN  container.ContainerReportHandler (AbstractContainerReportHandler.java:updateContainerState(145)) - Container #1 is in OPEN state, but the datanode c287e0c1-5401-4ab1-85ea-f9321adc6aaf{ip: 192.168.34.46, host: pr-hdds-2344-k2wqm-1432304908, networkLocation: /default-rack, certSerialId: null} reports an CLOSED replica.
2019-10-25 02:21:56,174 [EventQueue-ContainerReportForContainerReportHandler] WARN  container.ContainerReportHandler (AbstractContainerReportHandler.java:updateContainerState(145)) - Container #1 is in OPEN state, but the datanode b706312b-118f-4972-9c71-4cc867b58d89{ip: 192.168.34.46, host: pr-hdds-2344-k2wqm-1432304908, networkLocation: /default-rack, certSerialId: null} reports an CLOSED replica.
2019-10-25 02:21:56,402 [EventQueue-ContainerReportForContainerReportHandler] WARN  container.ContainerReportHandler (AbstractContainerReportHandler.java:updateContainerState(145)) - Container #1 is in OPEN state, but the datanode c287e0c1-5401-4ab1-85ea-f9321adc6aaf{ip: 192.168.34.46, host: pr-hdds-2344-k2wqm-1432304908, networkLocation: /default-rack, certSerialId: null} reports an CLOSED replica.
2019-10-25 02:21:56,531 [java.util.concurrent.ThreadPoolExecutor$Worker@1a1b1369[State = -1, empty queue]] WARN  server.GrpcLogAppender (GrpcLogAppender.java:timeoutAppendRequest(209)) - b706312b-118f-4972-9c71-4cc867b58d89@group-DB0659CA759E->25203751-88e7-46c0-b9ea-976de1ff2c7c-GrpcLogAppender: appendEntries Timeout, request=b706312b-118f-4972-9c71-4cc867b58d89->25203751-88e7-46c0-b9ea-976de1ff2c7c#27-t1, previous=(t:1, i:10), leaderCommit=10, initializing? false, entries: <empty>
2019-10-25 02:21:56,536 [Thread-343] INFO  client.GrpcClientProtocolService (GrpcClientProtocolService.java:lambda$processClientRequest$0(279)) - Failed RaftClientRequest:client-18E359B5664D->c287e0c1-5401-4ab1-85ea-f9321adc6aaf@group-DB0659CA759E, cid=10, seq=0, Watch-ALL_COMMITTED(6), Message:<EMPTY>, reply=RaftClientReply:client-18E359B5664D->c287e0c1-5401-4ab1-85ea-f9321adc6aaf@group-DB0659CA759E, cid=10, FAILED org.apache.ratis.protocol.NotLeaderException: Server c287e0c1-5401-4ab1-85ea-f9321adc6aaf@group-DB0659CA759E is not the leader b706312b-118f-4972-9c71-4cc867b58d89:192.168.34.46:44531, logIndex=0, commits[c287e0c1-5401-4ab1-85ea-f9321adc6aaf:c10, b706312b-118f-4972-9c71-4cc867b58d89:c10, 25203751-88e7-46c0-b9ea-976de1ff2c7c:c4]
2019-10-25 02:21:56,574 [EventQueue-ContainerReportForContainerReportHandler] WARN  container.ContainerReportHandler (AbstractContainerReportHandler.java:updateContainerState(145)) - Container #1 is in OPEN state, but the datanode b706312b-118f-4972-9c71-4cc867b58d89{ip: 192.168.34.46, host: pr-hdds-2344-k2wqm-1432304908, networkLocation: /default-rack, certSerialId: null} reports an CLOSED replica.
2019-10-25 02:21:56,602 [EventQueue-ContainerReportForContainerReportHandler] WARN  container.ContainerReportHandler (AbstractContainerReportHandler.java:updateContainerState(145)) - Container #1 is in OPEN state, but the datanode c287e0c1-5401-4ab1-85ea-f9321adc6aaf{ip: 192.168.34.46, host: pr-hdds-2344-k2wqm-1432304908, networkLocation: /default-rack, certSerialId: null} reports an CLOSED replica.
2019-10-25 02:21:56,647 [BlockDeletingService#6] WARN  background.BlockDeletingService (BlockDeletingService.java:isDeletionAllowed(187)) - Close Container log Index 6 is not replicated across allthe servers in the pipeline 80d03f1e-dc0e-4300-89d1-db0659ca759e as the min replicated index is 4. Deletion is not allowed in this container yet.
2019-10-25 02:21:56,647 [BlockDeletingService#2] WARN  background.BlockDeletingService (BlockDeletingService.java:isDeletionAllowed(187)) - Close Container log Index 6 is not replicated across allthe servers in the pipeline 80d03f1e-dc0e-4300-89d1-db0659ca759e as the min replicated index is 4. Deletion is not allowed in this container yet.
2019-10-25 02:21:56,755 [Thread-348] INFO  client.GrpcClientProtocolService (GrpcClientProtocolService.java:lambda$processClientRequest$0(279)) - Failed RaftClientRequest:client-18E359B5664D->b706312b-118f-4972-9c71-4cc867b58d89@group-DB0659CA759E, cid=10, seq=0, Watch-ALL_COMMITTED(6), Message:<EMPTY>, reply=RaftClientReply:client-18E359B5664D->b706312b-118f-4972-9c71-4cc867b58d89@group-DB0659CA759E, cid=10, FAILED org.apache.ratis.protocol.NotReplicatedException: Request with call Id 10 and log index 6 is not yet replicated to ALL_COMMITTED, logIndex=6, commits[b706312b-118f-4972-9c71-4cc867b58d89:c10, c287e0c1-5401-4ab1-85ea-f9321adc6aaf:c10, 25203751-88e7-46c0-b9ea-976de1ff2c7c:c4]
2019-10-25 02:21:56,901 [EventQueue-ContainerReportForContainerReportHandler] WARN  container.ContainerReportHandler (AbstractContainerReportHandler.java:updateContainerState(145)) - Container #1 is in OPEN state, but the datanode c287e0c1-5401-4ab1-85ea-f9321adc6aaf{ip: 192.168.34.46, host: pr-hdds-2344-k2wqm-1432304908, networkLocation: /default-rack, certSerialId: null} reports an CLOSED replica.
2019-10-25 02:21:56,973 [EventQueue-ContainerReportForContainerReportHandler] WARN  container.ContainerReportHandler (AbstractContainerReportHandler.java:updateContainerState(145)) - Container #1 is in OPEN state, but the datanode b706312b-118f-4972-9c71-4cc867b58d89{ip: 192.168.34.46, host: pr-hdds-2344-k2wqm-1432304908, networkLocation: /default-rack, certSerialId: null} reports an CLOSED replica.
2019-10-25 02:21:57,201 [EventQueue-ContainerReportForContainerReportHandler] WARN  container.ContainerReportHandler (AbstractContainerReportHandler.java:updateContainerState(145)) - Container #1 is in OPEN state, but the datanode c287e0c1-5401-4ab1-85ea-f9321adc6aaf{ip: 192.168.34.46, host: pr-hdds-2344-k2wqm-1432304908, networkLocation: /default-rack, certSerialId: null} reports an CLOSED replica.
2019-10-25 02:21:57,273 [EventQueue-ContainerReportForContainerReportHandler] WARN  container.ContainerReportHandler (AbstractContainerReportHandler.java:updateContainerState(145)) - Container #1 is in OPEN state, but the datanode b706312b-118f-4972-9c71-4cc867b58d89{ip: 192.168.34.46, host: pr-hdds-2344-k2wqm-1432304908, networkLocation: /default-rack, certSerialId: null} reports an CLOSED replica.
2019-10-25 02:21:57,504 [EventQueue-ContainerReportForContainerReportHandler] WARN  container.ContainerReportHandler (AbstractContainerReportHandler.java:updateContainerState(145)) - Container #1 is in OPEN state, but the datanode c287e0c1-5401-4ab1-85ea-f9321adc6aaf{ip: 192.168.34.46, host: pr-hdds-2344-k2wqm-1432304908, networkLocation: /default-rack, certSerialId: null} reports an CLOSED replica.
2019-10-25 02:21:57,575 [EventQueue-ContainerReportForContainerReportHandler] WARN  container.ContainerReportHandler (AbstractContainerReportHandler.java:updateContainerState(145)) - Container #1 is in OPEN state, but the datanode b706312b-118f-4972-9c71-4cc867b58d89{ip: 192.168.34.46, host: pr-hdds-2344-k2wqm-1432304908, networkLocation: /default-rack, certSerialId: null} reports an CLOSED replica.
2019-10-25 02:21:57,650 [BlockDeletingService#2] WARN  background.BlockDeletingService (BlockDeletingService.java:isDeletionAllowed(187)) - Close Container log Index 6 is not replicated across allthe servers in the pipeline 80d03f1e-dc0e-4300-89d1-db0659ca759e as the min replicated index is 4. Deletion is not allowed in this container yet.
2019-10-25 02:21:57,650 [BlockDeletingService#6] WARN  background.BlockDeletingService (BlockDeletingService.java:isDeletionAllowed(187)) - Close Container log Index 6 is not replicated across allthe servers in the pipeline 80d03f1e-dc0e-4300-89d1-db0659ca759e as the min replicated index is 4. Deletion is not allowed in this container yet.
2019-10-25 02:21:57,775 [EventQueue-ContainerReportForContainerReportHandler] WARN  container.ContainerReportHandler (AbstractContainerReportHandler.java:updateContainerState(145)) - Container #1 is in OPEN state, but the datanode b706312b-118f-4972-9c71-4cc867b58d89{ip: 192.168.34.46, host: pr-hdds-2344-k2wqm-1432304908, networkLocation: /default-rack, certSerialId: null} reports an CLOSED replica.
2019-10-25 02:21:57,904 [EventQueue-ContainerReportForContainerReportHandler] WARN  container.ContainerReportHandler (AbstractContainerReportHandler.java:updateContainerState(145)) - Container #1 is in OPEN state, but the datanode c287e0c1-5401-4ab1-85ea-f9321adc6aaf{ip: 192.168.34.46, host: pr-hdds-2344-k2wqm-1432304908, networkLocation: /default-rack, certSerialId: null} reports an CLOSED replica.
2019-10-25 02:21:58,174 [EventQueue-ContainerReportForContainerReportHandler] WARN  container.ContainerReportHandler (AbstractContainerReportHandler.java:updateContainerState(145)) - Container #1 is in OPEN state, but the datanode b706312b-118f-4972-9c71-4cc867b58d89{ip: 192.168.34.46, host: pr-hdds-2344-k2wqm-1432304908, networkLocation: /default-rack, certSerialId: null} reports an CLOSED replica.
2019-10-25 02:21:58,307 [EventQueue-ContainerReportForContainerReportHandler] WARN  container.ContainerReportHandler (AbstractContainerReportHandler.java:updateContainerState(145)) - Container #1 is in OPEN state, but the datanode c287e0c1-5401-4ab1-85ea-f9321adc6aaf{ip: 192.168.34.46, host: pr-hdds-2344-k2wqm-1432304908, networkLocation: /default-rack, certSerialId: null} reports an CLOSED replica.
2019-10-25 02:21:58,374 [EventQueue-ContainerReportForContainerReportHandler] WARN  container.ContainerReportHandler (AbstractContainerReportHandler.java:updateContainerState(145)) - Container #1 is in OPEN state, but the datanode b706312b-118f-4972-9c71-4cc867b58d89{ip: 192.168.34.46, host: pr-hdds-2344-k2wqm-1432304908, networkLocation: /default-rack, certSerialId: null} reports an CLOSED replica.
2019-10-25 02:21:58,508 [EventQueue-ContainerReportForContainerReportHandler] WARN  container.ContainerReportHandler (AbstractContainerReportHandler.java:updateContainerState(145)) - Container #1 is in OPEN state, but the datanode c287e0c1-5401-4ab1-85ea-f9321adc6aaf{ip: 192.168.34.46, host: pr-hdds-2344-k2wqm-1432304908, networkLocation: /default-rack, certSerialId: null} reports an CLOSED replica.
2019-10-25 02:21:58,657 [BlockDeletingService#2] WARN  background.BlockDeletingService (BlockDeletingService.java:isDeletionAllowed(187)) - Close Container log Index 6 is not replicated across allthe servers in the pipeline 80d03f1e-dc0e-4300-89d1-db0659ca759e as the min replicated index is 4. Deletion is not allowed in this container yet.
2019-10-25 02:21:58,657 [BlockDeletingService#6] WARN  background.BlockDeletingService (BlockDeletingService.java:isDeletionAllowed(187)) - Close Container log Index 6 is not replicated across allthe servers in the pipeline 80d03f1e-dc0e-4300-89d1-db0659ca759e as the min replicated index is 4. Deletion is not allowed in this container yet.
2019-10-25 02:21:58,675 [EventQueue-ContainerReportForContainerReportHandler] WARN  container.ContainerReportHandler (AbstractContainerReportHandler.java:updateContainerState(145)) - Container #1 is in OPEN state, but the datanode b706312b-118f-4972-9c71-4cc867b58d89{ip: 192.168.34.46, host: pr-hdds-2344-k2wqm-1432304908, networkLocation: /default-rack, certSerialId: null} reports an CLOSED replica.
2019-10-25 02:21:58,809 [EventQueue-ContainerReportForContainerReportHandler] WARN  container.ContainerReportHandler (AbstractContainerReportHandler.java:updateContainerState(145)) - Container #1 is in OPEN state, but the datanode c287e0c1-5401-4ab1-85ea-f9321adc6aaf{ip: 192.168.34.46, host: pr-hdds-2344-k2wqm-1432304908, networkLocation: /default-rack, certSerialId: null} reports an CLOSED replica.
2019-10-25 02:21:59,033 [java.util.concurrent.ThreadPoolExecutor$Worker@1a1b1369[State = -1, empty queue]] WARN  server.GrpcLogAppender (GrpcLogAppender.java:timeoutAppendRequest(209)) - b706312b-118f-4972-9c71-4cc867b58d89@group-DB0659CA759E->25203751-88e7-46c0-b9ea-976de1ff2c7c-GrpcLogAppender: appendEntries Timeout, request=b706312b-118f-4972-9c71-4cc867b58d89->25203751-88e7-46c0-b9ea-976de1ff2c7c#28-t1, previous=(t:1, i:10), leaderCommit=10, initializing? false, entries: <empty>
2019-10-25 02:21:59,076 [EventQueue-ContainerReportForContainerReportHandler] WARN  container.ContainerReportHandler (AbstractContainerReportHandler.java:updateContainerState(145)) - Container #1 is in OPEN state, but the datanode b706312b-118f-4972-9c71-4cc867b58d89{ip: 192.168.34.46, host: pr-hdds-2344-k2wqm-1432304908, networkLocation: /default-rack, certSerialId: null} reports an CLOSED replica.
2019-10-25 02:21:59,109 [EventQueue-ContainerReportForContainerReportHandler] WARN  container.ContainerReportHandler (AbstractContainerReportHandler.java:updateContainerState(145)) - Container #1 is in OPEN state, but the datanode c287e0c1-5401-4ab1-85ea-f9321adc6aaf{ip: 192.168.34.46, host: pr-hdds-2344-k2wqm-1432304908, networkLocation: /default-rack, certSerialId: null} reports an CLOSED replica.
2019-10-25 02:21:59,375 [EventQueue-ContainerReportForContainerReportHandler] WARN  container.ContainerReportHandler (AbstractContainerReportHandler.java:updateContainerState(145)) - Container #1 is in OPEN state, but the datanode b706312b-118f-4972-9c71-4cc867b58d89{ip: 192.168.34.46, host: pr-hdds-2344-k2wqm-1432304908, networkLocation: /default-rack, certSerialId: null} reports an CLOSED replica.
2019-10-25 02:21:59,409 [EventQueue-ContainerReportForContainerReportHandler] WARN  container.ContainerReportHandler (AbstractContainerReportHandler.java:updateContainerState(145)) - Container #1 is in OPEN state, but the datanode c287e0c1-5401-4ab1-85ea-f9321adc6aaf{ip: 192.168.34.46, host: pr-hdds-2344-k2wqm-1432304908, networkLocation: /default-rack, certSerialId: null} reports an CLOSED replica.
2019-10-25 02:21:59,659 [BlockDeletingService#2] WARN  background.BlockDeletingService (BlockDeletingService.java:isDeletionAllowed(187)) - Close Container log Index 6 is not replicated across allthe servers in the pipeline 80d03f1e-dc0e-4300-89d1-db0659ca759e as the min replicated index is 4. Deletion is not allowed in this container yet.
2019-10-25 02:21:59,659 [BlockDeletingService#6] WARN  background.BlockDeletingService (BlockDeletingService.java:isDeletionAllowed(187)) - Close Container log Index 6 is not replicated across allthe servers in the pipeline 80d03f1e-dc0e-4300-89d1-db0659ca759e as the min replicated index is 4. Deletion is not allowed in this container yet.
2019-10-25 02:21:59,709 [EventQueue-ContainerReportForContainerReportHandler] WARN  container.ContainerReportHandler (AbstractContainerReportHandler.java:updateContainerState(145)) - Container #1 is in OPEN state, but the datanode c287e0c1-5401-4ab1-85ea-f9321adc6aaf{ip: 192.168.34.46, host: pr-hdds-2344-k2wqm-1432304908, networkLocation: /default-rack, certSerialId: null} reports an CLOSED replica.
2019-10-25 02:21:59,776 [EventQueue-ContainerReportForContainerReportHandler] WARN  container.ContainerReportHandler (AbstractContainerReportHandler.java:updateContainerState(145)) - Container #1 is in OPEN state, but the datanode b706312b-118f-4972-9c71-4cc867b58d89{ip: 192.168.34.46, host: pr-hdds-2344-k2wqm-1432304908, networkLocation: /default-rack, certSerialId: null} reports an CLOSED replica.
2019-10-25 02:22:00,077 [EventQueue-ContainerReportForContainerReportHandler] WARN  container.ContainerReportHandler (AbstractContainerReportHandler.java:updateContainerState(145)) - Container #1 is in OPEN state, but the datanode b706312b-118f-4972-9c71-4cc867b58d89{ip: 192.168.34.46, host: pr-hdds-2344-k2wqm-1432304908, networkLocation: /default-rack, certSerialId: null} reports an CLOSED replica.
2019-10-25 02:22:00,109 [EventQueue-ContainerReportForContainerReportHandler] WARN  container.ContainerReportHandler (AbstractContainerReportHandler.java:updateContainerState(145)) - Container #1 is in OPEN state, but the datanode c287e0c1-5401-4ab1-85ea-f9321adc6aaf{ip: 192.168.34.46, host: pr-hdds-2344-k2wqm-1432304908, networkLocation: /default-rack, certSerialId: null} reports an CLOSED replica.
2019-10-25 02:22:00,378 [EventQueue-ContainerReportForContainerReportHandler] WARN  container.ContainerReportHandler (AbstractContainerReportHandler.java:updateContainerState(145)) - Container #1 is in OPEN state, but the datanode b706312b-118f-4972-9c71-4cc867b58d89{ip: 192.168.34.46, host: pr-hdds-2344-k2wqm-1432304908, networkLocation: /default-rack, certSerialId: null} reports an CLOSED replica.
2019-10-25 02:22:00,510 [EventQueue-ContainerReportForContainerReportHandler] WARN  container.ContainerReportHandler (AbstractContainerReportHandler.java:updateContainerState(145)) - Container #1 is in OPEN state, but the datanode c287e0c1-5401-4ab1-85ea-f9321adc6aaf{ip: 192.168.34.46, host: pr-hdds-2344-k2wqm-1432304908, networkLocation: /default-rack, certSerialId: null} reports an CLOSED replica.
2019-10-25 02:22:00,660 [BlockDeletingService#2] WARN  background.BlockDeletingService (BlockDeletingService.java:isDeletionAllowed(187)) - Close Container log Index 6 is not replicated across allthe servers in the pipeline 80d03f1e-dc0e-4300-89d1-db0659ca759e as the min replicated index is 4. Deletion is not allowed in this container yet.
2019-10-25 02:22:00,661 [BlockDeletingService#6] WARN  background.BlockDeletingService (BlockDeletingService.java:isDeletionAllowed(187)) - Close Container log Index 6 is not replicated across allthe servers in the pipeline 80d03f1e-dc0e-4300-89d1-db0659ca759e as the min replicated index is 4. Deletion is not allowed in this container yet.
2019-10-25 02:22:00,677 [EventQueue-ContainerReportForContainerReportHandler] WARN  container.ContainerReportHandler (AbstractContainerReportHandler.java:updateContainerState(145)) - Container #1 is in OPEN state, but the datanode b706312b-118f-4972-9c71-4cc867b58d89{ip: 192.168.34.46, host: pr-hdds-2344-k2wqm-1432304908, networkLocation: /default-rack, certSerialId: null} reports an CLOSED replica.
2019-10-25 02:22:00,810 [EventQueue-ContainerReportForContainerReportHandler] WARN  container.ContainerReportHandler (AbstractContainerReportHandler.java:updateContainerState(145)) - Container #1 is in OPEN state, but the datanode c287e0c1-5401-4ab1-85ea-f9321adc6aaf{ip: 192.168.34.46, host: pr-hdds-2344-k2wqm-1432304908, networkLocation: /default-rack, certSerialId: null} reports an CLOSED replica.
2019-10-25 02:22:00,977 [EventQueue-ContainerReportForContainerReportHandler] WARN  container.ContainerReportHandler (AbstractContainerReportHandler.java:updateContainerState(145)) - Container #1 is in OPEN state, but the datanode b706312b-118f-4972-9c71-4cc867b58d89{ip: 192.168.34.46, host: pr-hdds-2344-k2wqm-1432304908, networkLocation: /default-rack, certSerialId: null} reports an CLOSED replica.
2019-10-25 02:22:01,011 [EventQueue-ContainerReportForContainerReportHandler] WARN  container.ContainerReportHandler (AbstractContainerReportHandler.java:updateContainerState(145)) - Container #1 is in OPEN state, but the datanode c287e0c1-5401-4ab1-85ea-f9321adc6aaf{ip: 192.168.34.46, host: pr-hdds-2344-k2wqm-1432304908, networkLocation: /default-rack, certSerialId: null} reports an CLOSED replica.
2019-10-25 02:22:01,277 [EventQueue-ContainerReportForContainerReportHandler] WARN  container.ContainerReportHandler (AbstractContainerReportHandler.java:updateContainerState(145)) - Container #1 is in OPEN state, but the datanode b706312b-118f-4972-9c71-4cc867b58d89{ip: 192.168.34.46, host: pr-hdds-2344-k2wqm-1432304908, networkLocation: /default-rack, certSerialId: null} reports an CLOSED replica.
2019-10-25 02:22:01,415 [EventQueue-ContainerReportForContainerReportHandler] WARN  container.ContainerReportHandler (AbstractContainerReportHandler.java:updateContainerState(145)) - Container #1 is in OPEN state, but the datanode c287e0c1-5401-4ab1-85ea-f9321adc6aaf{ip: 192.168.34.46, host: pr-hdds-2344-k2wqm-1432304908, networkLocation: /default-rack, certSerialId: null} reports an CLOSED replica.
2019-10-25 02:22:01,534 [java.util.concurrent.ThreadPoolExecutor$Worker@1a1b1369[State = -1, empty queue]] WARN  server.GrpcLogAppender (GrpcLogAppender.java:timeoutAppendRequest(209)) - b706312b-118f-4972-9c71-4cc867b58d89@group-DB0659CA759E->25203751-88e7-46c0-b9ea-976de1ff2c7c-GrpcLogAppender: appendEntries Timeout, request=b706312b-118f-4972-9c71-4cc867b58d89->25203751-88e7-46c0-b9ea-976de1ff2c7c#29-t1, previous=(t:1, i:10), leaderCommit=10, initializing? false, entries: <empty>
2019-10-25 02:22:01,579 [EventQueue-ContainerReportForContainerReportHandler] WARN  container.ContainerReportHandler (AbstractContainerReportHandler.java:updateContainerState(145)) - Container #1 is in OPEN state, but the datanode b706312b-118f-4972-9c71-4cc867b58d89{ip: 192.168.34.46, host: pr-hdds-2344-k2wqm-1432304908, networkLocation: /default-rack, certSerialId: null} reports an CLOSED replica.
2019-10-25 02:22:01,615 [EventQueue-ContainerReportForContainerReportHandler] WARN  container.ContainerReportHandler (AbstractContainerReportHandler.java:updateContainerState(145)) - Container #1 is in OPEN state, but the datanode c287e0c1-5401-4ab1-85ea-f9321adc6aaf{ip: 192.168.34.46, host: pr-hdds-2344-k2wqm-1432304908, networkLocation: /default-rack, certSerialId: null} reports an CLOSED replica.
2019-10-25 02:22:01,662 [BlockDeletingService#2] WARN  background.BlockDeletingService (BlockDeletingService.java:isDeletionAllowed(187)) - Close Container log Index 6 is not replicated across allthe servers in the pipeline 80d03f1e-dc0e-4300-89d1-db0659ca759e as the min replicated index is 4. Deletion is not allowed in this container yet.
2019-10-25 02:22:01,662 [BlockDeletingService#6] WARN  background.BlockDeletingService (BlockDeletingService.java:isDeletionAllowed(187)) - Close Container log Index 6 is not replicated across allthe servers in the pipeline 80d03f1e-dc0e-4300-89d1-db0659ca759e as the min replicated index is 4. Deletion is not allowed in this container yet.
2019-10-25 02:22:01,780 [EventQueue-ContainerReportForContainerReportHandler] WARN  container.ContainerReportHandler (AbstractContainerReportHandler.java:updateContainerState(145)) - Container #1 is in OPEN state, but the datanode b706312b-118f-4972-9c71-4cc867b58d89{ip: 192.168.34.46, host: pr-hdds-2344-k2wqm-1432304908, networkLocation: /default-rack, certSerialId: null} reports an CLOSED replica.
2019-10-25 02:22:01,916 [EventQueue-ContainerReportForContainerReportHandler] WARN  container.ContainerReportHandler (AbstractContainerReportHandler.java:updateContainerState(145)) - Container #1 is in OPEN state, but the datanode c287e0c1-5401-4ab1-85ea-f9321adc6aaf{ip: 192.168.34.46, host: pr-hdds-2344-k2wqm-1432304908, networkLocation: /default-rack, certSerialId: null} reports an CLOSED replica.
2019-10-25 02:22:02,079 [EventQueue-ContainerReportForContainerReportHandler] WARN  container.ContainerReportHandler (AbstractContainerReportHandler.java:updateContainerState(145)) - Container #1 is in OPEN state, but the datanode b706312b-118f-4972-9c71-4cc867b58d89{ip: 192.168.34.46, host: pr-hdds-2344-k2wqm-1432304908, networkLocation: /default-rack, certSerialId: null} reports an CLOSED replica.
2019-10-25 02:22:02,116 [EventQueue-ContainerReportForContainerReportHandler] WARN  container.ContainerReportHandler (AbstractContainerReportHandler.java:updateContainerState(145)) - Container #1 is in OPEN state, but the datanode c287e0c1-5401-4ab1-85ea-f9321adc6aaf{ip: 192.168.34.46, host: pr-hdds-2344-k2wqm-1432304908, networkLocation: /default-rack, certSerialId: null} reports an CLOSED replica.
2019-10-25 02:22:02,316 [EventQueue-ContainerReportForContainerReportHandler] WARN  container.ContainerReportHandler (AbstractContainerReportHandler.java:updateContainerState(145)) - Container #1 is in OPEN state, but the datanode c287e0c1-5401-4ab1-85ea-f9321adc6aaf{ip: 192.168.34.46, host: pr-hdds-2344-k2wqm-1432304908, networkLocation: /default-rack, certSerialId: null} reports an CLOSED replica.
2019-10-25 02:22:02,479 [EventQueue-ContainerReportForContainerReportHandler] WARN  container.ContainerReportHandler (AbstractContainerReportHandler.java:updateContainerState(145)) - Container #1 is in OPEN state, but the datanode b706312b-118f-4972-9c71-4cc867b58d89{ip: 192.168.34.46, host: pr-hdds-2344-k2wqm-1432304908, networkLocation: /default-rack, certSerialId: null} reports an CLOSED replica.
2019-10-25 02:22:02,664 [BlockDeletingService#2] WARN  background.BlockDeletingService (BlockDeletingService.java:isDeletionAllowed(187)) - Close Container log Index 6 is not replicated across allthe servers in the pipeline 80d03f1e-dc0e-4300-89d1-db0659ca759e as the min replicated index is 4. Deletion is not allowed in this container yet.
2019-10-25 02:22:02,664 [BlockDeletingService#6] WARN  background.BlockDeletingService (BlockDeletingService.java:isDeletionAllowed(187)) - Close Container log Index 6 is not replicated across allthe servers in the pipeline 80d03f1e-dc0e-4300-89d1-db0659ca759e as the min replicated index is 4. Deletion is not allowed in this container yet.
2019-10-25 02:22:02,679 [EventQueue-ContainerReportForContainerReportHandler] WARN  container.ContainerReportHandler (AbstractContainerReportHandler.java:updateContainerState(145)) - Container #1 is in OPEN state, but the datanode b706312b-118f-4972-9c71-4cc867b58d89{ip: 192.168.34.46, host: pr-hdds-2344-k2wqm-1432304908, networkLocation: /default-rack, certSerialId: null} reports an CLOSED replica.
2019-10-25 02:22:02,716 [EventQueue-ContainerReportForContainerReportHandler] WARN  container.ContainerReportHandler (AbstractContainerReportHandler.java:updateContainerState(145)) - Container #1 is in OPEN state, but the datanode c287e0c1-5401-4ab1-85ea-f9321adc6aaf{ip: 192.168.34.46, host: pr-hdds-2344-k2wqm-1432304908, networkLocation: /default-rack, certSerialId: null} reports an CLOSED replica.
2019-10-25 02:22:02,917 [EventQueue-ContainerReportForContainerReportHandler] WARN  container.ContainerReportHandler (AbstractContainerReportHandler.java:updateContainerState(145)) - Container #1 is in OPEN state, but the datanode c287e0c1-5401-4ab1-85ea-f9321adc6aaf{ip: 192.168.34.46, host: pr-hdds-2344-k2wqm-1432304908, networkLocation: /default-rack, certSerialId: null} reports an CLOSED replica.
2019-10-25 02:22:02,980 [EventQueue-ContainerReportForContainerReportHandler] WARN  container.ContainerReportHandler (AbstractContainerReportHandler.java:updateContainerState(145)) - Container #1 is in OPEN state, but the datanode b706312b-118f-4972-9c71-4cc867b58d89{ip: 192.168.34.46, host: pr-hdds-2344-k2wqm-1432304908, networkLocation: /default-rack, certSerialId: null} reports an CLOSED replica.
2019-10-25 02:22:03,218 [EventQueue-ContainerReportForContainerReportHandler] WARN  container.ContainerReportHandler (AbstractContainerReportHandler.java:updateContainerState(145)) - Container #1 is in OPEN state, but the datanode c287e0c1-5401-4ab1-85ea-f9321adc6aaf{ip: 192.168.34.46, host: pr-hdds-2344-k2wqm-1432304908, networkLocation: /default-rack, certSerialId: null} reports an CLOSED replica.
2019-10-25 02:22:03,279 [EventQueue-ContainerReportForContainerReportHandler] WARN  container.ContainerReportHandler (AbstractContainerReportHandler.java:updateContainerState(145)) - Container #1 is in OPEN state, but the datanode b706312b-118f-4972-9c71-4cc867b58d89{ip: 192.168.34.46, host: pr-hdds-2344-k2wqm-1432304908, networkLocation: /default-rack, certSerialId: null} reports an CLOSED replica.
2019-10-25 02:22:03,618 [EventQueue-ContainerReportForContainerReportHandler] WARN  container.ContainerReportHandler (AbstractContainerReportHandler.java:updateContainerState(145)) - Container #1 is in OPEN state, but the datanode c287e0c1-5401-4ab1-85ea-f9321adc6aaf{ip: 192.168.34.46, host: pr-hdds-2344-k2wqm-1432304908, networkLocation: /default-rack, certSerialId: null} reports an CLOSED replica.
2019-10-25 02:22:03,665 [BlockDeletingService#2] WARN  background.BlockDeletingService (BlockDeletingService.java:isDeletionAllowed(187)) - Close Container log Index 6 is not replicated across allthe servers in the pipeline 80d03f1e-dc0e-4300-89d1-db0659ca759e as the min replicated index is 4. Deletion is not allowed in this container yet.
2019-10-25 02:22:03,666 [BlockDeletingService#6] WARN  background.BlockDeletingService (BlockDeletingService.java:isDeletionAllowed(187)) - Close Container log Index 6 is not replicated across allthe servers in the pipeline 80d03f1e-dc0e-4300-89d1-db0659ca759e as the min replicated index is 4. Deletion is not allowed in this container yet.
2019-10-25 02:22:03,679 [EventQueue-ContainerReportForContainerReportHandler] WARN  container.ContainerReportHandler (AbstractContainerReportHandler.java:updateContainerState(145)) - Container #1 is in OPEN state, but the datanode b706312b-118f-4972-9c71-4cc867b58d89{ip: 192.168.34.46, host: pr-hdds-2344-k2wqm-1432304908, networkLocation: /default-rack, certSerialId: null} reports an CLOSED replica.
2019-10-25 02:22:03,919 [EventQueue-ContainerReportForContainerReportHandler] WARN  container.ContainerReportHandler (AbstractContainerReportHandler.java:updateContainerState(145)) - Container #1 is in OPEN state, but the datanode c287e0c1-5401-4ab1-85ea-f9321adc6aaf{ip: 192.168.34.46, host: pr-hdds-2344-k2wqm-1432304908, networkLocation: /default-rack, certSerialId: null} reports an CLOSED replica.
2019-10-25 02:22:03,980 [EventQueue-ContainerReportForContainerReportHandler] WARN  container.ContainerReportHandler (AbstractContainerReportHandler.java:updateContainerState(145)) - Container #1 is in OPEN state, but the datanode b706312b-118f-4972-9c71-4cc867b58d89{ip: 192.168.34.46, host: pr-hdds-2344-k2wqm-1432304908, networkLocation: /default-rack, certSerialId: null} reports an CLOSED replica.
2019-10-25 02:22:04,035 [java.util.concurrent.ThreadPoolExecutor$Worker@1a1b1369[State = -1, empty queue]] WARN  server.GrpcLogAppender (GrpcLogAppender.java:timeoutAppendRequest(209)) - b706312b-118f-4972-9c71-4cc867b58d89@group-DB0659CA759E->25203751-88e7-46c0-b9ea-976de1ff2c7c-GrpcLogAppender: appendEntries Timeout, request=b706312b-118f-4972-9c71-4cc867b58d89->25203751-88e7-46c0-b9ea-976de1ff2c7c#30-t1, previous=(t:1, i:10), leaderCommit=10, initializing? false, entries: <empty>
2019-10-25 02:22:04,180 [EventQueue-ContainerReportForContainerReportHandler] WARN  container.ContainerReportHandler (AbstractContainerReportHandler.java:updateContainerState(145)) - Container #1 is in OPEN state, but the datanode b706312b-118f-4972-9c71-4cc867b58d89{ip: 192.168.34.46, host: pr-hdds-2344-k2wqm-1432304908, networkLocation: /default-rack, certSerialId: null} reports an CLOSED replica.
2019-10-25 02:22:04,218 [EventQueue-ContainerReportForContainerReportHandler] WARN  container.ContainerReportHandler (AbstractContainerReportHandler.java:updateContainerState(145)) - Container #1 is in OPEN state, but the datanode c287e0c1-5401-4ab1-85ea-f9321adc6aaf{ip: 192.168.34.46, host: pr-hdds-2344-k2wqm-1432304908, networkLocation: /default-rack, certSerialId: null} reports an CLOSED replica.
2019-10-25 02:22:04,380 [EventQueue-ContainerReportForContainerReportHandler] WARN  container.ContainerReportHandler (AbstractContainerReportHandler.java:updateContainerState(145)) - Container #1 is in OPEN state, but the datanode b706312b-118f-4972-9c71-4cc867b58d89{ip: 192.168.34.46, host: pr-hdds-2344-k2wqm-1432304908, networkLocation: /default-rack, certSerialId: null} reports an CLOSED replica.
2019-10-25 02:22:04,519 [EventQueue-ContainerReportForContainerReportHandler] WARN  container.ContainerReportHandler (AbstractContainerReportHandler.java:updateContainerState(145)) - Container #1 is in OPEN state, but the datanode c287e0c1-5401-4ab1-85ea-f9321adc6aaf{ip: 192.168.34.46, host: pr-hdds-2344-k2wqm-1432304908, networkLocation: /default-rack, certSerialId: null} reports an CLOSED replica.
2019-10-25 02:22:04,668 [BlockDeletingService#2] WARN  background.BlockDeletingService (BlockDeletingService.java:isDeletionAllowed(187)) - Close Container log Index 6 is not replicated across allthe servers in the pipeline 80d03f1e-dc0e-4300-89d1-db0659ca759e as the min replicated index is 4. Deletion is not allowed in this container yet.
2019-10-25 02:22:04,669 [BlockDeletingService#6] WARN  background.BlockDeletingService (BlockDeletingService.java:isDeletionAllowed(187)) - Close Container log Index 6 is not replicated across allthe servers in the pipeline 80d03f1e-dc0e-4300-89d1-db0659ca759e as the min replicated index is 4. Deletion is not allowed in this container yet.
2019-10-25 02:22:04,680 [EventQueue-ContainerReportForContainerReportHandler] WARN  container.ContainerReportHandler (AbstractContainerReportHandler.java:updateContainerState(145)) - Container #1 is in OPEN state, but the datanode b706312b-118f-4972-9c71-4cc867b58d89{ip: 192.168.34.46, host: pr-hdds-2344-k2wqm-1432304908, networkLocation: /default-rack, certSerialId: null} reports an CLOSED replica.
2019-10-25 02:22:04,919 [EventQueue-ContainerReportForContainerReportHandler] WARN  container.ContainerReportHandler (AbstractContainerReportHandler.java:updateContainerState(145)) - Container #1 is in OPEN state, but the datanode c287e0c1-5401-4ab1-85ea-f9321adc6aaf{ip: 192.168.34.46, host: pr-hdds-2344-k2wqm-1432304908, networkLocation: /default-rack, certSerialId: null} reports an CLOSED replica.
2019-10-25 02:22:04,980 [EventQueue-ContainerReportForContainerReportHandler] WARN  container.ContainerReportHandler (AbstractContainerReportHandler.java:updateContainerState(145)) - Container #1 is in OPEN state, but the datanode b706312b-118f-4972-9c71-4cc867b58d89{ip: 192.168.34.46, host: pr-hdds-2344-k2wqm-1432304908, networkLocation: /default-rack, certSerialId: null} reports an CLOSED replica.
2019-10-25 02:22:05,119 [EventQueue-ContainerReportForContainerReportHandler] WARN  container.ContainerReportHandler (AbstractContainerReportHandler.java:updateContainerState(145)) - Container #1 is in OPEN state, but the datanode c287e0c1-5401-4ab1-85ea-f9321adc6aaf{ip: 192.168.34.46, host: pr-hdds-2344-k2wqm-1432304908, networkLocation: /default-rack, certSerialId: null} reports an CLOSED replica.
2019-10-25 02:22:05,319 [EventQueue-ContainerReportForContainerReportHandler] WARN  container.ContainerReportHandler (AbstractContainerReportHandler.java:updateContainerState(145)) - Container #1 is in OPEN state, but the datanode c287e0c1-5401-4ab1-85ea-f9321adc6aaf{ip: 192.168.34.46, host: pr-hdds-2344-k2wqm-1432304908, networkLocation: /default-rack, certSerialId: null} reports an CLOSED replica.
2019-10-25 02:22:05,379 [EventQueue-ContainerReportForContainerReportHandler] WARN  container.ContainerReportHandler (AbstractContainerReportHandler.java:updateContainerState(145)) - Container #1 is in OPEN state, but the datanode b706312b-118f-4972-9c71-4cc867b58d89{ip: 192.168.34.46, host: pr-hdds-2344-k2wqm-1432304908, networkLocation: /default-rack, certSerialId: null} reports an CLOSED replica.
2019-10-25 02:22:05,670 [BlockDeletingService#2] WARN  background.BlockDeletingService (BlockDeletingService.java:isDeletionAllowed(187)) - Close Container log Index 6 is not replicated across allthe servers in the pipeline 80d03f1e-dc0e-4300-89d1-db0659ca759e as the min replicated index is 4. Deletion is not allowed in this container yet.
2019-10-25 02:22:05,670 [BlockDeletingService#6] WARN  background.BlockDeletingService (BlockDeletingService.java:isDeletionAllowed(187)) - Close Container log Index 6 is not replicated across allthe servers in the pipeline 80d03f1e-dc0e-4300-89d1-db0659ca759e as the min replicated index is 4. Deletion is not allowed in this container yet.
2019-10-25 02:22:05,679 [EventQueue-ContainerReportForContainerReportHandler] WARN  container.ContainerReportHandler (AbstractContainerReportHandler.java:updateContainerState(145)) - Container #1 is in OPEN state, but the datanode b706312b-118f-4972-9c71-4cc867b58d89{ip: 192.168.34.46, host: pr-hdds-2344-k2wqm-1432304908, networkLocation: /default-rack, certSerialId: null} reports an CLOSED replica.
2019-10-25 02:22:05,719 [EventQueue-ContainerReportForContainerReportHandler] WARN  container.ContainerReportHandler (AbstractContainerReportHandler.java:updateContainerState(145)) - Container #1 is in OPEN state, but the datanode c287e0c1-5401-4ab1-85ea-f9321adc6aaf{ip: 192.168.34.46, host: pr-hdds-2344-k2wqm-1432304908, networkLocation: /default-rack, certSerialId: null} reports an CLOSED replica.
2019-10-25 02:22:05,879 [EventQueue-ContainerReportForContainerReportHandler] WARN  container.ContainerReportHandler (AbstractContainerReportHandler.java:updateContainerState(145)) - Container #1 is in OPEN state, but the datanode b706312b-118f-4972-9c71-4cc867b58d89{ip: 192.168.34.46, host: pr-hdds-2344-k2wqm-1432304908, networkLocation: /default-rack, certSerialId: null} reports an CLOSED replica.
2019-10-25 02:22:05,919 [EventQueue-ContainerReportForContainerReportHandler] WARN  container.ContainerReportHandler (AbstractContainerReportHandler.java:updateContainerState(145)) - Container #1 is in OPEN state, but the datanode c287e0c1-5401-4ab1-85ea-f9321adc6aaf{ip: 192.168.34.46, host: pr-hdds-2344-k2wqm-1432304908, networkLocation: /default-rack, certSerialId: null} reports an CLOSED replica.
2019-10-25 02:22:06,279 [EventQueue-ContainerReportForContainerReportHandler] WARN  container.ContainerReportHandler (AbstractContainerReportHandler.java:updateContainerState(145)) - Container #1 is in OPEN state, but the datanode b706312b-118f-4972-9c71-4cc867b58d89{ip: 192.168.34.46, host: pr-hdds-2344-k2wqm-1432304908, networkLocation: /default-rack, certSerialId: null} reports an CLOSED replica.
2019-10-25 02:22:06,319 [EventQueue-ContainerReportForContainerReportHandler] WARN  container.ContainerReportHandler (AbstractContainerReportHandler.java:updateContainerState(145)) - Container #1 is in OPEN state, but the datanode c287e0c1-5401-4ab1-85ea-f9321adc6aaf{ip: 192.168.34.46, host: pr-hdds-2344-k2wqm-1432304908, networkLocation: /default-rack, certSerialId: null} reports an CLOSED replica.
2019-10-25 02:22:06,479 [EventQueue-ContainerReportForContainerReportHandler] WARN  container.ContainerReportHandler (AbstractContainerReportHandler.java:updateContainerState(145)) - Container #1 is in OPEN state, but the datanode b706312b-118f-4972-9c71-4cc867b58d89{ip: 192.168.34.46, host: pr-hdds-2344-k2wqm-1432304908, networkLocation: /default-rack, certSerialId: null} reports an CLOSED replica.
2019-10-25 02:22:06,519 [EventQueue-ContainerReportForContainerReportHandler] WARN  container.ContainerReportHandler (AbstractContainerReportHandler.java:updateContainerState(145)) - Container #1 is in OPEN state, but the datanode c287e0c1-5401-4ab1-85ea-f9321adc6aaf{ip: 192.168.34.46, host: pr-hdds-2344-k2wqm-1432304908, networkLocation: /default-rack, certSerialId: null} reports an CLOSED replica.
2019-10-25 02:22:06,536 [java.util.concurrent.ThreadPoolExecutor$Worker@1a1b1369[State = -1, empty queue]] WARN  server.GrpcLogAppender (GrpcLogAppender.java:timeoutAppendRequest(209)) - b706312b-118f-4972-9c71-4cc867b58d89@group-DB0659CA759E->25203751-88e7-46c0-b9ea-976de1ff2c7c-GrpcLogAppender: appendEntries Timeout, request=b706312b-118f-4972-9c71-4cc867b58d89->25203751-88e7-46c0-b9ea-976de1ff2c7c#31-t1, previous=(t:1, i:10), leaderCommit=10, initializing? false, entries: <empty>
2019-10-25 02:22:06,671 [BlockDeletingService#2] WARN  background.BlockDeletingService (BlockDeletingService.java:isDeletionAllowed(187)) - Close Container log Index 6 is not replicated across allthe servers in the pipeline 80d03f1e-dc0e-4300-89d1-db0659ca759e as the min replicated index is 4. Deletion is not allowed in this container yet.
2019-10-25 02:22:06,672 [BlockDeletingService#6] WARN  background.BlockDeletingService (BlockDeletingService.java:isDeletionAllowed(187)) - Close Container log Index 6 is not replicated across allthe servers in the pipeline 80d03f1e-dc0e-4300-89d1-db0659ca759e as the min replicated index is 4. Deletion is not allowed in this container yet.
2019-10-25 02:22:06,755 [Thread-378] INFO  client.GrpcClientProtocolService (GrpcClientProtocolService.java:lambda$processClientRequest$0(279)) - Failed RaftClientRequest:client-18E359B5664D->b706312b-118f-4972-9c71-4cc867b58d89@group-DB0659CA759E, cid=10, seq=0, Watch-ALL_COMMITTED(6), Message:<EMPTY>, reply=RaftClientReply:client-18E359B5664D->b706312b-118f-4972-9c71-4cc867b58d89@group-DB0659CA759E, cid=10, FAILED org.apache.ratis.protocol.NotReplicatedException: Request with call Id 10 and log index 6 is not yet replicated to ALL_COMMITTED, logIndex=6, commits[b706312b-118f-4972-9c71-4cc867b58d89:c10, c287e0c1-5401-4ab1-85ea-f9321adc6aaf:c10, 25203751-88e7-46c0-b9ea-976de1ff2c7c:c4]
2019-10-25 02:22:06,780 [EventQueue-ContainerReportForContainerReportHandler] WARN  container.ContainerReportHandler (AbstractContainerReportHandler.java:updateContainerState(145)) - Container #1 is in OPEN state, but the datanode b706312b-118f-4972-9c71-4cc867b58d89{ip: 192.168.34.46, host: pr-hdds-2344-k2wqm-1432304908, networkLocation: /default-rack, certSerialId: null} reports an CLOSED replica.
2019-10-25 02:22:06,819 [EventQueue-ContainerReportForContainerReportHandler] WARN  container.ContainerReportHandler (AbstractContainerReportHandler.java:updateContainerState(145)) - Container #1 is in OPEN state, but the datanode c287e0c1-5401-4ab1-85ea-f9321adc6aaf{ip: 192.168.34.46, host: pr-hdds-2344-k2wqm-1432304908, networkLocation: /default-rack, certSerialId: null} reports an CLOSED replica.
2019-10-25 02:22:07,180 [EventQueue-ContainerReportForContainerReportHandler] WARN  container.ContainerReportHandler (AbstractContainerReportHandler.java:updateContainerState(145)) - Container #1 is in OPEN state, but the datanode b706312b-118f-4972-9c71-4cc867b58d89{ip: 192.168.34.46, host: pr-hdds-2344-k2wqm-1432304908, networkLocation: /default-rack, certSerialId: null} reports an CLOSED replica.
2019-10-25 02:22:07,220 [EventQueue-ContainerReportForContainerReportHandler] WARN  container.ContainerReportHandler (AbstractContainerReportHandler.java:updateContainerState(145)) - Container #1 is in OPEN state, but the datanode c287e0c1-5401-4ab1-85ea-f9321adc6aaf{ip: 192.168.34.46, host: pr-hdds-2344-k2wqm-1432304908, networkLocation: /default-rack, certSerialId: null} reports an CLOSED replica.
2019-10-25 02:22:07,483 [EventQueue-ContainerReportForContainerReportHandler] WARN  container.ContainerReportHandler (AbstractContainerReportHandler.java:updateContainerState(145)) - Container #1 is in OPEN state, but the datanode b706312b-118f-4972-9c71-4cc867b58d89{ip: 192.168.34.46, host: pr-hdds-2344-k2wqm-1432304908, networkLocation: /default-rack, certSerialId: null} reports an CLOSED replica.
2019-10-25 02:22:07,620 [EventQueue-ContainerReportForContainerReportHandler] WARN  container.ContainerReportHandler (AbstractContainerReportHandler.java:updateContainerState(145)) - Container #1 is in OPEN state, but the datanode c287e0c1-5401-4ab1-85ea-f9321adc6aaf{ip: 192.168.34.46, host: pr-hdds-2344-k2wqm-1432304908, networkLocation: /default-rack, certSerialId: null} reports an CLOSED replica.
2019-10-25 02:22:07,673 [BlockDeletingService#2] WARN  background.BlockDeletingService (BlockDeletingService.java:isDeletionAllowed(187)) - Close Container log Index 6 is not replicated across allthe servers in the pipeline 80d03f1e-dc0e-4300-89d1-db0659ca759e as the min replicated index is 4. Deletion is not allowed in this container yet.
2019-10-25 02:22:07,676 [BlockDeletingService#6] WARN  background.BlockDeletingService (BlockDeletingService.java:isDeletionAllowed(187)) - Close Container log Index 6 is not replicated across allthe servers in the pipeline 80d03f1e-dc0e-4300-89d1-db0659ca759e as the min replicated index is 4. Deletion is not allowed in this container yet.
2019-10-25 02:22:07,682 [EventQueue-ContainerReportForContainerReportHandler] WARN  container.ContainerReportHandler (AbstractContainerReportHandler.java:updateContainerState(145)) - Container #1 is in OPEN state, but the datanode b706312b-118f-4972-9c71-4cc867b58d89{ip: 192.168.34.46, host: pr-hdds-2344-k2wqm-1432304908, networkLocation: /default-rack, certSerialId: null} reports an CLOSED replica.
2019-10-25 02:22:07,921 [EventQueue-ContainerReportForContainerReportHandler] WARN  container.ContainerReportHandler (AbstractContainerReportHandler.java:updateContainerState(145)) - Container #1 is in OPEN state, but the datanode c287e0c1-5401-4ab1-85ea-f9321adc6aaf{ip: 192.168.34.46, host: pr-hdds-2344-k2wqm-1432304908, networkLocation: /default-rack, certSerialId: null} reports an CLOSED replica.
2019-10-25 02:22:07,982 [EventQueue-ContainerReportForContainerReportHandler] WARN  container.ContainerReportHandler (AbstractContainerReportHandler.java:updateContainerState(145)) - Container #1 is in OPEN state, but the datanode b706312b-118f-4972-9c71-4cc867b58d89{ip: 192.168.34.46, host: pr-hdds-2344-k2wqm-1432304908, networkLocation: /default-rack, certSerialId: null} reports an CLOSED replica.
2019-10-25 02:22:08,222 [EventQueue-ContainerReportForContainerReportHandler] WARN  container.ContainerReportHandler (AbstractContainerReportHandler.java:updateContainerState(145)) - Container #1 is in OPEN state, but the datanode c287e0c1-5401-4ab1-85ea-f9321adc6aaf{ip: 192.168.34.46, host: pr-hdds-2344-k2wqm-1432304908, networkLocation: /default-rack, certSerialId: null} reports an CLOSED replica.
2019-10-25 02:22:08,381 [EventQueue-ContainerReportForContainerReportHandler] WARN  container.ContainerReportHandler (AbstractContainerReportHandler.java:updateContainerState(145)) - Container #1 is in OPEN state, but the datanode b706312b-118f-4972-9c71-4cc867b58d89{ip: 192.168.34.46, host: pr-hdds-2344-k2wqm-1432304908, networkLocation: /default-rack, certSerialId: null} reports an CLOSED replica.
2019-10-25 02:22:08,522 [EventQueue-ContainerReportForContainerReportHandler] WARN  container.ContainerReportHandler (AbstractContainerReportHandler.java:updateContainerState(145)) - Container #1 is in OPEN state, but the datanode c287e0c1-5401-4ab1-85ea-f9321adc6aaf{ip: 192.168.34.46, host: pr-hdds-2344-k2wqm-1432304908, networkLocation: /default-rack, certSerialId: null} reports an CLOSED replica.
2019-10-25 02:22:08,678 [BlockDeletingService#6] WARN  background.BlockDeletingService (BlockDeletingService.java:isDeletionAllowed(187)) - Close Container log Index 6 is not replicated across allthe servers in the pipeline 80d03f1e-dc0e-4300-89d1-db0659ca759e as the min replicated index is 4. Deletion is not allowed in this container yet.
2019-10-25 02:22:08,678 [BlockDeletingService#2] WARN  background.BlockDeletingService (BlockDeletingService.java:isDeletionAllowed(187)) - Close Container log Index 6 is not replicated across allthe servers in the pipeline 80d03f1e-dc0e-4300-89d1-db0659ca759e as the min replicated index is 4. Deletion is not allowed in this container yet.
2019-10-25 02:22:08,682 [EventQueue-ContainerReportForContainerReportHandler] WARN  container.ContainerReportHandler (AbstractContainerReportHandler.java:updateContainerState(145)) - Container #1 is in OPEN state, but the datanode b706312b-118f-4972-9c71-4cc867b58d89{ip: 192.168.34.46, host: pr-hdds-2344-k2wqm-1432304908, networkLocation: /default-rack, certSerialId: null} reports an CLOSED replica.
2019-10-25 02:22:08,822 [EventQueue-ContainerReportForContainerReportHandler] WARN  container.ContainerReportHandler (AbstractContainerReportHandler.java:updateContainerState(145)) - Container #1 is in OPEN state, but the datanode c287e0c1-5401-4ab1-85ea-f9321adc6aaf{ip: 192.168.34.46, host: pr-hdds-2344-k2wqm-1432304908, networkLocation: /default-rack, certSerialId: null} reports an CLOSED replica.
2019-10-25 02:22:08,882 [EventQueue-ContainerReportForContainerReportHandler] WARN  container.ContainerReportHandler (AbstractContainerReportHandler.java:updateContainerState(145)) - Container #1 is in OPEN state, but the datanode b706312b-118f-4972-9c71-4cc867b58d89{ip: 192.168.34.46, host: pr-hdds-2344-k2wqm-1432304908, networkLocation: /default-rack, certSerialId: null} reports an CLOSED replica.
2019-10-25 02:22:09,023 [EventQueue-ContainerReportForContainerReportHandler] WARN  container.ContainerReportHandler (AbstractContainerReportHandler.java:updateContainerState(145)) - Container #1 is in OPEN state, but the datanode c287e0c1-5401-4ab1-85ea-f9321adc6aaf{ip: 192.168.34.46, host: pr-hdds-2344-k2wqm-1432304908, networkLocation: /default-rack, certSerialId: null} reports an CLOSED replica.
2019-10-25 02:22:09,037 [java.util.concurrent.ThreadPoolExecutor$Worker@1a1b1369[State = -1, empty queue]] WARN  server.GrpcLogAppender (GrpcLogAppender.java:timeoutAppendRequest(209)) - b706312b-118f-4972-9c71-4cc867b58d89@group-DB0659CA759E->25203751-88e7-46c0-b9ea-976de1ff2c7c-GrpcLogAppender: appendEntries Timeout, request=b706312b-118f-4972-9c71-4cc867b58d89->25203751-88e7-46c0-b9ea-976de1ff2c7c#32-t1, previous=(t:1, i:10), leaderCommit=10, initializing? false, entries: <empty>
2019-10-25 02:22:09,081 [EventQueue-ContainerReportForContainerReportHandler] WARN  container.ContainerReportHandler (AbstractContainerReportHandler.java:updateContainerState(145)) - Container #1 is in OPEN state, but the datanode b706312b-118f-4972-9c71-4cc867b58d89{ip: 192.168.34.46, host: pr-hdds-2344-k2wqm-1432304908, networkLocation: /default-rack, certSerialId: null} reports an CLOSED replica.
2019-10-25 02:22:09,222 [EventQueue-ContainerReportForContainerReportHandler] WARN  container.ContainerReportHandler (AbstractContainerReportHandler.java:updateContainerState(145)) - Container #1 is in OPEN state, but the datanode c287e0c1-5401-4ab1-85ea-f9321adc6aaf{ip: 192.168.34.46, host: pr-hdds-2344-k2wqm-1432304908, networkLocation: /default-rack, certSerialId: null} reports an CLOSED replica.
2019-10-25 02:22:09,382 [EventQueue-ContainerReportForContainerReportHandler] WARN  container.ContainerReportHandler (AbstractContainerReportHandler.java:updateContainerState(145)) - Container #1 is in OPEN state, but the datanode b706312b-118f-4972-9c71-4cc867b58d89{ip: 192.168.34.46, host: pr-hdds-2344-k2wqm-1432304908, networkLocation: /default-rack, certSerialId: null} reports an CLOSED replica.
2019-10-25 02:22:09,622 [EventQueue-ContainerReportForContainerReportHandler] WARN  container.ContainerReportHandler (AbstractContainerReportHandler.java:updateContainerState(145)) - Container #1 is in OPEN state, but the datanode c287e0c1-5401-4ab1-85ea-f9321adc6aaf{ip: 192.168.34.46, host: pr-hdds-2344-k2wqm-1432304908, networkLocation: /default-rack, certSerialId: null} reports an CLOSED replica.
2019-10-25 02:22:09,681 [BlockDeletingService#2] WARN  background.BlockDeletingService (BlockDeletingService.java:isDeletionAllowed(187)) - Close Container log Index 6 is not replicated across allthe servers in the pipeline 80d03f1e-dc0e-4300-89d1-db0659ca759e as the min replicated index is 4. Deletion is not allowed in this container yet.
2019-10-25 02:22:09,681 [BlockDeletingService#6] WARN  background.BlockDeletingService (BlockDeletingService.java:isDeletionAllowed(187)) - Close Container log Index 6 is not replicated across allthe servers in the pipeline 80d03f1e-dc0e-4300-89d1-db0659ca759e as the min replicated index is 4. Deletion is not allowed in this container yet.
2019-10-25 02:22:09,782 [EventQueue-ContainerReportForContainerReportHandler] WARN  container.ContainerReportHandler (AbstractContainerReportHandler.java:updateContainerState(145)) - Container #1 is in OPEN state, but the datanode b706312b-118f-4972-9c71-4cc867b58d89{ip: 192.168.34.46, host: pr-hdds-2344-k2wqm-1432304908, networkLocation: /default-rack, certSerialId: null} reports an CLOSED replica.
2019-10-25 02:22:09,922 [EventQueue-ContainerReportForContainerReportHandler] WARN  container.ContainerReportHandler (AbstractContainerReportHandler.java:updateContainerState(145)) - Container #1 is in OPEN state, but the datanode c287e0c1-5401-4ab1-85ea-f9321adc6aaf{ip: 192.168.34.46, host: pr-hdds-2344-k2wqm-1432304908, networkLocation: /default-rack, certSerialId: null} reports an CLOSED replica.
2019-10-25 02:22:10,186 [EventQueue-ContainerReportForContainerReportHandler] WARN  container.ContainerReportHandler (AbstractContainerReportHandler.java:updateContainerState(145)) - Container #1 is in OPEN state, but the datanode b706312b-118f-4972-9c71-4cc867b58d89{ip: 192.168.34.46, host: pr-hdds-2344-k2wqm-1432304908, networkLocation: /default-rack, certSerialId: null} reports an CLOSED replica.
2019-10-25 02:22:10,222 [EventQueue-ContainerReportForContainerReportHandler] WARN  container.ContainerReportHandler (AbstractContainerReportHandler.java:updateContainerState(145)) - Container #1 is in OPEN state, but the datanode c287e0c1-5401-4ab1-85ea-f9321adc6aaf{ip: 192.168.34.46, host: pr-hdds-2344-k2wqm-1432304908, networkLocation: /default-rack, certSerialId: null} reports an CLOSED replica.
2019-10-25 02:22:10,422 [EventQueue-ContainerReportForContainerReportHandler] WARN  container.ContainerReportHandler (AbstractContainerReportHandler.java:updateContainerState(145)) - Container #1 is in OPEN state, but the datanode c287e0c1-5401-4ab1-85ea-f9321adc6aaf{ip: 192.168.34.46, host: pr-hdds-2344-k2wqm-1432304908, networkLocation: /default-rack, certSerialId: null} reports an CLOSED replica.
2019-10-25 02:22:10,485 [EventQueue-ContainerReportForContainerReportHandler] WARN  container.ContainerReportHandler (AbstractContainerReportHandler.java:updateContainerState(145)) - Container #1 is in OPEN state, but the datanode b706312b-118f-4972-9c71-4cc867b58d89{ip: 192.168.34.46, host: pr-hdds-2344-k2wqm-1432304908, networkLocation: /default-rack, certSerialId: null} reports an CLOSED replica.
2019-10-25 02:22:10,684 [BlockDeletingService#2] WARN  background.BlockDeletingService (BlockDeletingService.java:isDeletionAllowed(187)) - Close Container log Index 6 is not replicated across allthe servers in the pipeline 80d03f1e-dc0e-4300-89d1-db0659ca759e as the min replicated index is 4. Deletion is not allowed in this container yet.
2019-10-25 02:22:10,684 [BlockDeletingService#6] WARN  background.BlockDeletingService (BlockDeletingService.java:isDeletionAllowed(187)) - Close Container log Index 6 is not replicated across allthe servers in the pipeline 80d03f1e-dc0e-4300-89d1-db0659ca759e as the min replicated index is 4. Deletion is not allowed in this container yet.
2019-10-25 02:22:10,685 [EventQueue-ContainerReportForContainerReportHandler] WARN  container.ContainerReportHandler (AbstractContainerReportHandler.java:updateContainerState(145)) - Container #1 is in OPEN state, but the datanode b706312b-118f-4972-9c71-4cc867b58d89{ip: 192.168.34.46, host: pr-hdds-2344-k2wqm-1432304908, networkLocation: /default-rack, certSerialId: null} reports an CLOSED replica.
2019-10-25 02:22:10,822 [EventQueue-ContainerReportForContainerReportHandler] WARN  container.ContainerReportHandler (AbstractContainerReportHandler.java:updateContainerState(145)) - Container #1 is in OPEN state, but the datanode c287e0c1-5401-4ab1-85ea-f9321adc6aaf{ip: 192.168.34.46, host: pr-hdds-2344-k2wqm-1432304908, networkLocation: /default-rack, certSerialId: null} reports an CLOSED replica.
2019-10-25 02:22:10,986 [EventQueue-ContainerReportForContainerReportHandler] WARN  container.ContainerReportHandler (AbstractContainerReportHandler.java:updateContainerState(145)) - Container #1 is in OPEN state, but the datanode b706312b-118f-4972-9c71-4cc867b58d89{ip: 192.168.34.46, host: pr-hdds-2344-k2wqm-1432304908, networkLocation: /default-rack, certSerialId: null} reports an CLOSED replica.
2019-10-25 02:22:11,023 [EventQueue-ContainerReportForContainerReportHandler] WARN  container.ContainerReportHandler (AbstractContainerReportHandler.java:updateContainerState(145)) - Container #1 is in OPEN state, but the datanode c287e0c1-5401-4ab1-85ea-f9321adc6aaf{ip: 192.168.34.46, host: pr-hdds-2344-k2wqm-1432304908, networkLocation: /default-rack, certSerialId: null} reports an CLOSED replica.
2019-10-25 02:22:11,386 [EventQueue-ContainerReportForContainerReportHandler] WARN  container.ContainerReportHandler (AbstractContainerReportHandler.java:updateContainerState(145)) - Container #1 is in OPEN state, but the datanode b706312b-118f-4972-9c71-4cc867b58d89{ip: 192.168.34.46, host: pr-hdds-2344-k2wqm-1432304908, networkLocation: /default-rack, certSerialId: null} reports an CLOSED replica.
2019-10-25 02:22:11,423 [EventQueue-ContainerReportForContainerReportHandler] WARN  container.ContainerReportHandler (AbstractContainerReportHandler.java:updateContainerState(145)) - Container #1 is in OPEN state, but the datanode c287e0c1-5401-4ab1-85ea-f9321adc6aaf{ip: 192.168.34.46, host: pr-hdds-2344-k2wqm-1432304908, networkLocation: /default-rack, certSerialId: null} reports an CLOSED replica.
2019-10-25 02:22:11,539 [java.util.concurrent.ThreadPoolExecutor$Worker@1a1b1369[State = -1, empty queue]] WARN  server.GrpcLogAppender (GrpcLogAppender.java:timeoutAppendRequest(209)) - b706312b-118f-4972-9c71-4cc867b58d89@group-DB0659CA759E->25203751-88e7-46c0-b9ea-976de1ff2c7c-GrpcLogAppender: appendEntries Timeout, request=b706312b-118f-4972-9c71-4cc867b58d89->25203751-88e7-46c0-b9ea-976de1ff2c7c#33-t1, previous=(t:1, i:10), leaderCommit=10, initializing? false, entries: <empty>
2019-10-25 02:22:11,624 [EventQueue-ContainerReportForContainerReportHandler] WARN  container.ContainerReportHandler (AbstractContainerReportHandler.java:updateContainerState(145)) - Container #1 is in OPEN state, but the datanode c287e0c1-5401-4ab1-85ea-f9321adc6aaf{ip: 192.168.34.46, host: pr-hdds-2344-k2wqm-1432304908, networkLocation: /default-rack, certSerialId: null} reports an CLOSED replica.
2019-10-25 02:22:11,686 [EventQueue-ContainerReportForContainerReportHandler] WARN  container.ContainerReportHandler (AbstractContainerReportHandler.java:updateContainerState(145)) - Container #1 is in OPEN state, but the datanode b706312b-118f-4972-9c71-4cc867b58d89{ip: 192.168.34.46, host: pr-hdds-2344-k2wqm-1432304908, networkLocation: /default-rack, certSerialId: null} reports an CLOSED replica.
2019-10-25 02:22:11,687 [BlockDeletingService#2] WARN  background.BlockDeletingService (BlockDeletingService.java:isDeletionAllowed(187)) - Close Container log Index 6 is not replicated across allthe servers in the pipeline 80d03f1e-dc0e-4300-89d1-db0659ca759e as the min replicated index is 4. Deletion is not allowed in this container yet.
2019-10-25 02:22:11,687 [BlockDeletingService#6] WARN  background.BlockDeletingService (BlockDeletingService.java:isDeletionAllowed(187)) - Close Container log Index 6 is not replicated across allthe servers in the pipeline 80d03f1e-dc0e-4300-89d1-db0659ca759e as the min replicated index is 4. Deletion is not allowed in this container yet.
2019-10-25 02:22:11,886 [EventQueue-ContainerReportForContainerReportHandler] WARN  container.ContainerReportHandler (AbstractContainerReportHandler.java:updateContainerState(145)) - Container #1 is in OPEN state, but the datanode b706312b-118f-4972-9c71-4cc867b58d89{ip: 192.168.34.46, host: pr-hdds-2344-k2wqm-1432304908, networkLocation: /default-rack, certSerialId: null} reports an CLOSED replica.
2019-10-25 02:22:12,027 [EventQueue-ContainerReportForContainerReportHandler] WARN  container.ContainerReportHandler (AbstractContainerReportHandler.java:updateContainerState(145)) - Container #1 is in OPEN state, but the datanode c287e0c1-5401-4ab1-85ea-f9321adc6aaf{ip: 192.168.34.46, host: pr-hdds-2344-k2wqm-1432304908, networkLocation: /default-rack, certSerialId: null} reports an CLOSED replica.
2019-10-25 02:22:12,186 [EventQueue-ContainerReportForContainerReportHandler] WARN  container.ContainerReportHandler (AbstractContainerReportHandler.java:updateContainerState(145)) - Container #1 is in OPEN state, but the datanode b706312b-118f-4972-9c71-4cc867b58d89{ip: 192.168.34.46, host: pr-hdds-2344-k2wqm-1432304908, networkLocation: /default-rack, certSerialId: null} reports an CLOSED replica.
2019-10-25 02:22:12,327 [EventQueue-ContainerReportForContainerReportHandler] WARN  container.ContainerReportHandler (AbstractContainerReportHandler.java:updateContainerState(145)) - Container #1 is in OPEN state, but the datanode c287e0c1-5401-4ab1-85ea-f9321adc6aaf{ip: 192.168.34.46, host: pr-hdds-2344-k2wqm-1432304908, networkLocation: /default-rack, certSerialId: null} reports an CLOSED replica.
2019-10-25 02:22:12,386 [EventQueue-ContainerReportForContainerReportHandler] WARN  container.ContainerReportHandler (AbstractContainerReportHandler.java:updateContainerState(145)) - Container #1 is in OPEN state, but the datanode b706312b-118f-4972-9c71-4cc867b58d89{ip: 192.168.34.46, host: pr-hdds-2344-k2wqm-1432304908, networkLocation: /default-rack, certSerialId: null} reports an CLOSED replica.
2019-10-25 02:22:12,627 [EventQueue-ContainerReportForContainerReportHandler] WARN  container.ContainerReportHandler (AbstractContainerReportHandler.java:updateContainerState(145)) - Container #1 is in OPEN state, but the datanode c287e0c1-5401-4ab1-85ea-f9321adc6aaf{ip: 192.168.34.46, host: pr-hdds-2344-k2wqm-1432304908, networkLocation: /default-rack, certSerialId: null} reports an CLOSED replica.
2019-10-25 02:22:12,685 [EventQueue-ContainerReportForContainerReportHandler] WARN  container.ContainerReportHandler (AbstractContainerReportHandler.java:updateContainerState(145)) - Container #1 is in OPEN state, but the datanode b706312b-118f-4972-9c71-4cc867b58d89{ip: 192.168.34.46, host: pr-hdds-2344-k2wqm-1432304908, networkLocation: /default-rack, certSerialId: null} reports an CLOSED replica.
2019-10-25 02:22:12,690 [BlockDeletingService#6] WARN  background.BlockDeletingService (BlockDeletingService.java:isDeletionAllowed(187)) - Close Container log Index 6 is not replicated across allthe servers in the pipeline 80d03f1e-dc0e-4300-89d1-db0659ca759e as the min replicated index is 4. Deletion is not allowed in this container yet.
2019-10-25 02:22:12,690 [BlockDeletingService#2] WARN  background.BlockDeletingService (BlockDeletingService.java:isDeletionAllowed(187)) - Close Container log Index 6 is not replicated across allthe servers in the pipeline 80d03f1e-dc0e-4300-89d1-db0659ca759e as the min replicated index is 4. Deletion is not allowed in this container yet.
2019-10-25 02:22:12,928 [EventQueue-ContainerReportForContainerReportHandler] WARN  container.ContainerReportHandler (AbstractContainerReportHandler.java:updateContainerState(145)) - Container #1 is in OPEN state, but the datanode c287e0c1-5401-4ab1-85ea-f9321adc6aaf{ip: 192.168.34.46, host: pr-hdds-2344-k2wqm-1432304908, networkLocation: /default-rack, certSerialId: null} reports an CLOSED replica.
2019-10-25 02:22:13,086 [EventQueue-ContainerReportForContainerReportHandler] WARN  container.ContainerReportHandler (AbstractContainerReportHandler.java:updateContainerState(145)) - Container #1 is in OPEN state, but the datanode b706312b-118f-4972-9c71-4cc867b58d89{ip: 192.168.34.46, host: pr-hdds-2344-k2wqm-1432304908, networkLocation: /default-rack, certSerialId: null} reports an CLOSED replica.
2019-10-25 02:22:13,127 [EventQueue-ContainerReportForContainerReportHandler] WARN  container.ContainerReportHandler (AbstractContainerReportHandler.java:updateContainerState(145)) - Container #1 is in OPEN state, but the datanode c287e0c1-5401-4ab1-85ea-f9321adc6aaf{ip: 192.168.34.46, host: pr-hdds-2344-k2wqm-1432304908, networkLocation: /default-rack, certSerialId: null} reports an CLOSED replica.
2019-10-25 02:22:13,489 [EventQueue-ContainerReportForContainerReportHandler] WARN  container.ContainerReportHandler (AbstractContainerReportHandler.java:updateContainerState(145)) - Container #1 is in OPEN state, but the datanode b706312b-118f-4972-9c71-4cc867b58d89{ip: 192.168.34.46, host: pr-hdds-2344-k2wqm-1432304908, networkLocation: /default-rack, certSerialId: null} reports an CLOSED replica.
2019-10-25 02:22:13,528 [EventQueue-ContainerReportForContainerReportHandler] WARN  container.ContainerReportHandler (AbstractContainerReportHandler.java:updateContainerState(145)) - Container #1 is in OPEN state, but the datanode c287e0c1-5401-4ab1-85ea-f9321adc6aaf{ip: 192.168.34.46, host: pr-hdds-2344-k2wqm-1432304908, networkLocation: /default-rack, certSerialId: null} reports an CLOSED replica.
2019-10-25 02:22:13,691 [BlockDeletingService#6] WARN  background.BlockDeletingService (BlockDeletingService.java:isDeletionAllowed(187)) - Close Container log Index 6 is not replicated across allthe servers in the pipeline 80d03f1e-dc0e-4300-89d1-db0659ca759e as the min replicated index is 4. Deletion is not allowed in this container yet.
2019-10-25 02:22:13,692 [BlockDeletingService#2] WARN  background.BlockDeletingService (BlockDeletingService.java:isDeletionAllowed(187)) - Close Container log Index 6 is not replicated across allthe servers in the pipeline 80d03f1e-dc0e-4300-89d1-db0659ca759e as the min replicated index is 4. Deletion is not allowed in this container yet.
2019-10-25 02:22:13,790 [EventQueue-ContainerReportForContainerReportHandler] WARN  container.ContainerReportHandler (AbstractContainerReportHandler.java:updateContainerState(145)) - Container #1 is in OPEN state, but the datanode b706312b-118f-4972-9c71-4cc867b58d89{ip: 192.168.34.46, host: pr-hdds-2344-k2wqm-1432304908, networkLocation: /default-rack, certSerialId: null} reports an CLOSED replica.
2019-10-25 02:22:13,827 [EventQueue-ContainerReportForContainerReportHandler] WARN  container.ContainerReportHandler (AbstractContainerReportHandler.java:updateContainerState(145)) - Container #1 is in OPEN state, but the datanode c287e0c1-5401-4ab1-85ea-f9321adc6aaf{ip: 192.168.34.46, host: pr-hdds-2344-k2wqm-1432304908, networkLocation: /default-rack, certSerialId: null} reports an CLOSED replica.
2019-10-25 02:22:14,027 [EventQueue-ContainerReportForContainerReportHandler] WARN  container.ContainerReportHandler (AbstractContainerReportHandler.java:updateContainerState(145)) - Container #1 is in OPEN state, but the datanode c287e0c1-5401-4ab1-85ea-f9321adc6aaf{ip: 192.168.34.46, host: pr-hdds-2344-k2wqm-1432304908, networkLocation: /default-rack, certSerialId: null} reports an CLOSED replica.
2019-10-25 02:22:14,041 [java.util.concurrent.ThreadPoolExecutor$Worker@1a1b1369[State = -1, empty queue]] WARN  server.GrpcLogAppender (GrpcLogAppender.java:timeoutAppendRequest(209)) - b706312b-118f-4972-9c71-4cc867b58d89@group-DB0659CA759E->25203751-88e7-46c0-b9ea-976de1ff2c7c-GrpcLogAppender: appendEntries Timeout, request=b706312b-118f-4972-9c71-4cc867b58d89->25203751-88e7-46c0-b9ea-976de1ff2c7c#34-t1, previous=(t:1, i:10), leaderCommit=10, initializing? false, entries: <empty>
2019-10-25 02:22:14,090 [EventQueue-ContainerReportForContainerReportHandler] WARN  container.ContainerReportHandler (AbstractContainerReportHandler.java:updateContainerState(145)) - Container #1 is in OPEN state, but the datanode b706312b-118f-4972-9c71-4cc867b58d89{ip: 192.168.34.46, host: pr-hdds-2344-k2wqm-1432304908, networkLocation: /default-rack, certSerialId: null} reports an CLOSED replica.
2019-10-25 02:22:14,328 [EventQueue-ContainerReportForContainerReportHandler] WARN  container.ContainerReportHandler (AbstractContainerReportHandler.java:updateContainerState(145)) - Container #1 is in OPEN state, but the datanode c287e0c1-5401-4ab1-85ea-f9321adc6aaf{ip: 192.168.34.46, host: pr-hdds-2344-k2wqm-1432304908, networkLocation: /default-rack, certSerialId: null} reports an CLOSED replica.
2019-10-25 02:22:14,390 [EventQueue-ContainerReportForContainerReportHandler] WARN  container.ContainerReportHandler (AbstractContainerReportHandler.java:updateContainerState(145)) - Container #1 is in OPEN state, but the datanode b706312b-118f-4972-9c71-4cc867b58d89{ip: 192.168.34.46, host: pr-hdds-2344-k2wqm-1432304908, networkLocation: /default-rack, certSerialId: null} reports an CLOSED replica.
2019-10-25 02:22:14,690 [EventQueue-ContainerReportForContainerReportHandler] WARN  container.ContainerReportHandler (AbstractContainerReportHandler.java:updateContainerState(145)) - Container #1 is in OPEN state, but the datanode b706312b-118f-4972-9c71-4cc867b58d89{ip: 192.168.34.46, host: pr-hdds-2344-k2wqm-1432304908, networkLocation: /default-rack, certSerialId: null} reports an CLOSED replica.
2019-10-25 02:22:14,694 [BlockDeletingService#2] WARN  background.BlockDeletingService (BlockDeletingService.java:isDeletionAllowed(187)) - Close Container log Index 6 is not replicated across allthe servers in the pipeline 80d03f1e-dc0e-4300-89d1-db0659ca759e as the min replicated index is 4. Deletion is not allowed in this container yet.
2019-10-25 02:22:14,694 [BlockDeletingService#6] WARN  background.BlockDeletingService (BlockDeletingService.java:isDeletionAllowed(187)) - Close Container log Index 6 is not replicated across allthe servers in the pipeline 80d03f1e-dc0e-4300-89d1-db0659ca759e as the min replicated index is 4. Deletion is not allowed in this container yet.
2019-10-25 02:22:14,727 [EventQueue-ContainerReportForContainerReportHandler] WARN  container.ContainerReportHandler (AbstractContainerReportHandler.java:updateContainerState(145)) - Container #1 is in OPEN state, but the datanode c287e0c1-5401-4ab1-85ea-f9321adc6aaf{ip: 192.168.34.46, host: pr-hdds-2344-k2wqm-1432304908, networkLocation: /default-rack, certSerialId: null} reports an CLOSED replica.
2019-10-25 02:22:14,992 [EventQueue-ContainerReportForContainerReportHandler] WARN  container.ContainerReportHandler (AbstractContainerReportHandler.java:updateContainerState(145)) - Container #1 is in OPEN state, but the datanode b706312b-118f-4972-9c71-4cc867b58d89{ip: 192.168.34.46, host: pr-hdds-2344-k2wqm-1432304908, networkLocation: /default-rack, certSerialId: null} reports an CLOSED replica.
2019-10-25 02:22:15,028 [EventQueue-ContainerReportForContainerReportHandler] WARN  container.ContainerReportHandler (AbstractContainerReportHandler.java:updateContainerState(145)) - Container #1 is in OPEN state, but the datanode c287e0c1-5401-4ab1-85ea-f9321adc6aaf{ip: 192.168.34.46, host: pr-hdds-2344-k2wqm-1432304908, networkLocation: /default-rack, certSerialId: null} reports an CLOSED replica.
2019-10-25 02:22:15,290 [EventQueue-ContainerReportForContainerReportHandler] WARN  container.ContainerReportHandler (AbstractContainerReportHandler.java:updateContainerState(145)) - Container #1 is in OPEN state, but the datanode b706312b-118f-4972-9c71-4cc867b58d89{ip: 192.168.34.46, host: pr-hdds-2344-k2wqm-1432304908, networkLocation: /default-rack, certSerialId: null} reports an CLOSED replica.
2019-10-25 02:22:15,429 [EventQueue-ContainerReportForContainerReportHandler] WARN  container.ContainerReportHandler (AbstractContainerReportHandler.java:updateContainerState(145)) - Container #1 is in OPEN state, but the datanode c287e0c1-5401-4ab1-85ea-f9321adc6aaf{ip: 192.168.34.46, host: pr-hdds-2344-k2wqm-1432304908, networkLocation: /default-rack, certSerialId: null} reports an CLOSED replica.
2019-10-25 02:22:15,591 [EventQueue-ContainerReportForContainerReportHandler] WARN  container.ContainerReportHandler (AbstractContainerReportHandler.java:updateContainerState(145)) - Container #1 is in OPEN state, but the datanode b706312b-118f-4972-9c71-4cc867b58d89{ip: 192.168.34.46, host: pr-hdds-2344-k2wqm-1432304908, networkLocation: /default-rack, certSerialId: null} reports an CLOSED replica.
2019-10-25 02:22:15,605 [Thread-400] INFO  client.GrpcClientProtocolService (GrpcClientProtocolService.java:lambda$processClientRequest$0(279)) - Failed RaftClientRequest:client-18E359B5664D->c287e0c1-5401-4ab1-85ea-f9321adc6aaf@group-DB0659CA759E, cid=10, seq=0, Watch-ALL_COMMITTED(6), Message:<EMPTY>, reply=RaftClientReply:client-18E359B5664D->c287e0c1-5401-4ab1-85ea-f9321adc6aaf@group-DB0659CA759E, cid=10, FAILED org.apache.ratis.protocol.NotLeaderException: Server c287e0c1-5401-4ab1-85ea-f9321adc6aaf@group-DB0659CA759E is not the leader b706312b-118f-4972-9c71-4cc867b58d89:192.168.34.46:44531, logIndex=0, commits[c287e0c1-5401-4ab1-85ea-f9321adc6aaf:c10, b706312b-118f-4972-9c71-4cc867b58d89:c10, 25203751-88e7-46c0-b9ea-976de1ff2c7c:c4]
2019-10-25 02:22:15,696 [BlockDeletingService#2] WARN  background.BlockDeletingService (BlockDeletingService.java:isDeletionAllowed(187)) - Close Container log Index 6 is not replicated across allthe servers in the pipeline 80d03f1e-dc0e-4300-89d1-db0659ca759e as the min replicated index is 4. Deletion is not allowed in this container yet.
2019-10-25 02:22:15,696 [BlockDeletingService#6] WARN  background.BlockDeletingService (BlockDeletingService.java:isDeletionAllowed(187)) - Close Container log Index 6 is not replicated across allthe servers in the pipeline 80d03f1e-dc0e-4300-89d1-db0659ca759e as the min replicated index is 4. Deletion is not allowed in this container yet.
2019-10-25 02:22:15,731 [EventQueue-ContainerReportForContainerReportHandler] WARN  container.ContainerReportHandler (AbstractContainerReportHandler.java:updateContainerState(145)) - Container #1 is in OPEN state, but the datanode c287e0c1-5401-4ab1-85ea-f9321adc6aaf{ip: 192.168.34.46, host: pr-hdds-2344-k2wqm-1432304908, networkLocation: /default-rack, certSerialId: null} reports an CLOSED replica.
2019-10-25 02:22:15,891 [EventQueue-ContainerReportForContainerReportHandler] WARN  container.ContainerReportHandler (AbstractContainerReportHandler.java:updateContainerState(145)) - Container #1 is in OPEN state, but the datanode b706312b-118f-4972-9c71-4cc867b58d89{ip: 192.168.34.46, host: pr-hdds-2344-k2wqm-1432304908, networkLocation: /default-rack, certSerialId: null} reports an CLOSED replica.
2019-10-25 02:22:15,932 [EventQueue-ContainerReportForContainerReportHandler] WARN  container.ContainerReportHandler (AbstractContainerReportHandler.java:updateContainerState(145)) - Container #1 is in OPEN state, but the datanode c287e0c1-5401-4ab1-85ea-f9321adc6aaf{ip: 192.168.34.46, host: pr-hdds-2344-k2wqm-1432304908, networkLocation: /default-rack, certSerialId: null} reports an CLOSED replica.
2019-10-25 02:22:16,232 [EventQueue-ContainerReportForContainerReportHandler] WARN  container.ContainerReportHandler (AbstractContainerReportHandler.java:updateContainerState(145)) - Container #1 is in OPEN state, but the datanode c287e0c1-5401-4ab1-85ea-f9321adc6aaf{ip: 192.168.34.46, host: pr-hdds-2344-k2wqm-1432304908, networkLocation: /default-rack, certSerialId: null} reports an CLOSED replica.
2019-10-25 02:22:16,291 [EventQueue-ContainerReportForContainerReportHandler] WARN  container.ContainerReportHandler (AbstractContainerReportHandler.java:updateContainerState(145)) - Container #1 is in OPEN state, but the datanode b706312b-118f-4972-9c71-4cc867b58d89{ip: 192.168.34.46, host: pr-hdds-2344-k2wqm-1432304908, networkLocation: /default-rack, certSerialId: null} reports an CLOSED replica.
2019-10-25 02:22:16,532 [EventQueue-ContainerReportForContainerReportHandler] WARN  container.ContainerReportHandler (AbstractContainerReportHandler.java:updateContainerState(145)) - Container #1 is in OPEN state, but the datanode c287e0c1-5401-4ab1-85ea-f9321adc6aaf{ip: 192.168.34.46, host: pr-hdds-2344-k2wqm-1432304908, networkLocation: /default-rack, certSerialId: null} reports an CLOSED replica.
2019-10-25 02:22:16,543 [java.util.concurrent.ThreadPoolExecutor$Worker@1a1b1369[State = -1, empty queue]] WARN  server.GrpcLogAppender (GrpcLogAppender.java:timeoutAppendRequest(209)) - b706312b-118f-4972-9c71-4cc867b58d89@group-DB0659CA759E->25203751-88e7-46c0-b9ea-976de1ff2c7c-GrpcLogAppender: appendEntries Timeout, request=b706312b-118f-4972-9c71-4cc867b58d89->25203751-88e7-46c0-b9ea-976de1ff2c7c#35-t1, previous=(t:1, i:10), leaderCommit=10, initializing? false, entries: <empty>
2019-10-25 02:22:16,591 [EventQueue-ContainerReportForContainerReportHandler] WARN  container.ContainerReportHandler (AbstractContainerReportHandler.java:updateContainerState(145)) - Container #1 is in OPEN state, but the datanode b706312b-118f-4972-9c71-4cc867b58d89{ip: 192.168.34.46, host: pr-hdds-2344-k2wqm-1432304908, networkLocation: /default-rack, certSerialId: null} reports an CLOSED replica.
2019-10-25 02:22:16,699 [BlockDeletingService#2] WARN  background.BlockDeletingService (BlockDeletingService.java:isDeletionAllowed(187)) - Close Container log Index 6 is not replicated across allthe servers in the pipeline 80d03f1e-dc0e-4300-89d1-db0659ca759e as the min replicated index is 4. Deletion is not allowed in this container yet.
2019-10-25 02:22:16,700 [BlockDeletingService#6] WARN  background.BlockDeletingService (BlockDeletingService.java:isDeletionAllowed(187)) - Close Container log Index 6 is not replicated across allthe servers in the pipeline 80d03f1e-dc0e-4300-89d1-db0659ca759e as the min replicated index is 4. Deletion is not allowed in this container yet.
2019-10-25 02:22:16,732 [EventQueue-ContainerReportForContainerReportHandler] WARN  container.ContainerReportHandler (AbstractContainerReportHandler.java:updateContainerState(145)) - Container #1 is in OPEN state, but the datanode c287e0c1-5401-4ab1-85ea-f9321adc6aaf{ip: 192.168.34.46, host: pr-hdds-2344-k2wqm-1432304908, networkLocation: /default-rack, certSerialId: null} reports an CLOSED replica.
2019-10-25 02:22:16,755 [Thread-408] INFO  client.GrpcClientProtocolService (GrpcClientProtocolService.java:lambda$processClientRequest$0(279)) - Failed RaftClientRequest:client-18E359B5664D->b706312b-118f-4972-9c71-4cc867b58d89@group-DB0659CA759E, cid=10, seq=0, Watch-ALL_COMMITTED(6), Message:<EMPTY>, reply=RaftClientReply:client-18E359B5664D->b706312b-118f-4972-9c71-4cc867b58d89@group-DB0659CA759E, cid=10, FAILED org.apache.ratis.protocol.NotReplicatedException: Request with call Id 10 and log index 6 is not yet replicated to ALL_COMMITTED, logIndex=6, commits[b706312b-118f-4972-9c71-4cc867b58d89:c10, c287e0c1-5401-4ab1-85ea-f9321adc6aaf:c10, 25203751-88e7-46c0-b9ea-976de1ff2c7c:c4]
2019-10-25 02:22:16,892 [EventQueue-ContainerReportForContainerReportHandler] WARN  container.ContainerReportHandler (AbstractContainerReportHandler.java:updateContainerState(145)) - Container #1 is in OPEN state, but the datanode b706312b-118f-4972-9c71-4cc867b58d89{ip: 192.168.34.46, host: pr-hdds-2344-k2wqm-1432304908, networkLocation: /default-rack, certSerialId: null} reports an CLOSED replica.
2019-10-25 02:22:17,132 [EventQueue-ContainerReportForContainerReportHandler] WARN  container.ContainerReportHandler (AbstractContainerReportHandler.java:updateContainerState(145)) - Container #1 is in OPEN state, but the datanode c287e0c1-5401-4ab1-85ea-f9321adc6aaf{ip: 192.168.34.46, host: pr-hdds-2344-k2wqm-1432304908, networkLocation: /default-rack, certSerialId: null} reports an CLOSED replica.
2019-10-25 02:22:17,293 [EventQueue-ContainerReportForContainerReportHandler] WARN  container.ContainerReportHandler (AbstractContainerReportHandler.java:updateContainerState(145)) - Container #1 is in OPEN state, but the datanode b706312b-118f-4972-9c71-4cc867b58d89{ip: 192.168.34.46, host: pr-hdds-2344-k2wqm-1432304908, networkLocation: /default-rack, certSerialId: null} reports an CLOSED replica.
2019-10-25 02:22:17,534 [EventQueue-ContainerReportForContainerReportHandler] WARN  container.ContainerReportHandler (AbstractContainerReportHandler.java:updateContainerState(145)) - Container #1 is in OPEN state, but the datanode c287e0c1-5401-4ab1-85ea-f9321adc6aaf{ip: 192.168.34.46, host: pr-hdds-2344-k2wqm-1432304908, networkLocation: /default-rack, certSerialId: null} reports an CLOSED replica.
2019-10-25 02:22:17,593 [EventQueue-ContainerReportForContainerReportHandler] WARN  container.ContainerReportHandler (AbstractContainerReportHandler.java:updateContainerState(145)) - Container #1 is in OPEN state, but the datanode b706312b-118f-4972-9c71-4cc867b58d89{ip: 192.168.34.46, host: pr-hdds-2344-k2wqm-1432304908, networkLocation: /default-rack, certSerialId: null} reports an CLOSED replica.
2019-10-25 02:22:17,701 [BlockDeletingService#2] WARN  background.BlockDeletingService (BlockDeletingService.java:isDeletionAllowed(187)) - Close Container log Index 6 is not replicated across allthe servers in the pipeline 80d03f1e-dc0e-4300-89d1-db0659ca759e as the min replicated index is 4. Deletion is not allowed in this container yet.
2019-10-25 02:22:17,703 [BlockDeletingService#6] WARN  background.BlockDeletingService (BlockDeletingService.java:isDeletionAllowed(187)) - Close Container log Index 6 is not replicated across allthe servers in the pipeline 80d03f1e-dc0e-4300-89d1-db0659ca759e as the min replicated index is 4. Deletion is not allowed in this container yet.
2019-10-25 02:22:17,834 [EventQueue-ContainerReportForContainerReportHandler] WARN  container.ContainerReportHandler (AbstractContainerReportHandler.java:updateContainerState(145)) - Container #1 is in OPEN state, but the datanode c287e0c1-5401-4ab1-85ea-f9321adc6aaf{ip: 192.168.34.46, host: pr-hdds-2344-k2wqm-1432304908, networkLocation: /default-rack, certSerialId: null} reports an CLOSED replica.
2019-10-25 02:22:17,994 [EventQueue-ContainerReportForContainerReportHandler] WARN  container.ContainerReportHandler (AbstractContainerReportHandler.java:updateContainerState(145)) - Container #1 is in OPEN state, but the datanode b706312b-118f-4972-9c71-4cc867b58d89{ip: 192.168.34.46, host: pr-hdds-2344-k2wqm-1432304908, networkLocation: /default-rack, certSerialId: null} reports an CLOSED replica.
2019-10-25 02:22:18,034 [EventQueue-ContainerReportForContainerReportHandler] WARN  container.ContainerReportHandler (AbstractContainerReportHandler.java:updateContainerState(145)) - Container #1 is in OPEN state, but the datanode c287e0c1-5401-4ab1-85ea-f9321adc6aaf{ip: 192.168.34.46, host: pr-hdds-2344-k2wqm-1432304908, networkLocation: /default-rack, certSerialId: null} reports an CLOSED replica.
2019-10-25 02:22:18,297 [EventQueue-ContainerReportForContainerReportHandler] WARN  container.ContainerReportHandler (AbstractContainerReportHandler.java:updateContainerState(145)) - Container #1 is in OPEN state, but the datanode b706312b-118f-4972-9c71-4cc867b58d89{ip: 192.168.34.46, host: pr-hdds-2344-k2wqm-1432304908, networkLocation: /default-rack, certSerialId: null} reports an CLOSED replica.
2019-10-25 02:22:18,433 [EventQueue-ContainerReportForContainerReportHandler] WARN  container.ContainerReportHandler (AbstractContainerReportHandler.java:updateContainerState(145)) - Container #1 is in OPEN state, but the datanode c287e0c1-5401-4ab1-85ea-f9321adc6aaf{ip: 192.168.34.46, host: pr-hdds-2344-k2wqm-1432304908, networkLocation: /default-rack, certSerialId: null} reports an CLOSED replica.
2019-10-25 02:22:18,598 [EventQueue-ContainerReportForContainerReportHandler] WARN  container.ContainerReportHandler (AbstractContainerReportHandler.java:updateContainerState(145)) - Container #1 is in OPEN state, but the datanode b706312b-118f-4972-9c71-4cc867b58d89{ip: 192.168.34.46, host: pr-hdds-2344-k2wqm-1432304908, networkLocation: /default-rack, certSerialId: null} reports an CLOSED replica.
2019-10-25 02:22:18,633 [EventQueue-ContainerReportForContainerReportHandler] WARN  container.ContainerReportHandler (AbstractContainerReportHandler.java:updateContainerState(145)) - Container #1 is in OPEN state, but the datanode c287e0c1-5401-4ab1-85ea-f9321adc6aaf{ip: 192.168.34.46, host: pr-hdds-2344-k2wqm-1432304908, networkLocation: /default-rack, certSerialId: null} reports an CLOSED replica.
2019-10-25 02:22:18,704 [BlockDeletingService#2] WARN  background.BlockDeletingService (BlockDeletingService.java:isDeletionAllowed(187)) - Close Container log Index 6 is not replicated across allthe servers in the pipeline 80d03f1e-dc0e-4300-89d1-db0659ca759e as the min replicated index is 4. Deletion is not allowed in this container yet.
2019-10-25 02:22:18,704 [BlockDeletingService#6] WARN  background.BlockDeletingService (BlockDeletingService.java:isDeletionAllowed(187)) - Close Container log Index 6 is not replicated across allthe servers in the pipeline 80d03f1e-dc0e-4300-89d1-db0659ca759e as the min replicated index is 4. Deletion is not allowed in this container yet.
2019-10-25 02:22:18,899 [EventQueue-ContainerReportForContainerReportHandler] WARN  container.ContainerReportHandler (AbstractContainerReportHandler.java:updateContainerState(145)) - Container #1 is in OPEN state, but the datanode b706312b-118f-4972-9c71-4cc867b58d89{ip: 192.168.34.46, host: pr-hdds-2344-k2wqm-1432304908, networkLocation: /default-rack, certSerialId: null} reports an CLOSED replica.
2019-10-25 02:22:18,934 [EventQueue-ContainerReportForContainerReportHandler] WARN  container.ContainerReportHandler (AbstractContainerReportHandler.java:updateContainerState(145)) - Container #1 is in OPEN state, but the datanode c287e0c1-5401-4ab1-85ea-f9321adc6aaf{ip: 192.168.34.46, host: pr-hdds-2344-k2wqm-1432304908, networkLocation: /default-rack, certSerialId: null} reports an CLOSED replica.
2019-10-25 02:22:19,044 [java.util.concurrent.ThreadPoolExecutor$Worker@1a1b1369[State = -1, empty queue]] WARN  server.GrpcLogAppender (GrpcLogAppender.java:timeoutAppendRequest(209)) - b706312b-118f-4972-9c71-4cc867b58d89@group-DB0659CA759E->25203751-88e7-46c0-b9ea-976de1ff2c7c-GrpcLogAppender: appendEntries Timeout, request=b706312b-118f-4972-9c71-4cc867b58d89->25203751-88e7-46c0-b9ea-976de1ff2c7c#36-t1, previous=(t:1, i:10), leaderCommit=10, initializing? false, entries: <empty>
2019-10-25 02:22:19,100 [EventQueue-ContainerReportForContainerReportHandler] WARN  container.ContainerReportHandler (AbstractContainerReportHandler.java:updateContainerState(145)) - Container #1 is in OPEN state, but the datanode b706312b-118f-4972-9c71-4cc867b58d89{ip: 192.168.34.46, host: pr-hdds-2344-k2wqm-1432304908, networkLocation: /default-rack, certSerialId: null} reports an CLOSED replica.
2019-10-25 02:22:19,336 [EventQueue-ContainerReportForContainerReportHandler] WARN  container.ContainerReportHandler (AbstractContainerReportHandler.java:updateContainerState(145)) - Container #1 is in OPEN state, but the datanode c287e0c1-5401-4ab1-85ea-f9321adc6aaf{ip: 192.168.34.46, host: pr-hdds-2344-k2wqm-1432304908, networkLocation: /default-rack, certSerialId: null} reports an CLOSED replica.
2019-10-25 02:22:19,401 [EventQueue-ContainerReportForContainerReportHandler] WARN  container.ContainerReportHandler (AbstractContainerReportHandler.java:updateContainerState(145)) - Container #1 is in OPEN state, but the datanode b706312b-118f-4972-9c71-4cc867b58d89{ip: 192.168.34.46, host: pr-hdds-2344-k2wqm-1432304908, networkLocation: /default-rack, certSerialId: null} reports an CLOSED replica.
2019-10-25 02:22:19,635 [EventQueue-ContainerReportForContainerReportHandler] WARN  container.ContainerReportHandler (AbstractContainerReportHandler.java:updateContainerState(145)) - Container #1 is in OPEN state, but the datanode c287e0c1-5401-4ab1-85ea-f9321adc6aaf{ip: 192.168.34.46, host: pr-hdds-2344-k2wqm-1432304908, networkLocation: /default-rack, certSerialId: null} reports an CLOSED replica.
2019-10-25 02:22:19,705 [BlockDeletingService#2] WARN  background.BlockDeletingService (BlockDeletingService.java:isDeletionAllowed(187)) - Close Container log Index 6 is not replicated across allthe servers in the pipeline 80d03f1e-dc0e-4300-89d1-db0659ca759e as the min replicated index is 4. Deletion is not allowed in this container yet.
2019-10-25 02:22:19,706 [BlockDeletingService#6] WARN  background.BlockDeletingService (BlockDeletingService.java:isDeletionAllowed(187)) - Close Container log Index 6 is not replicated across allthe servers in the pipeline 80d03f1e-dc0e-4300-89d1-db0659ca759e as the min replicated index is 4. Deletion is not allowed in this container yet.
2019-10-25 02:22:19,804 [EventQueue-ContainerReportForContainerReportHandler] WARN  container.ContainerReportHandler (AbstractContainerReportHandler.java:updateContainerState(145)) - Container #1 is in OPEN state, but the datanode b706312b-118f-4972-9c71-4cc867b58d89{ip: 192.168.34.46, host: pr-hdds-2344-k2wqm-1432304908, networkLocation: /default-rack, certSerialId: null} reports an CLOSED replica.
2019-10-25 02:22:19,935 [EventQueue-ContainerReportForContainerReportHandler] WARN  container.ContainerReportHandler (AbstractContainerReportHandler.java:updateContainerState(145)) - Container #1 is in OPEN state, but the datanode c287e0c1-5401-4ab1-85ea-f9321adc6aaf{ip: 192.168.34.46, host: pr-hdds-2344-k2wqm-1432304908, networkLocation: /default-rack, certSerialId: null} reports an CLOSED replica.
2019-10-25 02:22:20,004 [EventQueue-ContainerReportForContainerReportHandler] WARN  container.ContainerReportHandler (AbstractContainerReportHandler.java:updateContainerState(145)) - Container #1 is in OPEN state, but the datanode b706312b-118f-4972-9c71-4cc867b58d89{ip: 192.168.34.46, host: pr-hdds-2344-k2wqm-1432304908, networkLocation: /default-rack, certSerialId: null} reports an CLOSED replica.
2019-10-25 02:22:20,135 [EventQueue-ContainerReportForContainerReportHandler] WARN  container.ContainerReportHandler (AbstractContainerReportHandler.java:updateContainerState(145)) - Container #1 is in OPEN state, but the datanode c287e0c1-5401-4ab1-85ea-f9321adc6aaf{ip: 192.168.34.46, host: pr-hdds-2344-k2wqm-1432304908, networkLocation: /default-rack, certSerialId: null} reports an CLOSED replica.
2019-10-25 02:22:20,305 [EventQueue-ContainerReportForContainerReportHandler] WARN  container.ContainerReportHandler (AbstractContainerReportHandler.java:updateContainerState(145)) - Container #1 is in OPEN state, but the datanode b706312b-118f-4972-9c71-4cc867b58d89{ip: 192.168.34.46, host: pr-hdds-2344-k2wqm-1432304908, networkLocation: /default-rack, certSerialId: null} reports an CLOSED replica.
2019-10-25 02:22:20,435 [EventQueue-ContainerReportForContainerReportHandler] WARN  container.ContainerReportHandler (AbstractContainerReportHandler.java:updateContainerState(145)) - Container #1 is in OPEN state, but the datanode c287e0c1-5401-4ab1-85ea-f9321adc6aaf{ip: 192.168.34.46, host: pr-hdds-2344-k2wqm-1432304908, networkLocation: /default-rack, certSerialId: null} reports an CLOSED replica.
2019-10-25 02:22:20,507 [EventQueue-ContainerReportForContainerReportHandler] WARN  container.ContainerReportHandler (AbstractContainerReportHandler.java:updateContainerState(145)) - Container #1 is in OPEN state, but the datanode b706312b-118f-4972-9c71-4cc867b58d89{ip: 192.168.34.46, host: pr-hdds-2344-k2wqm-1432304908, networkLocation: /default-rack, certSerialId: null} reports an CLOSED replica.
2019-10-25 02:22:20,636 [EventQueue-ContainerReportForContainerReportHandler] WARN  container.ContainerReportHandler (AbstractContainerReportHandler.java:updateContainerState(145)) - Container #1 is in OPEN state, but the datanode c287e0c1-5401-4ab1-85ea-f9321adc6aaf{ip: 192.168.34.46, host: pr-hdds-2344-k2wqm-1432304908, networkLocation: /default-rack, certSerialId: null} reports an CLOSED replica.
2019-10-25 02:22:20,706 [BlockDeletingService#2] WARN  background.BlockDeletingService (BlockDeletingService.java:isDeletionAllowed(187)) - Close Container log Index 6 is not replicated across allthe servers in the pipeline 80d03f1e-dc0e-4300-89d1-db0659ca759e as the min replicated index is 4. Deletion is not allowed in this container yet.
2019-10-25 02:22:20,707 [BlockDeletingService#6] WARN  background.BlockDeletingService (BlockDeletingService.java:isDeletionAllowed(187)) - Close Container log Index 6 is not replicated across allthe servers in the pipeline 80d03f1e-dc0e-4300-89d1-db0659ca759e as the min replicated index is 4. Deletion is not allowed in this container yet.
2019-10-25 02:22:20,909 [EventQueue-ContainerReportForContainerReportHandler] WARN  container.ContainerReportHandler (AbstractContainerReportHandler.java:updateContainerState(145)) - Container #1 is in OPEN state, but the datanode b706312b-118f-4972-9c71-4cc867b58d89{ip: 192.168.34.46, host: pr-hdds-2344-k2wqm-1432304908, networkLocation: /default-rack, certSerialId: null} reports an CLOSED replica.
2019-10-25 02:22:21,035 [EventQueue-ContainerReportForContainerReportHandler] WARN  container.ContainerReportHandler (AbstractContainerReportHandler.java:updateContainerState(145)) - Container #1 is in OPEN state, but the datanode c287e0c1-5401-4ab1-85ea-f9321adc6aaf{ip: 192.168.34.46, host: pr-hdds-2344-k2wqm-1432304908, networkLocation: /default-rack, certSerialId: null} reports an CLOSED replica.
2019-10-25 02:22:21,108 [EventQueue-ContainerReportForContainerReportHandler] WARN  container.ContainerReportHandler (AbstractContainerReportHandler.java:updateContainerState(145)) - Container #1 is in OPEN state, but the datanode b706312b-118f-4972-9c71-4cc867b58d89{ip: 192.168.34.46, host: pr-hdds-2344-k2wqm-1432304908, networkLocation: /default-rack, certSerialId: null} reports an CLOSED replica.
2019-10-25 02:22:21,235 [EventQueue-ContainerReportForContainerReportHandler] WARN  container.ContainerReportHandler (AbstractContainerReportHandler.java:updateContainerState(145)) - Container #1 is in OPEN state, but the datanode c287e0c1-5401-4ab1-85ea-f9321adc6aaf{ip: 192.168.34.46, host: pr-hdds-2344-k2wqm-1432304908, networkLocation: /default-rack, certSerialId: null} reports an CLOSED replica.
2019-10-25 02:22:21,308 [EventQueue-ContainerReportForContainerReportHandler] WARN  container.ContainerReportHandler (AbstractContainerReportHandler.java:updateContainerState(145)) - Container #1 is in OPEN state, but the datanode b706312b-118f-4972-9c71-4cc867b58d89{ip: 192.168.34.46, host: pr-hdds-2344-k2wqm-1432304908, networkLocation: /default-rack, certSerialId: null} reports an CLOSED replica.
2019-10-25 02:22:21,436 [EventQueue-ContainerReportForContainerReportHandler] WARN  container.ContainerReportHandler (AbstractContainerReportHandler.java:updateContainerState(145)) - Container #1 is in OPEN state, but the datanode c287e0c1-5401-4ab1-85ea-f9321adc6aaf{ip: 192.168.34.46, host: pr-hdds-2344-k2wqm-1432304908, networkLocation: /default-rack, certSerialId: null} reports an CLOSED replica.
2019-10-25 02:22:21,545 [java.util.concurrent.ThreadPoolExecutor$Worker@1a1b1369[State = -1, empty queue]] WARN  server.GrpcLogAppender (GrpcLogAppender.java:timeoutAppendRequest(209)) - b706312b-118f-4972-9c71-4cc867b58d89@group-DB0659CA759E->25203751-88e7-46c0-b9ea-976de1ff2c7c-GrpcLogAppender: appendEntries Timeout, request=b706312b-118f-4972-9c71-4cc867b58d89->25203751-88e7-46c0-b9ea-976de1ff2c7c#37-t1, previous=(t:1, i:10), leaderCommit=10, initializing? false, entries: <empty>
2019-10-25 02:22:21,708 [BlockDeletingService#2] WARN  background.BlockDeletingService (BlockDeletingService.java:isDeletionAllowed(187)) - Close Container log Index 6 is not replicated across allthe servers in the pipeline 80d03f1e-dc0e-4300-89d1-db0659ca759e as the min replicated index is 4. Deletion is not allowed in this container yet.
2019-10-25 02:22:21,708 [BlockDeletingService#6] WARN  background.BlockDeletingService (BlockDeletingService.java:isDeletionAllowed(187)) - Close Container log Index 6 is not replicated across allthe servers in the pipeline 80d03f1e-dc0e-4300-89d1-db0659ca759e as the min replicated index is 4. Deletion is not allowed in this container yet.
2019-10-25 02:22:21,709 [EventQueue-ContainerReportForContainerReportHandler] WARN  container.ContainerReportHandler (AbstractContainerReportHandler.java:updateContainerState(145)) - Container #1 is in OPEN state, but the datanode b706312b-118f-4972-9c71-4cc867b58d89{ip: 192.168.34.46, host: pr-hdds-2344-k2wqm-1432304908, networkLocation: /default-rack, certSerialId: null} reports an CLOSED replica.
2019-10-25 02:22:21,836 [EventQueue-ContainerReportForContainerReportHandler] WARN  container.ContainerReportHandler (AbstractContainerReportHandler.java:updateContainerState(145)) - Container #1 is in OPEN state, but the datanode c287e0c1-5401-4ab1-85ea-f9321adc6aaf{ip: 192.168.34.46, host: pr-hdds-2344-k2wqm-1432304908, networkLocation: /default-rack, certSerialId: null} reports an CLOSED replica.
2019-10-25 02:22:21,909 [EventQueue-ContainerReportForContainerReportHandler] WARN  container.ContainerReportHandler (AbstractContainerReportHandler.java:updateContainerState(145)) - Container #1 is in OPEN state, but the datanode b706312b-118f-4972-9c71-4cc867b58d89{ip: 192.168.34.46, host: pr-hdds-2344-k2wqm-1432304908, networkLocation: /default-rack, certSerialId: null} reports an CLOSED replica.
2019-10-25 02:22:22,036 [EventQueue-ContainerReportForContainerReportHandler] WARN  container.ContainerReportHandler (AbstractContainerReportHandler.java:updateContainerState(145)) - Container #1 is in OPEN state, but the datanode c287e0c1-5401-4ab1-85ea-f9321adc6aaf{ip: 192.168.34.46, host: pr-hdds-2344-k2wqm-1432304908, networkLocation: /default-rack, certSerialId: null} reports an CLOSED replica.
2019-10-25 02:22:22,236 [EventQueue-ContainerReportForContainerReportHandler] WARN  container.ContainerReportHandler (AbstractContainerReportHandler.java:updateContainerState(145)) - Container #1 is in OPEN state, but the datanode c287e0c1-5401-4ab1-85ea-f9321adc6aaf{ip: 192.168.34.46, host: pr-hdds-2344-k2wqm-1432304908, networkLocation: /default-rack, certSerialId: null} reports an CLOSED replica.
2019-10-25 02:22:22,309 [EventQueue-ContainerReportForContainerReportHandler] WARN  container.ContainerReportHandler (AbstractContainerReportHandler.java:updateContainerState(145)) - Container #1 is in OPEN state, but the datanode b706312b-118f-4972-9c71-4cc867b58d89{ip: 192.168.34.46, host: pr-hdds-2344-k2wqm-1432304908, networkLocation: /default-rack, certSerialId: null} reports an CLOSED replica.
2019-10-25 02:22:22,608 [EventQueue-ContainerReportForContainerReportHandler] WARN  container.ContainerReportHandler (AbstractContainerReportHandler.java:updateContainerState(145)) - Container #1 is in OPEN state, but the datanode b706312b-118f-4972-9c71-4cc867b58d89{ip: 192.168.34.46, host: pr-hdds-2344-k2wqm-1432304908, networkLocation: /default-rack, certSerialId: null} reports an CLOSED replica.
2019-10-25 02:22:22,636 [EventQueue-ContainerReportForContainerReportHandler] WARN  container.ContainerReportHandler (AbstractContainerReportHandler.java:updateContainerState(145)) - Container #1 is in OPEN state, but the datanode c287e0c1-5401-4ab1-85ea-f9321adc6aaf{ip: 192.168.34.46, host: pr-hdds-2344-k2wqm-1432304908, networkLocation: /default-rack, certSerialId: null} reports an CLOSED replica.
2019-10-25 02:22:22,709 [BlockDeletingService#6] WARN  background.BlockDeletingService (BlockDeletingService.java:isDeletionAllowed(187)) - Close Container log Index 6 is not replicated across allthe servers in the pipeline 80d03f1e-dc0e-4300-89d1-db0659ca759e as the min replicated index is 4. Deletion is not allowed in this container yet.
2019-10-25 02:22:22,709 [BlockDeletingService#2] WARN  background.BlockDeletingService (BlockDeletingService.java:isDeletionAllowed(187)) - Close Container log Index 6 is not replicated across allthe servers in the pipeline 80d03f1e-dc0e-4300-89d1-db0659ca759e as the min replicated index is 4. Deletion is not allowed in this container yet.
2019-10-25 02:22:22,935 [EventQueue-ContainerReportForContainerReportHandler] WARN  container.ContainerReportHandler (AbstractContainerReportHandler.java:updateContainerState(145)) - Container #1 is in OPEN state, but the datanode c287e0c1-5401-4ab1-85ea-f9321adc6aaf{ip: 192.168.34.46, host: pr-hdds-2344-k2wqm-1432304908, networkLocation: /default-rack, certSerialId: null} reports an CLOSED replica.
2019-10-25 02:22:23,009 [EventQueue-ContainerReportForContainerReportHandler] WARN  container.ContainerReportHandler (AbstractContainerReportHandler.java:updateContainerState(145)) - Container #1 is in OPEN state, but the datanode b706312b-118f-4972-9c71-4cc867b58d89{ip: 192.168.34.46, host: pr-hdds-2344-k2wqm-1432304908, networkLocation: /default-rack, certSerialId: null} reports an CLOSED replica.
2019-10-25 02:22:23,209 [EventQueue-ContainerReportForContainerReportHandler] WARN  container.ContainerReportHandler (AbstractContainerReportHandler.java:updateContainerState(145)) - Container #1 is in OPEN state, but the datanode b706312b-118f-4972-9c71-4cc867b58d89{ip: 192.168.34.46, host: pr-hdds-2344-k2wqm-1432304908, networkLocation: /default-rack, certSerialId: null} reports an CLOSED replica.
2019-10-25 02:22:23,235 [EventQueue-ContainerReportForContainerReportHandler] WARN  container.ContainerReportHandler (AbstractContainerReportHandler.java:updateContainerState(145)) - Container #1 is in OPEN state, but the datanode c287e0c1-5401-4ab1-85ea-f9321adc6aaf{ip: 192.168.34.46, host: pr-hdds-2344-k2wqm-1432304908, networkLocation: /default-rack, certSerialId: null} reports an CLOSED replica.
2019-10-25 02:22:23,536 [EventQueue-ContainerReportForContainerReportHandler] WARN  container.ContainerReportHandler (AbstractContainerReportHandler.java:updateContainerState(145)) - Container #1 is in OPEN state, but the datanode c287e0c1-5401-4ab1-85ea-f9321adc6aaf{ip: 192.168.34.46, host: pr-hdds-2344-k2wqm-1432304908, networkLocation: /default-rack, certSerialId: null} reports an CLOSED replica.
2019-10-25 02:22:23,609 [EventQueue-ContainerReportForContainerReportHandler] WARN  container.ContainerReportHandler (AbstractContainerReportHandler.java:updateContainerState(145)) - Container #1 is in OPEN state, but the datanode b706312b-118f-4972-9c71-4cc867b58d89{ip: 192.168.34.46, host: pr-hdds-2344-k2wqm-1432304908, networkLocation: /default-rack, certSerialId: null} reports an CLOSED replica.
2019-10-25 02:22:23,711 [BlockDeletingService#6] WARN  background.BlockDeletingService (BlockDeletingService.java:isDeletionAllowed(187)) - Close Container log Index 6 is not replicated across allthe servers in the pipeline 80d03f1e-dc0e-4300-89d1-db0659ca759e as the min replicated index is 4. Deletion is not allowed in this container yet.
2019-10-25 02:22:23,711 [BlockDeletingService#2] WARN  background.BlockDeletingService (BlockDeletingService.java:isDeletionAllowed(187)) - Close Container log Index 6 is not replicated across allthe servers in the pipeline 80d03f1e-dc0e-4300-89d1-db0659ca759e as the min replicated index is 4. Deletion is not allowed in this container yet.
2019-10-25 02:22:23,835 [EventQueue-ContainerReportForContainerReportHandler] WARN  container.ContainerReportHandler (AbstractContainerReportHandler.java:updateContainerState(145)) - Container #1 is in OPEN state, but the datanode c287e0c1-5401-4ab1-85ea-f9321adc6aaf{ip: 192.168.34.46, host: pr-hdds-2344-k2wqm-1432304908, networkLocation: /default-rack, certSerialId: null} reports an CLOSED replica.
2019-10-25 02:22:24,010 [EventQueue-ContainerReportForContainerReportHandler] WARN  container.ContainerReportHandler (AbstractContainerReportHandler.java:updateContainerState(145)) - Container #1 is in OPEN state, but the datanode b706312b-118f-4972-9c71-4cc867b58d89{ip: 192.168.34.46, host: pr-hdds-2344-k2wqm-1432304908, networkLocation: /default-rack, certSerialId: null} reports an CLOSED replica.
2019-10-25 02:22:24,035 [EventQueue-ContainerReportForContainerReportHandler] WARN  container.ContainerReportHandler (AbstractContainerReportHandler.java:updateContainerState(145)) - Container #1 is in OPEN state, but the datanode c287e0c1-5401-4ab1-85ea-f9321adc6aaf{ip: 192.168.34.46, host: pr-hdds-2344-k2wqm-1432304908, networkLocation: /default-rack, certSerialId: null} reports an CLOSED replica.
2019-10-25 02:22:24,045 [java.util.concurrent.ThreadPoolExecutor$Worker@1a1b1369[State = -1, empty queue]] WARN  server.GrpcLogAppender (GrpcLogAppender.java:timeoutAppendRequest(209)) - b706312b-118f-4972-9c71-4cc867b58d89@group-DB0659CA759E->25203751-88e7-46c0-b9ea-976de1ff2c7c-GrpcLogAppender: appendEntries Timeout, request=b706312b-118f-4972-9c71-4cc867b58d89->25203751-88e7-46c0-b9ea-976de1ff2c7c#38-t1, previous=(t:1, i:10), leaderCommit=10, initializing? false, entries: <empty>
2019-10-25 02:22:24,235 [EventQueue-ContainerReportForContainerReportHandler] WARN  container.ContainerReportHandler (AbstractContainerReportHandler.java:updateContainerState(145)) - Container #1 is in OPEN state, but the datanode c287e0c1-5401-4ab1-85ea-f9321adc6aaf{ip: 192.168.34.46, host: pr-hdds-2344-k2wqm-1432304908, networkLocation: /default-rack, certSerialId: null} reports an CLOSED replica.
2019-10-25 02:22:24,312 [EventQueue-ContainerReportForContainerReportHandler] WARN  container.ContainerReportHandler (AbstractContainerReportHandler.java:updateContainerState(145)) - Container #1 is in OPEN state, but the datanode b706312b-118f-4972-9c71-4cc867b58d89{ip: 192.168.34.46, host: pr-hdds-2344-k2wqm-1432304908, networkLocation: /default-rack, certSerialId: null} reports an CLOSED replica.
2019-10-25 02:22:24,613 [EventQueue-ContainerReportForContainerReportHandler] WARN  container.ContainerReportHandler (AbstractContainerReportHandler.java:updateContainerState(145)) - Container #1 is in OPEN state, but the datanode b706312b-118f-4972-9c71-4cc867b58d89{ip: 192.168.34.46, host: pr-hdds-2344-k2wqm-1432304908, networkLocation: /default-rack, certSerialId: null} reports an CLOSED replica.
2019-10-25 02:22:24,635 [EventQueue-ContainerReportForContainerReportHandler] WARN  container.ContainerReportHandler (AbstractContainerReportHandler.java:updateContainerState(145)) - Container #1 is in OPEN state, but the datanode c287e0c1-5401-4ab1-85ea-f9321adc6aaf{ip: 192.168.34.46, host: pr-hdds-2344-k2wqm-1432304908, networkLocation: /default-rack, certSerialId: null} reports an CLOSED replica.
2019-10-25 02:22:24,636 [Thread-428] INFO  client.GrpcClientProtocolService (GrpcClientProtocolService.java:lambda$processClientRequest$0(279)) - Failed RaftClientRequest:client-18E359B5664D->c287e0c1-5401-4ab1-85ea-f9321adc6aaf@group-DB0659CA759E, cid=10, seq=0, Watch-ALL_COMMITTED(6), Message:<EMPTY>, reply=RaftClientReply:client-18E359B5664D->c287e0c1-5401-4ab1-85ea-f9321adc6aaf@group-DB0659CA759E, cid=10, FAILED org.apache.ratis.protocol.NotLeaderException: Server c287e0c1-5401-4ab1-85ea-f9321adc6aaf@group-DB0659CA759E is not the leader b706312b-118f-4972-9c71-4cc867b58d89:192.168.34.46:44531, logIndex=0, commits[c287e0c1-5401-4ab1-85ea-f9321adc6aaf:c10, b706312b-118f-4972-9c71-4cc867b58d89:c10, 25203751-88e7-46c0-b9ea-976de1ff2c7c:c4]
2019-10-25 02:22:24,712 [BlockDeletingService#2] WARN  background.BlockDeletingService (BlockDeletingService.java:isDeletionAllowed(187)) - Close Container log Index 6 is not replicated across allthe servers in the pipeline 80d03f1e-dc0e-4300-89d1-db0659ca759e as the min replicated index is 4. Deletion is not allowed in this container yet.
2019-10-25 02:22:24,712 [BlockDeletingService#6] WARN  background.BlockDeletingService (BlockDeletingService.java:isDeletionAllowed(187)) - Close Container log Index 6 is not replicated across allthe servers in the pipeline 80d03f1e-dc0e-4300-89d1-db0659ca759e as the min replicated index is 4. Deletion is not allowed in this container yet.
2019-10-25 02:22:24,913 [EventQueue-ContainerReportForContainerReportHandler] WARN  container.ContainerReportHandler (AbstractContainerReportHandler.java:updateContainerState(145)) - Container #1 is in OPEN state, but the datanode b706312b-118f-4972-9c71-4cc867b58d89{ip: 192.168.34.46, host: pr-hdds-2344-k2wqm-1432304908, networkLocation: /default-rack, certSerialId: null} reports an CLOSED replica.
2019-10-25 02:22:24,936 [EventQueue-ContainerReportForContainerReportHandler] WARN  container.ContainerReportHandler (AbstractContainerReportHandler.java:updateContainerState(145)) - Container #1 is in OPEN state, but the datanode c287e0c1-5401-4ab1-85ea-f9321adc6aaf{ip: 192.168.34.46, host: pr-hdds-2344-k2wqm-1432304908, networkLocation: /default-rack, certSerialId: null} reports an CLOSED replica.
2019-10-25 02:22:25,113 [EventQueue-ContainerReportForContainerReportHandler] WARN  container.ContainerReportHandler (AbstractContainerReportHandler.java:updateContainerState(145)) - Container #1 is in OPEN state, but the datanode b706312b-118f-4972-9c71-4cc867b58d89{ip: 192.168.34.46, host: pr-hdds-2344-k2wqm-1432304908, networkLocation: /default-rack, certSerialId: null} reports an CLOSED replica.
2019-10-25 02:22:25,236 [EventQueue-ContainerReportForContainerReportHandler] WARN  container.ContainerReportHandler (AbstractContainerReportHandler.java:updateContainerState(145)) - Container #1 is in OPEN state, but the datanode c287e0c1-5401-4ab1-85ea-f9321adc6aaf{ip: 192.168.34.46, host: pr-hdds-2344-k2wqm-1432304908, networkLocation: /default-rack, certSerialId: null} reports an CLOSED replica.
2019-10-25 02:22:25,436 [EventQueue-ContainerReportForContainerReportHandler] WARN  container.ContainerReportHandler (AbstractContainerReportHandler.java:updateContainerState(145)) - Container #1 is in OPEN state, but the datanode c287e0c1-5401-4ab1-85ea-f9321adc6aaf{ip: 192.168.34.46, host: pr-hdds-2344-k2wqm-1432304908, networkLocation: /default-rack, certSerialId: null} reports an CLOSED replica.
2019-10-25 02:22:25,512 [EventQueue-ContainerReportForContainerReportHandler] WARN  container.ContainerReportHandler (AbstractContainerReportHandler.java:updateContainerState(145)) - Container #1 is in OPEN state, but the datanode b706312b-118f-4972-9c71-4cc867b58d89{ip: 192.168.34.46, host: pr-hdds-2344-k2wqm-1432304908, networkLocation: /default-rack, certSerialId: null} reports an CLOSED replica.
2019-10-25 02:22:25,713 [BlockDeletingService#2] WARN  background.BlockDeletingService (BlockDeletingService.java:isDeletionAllowed(187)) - Close Container log Index 6 is not replicated across allthe servers in the pipeline 80d03f1e-dc0e-4300-89d1-db0659ca759e as the min replicated index is 4. Deletion is not allowed in this container yet.
2019-10-25 02:22:25,714 [BlockDeletingService#6] WARN  background.BlockDeletingService (BlockDeletingService.java:isDeletionAllowed(187)) - Close Container log Index 6 is not replicated across allthe servers in the pipeline 80d03f1e-dc0e-4300-89d1-db0659ca759e as the min replicated index is 4. Deletion is not allowed in this container yet.
2019-10-25 02:22:25,736 [EventQueue-ContainerReportForContainerReportHandler] WARN  container.ContainerReportHandler (AbstractContainerReportHandler.java:updateContainerState(145)) - Container #1 is in OPEN state, but the datanode c287e0c1-5401-4ab1-85ea-f9321adc6aaf{ip: 192.168.34.46, host: pr-hdds-2344-k2wqm-1432304908, networkLocation: /default-rack, certSerialId: null} reports an CLOSED replica.
2019-10-25 02:22:25,755 [Thread-435] INFO  client.GrpcClientProtocolService (GrpcClientProtocolService.java:lambda$processClientRequest$0(279)) - Failed RaftClientRequest:client-18E359B5664D->b706312b-118f-4972-9c71-4cc867b58d89@group-DB0659CA759E, cid=10, seq=0, Watch-ALL_COMMITTED(6), Message:<EMPTY>, reply=RaftClientReply:client-18E359B5664D->b706312b-118f-4972-9c71-4cc867b58d89@group-DB0659CA759E, cid=10, FAILED org.apache.ratis.protocol.NotReplicatedException: Request with call Id 10 and log index 6 is not yet replicated to ALL_COMMITTED, logIndex=6, commits[b706312b-118f-4972-9c71-4cc867b58d89:c10, c287e0c1-5401-4ab1-85ea-f9321adc6aaf:c10, 25203751-88e7-46c0-b9ea-976de1ff2c7c:c4]
2019-10-25 02:22:25,912 [EventQueue-ContainerReportForContainerReportHandler] WARN  container.ContainerReportHandler (AbstractContainerReportHandler.java:updateContainerState(145)) - Container #1 is in OPEN state, but the datanode b706312b-118f-4972-9c71-4cc867b58d89{ip: 192.168.34.46, host: pr-hdds-2344-k2wqm-1432304908, networkLocation: /default-rack, certSerialId: null} reports an CLOSED replica.
2019-10-25 02:22:26,036 [EventQueue-ContainerReportForContainerReportHandler] WARN  container.ContainerReportHandler (AbstractContainerReportHandler.java:updateContainerState(145)) - Container #1 is in OPEN state, but the datanode c287e0c1-5401-4ab1-85ea-f9321adc6aaf{ip: 192.168.34.46, host: pr-hdds-2344-k2wqm-1432304908, networkLocation: /default-rack, certSerialId: null} reports an CLOSED replica.
2019-10-25 02:22:26,214 [EventQueue-ContainerReportForContainerReportHandler] WARN  container.ContainerReportHandler (AbstractContainerReportHandler.java:updateContainerState(145)) - Container #1 is in OPEN state, but the datanode b706312b-118f-4972-9c71-4cc867b58d89{ip: 192.168.34.46, host: pr-hdds-2344-k2wqm-1432304908, networkLocation: /default-rack, certSerialId: null} reports an CLOSED replica.
2019-10-25 02:22:26,336 [EventQueue-ContainerReportForContainerReportHandler] WARN  container.ContainerReportHandler (AbstractContainerReportHandler.java:updateContainerState(145)) - Container #1 is in OPEN state, but the datanode c287e0c1-5401-4ab1-85ea-f9321adc6aaf{ip: 192.168.34.46, host: pr-hdds-2344-k2wqm-1432304908, networkLocation: /default-rack, certSerialId: null} reports an CLOSED replica.
2019-10-25 02:22:26,414 [EventQueue-ContainerReportForContainerReportHandler] WARN  container.ContainerReportHandler (AbstractContainerReportHandler.java:updateContainerState(145)) - Container #1 is in OPEN state, but the datanode b706312b-118f-4972-9c71-4cc867b58d89{ip: 192.168.34.46, host: pr-hdds-2344-k2wqm-1432304908, networkLocation: /default-rack, certSerialId: null} reports an CLOSED replica.
2019-10-25 02:22:26,546 [java.util.concurrent.ThreadPoolExecutor$Worker@1a1b1369[State = -1, empty queue]] WARN  server.GrpcLogAppender (GrpcLogAppender.java:timeoutAppendRequest(209)) - b706312b-118f-4972-9c71-4cc867b58d89@group-DB0659CA759E->25203751-88e7-46c0-b9ea-976de1ff2c7c-GrpcLogAppender: appendEntries Timeout, request=b706312b-118f-4972-9c71-4cc867b58d89->25203751-88e7-46c0-b9ea-976de1ff2c7c#39-t1, previous=(t:1, i:10), leaderCommit=10, initializing? false, entries: <empty>
2019-10-25 02:22:26,637 [EventQueue-ContainerReportForContainerReportHandler] WARN  container.ContainerReportHandler (AbstractContainerReportHandler.java:updateContainerState(145)) - Container #1 is in OPEN state, but the datanode c287e0c1-5401-4ab1-85ea-f9321adc6aaf{ip: 192.168.34.46, host: pr-hdds-2344-k2wqm-1432304908, networkLocation: /default-rack, certSerialId: null} reports an CLOSED replica.
2019-10-25 02:22:26,714 [EventQueue-ContainerReportForContainerReportHandler] WARN  container.ContainerReportHandler (AbstractContainerReportHandler.java:updateContainerState(145)) - Container #1 is in OPEN state, but the datanode b706312b-118f-4972-9c71-4cc867b58d89{ip: 192.168.34.46, host: pr-hdds-2344-k2wqm-1432304908, networkLocation: /default-rack, certSerialId: null} reports an CLOSED replica.
2019-10-25 02:22:26,715 [BlockDeletingService#2] WARN  background.BlockDeletingService (BlockDeletingService.java:isDeletionAllowed(187)) - Close Container log Index 6 is not replicated across allthe servers in the pipeline 80d03f1e-dc0e-4300-89d1-db0659ca759e as the min replicated index is 4. Deletion is not allowed in this container yet.
2019-10-25 02:22:26,716 [BlockDeletingService#6] WARN  background.BlockDeletingService (BlockDeletingService.java:isDeletionAllowed(187)) - Close Container log Index 6 is not replicated across allthe servers in the pipeline 80d03f1e-dc0e-4300-89d1-db0659ca759e as the min replicated index is 4. Deletion is not allowed in this container yet.
2019-10-25 02:22:26,941 [EventQueue-ContainerReportForContainerReportHandler] WARN  container.ContainerReportHandler (AbstractContainerReportHandler.java:updateContainerState(145)) - Container #1 is in OPEN state, but the datanode c287e0c1-5401-4ab1-85ea-f9321adc6aaf{ip: 192.168.34.46, host: pr-hdds-2344-k2wqm-1432304908, networkLocation: /default-rack, certSerialId: null} reports an CLOSED replica.
2019-10-25 02:22:27,017 [EventQueue-ContainerReportForContainerReportHandler] WARN  container.ContainerReportHandler (AbstractContainerReportHandler.java:updateContainerState(145)) - Container #1 is in OPEN state, but the datanode b706312b-118f-4972-9c71-4cc867b58d89{ip: 192.168.34.46, host: pr-hdds-2344-k2wqm-1432304908, networkLocation: /default-rack, certSerialId: null} reports an CLOSED replica.
2019-10-25 02:22:27,317 [EventQueue-ContainerReportForContainerReportHandler] WARN  container.ContainerReportHandler (AbstractContainerReportHandler.java:updateContainerState(145)) - Container #1 is in OPEN state, but the datanode b706312b-118f-4972-9c71-4cc867b58d89{ip: 192.168.34.46, host: pr-hdds-2344-k2wqm-1432304908, networkLocation: /default-rack, certSerialId: null} reports an CLOSED replica.
2019-10-25 02:22:27,338 [EventQueue-ContainerReportForContainerReportHandler] WARN  container.ContainerReportHandler (AbstractContainerReportHandler.java:updateContainerState(145)) - Container #1 is in OPEN state, but the datanode c287e0c1-5401-4ab1-85ea-f9321adc6aaf{ip: 192.168.34.46, host: pr-hdds-2344-k2wqm-1432304908, networkLocation: /default-rack, certSerialId: null} reports an CLOSED replica.
2019-10-25 02:22:27,638 [EventQueue-ContainerReportForContainerReportHandler] WARN  container.ContainerReportHandler (AbstractContainerReportHandler.java:updateContainerState(145)) - Container #1 is in OPEN state, but the datanode c287e0c1-5401-4ab1-85ea-f9321adc6aaf{ip: 192.168.34.46, host: pr-hdds-2344-k2wqm-1432304908, networkLocation: /default-rack, certSerialId: null} reports an CLOSED replica.
2019-10-25 02:22:27,716 [BlockDeletingService#2] WARN  background.BlockDeletingService (BlockDeletingService.java:isDeletionAllowed(187)) - Close Container log Index 6 is not replicated across allthe servers in the pipeline 80d03f1e-dc0e-4300-89d1-db0659ca759e as the min replicated index is 4. Deletion is not allowed in this container yet.
2019-10-25 02:22:27,717 [BlockDeletingService#6] WARN  background.BlockDeletingService (BlockDeletingService.java:isDeletionAllowed(187)) - Close Container log Index 6 is not replicated across allthe servers in the pipeline 80d03f1e-dc0e-4300-89d1-db0659ca759e as the min replicated index is 4. Deletion is not allowed in this container yet.
2019-10-25 02:22:27,718 [EventQueue-ContainerReportForContainerReportHandler] WARN  container.ContainerReportHandler (AbstractContainerReportHandler.java:updateContainerState(145)) - Container #1 is in OPEN state, but the datanode b706312b-118f-4972-9c71-4cc867b58d89{ip: 192.168.34.46, host: pr-hdds-2344-k2wqm-1432304908, networkLocation: /default-rack, certSerialId: null} reports an CLOSED replica.
2019-10-25 02:22:27,839 [EventQueue-ContainerReportForContainerReportHandler] WARN  container.ContainerReportHandler (AbstractContainerReportHandler.java:updateContainerState(145)) - Container #1 is in OPEN state, but the datanode c287e0c1-5401-4ab1-85ea-f9321adc6aaf{ip: 192.168.34.46, host: pr-hdds-2344-k2wqm-1432304908, networkLocation: /default-rack, certSerialId: null} reports an CLOSED replica.
2019-10-25 02:22:28,018 [EventQueue-ContainerReportForContainerReportHandler] WARN  container.ContainerReportHandler (AbstractContainerReportHandler.java:updateContainerState(145)) - Container #1 is in OPEN state, but the datanode b706312b-118f-4972-9c71-4cc867b58d89{ip: 192.168.34.46, host: pr-hdds-2344-k2wqm-1432304908, networkLocation: /default-rack, certSerialId: null} reports an CLOSED replica.
2019-10-25 02:22:28,239 [EventQueue-ContainerReportForContainerReportHandler] WARN  container.ContainerReportHandler (AbstractContainerReportHandler.java:updateContainerState(145)) - Container #1 is in OPEN state, but the datanode c287e0c1-5401-4ab1-85ea-f9321adc6aaf{ip: 192.168.34.46, host: pr-hdds-2344-k2wqm-1432304908, networkLocation: /default-rack, certSerialId: null} reports an CLOSED replica.
2019-10-25 02:22:28,318 [EventQueue-ContainerReportForContainerReportHandler] WARN  container.ContainerReportHandler (AbstractContainerReportHandler.java:updateContainerState(145)) - Container #1 is in OPEN state, but the datanode b706312b-118f-4972-9c71-4cc867b58d89{ip: 192.168.34.46, host: pr-hdds-2344-k2wqm-1432304908, networkLocation: /default-rack, certSerialId: null} reports an CLOSED replica.
2019-10-25 02:22:28,517 [EventQueue-ContainerReportForContainerReportHandler] WARN  container.ContainerReportHandler (AbstractContainerReportHandler.java:updateContainerState(145)) - Container #1 is in OPEN state, but the datanode b706312b-118f-4972-9c71-4cc867b58d89{ip: 192.168.34.46, host: pr-hdds-2344-k2wqm-1432304908, networkLocation: /default-rack, certSerialId: null} reports an CLOSED replica.
2019-10-25 02:22:28,539 [EventQueue-ContainerReportForContainerReportHandler] WARN  container.ContainerReportHandler (AbstractContainerReportHandler.java:updateContainerState(145)) - Container #1 is in OPEN state, but the datanode c287e0c1-5401-4ab1-85ea-f9321adc6aaf{ip: 192.168.34.46, host: pr-hdds-2344-k2wqm-1432304908, networkLocation: /default-rack, certSerialId: null} reports an CLOSED replica.
2019-10-25 02:22:28,717 [BlockDeletingService#2] WARN  background.BlockDeletingService (BlockDeletingService.java:isDeletionAllowed(187)) - Close Container log Index 6 is not replicated across allthe servers in the pipeline 80d03f1e-dc0e-4300-89d1-db0659ca759e as the min replicated index is 4. Deletion is not allowed in this container yet.
2019-10-25 02:22:28,718 [BlockDeletingService#6] WARN  background.BlockDeletingService (BlockDeletingService.java:isDeletionAllowed(187)) - Close Container log Index 6 is not replicated across allthe servers in the pipeline 80d03f1e-dc0e-4300-89d1-db0659ca759e as the min replicated index is 4. Deletion is not allowed in this container yet.
2019-10-25 02:22:28,918 [EventQueue-ContainerReportForContainerReportHandler] WARN  container.ContainerReportHandler (AbstractContainerReportHandler.java:updateContainerState(145)) - Container #1 is in OPEN state, but the datanode b706312b-118f-4972-9c71-4cc867b58d89{ip: 192.168.34.46, host: pr-hdds-2344-k2wqm-1432304908, networkLocation: /default-rack, certSerialId: null} reports an CLOSED replica.
2019-10-25 02:22:28,940 [EventQueue-ContainerReportForContainerReportHandler] WARN  container.ContainerReportHandler (AbstractContainerReportHandler.java:updateContainerState(145)) - Container #1 is in OPEN state, but the datanode c287e0c1-5401-4ab1-85ea-f9321adc6aaf{ip: 192.168.34.46, host: pr-hdds-2344-k2wqm-1432304908, networkLocation: /default-rack, certSerialId: null} reports an CLOSED replica.
2019-10-25 02:22:29,047 [java.util.concurrent.ThreadPoolExecutor$Worker@1a1b1369[State = -1, empty queue]] WARN  server.GrpcLogAppender (GrpcLogAppender.java:timeoutAppendRequest(209)) - b706312b-118f-4972-9c71-4cc867b58d89@group-DB0659CA759E->25203751-88e7-46c0-b9ea-976de1ff2c7c-GrpcLogAppender: appendEntries Timeout, request=b706312b-118f-4972-9c71-4cc867b58d89->25203751-88e7-46c0-b9ea-976de1ff2c7c#40-t1, previous=(t:1, i:10), leaderCommit=10, initializing? false, entries: <empty>
2019-10-25 02:22:29,217 [EventQueue-ContainerReportForContainerReportHandler] WARN  container.ContainerReportHandler (AbstractContainerReportHandler.java:updateContainerState(145)) - Container #1 is in OPEN state, but the datanode b706312b-118f-4972-9c71-4cc867b58d89{ip: 192.168.34.46, host: pr-hdds-2344-k2wqm-1432304908, networkLocation: /default-rack, certSerialId: null} reports an CLOSED replica.
2019-10-25 02:22:29,339 [EventQueue-ContainerReportForContainerReportHandler] WARN  container.ContainerReportHandler (AbstractContainerReportHandler.java:updateContainerState(145)) - Container #1 is in OPEN state, but the datanode c287e0c1-5401-4ab1-85ea-f9321adc6aaf{ip: 192.168.34.46, host: pr-hdds-2344-k2wqm-1432304908, networkLocation: /default-rack, certSerialId: null} reports an CLOSED replica.
2019-10-25 02:22:29,518 [EventQueue-ContainerReportForContainerReportHandler] WARN  container.ContainerReportHandler (AbstractContainerReportHandler.java:updateContainerState(145)) - Container #1 is in OPEN state, but the datanode b706312b-118f-4972-9c71-4cc867b58d89{ip: 192.168.34.46, host: pr-hdds-2344-k2wqm-1432304908, networkLocation: /default-rack, certSerialId: null} reports an CLOSED replica.
2019-10-25 02:22:29,640 [EventQueue-ContainerReportForContainerReportHandler] WARN  container.ContainerReportHandler (AbstractContainerReportHandler.java:updateContainerState(145)) - Container #1 is in OPEN state, but the datanode c287e0c1-5401-4ab1-85ea-f9321adc6aaf{ip: 192.168.34.46, host: pr-hdds-2344-k2wqm-1432304908, networkLocation: /default-rack, certSerialId: null} reports an CLOSED replica.
2019-10-25 02:22:29,719 [BlockDeletingService#2] WARN  background.BlockDeletingService (BlockDeletingService.java:isDeletionAllowed(187)) - Close Container log Index 6 is not replicated across allthe servers in the pipeline 80d03f1e-dc0e-4300-89d1-db0659ca759e as the min replicated index is 4. Deletion is not allowed in this container yet.
2019-10-25 02:22:29,719 [BlockDeletingService#6] WARN  background.BlockDeletingService (BlockDeletingService.java:isDeletionAllowed(187)) - Close Container log Index 6 is not replicated across allthe servers in the pipeline 80d03f1e-dc0e-4300-89d1-db0659ca759e as the min replicated index is 4. Deletion is not allowed in this container yet.
2019-10-25 02:22:29,818 [EventQueue-ContainerReportForContainerReportHandler] WARN  container.ContainerReportHandler (AbstractContainerReportHandler.java:updateContainerState(145)) - Container #1 is in OPEN state, but the datanode b706312b-118f-4972-9c71-4cc867b58d89{ip: 192.168.34.46, host: pr-hdds-2344-k2wqm-1432304908, networkLocation: /default-rack, certSerialId: null} reports an CLOSED replica.
2019-10-25 02:22:29,840 [EventQueue-ContainerReportForContainerReportHandler] WARN  container.ContainerReportHandler (AbstractContainerReportHandler.java:updateContainerState(145)) - Container #1 is in OPEN state, but the datanode c287e0c1-5401-4ab1-85ea-f9321adc6aaf{ip: 192.168.34.46, host: pr-hdds-2344-k2wqm-1432304908, networkLocation: /default-rack, certSerialId: null} reports an CLOSED replica.
2019-10-25 02:22:30,119 [EventQueue-ContainerReportForContainerReportHandler] WARN  container.ContainerReportHandler (AbstractContainerReportHandler.java:updateContainerState(145)) - Container #1 is in OPEN state, but the datanode b706312b-118f-4972-9c71-4cc867b58d89{ip: 192.168.34.46, host: pr-hdds-2344-k2wqm-1432304908, networkLocation: /default-rack, certSerialId: null} reports an CLOSED replica.
2019-10-25 02:22:30,142 [EventQueue-ContainerReportForContainerReportHandler] WARN  container.ContainerReportHandler (AbstractContainerReportHandler.java:updateContainerState(145)) - Container #1 is in OPEN state, but the datanode c287e0c1-5401-4ab1-85ea-f9321adc6aaf{ip: 192.168.34.46, host: pr-hdds-2344-k2wqm-1432304908, networkLocation: /default-rack, certSerialId: null} reports an CLOSED replica.
2019-10-25 02:22:30,441 [EventQueue-ContainerReportForContainerReportHandler] WARN  container.ContainerReportHandler (AbstractContainerReportHandler.java:updateContainerState(145)) - Container #1 is in OPEN state, but the datanode c287e0c1-5401-4ab1-85ea-f9321adc6aaf{ip: 192.168.34.46, host: pr-hdds-2344-k2wqm-1432304908, networkLocation: /default-rack, certSerialId: null} reports an CLOSED replica.
2019-10-25 02:22:30,519 [EventQueue-ContainerReportForContainerReportHandler] WARN  container.ContainerReportHandler (AbstractContainerReportHandler.java:updateContainerState(145)) - Container #1 is in OPEN state, but the datanode b706312b-118f-4972-9c71-4cc867b58d89{ip: 192.168.34.46, host: pr-hdds-2344-k2wqm-1432304908, networkLocation: /default-rack, certSerialId: null} reports an CLOSED replica.
2019-10-25 02:22:30,721 [BlockDeletingService#2] WARN  background.BlockDeletingService (BlockDeletingService.java:isDeletionAllowed(187)) - Close Container log Index 6 is not replicated across allthe servers in the pipeline 80d03f1e-dc0e-4300-89d1-db0659ca759e as the min replicated index is 4. Deletion is not allowed in this container yet.
2019-10-25 02:22:30,721 [BlockDeletingService#6] WARN  background.BlockDeletingService (BlockDeletingService.java:isDeletionAllowed(187)) - Close Container log Index 6 is not replicated across allthe servers in the pipeline 80d03f1e-dc0e-4300-89d1-db0659ca759e as the min replicated index is 4. Deletion is not allowed in this container yet.
2019-10-25 02:22:30,818 [EventQueue-ContainerReportForContainerReportHandler] WARN  container.ContainerReportHandler (AbstractContainerReportHandler.java:updateContainerState(145)) - Container #1 is in OPEN state, but the datanode b706312b-118f-4972-9c71-4cc867b58d89{ip: 192.168.34.46, host: pr-hdds-2344-k2wqm-1432304908, networkLocation: /default-rack, certSerialId: null} reports an CLOSED replica.
2019-10-25 02:22:30,841 [EventQueue-ContainerReportForContainerReportHandler] WARN  container.ContainerReportHandler (AbstractContainerReportHandler.java:updateContainerState(145)) - Container #1 is in OPEN state, but the datanode c287e0c1-5401-4ab1-85ea-f9321adc6aaf{ip: 192.168.34.46, host: pr-hdds-2344-k2wqm-1432304908, networkLocation: /default-rack, certSerialId: null} reports an CLOSED replica.
2019-10-25 02:22:31,118 [EventQueue-ContainerReportForContainerReportHandler] WARN  container.ContainerReportHandler (AbstractContainerReportHandler.java:updateContainerState(145)) - Container #1 is in OPEN state, but the datanode b706312b-118f-4972-9c71-4cc867b58d89{ip: 192.168.34.46, host: pr-hdds-2344-k2wqm-1432304908, networkLocation: /default-rack, certSerialId: null} reports an CLOSED replica.
2019-10-25 02:22:31,141 [EventQueue-ContainerReportForContainerReportHandler] WARN  container.ContainerReportHandler (AbstractContainerReportHandler.java:updateContainerState(145)) - Container #1 is in OPEN state, but the datanode c287e0c1-5401-4ab1-85ea-f9321adc6aaf{ip: 192.168.34.46, host: pr-hdds-2344-k2wqm-1432304908, networkLocation: /default-rack, certSerialId: null} reports an CLOSED replica.
2019-10-25 02:22:31,319 [EventQueue-ContainerReportForContainerReportHandler] WARN  container.ContainerReportHandler (AbstractContainerReportHandler.java:updateContainerState(145)) - Container #1 is in OPEN state, but the datanode b706312b-118f-4972-9c71-4cc867b58d89{ip: 192.168.34.46, host: pr-hdds-2344-k2wqm-1432304908, networkLocation: /default-rack, certSerialId: null} reports an CLOSED replica.
2019-10-25 02:22:31,341 [EventQueue-ContainerReportForContainerReportHandler] WARN  container.ContainerReportHandler (AbstractContainerReportHandler.java:updateContainerState(145)) - Container #1 is in OPEN state, but the datanode c287e0c1-5401-4ab1-85ea-f9321adc6aaf{ip: 192.168.34.46, host: pr-hdds-2344-k2wqm-1432304908, networkLocation: /default-rack, certSerialId: null} reports an CLOSED replica.
2019-10-25 02:22:31,547 [java.util.concurrent.ThreadPoolExecutor$Worker@1a1b1369[State = -1, empty queue]] WARN  server.GrpcLogAppender (GrpcLogAppender.java:timeoutAppendRequest(209)) - b706312b-118f-4972-9c71-4cc867b58d89@group-DB0659CA759E->25203751-88e7-46c0-b9ea-976de1ff2c7c-GrpcLogAppender: appendEntries Timeout, request=b706312b-118f-4972-9c71-4cc867b58d89->25203751-88e7-46c0-b9ea-976de1ff2c7c#41-t1, previous=(t:1, i:10), leaderCommit=10, initializing? false, entries: <empty>
2019-10-25 02:22:31,619 [EventQueue-ContainerReportForContainerReportHandler] WARN  container.ContainerReportHandler (AbstractContainerReportHandler.java:updateContainerState(145)) - Container #1 is in OPEN state, but the datanode b706312b-118f-4972-9c71-4cc867b58d89{ip: 192.168.34.46, host: pr-hdds-2344-k2wqm-1432304908, networkLocation: /default-rack, certSerialId: null} reports an CLOSED replica.
2019-10-25 02:22:31,723 [BlockDeletingService#6] WARN  background.BlockDeletingService (BlockDeletingService.java:isDeletionAllowed(187)) - Close Container log Index 6 is not replicated across allthe servers in the pipeline 80d03f1e-dc0e-4300-89d1-db0659ca759e as the min replicated index is 4. Deletion is not allowed in this container yet.
2019-10-25 02:22:31,723 [BlockDeletingService#2] WARN  background.BlockDeletingService (BlockDeletingService.java:isDeletionAllowed(187)) - Close Container log Index 6 is not replicated across allthe servers in the pipeline 80d03f1e-dc0e-4300-89d1-db0659ca759e as the min replicated index is 4. Deletion is not allowed in this container yet.
2019-10-25 02:22:31,742 [EventQueue-ContainerReportForContainerReportHandler] WARN  container.ContainerReportHandler (AbstractContainerReportHandler.java:updateContainerState(145)) - Container #1 is in OPEN state, but the datanode c287e0c1-5401-4ab1-85ea-f9321adc6aaf{ip: 192.168.34.46, host: pr-hdds-2344-k2wqm-1432304908, networkLocation: /default-rack, certSerialId: null} reports an CLOSED replica.
2019-10-25 02:22:31,920 [EventQueue-ContainerReportForContainerReportHandler] WARN  container.ContainerReportHandler (AbstractContainerReportHandler.java:updateContainerState(145)) - Container #1 is in OPEN state, but the datanode b706312b-118f-4972-9c71-4cc867b58d89{ip: 192.168.34.46, host: pr-hdds-2344-k2wqm-1432304908, networkLocation: /default-rack, certSerialId: null} reports an CLOSED replica.
2019-10-25 02:22:32,042 [EventQueue-ContainerReportForContainerReportHandler] WARN  container.ContainerReportHandler (AbstractContainerReportHandler.java:updateContainerState(145)) - Container #1 is in OPEN state, but the datanode c287e0c1-5401-4ab1-85ea-f9321adc6aaf{ip: 192.168.34.46, host: pr-hdds-2344-k2wqm-1432304908, networkLocation: /default-rack, certSerialId: null} reports an CLOSED replica.
2019-10-25 02:22:32,120 [EventQueue-ContainerReportForContainerReportHandler] WARN  container.ContainerReportHandler (AbstractContainerReportHandler.java:updateContainerState(145)) - Container #1 is in OPEN state, but the datanode b706312b-118f-4972-9c71-4cc867b58d89{ip: 192.168.34.46, host: pr-hdds-2344-k2wqm-1432304908, networkLocation: /default-rack, certSerialId: null} reports an CLOSED replica.
2019-10-25 02:22:32,421 [EventQueue-ContainerReportForContainerReportHandler] WARN  container.ContainerReportHandler (AbstractContainerReportHandler.java:updateContainerState(145)) - Container #1 is in OPEN state, but the datanode b706312b-118f-4972-9c71-4cc867b58d89{ip: 192.168.34.46, host: pr-hdds-2344-k2wqm-1432304908, networkLocation: /default-rack, certSerialId: null} reports an CLOSED replica.
2019-10-25 02:22:32,444 [EventQueue-ContainerReportForContainerReportHandler] WARN  container.ContainerReportHandler (AbstractContainerReportHandler.java:updateContainerState(145)) - Container #1 is in OPEN state, but the datanode c287e0c1-5401-4ab1-85ea-f9321adc6aaf{ip: 192.168.34.46, host: pr-hdds-2344-k2wqm-1432304908, networkLocation: /default-rack, certSerialId: null} reports an CLOSED replica.
2019-10-25 02:22:32,723 [EventQueue-ContainerReportForContainerReportHandler] WARN  container.ContainerReportHandler (AbstractContainerReportHandler.java:updateContainerState(145)) - Container #1 is in OPEN state, but the datanode b706312b-118f-4972-9c71-4cc867b58d89{ip: 192.168.34.46, host: pr-hdds-2344-k2wqm-1432304908, networkLocation: /default-rack, certSerialId: null} reports an CLOSED replica.
2019-10-25 02:22:32,724 [BlockDeletingService#2] WARN  background.BlockDeletingService (BlockDeletingService.java:isDeletionAllowed(187)) - Close Container log Index 6 is not replicated across allthe servers in the pipeline 80d03f1e-dc0e-4300-89d1-db0659ca759e as the min replicated index is 4. Deletion is not allowed in this container yet.
2019-10-25 02:22:32,724 [BlockDeletingService#6] WARN  background.BlockDeletingService (BlockDeletingService.java:isDeletionAllowed(187)) - Close Container log Index 6 is not replicated across allthe servers in the pipeline 80d03f1e-dc0e-4300-89d1-db0659ca759e as the min replicated index is 4. Deletion is not allowed in this container yet.
2019-10-25 02:22:32,843 [EventQueue-ContainerReportForContainerReportHandler] WARN  container.ContainerReportHandler (AbstractContainerReportHandler.java:updateContainerState(145)) - Container #1 is in OPEN state, but the datanode c287e0c1-5401-4ab1-85ea-f9321adc6aaf{ip: 192.168.34.46, host: pr-hdds-2344-k2wqm-1432304908, networkLocation: /default-rack, certSerialId: null} reports an CLOSED replica.
2019-10-25 02:22:32,923 [EventQueue-ContainerReportForContainerReportHandler] WARN  container.ContainerReportHandler (AbstractContainerReportHandler.java:updateContainerState(145)) - Container #1 is in OPEN state, but the datanode b706312b-118f-4972-9c71-4cc867b58d89{ip: 192.168.34.46, host: pr-hdds-2344-k2wqm-1432304908, networkLocation: /default-rack, certSerialId: null} reports an CLOSED replica.
2019-10-25 02:22:33,143 [EventQueue-ContainerReportForContainerReportHandler] WARN  container.ContainerReportHandler (AbstractContainerReportHandler.java:updateContainerState(145)) - Container #1 is in OPEN state, but the datanode c287e0c1-5401-4ab1-85ea-f9321adc6aaf{ip: 192.168.34.46, host: pr-hdds-2344-k2wqm-1432304908, networkLocation: /default-rack, certSerialId: null} reports an CLOSED replica.
2019-10-25 02:22:33,323 [EventQueue-ContainerReportForContainerReportHandler] WARN  container.ContainerReportHandler (AbstractContainerReportHandler.java:updateContainerState(145)) - Container #1 is in OPEN state, but the datanode b706312b-118f-4972-9c71-4cc867b58d89{ip: 192.168.34.46, host: pr-hdds-2344-k2wqm-1432304908, networkLocation: /default-rack, certSerialId: null} reports an CLOSED replica.
2019-10-25 02:22:33,443 [EventQueue-ContainerReportForContainerReportHandler] WARN  container.ContainerReportHandler (AbstractContainerReportHandler.java:updateContainerState(145)) - Container #1 is in OPEN state, but the datanode c287e0c1-5401-4ab1-85ea-f9321adc6aaf{ip: 192.168.34.46, host: pr-hdds-2344-k2wqm-1432304908, networkLocation: /default-rack, certSerialId: null} reports an CLOSED replica.
2019-10-25 02:22:33,523 [EventQueue-ContainerReportForContainerReportHandler] WARN  container.ContainerReportHandler (AbstractContainerReportHandler.java:updateContainerState(145)) - Container #1 is in OPEN state, but the datanode b706312b-118f-4972-9c71-4cc867b58d89{ip: 192.168.34.46, host: pr-hdds-2344-k2wqm-1432304908, networkLocation: /default-rack, certSerialId: null} reports an CLOSED replica.
2019-10-25 02:22:33,726 [BlockDeletingService#6] WARN  background.BlockDeletingService (BlockDeletingService.java:isDeletionAllowed(187)) - Close Container log Index 6 is not replicated across allthe servers in the pipeline 80d03f1e-dc0e-4300-89d1-db0659ca759e as the min replicated index is 4. Deletion is not allowed in this container yet.
2019-10-25 02:22:33,726 [BlockDeletingService#2] WARN  background.BlockDeletingService (BlockDeletingService.java:isDeletionAllowed(187)) - Close Container log Index 6 is not replicated across allthe servers in the pipeline 80d03f1e-dc0e-4300-89d1-db0659ca759e as the min replicated index is 4. Deletion is not allowed in this container yet.
2019-10-25 02:22:33,745 [EventQueue-ContainerReportForContainerReportHandler] WARN  container.ContainerReportHandler (AbstractContainerReportHandler.java:updateContainerState(145)) - Container #1 is in OPEN state, but the datanode c287e0c1-5401-4ab1-85ea-f9321adc6aaf{ip: 192.168.34.46, host: pr-hdds-2344-k2wqm-1432304908, networkLocation: /default-rack, certSerialId: null} reports an CLOSED replica.
2019-10-25 02:22:33,824 [EventQueue-ContainerReportForContainerReportHandler] WARN  container.ContainerReportHandler (AbstractContainerReportHandler.java:updateContainerState(145)) - Container #1 is in OPEN state, but the datanode b706312b-118f-4972-9c71-4cc867b58d89{ip: 192.168.34.46, host: pr-hdds-2344-k2wqm-1432304908, networkLocation: /default-rack, certSerialId: null} reports an CLOSED replica.
2019-10-25 02:22:33,946 [EventQueue-ContainerReportForContainerReportHandler] WARN  container.ContainerReportHandler (AbstractContainerReportHandler.java:updateContainerState(145)) - Container #1 is in OPEN state, but the datanode c287e0c1-5401-4ab1-85ea-f9321adc6aaf{ip: 192.168.34.46, host: pr-hdds-2344-k2wqm-1432304908, networkLocation: /default-rack, certSerialId: null} reports an CLOSED replica.
2019-10-25 02:22:34,048 [java.util.concurrent.ThreadPoolExecutor$Worker@1a1b1369[State = -1, empty queue]] WARN  server.GrpcLogAppender (GrpcLogAppender.java:timeoutAppendRequest(209)) - b706312b-118f-4972-9c71-4cc867b58d89@group-DB0659CA759E->25203751-88e7-46c0-b9ea-976de1ff2c7c-GrpcLogAppender: appendEntries Timeout, request=b706312b-118f-4972-9c71-4cc867b58d89->25203751-88e7-46c0-b9ea-976de1ff2c7c#42-t1, previous=(t:1, i:10), leaderCommit=10, initializing? false, entries: <empty>
2019-10-25 02:22:34,225 [EventQueue-ContainerReportForContainerReportHandler] WARN  container.ContainerReportHandler (AbstractContainerReportHandler.java:updateContainerState(145)) - Container #1 is in OPEN state, but the datanode b706312b-118f-4972-9c71-4cc867b58d89{ip: 192.168.34.46, host: pr-hdds-2344-k2wqm-1432304908, networkLocation: /default-rack, certSerialId: null} reports an CLOSED replica.
2019-10-25 02:22:34,246 [EventQueue-ContainerReportForContainerReportHandler] WARN  container.ContainerReportHandler (AbstractContainerReportHandler.java:updateContainerState(145)) - Container #1 is in OPEN state, but the datanode c287e0c1-5401-4ab1-85ea-f9321adc6aaf{ip: 192.168.34.46, host: pr-hdds-2344-k2wqm-1432304908, networkLocation: /default-rack, certSerialId: null} reports an CLOSED replica.
2019-10-25 02:22:34,426 [EventQueue-ContainerReportForContainerReportHandler] WARN  container.ContainerReportHandler (AbstractContainerReportHandler.java:updateContainerState(145)) - Container #1 is in OPEN state, but the datanode b706312b-118f-4972-9c71-4cc867b58d89{ip: 192.168.34.46, host: pr-hdds-2344-k2wqm-1432304908, networkLocation: /default-rack, certSerialId: null} reports an CLOSED replica.
2019-10-25 02:22:34,546 [EventQueue-ContainerReportForContainerReportHandler] WARN  container.ContainerReportHandler (AbstractContainerReportHandler.java:updateContainerState(145)) - Container #1 is in OPEN state, but the datanode c287e0c1-5401-4ab1-85ea-f9321adc6aaf{ip: 192.168.34.46, host: pr-hdds-2344-k2wqm-1432304908, networkLocation: /default-rack, certSerialId: null} reports an CLOSED replica.
2019-10-25 02:22:34,630 [EventQueue-ContainerReportForContainerReportHandler] WARN  container.ContainerReportHandler (AbstractContainerReportHandler.java:updateContainerState(145)) - Container #1 is in OPEN state, but the datanode b706312b-118f-4972-9c71-4cc867b58d89{ip: 192.168.34.46, host: pr-hdds-2344-k2wqm-1432304908, networkLocation: /default-rack, certSerialId: null} reports an CLOSED replica.
2019-10-25 02:22:34,728 [BlockDeletingService#2] WARN  background.BlockDeletingService (BlockDeletingService.java:isDeletionAllowed(187)) - Close Container log Index 6 is not replicated across allthe servers in the pipeline 80d03f1e-dc0e-4300-89d1-db0659ca759e as the min replicated index is 4. Deletion is not allowed in this container yet.
2019-10-25 02:22:34,728 [BlockDeletingService#6] WARN  background.BlockDeletingService (BlockDeletingService.java:isDeletionAllowed(187)) - Close Container log Index 6 is not replicated across allthe servers in the pipeline 80d03f1e-dc0e-4300-89d1-db0659ca759e as the min replicated index is 4. Deletion is not allowed in this container yet.
2019-10-25 02:22:34,755 [Thread-462] INFO  client.GrpcClientProtocolService (GrpcClientProtocolService.java:lambda$processClientRequest$0(279)) - Failed RaftClientRequest:client-18E359B5664D->b706312b-118f-4972-9c71-4cc867b58d89@group-DB0659CA759E, cid=10, seq=0, Watch-ALL_COMMITTED(6), Message:<EMPTY>, reply=RaftClientReply:client-18E359B5664D->b706312b-118f-4972-9c71-4cc867b58d89@group-DB0659CA759E, cid=10, FAILED org.apache.ratis.protocol.NotReplicatedException: Request with call Id 10 and log index 6 is not yet replicated to ALL_COMMITTED, logIndex=6, commits[b706312b-118f-4972-9c71-4cc867b58d89:c10, c287e0c1-5401-4ab1-85ea-f9321adc6aaf:c10, 25203751-88e7-46c0-b9ea-976de1ff2c7c:c4]
2019-10-25 02:22:34,847 [EventQueue-ContainerReportForContainerReportHandler] WARN  container.ContainerReportHandler (AbstractContainerReportHandler.java:updateContainerState(145)) - Container #1 is in OPEN state, but the datanode c287e0c1-5401-4ab1-85ea-f9321adc6aaf{ip: 192.168.34.46, host: pr-hdds-2344-k2wqm-1432304908, networkLocation: /default-rack, certSerialId: null} reports an CLOSED replica.
2019-10-25 02:22:35,026 [EventQueue-ContainerReportForContainerReportHandler] WARN  container.ContainerReportHandler (AbstractContainerReportHandler.java:updateContainerState(145)) - Container #1 is in OPEN state, but the datanode b706312b-118f-4972-9c71-4cc867b58d89{ip: 192.168.34.46, host: pr-hdds-2344-k2wqm-1432304908, networkLocation: /default-rack, certSerialId: null} reports an CLOSED replica.
2019-10-25 02:22:35,225 [EventQueue-ContainerReportForContainerReportHandler] WARN  container.ContainerReportHandler (AbstractContainerReportHandler.java:updateContainerState(145)) - Container #1 is in OPEN state, but the datanode b706312b-118f-4972-9c71-4cc867b58d89{ip: 192.168.34.46, host: pr-hdds-2344-k2wqm-1432304908, networkLocation: /default-rack, certSerialId: null} reports an CLOSED replica.
2019-10-25 02:22:35,247 [EventQueue-ContainerReportForContainerReportHandler] WARN  container.ContainerReportHandler (AbstractContainerReportHandler.java:updateContainerState(145)) - Container #1 is in OPEN state, but the datanode c287e0c1-5401-4ab1-85ea-f9321adc6aaf{ip: 192.168.34.46, host: pr-hdds-2344-k2wqm-1432304908, networkLocation: /default-rack, certSerialId: null} reports an CLOSED replica.
2019-10-25 02:22:35,549 [EventQueue-ContainerReportForContainerReportHandler] WARN  container.ContainerReportHandler (AbstractContainerReportHandler.java:updateContainerState(145)) - Container #1 is in OPEN state, but the datanode c287e0c1-5401-4ab1-85ea-f9321adc6aaf{ip: 192.168.34.46, host: pr-hdds-2344-k2wqm-1432304908, networkLocation: /default-rack, certSerialId: null} reports an CLOSED replica.
2019-10-25 02:22:35,628 [EventQueue-ContainerReportForContainerReportHandler] WARN  container.ContainerReportHandler (AbstractContainerReportHandler.java:updateContainerState(145)) - Container #1 is in OPEN state, but the datanode b706312b-118f-4972-9c71-4cc867b58d89{ip: 192.168.34.46, host: pr-hdds-2344-k2wqm-1432304908, networkLocation: /default-rack, certSerialId: null} reports an CLOSED replica.
2019-10-25 02:22:35,730 [BlockDeletingService#2] WARN  background.BlockDeletingService (BlockDeletingService.java:isDeletionAllowed(187)) - Close Container log Index 6 is not replicated across allthe servers in the pipeline 80d03f1e-dc0e-4300-89d1-db0659ca759e as the min replicated index is 4. Deletion is not allowed in this container yet.
2019-10-25 02:22:35,730 [BlockDeletingService#6] WARN  background.BlockDeletingService (BlockDeletingService.java:isDeletionAllowed(187)) - Close Container log Index 6 is not replicated across allthe servers in the pipeline 80d03f1e-dc0e-4300-89d1-db0659ca759e as the min replicated index is 4. Deletion is not allowed in this container yet.
2019-10-25 02:22:35,850 [EventQueue-ContainerReportForContainerReportHandler] WARN  container.ContainerReportHandler (AbstractContainerReportHandler.java:updateContainerState(145)) - Container #1 is in OPEN state, but the datanode c287e0c1-5401-4ab1-85ea-f9321adc6aaf{ip: 192.168.34.46, host: pr-hdds-2344-k2wqm-1432304908, networkLocation: /default-rack, certSerialId: null} reports an CLOSED replica.
2019-10-25 02:22:36,030 [EventQueue-ContainerReportForContainerReportHandler] WARN  container.ContainerReportHandler (AbstractContainerReportHandler.java:updateContainerState(145)) - Container #1 is in OPEN state, but the datanode b706312b-118f-4972-9c71-4cc867b58d89{ip: 192.168.34.46, host: pr-hdds-2344-k2wqm-1432304908, networkLocation: /default-rack, certSerialId: null} reports an CLOSED replica.
2019-10-25 02:22:36,230 [EventQueue-ContainerReportForContainerReportHandler] WARN  container.ContainerReportHandler (AbstractContainerReportHandler.java:updateContainerState(145)) - Container #1 is in OPEN state, but the datanode b706312b-118f-4972-9c71-4cc867b58d89{ip: 192.168.34.46, host: pr-hdds-2344-k2wqm-1432304908, networkLocation: /default-rack, certSerialId: null} reports an CLOSED replica.
2019-10-25 02:22:36,250 [EventQueue-ContainerReportForContainerReportHandler] WARN  container.ContainerReportHandler (AbstractContainerReportHandler.java:updateContainerState(145)) - Container #1 is in OPEN state, but the datanode c287e0c1-5401-4ab1-85ea-f9321adc6aaf{ip: 192.168.34.46, host: pr-hdds-2344-k2wqm-1432304908, networkLocation: /default-rack, certSerialId: null} reports an CLOSED replica.
2019-10-25 02:22:36,532 [EventQueue-ContainerReportForContainerReportHandler] WARN  container.ContainerReportHandler (AbstractContainerReportHandler.java:updateContainerState(145)) - Container #1 is in OPEN state, but the datanode b706312b-118f-4972-9c71-4cc867b58d89{ip: 192.168.34.46, host: pr-hdds-2344-k2wqm-1432304908, networkLocation: /default-rack, certSerialId: null} reports an CLOSED replica.
2019-10-25 02:22:36,549 [java.util.concurrent.ThreadPoolExecutor$Worker@1a1b1369[State = -1, empty queue]] WARN  server.GrpcLogAppender (GrpcLogAppender.java:timeoutAppendRequest(209)) - b706312b-118f-4972-9c71-4cc867b58d89@group-DB0659CA759E->25203751-88e7-46c0-b9ea-976de1ff2c7c-GrpcLogAppender: appendEntries Timeout, request=b706312b-118f-4972-9c71-4cc867b58d89->25203751-88e7-46c0-b9ea-976de1ff2c7c#43-t1, previous=(t:1, i:10), leaderCommit=10, initializing? false, entries: <empty>
2019-10-25 02:22:36,649 [EventQueue-ContainerReportForContainerReportHandler] WARN  container.ContainerReportHandler (AbstractContainerReportHandler.java:updateContainerState(145)) - Container #1 is in OPEN state, but the datanode c287e0c1-5401-4ab1-85ea-f9321adc6aaf{ip: 192.168.34.46, host: pr-hdds-2344-k2wqm-1432304908, networkLocation: /default-rack, certSerialId: null} reports an CLOSED replica.
2019-10-25 02:22:36,729 [EventQueue-ContainerReportForContainerReportHandler] WARN  container.ContainerReportHandler (AbstractContainerReportHandler.java:updateContainerState(145)) - Container #1 is in OPEN state, but the datanode b706312b-118f-4972-9c71-4cc867b58d89{ip: 192.168.34.46, host: pr-hdds-2344-k2wqm-1432304908, networkLocation: /default-rack, certSerialId: null} reports an CLOSED replica.
2019-10-25 02:22:36,735 [BlockDeletingService#6] WARN  background.BlockDeletingService (BlockDeletingService.java:isDeletionAllowed(187)) - Close Container log Index 6 is not replicated across allthe servers in the pipeline 80d03f1e-dc0e-4300-89d1-db0659ca759e as the min replicated index is 4. Deletion is not allowed in this container yet.
2019-10-25 02:22:36,735 [BlockDeletingService#2] WARN  background.BlockDeletingService (BlockDeletingService.java:isDeletionAllowed(187)) - Close Container log Index 6 is not replicated across allthe servers in the pipeline 80d03f1e-dc0e-4300-89d1-db0659ca759e as the min replicated index is 4. Deletion is not allowed in this container yet.
2019-10-25 02:22:36,950 [EventQueue-ContainerReportForContainerReportHandler] WARN  container.ContainerReportHandler (AbstractContainerReportHandler.java:updateContainerState(145)) - Container #1 is in OPEN state, but the datanode c287e0c1-5401-4ab1-85ea-f9321adc6aaf{ip: 192.168.34.46, host: pr-hdds-2344-k2wqm-1432304908, networkLocation: /default-rack, certSerialId: null} reports an CLOSED replica.
2019-10-25 02:22:37,029 [EventQueue-ContainerReportForContainerReportHandler] WARN  container.ContainerReportHandler (AbstractContainerReportHandler.java:updateContainerState(145)) - Container #1 is in OPEN state, but the datanode b706312b-118f-4972-9c71-4cc867b58d89{ip: 192.168.34.46, host: pr-hdds-2344-k2wqm-1432304908, networkLocation: /default-rack, certSerialId: null} reports an CLOSED replica.
2019-10-25 02:22:37,330 [EventQueue-ContainerReportForContainerReportHandler] WARN  container.ContainerReportHandler (AbstractContainerReportHandler.java:updateContainerState(145)) - Container #1 is in OPEN state, but the datanode b706312b-118f-4972-9c71-4cc867b58d89{ip: 192.168.34.46, host: pr-hdds-2344-k2wqm-1432304908, networkLocation: /default-rack, certSerialId: null} reports an CLOSED replica.
2019-10-25 02:22:37,350 [EventQueue-ContainerReportForContainerReportHandler] WARN  container.ContainerReportHandler (AbstractContainerReportHandler.java:updateContainerState(145)) - Container #1 is in OPEN state, but the datanode c287e0c1-5401-4ab1-85ea-f9321adc6aaf{ip: 192.168.34.46, host: pr-hdds-2344-k2wqm-1432304908, networkLocation: /default-rack, certSerialId: null} reports an CLOSED replica.
2019-10-25 02:22:37,530 [EventQueue-ContainerReportForContainerReportHandler] WARN  container.ContainerReportHandler (AbstractContainerReportHandler.java:updateContainerState(145)) - Container #1 is in OPEN state, but the datanode b706312b-118f-4972-9c71-4cc867b58d89{ip: 192.168.34.46, host: pr-hdds-2344-k2wqm-1432304908, networkLocation: /default-rack, certSerialId: null} reports an CLOSED replica.
2019-10-25 02:22:37,550 [EventQueue-ContainerReportForContainerReportHandler] WARN  container.ContainerReportHandler (AbstractContainerReportHandler.java:updateContainerState(145)) - Container #1 is in OPEN state, but the datanode c287e0c1-5401-4ab1-85ea-f9321adc6aaf{ip: 192.168.34.46, host: pr-hdds-2344-k2wqm-1432304908, networkLocation: /default-rack, certSerialId: null} reports an CLOSED replica.
2019-10-25 02:22:37,737 [BlockDeletingService#6] WARN  background.BlockDeletingService (BlockDeletingService.java:isDeletionAllowed(187)) - Close Container log Index 6 is not replicated across allthe servers in the pipeline 80d03f1e-dc0e-4300-89d1-db0659ca759e as the min replicated index is 4. Deletion is not allowed in this container yet.
2019-10-25 02:22:37,737 [BlockDeletingService#2] WARN  background.BlockDeletingService (BlockDeletingService.java:isDeletionAllowed(187)) - Close Container log Index 6 is not replicated across allthe servers in the pipeline 80d03f1e-dc0e-4300-89d1-db0659ca759e as the min replicated index is 4. Deletion is not allowed in this container yet.
2019-10-25 02:22:37,830 [EventQueue-ContainerReportForContainerReportHandler] WARN  container.ContainerReportHandler (AbstractContainerReportHandler.java:updateContainerState(145)) - Container #1 is in OPEN state, but the datanode b706312b-118f-4972-9c71-4cc867b58d89{ip: 192.168.34.46, host: pr-hdds-2344-k2wqm-1432304908, networkLocation: /default-rack, certSerialId: null} reports an CLOSED replica.
2019-10-25 02:22:37,849 [EventQueue-ContainerReportForContainerReportHandler] WARN  container.ContainerReportHandler (AbstractContainerReportHandler.java:updateContainerState(145)) - Container #1 is in OPEN state, but the datanode c287e0c1-5401-4ab1-85ea-f9321adc6aaf{ip: 192.168.34.46, host: pr-hdds-2344-k2wqm-1432304908, networkLocation: /default-rack, certSerialId: null} reports an CLOSED replica.
2019-10-25 02:22:38,029 [EventQueue-ContainerReportForContainerReportHandler] WARN  container.ContainerReportHandler (AbstractContainerReportHandler.java:updateContainerState(145)) - Container #1 is in OPEN state, but the datanode b706312b-118f-4972-9c71-4cc867b58d89{ip: 192.168.34.46, host: pr-hdds-2344-k2wqm-1432304908, networkLocation: /default-rack, certSerialId: null} reports an CLOSED replica.
2019-10-25 02:22:38,149 [EventQueue-ContainerReportForContainerReportHandler] WARN  container.ContainerReportHandler (AbstractContainerReportHandler.java:updateContainerState(145)) - Container #1 is in OPEN state, but the datanode c287e0c1-5401-4ab1-85ea-f9321adc6aaf{ip: 192.168.34.46, host: pr-hdds-2344-k2wqm-1432304908, networkLocation: /default-rack, certSerialId: null} reports an CLOSED replica.
2019-10-25 02:22:38,430 [EventQueue-ContainerReportForContainerReportHandler] WARN  container.ContainerReportHandler (AbstractContainerReportHandler.java:updateContainerState(145)) - Container #1 is in OPEN state, but the datanode b706312b-118f-4972-9c71-4cc867b58d89{ip: 192.168.34.46, host: pr-hdds-2344-k2wqm-1432304908, networkLocation: /default-rack, certSerialId: null} reports an CLOSED replica.
2019-10-25 02:22:38,451 [EventQueue-ContainerReportForContainerReportHandler] WARN  container.ContainerReportHandler (AbstractContainerReportHandler.java:updateContainerState(145)) - Container #1 is in OPEN state, but the datanode c287e0c1-5401-4ab1-85ea-f9321adc6aaf{ip: 192.168.34.46, host: pr-hdds-2344-k2wqm-1432304908, networkLocation: /default-rack, certSerialId: null} reports an CLOSED replica.
2019-10-25 02:22:38,730 [EventQueue-ContainerReportForContainerReportHandler] WARN  container.ContainerReportHandler (AbstractContainerReportHandler.java:updateContainerState(145)) - Container #1 is in OPEN state, but the datanode b706312b-118f-4972-9c71-4cc867b58d89{ip: 192.168.34.46, host: pr-hdds-2344-k2wqm-1432304908, networkLocation: /default-rack, certSerialId: null} reports an CLOSED replica.
2019-10-25 02:22:38,740 [BlockDeletingService#2] WARN  background.BlockDeletingService (BlockDeletingService.java:isDeletionAllowed(187)) - Close Container log Index 6 is not replicated across allthe servers in the pipeline 80d03f1e-dc0e-4300-89d1-db0659ca759e as the min replicated index is 4. Deletion is not allowed in this container yet.
2019-10-25 02:22:38,740 [BlockDeletingService#6] WARN  background.BlockDeletingService (BlockDeletingService.java:isDeletionAllowed(187)) - Close Container log Index 6 is not replicated across allthe servers in the pipeline 80d03f1e-dc0e-4300-89d1-db0659ca759e as the min replicated index is 4. Deletion is not allowed in this container yet.
2019-10-25 02:22:38,850 [EventQueue-ContainerReportForContainerReportHandler] WARN  container.ContainerReportHandler (AbstractContainerReportHandler.java:updateContainerState(145)) - Container #1 is in OPEN state, but the datanode c287e0c1-5401-4ab1-85ea-f9321adc6aaf{ip: 192.168.34.46, host: pr-hdds-2344-k2wqm-1432304908, networkLocation: /default-rack, certSerialId: null} reports an CLOSED replica.
2019-10-25 02:22:39,030 [EventQueue-ContainerReportForContainerReportHandler] WARN  container.ContainerReportHandler (AbstractContainerReportHandler.java:updateContainerState(145)) - Container #1 is in OPEN state, but the datanode b706312b-118f-4972-9c71-4cc867b58d89{ip: 192.168.34.46, host: pr-hdds-2344-k2wqm-1432304908, networkLocation: /default-rack, certSerialId: null} reports an CLOSED replica.
2019-10-25 02:22:39,051 [EventQueue-ContainerReportForContainerReportHandler] WARN  container.ContainerReportHandler (AbstractContainerReportHandler.java:updateContainerState(145)) - Container #1 is in OPEN state, but the datanode c287e0c1-5401-4ab1-85ea-f9321adc6aaf{ip: 192.168.34.46, host: pr-hdds-2344-k2wqm-1432304908, networkLocation: /default-rack, certSerialId: null} reports an CLOSED replica.
2019-10-25 02:22:39,051 [java.util.concurrent.ThreadPoolExecutor$Worker@1a1b1369[State = -1, empty queue]] WARN  server.GrpcLogAppender (GrpcLogAppender.java:timeoutAppendRequest(209)) - b706312b-118f-4972-9c71-4cc867b58d89@group-DB0659CA759E->25203751-88e7-46c0-b9ea-976de1ff2c7c-GrpcLogAppender: appendEntries Timeout, request=b706312b-118f-4972-9c71-4cc867b58d89->25203751-88e7-46c0-b9ea-976de1ff2c7c#44-t1, previous=(t:1, i:10), leaderCommit=10, initializing? false, entries: <empty>
2019-10-25 02:22:39,250 [EventQueue-ContainerReportForContainerReportHandler] WARN  container.ContainerReportHandler (AbstractContainerReportHandler.java:updateContainerState(145)) - Container #1 is in OPEN state, but the datanode c287e0c1-5401-4ab1-85ea-f9321adc6aaf{ip: 192.168.34.46, host: pr-hdds-2344-k2wqm-1432304908, networkLocation: /default-rack, certSerialId: null} reports an CLOSED replica.
2019-10-25 02:22:39,330 [EventQueue-ContainerReportForContainerReportHandler] WARN  container.ContainerReportHandler (AbstractContainerReportHandler.java:updateContainerState(145)) - Container #1 is in OPEN state, but the datanode b706312b-118f-4972-9c71-4cc867b58d89{ip: 192.168.34.46, host: pr-hdds-2344-k2wqm-1432304908, networkLocation: /default-rack, certSerialId: null} reports an CLOSED replica.
2019-10-25 02:22:39,451 [EventQueue-ContainerReportForContainerReportHandler] WARN  container.ContainerReportHandler (AbstractContainerReportHandler.java:updateContainerState(145)) - Container #1 is in OPEN state, but the datanode c287e0c1-5401-4ab1-85ea-f9321adc6aaf{ip: 192.168.34.46, host: pr-hdds-2344-k2wqm-1432304908, networkLocation: /default-rack, certSerialId: null} reports an CLOSED replica.
2019-10-25 02:22:39,629 [EventQueue-ContainerReportForContainerReportHandler] WARN  container.ContainerReportHandler (AbstractContainerReportHandler.java:updateContainerState(145)) - Container #1 is in OPEN state, but the datanode b706312b-118f-4972-9c71-4cc867b58d89{ip: 192.168.34.46, host: pr-hdds-2344-k2wqm-1432304908, networkLocation: /default-rack, certSerialId: null} reports an CLOSED replica.
2019-10-25 02:22:39,741 [BlockDeletingService#2] WARN  background.BlockDeletingService (BlockDeletingService.java:isDeletionAllowed(187)) - Close Container log Index 6 is not replicated across allthe servers in the pipeline 80d03f1e-dc0e-4300-89d1-db0659ca759e as the min replicated index is 4. Deletion is not allowed in this container yet.
2019-10-25 02:22:39,741 [BlockDeletingService#6] WARN  background.BlockDeletingService (BlockDeletingService.java:isDeletionAllowed(187)) - Close Container log Index 6 is not replicated across allthe servers in the pipeline 80d03f1e-dc0e-4300-89d1-db0659ca759e as the min replicated index is 4. Deletion is not allowed in this container yet.
2019-10-25 02:22:39,750 [EventQueue-ContainerReportForContainerReportHandler] WARN  container.ContainerReportHandler (AbstractContainerReportHandler.java:updateContainerState(145)) - Container #1 is in OPEN state, but the datanode c287e0c1-5401-4ab1-85ea-f9321adc6aaf{ip: 192.168.34.46, host: pr-hdds-2344-k2wqm-1432304908, networkLocation: /default-rack, certSerialId: null} reports an CLOSED replica.
2019-10-25 02:22:39,832 [EventQueue-ContainerReportForContainerReportHandler] WARN  container.ContainerReportHandler (AbstractContainerReportHandler.java:updateContainerState(145)) - Container #1 is in OPEN state, but the datanode b706312b-118f-4972-9c71-4cc867b58d89{ip: 192.168.34.46, host: pr-hdds-2344-k2wqm-1432304908, networkLocation: /default-rack, certSerialId: null} reports an CLOSED replica.
2019-10-25 02:22:39,950 [EventQueue-ContainerReportForContainerReportHandler] WARN  container.ContainerReportHandler (AbstractContainerReportHandler.java:updateContainerState(145)) - Container #1 is in OPEN state, but the datanode c287e0c1-5401-4ab1-85ea-f9321adc6aaf{ip: 192.168.34.46, host: pr-hdds-2344-k2wqm-1432304908, networkLocation: /default-rack, certSerialId: null} reports an CLOSED replica.
2019-10-25 02:22:40,232 [EventQueue-ContainerReportForContainerReportHandler] WARN  container.ContainerReportHandler (AbstractContainerReportHandler.java:updateContainerState(145)) - Container #1 is in OPEN state, but the datanode b706312b-118f-4972-9c71-4cc867b58d89{ip: 192.168.34.46, host: pr-hdds-2344-k2wqm-1432304908, networkLocation: /default-rack, certSerialId: null} reports an CLOSED replica.
2019-10-25 02:22:40,251 [EventQueue-ContainerReportForContainerReportHandler] WARN  container.ContainerReportHandler (AbstractContainerReportHandler.java:updateContainerState(145)) - Container #1 is in OPEN state, but the datanode c287e0c1-5401-4ab1-85ea-f9321adc6aaf{ip: 192.168.34.46, host: pr-hdds-2344-k2wqm-1432304908, networkLocation: /default-rack, certSerialId: null} reports an CLOSED replica.
2019-10-25 02:22:40,432 [EventQueue-ContainerReportForContainerReportHandler] WARN  container.ContainerReportHandler (AbstractContainerReportHandler.java:updateContainerState(145)) - Container #1 is in OPEN state, but the datanode b706312b-118f-4972-9c71-4cc867b58d89{ip: 192.168.34.46, host: pr-hdds-2344-k2wqm-1432304908, networkLocation: /default-rack, certSerialId: null} reports an CLOSED replica.
2019-10-25 02:22:40,550 [EventQueue-ContainerReportForContainerReportHandler] WARN  container.ContainerReportHandler (AbstractContainerReportHandler.java:updateContainerState(145)) - Container #1 is in OPEN state, but the datanode c287e0c1-5401-4ab1-85ea-f9321adc6aaf{ip: 192.168.34.46, host: pr-hdds-2344-k2wqm-1432304908, networkLocation: /default-rack, certSerialId: null} reports an CLOSED replica.
2019-10-25 02:22:40,731 [EventQueue-ContainerReportForContainerReportHandler] WARN  container.ContainerReportHandler (AbstractContainerReportHandler.java:updateContainerState(145)) - Container #1 is in OPEN state, but the datanode b706312b-118f-4972-9c71-4cc867b58d89{ip: 192.168.34.46, host: pr-hdds-2344-k2wqm-1432304908, networkLocation: /default-rack, certSerialId: null} reports an CLOSED replica.
2019-10-25 02:22:40,744 [BlockDeletingService#2] WARN  background.BlockDeletingService (BlockDeletingService.java:isDeletionAllowed(187)) - Close Container log Index 6 is not replicated across allthe servers in the pipeline 80d03f1e-dc0e-4300-89d1-db0659ca759e as the min replicated index is 4. Deletion is not allowed in this container yet.
2019-10-25 02:22:40,744 [BlockDeletingService#6] WARN  background.BlockDeletingService (BlockDeletingService.java:isDeletionAllowed(187)) - Close Container log Index 6 is not replicated across allthe servers in the pipeline 80d03f1e-dc0e-4300-89d1-db0659ca759e as the min replicated index is 4. Deletion is not allowed in this container yet.
2019-10-25 02:22:40,850 [EventQueue-ContainerReportForContainerReportHandler] WARN  container.ContainerReportHandler (AbstractContainerReportHandler.java:updateContainerState(145)) - Container #1 is in OPEN state, but the datanode c287e0c1-5401-4ab1-85ea-f9321adc6aaf{ip: 192.168.34.46, host: pr-hdds-2344-k2wqm-1432304908, networkLocation: /default-rack, certSerialId: null} reports an CLOSED replica.
2019-10-25 02:22:41,052 [EventQueue-ContainerReportForContainerReportHandler] WARN  container.ContainerReportHandler (AbstractContainerReportHandler.java:updateContainerState(145)) - Container #1 is in OPEN state, but the datanode c287e0c1-5401-4ab1-85ea-f9321adc6aaf{ip: 192.168.34.46, host: pr-hdds-2344-k2wqm-1432304908, networkLocation: /default-rack, certSerialId: null} reports an CLOSED replica.
2019-10-25 02:22:41,132 [EventQueue-ContainerReportForContainerReportHandler] WARN  container.ContainerReportHandler (AbstractContainerReportHandler.java:updateContainerState(145)) - Container #1 is in OPEN state, but the datanode b706312b-118f-4972-9c71-4cc867b58d89{ip: 192.168.34.46, host: pr-hdds-2344-k2wqm-1432304908, networkLocation: /default-rack, certSerialId: null} reports an CLOSED replica.
2019-10-25 02:22:41,435 [EventQueue-ContainerReportForContainerReportHandler] WARN  container.ContainerReportHandler (AbstractContainerReportHandler.java:updateContainerState(145)) - Container #1 is in OPEN state, but the datanode b706312b-118f-4972-9c71-4cc867b58d89{ip: 192.168.34.46, host: pr-hdds-2344-k2wqm-1432304908, networkLocation: /default-rack, certSerialId: null} reports an CLOSED replica.
2019-10-25 02:22:41,451 [EventQueue-ContainerReportForContainerReportHandler] WARN  container.ContainerReportHandler (AbstractContainerReportHandler.java:updateContainerState(145)) - Container #1 is in OPEN state, but the datanode c287e0c1-5401-4ab1-85ea-f9321adc6aaf{ip: 192.168.34.46, host: pr-hdds-2344-k2wqm-1432304908, networkLocation: /default-rack, certSerialId: null} reports an CLOSED replica.
2019-10-25 02:22:41,555 [java.util.concurrent.ThreadPoolExecutor$Worker@1a1b1369[State = -1, empty queue]] WARN  server.GrpcLogAppender (GrpcLogAppender.java:timeoutAppendRequest(209)) - b706312b-118f-4972-9c71-4cc867b58d89@group-DB0659CA759E->25203751-88e7-46c0-b9ea-976de1ff2c7c-GrpcLogAppender: appendEntries Timeout, request=b706312b-118f-4972-9c71-4cc867b58d89->25203751-88e7-46c0-b9ea-976de1ff2c7c#45-t1, previous=(t:1, i:10), leaderCommit=10, initializing? false, entries: <empty>
2019-10-25 02:22:41,734 [EventQueue-ContainerReportForContainerReportHandler] WARN  container.ContainerReportHandler (AbstractContainerReportHandler.java:updateContainerState(145)) - Container #1 is in OPEN state, but the datanode b706312b-118f-4972-9c71-4cc867b58d89{ip: 192.168.34.46, host: pr-hdds-2344-k2wqm-1432304908, networkLocation: /default-rack, certSerialId: null} reports an CLOSED replica.
2019-10-25 02:22:41,746 [BlockDeletingService#2] WARN  background.BlockDeletingService (BlockDeletingService.java:isDeletionAllowed(187)) - Close Container log Index 6 is not replicated across allthe servers in the pipeline 80d03f1e-dc0e-4300-89d1-db0659ca759e as the min replicated index is 4. Deletion is not allowed in this container yet.
2019-10-25 02:22:41,746 [BlockDeletingService#6] WARN  background.BlockDeletingService (BlockDeletingService.java:isDeletionAllowed(187)) - Close Container log Index 6 is not replicated across allthe servers in the pipeline 80d03f1e-dc0e-4300-89d1-db0659ca759e as the min replicated index is 4. Deletion is not allowed in this container yet.
2019-10-25 02:22:41,753 [EventQueue-ContainerReportForContainerReportHandler] WARN  container.ContainerReportHandler (AbstractContainerReportHandler.java:updateContainerState(145)) - Container #1 is in OPEN state, but the datanode c287e0c1-5401-4ab1-85ea-f9321adc6aaf{ip: 192.168.34.46, host: pr-hdds-2344-k2wqm-1432304908, networkLocation: /default-rack, certSerialId: null} reports an CLOSED replica.
2019-10-25 02:22:41,934 [EventQueue-ContainerReportForContainerReportHandler] WARN  container.ContainerReportHandler (AbstractContainerReportHandler.java:updateContainerState(145)) - Container #1 is in OPEN state, but the datanode b706312b-118f-4972-9c71-4cc867b58d89{ip: 192.168.34.46, host: pr-hdds-2344-k2wqm-1432304908, networkLocation: /default-rack, certSerialId: null} reports an CLOSED replica.
2019-10-25 02:22:42,053 [EventQueue-ContainerReportForContainerReportHandler] WARN  container.ContainerReportHandler (AbstractContainerReportHandler.java:updateContainerState(145)) - Container #1 is in OPEN state, but the datanode c287e0c1-5401-4ab1-85ea-f9321adc6aaf{ip: 192.168.34.46, host: pr-hdds-2344-k2wqm-1432304908, networkLocation: /default-rack, certSerialId: null} reports an CLOSED replica.
2019-10-25 02:22:42,335 [EventQueue-ContainerReportForContainerReportHandler] WARN  container.ContainerReportHandler (AbstractContainerReportHandler.java:updateContainerState(145)) - Container #1 is in OPEN state, but the datanode b706312b-118f-4972-9c71-4cc867b58d89{ip: 192.168.34.46, host: pr-hdds-2344-k2wqm-1432304908, networkLocation: /default-rack, certSerialId: null} reports an CLOSED replica.
2019-10-25 02:22:42,452 [EventQueue-ContainerReportForContainerReportHandler] WARN  container.ContainerReportHandler (AbstractContainerReportHandler.java:updateContainerState(145)) - Container #1 is in OPEN state, but the datanode c287e0c1-5401-4ab1-85ea-f9321adc6aaf{ip: 192.168.34.46, host: pr-hdds-2344-k2wqm-1432304908, networkLocation: /default-rack, certSerialId: null} reports an CLOSED replica.
2019-10-25 02:22:42,735 [EventQueue-ContainerReportForContainerReportHandler] WARN  container.ContainerReportHandler (AbstractContainerReportHandler.java:updateContainerState(145)) - Container #1 is in OPEN state, but the datanode b706312b-118f-4972-9c71-4cc867b58d89{ip: 192.168.34.46, host: pr-hdds-2344-k2wqm-1432304908, networkLocation: /default-rack, certSerialId: null} reports an CLOSED replica.
2019-10-25 02:22:42,747 [BlockDeletingService#2] WARN  background.BlockDeletingService (BlockDeletingService.java:isDeletionAllowed(187)) - Close Container log Index 6 is not replicated across allthe servers in the pipeline 80d03f1e-dc0e-4300-89d1-db0659ca759e as the min replicated index is 4. Deletion is not allowed in this container yet.
2019-10-25 02:22:42,748 [BlockDeletingService#6] WARN  background.BlockDeletingService (BlockDeletingService.java:isDeletionAllowed(187)) - Close Container log Index 6 is not replicated across allthe servers in the pipeline 80d03f1e-dc0e-4300-89d1-db0659ca759e as the min replicated index is 4. Deletion is not allowed in this container yet.
2019-10-25 02:22:42,752 [EventQueue-ContainerReportForContainerReportHandler] WARN  container.ContainerReportHandler (AbstractContainerReportHandler.java:updateContainerState(145)) - Container #1 is in OPEN state, but the datanode c287e0c1-5401-4ab1-85ea-f9321adc6aaf{ip: 192.168.34.46, host: pr-hdds-2344-k2wqm-1432304908, networkLocation: /default-rack, certSerialId: null} reports an CLOSED replica.
2019-10-25 02:22:42,952 [EventQueue-ContainerReportForContainerReportHandler] WARN  container.ContainerReportHandler (AbstractContainerReportHandler.java:updateContainerState(145)) - Container #1 is in OPEN state, but the datanode c287e0c1-5401-4ab1-85ea-f9321adc6aaf{ip: 192.168.34.46, host: pr-hdds-2344-k2wqm-1432304908, networkLocation: /default-rack, certSerialId: null} reports an CLOSED replica.
2019-10-25 02:22:43,035 [EventQueue-ContainerReportForContainerReportHandler] WARN  container.ContainerReportHandler (AbstractContainerReportHandler.java:updateContainerState(145)) - Container #1 is in OPEN state, but the datanode b706312b-118f-4972-9c71-4cc867b58d89{ip: 192.168.34.46, host: pr-hdds-2344-k2wqm-1432304908, networkLocation: /default-rack, certSerialId: null} reports an CLOSED replica.
2019-10-25 02:22:43,152 [EventQueue-ContainerReportForContainerReportHandler] WARN  container.ContainerReportHandler (AbstractContainerReportHandler.java:updateContainerState(145)) - Container #1 is in OPEN state, but the datanode c287e0c1-5401-4ab1-85ea-f9321adc6aaf{ip: 192.168.34.46, host: pr-hdds-2344-k2wqm-1432304908, networkLocation: /default-rack, certSerialId: null} reports an CLOSED replica.
2019-10-25 02:22:43,334 [EventQueue-ContainerReportForContainerReportHandler] WARN  container.ContainerReportHandler (AbstractContainerReportHandler.java:updateContainerState(145)) - Container #1 is in OPEN state, but the datanode b706312b-118f-4972-9c71-4cc867b58d89{ip: 192.168.34.46, host: pr-hdds-2344-k2wqm-1432304908, networkLocation: /default-rack, certSerialId: null} reports an CLOSED replica.
2019-10-25 02:22:43,553 [EventQueue-ContainerReportForContainerReportHandler] WARN  container.ContainerReportHandler (AbstractContainerReportHandler.java:updateContainerState(145)) - Container #1 is in OPEN state, but the datanode c287e0c1-5401-4ab1-85ea-f9321adc6aaf{ip: 192.168.34.46, host: pr-hdds-2344-k2wqm-1432304908, networkLocation: /default-rack, certSerialId: null} reports an CLOSED replica.
2019-10-25 02:22:43,635 [EventQueue-ContainerReportForContainerReportHandler] WARN  container.ContainerReportHandler (AbstractContainerReportHandler.java:updateContainerState(145)) - Container #1 is in OPEN state, but the datanode b706312b-118f-4972-9c71-4cc867b58d89{ip: 192.168.34.46, host: pr-hdds-2344-k2wqm-1432304908, networkLocation: /default-rack, certSerialId: null} reports an CLOSED replica.
2019-10-25 02:22:43,750 [BlockDeletingService#2] WARN  background.BlockDeletingService (BlockDeletingService.java:isDeletionAllowed(187)) - Close Container log Index 6 is not replicated across allthe servers in the pipeline 80d03f1e-dc0e-4300-89d1-db0659ca759e as the min replicated index is 4. Deletion is not allowed in this container yet.
2019-10-25 02:22:43,750 [BlockDeletingService#6] WARN  background.BlockDeletingService (BlockDeletingService.java:isDeletionAllowed(187)) - Close Container log Index 6 is not replicated across allthe servers in the pipeline 80d03f1e-dc0e-4300-89d1-db0659ca759e as the min replicated index is 4. Deletion is not allowed in this container yet.
2019-10-25 02:22:43,753 [EventQueue-ContainerReportForContainerReportHandler] WARN  container.ContainerReportHandler (AbstractContainerReportHandler.java:updateContainerState(145)) - Container #1 is in OPEN state, but the datanode c287e0c1-5401-4ab1-85ea-f9321adc6aaf{ip: 192.168.34.46, host: pr-hdds-2344-k2wqm-1432304908, networkLocation: /default-rack, certSerialId: null} reports an CLOSED replica.
2019-10-25 02:22:43,834 [EventQueue-ContainerReportForContainerReportHandler] WARN  container.ContainerReportHandler (AbstractContainerReportHandler.java:updateContainerState(145)) - Container #1 is in OPEN state, but the datanode b706312b-118f-4972-9c71-4cc867b58d89{ip: 192.168.34.46, host: pr-hdds-2344-k2wqm-1432304908, networkLocation: /default-rack, certSerialId: null} reports an CLOSED replica.
2019-10-25 02:22:44,053 [EventQueue-ContainerReportForContainerReportHandler] WARN  container.ContainerReportHandler (AbstractContainerReportHandler.java:updateContainerState(145)) - Container #1 is in OPEN state, but the datanode c287e0c1-5401-4ab1-85ea-f9321adc6aaf{ip: 192.168.34.46, host: pr-hdds-2344-k2wqm-1432304908, networkLocation: /default-rack, certSerialId: null} reports an CLOSED replica.
2019-10-25 02:22:44,057 [java.util.concurrent.ThreadPoolExecutor$Worker@1a1b1369[State = -1, empty queue]] WARN  server.GrpcLogAppender (GrpcLogAppender.java:timeoutAppendRequest(209)) - b706312b-118f-4972-9c71-4cc867b58d89@group-DB0659CA759E->25203751-88e7-46c0-b9ea-976de1ff2c7c-GrpcLogAppender: appendEntries Timeout, request=b706312b-118f-4972-9c71-4cc867b58d89->25203751-88e7-46c0-b9ea-976de1ff2c7c#46-t1, previous=(t:1, i:10), leaderCommit=10, initializing? false, entries: <empty>
2019-10-25 02:22:44,234 [EventQueue-ContainerReportForContainerReportHandler] WARN  container.ContainerReportHandler (AbstractContainerReportHandler.java:updateContainerState(145)) - Container #1 is in OPEN state, but the datanode b706312b-118f-4972-9c71-4cc867b58d89{ip: 192.168.34.46, host: pr-hdds-2344-k2wqm-1432304908, networkLocation: /default-rack, certSerialId: null} reports an CLOSED replica.
2019-10-25 02:22:44,354 [EventQueue-ContainerReportForContainerReportHandler] WARN  container.ContainerReportHandler (AbstractContainerReportHandler.java:updateContainerState(145)) - Container #1 is in OPEN state, but the datanode c287e0c1-5401-4ab1-85ea-f9321adc6aaf{ip: 192.168.34.46, host: pr-hdds-2344-k2wqm-1432304908, networkLocation: /default-rack, certSerialId: null} reports an CLOSED replica.
2019-10-25 02:22:44,435 [EventQueue-ContainerReportForContainerReportHandler] WARN  container.ContainerReportHandler (AbstractContainerReportHandler.java:updateContainerState(145)) - Container #1 is in OPEN state, but the datanode b706312b-118f-4972-9c71-4cc867b58d89{ip: 192.168.34.46, host: pr-hdds-2344-k2wqm-1432304908, networkLocation: /default-rack, certSerialId: null} reports an CLOSED replica.
2019-10-25 02:22:44,554 [EventQueue-ContainerReportForContainerReportHandler] WARN  container.ContainerReportHandler (AbstractContainerReportHandler.java:updateContainerState(145)) - Container #1 is in OPEN state, but the datanode c287e0c1-5401-4ab1-85ea-f9321adc6aaf{ip: 192.168.34.46, host: pr-hdds-2344-k2wqm-1432304908, networkLocation: /default-rack, certSerialId: null} reports an CLOSED replica.
2019-10-25 02:22:44,635 [EventQueue-ContainerReportForContainerReportHandler] WARN  container.ContainerReportHandler (AbstractContainerReportHandler.java:updateContainerState(145)) - Container #1 is in OPEN state, but the datanode b706312b-118f-4972-9c71-4cc867b58d89{ip: 192.168.34.46, host: pr-hdds-2344-k2wqm-1432304908, networkLocation: /default-rack, certSerialId: null} reports an CLOSED replica.
2019-10-25 02:22:44,752 [BlockDeletingService#2] WARN  background.BlockDeletingService (BlockDeletingService.java:isDeletionAllowed(187)) - Close Container log Index 6 is not replicated across allthe servers in the pipeline 80d03f1e-dc0e-4300-89d1-db0659ca759e as the min replicated index is 4. Deletion is not allowed in this container yet.
2019-10-25 02:22:44,752 [BlockDeletingService#6] WARN  background.BlockDeletingService (BlockDeletingService.java:isDeletionAllowed(187)) - Close Container log Index 6 is not replicated across allthe servers in the pipeline 80d03f1e-dc0e-4300-89d1-db0659ca759e as the min replicated index is 4. Deletion is not allowed in this container yet.
2019-10-25 02:22:44,753 [EventQueue-ContainerReportForContainerReportHandler] WARN  container.ContainerReportHandler (AbstractContainerReportHandler.java:updateContainerState(145)) - Container #1 is in OPEN state, but the datanode c287e0c1-5401-4ab1-85ea-f9321adc6aaf{ip: 192.168.34.46, host: pr-hdds-2344-k2wqm-1432304908, networkLocation: /default-rack, certSerialId: null} reports an CLOSED replica.
2019-10-25 02:22:44,755 [Thread-491] INFO  client.GrpcClientProtocolService (GrpcClientProtocolService.java:lambda$processClientRequest$0(279)) - Failed RaftClientRequest:client-18E359B5664D->b706312b-118f-4972-9c71-4cc867b58d89@group-DB0659CA759E, cid=10, seq=0, Watch-ALL_COMMITTED(6), Message:<EMPTY>, reply=RaftClientReply:client-18E359B5664D->b706312b-118f-4972-9c71-4cc867b58d89@group-DB0659CA759E, cid=10, FAILED org.apache.ratis.protocol.NotReplicatedException: Request with call Id 10 and log index 6 is not yet replicated to ALL_COMMITTED, logIndex=6, commits[b706312b-118f-4972-9c71-4cc867b58d89:c10, c287e0c1-5401-4ab1-85ea-f9321adc6aaf:c10, 25203751-88e7-46c0-b9ea-976de1ff2c7c:c4]
2019-10-25 02:22:44,836 [EventQueue-ContainerReportForContainerReportHandler] WARN  container.ContainerReportHandler (AbstractContainerReportHandler.java:updateContainerState(145)) - Container #1 is in OPEN state, but the datanode b706312b-118f-4972-9c71-4cc867b58d89{ip: 192.168.34.46, host: pr-hdds-2344-k2wqm-1432304908, networkLocation: /default-rack, certSerialId: null} reports an CLOSED replica.
2019-10-25 02:22:45,136 [EventQueue-ContainerReportForContainerReportHandler] WARN  container.ContainerReportHandler (AbstractContainerReportHandler.java:updateContainerState(145)) - Container #1 is in OPEN state, but the datanode b706312b-118f-4972-9c71-4cc867b58d89{ip: 192.168.34.46, host: pr-hdds-2344-k2wqm-1432304908, networkLocation: /default-rack, certSerialId: null} reports an CLOSED replica.
2019-10-25 02:22:45,155 [EventQueue-ContainerReportForContainerReportHandler] WARN  container.ContainerReportHandler (AbstractContainerReportHandler.java:updateContainerState(145)) - Container #1 is in OPEN state, but the datanode c287e0c1-5401-4ab1-85ea-f9321adc6aaf{ip: 192.168.34.46, host: pr-hdds-2344-k2wqm-1432304908, networkLocation: /default-rack, certSerialId: null} reports an CLOSED replica.
2019-10-25 02:22:45,354 [EventQueue-ContainerReportForContainerReportHandler] WARN  container.ContainerReportHandler (AbstractContainerReportHandler.java:updateContainerState(145)) - Container #1 is in OPEN state, but the datanode c287e0c1-5401-4ab1-85ea-f9321adc6aaf{ip: 192.168.34.46, host: pr-hdds-2344-k2wqm-1432304908, networkLocation: /default-rack, certSerialId: null} reports an CLOSED replica.
2019-10-25 02:22:45,536 [EventQueue-ContainerReportForContainerReportHandler] WARN  container.ContainerReportHandler (AbstractContainerReportHandler.java:updateContainerState(145)) - Container #1 is in OPEN state, but the datanode b706312b-118f-4972-9c71-4cc867b58d89{ip: 192.168.34.46, host: pr-hdds-2344-k2wqm-1432304908, networkLocation: /default-rack, certSerialId: null} reports an CLOSED replica.
2019-10-25 02:22:45,655 [EventQueue-ContainerReportForContainerReportHandler] WARN  container.ContainerReportHandler (AbstractContainerReportHandler.java:updateContainerState(145)) - Container #1 is in OPEN state, but the datanode c287e0c1-5401-4ab1-85ea-f9321adc6aaf{ip: 192.168.34.46, host: pr-hdds-2344-k2wqm-1432304908, networkLocation: /default-rack, certSerialId: null} reports an CLOSED replica.
2019-10-25 02:22:45,736 [EventQueue-ContainerReportForContainerReportHandler] WARN  container.ContainerReportHandler (AbstractContainerReportHandler.java:updateContainerState(145)) - Container #1 is in OPEN state, but the datanode b706312b-118f-4972-9c71-4cc867b58d89{ip: 192.168.34.46, host: pr-hdds-2344-k2wqm-1432304908, networkLocation: /default-rack, certSerialId: null} reports an CLOSED replica.
2019-10-25 02:22:45,754 [BlockDeletingService#6] WARN  background.BlockDeletingService (BlockDeletingService.java:isDeletionAllowed(187)) - Close Container log Index 6 is not replicated across allthe servers in the pipeline 80d03f1e-dc0e-4300-89d1-db0659ca759e as the min replicated index is 4. Deletion is not allowed in this container yet.
2019-10-25 02:22:45,754 [BlockDeletingService#2] WARN  background.BlockDeletingService (BlockDeletingService.java:isDeletionAllowed(187)) - Close Container log Index 6 is not replicated across allthe servers in the pipeline 80d03f1e-dc0e-4300-89d1-db0659ca759e as the min replicated index is 4. Deletion is not allowed in this container yet.
2019-10-25 02:22:45,956 [EventQueue-ContainerReportForContainerReportHandler] WARN  container.ContainerReportHandler (AbstractContainerReportHandler.java:updateContainerState(145)) - Container #1 is in OPEN state, but the datanode c287e0c1-5401-4ab1-85ea-f9321adc6aaf{ip: 192.168.34.46, host: pr-hdds-2344-k2wqm-1432304908, networkLocation: /default-rack, certSerialId: null} reports an CLOSED replica.
2019-10-25 02:22:46,140 [EventQueue-ContainerReportForContainerReportHandler] WARN  container.ContainerReportHandler (AbstractContainerReportHandler.java:updateContainerState(145)) - Container #1 is in OPEN state, but the datanode b706312b-118f-4972-9c71-4cc867b58d89{ip: 192.168.34.46, host: pr-hdds-2344-k2wqm-1432304908, networkLocation: /default-rack, certSerialId: null} reports an CLOSED replica.
2019-10-25 02:22:46,256 [EventQueue-ContainerReportForContainerReportHandler] WARN  container.ContainerReportHandler (AbstractContainerReportHandler.java:updateContainerState(145)) - Container #1 is in OPEN state, but the datanode c287e0c1-5401-4ab1-85ea-f9321adc6aaf{ip: 192.168.34.46, host: pr-hdds-2344-k2wqm-1432304908, networkLocation: /default-rack, certSerialId: null} reports an CLOSED replica.
2019-10-25 02:22:46,340 [EventQueue-ContainerReportForContainerReportHandler] WARN  container.ContainerReportHandler (AbstractContainerReportHandler.java:updateContainerState(145)) - Container #1 is in OPEN state, but the datanode b706312b-118f-4972-9c71-4cc867b58d89{ip: 192.168.34.46, host: pr-hdds-2344-k2wqm-1432304908, networkLocation: /default-rack, certSerialId: null} reports an CLOSED replica.
2019-10-25 02:22:46,458 [EventQueue-ContainerReportForContainerReportHandler] WARN  container.ContainerReportHandler (AbstractContainerReportHandler.java:updateContainerState(145)) - Container #1 is in OPEN state, but the datanode c287e0c1-5401-4ab1-85ea-f9321adc6aaf{ip: 192.168.34.46, host: pr-hdds-2344-k2wqm-1432304908, networkLocation: /default-rack, certSerialId: null} reports an CLOSED replica.
2019-10-25 02:22:46,558 [java.util.concurrent.ThreadPoolExecutor$Worker@1a1b1369[State = -1, empty queue]] WARN  server.GrpcLogAppender (GrpcLogAppender.java:timeoutAppendRequest(209)) - b706312b-118f-4972-9c71-4cc867b58d89@group-DB0659CA759E->25203751-88e7-46c0-b9ea-976de1ff2c7c-GrpcLogAppender: appendEntries Timeout, request=b706312b-118f-4972-9c71-4cc867b58d89->25203751-88e7-46c0-b9ea-976de1ff2c7c#47-t1, previous=(t:1, i:10), leaderCommit=10, initializing? false, entries: <empty>
2019-10-25 02:22:46,660 [EventQueue-ContainerReportForContainerReportHandler] WARN  container.ContainerReportHandler (AbstractContainerReportHandler.java:updateContainerState(145)) - Container #1 is in OPEN state, but the datanode c287e0c1-5401-4ab1-85ea-f9321adc6aaf{ip: 192.168.34.46, host: pr-hdds-2344-k2wqm-1432304908, networkLocation: /default-rack, certSerialId: null} reports an CLOSED replica.
2019-10-25 02:22:46,741 [EventQueue-ContainerReportForContainerReportHandler] WARN  container.ContainerReportHandler (AbstractContainerReportHandler.java:updateContainerState(145)) - Container #1 is in OPEN state, but the datanode b706312b-118f-4972-9c71-4cc867b58d89{ip: 192.168.34.46, host: pr-hdds-2344-k2wqm-1432304908, networkLocation: /default-rack, certSerialId: null} reports an CLOSED replica.
2019-10-25 02:22:46,759 [BlockDeletingService#6] WARN  background.BlockDeletingService (BlockDeletingService.java:isDeletionAllowed(187)) - Close Container log Index 6 is not replicated across allthe servers in the pipeline 80d03f1e-dc0e-4300-89d1-db0659ca759e as the min replicated index is 4. Deletion is not allowed in this container yet.
2019-10-25 02:22:46,759 [BlockDeletingService#2] WARN  background.BlockDeletingService (BlockDeletingService.java:isDeletionAllowed(187)) - Close Container log Index 6 is not replicated across allthe servers in the pipeline 80d03f1e-dc0e-4300-89d1-db0659ca759e as the min replicated index is 4. Deletion is not allowed in this container yet.
2019-10-25 02:22:47,060 [EventQueue-ContainerReportForContainerReportHandler] WARN  container.ContainerReportHandler (AbstractContainerReportHandler.java:updateContainerState(145)) - Container #1 is in OPEN state, but the datanode c287e0c1-5401-4ab1-85ea-f9321adc6aaf{ip: 192.168.34.46, host: pr-hdds-2344-k2wqm-1432304908, networkLocation: /default-rack, certSerialId: null} reports an CLOSED replica.
2019-10-25 02:22:47,143 [EventQueue-ContainerReportForContainerReportHandler] WARN  container.ContainerReportHandler (AbstractContainerReportHandler.java:updateContainerState(145)) - Container #1 is in OPEN state, but the datanode b706312b-118f-4972-9c71-4cc867b58d89{ip: 192.168.34.46, host: pr-hdds-2344-k2wqm-1432304908, networkLocation: /default-rack, certSerialId: null} reports an CLOSED replica.
2019-10-25 02:22:47,444 [EventQueue-ContainerReportForContainerReportHandler] WARN  container.ContainerReportHandler (AbstractContainerReportHandler.java:updateContainerState(145)) - Container #1 is in OPEN state, but the datanode b706312b-118f-4972-9c71-4cc867b58d89{ip: 192.168.34.46, host: pr-hdds-2344-k2wqm-1432304908, networkLocation: /default-rack, certSerialId: null} reports an CLOSED replica.
2019-10-25 02:22:47,460 [EventQueue-ContainerReportForContainerReportHandler] WARN  container.ContainerReportHandler (AbstractContainerReportHandler.java:updateContainerState(145)) - Container #1 is in OPEN state, but the datanode c287e0c1-5401-4ab1-85ea-f9321adc6aaf{ip: 192.168.34.46, host: pr-hdds-2344-k2wqm-1432304908, networkLocation: /default-rack, certSerialId: null} reports an CLOSED replica.
2019-10-25 02:22:47,761 [BlockDeletingService#6] WARN  background.BlockDeletingService (BlockDeletingService.java:isDeletionAllowed(187)) - Close Container log Index 6 is not replicated across allthe servers in the pipeline 80d03f1e-dc0e-4300-89d1-db0659ca759e as the min replicated index is 4. Deletion is not allowed in this container yet.
2019-10-25 02:22:47,761 [BlockDeletingService#2] WARN  background.BlockDeletingService (BlockDeletingService.java:isDeletionAllowed(187)) - Close Container log Index 6 is not replicated across allthe servers in the pipeline 80d03f1e-dc0e-4300-89d1-db0659ca759e as the min replicated index is 4. Deletion is not allowed in this container yet.
2019-10-25 02:22:47,843 [EventQueue-ContainerReportForContainerReportHandler] WARN  container.ContainerReportHandler (AbstractContainerReportHandler.java:updateContainerState(145)) - Container #1 is in OPEN state, but the datanode b706312b-118f-4972-9c71-4cc867b58d89{ip: 192.168.34.46, host: pr-hdds-2344-k2wqm-1432304908, networkLocation: /default-rack, certSerialId: null} reports an CLOSED replica.
2019-10-25 02:22:47,863 [EventQueue-ContainerReportForContainerReportHandler] WARN  container.ContainerReportHandler (AbstractContainerReportHandler.java:updateContainerState(145)) - Container #1 is in OPEN state, but the datanode c287e0c1-5401-4ab1-85ea-f9321adc6aaf{ip: 192.168.34.46, host: pr-hdds-2344-k2wqm-1432304908, networkLocation: /default-rack, certSerialId: null} reports an CLOSED replica.
2019-10-25 02:22:48,063 [EventQueue-ContainerReportForContainerReportHandler] WARN  container.ContainerReportHandler (AbstractContainerReportHandler.java:updateContainerState(145)) - Container #1 is in OPEN state, but the datanode c287e0c1-5401-4ab1-85ea-f9321adc6aaf{ip: 192.168.34.46, host: pr-hdds-2344-k2wqm-1432304908, networkLocation: /default-rack, certSerialId: null} reports an CLOSED replica.
2019-10-25 02:22:48,243 [EventQueue-ContainerReportForContainerReportHandler] WARN  container.ContainerReportHandler (AbstractContainerReportHandler.java:updateContainerState(145)) - Container #1 is in OPEN state, but the datanode b706312b-118f-4972-9c71-4cc867b58d89{ip: 192.168.34.46, host: pr-hdds-2344-k2wqm-1432304908, networkLocation: /default-rack, certSerialId: null} reports an CLOSED replica.
2019-10-25 02:22:48,263 [EventQueue-ContainerReportForContainerReportHandler] WARN  container.ContainerReportHandler (AbstractContainerReportHandler.java:updateContainerState(145)) - Container #1 is in OPEN state, but the datanode c287e0c1-5401-4ab1-85ea-f9321adc6aaf{ip: 192.168.34.46, host: pr-hdds-2344-k2wqm-1432304908, networkLocation: /default-rack, certSerialId: null} reports an CLOSED replica.
2019-10-25 02:22:48,543 [EventQueue-ContainerReportForContainerReportHandler] WARN  container.ContainerReportHandler (AbstractContainerReportHandler.java:updateContainerState(145)) - Container #1 is in OPEN state, but the datanode b706312b-118f-4972-9c71-4cc867b58d89{ip: 192.168.34.46, host: pr-hdds-2344-k2wqm-1432304908, networkLocation: /default-rack, certSerialId: null} reports an CLOSED replica.
2019-10-25 02:22:48,662 [EventQueue-ContainerReportForContainerReportHandler] WARN  container.ContainerReportHandler (AbstractContainerReportHandler.java:updateContainerState(145)) - Container #1 is in OPEN state, but the datanode c287e0c1-5401-4ab1-85ea-f9321adc6aaf{ip: 192.168.34.46, host: pr-hdds-2344-k2wqm-1432304908, networkLocation: /default-rack, certSerialId: null} reports an CLOSED replica.
2019-10-25 02:22:48,763 [BlockDeletingService#6] WARN  background.BlockDeletingService (BlockDeletingService.java:isDeletionAllowed(187)) - Close Container log Index 6 is not replicated across allthe servers in the pipeline 80d03f1e-dc0e-4300-89d1-db0659ca759e as the min replicated index is 4. Deletion is not allowed in this container yet.
2019-10-25 02:22:48,763 [BlockDeletingService#2] WARN  background.BlockDeletingService (BlockDeletingService.java:isDeletionAllowed(187)) - Close Container log Index 6 is not replicated across allthe servers in the pipeline 80d03f1e-dc0e-4300-89d1-db0659ca759e as the min replicated index is 4. Deletion is not allowed in this container yet.
2019-10-25 02:22:48,843 [EventQueue-ContainerReportForContainerReportHandler] WARN  container.ContainerReportHandler (AbstractContainerReportHandler.java:updateContainerState(145)) - Container #1 is in OPEN state, but the datanode b706312b-118f-4972-9c71-4cc867b58d89{ip: 192.168.34.46, host: pr-hdds-2344-k2wqm-1432304908, networkLocation: /default-rack, certSerialId: null} reports an CLOSED replica.
2019-10-25 02:22:48,862 [EventQueue-ContainerReportForContainerReportHandler] WARN  container.ContainerReportHandler (AbstractContainerReportHandler.java:updateContainerState(145)) - Container #1 is in OPEN state, but the datanode c287e0c1-5401-4ab1-85ea-f9321adc6aaf{ip: 192.168.34.46, host: pr-hdds-2344-k2wqm-1432304908, networkLocation: /default-rack, certSerialId: null} reports an CLOSED replica.
2019-10-25 02:22:49,060 [java.util.concurrent.ThreadPoolExecutor$Worker@1a1b1369[State = -1, empty queue]] WARN  server.GrpcLogAppender (GrpcLogAppender.java:timeoutAppendRequest(209)) - b706312b-118f-4972-9c71-4cc867b58d89@group-DB0659CA759E->25203751-88e7-46c0-b9ea-976de1ff2c7c-GrpcLogAppender: appendEntries Timeout, request=b706312b-118f-4972-9c71-4cc867b58d89->25203751-88e7-46c0-b9ea-976de1ff2c7c#48-t1, previous=(t:1, i:10), leaderCommit=10, initializing? false, entries: <empty>
2019-10-25 02:22:49,063 [EventQueue-ContainerReportForContainerReportHandler] WARN  container.ContainerReportHandler (AbstractContainerReportHandler.java:updateContainerState(145)) - Container #1 is in OPEN state, but the datanode c287e0c1-5401-4ab1-85ea-f9321adc6aaf{ip: 192.168.34.46, host: pr-hdds-2344-k2wqm-1432304908, networkLocation: /default-rack, certSerialId: null} reports an CLOSED replica.
2019-10-25 02:22:49,143 [EventQueue-ContainerReportForContainerReportHandler] WARN  container.ContainerReportHandler (AbstractContainerReportHandler.java:updateContainerState(145)) - Container #1 is in OPEN state, but the datanode b706312b-118f-4972-9c71-4cc867b58d89{ip: 192.168.34.46, host: pr-hdds-2344-k2wqm-1432304908, networkLocation: /default-rack, certSerialId: null} reports an CLOSED replica.
2019-10-25 02:22:49,443 [EventQueue-ContainerReportForContainerReportHandler] WARN  container.ContainerReportHandler (AbstractContainerReportHandler.java:updateContainerState(145)) - Container #1 is in OPEN state, but the datanode b706312b-118f-4972-9c71-4cc867b58d89{ip: 192.168.34.46, host: pr-hdds-2344-k2wqm-1432304908, networkLocation: /default-rack, certSerialId: null} reports an CLOSED replica.
2019-10-25 02:22:49,462 [EventQueue-ContainerReportForContainerReportHandler] WARN  container.ContainerReportHandler (AbstractContainerReportHandler.java:updateContainerState(145)) - Container #1 is in OPEN state, but the datanode c287e0c1-5401-4ab1-85ea-f9321adc6aaf{ip: 192.168.34.46, host: pr-hdds-2344-k2wqm-1432304908, networkLocation: /default-rack, certSerialId: null} reports an CLOSED replica.
2019-10-25 02:22:49,662 [EventQueue-ContainerReportForContainerReportHandler] WARN  container.ContainerReportHandler (AbstractContainerReportHandler.java:updateContainerState(145)) - Container #1 is in OPEN state, but the datanode c287e0c1-5401-4ab1-85ea-f9321adc6aaf{ip: 192.168.34.46, host: pr-hdds-2344-k2wqm-1432304908, networkLocation: /default-rack, certSerialId: null} reports an CLOSED replica.
2019-10-25 02:22:49,743 [EventQueue-ContainerReportForContainerReportHandler] WARN  container.ContainerReportHandler (AbstractContainerReportHandler.java:updateContainerState(145)) - Container #1 is in OPEN state, but the datanode b706312b-118f-4972-9c71-4cc867b58d89{ip: 192.168.34.46, host: pr-hdds-2344-k2wqm-1432304908, networkLocation: /default-rack, certSerialId: null} reports an CLOSED replica.
2019-10-25 02:22:49,765 [BlockDeletingService#6] WARN  background.BlockDeletingService (BlockDeletingService.java:isDeletionAllowed(187)) - Close Container log Index 6 is not replicated across allthe servers in the pipeline 80d03f1e-dc0e-4300-89d1-db0659ca759e as the min replicated index is 4. Deletion is not allowed in this container yet.
2019-10-25 02:22:49,765 [BlockDeletingService#2] WARN  background.BlockDeletingService (BlockDeletingService.java:isDeletionAllowed(187)) - Close Container log Index 6 is not replicated across allthe servers in the pipeline 80d03f1e-dc0e-4300-89d1-db0659ca759e as the min replicated index is 4. Deletion is not allowed in this container yet.
2019-10-25 02:22:49,944 [EventQueue-ContainerReportForContainerReportHandler] WARN  container.ContainerReportHandler (AbstractContainerReportHandler.java:updateContainerState(145)) - Container #1 is in OPEN state, but the datanode b706312b-118f-4972-9c71-4cc867b58d89{ip: 192.168.34.46, host: pr-hdds-2344-k2wqm-1432304908, networkLocation: /default-rack, certSerialId: null} reports an CLOSED replica.
2019-10-25 02:22:49,962 [EventQueue-ContainerReportForContainerReportHandler] WARN  container.ContainerReportHandler (AbstractContainerReportHandler.java:updateContainerState(145)) - Container #1 is in OPEN state, but the datanode c287e0c1-5401-4ab1-85ea-f9321adc6aaf{ip: 192.168.34.46, host: pr-hdds-2344-k2wqm-1432304908, networkLocation: /default-rack, certSerialId: null} reports an CLOSED replica.
2019-10-25 02:22:50,346 [EventQueue-ContainerReportForContainerReportHandler] WARN  container.ContainerReportHandler (AbstractContainerReportHandler.java:updateContainerState(145)) - Container #1 is in OPEN state, but the datanode b706312b-118f-4972-9c71-4cc867b58d89{ip: 192.168.34.46, host: pr-hdds-2344-k2wqm-1432304908, networkLocation: /default-rack, certSerialId: null} reports an CLOSED replica.
2019-10-25 02:22:50,362 [EventQueue-ContainerReportForContainerReportHandler] WARN  container.ContainerReportHandler (AbstractContainerReportHandler.java:updateContainerState(145)) - Container #1 is in OPEN state, but the datanode c287e0c1-5401-4ab1-85ea-f9321adc6aaf{ip: 192.168.34.46, host: pr-hdds-2344-k2wqm-1432304908, networkLocation: /default-rack, certSerialId: null} reports an CLOSED replica.
2019-10-25 02:22:50,549 [EventQueue-ContainerReportForContainerReportHandler] WARN  container.ContainerReportHandler (AbstractContainerReportHandler.java:updateContainerState(145)) - Container #1 is in OPEN state, but the datanode b706312b-118f-4972-9c71-4cc867b58d89{ip: 192.168.34.46, host: pr-hdds-2344-k2wqm-1432304908, networkLocation: /default-rack, certSerialId: null} reports an CLOSED replica.
2019-10-25 02:22:50,562 [EventQueue-ContainerReportForContainerReportHandler] WARN  container.ContainerReportHandler (AbstractContainerReportHandler.java:updateContainerState(145)) - Container #1 is in OPEN state, but the datanode c287e0c1-5401-4ab1-85ea-f9321adc6aaf{ip: 192.168.34.46, host: pr-hdds-2344-k2wqm-1432304908, networkLocation: /default-rack, certSerialId: null} reports an CLOSED replica.
2019-10-25 02:22:50,767 [BlockDeletingService#6] WARN  background.BlockDeletingService (BlockDeletingService.java:isDeletionAllowed(187)) - Close Container log Index 6 is not replicated across allthe servers in the pipeline 80d03f1e-dc0e-4300-89d1-db0659ca759e as the min replicated index is 4. Deletion is not allowed in this container yet.
2019-10-25 02:22:50,767 [BlockDeletingService#2] WARN  background.BlockDeletingService (BlockDeletingService.java:isDeletionAllowed(187)) - Close Container log Index 6 is not replicated across allthe servers in the pipeline 80d03f1e-dc0e-4300-89d1-db0659ca759e as the min replicated index is 4. Deletion is not allowed in this container yet.
2019-10-25 02:22:50,848 [EventQueue-ContainerReportForContainerReportHandler] WARN  container.ContainerReportHandler (AbstractContainerReportHandler.java:updateContainerState(145)) - Container #1 is in OPEN state, but the datanode b706312b-118f-4972-9c71-4cc867b58d89{ip: 192.168.34.46, host: pr-hdds-2344-k2wqm-1432304908, networkLocation: /default-rack, certSerialId: null} reports an CLOSED replica.
2019-10-25 02:22:50,862 [EventQueue-ContainerReportForContainerReportHandler] WARN  container.ContainerReportHandler (AbstractContainerReportHandler.java:updateContainerState(145)) - Container #1 is in OPEN state, but the datanode c287e0c1-5401-4ab1-85ea-f9321adc6aaf{ip: 192.168.34.46, host: pr-hdds-2344-k2wqm-1432304908, networkLocation: /default-rack, certSerialId: null} reports an CLOSED replica.
2019-10-25 02:22:51,248 [EventQueue-ContainerReportForContainerReportHandler] WARN  container.ContainerReportHandler (AbstractContainerReportHandler.java:updateContainerState(145)) - Container #1 is in OPEN state, but the datanode b706312b-118f-4972-9c71-4cc867b58d89{ip: 192.168.34.46, host: pr-hdds-2344-k2wqm-1432304908, networkLocation: /default-rack, certSerialId: null} reports an CLOSED replica.
2019-10-25 02:22:51,262 [EventQueue-ContainerReportForContainerReportHandler] WARN  container.ContainerReportHandler (AbstractContainerReportHandler.java:updateContainerState(145)) - Container #1 is in OPEN state, but the datanode c287e0c1-5401-4ab1-85ea-f9321adc6aaf{ip: 192.168.34.46, host: pr-hdds-2344-k2wqm-1432304908, networkLocation: /default-rack, certSerialId: null} reports an CLOSED replica.
2019-10-25 02:22:51,448 [EventQueue-ContainerReportForContainerReportHandler] WARN  container.ContainerReportHandler (AbstractContainerReportHandler.java:updateContainerState(145)) - Container #1 is in OPEN state, but the datanode b706312b-118f-4972-9c71-4cc867b58d89{ip: 192.168.34.46, host: pr-hdds-2344-k2wqm-1432304908, networkLocation: /default-rack, certSerialId: null} reports an CLOSED replica.
2019-10-25 02:22:51,562 [java.util.concurrent.ThreadPoolExecutor$Worker@1a1b1369[State = -1, empty queue]] WARN  server.GrpcLogAppender (GrpcLogAppender.java:timeoutAppendRequest(209)) - b706312b-118f-4972-9c71-4cc867b58d89@group-DB0659CA759E->25203751-88e7-46c0-b9ea-976de1ff2c7c-GrpcLogAppender: appendEntries Timeout, request=b706312b-118f-4972-9c71-4cc867b58d89->25203751-88e7-46c0-b9ea-976de1ff2c7c#49-t1, previous=(t:1, i:10), leaderCommit=10, initializing? false, entries: <empty>
2019-10-25 02:22:51,562 [EventQueue-ContainerReportForContainerReportHandler] WARN  container.ContainerReportHandler (AbstractContainerReportHandler.java:updateContainerState(145)) - Container #1 is in OPEN state, but the datanode c287e0c1-5401-4ab1-85ea-f9321adc6aaf{ip: 192.168.34.46, host: pr-hdds-2344-k2wqm-1432304908, networkLocation: /default-rack, certSerialId: null} reports an CLOSED replica.
2019-10-25 02:22:51,769 [BlockDeletingService#2] WARN  background.BlockDeletingService (BlockDeletingService.java:isDeletionAllowed(187)) - Close Container log Index 6 is not replicated across allthe servers in the pipeline 80d03f1e-dc0e-4300-89d1-db0659ca759e as the min replicated index is 4. Deletion is not allowed in this container yet.
2019-10-25 02:22:51,769 [BlockDeletingService#6] WARN  background.BlockDeletingService (BlockDeletingService.java:isDeletionAllowed(187)) - Close Container log Index 6 is not replicated across allthe servers in the pipeline 80d03f1e-dc0e-4300-89d1-db0659ca759e as the min replicated index is 4. Deletion is not allowed in this container yet.
2019-10-25 02:22:51,848 [EventQueue-ContainerReportForContainerReportHandler] WARN  container.ContainerReportHandler (AbstractContainerReportHandler.java:updateContainerState(145)) - Container #1 is in OPEN state, but the datanode b706312b-118f-4972-9c71-4cc867b58d89{ip: 192.168.34.46, host: pr-hdds-2344-k2wqm-1432304908, networkLocation: /default-rack, certSerialId: null} reports an CLOSED replica.
2019-10-25 02:22:51,962 [EventQueue-ContainerReportForContainerReportHandler] WARN  container.ContainerReportHandler (AbstractContainerReportHandler.java:updateContainerState(145)) - Container #1 is in OPEN state, but the datanode c287e0c1-5401-4ab1-85ea-f9321adc6aaf{ip: 192.168.34.46, host: pr-hdds-2344-k2wqm-1432304908, networkLocation: /default-rack, certSerialId: null} reports an CLOSED replica.
2019-10-25 02:22:52,147 [EventQueue-ContainerReportForContainerReportHandler] WARN  container.ContainerReportHandler (AbstractContainerReportHandler.java:updateContainerState(145)) - Container #1 is in OPEN state, but the datanode b706312b-118f-4972-9c71-4cc867b58d89{ip: 192.168.34.46, host: pr-hdds-2344-k2wqm-1432304908, networkLocation: /default-rack, certSerialId: null} reports an CLOSED replica.
2019-10-25 02:22:52,150 [EventQueue-StaleNodeForStaleNodeHandler] INFO  node.StaleNodeHandler (StaleNodeHandler.java:onMessage(58)) - Datanode 25203751-88e7-46c0-b9ea-976de1ff2c7c{ip: 192.168.34.46, host: pr-hdds-2344-k2wqm-1432304908, networkLocation: /default-rack, certSerialId: null} moved to stale state. Finalizing its pipelines [PipelineID=80d03f1e-dc0e-4300-89d1-db0659ca759e, PipelineID=067d4b52-5434-4ed3-bf1d-4aa38178ed11]
2019-10-25 02:22:52,151 [EventQueue-StaleNodeForStaleNodeHandler] INFO  pipeline.SCMPipelineManager (SCMPipelineManager.java:finalizeAndDestroyPipeline(315)) - destroying pipeline:Pipeline[ Id: 80d03f1e-dc0e-4300-89d1-db0659ca759e, Nodes: 25203751-88e7-46c0-b9ea-976de1ff2c7c{ip: 192.168.34.46, host: pr-hdds-2344-k2wqm-1432304908, networkLocation: /default-rack, certSerialId: null}b706312b-118f-4972-9c71-4cc867b58d89{ip: 192.168.34.46, host: pr-hdds-2344-k2wqm-1432304908, networkLocation: /default-rack, certSerialId: null}c287e0c1-5401-4ab1-85ea-f9321adc6aaf{ip: 192.168.34.46, host: pr-hdds-2344-k2wqm-1432304908, networkLocation: /default-rack, certSerialId: null}, Type:RATIS, Factor:THREE, State:OPEN]
2019-10-25 02:22:52,154 [EventQueue-StaleNodeForStaleNodeHandler] INFO  pipeline.PipelineStateManager (PipelineStateManager.java:finalizePipeline(123)) - Pipeline Pipeline[ Id: 80d03f1e-dc0e-4300-89d1-db0659ca759e, Nodes: 25203751-88e7-46c0-b9ea-976de1ff2c7c{ip: 192.168.34.46, host: pr-hdds-2344-k2wqm-1432304908, networkLocation: /default-rack, certSerialId: null}b706312b-118f-4972-9c71-4cc867b58d89{ip: 192.168.34.46, host: pr-hdds-2344-k2wqm-1432304908, networkLocation: /default-rack, certSerialId: null}c287e0c1-5401-4ab1-85ea-f9321adc6aaf{ip: 192.168.34.46, host: pr-hdds-2344-k2wqm-1432304908, networkLocation: /default-rack, certSerialId: null}, Type:RATIS, Factor:THREE, State:CLOSED] moved to CLOSED state
2019-10-25 02:22:52,155 [EventQueue-CloseContainerForCloseContainerEventHandler] INFO  container.CloseContainerEventHandler (CloseContainerEventHandler.java:onMessage(61)) - Close container Event triggered for container : #1
2019-10-25 02:22:52,162 [EventQueue-ContainerReportForContainerReportHandler] INFO  container.ContainerReportHandler (AbstractContainerReportHandler.java:updateContainerState(178)) - Moving container #1 to CLOSED state, datanode c287e0c1-5401-4ab1-85ea-f9321adc6aaf{ip: 192.168.34.46, host: pr-hdds-2344-k2wqm-1432304908, networkLocation: /default-rack, certSerialId: null} reported CLOSED replica.
2019-10-25 02:22:52,163 [EventQueue-StaleNodeForStaleNodeHandler] INFO  pipeline.SCMPipelineManager (SCMPipelineManager.java:finalizeAndDestroyPipeline(315)) - destroying pipeline:Pipeline[ Id: 067d4b52-5434-4ed3-bf1d-4aa38178ed11, Nodes: 25203751-88e7-46c0-b9ea-976de1ff2c7c{ip: 192.168.34.46, host: pr-hdds-2344-k2wqm-1432304908, networkLocation: /default-rack, certSerialId: null}, Type:RATIS, Factor:ONE, State:OPEN]
2019-10-25 02:22:52,164 [EventQueue-StaleNodeForStaleNodeHandler] INFO  pipeline.PipelineStateManager (PipelineStateManager.java:finalizePipeline(123)) - Pipeline Pipeline[ Id: 067d4b52-5434-4ed3-bf1d-4aa38178ed11, Nodes: 25203751-88e7-46c0-b9ea-976de1ff2c7c{ip: 192.168.34.46, host: pr-hdds-2344-k2wqm-1432304908, networkLocation: /default-rack, certSerialId: null}, Type:RATIS, Factor:ONE, State:CLOSED] moved to CLOSED state
2019-10-25 02:22:52,569 [SCMBlockDeletingService#1] INFO  block.SCMBlockDeletingService (SCMBlockDeletingService.java:call(184)) - Totally added 3 delete blocks command for 3 datanodes, task elapsed time: 8ms
2019-10-25 02:22:52,649 [EventQueue-PendingDeleteStatusForPendingDeleteHandler] INFO  block.SCMBlockDeletingService (SCMBlockDeletingService.java:handlePendingDeletes(115)) - Block deletion txnID mismatch in datanode b706312b-118f-4972-9c71-4cc867b58d89 for containerID 1. Datanode delete txnID: 0, SCM txnID: 1
2019-10-25 02:22:52,762 [EventQueue-PendingDeleteStatusForPendingDeleteHandler] INFO  block.SCMBlockDeletingService (SCMBlockDeletingService.java:handlePendingDeletes(115)) - Block deletion txnID mismatch in datanode c287e0c1-5401-4ab1-85ea-f9321adc6aaf for containerID 1. Datanode delete txnID: 0, SCM txnID: 1
2019-10-25 02:22:52,771 [BlockDeletingService#6] WARN  background.BlockDeletingService (BlockDeletingService.java:isDeletionAllowed(187)) - Close Container log Index 6 is not replicated across allthe servers in the pipeline 80d03f1e-dc0e-4300-89d1-db0659ca759e as the min replicated index is 4. Deletion is not allowed in this container yet.
2019-10-25 02:22:52,772 [BlockDeletingService#2] WARN  background.BlockDeletingService (BlockDeletingService.java:isDeletionAllowed(187)) - Close Container log Index 6 is not replicated across allthe servers in the pipeline 80d03f1e-dc0e-4300-89d1-db0659ca759e as the min replicated index is 4. Deletion is not allowed in this container yet.
2019-10-25 02:22:52,948 [EventQueue-PendingDeleteStatusForPendingDeleteHandler] INFO  block.SCMBlockDeletingService (SCMBlockDeletingService.java:handlePendingDeletes(115)) - Block deletion txnID mismatch in datanode b706312b-118f-4972-9c71-4cc867b58d89 for containerID 1. Datanode delete txnID: 0, SCM txnID: 1
2019-10-25 02:22:53,163 [EventQueue-PendingDeleteStatusForPendingDeleteHandler] INFO  block.SCMBlockDeletingService (SCMBlockDeletingService.java:handlePendingDeletes(115)) - Block deletion txnID mismatch in datanode c287e0c1-5401-4ab1-85ea-f9321adc6aaf for containerID 1. Datanode delete txnID: 0, SCM txnID: 1
2019-10-25 02:22:53,251 [Command processor thread] INFO  commandhandler.DeleteBlocksCommandHandler (DeleteBlocksCommandHandler.java:handle(106)) - Start to delete container blocks, TXIDs=[1(0)], numOfContainers=1, numOfBlocks=1
2019-10-25 02:22:53,348 [EventQueue-PendingDeleteStatusForPendingDeleteHandler] INFO  block.SCMBlockDeletingService (SCMBlockDeletingService.java:handlePendingDeletes(115)) - Block deletion txnID mismatch in datanode b706312b-118f-4972-9c71-4cc867b58d89 for containerID 1. Datanode delete txnID: 0, SCM txnID: 1
2019-10-25 02:22:53,463 [EventQueue-PendingDeleteStatusForPendingDeleteHandler] INFO  block.SCMBlockDeletingService (SCMBlockDeletingService.java:handlePendingDeletes(115)) - Block deletion txnID mismatch in datanode c287e0c1-5401-4ab1-85ea-f9321adc6aaf for containerID 1. Datanode delete txnID: 0, SCM txnID: 1
2019-10-25 02:22:53,562 [Command processor thread] INFO  commandhandler.DeleteBlocksCommandHandler (DeleteBlocksCommandHandler.java:handle(106)) - Start to delete container blocks, TXIDs=[1(0)], numOfContainers=1, numOfBlocks=1
2019-10-25 02:22:53,570 [SCMBlockDeletingService#1] INFO  block.SCMBlockDeletingService (SCMBlockDeletingService.java:call(184)) - Totally added 2 delete blocks command for 2 datanodes, task elapsed time: 1ms
2019-10-25 02:22:53,572 [pool-7-thread-1] INFO  commands.RetriableDatanodeEventWatcher (RetriableDatanodeEventWatcher.java:onTimeout(47)) - RetriableDatanodeCommand type=deleteBlocksCommand with id=1571970172567 timed out. Retrying.
2019-10-25 02:22:53,572 [pool-7-thread-2] INFO  commands.RetriableDatanodeEventWatcher (RetriableDatanodeEventWatcher.java:onTimeout(47)) - RetriableDatanodeCommand type=deleteBlocksCommand with id=1571970172569 timed out. Retrying.
2019-10-25 02:22:53,618 [main] INFO  impl.MetricsSystemImpl (MetricsSystemImpl.java:init(158)) - HddsDatanode metrics system started (again)
2019-10-25 02:22:53,669 [main] INFO  ozone.HddsDatanodeService (HddsDatanodeService.java:start(184)) - HddsDatanodeService host:pr-hdds-2344-k2wqm-1432304908 ip:192.168.34.46
2019-10-25 02:22:53,673 [main] INFO  volume.VolumeUsage (VolumeUsage.java:loadScmUsed(144)) - Cached ScmUsed found for /workdir/hadoop-ozone/integration-test/target/test-dir/MiniOzoneClusterImpl-44a4a489-765f-4971-8cd5-3df5cbc9600d/datanode-2/data/containers : 4096 
2019-10-25 02:22:53,674 [main] INFO  volume.HddsVolume (HddsVolume.java:<init>(176)) - Creating Volume: /workdir/hadoop-ozone/integration-test/target/test-dir/MiniOzoneClusterImpl-44a4a489-765f-4971-8cd5-3df5cbc9600d/datanode-2/data/containers/hdds of  storage type : DISK and capacity : 1482555576320
2019-10-25 02:22:53,674 [main] INFO  volume.VolumeSet (VolumeSet.java:initializeVolumeSet(170)) - Added Volume : /workdir/hadoop-ozone/integration-test/target/test-dir/MiniOzoneClusterImpl-44a4a489-765f-4971-8cd5-3df5cbc9600d/datanode-2/data/containers/hdds to VolumeSet
2019-10-25 02:22:53,675 [main] INFO  volume.ThrottledAsyncChecker (ThrottledAsyncChecker.java:schedule(141)) - Scheduling a check for /workdir/hadoop-ozone/integration-test/target/test-dir/MiniOzoneClusterImpl-44a4a489-765f-4971-8cd5-3df5cbc9600d/datanode-2/data/containers/hdds
2019-10-25 02:22:53,675 [main] INFO  volume.HddsVolumeChecker (HddsVolumeChecker.java:checkAllVolumes(204)) - Scheduled health check for volume /workdir/hadoop-ozone/integration-test/target/test-dir/MiniOzoneClusterImpl-44a4a489-765f-4971-8cd5-3df5cbc9600d/datanode-2/data/containers/hdds
2019-10-25 02:22:53,731 [main] INFO  impl.RaftServerProxy (ConfUtils.java:logGet(43)) - raft.rpc.type = GRPC (default)
2019-10-25 02:22:53,732 [main] INFO  grpc.GrpcFactory (GrpcFactory.java:checkPooledByteBufAllocatorUseCacheForAllThreads(45)) - PERFORMANCE WARNING: useCacheForAllThreads is true that may cause Netty to create a lot garbage objects and, as a result, trigger GC.
	It is recommended to disable useCacheForAllThreads by setting -Dorg.apache.ratis.thirdparty.io.netty.allocator.useCacheForAllThreads=false in command line.
2019-10-25 02:22:53,732 [main] INFO  grpc.GrpcConfigKeys$Server (ConfUtils.java:logGet(43)) - raft.grpc.server.port = 43366 (custom)
2019-10-25 02:22:53,733 [main] INFO  server.GrpcService (ConfUtils.java:logGet(43)) - raft.grpc.message.size.max = 33570816 (custom)
2019-10-25 02:22:53,734 [main] INFO  server.RaftServerConfigKeys (ConfUtils.java:logGet(43)) - raft.server.log.appender.buffer.byte-limit = 33554432 (custom)
2019-10-25 02:22:53,734 [main] INFO  server.GrpcService (ConfUtils.java:logGet(43)) - raft.grpc.flow.control.window = 1MB (=1048576) (default)
2019-10-25 02:22:53,734 [main] INFO  server.RaftServerConfigKeys (ConfUtils.java:logGet(43)) - raft.server.rpc.request.timeout = 3000ms (default)
2019-10-25 02:22:53,735 [main] INFO  server.RaftServerConfigKeys (ConfUtils.java:logGet(43)) - raft.server.storage.dir = [/workdir/hadoop-ozone/integration-test/target/test-dir/MiniOzoneClusterImpl-44a4a489-765f-4971-8cd5-3df5cbc9600d/datanode-2/data/ratis] (custom)
2019-10-25 02:22:53,735 [main] INFO  impl.RaftServerProxy (RaftServerProxy.java:lambda$null$0(191)) - 25203751-88e7-46c0-b9ea-976de1ff2c7c: found a subdirectory /workdir/hadoop-ozone/integration-test/target/test-dir/MiniOzoneClusterImpl-44a4a489-765f-4971-8cd5-3df5cbc9600d/datanode-2/data/ratis/80d03f1e-dc0e-4300-89d1-db0659ca759e
2019-10-25 02:22:53,736 [main] INFO  impl.RaftServerProxy (RaftServerProxy.java:addNew(89)) - 25203751-88e7-46c0-b9ea-976de1ff2c7c: addNew group-DB0659CA759E:[] returns group-DB0659CA759E:java.util.concurrent.CompletableFuture@d2291de[Not completed]
2019-10-25 02:22:53,736 [main] INFO  impl.RaftServerProxy (RaftServerProxy.java:lambda$null$0(191)) - 25203751-88e7-46c0-b9ea-976de1ff2c7c: found a subdirectory /workdir/hadoop-ozone/integration-test/target/test-dir/MiniOzoneClusterImpl-44a4a489-765f-4971-8cd5-3df5cbc9600d/datanode-2/data/ratis/067d4b52-5434-4ed3-bf1d-4aa38178ed11
2019-10-25 02:22:53,737 [main] INFO  impl.RaftServerProxy (RaftServerProxy.java:addNew(89)) - 25203751-88e7-46c0-b9ea-976de1ff2c7c: addNew group-4AA38178ED11:[] returns group-4AA38178ED11:java.util.concurrent.CompletableFuture@51c8f62c[Not completed]
2019-10-25 02:22:53,740 [main] INFO  hdfs.DFSUtil (DFSUtil.java:httpServerTemplateForNNAndJN(1641)) - Starting Web-server for hddsDatanode at: http://0.0.0.0:38852
2019-10-25 02:22:53,740 [pool-59-thread-1] INFO  impl.RaftServerImpl (RaftServerImpl.java:<init>(98)) - 25203751-88e7-46c0-b9ea-976de1ff2c7c: new RaftServerImpl for group-DB0659CA759E:[] with ContainerStateMachine:uninitialized
2019-10-25 02:22:53,741 [pool-59-thread-1] INFO  server.RaftServerConfigKeys (ConfUtils.java:logGet(43)) - raft.server.rpc.timeout.min = 5s (custom)
2019-10-25 02:22:53,742 [pool-59-thread-1] INFO  server.RaftServerConfigKeys (ConfUtils.java:logGet(43)) - raft.server.rpc.timeout.max = 5200ms (custom)
2019-10-25 02:22:53,742 [pool-59-thread-1] INFO  server.RaftServerConfigKeys (ConfUtils.java:logGet(43)) - raft.server.rpcslowness.timeout = 1000s (custom)
2019-10-25 02:22:53,742 [pool-59-thread-1] INFO  server.RaftServerConfigKeys (ConfUtils.java:logGet(43)) - raft.server.sleep.deviation.threshold = 300 (default)
2019-10-25 02:22:53,742 [pool-59-thread-1] INFO  server.RaftServerConfigKeys (ConfUtils.java:logGet(43)) - raft.server.log.appender.install.snapshot.enabled = false (custom)
2019-10-25 02:22:53,742 [pool-59-thread-1] INFO  impl.RaftServerImpl (ServerState.java:<init>(103)) - 25203751-88e7-46c0-b9ea-976de1ff2c7c@group-DB0659CA759E: ConfigurationManager, init=-1: [], old=null, confs=<EMPTY_MAP>
2019-10-25 02:22:53,743 [pool-59-thread-1] INFO  server.RaftServerConfigKeys (ConfUtils.java:logGet(43)) - raft.server.storage.dir = [/workdir/hadoop-ozone/integration-test/target/test-dir/MiniOzoneClusterImpl-44a4a489-765f-4971-8cd5-3df5cbc9600d/datanode-2/data/ratis] (custom)
2019-10-25 02:22:53,743 [pool-59-thread-1] INFO  server.RaftServerConfigKeys (ConfUtils.java:logGet(43)) - raft.server.log.corruption.policy = EXCEPTION (default)
2019-10-25 02:22:53,744 [main] INFO  server.AuthenticationFilter (AuthenticationFilter.java:constructSecretProvider(240)) - Unable to initialize FileSignerSecretProvider, falling back to use random secrets.
2019-10-25 02:22:53,745 [main] WARN  http.HttpRequestLog (HttpRequestLog.java:getRequestLog(97)) - Jetty request log can only be enabled using Log4j
2019-10-25 02:22:53,747 [main] INFO  http.HttpServer2 (HttpServer2.java:addGlobalFilter(975)) - Added global filter 'safety' (class=org.apache.hadoop.http.HttpServer2$QuotingInputFilter)
2019-10-25 02:22:53,748 [main] INFO  http.HttpServer2 (HttpServer2.java:addFilter(948)) - Added filter static_user_filter (class=org.apache.hadoop.http.lib.StaticUserWebFilter$StaticUserFilter) to context hddsDatanode
2019-10-25 02:22:53,749 [main] INFO  http.HttpServer2 (HttpServer2.java:addFilter(958)) - Added filter static_user_filter (class=org.apache.hadoop.http.lib.StaticUserWebFilter$StaticUserFilter) to context static
2019-10-25 02:22:53,749 [main] INFO  http.HttpServer2 (HttpServer2.java:addFilter(958)) - Added filter static_user_filter (class=org.apache.hadoop.http.lib.StaticUserWebFilter$StaticUserFilter) to context logs
2019-10-25 02:22:53,750 [main] INFO  http.HttpServer2 (HttpServer2.java:bindListener(1191)) - Jetty bound to port 38852
2019-10-25 02:22:53,751 [main] INFO  server.Server (Server.java:doStart(351)) - jetty-9.3.25.v20180904, build timestamp: 2018-09-04T21:11:46Z, git hash: 3ce520221d0240229c862b122d2b06c12a625732
2019-10-25 02:22:53,753 [main] INFO  handler.ContextHandler (ContextHandler.java:doStart(781)) - Started o.e.j.s.ServletContextHandler@1fc713c9{/logs,file:///workdir/hadoop-ozone/integration-test/target/log,AVAILABLE}
2019-10-25 02:22:53,754 [main] INFO  handler.ContextHandler (ContextHandler.java:doStart(781)) - Started o.e.j.s.ServletContextHandler@76b47204{/static,jar:file:/home/user/.m2/repository/org/apache/hadoop/hadoop-hdds-container-service/0.5.0-SNAPSHOT/hadoop-hdds-container-service-0.5.0-SNAPSHOT.jar!/webapps/static,AVAILABLE}
2019-10-25 02:22:53,756 [pool-59-thread-1] INFO  storage.RaftStorageDirectory (RaftStorageDirectory.java:tryLock(328)) - Lock on /workdir/hadoop-ozone/integration-test/target/test-dir/MiniOzoneClusterImpl-44a4a489-765f-4971-8cd5-3df5cbc9600d/datanode-2/data/ratis/80d03f1e-dc0e-4300-89d1-db0659ca759e/in_use.lock acquired by nodename 30707@pr-hdds-2344-k2wqm-1432304908
2019-10-25 02:22:53,759 [pool-59-thread-1] INFO  ratis.ContainerStateMachine (ContainerStateMachine.java:loadSnapshot(240)) - group-DB0659CA759E: Setting the last applied index to (t:1, i:3)
2019-10-25 02:22:53,765 [pool-59-thread-1] INFO  impl.RaftServerImpl (ServerState.java:setRaftConf(356)) - 25203751-88e7-46c0-b9ea-976de1ff2c7c@group-DB0659CA759E: set configuration 0: [c287e0c1-5401-4ab1-85ea-f9321adc6aaf:192.168.34.46:43708, b706312b-118f-4972-9c71-4cc867b58d89:192.168.34.46:44531, 25203751-88e7-46c0-b9ea-976de1ff2c7c:192.168.34.46:43366], old=null at 0
2019-10-25 02:22:53,765 [pool-59-thread-1] INFO  server.RaftServerConfigKeys (ConfUtils.java:logGet(43)) - raft.server.notification.no-leader.timeout = 1000s (custom)
2019-10-25 02:22:53,765 [pool-59-thread-1] INFO  server.RaftServerConfigKeys (ConfUtils.java:logGet(43)) - raft.server.log.use.memory = false (default)
2019-10-25 02:22:53,766 [pool-59-thread-1] INFO  server.RaftServerConfigKeys (ConfUtils.java:logGet(43)) - raft.server.log.purge.gap = 1000000 (custom)
2019-10-25 02:22:53,766 [pool-59-thread-1] INFO  server.RaftServerConfigKeys (ConfUtils.java:logGet(43)) - raft.server.log.appender.buffer.byte-limit = 33554432 (custom)
2019-10-25 02:22:53,766 [pool-59-thread-1] INFO  server.RaftServerConfigKeys (ConfUtils.java:logGet(43)) - raft.server.log.segment.size.max = 1048576 (custom)
2019-10-25 02:22:53,766 [pool-59-thread-1] INFO  server.RaftServerConfigKeys (ConfUtils.java:logGet(43)) - raft.server.log.segment.cache.num.max = 2 (custom)
2019-10-25 02:22:53,766 [pool-59-thread-1] INFO  segmented.SegmentedRaftLogWorker (SegmentedRaftLogWorker.java:<init>(173)) - new 25203751-88e7-46c0-b9ea-976de1ff2c7c@group-DB0659CA759E-SegmentedRaftLogWorker for RaftStorage:Storage Directory /workdir/hadoop-ozone/integration-test/target/test-dir/MiniOzoneClusterImpl-44a4a489-765f-4971-8cd5-3df5cbc9600d/datanode-2/data/ratis/80d03f1e-dc0e-4300-89d1-db0659ca759e
2019-10-25 02:22:53,766 [pool-59-thread-1] INFO  server.RaftServerConfigKeys (ConfUtils.java:logGet(43)) - raft.server.log.queue.byte-limit = 2147483647 (custom)
2019-10-25 02:22:53,766 [pool-59-thread-1] INFO  server.RaftServerConfigKeys (ConfUtils.java:logGet(43)) - raft.server.log.queue.element-limit = 1024 (custom)
2019-10-25 02:22:53,766 [pool-59-thread-1] INFO  server.RaftServerConfigKeys (ConfUtils.java:logGet(43)) - raft.server.log.segment.size.max = 1048576 (custom)
2019-10-25 02:22:53,767 [pool-59-thread-1] INFO  server.RaftServerConfigKeys (ConfUtils.java:logGet(43)) - raft.server.log.preallocated.size = 16384 (custom)
2019-10-25 02:22:53,767 [pool-59-thread-1] INFO  server.RaftServerConfigKeys (ConfUtils.java:logGet(43)) - raft.server.log.write.buffer.size = 33554432 (custom)
2019-10-25 02:22:53,767 [pool-59-thread-1] INFO  server.RaftServerConfigKeys (ConfUtils.java:logGet(43)) - raft.server.log.force.sync.num = 128 (default)
2019-10-25 02:22:53,767 [pool-59-thread-1] INFO  server.RaftServerConfigKeys (ConfUtils.java:logGet(43)) - raft.server.log.statemachine.data.sync = true (default)
2019-10-25 02:22:53,767 [pool-59-thread-1] INFO  server.RaftServerConfigKeys (ConfUtils.java:logGet(43)) - raft.server.log.statemachine.data.sync.timeout = 10s (default)
2019-10-25 02:22:53,767 [pool-59-thread-1] INFO  server.RaftServerConfigKeys (ConfUtils.java:logGet(43)) - raft.server.log.statemachine.data.sync.timeout.retry = -1 (default)
2019-10-25 02:22:53,767 [pool-59-thread-1] INFO  server.RaftServerConfigKeys (ConfUtils.java:logGet(43)) - raft.server.log.statemachine.data.caching.enabled = true (custom)
2019-10-25 02:22:53,773 [BlockDeletingService#2] WARN  background.BlockDeletingService (BlockDeletingService.java:isDeletionAllowed(187)) - Close Container log Index 6 is not replicated across allthe servers in the pipeline 80d03f1e-dc0e-4300-89d1-db0659ca759e as the min replicated index is 4. Deletion is not allowed in this container yet.
2019-10-25 02:22:53,773 [BlockDeletingService#6] WARN  background.BlockDeletingService (BlockDeletingService.java:isDeletionAllowed(187)) - Close Container log Index 6 is not replicated across allthe servers in the pipeline 80d03f1e-dc0e-4300-89d1-db0659ca759e as the min replicated index is 4. Deletion is not allowed in this container yet.
2019-10-25 02:22:53,774 [pool-59-thread-1] INFO  impl.RaftServerImpl (ServerState.java:setRaftConf(356)) - 25203751-88e7-46c0-b9ea-976de1ff2c7c@group-DB0659CA759E: set configuration 0: [c287e0c1-5401-4ab1-85ea-f9321adc6aaf:192.168.34.46:43708, b706312b-118f-4972-9c71-4cc867b58d89:192.168.34.46:44531, 25203751-88e7-46c0-b9ea-976de1ff2c7c:192.168.34.46:43366], old=null at 0
2019-10-25 02:22:53,776 [pool-59-thread-1] INFO  segmented.LogSegment (LogSegment.java:loadSegment(140)) - Successfully read 5 entries from segment file /workdir/hadoop-ozone/integration-test/target/test-dir/MiniOzoneClusterImpl-44a4a489-765f-4971-8cd5-3df5cbc9600d/datanode-2/data/ratis/80d03f1e-dc0e-4300-89d1-db0659ca759e/current/log_inprogress_0
2019-10-25 02:22:53,776 [pool-59-thread-1] INFO  segmented.SegmentedRaftLogWorker (SegmentedRaftLogWorker.java:lambda$new$0(128)) - 25203751-88e7-46c0-b9ea-976de1ff2c7c@group-DB0659CA759E-SegmentedRaftLogWorker: flushIndex: setUnconditionally 0 -> 4
2019-10-25 02:22:53,799 [main] INFO  handler.ContextHandler (ContextHandler.java:doStart(781)) - Started o.e.j.w.WebAppContext@6e3ecf5c{/,file:///tmp/jetty-0.0.0.0-38852-hddsDatanode-_-any-500712866509246849.dir/webapp/,AVAILABLE}{/hddsDatanode}
2019-10-25 02:22:53,803 [main] INFO  server.AbstractConnector (AbstractConnector.java:doStart(278)) - Started ServerConnector@67507df{HTTP/1.1,[http/1.1]}{0.0.0.0:38852}
2019-10-25 02:22:53,803 [pool-59-thread-1] INFO  raftlog.RaftLog (RaftLog.java:lambda$new$0(61)) - 25203751-88e7-46c0-b9ea-976de1ff2c7c@group-DB0659CA759E-SegmentedRaftLog: commitIndex: updateToMax old=3, new=3, updated? false
2019-10-25 02:22:53,803 [main] INFO  server.Server (Server.java:doStart(419)) - Started @117421ms
2019-10-25 02:22:53,804 [main] WARN  impl.MetricsSystemImpl (MetricsSystemImpl.java:register(276)) - Sink prometheus already exists!
2019-10-25 02:22:53,804 [pool-59-thread-1] INFO  server.RaftServerConfigKeys (ConfUtils.java:logGet(43)) - raft.server.snapshot.auto.trigger.enabled = true (custom)
2019-10-25 02:22:53,804 [pool-59-thread-1] INFO  server.RaftServerConfigKeys (ConfUtils.java:logGet(43)) - raft.server.snapshot.auto.trigger.threshold = 10000 (custom)
2019-10-25 02:22:53,804 [pool-59-thread-1] INFO  server.RaftServerConfigKeys (ConfUtils.java:logGet(43)) - raft.server.snapshot.retention.file.num = 5 (custom)
2019-10-25 02:22:53,804 [pool-59-thread-1] INFO  server.RaftServerConfigKeys (ConfUtils.java:logGet(43)) - raft.server.retrycache.expirytime = 600000ms (custom)
2019-10-25 02:22:53,805 [main] INFO  server.BaseHttpServer (BaseHttpServer.java:updateConnectorAddress(215)) - HTTP server of HDDSDATANODE is listening at http://0.0.0.0:38852
2019-10-25 02:22:53,806 [pool-59-thread-1] INFO  impl.RaftServerImpl (RaftServerImpl.java:<init>(98)) - 25203751-88e7-46c0-b9ea-976de1ff2c7c: new RaftServerImpl for group-4AA38178ED11:[] with ContainerStateMachine:uninitialized
2019-10-25 02:22:53,806 [pool-59-thread-1] INFO  server.RaftServerConfigKeys (ConfUtils.java:logGet(43)) - raft.server.rpc.timeout.min = 5s (custom)
2019-10-25 02:22:53,806 [pool-59-thread-1] INFO  server.RaftServerConfigKeys (ConfUtils.java:logGet(43)) - raft.server.rpc.timeout.max = 5200ms (custom)
2019-10-25 02:22:53,806 [pool-59-thread-1] INFO  server.RaftServerConfigKeys (ConfUtils.java:logGet(43)) - raft.server.rpcslowness.timeout = 1000s (custom)
2019-10-25 02:22:53,807 [pool-59-thread-1] INFO  server.RaftServerConfigKeys (ConfUtils.java:logGet(43)) - raft.server.sleep.deviation.threshold = 300 (default)
2019-10-25 02:22:53,807 [pool-59-thread-1] INFO  server.RaftServerConfigKeys (ConfUtils.java:logGet(43)) - raft.server.log.appender.install.snapshot.enabled = false (custom)
2019-10-25 02:22:53,807 [pool-59-thread-1] INFO  impl.RaftServerImpl (ServerState.java:<init>(103)) - 25203751-88e7-46c0-b9ea-976de1ff2c7c@group-4AA38178ED11: ConfigurationManager, init=-1: [], old=null, confs=<EMPTY_MAP>
2019-10-25 02:22:53,807 [pool-59-thread-1] INFO  server.RaftServerConfigKeys (ConfUtils.java:logGet(43)) - raft.server.storage.dir = [/workdir/hadoop-ozone/integration-test/target/test-dir/MiniOzoneClusterImpl-44a4a489-765f-4971-8cd5-3df5cbc9600d/datanode-2/data/ratis] (custom)
2019-10-25 02:22:53,807 [pool-59-thread-1] INFO  server.RaftServerConfigKeys (ConfUtils.java:logGet(43)) - raft.server.log.corruption.policy = EXCEPTION (default)
2019-10-25 02:22:53,807 [org.apache.hadoop.util.JvmPauseMonitor$Monitor@39ecda01] INFO  util.JvmPauseMonitor (JvmPauseMonitor.java:run(188)) - Starting JVM pause monitor
2019-10-25 02:22:53,820 [pool-59-thread-1] INFO  storage.RaftStorageDirectory (RaftStorageDirectory.java:tryLock(328)) - Lock on /workdir/hadoop-ozone/integration-test/target/test-dir/MiniOzoneClusterImpl-44a4a489-765f-4971-8cd5-3df5cbc9600d/datanode-2/data/ratis/067d4b52-5434-4ed3-bf1d-4aa38178ed11/in_use.lock acquired by nodename 30707@pr-hdds-2344-k2wqm-1432304908
2019-10-25 02:22:53,820 [pool-59-thread-1] INFO  ratis.ContainerStateMachine (ContainerStateMachine.java:loadSnapshot(231)) - group-4AA38178ED11: The snapshot info is null. Setting the last applied indexto:(t:0, i:~)
2019-10-25 02:22:53,820 [pool-59-thread-1] INFO  server.RaftServerConfigKeys (ConfUtils.java:logGet(43)) - raft.server.notification.no-leader.timeout = 1000s (custom)
2019-10-25 02:22:53,820 [pool-59-thread-1] INFO  server.RaftServerConfigKeys (ConfUtils.java:logGet(43)) - raft.server.log.use.memory = false (default)
2019-10-25 02:22:53,821 [pool-59-thread-1] INFO  server.RaftServerConfigKeys (ConfUtils.java:logGet(43)) - raft.server.log.purge.gap = 1000000 (custom)
2019-10-25 02:22:53,821 [pool-59-thread-1] INFO  server.RaftServerConfigKeys (ConfUtils.java:logGet(43)) - raft.server.log.appender.buffer.byte-limit = 33554432 (custom)
2019-10-25 02:22:53,821 [pool-59-thread-1] INFO  server.RaftServerConfigKeys (ConfUtils.java:logGet(43)) - raft.server.log.segment.size.max = 1048576 (custom)
2019-10-25 02:22:53,821 [pool-59-thread-1] INFO  server.RaftServerConfigKeys (ConfUtils.java:logGet(43)) - raft.server.log.segment.cache.num.max = 2 (custom)
2019-10-25 02:22:53,821 [pool-59-thread-1] INFO  segmented.SegmentedRaftLogWorker (SegmentedRaftLogWorker.java:<init>(173)) - new 25203751-88e7-46c0-b9ea-976de1ff2c7c@group-4AA38178ED11-SegmentedRaftLogWorker for RaftStorage:Storage Directory /workdir/hadoop-ozone/integration-test/target/test-dir/MiniOzoneClusterImpl-44a4a489-765f-4971-8cd5-3df5cbc9600d/datanode-2/data/ratis/067d4b52-5434-4ed3-bf1d-4aa38178ed11
2019-10-25 02:22:53,821 [pool-59-thread-1] INFO  server.RaftServerConfigKeys (ConfUtils.java:logGet(43)) - raft.server.log.queue.byte-limit = 2147483647 (custom)
2019-10-25 02:22:53,821 [pool-59-thread-1] INFO  server.RaftServerConfigKeys (ConfUtils.java:logGet(43)) - raft.server.log.queue.element-limit = 1024 (custom)
2019-10-25 02:22:53,821 [pool-59-thread-1] INFO  server.RaftServerConfigKeys (ConfUtils.java:logGet(43)) - raft.server.log.segment.size.max = 1048576 (custom)
2019-10-25 02:22:53,821 [pool-59-thread-1] INFO  server.RaftServerConfigKeys (ConfUtils.java:logGet(43)) - raft.server.log.preallocated.size = 16384 (custom)
2019-10-25 02:22:53,821 [pool-59-thread-1] INFO  server.RaftServerConfigKeys (ConfUtils.java:logGet(43)) - raft.server.log.write.buffer.size = 33554432 (custom)
2019-10-25 02:22:53,822 [pool-59-thread-1] INFO  server.RaftServerConfigKeys (ConfUtils.java:logGet(43)) - raft.server.log.force.sync.num = 128 (default)
2019-10-25 02:22:53,822 [pool-59-thread-1] INFO  server.RaftServerConfigKeys (ConfUtils.java:logGet(43)) - raft.server.log.statemachine.data.sync = true (default)
2019-10-25 02:22:53,822 [pool-59-thread-1] INFO  server.RaftServerConfigKeys (ConfUtils.java:logGet(43)) - raft.server.log.statemachine.data.sync.timeout = 10s (default)
2019-10-25 02:22:53,822 [pool-59-thread-1] INFO  server.RaftServerConfigKeys (ConfUtils.java:logGet(43)) - raft.server.log.statemachine.data.sync.timeout.retry = -1 (default)
2019-10-25 02:22:53,822 [pool-59-thread-1] INFO  server.RaftServerConfigKeys (ConfUtils.java:logGet(43)) - raft.server.log.statemachine.data.caching.enabled = true (custom)
2019-10-25 02:22:53,823 [pool-59-thread-1] INFO  impl.RaftServerImpl (ServerState.java:setRaftConf(356)) - 25203751-88e7-46c0-b9ea-976de1ff2c7c@group-4AA38178ED11: set configuration 0: [25203751-88e7-46c0-b9ea-976de1ff2c7c:192.168.34.46:43366], old=null at 0
2019-10-25 02:22:53,823 [pool-59-thread-1] INFO  segmented.LogSegment (LogSegment.java:loadSegment(140)) - Successfully read 1 entries from segment file /workdir/hadoop-ozone/integration-test/target/test-dir/MiniOzoneClusterImpl-44a4a489-765f-4971-8cd5-3df5cbc9600d/datanode-2/data/ratis/067d4b52-5434-4ed3-bf1d-4aa38178ed11/current/log_inprogress_0
2019-10-25 02:22:53,823 [pool-59-thread-1] INFO  segmented.SegmentedRaftLogWorker (SegmentedRaftLogWorker.java:lambda$new$0(128)) - 25203751-88e7-46c0-b9ea-976de1ff2c7c@group-4AA38178ED11-SegmentedRaftLogWorker: flushIndex: setUnconditionally 0 -> 0
2019-10-25 02:22:53,847 [pool-59-thread-1] INFO  server.RaftServerConfigKeys (ConfUtils.java:logGet(43)) - raft.server.snapshot.auto.trigger.enabled = true (custom)
2019-10-25 02:22:53,847 [pool-59-thread-1] INFO  server.RaftServerConfigKeys (ConfUtils.java:logGet(43)) - raft.server.snapshot.auto.trigger.threshold = 10000 (custom)
2019-10-25 02:22:53,848 [pool-59-thread-1] INFO  server.RaftServerConfigKeys (ConfUtils.java:logGet(43)) - raft.server.snapshot.retention.file.num = 5 (custom)
2019-10-25 02:22:53,848 [pool-59-thread-1] INFO  server.RaftServerConfigKeys (ConfUtils.java:logGet(43)) - raft.server.retrycache.expirytime = 600000ms (custom)
2019-10-25 02:22:54,063 [java.util.concurrent.ThreadPoolExecutor$Worker@1a1b1369[State = -1, empty queue]] WARN  server.GrpcLogAppender (GrpcLogAppender.java:timeoutAppendRequest(209)) - b706312b-118f-4972-9c71-4cc867b58d89@group-DB0659CA759E->25203751-88e7-46c0-b9ea-976de1ff2c7c-GrpcLogAppender: appendEntries Timeout, request=b706312b-118f-4972-9c71-4cc867b58d89->25203751-88e7-46c0-b9ea-976de1ff2c7c#50-t1, previous=(t:1, i:10), leaderCommit=10, initializing? false, entries: <empty>
2019-10-25 02:22:54,570 [pool-7-thread-2] INFO  commands.RetriableDatanodeEventWatcher (RetriableDatanodeEventWatcher.java:onTimeout(47)) - RetriableDatanodeCommand type=deleteBlocksCommand with id=1571970172571 timed out. Retrying.
2019-10-25 02:22:54,570 [pool-7-thread-1] INFO  commands.RetriableDatanodeEventWatcher (RetriableDatanodeEventWatcher.java:onTimeout(47)) - RetriableDatanodeCommand type=deleteBlocksCommand with id=1571970172570 timed out. Retrying.
2019-10-25 02:22:54,571 [SCMBlockDeletingService#1] INFO  block.SCMBlockDeletingService (SCMBlockDeletingService.java:call(184)) - Totally added 1 delete blocks command for 1 datanodes, task elapsed time: 1ms
2019-10-25 02:22:54,572 [pool-7-thread-1] INFO  commands.RetriableDatanodeEventWatcher (RetriableDatanodeEventWatcher.java:onTimeout(47)) - RetriableDatanodeCommand type=deleteBlocksCommand with id=1571970172567 timed out. Retrying.
2019-10-25 02:22:54,661 [Command processor thread] INFO  commandhandler.DeleteBlocksCommandHandler (DeleteBlocksCommandHandler.java:handle(106)) - Start to delete container blocks, TXIDs=[1(2)], numOfContainers=1, numOfBlocks=1
2019-10-25 02:22:54,662 [Command processor thread] INFO  commandhandler.DeleteBlocksCommandHandler (DeleteBlocksCommandHandler.java:handle(106)) - Start to delete container blocks, TXIDs=[1(0)], numOfContainers=1, numOfBlocks=1
2019-10-25 02:22:54,729 [Thread-541] INFO  client.GrpcClientProtocolService (GrpcClientProtocolService.java:lambda$processClientRequest$0(279)) - Failed RaftClientRequest:client-18E359B5664D->c287e0c1-5401-4ab1-85ea-f9321adc6aaf@group-DB0659CA759E, cid=10, seq=0, Watch-ALL_COMMITTED(6), Message:<EMPTY>, reply=RaftClientReply:client-18E359B5664D->c287e0c1-5401-4ab1-85ea-f9321adc6aaf@group-DB0659CA759E, cid=10, FAILED org.apache.ratis.protocol.NotLeaderException: Server c287e0c1-5401-4ab1-85ea-f9321adc6aaf@group-DB0659CA759E is not the leader b706312b-118f-4972-9c71-4cc867b58d89:192.168.34.46:44531, logIndex=0, commits[c287e0c1-5401-4ab1-85ea-f9321adc6aaf:c10, b706312b-118f-4972-9c71-4cc867b58d89:c10, 25203751-88e7-46c0-b9ea-976de1ff2c7c:c4]
2019-10-25 02:22:54,755 [Thread-544] INFO  client.GrpcClientProtocolService (GrpcClientProtocolService.java:lambda$processClientRequest$0(279)) - Failed RaftClientRequest:client-18E359B5664D->b706312b-118f-4972-9c71-4cc867b58d89@group-DB0659CA759E, cid=10, seq=0, Watch-ALL_COMMITTED(6), Message:<EMPTY>, reply=RaftClientReply:client-18E359B5664D->b706312b-118f-4972-9c71-4cc867b58d89@group-DB0659CA759E, cid=10, FAILED org.apache.ratis.protocol.NotReplicatedException: Request with call Id 10 and log index 6 is not yet replicated to ALL_COMMITTED, logIndex=6, commits[b706312b-118f-4972-9c71-4cc867b58d89:c10, c287e0c1-5401-4ab1-85ea-f9321adc6aaf:c10, 25203751-88e7-46c0-b9ea-976de1ff2c7c:c4]
2019-10-25 02:22:54,774 [BlockDeletingService#2] WARN  background.BlockDeletingService (BlockDeletingService.java:isDeletionAllowed(187)) - Close Container log Index 6 is not replicated across allthe servers in the pipeline 80d03f1e-dc0e-4300-89d1-db0659ca759e as the min replicated index is 4. Deletion is not allowed in this container yet.
2019-10-25 02:22:54,775 [BlockDeletingService#6] WARN  background.BlockDeletingService (BlockDeletingService.java:isDeletionAllowed(187)) - Close Container log Index 6 is not replicated across allthe servers in the pipeline 80d03f1e-dc0e-4300-89d1-db0659ca759e as the min replicated index is 4. Deletion is not allowed in this container yet.
2019-10-25 02:22:54,864 [EventQueue-DeleteBlockStatusForEventWatcher$$Lambda$29/1632413663] WARN  events.EventWatcher (EventWatcher.java:lambda$start$0(110)) - Completion event without active lease. Id=1571970172569
2019-10-25 02:22:55,571 [pool-7-thread-1] INFO  commands.RetriableDatanodeEventWatcher (RetriableDatanodeEventWatcher.java:onTimeout(47)) - RetriableDatanodeCommand type=deleteBlocksCommand with id=1571970172572 timed out. Retrying.
2019-10-25 02:22:55,571 [pool-7-thread-3] INFO  commands.RetriableDatanodeEventWatcher (RetriableDatanodeEventWatcher.java:onTimeout(47)) - RetriableDatanodeCommand type=deleteBlocksCommand with id=1571970172570 timed out. Retrying.
2019-10-25 02:22:55,572 [pool-7-thread-2] INFO  commands.RetriableDatanodeEventWatcher (RetriableDatanodeEventWatcher.java:onTimeout(47)) - RetriableDatanodeCommand type=deleteBlocksCommand with id=1571970172571 timed out. Retrying.
2019-10-25 02:22:55,572 [pool-7-thread-2] INFO  commands.RetriableDatanodeEventWatcher (RetriableDatanodeEventWatcher.java:onTimeout(47)) - RetriableDatanodeCommand type=deleteBlocksCommand with id=1571970172567 timed out. Retrying.
2019-10-25 02:22:55,573 [SCMBlockDeletingService#1] INFO  block.SCMBlockDeletingService (SCMBlockDeletingService.java:call(184)) - Totally added 1 delete blocks command for 1 datanodes, task elapsed time: 1ms
2019-10-25 02:22:55,663 [Command processor thread] INFO  commandhandler.DeleteBlocksCommandHandler (DeleteBlocksCommandHandler.java:handle(106)) - Start to delete container blocks, TXIDs=[1(2)], numOfContainers=1, numOfBlocks=1
2019-10-25 02:22:55,778 [BlockDeletingService#2] WARN  background.BlockDeletingService (BlockDeletingService.java:isDeletionAllowed(187)) - Close Container log Index 6 is not replicated across allthe servers in the pipeline 80d03f1e-dc0e-4300-89d1-db0659ca759e as the min replicated index is 4. Deletion is not allowed in this container yet.
2019-10-25 02:22:55,779 [BlockDeletingService#6] WARN  background.BlockDeletingService (BlockDeletingService.java:isDeletionAllowed(187)) - Close Container log Index 6 is not replicated across allthe servers in the pipeline 80d03f1e-dc0e-4300-89d1-db0659ca759e as the min replicated index is 4. Deletion is not allowed in this container yet.
2019-10-25 02:22:55,810 [Datanode State Machine Thread - 0] INFO  ozoneimpl.OzoneContainer (OzoneContainer.java:start(213)) - Attempting to start container services.
2019-10-25 02:22:55,810 [Datanode State Machine Thread - 0] INFO  ozoneimpl.OzoneContainer (OzoneContainer.java:startContainerScrub(177)) - Background container scanner has been disabled.
2019-10-25 02:22:55,810 [Datanode State Machine Thread - 0] INFO  ratis.XceiverServerRatis (XceiverServerRatis.java:start(418)) - Starting XceiverServerRatis 25203751-88e7-46c0-b9ea-976de1ff2c7c at port 43366
2019-10-25 02:22:55,822 [Datanode State Machine Thread - 0] INFO  impl.RaftServerImpl (RaftServerImpl.java:start(184)) - 25203751-88e7-46c0-b9ea-976de1ff2c7c@group-4AA38178ED11: start as a follower, conf=0: [25203751-88e7-46c0-b9ea-976de1ff2c7c:192.168.34.46:43366], old=null
2019-10-25 02:22:55,823 [ForkJoinPool.commonPool-worker-1] INFO  impl.RaftServerImpl (RaftServerImpl.java:start(184)) - 25203751-88e7-46c0-b9ea-976de1ff2c7c@group-DB0659CA759E: start as a follower, conf=0: [c287e0c1-5401-4ab1-85ea-f9321adc6aaf:192.168.34.46:43708, b706312b-118f-4972-9c71-4cc867b58d89:192.168.34.46:44531, 25203751-88e7-46c0-b9ea-976de1ff2c7c:192.168.34.46:43366], old=null
2019-10-25 02:22:55,823 [Datanode State Machine Thread - 0] INFO  impl.RaftServerImpl (RaftServerImpl.java:setRole(173)) - 25203751-88e7-46c0-b9ea-976de1ff2c7c@group-4AA38178ED11: changes role from      null to FOLLOWER at term 1 for startAsFollower
2019-10-25 02:22:55,823 [ForkJoinPool.commonPool-worker-1] INFO  impl.RaftServerImpl (RaftServerImpl.java:setRole(173)) - 25203751-88e7-46c0-b9ea-976de1ff2c7c@group-DB0659CA759E: changes role from      null to FOLLOWER at term 1 for startAsFollower
2019-10-25 02:22:55,823 [Datanode State Machine Thread - 0] INFO  impl.RoleInfo (RoleInfo.java:updateAndGet(143)) - 25203751-88e7-46c0-b9ea-976de1ff2c7c: start FollowerState
2019-10-25 02:22:55,823 [ForkJoinPool.commonPool-worker-1] INFO  impl.RoleInfo (RoleInfo.java:updateAndGet(143)) - 25203751-88e7-46c0-b9ea-976de1ff2c7c: start FollowerState
2019-10-25 02:22:55,824 [Datanode State Machine Thread - 0] INFO  util.JmxRegister (JmxRegister.java:tryRegister(44)) - Successfully registered JMX Bean with object name Ratis:service=RaftServer,group=group-4AA38178ED11,id=25203751-88e7-46c0-b9ea-976de1ff2c7c
2019-10-25 02:22:55,824 [ForkJoinPool.commonPool-worker-1] INFO  util.JmxRegister (JmxRegister.java:tryRegister(44)) - Successfully registered JMX Bean with object name Ratis:service=RaftServer,group=group-DB0659CA759E,id=25203751-88e7-46c0-b9ea-976de1ff2c7c
2019-10-25 02:22:55,826 [Datanode State Machine Thread - 0] INFO  impl.RaftServerProxy (RaftServerProxy.java:lambda$start$3(299)) - 25203751-88e7-46c0-b9ea-976de1ff2c7c: start RPC server
2019-10-25 02:22:55,828 [Datanode State Machine Thread - 0] INFO  server.GrpcService (GrpcService.java:startImpl(158)) - 25203751-88e7-46c0-b9ea-976de1ff2c7c: GrpcService started, listening on 0.0.0.0/0.0.0.0:43366
2019-10-25 02:22:56,565 [java.util.concurrent.ThreadPoolExecutor$Worker@1a1b1369[State = -1, empty queue]] WARN  server.GrpcLogAppender (GrpcLogAppender.java:timeoutAppendRequest(209)) - b706312b-118f-4972-9c71-4cc867b58d89@group-DB0659CA759E->25203751-88e7-46c0-b9ea-976de1ff2c7c-GrpcLogAppender: appendEntries Timeout, request=b706312b-118f-4972-9c71-4cc867b58d89->25203751-88e7-46c0-b9ea-976de1ff2c7c#51-t1, previous=(t:1, i:10), leaderCommit=10, initializing? false, entries: <empty>
2019-10-25 02:22:56,572 [pool-7-thread-2] INFO  commands.RetriableDatanodeEventWatcher (RetriableDatanodeEventWatcher.java:onTimeout(47)) - RetriableDatanodeCommand type=deleteBlocksCommand with id=1571970172572 timed out. Retrying.
2019-10-25 02:22:56,572 [pool-7-thread-1] INFO  commands.RetriableDatanodeEventWatcher (RetriableDatanodeEventWatcher.java:onTimeout(47)) - RetriableDatanodeCommand type=deleteBlocksCommand with id=1571970172570 timed out. Retrying.
2019-10-25 02:22:56,573 [pool-7-thread-3] INFO  commands.RetriableDatanodeEventWatcher (RetriableDatanodeEventWatcher.java:onTimeout(47)) - RetriableDatanodeCommand type=deleteBlocksCommand with id=1571970172571 timed out. Retrying.
2019-10-25 02:22:56,573 [pool-7-thread-3] INFO  commands.RetriableDatanodeEventWatcher (RetriableDatanodeEventWatcher.java:onTimeout(47)) - RetriableDatanodeCommand type=deleteBlocksCommand with id=1571970172567 timed out. Retrying.
2019-10-25 02:22:56,573 [pool-7-thread-1] INFO  commands.RetriableDatanodeEventWatcher (RetriableDatanodeEventWatcher.java:onTimeout(47)) - RetriableDatanodeCommand type=deleteBlocksCommand with id=1571970172573 timed out. Retrying.
2019-10-25 02:22:56,574 [SCMBlockDeletingService#1] INFO  block.SCMBlockDeletingService (SCMBlockDeletingService.java:call(184)) - Totally added 1 delete blocks command for 1 datanodes, task elapsed time: 1ms
2019-10-25 02:22:56,763 [Command processor thread] INFO  commandhandler.DeleteBlocksCommandHandler (DeleteBlocksCommandHandler.java:handle(106)) - Start to delete container blocks, TXIDs=[1(2)], numOfContainers=1, numOfBlocks=1
2019-10-25 02:22:56,764 [Command processor thread] INFO  commandhandler.DeleteBlocksCommandHandler (DeleteBlocksCommandHandler.java:handle(106)) - Start to delete container blocks, TXIDs=[1(2)], numOfContainers=1, numOfBlocks=1
2019-10-25 02:22:56,781 [BlockDeletingService#2] WARN  background.BlockDeletingService (BlockDeletingService.java:isDeletionAllowed(187)) - Close Container log Index 6 is not replicated across allthe servers in the pipeline 80d03f1e-dc0e-4300-89d1-db0659ca759e as the min replicated index is 4. Deletion is not allowed in this container yet.
2019-10-25 02:22:56,781 [BlockDeletingService#6] WARN  background.BlockDeletingService (BlockDeletingService.java:isDeletionAllowed(187)) - Close Container log Index 6 is not replicated across allthe servers in the pipeline 80d03f1e-dc0e-4300-89d1-db0659ca759e as the min replicated index is 4. Deletion is not allowed in this container yet.
2019-10-25 02:22:57,573 [pool-7-thread-1] INFO  commands.RetriableDatanodeEventWatcher (RetriableDatanodeEventWatcher.java:onTimeout(47)) - RetriableDatanodeCommand type=deleteBlocksCommand with id=1571970172572 timed out. Retrying.
2019-10-25 02:22:57,574 [pool-7-thread-3] INFO  commands.RetriableDatanodeEventWatcher (RetriableDatanodeEventWatcher.java:onTimeout(47)) - RetriableDatanodeCommand type=deleteBlocksCommand with id=1571970172570 timed out. Retrying.
2019-10-25 02:22:57,574 [pool-7-thread-2] INFO  commands.RetriableDatanodeEventWatcher (RetriableDatanodeEventWatcher.java:onTimeout(47)) - RetriableDatanodeCommand type=deleteBlocksCommand with id=1571970172574 timed out. Retrying.
2019-10-25 02:22:57,575 [pool-7-thread-1] INFO  commands.RetriableDatanodeEventWatcher (RetriableDatanodeEventWatcher.java:onTimeout(47)) - RetriableDatanodeCommand type=deleteBlocksCommand with id=1571970172567 timed out. Retrying.
2019-10-25 02:22:57,575 [pool-7-thread-4] INFO  commands.RetriableDatanodeEventWatcher (RetriableDatanodeEventWatcher.java:onTimeout(47)) - RetriableDatanodeCommand type=deleteBlocksCommand with id=1571970172573 timed out. Retrying.
2019-10-25 02:22:57,576 [SCMBlockDeletingService#1] INFO  block.SCMBlockDeletingService (SCMBlockDeletingService.java:call(184)) - Totally added 1 delete blocks command for 1 datanodes, task elapsed time: 1ms
2019-10-25 02:22:57,783 [BlockDeletingService#2] WARN  background.BlockDeletingService (BlockDeletingService.java:isDeletionAllowed(187)) - Close Container log Index 6 is not replicated across allthe servers in the pipeline 80d03f1e-dc0e-4300-89d1-db0659ca759e as the min replicated index is 4. Deletion is not allowed in this container yet.
2019-10-25 02:22:57,783 [BlockDeletingService#6] WARN  background.BlockDeletingService (BlockDeletingService.java:isDeletionAllowed(187)) - Close Container log Index 6 is not replicated across allthe servers in the pipeline 80d03f1e-dc0e-4300-89d1-db0659ca759e as the min replicated index is 4. Deletion is not allowed in this container yet.
2019-10-25 02:22:57,811 [EventQueue-PendingDeleteStatusForPendingDeleteHandler] INFO  block.SCMBlockDeletingService (SCMBlockDeletingService.java:handlePendingDeletes(115)) - Block deletion txnID mismatch in datanode 25203751-88e7-46c0-b9ea-976de1ff2c7c for containerID 1. Datanode delete txnID: 0, SCM txnID: 1
2019-10-25 02:22:58,574 [pool-7-thread-2] INFO  commands.RetriableDatanodeEventWatcher (RetriableDatanodeEventWatcher.java:onTimeout(47)) - RetriableDatanodeCommand type=deleteBlocksCommand with id=1571970172572 timed out. Retrying.
2019-10-25 02:22:58,575 [pool-7-thread-4] INFO  commands.RetriableDatanodeEventWatcher (RetriableDatanodeEventWatcher.java:onTimeout(47)) - RetriableDatanodeCommand type=deleteBlocksCommand with id=1571970172567 timed out. Retrying.
2019-10-25 02:22:58,575 [pool-7-thread-3] INFO  commands.RetriableDatanodeEventWatcher (RetriableDatanodeEventWatcher.java:onTimeout(47)) - RetriableDatanodeCommand type=deleteBlocksCommand with id=1571970172570 timed out. Retrying.
2019-10-25 02:22:58,575 [pool-7-thread-1] INFO  commands.RetriableDatanodeEventWatcher (RetriableDatanodeEventWatcher.java:onTimeout(47)) - RetriableDatanodeCommand type=deleteBlocksCommand with id=1571970172574 timed out. Retrying.
2019-10-25 02:22:58,576 [pool-7-thread-4] INFO  commands.RetriableDatanodeEventWatcher (RetriableDatanodeEventWatcher.java:onTimeout(47)) - RetriableDatanodeCommand type=deleteBlocksCommand with id=1571970172573 timed out. Retrying.
2019-10-25 02:22:58,576 [pool-7-thread-3] INFO  commands.RetriableDatanodeEventWatcher (RetriableDatanodeEventWatcher.java:onTimeout(47)) - RetriableDatanodeCommand type=deleteBlocksCommand with id=1571970172575 timed out. Retrying.
2019-10-25 02:22:58,577 [SCMBlockDeletingService#1] INFO  block.SCMBlockDeletingService (SCMBlockDeletingService.java:call(184)) - Totally added 1 delete blocks command for 1 datanodes, task elapsed time: 1ms
2019-10-25 02:22:58,785 [BlockDeletingService#2] WARN  background.BlockDeletingService (BlockDeletingService.java:isDeletionAllowed(187)) - Close Container log Index 6 is not replicated across allthe servers in the pipeline 80d03f1e-dc0e-4300-89d1-db0659ca759e as the min replicated index is 4. Deletion is not allowed in this container yet.
2019-10-25 02:22:58,785 [BlockDeletingService#6] WARN  background.BlockDeletingService (BlockDeletingService.java:isDeletionAllowed(187)) - Close Container log Index 6 is not replicated across allthe servers in the pipeline 80d03f1e-dc0e-4300-89d1-db0659ca759e as the min replicated index is 4. Deletion is not allowed in this container yet.
2019-10-25 02:22:59,066 [java.util.concurrent.ThreadPoolExecutor$Worker@1a1b1369[State = -1, empty queue]] WARN  server.GrpcLogAppender (GrpcLogAppender.java:timeoutAppendRequest(209)) - b706312b-118f-4972-9c71-4cc867b58d89@group-DB0659CA759E->25203751-88e7-46c0-b9ea-976de1ff2c7c-GrpcLogAppender: appendEntries Timeout, request=b706312b-118f-4972-9c71-4cc867b58d89->25203751-88e7-46c0-b9ea-976de1ff2c7c#52-t1, previous=(t:1, i:10), leaderCommit=10, initializing? false, entries: <empty>
2019-10-25 02:22:59,576 [pool-7-thread-4] INFO  commands.RetriableDatanodeEventWatcher (RetriableDatanodeEventWatcher.java:onTimeout(47)) - RetriableDatanodeCommand type=deleteBlocksCommand with id=1571970172572 timed out. Retrying.
2019-10-25 02:22:59,576 [pool-7-thread-3] INFO  commands.RetriableDatanodeEventWatcher (RetriableDatanodeEventWatcher.java:onTimeout(47)) - RetriableDatanodeCommand type=deleteBlocksCommand with id=1571970172567 timed out. Retrying.
2019-10-25 02:22:59,576 [pool-7-thread-3] INFO  commands.RetriableDatanodeEventWatcher (RetriableDatanodeEventWatcher.java:onTimeout(47)) - RetriableDatanodeCommand type=deleteBlocksCommand with id=1571970172576 timed out. Retrying.
2019-10-25 02:22:59,577 [pool-7-thread-2] INFO  commands.RetriableDatanodeEventWatcher (RetriableDatanodeEventWatcher.java:onTimeout(47)) - RetriableDatanodeCommand type=deleteBlocksCommand with id=1571970172573 timed out. Retrying.
2019-10-25 02:22:59,577 [pool-7-thread-4] INFO  commands.RetriableDatanodeEventWatcher (RetriableDatanodeEventWatcher.java:onTimeout(47)) - RetriableDatanodeCommand type=deleteBlocksCommand with id=1571970172575 timed out. Retrying.
2019-10-25 02:22:59,577 [pool-7-thread-1] INFO  commands.RetriableDatanodeEventWatcher (RetriableDatanodeEventWatcher.java:onTimeout(47)) - RetriableDatanodeCommand type=deleteBlocksCommand with id=1571970172574 timed out. Retrying.
2019-10-25 02:22:59,577 [pool-7-thread-5] INFO  commands.RetriableDatanodeEventWatcher (RetriableDatanodeEventWatcher.java:onTimeout(47)) - RetriableDatanodeCommand type=deleteBlocksCommand with id=1571970172570 timed out. Retrying.
2019-10-25 02:22:59,578 [SCMBlockDeletingService#1] INFO  block.SCMBlockDeletingService (SCMBlockDeletingService.java:call(184)) - Totally added 1 delete blocks command for 1 datanodes, task elapsed time: 1ms
2019-10-25 02:22:59,786 [BlockDeletingService#6] WARN  background.BlockDeletingService (BlockDeletingService.java:isDeletionAllowed(187)) - Close Container log Index 6 is not replicated across allthe servers in the pipeline 80d03f1e-dc0e-4300-89d1-db0659ca759e as the min replicated index is 4. Deletion is not allowed in this container yet.
2019-10-25 02:22:59,786 [BlockDeletingService#2] WARN  background.BlockDeletingService (BlockDeletingService.java:isDeletionAllowed(187)) - Close Container log Index 6 is not replicated across allthe servers in the pipeline 80d03f1e-dc0e-4300-89d1-db0659ca759e as the min replicated index is 4. Deletion is not allowed in this container yet.
2019-10-25 02:22:59,809 [EventQueue-PendingDeleteStatusForPendingDeleteHandler] INFO  block.SCMBlockDeletingService (SCMBlockDeletingService.java:handlePendingDeletes(115)) - Block deletion txnID mismatch in datanode 25203751-88e7-46c0-b9ea-976de1ff2c7c for containerID 1. Datanode delete txnID: 0, SCM txnID: 1
2019-10-25 02:22:59,877 [grpc-default-executor-2] INFO  impl.RaftServerProxy (RaftServerProxy.java:addNew(89)) - 25203751-88e7-46c0-b9ea-976de1ff2c7c: addNew group-5874ADA3678C:[25203751-88e7-46c0-b9ea-976de1ff2c7c:192.168.34.46:43366] returns group-5874ADA3678C:java.util.concurrent.CompletableFuture@47c3bdd9[Not completed]
2019-10-25 02:22:59,880 [pool-59-thread-1] INFO  impl.RaftServerImpl (RaftServerImpl.java:<init>(98)) - 25203751-88e7-46c0-b9ea-976de1ff2c7c: new RaftServerImpl for group-5874ADA3678C:[25203751-88e7-46c0-b9ea-976de1ff2c7c:192.168.34.46:43366] with ContainerStateMachine:uninitialized
2019-10-25 02:22:59,880 [pool-59-thread-1] INFO  server.RaftServerConfigKeys (ConfUtils.java:logGet(43)) - raft.server.rpc.timeout.min = 5s (custom)
2019-10-25 02:22:59,881 [pool-59-thread-1] INFO  server.RaftServerConfigKeys (ConfUtils.java:logGet(43)) - raft.server.rpc.timeout.max = 5200ms (custom)
2019-10-25 02:22:59,881 [pool-59-thread-1] INFO  server.RaftServerConfigKeys (ConfUtils.java:logGet(43)) - raft.server.rpcslowness.timeout = 1000s (custom)
2019-10-25 02:22:59,881 [pool-59-thread-1] INFO  server.RaftServerConfigKeys (ConfUtils.java:logGet(43)) - raft.server.sleep.deviation.threshold = 300 (default)
2019-10-25 02:22:59,881 [pool-59-thread-1] INFO  server.RaftServerConfigKeys (ConfUtils.java:logGet(43)) - raft.server.log.appender.install.snapshot.enabled = false (custom)
2019-10-25 02:22:59,881 [pool-59-thread-1] INFO  impl.RaftServerImpl (ServerState.java:<init>(103)) - 25203751-88e7-46c0-b9ea-976de1ff2c7c@group-5874ADA3678C: ConfigurationManager, init=-1: [25203751-88e7-46c0-b9ea-976de1ff2c7c:192.168.34.46:43366], old=null, confs=<EMPTY_MAP>
2019-10-25 02:22:59,882 [pool-59-thread-1] INFO  server.RaftServerConfigKeys (ConfUtils.java:logGet(43)) - raft.server.storage.dir = [/workdir/hadoop-ozone/integration-test/target/test-dir/MiniOzoneClusterImpl-44a4a489-765f-4971-8cd5-3df5cbc9600d/datanode-2/data/ratis] (custom)
2019-10-25 02:22:59,882 [pool-59-thread-1] INFO  server.RaftServerConfigKeys (ConfUtils.java:logGet(43)) - raft.server.log.corruption.policy = EXCEPTION (default)
2019-10-25 02:22:59,882 [pool-59-thread-1] INFO  storage.RaftStorageDirectory (RaftStorageDirectory.java:analyzeStorage(246)) - The storage directory /workdir/hadoop-ozone/integration-test/target/test-dir/MiniOzoneClusterImpl-44a4a489-765f-4971-8cd5-3df5cbc9600d/datanode-2/data/ratis/f581bccc-022c-49e4-9d58-5874ada3678c does not exist. Creating ...
2019-10-25 02:22:59,896 [pool-59-thread-1] INFO  storage.RaftStorageDirectory (RaftStorageDirectory.java:tryLock(328)) - Lock on /workdir/hadoop-ozone/integration-test/target/test-dir/MiniOzoneClusterImpl-44a4a489-765f-4971-8cd5-3df5cbc9600d/datanode-2/data/ratis/f581bccc-022c-49e4-9d58-5874ada3678c/in_use.lock acquired by nodename 30707@pr-hdds-2344-k2wqm-1432304908
2019-10-25 02:22:59,909 [pool-59-thread-1] INFO  storage.RaftStorage (RaftStorage.java:format(84)) - Storage directory /workdir/hadoop-ozone/integration-test/target/test-dir/MiniOzoneClusterImpl-44a4a489-765f-4971-8cd5-3df5cbc9600d/datanode-2/data/ratis/f581bccc-022c-49e4-9d58-5874ada3678c has been successfully formatted.
2019-10-25 02:22:59,909 [pool-59-thread-1] INFO  ratis.ContainerStateMachine (ContainerStateMachine.java:loadSnapshot(231)) - group-5874ADA3678C: The snapshot info is null. Setting the last applied indexto:(t:0, i:~)
2019-10-25 02:22:59,909 [pool-59-thread-1] INFO  server.RaftServerConfigKeys (ConfUtils.java:logGet(43)) - raft.server.notification.no-leader.timeout = 1000s (custom)
2019-10-25 02:22:59,910 [pool-59-thread-1] INFO  server.RaftServerConfigKeys (ConfUtils.java:logGet(43)) - raft.server.log.use.memory = false (default)
2019-10-25 02:22:59,910 [pool-59-thread-1] INFO  server.RaftServerConfigKeys (ConfUtils.java:logGet(43)) - raft.server.log.purge.gap = 1000000 (custom)
2019-10-25 02:22:59,910 [pool-59-thread-1] INFO  server.RaftServerConfigKeys (ConfUtils.java:logGet(43)) - raft.server.log.appender.buffer.byte-limit = 33554432 (custom)
2019-10-25 02:22:59,910 [pool-59-thread-1] INFO  server.RaftServerConfigKeys (ConfUtils.java:logGet(43)) - raft.server.log.segment.size.max = 1048576 (custom)
2019-10-25 02:22:59,910 [pool-59-thread-1] INFO  server.RaftServerConfigKeys (ConfUtils.java:logGet(43)) - raft.server.log.segment.cache.num.max = 2 (custom)
2019-10-25 02:22:59,911 [pool-59-thread-1] INFO  segmented.SegmentedRaftLogWorker (SegmentedRaftLogWorker.java:<init>(173)) - new 25203751-88e7-46c0-b9ea-976de1ff2c7c@group-5874ADA3678C-SegmentedRaftLogWorker for RaftStorage:Storage Directory /workdir/hadoop-ozone/integration-test/target/test-dir/MiniOzoneClusterImpl-44a4a489-765f-4971-8cd5-3df5cbc9600d/datanode-2/data/ratis/f581bccc-022c-49e4-9d58-5874ada3678c
2019-10-25 02:22:59,911 [pool-59-thread-1] INFO  server.RaftServerConfigKeys (ConfUtils.java:logGet(43)) - raft.server.log.queue.byte-limit = 2147483647 (custom)
2019-10-25 02:22:59,911 [pool-59-thread-1] INFO  server.RaftServerConfigKeys (ConfUtils.java:logGet(43)) - raft.server.log.queue.element-limit = 1024 (custom)
2019-10-25 02:22:59,911 [pool-59-thread-1] INFO  server.RaftServerConfigKeys (ConfUtils.java:logGet(43)) - raft.server.log.segment.size.max = 1048576 (custom)
2019-10-25 02:22:59,911 [pool-59-thread-1] INFO  server.RaftServerConfigKeys (ConfUtils.java:logGet(43)) - raft.server.log.preallocated.size = 16384 (custom)
2019-10-25 02:22:59,911 [pool-59-thread-1] INFO  server.RaftServerConfigKeys (ConfUtils.java:logGet(43)) - raft.server.log.write.buffer.size = 33554432 (custom)
2019-10-25 02:22:59,912 [pool-59-thread-1] INFO  server.RaftServerConfigKeys (ConfUtils.java:logGet(43)) - raft.server.log.force.sync.num = 128 (default)
2019-10-25 02:22:59,912 [pool-59-thread-1] INFO  server.RaftServerConfigKeys (ConfUtils.java:logGet(43)) - raft.server.log.statemachine.data.sync = true (default)
2019-10-25 02:22:59,912 [pool-59-thread-1] INFO  server.RaftServerConfigKeys (ConfUtils.java:logGet(43)) - raft.server.log.statemachine.data.sync.timeout = 10s (default)
2019-10-25 02:22:59,912 [pool-59-thread-1] INFO  server.RaftServerConfigKeys (ConfUtils.java:logGet(43)) - raft.server.log.statemachine.data.sync.timeout.retry = -1 (default)
2019-10-25 02:22:59,912 [pool-59-thread-1] INFO  server.RaftServerConfigKeys (ConfUtils.java:logGet(43)) - raft.server.log.statemachine.data.caching.enabled = true (custom)
2019-10-25 02:22:59,913 [pool-59-thread-1] INFO  segmented.SegmentedRaftLogWorker (SegmentedRaftLogWorker.java:lambda$new$0(128)) - 25203751-88e7-46c0-b9ea-976de1ff2c7c@group-5874ADA3678C-SegmentedRaftLogWorker: flushIndex: setUnconditionally 0 -> -1
2019-10-25 02:22:59,913 [pool-59-thread-1] INFO  server.RaftServerConfigKeys (ConfUtils.java:logGet(43)) - raft.server.snapshot.auto.trigger.enabled = true (custom)
2019-10-25 02:22:59,913 [pool-59-thread-1] INFO  server.RaftServerConfigKeys (ConfUtils.java:logGet(43)) - raft.server.snapshot.auto.trigger.threshold = 10000 (custom)
2019-10-25 02:22:59,914 [pool-59-thread-1] INFO  server.RaftServerConfigKeys (ConfUtils.java:logGet(43)) - raft.server.snapshot.retention.file.num = 5 (custom)
2019-10-25 02:22:59,914 [pool-59-thread-1] INFO  server.RaftServerConfigKeys (ConfUtils.java:logGet(43)) - raft.server.retrycache.expirytime = 600000ms (custom)
2019-10-25 02:22:59,914 [pool-59-thread-1] WARN  impl.MetricRegistriesImpl (MetricRegistriesImpl.java:lambda$create$1(61)) - First MetricRegistry has been created without registering reporters. You may need to call MetricRegistries.global().addReportRegistration(...) before.
2019-10-25 02:22:59,914 [pool-59-thread-1] WARN  impl.MetricRegistriesImpl (MetricRegistriesImpl.java:lambda$create$1(61)) - First MetricRegistry has been created without registering reporters. You may need to call MetricRegistries.global().addReportRegistration(...) before.
2019-10-25 02:22:59,915 [pool-59-thread-1] INFO  impl.RaftServerImpl (RaftServerImpl.java:start(184)) - 25203751-88e7-46c0-b9ea-976de1ff2c7c@group-5874ADA3678C: start as a follower, conf=-1: [25203751-88e7-46c0-b9ea-976de1ff2c7c:192.168.34.46:43366], old=null
2019-10-25 02:22:59,915 [pool-59-thread-1] INFO  impl.RaftServerImpl (RaftServerImpl.java:setRole(173)) - 25203751-88e7-46c0-b9ea-976de1ff2c7c@group-5874ADA3678C: changes role from      null to FOLLOWER at term 0 for startAsFollower
2019-10-25 02:22:59,915 [pool-59-thread-1] INFO  impl.RoleInfo (RoleInfo.java:updateAndGet(143)) - 25203751-88e7-46c0-b9ea-976de1ff2c7c: start FollowerState
2019-10-25 02:22:59,916 [pool-59-thread-1] INFO  util.JmxRegister (JmxRegister.java:tryRegister(44)) - Successfully registered JMX Bean with object name Ratis:service=RaftServer,group=group-5874ADA3678C,id=25203751-88e7-46c0-b9ea-976de1ff2c7c
2019-10-25 02:22:59,916 [pool-59-thread-1] WARN  impl.MetricRegistriesImpl (MetricRegistriesImpl.java:lambda$create$1(61)) - First MetricRegistry has been created without registering reporters. You may need to call MetricRegistries.global().addReportRegistration(...) before.
2019-10-25 02:22:59,923 [RatisPipelineUtilsThread] INFO  pipeline.PipelineStateManager (PipelineStateManager.java:addPipeline(56)) - Created pipeline Pipeline[ Id: f581bccc-022c-49e4-9d58-5874ada3678c, Nodes: 25203751-88e7-46c0-b9ea-976de1ff2c7c{ip: 192.168.34.46, host: pr-hdds-2344-k2wqm-1432304908, networkLocation: /default-rack, certSerialId: null}, Type:RATIS, Factor:ONE, State:OPEN]
2019-10-25 02:22:59,940 [grpc-default-executor-2] INFO  impl.RaftServerProxy (RaftServerProxy.java:addNew(89)) - 25203751-88e7-46c0-b9ea-976de1ff2c7c: addNew group-A0B8CE65BE26:[c287e0c1-5401-4ab1-85ea-f9321adc6aaf:192.168.34.46:43708, b706312b-118f-4972-9c71-4cc867b58d89:192.168.34.46:44531, 25203751-88e7-46c0-b9ea-976de1ff2c7c:192.168.34.46:43366] returns group-A0B8CE65BE26:java.util.concurrent.CompletableFuture@15e9f544[Not completed]
2019-10-25 02:22:59,940 [grpc-default-executor-0] INFO  impl.RaftServerProxy (RaftServerProxy.java:addNew(89)) - b706312b-118f-4972-9c71-4cc867b58d89: addNew group-A0B8CE65BE26:[c287e0c1-5401-4ab1-85ea-f9321adc6aaf:192.168.34.46:43708, b706312b-118f-4972-9c71-4cc867b58d89:192.168.34.46:44531, 25203751-88e7-46c0-b9ea-976de1ff2c7c:192.168.34.46:43366] returns group-A0B8CE65BE26:java.util.concurrent.CompletableFuture@181ee676[Not completed]
2019-10-25 02:22:59,941 [grpc-default-executor-1] INFO  impl.RaftServerProxy (RaftServerProxy.java:addNew(89)) - c287e0c1-5401-4ab1-85ea-f9321adc6aaf: addNew group-A0B8CE65BE26:[c287e0c1-5401-4ab1-85ea-f9321adc6aaf:192.168.34.46:43708, b706312b-118f-4972-9c71-4cc867b58d89:192.168.34.46:44531, 25203751-88e7-46c0-b9ea-976de1ff2c7c:192.168.34.46:43366] returns group-A0B8CE65BE26:java.util.concurrent.CompletableFuture@7beb2520[Not completed]
2019-10-25 02:22:59,943 [pool-59-thread-1] INFO  impl.RaftServerImpl (RaftServerImpl.java:<init>(98)) - 25203751-88e7-46c0-b9ea-976de1ff2c7c: new RaftServerImpl for group-A0B8CE65BE26:[c287e0c1-5401-4ab1-85ea-f9321adc6aaf:192.168.34.46:43708, b706312b-118f-4972-9c71-4cc867b58d89:192.168.34.46:44531, 25203751-88e7-46c0-b9ea-976de1ff2c7c:192.168.34.46:43366] with ContainerStateMachine:uninitialized
2019-10-25 02:22:59,943 [pool-59-thread-1] INFO  server.RaftServerConfigKeys (ConfUtils.java:logGet(43)) - raft.server.rpc.timeout.min = 5s (custom)
2019-10-25 02:22:59,943 [pool-59-thread-1] INFO  server.RaftServerConfigKeys (ConfUtils.java:logGet(43)) - raft.server.rpc.timeout.max = 5200ms (custom)
2019-10-25 02:22:59,943 [pool-59-thread-1] INFO  server.RaftServerConfigKeys (ConfUtils.java:logGet(43)) - raft.server.rpcslowness.timeout = 1000s (custom)
2019-10-25 02:22:59,943 [pool-59-thread-1] INFO  server.RaftServerConfigKeys (ConfUtils.java:logGet(43)) - raft.server.sleep.deviation.threshold = 300 (default)
2019-10-25 02:22:59,943 [pool-59-thread-1] INFO  server.RaftServerConfigKeys (ConfUtils.java:logGet(43)) - raft.server.log.appender.install.snapshot.enabled = false (custom)
2019-10-25 02:22:59,944 [pool-59-thread-1] INFO  impl.RaftServerImpl (ServerState.java:<init>(103)) - 25203751-88e7-46c0-b9ea-976de1ff2c7c@group-A0B8CE65BE26: ConfigurationManager, init=-1: [c287e0c1-5401-4ab1-85ea-f9321adc6aaf:192.168.34.46:43708, b706312b-118f-4972-9c71-4cc867b58d89:192.168.34.46:44531, 25203751-88e7-46c0-b9ea-976de1ff2c7c:192.168.34.46:43366], old=null, confs=<EMPTY_MAP>
2019-10-25 02:22:59,944 [pool-37-thread-1] INFO  impl.RaftServerImpl (RaftServerImpl.java:<init>(98)) - c287e0c1-5401-4ab1-85ea-f9321adc6aaf: new RaftServerImpl for group-A0B8CE65BE26:[c287e0c1-5401-4ab1-85ea-f9321adc6aaf:192.168.34.46:43708, b706312b-118f-4972-9c71-4cc867b58d89:192.168.34.46:44531, 25203751-88e7-46c0-b9ea-976de1ff2c7c:192.168.34.46:43366] with ContainerStateMachine:uninitialized
2019-10-25 02:22:59,944 [pool-59-thread-1] INFO  server.RaftServerConfigKeys (ConfUtils.java:logGet(43)) - raft.server.storage.dir = [/workdir/hadoop-ozone/integration-test/target/test-dir/MiniOzoneClusterImpl-44a4a489-765f-4971-8cd5-3df5cbc9600d/datanode-2/data/ratis] (custom)
2019-10-25 02:22:59,944 [pool-37-thread-1] INFO  server.RaftServerConfigKeys (ConfUtils.java:logGet(43)) - raft.server.rpc.timeout.min = 5s (custom)
2019-10-25 02:22:59,944 [pool-37-thread-1] INFO  server.RaftServerConfigKeys (ConfUtils.java:logGet(43)) - raft.server.rpc.timeout.max = 5200ms (custom)
2019-10-25 02:22:59,944 [pool-59-thread-1] INFO  server.RaftServerConfigKeys (ConfUtils.java:logGet(43)) - raft.server.log.corruption.policy = EXCEPTION (default)
2019-10-25 02:22:59,944 [pool-37-thread-1] INFO  server.RaftServerConfigKeys (ConfUtils.java:logGet(43)) - raft.server.rpcslowness.timeout = 1000s (custom)
2019-10-25 02:22:59,944 [pool-59-thread-1] INFO  storage.RaftStorageDirectory (RaftStorageDirectory.java:analyzeStorage(246)) - The storage directory /workdir/hadoop-ozone/integration-test/target/test-dir/MiniOzoneClusterImpl-44a4a489-765f-4971-8cd5-3df5cbc9600d/datanode-2/data/ratis/0aaa7e74-d838-43e9-86f5-a0b8ce65be26 does not exist. Creating ...
2019-10-25 02:22:59,944 [pool-27-thread-1] INFO  impl.RaftServerImpl (RaftServerImpl.java:<init>(98)) - b706312b-118f-4972-9c71-4cc867b58d89: new RaftServerImpl for group-A0B8CE65BE26:[c287e0c1-5401-4ab1-85ea-f9321adc6aaf:192.168.34.46:43708, b706312b-118f-4972-9c71-4cc867b58d89:192.168.34.46:44531, 25203751-88e7-46c0-b9ea-976de1ff2c7c:192.168.34.46:43366] with ContainerStateMachine:uninitialized
2019-10-25 02:22:59,944 [pool-37-thread-1] INFO  server.RaftServerConfigKeys (ConfUtils.java:logGet(43)) - raft.server.sleep.deviation.threshold = 300 (default)
2019-10-25 02:22:59,945 [pool-27-thread-1] INFO  server.RaftServerConfigKeys (ConfUtils.java:logGet(43)) - raft.server.rpc.timeout.min = 5s (custom)
2019-10-25 02:22:59,945 [pool-37-thread-1] INFO  server.RaftServerConfigKeys (ConfUtils.java:logGet(43)) - raft.server.log.appender.install.snapshot.enabled = false (custom)
2019-10-25 02:22:59,945 [pool-27-thread-1] INFO  server.RaftServerConfigKeys (ConfUtils.java:logGet(43)) - raft.server.rpc.timeout.max = 5200ms (custom)
2019-10-25 02:22:59,945 [pool-37-thread-1] INFO  impl.RaftServerImpl (ServerState.java:<init>(103)) - c287e0c1-5401-4ab1-85ea-f9321adc6aaf@group-A0B8CE65BE26: ConfigurationManager, init=-1: [c287e0c1-5401-4ab1-85ea-f9321adc6aaf:192.168.34.46:43708, b706312b-118f-4972-9c71-4cc867b58d89:192.168.34.46:44531, 25203751-88e7-46c0-b9ea-976de1ff2c7c:192.168.34.46:43366], old=null, confs=<EMPTY_MAP>
2019-10-25 02:22:59,945 [pool-27-thread-1] INFO  server.RaftServerConfigKeys (ConfUtils.java:logGet(43)) - raft.server.rpcslowness.timeout = 1000s (custom)
2019-10-25 02:22:59,945 [pool-37-thread-1] INFO  server.RaftServerConfigKeys (ConfUtils.java:logGet(43)) - raft.server.storage.dir = [/workdir/hadoop-ozone/integration-test/target/test-dir/MiniOzoneClusterImpl-44a4a489-765f-4971-8cd5-3df5cbc9600d/datanode-1/data/ratis] (custom)
2019-10-25 02:22:59,945 [pool-27-thread-1] INFO  server.RaftServerConfigKeys (ConfUtils.java:logGet(43)) - raft.server.sleep.deviation.threshold = 300 (default)
2019-10-25 02:22:59,945 [pool-27-thread-1] INFO  server.RaftServerConfigKeys (ConfUtils.java:logGet(43)) - raft.server.log.appender.install.snapshot.enabled = false (custom)
2019-10-25 02:22:59,945 [pool-37-thread-1] INFO  server.RaftServerConfigKeys (ConfUtils.java:logGet(43)) - raft.server.log.corruption.policy = EXCEPTION (default)
2019-10-25 02:22:59,945 [pool-27-thread-1] INFO  impl.RaftServerImpl (ServerState.java:<init>(103)) - b706312b-118f-4972-9c71-4cc867b58d89@group-A0B8CE65BE26: ConfigurationManager, init=-1: [c287e0c1-5401-4ab1-85ea-f9321adc6aaf:192.168.34.46:43708, b706312b-118f-4972-9c71-4cc867b58d89:192.168.34.46:44531, 25203751-88e7-46c0-b9ea-976de1ff2c7c:192.168.34.46:43366], old=null, confs=<EMPTY_MAP>
2019-10-25 02:22:59,946 [pool-37-thread-1] INFO  storage.RaftStorageDirectory (RaftStorageDirectory.java:analyzeStorage(246)) - The storage directory /workdir/hadoop-ozone/integration-test/target/test-dir/MiniOzoneClusterImpl-44a4a489-765f-4971-8cd5-3df5cbc9600d/datanode-1/data/ratis/0aaa7e74-d838-43e9-86f5-a0b8ce65be26 does not exist. Creating ...
2019-10-25 02:22:59,946 [pool-27-thread-1] INFO  server.RaftServerConfigKeys (ConfUtils.java:logGet(43)) - raft.server.storage.dir = [/workdir/hadoop-ozone/integration-test/target/test-dir/MiniOzoneClusterImpl-44a4a489-765f-4971-8cd5-3df5cbc9600d/datanode-0/data/ratis] (custom)
2019-10-25 02:22:59,946 [pool-27-thread-1] INFO  server.RaftServerConfigKeys (ConfUtils.java:logGet(43)) - raft.server.log.corruption.policy = EXCEPTION (default)
2019-10-25 02:22:59,946 [pool-27-thread-1] INFO  storage.RaftStorageDirectory (RaftStorageDirectory.java:analyzeStorage(246)) - The storage directory /workdir/hadoop-ozone/integration-test/target/test-dir/MiniOzoneClusterImpl-44a4a489-765f-4971-8cd5-3df5cbc9600d/datanode-0/data/ratis/0aaa7e74-d838-43e9-86f5-a0b8ce65be26 does not exist. Creating ...
2019-10-25 02:22:59,958 [pool-37-thread-1] INFO  storage.RaftStorageDirectory (RaftStorageDirectory.java:tryLock(328)) - Lock on /workdir/hadoop-ozone/integration-test/target/test-dir/MiniOzoneClusterImpl-44a4a489-765f-4971-8cd5-3df5cbc9600d/datanode-1/data/ratis/0aaa7e74-d838-43e9-86f5-a0b8ce65be26/in_use.lock acquired by nodename 30707@pr-hdds-2344-k2wqm-1432304908
2019-10-25 02:22:59,958 [pool-27-thread-1] INFO  storage.RaftStorageDirectory (RaftStorageDirectory.java:tryLock(328)) - Lock on /workdir/hadoop-ozone/integration-test/target/test-dir/MiniOzoneClusterImpl-44a4a489-765f-4971-8cd5-3df5cbc9600d/datanode-0/data/ratis/0aaa7e74-d838-43e9-86f5-a0b8ce65be26/in_use.lock acquired by nodename 30707@pr-hdds-2344-k2wqm-1432304908
2019-10-25 02:22:59,958 [pool-59-thread-1] INFO  storage.RaftStorageDirectory (RaftStorageDirectory.java:tryLock(328)) - Lock on /workdir/hadoop-ozone/integration-test/target/test-dir/MiniOzoneClusterImpl-44a4a489-765f-4971-8cd5-3df5cbc9600d/datanode-2/data/ratis/0aaa7e74-d838-43e9-86f5-a0b8ce65be26/in_use.lock acquired by nodename 30707@pr-hdds-2344-k2wqm-1432304908
2019-10-25 02:22:59,971 [pool-37-thread-1] INFO  storage.RaftStorage (RaftStorage.java:format(84)) - Storage directory /workdir/hadoop-ozone/integration-test/target/test-dir/MiniOzoneClusterImpl-44a4a489-765f-4971-8cd5-3df5cbc9600d/datanode-1/data/ratis/0aaa7e74-d838-43e9-86f5-a0b8ce65be26 has been successfully formatted.
2019-10-25 02:22:59,971 [pool-27-thread-1] INFO  storage.RaftStorage (RaftStorage.java:format(84)) - Storage directory /workdir/hadoop-ozone/integration-test/target/test-dir/MiniOzoneClusterImpl-44a4a489-765f-4971-8cd5-3df5cbc9600d/datanode-0/data/ratis/0aaa7e74-d838-43e9-86f5-a0b8ce65be26 has been successfully formatted.
2019-10-25 02:22:59,971 [pool-59-thread-1] INFO  storage.RaftStorage (RaftStorage.java:format(84)) - Storage directory /workdir/hadoop-ozone/integration-test/target/test-dir/MiniOzoneClusterImpl-44a4a489-765f-4971-8cd5-3df5cbc9600d/datanode-2/data/ratis/0aaa7e74-d838-43e9-86f5-a0b8ce65be26 has been successfully formatted.
2019-10-25 02:22:59,972 [pool-37-thread-1] INFO  ratis.ContainerStateMachine (ContainerStateMachine.java:loadSnapshot(231)) - group-A0B8CE65BE26: The snapshot info is null. Setting the last applied indexto:(t:0, i:~)
2019-10-25 02:22:59,972 [pool-59-thread-1] INFO  ratis.ContainerStateMachine (ContainerStateMachine.java:loadSnapshot(231)) - group-A0B8CE65BE26: The snapshot info is null. Setting the last applied indexto:(t:0, i:~)
2019-10-25 02:22:59,972 [pool-27-thread-1] INFO  ratis.ContainerStateMachine (ContainerStateMachine.java:loadSnapshot(231)) - group-A0B8CE65BE26: The snapshot info is null. Setting the last applied indexto:(t:0, i:~)
2019-10-25 02:22:59,972 [pool-59-thread-1] INFO  server.RaftServerConfigKeys (ConfUtils.java:logGet(43)) - raft.server.notification.no-leader.timeout = 1000s (custom)
2019-10-25 02:22:59,972 [pool-37-thread-1] INFO  server.RaftServerConfigKeys (ConfUtils.java:logGet(43)) - raft.server.notification.no-leader.timeout = 1000s (custom)
2019-10-25 02:22:59,972 [pool-59-thread-1] INFO  server.RaftServerConfigKeys (ConfUtils.java:logGet(43)) - raft.server.log.use.memory = false (default)
2019-10-25 02:22:59,972 [pool-27-thread-1] INFO  server.RaftServerConfigKeys (ConfUtils.java:logGet(43)) - raft.server.notification.no-leader.timeout = 1000s (custom)
2019-10-25 02:22:59,972 [pool-59-thread-1] INFO  server.RaftServerConfigKeys (ConfUtils.java:logGet(43)) - raft.server.log.purge.gap = 1000000 (custom)
2019-10-25 02:22:59,972 [pool-37-thread-1] INFO  server.RaftServerConfigKeys (ConfUtils.java:logGet(43)) - raft.server.log.use.memory = false (default)
2019-10-25 02:22:59,973 [pool-59-thread-1] INFO  server.RaftServerConfigKeys (ConfUtils.java:logGet(43)) - raft.server.log.appender.buffer.byte-limit = 33554432 (custom)
2019-10-25 02:22:59,972 [pool-27-thread-1] INFO  server.RaftServerConfigKeys (ConfUtils.java:logGet(43)) - raft.server.log.use.memory = false (default)
2019-10-25 02:22:59,973 [pool-59-thread-1] INFO  server.RaftServerConfigKeys (ConfUtils.java:logGet(43)) - raft.server.log.segment.size.max = 1048576 (custom)
2019-10-25 02:22:59,973 [pool-37-thread-1] INFO  server.RaftServerConfigKeys (ConfUtils.java:logGet(43)) - raft.server.log.purge.gap = 1000000 (custom)
2019-10-25 02:22:59,973 [pool-59-thread-1] INFO  server.RaftServerConfigKeys (ConfUtils.java:logGet(43)) - raft.server.log.segment.cache.num.max = 2 (custom)
2019-10-25 02:22:59,973 [pool-27-thread-1] INFO  server.RaftServerConfigKeys (ConfUtils.java:logGet(43)) - raft.server.log.purge.gap = 1000000 (custom)
2019-10-25 02:22:59,973 [pool-59-thread-1] INFO  segmented.SegmentedRaftLogWorker (SegmentedRaftLogWorker.java:<init>(173)) - new 25203751-88e7-46c0-b9ea-976de1ff2c7c@group-A0B8CE65BE26-SegmentedRaftLogWorker for RaftStorage:Storage Directory /workdir/hadoop-ozone/integration-test/target/test-dir/MiniOzoneClusterImpl-44a4a489-765f-4971-8cd5-3df5cbc9600d/datanode-2/data/ratis/0aaa7e74-d838-43e9-86f5-a0b8ce65be26
2019-10-25 02:22:59,973 [pool-37-thread-1] INFO  server.RaftServerConfigKeys (ConfUtils.java:logGet(43)) - raft.server.log.appender.buffer.byte-limit = 33554432 (custom)
2019-10-25 02:22:59,973 [pool-59-thread-1] INFO  server.RaftServerConfigKeys (ConfUtils.java:logGet(43)) - raft.server.log.queue.byte-limit = 2147483647 (custom)
2019-10-25 02:22:59,973 [pool-27-thread-1] INFO  server.RaftServerConfigKeys (ConfUtils.java:logGet(43)) - raft.server.log.appender.buffer.byte-limit = 33554432 (custom)
2019-10-25 02:22:59,973 [pool-59-thread-1] INFO  server.RaftServerConfigKeys (ConfUtils.java:logGet(43)) - raft.server.log.queue.element-limit = 1024 (custom)
2019-10-25 02:22:59,973 [pool-37-thread-1] INFO  server.RaftServerConfigKeys (ConfUtils.java:logGet(43)) - raft.server.log.segment.size.max = 1048576 (custom)
2019-10-25 02:22:59,974 [pool-59-thread-1] INFO  server.RaftServerConfigKeys (ConfUtils.java:logGet(43)) - raft.server.log.segment.size.max = 1048576 (custom)
2019-10-25 02:22:59,974 [pool-27-thread-1] INFO  server.RaftServerConfigKeys (ConfUtils.java:logGet(43)) - raft.server.log.segment.size.max = 1048576 (custom)
2019-10-25 02:22:59,974 [pool-59-thread-1] INFO  server.RaftServerConfigKeys (ConfUtils.java:logGet(43)) - raft.server.log.preallocated.size = 16384 (custom)
2019-10-25 02:22:59,974 [pool-37-thread-1] INFO  server.RaftServerConfigKeys (ConfUtils.java:logGet(43)) - raft.server.log.segment.cache.num.max = 2 (custom)
2019-10-25 02:22:59,974 [pool-59-thread-1] INFO  server.RaftServerConfigKeys (ConfUtils.java:logGet(43)) - raft.server.log.write.buffer.size = 33554432 (custom)
2019-10-25 02:22:59,974 [pool-27-thread-1] INFO  server.RaftServerConfigKeys (ConfUtils.java:logGet(43)) - raft.server.log.segment.cache.num.max = 2 (custom)
2019-10-25 02:22:59,974 [pool-59-thread-1] INFO  server.RaftServerConfigKeys (ConfUtils.java:logGet(43)) - raft.server.log.force.sync.num = 128 (default)
2019-10-25 02:22:59,974 [pool-37-thread-1] INFO  segmented.SegmentedRaftLogWorker (SegmentedRaftLogWorker.java:<init>(173)) - new c287e0c1-5401-4ab1-85ea-f9321adc6aaf@group-A0B8CE65BE26-SegmentedRaftLogWorker for RaftStorage:Storage Directory /workdir/hadoop-ozone/integration-test/target/test-dir/MiniOzoneClusterImpl-44a4a489-765f-4971-8cd5-3df5cbc9600d/datanode-1/data/ratis/0aaa7e74-d838-43e9-86f5-a0b8ce65be26
2019-10-25 02:22:59,974 [pool-59-thread-1] INFO  server.RaftServerConfigKeys (ConfUtils.java:logGet(43)) - raft.server.log.statemachine.data.sync = true (default)
2019-10-25 02:22:59,974 [pool-27-thread-1] INFO  segmented.SegmentedRaftLogWorker (SegmentedRaftLogWorker.java:<init>(173)) - new b706312b-118f-4972-9c71-4cc867b58d89@group-A0B8CE65BE26-SegmentedRaftLogWorker for RaftStorage:Storage Directory /workdir/hadoop-ozone/integration-test/target/test-dir/MiniOzoneClusterImpl-44a4a489-765f-4971-8cd5-3df5cbc9600d/datanode-0/data/ratis/0aaa7e74-d838-43e9-86f5-a0b8ce65be26
2019-10-25 02:22:59,975 [pool-59-thread-1] INFO  server.RaftServerConfigKeys (ConfUtils.java:logGet(43)) - raft.server.log.statemachine.data.sync.timeout = 10s (default)
2019-10-25 02:22:59,974 [pool-37-thread-1] INFO  server.RaftServerConfigKeys (ConfUtils.java:logGet(43)) - raft.server.log.queue.byte-limit = 2147483647 (custom)
2019-10-25 02:22:59,975 [pool-59-thread-1] INFO  server.RaftServerConfigKeys (ConfUtils.java:logGet(43)) - raft.server.log.statemachine.data.sync.timeout.retry = -1 (default)
2019-10-25 02:22:59,975 [pool-27-thread-1] INFO  server.RaftServerConfigKeys (ConfUtils.java:logGet(43)) - raft.server.log.queue.byte-limit = 2147483647 (custom)
2019-10-25 02:22:59,975 [pool-59-thread-1] INFO  server.RaftServerConfigKeys (ConfUtils.java:logGet(43)) - raft.server.log.statemachine.data.caching.enabled = true (custom)
2019-10-25 02:22:59,975 [pool-37-thread-1] INFO  server.RaftServerConfigKeys (ConfUtils.java:logGet(43)) - raft.server.log.queue.element-limit = 1024 (custom)
2019-10-25 02:22:59,975 [pool-27-thread-1] INFO  server.RaftServerConfigKeys (ConfUtils.java:logGet(43)) - raft.server.log.queue.element-limit = 1024 (custom)
2019-10-25 02:22:59,975 [pool-59-thread-1] INFO  segmented.SegmentedRaftLogWorker (SegmentedRaftLogWorker.java:lambda$new$0(128)) - 25203751-88e7-46c0-b9ea-976de1ff2c7c@group-A0B8CE65BE26-SegmentedRaftLogWorker: flushIndex: setUnconditionally 0 -> -1
2019-10-25 02:22:59,975 [pool-37-thread-1] INFO  server.RaftServerConfigKeys (ConfUtils.java:logGet(43)) - raft.server.log.segment.size.max = 1048576 (custom)
2019-10-25 02:22:59,975 [pool-27-thread-1] INFO  server.RaftServerConfigKeys (ConfUtils.java:logGet(43)) - raft.server.log.segment.size.max = 1048576 (custom)
2019-10-25 02:22:59,975 [pool-37-thread-1] INFO  server.RaftServerConfigKeys (ConfUtils.java:logGet(43)) - raft.server.log.preallocated.size = 16384 (custom)
2019-10-25 02:22:59,976 [pool-27-thread-1] INFO  server.RaftServerConfigKeys (ConfUtils.java:logGet(43)) - raft.server.log.preallocated.size = 16384 (custom)
2019-10-25 02:22:59,976 [pool-59-thread-1] INFO  server.RaftServerConfigKeys (ConfUtils.java:logGet(43)) - raft.server.snapshot.auto.trigger.enabled = true (custom)
2019-10-25 02:22:59,976 [pool-27-thread-1] INFO  server.RaftServerConfigKeys (ConfUtils.java:logGet(43)) - raft.server.log.write.buffer.size = 33554432 (custom)
2019-10-25 02:22:59,976 [pool-37-thread-1] INFO  server.RaftServerConfigKeys (ConfUtils.java:logGet(43)) - raft.server.log.write.buffer.size = 33554432 (custom)
2019-10-25 02:22:59,976 [pool-27-thread-1] INFO  server.RaftServerConfigKeys (ConfUtils.java:logGet(43)) - raft.server.log.force.sync.num = 128 (default)
2019-10-25 02:22:59,976 [pool-59-thread-1] INFO  server.RaftServerConfigKeys (ConfUtils.java:logGet(43)) - raft.server.snapshot.auto.trigger.threshold = 10000 (custom)
2019-10-25 02:22:59,976 [pool-27-thread-1] INFO  server.RaftServerConfigKeys (ConfUtils.java:logGet(43)) - raft.server.log.statemachine.data.sync = true (default)
2019-10-25 02:22:59,976 [pool-37-thread-1] INFO  server.RaftServerConfigKeys (ConfUtils.java:logGet(43)) - raft.server.log.force.sync.num = 128 (default)
2019-10-25 02:22:59,976 [pool-27-thread-1] INFO  server.RaftServerConfigKeys (ConfUtils.java:logGet(43)) - raft.server.log.statemachine.data.sync.timeout = 10s (default)
2019-10-25 02:22:59,976 [pool-59-thread-1] INFO  server.RaftServerConfigKeys (ConfUtils.java:logGet(43)) - raft.server.snapshot.retention.file.num = 5 (custom)
2019-10-25 02:22:59,976 [pool-27-thread-1] INFO  server.RaftServerConfigKeys (ConfUtils.java:logGet(43)) - raft.server.log.statemachine.data.sync.timeout.retry = -1 (default)
2019-10-25 02:22:59,976 [pool-37-thread-1] INFO  server.RaftServerConfigKeys (ConfUtils.java:logGet(43)) - raft.server.log.statemachine.data.sync = true (default)
2019-10-25 02:22:59,977 [pool-27-thread-1] INFO  server.RaftServerConfigKeys (ConfUtils.java:logGet(43)) - raft.server.log.statemachine.data.caching.enabled = true (custom)
2019-10-25 02:22:59,977 [pool-59-thread-1] INFO  server.RaftServerConfigKeys (ConfUtils.java:logGet(43)) - raft.server.retrycache.expirytime = 600000ms (custom)
2019-10-25 02:22:59,977 [pool-37-thread-1] INFO  server.RaftServerConfigKeys (ConfUtils.java:logGet(43)) - raft.server.log.statemachine.data.sync.timeout = 10s (default)
2019-10-25 02:22:59,977 [pool-59-thread-1] WARN  impl.MetricRegistriesImpl (MetricRegistriesImpl.java:lambda$create$1(61)) - First MetricRegistry has been created without registering reporters. You may need to call MetricRegistries.global().addReportRegistration(...) before.
2019-10-25 02:22:59,977 [pool-27-thread-1] INFO  segmented.SegmentedRaftLogWorker (SegmentedRaftLogWorker.java:lambda$new$0(128)) - b706312b-118f-4972-9c71-4cc867b58d89@group-A0B8CE65BE26-SegmentedRaftLogWorker: flushIndex: setUnconditionally 0 -> -1
2019-10-25 02:22:59,977 [pool-59-thread-1] WARN  impl.MetricRegistriesImpl (MetricRegistriesImpl.java:lambda$create$1(61)) - First MetricRegistry has been created without registering reporters. You may need to call MetricRegistries.global().addReportRegistration(...) before.
2019-10-25 02:22:59,977 [pool-37-thread-1] INFO  server.RaftServerConfigKeys (ConfUtils.java:logGet(43)) - raft.server.log.statemachine.data.sync.timeout.retry = -1 (default)
2019-10-25 02:22:59,977 [pool-27-thread-1] INFO  server.RaftServerConfigKeys (ConfUtils.java:logGet(43)) - raft.server.snapshot.auto.trigger.enabled = true (custom)
2019-10-25 02:22:59,978 [pool-37-thread-1] INFO  server.RaftServerConfigKeys (ConfUtils.java:logGet(43)) - raft.server.log.statemachine.data.caching.enabled = true (custom)
2019-10-25 02:22:59,977 [pool-59-thread-1] INFO  impl.RaftServerImpl (RaftServerImpl.java:start(184)) - 25203751-88e7-46c0-b9ea-976de1ff2c7c@group-A0B8CE65BE26: start as a follower, conf=-1: [c287e0c1-5401-4ab1-85ea-f9321adc6aaf:192.168.34.46:43708, b706312b-118f-4972-9c71-4cc867b58d89:192.168.34.46:44531, 25203751-88e7-46c0-b9ea-976de1ff2c7c:192.168.34.46:43366], old=null
2019-10-25 02:22:59,978 [pool-27-thread-1] INFO  server.RaftServerConfigKeys (ConfUtils.java:logGet(43)) - raft.server.snapshot.auto.trigger.threshold = 10000 (custom)
2019-10-25 02:22:59,978 [pool-37-thread-1] INFO  segmented.SegmentedRaftLogWorker (SegmentedRaftLogWorker.java:lambda$new$0(128)) - c287e0c1-5401-4ab1-85ea-f9321adc6aaf@group-A0B8CE65BE26-SegmentedRaftLogWorker: flushIndex: setUnconditionally 0 -> -1
2019-10-25 02:22:59,978 [pool-59-thread-1] INFO  impl.RaftServerImpl (RaftServerImpl.java:setRole(173)) - 25203751-88e7-46c0-b9ea-976de1ff2c7c@group-A0B8CE65BE26: changes role from      null to FOLLOWER at term 0 for startAsFollower
2019-10-25 02:22:59,978 [pool-27-thread-1] INFO  server.RaftServerConfigKeys (ConfUtils.java:logGet(43)) - raft.server.snapshot.retention.file.num = 5 (custom)
2019-10-25 02:22:59,978 [pool-59-thread-1] INFO  impl.RoleInfo (RoleInfo.java:updateAndGet(143)) - 25203751-88e7-46c0-b9ea-976de1ff2c7c: start FollowerState
2019-10-25 02:22:59,978 [pool-27-thread-1] INFO  server.RaftServerConfigKeys (ConfUtils.java:logGet(43)) - raft.server.retrycache.expirytime = 600000ms (custom)
2019-10-25 02:22:59,978 [pool-37-thread-1] INFO  server.RaftServerConfigKeys (ConfUtils.java:logGet(43)) - raft.server.snapshot.auto.trigger.enabled = true (custom)
2019-10-25 02:22:59,978 [pool-27-thread-1] WARN  impl.MetricRegistriesImpl (MetricRegistriesImpl.java:lambda$create$1(61)) - First MetricRegistry has been created without registering reporters. You may need to call MetricRegistries.global().addReportRegistration(...) before.
2019-10-25 02:22:59,979 [pool-37-thread-1] INFO  server.RaftServerConfigKeys (ConfUtils.java:logGet(43)) - raft.server.snapshot.auto.trigger.threshold = 10000 (custom)
2019-10-25 02:22:59,979 [pool-59-thread-1] INFO  util.JmxRegister (JmxRegister.java:tryRegister(44)) - Successfully registered JMX Bean with object name Ratis:service=RaftServer,group=group-A0B8CE65BE26,id=25203751-88e7-46c0-b9ea-976de1ff2c7c
2019-10-25 02:22:59,979 [pool-37-thread-1] INFO  server.RaftServerConfigKeys (ConfUtils.java:logGet(43)) - raft.server.snapshot.retention.file.num = 5 (custom)
2019-10-25 02:22:59,979 [pool-27-thread-1] WARN  impl.MetricRegistriesImpl (MetricRegistriesImpl.java:lambda$create$1(61)) - First MetricRegistry has been created without registering reporters. You may need to call MetricRegistries.global().addReportRegistration(...) before.
2019-10-25 02:22:59,979 [pool-37-thread-1] INFO  server.RaftServerConfigKeys (ConfUtils.java:logGet(43)) - raft.server.retrycache.expirytime = 600000ms (custom)
2019-10-25 02:22:59,979 [pool-27-thread-1] INFO  impl.RaftServerImpl (RaftServerImpl.java:start(184)) - b706312b-118f-4972-9c71-4cc867b58d89@group-A0B8CE65BE26: start as a follower, conf=-1: [c287e0c1-5401-4ab1-85ea-f9321adc6aaf:192.168.34.46:43708, b706312b-118f-4972-9c71-4cc867b58d89:192.168.34.46:44531, 25203751-88e7-46c0-b9ea-976de1ff2c7c:192.168.34.46:43366], old=null
2019-10-25 02:22:59,979 [pool-59-thread-1] WARN  impl.MetricRegistriesImpl (MetricRegistriesImpl.java:lambda$create$1(61)) - First MetricRegistry has been created without registering reporters. You may need to call MetricRegistries.global().addReportRegistration(...) before.
2019-10-25 02:22:59,979 [pool-27-thread-1] INFO  impl.RaftServerImpl (RaftServerImpl.java:setRole(173)) - b706312b-118f-4972-9c71-4cc867b58d89@group-A0B8CE65BE26: changes role from      null to FOLLOWER at term 0 for startAsFollower
2019-10-25 02:22:59,979 [pool-37-thread-1] WARN  impl.MetricRegistriesImpl (MetricRegistriesImpl.java:lambda$create$1(61)) - First MetricRegistry has been created without registering reporters. You may need to call MetricRegistries.global().addReportRegistration(...) before.
2019-10-25 02:22:59,979 [pool-27-thread-1] INFO  impl.RoleInfo (RoleInfo.java:updateAndGet(143)) - b706312b-118f-4972-9c71-4cc867b58d89: start FollowerState
2019-10-25 02:22:59,979 [pool-37-thread-1] WARN  impl.MetricRegistriesImpl (MetricRegistriesImpl.java:lambda$create$1(61)) - First MetricRegistry has been created without registering reporters. You may need to call MetricRegistries.global().addReportRegistration(...) before.
2019-10-25 02:22:59,980 [pool-37-thread-1] INFO  impl.RaftServerImpl (RaftServerImpl.java:start(184)) - c287e0c1-5401-4ab1-85ea-f9321adc6aaf@group-A0B8CE65BE26: start as a follower, conf=-1: [c287e0c1-5401-4ab1-85ea-f9321adc6aaf:192.168.34.46:43708, b706312b-118f-4972-9c71-4cc867b58d89:192.168.34.46:44531, 25203751-88e7-46c0-b9ea-976de1ff2c7c:192.168.34.46:43366], old=null
2019-10-25 02:22:59,980 [pool-37-thread-1] INFO  impl.RaftServerImpl (RaftServerImpl.java:setRole(173)) - c287e0c1-5401-4ab1-85ea-f9321adc6aaf@group-A0B8CE65BE26: changes role from      null to FOLLOWER at term 0 for startAsFollower
2019-10-25 02:22:59,980 [pool-27-thread-1] INFO  util.JmxRegister (JmxRegister.java:tryRegister(44)) - Successfully registered JMX Bean with object name Ratis:service=RaftServer,group=group-A0B8CE65BE26,id=b706312b-118f-4972-9c71-4cc867b58d89
2019-10-25 02:22:59,980 [pool-37-thread-1] INFO  impl.RoleInfo (RoleInfo.java:updateAndGet(143)) - c287e0c1-5401-4ab1-85ea-f9321adc6aaf: start FollowerState
2019-10-25 02:22:59,980 [pool-27-thread-1] WARN  impl.MetricRegistriesImpl (MetricRegistriesImpl.java:lambda$create$1(61)) - First MetricRegistry has been created without registering reporters. You may need to call MetricRegistries.global().addReportRegistration(...) before.
2019-10-25 02:22:59,980 [pool-37-thread-1] INFO  util.JmxRegister (JmxRegister.java:tryRegister(44)) - Successfully registered JMX Bean with object name Ratis:service=RaftServer,group=group-A0B8CE65BE26,id=c287e0c1-5401-4ab1-85ea-f9321adc6aaf
2019-10-25 02:22:59,982 [pool-37-thread-1] WARN  impl.MetricRegistriesImpl (MetricRegistriesImpl.java:lambda$create$1(61)) - First MetricRegistry has been created without registering reporters. You may need to call MetricRegistries.global().addReportRegistration(...) before.
2019-10-25 02:22:59,995 [RatisPipelineUtilsThread] INFO  pipeline.PipelineStateManager (PipelineStateManager.java:addPipeline(56)) - Created pipeline Pipeline[ Id: 0aaa7e74-d838-43e9-86f5-a0b8ce65be26, Nodes: 25203751-88e7-46c0-b9ea-976de1ff2c7c{ip: 192.168.34.46, host: pr-hdds-2344-k2wqm-1432304908, networkLocation: /default-rack, certSerialId: null}b706312b-118f-4972-9c71-4cc867b58d89{ip: 192.168.34.46, host: pr-hdds-2344-k2wqm-1432304908, networkLocation: /default-rack, certSerialId: null}c287e0c1-5401-4ab1-85ea-f9321adc6aaf{ip: 192.168.34.46, host: pr-hdds-2344-k2wqm-1432304908, networkLocation: /default-rack, certSerialId: null}, Type:RATIS, Factor:THREE, State:OPEN]
2019-10-25 02:23:00,109 [EventQueue-PendingDeleteStatusForPendingDeleteHandler] INFO  block.SCMBlockDeletingService (SCMBlockDeletingService.java:handlePendingDeletes(115)) - Block deletion txnID mismatch in datanode 25203751-88e7-46c0-b9ea-976de1ff2c7c for containerID 1. Datanode delete txnID: 0, SCM txnID: 1
2019-10-25 02:23:00,410 [EventQueue-PendingDeleteStatusForPendingDeleteHandler] INFO  block.SCMBlockDeletingService (SCMBlockDeletingService.java:handlePendingDeletes(115)) - Block deletion txnID mismatch in datanode 25203751-88e7-46c0-b9ea-976de1ff2c7c for containerID 1. Datanode delete txnID: 0, SCM txnID: 1
2019-10-25 02:23:00,576 [pool-7-thread-5] INFO  commands.RetriableDatanodeEventWatcher (RetriableDatanodeEventWatcher.java:onTimeout(47)) - RetriableDatanodeCommand type=deleteBlocksCommand with id=1571970172572 timed out. Retrying.
2019-10-25 02:23:00,577 [pool-7-thread-2] INFO  commands.RetriableDatanodeEventWatcher (RetriableDatanodeEventWatcher.java:onTimeout(47)) - RetriableDatanodeCommand type=deleteBlocksCommand with id=1571970172575 timed out. Retrying.
2019-10-25 02:23:00,578 [pool-7-thread-3] INFO  commands.RetriableDatanodeEventWatcher (RetriableDatanodeEventWatcher.java:onTimeout(47)) - RetriableDatanodeCommand type=deleteBlocksCommand with id=1571970172573 timed out. Retrying.
2019-10-25 02:23:00,578 [pool-7-thread-1] INFO  commands.RetriableDatanodeEventWatcher (RetriableDatanodeEventWatcher.java:onTimeout(47)) - RetriableDatanodeCommand type=deleteBlocksCommand with id=1571970172567 timed out. Retrying.
2019-10-25 02:23:00,578 [pool-7-thread-4] INFO  commands.RetriableDatanodeEventWatcher (RetriableDatanodeEventWatcher.java:onTimeout(47)) - RetriableDatanodeCommand type=deleteBlocksCommand with id=1571970172576 timed out. Retrying.
2019-10-25 02:23:00,578 [pool-7-thread-6] INFO  commands.RetriableDatanodeEventWatcher (RetriableDatanodeEventWatcher.java:onTimeout(47)) - RetriableDatanodeCommand type=deleteBlocksCommand with id=1571970172570 timed out. Retrying.
2019-10-25 02:23:00,579 [pool-7-thread-1] INFO  commands.RetriableDatanodeEventWatcher (RetriableDatanodeEventWatcher.java:onTimeout(47)) - RetriableDatanodeCommand type=deleteBlocksCommand with id=1571970172574 timed out. Retrying.
2019-10-25 02:23:00,579 [SCMBlockDeletingService#1] INFO  block.SCMBlockDeletingService (SCMBlockDeletingService.java:call(184)) - Totally added 1 delete blocks command for 1 datanodes, task elapsed time: 0ms
2019-10-25 02:23:00,579 [pool-7-thread-4] INFO  commands.RetriableDatanodeEventWatcher (RetriableDatanodeEventWatcher.java:onTimeout(47)) - RetriableDatanodeCommand type=deleteBlocksCommand with id=1571970172577 timed out. Retrying.
2019-10-25 02:23:00,788 [BlockDeletingService#6] WARN  background.BlockDeletingService (BlockDeletingService.java:isDeletionAllowed(187)) - Close Container log Index 6 is not replicated across allthe servers in the pipeline 80d03f1e-dc0e-4300-89d1-db0659ca759e as the min replicated index is 4. Deletion is not allowed in this container yet.
2019-10-25 02:23:00,788 [BlockDeletingService#2] WARN  background.BlockDeletingService (BlockDeletingService.java:isDeletionAllowed(187)) - Close Container log Index 6 is not replicated across allthe servers in the pipeline 80d03f1e-dc0e-4300-89d1-db0659ca759e as the min replicated index is 4. Deletion is not allowed in this container yet.
2019-10-25 02:23:00,810 [EventQueue-PendingDeleteStatusForPendingDeleteHandler] INFO  block.SCMBlockDeletingService (SCMBlockDeletingService.java:handlePendingDeletes(115)) - Block deletion txnID mismatch in datanode 25203751-88e7-46c0-b9ea-976de1ff2c7c for containerID 1. Datanode delete txnID: 0, SCM txnID: 1
2019-10-25 02:23:00,828 [Command processor thread] INFO  commandhandler.DeleteBlocksCommandHandler (DeleteBlocksCommandHandler.java:handle(106)) - Start to delete container blocks, TXIDs=[1(0)], numOfContainers=1, numOfBlocks=1
2019-10-25 02:23:00,828 [Command processor thread] INFO  commandhandler.DeleteBlocksCommandHandler (DeleteBlocksCommandHandler.java:handle(106)) - Start to delete container blocks, TXIDs=[1(2)], numOfContainers=1, numOfBlocks=1
2019-10-25 02:23:00,828 [Command processor thread] INFO  commandhandler.DeleteBlocksCommandHandler (DeleteBlocksCommandHandler.java:handle(106)) - Start to delete container blocks, TXIDs=[1(0)], numOfContainers=1, numOfBlocks=1
2019-10-25 02:23:00,829 [Command processor thread] INFO  commandhandler.DeleteBlocksCommandHandler (DeleteBlocksCommandHandler.java:handle(106)) - Start to delete container blocks, TXIDs=[1(2)], numOfContainers=1, numOfBlocks=1
2019-10-25 02:23:00,829 [Command processor thread] INFO  commandhandler.DeleteBlocksCommandHandler (DeleteBlocksCommandHandler.java:handle(106)) - Start to delete container blocks, TXIDs=[1(4)], numOfContainers=1, numOfBlocks=1
2019-10-25 02:23:00,829 [Command processor thread] INFO  commandhandler.DeleteBlocksCommandHandler (DeleteBlocksCommandHandler.java:handle(106)) - Start to delete container blocks, TXIDs=[1(0)], numOfContainers=1, numOfBlocks=1
2019-10-25 02:23:00,829 [Command processor thread] INFO  commandhandler.DeleteBlocksCommandHandler (DeleteBlocksCommandHandler.java:handle(106)) - Start to delete container blocks, TXIDs=[1(4)], numOfContainers=1, numOfBlocks=1
2019-10-25 02:23:00,830 [Command processor thread] INFO  commandhandler.DeleteBlocksCommandHandler (DeleteBlocksCommandHandler.java:handle(106)) - Start to delete container blocks, TXIDs=[1(2)], numOfContainers=1, numOfBlocks=1
2019-10-25 02:23:00,830 [Command processor thread] INFO  commandhandler.DeleteBlocksCommandHandler (DeleteBlocksCommandHandler.java:handle(106)) - Start to delete container blocks, TXIDs=[1(5)], numOfContainers=1, numOfBlocks=1
2019-10-25 02:23:00,830 [Command processor thread] INFO  commandhandler.DeleteBlocksCommandHandler (DeleteBlocksCommandHandler.java:handle(106)) - Start to delete container blocks, TXIDs=[1(0)], numOfContainers=1, numOfBlocks=1
2019-10-25 02:23:00,830 [Command processor thread] INFO  commandhandler.DeleteBlocksCommandHandler (DeleteBlocksCommandHandler.java:handle(106)) - Start to delete container blocks, TXIDs=[1(4)], numOfContainers=1, numOfBlocks=1
2019-10-25 02:23:00,831 [Command processor thread] INFO  commandhandler.DeleteBlocksCommandHandler (DeleteBlocksCommandHandler.java:handle(106)) - Start to delete container blocks, TXIDs=[1(2)], numOfContainers=1, numOfBlocks=1
2019-10-25 02:23:00,831 [Command processor thread] INFO  commandhandler.DeleteBlocksCommandHandler (DeleteBlocksCommandHandler.java:handle(106)) - Start to delete container blocks, TXIDs=[1(0)], numOfContainers=1, numOfBlocks=1
2019-10-25 02:23:00,831 [Command processor thread] INFO  commandhandler.DeleteBlocksCommandHandler (DeleteBlocksCommandHandler.java:handle(106)) - Start to delete container blocks, TXIDs=[1(5)], numOfContainers=1, numOfBlocks=1
2019-10-25 02:23:00,831 [Command processor thread] INFO  commandhandler.DeleteBlocksCommandHandler (DeleteBlocksCommandHandler.java:handle(106)) - Start to delete container blocks, TXIDs=[1(6)], numOfContainers=1, numOfBlocks=1
2019-10-25 02:23:00,832 [Command processor thread] INFO  commandhandler.DeleteBlocksCommandHandler (DeleteBlocksCommandHandler.java:handle(106)) - Start to delete container blocks, TXIDs=[1(4)], numOfContainers=1, numOfBlocks=1
2019-10-25 02:23:00,832 [Command processor thread] INFO  commandhandler.DeleteBlocksCommandHandler (DeleteBlocksCommandHandler.java:handle(106)) - Start to delete container blocks, TXIDs=[1(2)], numOfContainers=1, numOfBlocks=1
2019-10-25 02:23:00,832 [Command processor thread] INFO  commandhandler.DeleteBlocksCommandHandler (DeleteBlocksCommandHandler.java:handle(106)) - Start to delete container blocks, TXIDs=[1(6)], numOfContainers=1, numOfBlocks=1
2019-10-25 02:23:00,832 [Command processor thread] INFO  commandhandler.DeleteBlocksCommandHandler (DeleteBlocksCommandHandler.java:handle(106)) - Start to delete container blocks, TXIDs=[1(0)], numOfContainers=1, numOfBlocks=1
2019-10-25 02:23:00,833 [Command processor thread] INFO  commandhandler.DeleteBlocksCommandHandler (DeleteBlocksCommandHandler.java:handle(106)) - Start to delete container blocks, TXIDs=[1(7)], numOfContainers=1, numOfBlocks=1
2019-10-25 02:23:00,833 [Command processor thread] INFO  commandhandler.DeleteBlocksCommandHandler (DeleteBlocksCommandHandler.java:handle(106)) - Start to delete container blocks, TXIDs=[1(5)], numOfContainers=1, numOfBlocks=1
2019-10-25 02:23:00,833 [Command processor thread] INFO  commandhandler.DeleteBlocksCommandHandler (DeleteBlocksCommandHandler.java:handle(106)) - Start to delete container blocks, TXIDs=[1(4)], numOfContainers=1, numOfBlocks=1
2019-10-25 02:23:00,833 [Command processor thread] INFO  commandhandler.DeleteBlocksCommandHandler (DeleteBlocksCommandHandler.java:handle(106)) - Start to delete container blocks, TXIDs=[1(0)], numOfContainers=1, numOfBlocks=1
2019-10-25 02:23:00,834 [Command processor thread] INFO  commandhandler.DeleteBlocksCommandHandler (DeleteBlocksCommandHandler.java:handle(106)) - Start to delete container blocks, TXIDs=[1(2)], numOfContainers=1, numOfBlocks=1
2019-10-25 02:23:00,834 [Command processor thread] INFO  commandhandler.DeleteBlocksCommandHandler (DeleteBlocksCommandHandler.java:handle(106)) - Start to delete container blocks, TXIDs=[1(6)], numOfContainers=1, numOfBlocks=1
2019-10-25 02:23:00,834 [Command processor thread] INFO  commandhandler.DeleteBlocksCommandHandler (DeleteBlocksCommandHandler.java:handle(106)) - Start to delete container blocks, TXIDs=[1(5)], numOfContainers=1, numOfBlocks=1
2019-10-25 02:23:00,834 [Command processor thread] INFO  commandhandler.DeleteBlocksCommandHandler (DeleteBlocksCommandHandler.java:handle(106)) - Start to delete container blocks, TXIDs=[1(7)], numOfContainers=1, numOfBlocks=1
2019-10-25 02:23:00,835 [Command processor thread] INFO  commandhandler.DeleteBlocksCommandHandler (DeleteBlocksCommandHandler.java:handle(106)) - Start to delete container blocks, TXIDs=[1(7)], numOfContainers=1, numOfBlocks=1
2019-10-25 02:23:00,835 [Command processor thread] INFO  commandhandler.DeleteBlocksCommandHandler (DeleteBlocksCommandHandler.java:handle(106)) - Start to delete container blocks, TXIDs=[1(4)], numOfContainers=1, numOfBlocks=1
2019-10-25 02:23:00,835 [Command processor thread] INFO  commandhandler.DeleteBlocksCommandHandler (DeleteBlocksCommandHandler.java:handle(106)) - Start to delete container blocks, TXIDs=[1(0)], numOfContainers=1, numOfBlocks=1
2019-10-25 02:23:00,835 [Command processor thread] INFO  commandhandler.DeleteBlocksCommandHandler (DeleteBlocksCommandHandler.java:handle(106)) - Start to delete container blocks, TXIDs=[1(7)], numOfContainers=1, numOfBlocks=1
2019-10-25 02:23:00,836 [Command processor thread] INFO  commandhandler.DeleteBlocksCommandHandler (DeleteBlocksCommandHandler.java:handle(106)) - Start to delete container blocks, TXIDs=[1(5)], numOfContainers=1, numOfBlocks=1
2019-10-25 02:23:00,836 [Command processor thread] INFO  commandhandler.DeleteBlocksCommandHandler (DeleteBlocksCommandHandler.java:handle(106)) - Start to delete container blocks, TXIDs=[1(7)], numOfContainers=1, numOfBlocks=1
2019-10-25 02:23:00,836 [Command processor thread] INFO  commandhandler.DeleteBlocksCommandHandler (DeleteBlocksCommandHandler.java:handle(106)) - Start to delete container blocks, TXIDs=[1(6)], numOfContainers=1, numOfBlocks=1
2019-10-25 02:23:00,836 [Command processor thread] INFO  commandhandler.DeleteBlocksCommandHandler (DeleteBlocksCommandHandler.java:handle(106)) - Start to delete container blocks, TXIDs=[1(7)], numOfContainers=1, numOfBlocks=1
2019-10-25 02:23:00,836 [Command processor thread] INFO  commandhandler.DeleteBlocksCommandHandler (DeleteBlocksCommandHandler.java:handle(106)) - Start to delete container blocks, TXIDs=[1(2)], numOfContainers=1, numOfBlocks=1
2019-10-25 02:23:00,837 [Command processor thread] INFO  commandhandler.DeleteBlocksCommandHandler (DeleteBlocksCommandHandler.java:handle(106)) - Start to delete container blocks, TXIDs=[1(4)], numOfContainers=1, numOfBlocks=1
2019-10-25 02:23:00,837 [Command processor thread] INFO  commandhandler.DeleteBlocksCommandHandler (DeleteBlocksCommandHandler.java:handle(106)) - Start to delete container blocks, TXIDs=[1(7)], numOfContainers=1, numOfBlocks=1
2019-10-25 02:23:00,837 [Command processor thread] INFO  commandhandler.DeleteBlocksCommandHandler (DeleteBlocksCommandHandler.java:handle(106)) - Start to delete container blocks, TXIDs=[1(5)], numOfContainers=1, numOfBlocks=1
2019-10-25 02:23:00,837 [Command processor thread] INFO  commandhandler.DeleteBlocksCommandHandler (DeleteBlocksCommandHandler.java:handle(106)) - Start to delete container blocks, TXIDs=[1(0)], numOfContainers=1, numOfBlocks=1
2019-10-25 02:23:00,838 [Command processor thread] INFO  commandhandler.DeleteBlocksCommandHandler (DeleteBlocksCommandHandler.java:handle(106)) - Start to delete container blocks, TXIDs=[1(7)], numOfContainers=1, numOfBlocks=1
2019-10-25 02:23:00,838 [Command processor thread] INFO  commandhandler.DeleteBlocksCommandHandler (DeleteBlocksCommandHandler.java:handle(106)) - Start to delete container blocks, TXIDs=[1(43)], numOfContainers=1, numOfBlocks=1
2019-10-25 02:23:00,838 [Command processor thread] INFO  commandhandler.DeleteBlocksCommandHandler (DeleteBlocksCommandHandler.java:handle(106)) - Start to delete container blocks, TXIDs=[1(2)], numOfContainers=1, numOfBlocks=1
2019-10-25 02:23:00,838 [Command processor thread] INFO  commandhandler.DeleteBlocksCommandHandler (DeleteBlocksCommandHandler.java:handle(106)) - Start to delete container blocks, TXIDs=[1(6)], numOfContainers=1, numOfBlocks=1
2019-10-25 02:23:00,839 [Command processor thread] INFO  commandhandler.DeleteBlocksCommandHandler (DeleteBlocksCommandHandler.java:handle(106)) - Start to delete container blocks, TXIDs=[1(7)], numOfContainers=1, numOfBlocks=1
2019-10-25 02:23:00,882 [Thread-549] INFO  impl.FollowerState (FollowerState.java:run(111)) - 25203751-88e7-46c0-b9ea-976de1ff2c7c@group-4AA38178ED11-FollowerState: change to CANDIDATE, lastRpcTime:5058ms, electionTimeout:5058ms
2019-10-25 02:23:00,882 [Thread-549] INFO  impl.RoleInfo (RoleInfo.java:shutdownFollowerState(121)) - 25203751-88e7-46c0-b9ea-976de1ff2c7c: shutdown FollowerState
2019-10-25 02:23:00,883 [Thread-549] INFO  impl.RaftServerImpl (RaftServerImpl.java:setRole(173)) - 25203751-88e7-46c0-b9ea-976de1ff2c7c@group-4AA38178ED11: changes role from  FOLLOWER to CANDIDATE at term 1 for changeToCandidate
2019-10-25 02:23:00,883 [Thread-549] INFO  impl.RoleInfo (RoleInfo.java:updateAndGet(143)) - 25203751-88e7-46c0-b9ea-976de1ff2c7c: start LeaderElection
2019-10-25 02:23:00,899 [25203751-88e7-46c0-b9ea-976de1ff2c7c@group-4AA38178ED11-LeaderElection5] INFO  impl.LeaderElection (LeaderElection.java:askForVotes(178)) - 25203751-88e7-46c0-b9ea-976de1ff2c7c@group-4AA38178ED11-LeaderElection5: begin an election at term 2 for 0: [25203751-88e7-46c0-b9ea-976de1ff2c7c:192.168.34.46:43366], old=null
2019-10-25 02:23:00,899 [25203751-88e7-46c0-b9ea-976de1ff2c7c@group-4AA38178ED11-LeaderElection5] INFO  impl.RoleInfo (RoleInfo.java:shutdownLeaderElection(134)) - 25203751-88e7-46c0-b9ea-976de1ff2c7c: shutdown LeaderElection
2019-10-25 02:23:00,899 [25203751-88e7-46c0-b9ea-976de1ff2c7c@group-4AA38178ED11-LeaderElection5] INFO  impl.RaftServerImpl (RaftServerImpl.java:setRole(173)) - 25203751-88e7-46c0-b9ea-976de1ff2c7c@group-4AA38178ED11: changes role from CANDIDATE to LEADER at term 2 for changeToLeader
2019-10-25 02:23:00,899 [25203751-88e7-46c0-b9ea-976de1ff2c7c@group-4AA38178ED11-LeaderElection5] INFO  impl.RaftServerImpl (ServerState.java:setLeader(255)) - 25203751-88e7-46c0-b9ea-976de1ff2c7c@group-4AA38178ED11: change Leader from null to 25203751-88e7-46c0-b9ea-976de1ff2c7c at term 2 for becomeLeader, leader elected after 7078ms
2019-10-25 02:23:00,899 [25203751-88e7-46c0-b9ea-976de1ff2c7c@group-4AA38178ED11-LeaderElection5] INFO  server.RaftServerConfigKeys (ConfUtils.java:logGet(43)) - raft.server.staging.catchup.gap = 1000 (default)
2019-10-25 02:23:00,900 [25203751-88e7-46c0-b9ea-976de1ff2c7c@group-4AA38178ED11-LeaderElection5] INFO  server.RaftServerConfigKeys (ConfUtils.java:logGet(43)) - raft.server.rpc.sleep.time = 25ms (default)
2019-10-25 02:23:00,900 [25203751-88e7-46c0-b9ea-976de1ff2c7c@group-4AA38178ED11-LeaderElection5] INFO  server.RaftServerConfigKeys (ConfUtils.java:logGet(43)) - raft.server.write.element-limit = 4096 (default)
2019-10-25 02:23:00,900 [25203751-88e7-46c0-b9ea-976de1ff2c7c@group-4AA38178ED11-LeaderElection5] INFO  server.RaftServerConfigKeys (ConfUtils.java:logGet(43)) - raft.server.watch.timeout = 10s (default)
2019-10-25 02:23:00,900 [25203751-88e7-46c0-b9ea-976de1ff2c7c@group-4AA38178ED11-LeaderElection5] INFO  server.RaftServerConfigKeys (ConfUtils.java:logGet(43)) - raft.server.watch.timeout.denomination = 1s (default)
2019-10-25 02:23:00,901 [25203751-88e7-46c0-b9ea-976de1ff2c7c@group-4AA38178ED11-LeaderElection5] INFO  server.RaftServerConfigKeys (ConfUtils.java:logGet(43)) - raft.server.watch.element-limit = 65536 (default)
2019-10-25 02:23:00,901 [25203751-88e7-46c0-b9ea-976de1ff2c7c@group-4AA38178ED11-LeaderElection5] INFO  impl.RoleInfo (RoleInfo.java:updateAndGet(143)) - 25203751-88e7-46c0-b9ea-976de1ff2c7c: start LeaderState
2019-10-25 02:23:00,902 [25203751-88e7-46c0-b9ea-976de1ff2c7c@group-4AA38178ED11-LeaderElection5] INFO  segmented.SegmentedRaftLogWorker (SegmentedRaftLogWorker.java:rollLogSegment(390)) - 25203751-88e7-46c0-b9ea-976de1ff2c7c@group-4AA38178ED11-SegmentedRaftLogWorker: Rolling segment log-0_0 to index:0
2019-10-25 02:23:00,906 [25203751-88e7-46c0-b9ea-976de1ff2c7c@group-4AA38178ED11-LeaderElection5] INFO  impl.RaftServerImpl (ServerState.java:setRaftConf(356)) - 25203751-88e7-46c0-b9ea-976de1ff2c7c@group-4AA38178ED11: set configuration 1: [25203751-88e7-46c0-b9ea-976de1ff2c7c:192.168.34.46:43366], old=null at 1
2019-10-25 02:23:00,907 [25203751-88e7-46c0-b9ea-976de1ff2c7c@group-4AA38178ED11-SegmentedRaftLogWorker] INFO  segmented.SegmentedRaftLogWorker (SegmentedRaftLogWorker.java:execute(533)) - 25203751-88e7-46c0-b9ea-976de1ff2c7c@group-4AA38178ED11-SegmentedRaftLogWorker: Rolled log segment from /workdir/hadoop-ozone/integration-test/target/test-dir/MiniOzoneClusterImpl-44a4a489-765f-4971-8cd5-3df5cbc9600d/datanode-2/data/ratis/067d4b52-5434-4ed3-bf1d-4aa38178ed11/current/log_inprogress_0 to /workdir/hadoop-ozone/integration-test/target/test-dir/MiniOzoneClusterImpl-44a4a489-765f-4971-8cd5-3df5cbc9600d/datanode-2/data/ratis/067d4b52-5434-4ed3-bf1d-4aa38178ed11/current/log_0-0
2019-10-25 02:23:00,925 [Thread-550] INFO  impl.FollowerState (FollowerState.java:run(111)) - 25203751-88e7-46c0-b9ea-976de1ff2c7c@group-DB0659CA759E-FollowerState: change to CANDIDATE, lastRpcTime:5101ms, electionTimeout:5100ms
2019-10-25 02:23:00,925 [Thread-550] INFO  impl.RoleInfo (RoleInfo.java:shutdownFollowerState(121)) - 25203751-88e7-46c0-b9ea-976de1ff2c7c: shutdown FollowerState
2019-10-25 02:23:00,925 [Thread-550] INFO  impl.RaftServerImpl (RaftServerImpl.java:setRole(173)) - 25203751-88e7-46c0-b9ea-976de1ff2c7c@group-DB0659CA759E: changes role from  FOLLOWER to CANDIDATE at term 1 for changeToCandidate
2019-10-25 02:23:00,925 [Thread-550] INFO  impl.RoleInfo (RoleInfo.java:updateAndGet(143)) - 25203751-88e7-46c0-b9ea-976de1ff2c7c: start LeaderElection
2019-10-25 02:23:00,956 [25203751-88e7-46c0-b9ea-976de1ff2c7c@group-4AA38178ED11-SegmentedRaftLogWorker] INFO  segmented.SegmentedRaftLogWorker (SegmentedRaftLogWorker.java:execute(576)) - 25203751-88e7-46c0-b9ea-976de1ff2c7c@group-4AA38178ED11-SegmentedRaftLogWorker: created new log segment /workdir/hadoop-ozone/integration-test/target/test-dir/MiniOzoneClusterImpl-44a4a489-765f-4971-8cd5-3df5cbc9600d/datanode-2/data/ratis/067d4b52-5434-4ed3-bf1d-4aa38178ed11/current/log_inprogress_1
2019-10-25 02:23:00,957 [25203751-88e7-46c0-b9ea-976de1ff2c7c@group-DB0659CA759E-LeaderElection6] INFO  impl.LeaderElection (LeaderElection.java:askForVotes(178)) - 25203751-88e7-46c0-b9ea-976de1ff2c7c@group-DB0659CA759E-LeaderElection6: begin an election at term 2 for 0: [c287e0c1-5401-4ab1-85ea-f9321adc6aaf:192.168.34.46:43708, b706312b-118f-4972-9c71-4cc867b58d89:192.168.34.46:44531, 25203751-88e7-46c0-b9ea-976de1ff2c7c:192.168.34.46:43366], old=null
2019-10-25 02:23:00,973 [grpc-default-executor-0] INFO  impl.RaftServerImpl (ServerState.java:setLeader(255)) - c287e0c1-5401-4ab1-85ea-f9321adc6aaf@group-DB0659CA759E: change Leader from b706312b-118f-4972-9c71-4cc867b58d89 to null at term 2 for updateCurrentTerm
2019-10-25 02:23:00,973 [grpc-default-executor-0] INFO  impl.RaftServerImpl (RaftServerImpl.java:setRole(173)) - c287e0c1-5401-4ab1-85ea-f9321adc6aaf@group-DB0659CA759E: changes role from  FOLLOWER to FOLLOWER at term 2 for recognizeCandidate:25203751-88e7-46c0-b9ea-976de1ff2c7c
2019-10-25 02:23:00,973 [grpc-default-executor-1] INFO  impl.RaftServerImpl (ServerState.java:setLeader(255)) - b706312b-118f-4972-9c71-4cc867b58d89@group-DB0659CA759E: change Leader from b706312b-118f-4972-9c71-4cc867b58d89 to null at term 2 for updateCurrentTerm
2019-10-25 02:23:00,973 [grpc-default-executor-0] INFO  impl.RoleInfo (RoleInfo.java:shutdownFollowerState(121)) - c287e0c1-5401-4ab1-85ea-f9321adc6aaf: shutdown FollowerState
2019-10-25 02:23:00,974 [grpc-default-executor-1] INFO  impl.RaftServerImpl (RaftServerImpl.java:setRole(173)) - b706312b-118f-4972-9c71-4cc867b58d89@group-DB0659CA759E: changes role from    LEADER to FOLLOWER at term 2 for recognizeCandidate:25203751-88e7-46c0-b9ea-976de1ff2c7c
2019-10-25 02:23:00,974 [grpc-default-executor-0] INFO  impl.RoleInfo (RoleInfo.java:updateAndGet(143)) - c287e0c1-5401-4ab1-85ea-f9321adc6aaf: start FollowerState
2019-10-25 02:23:00,974 [Thread-241] INFO  impl.FollowerState (FollowerState.java:run(120)) - c287e0c1-5401-4ab1-85ea-f9321adc6aaf@group-DB0659CA759E-FollowerState was interrupted: java.lang.InterruptedException: sleep interrupted
2019-10-25 02:23:00,974 [grpc-default-executor-1] INFO  impl.RoleInfo (RoleInfo.java:shutdownLeaderState(104)) - b706312b-118f-4972-9c71-4cc867b58d89: shutdown LeaderState
2019-10-25 02:23:00,977 [grpc-default-executor-1] INFO  impl.PendingRequests (PendingRequests.java:sendNotLeaderResponses(206)) - b706312b-118f-4972-9c71-4cc867b58d89@group-DB0659CA759E-PendingRequests: sendNotLeaderResponses
2019-10-25 02:23:00,978 [org.apache.ratis.server.impl.LogAppender$AppenderDaemon$$Lambda$560/142638921@371b5b36] WARN  server.GrpcLogAppender (GrpcLogAppender.java:mayWait(149)) - b706312b-118f-4972-9c71-4cc867b58d89@group-DB0659CA759E->c287e0c1-5401-4ab1-85ea-f9321adc6aaf-GrpcLogAppender: Wait interrupted by java.lang.InterruptedException
2019-10-25 02:23:00,978 [org.apache.ratis.server.impl.LogAppender$AppenderDaemon$$Lambda$560/142638921@1a835b6b] WARN  server.GrpcLogAppender (GrpcLogAppender.java:mayWait(149)) - b706312b-118f-4972-9c71-4cc867b58d89@group-DB0659CA759E->25203751-88e7-46c0-b9ea-976de1ff2c7c-GrpcLogAppender: Wait interrupted by java.lang.InterruptedException
2019-10-25 02:23:00,982 [grpc-default-executor-1] INFO  impl.RoleInfo (RoleInfo.java:updateAndGet(143)) - b706312b-118f-4972-9c71-4cc867b58d89: start FollowerState
2019-10-25 02:23:00,982 [Thread-590] INFO  client.GrpcClientProtocolService (GrpcClientProtocolService.java:lambda$processClientRequest$0(279)) - Failed RaftClientRequest:client-18E359B5664D->b706312b-118f-4972-9c71-4cc867b58d89@group-DB0659CA759E, cid=10, seq=0, Watch-ALL_COMMITTED(6), Message:<EMPTY>, reply=RaftClientReply:client-18E359B5664D->b706312b-118f-4972-9c71-4cc867b58d89@group-DB0659CA759E, cid=10, FAILED org.apache.ratis.protocol.NotLeaderException: Server b706312b-118f-4972-9c71-4cc867b58d89@group-DB0659CA759E is not the leader, logIndex=0, commits[b706312b-118f-4972-9c71-4cc867b58d89:c10, c287e0c1-5401-4ab1-85ea-f9321adc6aaf:c10, 25203751-88e7-46c0-b9ea-976de1ff2c7c:c4]
2019-10-25 02:23:00,983 [grpc-default-executor-0] INFO  server.GrpcServerProtocolService (GrpcServerProtocolService.java:onCompleted(113)) - c287e0c1-5401-4ab1-85ea-f9321adc6aaf: Completed APPEND_ENTRIES, lastRequest: b706312b-118f-4972-9c71-4cc867b58d89->c287e0c1-5401-4ab1-85ea-f9321adc6aaf#53-t1, previous=(t:1, i:10), leaderCommit=10, initializing? false, entries: <empty>
2019-10-25 02:23:00,985 [grpc-default-executor-0] INFO  server.GrpcLogAppender (GrpcLogAppender.java:onCompleted(308)) - b706312b-118f-4972-9c71-4cc867b58d89@group-DB0659CA759E->c287e0c1-5401-4ab1-85ea-f9321adc6aaf-AppendLogResponseHandler: follower responses appendEntries COMPLETED
2019-10-25 02:23:00,997 [25203751-88e7-46c0-b9ea-976de1ff2c7c@group-DB0659CA759E-LeaderElection6] INFO  impl.LeaderElection (LeaderElection.java:logAndReturn(56)) - 25203751-88e7-46c0-b9ea-976de1ff2c7c@group-DB0659CA759E-LeaderElection6: Election REJECTED; received 2 response(s) [25203751-88e7-46c0-b9ea-976de1ff2c7c<-c287e0c1-5401-4ab1-85ea-f9321adc6aaf#0:FAIL-t2, 25203751-88e7-46c0-b9ea-976de1ff2c7c<-b706312b-118f-4972-9c71-4cc867b58d89#0:FAIL-t2] and 0 exception(s); 25203751-88e7-46c0-b9ea-976de1ff2c7c@group-DB0659CA759E:t2, leader=null, voted=25203751-88e7-46c0-b9ea-976de1ff2c7c, raftlog=25203751-88e7-46c0-b9ea-976de1ff2c7c@group-DB0659CA759E-SegmentedRaftLog:OPENED:c3,f4,i4, conf=0: [c287e0c1-5401-4ab1-85ea-f9321adc6aaf:192.168.34.46:43708, b706312b-118f-4972-9c71-4cc867b58d89:192.168.34.46:44531, 25203751-88e7-46c0-b9ea-976de1ff2c7c:192.168.34.46:43366], old=null
2019-10-25 02:23:00,998 [25203751-88e7-46c0-b9ea-976de1ff2c7c@group-DB0659CA759E-LeaderElection6] INFO  impl.RaftServerImpl (RaftServerImpl.java:setRole(173)) - 25203751-88e7-46c0-b9ea-976de1ff2c7c@group-DB0659CA759E: changes role from CANDIDATE to FOLLOWER at term 2 for DISCOVERED_A_NEW_TERM
2019-10-25 02:23:00,999 [grpc-default-executor-0] INFO  impl.FollowerInfo (FollowerInfo.java:lambda$new$0(51)) - b706312b-118f-4972-9c71-4cc867b58d89@group-DB0659CA759E->c287e0c1-5401-4ab1-85ea-f9321adc6aaf: nextIndex: updateUnconditionally 11 -> 10
2019-10-25 02:23:00,999 [25203751-88e7-46c0-b9ea-976de1ff2c7c@group-DB0659CA759E-LeaderElection6] INFO  impl.RoleInfo (RoleInfo.java:shutdownLeaderElection(134)) - 25203751-88e7-46c0-b9ea-976de1ff2c7c: shutdown LeaderElection
2019-10-25 02:23:01,000 [25203751-88e7-46c0-b9ea-976de1ff2c7c@group-DB0659CA759E-LeaderElection6] INFO  impl.RoleInfo (RoleInfo.java:updateAndGet(143)) - 25203751-88e7-46c0-b9ea-976de1ff2c7c: start FollowerState
2019-10-25 02:23:01,044 [EventQueue-DeleteBlockStatusForDeletedBlockLogImpl] WARN  block.DeletedBlockLogImpl (DeletedBlockLogImpl.java:commitTransactions(205)) - Transaction txId=1 commit by dnId=25203751-88e7-46c0-b9ea-976de1ff2c7c for containerID=#1 failed. Corresponding entry not found.
2019-10-25 02:23:01,044 [EventQueue-DeleteBlockStatusForDeletedBlockLogImpl] WARN  block.DeletedBlockLogImpl (DeletedBlockLogImpl.java:commitTransactions(205)) - Transaction txId=1 commit by dnId=25203751-88e7-46c0-b9ea-976de1ff2c7c for containerID=#1 failed. Corresponding entry not found.
2019-10-25 02:23:01,044 [EventQueue-DeleteBlockStatusForDeletedBlockLogImpl] WARN  block.DeletedBlockLogImpl (DeletedBlockLogImpl.java:commitTransactions(205)) - Transaction txId=1 commit by dnId=25203751-88e7-46c0-b9ea-976de1ff2c7c for containerID=#1 failed. Corresponding entry not found.
2019-10-25 02:23:01,044 [EventQueue-DeleteBlockStatusForDeletedBlockLogImpl] WARN  block.DeletedBlockLogImpl (DeletedBlockLogImpl.java:commitTransactions(205)) - Transaction txId=1 commit by dnId=25203751-88e7-46c0-b9ea-976de1ff2c7c for containerID=#1 failed. Corresponding entry not found.
2019-10-25 02:23:01,045 [EventQueue-DeleteBlockStatusForDeletedBlockLogImpl] WARN  block.DeletedBlockLogImpl (DeletedBlockLogImpl.java:commitTransactions(205)) - Transaction txId=1 commit by dnId=25203751-88e7-46c0-b9ea-976de1ff2c7c for containerID=#1 failed. Corresponding entry not found.
2019-10-25 02:23:01,045 [EventQueue-DeleteBlockStatusForDeletedBlockLogImpl] WARN  block.DeletedBlockLogImpl (DeletedBlockLogImpl.java:commitTransactions(205)) - Transaction txId=1 commit by dnId=25203751-88e7-46c0-b9ea-976de1ff2c7c for containerID=#1 failed. Corresponding entry not found.
2019-10-25 02:23:01,045 [EventQueue-DeleteBlockStatusForDeletedBlockLogImpl] WARN  block.DeletedBlockLogImpl (DeletedBlockLogImpl.java:commitTransactions(205)) - Transaction txId=1 commit by dnId=25203751-88e7-46c0-b9ea-976de1ff2c7c for containerID=#1 failed. Corresponding entry not found.
2019-10-25 02:23:01,045 [EventQueue-DeleteBlockStatusForDeletedBlockLogImpl] WARN  block.DeletedBlockLogImpl (DeletedBlockLogImpl.java:commitTransactions(205)) - Transaction txId=1 commit by dnId=25203751-88e7-46c0-b9ea-976de1ff2c7c for containerID=#1 failed. Corresponding entry not found.
2019-10-25 02:23:01,567 [java.util.concurrent.ThreadPoolExecutor$Worker@1a1b1369[State = -1, empty queue]] WARN  server.GrpcLogAppender (GrpcLogAppender.java:timeoutAppendRequest(209)) - b706312b-118f-4972-9c71-4cc867b58d89@group-DB0659CA759E->25203751-88e7-46c0-b9ea-976de1ff2c7c-GrpcLogAppender: appendEntries Timeout, request=b706312b-118f-4972-9c71-4cc867b58d89->25203751-88e7-46c0-b9ea-976de1ff2c7c#53-t1, previous=(t:1, i:10), leaderCommit=10, initializing? false, entries: <empty>
2019-10-25 02:23:01,789 [BlockDeletingService#2] WARN  background.BlockDeletingService (BlockDeletingService.java:isDeletionAllowed(187)) - Close Container log Index 6 is not replicated across allthe servers in the pipeline 80d03f1e-dc0e-4300-89d1-db0659ca759e as the min replicated index is 4. Deletion is not allowed in this container yet.
2019-10-25 02:23:01,789 [BlockDeletingService#6] WARN  background.BlockDeletingService (BlockDeletingService.java:isDeletionAllowed(187)) - Close Container log Index 6 is not replicated across allthe servers in the pipeline 80d03f1e-dc0e-4300-89d1-db0659ca759e as the min replicated index is 4. Deletion is not allowed in this container yet.
2019-10-25 02:23:02,005 [Thread-597] INFO  client.GrpcClientProtocolService (GrpcClientProtocolService.java:lambda$processClientRequest$0(279)) - Failed RaftClientRequest:client-18E359B5664D->c287e0c1-5401-4ab1-85ea-f9321adc6aaf@group-DB0659CA759E, cid=10, seq=0, Watch-ALL_COMMITTED(6), Message:<EMPTY>, reply=RaftClientReply:client-18E359B5664D->c287e0c1-5401-4ab1-85ea-f9321adc6aaf@group-DB0659CA759E, cid=10, FAILED org.apache.ratis.protocol.NotLeaderException: Server c287e0c1-5401-4ab1-85ea-f9321adc6aaf@group-DB0659CA759E is not the leader, logIndex=0, commits[c287e0c1-5401-4ab1-85ea-f9321adc6aaf:c10, b706312b-118f-4972-9c71-4cc867b58d89:c10, 25203751-88e7-46c0-b9ea-976de1ff2c7c:c4]
2019-10-25 02:23:02,791 [BlockDeletingService#2] WARN  background.BlockDeletingService (BlockDeletingService.java:isDeletionAllowed(187)) - Close Container log Index 6 is not replicated across allthe servers in the pipeline 80d03f1e-dc0e-4300-89d1-db0659ca759e as the min replicated index is 4. Deletion is not allowed in this container yet.
2019-10-25 02:23:02,791 [BlockDeletingService#6] WARN  background.BlockDeletingService (BlockDeletingService.java:isDeletionAllowed(187)) - Close Container log Index 6 is not replicated across allthe servers in the pipeline 80d03f1e-dc0e-4300-89d1-db0659ca759e as the min replicated index is 4. Deletion is not allowed in this container yet.
2019-10-25 02:23:03,025 [Thread-603] INFO  client.GrpcClientProtocolService (GrpcClientProtocolService.java:lambda$processClientRequest$0(279)) - Failed RaftClientRequest:client-18E359B5664D->25203751-88e7-46c0-b9ea-976de1ff2c7c@group-DB0659CA759E, cid=10, seq=0, Watch-ALL_COMMITTED(6), Message:<EMPTY>, reply=RaftClientReply:client-18E359B5664D->25203751-88e7-46c0-b9ea-976de1ff2c7c@group-DB0659CA759E, cid=10, FAILED org.apache.ratis.protocol.NotLeaderException: Server 25203751-88e7-46c0-b9ea-976de1ff2c7c@group-DB0659CA759E is not the leader, logIndex=0, commits[25203751-88e7-46c0-b9ea-976de1ff2c7c:c3]
2019-10-25 02:23:03,792 [BlockDeletingService#2] WARN  background.BlockDeletingService (BlockDeletingService.java:isDeletionAllowed(187)) - Close Container log Index 6 is not replicated across allthe servers in the pipeline 80d03f1e-dc0e-4300-89d1-db0659ca759e as the min replicated index is 4. Deletion is not allowed in this container yet.
2019-10-25 02:23:03,794 [BlockDeletingService#6] WARN  background.BlockDeletingService (BlockDeletingService.java:isDeletionAllowed(187)) - Close Container log Index 6 is not replicated across allthe servers in the pipeline 80d03f1e-dc0e-4300-89d1-db0659ca759e as the min replicated index is 4. Deletion is not allowed in this container yet.
]]></system-out>
    <system-err><![CDATA[ERROR StatusLogger No Log4j 2 configuration file found. Using default configuration (logging only errors to the console), or user programmatically provided configurations. Set system property 'log4j2.debug' to show Log4j 2 internal initialization logging. See https://logging.apache.org/log4j/2.x/manual/configuration.html for instructions on how to configure Log4j 2
Oct 25, 2019 2:21:17 AM org.apache.ratis.thirdparty.io.grpc.internal.SerializingExecutor run
SEVERE: Exception while executing runnable org.apache.ratis.thirdparty.io.grpc.internal.ServerImpl$JumpToApplicationThreadServerStreamListener$1Closed@1e5fcbe9
org.apache.ratis.thirdparty.io.grpc.StatusRuntimeException: CANCELLED: call already cancelled
	at org.apache.ratis.thirdparty.io.grpc.Status.asRuntimeException(Status.java:517)
	at org.apache.ratis.thirdparty.io.grpc.stub.ServerCalls$ServerCallStreamObserverImpl.onCompleted(ServerCalls.java:356)
	at org.apache.ratis.grpc.server.GrpcServerProtocolService$ServerRequestStreamObserver.onError(GrpcServerProtocolService.java:121)
	at org.apache.ratis.thirdparty.io.grpc.stub.ServerCalls$StreamingServerCallHandler$StreamingServerCallListener.onCancel(ServerCalls.java:269)
	at org.apache.ratis.thirdparty.io.grpc.internal.ServerCallImpl$ServerStreamListenerImpl.closed(ServerCallImpl.java:293)
	at org.apache.ratis.thirdparty.io.grpc.internal.ServerImpl$JumpToApplicationThreadServerStreamListener$1Closed.runInContext(ServerImpl.java:741)
	at org.apache.ratis.thirdparty.io.grpc.internal.ContextRunnable.run(ContextRunnable.java:37)
	at org.apache.ratis.thirdparty.io.grpc.internal.SerializingExecutor.run(SerializingExecutor.java:123)
	at java.util.concurrent.ThreadPoolExecutor.runWorker(ThreadPoolExecutor.java:1149)
	at java.util.concurrent.ThreadPoolExecutor$Worker.run(ThreadPoolExecutor.java:624)
	at java.lang.Thread.run(Thread.java:748)

Oct 25, 2019 2:21:17 AM org.apache.ratis.thirdparty.io.grpc.internal.SerializingExecutor run
SEVERE: Exception while executing runnable org.apache.ratis.thirdparty.io.grpc.internal.ClientCallImpl$ClientStreamListenerImpl$1StreamClosed@7c24ed2a
java.lang.NullPointerException
	at org.apache.ratis.grpc.server.GrpcLogAppender$AppendLogResponseHandler.onError(GrpcLogAppender.java:303)
	at org.apache.ratis.thirdparty.io.grpc.stub.ClientCalls$StreamObserverToCallListenerAdapter.onClose(ClientCalls.java:434)
	at org.apache.ratis.thirdparty.io.grpc.PartialForwardingClientCallListener.onClose(PartialForwardingClientCallListener.java:39)
	at org.apache.ratis.thirdparty.io.grpc.ForwardingClientCallListener.onClose(ForwardingClientCallListener.java:23)
	at org.apache.ratis.thirdparty.io.grpc.ForwardingClientCallListener$SimpleForwardingClientCallListener.onClose(ForwardingClientCallListener.java:40)
	at org.apache.ratis.thirdparty.io.grpc.internal.CensusStatsModule$StatsClientInterceptor$1$1.onClose(CensusStatsModule.java:678)
	at org.apache.ratis.thirdparty.io.grpc.PartialForwardingClientCallListener.onClose(PartialForwardingClientCallListener.java:39)
	at org.apache.ratis.thirdparty.io.grpc.ForwardingClientCallListener.onClose(ForwardingClientCallListener.java:23)
	at org.apache.ratis.thirdparty.io.grpc.ForwardingClientCallListener$SimpleForwardingClientCallListener.onClose(ForwardingClientCallListener.java:40)
	at org.apache.ratis.thirdparty.io.grpc.internal.CensusTracingModule$TracingClientInterceptor$1$1.onClose(CensusTracingModule.java:397)
	at org.apache.ratis.thirdparty.io.grpc.internal.ClientCallImpl.closeObserver(ClientCallImpl.java:459)
	at org.apache.ratis.thirdparty.io.grpc.internal.ClientCallImpl.access$300(ClientCallImpl.java:63)
	at org.apache.ratis.thirdparty.io.grpc.internal.ClientCallImpl$ClientStreamListenerImpl.close(ClientCallImpl.java:546)
	at org.apache.ratis.thirdparty.io.grpc.internal.ClientCallImpl$ClientStreamListenerImpl.access$600(ClientCallImpl.java:467)
	at org.apache.ratis.thirdparty.io.grpc.internal.ClientCallImpl$ClientStreamListenerImpl$1StreamClosed.runInContext(ClientCallImpl.java:584)
	at org.apache.ratis.thirdparty.io.grpc.internal.ContextRunnable.run(ContextRunnable.java:37)
	at org.apache.ratis.thirdparty.io.grpc.internal.SerializingExecutor.run(SerializingExecutor.java:123)
	at java.util.concurrent.ThreadPoolExecutor.runWorker(ThreadPoolExecutor.java:1149)
	at java.util.concurrent.ThreadPoolExecutor$Worker.run(ThreadPoolExecutor.java:624)
	at java.lang.Thread.run(Thread.java:748)

]]></system-err>
  </testcase>
</testsuite>