<?xml version="1.0" encoding="UTF-8"?>
<testsuite xmlns:xsi="http://www.w3.org/2001/XMLSchema-instance" xsi:noNamespaceSchemaLocation="https://maven.apache.org/surefire/maven-surefire-plugin/xsd/surefire-test-report.xsd" name="org.apache.hadoop.fs.ozone.contract.ITestOzoneContractDistCp" time="76.891" tests="6" errors="3" skipped="0" failures="0">
  <properties>
    <property name="awt.toolkit" value="sun.awt.X11.XToolkit"/>
    <property name="file.encoding.pkg" value="sun.io"/>
    <property name="java.specification.version" value="1.8"/>
    <property name="sun.cpu.isalist" value=""/>
    <property name="sun.jnu.encoding" value="ANSI_X3.4-1968"/>
    <property name="java.class.path" value="/workdir/hadoop-ozone/ozonefs/target/test-classes:/workdir/hadoop-ozone/ozonefs/target/classes:/home/user/.m2/repository/org/apache/hadoop/hadoop-common/3.2.0/hadoop-common-3.2.0.jar:/home/user/.m2/repository/org/apache/hadoop/hadoop-annotations/3.2.0/hadoop-annotations-3.2.0.jar:/usr/lib/jvm/java-1.8.0-openjdk-1.8.0.222.b10-1.el7_7.x86_64/jre/../lib/tools.jar:/home/user/.m2/repository/com/google/guava/guava/11.0.2/guava-11.0.2.jar:/home/user/.m2/repository/commons-cli/commons-cli/1.2/commons-cli-1.2.jar:/home/user/.m2/repository/org/apache/commons/commons-math3/3.1.1/commons-math3-3.1.1.jar:/home/user/.m2/repository/commons-codec/commons-codec/1.11/commons-codec-1.11.jar:/home/user/.m2/repository/commons-io/commons-io/2.5/commons-io-2.5.jar:/home/user/.m2/repository/commons-net/commons-net/3.6/commons-net-3.6.jar:/home/user/.m2/repository/commons-collections/commons-collections/3.2.2/commons-collections-3.2.2.jar:/home/user/.m2/repository/javax/servlet/javax.servlet-api/3.1.0/javax.servlet-api-3.1.0.jar:/home/user/.m2/repository/org/eclipse/jetty/jetty-server/9.3.25.v20180904/jetty-server-9.3.25.v20180904.jar:/home/user/.m2/repository/org/eclipse/jetty/jetty-http/9.3.25.v20180904/jetty-http-9.3.25.v20180904.jar:/home/user/.m2/repository/org/eclipse/jetty/jetty-io/9.3.25.v20180904/jetty-io-9.3.25.v20180904.jar:/home/user/.m2/repository/org/eclipse/jetty/jetty-util/9.3.25.v20180904/jetty-util-9.3.25.v20180904.jar:/home/user/.m2/repository/org/eclipse/jetty/jetty-servlet/9.3.25.v20180904/jetty-servlet-9.3.25.v20180904.jar:/home/user/.m2/repository/org/eclipse/jetty/jetty-security/9.3.25.v20180904/jetty-security-9.3.25.v20180904.jar:/home/user/.m2/repository/org/eclipse/jetty/jetty-webapp/9.3.25.v20180904/jetty-webapp-9.3.25.v20180904.jar:/home/user/.m2/repository/org/eclipse/jetty/jetty-xml/9.3.25.v20180904/jetty-xml-9.3.25.v20180904.jar:/home/user/.m2/repository/javax/servlet/jsp/jsp-api/2.1/jsp-api-2.1.jar:/home/user/.m2/repository/com/sun/jersey/jersey-core/1.19/jersey-core-1.19.jar:/home/user/.m2/repository/javax/ws/rs/jsr311-api/1.1.1/jsr311-api-1.1.1.jar:/home/user/.m2/repository/com/sun/jersey/jersey-servlet/1.19/jersey-servlet-1.19.jar:/home/user/.m2/repository/com/sun/jersey/jersey-json/1.19/jersey-json-1.19.jar:/home/user/.m2/repository/org/codehaus/jettison/jettison/1.1/jettison-1.1.jar:/home/user/.m2/repository/com/sun/xml/bind/jaxb-impl/2.3.0.1/jaxb-impl-2.3.0.1.jar:/home/user/.m2/repository/org/codehaus/jackson/jackson-core-asl/1.9.13/jackson-core-asl-1.9.13.jar:/home/user/.m2/repository/org/codehaus/jackson/jackson-mapper-asl/1.9.13/jackson-mapper-asl-1.9.13.jar:/home/user/.m2/repository/org/codehaus/jackson/jackson-jaxrs/1.9.13/jackson-jaxrs-1.9.13.jar:/home/user/.m2/repository/org/codehaus/jackson/jackson-xc/1.9.13/jackson-xc-1.9.13.jar:/home/user/.m2/repository/com/sun/jersey/jersey-server/1.19/jersey-server-1.19.jar:/home/user/.m2/repository/commons-logging/commons-logging/1.1.3/commons-logging-1.1.3.jar:/home/user/.m2/repository/log4j/log4j/1.2.17/log4j-1.2.17.jar:/home/user/.m2/repository/commons-beanutils/commons-beanutils/1.9.4/commons-beanutils-1.9.4.jar:/home/user/.m2/repository/org/apache/commons/commons-configuration2/2.1.1/commons-configuration2-2.1.1.jar:/home/user/.m2/repository/org/apache/commons/commons-lang3/3.7/commons-lang3-3.7.jar:/home/user/.m2/repository/org/apache/commons/commons-text/1.4/commons-text-1.4.jar:/home/user/.m2/repository/org/slf4j/slf4j-api/1.7.25/slf4j-api-1.7.25.jar:/home/user/.m2/repository/org/slf4j/slf4j-log4j12/1.7.25/slf4j-log4j12-1.7.25.jar:/home/user/.m2/repository/org/apache/avro/avro/1.7.7/avro-1.7.7.jar:/home/user/.m2/repository/com/thoughtworks/paranamer/paranamer/2.3/paranamer-2.3.jar:/home/user/.m2/repository/org/xerial/snappy/snappy-java/1.0.5/snappy-java-1.0.5.jar:/home/user/.m2/repository/com/google/re2j/re2j/1.1/re2j-1.1.jar:/home/user/.m2/repository/com/google/protobuf/protobuf-java/2.5.0/protobuf-java-2.5.0.jar:/home/user/.m2/repository/com/google/code/gson/gson/2.2.4/gson-2.2.4.jar:/home/user/.m2/repository/org/apache/hadoop/hadoop-auth/3.2.0/hadoop-auth-3.2.0.jar:/home/user/.m2/repository/com/nimbusds/nimbus-jose-jwt/4.41.1/nimbus-jose-jwt-4.41.1.jar:/home/user/.m2/repository/com/github/stephenc/jcip/jcip-annotations/1.0-1/jcip-annotations-1.0-1.jar:/home/user/.m2/repository/net/minidev/json-smart/2.3/json-smart-2.3.jar:/home/user/.m2/repository/net/minidev/accessors-smart/1.2/accessors-smart-1.2.jar:/home/user/.m2/repository/org/apache/curator/curator-framework/2.12.0/curator-framework-2.12.0.jar:/home/user/.m2/repository/com/jcraft/jsch/0.1.54/jsch-0.1.54.jar:/home/user/.m2/repository/org/apache/curator/curator-client/2.12.0/curator-client-2.12.0.jar:/home/user/.m2/repository/org/apache/curator/curator-recipes/2.12.0/curator-recipes-2.12.0.jar:/home/user/.m2/repository/com/google/code/findbugs/jsr305/3.0.0/jsr305-3.0.0.jar:/home/user/.m2/repository/org/apache/htrace/htrace-core4/4.1.0-incubating/htrace-core4-4.1.0-incubating.jar:/home/user/.m2/repository/org/apache/zookeeper/zookeeper/3.4.13/zookeeper-3.4.13.jar:/home/user/.m2/repository/jline/jline/0.9.94/jline-0.9.94.jar:/home/user/.m2/repository/org/apache/yetus/audience-annotations/0.5.0/audience-annotations-0.5.0.jar:/home/user/.m2/repository/org/apache/commons/commons-compress/1.4.1/commons-compress-1.4.1.jar:/home/user/.m2/repository/org/tukaani/xz/1.0/xz-1.0.jar:/home/user/.m2/repository/org/apache/kerby/kerb-simplekdc/1.0.1/kerb-simplekdc-1.0.1.jar:/home/user/.m2/repository/org/apache/kerby/kerb-client/1.0.1/kerb-client-1.0.1.jar:/home/user/.m2/repository/org/apache/kerby/kerby-config/1.0.1/kerby-config-1.0.1.jar:/home/user/.m2/repository/org/apache/kerby/kerb-core/1.0.1/kerb-core-1.0.1.jar:/home/user/.m2/repository/org/apache/kerby/kerby-pkix/1.0.1/kerby-pkix-1.0.1.jar:/home/user/.m2/repository/org/apache/kerby/kerby-asn1/1.0.1/kerby-asn1-1.0.1.jar:/home/user/.m2/repository/org/apache/kerby/kerby-util/1.0.1/kerby-util-1.0.1.jar:/home/user/.m2/repository/org/apache/kerby/kerb-common/1.0.1/kerb-common-1.0.1.jar:/home/user/.m2/repository/org/apache/kerby/kerb-crypto/1.0.1/kerb-crypto-1.0.1.jar:/home/user/.m2/repository/org/apache/kerby/kerb-util/1.0.1/kerb-util-1.0.1.jar:/home/user/.m2/repository/org/apache/kerby/token-provider/1.0.1/token-provider-1.0.1.jar:/home/user/.m2/repository/org/apache/kerby/kerb-admin/1.0.1/kerb-admin-1.0.1.jar:/home/user/.m2/repository/org/apache/kerby/kerb-server/1.0.1/kerb-server-1.0.1.jar:/home/user/.m2/repository/org/apache/kerby/kerb-identity/1.0.1/kerb-identity-1.0.1.jar:/home/user/.m2/repository/org/apache/kerby/kerby-xdr/1.0.1/kerby-xdr-1.0.1.jar:/home/user/.m2/repository/com/fasterxml/jackson/core/jackson-databind/2.9.9/jackson-databind-2.9.9.jar:/home/user/.m2/repository/com/fasterxml/jackson/core/jackson-annotations/2.9.9/jackson-annotations-2.9.9.jar:/home/user/.m2/repository/com/fasterxml/jackson/core/jackson-core/2.9.9/jackson-core-2.9.9.jar:/home/user/.m2/repository/org/codehaus/woodstox/stax2-api/3.1.4/stax2-api-3.1.4.jar:/home/user/.m2/repository/com/fasterxml/woodstox/woodstox-core/5.0.3/woodstox-core-5.0.3.jar:/home/user/.m2/repository/dnsjava/dnsjava/2.1.7/dnsjava-2.1.7.jar:/home/user/.m2/repository/org/apache/hadoop/hadoop-hdfs/3.2.0/hadoop-hdfs-3.2.0.jar:/home/user/.m2/repository/org/eclipse/jetty/jetty-util-ajax/9.3.25.v20180904/jetty-util-ajax-9.3.25.v20180904.jar:/home/user/.m2/repository/commons-daemon/commons-daemon/1.0.13/commons-daemon-1.0.13.jar:/home/user/.m2/repository/io/netty/netty/3.10.5.Final/netty-3.10.5.Final.jar:/home/user/.m2/repository/io/netty/netty-all/4.0.52.Final/netty-all-4.0.52.Final.jar:/home/user/.m2/repository/org/fusesource/leveldbjni/leveldbjni-all/1.8/leveldbjni-all-1.8.jar:/home/user/.m2/repository/org/apache/hadoop/hadoop-hdds-common/0.5.0-SNAPSHOT/hadoop-hdds-common-0.5.0-SNAPSHOT.jar:/home/user/.m2/repository/org/apache/hadoop/hadoop-hdds-config/0.5.0-SNAPSHOT/hadoop-hdds-config-0.5.0-SNAPSHOT.jar:/home/user/.m2/repository/javax/annotation/javax.annotation-api/1.2/javax.annotation-api-1.2.jar:/home/user/.m2/repository/org/apache/ratis/ratis-server/0.5.0-d6d58d0-SNAPSHOT/ratis-server-0.5.0-d6d58d0-SNAPSHOT.jar:/home/user/.m2/repository/org/apache/ratis/ratis-thirdparty-misc/0.2.0/ratis-thirdparty-misc-0.2.0.jar:/home/user/.m2/repository/org/apache/ratis/ratis-proto/0.5.0-d6d58d0-SNAPSHOT/ratis-proto-0.5.0-d6d58d0-SNAPSHOT.jar:/home/user/.m2/repository/org/apache/ratis/ratis-common/0.5.0-d6d58d0-SNAPSHOT/ratis-common-0.5.0-d6d58d0-SNAPSHOT.jar:/home/user/.m2/repository/org/apache/ratis/ratis-client/0.5.0-d6d58d0-SNAPSHOT/ratis-client-0.5.0-d6d58d0-SNAPSHOT.jar:/home/user/.m2/repository/org/apache/ratis/ratis-metrics/0.5.0-d6d58d0-SNAPSHOT/ratis-metrics-0.5.0-d6d58d0-SNAPSHOT.jar:/home/user/.m2/repository/org/apache/ratis/ratis-netty/0.5.0-d6d58d0-SNAPSHOT/ratis-netty-0.5.0-d6d58d0-SNAPSHOT.jar:/home/user/.m2/repository/org/apache/ratis/ratis-grpc/0.5.0-d6d58d0-SNAPSHOT/ratis-grpc-0.5.0-d6d58d0-SNAPSHOT.jar:/home/user/.m2/repository/org/rocksdb/rocksdbjni/6.0.1/rocksdbjni-6.0.1.jar:/home/user/.m2/repository/org/apache/logging/log4j/log4j-api/2.11.0/log4j-api-2.11.0.jar:/home/user/.m2/repository/org/apache/logging/log4j/log4j-core/2.11.0/log4j-core-2.11.0.jar:/home/user/.m2/repository/com/lmax/disruptor/3.4.2/disruptor-3.4.2.jar:/home/user/.m2/repository/org/apache/commons/commons-pool2/2.6.0/commons-pool2-2.6.0.jar:/home/user/.m2/repository/org/bouncycastle/bcpkix-jdk15on/1.60/bcpkix-jdk15on-1.60.jar:/home/user/.m2/repository/commons-validator/commons-validator/1.6/commons-validator-1.6.jar:/home/user/.m2/repository/commons-digester/commons-digester/1.8.1/commons-digester-1.8.1.jar:/home/user/.m2/repository/io/jaegertracing/jaeger-client/0.34.0/jaeger-client-0.34.0.jar:/home/user/.m2/repository/io/jaegertracing/jaeger-thrift/0.34.0/jaeger-thrift-0.34.0.jar:/home/user/.m2/repository/org/apache/thrift/libthrift/0.12.0/libthrift-0.12.0.jar:/home/user/.m2/repository/com/squareup/okhttp3/okhttp/3.9.0/okhttp-3.9.0.jar:/home/user/.m2/repository/com/squareup/okio/okio/1.13.0/okio-1.13.0.jar:/home/user/.m2/repository/io/jaegertracing/jaeger-core/0.34.0/jaeger-core-0.34.0.jar:/home/user/.m2/repository/io/jaegertracing/jaeger-tracerresolver/0.34.0/jaeger-tracerresolver-0.34.0.jar:/home/user/.m2/repository/io/opentracing/contrib/opentracing-tracerresolver/0.1.5/opentracing-tracerresolver-0.1.5.jar:/home/user/.m2/repository/io/opentracing/opentracing-util/0.31.0/opentracing-util-0.31.0.jar:/home/user/.m2/repository/io/opentracing/opentracing-api/0.31.0/opentracing-api-0.31.0.jar:/home/user/.m2/repository/io/opentracing/opentracing-noop/0.31.0/opentracing-noop-0.31.0.jar:/home/user/.m2/repository/org/yaml/snakeyaml/1.16/snakeyaml-1.16.jar:/home/user/.m2/repository/org/apache/hadoop/hadoop-hdfs-client/3.2.0/hadoop-hdfs-client-3.2.0.jar:/home/user/.m2/repository/info/picocli/picocli/3.9.6/picocli-3.9.6.jar:/home/user/.m2/repository/org/apache/hadoop/hadoop-hdds-server-scm/0.5.0-SNAPSHOT/hadoop-hdds-server-scm-0.5.0-SNAPSHOT.jar:/home/user/.m2/repository/org/apache/hadoop/hadoop-hdds-docs/0.5.0-SNAPSHOT/hadoop-hdds-docs-0.5.0-SNAPSHOT.jar:/home/user/.m2/repository/io/dropwizard/metrics/metrics-core/3.2.4/metrics-core-3.2.4.jar:/home/user/.m2/repository/org/hamcrest/hamcrest-all/1.3/hamcrest-all-1.3.jar:/home/user/.m2/repository/org/bouncycastle/bcprov-jdk15on/1.60/bcprov-jdk15on-1.60.jar:/home/user/.m2/repository/org/apache/hadoop/hadoop-hdds-server-framework/0.5.0-SNAPSHOT/hadoop-hdds-server-framework-0.5.0-SNAPSHOT.jar:/home/user/.m2/repository/org/apache/hadoop/hadoop-ozone-ozone-manager/0.5.0-SNAPSHOT/hadoop-ozone-ozone-manager-0.5.0-SNAPSHOT.jar:/home/user/.m2/repository/org/apache/hadoop/hadoop-hdds-container-service/0.5.0-SNAPSHOT/hadoop-hdds-container-service-0.5.0-SNAPSHOT.jar:/home/user/.m2/repository/org/apache/hadoop/hadoop-hdds-client/0.5.0-SNAPSHOT/hadoop-hdds-client-0.5.0-SNAPSHOT.jar:/home/user/.m2/repository/org/apache/hadoop/hadoop-ozone-common/0.5.0-SNAPSHOT/hadoop-ozone-common-0.5.0-SNAPSHOT.jar:/home/user/.m2/repository/org/apache/hadoop/hadoop-hdds-tools/0.5.0-SNAPSHOT/hadoop-hdds-tools-0.5.0-SNAPSHOT.jar:/home/user/.m2/repository/org/xerial/sqlite-jdbc/3.25.2/sqlite-jdbc-3.25.2.jar:/home/user/.m2/repository/org/apache/httpcomponents/httpclient/4.5.2/httpclient-4.5.2.jar:/home/user/.m2/repository/org/apache/httpcomponents/httpcore/4.4.4/httpcore-4.4.4.jar:/home/user/.m2/repository/com/github/spotbugs/spotbugs/3.1.12/spotbugs-3.1.12.jar:/home/user/.m2/repository/org/ow2/asm/asm/5.0.4/asm-5.0.4.jar:/home/user/.m2/repository/org/ow2/asm/asm-analysis/7.0/asm-analysis-7.0.jar:/home/user/.m2/repository/org/ow2/asm/asm-commons/7.0/asm-commons-7.0.jar:/home/user/.m2/repository/org/ow2/asm/asm-tree/7.0/asm-tree-7.0.jar:/home/user/.m2/repository/org/ow2/asm/asm-util/7.0/asm-util-7.0.jar:/home/user/.m2/repository/org/apache/bcel/bcel/6.3/bcel-6.3.jar:/home/user/.m2/repository/net/jcip/jcip-annotations/1.0/jcip-annotations-1.0.jar:/home/user/.m2/repository/org/dom4j/dom4j/2.1.1/dom4j-2.1.1.jar:/home/user/.m2/repository/jaxen/jaxen/1.1.6/jaxen-1.1.6.jar:/home/user/.m2/repository/commons-lang/commons-lang/2.6/commons-lang-2.6.jar:/home/user/.m2/repository/com/github/spotbugs/spotbugs-annotations/3.1.12/spotbugs-annotations-3.1.12.jar:/home/user/.m2/repository/org/apache/hadoop/hadoop-common/3.2.0/hadoop-common-3.2.0-tests.jar:/home/user/.m2/repository/org/apache/hadoop/hadoop-ozone-client/0.5.0-SNAPSHOT/hadoop-ozone-client-0.5.0-SNAPSHOT.jar:/home/user/.m2/repository/org/apache/hadoop/hadoop-hdfs/3.2.0/hadoop-hdfs-3.2.0-tests.jar:/workdir/hadoop-ozone/integration-test/target/test-classes:/home/user/.m2/repository/org/apache/hadoop/hadoop-ozone-s3gateway/0.5.0-SNAPSHOT/hadoop-ozone-s3gateway-0.5.0-SNAPSHOT.jar:/home/user/.m2/repository/org/jboss/weld/servlet/weld-servlet/2.4.7.Final/weld-servlet-2.4.7.Final.jar:/home/user/.m2/repository/org/glassfish/jersey/containers/jersey-container-servlet-core/2.27/jersey-container-servlet-core-2.27.jar:/home/user/.m2/repository/org/glassfish/hk2/external/javax.inject/2.5.0-b42/javax.inject-2.5.0-b42.jar:/home/user/.m2/repository/org/glassfish/jersey/core/jersey-common/2.27/jersey-common-2.27.jar:/home/user/.m2/repository/org/glassfish/hk2/osgi-resource-locator/1.0.1/osgi-resource-locator-1.0.1.jar:/home/user/.m2/repository/javax/ws/rs/javax.ws.rs-api/2.1/javax.ws.rs-api-2.1.jar:/home/user/.m2/repository/org/glassfish/jersey/ext/cdi/jersey-cdi1x/2.27/jersey-cdi1x-2.27.jar:/home/user/.m2/repository/org/glassfish/jersey/inject/jersey-hk2/2.27/jersey-hk2-2.27.jar:/home/user/.m2/repository/org/glassfish/hk2/hk2-locator/2.5.0-b42/hk2-locator-2.5.0-b42.jar:/home/user/.m2/repository/org/javassist/javassist/3.22.0-CR2/javassist-3.22.0-CR2.jar:/home/user/.m2/repository/org/glassfish/hk2/hk2-api/2.5.0/hk2-api-2.5.0.jar:/home/user/.m2/repository/org/glassfish/hk2/external/jakarta.inject/2.5.0/jakarta.inject-2.5.0.jar:/home/user/.m2/repository/org/glassfish/hk2/hk2-utils/2.5.0/hk2-utils-2.5.0.jar:/home/user/.m2/repository/jakarta/annotation/jakarta.annotation-api/1.3.4/jakarta.annotation-api-1.3.4.jar:/home/user/.m2/repository/org/glassfish/hk2/external/aopalliance-repackaged/2.5.0/aopalliance-repackaged-2.5.0.jar:/home/user/.m2/repository/com/fasterxml/jackson/dataformat/jackson-dataformat-xml/2.9.0/jackson-dataformat-xml-2.9.0.jar:/home/user/.m2/repository/com/fasterxml/jackson/module/jackson-module-jaxb-annotations/2.9.9/jackson-module-jaxb-annotations-2.9.9.jar:/home/user/.m2/repository/javax/enterprise/cdi-api/1.2/cdi-api-1.2.jar:/home/user/.m2/repository/javax/el/javax.el-api/3.0.0/javax.el-api-3.0.0.jar:/home/user/.m2/repository/javax/interceptor/javax.interceptor-api/1.2/javax.interceptor-api-1.2.jar:/home/user/.m2/repository/javax/inject/javax.inject/1/javax.inject-1.jar:/home/user/.m2/repository/com/sun/xml/bind/jaxb-core/2.3.0.1/jaxb-core-2.3.0.1.jar:/home/user/.m2/repository/javax/xml/bind/jaxb-api/2.3.0/jaxb-api-2.3.0.jar:/home/user/.m2/repository/javax/activation/activation/1.1.1/activation-1.1.1.jar:/home/user/.m2/repository/org/apache/hadoop/hadoop-ozone-csi/0.5.0-SNAPSHOT/hadoop-ozone-csi-0.5.0-SNAPSHOT.jar:/home/user/.m2/repository/com/google/protobuf/protobuf-java-util/3.5.1/protobuf-java-util-3.5.1.jar:/home/user/.m2/repository/io/grpc/grpc-netty/1.17.1/grpc-netty-1.17.1.jar:/home/user/.m2/repository/io/grpc/grpc-core/1.17.1/grpc-core-1.17.1.jar:/home/user/.m2/repository/io/grpc/grpc-context/1.17.1/grpc-context-1.17.1.jar:/home/user/.m2/repository/com/google/errorprone/error_prone_annotations/2.2.0/error_prone_annotations-2.2.0.jar:/home/user/.m2/repository/org/codehaus/mojo/animal-sniffer-annotations/1.17/animal-sniffer-annotations-1.17.jar:/home/user/.m2/repository/io/opencensus/opencensus-api/0.17.0/opencensus-api-0.17.0.jar:/home/user/.m2/repository/io/opencensus/opencensus-contrib-grpc-metrics/0.17.0/opencensus-contrib-grpc-metrics-0.17.0.jar:/home/user/.m2/repository/io/netty/netty-codec-http2/4.1.30.Final/netty-codec-http2-4.1.30.Final.jar:/home/user/.m2/repository/io/netty/netty-codec-http/4.1.30.Final/netty-codec-http-4.1.30.Final.jar:/home/user/.m2/repository/io/netty/netty-codec/4.1.30.Final/netty-codec-4.1.30.Final.jar:/home/user/.m2/repository/io/netty/netty-handler/4.1.30.Final/netty-handler-4.1.30.Final.jar:/home/user/.m2/repository/io/netty/netty-handler-proxy/4.1.30.Final/netty-handler-proxy-4.1.30.Final.jar:/home/user/.m2/repository/io/netty/netty-codec-socks/4.1.30.Final/netty-codec-socks-4.1.30.Final.jar:/home/user/.m2/repository/io/netty/netty-transport-native-epoll/4.1.30.Final/netty-transport-native-epoll-4.1.30.Final.jar:/home/user/.m2/repository/io/netty/netty-common/4.1.30.Final/netty-common-4.1.30.Final.jar:/home/user/.m2/repository/io/netty/netty-buffer/4.1.30.Final/netty-buffer-4.1.30.Final.jar:/home/user/.m2/repository/io/netty/netty-transport/4.1.30.Final/netty-transport-4.1.30.Final.jar:/home/user/.m2/repository/io/netty/netty-resolver/4.1.30.Final/netty-resolver-4.1.30.Final.jar:/home/user/.m2/repository/io/netty/netty-transport-native-unix-common/4.1.30.Final/netty-transport-native-unix-common-4.1.30.Final.jar:/home/user/.m2/repository/io/grpc/grpc-protobuf/1.17.1/grpc-protobuf-1.17.1.jar:/home/user/.m2/repository/com/google/api/grpc/proto-google-common-protos/1.0.0/proto-google-common-protos-1.0.0.jar:/home/user/.m2/repository/io/grpc/grpc-protobuf-lite/1.17.1/grpc-protobuf-lite-1.17.1.jar:/home/user/.m2/repository/io/grpc/grpc-stub/1.17.1/grpc-stub-1.17.1.jar:/home/user/.m2/repository/org/apache/hadoop/hadoop-ozone-recon/0.5.0-SNAPSHOT/hadoop-ozone-recon-0.5.0-SNAPSHOT.jar:/home/user/.m2/repository/org/apache/hadoop/hadoop-ozone-reconcodegen/0.5.0-SNAPSHOT/hadoop-ozone-reconcodegen-0.5.0-SNAPSHOT.jar:/home/user/.m2/repository/com/google/inject/extensions/guice-multibindings/4.0/guice-multibindings-4.0.jar:/home/user/.m2/repository/com/google/inject/guice/4.0/guice-4.0.jar:/home/user/.m2/repository/aopalliance/aopalliance/1.0/aopalliance-1.0.jar:/home/user/.m2/repository/org/glassfish/jersey/containers/jersey-container-servlet/2.27/jersey-container-servlet-2.27.jar:/home/user/.m2/repository/org/glassfish/hk2/guice-bridge/2.5.0/guice-bridge-2.5.0.jar:/home/user/.m2/repository/org/glassfish/jersey/core/jersey-server/2.27/jersey-server-2.27.jar:/home/user/.m2/repository/org/glassfish/jersey/core/jersey-client/2.27/jersey-client-2.27.jar:/home/user/.m2/repository/org/glassfish/jersey/media/jersey-media-jaxb/2.27/jersey-media-jaxb-2.27.jar:/home/user/.m2/repository/javax/validation/validation-api/1.1.0.Final/validation-api-1.1.0.Final.jar:/home/user/.m2/repository/org/glassfish/jersey/media/jersey-media-json-jackson/2.27/jersey-media-json-jackson-2.27.jar:/home/user/.m2/repository/org/glassfish/jersey/ext/jersey-entity-filtering/2.27/jersey-entity-filtering-2.27.jar:/home/user/.m2/repository/com/google/inject/extensions/guice-assistedinject/4.0/guice-assistedinject-4.0.jar:/home/user/.m2/repository/org/jooq/jooq/3.11.10/jooq-3.11.10.jar:/home/user/.m2/repository/org/jooq/jooq-meta/3.11.10/jooq-meta-3.11.10.jar:/home/user/.m2/repository/org/jooq/jooq-codegen/3.11.10/jooq-codegen-3.11.10.jar:/home/user/.m2/repository/com/jolbox/bonecp/0.8.0.RELEASE/bonecp-0.8.0.RELEASE.jar:/home/user/.m2/repository/org/springframework/spring-jdbc/5.1.3.RELEASE/spring-jdbc-5.1.3.RELEASE.jar:/home/user/.m2/repository/org/springframework/spring-beans/5.1.3.RELEASE/spring-beans-5.1.3.RELEASE.jar:/home/user/.m2/repository/org/springframework/spring-core/5.1.3.RELEASE/spring-core-5.1.3.RELEASE.jar:/home/user/.m2/repository/org/springframework/spring-jcl/5.1.3.RELEASE/spring-jcl-5.1.3.RELEASE.jar:/home/user/.m2/repository/org/springframework/spring-tx/5.1.3.RELEASE/spring-tx-5.1.3.RELEASE.jar:/home/user/.m2/repository/org/mockito/mockito-all/1.10.19/mockito-all-1.10.19.jar:/home/user/.m2/repository/junit/junit/4.11/junit-4.11.jar:/home/user/.m2/repository/org/hamcrest/hamcrest-core/1.3/hamcrest-core-1.3.jar:/home/user/.m2/repository/org/apache/hadoop/hadoop-distcp/3.2.0/hadoop-distcp-3.2.0.jar:/home/user/.m2/repository/org/apache/hadoop/hadoop-distcp/3.2.0/hadoop-distcp-3.2.0-tests.jar:/home/user/.m2/repository/org/apache/hadoop/hadoop-mapreduce-client-jobclient/3.2.0/hadoop-mapreduce-client-jobclient-3.2.0.jar:/home/user/.m2/repository/org/apache/hadoop/hadoop-mapreduce-client-common/3.2.0/hadoop-mapreduce-client-common-3.2.0.jar:/home/user/.m2/repository/org/apache/hadoop/hadoop-yarn-common/3.2.0/hadoop-yarn-common-3.2.0.jar:/home/user/.m2/repository/org/apache/hadoop/hadoop-yarn-api/3.2.0/hadoop-yarn-api-3.2.0.jar:/home/user/.m2/repository/com/sun/jersey/jersey-client/1.19/jersey-client-1.19.jar:/home/user/.m2/repository/com/sun/jersey/contribs/jersey-guice/1.19/jersey-guice-1.19.jar:/home/user/.m2/repository/com/fasterxml/jackson/jaxrs/jackson-jaxrs-json-provider/2.9.9/jackson-jaxrs-json-provider-2.9.9.jar:/home/user/.m2/repository/com/fasterxml/jackson/jaxrs/jackson-jaxrs-base/2.9.9/jackson-jaxrs-base-2.9.9.jar:/home/user/.m2/repository/org/apache/hadoop/hadoop-yarn-client/3.2.0/hadoop-yarn-client-3.2.0.jar:/home/user/.m2/repository/org/apache/hadoop/hadoop-mapreduce-client-core/3.2.0/hadoop-mapreduce-client-core-3.2.0.jar:/home/user/.m2/repository/com/google/inject/extensions/guice-servlet/4.0/guice-servlet-4.0.jar:/home/user/.m2/repository/org/powermock/powermock-module-junit4/1.6.5/powermock-module-junit4-1.6.5.jar:/home/user/.m2/repository/org/powermock/powermock-module-junit4-common/1.6.5/powermock-module-junit4-common-1.6.5.jar:/home/user/.m2/repository/org/powermock/powermock-core/1.6.5/powermock-core-1.6.5.jar:/home/user/.m2/repository/org/powermock/powermock-reflect/1.6.5/powermock-reflect-1.6.5.jar:/home/user/.m2/repository/org/powermock/powermock-api-mockito/1.6.5/powermock-api-mockito-1.6.5.jar:/home/user/.m2/repository/org/mockito/mockito-core/1.10.19/mockito-core-1.10.19.jar:/home/user/.m2/repository/org/objenesis/objenesis/1.0/objenesis-1.0.jar:/home/user/.m2/repository/org/powermock/powermock-api-mockito-common/1.6.5/powermock-api-mockito-common-1.6.5.jar:/home/user/.m2/repository/org/powermock/powermock-api-support/1.6.5/powermock-api-support-1.6.5.jar:"/>
    <property name="java.vm.vendor" value="Oracle Corporation"/>
    <property name="sun.arch.data.model" value="64"/>
    <property name="test.build.dir" value="/workdir/hadoop-ozone/ozonefs/target/test-dir"/>
    <property name="test.cache.data" value=""/>
    <property name="java.vendor.url" value="http://java.oracle.com/"/>
    <property name="user.timezone" value=""/>
    <property name="java.vm.specification.version" value="1.8"/>
    <property name="os.name" value="Linux"/>
    <property name="test.build.data" value="/workdir/hadoop-ozone/ozonefs/target/test-dir"/>
    <property name="user.country" value="US"/>
    <property name="sun.java.launcher" value="SUN_STANDARD"/>
    <property name="sun.boot.library.path" value="/usr/lib/jvm/java-1.8.0-openjdk-1.8.0.222.b10-1.el7_7.x86_64/jre/lib/amd64"/>
    <property name="sun.java.command" value="/workdir/hadoop-ozone/ozonefs/target/surefire/surefirebooter1580484446902850932.jar /workdir/hadoop-ozone/ozonefs/target/surefire 2019-11-05T15-16-56_242-jvmRun1 surefire8154750028024850504tmp surefire_921798187979664966825tmp"/>
    <property name="surefire.test.class.path" value="/workdir/hadoop-ozone/ozonefs/target/test-classes:/workdir/hadoop-ozone/ozonefs/target/classes:/home/user/.m2/repository/org/apache/hadoop/hadoop-common/3.2.0/hadoop-common-3.2.0.jar:/home/user/.m2/repository/org/apache/hadoop/hadoop-annotations/3.2.0/hadoop-annotations-3.2.0.jar:/usr/lib/jvm/java-1.8.0-openjdk-1.8.0.222.b10-1.el7_7.x86_64/jre/../lib/tools.jar:/home/user/.m2/repository/com/google/guava/guava/11.0.2/guava-11.0.2.jar:/home/user/.m2/repository/commons-cli/commons-cli/1.2/commons-cli-1.2.jar:/home/user/.m2/repository/org/apache/commons/commons-math3/3.1.1/commons-math3-3.1.1.jar:/home/user/.m2/repository/commons-codec/commons-codec/1.11/commons-codec-1.11.jar:/home/user/.m2/repository/commons-io/commons-io/2.5/commons-io-2.5.jar:/home/user/.m2/repository/commons-net/commons-net/3.6/commons-net-3.6.jar:/home/user/.m2/repository/commons-collections/commons-collections/3.2.2/commons-collections-3.2.2.jar:/home/user/.m2/repository/javax/servlet/javax.servlet-api/3.1.0/javax.servlet-api-3.1.0.jar:/home/user/.m2/repository/org/eclipse/jetty/jetty-server/9.3.25.v20180904/jetty-server-9.3.25.v20180904.jar:/home/user/.m2/repository/org/eclipse/jetty/jetty-http/9.3.25.v20180904/jetty-http-9.3.25.v20180904.jar:/home/user/.m2/repository/org/eclipse/jetty/jetty-io/9.3.25.v20180904/jetty-io-9.3.25.v20180904.jar:/home/user/.m2/repository/org/eclipse/jetty/jetty-util/9.3.25.v20180904/jetty-util-9.3.25.v20180904.jar:/home/user/.m2/repository/org/eclipse/jetty/jetty-servlet/9.3.25.v20180904/jetty-servlet-9.3.25.v20180904.jar:/home/user/.m2/repository/org/eclipse/jetty/jetty-security/9.3.25.v20180904/jetty-security-9.3.25.v20180904.jar:/home/user/.m2/repository/org/eclipse/jetty/jetty-webapp/9.3.25.v20180904/jetty-webapp-9.3.25.v20180904.jar:/home/user/.m2/repository/org/eclipse/jetty/jetty-xml/9.3.25.v20180904/jetty-xml-9.3.25.v20180904.jar:/home/user/.m2/repository/javax/servlet/jsp/jsp-api/2.1/jsp-api-2.1.jar:/home/user/.m2/repository/com/sun/jersey/jersey-core/1.19/jersey-core-1.19.jar:/home/user/.m2/repository/javax/ws/rs/jsr311-api/1.1.1/jsr311-api-1.1.1.jar:/home/user/.m2/repository/com/sun/jersey/jersey-servlet/1.19/jersey-servlet-1.19.jar:/home/user/.m2/repository/com/sun/jersey/jersey-json/1.19/jersey-json-1.19.jar:/home/user/.m2/repository/org/codehaus/jettison/jettison/1.1/jettison-1.1.jar:/home/user/.m2/repository/com/sun/xml/bind/jaxb-impl/2.3.0.1/jaxb-impl-2.3.0.1.jar:/home/user/.m2/repository/org/codehaus/jackson/jackson-core-asl/1.9.13/jackson-core-asl-1.9.13.jar:/home/user/.m2/repository/org/codehaus/jackson/jackson-mapper-asl/1.9.13/jackson-mapper-asl-1.9.13.jar:/home/user/.m2/repository/org/codehaus/jackson/jackson-jaxrs/1.9.13/jackson-jaxrs-1.9.13.jar:/home/user/.m2/repository/org/codehaus/jackson/jackson-xc/1.9.13/jackson-xc-1.9.13.jar:/home/user/.m2/repository/com/sun/jersey/jersey-server/1.19/jersey-server-1.19.jar:/home/user/.m2/repository/commons-logging/commons-logging/1.1.3/commons-logging-1.1.3.jar:/home/user/.m2/repository/log4j/log4j/1.2.17/log4j-1.2.17.jar:/home/user/.m2/repository/commons-beanutils/commons-beanutils/1.9.4/commons-beanutils-1.9.4.jar:/home/user/.m2/repository/org/apache/commons/commons-configuration2/2.1.1/commons-configuration2-2.1.1.jar:/home/user/.m2/repository/org/apache/commons/commons-lang3/3.7/commons-lang3-3.7.jar:/home/user/.m2/repository/org/apache/commons/commons-text/1.4/commons-text-1.4.jar:/home/user/.m2/repository/org/slf4j/slf4j-api/1.7.25/slf4j-api-1.7.25.jar:/home/user/.m2/repository/org/slf4j/slf4j-log4j12/1.7.25/slf4j-log4j12-1.7.25.jar:/home/user/.m2/repository/org/apache/avro/avro/1.7.7/avro-1.7.7.jar:/home/user/.m2/repository/com/thoughtworks/paranamer/paranamer/2.3/paranamer-2.3.jar:/home/user/.m2/repository/org/xerial/snappy/snappy-java/1.0.5/snappy-java-1.0.5.jar:/home/user/.m2/repository/com/google/re2j/re2j/1.1/re2j-1.1.jar:/home/user/.m2/repository/com/google/protobuf/protobuf-java/2.5.0/protobuf-java-2.5.0.jar:/home/user/.m2/repository/com/google/code/gson/gson/2.2.4/gson-2.2.4.jar:/home/user/.m2/repository/org/apache/hadoop/hadoop-auth/3.2.0/hadoop-auth-3.2.0.jar:/home/user/.m2/repository/com/nimbusds/nimbus-jose-jwt/4.41.1/nimbus-jose-jwt-4.41.1.jar:/home/user/.m2/repository/com/github/stephenc/jcip/jcip-annotations/1.0-1/jcip-annotations-1.0-1.jar:/home/user/.m2/repository/net/minidev/json-smart/2.3/json-smart-2.3.jar:/home/user/.m2/repository/net/minidev/accessors-smart/1.2/accessors-smart-1.2.jar:/home/user/.m2/repository/org/apache/curator/curator-framework/2.12.0/curator-framework-2.12.0.jar:/home/user/.m2/repository/com/jcraft/jsch/0.1.54/jsch-0.1.54.jar:/home/user/.m2/repository/org/apache/curator/curator-client/2.12.0/curator-client-2.12.0.jar:/home/user/.m2/repository/org/apache/curator/curator-recipes/2.12.0/curator-recipes-2.12.0.jar:/home/user/.m2/repository/com/google/code/findbugs/jsr305/3.0.0/jsr305-3.0.0.jar:/home/user/.m2/repository/org/apache/htrace/htrace-core4/4.1.0-incubating/htrace-core4-4.1.0-incubating.jar:/home/user/.m2/repository/org/apache/zookeeper/zookeeper/3.4.13/zookeeper-3.4.13.jar:/home/user/.m2/repository/jline/jline/0.9.94/jline-0.9.94.jar:/home/user/.m2/repository/org/apache/yetus/audience-annotations/0.5.0/audience-annotations-0.5.0.jar:/home/user/.m2/repository/org/apache/commons/commons-compress/1.4.1/commons-compress-1.4.1.jar:/home/user/.m2/repository/org/tukaani/xz/1.0/xz-1.0.jar:/home/user/.m2/repository/org/apache/kerby/kerb-simplekdc/1.0.1/kerb-simplekdc-1.0.1.jar:/home/user/.m2/repository/org/apache/kerby/kerb-client/1.0.1/kerb-client-1.0.1.jar:/home/user/.m2/repository/org/apache/kerby/kerby-config/1.0.1/kerby-config-1.0.1.jar:/home/user/.m2/repository/org/apache/kerby/kerb-core/1.0.1/kerb-core-1.0.1.jar:/home/user/.m2/repository/org/apache/kerby/kerby-pkix/1.0.1/kerby-pkix-1.0.1.jar:/home/user/.m2/repository/org/apache/kerby/kerby-asn1/1.0.1/kerby-asn1-1.0.1.jar:/home/user/.m2/repository/org/apache/kerby/kerby-util/1.0.1/kerby-util-1.0.1.jar:/home/user/.m2/repository/org/apache/kerby/kerb-common/1.0.1/kerb-common-1.0.1.jar:/home/user/.m2/repository/org/apache/kerby/kerb-crypto/1.0.1/kerb-crypto-1.0.1.jar:/home/user/.m2/repository/org/apache/kerby/kerb-util/1.0.1/kerb-util-1.0.1.jar:/home/user/.m2/repository/org/apache/kerby/token-provider/1.0.1/token-provider-1.0.1.jar:/home/user/.m2/repository/org/apache/kerby/kerb-admin/1.0.1/kerb-admin-1.0.1.jar:/home/user/.m2/repository/org/apache/kerby/kerb-server/1.0.1/kerb-server-1.0.1.jar:/home/user/.m2/repository/org/apache/kerby/kerb-identity/1.0.1/kerb-identity-1.0.1.jar:/home/user/.m2/repository/org/apache/kerby/kerby-xdr/1.0.1/kerby-xdr-1.0.1.jar:/home/user/.m2/repository/com/fasterxml/jackson/core/jackson-databind/2.9.9/jackson-databind-2.9.9.jar:/home/user/.m2/repository/com/fasterxml/jackson/core/jackson-annotations/2.9.9/jackson-annotations-2.9.9.jar:/home/user/.m2/repository/com/fasterxml/jackson/core/jackson-core/2.9.9/jackson-core-2.9.9.jar:/home/user/.m2/repository/org/codehaus/woodstox/stax2-api/3.1.4/stax2-api-3.1.4.jar:/home/user/.m2/repository/com/fasterxml/woodstox/woodstox-core/5.0.3/woodstox-core-5.0.3.jar:/home/user/.m2/repository/dnsjava/dnsjava/2.1.7/dnsjava-2.1.7.jar:/home/user/.m2/repository/org/apache/hadoop/hadoop-hdfs/3.2.0/hadoop-hdfs-3.2.0.jar:/home/user/.m2/repository/org/eclipse/jetty/jetty-util-ajax/9.3.25.v20180904/jetty-util-ajax-9.3.25.v20180904.jar:/home/user/.m2/repository/commons-daemon/commons-daemon/1.0.13/commons-daemon-1.0.13.jar:/home/user/.m2/repository/io/netty/netty/3.10.5.Final/netty-3.10.5.Final.jar:/home/user/.m2/repository/io/netty/netty-all/4.0.52.Final/netty-all-4.0.52.Final.jar:/home/user/.m2/repository/org/fusesource/leveldbjni/leveldbjni-all/1.8/leveldbjni-all-1.8.jar:/home/user/.m2/repository/org/apache/hadoop/hadoop-hdds-common/0.5.0-SNAPSHOT/hadoop-hdds-common-0.5.0-SNAPSHOT.jar:/home/user/.m2/repository/org/apache/hadoop/hadoop-hdds-config/0.5.0-SNAPSHOT/hadoop-hdds-config-0.5.0-SNAPSHOT.jar:/home/user/.m2/repository/javax/annotation/javax.annotation-api/1.2/javax.annotation-api-1.2.jar:/home/user/.m2/repository/org/apache/ratis/ratis-server/0.5.0-d6d58d0-SNAPSHOT/ratis-server-0.5.0-d6d58d0-SNAPSHOT.jar:/home/user/.m2/repository/org/apache/ratis/ratis-thirdparty-misc/0.2.0/ratis-thirdparty-misc-0.2.0.jar:/home/user/.m2/repository/org/apache/ratis/ratis-proto/0.5.0-d6d58d0-SNAPSHOT/ratis-proto-0.5.0-d6d58d0-SNAPSHOT.jar:/home/user/.m2/repository/org/apache/ratis/ratis-common/0.5.0-d6d58d0-SNAPSHOT/ratis-common-0.5.0-d6d58d0-SNAPSHOT.jar:/home/user/.m2/repository/org/apache/ratis/ratis-client/0.5.0-d6d58d0-SNAPSHOT/ratis-client-0.5.0-d6d58d0-SNAPSHOT.jar:/home/user/.m2/repository/org/apache/ratis/ratis-metrics/0.5.0-d6d58d0-SNAPSHOT/ratis-metrics-0.5.0-d6d58d0-SNAPSHOT.jar:/home/user/.m2/repository/org/apache/ratis/ratis-netty/0.5.0-d6d58d0-SNAPSHOT/ratis-netty-0.5.0-d6d58d0-SNAPSHOT.jar:/home/user/.m2/repository/org/apache/ratis/ratis-grpc/0.5.0-d6d58d0-SNAPSHOT/ratis-grpc-0.5.0-d6d58d0-SNAPSHOT.jar:/home/user/.m2/repository/org/rocksdb/rocksdbjni/6.0.1/rocksdbjni-6.0.1.jar:/home/user/.m2/repository/org/apache/logging/log4j/log4j-api/2.11.0/log4j-api-2.11.0.jar:/home/user/.m2/repository/org/apache/logging/log4j/log4j-core/2.11.0/log4j-core-2.11.0.jar:/home/user/.m2/repository/com/lmax/disruptor/3.4.2/disruptor-3.4.2.jar:/home/user/.m2/repository/org/apache/commons/commons-pool2/2.6.0/commons-pool2-2.6.0.jar:/home/user/.m2/repository/org/bouncycastle/bcpkix-jdk15on/1.60/bcpkix-jdk15on-1.60.jar:/home/user/.m2/repository/commons-validator/commons-validator/1.6/commons-validator-1.6.jar:/home/user/.m2/repository/commons-digester/commons-digester/1.8.1/commons-digester-1.8.1.jar:/home/user/.m2/repository/io/jaegertracing/jaeger-client/0.34.0/jaeger-client-0.34.0.jar:/home/user/.m2/repository/io/jaegertracing/jaeger-thrift/0.34.0/jaeger-thrift-0.34.0.jar:/home/user/.m2/repository/org/apache/thrift/libthrift/0.12.0/libthrift-0.12.0.jar:/home/user/.m2/repository/com/squareup/okhttp3/okhttp/3.9.0/okhttp-3.9.0.jar:/home/user/.m2/repository/com/squareup/okio/okio/1.13.0/okio-1.13.0.jar:/home/user/.m2/repository/io/jaegertracing/jaeger-core/0.34.0/jaeger-core-0.34.0.jar:/home/user/.m2/repository/io/jaegertracing/jaeger-tracerresolver/0.34.0/jaeger-tracerresolver-0.34.0.jar:/home/user/.m2/repository/io/opentracing/contrib/opentracing-tracerresolver/0.1.5/opentracing-tracerresolver-0.1.5.jar:/home/user/.m2/repository/io/opentracing/opentracing-util/0.31.0/opentracing-util-0.31.0.jar:/home/user/.m2/repository/io/opentracing/opentracing-api/0.31.0/opentracing-api-0.31.0.jar:/home/user/.m2/repository/io/opentracing/opentracing-noop/0.31.0/opentracing-noop-0.31.0.jar:/home/user/.m2/repository/org/yaml/snakeyaml/1.16/snakeyaml-1.16.jar:/home/user/.m2/repository/org/apache/hadoop/hadoop-hdfs-client/3.2.0/hadoop-hdfs-client-3.2.0.jar:/home/user/.m2/repository/info/picocli/picocli/3.9.6/picocli-3.9.6.jar:/home/user/.m2/repository/org/apache/hadoop/hadoop-hdds-server-scm/0.5.0-SNAPSHOT/hadoop-hdds-server-scm-0.5.0-SNAPSHOT.jar:/home/user/.m2/repository/org/apache/hadoop/hadoop-hdds-docs/0.5.0-SNAPSHOT/hadoop-hdds-docs-0.5.0-SNAPSHOT.jar:/home/user/.m2/repository/io/dropwizard/metrics/metrics-core/3.2.4/metrics-core-3.2.4.jar:/home/user/.m2/repository/org/hamcrest/hamcrest-all/1.3/hamcrest-all-1.3.jar:/home/user/.m2/repository/org/bouncycastle/bcprov-jdk15on/1.60/bcprov-jdk15on-1.60.jar:/home/user/.m2/repository/org/apache/hadoop/hadoop-hdds-server-framework/0.5.0-SNAPSHOT/hadoop-hdds-server-framework-0.5.0-SNAPSHOT.jar:/home/user/.m2/repository/org/apache/hadoop/hadoop-ozone-ozone-manager/0.5.0-SNAPSHOT/hadoop-ozone-ozone-manager-0.5.0-SNAPSHOT.jar:/home/user/.m2/repository/org/apache/hadoop/hadoop-hdds-container-service/0.5.0-SNAPSHOT/hadoop-hdds-container-service-0.5.0-SNAPSHOT.jar:/home/user/.m2/repository/org/apache/hadoop/hadoop-hdds-client/0.5.0-SNAPSHOT/hadoop-hdds-client-0.5.0-SNAPSHOT.jar:/home/user/.m2/repository/org/apache/hadoop/hadoop-ozone-common/0.5.0-SNAPSHOT/hadoop-ozone-common-0.5.0-SNAPSHOT.jar:/home/user/.m2/repository/org/apache/hadoop/hadoop-hdds-tools/0.5.0-SNAPSHOT/hadoop-hdds-tools-0.5.0-SNAPSHOT.jar:/home/user/.m2/repository/org/xerial/sqlite-jdbc/3.25.2/sqlite-jdbc-3.25.2.jar:/home/user/.m2/repository/org/apache/httpcomponents/httpclient/4.5.2/httpclient-4.5.2.jar:/home/user/.m2/repository/org/apache/httpcomponents/httpcore/4.4.4/httpcore-4.4.4.jar:/home/user/.m2/repository/com/github/spotbugs/spotbugs/3.1.12/spotbugs-3.1.12.jar:/home/user/.m2/repository/org/ow2/asm/asm/5.0.4/asm-5.0.4.jar:/home/user/.m2/repository/org/ow2/asm/asm-analysis/7.0/asm-analysis-7.0.jar:/home/user/.m2/repository/org/ow2/asm/asm-commons/7.0/asm-commons-7.0.jar:/home/user/.m2/repository/org/ow2/asm/asm-tree/7.0/asm-tree-7.0.jar:/home/user/.m2/repository/org/ow2/asm/asm-util/7.0/asm-util-7.0.jar:/home/user/.m2/repository/org/apache/bcel/bcel/6.3/bcel-6.3.jar:/home/user/.m2/repository/net/jcip/jcip-annotations/1.0/jcip-annotations-1.0.jar:/home/user/.m2/repository/org/dom4j/dom4j/2.1.1/dom4j-2.1.1.jar:/home/user/.m2/repository/jaxen/jaxen/1.1.6/jaxen-1.1.6.jar:/home/user/.m2/repository/commons-lang/commons-lang/2.6/commons-lang-2.6.jar:/home/user/.m2/repository/com/github/spotbugs/spotbugs-annotations/3.1.12/spotbugs-annotations-3.1.12.jar:/home/user/.m2/repository/org/apache/hadoop/hadoop-common/3.2.0/hadoop-common-3.2.0-tests.jar:/home/user/.m2/repository/org/apache/hadoop/hadoop-ozone-client/0.5.0-SNAPSHOT/hadoop-ozone-client-0.5.0-SNAPSHOT.jar:/home/user/.m2/repository/org/apache/hadoop/hadoop-hdfs/3.2.0/hadoop-hdfs-3.2.0-tests.jar:/workdir/hadoop-ozone/integration-test/target/test-classes:/home/user/.m2/repository/org/apache/hadoop/hadoop-ozone-s3gateway/0.5.0-SNAPSHOT/hadoop-ozone-s3gateway-0.5.0-SNAPSHOT.jar:/home/user/.m2/repository/org/jboss/weld/servlet/weld-servlet/2.4.7.Final/weld-servlet-2.4.7.Final.jar:/home/user/.m2/repository/org/glassfish/jersey/containers/jersey-container-servlet-core/2.27/jersey-container-servlet-core-2.27.jar:/home/user/.m2/repository/org/glassfish/hk2/external/javax.inject/2.5.0-b42/javax.inject-2.5.0-b42.jar:/home/user/.m2/repository/org/glassfish/jersey/core/jersey-common/2.27/jersey-common-2.27.jar:/home/user/.m2/repository/org/glassfish/hk2/osgi-resource-locator/1.0.1/osgi-resource-locator-1.0.1.jar:/home/user/.m2/repository/javax/ws/rs/javax.ws.rs-api/2.1/javax.ws.rs-api-2.1.jar:/home/user/.m2/repository/org/glassfish/jersey/ext/cdi/jersey-cdi1x/2.27/jersey-cdi1x-2.27.jar:/home/user/.m2/repository/org/glassfish/jersey/inject/jersey-hk2/2.27/jersey-hk2-2.27.jar:/home/user/.m2/repository/org/glassfish/hk2/hk2-locator/2.5.0-b42/hk2-locator-2.5.0-b42.jar:/home/user/.m2/repository/org/javassist/javassist/3.22.0-CR2/javassist-3.22.0-CR2.jar:/home/user/.m2/repository/org/glassfish/hk2/hk2-api/2.5.0/hk2-api-2.5.0.jar:/home/user/.m2/repository/org/glassfish/hk2/external/jakarta.inject/2.5.0/jakarta.inject-2.5.0.jar:/home/user/.m2/repository/org/glassfish/hk2/hk2-utils/2.5.0/hk2-utils-2.5.0.jar:/home/user/.m2/repository/jakarta/annotation/jakarta.annotation-api/1.3.4/jakarta.annotation-api-1.3.4.jar:/home/user/.m2/repository/org/glassfish/hk2/external/aopalliance-repackaged/2.5.0/aopalliance-repackaged-2.5.0.jar:/home/user/.m2/repository/com/fasterxml/jackson/dataformat/jackson-dataformat-xml/2.9.0/jackson-dataformat-xml-2.9.0.jar:/home/user/.m2/repository/com/fasterxml/jackson/module/jackson-module-jaxb-annotations/2.9.9/jackson-module-jaxb-annotations-2.9.9.jar:/home/user/.m2/repository/javax/enterprise/cdi-api/1.2/cdi-api-1.2.jar:/home/user/.m2/repository/javax/el/javax.el-api/3.0.0/javax.el-api-3.0.0.jar:/home/user/.m2/repository/javax/interceptor/javax.interceptor-api/1.2/javax.interceptor-api-1.2.jar:/home/user/.m2/repository/javax/inject/javax.inject/1/javax.inject-1.jar:/home/user/.m2/repository/com/sun/xml/bind/jaxb-core/2.3.0.1/jaxb-core-2.3.0.1.jar:/home/user/.m2/repository/javax/xml/bind/jaxb-api/2.3.0/jaxb-api-2.3.0.jar:/home/user/.m2/repository/javax/activation/activation/1.1.1/activation-1.1.1.jar:/home/user/.m2/repository/org/apache/hadoop/hadoop-ozone-csi/0.5.0-SNAPSHOT/hadoop-ozone-csi-0.5.0-SNAPSHOT.jar:/home/user/.m2/repository/com/google/protobuf/protobuf-java-util/3.5.1/protobuf-java-util-3.5.1.jar:/home/user/.m2/repository/io/grpc/grpc-netty/1.17.1/grpc-netty-1.17.1.jar:/home/user/.m2/repository/io/grpc/grpc-core/1.17.1/grpc-core-1.17.1.jar:/home/user/.m2/repository/io/grpc/grpc-context/1.17.1/grpc-context-1.17.1.jar:/home/user/.m2/repository/com/google/errorprone/error_prone_annotations/2.2.0/error_prone_annotations-2.2.0.jar:/home/user/.m2/repository/org/codehaus/mojo/animal-sniffer-annotations/1.17/animal-sniffer-annotations-1.17.jar:/home/user/.m2/repository/io/opencensus/opencensus-api/0.17.0/opencensus-api-0.17.0.jar:/home/user/.m2/repository/io/opencensus/opencensus-contrib-grpc-metrics/0.17.0/opencensus-contrib-grpc-metrics-0.17.0.jar:/home/user/.m2/repository/io/netty/netty-codec-http2/4.1.30.Final/netty-codec-http2-4.1.30.Final.jar:/home/user/.m2/repository/io/netty/netty-codec-http/4.1.30.Final/netty-codec-http-4.1.30.Final.jar:/home/user/.m2/repository/io/netty/netty-codec/4.1.30.Final/netty-codec-4.1.30.Final.jar:/home/user/.m2/repository/io/netty/netty-handler/4.1.30.Final/netty-handler-4.1.30.Final.jar:/home/user/.m2/repository/io/netty/netty-handler-proxy/4.1.30.Final/netty-handler-proxy-4.1.30.Final.jar:/home/user/.m2/repository/io/netty/netty-codec-socks/4.1.30.Final/netty-codec-socks-4.1.30.Final.jar:/home/user/.m2/repository/io/netty/netty-transport-native-epoll/4.1.30.Final/netty-transport-native-epoll-4.1.30.Final.jar:/home/user/.m2/repository/io/netty/netty-common/4.1.30.Final/netty-common-4.1.30.Final.jar:/home/user/.m2/repository/io/netty/netty-buffer/4.1.30.Final/netty-buffer-4.1.30.Final.jar:/home/user/.m2/repository/io/netty/netty-transport/4.1.30.Final/netty-transport-4.1.30.Final.jar:/home/user/.m2/repository/io/netty/netty-resolver/4.1.30.Final/netty-resolver-4.1.30.Final.jar:/home/user/.m2/repository/io/netty/netty-transport-native-unix-common/4.1.30.Final/netty-transport-native-unix-common-4.1.30.Final.jar:/home/user/.m2/repository/io/grpc/grpc-protobuf/1.17.1/grpc-protobuf-1.17.1.jar:/home/user/.m2/repository/com/google/api/grpc/proto-google-common-protos/1.0.0/proto-google-common-protos-1.0.0.jar:/home/user/.m2/repository/io/grpc/grpc-protobuf-lite/1.17.1/grpc-protobuf-lite-1.17.1.jar:/home/user/.m2/repository/io/grpc/grpc-stub/1.17.1/grpc-stub-1.17.1.jar:/home/user/.m2/repository/org/apache/hadoop/hadoop-ozone-recon/0.5.0-SNAPSHOT/hadoop-ozone-recon-0.5.0-SNAPSHOT.jar:/home/user/.m2/repository/org/apache/hadoop/hadoop-ozone-reconcodegen/0.5.0-SNAPSHOT/hadoop-ozone-reconcodegen-0.5.0-SNAPSHOT.jar:/home/user/.m2/repository/com/google/inject/extensions/guice-multibindings/4.0/guice-multibindings-4.0.jar:/home/user/.m2/repository/com/google/inject/guice/4.0/guice-4.0.jar:/home/user/.m2/repository/aopalliance/aopalliance/1.0/aopalliance-1.0.jar:/home/user/.m2/repository/org/glassfish/jersey/containers/jersey-container-servlet/2.27/jersey-container-servlet-2.27.jar:/home/user/.m2/repository/org/glassfish/hk2/guice-bridge/2.5.0/guice-bridge-2.5.0.jar:/home/user/.m2/repository/org/glassfish/jersey/core/jersey-server/2.27/jersey-server-2.27.jar:/home/user/.m2/repository/org/glassfish/jersey/core/jersey-client/2.27/jersey-client-2.27.jar:/home/user/.m2/repository/org/glassfish/jersey/media/jersey-media-jaxb/2.27/jersey-media-jaxb-2.27.jar:/home/user/.m2/repository/javax/validation/validation-api/1.1.0.Final/validation-api-1.1.0.Final.jar:/home/user/.m2/repository/org/glassfish/jersey/media/jersey-media-json-jackson/2.27/jersey-media-json-jackson-2.27.jar:/home/user/.m2/repository/org/glassfish/jersey/ext/jersey-entity-filtering/2.27/jersey-entity-filtering-2.27.jar:/home/user/.m2/repository/com/google/inject/extensions/guice-assistedinject/4.0/guice-assistedinject-4.0.jar:/home/user/.m2/repository/org/jooq/jooq/3.11.10/jooq-3.11.10.jar:/home/user/.m2/repository/org/jooq/jooq-meta/3.11.10/jooq-meta-3.11.10.jar:/home/user/.m2/repository/org/jooq/jooq-codegen/3.11.10/jooq-codegen-3.11.10.jar:/home/user/.m2/repository/com/jolbox/bonecp/0.8.0.RELEASE/bonecp-0.8.0.RELEASE.jar:/home/user/.m2/repository/org/springframework/spring-jdbc/5.1.3.RELEASE/spring-jdbc-5.1.3.RELEASE.jar:/home/user/.m2/repository/org/springframework/spring-beans/5.1.3.RELEASE/spring-beans-5.1.3.RELEASE.jar:/home/user/.m2/repository/org/springframework/spring-core/5.1.3.RELEASE/spring-core-5.1.3.RELEASE.jar:/home/user/.m2/repository/org/springframework/spring-jcl/5.1.3.RELEASE/spring-jcl-5.1.3.RELEASE.jar:/home/user/.m2/repository/org/springframework/spring-tx/5.1.3.RELEASE/spring-tx-5.1.3.RELEASE.jar:/home/user/.m2/repository/org/mockito/mockito-all/1.10.19/mockito-all-1.10.19.jar:/home/user/.m2/repository/junit/junit/4.11/junit-4.11.jar:/home/user/.m2/repository/org/hamcrest/hamcrest-core/1.3/hamcrest-core-1.3.jar:/home/user/.m2/repository/org/apache/hadoop/hadoop-distcp/3.2.0/hadoop-distcp-3.2.0.jar:/home/user/.m2/repository/org/apache/hadoop/hadoop-distcp/3.2.0/hadoop-distcp-3.2.0-tests.jar:/home/user/.m2/repository/org/apache/hadoop/hadoop-mapreduce-client-jobclient/3.2.0/hadoop-mapreduce-client-jobclient-3.2.0.jar:/home/user/.m2/repository/org/apache/hadoop/hadoop-mapreduce-client-common/3.2.0/hadoop-mapreduce-client-common-3.2.0.jar:/home/user/.m2/repository/org/apache/hadoop/hadoop-yarn-common/3.2.0/hadoop-yarn-common-3.2.0.jar:/home/user/.m2/repository/org/apache/hadoop/hadoop-yarn-api/3.2.0/hadoop-yarn-api-3.2.0.jar:/home/user/.m2/repository/com/sun/jersey/jersey-client/1.19/jersey-client-1.19.jar:/home/user/.m2/repository/com/sun/jersey/contribs/jersey-guice/1.19/jersey-guice-1.19.jar:/home/user/.m2/repository/com/fasterxml/jackson/jaxrs/jackson-jaxrs-json-provider/2.9.9/jackson-jaxrs-json-provider-2.9.9.jar:/home/user/.m2/repository/com/fasterxml/jackson/jaxrs/jackson-jaxrs-base/2.9.9/jackson-jaxrs-base-2.9.9.jar:/home/user/.m2/repository/org/apache/hadoop/hadoop-yarn-client/3.2.0/hadoop-yarn-client-3.2.0.jar:/home/user/.m2/repository/org/apache/hadoop/hadoop-mapreduce-client-core/3.2.0/hadoop-mapreduce-client-core-3.2.0.jar:/home/user/.m2/repository/com/google/inject/extensions/guice-servlet/4.0/guice-servlet-4.0.jar:/home/user/.m2/repository/org/powermock/powermock-module-junit4/1.6.5/powermock-module-junit4-1.6.5.jar:/home/user/.m2/repository/org/powermock/powermock-module-junit4-common/1.6.5/powermock-module-junit4-common-1.6.5.jar:/home/user/.m2/repository/org/powermock/powermock-core/1.6.5/powermock-core-1.6.5.jar:/home/user/.m2/repository/org/powermock/powermock-reflect/1.6.5/powermock-reflect-1.6.5.jar:/home/user/.m2/repository/org/powermock/powermock-api-mockito/1.6.5/powermock-api-mockito-1.6.5.jar:/home/user/.m2/repository/org/mockito/mockito-core/1.10.19/mockito-core-1.10.19.jar:/home/user/.m2/repository/org/objenesis/objenesis/1.0/objenesis-1.0.jar:/home/user/.m2/repository/org/powermock/powermock-api-mockito-common/1.6.5/powermock-api-mockito-common-1.6.5.jar:/home/user/.m2/repository/org/powermock/powermock-api-support/1.6.5/powermock-api-support-1.6.5.jar:"/>
    <property name="sun.cpu.endian" value="little"/>
    <property name="user.home" value="/home/user"/>
    <property name="user.language" value="en"/>
    <property name="java.specification.vendor" value="Oracle Corporation"/>
    <property name="java.home" value="/usr/lib/jvm/java-1.8.0-openjdk-1.8.0.222.b10-1.el7_7.x86_64/jre"/>
    <property name="surefire.excludesFile" value="/tools/ozone-bad-unit-tests"/>
    <property name="java.security.krb5.conf" value="/workdir/hadoop-ozone/ozonefs/target/test-classes/krb5.conf"/>
    <property name="basedir" value="/workdir/hadoop-ozone/ozonefs"/>
    <property name="file.separator" value="/"/>
    <property name="line.separator" value="&#10;"/>
    <property name="java.vm.specification.vendor" value="Oracle Corporation"/>
    <property name="java.specification.name" value="Java Platform API Specification"/>
    <property name="java.awt.graphicsenv" value="sun.awt.X11GraphicsEnvironment"/>
    <property name="surefire.real.class.path" value="/workdir/hadoop-ozone/ozonefs/target/surefire/surefirebooter1580484446902850932.jar"/>
    <property name="hadoop.log.dir" value="/workdir/hadoop-ozone/ozonefs/target/log"/>
    <property name="sun.boot.class.path" value="/usr/lib/jvm/java-1.8.0-openjdk-1.8.0.222.b10-1.el7_7.x86_64/jre/lib/resources.jar:/usr/lib/jvm/java-1.8.0-openjdk-1.8.0.222.b10-1.el7_7.x86_64/jre/lib/rt.jar:/usr/lib/jvm/java-1.8.0-openjdk-1.8.0.222.b10-1.el7_7.x86_64/jre/lib/sunrsasign.jar:/usr/lib/jvm/java-1.8.0-openjdk-1.8.0.222.b10-1.el7_7.x86_64/jre/lib/jsse.jar:/usr/lib/jvm/java-1.8.0-openjdk-1.8.0.222.b10-1.el7_7.x86_64/jre/lib/jce.jar:/usr/lib/jvm/java-1.8.0-openjdk-1.8.0.222.b10-1.el7_7.x86_64/jre/lib/charsets.jar:/usr/lib/jvm/java-1.8.0-openjdk-1.8.0.222.b10-1.el7_7.x86_64/jre/lib/jfr.jar:/usr/lib/jvm/java-1.8.0-openjdk-1.8.0.222.b10-1.el7_7.x86_64/jre/classes"/>
    <property name="sun.management.compiler" value="HotSpot 64-Bit Tiered Compilers"/>
    <property name="java.runtime.version" value="1.8.0_222-b10"/>
    <property name="java.net.preferIPv4Stack" value="true"/>
    <property name="user.name" value="jenkins1000"/>
    <property name="path.separator" value=":"/>
    <property name="java.security.egd" value="file:///dev/urandom"/>
    <property name="os.version" value="3.10.0-957.12.2.el7.x86_64"/>
    <property name="java.endorsed.dirs" value="/usr/lib/jvm/java-1.8.0-openjdk-1.8.0.222.b10-1.el7_7.x86_64/jre/lib/endorsed"/>
    <property name="java.runtime.name" value="OpenJDK Runtime Environment"/>
    <property name="file.encoding" value="ANSI_X3.4-1968"/>
    <property name="java.vm.name" value="OpenJDK 64-Bit Server VM"/>
    <property name="test.build.webapps" value=""/>
    <property name="localRepository" value="/home/user/.m2/repository"/>
    <property name="java.vendor.url.bug" value="http://bugreport.sun.com/bugreport/"/>
    <property name="java.io.tmpdir" value="/tmp"/>
    <property name="require.test.libhadoop" value=""/>
    <property name="java.version" value="1.8.0_222"/>
    <property name="user.dir" value="/workdir/hadoop-ozone/ozonefs"/>
    <property name="os.arch" value="amd64"/>
    <property name="java.vm.specification.name" value="Java Virtual Machine Specification"/>
    <property name="test.build.classes" value="/workdir/hadoop-ozone/ozonefs/target/test-classes"/>
    <property name="java.awt.printerjob" value="sun.print.PSPrinterJob"/>
    <property name="sun.os.patch.level" value="unknown"/>
    <property name="hadoop.tmp.dir" value="/workdir/hadoop-ozone/ozonefs/target/tmp"/>
    <property name="java.library.path" value="/usr/lib:/workdir/hadoop-ozone/ozonefs/target/native/target/usr/local/lib:/workdir/hadoop-ozone/ozonefs/../../hadoop-common-project/hadoop-common/target/native/target/usr/local/lib:/usr/java/packages/lib/amd64:/usr/lib64:/lib64:/lib:/usr/lib"/>
    <property name="java.vm.info" value="mixed mode"/>
    <property name="java.vendor" value="Oracle Corporation"/>
    <property name="java.vm.version" value="25.222-b10"/>
    <property name="java.ext.dirs" value="/usr/lib/jvm/java-1.8.0-openjdk-1.8.0.222.b10-1.el7_7.x86_64/jre/lib/ext:/usr/java/packages/lib/ext"/>
    <property name="sun.io.unicode.encoding" value="UnicodeLittle"/>
    <property name="java.class.version" value="52.0"/>
  </properties>
  <testcase name="testUpdateDeepDirectoryStructureNoChange" classname="org.apache.hadoop.fs.ozone.contract.ITestOzoneContractDistCp" time="16.417">
    <error message="DistCp failure: Job job_local1577771646_0002 has failed: NA" type="java.io.IOException">java.io.IOException: DistCp failure: Job job_local1577771646_0002 has failed: NA
	at org.apache.hadoop.tools.DistCp.waitForJobCompletion(DistCp.java:230)
	at org.apache.hadoop.tools.DistCp.execute(DistCp.java:185)
	at org.apache.hadoop.tools.contract.AbstractContractDistCpTest.runDistCp(AbstractContractDistCpTest.java:560)
	at org.apache.hadoop.tools.contract.AbstractContractDistCpTest.distCpUpdate(AbstractContractDistCpTest.java:316)
	at org.apache.hadoop.tools.contract.AbstractContractDistCpTest.testUpdateDeepDirectoryStructureNoChange(AbstractContractDistCpTest.java:234)
	at sun.reflect.NativeMethodAccessorImpl.invoke0(Native Method)
	at sun.reflect.NativeMethodAccessorImpl.invoke(NativeMethodAccessorImpl.java:62)
	at sun.reflect.DelegatingMethodAccessorImpl.invoke(DelegatingMethodAccessorImpl.java:43)
	at java.lang.reflect.Method.invoke(Method.java:498)
	at org.junit.runners.model.FrameworkMethod$1.runReflectiveCall(FrameworkMethod.java:47)
	at org.junit.internal.runners.model.ReflectiveCallable.run(ReflectiveCallable.java:12)
	at org.junit.runners.model.FrameworkMethod.invokeExplosively(FrameworkMethod.java:44)
	at org.junit.internal.runners.statements.InvokeMethod.evaluate(InvokeMethod.java:17)
	at org.junit.internal.runners.statements.RunBefores.evaluate(RunBefores.java:26)
	at org.junit.internal.runners.statements.RunAfters.evaluate(RunAfters.java:27)
	at org.junit.rules.TestWatcher$1.evaluate(TestWatcher.java:55)
	at org.junit.rules.TestWatcher$1.evaluate(TestWatcher.java:55)
	at org.junit.internal.runners.statements.FailOnTimeout$StatementThread.run(FailOnTimeout.java:74)
</error>
    <system-out><![CDATA[2019-11-05 17:31:08,346 [JUnit] WARN  server.ServerUtils (ServerUtils.java:getScmDbDir(145)) - ozone.scm.db.dirs is not configured. We recommend adding this setting. Falling back to ozone.metadata.dirs instead.
2019-11-05 17:31:08,512 [JUnit] WARN  server.ServerUtils (ServerUtils.java:getScmDbDir(145)) - ozone.scm.db.dirs is not configured. We recommend adding this setting. Falling back to ozone.metadata.dirs instead.
2019-11-05 17:31:08,522 [JUnit] WARN  server.ServerUtils (ServerUtils.java:getScmDbDir(145)) - ozone.scm.db.dirs is not configured. We recommend adding this setting. Falling back to ozone.metadata.dirs instead.
2019-11-05 17:31:08,568 [JUnit] INFO  util.log (Log.java:initialized(192)) - Logging initialized @1813ms
2019-11-05 17:31:08,738 [JUnit] INFO  db.DBStoreBuilder (DBStoreBuilder.java:addTable(127)) - using custom profile for table: deletedBlocks
2019-11-05 17:31:08,739 [JUnit] INFO  db.DBStoreBuilder (DBStoreBuilder.java:processTables(183)) - Using default column profile:DBProfile.DISK for Table:deletedBlocks
2019-11-05 17:31:08,739 [JUnit] INFO  db.DBStoreBuilder (DBStoreBuilder.java:addTable(127)) - using custom profile for table: validCerts
2019-11-05 17:31:08,740 [JUnit] INFO  db.DBStoreBuilder (DBStoreBuilder.java:processTables(183)) - Using default column profile:DBProfile.DISK for Table:validCerts
2019-11-05 17:31:08,740 [JUnit] INFO  db.DBStoreBuilder (DBStoreBuilder.java:addTable(127)) - using custom profile for table: revokedCerts
2019-11-05 17:31:08,740 [JUnit] INFO  db.DBStoreBuilder (DBStoreBuilder.java:processTables(183)) - Using default column profile:DBProfile.DISK for Table:revokedCerts
2019-11-05 17:31:08,756 [JUnit] INFO  db.DBStoreBuilder (DBStoreBuilder.java:addTable(127)) - using custom profile for table: default
2019-11-05 17:31:08,757 [JUnit] INFO  db.DBStoreBuilder (DBStoreBuilder.java:processTables(189)) - Using default column profile:DBProfile.DISK for Table:default
2019-11-05 17:31:08,759 [JUnit] INFO  db.DBStoreBuilder (DBStoreBuilder.java:getDbProfile(220)) - Using default options. DBProfile.DISK
2019-11-05 17:31:09,069 [JUnit] INFO  net.NodeSchemaLoader (NodeSchemaLoader.java:loadSchemaFromFile(125)) - Loading file from sun.misc.CompoundEnumeration@31190526
2019-11-05 17:31:09,071 [JUnit] INFO  net.NodeSchemaLoader (NodeSchemaLoader.java:loadSchema(171)) - Loading network topology layer schema file
2019-11-05 17:31:09,154 [JUnit] WARN  server.ServerUtils (ServerUtils.java:sanitizeUserArgs(70)) - ozone.scm.stale.node.interval value = 300000 is larger than max = 100000 based on the key value of ozone.scm.heartbeat.thread.interval, reset to the max value 100000.
2019-11-05 17:31:09,157 [JUnit] WARN  server.ServerUtils (ServerUtils.java:sanitizeUserArgs(70)) - ozone.scm.stale.node.interval value = 300000 is larger than max = 100000 based on the key value of ozone.scm.heartbeat.thread.interval, reset to the max value 100000.
2019-11-05 17:31:09,161 [JUnit] INFO  node.SCMNodeManager (SCMNodeManager.java:<init>(116)) - Entering startup safe mode.
2019-11-05 17:31:09,332 [JUnit] INFO  algorithms.ContainerPlacementPolicyFactory (ContainerPlacementPolicyFactory.java:getPolicy(57)) - Create container placement policy of type org.apache.hadoop.hdds.scm.container.placement.algorithms.SCMContainerPlacementRandom
2019-11-05 17:31:09,354 [JUnit] WARN  server.ServerUtils (ServerUtils.java:getScmDbDir(145)) - ozone.scm.db.dirs is not configured. We recommend adding this setting. Falling back to ozone.metadata.dirs instead.
2019-11-05 17:31:09,429 [JUnit] INFO  pipeline.SCMPipelineManager (SCMPipelineManager.java:initializePipelineState(132)) - No pipeline exists in current db
2019-11-05 17:31:09,433 [JUnit] WARN  server.ServerUtils (ServerUtils.java:getScmDbDir(145)) - ozone.scm.db.dirs is not configured. We recommend adding this setting. Falling back to ozone.metadata.dirs instead.
2019-11-05 17:31:09,560 [JUnit] WARN  events.EventQueue (EventQueue.java:fireEvent(183)) - No event handler registered for event TypedEvent{payloadType=SafeModeStatus, name='SafeModeStatus'}
2019-11-05 17:31:09,995 [JUnit] INFO  ipc.CallQueueManager (CallQueueManager.java:<init>(84)) - Using callQueue: class java.util.concurrent.LinkedBlockingQueue, queueCapacity: 2000, scheduler: class org.apache.hadoop.ipc.DefaultRpcScheduler, ipcBackoff: false.
2019-11-05 17:31:10,097 [Socket Reader #1 for port 44109] INFO  ipc.Server (Server.java:run(1074)) - Starting Socket Reader #1 for port 44109
2019-11-05 17:31:10,120 [JUnit] INFO  ipc.CallQueueManager (CallQueueManager.java:<init>(84)) - Using callQueue: class java.util.concurrent.LinkedBlockingQueue, queueCapacity: 2000, scheduler: class org.apache.hadoop.ipc.DefaultRpcScheduler, ipcBackoff: false.
2019-11-05 17:31:10,121 [Socket Reader #1 for port 46410] INFO  ipc.Server (Server.java:run(1074)) - Starting Socket Reader #1 for port 46410
2019-11-05 17:31:10,129 [JUnit] INFO  ipc.CallQueueManager (CallQueueManager.java:<init>(84)) - Using callQueue: class java.util.concurrent.LinkedBlockingQueue, queueCapacity: 2000, scheduler: class org.apache.hadoop.ipc.DefaultRpcScheduler, ipcBackoff: false.
2019-11-05 17:31:10,130 [Socket Reader #1 for port 44000] INFO  ipc.Server (Server.java:run(1074)) - Starting Socket Reader #1 for port 44000
2019-11-05 17:31:10,151 [JUnit] INFO  hdfs.DFSUtil (DFSUtil.java:httpServerTemplateForNNAndJN(1641)) - Starting Web-server for scm at: http://0.0.0.0:0
2019-11-05 17:31:10,253 [JUnit] INFO  server.AuthenticationFilter (AuthenticationFilter.java:constructSecretProvider(240)) - Unable to initialize FileSignerSecretProvider, falling back to use random secrets.
2019-11-05 17:31:10,267 [JUnit] WARN  http.HttpRequestLog (HttpRequestLog.java:getRequestLog(97)) - Jetty request log can only be enabled using Log4j
2019-11-05 17:31:10,276 [JUnit] INFO  http.HttpServer2 (HttpServer2.java:addGlobalFilter(975)) - Added global filter 'safety' (class=org.apache.hadoop.http.HttpServer2$QuotingInputFilter)
2019-11-05 17:31:10,278 [JUnit] INFO  http.HttpServer2 (HttpServer2.java:addFilter(948)) - Added filter static_user_filter (class=org.apache.hadoop.http.lib.StaticUserWebFilter$StaticUserFilter) to context scm
2019-11-05 17:31:10,278 [JUnit] INFO  http.HttpServer2 (HttpServer2.java:addFilter(958)) - Added filter static_user_filter (class=org.apache.hadoop.http.lib.StaticUserWebFilter$StaticUserFilter) to context logs
2019-11-05 17:31:10,279 [JUnit] INFO  http.HttpServer2 (HttpServer2.java:addFilter(958)) - Added filter static_user_filter (class=org.apache.hadoop.http.lib.StaticUserWebFilter$StaticUserFilter) to context static
2019-11-05 17:31:10,303 [JUnit] INFO  server.StorageContainerManager (StorageContainerManager.java:start(764)) - StorageContainerLocationProtocol RPC server is listening at /0.0.0.0:44000
2019-11-05 17:31:10,351 [JUnit] WARN  impl.MetricsConfig (MetricsConfig.java:loadFirst(134)) - Cannot locate configuration: tried hadoop-metrics2-storagecontainermanager.properties,hadoop-metrics2.properties
2019-11-05 17:31:10,366 [JUnit] INFO  impl.MetricsSystemImpl (MetricsSystemImpl.java:startTimer(374)) - Scheduled Metric snapshot period at 10 second(s).
2019-11-05 17:31:10,366 [JUnit] INFO  impl.MetricsSystemImpl (MetricsSystemImpl.java:start(191)) - StorageContainerManager metrics system started
2019-11-05 17:31:10,575 [JUnit] INFO  server.SCMClientProtocolServer (SCMClientProtocolServer.java:start(159)) - RPC server for Client  is listening at /0.0.0.0:44000
2019-11-05 17:31:10,576 [IPC Server Responder] INFO  ipc.Server (Server.java:run(1314)) - IPC Server Responder: starting
2019-11-05 17:31:10,576 [IPC Server listener on 44000] INFO  ipc.Server (Server.java:run(1153)) - IPC Server listener on 44000: starting
2019-11-05 17:31:10,579 [JUnit] INFO  server.StorageContainerManager (StorageContainerManager.java:start(774)) - ScmBlockLocationProtocol RPC server is listening at /0.0.0.0:46410
2019-11-05 17:31:10,580 [JUnit] INFO  server.SCMBlockProtocolServer (SCMBlockProtocolServer.java:start(146)) - RPC server for Block Protocol is listening at /0.0.0.0:46410
2019-11-05 17:31:10,581 [IPC Server Responder] INFO  ipc.Server (Server.java:run(1314)) - IPC Server Responder: starting
2019-11-05 17:31:10,581 [IPC Server listener on 46410] INFO  ipc.Server (Server.java:run(1153)) - IPC Server listener on 46410: starting
2019-11-05 17:31:10,583 [JUnit] INFO  server.StorageContainerManager (StorageContainerManager.java:start(778)) - ScmDatanodeProtocl RPC server is listening at /0.0.0.0:44109
2019-11-05 17:31:10,584 [JUnit] INFO  server.SCMDatanodeProtocolServer (SCMDatanodeProtocolServer.java:start(169)) - RPC server for DataNodes is listening at /0.0.0.0:44109
2019-11-05 17:31:10,585 [IPC Server Responder] INFO  ipc.Server (Server.java:run(1314)) - IPC Server Responder: starting
2019-11-05 17:31:10,585 [IPC Server listener on 44109] INFO  ipc.Server (Server.java:run(1153)) - IPC Server listener on 44109: starting
2019-11-05 17:31:10,590 [JUnit] INFO  http.HttpServer2 (HttpServer2.java:bindListener(1191)) - Jetty bound to port 38153
2019-11-05 17:31:10,592 [JUnit] INFO  server.Server (Server.java:doStart(351)) - jetty-9.3.25.v20180904, build timestamp: 2018-09-04T21:11:46Z, git hash: 3ce520221d0240229c862b122d2b06c12a625732
2019-11-05 17:31:10,636 [JUnit] INFO  handler.ContextHandler (ContextHandler.java:doStart(781)) - Started o.e.j.s.ServletContextHandler@7096b474{/logs,file:///workdir/hadoop-ozone/ozonefs/target/log,AVAILABLE}
2019-11-05 17:31:10,637 [JUnit] INFO  handler.ContextHandler (ContextHandler.java:doStart(781)) - Started o.e.j.s.ServletContextHandler@3d3ba765{/static,jar:file:/home/user/.m2/repository/org/apache/hadoop/hadoop-hdds-server-scm/0.5.0-SNAPSHOT/hadoop-hdds-server-scm-0.5.0-SNAPSHOT.jar!/webapps/static,AVAILABLE}
2019-11-05 17:31:11,106 [JUnit] INFO  handler.ContextHandler (ContextHandler.java:doStart(781)) - Started o.e.j.w.WebAppContext@797501a{/,file:///tmp/jetty-0.0.0.0-38153-scm-_-any-385722265322958487.dir/webapp/,AVAILABLE}{/scm}
2019-11-05 17:31:11,112 [JUnit] INFO  server.AbstractConnector (AbstractConnector.java:doStart(278)) - Started ServerConnector@285f09de{HTTP/1.1,[http/1.1]}{0.0.0.0:38153}
2019-11-05 17:31:11,112 [JUnit] INFO  server.Server (Server.java:doStart(419)) - Started @4357ms
2019-11-05 17:31:11,114 [JUnit] INFO  impl.MetricsSinkAdapter (MetricsSinkAdapter.java:start(204)) - Sink prometheus started
2019-11-05 17:31:11,115 [JUnit] INFO  impl.MetricsSystemImpl (MetricsSystemImpl.java:registerSink(301)) - Registered sink prometheus
2019-11-05 17:31:11,116 [JUnit] INFO  server.BaseHttpServer (BaseHttpServer.java:updateConnectorAddress(215)) - HTTP server of SCM is listening at http://0.0.0.0:38153
2019-11-05 17:31:11,121 [org.apache.hadoop.util.JvmPauseMonitor$Monitor@345e5a17] INFO  util.JvmPauseMonitor (JvmPauseMonitor.java:run(188)) - Starting JVM pause monitor
2019-11-05 17:31:11,125 [JUnit] WARN  server.ServerUtils (ServerUtils.java:getDBPath(222)) - ozone.om.db.dirs is not configured. We recommend adding this setting. Falling back to ozone.metadata.dirs instead.
2019-11-05 17:31:11,258 [JUnit] INFO  ha.OMHANodeDetails (OMHANodeDetails.java:loadOMHAConfig(190)) - Configuration either no ozone.om.address set. Falling back to the default OM address /127.0.0.1:0
2019-11-05 17:31:11,258 [JUnit] INFO  ha.OMHANodeDetails (OMHANodeDetails.java:getOMNodeDetails(220)) - OM Service ID is not set. Setting it to the default ID: omServiceIdDefault
2019-11-05 17:31:11,261 [JUnit] WARN  server.ServerUtils (ServerUtils.java:getDBPath(222)) - ozone.om.db.dirs is not configured. We recommend adding this setting. Falling back to ozone.metadata.dirs instead.
2019-11-05 17:31:11,262 [JUnit] WARN  server.ServerUtils (ServerUtils.java:getDBPath(222)) - ozone.om.db.dirs is not configured. We recommend adding this setting. Falling back to ozone.metadata.dirs instead.
2019-11-05 17:31:12,785 [JUnit] WARN  server.ServerUtils (ServerUtils.java:getDBPath(222)) - ozone.om.db.dirs is not configured. We recommend adding this setting. Falling back to ozone.metadata.dirs instead.
2019-11-05 17:31:12,798 [JUnit] INFO  db.DBStoreBuilder (DBStoreBuilder.java:addTable(127)) - using custom profile for table: userTable
2019-11-05 17:31:12,799 [JUnit] INFO  db.DBStoreBuilder (DBStoreBuilder.java:processTables(183)) - Using default column profile:DBProfile.DISK for Table:userTable
2019-11-05 17:31:12,799 [JUnit] INFO  db.DBStoreBuilder (DBStoreBuilder.java:addTable(127)) - using custom profile for table: volumeTable
2019-11-05 17:31:12,800 [JUnit] INFO  db.DBStoreBuilder (DBStoreBuilder.java:processTables(183)) - Using default column profile:DBProfile.DISK for Table:volumeTable
2019-11-05 17:31:12,800 [JUnit] INFO  db.DBStoreBuilder (DBStoreBuilder.java:addTable(127)) - using custom profile for table: bucketTable
2019-11-05 17:31:12,800 [JUnit] INFO  db.DBStoreBuilder (DBStoreBuilder.java:processTables(183)) - Using default column profile:DBProfile.DISK for Table:bucketTable
2019-11-05 17:31:12,801 [JUnit] INFO  db.DBStoreBuilder (DBStoreBuilder.java:addTable(127)) - using custom profile for table: keyTable
2019-11-05 17:31:12,801 [JUnit] INFO  db.DBStoreBuilder (DBStoreBuilder.java:processTables(183)) - Using default column profile:DBProfile.DISK for Table:keyTable
2019-11-05 17:31:12,801 [JUnit] INFO  db.DBStoreBuilder (DBStoreBuilder.java:addTable(127)) - using custom profile for table: deletedTable
2019-11-05 17:31:12,802 [JUnit] INFO  db.DBStoreBuilder (DBStoreBuilder.java:processTables(183)) - Using default column profile:DBProfile.DISK for Table:deletedTable
2019-11-05 17:31:12,802 [JUnit] INFO  db.DBStoreBuilder (DBStoreBuilder.java:addTable(127)) - using custom profile for table: openKeyTable
2019-11-05 17:31:12,802 [JUnit] INFO  db.DBStoreBuilder (DBStoreBuilder.java:processTables(183)) - Using default column profile:DBProfile.DISK for Table:openKeyTable
2019-11-05 17:31:12,803 [JUnit] INFO  db.DBStoreBuilder (DBStoreBuilder.java:addTable(127)) - using custom profile for table: s3Table
2019-11-05 17:31:12,803 [JUnit] INFO  db.DBStoreBuilder (DBStoreBuilder.java:processTables(183)) - Using default column profile:DBProfile.DISK for Table:s3Table
2019-11-05 17:31:12,804 [JUnit] INFO  db.DBStoreBuilder (DBStoreBuilder.java:addTable(127)) - using custom profile for table: multipartInfoTable
2019-11-05 17:31:12,804 [JUnit] INFO  db.DBStoreBuilder (DBStoreBuilder.java:processTables(183)) - Using default column profile:DBProfile.DISK for Table:multipartInfoTable
2019-11-05 17:31:12,805 [JUnit] INFO  db.DBStoreBuilder (DBStoreBuilder.java:addTable(127)) - using custom profile for table: dTokenTable
2019-11-05 17:31:12,805 [JUnit] INFO  db.DBStoreBuilder (DBStoreBuilder.java:processTables(183)) - Using default column profile:DBProfile.DISK for Table:dTokenTable
2019-11-05 17:31:12,805 [JUnit] INFO  db.DBStoreBuilder (DBStoreBuilder.java:addTable(127)) - using custom profile for table: s3SecretTable
2019-11-05 17:31:12,806 [JUnit] INFO  db.DBStoreBuilder (DBStoreBuilder.java:processTables(183)) - Using default column profile:DBProfile.DISK for Table:s3SecretTable
2019-11-05 17:31:12,806 [JUnit] INFO  db.DBStoreBuilder (DBStoreBuilder.java:addTable(127)) - using custom profile for table: prefixTable
2019-11-05 17:31:12,806 [JUnit] INFO  db.DBStoreBuilder (DBStoreBuilder.java:processTables(183)) - Using default column profile:DBProfile.DISK for Table:prefixTable
2019-11-05 17:31:12,807 [JUnit] INFO  db.DBStoreBuilder (DBStoreBuilder.java:addTable(127)) - using custom profile for table: default
2019-11-05 17:31:12,807 [JUnit] INFO  db.DBStoreBuilder (DBStoreBuilder.java:processTables(189)) - Using default column profile:DBProfile.DISK for Table:default
2019-11-05 17:31:12,807 [JUnit] INFO  db.DBStoreBuilder (DBStoreBuilder.java:getDbProfile(220)) - Using default options. DBProfile.DISK
2019-11-05 17:31:14,011 [JUnit] INFO  ipc.CallQueueManager (CallQueueManager.java:<init>(84)) - Using callQueue: class java.util.concurrent.LinkedBlockingQueue, queueCapacity: 2000, scheduler: class org.apache.hadoop.ipc.DefaultRpcScheduler, ipcBackoff: false.
2019-11-05 17:31:14,012 [Socket Reader #1 for port 37190] INFO  ipc.Server (Server.java:run(1074)) - Starting Socket Reader #1 for port 37190
2019-11-05 17:31:14,047 [JUnit] INFO  om.OzoneManager (OzoneManager.java:start(1076)) - OzoneManager RPC server is listening at localhost/127.0.0.1:37190
2019-11-05 17:31:14,047 [JUnit] INFO  impl.MetricsSystemImpl (MetricsSystemImpl.java:init(158)) - OzoneManager metrics system started (again)
2019-11-05 17:31:14,058 [IPC Server Responder] INFO  ipc.Server (Server.java:run(1314)) - IPC Server Responder: starting
2019-11-05 17:31:14,058 [IPC Server listener on 37190] INFO  ipc.Server (Server.java:run(1153)) - IPC Server listener on 37190: starting
2019-11-05 17:31:14,069 [JUnit] INFO  hdfs.DFSUtil (DFSUtil.java:httpServerTemplateForNNAndJN(1641)) - Starting Web-server for ozoneManager at: http://0.0.0.0:0
2019-11-05 17:31:14,072 [JUnit] INFO  server.AuthenticationFilter (AuthenticationFilter.java:constructSecretProvider(240)) - Unable to initialize FileSignerSecretProvider, falling back to use random secrets.
2019-11-05 17:31:14,073 [JUnit] WARN  http.HttpRequestLog (HttpRequestLog.java:getRequestLog(97)) - Jetty request log can only be enabled using Log4j
2019-11-05 17:31:14,076 [JUnit] INFO  http.HttpServer2 (HttpServer2.java:addGlobalFilter(975)) - Added global filter 'safety' (class=org.apache.hadoop.http.HttpServer2$QuotingInputFilter)
2019-11-05 17:31:14,077 [JUnit] INFO  http.HttpServer2 (HttpServer2.java:addFilter(948)) - Added filter static_user_filter (class=org.apache.hadoop.http.lib.StaticUserWebFilter$StaticUserFilter) to context ozoneManager
2019-11-05 17:31:14,077 [JUnit] INFO  http.HttpServer2 (HttpServer2.java:addFilter(958)) - Added filter static_user_filter (class=org.apache.hadoop.http.lib.StaticUserWebFilter$StaticUserFilter) to context static
2019-11-05 17:31:14,078 [JUnit] INFO  http.HttpServer2 (HttpServer2.java:addFilter(958)) - Added filter static_user_filter (class=org.apache.hadoop.http.lib.StaticUserWebFilter$StaticUserFilter) to context logs
2019-11-05 17:31:14,082 [JUnit] INFO  http.HttpServer2 (HttpServer2.java:bindListener(1191)) - Jetty bound to port 42741
2019-11-05 17:31:14,083 [JUnit] INFO  server.Server (Server.java:doStart(351)) - jetty-9.3.25.v20180904, build timestamp: 2018-09-04T21:11:46Z, git hash: 3ce520221d0240229c862b122d2b06c12a625732
2019-11-05 17:31:14,086 [JUnit] INFO  handler.ContextHandler (ContextHandler.java:doStart(781)) - Started o.e.j.s.ServletContextHandler@4a55a6e8{/logs,file:///workdir/hadoop-ozone/ozonefs/target/log,AVAILABLE}
2019-11-05 17:31:14,087 [JUnit] INFO  handler.ContextHandler (ContextHandler.java:doStart(781)) - Started o.e.j.s.ServletContextHandler@226b143b{/static,jar:file:/home/user/.m2/repository/org/apache/hadoop/hadoop-ozone-ozone-manager/0.5.0-SNAPSHOT/hadoop-ozone-ozone-manager-0.5.0-SNAPSHOT.jar!/webapps/static,AVAILABLE}
2019-11-05 17:31:14,143 [JUnit] INFO  handler.ContextHandler (ContextHandler.java:doStart(781)) - Started o.e.j.w.WebAppContext@476ec9d0{/,file:///tmp/jetty-0.0.0.0-42741-ozoneManager-_-any-5313103617349848258.dir/webapp/,AVAILABLE}{/ozoneManager}
2019-11-05 17:31:14,145 [JUnit] INFO  server.AbstractConnector (AbstractConnector.java:doStart(278)) - Started ServerConnector@325bb9a6{HTTP/1.1,[http/1.1]}{0.0.0.0:42741}
2019-11-05 17:31:14,146 [JUnit] INFO  server.Server (Server.java:doStart(419)) - Started @7391ms
2019-11-05 17:31:14,146 [JUnit] WARN  impl.MetricsSystemImpl (MetricsSystemImpl.java:register(276)) - Sink prometheus already exists!
2019-11-05 17:31:14,148 [JUnit] INFO  server.BaseHttpServer (BaseHttpServer.java:updateConnectorAddress(215)) - HTTP server of OZONEMANAGER is listening at http://0.0.0.0:42741
2019-11-05 17:31:14,453 [JUnit] INFO  impl.MetricsSystemImpl (MetricsSystemImpl.java:init(158)) - HddsDatanode metrics system started (again)
2019-11-05 17:31:14,525 [JUnit] INFO  ozone.HddsDatanodeService (HddsDatanodeService.java:start(183)) - HddsDatanodeService host:pr-hdds-1987-xp2v8-1198919540 ip:192.168.157.254
2019-11-05 17:31:14,574 [JUnit] INFO  volume.HddsVolume (HddsVolume.java:<init>(176)) - Creating Volume: /workdir/hadoop-ozone/ozonefs/target/test-dir/MiniOzoneClusterImpl-767f3287-592e-494b-ab0e-1186b72b6444/datanode-0/data/containers/hdds of  storage type : DISK and capacity : 1482555576320
2019-11-05 17:31:14,577 [JUnit] INFO  volume.VolumeSet (VolumeSet.java:initializeVolumeSet(170)) - Added Volume : /workdir/hadoop-ozone/ozonefs/target/test-dir/MiniOzoneClusterImpl-767f3287-592e-494b-ab0e-1186b72b6444/datanode-0/data/containers/hdds to VolumeSet
2019-11-05 17:31:14,581 [JUnit] INFO  volume.ThrottledAsyncChecker (ThrottledAsyncChecker.java:schedule(141)) - Scheduling a check for /workdir/hadoop-ozone/ozonefs/target/test-dir/MiniOzoneClusterImpl-767f3287-592e-494b-ab0e-1186b72b6444/datanode-0/data/containers/hdds
2019-11-05 17:31:14,606 [JUnit] INFO  volume.HddsVolumeChecker (HddsVolumeChecker.java:checkAllVolumes(204)) - Scheduled health check for volume /workdir/hadoop-ozone/ozonefs/target/test-dir/MiniOzoneClusterImpl-767f3287-592e-494b-ab0e-1186b72b6444/datanode-0/data/containers/hdds
2019-11-05 17:31:14,795 [JUnit] INFO  impl.RaftServerProxy (ConfUtils.java:logGet(43)) - raft.rpc.type = GRPC (default)
2019-11-05 17:31:14,892 [JUnit] INFO  grpc.GrpcFactory (GrpcFactory.java:checkPooledByteBufAllocatorUseCacheForAllThreads(45)) - PERFORMANCE WARNING: useCacheForAllThreads is true that may cause Netty to create a lot garbage objects and, as a result, trigger GC.
	It is recommended to disable useCacheForAllThreads by setting -Dorg.apache.ratis.thirdparty.io.netty.allocator.useCacheForAllThreads=false in command line.
2019-11-05 17:31:14,902 [JUnit] INFO  grpc.GrpcConfigKeys$Server (ConfUtils.java:logGet(43)) - raft.grpc.server.port = 0 (default)
2019-11-05 17:31:14,912 [JUnit] INFO  server.GrpcService (ConfUtils.java:logGet(43)) - raft.grpc.message.size.max = 33570816 (custom)
2019-11-05 17:31:14,915 [JUnit] INFO  server.RaftServerConfigKeys (ConfUtils.java:logGet(43)) - raft.server.log.appender.buffer.byte-limit = 33554432 (custom)
2019-11-05 17:31:14,916 [JUnit] INFO  server.GrpcService (ConfUtils.java:logGet(43)) - raft.grpc.flow.control.window = 1MB (=1048576) (default)
2019-11-05 17:31:14,918 [JUnit] INFO  server.RaftServerConfigKeys (ConfUtils.java:logGet(43)) - raft.server.rpc.request.timeout = 3000ms (default)
2019-11-05 17:31:15,186 [JUnit] INFO  server.RaftServerConfigKeys (ConfUtils.java:logGet(43)) - raft.server.storage.dir = [/workdir/hadoop-ozone/ozonefs/target/test-dir/MiniOzoneClusterImpl-767f3287-592e-494b-ab0e-1186b72b6444/datanode-0/data/ratis] (custom)
2019-11-05 17:31:15,272 [JUnit] INFO  hdfs.DFSUtil (DFSUtil.java:httpServerTemplateForNNAndJN(1641)) - Starting Web-server for hddsDatanode at: http://0.0.0.0:0
2019-11-05 17:31:15,275 [JUnit] INFO  server.AuthenticationFilter (AuthenticationFilter.java:constructSecretProvider(240)) - Unable to initialize FileSignerSecretProvider, falling back to use random secrets.
2019-11-05 17:31:15,275 [JUnit] WARN  http.HttpRequestLog (HttpRequestLog.java:getRequestLog(97)) - Jetty request log can only be enabled using Log4j
2019-11-05 17:31:15,280 [JUnit] INFO  http.HttpServer2 (HttpServer2.java:addGlobalFilter(975)) - Added global filter 'safety' (class=org.apache.hadoop.http.HttpServer2$QuotingInputFilter)
2019-11-05 17:31:15,282 [JUnit] INFO  http.HttpServer2 (HttpServer2.java:addFilter(948)) - Added filter static_user_filter (class=org.apache.hadoop.http.lib.StaticUserWebFilter$StaticUserFilter) to context hddsDatanode
2019-11-05 17:31:15,283 [JUnit] INFO  http.HttpServer2 (HttpServer2.java:addFilter(958)) - Added filter static_user_filter (class=org.apache.hadoop.http.lib.StaticUserWebFilter$StaticUserFilter) to context logs
2019-11-05 17:31:15,283 [JUnit] INFO  http.HttpServer2 (HttpServer2.java:addFilter(958)) - Added filter static_user_filter (class=org.apache.hadoop.http.lib.StaticUserWebFilter$StaticUserFilter) to context static
2019-11-05 17:31:15,284 [JUnit] INFO  http.HttpServer2 (HttpServer2.java:bindListener(1191)) - Jetty bound to port 46863
2019-11-05 17:31:15,285 [JUnit] INFO  server.Server (Server.java:doStart(351)) - jetty-9.3.25.v20180904, build timestamp: 2018-09-04T21:11:46Z, git hash: 3ce520221d0240229c862b122d2b06c12a625732
2019-11-05 17:31:15,289 [JUnit] INFO  handler.ContextHandler (ContextHandler.java:doStart(781)) - Started o.e.j.s.ServletContextHandler@77774571{/logs,file:///workdir/hadoop-ozone/ozonefs/target/log,AVAILABLE}
2019-11-05 17:31:15,290 [JUnit] INFO  handler.ContextHandler (ContextHandler.java:doStart(781)) - Started o.e.j.s.ServletContextHandler@6cd64ee8{/static,jar:file:/home/user/.m2/repository/org/apache/hadoop/hadoop-hdds-container-service/0.5.0-SNAPSHOT/hadoop-hdds-container-service-0.5.0-SNAPSHOT.jar!/webapps/static,AVAILABLE}
2019-11-05 17:31:15,344 [JUnit] INFO  handler.ContextHandler (ContextHandler.java:doStart(781)) - Started o.e.j.w.WebAppContext@59072e9d{/,file:///tmp/jetty-0.0.0.0-46863-hddsDatanode-_-any-6949522598996236148.dir/webapp/,AVAILABLE}{/hddsDatanode}
2019-11-05 17:31:15,354 [JUnit] INFO  server.AbstractConnector (AbstractConnector.java:doStart(278)) - Started ServerConnector@58472096{HTTP/1.1,[http/1.1]}{0.0.0.0:46863}
2019-11-05 17:31:15,355 [JUnit] INFO  server.Server (Server.java:doStart(419)) - Started @8600ms
2019-11-05 17:31:15,355 [JUnit] WARN  impl.MetricsSystemImpl (MetricsSystemImpl.java:register(276)) - Sink prometheus already exists!
2019-11-05 17:31:15,358 [JUnit] INFO  server.BaseHttpServer (BaseHttpServer.java:updateConnectorAddress(215)) - HTTP server of HDDSDATANODE is listening at http://0.0.0.0:46863
2019-11-05 17:31:15,359 [JUnit] INFO  impl.MetricsSystemImpl (MetricsSystemImpl.java:init(158)) - HddsDatanode metrics system started (again)
2019-11-05 17:31:15,377 [JUnit] INFO  ozone.HddsDatanodeService (HddsDatanodeService.java:start(183)) - HddsDatanodeService host:pr-hdds-1987-xp2v8-1198919540 ip:192.168.157.254
2019-11-05 17:31:15,380 [org.apache.hadoop.util.JvmPauseMonitor$Monitor@566de87b] INFO  util.JvmPauseMonitor (JvmPauseMonitor.java:run(188)) - Starting JVM pause monitor
2019-11-05 17:31:15,429 [JUnit] INFO  volume.HddsVolume (HddsVolume.java:<init>(176)) - Creating Volume: /workdir/hadoop-ozone/ozonefs/target/test-dir/MiniOzoneClusterImpl-767f3287-592e-494b-ab0e-1186b72b6444/datanode-1/data/containers/hdds of  storage type : DISK and capacity : 1482555576320
2019-11-05 17:31:15,430 [JUnit] INFO  volume.VolumeSet (VolumeSet.java:initializeVolumeSet(170)) - Added Volume : /workdir/hadoop-ozone/ozonefs/target/test-dir/MiniOzoneClusterImpl-767f3287-592e-494b-ab0e-1186b72b6444/datanode-1/data/containers/hdds to VolumeSet
2019-11-05 17:31:15,430 [JUnit] INFO  volume.ThrottledAsyncChecker (ThrottledAsyncChecker.java:schedule(141)) - Scheduling a check for /workdir/hadoop-ozone/ozonefs/target/test-dir/MiniOzoneClusterImpl-767f3287-592e-494b-ab0e-1186b72b6444/datanode-1/data/containers/hdds
2019-11-05 17:31:15,441 [JUnit] INFO  volume.HddsVolumeChecker (HddsVolumeChecker.java:checkAllVolumes(204)) - Scheduled health check for volume /workdir/hadoop-ozone/ozonefs/target/test-dir/MiniOzoneClusterImpl-767f3287-592e-494b-ab0e-1186b72b6444/datanode-1/data/containers/hdds
2019-11-05 17:31:15,482 [JUnit] INFO  impl.RaftServerProxy (ConfUtils.java:logGet(43)) - raft.rpc.type = GRPC (default)
2019-11-05 17:31:15,482 [JUnit] INFO  grpc.GrpcFactory (GrpcFactory.java:checkPooledByteBufAllocatorUseCacheForAllThreads(45)) - PERFORMANCE WARNING: useCacheForAllThreads is true that may cause Netty to create a lot garbage objects and, as a result, trigger GC.
	It is recommended to disable useCacheForAllThreads by setting -Dorg.apache.ratis.thirdparty.io.netty.allocator.useCacheForAllThreads=false in command line.
2019-11-05 17:31:15,483 [JUnit] INFO  grpc.GrpcConfigKeys$Server (ConfUtils.java:logGet(43)) - raft.grpc.server.port = 0 (default)
2019-11-05 17:31:15,483 [JUnit] INFO  server.GrpcService (ConfUtils.java:logGet(43)) - raft.grpc.message.size.max = 33570816 (custom)
2019-11-05 17:31:15,484 [JUnit] INFO  server.RaftServerConfigKeys (ConfUtils.java:logGet(43)) - raft.server.log.appender.buffer.byte-limit = 33554432 (custom)
2019-11-05 17:31:15,484 [JUnit] INFO  server.GrpcService (ConfUtils.java:logGet(43)) - raft.grpc.flow.control.window = 1MB (=1048576) (default)
2019-11-05 17:31:15,484 [JUnit] INFO  server.RaftServerConfigKeys (ConfUtils.java:logGet(43)) - raft.server.rpc.request.timeout = 3000ms (default)
2019-11-05 17:31:15,485 [JUnit] INFO  server.RaftServerConfigKeys (ConfUtils.java:logGet(43)) - raft.server.storage.dir = [/workdir/hadoop-ozone/ozonefs/target/test-dir/MiniOzoneClusterImpl-767f3287-592e-494b-ab0e-1186b72b6444/datanode-1/data/ratis] (custom)
2019-11-05 17:31:15,492 [JUnit] INFO  hdfs.DFSUtil (DFSUtil.java:httpServerTemplateForNNAndJN(1641)) - Starting Web-server for hddsDatanode at: http://0.0.0.0:0
2019-11-05 17:31:15,495 [JUnit] INFO  server.AuthenticationFilter (AuthenticationFilter.java:constructSecretProvider(240)) - Unable to initialize FileSignerSecretProvider, falling back to use random secrets.
2019-11-05 17:31:15,496 [JUnit] WARN  http.HttpRequestLog (HttpRequestLog.java:getRequestLog(97)) - Jetty request log can only be enabled using Log4j
2019-11-05 17:31:15,504 [JUnit] INFO  http.HttpServer2 (HttpServer2.java:addGlobalFilter(975)) - Added global filter 'safety' (class=org.apache.hadoop.http.HttpServer2$QuotingInputFilter)
2019-11-05 17:31:15,511 [JUnit] INFO  http.HttpServer2 (HttpServer2.java:addFilter(948)) - Added filter static_user_filter (class=org.apache.hadoop.http.lib.StaticUserWebFilter$StaticUserFilter) to context hddsDatanode
2019-11-05 17:31:15,512 [JUnit] INFO  http.HttpServer2 (HttpServer2.java:addFilter(958)) - Added filter static_user_filter (class=org.apache.hadoop.http.lib.StaticUserWebFilter$StaticUserFilter) to context static
2019-11-05 17:31:15,512 [JUnit] INFO  http.HttpServer2 (HttpServer2.java:addFilter(958)) - Added filter static_user_filter (class=org.apache.hadoop.http.lib.StaticUserWebFilter$StaticUserFilter) to context logs
2019-11-05 17:31:15,517 [JUnit] INFO  http.HttpServer2 (HttpServer2.java:bindListener(1191)) - Jetty bound to port 46583
2019-11-05 17:31:15,518 [JUnit] INFO  server.Server (Server.java:doStart(351)) - jetty-9.3.25.v20180904, build timestamp: 2018-09-04T21:11:46Z, git hash: 3ce520221d0240229c862b122d2b06c12a625732
2019-11-05 17:31:15,578 [JUnit] INFO  handler.ContextHandler (ContextHandler.java:doStart(781)) - Started o.e.j.s.ServletContextHandler@15639440{/logs,file:///workdir/hadoop-ozone/ozonefs/target/log,AVAILABLE}
2019-11-05 17:31:15,579 [JUnit] INFO  handler.ContextHandler (ContextHandler.java:doStart(781)) - Started o.e.j.s.ServletContextHandler@4faa298{/static,jar:file:/home/user/.m2/repository/org/apache/hadoop/hadoop-hdds-container-service/0.5.0-SNAPSHOT/hadoop-hdds-container-service-0.5.0-SNAPSHOT.jar!/webapps/static,AVAILABLE}
2019-11-05 17:31:15,610 [Datanode State Machine Thread - 0] INFO  datanode.InitDatanodeState (InitDatanodeState.java:persistContainerDatanodeDetails(140)) - DatanodeDetails is persisted to /workdir/hadoop-ozone/ozonefs/target/test-dir/MiniOzoneClusterImpl-767f3287-592e-494b-ab0e-1186b72b6444/datanode-0/meta/datanode.id
2019-11-05 17:31:15,635 [JUnit] INFO  handler.ContextHandler (ContextHandler.java:doStart(781)) - Started o.e.j.w.WebAppContext@118ffcfd{/,file:///tmp/jetty-0.0.0.0-46583-hddsDatanode-_-any-7120021093761645407.dir/webapp/,AVAILABLE}{/hddsDatanode}
2019-11-05 17:31:15,638 [JUnit] INFO  server.AbstractConnector (AbstractConnector.java:doStart(278)) - Started ServerConnector@53f4c1e6{HTTP/1.1,[http/1.1]}{0.0.0.0:46583}
2019-11-05 17:31:15,639 [JUnit] INFO  server.Server (Server.java:doStart(419)) - Started @8884ms
2019-11-05 17:31:15,639 [JUnit] WARN  impl.MetricsSystemImpl (MetricsSystemImpl.java:register(276)) - Sink prometheus already exists!
2019-11-05 17:31:15,656 [JUnit] INFO  server.BaseHttpServer (BaseHttpServer.java:updateConnectorAddress(215)) - HTTP server of HDDSDATANODE is listening at http://0.0.0.0:46583
2019-11-05 17:31:15,670 [JUnit] INFO  impl.MetricsSystemImpl (MetricsSystemImpl.java:init(158)) - HddsDatanode metrics system started (again)
2019-11-05 17:31:15,674 [JUnit] INFO  ozone.HddsDatanodeService (HddsDatanodeService.java:start(183)) - HddsDatanodeService host:pr-hdds-1987-xp2v8-1198919540 ip:192.168.157.254
2019-11-05 17:31:15,731 [JUnit] INFO  volume.HddsVolume (HddsVolume.java:<init>(176)) - Creating Volume: /workdir/hadoop-ozone/ozonefs/target/test-dir/MiniOzoneClusterImpl-767f3287-592e-494b-ab0e-1186b72b6444/datanode-2/data/containers/hdds of  storage type : DISK and capacity : 1482555576320
2019-11-05 17:31:15,732 [JUnit] INFO  volume.VolumeSet (VolumeSet.java:initializeVolumeSet(170)) - Added Volume : /workdir/hadoop-ozone/ozonefs/target/test-dir/MiniOzoneClusterImpl-767f3287-592e-494b-ab0e-1186b72b6444/datanode-2/data/containers/hdds to VolumeSet
2019-11-05 17:31:15,732 [JUnit] INFO  volume.ThrottledAsyncChecker (ThrottledAsyncChecker.java:schedule(141)) - Scheduling a check for /workdir/hadoop-ozone/ozonefs/target/test-dir/MiniOzoneClusterImpl-767f3287-592e-494b-ab0e-1186b72b6444/datanode-2/data/containers/hdds
2019-11-05 17:31:15,733 [JUnit] INFO  volume.HddsVolumeChecker (HddsVolumeChecker.java:checkAllVolumes(204)) - Scheduled health check for volume /workdir/hadoop-ozone/ozonefs/target/test-dir/MiniOzoneClusterImpl-767f3287-592e-494b-ab0e-1186b72b6444/datanode-2/data/containers/hdds
2019-11-05 17:31:15,775 [org.apache.hadoop.util.JvmPauseMonitor$Monitor@57871be0] INFO  util.JvmPauseMonitor (JvmPauseMonitor.java:run(188)) - Starting JVM pause monitor
2019-11-05 17:31:15,793 [JUnit] INFO  impl.RaftServerProxy (ConfUtils.java:logGet(43)) - raft.rpc.type = GRPC (default)
2019-11-05 17:31:15,794 [JUnit] INFO  grpc.GrpcFactory (GrpcFactory.java:checkPooledByteBufAllocatorUseCacheForAllThreads(45)) - PERFORMANCE WARNING: useCacheForAllThreads is true that may cause Netty to create a lot garbage objects and, as a result, trigger GC.
	It is recommended to disable useCacheForAllThreads by setting -Dorg.apache.ratis.thirdparty.io.netty.allocator.useCacheForAllThreads=false in command line.
2019-11-05 17:31:15,794 [JUnit] INFO  grpc.GrpcConfigKeys$Server (ConfUtils.java:logGet(43)) - raft.grpc.server.port = 0 (default)
2019-11-05 17:31:15,795 [JUnit] INFO  server.GrpcService (ConfUtils.java:logGet(43)) - raft.grpc.message.size.max = 33570816 (custom)
2019-11-05 17:31:15,795 [JUnit] INFO  server.RaftServerConfigKeys (ConfUtils.java:logGet(43)) - raft.server.log.appender.buffer.byte-limit = 33554432 (custom)
2019-11-05 17:31:15,795 [JUnit] INFO  server.GrpcService (ConfUtils.java:logGet(43)) - raft.grpc.flow.control.window = 1MB (=1048576) (default)
2019-11-05 17:31:15,796 [JUnit] INFO  server.RaftServerConfigKeys (ConfUtils.java:logGet(43)) - raft.server.rpc.request.timeout = 3000ms (default)
2019-11-05 17:31:15,797 [JUnit] INFO  server.RaftServerConfigKeys (ConfUtils.java:logGet(43)) - raft.server.storage.dir = [/workdir/hadoop-ozone/ozonefs/target/test-dir/MiniOzoneClusterImpl-767f3287-592e-494b-ab0e-1186b72b6444/datanode-2/data/ratis] (custom)
2019-11-05 17:31:15,795 [Datanode State Machine Thread - 0] INFO  datanode.InitDatanodeState (InitDatanodeState.java:persistContainerDatanodeDetails(140)) - DatanodeDetails is persisted to /workdir/hadoop-ozone/ozonefs/target/test-dir/MiniOzoneClusterImpl-767f3287-592e-494b-ab0e-1186b72b6444/datanode-1/meta/datanode.id
2019-11-05 17:31:15,822 [JUnit] INFO  hdfs.DFSUtil (DFSUtil.java:httpServerTemplateForNNAndJN(1641)) - Starting Web-server for hddsDatanode at: http://0.0.0.0:0
2019-11-05 17:31:15,826 [JUnit] INFO  server.AuthenticationFilter (AuthenticationFilter.java:constructSecretProvider(240)) - Unable to initialize FileSignerSecretProvider, falling back to use random secrets.
2019-11-05 17:31:15,854 [JUnit] WARN  http.HttpRequestLog (HttpRequestLog.java:getRequestLog(97)) - Jetty request log can only be enabled using Log4j
2019-11-05 17:31:15,858 [JUnit] INFO  http.HttpServer2 (HttpServer2.java:addGlobalFilter(975)) - Added global filter 'safety' (class=org.apache.hadoop.http.HttpServer2$QuotingInputFilter)
2019-11-05 17:31:15,859 [JUnit] INFO  http.HttpServer2 (HttpServer2.java:addFilter(948)) - Added filter static_user_filter (class=org.apache.hadoop.http.lib.StaticUserWebFilter$StaticUserFilter) to context hddsDatanode
2019-11-05 17:31:15,860 [JUnit] INFO  http.HttpServer2 (HttpServer2.java:addFilter(958)) - Added filter static_user_filter (class=org.apache.hadoop.http.lib.StaticUserWebFilter$StaticUserFilter) to context logs
2019-11-05 17:31:15,860 [JUnit] INFO  http.HttpServer2 (HttpServer2.java:addFilter(958)) - Added filter static_user_filter (class=org.apache.hadoop.http.lib.StaticUserWebFilter$StaticUserFilter) to context static
2019-11-05 17:31:15,861 [JUnit] INFO  http.HttpServer2 (HttpServer2.java:bindListener(1191)) - Jetty bound to port 43256
2019-11-05 17:31:15,861 [JUnit] INFO  server.Server (Server.java:doStart(351)) - jetty-9.3.25.v20180904, build timestamp: 2018-09-04T21:11:46Z, git hash: 3ce520221d0240229c862b122d2b06c12a625732
2019-11-05 17:31:15,868 [JUnit] INFO  handler.ContextHandler (ContextHandler.java:doStart(781)) - Started o.e.j.s.ServletContextHandler@3d4e405e{/logs,file:///workdir/hadoop-ozone/ozonefs/target/log,AVAILABLE}
2019-11-05 17:31:15,869 [JUnit] INFO  handler.ContextHandler (ContextHandler.java:doStart(781)) - Started o.e.j.s.ServletContextHandler@70972170{/static,jar:file:/home/user/.m2/repository/org/apache/hadoop/hadoop-hdds-container-service/0.5.0-SNAPSHOT/hadoop-hdds-container-service-0.5.0-SNAPSHOT.jar!/webapps/static,AVAILABLE}
2019-11-05 17:31:15,912 [JUnit] INFO  handler.ContextHandler (ContextHandler.java:doStart(781)) - Started o.e.j.w.WebAppContext@176996c3{/,file:///tmp/jetty-0.0.0.0-43256-hddsDatanode-_-any-1069779248768260701.dir/webapp/,AVAILABLE}{/hddsDatanode}
2019-11-05 17:31:15,914 [JUnit] INFO  server.AbstractConnector (AbstractConnector.java:doStart(278)) - Started ServerConnector@6eb049df{HTTP/1.1,[http/1.1]}{0.0.0.0:43256}
2019-11-05 17:31:15,915 [JUnit] INFO  server.Server (Server.java:doStart(419)) - Started @9160ms
2019-11-05 17:31:15,915 [JUnit] WARN  impl.MetricsSystemImpl (MetricsSystemImpl.java:register(276)) - Sink prometheus already exists!
2019-11-05 17:31:15,917 [JUnit] INFO  server.BaseHttpServer (BaseHttpServer.java:updateConnectorAddress(215)) - HTTP server of HDDSDATANODE is listening at http://0.0.0.0:43256
2019-11-05 17:31:15,917 [JUnit] INFO  impl.MetricsSystemImpl (MetricsSystemImpl.java:init(158)) - HddsDatanode metrics system started (again)
2019-11-05 17:31:15,934 [org.apache.hadoop.util.JvmPauseMonitor$Monitor@7661d512] INFO  util.JvmPauseMonitor (JvmPauseMonitor.java:run(188)) - Starting JVM pause monitor
2019-11-05 17:31:15,935 [JUnit] INFO  ozone.HddsDatanodeService (HddsDatanodeService.java:start(183)) - HddsDatanodeService host:pr-hdds-1987-xp2v8-1198919540 ip:192.168.157.254
2019-11-05 17:31:15,937 [Datanode State Machine Thread - 0] INFO  datanode.InitDatanodeState (InitDatanodeState.java:persistContainerDatanodeDetails(140)) - DatanodeDetails is persisted to /workdir/hadoop-ozone/ozonefs/target/test-dir/MiniOzoneClusterImpl-767f3287-592e-494b-ab0e-1186b72b6444/datanode-2/meta/datanode.id
2019-11-05 17:31:15,946 [JUnit] INFO  volume.HddsVolume (HddsVolume.java:<init>(176)) - Creating Volume: /workdir/hadoop-ozone/ozonefs/target/test-dir/MiniOzoneClusterImpl-767f3287-592e-494b-ab0e-1186b72b6444/datanode-3/data/containers/hdds of  storage type : DISK and capacity : 1482555576320
2019-11-05 17:31:15,947 [JUnit] INFO  volume.VolumeSet (VolumeSet.java:initializeVolumeSet(170)) - Added Volume : /workdir/hadoop-ozone/ozonefs/target/test-dir/MiniOzoneClusterImpl-767f3287-592e-494b-ab0e-1186b72b6444/datanode-3/data/containers/hdds to VolumeSet
2019-11-05 17:31:15,948 [JUnit] INFO  volume.ThrottledAsyncChecker (ThrottledAsyncChecker.java:schedule(141)) - Scheduling a check for /workdir/hadoop-ozone/ozonefs/target/test-dir/MiniOzoneClusterImpl-767f3287-592e-494b-ab0e-1186b72b6444/datanode-3/data/containers/hdds
2019-11-05 17:31:15,948 [JUnit] INFO  volume.HddsVolumeChecker (HddsVolumeChecker.java:checkAllVolumes(204)) - Scheduled health check for volume /workdir/hadoop-ozone/ozonefs/target/test-dir/MiniOzoneClusterImpl-767f3287-592e-494b-ab0e-1186b72b6444/datanode-3/data/containers/hdds
2019-11-05 17:31:15,992 [JUnit] INFO  impl.RaftServerProxy (ConfUtils.java:logGet(43)) - raft.rpc.type = GRPC (default)
2019-11-05 17:31:15,993 [JUnit] INFO  grpc.GrpcFactory (GrpcFactory.java:checkPooledByteBufAllocatorUseCacheForAllThreads(45)) - PERFORMANCE WARNING: useCacheForAllThreads is true that may cause Netty to create a lot garbage objects and, as a result, trigger GC.
	It is recommended to disable useCacheForAllThreads by setting -Dorg.apache.ratis.thirdparty.io.netty.allocator.useCacheForAllThreads=false in command line.
2019-11-05 17:31:15,993 [JUnit] INFO  grpc.GrpcConfigKeys$Server (ConfUtils.java:logGet(43)) - raft.grpc.server.port = 0 (default)
2019-11-05 17:31:15,994 [JUnit] INFO  server.GrpcService (ConfUtils.java:logGet(43)) - raft.grpc.message.size.max = 33570816 (custom)
2019-11-05 17:31:15,996 [JUnit] INFO  server.RaftServerConfigKeys (ConfUtils.java:logGet(43)) - raft.server.log.appender.buffer.byte-limit = 33554432 (custom)
2019-11-05 17:31:15,998 [JUnit] INFO  server.GrpcService (ConfUtils.java:logGet(43)) - raft.grpc.flow.control.window = 1MB (=1048576) (default)
2019-11-05 17:31:15,999 [JUnit] INFO  server.RaftServerConfigKeys (ConfUtils.java:logGet(43)) - raft.server.rpc.request.timeout = 3000ms (default)
2019-11-05 17:31:16,002 [JUnit] INFO  server.RaftServerConfigKeys (ConfUtils.java:logGet(43)) - raft.server.storage.dir = [/workdir/hadoop-ozone/ozonefs/target/test-dir/MiniOzoneClusterImpl-767f3287-592e-494b-ab0e-1186b72b6444/datanode-3/data/ratis] (custom)
2019-11-05 17:31:16,005 [JUnit] INFO  hdfs.DFSUtil (DFSUtil.java:httpServerTemplateForNNAndJN(1641)) - Starting Web-server for hddsDatanode at: http://0.0.0.0:0
2019-11-05 17:31:16,008 [JUnit] INFO  server.AuthenticationFilter (AuthenticationFilter.java:constructSecretProvider(240)) - Unable to initialize FileSignerSecretProvider, falling back to use random secrets.
2019-11-05 17:31:16,009 [JUnit] WARN  http.HttpRequestLog (HttpRequestLog.java:getRequestLog(97)) - Jetty request log can only be enabled using Log4j
2019-11-05 17:31:16,013 [JUnit] INFO  http.HttpServer2 (HttpServer2.java:addGlobalFilter(975)) - Added global filter 'safety' (class=org.apache.hadoop.http.HttpServer2$QuotingInputFilter)
2019-11-05 17:31:16,014 [JUnit] INFO  http.HttpServer2 (HttpServer2.java:addFilter(948)) - Added filter static_user_filter (class=org.apache.hadoop.http.lib.StaticUserWebFilter$StaticUserFilter) to context hddsDatanode
2019-11-05 17:31:16,014 [JUnit] INFO  http.HttpServer2 (HttpServer2.java:addFilter(958)) - Added filter static_user_filter (class=org.apache.hadoop.http.lib.StaticUserWebFilter$StaticUserFilter) to context static
2019-11-05 17:31:16,015 [JUnit] INFO  http.HttpServer2 (HttpServer2.java:addFilter(958)) - Added filter static_user_filter (class=org.apache.hadoop.http.lib.StaticUserWebFilter$StaticUserFilter) to context logs
2019-11-05 17:31:16,016 [JUnit] INFO  http.HttpServer2 (HttpServer2.java:bindListener(1191)) - Jetty bound to port 44215
2019-11-05 17:31:16,016 [JUnit] INFO  server.Server (Server.java:doStart(351)) - jetty-9.3.25.v20180904, build timestamp: 2018-09-04T21:11:46Z, git hash: 3ce520221d0240229c862b122d2b06c12a625732
2019-11-05 17:31:16,023 [JUnit] INFO  handler.ContextHandler (ContextHandler.java:doStart(781)) - Started o.e.j.s.ServletContextHandler@618ff5c2{/logs,file:///workdir/hadoop-ozone/ozonefs/target/log,AVAILABLE}
2019-11-05 17:31:16,023 [JUnit] INFO  handler.ContextHandler (ContextHandler.java:doStart(781)) - Started o.e.j.s.ServletContextHandler@2f84acf7{/static,jar:file:/home/user/.m2/repository/org/apache/hadoop/hadoop-hdds-container-service/0.5.0-SNAPSHOT/hadoop-hdds-container-service-0.5.0-SNAPSHOT.jar!/webapps/static,AVAILABLE}
2019-11-05 17:31:16,052 [JUnit] INFO  handler.ContextHandler (ContextHandler.java:doStart(781)) - Started o.e.j.w.WebAppContext@6e4f263e{/,file:///tmp/jetty-0.0.0.0-44215-hddsDatanode-_-any-1362150780052954293.dir/webapp/,AVAILABLE}{/hddsDatanode}
2019-11-05 17:31:16,053 [JUnit] INFO  server.AbstractConnector (AbstractConnector.java:doStart(278)) - Started ServerConnector@48b4a043{HTTP/1.1,[http/1.1]}{0.0.0.0:44215}
2019-11-05 17:31:16,053 [JUnit] INFO  server.Server (Server.java:doStart(419)) - Started @9298ms
2019-11-05 17:31:16,053 [JUnit] WARN  impl.MetricsSystemImpl (MetricsSystemImpl.java:register(276)) - Sink prometheus already exists!
2019-11-05 17:31:16,054 [JUnit] INFO  server.BaseHttpServer (BaseHttpServer.java:updateConnectorAddress(215)) - HTTP server of HDDSDATANODE is listening at http://0.0.0.0:44215
2019-11-05 17:31:16,055 [JUnit] INFO  impl.MetricsSystemImpl (MetricsSystemImpl.java:init(158)) - HddsDatanode metrics system started (again)
2019-11-05 17:31:16,057 [org.apache.hadoop.util.JvmPauseMonitor$Monitor@785c00e5] INFO  util.JvmPauseMonitor (JvmPauseMonitor.java:run(188)) - Starting JVM pause monitor
2019-11-05 17:31:16,058 [JUnit] INFO  ozone.HddsDatanodeService (HddsDatanodeService.java:start(183)) - HddsDatanodeService host:pr-hdds-1987-xp2v8-1198919540 ip:192.168.157.254
2019-11-05 17:31:16,059 [Datanode State Machine Thread - 0] INFO  datanode.InitDatanodeState (InitDatanodeState.java:persistContainerDatanodeDetails(140)) - DatanodeDetails is persisted to /workdir/hadoop-ozone/ozonefs/target/test-dir/MiniOzoneClusterImpl-767f3287-592e-494b-ab0e-1186b72b6444/datanode-3/meta/datanode.id
2019-11-05 17:31:16,072 [JUnit] INFO  volume.HddsVolume (HddsVolume.java:<init>(176)) - Creating Volume: /workdir/hadoop-ozone/ozonefs/target/test-dir/MiniOzoneClusterImpl-767f3287-592e-494b-ab0e-1186b72b6444/datanode-4/data/containers/hdds of  storage type : DISK and capacity : 1482555576320
2019-11-05 17:31:16,073 [JUnit] INFO  volume.VolumeSet (VolumeSet.java:initializeVolumeSet(170)) - Added Volume : /workdir/hadoop-ozone/ozonefs/target/test-dir/MiniOzoneClusterImpl-767f3287-592e-494b-ab0e-1186b72b6444/datanode-4/data/containers/hdds to VolumeSet
2019-11-05 17:31:16,073 [JUnit] INFO  volume.ThrottledAsyncChecker (ThrottledAsyncChecker.java:schedule(141)) - Scheduling a check for /workdir/hadoop-ozone/ozonefs/target/test-dir/MiniOzoneClusterImpl-767f3287-592e-494b-ab0e-1186b72b6444/datanode-4/data/containers/hdds
2019-11-05 17:31:16,074 [JUnit] INFO  volume.HddsVolumeChecker (HddsVolumeChecker.java:checkAllVolumes(204)) - Scheduled health check for volume /workdir/hadoop-ozone/ozonefs/target/test-dir/MiniOzoneClusterImpl-767f3287-592e-494b-ab0e-1186b72b6444/datanode-4/data/containers/hdds
2019-11-05 17:31:16,104 [JUnit] INFO  impl.RaftServerProxy (ConfUtils.java:logGet(43)) - raft.rpc.type = GRPC (default)
2019-11-05 17:31:16,105 [JUnit] INFO  grpc.GrpcFactory (GrpcFactory.java:checkPooledByteBufAllocatorUseCacheForAllThreads(45)) - PERFORMANCE WARNING: useCacheForAllThreads is true that may cause Netty to create a lot garbage objects and, as a result, trigger GC.
	It is recommended to disable useCacheForAllThreads by setting -Dorg.apache.ratis.thirdparty.io.netty.allocator.useCacheForAllThreads=false in command line.
2019-11-05 17:31:16,105 [JUnit] INFO  grpc.GrpcConfigKeys$Server (ConfUtils.java:logGet(43)) - raft.grpc.server.port = 0 (default)
2019-11-05 17:31:16,106 [JUnit] INFO  server.GrpcService (ConfUtils.java:logGet(43)) - raft.grpc.message.size.max = 33570816 (custom)
2019-11-05 17:31:16,106 [JUnit] INFO  server.RaftServerConfigKeys (ConfUtils.java:logGet(43)) - raft.server.log.appender.buffer.byte-limit = 33554432 (custom)
2019-11-05 17:31:16,106 [JUnit] INFO  server.GrpcService (ConfUtils.java:logGet(43)) - raft.grpc.flow.control.window = 1MB (=1048576) (default)
2019-11-05 17:31:16,107 [JUnit] INFO  server.RaftServerConfigKeys (ConfUtils.java:logGet(43)) - raft.server.rpc.request.timeout = 3000ms (default)
2019-11-05 17:31:16,107 [JUnit] INFO  server.RaftServerConfigKeys (ConfUtils.java:logGet(43)) - raft.server.storage.dir = [/workdir/hadoop-ozone/ozonefs/target/test-dir/MiniOzoneClusterImpl-767f3287-592e-494b-ab0e-1186b72b6444/datanode-4/data/ratis] (custom)
2019-11-05 17:31:16,110 [JUnit] INFO  hdfs.DFSUtil (DFSUtil.java:httpServerTemplateForNNAndJN(1641)) - Starting Web-server for hddsDatanode at: http://0.0.0.0:0
2019-11-05 17:31:16,113 [JUnit] INFO  server.AuthenticationFilter (AuthenticationFilter.java:constructSecretProvider(240)) - Unable to initialize FileSignerSecretProvider, falling back to use random secrets.
2019-11-05 17:31:16,114 [JUnit] WARN  http.HttpRequestLog (HttpRequestLog.java:getRequestLog(97)) - Jetty request log can only be enabled using Log4j
2019-11-05 17:31:16,118 [JUnit] INFO  http.HttpServer2 (HttpServer2.java:addGlobalFilter(975)) - Added global filter 'safety' (class=org.apache.hadoop.http.HttpServer2$QuotingInputFilter)
2019-11-05 17:31:16,119 [JUnit] INFO  http.HttpServer2 (HttpServer2.java:addFilter(948)) - Added filter static_user_filter (class=org.apache.hadoop.http.lib.StaticUserWebFilter$StaticUserFilter) to context hddsDatanode
2019-11-05 17:31:16,119 [JUnit] INFO  http.HttpServer2 (HttpServer2.java:addFilter(958)) - Added filter static_user_filter (class=org.apache.hadoop.http.lib.StaticUserWebFilter$StaticUserFilter) to context logs
2019-11-05 17:31:16,120 [JUnit] INFO  http.HttpServer2 (HttpServer2.java:addFilter(958)) - Added filter static_user_filter (class=org.apache.hadoop.http.lib.StaticUserWebFilter$StaticUserFilter) to context static
2019-11-05 17:31:16,121 [JUnit] INFO  http.HttpServer2 (HttpServer2.java:bindListener(1191)) - Jetty bound to port 43828
2019-11-05 17:31:16,121 [JUnit] INFO  server.Server (Server.java:doStart(351)) - jetty-9.3.25.v20180904, build timestamp: 2018-09-04T21:11:46Z, git hash: 3ce520221d0240229c862b122d2b06c12a625732
2019-11-05 17:31:16,124 [JUnit] INFO  handler.ContextHandler (ContextHandler.java:doStart(781)) - Started o.e.j.s.ServletContextHandler@272ce069{/logs,file:///workdir/hadoop-ozone/ozonefs/target/log,AVAILABLE}
2019-11-05 17:31:16,124 [JUnit] INFO  handler.ContextHandler (ContextHandler.java:doStart(781)) - Started o.e.j.s.ServletContextHandler@1c26273d{/static,jar:file:/home/user/.m2/repository/org/apache/hadoop/hadoop-hdds-container-service/0.5.0-SNAPSHOT/hadoop-hdds-container-service-0.5.0-SNAPSHOT.jar!/webapps/static,AVAILABLE}
2019-11-05 17:31:16,173 [JUnit] INFO  handler.ContextHandler (ContextHandler.java:doStart(781)) - Started o.e.j.w.WebAppContext@29149030{/,file:///tmp/jetty-0.0.0.0-43828-hddsDatanode-_-any-5297485191736297532.dir/webapp/,AVAILABLE}{/hddsDatanode}
2019-11-05 17:31:16,174 [JUnit] INFO  server.AbstractConnector (AbstractConnector.java:doStart(278)) - Started ServerConnector@38b8b6c0{HTTP/1.1,[http/1.1]}{0.0.0.0:43828}
2019-11-05 17:31:16,178 [JUnit] INFO  server.Server (Server.java:doStart(419)) - Started @9423ms
2019-11-05 17:31:16,179 [JUnit] WARN  impl.MetricsSystemImpl (MetricsSystemImpl.java:register(276)) - Sink prometheus already exists!
2019-11-05 17:31:16,180 [JUnit] INFO  server.BaseHttpServer (BaseHttpServer.java:updateConnectorAddress(215)) - HTTP server of HDDSDATANODE is listening at http://0.0.0.0:43828
2019-11-05 17:31:16,182 [JUnit] INFO  ozone.MiniOzoneClusterImpl (MiniOzoneClusterImpl.java:lambda$waitForClusterToBeReady$0(147)) - Waiting for cluster to be ready. Got 0 of 5 DN Heartbeats.
2019-11-05 17:31:16,201 [org.apache.hadoop.util.JvmPauseMonitor$Monitor@6a5329cb] INFO  util.JvmPauseMonitor (JvmPauseMonitor.java:run(188)) - Starting JVM pause monitor
2019-11-05 17:31:16,208 [Datanode State Machine Thread - 0] INFO  datanode.InitDatanodeState (InitDatanodeState.java:persistContainerDatanodeDetails(140)) - DatanodeDetails is persisted to /workdir/hadoop-ozone/ozonefs/target/test-dir/MiniOzoneClusterImpl-767f3287-592e-494b-ab0e-1186b72b6444/datanode-4/meta/datanode.id
2019-11-05 17:31:17,182 [JUnit] INFO  ozone.MiniOzoneClusterImpl (MiniOzoneClusterImpl.java:lambda$waitForClusterToBeReady$0(147)) - Waiting for cluster to be ready. Got 0 of 5 DN Heartbeats.
2019-11-05 17:31:17,501 [Datanode State Machine Thread - 0] INFO  ozoneimpl.OzoneContainer (OzoneContainer.java:start(213)) - Attempting to start container services.
2019-11-05 17:31:17,504 [Datanode State Machine Thread - 0] INFO  ozoneimpl.OzoneContainer (OzoneContainer.java:startContainerScrub(177)) - Background container scanner has been disabled.
2019-11-05 17:31:17,505 [Datanode State Machine Thread - 0] INFO  ratis.XceiverServerRatis (XceiverServerRatis.java:start(418)) - Starting XceiverServerRatis 0ec73003-e750-45f5-accd-5100427dfe8e at port 0
2019-11-05 17:31:17,541 [Datanode State Machine Thread - 0] INFO  impl.RaftServerProxy (RaftServerProxy.java:lambda$start$3(299)) - 0ec73003-e750-45f5-accd-5100427dfe8e: start RPC server
2019-11-05 17:31:17,780 [Datanode State Machine Thread - 0] INFO  server.GrpcService (GrpcService.java:startImpl(158)) - 0ec73003-e750-45f5-accd-5100427dfe8e: GrpcService started, listening on 0.0.0.0/0.0.0.0:34160
2019-11-05 17:31:17,787 [Datanode State Machine Thread - 0] INFO  ratis.XceiverServerRatis (XceiverServerRatis.java:start(428)) - XceiverServerRatis 0ec73003-e750-45f5-accd-5100427dfe8e is started using port 34160
2019-11-05 17:31:17,812 [Datanode State Machine Thread - 0] INFO  server.XceiverServerGrpc (XceiverServerGrpc.java:start(149)) - XceiverServerGrpc 0ec73003-e750-45f5-accd-5100427dfe8e is started using port 39135
2019-11-05 17:31:17,858 [Datanode State Machine Thread - 0] INFO  ozoneimpl.OzoneContainer (OzoneContainer.java:start(213)) - Attempting to start container services.
2019-11-05 17:31:17,863 [Datanode State Machine Thread - 0] INFO  ozoneimpl.OzoneContainer (OzoneContainer.java:startContainerScrub(177)) - Background container scanner has been disabled.
2019-11-05 17:31:17,863 [Datanode State Machine Thread - 0] INFO  ratis.XceiverServerRatis (XceiverServerRatis.java:start(418)) - Starting XceiverServerRatis 3b6bcaca-5e5c-4fce-ba9d-8e9bbdbbade1 at port 0
2019-11-05 17:31:17,877 [Datanode State Machine Thread - 0] INFO  impl.RaftServerProxy (RaftServerProxy.java:lambda$start$3(299)) - 3b6bcaca-5e5c-4fce-ba9d-8e9bbdbbade1: start RPC server
2019-11-05 17:31:17,881 [Datanode State Machine Thread - 0] INFO  server.GrpcService (GrpcService.java:startImpl(158)) - 3b6bcaca-5e5c-4fce-ba9d-8e9bbdbbade1: GrpcService started, listening on 0.0.0.0/0.0.0.0:36896
2019-11-05 17:31:17,882 [Datanode State Machine Thread - 0] INFO  ratis.XceiverServerRatis (XceiverServerRatis.java:start(428)) - XceiverServerRatis 3b6bcaca-5e5c-4fce-ba9d-8e9bbdbbade1 is started using port 36896
2019-11-05 17:31:17,884 [Datanode State Machine Thread - 0] INFO  server.XceiverServerGrpc (XceiverServerGrpc.java:start(149)) - XceiverServerGrpc 3b6bcaca-5e5c-4fce-ba9d-8e9bbdbbade1 is started using port 36538
2019-11-05 17:31:17,994 [Datanode State Machine Thread - 0] INFO  ozoneimpl.OzoneContainer (OzoneContainer.java:start(213)) - Attempting to start container services.
2019-11-05 17:31:17,996 [Datanode State Machine Thread - 0] INFO  ozoneimpl.OzoneContainer (OzoneContainer.java:startContainerScrub(177)) - Background container scanner has been disabled.
2019-11-05 17:31:17,997 [Datanode State Machine Thread - 0] INFO  ratis.XceiverServerRatis (XceiverServerRatis.java:start(418)) - Starting XceiverServerRatis 14ac522e-2aca-48e3-829d-953488abf711 at port 0
2019-11-05 17:31:18,026 [Datanode State Machine Thread - 0] INFO  impl.RaftServerProxy (RaftServerProxy.java:lambda$start$3(299)) - 14ac522e-2aca-48e3-829d-953488abf711: start RPC server
2019-11-05 17:31:18,044 [Datanode State Machine Thread - 0] INFO  server.GrpcService (GrpcService.java:startImpl(158)) - 14ac522e-2aca-48e3-829d-953488abf711: GrpcService started, listening on 0.0.0.0/0.0.0.0:38394
2019-11-05 17:31:18,044 [Datanode State Machine Thread - 0] INFO  ratis.XceiverServerRatis (XceiverServerRatis.java:start(428)) - XceiverServerRatis 14ac522e-2aca-48e3-829d-953488abf711 is started using port 38394
2019-11-05 17:31:18,047 [Datanode State Machine Thread - 0] INFO  server.XceiverServerGrpc (XceiverServerGrpc.java:start(149)) - XceiverServerGrpc 14ac522e-2aca-48e3-829d-953488abf711 is started using port 40558
2019-11-05 17:31:18,110 [Datanode State Machine Thread - 0] INFO  ozoneimpl.OzoneContainer (OzoneContainer.java:start(213)) - Attempting to start container services.
2019-11-05 17:31:18,112 [Datanode State Machine Thread - 0] INFO  ozoneimpl.OzoneContainer (OzoneContainer.java:startContainerScrub(177)) - Background container scanner has been disabled.
2019-11-05 17:31:18,112 [Datanode State Machine Thread - 0] INFO  ratis.XceiverServerRatis (XceiverServerRatis.java:start(418)) - Starting XceiverServerRatis 94bc6e24-cd5b-409d-b41d-bbc8dc02539d at port 0
2019-11-05 17:31:18,127 [Datanode State Machine Thread - 0] INFO  impl.RaftServerProxy (RaftServerProxy.java:lambda$start$3(299)) - 94bc6e24-cd5b-409d-b41d-bbc8dc02539d: start RPC server
2019-11-05 17:31:18,144 [Datanode State Machine Thread - 0] INFO  server.GrpcService (GrpcService.java:startImpl(158)) - 94bc6e24-cd5b-409d-b41d-bbc8dc02539d: GrpcService started, listening on 0.0.0.0/0.0.0.0:46190
2019-11-05 17:31:18,144 [Datanode State Machine Thread - 0] INFO  ratis.XceiverServerRatis (XceiverServerRatis.java:start(428)) - XceiverServerRatis 94bc6e24-cd5b-409d-b41d-bbc8dc02539d is started using port 46190
2019-11-05 17:31:18,160 [Datanode State Machine Thread - 0] INFO  server.XceiverServerGrpc (XceiverServerGrpc.java:start(149)) - XceiverServerGrpc 94bc6e24-cd5b-409d-b41d-bbc8dc02539d is started using port 43889
2019-11-05 17:31:18,184 [JUnit] INFO  ozone.MiniOzoneClusterImpl (MiniOzoneClusterImpl.java:lambda$waitForClusterToBeReady$0(147)) - Waiting for cluster to be ready. Got 0 of 5 DN Heartbeats.
2019-11-05 17:31:18,278 [Datanode State Machine Thread - 0] INFO  ozoneimpl.OzoneContainer (OzoneContainer.java:start(213)) - Attempting to start container services.
2019-11-05 17:31:18,283 [Datanode State Machine Thread - 0] INFO  ozoneimpl.OzoneContainer (OzoneContainer.java:startContainerScrub(177)) - Background container scanner has been disabled.
2019-11-05 17:31:18,284 [Datanode State Machine Thread - 0] INFO  ratis.XceiverServerRatis (XceiverServerRatis.java:start(418)) - Starting XceiverServerRatis 52d00911-f88f-4eca-b889-af42944a0dc1 at port 0
2019-11-05 17:31:18,294 [Datanode State Machine Thread - 0] INFO  impl.RaftServerProxy (RaftServerProxy.java:lambda$start$3(299)) - 52d00911-f88f-4eca-b889-af42944a0dc1: start RPC server
2019-11-05 17:31:18,298 [Datanode State Machine Thread - 0] INFO  server.GrpcService (GrpcService.java:startImpl(158)) - 52d00911-f88f-4eca-b889-af42944a0dc1: GrpcService started, listening on 0.0.0.0/0.0.0.0:36588
2019-11-05 17:31:18,298 [Datanode State Machine Thread - 0] INFO  ratis.XceiverServerRatis (XceiverServerRatis.java:start(428)) - XceiverServerRatis 52d00911-f88f-4eca-b889-af42944a0dc1 is started using port 36588
2019-11-05 17:31:18,301 [Datanode State Machine Thread - 0] INFO  server.XceiverServerGrpc (XceiverServerGrpc.java:start(149)) - XceiverServerGrpc 52d00911-f88f-4eca-b889-af42944a0dc1 is started using port 37066
2019-11-05 17:31:19,184 [JUnit] INFO  ozone.MiniOzoneClusterImpl (MiniOzoneClusterImpl.java:lambda$waitForClusterToBeReady$0(147)) - Waiting for cluster to be ready. Got 0 of 5 DN Heartbeats.
2019-11-05 17:31:19,430 [IPC Server handler 11 on 44109] INFO  net.NetworkTopology (NetworkTopologyImpl.java:add(111)) - Added a new node: /default-rack/0ec73003-e750-45f5-accd-5100427dfe8e
2019-11-05 17:31:19,431 [IPC Server handler 11 on 44109] INFO  node.SCMNodeManager (SCMNodeManager.java:register(267)) - Registered Data node : 0ec73003-e750-45f5-accd-5100427dfe8e{ip: 192.168.157.254, host: pr-hdds-1987-xp2v8-1198919540, networkLocation: /default-rack, certSerialId: null}
2019-11-05 17:31:19,435 [EventQueue-NodeRegistrationContainerReportForDataNodeSafeModeRule] INFO  safemode.SCMSafeModeManager (DataNodeSafeModeRule.java:process(71)) - SCM in safe mode. 1 DataNodes registered, 1 required.
2019-11-05 17:31:19,436 [EventQueue-NodeRegistrationContainerReportForContainerSafeModeRule] INFO  safemode.SCMSafeModeManager (SCMSafeModeManager.java:validateSafeModeExitRules(177)) - ScmSafeModeManager, all rules are successfully validated
2019-11-05 17:31:19,436 [EventQueue-NodeRegistrationContainerReportForContainerSafeModeRule] INFO  safemode.SCMSafeModeManager (SCMSafeModeManager.java:exitSafeMode(193)) - SCM exiting safe mode.
2019-11-05 17:31:19,778 [IPC Server handler 2 on 44109] INFO  net.NetworkTopology (NetworkTopologyImpl.java:add(111)) - Added a new node: /default-rack/3b6bcaca-5e5c-4fce-ba9d-8e9bbdbbade1
2019-11-05 17:31:19,778 [IPC Server handler 2 on 44109] INFO  node.SCMNodeManager (SCMNodeManager.java:register(267)) - Registered Data node : 3b6bcaca-5e5c-4fce-ba9d-8e9bbdbbade1{ip: 192.168.157.254, host: pr-hdds-1987-xp2v8-1198919540, networkLocation: /default-rack, certSerialId: null}
2019-11-05 17:31:19,938 [IPC Server handler 7 on 44109] INFO  net.NetworkTopology (NetworkTopologyImpl.java:add(111)) - Added a new node: /default-rack/14ac522e-2aca-48e3-829d-953488abf711
2019-11-05 17:31:19,938 [IPC Server handler 7 on 44109] INFO  node.SCMNodeManager (SCMNodeManager.java:register(267)) - Registered Data node : 14ac522e-2aca-48e3-829d-953488abf711{ip: 192.168.157.254, host: pr-hdds-1987-xp2v8-1198919540, networkLocation: /default-rack, certSerialId: null}
2019-11-05 17:31:20,070 [IPC Server handler 0 on 44109] INFO  net.NetworkTopology (NetworkTopologyImpl.java:add(111)) - Added a new node: /default-rack/94bc6e24-cd5b-409d-b41d-bbc8dc02539d
2019-11-05 17:31:20,070 [IPC Server handler 0 on 44109] INFO  node.SCMNodeManager (SCMNodeManager.java:register(267)) - Registered Data node : 94bc6e24-cd5b-409d-b41d-bbc8dc02539d{ip: 192.168.157.254, host: pr-hdds-1987-xp2v8-1198919540, networkLocation: /default-rack, certSerialId: null}
2019-11-05 17:31:20,104 [grpc-default-executor-0] INFO  impl.RaftServerProxy (RaftServerProxy.java:addNew(89)) - 0ec73003-e750-45f5-accd-5100427dfe8e: addNew group-D92D29180FFF:[0ec73003-e750-45f5-accd-5100427dfe8e:192.168.157.254:34160] returns group-D92D29180FFF:java.util.concurrent.CompletableFuture@37830295[Not completed]
2019-11-05 17:31:20,151 [pool-27-thread-1] INFO  impl.RaftServerImpl (RaftServerImpl.java:<init>(98)) - 0ec73003-e750-45f5-accd-5100427dfe8e: new RaftServerImpl for group-D92D29180FFF:[0ec73003-e750-45f5-accd-5100427dfe8e:192.168.157.254:34160] with ContainerStateMachine:uninitialized
2019-11-05 17:31:20,153 [pool-27-thread-1] INFO  server.RaftServerConfigKeys (ConfUtils.java:logGet(43)) - raft.server.rpc.timeout.min = 5s (custom)
2019-11-05 17:31:20,155 [pool-27-thread-1] INFO  server.RaftServerConfigKeys (ConfUtils.java:logGet(43)) - raft.server.rpc.timeout.max = 5200ms (custom)
2019-11-05 17:31:20,155 [pool-27-thread-1] INFO  server.RaftServerConfigKeys (ConfUtils.java:logGet(43)) - raft.server.rpcslowness.timeout = 120s (custom)
2019-11-05 17:31:20,156 [pool-27-thread-1] INFO  server.RaftServerConfigKeys (ConfUtils.java:logGet(43)) - raft.server.sleep.deviation.threshold = 300 (default)
2019-11-05 17:31:20,157 [pool-27-thread-1] INFO  server.RaftServerConfigKeys (ConfUtils.java:logGet(43)) - raft.server.log.appender.install.snapshot.enabled = false (custom)
2019-11-05 17:31:20,167 [pool-27-thread-1] INFO  impl.RaftServerImpl (ServerState.java:<init>(103)) - 0ec73003-e750-45f5-accd-5100427dfe8e@group-D92D29180FFF: ConfigurationManager, init=-1: [0ec73003-e750-45f5-accd-5100427dfe8e:192.168.157.254:34160], old=null, confs=<EMPTY_MAP>
2019-11-05 17:31:20,167 [pool-27-thread-1] INFO  server.RaftServerConfigKeys (ConfUtils.java:logGet(43)) - raft.server.storage.dir = [/workdir/hadoop-ozone/ozonefs/target/test-dir/MiniOzoneClusterImpl-767f3287-592e-494b-ab0e-1186b72b6444/datanode-0/data/ratis] (custom)
2019-11-05 17:31:20,176 [pool-27-thread-1] INFO  server.RaftServerConfigKeys (ConfUtils.java:logGet(43)) - raft.server.log.corruption.policy = EXCEPTION (default)
2019-11-05 17:31:20,179 [pool-27-thread-1] INFO  storage.RaftStorageDirectory (RaftStorageDirectory.java:analyzeStorage(246)) - The storage directory /workdir/hadoop-ozone/ozonefs/target/test-dir/MiniOzoneClusterImpl-767f3287-592e-494b-ab0e-1186b72b6444/datanode-0/data/ratis/70e462e1-3e2d-4cb3-a73d-d92d29180fff does not exist. Creating ...
2019-11-05 17:31:20,185 [JUnit] INFO  ozone.MiniOzoneClusterImpl (MiniOzoneClusterImpl.java:lambda$waitForClusterToBeReady$0(147)) - Waiting for cluster to be ready. Got 4 of 5 DN Heartbeats.
2019-11-05 17:31:20,196 [pool-27-thread-1] INFO  storage.RaftStorageDirectory (RaftStorageDirectory.java:tryLock(328)) - Lock on /workdir/hadoop-ozone/ozonefs/target/test-dir/MiniOzoneClusterImpl-767f3287-592e-494b-ab0e-1186b72b6444/datanode-0/data/ratis/70e462e1-3e2d-4cb3-a73d-d92d29180fff/in_use.lock acquired by nodename 12385@pr-hdds-1987-xp2v8-1198919540
2019-11-05 17:31:20,213 [pool-27-thread-1] INFO  storage.RaftStorage (RaftStorage.java:format(84)) - Storage directory /workdir/hadoop-ozone/ozonefs/target/test-dir/MiniOzoneClusterImpl-767f3287-592e-494b-ab0e-1186b72b6444/datanode-0/data/ratis/70e462e1-3e2d-4cb3-a73d-d92d29180fff has been successfully formatted.
2019-11-05 17:31:20,217 [pool-27-thread-1] INFO  ratis.ContainerStateMachine (ContainerStateMachine.java:loadSnapshot(231)) - group-D92D29180FFF: The snapshot info is null. Setting the last applied indexto:(t:0, i:~)
2019-11-05 17:31:20,217 [pool-27-thread-1] INFO  server.RaftServerConfigKeys (ConfUtils.java:logGet(43)) - raft.server.notification.no-leader.timeout = 120s (custom)
2019-11-05 17:31:20,225 [pool-27-thread-1] INFO  server.RaftServerConfigKeys (ConfUtils.java:logGet(43)) - raft.server.log.use.memory = false (default)
2019-11-05 17:31:20,236 [pool-27-thread-1] INFO  server.RaftServerConfigKeys (ConfUtils.java:logGet(43)) - raft.server.log.purge.gap = 1000000 (custom)
2019-11-05 17:31:20,237 [pool-27-thread-1] INFO  server.RaftServerConfigKeys (ConfUtils.java:logGet(43)) - raft.server.log.appender.buffer.byte-limit = 33554432 (custom)
2019-11-05 17:31:20,242 [IPC Server handler 11 on 44109] INFO  net.NetworkTopology (NetworkTopologyImpl.java:add(111)) - Added a new node: /default-rack/52d00911-f88f-4eca-b889-af42944a0dc1
2019-11-05 17:31:20,242 [IPC Server handler 11 on 44109] INFO  node.SCMNodeManager (SCMNodeManager.java:register(267)) - Registered Data node : 52d00911-f88f-4eca-b889-af42944a0dc1{ip: 192.168.157.254, host: pr-hdds-1987-xp2v8-1198919540, networkLocation: /default-rack, certSerialId: null}
2019-11-05 17:31:20,243 [pool-27-thread-1] INFO  server.RaftServerConfigKeys (ConfUtils.java:logGet(43)) - raft.server.log.segment.size.max = 1048576 (custom)
2019-11-05 17:31:20,251 [pool-27-thread-1] INFO  metrics.MetricRegistries (MetricRegistriesLoader.java:load(64)) - Loaded MetricRegistries class org.apache.ratis.metrics.impl.MetricRegistriesImpl
2019-11-05 17:31:20,263 [pool-27-thread-1] WARN  impl.MetricRegistriesImpl (MetricRegistriesImpl.java:lambda$create$1(61)) - First MetricRegistry has been created without registering reporters. You may need to call MetricRegistries.global().addReportRegistration(...) before.
2019-11-05 17:31:20,273 [pool-27-thread-1] INFO  server.RaftServerConfigKeys (ConfUtils.java:logGet(43)) - raft.server.log.segment.cache.num.max = 2 (custom)
2019-11-05 17:31:20,282 [pool-27-thread-1] INFO  segmented.SegmentedRaftLogWorker (SegmentedRaftLogWorker.java:<init>(173)) - new 0ec73003-e750-45f5-accd-5100427dfe8e@group-D92D29180FFF-SegmentedRaftLogWorker for RaftStorage:Storage Directory /workdir/hadoop-ozone/ozonefs/target/test-dir/MiniOzoneClusterImpl-767f3287-592e-494b-ab0e-1186b72b6444/datanode-0/data/ratis/70e462e1-3e2d-4cb3-a73d-d92d29180fff
2019-11-05 17:31:20,283 [pool-27-thread-1] INFO  server.RaftServerConfigKeys (ConfUtils.java:logGet(43)) - raft.server.log.queue.byte-limit = 2147483647 (custom)
2019-11-05 17:31:20,287 [pool-27-thread-1] INFO  server.RaftServerConfigKeys (ConfUtils.java:logGet(43)) - raft.server.log.queue.element-limit = 1024 (custom)
2019-11-05 17:31:20,289 [pool-27-thread-1] INFO  server.RaftServerConfigKeys (ConfUtils.java:logGet(43)) - raft.server.log.segment.size.max = 1048576 (custom)
2019-11-05 17:31:20,289 [pool-27-thread-1] INFO  server.RaftServerConfigKeys (ConfUtils.java:logGet(43)) - raft.server.log.preallocated.size = 16384 (custom)
2019-11-05 17:31:20,290 [pool-27-thread-1] INFO  server.RaftServerConfigKeys (ConfUtils.java:logGet(43)) - raft.server.log.write.buffer.size = 33554432 (custom)
2019-11-05 17:31:20,291 [pool-27-thread-1] INFO  server.RaftServerConfigKeys (ConfUtils.java:logGet(43)) - raft.server.log.force.sync.num = 128 (default)
2019-11-05 17:31:20,292 [pool-27-thread-1] INFO  server.RaftServerConfigKeys (ConfUtils.java:logGet(43)) - raft.server.log.statemachine.data.sync = true (default)
2019-11-05 17:31:20,293 [pool-27-thread-1] INFO  server.RaftServerConfigKeys (ConfUtils.java:logGet(43)) - raft.server.log.statemachine.data.sync.timeout = 10s (default)
2019-11-05 17:31:20,293 [pool-27-thread-1] INFO  server.RaftServerConfigKeys (ConfUtils.java:logGet(43)) - raft.server.log.statemachine.data.sync.timeout.retry = -1 (default)
2019-11-05 17:31:20,311 [pool-27-thread-1] INFO  server.RaftServerConfigKeys (ConfUtils.java:logGet(43)) - raft.server.log.statemachine.data.caching.enabled = true (custom)
2019-11-05 17:31:20,318 [pool-27-thread-1] INFO  segmented.SegmentedRaftLogWorker (SegmentedRaftLogWorker.java:lambda$new$0(128)) - 0ec73003-e750-45f5-accd-5100427dfe8e@group-D92D29180FFF-SegmentedRaftLogWorker: flushIndex: setUnconditionally 0 -> -1
2019-11-05 17:31:20,325 [pool-27-thread-1] INFO  server.RaftServerConfigKeys (ConfUtils.java:logGet(43)) - raft.server.snapshot.auto.trigger.enabled = true (custom)
2019-11-05 17:31:20,326 [pool-27-thread-1] INFO  server.RaftServerConfigKeys (ConfUtils.java:logGet(43)) - raft.server.snapshot.auto.trigger.threshold = 10000 (custom)
2019-11-05 17:31:20,327 [pool-27-thread-1] INFO  server.RaftServerConfigKeys (ConfUtils.java:logGet(43)) - raft.server.snapshot.retention.file.num = 5 (custom)
2019-11-05 17:31:20,328 [pool-27-thread-1] INFO  server.RaftServerConfigKeys (ConfUtils.java:logGet(43)) - raft.server.retrycache.expirytime = 600000ms (custom)
2019-11-05 17:31:20,360 [pool-27-thread-1] WARN  impl.MetricRegistriesImpl (MetricRegistriesImpl.java:lambda$create$1(61)) - First MetricRegistry has been created without registering reporters. You may need to call MetricRegistries.global().addReportRegistration(...) before.
2019-11-05 17:31:20,363 [pool-27-thread-1] WARN  impl.MetricRegistriesImpl (MetricRegistriesImpl.java:lambda$create$1(61)) - First MetricRegistry has been created without registering reporters. You may need to call MetricRegistries.global().addReportRegistration(...) before.
2019-11-05 17:31:20,366 [pool-27-thread-1] INFO  impl.RaftServerImpl (RaftServerImpl.java:start(184)) - 0ec73003-e750-45f5-accd-5100427dfe8e@group-D92D29180FFF: start as a follower, conf=-1: [0ec73003-e750-45f5-accd-5100427dfe8e:192.168.157.254:34160], old=null
2019-11-05 17:31:20,368 [pool-27-thread-1] INFO  impl.RaftServerImpl (RaftServerImpl.java:setRole(173)) - 0ec73003-e750-45f5-accd-5100427dfe8e@group-D92D29180FFF: changes role from      null to FOLLOWER at term 0 for startAsFollower
2019-11-05 17:31:20,372 [pool-27-thread-1] INFO  impl.RoleInfo (RoleInfo.java:updateAndGet(143)) - 0ec73003-e750-45f5-accd-5100427dfe8e: start FollowerState
2019-11-05 17:31:20,391 [pool-27-thread-1] INFO  util.JmxRegister (JmxRegister.java:tryRegister(44)) - Successfully registered JMX Bean with object name Ratis:service=RaftServer,group=group-D92D29180FFF,id=0ec73003-e750-45f5-accd-5100427dfe8e
2019-11-05 17:31:20,394 [pool-27-thread-1] WARN  impl.MetricRegistriesImpl (MetricRegistriesImpl.java:lambda$create$1(61)) - First MetricRegistry has been created without registering reporters. You may need to call MetricRegistries.global().addReportRegistration(...) before.
2019-11-05 17:31:20,535 [RatisPipelineUtilsThread] INFO  pipeline.PipelineStateManager (PipelineStateManager.java:addPipeline(56)) - Created pipeline Pipeline[ Id: 70e462e1-3e2d-4cb3-a73d-d92d29180fff, Nodes: 0ec73003-e750-45f5-accd-5100427dfe8e{ip: 192.168.157.254, host: pr-hdds-1987-xp2v8-1198919540, networkLocation: /default-rack, certSerialId: null}, Type:RATIS, Factor:ONE, State:OPEN]
2019-11-05 17:31:20,620 [grpc-default-executor-0] INFO  impl.RaftServerProxy (RaftServerProxy.java:addNew(89)) - 94bc6e24-cd5b-409d-b41d-bbc8dc02539d: addNew group-C45684D3B5EE:[94bc6e24-cd5b-409d-b41d-bbc8dc02539d:192.168.157.254:46190] returns group-C45684D3B5EE:java.util.concurrent.CompletableFuture@9b9e116[Not completed]
2019-11-05 17:31:20,716 [pool-57-thread-1] INFO  impl.RaftServerImpl (RaftServerImpl.java:<init>(98)) - 94bc6e24-cd5b-409d-b41d-bbc8dc02539d: new RaftServerImpl for group-C45684D3B5EE:[94bc6e24-cd5b-409d-b41d-bbc8dc02539d:192.168.157.254:46190] with ContainerStateMachine:uninitialized
2019-11-05 17:31:20,719 [pool-57-thread-1] INFO  server.RaftServerConfigKeys (ConfUtils.java:logGet(43)) - raft.server.rpc.timeout.min = 5s (custom)
2019-11-05 17:31:20,719 [pool-57-thread-1] INFO  server.RaftServerConfigKeys (ConfUtils.java:logGet(43)) - raft.server.rpc.timeout.max = 5200ms (custom)
2019-11-05 17:31:20,719 [pool-57-thread-1] INFO  server.RaftServerConfigKeys (ConfUtils.java:logGet(43)) - raft.server.rpcslowness.timeout = 120s (custom)
2019-11-05 17:31:20,720 [pool-57-thread-1] INFO  server.RaftServerConfigKeys (ConfUtils.java:logGet(43)) - raft.server.sleep.deviation.threshold = 300 (default)
2019-11-05 17:31:20,720 [pool-57-thread-1] INFO  server.RaftServerConfigKeys (ConfUtils.java:logGet(43)) - raft.server.log.appender.install.snapshot.enabled = false (custom)
2019-11-05 17:31:20,720 [pool-57-thread-1] INFO  impl.RaftServerImpl (ServerState.java:<init>(103)) - 94bc6e24-cd5b-409d-b41d-bbc8dc02539d@group-C45684D3B5EE: ConfigurationManager, init=-1: [94bc6e24-cd5b-409d-b41d-bbc8dc02539d:192.168.157.254:46190], old=null, confs=<EMPTY_MAP>
2019-11-05 17:31:20,720 [pool-57-thread-1] INFO  server.RaftServerConfigKeys (ConfUtils.java:logGet(43)) - raft.server.storage.dir = [/workdir/hadoop-ozone/ozonefs/target/test-dir/MiniOzoneClusterImpl-767f3287-592e-494b-ab0e-1186b72b6444/datanode-3/data/ratis] (custom)
2019-11-05 17:31:20,721 [pool-57-thread-1] INFO  server.RaftServerConfigKeys (ConfUtils.java:logGet(43)) - raft.server.log.corruption.policy = EXCEPTION (default)
2019-11-05 17:31:20,721 [pool-57-thread-1] INFO  storage.RaftStorageDirectory (RaftStorageDirectory.java:analyzeStorage(246)) - The storage directory /workdir/hadoop-ozone/ozonefs/target/test-dir/MiniOzoneClusterImpl-767f3287-592e-494b-ab0e-1186b72b6444/datanode-3/data/ratis/c429805f-9901-4180-919e-c45684d3b5ee does not exist. Creating ...
2019-11-05 17:31:20,739 [pool-57-thread-1] INFO  storage.RaftStorageDirectory (RaftStorageDirectory.java:tryLock(328)) - Lock on /workdir/hadoop-ozone/ozonefs/target/test-dir/MiniOzoneClusterImpl-767f3287-592e-494b-ab0e-1186b72b6444/datanode-3/data/ratis/c429805f-9901-4180-919e-c45684d3b5ee/in_use.lock acquired by nodename 12385@pr-hdds-1987-xp2v8-1198919540
2019-11-05 17:31:20,744 [pool-57-thread-1] INFO  storage.RaftStorage (RaftStorage.java:format(84)) - Storage directory /workdir/hadoop-ozone/ozonefs/target/test-dir/MiniOzoneClusterImpl-767f3287-592e-494b-ab0e-1186b72b6444/datanode-3/data/ratis/c429805f-9901-4180-919e-c45684d3b5ee has been successfully formatted.
2019-11-05 17:31:20,746 [pool-57-thread-1] INFO  ratis.ContainerStateMachine (ContainerStateMachine.java:loadSnapshot(231)) - group-C45684D3B5EE: The snapshot info is null. Setting the last applied indexto:(t:0, i:~)
2019-11-05 17:31:20,747 [pool-57-thread-1] INFO  server.RaftServerConfigKeys (ConfUtils.java:logGet(43)) - raft.server.notification.no-leader.timeout = 120s (custom)
2019-11-05 17:31:20,747 [pool-57-thread-1] INFO  server.RaftServerConfigKeys (ConfUtils.java:logGet(43)) - raft.server.log.use.memory = false (default)
2019-11-05 17:31:20,747 [pool-57-thread-1] INFO  server.RaftServerConfigKeys (ConfUtils.java:logGet(43)) - raft.server.log.purge.gap = 1000000 (custom)
2019-11-05 17:31:20,748 [pool-57-thread-1] INFO  server.RaftServerConfigKeys (ConfUtils.java:logGet(43)) - raft.server.log.appender.buffer.byte-limit = 33554432 (custom)
2019-11-05 17:31:20,748 [pool-57-thread-1] INFO  server.RaftServerConfigKeys (ConfUtils.java:logGet(43)) - raft.server.log.segment.size.max = 1048576 (custom)
2019-11-05 17:31:20,748 [pool-57-thread-1] WARN  impl.MetricRegistriesImpl (MetricRegistriesImpl.java:lambda$create$1(61)) - First MetricRegistry has been created without registering reporters. You may need to call MetricRegistries.global().addReportRegistration(...) before.
2019-11-05 17:31:20,750 [pool-57-thread-1] INFO  server.RaftServerConfigKeys (ConfUtils.java:logGet(43)) - raft.server.log.segment.cache.num.max = 2 (custom)
2019-11-05 17:31:20,750 [pool-57-thread-1] INFO  segmented.SegmentedRaftLogWorker (SegmentedRaftLogWorker.java:<init>(173)) - new 94bc6e24-cd5b-409d-b41d-bbc8dc02539d@group-C45684D3B5EE-SegmentedRaftLogWorker for RaftStorage:Storage Directory /workdir/hadoop-ozone/ozonefs/target/test-dir/MiniOzoneClusterImpl-767f3287-592e-494b-ab0e-1186b72b6444/datanode-3/data/ratis/c429805f-9901-4180-919e-c45684d3b5ee
2019-11-05 17:31:20,751 [pool-57-thread-1] INFO  server.RaftServerConfigKeys (ConfUtils.java:logGet(43)) - raft.server.log.queue.byte-limit = 2147483647 (custom)
2019-11-05 17:31:20,751 [pool-57-thread-1] INFO  server.RaftServerConfigKeys (ConfUtils.java:logGet(43)) - raft.server.log.queue.element-limit = 1024 (custom)
2019-11-05 17:31:20,751 [pool-57-thread-1] INFO  server.RaftServerConfigKeys (ConfUtils.java:logGet(43)) - raft.server.log.segment.size.max = 1048576 (custom)
2019-11-05 17:31:20,752 [pool-57-thread-1] INFO  server.RaftServerConfigKeys (ConfUtils.java:logGet(43)) - raft.server.log.preallocated.size = 16384 (custom)
2019-11-05 17:31:20,752 [pool-57-thread-1] INFO  server.RaftServerConfigKeys (ConfUtils.java:logGet(43)) - raft.server.log.write.buffer.size = 33554432 (custom)
2019-11-05 17:31:20,752 [pool-57-thread-1] INFO  server.RaftServerConfigKeys (ConfUtils.java:logGet(43)) - raft.server.log.force.sync.num = 128 (default)
2019-11-05 17:31:20,752 [pool-57-thread-1] INFO  server.RaftServerConfigKeys (ConfUtils.java:logGet(43)) - raft.server.log.statemachine.data.sync = true (default)
2019-11-05 17:31:20,752 [pool-57-thread-1] INFO  server.RaftServerConfigKeys (ConfUtils.java:logGet(43)) - raft.server.log.statemachine.data.sync.timeout = 10s (default)
2019-11-05 17:31:20,752 [pool-57-thread-1] INFO  server.RaftServerConfigKeys (ConfUtils.java:logGet(43)) - raft.server.log.statemachine.data.sync.timeout.retry = -1 (default)
2019-11-05 17:31:20,753 [pool-57-thread-1] INFO  server.RaftServerConfigKeys (ConfUtils.java:logGet(43)) - raft.server.log.statemachine.data.caching.enabled = true (custom)
2019-11-05 17:31:20,754 [pool-57-thread-1] INFO  segmented.SegmentedRaftLogWorker (SegmentedRaftLogWorker.java:lambda$new$0(128)) - 94bc6e24-cd5b-409d-b41d-bbc8dc02539d@group-C45684D3B5EE-SegmentedRaftLogWorker: flushIndex: setUnconditionally 0 -> -1
2019-11-05 17:31:20,755 [pool-57-thread-1] INFO  server.RaftServerConfigKeys (ConfUtils.java:logGet(43)) - raft.server.snapshot.auto.trigger.enabled = true (custom)
2019-11-05 17:31:20,755 [pool-57-thread-1] INFO  server.RaftServerConfigKeys (ConfUtils.java:logGet(43)) - raft.server.snapshot.auto.trigger.threshold = 10000 (custom)
2019-11-05 17:31:20,755 [pool-57-thread-1] INFO  server.RaftServerConfigKeys (ConfUtils.java:logGet(43)) - raft.server.snapshot.retention.file.num = 5 (custom)
2019-11-05 17:31:20,755 [pool-57-thread-1] INFO  server.RaftServerConfigKeys (ConfUtils.java:logGet(43)) - raft.server.retrycache.expirytime = 600000ms (custom)
2019-11-05 17:31:20,758 [pool-57-thread-1] WARN  impl.MetricRegistriesImpl (MetricRegistriesImpl.java:lambda$create$1(61)) - First MetricRegistry has been created without registering reporters. You may need to call MetricRegistries.global().addReportRegistration(...) before.
2019-11-05 17:31:20,758 [pool-57-thread-1] WARN  impl.MetricRegistriesImpl (MetricRegistriesImpl.java:lambda$create$1(61)) - First MetricRegistry has been created without registering reporters. You may need to call MetricRegistries.global().addReportRegistration(...) before.
2019-11-05 17:31:20,759 [pool-57-thread-1] INFO  impl.RaftServerImpl (RaftServerImpl.java:start(184)) - 94bc6e24-cd5b-409d-b41d-bbc8dc02539d@group-C45684D3B5EE: start as a follower, conf=-1: [94bc6e24-cd5b-409d-b41d-bbc8dc02539d:192.168.157.254:46190], old=null
2019-11-05 17:31:20,759 [pool-57-thread-1] INFO  impl.RaftServerImpl (RaftServerImpl.java:setRole(173)) - 94bc6e24-cd5b-409d-b41d-bbc8dc02539d@group-C45684D3B5EE: changes role from      null to FOLLOWER at term 0 for startAsFollower
2019-11-05 17:31:20,759 [pool-57-thread-1] INFO  impl.RoleInfo (RoleInfo.java:updateAndGet(143)) - 94bc6e24-cd5b-409d-b41d-bbc8dc02539d: start FollowerState
2019-11-05 17:31:20,769 [pool-57-thread-1] INFO  util.JmxRegister (JmxRegister.java:tryRegister(44)) - Successfully registered JMX Bean with object name Ratis:service=RaftServer,group=group-C45684D3B5EE,id=94bc6e24-cd5b-409d-b41d-bbc8dc02539d
2019-11-05 17:31:20,771 [pool-57-thread-1] WARN  impl.MetricRegistriesImpl (MetricRegistriesImpl.java:lambda$create$1(61)) - First MetricRegistry has been created without registering reporters. You may need to call MetricRegistries.global().addReportRegistration(...) before.
2019-11-05 17:31:20,838 [RatisPipelineUtilsThread] INFO  pipeline.PipelineStateManager (PipelineStateManager.java:addPipeline(56)) - Created pipeline Pipeline[ Id: c429805f-9901-4180-919e-c45684d3b5ee, Nodes: 94bc6e24-cd5b-409d-b41d-bbc8dc02539d{ip: 192.168.157.254, host: pr-hdds-1987-xp2v8-1198919540, networkLocation: /default-rack, certSerialId: null}, Type:RATIS, Factor:ONE, State:OPEN]
2019-11-05 17:31:21,055 [grpc-default-executor-0] INFO  impl.RaftServerProxy (RaftServerProxy.java:addNew(89)) - 52d00911-f88f-4eca-b889-af42944a0dc1: addNew group-DF2DFF07DA0D:[52d00911-f88f-4eca-b889-af42944a0dc1:192.168.157.254:36588] returns group-DF2DFF07DA0D:java.util.concurrent.CompletableFuture@642002e2[Not completed]
2019-11-05 17:31:21,153 [pool-67-thread-1] INFO  impl.RaftServerImpl (RaftServerImpl.java:<init>(98)) - 52d00911-f88f-4eca-b889-af42944a0dc1: new RaftServerImpl for group-DF2DFF07DA0D:[52d00911-f88f-4eca-b889-af42944a0dc1:192.168.157.254:36588] with ContainerStateMachine:uninitialized
2019-11-05 17:31:21,153 [pool-67-thread-1] INFO  server.RaftServerConfigKeys (ConfUtils.java:logGet(43)) - raft.server.rpc.timeout.min = 5s (custom)
2019-11-05 17:31:21,153 [pool-67-thread-1] INFO  server.RaftServerConfigKeys (ConfUtils.java:logGet(43)) - raft.server.rpc.timeout.max = 5200ms (custom)
2019-11-05 17:31:21,153 [pool-67-thread-1] INFO  server.RaftServerConfigKeys (ConfUtils.java:logGet(43)) - raft.server.rpcslowness.timeout = 120s (custom)
2019-11-05 17:31:21,153 [pool-67-thread-1] INFO  server.RaftServerConfigKeys (ConfUtils.java:logGet(43)) - raft.server.sleep.deviation.threshold = 300 (default)
2019-11-05 17:31:21,154 [pool-67-thread-1] INFO  server.RaftServerConfigKeys (ConfUtils.java:logGet(43)) - raft.server.log.appender.install.snapshot.enabled = false (custom)
2019-11-05 17:31:21,154 [pool-67-thread-1] INFO  impl.RaftServerImpl (ServerState.java:<init>(103)) - 52d00911-f88f-4eca-b889-af42944a0dc1@group-DF2DFF07DA0D: ConfigurationManager, init=-1: [52d00911-f88f-4eca-b889-af42944a0dc1:192.168.157.254:36588], old=null, confs=<EMPTY_MAP>
2019-11-05 17:31:21,154 [pool-67-thread-1] INFO  server.RaftServerConfigKeys (ConfUtils.java:logGet(43)) - raft.server.storage.dir = [/workdir/hadoop-ozone/ozonefs/target/test-dir/MiniOzoneClusterImpl-767f3287-592e-494b-ab0e-1186b72b6444/datanode-4/data/ratis] (custom)
2019-11-05 17:31:21,154 [pool-67-thread-1] INFO  server.RaftServerConfigKeys (ConfUtils.java:logGet(43)) - raft.server.log.corruption.policy = EXCEPTION (default)
2019-11-05 17:31:21,172 [pool-67-thread-1] INFO  storage.RaftStorageDirectory (RaftStorageDirectory.java:analyzeStorage(246)) - The storage directory /workdir/hadoop-ozone/ozonefs/target/test-dir/MiniOzoneClusterImpl-767f3287-592e-494b-ab0e-1186b72b6444/datanode-4/data/ratis/3068d1b5-f96f-442c-8d3b-df2dff07da0d does not exist. Creating ...
2019-11-05 17:31:21,186 [JUnit] INFO  ozone.MiniOzoneClusterImpl (MiniOzoneClusterImpl.java:lambda$waitForClusterToBeReady$0(147)) - Cluster is ready. Got 5 of 5 DN Heartbeats.
2019-11-05 17:31:21,196 [pool-67-thread-1] INFO  storage.RaftStorageDirectory (RaftStorageDirectory.java:tryLock(328)) - Lock on /workdir/hadoop-ozone/ozonefs/target/test-dir/MiniOzoneClusterImpl-767f3287-592e-494b-ab0e-1186b72b6444/datanode-4/data/ratis/3068d1b5-f96f-442c-8d3b-df2dff07da0d/in_use.lock acquired by nodename 12385@pr-hdds-1987-xp2v8-1198919540
2019-11-05 17:31:21,213 [pool-67-thread-1] INFO  storage.RaftStorage (RaftStorage.java:format(84)) - Storage directory /workdir/hadoop-ozone/ozonefs/target/test-dir/MiniOzoneClusterImpl-767f3287-592e-494b-ab0e-1186b72b6444/datanode-4/data/ratis/3068d1b5-f96f-442c-8d3b-df2dff07da0d has been successfully formatted.
2019-11-05 17:31:21,214 [pool-67-thread-1] INFO  ratis.ContainerStateMachine (ContainerStateMachine.java:loadSnapshot(231)) - group-DF2DFF07DA0D: The snapshot info is null. Setting the last applied indexto:(t:0, i:~)
2019-11-05 17:31:21,214 [pool-67-thread-1] INFO  server.RaftServerConfigKeys (ConfUtils.java:logGet(43)) - raft.server.notification.no-leader.timeout = 120s (custom)
2019-11-05 17:31:21,214 [pool-67-thread-1] INFO  server.RaftServerConfigKeys (ConfUtils.java:logGet(43)) - raft.server.log.use.memory = false (default)
2019-11-05 17:31:21,214 [pool-67-thread-1] INFO  server.RaftServerConfigKeys (ConfUtils.java:logGet(43)) - raft.server.log.purge.gap = 1000000 (custom)
2019-11-05 17:31:21,214 [pool-67-thread-1] INFO  server.RaftServerConfigKeys (ConfUtils.java:logGet(43)) - raft.server.log.appender.buffer.byte-limit = 33554432 (custom)
2019-11-05 17:31:21,215 [pool-67-thread-1] INFO  server.RaftServerConfigKeys (ConfUtils.java:logGet(43)) - raft.server.log.segment.size.max = 1048576 (custom)
2019-11-05 17:31:21,215 [pool-67-thread-1] WARN  impl.MetricRegistriesImpl (MetricRegistriesImpl.java:lambda$create$1(61)) - First MetricRegistry has been created without registering reporters. You may need to call MetricRegistries.global().addReportRegistration(...) before.
2019-11-05 17:31:21,215 [pool-67-thread-1] INFO  server.RaftServerConfigKeys (ConfUtils.java:logGet(43)) - raft.server.log.segment.cache.num.max = 2 (custom)
2019-11-05 17:31:21,215 [pool-67-thread-1] INFO  segmented.SegmentedRaftLogWorker (SegmentedRaftLogWorker.java:<init>(173)) - new 52d00911-f88f-4eca-b889-af42944a0dc1@group-DF2DFF07DA0D-SegmentedRaftLogWorker for RaftStorage:Storage Directory /workdir/hadoop-ozone/ozonefs/target/test-dir/MiniOzoneClusterImpl-767f3287-592e-494b-ab0e-1186b72b6444/datanode-4/data/ratis/3068d1b5-f96f-442c-8d3b-df2dff07da0d
2019-11-05 17:31:21,215 [pool-67-thread-1] INFO  server.RaftServerConfigKeys (ConfUtils.java:logGet(43)) - raft.server.log.queue.byte-limit = 2147483647 (custom)
2019-11-05 17:31:21,215 [pool-67-thread-1] INFO  server.RaftServerConfigKeys (ConfUtils.java:logGet(43)) - raft.server.log.queue.element-limit = 1024 (custom)
2019-11-05 17:31:21,216 [pool-67-thread-1] INFO  server.RaftServerConfigKeys (ConfUtils.java:logGet(43)) - raft.server.log.segment.size.max = 1048576 (custom)
2019-11-05 17:31:21,216 [pool-67-thread-1] INFO  server.RaftServerConfigKeys (ConfUtils.java:logGet(43)) - raft.server.log.preallocated.size = 16384 (custom)
2019-11-05 17:31:21,216 [pool-67-thread-1] INFO  server.RaftServerConfigKeys (ConfUtils.java:logGet(43)) - raft.server.log.write.buffer.size = 33554432 (custom)
2019-11-05 17:31:21,216 [pool-67-thread-1] INFO  server.RaftServerConfigKeys (ConfUtils.java:logGet(43)) - raft.server.log.force.sync.num = 128 (default)
2019-11-05 17:31:21,216 [pool-67-thread-1] INFO  server.RaftServerConfigKeys (ConfUtils.java:logGet(43)) - raft.server.log.statemachine.data.sync = true (default)
2019-11-05 17:31:21,216 [pool-67-thread-1] INFO  server.RaftServerConfigKeys (ConfUtils.java:logGet(43)) - raft.server.log.statemachine.data.sync.timeout = 10s (default)
2019-11-05 17:31:21,217 [pool-67-thread-1] INFO  server.RaftServerConfigKeys (ConfUtils.java:logGet(43)) - raft.server.log.statemachine.data.sync.timeout.retry = -1 (default)
2019-11-05 17:31:21,217 [pool-67-thread-1] INFO  server.RaftServerConfigKeys (ConfUtils.java:logGet(43)) - raft.server.log.statemachine.data.caching.enabled = true (custom)
2019-11-05 17:31:21,217 [pool-67-thread-1] INFO  segmented.SegmentedRaftLogWorker (SegmentedRaftLogWorker.java:lambda$new$0(128)) - 52d00911-f88f-4eca-b889-af42944a0dc1@group-DF2DFF07DA0D-SegmentedRaftLogWorker: flushIndex: setUnconditionally 0 -> -1
2019-11-05 17:31:21,218 [pool-67-thread-1] INFO  server.RaftServerConfigKeys (ConfUtils.java:logGet(43)) - raft.server.snapshot.auto.trigger.enabled = true (custom)
2019-11-05 17:31:21,218 [pool-67-thread-1] INFO  server.RaftServerConfigKeys (ConfUtils.java:logGet(43)) - raft.server.snapshot.auto.trigger.threshold = 10000 (custom)
2019-11-05 17:31:21,219 [pool-67-thread-1] INFO  server.RaftServerConfigKeys (ConfUtils.java:logGet(43)) - raft.server.snapshot.retention.file.num = 5 (custom)
2019-11-05 17:31:21,219 [pool-67-thread-1] INFO  server.RaftServerConfigKeys (ConfUtils.java:logGet(43)) - raft.server.retrycache.expirytime = 600000ms (custom)
2019-11-05 17:31:21,219 [pool-67-thread-1] WARN  impl.MetricRegistriesImpl (MetricRegistriesImpl.java:lambda$create$1(61)) - First MetricRegistry has been created without registering reporters. You may need to call MetricRegistries.global().addReportRegistration(...) before.
2019-11-05 17:31:21,219 [pool-67-thread-1] WARN  impl.MetricRegistriesImpl (MetricRegistriesImpl.java:lambda$create$1(61)) - First MetricRegistry has been created without registering reporters. You may need to call MetricRegistries.global().addReportRegistration(...) before.
2019-11-05 17:31:21,220 [pool-67-thread-1] INFO  impl.RaftServerImpl (RaftServerImpl.java:start(184)) - 52d00911-f88f-4eca-b889-af42944a0dc1@group-DF2DFF07DA0D: start as a follower, conf=-1: [52d00911-f88f-4eca-b889-af42944a0dc1:192.168.157.254:36588], old=null
2019-11-05 17:31:21,220 [pool-67-thread-1] INFO  impl.RaftServerImpl (RaftServerImpl.java:setRole(173)) - 52d00911-f88f-4eca-b889-af42944a0dc1@group-DF2DFF07DA0D: changes role from      null to FOLLOWER at term 0 for startAsFollower
2019-11-05 17:31:21,221 [pool-67-thread-1] INFO  impl.RoleInfo (RoleInfo.java:updateAndGet(143)) - 52d00911-f88f-4eca-b889-af42944a0dc1: start FollowerState
2019-11-05 17:31:21,232 [pool-67-thread-1] INFO  util.JmxRegister (JmxRegister.java:tryRegister(44)) - Successfully registered JMX Bean with object name Ratis:service=RaftServer,group=group-DF2DFF07DA0D,id=52d00911-f88f-4eca-b889-af42944a0dc1
2019-11-05 17:31:21,233 [pool-67-thread-1] WARN  impl.MetricRegistriesImpl (MetricRegistriesImpl.java:lambda$create$1(61)) - First MetricRegistry has been created without registering reporters. You may need to call MetricRegistries.global().addReportRegistration(...) before.
2019-11-05 17:31:21,238 [Thread-215] INFO  Configuration.deprecation (Configuration.java:logDeprecation(1394)) - mapred.job.tracker is deprecated. Instead, use mapreduce.jobtracker.address
2019-11-05 17:31:21,270 [RatisPipelineUtilsThread] INFO  pipeline.PipelineStateManager (PipelineStateManager.java:addPipeline(56)) - Created pipeline Pipeline[ Id: 3068d1b5-f96f-442c-8d3b-df2dff07da0d, Nodes: 52d00911-f88f-4eca-b889-af42944a0dc1{ip: 192.168.157.254, host: pr-hdds-1987-xp2v8-1198919540, networkLocation: /default-rack, certSerialId: null}, Type:RATIS, Factor:ONE, State:OPEN]
2019-11-05 17:31:21,317 [grpc-default-executor-0] INFO  impl.RaftServerProxy (RaftServerProxy.java:addNew(89)) - 14ac522e-2aca-48e3-829d-953488abf711: addNew group-038705EC5F14:[14ac522e-2aca-48e3-829d-953488abf711:192.168.157.254:38394] returns group-038705EC5F14:java.util.concurrent.CompletableFuture@51959e8c[Not completed]
2019-11-05 17:31:21,319 [pool-47-thread-1] INFO  impl.RaftServerImpl (RaftServerImpl.java:<init>(98)) - 14ac522e-2aca-48e3-829d-953488abf711: new RaftServerImpl for group-038705EC5F14:[14ac522e-2aca-48e3-829d-953488abf711:192.168.157.254:38394] with ContainerStateMachine:uninitialized
2019-11-05 17:31:21,319 [pool-47-thread-1] INFO  server.RaftServerConfigKeys (ConfUtils.java:logGet(43)) - raft.server.rpc.timeout.min = 5s (custom)
2019-11-05 17:31:21,319 [pool-47-thread-1] INFO  server.RaftServerConfigKeys (ConfUtils.java:logGet(43)) - raft.server.rpc.timeout.max = 5200ms (custom)
2019-11-05 17:31:21,319 [pool-47-thread-1] INFO  server.RaftServerConfigKeys (ConfUtils.java:logGet(43)) - raft.server.rpcslowness.timeout = 120s (custom)
2019-11-05 17:31:21,320 [pool-47-thread-1] INFO  server.RaftServerConfigKeys (ConfUtils.java:logGet(43)) - raft.server.sleep.deviation.threshold = 300 (default)
2019-11-05 17:31:21,320 [pool-47-thread-1] INFO  server.RaftServerConfigKeys (ConfUtils.java:logGet(43)) - raft.server.log.appender.install.snapshot.enabled = false (custom)
2019-11-05 17:31:21,320 [pool-47-thread-1] INFO  impl.RaftServerImpl (ServerState.java:<init>(103)) - 14ac522e-2aca-48e3-829d-953488abf711@group-038705EC5F14: ConfigurationManager, init=-1: [14ac522e-2aca-48e3-829d-953488abf711:192.168.157.254:38394], old=null, confs=<EMPTY_MAP>
2019-11-05 17:31:21,320 [pool-47-thread-1] INFO  server.RaftServerConfigKeys (ConfUtils.java:logGet(43)) - raft.server.storage.dir = [/workdir/hadoop-ozone/ozonefs/target/test-dir/MiniOzoneClusterImpl-767f3287-592e-494b-ab0e-1186b72b6444/datanode-2/data/ratis] (custom)
2019-11-05 17:31:21,320 [pool-47-thread-1] INFO  server.RaftServerConfigKeys (ConfUtils.java:logGet(43)) - raft.server.log.corruption.policy = EXCEPTION (default)
2019-11-05 17:31:21,321 [pool-47-thread-1] INFO  storage.RaftStorageDirectory (RaftStorageDirectory.java:analyzeStorage(246)) - The storage directory /workdir/hadoop-ozone/ozonefs/target/test-dir/MiniOzoneClusterImpl-767f3287-592e-494b-ab0e-1186b72b6444/datanode-2/data/ratis/283cd428-cbba-4368-9074-038705ec5f14 does not exist. Creating ...
2019-11-05 17:31:21,344 [pool-47-thread-1] INFO  storage.RaftStorageDirectory (RaftStorageDirectory.java:tryLock(328)) - Lock on /workdir/hadoop-ozone/ozonefs/target/test-dir/MiniOzoneClusterImpl-767f3287-592e-494b-ab0e-1186b72b6444/datanode-2/data/ratis/283cd428-cbba-4368-9074-038705ec5f14/in_use.lock acquired by nodename 12385@pr-hdds-1987-xp2v8-1198919540
2019-11-05 17:31:21,376 [pool-47-thread-1] INFO  storage.RaftStorage (RaftStorage.java:format(84)) - Storage directory /workdir/hadoop-ozone/ozonefs/target/test-dir/MiniOzoneClusterImpl-767f3287-592e-494b-ab0e-1186b72b6444/datanode-2/data/ratis/283cd428-cbba-4368-9074-038705ec5f14 has been successfully formatted.
2019-11-05 17:31:21,377 [pool-47-thread-1] INFO  ratis.ContainerStateMachine (ContainerStateMachine.java:loadSnapshot(231)) - group-038705EC5F14: The snapshot info is null. Setting the last applied indexto:(t:0, i:~)
2019-11-05 17:31:21,377 [pool-47-thread-1] INFO  server.RaftServerConfigKeys (ConfUtils.java:logGet(43)) - raft.server.notification.no-leader.timeout = 120s (custom)
2019-11-05 17:31:21,377 [pool-47-thread-1] INFO  server.RaftServerConfigKeys (ConfUtils.java:logGet(43)) - raft.server.log.use.memory = false (default)
2019-11-05 17:31:21,377 [pool-47-thread-1] INFO  server.RaftServerConfigKeys (ConfUtils.java:logGet(43)) - raft.server.log.purge.gap = 1000000 (custom)
2019-11-05 17:31:21,377 [pool-47-thread-1] INFO  server.RaftServerConfigKeys (ConfUtils.java:logGet(43)) - raft.server.log.appender.buffer.byte-limit = 33554432 (custom)
2019-11-05 17:31:21,377 [pool-47-thread-1] INFO  server.RaftServerConfigKeys (ConfUtils.java:logGet(43)) - raft.server.log.segment.size.max = 1048576 (custom)
2019-11-05 17:31:21,378 [pool-47-thread-1] WARN  impl.MetricRegistriesImpl (MetricRegistriesImpl.java:lambda$create$1(61)) - First MetricRegistry has been created without registering reporters. You may need to call MetricRegistries.global().addReportRegistration(...) before.
2019-11-05 17:31:21,378 [pool-47-thread-1] INFO  server.RaftServerConfigKeys (ConfUtils.java:logGet(43)) - raft.server.log.segment.cache.num.max = 2 (custom)
2019-11-05 17:31:21,378 [pool-47-thread-1] INFO  segmented.SegmentedRaftLogWorker (SegmentedRaftLogWorker.java:<init>(173)) - new 14ac522e-2aca-48e3-829d-953488abf711@group-038705EC5F14-SegmentedRaftLogWorker for RaftStorage:Storage Directory /workdir/hadoop-ozone/ozonefs/target/test-dir/MiniOzoneClusterImpl-767f3287-592e-494b-ab0e-1186b72b6444/datanode-2/data/ratis/283cd428-cbba-4368-9074-038705ec5f14
2019-11-05 17:31:21,378 [pool-47-thread-1] INFO  server.RaftServerConfigKeys (ConfUtils.java:logGet(43)) - raft.server.log.queue.byte-limit = 2147483647 (custom)
2019-11-05 17:31:21,378 [pool-47-thread-1] INFO  server.RaftServerConfigKeys (ConfUtils.java:logGet(43)) - raft.server.log.queue.element-limit = 1024 (custom)
2019-11-05 17:31:21,378 [pool-47-thread-1] INFO  server.RaftServerConfigKeys (ConfUtils.java:logGet(43)) - raft.server.log.segment.size.max = 1048576 (custom)
2019-11-05 17:31:21,378 [pool-47-thread-1] INFO  server.RaftServerConfigKeys (ConfUtils.java:logGet(43)) - raft.server.log.preallocated.size = 16384 (custom)
2019-11-05 17:31:21,378 [pool-47-thread-1] INFO  server.RaftServerConfigKeys (ConfUtils.java:logGet(43)) - raft.server.log.write.buffer.size = 33554432 (custom)
2019-11-05 17:31:21,379 [pool-47-thread-1] INFO  server.RaftServerConfigKeys (ConfUtils.java:logGet(43)) - raft.server.log.force.sync.num = 128 (default)
2019-11-05 17:31:21,379 [pool-47-thread-1] INFO  server.RaftServerConfigKeys (ConfUtils.java:logGet(43)) - raft.server.log.statemachine.data.sync = true (default)
2019-11-05 17:31:21,379 [pool-47-thread-1] INFO  server.RaftServerConfigKeys (ConfUtils.java:logGet(43)) - raft.server.log.statemachine.data.sync.timeout = 10s (default)
2019-11-05 17:31:21,379 [pool-47-thread-1] INFO  server.RaftServerConfigKeys (ConfUtils.java:logGet(43)) - raft.server.log.statemachine.data.sync.timeout.retry = -1 (default)
2019-11-05 17:31:21,379 [pool-47-thread-1] INFO  server.RaftServerConfigKeys (ConfUtils.java:logGet(43)) - raft.server.log.statemachine.data.caching.enabled = true (custom)
2019-11-05 17:31:21,380 [pool-47-thread-1] INFO  segmented.SegmentedRaftLogWorker (SegmentedRaftLogWorker.java:lambda$new$0(128)) - 14ac522e-2aca-48e3-829d-953488abf711@group-038705EC5F14-SegmentedRaftLogWorker: flushIndex: setUnconditionally 0 -> -1
2019-11-05 17:31:21,380 [pool-47-thread-1] INFO  server.RaftServerConfigKeys (ConfUtils.java:logGet(43)) - raft.server.snapshot.auto.trigger.enabled = true (custom)
2019-11-05 17:31:21,381 [pool-47-thread-1] INFO  server.RaftServerConfigKeys (ConfUtils.java:logGet(43)) - raft.server.snapshot.auto.trigger.threshold = 10000 (custom)
2019-11-05 17:31:21,381 [pool-47-thread-1] INFO  server.RaftServerConfigKeys (ConfUtils.java:logGet(43)) - raft.server.snapshot.retention.file.num = 5 (custom)
2019-11-05 17:31:21,381 [pool-47-thread-1] INFO  server.RaftServerConfigKeys (ConfUtils.java:logGet(43)) - raft.server.retrycache.expirytime = 600000ms (custom)
2019-11-05 17:31:21,381 [pool-47-thread-1] WARN  impl.MetricRegistriesImpl (MetricRegistriesImpl.java:lambda$create$1(61)) - First MetricRegistry has been created without registering reporters. You may need to call MetricRegistries.global().addReportRegistration(...) before.
2019-11-05 17:31:21,381 [pool-47-thread-1] WARN  impl.MetricRegistriesImpl (MetricRegistriesImpl.java:lambda$create$1(61)) - First MetricRegistry has been created without registering reporters. You may need to call MetricRegistries.global().addReportRegistration(...) before.
2019-11-05 17:31:21,383 [pool-47-thread-1] INFO  impl.RaftServerImpl (RaftServerImpl.java:start(184)) - 14ac522e-2aca-48e3-829d-953488abf711@group-038705EC5F14: start as a follower, conf=-1: [14ac522e-2aca-48e3-829d-953488abf711:192.168.157.254:38394], old=null
2019-11-05 17:31:21,390 [pool-47-thread-1] INFO  impl.RaftServerImpl (RaftServerImpl.java:setRole(173)) - 14ac522e-2aca-48e3-829d-953488abf711@group-038705EC5F14: changes role from      null to FOLLOWER at term 0 for startAsFollower
2019-11-05 17:31:21,486 [pool-47-thread-1] INFO  impl.RoleInfo (RoleInfo.java:updateAndGet(143)) - 14ac522e-2aca-48e3-829d-953488abf711: start FollowerState
2019-11-05 17:31:21,491 [pool-47-thread-1] INFO  util.JmxRegister (JmxRegister.java:tryRegister(44)) - Successfully registered JMX Bean with object name Ratis:service=RaftServer,group=group-038705EC5F14,id=14ac522e-2aca-48e3-829d-953488abf711
2019-11-05 17:31:21,491 [pool-47-thread-1] WARN  impl.MetricRegistriesImpl (MetricRegistriesImpl.java:lambda$create$1(61)) - First MetricRegistry has been created without registering reporters. You may need to call MetricRegistries.global().addReportRegistration(...) before.
2019-11-05 17:31:21,570 [RatisPipelineUtilsThread] INFO  pipeline.PipelineStateManager (PipelineStateManager.java:addPipeline(56)) - Created pipeline Pipeline[ Id: 283cd428-cbba-4368-9074-038705ec5f14, Nodes: 14ac522e-2aca-48e3-829d-953488abf711{ip: 192.168.157.254, host: pr-hdds-1987-xp2v8-1198919540, networkLocation: /default-rack, certSerialId: null}, Type:RATIS, Factor:ONE, State:OPEN]
2019-11-05 17:31:21,659 [grpc-default-executor-0] INFO  impl.RaftServerProxy (RaftServerProxy.java:addNew(89)) - 3b6bcaca-5e5c-4fce-ba9d-8e9bbdbbade1: addNew group-5F729B0747A0:[3b6bcaca-5e5c-4fce-ba9d-8e9bbdbbade1:192.168.157.254:36896] returns group-5F729B0747A0:java.util.concurrent.CompletableFuture@b23df69[Not completed]
2019-11-05 17:31:21,661 [pool-37-thread-1] INFO  impl.RaftServerImpl (RaftServerImpl.java:<init>(98)) - 3b6bcaca-5e5c-4fce-ba9d-8e9bbdbbade1: new RaftServerImpl for group-5F729B0747A0:[3b6bcaca-5e5c-4fce-ba9d-8e9bbdbbade1:192.168.157.254:36896] with ContainerStateMachine:uninitialized
2019-11-05 17:31:21,677 [pool-37-thread-1] INFO  server.RaftServerConfigKeys (ConfUtils.java:logGet(43)) - raft.server.rpc.timeout.min = 5s (custom)
2019-11-05 17:31:21,678 [pool-37-thread-1] INFO  server.RaftServerConfigKeys (ConfUtils.java:logGet(43)) - raft.server.rpc.timeout.max = 5200ms (custom)
2019-11-05 17:31:21,678 [pool-37-thread-1] INFO  server.RaftServerConfigKeys (ConfUtils.java:logGet(43)) - raft.server.rpcslowness.timeout = 120s (custom)
2019-11-05 17:31:21,678 [pool-37-thread-1] INFO  server.RaftServerConfigKeys (ConfUtils.java:logGet(43)) - raft.server.sleep.deviation.threshold = 300 (default)
2019-11-05 17:31:21,678 [pool-37-thread-1] INFO  server.RaftServerConfigKeys (ConfUtils.java:logGet(43)) - raft.server.log.appender.install.snapshot.enabled = false (custom)
2019-11-05 17:31:21,678 [pool-37-thread-1] INFO  impl.RaftServerImpl (ServerState.java:<init>(103)) - 3b6bcaca-5e5c-4fce-ba9d-8e9bbdbbade1@group-5F729B0747A0: ConfigurationManager, init=-1: [3b6bcaca-5e5c-4fce-ba9d-8e9bbdbbade1:192.168.157.254:36896], old=null, confs=<EMPTY_MAP>
2019-11-05 17:31:21,678 [pool-37-thread-1] INFO  server.RaftServerConfigKeys (ConfUtils.java:logGet(43)) - raft.server.storage.dir = [/workdir/hadoop-ozone/ozonefs/target/test-dir/MiniOzoneClusterImpl-767f3287-592e-494b-ab0e-1186b72b6444/datanode-1/data/ratis] (custom)
2019-11-05 17:31:21,679 [pool-37-thread-1] INFO  server.RaftServerConfigKeys (ConfUtils.java:logGet(43)) - raft.server.log.corruption.policy = EXCEPTION (default)
2019-11-05 17:31:21,679 [pool-37-thread-1] INFO  storage.RaftStorageDirectory (RaftStorageDirectory.java:analyzeStorage(246)) - The storage directory /workdir/hadoop-ozone/ozonefs/target/test-dir/MiniOzoneClusterImpl-767f3287-592e-494b-ab0e-1186b72b6444/datanode-1/data/ratis/1930d532-41ee-4455-9d3f-5f729b0747a0 does not exist. Creating ...
2019-11-05 17:31:21,708 [pool-37-thread-1] INFO  storage.RaftStorageDirectory (RaftStorageDirectory.java:tryLock(328)) - Lock on /workdir/hadoop-ozone/ozonefs/target/test-dir/MiniOzoneClusterImpl-767f3287-592e-494b-ab0e-1186b72b6444/datanode-1/data/ratis/1930d532-41ee-4455-9d3f-5f729b0747a0/in_use.lock acquired by nodename 12385@pr-hdds-1987-xp2v8-1198919540
2019-11-05 17:31:21,726 [pool-37-thread-1] INFO  storage.RaftStorage (RaftStorage.java:format(84)) - Storage directory /workdir/hadoop-ozone/ozonefs/target/test-dir/MiniOzoneClusterImpl-767f3287-592e-494b-ab0e-1186b72b6444/datanode-1/data/ratis/1930d532-41ee-4455-9d3f-5f729b0747a0 has been successfully formatted.
2019-11-05 17:31:21,726 [pool-37-thread-1] INFO  ratis.ContainerStateMachine (ContainerStateMachine.java:loadSnapshot(231)) - group-5F729B0747A0: The snapshot info is null. Setting the last applied indexto:(t:0, i:~)
2019-11-05 17:31:21,726 [pool-37-thread-1] INFO  server.RaftServerConfigKeys (ConfUtils.java:logGet(43)) - raft.server.notification.no-leader.timeout = 120s (custom)
2019-11-05 17:31:21,726 [pool-37-thread-1] INFO  server.RaftServerConfigKeys (ConfUtils.java:logGet(43)) - raft.server.log.use.memory = false (default)
2019-11-05 17:31:21,727 [pool-37-thread-1] INFO  server.RaftServerConfigKeys (ConfUtils.java:logGet(43)) - raft.server.log.purge.gap = 1000000 (custom)
2019-11-05 17:31:21,727 [pool-37-thread-1] INFO  server.RaftServerConfigKeys (ConfUtils.java:logGet(43)) - raft.server.log.appender.buffer.byte-limit = 33554432 (custom)
2019-11-05 17:31:21,727 [pool-37-thread-1] INFO  server.RaftServerConfigKeys (ConfUtils.java:logGet(43)) - raft.server.log.segment.size.max = 1048576 (custom)
2019-11-05 17:31:21,727 [pool-37-thread-1] WARN  impl.MetricRegistriesImpl (MetricRegistriesImpl.java:lambda$create$1(61)) - First MetricRegistry has been created without registering reporters. You may need to call MetricRegistries.global().addReportRegistration(...) before.
2019-11-05 17:31:21,727 [pool-37-thread-1] INFO  server.RaftServerConfigKeys (ConfUtils.java:logGet(43)) - raft.server.log.segment.cache.num.max = 2 (custom)
2019-11-05 17:31:21,727 [pool-37-thread-1] INFO  segmented.SegmentedRaftLogWorker (SegmentedRaftLogWorker.java:<init>(173)) - new 3b6bcaca-5e5c-4fce-ba9d-8e9bbdbbade1@group-5F729B0747A0-SegmentedRaftLogWorker for RaftStorage:Storage Directory /workdir/hadoop-ozone/ozonefs/target/test-dir/MiniOzoneClusterImpl-767f3287-592e-494b-ab0e-1186b72b6444/datanode-1/data/ratis/1930d532-41ee-4455-9d3f-5f729b0747a0
2019-11-05 17:31:21,728 [pool-37-thread-1] INFO  server.RaftServerConfigKeys (ConfUtils.java:logGet(43)) - raft.server.log.queue.byte-limit = 2147483647 (custom)
2019-11-05 17:31:21,728 [pool-37-thread-1] INFO  server.RaftServerConfigKeys (ConfUtils.java:logGet(43)) - raft.server.log.queue.element-limit = 1024 (custom)
2019-11-05 17:31:21,728 [pool-37-thread-1] INFO  server.RaftServerConfigKeys (ConfUtils.java:logGet(43)) - raft.server.log.segment.size.max = 1048576 (custom)
2019-11-05 17:31:21,728 [pool-37-thread-1] INFO  server.RaftServerConfigKeys (ConfUtils.java:logGet(43)) - raft.server.log.preallocated.size = 16384 (custom)
2019-11-05 17:31:21,728 [pool-37-thread-1] INFO  server.RaftServerConfigKeys (ConfUtils.java:logGet(43)) - raft.server.log.write.buffer.size = 33554432 (custom)
2019-11-05 17:31:21,728 [pool-37-thread-1] INFO  server.RaftServerConfigKeys (ConfUtils.java:logGet(43)) - raft.server.log.force.sync.num = 128 (default)
2019-11-05 17:31:21,728 [pool-37-thread-1] INFO  server.RaftServerConfigKeys (ConfUtils.java:logGet(43)) - raft.server.log.statemachine.data.sync = true (default)
2019-11-05 17:31:21,729 [pool-37-thread-1] INFO  server.RaftServerConfigKeys (ConfUtils.java:logGet(43)) - raft.server.log.statemachine.data.sync.timeout = 10s (default)
2019-11-05 17:31:21,729 [pool-37-thread-1] INFO  server.RaftServerConfigKeys (ConfUtils.java:logGet(43)) - raft.server.log.statemachine.data.sync.timeout.retry = -1 (default)
2019-11-05 17:31:21,729 [pool-37-thread-1] INFO  server.RaftServerConfigKeys (ConfUtils.java:logGet(43)) - raft.server.log.statemachine.data.caching.enabled = true (custom)
2019-11-05 17:31:21,729 [pool-37-thread-1] INFO  segmented.SegmentedRaftLogWorker (SegmentedRaftLogWorker.java:lambda$new$0(128)) - 3b6bcaca-5e5c-4fce-ba9d-8e9bbdbbade1@group-5F729B0747A0-SegmentedRaftLogWorker: flushIndex: setUnconditionally 0 -> -1
2019-11-05 17:31:21,730 [pool-37-thread-1] INFO  server.RaftServerConfigKeys (ConfUtils.java:logGet(43)) - raft.server.snapshot.auto.trigger.enabled = true (custom)
2019-11-05 17:31:21,730 [pool-37-thread-1] INFO  server.RaftServerConfigKeys (ConfUtils.java:logGet(43)) - raft.server.snapshot.auto.trigger.threshold = 10000 (custom)
2019-11-05 17:31:21,737 [pool-37-thread-1] INFO  server.RaftServerConfigKeys (ConfUtils.java:logGet(43)) - raft.server.snapshot.retention.file.num = 5 (custom)
2019-11-05 17:31:21,738 [pool-37-thread-1] INFO  server.RaftServerConfigKeys (ConfUtils.java:logGet(43)) - raft.server.retrycache.expirytime = 600000ms (custom)
2019-11-05 17:31:21,738 [pool-37-thread-1] WARN  impl.MetricRegistriesImpl (MetricRegistriesImpl.java:lambda$create$1(61)) - First MetricRegistry has been created without registering reporters. You may need to call MetricRegistries.global().addReportRegistration(...) before.
2019-11-05 17:31:21,738 [pool-37-thread-1] WARN  impl.MetricRegistriesImpl (MetricRegistriesImpl.java:lambda$create$1(61)) - First MetricRegistry has been created without registering reporters. You may need to call MetricRegistries.global().addReportRegistration(...) before.
2019-11-05 17:31:21,738 [pool-37-thread-1] INFO  impl.RaftServerImpl (RaftServerImpl.java:start(184)) - 3b6bcaca-5e5c-4fce-ba9d-8e9bbdbbade1@group-5F729B0747A0: start as a follower, conf=-1: [3b6bcaca-5e5c-4fce-ba9d-8e9bbdbbade1:192.168.157.254:36896], old=null
2019-11-05 17:31:21,739 [pool-37-thread-1] INFO  impl.RaftServerImpl (RaftServerImpl.java:setRole(173)) - 3b6bcaca-5e5c-4fce-ba9d-8e9bbdbbade1@group-5F729B0747A0: changes role from      null to FOLLOWER at term 0 for startAsFollower
2019-11-05 17:31:21,739 [pool-37-thread-1] INFO  impl.RoleInfo (RoleInfo.java:updateAndGet(143)) - 3b6bcaca-5e5c-4fce-ba9d-8e9bbdbbade1: start FollowerState
2019-11-05 17:31:21,739 [pool-37-thread-1] INFO  util.JmxRegister (JmxRegister.java:tryRegister(44)) - Successfully registered JMX Bean with object name Ratis:service=RaftServer,group=group-5F729B0747A0,id=3b6bcaca-5e5c-4fce-ba9d-8e9bbdbbade1
2019-11-05 17:31:21,739 [pool-37-thread-1] WARN  impl.MetricRegistriesImpl (MetricRegistriesImpl.java:lambda$create$1(61)) - First MetricRegistry has been created without registering reporters. You may need to call MetricRegistries.global().addReportRegistration(...) before.
2019-11-05 17:31:21,747 [RatisPipelineUtilsThread] INFO  pipeline.PipelineStateManager (PipelineStateManager.java:addPipeline(56)) - Created pipeline Pipeline[ Id: 1930d532-41ee-4455-9d3f-5f729b0747a0, Nodes: 3b6bcaca-5e5c-4fce-ba9d-8e9bbdbbade1{ip: 192.168.157.254, host: pr-hdds-1987-xp2v8-1198919540, networkLocation: /default-rack, certSerialId: null}, Type:RATIS, Factor:ONE, State:OPEN]
2019-11-05 17:31:21,969 [grpc-default-executor-2] INFO  impl.RaftServerProxy (RaftServerProxy.java:addNew(89)) - 94bc6e24-cd5b-409d-b41d-bbc8dc02539d: addNew group-492225920F7D:[14ac522e-2aca-48e3-829d-953488abf711:192.168.157.254:38394, 94bc6e24-cd5b-409d-b41d-bbc8dc02539d:192.168.157.254:46190, 52d00911-f88f-4eca-b889-af42944a0dc1:192.168.157.254:36588] returns group-492225920F7D:java.util.concurrent.CompletableFuture@101a7782[Not completed]
2019-11-05 17:31:21,973 [pool-57-thread-1] INFO  impl.RaftServerImpl (RaftServerImpl.java:<init>(98)) - 94bc6e24-cd5b-409d-b41d-bbc8dc02539d: new RaftServerImpl for group-492225920F7D:[14ac522e-2aca-48e3-829d-953488abf711:192.168.157.254:38394, 94bc6e24-cd5b-409d-b41d-bbc8dc02539d:192.168.157.254:46190, 52d00911-f88f-4eca-b889-af42944a0dc1:192.168.157.254:36588] with ContainerStateMachine:uninitialized
2019-11-05 17:31:21,973 [pool-57-thread-1] INFO  server.RaftServerConfigKeys (ConfUtils.java:logGet(43)) - raft.server.rpc.timeout.min = 5s (custom)
2019-11-05 17:31:21,973 [pool-57-thread-1] INFO  server.RaftServerConfigKeys (ConfUtils.java:logGet(43)) - raft.server.rpc.timeout.max = 5200ms (custom)
2019-11-05 17:31:21,974 [pool-57-thread-1] INFO  server.RaftServerConfigKeys (ConfUtils.java:logGet(43)) - raft.server.rpcslowness.timeout = 120s (custom)
2019-11-05 17:31:21,975 [pool-57-thread-1] INFO  server.RaftServerConfigKeys (ConfUtils.java:logGet(43)) - raft.server.sleep.deviation.threshold = 300 (default)
2019-11-05 17:31:21,975 [pool-57-thread-1] INFO  server.RaftServerConfigKeys (ConfUtils.java:logGet(43)) - raft.server.log.appender.install.snapshot.enabled = false (custom)
2019-11-05 17:31:21,976 [pool-57-thread-1] INFO  impl.RaftServerImpl (ServerState.java:<init>(103)) - 94bc6e24-cd5b-409d-b41d-bbc8dc02539d@group-492225920F7D: ConfigurationManager, init=-1: [14ac522e-2aca-48e3-829d-953488abf711:192.168.157.254:38394, 94bc6e24-cd5b-409d-b41d-bbc8dc02539d:192.168.157.254:46190, 52d00911-f88f-4eca-b889-af42944a0dc1:192.168.157.254:36588], old=null, confs=<EMPTY_MAP>
2019-11-05 17:31:21,976 [pool-57-thread-1] INFO  server.RaftServerConfigKeys (ConfUtils.java:logGet(43)) - raft.server.storage.dir = [/workdir/hadoop-ozone/ozonefs/target/test-dir/MiniOzoneClusterImpl-767f3287-592e-494b-ab0e-1186b72b6444/datanode-3/data/ratis] (custom)
2019-11-05 17:31:21,976 [pool-57-thread-1] INFO  server.RaftServerConfigKeys (ConfUtils.java:logGet(43)) - raft.server.log.corruption.policy = EXCEPTION (default)
2019-11-05 17:31:21,976 [pool-57-thread-1] INFO  storage.RaftStorageDirectory (RaftStorageDirectory.java:analyzeStorage(246)) - The storage directory /workdir/hadoop-ozone/ozonefs/target/test-dir/MiniOzoneClusterImpl-767f3287-592e-494b-ab0e-1186b72b6444/datanode-3/data/ratis/91770503-1f66-4251-a6bb-492225920f7d does not exist. Creating ...
2019-11-05 17:31:21,991 [grpc-default-executor-1] INFO  impl.RaftServerProxy (RaftServerProxy.java:addNew(89)) - 52d00911-f88f-4eca-b889-af42944a0dc1: addNew group-492225920F7D:[14ac522e-2aca-48e3-829d-953488abf711:192.168.157.254:38394, 94bc6e24-cd5b-409d-b41d-bbc8dc02539d:192.168.157.254:46190, 52d00911-f88f-4eca-b889-af42944a0dc1:192.168.157.254:36588] returns group-492225920F7D:java.util.concurrent.CompletableFuture@1e2ad323[Not completed]
2019-11-05 17:31:21,991 [grpc-default-executor-2] INFO  impl.RaftServerProxy (RaftServerProxy.java:addNew(89)) - 14ac522e-2aca-48e3-829d-953488abf711: addNew group-492225920F7D:[14ac522e-2aca-48e3-829d-953488abf711:192.168.157.254:38394, 94bc6e24-cd5b-409d-b41d-bbc8dc02539d:192.168.157.254:46190, 52d00911-f88f-4eca-b889-af42944a0dc1:192.168.157.254:36588] returns group-492225920F7D:java.util.concurrent.CompletableFuture@1425f159[Not completed]
2019-11-05 17:31:21,994 [pool-47-thread-1] INFO  impl.RaftServerImpl (RaftServerImpl.java:<init>(98)) - 14ac522e-2aca-48e3-829d-953488abf711: new RaftServerImpl for group-492225920F7D:[14ac522e-2aca-48e3-829d-953488abf711:192.168.157.254:38394, 94bc6e24-cd5b-409d-b41d-bbc8dc02539d:192.168.157.254:46190, 52d00911-f88f-4eca-b889-af42944a0dc1:192.168.157.254:36588] with ContainerStateMachine:uninitialized
2019-11-05 17:31:21,994 [pool-47-thread-1] INFO  server.RaftServerConfigKeys (ConfUtils.java:logGet(43)) - raft.server.rpc.timeout.min = 5s (custom)
2019-11-05 17:31:21,994 [pool-47-thread-1] INFO  server.RaftServerConfigKeys (ConfUtils.java:logGet(43)) - raft.server.rpc.timeout.max = 5200ms (custom)
2019-11-05 17:31:21,995 [pool-47-thread-1] INFO  server.RaftServerConfigKeys (ConfUtils.java:logGet(43)) - raft.server.rpcslowness.timeout = 120s (custom)
2019-11-05 17:31:21,995 [pool-47-thread-1] INFO  server.RaftServerConfigKeys (ConfUtils.java:logGet(43)) - raft.server.sleep.deviation.threshold = 300 (default)
2019-11-05 17:31:21,995 [pool-47-thread-1] INFO  server.RaftServerConfigKeys (ConfUtils.java:logGet(43)) - raft.server.log.appender.install.snapshot.enabled = false (custom)
2019-11-05 17:31:21,995 [pool-47-thread-1] INFO  impl.RaftServerImpl (ServerState.java:<init>(103)) - 14ac522e-2aca-48e3-829d-953488abf711@group-492225920F7D: ConfigurationManager, init=-1: [14ac522e-2aca-48e3-829d-953488abf711:192.168.157.254:38394, 94bc6e24-cd5b-409d-b41d-bbc8dc02539d:192.168.157.254:46190, 52d00911-f88f-4eca-b889-af42944a0dc1:192.168.157.254:36588], old=null, confs=<EMPTY_MAP>
2019-11-05 17:31:21,995 [pool-47-thread-1] INFO  server.RaftServerConfigKeys (ConfUtils.java:logGet(43)) - raft.server.storage.dir = [/workdir/hadoop-ozone/ozonefs/target/test-dir/MiniOzoneClusterImpl-767f3287-592e-494b-ab0e-1186b72b6444/datanode-2/data/ratis] (custom)
2019-11-05 17:31:21,996 [pool-47-thread-1] INFO  server.RaftServerConfigKeys (ConfUtils.java:logGet(43)) - raft.server.log.corruption.policy = EXCEPTION (default)
2019-11-05 17:31:21,996 [pool-47-thread-1] INFO  storage.RaftStorageDirectory (RaftStorageDirectory.java:analyzeStorage(246)) - The storage directory /workdir/hadoop-ozone/ozonefs/target/test-dir/MiniOzoneClusterImpl-767f3287-592e-494b-ab0e-1186b72b6444/datanode-2/data/ratis/91770503-1f66-4251-a6bb-492225920f7d does not exist. Creating ...
2019-11-05 17:31:21,997 [pool-67-thread-1] INFO  impl.RaftServerImpl (RaftServerImpl.java:<init>(98)) - 52d00911-f88f-4eca-b889-af42944a0dc1: new RaftServerImpl for group-492225920F7D:[14ac522e-2aca-48e3-829d-953488abf711:192.168.157.254:38394, 94bc6e24-cd5b-409d-b41d-bbc8dc02539d:192.168.157.254:46190, 52d00911-f88f-4eca-b889-af42944a0dc1:192.168.157.254:36588] with ContainerStateMachine:uninitialized
2019-11-05 17:31:21,997 [pool-67-thread-1] INFO  server.RaftServerConfigKeys (ConfUtils.java:logGet(43)) - raft.server.rpc.timeout.min = 5s (custom)
2019-11-05 17:31:21,997 [pool-67-thread-1] INFO  server.RaftServerConfigKeys (ConfUtils.java:logGet(43)) - raft.server.rpc.timeout.max = 5200ms (custom)
2019-11-05 17:31:21,997 [pool-67-thread-1] INFO  server.RaftServerConfigKeys (ConfUtils.java:logGet(43)) - raft.server.rpcslowness.timeout = 120s (custom)
2019-11-05 17:31:21,997 [pool-67-thread-1] INFO  server.RaftServerConfigKeys (ConfUtils.java:logGet(43)) - raft.server.sleep.deviation.threshold = 300 (default)
2019-11-05 17:31:21,998 [pool-67-thread-1] INFO  server.RaftServerConfigKeys (ConfUtils.java:logGet(43)) - raft.server.log.appender.install.snapshot.enabled = false (custom)
2019-11-05 17:31:21,998 [pool-67-thread-1] INFO  impl.RaftServerImpl (ServerState.java:<init>(103)) - 52d00911-f88f-4eca-b889-af42944a0dc1@group-492225920F7D: ConfigurationManager, init=-1: [14ac522e-2aca-48e3-829d-953488abf711:192.168.157.254:38394, 94bc6e24-cd5b-409d-b41d-bbc8dc02539d:192.168.157.254:46190, 52d00911-f88f-4eca-b889-af42944a0dc1:192.168.157.254:36588], old=null, confs=<EMPTY_MAP>
2019-11-05 17:31:21,998 [pool-67-thread-1] INFO  server.RaftServerConfigKeys (ConfUtils.java:logGet(43)) - raft.server.storage.dir = [/workdir/hadoop-ozone/ozonefs/target/test-dir/MiniOzoneClusterImpl-767f3287-592e-494b-ab0e-1186b72b6444/datanode-4/data/ratis] (custom)
2019-11-05 17:31:21,998 [pool-67-thread-1] INFO  server.RaftServerConfigKeys (ConfUtils.java:logGet(43)) - raft.server.log.corruption.policy = EXCEPTION (default)
2019-11-05 17:31:21,998 [pool-67-thread-1] INFO  storage.RaftStorageDirectory (RaftStorageDirectory.java:analyzeStorage(246)) - The storage directory /workdir/hadoop-ozone/ozonefs/target/test-dir/MiniOzoneClusterImpl-767f3287-592e-494b-ab0e-1186b72b6444/datanode-4/data/ratis/91770503-1f66-4251-a6bb-492225920f7d does not exist. Creating ...
2019-11-05 17:31:21,999 [pool-57-thread-1] INFO  storage.RaftStorageDirectory (RaftStorageDirectory.java:tryLock(328)) - Lock on /workdir/hadoop-ozone/ozonefs/target/test-dir/MiniOzoneClusterImpl-767f3287-592e-494b-ab0e-1186b72b6444/datanode-3/data/ratis/91770503-1f66-4251-a6bb-492225920f7d/in_use.lock acquired by nodename 12385@pr-hdds-1987-xp2v8-1198919540
2019-11-05 17:31:22,034 [pool-67-thread-1] INFO  storage.RaftStorageDirectory (RaftStorageDirectory.java:tryLock(328)) - Lock on /workdir/hadoop-ozone/ozonefs/target/test-dir/MiniOzoneClusterImpl-767f3287-592e-494b-ab0e-1186b72b6444/datanode-4/data/ratis/91770503-1f66-4251-a6bb-492225920f7d/in_use.lock acquired by nodename 12385@pr-hdds-1987-xp2v8-1198919540
2019-11-05 17:31:22,034 [pool-47-thread-1] INFO  storage.RaftStorageDirectory (RaftStorageDirectory.java:tryLock(328)) - Lock on /workdir/hadoop-ozone/ozonefs/target/test-dir/MiniOzoneClusterImpl-767f3287-592e-494b-ab0e-1186b72b6444/datanode-2/data/ratis/91770503-1f66-4251-a6bb-492225920f7d/in_use.lock acquired by nodename 12385@pr-hdds-1987-xp2v8-1198919540
2019-11-05 17:31:22,034 [pool-57-thread-1] INFO  storage.RaftStorage (RaftStorage.java:format(84)) - Storage directory /workdir/hadoop-ozone/ozonefs/target/test-dir/MiniOzoneClusterImpl-767f3287-592e-494b-ab0e-1186b72b6444/datanode-3/data/ratis/91770503-1f66-4251-a6bb-492225920f7d has been successfully formatted.
2019-11-05 17:31:22,036 [pool-57-thread-1] INFO  ratis.ContainerStateMachine (ContainerStateMachine.java:loadSnapshot(231)) - group-492225920F7D: The snapshot info is null. Setting the last applied indexto:(t:0, i:~)
2019-11-05 17:31:22,036 [pool-57-thread-1] INFO  server.RaftServerConfigKeys (ConfUtils.java:logGet(43)) - raft.server.notification.no-leader.timeout = 120s (custom)
2019-11-05 17:31:22,036 [pool-57-thread-1] INFO  server.RaftServerConfigKeys (ConfUtils.java:logGet(43)) - raft.server.log.use.memory = false (default)
2019-11-05 17:31:22,036 [pool-57-thread-1] INFO  server.RaftServerConfigKeys (ConfUtils.java:logGet(43)) - raft.server.log.purge.gap = 1000000 (custom)
2019-11-05 17:31:22,037 [pool-57-thread-1] INFO  server.RaftServerConfigKeys (ConfUtils.java:logGet(43)) - raft.server.log.appender.buffer.byte-limit = 33554432 (custom)
2019-11-05 17:31:22,037 [pool-57-thread-1] INFO  server.RaftServerConfigKeys (ConfUtils.java:logGet(43)) - raft.server.log.segment.size.max = 1048576 (custom)
2019-11-05 17:31:22,037 [pool-57-thread-1] INFO  server.RaftServerConfigKeys (ConfUtils.java:logGet(43)) - raft.server.log.segment.cache.num.max = 2 (custom)
2019-11-05 17:31:22,037 [pool-57-thread-1] INFO  segmented.SegmentedRaftLogWorker (SegmentedRaftLogWorker.java:<init>(173)) - new 94bc6e24-cd5b-409d-b41d-bbc8dc02539d@group-492225920F7D-SegmentedRaftLogWorker for RaftStorage:Storage Directory /workdir/hadoop-ozone/ozonefs/target/test-dir/MiniOzoneClusterImpl-767f3287-592e-494b-ab0e-1186b72b6444/datanode-3/data/ratis/91770503-1f66-4251-a6bb-492225920f7d
2019-11-05 17:31:22,037 [pool-57-thread-1] INFO  server.RaftServerConfigKeys (ConfUtils.java:logGet(43)) - raft.server.log.queue.byte-limit = 2147483647 (custom)
2019-11-05 17:31:22,037 [pool-57-thread-1] INFO  server.RaftServerConfigKeys (ConfUtils.java:logGet(43)) - raft.server.log.queue.element-limit = 1024 (custom)
2019-11-05 17:31:22,037 [pool-57-thread-1] INFO  server.RaftServerConfigKeys (ConfUtils.java:logGet(43)) - raft.server.log.segment.size.max = 1048576 (custom)
2019-11-05 17:31:22,038 [pool-57-thread-1] INFO  server.RaftServerConfigKeys (ConfUtils.java:logGet(43)) - raft.server.log.preallocated.size = 16384 (custom)
2019-11-05 17:31:22,038 [pool-57-thread-1] INFO  server.RaftServerConfigKeys (ConfUtils.java:logGet(43)) - raft.server.log.write.buffer.size = 33554432 (custom)
2019-11-05 17:31:22,038 [pool-57-thread-1] INFO  server.RaftServerConfigKeys (ConfUtils.java:logGet(43)) - raft.server.log.force.sync.num = 128 (default)
2019-11-05 17:31:22,038 [pool-57-thread-1] INFO  server.RaftServerConfigKeys (ConfUtils.java:logGet(43)) - raft.server.log.statemachine.data.sync = true (default)
2019-11-05 17:31:22,038 [pool-57-thread-1] INFO  server.RaftServerConfigKeys (ConfUtils.java:logGet(43)) - raft.server.log.statemachine.data.sync.timeout = 10s (default)
2019-11-05 17:31:22,038 [pool-57-thread-1] INFO  server.RaftServerConfigKeys (ConfUtils.java:logGet(43)) - raft.server.log.statemachine.data.sync.timeout.retry = -1 (default)
2019-11-05 17:31:22,038 [pool-57-thread-1] INFO  server.RaftServerConfigKeys (ConfUtils.java:logGet(43)) - raft.server.log.statemachine.data.caching.enabled = true (custom)
2019-11-05 17:31:22,039 [pool-57-thread-1] INFO  segmented.SegmentedRaftLogWorker (SegmentedRaftLogWorker.java:lambda$new$0(128)) - 94bc6e24-cd5b-409d-b41d-bbc8dc02539d@group-492225920F7D-SegmentedRaftLogWorker: flushIndex: setUnconditionally 0 -> -1
2019-11-05 17:31:22,039 [pool-57-thread-1] INFO  server.RaftServerConfigKeys (ConfUtils.java:logGet(43)) - raft.server.snapshot.auto.trigger.enabled = true (custom)
2019-11-05 17:31:22,040 [pool-57-thread-1] INFO  server.RaftServerConfigKeys (ConfUtils.java:logGet(43)) - raft.server.snapshot.auto.trigger.threshold = 10000 (custom)
2019-11-05 17:31:22,040 [pool-57-thread-1] INFO  server.RaftServerConfigKeys (ConfUtils.java:logGet(43)) - raft.server.snapshot.retention.file.num = 5 (custom)
2019-11-05 17:31:22,040 [pool-57-thread-1] INFO  server.RaftServerConfigKeys (ConfUtils.java:logGet(43)) - raft.server.retrycache.expirytime = 600000ms (custom)
2019-11-05 17:31:22,040 [pool-57-thread-1] WARN  impl.MetricRegistriesImpl (MetricRegistriesImpl.java:lambda$create$1(61)) - First MetricRegistry has been created without registering reporters. You may need to call MetricRegistries.global().addReportRegistration(...) before.
2019-11-05 17:31:22,041 [pool-57-thread-1] WARN  impl.MetricRegistriesImpl (MetricRegistriesImpl.java:lambda$create$1(61)) - First MetricRegistry has been created without registering reporters. You may need to call MetricRegistries.global().addReportRegistration(...) before.
2019-11-05 17:31:22,041 [pool-57-thread-1] INFO  impl.RaftServerImpl (RaftServerImpl.java:start(184)) - 94bc6e24-cd5b-409d-b41d-bbc8dc02539d@group-492225920F7D: start as a follower, conf=-1: [14ac522e-2aca-48e3-829d-953488abf711:192.168.157.254:38394, 94bc6e24-cd5b-409d-b41d-bbc8dc02539d:192.168.157.254:46190, 52d00911-f88f-4eca-b889-af42944a0dc1:192.168.157.254:36588], old=null
2019-11-05 17:31:22,041 [pool-57-thread-1] INFO  impl.RaftServerImpl (RaftServerImpl.java:setRole(173)) - 94bc6e24-cd5b-409d-b41d-bbc8dc02539d@group-492225920F7D: changes role from      null to FOLLOWER at term 0 for startAsFollower
2019-11-05 17:31:22,041 [pool-57-thread-1] INFO  impl.RoleInfo (RoleInfo.java:updateAndGet(143)) - 94bc6e24-cd5b-409d-b41d-bbc8dc02539d: start FollowerState
2019-11-05 17:31:22,047 [pool-57-thread-1] INFO  util.JmxRegister (JmxRegister.java:tryRegister(44)) - Successfully registered JMX Bean with object name Ratis:service=RaftServer,group=group-492225920F7D,id=94bc6e24-cd5b-409d-b41d-bbc8dc02539d
2019-11-05 17:31:22,047 [pool-57-thread-1] WARN  impl.MetricRegistriesImpl (MetricRegistriesImpl.java:lambda$create$1(61)) - First MetricRegistry has been created without registering reporters. You may need to call MetricRegistries.global().addReportRegistration(...) before.
2019-11-05 17:31:22,058 [pool-47-thread-1] INFO  storage.RaftStorage (RaftStorage.java:format(84)) - Storage directory /workdir/hadoop-ozone/ozonefs/target/test-dir/MiniOzoneClusterImpl-767f3287-592e-494b-ab0e-1186b72b6444/datanode-2/data/ratis/91770503-1f66-4251-a6bb-492225920f7d has been successfully formatted.
2019-11-05 17:31:22,058 [pool-47-thread-1] INFO  ratis.ContainerStateMachine (ContainerStateMachine.java:loadSnapshot(231)) - group-492225920F7D: The snapshot info is null. Setting the last applied indexto:(t:0, i:~)
2019-11-05 17:31:22,058 [pool-47-thread-1] INFO  server.RaftServerConfigKeys (ConfUtils.java:logGet(43)) - raft.server.notification.no-leader.timeout = 120s (custom)
2019-11-05 17:31:22,059 [pool-47-thread-1] INFO  server.RaftServerConfigKeys (ConfUtils.java:logGet(43)) - raft.server.log.use.memory = false (default)
2019-11-05 17:31:22,059 [pool-47-thread-1] INFO  server.RaftServerConfigKeys (ConfUtils.java:logGet(43)) - raft.server.log.purge.gap = 1000000 (custom)
2019-11-05 17:31:22,059 [pool-47-thread-1] INFO  server.RaftServerConfigKeys (ConfUtils.java:logGet(43)) - raft.server.log.appender.buffer.byte-limit = 33554432 (custom)
2019-11-05 17:31:22,059 [pool-47-thread-1] INFO  server.RaftServerConfigKeys (ConfUtils.java:logGet(43)) - raft.server.log.segment.size.max = 1048576 (custom)
2019-11-05 17:31:22,059 [pool-47-thread-1] INFO  server.RaftServerConfigKeys (ConfUtils.java:logGet(43)) - raft.server.log.segment.cache.num.max = 2 (custom)
2019-11-05 17:31:22,059 [pool-47-thread-1] INFO  segmented.SegmentedRaftLogWorker (SegmentedRaftLogWorker.java:<init>(173)) - new 14ac522e-2aca-48e3-829d-953488abf711@group-492225920F7D-SegmentedRaftLogWorker for RaftStorage:Storage Directory /workdir/hadoop-ozone/ozonefs/target/test-dir/MiniOzoneClusterImpl-767f3287-592e-494b-ab0e-1186b72b6444/datanode-2/data/ratis/91770503-1f66-4251-a6bb-492225920f7d
2019-11-05 17:31:22,060 [pool-47-thread-1] INFO  server.RaftServerConfigKeys (ConfUtils.java:logGet(43)) - raft.server.log.queue.byte-limit = 2147483647 (custom)
2019-11-05 17:31:22,060 [pool-47-thread-1] INFO  server.RaftServerConfigKeys (ConfUtils.java:logGet(43)) - raft.server.log.queue.element-limit = 1024 (custom)
2019-11-05 17:31:22,060 [pool-47-thread-1] INFO  server.RaftServerConfigKeys (ConfUtils.java:logGet(43)) - raft.server.log.segment.size.max = 1048576 (custom)
2019-11-05 17:31:22,060 [pool-47-thread-1] INFO  server.RaftServerConfigKeys (ConfUtils.java:logGet(43)) - raft.server.log.preallocated.size = 16384 (custom)
2019-11-05 17:31:22,060 [pool-47-thread-1] INFO  server.RaftServerConfigKeys (ConfUtils.java:logGet(43)) - raft.server.log.write.buffer.size = 33554432 (custom)
2019-11-05 17:31:22,060 [pool-47-thread-1] INFO  server.RaftServerConfigKeys (ConfUtils.java:logGet(43)) - raft.server.log.force.sync.num = 128 (default)
2019-11-05 17:31:22,060 [pool-47-thread-1] INFO  server.RaftServerConfigKeys (ConfUtils.java:logGet(43)) - raft.server.log.statemachine.data.sync = true (default)
2019-11-05 17:31:22,061 [pool-47-thread-1] INFO  server.RaftServerConfigKeys (ConfUtils.java:logGet(43)) - raft.server.log.statemachine.data.sync.timeout = 10s (default)
2019-11-05 17:31:22,061 [pool-47-thread-1] INFO  server.RaftServerConfigKeys (ConfUtils.java:logGet(43)) - raft.server.log.statemachine.data.sync.timeout.retry = -1 (default)
2019-11-05 17:31:22,061 [pool-67-thread-1] INFO  storage.RaftStorage (RaftStorage.java:format(84)) - Storage directory /workdir/hadoop-ozone/ozonefs/target/test-dir/MiniOzoneClusterImpl-767f3287-592e-494b-ab0e-1186b72b6444/datanode-4/data/ratis/91770503-1f66-4251-a6bb-492225920f7d has been successfully formatted.
2019-11-05 17:31:22,061 [pool-67-thread-1] INFO  ratis.ContainerStateMachine (ContainerStateMachine.java:loadSnapshot(231)) - group-492225920F7D: The snapshot info is null. Setting the last applied indexto:(t:0, i:~)
2019-11-05 17:31:22,061 [pool-67-thread-1] INFO  server.RaftServerConfigKeys (ConfUtils.java:logGet(43)) - raft.server.notification.no-leader.timeout = 120s (custom)
2019-11-05 17:31:22,061 [pool-67-thread-1] INFO  server.RaftServerConfigKeys (ConfUtils.java:logGet(43)) - raft.server.log.use.memory = false (default)
2019-11-05 17:31:22,062 [pool-67-thread-1] INFO  server.RaftServerConfigKeys (ConfUtils.java:logGet(43)) - raft.server.log.purge.gap = 1000000 (custom)
2019-11-05 17:31:22,062 [pool-67-thread-1] INFO  server.RaftServerConfigKeys (ConfUtils.java:logGet(43)) - raft.server.log.appender.buffer.byte-limit = 33554432 (custom)
2019-11-05 17:31:22,062 [pool-67-thread-1] INFO  server.RaftServerConfigKeys (ConfUtils.java:logGet(43)) - raft.server.log.segment.size.max = 1048576 (custom)
2019-11-05 17:31:22,062 [pool-67-thread-1] INFO  server.RaftServerConfigKeys (ConfUtils.java:logGet(43)) - raft.server.log.segment.cache.num.max = 2 (custom)
2019-11-05 17:31:22,062 [pool-67-thread-1] INFO  segmented.SegmentedRaftLogWorker (SegmentedRaftLogWorker.java:<init>(173)) - new 52d00911-f88f-4eca-b889-af42944a0dc1@group-492225920F7D-SegmentedRaftLogWorker for RaftStorage:Storage Directory /workdir/hadoop-ozone/ozonefs/target/test-dir/MiniOzoneClusterImpl-767f3287-592e-494b-ab0e-1186b72b6444/datanode-4/data/ratis/91770503-1f66-4251-a6bb-492225920f7d
2019-11-05 17:31:22,062 [pool-67-thread-1] INFO  server.RaftServerConfigKeys (ConfUtils.java:logGet(43)) - raft.server.log.queue.byte-limit = 2147483647 (custom)
2019-11-05 17:31:22,062 [pool-67-thread-1] INFO  server.RaftServerConfigKeys (ConfUtils.java:logGet(43)) - raft.server.log.queue.element-limit = 1024 (custom)
2019-11-05 17:31:22,062 [pool-67-thread-1] INFO  server.RaftServerConfigKeys (ConfUtils.java:logGet(43)) - raft.server.log.segment.size.max = 1048576 (custom)
2019-11-05 17:31:22,063 [pool-67-thread-1] INFO  server.RaftServerConfigKeys (ConfUtils.java:logGet(43)) - raft.server.log.preallocated.size = 16384 (custom)
2019-11-05 17:31:22,063 [pool-67-thread-1] INFO  server.RaftServerConfigKeys (ConfUtils.java:logGet(43)) - raft.server.log.write.buffer.size = 33554432 (custom)
2019-11-05 17:31:22,063 [pool-67-thread-1] INFO  server.RaftServerConfigKeys (ConfUtils.java:logGet(43)) - raft.server.log.force.sync.num = 128 (default)
2019-11-05 17:31:22,063 [pool-67-thread-1] INFO  server.RaftServerConfigKeys (ConfUtils.java:logGet(43)) - raft.server.log.statemachine.data.sync = true (default)
2019-11-05 17:31:22,063 [pool-67-thread-1] INFO  server.RaftServerConfigKeys (ConfUtils.java:logGet(43)) - raft.server.log.statemachine.data.sync.timeout = 10s (default)
2019-11-05 17:31:22,063 [pool-67-thread-1] INFO  server.RaftServerConfigKeys (ConfUtils.java:logGet(43)) - raft.server.log.statemachine.data.sync.timeout.retry = -1 (default)
2019-11-05 17:31:22,080 [pool-47-thread-1] INFO  server.RaftServerConfigKeys (ConfUtils.java:logGet(43)) - raft.server.log.statemachine.data.caching.enabled = true (custom)
2019-11-05 17:31:22,080 [pool-67-thread-1] INFO  server.RaftServerConfigKeys (ConfUtils.java:logGet(43)) - raft.server.log.statemachine.data.caching.enabled = true (custom)
2019-11-05 17:31:22,090 [pool-47-thread-1] INFO  segmented.SegmentedRaftLogWorker (SegmentedRaftLogWorker.java:lambda$new$0(128)) - 14ac522e-2aca-48e3-829d-953488abf711@group-492225920F7D-SegmentedRaftLogWorker: flushIndex: setUnconditionally 0 -> -1
2019-11-05 17:31:22,091 [pool-67-thread-1] INFO  segmented.SegmentedRaftLogWorker (SegmentedRaftLogWorker.java:lambda$new$0(128)) - 52d00911-f88f-4eca-b889-af42944a0dc1@group-492225920F7D-SegmentedRaftLogWorker: flushIndex: setUnconditionally 0 -> -1
2019-11-05 17:31:22,097 [pool-47-thread-1] INFO  server.RaftServerConfigKeys (ConfUtils.java:logGet(43)) - raft.server.snapshot.auto.trigger.enabled = true (custom)
2019-11-05 17:31:22,098 [pool-47-thread-1] INFO  server.RaftServerConfigKeys (ConfUtils.java:logGet(43)) - raft.server.snapshot.auto.trigger.threshold = 10000 (custom)
2019-11-05 17:31:22,098 [pool-47-thread-1] INFO  server.RaftServerConfigKeys (ConfUtils.java:logGet(43)) - raft.server.snapshot.retention.file.num = 5 (custom)
2019-11-05 17:31:22,098 [pool-47-thread-1] INFO  server.RaftServerConfigKeys (ConfUtils.java:logGet(43)) - raft.server.retrycache.expirytime = 600000ms (custom)
2019-11-05 17:31:22,098 [pool-47-thread-1] WARN  impl.MetricRegistriesImpl (MetricRegistriesImpl.java:lambda$create$1(61)) - First MetricRegistry has been created without registering reporters. You may need to call MetricRegistries.global().addReportRegistration(...) before.
2019-11-05 17:31:22,098 [pool-47-thread-1] WARN  impl.MetricRegistriesImpl (MetricRegistriesImpl.java:lambda$create$1(61)) - First MetricRegistry has been created without registering reporters. You may need to call MetricRegistries.global().addReportRegistration(...) before.
2019-11-05 17:31:22,099 [pool-47-thread-1] INFO  impl.RaftServerImpl (RaftServerImpl.java:start(184)) - 14ac522e-2aca-48e3-829d-953488abf711@group-492225920F7D: start as a follower, conf=-1: [14ac522e-2aca-48e3-829d-953488abf711:192.168.157.254:38394, 94bc6e24-cd5b-409d-b41d-bbc8dc02539d:192.168.157.254:46190, 52d00911-f88f-4eca-b889-af42944a0dc1:192.168.157.254:36588], old=null
2019-11-05 17:31:22,099 [pool-47-thread-1] INFO  impl.RaftServerImpl (RaftServerImpl.java:setRole(173)) - 14ac522e-2aca-48e3-829d-953488abf711@group-492225920F7D: changes role from      null to FOLLOWER at term 0 for startAsFollower
2019-11-05 17:31:22,099 [pool-47-thread-1] INFO  impl.RoleInfo (RoleInfo.java:updateAndGet(143)) - 14ac522e-2aca-48e3-829d-953488abf711: start FollowerState
2019-11-05 17:31:22,100 [pool-47-thread-1] INFO  util.JmxRegister (JmxRegister.java:tryRegister(44)) - Successfully registered JMX Bean with object name Ratis:service=RaftServer,group=group-492225920F7D,id=14ac522e-2aca-48e3-829d-953488abf711
2019-11-05 17:31:22,100 [pool-47-thread-1] WARN  impl.MetricRegistriesImpl (MetricRegistriesImpl.java:lambda$create$1(61)) - First MetricRegistry has been created without registering reporters. You may need to call MetricRegistries.global().addReportRegistration(...) before.
2019-11-05 17:31:22,118 [pool-67-thread-1] INFO  server.RaftServerConfigKeys (ConfUtils.java:logGet(43)) - raft.server.snapshot.auto.trigger.enabled = true (custom)
2019-11-05 17:31:22,118 [pool-67-thread-1] INFO  server.RaftServerConfigKeys (ConfUtils.java:logGet(43)) - raft.server.snapshot.auto.trigger.threshold = 10000 (custom)
2019-11-05 17:31:22,118 [pool-67-thread-1] INFO  server.RaftServerConfigKeys (ConfUtils.java:logGet(43)) - raft.server.snapshot.retention.file.num = 5 (custom)
2019-11-05 17:31:22,118 [pool-67-thread-1] INFO  server.RaftServerConfigKeys (ConfUtils.java:logGet(43)) - raft.server.retrycache.expirytime = 600000ms (custom)
2019-11-05 17:31:22,119 [pool-67-thread-1] WARN  impl.MetricRegistriesImpl (MetricRegistriesImpl.java:lambda$create$1(61)) - First MetricRegistry has been created without registering reporters. You may need to call MetricRegistries.global().addReportRegistration(...) before.
2019-11-05 17:31:22,119 [pool-67-thread-1] WARN  impl.MetricRegistriesImpl (MetricRegistriesImpl.java:lambda$create$1(61)) - First MetricRegistry has been created without registering reporters. You may need to call MetricRegistries.global().addReportRegistration(...) before.
2019-11-05 17:31:22,119 [pool-67-thread-1] INFO  impl.RaftServerImpl (RaftServerImpl.java:start(184)) - 52d00911-f88f-4eca-b889-af42944a0dc1@group-492225920F7D: start as a follower, conf=-1: [14ac522e-2aca-48e3-829d-953488abf711:192.168.157.254:38394, 94bc6e24-cd5b-409d-b41d-bbc8dc02539d:192.168.157.254:46190, 52d00911-f88f-4eca-b889-af42944a0dc1:192.168.157.254:36588], old=null
2019-11-05 17:31:22,119 [pool-67-thread-1] INFO  impl.RaftServerImpl (RaftServerImpl.java:setRole(173)) - 52d00911-f88f-4eca-b889-af42944a0dc1@group-492225920F7D: changes role from      null to FOLLOWER at term 0 for startAsFollower
2019-11-05 17:31:22,120 [pool-67-thread-1] INFO  impl.RoleInfo (RoleInfo.java:updateAndGet(143)) - 52d00911-f88f-4eca-b889-af42944a0dc1: start FollowerState
2019-11-05 17:31:22,120 [pool-67-thread-1] INFO  util.JmxRegister (JmxRegister.java:tryRegister(44)) - Successfully registered JMX Bean with object name Ratis:service=RaftServer,group=group-492225920F7D,id=52d00911-f88f-4eca-b889-af42944a0dc1
2019-11-05 17:31:22,120 [pool-67-thread-1] WARN  impl.MetricRegistriesImpl (MetricRegistriesImpl.java:lambda$create$1(61)) - First MetricRegistry has been created without registering reporters. You may need to call MetricRegistries.global().addReportRegistration(...) before.
2019-11-05 17:31:22,194 [RatisPipelineUtilsThread] INFO  pipeline.PipelineStateManager (PipelineStateManager.java:addPipeline(56)) - Created pipeline Pipeline[ Id: 91770503-1f66-4251-a6bb-492225920f7d, Nodes: 94bc6e24-cd5b-409d-b41d-bbc8dc02539d{ip: 192.168.157.254, host: pr-hdds-1987-xp2v8-1198919540, networkLocation: /default-rack, certSerialId: null}52d00911-f88f-4eca-b889-af42944a0dc1{ip: 192.168.157.254, host: pr-hdds-1987-xp2v8-1198919540, networkLocation: /default-rack, certSerialId: null}14ac522e-2aca-48e3-829d-953488abf711{ip: 192.168.157.254, host: pr-hdds-1987-xp2v8-1198919540, networkLocation: /default-rack, certSerialId: null}, Type:RATIS, Factor:THREE, State:OPEN]
2019-11-05 17:31:22,565 [Thread-207] INFO  container.ReplicationManager (ReplicationManager.java:start(162)) - Starting Replication Monitor Thread.
2019-11-05 17:31:22,576 [ReplicationMonitor] INFO  container.ReplicationManager (ReplicationManager.java:run(225)) - Replication Monitor Thread took 1 milliseconds for processing 0 containers.
2019-11-05 17:31:22,840 [Thread-215] INFO  rpc.RpcClient (RpcClient.java:createVolume(291)) - Creating Volume: volume12942, with user41589 as owner.
2019-11-05 17:31:23,135 [IPC Server handler 1 on 37190] INFO  volume.OMVolumeCreateRequest (OMVolumeCreateRequest.java:validateAndUpdateCache(193)) - created volume:volume12942 for user:user41589
2019-11-05 17:31:23,198 [Thread-215] INFO  rpc.RpcClient (RpcClient.java:createBucket(430)) - Creating Bucket: volume12942/bucket72990, with Versioning false and Storage Type set to DISK and Encryption set to false 
2019-11-05 17:31:23,460 [Thread-215] INFO  contract.AbstractFSContractTestBase (AbstractFSContractTestBase.java:setup(184)) - Test filesystem = o3fs://bucket72990.volume12942 implemented by OzoneFileSystem{URI=o3fs://bucket72990.volume12942, workingDir=o3fs://bucket72990.volume12942/user/jenkins1000, userName=jenkins1000, statistics=0 bytes read, 0 bytes written, 0 read ops, 0 large read ops, 0 write ops}
17:31:23.681 [IPC Server handler 17 on 37190] ERROR OMAudit - user=jenkins1000 | ip=127.0.0.1 | op=GET_FILE_STATUS {volume=volume12942, bucket=bucket72990, key=test/ITestOzoneContractDistCp/testUpdateDeepDirectoryStructureNoChange, dataSize=0, replicationType=null, replicationFactor=null, keyLocationInfo=null} | ret=FAILURE
org.apache.hadoop.ozone.om.exceptions.OMException: Unable to get file status: volume: volume12942 bucket: bucket72990 key: test/ITestOzoneContractDistCp/testUpdateDeepDirectoryStructureNoChange
	at org.apache.hadoop.ozone.om.KeyManagerImpl.getFileStatus(KeyManagerImpl.java:1784) ~[hadoop-ozone-ozone-manager-0.5.0-SNAPSHOT.jar:?]
	at org.apache.hadoop.ozone.om.OzoneManager.getFileStatus(OzoneManager.java:2762) ~[hadoop-ozone-ozone-manager-0.5.0-SNAPSHOT.jar:?]
	at org.apache.hadoop.ozone.protocolPB.OzoneManagerRequestHandler.getOzoneFileStatus(OzoneManagerRequestHandler.java:1053) ~[hadoop-ozone-ozone-manager-0.5.0-SNAPSHOT.jar:?]
	at org.apache.hadoop.ozone.protocolPB.OzoneManagerRequestHandler.handle(OzoneManagerRequestHandler.java:340) ~[hadoop-ozone-ozone-manager-0.5.0-SNAPSHOT.jar:?]
	at org.apache.hadoop.ozone.protocolPB.OzoneManagerProtocolServerSideTranslatorPB.submitRequestDirectlyToOM(OzoneManagerProtocolServerSideTranslatorPB.java:208) ~[hadoop-ozone-ozone-manager-0.5.0-SNAPSHOT.jar:?]
	at org.apache.hadoop.ozone.protocolPB.OzoneManagerProtocolServerSideTranslatorPB.processRequest(OzoneManagerProtocolServerSideTranslatorPB.java:132) ~[hadoop-ozone-ozone-manager-0.5.0-SNAPSHOT.jar:?]
	at org.apache.hadoop.hdds.server.OzoneProtocolMessageDispatcher.processRequest(OzoneProtocolMessageDispatcher.java:72) [hadoop-hdds-server-framework-0.5.0-SNAPSHOT.jar:?]
	at org.apache.hadoop.ozone.protocolPB.OzoneManagerProtocolServerSideTranslatorPB.submitRequest(OzoneManagerProtocolServerSideTranslatorPB.java:100) [hadoop-ozone-ozone-manager-0.5.0-SNAPSHOT.jar:?]
	at org.apache.hadoop.ozone.protocol.proto.OzoneManagerProtocolProtos$OzoneManagerService$2.callBlockingMethod(OzoneManagerProtocolProtos.java) [hadoop-ozone-common-0.5.0-SNAPSHOT.jar:?]
	at org.apache.hadoop.ipc.ProtobufRpcEngine$Server$ProtoBufRpcInvoker.call(ProtobufRpcEngine.java:524) [hadoop-common-3.2.0.jar:?]
	at org.apache.hadoop.ipc.RPC$Server.call(RPC.java:1025) [hadoop-common-3.2.0.jar:?]
	at org.apache.hadoop.ipc.Server$RpcCall.run(Server.java:876) [hadoop-common-3.2.0.jar:?]
	at org.apache.hadoop.ipc.Server$RpcCall.run(Server.java:822) [hadoop-common-3.2.0.jar:?]
	at java.security.AccessController.doPrivileged(Native Method) [?:1.8.0_222]
	at javax.security.auth.Subject.doAs(Subject.java:422) [?:1.8.0_222]
	at org.apache.hadoop.security.UserGroupInformation.doAs(UserGroupInformation.java:1730) [hadoop-common-3.2.0.jar:?]
	at org.apache.hadoop.ipc.Server$Handler.run(Server.java:2682) [hadoop-common-3.2.0.jar:?]
2019-11-05 17:31:23,714 [Thread-215] INFO  contract.AbstractFSContractTestBase (AbstractFSContractTestBase.java:describe(255)) - update an unchanged directory structure from local to remote; expect no copy
2019-11-05 17:31:24,006 [Thread-215] INFO  impl.MetricsSystemImpl (MetricsSystemImpl.java:init(158)) - JobTracker metrics system started (again)
2019-11-05 17:31:24,042 [Thread-215] INFO  impl.MetricsSystemImpl (MetricsSystemImpl.java:init(158)) - JobTracker metrics system started (again)
17:31:24.150 [IPC Server handler 1 on 37190] ERROR OMAudit - user=jenkins1000 | ip=127.0.0.1 | op=GET_FILE_STATUS {volume=volume12942, bucket=bucket72990, key=test/ITestOzoneContractDistCp/testUpdateDeepDirectoryStructureNoChange/remote/outputDir, dataSize=0, replicationType=null, replicationFactor=null, keyLocationInfo=null} | ret=FAILURE
org.apache.hadoop.ozone.om.exceptions.OMException: Unable to get file status: volume: volume12942 bucket: bucket72990 key: test/ITestOzoneContractDistCp/testUpdateDeepDirectoryStructureNoChange/remote/outputDir
	at org.apache.hadoop.ozone.om.KeyManagerImpl.getFileStatus(KeyManagerImpl.java:1784) ~[hadoop-ozone-ozone-manager-0.5.0-SNAPSHOT.jar:?]
	at org.apache.hadoop.ozone.om.OzoneManager.getFileStatus(OzoneManager.java:2762) ~[hadoop-ozone-ozone-manager-0.5.0-SNAPSHOT.jar:?]
	at org.apache.hadoop.ozone.protocolPB.OzoneManagerRequestHandler.getOzoneFileStatus(OzoneManagerRequestHandler.java:1053) ~[hadoop-ozone-ozone-manager-0.5.0-SNAPSHOT.jar:?]
	at org.apache.hadoop.ozone.protocolPB.OzoneManagerRequestHandler.handle(OzoneManagerRequestHandler.java:340) ~[hadoop-ozone-ozone-manager-0.5.0-SNAPSHOT.jar:?]
	at org.apache.hadoop.ozone.protocolPB.OzoneManagerProtocolServerSideTranslatorPB.submitRequestDirectlyToOM(OzoneManagerProtocolServerSideTranslatorPB.java:208) ~[hadoop-ozone-ozone-manager-0.5.0-SNAPSHOT.jar:?]
	at org.apache.hadoop.ozone.protocolPB.OzoneManagerProtocolServerSideTranslatorPB.processRequest(OzoneManagerProtocolServerSideTranslatorPB.java:132) ~[hadoop-ozone-ozone-manager-0.5.0-SNAPSHOT.jar:?]
	at org.apache.hadoop.hdds.server.OzoneProtocolMessageDispatcher.processRequest(OzoneProtocolMessageDispatcher.java:72) [hadoop-hdds-server-framework-0.5.0-SNAPSHOT.jar:?]
	at org.apache.hadoop.ozone.protocolPB.OzoneManagerProtocolServerSideTranslatorPB.submitRequest(OzoneManagerProtocolServerSideTranslatorPB.java:100) [hadoop-ozone-ozone-manager-0.5.0-SNAPSHOT.jar:?]
	at org.apache.hadoop.ozone.protocol.proto.OzoneManagerProtocolProtos$OzoneManagerService$2.callBlockingMethod(OzoneManagerProtocolProtos.java) [hadoop-ozone-common-0.5.0-SNAPSHOT.jar:?]
	at org.apache.hadoop.ipc.ProtobufRpcEngine$Server$ProtoBufRpcInvoker.call(ProtobufRpcEngine.java:524) [hadoop-common-3.2.0.jar:?]
	at org.apache.hadoop.ipc.RPC$Server.call(RPC.java:1025) [hadoop-common-3.2.0.jar:?]
	at org.apache.hadoop.ipc.Server$RpcCall.run(Server.java:876) [hadoop-common-3.2.0.jar:?]
	at org.apache.hadoop.ipc.Server$RpcCall.run(Server.java:822) [hadoop-common-3.2.0.jar:?]
	at java.security.AccessController.doPrivileged(Native Method) [?:1.8.0_222]
	at javax.security.auth.Subject.doAs(Subject.java:422) [?:1.8.0_222]
	at org.apache.hadoop.security.UserGroupInformation.doAs(UserGroupInformation.java:1730) [hadoop-common-3.2.0.jar:?]
	at org.apache.hadoop.ipc.Server$Handler.run(Server.java:2682) [hadoop-common-3.2.0.jar:?]
2019-11-05 17:31:24,899 [Thread-215] INFO  tools.SimpleCopyListing (SimpleCopyListing.java:printStats(608)) - Paths (files+dirs) cnt = 11; dirCnt = 6
2019-11-05 17:31:24,899 [Thread-215] INFO  tools.SimpleCopyListing (SimpleCopyListing.java:doBuildListing(402)) - Build file listing completed.
2019-11-05 17:31:24,901 [Thread-215] INFO  Configuration.deprecation (Configuration.java:logDeprecation(1394)) - io.sort.mb is deprecated. Instead, use mapreduce.task.io.sort.mb
2019-11-05 17:31:24,902 [Thread-215] INFO  Configuration.deprecation (Configuration.java:logDeprecation(1394)) - io.sort.factor is deprecated. Instead, use mapreduce.task.io.sort.factor
2019-11-05 17:31:24,977 [Thread-215] INFO  tools.DistCp (CopyListing.java:buildListing(94)) - Number of paths in the copy list: 11
2019-11-05 17:31:25,010 [Thread-215] INFO  tools.DistCp (CopyListing.java:buildListing(94)) - Number of paths in the copy list: 11
2019-11-05 17:31:25,047 [Thread-215] INFO  impl.MetricsSystemImpl (MetricsSystemImpl.java:init(158)) - JobTracker metrics system started (again)
2019-11-05 17:31:25,119 [Thread-215] WARN  mapreduce.JobResourceUploader (JobResourceUploader.java:uploadResourcesInternal(147)) - Hadoop command-line option parsing not performed. Implement the Tool interface and execute your application with ToolRunner to remedy this.
2019-11-05 17:31:25,243 [Thread-215] INFO  mapreduce.JobSubmitter (JobSubmitter.java:submitJobInternal(202)) - number of splits:11
2019-11-05 17:31:25,414 [Thread-215] INFO  mapreduce.JobSubmitter (JobSubmitter.java:printTokens(298)) - Submitting tokens for job: job_local1159078536_0001
2019-11-05 17:31:25,415 [Thread-215] INFO  mapreduce.JobSubmitter (JobSubmitter.java:printTokens(299)) - Executing with tokens: []
2019-11-05 17:31:25,423 [Thread-210] INFO  impl.FollowerState (FollowerState.java:run(111)) - 0ec73003-e750-45f5-accd-5100427dfe8e@group-D92D29180FFF-FollowerState: change to CANDIDATE, lastRpcTime:5051ms, electionTimeout:5028ms
2019-11-05 17:31:25,424 [Thread-210] INFO  impl.RoleInfo (RoleInfo.java:shutdownFollowerState(121)) - 0ec73003-e750-45f5-accd-5100427dfe8e: shutdown FollowerState
2019-11-05 17:31:25,424 [Thread-210] INFO  impl.RaftServerImpl (RaftServerImpl.java:setRole(173)) - 0ec73003-e750-45f5-accd-5100427dfe8e@group-D92D29180FFF: changes role from  FOLLOWER to CANDIDATE at term 0 for changeToCandidate
2019-11-05 17:31:25,439 [Thread-210] INFO  impl.RoleInfo (RoleInfo.java:updateAndGet(143)) - 0ec73003-e750-45f5-accd-5100427dfe8e: start LeaderElection
2019-11-05 17:31:25,476 [0ec73003-e750-45f5-accd-5100427dfe8e@group-D92D29180FFF-LeaderElection1] INFO  impl.LeaderElection (LeaderElection.java:askForVotes(178)) - 0ec73003-e750-45f5-accd-5100427dfe8e@group-D92D29180FFF-LeaderElection1: begin an election at term 1 for -1: [0ec73003-e750-45f5-accd-5100427dfe8e:192.168.157.254:34160], old=null
2019-11-05 17:31:25,478 [0ec73003-e750-45f5-accd-5100427dfe8e@group-D92D29180FFF-LeaderElection1] INFO  impl.RoleInfo (RoleInfo.java:shutdownLeaderElection(134)) - 0ec73003-e750-45f5-accd-5100427dfe8e: shutdown LeaderElection
2019-11-05 17:31:25,487 [0ec73003-e750-45f5-accd-5100427dfe8e@group-D92D29180FFF-LeaderElection1] INFO  impl.RaftServerImpl (RaftServerImpl.java:setRole(173)) - 0ec73003-e750-45f5-accd-5100427dfe8e@group-D92D29180FFF: changes role from CANDIDATE to LEADER at term 1 for changeToLeader
2019-11-05 17:31:25,487 [0ec73003-e750-45f5-accd-5100427dfe8e@group-D92D29180FFF-LeaderElection1] INFO  impl.RaftServerImpl (ServerState.java:setLeader(255)) - 0ec73003-e750-45f5-accd-5100427dfe8e@group-D92D29180FFF: change Leader from null to 0ec73003-e750-45f5-accd-5100427dfe8e at term 1 for becomeLeader, leader elected after 5269ms
2019-11-05 17:31:25,534 [0ec73003-e750-45f5-accd-5100427dfe8e@group-D92D29180FFF-LeaderElection1] INFO  server.RaftServerConfigKeys (ConfUtils.java:logGet(43)) - raft.server.staging.catchup.gap = 1000 (default)
2019-11-05 17:31:25,534 [0ec73003-e750-45f5-accd-5100427dfe8e@group-D92D29180FFF-LeaderElection1] INFO  server.RaftServerConfigKeys (ConfUtils.java:logGet(43)) - raft.server.rpc.sleep.time = 25ms (default)
2019-11-05 17:31:25,550 [0ec73003-e750-45f5-accd-5100427dfe8e@group-D92D29180FFF-LeaderElection1] INFO  server.RaftServerConfigKeys (ConfUtils.java:logGet(43)) - raft.server.write.element-limit = 4096 (default)
2019-11-05 17:31:25,568 [0ec73003-e750-45f5-accd-5100427dfe8e@group-D92D29180FFF-LeaderElection1] INFO  server.RaftServerConfigKeys (ConfUtils.java:logGet(43)) - raft.server.watch.timeout = 10s (default)
2019-11-05 17:31:25,568 [0ec73003-e750-45f5-accd-5100427dfe8e@group-D92D29180FFF-LeaderElection1] INFO  server.RaftServerConfigKeys (ConfUtils.java:logGet(43)) - raft.server.watch.timeout.denomination = 1s (default)
2019-11-05 17:31:25,570 [0ec73003-e750-45f5-accd-5100427dfe8e@group-D92D29180FFF-LeaderElection1] INFO  server.RaftServerConfigKeys (ConfUtils.java:logGet(43)) - raft.server.watch.element-limit = 65536 (default)
2019-11-05 17:31:25,594 [0ec73003-e750-45f5-accd-5100427dfe8e@group-D92D29180FFF-LeaderElection1] INFO  impl.RoleInfo (RoleInfo.java:updateAndGet(143)) - 0ec73003-e750-45f5-accd-5100427dfe8e: start LeaderState
2019-11-05 17:31:25,679 [0ec73003-e750-45f5-accd-5100427dfe8e@group-D92D29180FFF-LeaderElection1] INFO  segmented.SegmentedRaftLogWorker (SegmentedRaftLogWorker.java:startLogSegment(385)) - 0ec73003-e750-45f5-accd-5100427dfe8e@group-D92D29180FFF-SegmentedRaftLogWorker: Starting segment from index:0
2019-11-05 17:31:25,717 [0ec73003-e750-45f5-accd-5100427dfe8e@group-D92D29180FFF-LeaderElection1] INFO  impl.RaftServerImpl (ServerState.java:setRaftConf(356)) - 0ec73003-e750-45f5-accd-5100427dfe8e@group-D92D29180FFF: set configuration 0: [0ec73003-e750-45f5-accd-5100427dfe8e:192.168.157.254:34160], old=null at 0
2019-11-05 17:31:25,807 [Thread-215] INFO  mapreduce.Job (Job.java:submit(1574)) - The url to track the job: http://localhost:8080/
2019-11-05 17:31:25,809 [Thread-215] INFO  tools.DistCp (DistCp.java:createAndSubmitJob(217)) - DistCp job-id: job_local1159078536_0001
2019-11-05 17:31:25,813 [Thread-215] INFO  mapreduce.Job (Job.java:monitorAndPrintJob(1619)) - Running job: job_local1159078536_0001
2019-11-05 17:31:25,849 [Thread-305] INFO  mapred.LocalJobRunner (LocalJobRunner.java:createOutputCommitter(501)) - OutputCommitter set in config null
2019-11-05 17:31:25,900 [Thread-213] INFO  impl.FollowerState (FollowerState.java:run(111)) - 94bc6e24-cd5b-409d-b41d-bbc8dc02539d@group-C45684D3B5EE-FollowerState: change to CANDIDATE, lastRpcTime:5140ms, electionTimeout:5130ms
2019-11-05 17:31:25,936 [Thread-213] INFO  impl.RoleInfo (RoleInfo.java:shutdownFollowerState(121)) - 94bc6e24-cd5b-409d-b41d-bbc8dc02539d: shutdown FollowerState
2019-11-05 17:31:25,936 [Thread-213] INFO  impl.RaftServerImpl (RaftServerImpl.java:setRole(173)) - 94bc6e24-cd5b-409d-b41d-bbc8dc02539d@group-C45684D3B5EE: changes role from  FOLLOWER to CANDIDATE at term 0 for changeToCandidate
2019-11-05 17:31:25,936 [Thread-213] INFO  impl.RoleInfo (RoleInfo.java:updateAndGet(143)) - 94bc6e24-cd5b-409d-b41d-bbc8dc02539d: start LeaderElection
2019-11-05 17:31:25,956 [Thread-305] INFO  output.FileOutputCommitter (FileOutputCommitter.java:<init>(140)) - File Output Committer Algorithm version is 2
2019-11-05 17:31:25,956 [Thread-305] INFO  output.FileOutputCommitter (FileOutputCommitter.java:<init>(155)) - FileOutputCommitter skip cleanup _temporary folders under output directory:false, ignore cleanup failures: false
2019-11-05 17:31:25,973 [Thread-305] INFO  mapred.LocalJobRunner (LocalJobRunner.java:createOutputCommitter(519)) - OutputCommitter is org.apache.hadoop.tools.mapred.CopyCommitter
2019-11-05 17:31:26,008 [94bc6e24-cd5b-409d-b41d-bbc8dc02539d@group-C45684D3B5EE-LeaderElection2] INFO  impl.LeaderElection (LeaderElection.java:askForVotes(178)) - 94bc6e24-cd5b-409d-b41d-bbc8dc02539d@group-C45684D3B5EE-LeaderElection2: begin an election at term 1 for -1: [94bc6e24-cd5b-409d-b41d-bbc8dc02539d:192.168.157.254:46190], old=null
2019-11-05 17:31:26,014 [94bc6e24-cd5b-409d-b41d-bbc8dc02539d@group-C45684D3B5EE-LeaderElection2] INFO  impl.RoleInfo (RoleInfo.java:shutdownLeaderElection(134)) - 94bc6e24-cd5b-409d-b41d-bbc8dc02539d: shutdown LeaderElection
2019-11-05 17:31:26,014 [94bc6e24-cd5b-409d-b41d-bbc8dc02539d@group-C45684D3B5EE-LeaderElection2] INFO  impl.RaftServerImpl (RaftServerImpl.java:setRole(173)) - 94bc6e24-cd5b-409d-b41d-bbc8dc02539d@group-C45684D3B5EE: changes role from CANDIDATE to LEADER at term 1 for changeToLeader
2019-11-05 17:31:26,014 [94bc6e24-cd5b-409d-b41d-bbc8dc02539d@group-C45684D3B5EE-LeaderElection2] INFO  impl.RaftServerImpl (ServerState.java:setLeader(255)) - 94bc6e24-cd5b-409d-b41d-bbc8dc02539d@group-C45684D3B5EE: change Leader from null to 94bc6e24-cd5b-409d-b41d-bbc8dc02539d at term 1 for becomeLeader, leader elected after 5267ms
2019-11-05 17:31:26,020 [94bc6e24-cd5b-409d-b41d-bbc8dc02539d@group-C45684D3B5EE-LeaderElection2] INFO  server.RaftServerConfigKeys (ConfUtils.java:logGet(43)) - raft.server.staging.catchup.gap = 1000 (default)
2019-11-05 17:31:26,021 [94bc6e24-cd5b-409d-b41d-bbc8dc02539d@group-C45684D3B5EE-LeaderElection2] INFO  server.RaftServerConfigKeys (ConfUtils.java:logGet(43)) - raft.server.rpc.sleep.time = 25ms (default)
2019-11-05 17:31:26,021 [94bc6e24-cd5b-409d-b41d-bbc8dc02539d@group-C45684D3B5EE-LeaderElection2] INFO  server.RaftServerConfigKeys (ConfUtils.java:logGet(43)) - raft.server.write.element-limit = 4096 (default)
2019-11-05 17:31:26,021 [94bc6e24-cd5b-409d-b41d-bbc8dc02539d@group-C45684D3B5EE-LeaderElection2] INFO  server.RaftServerConfigKeys (ConfUtils.java:logGet(43)) - raft.server.watch.timeout = 10s (default)
2019-11-05 17:31:26,021 [94bc6e24-cd5b-409d-b41d-bbc8dc02539d@group-C45684D3B5EE-LeaderElection2] INFO  server.RaftServerConfigKeys (ConfUtils.java:logGet(43)) - raft.server.watch.timeout.denomination = 1s (default)
2019-11-05 17:31:26,021 [94bc6e24-cd5b-409d-b41d-bbc8dc02539d@group-C45684D3B5EE-LeaderElection2] INFO  server.RaftServerConfigKeys (ConfUtils.java:logGet(43)) - raft.server.watch.element-limit = 65536 (default)
2019-11-05 17:31:26,022 [94bc6e24-cd5b-409d-b41d-bbc8dc02539d@group-C45684D3B5EE-LeaderElection2] INFO  impl.RoleInfo (RoleInfo.java:updateAndGet(143)) - 94bc6e24-cd5b-409d-b41d-bbc8dc02539d: start LeaderState
2019-11-05 17:31:26,022 [94bc6e24-cd5b-409d-b41d-bbc8dc02539d@group-C45684D3B5EE-LeaderElection2] INFO  segmented.SegmentedRaftLogWorker (SegmentedRaftLogWorker.java:startLogSegment(385)) - 94bc6e24-cd5b-409d-b41d-bbc8dc02539d@group-C45684D3B5EE-SegmentedRaftLogWorker: Starting segment from index:0
2019-11-05 17:31:26,023 [94bc6e24-cd5b-409d-b41d-bbc8dc02539d@group-C45684D3B5EE-LeaderElection2] INFO  impl.RaftServerImpl (ServerState.java:setRaftConf(356)) - 94bc6e24-cd5b-409d-b41d-bbc8dc02539d@group-C45684D3B5EE: set configuration 0: [94bc6e24-cd5b-409d-b41d-bbc8dc02539d:192.168.157.254:46190], old=null at 0
2019-11-05 17:31:26,147 [Thread-305] INFO  mapred.LocalJobRunner (LocalJobRunner.java:runTasks(478)) - Waiting for map tasks
2019-11-05 17:31:26,163 [LocalJobRunner Map Task Executor #0] INFO  mapred.LocalJobRunner (LocalJobRunner.java:run(252)) - Starting task: attempt_local1159078536_0001_m_000000_0
2019-11-05 17:31:26,184 [94bc6e24-cd5b-409d-b41d-bbc8dc02539d@group-C45684D3B5EE-SegmentedRaftLogWorker] INFO  segmented.SegmentedRaftLogWorker (SegmentedRaftLogWorker.java:execute(576)) - 94bc6e24-cd5b-409d-b41d-bbc8dc02539d@group-C45684D3B5EE-SegmentedRaftLogWorker: created new log segment /workdir/hadoop-ozone/ozonefs/target/test-dir/MiniOzoneClusterImpl-767f3287-592e-494b-ab0e-1186b72b6444/datanode-3/data/ratis/c429805f-9901-4180-919e-c45684d3b5ee/current/log_inprogress_0
2019-11-05 17:31:26,194 [0ec73003-e750-45f5-accd-5100427dfe8e@group-D92D29180FFF-SegmentedRaftLogWorker] INFO  segmented.SegmentedRaftLogWorker (SegmentedRaftLogWorker.java:execute(576)) - 0ec73003-e750-45f5-accd-5100427dfe8e@group-D92D29180FFF-SegmentedRaftLogWorker: created new log segment /workdir/hadoop-ozone/ozonefs/target/test-dir/MiniOzoneClusterImpl-767f3287-592e-494b-ab0e-1186b72b6444/datanode-0/data/ratis/70e462e1-3e2d-4cb3-a73d-d92d29180fff/current/log_inprogress_0
2019-11-05 17:31:26,224 [LocalJobRunner Map Task Executor #0] INFO  output.FileOutputCommitter (FileOutputCommitter.java:<init>(140)) - File Output Committer Algorithm version is 2
2019-11-05 17:31:26,230 [LocalJobRunner Map Task Executor #0] INFO  output.FileOutputCommitter (FileOutputCommitter.java:<init>(155)) - FileOutputCommitter skip cleanup _temporary folders under output directory:false, ignore cleanup failures: false
2019-11-05 17:31:26,261 [LocalJobRunner Map Task Executor #0] INFO  mapred.Task (Task.java:initialize(626)) -  Using ResourceCalculatorProcessTree : [ ]
2019-11-05 17:31:26,265 [LocalJobRunner Map Task Executor #0] INFO  mapred.MapTask (MapTask.java:runNewMapper(768)) - Processing split: file:/tmp/hadoop/mapred/staging/jenkins10001796015185/.staging/_distcp374297365/fileList.seq:0+327
2019-11-05 17:31:26,297 [LocalJobRunner Map Task Executor #0] INFO  output.FileOutputCommitter (FileOutputCommitter.java:<init>(140)) - File Output Committer Algorithm version is 2
2019-11-05 17:31:26,297 [LocalJobRunner Map Task Executor #0] INFO  output.FileOutputCommitter (FileOutputCommitter.java:<init>(155)) - FileOutputCommitter skip cleanup _temporary folders under output directory:false, ignore cleanup failures: false
17:31:26.350 [IPC Server handler 6 on 37190] ERROR OMAudit - user=jenkins1000 | ip=127.0.0.1 | op=GET_FILE_STATUS {volume=volume12942, bucket=bucket72990, key=test/ITestOzoneContractDistCp/testUpdateDeepDirectoryStructureNoChange/remote/outputDir, dataSize=0, replicationType=null, replicationFactor=null, keyLocationInfo=null} | ret=FAILURE
org.apache.hadoop.ozone.om.exceptions.OMException: Unable to get file status: volume: volume12942 bucket: bucket72990 key: test/ITestOzoneContractDistCp/testUpdateDeepDirectoryStructureNoChange/remote/outputDir
	at org.apache.hadoop.ozone.om.KeyManagerImpl.getFileStatus(KeyManagerImpl.java:1784) ~[hadoop-ozone-ozone-manager-0.5.0-SNAPSHOT.jar:?]
	at org.apache.hadoop.ozone.om.OzoneManager.getFileStatus(OzoneManager.java:2762) ~[hadoop-ozone-ozone-manager-0.5.0-SNAPSHOT.jar:?]
	at org.apache.hadoop.ozone.protocolPB.OzoneManagerRequestHandler.getOzoneFileStatus(OzoneManagerRequestHandler.java:1053) ~[hadoop-ozone-ozone-manager-0.5.0-SNAPSHOT.jar:?]
	at org.apache.hadoop.ozone.protocolPB.OzoneManagerRequestHandler.handle(OzoneManagerRequestHandler.java:340) ~[hadoop-ozone-ozone-manager-0.5.0-SNAPSHOT.jar:?]
	at org.apache.hadoop.ozone.protocolPB.OzoneManagerProtocolServerSideTranslatorPB.submitRequestDirectlyToOM(OzoneManagerProtocolServerSideTranslatorPB.java:208) ~[hadoop-ozone-ozone-manager-0.5.0-SNAPSHOT.jar:?]
	at org.apache.hadoop.ozone.protocolPB.OzoneManagerProtocolServerSideTranslatorPB.processRequest(OzoneManagerProtocolServerSideTranslatorPB.java:132) ~[hadoop-ozone-ozone-manager-0.5.0-SNAPSHOT.jar:?]
	at org.apache.hadoop.hdds.server.OzoneProtocolMessageDispatcher.processRequest(OzoneProtocolMessageDispatcher.java:72) [hadoop-hdds-server-framework-0.5.0-SNAPSHOT.jar:?]
	at org.apache.hadoop.ozone.protocolPB.OzoneManagerProtocolServerSideTranslatorPB.submitRequest(OzoneManagerProtocolServerSideTranslatorPB.java:100) [hadoop-ozone-ozone-manager-0.5.0-SNAPSHOT.jar:?]
	at org.apache.hadoop.ozone.protocol.proto.OzoneManagerProtocolProtos$OzoneManagerService$2.callBlockingMethod(OzoneManagerProtocolProtos.java) [hadoop-ozone-common-0.5.0-SNAPSHOT.jar:?]
	at org.apache.hadoop.ipc.ProtobufRpcEngine$Server$ProtoBufRpcInvoker.call(ProtobufRpcEngine.java:524) [hadoop-common-3.2.0.jar:?]
	at org.apache.hadoop.ipc.RPC$Server.call(RPC.java:1025) [hadoop-common-3.2.0.jar:?]
	at org.apache.hadoop.ipc.Server$RpcCall.run(Server.java:876) [hadoop-common-3.2.0.jar:?]
	at org.apache.hadoop.ipc.Server$RpcCall.run(Server.java:822) [hadoop-common-3.2.0.jar:?]
	at java.security.AccessController.doPrivileged(Native Method) [?:1.8.0_222]
	at javax.security.auth.Subject.doAs(Subject.java:422) [?:1.8.0_222]
	at org.apache.hadoop.security.UserGroupInformation.doAs(UserGroupInformation.java:1730) [hadoop-common-3.2.0.jar:?]
	at org.apache.hadoop.ipc.Server$Handler.run(Server.java:2682) [hadoop-common-3.2.0.jar:?]
2019-11-05 17:31:26,353 [LocalJobRunner Map Task Executor #0] INFO  mapred.CopyMapper (CopyMapper.java:map(154)) - Copying file:/workdir/hadoop-ozone/ozonefs/target/test-dir/ITestOzoneContractDistCp/testUpdateDeepDirectoryStructureNoChange/local/inputDir to o3fs://bucket72990.volume12942/test/ITestOzoneContractDistCp/testUpdateDeepDirectoryStructureNoChange/remote/outputDir/inputDir
17:31:26.361 [IPC Server handler 13 on 37190] ERROR OMAudit - user=jenkins1000 | ip=127.0.0.1 | op=GET_FILE_STATUS {volume=volume12942, bucket=bucket72990, key=test/ITestOzoneContractDistCp/testUpdateDeepDirectoryStructureNoChange/remote/outputDir/inputDir, dataSize=0, replicationType=null, replicationFactor=null, keyLocationInfo=null} | ret=FAILURE
org.apache.hadoop.ozone.om.exceptions.OMException: Unable to get file status: volume: volume12942 bucket: bucket72990 key: test/ITestOzoneContractDistCp/testUpdateDeepDirectoryStructureNoChange/remote/outputDir/inputDir
	at org.apache.hadoop.ozone.om.KeyManagerImpl.getFileStatus(KeyManagerImpl.java:1784) ~[hadoop-ozone-ozone-manager-0.5.0-SNAPSHOT.jar:?]
	at org.apache.hadoop.ozone.om.OzoneManager.getFileStatus(OzoneManager.java:2762) ~[hadoop-ozone-ozone-manager-0.5.0-SNAPSHOT.jar:?]
	at org.apache.hadoop.ozone.protocolPB.OzoneManagerRequestHandler.getOzoneFileStatus(OzoneManagerRequestHandler.java:1053) ~[hadoop-ozone-ozone-manager-0.5.0-SNAPSHOT.jar:?]
	at org.apache.hadoop.ozone.protocolPB.OzoneManagerRequestHandler.handle(OzoneManagerRequestHandler.java:340) ~[hadoop-ozone-ozone-manager-0.5.0-SNAPSHOT.jar:?]
	at org.apache.hadoop.ozone.protocolPB.OzoneManagerProtocolServerSideTranslatorPB.submitRequestDirectlyToOM(OzoneManagerProtocolServerSideTranslatorPB.java:208) ~[hadoop-ozone-ozone-manager-0.5.0-SNAPSHOT.jar:?]
	at org.apache.hadoop.ozone.protocolPB.OzoneManagerProtocolServerSideTranslatorPB.processRequest(OzoneManagerProtocolServerSideTranslatorPB.java:132) ~[hadoop-ozone-ozone-manager-0.5.0-SNAPSHOT.jar:?]
	at org.apache.hadoop.hdds.server.OzoneProtocolMessageDispatcher.processRequest(OzoneProtocolMessageDispatcher.java:72) [hadoop-hdds-server-framework-0.5.0-SNAPSHOT.jar:?]
	at org.apache.hadoop.ozone.protocolPB.OzoneManagerProtocolServerSideTranslatorPB.submitRequest(OzoneManagerProtocolServerSideTranslatorPB.java:100) [hadoop-ozone-ozone-manager-0.5.0-SNAPSHOT.jar:?]
	at org.apache.hadoop.ozone.protocol.proto.OzoneManagerProtocolProtos$OzoneManagerService$2.callBlockingMethod(OzoneManagerProtocolProtos.java) [hadoop-ozone-common-0.5.0-SNAPSHOT.jar:?]
	at org.apache.hadoop.ipc.ProtobufRpcEngine$Server$ProtoBufRpcInvoker.call(ProtobufRpcEngine.java:524) [hadoop-common-3.2.0.jar:?]
	at org.apache.hadoop.ipc.RPC$Server.call(RPC.java:1025) [hadoop-common-3.2.0.jar:?]
	at org.apache.hadoop.ipc.Server$RpcCall.run(Server.java:876) [hadoop-common-3.2.0.jar:?]
	at org.apache.hadoop.ipc.Server$RpcCall.run(Server.java:822) [hadoop-common-3.2.0.jar:?]
	at java.security.AccessController.doPrivileged(Native Method) [?:1.8.0_222]
	at javax.security.auth.Subject.doAs(Subject.java:422) [?:1.8.0_222]
	at org.apache.hadoop.security.UserGroupInformation.doAs(UserGroupInformation.java:1730) [hadoop-common-3.2.0.jar:?]
	at org.apache.hadoop.ipc.Server$Handler.run(Server.java:2682) [hadoop-common-3.2.0.jar:?]
2019-11-05 17:31:26,393 [Thread-217] INFO  impl.FollowerState (FollowerState.java:run(111)) - 52d00911-f88f-4eca-b889-af42944a0dc1@group-DF2DFF07DA0D-FollowerState: change to CANDIDATE, lastRpcTime:5172ms, electionTimeout:5160ms
2019-11-05 17:31:26,393 [Thread-217] INFO  impl.RoleInfo (RoleInfo.java:shutdownFollowerState(121)) - 52d00911-f88f-4eca-b889-af42944a0dc1: shutdown FollowerState
2019-11-05 17:31:26,393 [Thread-217] INFO  impl.RaftServerImpl (RaftServerImpl.java:setRole(173)) - 52d00911-f88f-4eca-b889-af42944a0dc1@group-DF2DFF07DA0D: changes role from  FOLLOWER to CANDIDATE at term 0 for changeToCandidate
2019-11-05 17:31:26,394 [Thread-217] INFO  impl.RoleInfo (RoleInfo.java:updateAndGet(143)) - 52d00911-f88f-4eca-b889-af42944a0dc1: start LeaderElection
2019-11-05 17:31:26,402 [LocalJobRunner Map Task Executor #0] INFO  mapred.LocalJobRunner (LocalJobRunner.java:statusUpdate(634)) - 
2019-11-05 17:31:26,405 [52d00911-f88f-4eca-b889-af42944a0dc1@group-DF2DFF07DA0D-LeaderElection3] INFO  impl.LeaderElection (LeaderElection.java:askForVotes(178)) - 52d00911-f88f-4eca-b889-af42944a0dc1@group-DF2DFF07DA0D-LeaderElection3: begin an election at term 1 for -1: [52d00911-f88f-4eca-b889-af42944a0dc1:192.168.157.254:36588], old=null
2019-11-05 17:31:26,406 [52d00911-f88f-4eca-b889-af42944a0dc1@group-DF2DFF07DA0D-LeaderElection3] INFO  impl.RoleInfo (RoleInfo.java:shutdownLeaderElection(134)) - 52d00911-f88f-4eca-b889-af42944a0dc1: shutdown LeaderElection
2019-11-05 17:31:26,406 [52d00911-f88f-4eca-b889-af42944a0dc1@group-DF2DFF07DA0D-LeaderElection3] INFO  impl.RaftServerImpl (RaftServerImpl.java:setRole(173)) - 52d00911-f88f-4eca-b889-af42944a0dc1@group-DF2DFF07DA0D: changes role from CANDIDATE to LEADER at term 1 for changeToLeader
2019-11-05 17:31:26,406 [52d00911-f88f-4eca-b889-af42944a0dc1@group-DF2DFF07DA0D-LeaderElection3] INFO  impl.RaftServerImpl (ServerState.java:setLeader(255)) - 52d00911-f88f-4eca-b889-af42944a0dc1@group-DF2DFF07DA0D: change Leader from null to 52d00911-f88f-4eca-b889-af42944a0dc1 at term 1 for becomeLeader, leader elected after 5192ms
2019-11-05 17:31:26,408 [52d00911-f88f-4eca-b889-af42944a0dc1@group-DF2DFF07DA0D-LeaderElection3] INFO  server.RaftServerConfigKeys (ConfUtils.java:logGet(43)) - raft.server.staging.catchup.gap = 1000 (default)
2019-11-05 17:31:26,408 [52d00911-f88f-4eca-b889-af42944a0dc1@group-DF2DFF07DA0D-LeaderElection3] INFO  server.RaftServerConfigKeys (ConfUtils.java:logGet(43)) - raft.server.rpc.sleep.time = 25ms (default)
2019-11-05 17:31:26,408 [52d00911-f88f-4eca-b889-af42944a0dc1@group-DF2DFF07DA0D-LeaderElection3] INFO  server.RaftServerConfigKeys (ConfUtils.java:logGet(43)) - raft.server.write.element-limit = 4096 (default)
2019-11-05 17:31:26,409 [52d00911-f88f-4eca-b889-af42944a0dc1@group-DF2DFF07DA0D-LeaderElection3] INFO  server.RaftServerConfigKeys (ConfUtils.java:logGet(43)) - raft.server.watch.timeout = 10s (default)
2019-11-05 17:31:26,409 [52d00911-f88f-4eca-b889-af42944a0dc1@group-DF2DFF07DA0D-LeaderElection3] INFO  server.RaftServerConfigKeys (ConfUtils.java:logGet(43)) - raft.server.watch.timeout.denomination = 1s (default)
2019-11-05 17:31:26,409 [52d00911-f88f-4eca-b889-af42944a0dc1@group-DF2DFF07DA0D-LeaderElection3] INFO  server.RaftServerConfigKeys (ConfUtils.java:logGet(43)) - raft.server.watch.element-limit = 65536 (default)
2019-11-05 17:31:26,409 [52d00911-f88f-4eca-b889-af42944a0dc1@group-DF2DFF07DA0D-LeaderElection3] INFO  impl.RoleInfo (RoleInfo.java:updateAndGet(143)) - 52d00911-f88f-4eca-b889-af42944a0dc1: start LeaderState
2019-11-05 17:31:26,410 [52d00911-f88f-4eca-b889-af42944a0dc1@group-DF2DFF07DA0D-LeaderElection3] INFO  segmented.SegmentedRaftLogWorker (SegmentedRaftLogWorker.java:startLogSegment(385)) - 52d00911-f88f-4eca-b889-af42944a0dc1@group-DF2DFF07DA0D-SegmentedRaftLogWorker: Starting segment from index:0
2019-11-05 17:31:26,410 [52d00911-f88f-4eca-b889-af42944a0dc1@group-DF2DFF07DA0D-LeaderElection3] INFO  impl.RaftServerImpl (ServerState.java:setRaftConf(356)) - 52d00911-f88f-4eca-b889-af42944a0dc1@group-DF2DFF07DA0D: set configuration 0: [52d00911-f88f-4eca-b889-af42944a0dc1:192.168.157.254:36588], old=null at 0
2019-11-05 17:31:26,435 [LocalJobRunner Map Task Executor #0] INFO  mapred.Task (Task.java:done(1244)) - Task:attempt_local1159078536_0001_m_000000_0 is done. And is in the process of committing
2019-11-05 17:31:26,437 [LocalJobRunner Map Task Executor #0] INFO  mapred.LocalJobRunner (LocalJobRunner.java:statusUpdate(634)) - 
2019-11-05 17:31:26,438 [LocalJobRunner Map Task Executor #0] INFO  mapred.Task (Task.java:commit(1421)) - Task attempt_local1159078536_0001_m_000000_0 is allowed to commit now
2019-11-05 17:31:26,443 [LocalJobRunner Map Task Executor #0] INFO  output.FileOutputCommitter (FileOutputCommitter.java:commitTask(598)) - Saved output of task 'attempt_local1159078536_0001_m_000000_0' to file:/tmp/hadoop/mapred/staging/jenkins10001796015185/.staging/_distcp374297365/_logs
2019-11-05 17:31:26,445 [LocalJobRunner Map Task Executor #0] INFO  mapred.LocalJobRunner (LocalJobRunner.java:statusUpdate(634)) - Copying file:/workdir/hadoop-ozone/ozonefs/target/test-dir/ITestOzoneContractDistCp/testUpdateDeepDirectoryStructureNoChange/local/inputDir to o3fs://bucket72990.volume12942/test/ITestOzoneContractDistCp/testUpdateDeepDirectoryStructureNoChange/remote/outputDir/inputDir
2019-11-05 17:31:26,445 [LocalJobRunner Map Task Executor #0] INFO  mapred.Task (Task.java:sendDone(1380)) - Task 'attempt_local1159078536_0001_m_000000_0' done.
2019-11-05 17:31:26,449 [LocalJobRunner Map Task Executor #0] INFO  mapred.Task (Task.java:done(1276)) - Final Counters for attempt_local1159078536_0001_m_000000_0: Counters: 22
	File System Counters
		FILE: Number of bytes read=204452
		FILE: Number of bytes written=822846
		FILE: Number of read operations=0
		FILE: Number of large read operations=0
		FILE: Number of write operations=0
		O3FS: Number of bytes read=0
		O3FS: Number of bytes written=0
		O3FS: Number of read operations=6
		O3FS: Number of large read operations=0
		O3FS: Number of write operations=1
	Map-Reduce Framework
		Map input records=1
		Map output records=0
		Input split bytes=157
		Spilled Records=0
		Failed Shuffles=0
		Merged Map outputs=0
		GC time elapsed (ms)=0
		Total committed heap usage (bytes)=2058354688
	File Input Format Counters 
		Bytes Read=3157
	File Output Format Counters 
		Bytes Written=8
	DistCp Counters
		Bandwidth in Btyes=0
		DIR_COPY=1
2019-11-05 17:31:26,449 [LocalJobRunner Map Task Executor #0] INFO  mapred.LocalJobRunner (LocalJobRunner.java:run(277)) - Finishing task: attempt_local1159078536_0001_m_000000_0
2019-11-05 17:31:26,450 [LocalJobRunner Map Task Executor #0] INFO  mapred.LocalJobRunner (LocalJobRunner.java:run(252)) - Starting task: attempt_local1159078536_0001_m_000001_0
2019-11-05 17:31:26,453 [LocalJobRunner Map Task Executor #0] INFO  output.FileOutputCommitter (FileOutputCommitter.java:<init>(140)) - File Output Committer Algorithm version is 2
2019-11-05 17:31:26,453 [LocalJobRunner Map Task Executor #0] INFO  output.FileOutputCommitter (FileOutputCommitter.java:<init>(155)) - FileOutputCommitter skip cleanup _temporary folders under output directory:false, ignore cleanup failures: false
2019-11-05 17:31:26,454 [LocalJobRunner Map Task Executor #0] INFO  mapred.Task (Task.java:initialize(626)) -  Using ResourceCalculatorProcessTree : [ ]
2019-11-05 17:31:26,455 [LocalJobRunner Map Task Executor #0] INFO  mapred.MapTask (MapTask.java:runNewMapper(768)) - Processing split: file:/tmp/hadoop/mapred/staging/jenkins10001796015185/.staging/_distcp374297365/fileList.seq:327+293
2019-11-05 17:31:26,456 [LocalJobRunner Map Task Executor #0] INFO  output.FileOutputCommitter (FileOutputCommitter.java:<init>(140)) - File Output Committer Algorithm version is 2
2019-11-05 17:31:26,456 [LocalJobRunner Map Task Executor #0] INFO  output.FileOutputCommitter (FileOutputCommitter.java:<init>(155)) - FileOutputCommitter skip cleanup _temporary folders under output directory:false, ignore cleanup failures: false
2019-11-05 17:31:26,471 [LocalJobRunner Map Task Executor #0] INFO  mapred.CopyMapper (CopyMapper.java:map(154)) - Copying file:/workdir/hadoop-ozone/ozonefs/target/test-dir/ITestOzoneContractDistCp/testUpdateDeepDirectoryStructureNoChange/local/inputDir/subDir4/subDir4/file5 to o3fs://bucket72990.volume12942/test/ITestOzoneContractDistCp/testUpdateDeepDirectoryStructureNoChange/remote/outputDir/inputDir/subDir4/subDir4/file5
17:31:26.478 [IPC Server handler 11 on 37190] ERROR OMAudit - user=jenkins1000 | ip=127.0.0.1 | op=GET_FILE_STATUS {volume=volume12942, bucket=bucket72990, key=test/ITestOzoneContractDistCp/testUpdateDeepDirectoryStructureNoChange/remote/outputDir/inputDir/subDir4/subDir4/file5, dataSize=0, replicationType=null, replicationFactor=null, keyLocationInfo=null} | ret=FAILURE
org.apache.hadoop.ozone.om.exceptions.OMException: Unable to get file status: volume: volume12942 bucket: bucket72990 key: test/ITestOzoneContractDistCp/testUpdateDeepDirectoryStructureNoChange/remote/outputDir/inputDir/subDir4/subDir4/file5
	at org.apache.hadoop.ozone.om.KeyManagerImpl.getFileStatus(KeyManagerImpl.java:1784) ~[hadoop-ozone-ozone-manager-0.5.0-SNAPSHOT.jar:?]
	at org.apache.hadoop.ozone.om.OzoneManager.getFileStatus(OzoneManager.java:2762) ~[hadoop-ozone-ozone-manager-0.5.0-SNAPSHOT.jar:?]
	at org.apache.hadoop.ozone.protocolPB.OzoneManagerRequestHandler.getOzoneFileStatus(OzoneManagerRequestHandler.java:1053) ~[hadoop-ozone-ozone-manager-0.5.0-SNAPSHOT.jar:?]
	at org.apache.hadoop.ozone.protocolPB.OzoneManagerRequestHandler.handle(OzoneManagerRequestHandler.java:340) ~[hadoop-ozone-ozone-manager-0.5.0-SNAPSHOT.jar:?]
	at org.apache.hadoop.ozone.protocolPB.OzoneManagerProtocolServerSideTranslatorPB.submitRequestDirectlyToOM(OzoneManagerProtocolServerSideTranslatorPB.java:208) ~[hadoop-ozone-ozone-manager-0.5.0-SNAPSHOT.jar:?]
	at org.apache.hadoop.ozone.protocolPB.OzoneManagerProtocolServerSideTranslatorPB.processRequest(OzoneManagerProtocolServerSideTranslatorPB.java:132) ~[hadoop-ozone-ozone-manager-0.5.0-SNAPSHOT.jar:?]
	at org.apache.hadoop.hdds.server.OzoneProtocolMessageDispatcher.processRequest(OzoneProtocolMessageDispatcher.java:72) [hadoop-hdds-server-framework-0.5.0-SNAPSHOT.jar:?]
	at org.apache.hadoop.ozone.protocolPB.OzoneManagerProtocolServerSideTranslatorPB.submitRequest(OzoneManagerProtocolServerSideTranslatorPB.java:100) [hadoop-ozone-ozone-manager-0.5.0-SNAPSHOT.jar:?]
	at org.apache.hadoop.ozone.protocol.proto.OzoneManagerProtocolProtos$OzoneManagerService$2.callBlockingMethod(OzoneManagerProtocolProtos.java) [hadoop-ozone-common-0.5.0-SNAPSHOT.jar:?]
	at org.apache.hadoop.ipc.ProtobufRpcEngine$Server$ProtoBufRpcInvoker.call(ProtobufRpcEngine.java:524) [hadoop-common-3.2.0.jar:?]
	at org.apache.hadoop.ipc.RPC$Server.call(RPC.java:1025) [hadoop-common-3.2.0.jar:?]
	at org.apache.hadoop.ipc.Server$RpcCall.run(Server.java:876) [hadoop-common-3.2.0.jar:?]
	at org.apache.hadoop.ipc.Server$RpcCall.run(Server.java:822) [hadoop-common-3.2.0.jar:?]
	at java.security.AccessController.doPrivileged(Native Method) [?:1.8.0_222]
	at javax.security.auth.Subject.doAs(Subject.java:422) [?:1.8.0_222]
	at org.apache.hadoop.security.UserGroupInformation.doAs(UserGroupInformation.java:1730) [hadoop-common-3.2.0.jar:?]
	at org.apache.hadoop.ipc.Server$Handler.run(Server.java:2682) [hadoop-common-3.2.0.jar:?]
2019-11-05 17:31:26,479 [52d00911-f88f-4eca-b889-af42944a0dc1@group-DF2DFF07DA0D-SegmentedRaftLogWorker] INFO  segmented.SegmentedRaftLogWorker (SegmentedRaftLogWorker.java:execute(576)) - 52d00911-f88f-4eca-b889-af42944a0dc1@group-DF2DFF07DA0D-SegmentedRaftLogWorker: created new log segment /workdir/hadoop-ozone/ozonefs/target/test-dir/MiniOzoneClusterImpl-767f3287-592e-494b-ab0e-1186b72b6444/datanode-4/data/ratis/3068d1b5-f96f-442c-8d3b-df2dff07da0d/current/log_inprogress_0
2019-11-05 17:31:26,485 [LocalJobRunner Map Task Executor #0] INFO  mapred.RetriableFileCopyCommand (RetriableFileCopyCommand.java:getTmpFile(260)) - Creating temp file: o3fs://bucket72990.volume12942/test/ITestOzoneContractDistCp/testUpdateDeepDirectoryStructureNoChange/remote/outputDir/.distcp.tmp.attempt_local1159078536_0001_m_000001_0
2019-11-05 17:31:26,584 [Thread-220] INFO  impl.FollowerState (FollowerState.java:run(111)) - 14ac522e-2aca-48e3-829d-953488abf711@group-038705EC5F14-FollowerState: change to CANDIDATE, lastRpcTime:5192ms, electionTimeout:5076ms
2019-11-05 17:31:26,584 [Thread-220] INFO  impl.RoleInfo (RoleInfo.java:shutdownFollowerState(121)) - 14ac522e-2aca-48e3-829d-953488abf711: shutdown FollowerState
2019-11-05 17:31:26,584 [Thread-220] INFO  impl.RaftServerImpl (RaftServerImpl.java:setRole(173)) - 14ac522e-2aca-48e3-829d-953488abf711@group-038705EC5F14: changes role from  FOLLOWER to CANDIDATE at term 0 for changeToCandidate
2019-11-05 17:31:26,584 [Thread-220] INFO  impl.RoleInfo (RoleInfo.java:updateAndGet(143)) - 14ac522e-2aca-48e3-829d-953488abf711: start LeaderElection
2019-11-05 17:31:26,603 [LocalJobRunner Map Task Executor #0] INFO  impl.MetricsSystemImpl (MetricsSystemImpl.java:init(158)) - XceiverClientMetrics metrics system started (again)
2019-11-05 17:31:26,613 [14ac522e-2aca-48e3-829d-953488abf711@group-038705EC5F14-LeaderElection4] INFO  impl.LeaderElection (LeaderElection.java:askForVotes(178)) - 14ac522e-2aca-48e3-829d-953488abf711@group-038705EC5F14-LeaderElection4: begin an election at term 1 for -1: [14ac522e-2aca-48e3-829d-953488abf711:192.168.157.254:38394], old=null
2019-11-05 17:31:26,613 [14ac522e-2aca-48e3-829d-953488abf711@group-038705EC5F14-LeaderElection4] INFO  impl.RoleInfo (RoleInfo.java:shutdownLeaderElection(134)) - 14ac522e-2aca-48e3-829d-953488abf711: shutdown LeaderElection
2019-11-05 17:31:26,613 [14ac522e-2aca-48e3-829d-953488abf711@group-038705EC5F14-LeaderElection4] INFO  impl.RaftServerImpl (RaftServerImpl.java:setRole(173)) - 14ac522e-2aca-48e3-829d-953488abf711@group-038705EC5F14: changes role from CANDIDATE to LEADER at term 1 for changeToLeader
2019-11-05 17:31:26,613 [14ac522e-2aca-48e3-829d-953488abf711@group-038705EC5F14-LeaderElection4] INFO  impl.RaftServerImpl (ServerState.java:setLeader(255)) - 14ac522e-2aca-48e3-829d-953488abf711@group-038705EC5F14: change Leader from null to 14ac522e-2aca-48e3-829d-953488abf711 at term 1 for becomeLeader, leader elected after 5236ms
2019-11-05 17:31:26,623 [14ac522e-2aca-48e3-829d-953488abf711@group-038705EC5F14-LeaderElection4] INFO  server.RaftServerConfigKeys (ConfUtils.java:logGet(43)) - raft.server.staging.catchup.gap = 1000 (default)
2019-11-05 17:31:26,625 [14ac522e-2aca-48e3-829d-953488abf711@group-038705EC5F14-LeaderElection4] INFO  server.RaftServerConfigKeys (ConfUtils.java:logGet(43)) - raft.server.rpc.sleep.time = 25ms (default)
2019-11-05 17:31:26,626 [14ac522e-2aca-48e3-829d-953488abf711@group-038705EC5F14-LeaderElection4] INFO  server.RaftServerConfigKeys (ConfUtils.java:logGet(43)) - raft.server.write.element-limit = 4096 (default)
2019-11-05 17:31:26,626 [14ac522e-2aca-48e3-829d-953488abf711@group-038705EC5F14-LeaderElection4] INFO  server.RaftServerConfigKeys (ConfUtils.java:logGet(43)) - raft.server.watch.timeout = 10s (default)
2019-11-05 17:31:26,626 [14ac522e-2aca-48e3-829d-953488abf711@group-038705EC5F14-LeaderElection4] INFO  server.RaftServerConfigKeys (ConfUtils.java:logGet(43)) - raft.server.watch.timeout.denomination = 1s (default)
2019-11-05 17:31:26,626 [14ac522e-2aca-48e3-829d-953488abf711@group-038705EC5F14-LeaderElection4] INFO  server.RaftServerConfigKeys (ConfUtils.java:logGet(43)) - raft.server.watch.element-limit = 65536 (default)
2019-11-05 17:31:26,627 [14ac522e-2aca-48e3-829d-953488abf711@group-038705EC5F14-LeaderElection4] INFO  impl.RoleInfo (RoleInfo.java:updateAndGet(143)) - 14ac522e-2aca-48e3-829d-953488abf711: start LeaderState
2019-11-05 17:31:26,627 [14ac522e-2aca-48e3-829d-953488abf711@group-038705EC5F14-LeaderElection4] INFO  segmented.SegmentedRaftLogWorker (SegmentedRaftLogWorker.java:startLogSegment(385)) - 14ac522e-2aca-48e3-829d-953488abf711@group-038705EC5F14-SegmentedRaftLogWorker: Starting segment from index:0
2019-11-05 17:31:26,631 [14ac522e-2aca-48e3-829d-953488abf711@group-038705EC5F14-LeaderElection4] INFO  impl.RaftServerImpl (ServerState.java:setRaftConf(356)) - 14ac522e-2aca-48e3-829d-953488abf711@group-038705EC5F14: set configuration 0: [14ac522e-2aca-48e3-829d-953488abf711:192.168.157.254:38394], old=null at 0
2019-11-05 17:31:26,704 [14ac522e-2aca-48e3-829d-953488abf711@group-038705EC5F14-SegmentedRaftLogWorker] INFO  segmented.SegmentedRaftLogWorker (SegmentedRaftLogWorker.java:execute(576)) - 14ac522e-2aca-48e3-829d-953488abf711@group-038705EC5F14-SegmentedRaftLogWorker: created new log segment /workdir/hadoop-ozone/ozonefs/target/test-dir/MiniOzoneClusterImpl-767f3287-592e-494b-ab0e-1186b72b6444/datanode-2/data/ratis/283cd428-cbba-4368-9074-038705ec5f14/current/log_inprogress_0
2019-11-05 17:31:26,840 [Thread-215] INFO  mapreduce.Job (Job.java:monitorAndPrintJob(1640)) - Job job_local1159078536_0001 running in uber mode : false
2019-11-05 17:31:26,842 [Thread-215] INFO  mapreduce.Job (Job.java:monitorAndPrintJob(1647)) -  map 100% reduce 0%
2019-11-05 17:31:26,857 [Thread-223] INFO  impl.FollowerState (FollowerState.java:run(111)) - 3b6bcaca-5e5c-4fce-ba9d-8e9bbdbbade1@group-5F729B0747A0-FollowerState: change to CANDIDATE, lastRpcTime:5118ms, electionTimeout:5114ms
2019-11-05 17:31:26,857 [Thread-223] INFO  impl.RoleInfo (RoleInfo.java:shutdownFollowerState(121)) - 3b6bcaca-5e5c-4fce-ba9d-8e9bbdbbade1: shutdown FollowerState
2019-11-05 17:31:26,857 [Thread-223] INFO  impl.RaftServerImpl (RaftServerImpl.java:setRole(173)) - 3b6bcaca-5e5c-4fce-ba9d-8e9bbdbbade1@group-5F729B0747A0: changes role from  FOLLOWER to CANDIDATE at term 0 for changeToCandidate
2019-11-05 17:31:26,858 [Thread-223] INFO  impl.RoleInfo (RoleInfo.java:updateAndGet(143)) - 3b6bcaca-5e5c-4fce-ba9d-8e9bbdbbade1: start LeaderElection
2019-11-05 17:31:26,928 [3b6bcaca-5e5c-4fce-ba9d-8e9bbdbbade1@group-5F729B0747A0-LeaderElection5] INFO  impl.LeaderElection (LeaderElection.java:askForVotes(178)) - 3b6bcaca-5e5c-4fce-ba9d-8e9bbdbbade1@group-5F729B0747A0-LeaderElection5: begin an election at term 1 for -1: [3b6bcaca-5e5c-4fce-ba9d-8e9bbdbbade1:192.168.157.254:36896], old=null
2019-11-05 17:31:26,928 [3b6bcaca-5e5c-4fce-ba9d-8e9bbdbbade1@group-5F729B0747A0-LeaderElection5] INFO  impl.RoleInfo (RoleInfo.java:shutdownLeaderElection(134)) - 3b6bcaca-5e5c-4fce-ba9d-8e9bbdbbade1: shutdown LeaderElection
2019-11-05 17:31:26,929 [3b6bcaca-5e5c-4fce-ba9d-8e9bbdbbade1@group-5F729B0747A0-LeaderElection5] INFO  impl.RaftServerImpl (RaftServerImpl.java:setRole(173)) - 3b6bcaca-5e5c-4fce-ba9d-8e9bbdbbade1@group-5F729B0747A0: changes role from CANDIDATE to LEADER at term 1 for changeToLeader
2019-11-05 17:31:26,929 [3b6bcaca-5e5c-4fce-ba9d-8e9bbdbbade1@group-5F729B0747A0-LeaderElection5] INFO  impl.RaftServerImpl (ServerState.java:setLeader(255)) - 3b6bcaca-5e5c-4fce-ba9d-8e9bbdbbade1@group-5F729B0747A0: change Leader from null to 3b6bcaca-5e5c-4fce-ba9d-8e9bbdbbade1 at term 1 for becomeLeader, leader elected after 5202ms
2019-11-05 17:31:26,971 [3b6bcaca-5e5c-4fce-ba9d-8e9bbdbbade1@group-5F729B0747A0-LeaderElection5] INFO  server.RaftServerConfigKeys (ConfUtils.java:logGet(43)) - raft.server.staging.catchup.gap = 1000 (default)
2019-11-05 17:31:26,971 [3b6bcaca-5e5c-4fce-ba9d-8e9bbdbbade1@group-5F729B0747A0-LeaderElection5] INFO  server.RaftServerConfigKeys (ConfUtils.java:logGet(43)) - raft.server.rpc.sleep.time = 25ms (default)
2019-11-05 17:31:26,972 [3b6bcaca-5e5c-4fce-ba9d-8e9bbdbbade1@group-5F729B0747A0-LeaderElection5] INFO  server.RaftServerConfigKeys (ConfUtils.java:logGet(43)) - raft.server.write.element-limit = 4096 (default)
2019-11-05 17:31:26,972 [3b6bcaca-5e5c-4fce-ba9d-8e9bbdbbade1@group-5F729B0747A0-LeaderElection5] INFO  server.RaftServerConfigKeys (ConfUtils.java:logGet(43)) - raft.server.watch.timeout = 10s (default)
2019-11-05 17:31:26,972 [3b6bcaca-5e5c-4fce-ba9d-8e9bbdbbade1@group-5F729B0747A0-LeaderElection5] INFO  server.RaftServerConfigKeys (ConfUtils.java:logGet(43)) - raft.server.watch.timeout.denomination = 1s (default)
2019-11-05 17:31:26,972 [3b6bcaca-5e5c-4fce-ba9d-8e9bbdbbade1@group-5F729B0747A0-LeaderElection5] INFO  server.RaftServerConfigKeys (ConfUtils.java:logGet(43)) - raft.server.watch.element-limit = 65536 (default)
2019-11-05 17:31:26,973 [3b6bcaca-5e5c-4fce-ba9d-8e9bbdbbade1@group-5F729B0747A0-LeaderElection5] INFO  impl.RoleInfo (RoleInfo.java:updateAndGet(143)) - 3b6bcaca-5e5c-4fce-ba9d-8e9bbdbbade1: start LeaderState
2019-11-05 17:31:26,973 [3b6bcaca-5e5c-4fce-ba9d-8e9bbdbbade1@group-5F729B0747A0-LeaderElection5] INFO  segmented.SegmentedRaftLogWorker (SegmentedRaftLogWorker.java:startLogSegment(385)) - 3b6bcaca-5e5c-4fce-ba9d-8e9bbdbbade1@group-5F729B0747A0-SegmentedRaftLogWorker: Starting segment from index:0
2019-11-05 17:31:26,996 [3b6bcaca-5e5c-4fce-ba9d-8e9bbdbbade1@group-5F729B0747A0-LeaderElection5] INFO  impl.RaftServerImpl (ServerState.java:setRaftConf(356)) - 3b6bcaca-5e5c-4fce-ba9d-8e9bbdbbade1@group-5F729B0747A0: set configuration 0: [3b6bcaca-5e5c-4fce-ba9d-8e9bbdbbade1:192.168.157.254:36896], old=null at 0
2019-11-05 17:31:27,063 [3b6bcaca-5e5c-4fce-ba9d-8e9bbdbbade1@group-5F729B0747A0-SegmentedRaftLogWorker] INFO  segmented.SegmentedRaftLogWorker (SegmentedRaftLogWorker.java:execute(576)) - 3b6bcaca-5e5c-4fce-ba9d-8e9bbdbbade1@group-5F729B0747A0-SegmentedRaftLogWorker: created new log segment /workdir/hadoop-ozone/ozonefs/target/test-dir/MiniOzoneClusterImpl-767f3287-592e-494b-ab0e-1186b72b6444/datanode-1/data/ratis/1930d532-41ee-4455-9d3f-5f729b0747a0/current/log_inprogress_0
2019-11-05 17:31:27,180 [Thread-227] INFO  impl.FollowerState (FollowerState.java:run(111)) - 94bc6e24-cd5b-409d-b41d-bbc8dc02539d@group-492225920F7D-FollowerState: change to CANDIDATE, lastRpcTime:5139ms, electionTimeout:5133ms
2019-11-05 17:31:27,181 [Thread-227] INFO  impl.RoleInfo (RoleInfo.java:shutdownFollowerState(121)) - 94bc6e24-cd5b-409d-b41d-bbc8dc02539d: shutdown FollowerState
2019-11-05 17:31:27,181 [Thread-227] INFO  impl.RaftServerImpl (RaftServerImpl.java:setRole(173)) - 94bc6e24-cd5b-409d-b41d-bbc8dc02539d@group-492225920F7D: changes role from  FOLLOWER to CANDIDATE at term 0 for changeToCandidate
2019-11-05 17:31:27,181 [Thread-227] INFO  impl.RoleInfo (RoleInfo.java:updateAndGet(143)) - 94bc6e24-cd5b-409d-b41d-bbc8dc02539d: start LeaderElection
2019-11-05 17:31:27,228 [94bc6e24-cd5b-409d-b41d-bbc8dc02539d@group-492225920F7D-LeaderElection6] INFO  impl.LeaderElection (LeaderElection.java:askForVotes(178)) - 94bc6e24-cd5b-409d-b41d-bbc8dc02539d@group-492225920F7D-LeaderElection6: begin an election at term 1 for -1: [14ac522e-2aca-48e3-829d-953488abf711:192.168.157.254:38394, 94bc6e24-cd5b-409d-b41d-bbc8dc02539d:192.168.157.254:46190, 52d00911-f88f-4eca-b889-af42944a0dc1:192.168.157.254:36588], old=null
2019-11-05 17:31:27,264 [grpc-default-executor-2] INFO  impl.RaftServerImpl (RaftServerImpl.java:setRole(173)) - 52d00911-f88f-4eca-b889-af42944a0dc1@group-492225920F7D: changes role from  FOLLOWER to FOLLOWER at term 1 for recognizeCandidate:94bc6e24-cd5b-409d-b41d-bbc8dc02539d
2019-11-05 17:31:27,264 [grpc-default-executor-2] INFO  impl.RoleInfo (RoleInfo.java:shutdownFollowerState(121)) - 52d00911-f88f-4eca-b889-af42944a0dc1: shutdown FollowerState
2019-11-05 17:31:27,264 [grpc-default-executor-1] INFO  impl.RaftServerImpl (RaftServerImpl.java:setRole(173)) - 14ac522e-2aca-48e3-829d-953488abf711@group-492225920F7D: changes role from  FOLLOWER to FOLLOWER at term 1 for recognizeCandidate:94bc6e24-cd5b-409d-b41d-bbc8dc02539d
2019-11-05 17:31:27,265 [grpc-default-executor-2] INFO  impl.RoleInfo (RoleInfo.java:updateAndGet(143)) - 52d00911-f88f-4eca-b889-af42944a0dc1: start FollowerState
2019-11-05 17:31:27,265 [Thread-232] INFO  impl.FollowerState (FollowerState.java:run(120)) - 52d00911-f88f-4eca-b889-af42944a0dc1@group-492225920F7D-FollowerState was interrupted: java.lang.InterruptedException: sleep interrupted
2019-11-05 17:31:27,265 [grpc-default-executor-1] INFO  impl.RoleInfo (RoleInfo.java:shutdownFollowerState(121)) - 14ac522e-2aca-48e3-829d-953488abf711: shutdown FollowerState
2019-11-05 17:31:27,266 [Thread-230] INFO  impl.FollowerState (FollowerState.java:run(120)) - 14ac522e-2aca-48e3-829d-953488abf711@group-492225920F7D-FollowerState was interrupted: java.lang.InterruptedException: sleep interrupted
2019-11-05 17:31:27,266 [grpc-default-executor-1] INFO  impl.RoleInfo (RoleInfo.java:updateAndGet(143)) - 14ac522e-2aca-48e3-829d-953488abf711: start FollowerState
2019-11-05 17:31:27,294 [94bc6e24-cd5b-409d-b41d-bbc8dc02539d@group-492225920F7D-LeaderElection6] INFO  impl.LeaderElection (LeaderElection.java:logAndReturn(56)) - 94bc6e24-cd5b-409d-b41d-bbc8dc02539d@group-492225920F7D-LeaderElection6: Election PASSED; received 1 response(s) [94bc6e24-cd5b-409d-b41d-bbc8dc02539d<-52d00911-f88f-4eca-b889-af42944a0dc1#0:OK-t1] and 0 exception(s); 94bc6e24-cd5b-409d-b41d-bbc8dc02539d@group-492225920F7D:t1, leader=null, voted=94bc6e24-cd5b-409d-b41d-bbc8dc02539d, raftlog=94bc6e24-cd5b-409d-b41d-bbc8dc02539d@group-492225920F7D-SegmentedRaftLog:OPENED:c-1,f-1,i0, conf=-1: [14ac522e-2aca-48e3-829d-953488abf711:192.168.157.254:38394, 94bc6e24-cd5b-409d-b41d-bbc8dc02539d:192.168.157.254:46190, 52d00911-f88f-4eca-b889-af42944a0dc1:192.168.157.254:36588], old=null
2019-11-05 17:31:27,294 [94bc6e24-cd5b-409d-b41d-bbc8dc02539d@group-492225920F7D-LeaderElection6] INFO  impl.RoleInfo (RoleInfo.java:shutdownLeaderElection(134)) - 94bc6e24-cd5b-409d-b41d-bbc8dc02539d: shutdown LeaderElection
2019-11-05 17:31:27,295 [94bc6e24-cd5b-409d-b41d-bbc8dc02539d@group-492225920F7D-LeaderElection6] INFO  impl.RaftServerImpl (RaftServerImpl.java:setRole(173)) - 94bc6e24-cd5b-409d-b41d-bbc8dc02539d@group-492225920F7D: changes role from CANDIDATE to LEADER at term 1 for changeToLeader
2019-11-05 17:31:27,295 [94bc6e24-cd5b-409d-b41d-bbc8dc02539d@group-492225920F7D-LeaderElection6] INFO  impl.RaftServerImpl (ServerState.java:setLeader(255)) - 94bc6e24-cd5b-409d-b41d-bbc8dc02539d@group-492225920F7D: change Leader from null to 94bc6e24-cd5b-409d-b41d-bbc8dc02539d at term 1 for becomeLeader, leader elected after 5258ms
2019-11-05 17:31:27,295 [94bc6e24-cd5b-409d-b41d-bbc8dc02539d@group-492225920F7D-LeaderElection6] INFO  server.RaftServerConfigKeys (ConfUtils.java:logGet(43)) - raft.server.staging.catchup.gap = 1000 (default)
2019-11-05 17:31:27,295 [94bc6e24-cd5b-409d-b41d-bbc8dc02539d@group-492225920F7D-LeaderElection6] INFO  server.RaftServerConfigKeys (ConfUtils.java:logGet(43)) - raft.server.rpc.sleep.time = 25ms (default)
2019-11-05 17:31:27,296 [94bc6e24-cd5b-409d-b41d-bbc8dc02539d@group-492225920F7D-LeaderElection6] INFO  server.RaftServerConfigKeys (ConfUtils.java:logGet(43)) - raft.server.write.element-limit = 4096 (default)
2019-11-05 17:31:27,296 [94bc6e24-cd5b-409d-b41d-bbc8dc02539d@group-492225920F7D-LeaderElection6] INFO  server.RaftServerConfigKeys (ConfUtils.java:logGet(43)) - raft.server.watch.timeout = 10s (default)
2019-11-05 17:31:27,296 [94bc6e24-cd5b-409d-b41d-bbc8dc02539d@group-492225920F7D-LeaderElection6] INFO  server.RaftServerConfigKeys (ConfUtils.java:logGet(43)) - raft.server.watch.timeout.denomination = 1s (default)
2019-11-05 17:31:27,296 [94bc6e24-cd5b-409d-b41d-bbc8dc02539d@group-492225920F7D-LeaderElection6] INFO  server.RaftServerConfigKeys (ConfUtils.java:logGet(43)) - raft.server.watch.element-limit = 65536 (default)
2019-11-05 17:31:27,299 [94bc6e24-cd5b-409d-b41d-bbc8dc02539d@group-492225920F7D-LeaderElection6] INFO  server.RaftServerConfigKeys (ConfUtils.java:logGet(43)) - raft.server.log.appender.snapshot.chunk.size.max = 16MB (=16777216) (default)
2019-11-05 17:31:27,299 [94bc6e24-cd5b-409d-b41d-bbc8dc02539d@group-492225920F7D-LeaderElection6] INFO  server.RaftServerConfigKeys (ConfUtils.java:logGet(43)) - raft.server.log.appender.buffer.byte-limit = 33554432 (custom)
2019-11-05 17:31:27,299 [94bc6e24-cd5b-409d-b41d-bbc8dc02539d@group-492225920F7D-LeaderElection6] INFO  server.RaftServerConfigKeys (ConfUtils.java:logGet(43)) - raft.server.log.appender.buffer.element-limit = 1 (custom)
2019-11-05 17:31:27,303 [94bc6e24-cd5b-409d-b41d-bbc8dc02539d@group-492225920F7D-LeaderElection6] INFO  grpc.GrpcConfigKeys$Server (ConfUtils.java:logGet(43)) - raft.grpc.server.leader.outstanding.appends.max = 128 (default)
2019-11-05 17:31:27,303 [94bc6e24-cd5b-409d-b41d-bbc8dc02539d@group-492225920F7D-LeaderElection6] INFO  server.RaftServerConfigKeys (ConfUtils.java:logGet(43)) - raft.server.rpc.request.timeout = 3000ms (default)
2019-11-05 17:31:27,303 [94bc6e24-cd5b-409d-b41d-bbc8dc02539d@group-492225920F7D-LeaderElection6] INFO  server.RaftServerConfigKeys (ConfUtils.java:logGet(43)) - raft.server.log.appender.install.snapshot.enabled = false (custom)
2019-11-05 17:31:27,304 [94bc6e24-cd5b-409d-b41d-bbc8dc02539d@group-492225920F7D-LeaderElection6] WARN  impl.MetricRegistriesImpl (MetricRegistriesImpl.java:lambda$create$1(61)) - First MetricRegistry has been created without registering reporters. You may need to call MetricRegistries.global().addReportRegistration(...) before.
2019-11-05 17:31:27,305 [94bc6e24-cd5b-409d-b41d-bbc8dc02539d@group-492225920F7D-LeaderElection6] INFO  server.RaftServerConfigKeys (ConfUtils.java:logGet(43)) - raft.server.log.appender.snapshot.chunk.size.max = 16MB (=16777216) (default)
2019-11-05 17:31:27,306 [94bc6e24-cd5b-409d-b41d-bbc8dc02539d@group-492225920F7D-LeaderElection6] INFO  server.RaftServerConfigKeys (ConfUtils.java:logGet(43)) - raft.server.log.appender.buffer.byte-limit = 33554432 (custom)
2019-11-05 17:31:27,306 [94bc6e24-cd5b-409d-b41d-bbc8dc02539d@group-492225920F7D-LeaderElection6] INFO  server.RaftServerConfigKeys (ConfUtils.java:logGet(43)) - raft.server.log.appender.buffer.element-limit = 1 (custom)
2019-11-05 17:31:27,306 [94bc6e24-cd5b-409d-b41d-bbc8dc02539d@group-492225920F7D-LeaderElection6] INFO  grpc.GrpcConfigKeys$Server (ConfUtils.java:logGet(43)) - raft.grpc.server.leader.outstanding.appends.max = 128 (default)
2019-11-05 17:31:27,306 [94bc6e24-cd5b-409d-b41d-bbc8dc02539d@group-492225920F7D-LeaderElection6] INFO  server.RaftServerConfigKeys (ConfUtils.java:logGet(43)) - raft.server.rpc.request.timeout = 3000ms (default)
2019-11-05 17:31:27,307 [94bc6e24-cd5b-409d-b41d-bbc8dc02539d@group-492225920F7D-LeaderElection6] INFO  server.RaftServerConfigKeys (ConfUtils.java:logGet(43)) - raft.server.log.appender.install.snapshot.enabled = false (custom)
2019-11-05 17:31:27,308 [94bc6e24-cd5b-409d-b41d-bbc8dc02539d@group-492225920F7D-LeaderElection6] INFO  impl.RoleInfo (RoleInfo.java:updateAndGet(143)) - 94bc6e24-cd5b-409d-b41d-bbc8dc02539d: start LeaderState
2019-11-05 17:31:27,309 [94bc6e24-cd5b-409d-b41d-bbc8dc02539d@group-492225920F7D-LeaderElection6] INFO  segmented.SegmentedRaftLogWorker (SegmentedRaftLogWorker.java:startLogSegment(385)) - 94bc6e24-cd5b-409d-b41d-bbc8dc02539d@group-492225920F7D-SegmentedRaftLogWorker: Starting segment from index:0
2019-11-05 17:31:27,309 [94bc6e24-cd5b-409d-b41d-bbc8dc02539d@group-492225920F7D-LeaderElection6] INFO  impl.RaftServerImpl (ServerState.java:setRaftConf(356)) - 94bc6e24-cd5b-409d-b41d-bbc8dc02539d@group-492225920F7D: set configuration 0: [14ac522e-2aca-48e3-829d-953488abf711:192.168.157.254:38394, 94bc6e24-cd5b-409d-b41d-bbc8dc02539d:192.168.157.254:46190, 52d00911-f88f-4eca-b889-af42944a0dc1:192.168.157.254:36588], old=null at 0
2019-11-05 17:31:27,380 [94bc6e24-cd5b-409d-b41d-bbc8dc02539d@group-492225920F7D-SegmentedRaftLogWorker] INFO  segmented.SegmentedRaftLogWorker (SegmentedRaftLogWorker.java:execute(576)) - 94bc6e24-cd5b-409d-b41d-bbc8dc02539d@group-492225920F7D-SegmentedRaftLogWorker: created new log segment /workdir/hadoop-ozone/ozonefs/target/test-dir/MiniOzoneClusterImpl-767f3287-592e-494b-ab0e-1186b72b6444/datanode-3/data/ratis/91770503-1f66-4251-a6bb-492225920f7d/current/log_inprogress_0
2019-11-05 17:31:27,410 [grpc-default-executor-1] INFO  impl.RaftServerImpl (ServerState.java:setLeader(255)) - 14ac522e-2aca-48e3-829d-953488abf711@group-492225920F7D: change Leader from null to 94bc6e24-cd5b-409d-b41d-bbc8dc02539d at term 1 for appendEntries, leader elected after 5351ms
2019-11-05 17:31:27,410 [grpc-default-executor-2] INFO  impl.RaftServerImpl (ServerState.java:setLeader(255)) - 52d00911-f88f-4eca-b889-af42944a0dc1@group-492225920F7D: change Leader from null to 94bc6e24-cd5b-409d-b41d-bbc8dc02539d at term 1 for appendEntries, leader elected after 5348ms
2019-11-05 17:31:27,463 [grpc-default-executor-1] INFO  impl.RaftServerImpl (ServerState.java:setRaftConf(356)) - 14ac522e-2aca-48e3-829d-953488abf711@group-492225920F7D: set configuration 0: [14ac522e-2aca-48e3-829d-953488abf711:192.168.157.254:38394, 94bc6e24-cd5b-409d-b41d-bbc8dc02539d:192.168.157.254:46190, 52d00911-f88f-4eca-b889-af42944a0dc1:192.168.157.254:36588], old=null at 0
2019-11-05 17:31:27,464 [grpc-default-executor-1] INFO  segmented.SegmentedRaftLogWorker (SegmentedRaftLogWorker.java:startLogSegment(385)) - 14ac522e-2aca-48e3-829d-953488abf711@group-492225920F7D-SegmentedRaftLogWorker: Starting segment from index:0
2019-11-05 17:31:27,463 [grpc-default-executor-2] INFO  impl.RaftServerImpl (ServerState.java:setRaftConf(356)) - 52d00911-f88f-4eca-b889-af42944a0dc1@group-492225920F7D: set configuration 0: [14ac522e-2aca-48e3-829d-953488abf711:192.168.157.254:38394, 94bc6e24-cd5b-409d-b41d-bbc8dc02539d:192.168.157.254:46190, 52d00911-f88f-4eca-b889-af42944a0dc1:192.168.157.254:36588], old=null at 0
2019-11-05 17:31:27,464 [grpc-default-executor-2] INFO  segmented.SegmentedRaftLogWorker (SegmentedRaftLogWorker.java:startLogSegment(385)) - 52d00911-f88f-4eca-b889-af42944a0dc1@group-492225920F7D-SegmentedRaftLogWorker: Starting segment from index:0
2019-11-05 17:31:27,578 [14ac522e-2aca-48e3-829d-953488abf711@group-492225920F7D-SegmentedRaftLogWorker] INFO  segmented.SegmentedRaftLogWorker (SegmentedRaftLogWorker.java:execute(576)) - 14ac522e-2aca-48e3-829d-953488abf711@group-492225920F7D-SegmentedRaftLogWorker: created new log segment /workdir/hadoop-ozone/ozonefs/target/test-dir/MiniOzoneClusterImpl-767f3287-592e-494b-ab0e-1186b72b6444/datanode-2/data/ratis/91770503-1f66-4251-a6bb-492225920f7d/current/log_inprogress_0
2019-11-05 17:31:27,589 [52d00911-f88f-4eca-b889-af42944a0dc1@group-492225920F7D-SegmentedRaftLogWorker] INFO  segmented.SegmentedRaftLogWorker (SegmentedRaftLogWorker.java:execute(576)) - 52d00911-f88f-4eca-b889-af42944a0dc1@group-492225920F7D-SegmentedRaftLogWorker: created new log segment /workdir/hadoop-ozone/ozonefs/target/test-dir/MiniOzoneClusterImpl-767f3287-592e-494b-ab0e-1186b72b6444/datanode-4/data/ratis/91770503-1f66-4251-a6bb-492225920f7d/current/log_inprogress_0
17:31:29.488 [IPC Server handler 19 on 37190] ERROR OMAudit - user=jenkins1000 | ip=127.0.0.1 | op=GET_FILE_STATUS {volume=volume12942, bucket=bucket72990, key=test/ITestOzoneContractDistCp/testUpdateDeepDirectoryStructureNoChange/remote/outputDir/inputDir/subDir4/subDir4/file5, dataSize=0, replicationType=null, replicationFactor=null, keyLocationInfo=null} | ret=FAILURE
org.apache.hadoop.ozone.om.exceptions.OMException: Unable to get file status: volume: volume12942 bucket: bucket72990 key: test/ITestOzoneContractDistCp/testUpdateDeepDirectoryStructureNoChange/remote/outputDir/inputDir/subDir4/subDir4/file5
	at org.apache.hadoop.ozone.om.KeyManagerImpl.getFileStatus(KeyManagerImpl.java:1784) ~[hadoop-ozone-ozone-manager-0.5.0-SNAPSHOT.jar:?]
	at org.apache.hadoop.ozone.om.OzoneManager.getFileStatus(OzoneManager.java:2762) ~[hadoop-ozone-ozone-manager-0.5.0-SNAPSHOT.jar:?]
	at org.apache.hadoop.ozone.protocolPB.OzoneManagerRequestHandler.getOzoneFileStatus(OzoneManagerRequestHandler.java:1053) ~[hadoop-ozone-ozone-manager-0.5.0-SNAPSHOT.jar:?]
	at org.apache.hadoop.ozone.protocolPB.OzoneManagerRequestHandler.handle(OzoneManagerRequestHandler.java:340) ~[hadoop-ozone-ozone-manager-0.5.0-SNAPSHOT.jar:?]
	at org.apache.hadoop.ozone.protocolPB.OzoneManagerProtocolServerSideTranslatorPB.submitRequestDirectlyToOM(OzoneManagerProtocolServerSideTranslatorPB.java:208) ~[hadoop-ozone-ozone-manager-0.5.0-SNAPSHOT.jar:?]
	at org.apache.hadoop.ozone.protocolPB.OzoneManagerProtocolServerSideTranslatorPB.processRequest(OzoneManagerProtocolServerSideTranslatorPB.java:132) ~[hadoop-ozone-ozone-manager-0.5.0-SNAPSHOT.jar:?]
	at org.apache.hadoop.hdds.server.OzoneProtocolMessageDispatcher.processRequest(OzoneProtocolMessageDispatcher.java:72) [hadoop-hdds-server-framework-0.5.0-SNAPSHOT.jar:?]
	at org.apache.hadoop.ozone.protocolPB.OzoneManagerProtocolServerSideTranslatorPB.submitRequest(OzoneManagerProtocolServerSideTranslatorPB.java:100) [hadoop-ozone-ozone-manager-0.5.0-SNAPSHOT.jar:?]
	at org.apache.hadoop.ozone.protocol.proto.OzoneManagerProtocolProtos$OzoneManagerService$2.callBlockingMethod(OzoneManagerProtocolProtos.java) [hadoop-ozone-common-0.5.0-SNAPSHOT.jar:?]
	at org.apache.hadoop.ipc.ProtobufRpcEngine$Server$ProtoBufRpcInvoker.call(ProtobufRpcEngine.java:524) [hadoop-common-3.2.0.jar:?]
	at org.apache.hadoop.ipc.RPC$Server.call(RPC.java:1025) [hadoop-common-3.2.0.jar:?]
	at org.apache.hadoop.ipc.Server$RpcCall.run(Server.java:876) [hadoop-common-3.2.0.jar:?]
	at org.apache.hadoop.ipc.Server$RpcCall.run(Server.java:822) [hadoop-common-3.2.0.jar:?]
	at java.security.AccessController.doPrivileged(Native Method) [?:1.8.0_222]
	at javax.security.auth.Subject.doAs(Subject.java:422) [?:1.8.0_222]
	at org.apache.hadoop.security.UserGroupInformation.doAs(UserGroupInformation.java:1730) [hadoop-common-3.2.0.jar:?]
	at org.apache.hadoop.ipc.Server$Handler.run(Server.java:2682) [hadoop-common-3.2.0.jar:?]
17:31:29.491 [IPC Server handler 3 on 37190] ERROR OMAudit - user=jenkins1000 | ip=127.0.0.1 | op=GET_FILE_STATUS {volume=volume12942, bucket=bucket72990, key=test/ITestOzoneContractDistCp/testUpdateDeepDirectoryStructureNoChange/remote/outputDir/inputDir/subDir4/subDir4, dataSize=0, replicationType=null, replicationFactor=null, keyLocationInfo=null} | ret=FAILURE
org.apache.hadoop.ozone.om.exceptions.OMException: Unable to get file status: volume: volume12942 bucket: bucket72990 key: test/ITestOzoneContractDistCp/testUpdateDeepDirectoryStructureNoChange/remote/outputDir/inputDir/subDir4/subDir4
	at org.apache.hadoop.ozone.om.KeyManagerImpl.getFileStatus(KeyManagerImpl.java:1784) ~[hadoop-ozone-ozone-manager-0.5.0-SNAPSHOT.jar:?]
	at org.apache.hadoop.ozone.om.OzoneManager.getFileStatus(OzoneManager.java:2762) ~[hadoop-ozone-ozone-manager-0.5.0-SNAPSHOT.jar:?]
	at org.apache.hadoop.ozone.protocolPB.OzoneManagerRequestHandler.getOzoneFileStatus(OzoneManagerRequestHandler.java:1053) ~[hadoop-ozone-ozone-manager-0.5.0-SNAPSHOT.jar:?]
	at org.apache.hadoop.ozone.protocolPB.OzoneManagerRequestHandler.handle(OzoneManagerRequestHandler.java:340) ~[hadoop-ozone-ozone-manager-0.5.0-SNAPSHOT.jar:?]
	at org.apache.hadoop.ozone.protocolPB.OzoneManagerProtocolServerSideTranslatorPB.submitRequestDirectlyToOM(OzoneManagerProtocolServerSideTranslatorPB.java:208) ~[hadoop-ozone-ozone-manager-0.5.0-SNAPSHOT.jar:?]
	at org.apache.hadoop.ozone.protocolPB.OzoneManagerProtocolServerSideTranslatorPB.processRequest(OzoneManagerProtocolServerSideTranslatorPB.java:132) ~[hadoop-ozone-ozone-manager-0.5.0-SNAPSHOT.jar:?]
	at org.apache.hadoop.hdds.server.OzoneProtocolMessageDispatcher.processRequest(OzoneProtocolMessageDispatcher.java:72) [hadoop-hdds-server-framework-0.5.0-SNAPSHOT.jar:?]
	at org.apache.hadoop.ozone.protocolPB.OzoneManagerProtocolServerSideTranslatorPB.submitRequest(OzoneManagerProtocolServerSideTranslatorPB.java:100) [hadoop-ozone-ozone-manager-0.5.0-SNAPSHOT.jar:?]
	at org.apache.hadoop.ozone.protocol.proto.OzoneManagerProtocolProtos$OzoneManagerService$2.callBlockingMethod(OzoneManagerProtocolProtos.java) [hadoop-ozone-common-0.5.0-SNAPSHOT.jar:?]
	at org.apache.hadoop.ipc.ProtobufRpcEngine$Server$ProtoBufRpcInvoker.call(ProtobufRpcEngine.java:524) [hadoop-common-3.2.0.jar:?]
	at org.apache.hadoop.ipc.RPC$Server.call(RPC.java:1025) [hadoop-common-3.2.0.jar:?]
	at org.apache.hadoop.ipc.Server$RpcCall.run(Server.java:876) [hadoop-common-3.2.0.jar:?]
	at org.apache.hadoop.ipc.Server$RpcCall.run(Server.java:822) [hadoop-common-3.2.0.jar:?]
	at java.security.AccessController.doPrivileged(Native Method) [?:1.8.0_222]
	at javax.security.auth.Subject.doAs(Subject.java:422) [?:1.8.0_222]
	at org.apache.hadoop.security.UserGroupInformation.doAs(UserGroupInformation.java:1730) [hadoop-common-3.2.0.jar:?]
	at org.apache.hadoop.ipc.Server$Handler.run(Server.java:2682) [hadoop-common-3.2.0.jar:?]
17:31:29.547 [IPC Server handler 7 on 37190] ERROR OMAudit - user=jenkins1000 | ip=127.0.0.1 | op=GET_FILE_STATUS {volume=volume12942, bucket=bucket72990, key=test/ITestOzoneContractDistCp/testUpdateDeepDirectoryStructureNoChange/remote/outputDir/inputDir/subDir4/subDir4/file5, dataSize=0, replicationType=null, replicationFactor=null, keyLocationInfo=null} | ret=FAILURE
org.apache.hadoop.ozone.om.exceptions.OMException: Unable to get file status: volume: volume12942 bucket: bucket72990 key: test/ITestOzoneContractDistCp/testUpdateDeepDirectoryStructureNoChange/remote/outputDir/inputDir/subDir4/subDir4/file5
	at org.apache.hadoop.ozone.om.KeyManagerImpl.getFileStatus(KeyManagerImpl.java:1784) ~[hadoop-ozone-ozone-manager-0.5.0-SNAPSHOT.jar:?]
	at org.apache.hadoop.ozone.om.OzoneManager.getFileStatus(OzoneManager.java:2762) ~[hadoop-ozone-ozone-manager-0.5.0-SNAPSHOT.jar:?]
	at org.apache.hadoop.ozone.protocolPB.OzoneManagerRequestHandler.getOzoneFileStatus(OzoneManagerRequestHandler.java:1053) ~[hadoop-ozone-ozone-manager-0.5.0-SNAPSHOT.jar:?]
	at org.apache.hadoop.ozone.protocolPB.OzoneManagerRequestHandler.handle(OzoneManagerRequestHandler.java:340) ~[hadoop-ozone-ozone-manager-0.5.0-SNAPSHOT.jar:?]
	at org.apache.hadoop.ozone.protocolPB.OzoneManagerProtocolServerSideTranslatorPB.submitRequestDirectlyToOM(OzoneManagerProtocolServerSideTranslatorPB.java:208) ~[hadoop-ozone-ozone-manager-0.5.0-SNAPSHOT.jar:?]
	at org.apache.hadoop.ozone.protocolPB.OzoneManagerProtocolServerSideTranslatorPB.processRequest(OzoneManagerProtocolServerSideTranslatorPB.java:132) ~[hadoop-ozone-ozone-manager-0.5.0-SNAPSHOT.jar:?]
	at org.apache.hadoop.hdds.server.OzoneProtocolMessageDispatcher.processRequest(OzoneProtocolMessageDispatcher.java:72) [hadoop-hdds-server-framework-0.5.0-SNAPSHOT.jar:?]
	at org.apache.hadoop.ozone.protocolPB.OzoneManagerProtocolServerSideTranslatorPB.submitRequest(OzoneManagerProtocolServerSideTranslatorPB.java:100) [hadoop-ozone-ozone-manager-0.5.0-SNAPSHOT.jar:?]
	at org.apache.hadoop.ozone.protocol.proto.OzoneManagerProtocolProtos$OzoneManagerService$2.callBlockingMethod(OzoneManagerProtocolProtos.java) [hadoop-ozone-common-0.5.0-SNAPSHOT.jar:?]
	at org.apache.hadoop.ipc.ProtobufRpcEngine$Server$ProtoBufRpcInvoker.call(ProtobufRpcEngine.java:524) [hadoop-common-3.2.0.jar:?]
	at org.apache.hadoop.ipc.RPC$Server.call(RPC.java:1025) [hadoop-common-3.2.0.jar:?]
	at org.apache.hadoop.ipc.Server$RpcCall.run(Server.java:876) [hadoop-common-3.2.0.jar:?]
	at org.apache.hadoop.ipc.Server$RpcCall.run(Server.java:822) [hadoop-common-3.2.0.jar:?]
	at java.security.AccessController.doPrivileged(Native Method) [?:1.8.0_222]
	at javax.security.auth.Subject.doAs(Subject.java:422) [?:1.8.0_222]
	at org.apache.hadoop.security.UserGroupInformation.doAs(UserGroupInformation.java:1730) [hadoop-common-3.2.0.jar:?]
	at org.apache.hadoop.ipc.Server$Handler.run(Server.java:2682) [hadoop-common-3.2.0.jar:?]
17:31:29.576 [IPC Server handler 16 on 37190] ERROR OMAudit - user=jenkins1000 | ip=127.0.0.1 | op=GET_FILE_STATUS {volume=volume12942, bucket=bucket72990, key=test/ITestOzoneContractDistCp/testUpdateDeepDirectoryStructureNoChange/remote/outputDir/.distcp.tmp.attempt_local1159078536_0001_m_000001_0, dataSize=0, replicationType=null, replicationFactor=null, keyLocationInfo=null} | ret=FAILURE
org.apache.hadoop.ozone.om.exceptions.OMException: Unable to get file status: volume: volume12942 bucket: bucket72990 key: test/ITestOzoneContractDistCp/testUpdateDeepDirectoryStructureNoChange/remote/outputDir/.distcp.tmp.attempt_local1159078536_0001_m_000001_0
	at org.apache.hadoop.ozone.om.KeyManagerImpl.getFileStatus(KeyManagerImpl.java:1784) ~[hadoop-ozone-ozone-manager-0.5.0-SNAPSHOT.jar:?]
	at org.apache.hadoop.ozone.om.OzoneManager.getFileStatus(OzoneManager.java:2762) ~[hadoop-ozone-ozone-manager-0.5.0-SNAPSHOT.jar:?]
	at org.apache.hadoop.ozone.protocolPB.OzoneManagerRequestHandler.getOzoneFileStatus(OzoneManagerRequestHandler.java:1053) ~[hadoop-ozone-ozone-manager-0.5.0-SNAPSHOT.jar:?]
	at org.apache.hadoop.ozone.protocolPB.OzoneManagerRequestHandler.handle(OzoneManagerRequestHandler.java:340) ~[hadoop-ozone-ozone-manager-0.5.0-SNAPSHOT.jar:?]
	at org.apache.hadoop.ozone.protocolPB.OzoneManagerProtocolServerSideTranslatorPB.submitRequestDirectlyToOM(OzoneManagerProtocolServerSideTranslatorPB.java:208) ~[hadoop-ozone-ozone-manager-0.5.0-SNAPSHOT.jar:?]
	at org.apache.hadoop.ozone.protocolPB.OzoneManagerProtocolServerSideTranslatorPB.processRequest(OzoneManagerProtocolServerSideTranslatorPB.java:132) ~[hadoop-ozone-ozone-manager-0.5.0-SNAPSHOT.jar:?]
	at org.apache.hadoop.hdds.server.OzoneProtocolMessageDispatcher.processRequest(OzoneProtocolMessageDispatcher.java:72) [hadoop-hdds-server-framework-0.5.0-SNAPSHOT.jar:?]
	at org.apache.hadoop.ozone.protocolPB.OzoneManagerProtocolServerSideTranslatorPB.submitRequest(OzoneManagerProtocolServerSideTranslatorPB.java:100) [hadoop-ozone-ozone-manager-0.5.0-SNAPSHOT.jar:?]
	at org.apache.hadoop.ozone.protocol.proto.OzoneManagerProtocolProtos$OzoneManagerService$2.callBlockingMethod(OzoneManagerProtocolProtos.java) [hadoop-ozone-common-0.5.0-SNAPSHOT.jar:?]
	at org.apache.hadoop.ipc.ProtobufRpcEngine$Server$ProtoBufRpcInvoker.call(ProtobufRpcEngine.java:524) [hadoop-common-3.2.0.jar:?]
	at org.apache.hadoop.ipc.RPC$Server.call(RPC.java:1025) [hadoop-common-3.2.0.jar:?]
	at org.apache.hadoop.ipc.Server$RpcCall.run(Server.java:876) [hadoop-common-3.2.0.jar:?]
	at org.apache.hadoop.ipc.Server$RpcCall.run(Server.java:822) [hadoop-common-3.2.0.jar:?]
	at java.security.AccessController.doPrivileged(Native Method) [?:1.8.0_222]
	at javax.security.auth.Subject.doAs(Subject.java:422) [?:1.8.0_222]
	at org.apache.hadoop.security.UserGroupInformation.doAs(UserGroupInformation.java:1730) [hadoop-common-3.2.0.jar:?]
	at org.apache.hadoop.ipc.Server$Handler.run(Server.java:2682) [hadoop-common-3.2.0.jar:?]
2019-11-05 17:31:29,577 [LocalJobRunner Map Task Executor #0] WARN  ozone.BasicOzoneFileSystem (BasicOzoneFileSystem.java:delete(444)) - delete: Path does not exist: o3fs://bucket72990.volume12942/test/ITestOzoneContractDistCp/testUpdateDeepDirectoryStructureNoChange/remote/outputDir/.distcp.tmp.attempt_local1159078536_0001_m_000001_0
2019-11-05 17:31:29,579 [LocalJobRunner Map Task Executor #0] INFO  mapred.LocalJobRunner (LocalJobRunner.java:statusUpdate(634)) - 
2019-11-05 17:31:29,579 [LocalJobRunner Map Task Executor #0] INFO  mapred.Task (Task.java:done(1244)) - Task:attempt_local1159078536_0001_m_000001_0 is done. And is in the process of committing
2019-11-05 17:31:29,580 [LocalJobRunner Map Task Executor #0] INFO  mapred.LocalJobRunner (LocalJobRunner.java:statusUpdate(634)) - 
2019-11-05 17:31:29,580 [LocalJobRunner Map Task Executor #0] INFO  mapred.Task (Task.java:commit(1421)) - Task attempt_local1159078536_0001_m_000001_0 is allowed to commit now
2019-11-05 17:31:29,582 [LocalJobRunner Map Task Executor #0] INFO  output.FileOutputCommitter (FileOutputCommitter.java:commitTask(598)) - Saved output of task 'attempt_local1159078536_0001_m_000001_0' to file:/tmp/hadoop/mapred/staging/jenkins10001796015185/.staging/_distcp374297365/_logs
2019-11-05 17:31:29,584 [LocalJobRunner Map Task Executor #0] INFO  mapred.LocalJobRunner (LocalJobRunner.java:statusUpdate(634)) - 100.0% Copying file:/workdir/hadoop-ozone/ozonefs/target/test-dir/ITestOzoneContractDistCp/testUpdateDeepDirectoryStructureNoChange/local/inputDir/subDir4/subDir4/file5 to o3fs://bucket72990.volume12942/test/ITestOzoneContractDistCp/testUpdateDeepDirectoryStructureNoChange/remote/outputDir/inputDir/subDir4/subDir4/file5 [500.0B/500.0B]
2019-11-05 17:31:29,584 [LocalJobRunner Map Task Executor #0] INFO  mapred.Task (Task.java:sendDone(1380)) - Task 'attempt_local1159078536_0001_m_000001_0' done.
2019-11-05 17:31:29,585 [LocalJobRunner Map Task Executor #0] INFO  mapred.Task (Task.java:done(1276)) - Final Counters for attempt_local1159078536_0001_m_000001_0: Counters: 24
	File System Counters
		FILE: Number of bytes read=209883
		FILE: Number of bytes written=822854
		FILE: Number of read operations=0
		FILE: Number of large read operations=0
		FILE: Number of write operations=0
		O3FS: Number of bytes read=0
		O3FS: Number of bytes written=500
		O3FS: Number of read operations=16
		O3FS: Number of large read operations=0
		O3FS: Number of write operations=4
	Map-Reduce Framework
		Map input records=1
		Map output records=0
		Input split bytes=157
		Spilled Records=0
		Failed Shuffles=0
		Merged Map outputs=0
		GC time elapsed (ms)=0
		Total committed heap usage (bytes)=2058354688
	File Input Format Counters 
		Bytes Read=3157
	File Output Format Counters 
		Bytes Written=8
	DistCp Counters
		Bandwidth in Btyes=166
		Bytes Copied=500
		Bytes Expected=500
		Files Copied=1
2019-11-05 17:31:29,585 [LocalJobRunner Map Task Executor #0] INFO  mapred.LocalJobRunner (LocalJobRunner.java:run(277)) - Finishing task: attempt_local1159078536_0001_m_000001_0
2019-11-05 17:31:29,585 [LocalJobRunner Map Task Executor #0] INFO  mapred.LocalJobRunner (LocalJobRunner.java:run(252)) - Starting task: attempt_local1159078536_0001_m_000002_0
2019-11-05 17:31:29,586 [LocalJobRunner Map Task Executor #0] INFO  output.FileOutputCommitter (FileOutputCommitter.java:<init>(140)) - File Output Committer Algorithm version is 2
2019-11-05 17:31:29,586 [LocalJobRunner Map Task Executor #0] INFO  output.FileOutputCommitter (FileOutputCommitter.java:<init>(155)) - FileOutputCommitter skip cleanup _temporary folders under output directory:false, ignore cleanup failures: false
2019-11-05 17:31:29,587 [LocalJobRunner Map Task Executor #0] INFO  mapred.Task (Task.java:initialize(626)) -  Using ResourceCalculatorProcessTree : [ ]
2019-11-05 17:31:29,590 [LocalJobRunner Map Task Executor #0] INFO  mapred.MapTask (MapTask.java:runNewMapper(768)) - Processing split: file:/tmp/hadoop/mapred/staging/jenkins10001796015185/.staging/_distcp374297365/fileList.seq:1427+293
2019-11-05 17:31:29,591 [LocalJobRunner Map Task Executor #0] INFO  output.FileOutputCommitter (FileOutputCommitter.java:<init>(140)) - File Output Committer Algorithm version is 2
2019-11-05 17:31:29,591 [LocalJobRunner Map Task Executor #0] INFO  output.FileOutputCommitter (FileOutputCommitter.java:<init>(155)) - FileOutputCommitter skip cleanup _temporary folders under output directory:false, ignore cleanup failures: false
2019-11-05 17:31:29,672 [LocalJobRunner Map Task Executor #0] INFO  mapred.CopyMapper (CopyMapper.java:map(154)) - Copying file:/workdir/hadoop-ozone/ozonefs/target/test-dir/ITestOzoneContractDistCp/testUpdateDeepDirectoryStructureNoChange/local/inputDir/subDir4/subDir4/file4 to o3fs://bucket72990.volume12942/test/ITestOzoneContractDistCp/testUpdateDeepDirectoryStructureNoChange/remote/outputDir/inputDir/subDir4/subDir4/file4
17:31:29.699 [IPC Server handler 0 on 37190] ERROR OMAudit - user=jenkins1000 | ip=127.0.0.1 | op=GET_FILE_STATUS {volume=volume12942, bucket=bucket72990, key=test/ITestOzoneContractDistCp/testUpdateDeepDirectoryStructureNoChange/remote/outputDir/inputDir/subDir4/subDir4/file4, dataSize=0, replicationType=null, replicationFactor=null, keyLocationInfo=null} | ret=FAILURE
org.apache.hadoop.ozone.om.exceptions.OMException: Unable to get file status: volume: volume12942 bucket: bucket72990 key: test/ITestOzoneContractDistCp/testUpdateDeepDirectoryStructureNoChange/remote/outputDir/inputDir/subDir4/subDir4/file4
	at org.apache.hadoop.ozone.om.KeyManagerImpl.getFileStatus(KeyManagerImpl.java:1784) ~[hadoop-ozone-ozone-manager-0.5.0-SNAPSHOT.jar:?]
	at org.apache.hadoop.ozone.om.OzoneManager.getFileStatus(OzoneManager.java:2762) ~[hadoop-ozone-ozone-manager-0.5.0-SNAPSHOT.jar:?]
	at org.apache.hadoop.ozone.protocolPB.OzoneManagerRequestHandler.getOzoneFileStatus(OzoneManagerRequestHandler.java:1053) ~[hadoop-ozone-ozone-manager-0.5.0-SNAPSHOT.jar:?]
	at org.apache.hadoop.ozone.protocolPB.OzoneManagerRequestHandler.handle(OzoneManagerRequestHandler.java:340) ~[hadoop-ozone-ozone-manager-0.5.0-SNAPSHOT.jar:?]
	at org.apache.hadoop.ozone.protocolPB.OzoneManagerProtocolServerSideTranslatorPB.submitRequestDirectlyToOM(OzoneManagerProtocolServerSideTranslatorPB.java:208) ~[hadoop-ozone-ozone-manager-0.5.0-SNAPSHOT.jar:?]
	at org.apache.hadoop.ozone.protocolPB.OzoneManagerProtocolServerSideTranslatorPB.processRequest(OzoneManagerProtocolServerSideTranslatorPB.java:132) ~[hadoop-ozone-ozone-manager-0.5.0-SNAPSHOT.jar:?]
	at org.apache.hadoop.hdds.server.OzoneProtocolMessageDispatcher.processRequest(OzoneProtocolMessageDispatcher.java:72) [hadoop-hdds-server-framework-0.5.0-SNAPSHOT.jar:?]
	at org.apache.hadoop.ozone.protocolPB.OzoneManagerProtocolServerSideTranslatorPB.submitRequest(OzoneManagerProtocolServerSideTranslatorPB.java:100) [hadoop-ozone-ozone-manager-0.5.0-SNAPSHOT.jar:?]
	at org.apache.hadoop.ozone.protocol.proto.OzoneManagerProtocolProtos$OzoneManagerService$2.callBlockingMethod(OzoneManagerProtocolProtos.java) [hadoop-ozone-common-0.5.0-SNAPSHOT.jar:?]
	at org.apache.hadoop.ipc.ProtobufRpcEngine$Server$ProtoBufRpcInvoker.call(ProtobufRpcEngine.java:524) [hadoop-common-3.2.0.jar:?]
	at org.apache.hadoop.ipc.RPC$Server.call(RPC.java:1025) [hadoop-common-3.2.0.jar:?]
	at org.apache.hadoop.ipc.Server$RpcCall.run(Server.java:876) [hadoop-common-3.2.0.jar:?]
	at org.apache.hadoop.ipc.Server$RpcCall.run(Server.java:822) [hadoop-common-3.2.0.jar:?]
	at java.security.AccessController.doPrivileged(Native Method) [?:1.8.0_222]
	at javax.security.auth.Subject.doAs(Subject.java:422) [?:1.8.0_222]
	at org.apache.hadoop.security.UserGroupInformation.doAs(UserGroupInformation.java:1730) [hadoop-common-3.2.0.jar:?]
	at org.apache.hadoop.ipc.Server$Handler.run(Server.java:2682) [hadoop-common-3.2.0.jar:?]
2019-11-05 17:31:29,700 [LocalJobRunner Map Task Executor #0] INFO  mapred.RetriableFileCopyCommand (RetriableFileCopyCommand.java:getTmpFile(260)) - Creating temp file: o3fs://bucket72990.volume12942/test/ITestOzoneContractDistCp/testUpdateDeepDirectoryStructureNoChange/remote/outputDir/.distcp.tmp.attempt_local1159078536_0001_m_000002_0
17:31:29.980 [IPC Server handler 6 on 37190] ERROR OMAudit - user=jenkins1000 | ip=127.0.0.1 | op=GET_FILE_STATUS {volume=volume12942, bucket=bucket72990, key=test/ITestOzoneContractDistCp/testUpdateDeepDirectoryStructureNoChange/remote/outputDir/inputDir/subDir4/subDir4/file4, dataSize=0, replicationType=null, replicationFactor=null, keyLocationInfo=null} | ret=FAILURE
org.apache.hadoop.ozone.om.exceptions.OMException: Unable to get file status: volume: volume12942 bucket: bucket72990 key: test/ITestOzoneContractDistCp/testUpdateDeepDirectoryStructureNoChange/remote/outputDir/inputDir/subDir4/subDir4/file4
	at org.apache.hadoop.ozone.om.KeyManagerImpl.getFileStatus(KeyManagerImpl.java:1784) ~[hadoop-ozone-ozone-manager-0.5.0-SNAPSHOT.jar:?]
	at org.apache.hadoop.ozone.om.OzoneManager.getFileStatus(OzoneManager.java:2762) ~[hadoop-ozone-ozone-manager-0.5.0-SNAPSHOT.jar:?]
	at org.apache.hadoop.ozone.protocolPB.OzoneManagerRequestHandler.getOzoneFileStatus(OzoneManagerRequestHandler.java:1053) ~[hadoop-ozone-ozone-manager-0.5.0-SNAPSHOT.jar:?]
	at org.apache.hadoop.ozone.protocolPB.OzoneManagerRequestHandler.handle(OzoneManagerRequestHandler.java:340) ~[hadoop-ozone-ozone-manager-0.5.0-SNAPSHOT.jar:?]
	at org.apache.hadoop.ozone.protocolPB.OzoneManagerProtocolServerSideTranslatorPB.submitRequestDirectlyToOM(OzoneManagerProtocolServerSideTranslatorPB.java:208) ~[hadoop-ozone-ozone-manager-0.5.0-SNAPSHOT.jar:?]
	at org.apache.hadoop.ozone.protocolPB.OzoneManagerProtocolServerSideTranslatorPB.processRequest(OzoneManagerProtocolServerSideTranslatorPB.java:132) ~[hadoop-ozone-ozone-manager-0.5.0-SNAPSHOT.jar:?]
	at org.apache.hadoop.hdds.server.OzoneProtocolMessageDispatcher.processRequest(OzoneProtocolMessageDispatcher.java:72) [hadoop-hdds-server-framework-0.5.0-SNAPSHOT.jar:?]
	at org.apache.hadoop.ozone.protocolPB.OzoneManagerProtocolServerSideTranslatorPB.submitRequest(OzoneManagerProtocolServerSideTranslatorPB.java:100) [hadoop-ozone-ozone-manager-0.5.0-SNAPSHOT.jar:?]
	at org.apache.hadoop.ozone.protocol.proto.OzoneManagerProtocolProtos$OzoneManagerService$2.callBlockingMethod(OzoneManagerProtocolProtos.java) [hadoop-ozone-common-0.5.0-SNAPSHOT.jar:?]
	at org.apache.hadoop.ipc.ProtobufRpcEngine$Server$ProtoBufRpcInvoker.call(ProtobufRpcEngine.java:524) [hadoop-common-3.2.0.jar:?]
	at org.apache.hadoop.ipc.RPC$Server.call(RPC.java:1025) [hadoop-common-3.2.0.jar:?]
	at org.apache.hadoop.ipc.Server$RpcCall.run(Server.java:876) [hadoop-common-3.2.0.jar:?]
	at org.apache.hadoop.ipc.Server$RpcCall.run(Server.java:822) [hadoop-common-3.2.0.jar:?]
	at java.security.AccessController.doPrivileged(Native Method) [?:1.8.0_222]
	at javax.security.auth.Subject.doAs(Subject.java:422) [?:1.8.0_222]
	at org.apache.hadoop.security.UserGroupInformation.doAs(UserGroupInformation.java:1730) [hadoop-common-3.2.0.jar:?]
	at org.apache.hadoop.ipc.Server$Handler.run(Server.java:2682) [hadoop-common-3.2.0.jar:?]
17:31:29.987 [IPC Server handler 11 on 37190] ERROR OMAudit - user=jenkins1000 | ip=127.0.0.1 | op=GET_FILE_STATUS {volume=volume12942, bucket=bucket72990, key=test/ITestOzoneContractDistCp/testUpdateDeepDirectoryStructureNoChange/remote/outputDir/inputDir/subDir4/subDir4/file4, dataSize=0, replicationType=null, replicationFactor=null, keyLocationInfo=null} | ret=FAILURE
org.apache.hadoop.ozone.om.exceptions.OMException: Unable to get file status: volume: volume12942 bucket: bucket72990 key: test/ITestOzoneContractDistCp/testUpdateDeepDirectoryStructureNoChange/remote/outputDir/inputDir/subDir4/subDir4/file4
	at org.apache.hadoop.ozone.om.KeyManagerImpl.getFileStatus(KeyManagerImpl.java:1784) ~[hadoop-ozone-ozone-manager-0.5.0-SNAPSHOT.jar:?]
	at org.apache.hadoop.ozone.om.OzoneManager.getFileStatus(OzoneManager.java:2762) ~[hadoop-ozone-ozone-manager-0.5.0-SNAPSHOT.jar:?]
	at org.apache.hadoop.ozone.protocolPB.OzoneManagerRequestHandler.getOzoneFileStatus(OzoneManagerRequestHandler.java:1053) ~[hadoop-ozone-ozone-manager-0.5.0-SNAPSHOT.jar:?]
	at org.apache.hadoop.ozone.protocolPB.OzoneManagerRequestHandler.handle(OzoneManagerRequestHandler.java:340) ~[hadoop-ozone-ozone-manager-0.5.0-SNAPSHOT.jar:?]
	at org.apache.hadoop.ozone.protocolPB.OzoneManagerProtocolServerSideTranslatorPB.submitRequestDirectlyToOM(OzoneManagerProtocolServerSideTranslatorPB.java:208) ~[hadoop-ozone-ozone-manager-0.5.0-SNAPSHOT.jar:?]
	at org.apache.hadoop.ozone.protocolPB.OzoneManagerProtocolServerSideTranslatorPB.processRequest(OzoneManagerProtocolServerSideTranslatorPB.java:132) ~[hadoop-ozone-ozone-manager-0.5.0-SNAPSHOT.jar:?]
	at org.apache.hadoop.hdds.server.OzoneProtocolMessageDispatcher.processRequest(OzoneProtocolMessageDispatcher.java:72) [hadoop-hdds-server-framework-0.5.0-SNAPSHOT.jar:?]
	at org.apache.hadoop.ozone.protocolPB.OzoneManagerProtocolServerSideTranslatorPB.submitRequest(OzoneManagerProtocolServerSideTranslatorPB.java:100) [hadoop-ozone-ozone-manager-0.5.0-SNAPSHOT.jar:?]
	at org.apache.hadoop.ozone.protocol.proto.OzoneManagerProtocolProtos$OzoneManagerService$2.callBlockingMethod(OzoneManagerProtocolProtos.java) [hadoop-ozone-common-0.5.0-SNAPSHOT.jar:?]
	at org.apache.hadoop.ipc.ProtobufRpcEngine$Server$ProtoBufRpcInvoker.call(ProtobufRpcEngine.java:524) [hadoop-common-3.2.0.jar:?]
	at org.apache.hadoop.ipc.RPC$Server.call(RPC.java:1025) [hadoop-common-3.2.0.jar:?]
	at org.apache.hadoop.ipc.Server$RpcCall.run(Server.java:876) [hadoop-common-3.2.0.jar:?]
	at org.apache.hadoop.ipc.Server$RpcCall.run(Server.java:822) [hadoop-common-3.2.0.jar:?]
	at java.security.AccessController.doPrivileged(Native Method) [?:1.8.0_222]
	at javax.security.auth.Subject.doAs(Subject.java:422) [?:1.8.0_222]
	at org.apache.hadoop.security.UserGroupInformation.doAs(UserGroupInformation.java:1730) [hadoop-common-3.2.0.jar:?]
	at org.apache.hadoop.ipc.Server$Handler.run(Server.java:2682) [hadoop-common-3.2.0.jar:?]
17:31:30.020 [IPC Server handler 7 on 37190] ERROR OMAudit - user=jenkins1000 | ip=127.0.0.1 | op=GET_FILE_STATUS {volume=volume12942, bucket=bucket72990, key=test/ITestOzoneContractDistCp/testUpdateDeepDirectoryStructureNoChange/remote/outputDir/.distcp.tmp.attempt_local1159078536_0001_m_000002_0, dataSize=0, replicationType=null, replicationFactor=null, keyLocationInfo=null} | ret=FAILURE
org.apache.hadoop.ozone.om.exceptions.OMException: Unable to get file status: volume: volume12942 bucket: bucket72990 key: test/ITestOzoneContractDistCp/testUpdateDeepDirectoryStructureNoChange/remote/outputDir/.distcp.tmp.attempt_local1159078536_0001_m_000002_0
	at org.apache.hadoop.ozone.om.KeyManagerImpl.getFileStatus(KeyManagerImpl.java:1784) ~[hadoop-ozone-ozone-manager-0.5.0-SNAPSHOT.jar:?]
	at org.apache.hadoop.ozone.om.OzoneManager.getFileStatus(OzoneManager.java:2762) ~[hadoop-ozone-ozone-manager-0.5.0-SNAPSHOT.jar:?]
	at org.apache.hadoop.ozone.protocolPB.OzoneManagerRequestHandler.getOzoneFileStatus(OzoneManagerRequestHandler.java:1053) ~[hadoop-ozone-ozone-manager-0.5.0-SNAPSHOT.jar:?]
	at org.apache.hadoop.ozone.protocolPB.OzoneManagerRequestHandler.handle(OzoneManagerRequestHandler.java:340) ~[hadoop-ozone-ozone-manager-0.5.0-SNAPSHOT.jar:?]
	at org.apache.hadoop.ozone.protocolPB.OzoneManagerProtocolServerSideTranslatorPB.submitRequestDirectlyToOM(OzoneManagerProtocolServerSideTranslatorPB.java:208) ~[hadoop-ozone-ozone-manager-0.5.0-SNAPSHOT.jar:?]
	at org.apache.hadoop.ozone.protocolPB.OzoneManagerProtocolServerSideTranslatorPB.processRequest(OzoneManagerProtocolServerSideTranslatorPB.java:132) ~[hadoop-ozone-ozone-manager-0.5.0-SNAPSHOT.jar:?]
	at org.apache.hadoop.hdds.server.OzoneProtocolMessageDispatcher.processRequest(OzoneProtocolMessageDispatcher.java:72) [hadoop-hdds-server-framework-0.5.0-SNAPSHOT.jar:?]
	at org.apache.hadoop.ozone.protocolPB.OzoneManagerProtocolServerSideTranslatorPB.submitRequest(OzoneManagerProtocolServerSideTranslatorPB.java:100) [hadoop-ozone-ozone-manager-0.5.0-SNAPSHOT.jar:?]
	at org.apache.hadoop.ozone.protocol.proto.OzoneManagerProtocolProtos$OzoneManagerService$2.callBlockingMethod(OzoneManagerProtocolProtos.java) [hadoop-ozone-common-0.5.0-SNAPSHOT.jar:?]
	at org.apache.hadoop.ipc.ProtobufRpcEngine$Server$ProtoBufRpcInvoker.call(ProtobufRpcEngine.java:524) [hadoop-common-3.2.0.jar:?]
	at org.apache.hadoop.ipc.RPC$Server.call(RPC.java:1025) [hadoop-common-3.2.0.jar:?]
	at org.apache.hadoop.ipc.Server$RpcCall.run(Server.java:876) [hadoop-common-3.2.0.jar:?]
	at org.apache.hadoop.ipc.Server$RpcCall.run(Server.java:822) [hadoop-common-3.2.0.jar:?]
	at java.security.AccessController.doPrivileged(Native Method) [?:1.8.0_222]
	at javax.security.auth.Subject.doAs(Subject.java:422) [?:1.8.0_222]
	at org.apache.hadoop.security.UserGroupInformation.doAs(UserGroupInformation.java:1730) [hadoop-common-3.2.0.jar:?]
	at org.apache.hadoop.ipc.Server$Handler.run(Server.java:2682) [hadoop-common-3.2.0.jar:?]
2019-11-05 17:31:30,020 [LocalJobRunner Map Task Executor #0] WARN  ozone.BasicOzoneFileSystem (BasicOzoneFileSystem.java:delete(444)) - delete: Path does not exist: o3fs://bucket72990.volume12942/test/ITestOzoneContractDistCp/testUpdateDeepDirectoryStructureNoChange/remote/outputDir/.distcp.tmp.attempt_local1159078536_0001_m_000002_0
2019-11-05 17:31:30,022 [LocalJobRunner Map Task Executor #0] INFO  mapred.LocalJobRunner (LocalJobRunner.java:statusUpdate(634)) - 
2019-11-05 17:31:30,022 [LocalJobRunner Map Task Executor #0] INFO  mapred.Task (Task.java:done(1244)) - Task:attempt_local1159078536_0001_m_000002_0 is done. And is in the process of committing
2019-11-05 17:31:30,023 [LocalJobRunner Map Task Executor #0] INFO  mapred.LocalJobRunner (LocalJobRunner.java:statusUpdate(634)) - 
2019-11-05 17:31:30,023 [LocalJobRunner Map Task Executor #0] INFO  mapred.Task (Task.java:commit(1421)) - Task attempt_local1159078536_0001_m_000002_0 is allowed to commit now
2019-11-05 17:31:30,025 [LocalJobRunner Map Task Executor #0] INFO  output.FileOutputCommitter (FileOutputCommitter.java:commitTask(598)) - Saved output of task 'attempt_local1159078536_0001_m_000002_0' to file:/tmp/hadoop/mapred/staging/jenkins10001796015185/.staging/_distcp374297365/_logs
2019-11-05 17:31:30,025 [LocalJobRunner Map Task Executor #0] INFO  mapred.LocalJobRunner (LocalJobRunner.java:statusUpdate(634)) - 100.0% Copying file:/workdir/hadoop-ozone/ozonefs/target/test-dir/ITestOzoneContractDistCp/testUpdateDeepDirectoryStructureNoChange/local/inputDir/subDir4/subDir4/file4 to o3fs://bucket72990.volume12942/test/ITestOzoneContractDistCp/testUpdateDeepDirectoryStructureNoChange/remote/outputDir/inputDir/subDir4/subDir4/file4 [400.0B/400.0B]
2019-11-05 17:31:30,026 [LocalJobRunner Map Task Executor #0] INFO  mapred.Task (Task.java:sendDone(1380)) - Task 'attempt_local1159078536_0001_m_000002_0' done.
2019-11-05 17:31:30,026 [LocalJobRunner Map Task Executor #0] INFO  mapred.Task (Task.java:done(1276)) - Final Counters for attempt_local1159078536_0001_m_000002_0: Counters: 24
	File System Counters
		FILE: Number of bytes read=215214
		FILE: Number of bytes written=822862
		FILE: Number of read operations=0
		FILE: Number of large read operations=0
		FILE: Number of write operations=0
		O3FS: Number of bytes read=0
		O3FS: Number of bytes written=900
		O3FS: Number of read operations=26
		O3FS: Number of large read operations=0
		O3FS: Number of write operations=7
	Map-Reduce Framework
		Map input records=1
		Map output records=0
		Input split bytes=157
		Spilled Records=0
		Failed Shuffles=0
		Merged Map outputs=0
		GC time elapsed (ms)=0
		Total committed heap usage (bytes)=2058354688
	File Input Format Counters 
		Bytes Read=3157
	File Output Format Counters 
		Bytes Written=8
	DistCp Counters
		Bandwidth in Btyes=400
		Bytes Copied=400
		Bytes Expected=400
		Files Copied=1
2019-11-05 17:31:30,027 [LocalJobRunner Map Task Executor #0] INFO  mapred.LocalJobRunner (LocalJobRunner.java:run(277)) - Finishing task: attempt_local1159078536_0001_m_000002_0
2019-11-05 17:31:30,027 [LocalJobRunner Map Task Executor #0] INFO  mapred.LocalJobRunner (LocalJobRunner.java:run(252)) - Starting task: attempt_local1159078536_0001_m_000003_0
2019-11-05 17:31:30,028 [LocalJobRunner Map Task Executor #0] INFO  output.FileOutputCommitter (FileOutputCommitter.java:<init>(140)) - File Output Committer Algorithm version is 2
2019-11-05 17:31:30,028 [LocalJobRunner Map Task Executor #0] INFO  output.FileOutputCommitter (FileOutputCommitter.java:<init>(155)) - FileOutputCommitter skip cleanup _temporary folders under output directory:false, ignore cleanup failures: false
2019-11-05 17:31:30,028 [LocalJobRunner Map Task Executor #0] INFO  mapred.Task (Task.java:initialize(626)) -  Using ResourceCalculatorProcessTree : [ ]
2019-11-05 17:31:30,032 [LocalJobRunner Map Task Executor #0] INFO  mapred.MapTask (MapTask.java:runNewMapper(768)) - Processing split: file:/tmp/hadoop/mapred/staging/jenkins10001796015185/.staging/_distcp374297365/fileList.seq:2543+293
2019-11-05 17:31:30,032 [LocalJobRunner Map Task Executor #0] INFO  output.FileOutputCommitter (FileOutputCommitter.java:<init>(140)) - File Output Committer Algorithm version is 2
2019-11-05 17:31:30,033 [LocalJobRunner Map Task Executor #0] INFO  output.FileOutputCommitter (FileOutputCommitter.java:<init>(155)) - FileOutputCommitter skip cleanup _temporary folders under output directory:false, ignore cleanup failures: false
2019-11-05 17:31:30,123 [LocalJobRunner Map Task Executor #0] INFO  mapred.CopyMapper (CopyMapper.java:map(154)) - Copying file:/workdir/hadoop-ozone/ozonefs/target/test-dir/ITestOzoneContractDistCp/testUpdateDeepDirectoryStructureNoChange/local/inputDir/subDir2/subDir2/file3 to o3fs://bucket72990.volume12942/test/ITestOzoneContractDistCp/testUpdateDeepDirectoryStructureNoChange/remote/outputDir/inputDir/subDir2/subDir2/file3
17:31:30.129 [IPC Server handler 17 on 37190] ERROR OMAudit - user=jenkins1000 | ip=127.0.0.1 | op=GET_FILE_STATUS {volume=volume12942, bucket=bucket72990, key=test/ITestOzoneContractDistCp/testUpdateDeepDirectoryStructureNoChange/remote/outputDir/inputDir/subDir2/subDir2/file3, dataSize=0, replicationType=null, replicationFactor=null, keyLocationInfo=null} | ret=FAILURE
org.apache.hadoop.ozone.om.exceptions.OMException: Unable to get file status: volume: volume12942 bucket: bucket72990 key: test/ITestOzoneContractDistCp/testUpdateDeepDirectoryStructureNoChange/remote/outputDir/inputDir/subDir2/subDir2/file3
	at org.apache.hadoop.ozone.om.KeyManagerImpl.getFileStatus(KeyManagerImpl.java:1784) ~[hadoop-ozone-ozone-manager-0.5.0-SNAPSHOT.jar:?]
	at org.apache.hadoop.ozone.om.OzoneManager.getFileStatus(OzoneManager.java:2762) ~[hadoop-ozone-ozone-manager-0.5.0-SNAPSHOT.jar:?]
	at org.apache.hadoop.ozone.protocolPB.OzoneManagerRequestHandler.getOzoneFileStatus(OzoneManagerRequestHandler.java:1053) ~[hadoop-ozone-ozone-manager-0.5.0-SNAPSHOT.jar:?]
	at org.apache.hadoop.ozone.protocolPB.OzoneManagerRequestHandler.handle(OzoneManagerRequestHandler.java:340) ~[hadoop-ozone-ozone-manager-0.5.0-SNAPSHOT.jar:?]
	at org.apache.hadoop.ozone.protocolPB.OzoneManagerProtocolServerSideTranslatorPB.submitRequestDirectlyToOM(OzoneManagerProtocolServerSideTranslatorPB.java:208) ~[hadoop-ozone-ozone-manager-0.5.0-SNAPSHOT.jar:?]
	at org.apache.hadoop.ozone.protocolPB.OzoneManagerProtocolServerSideTranslatorPB.processRequest(OzoneManagerProtocolServerSideTranslatorPB.java:132) ~[hadoop-ozone-ozone-manager-0.5.0-SNAPSHOT.jar:?]
	at org.apache.hadoop.hdds.server.OzoneProtocolMessageDispatcher.processRequest(OzoneProtocolMessageDispatcher.java:72) [hadoop-hdds-server-framework-0.5.0-SNAPSHOT.jar:?]
	at org.apache.hadoop.ozone.protocolPB.OzoneManagerProtocolServerSideTranslatorPB.submitRequest(OzoneManagerProtocolServerSideTranslatorPB.java:100) [hadoop-ozone-ozone-manager-0.5.0-SNAPSHOT.jar:?]
	at org.apache.hadoop.ozone.protocol.proto.OzoneManagerProtocolProtos$OzoneManagerService$2.callBlockingMethod(OzoneManagerProtocolProtos.java) [hadoop-ozone-common-0.5.0-SNAPSHOT.jar:?]
	at org.apache.hadoop.ipc.ProtobufRpcEngine$Server$ProtoBufRpcInvoker.call(ProtobufRpcEngine.java:524) [hadoop-common-3.2.0.jar:?]
	at org.apache.hadoop.ipc.RPC$Server.call(RPC.java:1025) [hadoop-common-3.2.0.jar:?]
	at org.apache.hadoop.ipc.Server$RpcCall.run(Server.java:876) [hadoop-common-3.2.0.jar:?]
	at org.apache.hadoop.ipc.Server$RpcCall.run(Server.java:822) [hadoop-common-3.2.0.jar:?]
	at java.security.AccessController.doPrivileged(Native Method) [?:1.8.0_222]
	at javax.security.auth.Subject.doAs(Subject.java:422) [?:1.8.0_222]
	at org.apache.hadoop.security.UserGroupInformation.doAs(UserGroupInformation.java:1730) [hadoop-common-3.2.0.jar:?]
	at org.apache.hadoop.ipc.Server$Handler.run(Server.java:2682) [hadoop-common-3.2.0.jar:?]
2019-11-05 17:31:30,130 [LocalJobRunner Map Task Executor #0] INFO  mapred.RetriableFileCopyCommand (RetriableFileCopyCommand.java:getTmpFile(260)) - Creating temp file: o3fs://bucket72990.volume12942/test/ITestOzoneContractDistCp/testUpdateDeepDirectoryStructureNoChange/remote/outputDir/.distcp.tmp.attempt_local1159078536_0001_m_000003_0
17:31:30.449 [IPC Server handler 18 on 37190] ERROR OMAudit - user=jenkins1000 | ip=127.0.0.1 | op=GET_FILE_STATUS {volume=volume12942, bucket=bucket72990, key=test/ITestOzoneContractDistCp/testUpdateDeepDirectoryStructureNoChange/remote/outputDir/inputDir/subDir2/subDir2/file3, dataSize=0, replicationType=null, replicationFactor=null, keyLocationInfo=null} | ret=FAILURE
org.apache.hadoop.ozone.om.exceptions.OMException: Unable to get file status: volume: volume12942 bucket: bucket72990 key: test/ITestOzoneContractDistCp/testUpdateDeepDirectoryStructureNoChange/remote/outputDir/inputDir/subDir2/subDir2/file3
	at org.apache.hadoop.ozone.om.KeyManagerImpl.getFileStatus(KeyManagerImpl.java:1784) ~[hadoop-ozone-ozone-manager-0.5.0-SNAPSHOT.jar:?]
	at org.apache.hadoop.ozone.om.OzoneManager.getFileStatus(OzoneManager.java:2762) ~[hadoop-ozone-ozone-manager-0.5.0-SNAPSHOT.jar:?]
	at org.apache.hadoop.ozone.protocolPB.OzoneManagerRequestHandler.getOzoneFileStatus(OzoneManagerRequestHandler.java:1053) ~[hadoop-ozone-ozone-manager-0.5.0-SNAPSHOT.jar:?]
	at org.apache.hadoop.ozone.protocolPB.OzoneManagerRequestHandler.handle(OzoneManagerRequestHandler.java:340) ~[hadoop-ozone-ozone-manager-0.5.0-SNAPSHOT.jar:?]
	at org.apache.hadoop.ozone.protocolPB.OzoneManagerProtocolServerSideTranslatorPB.submitRequestDirectlyToOM(OzoneManagerProtocolServerSideTranslatorPB.java:208) ~[hadoop-ozone-ozone-manager-0.5.0-SNAPSHOT.jar:?]
	at org.apache.hadoop.ozone.protocolPB.OzoneManagerProtocolServerSideTranslatorPB.processRequest(OzoneManagerProtocolServerSideTranslatorPB.java:132) ~[hadoop-ozone-ozone-manager-0.5.0-SNAPSHOT.jar:?]
	at org.apache.hadoop.hdds.server.OzoneProtocolMessageDispatcher.processRequest(OzoneProtocolMessageDispatcher.java:72) [hadoop-hdds-server-framework-0.5.0-SNAPSHOT.jar:?]
	at org.apache.hadoop.ozone.protocolPB.OzoneManagerProtocolServerSideTranslatorPB.submitRequest(OzoneManagerProtocolServerSideTranslatorPB.java:100) [hadoop-ozone-ozone-manager-0.5.0-SNAPSHOT.jar:?]
	at org.apache.hadoop.ozone.protocol.proto.OzoneManagerProtocolProtos$OzoneManagerService$2.callBlockingMethod(OzoneManagerProtocolProtos.java) [hadoop-ozone-common-0.5.0-SNAPSHOT.jar:?]
	at org.apache.hadoop.ipc.ProtobufRpcEngine$Server$ProtoBufRpcInvoker.call(ProtobufRpcEngine.java:524) [hadoop-common-3.2.0.jar:?]
	at org.apache.hadoop.ipc.RPC$Server.call(RPC.java:1025) [hadoop-common-3.2.0.jar:?]
	at org.apache.hadoop.ipc.Server$RpcCall.run(Server.java:876) [hadoop-common-3.2.0.jar:?]
	at org.apache.hadoop.ipc.Server$RpcCall.run(Server.java:822) [hadoop-common-3.2.0.jar:?]
	at java.security.AccessController.doPrivileged(Native Method) [?:1.8.0_222]
	at javax.security.auth.Subject.doAs(Subject.java:422) [?:1.8.0_222]
	at org.apache.hadoop.security.UserGroupInformation.doAs(UserGroupInformation.java:1730) [hadoop-common-3.2.0.jar:?]
	at org.apache.hadoop.ipc.Server$Handler.run(Server.java:2682) [hadoop-common-3.2.0.jar:?]
17:31:30.454 [IPC Server handler 16 on 37190] ERROR OMAudit - user=jenkins1000 | ip=127.0.0.1 | op=GET_FILE_STATUS {volume=volume12942, bucket=bucket72990, key=test/ITestOzoneContractDistCp/testUpdateDeepDirectoryStructureNoChange/remote/outputDir/inputDir/subDir2/subDir2, dataSize=0, replicationType=null, replicationFactor=null, keyLocationInfo=null} | ret=FAILURE
org.apache.hadoop.ozone.om.exceptions.OMException: Unable to get file status: volume: volume12942 bucket: bucket72990 key: test/ITestOzoneContractDistCp/testUpdateDeepDirectoryStructureNoChange/remote/outputDir/inputDir/subDir2/subDir2
	at org.apache.hadoop.ozone.om.KeyManagerImpl.getFileStatus(KeyManagerImpl.java:1784) ~[hadoop-ozone-ozone-manager-0.5.0-SNAPSHOT.jar:?]
	at org.apache.hadoop.ozone.om.OzoneManager.getFileStatus(OzoneManager.java:2762) ~[hadoop-ozone-ozone-manager-0.5.0-SNAPSHOT.jar:?]
	at org.apache.hadoop.ozone.protocolPB.OzoneManagerRequestHandler.getOzoneFileStatus(OzoneManagerRequestHandler.java:1053) ~[hadoop-ozone-ozone-manager-0.5.0-SNAPSHOT.jar:?]
	at org.apache.hadoop.ozone.protocolPB.OzoneManagerRequestHandler.handle(OzoneManagerRequestHandler.java:340) ~[hadoop-ozone-ozone-manager-0.5.0-SNAPSHOT.jar:?]
	at org.apache.hadoop.ozone.protocolPB.OzoneManagerProtocolServerSideTranslatorPB.submitRequestDirectlyToOM(OzoneManagerProtocolServerSideTranslatorPB.java:208) ~[hadoop-ozone-ozone-manager-0.5.0-SNAPSHOT.jar:?]
	at org.apache.hadoop.ozone.protocolPB.OzoneManagerProtocolServerSideTranslatorPB.processRequest(OzoneManagerProtocolServerSideTranslatorPB.java:132) ~[hadoop-ozone-ozone-manager-0.5.0-SNAPSHOT.jar:?]
	at org.apache.hadoop.hdds.server.OzoneProtocolMessageDispatcher.processRequest(OzoneProtocolMessageDispatcher.java:72) [hadoop-hdds-server-framework-0.5.0-SNAPSHOT.jar:?]
	at org.apache.hadoop.ozone.protocolPB.OzoneManagerProtocolServerSideTranslatorPB.submitRequest(OzoneManagerProtocolServerSideTranslatorPB.java:100) [hadoop-ozone-ozone-manager-0.5.0-SNAPSHOT.jar:?]
	at org.apache.hadoop.ozone.protocol.proto.OzoneManagerProtocolProtos$OzoneManagerService$2.callBlockingMethod(OzoneManagerProtocolProtos.java) [hadoop-ozone-common-0.5.0-SNAPSHOT.jar:?]
	at org.apache.hadoop.ipc.ProtobufRpcEngine$Server$ProtoBufRpcInvoker.call(ProtobufRpcEngine.java:524) [hadoop-common-3.2.0.jar:?]
	at org.apache.hadoop.ipc.RPC$Server.call(RPC.java:1025) [hadoop-common-3.2.0.jar:?]
	at org.apache.hadoop.ipc.Server$RpcCall.run(Server.java:876) [hadoop-common-3.2.0.jar:?]
	at org.apache.hadoop.ipc.Server$RpcCall.run(Server.java:822) [hadoop-common-3.2.0.jar:?]
	at java.security.AccessController.doPrivileged(Native Method) [?:1.8.0_222]
	at javax.security.auth.Subject.doAs(Subject.java:422) [?:1.8.0_222]
	at org.apache.hadoop.security.UserGroupInformation.doAs(UserGroupInformation.java:1730) [hadoop-common-3.2.0.jar:?]
	at org.apache.hadoop.ipc.Server$Handler.run(Server.java:2682) [hadoop-common-3.2.0.jar:?]
17:31:30.480 [IPC Server handler 4 on 37190] ERROR OMAudit - user=jenkins1000 | ip=127.0.0.1 | op=GET_FILE_STATUS {volume=volume12942, bucket=bucket72990, key=test/ITestOzoneContractDistCp/testUpdateDeepDirectoryStructureNoChange/remote/outputDir/inputDir/subDir2/subDir2/file3, dataSize=0, replicationType=null, replicationFactor=null, keyLocationInfo=null} | ret=FAILURE
org.apache.hadoop.ozone.om.exceptions.OMException: Unable to get file status: volume: volume12942 bucket: bucket72990 key: test/ITestOzoneContractDistCp/testUpdateDeepDirectoryStructureNoChange/remote/outputDir/inputDir/subDir2/subDir2/file3
	at org.apache.hadoop.ozone.om.KeyManagerImpl.getFileStatus(KeyManagerImpl.java:1784) ~[hadoop-ozone-ozone-manager-0.5.0-SNAPSHOT.jar:?]
	at org.apache.hadoop.ozone.om.OzoneManager.getFileStatus(OzoneManager.java:2762) ~[hadoop-ozone-ozone-manager-0.5.0-SNAPSHOT.jar:?]
	at org.apache.hadoop.ozone.protocolPB.OzoneManagerRequestHandler.getOzoneFileStatus(OzoneManagerRequestHandler.java:1053) ~[hadoop-ozone-ozone-manager-0.5.0-SNAPSHOT.jar:?]
	at org.apache.hadoop.ozone.protocolPB.OzoneManagerRequestHandler.handle(OzoneManagerRequestHandler.java:340) ~[hadoop-ozone-ozone-manager-0.5.0-SNAPSHOT.jar:?]
	at org.apache.hadoop.ozone.protocolPB.OzoneManagerProtocolServerSideTranslatorPB.submitRequestDirectlyToOM(OzoneManagerProtocolServerSideTranslatorPB.java:208) ~[hadoop-ozone-ozone-manager-0.5.0-SNAPSHOT.jar:?]
	at org.apache.hadoop.ozone.protocolPB.OzoneManagerProtocolServerSideTranslatorPB.processRequest(OzoneManagerProtocolServerSideTranslatorPB.java:132) ~[hadoop-ozone-ozone-manager-0.5.0-SNAPSHOT.jar:?]
	at org.apache.hadoop.hdds.server.OzoneProtocolMessageDispatcher.processRequest(OzoneProtocolMessageDispatcher.java:72) [hadoop-hdds-server-framework-0.5.0-SNAPSHOT.jar:?]
	at org.apache.hadoop.ozone.protocolPB.OzoneManagerProtocolServerSideTranslatorPB.submitRequest(OzoneManagerProtocolServerSideTranslatorPB.java:100) [hadoop-ozone-ozone-manager-0.5.0-SNAPSHOT.jar:?]
	at org.apache.hadoop.ozone.protocol.proto.OzoneManagerProtocolProtos$OzoneManagerService$2.callBlockingMethod(OzoneManagerProtocolProtos.java) [hadoop-ozone-common-0.5.0-SNAPSHOT.jar:?]
	at org.apache.hadoop.ipc.ProtobufRpcEngine$Server$ProtoBufRpcInvoker.call(ProtobufRpcEngine.java:524) [hadoop-common-3.2.0.jar:?]
	at org.apache.hadoop.ipc.RPC$Server.call(RPC.java:1025) [hadoop-common-3.2.0.jar:?]
	at org.apache.hadoop.ipc.Server$RpcCall.run(Server.java:876) [hadoop-common-3.2.0.jar:?]
	at org.apache.hadoop.ipc.Server$RpcCall.run(Server.java:822) [hadoop-common-3.2.0.jar:?]
	at java.security.AccessController.doPrivileged(Native Method) [?:1.8.0_222]
	at javax.security.auth.Subject.doAs(Subject.java:422) [?:1.8.0_222]
	at org.apache.hadoop.security.UserGroupInformation.doAs(UserGroupInformation.java:1730) [hadoop-common-3.2.0.jar:?]
	at org.apache.hadoop.ipc.Server$Handler.run(Server.java:2682) [hadoop-common-3.2.0.jar:?]
17:31:30.544 [IPC Server handler 14 on 37190] ERROR OMAudit - user=jenkins1000 | ip=127.0.0.1 | op=GET_FILE_STATUS {volume=volume12942, bucket=bucket72990, key=test/ITestOzoneContractDistCp/testUpdateDeepDirectoryStructureNoChange/remote/outputDir/.distcp.tmp.attempt_local1159078536_0001_m_000003_0, dataSize=0, replicationType=null, replicationFactor=null, keyLocationInfo=null} | ret=FAILURE
org.apache.hadoop.ozone.om.exceptions.OMException: Unable to get file status: volume: volume12942 bucket: bucket72990 key: test/ITestOzoneContractDistCp/testUpdateDeepDirectoryStructureNoChange/remote/outputDir/.distcp.tmp.attempt_local1159078536_0001_m_000003_0
	at org.apache.hadoop.ozone.om.KeyManagerImpl.getFileStatus(KeyManagerImpl.java:1784) ~[hadoop-ozone-ozone-manager-0.5.0-SNAPSHOT.jar:?]
	at org.apache.hadoop.ozone.om.OzoneManager.getFileStatus(OzoneManager.java:2762) ~[hadoop-ozone-ozone-manager-0.5.0-SNAPSHOT.jar:?]
	at org.apache.hadoop.ozone.protocolPB.OzoneManagerRequestHandler.getOzoneFileStatus(OzoneManagerRequestHandler.java:1053) ~[hadoop-ozone-ozone-manager-0.5.0-SNAPSHOT.jar:?]
	at org.apache.hadoop.ozone.protocolPB.OzoneManagerRequestHandler.handle(OzoneManagerRequestHandler.java:340) ~[hadoop-ozone-ozone-manager-0.5.0-SNAPSHOT.jar:?]
	at org.apache.hadoop.ozone.protocolPB.OzoneManagerProtocolServerSideTranslatorPB.submitRequestDirectlyToOM(OzoneManagerProtocolServerSideTranslatorPB.java:208) ~[hadoop-ozone-ozone-manager-0.5.0-SNAPSHOT.jar:?]
	at org.apache.hadoop.ozone.protocolPB.OzoneManagerProtocolServerSideTranslatorPB.processRequest(OzoneManagerProtocolServerSideTranslatorPB.java:132) ~[hadoop-ozone-ozone-manager-0.5.0-SNAPSHOT.jar:?]
	at org.apache.hadoop.hdds.server.OzoneProtocolMessageDispatcher.processRequest(OzoneProtocolMessageDispatcher.java:72) [hadoop-hdds-server-framework-0.5.0-SNAPSHOT.jar:?]
	at org.apache.hadoop.ozone.protocolPB.OzoneManagerProtocolServerSideTranslatorPB.submitRequest(OzoneManagerProtocolServerSideTranslatorPB.java:100) [hadoop-ozone-ozone-manager-0.5.0-SNAPSHOT.jar:?]
	at org.apache.hadoop.ozone.protocol.proto.OzoneManagerProtocolProtos$OzoneManagerService$2.callBlockingMethod(OzoneManagerProtocolProtos.java) [hadoop-ozone-common-0.5.0-SNAPSHOT.jar:?]
	at org.apache.hadoop.ipc.ProtobufRpcEngine$Server$ProtoBufRpcInvoker.call(ProtobufRpcEngine.java:524) [hadoop-common-3.2.0.jar:?]
	at org.apache.hadoop.ipc.RPC$Server.call(RPC.java:1025) [hadoop-common-3.2.0.jar:?]
	at org.apache.hadoop.ipc.Server$RpcCall.run(Server.java:876) [hadoop-common-3.2.0.jar:?]
	at org.apache.hadoop.ipc.Server$RpcCall.run(Server.java:822) [hadoop-common-3.2.0.jar:?]
	at java.security.AccessController.doPrivileged(Native Method) [?:1.8.0_222]
	at javax.security.auth.Subject.doAs(Subject.java:422) [?:1.8.0_222]
	at org.apache.hadoop.security.UserGroupInformation.doAs(UserGroupInformation.java:1730) [hadoop-common-3.2.0.jar:?]
	at org.apache.hadoop.ipc.Server$Handler.run(Server.java:2682) [hadoop-common-3.2.0.jar:?]
2019-11-05 17:31:30,547 [LocalJobRunner Map Task Executor #0] WARN  ozone.BasicOzoneFileSystem (BasicOzoneFileSystem.java:delete(444)) - delete: Path does not exist: o3fs://bucket72990.volume12942/test/ITestOzoneContractDistCp/testUpdateDeepDirectoryStructureNoChange/remote/outputDir/.distcp.tmp.attempt_local1159078536_0001_m_000003_0
2019-11-05 17:31:30,548 [LocalJobRunner Map Task Executor #0] INFO  mapred.LocalJobRunner (LocalJobRunner.java:statusUpdate(634)) - 
2019-11-05 17:31:30,579 [LocalJobRunner Map Task Executor #0] INFO  mapred.Task (Task.java:done(1244)) - Task:attempt_local1159078536_0001_m_000003_0 is done. And is in the process of committing
2019-11-05 17:31:30,581 [LocalJobRunner Map Task Executor #0] INFO  mapred.LocalJobRunner (LocalJobRunner.java:statusUpdate(634)) - 
2019-11-05 17:31:30,581 [LocalJobRunner Map Task Executor #0] INFO  mapred.Task (Task.java:commit(1421)) - Task attempt_local1159078536_0001_m_000003_0 is allowed to commit now
2019-11-05 17:31:30,654 [LocalJobRunner Map Task Executor #0] INFO  output.FileOutputCommitter (FileOutputCommitter.java:commitTask(598)) - Saved output of task 'attempt_local1159078536_0001_m_000003_0' to file:/tmp/hadoop/mapred/staging/jenkins10001796015185/.staging/_distcp374297365/_logs
2019-11-05 17:31:30,655 [LocalJobRunner Map Task Executor #0] INFO  mapred.LocalJobRunner (LocalJobRunner.java:statusUpdate(634)) - 100.0% Copying file:/workdir/hadoop-ozone/ozonefs/target/test-dir/ITestOzoneContractDistCp/testUpdateDeepDirectoryStructureNoChange/local/inputDir/subDir2/subDir2/file3 to o3fs://bucket72990.volume12942/test/ITestOzoneContractDistCp/testUpdateDeepDirectoryStructureNoChange/remote/outputDir/inputDir/subDir2/subDir2/file3 [300.0B/300.0B]
2019-11-05 17:31:30,656 [LocalJobRunner Map Task Executor #0] INFO  mapred.Task (Task.java:sendDone(1380)) - Task 'attempt_local1159078536_0001_m_000003_0' done.
2019-11-05 17:31:30,656 [LocalJobRunner Map Task Executor #0] INFO  mapred.Task (Task.java:done(1276)) - Final Counters for attempt_local1159078536_0001_m_000003_0: Counters: 24
	File System Counters
		FILE: Number of bytes read=220445
		FILE: Number of bytes written=822870
		FILE: Number of read operations=0
		FILE: Number of large read operations=0
		FILE: Number of write operations=0
		O3FS: Number of bytes read=0
		O3FS: Number of bytes written=1200
		O3FS: Number of read operations=36
		O3FS: Number of large read operations=0
		O3FS: Number of write operations=10
	Map-Reduce Framework
		Map input records=1
		Map output records=0
		Input split bytes=157
		Spilled Records=0
		Failed Shuffles=0
		Merged Map outputs=0
		GC time elapsed (ms)=0
		Total committed heap usage (bytes)=2058354688
	File Input Format Counters 
		Bytes Read=3157
	File Output Format Counters 
		Bytes Written=8
	DistCp Counters
		Bandwidth in Btyes=300
		Bytes Copied=300
		Bytes Expected=300
		Files Copied=1
2019-11-05 17:31:30,657 [LocalJobRunner Map Task Executor #0] INFO  mapred.LocalJobRunner (LocalJobRunner.java:run(277)) - Finishing task: attempt_local1159078536_0001_m_000003_0
2019-11-05 17:31:30,657 [LocalJobRunner Map Task Executor #0] INFO  mapred.LocalJobRunner (LocalJobRunner.java:run(252)) - Starting task: attempt_local1159078536_0001_m_000004_0
2019-11-05 17:31:30,659 [LocalJobRunner Map Task Executor #0] INFO  output.FileOutputCommitter (FileOutputCommitter.java:<init>(140)) - File Output Committer Algorithm version is 2
2019-11-05 17:31:30,659 [LocalJobRunner Map Task Executor #0] INFO  output.FileOutputCommitter (FileOutputCommitter.java:<init>(155)) - FileOutputCommitter skip cleanup _temporary folders under output directory:false, ignore cleanup failures: false
2019-11-05 17:31:30,660 [LocalJobRunner Map Task Executor #0] INFO  mapred.Task (Task.java:initialize(626)) -  Using ResourceCalculatorProcessTree : [ ]
2019-11-05 17:31:30,661 [LocalJobRunner Map Task Executor #0] INFO  mapred.MapTask (MapTask.java:runNewMapper(768)) - Processing split: file:/tmp/hadoop/mapred/staging/jenkins10001796015185/.staging/_distcp374297365/fileList.seq:1720+281
2019-11-05 17:31:30,662 [LocalJobRunner Map Task Executor #0] INFO  output.FileOutputCommitter (FileOutputCommitter.java:<init>(140)) - File Output Committer Algorithm version is 2
2019-11-05 17:31:30,662 [LocalJobRunner Map Task Executor #0] INFO  output.FileOutputCommitter (FileOutputCommitter.java:<init>(155)) - FileOutputCommitter skip cleanup _temporary folders under output directory:false, ignore cleanup failures: false
2019-11-05 17:31:30,791 [LocalJobRunner Map Task Executor #0] INFO  mapred.CopyMapper (CopyMapper.java:map(154)) - Copying file:/workdir/hadoop-ozone/ozonefs/target/test-dir/ITestOzoneContractDistCp/testUpdateDeepDirectoryStructureNoChange/local/inputDir/subDir4/subDir4 to o3fs://bucket72990.volume12942/test/ITestOzoneContractDistCp/testUpdateDeepDirectoryStructureNoChange/remote/outputDir/inputDir/subDir4/subDir4
2019-11-05 17:31:30,910 [LocalJobRunner Map Task Executor #0] INFO  mapred.LocalJobRunner (LocalJobRunner.java:statusUpdate(634)) - 
2019-11-05 17:31:30,911 [LocalJobRunner Map Task Executor #0] INFO  mapred.Task (Task.java:done(1244)) - Task:attempt_local1159078536_0001_m_000004_0 is done. And is in the process of committing
2019-11-05 17:31:30,913 [LocalJobRunner Map Task Executor #0] INFO  mapred.LocalJobRunner (LocalJobRunner.java:statusUpdate(634)) - 
2019-11-05 17:31:30,913 [LocalJobRunner Map Task Executor #0] INFO  mapred.Task (Task.java:commit(1421)) - Task attempt_local1159078536_0001_m_000004_0 is allowed to commit now
2019-11-05 17:31:30,914 [LocalJobRunner Map Task Executor #0] INFO  output.FileOutputCommitter (FileOutputCommitter.java:commitTask(598)) - Saved output of task 'attempt_local1159078536_0001_m_000004_0' to file:/tmp/hadoop/mapred/staging/jenkins10001796015185/.staging/_distcp374297365/_logs
2019-11-05 17:31:30,915 [LocalJobRunner Map Task Executor #0] INFO  mapred.LocalJobRunner (LocalJobRunner.java:statusUpdate(634)) - Copying file:/workdir/hadoop-ozone/ozonefs/target/test-dir/ITestOzoneContractDistCp/testUpdateDeepDirectoryStructureNoChange/local/inputDir/subDir4/subDir4 to o3fs://bucket72990.volume12942/test/ITestOzoneContractDistCp/testUpdateDeepDirectoryStructureNoChange/remote/outputDir/inputDir/subDir4/subDir4
2019-11-05 17:31:30,916 [LocalJobRunner Map Task Executor #0] INFO  mapred.Task (Task.java:sendDone(1380)) - Task 'attempt_local1159078536_0001_m_000004_0' done.
2019-11-05 17:31:30,917 [LocalJobRunner Map Task Executor #0] INFO  mapred.Task (Task.java:done(1276)) - Final Counters for attempt_local1159078536_0001_m_000004_0: Counters: 22
	File System Counters
		FILE: Number of bytes read=224848
		FILE: Number of bytes written=822878
		FILE: Number of read operations=0
		FILE: Number of large read operations=0
		FILE: Number of write operations=0
		O3FS: Number of bytes read=0
		O3FS: Number of bytes written=1200
		O3FS: Number of read operations=38
		O3FS: Number of large read operations=0
		O3FS: Number of write operations=10
	Map-Reduce Framework
		Map input records=1
		Map output records=0
		Input split bytes=157
		Spilled Records=0
		Failed Shuffles=0
		Merged Map outputs=0
		GC time elapsed (ms)=0
		Total committed heap usage (bytes)=2058354688
	File Input Format Counters 
		Bytes Read=3157
	File Output Format Counters 
		Bytes Written=8
	DistCp Counters
		Bandwidth in Btyes=0
		DIR_COPY=1
2019-11-05 17:31:30,917 [LocalJobRunner Map Task Executor #0] INFO  mapred.LocalJobRunner (LocalJobRunner.java:run(277)) - Finishing task: attempt_local1159078536_0001_m_000004_0
2019-11-05 17:31:30,917 [LocalJobRunner Map Task Executor #0] INFO  mapred.LocalJobRunner (LocalJobRunner.java:run(252)) - Starting task: attempt_local1159078536_0001_m_000005_0
2019-11-05 17:31:30,920 [LocalJobRunner Map Task Executor #0] INFO  output.FileOutputCommitter (FileOutputCommitter.java:<init>(140)) - File Output Committer Algorithm version is 2
2019-11-05 17:31:30,920 [LocalJobRunner Map Task Executor #0] INFO  output.FileOutputCommitter (FileOutputCommitter.java:<init>(155)) - FileOutputCommitter skip cleanup _temporary folders under output directory:false, ignore cleanup failures: false
2019-11-05 17:31:30,921 [LocalJobRunner Map Task Executor #0] INFO  mapred.Task (Task.java:initialize(626)) -  Using ResourceCalculatorProcessTree : [ ]
2019-11-05 17:31:30,924 [LocalJobRunner Map Task Executor #0] INFO  mapred.MapTask (MapTask.java:runNewMapper(768)) - Processing split: file:/tmp/hadoop/mapred/staging/jenkins10001796015185/.staging/_distcp374297365/fileList.seq:2262+281
2019-11-05 17:31:30,930 [LocalJobRunner Map Task Executor #0] INFO  output.FileOutputCommitter (FileOutputCommitter.java:<init>(140)) - File Output Committer Algorithm version is 2
2019-11-05 17:31:30,931 [LocalJobRunner Map Task Executor #0] INFO  output.FileOutputCommitter (FileOutputCommitter.java:<init>(155)) - FileOutputCommitter skip cleanup _temporary folders under output directory:false, ignore cleanup failures: false
2019-11-05 17:31:31,018 [LocalJobRunner Map Task Executor #0] INFO  mapred.CopyMapper (CopyMapper.java:map(154)) - Copying file:/workdir/hadoop-ozone/ozonefs/target/test-dir/ITestOzoneContractDistCp/testUpdateDeepDirectoryStructureNoChange/local/inputDir/subDir2/subDir2 to o3fs://bucket72990.volume12942/test/ITestOzoneContractDistCp/testUpdateDeepDirectoryStructureNoChange/remote/outputDir/inputDir/subDir2/subDir2
2019-11-05 17:31:31,095 [LocalJobRunner Map Task Executor #0] INFO  mapred.LocalJobRunner (LocalJobRunner.java:statusUpdate(634)) - 
2019-11-05 17:31:31,096 [LocalJobRunner Map Task Executor #0] INFO  mapred.Task (Task.java:done(1244)) - Task:attempt_local1159078536_0001_m_000005_0 is done. And is in the process of committing
2019-11-05 17:31:31,097 [LocalJobRunner Map Task Executor #0] INFO  mapred.LocalJobRunner (LocalJobRunner.java:statusUpdate(634)) - 
2019-11-05 17:31:31,097 [LocalJobRunner Map Task Executor #0] INFO  mapred.Task (Task.java:commit(1421)) - Task attempt_local1159078536_0001_m_000005_0 is allowed to commit now
2019-11-05 17:31:31,103 [LocalJobRunner Map Task Executor #0] INFO  output.FileOutputCommitter (FileOutputCommitter.java:commitTask(598)) - Saved output of task 'attempt_local1159078536_0001_m_000005_0' to file:/tmp/hadoop/mapred/staging/jenkins10001796015185/.staging/_distcp374297365/_logs
2019-11-05 17:31:31,104 [LocalJobRunner Map Task Executor #0] INFO  mapred.LocalJobRunner (LocalJobRunner.java:statusUpdate(634)) - Copying file:/workdir/hadoop-ozone/ozonefs/target/test-dir/ITestOzoneContractDistCp/testUpdateDeepDirectoryStructureNoChange/local/inputDir/subDir2/subDir2 to o3fs://bucket72990.volume12942/test/ITestOzoneContractDistCp/testUpdateDeepDirectoryStructureNoChange/remote/outputDir/inputDir/subDir2/subDir2
2019-11-05 17:31:31,104 [LocalJobRunner Map Task Executor #0] INFO  mapred.Task (Task.java:sendDone(1380)) - Task 'attempt_local1159078536_0001_m_000005_0' done.
2019-11-05 17:31:31,104 [LocalJobRunner Map Task Executor #0] INFO  mapred.Task (Task.java:done(1276)) - Final Counters for attempt_local1159078536_0001_m_000005_0: Counters: 22
	File System Counters
		FILE: Number of bytes read=229251
		FILE: Number of bytes written=822886
		FILE: Number of read operations=0
		FILE: Number of large read operations=0
		FILE: Number of write operations=0
		O3FS: Number of bytes read=0
		O3FS: Number of bytes written=1200
		O3FS: Number of read operations=40
		O3FS: Number of large read operations=0
		O3FS: Number of write operations=10
	Map-Reduce Framework
		Map input records=1
		Map output records=0
		Input split bytes=157
		Spilled Records=0
		Failed Shuffles=0
		Merged Map outputs=0
		GC time elapsed (ms)=0
		Total committed heap usage (bytes)=2058354688
	File Input Format Counters 
		Bytes Read=3157
	File Output Format Counters 
		Bytes Written=8
	DistCp Counters
		Bandwidth in Btyes=0
		DIR_COPY=1
2019-11-05 17:31:31,105 [LocalJobRunner Map Task Executor #0] INFO  mapred.LocalJobRunner (LocalJobRunner.java:run(277)) - Finishing task: attempt_local1159078536_0001_m_000005_0
2019-11-05 17:31:31,105 [LocalJobRunner Map Task Executor #0] INFO  mapred.LocalJobRunner (LocalJobRunner.java:run(252)) - Starting task: attempt_local1159078536_0001_m_000006_0
2019-11-05 17:31:31,106 [LocalJobRunner Map Task Executor #0] INFO  output.FileOutputCommitter (FileOutputCommitter.java:<init>(140)) - File Output Committer Algorithm version is 2
2019-11-05 17:31:31,106 [LocalJobRunner Map Task Executor #0] INFO  output.FileOutputCommitter (FileOutputCommitter.java:<init>(155)) - FileOutputCommitter skip cleanup _temporary folders under output directory:false, ignore cleanup failures: false
2019-11-05 17:31:31,118 [LocalJobRunner Map Task Executor #0] INFO  mapred.Task (Task.java:initialize(626)) -  Using ResourceCalculatorProcessTree : [ ]
2019-11-05 17:31:31,123 [LocalJobRunner Map Task Executor #0] INFO  mapred.MapTask (MapTask.java:runNewMapper(768)) - Processing split: file:/tmp/hadoop/mapred/staging/jenkins10001796015185/.staging/_distcp374297365/fileList.seq:885+277
2019-11-05 17:31:31,124 [LocalJobRunner Map Task Executor #0] INFO  output.FileOutputCommitter (FileOutputCommitter.java:<init>(140)) - File Output Committer Algorithm version is 2
2019-11-05 17:31:31,124 [LocalJobRunner Map Task Executor #0] INFO  output.FileOutputCommitter (FileOutputCommitter.java:<init>(155)) - FileOutputCommitter skip cleanup _temporary folders under output directory:false, ignore cleanup failures: false
2019-11-05 17:31:31,201 [LocalJobRunner Map Task Executor #0] INFO  mapred.CopyMapper (CopyMapper.java:map(154)) - Copying file:/workdir/hadoop-ozone/ozonefs/target/test-dir/ITestOzoneContractDistCp/testUpdateDeepDirectoryStructureNoChange/local/inputDir/subDir1/file2 to o3fs://bucket72990.volume12942/test/ITestOzoneContractDistCp/testUpdateDeepDirectoryStructureNoChange/remote/outputDir/inputDir/subDir1/file2
17:31:31.222 [IPC Server handler 18 on 37190] ERROR OMAudit - user=jenkins1000 | ip=127.0.0.1 | op=GET_FILE_STATUS {volume=volume12942, bucket=bucket72990, key=test/ITestOzoneContractDistCp/testUpdateDeepDirectoryStructureNoChange/remote/outputDir/inputDir/subDir1/file2, dataSize=0, replicationType=null, replicationFactor=null, keyLocationInfo=null} | ret=FAILURE
org.apache.hadoop.ozone.om.exceptions.OMException: Unable to get file status: volume: volume12942 bucket: bucket72990 key: test/ITestOzoneContractDistCp/testUpdateDeepDirectoryStructureNoChange/remote/outputDir/inputDir/subDir1/file2
	at org.apache.hadoop.ozone.om.KeyManagerImpl.getFileStatus(KeyManagerImpl.java:1784) ~[hadoop-ozone-ozone-manager-0.5.0-SNAPSHOT.jar:?]
	at org.apache.hadoop.ozone.om.OzoneManager.getFileStatus(OzoneManager.java:2762) ~[hadoop-ozone-ozone-manager-0.5.0-SNAPSHOT.jar:?]
	at org.apache.hadoop.ozone.protocolPB.OzoneManagerRequestHandler.getOzoneFileStatus(OzoneManagerRequestHandler.java:1053) ~[hadoop-ozone-ozone-manager-0.5.0-SNAPSHOT.jar:?]
	at org.apache.hadoop.ozone.protocolPB.OzoneManagerRequestHandler.handle(OzoneManagerRequestHandler.java:340) ~[hadoop-ozone-ozone-manager-0.5.0-SNAPSHOT.jar:?]
	at org.apache.hadoop.ozone.protocolPB.OzoneManagerProtocolServerSideTranslatorPB.submitRequestDirectlyToOM(OzoneManagerProtocolServerSideTranslatorPB.java:208) ~[hadoop-ozone-ozone-manager-0.5.0-SNAPSHOT.jar:?]
	at org.apache.hadoop.ozone.protocolPB.OzoneManagerProtocolServerSideTranslatorPB.processRequest(OzoneManagerProtocolServerSideTranslatorPB.java:132) ~[hadoop-ozone-ozone-manager-0.5.0-SNAPSHOT.jar:?]
	at org.apache.hadoop.hdds.server.OzoneProtocolMessageDispatcher.processRequest(OzoneProtocolMessageDispatcher.java:72) [hadoop-hdds-server-framework-0.5.0-SNAPSHOT.jar:?]
	at org.apache.hadoop.ozone.protocolPB.OzoneManagerProtocolServerSideTranslatorPB.submitRequest(OzoneManagerProtocolServerSideTranslatorPB.java:100) [hadoop-ozone-ozone-manager-0.5.0-SNAPSHOT.jar:?]
	at org.apache.hadoop.ozone.protocol.proto.OzoneManagerProtocolProtos$OzoneManagerService$2.callBlockingMethod(OzoneManagerProtocolProtos.java) [hadoop-ozone-common-0.5.0-SNAPSHOT.jar:?]
	at org.apache.hadoop.ipc.ProtobufRpcEngine$Server$ProtoBufRpcInvoker.call(ProtobufRpcEngine.java:524) [hadoop-common-3.2.0.jar:?]
	at org.apache.hadoop.ipc.RPC$Server.call(RPC.java:1025) [hadoop-common-3.2.0.jar:?]
	at org.apache.hadoop.ipc.Server$RpcCall.run(Server.java:876) [hadoop-common-3.2.0.jar:?]
	at org.apache.hadoop.ipc.Server$RpcCall.run(Server.java:822) [hadoop-common-3.2.0.jar:?]
	at java.security.AccessController.doPrivileged(Native Method) [?:1.8.0_222]
	at javax.security.auth.Subject.doAs(Subject.java:422) [?:1.8.0_222]
	at org.apache.hadoop.security.UserGroupInformation.doAs(UserGroupInformation.java:1730) [hadoop-common-3.2.0.jar:?]
	at org.apache.hadoop.ipc.Server$Handler.run(Server.java:2682) [hadoop-common-3.2.0.jar:?]
2019-11-05 17:31:31,223 [LocalJobRunner Map Task Executor #0] INFO  mapred.RetriableFileCopyCommand (RetriableFileCopyCommand.java:getTmpFile(260)) - Creating temp file: o3fs://bucket72990.volume12942/test/ITestOzoneContractDistCp/testUpdateDeepDirectoryStructureNoChange/remote/outputDir/.distcp.tmp.attempt_local1159078536_0001_m_000006_0
17:31:31.450 [IPC Server handler 0 on 37190] ERROR OMAudit - user=jenkins1000 | ip=127.0.0.1 | op=GET_FILE_STATUS {volume=volume12942, bucket=bucket72990, key=test/ITestOzoneContractDistCp/testUpdateDeepDirectoryStructureNoChange/remote/outputDir/inputDir/subDir1/file2, dataSize=0, replicationType=null, replicationFactor=null, keyLocationInfo=null} | ret=FAILURE
org.apache.hadoop.ozone.om.exceptions.OMException: Unable to get file status: volume: volume12942 bucket: bucket72990 key: test/ITestOzoneContractDistCp/testUpdateDeepDirectoryStructureNoChange/remote/outputDir/inputDir/subDir1/file2
	at org.apache.hadoop.ozone.om.KeyManagerImpl.getFileStatus(KeyManagerImpl.java:1784) ~[hadoop-ozone-ozone-manager-0.5.0-SNAPSHOT.jar:?]
	at org.apache.hadoop.ozone.om.OzoneManager.getFileStatus(OzoneManager.java:2762) ~[hadoop-ozone-ozone-manager-0.5.0-SNAPSHOT.jar:?]
	at org.apache.hadoop.ozone.protocolPB.OzoneManagerRequestHandler.getOzoneFileStatus(OzoneManagerRequestHandler.java:1053) ~[hadoop-ozone-ozone-manager-0.5.0-SNAPSHOT.jar:?]
	at org.apache.hadoop.ozone.protocolPB.OzoneManagerRequestHandler.handle(OzoneManagerRequestHandler.java:340) ~[hadoop-ozone-ozone-manager-0.5.0-SNAPSHOT.jar:?]
	at org.apache.hadoop.ozone.protocolPB.OzoneManagerProtocolServerSideTranslatorPB.submitRequestDirectlyToOM(OzoneManagerProtocolServerSideTranslatorPB.java:208) ~[hadoop-ozone-ozone-manager-0.5.0-SNAPSHOT.jar:?]
	at org.apache.hadoop.ozone.protocolPB.OzoneManagerProtocolServerSideTranslatorPB.processRequest(OzoneManagerProtocolServerSideTranslatorPB.java:132) ~[hadoop-ozone-ozone-manager-0.5.0-SNAPSHOT.jar:?]
	at org.apache.hadoop.hdds.server.OzoneProtocolMessageDispatcher.processRequest(OzoneProtocolMessageDispatcher.java:72) [hadoop-hdds-server-framework-0.5.0-SNAPSHOT.jar:?]
	at org.apache.hadoop.ozone.protocolPB.OzoneManagerProtocolServerSideTranslatorPB.submitRequest(OzoneManagerProtocolServerSideTranslatorPB.java:100) [hadoop-ozone-ozone-manager-0.5.0-SNAPSHOT.jar:?]
	at org.apache.hadoop.ozone.protocol.proto.OzoneManagerProtocolProtos$OzoneManagerService$2.callBlockingMethod(OzoneManagerProtocolProtos.java) [hadoop-ozone-common-0.5.0-SNAPSHOT.jar:?]
	at org.apache.hadoop.ipc.ProtobufRpcEngine$Server$ProtoBufRpcInvoker.call(ProtobufRpcEngine.java:524) [hadoop-common-3.2.0.jar:?]
	at org.apache.hadoop.ipc.RPC$Server.call(RPC.java:1025) [hadoop-common-3.2.0.jar:?]
	at org.apache.hadoop.ipc.Server$RpcCall.run(Server.java:876) [hadoop-common-3.2.0.jar:?]
	at org.apache.hadoop.ipc.Server$RpcCall.run(Server.java:822) [hadoop-common-3.2.0.jar:?]
	at java.security.AccessController.doPrivileged(Native Method) [?:1.8.0_222]
	at javax.security.auth.Subject.doAs(Subject.java:422) [?:1.8.0_222]
	at org.apache.hadoop.security.UserGroupInformation.doAs(UserGroupInformation.java:1730) [hadoop-common-3.2.0.jar:?]
	at org.apache.hadoop.ipc.Server$Handler.run(Server.java:2682) [hadoop-common-3.2.0.jar:?]
17:31:31.453 [IPC Server handler 4 on 37190] ERROR OMAudit - user=jenkins1000 | ip=127.0.0.1 | op=GET_FILE_STATUS {volume=volume12942, bucket=bucket72990, key=test/ITestOzoneContractDistCp/testUpdateDeepDirectoryStructureNoChange/remote/outputDir/inputDir/subDir1, dataSize=0, replicationType=null, replicationFactor=null, keyLocationInfo=null} | ret=FAILURE
org.apache.hadoop.ozone.om.exceptions.OMException: Unable to get file status: volume: volume12942 bucket: bucket72990 key: test/ITestOzoneContractDistCp/testUpdateDeepDirectoryStructureNoChange/remote/outputDir/inputDir/subDir1
	at org.apache.hadoop.ozone.om.KeyManagerImpl.getFileStatus(KeyManagerImpl.java:1784) ~[hadoop-ozone-ozone-manager-0.5.0-SNAPSHOT.jar:?]
	at org.apache.hadoop.ozone.om.OzoneManager.getFileStatus(OzoneManager.java:2762) ~[hadoop-ozone-ozone-manager-0.5.0-SNAPSHOT.jar:?]
	at org.apache.hadoop.ozone.protocolPB.OzoneManagerRequestHandler.getOzoneFileStatus(OzoneManagerRequestHandler.java:1053) ~[hadoop-ozone-ozone-manager-0.5.0-SNAPSHOT.jar:?]
	at org.apache.hadoop.ozone.protocolPB.OzoneManagerRequestHandler.handle(OzoneManagerRequestHandler.java:340) ~[hadoop-ozone-ozone-manager-0.5.0-SNAPSHOT.jar:?]
	at org.apache.hadoop.ozone.protocolPB.OzoneManagerProtocolServerSideTranslatorPB.submitRequestDirectlyToOM(OzoneManagerProtocolServerSideTranslatorPB.java:208) ~[hadoop-ozone-ozone-manager-0.5.0-SNAPSHOT.jar:?]
	at org.apache.hadoop.ozone.protocolPB.OzoneManagerProtocolServerSideTranslatorPB.processRequest(OzoneManagerProtocolServerSideTranslatorPB.java:132) ~[hadoop-ozone-ozone-manager-0.5.0-SNAPSHOT.jar:?]
	at org.apache.hadoop.hdds.server.OzoneProtocolMessageDispatcher.processRequest(OzoneProtocolMessageDispatcher.java:72) [hadoop-hdds-server-framework-0.5.0-SNAPSHOT.jar:?]
	at org.apache.hadoop.ozone.protocolPB.OzoneManagerProtocolServerSideTranslatorPB.submitRequest(OzoneManagerProtocolServerSideTranslatorPB.java:100) [hadoop-ozone-ozone-manager-0.5.0-SNAPSHOT.jar:?]
	at org.apache.hadoop.ozone.protocol.proto.OzoneManagerProtocolProtos$OzoneManagerService$2.callBlockingMethod(OzoneManagerProtocolProtos.java) [hadoop-ozone-common-0.5.0-SNAPSHOT.jar:?]
	at org.apache.hadoop.ipc.ProtobufRpcEngine$Server$ProtoBufRpcInvoker.call(ProtobufRpcEngine.java:524) [hadoop-common-3.2.0.jar:?]
	at org.apache.hadoop.ipc.RPC$Server.call(RPC.java:1025) [hadoop-common-3.2.0.jar:?]
	at org.apache.hadoop.ipc.Server$RpcCall.run(Server.java:876) [hadoop-common-3.2.0.jar:?]
	at org.apache.hadoop.ipc.Server$RpcCall.run(Server.java:822) [hadoop-common-3.2.0.jar:?]
	at java.security.AccessController.doPrivileged(Native Method) [?:1.8.0_222]
	at javax.security.auth.Subject.doAs(Subject.java:422) [?:1.8.0_222]
	at org.apache.hadoop.security.UserGroupInformation.doAs(UserGroupInformation.java:1730) [hadoop-common-3.2.0.jar:?]
	at org.apache.hadoop.ipc.Server$Handler.run(Server.java:2682) [hadoop-common-3.2.0.jar:?]
17:31:31.470 [IPC Server handler 13 on 37190] ERROR OMAudit - user=jenkins1000 | ip=127.0.0.1 | op=GET_FILE_STATUS {volume=volume12942, bucket=bucket72990, key=test/ITestOzoneContractDistCp/testUpdateDeepDirectoryStructureNoChange/remote/outputDir/inputDir/subDir1/file2, dataSize=0, replicationType=null, replicationFactor=null, keyLocationInfo=null} | ret=FAILURE
org.apache.hadoop.ozone.om.exceptions.OMException: Unable to get file status: volume: volume12942 bucket: bucket72990 key: test/ITestOzoneContractDistCp/testUpdateDeepDirectoryStructureNoChange/remote/outputDir/inputDir/subDir1/file2
	at org.apache.hadoop.ozone.om.KeyManagerImpl.getFileStatus(KeyManagerImpl.java:1784) ~[hadoop-ozone-ozone-manager-0.5.0-SNAPSHOT.jar:?]
	at org.apache.hadoop.ozone.om.OzoneManager.getFileStatus(OzoneManager.java:2762) ~[hadoop-ozone-ozone-manager-0.5.0-SNAPSHOT.jar:?]
	at org.apache.hadoop.ozone.protocolPB.OzoneManagerRequestHandler.getOzoneFileStatus(OzoneManagerRequestHandler.java:1053) ~[hadoop-ozone-ozone-manager-0.5.0-SNAPSHOT.jar:?]
	at org.apache.hadoop.ozone.protocolPB.OzoneManagerRequestHandler.handle(OzoneManagerRequestHandler.java:340) ~[hadoop-ozone-ozone-manager-0.5.0-SNAPSHOT.jar:?]
	at org.apache.hadoop.ozone.protocolPB.OzoneManagerProtocolServerSideTranslatorPB.submitRequestDirectlyToOM(OzoneManagerProtocolServerSideTranslatorPB.java:208) ~[hadoop-ozone-ozone-manager-0.5.0-SNAPSHOT.jar:?]
	at org.apache.hadoop.ozone.protocolPB.OzoneManagerProtocolServerSideTranslatorPB.processRequest(OzoneManagerProtocolServerSideTranslatorPB.java:132) ~[hadoop-ozone-ozone-manager-0.5.0-SNAPSHOT.jar:?]
	at org.apache.hadoop.hdds.server.OzoneProtocolMessageDispatcher.processRequest(OzoneProtocolMessageDispatcher.java:72) [hadoop-hdds-server-framework-0.5.0-SNAPSHOT.jar:?]
	at org.apache.hadoop.ozone.protocolPB.OzoneManagerProtocolServerSideTranslatorPB.submitRequest(OzoneManagerProtocolServerSideTranslatorPB.java:100) [hadoop-ozone-ozone-manager-0.5.0-SNAPSHOT.jar:?]
	at org.apache.hadoop.ozone.protocol.proto.OzoneManagerProtocolProtos$OzoneManagerService$2.callBlockingMethod(OzoneManagerProtocolProtos.java) [hadoop-ozone-common-0.5.0-SNAPSHOT.jar:?]
	at org.apache.hadoop.ipc.ProtobufRpcEngine$Server$ProtoBufRpcInvoker.call(ProtobufRpcEngine.java:524) [hadoop-common-3.2.0.jar:?]
	at org.apache.hadoop.ipc.RPC$Server.call(RPC.java:1025) [hadoop-common-3.2.0.jar:?]
	at org.apache.hadoop.ipc.Server$RpcCall.run(Server.java:876) [hadoop-common-3.2.0.jar:?]
	at org.apache.hadoop.ipc.Server$RpcCall.run(Server.java:822) [hadoop-common-3.2.0.jar:?]
	at java.security.AccessController.doPrivileged(Native Method) [?:1.8.0_222]
	at javax.security.auth.Subject.doAs(Subject.java:422) [?:1.8.0_222]
	at org.apache.hadoop.security.UserGroupInformation.doAs(UserGroupInformation.java:1730) [hadoop-common-3.2.0.jar:?]
	at org.apache.hadoop.ipc.Server$Handler.run(Server.java:2682) [hadoop-common-3.2.0.jar:?]
17:31:31.506 [IPC Server handler 15 on 37190] ERROR OMAudit - user=jenkins1000 | ip=127.0.0.1 | op=GET_FILE_STATUS {volume=volume12942, bucket=bucket72990, key=test/ITestOzoneContractDistCp/testUpdateDeepDirectoryStructureNoChange/remote/outputDir/.distcp.tmp.attempt_local1159078536_0001_m_000006_0, dataSize=0, replicationType=null, replicationFactor=null, keyLocationInfo=null} | ret=FAILURE
org.apache.hadoop.ozone.om.exceptions.OMException: Unable to get file status: volume: volume12942 bucket: bucket72990 key: test/ITestOzoneContractDistCp/testUpdateDeepDirectoryStructureNoChange/remote/outputDir/.distcp.tmp.attempt_local1159078536_0001_m_000006_0
	at org.apache.hadoop.ozone.om.KeyManagerImpl.getFileStatus(KeyManagerImpl.java:1784) ~[hadoop-ozone-ozone-manager-0.5.0-SNAPSHOT.jar:?]
	at org.apache.hadoop.ozone.om.OzoneManager.getFileStatus(OzoneManager.java:2762) ~[hadoop-ozone-ozone-manager-0.5.0-SNAPSHOT.jar:?]
	at org.apache.hadoop.ozone.protocolPB.OzoneManagerRequestHandler.getOzoneFileStatus(OzoneManagerRequestHandler.java:1053) ~[hadoop-ozone-ozone-manager-0.5.0-SNAPSHOT.jar:?]
	at org.apache.hadoop.ozone.protocolPB.OzoneManagerRequestHandler.handle(OzoneManagerRequestHandler.java:340) ~[hadoop-ozone-ozone-manager-0.5.0-SNAPSHOT.jar:?]
	at org.apache.hadoop.ozone.protocolPB.OzoneManagerProtocolServerSideTranslatorPB.submitRequestDirectlyToOM(OzoneManagerProtocolServerSideTranslatorPB.java:208) ~[hadoop-ozone-ozone-manager-0.5.0-SNAPSHOT.jar:?]
	at org.apache.hadoop.ozone.protocolPB.OzoneManagerProtocolServerSideTranslatorPB.processRequest(OzoneManagerProtocolServerSideTranslatorPB.java:132) ~[hadoop-ozone-ozone-manager-0.5.0-SNAPSHOT.jar:?]
	at org.apache.hadoop.hdds.server.OzoneProtocolMessageDispatcher.processRequest(OzoneProtocolMessageDispatcher.java:72) [hadoop-hdds-server-framework-0.5.0-SNAPSHOT.jar:?]
	at org.apache.hadoop.ozone.protocolPB.OzoneManagerProtocolServerSideTranslatorPB.submitRequest(OzoneManagerProtocolServerSideTranslatorPB.java:100) [hadoop-ozone-ozone-manager-0.5.0-SNAPSHOT.jar:?]
	at org.apache.hadoop.ozone.protocol.proto.OzoneManagerProtocolProtos$OzoneManagerService$2.callBlockingMethod(OzoneManagerProtocolProtos.java) [hadoop-ozone-common-0.5.0-SNAPSHOT.jar:?]
	at org.apache.hadoop.ipc.ProtobufRpcEngine$Server$ProtoBufRpcInvoker.call(ProtobufRpcEngine.java:524) [hadoop-common-3.2.0.jar:?]
	at org.apache.hadoop.ipc.RPC$Server.call(RPC.java:1025) [hadoop-common-3.2.0.jar:?]
	at org.apache.hadoop.ipc.Server$RpcCall.run(Server.java:876) [hadoop-common-3.2.0.jar:?]
	at org.apache.hadoop.ipc.Server$RpcCall.run(Server.java:822) [hadoop-common-3.2.0.jar:?]
	at java.security.AccessController.doPrivileged(Native Method) [?:1.8.0_222]
	at javax.security.auth.Subject.doAs(Subject.java:422) [?:1.8.0_222]
	at org.apache.hadoop.security.UserGroupInformation.doAs(UserGroupInformation.java:1730) [hadoop-common-3.2.0.jar:?]
	at org.apache.hadoop.ipc.Server$Handler.run(Server.java:2682) [hadoop-common-3.2.0.jar:?]
2019-11-05 17:31:31,507 [LocalJobRunner Map Task Executor #0] WARN  ozone.BasicOzoneFileSystem (BasicOzoneFileSystem.java:delete(444)) - delete: Path does not exist: o3fs://bucket72990.volume12942/test/ITestOzoneContractDistCp/testUpdateDeepDirectoryStructureNoChange/remote/outputDir/.distcp.tmp.attempt_local1159078536_0001_m_000006_0
2019-11-05 17:31:31,508 [LocalJobRunner Map Task Executor #0] INFO  mapred.LocalJobRunner (LocalJobRunner.java:statusUpdate(634)) - 
2019-11-05 17:31:31,508 [LocalJobRunner Map Task Executor #0] INFO  mapred.Task (Task.java:done(1244)) - Task:attempt_local1159078536_0001_m_000006_0 is done. And is in the process of committing
2019-11-05 17:31:31,509 [LocalJobRunner Map Task Executor #0] INFO  mapred.LocalJobRunner (LocalJobRunner.java:statusUpdate(634)) - 
2019-11-05 17:31:31,510 [LocalJobRunner Map Task Executor #0] INFO  mapred.Task (Task.java:commit(1421)) - Task attempt_local1159078536_0001_m_000006_0 is allowed to commit now
2019-11-05 17:31:31,511 [LocalJobRunner Map Task Executor #0] INFO  output.FileOutputCommitter (FileOutputCommitter.java:commitTask(598)) - Saved output of task 'attempt_local1159078536_0001_m_000006_0' to file:/tmp/hadoop/mapred/staging/jenkins10001796015185/.staging/_distcp374297365/_logs
2019-11-05 17:31:31,512 [LocalJobRunner Map Task Executor #0] INFO  mapred.LocalJobRunner (LocalJobRunner.java:statusUpdate(634)) - 100.0% Copying file:/workdir/hadoop-ozone/ozonefs/target/test-dir/ITestOzoneContractDistCp/testUpdateDeepDirectoryStructureNoChange/local/inputDir/subDir1/file2 to o3fs://bucket72990.volume12942/test/ITestOzoneContractDistCp/testUpdateDeepDirectoryStructureNoChange/remote/outputDir/inputDir/subDir1/file2 [200.0B/200.0B]
2019-11-05 17:31:31,512 [LocalJobRunner Map Task Executor #0] INFO  mapred.Task (Task.java:sendDone(1380)) - Task 'attempt_local1159078536_0001_m_000006_0' done.
2019-11-05 17:31:31,513 [LocalJobRunner Map Task Executor #0] INFO  mapred.Task (Task.java:done(1276)) - Final Counters for attempt_local1159078536_0001_m_000006_0: Counters: 24
	File System Counters
		FILE: Number of bytes read=233870
		FILE: Number of bytes written=822894
		FILE: Number of read operations=0
		FILE: Number of large read operations=0
		FILE: Number of write operations=0
		O3FS: Number of bytes read=0
		O3FS: Number of bytes written=1400
		O3FS: Number of read operations=50
		O3FS: Number of large read operations=0
		O3FS: Number of write operations=13
	Map-Reduce Framework
		Map input records=1
		Map output records=0
		Input split bytes=157
		Spilled Records=0
		Failed Shuffles=0
		Merged Map outputs=0
		GC time elapsed (ms)=0
		Total committed heap usage (bytes)=2058354688
	File Input Format Counters 
		Bytes Read=3157
	File Output Format Counters 
		Bytes Written=8
	DistCp Counters
		Bandwidth in Btyes=200
		Bytes Copied=200
		Bytes Expected=200
		Files Copied=1
2019-11-05 17:31:31,513 [LocalJobRunner Map Task Executor #0] INFO  mapred.LocalJobRunner (LocalJobRunner.java:run(277)) - Finishing task: attempt_local1159078536_0001_m_000006_0
2019-11-05 17:31:31,513 [LocalJobRunner Map Task Executor #0] INFO  mapred.LocalJobRunner (LocalJobRunner.java:run(252)) - Starting task: attempt_local1159078536_0001_m_000007_0
2019-11-05 17:31:31,514 [LocalJobRunner Map Task Executor #0] INFO  output.FileOutputCommitter (FileOutputCommitter.java:<init>(140)) - File Output Committer Algorithm version is 2
2019-11-05 17:31:31,514 [LocalJobRunner Map Task Executor #0] INFO  output.FileOutputCommitter (FileOutputCommitter.java:<init>(155)) - FileOutputCommitter skip cleanup _temporary folders under output directory:false, ignore cleanup failures: false
2019-11-05 17:31:31,514 [LocalJobRunner Map Task Executor #0] INFO  mapred.Task (Task.java:initialize(626)) -  Using ResourceCalculatorProcessTree : [ ]
2019-11-05 17:31:31,516 [LocalJobRunner Map Task Executor #0] INFO  mapred.MapTask (MapTask.java:runNewMapper(768)) - Processing split: file:/tmp/hadoop/mapred/staging/jenkins10001796015185/.staging/_distcp374297365/fileList.seq:620+265
2019-11-05 17:31:31,516 [LocalJobRunner Map Task Executor #0] INFO  output.FileOutputCommitter (FileOutputCommitter.java:<init>(140)) - File Output Committer Algorithm version is 2
2019-11-05 17:31:31,516 [LocalJobRunner Map Task Executor #0] INFO  output.FileOutputCommitter (FileOutputCommitter.java:<init>(155)) - FileOutputCommitter skip cleanup _temporary folders under output directory:false, ignore cleanup failures: false
2019-11-05 17:31:31,536 [LocalJobRunner Map Task Executor #0] INFO  mapred.CopyMapper (CopyMapper.java:map(154)) - Copying file:/workdir/hadoop-ozone/ozonefs/target/test-dir/ITestOzoneContractDistCp/testUpdateDeepDirectoryStructureNoChange/local/inputDir/subDir4 to o3fs://bucket72990.volume12942/test/ITestOzoneContractDistCp/testUpdateDeepDirectoryStructureNoChange/remote/outputDir/inputDir/subDir4
2019-11-05 17:31:31,562 [LocalJobRunner Map Task Executor #0] INFO  mapred.LocalJobRunner (LocalJobRunner.java:statusUpdate(634)) - 
2019-11-05 17:31:31,562 [LocalJobRunner Map Task Executor #0] INFO  mapred.Task (Task.java:done(1244)) - Task:attempt_local1159078536_0001_m_000007_0 is done. And is in the process of committing
2019-11-05 17:31:31,563 [LocalJobRunner Map Task Executor #0] INFO  mapred.LocalJobRunner (LocalJobRunner.java:statusUpdate(634)) - 
2019-11-05 17:31:31,564 [LocalJobRunner Map Task Executor #0] INFO  mapred.Task (Task.java:commit(1421)) - Task attempt_local1159078536_0001_m_000007_0 is allowed to commit now
2019-11-05 17:31:31,565 [LocalJobRunner Map Task Executor #0] INFO  output.FileOutputCommitter (FileOutputCommitter.java:commitTask(598)) - Saved output of task 'attempt_local1159078536_0001_m_000007_0' to file:/tmp/hadoop/mapred/staging/jenkins10001796015185/.staging/_distcp374297365/_logs
2019-11-05 17:31:31,566 [LocalJobRunner Map Task Executor #0] INFO  mapred.LocalJobRunner (LocalJobRunner.java:statusUpdate(634)) - Copying file:/workdir/hadoop-ozone/ozonefs/target/test-dir/ITestOzoneContractDistCp/testUpdateDeepDirectoryStructureNoChange/local/inputDir/subDir4 to o3fs://bucket72990.volume12942/test/ITestOzoneContractDistCp/testUpdateDeepDirectoryStructureNoChange/remote/outputDir/inputDir/subDir4
2019-11-05 17:31:31,566 [LocalJobRunner Map Task Executor #0] INFO  mapred.Task (Task.java:sendDone(1380)) - Task 'attempt_local1159078536_0001_m_000007_0' done.
2019-11-05 17:31:31,567 [LocalJobRunner Map Task Executor #0] INFO  mapred.Task (Task.java:done(1276)) - Final Counters for attempt_local1159078536_0001_m_000007_0: Counters: 22
	File System Counters
		FILE: Number of bytes read=237761
		FILE: Number of bytes written=822902
		FILE: Number of read operations=0
		FILE: Number of large read operations=0
		FILE: Number of write operations=0
		O3FS: Number of bytes read=0
		O3FS: Number of bytes written=1400
		O3FS: Number of read operations=52
		O3FS: Number of large read operations=0
		O3FS: Number of write operations=13
	Map-Reduce Framework
		Map input records=1
		Map output records=0
		Input split bytes=157
		Spilled Records=0
		Failed Shuffles=0
		Merged Map outputs=0
		GC time elapsed (ms)=0
		Total committed heap usage (bytes)=2058354688
	File Input Format Counters 
		Bytes Read=3157
	File Output Format Counters 
		Bytes Written=8
	DistCp Counters
		Bandwidth in Btyes=0
		DIR_COPY=1
2019-11-05 17:31:31,567 [LocalJobRunner Map Task Executor #0] INFO  mapred.LocalJobRunner (LocalJobRunner.java:run(277)) - Finishing task: attempt_local1159078536_0001_m_000007_0
2019-11-05 17:31:31,567 [LocalJobRunner Map Task Executor #0] INFO  mapred.LocalJobRunner (LocalJobRunner.java:run(252)) - Starting task: attempt_local1159078536_0001_m_000008_0
2019-11-05 17:31:31,569 [LocalJobRunner Map Task Executor #0] INFO  output.FileOutputCommitter (FileOutputCommitter.java:<init>(140)) - File Output Committer Algorithm version is 2
2019-11-05 17:31:31,569 [LocalJobRunner Map Task Executor #0] INFO  output.FileOutputCommitter (FileOutputCommitter.java:<init>(155)) - FileOutputCommitter skip cleanup _temporary folders under output directory:false, ignore cleanup failures: false
2019-11-05 17:31:31,570 [LocalJobRunner Map Task Executor #0] INFO  mapred.Task (Task.java:initialize(626)) -  Using ResourceCalculatorProcessTree : [ ]
2019-11-05 17:31:31,571 [LocalJobRunner Map Task Executor #0] INFO  mapred.MapTask (MapTask.java:runNewMapper(768)) - Processing split: file:/tmp/hadoop/mapred/staging/jenkins10001796015185/.staging/_distcp374297365/fileList.seq:1162+265
2019-11-05 17:31:31,571 [LocalJobRunner Map Task Executor #0] INFO  output.FileOutputCommitter (FileOutputCommitter.java:<init>(140)) - File Output Committer Algorithm version is 2
2019-11-05 17:31:31,571 [LocalJobRunner Map Task Executor #0] INFO  output.FileOutputCommitter (FileOutputCommitter.java:<init>(155)) - FileOutputCommitter skip cleanup _temporary folders under output directory:false, ignore cleanup failures: false
2019-11-05 17:31:31,606 [LocalJobRunner Map Task Executor #0] INFO  mapred.CopyMapper (CopyMapper.java:map(154)) - Copying file:/workdir/hadoop-ozone/ozonefs/target/test-dir/ITestOzoneContractDistCp/testUpdateDeepDirectoryStructureNoChange/local/inputDir/subDir1 to o3fs://bucket72990.volume12942/test/ITestOzoneContractDistCp/testUpdateDeepDirectoryStructureNoChange/remote/outputDir/inputDir/subDir1
2019-11-05 17:31:31,633 [LocalJobRunner Map Task Executor #0] INFO  mapred.LocalJobRunner (LocalJobRunner.java:statusUpdate(634)) - 
2019-11-05 17:31:31,634 [LocalJobRunner Map Task Executor #0] INFO  mapred.Task (Task.java:done(1244)) - Task:attempt_local1159078536_0001_m_000008_0 is done. And is in the process of committing
2019-11-05 17:31:31,634 [LocalJobRunner Map Task Executor #0] INFO  mapred.LocalJobRunner (LocalJobRunner.java:statusUpdate(634)) - 
2019-11-05 17:31:31,635 [LocalJobRunner Map Task Executor #0] INFO  mapred.Task (Task.java:commit(1421)) - Task attempt_local1159078536_0001_m_000008_0 is allowed to commit now
2019-11-05 17:31:31,636 [LocalJobRunner Map Task Executor #0] INFO  output.FileOutputCommitter (FileOutputCommitter.java:commitTask(598)) - Saved output of task 'attempt_local1159078536_0001_m_000008_0' to file:/tmp/hadoop/mapred/staging/jenkins10001796015185/.staging/_distcp374297365/_logs
2019-11-05 17:31:31,636 [LocalJobRunner Map Task Executor #0] INFO  mapred.LocalJobRunner (LocalJobRunner.java:statusUpdate(634)) - Copying file:/workdir/hadoop-ozone/ozonefs/target/test-dir/ITestOzoneContractDistCp/testUpdateDeepDirectoryStructureNoChange/local/inputDir/subDir1 to o3fs://bucket72990.volume12942/test/ITestOzoneContractDistCp/testUpdateDeepDirectoryStructureNoChange/remote/outputDir/inputDir/subDir1
2019-11-05 17:31:31,637 [LocalJobRunner Map Task Executor #0] INFO  mapred.Task (Task.java:sendDone(1380)) - Task 'attempt_local1159078536_0001_m_000008_0' done.
2019-11-05 17:31:31,637 [LocalJobRunner Map Task Executor #0] INFO  mapred.Task (Task.java:done(1276)) - Final Counters for attempt_local1159078536_0001_m_000008_0: Counters: 22
	File System Counters
		FILE: Number of bytes read=241652
		FILE: Number of bytes written=822910
		FILE: Number of read operations=0
		FILE: Number of large read operations=0
		FILE: Number of write operations=0
		O3FS: Number of bytes read=0
		O3FS: Number of bytes written=1400
		O3FS: Number of read operations=54
		O3FS: Number of large read operations=0
		O3FS: Number of write operations=13
	Map-Reduce Framework
		Map input records=1
		Map output records=0
		Input split bytes=157
		Spilled Records=0
		Failed Shuffles=0
		Merged Map outputs=0
		GC time elapsed (ms)=0
		Total committed heap usage (bytes)=2058354688
	File Input Format Counters 
		Bytes Read=3157
	File Output Format Counters 
		Bytes Written=8
	DistCp Counters
		Bandwidth in Btyes=0
		DIR_COPY=1
2019-11-05 17:31:31,637 [LocalJobRunner Map Task Executor #0] INFO  mapred.LocalJobRunner (LocalJobRunner.java:run(277)) - Finishing task: attempt_local1159078536_0001_m_000008_0
2019-11-05 17:31:31,637 [LocalJobRunner Map Task Executor #0] INFO  mapred.LocalJobRunner (LocalJobRunner.java:run(252)) - Starting task: attempt_local1159078536_0001_m_000009_0
2019-11-05 17:31:31,638 [LocalJobRunner Map Task Executor #0] INFO  output.FileOutputCommitter (FileOutputCommitter.java:<init>(140)) - File Output Committer Algorithm version is 2
2019-11-05 17:31:31,638 [LocalJobRunner Map Task Executor #0] INFO  output.FileOutputCommitter (FileOutputCommitter.java:<init>(155)) - FileOutputCommitter skip cleanup _temporary folders under output directory:false, ignore cleanup failures: false
2019-11-05 17:31:31,639 [LocalJobRunner Map Task Executor #0] INFO  mapred.Task (Task.java:initialize(626)) -  Using ResourceCalculatorProcessTree : [ ]
2019-11-05 17:31:31,640 [LocalJobRunner Map Task Executor #0] INFO  mapred.MapTask (MapTask.java:runNewMapper(768)) - Processing split: file:/tmp/hadoop/mapred/staging/jenkins10001796015185/.staging/_distcp374297365/fileList.seq:2836+265
2019-11-05 17:31:31,640 [LocalJobRunner Map Task Executor #0] INFO  output.FileOutputCommitter (FileOutputCommitter.java:<init>(140)) - File Output Committer Algorithm version is 2
2019-11-05 17:31:31,640 [LocalJobRunner Map Task Executor #0] INFO  output.FileOutputCommitter (FileOutputCommitter.java:<init>(155)) - FileOutputCommitter skip cleanup _temporary folders under output directory:false, ignore cleanup failures: false
2019-11-05 17:31:31,674 [LocalJobRunner Map Task Executor #0] INFO  mapred.CopyMapper (CopyMapper.java:map(154)) - Copying file:/workdir/hadoop-ozone/ozonefs/target/test-dir/ITestOzoneContractDistCp/testUpdateDeepDirectoryStructureNoChange/local/inputDir/subDir2 to o3fs://bucket72990.volume12942/test/ITestOzoneContractDistCp/testUpdateDeepDirectoryStructureNoChange/remote/outputDir/inputDir/subDir2
2019-11-05 17:31:31,722 [LocalJobRunner Map Task Executor #0] INFO  mapred.LocalJobRunner (LocalJobRunner.java:statusUpdate(634)) - 
2019-11-05 17:31:31,723 [LocalJobRunner Map Task Executor #0] INFO  mapred.Task (Task.java:done(1244)) - Task:attempt_local1159078536_0001_m_000009_0 is done. And is in the process of committing
2019-11-05 17:31:31,724 [LocalJobRunner Map Task Executor #0] INFO  mapred.LocalJobRunner (LocalJobRunner.java:statusUpdate(634)) - 
2019-11-05 17:31:31,724 [LocalJobRunner Map Task Executor #0] INFO  mapred.Task (Task.java:commit(1421)) - Task attempt_local1159078536_0001_m_000009_0 is allowed to commit now
2019-11-05 17:31:31,726 [LocalJobRunner Map Task Executor #0] INFO  output.FileOutputCommitter (FileOutputCommitter.java:commitTask(598)) - Saved output of task 'attempt_local1159078536_0001_m_000009_0' to file:/tmp/hadoop/mapred/staging/jenkins10001796015185/.staging/_distcp374297365/_logs
2019-11-05 17:31:31,732 [LocalJobRunner Map Task Executor #0] INFO  mapred.LocalJobRunner (LocalJobRunner.java:statusUpdate(634)) - Copying file:/workdir/hadoop-ozone/ozonefs/target/test-dir/ITestOzoneContractDistCp/testUpdateDeepDirectoryStructureNoChange/local/inputDir/subDir2 to o3fs://bucket72990.volume12942/test/ITestOzoneContractDistCp/testUpdateDeepDirectoryStructureNoChange/remote/outputDir/inputDir/subDir2
2019-11-05 17:31:31,733 [LocalJobRunner Map Task Executor #0] INFO  mapred.Task (Task.java:sendDone(1380)) - Task 'attempt_local1159078536_0001_m_000009_0' done.
2019-11-05 17:31:31,733 [LocalJobRunner Map Task Executor #0] INFO  mapred.Task (Task.java:done(1276)) - Final Counters for attempt_local1159078536_0001_m_000009_0: Counters: 22
	File System Counters
		FILE: Number of bytes read=245543
		FILE: Number of bytes written=822918
		FILE: Number of read operations=0
		FILE: Number of large read operations=0
		FILE: Number of write operations=0
		O3FS: Number of bytes read=0
		O3FS: Number of bytes written=1400
		O3FS: Number of read operations=56
		O3FS: Number of large read operations=0
		O3FS: Number of write operations=13
	Map-Reduce Framework
		Map input records=1
		Map output records=0
		Input split bytes=157
		Spilled Records=0
		Failed Shuffles=0
		Merged Map outputs=0
		GC time elapsed (ms)=0
		Total committed heap usage (bytes)=2058354688
	File Input Format Counters 
		Bytes Read=3157
	File Output Format Counters 
		Bytes Written=8
	DistCp Counters
		Bandwidth in Btyes=0
		DIR_COPY=1
2019-11-05 17:31:31,733 [LocalJobRunner Map Task Executor #0] INFO  mapred.LocalJobRunner (LocalJobRunner.java:run(277)) - Finishing task: attempt_local1159078536_0001_m_000009_0
2019-11-05 17:31:31,734 [LocalJobRunner Map Task Executor #0] INFO  mapred.LocalJobRunner (LocalJobRunner.java:run(252)) - Starting task: attempt_local1159078536_0001_m_000010_0
2019-11-05 17:31:31,735 [LocalJobRunner Map Task Executor #0] INFO  output.FileOutputCommitter (FileOutputCommitter.java:<init>(140)) - File Output Committer Algorithm version is 2
2019-11-05 17:31:31,735 [LocalJobRunner Map Task Executor #0] INFO  output.FileOutputCommitter (FileOutputCommitter.java:<init>(155)) - FileOutputCommitter skip cleanup _temporary folders under output directory:false, ignore cleanup failures: false
2019-11-05 17:31:31,736 [LocalJobRunner Map Task Executor #0] INFO  mapred.Task (Task.java:initialize(626)) -  Using ResourceCalculatorProcessTree : [ ]
2019-11-05 17:31:31,737 [LocalJobRunner Map Task Executor #0] INFO  mapred.MapTask (MapTask.java:runNewMapper(768)) - Processing split: file:/tmp/hadoop/mapred/staging/jenkins10001796015185/.staging/_distcp374297365/fileList.seq:2001+261
2019-11-05 17:31:31,738 [LocalJobRunner Map Task Executor #0] INFO  output.FileOutputCommitter (FileOutputCommitter.java:<init>(140)) - File Output Committer Algorithm version is 2
2019-11-05 17:31:31,738 [LocalJobRunner Map Task Executor #0] INFO  output.FileOutputCommitter (FileOutputCommitter.java:<init>(155)) - FileOutputCommitter skip cleanup _temporary folders under output directory:false, ignore cleanup failures: false
2019-11-05 17:31:31,806 [LocalJobRunner Map Task Executor #0] INFO  mapred.CopyMapper (CopyMapper.java:map(154)) - Copying file:/workdir/hadoop-ozone/ozonefs/target/test-dir/ITestOzoneContractDistCp/testUpdateDeepDirectoryStructureNoChange/local/inputDir/file1 to o3fs://bucket72990.volume12942/test/ITestOzoneContractDistCp/testUpdateDeepDirectoryStructureNoChange/remote/outputDir/inputDir/file1
17:31:31.818 [IPC Server handler 4 on 37190] ERROR OMAudit - user=jenkins1000 | ip=127.0.0.1 | op=GET_FILE_STATUS {volume=volume12942, bucket=bucket72990, key=test/ITestOzoneContractDistCp/testUpdateDeepDirectoryStructureNoChange/remote/outputDir/inputDir/file1, dataSize=0, replicationType=null, replicationFactor=null, keyLocationInfo=null} | ret=FAILURE
org.apache.hadoop.ozone.om.exceptions.OMException: Unable to get file status: volume: volume12942 bucket: bucket72990 key: test/ITestOzoneContractDistCp/testUpdateDeepDirectoryStructureNoChange/remote/outputDir/inputDir/file1
	at org.apache.hadoop.ozone.om.KeyManagerImpl.getFileStatus(KeyManagerImpl.java:1784) ~[hadoop-ozone-ozone-manager-0.5.0-SNAPSHOT.jar:?]
	at org.apache.hadoop.ozone.om.OzoneManager.getFileStatus(OzoneManager.java:2762) ~[hadoop-ozone-ozone-manager-0.5.0-SNAPSHOT.jar:?]
	at org.apache.hadoop.ozone.protocolPB.OzoneManagerRequestHandler.getOzoneFileStatus(OzoneManagerRequestHandler.java:1053) ~[hadoop-ozone-ozone-manager-0.5.0-SNAPSHOT.jar:?]
	at org.apache.hadoop.ozone.protocolPB.OzoneManagerRequestHandler.handle(OzoneManagerRequestHandler.java:340) ~[hadoop-ozone-ozone-manager-0.5.0-SNAPSHOT.jar:?]
	at org.apache.hadoop.ozone.protocolPB.OzoneManagerProtocolServerSideTranslatorPB.submitRequestDirectlyToOM(OzoneManagerProtocolServerSideTranslatorPB.java:208) ~[hadoop-ozone-ozone-manager-0.5.0-SNAPSHOT.jar:?]
	at org.apache.hadoop.ozone.protocolPB.OzoneManagerProtocolServerSideTranslatorPB.processRequest(OzoneManagerProtocolServerSideTranslatorPB.java:132) ~[hadoop-ozone-ozone-manager-0.5.0-SNAPSHOT.jar:?]
	at org.apache.hadoop.hdds.server.OzoneProtocolMessageDispatcher.processRequest(OzoneProtocolMessageDispatcher.java:72) [hadoop-hdds-server-framework-0.5.0-SNAPSHOT.jar:?]
	at org.apache.hadoop.ozone.protocolPB.OzoneManagerProtocolServerSideTranslatorPB.submitRequest(OzoneManagerProtocolServerSideTranslatorPB.java:100) [hadoop-ozone-ozone-manager-0.5.0-SNAPSHOT.jar:?]
	at org.apache.hadoop.ozone.protocol.proto.OzoneManagerProtocolProtos$OzoneManagerService$2.callBlockingMethod(OzoneManagerProtocolProtos.java) [hadoop-ozone-common-0.5.0-SNAPSHOT.jar:?]
	at org.apache.hadoop.ipc.ProtobufRpcEngine$Server$ProtoBufRpcInvoker.call(ProtobufRpcEngine.java:524) [hadoop-common-3.2.0.jar:?]
	at org.apache.hadoop.ipc.RPC$Server.call(RPC.java:1025) [hadoop-common-3.2.0.jar:?]
	at org.apache.hadoop.ipc.Server$RpcCall.run(Server.java:876) [hadoop-common-3.2.0.jar:?]
	at org.apache.hadoop.ipc.Server$RpcCall.run(Server.java:822) [hadoop-common-3.2.0.jar:?]
	at java.security.AccessController.doPrivileged(Native Method) [?:1.8.0_222]
	at javax.security.auth.Subject.doAs(Subject.java:422) [?:1.8.0_222]
	at org.apache.hadoop.security.UserGroupInformation.doAs(UserGroupInformation.java:1730) [hadoop-common-3.2.0.jar:?]
	at org.apache.hadoop.ipc.Server$Handler.run(Server.java:2682) [hadoop-common-3.2.0.jar:?]
2019-11-05 17:31:31,819 [LocalJobRunner Map Task Executor #0] INFO  mapred.RetriableFileCopyCommand (RetriableFileCopyCommand.java:getTmpFile(260)) - Creating temp file: o3fs://bucket72990.volume12942/test/ITestOzoneContractDistCp/testUpdateDeepDirectoryStructureNoChange/remote/outputDir/.distcp.tmp.attempt_local1159078536_0001_m_000010_0
17:31:31.961 [IPC Server handler 13 on 37190] ERROR OMAudit - user=jenkins1000 | ip=127.0.0.1 | op=GET_FILE_STATUS {volume=volume12942, bucket=bucket72990, key=test/ITestOzoneContractDistCp/testUpdateDeepDirectoryStructureNoChange/remote/outputDir/inputDir/file1, dataSize=0, replicationType=null, replicationFactor=null, keyLocationInfo=null} | ret=FAILURE
org.apache.hadoop.ozone.om.exceptions.OMException: Unable to get file status: volume: volume12942 bucket: bucket72990 key: test/ITestOzoneContractDistCp/testUpdateDeepDirectoryStructureNoChange/remote/outputDir/inputDir/file1
	at org.apache.hadoop.ozone.om.KeyManagerImpl.getFileStatus(KeyManagerImpl.java:1784) ~[hadoop-ozone-ozone-manager-0.5.0-SNAPSHOT.jar:?]
	at org.apache.hadoop.ozone.om.OzoneManager.getFileStatus(OzoneManager.java:2762) ~[hadoop-ozone-ozone-manager-0.5.0-SNAPSHOT.jar:?]
	at org.apache.hadoop.ozone.protocolPB.OzoneManagerRequestHandler.getOzoneFileStatus(OzoneManagerRequestHandler.java:1053) ~[hadoop-ozone-ozone-manager-0.5.0-SNAPSHOT.jar:?]
	at org.apache.hadoop.ozone.protocolPB.OzoneManagerRequestHandler.handle(OzoneManagerRequestHandler.java:340) ~[hadoop-ozone-ozone-manager-0.5.0-SNAPSHOT.jar:?]
	at org.apache.hadoop.ozone.protocolPB.OzoneManagerProtocolServerSideTranslatorPB.submitRequestDirectlyToOM(OzoneManagerProtocolServerSideTranslatorPB.java:208) ~[hadoop-ozone-ozone-manager-0.5.0-SNAPSHOT.jar:?]
	at org.apache.hadoop.ozone.protocolPB.OzoneManagerProtocolServerSideTranslatorPB.processRequest(OzoneManagerProtocolServerSideTranslatorPB.java:132) ~[hadoop-ozone-ozone-manager-0.5.0-SNAPSHOT.jar:?]
	at org.apache.hadoop.hdds.server.OzoneProtocolMessageDispatcher.processRequest(OzoneProtocolMessageDispatcher.java:72) [hadoop-hdds-server-framework-0.5.0-SNAPSHOT.jar:?]
	at org.apache.hadoop.ozone.protocolPB.OzoneManagerProtocolServerSideTranslatorPB.submitRequest(OzoneManagerProtocolServerSideTranslatorPB.java:100) [hadoop-ozone-ozone-manager-0.5.0-SNAPSHOT.jar:?]
	at org.apache.hadoop.ozone.protocol.proto.OzoneManagerProtocolProtos$OzoneManagerService$2.callBlockingMethod(OzoneManagerProtocolProtos.java) [hadoop-ozone-common-0.5.0-SNAPSHOT.jar:?]
	at org.apache.hadoop.ipc.ProtobufRpcEngine$Server$ProtoBufRpcInvoker.call(ProtobufRpcEngine.java:524) [hadoop-common-3.2.0.jar:?]
	at org.apache.hadoop.ipc.RPC$Server.call(RPC.java:1025) [hadoop-common-3.2.0.jar:?]
	at org.apache.hadoop.ipc.Server$RpcCall.run(Server.java:876) [hadoop-common-3.2.0.jar:?]
	at org.apache.hadoop.ipc.Server$RpcCall.run(Server.java:822) [hadoop-common-3.2.0.jar:?]
	at java.security.AccessController.doPrivileged(Native Method) [?:1.8.0_222]
	at javax.security.auth.Subject.doAs(Subject.java:422) [?:1.8.0_222]
	at org.apache.hadoop.security.UserGroupInformation.doAs(UserGroupInformation.java:1730) [hadoop-common-3.2.0.jar:?]
	at org.apache.hadoop.ipc.Server$Handler.run(Server.java:2682) [hadoop-common-3.2.0.jar:?]
17:31:31.968 [IPC Server handler 14 on 37190] ERROR OMAudit - user=jenkins1000 | ip=127.0.0.1 | op=GET_FILE_STATUS {volume=volume12942, bucket=bucket72990, key=test/ITestOzoneContractDistCp/testUpdateDeepDirectoryStructureNoChange/remote/outputDir/inputDir/file1, dataSize=0, replicationType=null, replicationFactor=null, keyLocationInfo=null} | ret=FAILURE
org.apache.hadoop.ozone.om.exceptions.OMException: Unable to get file status: volume: volume12942 bucket: bucket72990 key: test/ITestOzoneContractDistCp/testUpdateDeepDirectoryStructureNoChange/remote/outputDir/inputDir/file1
	at org.apache.hadoop.ozone.om.KeyManagerImpl.getFileStatus(KeyManagerImpl.java:1784) ~[hadoop-ozone-ozone-manager-0.5.0-SNAPSHOT.jar:?]
	at org.apache.hadoop.ozone.om.OzoneManager.getFileStatus(OzoneManager.java:2762) ~[hadoop-ozone-ozone-manager-0.5.0-SNAPSHOT.jar:?]
	at org.apache.hadoop.ozone.protocolPB.OzoneManagerRequestHandler.getOzoneFileStatus(OzoneManagerRequestHandler.java:1053) ~[hadoop-ozone-ozone-manager-0.5.0-SNAPSHOT.jar:?]
	at org.apache.hadoop.ozone.protocolPB.OzoneManagerRequestHandler.handle(OzoneManagerRequestHandler.java:340) ~[hadoop-ozone-ozone-manager-0.5.0-SNAPSHOT.jar:?]
	at org.apache.hadoop.ozone.protocolPB.OzoneManagerProtocolServerSideTranslatorPB.submitRequestDirectlyToOM(OzoneManagerProtocolServerSideTranslatorPB.java:208) ~[hadoop-ozone-ozone-manager-0.5.0-SNAPSHOT.jar:?]
	at org.apache.hadoop.ozone.protocolPB.OzoneManagerProtocolServerSideTranslatorPB.processRequest(OzoneManagerProtocolServerSideTranslatorPB.java:132) ~[hadoop-ozone-ozone-manager-0.5.0-SNAPSHOT.jar:?]
	at org.apache.hadoop.hdds.server.OzoneProtocolMessageDispatcher.processRequest(OzoneProtocolMessageDispatcher.java:72) [hadoop-hdds-server-framework-0.5.0-SNAPSHOT.jar:?]
	at org.apache.hadoop.ozone.protocolPB.OzoneManagerProtocolServerSideTranslatorPB.submitRequest(OzoneManagerProtocolServerSideTranslatorPB.java:100) [hadoop-ozone-ozone-manager-0.5.0-SNAPSHOT.jar:?]
	at org.apache.hadoop.ozone.protocol.proto.OzoneManagerProtocolProtos$OzoneManagerService$2.callBlockingMethod(OzoneManagerProtocolProtos.java) [hadoop-ozone-common-0.5.0-SNAPSHOT.jar:?]
	at org.apache.hadoop.ipc.ProtobufRpcEngine$Server$ProtoBufRpcInvoker.call(ProtobufRpcEngine.java:524) [hadoop-common-3.2.0.jar:?]
	at org.apache.hadoop.ipc.RPC$Server.call(RPC.java:1025) [hadoop-common-3.2.0.jar:?]
	at org.apache.hadoop.ipc.Server$RpcCall.run(Server.java:876) [hadoop-common-3.2.0.jar:?]
	at org.apache.hadoop.ipc.Server$RpcCall.run(Server.java:822) [hadoop-common-3.2.0.jar:?]
	at java.security.AccessController.doPrivileged(Native Method) [?:1.8.0_222]
	at javax.security.auth.Subject.doAs(Subject.java:422) [?:1.8.0_222]
	at org.apache.hadoop.security.UserGroupInformation.doAs(UserGroupInformation.java:1730) [hadoop-common-3.2.0.jar:?]
	at org.apache.hadoop.ipc.Server$Handler.run(Server.java:2682) [hadoop-common-3.2.0.jar:?]
17:31:32.032 [IPC Server handler 10 on 37190] ERROR OMAudit - user=jenkins1000 | ip=127.0.0.1 | op=GET_FILE_STATUS {volume=volume12942, bucket=bucket72990, key=test/ITestOzoneContractDistCp/testUpdateDeepDirectoryStructureNoChange/remote/outputDir/.distcp.tmp.attempt_local1159078536_0001_m_000010_0, dataSize=0, replicationType=null, replicationFactor=null, keyLocationInfo=null} | ret=FAILURE
org.apache.hadoop.ozone.om.exceptions.OMException: Unable to get file status: volume: volume12942 bucket: bucket72990 key: test/ITestOzoneContractDistCp/testUpdateDeepDirectoryStructureNoChange/remote/outputDir/.distcp.tmp.attempt_local1159078536_0001_m_000010_0
	at org.apache.hadoop.ozone.om.KeyManagerImpl.getFileStatus(KeyManagerImpl.java:1784) ~[hadoop-ozone-ozone-manager-0.5.0-SNAPSHOT.jar:?]
	at org.apache.hadoop.ozone.om.OzoneManager.getFileStatus(OzoneManager.java:2762) ~[hadoop-ozone-ozone-manager-0.5.0-SNAPSHOT.jar:?]
	at org.apache.hadoop.ozone.protocolPB.OzoneManagerRequestHandler.getOzoneFileStatus(OzoneManagerRequestHandler.java:1053) ~[hadoop-ozone-ozone-manager-0.5.0-SNAPSHOT.jar:?]
	at org.apache.hadoop.ozone.protocolPB.OzoneManagerRequestHandler.handle(OzoneManagerRequestHandler.java:340) ~[hadoop-ozone-ozone-manager-0.5.0-SNAPSHOT.jar:?]
	at org.apache.hadoop.ozone.protocolPB.OzoneManagerProtocolServerSideTranslatorPB.submitRequestDirectlyToOM(OzoneManagerProtocolServerSideTranslatorPB.java:208) ~[hadoop-ozone-ozone-manager-0.5.0-SNAPSHOT.jar:?]
	at org.apache.hadoop.ozone.protocolPB.OzoneManagerProtocolServerSideTranslatorPB.processRequest(OzoneManagerProtocolServerSideTranslatorPB.java:132) ~[hadoop-ozone-ozone-manager-0.5.0-SNAPSHOT.jar:?]
	at org.apache.hadoop.hdds.server.OzoneProtocolMessageDispatcher.processRequest(OzoneProtocolMessageDispatcher.java:72) [hadoop-hdds-server-framework-0.5.0-SNAPSHOT.jar:?]
	at org.apache.hadoop.ozone.protocolPB.OzoneManagerProtocolServerSideTranslatorPB.submitRequest(OzoneManagerProtocolServerSideTranslatorPB.java:100) [hadoop-ozone-ozone-manager-0.5.0-SNAPSHOT.jar:?]
	at org.apache.hadoop.ozone.protocol.proto.OzoneManagerProtocolProtos$OzoneManagerService$2.callBlockingMethod(OzoneManagerProtocolProtos.java) [hadoop-ozone-common-0.5.0-SNAPSHOT.jar:?]
	at org.apache.hadoop.ipc.ProtobufRpcEngine$Server$ProtoBufRpcInvoker.call(ProtobufRpcEngine.java:524) [hadoop-common-3.2.0.jar:?]
	at org.apache.hadoop.ipc.RPC$Server.call(RPC.java:1025) [hadoop-common-3.2.0.jar:?]
	at org.apache.hadoop.ipc.Server$RpcCall.run(Server.java:876) [hadoop-common-3.2.0.jar:?]
	at org.apache.hadoop.ipc.Server$RpcCall.run(Server.java:822) [hadoop-common-3.2.0.jar:?]
	at java.security.AccessController.doPrivileged(Native Method) [?:1.8.0_222]
	at javax.security.auth.Subject.doAs(Subject.java:422) [?:1.8.0_222]
	at org.apache.hadoop.security.UserGroupInformation.doAs(UserGroupInformation.java:1730) [hadoop-common-3.2.0.jar:?]
	at org.apache.hadoop.ipc.Server$Handler.run(Server.java:2682) [hadoop-common-3.2.0.jar:?]
2019-11-05 17:31:32,033 [LocalJobRunner Map Task Executor #0] WARN  ozone.BasicOzoneFileSystem (BasicOzoneFileSystem.java:delete(444)) - delete: Path does not exist: o3fs://bucket72990.volume12942/test/ITestOzoneContractDistCp/testUpdateDeepDirectoryStructureNoChange/remote/outputDir/.distcp.tmp.attempt_local1159078536_0001_m_000010_0
2019-11-05 17:31:32,034 [LocalJobRunner Map Task Executor #0] INFO  mapred.LocalJobRunner (LocalJobRunner.java:statusUpdate(634)) - 
2019-11-05 17:31:32,035 [LocalJobRunner Map Task Executor #0] INFO  mapred.Task (Task.java:done(1244)) - Task:attempt_local1159078536_0001_m_000010_0 is done. And is in the process of committing
2019-11-05 17:31:32,035 [LocalJobRunner Map Task Executor #0] INFO  mapred.LocalJobRunner (LocalJobRunner.java:statusUpdate(634)) - 
2019-11-05 17:31:32,036 [LocalJobRunner Map Task Executor #0] INFO  mapred.Task (Task.java:commit(1421)) - Task attempt_local1159078536_0001_m_000010_0 is allowed to commit now
2019-11-05 17:31:32,037 [LocalJobRunner Map Task Executor #0] INFO  output.FileOutputCommitter (FileOutputCommitter.java:commitTask(598)) - Saved output of task 'attempt_local1159078536_0001_m_000010_0' to file:/tmp/hadoop/mapred/staging/jenkins10001796015185/.staging/_distcp374297365/_logs
2019-11-05 17:31:32,039 [LocalJobRunner Map Task Executor #0] INFO  mapred.LocalJobRunner (LocalJobRunner.java:statusUpdate(634)) - 100.0% Copying file:/workdir/hadoop-ozone/ozonefs/target/test-dir/ITestOzoneContractDistCp/testUpdateDeepDirectoryStructureNoChange/local/inputDir/file1 to o3fs://bucket72990.volume12942/test/ITestOzoneContractDistCp/testUpdateDeepDirectoryStructureNoChange/remote/outputDir/inputDir/file1 [100.0B/100.0B]
2019-11-05 17:31:32,040 [LocalJobRunner Map Task Executor #0] INFO  mapred.Task (Task.java:sendDone(1380)) - Task 'attempt_local1159078536_0001_m_000010_0' done.
2019-11-05 17:31:32,040 [LocalJobRunner Map Task Executor #0] INFO  mapred.Task (Task.java:done(1276)) - Final Counters for attempt_local1159078536_0001_m_000010_0: Counters: 24
	File System Counters
		FILE: Number of bytes read=249038
		FILE: Number of bytes written=822926
		FILE: Number of read operations=0
		FILE: Number of large read operations=0
		FILE: Number of write operations=0
		O3FS: Number of bytes read=0
		O3FS: Number of bytes written=1500
		O3FS: Number of read operations=66
		O3FS: Number of large read operations=0
		O3FS: Number of write operations=16
	Map-Reduce Framework
		Map input records=1
		Map output records=0
		Input split bytes=157
		Spilled Records=0
		Failed Shuffles=0
		Merged Map outputs=0
		GC time elapsed (ms)=0
		Total committed heap usage (bytes)=2058354688
	File Input Format Counters 
		Bytes Read=3157
	File Output Format Counters 
		Bytes Written=8
	DistCp Counters
		Bandwidth in Btyes=100
		Bytes Copied=100
		Bytes Expected=100
		Files Copied=1
2019-11-05 17:31:32,040 [LocalJobRunner Map Task Executor #0] INFO  mapred.LocalJobRunner (LocalJobRunner.java:run(277)) - Finishing task: attempt_local1159078536_0001_m_000010_0
2019-11-05 17:31:32,041 [Thread-305] INFO  mapred.LocalJobRunner (LocalJobRunner.java:runTasks(486)) - map task executor complete.
2019-11-05 17:31:32,238 [Thread-305] INFO  mapred.CopyCommitter (CopyCommitter.java:cleanup(189)) - Cleaning up temporary work folder: file:/tmp/hadoop/mapred/staging/jenkins10001796015185/.staging/_distcp374297365
2019-11-05 17:31:32,986 [Thread-215] INFO  mapreduce.Job (Job.java:monitorAndPrintJob(1658)) - Job job_local1159078536_0001 completed successfully
2019-11-05 17:31:33,203 [Thread-215] INFO  mapreduce.Job (Job.java:monitorAndPrintJob(1665)) - Counters: 25
	File System Counters
		FILE: Number of bytes read=2511957
		FILE: Number of bytes written=9051746
		FILE: Number of read operations=0
		FILE: Number of large read operations=0
		FILE: Number of write operations=0
		O3FS: Number of bytes read=0
		O3FS: Number of bytes written=12100
		O3FS: Number of read operations=440
		O3FS: Number of large read operations=0
		O3FS: Number of write operations=110
	Map-Reduce Framework
		Map input records=11
		Map output records=0
		Input split bytes=1727
		Spilled Records=0
		Failed Shuffles=0
		Merged Map outputs=0
		GC time elapsed (ms)=0
		Total committed heap usage (bytes)=22641901568
	File Input Format Counters 
		Bytes Read=34727
	File Output Format Counters 
		Bytes Written=88
	DistCp Counters
		Bandwidth in Btyes=1166
		Bytes Copied=1500
		Bytes Expected=1500
		Files Copied=5
		DIR_COPY=6
2019-11-05 17:31:33,214 [Thread-215] INFO  contract.AbstractContractDistCpTest (AbstractContractDistCpTest.java:lsR(437)) - Destination tree after distcp: o3fs://bucket72990.volume12942/test/ITestOzoneContractDistCp/testUpdateDeepDirectoryStructureNoChange/remote/outputDir:
2019-11-05 17:31:33,238 [Thread-215] INFO  contract.AbstractContractDistCpTest (AbstractContractDistCpTest.java:lsR(446)) -   o3fs://bucket72990.volume12942/test/ITestOzoneContractDistCp/testUpdateDeepDirectoryStructureNoChange/remote/outputDir/inputDir/file1; type=file; length=100  o3fs://bucket72990.volume12942/test/ITestOzoneContractDistCp/testUpdateDeepDirectoryStructureNoChange/remote/outputDir/inputDir/file1; type=file; length=100  o3fs://bucket72990.volume12942/test/ITestOzoneContractDistCp/testUpdateDeepDirectoryStructureNoChange/remote/outputDir/inputDir/subDir1/file2; type=file; length=200  o3fs://bucket72990.volume12942/test/ITestOzoneContractDistCp/testUpdateDeepDirectoryStructureNoChange/remote/outputDir/inputDir/subDir2/subDir2/file3; type=file; length=300  o3fs://bucket72990.volume12942/test/ITestOzoneContractDistCp/testUpdateDeepDirectoryStructureNoChange/remote/outputDir/inputDir/subDir4/subDir4/file4; type=file; length=400  o3fs://bucket72990.volume12942/test/ITestOzoneContractDistCp/testUpdateDeepDirectoryStructureNoChange/remote/outputDir/inputDir/subDir4/subDir4/file5; type=file; length=500  o3fs://bucket72990.volume12942/test/ITestOzoneContractDistCp/testUpdateDeepDirectoryStructureNoChange/remote/outputDir/inputDir/subDir1/file2; type=file; length=200  o3fs://bucket72990.volume12942/test/ITestOzoneContractDistCp/testUpdateDeepDirectoryStructureNoChange/remote/outputDir/inputDir/file1; type=file; length=100  o3fs://bucket72990.volume12942/test/ITestOzoneContractDistCp/testUpdateDeepDirectoryStructureNoChange/remote/outputDir/inputDir/subDir1/file2; type=file; length=200  o3fs://bucket72990.volume12942/test/ITestOzoneContractDistCp/testUpdateDeepDirectoryStructureNoChange/remote/outputDir/inputDir/file1; type=file; length=100  o3fs://bucket72990.volume12942/test/ITestOzoneContractDistCp/testUpdateDeepDirectoryStructureNoChange/remote/outputDir/inputDir/subDir1/file2; type=file; length=200  o3fs://bucket72990.volume12942/test/ITestOzoneContractDistCp/testUpdateDeepDirectoryStructureNoChange/remote/outputDir/inputDir/subDir2/subDir2/file3; type=file; length=300  o3fs://bucket72990.volume12942/test/ITestOzoneContractDistCp/testUpdateDeepDirectoryStructureNoChange/remote/outputDir/inputDir/subDir4/subDir4/file4; type=file; length=400  o3fs://bucket72990.volume12942/test/ITestOzoneContractDistCp/testUpdateDeepDirectoryStructureNoChange/remote/outputDir/inputDir/subDir4/subDir4/file5; type=file; length=500  o3fs://bucket72990.volume12942/test/ITestOzoneContractDistCp/testUpdateDeepDirectoryStructureNoChange/remote/outputDir/inputDir/subDir2/subDir2/file3; type=file; length=300  o3fs://bucket72990.volume12942/test/ITestOzoneContractDistCp/testUpdateDeepDirectoryStructureNoChange/remote/outputDir/inputDir/subDir4/subDir4/file4; type=file; length=400  o3fs://bucket72990.volume12942/test/ITestOzoneContractDistCp/testUpdateDeepDirectoryStructureNoChange/remote/outputDir/inputDir/subDir4/subDir4/file5; type=file; length=500  o3fs://bucket72990.volume12942/test/ITestOzoneContractDistCp/testUpdateDeepDirectoryStructureNoChange/remote/outputDir/inputDir/subDir2/subDir2/file3; type=file; length=300  o3fs://bucket72990.volume12942/test/ITestOzoneContractDistCp/testUpdateDeepDirectoryStructureNoChange/remote/outputDir/inputDir/file1; type=file; length=100  o3fs://bucket72990.volume12942/test/ITestOzoneContractDistCp/testUpdateDeepDirectoryStructureNoChange/remote/outputDir/inputDir/subDir1/file2; type=file; length=200  o3fs://bucket72990.volume12942/test/ITestOzoneContractDistCp/testUpdateDeepDirectoryStructureNoChange/remote/outputDir/inputDir/subDir2/subDir2/file3; type=file; length=300  o3fs://bucket72990.volume12942/test/ITestOzoneContractDistCp/testUpdateDeepDirectoryStructureNoChange/remote/outputDir/inputDir/file1; type=file; length=100  o3fs://bucket72990.volume12942/test/ITestOzoneContractDistCp/testUpdateDeepDirectoryStructureNoChange/remote/outputDir/inputDir/subDir1/file2; type=file; length=200  o3fs://bucket72990.volume12942/test/ITestOzoneContractDistCp/testUpdateDeepDirectoryStructureNoChange/remote/outputDir/inputDir/subDir2/subDir2/file3; type=file; length=300  o3fs://bucket72990.volume12942/test/ITestOzoneContractDistCp/testUpdateDeepDirectoryStructureNoChange/remote/outputDir/inputDir/subDir4/subDir4/file4; type=file; length=400  o3fs://bucket72990.volume12942/test/ITestOzoneContractDistCp/testUpdateDeepDirectoryStructureNoChange/remote/outputDir/inputDir/subDir4/subDir4/file5; type=file; length=500  o3fs://bucket72990.volume12942/test/ITestOzoneContractDistCp/testUpdateDeepDirectoryStructureNoChange/remote/outputDir/inputDir/subDir4/subDir4/file4; type=file; length=400  o3fs://bucket72990.volume12942/test/ITestOzoneContractDistCp/testUpdateDeepDirectoryStructureNoChange/remote/outputDir/inputDir/subDir4/subDir4/file5; type=file; length=500  o3fs://bucket72990.volume12942/test/ITestOzoneContractDistCp/testUpdateDeepDirectoryStructureNoChange/remote/outputDir/inputDir/subDir4/subDir4/file4; type=file; length=400  o3fs://bucket72990.volume12942/test/ITestOzoneContractDistCp/testUpdateDeepDirectoryStructureNoChange/remote/outputDir/inputDir/subDir4/subDir4/file5; type=file; length=500  o3fs://bucket72990.volume12942/test/ITestOzoneContractDistCp/testUpdateDeepDirectoryStructureNoChange/remote/outputDir/inputDir/file1; type=file; length=100  o3fs://bucket72990.volume12942/test/ITestOzoneContractDistCp/testUpdateDeepDirectoryStructureNoChange/remote/outputDir/inputDir/subDir1/file2; type=file; length=200  o3fs://bucket72990.volume12942/test/ITestOzoneContractDistCp/testUpdateDeepDirectoryStructureNoChange/remote/outputDir/inputDir/subDir2/subDir2/file3; type=file; length=300  o3fs://bucket72990.volume12942/test/ITestOzoneContractDistCp/testUpdateDeepDirectoryStructureNoChange/remote/outputDir/inputDir/subDir4/subDir4/file4; type=file; length=400  o3fs://bucket72990.volume12942/test/ITestOzoneContractDistCp/testUpdateDeepDirectoryStructureNoChange/remote/outputDir/inputDir/subDir4/subDir4/file5; type=file; length=500
2019-11-05 17:31:33,596 [Thread-215] INFO  contract.AbstractFSContractTestBase (AbstractFSContractTestBase.java:describe(255)) - 
Executing Update

2019-11-05 17:31:33,596 [Thread-215] INFO  contract.AbstractFSContractTestBase (AbstractFSContractTestBase.java:describe(255)) - 
Distcp -update from file:/workdir/hadoop-ozone/ozonefs/target/test-dir/ITestOzoneContractDistCp/testUpdateDeepDirectoryStructureNoChange/local to o3fs://bucket72990.volume12942/test/ITestOzoneContractDistCp/testUpdateDeepDirectoryStructureNoChange/remote/outputDir
2019-11-05 17:31:33,596 [Thread-215] INFO  contract.AbstractContractDistCpTest (AbstractContractDistCpTest.java:lsR(437)) - Local to update: file:/workdir/hadoop-ozone/ozonefs/target/test-dir/ITestOzoneContractDistCp/testUpdateDeepDirectoryStructureNoChange/local:
2019-11-05 17:31:33,651 [Thread-215] INFO  contract.AbstractContractDistCpTest (AbstractContractDistCpTest.java:lsR(446)) -   file:/workdir/hadoop-ozone/ozonefs/target/test-dir/ITestOzoneContractDistCp/testUpdateDeepDirectoryStructureNoChange/local/inputDir/subDir2/subDir2/file3; type=file; length=300  file:/workdir/hadoop-ozone/ozonefs/target/test-dir/ITestOzoneContractDistCp/testUpdateDeepDirectoryStructureNoChange/local/inputDir/file1; type=file; length=100  file:/workdir/hadoop-ozone/ozonefs/target/test-dir/ITestOzoneContractDistCp/testUpdateDeepDirectoryStructureNoChange/local/inputDir/subDir1/file2; type=file; length=200  file:/workdir/hadoop-ozone/ozonefs/target/test-dir/ITestOzoneContractDistCp/testUpdateDeepDirectoryStructureNoChange/local/inputDir/subDir4/subDir4/file5; type=file; length=500  file:/workdir/hadoop-ozone/ozonefs/target/test-dir/ITestOzoneContractDistCp/testUpdateDeepDirectoryStructureNoChange/local/inputDir/subDir4/subDir4/file4; type=file; length=400
2019-11-05 17:31:33,656 [Thread-215] INFO  contract.AbstractContractDistCpTest (AbstractContractDistCpTest.java:lsR(437)) - Remote before update: o3fs://bucket72990.volume12942/test/ITestOzoneContractDistCp/testUpdateDeepDirectoryStructureNoChange/remote/outputDir:
2019-11-05 17:31:33,690 [Thread-215] INFO  contract.AbstractContractDistCpTest (AbstractContractDistCpTest.java:lsR(446)) -   o3fs://bucket72990.volume12942/test/ITestOzoneContractDistCp/testUpdateDeepDirectoryStructureNoChange/remote/outputDir/inputDir/file1; type=file; length=100  o3fs://bucket72990.volume12942/test/ITestOzoneContractDistCp/testUpdateDeepDirectoryStructureNoChange/remote/outputDir/inputDir/file1; type=file; length=100  o3fs://bucket72990.volume12942/test/ITestOzoneContractDistCp/testUpdateDeepDirectoryStructureNoChange/remote/outputDir/inputDir/subDir1/file2; type=file; length=200  o3fs://bucket72990.volume12942/test/ITestOzoneContractDistCp/testUpdateDeepDirectoryStructureNoChange/remote/outputDir/inputDir/subDir2/subDir2/file3; type=file; length=300  o3fs://bucket72990.volume12942/test/ITestOzoneContractDistCp/testUpdateDeepDirectoryStructureNoChange/remote/outputDir/inputDir/subDir4/subDir4/file4; type=file; length=400  o3fs://bucket72990.volume12942/test/ITestOzoneContractDistCp/testUpdateDeepDirectoryStructureNoChange/remote/outputDir/inputDir/subDir4/subDir4/file5; type=file; length=500  o3fs://bucket72990.volume12942/test/ITestOzoneContractDistCp/testUpdateDeepDirectoryStructureNoChange/remote/outputDir/inputDir/subDir1/file2; type=file; length=200  o3fs://bucket72990.volume12942/test/ITestOzoneContractDistCp/testUpdateDeepDirectoryStructureNoChange/remote/outputDir/inputDir/file1; type=file; length=100  o3fs://bucket72990.volume12942/test/ITestOzoneContractDistCp/testUpdateDeepDirectoryStructureNoChange/remote/outputDir/inputDir/subDir1/file2; type=file; length=200  o3fs://bucket72990.volume12942/test/ITestOzoneContractDistCp/testUpdateDeepDirectoryStructureNoChange/remote/outputDir/inputDir/file1; type=file; length=100  o3fs://bucket72990.volume12942/test/ITestOzoneContractDistCp/testUpdateDeepDirectoryStructureNoChange/remote/outputDir/inputDir/subDir1/file2; type=file; length=200  o3fs://bucket72990.volume12942/test/ITestOzoneContractDistCp/testUpdateDeepDirectoryStructureNoChange/remote/outputDir/inputDir/subDir2/subDir2/file3; type=file; length=300  o3fs://bucket72990.volume12942/test/ITestOzoneContractDistCp/testUpdateDeepDirectoryStructureNoChange/remote/outputDir/inputDir/subDir4/subDir4/file4; type=file; length=400  o3fs://bucket72990.volume12942/test/ITestOzoneContractDistCp/testUpdateDeepDirectoryStructureNoChange/remote/outputDir/inputDir/subDir4/subDir4/file5; type=file; length=500  o3fs://bucket72990.volume12942/test/ITestOzoneContractDistCp/testUpdateDeepDirectoryStructureNoChange/remote/outputDir/inputDir/subDir2/subDir2/file3; type=file; length=300  o3fs://bucket72990.volume12942/test/ITestOzoneContractDistCp/testUpdateDeepDirectoryStructureNoChange/remote/outputDir/inputDir/subDir4/subDir4/file4; type=file; length=400  o3fs://bucket72990.volume12942/test/ITestOzoneContractDistCp/testUpdateDeepDirectoryStructureNoChange/remote/outputDir/inputDir/subDir4/subDir4/file5; type=file; length=500  o3fs://bucket72990.volume12942/test/ITestOzoneContractDistCp/testUpdateDeepDirectoryStructureNoChange/remote/outputDir/inputDir/subDir2/subDir2/file3; type=file; length=300  o3fs://bucket72990.volume12942/test/ITestOzoneContractDistCp/testUpdateDeepDirectoryStructureNoChange/remote/outputDir/inputDir/file1; type=file; length=100  o3fs://bucket72990.volume12942/test/ITestOzoneContractDistCp/testUpdateDeepDirectoryStructureNoChange/remote/outputDir/inputDir/subDir1/file2; type=file; length=200  o3fs://bucket72990.volume12942/test/ITestOzoneContractDistCp/testUpdateDeepDirectoryStructureNoChange/remote/outputDir/inputDir/subDir2/subDir2/file3; type=file; length=300  o3fs://bucket72990.volume12942/test/ITestOzoneContractDistCp/testUpdateDeepDirectoryStructureNoChange/remote/outputDir/inputDir/file1; type=file; length=100  o3fs://bucket72990.volume12942/test/ITestOzoneContractDistCp/testUpdateDeepDirectoryStructureNoChange/remote/outputDir/inputDir/subDir1/file2; type=file; length=200  o3fs://bucket72990.volume12942/test/ITestOzoneContractDistCp/testUpdateDeepDirectoryStructureNoChange/remote/outputDir/inputDir/subDir2/subDir2/file3; type=file; length=300  o3fs://bucket72990.volume12942/test/ITestOzoneContractDistCp/testUpdateDeepDirectoryStructureNoChange/remote/outputDir/inputDir/subDir4/subDir4/file4; type=file; length=400  o3fs://bucket72990.volume12942/test/ITestOzoneContractDistCp/testUpdateDeepDirectoryStructureNoChange/remote/outputDir/inputDir/subDir4/subDir4/file5; type=file; length=500  o3fs://bucket72990.volume12942/test/ITestOzoneContractDistCp/testUpdateDeepDirectoryStructureNoChange/remote/outputDir/inputDir/subDir4/subDir4/file4; type=file; length=400  o3fs://bucket72990.volume12942/test/ITestOzoneContractDistCp/testUpdateDeepDirectoryStructureNoChange/remote/outputDir/inputDir/subDir4/subDir4/file5; type=file; length=500  o3fs://bucket72990.volume12942/test/ITestOzoneContractDistCp/testUpdateDeepDirectoryStructureNoChange/remote/outputDir/inputDir/subDir4/subDir4/file4; type=file; length=400  o3fs://bucket72990.volume12942/test/ITestOzoneContractDistCp/testUpdateDeepDirectoryStructureNoChange/remote/outputDir/inputDir/subDir4/subDir4/file5; type=file; length=500  o3fs://bucket72990.volume12942/test/ITestOzoneContractDistCp/testUpdateDeepDirectoryStructureNoChange/remote/outputDir/inputDir/file1; type=file; length=100  o3fs://bucket72990.volume12942/test/ITestOzoneContractDistCp/testUpdateDeepDirectoryStructureNoChange/remote/outputDir/inputDir/subDir1/file2; type=file; length=200  o3fs://bucket72990.volume12942/test/ITestOzoneContractDistCp/testUpdateDeepDirectoryStructureNoChange/remote/outputDir/inputDir/subDir2/subDir2/file3; type=file; length=300  o3fs://bucket72990.volume12942/test/ITestOzoneContractDistCp/testUpdateDeepDirectoryStructureNoChange/remote/outputDir/inputDir/subDir4/subDir4/file4; type=file; length=400  o3fs://bucket72990.volume12942/test/ITestOzoneContractDistCp/testUpdateDeepDirectoryStructureNoChange/remote/outputDir/inputDir/subDir4/subDir4/file5; type=file; length=500
2019-11-05 17:31:33,717 [Thread-215] INFO  impl.MetricsSystemImpl (MetricsSystemImpl.java:init(158)) - JobTracker metrics system started (again)
2019-11-05 17:31:33,783 [Thread-215] INFO  impl.MetricsSystemImpl (MetricsSystemImpl.java:init(158)) - JobTracker metrics system started (again)
2019-11-05 17:31:33,960 [Thread-215] INFO  tools.SimpleCopyListing (SimpleCopyListing.java:printStats(608)) - Paths (files+dirs) cnt = 11; dirCnt = 6
2019-11-05 17:31:33,961 [Thread-215] INFO  tools.SimpleCopyListing (SimpleCopyListing.java:doBuildListing(402)) - Build file listing completed.
2019-11-05 17:31:34,241 [Thread-215] INFO  tools.DistCp (CopyListing.java:buildListing(94)) - Number of paths in the copy list: 11
2019-11-05 17:31:34,317 [Thread-215] INFO  tools.DistCp (CopyListing.java:buildListing(94)) - Number of paths in the copy list: 11
2019-11-05 17:31:34,319 [Thread-215] INFO  impl.MetricsSystemImpl (MetricsSystemImpl.java:init(158)) - JobTracker metrics system started (again)
2019-11-05 17:31:34,429 [Thread-215] WARN  mapreduce.JobResourceUploader (JobResourceUploader.java:uploadResourcesInternal(147)) - Hadoop command-line option parsing not performed. Implement the Tool interface and execute your application with ToolRunner to remedy this.
2019-11-05 17:31:34,731 [Thread-215] INFO  mapreduce.JobSubmitter (JobSubmitter.java:submitJobInternal(202)) - number of splits:10
2019-11-05 17:31:34,826 [Thread-215] INFO  Configuration.deprecation (Configuration.java:logDeprecation(1394)) - mapred.job.tracker is deprecated. Instead, use mapreduce.jobtracker.address
2019-11-05 17:31:34,858 [Thread-215] INFO  mapreduce.JobSubmitter (JobSubmitter.java:printTokens(298)) - Submitting tokens for job: job_local1577771646_0002
2019-11-05 17:31:34,867 [Thread-215] INFO  mapreduce.JobSubmitter (JobSubmitter.java:printTokens(299)) - Executing with tokens: []
2019-11-05 17:31:35,121 [Thread-215] INFO  mapreduce.Job (Job.java:submit(1574)) - The url to track the job: http://localhost:8080/
2019-11-05 17:31:35,124 [Thread-515] INFO  mapred.LocalJobRunner (LocalJobRunner.java:createOutputCommitter(501)) - OutputCommitter set in config null
2019-11-05 17:31:35,146 [Thread-215] INFO  tools.DistCp (DistCp.java:createAndSubmitJob(217)) - DistCp job-id: job_local1577771646_0002
2019-11-05 17:31:35,147 [Thread-515] INFO  output.FileOutputCommitter (FileOutputCommitter.java:<init>(140)) - File Output Committer Algorithm version is 2
2019-11-05 17:31:35,152 [Thread-215] INFO  mapreduce.Job (Job.java:monitorAndPrintJob(1619)) - Running job: job_local1577771646_0002
2019-11-05 17:31:35,152 [Thread-515] INFO  output.FileOutputCommitter (FileOutputCommitter.java:<init>(155)) - FileOutputCommitter skip cleanup _temporary folders under output directory:false, ignore cleanup failures: false
2019-11-05 17:31:35,152 [Thread-515] INFO  mapred.LocalJobRunner (LocalJobRunner.java:createOutputCommitter(519)) - OutputCommitter is org.apache.hadoop.tools.mapred.CopyCommitter
2019-11-05 17:31:35,194 [Thread-515] INFO  mapred.LocalJobRunner (LocalJobRunner.java:runTasks(478)) - Waiting for map tasks
2019-11-05 17:31:35,201 [LocalJobRunner Map Task Executor #0] INFO  mapred.LocalJobRunner (LocalJobRunner.java:run(252)) - Starting task: attempt_local1577771646_0002_m_000000_0
2019-11-05 17:31:35,206 [LocalJobRunner Map Task Executor #0] INFO  output.FileOutputCommitter (FileOutputCommitter.java:<init>(140)) - File Output Committer Algorithm version is 2
2019-11-05 17:31:35,206 [LocalJobRunner Map Task Executor #0] INFO  output.FileOutputCommitter (FileOutputCommitter.java:<init>(155)) - FileOutputCommitter skip cleanup _temporary folders under output directory:false, ignore cleanup failures: false
2019-11-05 17:31:35,206 [LocalJobRunner Map Task Executor #0] INFO  mapred.Task (Task.java:initialize(626)) -  Using ResourceCalculatorProcessTree : [ ]
2019-11-05 17:31:35,209 [LocalJobRunner Map Task Executor #0] INFO  mapred.MapTask (MapTask.java:runNewMapper(768)) - Processing split: file:/tmp/hadoop/mapred/staging/jenkins10001856715582/.staging/_distcp-806599313/fileList.seq:2547+554
2019-11-05 17:31:35,211 [LocalJobRunner Map Task Executor #0] INFO  output.FileOutputCommitter (FileOutputCommitter.java:<init>(140)) - File Output Committer Algorithm version is 2
2019-11-05 17:31:35,211 [LocalJobRunner Map Task Executor #0] INFO  output.FileOutputCommitter (FileOutputCommitter.java:<init>(155)) - FileOutputCommitter skip cleanup _temporary folders under output directory:false, ignore cleanup failures: false
2019-11-05 17:31:35,242 [LocalJobRunner Map Task Executor #0] INFO  mapred.CopyMapper (CopyMapper.java:map(154)) - Copying file:/workdir/hadoop-ozone/ozonefs/target/test-dir/ITestOzoneContractDistCp/testUpdateDeepDirectoryStructureNoChange/local/inputDir/subDir4/subDir4/file4 to o3fs://bucket72990.volume12942/test/ITestOzoneContractDistCp/testUpdateDeepDirectoryStructureNoChange/remote/outputDir/inputDir/subDir4/subDir4/file4
2019-11-05 17:31:35,255 [LocalJobRunner Map Task Executor #0] INFO  mapred.CopyMapper (CopyMapper.java:map(198)) - Skipping copy of file:/workdir/hadoop-ozone/ozonefs/target/test-dir/ITestOzoneContractDistCp/testUpdateDeepDirectoryStructureNoChange/local/inputDir/subDir4/subDir4/file4 to o3fs://bucket72990.volume12942/test/ITestOzoneContractDistCp/testUpdateDeepDirectoryStructureNoChange/remote/outputDir/inputDir/subDir4/subDir4/file4
2019-11-05 17:31:35,256 [LocalJobRunner Map Task Executor #0] INFO  mapred.CopyMapper (CopyMapper.java:map(154)) - Copying file:/workdir/hadoop-ozone/ozonefs/target/test-dir/ITestOzoneContractDistCp/testUpdateDeepDirectoryStructureNoChange/local/inputDir/file1 to o3fs://bucket72990.volume12942/test/ITestOzoneContractDistCp/testUpdateDeepDirectoryStructureNoChange/remote/outputDir/inputDir/file1
2019-11-05 17:31:35,264 [LocalJobRunner Map Task Executor #0] INFO  mapred.CopyMapper (CopyMapper.java:map(198)) - Skipping copy of file:/workdir/hadoop-ozone/ozonefs/target/test-dir/ITestOzoneContractDistCp/testUpdateDeepDirectoryStructureNoChange/local/inputDir/file1 to o3fs://bucket72990.volume12942/test/ITestOzoneContractDistCp/testUpdateDeepDirectoryStructureNoChange/remote/outputDir/inputDir/file1
2019-11-05 17:31:35,265 [LocalJobRunner Map Task Executor #0] INFO  mapred.LocalJobRunner (LocalJobRunner.java:statusUpdate(634)) - 
2019-11-05 17:31:35,265 [LocalJobRunner Map Task Executor #0] INFO  mapred.Task (Task.java:done(1244)) - Task:attempt_local1577771646_0002_m_000000_0 is done. And is in the process of committing
2019-11-05 17:31:35,266 [LocalJobRunner Map Task Executor #0] INFO  mapred.LocalJobRunner (LocalJobRunner.java:statusUpdate(634)) - 
2019-11-05 17:31:35,266 [LocalJobRunner Map Task Executor #0] INFO  mapred.Task (Task.java:commit(1421)) - Task attempt_local1577771646_0002_m_000000_0 is allowed to commit now
2019-11-05 17:31:35,268 [LocalJobRunner Map Task Executor #0] INFO  output.FileOutputCommitter (FileOutputCommitter.java:commitTask(598)) - Saved output of task 'attempt_local1577771646_0002_m_000000_0' to file:/tmp/hadoop/mapred/staging/jenkins10001856715582/.staging/_distcp-806599313/_logs
2019-11-05 17:31:35,268 [LocalJobRunner Map Task Executor #0] INFO  mapred.LocalJobRunner (LocalJobRunner.java:statusUpdate(634)) - Copying file:/workdir/hadoop-ozone/ozonefs/target/test-dir/ITestOzoneContractDistCp/testUpdateDeepDirectoryStructureNoChange/local/inputDir/file1 to o3fs://bucket72990.volume12942/test/ITestOzoneContractDistCp/testUpdateDeepDirectoryStructureNoChange/remote/outputDir/inputDir/file1
2019-11-05 17:31:35,268 [LocalJobRunner Map Task Executor #0] INFO  mapred.Task (Task.java:sendDone(1380)) - Task 'attempt_local1577771646_0002_m_000000_0' done.
2019-11-05 17:31:35,269 [LocalJobRunner Map Task Executor #0] INFO  mapred.Task (Task.java:done(1276)) - Final Counters for attempt_local1577771646_0002_m_000000_0: Counters: 23
	File System Counters
		FILE: Number of bytes read=453336
		FILE: Number of bytes written=1644374
		FILE: Number of read operations=0
		FILE: Number of large read operations=0
		FILE: Number of write operations=0
		O3FS: Number of bytes read=0
		O3FS: Number of bytes written=1500
		O3FS: Number of read operations=96
		O3FS: Number of large read operations=0
		O3FS: Number of write operations=19
	Map-Reduce Framework
		Map input records=2
		Map output records=2
		Input split bytes=158
		Spilled Records=0
		Failed Shuffles=0
		Merged Map outputs=0
		GC time elapsed (ms)=0
		Total committed heap usage (bytes)=2058354688
	File Input Format Counters 
		Bytes Read=3157
	File Output Format Counters 
		Bytes Written=316
	DistCp Counters
		Bandwidth in Btyes=0
		Bytes Skipped=500
		Files Skipped=2
2019-11-05 17:31:35,269 [LocalJobRunner Map Task Executor #0] INFO  mapred.LocalJobRunner (LocalJobRunner.java:run(277)) - Finishing task: attempt_local1577771646_0002_m_000000_0
2019-11-05 17:31:35,269 [LocalJobRunner Map Task Executor #0] INFO  mapred.LocalJobRunner (LocalJobRunner.java:run(252)) - Starting task: attempt_local1577771646_0002_m_000001_0
2019-11-05 17:31:35,272 [LocalJobRunner Map Task Executor #0] INFO  output.FileOutputCommitter (FileOutputCommitter.java:<init>(140)) - File Output Committer Algorithm version is 2
2019-11-05 17:31:35,273 [LocalJobRunner Map Task Executor #0] INFO  output.FileOutputCommitter (FileOutputCommitter.java:<init>(155)) - FileOutputCommitter skip cleanup _temporary folders under output directory:false, ignore cleanup failures: false
2019-11-05 17:31:35,273 [LocalJobRunner Map Task Executor #0] INFO  mapred.Task (Task.java:initialize(626)) -  Using ResourceCalculatorProcessTree : [ ]
2019-11-05 17:31:35,274 [LocalJobRunner Map Task Executor #0] INFO  mapred.MapTask (MapTask.java:runNewMapper(768)) - Processing split: file:/tmp/hadoop/mapred/staging/jenkins10001856715582/.staging/_distcp-806599313/fileList.seq:0+327
2019-11-05 17:31:35,274 [LocalJobRunner Map Task Executor #0] INFO  output.FileOutputCommitter (FileOutputCommitter.java:<init>(140)) - File Output Committer Algorithm version is 2
2019-11-05 17:31:35,275 [LocalJobRunner Map Task Executor #0] INFO  output.FileOutputCommitter (FileOutputCommitter.java:<init>(155)) - FileOutputCommitter skip cleanup _temporary folders under output directory:false, ignore cleanup failures: false
2019-11-05 17:31:35,302 [LocalJobRunner Map Task Executor #0] INFO  mapred.CopyMapper (CopyMapper.java:map(154)) - Copying file:/workdir/hadoop-ozone/ozonefs/target/test-dir/ITestOzoneContractDistCp/testUpdateDeepDirectoryStructureNoChange/local/inputDir to o3fs://bucket72990.volume12942/test/ITestOzoneContractDistCp/testUpdateDeepDirectoryStructureNoChange/remote/outputDir/inputDir
2019-11-05 17:31:35,335 [LocalJobRunner Map Task Executor #0] INFO  mapred.LocalJobRunner (LocalJobRunner.java:statusUpdate(634)) - 
2019-11-05 17:31:35,336 [LocalJobRunner Map Task Executor #0] INFO  mapred.Task (Task.java:done(1244)) - Task:attempt_local1577771646_0002_m_000001_0 is done. And is in the process of committing
2019-11-05 17:31:35,337 [LocalJobRunner Map Task Executor #0] INFO  mapred.LocalJobRunner (LocalJobRunner.java:statusUpdate(634)) - 
2019-11-05 17:31:35,337 [LocalJobRunner Map Task Executor #0] INFO  mapred.Task (Task.java:commit(1421)) - Task attempt_local1577771646_0002_m_000001_0 is allowed to commit now
2019-11-05 17:31:35,338 [LocalJobRunner Map Task Executor #0] INFO  output.FileOutputCommitter (FileOutputCommitter.java:commitTask(598)) - Saved output of task 'attempt_local1577771646_0002_m_000001_0' to file:/tmp/hadoop/mapred/staging/jenkins10001856715582/.staging/_distcp-806599313/_logs
2019-11-05 17:31:35,339 [LocalJobRunner Map Task Executor #0] INFO  mapred.LocalJobRunner (LocalJobRunner.java:statusUpdate(634)) - Copying file:/workdir/hadoop-ozone/ozonefs/target/test-dir/ITestOzoneContractDistCp/testUpdateDeepDirectoryStructureNoChange/local/inputDir to o3fs://bucket72990.volume12942/test/ITestOzoneContractDistCp/testUpdateDeepDirectoryStructureNoChange/remote/outputDir/inputDir
2019-11-05 17:31:35,339 [LocalJobRunner Map Task Executor #0] INFO  mapred.Task (Task.java:sendDone(1380)) - Task 'attempt_local1577771646_0002_m_000001_0' done.
2019-11-05 17:31:35,340 [LocalJobRunner Map Task Executor #0] INFO  mapred.Task (Task.java:done(1276)) - Final Counters for attempt_local1577771646_0002_m_000001_0: Counters: 22
	File System Counters
		FILE: Number of bytes read=458104
		FILE: Number of bytes written=1644382
		FILE: Number of read operations=0
		FILE: Number of large read operations=0
		FILE: Number of write operations=0
		O3FS: Number of bytes read=0
		O3FS: Number of bytes written=1500
		O3FS: Number of read operations=98
		O3FS: Number of large read operations=0
		O3FS: Number of write operations=19
	Map-Reduce Framework
		Map input records=1
		Map output records=0
		Input split bytes=158
		Spilled Records=0
		Failed Shuffles=0
		Merged Map outputs=0
		GC time elapsed (ms)=0
		Total committed heap usage (bytes)=2058354688
	File Input Format Counters 
		Bytes Read=3157
	File Output Format Counters 
		Bytes Written=8
	DistCp Counters
		Bandwidth in Btyes=0
		DIR_COPY=1
2019-11-05 17:31:35,340 [LocalJobRunner Map Task Executor #0] INFO  mapred.LocalJobRunner (LocalJobRunner.java:run(277)) - Finishing task: attempt_local1577771646_0002_m_000001_0
2019-11-05 17:31:35,340 [LocalJobRunner Map Task Executor #0] INFO  mapred.LocalJobRunner (LocalJobRunner.java:run(252)) - Starting task: attempt_local1577771646_0002_m_000002_0
2019-11-05 17:31:35,373 [LocalJobRunner Map Task Executor #0] INFO  output.FileOutputCommitter (FileOutputCommitter.java:<init>(140)) - File Output Committer Algorithm version is 2
2019-11-05 17:31:35,373 [LocalJobRunner Map Task Executor #0] INFO  output.FileOutputCommitter (FileOutputCommitter.java:<init>(155)) - FileOutputCommitter skip cleanup _temporary folders under output directory:false, ignore cleanup failures: false
2019-11-05 17:31:35,374 [LocalJobRunner Map Task Executor #0] INFO  mapred.Task (Task.java:initialize(626)) -  Using ResourceCalculatorProcessTree : [ ]
2019-11-05 17:31:35,378 [LocalJobRunner Map Task Executor #0] INFO  mapred.MapTask (MapTask.java:runNewMapper(768)) - Processing split: file:/tmp/hadoop/mapred/staging/jenkins10001856715582/.staging/_distcp-806599313/fileList.seq:327+293
2019-11-05 17:31:35,379 [LocalJobRunner Map Task Executor #0] INFO  output.FileOutputCommitter (FileOutputCommitter.java:<init>(140)) - File Output Committer Algorithm version is 2
2019-11-05 17:31:35,379 [LocalJobRunner Map Task Executor #0] INFO  output.FileOutputCommitter (FileOutputCommitter.java:<init>(155)) - FileOutputCommitter skip cleanup _temporary folders under output directory:false, ignore cleanup failures: false
2019-11-05 17:31:35,478 [LocalJobRunner Map Task Executor #0] INFO  mapred.CopyMapper (CopyMapper.java:map(154)) - Copying file:/workdir/hadoop-ozone/ozonefs/target/test-dir/ITestOzoneContractDistCp/testUpdateDeepDirectoryStructureNoChange/local/inputDir/subDir2/subDir2/file3 to o3fs://bucket72990.volume12942/test/ITestOzoneContractDistCp/testUpdateDeepDirectoryStructureNoChange/remote/outputDir/inputDir/subDir2/subDir2/file3
2019-11-05 17:31:35,489 [LocalJobRunner Map Task Executor #0] INFO  mapred.CopyMapper (CopyMapper.java:map(198)) - Skipping copy of file:/workdir/hadoop-ozone/ozonefs/target/test-dir/ITestOzoneContractDistCp/testUpdateDeepDirectoryStructureNoChange/local/inputDir/subDir2/subDir2/file3 to o3fs://bucket72990.volume12942/test/ITestOzoneContractDistCp/testUpdateDeepDirectoryStructureNoChange/remote/outputDir/inputDir/subDir2/subDir2/file3
2019-11-05 17:31:35,490 [LocalJobRunner Map Task Executor #0] INFO  mapred.LocalJobRunner (LocalJobRunner.java:statusUpdate(634)) - 
2019-11-05 17:31:35,490 [LocalJobRunner Map Task Executor #0] INFO  mapred.Task (Task.java:done(1244)) - Task:attempt_local1577771646_0002_m_000002_0 is done. And is in the process of committing
2019-11-05 17:31:35,491 [LocalJobRunner Map Task Executor #0] INFO  mapred.LocalJobRunner (LocalJobRunner.java:statusUpdate(634)) - 
2019-11-05 17:31:35,491 [LocalJobRunner Map Task Executor #0] INFO  mapred.Task (Task.java:commit(1421)) - Task attempt_local1577771646_0002_m_000002_0 is allowed to commit now
2019-11-05 17:31:35,493 [LocalJobRunner Map Task Executor #0] INFO  output.FileOutputCommitter (FileOutputCommitter.java:commitTask(598)) - Saved output of task 'attempt_local1577771646_0002_m_000002_0' to file:/tmp/hadoop/mapred/staging/jenkins10001856715582/.staging/_distcp-806599313/_logs
2019-11-05 17:31:35,493 [LocalJobRunner Map Task Executor #0] INFO  mapred.LocalJobRunner (LocalJobRunner.java:statusUpdate(634)) - Copying file:/workdir/hadoop-ozone/ozonefs/target/test-dir/ITestOzoneContractDistCp/testUpdateDeepDirectoryStructureNoChange/local/inputDir/subDir2/subDir2/file3 to o3fs://bucket72990.volume12942/test/ITestOzoneContractDistCp/testUpdateDeepDirectoryStructureNoChange/remote/outputDir/inputDir/subDir2/subDir2/file3
2019-11-05 17:31:35,494 [LocalJobRunner Map Task Executor #0] INFO  mapred.Task (Task.java:sendDone(1380)) - Task 'attempt_local1577771646_0002_m_000002_0' done.
2019-11-05 17:31:35,495 [LocalJobRunner Map Task Executor #0] INFO  mapred.Task (Task.java:done(1276)) - Final Counters for attempt_local1577771646_0002_m_000002_0: Counters: 23
	File System Counters
		FILE: Number of bytes read=462872
		FILE: Number of bytes written=1644554
		FILE: Number of read operations=0
		FILE: Number of large read operations=0
		FILE: Number of write operations=0
		O3FS: Number of bytes read=0
		O3FS: Number of bytes written=1500
		O3FS: Number of read operations=100
		O3FS: Number of large read operations=0
		O3FS: Number of write operations=19
	Map-Reduce Framework
		Map input records=1
		Map output records=1
		Input split bytes=158
		Spilled Records=0
		Failed Shuffles=0
		Merged Map outputs=0
		GC time elapsed (ms)=0
		Total committed heap usage (bytes)=2058354688
	File Input Format Counters 
		Bytes Read=3157
	File Output Format Counters 
		Bytes Written=172
	DistCp Counters
		Bandwidth in Btyes=0
		Bytes Skipped=300
		Files Skipped=1
2019-11-05 17:31:35,495 [LocalJobRunner Map Task Executor #0] INFO  mapred.LocalJobRunner (LocalJobRunner.java:run(277)) - Finishing task: attempt_local1577771646_0002_m_000002_0
2019-11-05 17:31:35,496 [LocalJobRunner Map Task Executor #0] INFO  mapred.LocalJobRunner (LocalJobRunner.java:run(252)) - Starting task: attempt_local1577771646_0002_m_000003_0
2019-11-05 17:31:35,502 [LocalJobRunner Map Task Executor #0] INFO  output.FileOutputCommitter (FileOutputCommitter.java:<init>(140)) - File Output Committer Algorithm version is 2
2019-11-05 17:31:35,502 [LocalJobRunner Map Task Executor #0] INFO  output.FileOutputCommitter (FileOutputCommitter.java:<init>(155)) - FileOutputCommitter skip cleanup _temporary folders under output directory:false, ignore cleanup failures: false
2019-11-05 17:31:35,505 [LocalJobRunner Map Task Executor #0] INFO  mapred.Task (Task.java:initialize(626)) -  Using ResourceCalculatorProcessTree : [ ]
2019-11-05 17:31:35,506 [LocalJobRunner Map Task Executor #0] INFO  mapred.MapTask (MapTask.java:runNewMapper(768)) - Processing split: file:/tmp/hadoop/mapred/staging/jenkins10001856715582/.staging/_distcp-806599313/fileList.seq:1150+293
2019-11-05 17:31:35,507 [LocalJobRunner Map Task Executor #0] INFO  output.FileOutputCommitter (FileOutputCommitter.java:<init>(140)) - File Output Committer Algorithm version is 2
2019-11-05 17:31:35,507 [LocalJobRunner Map Task Executor #0] INFO  output.FileOutputCommitter (FileOutputCommitter.java:<init>(155)) - FileOutputCommitter skip cleanup _temporary folders under output directory:false, ignore cleanup failures: false
2019-11-05 17:31:35,532 [LocalJobRunner Map Task Executor #0] INFO  mapred.CopyMapper (CopyMapper.java:map(154)) - Copying file:/workdir/hadoop-ozone/ozonefs/target/test-dir/ITestOzoneContractDistCp/testUpdateDeepDirectoryStructureNoChange/local/inputDir/subDir4/subDir4/file5 to o3fs://bucket72990.volume12942/test/ITestOzoneContractDistCp/testUpdateDeepDirectoryStructureNoChange/remote/outputDir/inputDir/subDir4/subDir4/file5
2019-11-05 17:31:35,555 [LocalJobRunner Map Task Executor #0] INFO  mapred.CopyMapper (CopyMapper.java:map(198)) - Skipping copy of file:/workdir/hadoop-ozone/ozonefs/target/test-dir/ITestOzoneContractDistCp/testUpdateDeepDirectoryStructureNoChange/local/inputDir/subDir4/subDir4/file5 to o3fs://bucket72990.volume12942/test/ITestOzoneContractDistCp/testUpdateDeepDirectoryStructureNoChange/remote/outputDir/inputDir/subDir4/subDir4/file5
2019-11-05 17:31:35,556 [LocalJobRunner Map Task Executor #0] INFO  mapred.LocalJobRunner (LocalJobRunner.java:statusUpdate(634)) - 
2019-11-05 17:31:35,557 [LocalJobRunner Map Task Executor #0] INFO  mapred.Task (Task.java:done(1244)) - Task:attempt_local1577771646_0002_m_000003_0 is done. And is in the process of committing
2019-11-05 17:31:35,559 [LocalJobRunner Map Task Executor #0] INFO  mapred.LocalJobRunner (LocalJobRunner.java:statusUpdate(634)) - 
2019-11-05 17:31:35,559 [LocalJobRunner Map Task Executor #0] INFO  mapred.Task (Task.java:commit(1421)) - Task attempt_local1577771646_0002_m_000003_0 is allowed to commit now
2019-11-05 17:31:35,563 [LocalJobRunner Map Task Executor #0] INFO  output.FileOutputCommitter (FileOutputCommitter.java:commitTask(598)) - Saved output of task 'attempt_local1577771646_0002_m_000003_0' to file:/tmp/hadoop/mapred/staging/jenkins10001856715582/.staging/_distcp-806599313/_logs
2019-11-05 17:31:35,564 [LocalJobRunner Map Task Executor #0] INFO  mapred.LocalJobRunner (LocalJobRunner.java:statusUpdate(634)) - Copying file:/workdir/hadoop-ozone/ozonefs/target/test-dir/ITestOzoneContractDistCp/testUpdateDeepDirectoryStructureNoChange/local/inputDir/subDir4/subDir4/file5 to o3fs://bucket72990.volume12942/test/ITestOzoneContractDistCp/testUpdateDeepDirectoryStructureNoChange/remote/outputDir/inputDir/subDir4/subDir4/file5
2019-11-05 17:31:35,565 [LocalJobRunner Map Task Executor #0] INFO  mapred.Task (Task.java:sendDone(1380)) - Task 'attempt_local1577771646_0002_m_000003_0' done.
2019-11-05 17:31:35,566 [LocalJobRunner Map Task Executor #0] INFO  mapred.Task (Task.java:done(1276)) - Final Counters for attempt_local1577771646_0002_m_000003_0: Counters: 23
	File System Counters
		FILE: Number of bytes read=467640
		FILE: Number of bytes written=1644726
		FILE: Number of read operations=0
		FILE: Number of large read operations=0
		FILE: Number of write operations=0
		O3FS: Number of bytes read=0
		O3FS: Number of bytes written=1500
		O3FS: Number of read operations=102
		O3FS: Number of large read operations=0
		O3FS: Number of write operations=19
	Map-Reduce Framework
		Map input records=1
		Map output records=1
		Input split bytes=158
		Spilled Records=0
		Failed Shuffles=0
		Merged Map outputs=0
		GC time elapsed (ms)=0
		Total committed heap usage (bytes)=2058354688
	File Input Format Counters 
		Bytes Read=3157
	File Output Format Counters 
		Bytes Written=172
	DistCp Counters
		Bandwidth in Btyes=0
		Bytes Skipped=500
		Files Skipped=1
2019-11-05 17:31:35,566 [LocalJobRunner Map Task Executor #0] INFO  mapred.LocalJobRunner (LocalJobRunner.java:run(277)) - Finishing task: attempt_local1577771646_0002_m_000003_0
2019-11-05 17:31:35,566 [LocalJobRunner Map Task Executor #0] INFO  mapred.LocalJobRunner (LocalJobRunner.java:run(252)) - Starting task: attempt_local1577771646_0002_m_000004_0
2019-11-05 17:31:35,567 [LocalJobRunner Map Task Executor #0] INFO  output.FileOutputCommitter (FileOutputCommitter.java:<init>(140)) - File Output Committer Algorithm version is 2
2019-11-05 17:31:35,568 [LocalJobRunner Map Task Executor #0] INFO  output.FileOutputCommitter (FileOutputCommitter.java:<init>(155)) - FileOutputCommitter skip cleanup _temporary folders under output directory:false, ignore cleanup failures: false
2019-11-05 17:31:35,568 [LocalJobRunner Map Task Executor #0] INFO  mapred.Task (Task.java:initialize(626)) -  Using ResourceCalculatorProcessTree : [ ]
2019-11-05 17:31:35,570 [LocalJobRunner Map Task Executor #0] INFO  mapred.MapTask (MapTask.java:runNewMapper(768)) - Processing split: file:/tmp/hadoop/mapred/staging/jenkins10001856715582/.staging/_distcp-806599313/fileList.seq:1985+281
2019-11-05 17:31:35,571 [LocalJobRunner Map Task Executor #0] INFO  output.FileOutputCommitter (FileOutputCommitter.java:<init>(140)) - File Output Committer Algorithm version is 2
2019-11-05 17:31:35,571 [LocalJobRunner Map Task Executor #0] INFO  output.FileOutputCommitter (FileOutputCommitter.java:<init>(155)) - FileOutputCommitter skip cleanup _temporary folders under output directory:false, ignore cleanup failures: false
2019-11-05 17:31:35,602 [LocalJobRunner Map Task Executor #0] INFO  mapred.CopyMapper (CopyMapper.java:map(154)) - Copying file:/workdir/hadoop-ozone/ozonefs/target/test-dir/ITestOzoneContractDistCp/testUpdateDeepDirectoryStructureNoChange/local/inputDir/subDir2/subDir2 to o3fs://bucket72990.volume12942/test/ITestOzoneContractDistCp/testUpdateDeepDirectoryStructureNoChange/remote/outputDir/inputDir/subDir2/subDir2
2019-11-05 17:31:35,641 [LocalJobRunner Map Task Executor #0] INFO  mapred.LocalJobRunner (LocalJobRunner.java:statusUpdate(634)) - 
2019-11-05 17:31:35,641 [LocalJobRunner Map Task Executor #0] INFO  mapred.Task (Task.java:done(1244)) - Task:attempt_local1577771646_0002_m_000004_0 is done. And is in the process of committing
2019-11-05 17:31:35,642 [LocalJobRunner Map Task Executor #0] INFO  mapred.LocalJobRunner (LocalJobRunner.java:statusUpdate(634)) - 
2019-11-05 17:31:35,642 [LocalJobRunner Map Task Executor #0] INFO  mapred.Task (Task.java:commit(1421)) - Task attempt_local1577771646_0002_m_000004_0 is allowed to commit now
2019-11-05 17:31:35,644 [LocalJobRunner Map Task Executor #0] INFO  output.FileOutputCommitter (FileOutputCommitter.java:commitTask(598)) - Saved output of task 'attempt_local1577771646_0002_m_000004_0' to file:/tmp/hadoop/mapred/staging/jenkins10001856715582/.staging/_distcp-806599313/_logs
2019-11-05 17:31:35,645 [LocalJobRunner Map Task Executor #0] INFO  mapred.LocalJobRunner (LocalJobRunner.java:statusUpdate(634)) - Copying file:/workdir/hadoop-ozone/ozonefs/target/test-dir/ITestOzoneContractDistCp/testUpdateDeepDirectoryStructureNoChange/local/inputDir/subDir2/subDir2 to o3fs://bucket72990.volume12942/test/ITestOzoneContractDistCp/testUpdateDeepDirectoryStructureNoChange/remote/outputDir/inputDir/subDir2/subDir2
2019-11-05 17:31:35,645 [LocalJobRunner Map Task Executor #0] INFO  mapred.Task (Task.java:sendDone(1380)) - Task 'attempt_local1577771646_0002_m_000004_0' done.
2019-11-05 17:31:35,645 [LocalJobRunner Map Task Executor #0] INFO  mapred.Task (Task.java:done(1276)) - Final Counters for attempt_local1577771646_0002_m_000004_0: Counters: 22
	File System Counters
		FILE: Number of bytes read=471896
		FILE: Number of bytes written=1644734
		FILE: Number of read operations=0
		FILE: Number of large read operations=0
		FILE: Number of write operations=0
		O3FS: Number of bytes read=0
		O3FS: Number of bytes written=1500
		O3FS: Number of read operations=104
		O3FS: Number of large read operations=0
		O3FS: Number of write operations=19
	Map-Reduce Framework
		Map input records=1
		Map output records=0
		Input split bytes=158
		Spilled Records=0
		Failed Shuffles=0
		Merged Map outputs=0
		GC time elapsed (ms)=0
		Total committed heap usage (bytes)=2058354688
	File Input Format Counters 
		Bytes Read=3157
	File Output Format Counters 
		Bytes Written=8
	DistCp Counters
		Bandwidth in Btyes=0
		DIR_COPY=1
2019-11-05 17:31:35,645 [LocalJobRunner Map Task Executor #0] INFO  mapred.LocalJobRunner (LocalJobRunner.java:run(277)) - Finishing task: attempt_local1577771646_0002_m_000004_0
2019-11-05 17:31:35,645 [LocalJobRunner Map Task Executor #0] INFO  mapred.LocalJobRunner (LocalJobRunner.java:run(252)) - Starting task: attempt_local1577771646_0002_m_000005_0
2019-11-05 17:31:35,660 [LocalJobRunner Map Task Executor #0] INFO  output.FileOutputCommitter (FileOutputCommitter.java:<init>(140)) - File Output Committer Algorithm version is 2
2019-11-05 17:31:35,661 [LocalJobRunner Map Task Executor #0] INFO  output.FileOutputCommitter (FileOutputCommitter.java:<init>(155)) - FileOutputCommitter skip cleanup _temporary folders under output directory:false, ignore cleanup failures: false
2019-11-05 17:31:35,661 [LocalJobRunner Map Task Executor #0] INFO  mapred.Task (Task.java:initialize(626)) -  Using ResourceCalculatorProcessTree : [ ]
2019-11-05 17:31:35,662 [LocalJobRunner Map Task Executor #0] INFO  mapred.MapTask (MapTask.java:runNewMapper(768)) - Processing split: file:/tmp/hadoop/mapred/staging/jenkins10001856715582/.staging/_distcp-806599313/fileList.seq:2266+281
2019-11-05 17:31:35,663 [LocalJobRunner Map Task Executor #0] INFO  output.FileOutputCommitter (FileOutputCommitter.java:<init>(140)) - File Output Committer Algorithm version is 2
2019-11-05 17:31:35,663 [LocalJobRunner Map Task Executor #0] INFO  output.FileOutputCommitter (FileOutputCommitter.java:<init>(155)) - FileOutputCommitter skip cleanup _temporary folders under output directory:false, ignore cleanup failures: false
2019-11-05 17:31:35,727 [LocalJobRunner Map Task Executor #0] INFO  mapred.CopyMapper (CopyMapper.java:map(154)) - Copying file:/workdir/hadoop-ozone/ozonefs/target/test-dir/ITestOzoneContractDistCp/testUpdateDeepDirectoryStructureNoChange/local/inputDir/subDir4/subDir4 to o3fs://bucket72990.volume12942/test/ITestOzoneContractDistCp/testUpdateDeepDirectoryStructureNoChange/remote/outputDir/inputDir/subDir4/subDir4
2019-11-05 17:31:35,774 [LocalJobRunner Map Task Executor #0] INFO  mapred.LocalJobRunner (LocalJobRunner.java:statusUpdate(634)) - 
2019-11-05 17:31:35,775 [LocalJobRunner Map Task Executor #0] INFO  mapred.Task (Task.java:done(1244)) - Task:attempt_local1577771646_0002_m_000005_0 is done. And is in the process of committing
2019-11-05 17:31:35,776 [LocalJobRunner Map Task Executor #0] INFO  mapred.LocalJobRunner (LocalJobRunner.java:statusUpdate(634)) - 
2019-11-05 17:31:35,776 [LocalJobRunner Map Task Executor #0] INFO  mapred.Task (Task.java:commit(1421)) - Task attempt_local1577771646_0002_m_000005_0 is allowed to commit now
2019-11-05 17:31:35,777 [LocalJobRunner Map Task Executor #0] INFO  output.FileOutputCommitter (FileOutputCommitter.java:commitTask(598)) - Saved output of task 'attempt_local1577771646_0002_m_000005_0' to file:/tmp/hadoop/mapred/staging/jenkins10001856715582/.staging/_distcp-806599313/_logs
2019-11-05 17:31:35,778 [LocalJobRunner Map Task Executor #0] INFO  mapred.LocalJobRunner (LocalJobRunner.java:statusUpdate(634)) - Copying file:/workdir/hadoop-ozone/ozonefs/target/test-dir/ITestOzoneContractDistCp/testUpdateDeepDirectoryStructureNoChange/local/inputDir/subDir4/subDir4 to o3fs://bucket72990.volume12942/test/ITestOzoneContractDistCp/testUpdateDeepDirectoryStructureNoChange/remote/outputDir/inputDir/subDir4/subDir4
2019-11-05 17:31:35,778 [LocalJobRunner Map Task Executor #0] INFO  mapred.Task (Task.java:sendDone(1380)) - Task 'attempt_local1577771646_0002_m_000005_0' done.
2019-11-05 17:31:35,778 [LocalJobRunner Map Task Executor #0] INFO  mapred.Task (Task.java:done(1276)) - Final Counters for attempt_local1577771646_0002_m_000005_0: Counters: 22
	File System Counters
		FILE: Number of bytes read=476152
		FILE: Number of bytes written=1644742
		FILE: Number of read operations=0
		FILE: Number of large read operations=0
		FILE: Number of write operations=0
		O3FS: Number of bytes read=0
		O3FS: Number of bytes written=1500
		O3FS: Number of read operations=106
		O3FS: Number of large read operations=0
		O3FS: Number of write operations=19
	Map-Reduce Framework
		Map input records=1
		Map output records=0
		Input split bytes=158
		Spilled Records=0
		Failed Shuffles=0
		Merged Map outputs=0
		GC time elapsed (ms)=0
		Total committed heap usage (bytes)=2058354688
	File Input Format Counters 
		Bytes Read=3157
	File Output Format Counters 
		Bytes Written=8
	DistCp Counters
		Bandwidth in Btyes=0
		DIR_COPY=1
2019-11-05 17:31:35,779 [LocalJobRunner Map Task Executor #0] INFO  mapred.LocalJobRunner (LocalJobRunner.java:run(277)) - Finishing task: attempt_local1577771646_0002_m_000005_0
2019-11-05 17:31:35,779 [LocalJobRunner Map Task Executor #0] INFO  mapred.LocalJobRunner (LocalJobRunner.java:run(252)) - Starting task: attempt_local1577771646_0002_m_000006_0
2019-11-05 17:31:35,780 [LocalJobRunner Map Task Executor #0] INFO  output.FileOutputCommitter (FileOutputCommitter.java:<init>(140)) - File Output Committer Algorithm version is 2
2019-11-05 17:31:35,780 [LocalJobRunner Map Task Executor #0] INFO  output.FileOutputCommitter (FileOutputCommitter.java:<init>(155)) - FileOutputCommitter skip cleanup _temporary folders under output directory:false, ignore cleanup failures: false
2019-11-05 17:31:35,780 [LocalJobRunner Map Task Executor #0] INFO  mapred.Task (Task.java:initialize(626)) -  Using ResourceCalculatorProcessTree : [ ]
2019-11-05 17:31:35,781 [LocalJobRunner Map Task Executor #0] INFO  mapred.MapTask (MapTask.java:runNewMapper(768)) - Processing split: file:/tmp/hadoop/mapred/staging/jenkins10001856715582/.staging/_distcp-806599313/fileList.seq:1708+277
2019-11-05 17:31:35,782 [LocalJobRunner Map Task Executor #0] INFO  output.FileOutputCommitter (FileOutputCommitter.java:<init>(140)) - File Output Committer Algorithm version is 2
2019-11-05 17:31:35,782 [LocalJobRunner Map Task Executor #0] INFO  output.FileOutputCommitter (FileOutputCommitter.java:<init>(155)) - FileOutputCommitter skip cleanup _temporary folders under output directory:false, ignore cleanup failures: false
2019-11-05 17:31:35,858 [LocalJobRunner Map Task Executor #0] INFO  mapred.CopyMapper (CopyMapper.java:map(154)) - Copying file:/workdir/hadoop-ozone/ozonefs/target/test-dir/ITestOzoneContractDistCp/testUpdateDeepDirectoryStructureNoChange/local/inputDir/subDir1/file2 to o3fs://bucket72990.volume12942/test/ITestOzoneContractDistCp/testUpdateDeepDirectoryStructureNoChange/remote/outputDir/inputDir/subDir1/file2
2019-11-05 17:31:35,891 [LocalJobRunner Map Task Executor #0] INFO  mapred.CopyMapper (CopyMapper.java:map(198)) - Skipping copy of file:/workdir/hadoop-ozone/ozonefs/target/test-dir/ITestOzoneContractDistCp/testUpdateDeepDirectoryStructureNoChange/local/inputDir/subDir1/file2 to o3fs://bucket72990.volume12942/test/ITestOzoneContractDistCp/testUpdateDeepDirectoryStructureNoChange/remote/outputDir/inputDir/subDir1/file2
2019-11-05 17:31:35,892 [LocalJobRunner Map Task Executor #0] INFO  mapred.LocalJobRunner (LocalJobRunner.java:statusUpdate(634)) - 
2019-11-05 17:31:35,892 [LocalJobRunner Map Task Executor #0] INFO  mapred.Task (Task.java:done(1244)) - Task:attempt_local1577771646_0002_m_000006_0 is done. And is in the process of committing
2019-11-05 17:31:35,898 [LocalJobRunner Map Task Executor #0] INFO  mapred.LocalJobRunner (LocalJobRunner.java:statusUpdate(634)) - 
2019-11-05 17:31:35,898 [LocalJobRunner Map Task Executor #0] INFO  mapred.Task (Task.java:commit(1421)) - Task attempt_local1577771646_0002_m_000006_0 is allowed to commit now
2019-11-05 17:31:35,900 [LocalJobRunner Map Task Executor #0] INFO  output.FileOutputCommitter (FileOutputCommitter.java:commitTask(598)) - Saved output of task 'attempt_local1577771646_0002_m_000006_0' to file:/tmp/hadoop/mapred/staging/jenkins10001856715582/.staging/_distcp-806599313/_logs
2019-11-05 17:31:35,906 [LocalJobRunner Map Task Executor #0] INFO  mapred.LocalJobRunner (LocalJobRunner.java:statusUpdate(634)) - Copying file:/workdir/hadoop-ozone/ozonefs/target/test-dir/ITestOzoneContractDistCp/testUpdateDeepDirectoryStructureNoChange/local/inputDir/subDir1/file2 to o3fs://bucket72990.volume12942/test/ITestOzoneContractDistCp/testUpdateDeepDirectoryStructureNoChange/remote/outputDir/inputDir/subDir1/file2
2019-11-05 17:31:35,906 [LocalJobRunner Map Task Executor #0] INFO  mapred.Task (Task.java:sendDone(1380)) - Task 'attempt_local1577771646_0002_m_000006_0' done.
2019-11-05 17:31:35,906 [LocalJobRunner Map Task Executor #0] INFO  mapred.Task (Task.java:done(1276)) - Final Counters for attempt_local1577771646_0002_m_000006_0: Counters: 23
	File System Counters
		FILE: Number of bytes read=480408
		FILE: Number of bytes written=1644906
		FILE: Number of read operations=0
		FILE: Number of large read operations=0
		FILE: Number of write operations=0
		O3FS: Number of bytes read=0
		O3FS: Number of bytes written=1500
		O3FS: Number of read operations=108
		O3FS: Number of large read operations=0
		O3FS: Number of write operations=19
	Map-Reduce Framework
		Map input records=1
		Map output records=1
		Input split bytes=158
		Spilled Records=0
		Failed Shuffles=0
		Merged Map outputs=0
		GC time elapsed (ms)=0
		Total committed heap usage (bytes)=2058354688
	File Input Format Counters 
		Bytes Read=3157
	File Output Format Counters 
		Bytes Written=164
	DistCp Counters
		Bandwidth in Btyes=0
		Bytes Skipped=200
		Files Skipped=1
2019-11-05 17:31:35,906 [LocalJobRunner Map Task Executor #0] INFO  mapred.LocalJobRunner (LocalJobRunner.java:run(277)) - Finishing task: attempt_local1577771646_0002_m_000006_0
2019-11-05 17:31:35,907 [LocalJobRunner Map Task Executor #0] INFO  mapred.LocalJobRunner (LocalJobRunner.java:run(252)) - Starting task: attempt_local1577771646_0002_m_000007_0
2019-11-05 17:31:35,923 [LocalJobRunner Map Task Executor #0] INFO  output.FileOutputCommitter (FileOutputCommitter.java:<init>(140)) - File Output Committer Algorithm version is 2
2019-11-05 17:31:35,924 [LocalJobRunner Map Task Executor #0] INFO  output.FileOutputCommitter (FileOutputCommitter.java:<init>(155)) - FileOutputCommitter skip cleanup _temporary folders under output directory:false, ignore cleanup failures: false
2019-11-05 17:31:35,924 [LocalJobRunner Map Task Executor #0] INFO  mapred.Task (Task.java:initialize(626)) -  Using ResourceCalculatorProcessTree : [ ]
2019-11-05 17:31:35,925 [LocalJobRunner Map Task Executor #0] INFO  mapred.MapTask (MapTask.java:runNewMapper(768)) - Processing split: file:/tmp/hadoop/mapred/staging/jenkins10001856715582/.staging/_distcp-806599313/fileList.seq:620+265
2019-11-05 17:31:35,927 [LocalJobRunner Map Task Executor #0] INFO  output.FileOutputCommitter (FileOutputCommitter.java:<init>(140)) - File Output Committer Algorithm version is 2
2019-11-05 17:31:35,927 [LocalJobRunner Map Task Executor #0] INFO  output.FileOutputCommitter (FileOutputCommitter.java:<init>(155)) - FileOutputCommitter skip cleanup _temporary folders under output directory:false, ignore cleanup failures: false
2019-11-05 17:31:35,993 [LocalJobRunner Map Task Executor #0] INFO  mapred.CopyMapper (CopyMapper.java:map(154)) - Copying file:/workdir/hadoop-ozone/ozonefs/target/test-dir/ITestOzoneContractDistCp/testUpdateDeepDirectoryStructureNoChange/local/inputDir/subDir1 to o3fs://bucket72990.volume12942/test/ITestOzoneContractDistCp/testUpdateDeepDirectoryStructureNoChange/remote/outputDir/inputDir/subDir1
2019-11-05 17:31:36,043 [LocalJobRunner Map Task Executor #0] INFO  mapred.LocalJobRunner (LocalJobRunner.java:statusUpdate(634)) - 
2019-11-05 17:31:36,044 [LocalJobRunner Map Task Executor #0] INFO  mapred.Task (Task.java:done(1244)) - Task:attempt_local1577771646_0002_m_000007_0 is done. And is in the process of committing
2019-11-05 17:31:36,044 [LocalJobRunner Map Task Executor #0] INFO  mapred.LocalJobRunner (LocalJobRunner.java:statusUpdate(634)) - 
2019-11-05 17:31:36,044 [LocalJobRunner Map Task Executor #0] INFO  mapred.Task (Task.java:commit(1421)) - Task attempt_local1577771646_0002_m_000007_0 is allowed to commit now
2019-11-05 17:31:36,046 [LocalJobRunner Map Task Executor #0] INFO  output.FileOutputCommitter (FileOutputCommitter.java:commitTask(598)) - Saved output of task 'attempt_local1577771646_0002_m_000007_0' to file:/tmp/hadoop/mapred/staging/jenkins10001856715582/.staging/_distcp-806599313/_logs
2019-11-05 17:31:36,046 [LocalJobRunner Map Task Executor #0] INFO  mapred.LocalJobRunner (LocalJobRunner.java:statusUpdate(634)) - Copying file:/workdir/hadoop-ozone/ozonefs/target/test-dir/ITestOzoneContractDistCp/testUpdateDeepDirectoryStructureNoChange/local/inputDir/subDir1 to o3fs://bucket72990.volume12942/test/ITestOzoneContractDistCp/testUpdateDeepDirectoryStructureNoChange/remote/outputDir/inputDir/subDir1
2019-11-05 17:31:36,047 [LocalJobRunner Map Task Executor #0] INFO  mapred.Task (Task.java:sendDone(1380)) - Task 'attempt_local1577771646_0002_m_000007_0' done.
2019-11-05 17:31:36,047 [LocalJobRunner Map Task Executor #0] INFO  mapred.Task (Task.java:done(1276)) - Final Counters for attempt_local1577771646_0002_m_000007_0: Counters: 22
	File System Counters
		FILE: Number of bytes read=484152
		FILE: Number of bytes written=1644914
		FILE: Number of read operations=0
		FILE: Number of large read operations=0
		FILE: Number of write operations=0
		O3FS: Number of bytes read=0
		O3FS: Number of bytes written=1500
		O3FS: Number of read operations=110
		O3FS: Number of large read operations=0
		O3FS: Number of write operations=19
	Map-Reduce Framework
		Map input records=1
		Map output records=0
		Input split bytes=158
		Spilled Records=0
		Failed Shuffles=0
		Merged Map outputs=0
		GC time elapsed (ms)=0
		Total committed heap usage (bytes)=2058354688
	File Input Format Counters 
		Bytes Read=3157
	File Output Format Counters 
		Bytes Written=8
	DistCp Counters
		Bandwidth in Btyes=0
		DIR_COPY=1
2019-11-05 17:31:36,048 [LocalJobRunner Map Task Executor #0] INFO  mapred.LocalJobRunner (LocalJobRunner.java:run(277)) - Finishing task: attempt_local1577771646_0002_m_000007_0
2019-11-05 17:31:36,048 [LocalJobRunner Map Task Executor #0] INFO  mapred.LocalJobRunner (LocalJobRunner.java:run(252)) - Starting task: attempt_local1577771646_0002_m_000008_0
2019-11-05 17:31:36,078 [LocalJobRunner Map Task Executor #0] INFO  output.FileOutputCommitter (FileOutputCommitter.java:<init>(140)) - File Output Committer Algorithm version is 2
2019-11-05 17:31:36,078 [LocalJobRunner Map Task Executor #0] INFO  output.FileOutputCommitter (FileOutputCommitter.java:<init>(155)) - FileOutputCommitter skip cleanup _temporary folders under output directory:false, ignore cleanup failures: false
2019-11-05 17:31:36,079 [LocalJobRunner Map Task Executor #0] INFO  mapred.Task (Task.java:initialize(626)) -  Using ResourceCalculatorProcessTree : [ ]
2019-11-05 17:31:36,080 [LocalJobRunner Map Task Executor #0] INFO  mapred.MapTask (MapTask.java:runNewMapper(768)) - Processing split: file:/tmp/hadoop/mapred/staging/jenkins10001856715582/.staging/_distcp-806599313/fileList.seq:885+265
2019-11-05 17:31:36,080 [LocalJobRunner Map Task Executor #0] INFO  output.FileOutputCommitter (FileOutputCommitter.java:<init>(140)) - File Output Committer Algorithm version is 2
2019-11-05 17:31:36,080 [LocalJobRunner Map Task Executor #0] INFO  output.FileOutputCommitter (FileOutputCommitter.java:<init>(155)) - FileOutputCommitter skip cleanup _temporary folders under output directory:false, ignore cleanup failures: false
2019-11-05 17:31:36,152 [Thread-215] INFO  mapreduce.Job (Job.java:monitorAndPrintJob(1640)) - Job job_local1577771646_0002 running in uber mode : false
2019-11-05 17:31:36,159 [Thread-215] INFO  mapreduce.Job (Job.java:monitorAndPrintJob(1647)) -  map 100% reduce 0%
2019-11-05 17:31:36,160 [LocalJobRunner Map Task Executor #0] INFO  mapred.CopyMapper (CopyMapper.java:map(154)) - Copying file:/workdir/hadoop-ozone/ozonefs/target/test-dir/ITestOzoneContractDistCp/testUpdateDeepDirectoryStructureNoChange/local/inputDir/subDir4 to o3fs://bucket72990.volume12942/test/ITestOzoneContractDistCp/testUpdateDeepDirectoryStructureNoChange/remote/outputDir/inputDir/subDir4
2019-11-05 17:31:36,186 [LocalJobRunner Map Task Executor #0] INFO  mapred.LocalJobRunner (LocalJobRunner.java:statusUpdate(634)) - 
2019-11-05 17:31:36,186 [LocalJobRunner Map Task Executor #0] INFO  mapred.Task (Task.java:done(1244)) - Task:attempt_local1577771646_0002_m_000008_0 is done. And is in the process of committing
2019-11-05 17:31:36,187 [LocalJobRunner Map Task Executor #0] INFO  mapred.LocalJobRunner (LocalJobRunner.java:statusUpdate(634)) - 
2019-11-05 17:31:36,187 [LocalJobRunner Map Task Executor #0] INFO  mapred.Task (Task.java:commit(1421)) - Task attempt_local1577771646_0002_m_000008_0 is allowed to commit now
2019-11-05 17:31:36,188 [LocalJobRunner Map Task Executor #0] INFO  output.FileOutputCommitter (FileOutputCommitter.java:commitTask(598)) - Saved output of task 'attempt_local1577771646_0002_m_000008_0' to file:/tmp/hadoop/mapred/staging/jenkins10001856715582/.staging/_distcp-806599313/_logs
2019-11-05 17:31:36,189 [LocalJobRunner Map Task Executor #0] INFO  mapred.LocalJobRunner (LocalJobRunner.java:statusUpdate(634)) - Copying file:/workdir/hadoop-ozone/ozonefs/target/test-dir/ITestOzoneContractDistCp/testUpdateDeepDirectoryStructureNoChange/local/inputDir/subDir4 to o3fs://bucket72990.volume12942/test/ITestOzoneContractDistCp/testUpdateDeepDirectoryStructureNoChange/remote/outputDir/inputDir/subDir4
2019-11-05 17:31:36,189 [LocalJobRunner Map Task Executor #0] INFO  mapred.Task (Task.java:sendDone(1380)) - Task 'attempt_local1577771646_0002_m_000008_0' done.
2019-11-05 17:31:36,190 [LocalJobRunner Map Task Executor #0] INFO  mapred.Task (Task.java:done(1276)) - Final Counters for attempt_local1577771646_0002_m_000008_0: Counters: 22
	File System Counters
		FILE: Number of bytes read=487896
		FILE: Number of bytes written=1644922
		FILE: Number of read operations=0
		FILE: Number of large read operations=0
		FILE: Number of write operations=0
		O3FS: Number of bytes read=0
		O3FS: Number of bytes written=1500
		O3FS: Number of read operations=112
		O3FS: Number of large read operations=0
		O3FS: Number of write operations=19
	Map-Reduce Framework
		Map input records=1
		Map output records=0
		Input split bytes=158
		Spilled Records=0
		Failed Shuffles=0
		Merged Map outputs=0
		GC time elapsed (ms)=0
		Total committed heap usage (bytes)=2058354688
	File Input Format Counters 
		Bytes Read=3157
	File Output Format Counters 
		Bytes Written=8
	DistCp Counters
		Bandwidth in Btyes=0
		DIR_COPY=1
2019-11-05 17:31:36,190 [LocalJobRunner Map Task Executor #0] INFO  mapred.LocalJobRunner (LocalJobRunner.java:run(277)) - Finishing task: attempt_local1577771646_0002_m_000008_0
2019-11-05 17:31:36,190 [LocalJobRunner Map Task Executor #0] INFO  mapred.LocalJobRunner (LocalJobRunner.java:run(252)) - Starting task: attempt_local1577771646_0002_m_000009_0
2019-11-05 17:31:36,191 [LocalJobRunner Map Task Executor #0] INFO  output.FileOutputCommitter (FileOutputCommitter.java:<init>(140)) - File Output Committer Algorithm version is 2
2019-11-05 17:31:36,191 [LocalJobRunner Map Task Executor #0] INFO  output.FileOutputCommitter (FileOutputCommitter.java:<init>(155)) - FileOutputCommitter skip cleanup _temporary folders under output directory:false, ignore cleanup failures: false
2019-11-05 17:31:36,191 [LocalJobRunner Map Task Executor #0] INFO  mapred.Task (Task.java:initialize(626)) -  Using ResourceCalculatorProcessTree : [ ]
2019-11-05 17:31:36,192 [LocalJobRunner Map Task Executor #0] INFO  mapred.MapTask (MapTask.java:runNewMapper(768)) - Processing split: file:/tmp/hadoop/mapred/staging/jenkins10001856715582/.staging/_distcp-806599313/fileList.seq:1443+265
2019-11-05 17:31:36,193 [LocalJobRunner Map Task Executor #0] INFO  output.FileOutputCommitter (FileOutputCommitter.java:<init>(140)) - File Output Committer Algorithm version is 2
2019-11-05 17:31:36,193 [LocalJobRunner Map Task Executor #0] INFO  output.FileOutputCommitter (FileOutputCommitter.java:<init>(155)) - FileOutputCommitter skip cleanup _temporary folders under output directory:false, ignore cleanup failures: false
2019-11-05 17:31:36,213 [LocalJobRunner Map Task Executor #0] INFO  mapred.CopyMapper (CopyMapper.java:map(154)) - Copying file:/workdir/hadoop-ozone/ozonefs/target/test-dir/ITestOzoneContractDistCp/testUpdateDeepDirectoryStructureNoChange/local/inputDir/subDir2 to o3fs://bucket72990.volume12942/test/ITestOzoneContractDistCp/testUpdateDeepDirectoryStructureNoChange/remote/outputDir/inputDir/subDir2
2019-11-05 17:31:36,240 [LocalJobRunner Map Task Executor #0] INFO  mapred.LocalJobRunner (LocalJobRunner.java:statusUpdate(634)) - 
2019-11-05 17:31:36,240 [LocalJobRunner Map Task Executor #0] INFO  mapred.Task (Task.java:done(1244)) - Task:attempt_local1577771646_0002_m_000009_0 is done. And is in the process of committing
2019-11-05 17:31:36,241 [LocalJobRunner Map Task Executor #0] INFO  mapred.LocalJobRunner (LocalJobRunner.java:statusUpdate(634)) - 
2019-11-05 17:31:36,241 [LocalJobRunner Map Task Executor #0] INFO  mapred.Task (Task.java:commit(1421)) - Task attempt_local1577771646_0002_m_000009_0 is allowed to commit now
2019-11-05 17:31:36,243 [LocalJobRunner Map Task Executor #0] INFO  output.FileOutputCommitter (FileOutputCommitter.java:commitTask(598)) - Saved output of task 'attempt_local1577771646_0002_m_000009_0' to file:/tmp/hadoop/mapred/staging/jenkins10001856715582/.staging/_distcp-806599313/_logs
2019-11-05 17:31:36,243 [LocalJobRunner Map Task Executor #0] INFO  mapred.LocalJobRunner (LocalJobRunner.java:statusUpdate(634)) - Copying file:/workdir/hadoop-ozone/ozonefs/target/test-dir/ITestOzoneContractDistCp/testUpdateDeepDirectoryStructureNoChange/local/inputDir/subDir2 to o3fs://bucket72990.volume12942/test/ITestOzoneContractDistCp/testUpdateDeepDirectoryStructureNoChange/remote/outputDir/inputDir/subDir2
2019-11-05 17:31:36,243 [LocalJobRunner Map Task Executor #0] INFO  mapred.Task (Task.java:sendDone(1380)) - Task 'attempt_local1577771646_0002_m_000009_0' done.
2019-11-05 17:31:36,244 [LocalJobRunner Map Task Executor #0] INFO  mapred.Task (Task.java:done(1276)) - Final Counters for attempt_local1577771646_0002_m_000009_0: Counters: 22
	File System Counters
		FILE: Number of bytes read=491640
		FILE: Number of bytes written=1644930
		FILE: Number of read operations=0
		FILE: Number of large read operations=0
		FILE: Number of write operations=0
		O3FS: Number of bytes read=0
		O3FS: Number of bytes written=1500
		O3FS: Number of read operations=114
		O3FS: Number of large read operations=0
		O3FS: Number of write operations=19
	Map-Reduce Framework
		Map input records=1
		Map output records=0
		Input split bytes=158
		Spilled Records=0
		Failed Shuffles=0
		Merged Map outputs=0
		GC time elapsed (ms)=0
		Total committed heap usage (bytes)=2058354688
	File Input Format Counters 
		Bytes Read=3157
	File Output Format Counters 
		Bytes Written=8
	DistCp Counters
		Bandwidth in Btyes=0
		DIR_COPY=1
2019-11-05 17:31:36,244 [LocalJobRunner Map Task Executor #0] INFO  mapred.LocalJobRunner (LocalJobRunner.java:run(277)) - Finishing task: attempt_local1577771646_0002_m_000009_0
2019-11-05 17:31:36,244 [Thread-515] INFO  mapred.LocalJobRunner (LocalJobRunner.java:runTasks(486)) - map task executor complete.
2019-11-05 17:31:36,308 [Thread-515] INFO  mapred.CopyCommitter (CopyCommitter.java:deleteMissing(393)) - -delete option is enabled. About to remove entries from target that are missing in source
2019-11-05 17:31:36,366 [Thread-515] INFO  mapred.CopyCommitter (CopyCommitter.java:deleteMissing(402)) - Source listing completed in 0:00:00.052
2019-11-05 17:31:36,369 [Thread-515] INFO  mapred.CopyCommitter (CopyCommitter.java:listTargetFiles(560)) - Scanning destination directory o3fs://bucket72990.volume12942/test/ITestOzoneContractDistCp/testUpdateDeepDirectoryStructureNoChange/remote/outputDir with thread count: 40
17:31:36.375 [IPC Server handler 1 on 37190] ERROR OMAudit - user=jenkins1000 | ip=127.0.0.1 | op=GET_FILE_STATUS {volume=volume12942, bucket=bucket72990, key=NONE, dataSize=0, replicationType=null, replicationFactor=null, keyLocationInfo=null} | ret=FAILURE
org.apache.hadoop.ozone.om.exceptions.OMException: Unable to get file status: volume: volume12942 bucket: bucket72990 key: NONE
	at org.apache.hadoop.ozone.om.KeyManagerImpl.getFileStatus(KeyManagerImpl.java:1784) ~[hadoop-ozone-ozone-manager-0.5.0-SNAPSHOT.jar:?]
	at org.apache.hadoop.ozone.om.OzoneManager.getFileStatus(OzoneManager.java:2762) ~[hadoop-ozone-ozone-manager-0.5.0-SNAPSHOT.jar:?]
	at org.apache.hadoop.ozone.protocolPB.OzoneManagerRequestHandler.getOzoneFileStatus(OzoneManagerRequestHandler.java:1053) ~[hadoop-ozone-ozone-manager-0.5.0-SNAPSHOT.jar:?]
	at org.apache.hadoop.ozone.protocolPB.OzoneManagerRequestHandler.handle(OzoneManagerRequestHandler.java:340) ~[hadoop-ozone-ozone-manager-0.5.0-SNAPSHOT.jar:?]
	at org.apache.hadoop.ozone.protocolPB.OzoneManagerProtocolServerSideTranslatorPB.submitRequestDirectlyToOM(OzoneManagerProtocolServerSideTranslatorPB.java:208) ~[hadoop-ozone-ozone-manager-0.5.0-SNAPSHOT.jar:?]
	at org.apache.hadoop.ozone.protocolPB.OzoneManagerProtocolServerSideTranslatorPB.processRequest(OzoneManagerProtocolServerSideTranslatorPB.java:132) ~[hadoop-ozone-ozone-manager-0.5.0-SNAPSHOT.jar:?]
	at org.apache.hadoop.hdds.server.OzoneProtocolMessageDispatcher.processRequest(OzoneProtocolMessageDispatcher.java:72) [hadoop-hdds-server-framework-0.5.0-SNAPSHOT.jar:?]
	at org.apache.hadoop.ozone.protocolPB.OzoneManagerProtocolServerSideTranslatorPB.submitRequest(OzoneManagerProtocolServerSideTranslatorPB.java:100) [hadoop-ozone-ozone-manager-0.5.0-SNAPSHOT.jar:?]
	at org.apache.hadoop.ozone.protocol.proto.OzoneManagerProtocolProtos$OzoneManagerService$2.callBlockingMethod(OzoneManagerProtocolProtos.java) [hadoop-ozone-common-0.5.0-SNAPSHOT.jar:?]
	at org.apache.hadoop.ipc.ProtobufRpcEngine$Server$ProtoBufRpcInvoker.call(ProtobufRpcEngine.java:524) [hadoop-common-3.2.0.jar:?]
	at org.apache.hadoop.ipc.RPC$Server.call(RPC.java:1025) [hadoop-common-3.2.0.jar:?]
	at org.apache.hadoop.ipc.Server$RpcCall.run(Server.java:876) [hadoop-common-3.2.0.jar:?]
	at org.apache.hadoop.ipc.Server$RpcCall.run(Server.java:822) [hadoop-common-3.2.0.jar:?]
	at java.security.AccessController.doPrivileged(Native Method) [?:1.8.0_222]
	at javax.security.auth.Subject.doAs(Subject.java:422) [?:1.8.0_222]
	at org.apache.hadoop.security.UserGroupInformation.doAs(UserGroupInformation.java:1730) [hadoop-common-3.2.0.jar:?]
	at org.apache.hadoop.ipc.Server$Handler.run(Server.java:2682) [hadoop-common-3.2.0.jar:?]
2019-11-05 17:31:36,485 [Thread-515] INFO  tools.SimpleCopyListing (SimpleCopyListing.java:printStats(608)) - Paths (files+dirs) cnt = 41; dirCnt = 6
2019-11-05 17:31:36,490 [Thread-515] INFO  tools.SimpleCopyListing (SimpleCopyListing.java:doBuildListing(402)) - Build file listing completed.
2019-11-05 17:31:36,531 [Thread-515] INFO  mapred.CopyCommitter (CopyCommitter.java:cleanup(189)) - Cleaning up temporary work folder: file:/tmp/hadoop/mapred/staging/jenkins10001856715582/.staging/_distcp-806599313
2019-11-05 17:31:36,546 [Thread-515] INFO  mapred.CopyCommitter (CopyCommitter.java:cleanup(189)) - Cleaning up temporary work folder: file:/tmp/hadoop/mapred/staging/jenkins10001856715582/.staging/_distcp-806599313
2019-11-05 17:31:36,547 [Thread-515] WARN  mapred.LocalJobRunner (LocalJobRunner.java:run(590)) - job_local1577771646_0002
org.apache.hadoop.tools.CopyListing$DuplicateFileException: File o3fs://bucket72990.volume12942/test/ITestOzoneContractDistCp/testUpdateDeepDirectoryStructureNoChange/remote/outputDir/inputDir/file1 and o3fs://bucket72990.volume12942/test/ITestOzoneContractDistCp/testUpdateDeepDirectoryStructureNoChange/remote/outputDir/inputDir/file1 would cause duplicates. Aborting
	at org.apache.hadoop.tools.CopyListing.validateFinalListing(CopyListing.java:175)
	at org.apache.hadoop.tools.CopyListing.buildListing(CopyListing.java:93)
	at org.apache.hadoop.tools.GlobbedCopyListing.doBuildListing(GlobbedCopyListing.java:89)
	at org.apache.hadoop.tools.CopyListing.buildListing(CopyListing.java:86)
	at org.apache.hadoop.tools.mapred.CopyCommitter.listTargetFiles(CopyCommitter.java:570)
	at org.apache.hadoop.tools.mapred.CopyCommitter.deleteMissing(CopyCommitter.java:409)
	at org.apache.hadoop.tools.mapred.CopyCommitter.commitJob(CopyCommitter.java:121)
	at org.apache.hadoop.mapred.LocalJobRunner$Job.run(LocalJobRunner.java:567)
2019-11-05 17:31:37,160 [Thread-215] INFO  mapreduce.Job (Job.java:monitorAndPrintJob(1660)) - Job job_local1577771646_0002 failed with state FAILED due to: NA
2019-11-05 17:31:37,307 [Thread-215] INFO  mapreduce.Job (Job.java:monitorAndPrintJob(1665)) - Counters: 24
	File System Counters
		FILE: Number of bytes read=4734096
		FILE: Number of bytes written=16447184
		FILE: Number of read operations=0
		FILE: Number of large read operations=0
		FILE: Number of write operations=0
		O3FS: Number of bytes read=0
		O3FS: Number of bytes written=15000
		O3FS: Number of read operations=1050
		O3FS: Number of large read operations=0
		O3FS: Number of write operations=190
	Map-Reduce Framework
		Map input records=11
		Map output records=5
		Input split bytes=1580
		Spilled Records=0
		Failed Shuffles=0
		Merged Map outputs=0
		GC time elapsed (ms)=0
		Total committed heap usage (bytes)=20583546880
	File Input Format Counters 
		Bytes Read=31570
	File Output Format Counters 
		Bytes Written=872
	DistCp Counters
		Bandwidth in Btyes=0
		Bytes Skipped=1500
		DIR_COPY=6
		Files Skipped=5
]]></system-out>
    <system-err><![CDATA[ERROR StatusLogger No Log4j 2 configuration file found. Using default configuration (logging only errors to the console), or user programmatically provided configurations. Set system property 'log4j2.debug' to show Log4j 2 internal initialization logging. See https://logging.apache.org/log4j/2.x/manual/configuration.html for instructions on how to configure Log4j 2
]]></system-err>
  </testcase>
  <testcase name="testTrackDeepDirectoryStructureToRemote" classname="org.apache.hadoop.fs.ozone.contract.ITestOzoneContractDistCp" time="9.244">
    <error message="DistCp failure: Job job_local799556176_0004 has failed: NA" type="java.io.IOException">java.io.IOException: DistCp failure: Job job_local799556176_0004 has failed: NA
	at org.apache.hadoop.tools.DistCp.waitForJobCompletion(DistCp.java:230)
	at org.apache.hadoop.tools.DistCp.execute(DistCp.java:185)
	at org.apache.hadoop.tools.contract.AbstractContractDistCpTest.runDistCp(AbstractContractDistCpTest.java:560)
	at org.apache.hadoop.tools.contract.AbstractContractDistCpTest.testTrackDeepDirectoryStructureToRemote(AbstractContractDistCpTest.java:369)
	at sun.reflect.NativeMethodAccessorImpl.invoke0(Native Method)
	at sun.reflect.NativeMethodAccessorImpl.invoke(NativeMethodAccessorImpl.java:62)
	at sun.reflect.DelegatingMethodAccessorImpl.invoke(DelegatingMethodAccessorImpl.java:43)
	at java.lang.reflect.Method.invoke(Method.java:498)
	at org.junit.runners.model.FrameworkMethod$1.runReflectiveCall(FrameworkMethod.java:47)
	at org.junit.internal.runners.model.ReflectiveCallable.run(ReflectiveCallable.java:12)
	at org.junit.runners.model.FrameworkMethod.invokeExplosively(FrameworkMethod.java:44)
	at org.junit.internal.runners.statements.InvokeMethod.evaluate(InvokeMethod.java:17)
	at org.junit.internal.runners.statements.RunBefores.evaluate(RunBefores.java:26)
	at org.junit.internal.runners.statements.RunAfters.evaluate(RunAfters.java:27)
	at org.junit.rules.TestWatcher$1.evaluate(TestWatcher.java:55)
	at org.junit.rules.TestWatcher$1.evaluate(TestWatcher.java:55)
	at org.junit.internal.runners.statements.FailOnTimeout$StatementThread.run(FailOnTimeout.java:74)
</error>
    <system-out><![CDATA[2019-11-05 17:31:37,675 [Thread-574] INFO  Configuration.deprecation (Configuration.java:logDeprecation(1394)) - mapred.job.tracker is deprecated. Instead, use mapreduce.jobtracker.address
2019-11-05 17:31:37,841 [Thread-574] INFO  rpc.RpcClient (RpcClient.java:createVolume(291)) - Creating Volume: volume43413, with user25102 as owner.
2019-11-05 17:31:37,855 [IPC Server handler 16 on 37190] INFO  volume.OMVolumeCreateRequest (OMVolumeCreateRequest.java:validateAndUpdateCache(193)) - created volume:volume43413 for user:user25102
2019-11-05 17:31:37,895 [Thread-574] INFO  rpc.RpcClient (RpcClient.java:createBucket(430)) - Creating Bucket: volume43413/bucket80282, with Versioning false and Storage Type set to DISK and Encryption set to false 
2019-11-05 17:31:38,028 [Thread-574] INFO  contract.AbstractFSContractTestBase (AbstractFSContractTestBase.java:setup(184)) - Test filesystem = o3fs://bucket80282.volume43413 implemented by OzoneFileSystem{URI=o3fs://bucket80282.volume43413, workingDir=o3fs://bucket80282.volume43413/user/jenkins1000, userName=jenkins1000, statistics=0 bytes read, 1500 bytes written, 132 read ops, 0 large read ops, 20 write ops}
17:31:38.142 [IPC Server handler 7 on 37190] ERROR OMAudit - user=jenkins1000 | ip=127.0.0.1 | op=GET_FILE_STATUS {volume=volume43413, bucket=bucket80282, key=test/ITestOzoneContractDistCp/testTrackDeepDirectoryStructureToRemote, dataSize=0, replicationType=null, replicationFactor=null, keyLocationInfo=null} | ret=FAILURE
org.apache.hadoop.ozone.om.exceptions.OMException: Unable to get file status: volume: volume43413 bucket: bucket80282 key: test/ITestOzoneContractDistCp/testTrackDeepDirectoryStructureToRemote
	at org.apache.hadoop.ozone.om.KeyManagerImpl.getFileStatus(KeyManagerImpl.java:1784) ~[hadoop-ozone-ozone-manager-0.5.0-SNAPSHOT.jar:?]
	at org.apache.hadoop.ozone.om.OzoneManager.getFileStatus(OzoneManager.java:2762) ~[hadoop-ozone-ozone-manager-0.5.0-SNAPSHOT.jar:?]
	at org.apache.hadoop.ozone.protocolPB.OzoneManagerRequestHandler.getOzoneFileStatus(OzoneManagerRequestHandler.java:1053) ~[hadoop-ozone-ozone-manager-0.5.0-SNAPSHOT.jar:?]
	at org.apache.hadoop.ozone.protocolPB.OzoneManagerRequestHandler.handle(OzoneManagerRequestHandler.java:340) ~[hadoop-ozone-ozone-manager-0.5.0-SNAPSHOT.jar:?]
	at org.apache.hadoop.ozone.protocolPB.OzoneManagerProtocolServerSideTranslatorPB.submitRequestDirectlyToOM(OzoneManagerProtocolServerSideTranslatorPB.java:208) ~[hadoop-ozone-ozone-manager-0.5.0-SNAPSHOT.jar:?]
	at org.apache.hadoop.ozone.protocolPB.OzoneManagerProtocolServerSideTranslatorPB.processRequest(OzoneManagerProtocolServerSideTranslatorPB.java:132) ~[hadoop-ozone-ozone-manager-0.5.0-SNAPSHOT.jar:?]
	at org.apache.hadoop.hdds.server.OzoneProtocolMessageDispatcher.processRequest(OzoneProtocolMessageDispatcher.java:72) [hadoop-hdds-server-framework-0.5.0-SNAPSHOT.jar:?]
	at org.apache.hadoop.ozone.protocolPB.OzoneManagerProtocolServerSideTranslatorPB.submitRequest(OzoneManagerProtocolServerSideTranslatorPB.java:100) [hadoop-ozone-ozone-manager-0.5.0-SNAPSHOT.jar:?]
	at org.apache.hadoop.ozone.protocol.proto.OzoneManagerProtocolProtos$OzoneManagerService$2.callBlockingMethod(OzoneManagerProtocolProtos.java) [hadoop-ozone-common-0.5.0-SNAPSHOT.jar:?]
	at org.apache.hadoop.ipc.ProtobufRpcEngine$Server$ProtoBufRpcInvoker.call(ProtobufRpcEngine.java:524) [hadoop-common-3.2.0.jar:?]
	at org.apache.hadoop.ipc.RPC$Server.call(RPC.java:1025) [hadoop-common-3.2.0.jar:?]
	at org.apache.hadoop.ipc.Server$RpcCall.run(Server.java:876) [hadoop-common-3.2.0.jar:?]
	at org.apache.hadoop.ipc.Server$RpcCall.run(Server.java:822) [hadoop-common-3.2.0.jar:?]
	at java.security.AccessController.doPrivileged(Native Method) [?:1.8.0_222]
	at javax.security.auth.Subject.doAs(Subject.java:422) [?:1.8.0_222]
	at org.apache.hadoop.security.UserGroupInformation.doAs(UserGroupInformation.java:1730) [hadoop-common-3.2.0.jar:?]
	at org.apache.hadoop.ipc.Server$Handler.run(Server.java:2682) [hadoop-common-3.2.0.jar:?]
2019-11-05 17:31:38,158 [Thread-574] INFO  contract.AbstractFSContractTestBase (AbstractFSContractTestBase.java:describe(255)) - copy a deep directory structure from local to remote
2019-11-05 17:31:38,283 [Thread-574] INFO  impl.MetricsSystemImpl (MetricsSystemImpl.java:init(158)) - JobTracker metrics system started (again)
2019-11-05 17:31:38,295 [Thread-574] INFO  impl.MetricsSystemImpl (MetricsSystemImpl.java:init(158)) - JobTracker metrics system started (again)
17:31:38.310 [IPC Server handler 17 on 37190] ERROR OMAudit - user=jenkins1000 | ip=127.0.0.1 | op=GET_FILE_STATUS {volume=volume43413, bucket=bucket80282, key=test/ITestOzoneContractDistCp/testTrackDeepDirectoryStructureToRemote/remote/outputDir, dataSize=0, replicationType=null, replicationFactor=null, keyLocationInfo=null} | ret=FAILURE
org.apache.hadoop.ozone.om.exceptions.OMException: Unable to get file status: volume: volume43413 bucket: bucket80282 key: test/ITestOzoneContractDistCp/testTrackDeepDirectoryStructureToRemote/remote/outputDir
	at org.apache.hadoop.ozone.om.KeyManagerImpl.getFileStatus(KeyManagerImpl.java:1784) ~[hadoop-ozone-ozone-manager-0.5.0-SNAPSHOT.jar:?]
	at org.apache.hadoop.ozone.om.OzoneManager.getFileStatus(OzoneManager.java:2762) ~[hadoop-ozone-ozone-manager-0.5.0-SNAPSHOT.jar:?]
	at org.apache.hadoop.ozone.protocolPB.OzoneManagerRequestHandler.getOzoneFileStatus(OzoneManagerRequestHandler.java:1053) ~[hadoop-ozone-ozone-manager-0.5.0-SNAPSHOT.jar:?]
	at org.apache.hadoop.ozone.protocolPB.OzoneManagerRequestHandler.handle(OzoneManagerRequestHandler.java:340) ~[hadoop-ozone-ozone-manager-0.5.0-SNAPSHOT.jar:?]
	at org.apache.hadoop.ozone.protocolPB.OzoneManagerProtocolServerSideTranslatorPB.submitRequestDirectlyToOM(OzoneManagerProtocolServerSideTranslatorPB.java:208) ~[hadoop-ozone-ozone-manager-0.5.0-SNAPSHOT.jar:?]
	at org.apache.hadoop.ozone.protocolPB.OzoneManagerProtocolServerSideTranslatorPB.processRequest(OzoneManagerProtocolServerSideTranslatorPB.java:132) ~[hadoop-ozone-ozone-manager-0.5.0-SNAPSHOT.jar:?]
	at org.apache.hadoop.hdds.server.OzoneProtocolMessageDispatcher.processRequest(OzoneProtocolMessageDispatcher.java:72) [hadoop-hdds-server-framework-0.5.0-SNAPSHOT.jar:?]
	at org.apache.hadoop.ozone.protocolPB.OzoneManagerProtocolServerSideTranslatorPB.submitRequest(OzoneManagerProtocolServerSideTranslatorPB.java:100) [hadoop-ozone-ozone-manager-0.5.0-SNAPSHOT.jar:?]
	at org.apache.hadoop.ozone.protocol.proto.OzoneManagerProtocolProtos$OzoneManagerService$2.callBlockingMethod(OzoneManagerProtocolProtos.java) [hadoop-ozone-common-0.5.0-SNAPSHOT.jar:?]
	at org.apache.hadoop.ipc.ProtobufRpcEngine$Server$ProtoBufRpcInvoker.call(ProtobufRpcEngine.java:524) [hadoop-common-3.2.0.jar:?]
	at org.apache.hadoop.ipc.RPC$Server.call(RPC.java:1025) [hadoop-common-3.2.0.jar:?]
	at org.apache.hadoop.ipc.Server$RpcCall.run(Server.java:876) [hadoop-common-3.2.0.jar:?]
	at org.apache.hadoop.ipc.Server$RpcCall.run(Server.java:822) [hadoop-common-3.2.0.jar:?]
	at java.security.AccessController.doPrivileged(Native Method) [?:1.8.0_222]
	at javax.security.auth.Subject.doAs(Subject.java:422) [?:1.8.0_222]
	at org.apache.hadoop.security.UserGroupInformation.doAs(UserGroupInformation.java:1730) [hadoop-common-3.2.0.jar:?]
	at org.apache.hadoop.ipc.Server$Handler.run(Server.java:2682) [hadoop-common-3.2.0.jar:?]
2019-11-05 17:31:38,799 [Thread-574] INFO  tools.SimpleCopyListing (SimpleCopyListing.java:printStats(608)) - Paths (files+dirs) cnt = 11; dirCnt = 6
2019-11-05 17:31:38,800 [Thread-574] INFO  tools.SimpleCopyListing (SimpleCopyListing.java:doBuildListing(402)) - Build file listing completed.
2019-11-05 17:31:38,870 [Thread-574] INFO  tools.DistCp (CopyListing.java:buildListing(94)) - Number of paths in the copy list: 11
2019-11-05 17:31:38,890 [Thread-574] INFO  tools.DistCp (CopyListing.java:buildListing(94)) - Number of paths in the copy list: 11
2019-11-05 17:31:38,893 [Thread-574] INFO  impl.MetricsSystemImpl (MetricsSystemImpl.java:init(158)) - JobTracker metrics system started (again)
2019-11-05 17:31:38,930 [Thread-574] WARN  mapreduce.JobResourceUploader (JobResourceUploader.java:uploadResourcesInternal(147)) - Hadoop command-line option parsing not performed. Implement the Tool interface and execute your application with ToolRunner to remedy this.
2019-11-05 17:31:39,177 [Thread-574] INFO  mapreduce.JobSubmitter (JobSubmitter.java:submitJobInternal(202)) - number of splits:10
2019-11-05 17:31:39,347 [Thread-574] INFO  mapreduce.JobSubmitter (JobSubmitter.java:printTokens(298)) - Submitting tokens for job: job_local1280806215_0003
2019-11-05 17:31:39,348 [Thread-574] INFO  mapreduce.JobSubmitter (JobSubmitter.java:printTokens(299)) - Executing with tokens: []
2019-11-05 17:31:39,518 [Thread-574] INFO  mapreduce.Job (Job.java:submit(1574)) - The url to track the job: http://localhost:8080/
2019-11-05 17:31:39,518 [Thread-574] INFO  tools.DistCp (DistCp.java:createAndSubmitJob(217)) - DistCp job-id: job_local1280806215_0003
2019-11-05 17:31:39,518 [Thread-574] INFO  mapreduce.Job (Job.java:monitorAndPrintJob(1619)) - Running job: job_local1280806215_0003
2019-11-05 17:31:39,526 [Thread-638] INFO  mapred.LocalJobRunner (LocalJobRunner.java:createOutputCommitter(501)) - OutputCommitter set in config null
2019-11-05 17:31:39,526 [Thread-638] INFO  output.FileOutputCommitter (FileOutputCommitter.java:<init>(140)) - File Output Committer Algorithm version is 2
2019-11-05 17:31:39,526 [Thread-638] INFO  output.FileOutputCommitter (FileOutputCommitter.java:<init>(155)) - FileOutputCommitter skip cleanup _temporary folders under output directory:false, ignore cleanup failures: false
2019-11-05 17:31:39,527 [Thread-638] INFO  mapred.LocalJobRunner (LocalJobRunner.java:createOutputCommitter(519)) - OutputCommitter is org.apache.hadoop.tools.mapred.CopyCommitter
2019-11-05 17:31:39,616 [Thread-638] INFO  mapred.LocalJobRunner (LocalJobRunner.java:runTasks(478)) - Waiting for map tasks
2019-11-05 17:31:39,616 [LocalJobRunner Map Task Executor #0] INFO  mapred.LocalJobRunner (LocalJobRunner.java:run(252)) - Starting task: attempt_local1280806215_0003_m_000000_0
2019-11-05 17:31:39,622 [LocalJobRunner Map Task Executor #0] INFO  output.FileOutputCommitter (FileOutputCommitter.java:<init>(140)) - File Output Committer Algorithm version is 2
2019-11-05 17:31:39,622 [LocalJobRunner Map Task Executor #0] INFO  output.FileOutputCommitter (FileOutputCommitter.java:<init>(155)) - FileOutputCommitter skip cleanup _temporary folders under output directory:false, ignore cleanup failures: false
2019-11-05 17:31:39,623 [LocalJobRunner Map Task Executor #0] INFO  mapred.Task (Task.java:initialize(626)) -  Using ResourceCalculatorProcessTree : [ ]
2019-11-05 17:31:39,624 [LocalJobRunner Map Task Executor #0] INFO  mapred.MapTask (MapTask.java:runNewMapper(768)) - Processing split: file:/tmp/hadoop/mapred/staging/jenkins10001717478292/.staging/_distcp-41368393/fileList.seq:1130+568
2019-11-05 17:31:39,625 [LocalJobRunner Map Task Executor #0] INFO  output.FileOutputCommitter (FileOutputCommitter.java:<init>(140)) - File Output Committer Algorithm version is 2
2019-11-05 17:31:39,625 [LocalJobRunner Map Task Executor #0] INFO  output.FileOutputCommitter (FileOutputCommitter.java:<init>(155)) - FileOutputCommitter skip cleanup _temporary folders under output directory:false, ignore cleanup failures: false
17:31:39.709 [IPC Server handler 18 on 37190] ERROR OMAudit - user=jenkins1000 | ip=127.0.0.1 | op=GET_FILE_STATUS {volume=volume43413, bucket=bucket80282, key=test/ITestOzoneContractDistCp/testTrackDeepDirectoryStructureToRemote/remote/outputDir, dataSize=0, replicationType=null, replicationFactor=null, keyLocationInfo=null} | ret=FAILURE
org.apache.hadoop.ozone.om.exceptions.OMException: Unable to get file status: volume: volume43413 bucket: bucket80282 key: test/ITestOzoneContractDistCp/testTrackDeepDirectoryStructureToRemote/remote/outputDir
	at org.apache.hadoop.ozone.om.KeyManagerImpl.getFileStatus(KeyManagerImpl.java:1784) ~[hadoop-ozone-ozone-manager-0.5.0-SNAPSHOT.jar:?]
	at org.apache.hadoop.ozone.om.OzoneManager.getFileStatus(OzoneManager.java:2762) ~[hadoop-ozone-ozone-manager-0.5.0-SNAPSHOT.jar:?]
	at org.apache.hadoop.ozone.protocolPB.OzoneManagerRequestHandler.getOzoneFileStatus(OzoneManagerRequestHandler.java:1053) ~[hadoop-ozone-ozone-manager-0.5.0-SNAPSHOT.jar:?]
	at org.apache.hadoop.ozone.protocolPB.OzoneManagerRequestHandler.handle(OzoneManagerRequestHandler.java:340) ~[hadoop-ozone-ozone-manager-0.5.0-SNAPSHOT.jar:?]
	at org.apache.hadoop.ozone.protocolPB.OzoneManagerProtocolServerSideTranslatorPB.submitRequestDirectlyToOM(OzoneManagerProtocolServerSideTranslatorPB.java:208) ~[hadoop-ozone-ozone-manager-0.5.0-SNAPSHOT.jar:?]
	at org.apache.hadoop.ozone.protocolPB.OzoneManagerProtocolServerSideTranslatorPB.processRequest(OzoneManagerProtocolServerSideTranslatorPB.java:132) ~[hadoop-ozone-ozone-manager-0.5.0-SNAPSHOT.jar:?]
	at org.apache.hadoop.hdds.server.OzoneProtocolMessageDispatcher.processRequest(OzoneProtocolMessageDispatcher.java:72) [hadoop-hdds-server-framework-0.5.0-SNAPSHOT.jar:?]
	at org.apache.hadoop.ozone.protocolPB.OzoneManagerProtocolServerSideTranslatorPB.submitRequest(OzoneManagerProtocolServerSideTranslatorPB.java:100) [hadoop-ozone-ozone-manager-0.5.0-SNAPSHOT.jar:?]
	at org.apache.hadoop.ozone.protocol.proto.OzoneManagerProtocolProtos$OzoneManagerService$2.callBlockingMethod(OzoneManagerProtocolProtos.java) [hadoop-ozone-common-0.5.0-SNAPSHOT.jar:?]
	at org.apache.hadoop.ipc.ProtobufRpcEngine$Server$ProtoBufRpcInvoker.call(ProtobufRpcEngine.java:524) [hadoop-common-3.2.0.jar:?]
	at org.apache.hadoop.ipc.RPC$Server.call(RPC.java:1025) [hadoop-common-3.2.0.jar:?]
	at org.apache.hadoop.ipc.Server$RpcCall.run(Server.java:876) [hadoop-common-3.2.0.jar:?]
	at org.apache.hadoop.ipc.Server$RpcCall.run(Server.java:822) [hadoop-common-3.2.0.jar:?]
	at java.security.AccessController.doPrivileged(Native Method) [?:1.8.0_222]
	at javax.security.auth.Subject.doAs(Subject.java:422) [?:1.8.0_222]
	at org.apache.hadoop.security.UserGroupInformation.doAs(UserGroupInformation.java:1730) [hadoop-common-3.2.0.jar:?]
	at org.apache.hadoop.ipc.Server$Handler.run(Server.java:2682) [hadoop-common-3.2.0.jar:?]
2019-11-05 17:31:39,711 [LocalJobRunner Map Task Executor #0] INFO  mapred.CopyMapper (CopyMapper.java:map(154)) - Copying file:/workdir/hadoop-ozone/ozonefs/target/test-dir/ITestOzoneContractDistCp/testTrackDeepDirectoryStructureToRemote/local/inputDir/subDir4/subDir4/file4 to o3fs://bucket80282.volume43413/test/ITestOzoneContractDistCp/testTrackDeepDirectoryStructureToRemote/remote/outputDir/inputDir/subDir4/subDir4/file4
17:31:39.720 [IPC Server handler 16 on 37190] ERROR OMAudit - user=jenkins1000 | ip=127.0.0.1 | op=GET_FILE_STATUS {volume=volume43413, bucket=bucket80282, key=test/ITestOzoneContractDistCp/testTrackDeepDirectoryStructureToRemote/remote/outputDir/inputDir/subDir4/subDir4/file4, dataSize=0, replicationType=null, replicationFactor=null, keyLocationInfo=null} | ret=FAILURE
org.apache.hadoop.ozone.om.exceptions.OMException: Unable to get file status: volume: volume43413 bucket: bucket80282 key: test/ITestOzoneContractDistCp/testTrackDeepDirectoryStructureToRemote/remote/outputDir/inputDir/subDir4/subDir4/file4
	at org.apache.hadoop.ozone.om.KeyManagerImpl.getFileStatus(KeyManagerImpl.java:1784) ~[hadoop-ozone-ozone-manager-0.5.0-SNAPSHOT.jar:?]
	at org.apache.hadoop.ozone.om.OzoneManager.getFileStatus(OzoneManager.java:2762) ~[hadoop-ozone-ozone-manager-0.5.0-SNAPSHOT.jar:?]
	at org.apache.hadoop.ozone.protocolPB.OzoneManagerRequestHandler.getOzoneFileStatus(OzoneManagerRequestHandler.java:1053) ~[hadoop-ozone-ozone-manager-0.5.0-SNAPSHOT.jar:?]
	at org.apache.hadoop.ozone.protocolPB.OzoneManagerRequestHandler.handle(OzoneManagerRequestHandler.java:340) ~[hadoop-ozone-ozone-manager-0.5.0-SNAPSHOT.jar:?]
	at org.apache.hadoop.ozone.protocolPB.OzoneManagerProtocolServerSideTranslatorPB.submitRequestDirectlyToOM(OzoneManagerProtocolServerSideTranslatorPB.java:208) ~[hadoop-ozone-ozone-manager-0.5.0-SNAPSHOT.jar:?]
	at org.apache.hadoop.ozone.protocolPB.OzoneManagerProtocolServerSideTranslatorPB.processRequest(OzoneManagerProtocolServerSideTranslatorPB.java:132) ~[hadoop-ozone-ozone-manager-0.5.0-SNAPSHOT.jar:?]
	at org.apache.hadoop.hdds.server.OzoneProtocolMessageDispatcher.processRequest(OzoneProtocolMessageDispatcher.java:72) [hadoop-hdds-server-framework-0.5.0-SNAPSHOT.jar:?]
	at org.apache.hadoop.ozone.protocolPB.OzoneManagerProtocolServerSideTranslatorPB.submitRequest(OzoneManagerProtocolServerSideTranslatorPB.java:100) [hadoop-ozone-ozone-manager-0.5.0-SNAPSHOT.jar:?]
	at org.apache.hadoop.ozone.protocol.proto.OzoneManagerProtocolProtos$OzoneManagerService$2.callBlockingMethod(OzoneManagerProtocolProtos.java) [hadoop-ozone-common-0.5.0-SNAPSHOT.jar:?]
	at org.apache.hadoop.ipc.ProtobufRpcEngine$Server$ProtoBufRpcInvoker.call(ProtobufRpcEngine.java:524) [hadoop-common-3.2.0.jar:?]
	at org.apache.hadoop.ipc.RPC$Server.call(RPC.java:1025) [hadoop-common-3.2.0.jar:?]
	at org.apache.hadoop.ipc.Server$RpcCall.run(Server.java:876) [hadoop-common-3.2.0.jar:?]
	at org.apache.hadoop.ipc.Server$RpcCall.run(Server.java:822) [hadoop-common-3.2.0.jar:?]
	at java.security.AccessController.doPrivileged(Native Method) [?:1.8.0_222]
	at javax.security.auth.Subject.doAs(Subject.java:422) [?:1.8.0_222]
	at org.apache.hadoop.security.UserGroupInformation.doAs(UserGroupInformation.java:1730) [hadoop-common-3.2.0.jar:?]
	at org.apache.hadoop.ipc.Server$Handler.run(Server.java:2682) [hadoop-common-3.2.0.jar:?]
2019-11-05 17:31:39,723 [LocalJobRunner Map Task Executor #0] INFO  mapred.RetriableFileCopyCommand (RetriableFileCopyCommand.java:getTmpFile(260)) - Creating temp file: o3fs://bucket80282.volume43413/test/ITestOzoneContractDistCp/testTrackDeepDirectoryStructureToRemote/remote/outputDir/.distcp.tmp.attempt_local1280806215_0003_m_000000_0
17:31:39.866 [IPC Server handler 4 on 37190] ERROR OMAudit - user=jenkins1000 | ip=127.0.0.1 | op=GET_FILE_STATUS {volume=volume43413, bucket=bucket80282, key=test/ITestOzoneContractDistCp/testTrackDeepDirectoryStructureToRemote/remote/outputDir/inputDir/subDir4/subDir4/file4, dataSize=0, replicationType=null, replicationFactor=null, keyLocationInfo=null} | ret=FAILURE
org.apache.hadoop.ozone.om.exceptions.OMException: Unable to get file status: volume: volume43413 bucket: bucket80282 key: test/ITestOzoneContractDistCp/testTrackDeepDirectoryStructureToRemote/remote/outputDir/inputDir/subDir4/subDir4/file4
	at org.apache.hadoop.ozone.om.KeyManagerImpl.getFileStatus(KeyManagerImpl.java:1784) ~[hadoop-ozone-ozone-manager-0.5.0-SNAPSHOT.jar:?]
	at org.apache.hadoop.ozone.om.OzoneManager.getFileStatus(OzoneManager.java:2762) ~[hadoop-ozone-ozone-manager-0.5.0-SNAPSHOT.jar:?]
	at org.apache.hadoop.ozone.protocolPB.OzoneManagerRequestHandler.getOzoneFileStatus(OzoneManagerRequestHandler.java:1053) ~[hadoop-ozone-ozone-manager-0.5.0-SNAPSHOT.jar:?]
	at org.apache.hadoop.ozone.protocolPB.OzoneManagerRequestHandler.handle(OzoneManagerRequestHandler.java:340) ~[hadoop-ozone-ozone-manager-0.5.0-SNAPSHOT.jar:?]
	at org.apache.hadoop.ozone.protocolPB.OzoneManagerProtocolServerSideTranslatorPB.submitRequestDirectlyToOM(OzoneManagerProtocolServerSideTranslatorPB.java:208) ~[hadoop-ozone-ozone-manager-0.5.0-SNAPSHOT.jar:?]
	at org.apache.hadoop.ozone.protocolPB.OzoneManagerProtocolServerSideTranslatorPB.processRequest(OzoneManagerProtocolServerSideTranslatorPB.java:132) ~[hadoop-ozone-ozone-manager-0.5.0-SNAPSHOT.jar:?]
	at org.apache.hadoop.hdds.server.OzoneProtocolMessageDispatcher.processRequest(OzoneProtocolMessageDispatcher.java:72) [hadoop-hdds-server-framework-0.5.0-SNAPSHOT.jar:?]
	at org.apache.hadoop.ozone.protocolPB.OzoneManagerProtocolServerSideTranslatorPB.submitRequest(OzoneManagerProtocolServerSideTranslatorPB.java:100) [hadoop-ozone-ozone-manager-0.5.0-SNAPSHOT.jar:?]
	at org.apache.hadoop.ozone.protocol.proto.OzoneManagerProtocolProtos$OzoneManagerService$2.callBlockingMethod(OzoneManagerProtocolProtos.java) [hadoop-ozone-common-0.5.0-SNAPSHOT.jar:?]
	at org.apache.hadoop.ipc.ProtobufRpcEngine$Server$ProtoBufRpcInvoker.call(ProtobufRpcEngine.java:524) [hadoop-common-3.2.0.jar:?]
	at org.apache.hadoop.ipc.RPC$Server.call(RPC.java:1025) [hadoop-common-3.2.0.jar:?]
	at org.apache.hadoop.ipc.Server$RpcCall.run(Server.java:876) [hadoop-common-3.2.0.jar:?]
	at org.apache.hadoop.ipc.Server$RpcCall.run(Server.java:822) [hadoop-common-3.2.0.jar:?]
	at java.security.AccessController.doPrivileged(Native Method) [?:1.8.0_222]
	at javax.security.auth.Subject.doAs(Subject.java:422) [?:1.8.0_222]
	at org.apache.hadoop.security.UserGroupInformation.doAs(UserGroupInformation.java:1730) [hadoop-common-3.2.0.jar:?]
	at org.apache.hadoop.ipc.Server$Handler.run(Server.java:2682) [hadoop-common-3.2.0.jar:?]
17:31:39.867 [IPC Server handler 6 on 37190] ERROR OMAudit - user=jenkins1000 | ip=127.0.0.1 | op=GET_FILE_STATUS {volume=volume43413, bucket=bucket80282, key=test/ITestOzoneContractDistCp/testTrackDeepDirectoryStructureToRemote/remote/outputDir/inputDir/subDir4/subDir4, dataSize=0, replicationType=null, replicationFactor=null, keyLocationInfo=null} | ret=FAILURE
org.apache.hadoop.ozone.om.exceptions.OMException: Unable to get file status: volume: volume43413 bucket: bucket80282 key: test/ITestOzoneContractDistCp/testTrackDeepDirectoryStructureToRemote/remote/outputDir/inputDir/subDir4/subDir4
	at org.apache.hadoop.ozone.om.KeyManagerImpl.getFileStatus(KeyManagerImpl.java:1784) ~[hadoop-ozone-ozone-manager-0.5.0-SNAPSHOT.jar:?]
	at org.apache.hadoop.ozone.om.OzoneManager.getFileStatus(OzoneManager.java:2762) ~[hadoop-ozone-ozone-manager-0.5.0-SNAPSHOT.jar:?]
	at org.apache.hadoop.ozone.protocolPB.OzoneManagerRequestHandler.getOzoneFileStatus(OzoneManagerRequestHandler.java:1053) ~[hadoop-ozone-ozone-manager-0.5.0-SNAPSHOT.jar:?]
	at org.apache.hadoop.ozone.protocolPB.OzoneManagerRequestHandler.handle(OzoneManagerRequestHandler.java:340) ~[hadoop-ozone-ozone-manager-0.5.0-SNAPSHOT.jar:?]
	at org.apache.hadoop.ozone.protocolPB.OzoneManagerProtocolServerSideTranslatorPB.submitRequestDirectlyToOM(OzoneManagerProtocolServerSideTranslatorPB.java:208) ~[hadoop-ozone-ozone-manager-0.5.0-SNAPSHOT.jar:?]
	at org.apache.hadoop.ozone.protocolPB.OzoneManagerProtocolServerSideTranslatorPB.processRequest(OzoneManagerProtocolServerSideTranslatorPB.java:132) ~[hadoop-ozone-ozone-manager-0.5.0-SNAPSHOT.jar:?]
	at org.apache.hadoop.hdds.server.OzoneProtocolMessageDispatcher.processRequest(OzoneProtocolMessageDispatcher.java:72) [hadoop-hdds-server-framework-0.5.0-SNAPSHOT.jar:?]
	at org.apache.hadoop.ozone.protocolPB.OzoneManagerProtocolServerSideTranslatorPB.submitRequest(OzoneManagerProtocolServerSideTranslatorPB.java:100) [hadoop-ozone-ozone-manager-0.5.0-SNAPSHOT.jar:?]
	at org.apache.hadoop.ozone.protocol.proto.OzoneManagerProtocolProtos$OzoneManagerService$2.callBlockingMethod(OzoneManagerProtocolProtos.java) [hadoop-ozone-common-0.5.0-SNAPSHOT.jar:?]
	at org.apache.hadoop.ipc.ProtobufRpcEngine$Server$ProtoBufRpcInvoker.call(ProtobufRpcEngine.java:524) [hadoop-common-3.2.0.jar:?]
	at org.apache.hadoop.ipc.RPC$Server.call(RPC.java:1025) [hadoop-common-3.2.0.jar:?]
	at org.apache.hadoop.ipc.Server$RpcCall.run(Server.java:876) [hadoop-common-3.2.0.jar:?]
	at org.apache.hadoop.ipc.Server$RpcCall.run(Server.java:822) [hadoop-common-3.2.0.jar:?]
	at java.security.AccessController.doPrivileged(Native Method) [?:1.8.0_222]
	at javax.security.auth.Subject.doAs(Subject.java:422) [?:1.8.0_222]
	at org.apache.hadoop.security.UserGroupInformation.doAs(UserGroupInformation.java:1730) [hadoop-common-3.2.0.jar:?]
	at org.apache.hadoop.ipc.Server$Handler.run(Server.java:2682) [hadoop-common-3.2.0.jar:?]
17:31:39.883 [IPC Server handler 11 on 37190] ERROR OMAudit - user=jenkins1000 | ip=127.0.0.1 | op=GET_FILE_STATUS {volume=volume43413, bucket=bucket80282, key=test/ITestOzoneContractDistCp/testTrackDeepDirectoryStructureToRemote/remote/outputDir/inputDir/subDir4/subDir4/file4, dataSize=0, replicationType=null, replicationFactor=null, keyLocationInfo=null} | ret=FAILURE
org.apache.hadoop.ozone.om.exceptions.OMException: Unable to get file status: volume: volume43413 bucket: bucket80282 key: test/ITestOzoneContractDistCp/testTrackDeepDirectoryStructureToRemote/remote/outputDir/inputDir/subDir4/subDir4/file4
	at org.apache.hadoop.ozone.om.KeyManagerImpl.getFileStatus(KeyManagerImpl.java:1784) ~[hadoop-ozone-ozone-manager-0.5.0-SNAPSHOT.jar:?]
	at org.apache.hadoop.ozone.om.OzoneManager.getFileStatus(OzoneManager.java:2762) ~[hadoop-ozone-ozone-manager-0.5.0-SNAPSHOT.jar:?]
	at org.apache.hadoop.ozone.protocolPB.OzoneManagerRequestHandler.getOzoneFileStatus(OzoneManagerRequestHandler.java:1053) ~[hadoop-ozone-ozone-manager-0.5.0-SNAPSHOT.jar:?]
	at org.apache.hadoop.ozone.protocolPB.OzoneManagerRequestHandler.handle(OzoneManagerRequestHandler.java:340) ~[hadoop-ozone-ozone-manager-0.5.0-SNAPSHOT.jar:?]
	at org.apache.hadoop.ozone.protocolPB.OzoneManagerProtocolServerSideTranslatorPB.submitRequestDirectlyToOM(OzoneManagerProtocolServerSideTranslatorPB.java:208) ~[hadoop-ozone-ozone-manager-0.5.0-SNAPSHOT.jar:?]
	at org.apache.hadoop.ozone.protocolPB.OzoneManagerProtocolServerSideTranslatorPB.processRequest(OzoneManagerProtocolServerSideTranslatorPB.java:132) ~[hadoop-ozone-ozone-manager-0.5.0-SNAPSHOT.jar:?]
	at org.apache.hadoop.hdds.server.OzoneProtocolMessageDispatcher.processRequest(OzoneProtocolMessageDispatcher.java:72) [hadoop-hdds-server-framework-0.5.0-SNAPSHOT.jar:?]
	at org.apache.hadoop.ozone.protocolPB.OzoneManagerProtocolServerSideTranslatorPB.submitRequest(OzoneManagerProtocolServerSideTranslatorPB.java:100) [hadoop-ozone-ozone-manager-0.5.0-SNAPSHOT.jar:?]
	at org.apache.hadoop.ozone.protocol.proto.OzoneManagerProtocolProtos$OzoneManagerService$2.callBlockingMethod(OzoneManagerProtocolProtos.java) [hadoop-ozone-common-0.5.0-SNAPSHOT.jar:?]
	at org.apache.hadoop.ipc.ProtobufRpcEngine$Server$ProtoBufRpcInvoker.call(ProtobufRpcEngine.java:524) [hadoop-common-3.2.0.jar:?]
	at org.apache.hadoop.ipc.RPC$Server.call(RPC.java:1025) [hadoop-common-3.2.0.jar:?]
	at org.apache.hadoop.ipc.Server$RpcCall.run(Server.java:876) [hadoop-common-3.2.0.jar:?]
	at org.apache.hadoop.ipc.Server$RpcCall.run(Server.java:822) [hadoop-common-3.2.0.jar:?]
	at java.security.AccessController.doPrivileged(Native Method) [?:1.8.0_222]
	at javax.security.auth.Subject.doAs(Subject.java:422) [?:1.8.0_222]
	at org.apache.hadoop.security.UserGroupInformation.doAs(UserGroupInformation.java:1730) [hadoop-common-3.2.0.jar:?]
	at org.apache.hadoop.ipc.Server$Handler.run(Server.java:2682) [hadoop-common-3.2.0.jar:?]
17:31:39.904 [IPC Server handler 8 on 37190] ERROR OMAudit - user=jenkins1000 | ip=127.0.0.1 | op=GET_FILE_STATUS {volume=volume43413, bucket=bucket80282, key=test/ITestOzoneContractDistCp/testTrackDeepDirectoryStructureToRemote/remote/outputDir/.distcp.tmp.attempt_local1280806215_0003_m_000000_0, dataSize=0, replicationType=null, replicationFactor=null, keyLocationInfo=null} | ret=FAILURE
org.apache.hadoop.ozone.om.exceptions.OMException: Unable to get file status: volume: volume43413 bucket: bucket80282 key: test/ITestOzoneContractDistCp/testTrackDeepDirectoryStructureToRemote/remote/outputDir/.distcp.tmp.attempt_local1280806215_0003_m_000000_0
	at org.apache.hadoop.ozone.om.KeyManagerImpl.getFileStatus(KeyManagerImpl.java:1784) ~[hadoop-ozone-ozone-manager-0.5.0-SNAPSHOT.jar:?]
	at org.apache.hadoop.ozone.om.OzoneManager.getFileStatus(OzoneManager.java:2762) ~[hadoop-ozone-ozone-manager-0.5.0-SNAPSHOT.jar:?]
	at org.apache.hadoop.ozone.protocolPB.OzoneManagerRequestHandler.getOzoneFileStatus(OzoneManagerRequestHandler.java:1053) ~[hadoop-ozone-ozone-manager-0.5.0-SNAPSHOT.jar:?]
	at org.apache.hadoop.ozone.protocolPB.OzoneManagerRequestHandler.handle(OzoneManagerRequestHandler.java:340) ~[hadoop-ozone-ozone-manager-0.5.0-SNAPSHOT.jar:?]
	at org.apache.hadoop.ozone.protocolPB.OzoneManagerProtocolServerSideTranslatorPB.submitRequestDirectlyToOM(OzoneManagerProtocolServerSideTranslatorPB.java:208) ~[hadoop-ozone-ozone-manager-0.5.0-SNAPSHOT.jar:?]
	at org.apache.hadoop.ozone.protocolPB.OzoneManagerProtocolServerSideTranslatorPB.processRequest(OzoneManagerProtocolServerSideTranslatorPB.java:132) ~[hadoop-ozone-ozone-manager-0.5.0-SNAPSHOT.jar:?]
	at org.apache.hadoop.hdds.server.OzoneProtocolMessageDispatcher.processRequest(OzoneProtocolMessageDispatcher.java:72) [hadoop-hdds-server-framework-0.5.0-SNAPSHOT.jar:?]
	at org.apache.hadoop.ozone.protocolPB.OzoneManagerProtocolServerSideTranslatorPB.submitRequest(OzoneManagerProtocolServerSideTranslatorPB.java:100) [hadoop-ozone-ozone-manager-0.5.0-SNAPSHOT.jar:?]
	at org.apache.hadoop.ozone.protocol.proto.OzoneManagerProtocolProtos$OzoneManagerService$2.callBlockingMethod(OzoneManagerProtocolProtos.java) [hadoop-ozone-common-0.5.0-SNAPSHOT.jar:?]
	at org.apache.hadoop.ipc.ProtobufRpcEngine$Server$ProtoBufRpcInvoker.call(ProtobufRpcEngine.java:524) [hadoop-common-3.2.0.jar:?]
	at org.apache.hadoop.ipc.RPC$Server.call(RPC.java:1025) [hadoop-common-3.2.0.jar:?]
	at org.apache.hadoop.ipc.Server$RpcCall.run(Server.java:876) [hadoop-common-3.2.0.jar:?]
	at org.apache.hadoop.ipc.Server$RpcCall.run(Server.java:822) [hadoop-common-3.2.0.jar:?]
	at java.security.AccessController.doPrivileged(Native Method) [?:1.8.0_222]
	at javax.security.auth.Subject.doAs(Subject.java:422) [?:1.8.0_222]
	at org.apache.hadoop.security.UserGroupInformation.doAs(UserGroupInformation.java:1730) [hadoop-common-3.2.0.jar:?]
	at org.apache.hadoop.ipc.Server$Handler.run(Server.java:2682) [hadoop-common-3.2.0.jar:?]
2019-11-05 17:31:39,906 [LocalJobRunner Map Task Executor #0] WARN  ozone.BasicOzoneFileSystem (BasicOzoneFileSystem.java:delete(444)) - delete: Path does not exist: o3fs://bucket80282.volume43413/test/ITestOzoneContractDistCp/testTrackDeepDirectoryStructureToRemote/remote/outputDir/.distcp.tmp.attempt_local1280806215_0003_m_000000_0
2019-11-05 17:31:39,909 [LocalJobRunner Map Task Executor #0] INFO  mapred.CopyMapper (CopyMapper.java:map(154)) - Copying file:/workdir/hadoop-ozone/ozonefs/target/test-dir/ITestOzoneContractDistCp/testTrackDeepDirectoryStructureToRemote/local/inputDir/subDir1/file2 to o3fs://bucket80282.volume43413/test/ITestOzoneContractDistCp/testTrackDeepDirectoryStructureToRemote/remote/outputDir/inputDir/subDir1/file2
17:31:39.920 [IPC Server handler 7 on 37190] ERROR OMAudit - user=jenkins1000 | ip=127.0.0.1 | op=GET_FILE_STATUS {volume=volume43413, bucket=bucket80282, key=test/ITestOzoneContractDistCp/testTrackDeepDirectoryStructureToRemote/remote/outputDir/inputDir/subDir1/file2, dataSize=0, replicationType=null, replicationFactor=null, keyLocationInfo=null} | ret=FAILURE
org.apache.hadoop.ozone.om.exceptions.OMException: Unable to get file status: volume: volume43413 bucket: bucket80282 key: test/ITestOzoneContractDistCp/testTrackDeepDirectoryStructureToRemote/remote/outputDir/inputDir/subDir1/file2
	at org.apache.hadoop.ozone.om.KeyManagerImpl.getFileStatus(KeyManagerImpl.java:1784) ~[hadoop-ozone-ozone-manager-0.5.0-SNAPSHOT.jar:?]
	at org.apache.hadoop.ozone.om.OzoneManager.getFileStatus(OzoneManager.java:2762) ~[hadoop-ozone-ozone-manager-0.5.0-SNAPSHOT.jar:?]
	at org.apache.hadoop.ozone.protocolPB.OzoneManagerRequestHandler.getOzoneFileStatus(OzoneManagerRequestHandler.java:1053) ~[hadoop-ozone-ozone-manager-0.5.0-SNAPSHOT.jar:?]
	at org.apache.hadoop.ozone.protocolPB.OzoneManagerRequestHandler.handle(OzoneManagerRequestHandler.java:340) ~[hadoop-ozone-ozone-manager-0.5.0-SNAPSHOT.jar:?]
	at org.apache.hadoop.ozone.protocolPB.OzoneManagerProtocolServerSideTranslatorPB.submitRequestDirectlyToOM(OzoneManagerProtocolServerSideTranslatorPB.java:208) ~[hadoop-ozone-ozone-manager-0.5.0-SNAPSHOT.jar:?]
	at org.apache.hadoop.ozone.protocolPB.OzoneManagerProtocolServerSideTranslatorPB.processRequest(OzoneManagerProtocolServerSideTranslatorPB.java:132) ~[hadoop-ozone-ozone-manager-0.5.0-SNAPSHOT.jar:?]
	at org.apache.hadoop.hdds.server.OzoneProtocolMessageDispatcher.processRequest(OzoneProtocolMessageDispatcher.java:72) [hadoop-hdds-server-framework-0.5.0-SNAPSHOT.jar:?]
	at org.apache.hadoop.ozone.protocolPB.OzoneManagerProtocolServerSideTranslatorPB.submitRequest(OzoneManagerProtocolServerSideTranslatorPB.java:100) [hadoop-ozone-ozone-manager-0.5.0-SNAPSHOT.jar:?]
	at org.apache.hadoop.ozone.protocol.proto.OzoneManagerProtocolProtos$OzoneManagerService$2.callBlockingMethod(OzoneManagerProtocolProtos.java) [hadoop-ozone-common-0.5.0-SNAPSHOT.jar:?]
	at org.apache.hadoop.ipc.ProtobufRpcEngine$Server$ProtoBufRpcInvoker.call(ProtobufRpcEngine.java:524) [hadoop-common-3.2.0.jar:?]
	at org.apache.hadoop.ipc.RPC$Server.call(RPC.java:1025) [hadoop-common-3.2.0.jar:?]
	at org.apache.hadoop.ipc.Server$RpcCall.run(Server.java:876) [hadoop-common-3.2.0.jar:?]
	at org.apache.hadoop.ipc.Server$RpcCall.run(Server.java:822) [hadoop-common-3.2.0.jar:?]
	at java.security.AccessController.doPrivileged(Native Method) [?:1.8.0_222]
	at javax.security.auth.Subject.doAs(Subject.java:422) [?:1.8.0_222]
	at org.apache.hadoop.security.UserGroupInformation.doAs(UserGroupInformation.java:1730) [hadoop-common-3.2.0.jar:?]
	at org.apache.hadoop.ipc.Server$Handler.run(Server.java:2682) [hadoop-common-3.2.0.jar:?]
2019-11-05 17:31:39,921 [LocalJobRunner Map Task Executor #0] INFO  mapred.RetriableFileCopyCommand (RetriableFileCopyCommand.java:getTmpFile(260)) - Creating temp file: o3fs://bucket80282.volume43413/test/ITestOzoneContractDistCp/testTrackDeepDirectoryStructureToRemote/remote/outputDir/.distcp.tmp.attempt_local1280806215_0003_m_000000_0
17:31:40.003 [IPC Server handler 9 on 37190] ERROR OMAudit - user=jenkins1000 | ip=127.0.0.1 | op=GET_FILE_STATUS {volume=volume43413, bucket=bucket80282, key=test/ITestOzoneContractDistCp/testTrackDeepDirectoryStructureToRemote/remote/outputDir/inputDir/subDir1/file2, dataSize=0, replicationType=null, replicationFactor=null, keyLocationInfo=null} | ret=FAILURE
org.apache.hadoop.ozone.om.exceptions.OMException: Unable to get file status: volume: volume43413 bucket: bucket80282 key: test/ITestOzoneContractDistCp/testTrackDeepDirectoryStructureToRemote/remote/outputDir/inputDir/subDir1/file2
	at org.apache.hadoop.ozone.om.KeyManagerImpl.getFileStatus(KeyManagerImpl.java:1784) ~[hadoop-ozone-ozone-manager-0.5.0-SNAPSHOT.jar:?]
	at org.apache.hadoop.ozone.om.OzoneManager.getFileStatus(OzoneManager.java:2762) ~[hadoop-ozone-ozone-manager-0.5.0-SNAPSHOT.jar:?]
	at org.apache.hadoop.ozone.protocolPB.OzoneManagerRequestHandler.getOzoneFileStatus(OzoneManagerRequestHandler.java:1053) ~[hadoop-ozone-ozone-manager-0.5.0-SNAPSHOT.jar:?]
	at org.apache.hadoop.ozone.protocolPB.OzoneManagerRequestHandler.handle(OzoneManagerRequestHandler.java:340) ~[hadoop-ozone-ozone-manager-0.5.0-SNAPSHOT.jar:?]
	at org.apache.hadoop.ozone.protocolPB.OzoneManagerProtocolServerSideTranslatorPB.submitRequestDirectlyToOM(OzoneManagerProtocolServerSideTranslatorPB.java:208) ~[hadoop-ozone-ozone-manager-0.5.0-SNAPSHOT.jar:?]
	at org.apache.hadoop.ozone.protocolPB.OzoneManagerProtocolServerSideTranslatorPB.processRequest(OzoneManagerProtocolServerSideTranslatorPB.java:132) ~[hadoop-ozone-ozone-manager-0.5.0-SNAPSHOT.jar:?]
	at org.apache.hadoop.hdds.server.OzoneProtocolMessageDispatcher.processRequest(OzoneProtocolMessageDispatcher.java:72) [hadoop-hdds-server-framework-0.5.0-SNAPSHOT.jar:?]
	at org.apache.hadoop.ozone.protocolPB.OzoneManagerProtocolServerSideTranslatorPB.submitRequest(OzoneManagerProtocolServerSideTranslatorPB.java:100) [hadoop-ozone-ozone-manager-0.5.0-SNAPSHOT.jar:?]
	at org.apache.hadoop.ozone.protocol.proto.OzoneManagerProtocolProtos$OzoneManagerService$2.callBlockingMethod(OzoneManagerProtocolProtos.java) [hadoop-ozone-common-0.5.0-SNAPSHOT.jar:?]
	at org.apache.hadoop.ipc.ProtobufRpcEngine$Server$ProtoBufRpcInvoker.call(ProtobufRpcEngine.java:524) [hadoop-common-3.2.0.jar:?]
	at org.apache.hadoop.ipc.RPC$Server.call(RPC.java:1025) [hadoop-common-3.2.0.jar:?]
	at org.apache.hadoop.ipc.Server$RpcCall.run(Server.java:876) [hadoop-common-3.2.0.jar:?]
	at org.apache.hadoop.ipc.Server$RpcCall.run(Server.java:822) [hadoop-common-3.2.0.jar:?]
	at java.security.AccessController.doPrivileged(Native Method) [?:1.8.0_222]
	at javax.security.auth.Subject.doAs(Subject.java:422) [?:1.8.0_222]
	at org.apache.hadoop.security.UserGroupInformation.doAs(UserGroupInformation.java:1730) [hadoop-common-3.2.0.jar:?]
	at org.apache.hadoop.ipc.Server$Handler.run(Server.java:2682) [hadoop-common-3.2.0.jar:?]
17:31:40.008 [IPC Server handler 12 on 37190] ERROR OMAudit - user=jenkins1000 | ip=127.0.0.1 | op=GET_FILE_STATUS {volume=volume43413, bucket=bucket80282, key=test/ITestOzoneContractDistCp/testTrackDeepDirectoryStructureToRemote/remote/outputDir/inputDir/subDir1, dataSize=0, replicationType=null, replicationFactor=null, keyLocationInfo=null} | ret=FAILURE
org.apache.hadoop.ozone.om.exceptions.OMException: Unable to get file status: volume: volume43413 bucket: bucket80282 key: test/ITestOzoneContractDistCp/testTrackDeepDirectoryStructureToRemote/remote/outputDir/inputDir/subDir1
	at org.apache.hadoop.ozone.om.KeyManagerImpl.getFileStatus(KeyManagerImpl.java:1784) ~[hadoop-ozone-ozone-manager-0.5.0-SNAPSHOT.jar:?]
	at org.apache.hadoop.ozone.om.OzoneManager.getFileStatus(OzoneManager.java:2762) ~[hadoop-ozone-ozone-manager-0.5.0-SNAPSHOT.jar:?]
	at org.apache.hadoop.ozone.protocolPB.OzoneManagerRequestHandler.getOzoneFileStatus(OzoneManagerRequestHandler.java:1053) ~[hadoop-ozone-ozone-manager-0.5.0-SNAPSHOT.jar:?]
	at org.apache.hadoop.ozone.protocolPB.OzoneManagerRequestHandler.handle(OzoneManagerRequestHandler.java:340) ~[hadoop-ozone-ozone-manager-0.5.0-SNAPSHOT.jar:?]
	at org.apache.hadoop.ozone.protocolPB.OzoneManagerProtocolServerSideTranslatorPB.submitRequestDirectlyToOM(OzoneManagerProtocolServerSideTranslatorPB.java:208) ~[hadoop-ozone-ozone-manager-0.5.0-SNAPSHOT.jar:?]
	at org.apache.hadoop.ozone.protocolPB.OzoneManagerProtocolServerSideTranslatorPB.processRequest(OzoneManagerProtocolServerSideTranslatorPB.java:132) ~[hadoop-ozone-ozone-manager-0.5.0-SNAPSHOT.jar:?]
	at org.apache.hadoop.hdds.server.OzoneProtocolMessageDispatcher.processRequest(OzoneProtocolMessageDispatcher.java:72) [hadoop-hdds-server-framework-0.5.0-SNAPSHOT.jar:?]
	at org.apache.hadoop.ozone.protocolPB.OzoneManagerProtocolServerSideTranslatorPB.submitRequest(OzoneManagerProtocolServerSideTranslatorPB.java:100) [hadoop-ozone-ozone-manager-0.5.0-SNAPSHOT.jar:?]
	at org.apache.hadoop.ozone.protocol.proto.OzoneManagerProtocolProtos$OzoneManagerService$2.callBlockingMethod(OzoneManagerProtocolProtos.java) [hadoop-ozone-common-0.5.0-SNAPSHOT.jar:?]
	at org.apache.hadoop.ipc.ProtobufRpcEngine$Server$ProtoBufRpcInvoker.call(ProtobufRpcEngine.java:524) [hadoop-common-3.2.0.jar:?]
	at org.apache.hadoop.ipc.RPC$Server.call(RPC.java:1025) [hadoop-common-3.2.0.jar:?]
	at org.apache.hadoop.ipc.Server$RpcCall.run(Server.java:876) [hadoop-common-3.2.0.jar:?]
	at org.apache.hadoop.ipc.Server$RpcCall.run(Server.java:822) [hadoop-common-3.2.0.jar:?]
	at java.security.AccessController.doPrivileged(Native Method) [?:1.8.0_222]
	at javax.security.auth.Subject.doAs(Subject.java:422) [?:1.8.0_222]
	at org.apache.hadoop.security.UserGroupInformation.doAs(UserGroupInformation.java:1730) [hadoop-common-3.2.0.jar:?]
	at org.apache.hadoop.ipc.Server$Handler.run(Server.java:2682) [hadoop-common-3.2.0.jar:?]
17:31:40.022 [IPC Server handler 1 on 37190] ERROR OMAudit - user=jenkins1000 | ip=127.0.0.1 | op=GET_FILE_STATUS {volume=volume43413, bucket=bucket80282, key=test/ITestOzoneContractDistCp/testTrackDeepDirectoryStructureToRemote/remote/outputDir/inputDir/subDir1/file2, dataSize=0, replicationType=null, replicationFactor=null, keyLocationInfo=null} | ret=FAILURE
org.apache.hadoop.ozone.om.exceptions.OMException: Unable to get file status: volume: volume43413 bucket: bucket80282 key: test/ITestOzoneContractDistCp/testTrackDeepDirectoryStructureToRemote/remote/outputDir/inputDir/subDir1/file2
	at org.apache.hadoop.ozone.om.KeyManagerImpl.getFileStatus(KeyManagerImpl.java:1784) ~[hadoop-ozone-ozone-manager-0.5.0-SNAPSHOT.jar:?]
	at org.apache.hadoop.ozone.om.OzoneManager.getFileStatus(OzoneManager.java:2762) ~[hadoop-ozone-ozone-manager-0.5.0-SNAPSHOT.jar:?]
	at org.apache.hadoop.ozone.protocolPB.OzoneManagerRequestHandler.getOzoneFileStatus(OzoneManagerRequestHandler.java:1053) ~[hadoop-ozone-ozone-manager-0.5.0-SNAPSHOT.jar:?]
	at org.apache.hadoop.ozone.protocolPB.OzoneManagerRequestHandler.handle(OzoneManagerRequestHandler.java:340) ~[hadoop-ozone-ozone-manager-0.5.0-SNAPSHOT.jar:?]
	at org.apache.hadoop.ozone.protocolPB.OzoneManagerProtocolServerSideTranslatorPB.submitRequestDirectlyToOM(OzoneManagerProtocolServerSideTranslatorPB.java:208) ~[hadoop-ozone-ozone-manager-0.5.0-SNAPSHOT.jar:?]
	at org.apache.hadoop.ozone.protocolPB.OzoneManagerProtocolServerSideTranslatorPB.processRequest(OzoneManagerProtocolServerSideTranslatorPB.java:132) ~[hadoop-ozone-ozone-manager-0.5.0-SNAPSHOT.jar:?]
	at org.apache.hadoop.hdds.server.OzoneProtocolMessageDispatcher.processRequest(OzoneProtocolMessageDispatcher.java:72) [hadoop-hdds-server-framework-0.5.0-SNAPSHOT.jar:?]
	at org.apache.hadoop.ozone.protocolPB.OzoneManagerProtocolServerSideTranslatorPB.submitRequest(OzoneManagerProtocolServerSideTranslatorPB.java:100) [hadoop-ozone-ozone-manager-0.5.0-SNAPSHOT.jar:?]
	at org.apache.hadoop.ozone.protocol.proto.OzoneManagerProtocolProtos$OzoneManagerService$2.callBlockingMethod(OzoneManagerProtocolProtos.java) [hadoop-ozone-common-0.5.0-SNAPSHOT.jar:?]
	at org.apache.hadoop.ipc.ProtobufRpcEngine$Server$ProtoBufRpcInvoker.call(ProtobufRpcEngine.java:524) [hadoop-common-3.2.0.jar:?]
	at org.apache.hadoop.ipc.RPC$Server.call(RPC.java:1025) [hadoop-common-3.2.0.jar:?]
	at org.apache.hadoop.ipc.Server$RpcCall.run(Server.java:876) [hadoop-common-3.2.0.jar:?]
	at org.apache.hadoop.ipc.Server$RpcCall.run(Server.java:822) [hadoop-common-3.2.0.jar:?]
	at java.security.AccessController.doPrivileged(Native Method) [?:1.8.0_222]
	at javax.security.auth.Subject.doAs(Subject.java:422) [?:1.8.0_222]
	at org.apache.hadoop.security.UserGroupInformation.doAs(UserGroupInformation.java:1730) [hadoop-common-3.2.0.jar:?]
	at org.apache.hadoop.ipc.Server$Handler.run(Server.java:2682) [hadoop-common-3.2.0.jar:?]
17:31:40.042 [IPC Server handler 11 on 37190] ERROR OMAudit - user=jenkins1000 | ip=127.0.0.1 | op=GET_FILE_STATUS {volume=volume43413, bucket=bucket80282, key=test/ITestOzoneContractDistCp/testTrackDeepDirectoryStructureToRemote/remote/outputDir/.distcp.tmp.attempt_local1280806215_0003_m_000000_0, dataSize=0, replicationType=null, replicationFactor=null, keyLocationInfo=null} | ret=FAILURE
org.apache.hadoop.ozone.om.exceptions.OMException: Unable to get file status: volume: volume43413 bucket: bucket80282 key: test/ITestOzoneContractDistCp/testTrackDeepDirectoryStructureToRemote/remote/outputDir/.distcp.tmp.attempt_local1280806215_0003_m_000000_0
	at org.apache.hadoop.ozone.om.KeyManagerImpl.getFileStatus(KeyManagerImpl.java:1784) ~[hadoop-ozone-ozone-manager-0.5.0-SNAPSHOT.jar:?]
	at org.apache.hadoop.ozone.om.OzoneManager.getFileStatus(OzoneManager.java:2762) ~[hadoop-ozone-ozone-manager-0.5.0-SNAPSHOT.jar:?]
	at org.apache.hadoop.ozone.protocolPB.OzoneManagerRequestHandler.getOzoneFileStatus(OzoneManagerRequestHandler.java:1053) ~[hadoop-ozone-ozone-manager-0.5.0-SNAPSHOT.jar:?]
	at org.apache.hadoop.ozone.protocolPB.OzoneManagerRequestHandler.handle(OzoneManagerRequestHandler.java:340) ~[hadoop-ozone-ozone-manager-0.5.0-SNAPSHOT.jar:?]
	at org.apache.hadoop.ozone.protocolPB.OzoneManagerProtocolServerSideTranslatorPB.submitRequestDirectlyToOM(OzoneManagerProtocolServerSideTranslatorPB.java:208) ~[hadoop-ozone-ozone-manager-0.5.0-SNAPSHOT.jar:?]
	at org.apache.hadoop.ozone.protocolPB.OzoneManagerProtocolServerSideTranslatorPB.processRequest(OzoneManagerProtocolServerSideTranslatorPB.java:132) ~[hadoop-ozone-ozone-manager-0.5.0-SNAPSHOT.jar:?]
	at org.apache.hadoop.hdds.server.OzoneProtocolMessageDispatcher.processRequest(OzoneProtocolMessageDispatcher.java:72) [hadoop-hdds-server-framework-0.5.0-SNAPSHOT.jar:?]
	at org.apache.hadoop.ozone.protocolPB.OzoneManagerProtocolServerSideTranslatorPB.submitRequest(OzoneManagerProtocolServerSideTranslatorPB.java:100) [hadoop-ozone-ozone-manager-0.5.0-SNAPSHOT.jar:?]
	at org.apache.hadoop.ozone.protocol.proto.OzoneManagerProtocolProtos$OzoneManagerService$2.callBlockingMethod(OzoneManagerProtocolProtos.java) [hadoop-ozone-common-0.5.0-SNAPSHOT.jar:?]
	at org.apache.hadoop.ipc.ProtobufRpcEngine$Server$ProtoBufRpcInvoker.call(ProtobufRpcEngine.java:524) [hadoop-common-3.2.0.jar:?]
	at org.apache.hadoop.ipc.RPC$Server.call(RPC.java:1025) [hadoop-common-3.2.0.jar:?]
	at org.apache.hadoop.ipc.Server$RpcCall.run(Server.java:876) [hadoop-common-3.2.0.jar:?]
	at org.apache.hadoop.ipc.Server$RpcCall.run(Server.java:822) [hadoop-common-3.2.0.jar:?]
	at java.security.AccessController.doPrivileged(Native Method) [?:1.8.0_222]
	at javax.security.auth.Subject.doAs(Subject.java:422) [?:1.8.0_222]
	at org.apache.hadoop.security.UserGroupInformation.doAs(UserGroupInformation.java:1730) [hadoop-common-3.2.0.jar:?]
	at org.apache.hadoop.ipc.Server$Handler.run(Server.java:2682) [hadoop-common-3.2.0.jar:?]
2019-11-05 17:31:40,043 [LocalJobRunner Map Task Executor #0] WARN  ozone.BasicOzoneFileSystem (BasicOzoneFileSystem.java:delete(444)) - delete: Path does not exist: o3fs://bucket80282.volume43413/test/ITestOzoneContractDistCp/testTrackDeepDirectoryStructureToRemote/remote/outputDir/.distcp.tmp.attempt_local1280806215_0003_m_000000_0
2019-11-05 17:31:40,044 [LocalJobRunner Map Task Executor #0] INFO  mapred.LocalJobRunner (LocalJobRunner.java:statusUpdate(634)) - 
2019-11-05 17:31:40,045 [LocalJobRunner Map Task Executor #0] INFO  mapred.Task (Task.java:done(1244)) - Task:attempt_local1280806215_0003_m_000000_0 is done. And is in the process of committing
2019-11-05 17:31:40,046 [LocalJobRunner Map Task Executor #0] INFO  mapred.LocalJobRunner (LocalJobRunner.java:statusUpdate(634)) - 
2019-11-05 17:31:40,046 [LocalJobRunner Map Task Executor #0] INFO  mapred.Task (Task.java:commit(1421)) - Task attempt_local1280806215_0003_m_000000_0 is allowed to commit now
2019-11-05 17:31:40,047 [LocalJobRunner Map Task Executor #0] INFO  output.FileOutputCommitter (FileOutputCommitter.java:commitTask(598)) - Saved output of task 'attempt_local1280806215_0003_m_000000_0' to file:/tmp/hadoop/mapred/staging/jenkins10001717478292/.staging/_distcp-41368393/_logs
2019-11-05 17:31:40,048 [LocalJobRunner Map Task Executor #0] INFO  mapred.LocalJobRunner (LocalJobRunner.java:statusUpdate(634)) - 100.0% Copying file:/workdir/hadoop-ozone/ozonefs/target/test-dir/ITestOzoneContractDistCp/testTrackDeepDirectoryStructureToRemote/local/inputDir/subDir1/file2 to o3fs://bucket80282.volume43413/test/ITestOzoneContractDistCp/testTrackDeepDirectoryStructureToRemote/remote/outputDir/inputDir/subDir1/file2 [200.0B/200.0B]
2019-11-05 17:31:40,048 [LocalJobRunner Map Task Executor #0] INFO  mapred.Task (Task.java:sendDone(1380)) - Task 'attempt_local1280806215_0003_m_000000_0' done.
2019-11-05 17:31:40,049 [LocalJobRunner Map Task Executor #0] INFO  mapred.Task (Task.java:done(1276)) - Final Counters for attempt_local1280806215_0003_m_000000_0: Counters: 24
	File System Counters
		FILE: Number of bytes read=715565
		FILE: Number of bytes written=2493136
		FILE: Number of read operations=0
		FILE: Number of large read operations=0
		FILE: Number of write operations=0
		O3FS: Number of bytes read=0
		O3FS: Number of bytes written=2100
		O3FS: Number of read operations=155
		O3FS: Number of large read operations=0
		O3FS: Number of write operations=27
	Map-Reduce Framework
		Map input records=2
		Map output records=0
		Input split bytes=157
		Spilled Records=0
		Failed Shuffles=0
		Merged Map outputs=0
		GC time elapsed (ms)=0
		Total committed heap usage (bytes)=1998585856
	File Input Format Counters 
		Bytes Read=3146
	File Output Format Counters 
		Bytes Written=8
	DistCp Counters
		Bandwidth in Btyes=600
		Bytes Copied=600
		Bytes Expected=600
		Files Copied=2
2019-11-05 17:31:40,049 [LocalJobRunner Map Task Executor #0] INFO  mapred.LocalJobRunner (LocalJobRunner.java:run(277)) - Finishing task: attempt_local1280806215_0003_m_000000_0
2019-11-05 17:31:40,049 [LocalJobRunner Map Task Executor #0] INFO  mapred.LocalJobRunner (LocalJobRunner.java:run(252)) - Starting task: attempt_local1280806215_0003_m_000001_0
2019-11-05 17:31:40,050 [LocalJobRunner Map Task Executor #0] INFO  output.FileOutputCommitter (FileOutputCommitter.java:<init>(140)) - File Output Committer Algorithm version is 2
2019-11-05 17:31:40,050 [LocalJobRunner Map Task Executor #0] INFO  output.FileOutputCommitter (FileOutputCommitter.java:<init>(155)) - FileOutputCommitter skip cleanup _temporary folders under output directory:false, ignore cleanup failures: false
2019-11-05 17:31:40,050 [LocalJobRunner Map Task Executor #0] INFO  mapred.Task (Task.java:initialize(626)) -  Using ResourceCalculatorProcessTree : [ ]
2019-11-05 17:31:40,051 [LocalJobRunner Map Task Executor #0] INFO  mapred.MapTask (MapTask.java:runNewMapper(768)) - Processing split: file:/tmp/hadoop/mapred/staging/jenkins10001717478292/.staging/_distcp-41368393/fileList.seq:0+326
2019-11-05 17:31:40,051 [LocalJobRunner Map Task Executor #0] INFO  output.FileOutputCommitter (FileOutputCommitter.java:<init>(140)) - File Output Committer Algorithm version is 2
2019-11-05 17:31:40,052 [LocalJobRunner Map Task Executor #0] INFO  output.FileOutputCommitter (FileOutputCommitter.java:<init>(155)) - FileOutputCommitter skip cleanup _temporary folders under output directory:false, ignore cleanup failures: false
2019-11-05 17:31:40,094 [LocalJobRunner Map Task Executor #0] INFO  mapred.CopyMapper (CopyMapper.java:map(154)) - Copying file:/workdir/hadoop-ozone/ozonefs/target/test-dir/ITestOzoneContractDistCp/testTrackDeepDirectoryStructureToRemote/local/inputDir to o3fs://bucket80282.volume43413/test/ITestOzoneContractDistCp/testTrackDeepDirectoryStructureToRemote/remote/outputDir/inputDir
2019-11-05 17:31:40,116 [LocalJobRunner Map Task Executor #0] INFO  mapred.LocalJobRunner (LocalJobRunner.java:statusUpdate(634)) - 
2019-11-05 17:31:40,117 [LocalJobRunner Map Task Executor #0] INFO  mapred.Task (Task.java:done(1244)) - Task:attempt_local1280806215_0003_m_000001_0 is done. And is in the process of committing
2019-11-05 17:31:40,117 [LocalJobRunner Map Task Executor #0] INFO  mapred.LocalJobRunner (LocalJobRunner.java:statusUpdate(634)) - 
2019-11-05 17:31:40,119 [LocalJobRunner Map Task Executor #0] INFO  mapred.Task (Task.java:commit(1421)) - Task attempt_local1280806215_0003_m_000001_0 is allowed to commit now
2019-11-05 17:31:40,121 [LocalJobRunner Map Task Executor #0] INFO  output.FileOutputCommitter (FileOutputCommitter.java:commitTask(598)) - Saved output of task 'attempt_local1280806215_0003_m_000001_0' to file:/tmp/hadoop/mapred/staging/jenkins10001717478292/.staging/_distcp-41368393/_logs
2019-11-05 17:31:40,124 [LocalJobRunner Map Task Executor #0] INFO  mapred.LocalJobRunner (LocalJobRunner.java:statusUpdate(634)) - Copying file:/workdir/hadoop-ozone/ozonefs/target/test-dir/ITestOzoneContractDistCp/testTrackDeepDirectoryStructureToRemote/local/inputDir to o3fs://bucket80282.volume43413/test/ITestOzoneContractDistCp/testTrackDeepDirectoryStructureToRemote/remote/outputDir/inputDir
2019-11-05 17:31:40,125 [LocalJobRunner Map Task Executor #0] INFO  mapred.Task (Task.java:sendDone(1380)) - Task 'attempt_local1280806215_0003_m_000001_0' done.
2019-11-05 17:31:40,125 [LocalJobRunner Map Task Executor #0] INFO  mapred.Task (Task.java:done(1276)) - Final Counters for attempt_local1280806215_0003_m_000001_0: Counters: 22
	File System Counters
		FILE: Number of bytes read=720312
		FILE: Number of bytes written=2493144
		FILE: Number of read operations=0
		FILE: Number of large read operations=0
		FILE: Number of write operations=0
		O3FS: Number of bytes read=0
		O3FS: Number of bytes written=2100
		O3FS: Number of read operations=157
		O3FS: Number of large read operations=0
		O3FS: Number of write operations=27
	Map-Reduce Framework
		Map input records=1
		Map output records=0
		Input split bytes=157
		Spilled Records=0
		Failed Shuffles=0
		Merged Map outputs=0
		GC time elapsed (ms)=0
		Total committed heap usage (bytes)=1998585856
	File Input Format Counters 
		Bytes Read=3146
	File Output Format Counters 
		Bytes Written=8
	DistCp Counters
		Bandwidth in Btyes=0
		DIR_COPY=1
2019-11-05 17:31:40,125 [LocalJobRunner Map Task Executor #0] INFO  mapred.LocalJobRunner (LocalJobRunner.java:run(277)) - Finishing task: attempt_local1280806215_0003_m_000001_0
2019-11-05 17:31:40,125 [LocalJobRunner Map Task Executor #0] INFO  mapred.LocalJobRunner (LocalJobRunner.java:run(252)) - Starting task: attempt_local1280806215_0003_m_000002_0
2019-11-05 17:31:40,125 [LocalJobRunner Map Task Executor #0] INFO  output.FileOutputCommitter (FileOutputCommitter.java:<init>(140)) - File Output Committer Algorithm version is 2
2019-11-05 17:31:40,126 [LocalJobRunner Map Task Executor #0] INFO  output.FileOutputCommitter (FileOutputCommitter.java:<init>(155)) - FileOutputCommitter skip cleanup _temporary folders under output directory:false, ignore cleanup failures: false
2019-11-05 17:31:40,126 [LocalJobRunner Map Task Executor #0] INFO  mapred.Task (Task.java:initialize(626)) -  Using ResourceCalculatorProcessTree : [ ]
2019-11-05 17:31:40,126 [LocalJobRunner Map Task Executor #0] INFO  mapred.MapTask (MapTask.java:runNewMapper(768)) - Processing split: file:/tmp/hadoop/mapred/staging/jenkins10001717478292/.staging/_distcp-41368393/fileList.seq:1962+292
2019-11-05 17:31:40,127 [LocalJobRunner Map Task Executor #0] INFO  output.FileOutputCommitter (FileOutputCommitter.java:<init>(140)) - File Output Committer Algorithm version is 2
2019-11-05 17:31:40,127 [LocalJobRunner Map Task Executor #0] INFO  output.FileOutputCommitter (FileOutputCommitter.java:<init>(155)) - FileOutputCommitter skip cleanup _temporary folders under output directory:false, ignore cleanup failures: false
2019-11-05 17:31:40,190 [LocalJobRunner Map Task Executor #0] INFO  mapred.CopyMapper (CopyMapper.java:map(154)) - Copying file:/workdir/hadoop-ozone/ozonefs/target/test-dir/ITestOzoneContractDistCp/testTrackDeepDirectoryStructureToRemote/local/inputDir/subDir2/subDir2/file3 to o3fs://bucket80282.volume43413/test/ITestOzoneContractDistCp/testTrackDeepDirectoryStructureToRemote/remote/outputDir/inputDir/subDir2/subDir2/file3
17:31:40.198 [IPC Server handler 19 on 37190] ERROR OMAudit - user=jenkins1000 | ip=127.0.0.1 | op=GET_FILE_STATUS {volume=volume43413, bucket=bucket80282, key=test/ITestOzoneContractDistCp/testTrackDeepDirectoryStructureToRemote/remote/outputDir/inputDir/subDir2/subDir2/file3, dataSize=0, replicationType=null, replicationFactor=null, keyLocationInfo=null} | ret=FAILURE
org.apache.hadoop.ozone.om.exceptions.OMException: Unable to get file status: volume: volume43413 bucket: bucket80282 key: test/ITestOzoneContractDistCp/testTrackDeepDirectoryStructureToRemote/remote/outputDir/inputDir/subDir2/subDir2/file3
	at org.apache.hadoop.ozone.om.KeyManagerImpl.getFileStatus(KeyManagerImpl.java:1784) ~[hadoop-ozone-ozone-manager-0.5.0-SNAPSHOT.jar:?]
	at org.apache.hadoop.ozone.om.OzoneManager.getFileStatus(OzoneManager.java:2762) ~[hadoop-ozone-ozone-manager-0.5.0-SNAPSHOT.jar:?]
	at org.apache.hadoop.ozone.protocolPB.OzoneManagerRequestHandler.getOzoneFileStatus(OzoneManagerRequestHandler.java:1053) ~[hadoop-ozone-ozone-manager-0.5.0-SNAPSHOT.jar:?]
	at org.apache.hadoop.ozone.protocolPB.OzoneManagerRequestHandler.handle(OzoneManagerRequestHandler.java:340) ~[hadoop-ozone-ozone-manager-0.5.0-SNAPSHOT.jar:?]
	at org.apache.hadoop.ozone.protocolPB.OzoneManagerProtocolServerSideTranslatorPB.submitRequestDirectlyToOM(OzoneManagerProtocolServerSideTranslatorPB.java:208) ~[hadoop-ozone-ozone-manager-0.5.0-SNAPSHOT.jar:?]
	at org.apache.hadoop.ozone.protocolPB.OzoneManagerProtocolServerSideTranslatorPB.processRequest(OzoneManagerProtocolServerSideTranslatorPB.java:132) ~[hadoop-ozone-ozone-manager-0.5.0-SNAPSHOT.jar:?]
	at org.apache.hadoop.hdds.server.OzoneProtocolMessageDispatcher.processRequest(OzoneProtocolMessageDispatcher.java:72) [hadoop-hdds-server-framework-0.5.0-SNAPSHOT.jar:?]
	at org.apache.hadoop.ozone.protocolPB.OzoneManagerProtocolServerSideTranslatorPB.submitRequest(OzoneManagerProtocolServerSideTranslatorPB.java:100) [hadoop-ozone-ozone-manager-0.5.0-SNAPSHOT.jar:?]
	at org.apache.hadoop.ozone.protocol.proto.OzoneManagerProtocolProtos$OzoneManagerService$2.callBlockingMethod(OzoneManagerProtocolProtos.java) [hadoop-ozone-common-0.5.0-SNAPSHOT.jar:?]
	at org.apache.hadoop.ipc.ProtobufRpcEngine$Server$ProtoBufRpcInvoker.call(ProtobufRpcEngine.java:524) [hadoop-common-3.2.0.jar:?]
	at org.apache.hadoop.ipc.RPC$Server.call(RPC.java:1025) [hadoop-common-3.2.0.jar:?]
	at org.apache.hadoop.ipc.Server$RpcCall.run(Server.java:876) [hadoop-common-3.2.0.jar:?]
	at org.apache.hadoop.ipc.Server$RpcCall.run(Server.java:822) [hadoop-common-3.2.0.jar:?]
	at java.security.AccessController.doPrivileged(Native Method) [?:1.8.0_222]
	at javax.security.auth.Subject.doAs(Subject.java:422) [?:1.8.0_222]
	at org.apache.hadoop.security.UserGroupInformation.doAs(UserGroupInformation.java:1730) [hadoop-common-3.2.0.jar:?]
	at org.apache.hadoop.ipc.Server$Handler.run(Server.java:2682) [hadoop-common-3.2.0.jar:?]
2019-11-05 17:31:40,200 [LocalJobRunner Map Task Executor #0] INFO  mapred.RetriableFileCopyCommand (RetriableFileCopyCommand.java:getTmpFile(260)) - Creating temp file: o3fs://bucket80282.volume43413/test/ITestOzoneContractDistCp/testTrackDeepDirectoryStructureToRemote/remote/outputDir/.distcp.tmp.attempt_local1280806215_0003_m_000002_0
17:31:40.415 [IPC Server handler 10 on 37190] ERROR OMAudit - user=jenkins1000 | ip=127.0.0.1 | op=GET_FILE_STATUS {volume=volume43413, bucket=bucket80282, key=test/ITestOzoneContractDistCp/testTrackDeepDirectoryStructureToRemote/remote/outputDir/inputDir/subDir2/subDir2/file3, dataSize=0, replicationType=null, replicationFactor=null, keyLocationInfo=null} | ret=FAILURE
org.apache.hadoop.ozone.om.exceptions.OMException: Unable to get file status: volume: volume43413 bucket: bucket80282 key: test/ITestOzoneContractDistCp/testTrackDeepDirectoryStructureToRemote/remote/outputDir/inputDir/subDir2/subDir2/file3
	at org.apache.hadoop.ozone.om.KeyManagerImpl.getFileStatus(KeyManagerImpl.java:1784) ~[hadoop-ozone-ozone-manager-0.5.0-SNAPSHOT.jar:?]
	at org.apache.hadoop.ozone.om.OzoneManager.getFileStatus(OzoneManager.java:2762) ~[hadoop-ozone-ozone-manager-0.5.0-SNAPSHOT.jar:?]
	at org.apache.hadoop.ozone.protocolPB.OzoneManagerRequestHandler.getOzoneFileStatus(OzoneManagerRequestHandler.java:1053) ~[hadoop-ozone-ozone-manager-0.5.0-SNAPSHOT.jar:?]
	at org.apache.hadoop.ozone.protocolPB.OzoneManagerRequestHandler.handle(OzoneManagerRequestHandler.java:340) ~[hadoop-ozone-ozone-manager-0.5.0-SNAPSHOT.jar:?]
	at org.apache.hadoop.ozone.protocolPB.OzoneManagerProtocolServerSideTranslatorPB.submitRequestDirectlyToOM(OzoneManagerProtocolServerSideTranslatorPB.java:208) ~[hadoop-ozone-ozone-manager-0.5.0-SNAPSHOT.jar:?]
	at org.apache.hadoop.ozone.protocolPB.OzoneManagerProtocolServerSideTranslatorPB.processRequest(OzoneManagerProtocolServerSideTranslatorPB.java:132) ~[hadoop-ozone-ozone-manager-0.5.0-SNAPSHOT.jar:?]
	at org.apache.hadoop.hdds.server.OzoneProtocolMessageDispatcher.processRequest(OzoneProtocolMessageDispatcher.java:72) [hadoop-hdds-server-framework-0.5.0-SNAPSHOT.jar:?]
	at org.apache.hadoop.ozone.protocolPB.OzoneManagerProtocolServerSideTranslatorPB.submitRequest(OzoneManagerProtocolServerSideTranslatorPB.java:100) [hadoop-ozone-ozone-manager-0.5.0-SNAPSHOT.jar:?]
	at org.apache.hadoop.ozone.protocol.proto.OzoneManagerProtocolProtos$OzoneManagerService$2.callBlockingMethod(OzoneManagerProtocolProtos.java) [hadoop-ozone-common-0.5.0-SNAPSHOT.jar:?]
	at org.apache.hadoop.ipc.ProtobufRpcEngine$Server$ProtoBufRpcInvoker.call(ProtobufRpcEngine.java:524) [hadoop-common-3.2.0.jar:?]
	at org.apache.hadoop.ipc.RPC$Server.call(RPC.java:1025) [hadoop-common-3.2.0.jar:?]
	at org.apache.hadoop.ipc.Server$RpcCall.run(Server.java:876) [hadoop-common-3.2.0.jar:?]
	at org.apache.hadoop.ipc.Server$RpcCall.run(Server.java:822) [hadoop-common-3.2.0.jar:?]
	at java.security.AccessController.doPrivileged(Native Method) [?:1.8.0_222]
	at javax.security.auth.Subject.doAs(Subject.java:422) [?:1.8.0_222]
	at org.apache.hadoop.security.UserGroupInformation.doAs(UserGroupInformation.java:1730) [hadoop-common-3.2.0.jar:?]
	at org.apache.hadoop.ipc.Server$Handler.run(Server.java:2682) [hadoop-common-3.2.0.jar:?]
17:31:40.417 [IPC Server handler 17 on 37190] ERROR OMAudit - user=jenkins1000 | ip=127.0.0.1 | op=GET_FILE_STATUS {volume=volume43413, bucket=bucket80282, key=test/ITestOzoneContractDistCp/testTrackDeepDirectoryStructureToRemote/remote/outputDir/inputDir/subDir2/subDir2, dataSize=0, replicationType=null, replicationFactor=null, keyLocationInfo=null} | ret=FAILURE
org.apache.hadoop.ozone.om.exceptions.OMException: Unable to get file status: volume: volume43413 bucket: bucket80282 key: test/ITestOzoneContractDistCp/testTrackDeepDirectoryStructureToRemote/remote/outputDir/inputDir/subDir2/subDir2
	at org.apache.hadoop.ozone.om.KeyManagerImpl.getFileStatus(KeyManagerImpl.java:1784) ~[hadoop-ozone-ozone-manager-0.5.0-SNAPSHOT.jar:?]
	at org.apache.hadoop.ozone.om.OzoneManager.getFileStatus(OzoneManager.java:2762) ~[hadoop-ozone-ozone-manager-0.5.0-SNAPSHOT.jar:?]
	at org.apache.hadoop.ozone.protocolPB.OzoneManagerRequestHandler.getOzoneFileStatus(OzoneManagerRequestHandler.java:1053) ~[hadoop-ozone-ozone-manager-0.5.0-SNAPSHOT.jar:?]
	at org.apache.hadoop.ozone.protocolPB.OzoneManagerRequestHandler.handle(OzoneManagerRequestHandler.java:340) ~[hadoop-ozone-ozone-manager-0.5.0-SNAPSHOT.jar:?]
	at org.apache.hadoop.ozone.protocolPB.OzoneManagerProtocolServerSideTranslatorPB.submitRequestDirectlyToOM(OzoneManagerProtocolServerSideTranslatorPB.java:208) ~[hadoop-ozone-ozone-manager-0.5.0-SNAPSHOT.jar:?]
	at org.apache.hadoop.ozone.protocolPB.OzoneManagerProtocolServerSideTranslatorPB.processRequest(OzoneManagerProtocolServerSideTranslatorPB.java:132) ~[hadoop-ozone-ozone-manager-0.5.0-SNAPSHOT.jar:?]
	at org.apache.hadoop.hdds.server.OzoneProtocolMessageDispatcher.processRequest(OzoneProtocolMessageDispatcher.java:72) [hadoop-hdds-server-framework-0.5.0-SNAPSHOT.jar:?]
	at org.apache.hadoop.ozone.protocolPB.OzoneManagerProtocolServerSideTranslatorPB.submitRequest(OzoneManagerProtocolServerSideTranslatorPB.java:100) [hadoop-ozone-ozone-manager-0.5.0-SNAPSHOT.jar:?]
	at org.apache.hadoop.ozone.protocol.proto.OzoneManagerProtocolProtos$OzoneManagerService$2.callBlockingMethod(OzoneManagerProtocolProtos.java) [hadoop-ozone-common-0.5.0-SNAPSHOT.jar:?]
	at org.apache.hadoop.ipc.ProtobufRpcEngine$Server$ProtoBufRpcInvoker.call(ProtobufRpcEngine.java:524) [hadoop-common-3.2.0.jar:?]
	at org.apache.hadoop.ipc.RPC$Server.call(RPC.java:1025) [hadoop-common-3.2.0.jar:?]
	at org.apache.hadoop.ipc.Server$RpcCall.run(Server.java:876) [hadoop-common-3.2.0.jar:?]
	at org.apache.hadoop.ipc.Server$RpcCall.run(Server.java:822) [hadoop-common-3.2.0.jar:?]
	at java.security.AccessController.doPrivileged(Native Method) [?:1.8.0_222]
	at javax.security.auth.Subject.doAs(Subject.java:422) [?:1.8.0_222]
	at org.apache.hadoop.security.UserGroupInformation.doAs(UserGroupInformation.java:1730) [hadoop-common-3.2.0.jar:?]
	at org.apache.hadoop.ipc.Server$Handler.run(Server.java:2682) [hadoop-common-3.2.0.jar:?]
17:31:40.470 [IPC Server handler 18 on 37190] ERROR OMAudit - user=jenkins1000 | ip=127.0.0.1 | op=GET_FILE_STATUS {volume=volume43413, bucket=bucket80282, key=test/ITestOzoneContractDistCp/testTrackDeepDirectoryStructureToRemote/remote/outputDir/inputDir/subDir2/subDir2/file3, dataSize=0, replicationType=null, replicationFactor=null, keyLocationInfo=null} | ret=FAILURE
org.apache.hadoop.ozone.om.exceptions.OMException: Unable to get file status: volume: volume43413 bucket: bucket80282 key: test/ITestOzoneContractDistCp/testTrackDeepDirectoryStructureToRemote/remote/outputDir/inputDir/subDir2/subDir2/file3
	at org.apache.hadoop.ozone.om.KeyManagerImpl.getFileStatus(KeyManagerImpl.java:1784) ~[hadoop-ozone-ozone-manager-0.5.0-SNAPSHOT.jar:?]
	at org.apache.hadoop.ozone.om.OzoneManager.getFileStatus(OzoneManager.java:2762) ~[hadoop-ozone-ozone-manager-0.5.0-SNAPSHOT.jar:?]
	at org.apache.hadoop.ozone.protocolPB.OzoneManagerRequestHandler.getOzoneFileStatus(OzoneManagerRequestHandler.java:1053) ~[hadoop-ozone-ozone-manager-0.5.0-SNAPSHOT.jar:?]
	at org.apache.hadoop.ozone.protocolPB.OzoneManagerRequestHandler.handle(OzoneManagerRequestHandler.java:340) ~[hadoop-ozone-ozone-manager-0.5.0-SNAPSHOT.jar:?]
	at org.apache.hadoop.ozone.protocolPB.OzoneManagerProtocolServerSideTranslatorPB.submitRequestDirectlyToOM(OzoneManagerProtocolServerSideTranslatorPB.java:208) ~[hadoop-ozone-ozone-manager-0.5.0-SNAPSHOT.jar:?]
	at org.apache.hadoop.ozone.protocolPB.OzoneManagerProtocolServerSideTranslatorPB.processRequest(OzoneManagerProtocolServerSideTranslatorPB.java:132) ~[hadoop-ozone-ozone-manager-0.5.0-SNAPSHOT.jar:?]
	at org.apache.hadoop.hdds.server.OzoneProtocolMessageDispatcher.processRequest(OzoneProtocolMessageDispatcher.java:72) [hadoop-hdds-server-framework-0.5.0-SNAPSHOT.jar:?]
	at org.apache.hadoop.ozone.protocolPB.OzoneManagerProtocolServerSideTranslatorPB.submitRequest(OzoneManagerProtocolServerSideTranslatorPB.java:100) [hadoop-ozone-ozone-manager-0.5.0-SNAPSHOT.jar:?]
	at org.apache.hadoop.ozone.protocol.proto.OzoneManagerProtocolProtos$OzoneManagerService$2.callBlockingMethod(OzoneManagerProtocolProtos.java) [hadoop-ozone-common-0.5.0-SNAPSHOT.jar:?]
	at org.apache.hadoop.ipc.ProtobufRpcEngine$Server$ProtoBufRpcInvoker.call(ProtobufRpcEngine.java:524) [hadoop-common-3.2.0.jar:?]
	at org.apache.hadoop.ipc.RPC$Server.call(RPC.java:1025) [hadoop-common-3.2.0.jar:?]
	at org.apache.hadoop.ipc.Server$RpcCall.run(Server.java:876) [hadoop-common-3.2.0.jar:?]
	at org.apache.hadoop.ipc.Server$RpcCall.run(Server.java:822) [hadoop-common-3.2.0.jar:?]
	at java.security.AccessController.doPrivileged(Native Method) [?:1.8.0_222]
	at javax.security.auth.Subject.doAs(Subject.java:422) [?:1.8.0_222]
	at org.apache.hadoop.security.UserGroupInformation.doAs(UserGroupInformation.java:1730) [hadoop-common-3.2.0.jar:?]
	at org.apache.hadoop.ipc.Server$Handler.run(Server.java:2682) [hadoop-common-3.2.0.jar:?]
17:31:40.519 [IPC Server handler 13 on 37190] ERROR OMAudit - user=jenkins1000 | ip=127.0.0.1 | op=GET_FILE_STATUS {volume=volume43413, bucket=bucket80282, key=test/ITestOzoneContractDistCp/testTrackDeepDirectoryStructureToRemote/remote/outputDir/.distcp.tmp.attempt_local1280806215_0003_m_000002_0, dataSize=0, replicationType=null, replicationFactor=null, keyLocationInfo=null} | ret=FAILURE
org.apache.hadoop.ozone.om.exceptions.OMException: Unable to get file status: volume: volume43413 bucket: bucket80282 key: test/ITestOzoneContractDistCp/testTrackDeepDirectoryStructureToRemote/remote/outputDir/.distcp.tmp.attempt_local1280806215_0003_m_000002_0
	at org.apache.hadoop.ozone.om.KeyManagerImpl.getFileStatus(KeyManagerImpl.java:1784) ~[hadoop-ozone-ozone-manager-0.5.0-SNAPSHOT.jar:?]
	at org.apache.hadoop.ozone.om.OzoneManager.getFileStatus(OzoneManager.java:2762) ~[hadoop-ozone-ozone-manager-0.5.0-SNAPSHOT.jar:?]
	at org.apache.hadoop.ozone.protocolPB.OzoneManagerRequestHandler.getOzoneFileStatus(OzoneManagerRequestHandler.java:1053) ~[hadoop-ozone-ozone-manager-0.5.0-SNAPSHOT.jar:?]
	at org.apache.hadoop.ozone.protocolPB.OzoneManagerRequestHandler.handle(OzoneManagerRequestHandler.java:340) ~[hadoop-ozone-ozone-manager-0.5.0-SNAPSHOT.jar:?]
	at org.apache.hadoop.ozone.protocolPB.OzoneManagerProtocolServerSideTranslatorPB.submitRequestDirectlyToOM(OzoneManagerProtocolServerSideTranslatorPB.java:208) ~[hadoop-ozone-ozone-manager-0.5.0-SNAPSHOT.jar:?]
	at org.apache.hadoop.ozone.protocolPB.OzoneManagerProtocolServerSideTranslatorPB.processRequest(OzoneManagerProtocolServerSideTranslatorPB.java:132) ~[hadoop-ozone-ozone-manager-0.5.0-SNAPSHOT.jar:?]
	at org.apache.hadoop.hdds.server.OzoneProtocolMessageDispatcher.processRequest(OzoneProtocolMessageDispatcher.java:72) [hadoop-hdds-server-framework-0.5.0-SNAPSHOT.jar:?]
	at org.apache.hadoop.ozone.protocolPB.OzoneManagerProtocolServerSideTranslatorPB.submitRequest(OzoneManagerProtocolServerSideTranslatorPB.java:100) [hadoop-ozone-ozone-manager-0.5.0-SNAPSHOT.jar:?]
	at org.apache.hadoop.ozone.protocol.proto.OzoneManagerProtocolProtos$OzoneManagerService$2.callBlockingMethod(OzoneManagerProtocolProtos.java) [hadoop-ozone-common-0.5.0-SNAPSHOT.jar:?]
	at org.apache.hadoop.ipc.ProtobufRpcEngine$Server$ProtoBufRpcInvoker.call(ProtobufRpcEngine.java:524) [hadoop-common-3.2.0.jar:?]
	at org.apache.hadoop.ipc.RPC$Server.call(RPC.java:1025) [hadoop-common-3.2.0.jar:?]
	at org.apache.hadoop.ipc.Server$RpcCall.run(Server.java:876) [hadoop-common-3.2.0.jar:?]
	at org.apache.hadoop.ipc.Server$RpcCall.run(Server.java:822) [hadoop-common-3.2.0.jar:?]
	at java.security.AccessController.doPrivileged(Native Method) [?:1.8.0_222]
	at javax.security.auth.Subject.doAs(Subject.java:422) [?:1.8.0_222]
	at org.apache.hadoop.security.UserGroupInformation.doAs(UserGroupInformation.java:1730) [hadoop-common-3.2.0.jar:?]
	at org.apache.hadoop.ipc.Server$Handler.run(Server.java:2682) [hadoop-common-3.2.0.jar:?]
2019-11-05 17:31:40,519 [Thread-574] INFO  mapreduce.Job (Job.java:monitorAndPrintJob(1640)) - Job job_local1280806215_0003 running in uber mode : false
2019-11-05 17:31:40,535 [Thread-574] INFO  mapreduce.Job (Job.java:monitorAndPrintJob(1647)) -  map 100% reduce 0%
2019-11-05 17:31:40,520 [LocalJobRunner Map Task Executor #0] WARN  ozone.BasicOzoneFileSystem (BasicOzoneFileSystem.java:delete(444)) - delete: Path does not exist: o3fs://bucket80282.volume43413/test/ITestOzoneContractDistCp/testTrackDeepDirectoryStructureToRemote/remote/outputDir/.distcp.tmp.attempt_local1280806215_0003_m_000002_0
2019-11-05 17:31:40,536 [LocalJobRunner Map Task Executor #0] INFO  mapred.LocalJobRunner (LocalJobRunner.java:statusUpdate(634)) - 
2019-11-05 17:31:40,537 [LocalJobRunner Map Task Executor #0] INFO  mapred.Task (Task.java:done(1244)) - Task:attempt_local1280806215_0003_m_000002_0 is done. And is in the process of committing
2019-11-05 17:31:40,537 [LocalJobRunner Map Task Executor #0] INFO  mapred.LocalJobRunner (LocalJobRunner.java:statusUpdate(634)) - 
2019-11-05 17:31:40,538 [LocalJobRunner Map Task Executor #0] INFO  mapred.Task (Task.java:commit(1421)) - Task attempt_local1280806215_0003_m_000002_0 is allowed to commit now
2019-11-05 17:31:40,539 [LocalJobRunner Map Task Executor #0] INFO  output.FileOutputCommitter (FileOutputCommitter.java:commitTask(598)) - Saved output of task 'attempt_local1280806215_0003_m_000002_0' to file:/tmp/hadoop/mapred/staging/jenkins10001717478292/.staging/_distcp-41368393/_logs
2019-11-05 17:31:40,539 [LocalJobRunner Map Task Executor #0] INFO  mapred.LocalJobRunner (LocalJobRunner.java:statusUpdate(634)) - 100.0% Copying file:/workdir/hadoop-ozone/ozonefs/target/test-dir/ITestOzoneContractDistCp/testTrackDeepDirectoryStructureToRemote/local/inputDir/subDir2/subDir2/file3 to o3fs://bucket80282.volume43413/test/ITestOzoneContractDistCp/testTrackDeepDirectoryStructureToRemote/remote/outputDir/inputDir/subDir2/subDir2/file3 [300.0B/300.0B]
2019-11-05 17:31:40,539 [LocalJobRunner Map Task Executor #0] INFO  mapred.Task (Task.java:sendDone(1380)) - Task 'attempt_local1280806215_0003_m_000002_0' done.
2019-11-05 17:31:40,540 [LocalJobRunner Map Task Executor #0] INFO  mapred.Task (Task.java:done(1276)) - Final Counters for attempt_local1280806215_0003_m_000002_0: Counters: 24
	File System Counters
		FILE: Number of bytes read=725375
		FILE: Number of bytes written=2493152
		FILE: Number of read operations=0
		FILE: Number of large read operations=0
		FILE: Number of write operations=0
		O3FS: Number of bytes read=0
		O3FS: Number of bytes written=2400
		O3FS: Number of read operations=167
		O3FS: Number of large read operations=0
		O3FS: Number of write operations=30
	Map-Reduce Framework
		Map input records=1
		Map output records=0
		Input split bytes=157
		Spilled Records=0
		Failed Shuffles=0
		Merged Map outputs=0
		GC time elapsed (ms)=0
		Total committed heap usage (bytes)=1998585856
	File Input Format Counters 
		Bytes Read=3146
	File Output Format Counters 
		Bytes Written=8
	DistCp Counters
		Bandwidth in Btyes=300
		Bytes Copied=300
		Bytes Expected=300
		Files Copied=1
2019-11-05 17:31:40,540 [LocalJobRunner Map Task Executor #0] INFO  mapred.LocalJobRunner (LocalJobRunner.java:run(277)) - Finishing task: attempt_local1280806215_0003_m_000002_0
2019-11-05 17:31:40,540 [LocalJobRunner Map Task Executor #0] INFO  mapred.LocalJobRunner (LocalJobRunner.java:run(252)) - Starting task: attempt_local1280806215_0003_m_000003_0
2019-11-05 17:31:40,540 [LocalJobRunner Map Task Executor #0] INFO  output.FileOutputCommitter (FileOutputCommitter.java:<init>(140)) - File Output Committer Algorithm version is 2
2019-11-05 17:31:40,541 [LocalJobRunner Map Task Executor #0] INFO  output.FileOutputCommitter (FileOutputCommitter.java:<init>(155)) - FileOutputCommitter skip cleanup _temporary folders under output directory:false, ignore cleanup failures: false
2019-11-05 17:31:40,541 [LocalJobRunner Map Task Executor #0] INFO  mapred.Task (Task.java:initialize(626)) -  Using ResourceCalculatorProcessTree : [ ]
2019-11-05 17:31:40,542 [LocalJobRunner Map Task Executor #0] INFO  mapred.MapTask (MapTask.java:runNewMapper(768)) - Processing split: file:/tmp/hadoop/mapred/staging/jenkins10001717478292/.staging/_distcp-41368393/fileList.seq:2798+292
2019-11-05 17:31:40,542 [LocalJobRunner Map Task Executor #0] INFO  output.FileOutputCommitter (FileOutputCommitter.java:<init>(140)) - File Output Committer Algorithm version is 2
2019-11-05 17:31:40,542 [LocalJobRunner Map Task Executor #0] INFO  output.FileOutputCommitter (FileOutputCommitter.java:<init>(155)) - FileOutputCommitter skip cleanup _temporary folders under output directory:false, ignore cleanup failures: false
2019-11-05 17:31:40,603 [LocalJobRunner Map Task Executor #0] INFO  mapred.CopyMapper (CopyMapper.java:map(154)) - Copying file:/workdir/hadoop-ozone/ozonefs/target/test-dir/ITestOzoneContractDistCp/testTrackDeepDirectoryStructureToRemote/local/inputDir/subDir4/subDir4/file5 to o3fs://bucket80282.volume43413/test/ITestOzoneContractDistCp/testTrackDeepDirectoryStructureToRemote/remote/outputDir/inputDir/subDir4/subDir4/file5
17:31:40.611 [IPC Server handler 11 on 37190] ERROR OMAudit - user=jenkins1000 | ip=127.0.0.1 | op=GET_FILE_STATUS {volume=volume43413, bucket=bucket80282, key=test/ITestOzoneContractDistCp/testTrackDeepDirectoryStructureToRemote/remote/outputDir/inputDir/subDir4/subDir4/file5, dataSize=0, replicationType=null, replicationFactor=null, keyLocationInfo=null} | ret=FAILURE
org.apache.hadoop.ozone.om.exceptions.OMException: Unable to get file status: volume: volume43413 bucket: bucket80282 key: test/ITestOzoneContractDistCp/testTrackDeepDirectoryStructureToRemote/remote/outputDir/inputDir/subDir4/subDir4/file5
	at org.apache.hadoop.ozone.om.KeyManagerImpl.getFileStatus(KeyManagerImpl.java:1784) ~[hadoop-ozone-ozone-manager-0.5.0-SNAPSHOT.jar:?]
	at org.apache.hadoop.ozone.om.OzoneManager.getFileStatus(OzoneManager.java:2762) ~[hadoop-ozone-ozone-manager-0.5.0-SNAPSHOT.jar:?]
	at org.apache.hadoop.ozone.protocolPB.OzoneManagerRequestHandler.getOzoneFileStatus(OzoneManagerRequestHandler.java:1053) ~[hadoop-ozone-ozone-manager-0.5.0-SNAPSHOT.jar:?]
	at org.apache.hadoop.ozone.protocolPB.OzoneManagerRequestHandler.handle(OzoneManagerRequestHandler.java:340) ~[hadoop-ozone-ozone-manager-0.5.0-SNAPSHOT.jar:?]
	at org.apache.hadoop.ozone.protocolPB.OzoneManagerProtocolServerSideTranslatorPB.submitRequestDirectlyToOM(OzoneManagerProtocolServerSideTranslatorPB.java:208) ~[hadoop-ozone-ozone-manager-0.5.0-SNAPSHOT.jar:?]
	at org.apache.hadoop.ozone.protocolPB.OzoneManagerProtocolServerSideTranslatorPB.processRequest(OzoneManagerProtocolServerSideTranslatorPB.java:132) ~[hadoop-ozone-ozone-manager-0.5.0-SNAPSHOT.jar:?]
	at org.apache.hadoop.hdds.server.OzoneProtocolMessageDispatcher.processRequest(OzoneProtocolMessageDispatcher.java:72) [hadoop-hdds-server-framework-0.5.0-SNAPSHOT.jar:?]
	at org.apache.hadoop.ozone.protocolPB.OzoneManagerProtocolServerSideTranslatorPB.submitRequest(OzoneManagerProtocolServerSideTranslatorPB.java:100) [hadoop-ozone-ozone-manager-0.5.0-SNAPSHOT.jar:?]
	at org.apache.hadoop.ozone.protocol.proto.OzoneManagerProtocolProtos$OzoneManagerService$2.callBlockingMethod(OzoneManagerProtocolProtos.java) [hadoop-ozone-common-0.5.0-SNAPSHOT.jar:?]
	at org.apache.hadoop.ipc.ProtobufRpcEngine$Server$ProtoBufRpcInvoker.call(ProtobufRpcEngine.java:524) [hadoop-common-3.2.0.jar:?]
	at org.apache.hadoop.ipc.RPC$Server.call(RPC.java:1025) [hadoop-common-3.2.0.jar:?]
	at org.apache.hadoop.ipc.Server$RpcCall.run(Server.java:876) [hadoop-common-3.2.0.jar:?]
	at org.apache.hadoop.ipc.Server$RpcCall.run(Server.java:822) [hadoop-common-3.2.0.jar:?]
	at java.security.AccessController.doPrivileged(Native Method) [?:1.8.0_222]
	at javax.security.auth.Subject.doAs(Subject.java:422) [?:1.8.0_222]
	at org.apache.hadoop.security.UserGroupInformation.doAs(UserGroupInformation.java:1730) [hadoop-common-3.2.0.jar:?]
	at org.apache.hadoop.ipc.Server$Handler.run(Server.java:2682) [hadoop-common-3.2.0.jar:?]
2019-11-05 17:31:40,612 [LocalJobRunner Map Task Executor #0] INFO  mapred.RetriableFileCopyCommand (RetriableFileCopyCommand.java:getTmpFile(260)) - Creating temp file: o3fs://bucket80282.volume43413/test/ITestOzoneContractDistCp/testTrackDeepDirectoryStructureToRemote/remote/outputDir/.distcp.tmp.attempt_local1280806215_0003_m_000003_0
17:31:40.747 [IPC Server handler 14 on 37190] ERROR OMAudit - user=jenkins1000 | ip=127.0.0.1 | op=GET_FILE_STATUS {volume=volume43413, bucket=bucket80282, key=test/ITestOzoneContractDistCp/testTrackDeepDirectoryStructureToRemote/remote/outputDir/inputDir/subDir4/subDir4/file5, dataSize=0, replicationType=null, replicationFactor=null, keyLocationInfo=null} | ret=FAILURE
org.apache.hadoop.ozone.om.exceptions.OMException: Unable to get file status: volume: volume43413 bucket: bucket80282 key: test/ITestOzoneContractDistCp/testTrackDeepDirectoryStructureToRemote/remote/outputDir/inputDir/subDir4/subDir4/file5
	at org.apache.hadoop.ozone.om.KeyManagerImpl.getFileStatus(KeyManagerImpl.java:1784) ~[hadoop-ozone-ozone-manager-0.5.0-SNAPSHOT.jar:?]
	at org.apache.hadoop.ozone.om.OzoneManager.getFileStatus(OzoneManager.java:2762) ~[hadoop-ozone-ozone-manager-0.5.0-SNAPSHOT.jar:?]
	at org.apache.hadoop.ozone.protocolPB.OzoneManagerRequestHandler.getOzoneFileStatus(OzoneManagerRequestHandler.java:1053) ~[hadoop-ozone-ozone-manager-0.5.0-SNAPSHOT.jar:?]
	at org.apache.hadoop.ozone.protocolPB.OzoneManagerRequestHandler.handle(OzoneManagerRequestHandler.java:340) ~[hadoop-ozone-ozone-manager-0.5.0-SNAPSHOT.jar:?]
	at org.apache.hadoop.ozone.protocolPB.OzoneManagerProtocolServerSideTranslatorPB.submitRequestDirectlyToOM(OzoneManagerProtocolServerSideTranslatorPB.java:208) ~[hadoop-ozone-ozone-manager-0.5.0-SNAPSHOT.jar:?]
	at org.apache.hadoop.ozone.protocolPB.OzoneManagerProtocolServerSideTranslatorPB.processRequest(OzoneManagerProtocolServerSideTranslatorPB.java:132) ~[hadoop-ozone-ozone-manager-0.5.0-SNAPSHOT.jar:?]
	at org.apache.hadoop.hdds.server.OzoneProtocolMessageDispatcher.processRequest(OzoneProtocolMessageDispatcher.java:72) [hadoop-hdds-server-framework-0.5.0-SNAPSHOT.jar:?]
	at org.apache.hadoop.ozone.protocolPB.OzoneManagerProtocolServerSideTranslatorPB.submitRequest(OzoneManagerProtocolServerSideTranslatorPB.java:100) [hadoop-ozone-ozone-manager-0.5.0-SNAPSHOT.jar:?]
	at org.apache.hadoop.ozone.protocol.proto.OzoneManagerProtocolProtos$OzoneManagerService$2.callBlockingMethod(OzoneManagerProtocolProtos.java) [hadoop-ozone-common-0.5.0-SNAPSHOT.jar:?]
	at org.apache.hadoop.ipc.ProtobufRpcEngine$Server$ProtoBufRpcInvoker.call(ProtobufRpcEngine.java:524) [hadoop-common-3.2.0.jar:?]
	at org.apache.hadoop.ipc.RPC$Server.call(RPC.java:1025) [hadoop-common-3.2.0.jar:?]
	at org.apache.hadoop.ipc.Server$RpcCall.run(Server.java:876) [hadoop-common-3.2.0.jar:?]
	at org.apache.hadoop.ipc.Server$RpcCall.run(Server.java:822) [hadoop-common-3.2.0.jar:?]
	at java.security.AccessController.doPrivileged(Native Method) [?:1.8.0_222]
	at javax.security.auth.Subject.doAs(Subject.java:422) [?:1.8.0_222]
	at org.apache.hadoop.security.UserGroupInformation.doAs(UserGroupInformation.java:1730) [hadoop-common-3.2.0.jar:?]
	at org.apache.hadoop.ipc.Server$Handler.run(Server.java:2682) [hadoop-common-3.2.0.jar:?]
17:31:40.751 [IPC Server handler 8 on 37190] ERROR OMAudit - user=jenkins1000 | ip=127.0.0.1 | op=GET_FILE_STATUS {volume=volume43413, bucket=bucket80282, key=test/ITestOzoneContractDistCp/testTrackDeepDirectoryStructureToRemote/remote/outputDir/inputDir/subDir4/subDir4/file5, dataSize=0, replicationType=null, replicationFactor=null, keyLocationInfo=null} | ret=FAILURE
org.apache.hadoop.ozone.om.exceptions.OMException: Unable to get file status: volume: volume43413 bucket: bucket80282 key: test/ITestOzoneContractDistCp/testTrackDeepDirectoryStructureToRemote/remote/outputDir/inputDir/subDir4/subDir4/file5
	at org.apache.hadoop.ozone.om.KeyManagerImpl.getFileStatus(KeyManagerImpl.java:1784) ~[hadoop-ozone-ozone-manager-0.5.0-SNAPSHOT.jar:?]
	at org.apache.hadoop.ozone.om.OzoneManager.getFileStatus(OzoneManager.java:2762) ~[hadoop-ozone-ozone-manager-0.5.0-SNAPSHOT.jar:?]
	at org.apache.hadoop.ozone.protocolPB.OzoneManagerRequestHandler.getOzoneFileStatus(OzoneManagerRequestHandler.java:1053) ~[hadoop-ozone-ozone-manager-0.5.0-SNAPSHOT.jar:?]
	at org.apache.hadoop.ozone.protocolPB.OzoneManagerRequestHandler.handle(OzoneManagerRequestHandler.java:340) ~[hadoop-ozone-ozone-manager-0.5.0-SNAPSHOT.jar:?]
	at org.apache.hadoop.ozone.protocolPB.OzoneManagerProtocolServerSideTranslatorPB.submitRequestDirectlyToOM(OzoneManagerProtocolServerSideTranslatorPB.java:208) ~[hadoop-ozone-ozone-manager-0.5.0-SNAPSHOT.jar:?]
	at org.apache.hadoop.ozone.protocolPB.OzoneManagerProtocolServerSideTranslatorPB.processRequest(OzoneManagerProtocolServerSideTranslatorPB.java:132) ~[hadoop-ozone-ozone-manager-0.5.0-SNAPSHOT.jar:?]
	at org.apache.hadoop.hdds.server.OzoneProtocolMessageDispatcher.processRequest(OzoneProtocolMessageDispatcher.java:72) [hadoop-hdds-server-framework-0.5.0-SNAPSHOT.jar:?]
	at org.apache.hadoop.ozone.protocolPB.OzoneManagerProtocolServerSideTranslatorPB.submitRequest(OzoneManagerProtocolServerSideTranslatorPB.java:100) [hadoop-ozone-ozone-manager-0.5.0-SNAPSHOT.jar:?]
	at org.apache.hadoop.ozone.protocol.proto.OzoneManagerProtocolProtos$OzoneManagerService$2.callBlockingMethod(OzoneManagerProtocolProtos.java) [hadoop-ozone-common-0.5.0-SNAPSHOT.jar:?]
	at org.apache.hadoop.ipc.ProtobufRpcEngine$Server$ProtoBufRpcInvoker.call(ProtobufRpcEngine.java:524) [hadoop-common-3.2.0.jar:?]
	at org.apache.hadoop.ipc.RPC$Server.call(RPC.java:1025) [hadoop-common-3.2.0.jar:?]
	at org.apache.hadoop.ipc.Server$RpcCall.run(Server.java:876) [hadoop-common-3.2.0.jar:?]
	at org.apache.hadoop.ipc.Server$RpcCall.run(Server.java:822) [hadoop-common-3.2.0.jar:?]
	at java.security.AccessController.doPrivileged(Native Method) [?:1.8.0_222]
	at javax.security.auth.Subject.doAs(Subject.java:422) [?:1.8.0_222]
	at org.apache.hadoop.security.UserGroupInformation.doAs(UserGroupInformation.java:1730) [hadoop-common-3.2.0.jar:?]
	at org.apache.hadoop.ipc.Server$Handler.run(Server.java:2682) [hadoop-common-3.2.0.jar:?]
17:31:40.797 [IPC Server handler 18 on 37190] ERROR OMAudit - user=jenkins1000 | ip=127.0.0.1 | op=GET_FILE_STATUS {volume=volume43413, bucket=bucket80282, key=test/ITestOzoneContractDistCp/testTrackDeepDirectoryStructureToRemote/remote/outputDir/.distcp.tmp.attempt_local1280806215_0003_m_000003_0, dataSize=0, replicationType=null, replicationFactor=null, keyLocationInfo=null} | ret=FAILURE
org.apache.hadoop.ozone.om.exceptions.OMException: Unable to get file status: volume: volume43413 bucket: bucket80282 key: test/ITestOzoneContractDistCp/testTrackDeepDirectoryStructureToRemote/remote/outputDir/.distcp.tmp.attempt_local1280806215_0003_m_000003_0
	at org.apache.hadoop.ozone.om.KeyManagerImpl.getFileStatus(KeyManagerImpl.java:1784) ~[hadoop-ozone-ozone-manager-0.5.0-SNAPSHOT.jar:?]
	at org.apache.hadoop.ozone.om.OzoneManager.getFileStatus(OzoneManager.java:2762) ~[hadoop-ozone-ozone-manager-0.5.0-SNAPSHOT.jar:?]
	at org.apache.hadoop.ozone.protocolPB.OzoneManagerRequestHandler.getOzoneFileStatus(OzoneManagerRequestHandler.java:1053) ~[hadoop-ozone-ozone-manager-0.5.0-SNAPSHOT.jar:?]
	at org.apache.hadoop.ozone.protocolPB.OzoneManagerRequestHandler.handle(OzoneManagerRequestHandler.java:340) ~[hadoop-ozone-ozone-manager-0.5.0-SNAPSHOT.jar:?]
	at org.apache.hadoop.ozone.protocolPB.OzoneManagerProtocolServerSideTranslatorPB.submitRequestDirectlyToOM(OzoneManagerProtocolServerSideTranslatorPB.java:208) ~[hadoop-ozone-ozone-manager-0.5.0-SNAPSHOT.jar:?]
	at org.apache.hadoop.ozone.protocolPB.OzoneManagerProtocolServerSideTranslatorPB.processRequest(OzoneManagerProtocolServerSideTranslatorPB.java:132) ~[hadoop-ozone-ozone-manager-0.5.0-SNAPSHOT.jar:?]
	at org.apache.hadoop.hdds.server.OzoneProtocolMessageDispatcher.processRequest(OzoneProtocolMessageDispatcher.java:72) [hadoop-hdds-server-framework-0.5.0-SNAPSHOT.jar:?]
	at org.apache.hadoop.ozone.protocolPB.OzoneManagerProtocolServerSideTranslatorPB.submitRequest(OzoneManagerProtocolServerSideTranslatorPB.java:100) [hadoop-ozone-ozone-manager-0.5.0-SNAPSHOT.jar:?]
	at org.apache.hadoop.ozone.protocol.proto.OzoneManagerProtocolProtos$OzoneManagerService$2.callBlockingMethod(OzoneManagerProtocolProtos.java) [hadoop-ozone-common-0.5.0-SNAPSHOT.jar:?]
	at org.apache.hadoop.ipc.ProtobufRpcEngine$Server$ProtoBufRpcInvoker.call(ProtobufRpcEngine.java:524) [hadoop-common-3.2.0.jar:?]
	at org.apache.hadoop.ipc.RPC$Server.call(RPC.java:1025) [hadoop-common-3.2.0.jar:?]
	at org.apache.hadoop.ipc.Server$RpcCall.run(Server.java:876) [hadoop-common-3.2.0.jar:?]
	at org.apache.hadoop.ipc.Server$RpcCall.run(Server.java:822) [hadoop-common-3.2.0.jar:?]
	at java.security.AccessController.doPrivileged(Native Method) [?:1.8.0_222]
	at javax.security.auth.Subject.doAs(Subject.java:422) [?:1.8.0_222]
	at org.apache.hadoop.security.UserGroupInformation.doAs(UserGroupInformation.java:1730) [hadoop-common-3.2.0.jar:?]
	at org.apache.hadoop.ipc.Server$Handler.run(Server.java:2682) [hadoop-common-3.2.0.jar:?]
2019-11-05 17:31:40,798 [LocalJobRunner Map Task Executor #0] WARN  ozone.BasicOzoneFileSystem (BasicOzoneFileSystem.java:delete(444)) - delete: Path does not exist: o3fs://bucket80282.volume43413/test/ITestOzoneContractDistCp/testTrackDeepDirectoryStructureToRemote/remote/outputDir/.distcp.tmp.attempt_local1280806215_0003_m_000003_0
2019-11-05 17:31:40,799 [LocalJobRunner Map Task Executor #0] INFO  mapred.LocalJobRunner (LocalJobRunner.java:statusUpdate(634)) - 
2019-11-05 17:31:40,823 [LocalJobRunner Map Task Executor #0] INFO  mapred.Task (Task.java:done(1244)) - Task:attempt_local1280806215_0003_m_000003_0 is done. And is in the process of committing
2019-11-05 17:31:40,824 [LocalJobRunner Map Task Executor #0] INFO  mapred.LocalJobRunner (LocalJobRunner.java:statusUpdate(634)) - 
2019-11-05 17:31:40,824 [LocalJobRunner Map Task Executor #0] INFO  mapred.Task (Task.java:commit(1421)) - Task attempt_local1280806215_0003_m_000003_0 is allowed to commit now
2019-11-05 17:31:40,860 [LocalJobRunner Map Task Executor #0] INFO  output.FileOutputCommitter (FileOutputCommitter.java:commitTask(598)) - Saved output of task 'attempt_local1280806215_0003_m_000003_0' to file:/tmp/hadoop/mapred/staging/jenkins10001717478292/.staging/_distcp-41368393/_logs
2019-11-05 17:31:40,861 [LocalJobRunner Map Task Executor #0] INFO  mapred.LocalJobRunner (LocalJobRunner.java:statusUpdate(634)) - 100.0% Copying file:/workdir/hadoop-ozone/ozonefs/target/test-dir/ITestOzoneContractDistCp/testTrackDeepDirectoryStructureToRemote/local/inputDir/subDir4/subDir4/file5 to o3fs://bucket80282.volume43413/test/ITestOzoneContractDistCp/testTrackDeepDirectoryStructureToRemote/remote/outputDir/inputDir/subDir4/subDir4/file5 [500.0B/500.0B]
2019-11-05 17:31:40,861 [LocalJobRunner Map Task Executor #0] INFO  mapred.Task (Task.java:sendDone(1380)) - Task 'attempt_local1280806215_0003_m_000003_0' done.
2019-11-05 17:31:40,861 [LocalJobRunner Map Task Executor #0] INFO  mapred.Task (Task.java:done(1276)) - Final Counters for attempt_local1280806215_0003_m_000003_0: Counters: 24
	File System Counters
		FILE: Number of bytes read=730638
		FILE: Number of bytes written=2493160
		FILE: Number of read operations=0
		FILE: Number of large read operations=0
		FILE: Number of write operations=0
		O3FS: Number of bytes read=0
		O3FS: Number of bytes written=2900
		O3FS: Number of read operations=177
		O3FS: Number of large read operations=0
		O3FS: Number of write operations=33
	Map-Reduce Framework
		Map input records=1
		Map output records=0
		Input split bytes=157
		Spilled Records=0
		Failed Shuffles=0
		Merged Map outputs=0
		GC time elapsed (ms)=0
		Total committed heap usage (bytes)=1998585856
	File Input Format Counters 
		Bytes Read=3146
	File Output Format Counters 
		Bytes Written=8
	DistCp Counters
		Bandwidth in Btyes=500
		Bytes Copied=500
		Bytes Expected=500
		Files Copied=1
2019-11-05 17:31:40,861 [LocalJobRunner Map Task Executor #0] INFO  mapred.LocalJobRunner (LocalJobRunner.java:run(277)) - Finishing task: attempt_local1280806215_0003_m_000003_0
2019-11-05 17:31:40,861 [LocalJobRunner Map Task Executor #0] INFO  mapred.LocalJobRunner (LocalJobRunner.java:run(252)) - Starting task: attempt_local1280806215_0003_m_000004_0
2019-11-05 17:31:40,863 [LocalJobRunner Map Task Executor #0] INFO  output.FileOutputCommitter (FileOutputCommitter.java:<init>(140)) - File Output Committer Algorithm version is 2
2019-11-05 17:31:40,863 [LocalJobRunner Map Task Executor #0] INFO  output.FileOutputCommitter (FileOutputCommitter.java:<init>(155)) - FileOutputCommitter skip cleanup _temporary folders under output directory:false, ignore cleanup failures: false
2019-11-05 17:31:40,863 [LocalJobRunner Map Task Executor #0] INFO  mapred.Task (Task.java:initialize(626)) -  Using ResourceCalculatorProcessTree : [ ]
2019-11-05 17:31:40,864 [LocalJobRunner Map Task Executor #0] INFO  mapred.MapTask (MapTask.java:runNewMapper(768)) - Processing split: file:/tmp/hadoop/mapred/staging/jenkins10001717478292/.staging/_distcp-41368393/fileList.seq:850+280
2019-11-05 17:31:40,865 [LocalJobRunner Map Task Executor #0] INFO  output.FileOutputCommitter (FileOutputCommitter.java:<init>(140)) - File Output Committer Algorithm version is 2
2019-11-05 17:31:40,865 [LocalJobRunner Map Task Executor #0] INFO  output.FileOutputCommitter (FileOutputCommitter.java:<init>(155)) - FileOutputCommitter skip cleanup _temporary folders under output directory:false, ignore cleanup failures: false
2019-11-05 17:31:40,990 [LocalJobRunner Map Task Executor #0] INFO  mapred.CopyMapper (CopyMapper.java:map(154)) - Copying file:/workdir/hadoop-ozone/ozonefs/target/test-dir/ITestOzoneContractDistCp/testTrackDeepDirectoryStructureToRemote/local/inputDir/subDir4/subDir4 to o3fs://bucket80282.volume43413/test/ITestOzoneContractDistCp/testTrackDeepDirectoryStructureToRemote/remote/outputDir/inputDir/subDir4/subDir4
2019-11-05 17:31:41,026 [LocalJobRunner Map Task Executor #0] INFO  mapred.LocalJobRunner (LocalJobRunner.java:statusUpdate(634)) - 
2019-11-05 17:31:41,040 [LocalJobRunner Map Task Executor #0] INFO  mapred.Task (Task.java:done(1244)) - Task:attempt_local1280806215_0003_m_000004_0 is done. And is in the process of committing
2019-11-05 17:31:41,041 [LocalJobRunner Map Task Executor #0] INFO  mapred.LocalJobRunner (LocalJobRunner.java:statusUpdate(634)) - 
2019-11-05 17:31:41,041 [LocalJobRunner Map Task Executor #0] INFO  mapred.Task (Task.java:commit(1421)) - Task attempt_local1280806215_0003_m_000004_0 is allowed to commit now
2019-11-05 17:31:41,042 [LocalJobRunner Map Task Executor #0] INFO  output.FileOutputCommitter (FileOutputCommitter.java:commitTask(598)) - Saved output of task 'attempt_local1280806215_0003_m_000004_0' to file:/tmp/hadoop/mapred/staging/jenkins10001717478292/.staging/_distcp-41368393/_logs
2019-11-05 17:31:41,045 [LocalJobRunner Map Task Executor #0] INFO  mapred.LocalJobRunner (LocalJobRunner.java:statusUpdate(634)) - Copying file:/workdir/hadoop-ozone/ozonefs/target/test-dir/ITestOzoneContractDistCp/testTrackDeepDirectoryStructureToRemote/local/inputDir/subDir4/subDir4 to o3fs://bucket80282.volume43413/test/ITestOzoneContractDistCp/testTrackDeepDirectoryStructureToRemote/remote/outputDir/inputDir/subDir4/subDir4
2019-11-05 17:31:41,046 [LocalJobRunner Map Task Executor #0] INFO  mapred.Task (Task.java:sendDone(1380)) - Task 'attempt_local1280806215_0003_m_000004_0' done.
2019-11-05 17:31:41,049 [LocalJobRunner Map Task Executor #0] INFO  mapred.Task (Task.java:done(1276)) - Final Counters for attempt_local1280806215_0003_m_000004_0: Counters: 22
	File System Counters
		FILE: Number of bytes read=734873
		FILE: Number of bytes written=2493168
		FILE: Number of read operations=0
		FILE: Number of large read operations=0
		FILE: Number of write operations=0
		O3FS: Number of bytes read=0
		O3FS: Number of bytes written=2900
		O3FS: Number of read operations=179
		O3FS: Number of large read operations=0
		O3FS: Number of write operations=33
	Map-Reduce Framework
		Map input records=1
		Map output records=0
		Input split bytes=157
		Spilled Records=0
		Failed Shuffles=0
		Merged Map outputs=0
		GC time elapsed (ms)=0
		Total committed heap usage (bytes)=1998585856
	File Input Format Counters 
		Bytes Read=3146
	File Output Format Counters 
		Bytes Written=8
	DistCp Counters
		Bandwidth in Btyes=0
		DIR_COPY=1
2019-11-05 17:31:41,049 [LocalJobRunner Map Task Executor #0] INFO  mapred.LocalJobRunner (LocalJobRunner.java:run(277)) - Finishing task: attempt_local1280806215_0003_m_000004_0
2019-11-05 17:31:41,049 [LocalJobRunner Map Task Executor #0] INFO  mapred.LocalJobRunner (LocalJobRunner.java:run(252)) - Starting task: attempt_local1280806215_0003_m_000005_0
2019-11-05 17:31:41,050 [LocalJobRunner Map Task Executor #0] INFO  output.FileOutputCommitter (FileOutputCommitter.java:<init>(140)) - File Output Committer Algorithm version is 2
2019-11-05 17:31:41,051 [LocalJobRunner Map Task Executor #0] INFO  output.FileOutputCommitter (FileOutputCommitter.java:<init>(155)) - FileOutputCommitter skip cleanup _temporary folders under output directory:false, ignore cleanup failures: false
2019-11-05 17:31:41,051 [LocalJobRunner Map Task Executor #0] INFO  mapred.Task (Task.java:initialize(626)) -  Using ResourceCalculatorProcessTree : [ ]
2019-11-05 17:31:41,055 [LocalJobRunner Map Task Executor #0] INFO  mapred.MapTask (MapTask.java:runNewMapper(768)) - Processing split: file:/tmp/hadoop/mapred/staging/jenkins10001717478292/.staging/_distcp-41368393/fileList.seq:2518+280
2019-11-05 17:31:41,055 [LocalJobRunner Map Task Executor #0] INFO  output.FileOutputCommitter (FileOutputCommitter.java:<init>(140)) - File Output Committer Algorithm version is 2
2019-11-05 17:31:41,056 [LocalJobRunner Map Task Executor #0] INFO  output.FileOutputCommitter (FileOutputCommitter.java:<init>(155)) - FileOutputCommitter skip cleanup _temporary folders under output directory:false, ignore cleanup failures: false
2019-11-05 17:31:41,093 [LocalJobRunner Map Task Executor #0] INFO  mapred.CopyMapper (CopyMapper.java:map(154)) - Copying file:/workdir/hadoop-ozone/ozonefs/target/test-dir/ITestOzoneContractDistCp/testTrackDeepDirectoryStructureToRemote/local/inputDir/subDir2/subDir2 to o3fs://bucket80282.volume43413/test/ITestOzoneContractDistCp/testTrackDeepDirectoryStructureToRemote/remote/outputDir/inputDir/subDir2/subDir2
2019-11-05 17:31:41,155 [LocalJobRunner Map Task Executor #0] INFO  mapred.LocalJobRunner (LocalJobRunner.java:statusUpdate(634)) - 
2019-11-05 17:31:41,156 [LocalJobRunner Map Task Executor #0] INFO  mapred.Task (Task.java:done(1244)) - Task:attempt_local1280806215_0003_m_000005_0 is done. And is in the process of committing
2019-11-05 17:31:41,156 [LocalJobRunner Map Task Executor #0] INFO  mapred.LocalJobRunner (LocalJobRunner.java:statusUpdate(634)) - 
2019-11-05 17:31:41,157 [LocalJobRunner Map Task Executor #0] INFO  mapred.Task (Task.java:commit(1421)) - Task attempt_local1280806215_0003_m_000005_0 is allowed to commit now
2019-11-05 17:31:41,158 [LocalJobRunner Map Task Executor #0] INFO  output.FileOutputCommitter (FileOutputCommitter.java:commitTask(598)) - Saved output of task 'attempt_local1280806215_0003_m_000005_0' to file:/tmp/hadoop/mapred/staging/jenkins10001717478292/.staging/_distcp-41368393/_logs
2019-11-05 17:31:41,158 [LocalJobRunner Map Task Executor #0] INFO  mapred.LocalJobRunner (LocalJobRunner.java:statusUpdate(634)) - Copying file:/workdir/hadoop-ozone/ozonefs/target/test-dir/ITestOzoneContractDistCp/testTrackDeepDirectoryStructureToRemote/local/inputDir/subDir2/subDir2 to o3fs://bucket80282.volume43413/test/ITestOzoneContractDistCp/testTrackDeepDirectoryStructureToRemote/remote/outputDir/inputDir/subDir2/subDir2
2019-11-05 17:31:41,159 [LocalJobRunner Map Task Executor #0] INFO  mapred.Task (Task.java:sendDone(1380)) - Task 'attempt_local1280806215_0003_m_000005_0' done.
2019-11-05 17:31:41,159 [LocalJobRunner Map Task Executor #0] INFO  mapred.Task (Task.java:done(1276)) - Final Counters for attempt_local1280806215_0003_m_000005_0: Counters: 22
	File System Counters
		FILE: Number of bytes read=739108
		FILE: Number of bytes written=2493176
		FILE: Number of read operations=0
		FILE: Number of large read operations=0
		FILE: Number of write operations=0
		O3FS: Number of bytes read=0
		O3FS: Number of bytes written=2900
		O3FS: Number of read operations=181
		O3FS: Number of large read operations=0
		O3FS: Number of write operations=33
	Map-Reduce Framework
		Map input records=1
		Map output records=0
		Input split bytes=157
		Spilled Records=0
		Failed Shuffles=0
		Merged Map outputs=0
		GC time elapsed (ms)=0
		Total committed heap usage (bytes)=1998585856
	File Input Format Counters 
		Bytes Read=3146
	File Output Format Counters 
		Bytes Written=8
	DistCp Counters
		Bandwidth in Btyes=0
		DIR_COPY=1
2019-11-05 17:31:41,159 [LocalJobRunner Map Task Executor #0] INFO  mapred.LocalJobRunner (LocalJobRunner.java:run(277)) - Finishing task: attempt_local1280806215_0003_m_000005_0
2019-11-05 17:31:41,159 [LocalJobRunner Map Task Executor #0] INFO  mapred.LocalJobRunner (LocalJobRunner.java:run(252)) - Starting task: attempt_local1280806215_0003_m_000006_0
2019-11-05 17:31:41,160 [LocalJobRunner Map Task Executor #0] INFO  output.FileOutputCommitter (FileOutputCommitter.java:<init>(140)) - File Output Committer Algorithm version is 2
2019-11-05 17:31:41,160 [LocalJobRunner Map Task Executor #0] INFO  output.FileOutputCommitter (FileOutputCommitter.java:<init>(155)) - FileOutputCommitter skip cleanup _temporary folders under output directory:false, ignore cleanup failures: false
2019-11-05 17:31:41,160 [LocalJobRunner Map Task Executor #0] INFO  mapred.Task (Task.java:initialize(626)) -  Using ResourceCalculatorProcessTree : [ ]
2019-11-05 17:31:41,161 [LocalJobRunner Map Task Executor #0] INFO  mapred.MapTask (MapTask.java:runNewMapper(768)) - Processing split: file:/tmp/hadoop/mapred/staging/jenkins10001717478292/.staging/_distcp-41368393/fileList.seq:586+264
2019-11-05 17:31:41,162 [LocalJobRunner Map Task Executor #0] INFO  output.FileOutputCommitter (FileOutputCommitter.java:<init>(140)) - File Output Committer Algorithm version is 2
2019-11-05 17:31:41,162 [LocalJobRunner Map Task Executor #0] INFO  output.FileOutputCommitter (FileOutputCommitter.java:<init>(155)) - FileOutputCommitter skip cleanup _temporary folders under output directory:false, ignore cleanup failures: false
2019-11-05 17:31:41,217 [LocalJobRunner Map Task Executor #0] INFO  mapred.CopyMapper (CopyMapper.java:map(154)) - Copying file:/workdir/hadoop-ozone/ozonefs/target/test-dir/ITestOzoneContractDistCp/testTrackDeepDirectoryStructureToRemote/local/inputDir/subDir4 to o3fs://bucket80282.volume43413/test/ITestOzoneContractDistCp/testTrackDeepDirectoryStructureToRemote/remote/outputDir/inputDir/subDir4
2019-11-05 17:31:41,243 [LocalJobRunner Map Task Executor #0] INFO  mapred.LocalJobRunner (LocalJobRunner.java:statusUpdate(634)) - 
2019-11-05 17:31:41,244 [LocalJobRunner Map Task Executor #0] INFO  mapred.Task (Task.java:done(1244)) - Task:attempt_local1280806215_0003_m_000006_0 is done. And is in the process of committing
2019-11-05 17:31:41,245 [LocalJobRunner Map Task Executor #0] INFO  mapred.LocalJobRunner (LocalJobRunner.java:statusUpdate(634)) - 
2019-11-05 17:31:41,245 [LocalJobRunner Map Task Executor #0] INFO  mapred.Task (Task.java:commit(1421)) - Task attempt_local1280806215_0003_m_000006_0 is allowed to commit now
2019-11-05 17:31:41,246 [LocalJobRunner Map Task Executor #0] INFO  output.FileOutputCommitter (FileOutputCommitter.java:commitTask(598)) - Saved output of task 'attempt_local1280806215_0003_m_000006_0' to file:/tmp/hadoop/mapred/staging/jenkins10001717478292/.staging/_distcp-41368393/_logs
2019-11-05 17:31:41,247 [LocalJobRunner Map Task Executor #0] INFO  mapred.LocalJobRunner (LocalJobRunner.java:statusUpdate(634)) - Copying file:/workdir/hadoop-ozone/ozonefs/target/test-dir/ITestOzoneContractDistCp/testTrackDeepDirectoryStructureToRemote/local/inputDir/subDir4 to o3fs://bucket80282.volume43413/test/ITestOzoneContractDistCp/testTrackDeepDirectoryStructureToRemote/remote/outputDir/inputDir/subDir4
2019-11-05 17:31:41,247 [LocalJobRunner Map Task Executor #0] INFO  mapred.Task (Task.java:sendDone(1380)) - Task 'attempt_local1280806215_0003_m_000006_0' done.
2019-11-05 17:31:41,248 [LocalJobRunner Map Task Executor #0] INFO  mapred.Task (Task.java:done(1276)) - Final Counters for attempt_local1280806215_0003_m_000006_0: Counters: 22
	File System Counters
		FILE: Number of bytes read=743343
		FILE: Number of bytes written=2493184
		FILE: Number of read operations=0
		FILE: Number of large read operations=0
		FILE: Number of write operations=0
		O3FS: Number of bytes read=0
		O3FS: Number of bytes written=2900
		O3FS: Number of read operations=183
		O3FS: Number of large read operations=0
		O3FS: Number of write operations=33
	Map-Reduce Framework
		Map input records=1
		Map output records=0
		Input split bytes=157
		Spilled Records=0
		Failed Shuffles=0
		Merged Map outputs=0
		GC time elapsed (ms)=0
		Total committed heap usage (bytes)=1998585856
	File Input Format Counters 
		Bytes Read=3146
	File Output Format Counters 
		Bytes Written=8
	DistCp Counters
		Bandwidth in Btyes=0
		DIR_COPY=1
2019-11-05 17:31:41,248 [LocalJobRunner Map Task Executor #0] INFO  mapred.LocalJobRunner (LocalJobRunner.java:run(277)) - Finishing task: attempt_local1280806215_0003_m_000006_0
2019-11-05 17:31:41,248 [LocalJobRunner Map Task Executor #0] INFO  mapred.LocalJobRunner (LocalJobRunner.java:run(252)) - Starting task: attempt_local1280806215_0003_m_000007_0
2019-11-05 17:31:41,249 [LocalJobRunner Map Task Executor #0] INFO  output.FileOutputCommitter (FileOutputCommitter.java:<init>(140)) - File Output Committer Algorithm version is 2
2019-11-05 17:31:41,249 [LocalJobRunner Map Task Executor #0] INFO  output.FileOutputCommitter (FileOutputCommitter.java:<init>(155)) - FileOutputCommitter skip cleanup _temporary folders under output directory:false, ignore cleanup failures: false
2019-11-05 17:31:41,250 [LocalJobRunner Map Task Executor #0] INFO  mapred.Task (Task.java:initialize(626)) -  Using ResourceCalculatorProcessTree : [ ]
2019-11-05 17:31:41,251 [LocalJobRunner Map Task Executor #0] INFO  mapred.MapTask (MapTask.java:runNewMapper(768)) - Processing split: file:/tmp/hadoop/mapred/staging/jenkins10001717478292/.staging/_distcp-41368393/fileList.seq:1698+264
2019-11-05 17:31:41,251 [LocalJobRunner Map Task Executor #0] INFO  output.FileOutputCommitter (FileOutputCommitter.java:<init>(140)) - File Output Committer Algorithm version is 2
2019-11-05 17:31:41,251 [LocalJobRunner Map Task Executor #0] INFO  output.FileOutputCommitter (FileOutputCommitter.java:<init>(155)) - FileOutputCommitter skip cleanup _temporary folders under output directory:false, ignore cleanup failures: false
2019-11-05 17:31:41,271 [LocalJobRunner Map Task Executor #0] INFO  mapred.CopyMapper (CopyMapper.java:map(154)) - Copying file:/workdir/hadoop-ozone/ozonefs/target/test-dir/ITestOzoneContractDistCp/testTrackDeepDirectoryStructureToRemote/local/inputDir/subDir2 to o3fs://bucket80282.volume43413/test/ITestOzoneContractDistCp/testTrackDeepDirectoryStructureToRemote/remote/outputDir/inputDir/subDir2
2019-11-05 17:31:41,303 [LocalJobRunner Map Task Executor #0] INFO  mapred.LocalJobRunner (LocalJobRunner.java:statusUpdate(634)) - 
2019-11-05 17:31:41,304 [LocalJobRunner Map Task Executor #0] INFO  mapred.Task (Task.java:done(1244)) - Task:attempt_local1280806215_0003_m_000007_0 is done. And is in the process of committing
2019-11-05 17:31:41,308 [LocalJobRunner Map Task Executor #0] INFO  mapred.LocalJobRunner (LocalJobRunner.java:statusUpdate(634)) - 
2019-11-05 17:31:41,310 [LocalJobRunner Map Task Executor #0] INFO  mapred.Task (Task.java:commit(1421)) - Task attempt_local1280806215_0003_m_000007_0 is allowed to commit now
2019-11-05 17:31:41,312 [LocalJobRunner Map Task Executor #0] INFO  output.FileOutputCommitter (FileOutputCommitter.java:commitTask(598)) - Saved output of task 'attempt_local1280806215_0003_m_000007_0' to file:/tmp/hadoop/mapred/staging/jenkins10001717478292/.staging/_distcp-41368393/_logs
2019-11-05 17:31:41,313 [LocalJobRunner Map Task Executor #0] INFO  mapred.LocalJobRunner (LocalJobRunner.java:statusUpdate(634)) - Copying file:/workdir/hadoop-ozone/ozonefs/target/test-dir/ITestOzoneContractDistCp/testTrackDeepDirectoryStructureToRemote/local/inputDir/subDir2 to o3fs://bucket80282.volume43413/test/ITestOzoneContractDistCp/testTrackDeepDirectoryStructureToRemote/remote/outputDir/inputDir/subDir2
2019-11-05 17:31:41,313 [LocalJobRunner Map Task Executor #0] INFO  mapred.Task (Task.java:sendDone(1380)) - Task 'attempt_local1280806215_0003_m_000007_0' done.
2019-11-05 17:31:41,313 [LocalJobRunner Map Task Executor #0] INFO  mapred.Task (Task.java:done(1276)) - Final Counters for attempt_local1280806215_0003_m_000007_0: Counters: 22
	File System Counters
		FILE: Number of bytes read=747066
		FILE: Number of bytes written=2493192
		FILE: Number of read operations=0
		FILE: Number of large read operations=0
		FILE: Number of write operations=0
		O3FS: Number of bytes read=0
		O3FS: Number of bytes written=2900
		O3FS: Number of read operations=185
		O3FS: Number of large read operations=0
		O3FS: Number of write operations=33
	Map-Reduce Framework
		Map input records=1
		Map output records=0
		Input split bytes=157
		Spilled Records=0
		Failed Shuffles=0
		Merged Map outputs=0
		GC time elapsed (ms)=0
		Total committed heap usage (bytes)=1998585856
	File Input Format Counters 
		Bytes Read=3146
	File Output Format Counters 
		Bytes Written=8
	DistCp Counters
		Bandwidth in Btyes=0
		DIR_COPY=1
2019-11-05 17:31:41,313 [LocalJobRunner Map Task Executor #0] INFO  mapred.LocalJobRunner (LocalJobRunner.java:run(277)) - Finishing task: attempt_local1280806215_0003_m_000007_0
2019-11-05 17:31:41,314 [LocalJobRunner Map Task Executor #0] INFO  mapred.LocalJobRunner (LocalJobRunner.java:run(252)) - Starting task: attempt_local1280806215_0003_m_000008_0
2019-11-05 17:31:41,314 [LocalJobRunner Map Task Executor #0] INFO  output.FileOutputCommitter (FileOutputCommitter.java:<init>(140)) - File Output Committer Algorithm version is 2
2019-11-05 17:31:41,314 [LocalJobRunner Map Task Executor #0] INFO  output.FileOutputCommitter (FileOutputCommitter.java:<init>(155)) - FileOutputCommitter skip cleanup _temporary folders under output directory:false, ignore cleanup failures: false
2019-11-05 17:31:41,315 [LocalJobRunner Map Task Executor #0] INFO  mapred.Task (Task.java:initialize(626)) -  Using ResourceCalculatorProcessTree : [ ]
2019-11-05 17:31:41,316 [LocalJobRunner Map Task Executor #0] INFO  mapred.MapTask (MapTask.java:runNewMapper(768)) - Processing split: file:/tmp/hadoop/mapred/staging/jenkins10001717478292/.staging/_distcp-41368393/fileList.seq:2254+264
2019-11-05 17:31:41,317 [LocalJobRunner Map Task Executor #0] INFO  output.FileOutputCommitter (FileOutputCommitter.java:<init>(140)) - File Output Committer Algorithm version is 2
2019-11-05 17:31:41,317 [LocalJobRunner Map Task Executor #0] INFO  output.FileOutputCommitter (FileOutputCommitter.java:<init>(155)) - FileOutputCommitter skip cleanup _temporary folders under output directory:false, ignore cleanup failures: false
2019-11-05 17:31:41,336 [LocalJobRunner Map Task Executor #0] INFO  mapred.CopyMapper (CopyMapper.java:map(154)) - Copying file:/workdir/hadoop-ozone/ozonefs/target/test-dir/ITestOzoneContractDistCp/testTrackDeepDirectoryStructureToRemote/local/inputDir/subDir1 to o3fs://bucket80282.volume43413/test/ITestOzoneContractDistCp/testTrackDeepDirectoryStructureToRemote/remote/outputDir/inputDir/subDir1
2019-11-05 17:31:41,363 [LocalJobRunner Map Task Executor #0] INFO  mapred.LocalJobRunner (LocalJobRunner.java:statusUpdate(634)) - 
2019-11-05 17:31:41,364 [LocalJobRunner Map Task Executor #0] INFO  mapred.Task (Task.java:done(1244)) - Task:attempt_local1280806215_0003_m_000008_0 is done. And is in the process of committing
2019-11-05 17:31:41,364 [LocalJobRunner Map Task Executor #0] INFO  mapred.LocalJobRunner (LocalJobRunner.java:statusUpdate(634)) - 
2019-11-05 17:31:41,365 [LocalJobRunner Map Task Executor #0] INFO  mapred.Task (Task.java:commit(1421)) - Task attempt_local1280806215_0003_m_000008_0 is allowed to commit now
2019-11-05 17:31:41,366 [LocalJobRunner Map Task Executor #0] INFO  output.FileOutputCommitter (FileOutputCommitter.java:commitTask(598)) - Saved output of task 'attempt_local1280806215_0003_m_000008_0' to file:/tmp/hadoop/mapred/staging/jenkins10001717478292/.staging/_distcp-41368393/_logs
2019-11-05 17:31:41,366 [LocalJobRunner Map Task Executor #0] INFO  mapred.LocalJobRunner (LocalJobRunner.java:statusUpdate(634)) - Copying file:/workdir/hadoop-ozone/ozonefs/target/test-dir/ITestOzoneContractDistCp/testTrackDeepDirectoryStructureToRemote/local/inputDir/subDir1 to o3fs://bucket80282.volume43413/test/ITestOzoneContractDistCp/testTrackDeepDirectoryStructureToRemote/remote/outputDir/inputDir/subDir1
2019-11-05 17:31:41,367 [LocalJobRunner Map Task Executor #0] INFO  mapred.Task (Task.java:sendDone(1380)) - Task 'attempt_local1280806215_0003_m_000008_0' done.
2019-11-05 17:31:41,367 [LocalJobRunner Map Task Executor #0] INFO  mapred.Task (Task.java:done(1276)) - Final Counters for attempt_local1280806215_0003_m_000008_0: Counters: 22
	File System Counters
		FILE: Number of bytes read=750789
		FILE: Number of bytes written=2493200
		FILE: Number of read operations=0
		FILE: Number of large read operations=0
		FILE: Number of write operations=0
		O3FS: Number of bytes read=0
		O3FS: Number of bytes written=2900
		O3FS: Number of read operations=187
		O3FS: Number of large read operations=0
		O3FS: Number of write operations=33
	Map-Reduce Framework
		Map input records=1
		Map output records=0
		Input split bytes=157
		Spilled Records=0
		Failed Shuffles=0
		Merged Map outputs=0
		GC time elapsed (ms)=0
		Total committed heap usage (bytes)=1998585856
	File Input Format Counters 
		Bytes Read=3146
	File Output Format Counters 
		Bytes Written=8
	DistCp Counters
		Bandwidth in Btyes=0
		DIR_COPY=1
2019-11-05 17:31:41,367 [LocalJobRunner Map Task Executor #0] INFO  mapred.LocalJobRunner (LocalJobRunner.java:run(277)) - Finishing task: attempt_local1280806215_0003_m_000008_0
2019-11-05 17:31:41,368 [LocalJobRunner Map Task Executor #0] INFO  mapred.LocalJobRunner (LocalJobRunner.java:run(252)) - Starting task: attempt_local1280806215_0003_m_000009_0
2019-11-05 17:31:41,368 [LocalJobRunner Map Task Executor #0] INFO  output.FileOutputCommitter (FileOutputCommitter.java:<init>(140)) - File Output Committer Algorithm version is 2
2019-11-05 17:31:41,370 [LocalJobRunner Map Task Executor #0] INFO  output.FileOutputCommitter (FileOutputCommitter.java:<init>(155)) - FileOutputCommitter skip cleanup _temporary folders under output directory:false, ignore cleanup failures: false
2019-11-05 17:31:41,370 [LocalJobRunner Map Task Executor #0] INFO  mapred.Task (Task.java:initialize(626)) -  Using ResourceCalculatorProcessTree : [ ]
2019-11-05 17:31:41,373 [LocalJobRunner Map Task Executor #0] INFO  mapred.MapTask (MapTask.java:runNewMapper(768)) - Processing split: file:/tmp/hadoop/mapred/staging/jenkins10001717478292/.staging/_distcp-41368393/fileList.seq:326+260
2019-11-05 17:31:41,373 [LocalJobRunner Map Task Executor #0] INFO  output.FileOutputCommitter (FileOutputCommitter.java:<init>(140)) - File Output Committer Algorithm version is 2
2019-11-05 17:31:41,373 [LocalJobRunner Map Task Executor #0] INFO  output.FileOutputCommitter (FileOutputCommitter.java:<init>(155)) - FileOutputCommitter skip cleanup _temporary folders under output directory:false, ignore cleanup failures: false
2019-11-05 17:31:41,400 [LocalJobRunner Map Task Executor #0] INFO  mapred.CopyMapper (CopyMapper.java:map(154)) - Copying file:/workdir/hadoop-ozone/ozonefs/target/test-dir/ITestOzoneContractDistCp/testTrackDeepDirectoryStructureToRemote/local/inputDir/file1 to o3fs://bucket80282.volume43413/test/ITestOzoneContractDistCp/testTrackDeepDirectoryStructureToRemote/remote/outputDir/inputDir/file1
17:31:41.410 [IPC Server handler 17 on 37190] ERROR OMAudit - user=jenkins1000 | ip=127.0.0.1 | op=GET_FILE_STATUS {volume=volume43413, bucket=bucket80282, key=test/ITestOzoneContractDistCp/testTrackDeepDirectoryStructureToRemote/remote/outputDir/inputDir/file1, dataSize=0, replicationType=null, replicationFactor=null, keyLocationInfo=null} | ret=FAILURE
org.apache.hadoop.ozone.om.exceptions.OMException: Unable to get file status: volume: volume43413 bucket: bucket80282 key: test/ITestOzoneContractDistCp/testTrackDeepDirectoryStructureToRemote/remote/outputDir/inputDir/file1
	at org.apache.hadoop.ozone.om.KeyManagerImpl.getFileStatus(KeyManagerImpl.java:1784) ~[hadoop-ozone-ozone-manager-0.5.0-SNAPSHOT.jar:?]
	at org.apache.hadoop.ozone.om.OzoneManager.getFileStatus(OzoneManager.java:2762) ~[hadoop-ozone-ozone-manager-0.5.0-SNAPSHOT.jar:?]
	at org.apache.hadoop.ozone.protocolPB.OzoneManagerRequestHandler.getOzoneFileStatus(OzoneManagerRequestHandler.java:1053) ~[hadoop-ozone-ozone-manager-0.5.0-SNAPSHOT.jar:?]
	at org.apache.hadoop.ozone.protocolPB.OzoneManagerRequestHandler.handle(OzoneManagerRequestHandler.java:340) ~[hadoop-ozone-ozone-manager-0.5.0-SNAPSHOT.jar:?]
	at org.apache.hadoop.ozone.protocolPB.OzoneManagerProtocolServerSideTranslatorPB.submitRequestDirectlyToOM(OzoneManagerProtocolServerSideTranslatorPB.java:208) ~[hadoop-ozone-ozone-manager-0.5.0-SNAPSHOT.jar:?]
	at org.apache.hadoop.ozone.protocolPB.OzoneManagerProtocolServerSideTranslatorPB.processRequest(OzoneManagerProtocolServerSideTranslatorPB.java:132) ~[hadoop-ozone-ozone-manager-0.5.0-SNAPSHOT.jar:?]
	at org.apache.hadoop.hdds.server.OzoneProtocolMessageDispatcher.processRequest(OzoneProtocolMessageDispatcher.java:72) [hadoop-hdds-server-framework-0.5.0-SNAPSHOT.jar:?]
	at org.apache.hadoop.ozone.protocolPB.OzoneManagerProtocolServerSideTranslatorPB.submitRequest(OzoneManagerProtocolServerSideTranslatorPB.java:100) [hadoop-ozone-ozone-manager-0.5.0-SNAPSHOT.jar:?]
	at org.apache.hadoop.ozone.protocol.proto.OzoneManagerProtocolProtos$OzoneManagerService$2.callBlockingMethod(OzoneManagerProtocolProtos.java) [hadoop-ozone-common-0.5.0-SNAPSHOT.jar:?]
	at org.apache.hadoop.ipc.ProtobufRpcEngine$Server$ProtoBufRpcInvoker.call(ProtobufRpcEngine.java:524) [hadoop-common-3.2.0.jar:?]
	at org.apache.hadoop.ipc.RPC$Server.call(RPC.java:1025) [hadoop-common-3.2.0.jar:?]
	at org.apache.hadoop.ipc.Server$RpcCall.run(Server.java:876) [hadoop-common-3.2.0.jar:?]
	at org.apache.hadoop.ipc.Server$RpcCall.run(Server.java:822) [hadoop-common-3.2.0.jar:?]
	at java.security.AccessController.doPrivileged(Native Method) [?:1.8.0_222]
	at javax.security.auth.Subject.doAs(Subject.java:422) [?:1.8.0_222]
	at org.apache.hadoop.security.UserGroupInformation.doAs(UserGroupInformation.java:1730) [hadoop-common-3.2.0.jar:?]
	at org.apache.hadoop.ipc.Server$Handler.run(Server.java:2682) [hadoop-common-3.2.0.jar:?]
2019-11-05 17:31:41,411 [LocalJobRunner Map Task Executor #0] INFO  mapred.RetriableFileCopyCommand (RetriableFileCopyCommand.java:getTmpFile(260)) - Creating temp file: o3fs://bucket80282.volume43413/test/ITestOzoneContractDistCp/testTrackDeepDirectoryStructureToRemote/remote/outputDir/.distcp.tmp.attempt_local1280806215_0003_m_000009_0
17:31:41.592 [IPC Server handler 18 on 37190] ERROR OMAudit - user=jenkins1000 | ip=127.0.0.1 | op=GET_FILE_STATUS {volume=volume43413, bucket=bucket80282, key=test/ITestOzoneContractDistCp/testTrackDeepDirectoryStructureToRemote/remote/outputDir/inputDir/file1, dataSize=0, replicationType=null, replicationFactor=null, keyLocationInfo=null} | ret=FAILURE
org.apache.hadoop.ozone.om.exceptions.OMException: Unable to get file status: volume: volume43413 bucket: bucket80282 key: test/ITestOzoneContractDistCp/testTrackDeepDirectoryStructureToRemote/remote/outputDir/inputDir/file1
	at org.apache.hadoop.ozone.om.KeyManagerImpl.getFileStatus(KeyManagerImpl.java:1784) ~[hadoop-ozone-ozone-manager-0.5.0-SNAPSHOT.jar:?]
	at org.apache.hadoop.ozone.om.OzoneManager.getFileStatus(OzoneManager.java:2762) ~[hadoop-ozone-ozone-manager-0.5.0-SNAPSHOT.jar:?]
	at org.apache.hadoop.ozone.protocolPB.OzoneManagerRequestHandler.getOzoneFileStatus(OzoneManagerRequestHandler.java:1053) ~[hadoop-ozone-ozone-manager-0.5.0-SNAPSHOT.jar:?]
	at org.apache.hadoop.ozone.protocolPB.OzoneManagerRequestHandler.handle(OzoneManagerRequestHandler.java:340) ~[hadoop-ozone-ozone-manager-0.5.0-SNAPSHOT.jar:?]
	at org.apache.hadoop.ozone.protocolPB.OzoneManagerProtocolServerSideTranslatorPB.submitRequestDirectlyToOM(OzoneManagerProtocolServerSideTranslatorPB.java:208) ~[hadoop-ozone-ozone-manager-0.5.0-SNAPSHOT.jar:?]
	at org.apache.hadoop.ozone.protocolPB.OzoneManagerProtocolServerSideTranslatorPB.processRequest(OzoneManagerProtocolServerSideTranslatorPB.java:132) ~[hadoop-ozone-ozone-manager-0.5.0-SNAPSHOT.jar:?]
	at org.apache.hadoop.hdds.server.OzoneProtocolMessageDispatcher.processRequest(OzoneProtocolMessageDispatcher.java:72) [hadoop-hdds-server-framework-0.5.0-SNAPSHOT.jar:?]
	at org.apache.hadoop.ozone.protocolPB.OzoneManagerProtocolServerSideTranslatorPB.submitRequest(OzoneManagerProtocolServerSideTranslatorPB.java:100) [hadoop-ozone-ozone-manager-0.5.0-SNAPSHOT.jar:?]
	at org.apache.hadoop.ozone.protocol.proto.OzoneManagerProtocolProtos$OzoneManagerService$2.callBlockingMethod(OzoneManagerProtocolProtos.java) [hadoop-ozone-common-0.5.0-SNAPSHOT.jar:?]
	at org.apache.hadoop.ipc.ProtobufRpcEngine$Server$ProtoBufRpcInvoker.call(ProtobufRpcEngine.java:524) [hadoop-common-3.2.0.jar:?]
	at org.apache.hadoop.ipc.RPC$Server.call(RPC.java:1025) [hadoop-common-3.2.0.jar:?]
	at org.apache.hadoop.ipc.Server$RpcCall.run(Server.java:876) [hadoop-common-3.2.0.jar:?]
	at org.apache.hadoop.ipc.Server$RpcCall.run(Server.java:822) [hadoop-common-3.2.0.jar:?]
	at java.security.AccessController.doPrivileged(Native Method) [?:1.8.0_222]
	at javax.security.auth.Subject.doAs(Subject.java:422) [?:1.8.0_222]
	at org.apache.hadoop.security.UserGroupInformation.doAs(UserGroupInformation.java:1730) [hadoop-common-3.2.0.jar:?]
	at org.apache.hadoop.ipc.Server$Handler.run(Server.java:2682) [hadoop-common-3.2.0.jar:?]
17:31:41.598 [IPC Server handler 0 on 37190] ERROR OMAudit - user=jenkins1000 | ip=127.0.0.1 | op=GET_FILE_STATUS {volume=volume43413, bucket=bucket80282, key=test/ITestOzoneContractDistCp/testTrackDeepDirectoryStructureToRemote/remote/outputDir/inputDir/file1, dataSize=0, replicationType=null, replicationFactor=null, keyLocationInfo=null} | ret=FAILURE
org.apache.hadoop.ozone.om.exceptions.OMException: Unable to get file status: volume: volume43413 bucket: bucket80282 key: test/ITestOzoneContractDistCp/testTrackDeepDirectoryStructureToRemote/remote/outputDir/inputDir/file1
	at org.apache.hadoop.ozone.om.KeyManagerImpl.getFileStatus(KeyManagerImpl.java:1784) ~[hadoop-ozone-ozone-manager-0.5.0-SNAPSHOT.jar:?]
	at org.apache.hadoop.ozone.om.OzoneManager.getFileStatus(OzoneManager.java:2762) ~[hadoop-ozone-ozone-manager-0.5.0-SNAPSHOT.jar:?]
	at org.apache.hadoop.ozone.protocolPB.OzoneManagerRequestHandler.getOzoneFileStatus(OzoneManagerRequestHandler.java:1053) ~[hadoop-ozone-ozone-manager-0.5.0-SNAPSHOT.jar:?]
	at org.apache.hadoop.ozone.protocolPB.OzoneManagerRequestHandler.handle(OzoneManagerRequestHandler.java:340) ~[hadoop-ozone-ozone-manager-0.5.0-SNAPSHOT.jar:?]
	at org.apache.hadoop.ozone.protocolPB.OzoneManagerProtocolServerSideTranslatorPB.submitRequestDirectlyToOM(OzoneManagerProtocolServerSideTranslatorPB.java:208) ~[hadoop-ozone-ozone-manager-0.5.0-SNAPSHOT.jar:?]
	at org.apache.hadoop.ozone.protocolPB.OzoneManagerProtocolServerSideTranslatorPB.processRequest(OzoneManagerProtocolServerSideTranslatorPB.java:132) ~[hadoop-ozone-ozone-manager-0.5.0-SNAPSHOT.jar:?]
	at org.apache.hadoop.hdds.server.OzoneProtocolMessageDispatcher.processRequest(OzoneProtocolMessageDispatcher.java:72) [hadoop-hdds-server-framework-0.5.0-SNAPSHOT.jar:?]
	at org.apache.hadoop.ozone.protocolPB.OzoneManagerProtocolServerSideTranslatorPB.submitRequest(OzoneManagerProtocolServerSideTranslatorPB.java:100) [hadoop-ozone-ozone-manager-0.5.0-SNAPSHOT.jar:?]
	at org.apache.hadoop.ozone.protocol.proto.OzoneManagerProtocolProtos$OzoneManagerService$2.callBlockingMethod(OzoneManagerProtocolProtos.java) [hadoop-ozone-common-0.5.0-SNAPSHOT.jar:?]
	at org.apache.hadoop.ipc.ProtobufRpcEngine$Server$ProtoBufRpcInvoker.call(ProtobufRpcEngine.java:524) [hadoop-common-3.2.0.jar:?]
	at org.apache.hadoop.ipc.RPC$Server.call(RPC.java:1025) [hadoop-common-3.2.0.jar:?]
	at org.apache.hadoop.ipc.Server$RpcCall.run(Server.java:876) [hadoop-common-3.2.0.jar:?]
	at org.apache.hadoop.ipc.Server$RpcCall.run(Server.java:822) [hadoop-common-3.2.0.jar:?]
	at java.security.AccessController.doPrivileged(Native Method) [?:1.8.0_222]
	at javax.security.auth.Subject.doAs(Subject.java:422) [?:1.8.0_222]
	at org.apache.hadoop.security.UserGroupInformation.doAs(UserGroupInformation.java:1730) [hadoop-common-3.2.0.jar:?]
	at org.apache.hadoop.ipc.Server$Handler.run(Server.java:2682) [hadoop-common-3.2.0.jar:?]
17:31:41.628 [IPC Server handler 2 on 37190] ERROR OMAudit - user=jenkins1000 | ip=127.0.0.1 | op=GET_FILE_STATUS {volume=volume43413, bucket=bucket80282, key=test/ITestOzoneContractDistCp/testTrackDeepDirectoryStructureToRemote/remote/outputDir/.distcp.tmp.attempt_local1280806215_0003_m_000009_0, dataSize=0, replicationType=null, replicationFactor=null, keyLocationInfo=null} | ret=FAILURE
org.apache.hadoop.ozone.om.exceptions.OMException: Unable to get file status: volume: volume43413 bucket: bucket80282 key: test/ITestOzoneContractDistCp/testTrackDeepDirectoryStructureToRemote/remote/outputDir/.distcp.tmp.attempt_local1280806215_0003_m_000009_0
	at org.apache.hadoop.ozone.om.KeyManagerImpl.getFileStatus(KeyManagerImpl.java:1784) ~[hadoop-ozone-ozone-manager-0.5.0-SNAPSHOT.jar:?]
	at org.apache.hadoop.ozone.om.OzoneManager.getFileStatus(OzoneManager.java:2762) ~[hadoop-ozone-ozone-manager-0.5.0-SNAPSHOT.jar:?]
	at org.apache.hadoop.ozone.protocolPB.OzoneManagerRequestHandler.getOzoneFileStatus(OzoneManagerRequestHandler.java:1053) ~[hadoop-ozone-ozone-manager-0.5.0-SNAPSHOT.jar:?]
	at org.apache.hadoop.ozone.protocolPB.OzoneManagerRequestHandler.handle(OzoneManagerRequestHandler.java:340) ~[hadoop-ozone-ozone-manager-0.5.0-SNAPSHOT.jar:?]
	at org.apache.hadoop.ozone.protocolPB.OzoneManagerProtocolServerSideTranslatorPB.submitRequestDirectlyToOM(OzoneManagerProtocolServerSideTranslatorPB.java:208) ~[hadoop-ozone-ozone-manager-0.5.0-SNAPSHOT.jar:?]
	at org.apache.hadoop.ozone.protocolPB.OzoneManagerProtocolServerSideTranslatorPB.processRequest(OzoneManagerProtocolServerSideTranslatorPB.java:132) ~[hadoop-ozone-ozone-manager-0.5.0-SNAPSHOT.jar:?]
	at org.apache.hadoop.hdds.server.OzoneProtocolMessageDispatcher.processRequest(OzoneProtocolMessageDispatcher.java:72) [hadoop-hdds-server-framework-0.5.0-SNAPSHOT.jar:?]
	at org.apache.hadoop.ozone.protocolPB.OzoneManagerProtocolServerSideTranslatorPB.submitRequest(OzoneManagerProtocolServerSideTranslatorPB.java:100) [hadoop-ozone-ozone-manager-0.5.0-SNAPSHOT.jar:?]
	at org.apache.hadoop.ozone.protocol.proto.OzoneManagerProtocolProtos$OzoneManagerService$2.callBlockingMethod(OzoneManagerProtocolProtos.java) [hadoop-ozone-common-0.5.0-SNAPSHOT.jar:?]
	at org.apache.hadoop.ipc.ProtobufRpcEngine$Server$ProtoBufRpcInvoker.call(ProtobufRpcEngine.java:524) [hadoop-common-3.2.0.jar:?]
	at org.apache.hadoop.ipc.RPC$Server.call(RPC.java:1025) [hadoop-common-3.2.0.jar:?]
	at org.apache.hadoop.ipc.Server$RpcCall.run(Server.java:876) [hadoop-common-3.2.0.jar:?]
	at org.apache.hadoop.ipc.Server$RpcCall.run(Server.java:822) [hadoop-common-3.2.0.jar:?]
	at java.security.AccessController.doPrivileged(Native Method) [?:1.8.0_222]
	at javax.security.auth.Subject.doAs(Subject.java:422) [?:1.8.0_222]
	at org.apache.hadoop.security.UserGroupInformation.doAs(UserGroupInformation.java:1730) [hadoop-common-3.2.0.jar:?]
	at org.apache.hadoop.ipc.Server$Handler.run(Server.java:2682) [hadoop-common-3.2.0.jar:?]
2019-11-05 17:31:41,629 [LocalJobRunner Map Task Executor #0] WARN  ozone.BasicOzoneFileSystem (BasicOzoneFileSystem.java:delete(444)) - delete: Path does not exist: o3fs://bucket80282.volume43413/test/ITestOzoneContractDistCp/testTrackDeepDirectoryStructureToRemote/remote/outputDir/.distcp.tmp.attempt_local1280806215_0003_m_000009_0
2019-11-05 17:31:41,630 [LocalJobRunner Map Task Executor #0] INFO  mapred.LocalJobRunner (LocalJobRunner.java:statusUpdate(634)) - 
2019-11-05 17:31:41,630 [LocalJobRunner Map Task Executor #0] INFO  mapred.Task (Task.java:done(1244)) - Task:attempt_local1280806215_0003_m_000009_0 is done. And is in the process of committing
2019-11-05 17:31:41,631 [LocalJobRunner Map Task Executor #0] INFO  mapred.LocalJobRunner (LocalJobRunner.java:statusUpdate(634)) - 
2019-11-05 17:31:41,631 [LocalJobRunner Map Task Executor #0] INFO  mapred.Task (Task.java:commit(1421)) - Task attempt_local1280806215_0003_m_000009_0 is allowed to commit now
2019-11-05 17:31:41,632 [LocalJobRunner Map Task Executor #0] INFO  output.FileOutputCommitter (FileOutputCommitter.java:commitTask(598)) - Saved output of task 'attempt_local1280806215_0003_m_000009_0' to file:/tmp/hadoop/mapred/staging/jenkins10001717478292/.staging/_distcp-41368393/_logs
2019-11-05 17:31:41,633 [LocalJobRunner Map Task Executor #0] INFO  mapred.LocalJobRunner (LocalJobRunner.java:statusUpdate(634)) - 100.0% Copying file:/workdir/hadoop-ozone/ozonefs/target/test-dir/ITestOzoneContractDistCp/testTrackDeepDirectoryStructureToRemote/local/inputDir/file1 to o3fs://bucket80282.volume43413/test/ITestOzoneContractDistCp/testTrackDeepDirectoryStructureToRemote/remote/outputDir/inputDir/file1 [100.0B/100.0B]
2019-11-05 17:31:41,633 [LocalJobRunner Map Task Executor #0] INFO  mapred.Task (Task.java:sendDone(1380)) - Task 'attempt_local1280806215_0003_m_000009_0' done.
2019-11-05 17:31:41,633 [LocalJobRunner Map Task Executor #0] INFO  mapred.Task (Task.java:done(1276)) - Final Counters for attempt_local1280806215_0003_m_000009_0: Counters: 24
	File System Counters
		FILE: Number of bytes read=754628
		FILE: Number of bytes written=2493208
		FILE: Number of read operations=0
		FILE: Number of large read operations=0
		FILE: Number of write operations=0
		O3FS: Number of bytes read=0
		O3FS: Number of bytes written=3000
		O3FS: Number of read operations=197
		O3FS: Number of large read operations=0
		O3FS: Number of write operations=36
	Map-Reduce Framework
		Map input records=1
		Map output records=0
		Input split bytes=157
		Spilled Records=0
		Failed Shuffles=0
		Merged Map outputs=0
		GC time elapsed (ms)=0
		Total committed heap usage (bytes)=1998585856
	File Input Format Counters 
		Bytes Read=3146
	File Output Format Counters 
		Bytes Written=8
	DistCp Counters
		Bandwidth in Btyes=100
		Bytes Copied=100
		Bytes Expected=100
		Files Copied=1
2019-11-05 17:31:41,635 [LocalJobRunner Map Task Executor #0] INFO  mapred.LocalJobRunner (LocalJobRunner.java:run(277)) - Finishing task: attempt_local1280806215_0003_m_000009_0
2019-11-05 17:31:41,635 [Thread-638] INFO  mapred.LocalJobRunner (LocalJobRunner.java:runTasks(486)) - map task executor complete.
2019-11-05 17:31:41,695 [Thread-638] INFO  mapred.CopyCommitter (CopyCommitter.java:cleanup(189)) - Cleaning up temporary work folder: file:/tmp/hadoop/mapred/staging/jenkins10001717478292/.staging/_distcp-41368393
2019-11-05 17:31:42,540 [Thread-574] INFO  mapreduce.Job (Job.java:monitorAndPrintJob(1658)) - Job job_local1280806215_0003 completed successfully
2019-11-05 17:31:42,546 [Thread-574] INFO  mapreduce.Job (Job.java:monitorAndPrintJob(1665)) - Counters: 25
	File System Counters
		FILE: Number of bytes read=7361697
		FILE: Number of bytes written=24931720
		FILE: Number of read operations=0
		FILE: Number of large read operations=0
		FILE: Number of write operations=0
		O3FS: Number of bytes read=0
		O3FS: Number of bytes written=27000
		O3FS: Number of read operations=1768
		O3FS: Number of large read operations=0
		O3FS: Number of write operations=318
	Map-Reduce Framework
		Map input records=11
		Map output records=0
		Input split bytes=1570
		Spilled Records=0
		Failed Shuffles=0
		Merged Map outputs=0
		GC time elapsed (ms)=0
		Total committed heap usage (bytes)=19985858560
	File Input Format Counters 
		Bytes Read=31460
	File Output Format Counters 
		Bytes Written=80
	DistCp Counters
		Bandwidth in Btyes=1500
		Bytes Copied=1500
		Bytes Expected=1500
		Files Copied=5
		DIR_COPY=6
2019-11-05 17:31:42,559 [Thread-574] INFO  contract.AbstractContractDistCpTest (AbstractContractDistCpTest.java:lsR(437)) - Destination tree after distcp: o3fs://bucket80282.volume43413/test/ITestOzoneContractDistCp/testTrackDeepDirectoryStructureToRemote/remote/outputDir:
2019-11-05 17:31:42,581 [Thread-574] INFO  contract.AbstractContractDistCpTest (AbstractContractDistCpTest.java:lsR(446)) -   o3fs://bucket80282.volume43413/test/ITestOzoneContractDistCp/testTrackDeepDirectoryStructureToRemote/remote/outputDir/inputDir/file1; type=file; length=100  o3fs://bucket80282.volume43413/test/ITestOzoneContractDistCp/testTrackDeepDirectoryStructureToRemote/remote/outputDir/inputDir/file1; type=file; length=100  o3fs://bucket80282.volume43413/test/ITestOzoneContractDistCp/testTrackDeepDirectoryStructureToRemote/remote/outputDir/inputDir/subDir1/file2; type=file; length=200  o3fs://bucket80282.volume43413/test/ITestOzoneContractDistCp/testTrackDeepDirectoryStructureToRemote/remote/outputDir/inputDir/subDir2/subDir2/file3; type=file; length=300  o3fs://bucket80282.volume43413/test/ITestOzoneContractDistCp/testTrackDeepDirectoryStructureToRemote/remote/outputDir/inputDir/subDir4/subDir4/file4; type=file; length=400  o3fs://bucket80282.volume43413/test/ITestOzoneContractDistCp/testTrackDeepDirectoryStructureToRemote/remote/outputDir/inputDir/subDir4/subDir4/file5; type=file; length=500  o3fs://bucket80282.volume43413/test/ITestOzoneContractDistCp/testTrackDeepDirectoryStructureToRemote/remote/outputDir/inputDir/subDir1/file2; type=file; length=200  o3fs://bucket80282.volume43413/test/ITestOzoneContractDistCp/testTrackDeepDirectoryStructureToRemote/remote/outputDir/inputDir/file1; type=file; length=100  o3fs://bucket80282.volume43413/test/ITestOzoneContractDistCp/testTrackDeepDirectoryStructureToRemote/remote/outputDir/inputDir/subDir1/file2; type=file; length=200  o3fs://bucket80282.volume43413/test/ITestOzoneContractDistCp/testTrackDeepDirectoryStructureToRemote/remote/outputDir/inputDir/file1; type=file; length=100  o3fs://bucket80282.volume43413/test/ITestOzoneContractDistCp/testTrackDeepDirectoryStructureToRemote/remote/outputDir/inputDir/subDir1/file2; type=file; length=200  o3fs://bucket80282.volume43413/test/ITestOzoneContractDistCp/testTrackDeepDirectoryStructureToRemote/remote/outputDir/inputDir/subDir2/subDir2/file3; type=file; length=300  o3fs://bucket80282.volume43413/test/ITestOzoneContractDistCp/testTrackDeepDirectoryStructureToRemote/remote/outputDir/inputDir/subDir4/subDir4/file4; type=file; length=400  o3fs://bucket80282.volume43413/test/ITestOzoneContractDistCp/testTrackDeepDirectoryStructureToRemote/remote/outputDir/inputDir/subDir4/subDir4/file5; type=file; length=500  o3fs://bucket80282.volume43413/test/ITestOzoneContractDistCp/testTrackDeepDirectoryStructureToRemote/remote/outputDir/inputDir/subDir2/subDir2/file3; type=file; length=300  o3fs://bucket80282.volume43413/test/ITestOzoneContractDistCp/testTrackDeepDirectoryStructureToRemote/remote/outputDir/inputDir/subDir4/subDir4/file4; type=file; length=400  o3fs://bucket80282.volume43413/test/ITestOzoneContractDistCp/testTrackDeepDirectoryStructureToRemote/remote/outputDir/inputDir/subDir4/subDir4/file5; type=file; length=500  o3fs://bucket80282.volume43413/test/ITestOzoneContractDistCp/testTrackDeepDirectoryStructureToRemote/remote/outputDir/inputDir/subDir2/subDir2/file3; type=file; length=300  o3fs://bucket80282.volume43413/test/ITestOzoneContractDistCp/testTrackDeepDirectoryStructureToRemote/remote/outputDir/inputDir/file1; type=file; length=100  o3fs://bucket80282.volume43413/test/ITestOzoneContractDistCp/testTrackDeepDirectoryStructureToRemote/remote/outputDir/inputDir/subDir1/file2; type=file; length=200  o3fs://bucket80282.volume43413/test/ITestOzoneContractDistCp/testTrackDeepDirectoryStructureToRemote/remote/outputDir/inputDir/subDir2/subDir2/file3; type=file; length=300  o3fs://bucket80282.volume43413/test/ITestOzoneContractDistCp/testTrackDeepDirectoryStructureToRemote/remote/outputDir/inputDir/file1; type=file; length=100  o3fs://bucket80282.volume43413/test/ITestOzoneContractDistCp/testTrackDeepDirectoryStructureToRemote/remote/outputDir/inputDir/subDir1/file2; type=file; length=200  o3fs://bucket80282.volume43413/test/ITestOzoneContractDistCp/testTrackDeepDirectoryStructureToRemote/remote/outputDir/inputDir/subDir2/subDir2/file3; type=file; length=300  o3fs://bucket80282.volume43413/test/ITestOzoneContractDistCp/testTrackDeepDirectoryStructureToRemote/remote/outputDir/inputDir/subDir4/subDir4/file4; type=file; length=400  o3fs://bucket80282.volume43413/test/ITestOzoneContractDistCp/testTrackDeepDirectoryStructureToRemote/remote/outputDir/inputDir/subDir4/subDir4/file5; type=file; length=500  o3fs://bucket80282.volume43413/test/ITestOzoneContractDistCp/testTrackDeepDirectoryStructureToRemote/remote/outputDir/inputDir/subDir4/subDir4/file4; type=file; length=400  o3fs://bucket80282.volume43413/test/ITestOzoneContractDistCp/testTrackDeepDirectoryStructureToRemote/remote/outputDir/inputDir/subDir4/subDir4/file5; type=file; length=500  o3fs://bucket80282.volume43413/test/ITestOzoneContractDistCp/testTrackDeepDirectoryStructureToRemote/remote/outputDir/inputDir/subDir4/subDir4/file4; type=file; length=400  o3fs://bucket80282.volume43413/test/ITestOzoneContractDistCp/testTrackDeepDirectoryStructureToRemote/remote/outputDir/inputDir/subDir4/subDir4/file5; type=file; length=500  o3fs://bucket80282.volume43413/test/ITestOzoneContractDistCp/testTrackDeepDirectoryStructureToRemote/remote/outputDir/inputDir/file1; type=file; length=100  o3fs://bucket80282.volume43413/test/ITestOzoneContractDistCp/testTrackDeepDirectoryStructureToRemote/remote/outputDir/inputDir/subDir1/file2; type=file; length=200  o3fs://bucket80282.volume43413/test/ITestOzoneContractDistCp/testTrackDeepDirectoryStructureToRemote/remote/outputDir/inputDir/subDir2/subDir2/file3; type=file; length=300  o3fs://bucket80282.volume43413/test/ITestOzoneContractDistCp/testTrackDeepDirectoryStructureToRemote/remote/outputDir/inputDir/subDir4/subDir4/file4; type=file; length=400  o3fs://bucket80282.volume43413/test/ITestOzoneContractDistCp/testTrackDeepDirectoryStructureToRemote/remote/outputDir/inputDir/subDir4/subDir4/file5; type=file; length=500
2019-11-05 17:31:42,694 [Thread-574] INFO  contract.AbstractFSContractTestBase (AbstractFSContractTestBase.java:describe(255)) - Now do an incremental update and save of missing files
2019-11-05 17:31:42,694 [Thread-574] INFO  contract.AbstractFSContractTestBase (AbstractFSContractTestBase.java:describe(255)) - 
Directories

2019-11-05 17:31:42,695 [Thread-574] INFO  contract.AbstractContractDistCpTest (AbstractContractDistCpTest.java:lsR(437)) - Local to update: file:/workdir/hadoop-ozone/ozonefs/target/test-dir/ITestOzoneContractDistCp/testTrackDeepDirectoryStructureToRemote/local/inputDir:
2019-11-05 17:31:42,769 [Thread-574] INFO  contract.AbstractContractDistCpTest (AbstractContractDistCpTest.java:lsR(446)) -   file:/workdir/hadoop-ozone/ozonefs/target/test-dir/ITestOzoneContractDistCp/testTrackDeepDirectoryStructureToRemote/local/inputDir/subDir2/subDir2/file3; type=file; length=300  file:/workdir/hadoop-ozone/ozonefs/target/test-dir/ITestOzoneContractDistCp/testTrackDeepDirectoryStructureToRemote/local/inputDir/file1; type=file; length=100  file:/workdir/hadoop-ozone/ozonefs/target/test-dir/ITestOzoneContractDistCp/testTrackDeepDirectoryStructureToRemote/local/inputDir/subDir1/file2; type=file; length=200  file:/workdir/hadoop-ozone/ozonefs/target/test-dir/ITestOzoneContractDistCp/testTrackDeepDirectoryStructureToRemote/local/inputDir/subDir4/subDir4/file5; type=file; length=500  file:/workdir/hadoop-ozone/ozonefs/target/test-dir/ITestOzoneContractDistCp/testTrackDeepDirectoryStructureToRemote/local/inputDir/subDir4/subDir4/file4; type=file; length=400
2019-11-05 17:31:42,774 [Thread-574] INFO  contract.AbstractContractDistCpTest (AbstractContractDistCpTest.java:lsR(437)) - Remote before update: o3fs://bucket80282.volume43413/test/ITestOzoneContractDistCp/testTrackDeepDirectoryStructureToRemote/remote/outputDir:
2019-11-05 17:31:42,798 [Thread-574] INFO  contract.AbstractContractDistCpTest (AbstractContractDistCpTest.java:lsR(446)) -   o3fs://bucket80282.volume43413/test/ITestOzoneContractDistCp/testTrackDeepDirectoryStructureToRemote/remote/outputDir/inputDir/file1; type=file; length=100  o3fs://bucket80282.volume43413/test/ITestOzoneContractDistCp/testTrackDeepDirectoryStructureToRemote/remote/outputDir/inputDir/file1; type=file; length=100  o3fs://bucket80282.volume43413/test/ITestOzoneContractDistCp/testTrackDeepDirectoryStructureToRemote/remote/outputDir/inputDir/subDir1/file2; type=file; length=200  o3fs://bucket80282.volume43413/test/ITestOzoneContractDistCp/testTrackDeepDirectoryStructureToRemote/remote/outputDir/inputDir/subDir2/subDir2/file3; type=file; length=300  o3fs://bucket80282.volume43413/test/ITestOzoneContractDistCp/testTrackDeepDirectoryStructureToRemote/remote/outputDir/inputDir/subDir4/subDir4/file4; type=file; length=400  o3fs://bucket80282.volume43413/test/ITestOzoneContractDistCp/testTrackDeepDirectoryStructureToRemote/remote/outputDir/inputDir/subDir4/subDir4/file5; type=file; length=500  o3fs://bucket80282.volume43413/test/ITestOzoneContractDistCp/testTrackDeepDirectoryStructureToRemote/remote/outputDir/inputDir/subDir1/file2; type=file; length=200  o3fs://bucket80282.volume43413/test/ITestOzoneContractDistCp/testTrackDeepDirectoryStructureToRemote/remote/outputDir/inputDir/file1; type=file; length=100  o3fs://bucket80282.volume43413/test/ITestOzoneContractDistCp/testTrackDeepDirectoryStructureToRemote/remote/outputDir/inputDir/subDir1/file2; type=file; length=200  o3fs://bucket80282.volume43413/test/ITestOzoneContractDistCp/testTrackDeepDirectoryStructureToRemote/remote/outputDir/inputDir/file1; type=file; length=100  o3fs://bucket80282.volume43413/test/ITestOzoneContractDistCp/testTrackDeepDirectoryStructureToRemote/remote/outputDir/inputDir/subDir1/file2; type=file; length=200  o3fs://bucket80282.volume43413/test/ITestOzoneContractDistCp/testTrackDeepDirectoryStructureToRemote/remote/outputDir/inputDir/subDir2/subDir2/file3; type=file; length=300  o3fs://bucket80282.volume43413/test/ITestOzoneContractDistCp/testTrackDeepDirectoryStructureToRemote/remote/outputDir/inputDir/subDir4/subDir4/file4; type=file; length=400  o3fs://bucket80282.volume43413/test/ITestOzoneContractDistCp/testTrackDeepDirectoryStructureToRemote/remote/outputDir/inputDir/subDir4/subDir4/file5; type=file; length=500  o3fs://bucket80282.volume43413/test/ITestOzoneContractDistCp/testTrackDeepDirectoryStructureToRemote/remote/outputDir/inputDir/subDir2/subDir2/file3; type=file; length=300  o3fs://bucket80282.volume43413/test/ITestOzoneContractDistCp/testTrackDeepDirectoryStructureToRemote/remote/outputDir/inputDir/subDir4/subDir4/file4; type=file; length=400  o3fs://bucket80282.volume43413/test/ITestOzoneContractDistCp/testTrackDeepDirectoryStructureToRemote/remote/outputDir/inputDir/subDir4/subDir4/file5; type=file; length=500  o3fs://bucket80282.volume43413/test/ITestOzoneContractDistCp/testTrackDeepDirectoryStructureToRemote/remote/outputDir/inputDir/subDir2/subDir2/file3; type=file; length=300  o3fs://bucket80282.volume43413/test/ITestOzoneContractDistCp/testTrackDeepDirectoryStructureToRemote/remote/outputDir/inputDir/file1; type=file; length=100  o3fs://bucket80282.volume43413/test/ITestOzoneContractDistCp/testTrackDeepDirectoryStructureToRemote/remote/outputDir/inputDir/subDir1/file2; type=file; length=200  o3fs://bucket80282.volume43413/test/ITestOzoneContractDistCp/testTrackDeepDirectoryStructureToRemote/remote/outputDir/inputDir/subDir2/subDir2/file3; type=file; length=300  o3fs://bucket80282.volume43413/test/ITestOzoneContractDistCp/testTrackDeepDirectoryStructureToRemote/remote/outputDir/inputDir/file1; type=file; length=100  o3fs://bucket80282.volume43413/test/ITestOzoneContractDistCp/testTrackDeepDirectoryStructureToRemote/remote/outputDir/inputDir/subDir1/file2; type=file; length=200  o3fs://bucket80282.volume43413/test/ITestOzoneContractDistCp/testTrackDeepDirectoryStructureToRemote/remote/outputDir/inputDir/subDir2/subDir2/file3; type=file; length=300  o3fs://bucket80282.volume43413/test/ITestOzoneContractDistCp/testTrackDeepDirectoryStructureToRemote/remote/outputDir/inputDir/subDir4/subDir4/file4; type=file; length=400  o3fs://bucket80282.volume43413/test/ITestOzoneContractDistCp/testTrackDeepDirectoryStructureToRemote/remote/outputDir/inputDir/subDir4/subDir4/file5; type=file; length=500  o3fs://bucket80282.volume43413/test/ITestOzoneContractDistCp/testTrackDeepDirectoryStructureToRemote/remote/outputDir/inputDir/subDir4/subDir4/file4; type=file; length=400  o3fs://bucket80282.volume43413/test/ITestOzoneContractDistCp/testTrackDeepDirectoryStructureToRemote/remote/outputDir/inputDir/subDir4/subDir4/file5; type=file; length=500  o3fs://bucket80282.volume43413/test/ITestOzoneContractDistCp/testTrackDeepDirectoryStructureToRemote/remote/outputDir/inputDir/subDir4/subDir4/file4; type=file; length=400  o3fs://bucket80282.volume43413/test/ITestOzoneContractDistCp/testTrackDeepDirectoryStructureToRemote/remote/outputDir/inputDir/subDir4/subDir4/file5; type=file; length=500  o3fs://bucket80282.volume43413/test/ITestOzoneContractDistCp/testTrackDeepDirectoryStructureToRemote/remote/outputDir/inputDir/file1; type=file; length=100  o3fs://bucket80282.volume43413/test/ITestOzoneContractDistCp/testTrackDeepDirectoryStructureToRemote/remote/outputDir/inputDir/subDir1/file2; type=file; length=200  o3fs://bucket80282.volume43413/test/ITestOzoneContractDistCp/testTrackDeepDirectoryStructureToRemote/remote/outputDir/inputDir/subDir2/subDir2/file3; type=file; length=300  o3fs://bucket80282.volume43413/test/ITestOzoneContractDistCp/testTrackDeepDirectoryStructureToRemote/remote/outputDir/inputDir/subDir4/subDir4/file4; type=file; length=400  o3fs://bucket80282.volume43413/test/ITestOzoneContractDistCp/testTrackDeepDirectoryStructureToRemote/remote/outputDir/inputDir/subDir4/subDir4/file5; type=file; length=500
2019-11-05 17:31:42,840 [Thread-574] INFO  impl.MetricsSystemImpl (MetricsSystemImpl.java:init(158)) - JobTracker metrics system started (again)
2019-11-05 17:31:42,896 [Thread-574] INFO  impl.MetricsSystemImpl (MetricsSystemImpl.java:init(158)) - JobTracker metrics system started (again)
2019-11-05 17:31:43,224 [Thread-574] INFO  tools.SimpleCopyListing (SimpleCopyListing.java:printStats(608)) - Paths (files+dirs) cnt = 6; dirCnt = 4
2019-11-05 17:31:43,224 [Thread-574] INFO  tools.SimpleCopyListing (SimpleCopyListing.java:doBuildListing(402)) - Build file listing completed.
2019-11-05 17:31:43,259 [Thread-574] INFO  tools.DistCp (CopyListing.java:buildListing(94)) - Number of paths in the copy list: 6
2019-11-05 17:31:43,280 [Thread-574] INFO  tools.DistCp (CopyListing.java:buildListing(94)) - Number of paths in the copy list: 6
2019-11-05 17:31:43,280 [Thread-574] INFO  impl.MetricsSystemImpl (MetricsSystemImpl.java:init(158)) - JobTracker metrics system started (again)
2019-11-05 17:31:43,369 [Thread-574] WARN  mapreduce.JobResourceUploader (JobResourceUploader.java:uploadResourcesInternal(147)) - Hadoop command-line option parsing not performed. Implement the Tool interface and execute your application with ToolRunner to remedy this.
2019-11-05 17:31:43,866 [Thread-574] INFO  mapreduce.JobSubmitter (JobSubmitter.java:submitJobInternal(202)) - number of splits:6
2019-11-05 17:31:43,879 [Thread-574] INFO  Configuration.deprecation (Configuration.java:logDeprecation(1394)) - mapred.job.tracker is deprecated. Instead, use mapreduce.jobtracker.address
2019-11-05 17:31:44,125 [Thread-574] INFO  mapreduce.JobSubmitter (JobSubmitter.java:printTokens(298)) - Submitting tokens for job: job_local799556176_0004
2019-11-05 17:31:44,125 [Thread-574] INFO  mapreduce.JobSubmitter (JobSubmitter.java:printTokens(299)) - Executing with tokens: []
2019-11-05 17:31:44,686 [Thread-574] INFO  mapreduce.Job (Job.java:submit(1574)) - The url to track the job: http://localhost:8080/
2019-11-05 17:31:44,703 [Thread-574] INFO  tools.DistCp (DistCp.java:createAndSubmitJob(217)) - DistCp job-id: job_local799556176_0004
2019-11-05 17:31:44,703 [Thread-574] INFO  mapreduce.Job (Job.java:monitorAndPrintJob(1619)) - Running job: job_local799556176_0004
2019-11-05 17:31:44,697 [Thread-804] INFO  mapred.LocalJobRunner (LocalJobRunner.java:createOutputCommitter(501)) - OutputCommitter set in config null
2019-11-05 17:31:44,739 [Thread-804] INFO  output.FileOutputCommitter (FileOutputCommitter.java:<init>(140)) - File Output Committer Algorithm version is 2
2019-11-05 17:31:44,739 [Thread-804] INFO  output.FileOutputCommitter (FileOutputCommitter.java:<init>(155)) - FileOutputCommitter skip cleanup _temporary folders under output directory:false, ignore cleanup failures: false
2019-11-05 17:31:44,740 [Thread-804] INFO  mapred.LocalJobRunner (LocalJobRunner.java:createOutputCommitter(519)) - OutputCommitter is org.apache.hadoop.tools.mapred.CopyCommitter
2019-11-05 17:31:44,873 [Thread-804] INFO  mapred.LocalJobRunner (LocalJobRunner.java:runTasks(478)) - Waiting for map tasks
2019-11-05 17:31:44,873 [LocalJobRunner Map Task Executor #0] INFO  mapred.LocalJobRunner (LocalJobRunner.java:run(252)) - Starting task: attempt_local799556176_0004_m_000000_0
2019-11-05 17:31:44,874 [LocalJobRunner Map Task Executor #0] INFO  output.FileOutputCommitter (FileOutputCommitter.java:<init>(140)) - File Output Committer Algorithm version is 2
2019-11-05 17:31:44,874 [LocalJobRunner Map Task Executor #0] INFO  output.FileOutputCommitter (FileOutputCommitter.java:<init>(155)) - FileOutputCommitter skip cleanup _temporary folders under output directory:false, ignore cleanup failures: false
2019-11-05 17:31:44,875 [LocalJobRunner Map Task Executor #0] INFO  mapred.Task (Task.java:initialize(626)) -  Using ResourceCalculatorProcessTree : [ ]
2019-11-05 17:31:44,876 [LocalJobRunner Map Task Executor #0] INFO  mapred.MapTask (MapTask.java:runNewMapper(768)) - Processing split: file:/tmp/hadoop/mapred/staging/jenkins10002083466360/.staging/_distcp-1696688386/fileList.seq:0+345
2019-11-05 17:31:44,876 [LocalJobRunner Map Task Executor #0] INFO  output.FileOutputCommitter (FileOutputCommitter.java:<init>(140)) - File Output Committer Algorithm version is 2
2019-11-05 17:31:44,876 [LocalJobRunner Map Task Executor #0] INFO  output.FileOutputCommitter (FileOutputCommitter.java:<init>(155)) - FileOutputCommitter skip cleanup _temporary folders under output directory:false, ignore cleanup failures: false
2019-11-05 17:31:44,925 [LocalJobRunner Map Task Executor #0] INFO  mapred.CopyMapper (CopyMapper.java:map(154)) - Copying file:/workdir/hadoop-ozone/ozonefs/target/test-dir/ITestOzoneContractDistCp/testTrackDeepDirectoryStructureToRemote/local/inputDir/subDir1/file2 to o3fs://bucket80282.volume43413/test/ITestOzoneContractDistCp/testTrackDeepDirectoryStructureToRemote/remote/outputDir/inputDir/subDir1/file2
2019-11-05 17:31:44,939 [LocalJobRunner Map Task Executor #0] INFO  mapred.CopyMapper (CopyMapper.java:map(198)) - Skipping copy of file:/workdir/hadoop-ozone/ozonefs/target/test-dir/ITestOzoneContractDistCp/testTrackDeepDirectoryStructureToRemote/local/inputDir/subDir1/file2 to o3fs://bucket80282.volume43413/test/ITestOzoneContractDistCp/testTrackDeepDirectoryStructureToRemote/remote/outputDir/inputDir/subDir1/file2
2019-11-05 17:31:44,940 [LocalJobRunner Map Task Executor #0] INFO  mapred.LocalJobRunner (LocalJobRunner.java:statusUpdate(634)) - 
2019-11-05 17:31:44,940 [LocalJobRunner Map Task Executor #0] INFO  mapred.Task (Task.java:done(1244)) - Task:attempt_local799556176_0004_m_000000_0 is done. And is in the process of committing
2019-11-05 17:31:44,941 [LocalJobRunner Map Task Executor #0] INFO  mapred.LocalJobRunner (LocalJobRunner.java:statusUpdate(634)) - 
2019-11-05 17:31:44,941 [LocalJobRunner Map Task Executor #0] INFO  mapred.Task (Task.java:commit(1421)) - Task attempt_local799556176_0004_m_000000_0 is allowed to commit now
2019-11-05 17:31:44,942 [LocalJobRunner Map Task Executor #0] INFO  output.FileOutputCommitter (FileOutputCommitter.java:commitTask(598)) - Saved output of task 'attempt_local799556176_0004_m_000000_0' to file:/tmp/hadoop/mapred/staging/jenkins10002083466360/.staging/_distcp-1696688386/_logs
2019-11-05 17:31:44,944 [LocalJobRunner Map Task Executor #0] INFO  mapred.LocalJobRunner (LocalJobRunner.java:statusUpdate(634)) - Copying file:/workdir/hadoop-ozone/ozonefs/target/test-dir/ITestOzoneContractDistCp/testTrackDeepDirectoryStructureToRemote/local/inputDir/subDir1/file2 to o3fs://bucket80282.volume43413/test/ITestOzoneContractDistCp/testTrackDeepDirectoryStructureToRemote/remote/outputDir/inputDir/subDir1/file2
2019-11-05 17:31:44,945 [LocalJobRunner Map Task Executor #0] INFO  mapred.Task (Task.java:sendDone(1380)) - Task 'attempt_local799556176_0004_m_000000_0' done.
2019-11-05 17:31:44,945 [LocalJobRunner Map Task Executor #0] INFO  mapred.Task (Task.java:done(1276)) - Final Counters for attempt_local799556176_0004_m_000000_0: Counters: 23
	File System Counters
		FILE: Number of bytes read=949811
		FILE: Number of bytes written=3307387
		FILE: Number of read operations=0
		FILE: Number of large read operations=0
		FILE: Number of write operations=0
		O3FS: Number of bytes read=0
		O3FS: Number of bytes written=3000
		O3FS: Number of read operations=227
		O3FS: Number of large read operations=0
		O3FS: Number of write operations=39
	Map-Reduce Framework
		Map input records=1
		Map output records=1
		Input split bytes=159
		Spilled Records=0
		Failed Shuffles=0
		Merged Map outputs=0
		GC time elapsed (ms)=0
		Total committed heap usage (bytes)=1998585856
	File Input Format Counters 
		Bytes Read=1714
	File Output Format Counters 
		Bytes Written=163
	DistCp Counters
		Bandwidth in Btyes=0
		Bytes Skipped=200
		Files Skipped=1
2019-11-05 17:31:44,945 [LocalJobRunner Map Task Executor #0] INFO  mapred.LocalJobRunner (LocalJobRunner.java:run(277)) - Finishing task: attempt_local799556176_0004_m_000000_0
2019-11-05 17:31:44,945 [LocalJobRunner Map Task Executor #0] INFO  mapred.LocalJobRunner (LocalJobRunner.java:run(252)) - Starting task: attempt_local799556176_0004_m_000001_0
2019-11-05 17:31:44,946 [LocalJobRunner Map Task Executor #0] INFO  output.FileOutputCommitter (FileOutputCommitter.java:<init>(140)) - File Output Committer Algorithm version is 2
2019-11-05 17:31:44,946 [LocalJobRunner Map Task Executor #0] INFO  output.FileOutputCommitter (FileOutputCommitter.java:<init>(155)) - FileOutputCommitter skip cleanup _temporary folders under output directory:false, ignore cleanup failures: false
2019-11-05 17:31:44,947 [LocalJobRunner Map Task Executor #0] INFO  mapred.Task (Task.java:initialize(626)) -  Using ResourceCalculatorProcessTree : [ ]
2019-11-05 17:31:44,948 [LocalJobRunner Map Task Executor #0] INFO  mapred.MapTask (MapTask.java:runNewMapper(768)) - Processing split: file:/tmp/hadoop/mapred/staging/jenkins10002083466360/.staging/_distcp-1696688386/fileList.seq:600+289
2019-11-05 17:31:44,948 [LocalJobRunner Map Task Executor #0] INFO  output.FileOutputCommitter (FileOutputCommitter.java:<init>(140)) - File Output Committer Algorithm version is 2
2019-11-05 17:31:44,948 [LocalJobRunner Map Task Executor #0] INFO  output.FileOutputCommitter (FileOutputCommitter.java:<init>(155)) - FileOutputCommitter skip cleanup _temporary folders under output directory:false, ignore cleanup failures: false
2019-11-05 17:31:44,973 [LocalJobRunner Map Task Executor #0] INFO  mapred.CopyMapper (CopyMapper.java:map(154)) - Copying file:/workdir/hadoop-ozone/ozonefs/target/test-dir/ITestOzoneContractDistCp/testTrackDeepDirectoryStructureToRemote/local/inputDir/subDir2/subDir2/newfile1 to o3fs://bucket80282.volume43413/test/ITestOzoneContractDistCp/testTrackDeepDirectoryStructureToRemote/remote/outputDir/inputDir/subDir2/subDir2/newfile1
17:31:44.981 [IPC Server handler 11 on 37190] ERROR OMAudit - user=jenkins1000 | ip=127.0.0.1 | op=GET_FILE_STATUS {volume=volume43413, bucket=bucket80282, key=test/ITestOzoneContractDistCp/testTrackDeepDirectoryStructureToRemote/remote/outputDir/inputDir/subDir2/subDir2/newfile1, dataSize=0, replicationType=null, replicationFactor=null, keyLocationInfo=null} | ret=FAILURE
org.apache.hadoop.ozone.om.exceptions.OMException: Unable to get file status: volume: volume43413 bucket: bucket80282 key: test/ITestOzoneContractDistCp/testTrackDeepDirectoryStructureToRemote/remote/outputDir/inputDir/subDir2/subDir2/newfile1
	at org.apache.hadoop.ozone.om.KeyManagerImpl.getFileStatus(KeyManagerImpl.java:1784) ~[hadoop-ozone-ozone-manager-0.5.0-SNAPSHOT.jar:?]
	at org.apache.hadoop.ozone.om.OzoneManager.getFileStatus(OzoneManager.java:2762) ~[hadoop-ozone-ozone-manager-0.5.0-SNAPSHOT.jar:?]
	at org.apache.hadoop.ozone.protocolPB.OzoneManagerRequestHandler.getOzoneFileStatus(OzoneManagerRequestHandler.java:1053) ~[hadoop-ozone-ozone-manager-0.5.0-SNAPSHOT.jar:?]
	at org.apache.hadoop.ozone.protocolPB.OzoneManagerRequestHandler.handle(OzoneManagerRequestHandler.java:340) ~[hadoop-ozone-ozone-manager-0.5.0-SNAPSHOT.jar:?]
	at org.apache.hadoop.ozone.protocolPB.OzoneManagerProtocolServerSideTranslatorPB.submitRequestDirectlyToOM(OzoneManagerProtocolServerSideTranslatorPB.java:208) ~[hadoop-ozone-ozone-manager-0.5.0-SNAPSHOT.jar:?]
	at org.apache.hadoop.ozone.protocolPB.OzoneManagerProtocolServerSideTranslatorPB.processRequest(OzoneManagerProtocolServerSideTranslatorPB.java:132) ~[hadoop-ozone-ozone-manager-0.5.0-SNAPSHOT.jar:?]
	at org.apache.hadoop.hdds.server.OzoneProtocolMessageDispatcher.processRequest(OzoneProtocolMessageDispatcher.java:72) [hadoop-hdds-server-framework-0.5.0-SNAPSHOT.jar:?]
	at org.apache.hadoop.ozone.protocolPB.OzoneManagerProtocolServerSideTranslatorPB.submitRequest(OzoneManagerProtocolServerSideTranslatorPB.java:100) [hadoop-ozone-ozone-manager-0.5.0-SNAPSHOT.jar:?]
	at org.apache.hadoop.ozone.protocol.proto.OzoneManagerProtocolProtos$OzoneManagerService$2.callBlockingMethod(OzoneManagerProtocolProtos.java) [hadoop-ozone-common-0.5.0-SNAPSHOT.jar:?]
	at org.apache.hadoop.ipc.ProtobufRpcEngine$Server$ProtoBufRpcInvoker.call(ProtobufRpcEngine.java:524) [hadoop-common-3.2.0.jar:?]
	at org.apache.hadoop.ipc.RPC$Server.call(RPC.java:1025) [hadoop-common-3.2.0.jar:?]
	at org.apache.hadoop.ipc.Server$RpcCall.run(Server.java:876) [hadoop-common-3.2.0.jar:?]
	at org.apache.hadoop.ipc.Server$RpcCall.run(Server.java:822) [hadoop-common-3.2.0.jar:?]
	at java.security.AccessController.doPrivileged(Native Method) [?:1.8.0_222]
	at javax.security.auth.Subject.doAs(Subject.java:422) [?:1.8.0_222]
	at org.apache.hadoop.security.UserGroupInformation.doAs(UserGroupInformation.java:1730) [hadoop-common-3.2.0.jar:?]
	at org.apache.hadoop.ipc.Server$Handler.run(Server.java:2682) [hadoop-common-3.2.0.jar:?]
2019-11-05 17:31:44,991 [LocalJobRunner Map Task Executor #0] INFO  mapred.RetriableFileCopyCommand (RetriableFileCopyCommand.java:getTmpFile(260)) - Creating temp file: o3fs://bucket80282.volume43413/test/ITestOzoneContractDistCp/testTrackDeepDirectoryStructureToRemote/remote/outputDir/inputDir/.distcp.tmp.attempt_local799556176_0004_m_000001_0
17:31:45.042 [IPC Server handler 19 on 37190] ERROR OMAudit - user=jenkins1000 | ip=127.0.0.1 | op=GET_FILE_STATUS {volume=volume43413, bucket=bucket80282, key=test/ITestOzoneContractDistCp/testTrackDeepDirectoryStructureToRemote/remote/outputDir/inputDir/subDir2/subDir2/newfile1, dataSize=0, replicationType=null, replicationFactor=null, keyLocationInfo=null} | ret=FAILURE
org.apache.hadoop.ozone.om.exceptions.OMException: Unable to get file status: volume: volume43413 bucket: bucket80282 key: test/ITestOzoneContractDistCp/testTrackDeepDirectoryStructureToRemote/remote/outputDir/inputDir/subDir2/subDir2/newfile1
	at org.apache.hadoop.ozone.om.KeyManagerImpl.getFileStatus(KeyManagerImpl.java:1784) ~[hadoop-ozone-ozone-manager-0.5.0-SNAPSHOT.jar:?]
	at org.apache.hadoop.ozone.om.OzoneManager.getFileStatus(OzoneManager.java:2762) ~[hadoop-ozone-ozone-manager-0.5.0-SNAPSHOT.jar:?]
	at org.apache.hadoop.ozone.protocolPB.OzoneManagerRequestHandler.getOzoneFileStatus(OzoneManagerRequestHandler.java:1053) ~[hadoop-ozone-ozone-manager-0.5.0-SNAPSHOT.jar:?]
	at org.apache.hadoop.ozone.protocolPB.OzoneManagerRequestHandler.handle(OzoneManagerRequestHandler.java:340) ~[hadoop-ozone-ozone-manager-0.5.0-SNAPSHOT.jar:?]
	at org.apache.hadoop.ozone.protocolPB.OzoneManagerProtocolServerSideTranslatorPB.submitRequestDirectlyToOM(OzoneManagerProtocolServerSideTranslatorPB.java:208) ~[hadoop-ozone-ozone-manager-0.5.0-SNAPSHOT.jar:?]
	at org.apache.hadoop.ozone.protocolPB.OzoneManagerProtocolServerSideTranslatorPB.processRequest(OzoneManagerProtocolServerSideTranslatorPB.java:132) ~[hadoop-ozone-ozone-manager-0.5.0-SNAPSHOT.jar:?]
	at org.apache.hadoop.hdds.server.OzoneProtocolMessageDispatcher.processRequest(OzoneProtocolMessageDispatcher.java:72) [hadoop-hdds-server-framework-0.5.0-SNAPSHOT.jar:?]
	at org.apache.hadoop.ozone.protocolPB.OzoneManagerProtocolServerSideTranslatorPB.submitRequest(OzoneManagerProtocolServerSideTranslatorPB.java:100) [hadoop-ozone-ozone-manager-0.5.0-SNAPSHOT.jar:?]
	at org.apache.hadoop.ozone.protocol.proto.OzoneManagerProtocolProtos$OzoneManagerService$2.callBlockingMethod(OzoneManagerProtocolProtos.java) [hadoop-ozone-common-0.5.0-SNAPSHOT.jar:?]
	at org.apache.hadoop.ipc.ProtobufRpcEngine$Server$ProtoBufRpcInvoker.call(ProtobufRpcEngine.java:524) [hadoop-common-3.2.0.jar:?]
	at org.apache.hadoop.ipc.RPC$Server.call(RPC.java:1025) [hadoop-common-3.2.0.jar:?]
	at org.apache.hadoop.ipc.Server$RpcCall.run(Server.java:876) [hadoop-common-3.2.0.jar:?]
	at org.apache.hadoop.ipc.Server$RpcCall.run(Server.java:822) [hadoop-common-3.2.0.jar:?]
	at java.security.AccessController.doPrivileged(Native Method) [?:1.8.0_222]
	at javax.security.auth.Subject.doAs(Subject.java:422) [?:1.8.0_222]
	at org.apache.hadoop.security.UserGroupInformation.doAs(UserGroupInformation.java:1730) [hadoop-common-3.2.0.jar:?]
	at org.apache.hadoop.ipc.Server$Handler.run(Server.java:2682) [hadoop-common-3.2.0.jar:?]
17:31:45.046 [IPC Server handler 10 on 37190] ERROR OMAudit - user=jenkins1000 | ip=127.0.0.1 | op=GET_FILE_STATUS {volume=volume43413, bucket=bucket80282, key=test/ITestOzoneContractDistCp/testTrackDeepDirectoryStructureToRemote/remote/outputDir/inputDir/subDir2/subDir2/newfile1, dataSize=0, replicationType=null, replicationFactor=null, keyLocationInfo=null} | ret=FAILURE
org.apache.hadoop.ozone.om.exceptions.OMException: Unable to get file status: volume: volume43413 bucket: bucket80282 key: test/ITestOzoneContractDistCp/testTrackDeepDirectoryStructureToRemote/remote/outputDir/inputDir/subDir2/subDir2/newfile1
	at org.apache.hadoop.ozone.om.KeyManagerImpl.getFileStatus(KeyManagerImpl.java:1784) ~[hadoop-ozone-ozone-manager-0.5.0-SNAPSHOT.jar:?]
	at org.apache.hadoop.ozone.om.OzoneManager.getFileStatus(OzoneManager.java:2762) ~[hadoop-ozone-ozone-manager-0.5.0-SNAPSHOT.jar:?]
	at org.apache.hadoop.ozone.protocolPB.OzoneManagerRequestHandler.getOzoneFileStatus(OzoneManagerRequestHandler.java:1053) ~[hadoop-ozone-ozone-manager-0.5.0-SNAPSHOT.jar:?]
	at org.apache.hadoop.ozone.protocolPB.OzoneManagerRequestHandler.handle(OzoneManagerRequestHandler.java:340) ~[hadoop-ozone-ozone-manager-0.5.0-SNAPSHOT.jar:?]
	at org.apache.hadoop.ozone.protocolPB.OzoneManagerProtocolServerSideTranslatorPB.submitRequestDirectlyToOM(OzoneManagerProtocolServerSideTranslatorPB.java:208) ~[hadoop-ozone-ozone-manager-0.5.0-SNAPSHOT.jar:?]
	at org.apache.hadoop.ozone.protocolPB.OzoneManagerProtocolServerSideTranslatorPB.processRequest(OzoneManagerProtocolServerSideTranslatorPB.java:132) ~[hadoop-ozone-ozone-manager-0.5.0-SNAPSHOT.jar:?]
	at org.apache.hadoop.hdds.server.OzoneProtocolMessageDispatcher.processRequest(OzoneProtocolMessageDispatcher.java:72) [hadoop-hdds-server-framework-0.5.0-SNAPSHOT.jar:?]
	at org.apache.hadoop.ozone.protocolPB.OzoneManagerProtocolServerSideTranslatorPB.submitRequest(OzoneManagerProtocolServerSideTranslatorPB.java:100) [hadoop-ozone-ozone-manager-0.5.0-SNAPSHOT.jar:?]
	at org.apache.hadoop.ozone.protocol.proto.OzoneManagerProtocolProtos$OzoneManagerService$2.callBlockingMethod(OzoneManagerProtocolProtos.java) [hadoop-ozone-common-0.5.0-SNAPSHOT.jar:?]
	at org.apache.hadoop.ipc.ProtobufRpcEngine$Server$ProtoBufRpcInvoker.call(ProtobufRpcEngine.java:524) [hadoop-common-3.2.0.jar:?]
	at org.apache.hadoop.ipc.RPC$Server.call(RPC.java:1025) [hadoop-common-3.2.0.jar:?]
	at org.apache.hadoop.ipc.Server$RpcCall.run(Server.java:876) [hadoop-common-3.2.0.jar:?]
	at org.apache.hadoop.ipc.Server$RpcCall.run(Server.java:822) [hadoop-common-3.2.0.jar:?]
	at java.security.AccessController.doPrivileged(Native Method) [?:1.8.0_222]
	at javax.security.auth.Subject.doAs(Subject.java:422) [?:1.8.0_222]
	at org.apache.hadoop.security.UserGroupInformation.doAs(UserGroupInformation.java:1730) [hadoop-common-3.2.0.jar:?]
	at org.apache.hadoop.ipc.Server$Handler.run(Server.java:2682) [hadoop-common-3.2.0.jar:?]
17:31:45.071 [IPC Server handler 16 on 37190] ERROR OMAudit - user=jenkins1000 | ip=127.0.0.1 | op=GET_FILE_STATUS {volume=volume43413, bucket=bucket80282, key=test/ITestOzoneContractDistCp/testTrackDeepDirectoryStructureToRemote/remote/outputDir/inputDir/.distcp.tmp.attempt_local799556176_0004_m_000001_0, dataSize=0, replicationType=null, replicationFactor=null, keyLocationInfo=null} | ret=FAILURE
org.apache.hadoop.ozone.om.exceptions.OMException: Unable to get file status: volume: volume43413 bucket: bucket80282 key: test/ITestOzoneContractDistCp/testTrackDeepDirectoryStructureToRemote/remote/outputDir/inputDir/.distcp.tmp.attempt_local799556176_0004_m_000001_0
	at org.apache.hadoop.ozone.om.KeyManagerImpl.getFileStatus(KeyManagerImpl.java:1784) ~[hadoop-ozone-ozone-manager-0.5.0-SNAPSHOT.jar:?]
	at org.apache.hadoop.ozone.om.OzoneManager.getFileStatus(OzoneManager.java:2762) ~[hadoop-ozone-ozone-manager-0.5.0-SNAPSHOT.jar:?]
	at org.apache.hadoop.ozone.protocolPB.OzoneManagerRequestHandler.getOzoneFileStatus(OzoneManagerRequestHandler.java:1053) ~[hadoop-ozone-ozone-manager-0.5.0-SNAPSHOT.jar:?]
	at org.apache.hadoop.ozone.protocolPB.OzoneManagerRequestHandler.handle(OzoneManagerRequestHandler.java:340) ~[hadoop-ozone-ozone-manager-0.5.0-SNAPSHOT.jar:?]
	at org.apache.hadoop.ozone.protocolPB.OzoneManagerProtocolServerSideTranslatorPB.submitRequestDirectlyToOM(OzoneManagerProtocolServerSideTranslatorPB.java:208) ~[hadoop-ozone-ozone-manager-0.5.0-SNAPSHOT.jar:?]
	at org.apache.hadoop.ozone.protocolPB.OzoneManagerProtocolServerSideTranslatorPB.processRequest(OzoneManagerProtocolServerSideTranslatorPB.java:132) ~[hadoop-ozone-ozone-manager-0.5.0-SNAPSHOT.jar:?]
	at org.apache.hadoop.hdds.server.OzoneProtocolMessageDispatcher.processRequest(OzoneProtocolMessageDispatcher.java:72) [hadoop-hdds-server-framework-0.5.0-SNAPSHOT.jar:?]
	at org.apache.hadoop.ozone.protocolPB.OzoneManagerProtocolServerSideTranslatorPB.submitRequest(OzoneManagerProtocolServerSideTranslatorPB.java:100) [hadoop-ozone-ozone-manager-0.5.0-SNAPSHOT.jar:?]
	at org.apache.hadoop.ozone.protocol.proto.OzoneManagerProtocolProtos$OzoneManagerService$2.callBlockingMethod(OzoneManagerProtocolProtos.java) [hadoop-ozone-common-0.5.0-SNAPSHOT.jar:?]
	at org.apache.hadoop.ipc.ProtobufRpcEngine$Server$ProtoBufRpcInvoker.call(ProtobufRpcEngine.java:524) [hadoop-common-3.2.0.jar:?]
	at org.apache.hadoop.ipc.RPC$Server.call(RPC.java:1025) [hadoop-common-3.2.0.jar:?]
	at org.apache.hadoop.ipc.Server$RpcCall.run(Server.java:876) [hadoop-common-3.2.0.jar:?]
	at org.apache.hadoop.ipc.Server$RpcCall.run(Server.java:822) [hadoop-common-3.2.0.jar:?]
	at java.security.AccessController.doPrivileged(Native Method) [?:1.8.0_222]
	at javax.security.auth.Subject.doAs(Subject.java:422) [?:1.8.0_222]
	at org.apache.hadoop.security.UserGroupInformation.doAs(UserGroupInformation.java:1730) [hadoop-common-3.2.0.jar:?]
	at org.apache.hadoop.ipc.Server$Handler.run(Server.java:2682) [hadoop-common-3.2.0.jar:?]
2019-11-05 17:31:45,080 [LocalJobRunner Map Task Executor #0] WARN  ozone.BasicOzoneFileSystem (BasicOzoneFileSystem.java:delete(444)) - delete: Path does not exist: o3fs://bucket80282.volume43413/test/ITestOzoneContractDistCp/testTrackDeepDirectoryStructureToRemote/remote/outputDir/inputDir/.distcp.tmp.attempt_local799556176_0004_m_000001_0
2019-11-05 17:31:45,081 [LocalJobRunner Map Task Executor #0] INFO  mapred.LocalJobRunner (LocalJobRunner.java:statusUpdate(634)) - 
2019-11-05 17:31:45,081 [LocalJobRunner Map Task Executor #0] INFO  mapred.Task (Task.java:done(1244)) - Task:attempt_local799556176_0004_m_000001_0 is done. And is in the process of committing
2019-11-05 17:31:45,082 [LocalJobRunner Map Task Executor #0] INFO  mapred.LocalJobRunner (LocalJobRunner.java:statusUpdate(634)) - 
2019-11-05 17:31:45,082 [LocalJobRunner Map Task Executor #0] INFO  mapred.Task (Task.java:commit(1421)) - Task attempt_local799556176_0004_m_000001_0 is allowed to commit now
2019-11-05 17:31:45,083 [LocalJobRunner Map Task Executor #0] INFO  output.FileOutputCommitter (FileOutputCommitter.java:commitTask(598)) - Saved output of task 'attempt_local799556176_0004_m_000001_0' to file:/tmp/hadoop/mapred/staging/jenkins10002083466360/.staging/_distcp-1696688386/_logs
2019-11-05 17:31:45,084 [LocalJobRunner Map Task Executor #0] INFO  mapred.LocalJobRunner (LocalJobRunner.java:statusUpdate(634)) - Copying file:/workdir/hadoop-ozone/ozonefs/target/test-dir/ITestOzoneContractDistCp/testTrackDeepDirectoryStructureToRemote/local/inputDir/subDir2/subDir2/newfile1 to o3fs://bucket80282.volume43413/test/ITestOzoneContractDistCp/testTrackDeepDirectoryStructureToRemote/remote/outputDir/inputDir/subDir2/subDir2/newfile1
2019-11-05 17:31:45,084 [LocalJobRunner Map Task Executor #0] INFO  mapred.Task (Task.java:sendDone(1380)) - Task 'attempt_local799556176_0004_m_000001_0' done.
2019-11-05 17:31:45,084 [LocalJobRunner Map Task Executor #0] INFO  mapred.Task (Task.java:done(1276)) - Final Counters for attempt_local799556176_0004_m_000001_0: Counters: 24
	File System Counters
		FILE: Number of bytes read=952510
		FILE: Number of bytes written=3307395
		FILE: Number of read operations=0
		FILE: Number of large read operations=0
		FILE: Number of write operations=0
		O3FS: Number of bytes read=0
		O3FS: Number of bytes written=3000
		O3FS: Number of read operations=237
		O3FS: Number of large read operations=0
		O3FS: Number of write operations=42
	Map-Reduce Framework
		Map input records=1
		Map output records=0
		Input split bytes=159
		Spilled Records=0
		Failed Shuffles=0
		Merged Map outputs=0
		GC time elapsed (ms)=0
		Total committed heap usage (bytes)=1998585856
	File Input Format Counters 
		Bytes Read=1714
	File Output Format Counters 
		Bytes Written=8
	DistCp Counters
		Bandwidth in Btyes=0
		Bytes Copied=0
		Bytes Expected=0
		Files Copied=1
2019-11-05 17:31:45,084 [LocalJobRunner Map Task Executor #0] INFO  mapred.LocalJobRunner (LocalJobRunner.java:run(277)) - Finishing task: attempt_local799556176_0004_m_000001_0
2019-11-05 17:31:45,084 [LocalJobRunner Map Task Executor #0] INFO  mapred.LocalJobRunner (LocalJobRunner.java:run(252)) - Starting task: attempt_local799556176_0004_m_000002_0
2019-11-05 17:31:45,085 [LocalJobRunner Map Task Executor #0] INFO  output.FileOutputCommitter (FileOutputCommitter.java:<init>(140)) - File Output Committer Algorithm version is 2
2019-11-05 17:31:45,085 [LocalJobRunner Map Task Executor #0] INFO  output.FileOutputCommitter (FileOutputCommitter.java:<init>(155)) - FileOutputCommitter skip cleanup _temporary folders under output directory:false, ignore cleanup failures: false
2019-11-05 17:31:45,085 [LocalJobRunner Map Task Executor #0] INFO  mapred.Task (Task.java:initialize(626)) -  Using ResourceCalculatorProcessTree : [ ]
2019-11-05 17:31:45,086 [LocalJobRunner Map Task Executor #0] INFO  mapred.MapTask (MapTask.java:runNewMapper(768)) - Processing split: file:/tmp/hadoop/mapred/staging/jenkins10002083466360/.staging/_distcp-1696688386/fileList.seq:1399+271
2019-11-05 17:31:45,086 [LocalJobRunner Map Task Executor #0] INFO  output.FileOutputCommitter (FileOutputCommitter.java:<init>(140)) - File Output Committer Algorithm version is 2
2019-11-05 17:31:45,087 [LocalJobRunner Map Task Executor #0] INFO  output.FileOutputCommitter (FileOutputCommitter.java:<init>(155)) - FileOutputCommitter skip cleanup _temporary folders under output directory:false, ignore cleanup failures: false
2019-11-05 17:31:45,111 [LocalJobRunner Map Task Executor #0] INFO  mapred.CopyMapper (CopyMapper.java:map(154)) - Copying file:/workdir/hadoop-ozone/ozonefs/target/test-dir/ITestOzoneContractDistCp/testTrackDeepDirectoryStructureToRemote/local/inputDir/subDir2/subDir2 to o3fs://bucket80282.volume43413/test/ITestOzoneContractDistCp/testTrackDeepDirectoryStructureToRemote/remote/outputDir/inputDir/subDir2/subDir2
2019-11-05 17:31:45,153 [LocalJobRunner Map Task Executor #0] INFO  mapred.LocalJobRunner (LocalJobRunner.java:statusUpdate(634)) - 
2019-11-05 17:31:45,154 [LocalJobRunner Map Task Executor #0] INFO  mapred.Task (Task.java:done(1244)) - Task:attempt_local799556176_0004_m_000002_0 is done. And is in the process of committing
2019-11-05 17:31:45,155 [LocalJobRunner Map Task Executor #0] INFO  mapred.LocalJobRunner (LocalJobRunner.java:statusUpdate(634)) - 
2019-11-05 17:31:45,155 [LocalJobRunner Map Task Executor #0] INFO  mapred.Task (Task.java:commit(1421)) - Task attempt_local799556176_0004_m_000002_0 is allowed to commit now
2019-11-05 17:31:45,156 [LocalJobRunner Map Task Executor #0] INFO  output.FileOutputCommitter (FileOutputCommitter.java:commitTask(598)) - Saved output of task 'attempt_local799556176_0004_m_000002_0' to file:/tmp/hadoop/mapred/staging/jenkins10002083466360/.staging/_distcp-1696688386/_logs
2019-11-05 17:31:45,156 [LocalJobRunner Map Task Executor #0] INFO  mapred.LocalJobRunner (LocalJobRunner.java:statusUpdate(634)) - Copying file:/workdir/hadoop-ozone/ozonefs/target/test-dir/ITestOzoneContractDistCp/testTrackDeepDirectoryStructureToRemote/local/inputDir/subDir2/subDir2 to o3fs://bucket80282.volume43413/test/ITestOzoneContractDistCp/testTrackDeepDirectoryStructureToRemote/remote/outputDir/inputDir/subDir2/subDir2
2019-11-05 17:31:45,156 [LocalJobRunner Map Task Executor #0] INFO  mapred.Task (Task.java:sendDone(1380)) - Task 'attempt_local799556176_0004_m_000002_0' done.
2019-11-05 17:31:45,157 [LocalJobRunner Map Task Executor #0] INFO  mapred.Task (Task.java:done(1276)) - Final Counters for attempt_local799556176_0004_m_000002_0: Counters: 22
	File System Counters
		FILE: Number of bytes read=955201
		FILE: Number of bytes written=3307403
		FILE: Number of read operations=0
		FILE: Number of large read operations=0
		FILE: Number of write operations=0
		O3FS: Number of bytes read=0
		O3FS: Number of bytes written=3000
		O3FS: Number of read operations=239
		O3FS: Number of large read operations=0
		O3FS: Number of write operations=42
	Map-Reduce Framework
		Map input records=1
		Map output records=0
		Input split bytes=159
		Spilled Records=0
		Failed Shuffles=0
		Merged Map outputs=0
		GC time elapsed (ms)=0
		Total committed heap usage (bytes)=1998585856
	File Input Format Counters 
		Bytes Read=1714
	File Output Format Counters 
		Bytes Written=8
	DistCp Counters
		Bandwidth in Btyes=0
		DIR_COPY=1
2019-11-05 17:31:45,157 [LocalJobRunner Map Task Executor #0] INFO  mapred.LocalJobRunner (LocalJobRunner.java:run(277)) - Finishing task: attempt_local799556176_0004_m_000002_0
2019-11-05 17:31:45,157 [LocalJobRunner Map Task Executor #0] INFO  mapred.LocalJobRunner (LocalJobRunner.java:run(252)) - Starting task: attempt_local799556176_0004_m_000003_0
2019-11-05 17:31:45,158 [LocalJobRunner Map Task Executor #0] INFO  output.FileOutputCommitter (FileOutputCommitter.java:<init>(140)) - File Output Committer Algorithm version is 2
2019-11-05 17:31:45,158 [LocalJobRunner Map Task Executor #0] INFO  output.FileOutputCommitter (FileOutputCommitter.java:<init>(155)) - FileOutputCommitter skip cleanup _temporary folders under output directory:false, ignore cleanup failures: false
2019-11-05 17:31:45,159 [LocalJobRunner Map Task Executor #0] INFO  mapred.Task (Task.java:initialize(626)) -  Using ResourceCalculatorProcessTree : [ ]
2019-11-05 17:31:45,159 [LocalJobRunner Map Task Executor #0] INFO  mapred.MapTask (MapTask.java:runNewMapper(768)) - Processing split: file:/tmp/hadoop/mapred/staging/jenkins10002083466360/.staging/_distcp-1696688386/fileList.seq:345+255
2019-11-05 17:31:45,160 [LocalJobRunner Map Task Executor #0] INFO  output.FileOutputCommitter (FileOutputCommitter.java:<init>(140)) - File Output Committer Algorithm version is 2
2019-11-05 17:31:45,160 [LocalJobRunner Map Task Executor #0] INFO  output.FileOutputCommitter (FileOutputCommitter.java:<init>(155)) - FileOutputCommitter skip cleanup _temporary folders under output directory:false, ignore cleanup failures: false
2019-11-05 17:31:45,176 [LocalJobRunner Map Task Executor #0] INFO  mapred.CopyMapper (CopyMapper.java:map(154)) - Copying file:/workdir/hadoop-ozone/ozonefs/target/test-dir/ITestOzoneContractDistCp/testTrackDeepDirectoryStructureToRemote/local/inputDir/subDir4 to o3fs://bucket80282.volume43413/test/ITestOzoneContractDistCp/testTrackDeepDirectoryStructureToRemote/remote/outputDir/inputDir/subDir4
2019-11-05 17:31:45,213 [LocalJobRunner Map Task Executor #0] INFO  mapred.LocalJobRunner (LocalJobRunner.java:statusUpdate(634)) - 
2019-11-05 17:31:45,214 [LocalJobRunner Map Task Executor #0] INFO  mapred.Task (Task.java:done(1244)) - Task:attempt_local799556176_0004_m_000003_0 is done. And is in the process of committing
2019-11-05 17:31:45,215 [LocalJobRunner Map Task Executor #0] INFO  mapred.LocalJobRunner (LocalJobRunner.java:statusUpdate(634)) - 
2019-11-05 17:31:45,215 [LocalJobRunner Map Task Executor #0] INFO  mapred.Task (Task.java:commit(1421)) - Task attempt_local799556176_0004_m_000003_0 is allowed to commit now
2019-11-05 17:31:45,216 [LocalJobRunner Map Task Executor #0] INFO  output.FileOutputCommitter (FileOutputCommitter.java:commitTask(598)) - Saved output of task 'attempt_local799556176_0004_m_000003_0' to file:/tmp/hadoop/mapred/staging/jenkins10002083466360/.staging/_distcp-1696688386/_logs
2019-11-05 17:31:45,216 [LocalJobRunner Map Task Executor #0] INFO  mapred.LocalJobRunner (LocalJobRunner.java:statusUpdate(634)) - Copying file:/workdir/hadoop-ozone/ozonefs/target/test-dir/ITestOzoneContractDistCp/testTrackDeepDirectoryStructureToRemote/local/inputDir/subDir4 to o3fs://bucket80282.volume43413/test/ITestOzoneContractDistCp/testTrackDeepDirectoryStructureToRemote/remote/outputDir/inputDir/subDir4
2019-11-05 17:31:45,217 [LocalJobRunner Map Task Executor #0] INFO  mapred.Task (Task.java:sendDone(1380)) - Task 'attempt_local799556176_0004_m_000003_0' done.
2019-11-05 17:31:45,217 [LocalJobRunner Map Task Executor #0] INFO  mapred.Task (Task.java:done(1276)) - Final Counters for attempt_local799556176_0004_m_000003_0: Counters: 22
	File System Counters
		FILE: Number of bytes read=957892
		FILE: Number of bytes written=3307411
		FILE: Number of read operations=0
		FILE: Number of large read operations=0
		FILE: Number of write operations=0
		O3FS: Number of bytes read=0
		O3FS: Number of bytes written=3000
		O3FS: Number of read operations=241
		O3FS: Number of large read operations=0
		O3FS: Number of write operations=42
	Map-Reduce Framework
		Map input records=1
		Map output records=0
		Input split bytes=159
		Spilled Records=0
		Failed Shuffles=0
		Merged Map outputs=0
		GC time elapsed (ms)=0
		Total committed heap usage (bytes)=1998585856
	File Input Format Counters 
		Bytes Read=1714
	File Output Format Counters 
		Bytes Written=8
	DistCp Counters
		Bandwidth in Btyes=0
		DIR_COPY=1
2019-11-05 17:31:45,217 [LocalJobRunner Map Task Executor #0] INFO  mapred.LocalJobRunner (LocalJobRunner.java:run(277)) - Finishing task: attempt_local799556176_0004_m_000003_0
2019-11-05 17:31:45,217 [LocalJobRunner Map Task Executor #0] INFO  mapred.LocalJobRunner (LocalJobRunner.java:run(252)) - Starting task: attempt_local799556176_0004_m_000004_0
2019-11-05 17:31:45,218 [LocalJobRunner Map Task Executor #0] INFO  output.FileOutputCommitter (FileOutputCommitter.java:<init>(140)) - File Output Committer Algorithm version is 2
2019-11-05 17:31:45,218 [LocalJobRunner Map Task Executor #0] INFO  output.FileOutputCommitter (FileOutputCommitter.java:<init>(155)) - FileOutputCommitter skip cleanup _temporary folders under output directory:false, ignore cleanup failures: false
2019-11-05 17:31:45,219 [LocalJobRunner Map Task Executor #0] INFO  mapred.Task (Task.java:initialize(626)) -  Using ResourceCalculatorProcessTree : [ ]
2019-11-05 17:31:45,219 [LocalJobRunner Map Task Executor #0] INFO  mapred.MapTask (MapTask.java:runNewMapper(768)) - Processing split: file:/tmp/hadoop/mapred/staging/jenkins10002083466360/.staging/_distcp-1696688386/fileList.seq:889+255
2019-11-05 17:31:45,220 [LocalJobRunner Map Task Executor #0] INFO  output.FileOutputCommitter (FileOutputCommitter.java:<init>(140)) - File Output Committer Algorithm version is 2
2019-11-05 17:31:45,220 [LocalJobRunner Map Task Executor #0] INFO  output.FileOutputCommitter (FileOutputCommitter.java:<init>(155)) - FileOutputCommitter skip cleanup _temporary folders under output directory:false, ignore cleanup failures: false
2019-11-05 17:31:45,237 [LocalJobRunner Map Task Executor #0] INFO  mapred.CopyMapper (CopyMapper.java:map(154)) - Copying file:/workdir/hadoop-ozone/ozonefs/target/test-dir/ITestOzoneContractDistCp/testTrackDeepDirectoryStructureToRemote/local/inputDir/subDir2 to o3fs://bucket80282.volume43413/test/ITestOzoneContractDistCp/testTrackDeepDirectoryStructureToRemote/remote/outputDir/inputDir/subDir2
2019-11-05 17:31:45,301 [LocalJobRunner Map Task Executor #0] INFO  mapred.LocalJobRunner (LocalJobRunner.java:statusUpdate(634)) - 
2019-11-05 17:31:45,302 [LocalJobRunner Map Task Executor #0] INFO  mapred.Task (Task.java:done(1244)) - Task:attempt_local799556176_0004_m_000004_0 is done. And is in the process of committing
2019-11-05 17:31:45,302 [LocalJobRunner Map Task Executor #0] INFO  mapred.LocalJobRunner (LocalJobRunner.java:statusUpdate(634)) - 
2019-11-05 17:31:45,303 [LocalJobRunner Map Task Executor #0] INFO  mapred.Task (Task.java:commit(1421)) - Task attempt_local799556176_0004_m_000004_0 is allowed to commit now
2019-11-05 17:31:45,304 [LocalJobRunner Map Task Executor #0] INFO  output.FileOutputCommitter (FileOutputCommitter.java:commitTask(598)) - Saved output of task 'attempt_local799556176_0004_m_000004_0' to file:/tmp/hadoop/mapred/staging/jenkins10002083466360/.staging/_distcp-1696688386/_logs
2019-11-05 17:31:45,304 [LocalJobRunner Map Task Executor #0] INFO  mapred.LocalJobRunner (LocalJobRunner.java:statusUpdate(634)) - Copying file:/workdir/hadoop-ozone/ozonefs/target/test-dir/ITestOzoneContractDistCp/testTrackDeepDirectoryStructureToRemote/local/inputDir/subDir2 to o3fs://bucket80282.volume43413/test/ITestOzoneContractDistCp/testTrackDeepDirectoryStructureToRemote/remote/outputDir/inputDir/subDir2
2019-11-05 17:31:45,304 [LocalJobRunner Map Task Executor #0] INFO  mapred.Task (Task.java:sendDone(1380)) - Task 'attempt_local799556176_0004_m_000004_0' done.
2019-11-05 17:31:45,305 [LocalJobRunner Map Task Executor #0] INFO  mapred.Task (Task.java:done(1276)) - Final Counters for attempt_local799556176_0004_m_000004_0: Counters: 22
	File System Counters
		FILE: Number of bytes read=960071
		FILE: Number of bytes written=3307419
		FILE: Number of read operations=0
		FILE: Number of large read operations=0
		FILE: Number of write operations=0
		O3FS: Number of bytes read=0
		O3FS: Number of bytes written=3000
		O3FS: Number of read operations=243
		O3FS: Number of large read operations=0
		O3FS: Number of write operations=42
	Map-Reduce Framework
		Map input records=1
		Map output records=0
		Input split bytes=159
		Spilled Records=0
		Failed Shuffles=0
		Merged Map outputs=0
		GC time elapsed (ms)=0
		Total committed heap usage (bytes)=1998585856
	File Input Format Counters 
		Bytes Read=1714
	File Output Format Counters 
		Bytes Written=8
	DistCp Counters
		Bandwidth in Btyes=0
		DIR_COPY=1
2019-11-05 17:31:45,305 [LocalJobRunner Map Task Executor #0] INFO  mapred.LocalJobRunner (LocalJobRunner.java:run(277)) - Finishing task: attempt_local799556176_0004_m_000004_0
2019-11-05 17:31:45,305 [LocalJobRunner Map Task Executor #0] INFO  mapred.LocalJobRunner (LocalJobRunner.java:run(252)) - Starting task: attempt_local799556176_0004_m_000005_0
2019-11-05 17:31:45,306 [LocalJobRunner Map Task Executor #0] INFO  output.FileOutputCommitter (FileOutputCommitter.java:<init>(140)) - File Output Committer Algorithm version is 2
2019-11-05 17:31:45,306 [LocalJobRunner Map Task Executor #0] INFO  output.FileOutputCommitter (FileOutputCommitter.java:<init>(155)) - FileOutputCommitter skip cleanup _temporary folders under output directory:false, ignore cleanup failures: false
2019-11-05 17:31:45,306 [LocalJobRunner Map Task Executor #0] INFO  mapred.Task (Task.java:initialize(626)) -  Using ResourceCalculatorProcessTree : [ ]
2019-11-05 17:31:45,307 [LocalJobRunner Map Task Executor #0] INFO  mapred.MapTask (MapTask.java:runNewMapper(768)) - Processing split: file:/tmp/hadoop/mapred/staging/jenkins10002083466360/.staging/_distcp-1696688386/fileList.seq:1144+255
2019-11-05 17:31:45,308 [LocalJobRunner Map Task Executor #0] INFO  output.FileOutputCommitter (FileOutputCommitter.java:<init>(140)) - File Output Committer Algorithm version is 2
2019-11-05 17:31:45,308 [LocalJobRunner Map Task Executor #0] INFO  output.FileOutputCommitter (FileOutputCommitter.java:<init>(155)) - FileOutputCommitter skip cleanup _temporary folders under output directory:false, ignore cleanup failures: false
2019-11-05 17:31:45,333 [LocalJobRunner Map Task Executor #0] INFO  mapred.CopyMapper (CopyMapper.java:map(154)) - Copying file:/workdir/hadoop-ozone/ozonefs/target/test-dir/ITestOzoneContractDistCp/testTrackDeepDirectoryStructureToRemote/local/inputDir/subDir1 to o3fs://bucket80282.volume43413/test/ITestOzoneContractDistCp/testTrackDeepDirectoryStructureToRemote/remote/outputDir/inputDir/subDir1
2019-11-05 17:31:45,368 [LocalJobRunner Map Task Executor #0] INFO  mapred.LocalJobRunner (LocalJobRunner.java:statusUpdate(634)) - 
2019-11-05 17:31:45,369 [LocalJobRunner Map Task Executor #0] INFO  mapred.Task (Task.java:done(1244)) - Task:attempt_local799556176_0004_m_000005_0 is done. And is in the process of committing
2019-11-05 17:31:45,370 [LocalJobRunner Map Task Executor #0] INFO  mapred.LocalJobRunner (LocalJobRunner.java:statusUpdate(634)) - 
2019-11-05 17:31:45,370 [LocalJobRunner Map Task Executor #0] INFO  mapred.Task (Task.java:commit(1421)) - Task attempt_local799556176_0004_m_000005_0 is allowed to commit now
2019-11-05 17:31:45,371 [LocalJobRunner Map Task Executor #0] INFO  output.FileOutputCommitter (FileOutputCommitter.java:commitTask(598)) - Saved output of task 'attempt_local799556176_0004_m_000005_0' to file:/tmp/hadoop/mapred/staging/jenkins10002083466360/.staging/_distcp-1696688386/_logs
2019-11-05 17:31:45,372 [LocalJobRunner Map Task Executor #0] INFO  mapred.LocalJobRunner (LocalJobRunner.java:statusUpdate(634)) - Copying file:/workdir/hadoop-ozone/ozonefs/target/test-dir/ITestOzoneContractDistCp/testTrackDeepDirectoryStructureToRemote/local/inputDir/subDir1 to o3fs://bucket80282.volume43413/test/ITestOzoneContractDistCp/testTrackDeepDirectoryStructureToRemote/remote/outputDir/inputDir/subDir1
2019-11-05 17:31:45,372 [LocalJobRunner Map Task Executor #0] INFO  mapred.Task (Task.java:sendDone(1380)) - Task 'attempt_local799556176_0004_m_000005_0' done.
2019-11-05 17:31:45,373 [LocalJobRunner Map Task Executor #0] INFO  mapred.Task (Task.java:done(1276)) - Final Counters for attempt_local799556176_0004_m_000005_0: Counters: 22
	File System Counters
		FILE: Number of bytes read=962250
		FILE: Number of bytes written=3307427
		FILE: Number of read operations=0
		FILE: Number of large read operations=0
		FILE: Number of write operations=0
		O3FS: Number of bytes read=0
		O3FS: Number of bytes written=3000
		O3FS: Number of read operations=245
		O3FS: Number of large read operations=0
		O3FS: Number of write operations=42
	Map-Reduce Framework
		Map input records=1
		Map output records=0
		Input split bytes=159
		Spilled Records=0
		Failed Shuffles=0
		Merged Map outputs=0
		GC time elapsed (ms)=0
		Total committed heap usage (bytes)=1998585856
	File Input Format Counters 
		Bytes Read=1714
	File Output Format Counters 
		Bytes Written=8
	DistCp Counters
		Bandwidth in Btyes=0
		DIR_COPY=1
2019-11-05 17:31:45,373 [LocalJobRunner Map Task Executor #0] INFO  mapred.LocalJobRunner (LocalJobRunner.java:run(277)) - Finishing task: attempt_local799556176_0004_m_000005_0
2019-11-05 17:31:45,373 [Thread-804] INFO  mapred.LocalJobRunner (LocalJobRunner.java:runTasks(486)) - map task executor complete.
2019-11-05 17:31:45,408 [Thread-804] INFO  mapred.CopyCommitter (CopyCommitter.java:trackMissing(366)) - Tracking file changes to directory file:/workdir/hadoop-ozone/ozonefs/target/test-dir/ITestOzoneContractDistCp/testTrackDeepDirectoryStructureToRemote/local/trackDir
2019-11-05 17:31:45,408 [Thread-804] INFO  mapred.CopyCommitter (CopyCommitter.java:trackMissing(371)) - Source listing file:/workdir/hadoop-ozone/ozonefs/target/test-dir/ITestOzoneContractDistCp/testTrackDeepDirectoryStructureToRemote/local/trackDir/source_sorted.seq
2019-11-05 17:31:45,436 [Thread-804] INFO  mapred.CopyCommitter (CopyCommitter.java:listTargetFiles(560)) - Scanning destination directory o3fs://bucket80282.volume43413/test/ITestOzoneContractDistCp/testTrackDeepDirectoryStructureToRemote/remote/outputDir/inputDir with thread count: 40
17:31:45.447 [IPC Server handler 9 on 37190] ERROR OMAudit - user=jenkins1000 | ip=127.0.0.1 | op=GET_FILE_STATUS {volume=volume43413, bucket=bucket80282, key=NONE, dataSize=0, replicationType=null, replicationFactor=null, keyLocationInfo=null} | ret=FAILURE
org.apache.hadoop.ozone.om.exceptions.OMException: Unable to get file status: volume: volume43413 bucket: bucket80282 key: NONE
	at org.apache.hadoop.ozone.om.KeyManagerImpl.getFileStatus(KeyManagerImpl.java:1784) ~[hadoop-ozone-ozone-manager-0.5.0-SNAPSHOT.jar:?]
	at org.apache.hadoop.ozone.om.OzoneManager.getFileStatus(OzoneManager.java:2762) ~[hadoop-ozone-ozone-manager-0.5.0-SNAPSHOT.jar:?]
	at org.apache.hadoop.ozone.protocolPB.OzoneManagerRequestHandler.getOzoneFileStatus(OzoneManagerRequestHandler.java:1053) ~[hadoop-ozone-ozone-manager-0.5.0-SNAPSHOT.jar:?]
	at org.apache.hadoop.ozone.protocolPB.OzoneManagerRequestHandler.handle(OzoneManagerRequestHandler.java:340) ~[hadoop-ozone-ozone-manager-0.5.0-SNAPSHOT.jar:?]
	at org.apache.hadoop.ozone.protocolPB.OzoneManagerProtocolServerSideTranslatorPB.submitRequestDirectlyToOM(OzoneManagerProtocolServerSideTranslatorPB.java:208) ~[hadoop-ozone-ozone-manager-0.5.0-SNAPSHOT.jar:?]
	at org.apache.hadoop.ozone.protocolPB.OzoneManagerProtocolServerSideTranslatorPB.processRequest(OzoneManagerProtocolServerSideTranslatorPB.java:132) ~[hadoop-ozone-ozone-manager-0.5.0-SNAPSHOT.jar:?]
	at org.apache.hadoop.hdds.server.OzoneProtocolMessageDispatcher.processRequest(OzoneProtocolMessageDispatcher.java:72) [hadoop-hdds-server-framework-0.5.0-SNAPSHOT.jar:?]
	at org.apache.hadoop.ozone.protocolPB.OzoneManagerProtocolServerSideTranslatorPB.submitRequest(OzoneManagerProtocolServerSideTranslatorPB.java:100) [hadoop-ozone-ozone-manager-0.5.0-SNAPSHOT.jar:?]
	at org.apache.hadoop.ozone.protocol.proto.OzoneManagerProtocolProtos$OzoneManagerService$2.callBlockingMethod(OzoneManagerProtocolProtos.java) [hadoop-ozone-common-0.5.0-SNAPSHOT.jar:?]
	at org.apache.hadoop.ipc.ProtobufRpcEngine$Server$ProtoBufRpcInvoker.call(ProtobufRpcEngine.java:524) [hadoop-common-3.2.0.jar:?]
	at org.apache.hadoop.ipc.RPC$Server.call(RPC.java:1025) [hadoop-common-3.2.0.jar:?]
	at org.apache.hadoop.ipc.Server$RpcCall.run(Server.java:876) [hadoop-common-3.2.0.jar:?]
	at org.apache.hadoop.ipc.Server$RpcCall.run(Server.java:822) [hadoop-common-3.2.0.jar:?]
	at java.security.AccessController.doPrivileged(Native Method) [?:1.8.0_222]
	at javax.security.auth.Subject.doAs(Subject.java:422) [?:1.8.0_222]
	at org.apache.hadoop.security.UserGroupInformation.doAs(UserGroupInformation.java:1730) [hadoop-common-3.2.0.jar:?]
	at org.apache.hadoop.ipc.Server$Handler.run(Server.java:2682) [hadoop-common-3.2.0.jar:?]
2019-11-05 17:31:45,705 [Thread-574] INFO  mapreduce.Job (Job.java:monitorAndPrintJob(1640)) - Job job_local799556176_0004 running in uber mode : false
2019-11-05 17:31:45,705 [Thread-574] INFO  mapreduce.Job (Job.java:monitorAndPrintJob(1647)) -  map 100% reduce 0%
2019-11-05 17:31:45,710 [Thread-804] INFO  tools.SimpleCopyListing (SimpleCopyListing.java:printStats(608)) - Paths (files+dirs) cnt = 41; dirCnt = 5
2019-11-05 17:31:45,712 [Thread-804] INFO  tools.SimpleCopyListing (SimpleCopyListing.java:doBuildListing(402)) - Build file listing completed.
2019-11-05 17:31:45,727 [Thread-804] INFO  mapred.CopyCommitter (CopyCommitter.java:cleanup(189)) - Cleaning up temporary work folder: file:/tmp/hadoop/mapred/staging/jenkins10002083466360/.staging/_distcp-1696688386
2019-11-05 17:31:45,759 [Thread-804] INFO  mapred.CopyCommitter (CopyCommitter.java:cleanup(189)) - Cleaning up temporary work folder: file:/tmp/hadoop/mapred/staging/jenkins10002083466360/.staging/_distcp-1696688386
2019-11-05 17:31:45,759 [Thread-804] WARN  mapred.LocalJobRunner (LocalJobRunner.java:run(590)) - job_local799556176_0004
org.apache.hadoop.tools.CopyListing$DuplicateFileException: File o3fs://bucket80282.volume43413/test/ITestOzoneContractDistCp/testTrackDeepDirectoryStructureToRemote/remote/outputDir/inputDir/file1 and o3fs://bucket80282.volume43413/test/ITestOzoneContractDistCp/testTrackDeepDirectoryStructureToRemote/remote/outputDir/inputDir/file1 would cause duplicates. Aborting
	at org.apache.hadoop.tools.CopyListing.validateFinalListing(CopyListing.java:175)
	at org.apache.hadoop.tools.CopyListing.buildListing(CopyListing.java:93)
	at org.apache.hadoop.tools.GlobbedCopyListing.doBuildListing(GlobbedCopyListing.java:89)
	at org.apache.hadoop.tools.CopyListing.buildListing(CopyListing.java:86)
	at org.apache.hadoop.tools.mapred.CopyCommitter.listTargetFiles(CopyCommitter.java:570)
	at org.apache.hadoop.tools.mapred.CopyCommitter.trackMissing(CopyCommitter.java:380)
	at org.apache.hadoop.tools.mapred.CopyCommitter.commitJob(CopyCommitter.java:126)
	at org.apache.hadoop.mapred.LocalJobRunner$Job.run(LocalJobRunner.java:567)
2019-11-05 17:31:46,706 [Thread-574] INFO  mapreduce.Job (Job.java:monitorAndPrintJob(1660)) - Job job_local799556176_0004 failed with state FAILED due to: NA
2019-11-05 17:31:46,708 [Thread-574] INFO  mapreduce.Job (Job.java:monitorAndPrintJob(1665)) - Counters: 27
	File System Counters
		FILE: Number of bytes read=5737735
		FILE: Number of bytes written=19844442
		FILE: Number of read operations=0
		FILE: Number of large read operations=0
		FILE: Number of write operations=0
		O3FS: Number of bytes read=0
		O3FS: Number of bytes written=18000
		O3FS: Number of read operations=1432
		O3FS: Number of large read operations=0
		O3FS: Number of write operations=249
	Map-Reduce Framework
		Map input records=6
		Map output records=1
		Input split bytes=954
		Spilled Records=0
		Failed Shuffles=0
		Merged Map outputs=0
		GC time elapsed (ms)=0
		Total committed heap usage (bytes)=11991515136
	File Input Format Counters 
		Bytes Read=10284
	File Output Format Counters 
		Bytes Written=203
	DistCp Counters
		Bandwidth in Btyes=0
		Bytes Copied=0
		Bytes Expected=0
		Bytes Skipped=200
		Files Copied=1
		DIR_COPY=4
		Files Skipped=1
]]></system-out>
  </testcase>
  <testcase name="largeFilesToRemote" classname="org.apache.hadoop.fs.ozone.contract.ITestOzoneContractDistCp" time="6.658"/>
  <testcase name="testLargeFilesFromRemote" classname="org.apache.hadoop.fs.ozone.contract.ITestOzoneContractDistCp" time="3.004"/>
  <testcase name="testUpdateDeepDirectoryStructureToRemote" classname="org.apache.hadoop.fs.ozone.contract.ITestOzoneContractDistCp" time="6.34">
    <error message="DistCp failure: Job job_local1806991505_0008 has failed: NA" type="java.io.IOException">java.io.IOException: DistCp failure: Job job_local1806991505_0008 has failed: NA
	at org.apache.hadoop.tools.DistCp.waitForJobCompletion(DistCp.java:230)
	at org.apache.hadoop.tools.DistCp.execute(DistCp.java:185)
	at org.apache.hadoop.tools.contract.AbstractContractDistCpTest.runDistCp(AbstractContractDistCpTest.java:560)
	at org.apache.hadoop.tools.contract.AbstractContractDistCpTest.distCpUpdate(AbstractContractDistCpTest.java:316)
	at org.apache.hadoop.tools.contract.AbstractContractDistCpTest.distCpUpdateDeepDirectoryStructure(AbstractContractDistCpTest.java:287)
	at org.apache.hadoop.tools.contract.AbstractContractDistCpTest.testUpdateDeepDirectoryStructureToRemote(AbstractContractDistCpTest.java:224)
	at sun.reflect.NativeMethodAccessorImpl.invoke0(Native Method)
	at sun.reflect.NativeMethodAccessorImpl.invoke(NativeMethodAccessorImpl.java:62)
	at sun.reflect.DelegatingMethodAccessorImpl.invoke(DelegatingMethodAccessorImpl.java:43)
	at java.lang.reflect.Method.invoke(Method.java:498)
	at org.junit.runners.model.FrameworkMethod$1.runReflectiveCall(FrameworkMethod.java:47)
	at org.junit.internal.runners.model.ReflectiveCallable.run(ReflectiveCallable.java:12)
	at org.junit.runners.model.FrameworkMethod.invokeExplosively(FrameworkMethod.java:44)
	at org.junit.internal.runners.statements.InvokeMethod.evaluate(InvokeMethod.java:17)
	at org.junit.internal.runners.statements.RunBefores.evaluate(RunBefores.java:26)
	at org.junit.internal.runners.statements.RunAfters.evaluate(RunAfters.java:27)
	at org.junit.rules.TestWatcher$1.evaluate(TestWatcher.java:55)
	at org.junit.rules.TestWatcher$1.evaluate(TestWatcher.java:55)
	at org.junit.internal.runners.statements.FailOnTimeout$StatementThread.run(FailOnTimeout.java:74)
</error>
    <system-out><![CDATA[2019-11-05 17:31:56,555 [Thread-1046] INFO  Configuration.deprecation (Configuration.java:logDeprecation(1394)) - mapred.job.tracker is deprecated. Instead, use mapreduce.jobtracker.address
2019-11-05 17:31:56,643 [Thread-1046] INFO  rpc.RpcClient (RpcClient.java:createVolume(291)) - Creating Volume: volume45730, with user93628 as owner.
2019-11-05 17:31:56,645 [IPC Server handler 19 on 37190] INFO  volume.OMVolumeCreateRequest (OMVolumeCreateRequest.java:validateAndUpdateCache(193)) - created volume:volume45730 for user:user93628
2019-11-05 17:31:56,660 [Thread-1046] INFO  rpc.RpcClient (RpcClient.java:createBucket(430)) - Creating Bucket: volume45730/bucket04445, with Versioning false and Storage Type set to DISK and Encryption set to false 
2019-11-05 17:31:56,847 [Thread-1046] INFO  contract.AbstractFSContractTestBase (AbstractFSContractTestBase.java:setup(184)) - Test filesystem = o3fs://bucket04445.volume45730 implemented by OzoneFileSystem{URI=o3fs://bucket04445.volume45730, workingDir=o3fs://bucket04445.volume45730/user/jenkins1000, userName=jenkins1000, statistics=0 bytes read, 18877368 bytes written, 328 read ops, 0 large read ops, 65 write ops}
17:31:57.073 [IPC Server handler 6 on 37190] ERROR OMAudit - user=jenkins1000 | ip=127.0.0.1 | op=GET_FILE_STATUS {volume=volume45730, bucket=bucket04445, key=test/ITestOzoneContractDistCp/testUpdateDeepDirectoryStructureToRemote, dataSize=0, replicationType=null, replicationFactor=null, keyLocationInfo=null} | ret=FAILURE
org.apache.hadoop.ozone.om.exceptions.OMException: Unable to get file status: volume: volume45730 bucket: bucket04445 key: test/ITestOzoneContractDistCp/testUpdateDeepDirectoryStructureToRemote
	at org.apache.hadoop.ozone.om.KeyManagerImpl.getFileStatus(KeyManagerImpl.java:1784) ~[hadoop-ozone-ozone-manager-0.5.0-SNAPSHOT.jar:?]
	at org.apache.hadoop.ozone.om.OzoneManager.getFileStatus(OzoneManager.java:2762) ~[hadoop-ozone-ozone-manager-0.5.0-SNAPSHOT.jar:?]
	at org.apache.hadoop.ozone.protocolPB.OzoneManagerRequestHandler.getOzoneFileStatus(OzoneManagerRequestHandler.java:1053) ~[hadoop-ozone-ozone-manager-0.5.0-SNAPSHOT.jar:?]
	at org.apache.hadoop.ozone.protocolPB.OzoneManagerRequestHandler.handle(OzoneManagerRequestHandler.java:340) ~[hadoop-ozone-ozone-manager-0.5.0-SNAPSHOT.jar:?]
	at org.apache.hadoop.ozone.protocolPB.OzoneManagerProtocolServerSideTranslatorPB.submitRequestDirectlyToOM(OzoneManagerProtocolServerSideTranslatorPB.java:208) ~[hadoop-ozone-ozone-manager-0.5.0-SNAPSHOT.jar:?]
	at org.apache.hadoop.ozone.protocolPB.OzoneManagerProtocolServerSideTranslatorPB.processRequest(OzoneManagerProtocolServerSideTranslatorPB.java:132) ~[hadoop-ozone-ozone-manager-0.5.0-SNAPSHOT.jar:?]
	at org.apache.hadoop.hdds.server.OzoneProtocolMessageDispatcher.processRequest(OzoneProtocolMessageDispatcher.java:72) [hadoop-hdds-server-framework-0.5.0-SNAPSHOT.jar:?]
	at org.apache.hadoop.ozone.protocolPB.OzoneManagerProtocolServerSideTranslatorPB.submitRequest(OzoneManagerProtocolServerSideTranslatorPB.java:100) [hadoop-ozone-ozone-manager-0.5.0-SNAPSHOT.jar:?]
	at org.apache.hadoop.ozone.protocol.proto.OzoneManagerProtocolProtos$OzoneManagerService$2.callBlockingMethod(OzoneManagerProtocolProtos.java) [hadoop-ozone-common-0.5.0-SNAPSHOT.jar:?]
	at org.apache.hadoop.ipc.ProtobufRpcEngine$Server$ProtoBufRpcInvoker.call(ProtobufRpcEngine.java:524) [hadoop-common-3.2.0.jar:?]
	at org.apache.hadoop.ipc.RPC$Server.call(RPC.java:1025) [hadoop-common-3.2.0.jar:?]
	at org.apache.hadoop.ipc.Server$RpcCall.run(Server.java:876) [hadoop-common-3.2.0.jar:?]
	at org.apache.hadoop.ipc.Server$RpcCall.run(Server.java:822) [hadoop-common-3.2.0.jar:?]
	at java.security.AccessController.doPrivileged(Native Method) [?:1.8.0_222]
	at javax.security.auth.Subject.doAs(Subject.java:422) [?:1.8.0_222]
	at org.apache.hadoop.security.UserGroupInformation.doAs(UserGroupInformation.java:1730) [hadoop-common-3.2.0.jar:?]
	at org.apache.hadoop.ipc.Server$Handler.run(Server.java:2682) [hadoop-common-3.2.0.jar:?]
2019-11-05 17:31:57,088 [Thread-1046] INFO  contract.AbstractFSContractTestBase (AbstractFSContractTestBase.java:describe(255)) - update a deep directory structure from local to remote
2019-11-05 17:31:57,446 [Thread-1046] INFO  impl.MetricsSystemImpl (MetricsSystemImpl.java:init(158)) - JobTracker metrics system started (again)
2019-11-05 17:31:57,458 [Thread-1046] INFO  impl.MetricsSystemImpl (MetricsSystemImpl.java:init(158)) - JobTracker metrics system started (again)
17:31:57.533 [IPC Server handler 14 on 37190] ERROR OMAudit - user=jenkins1000 | ip=127.0.0.1 | op=GET_FILE_STATUS {volume=volume45730, bucket=bucket04445, key=test/ITestOzoneContractDistCp/testUpdateDeepDirectoryStructureToRemote/remote/outputDir, dataSize=0, replicationType=null, replicationFactor=null, keyLocationInfo=null} | ret=FAILURE
org.apache.hadoop.ozone.om.exceptions.OMException: Unable to get file status: volume: volume45730 bucket: bucket04445 key: test/ITestOzoneContractDistCp/testUpdateDeepDirectoryStructureToRemote/remote/outputDir
	at org.apache.hadoop.ozone.om.KeyManagerImpl.getFileStatus(KeyManagerImpl.java:1784) ~[hadoop-ozone-ozone-manager-0.5.0-SNAPSHOT.jar:?]
	at org.apache.hadoop.ozone.om.OzoneManager.getFileStatus(OzoneManager.java:2762) ~[hadoop-ozone-ozone-manager-0.5.0-SNAPSHOT.jar:?]
	at org.apache.hadoop.ozone.protocolPB.OzoneManagerRequestHandler.getOzoneFileStatus(OzoneManagerRequestHandler.java:1053) ~[hadoop-ozone-ozone-manager-0.5.0-SNAPSHOT.jar:?]
	at org.apache.hadoop.ozone.protocolPB.OzoneManagerRequestHandler.handle(OzoneManagerRequestHandler.java:340) ~[hadoop-ozone-ozone-manager-0.5.0-SNAPSHOT.jar:?]
	at org.apache.hadoop.ozone.protocolPB.OzoneManagerProtocolServerSideTranslatorPB.submitRequestDirectlyToOM(OzoneManagerProtocolServerSideTranslatorPB.java:208) ~[hadoop-ozone-ozone-manager-0.5.0-SNAPSHOT.jar:?]
	at org.apache.hadoop.ozone.protocolPB.OzoneManagerProtocolServerSideTranslatorPB.processRequest(OzoneManagerProtocolServerSideTranslatorPB.java:132) ~[hadoop-ozone-ozone-manager-0.5.0-SNAPSHOT.jar:?]
	at org.apache.hadoop.hdds.server.OzoneProtocolMessageDispatcher.processRequest(OzoneProtocolMessageDispatcher.java:72) [hadoop-hdds-server-framework-0.5.0-SNAPSHOT.jar:?]
	at org.apache.hadoop.ozone.protocolPB.OzoneManagerProtocolServerSideTranslatorPB.submitRequest(OzoneManagerProtocolServerSideTranslatorPB.java:100) [hadoop-ozone-ozone-manager-0.5.0-SNAPSHOT.jar:?]
	at org.apache.hadoop.ozone.protocol.proto.OzoneManagerProtocolProtos$OzoneManagerService$2.callBlockingMethod(OzoneManagerProtocolProtos.java) [hadoop-ozone-common-0.5.0-SNAPSHOT.jar:?]
	at org.apache.hadoop.ipc.ProtobufRpcEngine$Server$ProtoBufRpcInvoker.call(ProtobufRpcEngine.java:524) [hadoop-common-3.2.0.jar:?]
	at org.apache.hadoop.ipc.RPC$Server.call(RPC.java:1025) [hadoop-common-3.2.0.jar:?]
	at org.apache.hadoop.ipc.Server$RpcCall.run(Server.java:876) [hadoop-common-3.2.0.jar:?]
	at org.apache.hadoop.ipc.Server$RpcCall.run(Server.java:822) [hadoop-common-3.2.0.jar:?]
	at java.security.AccessController.doPrivileged(Native Method) [?:1.8.0_222]
	at javax.security.auth.Subject.doAs(Subject.java:422) [?:1.8.0_222]
	at org.apache.hadoop.security.UserGroupInformation.doAs(UserGroupInformation.java:1730) [hadoop-common-3.2.0.jar:?]
	at org.apache.hadoop.ipc.Server$Handler.run(Server.java:2682) [hadoop-common-3.2.0.jar:?]
2019-11-05 17:31:57,820 [Thread-1046] INFO  tools.SimpleCopyListing (SimpleCopyListing.java:printStats(608)) - Paths (files+dirs) cnt = 11; dirCnt = 6
2019-11-05 17:31:57,820 [Thread-1046] INFO  tools.SimpleCopyListing (SimpleCopyListing.java:doBuildListing(402)) - Build file listing completed.
2019-11-05 17:31:57,857 [Thread-1046] INFO  tools.DistCp (CopyListing.java:buildListing(94)) - Number of paths in the copy list: 11
2019-11-05 17:31:57,880 [Thread-1046] INFO  tools.DistCp (CopyListing.java:buildListing(94)) - Number of paths in the copy list: 11
2019-11-05 17:31:57,882 [Thread-1046] INFO  impl.MetricsSystemImpl (MetricsSystemImpl.java:init(158)) - JobTracker metrics system started (again)
2019-11-05 17:31:57,902 [Thread-1046] WARN  mapreduce.JobResourceUploader (JobResourceUploader.java:uploadResourcesInternal(147)) - Hadoop command-line option parsing not performed. Implement the Tool interface and execute your application with ToolRunner to remedy this.
2019-11-05 17:31:58,067 [Thread-1046] INFO  mapreduce.JobSubmitter (JobSubmitter.java:submitJobInternal(202)) - number of splits:7
2019-11-05 17:31:58,128 [Thread-1046] INFO  mapreduce.JobSubmitter (JobSubmitter.java:printTokens(298)) - Submitting tokens for job: job_local794810687_0007
2019-11-05 17:31:58,128 [Thread-1046] INFO  mapreduce.JobSubmitter (JobSubmitter.java:printTokens(299)) - Executing with tokens: []
2019-11-05 17:31:58,306 [Thread-1046] INFO  mapreduce.Job (Job.java:submit(1574)) - The url to track the job: http://localhost:8080/
2019-11-05 17:31:58,306 [Thread-1046] INFO  tools.DistCp (DistCp.java:createAndSubmitJob(217)) - DistCp job-id: job_local794810687_0007
2019-11-05 17:31:58,306 [Thread-1046] INFO  mapreduce.Job (Job.java:monitorAndPrintJob(1619)) - Running job: job_local794810687_0007
2019-11-05 17:31:58,318 [Thread-1111] INFO  mapred.LocalJobRunner (LocalJobRunner.java:createOutputCommitter(501)) - OutputCommitter set in config null
2019-11-05 17:31:58,319 [Thread-1111] INFO  output.FileOutputCommitter (FileOutputCommitter.java:<init>(140)) - File Output Committer Algorithm version is 2
2019-11-05 17:31:58,319 [Thread-1111] INFO  output.FileOutputCommitter (FileOutputCommitter.java:<init>(155)) - FileOutputCommitter skip cleanup _temporary folders under output directory:false, ignore cleanup failures: false
2019-11-05 17:31:58,319 [Thread-1111] INFO  mapred.LocalJobRunner (LocalJobRunner.java:createOutputCommitter(519)) - OutputCommitter is org.apache.hadoop.tools.mapred.CopyCommitter
2019-11-05 17:31:58,402 [Thread-1111] INFO  mapred.LocalJobRunner (LocalJobRunner.java:runTasks(478)) - Waiting for map tasks
2019-11-05 17:31:58,409 [LocalJobRunner Map Task Executor #0] INFO  mapred.LocalJobRunner (LocalJobRunner.java:run(252)) - Starting task: attempt_local794810687_0007_m_000000_0
2019-11-05 17:31:58,411 [LocalJobRunner Map Task Executor #0] INFO  output.FileOutputCommitter (FileOutputCommitter.java:<init>(140)) - File Output Committer Algorithm version is 2
2019-11-05 17:31:58,411 [LocalJobRunner Map Task Executor #0] INFO  output.FileOutputCommitter (FileOutputCommitter.java:<init>(155)) - FileOutputCommitter skip cleanup _temporary folders under output directory:false, ignore cleanup failures: false
2019-11-05 17:31:58,412 [LocalJobRunner Map Task Executor #0] INFO  mapred.Task (Task.java:initialize(626)) -  Using ResourceCalculatorProcessTree : [ ]
2019-11-05 17:31:58,420 [LocalJobRunner Map Task Executor #0] INFO  mapred.MapTask (MapTask.java:runNewMapper(768)) - Processing split: file:/tmp/hadoop/mapred/staging/jenkins10001772345032/.staging/_distcp877002930/fileList.seq:592+1417
2019-11-05 17:31:58,423 [LocalJobRunner Map Task Executor #0] INFO  output.FileOutputCommitter (FileOutputCommitter.java:<init>(140)) - File Output Committer Algorithm version is 2
2019-11-05 17:31:58,423 [LocalJobRunner Map Task Executor #0] INFO  output.FileOutputCommitter (FileOutputCommitter.java:<init>(155)) - FileOutputCommitter skip cleanup _temporary folders under output directory:false, ignore cleanup failures: false
17:31:58.525 [IPC Server handler 15 on 37190] ERROR OMAudit - user=jenkins1000 | ip=127.0.0.1 | op=GET_FILE_STATUS {volume=volume45730, bucket=bucket04445, key=test/ITestOzoneContractDistCp/testUpdateDeepDirectoryStructureToRemote/remote/outputDir, dataSize=0, replicationType=null, replicationFactor=null, keyLocationInfo=null} | ret=FAILURE
org.apache.hadoop.ozone.om.exceptions.OMException: Unable to get file status: volume: volume45730 bucket: bucket04445 key: test/ITestOzoneContractDistCp/testUpdateDeepDirectoryStructureToRemote/remote/outputDir
	at org.apache.hadoop.ozone.om.KeyManagerImpl.getFileStatus(KeyManagerImpl.java:1784) ~[hadoop-ozone-ozone-manager-0.5.0-SNAPSHOT.jar:?]
	at org.apache.hadoop.ozone.om.OzoneManager.getFileStatus(OzoneManager.java:2762) ~[hadoop-ozone-ozone-manager-0.5.0-SNAPSHOT.jar:?]
	at org.apache.hadoop.ozone.protocolPB.OzoneManagerRequestHandler.getOzoneFileStatus(OzoneManagerRequestHandler.java:1053) ~[hadoop-ozone-ozone-manager-0.5.0-SNAPSHOT.jar:?]
	at org.apache.hadoop.ozone.protocolPB.OzoneManagerRequestHandler.handle(OzoneManagerRequestHandler.java:340) ~[hadoop-ozone-ozone-manager-0.5.0-SNAPSHOT.jar:?]
	at org.apache.hadoop.ozone.protocolPB.OzoneManagerProtocolServerSideTranslatorPB.submitRequestDirectlyToOM(OzoneManagerProtocolServerSideTranslatorPB.java:208) ~[hadoop-ozone-ozone-manager-0.5.0-SNAPSHOT.jar:?]
	at org.apache.hadoop.ozone.protocolPB.OzoneManagerProtocolServerSideTranslatorPB.processRequest(OzoneManagerProtocolServerSideTranslatorPB.java:132) ~[hadoop-ozone-ozone-manager-0.5.0-SNAPSHOT.jar:?]
	at org.apache.hadoop.hdds.server.OzoneProtocolMessageDispatcher.processRequest(OzoneProtocolMessageDispatcher.java:72) [hadoop-hdds-server-framework-0.5.0-SNAPSHOT.jar:?]
	at org.apache.hadoop.ozone.protocolPB.OzoneManagerProtocolServerSideTranslatorPB.submitRequest(OzoneManagerProtocolServerSideTranslatorPB.java:100) [hadoop-ozone-ozone-manager-0.5.0-SNAPSHOT.jar:?]
	at org.apache.hadoop.ozone.protocol.proto.OzoneManagerProtocolProtos$OzoneManagerService$2.callBlockingMethod(OzoneManagerProtocolProtos.java) [hadoop-ozone-common-0.5.0-SNAPSHOT.jar:?]
	at org.apache.hadoop.ipc.ProtobufRpcEngine$Server$ProtoBufRpcInvoker.call(ProtobufRpcEngine.java:524) [hadoop-common-3.2.0.jar:?]
	at org.apache.hadoop.ipc.RPC$Server.call(RPC.java:1025) [hadoop-common-3.2.0.jar:?]
	at org.apache.hadoop.ipc.Server$RpcCall.run(Server.java:876) [hadoop-common-3.2.0.jar:?]
	at org.apache.hadoop.ipc.Server$RpcCall.run(Server.java:822) [hadoop-common-3.2.0.jar:?]
	at java.security.AccessController.doPrivileged(Native Method) [?:1.8.0_222]
	at javax.security.auth.Subject.doAs(Subject.java:422) [?:1.8.0_222]
	at org.apache.hadoop.security.UserGroupInformation.doAs(UserGroupInformation.java:1730) [hadoop-common-3.2.0.jar:?]
	at org.apache.hadoop.ipc.Server$Handler.run(Server.java:2682) [hadoop-common-3.2.0.jar:?]
2019-11-05 17:31:58,534 [LocalJobRunner Map Task Executor #0] INFO  mapred.CopyMapper (CopyMapper.java:map(154)) - Copying file:/workdir/hadoop-ozone/ozonefs/target/test-dir/ITestOzoneContractDistCp/testUpdateDeepDirectoryStructureToRemote/local/inputDir/subDir2/subDir2/file3 to o3fs://bucket04445.volume45730/test/ITestOzoneContractDistCp/testUpdateDeepDirectoryStructureToRemote/remote/outputDir/inputDir/subDir2/subDir2/file3
17:31:58.551 [IPC Server handler 14 on 37190] ERROR OMAudit - user=jenkins1000 | ip=127.0.0.1 | op=GET_FILE_STATUS {volume=volume45730, bucket=bucket04445, key=test/ITestOzoneContractDistCp/testUpdateDeepDirectoryStructureToRemote/remote/outputDir/inputDir/subDir2/subDir2/file3, dataSize=0, replicationType=null, replicationFactor=null, keyLocationInfo=null} | ret=FAILURE
org.apache.hadoop.ozone.om.exceptions.OMException: Unable to get file status: volume: volume45730 bucket: bucket04445 key: test/ITestOzoneContractDistCp/testUpdateDeepDirectoryStructureToRemote/remote/outputDir/inputDir/subDir2/subDir2/file3
	at org.apache.hadoop.ozone.om.KeyManagerImpl.getFileStatus(KeyManagerImpl.java:1784) ~[hadoop-ozone-ozone-manager-0.5.0-SNAPSHOT.jar:?]
	at org.apache.hadoop.ozone.om.OzoneManager.getFileStatus(OzoneManager.java:2762) ~[hadoop-ozone-ozone-manager-0.5.0-SNAPSHOT.jar:?]
	at org.apache.hadoop.ozone.protocolPB.OzoneManagerRequestHandler.getOzoneFileStatus(OzoneManagerRequestHandler.java:1053) ~[hadoop-ozone-ozone-manager-0.5.0-SNAPSHOT.jar:?]
	at org.apache.hadoop.ozone.protocolPB.OzoneManagerRequestHandler.handle(OzoneManagerRequestHandler.java:340) ~[hadoop-ozone-ozone-manager-0.5.0-SNAPSHOT.jar:?]
	at org.apache.hadoop.ozone.protocolPB.OzoneManagerProtocolServerSideTranslatorPB.submitRequestDirectlyToOM(OzoneManagerProtocolServerSideTranslatorPB.java:208) ~[hadoop-ozone-ozone-manager-0.5.0-SNAPSHOT.jar:?]
	at org.apache.hadoop.ozone.protocolPB.OzoneManagerProtocolServerSideTranslatorPB.processRequest(OzoneManagerProtocolServerSideTranslatorPB.java:132) ~[hadoop-ozone-ozone-manager-0.5.0-SNAPSHOT.jar:?]
	at org.apache.hadoop.hdds.server.OzoneProtocolMessageDispatcher.processRequest(OzoneProtocolMessageDispatcher.java:72) [hadoop-hdds-server-framework-0.5.0-SNAPSHOT.jar:?]
	at org.apache.hadoop.ozone.protocolPB.OzoneManagerProtocolServerSideTranslatorPB.submitRequest(OzoneManagerProtocolServerSideTranslatorPB.java:100) [hadoop-ozone-ozone-manager-0.5.0-SNAPSHOT.jar:?]
	at org.apache.hadoop.ozone.protocol.proto.OzoneManagerProtocolProtos$OzoneManagerService$2.callBlockingMethod(OzoneManagerProtocolProtos.java) [hadoop-ozone-common-0.5.0-SNAPSHOT.jar:?]
	at org.apache.hadoop.ipc.ProtobufRpcEngine$Server$ProtoBufRpcInvoker.call(ProtobufRpcEngine.java:524) [hadoop-common-3.2.0.jar:?]
	at org.apache.hadoop.ipc.RPC$Server.call(RPC.java:1025) [hadoop-common-3.2.0.jar:?]
	at org.apache.hadoop.ipc.Server$RpcCall.run(Server.java:876) [hadoop-common-3.2.0.jar:?]
	at org.apache.hadoop.ipc.Server$RpcCall.run(Server.java:822) [hadoop-common-3.2.0.jar:?]
	at java.security.AccessController.doPrivileged(Native Method) [?:1.8.0_222]
	at javax.security.auth.Subject.doAs(Subject.java:422) [?:1.8.0_222]
	at org.apache.hadoop.security.UserGroupInformation.doAs(UserGroupInformation.java:1730) [hadoop-common-3.2.0.jar:?]
	at org.apache.hadoop.ipc.Server$Handler.run(Server.java:2682) [hadoop-common-3.2.0.jar:?]
2019-11-05 17:31:58,552 [LocalJobRunner Map Task Executor #0] INFO  mapred.RetriableFileCopyCommand (RetriableFileCopyCommand.java:getTmpFile(260)) - Creating temp file: o3fs://bucket04445.volume45730/test/ITestOzoneContractDistCp/testUpdateDeepDirectoryStructureToRemote/remote/outputDir/.distcp.tmp.attempt_local794810687_0007_m_000000_0
17:31:58.732 [IPC Server handler 17 on 37190] ERROR OMAudit - user=jenkins1000 | ip=127.0.0.1 | op=GET_FILE_STATUS {volume=volume45730, bucket=bucket04445, key=test/ITestOzoneContractDistCp/testUpdateDeepDirectoryStructureToRemote/remote/outputDir/inputDir/subDir2/subDir2/file3, dataSize=0, replicationType=null, replicationFactor=null, keyLocationInfo=null} | ret=FAILURE
org.apache.hadoop.ozone.om.exceptions.OMException: Unable to get file status: volume: volume45730 bucket: bucket04445 key: test/ITestOzoneContractDistCp/testUpdateDeepDirectoryStructureToRemote/remote/outputDir/inputDir/subDir2/subDir2/file3
	at org.apache.hadoop.ozone.om.KeyManagerImpl.getFileStatus(KeyManagerImpl.java:1784) ~[hadoop-ozone-ozone-manager-0.5.0-SNAPSHOT.jar:?]
	at org.apache.hadoop.ozone.om.OzoneManager.getFileStatus(OzoneManager.java:2762) ~[hadoop-ozone-ozone-manager-0.5.0-SNAPSHOT.jar:?]
	at org.apache.hadoop.ozone.protocolPB.OzoneManagerRequestHandler.getOzoneFileStatus(OzoneManagerRequestHandler.java:1053) ~[hadoop-ozone-ozone-manager-0.5.0-SNAPSHOT.jar:?]
	at org.apache.hadoop.ozone.protocolPB.OzoneManagerRequestHandler.handle(OzoneManagerRequestHandler.java:340) ~[hadoop-ozone-ozone-manager-0.5.0-SNAPSHOT.jar:?]
	at org.apache.hadoop.ozone.protocolPB.OzoneManagerProtocolServerSideTranslatorPB.submitRequestDirectlyToOM(OzoneManagerProtocolServerSideTranslatorPB.java:208) ~[hadoop-ozone-ozone-manager-0.5.0-SNAPSHOT.jar:?]
	at org.apache.hadoop.ozone.protocolPB.OzoneManagerProtocolServerSideTranslatorPB.processRequest(OzoneManagerProtocolServerSideTranslatorPB.java:132) ~[hadoop-ozone-ozone-manager-0.5.0-SNAPSHOT.jar:?]
	at org.apache.hadoop.hdds.server.OzoneProtocolMessageDispatcher.processRequest(OzoneProtocolMessageDispatcher.java:72) [hadoop-hdds-server-framework-0.5.0-SNAPSHOT.jar:?]
	at org.apache.hadoop.ozone.protocolPB.OzoneManagerProtocolServerSideTranslatorPB.submitRequest(OzoneManagerProtocolServerSideTranslatorPB.java:100) [hadoop-ozone-ozone-manager-0.5.0-SNAPSHOT.jar:?]
	at org.apache.hadoop.ozone.protocol.proto.OzoneManagerProtocolProtos$OzoneManagerService$2.callBlockingMethod(OzoneManagerProtocolProtos.java) [hadoop-ozone-common-0.5.0-SNAPSHOT.jar:?]
	at org.apache.hadoop.ipc.ProtobufRpcEngine$Server$ProtoBufRpcInvoker.call(ProtobufRpcEngine.java:524) [hadoop-common-3.2.0.jar:?]
	at org.apache.hadoop.ipc.RPC$Server.call(RPC.java:1025) [hadoop-common-3.2.0.jar:?]
	at org.apache.hadoop.ipc.Server$RpcCall.run(Server.java:876) [hadoop-common-3.2.0.jar:?]
	at org.apache.hadoop.ipc.Server$RpcCall.run(Server.java:822) [hadoop-common-3.2.0.jar:?]
	at java.security.AccessController.doPrivileged(Native Method) [?:1.8.0_222]
	at javax.security.auth.Subject.doAs(Subject.java:422) [?:1.8.0_222]
	at org.apache.hadoop.security.UserGroupInformation.doAs(UserGroupInformation.java:1730) [hadoop-common-3.2.0.jar:?]
	at org.apache.hadoop.ipc.Server$Handler.run(Server.java:2682) [hadoop-common-3.2.0.jar:?]
17:31:58.735 [IPC Server handler 9 on 37190] ERROR OMAudit - user=jenkins1000 | ip=127.0.0.1 | op=GET_FILE_STATUS {volume=volume45730, bucket=bucket04445, key=test/ITestOzoneContractDistCp/testUpdateDeepDirectoryStructureToRemote/remote/outputDir/inputDir/subDir2/subDir2, dataSize=0, replicationType=null, replicationFactor=null, keyLocationInfo=null} | ret=FAILURE
org.apache.hadoop.ozone.om.exceptions.OMException: Unable to get file status: volume: volume45730 bucket: bucket04445 key: test/ITestOzoneContractDistCp/testUpdateDeepDirectoryStructureToRemote/remote/outputDir/inputDir/subDir2/subDir2
	at org.apache.hadoop.ozone.om.KeyManagerImpl.getFileStatus(KeyManagerImpl.java:1784) ~[hadoop-ozone-ozone-manager-0.5.0-SNAPSHOT.jar:?]
	at org.apache.hadoop.ozone.om.OzoneManager.getFileStatus(OzoneManager.java:2762) ~[hadoop-ozone-ozone-manager-0.5.0-SNAPSHOT.jar:?]
	at org.apache.hadoop.ozone.protocolPB.OzoneManagerRequestHandler.getOzoneFileStatus(OzoneManagerRequestHandler.java:1053) ~[hadoop-ozone-ozone-manager-0.5.0-SNAPSHOT.jar:?]
	at org.apache.hadoop.ozone.protocolPB.OzoneManagerRequestHandler.handle(OzoneManagerRequestHandler.java:340) ~[hadoop-ozone-ozone-manager-0.5.0-SNAPSHOT.jar:?]
	at org.apache.hadoop.ozone.protocolPB.OzoneManagerProtocolServerSideTranslatorPB.submitRequestDirectlyToOM(OzoneManagerProtocolServerSideTranslatorPB.java:208) ~[hadoop-ozone-ozone-manager-0.5.0-SNAPSHOT.jar:?]
	at org.apache.hadoop.ozone.protocolPB.OzoneManagerProtocolServerSideTranslatorPB.processRequest(OzoneManagerProtocolServerSideTranslatorPB.java:132) ~[hadoop-ozone-ozone-manager-0.5.0-SNAPSHOT.jar:?]
	at org.apache.hadoop.hdds.server.OzoneProtocolMessageDispatcher.processRequest(OzoneProtocolMessageDispatcher.java:72) [hadoop-hdds-server-framework-0.5.0-SNAPSHOT.jar:?]
	at org.apache.hadoop.ozone.protocolPB.OzoneManagerProtocolServerSideTranslatorPB.submitRequest(OzoneManagerProtocolServerSideTranslatorPB.java:100) [hadoop-ozone-ozone-manager-0.5.0-SNAPSHOT.jar:?]
	at org.apache.hadoop.ozone.protocol.proto.OzoneManagerProtocolProtos$OzoneManagerService$2.callBlockingMethod(OzoneManagerProtocolProtos.java) [hadoop-ozone-common-0.5.0-SNAPSHOT.jar:?]
	at org.apache.hadoop.ipc.ProtobufRpcEngine$Server$ProtoBufRpcInvoker.call(ProtobufRpcEngine.java:524) [hadoop-common-3.2.0.jar:?]
	at org.apache.hadoop.ipc.RPC$Server.call(RPC.java:1025) [hadoop-common-3.2.0.jar:?]
	at org.apache.hadoop.ipc.Server$RpcCall.run(Server.java:876) [hadoop-common-3.2.0.jar:?]
	at org.apache.hadoop.ipc.Server$RpcCall.run(Server.java:822) [hadoop-common-3.2.0.jar:?]
	at java.security.AccessController.doPrivileged(Native Method) [?:1.8.0_222]
	at javax.security.auth.Subject.doAs(Subject.java:422) [?:1.8.0_222]
	at org.apache.hadoop.security.UserGroupInformation.doAs(UserGroupInformation.java:1730) [hadoop-common-3.2.0.jar:?]
	at org.apache.hadoop.ipc.Server$Handler.run(Server.java:2682) [hadoop-common-3.2.0.jar:?]
17:31:58.754 [IPC Server handler 1 on 37190] ERROR OMAudit - user=jenkins1000 | ip=127.0.0.1 | op=GET_FILE_STATUS {volume=volume45730, bucket=bucket04445, key=test/ITestOzoneContractDistCp/testUpdateDeepDirectoryStructureToRemote/remote/outputDir/inputDir/subDir2/subDir2/file3, dataSize=0, replicationType=null, replicationFactor=null, keyLocationInfo=null} | ret=FAILURE
org.apache.hadoop.ozone.om.exceptions.OMException: Unable to get file status: volume: volume45730 bucket: bucket04445 key: test/ITestOzoneContractDistCp/testUpdateDeepDirectoryStructureToRemote/remote/outputDir/inputDir/subDir2/subDir2/file3
	at org.apache.hadoop.ozone.om.KeyManagerImpl.getFileStatus(KeyManagerImpl.java:1784) ~[hadoop-ozone-ozone-manager-0.5.0-SNAPSHOT.jar:?]
	at org.apache.hadoop.ozone.om.OzoneManager.getFileStatus(OzoneManager.java:2762) ~[hadoop-ozone-ozone-manager-0.5.0-SNAPSHOT.jar:?]
	at org.apache.hadoop.ozone.protocolPB.OzoneManagerRequestHandler.getOzoneFileStatus(OzoneManagerRequestHandler.java:1053) ~[hadoop-ozone-ozone-manager-0.5.0-SNAPSHOT.jar:?]
	at org.apache.hadoop.ozone.protocolPB.OzoneManagerRequestHandler.handle(OzoneManagerRequestHandler.java:340) ~[hadoop-ozone-ozone-manager-0.5.0-SNAPSHOT.jar:?]
	at org.apache.hadoop.ozone.protocolPB.OzoneManagerProtocolServerSideTranslatorPB.submitRequestDirectlyToOM(OzoneManagerProtocolServerSideTranslatorPB.java:208) ~[hadoop-ozone-ozone-manager-0.5.0-SNAPSHOT.jar:?]
	at org.apache.hadoop.ozone.protocolPB.OzoneManagerProtocolServerSideTranslatorPB.processRequest(OzoneManagerProtocolServerSideTranslatorPB.java:132) ~[hadoop-ozone-ozone-manager-0.5.0-SNAPSHOT.jar:?]
	at org.apache.hadoop.hdds.server.OzoneProtocolMessageDispatcher.processRequest(OzoneProtocolMessageDispatcher.java:72) [hadoop-hdds-server-framework-0.5.0-SNAPSHOT.jar:?]
	at org.apache.hadoop.ozone.protocolPB.OzoneManagerProtocolServerSideTranslatorPB.submitRequest(OzoneManagerProtocolServerSideTranslatorPB.java:100) [hadoop-ozone-ozone-manager-0.5.0-SNAPSHOT.jar:?]
	at org.apache.hadoop.ozone.protocol.proto.OzoneManagerProtocolProtos$OzoneManagerService$2.callBlockingMethod(OzoneManagerProtocolProtos.java) [hadoop-ozone-common-0.5.0-SNAPSHOT.jar:?]
	at org.apache.hadoop.ipc.ProtobufRpcEngine$Server$ProtoBufRpcInvoker.call(ProtobufRpcEngine.java:524) [hadoop-common-3.2.0.jar:?]
	at org.apache.hadoop.ipc.RPC$Server.call(RPC.java:1025) [hadoop-common-3.2.0.jar:?]
	at org.apache.hadoop.ipc.Server$RpcCall.run(Server.java:876) [hadoop-common-3.2.0.jar:?]
	at org.apache.hadoop.ipc.Server$RpcCall.run(Server.java:822) [hadoop-common-3.2.0.jar:?]
	at java.security.AccessController.doPrivileged(Native Method) [?:1.8.0_222]
	at javax.security.auth.Subject.doAs(Subject.java:422) [?:1.8.0_222]
	at org.apache.hadoop.security.UserGroupInformation.doAs(UserGroupInformation.java:1730) [hadoop-common-3.2.0.jar:?]
	at org.apache.hadoop.ipc.Server$Handler.run(Server.java:2682) [hadoop-common-3.2.0.jar:?]
17:31:58.781 [IPC Server handler 5 on 37190] ERROR OMAudit - user=jenkins1000 | ip=127.0.0.1 | op=GET_FILE_STATUS {volume=volume45730, bucket=bucket04445, key=test/ITestOzoneContractDistCp/testUpdateDeepDirectoryStructureToRemote/remote/outputDir/.distcp.tmp.attempt_local794810687_0007_m_000000_0, dataSize=0, replicationType=null, replicationFactor=null, keyLocationInfo=null} | ret=FAILURE
org.apache.hadoop.ozone.om.exceptions.OMException: Unable to get file status: volume: volume45730 bucket: bucket04445 key: test/ITestOzoneContractDistCp/testUpdateDeepDirectoryStructureToRemote/remote/outputDir/.distcp.tmp.attempt_local794810687_0007_m_000000_0
	at org.apache.hadoop.ozone.om.KeyManagerImpl.getFileStatus(KeyManagerImpl.java:1784) ~[hadoop-ozone-ozone-manager-0.5.0-SNAPSHOT.jar:?]
	at org.apache.hadoop.ozone.om.OzoneManager.getFileStatus(OzoneManager.java:2762) ~[hadoop-ozone-ozone-manager-0.5.0-SNAPSHOT.jar:?]
	at org.apache.hadoop.ozone.protocolPB.OzoneManagerRequestHandler.getOzoneFileStatus(OzoneManagerRequestHandler.java:1053) ~[hadoop-ozone-ozone-manager-0.5.0-SNAPSHOT.jar:?]
	at org.apache.hadoop.ozone.protocolPB.OzoneManagerRequestHandler.handle(OzoneManagerRequestHandler.java:340) ~[hadoop-ozone-ozone-manager-0.5.0-SNAPSHOT.jar:?]
	at org.apache.hadoop.ozone.protocolPB.OzoneManagerProtocolServerSideTranslatorPB.submitRequestDirectlyToOM(OzoneManagerProtocolServerSideTranslatorPB.java:208) ~[hadoop-ozone-ozone-manager-0.5.0-SNAPSHOT.jar:?]
	at org.apache.hadoop.ozone.protocolPB.OzoneManagerProtocolServerSideTranslatorPB.processRequest(OzoneManagerProtocolServerSideTranslatorPB.java:132) ~[hadoop-ozone-ozone-manager-0.5.0-SNAPSHOT.jar:?]
	at org.apache.hadoop.hdds.server.OzoneProtocolMessageDispatcher.processRequest(OzoneProtocolMessageDispatcher.java:72) [hadoop-hdds-server-framework-0.5.0-SNAPSHOT.jar:?]
	at org.apache.hadoop.ozone.protocolPB.OzoneManagerProtocolServerSideTranslatorPB.submitRequest(OzoneManagerProtocolServerSideTranslatorPB.java:100) [hadoop-ozone-ozone-manager-0.5.0-SNAPSHOT.jar:?]
	at org.apache.hadoop.ozone.protocol.proto.OzoneManagerProtocolProtos$OzoneManagerService$2.callBlockingMethod(OzoneManagerProtocolProtos.java) [hadoop-ozone-common-0.5.0-SNAPSHOT.jar:?]
	at org.apache.hadoop.ipc.ProtobufRpcEngine$Server$ProtoBufRpcInvoker.call(ProtobufRpcEngine.java:524) [hadoop-common-3.2.0.jar:?]
	at org.apache.hadoop.ipc.RPC$Server.call(RPC.java:1025) [hadoop-common-3.2.0.jar:?]
	at org.apache.hadoop.ipc.Server$RpcCall.run(Server.java:876) [hadoop-common-3.2.0.jar:?]
	at org.apache.hadoop.ipc.Server$RpcCall.run(Server.java:822) [hadoop-common-3.2.0.jar:?]
	at java.security.AccessController.doPrivileged(Native Method) [?:1.8.0_222]
	at javax.security.auth.Subject.doAs(Subject.java:422) [?:1.8.0_222]
	at org.apache.hadoop.security.UserGroupInformation.doAs(UserGroupInformation.java:1730) [hadoop-common-3.2.0.jar:?]
	at org.apache.hadoop.ipc.Server$Handler.run(Server.java:2682) [hadoop-common-3.2.0.jar:?]
2019-11-05 17:31:58,782 [LocalJobRunner Map Task Executor #0] WARN  ozone.BasicOzoneFileSystem (BasicOzoneFileSystem.java:delete(444)) - delete: Path does not exist: o3fs://bucket04445.volume45730/test/ITestOzoneContractDistCp/testUpdateDeepDirectoryStructureToRemote/remote/outputDir/.distcp.tmp.attempt_local794810687_0007_m_000000_0
2019-11-05 17:31:58,783 [LocalJobRunner Map Task Executor #0] INFO  mapred.CopyMapper (CopyMapper.java:map(154)) - Copying file:/workdir/hadoop-ozone/ozonefs/target/test-dir/ITestOzoneContractDistCp/testUpdateDeepDirectoryStructureToRemote/local/inputDir/subDir4/subDir4/file5 to o3fs://bucket04445.volume45730/test/ITestOzoneContractDistCp/testUpdateDeepDirectoryStructureToRemote/remote/outputDir/inputDir/subDir4/subDir4/file5
17:31:58.791 [IPC Server handler 15 on 37190] ERROR OMAudit - user=jenkins1000 | ip=127.0.0.1 | op=GET_FILE_STATUS {volume=volume45730, bucket=bucket04445, key=test/ITestOzoneContractDistCp/testUpdateDeepDirectoryStructureToRemote/remote/outputDir/inputDir/subDir4/subDir4/file5, dataSize=0, replicationType=null, replicationFactor=null, keyLocationInfo=null} | ret=FAILURE
org.apache.hadoop.ozone.om.exceptions.OMException: Unable to get file status: volume: volume45730 bucket: bucket04445 key: test/ITestOzoneContractDistCp/testUpdateDeepDirectoryStructureToRemote/remote/outputDir/inputDir/subDir4/subDir4/file5
	at org.apache.hadoop.ozone.om.KeyManagerImpl.getFileStatus(KeyManagerImpl.java:1784) ~[hadoop-ozone-ozone-manager-0.5.0-SNAPSHOT.jar:?]
	at org.apache.hadoop.ozone.om.OzoneManager.getFileStatus(OzoneManager.java:2762) ~[hadoop-ozone-ozone-manager-0.5.0-SNAPSHOT.jar:?]
	at org.apache.hadoop.ozone.protocolPB.OzoneManagerRequestHandler.getOzoneFileStatus(OzoneManagerRequestHandler.java:1053) ~[hadoop-ozone-ozone-manager-0.5.0-SNAPSHOT.jar:?]
	at org.apache.hadoop.ozone.protocolPB.OzoneManagerRequestHandler.handle(OzoneManagerRequestHandler.java:340) ~[hadoop-ozone-ozone-manager-0.5.0-SNAPSHOT.jar:?]
	at org.apache.hadoop.ozone.protocolPB.OzoneManagerProtocolServerSideTranslatorPB.submitRequestDirectlyToOM(OzoneManagerProtocolServerSideTranslatorPB.java:208) ~[hadoop-ozone-ozone-manager-0.5.0-SNAPSHOT.jar:?]
	at org.apache.hadoop.ozone.protocolPB.OzoneManagerProtocolServerSideTranslatorPB.processRequest(OzoneManagerProtocolServerSideTranslatorPB.java:132) ~[hadoop-ozone-ozone-manager-0.5.0-SNAPSHOT.jar:?]
	at org.apache.hadoop.hdds.server.OzoneProtocolMessageDispatcher.processRequest(OzoneProtocolMessageDispatcher.java:72) [hadoop-hdds-server-framework-0.5.0-SNAPSHOT.jar:?]
	at org.apache.hadoop.ozone.protocolPB.OzoneManagerProtocolServerSideTranslatorPB.submitRequest(OzoneManagerProtocolServerSideTranslatorPB.java:100) [hadoop-ozone-ozone-manager-0.5.0-SNAPSHOT.jar:?]
	at org.apache.hadoop.ozone.protocol.proto.OzoneManagerProtocolProtos$OzoneManagerService$2.callBlockingMethod(OzoneManagerProtocolProtos.java) [hadoop-ozone-common-0.5.0-SNAPSHOT.jar:?]
	at org.apache.hadoop.ipc.ProtobufRpcEngine$Server$ProtoBufRpcInvoker.call(ProtobufRpcEngine.java:524) [hadoop-common-3.2.0.jar:?]
	at org.apache.hadoop.ipc.RPC$Server.call(RPC.java:1025) [hadoop-common-3.2.0.jar:?]
	at org.apache.hadoop.ipc.Server$RpcCall.run(Server.java:876) [hadoop-common-3.2.0.jar:?]
	at org.apache.hadoop.ipc.Server$RpcCall.run(Server.java:822) [hadoop-common-3.2.0.jar:?]
	at java.security.AccessController.doPrivileged(Native Method) [?:1.8.0_222]
	at javax.security.auth.Subject.doAs(Subject.java:422) [?:1.8.0_222]
	at org.apache.hadoop.security.UserGroupInformation.doAs(UserGroupInformation.java:1730) [hadoop-common-3.2.0.jar:?]
	at org.apache.hadoop.ipc.Server$Handler.run(Server.java:2682) [hadoop-common-3.2.0.jar:?]
2019-11-05 17:31:58,792 [LocalJobRunner Map Task Executor #0] INFO  mapred.RetriableFileCopyCommand (RetriableFileCopyCommand.java:getTmpFile(260)) - Creating temp file: o3fs://bucket04445.volume45730/test/ITestOzoneContractDistCp/testUpdateDeepDirectoryStructureToRemote/remote/outputDir/.distcp.tmp.attempt_local794810687_0007_m_000000_0
17:31:58.897 [IPC Server handler 14 on 37190] ERROR OMAudit - user=jenkins1000 | ip=127.0.0.1 | op=GET_FILE_STATUS {volume=volume45730, bucket=bucket04445, key=test/ITestOzoneContractDistCp/testUpdateDeepDirectoryStructureToRemote/remote/outputDir/inputDir/subDir4/subDir4/file5, dataSize=0, replicationType=null, replicationFactor=null, keyLocationInfo=null} | ret=FAILURE
org.apache.hadoop.ozone.om.exceptions.OMException: Unable to get file status: volume: volume45730 bucket: bucket04445 key: test/ITestOzoneContractDistCp/testUpdateDeepDirectoryStructureToRemote/remote/outputDir/inputDir/subDir4/subDir4/file5
	at org.apache.hadoop.ozone.om.KeyManagerImpl.getFileStatus(KeyManagerImpl.java:1784) ~[hadoop-ozone-ozone-manager-0.5.0-SNAPSHOT.jar:?]
	at org.apache.hadoop.ozone.om.OzoneManager.getFileStatus(OzoneManager.java:2762) ~[hadoop-ozone-ozone-manager-0.5.0-SNAPSHOT.jar:?]
	at org.apache.hadoop.ozone.protocolPB.OzoneManagerRequestHandler.getOzoneFileStatus(OzoneManagerRequestHandler.java:1053) ~[hadoop-ozone-ozone-manager-0.5.0-SNAPSHOT.jar:?]
	at org.apache.hadoop.ozone.protocolPB.OzoneManagerRequestHandler.handle(OzoneManagerRequestHandler.java:340) ~[hadoop-ozone-ozone-manager-0.5.0-SNAPSHOT.jar:?]
	at org.apache.hadoop.ozone.protocolPB.OzoneManagerProtocolServerSideTranslatorPB.submitRequestDirectlyToOM(OzoneManagerProtocolServerSideTranslatorPB.java:208) ~[hadoop-ozone-ozone-manager-0.5.0-SNAPSHOT.jar:?]
	at org.apache.hadoop.ozone.protocolPB.OzoneManagerProtocolServerSideTranslatorPB.processRequest(OzoneManagerProtocolServerSideTranslatorPB.java:132) ~[hadoop-ozone-ozone-manager-0.5.0-SNAPSHOT.jar:?]
	at org.apache.hadoop.hdds.server.OzoneProtocolMessageDispatcher.processRequest(OzoneProtocolMessageDispatcher.java:72) [hadoop-hdds-server-framework-0.5.0-SNAPSHOT.jar:?]
	at org.apache.hadoop.ozone.protocolPB.OzoneManagerProtocolServerSideTranslatorPB.submitRequest(OzoneManagerProtocolServerSideTranslatorPB.java:100) [hadoop-ozone-ozone-manager-0.5.0-SNAPSHOT.jar:?]
	at org.apache.hadoop.ozone.protocol.proto.OzoneManagerProtocolProtos$OzoneManagerService$2.callBlockingMethod(OzoneManagerProtocolProtos.java) [hadoop-ozone-common-0.5.0-SNAPSHOT.jar:?]
	at org.apache.hadoop.ipc.ProtobufRpcEngine$Server$ProtoBufRpcInvoker.call(ProtobufRpcEngine.java:524) [hadoop-common-3.2.0.jar:?]
	at org.apache.hadoop.ipc.RPC$Server.call(RPC.java:1025) [hadoop-common-3.2.0.jar:?]
	at org.apache.hadoop.ipc.Server$RpcCall.run(Server.java:876) [hadoop-common-3.2.0.jar:?]
	at org.apache.hadoop.ipc.Server$RpcCall.run(Server.java:822) [hadoop-common-3.2.0.jar:?]
	at java.security.AccessController.doPrivileged(Native Method) [?:1.8.0_222]
	at javax.security.auth.Subject.doAs(Subject.java:422) [?:1.8.0_222]
	at org.apache.hadoop.security.UserGroupInformation.doAs(UserGroupInformation.java:1730) [hadoop-common-3.2.0.jar:?]
	at org.apache.hadoop.ipc.Server$Handler.run(Server.java:2682) [hadoop-common-3.2.0.jar:?]
17:31:58.900 [IPC Server handler 19 on 37190] ERROR OMAudit - user=jenkins1000 | ip=127.0.0.1 | op=GET_FILE_STATUS {volume=volume45730, bucket=bucket04445, key=test/ITestOzoneContractDistCp/testUpdateDeepDirectoryStructureToRemote/remote/outputDir/inputDir/subDir4/subDir4, dataSize=0, replicationType=null, replicationFactor=null, keyLocationInfo=null} | ret=FAILURE
org.apache.hadoop.ozone.om.exceptions.OMException: Unable to get file status: volume: volume45730 bucket: bucket04445 key: test/ITestOzoneContractDistCp/testUpdateDeepDirectoryStructureToRemote/remote/outputDir/inputDir/subDir4/subDir4
	at org.apache.hadoop.ozone.om.KeyManagerImpl.getFileStatus(KeyManagerImpl.java:1784) ~[hadoop-ozone-ozone-manager-0.5.0-SNAPSHOT.jar:?]
	at org.apache.hadoop.ozone.om.OzoneManager.getFileStatus(OzoneManager.java:2762) ~[hadoop-ozone-ozone-manager-0.5.0-SNAPSHOT.jar:?]
	at org.apache.hadoop.ozone.protocolPB.OzoneManagerRequestHandler.getOzoneFileStatus(OzoneManagerRequestHandler.java:1053) ~[hadoop-ozone-ozone-manager-0.5.0-SNAPSHOT.jar:?]
	at org.apache.hadoop.ozone.protocolPB.OzoneManagerRequestHandler.handle(OzoneManagerRequestHandler.java:340) ~[hadoop-ozone-ozone-manager-0.5.0-SNAPSHOT.jar:?]
	at org.apache.hadoop.ozone.protocolPB.OzoneManagerProtocolServerSideTranslatorPB.submitRequestDirectlyToOM(OzoneManagerProtocolServerSideTranslatorPB.java:208) ~[hadoop-ozone-ozone-manager-0.5.0-SNAPSHOT.jar:?]
	at org.apache.hadoop.ozone.protocolPB.OzoneManagerProtocolServerSideTranslatorPB.processRequest(OzoneManagerProtocolServerSideTranslatorPB.java:132) ~[hadoop-ozone-ozone-manager-0.5.0-SNAPSHOT.jar:?]
	at org.apache.hadoop.hdds.server.OzoneProtocolMessageDispatcher.processRequest(OzoneProtocolMessageDispatcher.java:72) [hadoop-hdds-server-framework-0.5.0-SNAPSHOT.jar:?]
	at org.apache.hadoop.ozone.protocolPB.OzoneManagerProtocolServerSideTranslatorPB.submitRequest(OzoneManagerProtocolServerSideTranslatorPB.java:100) [hadoop-ozone-ozone-manager-0.5.0-SNAPSHOT.jar:?]
	at org.apache.hadoop.ozone.protocol.proto.OzoneManagerProtocolProtos$OzoneManagerService$2.callBlockingMethod(OzoneManagerProtocolProtos.java) [hadoop-ozone-common-0.5.0-SNAPSHOT.jar:?]
	at org.apache.hadoop.ipc.ProtobufRpcEngine$Server$ProtoBufRpcInvoker.call(ProtobufRpcEngine.java:524) [hadoop-common-3.2.0.jar:?]
	at org.apache.hadoop.ipc.RPC$Server.call(RPC.java:1025) [hadoop-common-3.2.0.jar:?]
	at org.apache.hadoop.ipc.Server$RpcCall.run(Server.java:876) [hadoop-common-3.2.0.jar:?]
	at org.apache.hadoop.ipc.Server$RpcCall.run(Server.java:822) [hadoop-common-3.2.0.jar:?]
	at java.security.AccessController.doPrivileged(Native Method) [?:1.8.0_222]
	at javax.security.auth.Subject.doAs(Subject.java:422) [?:1.8.0_222]
	at org.apache.hadoop.security.UserGroupInformation.doAs(UserGroupInformation.java:1730) [hadoop-common-3.2.0.jar:?]
	at org.apache.hadoop.ipc.Server$Handler.run(Server.java:2682) [hadoop-common-3.2.0.jar:?]
17:31:58.910 [IPC Server handler 7 on 37190] ERROR OMAudit - user=jenkins1000 | ip=127.0.0.1 | op=GET_FILE_STATUS {volume=volume45730, bucket=bucket04445, key=test/ITestOzoneContractDistCp/testUpdateDeepDirectoryStructureToRemote/remote/outputDir/inputDir/subDir4/subDir4/file5, dataSize=0, replicationType=null, replicationFactor=null, keyLocationInfo=null} | ret=FAILURE
org.apache.hadoop.ozone.om.exceptions.OMException: Unable to get file status: volume: volume45730 bucket: bucket04445 key: test/ITestOzoneContractDistCp/testUpdateDeepDirectoryStructureToRemote/remote/outputDir/inputDir/subDir4/subDir4/file5
	at org.apache.hadoop.ozone.om.KeyManagerImpl.getFileStatus(KeyManagerImpl.java:1784) ~[hadoop-ozone-ozone-manager-0.5.0-SNAPSHOT.jar:?]
	at org.apache.hadoop.ozone.om.OzoneManager.getFileStatus(OzoneManager.java:2762) ~[hadoop-ozone-ozone-manager-0.5.0-SNAPSHOT.jar:?]
	at org.apache.hadoop.ozone.protocolPB.OzoneManagerRequestHandler.getOzoneFileStatus(OzoneManagerRequestHandler.java:1053) ~[hadoop-ozone-ozone-manager-0.5.0-SNAPSHOT.jar:?]
	at org.apache.hadoop.ozone.protocolPB.OzoneManagerRequestHandler.handle(OzoneManagerRequestHandler.java:340) ~[hadoop-ozone-ozone-manager-0.5.0-SNAPSHOT.jar:?]
	at org.apache.hadoop.ozone.protocolPB.OzoneManagerProtocolServerSideTranslatorPB.submitRequestDirectlyToOM(OzoneManagerProtocolServerSideTranslatorPB.java:208) ~[hadoop-ozone-ozone-manager-0.5.0-SNAPSHOT.jar:?]
	at org.apache.hadoop.ozone.protocolPB.OzoneManagerProtocolServerSideTranslatorPB.processRequest(OzoneManagerProtocolServerSideTranslatorPB.java:132) ~[hadoop-ozone-ozone-manager-0.5.0-SNAPSHOT.jar:?]
	at org.apache.hadoop.hdds.server.OzoneProtocolMessageDispatcher.processRequest(OzoneProtocolMessageDispatcher.java:72) [hadoop-hdds-server-framework-0.5.0-SNAPSHOT.jar:?]
	at org.apache.hadoop.ozone.protocolPB.OzoneManagerProtocolServerSideTranslatorPB.submitRequest(OzoneManagerProtocolServerSideTranslatorPB.java:100) [hadoop-ozone-ozone-manager-0.5.0-SNAPSHOT.jar:?]
	at org.apache.hadoop.ozone.protocol.proto.OzoneManagerProtocolProtos$OzoneManagerService$2.callBlockingMethod(OzoneManagerProtocolProtos.java) [hadoop-ozone-common-0.5.0-SNAPSHOT.jar:?]
	at org.apache.hadoop.ipc.ProtobufRpcEngine$Server$ProtoBufRpcInvoker.call(ProtobufRpcEngine.java:524) [hadoop-common-3.2.0.jar:?]
	at org.apache.hadoop.ipc.RPC$Server.call(RPC.java:1025) [hadoop-common-3.2.0.jar:?]
	at org.apache.hadoop.ipc.Server$RpcCall.run(Server.java:876) [hadoop-common-3.2.0.jar:?]
	at org.apache.hadoop.ipc.Server$RpcCall.run(Server.java:822) [hadoop-common-3.2.0.jar:?]
	at java.security.AccessController.doPrivileged(Native Method) [?:1.8.0_222]
	at javax.security.auth.Subject.doAs(Subject.java:422) [?:1.8.0_222]
	at org.apache.hadoop.security.UserGroupInformation.doAs(UserGroupInformation.java:1730) [hadoop-common-3.2.0.jar:?]
	at org.apache.hadoop.ipc.Server$Handler.run(Server.java:2682) [hadoop-common-3.2.0.jar:?]
17:31:58.963 [IPC Server handler 1 on 37190] ERROR OMAudit - user=jenkins1000 | ip=127.0.0.1 | op=GET_FILE_STATUS {volume=volume45730, bucket=bucket04445, key=test/ITestOzoneContractDistCp/testUpdateDeepDirectoryStructureToRemote/remote/outputDir/.distcp.tmp.attempt_local794810687_0007_m_000000_0, dataSize=0, replicationType=null, replicationFactor=null, keyLocationInfo=null} | ret=FAILURE
org.apache.hadoop.ozone.om.exceptions.OMException: Unable to get file status: volume: volume45730 bucket: bucket04445 key: test/ITestOzoneContractDistCp/testUpdateDeepDirectoryStructureToRemote/remote/outputDir/.distcp.tmp.attempt_local794810687_0007_m_000000_0
	at org.apache.hadoop.ozone.om.KeyManagerImpl.getFileStatus(KeyManagerImpl.java:1784) ~[hadoop-ozone-ozone-manager-0.5.0-SNAPSHOT.jar:?]
	at org.apache.hadoop.ozone.om.OzoneManager.getFileStatus(OzoneManager.java:2762) ~[hadoop-ozone-ozone-manager-0.5.0-SNAPSHOT.jar:?]
	at org.apache.hadoop.ozone.protocolPB.OzoneManagerRequestHandler.getOzoneFileStatus(OzoneManagerRequestHandler.java:1053) ~[hadoop-ozone-ozone-manager-0.5.0-SNAPSHOT.jar:?]
	at org.apache.hadoop.ozone.protocolPB.OzoneManagerRequestHandler.handle(OzoneManagerRequestHandler.java:340) ~[hadoop-ozone-ozone-manager-0.5.0-SNAPSHOT.jar:?]
	at org.apache.hadoop.ozone.protocolPB.OzoneManagerProtocolServerSideTranslatorPB.submitRequestDirectlyToOM(OzoneManagerProtocolServerSideTranslatorPB.java:208) ~[hadoop-ozone-ozone-manager-0.5.0-SNAPSHOT.jar:?]
	at org.apache.hadoop.ozone.protocolPB.OzoneManagerProtocolServerSideTranslatorPB.processRequest(OzoneManagerProtocolServerSideTranslatorPB.java:132) ~[hadoop-ozone-ozone-manager-0.5.0-SNAPSHOT.jar:?]
	at org.apache.hadoop.hdds.server.OzoneProtocolMessageDispatcher.processRequest(OzoneProtocolMessageDispatcher.java:72) [hadoop-hdds-server-framework-0.5.0-SNAPSHOT.jar:?]
	at org.apache.hadoop.ozone.protocolPB.OzoneManagerProtocolServerSideTranslatorPB.submitRequest(OzoneManagerProtocolServerSideTranslatorPB.java:100) [hadoop-ozone-ozone-manager-0.5.0-SNAPSHOT.jar:?]
	at org.apache.hadoop.ozone.protocol.proto.OzoneManagerProtocolProtos$OzoneManagerService$2.callBlockingMethod(OzoneManagerProtocolProtos.java) [hadoop-ozone-common-0.5.0-SNAPSHOT.jar:?]
	at org.apache.hadoop.ipc.ProtobufRpcEngine$Server$ProtoBufRpcInvoker.call(ProtobufRpcEngine.java:524) [hadoop-common-3.2.0.jar:?]
	at org.apache.hadoop.ipc.RPC$Server.call(RPC.java:1025) [hadoop-common-3.2.0.jar:?]
	at org.apache.hadoop.ipc.Server$RpcCall.run(Server.java:876) [hadoop-common-3.2.0.jar:?]
	at org.apache.hadoop.ipc.Server$RpcCall.run(Server.java:822) [hadoop-common-3.2.0.jar:?]
	at java.security.AccessController.doPrivileged(Native Method) [?:1.8.0_222]
	at javax.security.auth.Subject.doAs(Subject.java:422) [?:1.8.0_222]
	at org.apache.hadoop.security.UserGroupInformation.doAs(UserGroupInformation.java:1730) [hadoop-common-3.2.0.jar:?]
	at org.apache.hadoop.ipc.Server$Handler.run(Server.java:2682) [hadoop-common-3.2.0.jar:?]
2019-11-05 17:31:58,964 [LocalJobRunner Map Task Executor #0] WARN  ozone.BasicOzoneFileSystem (BasicOzoneFileSystem.java:delete(444)) - delete: Path does not exist: o3fs://bucket04445.volume45730/test/ITestOzoneContractDistCp/testUpdateDeepDirectoryStructureToRemote/remote/outputDir/.distcp.tmp.attempt_local794810687_0007_m_000000_0
2019-11-05 17:31:58,964 [LocalJobRunner Map Task Executor #0] INFO  mapred.CopyMapper (CopyMapper.java:map(154)) - Copying file:/workdir/hadoop-ozone/ozonefs/target/test-dir/ITestOzoneContractDistCp/testUpdateDeepDirectoryStructureToRemote/local/inputDir/file1 to o3fs://bucket04445.volume45730/test/ITestOzoneContractDistCp/testUpdateDeepDirectoryStructureToRemote/remote/outputDir/inputDir/file1
17:31:58.972 [IPC Server handler 16 on 37190] ERROR OMAudit - user=jenkins1000 | ip=127.0.0.1 | op=GET_FILE_STATUS {volume=volume45730, bucket=bucket04445, key=test/ITestOzoneContractDistCp/testUpdateDeepDirectoryStructureToRemote/remote/outputDir/inputDir/file1, dataSize=0, replicationType=null, replicationFactor=null, keyLocationInfo=null} | ret=FAILURE
org.apache.hadoop.ozone.om.exceptions.OMException: Unable to get file status: volume: volume45730 bucket: bucket04445 key: test/ITestOzoneContractDistCp/testUpdateDeepDirectoryStructureToRemote/remote/outputDir/inputDir/file1
	at org.apache.hadoop.ozone.om.KeyManagerImpl.getFileStatus(KeyManagerImpl.java:1784) ~[hadoop-ozone-ozone-manager-0.5.0-SNAPSHOT.jar:?]
	at org.apache.hadoop.ozone.om.OzoneManager.getFileStatus(OzoneManager.java:2762) ~[hadoop-ozone-ozone-manager-0.5.0-SNAPSHOT.jar:?]
	at org.apache.hadoop.ozone.protocolPB.OzoneManagerRequestHandler.getOzoneFileStatus(OzoneManagerRequestHandler.java:1053) ~[hadoop-ozone-ozone-manager-0.5.0-SNAPSHOT.jar:?]
	at org.apache.hadoop.ozone.protocolPB.OzoneManagerRequestHandler.handle(OzoneManagerRequestHandler.java:340) ~[hadoop-ozone-ozone-manager-0.5.0-SNAPSHOT.jar:?]
	at org.apache.hadoop.ozone.protocolPB.OzoneManagerProtocolServerSideTranslatorPB.submitRequestDirectlyToOM(OzoneManagerProtocolServerSideTranslatorPB.java:208) ~[hadoop-ozone-ozone-manager-0.5.0-SNAPSHOT.jar:?]
	at org.apache.hadoop.ozone.protocolPB.OzoneManagerProtocolServerSideTranslatorPB.processRequest(OzoneManagerProtocolServerSideTranslatorPB.java:132) ~[hadoop-ozone-ozone-manager-0.5.0-SNAPSHOT.jar:?]
	at org.apache.hadoop.hdds.server.OzoneProtocolMessageDispatcher.processRequest(OzoneProtocolMessageDispatcher.java:72) [hadoop-hdds-server-framework-0.5.0-SNAPSHOT.jar:?]
	at org.apache.hadoop.ozone.protocolPB.OzoneManagerProtocolServerSideTranslatorPB.submitRequest(OzoneManagerProtocolServerSideTranslatorPB.java:100) [hadoop-ozone-ozone-manager-0.5.0-SNAPSHOT.jar:?]
	at org.apache.hadoop.ozone.protocol.proto.OzoneManagerProtocolProtos$OzoneManagerService$2.callBlockingMethod(OzoneManagerProtocolProtos.java) [hadoop-ozone-common-0.5.0-SNAPSHOT.jar:?]
	at org.apache.hadoop.ipc.ProtobufRpcEngine$Server$ProtoBufRpcInvoker.call(ProtobufRpcEngine.java:524) [hadoop-common-3.2.0.jar:?]
	at org.apache.hadoop.ipc.RPC$Server.call(RPC.java:1025) [hadoop-common-3.2.0.jar:?]
	at org.apache.hadoop.ipc.Server$RpcCall.run(Server.java:876) [hadoop-common-3.2.0.jar:?]
	at org.apache.hadoop.ipc.Server$RpcCall.run(Server.java:822) [hadoop-common-3.2.0.jar:?]
	at java.security.AccessController.doPrivileged(Native Method) [?:1.8.0_222]
	at javax.security.auth.Subject.doAs(Subject.java:422) [?:1.8.0_222]
	at org.apache.hadoop.security.UserGroupInformation.doAs(UserGroupInformation.java:1730) [hadoop-common-3.2.0.jar:?]
	at org.apache.hadoop.ipc.Server$Handler.run(Server.java:2682) [hadoop-common-3.2.0.jar:?]
2019-11-05 17:31:58,973 [LocalJobRunner Map Task Executor #0] INFO  mapred.RetriableFileCopyCommand (RetriableFileCopyCommand.java:getTmpFile(260)) - Creating temp file: o3fs://bucket04445.volume45730/test/ITestOzoneContractDistCp/testUpdateDeepDirectoryStructureToRemote/remote/outputDir/.distcp.tmp.attempt_local794810687_0007_m_000000_0
17:31:59.063 [IPC Server handler 0 on 37190] ERROR OMAudit - user=jenkins1000 | ip=127.0.0.1 | op=GET_FILE_STATUS {volume=volume45730, bucket=bucket04445, key=test/ITestOzoneContractDistCp/testUpdateDeepDirectoryStructureToRemote/remote/outputDir/inputDir/file1, dataSize=0, replicationType=null, replicationFactor=null, keyLocationInfo=null} | ret=FAILURE
org.apache.hadoop.ozone.om.exceptions.OMException: Unable to get file status: volume: volume45730 bucket: bucket04445 key: test/ITestOzoneContractDistCp/testUpdateDeepDirectoryStructureToRemote/remote/outputDir/inputDir/file1
	at org.apache.hadoop.ozone.om.KeyManagerImpl.getFileStatus(KeyManagerImpl.java:1784) ~[hadoop-ozone-ozone-manager-0.5.0-SNAPSHOT.jar:?]
	at org.apache.hadoop.ozone.om.OzoneManager.getFileStatus(OzoneManager.java:2762) ~[hadoop-ozone-ozone-manager-0.5.0-SNAPSHOT.jar:?]
	at org.apache.hadoop.ozone.protocolPB.OzoneManagerRequestHandler.getOzoneFileStatus(OzoneManagerRequestHandler.java:1053) ~[hadoop-ozone-ozone-manager-0.5.0-SNAPSHOT.jar:?]
	at org.apache.hadoop.ozone.protocolPB.OzoneManagerRequestHandler.handle(OzoneManagerRequestHandler.java:340) ~[hadoop-ozone-ozone-manager-0.5.0-SNAPSHOT.jar:?]
	at org.apache.hadoop.ozone.protocolPB.OzoneManagerProtocolServerSideTranslatorPB.submitRequestDirectlyToOM(OzoneManagerProtocolServerSideTranslatorPB.java:208) ~[hadoop-ozone-ozone-manager-0.5.0-SNAPSHOT.jar:?]
	at org.apache.hadoop.ozone.protocolPB.OzoneManagerProtocolServerSideTranslatorPB.processRequest(OzoneManagerProtocolServerSideTranslatorPB.java:132) ~[hadoop-ozone-ozone-manager-0.5.0-SNAPSHOT.jar:?]
	at org.apache.hadoop.hdds.server.OzoneProtocolMessageDispatcher.processRequest(OzoneProtocolMessageDispatcher.java:72) [hadoop-hdds-server-framework-0.5.0-SNAPSHOT.jar:?]
	at org.apache.hadoop.ozone.protocolPB.OzoneManagerProtocolServerSideTranslatorPB.submitRequest(OzoneManagerProtocolServerSideTranslatorPB.java:100) [hadoop-ozone-ozone-manager-0.5.0-SNAPSHOT.jar:?]
	at org.apache.hadoop.ozone.protocol.proto.OzoneManagerProtocolProtos$OzoneManagerService$2.callBlockingMethod(OzoneManagerProtocolProtos.java) [hadoop-ozone-common-0.5.0-SNAPSHOT.jar:?]
	at org.apache.hadoop.ipc.ProtobufRpcEngine$Server$ProtoBufRpcInvoker.call(ProtobufRpcEngine.java:524) [hadoop-common-3.2.0.jar:?]
	at org.apache.hadoop.ipc.RPC$Server.call(RPC.java:1025) [hadoop-common-3.2.0.jar:?]
	at org.apache.hadoop.ipc.Server$RpcCall.run(Server.java:876) [hadoop-common-3.2.0.jar:?]
	at org.apache.hadoop.ipc.Server$RpcCall.run(Server.java:822) [hadoop-common-3.2.0.jar:?]
	at java.security.AccessController.doPrivileged(Native Method) [?:1.8.0_222]
	at javax.security.auth.Subject.doAs(Subject.java:422) [?:1.8.0_222]
	at org.apache.hadoop.security.UserGroupInformation.doAs(UserGroupInformation.java:1730) [hadoop-common-3.2.0.jar:?]
	at org.apache.hadoop.ipc.Server$Handler.run(Server.java:2682) [hadoop-common-3.2.0.jar:?]
17:31:59.067 [IPC Server handler 15 on 37190] ERROR OMAudit - user=jenkins1000 | ip=127.0.0.1 | op=GET_FILE_STATUS {volume=volume45730, bucket=bucket04445, key=test/ITestOzoneContractDistCp/testUpdateDeepDirectoryStructureToRemote/remote/outputDir/inputDir/file1, dataSize=0, replicationType=null, replicationFactor=null, keyLocationInfo=null} | ret=FAILURE
org.apache.hadoop.ozone.om.exceptions.OMException: Unable to get file status: volume: volume45730 bucket: bucket04445 key: test/ITestOzoneContractDistCp/testUpdateDeepDirectoryStructureToRemote/remote/outputDir/inputDir/file1
	at org.apache.hadoop.ozone.om.KeyManagerImpl.getFileStatus(KeyManagerImpl.java:1784) ~[hadoop-ozone-ozone-manager-0.5.0-SNAPSHOT.jar:?]
	at org.apache.hadoop.ozone.om.OzoneManager.getFileStatus(OzoneManager.java:2762) ~[hadoop-ozone-ozone-manager-0.5.0-SNAPSHOT.jar:?]
	at org.apache.hadoop.ozone.protocolPB.OzoneManagerRequestHandler.getOzoneFileStatus(OzoneManagerRequestHandler.java:1053) ~[hadoop-ozone-ozone-manager-0.5.0-SNAPSHOT.jar:?]
	at org.apache.hadoop.ozone.protocolPB.OzoneManagerRequestHandler.handle(OzoneManagerRequestHandler.java:340) ~[hadoop-ozone-ozone-manager-0.5.0-SNAPSHOT.jar:?]
	at org.apache.hadoop.ozone.protocolPB.OzoneManagerProtocolServerSideTranslatorPB.submitRequestDirectlyToOM(OzoneManagerProtocolServerSideTranslatorPB.java:208) ~[hadoop-ozone-ozone-manager-0.5.0-SNAPSHOT.jar:?]
	at org.apache.hadoop.ozone.protocolPB.OzoneManagerProtocolServerSideTranslatorPB.processRequest(OzoneManagerProtocolServerSideTranslatorPB.java:132) ~[hadoop-ozone-ozone-manager-0.5.0-SNAPSHOT.jar:?]
	at org.apache.hadoop.hdds.server.OzoneProtocolMessageDispatcher.processRequest(OzoneProtocolMessageDispatcher.java:72) [hadoop-hdds-server-framework-0.5.0-SNAPSHOT.jar:?]
	at org.apache.hadoop.ozone.protocolPB.OzoneManagerProtocolServerSideTranslatorPB.submitRequest(OzoneManagerProtocolServerSideTranslatorPB.java:100) [hadoop-ozone-ozone-manager-0.5.0-SNAPSHOT.jar:?]
	at org.apache.hadoop.ozone.protocol.proto.OzoneManagerProtocolProtos$OzoneManagerService$2.callBlockingMethod(OzoneManagerProtocolProtos.java) [hadoop-ozone-common-0.5.0-SNAPSHOT.jar:?]
	at org.apache.hadoop.ipc.ProtobufRpcEngine$Server$ProtoBufRpcInvoker.call(ProtobufRpcEngine.java:524) [hadoop-common-3.2.0.jar:?]
	at org.apache.hadoop.ipc.RPC$Server.call(RPC.java:1025) [hadoop-common-3.2.0.jar:?]
	at org.apache.hadoop.ipc.Server$RpcCall.run(Server.java:876) [hadoop-common-3.2.0.jar:?]
	at org.apache.hadoop.ipc.Server$RpcCall.run(Server.java:822) [hadoop-common-3.2.0.jar:?]
	at java.security.AccessController.doPrivileged(Native Method) [?:1.8.0_222]
	at javax.security.auth.Subject.doAs(Subject.java:422) [?:1.8.0_222]
	at org.apache.hadoop.security.UserGroupInformation.doAs(UserGroupInformation.java:1730) [hadoop-common-3.2.0.jar:?]
	at org.apache.hadoop.ipc.Server$Handler.run(Server.java:2682) [hadoop-common-3.2.0.jar:?]
17:31:59.082 [IPC Server handler 3 on 37190] ERROR OMAudit - user=jenkins1000 | ip=127.0.0.1 | op=GET_FILE_STATUS {volume=volume45730, bucket=bucket04445, key=test/ITestOzoneContractDistCp/testUpdateDeepDirectoryStructureToRemote/remote/outputDir/.distcp.tmp.attempt_local794810687_0007_m_000000_0, dataSize=0, replicationType=null, replicationFactor=null, keyLocationInfo=null} | ret=FAILURE
org.apache.hadoop.ozone.om.exceptions.OMException: Unable to get file status: volume: volume45730 bucket: bucket04445 key: test/ITestOzoneContractDistCp/testUpdateDeepDirectoryStructureToRemote/remote/outputDir/.distcp.tmp.attempt_local794810687_0007_m_000000_0
	at org.apache.hadoop.ozone.om.KeyManagerImpl.getFileStatus(KeyManagerImpl.java:1784) ~[hadoop-ozone-ozone-manager-0.5.0-SNAPSHOT.jar:?]
	at org.apache.hadoop.ozone.om.OzoneManager.getFileStatus(OzoneManager.java:2762) ~[hadoop-ozone-ozone-manager-0.5.0-SNAPSHOT.jar:?]
	at org.apache.hadoop.ozone.protocolPB.OzoneManagerRequestHandler.getOzoneFileStatus(OzoneManagerRequestHandler.java:1053) ~[hadoop-ozone-ozone-manager-0.5.0-SNAPSHOT.jar:?]
	at org.apache.hadoop.ozone.protocolPB.OzoneManagerRequestHandler.handle(OzoneManagerRequestHandler.java:340) ~[hadoop-ozone-ozone-manager-0.5.0-SNAPSHOT.jar:?]
	at org.apache.hadoop.ozone.protocolPB.OzoneManagerProtocolServerSideTranslatorPB.submitRequestDirectlyToOM(OzoneManagerProtocolServerSideTranslatorPB.java:208) ~[hadoop-ozone-ozone-manager-0.5.0-SNAPSHOT.jar:?]
	at org.apache.hadoop.ozone.protocolPB.OzoneManagerProtocolServerSideTranslatorPB.processRequest(OzoneManagerProtocolServerSideTranslatorPB.java:132) ~[hadoop-ozone-ozone-manager-0.5.0-SNAPSHOT.jar:?]
	at org.apache.hadoop.hdds.server.OzoneProtocolMessageDispatcher.processRequest(OzoneProtocolMessageDispatcher.java:72) [hadoop-hdds-server-framework-0.5.0-SNAPSHOT.jar:?]
	at org.apache.hadoop.ozone.protocolPB.OzoneManagerProtocolServerSideTranslatorPB.submitRequest(OzoneManagerProtocolServerSideTranslatorPB.java:100) [hadoop-ozone-ozone-manager-0.5.0-SNAPSHOT.jar:?]
	at org.apache.hadoop.ozone.protocol.proto.OzoneManagerProtocolProtos$OzoneManagerService$2.callBlockingMethod(OzoneManagerProtocolProtos.java) [hadoop-ozone-common-0.5.0-SNAPSHOT.jar:?]
	at org.apache.hadoop.ipc.ProtobufRpcEngine$Server$ProtoBufRpcInvoker.call(ProtobufRpcEngine.java:524) [hadoop-common-3.2.0.jar:?]
	at org.apache.hadoop.ipc.RPC$Server.call(RPC.java:1025) [hadoop-common-3.2.0.jar:?]
	at org.apache.hadoop.ipc.Server$RpcCall.run(Server.java:876) [hadoop-common-3.2.0.jar:?]
	at org.apache.hadoop.ipc.Server$RpcCall.run(Server.java:822) [hadoop-common-3.2.0.jar:?]
	at java.security.AccessController.doPrivileged(Native Method) [?:1.8.0_222]
	at javax.security.auth.Subject.doAs(Subject.java:422) [?:1.8.0_222]
	at org.apache.hadoop.security.UserGroupInformation.doAs(UserGroupInformation.java:1730) [hadoop-common-3.2.0.jar:?]
	at org.apache.hadoop.ipc.Server$Handler.run(Server.java:2682) [hadoop-common-3.2.0.jar:?]
2019-11-05 17:31:59,083 [LocalJobRunner Map Task Executor #0] WARN  ozone.BasicOzoneFileSystem (BasicOzoneFileSystem.java:delete(444)) - delete: Path does not exist: o3fs://bucket04445.volume45730/test/ITestOzoneContractDistCp/testUpdateDeepDirectoryStructureToRemote/remote/outputDir/.distcp.tmp.attempt_local794810687_0007_m_000000_0
2019-11-05 17:31:59,084 [LocalJobRunner Map Task Executor #0] INFO  mapred.CopyMapper (CopyMapper.java:map(154)) - Copying file:/workdir/hadoop-ozone/ozonefs/target/test-dir/ITestOzoneContractDistCp/testUpdateDeepDirectoryStructureToRemote/local/inputDir/subDir4/subDir4/file4 to o3fs://bucket04445.volume45730/test/ITestOzoneContractDistCp/testUpdateDeepDirectoryStructureToRemote/remote/outputDir/inputDir/subDir4/subDir4/file4
17:31:59.089 [IPC Server handler 7 on 37190] ERROR OMAudit - user=jenkins1000 | ip=127.0.0.1 | op=GET_FILE_STATUS {volume=volume45730, bucket=bucket04445, key=test/ITestOzoneContractDistCp/testUpdateDeepDirectoryStructureToRemote/remote/outputDir/inputDir/subDir4/subDir4/file4, dataSize=0, replicationType=null, replicationFactor=null, keyLocationInfo=null} | ret=FAILURE
org.apache.hadoop.ozone.om.exceptions.OMException: Unable to get file status: volume: volume45730 bucket: bucket04445 key: test/ITestOzoneContractDistCp/testUpdateDeepDirectoryStructureToRemote/remote/outputDir/inputDir/subDir4/subDir4/file4
	at org.apache.hadoop.ozone.om.KeyManagerImpl.getFileStatus(KeyManagerImpl.java:1784) ~[hadoop-ozone-ozone-manager-0.5.0-SNAPSHOT.jar:?]
	at org.apache.hadoop.ozone.om.OzoneManager.getFileStatus(OzoneManager.java:2762) ~[hadoop-ozone-ozone-manager-0.5.0-SNAPSHOT.jar:?]
	at org.apache.hadoop.ozone.protocolPB.OzoneManagerRequestHandler.getOzoneFileStatus(OzoneManagerRequestHandler.java:1053) ~[hadoop-ozone-ozone-manager-0.5.0-SNAPSHOT.jar:?]
	at org.apache.hadoop.ozone.protocolPB.OzoneManagerRequestHandler.handle(OzoneManagerRequestHandler.java:340) ~[hadoop-ozone-ozone-manager-0.5.0-SNAPSHOT.jar:?]
	at org.apache.hadoop.ozone.protocolPB.OzoneManagerProtocolServerSideTranslatorPB.submitRequestDirectlyToOM(OzoneManagerProtocolServerSideTranslatorPB.java:208) ~[hadoop-ozone-ozone-manager-0.5.0-SNAPSHOT.jar:?]
	at org.apache.hadoop.ozone.protocolPB.OzoneManagerProtocolServerSideTranslatorPB.processRequest(OzoneManagerProtocolServerSideTranslatorPB.java:132) ~[hadoop-ozone-ozone-manager-0.5.0-SNAPSHOT.jar:?]
	at org.apache.hadoop.hdds.server.OzoneProtocolMessageDispatcher.processRequest(OzoneProtocolMessageDispatcher.java:72) [hadoop-hdds-server-framework-0.5.0-SNAPSHOT.jar:?]
	at org.apache.hadoop.ozone.protocolPB.OzoneManagerProtocolServerSideTranslatorPB.submitRequest(OzoneManagerProtocolServerSideTranslatorPB.java:100) [hadoop-ozone-ozone-manager-0.5.0-SNAPSHOT.jar:?]
	at org.apache.hadoop.ozone.protocol.proto.OzoneManagerProtocolProtos$OzoneManagerService$2.callBlockingMethod(OzoneManagerProtocolProtos.java) [hadoop-ozone-common-0.5.0-SNAPSHOT.jar:?]
	at org.apache.hadoop.ipc.ProtobufRpcEngine$Server$ProtoBufRpcInvoker.call(ProtobufRpcEngine.java:524) [hadoop-common-3.2.0.jar:?]
	at org.apache.hadoop.ipc.RPC$Server.call(RPC.java:1025) [hadoop-common-3.2.0.jar:?]
	at org.apache.hadoop.ipc.Server$RpcCall.run(Server.java:876) [hadoop-common-3.2.0.jar:?]
	at org.apache.hadoop.ipc.Server$RpcCall.run(Server.java:822) [hadoop-common-3.2.0.jar:?]
	at java.security.AccessController.doPrivileged(Native Method) [?:1.8.0_222]
	at javax.security.auth.Subject.doAs(Subject.java:422) [?:1.8.0_222]
	at org.apache.hadoop.security.UserGroupInformation.doAs(UserGroupInformation.java:1730) [hadoop-common-3.2.0.jar:?]
	at org.apache.hadoop.ipc.Server$Handler.run(Server.java:2682) [hadoop-common-3.2.0.jar:?]
2019-11-05 17:31:59,089 [LocalJobRunner Map Task Executor #0] INFO  mapred.RetriableFileCopyCommand (RetriableFileCopyCommand.java:getTmpFile(260)) - Creating temp file: o3fs://bucket04445.volume45730/test/ITestOzoneContractDistCp/testUpdateDeepDirectoryStructureToRemote/remote/outputDir/.distcp.tmp.attempt_local794810687_0007_m_000000_0
17:31:59.154 [IPC Server handler 9 on 37190] ERROR OMAudit - user=jenkins1000 | ip=127.0.0.1 | op=GET_FILE_STATUS {volume=volume45730, bucket=bucket04445, key=test/ITestOzoneContractDistCp/testUpdateDeepDirectoryStructureToRemote/remote/outputDir/inputDir/subDir4/subDir4/file4, dataSize=0, replicationType=null, replicationFactor=null, keyLocationInfo=null} | ret=FAILURE
org.apache.hadoop.ozone.om.exceptions.OMException: Unable to get file status: volume: volume45730 bucket: bucket04445 key: test/ITestOzoneContractDistCp/testUpdateDeepDirectoryStructureToRemote/remote/outputDir/inputDir/subDir4/subDir4/file4
	at org.apache.hadoop.ozone.om.KeyManagerImpl.getFileStatus(KeyManagerImpl.java:1784) ~[hadoop-ozone-ozone-manager-0.5.0-SNAPSHOT.jar:?]
	at org.apache.hadoop.ozone.om.OzoneManager.getFileStatus(OzoneManager.java:2762) ~[hadoop-ozone-ozone-manager-0.5.0-SNAPSHOT.jar:?]
	at org.apache.hadoop.ozone.protocolPB.OzoneManagerRequestHandler.getOzoneFileStatus(OzoneManagerRequestHandler.java:1053) ~[hadoop-ozone-ozone-manager-0.5.0-SNAPSHOT.jar:?]
	at org.apache.hadoop.ozone.protocolPB.OzoneManagerRequestHandler.handle(OzoneManagerRequestHandler.java:340) ~[hadoop-ozone-ozone-manager-0.5.0-SNAPSHOT.jar:?]
	at org.apache.hadoop.ozone.protocolPB.OzoneManagerProtocolServerSideTranslatorPB.submitRequestDirectlyToOM(OzoneManagerProtocolServerSideTranslatorPB.java:208) ~[hadoop-ozone-ozone-manager-0.5.0-SNAPSHOT.jar:?]
	at org.apache.hadoop.ozone.protocolPB.OzoneManagerProtocolServerSideTranslatorPB.processRequest(OzoneManagerProtocolServerSideTranslatorPB.java:132) ~[hadoop-ozone-ozone-manager-0.5.0-SNAPSHOT.jar:?]
	at org.apache.hadoop.hdds.server.OzoneProtocolMessageDispatcher.processRequest(OzoneProtocolMessageDispatcher.java:72) [hadoop-hdds-server-framework-0.5.0-SNAPSHOT.jar:?]
	at org.apache.hadoop.ozone.protocolPB.OzoneManagerProtocolServerSideTranslatorPB.submitRequest(OzoneManagerProtocolServerSideTranslatorPB.java:100) [hadoop-ozone-ozone-manager-0.5.0-SNAPSHOT.jar:?]
	at org.apache.hadoop.ozone.protocol.proto.OzoneManagerProtocolProtos$OzoneManagerService$2.callBlockingMethod(OzoneManagerProtocolProtos.java) [hadoop-ozone-common-0.5.0-SNAPSHOT.jar:?]
	at org.apache.hadoop.ipc.ProtobufRpcEngine$Server$ProtoBufRpcInvoker.call(ProtobufRpcEngine.java:524) [hadoop-common-3.2.0.jar:?]
	at org.apache.hadoop.ipc.RPC$Server.call(RPC.java:1025) [hadoop-common-3.2.0.jar:?]
	at org.apache.hadoop.ipc.Server$RpcCall.run(Server.java:876) [hadoop-common-3.2.0.jar:?]
	at org.apache.hadoop.ipc.Server$RpcCall.run(Server.java:822) [hadoop-common-3.2.0.jar:?]
	at java.security.AccessController.doPrivileged(Native Method) [?:1.8.0_222]
	at javax.security.auth.Subject.doAs(Subject.java:422) [?:1.8.0_222]
	at org.apache.hadoop.security.UserGroupInformation.doAs(UserGroupInformation.java:1730) [hadoop-common-3.2.0.jar:?]
	at org.apache.hadoop.ipc.Server$Handler.run(Server.java:2682) [hadoop-common-3.2.0.jar:?]
17:31:59.158 [IPC Server handler 1 on 37190] ERROR OMAudit - user=jenkins1000 | ip=127.0.0.1 | op=GET_FILE_STATUS {volume=volume45730, bucket=bucket04445, key=test/ITestOzoneContractDistCp/testUpdateDeepDirectoryStructureToRemote/remote/outputDir/inputDir/subDir4/subDir4/file4, dataSize=0, replicationType=null, replicationFactor=null, keyLocationInfo=null} | ret=FAILURE
org.apache.hadoop.ozone.om.exceptions.OMException: Unable to get file status: volume: volume45730 bucket: bucket04445 key: test/ITestOzoneContractDistCp/testUpdateDeepDirectoryStructureToRemote/remote/outputDir/inputDir/subDir4/subDir4/file4
	at org.apache.hadoop.ozone.om.KeyManagerImpl.getFileStatus(KeyManagerImpl.java:1784) ~[hadoop-ozone-ozone-manager-0.5.0-SNAPSHOT.jar:?]
	at org.apache.hadoop.ozone.om.OzoneManager.getFileStatus(OzoneManager.java:2762) ~[hadoop-ozone-ozone-manager-0.5.0-SNAPSHOT.jar:?]
	at org.apache.hadoop.ozone.protocolPB.OzoneManagerRequestHandler.getOzoneFileStatus(OzoneManagerRequestHandler.java:1053) ~[hadoop-ozone-ozone-manager-0.5.0-SNAPSHOT.jar:?]
	at org.apache.hadoop.ozone.protocolPB.OzoneManagerRequestHandler.handle(OzoneManagerRequestHandler.java:340) ~[hadoop-ozone-ozone-manager-0.5.0-SNAPSHOT.jar:?]
	at org.apache.hadoop.ozone.protocolPB.OzoneManagerProtocolServerSideTranslatorPB.submitRequestDirectlyToOM(OzoneManagerProtocolServerSideTranslatorPB.java:208) ~[hadoop-ozone-ozone-manager-0.5.0-SNAPSHOT.jar:?]
	at org.apache.hadoop.ozone.protocolPB.OzoneManagerProtocolServerSideTranslatorPB.processRequest(OzoneManagerProtocolServerSideTranslatorPB.java:132) ~[hadoop-ozone-ozone-manager-0.5.0-SNAPSHOT.jar:?]
	at org.apache.hadoop.hdds.server.OzoneProtocolMessageDispatcher.processRequest(OzoneProtocolMessageDispatcher.java:72) [hadoop-hdds-server-framework-0.5.0-SNAPSHOT.jar:?]
	at org.apache.hadoop.ozone.protocolPB.OzoneManagerProtocolServerSideTranslatorPB.submitRequest(OzoneManagerProtocolServerSideTranslatorPB.java:100) [hadoop-ozone-ozone-manager-0.5.0-SNAPSHOT.jar:?]
	at org.apache.hadoop.ozone.protocol.proto.OzoneManagerProtocolProtos$OzoneManagerService$2.callBlockingMethod(OzoneManagerProtocolProtos.java) [hadoop-ozone-common-0.5.0-SNAPSHOT.jar:?]
	at org.apache.hadoop.ipc.ProtobufRpcEngine$Server$ProtoBufRpcInvoker.call(ProtobufRpcEngine.java:524) [hadoop-common-3.2.0.jar:?]
	at org.apache.hadoop.ipc.RPC$Server.call(RPC.java:1025) [hadoop-common-3.2.0.jar:?]
	at org.apache.hadoop.ipc.Server$RpcCall.run(Server.java:876) [hadoop-common-3.2.0.jar:?]
	at org.apache.hadoop.ipc.Server$RpcCall.run(Server.java:822) [hadoop-common-3.2.0.jar:?]
	at java.security.AccessController.doPrivileged(Native Method) [?:1.8.0_222]
	at javax.security.auth.Subject.doAs(Subject.java:422) [?:1.8.0_222]
	at org.apache.hadoop.security.UserGroupInformation.doAs(UserGroupInformation.java:1730) [hadoop-common-3.2.0.jar:?]
	at org.apache.hadoop.ipc.Server$Handler.run(Server.java:2682) [hadoop-common-3.2.0.jar:?]
17:31:59.167 [IPC Server handler 5 on 37190] ERROR OMAudit - user=jenkins1000 | ip=127.0.0.1 | op=GET_FILE_STATUS {volume=volume45730, bucket=bucket04445, key=test/ITestOzoneContractDistCp/testUpdateDeepDirectoryStructureToRemote/remote/outputDir/.distcp.tmp.attempt_local794810687_0007_m_000000_0, dataSize=0, replicationType=null, replicationFactor=null, keyLocationInfo=null} | ret=FAILURE
org.apache.hadoop.ozone.om.exceptions.OMException: Unable to get file status: volume: volume45730 bucket: bucket04445 key: test/ITestOzoneContractDistCp/testUpdateDeepDirectoryStructureToRemote/remote/outputDir/.distcp.tmp.attempt_local794810687_0007_m_000000_0
	at org.apache.hadoop.ozone.om.KeyManagerImpl.getFileStatus(KeyManagerImpl.java:1784) ~[hadoop-ozone-ozone-manager-0.5.0-SNAPSHOT.jar:?]
	at org.apache.hadoop.ozone.om.OzoneManager.getFileStatus(OzoneManager.java:2762) ~[hadoop-ozone-ozone-manager-0.5.0-SNAPSHOT.jar:?]
	at org.apache.hadoop.ozone.protocolPB.OzoneManagerRequestHandler.getOzoneFileStatus(OzoneManagerRequestHandler.java:1053) ~[hadoop-ozone-ozone-manager-0.5.0-SNAPSHOT.jar:?]
	at org.apache.hadoop.ozone.protocolPB.OzoneManagerRequestHandler.handle(OzoneManagerRequestHandler.java:340) ~[hadoop-ozone-ozone-manager-0.5.0-SNAPSHOT.jar:?]
	at org.apache.hadoop.ozone.protocolPB.OzoneManagerProtocolServerSideTranslatorPB.submitRequestDirectlyToOM(OzoneManagerProtocolServerSideTranslatorPB.java:208) ~[hadoop-ozone-ozone-manager-0.5.0-SNAPSHOT.jar:?]
	at org.apache.hadoop.ozone.protocolPB.OzoneManagerProtocolServerSideTranslatorPB.processRequest(OzoneManagerProtocolServerSideTranslatorPB.java:132) ~[hadoop-ozone-ozone-manager-0.5.0-SNAPSHOT.jar:?]
	at org.apache.hadoop.hdds.server.OzoneProtocolMessageDispatcher.processRequest(OzoneProtocolMessageDispatcher.java:72) [hadoop-hdds-server-framework-0.5.0-SNAPSHOT.jar:?]
	at org.apache.hadoop.ozone.protocolPB.OzoneManagerProtocolServerSideTranslatorPB.submitRequest(OzoneManagerProtocolServerSideTranslatorPB.java:100) [hadoop-ozone-ozone-manager-0.5.0-SNAPSHOT.jar:?]
	at org.apache.hadoop.ozone.protocol.proto.OzoneManagerProtocolProtos$OzoneManagerService$2.callBlockingMethod(OzoneManagerProtocolProtos.java) [hadoop-ozone-common-0.5.0-SNAPSHOT.jar:?]
	at org.apache.hadoop.ipc.ProtobufRpcEngine$Server$ProtoBufRpcInvoker.call(ProtobufRpcEngine.java:524) [hadoop-common-3.2.0.jar:?]
	at org.apache.hadoop.ipc.RPC$Server.call(RPC.java:1025) [hadoop-common-3.2.0.jar:?]
	at org.apache.hadoop.ipc.Server$RpcCall.run(Server.java:876) [hadoop-common-3.2.0.jar:?]
	at org.apache.hadoop.ipc.Server$RpcCall.run(Server.java:822) [hadoop-common-3.2.0.jar:?]
	at java.security.AccessController.doPrivileged(Native Method) [?:1.8.0_222]
	at javax.security.auth.Subject.doAs(Subject.java:422) [?:1.8.0_222]
	at org.apache.hadoop.security.UserGroupInformation.doAs(UserGroupInformation.java:1730) [hadoop-common-3.2.0.jar:?]
	at org.apache.hadoop.ipc.Server$Handler.run(Server.java:2682) [hadoop-common-3.2.0.jar:?]
2019-11-05 17:31:59,168 [LocalJobRunner Map Task Executor #0] WARN  ozone.BasicOzoneFileSystem (BasicOzoneFileSystem.java:delete(444)) - delete: Path does not exist: o3fs://bucket04445.volume45730/test/ITestOzoneContractDistCp/testUpdateDeepDirectoryStructureToRemote/remote/outputDir/.distcp.tmp.attempt_local794810687_0007_m_000000_0
2019-11-05 17:31:59,168 [LocalJobRunner Map Task Executor #0] INFO  mapred.CopyMapper (CopyMapper.java:map(154)) - Copying file:/workdir/hadoop-ozone/ozonefs/target/test-dir/ITestOzoneContractDistCp/testUpdateDeepDirectoryStructureToRemote/local/inputDir/subDir1/file2 to o3fs://bucket04445.volume45730/test/ITestOzoneContractDistCp/testUpdateDeepDirectoryStructureToRemote/remote/outputDir/inputDir/subDir1/file2
17:31:59.173 [IPC Server handler 15 on 37190] ERROR OMAudit - user=jenkins1000 | ip=127.0.0.1 | op=GET_FILE_STATUS {volume=volume45730, bucket=bucket04445, key=test/ITestOzoneContractDistCp/testUpdateDeepDirectoryStructureToRemote/remote/outputDir/inputDir/subDir1/file2, dataSize=0, replicationType=null, replicationFactor=null, keyLocationInfo=null} | ret=FAILURE
org.apache.hadoop.ozone.om.exceptions.OMException: Unable to get file status: volume: volume45730 bucket: bucket04445 key: test/ITestOzoneContractDistCp/testUpdateDeepDirectoryStructureToRemote/remote/outputDir/inputDir/subDir1/file2
	at org.apache.hadoop.ozone.om.KeyManagerImpl.getFileStatus(KeyManagerImpl.java:1784) ~[hadoop-ozone-ozone-manager-0.5.0-SNAPSHOT.jar:?]
	at org.apache.hadoop.ozone.om.OzoneManager.getFileStatus(OzoneManager.java:2762) ~[hadoop-ozone-ozone-manager-0.5.0-SNAPSHOT.jar:?]
	at org.apache.hadoop.ozone.protocolPB.OzoneManagerRequestHandler.getOzoneFileStatus(OzoneManagerRequestHandler.java:1053) ~[hadoop-ozone-ozone-manager-0.5.0-SNAPSHOT.jar:?]
	at org.apache.hadoop.ozone.protocolPB.OzoneManagerRequestHandler.handle(OzoneManagerRequestHandler.java:340) ~[hadoop-ozone-ozone-manager-0.5.0-SNAPSHOT.jar:?]
	at org.apache.hadoop.ozone.protocolPB.OzoneManagerProtocolServerSideTranslatorPB.submitRequestDirectlyToOM(OzoneManagerProtocolServerSideTranslatorPB.java:208) ~[hadoop-ozone-ozone-manager-0.5.0-SNAPSHOT.jar:?]
	at org.apache.hadoop.ozone.protocolPB.OzoneManagerProtocolServerSideTranslatorPB.processRequest(OzoneManagerProtocolServerSideTranslatorPB.java:132) ~[hadoop-ozone-ozone-manager-0.5.0-SNAPSHOT.jar:?]
	at org.apache.hadoop.hdds.server.OzoneProtocolMessageDispatcher.processRequest(OzoneProtocolMessageDispatcher.java:72) [hadoop-hdds-server-framework-0.5.0-SNAPSHOT.jar:?]
	at org.apache.hadoop.ozone.protocolPB.OzoneManagerProtocolServerSideTranslatorPB.submitRequest(OzoneManagerProtocolServerSideTranslatorPB.java:100) [hadoop-ozone-ozone-manager-0.5.0-SNAPSHOT.jar:?]
	at org.apache.hadoop.ozone.protocol.proto.OzoneManagerProtocolProtos$OzoneManagerService$2.callBlockingMethod(OzoneManagerProtocolProtos.java) [hadoop-ozone-common-0.5.0-SNAPSHOT.jar:?]
	at org.apache.hadoop.ipc.ProtobufRpcEngine$Server$ProtoBufRpcInvoker.call(ProtobufRpcEngine.java:524) [hadoop-common-3.2.0.jar:?]
	at org.apache.hadoop.ipc.RPC$Server.call(RPC.java:1025) [hadoop-common-3.2.0.jar:?]
	at org.apache.hadoop.ipc.Server$RpcCall.run(Server.java:876) [hadoop-common-3.2.0.jar:?]
	at org.apache.hadoop.ipc.Server$RpcCall.run(Server.java:822) [hadoop-common-3.2.0.jar:?]
	at java.security.AccessController.doPrivileged(Native Method) [?:1.8.0_222]
	at javax.security.auth.Subject.doAs(Subject.java:422) [?:1.8.0_222]
	at org.apache.hadoop.security.UserGroupInformation.doAs(UserGroupInformation.java:1730) [hadoop-common-3.2.0.jar:?]
	at org.apache.hadoop.ipc.Server$Handler.run(Server.java:2682) [hadoop-common-3.2.0.jar:?]
2019-11-05 17:31:59,174 [LocalJobRunner Map Task Executor #0] INFO  mapred.RetriableFileCopyCommand (RetriableFileCopyCommand.java:getTmpFile(260)) - Creating temp file: o3fs://bucket04445.volume45730/test/ITestOzoneContractDistCp/testUpdateDeepDirectoryStructureToRemote/remote/outputDir/.distcp.tmp.attempt_local794810687_0007_m_000000_0
17:31:59.263 [IPC Server handler 14 on 37190] ERROR OMAudit - user=jenkins1000 | ip=127.0.0.1 | op=GET_FILE_STATUS {volume=volume45730, bucket=bucket04445, key=test/ITestOzoneContractDistCp/testUpdateDeepDirectoryStructureToRemote/remote/outputDir/inputDir/subDir1/file2, dataSize=0, replicationType=null, replicationFactor=null, keyLocationInfo=null} | ret=FAILURE
org.apache.hadoop.ozone.om.exceptions.OMException: Unable to get file status: volume: volume45730 bucket: bucket04445 key: test/ITestOzoneContractDistCp/testUpdateDeepDirectoryStructureToRemote/remote/outputDir/inputDir/subDir1/file2
	at org.apache.hadoop.ozone.om.KeyManagerImpl.getFileStatus(KeyManagerImpl.java:1784) ~[hadoop-ozone-ozone-manager-0.5.0-SNAPSHOT.jar:?]
	at org.apache.hadoop.ozone.om.OzoneManager.getFileStatus(OzoneManager.java:2762) ~[hadoop-ozone-ozone-manager-0.5.0-SNAPSHOT.jar:?]
	at org.apache.hadoop.ozone.protocolPB.OzoneManagerRequestHandler.getOzoneFileStatus(OzoneManagerRequestHandler.java:1053) ~[hadoop-ozone-ozone-manager-0.5.0-SNAPSHOT.jar:?]
	at org.apache.hadoop.ozone.protocolPB.OzoneManagerRequestHandler.handle(OzoneManagerRequestHandler.java:340) ~[hadoop-ozone-ozone-manager-0.5.0-SNAPSHOT.jar:?]
	at org.apache.hadoop.ozone.protocolPB.OzoneManagerProtocolServerSideTranslatorPB.submitRequestDirectlyToOM(OzoneManagerProtocolServerSideTranslatorPB.java:208) ~[hadoop-ozone-ozone-manager-0.5.0-SNAPSHOT.jar:?]
	at org.apache.hadoop.ozone.protocolPB.OzoneManagerProtocolServerSideTranslatorPB.processRequest(OzoneManagerProtocolServerSideTranslatorPB.java:132) ~[hadoop-ozone-ozone-manager-0.5.0-SNAPSHOT.jar:?]
	at org.apache.hadoop.hdds.server.OzoneProtocolMessageDispatcher.processRequest(OzoneProtocolMessageDispatcher.java:72) [hadoop-hdds-server-framework-0.5.0-SNAPSHOT.jar:?]
	at org.apache.hadoop.ozone.protocolPB.OzoneManagerProtocolServerSideTranslatorPB.submitRequest(OzoneManagerProtocolServerSideTranslatorPB.java:100) [hadoop-ozone-ozone-manager-0.5.0-SNAPSHOT.jar:?]
	at org.apache.hadoop.ozone.protocol.proto.OzoneManagerProtocolProtos$OzoneManagerService$2.callBlockingMethod(OzoneManagerProtocolProtos.java) [hadoop-ozone-common-0.5.0-SNAPSHOT.jar:?]
	at org.apache.hadoop.ipc.ProtobufRpcEngine$Server$ProtoBufRpcInvoker.call(ProtobufRpcEngine.java:524) [hadoop-common-3.2.0.jar:?]
	at org.apache.hadoop.ipc.RPC$Server.call(RPC.java:1025) [hadoop-common-3.2.0.jar:?]
	at org.apache.hadoop.ipc.Server$RpcCall.run(Server.java:876) [hadoop-common-3.2.0.jar:?]
	at org.apache.hadoop.ipc.Server$RpcCall.run(Server.java:822) [hadoop-common-3.2.0.jar:?]
	at java.security.AccessController.doPrivileged(Native Method) [?:1.8.0_222]
	at javax.security.auth.Subject.doAs(Subject.java:422) [?:1.8.0_222]
	at org.apache.hadoop.security.UserGroupInformation.doAs(UserGroupInformation.java:1730) [hadoop-common-3.2.0.jar:?]
	at org.apache.hadoop.ipc.Server$Handler.run(Server.java:2682) [hadoop-common-3.2.0.jar:?]
17:31:59.264 [IPC Server handler 19 on 37190] ERROR OMAudit - user=jenkins1000 | ip=127.0.0.1 | op=GET_FILE_STATUS {volume=volume45730, bucket=bucket04445, key=test/ITestOzoneContractDistCp/testUpdateDeepDirectoryStructureToRemote/remote/outputDir/inputDir/subDir1, dataSize=0, replicationType=null, replicationFactor=null, keyLocationInfo=null} | ret=FAILURE
org.apache.hadoop.ozone.om.exceptions.OMException: Unable to get file status: volume: volume45730 bucket: bucket04445 key: test/ITestOzoneContractDistCp/testUpdateDeepDirectoryStructureToRemote/remote/outputDir/inputDir/subDir1
	at org.apache.hadoop.ozone.om.KeyManagerImpl.getFileStatus(KeyManagerImpl.java:1784) ~[hadoop-ozone-ozone-manager-0.5.0-SNAPSHOT.jar:?]
	at org.apache.hadoop.ozone.om.OzoneManager.getFileStatus(OzoneManager.java:2762) ~[hadoop-ozone-ozone-manager-0.5.0-SNAPSHOT.jar:?]
	at org.apache.hadoop.ozone.protocolPB.OzoneManagerRequestHandler.getOzoneFileStatus(OzoneManagerRequestHandler.java:1053) ~[hadoop-ozone-ozone-manager-0.5.0-SNAPSHOT.jar:?]
	at org.apache.hadoop.ozone.protocolPB.OzoneManagerRequestHandler.handle(OzoneManagerRequestHandler.java:340) ~[hadoop-ozone-ozone-manager-0.5.0-SNAPSHOT.jar:?]
	at org.apache.hadoop.ozone.protocolPB.OzoneManagerProtocolServerSideTranslatorPB.submitRequestDirectlyToOM(OzoneManagerProtocolServerSideTranslatorPB.java:208) ~[hadoop-ozone-ozone-manager-0.5.0-SNAPSHOT.jar:?]
	at org.apache.hadoop.ozone.protocolPB.OzoneManagerProtocolServerSideTranslatorPB.processRequest(OzoneManagerProtocolServerSideTranslatorPB.java:132) ~[hadoop-ozone-ozone-manager-0.5.0-SNAPSHOT.jar:?]
	at org.apache.hadoop.hdds.server.OzoneProtocolMessageDispatcher.processRequest(OzoneProtocolMessageDispatcher.java:72) [hadoop-hdds-server-framework-0.5.0-SNAPSHOT.jar:?]
	at org.apache.hadoop.ozone.protocolPB.OzoneManagerProtocolServerSideTranslatorPB.submitRequest(OzoneManagerProtocolServerSideTranslatorPB.java:100) [hadoop-ozone-ozone-manager-0.5.0-SNAPSHOT.jar:?]
	at org.apache.hadoop.ozone.protocol.proto.OzoneManagerProtocolProtos$OzoneManagerService$2.callBlockingMethod(OzoneManagerProtocolProtos.java) [hadoop-ozone-common-0.5.0-SNAPSHOT.jar:?]
	at org.apache.hadoop.ipc.ProtobufRpcEngine$Server$ProtoBufRpcInvoker.call(ProtobufRpcEngine.java:524) [hadoop-common-3.2.0.jar:?]
	at org.apache.hadoop.ipc.RPC$Server.call(RPC.java:1025) [hadoop-common-3.2.0.jar:?]
	at org.apache.hadoop.ipc.Server$RpcCall.run(Server.java:876) [hadoop-common-3.2.0.jar:?]
	at org.apache.hadoop.ipc.Server$RpcCall.run(Server.java:822) [hadoop-common-3.2.0.jar:?]
	at java.security.AccessController.doPrivileged(Native Method) [?:1.8.0_222]
	at javax.security.auth.Subject.doAs(Subject.java:422) [?:1.8.0_222]
	at org.apache.hadoop.security.UserGroupInformation.doAs(UserGroupInformation.java:1730) [hadoop-common-3.2.0.jar:?]
	at org.apache.hadoop.ipc.Server$Handler.run(Server.java:2682) [hadoop-common-3.2.0.jar:?]
17:31:59.279 [IPC Server handler 7 on 37190] ERROR OMAudit - user=jenkins1000 | ip=127.0.0.1 | op=GET_FILE_STATUS {volume=volume45730, bucket=bucket04445, key=test/ITestOzoneContractDistCp/testUpdateDeepDirectoryStructureToRemote/remote/outputDir/inputDir/subDir1/file2, dataSize=0, replicationType=null, replicationFactor=null, keyLocationInfo=null} | ret=FAILURE
org.apache.hadoop.ozone.om.exceptions.OMException: Unable to get file status: volume: volume45730 bucket: bucket04445 key: test/ITestOzoneContractDistCp/testUpdateDeepDirectoryStructureToRemote/remote/outputDir/inputDir/subDir1/file2
	at org.apache.hadoop.ozone.om.KeyManagerImpl.getFileStatus(KeyManagerImpl.java:1784) ~[hadoop-ozone-ozone-manager-0.5.0-SNAPSHOT.jar:?]
	at org.apache.hadoop.ozone.om.OzoneManager.getFileStatus(OzoneManager.java:2762) ~[hadoop-ozone-ozone-manager-0.5.0-SNAPSHOT.jar:?]
	at org.apache.hadoop.ozone.protocolPB.OzoneManagerRequestHandler.getOzoneFileStatus(OzoneManagerRequestHandler.java:1053) ~[hadoop-ozone-ozone-manager-0.5.0-SNAPSHOT.jar:?]
	at org.apache.hadoop.ozone.protocolPB.OzoneManagerRequestHandler.handle(OzoneManagerRequestHandler.java:340) ~[hadoop-ozone-ozone-manager-0.5.0-SNAPSHOT.jar:?]
	at org.apache.hadoop.ozone.protocolPB.OzoneManagerProtocolServerSideTranslatorPB.submitRequestDirectlyToOM(OzoneManagerProtocolServerSideTranslatorPB.java:208) ~[hadoop-ozone-ozone-manager-0.5.0-SNAPSHOT.jar:?]
	at org.apache.hadoop.ozone.protocolPB.OzoneManagerProtocolServerSideTranslatorPB.processRequest(OzoneManagerProtocolServerSideTranslatorPB.java:132) ~[hadoop-ozone-ozone-manager-0.5.0-SNAPSHOT.jar:?]
	at org.apache.hadoop.hdds.server.OzoneProtocolMessageDispatcher.processRequest(OzoneProtocolMessageDispatcher.java:72) [hadoop-hdds-server-framework-0.5.0-SNAPSHOT.jar:?]
	at org.apache.hadoop.ozone.protocolPB.OzoneManagerProtocolServerSideTranslatorPB.submitRequest(OzoneManagerProtocolServerSideTranslatorPB.java:100) [hadoop-ozone-ozone-manager-0.5.0-SNAPSHOT.jar:?]
	at org.apache.hadoop.ozone.protocol.proto.OzoneManagerProtocolProtos$OzoneManagerService$2.callBlockingMethod(OzoneManagerProtocolProtos.java) [hadoop-ozone-common-0.5.0-SNAPSHOT.jar:?]
	at org.apache.hadoop.ipc.ProtobufRpcEngine$Server$ProtoBufRpcInvoker.call(ProtobufRpcEngine.java:524) [hadoop-common-3.2.0.jar:?]
	at org.apache.hadoop.ipc.RPC$Server.call(RPC.java:1025) [hadoop-common-3.2.0.jar:?]
	at org.apache.hadoop.ipc.Server$RpcCall.run(Server.java:876) [hadoop-common-3.2.0.jar:?]
	at org.apache.hadoop.ipc.Server$RpcCall.run(Server.java:822) [hadoop-common-3.2.0.jar:?]
	at java.security.AccessController.doPrivileged(Native Method) [?:1.8.0_222]
	at javax.security.auth.Subject.doAs(Subject.java:422) [?:1.8.0_222]
	at org.apache.hadoop.security.UserGroupInformation.doAs(UserGroupInformation.java:1730) [hadoop-common-3.2.0.jar:?]
	at org.apache.hadoop.ipc.Server$Handler.run(Server.java:2682) [hadoop-common-3.2.0.jar:?]
17:31:59.297 [IPC Server handler 1 on 37190] ERROR OMAudit - user=jenkins1000 | ip=127.0.0.1 | op=GET_FILE_STATUS {volume=volume45730, bucket=bucket04445, key=test/ITestOzoneContractDistCp/testUpdateDeepDirectoryStructureToRemote/remote/outputDir/.distcp.tmp.attempt_local794810687_0007_m_000000_0, dataSize=0, replicationType=null, replicationFactor=null, keyLocationInfo=null} | ret=FAILURE
org.apache.hadoop.ozone.om.exceptions.OMException: Unable to get file status: volume: volume45730 bucket: bucket04445 key: test/ITestOzoneContractDistCp/testUpdateDeepDirectoryStructureToRemote/remote/outputDir/.distcp.tmp.attempt_local794810687_0007_m_000000_0
	at org.apache.hadoop.ozone.om.KeyManagerImpl.getFileStatus(KeyManagerImpl.java:1784) ~[hadoop-ozone-ozone-manager-0.5.0-SNAPSHOT.jar:?]
	at org.apache.hadoop.ozone.om.OzoneManager.getFileStatus(OzoneManager.java:2762) ~[hadoop-ozone-ozone-manager-0.5.0-SNAPSHOT.jar:?]
	at org.apache.hadoop.ozone.protocolPB.OzoneManagerRequestHandler.getOzoneFileStatus(OzoneManagerRequestHandler.java:1053) ~[hadoop-ozone-ozone-manager-0.5.0-SNAPSHOT.jar:?]
	at org.apache.hadoop.ozone.protocolPB.OzoneManagerRequestHandler.handle(OzoneManagerRequestHandler.java:340) ~[hadoop-ozone-ozone-manager-0.5.0-SNAPSHOT.jar:?]
	at org.apache.hadoop.ozone.protocolPB.OzoneManagerProtocolServerSideTranslatorPB.submitRequestDirectlyToOM(OzoneManagerProtocolServerSideTranslatorPB.java:208) ~[hadoop-ozone-ozone-manager-0.5.0-SNAPSHOT.jar:?]
	at org.apache.hadoop.ozone.protocolPB.OzoneManagerProtocolServerSideTranslatorPB.processRequest(OzoneManagerProtocolServerSideTranslatorPB.java:132) ~[hadoop-ozone-ozone-manager-0.5.0-SNAPSHOT.jar:?]
	at org.apache.hadoop.hdds.server.OzoneProtocolMessageDispatcher.processRequest(OzoneProtocolMessageDispatcher.java:72) [hadoop-hdds-server-framework-0.5.0-SNAPSHOT.jar:?]
	at org.apache.hadoop.ozone.protocolPB.OzoneManagerProtocolServerSideTranslatorPB.submitRequest(OzoneManagerProtocolServerSideTranslatorPB.java:100) [hadoop-ozone-ozone-manager-0.5.0-SNAPSHOT.jar:?]
	at org.apache.hadoop.ozone.protocol.proto.OzoneManagerProtocolProtos$OzoneManagerService$2.callBlockingMethod(OzoneManagerProtocolProtos.java) [hadoop-ozone-common-0.5.0-SNAPSHOT.jar:?]
	at org.apache.hadoop.ipc.ProtobufRpcEngine$Server$ProtoBufRpcInvoker.call(ProtobufRpcEngine.java:524) [hadoop-common-3.2.0.jar:?]
	at org.apache.hadoop.ipc.RPC$Server.call(RPC.java:1025) [hadoop-common-3.2.0.jar:?]
	at org.apache.hadoop.ipc.Server$RpcCall.run(Server.java:876) [hadoop-common-3.2.0.jar:?]
	at org.apache.hadoop.ipc.Server$RpcCall.run(Server.java:822) [hadoop-common-3.2.0.jar:?]
	at java.security.AccessController.doPrivileged(Native Method) [?:1.8.0_222]
	at javax.security.auth.Subject.doAs(Subject.java:422) [?:1.8.0_222]
	at org.apache.hadoop.security.UserGroupInformation.doAs(UserGroupInformation.java:1730) [hadoop-common-3.2.0.jar:?]
	at org.apache.hadoop.ipc.Server$Handler.run(Server.java:2682) [hadoop-common-3.2.0.jar:?]
2019-11-05 17:31:59,298 [LocalJobRunner Map Task Executor #0] WARN  ozone.BasicOzoneFileSystem (BasicOzoneFileSystem.java:delete(444)) - delete: Path does not exist: o3fs://bucket04445.volume45730/test/ITestOzoneContractDistCp/testUpdateDeepDirectoryStructureToRemote/remote/outputDir/.distcp.tmp.attempt_local794810687_0007_m_000000_0
2019-11-05 17:31:59,298 [LocalJobRunner Map Task Executor #0] INFO  mapred.LocalJobRunner (LocalJobRunner.java:statusUpdate(634)) - 
2019-11-05 17:31:59,299 [LocalJobRunner Map Task Executor #0] INFO  mapred.Task (Task.java:done(1244)) - Task:attempt_local794810687_0007_m_000000_0 is done. And is in the process of committing
2019-11-05 17:31:59,299 [LocalJobRunner Map Task Executor #0] INFO  mapred.LocalJobRunner (LocalJobRunner.java:statusUpdate(634)) - 
2019-11-05 17:31:59,299 [LocalJobRunner Map Task Executor #0] INFO  mapred.Task (Task.java:commit(1421)) - Task attempt_local794810687_0007_m_000000_0 is allowed to commit now
2019-11-05 17:31:59,300 [LocalJobRunner Map Task Executor #0] INFO  output.FileOutputCommitter (FileOutputCommitter.java:commitTask(598)) - Saved output of task 'attempt_local794810687_0007_m_000000_0' to file:/tmp/hadoop/mapred/staging/jenkins10001772345032/.staging/_distcp877002930/_logs
2019-11-05 17:31:59,307 [LocalJobRunner Map Task Executor #0] INFO  mapred.LocalJobRunner (LocalJobRunner.java:statusUpdate(634)) - 100.0% Copying file:/workdir/hadoop-ozone/ozonefs/target/test-dir/ITestOzoneContractDistCp/testUpdateDeepDirectoryStructureToRemote/local/inputDir/subDir1/file2 to o3fs://bucket04445.volume45730/test/ITestOzoneContractDistCp/testUpdateDeepDirectoryStructureToRemote/remote/outputDir/inputDir/subDir1/file2 [200.0B/200.0B]
2019-11-05 17:31:59,307 [LocalJobRunner Map Task Executor #0] INFO  mapred.Task (Task.java:sendDone(1380)) - Task 'attempt_local794810687_0007_m_000000_0' done.
2019-11-05 17:31:59,307 [LocalJobRunner Map Task Executor #0] INFO  mapred.Task (Task.java:done(1276)) - Final Counters for attempt_local794810687_0007_m_000000_0: Counters: 24
	File System Counters
		FILE: Number of bytes read=20515509
		FILE: Number of bytes written=24725676
		FILE: Number of read operations=0
		FILE: Number of large read operations=0
		FILE: Number of write operations=0
		O3FS: Number of bytes read=0
		O3FS: Number of bytes written=18878868
		O3FS: Number of read operations=378
		O3FS: Number of large read operations=0
		O3FS: Number of write operations=81
	Map-Reduce Framework
		Map input records=5
		Map output records=0
		Input split bytes=157
		Spilled Records=0
		Failed Shuffles=0
		Merged Map outputs=0
		GC time elapsed (ms)=0
		Total committed heap usage (bytes)=1999634432
	File Input Format Counters 
		Bytes Read=3157
	File Output Format Counters 
		Bytes Written=8
	DistCp Counters
		Bandwidth in Btyes=1500
		Bytes Copied=1500
		Bytes Expected=1500
		Files Copied=5
2019-11-05 17:31:59,307 [LocalJobRunner Map Task Executor #0] INFO  mapred.LocalJobRunner (LocalJobRunner.java:run(277)) - Finishing task: attempt_local794810687_0007_m_000000_0
2019-11-05 17:31:59,307 [LocalJobRunner Map Task Executor #0] INFO  mapred.LocalJobRunner (LocalJobRunner.java:run(252)) - Starting task: attempt_local794810687_0007_m_000001_0
2019-11-05 17:31:59,308 [LocalJobRunner Map Task Executor #0] INFO  output.FileOutputCommitter (FileOutputCommitter.java:<init>(140)) - File Output Committer Algorithm version is 2
2019-11-05 17:31:59,308 [LocalJobRunner Map Task Executor #0] INFO  output.FileOutputCommitter (FileOutputCommitter.java:<init>(155)) - FileOutputCommitter skip cleanup _temporary folders under output directory:false, ignore cleanup failures: false
2019-11-05 17:31:59,308 [LocalJobRunner Map Task Executor #0] INFO  mapred.Task (Task.java:initialize(626)) -  Using ResourceCalculatorProcessTree : [ ]
2019-11-05 17:31:59,309 [LocalJobRunner Map Task Executor #0] INFO  mapred.MapTask (MapTask.java:runNewMapper(768)) - Processing split: file:/tmp/hadoop/mapred/staging/jenkins10001772345032/.staging/_distcp877002930/fileList.seq:0+327
2019-11-05 17:31:59,309 [LocalJobRunner Map Task Executor #0] INFO  output.FileOutputCommitter (FileOutputCommitter.java:<init>(140)) - File Output Committer Algorithm version is 2
2019-11-05 17:31:59,310 [LocalJobRunner Map Task Executor #0] INFO  output.FileOutputCommitter (FileOutputCommitter.java:<init>(155)) - FileOutputCommitter skip cleanup _temporary folders under output directory:false, ignore cleanup failures: false
2019-11-05 17:31:59,333 [LocalJobRunner Map Task Executor #0] INFO  mapred.CopyMapper (CopyMapper.java:map(154)) - Copying file:/workdir/hadoop-ozone/ozonefs/target/test-dir/ITestOzoneContractDistCp/testUpdateDeepDirectoryStructureToRemote/local/inputDir to o3fs://bucket04445.volume45730/test/ITestOzoneContractDistCp/testUpdateDeepDirectoryStructureToRemote/remote/outputDir/inputDir
2019-11-05 17:31:59,341 [Thread-1046] INFO  mapreduce.Job (Job.java:monitorAndPrintJob(1640)) - Job job_local794810687_0007 running in uber mode : false
2019-11-05 17:31:59,343 [Thread-1046] INFO  mapreduce.Job (Job.java:monitorAndPrintJob(1647)) -  map 100% reduce 0%
2019-11-05 17:31:59,383 [LocalJobRunner Map Task Executor #0] INFO  mapred.LocalJobRunner (LocalJobRunner.java:statusUpdate(634)) - 
2019-11-05 17:31:59,384 [LocalJobRunner Map Task Executor #0] INFO  mapred.Task (Task.java:done(1244)) - Task:attempt_local794810687_0007_m_000001_0 is done. And is in the process of committing
2019-11-05 17:31:59,384 [LocalJobRunner Map Task Executor #0] INFO  mapred.LocalJobRunner (LocalJobRunner.java:statusUpdate(634)) - 
2019-11-05 17:31:59,385 [LocalJobRunner Map Task Executor #0] INFO  mapred.Task (Task.java:commit(1421)) - Task attempt_local794810687_0007_m_000001_0 is allowed to commit now
2019-11-05 17:31:59,386 [LocalJobRunner Map Task Executor #0] INFO  output.FileOutputCommitter (FileOutputCommitter.java:commitTask(598)) - Saved output of task 'attempt_local794810687_0007_m_000001_0' to file:/tmp/hadoop/mapred/staging/jenkins10001772345032/.staging/_distcp877002930/_logs
2019-11-05 17:31:59,387 [LocalJobRunner Map Task Executor #0] INFO  mapred.LocalJobRunner (LocalJobRunner.java:statusUpdate(634)) - Copying file:/workdir/hadoop-ozone/ozonefs/target/test-dir/ITestOzoneContractDistCp/testUpdateDeepDirectoryStructureToRemote/local/inputDir to o3fs://bucket04445.volume45730/test/ITestOzoneContractDistCp/testUpdateDeepDirectoryStructureToRemote/remote/outputDir/inputDir
2019-11-05 17:31:59,388 [LocalJobRunner Map Task Executor #0] INFO  mapred.Task (Task.java:sendDone(1380)) - Task 'attempt_local794810687_0007_m_000001_0' done.
2019-11-05 17:31:59,389 [LocalJobRunner Map Task Executor #0] INFO  mapred.Task (Task.java:done(1276)) - Final Counters for attempt_local794810687_0007_m_000001_0: Counters: 22
	File System Counters
		FILE: Number of bytes read=20519792
		FILE: Number of bytes written=24725684
		FILE: Number of read operations=0
		FILE: Number of large read operations=0
		FILE: Number of write operations=0
		O3FS: Number of bytes read=0
		O3FS: Number of bytes written=18878868
		O3FS: Number of read operations=380
		O3FS: Number of large read operations=0
		O3FS: Number of write operations=81
	Map-Reduce Framework
		Map input records=1
		Map output records=0
		Input split bytes=157
		Spilled Records=0
		Failed Shuffles=0
		Merged Map outputs=0
		GC time elapsed (ms)=0
		Total committed heap usage (bytes)=1999634432
	File Input Format Counters 
		Bytes Read=3157
	File Output Format Counters 
		Bytes Written=8
	DistCp Counters
		Bandwidth in Btyes=0
		DIR_COPY=1
2019-11-05 17:31:59,389 [LocalJobRunner Map Task Executor #0] INFO  mapred.LocalJobRunner (LocalJobRunner.java:run(277)) - Finishing task: attempt_local794810687_0007_m_000001_0
2019-11-05 17:31:59,389 [LocalJobRunner Map Task Executor #0] INFO  mapred.LocalJobRunner (LocalJobRunner.java:run(252)) - Starting task: attempt_local794810687_0007_m_000002_0
2019-11-05 17:31:59,390 [LocalJobRunner Map Task Executor #0] INFO  output.FileOutputCommitter (FileOutputCommitter.java:<init>(140)) - File Output Committer Algorithm version is 2
2019-11-05 17:31:59,390 [LocalJobRunner Map Task Executor #0] INFO  output.FileOutputCommitter (FileOutputCommitter.java:<init>(155)) - FileOutputCommitter skip cleanup _temporary folders under output directory:false, ignore cleanup failures: false
2019-11-05 17:31:59,390 [LocalJobRunner Map Task Executor #0] INFO  mapred.Task (Task.java:initialize(626)) -  Using ResourceCalculatorProcessTree : [ ]
2019-11-05 17:31:59,391 [LocalJobRunner Map Task Executor #0] INFO  mapred.MapTask (MapTask.java:runNewMapper(768)) - Processing split: file:/tmp/hadoop/mapred/staging/jenkins10001772345032/.staging/_distcp877002930/fileList.seq:2009+281
2019-11-05 17:31:59,392 [LocalJobRunner Map Task Executor #0] INFO  output.FileOutputCommitter (FileOutputCommitter.java:<init>(140)) - File Output Committer Algorithm version is 2
2019-11-05 17:31:59,392 [LocalJobRunner Map Task Executor #0] INFO  output.FileOutputCommitter (FileOutputCommitter.java:<init>(155)) - FileOutputCommitter skip cleanup _temporary folders under output directory:false, ignore cleanup failures: false
2019-11-05 17:31:59,501 [LocalJobRunner Map Task Executor #0] INFO  mapred.CopyMapper (CopyMapper.java:map(154)) - Copying file:/workdir/hadoop-ozone/ozonefs/target/test-dir/ITestOzoneContractDistCp/testUpdateDeepDirectoryStructureToRemote/local/inputDir/subDir2/subDir2 to o3fs://bucket04445.volume45730/test/ITestOzoneContractDistCp/testUpdateDeepDirectoryStructureToRemote/remote/outputDir/inputDir/subDir2/subDir2
2019-11-05 17:31:59,523 [LocalJobRunner Map Task Executor #0] INFO  mapred.LocalJobRunner (LocalJobRunner.java:statusUpdate(634)) - 
2019-11-05 17:31:59,526 [LocalJobRunner Map Task Executor #0] INFO  mapred.Task (Task.java:done(1244)) - Task:attempt_local794810687_0007_m_000002_0 is done. And is in the process of committing
2019-11-05 17:31:59,527 [LocalJobRunner Map Task Executor #0] INFO  mapred.LocalJobRunner (LocalJobRunner.java:statusUpdate(634)) - 
2019-11-05 17:31:59,527 [LocalJobRunner Map Task Executor #0] INFO  mapred.Task (Task.java:commit(1421)) - Task attempt_local794810687_0007_m_000002_0 is allowed to commit now
2019-11-05 17:31:59,537 [LocalJobRunner Map Task Executor #0] INFO  output.FileOutputCommitter (FileOutputCommitter.java:commitTask(598)) - Saved output of task 'attempt_local794810687_0007_m_000002_0' to file:/tmp/hadoop/mapred/staging/jenkins10001772345032/.staging/_distcp877002930/_logs
2019-11-05 17:31:59,538 [LocalJobRunner Map Task Executor #0] INFO  mapred.LocalJobRunner (LocalJobRunner.java:statusUpdate(634)) - Copying file:/workdir/hadoop-ozone/ozonefs/target/test-dir/ITestOzoneContractDistCp/testUpdateDeepDirectoryStructureToRemote/local/inputDir/subDir2/subDir2 to o3fs://bucket04445.volume45730/test/ITestOzoneContractDistCp/testUpdateDeepDirectoryStructureToRemote/remote/outputDir/inputDir/subDir2/subDir2
2019-11-05 17:31:59,538 [LocalJobRunner Map Task Executor #0] INFO  mapred.Task (Task.java:sendDone(1380)) - Task 'attempt_local794810687_0007_m_000002_0' done.
2019-11-05 17:31:59,538 [LocalJobRunner Map Task Executor #0] INFO  mapred.Task (Task.java:done(1276)) - Final Counters for attempt_local794810687_0007_m_000002_0: Counters: 22
	File System Counters
		FILE: Number of bytes read=20524075
		FILE: Number of bytes written=24725692
		FILE: Number of read operations=0
		FILE: Number of large read operations=0
		FILE: Number of write operations=0
		O3FS: Number of bytes read=0
		O3FS: Number of bytes written=18878868
		O3FS: Number of read operations=382
		O3FS: Number of large read operations=0
		O3FS: Number of write operations=81
	Map-Reduce Framework
		Map input records=1
		Map output records=0
		Input split bytes=157
		Spilled Records=0
		Failed Shuffles=0
		Merged Map outputs=0
		GC time elapsed (ms)=0
		Total committed heap usage (bytes)=1999634432
	File Input Format Counters 
		Bytes Read=3157
	File Output Format Counters 
		Bytes Written=8
	DistCp Counters
		Bandwidth in Btyes=0
		DIR_COPY=1
2019-11-05 17:31:59,538 [LocalJobRunner Map Task Executor #0] INFO  mapred.LocalJobRunner (LocalJobRunner.java:run(277)) - Finishing task: attempt_local794810687_0007_m_000002_0
2019-11-05 17:31:59,538 [LocalJobRunner Map Task Executor #0] INFO  mapred.LocalJobRunner (LocalJobRunner.java:run(252)) - Starting task: attempt_local794810687_0007_m_000003_0
2019-11-05 17:31:59,539 [LocalJobRunner Map Task Executor #0] INFO  output.FileOutputCommitter (FileOutputCommitter.java:<init>(140)) - File Output Committer Algorithm version is 2
2019-11-05 17:31:59,539 [LocalJobRunner Map Task Executor #0] INFO  output.FileOutputCommitter (FileOutputCommitter.java:<init>(155)) - FileOutputCommitter skip cleanup _temporary folders under output directory:false, ignore cleanup failures: false
2019-11-05 17:31:59,539 [LocalJobRunner Map Task Executor #0] INFO  mapred.Task (Task.java:initialize(626)) -  Using ResourceCalculatorProcessTree : [ ]
2019-11-05 17:31:59,540 [LocalJobRunner Map Task Executor #0] INFO  mapred.MapTask (MapTask.java:runNewMapper(768)) - Processing split: file:/tmp/hadoop/mapred/staging/jenkins10001772345032/.staging/_distcp877002930/fileList.seq:2555+281
2019-11-05 17:31:59,541 [LocalJobRunner Map Task Executor #0] INFO  output.FileOutputCommitter (FileOutputCommitter.java:<init>(140)) - File Output Committer Algorithm version is 2
2019-11-05 17:31:59,541 [LocalJobRunner Map Task Executor #0] INFO  output.FileOutputCommitter (FileOutputCommitter.java:<init>(155)) - FileOutputCommitter skip cleanup _temporary folders under output directory:false, ignore cleanup failures: false
2019-11-05 17:31:59,558 [LocalJobRunner Map Task Executor #0] INFO  mapred.CopyMapper (CopyMapper.java:map(154)) - Copying file:/workdir/hadoop-ozone/ozonefs/target/test-dir/ITestOzoneContractDistCp/testUpdateDeepDirectoryStructureToRemote/local/inputDir/subDir4/subDir4 to o3fs://bucket04445.volume45730/test/ITestOzoneContractDistCp/testUpdateDeepDirectoryStructureToRemote/remote/outputDir/inputDir/subDir4/subDir4
2019-11-05 17:31:59,591 [LocalJobRunner Map Task Executor #0] INFO  mapred.LocalJobRunner (LocalJobRunner.java:statusUpdate(634)) - 
2019-11-05 17:31:59,609 [LocalJobRunner Map Task Executor #0] INFO  mapred.Task (Task.java:done(1244)) - Task:attempt_local794810687_0007_m_000003_0 is done. And is in the process of committing
2019-11-05 17:31:59,610 [LocalJobRunner Map Task Executor #0] INFO  mapred.LocalJobRunner (LocalJobRunner.java:statusUpdate(634)) - 
2019-11-05 17:31:59,610 [LocalJobRunner Map Task Executor #0] INFO  mapred.Task (Task.java:commit(1421)) - Task attempt_local794810687_0007_m_000003_0 is allowed to commit now
2019-11-05 17:31:59,611 [LocalJobRunner Map Task Executor #0] INFO  output.FileOutputCommitter (FileOutputCommitter.java:commitTask(598)) - Saved output of task 'attempt_local794810687_0007_m_000003_0' to file:/tmp/hadoop/mapred/staging/jenkins10001772345032/.staging/_distcp877002930/_logs
2019-11-05 17:31:59,612 [LocalJobRunner Map Task Executor #0] INFO  mapred.LocalJobRunner (LocalJobRunner.java:statusUpdate(634)) - Copying file:/workdir/hadoop-ozone/ozonefs/target/test-dir/ITestOzoneContractDistCp/testUpdateDeepDirectoryStructureToRemote/local/inputDir/subDir4/subDir4 to o3fs://bucket04445.volume45730/test/ITestOzoneContractDistCp/testUpdateDeepDirectoryStructureToRemote/remote/outputDir/inputDir/subDir4/subDir4
2019-11-05 17:31:59,612 [LocalJobRunner Map Task Executor #0] INFO  mapred.Task (Task.java:sendDone(1380)) - Task 'attempt_local794810687_0007_m_000003_0' done.
2019-11-05 17:31:59,612 [LocalJobRunner Map Task Executor #0] INFO  mapred.Task (Task.java:done(1276)) - Final Counters for attempt_local794810687_0007_m_000003_0: Counters: 22
	File System Counters
		FILE: Number of bytes read=20528358
		FILE: Number of bytes written=24725700
		FILE: Number of read operations=0
		FILE: Number of large read operations=0
		FILE: Number of write operations=0
		O3FS: Number of bytes read=0
		O3FS: Number of bytes written=18878868
		O3FS: Number of read operations=384
		O3FS: Number of large read operations=0
		O3FS: Number of write operations=81
	Map-Reduce Framework
		Map input records=1
		Map output records=0
		Input split bytes=157
		Spilled Records=0
		Failed Shuffles=0
		Merged Map outputs=0
		GC time elapsed (ms)=0
		Total committed heap usage (bytes)=1999634432
	File Input Format Counters 
		Bytes Read=3157
	File Output Format Counters 
		Bytes Written=8
	DistCp Counters
		Bandwidth in Btyes=0
		DIR_COPY=1
2019-11-05 17:31:59,612 [LocalJobRunner Map Task Executor #0] INFO  mapred.LocalJobRunner (LocalJobRunner.java:run(277)) - Finishing task: attempt_local794810687_0007_m_000003_0
2019-11-05 17:31:59,613 [LocalJobRunner Map Task Executor #0] INFO  mapred.LocalJobRunner (LocalJobRunner.java:run(252)) - Starting task: attempt_local794810687_0007_m_000004_0
2019-11-05 17:31:59,613 [LocalJobRunner Map Task Executor #0] INFO  output.FileOutputCommitter (FileOutputCommitter.java:<init>(140)) - File Output Committer Algorithm version is 2
2019-11-05 17:31:59,613 [LocalJobRunner Map Task Executor #0] INFO  output.FileOutputCommitter (FileOutputCommitter.java:<init>(155)) - FileOutputCommitter skip cleanup _temporary folders under output directory:false, ignore cleanup failures: false
2019-11-05 17:31:59,614 [LocalJobRunner Map Task Executor #0] INFO  mapred.Task (Task.java:initialize(626)) -  Using ResourceCalculatorProcessTree : [ ]
2019-11-05 17:31:59,615 [LocalJobRunner Map Task Executor #0] INFO  mapred.MapTask (MapTask.java:runNewMapper(768)) - Processing split: file:/tmp/hadoop/mapred/staging/jenkins10001772345032/.staging/_distcp877002930/fileList.seq:327+265
2019-11-05 17:31:59,615 [LocalJobRunner Map Task Executor #0] INFO  output.FileOutputCommitter (FileOutputCommitter.java:<init>(140)) - File Output Committer Algorithm version is 2
2019-11-05 17:31:59,615 [LocalJobRunner Map Task Executor #0] INFO  output.FileOutputCommitter (FileOutputCommitter.java:<init>(155)) - FileOutputCommitter skip cleanup _temporary folders under output directory:false, ignore cleanup failures: false
2019-11-05 17:31:59,631 [LocalJobRunner Map Task Executor #0] INFO  mapred.CopyMapper (CopyMapper.java:map(154)) - Copying file:/workdir/hadoop-ozone/ozonefs/target/test-dir/ITestOzoneContractDistCp/testUpdateDeepDirectoryStructureToRemote/local/inputDir/subDir4 to o3fs://bucket04445.volume45730/test/ITestOzoneContractDistCp/testUpdateDeepDirectoryStructureToRemote/remote/outputDir/inputDir/subDir4
2019-11-05 17:31:59,646 [LocalJobRunner Map Task Executor #0] INFO  mapred.LocalJobRunner (LocalJobRunner.java:statusUpdate(634)) - 
2019-11-05 17:31:59,646 [LocalJobRunner Map Task Executor #0] INFO  mapred.Task (Task.java:done(1244)) - Task:attempt_local794810687_0007_m_000004_0 is done. And is in the process of committing
2019-11-05 17:31:59,647 [LocalJobRunner Map Task Executor #0] INFO  mapred.LocalJobRunner (LocalJobRunner.java:statusUpdate(634)) - 
2019-11-05 17:31:59,647 [LocalJobRunner Map Task Executor #0] INFO  mapred.Task (Task.java:commit(1421)) - Task attempt_local794810687_0007_m_000004_0 is allowed to commit now
2019-11-05 17:31:59,648 [LocalJobRunner Map Task Executor #0] INFO  output.FileOutputCommitter (FileOutputCommitter.java:commitTask(598)) - Saved output of task 'attempt_local794810687_0007_m_000004_0' to file:/tmp/hadoop/mapred/staging/jenkins10001772345032/.staging/_distcp877002930/_logs
2019-11-05 17:31:59,649 [LocalJobRunner Map Task Executor #0] INFO  mapred.LocalJobRunner (LocalJobRunner.java:statusUpdate(634)) - Copying file:/workdir/hadoop-ozone/ozonefs/target/test-dir/ITestOzoneContractDistCp/testUpdateDeepDirectoryStructureToRemote/local/inputDir/subDir4 to o3fs://bucket04445.volume45730/test/ITestOzoneContractDistCp/testUpdateDeepDirectoryStructureToRemote/remote/outputDir/inputDir/subDir4
2019-11-05 17:31:59,649 [LocalJobRunner Map Task Executor #0] INFO  mapred.Task (Task.java:sendDone(1380)) - Task 'attempt_local794810687_0007_m_000004_0' done.
2019-11-05 17:31:59,649 [LocalJobRunner Map Task Executor #0] INFO  mapred.Task (Task.java:done(1276)) - Final Counters for attempt_local794810687_0007_m_000004_0: Counters: 22
	File System Counters
		FILE: Number of bytes read=20532129
		FILE: Number of bytes written=24725708
		FILE: Number of read operations=0
		FILE: Number of large read operations=0
		FILE: Number of write operations=0
		O3FS: Number of bytes read=0
		O3FS: Number of bytes written=18878868
		O3FS: Number of read operations=386
		O3FS: Number of large read operations=0
		O3FS: Number of write operations=81
	Map-Reduce Framework
		Map input records=1
		Map output records=0
		Input split bytes=157
		Spilled Records=0
		Failed Shuffles=0
		Merged Map outputs=0
		GC time elapsed (ms)=0
		Total committed heap usage (bytes)=1999634432
	File Input Format Counters 
		Bytes Read=3157
	File Output Format Counters 
		Bytes Written=8
	DistCp Counters
		Bandwidth in Btyes=0
		DIR_COPY=1
2019-11-05 17:31:59,649 [LocalJobRunner Map Task Executor #0] INFO  mapred.LocalJobRunner (LocalJobRunner.java:run(277)) - Finishing task: attempt_local794810687_0007_m_000004_0
2019-11-05 17:31:59,650 [LocalJobRunner Map Task Executor #0] INFO  mapred.LocalJobRunner (LocalJobRunner.java:run(252)) - Starting task: attempt_local794810687_0007_m_000005_0
2019-11-05 17:31:59,651 [LocalJobRunner Map Task Executor #0] INFO  output.FileOutputCommitter (FileOutputCommitter.java:<init>(140)) - File Output Committer Algorithm version is 2
2019-11-05 17:31:59,651 [LocalJobRunner Map Task Executor #0] INFO  output.FileOutputCommitter (FileOutputCommitter.java:<init>(155)) - FileOutputCommitter skip cleanup _temporary folders under output directory:false, ignore cleanup failures: false
2019-11-05 17:31:59,651 [LocalJobRunner Map Task Executor #0] INFO  mapred.Task (Task.java:initialize(626)) -  Using ResourceCalculatorProcessTree : [ ]
2019-11-05 17:31:59,652 [LocalJobRunner Map Task Executor #0] INFO  mapred.MapTask (MapTask.java:runNewMapper(768)) - Processing split: file:/tmp/hadoop/mapred/staging/jenkins10001772345032/.staging/_distcp877002930/fileList.seq:2290+265
2019-11-05 17:31:59,652 [LocalJobRunner Map Task Executor #0] INFO  output.FileOutputCommitter (FileOutputCommitter.java:<init>(140)) - File Output Committer Algorithm version is 2
2019-11-05 17:31:59,652 [LocalJobRunner Map Task Executor #0] INFO  output.FileOutputCommitter (FileOutputCommitter.java:<init>(155)) - FileOutputCommitter skip cleanup _temporary folders under output directory:false, ignore cleanup failures: false
2019-11-05 17:31:59,697 [LocalJobRunner Map Task Executor #0] INFO  mapred.CopyMapper (CopyMapper.java:map(154)) - Copying file:/workdir/hadoop-ozone/ozonefs/target/test-dir/ITestOzoneContractDistCp/testUpdateDeepDirectoryStructureToRemote/local/inputDir/subDir1 to o3fs://bucket04445.volume45730/test/ITestOzoneContractDistCp/testUpdateDeepDirectoryStructureToRemote/remote/outputDir/inputDir/subDir1
2019-11-05 17:31:59,713 [LocalJobRunner Map Task Executor #0] INFO  mapred.LocalJobRunner (LocalJobRunner.java:statusUpdate(634)) - 
2019-11-05 17:31:59,713 [LocalJobRunner Map Task Executor #0] INFO  mapred.Task (Task.java:done(1244)) - Task:attempt_local794810687_0007_m_000005_0 is done. And is in the process of committing
2019-11-05 17:31:59,714 [LocalJobRunner Map Task Executor #0] INFO  mapred.LocalJobRunner (LocalJobRunner.java:statusUpdate(634)) - 
2019-11-05 17:31:59,714 [LocalJobRunner Map Task Executor #0] INFO  mapred.Task (Task.java:commit(1421)) - Task attempt_local794810687_0007_m_000005_0 is allowed to commit now
2019-11-05 17:31:59,715 [LocalJobRunner Map Task Executor #0] INFO  output.FileOutputCommitter (FileOutputCommitter.java:commitTask(598)) - Saved output of task 'attempt_local794810687_0007_m_000005_0' to file:/tmp/hadoop/mapred/staging/jenkins10001772345032/.staging/_distcp877002930/_logs
2019-11-05 17:31:59,715 [LocalJobRunner Map Task Executor #0] INFO  mapred.LocalJobRunner (LocalJobRunner.java:statusUpdate(634)) - Copying file:/workdir/hadoop-ozone/ozonefs/target/test-dir/ITestOzoneContractDistCp/testUpdateDeepDirectoryStructureToRemote/local/inputDir/subDir1 to o3fs://bucket04445.volume45730/test/ITestOzoneContractDistCp/testUpdateDeepDirectoryStructureToRemote/remote/outputDir/inputDir/subDir1
2019-11-05 17:31:59,716 [LocalJobRunner Map Task Executor #0] INFO  mapred.Task (Task.java:sendDone(1380)) - Task 'attempt_local794810687_0007_m_000005_0' done.
2019-11-05 17:31:59,716 [LocalJobRunner Map Task Executor #0] INFO  mapred.Task (Task.java:done(1276)) - Final Counters for attempt_local794810687_0007_m_000005_0: Counters: 22
	File System Counters
		FILE: Number of bytes read=20535900
		FILE: Number of bytes written=24725716
		FILE: Number of read operations=0
		FILE: Number of large read operations=0
		FILE: Number of write operations=0
		O3FS: Number of bytes read=0
		O3FS: Number of bytes written=18878868
		O3FS: Number of read operations=388
		O3FS: Number of large read operations=0
		O3FS: Number of write operations=81
	Map-Reduce Framework
		Map input records=1
		Map output records=0
		Input split bytes=157
		Spilled Records=0
		Failed Shuffles=0
		Merged Map outputs=0
		GC time elapsed (ms)=0
		Total committed heap usage (bytes)=1999634432
	File Input Format Counters 
		Bytes Read=3157
	File Output Format Counters 
		Bytes Written=8
	DistCp Counters
		Bandwidth in Btyes=0
		DIR_COPY=1
2019-11-05 17:31:59,716 [LocalJobRunner Map Task Executor #0] INFO  mapred.LocalJobRunner (LocalJobRunner.java:run(277)) - Finishing task: attempt_local794810687_0007_m_000005_0
2019-11-05 17:31:59,716 [LocalJobRunner Map Task Executor #0] INFO  mapred.LocalJobRunner (LocalJobRunner.java:run(252)) - Starting task: attempt_local794810687_0007_m_000006_0
2019-11-05 17:31:59,717 [LocalJobRunner Map Task Executor #0] INFO  output.FileOutputCommitter (FileOutputCommitter.java:<init>(140)) - File Output Committer Algorithm version is 2
2019-11-05 17:31:59,717 [LocalJobRunner Map Task Executor #0] INFO  output.FileOutputCommitter (FileOutputCommitter.java:<init>(155)) - FileOutputCommitter skip cleanup _temporary folders under output directory:false, ignore cleanup failures: false
2019-11-05 17:31:59,717 [LocalJobRunner Map Task Executor #0] INFO  mapred.Task (Task.java:initialize(626)) -  Using ResourceCalculatorProcessTree : [ ]
2019-11-05 17:31:59,718 [LocalJobRunner Map Task Executor #0] INFO  mapred.MapTask (MapTask.java:runNewMapper(768)) - Processing split: file:/tmp/hadoop/mapred/staging/jenkins10001772345032/.staging/_distcp877002930/fileList.seq:2836+265
2019-11-05 17:31:59,718 [LocalJobRunner Map Task Executor #0] INFO  output.FileOutputCommitter (FileOutputCommitter.java:<init>(140)) - File Output Committer Algorithm version is 2
2019-11-05 17:31:59,718 [LocalJobRunner Map Task Executor #0] INFO  output.FileOutputCommitter (FileOutputCommitter.java:<init>(155)) - FileOutputCommitter skip cleanup _temporary folders under output directory:false, ignore cleanup failures: false
2019-11-05 17:31:59,744 [LocalJobRunner Map Task Executor #0] INFO  mapred.CopyMapper (CopyMapper.java:map(154)) - Copying file:/workdir/hadoop-ozone/ozonefs/target/test-dir/ITestOzoneContractDistCp/testUpdateDeepDirectoryStructureToRemote/local/inputDir/subDir2 to o3fs://bucket04445.volume45730/test/ITestOzoneContractDistCp/testUpdateDeepDirectoryStructureToRemote/remote/outputDir/inputDir/subDir2
2019-11-05 17:31:59,790 [LocalJobRunner Map Task Executor #0] INFO  mapred.LocalJobRunner (LocalJobRunner.java:statusUpdate(634)) - 
2019-11-05 17:31:59,791 [LocalJobRunner Map Task Executor #0] INFO  mapred.Task (Task.java:done(1244)) - Task:attempt_local794810687_0007_m_000006_0 is done. And is in the process of committing
2019-11-05 17:31:59,792 [LocalJobRunner Map Task Executor #0] INFO  mapred.LocalJobRunner (LocalJobRunner.java:statusUpdate(634)) - 
2019-11-05 17:31:59,792 [LocalJobRunner Map Task Executor #0] INFO  mapred.Task (Task.java:commit(1421)) - Task attempt_local794810687_0007_m_000006_0 is allowed to commit now
2019-11-05 17:31:59,793 [LocalJobRunner Map Task Executor #0] INFO  output.FileOutputCommitter (FileOutputCommitter.java:commitTask(598)) - Saved output of task 'attempt_local794810687_0007_m_000006_0' to file:/tmp/hadoop/mapred/staging/jenkins10001772345032/.staging/_distcp877002930/_logs
2019-11-05 17:31:59,795 [LocalJobRunner Map Task Executor #0] INFO  mapred.LocalJobRunner (LocalJobRunner.java:statusUpdate(634)) - Copying file:/workdir/hadoop-ozone/ozonefs/target/test-dir/ITestOzoneContractDistCp/testUpdateDeepDirectoryStructureToRemote/local/inputDir/subDir2 to o3fs://bucket04445.volume45730/test/ITestOzoneContractDistCp/testUpdateDeepDirectoryStructureToRemote/remote/outputDir/inputDir/subDir2
2019-11-05 17:31:59,795 [LocalJobRunner Map Task Executor #0] INFO  mapred.Task (Task.java:sendDone(1380)) - Task 'attempt_local794810687_0007_m_000006_0' done.
2019-11-05 17:31:59,795 [LocalJobRunner Map Task Executor #0] INFO  mapred.Task (Task.java:done(1276)) - Final Counters for attempt_local794810687_0007_m_000006_0: Counters: 22
	File System Counters
		FILE: Number of bytes read=20539671
		FILE: Number of bytes written=24725724
		FILE: Number of read operations=0
		FILE: Number of large read operations=0
		FILE: Number of write operations=0
		O3FS: Number of bytes read=0
		O3FS: Number of bytes written=18878868
		O3FS: Number of read operations=390
		O3FS: Number of large read operations=0
		O3FS: Number of write operations=81
	Map-Reduce Framework
		Map input records=1
		Map output records=0
		Input split bytes=157
		Spilled Records=0
		Failed Shuffles=0
		Merged Map outputs=0
		GC time elapsed (ms)=0
		Total committed heap usage (bytes)=1999634432
	File Input Format Counters 
		Bytes Read=3157
	File Output Format Counters 
		Bytes Written=8
	DistCp Counters
		Bandwidth in Btyes=0
		DIR_COPY=1
2019-11-05 17:31:59,796 [LocalJobRunner Map Task Executor #0] INFO  mapred.LocalJobRunner (LocalJobRunner.java:run(277)) - Finishing task: attempt_local794810687_0007_m_000006_0
2019-11-05 17:31:59,796 [Thread-1111] INFO  mapred.LocalJobRunner (LocalJobRunner.java:runTasks(486)) - map task executor complete.
2019-11-05 17:31:59,843 [Thread-1111] INFO  mapred.CopyCommitter (CopyCommitter.java:cleanup(189)) - Cleaning up temporary work folder: file:/tmp/hadoop/mapred/staging/jenkins10001772345032/.staging/_distcp877002930
2019-11-05 17:32:00,344 [Thread-1046] INFO  mapreduce.Job (Job.java:monitorAndPrintJob(1658)) - Job job_local794810687_0007 completed successfully
2019-11-05 17:32:00,346 [Thread-1046] INFO  mapreduce.Job (Job.java:monitorAndPrintJob(1665)) - Counters: 25
	File System Counters
		FILE: Number of bytes read=143695434
		FILE: Number of bytes written=173079900
		FILE: Number of read operations=0
		FILE: Number of large read operations=0
		FILE: Number of write operations=0
		O3FS: Number of bytes read=0
		O3FS: Number of bytes written=132152076
		O3FS: Number of read operations=2688
		O3FS: Number of large read operations=0
		O3FS: Number of write operations=567
	Map-Reduce Framework
		Map input records=11
		Map output records=0
		Input split bytes=1099
		Spilled Records=0
		Failed Shuffles=0
		Merged Map outputs=0
		GC time elapsed (ms)=0
		Total committed heap usage (bytes)=13997441024
	File Input Format Counters 
		Bytes Read=22099
	File Output Format Counters 
		Bytes Written=56
	DistCp Counters
		Bandwidth in Btyes=1500
		Bytes Copied=1500
		Bytes Expected=1500
		Files Copied=5
		DIR_COPY=6
2019-11-05 17:32:00,358 [Thread-1046] INFO  contract.AbstractContractDistCpTest (AbstractContractDistCpTest.java:lsR(437)) - Destination tree after distcp: o3fs://bucket04445.volume45730/test/ITestOzoneContractDistCp/testUpdateDeepDirectoryStructureToRemote/remote/outputDir:
2019-11-05 17:32:00,378 [Thread-1046] INFO  contract.AbstractContractDistCpTest (AbstractContractDistCpTest.java:lsR(446)) -   o3fs://bucket04445.volume45730/test/ITestOzoneContractDistCp/testUpdateDeepDirectoryStructureToRemote/remote/outputDir/inputDir/file1; type=file; length=100  o3fs://bucket04445.volume45730/test/ITestOzoneContractDistCp/testUpdateDeepDirectoryStructureToRemote/remote/outputDir/inputDir/file1; type=file; length=100  o3fs://bucket04445.volume45730/test/ITestOzoneContractDistCp/testUpdateDeepDirectoryStructureToRemote/remote/outputDir/inputDir/subDir1/file2; type=file; length=200  o3fs://bucket04445.volume45730/test/ITestOzoneContractDistCp/testUpdateDeepDirectoryStructureToRemote/remote/outputDir/inputDir/subDir2/subDir2/file3; type=file; length=300  o3fs://bucket04445.volume45730/test/ITestOzoneContractDistCp/testUpdateDeepDirectoryStructureToRemote/remote/outputDir/inputDir/subDir4/subDir4/file4; type=file; length=400  o3fs://bucket04445.volume45730/test/ITestOzoneContractDistCp/testUpdateDeepDirectoryStructureToRemote/remote/outputDir/inputDir/subDir4/subDir4/file5; type=file; length=500  o3fs://bucket04445.volume45730/test/ITestOzoneContractDistCp/testUpdateDeepDirectoryStructureToRemote/remote/outputDir/inputDir/subDir1/file2; type=file; length=200  o3fs://bucket04445.volume45730/test/ITestOzoneContractDistCp/testUpdateDeepDirectoryStructureToRemote/remote/outputDir/inputDir/file1; type=file; length=100  o3fs://bucket04445.volume45730/test/ITestOzoneContractDistCp/testUpdateDeepDirectoryStructureToRemote/remote/outputDir/inputDir/subDir1/file2; type=file; length=200  o3fs://bucket04445.volume45730/test/ITestOzoneContractDistCp/testUpdateDeepDirectoryStructureToRemote/remote/outputDir/inputDir/file1; type=file; length=100  o3fs://bucket04445.volume45730/test/ITestOzoneContractDistCp/testUpdateDeepDirectoryStructureToRemote/remote/outputDir/inputDir/subDir1/file2; type=file; length=200  o3fs://bucket04445.volume45730/test/ITestOzoneContractDistCp/testUpdateDeepDirectoryStructureToRemote/remote/outputDir/inputDir/subDir2/subDir2/file3; type=file; length=300  o3fs://bucket04445.volume45730/test/ITestOzoneContractDistCp/testUpdateDeepDirectoryStructureToRemote/remote/outputDir/inputDir/subDir4/subDir4/file4; type=file; length=400  o3fs://bucket04445.volume45730/test/ITestOzoneContractDistCp/testUpdateDeepDirectoryStructureToRemote/remote/outputDir/inputDir/subDir4/subDir4/file5; type=file; length=500  o3fs://bucket04445.volume45730/test/ITestOzoneContractDistCp/testUpdateDeepDirectoryStructureToRemote/remote/outputDir/inputDir/subDir2/subDir2/file3; type=file; length=300  o3fs://bucket04445.volume45730/test/ITestOzoneContractDistCp/testUpdateDeepDirectoryStructureToRemote/remote/outputDir/inputDir/subDir4/subDir4/file4; type=file; length=400  o3fs://bucket04445.volume45730/test/ITestOzoneContractDistCp/testUpdateDeepDirectoryStructureToRemote/remote/outputDir/inputDir/subDir4/subDir4/file5; type=file; length=500  o3fs://bucket04445.volume45730/test/ITestOzoneContractDistCp/testUpdateDeepDirectoryStructureToRemote/remote/outputDir/inputDir/subDir2/subDir2/file3; type=file; length=300  o3fs://bucket04445.volume45730/test/ITestOzoneContractDistCp/testUpdateDeepDirectoryStructureToRemote/remote/outputDir/inputDir/file1; type=file; length=100  o3fs://bucket04445.volume45730/test/ITestOzoneContractDistCp/testUpdateDeepDirectoryStructureToRemote/remote/outputDir/inputDir/subDir1/file2; type=file; length=200  o3fs://bucket04445.volume45730/test/ITestOzoneContractDistCp/testUpdateDeepDirectoryStructureToRemote/remote/outputDir/inputDir/subDir2/subDir2/file3; type=file; length=300  o3fs://bucket04445.volume45730/test/ITestOzoneContractDistCp/testUpdateDeepDirectoryStructureToRemote/remote/outputDir/inputDir/file1; type=file; length=100  o3fs://bucket04445.volume45730/test/ITestOzoneContractDistCp/testUpdateDeepDirectoryStructureToRemote/remote/outputDir/inputDir/subDir1/file2; type=file; length=200  o3fs://bucket04445.volume45730/test/ITestOzoneContractDistCp/testUpdateDeepDirectoryStructureToRemote/remote/outputDir/inputDir/subDir2/subDir2/file3; type=file; length=300  o3fs://bucket04445.volume45730/test/ITestOzoneContractDistCp/testUpdateDeepDirectoryStructureToRemote/remote/outputDir/inputDir/subDir4/subDir4/file4; type=file; length=400  o3fs://bucket04445.volume45730/test/ITestOzoneContractDistCp/testUpdateDeepDirectoryStructureToRemote/remote/outputDir/inputDir/subDir4/subDir4/file5; type=file; length=500  o3fs://bucket04445.volume45730/test/ITestOzoneContractDistCp/testUpdateDeepDirectoryStructureToRemote/remote/outputDir/inputDir/subDir4/subDir4/file4; type=file; length=400  o3fs://bucket04445.volume45730/test/ITestOzoneContractDistCp/testUpdateDeepDirectoryStructureToRemote/remote/outputDir/inputDir/subDir4/subDir4/file5; type=file; length=500  o3fs://bucket04445.volume45730/test/ITestOzoneContractDistCp/testUpdateDeepDirectoryStructureToRemote/remote/outputDir/inputDir/subDir4/subDir4/file4; type=file; length=400  o3fs://bucket04445.volume45730/test/ITestOzoneContractDistCp/testUpdateDeepDirectoryStructureToRemote/remote/outputDir/inputDir/subDir4/subDir4/file5; type=file; length=500  o3fs://bucket04445.volume45730/test/ITestOzoneContractDistCp/testUpdateDeepDirectoryStructureToRemote/remote/outputDir/inputDir/file1; type=file; length=100  o3fs://bucket04445.volume45730/test/ITestOzoneContractDistCp/testUpdateDeepDirectoryStructureToRemote/remote/outputDir/inputDir/subDir1/file2; type=file; length=200  o3fs://bucket04445.volume45730/test/ITestOzoneContractDistCp/testUpdateDeepDirectoryStructureToRemote/remote/outputDir/inputDir/subDir2/subDir2/file3; type=file; length=300  o3fs://bucket04445.volume45730/test/ITestOzoneContractDistCp/testUpdateDeepDirectoryStructureToRemote/remote/outputDir/inputDir/subDir4/subDir4/file4; type=file; length=400  o3fs://bucket04445.volume45730/test/ITestOzoneContractDistCp/testUpdateDeepDirectoryStructureToRemote/remote/outputDir/inputDir/subDir4/subDir4/file5; type=file; length=500
2019-11-05 17:32:00,693 [Thread-1046] INFO  contract.AbstractFSContractTestBase (AbstractFSContractTestBase.java:describe(255)) - Now do an incremental update with deletion of missing files
2019-11-05 17:32:00,693 [Thread-1046] INFO  contract.AbstractContractDistCpTest (AbstractContractDistCpTest.java:distCpUpdateDeepDirectoryStructure(279)) - Source directory = file:/workdir/hadoop-ozone/ozonefs/target/test-dir/ITestOzoneContractDistCp/testUpdateDeepDirectoryStructureToRemote/local/inputDir, dest=o3fs://bucket04445.volume45730/test/ITestOzoneContractDistCp/testUpdateDeepDirectoryStructureToRemote/remote/outputDir/inputDir
2019-11-05 17:32:00,718 [Thread-1046] INFO  contract.AbstractFSContractTestBase (AbstractFSContractTestBase.java:describe(255)) - 
Distcp -update from file:/workdir/hadoop-ozone/ozonefs/target/test-dir/ITestOzoneContractDistCp/testUpdateDeepDirectoryStructureToRemote/local/inputDir to o3fs://bucket04445.volume45730/test/ITestOzoneContractDistCp/testUpdateDeepDirectoryStructureToRemote/remote/outputDir/inputDir
2019-11-05 17:32:00,719 [Thread-1046] INFO  contract.AbstractContractDistCpTest (AbstractContractDistCpTest.java:lsR(437)) - Local to update: file:/workdir/hadoop-ozone/ozonefs/target/test-dir/ITestOzoneContractDistCp/testUpdateDeepDirectoryStructureToRemote/local/inputDir:
2019-11-05 17:32:00,784 [Thread-1046] INFO  contract.AbstractContractDistCpTest (AbstractContractDistCpTest.java:lsR(446)) -   file:/workdir/hadoop-ozone/ozonefs/target/test-dir/ITestOzoneContractDistCp/testUpdateDeepDirectoryStructureToRemote/local/inputDir/subDir2/subDir2/newfile1; type=file; length=0  file:/workdir/hadoop-ozone/ozonefs/target/test-dir/ITestOzoneContractDistCp/testUpdateDeepDirectoryStructureToRemote/local/inputDir/subDir1/file2; type=file; length=200
2019-11-05 17:32:00,789 [Thread-1046] INFO  contract.AbstractContractDistCpTest (AbstractContractDistCpTest.java:lsR(437)) - Remote before update: o3fs://bucket04445.volume45730/test/ITestOzoneContractDistCp/testUpdateDeepDirectoryStructureToRemote/remote/outputDir/inputDir:
2019-11-05 17:32:00,812 [Thread-1046] INFO  contract.AbstractContractDistCpTest (AbstractContractDistCpTest.java:lsR(446)) -   o3fs://bucket04445.volume45730/test/ITestOzoneContractDistCp/testUpdateDeepDirectoryStructureToRemote/remote/outputDir/inputDir/file1; type=file; length=100  o3fs://bucket04445.volume45730/test/ITestOzoneContractDistCp/testUpdateDeepDirectoryStructureToRemote/remote/outputDir/inputDir/file1; type=file; length=100  o3fs://bucket04445.volume45730/test/ITestOzoneContractDistCp/testUpdateDeepDirectoryStructureToRemote/remote/outputDir/inputDir/subDir1/file2; type=file; length=200  o3fs://bucket04445.volume45730/test/ITestOzoneContractDistCp/testUpdateDeepDirectoryStructureToRemote/remote/outputDir/inputDir/subDir2/subDir2/file3; type=file; length=300  o3fs://bucket04445.volume45730/test/ITestOzoneContractDistCp/testUpdateDeepDirectoryStructureToRemote/remote/outputDir/inputDir/subDir4/subDir4/file4; type=file; length=400  o3fs://bucket04445.volume45730/test/ITestOzoneContractDistCp/testUpdateDeepDirectoryStructureToRemote/remote/outputDir/inputDir/subDir4/subDir4/file5; type=file; length=500  o3fs://bucket04445.volume45730/test/ITestOzoneContractDistCp/testUpdateDeepDirectoryStructureToRemote/remote/outputDir/inputDir/subDir1/file2; type=file; length=200  o3fs://bucket04445.volume45730/test/ITestOzoneContractDistCp/testUpdateDeepDirectoryStructureToRemote/remote/outputDir/inputDir/file1; type=file; length=100  o3fs://bucket04445.volume45730/test/ITestOzoneContractDistCp/testUpdateDeepDirectoryStructureToRemote/remote/outputDir/inputDir/subDir1/file2; type=file; length=200  o3fs://bucket04445.volume45730/test/ITestOzoneContractDistCp/testUpdateDeepDirectoryStructureToRemote/remote/outputDir/inputDir/file1; type=file; length=100  o3fs://bucket04445.volume45730/test/ITestOzoneContractDistCp/testUpdateDeepDirectoryStructureToRemote/remote/outputDir/inputDir/subDir1/file2; type=file; length=200  o3fs://bucket04445.volume45730/test/ITestOzoneContractDistCp/testUpdateDeepDirectoryStructureToRemote/remote/outputDir/inputDir/subDir2/subDir2/file3; type=file; length=300  o3fs://bucket04445.volume45730/test/ITestOzoneContractDistCp/testUpdateDeepDirectoryStructureToRemote/remote/outputDir/inputDir/subDir4/subDir4/file4; type=file; length=400  o3fs://bucket04445.volume45730/test/ITestOzoneContractDistCp/testUpdateDeepDirectoryStructureToRemote/remote/outputDir/inputDir/subDir4/subDir4/file5; type=file; length=500  o3fs://bucket04445.volume45730/test/ITestOzoneContractDistCp/testUpdateDeepDirectoryStructureToRemote/remote/outputDir/inputDir/subDir2/subDir2/file3; type=file; length=300  o3fs://bucket04445.volume45730/test/ITestOzoneContractDistCp/testUpdateDeepDirectoryStructureToRemote/remote/outputDir/inputDir/subDir4/subDir4/file4; type=file; length=400  o3fs://bucket04445.volume45730/test/ITestOzoneContractDistCp/testUpdateDeepDirectoryStructureToRemote/remote/outputDir/inputDir/subDir4/subDir4/file5; type=file; length=500  o3fs://bucket04445.volume45730/test/ITestOzoneContractDistCp/testUpdateDeepDirectoryStructureToRemote/remote/outputDir/inputDir/subDir2/subDir2/file3; type=file; length=300  o3fs://bucket04445.volume45730/test/ITestOzoneContractDistCp/testUpdateDeepDirectoryStructureToRemote/remote/outputDir/inputDir/file1; type=file; length=100  o3fs://bucket04445.volume45730/test/ITestOzoneContractDistCp/testUpdateDeepDirectoryStructureToRemote/remote/outputDir/inputDir/subDir1/file2; type=file; length=200  o3fs://bucket04445.volume45730/test/ITestOzoneContractDistCp/testUpdateDeepDirectoryStructureToRemote/remote/outputDir/inputDir/subDir2/subDir2/file3; type=file; length=300  o3fs://bucket04445.volume45730/test/ITestOzoneContractDistCp/testUpdateDeepDirectoryStructureToRemote/remote/outputDir/inputDir/file1; type=file; length=100  o3fs://bucket04445.volume45730/test/ITestOzoneContractDistCp/testUpdateDeepDirectoryStructureToRemote/remote/outputDir/inputDir/subDir1/file2; type=file; length=200  o3fs://bucket04445.volume45730/test/ITestOzoneContractDistCp/testUpdateDeepDirectoryStructureToRemote/remote/outputDir/inputDir/subDir2/subDir2/file3; type=file; length=300  o3fs://bucket04445.volume45730/test/ITestOzoneContractDistCp/testUpdateDeepDirectoryStructureToRemote/remote/outputDir/inputDir/subDir4/subDir4/file4; type=file; length=400  o3fs://bucket04445.volume45730/test/ITestOzoneContractDistCp/testUpdateDeepDirectoryStructureToRemote/remote/outputDir/inputDir/subDir4/subDir4/file5; type=file; length=500  o3fs://bucket04445.volume45730/test/ITestOzoneContractDistCp/testUpdateDeepDirectoryStructureToRemote/remote/outputDir/inputDir/subDir4/subDir4/file4; type=file; length=400  o3fs://bucket04445.volume45730/test/ITestOzoneContractDistCp/testUpdateDeepDirectoryStructureToRemote/remote/outputDir/inputDir/subDir4/subDir4/file5; type=file; length=500  o3fs://bucket04445.volume45730/test/ITestOzoneContractDistCp/testUpdateDeepDirectoryStructureToRemote/remote/outputDir/inputDir/subDir4/subDir4/file4; type=file; length=400  o3fs://bucket04445.volume45730/test/ITestOzoneContractDistCp/testUpdateDeepDirectoryStructureToRemote/remote/outputDir/inputDir/subDir4/subDir4/file5; type=file; length=500
2019-11-05 17:32:00,834 [Thread-1046] INFO  impl.MetricsSystemImpl (MetricsSystemImpl.java:init(158)) - JobTracker metrics system started (again)
2019-11-05 17:32:00,842 [Thread-1046] INFO  impl.MetricsSystemImpl (MetricsSystemImpl.java:init(158)) - JobTracker metrics system started (again)
2019-11-05 17:32:01,075 [Thread-1046] INFO  tools.SimpleCopyListing (SimpleCopyListing.java:printStats(608)) - Paths (files+dirs) cnt = 6; dirCnt = 4
2019-11-05 17:32:01,076 [Thread-1046] INFO  tools.SimpleCopyListing (SimpleCopyListing.java:doBuildListing(402)) - Build file listing completed.
2019-11-05 17:32:01,091 [Thread-1046] INFO  tools.DistCp (CopyListing.java:buildListing(94)) - Number of paths in the copy list: 6
2019-11-05 17:32:01,103 [Thread-1046] INFO  tools.DistCp (CopyListing.java:buildListing(94)) - Number of paths in the copy list: 6
2019-11-05 17:32:01,104 [Thread-1046] INFO  impl.MetricsSystemImpl (MetricsSystemImpl.java:init(158)) - JobTracker metrics system started (again)
2019-11-05 17:32:01,112 [Thread-1046] WARN  mapreduce.JobResourceUploader (JobResourceUploader.java:uploadResourcesInternal(147)) - Hadoop command-line option parsing not performed. Implement the Tool interface and execute your application with ToolRunner to remedy this.
2019-11-05 17:32:01,244 [Thread-1046] INFO  mapreduce.JobSubmitter (JobSubmitter.java:submitJobInternal(202)) - number of splits:6
2019-11-05 17:32:01,331 [Thread-1046] INFO  Configuration.deprecation (Configuration.java:logDeprecation(1394)) - mapred.job.tracker is deprecated. Instead, use mapreduce.jobtracker.address
2019-11-05 17:32:01,350 [Thread-1046] INFO  mapreduce.JobSubmitter (JobSubmitter.java:printTokens(298)) - Submitting tokens for job: job_local1806991505_0008
2019-11-05 17:32:01,351 [Thread-1046] INFO  mapreduce.JobSubmitter (JobSubmitter.java:printTokens(299)) - Executing with tokens: []
2019-11-05 17:32:01,635 [Thread-1046] INFO  mapreduce.Job (Job.java:submit(1574)) - The url to track the job: http://localhost:8080/
2019-11-05 17:32:01,637 [Thread-1260] INFO  mapred.LocalJobRunner (LocalJobRunner.java:createOutputCommitter(501)) - OutputCommitter set in config null
2019-11-05 17:32:01,645 [Thread-1260] INFO  output.FileOutputCommitter (FileOutputCommitter.java:<init>(140)) - File Output Committer Algorithm version is 2
2019-11-05 17:32:01,645 [Thread-1260] INFO  output.FileOutputCommitter (FileOutputCommitter.java:<init>(155)) - FileOutputCommitter skip cleanup _temporary folders under output directory:false, ignore cleanup failures: false
2019-11-05 17:32:01,637 [Thread-1046] INFO  tools.DistCp (DistCp.java:createAndSubmitJob(217)) - DistCp job-id: job_local1806991505_0008
2019-11-05 17:32:01,645 [Thread-1260] INFO  mapred.LocalJobRunner (LocalJobRunner.java:createOutputCommitter(519)) - OutputCommitter is org.apache.hadoop.tools.mapred.CopyCommitter
2019-11-05 17:32:01,645 [Thread-1046] INFO  mapreduce.Job (Job.java:monitorAndPrintJob(1619)) - Running job: job_local1806991505_0008
2019-11-05 17:32:01,668 [Thread-1260] INFO  mapred.LocalJobRunner (LocalJobRunner.java:runTasks(478)) - Waiting for map tasks
2019-11-05 17:32:01,668 [LocalJobRunner Map Task Executor #0] INFO  mapred.LocalJobRunner (LocalJobRunner.java:run(252)) - Starting task: attempt_local1806991505_0008_m_000000_0
2019-11-05 17:32:01,669 [LocalJobRunner Map Task Executor #0] INFO  output.FileOutputCommitter (FileOutputCommitter.java:<init>(140)) - File Output Committer Algorithm version is 2
2019-11-05 17:32:01,669 [LocalJobRunner Map Task Executor #0] INFO  output.FileOutputCommitter (FileOutputCommitter.java:<init>(155)) - FileOutputCommitter skip cleanup _temporary folders under output directory:false, ignore cleanup failures: false
2019-11-05 17:32:01,669 [LocalJobRunner Map Task Executor #0] INFO  mapred.Task (Task.java:initialize(626)) -  Using ResourceCalculatorProcessTree : [ ]
2019-11-05 17:32:01,670 [LocalJobRunner Map Task Executor #0] INFO  mapred.MapTask (MapTask.java:runNewMapper(768)) - Processing split: file:/tmp/hadoop/mapred/staging/jenkins10001704553511/.staging/_distcp1046295996/fileList.seq:0+334
2019-11-05 17:32:01,670 [LocalJobRunner Map Task Executor #0] INFO  output.FileOutputCommitter (FileOutputCommitter.java:<init>(140)) - File Output Committer Algorithm version is 2
2019-11-05 17:32:01,671 [LocalJobRunner Map Task Executor #0] INFO  output.FileOutputCommitter (FileOutputCommitter.java:<init>(155)) - FileOutputCommitter skip cleanup _temporary folders under output directory:false, ignore cleanup failures: false
2019-11-05 17:32:01,729 [LocalJobRunner Map Task Executor #0] INFO  mapred.CopyMapper (CopyMapper.java:map(154)) - Copying file:/workdir/hadoop-ozone/ozonefs/target/test-dir/ITestOzoneContractDistCp/testUpdateDeepDirectoryStructureToRemote/local/inputDir/subDir2 to o3fs://bucket04445.volume45730/test/ITestOzoneContractDistCp/testUpdateDeepDirectoryStructureToRemote/remote/outputDir/inputDir/subDir2
2019-11-05 17:32:01,762 [LocalJobRunner Map Task Executor #0] INFO  mapred.LocalJobRunner (LocalJobRunner.java:statusUpdate(634)) - 
2019-11-05 17:32:01,762 [LocalJobRunner Map Task Executor #0] INFO  mapred.Task (Task.java:done(1244)) - Task:attempt_local1806991505_0008_m_000000_0 is done. And is in the process of committing
2019-11-05 17:32:01,763 [LocalJobRunner Map Task Executor #0] INFO  mapred.LocalJobRunner (LocalJobRunner.java:statusUpdate(634)) - 
2019-11-05 17:32:01,763 [LocalJobRunner Map Task Executor #0] INFO  mapred.Task (Task.java:commit(1421)) - Task attempt_local1806991505_0008_m_000000_0 is allowed to commit now
2019-11-05 17:32:01,764 [LocalJobRunner Map Task Executor #0] INFO  output.FileOutputCommitter (FileOutputCommitter.java:commitTask(598)) - Saved output of task 'attempt_local1806991505_0008_m_000000_0' to file:/tmp/hadoop/mapred/staging/jenkins10001704553511/.staging/_distcp1046295996/_logs
2019-11-05 17:32:01,764 [LocalJobRunner Map Task Executor #0] INFO  mapred.LocalJobRunner (LocalJobRunner.java:statusUpdate(634)) - Copying file:/workdir/hadoop-ozone/ozonefs/target/test-dir/ITestOzoneContractDistCp/testUpdateDeepDirectoryStructureToRemote/local/inputDir/subDir2 to o3fs://bucket04445.volume45730/test/ITestOzoneContractDistCp/testUpdateDeepDirectoryStructureToRemote/remote/outputDir/inputDir/subDir2
2019-11-05 17:32:01,764 [LocalJobRunner Map Task Executor #0] INFO  mapred.Task (Task.java:sendDone(1380)) - Task 'attempt_local1806991505_0008_m_000000_0' done.
2019-11-05 17:32:01,764 [LocalJobRunner Map Task Executor #0] INFO  mapred.Task (Task.java:done(1276)) - Final Counters for attempt_local1806991505_0008_m_000000_0: Counters: 22
	File System Counters
		FILE: Number of bytes read=20734887
		FILE: Number of bytes written=25542131
		FILE: Number of read operations=0
		FILE: Number of large read operations=0
		FILE: Number of write operations=0
		O3FS: Number of bytes read=0
		O3FS: Number of bytes written=18878868
		O3FS: Number of read operations=418
		O3FS: Number of large read operations=0
		O3FS: Number of write operations=84
	Map-Reduce Framework
		Map input records=1
		Map output records=0
		Input split bytes=158
		Spilled Records=0
		Failed Shuffles=0
		Merged Map outputs=0
		GC time elapsed (ms)=0
		Total committed heap usage (bytes)=2027945984
	File Input Format Counters 
		Bytes Read=1720
	File Output Format Counters 
		Bytes Written=8
	DistCp Counters
		Bandwidth in Btyes=0
		DIR_COPY=1
2019-11-05 17:32:01,764 [LocalJobRunner Map Task Executor #0] INFO  mapred.LocalJobRunner (LocalJobRunner.java:run(277)) - Finishing task: attempt_local1806991505_0008_m_000000_0
2019-11-05 17:32:01,765 [LocalJobRunner Map Task Executor #0] INFO  mapred.LocalJobRunner (LocalJobRunner.java:run(252)) - Starting task: attempt_local1806991505_0008_m_000001_0
2019-11-05 17:32:01,765 [LocalJobRunner Map Task Executor #0] INFO  output.FileOutputCommitter (FileOutputCommitter.java:<init>(140)) - File Output Committer Algorithm version is 2
2019-11-05 17:32:01,765 [LocalJobRunner Map Task Executor #0] INFO  output.FileOutputCommitter (FileOutputCommitter.java:<init>(155)) - FileOutputCommitter skip cleanup _temporary folders under output directory:false, ignore cleanup failures: false
2019-11-05 17:32:01,765 [LocalJobRunner Map Task Executor #0] INFO  mapred.Task (Task.java:initialize(626)) -  Using ResourceCalculatorProcessTree : [ ]
2019-11-05 17:32:01,767 [LocalJobRunner Map Task Executor #0] INFO  mapred.MapTask (MapTask.java:runNewMapper(768)) - Processing split: file:/tmp/hadoop/mapred/staging/jenkins10001704553511/.staging/_distcp1046295996/fileList.seq:858+290
2019-11-05 17:32:01,767 [LocalJobRunner Map Task Executor #0] INFO  output.FileOutputCommitter (FileOutputCommitter.java:<init>(140)) - File Output Committer Algorithm version is 2
2019-11-05 17:32:01,767 [LocalJobRunner Map Task Executor #0] INFO  output.FileOutputCommitter (FileOutputCommitter.java:<init>(155)) - FileOutputCommitter skip cleanup _temporary folders under output directory:false, ignore cleanup failures: false
2019-11-05 17:32:01,779 [LocalJobRunner Map Task Executor #0] INFO  mapred.CopyMapper (CopyMapper.java:map(154)) - Copying file:/workdir/hadoop-ozone/ozonefs/target/test-dir/ITestOzoneContractDistCp/testUpdateDeepDirectoryStructureToRemote/local/inputDir/subDir2/subDir2/newfile1 to o3fs://bucket04445.volume45730/test/ITestOzoneContractDistCp/testUpdateDeepDirectoryStructureToRemote/remote/outputDir/inputDir/subDir2/subDir2/newfile1
17:32:01.785 [IPC Server handler 5 on 37190] ERROR OMAudit - user=jenkins1000 | ip=127.0.0.1 | op=GET_FILE_STATUS {volume=volume45730, bucket=bucket04445, key=test/ITestOzoneContractDistCp/testUpdateDeepDirectoryStructureToRemote/remote/outputDir/inputDir/subDir2/subDir2/newfile1, dataSize=0, replicationType=null, replicationFactor=null, keyLocationInfo=null} | ret=FAILURE
org.apache.hadoop.ozone.om.exceptions.OMException: Unable to get file status: volume: volume45730 bucket: bucket04445 key: test/ITestOzoneContractDistCp/testUpdateDeepDirectoryStructureToRemote/remote/outputDir/inputDir/subDir2/subDir2/newfile1
	at org.apache.hadoop.ozone.om.KeyManagerImpl.getFileStatus(KeyManagerImpl.java:1784) ~[hadoop-ozone-ozone-manager-0.5.0-SNAPSHOT.jar:?]
	at org.apache.hadoop.ozone.om.OzoneManager.getFileStatus(OzoneManager.java:2762) ~[hadoop-ozone-ozone-manager-0.5.0-SNAPSHOT.jar:?]
	at org.apache.hadoop.ozone.protocolPB.OzoneManagerRequestHandler.getOzoneFileStatus(OzoneManagerRequestHandler.java:1053) ~[hadoop-ozone-ozone-manager-0.5.0-SNAPSHOT.jar:?]
	at org.apache.hadoop.ozone.protocolPB.OzoneManagerRequestHandler.handle(OzoneManagerRequestHandler.java:340) ~[hadoop-ozone-ozone-manager-0.5.0-SNAPSHOT.jar:?]
	at org.apache.hadoop.ozone.protocolPB.OzoneManagerProtocolServerSideTranslatorPB.submitRequestDirectlyToOM(OzoneManagerProtocolServerSideTranslatorPB.java:208) ~[hadoop-ozone-ozone-manager-0.5.0-SNAPSHOT.jar:?]
	at org.apache.hadoop.ozone.protocolPB.OzoneManagerProtocolServerSideTranslatorPB.processRequest(OzoneManagerProtocolServerSideTranslatorPB.java:132) ~[hadoop-ozone-ozone-manager-0.5.0-SNAPSHOT.jar:?]
	at org.apache.hadoop.hdds.server.OzoneProtocolMessageDispatcher.processRequest(OzoneProtocolMessageDispatcher.java:72) [hadoop-hdds-server-framework-0.5.0-SNAPSHOT.jar:?]
	at org.apache.hadoop.ozone.protocolPB.OzoneManagerProtocolServerSideTranslatorPB.submitRequest(OzoneManagerProtocolServerSideTranslatorPB.java:100) [hadoop-ozone-ozone-manager-0.5.0-SNAPSHOT.jar:?]
	at org.apache.hadoop.ozone.protocol.proto.OzoneManagerProtocolProtos$OzoneManagerService$2.callBlockingMethod(OzoneManagerProtocolProtos.java) [hadoop-ozone-common-0.5.0-SNAPSHOT.jar:?]
	at org.apache.hadoop.ipc.ProtobufRpcEngine$Server$ProtoBufRpcInvoker.call(ProtobufRpcEngine.java:524) [hadoop-common-3.2.0.jar:?]
	at org.apache.hadoop.ipc.RPC$Server.call(RPC.java:1025) [hadoop-common-3.2.0.jar:?]
	at org.apache.hadoop.ipc.Server$RpcCall.run(Server.java:876) [hadoop-common-3.2.0.jar:?]
	at org.apache.hadoop.ipc.Server$RpcCall.run(Server.java:822) [hadoop-common-3.2.0.jar:?]
	at java.security.AccessController.doPrivileged(Native Method) [?:1.8.0_222]
	at javax.security.auth.Subject.doAs(Subject.java:422) [?:1.8.0_222]
	at org.apache.hadoop.security.UserGroupInformation.doAs(UserGroupInformation.java:1730) [hadoop-common-3.2.0.jar:?]
	at org.apache.hadoop.ipc.Server$Handler.run(Server.java:2682) [hadoop-common-3.2.0.jar:?]
2019-11-05 17:32:01,786 [LocalJobRunner Map Task Executor #0] INFO  mapred.RetriableFileCopyCommand (RetriableFileCopyCommand.java:getTmpFile(260)) - Creating temp file: o3fs://bucket04445.volume45730/test/ITestOzoneContractDistCp/testUpdateDeepDirectoryStructureToRemote/remote/outputDir/inputDir/.distcp.tmp.attempt_local1806991505_0008_m_000001_0
17:32:01.821 [IPC Server handler 2 on 37190] ERROR OMAudit - user=jenkins1000 | ip=127.0.0.1 | op=GET_FILE_STATUS {volume=volume45730, bucket=bucket04445, key=test/ITestOzoneContractDistCp/testUpdateDeepDirectoryStructureToRemote/remote/outputDir/inputDir/subDir2/subDir2/newfile1, dataSize=0, replicationType=null, replicationFactor=null, keyLocationInfo=null} | ret=FAILURE
org.apache.hadoop.ozone.om.exceptions.OMException: Unable to get file status: volume: volume45730 bucket: bucket04445 key: test/ITestOzoneContractDistCp/testUpdateDeepDirectoryStructureToRemote/remote/outputDir/inputDir/subDir2/subDir2/newfile1
	at org.apache.hadoop.ozone.om.KeyManagerImpl.getFileStatus(KeyManagerImpl.java:1784) ~[hadoop-ozone-ozone-manager-0.5.0-SNAPSHOT.jar:?]
	at org.apache.hadoop.ozone.om.OzoneManager.getFileStatus(OzoneManager.java:2762) ~[hadoop-ozone-ozone-manager-0.5.0-SNAPSHOT.jar:?]
	at org.apache.hadoop.ozone.protocolPB.OzoneManagerRequestHandler.getOzoneFileStatus(OzoneManagerRequestHandler.java:1053) ~[hadoop-ozone-ozone-manager-0.5.0-SNAPSHOT.jar:?]
	at org.apache.hadoop.ozone.protocolPB.OzoneManagerRequestHandler.handle(OzoneManagerRequestHandler.java:340) ~[hadoop-ozone-ozone-manager-0.5.0-SNAPSHOT.jar:?]
	at org.apache.hadoop.ozone.protocolPB.OzoneManagerProtocolServerSideTranslatorPB.submitRequestDirectlyToOM(OzoneManagerProtocolServerSideTranslatorPB.java:208) ~[hadoop-ozone-ozone-manager-0.5.0-SNAPSHOT.jar:?]
	at org.apache.hadoop.ozone.protocolPB.OzoneManagerProtocolServerSideTranslatorPB.processRequest(OzoneManagerProtocolServerSideTranslatorPB.java:132) ~[hadoop-ozone-ozone-manager-0.5.0-SNAPSHOT.jar:?]
	at org.apache.hadoop.hdds.server.OzoneProtocolMessageDispatcher.processRequest(OzoneProtocolMessageDispatcher.java:72) [hadoop-hdds-server-framework-0.5.0-SNAPSHOT.jar:?]
	at org.apache.hadoop.ozone.protocolPB.OzoneManagerProtocolServerSideTranslatorPB.submitRequest(OzoneManagerProtocolServerSideTranslatorPB.java:100) [hadoop-ozone-ozone-manager-0.5.0-SNAPSHOT.jar:?]
	at org.apache.hadoop.ozone.protocol.proto.OzoneManagerProtocolProtos$OzoneManagerService$2.callBlockingMethod(OzoneManagerProtocolProtos.java) [hadoop-ozone-common-0.5.0-SNAPSHOT.jar:?]
	at org.apache.hadoop.ipc.ProtobufRpcEngine$Server$ProtoBufRpcInvoker.call(ProtobufRpcEngine.java:524) [hadoop-common-3.2.0.jar:?]
	at org.apache.hadoop.ipc.RPC$Server.call(RPC.java:1025) [hadoop-common-3.2.0.jar:?]
	at org.apache.hadoop.ipc.Server$RpcCall.run(Server.java:876) [hadoop-common-3.2.0.jar:?]
	at org.apache.hadoop.ipc.Server$RpcCall.run(Server.java:822) [hadoop-common-3.2.0.jar:?]
	at java.security.AccessController.doPrivileged(Native Method) [?:1.8.0_222]
	at javax.security.auth.Subject.doAs(Subject.java:422) [?:1.8.0_222]
	at org.apache.hadoop.security.UserGroupInformation.doAs(UserGroupInformation.java:1730) [hadoop-common-3.2.0.jar:?]
	at org.apache.hadoop.ipc.Server$Handler.run(Server.java:2682) [hadoop-common-3.2.0.jar:?]
17:32:01.825 [IPC Server handler 8 on 37190] ERROR OMAudit - user=jenkins1000 | ip=127.0.0.1 | op=GET_FILE_STATUS {volume=volume45730, bucket=bucket04445, key=test/ITestOzoneContractDistCp/testUpdateDeepDirectoryStructureToRemote/remote/outputDir/inputDir/subDir2/subDir2/newfile1, dataSize=0, replicationType=null, replicationFactor=null, keyLocationInfo=null} | ret=FAILURE
org.apache.hadoop.ozone.om.exceptions.OMException: Unable to get file status: volume: volume45730 bucket: bucket04445 key: test/ITestOzoneContractDistCp/testUpdateDeepDirectoryStructureToRemote/remote/outputDir/inputDir/subDir2/subDir2/newfile1
	at org.apache.hadoop.ozone.om.KeyManagerImpl.getFileStatus(KeyManagerImpl.java:1784) ~[hadoop-ozone-ozone-manager-0.5.0-SNAPSHOT.jar:?]
	at org.apache.hadoop.ozone.om.OzoneManager.getFileStatus(OzoneManager.java:2762) ~[hadoop-ozone-ozone-manager-0.5.0-SNAPSHOT.jar:?]
	at org.apache.hadoop.ozone.protocolPB.OzoneManagerRequestHandler.getOzoneFileStatus(OzoneManagerRequestHandler.java:1053) ~[hadoop-ozone-ozone-manager-0.5.0-SNAPSHOT.jar:?]
	at org.apache.hadoop.ozone.protocolPB.OzoneManagerRequestHandler.handle(OzoneManagerRequestHandler.java:340) ~[hadoop-ozone-ozone-manager-0.5.0-SNAPSHOT.jar:?]
	at org.apache.hadoop.ozone.protocolPB.OzoneManagerProtocolServerSideTranslatorPB.submitRequestDirectlyToOM(OzoneManagerProtocolServerSideTranslatorPB.java:208) ~[hadoop-ozone-ozone-manager-0.5.0-SNAPSHOT.jar:?]
	at org.apache.hadoop.ozone.protocolPB.OzoneManagerProtocolServerSideTranslatorPB.processRequest(OzoneManagerProtocolServerSideTranslatorPB.java:132) ~[hadoop-ozone-ozone-manager-0.5.0-SNAPSHOT.jar:?]
	at org.apache.hadoop.hdds.server.OzoneProtocolMessageDispatcher.processRequest(OzoneProtocolMessageDispatcher.java:72) [hadoop-hdds-server-framework-0.5.0-SNAPSHOT.jar:?]
	at org.apache.hadoop.ozone.protocolPB.OzoneManagerProtocolServerSideTranslatorPB.submitRequest(OzoneManagerProtocolServerSideTranslatorPB.java:100) [hadoop-ozone-ozone-manager-0.5.0-SNAPSHOT.jar:?]
	at org.apache.hadoop.ozone.protocol.proto.OzoneManagerProtocolProtos$OzoneManagerService$2.callBlockingMethod(OzoneManagerProtocolProtos.java) [hadoop-ozone-common-0.5.0-SNAPSHOT.jar:?]
	at org.apache.hadoop.ipc.ProtobufRpcEngine$Server$ProtoBufRpcInvoker.call(ProtobufRpcEngine.java:524) [hadoop-common-3.2.0.jar:?]
	at org.apache.hadoop.ipc.RPC$Server.call(RPC.java:1025) [hadoop-common-3.2.0.jar:?]
	at org.apache.hadoop.ipc.Server$RpcCall.run(Server.java:876) [hadoop-common-3.2.0.jar:?]
	at org.apache.hadoop.ipc.Server$RpcCall.run(Server.java:822) [hadoop-common-3.2.0.jar:?]
	at java.security.AccessController.doPrivileged(Native Method) [?:1.8.0_222]
	at javax.security.auth.Subject.doAs(Subject.java:422) [?:1.8.0_222]
	at org.apache.hadoop.security.UserGroupInformation.doAs(UserGroupInformation.java:1730) [hadoop-common-3.2.0.jar:?]
	at org.apache.hadoop.ipc.Server$Handler.run(Server.java:2682) [hadoop-common-3.2.0.jar:?]
17:32:01.841 [IPC Server handler 18 on 37190] ERROR OMAudit - user=jenkins1000 | ip=127.0.0.1 | op=GET_FILE_STATUS {volume=volume45730, bucket=bucket04445, key=test/ITestOzoneContractDistCp/testUpdateDeepDirectoryStructureToRemote/remote/outputDir/inputDir/.distcp.tmp.attempt_local1806991505_0008_m_000001_0, dataSize=0, replicationType=null, replicationFactor=null, keyLocationInfo=null} | ret=FAILURE
org.apache.hadoop.ozone.om.exceptions.OMException: Unable to get file status: volume: volume45730 bucket: bucket04445 key: test/ITestOzoneContractDistCp/testUpdateDeepDirectoryStructureToRemote/remote/outputDir/inputDir/.distcp.tmp.attempt_local1806991505_0008_m_000001_0
	at org.apache.hadoop.ozone.om.KeyManagerImpl.getFileStatus(KeyManagerImpl.java:1784) ~[hadoop-ozone-ozone-manager-0.5.0-SNAPSHOT.jar:?]
	at org.apache.hadoop.ozone.om.OzoneManager.getFileStatus(OzoneManager.java:2762) ~[hadoop-ozone-ozone-manager-0.5.0-SNAPSHOT.jar:?]
	at org.apache.hadoop.ozone.protocolPB.OzoneManagerRequestHandler.getOzoneFileStatus(OzoneManagerRequestHandler.java:1053) ~[hadoop-ozone-ozone-manager-0.5.0-SNAPSHOT.jar:?]
	at org.apache.hadoop.ozone.protocolPB.OzoneManagerRequestHandler.handle(OzoneManagerRequestHandler.java:340) ~[hadoop-ozone-ozone-manager-0.5.0-SNAPSHOT.jar:?]
	at org.apache.hadoop.ozone.protocolPB.OzoneManagerProtocolServerSideTranslatorPB.submitRequestDirectlyToOM(OzoneManagerProtocolServerSideTranslatorPB.java:208) ~[hadoop-ozone-ozone-manager-0.5.0-SNAPSHOT.jar:?]
	at org.apache.hadoop.ozone.protocolPB.OzoneManagerProtocolServerSideTranslatorPB.processRequest(OzoneManagerProtocolServerSideTranslatorPB.java:132) ~[hadoop-ozone-ozone-manager-0.5.0-SNAPSHOT.jar:?]
	at org.apache.hadoop.hdds.server.OzoneProtocolMessageDispatcher.processRequest(OzoneProtocolMessageDispatcher.java:72) [hadoop-hdds-server-framework-0.5.0-SNAPSHOT.jar:?]
	at org.apache.hadoop.ozone.protocolPB.OzoneManagerProtocolServerSideTranslatorPB.submitRequest(OzoneManagerProtocolServerSideTranslatorPB.java:100) [hadoop-ozone-ozone-manager-0.5.0-SNAPSHOT.jar:?]
	at org.apache.hadoop.ozone.protocol.proto.OzoneManagerProtocolProtos$OzoneManagerService$2.callBlockingMethod(OzoneManagerProtocolProtos.java) [hadoop-ozone-common-0.5.0-SNAPSHOT.jar:?]
	at org.apache.hadoop.ipc.ProtobufRpcEngine$Server$ProtoBufRpcInvoker.call(ProtobufRpcEngine.java:524) [hadoop-common-3.2.0.jar:?]
	at org.apache.hadoop.ipc.RPC$Server.call(RPC.java:1025) [hadoop-common-3.2.0.jar:?]
	at org.apache.hadoop.ipc.Server$RpcCall.run(Server.java:876) [hadoop-common-3.2.0.jar:?]
	at org.apache.hadoop.ipc.Server$RpcCall.run(Server.java:822) [hadoop-common-3.2.0.jar:?]
	at java.security.AccessController.doPrivileged(Native Method) [?:1.8.0_222]
	at javax.security.auth.Subject.doAs(Subject.java:422) [?:1.8.0_222]
	at org.apache.hadoop.security.UserGroupInformation.doAs(UserGroupInformation.java:1730) [hadoop-common-3.2.0.jar:?]
	at org.apache.hadoop.ipc.Server$Handler.run(Server.java:2682) [hadoop-common-3.2.0.jar:?]
2019-11-05 17:32:01,842 [LocalJobRunner Map Task Executor #0] WARN  ozone.BasicOzoneFileSystem (BasicOzoneFileSystem.java:delete(444)) - delete: Path does not exist: o3fs://bucket04445.volume45730/test/ITestOzoneContractDistCp/testUpdateDeepDirectoryStructureToRemote/remote/outputDir/inputDir/.distcp.tmp.attempt_local1806991505_0008_m_000001_0
2019-11-05 17:32:01,842 [LocalJobRunner Map Task Executor #0] INFO  mapred.LocalJobRunner (LocalJobRunner.java:statusUpdate(634)) - 
2019-11-05 17:32:01,872 [LocalJobRunner Map Task Executor #0] INFO  mapred.Task (Task.java:done(1244)) - Task:attempt_local1806991505_0008_m_000001_0 is done. And is in the process of committing
2019-11-05 17:32:01,873 [LocalJobRunner Map Task Executor #0] INFO  mapred.LocalJobRunner (LocalJobRunner.java:statusUpdate(634)) - 
2019-11-05 17:32:01,873 [LocalJobRunner Map Task Executor #0] INFO  mapred.Task (Task.java:commit(1421)) - Task attempt_local1806991505_0008_m_000001_0 is allowed to commit now
2019-11-05 17:32:01,874 [LocalJobRunner Map Task Executor #0] INFO  output.FileOutputCommitter (FileOutputCommitter.java:commitTask(598)) - Saved output of task 'attempt_local1806991505_0008_m_000001_0' to file:/tmp/hadoop/mapred/staging/jenkins10001704553511/.staging/_distcp1046295996/_logs
2019-11-05 17:32:01,874 [LocalJobRunner Map Task Executor #0] INFO  mapred.LocalJobRunner (LocalJobRunner.java:statusUpdate(634)) - Copying file:/workdir/hadoop-ozone/ozonefs/target/test-dir/ITestOzoneContractDistCp/testUpdateDeepDirectoryStructureToRemote/local/inputDir/subDir2/subDir2/newfile1 to o3fs://bucket04445.volume45730/test/ITestOzoneContractDistCp/testUpdateDeepDirectoryStructureToRemote/remote/outputDir/inputDir/subDir2/subDir2/newfile1
2019-11-05 17:32:01,874 [LocalJobRunner Map Task Executor #0] INFO  mapred.Task (Task.java:sendDone(1380)) - Task 'attempt_local1806991505_0008_m_000001_0' done.
2019-11-05 17:32:01,875 [LocalJobRunner Map Task Executor #0] INFO  mapred.Task (Task.java:done(1276)) - Final Counters for attempt_local1806991505_0008_m_000001_0: Counters: 24
	File System Counters
		FILE: Number of bytes read=20737586
		FILE: Number of bytes written=25542139
		FILE: Number of read operations=0
		FILE: Number of large read operations=0
		FILE: Number of write operations=0
		O3FS: Number of bytes read=0
		O3FS: Number of bytes written=18878868
		O3FS: Number of read operations=428
		O3FS: Number of large read operations=0
		O3FS: Number of write operations=87
	Map-Reduce Framework
		Map input records=1
		Map output records=0
		Input split bytes=158
		Spilled Records=0
		Failed Shuffles=0
		Merged Map outputs=0
		GC time elapsed (ms)=0
		Total committed heap usage (bytes)=2027945984
	File Input Format Counters 
		Bytes Read=1720
	File Output Format Counters 
		Bytes Written=8
	DistCp Counters
		Bandwidth in Btyes=0
		Bytes Copied=0
		Bytes Expected=0
		Files Copied=1
2019-11-05 17:32:01,875 [LocalJobRunner Map Task Executor #0] INFO  mapred.LocalJobRunner (LocalJobRunner.java:run(277)) - Finishing task: attempt_local1806991505_0008_m_000001_0
2019-11-05 17:32:01,875 [LocalJobRunner Map Task Executor #0] INFO  mapred.LocalJobRunner (LocalJobRunner.java:run(252)) - Starting task: attempt_local1806991505_0008_m_000002_0
2019-11-05 17:32:01,875 [LocalJobRunner Map Task Executor #0] INFO  output.FileOutputCommitter (FileOutputCommitter.java:<init>(140)) - File Output Committer Algorithm version is 2
2019-11-05 17:32:01,875 [LocalJobRunner Map Task Executor #0] INFO  output.FileOutputCommitter (FileOutputCommitter.java:<init>(155)) - FileOutputCommitter skip cleanup _temporary folders under output directory:false, ignore cleanup failures: false
2019-11-05 17:32:01,876 [LocalJobRunner Map Task Executor #0] INFO  mapred.Task (Task.java:initialize(626)) -  Using ResourceCalculatorProcessTree : [ ]
2019-11-05 17:32:01,876 [LocalJobRunner Map Task Executor #0] INFO  mapred.MapTask (MapTask.java:runNewMapper(768)) - Processing split: file:/tmp/hadoop/mapred/staging/jenkins10001704553511/.staging/_distcp1046295996/fileList.seq:1148+272
2019-11-05 17:32:01,876 [LocalJobRunner Map Task Executor #0] INFO  output.FileOutputCommitter (FileOutputCommitter.java:<init>(140)) - File Output Committer Algorithm version is 2
2019-11-05 17:32:01,877 [LocalJobRunner Map Task Executor #0] INFO  output.FileOutputCommitter (FileOutputCommitter.java:<init>(155)) - FileOutputCommitter skip cleanup _temporary folders under output directory:false, ignore cleanup failures: false
2019-11-05 17:32:01,888 [LocalJobRunner Map Task Executor #0] INFO  mapred.CopyMapper (CopyMapper.java:map(154)) - Copying file:/workdir/hadoop-ozone/ozonefs/target/test-dir/ITestOzoneContractDistCp/testUpdateDeepDirectoryStructureToRemote/local/inputDir/subDir2/subDir2 to o3fs://bucket04445.volume45730/test/ITestOzoneContractDistCp/testUpdateDeepDirectoryStructureToRemote/remote/outputDir/inputDir/subDir2/subDir2
2019-11-05 17:32:01,908 [LocalJobRunner Map Task Executor #0] INFO  mapred.LocalJobRunner (LocalJobRunner.java:statusUpdate(634)) - 
2019-11-05 17:32:01,921 [LocalJobRunner Map Task Executor #0] INFO  mapred.Task (Task.java:done(1244)) - Task:attempt_local1806991505_0008_m_000002_0 is done. And is in the process of committing
2019-11-05 17:32:01,922 [LocalJobRunner Map Task Executor #0] INFO  mapred.LocalJobRunner (LocalJobRunner.java:statusUpdate(634)) - 
2019-11-05 17:32:01,922 [LocalJobRunner Map Task Executor #0] INFO  mapred.Task (Task.java:commit(1421)) - Task attempt_local1806991505_0008_m_000002_0 is allowed to commit now
2019-11-05 17:32:01,983 [LocalJobRunner Map Task Executor #0] INFO  output.FileOutputCommitter (FileOutputCommitter.java:commitTask(598)) - Saved output of task 'attempt_local1806991505_0008_m_000002_0' to file:/tmp/hadoop/mapred/staging/jenkins10001704553511/.staging/_distcp1046295996/_logs
2019-11-05 17:32:01,984 [LocalJobRunner Map Task Executor #0] INFO  mapred.LocalJobRunner (LocalJobRunner.java:statusUpdate(634)) - Copying file:/workdir/hadoop-ozone/ozonefs/target/test-dir/ITestOzoneContractDistCp/testUpdateDeepDirectoryStructureToRemote/local/inputDir/subDir2/subDir2 to o3fs://bucket04445.volume45730/test/ITestOzoneContractDistCp/testUpdateDeepDirectoryStructureToRemote/remote/outputDir/inputDir/subDir2/subDir2
2019-11-05 17:32:01,984 [LocalJobRunner Map Task Executor #0] INFO  mapred.Task (Task.java:sendDone(1380)) - Task 'attempt_local1806991505_0008_m_000002_0' done.
2019-11-05 17:32:01,984 [LocalJobRunner Map Task Executor #0] INFO  mapred.Task (Task.java:done(1276)) - Final Counters for attempt_local1806991505_0008_m_000002_0: Counters: 22
	File System Counters
		FILE: Number of bytes read=20740277
		FILE: Number of bytes written=25542147
		FILE: Number of read operations=0
		FILE: Number of large read operations=0
		FILE: Number of write operations=0
		O3FS: Number of bytes read=0
		O3FS: Number of bytes written=18878868
		O3FS: Number of read operations=430
		O3FS: Number of large read operations=0
		O3FS: Number of write operations=87
	Map-Reduce Framework
		Map input records=1
		Map output records=0
		Input split bytes=158
		Spilled Records=0
		Failed Shuffles=0
		Merged Map outputs=0
		GC time elapsed (ms)=0
		Total committed heap usage (bytes)=2027945984
	File Input Format Counters 
		Bytes Read=1720
	File Output Format Counters 
		Bytes Written=8
	DistCp Counters
		Bandwidth in Btyes=0
		DIR_COPY=1
2019-11-05 17:32:01,984 [LocalJobRunner Map Task Executor #0] INFO  mapred.LocalJobRunner (LocalJobRunner.java:run(277)) - Finishing task: attempt_local1806991505_0008_m_000002_0
2019-11-05 17:32:01,984 [LocalJobRunner Map Task Executor #0] INFO  mapred.LocalJobRunner (LocalJobRunner.java:run(252)) - Starting task: attempt_local1806991505_0008_m_000003_0
2019-11-05 17:32:01,985 [LocalJobRunner Map Task Executor #0] INFO  output.FileOutputCommitter (FileOutputCommitter.java:<init>(140)) - File Output Committer Algorithm version is 2
2019-11-05 17:32:01,985 [LocalJobRunner Map Task Executor #0] INFO  output.FileOutputCommitter (FileOutputCommitter.java:<init>(155)) - FileOutputCommitter skip cleanup _temporary folders under output directory:false, ignore cleanup failures: false
2019-11-05 17:32:01,985 [LocalJobRunner Map Task Executor #0] INFO  mapred.Task (Task.java:initialize(626)) -  Using ResourceCalculatorProcessTree : [ ]
2019-11-05 17:32:01,986 [LocalJobRunner Map Task Executor #0] INFO  mapred.MapTask (MapTask.java:runNewMapper(768)) - Processing split: file:/tmp/hadoop/mapred/staging/jenkins10001704553511/.staging/_distcp1046295996/fileList.seq:334+268
2019-11-05 17:32:01,986 [LocalJobRunner Map Task Executor #0] INFO  output.FileOutputCommitter (FileOutputCommitter.java:<init>(140)) - File Output Committer Algorithm version is 2
2019-11-05 17:32:01,986 [LocalJobRunner Map Task Executor #0] INFO  output.FileOutputCommitter (FileOutputCommitter.java:<init>(155)) - FileOutputCommitter skip cleanup _temporary folders under output directory:false, ignore cleanup failures: false
2019-11-05 17:32:01,998 [LocalJobRunner Map Task Executor #0] INFO  mapred.CopyMapper (CopyMapper.java:map(154)) - Copying file:/workdir/hadoop-ozone/ozonefs/target/test-dir/ITestOzoneContractDistCp/testUpdateDeepDirectoryStructureToRemote/local/inputDir/subDir1/file2 to o3fs://bucket04445.volume45730/test/ITestOzoneContractDistCp/testUpdateDeepDirectoryStructureToRemote/remote/outputDir/inputDir/subDir1/file2
2019-11-05 17:32:02,003 [LocalJobRunner Map Task Executor #0] INFO  mapred.CopyMapper (CopyMapper.java:map(198)) - Skipping copy of file:/workdir/hadoop-ozone/ozonefs/target/test-dir/ITestOzoneContractDistCp/testUpdateDeepDirectoryStructureToRemote/local/inputDir/subDir1/file2 to o3fs://bucket04445.volume45730/test/ITestOzoneContractDistCp/testUpdateDeepDirectoryStructureToRemote/remote/outputDir/inputDir/subDir1/file2
2019-11-05 17:32:02,004 [LocalJobRunner Map Task Executor #0] INFO  mapred.LocalJobRunner (LocalJobRunner.java:statusUpdate(634)) - 
2019-11-05 17:32:02,004 [LocalJobRunner Map Task Executor #0] INFO  mapred.Task (Task.java:done(1244)) - Task:attempt_local1806991505_0008_m_000003_0 is done. And is in the process of committing
2019-11-05 17:32:02,005 [LocalJobRunner Map Task Executor #0] INFO  mapred.LocalJobRunner (LocalJobRunner.java:statusUpdate(634)) - 
2019-11-05 17:32:02,005 [LocalJobRunner Map Task Executor #0] INFO  mapred.Task (Task.java:commit(1421)) - Task attempt_local1806991505_0008_m_000003_0 is allowed to commit now
2019-11-05 17:32:02,006 [LocalJobRunner Map Task Executor #0] INFO  output.FileOutputCommitter (FileOutputCommitter.java:commitTask(598)) - Saved output of task 'attempt_local1806991505_0008_m_000003_0' to file:/tmp/hadoop/mapred/staging/jenkins10001704553511/.staging/_distcp1046295996/_logs
2019-11-05 17:32:02,007 [LocalJobRunner Map Task Executor #0] INFO  mapred.LocalJobRunner (LocalJobRunner.java:statusUpdate(634)) - Copying file:/workdir/hadoop-ozone/ozonefs/target/test-dir/ITestOzoneContractDistCp/testUpdateDeepDirectoryStructureToRemote/local/inputDir/subDir1/file2 to o3fs://bucket04445.volume45730/test/ITestOzoneContractDistCp/testUpdateDeepDirectoryStructureToRemote/remote/outputDir/inputDir/subDir1/file2
2019-11-05 17:32:02,007 [LocalJobRunner Map Task Executor #0] INFO  mapred.Task (Task.java:sendDone(1380)) - Task 'attempt_local1806991505_0008_m_000003_0' done.
2019-11-05 17:32:02,007 [LocalJobRunner Map Task Executor #0] INFO  mapred.Task (Task.java:done(1276)) - Final Counters for attempt_local1806991505_0008_m_000003_0: Counters: 23
	File System Counters
		FILE: Number of bytes read=20742968
		FILE: Number of bytes written=25542311
		FILE: Number of read operations=0
		FILE: Number of large read operations=0
		FILE: Number of write operations=0
		O3FS: Number of bytes read=0
		O3FS: Number of bytes written=18878868
		O3FS: Number of read operations=432
		O3FS: Number of large read operations=0
		O3FS: Number of write operations=87
	Map-Reduce Framework
		Map input records=1
		Map output records=1
		Input split bytes=158
		Spilled Records=0
		Failed Shuffles=0
		Merged Map outputs=0
		GC time elapsed (ms)=0
		Total committed heap usage (bytes)=2027945984
	File Input Format Counters 
		Bytes Read=1720
	File Output Format Counters 
		Bytes Written=164
	DistCp Counters
		Bandwidth in Btyes=0
		Bytes Skipped=200
		Files Skipped=1
2019-11-05 17:32:02,007 [LocalJobRunner Map Task Executor #0] INFO  mapred.LocalJobRunner (LocalJobRunner.java:run(277)) - Finishing task: attempt_local1806991505_0008_m_000003_0
2019-11-05 17:32:02,007 [LocalJobRunner Map Task Executor #0] INFO  mapred.LocalJobRunner (LocalJobRunner.java:run(252)) - Starting task: attempt_local1806991505_0008_m_000004_0
2019-11-05 17:32:02,008 [LocalJobRunner Map Task Executor #0] INFO  output.FileOutputCommitter (FileOutputCommitter.java:<init>(140)) - File Output Committer Algorithm version is 2
2019-11-05 17:32:02,008 [LocalJobRunner Map Task Executor #0] INFO  output.FileOutputCommitter (FileOutputCommitter.java:<init>(155)) - FileOutputCommitter skip cleanup _temporary folders under output directory:false, ignore cleanup failures: false
2019-11-05 17:32:02,008 [LocalJobRunner Map Task Executor #0] INFO  mapred.Task (Task.java:initialize(626)) -  Using ResourceCalculatorProcessTree : [ ]
2019-11-05 17:32:02,008 [LocalJobRunner Map Task Executor #0] INFO  mapred.MapTask (MapTask.java:runNewMapper(768)) - Processing split: file:/tmp/hadoop/mapred/staging/jenkins10001704553511/.staging/_distcp1046295996/fileList.seq:602+256
2019-11-05 17:32:02,009 [LocalJobRunner Map Task Executor #0] INFO  output.FileOutputCommitter (FileOutputCommitter.java:<init>(140)) - File Output Committer Algorithm version is 2
2019-11-05 17:32:02,009 [LocalJobRunner Map Task Executor #0] INFO  output.FileOutputCommitter (FileOutputCommitter.java:<init>(155)) - FileOutputCommitter skip cleanup _temporary folders under output directory:false, ignore cleanup failures: false
2019-11-05 17:32:02,196 [LocalJobRunner Map Task Executor #0] INFO  mapred.CopyMapper (CopyMapper.java:map(154)) - Copying file:/workdir/hadoop-ozone/ozonefs/target/test-dir/ITestOzoneContractDistCp/testUpdateDeepDirectoryStructureToRemote/local/inputDir/subDir4 to o3fs://bucket04445.volume45730/test/ITestOzoneContractDistCp/testUpdateDeepDirectoryStructureToRemote/remote/outputDir/inputDir/subDir4
2019-11-05 17:32:02,211 [LocalJobRunner Map Task Executor #0] INFO  mapred.LocalJobRunner (LocalJobRunner.java:statusUpdate(634)) - 
2019-11-05 17:32:02,211 [LocalJobRunner Map Task Executor #0] INFO  mapred.Task (Task.java:done(1244)) - Task:attempt_local1806991505_0008_m_000004_0 is done. And is in the process of committing
2019-11-05 17:32:02,212 [LocalJobRunner Map Task Executor #0] INFO  mapred.LocalJobRunner (LocalJobRunner.java:statusUpdate(634)) - 
2019-11-05 17:32:02,212 [LocalJobRunner Map Task Executor #0] INFO  mapred.Task (Task.java:commit(1421)) - Task attempt_local1806991505_0008_m_000004_0 is allowed to commit now
2019-11-05 17:32:02,213 [LocalJobRunner Map Task Executor #0] INFO  output.FileOutputCommitter (FileOutputCommitter.java:commitTask(598)) - Saved output of task 'attempt_local1806991505_0008_m_000004_0' to file:/tmp/hadoop/mapred/staging/jenkins10001704553511/.staging/_distcp1046295996/_logs
2019-11-05 17:32:02,214 [LocalJobRunner Map Task Executor #0] INFO  mapred.LocalJobRunner (LocalJobRunner.java:statusUpdate(634)) - Copying file:/workdir/hadoop-ozone/ozonefs/target/test-dir/ITestOzoneContractDistCp/testUpdateDeepDirectoryStructureToRemote/local/inputDir/subDir4 to o3fs://bucket04445.volume45730/test/ITestOzoneContractDistCp/testUpdateDeepDirectoryStructureToRemote/remote/outputDir/inputDir/subDir4
2019-11-05 17:32:02,214 [LocalJobRunner Map Task Executor #0] INFO  mapred.Task (Task.java:sendDone(1380)) - Task 'attempt_local1806991505_0008_m_000004_0' done.
2019-11-05 17:32:02,215 [LocalJobRunner Map Task Executor #0] INFO  mapred.Task (Task.java:done(1276)) - Final Counters for attempt_local1806991505_0008_m_000004_0: Counters: 22
	File System Counters
		FILE: Number of bytes read=20745147
		FILE: Number of bytes written=25542319
		FILE: Number of read operations=0
		FILE: Number of large read operations=0
		FILE: Number of write operations=0
		O3FS: Number of bytes read=0
		O3FS: Number of bytes written=18878868
		O3FS: Number of read operations=434
		O3FS: Number of large read operations=0
		O3FS: Number of write operations=87
	Map-Reduce Framework
		Map input records=1
		Map output records=0
		Input split bytes=158
		Spilled Records=0
		Failed Shuffles=0
		Merged Map outputs=0
		GC time elapsed (ms)=0
		Total committed heap usage (bytes)=2027945984
	File Input Format Counters 
		Bytes Read=1720
	File Output Format Counters 
		Bytes Written=8
	DistCp Counters
		Bandwidth in Btyes=0
		DIR_COPY=1
2019-11-05 17:32:02,215 [LocalJobRunner Map Task Executor #0] INFO  mapred.LocalJobRunner (LocalJobRunner.java:run(277)) - Finishing task: attempt_local1806991505_0008_m_000004_0
2019-11-05 17:32:02,215 [LocalJobRunner Map Task Executor #0] INFO  mapred.LocalJobRunner (LocalJobRunner.java:run(252)) - Starting task: attempt_local1806991505_0008_m_000005_0
2019-11-05 17:32:02,216 [LocalJobRunner Map Task Executor #0] INFO  output.FileOutputCommitter (FileOutputCommitter.java:<init>(140)) - File Output Committer Algorithm version is 2
2019-11-05 17:32:02,216 [LocalJobRunner Map Task Executor #0] INFO  output.FileOutputCommitter (FileOutputCommitter.java:<init>(155)) - FileOutputCommitter skip cleanup _temporary folders under output directory:false, ignore cleanup failures: false
2019-11-05 17:32:02,216 [LocalJobRunner Map Task Executor #0] INFO  mapred.Task (Task.java:initialize(626)) -  Using ResourceCalculatorProcessTree : [ ]
2019-11-05 17:32:02,217 [LocalJobRunner Map Task Executor #0] INFO  mapred.MapTask (MapTask.java:runNewMapper(768)) - Processing split: file:/tmp/hadoop/mapred/staging/jenkins10001704553511/.staging/_distcp1046295996/fileList.seq:1420+256
2019-11-05 17:32:02,218 [LocalJobRunner Map Task Executor #0] INFO  output.FileOutputCommitter (FileOutputCommitter.java:<init>(140)) - File Output Committer Algorithm version is 2
2019-11-05 17:32:02,218 [LocalJobRunner Map Task Executor #0] INFO  output.FileOutputCommitter (FileOutputCommitter.java:<init>(155)) - FileOutputCommitter skip cleanup _temporary folders under output directory:false, ignore cleanup failures: false
2019-11-05 17:32:02,236 [LocalJobRunner Map Task Executor #0] INFO  mapred.CopyMapper (CopyMapper.java:map(154)) - Copying file:/workdir/hadoop-ozone/ozonefs/target/test-dir/ITestOzoneContractDistCp/testUpdateDeepDirectoryStructureToRemote/local/inputDir/subDir1 to o3fs://bucket04445.volume45730/test/ITestOzoneContractDistCp/testUpdateDeepDirectoryStructureToRemote/remote/outputDir/inputDir/subDir1
2019-11-05 17:32:02,251 [LocalJobRunner Map Task Executor #0] INFO  mapred.LocalJobRunner (LocalJobRunner.java:statusUpdate(634)) - 
2019-11-05 17:32:02,251 [LocalJobRunner Map Task Executor #0] INFO  mapred.Task (Task.java:done(1244)) - Task:attempt_local1806991505_0008_m_000005_0 is done. And is in the process of committing
2019-11-05 17:32:02,252 [LocalJobRunner Map Task Executor #0] INFO  mapred.LocalJobRunner (LocalJobRunner.java:statusUpdate(634)) - 
2019-11-05 17:32:02,252 [LocalJobRunner Map Task Executor #0] INFO  mapred.Task (Task.java:commit(1421)) - Task attempt_local1806991505_0008_m_000005_0 is allowed to commit now
2019-11-05 17:32:02,253 [LocalJobRunner Map Task Executor #0] INFO  output.FileOutputCommitter (FileOutputCommitter.java:commitTask(598)) - Saved output of task 'attempt_local1806991505_0008_m_000005_0' to file:/tmp/hadoop/mapred/staging/jenkins10001704553511/.staging/_distcp1046295996/_logs
2019-11-05 17:32:02,253 [LocalJobRunner Map Task Executor #0] INFO  mapred.LocalJobRunner (LocalJobRunner.java:statusUpdate(634)) - Copying file:/workdir/hadoop-ozone/ozonefs/target/test-dir/ITestOzoneContractDistCp/testUpdateDeepDirectoryStructureToRemote/local/inputDir/subDir1 to o3fs://bucket04445.volume45730/test/ITestOzoneContractDistCp/testUpdateDeepDirectoryStructureToRemote/remote/outputDir/inputDir/subDir1
2019-11-05 17:32:02,253 [LocalJobRunner Map Task Executor #0] INFO  mapred.Task (Task.java:sendDone(1380)) - Task 'attempt_local1806991505_0008_m_000005_0' done.
2019-11-05 17:32:02,253 [LocalJobRunner Map Task Executor #0] INFO  mapred.Task (Task.java:done(1276)) - Final Counters for attempt_local1806991505_0008_m_000005_0: Counters: 22
	File System Counters
		FILE: Number of bytes read=20747326
		FILE: Number of bytes written=25542327
		FILE: Number of read operations=0
		FILE: Number of large read operations=0
		FILE: Number of write operations=0
		O3FS: Number of bytes read=0
		O3FS: Number of bytes written=18878868
		O3FS: Number of read operations=436
		O3FS: Number of large read operations=0
		O3FS: Number of write operations=87
	Map-Reduce Framework
		Map input records=1
		Map output records=0
		Input split bytes=158
		Spilled Records=0
		Failed Shuffles=0
		Merged Map outputs=0
		GC time elapsed (ms)=0
		Total committed heap usage (bytes)=2027945984
	File Input Format Counters 
		Bytes Read=1720
	File Output Format Counters 
		Bytes Written=8
	DistCp Counters
		Bandwidth in Btyes=0
		DIR_COPY=1
2019-11-05 17:32:02,253 [LocalJobRunner Map Task Executor #0] INFO  mapred.LocalJobRunner (LocalJobRunner.java:run(277)) - Finishing task: attempt_local1806991505_0008_m_000005_0
2019-11-05 17:32:02,254 [Thread-1260] INFO  mapred.LocalJobRunner (LocalJobRunner.java:runTasks(486)) - map task executor complete.
2019-11-05 17:32:02,271 [Thread-1260] INFO  mapred.CopyCommitter (CopyCommitter.java:deleteMissing(393)) - -delete option is enabled. About to remove entries from target that are missing in source
2019-11-05 17:32:02,278 [Thread-1260] INFO  mapred.CopyCommitter (CopyCommitter.java:deleteMissing(402)) - Source listing completed in 0:00:00.007
2019-11-05 17:32:02,279 [Thread-1260] INFO  mapred.CopyCommitter (CopyCommitter.java:listTargetFiles(560)) - Scanning destination directory o3fs://bucket04445.volume45730/test/ITestOzoneContractDistCp/testUpdateDeepDirectoryStructureToRemote/remote/outputDir/inputDir with thread count: 40
17:32:02.281 [IPC Server handler 3 on 37190] ERROR OMAudit - user=jenkins1000 | ip=127.0.0.1 | op=GET_FILE_STATUS {volume=volume45730, bucket=bucket04445, key=NONE, dataSize=0, replicationType=null, replicationFactor=null, keyLocationInfo=null} | ret=FAILURE
org.apache.hadoop.ozone.om.exceptions.OMException: Unable to get file status: volume: volume45730 bucket: bucket04445 key: NONE
	at org.apache.hadoop.ozone.om.KeyManagerImpl.getFileStatus(KeyManagerImpl.java:1784) ~[hadoop-ozone-ozone-manager-0.5.0-SNAPSHOT.jar:?]
	at org.apache.hadoop.ozone.om.OzoneManager.getFileStatus(OzoneManager.java:2762) ~[hadoop-ozone-ozone-manager-0.5.0-SNAPSHOT.jar:?]
	at org.apache.hadoop.ozone.protocolPB.OzoneManagerRequestHandler.getOzoneFileStatus(OzoneManagerRequestHandler.java:1053) ~[hadoop-ozone-ozone-manager-0.5.0-SNAPSHOT.jar:?]
	at org.apache.hadoop.ozone.protocolPB.OzoneManagerRequestHandler.handle(OzoneManagerRequestHandler.java:340) ~[hadoop-ozone-ozone-manager-0.5.0-SNAPSHOT.jar:?]
	at org.apache.hadoop.ozone.protocolPB.OzoneManagerProtocolServerSideTranslatorPB.submitRequestDirectlyToOM(OzoneManagerProtocolServerSideTranslatorPB.java:208) ~[hadoop-ozone-ozone-manager-0.5.0-SNAPSHOT.jar:?]
	at org.apache.hadoop.ozone.protocolPB.OzoneManagerProtocolServerSideTranslatorPB.processRequest(OzoneManagerProtocolServerSideTranslatorPB.java:132) ~[hadoop-ozone-ozone-manager-0.5.0-SNAPSHOT.jar:?]
	at org.apache.hadoop.hdds.server.OzoneProtocolMessageDispatcher.processRequest(OzoneProtocolMessageDispatcher.java:72) [hadoop-hdds-server-framework-0.5.0-SNAPSHOT.jar:?]
	at org.apache.hadoop.ozone.protocolPB.OzoneManagerProtocolServerSideTranslatorPB.submitRequest(OzoneManagerProtocolServerSideTranslatorPB.java:100) [hadoop-ozone-ozone-manager-0.5.0-SNAPSHOT.jar:?]
	at org.apache.hadoop.ozone.protocol.proto.OzoneManagerProtocolProtos$OzoneManagerService$2.callBlockingMethod(OzoneManagerProtocolProtos.java) [hadoop-ozone-common-0.5.0-SNAPSHOT.jar:?]
	at org.apache.hadoop.ipc.ProtobufRpcEngine$Server$ProtoBufRpcInvoker.call(ProtobufRpcEngine.java:524) [hadoop-common-3.2.0.jar:?]
	at org.apache.hadoop.ipc.RPC$Server.call(RPC.java:1025) [hadoop-common-3.2.0.jar:?]
	at org.apache.hadoop.ipc.Server$RpcCall.run(Server.java:876) [hadoop-common-3.2.0.jar:?]
	at org.apache.hadoop.ipc.Server$RpcCall.run(Server.java:822) [hadoop-common-3.2.0.jar:?]
	at java.security.AccessController.doPrivileged(Native Method) [?:1.8.0_222]
	at javax.security.auth.Subject.doAs(Subject.java:422) [?:1.8.0_222]
	at org.apache.hadoop.security.UserGroupInformation.doAs(UserGroupInformation.java:1730) [hadoop-common-3.2.0.jar:?]
	at org.apache.hadoop.ipc.Server$Handler.run(Server.java:2682) [hadoop-common-3.2.0.jar:?]
2019-11-05 17:32:02,300 [Thread-1260] INFO  tools.SimpleCopyListing (SimpleCopyListing.java:printStats(608)) - Paths (files+dirs) cnt = 41; dirCnt = 5
2019-11-05 17:32:02,301 [Thread-1260] INFO  tools.SimpleCopyListing (SimpleCopyListing.java:doBuildListing(402)) - Build file listing completed.
2019-11-05 17:32:02,310 [Thread-1260] INFO  mapred.CopyCommitter (CopyCommitter.java:cleanup(189)) - Cleaning up temporary work folder: file:/tmp/hadoop/mapred/staging/jenkins10001704553511/.staging/_distcp1046295996
2019-11-05 17:32:02,386 [Thread-1260] INFO  mapred.CopyCommitter (CopyCommitter.java:cleanup(189)) - Cleaning up temporary work folder: file:/tmp/hadoop/mapred/staging/jenkins10001704553511/.staging/_distcp1046295996
2019-11-05 17:32:02,386 [Thread-1260] WARN  mapred.LocalJobRunner (LocalJobRunner.java:run(590)) - job_local1806991505_0008
org.apache.hadoop.tools.CopyListing$DuplicateFileException: File o3fs://bucket04445.volume45730/test/ITestOzoneContractDistCp/testUpdateDeepDirectoryStructureToRemote/remote/outputDir/inputDir/file1 and o3fs://bucket04445.volume45730/test/ITestOzoneContractDistCp/testUpdateDeepDirectoryStructureToRemote/remote/outputDir/inputDir/file1 would cause duplicates. Aborting
	at org.apache.hadoop.tools.CopyListing.validateFinalListing(CopyListing.java:175)
	at org.apache.hadoop.tools.CopyListing.buildListing(CopyListing.java:93)
	at org.apache.hadoop.tools.GlobbedCopyListing.doBuildListing(GlobbedCopyListing.java:89)
	at org.apache.hadoop.tools.CopyListing.buildListing(CopyListing.java:86)
	at org.apache.hadoop.tools.mapred.CopyCommitter.listTargetFiles(CopyCommitter.java:570)
	at org.apache.hadoop.tools.mapred.CopyCommitter.deleteMissing(CopyCommitter.java:409)
	at org.apache.hadoop.tools.mapred.CopyCommitter.commitJob(CopyCommitter.java:121)
	at org.apache.hadoop.mapred.LocalJobRunner$Job.run(LocalJobRunner.java:567)
2019-11-05 17:32:02,646 [Thread-1046] INFO  mapreduce.Job (Job.java:monitorAndPrintJob(1640)) - Job job_local1806991505_0008 running in uber mode : false
2019-11-05 17:32:02,646 [Thread-1046] INFO  mapreduce.Job (Job.java:monitorAndPrintJob(1647)) -  map 100% reduce 0%
2019-11-05 17:32:02,647 [Thread-1046] INFO  mapreduce.Job (Job.java:monitorAndPrintJob(1660)) - Job job_local1806991505_0008 failed with state FAILED due to: NA
2019-11-05 17:32:02,649 [Thread-1046] INFO  mapreduce.Job (Job.java:monitorAndPrintJob(1665)) - Counters: 27
	File System Counters
		FILE: Number of bytes read=124448191
		FILE: Number of bytes written=153253374
		FILE: Number of read operations=0
		FILE: Number of large read operations=0
		FILE: Number of write operations=0
		O3FS: Number of bytes read=0
		O3FS: Number of bytes written=113273208
		O3FS: Number of read operations=2578
		O3FS: Number of large read operations=0
		O3FS: Number of write operations=519
	Map-Reduce Framework
		Map input records=6
		Map output records=1
		Input split bytes=948
		Spilled Records=0
		Failed Shuffles=0
		Merged Map outputs=0
		GC time elapsed (ms)=0
		Total committed heap usage (bytes)=12167675904
	File Input Format Counters 
		Bytes Read=10320
	File Output Format Counters 
		Bytes Written=204
	DistCp Counters
		Bandwidth in Btyes=0
		Bytes Copied=0
		Bytes Expected=0
		Bytes Skipped=200
		Files Copied=1
		DIR_COPY=4
		Files Skipped=1
]]></system-out>
  </testcase>
  <testcase name="testDeepDirectoryStructureFromRemote" classname="org.apache.hadoop.fs.ozone.contract.ITestOzoneContractDistCp" time="5.771"/>
</testsuite>