<?xml version="1.0" encoding="UTF-8"?>
<testsuite xmlns:xsi="http://www.w3.org/2001/XMLSchema-instance" xsi:noNamespaceSchemaLocation="https://maven.apache.org/surefire/maven-surefire-plugin/xsd/surefire-test-report.xsd" name="org.apache.hadoop.fs.ozone.TestOzoneFileSystem" time="440.681" tests="8" errors="1" skipped="0" failures="1">
  <properties>
    <property name="awt.toolkit" value="sun.awt.X11.XToolkit"/>
    <property name="file.encoding.pkg" value="sun.io"/>
    <property name="java.specification.version" value="1.8"/>
    <property name="sun.cpu.isalist" value=""/>
    <property name="sun.jnu.encoding" value="ANSI_X3.4-1968"/>
    <property name="java.class.path" value="/workdir/hadoop-ozone/ozonefs/target/test-classes:/workdir/hadoop-ozone/ozonefs/target/classes:/home/user/.m2/repository/org/apache/hadoop/hadoop-common/3.2.0/hadoop-common-3.2.0.jar:/home/user/.m2/repository/org/apache/hadoop/hadoop-annotations/3.2.0/hadoop-annotations-3.2.0.jar:/usr/lib/jvm/java-1.8.0-openjdk-1.8.0.222.b10-1.el7_7.x86_64/jre/../lib/tools.jar:/home/user/.m2/repository/com/google/guava/guava/11.0.2/guava-11.0.2.jar:/home/user/.m2/repository/commons-cli/commons-cli/1.2/commons-cli-1.2.jar:/home/user/.m2/repository/org/apache/commons/commons-math3/3.1.1/commons-math3-3.1.1.jar:/home/user/.m2/repository/commons-codec/commons-codec/1.11/commons-codec-1.11.jar:/home/user/.m2/repository/commons-io/commons-io/2.5/commons-io-2.5.jar:/home/user/.m2/repository/commons-net/commons-net/3.6/commons-net-3.6.jar:/home/user/.m2/repository/commons-collections/commons-collections/3.2.2/commons-collections-3.2.2.jar:/home/user/.m2/repository/javax/servlet/javax.servlet-api/3.1.0/javax.servlet-api-3.1.0.jar:/home/user/.m2/repository/org/eclipse/jetty/jetty-server/9.3.25.v20180904/jetty-server-9.3.25.v20180904.jar:/home/user/.m2/repository/org/eclipse/jetty/jetty-http/9.3.25.v20180904/jetty-http-9.3.25.v20180904.jar:/home/user/.m2/repository/org/eclipse/jetty/jetty-io/9.3.25.v20180904/jetty-io-9.3.25.v20180904.jar:/home/user/.m2/repository/org/eclipse/jetty/jetty-util/9.3.25.v20180904/jetty-util-9.3.25.v20180904.jar:/home/user/.m2/repository/org/eclipse/jetty/jetty-servlet/9.3.25.v20180904/jetty-servlet-9.3.25.v20180904.jar:/home/user/.m2/repository/org/eclipse/jetty/jetty-security/9.3.25.v20180904/jetty-security-9.3.25.v20180904.jar:/home/user/.m2/repository/org/eclipse/jetty/jetty-webapp/9.3.25.v20180904/jetty-webapp-9.3.25.v20180904.jar:/home/user/.m2/repository/org/eclipse/jetty/jetty-xml/9.3.25.v20180904/jetty-xml-9.3.25.v20180904.jar:/home/user/.m2/repository/javax/servlet/jsp/jsp-api/2.1/jsp-api-2.1.jar:/home/user/.m2/repository/com/sun/jersey/jersey-core/1.19/jersey-core-1.19.jar:/home/user/.m2/repository/javax/ws/rs/jsr311-api/1.1.1/jsr311-api-1.1.1.jar:/home/user/.m2/repository/com/sun/jersey/jersey-servlet/1.19/jersey-servlet-1.19.jar:/home/user/.m2/repository/com/sun/jersey/jersey-json/1.19/jersey-json-1.19.jar:/home/user/.m2/repository/org/codehaus/jettison/jettison/1.1/jettison-1.1.jar:/home/user/.m2/repository/com/sun/xml/bind/jaxb-impl/2.3.0.1/jaxb-impl-2.3.0.1.jar:/home/user/.m2/repository/org/codehaus/jackson/jackson-core-asl/1.9.13/jackson-core-asl-1.9.13.jar:/home/user/.m2/repository/org/codehaus/jackson/jackson-mapper-asl/1.9.13/jackson-mapper-asl-1.9.13.jar:/home/user/.m2/repository/org/codehaus/jackson/jackson-jaxrs/1.9.13/jackson-jaxrs-1.9.13.jar:/home/user/.m2/repository/org/codehaus/jackson/jackson-xc/1.9.13/jackson-xc-1.9.13.jar:/home/user/.m2/repository/com/sun/jersey/jersey-server/1.19/jersey-server-1.19.jar:/home/user/.m2/repository/commons-logging/commons-logging/1.1.3/commons-logging-1.1.3.jar:/home/user/.m2/repository/log4j/log4j/1.2.17/log4j-1.2.17.jar:/home/user/.m2/repository/commons-beanutils/commons-beanutils/1.9.4/commons-beanutils-1.9.4.jar:/home/user/.m2/repository/org/apache/commons/commons-configuration2/2.1.1/commons-configuration2-2.1.1.jar:/home/user/.m2/repository/org/apache/commons/commons-lang3/3.7/commons-lang3-3.7.jar:/home/user/.m2/repository/org/apache/commons/commons-text/1.4/commons-text-1.4.jar:/home/user/.m2/repository/org/slf4j/slf4j-api/1.7.25/slf4j-api-1.7.25.jar:/home/user/.m2/repository/org/slf4j/slf4j-log4j12/1.7.25/slf4j-log4j12-1.7.25.jar:/home/user/.m2/repository/org/apache/avro/avro/1.7.7/avro-1.7.7.jar:/home/user/.m2/repository/com/thoughtworks/paranamer/paranamer/2.3/paranamer-2.3.jar:/home/user/.m2/repository/org/xerial/snappy/snappy-java/1.0.5/snappy-java-1.0.5.jar:/home/user/.m2/repository/com/google/re2j/re2j/1.1/re2j-1.1.jar:/home/user/.m2/repository/com/google/protobuf/protobuf-java/2.5.0/protobuf-java-2.5.0.jar:/home/user/.m2/repository/com/google/code/gson/gson/2.2.4/gson-2.2.4.jar:/home/user/.m2/repository/org/apache/hadoop/hadoop-auth/3.2.0/hadoop-auth-3.2.0.jar:/home/user/.m2/repository/com/nimbusds/nimbus-jose-jwt/4.41.1/nimbus-jose-jwt-4.41.1.jar:/home/user/.m2/repository/com/github/stephenc/jcip/jcip-annotations/1.0-1/jcip-annotations-1.0-1.jar:/home/user/.m2/repository/net/minidev/json-smart/2.3/json-smart-2.3.jar:/home/user/.m2/repository/net/minidev/accessors-smart/1.2/accessors-smart-1.2.jar:/home/user/.m2/repository/org/apache/curator/curator-framework/2.12.0/curator-framework-2.12.0.jar:/home/user/.m2/repository/com/jcraft/jsch/0.1.54/jsch-0.1.54.jar:/home/user/.m2/repository/org/apache/curator/curator-client/2.12.0/curator-client-2.12.0.jar:/home/user/.m2/repository/org/apache/curator/curator-recipes/2.12.0/curator-recipes-2.12.0.jar:/home/user/.m2/repository/com/google/code/findbugs/jsr305/3.0.0/jsr305-3.0.0.jar:/home/user/.m2/repository/org/apache/htrace/htrace-core4/4.1.0-incubating/htrace-core4-4.1.0-incubating.jar:/home/user/.m2/repository/org/apache/zookeeper/zookeeper/3.4.13/zookeeper-3.4.13.jar:/home/user/.m2/repository/jline/jline/0.9.94/jline-0.9.94.jar:/home/user/.m2/repository/org/apache/yetus/audience-annotations/0.5.0/audience-annotations-0.5.0.jar:/home/user/.m2/repository/org/apache/commons/commons-compress/1.4.1/commons-compress-1.4.1.jar:/home/user/.m2/repository/org/tukaani/xz/1.0/xz-1.0.jar:/home/user/.m2/repository/org/apache/kerby/kerb-simplekdc/1.0.1/kerb-simplekdc-1.0.1.jar:/home/user/.m2/repository/org/apache/kerby/kerb-client/1.0.1/kerb-client-1.0.1.jar:/home/user/.m2/repository/org/apache/kerby/kerby-config/1.0.1/kerby-config-1.0.1.jar:/home/user/.m2/repository/org/apache/kerby/kerb-core/1.0.1/kerb-core-1.0.1.jar:/home/user/.m2/repository/org/apache/kerby/kerby-pkix/1.0.1/kerby-pkix-1.0.1.jar:/home/user/.m2/repository/org/apache/kerby/kerby-asn1/1.0.1/kerby-asn1-1.0.1.jar:/home/user/.m2/repository/org/apache/kerby/kerby-util/1.0.1/kerby-util-1.0.1.jar:/home/user/.m2/repository/org/apache/kerby/kerb-common/1.0.1/kerb-common-1.0.1.jar:/home/user/.m2/repository/org/apache/kerby/kerb-crypto/1.0.1/kerb-crypto-1.0.1.jar:/home/user/.m2/repository/org/apache/kerby/kerb-util/1.0.1/kerb-util-1.0.1.jar:/home/user/.m2/repository/org/apache/kerby/token-provider/1.0.1/token-provider-1.0.1.jar:/home/user/.m2/repository/org/apache/kerby/kerb-admin/1.0.1/kerb-admin-1.0.1.jar:/home/user/.m2/repository/org/apache/kerby/kerb-server/1.0.1/kerb-server-1.0.1.jar:/home/user/.m2/repository/org/apache/kerby/kerb-identity/1.0.1/kerb-identity-1.0.1.jar:/home/user/.m2/repository/org/apache/kerby/kerby-xdr/1.0.1/kerby-xdr-1.0.1.jar:/home/user/.m2/repository/com/fasterxml/jackson/core/jackson-databind/2.9.9/jackson-databind-2.9.9.jar:/home/user/.m2/repository/com/fasterxml/jackson/core/jackson-annotations/2.9.9/jackson-annotations-2.9.9.jar:/home/user/.m2/repository/com/fasterxml/jackson/core/jackson-core/2.9.9/jackson-core-2.9.9.jar:/home/user/.m2/repository/org/codehaus/woodstox/stax2-api/3.1.4/stax2-api-3.1.4.jar:/home/user/.m2/repository/com/fasterxml/woodstox/woodstox-core/5.0.3/woodstox-core-5.0.3.jar:/home/user/.m2/repository/dnsjava/dnsjava/2.1.7/dnsjava-2.1.7.jar:/home/user/.m2/repository/org/apache/hadoop/hadoop-hdfs/3.2.0/hadoop-hdfs-3.2.0.jar:/home/user/.m2/repository/org/eclipse/jetty/jetty-util-ajax/9.3.25.v20180904/jetty-util-ajax-9.3.25.v20180904.jar:/home/user/.m2/repository/commons-daemon/commons-daemon/1.0.13/commons-daemon-1.0.13.jar:/home/user/.m2/repository/io/netty/netty/3.10.5.Final/netty-3.10.5.Final.jar:/home/user/.m2/repository/io/netty/netty-all/4.0.52.Final/netty-all-4.0.52.Final.jar:/home/user/.m2/repository/org/fusesource/leveldbjni/leveldbjni-all/1.8/leveldbjni-all-1.8.jar:/home/user/.m2/repository/org/apache/hadoop/hadoop-hdds-common/0.5.0-SNAPSHOT/hadoop-hdds-common-0.5.0-SNAPSHOT.jar:/home/user/.m2/repository/org/apache/hadoop/hadoop-hdds-config/0.5.0-SNAPSHOT/hadoop-hdds-config-0.5.0-SNAPSHOT.jar:/home/user/.m2/repository/javax/annotation/javax.annotation-api/1.2/javax.annotation-api-1.2.jar:/home/user/.m2/repository/org/apache/ratis/ratis-server/0.5.0-d6d58d0-SNAPSHOT/ratis-server-0.5.0-d6d58d0-SNAPSHOT.jar:/home/user/.m2/repository/org/apache/ratis/ratis-thirdparty-misc/0.2.0/ratis-thirdparty-misc-0.2.0.jar:/home/user/.m2/repository/org/apache/ratis/ratis-proto/0.5.0-d6d58d0-SNAPSHOT/ratis-proto-0.5.0-d6d58d0-SNAPSHOT.jar:/home/user/.m2/repository/org/apache/ratis/ratis-common/0.5.0-d6d58d0-SNAPSHOT/ratis-common-0.5.0-d6d58d0-SNAPSHOT.jar:/home/user/.m2/repository/org/apache/ratis/ratis-client/0.5.0-d6d58d0-SNAPSHOT/ratis-client-0.5.0-d6d58d0-SNAPSHOT.jar:/home/user/.m2/repository/org/apache/ratis/ratis-metrics/0.5.0-d6d58d0-SNAPSHOT/ratis-metrics-0.5.0-d6d58d0-SNAPSHOT.jar:/home/user/.m2/repository/org/apache/ratis/ratis-netty/0.5.0-d6d58d0-SNAPSHOT/ratis-netty-0.5.0-d6d58d0-SNAPSHOT.jar:/home/user/.m2/repository/org/apache/ratis/ratis-grpc/0.5.0-d6d58d0-SNAPSHOT/ratis-grpc-0.5.0-d6d58d0-SNAPSHOT.jar:/home/user/.m2/repository/org/rocksdb/rocksdbjni/6.0.1/rocksdbjni-6.0.1.jar:/home/user/.m2/repository/org/apache/logging/log4j/log4j-api/2.11.0/log4j-api-2.11.0.jar:/home/user/.m2/repository/org/apache/logging/log4j/log4j-core/2.11.0/log4j-core-2.11.0.jar:/home/user/.m2/repository/com/lmax/disruptor/3.4.2/disruptor-3.4.2.jar:/home/user/.m2/repository/org/apache/commons/commons-pool2/2.6.0/commons-pool2-2.6.0.jar:/home/user/.m2/repository/org/bouncycastle/bcpkix-jdk15on/1.60/bcpkix-jdk15on-1.60.jar:/home/user/.m2/repository/commons-validator/commons-validator/1.6/commons-validator-1.6.jar:/home/user/.m2/repository/commons-digester/commons-digester/1.8.1/commons-digester-1.8.1.jar:/home/user/.m2/repository/io/jaegertracing/jaeger-client/0.34.0/jaeger-client-0.34.0.jar:/home/user/.m2/repository/io/jaegertracing/jaeger-thrift/0.34.0/jaeger-thrift-0.34.0.jar:/home/user/.m2/repository/org/apache/thrift/libthrift/0.12.0/libthrift-0.12.0.jar:/home/user/.m2/repository/com/squareup/okhttp3/okhttp/3.9.0/okhttp-3.9.0.jar:/home/user/.m2/repository/com/squareup/okio/okio/1.13.0/okio-1.13.0.jar:/home/user/.m2/repository/io/jaegertracing/jaeger-core/0.34.0/jaeger-core-0.34.0.jar:/home/user/.m2/repository/io/jaegertracing/jaeger-tracerresolver/0.34.0/jaeger-tracerresolver-0.34.0.jar:/home/user/.m2/repository/io/opentracing/contrib/opentracing-tracerresolver/0.1.5/opentracing-tracerresolver-0.1.5.jar:/home/user/.m2/repository/io/opentracing/opentracing-util/0.31.0/opentracing-util-0.31.0.jar:/home/user/.m2/repository/io/opentracing/opentracing-api/0.31.0/opentracing-api-0.31.0.jar:/home/user/.m2/repository/io/opentracing/opentracing-noop/0.31.0/opentracing-noop-0.31.0.jar:/home/user/.m2/repository/org/yaml/snakeyaml/1.16/snakeyaml-1.16.jar:/home/user/.m2/repository/org/apache/hadoop/hadoop-hdfs-client/3.2.0/hadoop-hdfs-client-3.2.0.jar:/home/user/.m2/repository/info/picocli/picocli/3.9.6/picocli-3.9.6.jar:/home/user/.m2/repository/org/apache/hadoop/hadoop-hdds-server-scm/0.5.0-SNAPSHOT/hadoop-hdds-server-scm-0.5.0-SNAPSHOT.jar:/home/user/.m2/repository/org/apache/hadoop/hadoop-hdds-docs/0.5.0-SNAPSHOT/hadoop-hdds-docs-0.5.0-SNAPSHOT.jar:/home/user/.m2/repository/io/dropwizard/metrics/metrics-core/3.2.4/metrics-core-3.2.4.jar:/home/user/.m2/repository/org/hamcrest/hamcrest-all/1.3/hamcrest-all-1.3.jar:/home/user/.m2/repository/org/bouncycastle/bcprov-jdk15on/1.60/bcprov-jdk15on-1.60.jar:/home/user/.m2/repository/org/apache/hadoop/hadoop-hdds-server-framework/0.5.0-SNAPSHOT/hadoop-hdds-server-framework-0.5.0-SNAPSHOT.jar:/home/user/.m2/repository/org/apache/hadoop/hadoop-ozone-ozone-manager/0.5.0-SNAPSHOT/hadoop-ozone-ozone-manager-0.5.0-SNAPSHOT.jar:/home/user/.m2/repository/org/apache/hadoop/hadoop-hdds-container-service/0.5.0-SNAPSHOT/hadoop-hdds-container-service-0.5.0-SNAPSHOT.jar:/home/user/.m2/repository/org/apache/hadoop/hadoop-hdds-client/0.5.0-SNAPSHOT/hadoop-hdds-client-0.5.0-SNAPSHOT.jar:/home/user/.m2/repository/org/apache/hadoop/hadoop-ozone-common/0.5.0-SNAPSHOT/hadoop-ozone-common-0.5.0-SNAPSHOT.jar:/home/user/.m2/repository/org/apache/hadoop/hadoop-hdds-tools/0.5.0-SNAPSHOT/hadoop-hdds-tools-0.5.0-SNAPSHOT.jar:/home/user/.m2/repository/org/xerial/sqlite-jdbc/3.25.2/sqlite-jdbc-3.25.2.jar:/home/user/.m2/repository/org/apache/httpcomponents/httpclient/4.5.2/httpclient-4.5.2.jar:/home/user/.m2/repository/org/apache/httpcomponents/httpcore/4.4.4/httpcore-4.4.4.jar:/home/user/.m2/repository/com/github/spotbugs/spotbugs/3.1.12/spotbugs-3.1.12.jar:/home/user/.m2/repository/org/ow2/asm/asm/5.0.4/asm-5.0.4.jar:/home/user/.m2/repository/org/ow2/asm/asm-analysis/7.0/asm-analysis-7.0.jar:/home/user/.m2/repository/org/ow2/asm/asm-commons/7.0/asm-commons-7.0.jar:/home/user/.m2/repository/org/ow2/asm/asm-tree/7.0/asm-tree-7.0.jar:/home/user/.m2/repository/org/ow2/asm/asm-util/7.0/asm-util-7.0.jar:/home/user/.m2/repository/org/apache/bcel/bcel/6.3/bcel-6.3.jar:/home/user/.m2/repository/net/jcip/jcip-annotations/1.0/jcip-annotations-1.0.jar:/home/user/.m2/repository/org/dom4j/dom4j/2.1.1/dom4j-2.1.1.jar:/home/user/.m2/repository/jaxen/jaxen/1.1.6/jaxen-1.1.6.jar:/home/user/.m2/repository/commons-lang/commons-lang/2.6/commons-lang-2.6.jar:/home/user/.m2/repository/com/github/spotbugs/spotbugs-annotations/3.1.12/spotbugs-annotations-3.1.12.jar:/home/user/.m2/repository/org/apache/hadoop/hadoop-common/3.2.0/hadoop-common-3.2.0-tests.jar:/home/user/.m2/repository/org/apache/hadoop/hadoop-ozone-client/0.5.0-SNAPSHOT/hadoop-ozone-client-0.5.0-SNAPSHOT.jar:/home/user/.m2/repository/org/apache/hadoop/hadoop-hdfs/3.2.0/hadoop-hdfs-3.2.0-tests.jar:/workdir/hadoop-ozone/integration-test/target/test-classes:/home/user/.m2/repository/org/apache/hadoop/hadoop-ozone-s3gateway/0.5.0-SNAPSHOT/hadoop-ozone-s3gateway-0.5.0-SNAPSHOT.jar:/home/user/.m2/repository/org/jboss/weld/servlet/weld-servlet/2.4.7.Final/weld-servlet-2.4.7.Final.jar:/home/user/.m2/repository/org/glassfish/jersey/containers/jersey-container-servlet-core/2.27/jersey-container-servlet-core-2.27.jar:/home/user/.m2/repository/org/glassfish/hk2/external/javax.inject/2.5.0-b42/javax.inject-2.5.0-b42.jar:/home/user/.m2/repository/org/glassfish/jersey/core/jersey-common/2.27/jersey-common-2.27.jar:/home/user/.m2/repository/org/glassfish/hk2/osgi-resource-locator/1.0.1/osgi-resource-locator-1.0.1.jar:/home/user/.m2/repository/javax/ws/rs/javax.ws.rs-api/2.1/javax.ws.rs-api-2.1.jar:/home/user/.m2/repository/org/glassfish/jersey/ext/cdi/jersey-cdi1x/2.27/jersey-cdi1x-2.27.jar:/home/user/.m2/repository/org/glassfish/jersey/inject/jersey-hk2/2.27/jersey-hk2-2.27.jar:/home/user/.m2/repository/org/glassfish/hk2/hk2-locator/2.5.0-b42/hk2-locator-2.5.0-b42.jar:/home/user/.m2/repository/org/javassist/javassist/3.22.0-CR2/javassist-3.22.0-CR2.jar:/home/user/.m2/repository/org/glassfish/hk2/hk2-api/2.5.0/hk2-api-2.5.0.jar:/home/user/.m2/repository/org/glassfish/hk2/external/jakarta.inject/2.5.0/jakarta.inject-2.5.0.jar:/home/user/.m2/repository/org/glassfish/hk2/hk2-utils/2.5.0/hk2-utils-2.5.0.jar:/home/user/.m2/repository/jakarta/annotation/jakarta.annotation-api/1.3.4/jakarta.annotation-api-1.3.4.jar:/home/user/.m2/repository/org/glassfish/hk2/external/aopalliance-repackaged/2.5.0/aopalliance-repackaged-2.5.0.jar:/home/user/.m2/repository/com/fasterxml/jackson/dataformat/jackson-dataformat-xml/2.9.0/jackson-dataformat-xml-2.9.0.jar:/home/user/.m2/repository/com/fasterxml/jackson/module/jackson-module-jaxb-annotations/2.9.9/jackson-module-jaxb-annotations-2.9.9.jar:/home/user/.m2/repository/javax/enterprise/cdi-api/1.2/cdi-api-1.2.jar:/home/user/.m2/repository/javax/el/javax.el-api/3.0.0/javax.el-api-3.0.0.jar:/home/user/.m2/repository/javax/interceptor/javax.interceptor-api/1.2/javax.interceptor-api-1.2.jar:/home/user/.m2/repository/javax/inject/javax.inject/1/javax.inject-1.jar:/home/user/.m2/repository/com/sun/xml/bind/jaxb-core/2.3.0.1/jaxb-core-2.3.0.1.jar:/home/user/.m2/repository/javax/xml/bind/jaxb-api/2.3.0/jaxb-api-2.3.0.jar:/home/user/.m2/repository/javax/activation/activation/1.1.1/activation-1.1.1.jar:/home/user/.m2/repository/org/apache/hadoop/hadoop-ozone-csi/0.5.0-SNAPSHOT/hadoop-ozone-csi-0.5.0-SNAPSHOT.jar:/home/user/.m2/repository/com/google/protobuf/protobuf-java-util/3.5.1/protobuf-java-util-3.5.1.jar:/home/user/.m2/repository/io/grpc/grpc-netty/1.17.1/grpc-netty-1.17.1.jar:/home/user/.m2/repository/io/grpc/grpc-core/1.17.1/grpc-core-1.17.1.jar:/home/user/.m2/repository/io/grpc/grpc-context/1.17.1/grpc-context-1.17.1.jar:/home/user/.m2/repository/com/google/errorprone/error_prone_annotations/2.2.0/error_prone_annotations-2.2.0.jar:/home/user/.m2/repository/org/codehaus/mojo/animal-sniffer-annotations/1.17/animal-sniffer-annotations-1.17.jar:/home/user/.m2/repository/io/opencensus/opencensus-api/0.17.0/opencensus-api-0.17.0.jar:/home/user/.m2/repository/io/opencensus/opencensus-contrib-grpc-metrics/0.17.0/opencensus-contrib-grpc-metrics-0.17.0.jar:/home/user/.m2/repository/io/netty/netty-codec-http2/4.1.30.Final/netty-codec-http2-4.1.30.Final.jar:/home/user/.m2/repository/io/netty/netty-codec-http/4.1.30.Final/netty-codec-http-4.1.30.Final.jar:/home/user/.m2/repository/io/netty/netty-codec/4.1.30.Final/netty-codec-4.1.30.Final.jar:/home/user/.m2/repository/io/netty/netty-handler/4.1.30.Final/netty-handler-4.1.30.Final.jar:/home/user/.m2/repository/io/netty/netty-handler-proxy/4.1.30.Final/netty-handler-proxy-4.1.30.Final.jar:/home/user/.m2/repository/io/netty/netty-codec-socks/4.1.30.Final/netty-codec-socks-4.1.30.Final.jar:/home/user/.m2/repository/io/netty/netty-transport-native-epoll/4.1.30.Final/netty-transport-native-epoll-4.1.30.Final.jar:/home/user/.m2/repository/io/netty/netty-common/4.1.30.Final/netty-common-4.1.30.Final.jar:/home/user/.m2/repository/io/netty/netty-buffer/4.1.30.Final/netty-buffer-4.1.30.Final.jar:/home/user/.m2/repository/io/netty/netty-transport/4.1.30.Final/netty-transport-4.1.30.Final.jar:/home/user/.m2/repository/io/netty/netty-resolver/4.1.30.Final/netty-resolver-4.1.30.Final.jar:/home/user/.m2/repository/io/netty/netty-transport-native-unix-common/4.1.30.Final/netty-transport-native-unix-common-4.1.30.Final.jar:/home/user/.m2/repository/io/grpc/grpc-protobuf/1.17.1/grpc-protobuf-1.17.1.jar:/home/user/.m2/repository/com/google/api/grpc/proto-google-common-protos/1.0.0/proto-google-common-protos-1.0.0.jar:/home/user/.m2/repository/io/grpc/grpc-protobuf-lite/1.17.1/grpc-protobuf-lite-1.17.1.jar:/home/user/.m2/repository/io/grpc/grpc-stub/1.17.1/grpc-stub-1.17.1.jar:/home/user/.m2/repository/org/apache/hadoop/hadoop-ozone-recon/0.5.0-SNAPSHOT/hadoop-ozone-recon-0.5.0-SNAPSHOT.jar:/home/user/.m2/repository/org/apache/hadoop/hadoop-ozone-reconcodegen/0.5.0-SNAPSHOT/hadoop-ozone-reconcodegen-0.5.0-SNAPSHOT.jar:/home/user/.m2/repository/com/google/inject/extensions/guice-multibindings/4.0/guice-multibindings-4.0.jar:/home/user/.m2/repository/com/google/inject/guice/4.0/guice-4.0.jar:/home/user/.m2/repository/aopalliance/aopalliance/1.0/aopalliance-1.0.jar:/home/user/.m2/repository/org/glassfish/jersey/containers/jersey-container-servlet/2.27/jersey-container-servlet-2.27.jar:/home/user/.m2/repository/org/glassfish/hk2/guice-bridge/2.5.0/guice-bridge-2.5.0.jar:/home/user/.m2/repository/org/glassfish/jersey/core/jersey-server/2.27/jersey-server-2.27.jar:/home/user/.m2/repository/org/glassfish/jersey/core/jersey-client/2.27/jersey-client-2.27.jar:/home/user/.m2/repository/org/glassfish/jersey/media/jersey-media-jaxb/2.27/jersey-media-jaxb-2.27.jar:/home/user/.m2/repository/javax/validation/validation-api/1.1.0.Final/validation-api-1.1.0.Final.jar:/home/user/.m2/repository/org/glassfish/jersey/media/jersey-media-json-jackson/2.27/jersey-media-json-jackson-2.27.jar:/home/user/.m2/repository/org/glassfish/jersey/ext/jersey-entity-filtering/2.27/jersey-entity-filtering-2.27.jar:/home/user/.m2/repository/com/google/inject/extensions/guice-assistedinject/4.0/guice-assistedinject-4.0.jar:/home/user/.m2/repository/org/jooq/jooq/3.11.10/jooq-3.11.10.jar:/home/user/.m2/repository/org/jooq/jooq-meta/3.11.10/jooq-meta-3.11.10.jar:/home/user/.m2/repository/org/jooq/jooq-codegen/3.11.10/jooq-codegen-3.11.10.jar:/home/user/.m2/repository/com/jolbox/bonecp/0.8.0.RELEASE/bonecp-0.8.0.RELEASE.jar:/home/user/.m2/repository/org/springframework/spring-jdbc/5.1.3.RELEASE/spring-jdbc-5.1.3.RELEASE.jar:/home/user/.m2/repository/org/springframework/spring-beans/5.1.3.RELEASE/spring-beans-5.1.3.RELEASE.jar:/home/user/.m2/repository/org/springframework/spring-core/5.1.3.RELEASE/spring-core-5.1.3.RELEASE.jar:/home/user/.m2/repository/org/springframework/spring-jcl/5.1.3.RELEASE/spring-jcl-5.1.3.RELEASE.jar:/home/user/.m2/repository/org/springframework/spring-tx/5.1.3.RELEASE/spring-tx-5.1.3.RELEASE.jar:/home/user/.m2/repository/org/mockito/mockito-all/1.10.19/mockito-all-1.10.19.jar:/home/user/.m2/repository/junit/junit/4.11/junit-4.11.jar:/home/user/.m2/repository/org/hamcrest/hamcrest-core/1.3/hamcrest-core-1.3.jar:/home/user/.m2/repository/org/apache/hadoop/hadoop-distcp/3.2.0/hadoop-distcp-3.2.0.jar:/home/user/.m2/repository/org/apache/hadoop/hadoop-distcp/3.2.0/hadoop-distcp-3.2.0-tests.jar:/home/user/.m2/repository/org/apache/hadoop/hadoop-mapreduce-client-jobclient/3.2.0/hadoop-mapreduce-client-jobclient-3.2.0.jar:/home/user/.m2/repository/org/apache/hadoop/hadoop-mapreduce-client-common/3.2.0/hadoop-mapreduce-client-common-3.2.0.jar:/home/user/.m2/repository/org/apache/hadoop/hadoop-yarn-common/3.2.0/hadoop-yarn-common-3.2.0.jar:/home/user/.m2/repository/org/apache/hadoop/hadoop-yarn-api/3.2.0/hadoop-yarn-api-3.2.0.jar:/home/user/.m2/repository/com/sun/jersey/jersey-client/1.19/jersey-client-1.19.jar:/home/user/.m2/repository/com/sun/jersey/contribs/jersey-guice/1.19/jersey-guice-1.19.jar:/home/user/.m2/repository/com/fasterxml/jackson/jaxrs/jackson-jaxrs-json-provider/2.9.9/jackson-jaxrs-json-provider-2.9.9.jar:/home/user/.m2/repository/com/fasterxml/jackson/jaxrs/jackson-jaxrs-base/2.9.9/jackson-jaxrs-base-2.9.9.jar:/home/user/.m2/repository/org/apache/hadoop/hadoop-yarn-client/3.2.0/hadoop-yarn-client-3.2.0.jar:/home/user/.m2/repository/org/apache/hadoop/hadoop-mapreduce-client-core/3.2.0/hadoop-mapreduce-client-core-3.2.0.jar:/home/user/.m2/repository/com/google/inject/extensions/guice-servlet/4.0/guice-servlet-4.0.jar:/home/user/.m2/repository/org/powermock/powermock-module-junit4/1.6.5/powermock-module-junit4-1.6.5.jar:/home/user/.m2/repository/org/powermock/powermock-module-junit4-common/1.6.5/powermock-module-junit4-common-1.6.5.jar:/home/user/.m2/repository/org/powermock/powermock-core/1.6.5/powermock-core-1.6.5.jar:/home/user/.m2/repository/org/powermock/powermock-reflect/1.6.5/powermock-reflect-1.6.5.jar:/home/user/.m2/repository/org/powermock/powermock-api-mockito/1.6.5/powermock-api-mockito-1.6.5.jar:/home/user/.m2/repository/org/mockito/mockito-core/1.10.19/mockito-core-1.10.19.jar:/home/user/.m2/repository/org/objenesis/objenesis/1.0/objenesis-1.0.jar:/home/user/.m2/repository/org/powermock/powermock-api-mockito-common/1.6.5/powermock-api-mockito-common-1.6.5.jar:/home/user/.m2/repository/org/powermock/powermock-api-support/1.6.5/powermock-api-support-1.6.5.jar:"/>
    <property name="java.vm.vendor" value="Oracle Corporation"/>
    <property name="sun.arch.data.model" value="64"/>
    <property name="test.build.dir" value="/workdir/hadoop-ozone/ozonefs/target/test-dir"/>
    <property name="test.cache.data" value=""/>
    <property name="java.vendor.url" value="http://java.oracle.com/"/>
    <property name="user.timezone" value=""/>
    <property name="java.vm.specification.version" value="1.8"/>
    <property name="os.name" value="Linux"/>
    <property name="test.build.data" value="/workdir/hadoop-ozone/ozonefs/target/test-dir"/>
    <property name="user.country" value="US"/>
    <property name="sun.java.launcher" value="SUN_STANDARD"/>
    <property name="sun.boot.library.path" value="/usr/lib/jvm/java-1.8.0-openjdk-1.8.0.222.b10-1.el7_7.x86_64/jre/lib/amd64"/>
    <property name="sun.java.command" value="/workdir/hadoop-ozone/ozonefs/target/surefire/surefirebooter4337512704312556014.jar /workdir/hadoop-ozone/ozonefs/target/surefire 2019-11-05T15-16-56_242-jvmRun1 surefire3092238262509204088tmp surefire_854405707936601348115tmp"/>
    <property name="surefire.test.class.path" value="/workdir/hadoop-ozone/ozonefs/target/test-classes:/workdir/hadoop-ozone/ozonefs/target/classes:/home/user/.m2/repository/org/apache/hadoop/hadoop-common/3.2.0/hadoop-common-3.2.0.jar:/home/user/.m2/repository/org/apache/hadoop/hadoop-annotations/3.2.0/hadoop-annotations-3.2.0.jar:/usr/lib/jvm/java-1.8.0-openjdk-1.8.0.222.b10-1.el7_7.x86_64/jre/../lib/tools.jar:/home/user/.m2/repository/com/google/guava/guava/11.0.2/guava-11.0.2.jar:/home/user/.m2/repository/commons-cli/commons-cli/1.2/commons-cli-1.2.jar:/home/user/.m2/repository/org/apache/commons/commons-math3/3.1.1/commons-math3-3.1.1.jar:/home/user/.m2/repository/commons-codec/commons-codec/1.11/commons-codec-1.11.jar:/home/user/.m2/repository/commons-io/commons-io/2.5/commons-io-2.5.jar:/home/user/.m2/repository/commons-net/commons-net/3.6/commons-net-3.6.jar:/home/user/.m2/repository/commons-collections/commons-collections/3.2.2/commons-collections-3.2.2.jar:/home/user/.m2/repository/javax/servlet/javax.servlet-api/3.1.0/javax.servlet-api-3.1.0.jar:/home/user/.m2/repository/org/eclipse/jetty/jetty-server/9.3.25.v20180904/jetty-server-9.3.25.v20180904.jar:/home/user/.m2/repository/org/eclipse/jetty/jetty-http/9.3.25.v20180904/jetty-http-9.3.25.v20180904.jar:/home/user/.m2/repository/org/eclipse/jetty/jetty-io/9.3.25.v20180904/jetty-io-9.3.25.v20180904.jar:/home/user/.m2/repository/org/eclipse/jetty/jetty-util/9.3.25.v20180904/jetty-util-9.3.25.v20180904.jar:/home/user/.m2/repository/org/eclipse/jetty/jetty-servlet/9.3.25.v20180904/jetty-servlet-9.3.25.v20180904.jar:/home/user/.m2/repository/org/eclipse/jetty/jetty-security/9.3.25.v20180904/jetty-security-9.3.25.v20180904.jar:/home/user/.m2/repository/org/eclipse/jetty/jetty-webapp/9.3.25.v20180904/jetty-webapp-9.3.25.v20180904.jar:/home/user/.m2/repository/org/eclipse/jetty/jetty-xml/9.3.25.v20180904/jetty-xml-9.3.25.v20180904.jar:/home/user/.m2/repository/javax/servlet/jsp/jsp-api/2.1/jsp-api-2.1.jar:/home/user/.m2/repository/com/sun/jersey/jersey-core/1.19/jersey-core-1.19.jar:/home/user/.m2/repository/javax/ws/rs/jsr311-api/1.1.1/jsr311-api-1.1.1.jar:/home/user/.m2/repository/com/sun/jersey/jersey-servlet/1.19/jersey-servlet-1.19.jar:/home/user/.m2/repository/com/sun/jersey/jersey-json/1.19/jersey-json-1.19.jar:/home/user/.m2/repository/org/codehaus/jettison/jettison/1.1/jettison-1.1.jar:/home/user/.m2/repository/com/sun/xml/bind/jaxb-impl/2.3.0.1/jaxb-impl-2.3.0.1.jar:/home/user/.m2/repository/org/codehaus/jackson/jackson-core-asl/1.9.13/jackson-core-asl-1.9.13.jar:/home/user/.m2/repository/org/codehaus/jackson/jackson-mapper-asl/1.9.13/jackson-mapper-asl-1.9.13.jar:/home/user/.m2/repository/org/codehaus/jackson/jackson-jaxrs/1.9.13/jackson-jaxrs-1.9.13.jar:/home/user/.m2/repository/org/codehaus/jackson/jackson-xc/1.9.13/jackson-xc-1.9.13.jar:/home/user/.m2/repository/com/sun/jersey/jersey-server/1.19/jersey-server-1.19.jar:/home/user/.m2/repository/commons-logging/commons-logging/1.1.3/commons-logging-1.1.3.jar:/home/user/.m2/repository/log4j/log4j/1.2.17/log4j-1.2.17.jar:/home/user/.m2/repository/commons-beanutils/commons-beanutils/1.9.4/commons-beanutils-1.9.4.jar:/home/user/.m2/repository/org/apache/commons/commons-configuration2/2.1.1/commons-configuration2-2.1.1.jar:/home/user/.m2/repository/org/apache/commons/commons-lang3/3.7/commons-lang3-3.7.jar:/home/user/.m2/repository/org/apache/commons/commons-text/1.4/commons-text-1.4.jar:/home/user/.m2/repository/org/slf4j/slf4j-api/1.7.25/slf4j-api-1.7.25.jar:/home/user/.m2/repository/org/slf4j/slf4j-log4j12/1.7.25/slf4j-log4j12-1.7.25.jar:/home/user/.m2/repository/org/apache/avro/avro/1.7.7/avro-1.7.7.jar:/home/user/.m2/repository/com/thoughtworks/paranamer/paranamer/2.3/paranamer-2.3.jar:/home/user/.m2/repository/org/xerial/snappy/snappy-java/1.0.5/snappy-java-1.0.5.jar:/home/user/.m2/repository/com/google/re2j/re2j/1.1/re2j-1.1.jar:/home/user/.m2/repository/com/google/protobuf/protobuf-java/2.5.0/protobuf-java-2.5.0.jar:/home/user/.m2/repository/com/google/code/gson/gson/2.2.4/gson-2.2.4.jar:/home/user/.m2/repository/org/apache/hadoop/hadoop-auth/3.2.0/hadoop-auth-3.2.0.jar:/home/user/.m2/repository/com/nimbusds/nimbus-jose-jwt/4.41.1/nimbus-jose-jwt-4.41.1.jar:/home/user/.m2/repository/com/github/stephenc/jcip/jcip-annotations/1.0-1/jcip-annotations-1.0-1.jar:/home/user/.m2/repository/net/minidev/json-smart/2.3/json-smart-2.3.jar:/home/user/.m2/repository/net/minidev/accessors-smart/1.2/accessors-smart-1.2.jar:/home/user/.m2/repository/org/apache/curator/curator-framework/2.12.0/curator-framework-2.12.0.jar:/home/user/.m2/repository/com/jcraft/jsch/0.1.54/jsch-0.1.54.jar:/home/user/.m2/repository/org/apache/curator/curator-client/2.12.0/curator-client-2.12.0.jar:/home/user/.m2/repository/org/apache/curator/curator-recipes/2.12.0/curator-recipes-2.12.0.jar:/home/user/.m2/repository/com/google/code/findbugs/jsr305/3.0.0/jsr305-3.0.0.jar:/home/user/.m2/repository/org/apache/htrace/htrace-core4/4.1.0-incubating/htrace-core4-4.1.0-incubating.jar:/home/user/.m2/repository/org/apache/zookeeper/zookeeper/3.4.13/zookeeper-3.4.13.jar:/home/user/.m2/repository/jline/jline/0.9.94/jline-0.9.94.jar:/home/user/.m2/repository/org/apache/yetus/audience-annotations/0.5.0/audience-annotations-0.5.0.jar:/home/user/.m2/repository/org/apache/commons/commons-compress/1.4.1/commons-compress-1.4.1.jar:/home/user/.m2/repository/org/tukaani/xz/1.0/xz-1.0.jar:/home/user/.m2/repository/org/apache/kerby/kerb-simplekdc/1.0.1/kerb-simplekdc-1.0.1.jar:/home/user/.m2/repository/org/apache/kerby/kerb-client/1.0.1/kerb-client-1.0.1.jar:/home/user/.m2/repository/org/apache/kerby/kerby-config/1.0.1/kerby-config-1.0.1.jar:/home/user/.m2/repository/org/apache/kerby/kerb-core/1.0.1/kerb-core-1.0.1.jar:/home/user/.m2/repository/org/apache/kerby/kerby-pkix/1.0.1/kerby-pkix-1.0.1.jar:/home/user/.m2/repository/org/apache/kerby/kerby-asn1/1.0.1/kerby-asn1-1.0.1.jar:/home/user/.m2/repository/org/apache/kerby/kerby-util/1.0.1/kerby-util-1.0.1.jar:/home/user/.m2/repository/org/apache/kerby/kerb-common/1.0.1/kerb-common-1.0.1.jar:/home/user/.m2/repository/org/apache/kerby/kerb-crypto/1.0.1/kerb-crypto-1.0.1.jar:/home/user/.m2/repository/org/apache/kerby/kerb-util/1.0.1/kerb-util-1.0.1.jar:/home/user/.m2/repository/org/apache/kerby/token-provider/1.0.1/token-provider-1.0.1.jar:/home/user/.m2/repository/org/apache/kerby/kerb-admin/1.0.1/kerb-admin-1.0.1.jar:/home/user/.m2/repository/org/apache/kerby/kerb-server/1.0.1/kerb-server-1.0.1.jar:/home/user/.m2/repository/org/apache/kerby/kerb-identity/1.0.1/kerb-identity-1.0.1.jar:/home/user/.m2/repository/org/apache/kerby/kerby-xdr/1.0.1/kerby-xdr-1.0.1.jar:/home/user/.m2/repository/com/fasterxml/jackson/core/jackson-databind/2.9.9/jackson-databind-2.9.9.jar:/home/user/.m2/repository/com/fasterxml/jackson/core/jackson-annotations/2.9.9/jackson-annotations-2.9.9.jar:/home/user/.m2/repository/com/fasterxml/jackson/core/jackson-core/2.9.9/jackson-core-2.9.9.jar:/home/user/.m2/repository/org/codehaus/woodstox/stax2-api/3.1.4/stax2-api-3.1.4.jar:/home/user/.m2/repository/com/fasterxml/woodstox/woodstox-core/5.0.3/woodstox-core-5.0.3.jar:/home/user/.m2/repository/dnsjava/dnsjava/2.1.7/dnsjava-2.1.7.jar:/home/user/.m2/repository/org/apache/hadoop/hadoop-hdfs/3.2.0/hadoop-hdfs-3.2.0.jar:/home/user/.m2/repository/org/eclipse/jetty/jetty-util-ajax/9.3.25.v20180904/jetty-util-ajax-9.3.25.v20180904.jar:/home/user/.m2/repository/commons-daemon/commons-daemon/1.0.13/commons-daemon-1.0.13.jar:/home/user/.m2/repository/io/netty/netty/3.10.5.Final/netty-3.10.5.Final.jar:/home/user/.m2/repository/io/netty/netty-all/4.0.52.Final/netty-all-4.0.52.Final.jar:/home/user/.m2/repository/org/fusesource/leveldbjni/leveldbjni-all/1.8/leveldbjni-all-1.8.jar:/home/user/.m2/repository/org/apache/hadoop/hadoop-hdds-common/0.5.0-SNAPSHOT/hadoop-hdds-common-0.5.0-SNAPSHOT.jar:/home/user/.m2/repository/org/apache/hadoop/hadoop-hdds-config/0.5.0-SNAPSHOT/hadoop-hdds-config-0.5.0-SNAPSHOT.jar:/home/user/.m2/repository/javax/annotation/javax.annotation-api/1.2/javax.annotation-api-1.2.jar:/home/user/.m2/repository/org/apache/ratis/ratis-server/0.5.0-d6d58d0-SNAPSHOT/ratis-server-0.5.0-d6d58d0-SNAPSHOT.jar:/home/user/.m2/repository/org/apache/ratis/ratis-thirdparty-misc/0.2.0/ratis-thirdparty-misc-0.2.0.jar:/home/user/.m2/repository/org/apache/ratis/ratis-proto/0.5.0-d6d58d0-SNAPSHOT/ratis-proto-0.5.0-d6d58d0-SNAPSHOT.jar:/home/user/.m2/repository/org/apache/ratis/ratis-common/0.5.0-d6d58d0-SNAPSHOT/ratis-common-0.5.0-d6d58d0-SNAPSHOT.jar:/home/user/.m2/repository/org/apache/ratis/ratis-client/0.5.0-d6d58d0-SNAPSHOT/ratis-client-0.5.0-d6d58d0-SNAPSHOT.jar:/home/user/.m2/repository/org/apache/ratis/ratis-metrics/0.5.0-d6d58d0-SNAPSHOT/ratis-metrics-0.5.0-d6d58d0-SNAPSHOT.jar:/home/user/.m2/repository/org/apache/ratis/ratis-netty/0.5.0-d6d58d0-SNAPSHOT/ratis-netty-0.5.0-d6d58d0-SNAPSHOT.jar:/home/user/.m2/repository/org/apache/ratis/ratis-grpc/0.5.0-d6d58d0-SNAPSHOT/ratis-grpc-0.5.0-d6d58d0-SNAPSHOT.jar:/home/user/.m2/repository/org/rocksdb/rocksdbjni/6.0.1/rocksdbjni-6.0.1.jar:/home/user/.m2/repository/org/apache/logging/log4j/log4j-api/2.11.0/log4j-api-2.11.0.jar:/home/user/.m2/repository/org/apache/logging/log4j/log4j-core/2.11.0/log4j-core-2.11.0.jar:/home/user/.m2/repository/com/lmax/disruptor/3.4.2/disruptor-3.4.2.jar:/home/user/.m2/repository/org/apache/commons/commons-pool2/2.6.0/commons-pool2-2.6.0.jar:/home/user/.m2/repository/org/bouncycastle/bcpkix-jdk15on/1.60/bcpkix-jdk15on-1.60.jar:/home/user/.m2/repository/commons-validator/commons-validator/1.6/commons-validator-1.6.jar:/home/user/.m2/repository/commons-digester/commons-digester/1.8.1/commons-digester-1.8.1.jar:/home/user/.m2/repository/io/jaegertracing/jaeger-client/0.34.0/jaeger-client-0.34.0.jar:/home/user/.m2/repository/io/jaegertracing/jaeger-thrift/0.34.0/jaeger-thrift-0.34.0.jar:/home/user/.m2/repository/org/apache/thrift/libthrift/0.12.0/libthrift-0.12.0.jar:/home/user/.m2/repository/com/squareup/okhttp3/okhttp/3.9.0/okhttp-3.9.0.jar:/home/user/.m2/repository/com/squareup/okio/okio/1.13.0/okio-1.13.0.jar:/home/user/.m2/repository/io/jaegertracing/jaeger-core/0.34.0/jaeger-core-0.34.0.jar:/home/user/.m2/repository/io/jaegertracing/jaeger-tracerresolver/0.34.0/jaeger-tracerresolver-0.34.0.jar:/home/user/.m2/repository/io/opentracing/contrib/opentracing-tracerresolver/0.1.5/opentracing-tracerresolver-0.1.5.jar:/home/user/.m2/repository/io/opentracing/opentracing-util/0.31.0/opentracing-util-0.31.0.jar:/home/user/.m2/repository/io/opentracing/opentracing-api/0.31.0/opentracing-api-0.31.0.jar:/home/user/.m2/repository/io/opentracing/opentracing-noop/0.31.0/opentracing-noop-0.31.0.jar:/home/user/.m2/repository/org/yaml/snakeyaml/1.16/snakeyaml-1.16.jar:/home/user/.m2/repository/org/apache/hadoop/hadoop-hdfs-client/3.2.0/hadoop-hdfs-client-3.2.0.jar:/home/user/.m2/repository/info/picocli/picocli/3.9.6/picocli-3.9.6.jar:/home/user/.m2/repository/org/apache/hadoop/hadoop-hdds-server-scm/0.5.0-SNAPSHOT/hadoop-hdds-server-scm-0.5.0-SNAPSHOT.jar:/home/user/.m2/repository/org/apache/hadoop/hadoop-hdds-docs/0.5.0-SNAPSHOT/hadoop-hdds-docs-0.5.0-SNAPSHOT.jar:/home/user/.m2/repository/io/dropwizard/metrics/metrics-core/3.2.4/metrics-core-3.2.4.jar:/home/user/.m2/repository/org/hamcrest/hamcrest-all/1.3/hamcrest-all-1.3.jar:/home/user/.m2/repository/org/bouncycastle/bcprov-jdk15on/1.60/bcprov-jdk15on-1.60.jar:/home/user/.m2/repository/org/apache/hadoop/hadoop-hdds-server-framework/0.5.0-SNAPSHOT/hadoop-hdds-server-framework-0.5.0-SNAPSHOT.jar:/home/user/.m2/repository/org/apache/hadoop/hadoop-ozone-ozone-manager/0.5.0-SNAPSHOT/hadoop-ozone-ozone-manager-0.5.0-SNAPSHOT.jar:/home/user/.m2/repository/org/apache/hadoop/hadoop-hdds-container-service/0.5.0-SNAPSHOT/hadoop-hdds-container-service-0.5.0-SNAPSHOT.jar:/home/user/.m2/repository/org/apache/hadoop/hadoop-hdds-client/0.5.0-SNAPSHOT/hadoop-hdds-client-0.5.0-SNAPSHOT.jar:/home/user/.m2/repository/org/apache/hadoop/hadoop-ozone-common/0.5.0-SNAPSHOT/hadoop-ozone-common-0.5.0-SNAPSHOT.jar:/home/user/.m2/repository/org/apache/hadoop/hadoop-hdds-tools/0.5.0-SNAPSHOT/hadoop-hdds-tools-0.5.0-SNAPSHOT.jar:/home/user/.m2/repository/org/xerial/sqlite-jdbc/3.25.2/sqlite-jdbc-3.25.2.jar:/home/user/.m2/repository/org/apache/httpcomponents/httpclient/4.5.2/httpclient-4.5.2.jar:/home/user/.m2/repository/org/apache/httpcomponents/httpcore/4.4.4/httpcore-4.4.4.jar:/home/user/.m2/repository/com/github/spotbugs/spotbugs/3.1.12/spotbugs-3.1.12.jar:/home/user/.m2/repository/org/ow2/asm/asm/5.0.4/asm-5.0.4.jar:/home/user/.m2/repository/org/ow2/asm/asm-analysis/7.0/asm-analysis-7.0.jar:/home/user/.m2/repository/org/ow2/asm/asm-commons/7.0/asm-commons-7.0.jar:/home/user/.m2/repository/org/ow2/asm/asm-tree/7.0/asm-tree-7.0.jar:/home/user/.m2/repository/org/ow2/asm/asm-util/7.0/asm-util-7.0.jar:/home/user/.m2/repository/org/apache/bcel/bcel/6.3/bcel-6.3.jar:/home/user/.m2/repository/net/jcip/jcip-annotations/1.0/jcip-annotations-1.0.jar:/home/user/.m2/repository/org/dom4j/dom4j/2.1.1/dom4j-2.1.1.jar:/home/user/.m2/repository/jaxen/jaxen/1.1.6/jaxen-1.1.6.jar:/home/user/.m2/repository/commons-lang/commons-lang/2.6/commons-lang-2.6.jar:/home/user/.m2/repository/com/github/spotbugs/spotbugs-annotations/3.1.12/spotbugs-annotations-3.1.12.jar:/home/user/.m2/repository/org/apache/hadoop/hadoop-common/3.2.0/hadoop-common-3.2.0-tests.jar:/home/user/.m2/repository/org/apache/hadoop/hadoop-ozone-client/0.5.0-SNAPSHOT/hadoop-ozone-client-0.5.0-SNAPSHOT.jar:/home/user/.m2/repository/org/apache/hadoop/hadoop-hdfs/3.2.0/hadoop-hdfs-3.2.0-tests.jar:/workdir/hadoop-ozone/integration-test/target/test-classes:/home/user/.m2/repository/org/apache/hadoop/hadoop-ozone-s3gateway/0.5.0-SNAPSHOT/hadoop-ozone-s3gateway-0.5.0-SNAPSHOT.jar:/home/user/.m2/repository/org/jboss/weld/servlet/weld-servlet/2.4.7.Final/weld-servlet-2.4.7.Final.jar:/home/user/.m2/repository/org/glassfish/jersey/containers/jersey-container-servlet-core/2.27/jersey-container-servlet-core-2.27.jar:/home/user/.m2/repository/org/glassfish/hk2/external/javax.inject/2.5.0-b42/javax.inject-2.5.0-b42.jar:/home/user/.m2/repository/org/glassfish/jersey/core/jersey-common/2.27/jersey-common-2.27.jar:/home/user/.m2/repository/org/glassfish/hk2/osgi-resource-locator/1.0.1/osgi-resource-locator-1.0.1.jar:/home/user/.m2/repository/javax/ws/rs/javax.ws.rs-api/2.1/javax.ws.rs-api-2.1.jar:/home/user/.m2/repository/org/glassfish/jersey/ext/cdi/jersey-cdi1x/2.27/jersey-cdi1x-2.27.jar:/home/user/.m2/repository/org/glassfish/jersey/inject/jersey-hk2/2.27/jersey-hk2-2.27.jar:/home/user/.m2/repository/org/glassfish/hk2/hk2-locator/2.5.0-b42/hk2-locator-2.5.0-b42.jar:/home/user/.m2/repository/org/javassist/javassist/3.22.0-CR2/javassist-3.22.0-CR2.jar:/home/user/.m2/repository/org/glassfish/hk2/hk2-api/2.5.0/hk2-api-2.5.0.jar:/home/user/.m2/repository/org/glassfish/hk2/external/jakarta.inject/2.5.0/jakarta.inject-2.5.0.jar:/home/user/.m2/repository/org/glassfish/hk2/hk2-utils/2.5.0/hk2-utils-2.5.0.jar:/home/user/.m2/repository/jakarta/annotation/jakarta.annotation-api/1.3.4/jakarta.annotation-api-1.3.4.jar:/home/user/.m2/repository/org/glassfish/hk2/external/aopalliance-repackaged/2.5.0/aopalliance-repackaged-2.5.0.jar:/home/user/.m2/repository/com/fasterxml/jackson/dataformat/jackson-dataformat-xml/2.9.0/jackson-dataformat-xml-2.9.0.jar:/home/user/.m2/repository/com/fasterxml/jackson/module/jackson-module-jaxb-annotations/2.9.9/jackson-module-jaxb-annotations-2.9.9.jar:/home/user/.m2/repository/javax/enterprise/cdi-api/1.2/cdi-api-1.2.jar:/home/user/.m2/repository/javax/el/javax.el-api/3.0.0/javax.el-api-3.0.0.jar:/home/user/.m2/repository/javax/interceptor/javax.interceptor-api/1.2/javax.interceptor-api-1.2.jar:/home/user/.m2/repository/javax/inject/javax.inject/1/javax.inject-1.jar:/home/user/.m2/repository/com/sun/xml/bind/jaxb-core/2.3.0.1/jaxb-core-2.3.0.1.jar:/home/user/.m2/repository/javax/xml/bind/jaxb-api/2.3.0/jaxb-api-2.3.0.jar:/home/user/.m2/repository/javax/activation/activation/1.1.1/activation-1.1.1.jar:/home/user/.m2/repository/org/apache/hadoop/hadoop-ozone-csi/0.5.0-SNAPSHOT/hadoop-ozone-csi-0.5.0-SNAPSHOT.jar:/home/user/.m2/repository/com/google/protobuf/protobuf-java-util/3.5.1/protobuf-java-util-3.5.1.jar:/home/user/.m2/repository/io/grpc/grpc-netty/1.17.1/grpc-netty-1.17.1.jar:/home/user/.m2/repository/io/grpc/grpc-core/1.17.1/grpc-core-1.17.1.jar:/home/user/.m2/repository/io/grpc/grpc-context/1.17.1/grpc-context-1.17.1.jar:/home/user/.m2/repository/com/google/errorprone/error_prone_annotations/2.2.0/error_prone_annotations-2.2.0.jar:/home/user/.m2/repository/org/codehaus/mojo/animal-sniffer-annotations/1.17/animal-sniffer-annotations-1.17.jar:/home/user/.m2/repository/io/opencensus/opencensus-api/0.17.0/opencensus-api-0.17.0.jar:/home/user/.m2/repository/io/opencensus/opencensus-contrib-grpc-metrics/0.17.0/opencensus-contrib-grpc-metrics-0.17.0.jar:/home/user/.m2/repository/io/netty/netty-codec-http2/4.1.30.Final/netty-codec-http2-4.1.30.Final.jar:/home/user/.m2/repository/io/netty/netty-codec-http/4.1.30.Final/netty-codec-http-4.1.30.Final.jar:/home/user/.m2/repository/io/netty/netty-codec/4.1.30.Final/netty-codec-4.1.30.Final.jar:/home/user/.m2/repository/io/netty/netty-handler/4.1.30.Final/netty-handler-4.1.30.Final.jar:/home/user/.m2/repository/io/netty/netty-handler-proxy/4.1.30.Final/netty-handler-proxy-4.1.30.Final.jar:/home/user/.m2/repository/io/netty/netty-codec-socks/4.1.30.Final/netty-codec-socks-4.1.30.Final.jar:/home/user/.m2/repository/io/netty/netty-transport-native-epoll/4.1.30.Final/netty-transport-native-epoll-4.1.30.Final.jar:/home/user/.m2/repository/io/netty/netty-common/4.1.30.Final/netty-common-4.1.30.Final.jar:/home/user/.m2/repository/io/netty/netty-buffer/4.1.30.Final/netty-buffer-4.1.30.Final.jar:/home/user/.m2/repository/io/netty/netty-transport/4.1.30.Final/netty-transport-4.1.30.Final.jar:/home/user/.m2/repository/io/netty/netty-resolver/4.1.30.Final/netty-resolver-4.1.30.Final.jar:/home/user/.m2/repository/io/netty/netty-transport-native-unix-common/4.1.30.Final/netty-transport-native-unix-common-4.1.30.Final.jar:/home/user/.m2/repository/io/grpc/grpc-protobuf/1.17.1/grpc-protobuf-1.17.1.jar:/home/user/.m2/repository/com/google/api/grpc/proto-google-common-protos/1.0.0/proto-google-common-protos-1.0.0.jar:/home/user/.m2/repository/io/grpc/grpc-protobuf-lite/1.17.1/grpc-protobuf-lite-1.17.1.jar:/home/user/.m2/repository/io/grpc/grpc-stub/1.17.1/grpc-stub-1.17.1.jar:/home/user/.m2/repository/org/apache/hadoop/hadoop-ozone-recon/0.5.0-SNAPSHOT/hadoop-ozone-recon-0.5.0-SNAPSHOT.jar:/home/user/.m2/repository/org/apache/hadoop/hadoop-ozone-reconcodegen/0.5.0-SNAPSHOT/hadoop-ozone-reconcodegen-0.5.0-SNAPSHOT.jar:/home/user/.m2/repository/com/google/inject/extensions/guice-multibindings/4.0/guice-multibindings-4.0.jar:/home/user/.m2/repository/com/google/inject/guice/4.0/guice-4.0.jar:/home/user/.m2/repository/aopalliance/aopalliance/1.0/aopalliance-1.0.jar:/home/user/.m2/repository/org/glassfish/jersey/containers/jersey-container-servlet/2.27/jersey-container-servlet-2.27.jar:/home/user/.m2/repository/org/glassfish/hk2/guice-bridge/2.5.0/guice-bridge-2.5.0.jar:/home/user/.m2/repository/org/glassfish/jersey/core/jersey-server/2.27/jersey-server-2.27.jar:/home/user/.m2/repository/org/glassfish/jersey/core/jersey-client/2.27/jersey-client-2.27.jar:/home/user/.m2/repository/org/glassfish/jersey/media/jersey-media-jaxb/2.27/jersey-media-jaxb-2.27.jar:/home/user/.m2/repository/javax/validation/validation-api/1.1.0.Final/validation-api-1.1.0.Final.jar:/home/user/.m2/repository/org/glassfish/jersey/media/jersey-media-json-jackson/2.27/jersey-media-json-jackson-2.27.jar:/home/user/.m2/repository/org/glassfish/jersey/ext/jersey-entity-filtering/2.27/jersey-entity-filtering-2.27.jar:/home/user/.m2/repository/com/google/inject/extensions/guice-assistedinject/4.0/guice-assistedinject-4.0.jar:/home/user/.m2/repository/org/jooq/jooq/3.11.10/jooq-3.11.10.jar:/home/user/.m2/repository/org/jooq/jooq-meta/3.11.10/jooq-meta-3.11.10.jar:/home/user/.m2/repository/org/jooq/jooq-codegen/3.11.10/jooq-codegen-3.11.10.jar:/home/user/.m2/repository/com/jolbox/bonecp/0.8.0.RELEASE/bonecp-0.8.0.RELEASE.jar:/home/user/.m2/repository/org/springframework/spring-jdbc/5.1.3.RELEASE/spring-jdbc-5.1.3.RELEASE.jar:/home/user/.m2/repository/org/springframework/spring-beans/5.1.3.RELEASE/spring-beans-5.1.3.RELEASE.jar:/home/user/.m2/repository/org/springframework/spring-core/5.1.3.RELEASE/spring-core-5.1.3.RELEASE.jar:/home/user/.m2/repository/org/springframework/spring-jcl/5.1.3.RELEASE/spring-jcl-5.1.3.RELEASE.jar:/home/user/.m2/repository/org/springframework/spring-tx/5.1.3.RELEASE/spring-tx-5.1.3.RELEASE.jar:/home/user/.m2/repository/org/mockito/mockito-all/1.10.19/mockito-all-1.10.19.jar:/home/user/.m2/repository/junit/junit/4.11/junit-4.11.jar:/home/user/.m2/repository/org/hamcrest/hamcrest-core/1.3/hamcrest-core-1.3.jar:/home/user/.m2/repository/org/apache/hadoop/hadoop-distcp/3.2.0/hadoop-distcp-3.2.0.jar:/home/user/.m2/repository/org/apache/hadoop/hadoop-distcp/3.2.0/hadoop-distcp-3.2.0-tests.jar:/home/user/.m2/repository/org/apache/hadoop/hadoop-mapreduce-client-jobclient/3.2.0/hadoop-mapreduce-client-jobclient-3.2.0.jar:/home/user/.m2/repository/org/apache/hadoop/hadoop-mapreduce-client-common/3.2.0/hadoop-mapreduce-client-common-3.2.0.jar:/home/user/.m2/repository/org/apache/hadoop/hadoop-yarn-common/3.2.0/hadoop-yarn-common-3.2.0.jar:/home/user/.m2/repository/org/apache/hadoop/hadoop-yarn-api/3.2.0/hadoop-yarn-api-3.2.0.jar:/home/user/.m2/repository/com/sun/jersey/jersey-client/1.19/jersey-client-1.19.jar:/home/user/.m2/repository/com/sun/jersey/contribs/jersey-guice/1.19/jersey-guice-1.19.jar:/home/user/.m2/repository/com/fasterxml/jackson/jaxrs/jackson-jaxrs-json-provider/2.9.9/jackson-jaxrs-json-provider-2.9.9.jar:/home/user/.m2/repository/com/fasterxml/jackson/jaxrs/jackson-jaxrs-base/2.9.9/jackson-jaxrs-base-2.9.9.jar:/home/user/.m2/repository/org/apache/hadoop/hadoop-yarn-client/3.2.0/hadoop-yarn-client-3.2.0.jar:/home/user/.m2/repository/org/apache/hadoop/hadoop-mapreduce-client-core/3.2.0/hadoop-mapreduce-client-core-3.2.0.jar:/home/user/.m2/repository/com/google/inject/extensions/guice-servlet/4.0/guice-servlet-4.0.jar:/home/user/.m2/repository/org/powermock/powermock-module-junit4/1.6.5/powermock-module-junit4-1.6.5.jar:/home/user/.m2/repository/org/powermock/powermock-module-junit4-common/1.6.5/powermock-module-junit4-common-1.6.5.jar:/home/user/.m2/repository/org/powermock/powermock-core/1.6.5/powermock-core-1.6.5.jar:/home/user/.m2/repository/org/powermock/powermock-reflect/1.6.5/powermock-reflect-1.6.5.jar:/home/user/.m2/repository/org/powermock/powermock-api-mockito/1.6.5/powermock-api-mockito-1.6.5.jar:/home/user/.m2/repository/org/mockito/mockito-core/1.10.19/mockito-core-1.10.19.jar:/home/user/.m2/repository/org/objenesis/objenesis/1.0/objenesis-1.0.jar:/home/user/.m2/repository/org/powermock/powermock-api-mockito-common/1.6.5/powermock-api-mockito-common-1.6.5.jar:/home/user/.m2/repository/org/powermock/powermock-api-support/1.6.5/powermock-api-support-1.6.5.jar:"/>
    <property name="sun.cpu.endian" value="little"/>
    <property name="user.home" value="/home/user"/>
    <property name="user.language" value="en"/>
    <property name="java.specification.vendor" value="Oracle Corporation"/>
    <property name="java.home" value="/usr/lib/jvm/java-1.8.0-openjdk-1.8.0.222.b10-1.el7_7.x86_64/jre"/>
    <property name="surefire.excludesFile" value="/tools/ozone-bad-unit-tests"/>
    <property name="java.security.krb5.conf" value="/workdir/hadoop-ozone/ozonefs/target/test-classes/krb5.conf"/>
    <property name="basedir" value="/workdir/hadoop-ozone/ozonefs"/>
    <property name="file.separator" value="/"/>
    <property name="line.separator" value="&#10;"/>
    <property name="java.vm.specification.vendor" value="Oracle Corporation"/>
    <property name="java.specification.name" value="Java Platform API Specification"/>
    <property name="java.awt.graphicsenv" value="sun.awt.X11GraphicsEnvironment"/>
    <property name="surefire.real.class.path" value="/workdir/hadoop-ozone/ozonefs/target/surefire/surefirebooter4337512704312556014.jar"/>
    <property name="hadoop.log.dir" value="/workdir/hadoop-ozone/ozonefs/target/log"/>
    <property name="sun.boot.class.path" value="/usr/lib/jvm/java-1.8.0-openjdk-1.8.0.222.b10-1.el7_7.x86_64/jre/lib/resources.jar:/usr/lib/jvm/java-1.8.0-openjdk-1.8.0.222.b10-1.el7_7.x86_64/jre/lib/rt.jar:/usr/lib/jvm/java-1.8.0-openjdk-1.8.0.222.b10-1.el7_7.x86_64/jre/lib/sunrsasign.jar:/usr/lib/jvm/java-1.8.0-openjdk-1.8.0.222.b10-1.el7_7.x86_64/jre/lib/jsse.jar:/usr/lib/jvm/java-1.8.0-openjdk-1.8.0.222.b10-1.el7_7.x86_64/jre/lib/jce.jar:/usr/lib/jvm/java-1.8.0-openjdk-1.8.0.222.b10-1.el7_7.x86_64/jre/lib/charsets.jar:/usr/lib/jvm/java-1.8.0-openjdk-1.8.0.222.b10-1.el7_7.x86_64/jre/lib/jfr.jar:/usr/lib/jvm/java-1.8.0-openjdk-1.8.0.222.b10-1.el7_7.x86_64/jre/classes"/>
    <property name="sun.management.compiler" value="HotSpot 64-Bit Tiered Compilers"/>
    <property name="java.runtime.version" value="1.8.0_222-b10"/>
    <property name="java.net.preferIPv4Stack" value="true"/>
    <property name="user.name" value="jenkins1000"/>
    <property name="path.separator" value=":"/>
    <property name="java.security.egd" value="file:///dev/urandom"/>
    <property name="os.version" value="3.10.0-957.12.2.el7.x86_64"/>
    <property name="java.endorsed.dirs" value="/usr/lib/jvm/java-1.8.0-openjdk-1.8.0.222.b10-1.el7_7.x86_64/jre/lib/endorsed"/>
    <property name="java.runtime.name" value="OpenJDK Runtime Environment"/>
    <property name="file.encoding" value="ANSI_X3.4-1968"/>
    <property name="java.vm.name" value="OpenJDK 64-Bit Server VM"/>
    <property name="test.build.webapps" value=""/>
    <property name="localRepository" value="/home/user/.m2/repository"/>
    <property name="java.vendor.url.bug" value="http://bugreport.sun.com/bugreport/"/>
    <property name="java.io.tmpdir" value="/tmp"/>
    <property name="require.test.libhadoop" value=""/>
    <property name="java.version" value="1.8.0_222"/>
    <property name="user.dir" value="/workdir/hadoop-ozone/ozonefs"/>
    <property name="os.arch" value="amd64"/>
    <property name="java.vm.specification.name" value="Java Virtual Machine Specification"/>
    <property name="test.build.classes" value="/workdir/hadoop-ozone/ozonefs/target/test-classes"/>
    <property name="java.awt.printerjob" value="sun.print.PSPrinterJob"/>
    <property name="sun.os.patch.level" value="unknown"/>
    <property name="hadoop.tmp.dir" value="/workdir/hadoop-ozone/ozonefs/target/tmp"/>
    <property name="java.library.path" value="/usr/lib:/workdir/hadoop-ozone/ozonefs/target/native/target/usr/local/lib:/workdir/hadoop-ozone/ozonefs/../../hadoop-common-project/hadoop-common/target/native/target/usr/local/lib:/usr/java/packages/lib/amd64:/usr/lib64:/lib64:/lib:/usr/lib"/>
    <property name="java.vm.info" value="mixed mode"/>
    <property name="java.vendor" value="Oracle Corporation"/>
    <property name="java.vm.version" value="25.222-b10"/>
    <property name="java.ext.dirs" value="/usr/lib/jvm/java-1.8.0-openjdk-1.8.0.222.b10-1.el7_7.x86_64/jre/lib/ext:/usr/java/packages/lib/ext"/>
    <property name="sun.io.unicode.encoding" value="UnicodeLittle"/>
    <property name="java.class.version" value="52.0"/>
  </properties>
  <testcase name="testOzoneFsServiceLoader" classname="org.apache.hadoop.fs.ozone.TestOzoneFileSystem" time="24.136"/>
  <testcase name="testListStatusOnRoot" classname="org.apache.hadoop.fs.ozone.TestOzoneFileSystem" time="19.628"/>
  <testcase name="testListStatusOnSubDirs" classname="org.apache.hadoop.fs.ozone.TestOzoneFileSystem" time="20.487"/>
  <testcase name="testListStatus" classname="org.apache.hadoop.fs.ozone.TestOzoneFileSystem" time="18.413"/>
  <testcase name="testCreateDoesNotAddParentDirKeys" classname="org.apache.hadoop.fs.ozone.TestOzoneFileSystem" time="18.861"/>
  <testcase name="testDeleteCreatesFakeParentDir" classname="org.apache.hadoop.fs.ozone.TestOzoneFileSystem" time="17.877"/>
  <testcase name="testNonExplicitlyCreatedPathExistsAfterItsLeafsWereRemoved" classname="org.apache.hadoop.fs.ozone.TestOzoneFileSystem" time="19.407">
    <failure message="Statuses array is not empty expected:&lt;0&gt; but was:&lt;1&gt;" type="java.lang.AssertionError"><![CDATA[java.lang.AssertionError: Statuses array is not empty expected:<0> but was:<1>
	at org.junit.Assert.fail(Assert.java:88)
	at org.junit.Assert.failNotEquals(Assert.java:743)
	at org.junit.Assert.assertEquals(Assert.java:118)
	at org.junit.Assert.assertEquals(Assert.java:555)
	at org.apache.hadoop.fs.ozone.TestOzoneFileSystem.testNonExplicitlyCreatedPathExistsAfterItsLeafsWereRemoved(TestOzoneFileSystem.java:286)
	at sun.reflect.NativeMethodAccessorImpl.invoke0(Native Method)
	at sun.reflect.NativeMethodAccessorImpl.invoke(NativeMethodAccessorImpl.java:62)
	at sun.reflect.DelegatingMethodAccessorImpl.invoke(DelegatingMethodAccessorImpl.java:43)
	at java.lang.reflect.Method.invoke(Method.java:498)
	at org.junit.runners.model.FrameworkMethod$1.runReflectiveCall(FrameworkMethod.java:47)
	at org.junit.internal.runners.model.ReflectiveCallable.run(ReflectiveCallable.java:12)
	at org.junit.runners.model.FrameworkMethod.invokeExplosively(FrameworkMethod.java:44)
	at org.junit.internal.runners.statements.InvokeMethod.evaluate(InvokeMethod.java:17)
	at org.junit.internal.runners.statements.RunBefores.evaluate(RunBefores.java:26)
	at org.junit.internal.runners.statements.RunAfters.evaluate(RunAfters.java:27)
	at org.junit.internal.runners.statements.FailOnTimeout$StatementThread.run(FailOnTimeout.java:74)
]]></failure>
    <system-out><![CDATA[2019-11-05 17:21:50,988 [Thread-1309] WARN  server.ServerUtils (ServerUtils.java:getScmDbDir(145)) - ozone.scm.db.dirs is not configured. We recommend adding this setting. Falling back to ozone.metadata.dirs instead.
2019-11-05 17:21:51,075 [Thread-1309] WARN  server.ServerUtils (ServerUtils.java:getScmDbDir(145)) - ozone.scm.db.dirs is not configured. We recommend adding this setting. Falling back to ozone.metadata.dirs instead.
2019-11-05 17:21:51,075 [Thread-1309] WARN  server.ServerUtils (ServerUtils.java:getScmDbDir(145)) - ozone.scm.db.dirs is not configured. We recommend adding this setting. Falling back to ozone.metadata.dirs instead.
2019-11-05 17:21:51,076 [Thread-1309] INFO  db.DBStoreBuilder (DBStoreBuilder.java:addTable(127)) - using custom profile for table: deletedBlocks
2019-11-05 17:21:51,076 [Thread-1309] INFO  db.DBStoreBuilder (DBStoreBuilder.java:processTables(183)) - Using default column profile:DBProfile.DISK for Table:deletedBlocks
2019-11-05 17:21:51,077 [Thread-1309] INFO  db.DBStoreBuilder (DBStoreBuilder.java:addTable(127)) - using custom profile for table: validCerts
2019-11-05 17:21:51,078 [Thread-1309] INFO  db.DBStoreBuilder (DBStoreBuilder.java:processTables(183)) - Using default column profile:DBProfile.DISK for Table:validCerts
2019-11-05 17:21:51,078 [Thread-1309] INFO  db.DBStoreBuilder (DBStoreBuilder.java:addTable(127)) - using custom profile for table: revokedCerts
2019-11-05 17:21:51,078 [Thread-1309] INFO  db.DBStoreBuilder (DBStoreBuilder.java:processTables(183)) - Using default column profile:DBProfile.DISK for Table:revokedCerts
2019-11-05 17:21:51,079 [Thread-1309] INFO  db.DBStoreBuilder (DBStoreBuilder.java:addTable(127)) - using custom profile for table: default
2019-11-05 17:21:51,079 [Thread-1309] INFO  db.DBStoreBuilder (DBStoreBuilder.java:processTables(189)) - Using default column profile:DBProfile.DISK for Table:default
2019-11-05 17:21:51,079 [Thread-1309] INFO  db.DBStoreBuilder (DBStoreBuilder.java:getDbProfile(220)) - Using default options. DBProfile.DISK
2019-11-05 17:21:51,571 [Thread-1309] INFO  net.NodeSchemaLoader (NodeSchemaLoader.java:loadSchemaFromFile(125)) - Loading file from sun.misc.CompoundEnumeration@2fa45857
2019-11-05 17:21:51,572 [Thread-1309] INFO  net.NodeSchemaLoader (NodeSchemaLoader.java:loadSchema(171)) - Loading network topology layer schema file
2019-11-05 17:21:51,591 [Thread-1309] WARN  server.ServerUtils (ServerUtils.java:sanitizeUserArgs(70)) - ozone.scm.stale.node.interval value = 300000 is larger than max = 100000 based on the key value of ozone.scm.heartbeat.thread.interval, reset to the max value 100000.
2019-11-05 17:21:51,593 [Thread-1309] WARN  server.ServerUtils (ServerUtils.java:sanitizeUserArgs(70)) - ozone.scm.stale.node.interval value = 300000 is larger than max = 100000 based on the key value of ozone.scm.heartbeat.thread.interval, reset to the max value 100000.
2019-11-05 17:21:51,593 [Thread-1309] INFO  node.SCMNodeManager (SCMNodeManager.java:<init>(116)) - Entering startup safe mode.
2019-11-05 17:21:51,594 [Thread-1309] INFO  algorithms.ContainerPlacementPolicyFactory (ContainerPlacementPolicyFactory.java:getPolicy(57)) - Create container placement policy of type org.apache.hadoop.hdds.scm.container.placement.algorithms.SCMContainerPlacementRandom
2019-11-05 17:21:51,595 [Thread-1309] WARN  server.ServerUtils (ServerUtils.java:getScmDbDir(145)) - ozone.scm.db.dirs is not configured. We recommend adding this setting. Falling back to ozone.metadata.dirs instead.
2019-11-05 17:21:51,856 [Thread-1309] INFO  pipeline.SCMPipelineManager (SCMPipelineManager.java:initializePipelineState(132)) - No pipeline exists in current db
2019-11-05 17:21:51,856 [Thread-1309] WARN  server.ServerUtils (ServerUtils.java:getScmDbDir(145)) - ozone.scm.db.dirs is not configured. We recommend adding this setting. Falling back to ozone.metadata.dirs instead.
2019-11-05 17:21:52,086 [Thread-1309] WARN  events.EventQueue (EventQueue.java:fireEvent(183)) - No event handler registered for event TypedEvent{payloadType=SafeModeStatus, name='SafeModeStatus'}
2019-11-05 17:21:52,088 [Thread-1309] INFO  ipc.CallQueueManager (CallQueueManager.java:<init>(84)) - Using callQueue: class java.util.concurrent.LinkedBlockingQueue, queueCapacity: 2000, scheduler: class org.apache.hadoop.ipc.DefaultRpcScheduler, ipcBackoff: false.
2019-11-05 17:21:52,097 [Socket Reader #1 for port 43706] INFO  ipc.Server (Server.java:run(1074)) - Starting Socket Reader #1 for port 43706
2019-11-05 17:21:52,103 [Thread-1309] INFO  ipc.CallQueueManager (CallQueueManager.java:<init>(84)) - Using callQueue: class java.util.concurrent.LinkedBlockingQueue, queueCapacity: 2000, scheduler: class org.apache.hadoop.ipc.DefaultRpcScheduler, ipcBackoff: false.
2019-11-05 17:21:52,109 [Thread-1309] INFO  ipc.CallQueueManager (CallQueueManager.java:<init>(84)) - Using callQueue: class java.util.concurrent.LinkedBlockingQueue, queueCapacity: 2000, scheduler: class org.apache.hadoop.ipc.DefaultRpcScheduler, ipcBackoff: false.
2019-11-05 17:21:52,111 [Socket Reader #1 for port 37685] INFO  ipc.Server (Server.java:run(1074)) - Starting Socket Reader #1 for port 37685
2019-11-05 17:21:52,114 [Socket Reader #1 for port 39168] INFO  ipc.Server (Server.java:run(1074)) - Starting Socket Reader #1 for port 39168
2019-11-05 17:21:52,144 [Thread-1309] INFO  hdfs.DFSUtil (DFSUtil.java:httpServerTemplateForNNAndJN(1641)) - Starting Web-server for scm at: http://0.0.0.0:0
2019-11-05 17:21:52,147 [Thread-1309] INFO  server.AuthenticationFilter (AuthenticationFilter.java:constructSecretProvider(240)) - Unable to initialize FileSignerSecretProvider, falling back to use random secrets.
2019-11-05 17:21:52,149 [Thread-1309] WARN  http.HttpRequestLog (HttpRequestLog.java:getRequestLog(97)) - Jetty request log can only be enabled using Log4j
2019-11-05 17:21:52,152 [Thread-1309] INFO  http.HttpServer2 (HttpServer2.java:addGlobalFilter(975)) - Added global filter 'safety' (class=org.apache.hadoop.http.HttpServer2$QuotingInputFilter)
2019-11-05 17:21:52,153 [Thread-1309] INFO  http.HttpServer2 (HttpServer2.java:addFilter(948)) - Added filter static_user_filter (class=org.apache.hadoop.http.lib.StaticUserWebFilter$StaticUserFilter) to context scm
2019-11-05 17:21:52,153 [Thread-1309] INFO  http.HttpServer2 (HttpServer2.java:addFilter(958)) - Added filter static_user_filter (class=org.apache.hadoop.http.lib.StaticUserWebFilter$StaticUserFilter) to context static
2019-11-05 17:21:52,153 [Thread-1309] INFO  http.HttpServer2 (HttpServer2.java:addFilter(958)) - Added filter static_user_filter (class=org.apache.hadoop.http.lib.StaticUserWebFilter$StaticUserFilter) to context logs
2019-11-05 17:21:52,158 [Thread-1309] INFO  server.StorageContainerManager (StorageContainerManager.java:start(764)) - StorageContainerLocationProtocol RPC server is listening at /0.0.0.0:37685
2019-11-05 17:21:52,162 [Thread-1309] WARN  impl.MetricsConfig (MetricsConfig.java:loadFirst(134)) - Cannot locate configuration: tried hadoop-metrics2-storagecontainermanager.properties,hadoop-metrics2.properties
2019-11-05 17:21:52,183 [Thread-1309] INFO  impl.MetricsSystemImpl (MetricsSystemImpl.java:startTimer(374)) - Scheduled Metric snapshot period at 10 second(s).
2019-11-05 17:21:52,183 [Thread-1309] INFO  impl.MetricsSystemImpl (MetricsSystemImpl.java:start(191)) - StorageContainerManager metrics system started
2019-11-05 17:21:52,351 [Thread-1309] WARN  impl.MetricsSystemImpl (MetricsSystemImpl.java:register(276)) - Sink prometheus already exists!
2019-11-05 17:21:52,402 [Thread-1309] INFO  server.SCMClientProtocolServer (SCMClientProtocolServer.java:start(159)) - RPC server for Client  is listening at /0.0.0.0:37685
2019-11-05 17:21:52,414 [IPC Server Responder] INFO  ipc.Server (Server.java:run(1314)) - IPC Server Responder: starting
2019-11-05 17:21:52,415 [IPC Server listener on 37685] INFO  ipc.Server (Server.java:run(1153)) - IPC Server listener on 37685: starting
2019-11-05 17:21:52,493 [Thread-1309] INFO  server.StorageContainerManager (StorageContainerManager.java:start(774)) - ScmBlockLocationProtocol RPC server is listening at /0.0.0.0:39168
2019-11-05 17:21:52,494 [Thread-1309] INFO  server.SCMBlockProtocolServer (SCMBlockProtocolServer.java:start(146)) - RPC server for Block Protocol is listening at /0.0.0.0:39168
2019-11-05 17:21:52,497 [IPC Server Responder] INFO  ipc.Server (Server.java:run(1314)) - IPC Server Responder: starting
2019-11-05 17:21:52,497 [IPC Server listener on 39168] INFO  ipc.Server (Server.java:run(1153)) - IPC Server listener on 39168: starting
2019-11-05 17:21:52,512 [Thread-1309] INFO  server.StorageContainerManager (StorageContainerManager.java:start(778)) - ScmDatanodeProtocl RPC server is listening at /0.0.0.0:43706
2019-11-05 17:21:52,512 [Thread-1309] INFO  server.SCMDatanodeProtocolServer (SCMDatanodeProtocolServer.java:start(169)) - RPC server for DataNodes is listening at /0.0.0.0:43706
2019-11-05 17:21:52,513 [IPC Server Responder] INFO  ipc.Server (Server.java:run(1314)) - IPC Server Responder: starting
2019-11-05 17:21:52,513 [IPC Server listener on 43706] INFO  ipc.Server (Server.java:run(1153)) - IPC Server listener on 43706: starting
2019-11-05 17:21:52,580 [Thread-1309] INFO  http.HttpServer2 (HttpServer2.java:bindListener(1191)) - Jetty bound to port 44857
2019-11-05 17:21:52,580 [Thread-1309] INFO  server.Server (Server.java:doStart(351)) - jetty-9.3.25.v20180904, build timestamp: 2018-09-04T21:11:46Z, git hash: 3ce520221d0240229c862b122d2b06c12a625732
2019-11-05 17:21:52,582 [Thread-1309] INFO  handler.ContextHandler (ContextHandler.java:doStart(781)) - Started o.e.j.s.ServletContextHandler@3a1c17f6{/logs,file:///workdir/hadoop-ozone/ozonefs/target/log,AVAILABLE}
2019-11-05 17:21:52,583 [Thread-1309] INFO  handler.ContextHandler (ContextHandler.java:doStart(781)) - Started o.e.j.s.ServletContextHandler@379fb258{/static,jar:file:/home/user/.m2/repository/org/apache/hadoop/hadoop-hdds-server-scm/0.5.0-SNAPSHOT/hadoop-hdds-server-scm-0.5.0-SNAPSHOT.jar!/webapps/static,AVAILABLE}
2019-11-05 17:21:52,718 [Thread-1309] INFO  handler.ContextHandler (ContextHandler.java:doStart(781)) - Started o.e.j.w.WebAppContext@4e3c38c{/,file:///tmp/jetty-0.0.0.0-44857-scm-_-any-6375602060919822252.dir/webapp/,AVAILABLE}{/scm}
2019-11-05 17:21:52,755 [Thread-1309] INFO  server.AbstractConnector (AbstractConnector.java:doStart(278)) - Started ServerConnector@3f8c4f13{HTTP/1.1,[http/1.1]}{0.0.0.0:44857}
2019-11-05 17:21:52,756 [Thread-1309] INFO  server.Server (Server.java:doStart(419)) - Started @121827ms
2019-11-05 17:21:52,756 [Thread-1309] WARN  impl.MetricsSystemImpl (MetricsSystemImpl.java:register(276)) - Sink prometheus already exists!
2019-11-05 17:21:52,761 [Thread-1309] INFO  server.BaseHttpServer (BaseHttpServer.java:updateConnectorAddress(215)) - HTTP server of SCM is listening at http://0.0.0.0:44857
2019-11-05 17:21:52,765 [Thread-1309] WARN  server.ServerUtils (ServerUtils.java:getDBPath(222)) - ozone.om.db.dirs is not configured. We recommend adding this setting. Falling back to ozone.metadata.dirs instead.
2019-11-05 17:21:52,765 [org.apache.hadoop.util.JvmPauseMonitor$Monitor@581ebc51] INFO  util.JvmPauseMonitor (JvmPauseMonitor.java:run(188)) - Starting JVM pause monitor
2019-11-05 17:21:52,793 [Thread-1309] INFO  ha.OMHANodeDetails (OMHANodeDetails.java:loadOMHAConfig(190)) - Configuration either no ozone.om.address set. Falling back to the default OM address /127.0.0.1:0
2019-11-05 17:21:52,793 [Thread-1309] INFO  ha.OMHANodeDetails (OMHANodeDetails.java:getOMNodeDetails(220)) - OM Service ID is not set. Setting it to the default ID: omServiceIdDefault
2019-11-05 17:21:52,794 [Thread-1309] WARN  server.ServerUtils (ServerUtils.java:getDBPath(222)) - ozone.om.db.dirs is not configured. We recommend adding this setting. Falling back to ozone.metadata.dirs instead.
2019-11-05 17:21:52,794 [Thread-1309] WARN  server.ServerUtils (ServerUtils.java:getDBPath(222)) - ozone.om.db.dirs is not configured. We recommend adding this setting. Falling back to ozone.metadata.dirs instead.
2019-11-05 17:21:52,809 [Thread-1309] WARN  server.ServerUtils (ServerUtils.java:getDBPath(222)) - ozone.om.db.dirs is not configured. We recommend adding this setting. Falling back to ozone.metadata.dirs instead.
2019-11-05 17:21:52,810 [Thread-1309] INFO  db.DBStoreBuilder (DBStoreBuilder.java:addTable(127)) - using custom profile for table: userTable
2019-11-05 17:21:52,810 [Thread-1309] INFO  db.DBStoreBuilder (DBStoreBuilder.java:processTables(183)) - Using default column profile:DBProfile.DISK for Table:userTable
2019-11-05 17:21:52,810 [Thread-1309] INFO  db.DBStoreBuilder (DBStoreBuilder.java:addTable(127)) - using custom profile for table: volumeTable
2019-11-05 17:21:52,810 [Thread-1309] INFO  db.DBStoreBuilder (DBStoreBuilder.java:processTables(183)) - Using default column profile:DBProfile.DISK for Table:volumeTable
2019-11-05 17:21:52,810 [Thread-1309] INFO  db.DBStoreBuilder (DBStoreBuilder.java:addTable(127)) - using custom profile for table: bucketTable
2019-11-05 17:21:52,810 [Thread-1309] INFO  db.DBStoreBuilder (DBStoreBuilder.java:processTables(183)) - Using default column profile:DBProfile.DISK for Table:bucketTable
2019-11-05 17:21:52,811 [Thread-1309] INFO  db.DBStoreBuilder (DBStoreBuilder.java:addTable(127)) - using custom profile for table: keyTable
2019-11-05 17:21:52,811 [Thread-1309] INFO  db.DBStoreBuilder (DBStoreBuilder.java:processTables(183)) - Using default column profile:DBProfile.DISK for Table:keyTable
2019-11-05 17:21:52,811 [Thread-1309] INFO  db.DBStoreBuilder (DBStoreBuilder.java:addTable(127)) - using custom profile for table: deletedTable
2019-11-05 17:21:52,811 [Thread-1309] INFO  db.DBStoreBuilder (DBStoreBuilder.java:processTables(183)) - Using default column profile:DBProfile.DISK for Table:deletedTable
2019-11-05 17:21:52,811 [Thread-1309] INFO  db.DBStoreBuilder (DBStoreBuilder.java:addTable(127)) - using custom profile for table: openKeyTable
2019-11-05 17:21:52,811 [Thread-1309] INFO  db.DBStoreBuilder (DBStoreBuilder.java:processTables(183)) - Using default column profile:DBProfile.DISK for Table:openKeyTable
2019-11-05 17:21:52,812 [Thread-1309] INFO  db.DBStoreBuilder (DBStoreBuilder.java:addTable(127)) - using custom profile for table: s3Table
2019-11-05 17:21:52,812 [Thread-1309] INFO  db.DBStoreBuilder (DBStoreBuilder.java:processTables(183)) - Using default column profile:DBProfile.DISK for Table:s3Table
2019-11-05 17:21:52,812 [Thread-1309] INFO  db.DBStoreBuilder (DBStoreBuilder.java:addTable(127)) - using custom profile for table: multipartInfoTable
2019-11-05 17:21:52,812 [Thread-1309] INFO  db.DBStoreBuilder (DBStoreBuilder.java:processTables(183)) - Using default column profile:DBProfile.DISK for Table:multipartInfoTable
2019-11-05 17:21:52,812 [Thread-1309] INFO  db.DBStoreBuilder (DBStoreBuilder.java:addTable(127)) - using custom profile for table: dTokenTable
2019-11-05 17:21:52,812 [Thread-1309] INFO  db.DBStoreBuilder (DBStoreBuilder.java:processTables(183)) - Using default column profile:DBProfile.DISK for Table:dTokenTable
2019-11-05 17:21:52,813 [Thread-1309] INFO  db.DBStoreBuilder (DBStoreBuilder.java:addTable(127)) - using custom profile for table: s3SecretTable
2019-11-05 17:21:52,813 [Thread-1309] INFO  db.DBStoreBuilder (DBStoreBuilder.java:processTables(183)) - Using default column profile:DBProfile.DISK for Table:s3SecretTable
2019-11-05 17:21:52,813 [Thread-1309] INFO  db.DBStoreBuilder (DBStoreBuilder.java:addTable(127)) - using custom profile for table: prefixTable
2019-11-05 17:21:52,813 [Thread-1309] INFO  db.DBStoreBuilder (DBStoreBuilder.java:processTables(183)) - Using default column profile:DBProfile.DISK for Table:prefixTable
2019-11-05 17:21:52,813 [Thread-1309] INFO  db.DBStoreBuilder (DBStoreBuilder.java:addTable(127)) - using custom profile for table: default
2019-11-05 17:21:52,813 [Thread-1309] INFO  db.DBStoreBuilder (DBStoreBuilder.java:processTables(189)) - Using default column profile:DBProfile.DISK for Table:default
2019-11-05 17:21:52,813 [Thread-1309] INFO  db.DBStoreBuilder (DBStoreBuilder.java:getDbProfile(220)) - Using default options. DBProfile.DISK
2019-11-05 17:21:53,563 [Thread-1309] INFO  ipc.CallQueueManager (CallQueueManager.java:<init>(84)) - Using callQueue: class java.util.concurrent.LinkedBlockingQueue, queueCapacity: 2000, scheduler: class org.apache.hadoop.ipc.DefaultRpcScheduler, ipcBackoff: false.
2019-11-05 17:21:53,565 [Socket Reader #1 for port 40787] INFO  ipc.Server (Server.java:run(1074)) - Starting Socket Reader #1 for port 40787
2019-11-05 17:21:53,591 [Thread-1309] INFO  om.OzoneManager (OzoneManager.java:start(1076)) - OzoneManager RPC server is listening at localhost/127.0.0.1:40787
2019-11-05 17:21:53,592 [Thread-1309] INFO  impl.MetricsSystemImpl (MetricsSystemImpl.java:init(158)) - OzoneManager metrics system started (again)
2019-11-05 17:21:53,598 [IPC Server Responder] INFO  ipc.Server (Server.java:run(1314)) - IPC Server Responder: starting
2019-11-05 17:21:53,606 [IPC Server listener on 40787] INFO  ipc.Server (Server.java:run(1153)) - IPC Server listener on 40787: starting
2019-11-05 17:21:53,610 [Thread-1309] INFO  hdfs.DFSUtil (DFSUtil.java:httpServerTemplateForNNAndJN(1641)) - Starting Web-server for ozoneManager at: http://0.0.0.0:0
2019-11-05 17:21:53,613 [Thread-1309] INFO  server.AuthenticationFilter (AuthenticationFilter.java:constructSecretProvider(240)) - Unable to initialize FileSignerSecretProvider, falling back to use random secrets.
2019-11-05 17:21:53,614 [Thread-1309] WARN  http.HttpRequestLog (HttpRequestLog.java:getRequestLog(97)) - Jetty request log can only be enabled using Log4j
2019-11-05 17:21:53,618 [Thread-1309] INFO  http.HttpServer2 (HttpServer2.java:addGlobalFilter(975)) - Added global filter 'safety' (class=org.apache.hadoop.http.HttpServer2$QuotingInputFilter)
2019-11-05 17:21:53,619 [Thread-1309] INFO  http.HttpServer2 (HttpServer2.java:addFilter(948)) - Added filter static_user_filter (class=org.apache.hadoop.http.lib.StaticUserWebFilter$StaticUserFilter) to context ozoneManager
2019-11-05 17:21:53,619 [Thread-1309] INFO  http.HttpServer2 (HttpServer2.java:addFilter(958)) - Added filter static_user_filter (class=org.apache.hadoop.http.lib.StaticUserWebFilter$StaticUserFilter) to context logs
2019-11-05 17:21:53,621 [Thread-1309] INFO  http.HttpServer2 (HttpServer2.java:addFilter(958)) - Added filter static_user_filter (class=org.apache.hadoop.http.lib.StaticUserWebFilter$StaticUserFilter) to context static
2019-11-05 17:21:53,628 [Thread-1309] INFO  http.HttpServer2 (HttpServer2.java:bindListener(1191)) - Jetty bound to port 44491
2019-11-05 17:21:53,628 [Thread-1309] INFO  server.Server (Server.java:doStart(351)) - jetty-9.3.25.v20180904, build timestamp: 2018-09-04T21:11:46Z, git hash: 3ce520221d0240229c862b122d2b06c12a625732
2019-11-05 17:21:53,637 [Thread-1309] INFO  handler.ContextHandler (ContextHandler.java:doStart(781)) - Started o.e.j.s.ServletContextHandler@27c07b10{/logs,file:///workdir/hadoop-ozone/ozonefs/target/log,AVAILABLE}
2019-11-05 17:21:53,637 [Thread-1309] INFO  handler.ContextHandler (ContextHandler.java:doStart(781)) - Started o.e.j.s.ServletContextHandler@32b31746{/static,jar:file:/home/user/.m2/repository/org/apache/hadoop/hadoop-ozone-ozone-manager/0.5.0-SNAPSHOT/hadoop-ozone-ozone-manager-0.5.0-SNAPSHOT.jar!/webapps/static,AVAILABLE}
2019-11-05 17:21:53,694 [Thread-1309] INFO  handler.ContextHandler (ContextHandler.java:doStart(781)) - Started o.e.j.w.WebAppContext@72f6d997{/,file:///tmp/jetty-0.0.0.0-44491-ozoneManager-_-any-8050183644974492460.dir/webapp/,AVAILABLE}{/ozoneManager}
2019-11-05 17:21:53,695 [Thread-1309] INFO  server.AbstractConnector (AbstractConnector.java:doStart(278)) - Started ServerConnector@1c566483{HTTP/1.1,[http/1.1]}{0.0.0.0:44491}
2019-11-05 17:21:53,695 [Thread-1309] INFO  server.Server (Server.java:doStart(419)) - Started @122766ms
2019-11-05 17:21:53,696 [Thread-1309] WARN  impl.MetricsSystemImpl (MetricsSystemImpl.java:register(276)) - Sink prometheus already exists!
2019-11-05 17:21:53,708 [Thread-1309] INFO  server.BaseHttpServer (BaseHttpServer.java:updateConnectorAddress(215)) - HTTP server of OZONEMANAGER is listening at http://0.0.0.0:44491
2019-11-05 17:21:53,720 [Thread-1309] INFO  impl.MetricsSystemImpl (MetricsSystemImpl.java:init(158)) - HddsDatanode metrics system started (again)
2019-11-05 17:21:53,723 [Thread-1309] INFO  ozone.HddsDatanodeService (HddsDatanodeService.java:start(183)) - HddsDatanodeService host:pr-hdds-1987-xp2v8-1198919540 ip:192.168.157.254
2019-11-05 17:21:53,733 [Thread-1309] INFO  volume.HddsVolume (HddsVolume.java:<init>(176)) - Creating Volume: /workdir/hadoop-ozone/ozonefs/target/test-dir/MiniOzoneClusterImpl-87e11107-06f8-4551-95b5-96682ea7f8da/datanode-0/data/containers/hdds of  storage type : DISK and capacity : 1482555576320
2019-11-05 17:21:53,733 [Thread-1309] INFO  volume.VolumeSet (VolumeSet.java:initializeVolumeSet(170)) - Added Volume : /workdir/hadoop-ozone/ozonefs/target/test-dir/MiniOzoneClusterImpl-87e11107-06f8-4551-95b5-96682ea7f8da/datanode-0/data/containers/hdds to VolumeSet
2019-11-05 17:21:53,734 [Thread-1309] INFO  volume.ThrottledAsyncChecker (ThrottledAsyncChecker.java:schedule(141)) - Scheduling a check for /workdir/hadoop-ozone/ozonefs/target/test-dir/MiniOzoneClusterImpl-87e11107-06f8-4551-95b5-96682ea7f8da/datanode-0/data/containers/hdds
2019-11-05 17:21:53,734 [Thread-1309] INFO  volume.HddsVolumeChecker (HddsVolumeChecker.java:checkAllVolumes(204)) - Scheduled health check for volume /workdir/hadoop-ozone/ozonefs/target/test-dir/MiniOzoneClusterImpl-87e11107-06f8-4551-95b5-96682ea7f8da/datanode-0/data/containers/hdds
2019-11-05 17:21:53,764 [Thread-1309] INFO  impl.RaftServerProxy (ConfUtils.java:logGet(43)) - raft.rpc.type = GRPC (default)
2019-11-05 17:21:53,764 [Thread-1309] INFO  grpc.GrpcFactory (GrpcFactory.java:checkPooledByteBufAllocatorUseCacheForAllThreads(45)) - PERFORMANCE WARNING: useCacheForAllThreads is true that may cause Netty to create a lot garbage objects and, as a result, trigger GC.
	It is recommended to disable useCacheForAllThreads by setting -Dorg.apache.ratis.thirdparty.io.netty.allocator.useCacheForAllThreads=false in command line.
2019-11-05 17:21:53,764 [Thread-1309] INFO  grpc.GrpcConfigKeys$Server (ConfUtils.java:logGet(43)) - raft.grpc.server.port = 0 (default)
2019-11-05 17:21:53,764 [Thread-1309] INFO  server.GrpcService (ConfUtils.java:logGet(43)) - raft.grpc.message.size.max = 33570816 (custom)
2019-11-05 17:21:53,764 [Thread-1309] INFO  server.RaftServerConfigKeys (ConfUtils.java:logGet(43)) - raft.server.log.appender.buffer.byte-limit = 33554432 (custom)
2019-11-05 17:21:53,765 [Thread-1309] INFO  server.GrpcService (ConfUtils.java:logGet(43)) - raft.grpc.flow.control.window = 1MB (=1048576) (default)
2019-11-05 17:21:53,765 [Thread-1309] INFO  server.RaftServerConfigKeys (ConfUtils.java:logGet(43)) - raft.server.rpc.request.timeout = 3000ms (default)
2019-11-05 17:21:53,765 [Thread-1309] INFO  server.RaftServerConfigKeys (ConfUtils.java:logGet(43)) - raft.server.storage.dir = [/workdir/hadoop-ozone/ozonefs/target/test-dir/MiniOzoneClusterImpl-87e11107-06f8-4551-95b5-96682ea7f8da/datanode-0/data/ratis] (custom)
2019-11-05 17:21:53,767 [Thread-1309] INFO  hdfs.DFSUtil (DFSUtil.java:httpServerTemplateForNNAndJN(1641)) - Starting Web-server for hddsDatanode at: http://0.0.0.0:0
2019-11-05 17:21:53,770 [Thread-1309] INFO  server.AuthenticationFilter (AuthenticationFilter.java:constructSecretProvider(240)) - Unable to initialize FileSignerSecretProvider, falling back to use random secrets.
2019-11-05 17:21:53,770 [Thread-1309] WARN  http.HttpRequestLog (HttpRequestLog.java:getRequestLog(97)) - Jetty request log can only be enabled using Log4j
2019-11-05 17:21:53,773 [Thread-1309] INFO  http.HttpServer2 (HttpServer2.java:addGlobalFilter(975)) - Added global filter 'safety' (class=org.apache.hadoop.http.HttpServer2$QuotingInputFilter)
2019-11-05 17:21:53,774 [Thread-1309] INFO  http.HttpServer2 (HttpServer2.java:addFilter(948)) - Added filter static_user_filter (class=org.apache.hadoop.http.lib.StaticUserWebFilter$StaticUserFilter) to context hddsDatanode
2019-11-05 17:21:53,774 [Thread-1309] INFO  http.HttpServer2 (HttpServer2.java:addFilter(958)) - Added filter static_user_filter (class=org.apache.hadoop.http.lib.StaticUserWebFilter$StaticUserFilter) to context static
2019-11-05 17:21:53,774 [Thread-1309] INFO  http.HttpServer2 (HttpServer2.java:addFilter(958)) - Added filter static_user_filter (class=org.apache.hadoop.http.lib.StaticUserWebFilter$StaticUserFilter) to context logs
2019-11-05 17:21:53,775 [Thread-1309] INFO  http.HttpServer2 (HttpServer2.java:bindListener(1191)) - Jetty bound to port 43548
2019-11-05 17:21:53,775 [Thread-1309] INFO  server.Server (Server.java:doStart(351)) - jetty-9.3.25.v20180904, build timestamp: 2018-09-04T21:11:46Z, git hash: 3ce520221d0240229c862b122d2b06c12a625732
2019-11-05 17:21:53,782 [Thread-1309] INFO  handler.ContextHandler (ContextHandler.java:doStart(781)) - Started o.e.j.s.ServletContextHandler@3ab5857b{/logs,file:///workdir/hadoop-ozone/ozonefs/target/log,AVAILABLE}
2019-11-05 17:21:53,784 [Thread-1309] INFO  handler.ContextHandler (ContextHandler.java:doStart(781)) - Started o.e.j.s.ServletContextHandler@283982a0{/static,jar:file:/home/user/.m2/repository/org/apache/hadoop/hadoop-hdds-container-service/0.5.0-SNAPSHOT/hadoop-hdds-container-service-0.5.0-SNAPSHOT.jar!/webapps/static,AVAILABLE}
2019-11-05 17:21:53,826 [Thread-1309] INFO  handler.ContextHandler (ContextHandler.java:doStart(781)) - Started o.e.j.w.WebAppContext@2535b06d{/,file:///tmp/jetty-0.0.0.0-43548-hddsDatanode-_-any-7073233038152131647.dir/webapp/,AVAILABLE}{/hddsDatanode}
2019-11-05 17:21:53,827 [Thread-1309] INFO  server.AbstractConnector (AbstractConnector.java:doStart(278)) - Started ServerConnector@4425c04c{HTTP/1.1,[http/1.1]}{0.0.0.0:43548}
2019-11-05 17:21:53,827 [Thread-1309] INFO  server.Server (Server.java:doStart(419)) - Started @122898ms
2019-11-05 17:21:53,828 [Thread-1309] WARN  impl.MetricsSystemImpl (MetricsSystemImpl.java:register(276)) - Sink prometheus already exists!
2019-11-05 17:21:53,830 [Thread-1309] INFO  server.BaseHttpServer (BaseHttpServer.java:updateConnectorAddress(215)) - HTTP server of HDDSDATANODE is listening at http://0.0.0.0:43548
2019-11-05 17:21:53,830 [Thread-1309] INFO  impl.MetricsSystemImpl (MetricsSystemImpl.java:init(158)) - HddsDatanode metrics system started (again)
2019-11-05 17:21:53,833 [Thread-1309] INFO  ozone.HddsDatanodeService (HddsDatanodeService.java:start(183)) - HddsDatanodeService host:pr-hdds-1987-xp2v8-1198919540 ip:192.168.157.254
2019-11-05 17:21:53,872 [Datanode State Machine Thread - 0] INFO  datanode.InitDatanodeState (InitDatanodeState.java:persistContainerDatanodeDetails(140)) - DatanodeDetails is persisted to /workdir/hadoop-ozone/ozonefs/target/test-dir/MiniOzoneClusterImpl-87e11107-06f8-4551-95b5-96682ea7f8da/datanode-0/meta/datanode.id
2019-11-05 17:21:53,901 [Thread-1309] INFO  volume.HddsVolume (HddsVolume.java:<init>(176)) - Creating Volume: /workdir/hadoop-ozone/ozonefs/target/test-dir/MiniOzoneClusterImpl-87e11107-06f8-4551-95b5-96682ea7f8da/datanode-1/data/containers/hdds of  storage type : DISK and capacity : 1482555576320
2019-11-05 17:21:53,903 [Thread-1309] INFO  volume.VolumeSet (VolumeSet.java:initializeVolumeSet(170)) - Added Volume : /workdir/hadoop-ozone/ozonefs/target/test-dir/MiniOzoneClusterImpl-87e11107-06f8-4551-95b5-96682ea7f8da/datanode-1/data/containers/hdds to VolumeSet
2019-11-05 17:21:53,904 [Thread-1309] INFO  volume.ThrottledAsyncChecker (ThrottledAsyncChecker.java:schedule(141)) - Scheduling a check for /workdir/hadoop-ozone/ozonefs/target/test-dir/MiniOzoneClusterImpl-87e11107-06f8-4551-95b5-96682ea7f8da/datanode-1/data/containers/hdds
2019-11-05 17:21:53,904 [Thread-1309] INFO  volume.HddsVolumeChecker (HddsVolumeChecker.java:checkAllVolumes(204)) - Scheduled health check for volume /workdir/hadoop-ozone/ozonefs/target/test-dir/MiniOzoneClusterImpl-87e11107-06f8-4551-95b5-96682ea7f8da/datanode-1/data/containers/hdds
2019-11-05 17:21:53,873 [org.apache.hadoop.util.JvmPauseMonitor$Monitor@619261bd] INFO  util.JvmPauseMonitor (JvmPauseMonitor.java:run(188)) - Starting JVM pause monitor
2019-11-05 17:21:54,056 [Thread-1309] INFO  impl.RaftServerProxy (ConfUtils.java:logGet(43)) - raft.rpc.type = GRPC (default)
2019-11-05 17:21:54,057 [Thread-1309] INFO  grpc.GrpcFactory (GrpcFactory.java:checkPooledByteBufAllocatorUseCacheForAllThreads(45)) - PERFORMANCE WARNING: useCacheForAllThreads is true that may cause Netty to create a lot garbage objects and, as a result, trigger GC.
	It is recommended to disable useCacheForAllThreads by setting -Dorg.apache.ratis.thirdparty.io.netty.allocator.useCacheForAllThreads=false in command line.
2019-11-05 17:21:54,057 [Thread-1309] INFO  grpc.GrpcConfigKeys$Server (ConfUtils.java:logGet(43)) - raft.grpc.server.port = 0 (default)
2019-11-05 17:21:54,057 [Thread-1309] INFO  server.GrpcService (ConfUtils.java:logGet(43)) - raft.grpc.message.size.max = 33570816 (custom)
2019-11-05 17:21:54,057 [Thread-1309] INFO  server.RaftServerConfigKeys (ConfUtils.java:logGet(43)) - raft.server.log.appender.buffer.byte-limit = 33554432 (custom)
2019-11-05 17:21:54,057 [Thread-1309] INFO  server.GrpcService (ConfUtils.java:logGet(43)) - raft.grpc.flow.control.window = 1MB (=1048576) (default)
2019-11-05 17:21:54,057 [Thread-1309] INFO  server.RaftServerConfigKeys (ConfUtils.java:logGet(43)) - raft.server.rpc.request.timeout = 3000ms (default)
2019-11-05 17:21:54,058 [Thread-1309] INFO  server.RaftServerConfigKeys (ConfUtils.java:logGet(43)) - raft.server.storage.dir = [/workdir/hadoop-ozone/ozonefs/target/test-dir/MiniOzoneClusterImpl-87e11107-06f8-4551-95b5-96682ea7f8da/datanode-1/data/ratis] (custom)
2019-11-05 17:21:54,063 [Thread-1309] INFO  hdfs.DFSUtil (DFSUtil.java:httpServerTemplateForNNAndJN(1641)) - Starting Web-server for hddsDatanode at: http://0.0.0.0:0
2019-11-05 17:21:54,066 [Thread-1309] INFO  server.AuthenticationFilter (AuthenticationFilter.java:constructSecretProvider(240)) - Unable to initialize FileSignerSecretProvider, falling back to use random secrets.
2019-11-05 17:21:54,076 [Thread-1309] WARN  http.HttpRequestLog (HttpRequestLog.java:getRequestLog(97)) - Jetty request log can only be enabled using Log4j
2019-11-05 17:21:54,079 [Thread-1309] INFO  http.HttpServer2 (HttpServer2.java:addGlobalFilter(975)) - Added global filter 'safety' (class=org.apache.hadoop.http.HttpServer2$QuotingInputFilter)
2019-11-05 17:21:54,079 [Thread-1309] INFO  http.HttpServer2 (HttpServer2.java:addFilter(948)) - Added filter static_user_filter (class=org.apache.hadoop.http.lib.StaticUserWebFilter$StaticUserFilter) to context hddsDatanode
2019-11-05 17:21:54,080 [Thread-1309] INFO  http.HttpServer2 (HttpServer2.java:addFilter(958)) - Added filter static_user_filter (class=org.apache.hadoop.http.lib.StaticUserWebFilter$StaticUserFilter) to context static
2019-11-05 17:21:54,080 [Thread-1309] INFO  http.HttpServer2 (HttpServer2.java:addFilter(958)) - Added filter static_user_filter (class=org.apache.hadoop.http.lib.StaticUserWebFilter$StaticUserFilter) to context logs
2019-11-05 17:21:54,081 [Thread-1309] INFO  http.HttpServer2 (HttpServer2.java:bindListener(1191)) - Jetty bound to port 41511
2019-11-05 17:21:54,084 [Thread-1309] INFO  server.Server (Server.java:doStart(351)) - jetty-9.3.25.v20180904, build timestamp: 2018-09-04T21:11:46Z, git hash: 3ce520221d0240229c862b122d2b06c12a625732
2019-11-05 17:21:54,095 [Thread-1309] INFO  handler.ContextHandler (ContextHandler.java:doStart(781)) - Started o.e.j.s.ServletContextHandler@6ce9a19f{/logs,file:///workdir/hadoop-ozone/ozonefs/target/log,AVAILABLE}
2019-11-05 17:21:54,096 [Thread-1309] INFO  handler.ContextHandler (ContextHandler.java:doStart(781)) - Started o.e.j.s.ServletContextHandler@5b4e55eb{/static,jar:file:/home/user/.m2/repository/org/apache/hadoop/hadoop-hdds-container-service/0.5.0-SNAPSHOT/hadoop-hdds-container-service-0.5.0-SNAPSHOT.jar!/webapps/static,AVAILABLE}
2019-11-05 17:21:54,124 [Thread-1309] INFO  handler.ContextHandler (ContextHandler.java:doStart(781)) - Started o.e.j.w.WebAppContext@3d788777{/,file:///tmp/jetty-0.0.0.0-41511-hddsDatanode-_-any-5647825000936302017.dir/webapp/,AVAILABLE}{/hddsDatanode}
2019-11-05 17:21:54,125 [Thread-1309] INFO  server.AbstractConnector (AbstractConnector.java:doStart(278)) - Started ServerConnector@a73d14f{HTTP/1.1,[http/1.1]}{0.0.0.0:41511}
2019-11-05 17:21:54,126 [Thread-1309] INFO  server.Server (Server.java:doStart(419)) - Started @123197ms
2019-11-05 17:21:54,126 [Thread-1309] WARN  impl.MetricsSystemImpl (MetricsSystemImpl.java:register(276)) - Sink prometheus already exists!
2019-11-05 17:21:54,127 [Thread-1309] INFO  server.BaseHttpServer (BaseHttpServer.java:updateConnectorAddress(215)) - HTTP server of HDDSDATANODE is listening at http://0.0.0.0:41511
2019-11-05 17:21:54,127 [Thread-1309] INFO  impl.MetricsSystemImpl (MetricsSystemImpl.java:init(158)) - HddsDatanode metrics system started (again)
2019-11-05 17:21:54,176 [Thread-1309] INFO  ozone.HddsDatanodeService (HddsDatanodeService.java:start(183)) - HddsDatanodeService host:pr-hdds-1987-xp2v8-1198919540 ip:192.168.157.254
2019-11-05 17:21:54,185 [org.apache.hadoop.util.JvmPauseMonitor$Monitor@36516c17] INFO  util.JvmPauseMonitor (JvmPauseMonitor.java:run(188)) - Starting JVM pause monitor
2019-11-05 17:21:54,195 [Datanode State Machine Thread - 0] INFO  datanode.InitDatanodeState (InitDatanodeState.java:persistContainerDatanodeDetails(140)) - DatanodeDetails is persisted to /workdir/hadoop-ozone/ozonefs/target/test-dir/MiniOzoneClusterImpl-87e11107-06f8-4551-95b5-96682ea7f8da/datanode-1/meta/datanode.id
2019-11-05 17:21:54,284 [Thread-1309] INFO  volume.HddsVolume (HddsVolume.java:<init>(176)) - Creating Volume: /workdir/hadoop-ozone/ozonefs/target/test-dir/MiniOzoneClusterImpl-87e11107-06f8-4551-95b5-96682ea7f8da/datanode-2/data/containers/hdds of  storage type : DISK and capacity : 1482555576320
2019-11-05 17:21:54,285 [Thread-1309] INFO  volume.VolumeSet (VolumeSet.java:initializeVolumeSet(170)) - Added Volume : /workdir/hadoop-ozone/ozonefs/target/test-dir/MiniOzoneClusterImpl-87e11107-06f8-4551-95b5-96682ea7f8da/datanode-2/data/containers/hdds to VolumeSet
2019-11-05 17:21:54,285 [Thread-1309] INFO  volume.ThrottledAsyncChecker (ThrottledAsyncChecker.java:schedule(141)) - Scheduling a check for /workdir/hadoop-ozone/ozonefs/target/test-dir/MiniOzoneClusterImpl-87e11107-06f8-4551-95b5-96682ea7f8da/datanode-2/data/containers/hdds
2019-11-05 17:21:54,341 [Thread-1309] INFO  volume.HddsVolumeChecker (HddsVolumeChecker.java:checkAllVolumes(204)) - Scheduled health check for volume /workdir/hadoop-ozone/ozonefs/target/test-dir/MiniOzoneClusterImpl-87e11107-06f8-4551-95b5-96682ea7f8da/datanode-2/data/containers/hdds
2019-11-05 17:21:54,404 [Thread-1309] INFO  impl.RaftServerProxy (ConfUtils.java:logGet(43)) - raft.rpc.type = GRPC (default)
2019-11-05 17:21:54,418 [Thread-1309] INFO  grpc.GrpcFactory (GrpcFactory.java:checkPooledByteBufAllocatorUseCacheForAllThreads(45)) - PERFORMANCE WARNING: useCacheForAllThreads is true that may cause Netty to create a lot garbage objects and, as a result, trigger GC.
	It is recommended to disable useCacheForAllThreads by setting -Dorg.apache.ratis.thirdparty.io.netty.allocator.useCacheForAllThreads=false in command line.
2019-11-05 17:21:54,418 [Thread-1309] INFO  grpc.GrpcConfigKeys$Server (ConfUtils.java:logGet(43)) - raft.grpc.server.port = 0 (default)
2019-11-05 17:21:54,419 [Thread-1309] INFO  server.GrpcService (ConfUtils.java:logGet(43)) - raft.grpc.message.size.max = 33570816 (custom)
2019-11-05 17:21:54,419 [Thread-1309] INFO  server.RaftServerConfigKeys (ConfUtils.java:logGet(43)) - raft.server.log.appender.buffer.byte-limit = 33554432 (custom)
2019-11-05 17:21:54,419 [Thread-1309] INFO  server.GrpcService (ConfUtils.java:logGet(43)) - raft.grpc.flow.control.window = 1MB (=1048576) (default)
2019-11-05 17:21:54,419 [Thread-1309] INFO  server.RaftServerConfigKeys (ConfUtils.java:logGet(43)) - raft.server.rpc.request.timeout = 3000ms (default)
2019-11-05 17:21:54,420 [Thread-1309] INFO  server.RaftServerConfigKeys (ConfUtils.java:logGet(43)) - raft.server.storage.dir = [/workdir/hadoop-ozone/ozonefs/target/test-dir/MiniOzoneClusterImpl-87e11107-06f8-4551-95b5-96682ea7f8da/datanode-2/data/ratis] (custom)
2019-11-05 17:21:54,422 [Thread-1309] INFO  hdfs.DFSUtil (DFSUtil.java:httpServerTemplateForNNAndJN(1641)) - Starting Web-server for hddsDatanode at: http://0.0.0.0:0
2019-11-05 17:21:54,424 [Thread-1309] INFO  server.AuthenticationFilter (AuthenticationFilter.java:constructSecretProvider(240)) - Unable to initialize FileSignerSecretProvider, falling back to use random secrets.
2019-11-05 17:21:54,425 [Thread-1309] WARN  http.HttpRequestLog (HttpRequestLog.java:getRequestLog(97)) - Jetty request log can only be enabled using Log4j
2019-11-05 17:21:54,430 [Thread-1309] INFO  http.HttpServer2 (HttpServer2.java:addGlobalFilter(975)) - Added global filter 'safety' (class=org.apache.hadoop.http.HttpServer2$QuotingInputFilter)
2019-11-05 17:21:54,431 [Thread-1309] INFO  http.HttpServer2 (HttpServer2.java:addFilter(948)) - Added filter static_user_filter (class=org.apache.hadoop.http.lib.StaticUserWebFilter$StaticUserFilter) to context hddsDatanode
2019-11-05 17:21:54,432 [Thread-1309] INFO  http.HttpServer2 (HttpServer2.java:addFilter(958)) - Added filter static_user_filter (class=org.apache.hadoop.http.lib.StaticUserWebFilter$StaticUserFilter) to context logs
2019-11-05 17:21:54,432 [Thread-1309] INFO  http.HttpServer2 (HttpServer2.java:addFilter(958)) - Added filter static_user_filter (class=org.apache.hadoop.http.lib.StaticUserWebFilter$StaticUserFilter) to context static
2019-11-05 17:21:54,434 [Thread-1309] INFO  http.HttpServer2 (HttpServer2.java:bindListener(1191)) - Jetty bound to port 43458
2019-11-05 17:21:54,435 [Thread-1309] INFO  server.Server (Server.java:doStart(351)) - jetty-9.3.25.v20180904, build timestamp: 2018-09-04T21:11:46Z, git hash: 3ce520221d0240229c862b122d2b06c12a625732
2019-11-05 17:21:54,438 [Thread-1309] INFO  handler.ContextHandler (ContextHandler.java:doStart(781)) - Started o.e.j.s.ServletContextHandler@5c97d030{/logs,file:///workdir/hadoop-ozone/ozonefs/target/log,AVAILABLE}
2019-11-05 17:21:54,439 [Thread-1309] INFO  handler.ContextHandler (ContextHandler.java:doStart(781)) - Started o.e.j.s.ServletContextHandler@64c0250e{/static,jar:file:/home/user/.m2/repository/org/apache/hadoop/hadoop-hdds-container-service/0.5.0-SNAPSHOT/hadoop-hdds-container-service-0.5.0-SNAPSHOT.jar!/webapps/static,AVAILABLE}
2019-11-05 17:21:54,481 [Thread-1309] INFO  handler.ContextHandler (ContextHandler.java:doStart(781)) - Started o.e.j.w.WebAppContext@48ba92ca{/,file:///tmp/jetty-0.0.0.0-43458-hddsDatanode-_-any-8617193705091954392.dir/webapp/,AVAILABLE}{/hddsDatanode}
2019-11-05 17:21:54,482 [Thread-1309] INFO  server.AbstractConnector (AbstractConnector.java:doStart(278)) - Started ServerConnector@4ff1fca5{HTTP/1.1,[http/1.1]}{0.0.0.0:43458}
2019-11-05 17:21:54,482 [Thread-1309] INFO  server.Server (Server.java:doStart(419)) - Started @123553ms
2019-11-05 17:21:54,482 [Thread-1309] WARN  impl.MetricsSystemImpl (MetricsSystemImpl.java:register(276)) - Sink prometheus already exists!
2019-11-05 17:21:54,485 [Thread-1309] INFO  server.BaseHttpServer (BaseHttpServer.java:updateConnectorAddress(215)) - HTTP server of HDDSDATANODE is listening at http://0.0.0.0:43458
2019-11-05 17:21:54,489 [Thread-1309] INFO  ozone.MiniOzoneClusterImpl (MiniOzoneClusterImpl.java:lambda$waitForClusterToBeReady$0(147)) - Waiting for cluster to be ready. Got 0 of 3 DN Heartbeats.
2019-11-05 17:21:54,615 [org.apache.hadoop.util.JvmPauseMonitor$Monitor@55ad22b7] INFO  util.JvmPauseMonitor (JvmPauseMonitor.java:run(188)) - Starting JVM pause monitor
2019-11-05 17:21:54,646 [Datanode State Machine Thread - 0] INFO  datanode.InitDatanodeState (InitDatanodeState.java:persistContainerDatanodeDetails(140)) - DatanodeDetails is persisted to /workdir/hadoop-ozone/ozonefs/target/test-dir/MiniOzoneClusterImpl-87e11107-06f8-4551-95b5-96682ea7f8da/datanode-2/meta/datanode.id
2019-11-05 17:21:55,490 [Thread-1309] INFO  ozone.MiniOzoneClusterImpl (MiniOzoneClusterImpl.java:lambda$waitForClusterToBeReady$0(147)) - Waiting for cluster to be ready. Got 0 of 3 DN Heartbeats.
2019-11-05 17:21:55,910 [Datanode State Machine Thread - 0] INFO  ozoneimpl.OzoneContainer (OzoneContainer.java:start(213)) - Attempting to start container services.
2019-11-05 17:21:55,910 [Datanode State Machine Thread - 0] INFO  ozoneimpl.OzoneContainer (OzoneContainer.java:startContainerScrub(177)) - Background container scanner has been disabled.
2019-11-05 17:21:55,911 [Datanode State Machine Thread - 0] INFO  ratis.XceiverServerRatis (XceiverServerRatis.java:start(418)) - Starting XceiverServerRatis e944fb0f-9c69-4942-a04f-11c441bc6f70 at port 0
2019-11-05 17:21:55,917 [Datanode State Machine Thread - 0] INFO  impl.RaftServerProxy (RaftServerProxy.java:lambda$start$3(299)) - e944fb0f-9c69-4942-a04f-11c441bc6f70: start RPC server
2019-11-05 17:21:55,939 [Datanode State Machine Thread - 0] INFO  server.GrpcService (GrpcService.java:startImpl(158)) - e944fb0f-9c69-4942-a04f-11c441bc6f70: GrpcService started, listening on 0.0.0.0/0.0.0.0:41486
2019-11-05 17:21:55,939 [Datanode State Machine Thread - 0] INFO  ratis.XceiverServerRatis (XceiverServerRatis.java:start(428)) - XceiverServerRatis e944fb0f-9c69-4942-a04f-11c441bc6f70 is started using port 41486
2019-11-05 17:21:55,943 [Datanode State Machine Thread - 0] INFO  server.XceiverServerGrpc (XceiverServerGrpc.java:start(149)) - XceiverServerGrpc e944fb0f-9c69-4942-a04f-11c441bc6f70 is started using port 45903
2019-11-05 17:21:56,212 [Datanode State Machine Thread - 0] INFO  ozoneimpl.OzoneContainer (OzoneContainer.java:start(213)) - Attempting to start container services.
2019-11-05 17:21:56,213 [Datanode State Machine Thread - 0] INFO  ozoneimpl.OzoneContainer (OzoneContainer.java:startContainerScrub(177)) - Background container scanner has been disabled.
2019-11-05 17:21:56,213 [Datanode State Machine Thread - 0] INFO  ratis.XceiverServerRatis (XceiverServerRatis.java:start(418)) - Starting XceiverServerRatis c6e9e595-8dd2-442e-875f-c70452d718cf at port 0
2019-11-05 17:21:56,253 [Datanode State Machine Thread - 0] INFO  impl.RaftServerProxy (RaftServerProxy.java:lambda$start$3(299)) - c6e9e595-8dd2-442e-875f-c70452d718cf: start RPC server
2019-11-05 17:21:56,255 [Datanode State Machine Thread - 0] INFO  server.GrpcService (GrpcService.java:startImpl(158)) - c6e9e595-8dd2-442e-875f-c70452d718cf: GrpcService started, listening on 0.0.0.0/0.0.0.0:38076
2019-11-05 17:21:56,255 [Datanode State Machine Thread - 0] INFO  ratis.XceiverServerRatis (XceiverServerRatis.java:start(428)) - XceiverServerRatis c6e9e595-8dd2-442e-875f-c70452d718cf is started using port 38076
2019-11-05 17:21:56,258 [Datanode State Machine Thread - 0] INFO  server.XceiverServerGrpc (XceiverServerGrpc.java:start(149)) - XceiverServerGrpc c6e9e595-8dd2-442e-875f-c70452d718cf is started using port 34044
2019-11-05 17:21:56,491 [Thread-1309] INFO  ozone.MiniOzoneClusterImpl (MiniOzoneClusterImpl.java:lambda$waitForClusterToBeReady$0(147)) - Waiting for cluster to be ready. Got 0 of 3 DN Heartbeats.
2019-11-05 17:21:56,641 [Datanode State Machine Thread - 0] INFO  ozoneimpl.OzoneContainer (OzoneContainer.java:start(213)) - Attempting to start container services.
2019-11-05 17:21:56,641 [Datanode State Machine Thread - 0] INFO  ozoneimpl.OzoneContainer (OzoneContainer.java:startContainerScrub(177)) - Background container scanner has been disabled.
2019-11-05 17:21:56,641 [Datanode State Machine Thread - 0] INFO  ratis.XceiverServerRatis (XceiverServerRatis.java:start(418)) - Starting XceiverServerRatis e0cdae1a-9ede-4a2c-8b90-19bce8e25fba at port 0
2019-11-05 17:21:56,649 [Datanode State Machine Thread - 0] INFO  impl.RaftServerProxy (RaftServerProxy.java:lambda$start$3(299)) - e0cdae1a-9ede-4a2c-8b90-19bce8e25fba: start RPC server
2019-11-05 17:21:56,650 [Datanode State Machine Thread - 0] INFO  server.GrpcService (GrpcService.java:startImpl(158)) - e0cdae1a-9ede-4a2c-8b90-19bce8e25fba: GrpcService started, listening on 0.0.0.0/0.0.0.0:42168
2019-11-05 17:21:56,650 [Datanode State Machine Thread - 0] INFO  ratis.XceiverServerRatis (XceiverServerRatis.java:start(428)) - XceiverServerRatis e0cdae1a-9ede-4a2c-8b90-19bce8e25fba is started using port 42168
2019-11-05 17:21:56,650 [Datanode State Machine Thread - 0] INFO  server.XceiverServerGrpc (XceiverServerGrpc.java:start(149)) - XceiverServerGrpc e0cdae1a-9ede-4a2c-8b90-19bce8e25fba is started using port 39185
2019-11-05 17:21:57,491 [Thread-1309] INFO  ozone.MiniOzoneClusterImpl (MiniOzoneClusterImpl.java:lambda$waitForClusterToBeReady$0(147)) - Waiting for cluster to be ready. Got 0 of 3 DN Heartbeats.
2019-11-05 17:21:57,853 [IPC Server handler 5 on 43706] INFO  net.NetworkTopology (NetworkTopologyImpl.java:add(111)) - Added a new node: /default-rack/e944fb0f-9c69-4942-a04f-11c441bc6f70
2019-11-05 17:21:57,854 [IPC Server handler 5 on 43706] INFO  node.SCMNodeManager (SCMNodeManager.java:register(267)) - Registered Data node : e944fb0f-9c69-4942-a04f-11c441bc6f70{ip: 192.168.157.254, host: pr-hdds-1987-xp2v8-1198919540, networkLocation: /default-rack, certSerialId: null}
2019-11-05 17:21:57,904 [EventQueue-NodeRegistrationContainerReportForDataNodeSafeModeRule] INFO  safemode.SCMSafeModeManager (DataNodeSafeModeRule.java:process(71)) - SCM in safe mode. 1 DataNodes registered, 1 required.
2019-11-05 17:21:57,929 [EventQueue-NodeRegistrationContainerReportForDataNodeSafeModeRule] INFO  safemode.SCMSafeModeManager (SCMSafeModeManager.java:validateSafeModeExitRules(177)) - ScmSafeModeManager, all rules are successfully validated
2019-11-05 17:21:57,929 [EventQueue-NodeRegistrationContainerReportForDataNodeSafeModeRule] INFO  safemode.SCMSafeModeManager (SCMSafeModeManager.java:exitSafeMode(193)) - SCM exiting safe mode.
2019-11-05 17:21:58,128 [grpc-default-executor-0] INFO  impl.RaftServerProxy (RaftServerProxy.java:addNew(89)) - e944fb0f-9c69-4942-a04f-11c441bc6f70: addNew group-271963E988D8:[e944fb0f-9c69-4942-a04f-11c441bc6f70:192.168.157.254:41486] returns group-271963E988D8:java.util.concurrent.CompletableFuture@3c99f0dc[Not completed]
2019-11-05 17:21:58,132 [pool-327-thread-1] INFO  impl.RaftServerImpl (RaftServerImpl.java:<init>(98)) - e944fb0f-9c69-4942-a04f-11c441bc6f70: new RaftServerImpl for group-271963E988D8:[e944fb0f-9c69-4942-a04f-11c441bc6f70:192.168.157.254:41486] with ContainerStateMachine:uninitialized
2019-11-05 17:21:58,133 [pool-327-thread-1] INFO  server.RaftServerConfigKeys (ConfUtils.java:logGet(43)) - raft.server.rpc.timeout.min = 5s (custom)
2019-11-05 17:21:58,133 [pool-327-thread-1] INFO  server.RaftServerConfigKeys (ConfUtils.java:logGet(43)) - raft.server.rpc.timeout.max = 5200ms (custom)
2019-11-05 17:21:58,133 [pool-327-thread-1] INFO  server.RaftServerConfigKeys (ConfUtils.java:logGet(43)) - raft.server.rpcslowness.timeout = 120s (custom)
2019-11-05 17:21:58,133 [pool-327-thread-1] INFO  server.RaftServerConfigKeys (ConfUtils.java:logGet(43)) - raft.server.sleep.deviation.threshold = 300 (default)
2019-11-05 17:21:58,133 [pool-327-thread-1] INFO  server.RaftServerConfigKeys (ConfUtils.java:logGet(43)) - raft.server.log.appender.install.snapshot.enabled = false (custom)
2019-11-05 17:21:58,134 [pool-327-thread-1] INFO  impl.RaftServerImpl (ServerState.java:<init>(103)) - e944fb0f-9c69-4942-a04f-11c441bc6f70@group-271963E988D8: ConfigurationManager, init=-1: [e944fb0f-9c69-4942-a04f-11c441bc6f70:192.168.157.254:41486], old=null, confs=<EMPTY_MAP>
2019-11-05 17:21:58,134 [pool-327-thread-1] INFO  server.RaftServerConfigKeys (ConfUtils.java:logGet(43)) - raft.server.storage.dir = [/workdir/hadoop-ozone/ozonefs/target/test-dir/MiniOzoneClusterImpl-87e11107-06f8-4551-95b5-96682ea7f8da/datanode-0/data/ratis] (custom)
2019-11-05 17:21:58,134 [pool-327-thread-1] INFO  server.RaftServerConfigKeys (ConfUtils.java:logGet(43)) - raft.server.log.corruption.policy = EXCEPTION (default)
2019-11-05 17:21:58,135 [pool-327-thread-1] INFO  storage.RaftStorageDirectory (RaftStorageDirectory.java:analyzeStorage(246)) - The storage directory /workdir/hadoop-ozone/ozonefs/target/test-dir/MiniOzoneClusterImpl-87e11107-06f8-4551-95b5-96682ea7f8da/datanode-0/data/ratis/040b5ed2-a756-428f-ae8f-271963e988d8 does not exist. Creating ...
2019-11-05 17:21:58,166 [pool-327-thread-1] INFO  storage.RaftStorageDirectory (RaftStorageDirectory.java:tryLock(328)) - Lock on /workdir/hadoop-ozone/ozonefs/target/test-dir/MiniOzoneClusterImpl-87e11107-06f8-4551-95b5-96682ea7f8da/datanode-0/data/ratis/040b5ed2-a756-428f-ae8f-271963e988d8/in_use.lock acquired by nodename 1038@pr-hdds-1987-xp2v8-1198919540
2019-11-05 17:21:58,187 [IPC Server handler 0 on 43706] INFO  net.NetworkTopology (NetworkTopologyImpl.java:add(111)) - Added a new node: /default-rack/c6e9e595-8dd2-442e-875f-c70452d718cf
2019-11-05 17:21:58,188 [IPC Server handler 0 on 43706] INFO  node.SCMNodeManager (SCMNodeManager.java:register(267)) - Registered Data node : c6e9e595-8dd2-442e-875f-c70452d718cf{ip: 192.168.157.254, host: pr-hdds-1987-xp2v8-1198919540, networkLocation: /default-rack, certSerialId: null}
2019-11-05 17:21:58,189 [pool-327-thread-1] INFO  storage.RaftStorage (RaftStorage.java:format(84)) - Storage directory /workdir/hadoop-ozone/ozonefs/target/test-dir/MiniOzoneClusterImpl-87e11107-06f8-4551-95b5-96682ea7f8da/datanode-0/data/ratis/040b5ed2-a756-428f-ae8f-271963e988d8 has been successfully formatted.
2019-11-05 17:21:58,190 [pool-327-thread-1] INFO  ratis.ContainerStateMachine (ContainerStateMachine.java:loadSnapshot(231)) - group-271963E988D8: The snapshot info is null. Setting the last applied indexto:(t:0, i:~)
2019-11-05 17:21:58,190 [pool-327-thread-1] INFO  server.RaftServerConfigKeys (ConfUtils.java:logGet(43)) - raft.server.notification.no-leader.timeout = 120s (custom)
2019-11-05 17:21:58,190 [pool-327-thread-1] INFO  server.RaftServerConfigKeys (ConfUtils.java:logGet(43)) - raft.server.log.use.memory = false (default)
2019-11-05 17:21:58,190 [pool-327-thread-1] INFO  server.RaftServerConfigKeys (ConfUtils.java:logGet(43)) - raft.server.log.purge.gap = 1000000 (custom)
2019-11-05 17:21:58,190 [pool-327-thread-1] INFO  server.RaftServerConfigKeys (ConfUtils.java:logGet(43)) - raft.server.log.appender.buffer.byte-limit = 33554432 (custom)
2019-11-05 17:21:58,191 [pool-327-thread-1] INFO  server.RaftServerConfigKeys (ConfUtils.java:logGet(43)) - raft.server.log.segment.size.max = 1048576 (custom)
2019-11-05 17:21:58,191 [pool-327-thread-1] WARN  impl.MetricRegistriesImpl (MetricRegistriesImpl.java:lambda$create$1(61)) - First MetricRegistry has been created without registering reporters. You may need to call MetricRegistries.global().addReportRegistration(...) before.
2019-11-05 17:21:58,191 [pool-327-thread-1] INFO  server.RaftServerConfigKeys (ConfUtils.java:logGet(43)) - raft.server.log.segment.cache.num.max = 2 (custom)
2019-11-05 17:21:58,191 [pool-327-thread-1] INFO  segmented.SegmentedRaftLogWorker (SegmentedRaftLogWorker.java:<init>(173)) - new e944fb0f-9c69-4942-a04f-11c441bc6f70@group-271963E988D8-SegmentedRaftLogWorker for RaftStorage:Storage Directory /workdir/hadoop-ozone/ozonefs/target/test-dir/MiniOzoneClusterImpl-87e11107-06f8-4551-95b5-96682ea7f8da/datanode-0/data/ratis/040b5ed2-a756-428f-ae8f-271963e988d8
2019-11-05 17:21:58,191 [pool-327-thread-1] INFO  server.RaftServerConfigKeys (ConfUtils.java:logGet(43)) - raft.server.log.queue.byte-limit = 2147483647 (custom)
2019-11-05 17:21:58,191 [pool-327-thread-1] INFO  server.RaftServerConfigKeys (ConfUtils.java:logGet(43)) - raft.server.log.queue.element-limit = 1024 (custom)
2019-11-05 17:21:58,192 [pool-327-thread-1] INFO  server.RaftServerConfigKeys (ConfUtils.java:logGet(43)) - raft.server.log.segment.size.max = 1048576 (custom)
2019-11-05 17:21:58,192 [pool-327-thread-1] INFO  server.RaftServerConfigKeys (ConfUtils.java:logGet(43)) - raft.server.log.preallocated.size = 16384 (custom)
2019-11-05 17:21:58,192 [pool-327-thread-1] INFO  server.RaftServerConfigKeys (ConfUtils.java:logGet(43)) - raft.server.log.write.buffer.size = 33554432 (custom)
2019-11-05 17:21:58,192 [pool-327-thread-1] INFO  server.RaftServerConfigKeys (ConfUtils.java:logGet(43)) - raft.server.log.force.sync.num = 128 (default)
2019-11-05 17:21:58,192 [pool-327-thread-1] INFO  server.RaftServerConfigKeys (ConfUtils.java:logGet(43)) - raft.server.log.statemachine.data.sync = true (default)
2019-11-05 17:21:58,192 [pool-327-thread-1] INFO  server.RaftServerConfigKeys (ConfUtils.java:logGet(43)) - raft.server.log.statemachine.data.sync.timeout = 10s (default)
2019-11-05 17:21:58,193 [pool-327-thread-1] INFO  server.RaftServerConfigKeys (ConfUtils.java:logGet(43)) - raft.server.log.statemachine.data.sync.timeout.retry = -1 (default)
2019-11-05 17:21:58,193 [pool-327-thread-1] INFO  server.RaftServerConfigKeys (ConfUtils.java:logGet(43)) - raft.server.log.statemachine.data.caching.enabled = true (custom)
2019-11-05 17:21:58,194 [pool-327-thread-1] INFO  segmented.SegmentedRaftLogWorker (SegmentedRaftLogWorker.java:lambda$new$0(128)) - e944fb0f-9c69-4942-a04f-11c441bc6f70@group-271963E988D8-SegmentedRaftLogWorker: flushIndex: setUnconditionally 0 -> -1
2019-11-05 17:21:58,201 [pool-327-thread-1] INFO  server.RaftServerConfigKeys (ConfUtils.java:logGet(43)) - raft.server.snapshot.auto.trigger.enabled = true (custom)
2019-11-05 17:21:58,201 [pool-327-thread-1] INFO  server.RaftServerConfigKeys (ConfUtils.java:logGet(43)) - raft.server.snapshot.auto.trigger.threshold = 10000 (custom)
2019-11-05 17:21:58,201 [pool-327-thread-1] INFO  server.RaftServerConfigKeys (ConfUtils.java:logGet(43)) - raft.server.snapshot.retention.file.num = 5 (custom)
2019-11-05 17:21:58,202 [pool-327-thread-1] INFO  server.RaftServerConfigKeys (ConfUtils.java:logGet(43)) - raft.server.retrycache.expirytime = 600000ms (custom)
2019-11-05 17:21:58,202 [pool-327-thread-1] WARN  impl.MetricRegistriesImpl (MetricRegistriesImpl.java:lambda$create$1(61)) - First MetricRegistry has been created without registering reporters. You may need to call MetricRegistries.global().addReportRegistration(...) before.
2019-11-05 17:21:58,202 [pool-327-thread-1] WARN  impl.MetricRegistriesImpl (MetricRegistriesImpl.java:lambda$create$1(61)) - First MetricRegistry has been created without registering reporters. You may need to call MetricRegistries.global().addReportRegistration(...) before.
2019-11-05 17:21:58,202 [pool-327-thread-1] INFO  impl.RaftServerImpl (RaftServerImpl.java:start(184)) - e944fb0f-9c69-4942-a04f-11c441bc6f70@group-271963E988D8: start as a follower, conf=-1: [e944fb0f-9c69-4942-a04f-11c441bc6f70:192.168.157.254:41486], old=null
2019-11-05 17:21:58,203 [pool-327-thread-1] INFO  impl.RaftServerImpl (RaftServerImpl.java:setRole(173)) - e944fb0f-9c69-4942-a04f-11c441bc6f70@group-271963E988D8: changes role from      null to FOLLOWER at term 0 for startAsFollower
2019-11-05 17:21:58,203 [pool-327-thread-1] INFO  impl.RoleInfo (RoleInfo.java:updateAndGet(143)) - e944fb0f-9c69-4942-a04f-11c441bc6f70: start FollowerState
2019-11-05 17:21:58,203 [pool-327-thread-1] INFO  util.JmxRegister (JmxRegister.java:tryRegister(44)) - Successfully registered JMX Bean with object name Ratis:service=RaftServer,group=group-271963E988D8,id=e944fb0f-9c69-4942-a04f-11c441bc6f70
2019-11-05 17:21:58,204 [pool-327-thread-1] WARN  impl.MetricRegistriesImpl (MetricRegistriesImpl.java:lambda$create$1(61)) - First MetricRegistry has been created without registering reporters. You may need to call MetricRegistries.global().addReportRegistration(...) before.
2019-11-05 17:21:58,209 [RatisPipelineUtilsThread] INFO  pipeline.PipelineStateManager (PipelineStateManager.java:addPipeline(56)) - Created pipeline Pipeline[ Id: 040b5ed2-a756-428f-ae8f-271963e988d8, Nodes: e944fb0f-9c69-4942-a04f-11c441bc6f70{ip: 192.168.157.254, host: pr-hdds-1987-xp2v8-1198919540, networkLocation: /default-rack, certSerialId: null}, Type:RATIS, Factor:ONE, State:OPEN]
2019-11-05 17:21:58,224 [grpc-default-executor-0] INFO  impl.RaftServerProxy (RaftServerProxy.java:addNew(89)) - c6e9e595-8dd2-442e-875f-c70452d718cf: addNew group-F0516633363F:[c6e9e595-8dd2-442e-875f-c70452d718cf:192.168.157.254:38076] returns group-F0516633363F:java.util.concurrent.CompletableFuture@2f5a05b4[Not completed]
2019-11-05 17:21:58,226 [pool-337-thread-1] INFO  impl.RaftServerImpl (RaftServerImpl.java:<init>(98)) - c6e9e595-8dd2-442e-875f-c70452d718cf: new RaftServerImpl for group-F0516633363F:[c6e9e595-8dd2-442e-875f-c70452d718cf:192.168.157.254:38076] with ContainerStateMachine:uninitialized
2019-11-05 17:21:58,226 [pool-337-thread-1] INFO  server.RaftServerConfigKeys (ConfUtils.java:logGet(43)) - raft.server.rpc.timeout.min = 5s (custom)
2019-11-05 17:21:58,227 [pool-337-thread-1] INFO  server.RaftServerConfigKeys (ConfUtils.java:logGet(43)) - raft.server.rpc.timeout.max = 5200ms (custom)
2019-11-05 17:21:58,227 [pool-337-thread-1] INFO  server.RaftServerConfigKeys (ConfUtils.java:logGet(43)) - raft.server.rpcslowness.timeout = 120s (custom)
2019-11-05 17:21:58,227 [pool-337-thread-1] INFO  server.RaftServerConfigKeys (ConfUtils.java:logGet(43)) - raft.server.sleep.deviation.threshold = 300 (default)
2019-11-05 17:21:58,227 [pool-337-thread-1] INFO  server.RaftServerConfigKeys (ConfUtils.java:logGet(43)) - raft.server.log.appender.install.snapshot.enabled = false (custom)
2019-11-05 17:21:58,227 [pool-337-thread-1] INFO  impl.RaftServerImpl (ServerState.java:<init>(103)) - c6e9e595-8dd2-442e-875f-c70452d718cf@group-F0516633363F: ConfigurationManager, init=-1: [c6e9e595-8dd2-442e-875f-c70452d718cf:192.168.157.254:38076], old=null, confs=<EMPTY_MAP>
2019-11-05 17:21:58,228 [pool-337-thread-1] INFO  server.RaftServerConfigKeys (ConfUtils.java:logGet(43)) - raft.server.storage.dir = [/workdir/hadoop-ozone/ozonefs/target/test-dir/MiniOzoneClusterImpl-87e11107-06f8-4551-95b5-96682ea7f8da/datanode-1/data/ratis] (custom)
2019-11-05 17:21:58,228 [pool-337-thread-1] INFO  server.RaftServerConfigKeys (ConfUtils.java:logGet(43)) - raft.server.log.corruption.policy = EXCEPTION (default)
2019-11-05 17:21:58,228 [pool-337-thread-1] INFO  storage.RaftStorageDirectory (RaftStorageDirectory.java:analyzeStorage(246)) - The storage directory /workdir/hadoop-ozone/ozonefs/target/test-dir/MiniOzoneClusterImpl-87e11107-06f8-4551-95b5-96682ea7f8da/datanode-1/data/ratis/88b05a1f-c8c5-4940-a781-f0516633363f does not exist. Creating ...
2019-11-05 17:21:58,249 [pool-337-thread-1] INFO  storage.RaftStorageDirectory (RaftStorageDirectory.java:tryLock(328)) - Lock on /workdir/hadoop-ozone/ozonefs/target/test-dir/MiniOzoneClusterImpl-87e11107-06f8-4551-95b5-96682ea7f8da/datanode-1/data/ratis/88b05a1f-c8c5-4940-a781-f0516633363f/in_use.lock acquired by nodename 1038@pr-hdds-1987-xp2v8-1198919540
2019-11-05 17:21:58,289 [pool-337-thread-1] INFO  storage.RaftStorage (RaftStorage.java:format(84)) - Storage directory /workdir/hadoop-ozone/ozonefs/target/test-dir/MiniOzoneClusterImpl-87e11107-06f8-4551-95b5-96682ea7f8da/datanode-1/data/ratis/88b05a1f-c8c5-4940-a781-f0516633363f has been successfully formatted.
2019-11-05 17:21:58,290 [pool-337-thread-1] INFO  ratis.ContainerStateMachine (ContainerStateMachine.java:loadSnapshot(231)) - group-F0516633363F: The snapshot info is null. Setting the last applied indexto:(t:0, i:~)
2019-11-05 17:21:58,290 [pool-337-thread-1] INFO  server.RaftServerConfigKeys (ConfUtils.java:logGet(43)) - raft.server.notification.no-leader.timeout = 120s (custom)
2019-11-05 17:21:58,290 [pool-337-thread-1] INFO  server.RaftServerConfigKeys (ConfUtils.java:logGet(43)) - raft.server.log.use.memory = false (default)
2019-11-05 17:21:58,290 [pool-337-thread-1] INFO  server.RaftServerConfigKeys (ConfUtils.java:logGet(43)) - raft.server.log.purge.gap = 1000000 (custom)
2019-11-05 17:21:58,290 [pool-337-thread-1] INFO  server.RaftServerConfigKeys (ConfUtils.java:logGet(43)) - raft.server.log.appender.buffer.byte-limit = 33554432 (custom)
2019-11-05 17:21:58,291 [pool-337-thread-1] INFO  server.RaftServerConfigKeys (ConfUtils.java:logGet(43)) - raft.server.log.segment.size.max = 1048576 (custom)
2019-11-05 17:21:58,291 [pool-337-thread-1] WARN  impl.MetricRegistriesImpl (MetricRegistriesImpl.java:lambda$create$1(61)) - First MetricRegistry has been created without registering reporters. You may need to call MetricRegistries.global().addReportRegistration(...) before.
2019-11-05 17:21:58,291 [pool-337-thread-1] INFO  server.RaftServerConfigKeys (ConfUtils.java:logGet(43)) - raft.server.log.segment.cache.num.max = 2 (custom)
2019-11-05 17:21:58,291 [pool-337-thread-1] INFO  segmented.SegmentedRaftLogWorker (SegmentedRaftLogWorker.java:<init>(173)) - new c6e9e595-8dd2-442e-875f-c70452d718cf@group-F0516633363F-SegmentedRaftLogWorker for RaftStorage:Storage Directory /workdir/hadoop-ozone/ozonefs/target/test-dir/MiniOzoneClusterImpl-87e11107-06f8-4551-95b5-96682ea7f8da/datanode-1/data/ratis/88b05a1f-c8c5-4940-a781-f0516633363f
2019-11-05 17:21:58,291 [pool-337-thread-1] INFO  server.RaftServerConfigKeys (ConfUtils.java:logGet(43)) - raft.server.log.queue.byte-limit = 2147483647 (custom)
2019-11-05 17:21:58,291 [pool-337-thread-1] INFO  server.RaftServerConfigKeys (ConfUtils.java:logGet(43)) - raft.server.log.queue.element-limit = 1024 (custom)
2019-11-05 17:21:58,292 [pool-337-thread-1] INFO  server.RaftServerConfigKeys (ConfUtils.java:logGet(43)) - raft.server.log.segment.size.max = 1048576 (custom)
2019-11-05 17:21:58,292 [pool-337-thread-1] INFO  server.RaftServerConfigKeys (ConfUtils.java:logGet(43)) - raft.server.log.preallocated.size = 16384 (custom)
2019-11-05 17:21:58,292 [pool-337-thread-1] INFO  server.RaftServerConfigKeys (ConfUtils.java:logGet(43)) - raft.server.log.write.buffer.size = 33554432 (custom)
2019-11-05 17:21:58,292 [pool-337-thread-1] INFO  server.RaftServerConfigKeys (ConfUtils.java:logGet(43)) - raft.server.log.force.sync.num = 128 (default)
2019-11-05 17:21:58,292 [pool-337-thread-1] INFO  server.RaftServerConfigKeys (ConfUtils.java:logGet(43)) - raft.server.log.statemachine.data.sync = true (default)
2019-11-05 17:21:58,292 [pool-337-thread-1] INFO  server.RaftServerConfigKeys (ConfUtils.java:logGet(43)) - raft.server.log.statemachine.data.sync.timeout = 10s (default)
2019-11-05 17:21:58,293 [pool-337-thread-1] INFO  server.RaftServerConfigKeys (ConfUtils.java:logGet(43)) - raft.server.log.statemachine.data.sync.timeout.retry = -1 (default)
2019-11-05 17:21:58,293 [pool-337-thread-1] INFO  server.RaftServerConfigKeys (ConfUtils.java:logGet(43)) - raft.server.log.statemachine.data.caching.enabled = true (custom)
2019-11-05 17:21:58,293 [pool-337-thread-1] INFO  segmented.SegmentedRaftLogWorker (SegmentedRaftLogWorker.java:lambda$new$0(128)) - c6e9e595-8dd2-442e-875f-c70452d718cf@group-F0516633363F-SegmentedRaftLogWorker: flushIndex: setUnconditionally 0 -> -1
2019-11-05 17:21:58,294 [pool-337-thread-1] INFO  server.RaftServerConfigKeys (ConfUtils.java:logGet(43)) - raft.server.snapshot.auto.trigger.enabled = true (custom)
2019-11-05 17:21:58,294 [pool-337-thread-1] INFO  server.RaftServerConfigKeys (ConfUtils.java:logGet(43)) - raft.server.snapshot.auto.trigger.threshold = 10000 (custom)
2019-11-05 17:21:58,296 [pool-337-thread-1] INFO  server.RaftServerConfigKeys (ConfUtils.java:logGet(43)) - raft.server.snapshot.retention.file.num = 5 (custom)
2019-11-05 17:21:58,296 [pool-337-thread-1] INFO  server.RaftServerConfigKeys (ConfUtils.java:logGet(43)) - raft.server.retrycache.expirytime = 600000ms (custom)
2019-11-05 17:21:58,296 [pool-337-thread-1] WARN  impl.MetricRegistriesImpl (MetricRegistriesImpl.java:lambda$create$1(61)) - First MetricRegistry has been created without registering reporters. You may need to call MetricRegistries.global().addReportRegistration(...) before.
2019-11-05 17:21:58,297 [pool-337-thread-1] WARN  impl.MetricRegistriesImpl (MetricRegistriesImpl.java:lambda$create$1(61)) - First MetricRegistry has been created without registering reporters. You may need to call MetricRegistries.global().addReportRegistration(...) before.
2019-11-05 17:21:58,298 [pool-337-thread-1] INFO  impl.RaftServerImpl (RaftServerImpl.java:start(184)) - c6e9e595-8dd2-442e-875f-c70452d718cf@group-F0516633363F: start as a follower, conf=-1: [c6e9e595-8dd2-442e-875f-c70452d718cf:192.168.157.254:38076], old=null
2019-11-05 17:21:58,298 [pool-337-thread-1] INFO  impl.RaftServerImpl (RaftServerImpl.java:setRole(173)) - c6e9e595-8dd2-442e-875f-c70452d718cf@group-F0516633363F: changes role from      null to FOLLOWER at term 0 for startAsFollower
2019-11-05 17:21:58,298 [pool-337-thread-1] INFO  impl.RoleInfo (RoleInfo.java:updateAndGet(143)) - c6e9e595-8dd2-442e-875f-c70452d718cf: start FollowerState
2019-11-05 17:21:58,298 [pool-337-thread-1] INFO  util.JmxRegister (JmxRegister.java:tryRegister(44)) - Successfully registered JMX Bean with object name Ratis:service=RaftServer,group=group-F0516633363F,id=c6e9e595-8dd2-442e-875f-c70452d718cf
2019-11-05 17:21:58,299 [pool-337-thread-1] WARN  impl.MetricRegistriesImpl (MetricRegistriesImpl.java:lambda$create$1(61)) - First MetricRegistry has been created without registering reporters. You may need to call MetricRegistries.global().addReportRegistration(...) before.
2019-11-05 17:21:58,329 [RatisPipelineUtilsThread] INFO  pipeline.PipelineStateManager (PipelineStateManager.java:addPipeline(56)) - Created pipeline Pipeline[ Id: 88b05a1f-c8c5-4940-a781-f0516633363f, Nodes: c6e9e595-8dd2-442e-875f-c70452d718cf{ip: 192.168.157.254, host: pr-hdds-1987-xp2v8-1198919540, networkLocation: /default-rack, certSerialId: null}, Type:RATIS, Factor:ONE, State:OPEN]
2019-11-05 17:21:58,491 [Thread-1309] INFO  ozone.MiniOzoneClusterImpl (MiniOzoneClusterImpl.java:lambda$waitForClusterToBeReady$0(147)) - Waiting for cluster to be ready. Got 2 of 3 DN Heartbeats.
2019-11-05 17:21:58,617 [IPC Server handler 4 on 43706] INFO  net.NetworkTopology (NetworkTopologyImpl.java:add(111)) - Added a new node: /default-rack/e0cdae1a-9ede-4a2c-8b90-19bce8e25fba
2019-11-05 17:21:58,617 [IPC Server handler 4 on 43706] INFO  node.SCMNodeManager (SCMNodeManager.java:register(267)) - Registered Data node : e0cdae1a-9ede-4a2c-8b90-19bce8e25fba{ip: 192.168.157.254, host: pr-hdds-1987-xp2v8-1198919540, networkLocation: /default-rack, certSerialId: null}
2019-11-05 17:21:58,632 [grpc-default-executor-0] INFO  impl.RaftServerProxy (RaftServerProxy.java:addNew(89)) - e0cdae1a-9ede-4a2c-8b90-19bce8e25fba: addNew group-BE71EF97D3BD:[e0cdae1a-9ede-4a2c-8b90-19bce8e25fba:192.168.157.254:42168] returns group-BE71EF97D3BD:java.util.concurrent.CompletableFuture@4bd62768[Not completed]
2019-11-05 17:21:58,635 [pool-347-thread-1] INFO  impl.RaftServerImpl (RaftServerImpl.java:<init>(98)) - e0cdae1a-9ede-4a2c-8b90-19bce8e25fba: new RaftServerImpl for group-BE71EF97D3BD:[e0cdae1a-9ede-4a2c-8b90-19bce8e25fba:192.168.157.254:42168] with ContainerStateMachine:uninitialized
2019-11-05 17:21:58,635 [pool-347-thread-1] INFO  server.RaftServerConfigKeys (ConfUtils.java:logGet(43)) - raft.server.rpc.timeout.min = 5s (custom)
2019-11-05 17:21:58,635 [pool-347-thread-1] INFO  server.RaftServerConfigKeys (ConfUtils.java:logGet(43)) - raft.server.rpc.timeout.max = 5200ms (custom)
2019-11-05 17:21:58,635 [pool-347-thread-1] INFO  server.RaftServerConfigKeys (ConfUtils.java:logGet(43)) - raft.server.rpcslowness.timeout = 120s (custom)
2019-11-05 17:21:58,636 [pool-347-thread-1] INFO  server.RaftServerConfigKeys (ConfUtils.java:logGet(43)) - raft.server.sleep.deviation.threshold = 300 (default)
2019-11-05 17:21:58,636 [pool-347-thread-1] INFO  server.RaftServerConfigKeys (ConfUtils.java:logGet(43)) - raft.server.log.appender.install.snapshot.enabled = false (custom)
2019-11-05 17:21:58,636 [pool-347-thread-1] INFO  impl.RaftServerImpl (ServerState.java:<init>(103)) - e0cdae1a-9ede-4a2c-8b90-19bce8e25fba@group-BE71EF97D3BD: ConfigurationManager, init=-1: [e0cdae1a-9ede-4a2c-8b90-19bce8e25fba:192.168.157.254:42168], old=null, confs=<EMPTY_MAP>
2019-11-05 17:21:58,636 [pool-347-thread-1] INFO  server.RaftServerConfigKeys (ConfUtils.java:logGet(43)) - raft.server.storage.dir = [/workdir/hadoop-ozone/ozonefs/target/test-dir/MiniOzoneClusterImpl-87e11107-06f8-4551-95b5-96682ea7f8da/datanode-2/data/ratis] (custom)
2019-11-05 17:21:58,636 [pool-347-thread-1] INFO  server.RaftServerConfigKeys (ConfUtils.java:logGet(43)) - raft.server.log.corruption.policy = EXCEPTION (default)
2019-11-05 17:21:58,637 [pool-347-thread-1] INFO  storage.RaftStorageDirectory (RaftStorageDirectory.java:analyzeStorage(246)) - The storage directory /workdir/hadoop-ozone/ozonefs/target/test-dir/MiniOzoneClusterImpl-87e11107-06f8-4551-95b5-96682ea7f8da/datanode-2/data/ratis/0d23cf57-dbc0-4171-80b6-be71ef97d3bd does not exist. Creating ...
2019-11-05 17:21:58,680 [pool-347-thread-1] INFO  storage.RaftStorageDirectory (RaftStorageDirectory.java:tryLock(328)) - Lock on /workdir/hadoop-ozone/ozonefs/target/test-dir/MiniOzoneClusterImpl-87e11107-06f8-4551-95b5-96682ea7f8da/datanode-2/data/ratis/0d23cf57-dbc0-4171-80b6-be71ef97d3bd/in_use.lock acquired by nodename 1038@pr-hdds-1987-xp2v8-1198919540
2019-11-05 17:21:58,708 [pool-347-thread-1] INFO  storage.RaftStorage (RaftStorage.java:format(84)) - Storage directory /workdir/hadoop-ozone/ozonefs/target/test-dir/MiniOzoneClusterImpl-87e11107-06f8-4551-95b5-96682ea7f8da/datanode-2/data/ratis/0d23cf57-dbc0-4171-80b6-be71ef97d3bd has been successfully formatted.
2019-11-05 17:21:58,709 [pool-347-thread-1] INFO  ratis.ContainerStateMachine (ContainerStateMachine.java:loadSnapshot(231)) - group-BE71EF97D3BD: The snapshot info is null. Setting the last applied indexto:(t:0, i:~)
2019-11-05 17:21:58,709 [pool-347-thread-1] INFO  server.RaftServerConfigKeys (ConfUtils.java:logGet(43)) - raft.server.notification.no-leader.timeout = 120s (custom)
2019-11-05 17:21:58,709 [pool-347-thread-1] INFO  server.RaftServerConfigKeys (ConfUtils.java:logGet(43)) - raft.server.log.use.memory = false (default)
2019-11-05 17:21:58,709 [pool-347-thread-1] INFO  server.RaftServerConfigKeys (ConfUtils.java:logGet(43)) - raft.server.log.purge.gap = 1000000 (custom)
2019-11-05 17:21:58,710 [pool-347-thread-1] INFO  server.RaftServerConfigKeys (ConfUtils.java:logGet(43)) - raft.server.log.appender.buffer.byte-limit = 33554432 (custom)
2019-11-05 17:21:58,710 [pool-347-thread-1] INFO  server.RaftServerConfigKeys (ConfUtils.java:logGet(43)) - raft.server.log.segment.size.max = 1048576 (custom)
2019-11-05 17:21:58,710 [pool-347-thread-1] WARN  impl.MetricRegistriesImpl (MetricRegistriesImpl.java:lambda$create$1(61)) - First MetricRegistry has been created without registering reporters. You may need to call MetricRegistries.global().addReportRegistration(...) before.
2019-11-05 17:21:58,710 [pool-347-thread-1] INFO  server.RaftServerConfigKeys (ConfUtils.java:logGet(43)) - raft.server.log.segment.cache.num.max = 2 (custom)
2019-11-05 17:21:58,710 [pool-347-thread-1] INFO  segmented.SegmentedRaftLogWorker (SegmentedRaftLogWorker.java:<init>(173)) - new e0cdae1a-9ede-4a2c-8b90-19bce8e25fba@group-BE71EF97D3BD-SegmentedRaftLogWorker for RaftStorage:Storage Directory /workdir/hadoop-ozone/ozonefs/target/test-dir/MiniOzoneClusterImpl-87e11107-06f8-4551-95b5-96682ea7f8da/datanode-2/data/ratis/0d23cf57-dbc0-4171-80b6-be71ef97d3bd
2019-11-05 17:21:58,710 [pool-347-thread-1] INFO  server.RaftServerConfigKeys (ConfUtils.java:logGet(43)) - raft.server.log.queue.byte-limit = 2147483647 (custom)
2019-11-05 17:21:58,711 [pool-347-thread-1] INFO  server.RaftServerConfigKeys (ConfUtils.java:logGet(43)) - raft.server.log.queue.element-limit = 1024 (custom)
2019-11-05 17:21:58,711 [pool-347-thread-1] INFO  server.RaftServerConfigKeys (ConfUtils.java:logGet(43)) - raft.server.log.segment.size.max = 1048576 (custom)
2019-11-05 17:21:58,711 [pool-347-thread-1] INFO  server.RaftServerConfigKeys (ConfUtils.java:logGet(43)) - raft.server.log.preallocated.size = 16384 (custom)
2019-11-05 17:21:58,711 [pool-347-thread-1] INFO  server.RaftServerConfigKeys (ConfUtils.java:logGet(43)) - raft.server.log.write.buffer.size = 33554432 (custom)
2019-11-05 17:21:58,711 [pool-347-thread-1] INFO  server.RaftServerConfigKeys (ConfUtils.java:logGet(43)) - raft.server.log.force.sync.num = 128 (default)
2019-11-05 17:21:58,711 [pool-347-thread-1] INFO  server.RaftServerConfigKeys (ConfUtils.java:logGet(43)) - raft.server.log.statemachine.data.sync = true (default)
2019-11-05 17:21:58,712 [pool-347-thread-1] INFO  server.RaftServerConfigKeys (ConfUtils.java:logGet(43)) - raft.server.log.statemachine.data.sync.timeout = 10s (default)
2019-11-05 17:21:58,712 [pool-347-thread-1] INFO  server.RaftServerConfigKeys (ConfUtils.java:logGet(43)) - raft.server.log.statemachine.data.sync.timeout.retry = -1 (default)
2019-11-05 17:21:58,712 [pool-347-thread-1] INFO  server.RaftServerConfigKeys (ConfUtils.java:logGet(43)) - raft.server.log.statemachine.data.caching.enabled = true (custom)
2019-11-05 17:21:58,716 [pool-347-thread-1] INFO  segmented.SegmentedRaftLogWorker (SegmentedRaftLogWorker.java:lambda$new$0(128)) - e0cdae1a-9ede-4a2c-8b90-19bce8e25fba@group-BE71EF97D3BD-SegmentedRaftLogWorker: flushIndex: setUnconditionally 0 -> -1
2019-11-05 17:21:58,732 [pool-347-thread-1] INFO  server.RaftServerConfigKeys (ConfUtils.java:logGet(43)) - raft.server.snapshot.auto.trigger.enabled = true (custom)
2019-11-05 17:21:58,732 [pool-347-thread-1] INFO  server.RaftServerConfigKeys (ConfUtils.java:logGet(43)) - raft.server.snapshot.auto.trigger.threshold = 10000 (custom)
2019-11-05 17:21:58,732 [pool-347-thread-1] INFO  server.RaftServerConfigKeys (ConfUtils.java:logGet(43)) - raft.server.snapshot.retention.file.num = 5 (custom)
2019-11-05 17:21:58,733 [pool-347-thread-1] INFO  server.RaftServerConfigKeys (ConfUtils.java:logGet(43)) - raft.server.retrycache.expirytime = 600000ms (custom)
2019-11-05 17:21:58,733 [pool-347-thread-1] WARN  impl.MetricRegistriesImpl (MetricRegistriesImpl.java:lambda$create$1(61)) - First MetricRegistry has been created without registering reporters. You may need to call MetricRegistries.global().addReportRegistration(...) before.
2019-11-05 17:21:58,733 [pool-347-thread-1] WARN  impl.MetricRegistriesImpl (MetricRegistriesImpl.java:lambda$create$1(61)) - First MetricRegistry has been created without registering reporters. You may need to call MetricRegistries.global().addReportRegistration(...) before.
2019-11-05 17:21:58,733 [pool-347-thread-1] INFO  impl.RaftServerImpl (RaftServerImpl.java:start(184)) - e0cdae1a-9ede-4a2c-8b90-19bce8e25fba@group-BE71EF97D3BD: start as a follower, conf=-1: [e0cdae1a-9ede-4a2c-8b90-19bce8e25fba:192.168.157.254:42168], old=null
2019-11-05 17:21:58,734 [pool-347-thread-1] INFO  impl.RaftServerImpl (RaftServerImpl.java:setRole(173)) - e0cdae1a-9ede-4a2c-8b90-19bce8e25fba@group-BE71EF97D3BD: changes role from      null to FOLLOWER at term 0 for startAsFollower
2019-11-05 17:21:58,734 [pool-347-thread-1] INFO  impl.RoleInfo (RoleInfo.java:updateAndGet(143)) - e0cdae1a-9ede-4a2c-8b90-19bce8e25fba: start FollowerState
2019-11-05 17:21:58,742 [pool-347-thread-1] INFO  util.JmxRegister (JmxRegister.java:tryRegister(44)) - Successfully registered JMX Bean with object name Ratis:service=RaftServer,group=group-BE71EF97D3BD,id=e0cdae1a-9ede-4a2c-8b90-19bce8e25fba
2019-11-05 17:21:58,744 [pool-347-thread-1] WARN  impl.MetricRegistriesImpl (MetricRegistriesImpl.java:lambda$create$1(61)) - First MetricRegistry has been created without registering reporters. You may need to call MetricRegistries.global().addReportRegistration(...) before.
2019-11-05 17:21:58,799 [RatisPipelineUtilsThread] INFO  pipeline.PipelineStateManager (PipelineStateManager.java:addPipeline(56)) - Created pipeline Pipeline[ Id: 0d23cf57-dbc0-4171-80b6-be71ef97d3bd, Nodes: e0cdae1a-9ede-4a2c-8b90-19bce8e25fba{ip: 192.168.157.254, host: pr-hdds-1987-xp2v8-1198919540, networkLocation: /default-rack, certSerialId: null}, Type:RATIS, Factor:ONE, State:OPEN]
2019-11-05 17:21:58,831 [grpc-default-executor-0] INFO  impl.RaftServerProxy (RaftServerProxy.java:addNew(89)) - e0cdae1a-9ede-4a2c-8b90-19bce8e25fba: addNew group-6A9B9EED928F:[c6e9e595-8dd2-442e-875f-c70452d718cf:192.168.157.254:38076, e944fb0f-9c69-4942-a04f-11c441bc6f70:192.168.157.254:41486, e0cdae1a-9ede-4a2c-8b90-19bce8e25fba:192.168.157.254:42168] returns group-6A9B9EED928F:java.util.concurrent.CompletableFuture@58f8b78c[Not completed]
2019-11-05 17:21:58,832 [pool-347-thread-1] INFO  impl.RaftServerImpl (RaftServerImpl.java:<init>(98)) - e0cdae1a-9ede-4a2c-8b90-19bce8e25fba: new RaftServerImpl for group-6A9B9EED928F:[c6e9e595-8dd2-442e-875f-c70452d718cf:192.168.157.254:38076, e944fb0f-9c69-4942-a04f-11c441bc6f70:192.168.157.254:41486, e0cdae1a-9ede-4a2c-8b90-19bce8e25fba:192.168.157.254:42168] with ContainerStateMachine:uninitialized
2019-11-05 17:21:58,833 [pool-347-thread-1] INFO  server.RaftServerConfigKeys (ConfUtils.java:logGet(43)) - raft.server.rpc.timeout.min = 5s (custom)
2019-11-05 17:21:58,833 [pool-347-thread-1] INFO  server.RaftServerConfigKeys (ConfUtils.java:logGet(43)) - raft.server.rpc.timeout.max = 5200ms (custom)
2019-11-05 17:21:58,833 [pool-347-thread-1] INFO  server.RaftServerConfigKeys (ConfUtils.java:logGet(43)) - raft.server.rpcslowness.timeout = 120s (custom)
2019-11-05 17:21:58,833 [pool-347-thread-1] INFO  server.RaftServerConfigKeys (ConfUtils.java:logGet(43)) - raft.server.sleep.deviation.threshold = 300 (default)
2019-11-05 17:21:58,833 [pool-347-thread-1] INFO  server.RaftServerConfigKeys (ConfUtils.java:logGet(43)) - raft.server.log.appender.install.snapshot.enabled = false (custom)
2019-11-05 17:21:58,833 [pool-347-thread-1] INFO  impl.RaftServerImpl (ServerState.java:<init>(103)) - e0cdae1a-9ede-4a2c-8b90-19bce8e25fba@group-6A9B9EED928F: ConfigurationManager, init=-1: [c6e9e595-8dd2-442e-875f-c70452d718cf:192.168.157.254:38076, e944fb0f-9c69-4942-a04f-11c441bc6f70:192.168.157.254:41486, e0cdae1a-9ede-4a2c-8b90-19bce8e25fba:192.168.157.254:42168], old=null, confs=<EMPTY_MAP>
2019-11-05 17:21:58,833 [pool-347-thread-1] INFO  server.RaftServerConfigKeys (ConfUtils.java:logGet(43)) - raft.server.storage.dir = [/workdir/hadoop-ozone/ozonefs/target/test-dir/MiniOzoneClusterImpl-87e11107-06f8-4551-95b5-96682ea7f8da/datanode-2/data/ratis] (custom)
2019-11-05 17:21:58,834 [pool-347-thread-1] INFO  server.RaftServerConfigKeys (ConfUtils.java:logGet(43)) - raft.server.log.corruption.policy = EXCEPTION (default)
2019-11-05 17:21:58,838 [grpc-default-executor-0] INFO  impl.RaftServerProxy (RaftServerProxy.java:addNew(89)) - c6e9e595-8dd2-442e-875f-c70452d718cf: addNew group-6A9B9EED928F:[c6e9e595-8dd2-442e-875f-c70452d718cf:192.168.157.254:38076, e944fb0f-9c69-4942-a04f-11c441bc6f70:192.168.157.254:41486, e0cdae1a-9ede-4a2c-8b90-19bce8e25fba:192.168.157.254:42168] returns group-6A9B9EED928F:java.util.concurrent.CompletableFuture@5a4d003d[Not completed]
2019-11-05 17:21:58,838 [pool-347-thread-1] INFO  storage.RaftStorageDirectory (RaftStorageDirectory.java:analyzeStorage(246)) - The storage directory /workdir/hadoop-ozone/ozonefs/target/test-dir/MiniOzoneClusterImpl-87e11107-06f8-4551-95b5-96682ea7f8da/datanode-2/data/ratis/44855d4e-941f-4192-bb07-6a9b9eed928f does not exist. Creating ...
2019-11-05 17:21:58,840 [pool-337-thread-1] INFO  impl.RaftServerImpl (RaftServerImpl.java:<init>(98)) - c6e9e595-8dd2-442e-875f-c70452d718cf: new RaftServerImpl for group-6A9B9EED928F:[c6e9e595-8dd2-442e-875f-c70452d718cf:192.168.157.254:38076, e944fb0f-9c69-4942-a04f-11c441bc6f70:192.168.157.254:41486, e0cdae1a-9ede-4a2c-8b90-19bce8e25fba:192.168.157.254:42168] with ContainerStateMachine:uninitialized
2019-11-05 17:21:58,840 [pool-337-thread-1] INFO  server.RaftServerConfigKeys (ConfUtils.java:logGet(43)) - raft.server.rpc.timeout.min = 5s (custom)
2019-11-05 17:21:58,841 [pool-337-thread-1] INFO  server.RaftServerConfigKeys (ConfUtils.java:logGet(43)) - raft.server.rpc.timeout.max = 5200ms (custom)
2019-11-05 17:21:58,841 [pool-337-thread-1] INFO  server.RaftServerConfigKeys (ConfUtils.java:logGet(43)) - raft.server.rpcslowness.timeout = 120s (custom)
2019-11-05 17:21:58,841 [pool-337-thread-1] INFO  server.RaftServerConfigKeys (ConfUtils.java:logGet(43)) - raft.server.sleep.deviation.threshold = 300 (default)
2019-11-05 17:21:58,841 [pool-337-thread-1] INFO  server.RaftServerConfigKeys (ConfUtils.java:logGet(43)) - raft.server.log.appender.install.snapshot.enabled = false (custom)
2019-11-05 17:21:58,841 [pool-337-thread-1] INFO  impl.RaftServerImpl (ServerState.java:<init>(103)) - c6e9e595-8dd2-442e-875f-c70452d718cf@group-6A9B9EED928F: ConfigurationManager, init=-1: [c6e9e595-8dd2-442e-875f-c70452d718cf:192.168.157.254:38076, e944fb0f-9c69-4942-a04f-11c441bc6f70:192.168.157.254:41486, e0cdae1a-9ede-4a2c-8b90-19bce8e25fba:192.168.157.254:42168], old=null, confs=<EMPTY_MAP>
2019-11-05 17:21:58,841 [pool-337-thread-1] INFO  server.RaftServerConfigKeys (ConfUtils.java:logGet(43)) - raft.server.storage.dir = [/workdir/hadoop-ozone/ozonefs/target/test-dir/MiniOzoneClusterImpl-87e11107-06f8-4551-95b5-96682ea7f8da/datanode-1/data/ratis] (custom)
2019-11-05 17:21:58,841 [pool-337-thread-1] INFO  server.RaftServerConfigKeys (ConfUtils.java:logGet(43)) - raft.server.log.corruption.policy = EXCEPTION (default)
2019-11-05 17:21:58,842 [pool-337-thread-1] INFO  storage.RaftStorageDirectory (RaftStorageDirectory.java:analyzeStorage(246)) - The storage directory /workdir/hadoop-ozone/ozonefs/target/test-dir/MiniOzoneClusterImpl-87e11107-06f8-4551-95b5-96682ea7f8da/datanode-1/data/ratis/44855d4e-941f-4192-bb07-6a9b9eed928f does not exist. Creating ...
2019-11-05 17:21:58,869 [grpc-default-executor-2] INFO  impl.RaftServerProxy (RaftServerProxy.java:addNew(89)) - e944fb0f-9c69-4942-a04f-11c441bc6f70: addNew group-6A9B9EED928F:[c6e9e595-8dd2-442e-875f-c70452d718cf:192.168.157.254:38076, e944fb0f-9c69-4942-a04f-11c441bc6f70:192.168.157.254:41486, e0cdae1a-9ede-4a2c-8b90-19bce8e25fba:192.168.157.254:42168] returns group-6A9B9EED928F:java.util.concurrent.CompletableFuture@12210f2b[Not completed]
2019-11-05 17:21:58,871 [pool-327-thread-1] INFO  impl.RaftServerImpl (RaftServerImpl.java:<init>(98)) - e944fb0f-9c69-4942-a04f-11c441bc6f70: new RaftServerImpl for group-6A9B9EED928F:[c6e9e595-8dd2-442e-875f-c70452d718cf:192.168.157.254:38076, e944fb0f-9c69-4942-a04f-11c441bc6f70:192.168.157.254:41486, e0cdae1a-9ede-4a2c-8b90-19bce8e25fba:192.168.157.254:42168] with ContainerStateMachine:uninitialized
2019-11-05 17:21:58,871 [pool-327-thread-1] INFO  server.RaftServerConfigKeys (ConfUtils.java:logGet(43)) - raft.server.rpc.timeout.min = 5s (custom)
2019-11-05 17:21:58,871 [pool-327-thread-1] INFO  server.RaftServerConfigKeys (ConfUtils.java:logGet(43)) - raft.server.rpc.timeout.max = 5200ms (custom)
2019-11-05 17:21:58,872 [pool-327-thread-1] INFO  server.RaftServerConfigKeys (ConfUtils.java:logGet(43)) - raft.server.rpcslowness.timeout = 120s (custom)
2019-11-05 17:21:58,872 [pool-327-thread-1] INFO  server.RaftServerConfigKeys (ConfUtils.java:logGet(43)) - raft.server.sleep.deviation.threshold = 300 (default)
2019-11-05 17:21:58,872 [pool-327-thread-1] INFO  server.RaftServerConfigKeys (ConfUtils.java:logGet(43)) - raft.server.log.appender.install.snapshot.enabled = false (custom)
2019-11-05 17:21:58,872 [pool-327-thread-1] INFO  impl.RaftServerImpl (ServerState.java:<init>(103)) - e944fb0f-9c69-4942-a04f-11c441bc6f70@group-6A9B9EED928F: ConfigurationManager, init=-1: [c6e9e595-8dd2-442e-875f-c70452d718cf:192.168.157.254:38076, e944fb0f-9c69-4942-a04f-11c441bc6f70:192.168.157.254:41486, e0cdae1a-9ede-4a2c-8b90-19bce8e25fba:192.168.157.254:42168], old=null, confs=<EMPTY_MAP>
2019-11-05 17:21:58,872 [pool-327-thread-1] INFO  server.RaftServerConfigKeys (ConfUtils.java:logGet(43)) - raft.server.storage.dir = [/workdir/hadoop-ozone/ozonefs/target/test-dir/MiniOzoneClusterImpl-87e11107-06f8-4551-95b5-96682ea7f8da/datanode-0/data/ratis] (custom)
2019-11-05 17:21:58,872 [pool-327-thread-1] INFO  server.RaftServerConfigKeys (ConfUtils.java:logGet(43)) - raft.server.log.corruption.policy = EXCEPTION (default)
2019-11-05 17:21:58,873 [pool-327-thread-1] INFO  storage.RaftStorageDirectory (RaftStorageDirectory.java:analyzeStorage(246)) - The storage directory /workdir/hadoop-ozone/ozonefs/target/test-dir/MiniOzoneClusterImpl-87e11107-06f8-4551-95b5-96682ea7f8da/datanode-0/data/ratis/44855d4e-941f-4192-bb07-6a9b9eed928f does not exist. Creating ...
2019-11-05 17:21:58,878 [pool-337-thread-1] INFO  storage.RaftStorageDirectory (RaftStorageDirectory.java:tryLock(328)) - Lock on /workdir/hadoop-ozone/ozonefs/target/test-dir/MiniOzoneClusterImpl-87e11107-06f8-4551-95b5-96682ea7f8da/datanode-1/data/ratis/44855d4e-941f-4192-bb07-6a9b9eed928f/in_use.lock acquired by nodename 1038@pr-hdds-1987-xp2v8-1198919540
2019-11-05 17:21:58,879 [pool-347-thread-1] INFO  storage.RaftStorageDirectory (RaftStorageDirectory.java:tryLock(328)) - Lock on /workdir/hadoop-ozone/ozonefs/target/test-dir/MiniOzoneClusterImpl-87e11107-06f8-4551-95b5-96682ea7f8da/datanode-2/data/ratis/44855d4e-941f-4192-bb07-6a9b9eed928f/in_use.lock acquired by nodename 1038@pr-hdds-1987-xp2v8-1198919540
2019-11-05 17:21:58,896 [pool-327-thread-1] INFO  storage.RaftStorageDirectory (RaftStorageDirectory.java:tryLock(328)) - Lock on /workdir/hadoop-ozone/ozonefs/target/test-dir/MiniOzoneClusterImpl-87e11107-06f8-4551-95b5-96682ea7f8da/datanode-0/data/ratis/44855d4e-941f-4192-bb07-6a9b9eed928f/in_use.lock acquired by nodename 1038@pr-hdds-1987-xp2v8-1198919540
2019-11-05 17:21:58,896 [pool-337-thread-1] INFO  storage.RaftStorage (RaftStorage.java:format(84)) - Storage directory /workdir/hadoop-ozone/ozonefs/target/test-dir/MiniOzoneClusterImpl-87e11107-06f8-4551-95b5-96682ea7f8da/datanode-1/data/ratis/44855d4e-941f-4192-bb07-6a9b9eed928f has been successfully formatted.
2019-11-05 17:21:58,897 [pool-337-thread-1] INFO  ratis.ContainerStateMachine (ContainerStateMachine.java:loadSnapshot(231)) - group-6A9B9EED928F: The snapshot info is null. Setting the last applied indexto:(t:0, i:~)
2019-11-05 17:21:58,897 [pool-337-thread-1] INFO  server.RaftServerConfigKeys (ConfUtils.java:logGet(43)) - raft.server.notification.no-leader.timeout = 120s (custom)
2019-11-05 17:21:58,897 [pool-337-thread-1] INFO  server.RaftServerConfigKeys (ConfUtils.java:logGet(43)) - raft.server.log.use.memory = false (default)
2019-11-05 17:21:58,897 [pool-337-thread-1] INFO  server.RaftServerConfigKeys (ConfUtils.java:logGet(43)) - raft.server.log.purge.gap = 1000000 (custom)
2019-11-05 17:21:58,897 [pool-337-thread-1] INFO  server.RaftServerConfigKeys (ConfUtils.java:logGet(43)) - raft.server.log.appender.buffer.byte-limit = 33554432 (custom)
2019-11-05 17:21:58,897 [pool-337-thread-1] INFO  server.RaftServerConfigKeys (ConfUtils.java:logGet(43)) - raft.server.log.segment.size.max = 1048576 (custom)
2019-11-05 17:21:58,897 [pool-337-thread-1] INFO  server.RaftServerConfigKeys (ConfUtils.java:logGet(43)) - raft.server.log.segment.cache.num.max = 2 (custom)
2019-11-05 17:21:58,898 [pool-337-thread-1] INFO  segmented.SegmentedRaftLogWorker (SegmentedRaftLogWorker.java:<init>(173)) - new c6e9e595-8dd2-442e-875f-c70452d718cf@group-6A9B9EED928F-SegmentedRaftLogWorker for RaftStorage:Storage Directory /workdir/hadoop-ozone/ozonefs/target/test-dir/MiniOzoneClusterImpl-87e11107-06f8-4551-95b5-96682ea7f8da/datanode-1/data/ratis/44855d4e-941f-4192-bb07-6a9b9eed928f
2019-11-05 17:21:58,898 [pool-337-thread-1] INFO  server.RaftServerConfigKeys (ConfUtils.java:logGet(43)) - raft.server.log.queue.byte-limit = 2147483647 (custom)
2019-11-05 17:21:58,898 [pool-337-thread-1] INFO  server.RaftServerConfigKeys (ConfUtils.java:logGet(43)) - raft.server.log.queue.element-limit = 1024 (custom)
2019-11-05 17:21:58,898 [pool-337-thread-1] INFO  server.RaftServerConfigKeys (ConfUtils.java:logGet(43)) - raft.server.log.segment.size.max = 1048576 (custom)
2019-11-05 17:21:58,898 [pool-337-thread-1] INFO  server.RaftServerConfigKeys (ConfUtils.java:logGet(43)) - raft.server.log.preallocated.size = 16384 (custom)
2019-11-05 17:21:58,898 [pool-337-thread-1] INFO  server.RaftServerConfigKeys (ConfUtils.java:logGet(43)) - raft.server.log.write.buffer.size = 33554432 (custom)
2019-11-05 17:21:58,898 [pool-337-thread-1] INFO  server.RaftServerConfigKeys (ConfUtils.java:logGet(43)) - raft.server.log.force.sync.num = 128 (default)
2019-11-05 17:21:58,898 [pool-337-thread-1] INFO  server.RaftServerConfigKeys (ConfUtils.java:logGet(43)) - raft.server.log.statemachine.data.sync = true (default)
2019-11-05 17:21:58,898 [pool-337-thread-1] INFO  server.RaftServerConfigKeys (ConfUtils.java:logGet(43)) - raft.server.log.statemachine.data.sync.timeout = 10s (default)
2019-11-05 17:21:58,899 [pool-337-thread-1] INFO  server.RaftServerConfigKeys (ConfUtils.java:logGet(43)) - raft.server.log.statemachine.data.sync.timeout.retry = -1 (default)
2019-11-05 17:21:58,899 [pool-337-thread-1] INFO  server.RaftServerConfigKeys (ConfUtils.java:logGet(43)) - raft.server.log.statemachine.data.caching.enabled = true (custom)
2019-11-05 17:21:58,899 [pool-337-thread-1] INFO  segmented.SegmentedRaftLogWorker (SegmentedRaftLogWorker.java:lambda$new$0(128)) - c6e9e595-8dd2-442e-875f-c70452d718cf@group-6A9B9EED928F-SegmentedRaftLogWorker: flushIndex: setUnconditionally 0 -> -1
2019-11-05 17:21:58,896 [pool-347-thread-1] INFO  storage.RaftStorage (RaftStorage.java:format(84)) - Storage directory /workdir/hadoop-ozone/ozonefs/target/test-dir/MiniOzoneClusterImpl-87e11107-06f8-4551-95b5-96682ea7f8da/datanode-2/data/ratis/44855d4e-941f-4192-bb07-6a9b9eed928f has been successfully formatted.
2019-11-05 17:21:58,906 [pool-347-thread-1] INFO  ratis.ContainerStateMachine (ContainerStateMachine.java:loadSnapshot(231)) - group-6A9B9EED928F: The snapshot info is null. Setting the last applied indexto:(t:0, i:~)
2019-11-05 17:21:58,907 [pool-347-thread-1] INFO  server.RaftServerConfigKeys (ConfUtils.java:logGet(43)) - raft.server.notification.no-leader.timeout = 120s (custom)
2019-11-05 17:21:58,907 [pool-347-thread-1] INFO  server.RaftServerConfigKeys (ConfUtils.java:logGet(43)) - raft.server.log.use.memory = false (default)
2019-11-05 17:21:58,907 [pool-347-thread-1] INFO  server.RaftServerConfigKeys (ConfUtils.java:logGet(43)) - raft.server.log.purge.gap = 1000000 (custom)
2019-11-05 17:21:58,907 [pool-347-thread-1] INFO  server.RaftServerConfigKeys (ConfUtils.java:logGet(43)) - raft.server.log.appender.buffer.byte-limit = 33554432 (custom)
2019-11-05 17:21:58,907 [pool-347-thread-1] INFO  server.RaftServerConfigKeys (ConfUtils.java:logGet(43)) - raft.server.log.segment.size.max = 1048576 (custom)
2019-11-05 17:21:58,907 [pool-347-thread-1] INFO  server.RaftServerConfigKeys (ConfUtils.java:logGet(43)) - raft.server.log.segment.cache.num.max = 2 (custom)
2019-11-05 17:21:58,907 [pool-347-thread-1] INFO  segmented.SegmentedRaftLogWorker (SegmentedRaftLogWorker.java:<init>(173)) - new e0cdae1a-9ede-4a2c-8b90-19bce8e25fba@group-6A9B9EED928F-SegmentedRaftLogWorker for RaftStorage:Storage Directory /workdir/hadoop-ozone/ozonefs/target/test-dir/MiniOzoneClusterImpl-87e11107-06f8-4551-95b5-96682ea7f8da/datanode-2/data/ratis/44855d4e-941f-4192-bb07-6a9b9eed928f
2019-11-05 17:21:58,908 [pool-347-thread-1] INFO  server.RaftServerConfigKeys (ConfUtils.java:logGet(43)) - raft.server.log.queue.byte-limit = 2147483647 (custom)
2019-11-05 17:21:58,908 [pool-347-thread-1] INFO  server.RaftServerConfigKeys (ConfUtils.java:logGet(43)) - raft.server.log.queue.element-limit = 1024 (custom)
2019-11-05 17:21:58,908 [pool-347-thread-1] INFO  server.RaftServerConfigKeys (ConfUtils.java:logGet(43)) - raft.server.log.segment.size.max = 1048576 (custom)
2019-11-05 17:21:58,908 [pool-347-thread-1] INFO  server.RaftServerConfigKeys (ConfUtils.java:logGet(43)) - raft.server.log.preallocated.size = 16384 (custom)
2019-11-05 17:21:58,908 [pool-347-thread-1] INFO  server.RaftServerConfigKeys (ConfUtils.java:logGet(43)) - raft.server.log.write.buffer.size = 33554432 (custom)
2019-11-05 17:21:58,908 [pool-347-thread-1] INFO  server.RaftServerConfigKeys (ConfUtils.java:logGet(43)) - raft.server.log.force.sync.num = 128 (default)
2019-11-05 17:21:58,908 [pool-347-thread-1] INFO  server.RaftServerConfigKeys (ConfUtils.java:logGet(43)) - raft.server.log.statemachine.data.sync = true (default)
2019-11-05 17:21:58,908 [pool-347-thread-1] INFO  server.RaftServerConfigKeys (ConfUtils.java:logGet(43)) - raft.server.log.statemachine.data.sync.timeout = 10s (default)
2019-11-05 17:21:58,909 [pool-347-thread-1] INFO  server.RaftServerConfigKeys (ConfUtils.java:logGet(43)) - raft.server.log.statemachine.data.sync.timeout.retry = -1 (default)
2019-11-05 17:21:58,920 [pool-327-thread-1] INFO  storage.RaftStorage (RaftStorage.java:format(84)) - Storage directory /workdir/hadoop-ozone/ozonefs/target/test-dir/MiniOzoneClusterImpl-87e11107-06f8-4551-95b5-96682ea7f8da/datanode-0/data/ratis/44855d4e-941f-4192-bb07-6a9b9eed928f has been successfully formatted.
2019-11-05 17:21:58,920 [pool-327-thread-1] INFO  ratis.ContainerStateMachine (ContainerStateMachine.java:loadSnapshot(231)) - group-6A9B9EED928F: The snapshot info is null. Setting the last applied indexto:(t:0, i:~)
2019-11-05 17:21:58,921 [pool-327-thread-1] INFO  server.RaftServerConfigKeys (ConfUtils.java:logGet(43)) - raft.server.notification.no-leader.timeout = 120s (custom)
2019-11-05 17:21:58,921 [pool-327-thread-1] INFO  server.RaftServerConfigKeys (ConfUtils.java:logGet(43)) - raft.server.log.use.memory = false (default)
2019-11-05 17:21:58,921 [pool-327-thread-1] INFO  server.RaftServerConfigKeys (ConfUtils.java:logGet(43)) - raft.server.log.purge.gap = 1000000 (custom)
2019-11-05 17:21:58,922 [pool-327-thread-1] INFO  server.RaftServerConfigKeys (ConfUtils.java:logGet(43)) - raft.server.log.appender.buffer.byte-limit = 33554432 (custom)
2019-11-05 17:21:58,922 [pool-327-thread-1] INFO  server.RaftServerConfigKeys (ConfUtils.java:logGet(43)) - raft.server.log.segment.size.max = 1048576 (custom)
2019-11-05 17:21:58,922 [pool-327-thread-1] INFO  server.RaftServerConfigKeys (ConfUtils.java:logGet(43)) - raft.server.log.segment.cache.num.max = 2 (custom)
2019-11-05 17:21:58,922 [pool-327-thread-1] INFO  segmented.SegmentedRaftLogWorker (SegmentedRaftLogWorker.java:<init>(173)) - new e944fb0f-9c69-4942-a04f-11c441bc6f70@group-6A9B9EED928F-SegmentedRaftLogWorker for RaftStorage:Storage Directory /workdir/hadoop-ozone/ozonefs/target/test-dir/MiniOzoneClusterImpl-87e11107-06f8-4551-95b5-96682ea7f8da/datanode-0/data/ratis/44855d4e-941f-4192-bb07-6a9b9eed928f
2019-11-05 17:21:58,922 [pool-327-thread-1] INFO  server.RaftServerConfigKeys (ConfUtils.java:logGet(43)) - raft.server.log.queue.byte-limit = 2147483647 (custom)
2019-11-05 17:21:58,922 [pool-327-thread-1] INFO  server.RaftServerConfigKeys (ConfUtils.java:logGet(43)) - raft.server.log.queue.element-limit = 1024 (custom)
2019-11-05 17:21:58,922 [pool-327-thread-1] INFO  server.RaftServerConfigKeys (ConfUtils.java:logGet(43)) - raft.server.log.segment.size.max = 1048576 (custom)
2019-11-05 17:21:58,923 [pool-327-thread-1] INFO  server.RaftServerConfigKeys (ConfUtils.java:logGet(43)) - raft.server.log.preallocated.size = 16384 (custom)
2019-11-05 17:21:58,923 [pool-327-thread-1] INFO  server.RaftServerConfigKeys (ConfUtils.java:logGet(43)) - raft.server.log.write.buffer.size = 33554432 (custom)
2019-11-05 17:21:58,923 [pool-327-thread-1] INFO  server.RaftServerConfigKeys (ConfUtils.java:logGet(43)) - raft.server.log.force.sync.num = 128 (default)
2019-11-05 17:21:58,923 [pool-327-thread-1] INFO  server.RaftServerConfigKeys (ConfUtils.java:logGet(43)) - raft.server.log.statemachine.data.sync = true (default)
2019-11-05 17:21:58,923 [pool-327-thread-1] INFO  server.RaftServerConfigKeys (ConfUtils.java:logGet(43)) - raft.server.log.statemachine.data.sync.timeout = 10s (default)
2019-11-05 17:21:58,924 [pool-327-thread-1] INFO  server.RaftServerConfigKeys (ConfUtils.java:logGet(43)) - raft.server.log.statemachine.data.sync.timeout.retry = -1 (default)
2019-11-05 17:21:58,924 [pool-347-thread-1] INFO  server.RaftServerConfigKeys (ConfUtils.java:logGet(43)) - raft.server.log.statemachine.data.caching.enabled = true (custom)
2019-11-05 17:21:58,924 [pool-347-thread-1] INFO  segmented.SegmentedRaftLogWorker (SegmentedRaftLogWorker.java:lambda$new$0(128)) - e0cdae1a-9ede-4a2c-8b90-19bce8e25fba@group-6A9B9EED928F-SegmentedRaftLogWorker: flushIndex: setUnconditionally 0 -> -1
2019-11-05 17:21:58,923 [pool-337-thread-1] INFO  server.RaftServerConfigKeys (ConfUtils.java:logGet(43)) - raft.server.snapshot.auto.trigger.enabled = true (custom)
2019-11-05 17:21:58,925 [pool-337-thread-1] INFO  server.RaftServerConfigKeys (ConfUtils.java:logGet(43)) - raft.server.snapshot.auto.trigger.threshold = 10000 (custom)
2019-11-05 17:21:58,925 [pool-337-thread-1] INFO  server.RaftServerConfigKeys (ConfUtils.java:logGet(43)) - raft.server.snapshot.retention.file.num = 5 (custom)
2019-11-05 17:21:58,927 [pool-327-thread-1] INFO  server.RaftServerConfigKeys (ConfUtils.java:logGet(43)) - raft.server.log.statemachine.data.caching.enabled = true (custom)
2019-11-05 17:21:58,928 [pool-327-thread-1] INFO  segmented.SegmentedRaftLogWorker (SegmentedRaftLogWorker.java:lambda$new$0(128)) - e944fb0f-9c69-4942-a04f-11c441bc6f70@group-6A9B9EED928F-SegmentedRaftLogWorker: flushIndex: setUnconditionally 0 -> -1
2019-11-05 17:21:58,934 [pool-347-thread-1] INFO  server.RaftServerConfigKeys (ConfUtils.java:logGet(43)) - raft.server.snapshot.auto.trigger.enabled = true (custom)
2019-11-05 17:21:58,941 [pool-347-thread-1] INFO  server.RaftServerConfigKeys (ConfUtils.java:logGet(43)) - raft.server.snapshot.auto.trigger.threshold = 10000 (custom)
2019-11-05 17:21:58,941 [pool-347-thread-1] INFO  server.RaftServerConfigKeys (ConfUtils.java:logGet(43)) - raft.server.snapshot.retention.file.num = 5 (custom)
2019-11-05 17:21:58,942 [pool-327-thread-1] INFO  server.RaftServerConfigKeys (ConfUtils.java:logGet(43)) - raft.server.snapshot.auto.trigger.enabled = true (custom)
2019-11-05 17:21:58,942 [pool-327-thread-1] INFO  server.RaftServerConfigKeys (ConfUtils.java:logGet(43)) - raft.server.snapshot.auto.trigger.threshold = 10000 (custom)
2019-11-05 17:21:58,942 [pool-327-thread-1] INFO  server.RaftServerConfigKeys (ConfUtils.java:logGet(43)) - raft.server.snapshot.retention.file.num = 5 (custom)
2019-11-05 17:21:58,942 [pool-327-thread-1] INFO  server.RaftServerConfigKeys (ConfUtils.java:logGet(43)) - raft.server.retrycache.expirytime = 600000ms (custom)
2019-11-05 17:21:58,942 [pool-327-thread-1] WARN  impl.MetricRegistriesImpl (MetricRegistriesImpl.java:lambda$create$1(61)) - First MetricRegistry has been created without registering reporters. You may need to call MetricRegistries.global().addReportRegistration(...) before.
2019-11-05 17:21:58,943 [pool-327-thread-1] WARN  impl.MetricRegistriesImpl (MetricRegistriesImpl.java:lambda$create$1(61)) - First MetricRegistry has been created without registering reporters. You may need to call MetricRegistries.global().addReportRegistration(...) before.
2019-11-05 17:21:58,943 [pool-327-thread-1] INFO  impl.RaftServerImpl (RaftServerImpl.java:start(184)) - e944fb0f-9c69-4942-a04f-11c441bc6f70@group-6A9B9EED928F: start as a follower, conf=-1: [c6e9e595-8dd2-442e-875f-c70452d718cf:192.168.157.254:38076, e944fb0f-9c69-4942-a04f-11c441bc6f70:192.168.157.254:41486, e0cdae1a-9ede-4a2c-8b90-19bce8e25fba:192.168.157.254:42168], old=null
2019-11-05 17:21:58,943 [pool-327-thread-1] INFO  impl.RaftServerImpl (RaftServerImpl.java:setRole(173)) - e944fb0f-9c69-4942-a04f-11c441bc6f70@group-6A9B9EED928F: changes role from      null to FOLLOWER at term 0 for startAsFollower
2019-11-05 17:21:58,943 [pool-327-thread-1] INFO  impl.RoleInfo (RoleInfo.java:updateAndGet(143)) - e944fb0f-9c69-4942-a04f-11c441bc6f70: start FollowerState
2019-11-05 17:21:58,946 [pool-327-thread-1] INFO  util.JmxRegister (JmxRegister.java:tryRegister(44)) - Successfully registered JMX Bean with object name Ratis:service=RaftServer,group=group-6A9B9EED928F,id=e944fb0f-9c69-4942-a04f-11c441bc6f70
2019-11-05 17:21:58,947 [pool-327-thread-1] WARN  impl.MetricRegistriesImpl (MetricRegistriesImpl.java:lambda$create$1(61)) - First MetricRegistry has been created without registering reporters. You may need to call MetricRegistries.global().addReportRegistration(...) before.
2019-11-05 17:21:58,955 [pool-337-thread-1] INFO  server.RaftServerConfigKeys (ConfUtils.java:logGet(43)) - raft.server.retrycache.expirytime = 600000ms (custom)
2019-11-05 17:21:58,955 [pool-337-thread-1] WARN  impl.MetricRegistriesImpl (MetricRegistriesImpl.java:lambda$create$1(61)) - First MetricRegistry has been created without registering reporters. You may need to call MetricRegistries.global().addReportRegistration(...) before.
2019-11-05 17:21:58,956 [pool-337-thread-1] WARN  impl.MetricRegistriesImpl (MetricRegistriesImpl.java:lambda$create$1(61)) - First MetricRegistry has been created without registering reporters. You may need to call MetricRegistries.global().addReportRegistration(...) before.
2019-11-05 17:21:58,956 [pool-337-thread-1] INFO  impl.RaftServerImpl (RaftServerImpl.java:start(184)) - c6e9e595-8dd2-442e-875f-c70452d718cf@group-6A9B9EED928F: start as a follower, conf=-1: [c6e9e595-8dd2-442e-875f-c70452d718cf:192.168.157.254:38076, e944fb0f-9c69-4942-a04f-11c441bc6f70:192.168.157.254:41486, e0cdae1a-9ede-4a2c-8b90-19bce8e25fba:192.168.157.254:42168], old=null
2019-11-05 17:21:58,956 [pool-337-thread-1] INFO  impl.RaftServerImpl (RaftServerImpl.java:setRole(173)) - c6e9e595-8dd2-442e-875f-c70452d718cf@group-6A9B9EED928F: changes role from      null to FOLLOWER at term 0 for startAsFollower
2019-11-05 17:21:58,956 [pool-337-thread-1] INFO  impl.RoleInfo (RoleInfo.java:updateAndGet(143)) - c6e9e595-8dd2-442e-875f-c70452d718cf: start FollowerState
2019-11-05 17:21:58,966 [pool-337-thread-1] INFO  util.JmxRegister (JmxRegister.java:tryRegister(44)) - Successfully registered JMX Bean with object name Ratis:service=RaftServer,group=group-6A9B9EED928F,id=c6e9e595-8dd2-442e-875f-c70452d718cf
2019-11-05 17:21:58,966 [pool-337-thread-1] WARN  impl.MetricRegistriesImpl (MetricRegistriesImpl.java:lambda$create$1(61)) - First MetricRegistry has been created without registering reporters. You may need to call MetricRegistries.global().addReportRegistration(...) before.
2019-11-05 17:21:58,967 [pool-347-thread-1] INFO  server.RaftServerConfigKeys (ConfUtils.java:logGet(43)) - raft.server.retrycache.expirytime = 600000ms (custom)
2019-11-05 17:21:58,977 [pool-347-thread-1] WARN  impl.MetricRegistriesImpl (MetricRegistriesImpl.java:lambda$create$1(61)) - First MetricRegistry has been created without registering reporters. You may need to call MetricRegistries.global().addReportRegistration(...) before.
2019-11-05 17:21:58,977 [pool-347-thread-1] WARN  impl.MetricRegistriesImpl (MetricRegistriesImpl.java:lambda$create$1(61)) - First MetricRegistry has been created without registering reporters. You may need to call MetricRegistries.global().addReportRegistration(...) before.
2019-11-05 17:21:58,977 [pool-347-thread-1] INFO  impl.RaftServerImpl (RaftServerImpl.java:start(184)) - e0cdae1a-9ede-4a2c-8b90-19bce8e25fba@group-6A9B9EED928F: start as a follower, conf=-1: [c6e9e595-8dd2-442e-875f-c70452d718cf:192.168.157.254:38076, e944fb0f-9c69-4942-a04f-11c441bc6f70:192.168.157.254:41486, e0cdae1a-9ede-4a2c-8b90-19bce8e25fba:192.168.157.254:42168], old=null
2019-11-05 17:21:58,977 [pool-347-thread-1] INFO  impl.RaftServerImpl (RaftServerImpl.java:setRole(173)) - e0cdae1a-9ede-4a2c-8b90-19bce8e25fba@group-6A9B9EED928F: changes role from      null to FOLLOWER at term 0 for startAsFollower
2019-11-05 17:21:58,981 [pool-347-thread-1] INFO  impl.RoleInfo (RoleInfo.java:updateAndGet(143)) - e0cdae1a-9ede-4a2c-8b90-19bce8e25fba: start FollowerState
2019-11-05 17:21:58,982 [pool-347-thread-1] INFO  util.JmxRegister (JmxRegister.java:tryRegister(44)) - Successfully registered JMX Bean with object name Ratis:service=RaftServer,group=group-6A9B9EED928F,id=e0cdae1a-9ede-4a2c-8b90-19bce8e25fba
2019-11-05 17:21:58,982 [pool-347-thread-1] WARN  impl.MetricRegistriesImpl (MetricRegistriesImpl.java:lambda$create$1(61)) - First MetricRegistry has been created without registering reporters. You may need to call MetricRegistries.global().addReportRegistration(...) before.
2019-11-05 17:21:59,023 [RatisPipelineUtilsThread] INFO  pipeline.PipelineStateManager (PipelineStateManager.java:addPipeline(56)) - Created pipeline Pipeline[ Id: 44855d4e-941f-4192-bb07-6a9b9eed928f, Nodes: e0cdae1a-9ede-4a2c-8b90-19bce8e25fba{ip: 192.168.157.254, host: pr-hdds-1987-xp2v8-1198919540, networkLocation: /default-rack, certSerialId: null}c6e9e595-8dd2-442e-875f-c70452d718cf{ip: 192.168.157.254, host: pr-hdds-1987-xp2v8-1198919540, networkLocation: /default-rack, certSerialId: null}e944fb0f-9c69-4942-a04f-11c441bc6f70{ip: 192.168.157.254, host: pr-hdds-1987-xp2v8-1198919540, networkLocation: /default-rack, certSerialId: null}, Type:RATIS, Factor:THREE, State:OPEN]
2019-11-05 17:21:59,492 [Thread-1309] INFO  ozone.MiniOzoneClusterImpl (MiniOzoneClusterImpl.java:lambda$waitForClusterToBeReady$0(147)) - Cluster is ready. Got 3 of 3 DN Heartbeats.
2019-11-05 17:21:59,610 [Thread-1309] INFO  rpc.RpcClient (RpcClient.java:createVolume(291)) - Creating Volume: volume61320, with user95931 as owner.
2019-11-05 17:21:59,619 [IPC Server handler 16 on 40787] INFO  volume.OMVolumeCreateRequest (OMVolumeCreateRequest.java:validateAndUpdateCache(193)) - created volume:volume61320 for user:user95931
2019-11-05 17:21:59,682 [Thread-1309] INFO  rpc.RpcClient (RpcClient.java:createBucket(430)) - Creating Bucket: volume61320/bucket95100, with Versioning false and Storage Type set to DISK and Encryption set to false 
17:21:59.854 [IPC Server handler 13 on 40787] ERROR OMAudit - user=jenkins1000 | ip=127.0.0.1 | op=GET_FILE_STATUS {volume=volume61320, bucket=bucket95100, key=target/leaf, dataSize=0, replicationType=null, replicationFactor=null, keyLocationInfo=null} | ret=FAILURE
org.apache.hadoop.ozone.om.exceptions.OMException: Unable to get file status: volume: volume61320 bucket: bucket95100 key: target/leaf
	at org.apache.hadoop.ozone.om.KeyManagerImpl.getFileStatus(KeyManagerImpl.java:1784) ~[hadoop-ozone-ozone-manager-0.5.0-SNAPSHOT.jar:?]
	at org.apache.hadoop.ozone.om.OzoneManager.getFileStatus(OzoneManager.java:2762) ~[hadoop-ozone-ozone-manager-0.5.0-SNAPSHOT.jar:?]
	at org.apache.hadoop.ozone.protocolPB.OzoneManagerRequestHandler.getOzoneFileStatus(OzoneManagerRequestHandler.java:1053) ~[hadoop-ozone-ozone-manager-0.5.0-SNAPSHOT.jar:?]
	at org.apache.hadoop.ozone.protocolPB.OzoneManagerRequestHandler.handle(OzoneManagerRequestHandler.java:340) ~[hadoop-ozone-ozone-manager-0.5.0-SNAPSHOT.jar:?]
	at org.apache.hadoop.ozone.protocolPB.OzoneManagerProtocolServerSideTranslatorPB.submitRequestDirectlyToOM(OzoneManagerProtocolServerSideTranslatorPB.java:208) ~[hadoop-ozone-ozone-manager-0.5.0-SNAPSHOT.jar:?]
	at org.apache.hadoop.ozone.protocolPB.OzoneManagerProtocolServerSideTranslatorPB.processRequest(OzoneManagerProtocolServerSideTranslatorPB.java:132) ~[hadoop-ozone-ozone-manager-0.5.0-SNAPSHOT.jar:?]
	at org.apache.hadoop.hdds.server.OzoneProtocolMessageDispatcher.processRequest(OzoneProtocolMessageDispatcher.java:72) [hadoop-hdds-server-framework-0.5.0-SNAPSHOT.jar:?]
	at org.apache.hadoop.ozone.protocolPB.OzoneManagerProtocolServerSideTranslatorPB.submitRequest(OzoneManagerProtocolServerSideTranslatorPB.java:100) [hadoop-ozone-ozone-manager-0.5.0-SNAPSHOT.jar:?]
	at org.apache.hadoop.ozone.protocol.proto.OzoneManagerProtocolProtos$OzoneManagerService$2.callBlockingMethod(OzoneManagerProtocolProtos.java) [hadoop-ozone-common-0.5.0-SNAPSHOT.jar:?]
	at org.apache.hadoop.ipc.ProtobufRpcEngine$Server$ProtoBufRpcInvoker.call(ProtobufRpcEngine.java:524) [hadoop-common-3.2.0.jar:?]
	at org.apache.hadoop.ipc.RPC$Server.call(RPC.java:1025) [hadoop-common-3.2.0.jar:?]
	at org.apache.hadoop.ipc.Server$RpcCall.run(Server.java:876) [hadoop-common-3.2.0.jar:?]
	at org.apache.hadoop.ipc.Server$RpcCall.run(Server.java:822) [hadoop-common-3.2.0.jar:?]
	at java.security.AccessController.doPrivileged(Native Method) [?:1.8.0_222]
	at javax.security.auth.Subject.doAs(Subject.java:422) [?:1.8.0_222]
	at org.apache.hadoop.security.UserGroupInformation.doAs(UserGroupInformation.java:1730) [hadoop-common-3.2.0.jar:?]
	at org.apache.hadoop.ipc.Server$Handler.run(Server.java:2682) [hadoop-common-3.2.0.jar:?]
17:21:59.923 [IPC Server handler 10 on 40787] ERROR OMAudit - user=jenkins1000 | ip=127.0.0.1 | op=GET_FILE_STATUS {volume=volume61320, bucket=bucket95100, key=source/interimPath, dataSize=0, replicationType=null, replicationFactor=null, keyLocationInfo=null} | ret=FAILURE
org.apache.hadoop.ozone.om.exceptions.OMException: Unable to get file status: volume: volume61320 bucket: bucket95100 key: source/interimPath
	at org.apache.hadoop.ozone.om.KeyManagerImpl.getFileStatus(KeyManagerImpl.java:1784) ~[hadoop-ozone-ozone-manager-0.5.0-SNAPSHOT.jar:?]
	at org.apache.hadoop.ozone.om.OzoneManager.getFileStatus(OzoneManager.java:2762) ~[hadoop-ozone-ozone-manager-0.5.0-SNAPSHOT.jar:?]
	at org.apache.hadoop.ozone.protocolPB.OzoneManagerRequestHandler.getOzoneFileStatus(OzoneManagerRequestHandler.java:1053) ~[hadoop-ozone-ozone-manager-0.5.0-SNAPSHOT.jar:?]
	at org.apache.hadoop.ozone.protocolPB.OzoneManagerRequestHandler.handle(OzoneManagerRequestHandler.java:340) ~[hadoop-ozone-ozone-manager-0.5.0-SNAPSHOT.jar:?]
	at org.apache.hadoop.ozone.protocolPB.OzoneManagerProtocolServerSideTranslatorPB.submitRequestDirectlyToOM(OzoneManagerProtocolServerSideTranslatorPB.java:208) ~[hadoop-ozone-ozone-manager-0.5.0-SNAPSHOT.jar:?]
	at org.apache.hadoop.ozone.protocolPB.OzoneManagerProtocolServerSideTranslatorPB.processRequest(OzoneManagerProtocolServerSideTranslatorPB.java:132) ~[hadoop-ozone-ozone-manager-0.5.0-SNAPSHOT.jar:?]
	at org.apache.hadoop.hdds.server.OzoneProtocolMessageDispatcher.processRequest(OzoneProtocolMessageDispatcher.java:72) [hadoop-hdds-server-framework-0.5.0-SNAPSHOT.jar:?]
	at org.apache.hadoop.ozone.protocolPB.OzoneManagerProtocolServerSideTranslatorPB.submitRequest(OzoneManagerProtocolServerSideTranslatorPB.java:100) [hadoop-ozone-ozone-manager-0.5.0-SNAPSHOT.jar:?]
	at org.apache.hadoop.ozone.protocol.proto.OzoneManagerProtocolProtos$OzoneManagerService$2.callBlockingMethod(OzoneManagerProtocolProtos.java) [hadoop-ozone-common-0.5.0-SNAPSHOT.jar:?]
	at org.apache.hadoop.ipc.ProtobufRpcEngine$Server$ProtoBufRpcInvoker.call(ProtobufRpcEngine.java:524) [hadoop-common-3.2.0.jar:?]
	at org.apache.hadoop.ipc.RPC$Server.call(RPC.java:1025) [hadoop-common-3.2.0.jar:?]
	at org.apache.hadoop.ipc.Server$RpcCall.run(Server.java:876) [hadoop-common-3.2.0.jar:?]
	at org.apache.hadoop.ipc.Server$RpcCall.run(Server.java:822) [hadoop-common-3.2.0.jar:?]
	at java.security.AccessController.doPrivileged(Native Method) [?:1.8.0_222]
	at javax.security.auth.Subject.doAs(Subject.java:422) [?:1.8.0_222]
	at org.apache.hadoop.security.UserGroupInformation.doAs(UserGroupInformation.java:1730) [hadoop-common-3.2.0.jar:?]
	at org.apache.hadoop.ipc.Server$Handler.run(Server.java:2682) [hadoop-common-3.2.0.jar:?]
2019-11-05 17:21:59,954 [Thread-1309] INFO  ozone.MiniOzoneClusterImpl (MiniOzoneClusterImpl.java:shutdown(314)) - Shutting down the Mini Ozone Cluster
2019-11-05 17:21:59,954 [Thread-1309] INFO  ozone.MiniOzoneClusterImpl (MiniOzoneClusterImpl.java:stop(330)) - Stopping the Mini Ozone Cluster
2019-11-05 17:21:59,955 [Thread-1309] INFO  ozone.MiniOzoneClusterImpl (MiniOzoneClusterImpl.java:stopOM(400)) - Stopping the OzoneManager
2019-11-05 17:21:59,955 [Thread-1309] INFO  ipc.Server (Server.java:stop(3082)) - Stopping server on 40787
2019-11-05 17:21:59,962 [IPC Server listener on 40787] INFO  ipc.Server (Server.java:run(1185)) - Stopping IPC Server listener on 40787
2019-11-05 17:21:59,962 [IPC Server Responder] INFO  ipc.Server (Server.java:run(1319)) - Stopping IPC Server Responder
2019-11-05 17:21:59,962 [Thread-1309] INFO  ratis.OzoneManagerDoubleBuffer (OzoneManagerDoubleBuffer.java:stop(261)) - Stopping OMDoubleBuffer flush thread
2019-11-05 17:21:59,962 [OMDoubleBufferFlushThread] INFO  ratis.OzoneManagerDoubleBuffer (OzoneManagerDoubleBuffer.java:flushTransactions(199)) - OMDoubleBuffer flush thread OMDoubleBufferFlushThread is interrupted and will exit. OMDoubleBufferFlushThread
2019-11-05 17:21:59,973 [Thread-1309] INFO  utils.BackgroundService (BackgroundService.java:shutdown(151)) - Shutting down service KeyDeletingService
2019-11-05 17:21:59,975 [Thread-1309] INFO  handler.ContextHandler (ContextHandler.java:doStop(910)) - Stopped o.e.j.w.WebAppContext@72f6d997{/,null,UNAVAILABLE}{/ozoneManager}
2019-11-05 17:21:59,976 [Thread-1309] INFO  server.AbstractConnector (AbstractConnector.java:doStop(318)) - Stopped ServerConnector@1c566483{HTTP/1.1,[http/1.1]}{0.0.0.0:0}
2019-11-05 17:21:59,976 [Thread-1309] INFO  handler.ContextHandler (ContextHandler.java:doStop(910)) - Stopped o.e.j.s.ServletContextHandler@32b31746{/static,jar:file:/home/user/.m2/repository/org/apache/hadoop/hadoop-ozone-ozone-manager/0.5.0-SNAPSHOT/hadoop-ozone-ozone-manager-0.5.0-SNAPSHOT.jar!/webapps/static,UNAVAILABLE}
2019-11-05 17:21:59,976 [Thread-1309] INFO  handler.ContextHandler (ContextHandler.java:doStop(910)) - Stopped o.e.j.s.ServletContextHandler@27c07b10{/logs,file:///workdir/hadoop-ozone/ozonefs/target/log,UNAVAILABLE}
2019-11-05 17:21:59,979 [Thread-1309] INFO  ozone.MiniOzoneClusterImpl (MiniOzoneClusterImpl.java:stopDatanodes(377)) - Stopping the HddsDatanodes
2019-11-05 17:22:00,186 [Datanode State Machine Thread - 0] INFO  statemachine.DatanodeStateMachine (DatanodeStateMachine.java:lambda$startDaemon$0(350)) - Ozone container server started.
2019-11-05 17:22:00,849 [Datanode State Machine Thread - 0] INFO  statemachine.DatanodeStateMachine (DatanodeStateMachine.java:lambda$startDaemon$0(350)) - Ozone container server started.
2019-11-05 17:22:00,940 [Thread-1481] INFO  container.ReplicationManager (ReplicationManager.java:start(162)) - Starting Replication Monitor Thread.
2019-11-05 17:22:00,942 [ReplicationMonitor] INFO  container.ReplicationManager (ReplicationManager.java:run(225)) - Replication Monitor Thread took 0 milliseconds for processing 0 containers.
2019-11-05 17:22:03,236 [Thread-1483] INFO  impl.FollowerState (FollowerState.java:run(111)) - e944fb0f-9c69-4942-a04f-11c441bc6f70@group-271963E988D8-FollowerState: change to CANDIDATE, lastRpcTime:5033ms, electionTimeout:5032ms
2019-11-05 17:22:03,236 [Thread-1483] INFO  impl.RoleInfo (RoleInfo.java:shutdownFollowerState(121)) - e944fb0f-9c69-4942-a04f-11c441bc6f70: shutdown FollowerState
2019-11-05 17:22:03,236 [Thread-1483] INFO  impl.RaftServerImpl (RaftServerImpl.java:setRole(173)) - e944fb0f-9c69-4942-a04f-11c441bc6f70@group-271963E988D8: changes role from  FOLLOWER to CANDIDATE at term 0 for changeToCandidate
2019-11-05 17:22:03,236 [Thread-1483] INFO  impl.RoleInfo (RoleInfo.java:updateAndGet(143)) - e944fb0f-9c69-4942-a04f-11c441bc6f70: start LeaderElection
2019-11-05 17:22:03,315 [e944fb0f-9c69-4942-a04f-11c441bc6f70@group-271963E988D8-LeaderElection33] INFO  impl.LeaderElection (LeaderElection.java:askForVotes(178)) - e944fb0f-9c69-4942-a04f-11c441bc6f70@group-271963E988D8-LeaderElection33: begin an election at term 1 for -1: [e944fb0f-9c69-4942-a04f-11c441bc6f70:192.168.157.254:41486], old=null
2019-11-05 17:22:03,315 [e944fb0f-9c69-4942-a04f-11c441bc6f70@group-271963E988D8-LeaderElection33] INFO  impl.RoleInfo (RoleInfo.java:shutdownLeaderElection(134)) - e944fb0f-9c69-4942-a04f-11c441bc6f70: shutdown LeaderElection
2019-11-05 17:22:03,315 [e944fb0f-9c69-4942-a04f-11c441bc6f70@group-271963E988D8-LeaderElection33] INFO  impl.RaftServerImpl (RaftServerImpl.java:setRole(173)) - e944fb0f-9c69-4942-a04f-11c441bc6f70@group-271963E988D8: changes role from CANDIDATE to LEADER at term 1 for changeToLeader
2019-11-05 17:22:03,316 [e944fb0f-9c69-4942-a04f-11c441bc6f70@group-271963E988D8-LeaderElection33] INFO  impl.RaftServerImpl (ServerState.java:setLeader(255)) - e944fb0f-9c69-4942-a04f-11c441bc6f70@group-271963E988D8: change Leader from null to e944fb0f-9c69-4942-a04f-11c441bc6f70 at term 1 for becomeLeader, leader elected after 5125ms
2019-11-05 17:22:03,316 [e944fb0f-9c69-4942-a04f-11c441bc6f70@group-271963E988D8-LeaderElection33] INFO  server.RaftServerConfigKeys (ConfUtils.java:logGet(43)) - raft.server.staging.catchup.gap = 1000 (default)
2019-11-05 17:22:03,316 [e944fb0f-9c69-4942-a04f-11c441bc6f70@group-271963E988D8-LeaderElection33] INFO  server.RaftServerConfigKeys (ConfUtils.java:logGet(43)) - raft.server.rpc.sleep.time = 25ms (default)
2019-11-05 17:22:03,316 [e944fb0f-9c69-4942-a04f-11c441bc6f70@group-271963E988D8-LeaderElection33] INFO  server.RaftServerConfigKeys (ConfUtils.java:logGet(43)) - raft.server.write.element-limit = 4096 (default)
2019-11-05 17:22:03,316 [e944fb0f-9c69-4942-a04f-11c441bc6f70@group-271963E988D8-LeaderElection33] INFO  server.RaftServerConfigKeys (ConfUtils.java:logGet(43)) - raft.server.watch.timeout = 10s (default)
2019-11-05 17:22:03,316 [e944fb0f-9c69-4942-a04f-11c441bc6f70@group-271963E988D8-LeaderElection33] INFO  server.RaftServerConfigKeys (ConfUtils.java:logGet(43)) - raft.server.watch.timeout.denomination = 1s (default)
2019-11-05 17:22:03,316 [e944fb0f-9c69-4942-a04f-11c441bc6f70@group-271963E988D8-LeaderElection33] INFO  server.RaftServerConfigKeys (ConfUtils.java:logGet(43)) - raft.server.watch.element-limit = 65536 (default)
2019-11-05 17:22:03,317 [e944fb0f-9c69-4942-a04f-11c441bc6f70@group-271963E988D8-LeaderElection33] INFO  impl.RoleInfo (RoleInfo.java:updateAndGet(143)) - e944fb0f-9c69-4942-a04f-11c441bc6f70: start LeaderState
2019-11-05 17:22:03,317 [e944fb0f-9c69-4942-a04f-11c441bc6f70@group-271963E988D8-LeaderElection33] INFO  segmented.SegmentedRaftLogWorker (SegmentedRaftLogWorker.java:startLogSegment(385)) - e944fb0f-9c69-4942-a04f-11c441bc6f70@group-271963E988D8-SegmentedRaftLogWorker: Starting segment from index:0
2019-11-05 17:22:03,318 [e944fb0f-9c69-4942-a04f-11c441bc6f70@group-271963E988D8-LeaderElection33] INFO  impl.RaftServerImpl (ServerState.java:setRaftConf(356)) - e944fb0f-9c69-4942-a04f-11c441bc6f70@group-271963E988D8: set configuration 0: [e944fb0f-9c69-4942-a04f-11c441bc6f70:192.168.157.254:41486], old=null at 0
2019-11-05 17:22:03,373 [Thread-1486] INFO  impl.FollowerState (FollowerState.java:run(111)) - c6e9e595-8dd2-442e-875f-c70452d718cf@group-F0516633363F-FollowerState: change to CANDIDATE, lastRpcTime:5075ms, electionTimeout:5074ms
2019-11-05 17:22:03,373 [Thread-1486] INFO  impl.RoleInfo (RoleInfo.java:shutdownFollowerState(121)) - c6e9e595-8dd2-442e-875f-c70452d718cf: shutdown FollowerState
2019-11-05 17:22:03,373 [Thread-1486] INFO  impl.RaftServerImpl (RaftServerImpl.java:setRole(173)) - c6e9e595-8dd2-442e-875f-c70452d718cf@group-F0516633363F: changes role from  FOLLOWER to CANDIDATE at term 0 for changeToCandidate
2019-11-05 17:22:03,374 [Thread-1486] INFO  impl.RoleInfo (RoleInfo.java:updateAndGet(143)) - c6e9e595-8dd2-442e-875f-c70452d718cf: start LeaderElection
2019-11-05 17:22:03,385 [e944fb0f-9c69-4942-a04f-11c441bc6f70@group-271963E988D8-SegmentedRaftLogWorker] INFO  segmented.SegmentedRaftLogWorker (SegmentedRaftLogWorker.java:execute(576)) - e944fb0f-9c69-4942-a04f-11c441bc6f70@group-271963E988D8-SegmentedRaftLogWorker: created new log segment /workdir/hadoop-ozone/ozonefs/target/test-dir/MiniOzoneClusterImpl-87e11107-06f8-4551-95b5-96682ea7f8da/datanode-0/data/ratis/040b5ed2-a756-428f-ae8f-271963e988d8/current/log_inprogress_0
2019-11-05 17:22:03,482 [c6e9e595-8dd2-442e-875f-c70452d718cf@group-F0516633363F-LeaderElection34] INFO  impl.LeaderElection (LeaderElection.java:askForVotes(178)) - c6e9e595-8dd2-442e-875f-c70452d718cf@group-F0516633363F-LeaderElection34: begin an election at term 1 for -1: [c6e9e595-8dd2-442e-875f-c70452d718cf:192.168.157.254:38076], old=null
2019-11-05 17:22:03,482 [c6e9e595-8dd2-442e-875f-c70452d718cf@group-F0516633363F-LeaderElection34] INFO  impl.RoleInfo (RoleInfo.java:shutdownLeaderElection(134)) - c6e9e595-8dd2-442e-875f-c70452d718cf: shutdown LeaderElection
2019-11-05 17:22:03,482 [c6e9e595-8dd2-442e-875f-c70452d718cf@group-F0516633363F-LeaderElection34] INFO  impl.RaftServerImpl (RaftServerImpl.java:setRole(173)) - c6e9e595-8dd2-442e-875f-c70452d718cf@group-F0516633363F: changes role from CANDIDATE to LEADER at term 1 for changeToLeader
2019-11-05 17:22:03,482 [c6e9e595-8dd2-442e-875f-c70452d718cf@group-F0516633363F-LeaderElection34] INFO  impl.RaftServerImpl (ServerState.java:setLeader(255)) - c6e9e595-8dd2-442e-875f-c70452d718cf@group-F0516633363F: change Leader from null to c6e9e595-8dd2-442e-875f-c70452d718cf at term 1 for becomeLeader, leader elected after 5192ms
2019-11-05 17:22:03,482 [c6e9e595-8dd2-442e-875f-c70452d718cf@group-F0516633363F-LeaderElection34] INFO  server.RaftServerConfigKeys (ConfUtils.java:logGet(43)) - raft.server.staging.catchup.gap = 1000 (default)
2019-11-05 17:22:03,482 [c6e9e595-8dd2-442e-875f-c70452d718cf@group-F0516633363F-LeaderElection34] INFO  server.RaftServerConfigKeys (ConfUtils.java:logGet(43)) - raft.server.rpc.sleep.time = 25ms (default)
2019-11-05 17:22:03,483 [c6e9e595-8dd2-442e-875f-c70452d718cf@group-F0516633363F-LeaderElection34] INFO  server.RaftServerConfigKeys (ConfUtils.java:logGet(43)) - raft.server.write.element-limit = 4096 (default)
2019-11-05 17:22:03,483 [c6e9e595-8dd2-442e-875f-c70452d718cf@group-F0516633363F-LeaderElection34] INFO  server.RaftServerConfigKeys (ConfUtils.java:logGet(43)) - raft.server.watch.timeout = 10s (default)
2019-11-05 17:22:03,483 [c6e9e595-8dd2-442e-875f-c70452d718cf@group-F0516633363F-LeaderElection34] INFO  server.RaftServerConfigKeys (ConfUtils.java:logGet(43)) - raft.server.watch.timeout.denomination = 1s (default)
2019-11-05 17:22:03,483 [c6e9e595-8dd2-442e-875f-c70452d718cf@group-F0516633363F-LeaderElection34] INFO  server.RaftServerConfigKeys (ConfUtils.java:logGet(43)) - raft.server.watch.element-limit = 65536 (default)
2019-11-05 17:22:03,483 [c6e9e595-8dd2-442e-875f-c70452d718cf@group-F0516633363F-LeaderElection34] INFO  impl.RoleInfo (RoleInfo.java:updateAndGet(143)) - c6e9e595-8dd2-442e-875f-c70452d718cf: start LeaderState
2019-11-05 17:22:03,483 [c6e9e595-8dd2-442e-875f-c70452d718cf@group-F0516633363F-LeaderElection34] INFO  segmented.SegmentedRaftLogWorker (SegmentedRaftLogWorker.java:startLogSegment(385)) - c6e9e595-8dd2-442e-875f-c70452d718cf@group-F0516633363F-SegmentedRaftLogWorker: Starting segment from index:0
2019-11-05 17:22:03,484 [c6e9e595-8dd2-442e-875f-c70452d718cf@group-F0516633363F-LeaderElection34] INFO  impl.RaftServerImpl (ServerState.java:setRaftConf(356)) - c6e9e595-8dd2-442e-875f-c70452d718cf@group-F0516633363F: set configuration 0: [c6e9e595-8dd2-442e-875f-c70452d718cf:192.168.157.254:38076], old=null at 0
2019-11-05 17:22:03,574 [c6e9e595-8dd2-442e-875f-c70452d718cf@group-F0516633363F-SegmentedRaftLogWorker] INFO  segmented.SegmentedRaftLogWorker (SegmentedRaftLogWorker.java:execute(576)) - c6e9e595-8dd2-442e-875f-c70452d718cf@group-F0516633363F-SegmentedRaftLogWorker: created new log segment /workdir/hadoop-ozone/ozonefs/target/test-dir/MiniOzoneClusterImpl-87e11107-06f8-4551-95b5-96682ea7f8da/datanode-1/data/ratis/88b05a1f-c8c5-4940-a781-f0516633363f/current/log_inprogress_0
2019-11-05 17:22:03,917 [Thread-1489] INFO  impl.FollowerState (FollowerState.java:run(111)) - e0cdae1a-9ede-4a2c-8b90-19bce8e25fba@group-BE71EF97D3BD-FollowerState: change to CANDIDATE, lastRpcTime:5182ms, electionTimeout:5172ms
2019-11-05 17:22:03,917 [Thread-1489] INFO  impl.RoleInfo (RoleInfo.java:shutdownFollowerState(121)) - e0cdae1a-9ede-4a2c-8b90-19bce8e25fba: shutdown FollowerState
2019-11-05 17:22:03,917 [Thread-1489] INFO  impl.RaftServerImpl (RaftServerImpl.java:setRole(173)) - e0cdae1a-9ede-4a2c-8b90-19bce8e25fba@group-BE71EF97D3BD: changes role from  FOLLOWER to CANDIDATE at term 0 for changeToCandidate
2019-11-05 17:22:03,917 [Thread-1489] INFO  impl.RoleInfo (RoleInfo.java:updateAndGet(143)) - e0cdae1a-9ede-4a2c-8b90-19bce8e25fba: start LeaderElection
2019-11-05 17:22:03,945 [e0cdae1a-9ede-4a2c-8b90-19bce8e25fba@group-BE71EF97D3BD-LeaderElection35] INFO  impl.LeaderElection (LeaderElection.java:askForVotes(178)) - e0cdae1a-9ede-4a2c-8b90-19bce8e25fba@group-BE71EF97D3BD-LeaderElection35: begin an election at term 1 for -1: [e0cdae1a-9ede-4a2c-8b90-19bce8e25fba:192.168.157.254:42168], old=null
2019-11-05 17:22:03,945 [e0cdae1a-9ede-4a2c-8b90-19bce8e25fba@group-BE71EF97D3BD-LeaderElection35] INFO  impl.RoleInfo (RoleInfo.java:shutdownLeaderElection(134)) - e0cdae1a-9ede-4a2c-8b90-19bce8e25fba: shutdown LeaderElection
2019-11-05 17:22:03,945 [e0cdae1a-9ede-4a2c-8b90-19bce8e25fba@group-BE71EF97D3BD-LeaderElection35] INFO  impl.RaftServerImpl (RaftServerImpl.java:setRole(173)) - e0cdae1a-9ede-4a2c-8b90-19bce8e25fba@group-BE71EF97D3BD: changes role from CANDIDATE to LEADER at term 1 for changeToLeader
2019-11-05 17:22:03,945 [e0cdae1a-9ede-4a2c-8b90-19bce8e25fba@group-BE71EF97D3BD-LeaderElection35] INFO  impl.RaftServerImpl (ServerState.java:setLeader(255)) - e0cdae1a-9ede-4a2c-8b90-19bce8e25fba@group-BE71EF97D3BD: change Leader from null to e0cdae1a-9ede-4a2c-8b90-19bce8e25fba at term 1 for becomeLeader, leader elected after 5236ms
2019-11-05 17:22:03,945 [e0cdae1a-9ede-4a2c-8b90-19bce8e25fba@group-BE71EF97D3BD-LeaderElection35] INFO  server.RaftServerConfigKeys (ConfUtils.java:logGet(43)) - raft.server.staging.catchup.gap = 1000 (default)
2019-11-05 17:22:03,946 [e0cdae1a-9ede-4a2c-8b90-19bce8e25fba@group-BE71EF97D3BD-LeaderElection35] INFO  server.RaftServerConfigKeys (ConfUtils.java:logGet(43)) - raft.server.rpc.sleep.time = 25ms (default)
2019-11-05 17:22:03,946 [e0cdae1a-9ede-4a2c-8b90-19bce8e25fba@group-BE71EF97D3BD-LeaderElection35] INFO  server.RaftServerConfigKeys (ConfUtils.java:logGet(43)) - raft.server.write.element-limit = 4096 (default)
2019-11-05 17:22:03,946 [e0cdae1a-9ede-4a2c-8b90-19bce8e25fba@group-BE71EF97D3BD-LeaderElection35] INFO  server.RaftServerConfigKeys (ConfUtils.java:logGet(43)) - raft.server.watch.timeout = 10s (default)
2019-11-05 17:22:03,946 [e0cdae1a-9ede-4a2c-8b90-19bce8e25fba@group-BE71EF97D3BD-LeaderElection35] INFO  server.RaftServerConfigKeys (ConfUtils.java:logGet(43)) - raft.server.watch.timeout.denomination = 1s (default)
2019-11-05 17:22:03,946 [e0cdae1a-9ede-4a2c-8b90-19bce8e25fba@group-BE71EF97D3BD-LeaderElection35] INFO  server.RaftServerConfigKeys (ConfUtils.java:logGet(43)) - raft.server.watch.element-limit = 65536 (default)
2019-11-05 17:22:03,947 [e0cdae1a-9ede-4a2c-8b90-19bce8e25fba@group-BE71EF97D3BD-LeaderElection35] INFO  impl.RoleInfo (RoleInfo.java:updateAndGet(143)) - e0cdae1a-9ede-4a2c-8b90-19bce8e25fba: start LeaderState
2019-11-05 17:22:03,947 [e0cdae1a-9ede-4a2c-8b90-19bce8e25fba@group-BE71EF97D3BD-LeaderElection35] INFO  segmented.SegmentedRaftLogWorker (SegmentedRaftLogWorker.java:startLogSegment(385)) - e0cdae1a-9ede-4a2c-8b90-19bce8e25fba@group-BE71EF97D3BD-SegmentedRaftLogWorker: Starting segment from index:0
2019-11-05 17:22:03,948 [e0cdae1a-9ede-4a2c-8b90-19bce8e25fba@group-BE71EF97D3BD-LeaderElection35] INFO  impl.RaftServerImpl (ServerState.java:setRaftConf(356)) - e0cdae1a-9ede-4a2c-8b90-19bce8e25fba@group-BE71EF97D3BD: set configuration 0: [e0cdae1a-9ede-4a2c-8b90-19bce8e25fba:192.168.157.254:42168], old=null at 0
2019-11-05 17:22:04,030 [Thread-1494] INFO  impl.FollowerState (FollowerState.java:run(111)) - e944fb0f-9c69-4942-a04f-11c441bc6f70@group-6A9B9EED928F-FollowerState: change to CANDIDATE, lastRpcTime:5087ms, electionTimeout:5083ms
2019-11-05 17:22:04,031 [Thread-1494] INFO  impl.RoleInfo (RoleInfo.java:shutdownFollowerState(121)) - e944fb0f-9c69-4942-a04f-11c441bc6f70: shutdown FollowerState
2019-11-05 17:22:04,031 [Thread-1494] INFO  impl.RaftServerImpl (RaftServerImpl.java:setRole(173)) - e944fb0f-9c69-4942-a04f-11c441bc6f70@group-6A9B9EED928F: changes role from  FOLLOWER to CANDIDATE at term 0 for changeToCandidate
2019-11-05 17:22:04,031 [Thread-1494] INFO  impl.RoleInfo (RoleInfo.java:updateAndGet(143)) - e944fb0f-9c69-4942-a04f-11c441bc6f70: start LeaderElection
2019-11-05 17:22:04,063 [e944fb0f-9c69-4942-a04f-11c441bc6f70@group-6A9B9EED928F-LeaderElection36] INFO  impl.LeaderElection (LeaderElection.java:askForVotes(178)) - e944fb0f-9c69-4942-a04f-11c441bc6f70@group-6A9B9EED928F-LeaderElection36: begin an election at term 1 for -1: [c6e9e595-8dd2-442e-875f-c70452d718cf:192.168.157.254:38076, e944fb0f-9c69-4942-a04f-11c441bc6f70:192.168.157.254:41486, e0cdae1a-9ede-4a2c-8b90-19bce8e25fba:192.168.157.254:42168], old=null
2019-11-05 17:22:04,091 [Thread-1496] INFO  impl.FollowerState (FollowerState.java:run(111)) - c6e9e595-8dd2-442e-875f-c70452d718cf@group-6A9B9EED928F-FollowerState: change to CANDIDATE, lastRpcTime:5134ms, electionTimeout:5111ms
2019-11-05 17:22:04,091 [Thread-1496] INFO  impl.RoleInfo (RoleInfo.java:shutdownFollowerState(121)) - c6e9e595-8dd2-442e-875f-c70452d718cf: shutdown FollowerState
2019-11-05 17:22:04,091 [Thread-1496] INFO  impl.RaftServerImpl (RaftServerImpl.java:setRole(173)) - c6e9e595-8dd2-442e-875f-c70452d718cf@group-6A9B9EED928F: changes role from  FOLLOWER to CANDIDATE at term 0 for changeToCandidate
2019-11-05 17:22:04,092 [Thread-1496] INFO  impl.RoleInfo (RoleInfo.java:updateAndGet(143)) - c6e9e595-8dd2-442e-875f-c70452d718cf: start LeaderElection
2019-11-05 17:22:04,100 [e0cdae1a-9ede-4a2c-8b90-19bce8e25fba@group-BE71EF97D3BD-SegmentedRaftLogWorker] INFO  segmented.SegmentedRaftLogWorker (SegmentedRaftLogWorker.java:execute(576)) - e0cdae1a-9ede-4a2c-8b90-19bce8e25fba@group-BE71EF97D3BD-SegmentedRaftLogWorker: created new log segment /workdir/hadoop-ozone/ozonefs/target/test-dir/MiniOzoneClusterImpl-87e11107-06f8-4551-95b5-96682ea7f8da/datanode-2/data/ratis/0d23cf57-dbc0-4171-80b6-be71ef97d3bd/current/log_inprogress_0
2019-11-05 17:22:04,138 [grpc-default-executor-0] INFO  impl.RaftServerImpl (RaftServerImpl.java:setRole(173)) - c6e9e595-8dd2-442e-875f-c70452d718cf@group-6A9B9EED928F: changes role from CANDIDATE to FOLLOWER at term 1 for recognizeCandidate:e944fb0f-9c69-4942-a04f-11c441bc6f70
2019-11-05 17:22:04,139 [grpc-default-executor-0] INFO  impl.RoleInfo (RoleInfo.java:shutdownLeaderElection(134)) - c6e9e595-8dd2-442e-875f-c70452d718cf: shutdown LeaderElection
2019-11-05 17:22:04,139 [grpc-default-executor-0] INFO  impl.RoleInfo (RoleInfo.java:updateAndGet(143)) - c6e9e595-8dd2-442e-875f-c70452d718cf: start FollowerState
2019-11-05 17:22:04,193 [Thread-1498] INFO  impl.FollowerState (FollowerState.java:run(111)) - e0cdae1a-9ede-4a2c-8b90-19bce8e25fba@group-6A9B9EED928F-FollowerState: change to CANDIDATE, lastRpcTime:5211ms, electionTimeout:5196ms
2019-11-05 17:22:04,193 [Thread-1498] INFO  impl.RoleInfo (RoleInfo.java:shutdownFollowerState(121)) - e0cdae1a-9ede-4a2c-8b90-19bce8e25fba: shutdown FollowerState
2019-11-05 17:22:04,193 [Thread-1498] INFO  impl.RaftServerImpl (RaftServerImpl.java:setRole(173)) - e0cdae1a-9ede-4a2c-8b90-19bce8e25fba@group-6A9B9EED928F: changes role from  FOLLOWER to CANDIDATE at term 0 for changeToCandidate
2019-11-05 17:22:04,193 [Thread-1498] INFO  impl.RoleInfo (RoleInfo.java:updateAndGet(143)) - e0cdae1a-9ede-4a2c-8b90-19bce8e25fba: start LeaderElection
2019-11-05 17:22:04,193 [c6e9e595-8dd2-442e-875f-c70452d718cf@group-6A9B9EED928F-LeaderElection37] INFO  impl.LeaderElection (LeaderElection.java:askForVotes(178)) - c6e9e595-8dd2-442e-875f-c70452d718cf@group-6A9B9EED928F-LeaderElection37: begin an election at term 2 for -1: [c6e9e595-8dd2-442e-875f-c70452d718cf:192.168.157.254:38076, e944fb0f-9c69-4942-a04f-11c441bc6f70:192.168.157.254:41486, e0cdae1a-9ede-4a2c-8b90-19bce8e25fba:192.168.157.254:42168], old=null
2019-11-05 17:22:04,194 [c6e9e595-8dd2-442e-875f-c70452d718cf@group-6A9B9EED928F-LeaderElection37] INFO  impl.LeaderElection (LeaderElection.java:logAndReturn(56)) - c6e9e595-8dd2-442e-875f-c70452d718cf@group-6A9B9EED928F-LeaderElection37: Election REJECTED; received 0 response(s) [] and 0 exception(s); c6e9e595-8dd2-442e-875f-c70452d718cf@group-6A9B9EED928F:t2, leader=null, voted=c6e9e595-8dd2-442e-875f-c70452d718cf, raftlog=c6e9e595-8dd2-442e-875f-c70452d718cf@group-6A9B9EED928F-SegmentedRaftLog:OPENED:c-1,f-1,i0, conf=-1: [c6e9e595-8dd2-442e-875f-c70452d718cf:192.168.157.254:38076, e944fb0f-9c69-4942-a04f-11c441bc6f70:192.168.157.254:41486, e0cdae1a-9ede-4a2c-8b90-19bce8e25fba:192.168.157.254:42168], old=null
2019-11-05 17:22:04,255 [e0cdae1a-9ede-4a2c-8b90-19bce8e25fba@group-6A9B9EED928F-LeaderElection38] INFO  impl.LeaderElection (LeaderElection.java:askForVotes(178)) - e0cdae1a-9ede-4a2c-8b90-19bce8e25fba@group-6A9B9EED928F-LeaderElection38: begin an election at term 1 for -1: [c6e9e595-8dd2-442e-875f-c70452d718cf:192.168.157.254:38076, e944fb0f-9c69-4942-a04f-11c441bc6f70:192.168.157.254:41486, e0cdae1a-9ede-4a2c-8b90-19bce8e25fba:192.168.157.254:42168], old=null
2019-11-05 17:22:04,266 [e944fb0f-9c69-4942-a04f-11c441bc6f70@group-6A9B9EED928F-LeaderElection36] INFO  impl.LeaderElection (LeaderElection.java:logAndReturn(56)) - e944fb0f-9c69-4942-a04f-11c441bc6f70@group-6A9B9EED928F-LeaderElection36: Election REJECTED; received 2 response(s) [e944fb0f-9c69-4942-a04f-11c441bc6f70<-c6e9e595-8dd2-442e-875f-c70452d718cf#0:FAIL-t1, e944fb0f-9c69-4942-a04f-11c441bc6f70<-e0cdae1a-9ede-4a2c-8b90-19bce8e25fba#0:FAIL-t1] and 0 exception(s); e944fb0f-9c69-4942-a04f-11c441bc6f70@group-6A9B9EED928F:t1, leader=null, voted=e944fb0f-9c69-4942-a04f-11c441bc6f70, raftlog=e944fb0f-9c69-4942-a04f-11c441bc6f70@group-6A9B9EED928F-SegmentedRaftLog:OPENED:c-1,f-1,i0, conf=-1: [c6e9e595-8dd2-442e-875f-c70452d718cf:192.168.157.254:38076, e944fb0f-9c69-4942-a04f-11c441bc6f70:192.168.157.254:41486, e0cdae1a-9ede-4a2c-8b90-19bce8e25fba:192.168.157.254:42168], old=null
2019-11-05 17:22:04,268 [e944fb0f-9c69-4942-a04f-11c441bc6f70@group-6A9B9EED928F-LeaderElection36] INFO  impl.RaftServerImpl (RaftServerImpl.java:setRole(173)) - e944fb0f-9c69-4942-a04f-11c441bc6f70@group-6A9B9EED928F: changes role from CANDIDATE to FOLLOWER at term 1 for DISCOVERED_A_NEW_TERM
2019-11-05 17:22:04,268 [e944fb0f-9c69-4942-a04f-11c441bc6f70@group-6A9B9EED928F-LeaderElection36] INFO  impl.RoleInfo (RoleInfo.java:shutdownLeaderElection(134)) - e944fb0f-9c69-4942-a04f-11c441bc6f70: shutdown LeaderElection
2019-11-05 17:22:04,268 [e944fb0f-9c69-4942-a04f-11c441bc6f70@group-6A9B9EED928F-LeaderElection36] INFO  impl.RoleInfo (RoleInfo.java:updateAndGet(143)) - e944fb0f-9c69-4942-a04f-11c441bc6f70: start FollowerState
2019-11-05 17:22:04,321 [grpc-default-executor-1] INFO  impl.RaftServerImpl (RaftServerImpl.java:setRole(173)) - e944fb0f-9c69-4942-a04f-11c441bc6f70@group-6A9B9EED928F: changes role from  FOLLOWER to FOLLOWER at term 2 for recognizeCandidate:c6e9e595-8dd2-442e-875f-c70452d718cf
2019-11-05 17:22:04,338 [grpc-default-executor-1] INFO  impl.RoleInfo (RoleInfo.java:shutdownFollowerState(121)) - e944fb0f-9c69-4942-a04f-11c441bc6f70: shutdown FollowerState
2019-11-05 17:22:04,339 [Thread-1520] INFO  impl.FollowerState (FollowerState.java:run(120)) - e944fb0f-9c69-4942-a04f-11c441bc6f70@group-6A9B9EED928F-FollowerState was interrupted: java.lang.InterruptedException: sleep interrupted
2019-11-05 17:22:04,338 [grpc-default-executor-2] INFO  impl.RaftServerImpl (RaftServerImpl.java:setRole(173)) - e0cdae1a-9ede-4a2c-8b90-19bce8e25fba@group-6A9B9EED928F: changes role from CANDIDATE to FOLLOWER at term 2 for recognizeCandidate:c6e9e595-8dd2-442e-875f-c70452d718cf
2019-11-05 17:22:04,339 [grpc-default-executor-2] INFO  impl.RoleInfo (RoleInfo.java:shutdownLeaderElection(134)) - e0cdae1a-9ede-4a2c-8b90-19bce8e25fba: shutdown LeaderElection
2019-11-05 17:22:04,339 [grpc-default-executor-2] INFO  impl.RoleInfo (RoleInfo.java:updateAndGet(143)) - e0cdae1a-9ede-4a2c-8b90-19bce8e25fba: start FollowerState
2019-11-05 17:22:04,339 [grpc-default-executor-1] INFO  impl.RoleInfo (RoleInfo.java:updateAndGet(143)) - e944fb0f-9c69-4942-a04f-11c441bc6f70: start FollowerState
2019-11-05 17:22:04,358 [e0cdae1a-9ede-4a2c-8b90-19bce8e25fba@group-6A9B9EED928F-LeaderElection38] INFO  impl.LeaderElection (LeaderElection.java:logAndReturn(56)) - e0cdae1a-9ede-4a2c-8b90-19bce8e25fba@group-6A9B9EED928F-LeaderElection38: Election DISCOVERED_A_NEW_TERM; received 1 response(s) [e0cdae1a-9ede-4a2c-8b90-19bce8e25fba<-c6e9e595-8dd2-442e-875f-c70452d718cf#0:FAIL-t2] and 0 exception(s); e0cdae1a-9ede-4a2c-8b90-19bce8e25fba@group-6A9B9EED928F:t2, leader=null, voted=null, raftlog=e0cdae1a-9ede-4a2c-8b90-19bce8e25fba@group-6A9B9EED928F-SegmentedRaftLog:OPENED:c-1,f-1,i0, conf=-1: [c6e9e595-8dd2-442e-875f-c70452d718cf:192.168.157.254:38076, e944fb0f-9c69-4942-a04f-11c441bc6f70:192.168.157.254:41486, e0cdae1a-9ede-4a2c-8b90-19bce8e25fba:192.168.157.254:42168], old=null
2019-11-05 17:22:04,980 [ForkJoinPool.commonPool-worker-1] INFO  ozoneimpl.OzoneContainer (OzoneContainer.java:stop(227)) - Attempting to stop container services.
2019-11-05 17:22:04,980 [Thread-1309] INFO  ozoneimpl.OzoneContainer (OzoneContainer.java:stop(227)) - Attempting to stop container services.
2019-11-05 17:22:04,981 [ForkJoinPool.commonPool-worker-1] INFO  impl.RaftServerProxy (RaftServerProxy.java:lambda$close$4(314)) - e944fb0f-9c69-4942-a04f-11c441bc6f70: close
2019-11-05 17:22:04,982 [Thread-1309] INFO  impl.RaftServerProxy (RaftServerProxy.java:lambda$close$4(314)) - c6e9e595-8dd2-442e-875f-c70452d718cf: close
2019-11-05 17:22:04,982 [ForkJoinPool.commonPool-worker-1] INFO  impl.RaftServerImpl (RaftServerImpl.java:lambda$shutdown$3(250)) - e944fb0f-9c69-4942-a04f-11c441bc6f70@group-271963E988D8: shutdown
2019-11-05 17:22:04,983 [Thread-1309] INFO  impl.RaftServerImpl (RaftServerImpl.java:lambda$shutdown$3(250)) - c6e9e595-8dd2-442e-875f-c70452d718cf@group-F0516633363F: shutdown
2019-11-05 17:22:04,983 [ForkJoinPool.commonPool-worker-1] INFO  util.JmxRegister (JmxRegister.java:unregister(73)) - Successfully un-registered JMX Bean with object name Ratis:service=RaftServer,group=group-271963E988D8,id=e944fb0f-9c69-4942-a04f-11c441bc6f70
2019-11-05 17:22:04,984 [ForkJoinPool.commonPool-worker-1] INFO  impl.RoleInfo (RoleInfo.java:shutdownLeaderState(104)) - e944fb0f-9c69-4942-a04f-11c441bc6f70: shutdown LeaderState
2019-11-05 17:22:04,983 [Thread-1309] INFO  util.JmxRegister (JmxRegister.java:unregister(73)) - Successfully un-registered JMX Bean with object name Ratis:service=RaftServer,group=group-F0516633363F,id=c6e9e595-8dd2-442e-875f-c70452d718cf
2019-11-05 17:22:04,984 [Thread-1309] INFO  impl.RoleInfo (RoleInfo.java:shutdownLeaderState(104)) - c6e9e595-8dd2-442e-875f-c70452d718cf: shutdown LeaderState
2019-11-05 17:22:04,984 [ForkJoinPool.commonPool-worker-1] INFO  impl.PendingRequests (PendingRequests.java:sendNotLeaderResponses(206)) - e944fb0f-9c69-4942-a04f-11c441bc6f70@group-271963E988D8-PendingRequests: sendNotLeaderResponses
2019-11-05 17:22:04,984 [Thread-1309] INFO  impl.PendingRequests (PendingRequests.java:sendNotLeaderResponses(206)) - c6e9e595-8dd2-442e-875f-c70452d718cf@group-F0516633363F-PendingRequests: sendNotLeaderResponses
2019-11-05 17:22:04,985 [Thread-1309] INFO  impl.StateMachineUpdater (StateMachineUpdater.java:stopAndJoin(136)) - c6e9e595-8dd2-442e-875f-c70452d718cf@group-F0516633363F-StateMachineUpdater: set stopIndex = 0
2019-11-05 17:22:04,984 [ForkJoinPool.commonPool-worker-1] INFO  impl.StateMachineUpdater (StateMachineUpdater.java:stopAndJoin(136)) - e944fb0f-9c69-4942-a04f-11c441bc6f70@group-271963E988D8-StateMachineUpdater: set stopIndex = 0
2019-11-05 17:22:04,985 [ForkJoinPool.commonPool-worker-1] INFO  impl.RaftServerImpl (ServerState.java:close(387)) - e944fb0f-9c69-4942-a04f-11c441bc6f70@group-271963E988D8: closes. applyIndex: 0
2019-11-05 17:22:04,985 [e944fb0f-9c69-4942-a04f-11c441bc6f70@group-271963E988D8-SegmentedRaftLogWorker] INFO  segmented.SegmentedRaftLogWorker (SegmentedRaftLogWorker.java:run(316)) - e944fb0f-9c69-4942-a04f-11c441bc6f70@group-271963E988D8-SegmentedRaftLogWorker was interrupted, exiting. There are 0 tasks remaining in the queue.
2019-11-05 17:22:04,987 [Thread-1309] INFO  impl.RaftServerImpl (ServerState.java:close(387)) - c6e9e595-8dd2-442e-875f-c70452d718cf@group-F0516633363F: closes. applyIndex: 0
2019-11-05 17:22:04,987 [ForkJoinPool.commonPool-worker-1] INFO  segmented.SegmentedRaftLogWorker (SegmentedRaftLogWorker.java:close(224)) - e944fb0f-9c69-4942-a04f-11c441bc6f70@group-271963E988D8-SegmentedRaftLogWorker close()
2019-11-05 17:22:04,988 [c6e9e595-8dd2-442e-875f-c70452d718cf@group-F0516633363F-SegmentedRaftLogWorker] INFO  segmented.SegmentedRaftLogWorker (SegmentedRaftLogWorker.java:run(316)) - c6e9e595-8dd2-442e-875f-c70452d718cf@group-F0516633363F-SegmentedRaftLogWorker was interrupted, exiting. There are 0 tasks remaining in the queue.
2019-11-05 17:22:04,992 [Thread-1309] INFO  segmented.SegmentedRaftLogWorker (SegmentedRaftLogWorker.java:close(224)) - c6e9e595-8dd2-442e-875f-c70452d718cf@group-F0516633363F-SegmentedRaftLogWorker close()
2019-11-05 17:22:04,992 [ForkJoinPool.commonPool-worker-1] INFO  impl.RaftServerImpl (RaftServerImpl.java:lambda$shutdown$3(250)) - e944fb0f-9c69-4942-a04f-11c441bc6f70@group-6A9B9EED928F: shutdown
2019-11-05 17:22:04,993 [ForkJoinPool.commonPool-worker-1] INFO  util.JmxRegister (JmxRegister.java:unregister(73)) - Successfully un-registered JMX Bean with object name Ratis:service=RaftServer,group=group-6A9B9EED928F,id=e944fb0f-9c69-4942-a04f-11c441bc6f70
2019-11-05 17:22:04,993 [ForkJoinPool.commonPool-worker-1] INFO  impl.RoleInfo (RoleInfo.java:shutdownFollowerState(121)) - e944fb0f-9c69-4942-a04f-11c441bc6f70: shutdown FollowerState
2019-11-05 17:22:04,993 [Thread-1521] INFO  impl.FollowerState (FollowerState.java:run(120)) - e944fb0f-9c69-4942-a04f-11c441bc6f70@group-6A9B9EED928F-FollowerState was interrupted: java.lang.InterruptedException: sleep interrupted
2019-11-05 17:22:04,994 [ForkJoinPool.commonPool-worker-1] INFO  impl.StateMachineUpdater (StateMachineUpdater.java:stopAndJoin(136)) - e944fb0f-9c69-4942-a04f-11c441bc6f70@group-6A9B9EED928F-StateMachineUpdater: set stopIndex = -1
2019-11-05 17:22:04,994 [ForkJoinPool.commonPool-worker-1] INFO  impl.RaftServerImpl (ServerState.java:close(387)) - e944fb0f-9c69-4942-a04f-11c441bc6f70@group-6A9B9EED928F: closes. applyIndex: -1
2019-11-05 17:22:04,994 [e944fb0f-9c69-4942-a04f-11c441bc6f70@group-6A9B9EED928F-SegmentedRaftLogWorker] INFO  segmented.SegmentedRaftLogWorker (SegmentedRaftLogWorker.java:run(316)) - e944fb0f-9c69-4942-a04f-11c441bc6f70@group-6A9B9EED928F-SegmentedRaftLogWorker was interrupted, exiting. There are 0 tasks remaining in the queue.
2019-11-05 17:22:04,994 [ForkJoinPool.commonPool-worker-1] INFO  segmented.SegmentedRaftLogWorker (SegmentedRaftLogWorker.java:close(224)) - e944fb0f-9c69-4942-a04f-11c441bc6f70@group-6A9B9EED928F-SegmentedRaftLogWorker close()
2019-11-05 17:22:04,998 [ForkJoinPool.commonPool-worker-1] INFO  server.GrpcService (GrpcService.java:closeImpl(164)) - e944fb0f-9c69-4942-a04f-11c441bc6f70: shutdown server with port 41486 now
2019-11-05 17:22:04,998 [Thread-1309] INFO  impl.RaftServerImpl (RaftServerImpl.java:lambda$shutdown$3(250)) - c6e9e595-8dd2-442e-875f-c70452d718cf@group-6A9B9EED928F: shutdown
2019-11-05 17:22:04,999 [Thread-1309] INFO  util.JmxRegister (JmxRegister.java:unregister(73)) - Successfully un-registered JMX Bean with object name Ratis:service=RaftServer,group=group-6A9B9EED928F,id=c6e9e595-8dd2-442e-875f-c70452d718cf
2019-11-05 17:22:04,999 [Thread-1309] INFO  impl.RoleInfo (RoleInfo.java:shutdownFollowerState(121)) - c6e9e595-8dd2-442e-875f-c70452d718cf: shutdown FollowerState
2019-11-05 17:22:04,999 [Thread-1309] INFO  impl.StateMachineUpdater (StateMachineUpdater.java:stopAndJoin(136)) - c6e9e595-8dd2-442e-875f-c70452d718cf@group-6A9B9EED928F-StateMachineUpdater: set stopIndex = -1
2019-11-05 17:22:05,000 [Thread-1514] INFO  impl.FollowerState (FollowerState.java:run(120)) - c6e9e595-8dd2-442e-875f-c70452d718cf@group-6A9B9EED928F-FollowerState was interrupted: java.lang.InterruptedException: sleep interrupted
2019-11-05 17:22:05,000 [Thread-1309] INFO  impl.RaftServerImpl (ServerState.java:close(387)) - c6e9e595-8dd2-442e-875f-c70452d718cf@group-6A9B9EED928F: closes. applyIndex: -1
2019-11-05 17:22:05,001 [c6e9e595-8dd2-442e-875f-c70452d718cf@group-6A9B9EED928F-SegmentedRaftLogWorker] INFO  segmented.SegmentedRaftLogWorker (SegmentedRaftLogWorker.java:run(316)) - c6e9e595-8dd2-442e-875f-c70452d718cf@group-6A9B9EED928F-SegmentedRaftLogWorker was interrupted, exiting. There are 0 tasks remaining in the queue.
2019-11-05 17:22:05,001 [Thread-1309] INFO  segmented.SegmentedRaftLogWorker (SegmentedRaftLogWorker.java:close(224)) - c6e9e595-8dd2-442e-875f-c70452d718cf@group-6A9B9EED928F-SegmentedRaftLogWorker close()
2019-11-05 17:22:05,005 [Thread-1309] INFO  server.GrpcService (GrpcService.java:closeImpl(164)) - c6e9e595-8dd2-442e-875f-c70452d718cf: shutdown server with port 38076 now
2019-11-05 17:22:05,006 [ForkJoinPool.commonPool-worker-1] INFO  server.GrpcService (GrpcService.java:closeImpl(172)) - e944fb0f-9c69-4942-a04f-11c441bc6f70: shutdown server with port 41486 successfully
2019-11-05 17:22:05,011 [Thread-1309] INFO  server.GrpcService (GrpcService.java:closeImpl(172)) - c6e9e595-8dd2-442e-875f-c70452d718cf: shutdown server with port 38076 successfully
2019-11-05 17:22:05,014 [refreshUsed-/workdir/hadoop-ozone/ozonefs/target/test-dir/MiniOzoneClusterImpl-87e11107-06f8-4551-95b5-96682ea7f8da/datanode-0/data/containers] WARN  fs.CachingGetSpaceUsed (CachingGetSpaceUsed.java:run(183)) - Thread Interrupted waiting to refresh disk information: sleep interrupted
2019-11-05 17:22:05,017 [refreshUsed-/workdir/hadoop-ozone/ozonefs/target/test-dir/MiniOzoneClusterImpl-87e11107-06f8-4551-95b5-96682ea7f8da/datanode-1/data/containers] WARN  fs.CachingGetSpaceUsed (CachingGetSpaceUsed.java:run(183)) - Thread Interrupted waiting to refresh disk information: sleep interrupted
2019-11-05 17:22:05,052 [ForkJoinPool.commonPool-worker-1] INFO  utils.BackgroundService (BackgroundService.java:shutdown(151)) - Shutting down service BlockDeletingService
2019-11-05 17:22:05,065 [Thread-1309] INFO  utils.BackgroundService (BackgroundService.java:shutdown(151)) - Shutting down service BlockDeletingService
2019-11-05 17:22:05,075 [ForkJoinPool.commonPool-worker-1] INFO  statemachine.DatanodeStateMachine (DatanodeStateMachine.java:stopDaemon(395)) - Ozone container server stopped.
2019-11-05 17:22:05,081 [Thread-1309] INFO  statemachine.DatanodeStateMachine (DatanodeStateMachine.java:stopDaemon(395)) - Ozone container server stopped.
2019-11-05 17:22:05,120 [Thread-1309] INFO  handler.ContextHandler (ContextHandler.java:doStop(910)) - Stopped o.e.j.w.WebAppContext@3d788777{/,null,UNAVAILABLE}{/hddsDatanode}
2019-11-05 17:22:05,121 [Thread-1309] INFO  server.AbstractConnector (AbstractConnector.java:doStop(318)) - Stopped ServerConnector@a73d14f{HTTP/1.1,[http/1.1]}{0.0.0.0:0}
2019-11-05 17:22:05,121 [Thread-1309] INFO  handler.ContextHandler (ContextHandler.java:doStop(910)) - Stopped o.e.j.s.ServletContextHandler@5b4e55eb{/static,jar:file:/home/user/.m2/repository/org/apache/hadoop/hadoop-hdds-container-service/0.5.0-SNAPSHOT/hadoop-hdds-container-service-0.5.0-SNAPSHOT.jar!/webapps/static,UNAVAILABLE}
2019-11-05 17:22:05,121 [Thread-1309] INFO  handler.ContextHandler (ContextHandler.java:doStop(910)) - Stopped o.e.j.s.ServletContextHandler@6ce9a19f{/logs,file:///workdir/hadoop-ozone/ozonefs/target/log,UNAVAILABLE}
2019-11-05 17:22:05,123 [ForkJoinPool.commonPool-worker-1] INFO  handler.ContextHandler (ContextHandler.java:doStop(910)) - Stopped o.e.j.w.WebAppContext@2535b06d{/,null,UNAVAILABLE}{/hddsDatanode}
2019-11-05 17:22:05,124 [ForkJoinPool.commonPool-worker-1] INFO  server.AbstractConnector (AbstractConnector.java:doStop(318)) - Stopped ServerConnector@4425c04c{HTTP/1.1,[http/1.1]}{0.0.0.0:0}
2019-11-05 17:22:05,125 [ForkJoinPool.commonPool-worker-1] INFO  handler.ContextHandler (ContextHandler.java:doStop(910)) - Stopped o.e.j.s.ServletContextHandler@283982a0{/static,jar:file:/home/user/.m2/repository/org/apache/hadoop/hadoop-hdds-container-service/0.5.0-SNAPSHOT/hadoop-hdds-container-service-0.5.0-SNAPSHOT.jar!/webapps/static,UNAVAILABLE}
2019-11-05 17:22:05,126 [ForkJoinPool.commonPool-worker-1] INFO  handler.ContextHandler (ContextHandler.java:doStop(910)) - Stopped o.e.j.s.ServletContextHandler@3ab5857b{/logs,file:///workdir/hadoop-ozone/ozonefs/target/log,UNAVAILABLE}
2019-11-05 17:22:05,631 [Datanode State Machine Thread - 0] INFO  statemachine.DatanodeStateMachine (DatanodeStateMachine.java:lambda$startDaemon$0(350)) - Ozone container server started.
2019-11-05 17:22:09,429 [Thread-1522] INFO  impl.FollowerState (FollowerState.java:run(111)) - e0cdae1a-9ede-4a2c-8b90-19bce8e25fba@group-6A9B9EED928F-FollowerState: change to CANDIDATE, lastRpcTime:5089ms, electionTimeout:5072ms
2019-11-05 17:22:09,430 [Thread-1522] INFO  impl.RoleInfo (RoleInfo.java:shutdownFollowerState(121)) - e0cdae1a-9ede-4a2c-8b90-19bce8e25fba: shutdown FollowerState
2019-11-05 17:22:09,431 [Thread-1522] INFO  impl.RaftServerImpl (RaftServerImpl.java:setRole(173)) - e0cdae1a-9ede-4a2c-8b90-19bce8e25fba@group-6A9B9EED928F: changes role from  FOLLOWER to CANDIDATE at term 2 for changeToCandidate
2019-11-05 17:22:09,432 [Thread-1522] INFO  impl.RoleInfo (RoleInfo.java:updateAndGet(143)) - e0cdae1a-9ede-4a2c-8b90-19bce8e25fba: start LeaderElection
2019-11-05 17:22:09,604 [e0cdae1a-9ede-4a2c-8b90-19bce8e25fba@group-6A9B9EED928F-LeaderElection39] INFO  impl.LeaderElection (LeaderElection.java:askForVotes(178)) - e0cdae1a-9ede-4a2c-8b90-19bce8e25fba@group-6A9B9EED928F-LeaderElection39: begin an election at term 3 for -1: [c6e9e595-8dd2-442e-875f-c70452d718cf:192.168.157.254:38076, e944fb0f-9c69-4942-a04f-11c441bc6f70:192.168.157.254:41486, e0cdae1a-9ede-4a2c-8b90-19bce8e25fba:192.168.157.254:42168], old=null
2019-11-05 17:22:09,623 [e0cdae1a-9ede-4a2c-8b90-19bce8e25fba@group-6A9B9EED928F-LeaderElection39] INFO  impl.LeaderElection (LogUtils.java:infoOrTrace(149)) - e0cdae1a-9ede-4a2c-8b90-19bce8e25fba@group-6A9B9EED928F-LeaderElection39 got exception when requesting votes: {}
java.util.concurrent.ExecutionException: org.apache.ratis.thirdparty.io.grpc.StatusRuntimeException: UNAVAILABLE: io exception
	at java.util.concurrent.FutureTask.report(FutureTask.java:122)
	at java.util.concurrent.FutureTask.get(FutureTask.java:192)
	at org.apache.ratis.server.impl.LeaderElection.waitForResults(LeaderElection.java:259)
	at org.apache.ratis.server.impl.LeaderElection.askForVotes(LeaderElection.java:197)
	at org.apache.ratis.server.impl.LeaderElection.run(LeaderElection.java:133)
	at java.lang.Thread.run(Thread.java:748)
Caused by: org.apache.ratis.thirdparty.io.grpc.StatusRuntimeException: UNAVAILABLE: io exception
	at org.apache.ratis.thirdparty.io.grpc.stub.ClientCalls.toStatusRuntimeException(ClientCalls.java:233)
	at org.apache.ratis.thirdparty.io.grpc.stub.ClientCalls.getUnchecked(ClientCalls.java:214)
	at org.apache.ratis.thirdparty.io.grpc.stub.ClientCalls.blockingUnaryCall(ClientCalls.java:139)
	at org.apache.ratis.proto.grpc.RaftServerProtocolServiceGrpc$RaftServerProtocolServiceBlockingStub.requestVote(RaftServerProtocolServiceGrpc.java:265)
	at org.apache.ratis.grpc.server.GrpcServerProtocolClient.requestVote(GrpcServerProtocolClient.java:99)
	at org.apache.ratis.grpc.server.GrpcService.requestVote(GrpcService.java:204)
	at org.apache.ratis.server.impl.LeaderElection.lambda$submitRequests$1(LeaderElection.java:234)
	at java.util.concurrent.FutureTask.run(FutureTask.java:266)
	at java.util.concurrent.Executors$RunnableAdapter.call(Executors.java:511)
	at java.util.concurrent.FutureTask.run(FutureTask.java:266)
	at java.util.concurrent.ThreadPoolExecutor.runWorker(ThreadPoolExecutor.java:1149)
	at java.util.concurrent.ThreadPoolExecutor$Worker.run(ThreadPoolExecutor.java:624)
	... 1 more
Caused by: org.apache.ratis.thirdparty.io.netty.channel.AbstractChannel$AnnotatedConnectException: Connection refused: /192.168.157.254:41486
	at sun.nio.ch.SocketChannelImpl.checkConnect(Native Method)
	at sun.nio.ch.SocketChannelImpl.finishConnect(SocketChannelImpl.java:717)
	at org.apache.ratis.thirdparty.io.netty.channel.socket.nio.NioSocketChannel.doFinishConnect(NioSocketChannel.java:327)
	at org.apache.ratis.thirdparty.io.netty.channel.nio.AbstractNioChannel$AbstractNioUnsafe.finishConnect(AbstractNioChannel.java:340)
	at org.apache.ratis.thirdparty.io.netty.channel.nio.NioEventLoop.processSelectedKey(NioEventLoop.java:632)
	at org.apache.ratis.thirdparty.io.netty.channel.nio.NioEventLoop.processSelectedKeysOptimized(NioEventLoop.java:579)
	at org.apache.ratis.thirdparty.io.netty.channel.nio.NioEventLoop.processSelectedKeys(NioEventLoop.java:496)
	at org.apache.ratis.thirdparty.io.netty.channel.nio.NioEventLoop.run(NioEventLoop.java:458)
	at org.apache.ratis.thirdparty.io.netty.util.concurrent.SingleThreadEventExecutor$5.run(SingleThreadEventExecutor.java:897)
	at org.apache.ratis.thirdparty.io.netty.util.concurrent.FastThreadLocalRunnable.run(FastThreadLocalRunnable.java:30)
	... 1 more
Caused by: java.net.ConnectException: Connection refused
	... 11 more
2019-11-05 17:22:09,628 [e0cdae1a-9ede-4a2c-8b90-19bce8e25fba@group-6A9B9EED928F-LeaderElection39] INFO  impl.LeaderElection (LogUtils.java:infoOrTrace(149)) - e0cdae1a-9ede-4a2c-8b90-19bce8e25fba@group-6A9B9EED928F-LeaderElection39 got exception when requesting votes: {}
java.util.concurrent.ExecutionException: org.apache.ratis.thirdparty.io.grpc.StatusRuntimeException: UNAVAILABLE: io exception
	at java.util.concurrent.FutureTask.report(FutureTask.java:122)
	at java.util.concurrent.FutureTask.get(FutureTask.java:192)
	at org.apache.ratis.server.impl.LeaderElection.waitForResults(LeaderElection.java:259)
	at org.apache.ratis.server.impl.LeaderElection.askForVotes(LeaderElection.java:197)
	at org.apache.ratis.server.impl.LeaderElection.run(LeaderElection.java:133)
	at java.lang.Thread.run(Thread.java:748)
Caused by: org.apache.ratis.thirdparty.io.grpc.StatusRuntimeException: UNAVAILABLE: io exception
	at org.apache.ratis.thirdparty.io.grpc.stub.ClientCalls.toStatusRuntimeException(ClientCalls.java:233)
	at org.apache.ratis.thirdparty.io.grpc.stub.ClientCalls.getUnchecked(ClientCalls.java:214)
	at org.apache.ratis.thirdparty.io.grpc.stub.ClientCalls.blockingUnaryCall(ClientCalls.java:139)
	at org.apache.ratis.proto.grpc.RaftServerProtocolServiceGrpc$RaftServerProtocolServiceBlockingStub.requestVote(RaftServerProtocolServiceGrpc.java:265)
	at org.apache.ratis.grpc.server.GrpcServerProtocolClient.requestVote(GrpcServerProtocolClient.java:99)
	at org.apache.ratis.grpc.server.GrpcService.requestVote(GrpcService.java:204)
	at org.apache.ratis.server.impl.LeaderElection.lambda$submitRequests$1(LeaderElection.java:234)
	at java.util.concurrent.FutureTask.run(FutureTask.java:266)
	at java.util.concurrent.Executors$RunnableAdapter.call(Executors.java:511)
	at java.util.concurrent.FutureTask.run(FutureTask.java:266)
	at java.util.concurrent.ThreadPoolExecutor.runWorker(ThreadPoolExecutor.java:1149)
	at java.util.concurrent.ThreadPoolExecutor$Worker.run(ThreadPoolExecutor.java:624)
	... 1 more
Caused by: org.apache.ratis.thirdparty.io.netty.channel.AbstractChannel$AnnotatedConnectException: Connection refused: /192.168.157.254:38076
	at sun.nio.ch.SocketChannelImpl.checkConnect(Native Method)
	at sun.nio.ch.SocketChannelImpl.finishConnect(SocketChannelImpl.java:717)
	at org.apache.ratis.thirdparty.io.netty.channel.socket.nio.NioSocketChannel.doFinishConnect(NioSocketChannel.java:327)
	at org.apache.ratis.thirdparty.io.netty.channel.nio.AbstractNioChannel$AbstractNioUnsafe.finishConnect(AbstractNioChannel.java:340)
	at org.apache.ratis.thirdparty.io.netty.channel.nio.NioEventLoop.processSelectedKey(NioEventLoop.java:632)
	at org.apache.ratis.thirdparty.io.netty.channel.nio.NioEventLoop.processSelectedKeysOptimized(NioEventLoop.java:579)
	at org.apache.ratis.thirdparty.io.netty.channel.nio.NioEventLoop.processSelectedKeys(NioEventLoop.java:496)
	at org.apache.ratis.thirdparty.io.netty.channel.nio.NioEventLoop.run(NioEventLoop.java:458)
	at org.apache.ratis.thirdparty.io.netty.util.concurrent.SingleThreadEventExecutor$5.run(SingleThreadEventExecutor.java:897)
	at org.apache.ratis.thirdparty.io.netty.util.concurrent.FastThreadLocalRunnable.run(FastThreadLocalRunnable.java:30)
	... 1 more
Caused by: java.net.ConnectException: Connection refused
	... 11 more
2019-11-05 17:22:09,631 [e0cdae1a-9ede-4a2c-8b90-19bce8e25fba@group-6A9B9EED928F-LeaderElection39] INFO  impl.LeaderElection (LeaderElection.java:logAndReturn(56)) - e0cdae1a-9ede-4a2c-8b90-19bce8e25fba@group-6A9B9EED928F-LeaderElection39: Election REJECTED; received 0 response(s) [] and 2 exception(s); e0cdae1a-9ede-4a2c-8b90-19bce8e25fba@group-6A9B9EED928F:t3, leader=null, voted=e0cdae1a-9ede-4a2c-8b90-19bce8e25fba, raftlog=e0cdae1a-9ede-4a2c-8b90-19bce8e25fba@group-6A9B9EED928F-SegmentedRaftLog:OPENED:c-1,f-1,i0, conf=-1: [c6e9e595-8dd2-442e-875f-c70452d718cf:192.168.157.254:38076, e944fb0f-9c69-4942-a04f-11c441bc6f70:192.168.157.254:41486, e0cdae1a-9ede-4a2c-8b90-19bce8e25fba:192.168.157.254:42168], old=null
2019-11-05 17:22:09,631 [e0cdae1a-9ede-4a2c-8b90-19bce8e25fba@group-6A9B9EED928F-LeaderElection39] INFO  impl.LeaderElection (LogUtils.java:infoOrTrace(149)) -   Exception 0: {}
java.util.concurrent.ExecutionException: org.apache.ratis.thirdparty.io.grpc.StatusRuntimeException: UNAVAILABLE: io exception
	at java.util.concurrent.FutureTask.report(FutureTask.java:122)
	at java.util.concurrent.FutureTask.get(FutureTask.java:192)
	at org.apache.ratis.server.impl.LeaderElection.waitForResults(LeaderElection.java:259)
	at org.apache.ratis.server.impl.LeaderElection.askForVotes(LeaderElection.java:197)
	at org.apache.ratis.server.impl.LeaderElection.run(LeaderElection.java:133)
	at java.lang.Thread.run(Thread.java:748)
Caused by: org.apache.ratis.thirdparty.io.grpc.StatusRuntimeException: UNAVAILABLE: io exception
	at org.apache.ratis.thirdparty.io.grpc.stub.ClientCalls.toStatusRuntimeException(ClientCalls.java:233)
	at org.apache.ratis.thirdparty.io.grpc.stub.ClientCalls.getUnchecked(ClientCalls.java:214)
	at org.apache.ratis.thirdparty.io.grpc.stub.ClientCalls.blockingUnaryCall(ClientCalls.java:139)
	at org.apache.ratis.proto.grpc.RaftServerProtocolServiceGrpc$RaftServerProtocolServiceBlockingStub.requestVote(RaftServerProtocolServiceGrpc.java:265)
	at org.apache.ratis.grpc.server.GrpcServerProtocolClient.requestVote(GrpcServerProtocolClient.java:99)
	at org.apache.ratis.grpc.server.GrpcService.requestVote(GrpcService.java:204)
	at org.apache.ratis.server.impl.LeaderElection.lambda$submitRequests$1(LeaderElection.java:234)
	at java.util.concurrent.FutureTask.run(FutureTask.java:266)
	at java.util.concurrent.Executors$RunnableAdapter.call(Executors.java:511)
	at java.util.concurrent.FutureTask.run(FutureTask.java:266)
	at java.util.concurrent.ThreadPoolExecutor.runWorker(ThreadPoolExecutor.java:1149)
	at java.util.concurrent.ThreadPoolExecutor$Worker.run(ThreadPoolExecutor.java:624)
	... 1 more
Caused by: org.apache.ratis.thirdparty.io.netty.channel.AbstractChannel$AnnotatedConnectException: Connection refused: /192.168.157.254:41486
	at sun.nio.ch.SocketChannelImpl.checkConnect(Native Method)
	at sun.nio.ch.SocketChannelImpl.finishConnect(SocketChannelImpl.java:717)
	at org.apache.ratis.thirdparty.io.netty.channel.socket.nio.NioSocketChannel.doFinishConnect(NioSocketChannel.java:327)
	at org.apache.ratis.thirdparty.io.netty.channel.nio.AbstractNioChannel$AbstractNioUnsafe.finishConnect(AbstractNioChannel.java:340)
	at org.apache.ratis.thirdparty.io.netty.channel.nio.NioEventLoop.processSelectedKey(NioEventLoop.java:632)
	at org.apache.ratis.thirdparty.io.netty.channel.nio.NioEventLoop.processSelectedKeysOptimized(NioEventLoop.java:579)
	at org.apache.ratis.thirdparty.io.netty.channel.nio.NioEventLoop.processSelectedKeys(NioEventLoop.java:496)
	at org.apache.ratis.thirdparty.io.netty.channel.nio.NioEventLoop.run(NioEventLoop.java:458)
	at org.apache.ratis.thirdparty.io.netty.util.concurrent.SingleThreadEventExecutor$5.run(SingleThreadEventExecutor.java:897)
	at org.apache.ratis.thirdparty.io.netty.util.concurrent.FastThreadLocalRunnable.run(FastThreadLocalRunnable.java:30)
	... 1 more
Caused by: java.net.ConnectException: Connection refused
	... 11 more
2019-11-05 17:22:09,632 [e0cdae1a-9ede-4a2c-8b90-19bce8e25fba@group-6A9B9EED928F-LeaderElection39] INFO  impl.LeaderElection (LogUtils.java:infoOrTrace(149)) -   Exception 1: {}
java.util.concurrent.ExecutionException: org.apache.ratis.thirdparty.io.grpc.StatusRuntimeException: UNAVAILABLE: io exception
	at java.util.concurrent.FutureTask.report(FutureTask.java:122)
	at java.util.concurrent.FutureTask.get(FutureTask.java:192)
	at org.apache.ratis.server.impl.LeaderElection.waitForResults(LeaderElection.java:259)
	at org.apache.ratis.server.impl.LeaderElection.askForVotes(LeaderElection.java:197)
	at org.apache.ratis.server.impl.LeaderElection.run(LeaderElection.java:133)
	at java.lang.Thread.run(Thread.java:748)
Caused by: org.apache.ratis.thirdparty.io.grpc.StatusRuntimeException: UNAVAILABLE: io exception
	at org.apache.ratis.thirdparty.io.grpc.stub.ClientCalls.toStatusRuntimeException(ClientCalls.java:233)
	at org.apache.ratis.thirdparty.io.grpc.stub.ClientCalls.getUnchecked(ClientCalls.java:214)
	at org.apache.ratis.thirdparty.io.grpc.stub.ClientCalls.blockingUnaryCall(ClientCalls.java:139)
	at org.apache.ratis.proto.grpc.RaftServerProtocolServiceGrpc$RaftServerProtocolServiceBlockingStub.requestVote(RaftServerProtocolServiceGrpc.java:265)
	at org.apache.ratis.grpc.server.GrpcServerProtocolClient.requestVote(GrpcServerProtocolClient.java:99)
	at org.apache.ratis.grpc.server.GrpcService.requestVote(GrpcService.java:204)
	at org.apache.ratis.server.impl.LeaderElection.lambda$submitRequests$1(LeaderElection.java:234)
	at java.util.concurrent.FutureTask.run(FutureTask.java:266)
	at java.util.concurrent.Executors$RunnableAdapter.call(Executors.java:511)
	at java.util.concurrent.FutureTask.run(FutureTask.java:266)
	at java.util.concurrent.ThreadPoolExecutor.runWorker(ThreadPoolExecutor.java:1149)
	at java.util.concurrent.ThreadPoolExecutor$Worker.run(ThreadPoolExecutor.java:624)
	... 1 more
Caused by: org.apache.ratis.thirdparty.io.netty.channel.AbstractChannel$AnnotatedConnectException: Connection refused: /192.168.157.254:38076
	at sun.nio.ch.SocketChannelImpl.checkConnect(Native Method)
	at sun.nio.ch.SocketChannelImpl.finishConnect(SocketChannelImpl.java:717)
	at org.apache.ratis.thirdparty.io.netty.channel.socket.nio.NioSocketChannel.doFinishConnect(NioSocketChannel.java:327)
	at org.apache.ratis.thirdparty.io.netty.channel.nio.AbstractNioChannel$AbstractNioUnsafe.finishConnect(AbstractNioChannel.java:340)
	at org.apache.ratis.thirdparty.io.netty.channel.nio.NioEventLoop.processSelectedKey(NioEventLoop.java:632)
	at org.apache.ratis.thirdparty.io.netty.channel.nio.NioEventLoop.processSelectedKeysOptimized(NioEventLoop.java:579)
	at org.apache.ratis.thirdparty.io.netty.channel.nio.NioEventLoop.processSelectedKeys(NioEventLoop.java:496)
	at org.apache.ratis.thirdparty.io.netty.channel.nio.NioEventLoop.run(NioEventLoop.java:458)
	at org.apache.ratis.thirdparty.io.netty.util.concurrent.SingleThreadEventExecutor$5.run(SingleThreadEventExecutor.java:897)
	at org.apache.ratis.thirdparty.io.netty.util.concurrent.FastThreadLocalRunnable.run(FastThreadLocalRunnable.java:30)
	... 1 more
Caused by: java.net.ConnectException: Connection refused
	... 11 more
2019-11-05 17:22:09,632 [e0cdae1a-9ede-4a2c-8b90-19bce8e25fba@group-6A9B9EED928F-LeaderElection39] INFO  impl.RaftServerImpl (RaftServerImpl.java:setRole(173)) - e0cdae1a-9ede-4a2c-8b90-19bce8e25fba@group-6A9B9EED928F: changes role from CANDIDATE to FOLLOWER at term 3 for DISCOVERED_A_NEW_TERM
2019-11-05 17:22:09,633 [e0cdae1a-9ede-4a2c-8b90-19bce8e25fba@group-6A9B9EED928F-LeaderElection39] INFO  impl.RoleInfo (RoleInfo.java:shutdownLeaderElection(134)) - e0cdae1a-9ede-4a2c-8b90-19bce8e25fba: shutdown LeaderElection
2019-11-05 17:22:09,635 [e0cdae1a-9ede-4a2c-8b90-19bce8e25fba@group-6A9B9EED928F-LeaderElection39] INFO  impl.RoleInfo (RoleInfo.java:updateAndGet(143)) - e0cdae1a-9ede-4a2c-8b90-19bce8e25fba: start FollowerState
2019-11-05 17:22:10,123 [Thread-1309] INFO  ozoneimpl.OzoneContainer (OzoneContainer.java:stop(227)) - Attempting to stop container services.
2019-11-05 17:22:10,126 [Thread-1309] INFO  impl.RaftServerProxy (RaftServerProxy.java:lambda$close$4(314)) - e0cdae1a-9ede-4a2c-8b90-19bce8e25fba: close
2019-11-05 17:22:10,127 [Thread-1309] INFO  impl.RaftServerImpl (RaftServerImpl.java:lambda$shutdown$3(250)) - e0cdae1a-9ede-4a2c-8b90-19bce8e25fba@group-BE71EF97D3BD: shutdown
2019-11-05 17:22:10,127 [Thread-1309] INFO  util.JmxRegister (JmxRegister.java:unregister(73)) - Successfully un-registered JMX Bean with object name Ratis:service=RaftServer,group=group-BE71EF97D3BD,id=e0cdae1a-9ede-4a2c-8b90-19bce8e25fba
2019-11-05 17:22:10,127 [Thread-1309] INFO  impl.RoleInfo (RoleInfo.java:shutdownLeaderState(104)) - e0cdae1a-9ede-4a2c-8b90-19bce8e25fba: shutdown LeaderState
2019-11-05 17:22:10,128 [Thread-1309] INFO  impl.PendingRequests (PendingRequests.java:sendNotLeaderResponses(206)) - e0cdae1a-9ede-4a2c-8b90-19bce8e25fba@group-BE71EF97D3BD-PendingRequests: sendNotLeaderResponses
2019-11-05 17:22:10,129 [Thread-1309] INFO  impl.StateMachineUpdater (StateMachineUpdater.java:stopAndJoin(136)) - e0cdae1a-9ede-4a2c-8b90-19bce8e25fba@group-BE71EF97D3BD-StateMachineUpdater: set stopIndex = 0
2019-11-05 17:22:10,129 [Thread-1309] INFO  impl.RaftServerImpl (ServerState.java:close(387)) - e0cdae1a-9ede-4a2c-8b90-19bce8e25fba@group-BE71EF97D3BD: closes. applyIndex: 0
2019-11-05 17:22:10,130 [e0cdae1a-9ede-4a2c-8b90-19bce8e25fba@group-BE71EF97D3BD-SegmentedRaftLogWorker] INFO  segmented.SegmentedRaftLogWorker (SegmentedRaftLogWorker.java:run(316)) - e0cdae1a-9ede-4a2c-8b90-19bce8e25fba@group-BE71EF97D3BD-SegmentedRaftLogWorker was interrupted, exiting. There are 0 tasks remaining in the queue.
2019-11-05 17:22:10,132 [Thread-1309] INFO  segmented.SegmentedRaftLogWorker (SegmentedRaftLogWorker.java:close(224)) - e0cdae1a-9ede-4a2c-8b90-19bce8e25fba@group-BE71EF97D3BD-SegmentedRaftLogWorker close()
2019-11-05 17:22:10,134 [Thread-1309] INFO  impl.RaftServerImpl (RaftServerImpl.java:lambda$shutdown$3(250)) - e0cdae1a-9ede-4a2c-8b90-19bce8e25fba@group-6A9B9EED928F: shutdown
2019-11-05 17:22:10,134 [Thread-1309] INFO  util.JmxRegister (JmxRegister.java:unregister(73)) - Successfully un-registered JMX Bean with object name Ratis:service=RaftServer,group=group-6A9B9EED928F,id=e0cdae1a-9ede-4a2c-8b90-19bce8e25fba
2019-11-05 17:22:10,134 [Thread-1309] INFO  impl.RoleInfo (RoleInfo.java:shutdownFollowerState(121)) - e0cdae1a-9ede-4a2c-8b90-19bce8e25fba: shutdown FollowerState
2019-11-05 17:22:10,136 [Thread-1309] INFO  impl.StateMachineUpdater (StateMachineUpdater.java:stopAndJoin(136)) - e0cdae1a-9ede-4a2c-8b90-19bce8e25fba@group-6A9B9EED928F-StateMachineUpdater: set stopIndex = -1
2019-11-05 17:22:10,136 [Thread-1309] INFO  impl.RaftServerImpl (ServerState.java:close(387)) - e0cdae1a-9ede-4a2c-8b90-19bce8e25fba@group-6A9B9EED928F: closes. applyIndex: -1
2019-11-05 17:22:10,136 [Thread-1526] INFO  impl.FollowerState (FollowerState.java:run(120)) - e0cdae1a-9ede-4a2c-8b90-19bce8e25fba@group-6A9B9EED928F-FollowerState was interrupted: java.lang.InterruptedException: sleep interrupted
2019-11-05 17:22:10,139 [e0cdae1a-9ede-4a2c-8b90-19bce8e25fba@group-6A9B9EED928F-SegmentedRaftLogWorker] INFO  segmented.SegmentedRaftLogWorker (SegmentedRaftLogWorker.java:run(316)) - e0cdae1a-9ede-4a2c-8b90-19bce8e25fba@group-6A9B9EED928F-SegmentedRaftLogWorker was interrupted, exiting. There are 0 tasks remaining in the queue.
2019-11-05 17:22:10,139 [Thread-1309] INFO  segmented.SegmentedRaftLogWorker (SegmentedRaftLogWorker.java:close(224)) - e0cdae1a-9ede-4a2c-8b90-19bce8e25fba@group-6A9B9EED928F-SegmentedRaftLogWorker close()
2019-11-05 17:22:10,141 [Thread-1309] INFO  server.GrpcService (GrpcService.java:closeImpl(164)) - e0cdae1a-9ede-4a2c-8b90-19bce8e25fba: shutdown server with port 42168 now
2019-11-05 17:22:10,146 [Thread-1309] INFO  server.GrpcService (GrpcService.java:closeImpl(172)) - e0cdae1a-9ede-4a2c-8b90-19bce8e25fba: shutdown server with port 42168 successfully
2019-11-05 17:22:10,155 [refreshUsed-/workdir/hadoop-ozone/ozonefs/target/test-dir/MiniOzoneClusterImpl-87e11107-06f8-4551-95b5-96682ea7f8da/datanode-2/data/containers] WARN  fs.CachingGetSpaceUsed (CachingGetSpaceUsed.java:run(183)) - Thread Interrupted waiting to refresh disk information: sleep interrupted
2019-11-05 17:22:10,181 [Thread-1309] INFO  utils.BackgroundService (BackgroundService.java:shutdown(151)) - Shutting down service BlockDeletingService
2019-11-05 17:22:10,183 [Thread-1309] INFO  statemachine.DatanodeStateMachine (DatanodeStateMachine.java:stopDaemon(395)) - Ozone container server stopped.
2019-11-05 17:22:10,185 [Thread-1309] INFO  handler.ContextHandler (ContextHandler.java:doStop(910)) - Stopped o.e.j.w.WebAppContext@48ba92ca{/,null,UNAVAILABLE}{/hddsDatanode}
2019-11-05 17:22:10,186 [Thread-1309] INFO  server.AbstractConnector (AbstractConnector.java:doStop(318)) - Stopped ServerConnector@4ff1fca5{HTTP/1.1,[http/1.1]}{0.0.0.0:0}
2019-11-05 17:22:10,187 [Thread-1309] INFO  handler.ContextHandler (ContextHandler.java:doStop(910)) - Stopped o.e.j.s.ServletContextHandler@64c0250e{/static,jar:file:/home/user/.m2/repository/org/apache/hadoop/hadoop-hdds-container-service/0.5.0-SNAPSHOT/hadoop-hdds-container-service-0.5.0-SNAPSHOT.jar!/webapps/static,UNAVAILABLE}
2019-11-05 17:22:10,187 [Thread-1309] INFO  handler.ContextHandler (ContextHandler.java:doStop(910)) - Stopped o.e.j.s.ServletContextHandler@5c97d030{/logs,file:///workdir/hadoop-ozone/ozonefs/target/log,UNAVAILABLE}
2019-11-05 17:22:10,189 [Thread-1309] INFO  ozone.MiniOzoneClusterImpl (MiniOzoneClusterImpl.java:stopSCM(392)) - Stopping the StorageContainerManager
2019-11-05 17:22:10,189 [Thread-1309] INFO  server.StorageContainerManager (StorageContainerManager.java:stop(802)) - Stopping Replication Manager Service.
2019-11-05 17:22:10,189 [Thread-1309] INFO  container.ReplicationManager (ReplicationManager.java:stop(203)) - Stopping Replication Monitor Thread.
2019-11-05 17:22:10,189 [Thread-1309] INFO  server.StorageContainerManager (StorageContainerManager.java:stop(809)) - Stopping Lease Manager of the command watchers
2019-11-05 17:22:10,190 [Thread-1309] INFO  server.StorageContainerManager (StorageContainerManager.java:stop(816)) - Stopping datanode service RPC server
2019-11-05 17:22:10,190 [Thread-1309] INFO  server.SCMDatanodeProtocolServer (SCMDatanodeProtocolServer.java:stop(346)) - Stopping the RPC server for DataNodes
2019-11-05 17:22:10,190 [Thread-1309] INFO  ipc.Server (Server.java:stop(3082)) - Stopping server on 43706
2019-11-05 17:22:10,200 [IPC Server listener on 43706] INFO  ipc.Server (Server.java:run(1185)) - Stopping IPC Server listener on 43706
2019-11-05 17:22:10,201 [IPC Server Responder] INFO  ipc.Server (Server.java:run(1319)) - Stopping IPC Server Responder
2019-11-05 17:22:10,218 [SCM Heartbeat Processing Thread - 0] WARN  node.NodeStateManager (NodeStateManager.java:scheduleNextHealthCheck(646)) - Current Thread is interrupted, shutting down HB processing thread for Node Manager.
2019-11-05 17:22:10,219 [Thread-1309] INFO  server.StorageContainerManager (StorageContainerManager.java:stop(824)) - Stopping block service RPC server
2019-11-05 17:22:10,219 [Thread-1309] INFO  server.SCMBlockProtocolServer (SCMBlockProtocolServer.java:stop(155)) - Stopping the RPC server for Block Protocol
2019-11-05 17:22:10,219 [Thread-1309] INFO  ipc.Server (Server.java:stop(3082)) - Stopping server on 39168
2019-11-05 17:22:10,222 [IPC Server listener on 39168] INFO  ipc.Server (Server.java:run(1185)) - Stopping IPC Server listener on 39168
2019-11-05 17:22:10,232 [Thread-1309] INFO  server.StorageContainerManager (StorageContainerManager.java:stop(831)) - Stopping the StorageContainerLocationProtocol RPC server
2019-11-05 17:22:10,232 [IPC Server Responder] INFO  ipc.Server (Server.java:run(1319)) - Stopping IPC Server Responder
2019-11-05 17:22:10,232 [Thread-1309] INFO  server.SCMClientProtocolServer (SCMClientProtocolServer.java:stop(168)) - Stopping the RPC server for Client Protocol
2019-11-05 17:22:10,233 [Thread-1309] INFO  ipc.Server (Server.java:stop(3082)) - Stopping server on 37685
2019-11-05 17:22:10,236 [IPC Server listener on 37685] INFO  ipc.Server (Server.java:run(1185)) - Stopping IPC Server listener on 37685
2019-11-05 17:22:10,240 [IPC Server Responder] INFO  ipc.Server (Server.java:run(1319)) - Stopping IPC Server Responder
2019-11-05 17:22:10,240 [Thread-1309] INFO  server.StorageContainerManager (StorageContainerManager.java:stop(838)) - Stopping Storage Container Manager HTTP server.
2019-11-05 17:22:10,244 [Thread-1309] INFO  handler.ContextHandler (ContextHandler.java:doStop(910)) - Stopped o.e.j.w.WebAppContext@4e3c38c{/,null,UNAVAILABLE}{/scm}
2019-11-05 17:22:10,246 [Thread-1309] INFO  server.AbstractConnector (AbstractConnector.java:doStop(318)) - Stopped ServerConnector@3f8c4f13{HTTP/1.1,[http/1.1]}{0.0.0.0:0}
2019-11-05 17:22:10,247 [Thread-1309] INFO  handler.ContextHandler (ContextHandler.java:doStop(910)) - Stopped o.e.j.s.ServletContextHandler@379fb258{/static,jar:file:/home/user/.m2/repository/org/apache/hadoop/hadoop-hdds-server-scm/0.5.0-SNAPSHOT/hadoop-hdds-server-scm-0.5.0-SNAPSHOT.jar!/webapps/static,UNAVAILABLE}
2019-11-05 17:22:10,247 [Thread-1309] INFO  handler.ContextHandler (ContextHandler.java:doStop(910)) - Stopped o.e.j.s.ServletContextHandler@3a1c17f6{/logs,file:///workdir/hadoop-ozone/ozonefs/target/log,UNAVAILABLE}
2019-11-05 17:22:10,255 [Thread-1309] INFO  server.StorageContainerManager (StorageContainerManager.java:stop(849)) - Stopping Block Manager Service.
2019-11-05 17:22:10,255 [Thread-1309] INFO  utils.BackgroundService (BackgroundService.java:shutdown(151)) - Shutting down service SCMBlockDeletingService
2019-11-05 17:22:10,256 [Thread-1309] INFO  utils.BackgroundService (BackgroundService.java:shutdown(151)) - Shutting down service SCMBlockDeletingService
2019-11-05 17:22:10,256 [Thread-1309] INFO  server.StorageContainerManager (StorageContainerManager.java:stop(871)) - Stopping SCM Event Queue.
2019-11-05 17:22:10,268 [Thread-1309] INFO  impl.MetricsSystemImpl (MetricsSystemImpl.java:stop(210)) - Stopping HddsDatanode metrics system...
2019-11-05 17:22:10,282 [Thread-1309] INFO  impl.MetricsSystemImpl (MetricsSystemImpl.java:stop(216)) - HddsDatanode metrics system stopped.
]]></system-out>
  </testcase>
  <testcase name="testListStatusOnLargeDirectory" classname="org.apache.hadoop.fs.ozone.TestOzoneFileSystem" time="301.753">
    <error message="test timed out after 300000 milliseconds" type="java.lang.Exception">java.lang.Exception: test timed out after 300000 milliseconds
	at java.lang.Object.wait(Native Method)
	at java.lang.Object.wait(Object.java:502)
	at org.apache.hadoop.util.concurrent.AsyncGet$Util.wait(AsyncGet.java:59)
	at org.apache.hadoop.ipc.Client.getRpcResponse(Client.java:1499)
	at org.apache.hadoop.ipc.Client.call(Client.java:1457)
	at org.apache.hadoop.ipc.Client.call(Client.java:1367)
	at org.apache.hadoop.ipc.ProtobufRpcEngine$Invoker.invoke(ProtobufRpcEngine.java:228)
	at org.apache.hadoop.ipc.ProtobufRpcEngine$Invoker.invoke(ProtobufRpcEngine.java:116)
	at com.sun.proxy.$Proxy37.submitRequest(Unknown Source)
	at sun.reflect.GeneratedMethodAccessor21.invoke(Unknown Source)
	at sun.reflect.DelegatingMethodAccessorImpl.invoke(DelegatingMethodAccessorImpl.java:43)
	at java.lang.reflect.Method.invoke(Method.java:498)
	at org.apache.hadoop.io.retry.RetryInvocationHandler.invokeMethod(RetryInvocationHandler.java:422)
	at org.apache.hadoop.io.retry.RetryInvocationHandler$Call.invokeMethod(RetryInvocationHandler.java:165)
	at org.apache.hadoop.io.retry.RetryInvocationHandler$Call.invoke(RetryInvocationHandler.java:157)
	at org.apache.hadoop.io.retry.RetryInvocationHandler$Call.invokeOnce(RetryInvocationHandler.java:95)
	at org.apache.hadoop.io.retry.RetryInvocationHandler.invoke(RetryInvocationHandler.java:359)
	at com.sun.proxy.$Proxy37.submitRequest(Unknown Source)
	at org.apache.hadoop.ozone.om.protocolPB.OzoneManagerProtocolClientSideTranslatorPB.submitRequest(OzoneManagerProtocolClientSideTranslatorPB.java:358)
	at org.apache.hadoop.ozone.om.protocolPB.OzoneManagerProtocolClientSideTranslatorPB.listStatus(OzoneManagerProtocolClientSideTranslatorPB.java:1586)
	at sun.reflect.GeneratedMethodAccessor153.invoke(Unknown Source)
	at sun.reflect.DelegatingMethodAccessorImpl.invoke(DelegatingMethodAccessorImpl.java:43)
	at java.lang.reflect.Method.invoke(Method.java:498)
	at org.apache.hadoop.hdds.tracing.TraceAllMethod.invoke(TraceAllMethod.java:66)
	at com.sun.proxy.$Proxy38.listStatus(Unknown Source)
	at org.apache.hadoop.ozone.client.rpc.RpcClient.listStatus(RpcClient.java:1040)
	at org.apache.hadoop.ozone.client.OzoneBucket.listStatus(OzoneBucket.java:555)
	at org.apache.hadoop.fs.ozone.BasicOzoneClientAdapterImpl.listStatus(BasicOzoneClientAdapterImpl.java:308)
	at org.apache.hadoop.fs.ozone.BasicOzoneFileSystem.listStatus(BasicOzoneFileSystem.java:533)
	at org.apache.hadoop.fs.ozone.TestOzoneFileSystem.testListStatusOnLargeDirectory(TestOzoneFileSystem.java:219)
	at sun.reflect.NativeMethodAccessorImpl.invoke0(Native Method)
	at sun.reflect.NativeMethodAccessorImpl.invoke(NativeMethodAccessorImpl.java:62)
	at sun.reflect.DelegatingMethodAccessorImpl.invoke(DelegatingMethodAccessorImpl.java:43)
	at java.lang.reflect.Method.invoke(Method.java:498)
	at org.junit.runners.model.FrameworkMethod$1.runReflectiveCall(FrameworkMethod.java:47)
	at org.junit.internal.runners.model.ReflectiveCallable.run(ReflectiveCallable.java:12)
	at org.junit.runners.model.FrameworkMethod.invokeExplosively(FrameworkMethod.java:44)
	at org.junit.internal.runners.statements.InvokeMethod.evaluate(InvokeMethod.java:17)
	at org.junit.internal.runners.statements.RunBefores.evaluate(RunBefores.java:26)
	at org.junit.internal.runners.statements.RunAfters.evaluate(RunAfters.java:27)
	at org.junit.internal.runners.statements.FailOnTimeout$StatementThread.run(FailOnTimeout.java:74)
</error>
    <system-out><![CDATA[2019-11-05 17:22:10,411 [Thread-1527] WARN  server.ServerUtils (ServerUtils.java:getScmDbDir(145)) - ozone.scm.db.dirs is not configured. We recommend adding this setting. Falling back to ozone.metadata.dirs instead.
2019-11-05 17:22:10,482 [Thread-1527] WARN  server.ServerUtils (ServerUtils.java:getScmDbDir(145)) - ozone.scm.db.dirs is not configured. We recommend adding this setting. Falling back to ozone.metadata.dirs instead.
2019-11-05 17:22:10,482 [Thread-1527] WARN  server.ServerUtils (ServerUtils.java:getScmDbDir(145)) - ozone.scm.db.dirs is not configured. We recommend adding this setting. Falling back to ozone.metadata.dirs instead.
2019-11-05 17:22:10,483 [Thread-1527] INFO  db.DBStoreBuilder (DBStoreBuilder.java:addTable(127)) - using custom profile for table: deletedBlocks
2019-11-05 17:22:10,484 [Thread-1527] INFO  db.DBStoreBuilder (DBStoreBuilder.java:processTables(183)) - Using default column profile:DBProfile.DISK for Table:deletedBlocks
2019-11-05 17:22:10,484 [Thread-1527] INFO  db.DBStoreBuilder (DBStoreBuilder.java:addTable(127)) - using custom profile for table: validCerts
2019-11-05 17:22:10,484 [Thread-1527] INFO  db.DBStoreBuilder (DBStoreBuilder.java:processTables(183)) - Using default column profile:DBProfile.DISK for Table:validCerts
2019-11-05 17:22:10,485 [Thread-1527] INFO  db.DBStoreBuilder (DBStoreBuilder.java:addTable(127)) - using custom profile for table: revokedCerts
2019-11-05 17:22:10,485 [Thread-1527] INFO  db.DBStoreBuilder (DBStoreBuilder.java:processTables(183)) - Using default column profile:DBProfile.DISK for Table:revokedCerts
2019-11-05 17:22:10,485 [Thread-1527] INFO  db.DBStoreBuilder (DBStoreBuilder.java:addTable(127)) - using custom profile for table: default
2019-11-05 17:22:10,485 [Thread-1527] INFO  db.DBStoreBuilder (DBStoreBuilder.java:processTables(189)) - Using default column profile:DBProfile.DISK for Table:default
2019-11-05 17:22:10,485 [Thread-1527] INFO  db.DBStoreBuilder (DBStoreBuilder.java:getDbProfile(220)) - Using default options. DBProfile.DISK
2019-11-05 17:22:10,924 [Thread-1527] INFO  net.NodeSchemaLoader (NodeSchemaLoader.java:loadSchemaFromFile(125)) - Loading file from sun.misc.CompoundEnumeration@a066d28
2019-11-05 17:22:10,925 [Thread-1527] INFO  net.NodeSchemaLoader (NodeSchemaLoader.java:loadSchema(171)) - Loading network topology layer schema file
2019-11-05 17:22:10,937 [Thread-1527] WARN  server.ServerUtils (ServerUtils.java:sanitizeUserArgs(70)) - ozone.scm.stale.node.interval value = 300000 is larger than max = 100000 based on the key value of ozone.scm.heartbeat.thread.interval, reset to the max value 100000.
2019-11-05 17:22:10,937 [Thread-1527] WARN  server.ServerUtils (ServerUtils.java:sanitizeUserArgs(70)) - ozone.scm.stale.node.interval value = 300000 is larger than max = 100000 based on the key value of ozone.scm.heartbeat.thread.interval, reset to the max value 100000.
2019-11-05 17:22:10,938 [Thread-1527] INFO  node.SCMNodeManager (SCMNodeManager.java:<init>(116)) - Entering startup safe mode.
2019-11-05 17:22:10,939 [Thread-1527] INFO  algorithms.ContainerPlacementPolicyFactory (ContainerPlacementPolicyFactory.java:getPolicy(57)) - Create container placement policy of type org.apache.hadoop.hdds.scm.container.placement.algorithms.SCMContainerPlacementRandom
2019-11-05 17:22:10,939 [Thread-1527] WARN  server.ServerUtils (ServerUtils.java:getScmDbDir(145)) - ozone.scm.db.dirs is not configured. We recommend adding this setting. Falling back to ozone.metadata.dirs instead.
2019-11-05 17:22:11,061 [Thread-1527] INFO  pipeline.SCMPipelineManager (SCMPipelineManager.java:initializePipelineState(132)) - No pipeline exists in current db
2019-11-05 17:22:11,061 [Thread-1527] WARN  server.ServerUtils (ServerUtils.java:getScmDbDir(145)) - ozone.scm.db.dirs is not configured. We recommend adding this setting. Falling back to ozone.metadata.dirs instead.
2019-11-05 17:22:11,164 [Thread-1527] WARN  events.EventQueue (EventQueue.java:fireEvent(183)) - No event handler registered for event TypedEvent{payloadType=SafeModeStatus, name='SafeModeStatus'}
2019-11-05 17:22:11,165 [Thread-1527] INFO  ipc.CallQueueManager (CallQueueManager.java:<init>(84)) - Using callQueue: class java.util.concurrent.LinkedBlockingQueue, queueCapacity: 2000, scheduler: class org.apache.hadoop.ipc.DefaultRpcScheduler, ipcBackoff: false.
2019-11-05 17:22:11,194 [Socket Reader #1 for port 35800] INFO  ipc.Server (Server.java:run(1074)) - Starting Socket Reader #1 for port 35800
2019-11-05 17:22:11,198 [Thread-1527] INFO  ipc.CallQueueManager (CallQueueManager.java:<init>(84)) - Using callQueue: class java.util.concurrent.LinkedBlockingQueue, queueCapacity: 2000, scheduler: class org.apache.hadoop.ipc.DefaultRpcScheduler, ipcBackoff: false.
2019-11-05 17:22:11,199 [Socket Reader #1 for port 38970] INFO  ipc.Server (Server.java:run(1074)) - Starting Socket Reader #1 for port 38970
2019-11-05 17:22:11,200 [Thread-1527] INFO  ipc.CallQueueManager (CallQueueManager.java:<init>(84)) - Using callQueue: class java.util.concurrent.LinkedBlockingQueue, queueCapacity: 2000, scheduler: class org.apache.hadoop.ipc.DefaultRpcScheduler, ipcBackoff: false.
2019-11-05 17:22:11,202 [Socket Reader #1 for port 41246] INFO  ipc.Server (Server.java:run(1074)) - Starting Socket Reader #1 for port 41246
2019-11-05 17:22:11,222 [Thread-1527] INFO  hdfs.DFSUtil (DFSUtil.java:httpServerTemplateForNNAndJN(1641)) - Starting Web-server for scm at: http://0.0.0.0:0
2019-11-05 17:22:11,225 [Thread-1527] INFO  server.AuthenticationFilter (AuthenticationFilter.java:constructSecretProvider(240)) - Unable to initialize FileSignerSecretProvider, falling back to use random secrets.
2019-11-05 17:22:11,248 [Thread-1527] WARN  http.HttpRequestLog (HttpRequestLog.java:getRequestLog(97)) - Jetty request log can only be enabled using Log4j
2019-11-05 17:22:11,251 [Thread-1527] INFO  http.HttpServer2 (HttpServer2.java:addGlobalFilter(975)) - Added global filter 'safety' (class=org.apache.hadoop.http.HttpServer2$QuotingInputFilter)
2019-11-05 17:22:11,252 [Thread-1527] INFO  http.HttpServer2 (HttpServer2.java:addFilter(948)) - Added filter static_user_filter (class=org.apache.hadoop.http.lib.StaticUserWebFilter$StaticUserFilter) to context scm
2019-11-05 17:22:11,252 [Thread-1527] INFO  http.HttpServer2 (HttpServer2.java:addFilter(958)) - Added filter static_user_filter (class=org.apache.hadoop.http.lib.StaticUserWebFilter$StaticUserFilter) to context logs
2019-11-05 17:22:11,252 [Thread-1527] INFO  http.HttpServer2 (HttpServer2.java:addFilter(958)) - Added filter static_user_filter (class=org.apache.hadoop.http.lib.StaticUserWebFilter$StaticUserFilter) to context static
2019-11-05 17:22:11,254 [Thread-1527] INFO  server.StorageContainerManager (StorageContainerManager.java:start(764)) - StorageContainerLocationProtocol RPC server is listening at /0.0.0.0:41246
2019-11-05 17:22:11,257 [Thread-1527] WARN  impl.MetricsConfig (MetricsConfig.java:loadFirst(134)) - Cannot locate configuration: tried hadoop-metrics2-storagecontainermanager.properties,hadoop-metrics2.properties
2019-11-05 17:22:11,258 [Thread-1527] INFO  impl.MetricsSystemImpl (MetricsSystemImpl.java:startTimer(374)) - Scheduled Metric snapshot period at 10 second(s).
2019-11-05 17:22:11,258 [Thread-1527] INFO  impl.MetricsSystemImpl (MetricsSystemImpl.java:start(191)) - StorageContainerManager metrics system started
2019-11-05 17:22:11,318 [Thread-1527] WARN  impl.MetricsSystemImpl (MetricsSystemImpl.java:register(276)) - Sink prometheus already exists!
2019-11-05 17:22:11,366 [Thread-1527] INFO  server.SCMClientProtocolServer (SCMClientProtocolServer.java:start(159)) - RPC server for Client  is listening at /0.0.0.0:41246
2019-11-05 17:22:11,366 [IPC Server Responder] INFO  ipc.Server (Server.java:run(1314)) - IPC Server Responder: starting
2019-11-05 17:22:11,367 [IPC Server listener on 41246] INFO  ipc.Server (Server.java:run(1153)) - IPC Server listener on 41246: starting
2019-11-05 17:22:11,450 [Thread-1527] INFO  server.StorageContainerManager (StorageContainerManager.java:start(774)) - ScmBlockLocationProtocol RPC server is listening at /0.0.0.0:38970
2019-11-05 17:22:11,451 [Thread-1527] INFO  server.SCMBlockProtocolServer (SCMBlockProtocolServer.java:start(146)) - RPC server for Block Protocol is listening at /0.0.0.0:38970
2019-11-05 17:22:11,452 [IPC Server Responder] INFO  ipc.Server (Server.java:run(1314)) - IPC Server Responder: starting
2019-11-05 17:22:11,452 [IPC Server listener on 38970] INFO  ipc.Server (Server.java:run(1153)) - IPC Server listener on 38970: starting
2019-11-05 17:22:11,504 [Thread-1527] INFO  server.StorageContainerManager (StorageContainerManager.java:start(778)) - ScmDatanodeProtocl RPC server is listening at /0.0.0.0:35800
2019-11-05 17:22:11,504 [Thread-1527] INFO  server.SCMDatanodeProtocolServer (SCMDatanodeProtocolServer.java:start(169)) - RPC server for DataNodes is listening at /0.0.0.0:35800
2019-11-05 17:22:11,517 [IPC Server listener on 35800] INFO  ipc.Server (Server.java:run(1153)) - IPC Server listener on 35800: starting
2019-11-05 17:22:11,517 [IPC Server Responder] INFO  ipc.Server (Server.java:run(1314)) - IPC Server Responder: starting
2019-11-05 17:22:11,603 [Thread-1527] INFO  http.HttpServer2 (HttpServer2.java:bindListener(1191)) - Jetty bound to port 44699
2019-11-05 17:22:11,603 [Thread-1527] INFO  server.Server (Server.java:doStart(351)) - jetty-9.3.25.v20180904, build timestamp: 2018-09-04T21:11:46Z, git hash: 3ce520221d0240229c862b122d2b06c12a625732
2019-11-05 17:22:11,635 [Thread-1527] INFO  handler.ContextHandler (ContextHandler.java:doStart(781)) - Started o.e.j.s.ServletContextHandler@1da9eb89{/logs,file:///workdir/hadoop-ozone/ozonefs/target/log,AVAILABLE}
2019-11-05 17:22:11,636 [Thread-1527] INFO  handler.ContextHandler (ContextHandler.java:doStart(781)) - Started o.e.j.s.ServletContextHandler@28ef0602{/static,jar:file:/home/user/.m2/repository/org/apache/hadoop/hadoop-hdds-server-scm/0.5.0-SNAPSHOT/hadoop-hdds-server-scm-0.5.0-SNAPSHOT.jar!/webapps/static,AVAILABLE}
2019-11-05 17:22:11,695 [Thread-1527] INFO  handler.ContextHandler (ContextHandler.java:doStart(781)) - Started o.e.j.w.WebAppContext@7dde3b92{/,file:///tmp/jetty-0.0.0.0-44699-scm-_-any-3919485292915850423.dir/webapp/,AVAILABLE}{/scm}
2019-11-05 17:22:11,695 [Thread-1527] INFO  server.AbstractConnector (AbstractConnector.java:doStart(278)) - Started ServerConnector@3ae43797{HTTP/1.1,[http/1.1]}{0.0.0.0:44699}
2019-11-05 17:22:11,696 [Thread-1527] INFO  server.Server (Server.java:doStart(419)) - Started @140767ms
2019-11-05 17:22:11,697 [Thread-1527] WARN  impl.MetricsSystemImpl (MetricsSystemImpl.java:register(276)) - Sink prometheus already exists!
2019-11-05 17:22:11,698 [Thread-1527] INFO  server.BaseHttpServer (BaseHttpServer.java:updateConnectorAddress(215)) - HTTP server of SCM is listening at http://0.0.0.0:44699
2019-11-05 17:22:11,699 [Thread-1527] WARN  server.ServerUtils (ServerUtils.java:getDBPath(222)) - ozone.om.db.dirs is not configured. We recommend adding this setting. Falling back to ozone.metadata.dirs instead.
2019-11-05 17:22:11,703 [org.apache.hadoop.util.JvmPauseMonitor$Monitor@379ee118] INFO  util.JvmPauseMonitor (JvmPauseMonitor.java:run(188)) - Starting JVM pause monitor
2019-11-05 17:22:11,744 [Thread-1527] INFO  ha.OMHANodeDetails (OMHANodeDetails.java:loadOMHAConfig(190)) - Configuration either no ozone.om.address set. Falling back to the default OM address /127.0.0.1:0
2019-11-05 17:22:11,744 [Thread-1527] INFO  ha.OMHANodeDetails (OMHANodeDetails.java:getOMNodeDetails(220)) - OM Service ID is not set. Setting it to the default ID: omServiceIdDefault
2019-11-05 17:22:11,745 [Thread-1527] WARN  server.ServerUtils (ServerUtils.java:getDBPath(222)) - ozone.om.db.dirs is not configured. We recommend adding this setting. Falling back to ozone.metadata.dirs instead.
2019-11-05 17:22:11,745 [Thread-1527] WARN  server.ServerUtils (ServerUtils.java:getDBPath(222)) - ozone.om.db.dirs is not configured. We recommend adding this setting. Falling back to ozone.metadata.dirs instead.
2019-11-05 17:22:11,813 [Thread-1527] WARN  server.ServerUtils (ServerUtils.java:getDBPath(222)) - ozone.om.db.dirs is not configured. We recommend adding this setting. Falling back to ozone.metadata.dirs instead.
2019-11-05 17:22:11,815 [Thread-1527] INFO  db.DBStoreBuilder (DBStoreBuilder.java:addTable(127)) - using custom profile for table: userTable
2019-11-05 17:22:11,816 [Thread-1527] INFO  db.DBStoreBuilder (DBStoreBuilder.java:processTables(183)) - Using default column profile:DBProfile.DISK for Table:userTable
2019-11-05 17:22:11,816 [Thread-1527] INFO  db.DBStoreBuilder (DBStoreBuilder.java:addTable(127)) - using custom profile for table: volumeTable
2019-11-05 17:22:11,816 [Thread-1527] INFO  db.DBStoreBuilder (DBStoreBuilder.java:processTables(183)) - Using default column profile:DBProfile.DISK for Table:volumeTable
2019-11-05 17:22:11,816 [Thread-1527] INFO  db.DBStoreBuilder (DBStoreBuilder.java:addTable(127)) - using custom profile for table: bucketTable
2019-11-05 17:22:11,816 [Thread-1527] INFO  db.DBStoreBuilder (DBStoreBuilder.java:processTables(183)) - Using default column profile:DBProfile.DISK for Table:bucketTable
2019-11-05 17:22:11,817 [Thread-1527] INFO  db.DBStoreBuilder (DBStoreBuilder.java:addTable(127)) - using custom profile for table: keyTable
2019-11-05 17:22:11,817 [Thread-1527] INFO  db.DBStoreBuilder (DBStoreBuilder.java:processTables(183)) - Using default column profile:DBProfile.DISK for Table:keyTable
2019-11-05 17:22:11,817 [Thread-1527] INFO  db.DBStoreBuilder (DBStoreBuilder.java:addTable(127)) - using custom profile for table: deletedTable
2019-11-05 17:22:11,849 [Thread-1527] INFO  db.DBStoreBuilder (DBStoreBuilder.java:processTables(183)) - Using default column profile:DBProfile.DISK for Table:deletedTable
2019-11-05 17:22:11,850 [Thread-1527] INFO  db.DBStoreBuilder (DBStoreBuilder.java:addTable(127)) - using custom profile for table: openKeyTable
2019-11-05 17:22:11,850 [Thread-1527] INFO  db.DBStoreBuilder (DBStoreBuilder.java:processTables(183)) - Using default column profile:DBProfile.DISK for Table:openKeyTable
2019-11-05 17:22:11,850 [Thread-1527] INFO  db.DBStoreBuilder (DBStoreBuilder.java:addTable(127)) - using custom profile for table: s3Table
2019-11-05 17:22:11,850 [Thread-1527] INFO  db.DBStoreBuilder (DBStoreBuilder.java:processTables(183)) - Using default column profile:DBProfile.DISK for Table:s3Table
2019-11-05 17:22:11,851 [Thread-1527] INFO  db.DBStoreBuilder (DBStoreBuilder.java:addTable(127)) - using custom profile for table: multipartInfoTable
2019-11-05 17:22:11,851 [Thread-1527] INFO  db.DBStoreBuilder (DBStoreBuilder.java:processTables(183)) - Using default column profile:DBProfile.DISK for Table:multipartInfoTable
2019-11-05 17:22:11,851 [Thread-1527] INFO  db.DBStoreBuilder (DBStoreBuilder.java:addTable(127)) - using custom profile for table: dTokenTable
2019-11-05 17:22:11,851 [Thread-1527] INFO  db.DBStoreBuilder (DBStoreBuilder.java:processTables(183)) - Using default column profile:DBProfile.DISK for Table:dTokenTable
2019-11-05 17:22:11,851 [Thread-1527] INFO  db.DBStoreBuilder (DBStoreBuilder.java:addTable(127)) - using custom profile for table: s3SecretTable
2019-11-05 17:22:11,851 [Thread-1527] INFO  db.DBStoreBuilder (DBStoreBuilder.java:processTables(183)) - Using default column profile:DBProfile.DISK for Table:s3SecretTable
2019-11-05 17:22:11,852 [Thread-1527] INFO  db.DBStoreBuilder (DBStoreBuilder.java:addTable(127)) - using custom profile for table: prefixTable
2019-11-05 17:22:11,852 [Thread-1527] INFO  db.DBStoreBuilder (DBStoreBuilder.java:processTables(183)) - Using default column profile:DBProfile.DISK for Table:prefixTable
2019-11-05 17:22:11,852 [Thread-1527] INFO  db.DBStoreBuilder (DBStoreBuilder.java:addTable(127)) - using custom profile for table: default
2019-11-05 17:22:11,852 [Thread-1527] INFO  db.DBStoreBuilder (DBStoreBuilder.java:processTables(189)) - Using default column profile:DBProfile.DISK for Table:default
2019-11-05 17:22:11,852 [Thread-1527] INFO  db.DBStoreBuilder (DBStoreBuilder.java:getDbProfile(220)) - Using default options. DBProfile.DISK
2019-11-05 17:22:12,500 [Thread-1527] INFO  ipc.CallQueueManager (CallQueueManager.java:<init>(84)) - Using callQueue: class java.util.concurrent.LinkedBlockingQueue, queueCapacity: 2000, scheduler: class org.apache.hadoop.ipc.DefaultRpcScheduler, ipcBackoff: false.
2019-11-05 17:22:12,501 [Socket Reader #1 for port 39474] INFO  ipc.Server (Server.java:run(1074)) - Starting Socket Reader #1 for port 39474
2019-11-05 17:22:12,543 [Thread-1527] INFO  om.OzoneManager (OzoneManager.java:start(1076)) - OzoneManager RPC server is listening at localhost/127.0.0.1:39474
2019-11-05 17:22:12,544 [Thread-1527] INFO  impl.MetricsSystemImpl (MetricsSystemImpl.java:init(158)) - OzoneManager metrics system started (again)
2019-11-05 17:22:12,545 [IPC Server Responder] INFO  ipc.Server (Server.java:run(1314)) - IPC Server Responder: starting
2019-11-05 17:22:12,549 [IPC Server listener on 39474] INFO  ipc.Server (Server.java:run(1153)) - IPC Server listener on 39474: starting
2019-11-05 17:22:12,553 [Thread-1527] INFO  hdfs.DFSUtil (DFSUtil.java:httpServerTemplateForNNAndJN(1641)) - Starting Web-server for ozoneManager at: http://0.0.0.0:0
2019-11-05 17:22:12,555 [Thread-1527] INFO  server.AuthenticationFilter (AuthenticationFilter.java:constructSecretProvider(240)) - Unable to initialize FileSignerSecretProvider, falling back to use random secrets.
2019-11-05 17:22:12,556 [Thread-1527] WARN  http.HttpRequestLog (HttpRequestLog.java:getRequestLog(97)) - Jetty request log can only be enabled using Log4j
2019-11-05 17:22:12,559 [Thread-1527] INFO  http.HttpServer2 (HttpServer2.java:addGlobalFilter(975)) - Added global filter 'safety' (class=org.apache.hadoop.http.HttpServer2$QuotingInputFilter)
2019-11-05 17:22:12,560 [Thread-1527] INFO  http.HttpServer2 (HttpServer2.java:addFilter(948)) - Added filter static_user_filter (class=org.apache.hadoop.http.lib.StaticUserWebFilter$StaticUserFilter) to context ozoneManager
2019-11-05 17:22:12,560 [Thread-1527] INFO  http.HttpServer2 (HttpServer2.java:addFilter(958)) - Added filter static_user_filter (class=org.apache.hadoop.http.lib.StaticUserWebFilter$StaticUserFilter) to context static
2019-11-05 17:22:12,560 [Thread-1527] INFO  http.HttpServer2 (HttpServer2.java:addFilter(958)) - Added filter static_user_filter (class=org.apache.hadoop.http.lib.StaticUserWebFilter$StaticUserFilter) to context logs
2019-11-05 17:22:12,561 [Thread-1527] INFO  http.HttpServer2 (HttpServer2.java:bindListener(1191)) - Jetty bound to port 34559
2019-11-05 17:22:12,561 [Thread-1527] INFO  server.Server (Server.java:doStart(351)) - jetty-9.3.25.v20180904, build timestamp: 2018-09-04T21:11:46Z, git hash: 3ce520221d0240229c862b122d2b06c12a625732
2019-11-05 17:22:12,563 [Thread-1527] INFO  handler.ContextHandler (ContextHandler.java:doStart(781)) - Started o.e.j.s.ServletContextHandler@532145c8{/logs,file:///workdir/hadoop-ozone/ozonefs/target/log,AVAILABLE}
2019-11-05 17:22:12,564 [Thread-1527] INFO  handler.ContextHandler (ContextHandler.java:doStart(781)) - Started o.e.j.s.ServletContextHandler@580c5e9d{/static,jar:file:/home/user/.m2/repository/org/apache/hadoop/hadoop-ozone-ozone-manager/0.5.0-SNAPSHOT/hadoop-ozone-ozone-manager-0.5.0-SNAPSHOT.jar!/webapps/static,AVAILABLE}
2019-11-05 17:22:12,726 [Thread-1527] INFO  handler.ContextHandler (ContextHandler.java:doStart(781)) - Started o.e.j.w.WebAppContext@9e27eb8{/,file:///tmp/jetty-0.0.0.0-34559-ozoneManager-_-any-728438973177615497.dir/webapp/,AVAILABLE}{/ozoneManager}
2019-11-05 17:22:12,733 [Thread-1527] INFO  server.AbstractConnector (AbstractConnector.java:doStart(278)) - Started ServerConnector@67aa91ca{HTTP/1.1,[http/1.1]}{0.0.0.0:34559}
2019-11-05 17:22:12,733 [Thread-1527] INFO  server.Server (Server.java:doStart(419)) - Started @141804ms
2019-11-05 17:22:12,734 [Thread-1527] WARN  impl.MetricsSystemImpl (MetricsSystemImpl.java:register(276)) - Sink prometheus already exists!
2019-11-05 17:22:12,736 [Thread-1527] INFO  server.BaseHttpServer (BaseHttpServer.java:updateConnectorAddress(215)) - HTTP server of OZONEMANAGER is listening at http://0.0.0.0:34559
2019-11-05 17:22:12,769 [Thread-1527] INFO  impl.MetricsSystemImpl (MetricsSystemImpl.java:init(158)) - HddsDatanode metrics system started (again)
2019-11-05 17:22:12,779 [Thread-1527] INFO  ozone.HddsDatanodeService (HddsDatanodeService.java:start(183)) - HddsDatanodeService host:pr-hdds-1987-xp2v8-1198919540 ip:192.168.157.254
2019-11-05 17:22:12,833 [Thread-1527] INFO  volume.HddsVolume (HddsVolume.java:<init>(176)) - Creating Volume: /workdir/hadoop-ozone/ozonefs/target/test-dir/MiniOzoneClusterImpl-501a243b-a211-4214-91e5-f40f4c8fcccf/datanode-0/data/containers/hdds of  storage type : DISK and capacity : 1482555576320
2019-11-05 17:22:12,834 [Thread-1527] INFO  volume.VolumeSet (VolumeSet.java:initializeVolumeSet(170)) - Added Volume : /workdir/hadoop-ozone/ozonefs/target/test-dir/MiniOzoneClusterImpl-501a243b-a211-4214-91e5-f40f4c8fcccf/datanode-0/data/containers/hdds to VolumeSet
2019-11-05 17:22:12,834 [Thread-1527] INFO  volume.ThrottledAsyncChecker (ThrottledAsyncChecker.java:schedule(141)) - Scheduling a check for /workdir/hadoop-ozone/ozonefs/target/test-dir/MiniOzoneClusterImpl-501a243b-a211-4214-91e5-f40f4c8fcccf/datanode-0/data/containers/hdds
2019-11-05 17:22:12,861 [Thread-1527] INFO  volume.HddsVolumeChecker (HddsVolumeChecker.java:checkAllVolumes(204)) - Scheduled health check for volume /workdir/hadoop-ozone/ozonefs/target/test-dir/MiniOzoneClusterImpl-501a243b-a211-4214-91e5-f40f4c8fcccf/datanode-0/data/containers/hdds
2019-11-05 17:22:12,917 [Thread-1527] INFO  impl.RaftServerProxy (ConfUtils.java:logGet(43)) - raft.rpc.type = GRPC (default)
2019-11-05 17:22:12,917 [Thread-1527] INFO  grpc.GrpcFactory (GrpcFactory.java:checkPooledByteBufAllocatorUseCacheForAllThreads(45)) - PERFORMANCE WARNING: useCacheForAllThreads is true that may cause Netty to create a lot garbage objects and, as a result, trigger GC.
	It is recommended to disable useCacheForAllThreads by setting -Dorg.apache.ratis.thirdparty.io.netty.allocator.useCacheForAllThreads=false in command line.
2019-11-05 17:22:12,918 [Thread-1527] INFO  grpc.GrpcConfigKeys$Server (ConfUtils.java:logGet(43)) - raft.grpc.server.port = 0 (default)
2019-11-05 17:22:12,918 [Thread-1527] INFO  server.GrpcService (ConfUtils.java:logGet(43)) - raft.grpc.message.size.max = 33570816 (custom)
2019-11-05 17:22:12,918 [Thread-1527] INFO  server.RaftServerConfigKeys (ConfUtils.java:logGet(43)) - raft.server.log.appender.buffer.byte-limit = 33554432 (custom)
2019-11-05 17:22:12,918 [Thread-1527] INFO  server.GrpcService (ConfUtils.java:logGet(43)) - raft.grpc.flow.control.window = 1MB (=1048576) (default)
2019-11-05 17:22:12,918 [Thread-1527] INFO  server.RaftServerConfigKeys (ConfUtils.java:logGet(43)) - raft.server.rpc.request.timeout = 3000ms (default)
2019-11-05 17:22:12,919 [Thread-1527] INFO  server.RaftServerConfigKeys (ConfUtils.java:logGet(43)) - raft.server.storage.dir = [/workdir/hadoop-ozone/ozonefs/target/test-dir/MiniOzoneClusterImpl-501a243b-a211-4214-91e5-f40f4c8fcccf/datanode-0/data/ratis] (custom)
2019-11-05 17:22:12,922 [Thread-1527] INFO  hdfs.DFSUtil (DFSUtil.java:httpServerTemplateForNNAndJN(1641)) - Starting Web-server for hddsDatanode at: http://0.0.0.0:0
2019-11-05 17:22:12,924 [Thread-1527] INFO  server.AuthenticationFilter (AuthenticationFilter.java:constructSecretProvider(240)) - Unable to initialize FileSignerSecretProvider, falling back to use random secrets.
2019-11-05 17:22:12,925 [Thread-1527] WARN  http.HttpRequestLog (HttpRequestLog.java:getRequestLog(97)) - Jetty request log can only be enabled using Log4j
2019-11-05 17:22:12,927 [Thread-1527] INFO  http.HttpServer2 (HttpServer2.java:addGlobalFilter(975)) - Added global filter 'safety' (class=org.apache.hadoop.http.HttpServer2$QuotingInputFilter)
2019-11-05 17:22:12,928 [Thread-1527] INFO  http.HttpServer2 (HttpServer2.java:addFilter(948)) - Added filter static_user_filter (class=org.apache.hadoop.http.lib.StaticUserWebFilter$StaticUserFilter) to context hddsDatanode
2019-11-05 17:22:12,928 [Thread-1527] INFO  http.HttpServer2 (HttpServer2.java:addFilter(958)) - Added filter static_user_filter (class=org.apache.hadoop.http.lib.StaticUserWebFilter$StaticUserFilter) to context logs
2019-11-05 17:22:12,928 [Thread-1527] INFO  http.HttpServer2 (HttpServer2.java:addFilter(958)) - Added filter static_user_filter (class=org.apache.hadoop.http.lib.StaticUserWebFilter$StaticUserFilter) to context static
2019-11-05 17:22:12,929 [Thread-1527] INFO  http.HttpServer2 (HttpServer2.java:bindListener(1191)) - Jetty bound to port 36483
2019-11-05 17:22:12,929 [Thread-1527] INFO  server.Server (Server.java:doStart(351)) - jetty-9.3.25.v20180904, build timestamp: 2018-09-04T21:11:46Z, git hash: 3ce520221d0240229c862b122d2b06c12a625732
2019-11-05 17:22:12,930 [Thread-1527] INFO  handler.ContextHandler (ContextHandler.java:doStart(781)) - Started o.e.j.s.ServletContextHandler@47f58013{/logs,file:///workdir/hadoop-ozone/ozonefs/target/log,AVAILABLE}
2019-11-05 17:22:12,931 [Thread-1527] INFO  handler.ContextHandler (ContextHandler.java:doStart(781)) - Started o.e.j.s.ServletContextHandler@980f1d8{/static,jar:file:/home/user/.m2/repository/org/apache/hadoop/hadoop-hdds-container-service/0.5.0-SNAPSHOT/hadoop-hdds-container-service-0.5.0-SNAPSHOT.jar!/webapps/static,AVAILABLE}
2019-11-05 17:22:12,966 [Thread-1527] INFO  handler.ContextHandler (ContextHandler.java:doStart(781)) - Started o.e.j.w.WebAppContext@40def454{/,file:///tmp/jetty-0.0.0.0-36483-hddsDatanode-_-any-3379591677728014470.dir/webapp/,AVAILABLE}{/hddsDatanode}
2019-11-05 17:22:12,971 [Thread-1527] INFO  server.AbstractConnector (AbstractConnector.java:doStart(278)) - Started ServerConnector@30908912{HTTP/1.1,[http/1.1]}{0.0.0.0:36483}
2019-11-05 17:22:12,971 [Thread-1527] INFO  server.Server (Server.java:doStart(419)) - Started @142042ms
2019-11-05 17:22:12,971 [Thread-1527] WARN  impl.MetricsSystemImpl (MetricsSystemImpl.java:register(276)) - Sink prometheus already exists!
2019-11-05 17:22:12,975 [Thread-1527] INFO  server.BaseHttpServer (BaseHttpServer.java:updateConnectorAddress(215)) - HTTP server of HDDSDATANODE is listening at http://0.0.0.0:36483
2019-11-05 17:22:12,976 [Thread-1527] INFO  impl.MetricsSystemImpl (MetricsSystemImpl.java:init(158)) - HddsDatanode metrics system started (again)
2019-11-05 17:22:12,979 [Thread-1527] INFO  ozone.HddsDatanodeService (HddsDatanodeService.java:start(183)) - HddsDatanodeService host:pr-hdds-1987-xp2v8-1198919540 ip:192.168.157.254
2019-11-05 17:22:13,017 [org.apache.hadoop.util.JvmPauseMonitor$Monitor@431b2b35] INFO  util.JvmPauseMonitor (JvmPauseMonitor.java:run(188)) - Starting JVM pause monitor
2019-11-05 17:22:13,032 [Thread-1527] INFO  volume.HddsVolume (HddsVolume.java:<init>(176)) - Creating Volume: /workdir/hadoop-ozone/ozonefs/target/test-dir/MiniOzoneClusterImpl-501a243b-a211-4214-91e5-f40f4c8fcccf/datanode-1/data/containers/hdds of  storage type : DISK and capacity : 1482555576320
2019-11-05 17:22:13,033 [Thread-1527] INFO  volume.VolumeSet (VolumeSet.java:initializeVolumeSet(170)) - Added Volume : /workdir/hadoop-ozone/ozonefs/target/test-dir/MiniOzoneClusterImpl-501a243b-a211-4214-91e5-f40f4c8fcccf/datanode-1/data/containers/hdds to VolumeSet
2019-11-05 17:22:13,033 [Thread-1527] INFO  volume.ThrottledAsyncChecker (ThrottledAsyncChecker.java:schedule(141)) - Scheduling a check for /workdir/hadoop-ozone/ozonefs/target/test-dir/MiniOzoneClusterImpl-501a243b-a211-4214-91e5-f40f4c8fcccf/datanode-1/data/containers/hdds
2019-11-05 17:22:13,034 [Thread-1527] INFO  volume.HddsVolumeChecker (HddsVolumeChecker.java:checkAllVolumes(204)) - Scheduled health check for volume /workdir/hadoop-ozone/ozonefs/target/test-dir/MiniOzoneClusterImpl-501a243b-a211-4214-91e5-f40f4c8fcccf/datanode-1/data/containers/hdds
2019-11-05 17:22:13,040 [Datanode State Machine Thread - 0] INFO  datanode.InitDatanodeState (InitDatanodeState.java:persistContainerDatanodeDetails(140)) - DatanodeDetails is persisted to /workdir/hadoop-ozone/ozonefs/target/test-dir/MiniOzoneClusterImpl-501a243b-a211-4214-91e5-f40f4c8fcccf/datanode-0/meta/datanode.id
2019-11-05 17:22:13,087 [Thread-1527] INFO  impl.RaftServerProxy (ConfUtils.java:logGet(43)) - raft.rpc.type = GRPC (default)
2019-11-05 17:22:13,087 [Thread-1527] INFO  grpc.GrpcFactory (GrpcFactory.java:checkPooledByteBufAllocatorUseCacheForAllThreads(45)) - PERFORMANCE WARNING: useCacheForAllThreads is true that may cause Netty to create a lot garbage objects and, as a result, trigger GC.
	It is recommended to disable useCacheForAllThreads by setting -Dorg.apache.ratis.thirdparty.io.netty.allocator.useCacheForAllThreads=false in command line.
2019-11-05 17:22:13,087 [Thread-1527] INFO  grpc.GrpcConfigKeys$Server (ConfUtils.java:logGet(43)) - raft.grpc.server.port = 0 (default)
2019-11-05 17:22:13,087 [Thread-1527] INFO  server.GrpcService (ConfUtils.java:logGet(43)) - raft.grpc.message.size.max = 33570816 (custom)
2019-11-05 17:22:13,088 [Thread-1527] INFO  server.RaftServerConfigKeys (ConfUtils.java:logGet(43)) - raft.server.log.appender.buffer.byte-limit = 33554432 (custom)
2019-11-05 17:22:13,088 [Thread-1527] INFO  server.GrpcService (ConfUtils.java:logGet(43)) - raft.grpc.flow.control.window = 1MB (=1048576) (default)
2019-11-05 17:22:13,088 [Thread-1527] INFO  server.RaftServerConfigKeys (ConfUtils.java:logGet(43)) - raft.server.rpc.request.timeout = 3000ms (default)
2019-11-05 17:22:13,089 [Thread-1527] INFO  server.RaftServerConfigKeys (ConfUtils.java:logGet(43)) - raft.server.storage.dir = [/workdir/hadoop-ozone/ozonefs/target/test-dir/MiniOzoneClusterImpl-501a243b-a211-4214-91e5-f40f4c8fcccf/datanode-1/data/ratis] (custom)
2019-11-05 17:22:13,092 [Thread-1527] INFO  hdfs.DFSUtil (DFSUtil.java:httpServerTemplateForNNAndJN(1641)) - Starting Web-server for hddsDatanode at: http://0.0.0.0:0
2019-11-05 17:22:13,094 [Thread-1527] INFO  server.AuthenticationFilter (AuthenticationFilter.java:constructSecretProvider(240)) - Unable to initialize FileSignerSecretProvider, falling back to use random secrets.
2019-11-05 17:22:13,096 [Thread-1527] WARN  http.HttpRequestLog (HttpRequestLog.java:getRequestLog(97)) - Jetty request log can only be enabled using Log4j
2019-11-05 17:22:13,098 [Thread-1527] INFO  http.HttpServer2 (HttpServer2.java:addGlobalFilter(975)) - Added global filter 'safety' (class=org.apache.hadoop.http.HttpServer2$QuotingInputFilter)
2019-11-05 17:22:13,099 [Thread-1527] INFO  http.HttpServer2 (HttpServer2.java:addFilter(948)) - Added filter static_user_filter (class=org.apache.hadoop.http.lib.StaticUserWebFilter$StaticUserFilter) to context hddsDatanode
2019-11-05 17:22:13,099 [Thread-1527] INFO  http.HttpServer2 (HttpServer2.java:addFilter(958)) - Added filter static_user_filter (class=org.apache.hadoop.http.lib.StaticUserWebFilter$StaticUserFilter) to context logs
2019-11-05 17:22:13,099 [Thread-1527] INFO  http.HttpServer2 (HttpServer2.java:addFilter(958)) - Added filter static_user_filter (class=org.apache.hadoop.http.lib.StaticUserWebFilter$StaticUserFilter) to context static
2019-11-05 17:22:13,100 [Thread-1527] INFO  http.HttpServer2 (HttpServer2.java:bindListener(1191)) - Jetty bound to port 37513
2019-11-05 17:22:13,100 [Thread-1527] INFO  server.Server (Server.java:doStart(351)) - jetty-9.3.25.v20180904, build timestamp: 2018-09-04T21:11:46Z, git hash: 3ce520221d0240229c862b122d2b06c12a625732
2019-11-05 17:22:13,105 [Thread-1527] INFO  handler.ContextHandler (ContextHandler.java:doStart(781)) - Started o.e.j.s.ServletContextHandler@419ce7eb{/logs,file:///workdir/hadoop-ozone/ozonefs/target/log,AVAILABLE}
2019-11-05 17:22:13,106 [Thread-1527] INFO  handler.ContextHandler (ContextHandler.java:doStart(781)) - Started o.e.j.s.ServletContextHandler@47e13458{/static,jar:file:/home/user/.m2/repository/org/apache/hadoop/hadoop-hdds-container-service/0.5.0-SNAPSHOT/hadoop-hdds-container-service-0.5.0-SNAPSHOT.jar!/webapps/static,AVAILABLE}
2019-11-05 17:22:13,144 [Thread-1527] INFO  handler.ContextHandler (ContextHandler.java:doStart(781)) - Started o.e.j.w.WebAppContext@77a6b0a7{/,file:///tmp/jetty-0.0.0.0-37513-hddsDatanode-_-any-985178837004157547.dir/webapp/,AVAILABLE}{/hddsDatanode}
2019-11-05 17:22:13,160 [Thread-1527] INFO  server.AbstractConnector (AbstractConnector.java:doStart(278)) - Started ServerConnector@5ea2a4ef{HTTP/1.1,[http/1.1]}{0.0.0.0:37513}
2019-11-05 17:22:13,160 [Thread-1527] INFO  server.Server (Server.java:doStart(419)) - Started @142231ms
2019-11-05 17:22:13,160 [Thread-1527] WARN  impl.MetricsSystemImpl (MetricsSystemImpl.java:register(276)) - Sink prometheus already exists!
2019-11-05 17:22:13,161 [Thread-1527] INFO  server.BaseHttpServer (BaseHttpServer.java:updateConnectorAddress(215)) - HTTP server of HDDSDATANODE is listening at http://0.0.0.0:37513
2019-11-05 17:22:13,162 [Thread-1527] INFO  impl.MetricsSystemImpl (MetricsSystemImpl.java:init(158)) - HddsDatanode metrics system started (again)
2019-11-05 17:22:13,165 [Thread-1527] INFO  ozone.HddsDatanodeService (HddsDatanodeService.java:start(183)) - HddsDatanodeService host:pr-hdds-1987-xp2v8-1198919540 ip:192.168.157.254
2019-11-05 17:22:13,175 [org.apache.hadoop.util.JvmPauseMonitor$Monitor@3fa2a602] INFO  util.JvmPauseMonitor (JvmPauseMonitor.java:run(188)) - Starting JVM pause monitor
2019-11-05 17:22:13,175 [Datanode State Machine Thread - 0] INFO  datanode.InitDatanodeState (InitDatanodeState.java:persistContainerDatanodeDetails(140)) - DatanodeDetails is persisted to /workdir/hadoop-ozone/ozonefs/target/test-dir/MiniOzoneClusterImpl-501a243b-a211-4214-91e5-f40f4c8fcccf/datanode-1/meta/datanode.id
2019-11-05 17:22:13,210 [Thread-1527] INFO  volume.HddsVolume (HddsVolume.java:<init>(176)) - Creating Volume: /workdir/hadoop-ozone/ozonefs/target/test-dir/MiniOzoneClusterImpl-501a243b-a211-4214-91e5-f40f4c8fcccf/datanode-2/data/containers/hdds of  storage type : DISK and capacity : 1482555576320
2019-11-05 17:22:13,210 [Thread-1527] INFO  volume.VolumeSet (VolumeSet.java:initializeVolumeSet(170)) - Added Volume : /workdir/hadoop-ozone/ozonefs/target/test-dir/MiniOzoneClusterImpl-501a243b-a211-4214-91e5-f40f4c8fcccf/datanode-2/data/containers/hdds to VolumeSet
2019-11-05 17:22:13,210 [Thread-1527] INFO  volume.ThrottledAsyncChecker (ThrottledAsyncChecker.java:schedule(141)) - Scheduling a check for /workdir/hadoop-ozone/ozonefs/target/test-dir/MiniOzoneClusterImpl-501a243b-a211-4214-91e5-f40f4c8fcccf/datanode-2/data/containers/hdds
2019-11-05 17:22:13,236 [Thread-1527] INFO  volume.HddsVolumeChecker (HddsVolumeChecker.java:checkAllVolumes(204)) - Scheduled health check for volume /workdir/hadoop-ozone/ozonefs/target/test-dir/MiniOzoneClusterImpl-501a243b-a211-4214-91e5-f40f4c8fcccf/datanode-2/data/containers/hdds
2019-11-05 17:22:13,309 [Thread-1527] INFO  impl.RaftServerProxy (ConfUtils.java:logGet(43)) - raft.rpc.type = GRPC (default)
2019-11-05 17:22:13,309 [Thread-1527] INFO  grpc.GrpcFactory (GrpcFactory.java:checkPooledByteBufAllocatorUseCacheForAllThreads(45)) - PERFORMANCE WARNING: useCacheForAllThreads is true that may cause Netty to create a lot garbage objects and, as a result, trigger GC.
	It is recommended to disable useCacheForAllThreads by setting -Dorg.apache.ratis.thirdparty.io.netty.allocator.useCacheForAllThreads=false in command line.
2019-11-05 17:22:13,309 [Thread-1527] INFO  grpc.GrpcConfigKeys$Server (ConfUtils.java:logGet(43)) - raft.grpc.server.port = 0 (default)
2019-11-05 17:22:13,309 [Thread-1527] INFO  server.GrpcService (ConfUtils.java:logGet(43)) - raft.grpc.message.size.max = 33570816 (custom)
2019-11-05 17:22:13,310 [Thread-1527] INFO  server.RaftServerConfigKeys (ConfUtils.java:logGet(43)) - raft.server.log.appender.buffer.byte-limit = 33554432 (custom)
2019-11-05 17:22:13,310 [Thread-1527] INFO  server.GrpcService (ConfUtils.java:logGet(43)) - raft.grpc.flow.control.window = 1MB (=1048576) (default)
2019-11-05 17:22:13,310 [Thread-1527] INFO  server.RaftServerConfigKeys (ConfUtils.java:logGet(43)) - raft.server.rpc.request.timeout = 3000ms (default)
2019-11-05 17:22:13,311 [Thread-1527] INFO  server.RaftServerConfigKeys (ConfUtils.java:logGet(43)) - raft.server.storage.dir = [/workdir/hadoop-ozone/ozonefs/target/test-dir/MiniOzoneClusterImpl-501a243b-a211-4214-91e5-f40f4c8fcccf/datanode-2/data/ratis] (custom)
2019-11-05 17:22:13,324 [Thread-1527] INFO  hdfs.DFSUtil (DFSUtil.java:httpServerTemplateForNNAndJN(1641)) - Starting Web-server for hddsDatanode at: http://0.0.0.0:0
2019-11-05 17:22:13,327 [Thread-1527] INFO  server.AuthenticationFilter (AuthenticationFilter.java:constructSecretProvider(240)) - Unable to initialize FileSignerSecretProvider, falling back to use random secrets.
2019-11-05 17:22:13,327 [Thread-1527] WARN  http.HttpRequestLog (HttpRequestLog.java:getRequestLog(97)) - Jetty request log can only be enabled using Log4j
2019-11-05 17:22:13,330 [Thread-1527] INFO  http.HttpServer2 (HttpServer2.java:addGlobalFilter(975)) - Added global filter 'safety' (class=org.apache.hadoop.http.HttpServer2$QuotingInputFilter)
2019-11-05 17:22:13,331 [Thread-1527] INFO  http.HttpServer2 (HttpServer2.java:addFilter(948)) - Added filter static_user_filter (class=org.apache.hadoop.http.lib.StaticUserWebFilter$StaticUserFilter) to context hddsDatanode
2019-11-05 17:22:13,331 [Thread-1527] INFO  http.HttpServer2 (HttpServer2.java:addFilter(958)) - Added filter static_user_filter (class=org.apache.hadoop.http.lib.StaticUserWebFilter$StaticUserFilter) to context static
2019-11-05 17:22:13,331 [Thread-1527] INFO  http.HttpServer2 (HttpServer2.java:addFilter(958)) - Added filter static_user_filter (class=org.apache.hadoop.http.lib.StaticUserWebFilter$StaticUserFilter) to context logs
2019-11-05 17:22:13,332 [Thread-1527] INFO  http.HttpServer2 (HttpServer2.java:bindListener(1191)) - Jetty bound to port 44969
2019-11-05 17:22:13,332 [Thread-1527] INFO  server.Server (Server.java:doStart(351)) - jetty-9.3.25.v20180904, build timestamp: 2018-09-04T21:11:46Z, git hash: 3ce520221d0240229c862b122d2b06c12a625732
2019-11-05 17:22:13,335 [Thread-1527] INFO  handler.ContextHandler (ContextHandler.java:doStart(781)) - Started o.e.j.s.ServletContextHandler@313cc135{/logs,file:///workdir/hadoop-ozone/ozonefs/target/log,AVAILABLE}
2019-11-05 17:22:13,357 [Thread-1527] INFO  handler.ContextHandler (ContextHandler.java:doStart(781)) - Started o.e.j.s.ServletContextHandler@7db578d4{/static,jar:file:/home/user/.m2/repository/org/apache/hadoop/hadoop-hdds-container-service/0.5.0-SNAPSHOT/hadoop-hdds-container-service-0.5.0-SNAPSHOT.jar!/webapps/static,AVAILABLE}
2019-11-05 17:22:13,393 [Thread-1527] INFO  handler.ContextHandler (ContextHandler.java:doStart(781)) - Started o.e.j.w.WebAppContext@7f55b383{/,file:///tmp/jetty-0.0.0.0-44969-hddsDatanode-_-any-6585614664761659641.dir/webapp/,AVAILABLE}{/hddsDatanode}
2019-11-05 17:22:13,393 [Thread-1527] INFO  server.AbstractConnector (AbstractConnector.java:doStart(278)) - Started ServerConnector@571a3c72{HTTP/1.1,[http/1.1]}{0.0.0.0:44969}
2019-11-05 17:22:13,394 [Thread-1527] INFO  server.Server (Server.java:doStart(419)) - Started @142465ms
2019-11-05 17:22:13,394 [Thread-1527] WARN  impl.MetricsSystemImpl (MetricsSystemImpl.java:register(276)) - Sink prometheus already exists!
2019-11-05 17:22:13,416 [Thread-1527] INFO  server.BaseHttpServer (BaseHttpServer.java:updateConnectorAddress(215)) - HTTP server of HDDSDATANODE is listening at http://0.0.0.0:44969
2019-11-05 17:22:13,417 [Thread-1527] INFO  ozone.MiniOzoneClusterImpl (MiniOzoneClusterImpl.java:lambda$waitForClusterToBeReady$0(147)) - Waiting for cluster to be ready. Got 0 of 3 DN Heartbeats.
2019-11-05 17:22:13,428 [org.apache.hadoop.util.JvmPauseMonitor$Monitor@701bbc83] INFO  util.JvmPauseMonitor (JvmPauseMonitor.java:run(188)) - Starting JVM pause monitor
2019-11-05 17:22:13,442 [Datanode State Machine Thread - 0] INFO  datanode.InitDatanodeState (InitDatanodeState.java:persistContainerDatanodeDetails(140)) - DatanodeDetails is persisted to /workdir/hadoop-ozone/ozonefs/target/test-dir/MiniOzoneClusterImpl-501a243b-a211-4214-91e5-f40f4c8fcccf/datanode-2/meta/datanode.id
2019-11-05 17:22:14,417 [Thread-1527] INFO  ozone.MiniOzoneClusterImpl (MiniOzoneClusterImpl.java:lambda$waitForClusterToBeReady$0(147)) - Waiting for cluster to be ready. Got 0 of 3 DN Heartbeats.
2019-11-05 17:22:16,472 [Thread-1527] INFO  ozone.MiniOzoneClusterImpl (MiniOzoneClusterImpl.java:lambda$waitForClusterToBeReady$0(147)) - Waiting for cluster to be ready. Got 0 of 3 DN Heartbeats.
2019-11-05 17:22:16,472 [org.apache.hadoop.util.JvmPauseMonitor$Monitor@701bbc83] INFO  util.JvmPauseMonitor (JvmPauseMonitor.java:run(205)) - Detected pause in JVM or host machine (eg GC): pause of approximately 1042ms
No GCs detected
2019-11-05 17:22:16,472 [org.apache.hadoop.util.JvmPauseMonitor$Monitor@379ee118] INFO  util.JvmPauseMonitor (JvmPauseMonitor.java:run(205)) - Detected pause in JVM or host machine (eg GC): pause of approximately 1268ms
No GCs detected
2019-11-05 17:22:16,473 [org.apache.hadoop.util.JvmPauseMonitor$Monitor@3fa2a602] INFO  util.JvmPauseMonitor (JvmPauseMonitor.java:run(205)) - Detected pause in JVM or host machine (eg GC): pause of approximately 1262ms
No GCs detected
2019-11-05 17:22:16,473 [org.apache.hadoop.util.JvmPauseMonitor$Monitor@431b2b35] INFO  util.JvmPauseMonitor (JvmPauseMonitor.java:run(205)) - Detected pause in JVM or host machine (eg GC): pause of approximately 1440ms
No GCs detected
2019-11-05 17:22:16,499 [Datanode State Machine Thread - 0] INFO  ozoneimpl.OzoneContainer (OzoneContainer.java:start(213)) - Attempting to start container services.
2019-11-05 17:22:16,499 [Datanode State Machine Thread - 0] INFO  ozoneimpl.OzoneContainer (OzoneContainer.java:start(213)) - Attempting to start container services.
2019-11-05 17:22:16,499 [Datanode State Machine Thread - 0] INFO  ozoneimpl.OzoneContainer (OzoneContainer.java:start(213)) - Attempting to start container services.
2019-11-05 17:22:16,500 [Datanode State Machine Thread - 0] INFO  ozoneimpl.OzoneContainer (OzoneContainer.java:startContainerScrub(177)) - Background container scanner has been disabled.
2019-11-05 17:22:16,500 [Datanode State Machine Thread - 0] INFO  ozoneimpl.OzoneContainer (OzoneContainer.java:startContainerScrub(177)) - Background container scanner has been disabled.
2019-11-05 17:22:16,500 [Datanode State Machine Thread - 0] INFO  ozoneimpl.OzoneContainer (OzoneContainer.java:startContainerScrub(177)) - Background container scanner has been disabled.
2019-11-05 17:22:16,500 [Datanode State Machine Thread - 0] INFO  ratis.XceiverServerRatis (XceiverServerRatis.java:start(418)) - Starting XceiverServerRatis 6b26fbdf-6bee-4eca-b994-39b8d7390060 at port 0
2019-11-05 17:22:16,500 [Datanode State Machine Thread - 0] INFO  ratis.XceiverServerRatis (XceiverServerRatis.java:start(418)) - Starting XceiverServerRatis 9090956c-016d-4394-9cf0-fb5de799cf00 at port 0
2019-11-05 17:22:16,500 [Datanode State Machine Thread - 0] INFO  ratis.XceiverServerRatis (XceiverServerRatis.java:start(418)) - Starting XceiverServerRatis 4a44a329-e613-4208-b662-e2f3951a28dc at port 0
2019-11-05 17:22:16,524 [Datanode State Machine Thread - 0] INFO  impl.RaftServerProxy (RaftServerProxy.java:lambda$start$3(299)) - 4a44a329-e613-4208-b662-e2f3951a28dc: start RPC server
2019-11-05 17:22:16,525 [Datanode State Machine Thread - 0] INFO  impl.RaftServerProxy (RaftServerProxy.java:lambda$start$3(299)) - 9090956c-016d-4394-9cf0-fb5de799cf00: start RPC server
2019-11-05 17:22:16,526 [Datanode State Machine Thread - 0] INFO  impl.RaftServerProxy (RaftServerProxy.java:lambda$start$3(299)) - 6b26fbdf-6bee-4eca-b994-39b8d7390060: start RPC server
2019-11-05 17:22:16,528 [Datanode State Machine Thread - 0] INFO  server.GrpcService (GrpcService.java:startImpl(158)) - 4a44a329-e613-4208-b662-e2f3951a28dc: GrpcService started, listening on 0.0.0.0/0.0.0.0:43776
2019-11-05 17:22:16,528 [Datanode State Machine Thread - 0] INFO  server.GrpcService (GrpcService.java:startImpl(158)) - 9090956c-016d-4394-9cf0-fb5de799cf00: GrpcService started, listening on 0.0.0.0/0.0.0.0:43938
2019-11-05 17:22:16,528 [Datanode State Machine Thread - 0] INFO  server.GrpcService (GrpcService.java:startImpl(158)) - 6b26fbdf-6bee-4eca-b994-39b8d7390060: GrpcService started, listening on 0.0.0.0/0.0.0.0:36950
2019-11-05 17:22:16,529 [Datanode State Machine Thread - 0] INFO  ratis.XceiverServerRatis (XceiverServerRatis.java:start(428)) - XceiverServerRatis 9090956c-016d-4394-9cf0-fb5de799cf00 is started using port 43938
2019-11-05 17:22:16,528 [Datanode State Machine Thread - 0] INFO  ratis.XceiverServerRatis (XceiverServerRatis.java:start(428)) - XceiverServerRatis 4a44a329-e613-4208-b662-e2f3951a28dc is started using port 43776
2019-11-05 17:22:16,529 [Datanode State Machine Thread - 0] INFO  ratis.XceiverServerRatis (XceiverServerRatis.java:start(428)) - XceiverServerRatis 6b26fbdf-6bee-4eca-b994-39b8d7390060 is started using port 36950
2019-11-05 17:22:16,529 [Datanode State Machine Thread - 0] INFO  server.XceiverServerGrpc (XceiverServerGrpc.java:start(149)) - XceiverServerGrpc 9090956c-016d-4394-9cf0-fb5de799cf00 is started using port 36612
2019-11-05 17:22:16,529 [Datanode State Machine Thread - 0] INFO  server.XceiverServerGrpc (XceiverServerGrpc.java:start(149)) - XceiverServerGrpc 4a44a329-e613-4208-b662-e2f3951a28dc is started using port 34072
2019-11-05 17:22:16,530 [Datanode State Machine Thread - 0] INFO  server.XceiverServerGrpc (XceiverServerGrpc.java:start(149)) - XceiverServerGrpc 6b26fbdf-6bee-4eca-b994-39b8d7390060 is started using port 45541
2019-11-05 17:22:17,042 [IPC Server handler 16 on 35800] INFO  net.NetworkTopology (NetworkTopologyImpl.java:add(111)) - Added a new node: /default-rack/6b26fbdf-6bee-4eca-b994-39b8d7390060
2019-11-05 17:22:17,043 [IPC Server handler 16 on 35800] INFO  node.SCMNodeManager (SCMNodeManager.java:register(267)) - Registered Data node : 6b26fbdf-6bee-4eca-b994-39b8d7390060{ip: 192.168.157.254, host: pr-hdds-1987-xp2v8-1198919540, networkLocation: /default-rack, certSerialId: null}
2019-11-05 17:22:17,044 [EventQueue-NodeRegistrationContainerReportForDataNodeSafeModeRule] INFO  safemode.SCMSafeModeManager (DataNodeSafeModeRule.java:process(71)) - SCM in safe mode. 1 DataNodes registered, 1 required.
2019-11-05 17:22:17,048 [EventQueue-NodeRegistrationContainerReportForContainerSafeModeRule] INFO  safemode.SCMSafeModeManager (SCMSafeModeManager.java:validateSafeModeExitRules(177)) - ScmSafeModeManager, all rules are successfully validated
2019-11-05 17:22:17,048 [EventQueue-NodeRegistrationContainerReportForContainerSafeModeRule] INFO  safemode.SCMSafeModeManager (SCMSafeModeManager.java:exitSafeMode(193)) - SCM exiting safe mode.
2019-11-05 17:22:17,177 [grpc-default-executor-0] INFO  impl.RaftServerProxy (RaftServerProxy.java:addNew(89)) - 6b26fbdf-6bee-4eca-b994-39b8d7390060: addNew group-8FF7D9A687BA:[6b26fbdf-6bee-4eca-b994-39b8d7390060:192.168.157.254:36950] returns group-8FF7D9A687BA:java.util.concurrent.CompletableFuture@28d5e871[Not completed]
2019-11-05 17:22:17,180 [pool-377-thread-1] INFO  impl.RaftServerImpl (RaftServerImpl.java:<init>(98)) - 6b26fbdf-6bee-4eca-b994-39b8d7390060: new RaftServerImpl for group-8FF7D9A687BA:[6b26fbdf-6bee-4eca-b994-39b8d7390060:192.168.157.254:36950] with ContainerStateMachine:uninitialized
2019-11-05 17:22:17,180 [pool-377-thread-1] INFO  server.RaftServerConfigKeys (ConfUtils.java:logGet(43)) - raft.server.rpc.timeout.min = 5s (custom)
2019-11-05 17:22:17,180 [pool-377-thread-1] INFO  server.RaftServerConfigKeys (ConfUtils.java:logGet(43)) - raft.server.rpc.timeout.max = 5200ms (custom)
2019-11-05 17:22:17,181 [pool-377-thread-1] INFO  server.RaftServerConfigKeys (ConfUtils.java:logGet(43)) - raft.server.rpcslowness.timeout = 120s (custom)
2019-11-05 17:22:17,181 [pool-377-thread-1] INFO  server.RaftServerConfigKeys (ConfUtils.java:logGet(43)) - raft.server.sleep.deviation.threshold = 300 (default)
2019-11-05 17:22:17,181 [pool-377-thread-1] INFO  server.RaftServerConfigKeys (ConfUtils.java:logGet(43)) - raft.server.log.appender.install.snapshot.enabled = false (custom)
2019-11-05 17:22:17,181 [pool-377-thread-1] INFO  impl.RaftServerImpl (ServerState.java:<init>(103)) - 6b26fbdf-6bee-4eca-b994-39b8d7390060@group-8FF7D9A687BA: ConfigurationManager, init=-1: [6b26fbdf-6bee-4eca-b994-39b8d7390060:192.168.157.254:36950], old=null, confs=<EMPTY_MAP>
2019-11-05 17:22:17,181 [pool-377-thread-1] INFO  server.RaftServerConfigKeys (ConfUtils.java:logGet(43)) - raft.server.storage.dir = [/workdir/hadoop-ozone/ozonefs/target/test-dir/MiniOzoneClusterImpl-501a243b-a211-4214-91e5-f40f4c8fcccf/datanode-0/data/ratis] (custom)
2019-11-05 17:22:17,182 [pool-377-thread-1] INFO  server.RaftServerConfigKeys (ConfUtils.java:logGet(43)) - raft.server.log.corruption.policy = EXCEPTION (default)
2019-11-05 17:22:17,182 [pool-377-thread-1] INFO  storage.RaftStorageDirectory (RaftStorageDirectory.java:analyzeStorage(246)) - The storage directory /workdir/hadoop-ozone/ozonefs/target/test-dir/MiniOzoneClusterImpl-501a243b-a211-4214-91e5-f40f4c8fcccf/datanode-0/data/ratis/3330d33a-3ff3-4cb6-b14a-8ff7d9a687ba does not exist. Creating ...
2019-11-05 17:22:17,206 [pool-377-thread-1] INFO  storage.RaftStorageDirectory (RaftStorageDirectory.java:tryLock(328)) - Lock on /workdir/hadoop-ozone/ozonefs/target/test-dir/MiniOzoneClusterImpl-501a243b-a211-4214-91e5-f40f4c8fcccf/datanode-0/data/ratis/3330d33a-3ff3-4cb6-b14a-8ff7d9a687ba/in_use.lock acquired by nodename 1038@pr-hdds-1987-xp2v8-1198919540
2019-11-05 17:22:17,238 [pool-377-thread-1] INFO  storage.RaftStorage (RaftStorage.java:format(84)) - Storage directory /workdir/hadoop-ozone/ozonefs/target/test-dir/MiniOzoneClusterImpl-501a243b-a211-4214-91e5-f40f4c8fcccf/datanode-0/data/ratis/3330d33a-3ff3-4cb6-b14a-8ff7d9a687ba has been successfully formatted.
2019-11-05 17:22:17,239 [pool-377-thread-1] INFO  ratis.ContainerStateMachine (ContainerStateMachine.java:loadSnapshot(231)) - group-8FF7D9A687BA: The snapshot info is null. Setting the last applied indexto:(t:0, i:~)
2019-11-05 17:22:17,239 [pool-377-thread-1] INFO  server.RaftServerConfigKeys (ConfUtils.java:logGet(43)) - raft.server.notification.no-leader.timeout = 120s (custom)
2019-11-05 17:22:17,239 [pool-377-thread-1] INFO  server.RaftServerConfigKeys (ConfUtils.java:logGet(43)) - raft.server.log.use.memory = false (default)
2019-11-05 17:22:17,239 [pool-377-thread-1] INFO  server.RaftServerConfigKeys (ConfUtils.java:logGet(43)) - raft.server.log.purge.gap = 1000000 (custom)
2019-11-05 17:22:17,239 [pool-377-thread-1] INFO  server.RaftServerConfigKeys (ConfUtils.java:logGet(43)) - raft.server.log.appender.buffer.byte-limit = 33554432 (custom)
2019-11-05 17:22:17,239 [pool-377-thread-1] INFO  server.RaftServerConfigKeys (ConfUtils.java:logGet(43)) - raft.server.log.segment.size.max = 1048576 (custom)
2019-11-05 17:22:17,240 [pool-377-thread-1] WARN  impl.MetricRegistriesImpl (MetricRegistriesImpl.java:lambda$create$1(61)) - First MetricRegistry has been created without registering reporters. You may need to call MetricRegistries.global().addReportRegistration(...) before.
2019-11-05 17:22:17,240 [pool-377-thread-1] INFO  server.RaftServerConfigKeys (ConfUtils.java:logGet(43)) - raft.server.log.segment.cache.num.max = 2 (custom)
2019-11-05 17:22:17,240 [pool-377-thread-1] INFO  segmented.SegmentedRaftLogWorker (SegmentedRaftLogWorker.java:<init>(173)) - new 6b26fbdf-6bee-4eca-b994-39b8d7390060@group-8FF7D9A687BA-SegmentedRaftLogWorker for RaftStorage:Storage Directory /workdir/hadoop-ozone/ozonefs/target/test-dir/MiniOzoneClusterImpl-501a243b-a211-4214-91e5-f40f4c8fcccf/datanode-0/data/ratis/3330d33a-3ff3-4cb6-b14a-8ff7d9a687ba
2019-11-05 17:22:17,240 [pool-377-thread-1] INFO  server.RaftServerConfigKeys (ConfUtils.java:logGet(43)) - raft.server.log.queue.byte-limit = 2147483647 (custom)
2019-11-05 17:22:17,240 [pool-377-thread-1] INFO  server.RaftServerConfigKeys (ConfUtils.java:logGet(43)) - raft.server.log.queue.element-limit = 1024 (custom)
2019-11-05 17:22:17,240 [pool-377-thread-1] INFO  server.RaftServerConfigKeys (ConfUtils.java:logGet(43)) - raft.server.log.segment.size.max = 1048576 (custom)
2019-11-05 17:22:17,241 [pool-377-thread-1] INFO  server.RaftServerConfigKeys (ConfUtils.java:logGet(43)) - raft.server.log.preallocated.size = 16384 (custom)
2019-11-05 17:22:17,241 [pool-377-thread-1] INFO  server.RaftServerConfigKeys (ConfUtils.java:logGet(43)) - raft.server.log.write.buffer.size = 33554432 (custom)
2019-11-05 17:22:17,241 [pool-377-thread-1] INFO  server.RaftServerConfigKeys (ConfUtils.java:logGet(43)) - raft.server.log.force.sync.num = 128 (default)
2019-11-05 17:22:17,241 [pool-377-thread-1] INFO  server.RaftServerConfigKeys (ConfUtils.java:logGet(43)) - raft.server.log.statemachine.data.sync = true (default)
2019-11-05 17:22:17,241 [pool-377-thread-1] INFO  server.RaftServerConfigKeys (ConfUtils.java:logGet(43)) - raft.server.log.statemachine.data.sync.timeout = 10s (default)
2019-11-05 17:22:17,241 [pool-377-thread-1] INFO  server.RaftServerConfigKeys (ConfUtils.java:logGet(43)) - raft.server.log.statemachine.data.sync.timeout.retry = -1 (default)
2019-11-05 17:22:17,241 [pool-377-thread-1] INFO  server.RaftServerConfigKeys (ConfUtils.java:logGet(43)) - raft.server.log.statemachine.data.caching.enabled = true (custom)
2019-11-05 17:22:17,242 [pool-377-thread-1] INFO  segmented.SegmentedRaftLogWorker (SegmentedRaftLogWorker.java:lambda$new$0(128)) - 6b26fbdf-6bee-4eca-b994-39b8d7390060@group-8FF7D9A687BA-SegmentedRaftLogWorker: flushIndex: setUnconditionally 0 -> -1
2019-11-05 17:22:17,242 [pool-377-thread-1] INFO  server.RaftServerConfigKeys (ConfUtils.java:logGet(43)) - raft.server.snapshot.auto.trigger.enabled = true (custom)
2019-11-05 17:22:17,242 [pool-377-thread-1] INFO  server.RaftServerConfigKeys (ConfUtils.java:logGet(43)) - raft.server.snapshot.auto.trigger.threshold = 10000 (custom)
2019-11-05 17:22:17,242 [pool-377-thread-1] INFO  server.RaftServerConfigKeys (ConfUtils.java:logGet(43)) - raft.server.snapshot.retention.file.num = 5 (custom)
2019-11-05 17:22:17,243 [pool-377-thread-1] INFO  server.RaftServerConfigKeys (ConfUtils.java:logGet(43)) - raft.server.retrycache.expirytime = 600000ms (custom)
2019-11-05 17:22:17,243 [pool-377-thread-1] WARN  impl.MetricRegistriesImpl (MetricRegistriesImpl.java:lambda$create$1(61)) - First MetricRegistry has been created without registering reporters. You may need to call MetricRegistries.global().addReportRegistration(...) before.
2019-11-05 17:22:17,243 [pool-377-thread-1] WARN  impl.MetricRegistriesImpl (MetricRegistriesImpl.java:lambda$create$1(61)) - First MetricRegistry has been created without registering reporters. You may need to call MetricRegistries.global().addReportRegistration(...) before.
2019-11-05 17:22:17,243 [pool-377-thread-1] INFO  impl.RaftServerImpl (RaftServerImpl.java:start(184)) - 6b26fbdf-6bee-4eca-b994-39b8d7390060@group-8FF7D9A687BA: start as a follower, conf=-1: [6b26fbdf-6bee-4eca-b994-39b8d7390060:192.168.157.254:36950], old=null
2019-11-05 17:22:17,243 [pool-377-thread-1] INFO  impl.RaftServerImpl (RaftServerImpl.java:setRole(173)) - 6b26fbdf-6bee-4eca-b994-39b8d7390060@group-8FF7D9A687BA: changes role from      null to FOLLOWER at term 0 for startAsFollower
2019-11-05 17:22:17,244 [pool-377-thread-1] INFO  impl.RoleInfo (RoleInfo.java:updateAndGet(143)) - 6b26fbdf-6bee-4eca-b994-39b8d7390060: start FollowerState
2019-11-05 17:22:17,244 [pool-377-thread-1] INFO  util.JmxRegister (JmxRegister.java:tryRegister(44)) - Successfully registered JMX Bean with object name Ratis:service=RaftServer,group=group-8FF7D9A687BA,id=6b26fbdf-6bee-4eca-b994-39b8d7390060
2019-11-05 17:22:17,244 [pool-377-thread-1] WARN  impl.MetricRegistriesImpl (MetricRegistriesImpl.java:lambda$create$1(61)) - First MetricRegistry has been created without registering reporters. You may need to call MetricRegistries.global().addReportRegistration(...) before.
2019-11-05 17:22:17,250 [RatisPipelineUtilsThread] INFO  pipeline.PipelineStateManager (PipelineStateManager.java:addPipeline(56)) - Created pipeline Pipeline[ Id: 3330d33a-3ff3-4cb6-b14a-8ff7d9a687ba, Nodes: 6b26fbdf-6bee-4eca-b994-39b8d7390060{ip: 192.168.157.254, host: pr-hdds-1987-xp2v8-1198919540, networkLocation: /default-rack, certSerialId: null}, Type:RATIS, Factor:ONE, State:OPEN]
2019-11-05 17:22:17,472 [Thread-1527] INFO  ozone.MiniOzoneClusterImpl (MiniOzoneClusterImpl.java:lambda$waitForClusterToBeReady$0(147)) - Waiting for cluster to be ready. Got 1 of 3 DN Heartbeats.
2019-11-05 17:22:18,496 [Thread-1527] INFO  ozone.MiniOzoneClusterImpl (MiniOzoneClusterImpl.java:lambda$waitForClusterToBeReady$0(147)) - Waiting for cluster to be ready. Got 1 of 3 DN Heartbeats.
2019-11-05 17:22:18,497 [IPC Server handler 16 on 35800] INFO  net.NetworkTopology (NetworkTopologyImpl.java:add(111)) - Added a new node: /default-rack/4a44a329-e613-4208-b662-e2f3951a28dc
2019-11-05 17:22:18,497 [IPC Server handler 13 on 35800] INFO  net.NetworkTopology (NetworkTopologyImpl.java:add(111)) - Added a new node: /default-rack/9090956c-016d-4394-9cf0-fb5de799cf00
2019-11-05 17:22:18,497 [IPC Server handler 13 on 35800] INFO  node.SCMNodeManager (SCMNodeManager.java:register(267)) - Registered Data node : 9090956c-016d-4394-9cf0-fb5de799cf00{ip: 192.168.157.254, host: pr-hdds-1987-xp2v8-1198919540, networkLocation: /default-rack, certSerialId: null}
2019-11-05 17:22:18,497 [IPC Server handler 16 on 35800] INFO  node.SCMNodeManager (SCMNodeManager.java:register(267)) - Registered Data node : 4a44a329-e613-4208-b662-e2f3951a28dc{ip: 192.168.157.254, host: pr-hdds-1987-xp2v8-1198919540, networkLocation: /default-rack, certSerialId: null}
2019-11-05 17:22:18,507 [grpc-default-executor-0] INFO  impl.RaftServerProxy (RaftServerProxy.java:addNew(89)) - 4a44a329-e613-4208-b662-e2f3951a28dc: addNew group-5D13B2203B67:[4a44a329-e613-4208-b662-e2f3951a28dc:192.168.157.254:43776] returns group-5D13B2203B67:java.util.concurrent.CompletableFuture@4febe8d2[Not completed]
2019-11-05 17:22:18,509 [pool-397-thread-1] INFO  impl.RaftServerImpl (RaftServerImpl.java:<init>(98)) - 4a44a329-e613-4208-b662-e2f3951a28dc: new RaftServerImpl for group-5D13B2203B67:[4a44a329-e613-4208-b662-e2f3951a28dc:192.168.157.254:43776] with ContainerStateMachine:uninitialized
2019-11-05 17:22:18,510 [pool-397-thread-1] INFO  server.RaftServerConfigKeys (ConfUtils.java:logGet(43)) - raft.server.rpc.timeout.min = 5s (custom)
2019-11-05 17:22:18,510 [pool-397-thread-1] INFO  server.RaftServerConfigKeys (ConfUtils.java:logGet(43)) - raft.server.rpc.timeout.max = 5200ms (custom)
2019-11-05 17:22:18,510 [pool-397-thread-1] INFO  server.RaftServerConfigKeys (ConfUtils.java:logGet(43)) - raft.server.rpcslowness.timeout = 120s (custom)
2019-11-05 17:22:18,510 [pool-397-thread-1] INFO  server.RaftServerConfigKeys (ConfUtils.java:logGet(43)) - raft.server.sleep.deviation.threshold = 300 (default)
2019-11-05 17:22:18,510 [pool-397-thread-1] INFO  server.RaftServerConfigKeys (ConfUtils.java:logGet(43)) - raft.server.log.appender.install.snapshot.enabled = false (custom)
2019-11-05 17:22:18,510 [pool-397-thread-1] INFO  impl.RaftServerImpl (ServerState.java:<init>(103)) - 4a44a329-e613-4208-b662-e2f3951a28dc@group-5D13B2203B67: ConfigurationManager, init=-1: [4a44a329-e613-4208-b662-e2f3951a28dc:192.168.157.254:43776], old=null, confs=<EMPTY_MAP>
2019-11-05 17:22:18,511 [pool-397-thread-1] INFO  server.RaftServerConfigKeys (ConfUtils.java:logGet(43)) - raft.server.storage.dir = [/workdir/hadoop-ozone/ozonefs/target/test-dir/MiniOzoneClusterImpl-501a243b-a211-4214-91e5-f40f4c8fcccf/datanode-2/data/ratis] (custom)
2019-11-05 17:22:18,511 [pool-397-thread-1] INFO  server.RaftServerConfigKeys (ConfUtils.java:logGet(43)) - raft.server.log.corruption.policy = EXCEPTION (default)
2019-11-05 17:22:18,511 [pool-397-thread-1] INFO  storage.RaftStorageDirectory (RaftStorageDirectory.java:analyzeStorage(246)) - The storage directory /workdir/hadoop-ozone/ozonefs/target/test-dir/MiniOzoneClusterImpl-501a243b-a211-4214-91e5-f40f4c8fcccf/datanode-2/data/ratis/46c75029-a7f6-4fd0-84c4-5d13b2203b67 does not exist. Creating ...
2019-11-05 17:22:18,521 [pool-397-thread-1] INFO  storage.RaftStorageDirectory (RaftStorageDirectory.java:tryLock(328)) - Lock on /workdir/hadoop-ozone/ozonefs/target/test-dir/MiniOzoneClusterImpl-501a243b-a211-4214-91e5-f40f4c8fcccf/datanode-2/data/ratis/46c75029-a7f6-4fd0-84c4-5d13b2203b67/in_use.lock acquired by nodename 1038@pr-hdds-1987-xp2v8-1198919540
2019-11-05 17:22:18,535 [pool-397-thread-1] INFO  storage.RaftStorage (RaftStorage.java:format(84)) - Storage directory /workdir/hadoop-ozone/ozonefs/target/test-dir/MiniOzoneClusterImpl-501a243b-a211-4214-91e5-f40f4c8fcccf/datanode-2/data/ratis/46c75029-a7f6-4fd0-84c4-5d13b2203b67 has been successfully formatted.
2019-11-05 17:22:18,535 [pool-397-thread-1] INFO  ratis.ContainerStateMachine (ContainerStateMachine.java:loadSnapshot(231)) - group-5D13B2203B67: The snapshot info is null. Setting the last applied indexto:(t:0, i:~)
2019-11-05 17:22:18,535 [pool-397-thread-1] INFO  server.RaftServerConfigKeys (ConfUtils.java:logGet(43)) - raft.server.notification.no-leader.timeout = 120s (custom)
2019-11-05 17:22:18,536 [pool-397-thread-1] INFO  server.RaftServerConfigKeys (ConfUtils.java:logGet(43)) - raft.server.log.use.memory = false (default)
2019-11-05 17:22:18,536 [pool-397-thread-1] INFO  server.RaftServerConfigKeys (ConfUtils.java:logGet(43)) - raft.server.log.purge.gap = 1000000 (custom)
2019-11-05 17:22:18,536 [pool-397-thread-1] INFO  server.RaftServerConfigKeys (ConfUtils.java:logGet(43)) - raft.server.log.appender.buffer.byte-limit = 33554432 (custom)
2019-11-05 17:22:18,536 [pool-397-thread-1] INFO  server.RaftServerConfigKeys (ConfUtils.java:logGet(43)) - raft.server.log.segment.size.max = 1048576 (custom)
2019-11-05 17:22:18,536 [pool-397-thread-1] WARN  impl.MetricRegistriesImpl (MetricRegistriesImpl.java:lambda$create$1(61)) - First MetricRegistry has been created without registering reporters. You may need to call MetricRegistries.global().addReportRegistration(...) before.
2019-11-05 17:22:18,537 [pool-397-thread-1] INFO  server.RaftServerConfigKeys (ConfUtils.java:logGet(43)) - raft.server.log.segment.cache.num.max = 2 (custom)
2019-11-05 17:22:18,537 [pool-397-thread-1] INFO  segmented.SegmentedRaftLogWorker (SegmentedRaftLogWorker.java:<init>(173)) - new 4a44a329-e613-4208-b662-e2f3951a28dc@group-5D13B2203B67-SegmentedRaftLogWorker for RaftStorage:Storage Directory /workdir/hadoop-ozone/ozonefs/target/test-dir/MiniOzoneClusterImpl-501a243b-a211-4214-91e5-f40f4c8fcccf/datanode-2/data/ratis/46c75029-a7f6-4fd0-84c4-5d13b2203b67
2019-11-05 17:22:18,537 [pool-397-thread-1] INFO  server.RaftServerConfigKeys (ConfUtils.java:logGet(43)) - raft.server.log.queue.byte-limit = 2147483647 (custom)
2019-11-05 17:22:18,537 [pool-397-thread-1] INFO  server.RaftServerConfigKeys (ConfUtils.java:logGet(43)) - raft.server.log.queue.element-limit = 1024 (custom)
2019-11-05 17:22:18,537 [pool-397-thread-1] INFO  server.RaftServerConfigKeys (ConfUtils.java:logGet(43)) - raft.server.log.segment.size.max = 1048576 (custom)
2019-11-05 17:22:18,537 [pool-397-thread-1] INFO  server.RaftServerConfigKeys (ConfUtils.java:logGet(43)) - raft.server.log.preallocated.size = 16384 (custom)
2019-11-05 17:22:18,538 [pool-397-thread-1] INFO  server.RaftServerConfigKeys (ConfUtils.java:logGet(43)) - raft.server.log.write.buffer.size = 33554432 (custom)
2019-11-05 17:22:18,538 [pool-397-thread-1] INFO  server.RaftServerConfigKeys (ConfUtils.java:logGet(43)) - raft.server.log.force.sync.num = 128 (default)
2019-11-05 17:22:18,538 [pool-397-thread-1] INFO  server.RaftServerConfigKeys (ConfUtils.java:logGet(43)) - raft.server.log.statemachine.data.sync = true (default)
2019-11-05 17:22:18,538 [pool-397-thread-1] INFO  server.RaftServerConfigKeys (ConfUtils.java:logGet(43)) - raft.server.log.statemachine.data.sync.timeout = 10s (default)
2019-11-05 17:22:18,539 [pool-397-thread-1] INFO  server.RaftServerConfigKeys (ConfUtils.java:logGet(43)) - raft.server.log.statemachine.data.sync.timeout.retry = -1 (default)
2019-11-05 17:22:18,539 [pool-397-thread-1] INFO  server.RaftServerConfigKeys (ConfUtils.java:logGet(43)) - raft.server.log.statemachine.data.caching.enabled = true (custom)
2019-11-05 17:22:18,540 [pool-397-thread-1] INFO  segmented.SegmentedRaftLogWorker (SegmentedRaftLogWorker.java:lambda$new$0(128)) - 4a44a329-e613-4208-b662-e2f3951a28dc@group-5D13B2203B67-SegmentedRaftLogWorker: flushIndex: setUnconditionally 0 -> -1
2019-11-05 17:22:18,540 [pool-397-thread-1] INFO  server.RaftServerConfigKeys (ConfUtils.java:logGet(43)) - raft.server.snapshot.auto.trigger.enabled = true (custom)
2019-11-05 17:22:18,540 [pool-397-thread-1] INFO  server.RaftServerConfigKeys (ConfUtils.java:logGet(43)) - raft.server.snapshot.auto.trigger.threshold = 10000 (custom)
2019-11-05 17:22:18,541 [pool-397-thread-1] INFO  server.RaftServerConfigKeys (ConfUtils.java:logGet(43)) - raft.server.snapshot.retention.file.num = 5 (custom)
2019-11-05 17:22:18,541 [pool-397-thread-1] INFO  server.RaftServerConfigKeys (ConfUtils.java:logGet(43)) - raft.server.retrycache.expirytime = 600000ms (custom)
2019-11-05 17:22:18,541 [pool-397-thread-1] WARN  impl.MetricRegistriesImpl (MetricRegistriesImpl.java:lambda$create$1(61)) - First MetricRegistry has been created without registering reporters. You may need to call MetricRegistries.global().addReportRegistration(...) before.
2019-11-05 17:22:18,541 [pool-397-thread-1] WARN  impl.MetricRegistriesImpl (MetricRegistriesImpl.java:lambda$create$1(61)) - First MetricRegistry has been created without registering reporters. You may need to call MetricRegistries.global().addReportRegistration(...) before.
2019-11-05 17:22:18,541 [pool-397-thread-1] INFO  impl.RaftServerImpl (RaftServerImpl.java:start(184)) - 4a44a329-e613-4208-b662-e2f3951a28dc@group-5D13B2203B67: start as a follower, conf=-1: [4a44a329-e613-4208-b662-e2f3951a28dc:192.168.157.254:43776], old=null
2019-11-05 17:22:18,542 [pool-397-thread-1] INFO  impl.RaftServerImpl (RaftServerImpl.java:setRole(173)) - 4a44a329-e613-4208-b662-e2f3951a28dc@group-5D13B2203B67: changes role from      null to FOLLOWER at term 0 for startAsFollower
2019-11-05 17:22:18,542 [pool-397-thread-1] INFO  impl.RoleInfo (RoleInfo.java:updateAndGet(143)) - 4a44a329-e613-4208-b662-e2f3951a28dc: start FollowerState
2019-11-05 17:22:18,542 [pool-397-thread-1] INFO  util.JmxRegister (JmxRegister.java:tryRegister(44)) - Successfully registered JMX Bean with object name Ratis:service=RaftServer,group=group-5D13B2203B67,id=4a44a329-e613-4208-b662-e2f3951a28dc
2019-11-05 17:22:18,542 [pool-397-thread-1] WARN  impl.MetricRegistriesImpl (MetricRegistriesImpl.java:lambda$create$1(61)) - First MetricRegistry has been created without registering reporters. You may need to call MetricRegistries.global().addReportRegistration(...) before.
2019-11-05 17:22:18,554 [RatisPipelineUtilsThread] INFO  pipeline.PipelineStateManager (PipelineStateManager.java:addPipeline(56)) - Created pipeline Pipeline[ Id: 46c75029-a7f6-4fd0-84c4-5d13b2203b67, Nodes: 4a44a329-e613-4208-b662-e2f3951a28dc{ip: 192.168.157.254, host: pr-hdds-1987-xp2v8-1198919540, networkLocation: /default-rack, certSerialId: null}, Type:RATIS, Factor:ONE, State:OPEN]
2019-11-05 17:22:18,563 [grpc-default-executor-0] INFO  impl.RaftServerProxy (RaftServerProxy.java:addNew(89)) - 9090956c-016d-4394-9cf0-fb5de799cf00: addNew group-D507F2AB3D41:[9090956c-016d-4394-9cf0-fb5de799cf00:192.168.157.254:43938] returns group-D507F2AB3D41:java.util.concurrent.CompletableFuture@4452d811[Not completed]
2019-11-05 17:22:18,565 [pool-387-thread-1] INFO  impl.RaftServerImpl (RaftServerImpl.java:<init>(98)) - 9090956c-016d-4394-9cf0-fb5de799cf00: new RaftServerImpl for group-D507F2AB3D41:[9090956c-016d-4394-9cf0-fb5de799cf00:192.168.157.254:43938] with ContainerStateMachine:uninitialized
2019-11-05 17:22:18,565 [pool-387-thread-1] INFO  server.RaftServerConfigKeys (ConfUtils.java:logGet(43)) - raft.server.rpc.timeout.min = 5s (custom)
2019-11-05 17:22:18,565 [pool-387-thread-1] INFO  server.RaftServerConfigKeys (ConfUtils.java:logGet(43)) - raft.server.rpc.timeout.max = 5200ms (custom)
2019-11-05 17:22:18,565 [pool-387-thread-1] INFO  server.RaftServerConfigKeys (ConfUtils.java:logGet(43)) - raft.server.rpcslowness.timeout = 120s (custom)
2019-11-05 17:22:18,565 [pool-387-thread-1] INFO  server.RaftServerConfigKeys (ConfUtils.java:logGet(43)) - raft.server.sleep.deviation.threshold = 300 (default)
2019-11-05 17:22:18,565 [pool-387-thread-1] INFO  server.RaftServerConfigKeys (ConfUtils.java:logGet(43)) - raft.server.log.appender.install.snapshot.enabled = false (custom)
2019-11-05 17:22:18,566 [pool-387-thread-1] INFO  impl.RaftServerImpl (ServerState.java:<init>(103)) - 9090956c-016d-4394-9cf0-fb5de799cf00@group-D507F2AB3D41: ConfigurationManager, init=-1: [9090956c-016d-4394-9cf0-fb5de799cf00:192.168.157.254:43938], old=null, confs=<EMPTY_MAP>
2019-11-05 17:22:18,566 [pool-387-thread-1] INFO  server.RaftServerConfigKeys (ConfUtils.java:logGet(43)) - raft.server.storage.dir = [/workdir/hadoop-ozone/ozonefs/target/test-dir/MiniOzoneClusterImpl-501a243b-a211-4214-91e5-f40f4c8fcccf/datanode-1/data/ratis] (custom)
2019-11-05 17:22:18,566 [pool-387-thread-1] INFO  server.RaftServerConfigKeys (ConfUtils.java:logGet(43)) - raft.server.log.corruption.policy = EXCEPTION (default)
2019-11-05 17:22:18,567 [pool-387-thread-1] INFO  storage.RaftStorageDirectory (RaftStorageDirectory.java:analyzeStorage(246)) - The storage directory /workdir/hadoop-ozone/ozonefs/target/test-dir/MiniOzoneClusterImpl-501a243b-a211-4214-91e5-f40f4c8fcccf/datanode-1/data/ratis/5ba9ba02-cad5-4ccf-861b-d507f2ab3d41 does not exist. Creating ...
2019-11-05 17:22:18,572 [pool-387-thread-1] INFO  storage.RaftStorageDirectory (RaftStorageDirectory.java:tryLock(328)) - Lock on /workdir/hadoop-ozone/ozonefs/target/test-dir/MiniOzoneClusterImpl-501a243b-a211-4214-91e5-f40f4c8fcccf/datanode-1/data/ratis/5ba9ba02-cad5-4ccf-861b-d507f2ab3d41/in_use.lock acquired by nodename 1038@pr-hdds-1987-xp2v8-1198919540
2019-11-05 17:22:18,596 [pool-387-thread-1] INFO  storage.RaftStorage (RaftStorage.java:format(84)) - Storage directory /workdir/hadoop-ozone/ozonefs/target/test-dir/MiniOzoneClusterImpl-501a243b-a211-4214-91e5-f40f4c8fcccf/datanode-1/data/ratis/5ba9ba02-cad5-4ccf-861b-d507f2ab3d41 has been successfully formatted.
2019-11-05 17:22:18,597 [pool-387-thread-1] INFO  ratis.ContainerStateMachine (ContainerStateMachine.java:loadSnapshot(231)) - group-D507F2AB3D41: The snapshot info is null. Setting the last applied indexto:(t:0, i:~)
2019-11-05 17:22:18,597 [pool-387-thread-1] INFO  server.RaftServerConfigKeys (ConfUtils.java:logGet(43)) - raft.server.notification.no-leader.timeout = 120s (custom)
2019-11-05 17:22:18,597 [pool-387-thread-1] INFO  server.RaftServerConfigKeys (ConfUtils.java:logGet(43)) - raft.server.log.use.memory = false (default)
2019-11-05 17:22:18,598 [pool-387-thread-1] INFO  server.RaftServerConfigKeys (ConfUtils.java:logGet(43)) - raft.server.log.purge.gap = 1000000 (custom)
2019-11-05 17:22:18,598 [pool-387-thread-1] INFO  server.RaftServerConfigKeys (ConfUtils.java:logGet(43)) - raft.server.log.appender.buffer.byte-limit = 33554432 (custom)
2019-11-05 17:22:18,598 [pool-387-thread-1] INFO  server.RaftServerConfigKeys (ConfUtils.java:logGet(43)) - raft.server.log.segment.size.max = 1048576 (custom)
2019-11-05 17:22:18,598 [pool-387-thread-1] WARN  impl.MetricRegistriesImpl (MetricRegistriesImpl.java:lambda$create$1(61)) - First MetricRegistry has been created without registering reporters. You may need to call MetricRegistries.global().addReportRegistration(...) before.
2019-11-05 17:22:18,598 [pool-387-thread-1] INFO  server.RaftServerConfigKeys (ConfUtils.java:logGet(43)) - raft.server.log.segment.cache.num.max = 2 (custom)
2019-11-05 17:22:18,598 [pool-387-thread-1] INFO  segmented.SegmentedRaftLogWorker (SegmentedRaftLogWorker.java:<init>(173)) - new 9090956c-016d-4394-9cf0-fb5de799cf00@group-D507F2AB3D41-SegmentedRaftLogWorker for RaftStorage:Storage Directory /workdir/hadoop-ozone/ozonefs/target/test-dir/MiniOzoneClusterImpl-501a243b-a211-4214-91e5-f40f4c8fcccf/datanode-1/data/ratis/5ba9ba02-cad5-4ccf-861b-d507f2ab3d41
2019-11-05 17:22:18,599 [pool-387-thread-1] INFO  server.RaftServerConfigKeys (ConfUtils.java:logGet(43)) - raft.server.log.queue.byte-limit = 2147483647 (custom)
2019-11-05 17:22:18,599 [pool-387-thread-1] INFO  server.RaftServerConfigKeys (ConfUtils.java:logGet(43)) - raft.server.log.queue.element-limit = 1024 (custom)
2019-11-05 17:22:18,599 [pool-387-thread-1] INFO  server.RaftServerConfigKeys (ConfUtils.java:logGet(43)) - raft.server.log.segment.size.max = 1048576 (custom)
2019-11-05 17:22:18,599 [pool-387-thread-1] INFO  server.RaftServerConfigKeys (ConfUtils.java:logGet(43)) - raft.server.log.preallocated.size = 16384 (custom)
2019-11-05 17:22:18,599 [pool-387-thread-1] INFO  server.RaftServerConfigKeys (ConfUtils.java:logGet(43)) - raft.server.log.write.buffer.size = 33554432 (custom)
2019-11-05 17:22:18,599 [pool-387-thread-1] INFO  server.RaftServerConfigKeys (ConfUtils.java:logGet(43)) - raft.server.log.force.sync.num = 128 (default)
2019-11-05 17:22:18,605 [pool-387-thread-1] INFO  server.RaftServerConfigKeys (ConfUtils.java:logGet(43)) - raft.server.log.statemachine.data.sync = true (default)
2019-11-05 17:22:18,605 [pool-387-thread-1] INFO  server.RaftServerConfigKeys (ConfUtils.java:logGet(43)) - raft.server.log.statemachine.data.sync.timeout = 10s (default)
2019-11-05 17:22:18,606 [pool-387-thread-1] INFO  server.RaftServerConfigKeys (ConfUtils.java:logGet(43)) - raft.server.log.statemachine.data.sync.timeout.retry = -1 (default)
2019-11-05 17:22:18,606 [pool-387-thread-1] INFO  server.RaftServerConfigKeys (ConfUtils.java:logGet(43)) - raft.server.log.statemachine.data.caching.enabled = true (custom)
2019-11-05 17:22:18,606 [pool-387-thread-1] INFO  segmented.SegmentedRaftLogWorker (SegmentedRaftLogWorker.java:lambda$new$0(128)) - 9090956c-016d-4394-9cf0-fb5de799cf00@group-D507F2AB3D41-SegmentedRaftLogWorker: flushIndex: setUnconditionally 0 -> -1
2019-11-05 17:22:18,607 [pool-387-thread-1] INFO  server.RaftServerConfigKeys (ConfUtils.java:logGet(43)) - raft.server.snapshot.auto.trigger.enabled = true (custom)
2019-11-05 17:22:18,607 [pool-387-thread-1] INFO  server.RaftServerConfigKeys (ConfUtils.java:logGet(43)) - raft.server.snapshot.auto.trigger.threshold = 10000 (custom)
2019-11-05 17:22:18,607 [pool-387-thread-1] INFO  server.RaftServerConfigKeys (ConfUtils.java:logGet(43)) - raft.server.snapshot.retention.file.num = 5 (custom)
2019-11-05 17:22:18,608 [pool-387-thread-1] INFO  server.RaftServerConfigKeys (ConfUtils.java:logGet(43)) - raft.server.retrycache.expirytime = 600000ms (custom)
2019-11-05 17:22:18,608 [pool-387-thread-1] WARN  impl.MetricRegistriesImpl (MetricRegistriesImpl.java:lambda$create$1(61)) - First MetricRegistry has been created without registering reporters. You may need to call MetricRegistries.global().addReportRegistration(...) before.
2019-11-05 17:22:18,608 [pool-387-thread-1] WARN  impl.MetricRegistriesImpl (MetricRegistriesImpl.java:lambda$create$1(61)) - First MetricRegistry has been created without registering reporters. You may need to call MetricRegistries.global().addReportRegistration(...) before.
2019-11-05 17:22:18,609 [pool-387-thread-1] INFO  impl.RaftServerImpl (RaftServerImpl.java:start(184)) - 9090956c-016d-4394-9cf0-fb5de799cf00@group-D507F2AB3D41: start as a follower, conf=-1: [9090956c-016d-4394-9cf0-fb5de799cf00:192.168.157.254:43938], old=null
2019-11-05 17:22:18,609 [pool-387-thread-1] INFO  impl.RaftServerImpl (RaftServerImpl.java:setRole(173)) - 9090956c-016d-4394-9cf0-fb5de799cf00@group-D507F2AB3D41: changes role from      null to FOLLOWER at term 0 for startAsFollower
2019-11-05 17:22:18,609 [pool-387-thread-1] INFO  impl.RoleInfo (RoleInfo.java:updateAndGet(143)) - 9090956c-016d-4394-9cf0-fb5de799cf00: start FollowerState
2019-11-05 17:22:18,624 [pool-387-thread-1] INFO  util.JmxRegister (JmxRegister.java:tryRegister(44)) - Successfully registered JMX Bean with object name Ratis:service=RaftServer,group=group-D507F2AB3D41,id=9090956c-016d-4394-9cf0-fb5de799cf00
2019-11-05 17:22:18,625 [pool-387-thread-1] WARN  impl.MetricRegistriesImpl (MetricRegistriesImpl.java:lambda$create$1(61)) - First MetricRegistry has been created without registering reporters. You may need to call MetricRegistries.global().addReportRegistration(...) before.
2019-11-05 17:22:18,649 [RatisPipelineUtilsThread] INFO  pipeline.PipelineStateManager (PipelineStateManager.java:addPipeline(56)) - Created pipeline Pipeline[ Id: 5ba9ba02-cad5-4ccf-861b-d507f2ab3d41, Nodes: 9090956c-016d-4394-9cf0-fb5de799cf00{ip: 192.168.157.254, host: pr-hdds-1987-xp2v8-1198919540, networkLocation: /default-rack, certSerialId: null}, Type:RATIS, Factor:ONE, State:OPEN]
2019-11-05 17:22:18,698 [grpc-default-executor-0] INFO  impl.RaftServerProxy (RaftServerProxy.java:addNew(89)) - 6b26fbdf-6bee-4eca-b994-39b8d7390060: addNew group-D666A8A026E7:[9090956c-016d-4394-9cf0-fb5de799cf00:192.168.157.254:43938, 4a44a329-e613-4208-b662-e2f3951a28dc:192.168.157.254:43776, 6b26fbdf-6bee-4eca-b994-39b8d7390060:192.168.157.254:36950] returns group-D666A8A026E7:java.util.concurrent.CompletableFuture@4cb4ab75[Not completed]
2019-11-05 17:22:18,703 [pool-377-thread-1] INFO  impl.RaftServerImpl (RaftServerImpl.java:<init>(98)) - 6b26fbdf-6bee-4eca-b994-39b8d7390060: new RaftServerImpl for group-D666A8A026E7:[9090956c-016d-4394-9cf0-fb5de799cf00:192.168.157.254:43938, 4a44a329-e613-4208-b662-e2f3951a28dc:192.168.157.254:43776, 6b26fbdf-6bee-4eca-b994-39b8d7390060:192.168.157.254:36950] with ContainerStateMachine:uninitialized
2019-11-05 17:22:18,724 [pool-377-thread-1] INFO  server.RaftServerConfigKeys (ConfUtils.java:logGet(43)) - raft.server.rpc.timeout.min = 5s (custom)
2019-11-05 17:22:18,724 [pool-377-thread-1] INFO  server.RaftServerConfigKeys (ConfUtils.java:logGet(43)) - raft.server.rpc.timeout.max = 5200ms (custom)
2019-11-05 17:22:18,724 [pool-377-thread-1] INFO  server.RaftServerConfigKeys (ConfUtils.java:logGet(43)) - raft.server.rpcslowness.timeout = 120s (custom)
2019-11-05 17:22:18,725 [pool-377-thread-1] INFO  server.RaftServerConfigKeys (ConfUtils.java:logGet(43)) - raft.server.sleep.deviation.threshold = 300 (default)
2019-11-05 17:22:18,725 [pool-377-thread-1] INFO  server.RaftServerConfigKeys (ConfUtils.java:logGet(43)) - raft.server.log.appender.install.snapshot.enabled = false (custom)
2019-11-05 17:22:18,725 [pool-377-thread-1] INFO  impl.RaftServerImpl (ServerState.java:<init>(103)) - 6b26fbdf-6bee-4eca-b994-39b8d7390060@group-D666A8A026E7: ConfigurationManager, init=-1: [9090956c-016d-4394-9cf0-fb5de799cf00:192.168.157.254:43938, 4a44a329-e613-4208-b662-e2f3951a28dc:192.168.157.254:43776, 6b26fbdf-6bee-4eca-b994-39b8d7390060:192.168.157.254:36950], old=null, confs=<EMPTY_MAP>
2019-11-05 17:22:18,725 [pool-377-thread-1] INFO  server.RaftServerConfigKeys (ConfUtils.java:logGet(43)) - raft.server.storage.dir = [/workdir/hadoop-ozone/ozonefs/target/test-dir/MiniOzoneClusterImpl-501a243b-a211-4214-91e5-f40f4c8fcccf/datanode-0/data/ratis] (custom)
2019-11-05 17:22:18,726 [pool-377-thread-1] INFO  server.RaftServerConfigKeys (ConfUtils.java:logGet(43)) - raft.server.log.corruption.policy = EXCEPTION (default)
2019-11-05 17:22:18,726 [pool-377-thread-1] INFO  storage.RaftStorageDirectory (RaftStorageDirectory.java:analyzeStorage(246)) - The storage directory /workdir/hadoop-ozone/ozonefs/target/test-dir/MiniOzoneClusterImpl-501a243b-a211-4214-91e5-f40f4c8fcccf/datanode-0/data/ratis/3bbbff16-0253-4c3d-afd4-d666a8a026e7 does not exist. Creating ...
2019-11-05 17:22:18,732 [pool-387-thread-1] INFO  impl.RaftServerImpl (RaftServerImpl.java:<init>(98)) - 9090956c-016d-4394-9cf0-fb5de799cf00: new RaftServerImpl for group-D666A8A026E7:[9090956c-016d-4394-9cf0-fb5de799cf00:192.168.157.254:43938, 4a44a329-e613-4208-b662-e2f3951a28dc:192.168.157.254:43776, 6b26fbdf-6bee-4eca-b994-39b8d7390060:192.168.157.254:36950] with ContainerStateMachine:uninitialized
2019-11-05 17:22:18,733 [pool-387-thread-1] INFO  server.RaftServerConfigKeys (ConfUtils.java:logGet(43)) - raft.server.rpc.timeout.min = 5s (custom)
2019-11-05 17:22:18,733 [pool-387-thread-1] INFO  server.RaftServerConfigKeys (ConfUtils.java:logGet(43)) - raft.server.rpc.timeout.max = 5200ms (custom)
2019-11-05 17:22:18,733 [pool-387-thread-1] INFO  server.RaftServerConfigKeys (ConfUtils.java:logGet(43)) - raft.server.rpcslowness.timeout = 120s (custom)
2019-11-05 17:22:18,733 [pool-387-thread-1] INFO  server.RaftServerConfigKeys (ConfUtils.java:logGet(43)) - raft.server.sleep.deviation.threshold = 300 (default)
2019-11-05 17:22:18,733 [pool-387-thread-1] INFO  server.RaftServerConfigKeys (ConfUtils.java:logGet(43)) - raft.server.log.appender.install.snapshot.enabled = false (custom)
2019-11-05 17:22:18,733 [pool-387-thread-1] INFO  impl.RaftServerImpl (ServerState.java:<init>(103)) - 9090956c-016d-4394-9cf0-fb5de799cf00@group-D666A8A026E7: ConfigurationManager, init=-1: [9090956c-016d-4394-9cf0-fb5de799cf00:192.168.157.254:43938, 4a44a329-e613-4208-b662-e2f3951a28dc:192.168.157.254:43776, 6b26fbdf-6bee-4eca-b994-39b8d7390060:192.168.157.254:36950], old=null, confs=<EMPTY_MAP>
2019-11-05 17:22:18,733 [pool-387-thread-1] INFO  server.RaftServerConfigKeys (ConfUtils.java:logGet(43)) - raft.server.storage.dir = [/workdir/hadoop-ozone/ozonefs/target/test-dir/MiniOzoneClusterImpl-501a243b-a211-4214-91e5-f40f4c8fcccf/datanode-1/data/ratis] (custom)
2019-11-05 17:22:18,734 [pool-387-thread-1] INFO  server.RaftServerConfigKeys (ConfUtils.java:logGet(43)) - raft.server.log.corruption.policy = EXCEPTION (default)
2019-11-05 17:22:18,734 [pool-387-thread-1] INFO  storage.RaftStorageDirectory (RaftStorageDirectory.java:analyzeStorage(246)) - The storage directory /workdir/hadoop-ozone/ozonefs/target/test-dir/MiniOzoneClusterImpl-501a243b-a211-4214-91e5-f40f4c8fcccf/datanode-1/data/ratis/3bbbff16-0253-4c3d-afd4-d666a8a026e7 does not exist. Creating ...
2019-11-05 17:22:18,735 [grpc-default-executor-2] INFO  impl.RaftServerProxy (RaftServerProxy.java:addNew(89)) - 9090956c-016d-4394-9cf0-fb5de799cf00: addNew group-D666A8A026E7:[9090956c-016d-4394-9cf0-fb5de799cf00:192.168.157.254:43938, 4a44a329-e613-4208-b662-e2f3951a28dc:192.168.157.254:43776, 6b26fbdf-6bee-4eca-b994-39b8d7390060:192.168.157.254:36950] returns group-D666A8A026E7:java.util.concurrent.CompletableFuture@538a17c6[Not completed]
2019-11-05 17:22:18,740 [pool-387-thread-1] INFO  storage.RaftStorageDirectory (RaftStorageDirectory.java:tryLock(328)) - Lock on /workdir/hadoop-ozone/ozonefs/target/test-dir/MiniOzoneClusterImpl-501a243b-a211-4214-91e5-f40f4c8fcccf/datanode-1/data/ratis/3bbbff16-0253-4c3d-afd4-d666a8a026e7/in_use.lock acquired by nodename 1038@pr-hdds-1987-xp2v8-1198919540
2019-11-05 17:22:18,742 [pool-377-thread-1] INFO  storage.RaftStorageDirectory (RaftStorageDirectory.java:tryLock(328)) - Lock on /workdir/hadoop-ozone/ozonefs/target/test-dir/MiniOzoneClusterImpl-501a243b-a211-4214-91e5-f40f4c8fcccf/datanode-0/data/ratis/3bbbff16-0253-4c3d-afd4-d666a8a026e7/in_use.lock acquired by nodename 1038@pr-hdds-1987-xp2v8-1198919540
2019-11-05 17:22:18,754 [grpc-default-executor-0] INFO  impl.RaftServerProxy (RaftServerProxy.java:addNew(89)) - 4a44a329-e613-4208-b662-e2f3951a28dc: addNew group-D666A8A026E7:[9090956c-016d-4394-9cf0-fb5de799cf00:192.168.157.254:43938, 4a44a329-e613-4208-b662-e2f3951a28dc:192.168.157.254:43776, 6b26fbdf-6bee-4eca-b994-39b8d7390060:192.168.157.254:36950] returns group-D666A8A026E7:java.util.concurrent.CompletableFuture@430b589[Not completed]
2019-11-05 17:22:18,755 [pool-397-thread-1] INFO  impl.RaftServerImpl (RaftServerImpl.java:<init>(98)) - 4a44a329-e613-4208-b662-e2f3951a28dc: new RaftServerImpl for group-D666A8A026E7:[9090956c-016d-4394-9cf0-fb5de799cf00:192.168.157.254:43938, 4a44a329-e613-4208-b662-e2f3951a28dc:192.168.157.254:43776, 6b26fbdf-6bee-4eca-b994-39b8d7390060:192.168.157.254:36950] with ContainerStateMachine:uninitialized
2019-11-05 17:22:18,755 [pool-397-thread-1] INFO  server.RaftServerConfigKeys (ConfUtils.java:logGet(43)) - raft.server.rpc.timeout.min = 5s (custom)
2019-11-05 17:22:18,755 [pool-397-thread-1] INFO  server.RaftServerConfigKeys (ConfUtils.java:logGet(43)) - raft.server.rpc.timeout.max = 5200ms (custom)
2019-11-05 17:22:18,755 [pool-397-thread-1] INFO  server.RaftServerConfigKeys (ConfUtils.java:logGet(43)) - raft.server.rpcslowness.timeout = 120s (custom)
2019-11-05 17:22:18,755 [pool-397-thread-1] INFO  server.RaftServerConfigKeys (ConfUtils.java:logGet(43)) - raft.server.sleep.deviation.threshold = 300 (default)
2019-11-05 17:22:18,756 [pool-397-thread-1] INFO  server.RaftServerConfigKeys (ConfUtils.java:logGet(43)) - raft.server.log.appender.install.snapshot.enabled = false (custom)
2019-11-05 17:22:18,756 [pool-397-thread-1] INFO  impl.RaftServerImpl (ServerState.java:<init>(103)) - 4a44a329-e613-4208-b662-e2f3951a28dc@group-D666A8A026E7: ConfigurationManager, init=-1: [9090956c-016d-4394-9cf0-fb5de799cf00:192.168.157.254:43938, 4a44a329-e613-4208-b662-e2f3951a28dc:192.168.157.254:43776, 6b26fbdf-6bee-4eca-b994-39b8d7390060:192.168.157.254:36950], old=null, confs=<EMPTY_MAP>
2019-11-05 17:22:18,756 [pool-397-thread-1] INFO  server.RaftServerConfigKeys (ConfUtils.java:logGet(43)) - raft.server.storage.dir = [/workdir/hadoop-ozone/ozonefs/target/test-dir/MiniOzoneClusterImpl-501a243b-a211-4214-91e5-f40f4c8fcccf/datanode-2/data/ratis] (custom)
2019-11-05 17:22:18,756 [pool-397-thread-1] INFO  server.RaftServerConfigKeys (ConfUtils.java:logGet(43)) - raft.server.log.corruption.policy = EXCEPTION (default)
2019-11-05 17:22:18,756 [pool-397-thread-1] INFO  storage.RaftStorageDirectory (RaftStorageDirectory.java:analyzeStorage(246)) - The storage directory /workdir/hadoop-ozone/ozonefs/target/test-dir/MiniOzoneClusterImpl-501a243b-a211-4214-91e5-f40f4c8fcccf/datanode-2/data/ratis/3bbbff16-0253-4c3d-afd4-d666a8a026e7 does not exist. Creating ...
2019-11-05 17:22:18,757 [pool-387-thread-1] INFO  storage.RaftStorage (RaftStorage.java:format(84)) - Storage directory /workdir/hadoop-ozone/ozonefs/target/test-dir/MiniOzoneClusterImpl-501a243b-a211-4214-91e5-f40f4c8fcccf/datanode-1/data/ratis/3bbbff16-0253-4c3d-afd4-d666a8a026e7 has been successfully formatted.
2019-11-05 17:22:18,758 [pool-387-thread-1] INFO  ratis.ContainerStateMachine (ContainerStateMachine.java:loadSnapshot(231)) - group-D666A8A026E7: The snapshot info is null. Setting the last applied indexto:(t:0, i:~)
2019-11-05 17:22:18,758 [pool-387-thread-1] INFO  server.RaftServerConfigKeys (ConfUtils.java:logGet(43)) - raft.server.notification.no-leader.timeout = 120s (custom)
2019-11-05 17:22:18,758 [pool-387-thread-1] INFO  server.RaftServerConfigKeys (ConfUtils.java:logGet(43)) - raft.server.log.use.memory = false (default)
2019-11-05 17:22:18,758 [pool-387-thread-1] INFO  server.RaftServerConfigKeys (ConfUtils.java:logGet(43)) - raft.server.log.purge.gap = 1000000 (custom)
2019-11-05 17:22:18,758 [pool-387-thread-1] INFO  server.RaftServerConfigKeys (ConfUtils.java:logGet(43)) - raft.server.log.appender.buffer.byte-limit = 33554432 (custom)
2019-11-05 17:22:18,758 [pool-387-thread-1] INFO  server.RaftServerConfigKeys (ConfUtils.java:logGet(43)) - raft.server.log.segment.size.max = 1048576 (custom)
2019-11-05 17:22:18,758 [pool-387-thread-1] INFO  server.RaftServerConfigKeys (ConfUtils.java:logGet(43)) - raft.server.log.segment.cache.num.max = 2 (custom)
2019-11-05 17:22:18,758 [pool-387-thread-1] INFO  segmented.SegmentedRaftLogWorker (SegmentedRaftLogWorker.java:<init>(173)) - new 9090956c-016d-4394-9cf0-fb5de799cf00@group-D666A8A026E7-SegmentedRaftLogWorker for RaftStorage:Storage Directory /workdir/hadoop-ozone/ozonefs/target/test-dir/MiniOzoneClusterImpl-501a243b-a211-4214-91e5-f40f4c8fcccf/datanode-1/data/ratis/3bbbff16-0253-4c3d-afd4-d666a8a026e7
2019-11-05 17:22:18,759 [pool-387-thread-1] INFO  server.RaftServerConfigKeys (ConfUtils.java:logGet(43)) - raft.server.log.queue.byte-limit = 2147483647 (custom)
2019-11-05 17:22:18,759 [pool-387-thread-1] INFO  server.RaftServerConfigKeys (ConfUtils.java:logGet(43)) - raft.server.log.queue.element-limit = 1024 (custom)
2019-11-05 17:22:18,759 [pool-387-thread-1] INFO  server.RaftServerConfigKeys (ConfUtils.java:logGet(43)) - raft.server.log.segment.size.max = 1048576 (custom)
2019-11-05 17:22:18,759 [pool-387-thread-1] INFO  server.RaftServerConfigKeys (ConfUtils.java:logGet(43)) - raft.server.log.preallocated.size = 16384 (custom)
2019-11-05 17:22:18,759 [pool-387-thread-1] INFO  server.RaftServerConfigKeys (ConfUtils.java:logGet(43)) - raft.server.log.write.buffer.size = 33554432 (custom)
2019-11-05 17:22:18,759 [pool-387-thread-1] INFO  server.RaftServerConfigKeys (ConfUtils.java:logGet(43)) - raft.server.log.force.sync.num = 128 (default)
2019-11-05 17:22:18,759 [pool-387-thread-1] INFO  server.RaftServerConfigKeys (ConfUtils.java:logGet(43)) - raft.server.log.statemachine.data.sync = true (default)
2019-11-05 17:22:18,759 [pool-387-thread-1] INFO  server.RaftServerConfigKeys (ConfUtils.java:logGet(43)) - raft.server.log.statemachine.data.sync.timeout = 10s (default)
2019-11-05 17:22:18,759 [pool-387-thread-1] INFO  server.RaftServerConfigKeys (ConfUtils.java:logGet(43)) - raft.server.log.statemachine.data.sync.timeout.retry = -1 (default)
2019-11-05 17:22:18,760 [pool-387-thread-1] INFO  server.RaftServerConfigKeys (ConfUtils.java:logGet(43)) - raft.server.log.statemachine.data.caching.enabled = true (custom)
2019-11-05 17:22:18,760 [pool-387-thread-1] INFO  segmented.SegmentedRaftLogWorker (SegmentedRaftLogWorker.java:lambda$new$0(128)) - 9090956c-016d-4394-9cf0-fb5de799cf00@group-D666A8A026E7-SegmentedRaftLogWorker: flushIndex: setUnconditionally 0 -> -1
2019-11-05 17:22:18,761 [pool-387-thread-1] INFO  server.RaftServerConfigKeys (ConfUtils.java:logGet(43)) - raft.server.snapshot.auto.trigger.enabled = true (custom)
2019-11-05 17:22:18,761 [pool-387-thread-1] INFO  server.RaftServerConfigKeys (ConfUtils.java:logGet(43)) - raft.server.snapshot.auto.trigger.threshold = 10000 (custom)
2019-11-05 17:22:18,761 [pool-387-thread-1] INFO  server.RaftServerConfigKeys (ConfUtils.java:logGet(43)) - raft.server.snapshot.retention.file.num = 5 (custom)
2019-11-05 17:22:18,762 [pool-387-thread-1] INFO  server.RaftServerConfigKeys (ConfUtils.java:logGet(43)) - raft.server.retrycache.expirytime = 600000ms (custom)
2019-11-05 17:22:18,762 [pool-397-thread-1] INFO  storage.RaftStorageDirectory (RaftStorageDirectory.java:tryLock(328)) - Lock on /workdir/hadoop-ozone/ozonefs/target/test-dir/MiniOzoneClusterImpl-501a243b-a211-4214-91e5-f40f4c8fcccf/datanode-2/data/ratis/3bbbff16-0253-4c3d-afd4-d666a8a026e7/in_use.lock acquired by nodename 1038@pr-hdds-1987-xp2v8-1198919540
2019-11-05 17:22:18,764 [pool-387-thread-1] WARN  impl.MetricRegistriesImpl (MetricRegistriesImpl.java:lambda$create$1(61)) - First MetricRegistry has been created without registering reporters. You may need to call MetricRegistries.global().addReportRegistration(...) before.
2019-11-05 17:22:18,764 [pool-387-thread-1] WARN  impl.MetricRegistriesImpl (MetricRegistriesImpl.java:lambda$create$1(61)) - First MetricRegistry has been created without registering reporters. You may need to call MetricRegistries.global().addReportRegistration(...) before.
2019-11-05 17:22:18,764 [pool-387-thread-1] INFO  impl.RaftServerImpl (RaftServerImpl.java:start(184)) - 9090956c-016d-4394-9cf0-fb5de799cf00@group-D666A8A026E7: start as a follower, conf=-1: [9090956c-016d-4394-9cf0-fb5de799cf00:192.168.157.254:43938, 4a44a329-e613-4208-b662-e2f3951a28dc:192.168.157.254:43776, 6b26fbdf-6bee-4eca-b994-39b8d7390060:192.168.157.254:36950], old=null
2019-11-05 17:22:18,765 [pool-387-thread-1] INFO  impl.RaftServerImpl (RaftServerImpl.java:setRole(173)) - 9090956c-016d-4394-9cf0-fb5de799cf00@group-D666A8A026E7: changes role from      null to FOLLOWER at term 0 for startAsFollower
2019-11-05 17:22:18,765 [pool-387-thread-1] INFO  impl.RoleInfo (RoleInfo.java:updateAndGet(143)) - 9090956c-016d-4394-9cf0-fb5de799cf00: start FollowerState
2019-11-05 17:22:18,765 [pool-377-thread-1] INFO  storage.RaftStorage (RaftStorage.java:format(84)) - Storage directory /workdir/hadoop-ozone/ozonefs/target/test-dir/MiniOzoneClusterImpl-501a243b-a211-4214-91e5-f40f4c8fcccf/datanode-0/data/ratis/3bbbff16-0253-4c3d-afd4-d666a8a026e7 has been successfully formatted.
2019-11-05 17:22:18,767 [pool-397-thread-1] INFO  storage.RaftStorage (RaftStorage.java:format(84)) - Storage directory /workdir/hadoop-ozone/ozonefs/target/test-dir/MiniOzoneClusterImpl-501a243b-a211-4214-91e5-f40f4c8fcccf/datanode-2/data/ratis/3bbbff16-0253-4c3d-afd4-d666a8a026e7 has been successfully formatted.
2019-11-05 17:22:18,767 [pool-397-thread-1] INFO  ratis.ContainerStateMachine (ContainerStateMachine.java:loadSnapshot(231)) - group-D666A8A026E7: The snapshot info is null. Setting the last applied indexto:(t:0, i:~)
2019-11-05 17:22:18,767 [pool-397-thread-1] INFO  server.RaftServerConfigKeys (ConfUtils.java:logGet(43)) - raft.server.notification.no-leader.timeout = 120s (custom)
2019-11-05 17:22:18,768 [pool-397-thread-1] INFO  server.RaftServerConfigKeys (ConfUtils.java:logGet(43)) - raft.server.log.use.memory = false (default)
2019-11-05 17:22:18,768 [pool-397-thread-1] INFO  server.RaftServerConfigKeys (ConfUtils.java:logGet(43)) - raft.server.log.purge.gap = 1000000 (custom)
2019-11-05 17:22:18,768 [pool-397-thread-1] INFO  server.RaftServerConfigKeys (ConfUtils.java:logGet(43)) - raft.server.log.appender.buffer.byte-limit = 33554432 (custom)
2019-11-05 17:22:18,768 [pool-397-thread-1] INFO  server.RaftServerConfigKeys (ConfUtils.java:logGet(43)) - raft.server.log.segment.size.max = 1048576 (custom)
2019-11-05 17:22:18,768 [pool-397-thread-1] INFO  server.RaftServerConfigKeys (ConfUtils.java:logGet(43)) - raft.server.log.segment.cache.num.max = 2 (custom)
2019-11-05 17:22:18,768 [pool-397-thread-1] INFO  segmented.SegmentedRaftLogWorker (SegmentedRaftLogWorker.java:<init>(173)) - new 4a44a329-e613-4208-b662-e2f3951a28dc@group-D666A8A026E7-SegmentedRaftLogWorker for RaftStorage:Storage Directory /workdir/hadoop-ozone/ozonefs/target/test-dir/MiniOzoneClusterImpl-501a243b-a211-4214-91e5-f40f4c8fcccf/datanode-2/data/ratis/3bbbff16-0253-4c3d-afd4-d666a8a026e7
2019-11-05 17:22:18,769 [pool-397-thread-1] INFO  server.RaftServerConfigKeys (ConfUtils.java:logGet(43)) - raft.server.log.queue.byte-limit = 2147483647 (custom)
2019-11-05 17:22:18,769 [pool-397-thread-1] INFO  server.RaftServerConfigKeys (ConfUtils.java:logGet(43)) - raft.server.log.queue.element-limit = 1024 (custom)
2019-11-05 17:22:18,769 [pool-397-thread-1] INFO  server.RaftServerConfigKeys (ConfUtils.java:logGet(43)) - raft.server.log.segment.size.max = 1048576 (custom)
2019-11-05 17:22:18,769 [pool-397-thread-1] INFO  server.RaftServerConfigKeys (ConfUtils.java:logGet(43)) - raft.server.log.preallocated.size = 16384 (custom)
2019-11-05 17:22:18,769 [pool-397-thread-1] INFO  server.RaftServerConfigKeys (ConfUtils.java:logGet(43)) - raft.server.log.write.buffer.size = 33554432 (custom)
2019-11-05 17:22:18,769 [pool-397-thread-1] INFO  server.RaftServerConfigKeys (ConfUtils.java:logGet(43)) - raft.server.log.force.sync.num = 128 (default)
2019-11-05 17:22:18,770 [pool-397-thread-1] INFO  server.RaftServerConfigKeys (ConfUtils.java:logGet(43)) - raft.server.log.statemachine.data.sync = true (default)
2019-11-05 17:22:18,770 [pool-397-thread-1] INFO  server.RaftServerConfigKeys (ConfUtils.java:logGet(43)) - raft.server.log.statemachine.data.sync.timeout = 10s (default)
2019-11-05 17:22:18,770 [pool-397-thread-1] INFO  server.RaftServerConfigKeys (ConfUtils.java:logGet(43)) - raft.server.log.statemachine.data.sync.timeout.retry = -1 (default)
2019-11-05 17:22:18,770 [pool-377-thread-1] INFO  ratis.ContainerStateMachine (ContainerStateMachine.java:loadSnapshot(231)) - group-D666A8A026E7: The snapshot info is null. Setting the last applied indexto:(t:0, i:~)
2019-11-05 17:22:18,770 [pool-377-thread-1] INFO  server.RaftServerConfigKeys (ConfUtils.java:logGet(43)) - raft.server.notification.no-leader.timeout = 120s (custom)
2019-11-05 17:22:18,771 [pool-377-thread-1] INFO  server.RaftServerConfigKeys (ConfUtils.java:logGet(43)) - raft.server.log.use.memory = false (default)
2019-11-05 17:22:18,771 [pool-377-thread-1] INFO  server.RaftServerConfigKeys (ConfUtils.java:logGet(43)) - raft.server.log.purge.gap = 1000000 (custom)
2019-11-05 17:22:18,771 [pool-377-thread-1] INFO  server.RaftServerConfigKeys (ConfUtils.java:logGet(43)) - raft.server.log.appender.buffer.byte-limit = 33554432 (custom)
2019-11-05 17:22:18,771 [pool-377-thread-1] INFO  server.RaftServerConfigKeys (ConfUtils.java:logGet(43)) - raft.server.log.segment.size.max = 1048576 (custom)
2019-11-05 17:22:18,771 [pool-377-thread-1] INFO  server.RaftServerConfigKeys (ConfUtils.java:logGet(43)) - raft.server.log.segment.cache.num.max = 2 (custom)
2019-11-05 17:22:18,774 [pool-377-thread-1] INFO  segmented.SegmentedRaftLogWorker (SegmentedRaftLogWorker.java:<init>(173)) - new 6b26fbdf-6bee-4eca-b994-39b8d7390060@group-D666A8A026E7-SegmentedRaftLogWorker for RaftStorage:Storage Directory /workdir/hadoop-ozone/ozonefs/target/test-dir/MiniOzoneClusterImpl-501a243b-a211-4214-91e5-f40f4c8fcccf/datanode-0/data/ratis/3bbbff16-0253-4c3d-afd4-d666a8a026e7
2019-11-05 17:22:18,775 [pool-377-thread-1] INFO  server.RaftServerConfigKeys (ConfUtils.java:logGet(43)) - raft.server.log.queue.byte-limit = 2147483647 (custom)
2019-11-05 17:22:18,775 [pool-377-thread-1] INFO  server.RaftServerConfigKeys (ConfUtils.java:logGet(43)) - raft.server.log.queue.element-limit = 1024 (custom)
2019-11-05 17:22:18,775 [pool-377-thread-1] INFO  server.RaftServerConfigKeys (ConfUtils.java:logGet(43)) - raft.server.log.segment.size.max = 1048576 (custom)
2019-11-05 17:22:18,775 [pool-377-thread-1] INFO  server.RaftServerConfigKeys (ConfUtils.java:logGet(43)) - raft.server.log.preallocated.size = 16384 (custom)
2019-11-05 17:22:18,775 [pool-377-thread-1] INFO  server.RaftServerConfigKeys (ConfUtils.java:logGet(43)) - raft.server.log.write.buffer.size = 33554432 (custom)
2019-11-05 17:22:18,776 [pool-377-thread-1] INFO  server.RaftServerConfigKeys (ConfUtils.java:logGet(43)) - raft.server.log.force.sync.num = 128 (default)
2019-11-05 17:22:18,776 [pool-377-thread-1] INFO  server.RaftServerConfigKeys (ConfUtils.java:logGet(43)) - raft.server.log.statemachine.data.sync = true (default)
2019-11-05 17:22:18,776 [pool-377-thread-1] INFO  server.RaftServerConfigKeys (ConfUtils.java:logGet(43)) - raft.server.log.statemachine.data.sync.timeout = 10s (default)
2019-11-05 17:22:18,776 [pool-377-thread-1] INFO  server.RaftServerConfigKeys (ConfUtils.java:logGet(43)) - raft.server.log.statemachine.data.sync.timeout.retry = -1 (default)
2019-11-05 17:22:18,785 [pool-377-thread-1] INFO  server.RaftServerConfigKeys (ConfUtils.java:logGet(43)) - raft.server.log.statemachine.data.caching.enabled = true (custom)
2019-11-05 17:22:18,786 [pool-377-thread-1] INFO  segmented.SegmentedRaftLogWorker (SegmentedRaftLogWorker.java:lambda$new$0(128)) - 6b26fbdf-6bee-4eca-b994-39b8d7390060@group-D666A8A026E7-SegmentedRaftLogWorker: flushIndex: setUnconditionally 0 -> -1
2019-11-05 17:22:18,785 [pool-387-thread-1] INFO  util.JmxRegister (JmxRegister.java:tryRegister(44)) - Successfully registered JMX Bean with object name Ratis:service=RaftServer,group=group-D666A8A026E7,id=9090956c-016d-4394-9cf0-fb5de799cf00
2019-11-05 17:22:18,786 [pool-387-thread-1] WARN  impl.MetricRegistriesImpl (MetricRegistriesImpl.java:lambda$create$1(61)) - First MetricRegistry has been created without registering reporters. You may need to call MetricRegistries.global().addReportRegistration(...) before.
2019-11-05 17:22:18,800 [pool-377-thread-1] INFO  server.RaftServerConfigKeys (ConfUtils.java:logGet(43)) - raft.server.snapshot.auto.trigger.enabled = true (custom)
2019-11-05 17:22:18,800 [pool-377-thread-1] INFO  server.RaftServerConfigKeys (ConfUtils.java:logGet(43)) - raft.server.snapshot.auto.trigger.threshold = 10000 (custom)
2019-11-05 17:22:18,800 [pool-377-thread-1] INFO  server.RaftServerConfigKeys (ConfUtils.java:logGet(43)) - raft.server.snapshot.retention.file.num = 5 (custom)
2019-11-05 17:22:18,801 [pool-377-thread-1] INFO  server.RaftServerConfigKeys (ConfUtils.java:logGet(43)) - raft.server.retrycache.expirytime = 600000ms (custom)
2019-11-05 17:22:18,801 [pool-377-thread-1] WARN  impl.MetricRegistriesImpl (MetricRegistriesImpl.java:lambda$create$1(61)) - First MetricRegistry has been created without registering reporters. You may need to call MetricRegistries.global().addReportRegistration(...) before.
2019-11-05 17:22:18,801 [pool-377-thread-1] WARN  impl.MetricRegistriesImpl (MetricRegistriesImpl.java:lambda$create$1(61)) - First MetricRegistry has been created without registering reporters. You may need to call MetricRegistries.global().addReportRegistration(...) before.
2019-11-05 17:22:18,801 [pool-377-thread-1] INFO  impl.RaftServerImpl (RaftServerImpl.java:start(184)) - 6b26fbdf-6bee-4eca-b994-39b8d7390060@group-D666A8A026E7: start as a follower, conf=-1: [9090956c-016d-4394-9cf0-fb5de799cf00:192.168.157.254:43938, 4a44a329-e613-4208-b662-e2f3951a28dc:192.168.157.254:43776, 6b26fbdf-6bee-4eca-b994-39b8d7390060:192.168.157.254:36950], old=null
2019-11-05 17:22:18,801 [pool-377-thread-1] INFO  impl.RaftServerImpl (RaftServerImpl.java:setRole(173)) - 6b26fbdf-6bee-4eca-b994-39b8d7390060@group-D666A8A026E7: changes role from      null to FOLLOWER at term 0 for startAsFollower
2019-11-05 17:22:18,801 [pool-377-thread-1] INFO  impl.RoleInfo (RoleInfo.java:updateAndGet(143)) - 6b26fbdf-6bee-4eca-b994-39b8d7390060: start FollowerState
2019-11-05 17:22:18,802 [pool-377-thread-1] INFO  util.JmxRegister (JmxRegister.java:tryRegister(44)) - Successfully registered JMX Bean with object name Ratis:service=RaftServer,group=group-D666A8A026E7,id=6b26fbdf-6bee-4eca-b994-39b8d7390060
2019-11-05 17:22:18,802 [pool-377-thread-1] WARN  impl.MetricRegistriesImpl (MetricRegistriesImpl.java:lambda$create$1(61)) - First MetricRegistry has been created without registering reporters. You may need to call MetricRegistries.global().addReportRegistration(...) before.
2019-11-05 17:22:18,813 [pool-397-thread-1] INFO  server.RaftServerConfigKeys (ConfUtils.java:logGet(43)) - raft.server.log.statemachine.data.caching.enabled = true (custom)
2019-11-05 17:22:18,813 [pool-397-thread-1] INFO  segmented.SegmentedRaftLogWorker (SegmentedRaftLogWorker.java:lambda$new$0(128)) - 4a44a329-e613-4208-b662-e2f3951a28dc@group-D666A8A026E7-SegmentedRaftLogWorker: flushIndex: setUnconditionally 0 -> -1
2019-11-05 17:22:18,814 [pool-397-thread-1] INFO  server.RaftServerConfigKeys (ConfUtils.java:logGet(43)) - raft.server.snapshot.auto.trigger.enabled = true (custom)
2019-11-05 17:22:18,815 [pool-397-thread-1] INFO  server.RaftServerConfigKeys (ConfUtils.java:logGet(43)) - raft.server.snapshot.auto.trigger.threshold = 10000 (custom)
2019-11-05 17:22:18,815 [pool-397-thread-1] INFO  server.RaftServerConfigKeys (ConfUtils.java:logGet(43)) - raft.server.snapshot.retention.file.num = 5 (custom)
2019-11-05 17:22:18,815 [pool-397-thread-1] INFO  server.RaftServerConfigKeys (ConfUtils.java:logGet(43)) - raft.server.retrycache.expirytime = 600000ms (custom)
2019-11-05 17:22:18,815 [pool-397-thread-1] WARN  impl.MetricRegistriesImpl (MetricRegistriesImpl.java:lambda$create$1(61)) - First MetricRegistry has been created without registering reporters. You may need to call MetricRegistries.global().addReportRegistration(...) before.
2019-11-05 17:22:18,816 [pool-397-thread-1] WARN  impl.MetricRegistriesImpl (MetricRegistriesImpl.java:lambda$create$1(61)) - First MetricRegistry has been created without registering reporters. You may need to call MetricRegistries.global().addReportRegistration(...) before.
2019-11-05 17:22:18,816 [pool-397-thread-1] INFO  impl.RaftServerImpl (RaftServerImpl.java:start(184)) - 4a44a329-e613-4208-b662-e2f3951a28dc@group-D666A8A026E7: start as a follower, conf=-1: [9090956c-016d-4394-9cf0-fb5de799cf00:192.168.157.254:43938, 4a44a329-e613-4208-b662-e2f3951a28dc:192.168.157.254:43776, 6b26fbdf-6bee-4eca-b994-39b8d7390060:192.168.157.254:36950], old=null
2019-11-05 17:22:18,816 [pool-397-thread-1] INFO  impl.RaftServerImpl (RaftServerImpl.java:setRole(173)) - 4a44a329-e613-4208-b662-e2f3951a28dc@group-D666A8A026E7: changes role from      null to FOLLOWER at term 0 for startAsFollower
2019-11-05 17:22:18,816 [pool-397-thread-1] INFO  impl.RoleInfo (RoleInfo.java:updateAndGet(143)) - 4a44a329-e613-4208-b662-e2f3951a28dc: start FollowerState
2019-11-05 17:22:18,817 [pool-397-thread-1] INFO  util.JmxRegister (JmxRegister.java:tryRegister(44)) - Successfully registered JMX Bean with object name Ratis:service=RaftServer,group=group-D666A8A026E7,id=4a44a329-e613-4208-b662-e2f3951a28dc
2019-11-05 17:22:18,817 [pool-397-thread-1] WARN  impl.MetricRegistriesImpl (MetricRegistriesImpl.java:lambda$create$1(61)) - First MetricRegistry has been created without registering reporters. You may need to call MetricRegistries.global().addReportRegistration(...) before.
2019-11-05 17:22:18,821 [RatisPipelineUtilsThread] INFO  pipeline.PipelineStateManager (PipelineStateManager.java:addPipeline(56)) - Created pipeline Pipeline[ Id: 3bbbff16-0253-4c3d-afd4-d666a8a026e7, Nodes: 4a44a329-e613-4208-b662-e2f3951a28dc{ip: 192.168.157.254, host: pr-hdds-1987-xp2v8-1198919540, networkLocation: /default-rack, certSerialId: null}9090956c-016d-4394-9cf0-fb5de799cf00{ip: 192.168.157.254, host: pr-hdds-1987-xp2v8-1198919540, networkLocation: /default-rack, certSerialId: null}6b26fbdf-6bee-4eca-b994-39b8d7390060{ip: 192.168.157.254, host: pr-hdds-1987-xp2v8-1198919540, networkLocation: /default-rack, certSerialId: null}, Type:RATIS, Factor:THREE, State:OPEN]
2019-11-05 17:22:19,496 [Thread-1527] INFO  ozone.MiniOzoneClusterImpl (MiniOzoneClusterImpl.java:lambda$waitForClusterToBeReady$0(147)) - Cluster is ready. Got 3 of 3 DN Heartbeats.
2019-11-05 17:22:19,721 [Thread-1527] INFO  rpc.RpcClient (RpcClient.java:createVolume(291)) - Creating Volume: volume36503, with user36775 as owner.
2019-11-05 17:22:19,728 [IPC Server handler 19 on 39474] INFO  volume.OMVolumeCreateRequest (OMVolumeCreateRequest.java:validateAndUpdateCache(193)) - created volume:volume36503 for user:user36775
2019-11-05 17:22:19,823 [Thread-1527] INFO  rpc.RpcClient (RpcClient.java:createBucket(430)) - Creating Bucket: volume36503/bucket46971, with Versioning false and Storage Type set to DISK and Encryption set to false 
2019-11-05 17:22:20,071 [Thread-1699] INFO  container.ReplicationManager (ReplicationManager.java:start(162)) - Starting Replication Monitor Thread.
2019-11-05 17:22:20,081 [ReplicationMonitor] INFO  container.ReplicationManager (ReplicationManager.java:run(225)) - Replication Monitor Thread took 0 milliseconds for processing 0 containers.
2019-11-05 17:22:22,261 [Thread-1701] INFO  impl.FollowerState (FollowerState.java:run(111)) - 6b26fbdf-6bee-4eca-b994-39b8d7390060@group-8FF7D9A687BA-FollowerState: change to CANDIDATE, lastRpcTime:5017ms, electionTimeout:5017ms
2019-11-05 17:22:22,261 [Thread-1701] INFO  impl.RoleInfo (RoleInfo.java:shutdownFollowerState(121)) - 6b26fbdf-6bee-4eca-b994-39b8d7390060: shutdown FollowerState
2019-11-05 17:22:22,262 [Thread-1701] INFO  impl.RaftServerImpl (RaftServerImpl.java:setRole(173)) - 6b26fbdf-6bee-4eca-b994-39b8d7390060@group-8FF7D9A687BA: changes role from  FOLLOWER to CANDIDATE at term 0 for changeToCandidate
2019-11-05 17:22:22,262 [Thread-1701] INFO  impl.RoleInfo (RoleInfo.java:updateAndGet(143)) - 6b26fbdf-6bee-4eca-b994-39b8d7390060: start LeaderElection
2019-11-05 17:22:22,283 [6b26fbdf-6bee-4eca-b994-39b8d7390060@group-8FF7D9A687BA-LeaderElection40] INFO  impl.LeaderElection (LeaderElection.java:askForVotes(178)) - 6b26fbdf-6bee-4eca-b994-39b8d7390060@group-8FF7D9A687BA-LeaderElection40: begin an election at term 1 for -1: [6b26fbdf-6bee-4eca-b994-39b8d7390060:192.168.157.254:36950], old=null
2019-11-05 17:22:22,286 [6b26fbdf-6bee-4eca-b994-39b8d7390060@group-8FF7D9A687BA-LeaderElection40] INFO  impl.RoleInfo (RoleInfo.java:shutdownLeaderElection(134)) - 6b26fbdf-6bee-4eca-b994-39b8d7390060: shutdown LeaderElection
2019-11-05 17:22:22,286 [6b26fbdf-6bee-4eca-b994-39b8d7390060@group-8FF7D9A687BA-LeaderElection40] INFO  impl.RaftServerImpl (RaftServerImpl.java:setRole(173)) - 6b26fbdf-6bee-4eca-b994-39b8d7390060@group-8FF7D9A687BA: changes role from CANDIDATE to LEADER at term 1 for changeToLeader
2019-11-05 17:22:22,287 [6b26fbdf-6bee-4eca-b994-39b8d7390060@group-8FF7D9A687BA-LeaderElection40] INFO  impl.RaftServerImpl (ServerState.java:setLeader(255)) - 6b26fbdf-6bee-4eca-b994-39b8d7390060@group-8FF7D9A687BA: change Leader from null to 6b26fbdf-6bee-4eca-b994-39b8d7390060 at term 1 for becomeLeader, leader elected after 5047ms
2019-11-05 17:22:22,287 [6b26fbdf-6bee-4eca-b994-39b8d7390060@group-8FF7D9A687BA-LeaderElection40] INFO  server.RaftServerConfigKeys (ConfUtils.java:logGet(43)) - raft.server.staging.catchup.gap = 1000 (default)
2019-11-05 17:22:22,287 [6b26fbdf-6bee-4eca-b994-39b8d7390060@group-8FF7D9A687BA-LeaderElection40] INFO  server.RaftServerConfigKeys (ConfUtils.java:logGet(43)) - raft.server.rpc.sleep.time = 25ms (default)
2019-11-05 17:22:22,287 [6b26fbdf-6bee-4eca-b994-39b8d7390060@group-8FF7D9A687BA-LeaderElection40] INFO  server.RaftServerConfigKeys (ConfUtils.java:logGet(43)) - raft.server.write.element-limit = 4096 (default)
2019-11-05 17:22:22,288 [6b26fbdf-6bee-4eca-b994-39b8d7390060@group-8FF7D9A687BA-LeaderElection40] INFO  server.RaftServerConfigKeys (ConfUtils.java:logGet(43)) - raft.server.watch.timeout = 10s (default)
2019-11-05 17:22:22,288 [6b26fbdf-6bee-4eca-b994-39b8d7390060@group-8FF7D9A687BA-LeaderElection40] INFO  server.RaftServerConfigKeys (ConfUtils.java:logGet(43)) - raft.server.watch.timeout.denomination = 1s (default)
2019-11-05 17:22:22,288 [6b26fbdf-6bee-4eca-b994-39b8d7390060@group-8FF7D9A687BA-LeaderElection40] INFO  server.RaftServerConfigKeys (ConfUtils.java:logGet(43)) - raft.server.watch.element-limit = 65536 (default)
2019-11-05 17:22:22,288 [6b26fbdf-6bee-4eca-b994-39b8d7390060@group-8FF7D9A687BA-LeaderElection40] INFO  impl.RoleInfo (RoleInfo.java:updateAndGet(143)) - 6b26fbdf-6bee-4eca-b994-39b8d7390060: start LeaderState
2019-11-05 17:22:22,288 [6b26fbdf-6bee-4eca-b994-39b8d7390060@group-8FF7D9A687BA-LeaderElection40] INFO  segmented.SegmentedRaftLogWorker (SegmentedRaftLogWorker.java:startLogSegment(385)) - 6b26fbdf-6bee-4eca-b994-39b8d7390060@group-8FF7D9A687BA-SegmentedRaftLogWorker: Starting segment from index:0
2019-11-05 17:22:22,289 [6b26fbdf-6bee-4eca-b994-39b8d7390060@group-8FF7D9A687BA-LeaderElection40] INFO  impl.RaftServerImpl (ServerState.java:setRaftConf(356)) - 6b26fbdf-6bee-4eca-b994-39b8d7390060@group-8FF7D9A687BA: set configuration 0: [6b26fbdf-6bee-4eca-b994-39b8d7390060:192.168.157.254:36950], old=null at 0
2019-11-05 17:22:22,341 [6b26fbdf-6bee-4eca-b994-39b8d7390060@group-8FF7D9A687BA-SegmentedRaftLogWorker] INFO  segmented.SegmentedRaftLogWorker (SegmentedRaftLogWorker.java:execute(576)) - 6b26fbdf-6bee-4eca-b994-39b8d7390060@group-8FF7D9A687BA-SegmentedRaftLogWorker: created new log segment /workdir/hadoop-ozone/ozonefs/target/test-dir/MiniOzoneClusterImpl-501a243b-a211-4214-91e5-f40f4c8fcccf/datanode-0/data/ratis/3330d33a-3ff3-4cb6-b14a-8ff7d9a687ba/current/log_inprogress_0
2019-11-05 17:22:23,700 [Thread-1704] INFO  impl.FollowerState (FollowerState.java:run(111)) - 4a44a329-e613-4208-b662-e2f3951a28dc@group-5D13B2203B67-FollowerState: change to CANDIDATE, lastRpcTime:5158ms, electionTimeout:5158ms
2019-11-05 17:22:23,701 [Thread-1704] INFO  impl.RoleInfo (RoleInfo.java:shutdownFollowerState(121)) - 4a44a329-e613-4208-b662-e2f3951a28dc: shutdown FollowerState
2019-11-05 17:22:23,701 [Thread-1704] INFO  impl.RaftServerImpl (RaftServerImpl.java:setRole(173)) - 4a44a329-e613-4208-b662-e2f3951a28dc@group-5D13B2203B67: changes role from  FOLLOWER to CANDIDATE at term 0 for changeToCandidate
2019-11-05 17:22:23,701 [Thread-1704] INFO  impl.RoleInfo (RoleInfo.java:updateAndGet(143)) - 4a44a329-e613-4208-b662-e2f3951a28dc: start LeaderElection
2019-11-05 17:22:23,723 [Thread-1707] INFO  impl.FollowerState (FollowerState.java:run(111)) - 9090956c-016d-4394-9cf0-fb5de799cf00@group-D507F2AB3D41-FollowerState: change to CANDIDATE, lastRpcTime:5113ms, electionTimeout:5099ms
2019-11-05 17:22:23,723 [Thread-1707] INFO  impl.RoleInfo (RoleInfo.java:shutdownFollowerState(121)) - 9090956c-016d-4394-9cf0-fb5de799cf00: shutdown FollowerState
2019-11-05 17:22:23,724 [Thread-1707] INFO  impl.RaftServerImpl (RaftServerImpl.java:setRole(173)) - 9090956c-016d-4394-9cf0-fb5de799cf00@group-D507F2AB3D41: changes role from  FOLLOWER to CANDIDATE at term 0 for changeToCandidate
2019-11-05 17:22:23,724 [Thread-1707] INFO  impl.RoleInfo (RoleInfo.java:updateAndGet(143)) - 9090956c-016d-4394-9cf0-fb5de799cf00: start LeaderElection
2019-11-05 17:22:23,759 [9090956c-016d-4394-9cf0-fb5de799cf00@group-D507F2AB3D41-LeaderElection42] INFO  impl.LeaderElection (LeaderElection.java:askForVotes(178)) - 9090956c-016d-4394-9cf0-fb5de799cf00@group-D507F2AB3D41-LeaderElection42: begin an election at term 1 for -1: [9090956c-016d-4394-9cf0-fb5de799cf00:192.168.157.254:43938], old=null
2019-11-05 17:22:23,759 [4a44a329-e613-4208-b662-e2f3951a28dc@group-5D13B2203B67-LeaderElection41] INFO  impl.LeaderElection (LeaderElection.java:askForVotes(178)) - 4a44a329-e613-4208-b662-e2f3951a28dc@group-5D13B2203B67-LeaderElection41: begin an election at term 1 for -1: [4a44a329-e613-4208-b662-e2f3951a28dc:192.168.157.254:43776], old=null
2019-11-05 17:22:23,759 [9090956c-016d-4394-9cf0-fb5de799cf00@group-D507F2AB3D41-LeaderElection42] INFO  impl.RoleInfo (RoleInfo.java:shutdownLeaderElection(134)) - 9090956c-016d-4394-9cf0-fb5de799cf00: shutdown LeaderElection
2019-11-05 17:22:23,759 [4a44a329-e613-4208-b662-e2f3951a28dc@group-5D13B2203B67-LeaderElection41] INFO  impl.RoleInfo (RoleInfo.java:shutdownLeaderElection(134)) - 4a44a329-e613-4208-b662-e2f3951a28dc: shutdown LeaderElection
2019-11-05 17:22:23,759 [9090956c-016d-4394-9cf0-fb5de799cf00@group-D507F2AB3D41-LeaderElection42] INFO  impl.RaftServerImpl (RaftServerImpl.java:setRole(173)) - 9090956c-016d-4394-9cf0-fb5de799cf00@group-D507F2AB3D41: changes role from CANDIDATE to LEADER at term 1 for changeToLeader
2019-11-05 17:22:23,759 [4a44a329-e613-4208-b662-e2f3951a28dc@group-5D13B2203B67-LeaderElection41] INFO  impl.RaftServerImpl (RaftServerImpl.java:setRole(173)) - 4a44a329-e613-4208-b662-e2f3951a28dc@group-5D13B2203B67: changes role from CANDIDATE to LEADER at term 1 for changeToLeader
2019-11-05 17:22:23,759 [4a44a329-e613-4208-b662-e2f3951a28dc@group-5D13B2203B67-LeaderElection41] INFO  impl.RaftServerImpl (ServerState.java:setLeader(255)) - 4a44a329-e613-4208-b662-e2f3951a28dc@group-5D13B2203B67: change Leader from null to 4a44a329-e613-4208-b662-e2f3951a28dc at term 1 for becomeLeader, leader elected after 5223ms
2019-11-05 17:22:23,759 [9090956c-016d-4394-9cf0-fb5de799cf00@group-D507F2AB3D41-LeaderElection42] INFO  impl.RaftServerImpl (ServerState.java:setLeader(255)) - 9090956c-016d-4394-9cf0-fb5de799cf00@group-D507F2AB3D41: change Leader from null to 9090956c-016d-4394-9cf0-fb5de799cf00 at term 1 for becomeLeader, leader elected after 5162ms
2019-11-05 17:22:23,759 [4a44a329-e613-4208-b662-e2f3951a28dc@group-5D13B2203B67-LeaderElection41] INFO  server.RaftServerConfigKeys (ConfUtils.java:logGet(43)) - raft.server.staging.catchup.gap = 1000 (default)
2019-11-05 17:22:23,760 [9090956c-016d-4394-9cf0-fb5de799cf00@group-D507F2AB3D41-LeaderElection42] INFO  server.RaftServerConfigKeys (ConfUtils.java:logGet(43)) - raft.server.staging.catchup.gap = 1000 (default)
2019-11-05 17:22:23,760 [4a44a329-e613-4208-b662-e2f3951a28dc@group-5D13B2203B67-LeaderElection41] INFO  server.RaftServerConfigKeys (ConfUtils.java:logGet(43)) - raft.server.rpc.sleep.time = 25ms (default)
2019-11-05 17:22:23,760 [9090956c-016d-4394-9cf0-fb5de799cf00@group-D507F2AB3D41-LeaderElection42] INFO  server.RaftServerConfigKeys (ConfUtils.java:logGet(43)) - raft.server.rpc.sleep.time = 25ms (default)
2019-11-05 17:22:23,760 [4a44a329-e613-4208-b662-e2f3951a28dc@group-5D13B2203B67-LeaderElection41] INFO  server.RaftServerConfigKeys (ConfUtils.java:logGet(43)) - raft.server.write.element-limit = 4096 (default)
2019-11-05 17:22:23,760 [9090956c-016d-4394-9cf0-fb5de799cf00@group-D507F2AB3D41-LeaderElection42] INFO  server.RaftServerConfigKeys (ConfUtils.java:logGet(43)) - raft.server.write.element-limit = 4096 (default)
2019-11-05 17:22:23,760 [4a44a329-e613-4208-b662-e2f3951a28dc@group-5D13B2203B67-LeaderElection41] INFO  server.RaftServerConfigKeys (ConfUtils.java:logGet(43)) - raft.server.watch.timeout = 10s (default)
2019-11-05 17:22:23,760 [4a44a329-e613-4208-b662-e2f3951a28dc@group-5D13B2203B67-LeaderElection41] INFO  server.RaftServerConfigKeys (ConfUtils.java:logGet(43)) - raft.server.watch.timeout.denomination = 1s (default)
2019-11-05 17:22:23,760 [9090956c-016d-4394-9cf0-fb5de799cf00@group-D507F2AB3D41-LeaderElection42] INFO  server.RaftServerConfigKeys (ConfUtils.java:logGet(43)) - raft.server.watch.timeout = 10s (default)
2019-11-05 17:22:23,760 [4a44a329-e613-4208-b662-e2f3951a28dc@group-5D13B2203B67-LeaderElection41] INFO  server.RaftServerConfigKeys (ConfUtils.java:logGet(43)) - raft.server.watch.element-limit = 65536 (default)
2019-11-05 17:22:23,760 [9090956c-016d-4394-9cf0-fb5de799cf00@group-D507F2AB3D41-LeaderElection42] INFO  server.RaftServerConfigKeys (ConfUtils.java:logGet(43)) - raft.server.watch.timeout.denomination = 1s (default)
2019-11-05 17:22:23,761 [9090956c-016d-4394-9cf0-fb5de799cf00@group-D507F2AB3D41-LeaderElection42] INFO  server.RaftServerConfigKeys (ConfUtils.java:logGet(43)) - raft.server.watch.element-limit = 65536 (default)
2019-11-05 17:22:23,761 [4a44a329-e613-4208-b662-e2f3951a28dc@group-5D13B2203B67-LeaderElection41] INFO  impl.RoleInfo (RoleInfo.java:updateAndGet(143)) - 4a44a329-e613-4208-b662-e2f3951a28dc: start LeaderState
2019-11-05 17:22:23,761 [9090956c-016d-4394-9cf0-fb5de799cf00@group-D507F2AB3D41-LeaderElection42] INFO  impl.RoleInfo (RoleInfo.java:updateAndGet(143)) - 9090956c-016d-4394-9cf0-fb5de799cf00: start LeaderState
2019-11-05 17:22:23,761 [4a44a329-e613-4208-b662-e2f3951a28dc@group-5D13B2203B67-LeaderElection41] INFO  segmented.SegmentedRaftLogWorker (SegmentedRaftLogWorker.java:startLogSegment(385)) - 4a44a329-e613-4208-b662-e2f3951a28dc@group-5D13B2203B67-SegmentedRaftLogWorker: Starting segment from index:0
2019-11-05 17:22:23,761 [9090956c-016d-4394-9cf0-fb5de799cf00@group-D507F2AB3D41-LeaderElection42] INFO  segmented.SegmentedRaftLogWorker (SegmentedRaftLogWorker.java:startLogSegment(385)) - 9090956c-016d-4394-9cf0-fb5de799cf00@group-D507F2AB3D41-SegmentedRaftLogWorker: Starting segment from index:0
2019-11-05 17:22:23,772 [9090956c-016d-4394-9cf0-fb5de799cf00@group-D507F2AB3D41-LeaderElection42] INFO  impl.RaftServerImpl (ServerState.java:setRaftConf(356)) - 9090956c-016d-4394-9cf0-fb5de799cf00@group-D507F2AB3D41: set configuration 0: [9090956c-016d-4394-9cf0-fb5de799cf00:192.168.157.254:43938], old=null at 0
2019-11-05 17:22:23,772 [4a44a329-e613-4208-b662-e2f3951a28dc@group-5D13B2203B67-LeaderElection41] INFO  impl.RaftServerImpl (ServerState.java:setRaftConf(356)) - 4a44a329-e613-4208-b662-e2f3951a28dc@group-5D13B2203B67: set configuration 0: [4a44a329-e613-4208-b662-e2f3951a28dc:192.168.157.254:43776], old=null at 0
2019-11-05 17:22:23,787 [Thread-1710] INFO  impl.FollowerState (FollowerState.java:run(111)) - 9090956c-016d-4394-9cf0-fb5de799cf00@group-D666A8A026E7-FollowerState: change to CANDIDATE, lastRpcTime:5021ms, electionTimeout:5001ms
2019-11-05 17:22:23,787 [Thread-1710] INFO  impl.RoleInfo (RoleInfo.java:shutdownFollowerState(121)) - 9090956c-016d-4394-9cf0-fb5de799cf00: shutdown FollowerState
2019-11-05 17:22:23,787 [Thread-1710] INFO  impl.RaftServerImpl (RaftServerImpl.java:setRole(173)) - 9090956c-016d-4394-9cf0-fb5de799cf00@group-D666A8A026E7: changes role from  FOLLOWER to CANDIDATE at term 0 for changeToCandidate
2019-11-05 17:22:23,787 [Thread-1710] INFO  impl.RoleInfo (RoleInfo.java:updateAndGet(143)) - 9090956c-016d-4394-9cf0-fb5de799cf00: start LeaderElection
2019-11-05 17:22:23,828 [9090956c-016d-4394-9cf0-fb5de799cf00@group-D507F2AB3D41-SegmentedRaftLogWorker] INFO  segmented.SegmentedRaftLogWorker (SegmentedRaftLogWorker.java:execute(576)) - 9090956c-016d-4394-9cf0-fb5de799cf00@group-D507F2AB3D41-SegmentedRaftLogWorker: created new log segment /workdir/hadoop-ozone/ozonefs/target/test-dir/MiniOzoneClusterImpl-501a243b-a211-4214-91e5-f40f4c8fcccf/datanode-1/data/ratis/5ba9ba02-cad5-4ccf-861b-d507f2ab3d41/current/log_inprogress_0
2019-11-05 17:22:23,833 [4a44a329-e613-4208-b662-e2f3951a28dc@group-5D13B2203B67-SegmentedRaftLogWorker] INFO  segmented.SegmentedRaftLogWorker (SegmentedRaftLogWorker.java:execute(576)) - 4a44a329-e613-4208-b662-e2f3951a28dc@group-5D13B2203B67-SegmentedRaftLogWorker: created new log segment /workdir/hadoop-ozone/ozonefs/target/test-dir/MiniOzoneClusterImpl-501a243b-a211-4214-91e5-f40f4c8fcccf/datanode-2/data/ratis/46c75029-a7f6-4fd0-84c4-5d13b2203b67/current/log_inprogress_0
2019-11-05 17:22:23,840 [9090956c-016d-4394-9cf0-fb5de799cf00@group-D666A8A026E7-LeaderElection43] INFO  impl.LeaderElection (LeaderElection.java:askForVotes(178)) - 9090956c-016d-4394-9cf0-fb5de799cf00@group-D666A8A026E7-LeaderElection43: begin an election at term 1 for -1: [9090956c-016d-4394-9cf0-fb5de799cf00:192.168.157.254:43938, 4a44a329-e613-4208-b662-e2f3951a28dc:192.168.157.254:43776, 6b26fbdf-6bee-4eca-b994-39b8d7390060:192.168.157.254:36950], old=null
2019-11-05 17:22:23,919 [grpc-default-executor-0] INFO  impl.RaftServerImpl (RaftServerImpl.java:setRole(173)) - 4a44a329-e613-4208-b662-e2f3951a28dc@group-D666A8A026E7: changes role from  FOLLOWER to FOLLOWER at term 1 for recognizeCandidate:9090956c-016d-4394-9cf0-fb5de799cf00
2019-11-05 17:22:23,920 [grpc-default-executor-2] INFO  impl.RaftServerImpl (RaftServerImpl.java:setRole(173)) - 6b26fbdf-6bee-4eca-b994-39b8d7390060@group-D666A8A026E7: changes role from  FOLLOWER to FOLLOWER at term 1 for recognizeCandidate:9090956c-016d-4394-9cf0-fb5de799cf00
2019-11-05 17:22:23,921 [grpc-default-executor-2] INFO  impl.RoleInfo (RoleInfo.java:shutdownFollowerState(121)) - 6b26fbdf-6bee-4eca-b994-39b8d7390060: shutdown FollowerState
2019-11-05 17:22:23,921 [grpc-default-executor-0] INFO  impl.RoleInfo (RoleInfo.java:shutdownFollowerState(121)) - 4a44a329-e613-4208-b662-e2f3951a28dc: shutdown FollowerState
2019-11-05 17:22:23,921 [Thread-1712] INFO  impl.FollowerState (FollowerState.java:run(120)) - 6b26fbdf-6bee-4eca-b994-39b8d7390060@group-D666A8A026E7-FollowerState was interrupted: java.lang.InterruptedException: sleep interrupted
2019-11-05 17:22:23,921 [grpc-default-executor-0] INFO  impl.RoleInfo (RoleInfo.java:updateAndGet(143)) - 4a44a329-e613-4208-b662-e2f3951a28dc: start FollowerState
2019-11-05 17:22:23,921 [grpc-default-executor-2] INFO  impl.RoleInfo (RoleInfo.java:updateAndGet(143)) - 6b26fbdf-6bee-4eca-b994-39b8d7390060: start FollowerState
2019-11-05 17:22:23,940 [Thread-1716] INFO  impl.FollowerState (FollowerState.java:run(120)) - 4a44a329-e613-4208-b662-e2f3951a28dc@group-D666A8A026E7-FollowerState was interrupted: java.lang.InterruptedException: sleep interrupted
2019-11-05 17:22:24,002 [9090956c-016d-4394-9cf0-fb5de799cf00@group-D666A8A026E7-LeaderElection43] INFO  impl.LeaderElection (LeaderElection.java:logAndReturn(56)) - 9090956c-016d-4394-9cf0-fb5de799cf00@group-D666A8A026E7-LeaderElection43: Election PASSED; received 1 response(s) [9090956c-016d-4394-9cf0-fb5de799cf00<-4a44a329-e613-4208-b662-e2f3951a28dc#0:OK-t1] and 0 exception(s); 9090956c-016d-4394-9cf0-fb5de799cf00@group-D666A8A026E7:t1, leader=null, voted=9090956c-016d-4394-9cf0-fb5de799cf00, raftlog=9090956c-016d-4394-9cf0-fb5de799cf00@group-D666A8A026E7-SegmentedRaftLog:OPENED:c-1,f-1,i0, conf=-1: [9090956c-016d-4394-9cf0-fb5de799cf00:192.168.157.254:43938, 4a44a329-e613-4208-b662-e2f3951a28dc:192.168.157.254:43776, 6b26fbdf-6bee-4eca-b994-39b8d7390060:192.168.157.254:36950], old=null
2019-11-05 17:22:24,003 [9090956c-016d-4394-9cf0-fb5de799cf00@group-D666A8A026E7-LeaderElection43] INFO  impl.RoleInfo (RoleInfo.java:shutdownLeaderElection(134)) - 9090956c-016d-4394-9cf0-fb5de799cf00: shutdown LeaderElection
2019-11-05 17:22:24,003 [9090956c-016d-4394-9cf0-fb5de799cf00@group-D666A8A026E7-LeaderElection43] INFO  impl.RaftServerImpl (RaftServerImpl.java:setRole(173)) - 9090956c-016d-4394-9cf0-fb5de799cf00@group-D666A8A026E7: changes role from CANDIDATE to LEADER at term 1 for changeToLeader
2019-11-05 17:22:24,003 [9090956c-016d-4394-9cf0-fb5de799cf00@group-D666A8A026E7-LeaderElection43] INFO  impl.RaftServerImpl (ServerState.java:setLeader(255)) - 9090956c-016d-4394-9cf0-fb5de799cf00@group-D666A8A026E7: change Leader from null to 9090956c-016d-4394-9cf0-fb5de799cf00 at term 1 for becomeLeader, leader elected after 5245ms
2019-11-05 17:22:24,003 [9090956c-016d-4394-9cf0-fb5de799cf00@group-D666A8A026E7-LeaderElection43] INFO  server.RaftServerConfigKeys (ConfUtils.java:logGet(43)) - raft.server.staging.catchup.gap = 1000 (default)
2019-11-05 17:22:24,003 [9090956c-016d-4394-9cf0-fb5de799cf00@group-D666A8A026E7-LeaderElection43] INFO  server.RaftServerConfigKeys (ConfUtils.java:logGet(43)) - raft.server.rpc.sleep.time = 25ms (default)
2019-11-05 17:22:24,003 [9090956c-016d-4394-9cf0-fb5de799cf00@group-D666A8A026E7-LeaderElection43] INFO  server.RaftServerConfigKeys (ConfUtils.java:logGet(43)) - raft.server.write.element-limit = 4096 (default)
2019-11-05 17:22:24,003 [9090956c-016d-4394-9cf0-fb5de799cf00@group-D666A8A026E7-LeaderElection43] INFO  server.RaftServerConfigKeys (ConfUtils.java:logGet(43)) - raft.server.watch.timeout = 10s (default)
2019-11-05 17:22:24,003 [9090956c-016d-4394-9cf0-fb5de799cf00@group-D666A8A026E7-LeaderElection43] INFO  server.RaftServerConfigKeys (ConfUtils.java:logGet(43)) - raft.server.watch.timeout.denomination = 1s (default)
2019-11-05 17:22:24,003 [9090956c-016d-4394-9cf0-fb5de799cf00@group-D666A8A026E7-LeaderElection43] INFO  server.RaftServerConfigKeys (ConfUtils.java:logGet(43)) - raft.server.watch.element-limit = 65536 (default)
2019-11-05 17:22:24,004 [9090956c-016d-4394-9cf0-fb5de799cf00@group-D666A8A026E7-LeaderElection43] INFO  server.RaftServerConfigKeys (ConfUtils.java:logGet(43)) - raft.server.log.appender.snapshot.chunk.size.max = 16MB (=16777216) (default)
2019-11-05 17:22:24,004 [9090956c-016d-4394-9cf0-fb5de799cf00@group-D666A8A026E7-LeaderElection43] INFO  server.RaftServerConfigKeys (ConfUtils.java:logGet(43)) - raft.server.log.appender.buffer.byte-limit = 33554432 (custom)
2019-11-05 17:22:24,004 [9090956c-016d-4394-9cf0-fb5de799cf00@group-D666A8A026E7-LeaderElection43] INFO  server.RaftServerConfigKeys (ConfUtils.java:logGet(43)) - raft.server.log.appender.buffer.element-limit = 1 (custom)
2019-11-05 17:22:24,004 [9090956c-016d-4394-9cf0-fb5de799cf00@group-D666A8A026E7-LeaderElection43] INFO  grpc.GrpcConfigKeys$Server (ConfUtils.java:logGet(43)) - raft.grpc.server.leader.outstanding.appends.max = 128 (default)
2019-11-05 17:22:24,004 [9090956c-016d-4394-9cf0-fb5de799cf00@group-D666A8A026E7-LeaderElection43] INFO  server.RaftServerConfigKeys (ConfUtils.java:logGet(43)) - raft.server.rpc.request.timeout = 3000ms (default)
2019-11-05 17:22:24,005 [9090956c-016d-4394-9cf0-fb5de799cf00@group-D666A8A026E7-LeaderElection43] INFO  server.RaftServerConfigKeys (ConfUtils.java:logGet(43)) - raft.server.log.appender.install.snapshot.enabled = false (custom)
2019-11-05 17:22:24,005 [9090956c-016d-4394-9cf0-fb5de799cf00@group-D666A8A026E7-LeaderElection43] WARN  impl.MetricRegistriesImpl (MetricRegistriesImpl.java:lambda$create$1(61)) - First MetricRegistry has been created without registering reporters. You may need to call MetricRegistries.global().addReportRegistration(...) before.
2019-11-05 17:22:24,005 [9090956c-016d-4394-9cf0-fb5de799cf00@group-D666A8A026E7-LeaderElection43] INFO  server.RaftServerConfigKeys (ConfUtils.java:logGet(43)) - raft.server.log.appender.snapshot.chunk.size.max = 16MB (=16777216) (default)
2019-11-05 17:22:24,005 [9090956c-016d-4394-9cf0-fb5de799cf00@group-D666A8A026E7-LeaderElection43] INFO  server.RaftServerConfigKeys (ConfUtils.java:logGet(43)) - raft.server.log.appender.buffer.byte-limit = 33554432 (custom)
2019-11-05 17:22:24,005 [9090956c-016d-4394-9cf0-fb5de799cf00@group-D666A8A026E7-LeaderElection43] INFO  server.RaftServerConfigKeys (ConfUtils.java:logGet(43)) - raft.server.log.appender.buffer.element-limit = 1 (custom)
2019-11-05 17:22:24,005 [9090956c-016d-4394-9cf0-fb5de799cf00@group-D666A8A026E7-LeaderElection43] INFO  grpc.GrpcConfigKeys$Server (ConfUtils.java:logGet(43)) - raft.grpc.server.leader.outstanding.appends.max = 128 (default)
2019-11-05 17:22:24,005 [9090956c-016d-4394-9cf0-fb5de799cf00@group-D666A8A026E7-LeaderElection43] INFO  server.RaftServerConfigKeys (ConfUtils.java:logGet(43)) - raft.server.rpc.request.timeout = 3000ms (default)
2019-11-05 17:22:24,006 [9090956c-016d-4394-9cf0-fb5de799cf00@group-D666A8A026E7-LeaderElection43] INFO  server.RaftServerConfigKeys (ConfUtils.java:logGet(43)) - raft.server.log.appender.install.snapshot.enabled = false (custom)
2019-11-05 17:22:24,006 [9090956c-016d-4394-9cf0-fb5de799cf00@group-D666A8A026E7-LeaderElection43] INFO  impl.RoleInfo (RoleInfo.java:updateAndGet(143)) - 9090956c-016d-4394-9cf0-fb5de799cf00: start LeaderState
2019-11-05 17:22:24,006 [9090956c-016d-4394-9cf0-fb5de799cf00@group-D666A8A026E7-LeaderElection43] INFO  segmented.SegmentedRaftLogWorker (SegmentedRaftLogWorker.java:startLogSegment(385)) - 9090956c-016d-4394-9cf0-fb5de799cf00@group-D666A8A026E7-SegmentedRaftLogWorker: Starting segment from index:0
2019-11-05 17:22:24,008 [9090956c-016d-4394-9cf0-fb5de799cf00@group-D666A8A026E7-LeaderElection43] INFO  impl.RaftServerImpl (ServerState.java:setRaftConf(356)) - 9090956c-016d-4394-9cf0-fb5de799cf00@group-D666A8A026E7: set configuration 0: [9090956c-016d-4394-9cf0-fb5de799cf00:192.168.157.254:43938, 4a44a329-e613-4208-b662-e2f3951a28dc:192.168.157.254:43776, 6b26fbdf-6bee-4eca-b994-39b8d7390060:192.168.157.254:36950], old=null at 0
2019-11-05 17:22:24,069 [9090956c-016d-4394-9cf0-fb5de799cf00@group-D666A8A026E7-SegmentedRaftLogWorker] INFO  segmented.SegmentedRaftLogWorker (SegmentedRaftLogWorker.java:execute(576)) - 9090956c-016d-4394-9cf0-fb5de799cf00@group-D666A8A026E7-SegmentedRaftLogWorker: created new log segment /workdir/hadoop-ozone/ozonefs/target/test-dir/MiniOzoneClusterImpl-501a243b-a211-4214-91e5-f40f4c8fcccf/datanode-1/data/ratis/3bbbff16-0253-4c3d-afd4-d666a8a026e7/current/log_inprogress_0
2019-11-05 17:22:24,074 [grpc-default-executor-0] INFO  impl.RaftServerImpl (ServerState.java:setLeader(255)) - 6b26fbdf-6bee-4eca-b994-39b8d7390060@group-D666A8A026E7: change Leader from null to 9090956c-016d-4394-9cf0-fb5de799cf00 at term 1 for appendEntries, leader elected after 5303ms
2019-11-05 17:22:24,077 [grpc-default-executor-1] INFO  impl.RaftServerImpl (ServerState.java:setLeader(255)) - 4a44a329-e613-4208-b662-e2f3951a28dc@group-D666A8A026E7: change Leader from null to 9090956c-016d-4394-9cf0-fb5de799cf00 at term 1 for appendEntries, leader elected after 5309ms
2019-11-05 17:22:24,092 [grpc-default-executor-2] INFO  impl.RaftServerImpl (ServerState.java:setRaftConf(356)) - 4a44a329-e613-4208-b662-e2f3951a28dc@group-D666A8A026E7: set configuration 0: [9090956c-016d-4394-9cf0-fb5de799cf00:192.168.157.254:43938, 4a44a329-e613-4208-b662-e2f3951a28dc:192.168.157.254:43776, 6b26fbdf-6bee-4eca-b994-39b8d7390060:192.168.157.254:36950], old=null at 0
2019-11-05 17:22:24,092 [grpc-default-executor-2] INFO  segmented.SegmentedRaftLogWorker (SegmentedRaftLogWorker.java:startLogSegment(385)) - 4a44a329-e613-4208-b662-e2f3951a28dc@group-D666A8A026E7-SegmentedRaftLogWorker: Starting segment from index:0
2019-11-05 17:22:24,106 [grpc-default-executor-2] INFO  impl.RaftServerImpl (ServerState.java:setRaftConf(356)) - 6b26fbdf-6bee-4eca-b994-39b8d7390060@group-D666A8A026E7: set configuration 0: [9090956c-016d-4394-9cf0-fb5de799cf00:192.168.157.254:43938, 4a44a329-e613-4208-b662-e2f3951a28dc:192.168.157.254:43776, 6b26fbdf-6bee-4eca-b994-39b8d7390060:192.168.157.254:36950], old=null at 0
2019-11-05 17:22:24,107 [grpc-default-executor-2] INFO  segmented.SegmentedRaftLogWorker (SegmentedRaftLogWorker.java:startLogSegment(385)) - 6b26fbdf-6bee-4eca-b994-39b8d7390060@group-D666A8A026E7-SegmentedRaftLogWorker: Starting segment from index:0
2019-11-05 17:22:24,149 [4a44a329-e613-4208-b662-e2f3951a28dc@group-D666A8A026E7-SegmentedRaftLogWorker] INFO  segmented.SegmentedRaftLogWorker (SegmentedRaftLogWorker.java:execute(576)) - 4a44a329-e613-4208-b662-e2f3951a28dc@group-D666A8A026E7-SegmentedRaftLogWorker: created new log segment /workdir/hadoop-ozone/ozonefs/target/test-dir/MiniOzoneClusterImpl-501a243b-a211-4214-91e5-f40f4c8fcccf/datanode-2/data/ratis/3bbbff16-0253-4c3d-afd4-d666a8a026e7/current/log_inprogress_0
2019-11-05 17:22:24,210 [6b26fbdf-6bee-4eca-b994-39b8d7390060@group-D666A8A026E7-SegmentedRaftLogWorker] INFO  segmented.SegmentedRaftLogWorker (SegmentedRaftLogWorker.java:execute(576)) - 6b26fbdf-6bee-4eca-b994-39b8d7390060@group-D666A8A026E7-SegmentedRaftLogWorker: created new log segment /workdir/hadoop-ozone/ozonefs/target/test-dir/MiniOzoneClusterImpl-501a243b-a211-4214-91e5-f40f4c8fcccf/datanode-0/data/ratis/3bbbff16-0253-4c3d-afd4-d666a8a026e7/current/log_inprogress_0
2019-11-05 17:25:09,974 [Thread-1731] WARN  util.JavaUtils (JavaUtils.java:sleep(246)) - Unexpected long sleep: sleep(5027ms) actually took 7665ms which is over the threshold 300ms
2019-11-05 17:25:09,975 [Thread-1732] WARN  util.JavaUtils (JavaUtils.java:sleep(246)) - Unexpected long sleep: sleep(5087ms) actually took 7789ms which is over the threshold 300ms
2019-11-05 17:25:10,085 [org.apache.hadoop.util.JvmPauseMonitor$Monitor@379ee118] INFO  util.JvmPauseMonitor (JvmPauseMonitor.java:run(205)) - Detected pause in JVM or host machine (eg GC): pause of approximately 7374ms
GC pool 'PS MarkSweep' had collection(s): count=1 time=7146ms
GC pool 'PS Scavenge' had collection(s): count=1 time=319ms
2019-11-05 17:25:10,085 [org.apache.hadoop.util.JvmPauseMonitor$Monitor@701bbc83] INFO  util.JvmPauseMonitor (JvmPauseMonitor.java:run(205)) - Detected pause in JVM or host machine (eg GC): pause of approximately 7375ms
GC pool 'PS MarkSweep' had collection(s): count=1 time=7146ms
GC pool 'PS Scavenge' had collection(s): count=1 time=319ms
2019-11-05 17:25:10,086 [org.apache.hadoop.util.JvmPauseMonitor$Monitor@3fa2a602] INFO  util.JvmPauseMonitor (JvmPauseMonitor.java:run(205)) - Detected pause in JVM or host machine (eg GC): pause of approximately 7376ms
GC pool 'PS MarkSweep' had collection(s): count=1 time=7146ms
GC pool 'PS Scavenge' had collection(s): count=1 time=319ms
2019-11-05 17:25:10,086 [org.apache.hadoop.util.JvmPauseMonitor$Monitor@431b2b35] INFO  util.JvmPauseMonitor (JvmPauseMonitor.java:run(205)) - Detected pause in JVM or host machine (eg GC): pause of approximately 7376ms
GC pool 'PS MarkSweep' had collection(s): count=1 time=7146ms
GC pool 'PS Scavenge' had collection(s): count=1 time=319ms
2019-11-05 17:25:16,385 [Thread-1732] WARN  util.JavaUtils (JavaUtils.java:sleep(246)) - Unexpected long sleep: sleep(5050ms) actually took 6375ms which is over the threshold 300ms
2019-11-05 17:25:16,386 [Thread-1731] WARN  util.JavaUtils (JavaUtils.java:sleep(246)) - Unexpected long sleep: sleep(5047ms) actually took 6410ms which is over the threshold 300ms
2019-11-05 17:25:16,410 [org.apache.hadoop.util.JvmPauseMonitor$Monitor@3fa2a602] INFO  util.JvmPauseMonitor (JvmPauseMonitor.java:run(205)) - Detected pause in JVM or host machine (eg GC): pause of approximately 3823ms
GC pool 'PS MarkSweep' had collection(s): count=1 time=4161ms
2019-11-05 17:25:16,411 [org.apache.hadoop.util.JvmPauseMonitor$Monitor@431b2b35] INFO  util.JvmPauseMonitor (JvmPauseMonitor.java:run(205)) - Detected pause in JVM or host machine (eg GC): pause of approximately 3823ms
GC pool 'PS MarkSweep' had collection(s): count=1 time=4161ms
2019-11-05 17:25:16,411 [org.apache.hadoop.util.JvmPauseMonitor$Monitor@701bbc83] INFO  util.JvmPauseMonitor (JvmPauseMonitor.java:run(205)) - Detected pause in JVM or host machine (eg GC): pause of approximately 3824ms
GC pool 'PS MarkSweep' had collection(s): count=1 time=4161ms
2019-11-05 17:25:16,411 [org.apache.hadoop.util.JvmPauseMonitor$Monitor@379ee118] INFO  util.JvmPauseMonitor (JvmPauseMonitor.java:run(205)) - Detected pause in JVM or host machine (eg GC): pause of approximately 3825ms
GC pool 'PS MarkSweep' had collection(s): count=1 time=4161ms
2019-11-05 17:25:22,393 [Thread-1731] WARN  util.JavaUtils (JavaUtils.java:sleep(246)) - Unexpected long sleep: sleep(5180ms) actually took 6007ms which is over the threshold 300ms
2019-11-05 17:25:22,394 [Thread-1732] WARN  util.JavaUtils (JavaUtils.java:sleep(246)) - Unexpected long sleep: sleep(5109ms) actually took 6007ms which is over the threshold 300ms
2019-11-05 17:25:22,436 [org.apache.hadoop.util.JvmPauseMonitor$Monitor@379ee118] INFO  util.JvmPauseMonitor (JvmPauseMonitor.java:run(205)) - Detected pause in JVM or host machine (eg GC): pause of approximately 4524ms
GC pool 'PS MarkSweep' had collection(s): count=1 time=4477ms
2019-11-05 17:25:22,436 [org.apache.hadoop.util.JvmPauseMonitor$Monitor@701bbc83] INFO  util.JvmPauseMonitor (JvmPauseMonitor.java:run(205)) - Detected pause in JVM or host machine (eg GC): pause of approximately 4525ms
GC pool 'PS MarkSweep' had collection(s): count=1 time=4477ms
2019-11-05 17:25:22,436 [org.apache.hadoop.util.JvmPauseMonitor$Monitor@431b2b35] INFO  util.JvmPauseMonitor (JvmPauseMonitor.java:run(205)) - Detected pause in JVM or host machine (eg GC): pause of approximately 4525ms
GC pool 'PS MarkSweep' had collection(s): count=1 time=4477ms
2019-11-05 17:25:22,436 [org.apache.hadoop.util.JvmPauseMonitor$Monitor@3fa2a602] INFO  util.JvmPauseMonitor (JvmPauseMonitor.java:run(205)) - Detected pause in JVM or host machine (eg GC): pause of approximately 4525ms
GC pool 'PS MarkSweep' had collection(s): count=1 time=4477ms
2019-11-05 17:25:27,301 [org.apache.hadoop.util.JvmPauseMonitor$Monitor@431b2b35] INFO  util.JvmPauseMonitor (JvmPauseMonitor.java:run(205)) - Detected pause in JVM or host machine (eg GC): pause of approximately 2864ms
GC pool 'PS MarkSweep' had collection(s): count=1 time=3241ms
2019-11-05 17:25:27,301 [org.apache.hadoop.util.JvmPauseMonitor$Monitor@3fa2a602] INFO  util.JvmPauseMonitor (JvmPauseMonitor.java:run(205)) - Detected pause in JVM or host machine (eg GC): pause of approximately 2864ms
GC pool 'PS MarkSweep' had collection(s): count=1 time=3241ms
2019-11-05 17:25:27,303 [org.apache.hadoop.util.JvmPauseMonitor$Monitor@701bbc83] INFO  util.JvmPauseMonitor (JvmPauseMonitor.java:run(205)) - Detected pause in JVM or host machine (eg GC): pause of approximately 2866ms
GC pool 'PS MarkSweep' had collection(s): count=1 time=3241ms
2019-11-05 17:25:27,303 [org.apache.hadoop.util.JvmPauseMonitor$Monitor@379ee118] INFO  util.JvmPauseMonitor (JvmPauseMonitor.java:run(205)) - Detected pause in JVM or host machine (eg GC): pause of approximately 2866ms
GC pool 'PS MarkSweep' had collection(s): count=1 time=3241ms
2019-11-05 17:25:33,491 [Thread-1731] WARN  util.JavaUtils (JavaUtils.java:sleep(246)) - Unexpected long sleep: sleep(5065ms) actually took 6043ms which is over the threshold 300ms
2019-11-05 17:25:33,491 [Thread-1732] WARN  util.JavaUtils (JavaUtils.java:sleep(246)) - Unexpected long sleep: sleep(5033ms) actually took 5929ms which is over the threshold 300ms
2019-11-05 17:25:33,493 [org.apache.hadoop.util.JvmPauseMonitor$Monitor@701bbc83] INFO  util.JvmPauseMonitor (JvmPauseMonitor.java:run(205)) - Detected pause in JVM or host machine (eg GC): pause of approximately 4187ms
GC pool 'PS MarkSweep' had collection(s): count=1 time=4633ms
2019-11-05 17:25:33,493 [org.apache.hadoop.util.JvmPauseMonitor$Monitor@379ee118] INFO  util.JvmPauseMonitor (JvmPauseMonitor.java:run(205)) - Detected pause in JVM or host machine (eg GC): pause of approximately 4187ms
GC pool 'PS MarkSweep' had collection(s): count=1 time=4633ms
2019-11-05 17:25:33,493 [org.apache.hadoop.util.JvmPauseMonitor$Monitor@3fa2a602] INFO  util.JvmPauseMonitor (JvmPauseMonitor.java:run(205)) - Detected pause in JVM or host machine (eg GC): pause of approximately 4191ms
GC pool 'PS MarkSweep' had collection(s): count=1 time=4633ms
2019-11-05 17:25:33,493 [org.apache.hadoop.util.JvmPauseMonitor$Monitor@431b2b35] INFO  util.JvmPauseMonitor (JvmPauseMonitor.java:run(205)) - Detected pause in JVM or host machine (eg GC): pause of approximately 4191ms
GC pool 'PS MarkSweep' had collection(s): count=1 time=4633ms
2019-11-05 17:25:38,297 [org.apache.hadoop.util.JvmPauseMonitor$Monitor@431b2b35] INFO  util.JvmPauseMonitor (JvmPauseMonitor.java:run(205)) - Detected pause in JVM or host machine (eg GC): pause of approximately 3803ms
GC pool 'PS MarkSweep' had collection(s): count=1 time=3858ms
2019-11-05 17:25:38,297 [org.apache.hadoop.util.JvmPauseMonitor$Monitor@701bbc83] INFO  util.JvmPauseMonitor (JvmPauseMonitor.java:run(205)) - Detected pause in JVM or host machine (eg GC): pause of approximately 3803ms
GC pool 'PS MarkSweep' had collection(s): count=1 time=3858ms
2019-11-05 17:25:38,297 [org.apache.hadoop.util.JvmPauseMonitor$Monitor@379ee118] INFO  util.JvmPauseMonitor (JvmPauseMonitor.java:run(205)) - Detected pause in JVM or host machine (eg GC): pause of approximately 3803ms
GC pool 'PS MarkSweep' had collection(s): count=1 time=3858ms
2019-11-05 17:25:38,297 [org.apache.hadoop.util.JvmPauseMonitor$Monitor@3fa2a602] INFO  util.JvmPauseMonitor (JvmPauseMonitor.java:run(205)) - Detected pause in JVM or host machine (eg GC): pause of approximately 3803ms
GC pool 'PS MarkSweep' had collection(s): count=1 time=3858ms
2019-11-05 17:25:42,850 [org.apache.hadoop.util.JvmPauseMonitor$Monitor@431b2b35] INFO  util.JvmPauseMonitor (JvmPauseMonitor.java:run(205)) - Detected pause in JVM or host machine (eg GC): pause of approximately 3551ms
GC pool 'PS MarkSweep' had collection(s): count=1 time=3739ms
2019-11-05 17:25:42,851 [org.apache.hadoop.util.JvmPauseMonitor$Monitor@3fa2a602] INFO  util.JvmPauseMonitor (JvmPauseMonitor.java:run(205)) - Detected pause in JVM or host machine (eg GC): pause of approximately 3553ms
GC pool 'PS MarkSweep' had collection(s): count=1 time=3739ms
2019-11-05 17:25:42,851 [org.apache.hadoop.util.JvmPauseMonitor$Monitor@701bbc83] INFO  util.JvmPauseMonitor (JvmPauseMonitor.java:run(205)) - Detected pause in JVM or host machine (eg GC): pause of approximately 3553ms
GC pool 'PS MarkSweep' had collection(s): count=1 time=3739ms
2019-11-05 17:25:42,852 [org.apache.hadoop.util.JvmPauseMonitor$Monitor@379ee118] INFO  util.JvmPauseMonitor (JvmPauseMonitor.java:run(205)) - Detected pause in JVM or host machine (eg GC): pause of approximately 3553ms
GC pool 'PS MarkSweep' had collection(s): count=1 time=3739ms
2019-11-05 17:25:47,816 [org.apache.hadoop.util.JvmPauseMonitor$Monitor@379ee118] INFO  util.JvmPauseMonitor (JvmPauseMonitor.java:run(205)) - Detected pause in JVM or host machine (eg GC): pause of approximately 3964ms
GC pool 'PS MarkSweep' had collection(s): count=1 time=3901ms
2019-11-05 17:25:47,834 [org.apache.hadoop.util.JvmPauseMonitor$Monitor@701bbc83] INFO  util.JvmPauseMonitor (JvmPauseMonitor.java:run(205)) - Detected pause in JVM or host machine (eg GC): pause of approximately 3982ms
GC pool 'PS MarkSweep' had collection(s): count=1 time=3901ms
2019-11-05 17:25:47,834 [org.apache.hadoop.util.JvmPauseMonitor$Monitor@3fa2a602] INFO  util.JvmPauseMonitor (JvmPauseMonitor.java:run(205)) - Detected pause in JVM or host machine (eg GC): pause of approximately 3982ms
GC pool 'PS MarkSweep' had collection(s): count=1 time=3901ms
2019-11-05 17:25:47,835 [org.apache.hadoop.util.JvmPauseMonitor$Monitor@431b2b35] INFO  util.JvmPauseMonitor (JvmPauseMonitor.java:run(205)) - Detected pause in JVM or host machine (eg GC): pause of approximately 3983ms
GC pool 'PS MarkSweep' had collection(s): count=1 time=3901ms
2019-11-05 17:25:52,387 [org.apache.hadoop.util.JvmPauseMonitor$Monitor@431b2b35] INFO  util.JvmPauseMonitor (JvmPauseMonitor.java:run(205)) - Detected pause in JVM or host machine (eg GC): pause of approximately 3051ms
GC pool 'PS MarkSweep' had collection(s): count=1 time=3190ms
2019-11-05 17:25:52,387 [org.apache.hadoop.util.JvmPauseMonitor$Monitor@701bbc83] INFO  util.JvmPauseMonitor (JvmPauseMonitor.java:run(205)) - Detected pause in JVM or host machine (eg GC): pause of approximately 3052ms
GC pool 'PS MarkSweep' had collection(s): count=1 time=3190ms
2019-11-05 17:25:52,387 [org.apache.hadoop.util.JvmPauseMonitor$Monitor@3fa2a602] INFO  util.JvmPauseMonitor (JvmPauseMonitor.java:run(205)) - Detected pause in JVM or host machine (eg GC): pause of approximately 3052ms
GC pool 'PS MarkSweep' had collection(s): count=1 time=3190ms
2019-11-05 17:25:52,388 [org.apache.hadoop.util.JvmPauseMonitor$Monitor@379ee118] INFO  util.JvmPauseMonitor (JvmPauseMonitor.java:run(205)) - Detected pause in JVM or host machine (eg GC): pause of approximately 3070ms
GC pool 'PS MarkSweep' had collection(s): count=1 time=3190ms
2019-11-05 17:25:56,196 [Thread-1732] WARN  util.JavaUtils (JavaUtils.java:sleep(246)) - Unexpected long sleep: sleep(5183ms) actually took 7357ms which is over the threshold 300ms
2019-11-05 17:25:56,231 [Thread-1731] WARN  util.JavaUtils (JavaUtils.java:sleep(246)) - Unexpected long sleep: sleep(5101ms) actually took 7550ms which is over the threshold 300ms
2019-11-05 17:25:56,233 [org.apache.hadoop.util.JvmPauseMonitor$Monitor@379ee118] INFO  util.JvmPauseMonitor (JvmPauseMonitor.java:run(205)) - Detected pause in JVM or host machine (eg GC): pause of approximately 2845ms
GC pool 'PS MarkSweep' had collection(s): count=1 time=3186ms
2019-11-05 17:25:56,250 [org.apache.hadoop.util.JvmPauseMonitor$Monitor@3fa2a602] INFO  util.JvmPauseMonitor (JvmPauseMonitor.java:run(205)) - Detected pause in JVM or host machine (eg GC): pause of approximately 2862ms
GC pool 'PS MarkSweep' had collection(s): count=1 time=3186ms
2019-11-05 17:25:56,251 [org.apache.hadoop.util.JvmPauseMonitor$Monitor@701bbc83] INFO  util.JvmPauseMonitor (JvmPauseMonitor.java:run(205)) - Detected pause in JVM or host machine (eg GC): pause of approximately 2863ms
GC pool 'PS MarkSweep' had collection(s): count=1 time=3186ms
2019-11-05 17:25:56,252 [org.apache.hadoop.util.JvmPauseMonitor$Monitor@431b2b35] INFO  util.JvmPauseMonitor (JvmPauseMonitor.java:run(205)) - Detected pause in JVM or host machine (eg GC): pause of approximately 2864ms
GC pool 'PS MarkSweep' had collection(s): count=1 time=3186ms
2019-11-05 17:26:01,606 [Thread-1731] INFO  impl.FollowerState (FollowerState.java:run(111)) - 6b26fbdf-6bee-4eca-b994-39b8d7390060@group-D666A8A026E7-FollowerState: change to CANDIDATE, lastRpcTime:5410ms, electionTimeout:5157ms
2019-11-05 17:26:01,606 [Thread-1732] WARN  util.JavaUtils (JavaUtils.java:sleep(246)) - Unexpected long sleep: sleep(5005ms) actually took 5409ms which is over the threshold 300ms
2019-11-05 17:26:01,606 [Thread-1731] INFO  impl.RoleInfo (RoleInfo.java:shutdownFollowerState(121)) - 6b26fbdf-6bee-4eca-b994-39b8d7390060: shutdown FollowerState
2019-11-05 17:26:01,607 [Thread-1731] INFO  impl.RaftServerImpl (RaftServerImpl.java:setRole(173)) - 6b26fbdf-6bee-4eca-b994-39b8d7390060@group-D666A8A026E7: changes role from  FOLLOWER to CANDIDATE at term 1 for changeToCandidate
2019-11-05 17:26:01,607 [Thread-1731] INFO  impl.RoleInfo (RoleInfo.java:updateAndGet(143)) - 6b26fbdf-6bee-4eca-b994-39b8d7390060: start LeaderElection
2019-11-05 17:26:01,607 [6b26fbdf-6bee-4eca-b994-39b8d7390060@group-D666A8A026E7-LeaderElection44] INFO  impl.RaftServerImpl (ServerState.java:setLeader(255)) - 6b26fbdf-6bee-4eca-b994-39b8d7390060@group-D666A8A026E7: change Leader from 9090956c-016d-4394-9cf0-fb5de799cf00 to null at term 1 for initElection
2019-11-05 17:26:01,631 [6b26fbdf-6bee-4eca-b994-39b8d7390060@group-D666A8A026E7-LeaderElection44] INFO  impl.LeaderElection (LeaderElection.java:askForVotes(178)) - 6b26fbdf-6bee-4eca-b994-39b8d7390060@group-D666A8A026E7-LeaderElection44: begin an election at term 2 for 0: [9090956c-016d-4394-9cf0-fb5de799cf00:192.168.157.254:43938, 4a44a329-e613-4208-b662-e2f3951a28dc:192.168.157.254:43776, 6b26fbdf-6bee-4eca-b994-39b8d7390060:192.168.157.254:36950], old=null
2019-11-05 17:26:01,634 [Thread-1733] INFO  impl.RaftServerImpl (ServerState.java:setLeader(255)) - 9090956c-016d-4394-9cf0-fb5de799cf00@group-D666A8A026E7: change Leader from 9090956c-016d-4394-9cf0-fb5de799cf00 to null at term 2 for updateCurrentTerm
2019-11-05 17:26:01,634 [Thread-1733] INFO  impl.RaftServerImpl (RaftServerImpl.java:setRole(173)) - 9090956c-016d-4394-9cf0-fb5de799cf00@group-D666A8A026E7: changes role from    LEADER to FOLLOWER at term 2 for stepDown
2019-11-05 17:26:01,634 [Thread-1733] INFO  impl.RoleInfo (RoleInfo.java:shutdownLeaderState(104)) - 9090956c-016d-4394-9cf0-fb5de799cf00: shutdown LeaderState
2019-11-05 17:26:01,731 [org.apache.hadoop.util.JvmPauseMonitor$Monitor@431b2b35] INFO  util.JvmPauseMonitor (JvmPauseMonitor.java:run(205)) - Detected pause in JVM or host machine (eg GC): pause of approximately 4478ms
GC pool 'PS MarkSweep' had collection(s): count=1 time=4534ms
2019-11-05 17:26:01,731 [org.apache.hadoop.util.JvmPauseMonitor$Monitor@701bbc83] INFO  util.JvmPauseMonitor (JvmPauseMonitor.java:run(205)) - Detected pause in JVM or host machine (eg GC): pause of approximately 4479ms
GC pool 'PS MarkSweep' had collection(s): count=1 time=4534ms
2019-11-05 17:26:01,731 [org.apache.hadoop.util.JvmPauseMonitor$Monitor@3fa2a602] INFO  util.JvmPauseMonitor (JvmPauseMonitor.java:run(205)) - Detected pause in JVM or host machine (eg GC): pause of approximately 4480ms
GC pool 'PS MarkSweep' had collection(s): count=1 time=4534ms
2019-11-05 17:26:01,750 [org.apache.hadoop.util.JvmPauseMonitor$Monitor@379ee118] INFO  util.JvmPauseMonitor (JvmPauseMonitor.java:run(205)) - Detected pause in JVM or host machine (eg GC): pause of approximately 4516ms
GC pool 'PS MarkSweep' had collection(s): count=1 time=4534ms
2019-11-05 17:26:01,760 [org.apache.ratis.server.impl.LogAppender$AppenderDaemon$$Lambda$509/276562488@75c7005] WARN  server.GrpcLogAppender (GrpcLogAppender.java:mayWait(151)) - 9090956c-016d-4394-9cf0-fb5de799cf00@group-D666A8A026E7->4a44a329-e613-4208-b662-e2f3951a28dc-GrpcLogAppender: Wait interrupted by java.lang.InterruptedException
2019-11-05 17:26:01,761 [Thread-1733] INFO  impl.PendingRequests (PendingRequests.java:sendNotLeaderResponses(206)) - 9090956c-016d-4394-9cf0-fb5de799cf00@group-D666A8A026E7-PendingRequests: sendNotLeaderResponses
2019-11-05 17:26:01,761 [org.apache.ratis.server.impl.LogAppender$AppenderDaemon$$Lambda$509/276562488@425eee8a] WARN  server.GrpcLogAppender (GrpcLogAppender.java:mayWait(151)) - 9090956c-016d-4394-9cf0-fb5de799cf00@group-D666A8A026E7->6b26fbdf-6bee-4eca-b994-39b8d7390060-GrpcLogAppender: Wait interrupted by java.lang.InterruptedException
2019-11-05 17:26:01,761 [Thread-1733] INFO  impl.RoleInfo (RoleInfo.java:updateAndGet(143)) - 9090956c-016d-4394-9cf0-fb5de799cf00: start FollowerState
2019-11-05 17:26:01,767 [grpc-default-executor-3] INFO  server.GrpcServerProtocolService (GrpcServerProtocolService.java:onCompleted(113)) - 6b26fbdf-6bee-4eca-b994-39b8d7390060: Completed APPEND_ENTRIES, lastRequest: 9090956c-016d-4394-9cf0-fb5de799cf00->6b26fbdf-6bee-4eca-b994-39b8d7390060#74-t1, previous=(t:1, i:0), leaderCommit=0, initializing? false, entries: <empty>
2019-11-05 17:26:01,764 [grpc-default-executor-1] INFO  server.GrpcServerProtocolService (GrpcServerProtocolService.java:onCompleted(113)) - 4a44a329-e613-4208-b662-e2f3951a28dc: Completed APPEND_ENTRIES, lastRequest: 9090956c-016d-4394-9cf0-fb5de799cf00->4a44a329-e613-4208-b662-e2f3951a28dc#74-t1, previous=(t:1, i:0), leaderCommit=0, initializing? false, entries: <empty>
2019-11-05 17:26:01,774 [grpc-default-executor-1] INFO  impl.RaftServerImpl (ServerState.java:setLeader(255)) - 4a44a329-e613-4208-b662-e2f3951a28dc@group-D666A8A026E7: change Leader from 9090956c-016d-4394-9cf0-fb5de799cf00 to null at term 2 for updateCurrentTerm
2019-11-05 17:26:01,775 [grpc-default-executor-1] INFO  impl.RaftServerImpl (RaftServerImpl.java:setRole(173)) - 4a44a329-e613-4208-b662-e2f3951a28dc@group-D666A8A026E7: changes role from  FOLLOWER to FOLLOWER at term 2 for recognizeCandidate:6b26fbdf-6bee-4eca-b994-39b8d7390060
2019-11-05 17:26:01,775 [grpc-default-executor-1] INFO  impl.RoleInfo (RoleInfo.java:shutdownFollowerState(121)) - 4a44a329-e613-4208-b662-e2f3951a28dc: shutdown FollowerState
2019-11-05 17:26:01,775 [grpc-default-executor-1] INFO  impl.RoleInfo (RoleInfo.java:updateAndGet(143)) - 4a44a329-e613-4208-b662-e2f3951a28dc: start FollowerState
2019-11-05 17:26:01,776 [Thread-1732] INFO  impl.FollowerState (FollowerState.java:run(120)) - 4a44a329-e613-4208-b662-e2f3951a28dc@group-D666A8A026E7-FollowerState was interrupted: java.lang.InterruptedException: sleep interrupted
2019-11-05 17:26:01,778 [grpc-default-executor-4] INFO  server.GrpcLogAppender (GrpcLogAppender.java:onCompleted(308)) - 9090956c-016d-4394-9cf0-fb5de799cf00@group-D666A8A026E7->6b26fbdf-6bee-4eca-b994-39b8d7390060-AppendLogResponseHandler: follower responses appendEntries COMPLETED
2019-11-05 17:26:01,782 [grpc-default-executor-3] INFO  server.GrpcLogAppender (GrpcLogAppender.java:onCompleted(308)) - 9090956c-016d-4394-9cf0-fb5de799cf00@group-D666A8A026E7->4a44a329-e613-4208-b662-e2f3951a28dc-AppendLogResponseHandler: follower responses appendEntries COMPLETED
2019-11-05 17:26:01,786 [grpc-default-executor-5] INFO  impl.RaftServerImpl (RaftServerImpl.java:setRole(173)) - 9090956c-016d-4394-9cf0-fb5de799cf00@group-D666A8A026E7: changes role from  FOLLOWER to FOLLOWER at term 2 for recognizeCandidate:6b26fbdf-6bee-4eca-b994-39b8d7390060
2019-11-05 17:26:01,787 [grpc-default-executor-5] INFO  impl.RoleInfo (RoleInfo.java:shutdownFollowerState(121)) - 9090956c-016d-4394-9cf0-fb5de799cf00: shutdown FollowerState
2019-11-05 17:26:01,787 [grpc-default-executor-4] INFO  impl.FollowerInfo (FollowerInfo.java:lambda$new$0(51)) - 9090956c-016d-4394-9cf0-fb5de799cf00@group-D666A8A026E7->6b26fbdf-6bee-4eca-b994-39b8d7390060: nextIndex: updateUnconditionally 1 -> 0
2019-11-05 17:26:01,787 [Thread-1899] INFO  impl.FollowerState (FollowerState.java:run(120)) - 9090956c-016d-4394-9cf0-fb5de799cf00@group-D666A8A026E7-FollowerState was interrupted: java.lang.InterruptedException: sleep interrupted
2019-11-05 17:26:01,787 [grpc-default-executor-5] INFO  impl.RoleInfo (RoleInfo.java:updateAndGet(143)) - 9090956c-016d-4394-9cf0-fb5de799cf00: start FollowerState
2019-11-05 17:26:01,790 [grpc-default-executor-3] INFO  impl.FollowerInfo (FollowerInfo.java:lambda$new$0(51)) - 9090956c-016d-4394-9cf0-fb5de799cf00@group-D666A8A026E7->4a44a329-e613-4208-b662-e2f3951a28dc: nextIndex: updateUnconditionally 1 -> 0
2019-11-05 17:26:01,844 [6b26fbdf-6bee-4eca-b994-39b8d7390060@group-D666A8A026E7-LeaderElection44] INFO  impl.LeaderElection (LeaderElection.java:logAndReturn(56)) - 6b26fbdf-6bee-4eca-b994-39b8d7390060@group-D666A8A026E7-LeaderElection44: Election PASSED; received 1 response(s) [6b26fbdf-6bee-4eca-b994-39b8d7390060<-9090956c-016d-4394-9cf0-fb5de799cf00#0:OK-t2] and 0 exception(s); 6b26fbdf-6bee-4eca-b994-39b8d7390060@group-D666A8A026E7:t2, leader=null, voted=6b26fbdf-6bee-4eca-b994-39b8d7390060, raftlog=6b26fbdf-6bee-4eca-b994-39b8d7390060@group-D666A8A026E7-SegmentedRaftLog:OPENED:c0,f0,i0, conf=0: [9090956c-016d-4394-9cf0-fb5de799cf00:192.168.157.254:43938, 4a44a329-e613-4208-b662-e2f3951a28dc:192.168.157.254:43776, 6b26fbdf-6bee-4eca-b994-39b8d7390060:192.168.157.254:36950], old=null
2019-11-05 17:26:01,844 [6b26fbdf-6bee-4eca-b994-39b8d7390060@group-D666A8A026E7-LeaderElection44] INFO  impl.RoleInfo (RoleInfo.java:shutdownLeaderElection(134)) - 6b26fbdf-6bee-4eca-b994-39b8d7390060: shutdown LeaderElection
2019-11-05 17:26:01,844 [6b26fbdf-6bee-4eca-b994-39b8d7390060@group-D666A8A026E7-LeaderElection44] INFO  impl.RaftServerImpl (RaftServerImpl.java:setRole(173)) - 6b26fbdf-6bee-4eca-b994-39b8d7390060@group-D666A8A026E7: changes role from CANDIDATE to LEADER at term 2 for changeToLeader
2019-11-05 17:26:01,844 [6b26fbdf-6bee-4eca-b994-39b8d7390060@group-D666A8A026E7-LeaderElection44] INFO  impl.RaftServerImpl (ServerState.java:setLeader(255)) - 6b26fbdf-6bee-4eca-b994-39b8d7390060@group-D666A8A026E7: change Leader from null to 6b26fbdf-6bee-4eca-b994-39b8d7390060 at term 2 for becomeLeader, leader elected after 237ms
2019-11-05 17:26:01,845 [6b26fbdf-6bee-4eca-b994-39b8d7390060@group-D666A8A026E7-LeaderElection44] INFO  server.RaftServerConfigKeys (ConfUtils.java:logGet(43)) - raft.server.staging.catchup.gap = 1000 (default)
2019-11-05 17:26:01,845 [6b26fbdf-6bee-4eca-b994-39b8d7390060@group-D666A8A026E7-LeaderElection44] INFO  server.RaftServerConfigKeys (ConfUtils.java:logGet(43)) - raft.server.rpc.sleep.time = 25ms (default)
2019-11-05 17:26:01,845 [6b26fbdf-6bee-4eca-b994-39b8d7390060@group-D666A8A026E7-LeaderElection44] INFO  server.RaftServerConfigKeys (ConfUtils.java:logGet(43)) - raft.server.write.element-limit = 4096 (default)
2019-11-05 17:26:01,845 [6b26fbdf-6bee-4eca-b994-39b8d7390060@group-D666A8A026E7-LeaderElection44] INFO  server.RaftServerConfigKeys (ConfUtils.java:logGet(43)) - raft.server.watch.timeout = 10s (default)
2019-11-05 17:26:01,845 [6b26fbdf-6bee-4eca-b994-39b8d7390060@group-D666A8A026E7-LeaderElection44] INFO  server.RaftServerConfigKeys (ConfUtils.java:logGet(43)) - raft.server.watch.timeout.denomination = 1s (default)
2019-11-05 17:26:01,845 [6b26fbdf-6bee-4eca-b994-39b8d7390060@group-D666A8A026E7-LeaderElection44] INFO  server.RaftServerConfigKeys (ConfUtils.java:logGet(43)) - raft.server.watch.element-limit = 65536 (default)
2019-11-05 17:26:01,845 [6b26fbdf-6bee-4eca-b994-39b8d7390060@group-D666A8A026E7-LeaderElection44] INFO  server.RaftServerConfigKeys (ConfUtils.java:logGet(43)) - raft.server.log.appender.snapshot.chunk.size.max = 16MB (=16777216) (default)
2019-11-05 17:26:01,846 [6b26fbdf-6bee-4eca-b994-39b8d7390060@group-D666A8A026E7-LeaderElection44] INFO  server.RaftServerConfigKeys (ConfUtils.java:logGet(43)) - raft.server.log.appender.buffer.byte-limit = 33554432 (custom)
2019-11-05 17:26:01,846 [6b26fbdf-6bee-4eca-b994-39b8d7390060@group-D666A8A026E7-LeaderElection44] INFO  server.RaftServerConfigKeys (ConfUtils.java:logGet(43)) - raft.server.log.appender.buffer.element-limit = 1 (custom)
2019-11-05 17:26:01,846 [6b26fbdf-6bee-4eca-b994-39b8d7390060@group-D666A8A026E7-LeaderElection44] INFO  grpc.GrpcConfigKeys$Server (ConfUtils.java:logGet(43)) - raft.grpc.server.leader.outstanding.appends.max = 128 (default)
2019-11-05 17:26:01,846 [6b26fbdf-6bee-4eca-b994-39b8d7390060@group-D666A8A026E7-LeaderElection44] INFO  server.RaftServerConfigKeys (ConfUtils.java:logGet(43)) - raft.server.rpc.request.timeout = 3000ms (default)
2019-11-05 17:26:01,846 [6b26fbdf-6bee-4eca-b994-39b8d7390060@group-D666A8A026E7-LeaderElection44] INFO  server.RaftServerConfigKeys (ConfUtils.java:logGet(43)) - raft.server.log.appender.install.snapshot.enabled = false (custom)
2019-11-05 17:26:01,846 [6b26fbdf-6bee-4eca-b994-39b8d7390060@group-D666A8A026E7-LeaderElection44] WARN  impl.MetricRegistriesImpl (MetricRegistriesImpl.java:lambda$create$1(61)) - First MetricRegistry has been created without registering reporters. You may need to call MetricRegistries.global().addReportRegistration(...) before.
2019-11-05 17:26:01,846 [6b26fbdf-6bee-4eca-b994-39b8d7390060@group-D666A8A026E7-LeaderElection44] INFO  server.RaftServerConfigKeys (ConfUtils.java:logGet(43)) - raft.server.log.appender.snapshot.chunk.size.max = 16MB (=16777216) (default)
2019-11-05 17:26:01,847 [6b26fbdf-6bee-4eca-b994-39b8d7390060@group-D666A8A026E7-LeaderElection44] INFO  server.RaftServerConfigKeys (ConfUtils.java:logGet(43)) - raft.server.log.appender.buffer.byte-limit = 33554432 (custom)
2019-11-05 17:26:01,847 [6b26fbdf-6bee-4eca-b994-39b8d7390060@group-D666A8A026E7-LeaderElection44] INFO  server.RaftServerConfigKeys (ConfUtils.java:logGet(43)) - raft.server.log.appender.buffer.element-limit = 1 (custom)
2019-11-05 17:26:01,847 [6b26fbdf-6bee-4eca-b994-39b8d7390060@group-D666A8A026E7-LeaderElection44] INFO  grpc.GrpcConfigKeys$Server (ConfUtils.java:logGet(43)) - raft.grpc.server.leader.outstanding.appends.max = 128 (default)
2019-11-05 17:26:01,847 [6b26fbdf-6bee-4eca-b994-39b8d7390060@group-D666A8A026E7-LeaderElection44] INFO  server.RaftServerConfigKeys (ConfUtils.java:logGet(43)) - raft.server.rpc.request.timeout = 3000ms (default)
2019-11-05 17:26:01,847 [6b26fbdf-6bee-4eca-b994-39b8d7390060@group-D666A8A026E7-LeaderElection44] INFO  server.RaftServerConfigKeys (ConfUtils.java:logGet(43)) - raft.server.log.appender.install.snapshot.enabled = false (custom)
2019-11-05 17:26:01,847 [6b26fbdf-6bee-4eca-b994-39b8d7390060@group-D666A8A026E7-LeaderElection44] INFO  impl.RoleInfo (RoleInfo.java:updateAndGet(143)) - 6b26fbdf-6bee-4eca-b994-39b8d7390060: start LeaderState
2019-11-05 17:26:01,848 [6b26fbdf-6bee-4eca-b994-39b8d7390060@group-D666A8A026E7-LeaderElection44] INFO  segmented.SegmentedRaftLogWorker (SegmentedRaftLogWorker.java:rollLogSegment(390)) - 6b26fbdf-6bee-4eca-b994-39b8d7390060@group-D666A8A026E7-SegmentedRaftLogWorker: Rolling segment log-0_0 to index:0
2019-11-05 17:26:01,850 [6b26fbdf-6bee-4eca-b994-39b8d7390060@group-D666A8A026E7-SegmentedRaftLogWorker] INFO  segmented.SegmentedRaftLogWorker (SegmentedRaftLogWorker.java:execute(533)) - 6b26fbdf-6bee-4eca-b994-39b8d7390060@group-D666A8A026E7-SegmentedRaftLogWorker: Rolled log segment from /workdir/hadoop-ozone/ozonefs/target/test-dir/MiniOzoneClusterImpl-501a243b-a211-4214-91e5-f40f4c8fcccf/datanode-0/data/ratis/3bbbff16-0253-4c3d-afd4-d666a8a026e7/current/log_inprogress_0 to /workdir/hadoop-ozone/ozonefs/target/test-dir/MiniOzoneClusterImpl-501a243b-a211-4214-91e5-f40f4c8fcccf/datanode-0/data/ratis/3bbbff16-0253-4c3d-afd4-d666a8a026e7/current/log_0-0
2019-11-05 17:26:01,928 [6b26fbdf-6bee-4eca-b994-39b8d7390060@group-D666A8A026E7-LeaderElection44] INFO  impl.RaftServerImpl (ServerState.java:setRaftConf(356)) - 6b26fbdf-6bee-4eca-b994-39b8d7390060@group-D666A8A026E7: set configuration 1: [9090956c-016d-4394-9cf0-fb5de799cf00:192.168.157.254:43938, 4a44a329-e613-4208-b662-e2f3951a28dc:192.168.157.254:43776, 6b26fbdf-6bee-4eca-b994-39b8d7390060:192.168.157.254:36950], old=null at 1
2019-11-05 17:26:01,945 [6b26fbdf-6bee-4eca-b994-39b8d7390060@group-D666A8A026E7-SegmentedRaftLogWorker] INFO  segmented.SegmentedRaftLogWorker (SegmentedRaftLogWorker.java:execute(576)) - 6b26fbdf-6bee-4eca-b994-39b8d7390060@group-D666A8A026E7-SegmentedRaftLogWorker: created new log segment /workdir/hadoop-ozone/ozonefs/target/test-dir/MiniOzoneClusterImpl-501a243b-a211-4214-91e5-f40f4c8fcccf/datanode-0/data/ratis/3bbbff16-0253-4c3d-afd4-d666a8a026e7/current/log_inprogress_1
2019-11-05 17:26:01,974 [grpc-default-executor-5] INFO  impl.RaftServerImpl (ServerState.java:setLeader(255)) - 4a44a329-e613-4208-b662-e2f3951a28dc@group-D666A8A026E7: change Leader from null to 6b26fbdf-6bee-4eca-b994-39b8d7390060 at term 2 for appendEntries, leader elected after 199ms
2019-11-05 17:26:01,969 [grpc-default-executor-3] INFO  impl.RaftServerImpl (ServerState.java:setLeader(255)) - 9090956c-016d-4394-9cf0-fb5de799cf00@group-D666A8A026E7: change Leader from null to 6b26fbdf-6bee-4eca-b994-39b8d7390060 at term 2 for appendEntries, leader elected after 335ms
2019-11-05 17:26:02,039 [grpc-default-executor-3] INFO  impl.RaftServerImpl (ServerState.java:setRaftConf(356)) - 9090956c-016d-4394-9cf0-fb5de799cf00@group-D666A8A026E7: set configuration 1: [9090956c-016d-4394-9cf0-fb5de799cf00:192.168.157.254:43938, 4a44a329-e613-4208-b662-e2f3951a28dc:192.168.157.254:43776, 6b26fbdf-6bee-4eca-b994-39b8d7390060:192.168.157.254:36950], old=null at 1
2019-11-05 17:26:02,039 [grpc-default-executor-3] INFO  segmented.SegmentedRaftLogWorker (SegmentedRaftLogWorker.java:rollLogSegment(390)) - 9090956c-016d-4394-9cf0-fb5de799cf00@group-D666A8A026E7-SegmentedRaftLogWorker: Rolling segment log-0_0 to index:0
2019-11-05 17:26:02,040 [9090956c-016d-4394-9cf0-fb5de799cf00@group-D666A8A026E7-SegmentedRaftLogWorker] INFO  segmented.SegmentedRaftLogWorker (SegmentedRaftLogWorker.java:execute(533)) - 9090956c-016d-4394-9cf0-fb5de799cf00@group-D666A8A026E7-SegmentedRaftLogWorker: Rolled log segment from /workdir/hadoop-ozone/ozonefs/target/test-dir/MiniOzoneClusterImpl-501a243b-a211-4214-91e5-f40f4c8fcccf/datanode-1/data/ratis/3bbbff16-0253-4c3d-afd4-d666a8a026e7/current/log_inprogress_0 to /workdir/hadoop-ozone/ozonefs/target/test-dir/MiniOzoneClusterImpl-501a243b-a211-4214-91e5-f40f4c8fcccf/datanode-1/data/ratis/3bbbff16-0253-4c3d-afd4-d666a8a026e7/current/log_0-0
2019-11-05 17:26:02,107 [grpc-default-executor-3] INFO  impl.RaftServerImpl (ServerState.java:setRaftConf(356)) - 4a44a329-e613-4208-b662-e2f3951a28dc@group-D666A8A026E7: set configuration 1: [9090956c-016d-4394-9cf0-fb5de799cf00:192.168.157.254:43938, 4a44a329-e613-4208-b662-e2f3951a28dc:192.168.157.254:43776, 6b26fbdf-6bee-4eca-b994-39b8d7390060:192.168.157.254:36950], old=null at 1
2019-11-05 17:26:02,107 [grpc-default-executor-3] INFO  segmented.SegmentedRaftLogWorker (SegmentedRaftLogWorker.java:rollLogSegment(390)) - 4a44a329-e613-4208-b662-e2f3951a28dc@group-D666A8A026E7-SegmentedRaftLogWorker: Rolling segment log-0_0 to index:0
2019-11-05 17:26:02,108 [4a44a329-e613-4208-b662-e2f3951a28dc@group-D666A8A026E7-SegmentedRaftLogWorker] INFO  segmented.SegmentedRaftLogWorker (SegmentedRaftLogWorker.java:execute(533)) - 4a44a329-e613-4208-b662-e2f3951a28dc@group-D666A8A026E7-SegmentedRaftLogWorker: Rolled log segment from /workdir/hadoop-ozone/ozonefs/target/test-dir/MiniOzoneClusterImpl-501a243b-a211-4214-91e5-f40f4c8fcccf/datanode-2/data/ratis/3bbbff16-0253-4c3d-afd4-d666a8a026e7/current/log_inprogress_0 to /workdir/hadoop-ozone/ozonefs/target/test-dir/MiniOzoneClusterImpl-501a243b-a211-4214-91e5-f40f4c8fcccf/datanode-2/data/ratis/3bbbff16-0253-4c3d-afd4-d666a8a026e7/current/log_0-0
2019-11-05 17:26:02,128 [9090956c-016d-4394-9cf0-fb5de799cf00@group-D666A8A026E7-SegmentedRaftLogWorker] INFO  segmented.SegmentedRaftLogWorker (SegmentedRaftLogWorker.java:execute(576)) - 9090956c-016d-4394-9cf0-fb5de799cf00@group-D666A8A026E7-SegmentedRaftLogWorker: created new log segment /workdir/hadoop-ozone/ozonefs/target/test-dir/MiniOzoneClusterImpl-501a243b-a211-4214-91e5-f40f4c8fcccf/datanode-1/data/ratis/3bbbff16-0253-4c3d-afd4-d666a8a026e7/current/log_inprogress_1
2019-11-05 17:26:02,231 [4a44a329-e613-4208-b662-e2f3951a28dc@group-D666A8A026E7-SegmentedRaftLogWorker] INFO  segmented.SegmentedRaftLogWorker (SegmentedRaftLogWorker.java:execute(576)) - 4a44a329-e613-4208-b662-e2f3951a28dc@group-D666A8A026E7-SegmentedRaftLogWorker: created new log segment /workdir/hadoop-ozone/ozonefs/target/test-dir/MiniOzoneClusterImpl-501a243b-a211-4214-91e5-f40f4c8fcccf/datanode-2/data/ratis/3bbbff16-0253-4c3d-afd4-d666a8a026e7/current/log_inprogress_1
2019-11-05 17:26:08,717 [Thread-1900] WARN  util.JavaUtils (JavaUtils.java:sleep(246)) - Unexpected long sleep: sleep(5082ms) actually took 6921ms which is over the threshold 300ms
2019-11-05 17:26:08,717 [Thread-1901] WARN  util.JavaUtils (JavaUtils.java:sleep(246)) - Unexpected long sleep: sleep(5167ms) actually took 6907ms which is over the threshold 300ms
2019-11-05 17:26:08,734 [org.apache.hadoop.util.JvmPauseMonitor$Monitor@431b2b35] INFO  util.JvmPauseMonitor (JvmPauseMonitor.java:run(205)) - Detected pause in JVM or host machine (eg GC): pause of approximately 5501ms
GC pool 'PS MarkSweep' had collection(s): count=1 time=5695ms
2019-11-05 17:26:08,734 [org.apache.hadoop.util.JvmPauseMonitor$Monitor@379ee118] INFO  util.JvmPauseMonitor (JvmPauseMonitor.java:run(205)) - Detected pause in JVM or host machine (eg GC): pause of approximately 5464ms
GC pool 'PS MarkSweep' had collection(s): count=1 time=5695ms
2019-11-05 17:26:08,741 [org.apache.hadoop.util.JvmPauseMonitor$Monitor@3fa2a602] INFO  util.JvmPauseMonitor (JvmPauseMonitor.java:run(205)) - Detected pause in JVM or host machine (eg GC): pause of approximately 5502ms
GC pool 'PS MarkSweep' had collection(s): count=1 time=5695ms
2019-11-05 17:26:08,741 [org.apache.hadoop.util.JvmPauseMonitor$Monitor@701bbc83] INFO  util.JvmPauseMonitor (JvmPauseMonitor.java:run(205)) - Detected pause in JVM or host machine (eg GC): pause of approximately 5502ms
GC pool 'PS MarkSweep' had collection(s): count=1 time=5695ms
2019-11-05 17:26:12,957 [org.apache.hadoop.util.JvmPauseMonitor$Monitor@701bbc83] INFO  util.JvmPauseMonitor (JvmPauseMonitor.java:run(205)) - Detected pause in JVM or host machine (eg GC): pause of approximately 3716ms
GC pool 'PS MarkSweep' had collection(s): count=1 time=3571ms
2019-11-05 17:26:12,958 [org.apache.hadoop.util.JvmPauseMonitor$Monitor@3fa2a602] INFO  util.JvmPauseMonitor (JvmPauseMonitor.java:run(205)) - Detected pause in JVM or host machine (eg GC): pause of approximately 3716ms
GC pool 'PS MarkSweep' had collection(s): count=1 time=3571ms
2019-11-05 17:26:12,969 [org.apache.hadoop.util.JvmPauseMonitor$Monitor@379ee118] INFO  util.JvmPauseMonitor (JvmPauseMonitor.java:run(205)) - Detected pause in JVM or host machine (eg GC): pause of approximately 3734ms
GC pool 'PS MarkSweep' had collection(s): count=1 time=3571ms
2019-11-05 17:26:13,090 [org.apache.hadoop.util.JvmPauseMonitor$Monitor@431b2b35] INFO  util.JvmPauseMonitor (JvmPauseMonitor.java:run(205)) - Detected pause in JVM or host machine (eg GC): pause of approximately 3735ms
GC pool 'PS MarkSweep' had collection(s): count=1 time=3571ms
2019-11-05 17:26:22,424 [org.apache.hadoop.util.JvmPauseMonitor$Monitor@431b2b35] INFO  util.JvmPauseMonitor (JvmPauseMonitor.java:run(205)) - Detected pause in JVM or host machine (eg GC): pause of approximately 8333ms
GC pool 'PS MarkSweep' had collection(s): count=1 time=8595ms
2019-11-05 17:26:22,424 [org.apache.hadoop.util.JvmPauseMonitor$Monitor@379ee118] INFO  util.JvmPauseMonitor (JvmPauseMonitor.java:run(205)) - Detected pause in JVM or host machine (eg GC): pause of approximately 8449ms
GC pool 'PS MarkSweep' had collection(s): count=1 time=8595ms
2019-11-05 17:26:22,424 [org.apache.hadoop.util.JvmPauseMonitor$Monitor@3fa2a602] INFO  util.JvmPauseMonitor (JvmPauseMonitor.java:run(205)) - Detected pause in JVM or host machine (eg GC): pause of approximately 8466ms
GC pool 'PS MarkSweep' had collection(s): count=1 time=8595ms
2019-11-05 17:26:22,425 [org.apache.hadoop.util.JvmPauseMonitor$Monitor@701bbc83] INFO  util.JvmPauseMonitor (JvmPauseMonitor.java:run(205)) - Detected pause in JVM or host machine (eg GC): pause of approximately 8466ms
GC pool 'PS MarkSweep' had collection(s): count=1 time=8595ms
2019-11-05 17:26:22,426 [Thread-1900] WARN  util.JavaUtils (JavaUtils.java:sleep(246)) - Unexpected long sleep: sleep(5186ms) actually took 13708ms which is over the threshold 300ms
2019-11-05 17:26:22,426 [Thread-1901] WARN  util.JavaUtils (JavaUtils.java:sleep(246)) - Unexpected long sleep: sleep(5086ms) actually took 13708ms which is over the threshold 300ms
2019-11-05 17:26:27,378 [org.apache.hadoop.util.JvmPauseMonitor$Monitor@701bbc83] INFO  util.JvmPauseMonitor (JvmPauseMonitor.java:run(205)) - Detected pause in JVM or host machine (eg GC): pause of approximately 4453ms
GC pool 'PS MarkSweep' had collection(s): count=1 time=4397ms
2019-11-05 17:26:27,379 [org.apache.hadoop.util.JvmPauseMonitor$Monitor@3fa2a602] INFO  util.JvmPauseMonitor (JvmPauseMonitor.java:run(205)) - Detected pause in JVM or host machine (eg GC): pause of approximately 4454ms
GC pool 'PS MarkSweep' had collection(s): count=1 time=4397ms
2019-11-05 17:26:27,379 [org.apache.hadoop.util.JvmPauseMonitor$Monitor@379ee118] INFO  util.JvmPauseMonitor (JvmPauseMonitor.java:run(205)) - Detected pause in JVM or host machine (eg GC): pause of approximately 4454ms
GC pool 'PS MarkSweep' had collection(s): count=1 time=4397ms
2019-11-05 17:26:27,379 [org.apache.hadoop.util.JvmPauseMonitor$Monitor@431b2b35] INFO  util.JvmPauseMonitor (JvmPauseMonitor.java:run(205)) - Detected pause in JVM or host machine (eg GC): pause of approximately 4455ms
GC pool 'PS MarkSweep' had collection(s): count=1 time=4397ms
2019-11-05 17:26:33,047 [Thread-1901] WARN  util.JavaUtils (JavaUtils.java:sleep(246)) - Unexpected long sleep: sleep(5159ms) actually took 5471ms which is over the threshold 300ms
2019-11-05 17:26:33,047 [Thread-1900] WARN  util.JavaUtils (JavaUtils.java:sleep(246)) - Unexpected long sleep: sleep(5129ms) actually took 5577ms which is over the threshold 300ms
2019-11-05 17:26:33,120 [org.apache.hadoop.util.JvmPauseMonitor$Monitor@431b2b35] INFO  util.JvmPauseMonitor (JvmPauseMonitor.java:run(205)) - Detected pause in JVM or host machine (eg GC): pause of approximately 5240ms
GC pool 'PS MarkSweep' had collection(s): count=1 time=5177ms
2019-11-05 17:26:33,120 [org.apache.hadoop.util.JvmPauseMonitor$Monitor@379ee118] INFO  util.JvmPauseMonitor (JvmPauseMonitor.java:run(205)) - Detected pause in JVM or host machine (eg GC): pause of approximately 5241ms
GC pool 'PS MarkSweep' had collection(s): count=1 time=5177ms
2019-11-05 17:26:33,120 [org.apache.hadoop.util.JvmPauseMonitor$Monitor@3fa2a602] INFO  util.JvmPauseMonitor (JvmPauseMonitor.java:run(205)) - Detected pause in JVM or host machine (eg GC): pause of approximately 5241ms
GC pool 'PS MarkSweep' had collection(s): count=1 time=5177ms
2019-11-05 17:26:33,121 [org.apache.hadoop.util.JvmPauseMonitor$Monitor@701bbc83] INFO  util.JvmPauseMonitor (JvmPauseMonitor.java:run(205)) - Detected pause in JVM or host machine (eg GC): pause of approximately 5241ms
GC pool 'PS MarkSweep' had collection(s): count=1 time=5177ms
2019-11-05 17:26:38,538 [Thread-1901] WARN  util.JavaUtils (JavaUtils.java:sleep(246)) - Unexpected long sleep: sleep(5159ms) actually took 5491ms which is over the threshold 300ms
2019-11-05 17:26:38,538 [Thread-1900] WARN  util.JavaUtils (JavaUtils.java:sleep(246)) - Unexpected long sleep: sleep(5096ms) actually took 5491ms which is over the threshold 300ms
2019-11-05 17:26:38,539 [org.apache.hadoop.util.JvmPauseMonitor$Monitor@379ee118] INFO  util.JvmPauseMonitor (JvmPauseMonitor.java:run(205)) - Detected pause in JVM or host machine (eg GC): pause of approximately 4418ms
GC pool 'PS MarkSweep' had collection(s): count=1 time=4812ms
2019-11-05 17:26:38,539 [org.apache.hadoop.util.JvmPauseMonitor$Monitor@701bbc83] INFO  util.JvmPauseMonitor (JvmPauseMonitor.java:run(205)) - Detected pause in JVM or host machine (eg GC): pause of approximately 4418ms
GC pool 'PS MarkSweep' had collection(s): count=1 time=4812ms
2019-11-05 17:26:38,539 [org.apache.hadoop.util.JvmPauseMonitor$Monitor@431b2b35] INFO  util.JvmPauseMonitor (JvmPauseMonitor.java:run(205)) - Detected pause in JVM or host machine (eg GC): pause of approximately 4418ms
GC pool 'PS MarkSweep' had collection(s): count=1 time=4812ms
2019-11-05 17:26:38,539 [org.apache.hadoop.util.JvmPauseMonitor$Monitor@3fa2a602] INFO  util.JvmPauseMonitor (JvmPauseMonitor.java:run(205)) - Detected pause in JVM or host machine (eg GC): pause of approximately 4418ms
GC pool 'PS MarkSweep' had collection(s): count=1 time=4812ms
2019-11-05 17:26:42,898 [org.apache.hadoop.util.JvmPauseMonitor$Monitor@3fa2a602] INFO  util.JvmPauseMonitor (JvmPauseMonitor.java:run(205)) - Detected pause in JVM or host machine (eg GC): pause of approximately 3858ms
GC pool 'PS MarkSweep' had collection(s): count=1 time=3960ms
2019-11-05 17:26:42,898 [org.apache.hadoop.util.JvmPauseMonitor$Monitor@431b2b35] INFO  util.JvmPauseMonitor (JvmPauseMonitor.java:run(205)) - Detected pause in JVM or host machine (eg GC): pause of approximately 3858ms
GC pool 'PS MarkSweep' had collection(s): count=1 time=3960ms
2019-11-05 17:26:42,898 [org.apache.hadoop.util.JvmPauseMonitor$Monitor@701bbc83] INFO  util.JvmPauseMonitor (JvmPauseMonitor.java:run(205)) - Detected pause in JVM or host machine (eg GC): pause of approximately 3859ms
GC pool 'PS MarkSweep' had collection(s): count=1 time=3960ms
2019-11-05 17:26:42,898 [org.apache.hadoop.util.JvmPauseMonitor$Monitor@379ee118] INFO  util.JvmPauseMonitor (JvmPauseMonitor.java:run(205)) - Detected pause in JVM or host machine (eg GC): pause of approximately 3859ms
GC pool 'PS MarkSweep' had collection(s): count=1 time=3960ms
2019-11-05 17:26:47,899 [Thread-1900] WARN  util.JavaUtils (JavaUtils.java:sleep(246)) - Unexpected long sleep: sleep(5120ms) actually took 9360ms which is over the threshold 300ms
2019-11-05 17:26:47,901 [Thread-1901] WARN  util.JavaUtils (JavaUtils.java:sleep(246)) - Unexpected long sleep: sleep(5018ms) actually took 9362ms which is over the threshold 300ms
2019-11-05 17:26:47,920 [org.apache.hadoop.util.JvmPauseMonitor$Monitor@379ee118] INFO  util.JvmPauseMonitor (JvmPauseMonitor.java:run(205)) - Detected pause in JVM or host machine (eg GC): pause of approximately 4521ms
GC pool 'PS MarkSweep' had collection(s): count=1 time=4464ms
2019-11-05 17:26:47,921 [org.apache.hadoop.util.JvmPauseMonitor$Monitor@701bbc83] INFO  util.JvmPauseMonitor (JvmPauseMonitor.java:run(205)) - Detected pause in JVM or host machine (eg GC): pause of approximately 4522ms
GC pool 'PS MarkSweep' had collection(s): count=1 time=4464ms
2019-11-05 17:26:47,923 [org.apache.hadoop.util.JvmPauseMonitor$Monitor@431b2b35] INFO  util.JvmPauseMonitor (JvmPauseMonitor.java:run(205)) - Detected pause in JVM or host machine (eg GC): pause of approximately 4524ms
GC pool 'PS MarkSweep' had collection(s): count=1 time=4464ms
2019-11-05 17:26:47,924 [org.apache.hadoop.util.JvmPauseMonitor$Monitor@3fa2a602] INFO  util.JvmPauseMonitor (JvmPauseMonitor.java:run(205)) - Detected pause in JVM or host machine (eg GC): pause of approximately 4525ms
GC pool 'PS MarkSweep' had collection(s): count=1 time=4464ms
2019-11-05 17:26:52,751 [org.apache.hadoop.util.JvmPauseMonitor$Monitor@3fa2a602] INFO  util.JvmPauseMonitor (JvmPauseMonitor.java:run(205)) - Detected pause in JVM or host machine (eg GC): pause of approximately 4327ms
GC pool 'PS MarkSweep' had collection(s): count=1 time=4346ms
2019-11-05 17:26:52,751 [org.apache.hadoop.util.JvmPauseMonitor$Monitor@431b2b35] INFO  util.JvmPauseMonitor (JvmPauseMonitor.java:run(205)) - Detected pause in JVM or host machine (eg GC): pause of approximately 4327ms
GC pool 'PS MarkSweep' had collection(s): count=1 time=4346ms
2019-11-05 17:26:52,751 [org.apache.hadoop.util.JvmPauseMonitor$Monitor@701bbc83] INFO  util.JvmPauseMonitor (JvmPauseMonitor.java:run(205)) - Detected pause in JVM or host machine (eg GC): pause of approximately 4330ms
GC pool 'PS MarkSweep' had collection(s): count=1 time=4346ms
2019-11-05 17:26:52,752 [org.apache.hadoop.util.JvmPauseMonitor$Monitor@379ee118] INFO  util.JvmPauseMonitor (JvmPauseMonitor.java:run(205)) - Detected pause in JVM or host machine (eg GC): pause of approximately 4331ms
GC pool 'PS MarkSweep' had collection(s): count=1 time=4346ms
2019-11-05 17:26:58,022 [Thread-1901] INFO  impl.FollowerState (FollowerState.java:run(111)) - 9090956c-016d-4394-9cf0-fb5de799cf00@group-D666A8A026E7-FollowerState: change to CANDIDATE, lastRpcTime:5279ms, electionTimeout:5082ms
2019-11-05 17:26:58,022 [Thread-1901] INFO  impl.RoleInfo (RoleInfo.java:shutdownFollowerState(121)) - 9090956c-016d-4394-9cf0-fb5de799cf00: shutdown FollowerState
2019-11-05 17:26:58,022 [Thread-1901] INFO  impl.RaftServerImpl (RaftServerImpl.java:setRole(173)) - 9090956c-016d-4394-9cf0-fb5de799cf00@group-D666A8A026E7: changes role from  FOLLOWER to CANDIDATE at term 2 for changeToCandidate
2019-11-05 17:26:58,022 [Thread-1901] INFO  impl.RoleInfo (RoleInfo.java:updateAndGet(143)) - 9090956c-016d-4394-9cf0-fb5de799cf00: start LeaderElection
2019-11-05 17:26:58,023 [9090956c-016d-4394-9cf0-fb5de799cf00@group-D666A8A026E7-LeaderElection45] INFO  impl.RaftServerImpl (ServerState.java:setLeader(255)) - 9090956c-016d-4394-9cf0-fb5de799cf00@group-D666A8A026E7: change Leader from 6b26fbdf-6bee-4eca-b994-39b8d7390060 to null at term 2 for initElection
2019-11-05 17:26:58,050 [9090956c-016d-4394-9cf0-fb5de799cf00@group-D666A8A026E7-LeaderElection45] INFO  impl.LeaderElection (LeaderElection.java:askForVotes(178)) - 9090956c-016d-4394-9cf0-fb5de799cf00@group-D666A8A026E7-LeaderElection45: begin an election at term 3 for 1: [9090956c-016d-4394-9cf0-fb5de799cf00:192.168.157.254:43938, 4a44a329-e613-4208-b662-e2f3951a28dc:192.168.157.254:43776, 6b26fbdf-6bee-4eca-b994-39b8d7390060:192.168.157.254:36950], old=null
2019-11-05 17:26:58,120 [org.apache.hadoop.util.JvmPauseMonitor$Monitor@379ee118] INFO  util.JvmPauseMonitor (JvmPauseMonitor.java:run(205)) - Detected pause in JVM or host machine (eg GC): pause of approximately 4867ms
GC pool 'PS MarkSweep' had collection(s): count=1 time=4791ms
2019-11-05 17:26:58,120 [org.apache.hadoop.util.JvmPauseMonitor$Monitor@701bbc83] INFO  util.JvmPauseMonitor (JvmPauseMonitor.java:run(205)) - Detected pause in JVM or host machine (eg GC): pause of approximately 4868ms
GC pool 'PS MarkSweep' had collection(s): count=1 time=4791ms
2019-11-05 17:26:58,120 [org.apache.hadoop.util.JvmPauseMonitor$Monitor@431b2b35] INFO  util.JvmPauseMonitor (JvmPauseMonitor.java:run(205)) - Detected pause in JVM or host machine (eg GC): pause of approximately 4868ms
GC pool 'PS MarkSweep' had collection(s): count=1 time=4791ms
2019-11-05 17:26:58,133 [Thread-1902] INFO  impl.RaftServerImpl (ServerState.java:setLeader(255)) - 6b26fbdf-6bee-4eca-b994-39b8d7390060@group-D666A8A026E7: change Leader from 6b26fbdf-6bee-4eca-b994-39b8d7390060 to null at term 3 for updateCurrentTerm
2019-11-05 17:26:58,133 [Thread-1902] INFO  impl.RaftServerImpl (RaftServerImpl.java:setRole(173)) - 6b26fbdf-6bee-4eca-b994-39b8d7390060@group-D666A8A026E7: changes role from    LEADER to FOLLOWER at term 3 for stepDown
2019-11-05 17:26:58,133 [Thread-1902] INFO  impl.RoleInfo (RoleInfo.java:shutdownLeaderState(104)) - 6b26fbdf-6bee-4eca-b994-39b8d7390060: shutdown LeaderState
2019-11-05 17:26:58,170 [org.apache.ratis.server.impl.LogAppender$AppenderDaemon$$Lambda$509/276562488@17d5d572] WARN  server.GrpcLogAppender (GrpcLogAppender.java:mayWait(151)) - 6b26fbdf-6bee-4eca-b994-39b8d7390060@group-D666A8A026E7->9090956c-016d-4394-9cf0-fb5de799cf00-GrpcLogAppender: Wait interrupted by java.lang.InterruptedException
2019-11-05 17:26:58,171 [grpc-default-executor-3] INFO  server.GrpcServerProtocolService (GrpcServerProtocolService.java:onCompleted(113)) - 9090956c-016d-4394-9cf0-fb5de799cf00: Completed APPEND_ENTRIES, lastRequest: 6b26fbdf-6bee-4eca-b994-39b8d7390060->9090956c-016d-4394-9cf0-fb5de799cf00#12-t2, previous=(t:2, i:2), leaderCommit=2, initializing? false, entries: <empty>
2019-11-05 17:26:58,172 [grpc-default-executor-3] INFO  server.GrpcLogAppender (GrpcLogAppender.java:onCompleted(308)) - 6b26fbdf-6bee-4eca-b994-39b8d7390060@group-D666A8A026E7->9090956c-016d-4394-9cf0-fb5de799cf00-AppendLogResponseHandler: follower responses appendEntries COMPLETED
2019-11-05 17:26:58,178 [org.apache.hadoop.util.JvmPauseMonitor$Monitor@3fa2a602] INFO  util.JvmPauseMonitor (JvmPauseMonitor.java:run(205)) - Detected pause in JVM or host machine (eg GC): pause of approximately 4868ms
GC pool 'PS MarkSweep' had collection(s): count=1 time=4791ms
2019-11-05 17:26:58,198 [org.apache.ratis.server.impl.LogAppender$AppenderDaemon$$Lambda$509/276562488@52d759ec] WARN  server.GrpcLogAppender (GrpcLogAppender.java:mayWait(151)) - 6b26fbdf-6bee-4eca-b994-39b8d7390060@group-D666A8A026E7->4a44a329-e613-4208-b662-e2f3951a28dc-GrpcLogAppender: Wait interrupted by java.lang.InterruptedException
2019-11-05 17:26:58,199 [grpc-default-executor-6] INFO  server.GrpcServerProtocolService (GrpcServerProtocolService.java:onCompleted(113)) - 4a44a329-e613-4208-b662-e2f3951a28dc: Completed APPEND_ENTRIES, lastRequest: 6b26fbdf-6bee-4eca-b994-39b8d7390060->4a44a329-e613-4208-b662-e2f3951a28dc#12-t2, previous=(t:2, i:2), leaderCommit=2, initializing? false, entries: <empty>
2019-11-05 17:26:58,257 [Thread-1902] INFO  impl.PendingRequests (PendingRequests.java:sendNotLeaderResponses(206)) - 6b26fbdf-6bee-4eca-b994-39b8d7390060@group-D666A8A026E7-PendingRequests: sendNotLeaderResponses
2019-11-05 17:26:58,297 [grpc-default-executor-3] INFO  impl.FollowerInfo (FollowerInfo.java:lambda$new$0(51)) - 6b26fbdf-6bee-4eca-b994-39b8d7390060@group-D666A8A026E7->9090956c-016d-4394-9cf0-fb5de799cf00: nextIndex: updateUnconditionally 3 -> 2
2019-11-05 17:26:58,298 [Thread-1902] INFO  impl.RoleInfo (RoleInfo.java:updateAndGet(143)) - 6b26fbdf-6bee-4eca-b994-39b8d7390060: start FollowerState
2019-11-05 17:26:58,298 [grpc-default-executor-6] INFO  server.GrpcLogAppender (GrpcLogAppender.java:onCompleted(308)) - 6b26fbdf-6bee-4eca-b994-39b8d7390060@group-D666A8A026E7->4a44a329-e613-4208-b662-e2f3951a28dc-AppendLogResponseHandler: follower responses appendEntries COMPLETED
2019-11-05 17:26:58,321 [grpc-default-executor-6] INFO  impl.FollowerInfo (FollowerInfo.java:lambda$new$0(51)) - 6b26fbdf-6bee-4eca-b994-39b8d7390060@group-D666A8A026E7->4a44a329-e613-4208-b662-e2f3951a28dc: nextIndex: updateUnconditionally 3 -> 2
2019-11-05 17:26:58,362 [grpc-default-executor-1] INFO  impl.RaftServerImpl (RaftServerImpl.java:setRole(173)) - 6b26fbdf-6bee-4eca-b994-39b8d7390060@group-D666A8A026E7: changes role from  FOLLOWER to FOLLOWER at term 3 for recognizeCandidate:9090956c-016d-4394-9cf0-fb5de799cf00
2019-11-05 17:26:58,363 [grpc-default-executor-1] INFO  impl.RoleInfo (RoleInfo.java:shutdownFollowerState(121)) - 6b26fbdf-6bee-4eca-b994-39b8d7390060: shutdown FollowerState
2019-11-05 17:26:58,363 [grpc-default-executor-1] INFO  impl.RoleInfo (RoleInfo.java:updateAndGet(143)) - 6b26fbdf-6bee-4eca-b994-39b8d7390060: start FollowerState
2019-11-05 17:26:58,363 [Thread-1936] INFO  impl.FollowerState (FollowerState.java:run(120)) - 6b26fbdf-6bee-4eca-b994-39b8d7390060@group-D666A8A026E7-FollowerState was interrupted: java.lang.InterruptedException: sleep interrupted
2019-11-05 17:26:58,368 [grpc-default-executor-4] INFO  impl.RaftServerImpl (ServerState.java:setLeader(255)) - 4a44a329-e613-4208-b662-e2f3951a28dc@group-D666A8A026E7: change Leader from 6b26fbdf-6bee-4eca-b994-39b8d7390060 to null at term 3 for updateCurrentTerm
2019-11-05 17:26:58,368 [grpc-default-executor-4] INFO  impl.RaftServerImpl (RaftServerImpl.java:setRole(173)) - 4a44a329-e613-4208-b662-e2f3951a28dc@group-D666A8A026E7: changes role from  FOLLOWER to FOLLOWER at term 3 for recognizeCandidate:9090956c-016d-4394-9cf0-fb5de799cf00
2019-11-05 17:26:58,368 [grpc-default-executor-4] INFO  impl.RoleInfo (RoleInfo.java:shutdownFollowerState(121)) - 4a44a329-e613-4208-b662-e2f3951a28dc: shutdown FollowerState
2019-11-05 17:26:58,388 [grpc-default-executor-4] INFO  impl.RoleInfo (RoleInfo.java:updateAndGet(143)) - 4a44a329-e613-4208-b662-e2f3951a28dc: start FollowerState
2019-11-05 17:26:58,388 [Thread-1900] INFO  impl.FollowerState (FollowerState.java:run(120)) - 4a44a329-e613-4208-b662-e2f3951a28dc@group-D666A8A026E7-FollowerState was interrupted: java.lang.InterruptedException: sleep interrupted
2019-11-05 17:26:58,450 [9090956c-016d-4394-9cf0-fb5de799cf00@group-D666A8A026E7-LeaderElection45] INFO  impl.LeaderElection (LeaderElection.java:logAndReturn(56)) - 9090956c-016d-4394-9cf0-fb5de799cf00@group-D666A8A026E7-LeaderElection45: Election PASSED; received 1 response(s) [9090956c-016d-4394-9cf0-fb5de799cf00<-4a44a329-e613-4208-b662-e2f3951a28dc#0:OK-t3] and 0 exception(s); 9090956c-016d-4394-9cf0-fb5de799cf00@group-D666A8A026E7:t3, leader=null, voted=9090956c-016d-4394-9cf0-fb5de799cf00, raftlog=9090956c-016d-4394-9cf0-fb5de799cf00@group-D666A8A026E7-SegmentedRaftLog:OPENED:c2,f2,i2, conf=1: [9090956c-016d-4394-9cf0-fb5de799cf00:192.168.157.254:43938, 4a44a329-e613-4208-b662-e2f3951a28dc:192.168.157.254:43776, 6b26fbdf-6bee-4eca-b994-39b8d7390060:192.168.157.254:36950], old=null
2019-11-05 17:26:58,450 [9090956c-016d-4394-9cf0-fb5de799cf00@group-D666A8A026E7-LeaderElection45] INFO  impl.RoleInfo (RoleInfo.java:shutdownLeaderElection(134)) - 9090956c-016d-4394-9cf0-fb5de799cf00: shutdown LeaderElection
2019-11-05 17:26:58,450 [9090956c-016d-4394-9cf0-fb5de799cf00@group-D666A8A026E7-LeaderElection45] INFO  impl.RaftServerImpl (RaftServerImpl.java:setRole(173)) - 9090956c-016d-4394-9cf0-fb5de799cf00@group-D666A8A026E7: changes role from CANDIDATE to LEADER at term 3 for changeToLeader
2019-11-05 17:26:58,450 [9090956c-016d-4394-9cf0-fb5de799cf00@group-D666A8A026E7-LeaderElection45] INFO  impl.RaftServerImpl (ServerState.java:setLeader(255)) - 9090956c-016d-4394-9cf0-fb5de799cf00@group-D666A8A026E7: change Leader from null to 9090956c-016d-4394-9cf0-fb5de799cf00 at term 3 for becomeLeader, leader elected after 427ms
2019-11-05 17:26:58,451 [9090956c-016d-4394-9cf0-fb5de799cf00@group-D666A8A026E7-LeaderElection45] INFO  server.RaftServerConfigKeys (ConfUtils.java:logGet(43)) - raft.server.staging.catchup.gap = 1000 (default)
2019-11-05 17:26:58,451 [9090956c-016d-4394-9cf0-fb5de799cf00@group-D666A8A026E7-LeaderElection45] INFO  server.RaftServerConfigKeys (ConfUtils.java:logGet(43)) - raft.server.rpc.sleep.time = 25ms (default)
2019-11-05 17:26:58,451 [9090956c-016d-4394-9cf0-fb5de799cf00@group-D666A8A026E7-LeaderElection45] INFO  server.RaftServerConfigKeys (ConfUtils.java:logGet(43)) - raft.server.write.element-limit = 4096 (default)
2019-11-05 17:26:58,451 [9090956c-016d-4394-9cf0-fb5de799cf00@group-D666A8A026E7-LeaderElection45] INFO  server.RaftServerConfigKeys (ConfUtils.java:logGet(43)) - raft.server.watch.timeout = 10s (default)
2019-11-05 17:26:58,451 [9090956c-016d-4394-9cf0-fb5de799cf00@group-D666A8A026E7-LeaderElection45] INFO  server.RaftServerConfigKeys (ConfUtils.java:logGet(43)) - raft.server.watch.timeout.denomination = 1s (default)
2019-11-05 17:26:58,451 [9090956c-016d-4394-9cf0-fb5de799cf00@group-D666A8A026E7-LeaderElection45] INFO  server.RaftServerConfigKeys (ConfUtils.java:logGet(43)) - raft.server.watch.element-limit = 65536 (default)
2019-11-05 17:26:58,452 [9090956c-016d-4394-9cf0-fb5de799cf00@group-D666A8A026E7-LeaderElection45] INFO  server.RaftServerConfigKeys (ConfUtils.java:logGet(43)) - raft.server.log.appender.snapshot.chunk.size.max = 16MB (=16777216) (default)
2019-11-05 17:26:58,458 [9090956c-016d-4394-9cf0-fb5de799cf00@group-D666A8A026E7-LeaderElection45] INFO  server.RaftServerConfigKeys (ConfUtils.java:logGet(43)) - raft.server.log.appender.buffer.byte-limit = 33554432 (custom)
2019-11-05 17:26:58,458 [9090956c-016d-4394-9cf0-fb5de799cf00@group-D666A8A026E7-LeaderElection45] INFO  server.RaftServerConfigKeys (ConfUtils.java:logGet(43)) - raft.server.log.appender.buffer.element-limit = 1 (custom)
2019-11-05 17:26:58,460 [9090956c-016d-4394-9cf0-fb5de799cf00@group-D666A8A026E7-LeaderElection45] INFO  grpc.GrpcConfigKeys$Server (ConfUtils.java:logGet(43)) - raft.grpc.server.leader.outstanding.appends.max = 128 (default)
2019-11-05 17:26:58,460 [9090956c-016d-4394-9cf0-fb5de799cf00@group-D666A8A026E7-LeaderElection45] INFO  server.RaftServerConfigKeys (ConfUtils.java:logGet(43)) - raft.server.rpc.request.timeout = 3000ms (default)
2019-11-05 17:26:58,460 [9090956c-016d-4394-9cf0-fb5de799cf00@group-D666A8A026E7-LeaderElection45] INFO  server.RaftServerConfigKeys (ConfUtils.java:logGet(43)) - raft.server.log.appender.install.snapshot.enabled = false (custom)
2019-11-05 17:26:58,461 [9090956c-016d-4394-9cf0-fb5de799cf00@group-D666A8A026E7-LeaderElection45] INFO  server.RaftServerConfigKeys (ConfUtils.java:logGet(43)) - raft.server.log.appender.snapshot.chunk.size.max = 16MB (=16777216) (default)
2019-11-05 17:26:58,461 [9090956c-016d-4394-9cf0-fb5de799cf00@group-D666A8A026E7-LeaderElection45] INFO  server.RaftServerConfigKeys (ConfUtils.java:logGet(43)) - raft.server.log.appender.buffer.byte-limit = 33554432 (custom)
2019-11-05 17:26:58,461 [9090956c-016d-4394-9cf0-fb5de799cf00@group-D666A8A026E7-LeaderElection45] INFO  server.RaftServerConfigKeys (ConfUtils.java:logGet(43)) - raft.server.log.appender.buffer.element-limit = 1 (custom)
2019-11-05 17:26:58,461 [9090956c-016d-4394-9cf0-fb5de799cf00@group-D666A8A026E7-LeaderElection45] INFO  grpc.GrpcConfigKeys$Server (ConfUtils.java:logGet(43)) - raft.grpc.server.leader.outstanding.appends.max = 128 (default)
2019-11-05 17:26:58,461 [9090956c-016d-4394-9cf0-fb5de799cf00@group-D666A8A026E7-LeaderElection45] INFO  server.RaftServerConfigKeys (ConfUtils.java:logGet(43)) - raft.server.rpc.request.timeout = 3000ms (default)
2019-11-05 17:26:58,462 [9090956c-016d-4394-9cf0-fb5de799cf00@group-D666A8A026E7-LeaderElection45] INFO  server.RaftServerConfigKeys (ConfUtils.java:logGet(43)) - raft.server.log.appender.install.snapshot.enabled = false (custom)
2019-11-05 17:26:58,462 [9090956c-016d-4394-9cf0-fb5de799cf00@group-D666A8A026E7-LeaderElection45] INFO  impl.RoleInfo (RoleInfo.java:updateAndGet(143)) - 9090956c-016d-4394-9cf0-fb5de799cf00: start LeaderState
2019-11-05 17:26:58,462 [9090956c-016d-4394-9cf0-fb5de799cf00@group-D666A8A026E7-LeaderElection45] INFO  segmented.SegmentedRaftLogWorker (SegmentedRaftLogWorker.java:rollLogSegment(390)) - 9090956c-016d-4394-9cf0-fb5de799cf00@group-D666A8A026E7-SegmentedRaftLogWorker: Rolling segment log-1_2 to index:2
2019-11-05 17:26:58,463 [9090956c-016d-4394-9cf0-fb5de799cf00@group-D666A8A026E7-SegmentedRaftLogWorker] INFO  segmented.SegmentedRaftLogWorker (SegmentedRaftLogWorker.java:execute(533)) - 9090956c-016d-4394-9cf0-fb5de799cf00@group-D666A8A026E7-SegmentedRaftLogWorker: Rolled log segment from /workdir/hadoop-ozone/ozonefs/target/test-dir/MiniOzoneClusterImpl-501a243b-a211-4214-91e5-f40f4c8fcccf/datanode-1/data/ratis/3bbbff16-0253-4c3d-afd4-d666a8a026e7/current/log_inprogress_1 to /workdir/hadoop-ozone/ozonefs/target/test-dir/MiniOzoneClusterImpl-501a243b-a211-4214-91e5-f40f4c8fcccf/datanode-1/data/ratis/3bbbff16-0253-4c3d-afd4-d666a8a026e7/current/log_1-2
2019-11-05 17:26:58,491 [9090956c-016d-4394-9cf0-fb5de799cf00@group-D666A8A026E7-LeaderElection45] INFO  impl.RaftServerImpl (ServerState.java:setRaftConf(356)) - 9090956c-016d-4394-9cf0-fb5de799cf00@group-D666A8A026E7: set configuration 3: [9090956c-016d-4394-9cf0-fb5de799cf00:192.168.157.254:43938, 4a44a329-e613-4208-b662-e2f3951a28dc:192.168.157.254:43776, 6b26fbdf-6bee-4eca-b994-39b8d7390060:192.168.157.254:36950], old=null at 3
2019-11-05 17:26:58,493 [grpc-default-executor-4] INFO  impl.RaftServerImpl (ServerState.java:setLeader(255)) - 4a44a329-e613-4208-b662-e2f3951a28dc@group-D666A8A026E7: change Leader from null to 9090956c-016d-4394-9cf0-fb5de799cf00 at term 3 for appendEntries, leader elected after 124ms
2019-11-05 17:26:58,517 [grpc-default-executor-4] INFO  impl.RaftServerImpl (ServerState.java:setLeader(255)) - 6b26fbdf-6bee-4eca-b994-39b8d7390060@group-D666A8A026E7: change Leader from null to 9090956c-016d-4394-9cf0-fb5de799cf00 at term 3 for appendEntries, leader elected after 384ms
2019-11-05 17:26:58,518 [grpc-default-executor-4] INFO  impl.RaftServerImpl (ServerState.java:setRaftConf(356)) - 4a44a329-e613-4208-b662-e2f3951a28dc@group-D666A8A026E7: set configuration 3: [9090956c-016d-4394-9cf0-fb5de799cf00:192.168.157.254:43938, 4a44a329-e613-4208-b662-e2f3951a28dc:192.168.157.254:43776, 6b26fbdf-6bee-4eca-b994-39b8d7390060:192.168.157.254:36950], old=null at 3
2019-11-05 17:26:58,518 [grpc-default-executor-4] INFO  segmented.SegmentedRaftLogWorker (SegmentedRaftLogWorker.java:rollLogSegment(390)) - 4a44a329-e613-4208-b662-e2f3951a28dc@group-D666A8A026E7-SegmentedRaftLogWorker: Rolling segment log-1_2 to index:2
2019-11-05 17:26:58,531 [grpc-default-executor-1] INFO  impl.RaftServerImpl (ServerState.java:setRaftConf(356)) - 6b26fbdf-6bee-4eca-b994-39b8d7390060@group-D666A8A026E7: set configuration 3: [9090956c-016d-4394-9cf0-fb5de799cf00:192.168.157.254:43938, 4a44a329-e613-4208-b662-e2f3951a28dc:192.168.157.254:43776, 6b26fbdf-6bee-4eca-b994-39b8d7390060:192.168.157.254:36950], old=null at 3
2019-11-05 17:26:58,532 [grpc-default-executor-1] INFO  segmented.SegmentedRaftLogWorker (SegmentedRaftLogWorker.java:rollLogSegment(390)) - 6b26fbdf-6bee-4eca-b994-39b8d7390060@group-D666A8A026E7-SegmentedRaftLogWorker: Rolling segment log-1_2 to index:2
2019-11-05 17:26:58,538 [4a44a329-e613-4208-b662-e2f3951a28dc@group-D666A8A026E7-SegmentedRaftLogWorker] INFO  segmented.SegmentedRaftLogWorker (SegmentedRaftLogWorker.java:execute(533)) - 4a44a329-e613-4208-b662-e2f3951a28dc@group-D666A8A026E7-SegmentedRaftLogWorker: Rolled log segment from /workdir/hadoop-ozone/ozonefs/target/test-dir/MiniOzoneClusterImpl-501a243b-a211-4214-91e5-f40f4c8fcccf/datanode-2/data/ratis/3bbbff16-0253-4c3d-afd4-d666a8a026e7/current/log_inprogress_1 to /workdir/hadoop-ozone/ozonefs/target/test-dir/MiniOzoneClusterImpl-501a243b-a211-4214-91e5-f40f4c8fcccf/datanode-2/data/ratis/3bbbff16-0253-4c3d-afd4-d666a8a026e7/current/log_1-2
2019-11-05 17:26:58,538 [6b26fbdf-6bee-4eca-b994-39b8d7390060@group-D666A8A026E7-SegmentedRaftLogWorker] INFO  segmented.SegmentedRaftLogWorker (SegmentedRaftLogWorker.java:execute(533)) - 6b26fbdf-6bee-4eca-b994-39b8d7390060@group-D666A8A026E7-SegmentedRaftLogWorker: Rolled log segment from /workdir/hadoop-ozone/ozonefs/target/test-dir/MiniOzoneClusterImpl-501a243b-a211-4214-91e5-f40f4c8fcccf/datanode-0/data/ratis/3bbbff16-0253-4c3d-afd4-d666a8a026e7/current/log_inprogress_1 to /workdir/hadoop-ozone/ozonefs/target/test-dir/MiniOzoneClusterImpl-501a243b-a211-4214-91e5-f40f4c8fcccf/datanode-0/data/ratis/3bbbff16-0253-4c3d-afd4-d666a8a026e7/current/log_1-2
2019-11-05 17:26:58,539 [9090956c-016d-4394-9cf0-fb5de799cf00@group-D666A8A026E7-SegmentedRaftLogWorker] INFO  segmented.SegmentedRaftLogWorker (SegmentedRaftLogWorker.java:execute(576)) - 9090956c-016d-4394-9cf0-fb5de799cf00@group-D666A8A026E7-SegmentedRaftLogWorker: created new log segment /workdir/hadoop-ozone/ozonefs/target/test-dir/MiniOzoneClusterImpl-501a243b-a211-4214-91e5-f40f4c8fcccf/datanode-1/data/ratis/3bbbff16-0253-4c3d-afd4-d666a8a026e7/current/log_inprogress_3
2019-11-05 17:26:58,645 [6b26fbdf-6bee-4eca-b994-39b8d7390060@group-D666A8A026E7-SegmentedRaftLogWorker] INFO  segmented.SegmentedRaftLogWorker (SegmentedRaftLogWorker.java:execute(576)) - 6b26fbdf-6bee-4eca-b994-39b8d7390060@group-D666A8A026E7-SegmentedRaftLogWorker: created new log segment /workdir/hadoop-ozone/ozonefs/target/test-dir/MiniOzoneClusterImpl-501a243b-a211-4214-91e5-f40f4c8fcccf/datanode-0/data/ratis/3bbbff16-0253-4c3d-afd4-d666a8a026e7/current/log_inprogress_3
2019-11-05 17:26:58,645 [4a44a329-e613-4208-b662-e2f3951a28dc@group-D666A8A026E7-SegmentedRaftLogWorker] INFO  segmented.SegmentedRaftLogWorker (SegmentedRaftLogWorker.java:execute(576)) - 4a44a329-e613-4208-b662-e2f3951a28dc@group-D666A8A026E7-SegmentedRaftLogWorker: created new log segment /workdir/hadoop-ozone/ozonefs/target/test-dir/MiniOzoneClusterImpl-501a243b-a211-4214-91e5-f40f4c8fcccf/datanode-2/data/ratis/3bbbff16-0253-4c3d-afd4-d666a8a026e7/current/log_inprogress_3
2019-11-05 17:27:03,244 [org.apache.hadoop.util.JvmPauseMonitor$Monitor@431b2b35] INFO  util.JvmPauseMonitor (JvmPauseMonitor.java:run(205)) - Detected pause in JVM or host machine (eg GC): pause of approximately 4123ms
GC pool 'PS MarkSweep' had collection(s): count=1 time=4363ms
2019-11-05 17:27:03,244 [org.apache.hadoop.util.JvmPauseMonitor$Monitor@701bbc83] INFO  util.JvmPauseMonitor (JvmPauseMonitor.java:run(205)) - Detected pause in JVM or host machine (eg GC): pause of approximately 4124ms
GC pool 'PS MarkSweep' had collection(s): count=1 time=4363ms
2019-11-05 17:27:03,244 [org.apache.hadoop.util.JvmPauseMonitor$Monitor@3fa2a602] INFO  util.JvmPauseMonitor (JvmPauseMonitor.java:run(205)) - Detected pause in JVM or host machine (eg GC): pause of approximately 4056ms
GC pool 'PS MarkSweep' had collection(s): count=1 time=4363ms
2019-11-05 17:27:03,244 [org.apache.hadoop.util.JvmPauseMonitor$Monitor@379ee118] INFO  util.JvmPauseMonitor (JvmPauseMonitor.java:run(205)) - Detected pause in JVM or host machine (eg GC): pause of approximately 4124ms
GC pool 'PS MarkSweep' had collection(s): count=1 time=4363ms
2019-11-05 17:27:08,163 [org.apache.hadoop.util.JvmPauseMonitor$Monitor@379ee118] INFO  util.JvmPauseMonitor (JvmPauseMonitor.java:run(205)) - Detected pause in JVM or host machine (eg GC): pause of approximately 4418ms
GC pool 'PS MarkSweep' had collection(s): count=1 time=4710ms
2019-11-05 17:27:08,163 [org.apache.hadoop.util.JvmPauseMonitor$Monitor@3fa2a602] INFO  util.JvmPauseMonitor (JvmPauseMonitor.java:run(205)) - Detected pause in JVM or host machine (eg GC): pause of approximately 4418ms
GC pool 'PS MarkSweep' had collection(s): count=1 time=4710ms
2019-11-05 17:27:08,163 [org.apache.hadoop.util.JvmPauseMonitor$Monitor@701bbc83] INFO  util.JvmPauseMonitor (JvmPauseMonitor.java:run(205)) - Detected pause in JVM or host machine (eg GC): pause of approximately 4418ms
GC pool 'PS MarkSweep' had collection(s): count=1 time=4710ms
2019-11-05 17:27:08,163 [org.apache.hadoop.util.JvmPauseMonitor$Monitor@431b2b35] INFO  util.JvmPauseMonitor (JvmPauseMonitor.java:run(205)) - Detected pause in JVM or host machine (eg GC): pause of approximately 4418ms
GC pool 'PS MarkSweep' had collection(s): count=1 time=4710ms
2019-11-05 17:27:08,163 [Thread-1938] WARN  util.JavaUtils (JavaUtils.java:sleep(246)) - Unexpected long sleep: sleep(5198ms) actually took 9753ms which is over the threshold 300ms
2019-11-05 17:27:12,056 [org.apache.hadoop.util.JvmPauseMonitor$Monitor@431b2b35] INFO  util.JvmPauseMonitor (JvmPauseMonitor.java:run(205)) - Detected pause in JVM or host machine (eg GC): pause of approximately 3393ms
GC pool 'PS MarkSweep' had collection(s): count=1 time=3636ms
2019-11-05 17:27:12,057 [org.apache.hadoop.util.JvmPauseMonitor$Monitor@701bbc83] INFO  util.JvmPauseMonitor (JvmPauseMonitor.java:run(205)) - Detected pause in JVM or host machine (eg GC): pause of approximately 3393ms
GC pool 'PS MarkSweep' had collection(s): count=1 time=3636ms
2019-11-05 17:27:12,057 [org.apache.hadoop.util.JvmPauseMonitor$Monitor@3fa2a602] INFO  util.JvmPauseMonitor (JvmPauseMonitor.java:run(205)) - Detected pause in JVM or host machine (eg GC): pause of approximately 3393ms
GC pool 'PS MarkSweep' had collection(s): count=1 time=3636ms
2019-11-05 17:27:12,057 [org.apache.hadoop.util.JvmPauseMonitor$Monitor@379ee118] INFO  util.JvmPauseMonitor (JvmPauseMonitor.java:run(205)) - Detected pause in JVM or host machine (eg GC): pause of approximately 3394ms
GC pool 'PS MarkSweep' had collection(s): count=1 time=3636ms
2019-11-05 17:27:12,057 [Thread-1937] WARN  util.JavaUtils (JavaUtils.java:sleep(246)) - Unexpected long sleep: sleep(5083ms) actually took 8654ms which is over the threshold 300ms
]]></system-out>
  </testcase>
</testsuite>