<?xml version="1.0" encoding="UTF-8"?>
<testsuite xmlns:xsi="http://www.w3.org/2001/XMLSchema-instance" xsi:noNamespaceSchemaLocation="https://maven.apache.org/surefire/maven-surefire-plugin/xsd/surefire-test-report.xsd" name="org.apache.hadoop.ozone.client.rpc.TestFailureHandlingByClient" time="235.209" tests="5" errors="1" skipped="0" failures="0">
  <properties>
    <property name="awt.toolkit" value="sun.awt.X11.XToolkit"/>
    <property name="file.encoding.pkg" value="sun.io"/>
    <property name="java.specification.version" value="1.8"/>
    <property name="sun.cpu.isalist" value=""/>
    <property name="sun.jnu.encoding" value="ANSI_X3.4-1968"/>
    <property name="java.class.path" value="/workdir/hadoop-ozone/integration-test/target/test-classes:/workdir/hadoop-ozone/integration-test/target/classes:/home/user/.m2/repository/org/apache/hadoop/hadoop-ozone-common/0.5.0-SNAPSHOT/hadoop-ozone-common-0.5.0-SNAPSHOT.jar:/home/user/.m2/repository/org/apache/commons/commons-compress/1.4.1/commons-compress-1.4.1.jar:/home/user/.m2/repository/org/tukaani/xz/1.0/xz-1.0.jar:/home/user/.m2/repository/org/apache/hadoop/hadoop-common/3.2.0/hadoop-common-3.2.0.jar:/home/user/.m2/repository/org/apache/hadoop/hadoop-hdfs/3.2.0/hadoop-hdfs-3.2.0.jar:/home/user/.m2/repository/org/apache/hadoop/hadoop-hdfs-client/3.2.0/hadoop-hdfs-client-3.2.0.jar:/home/user/.m2/repository/com/fasterxml/jackson/core/jackson-annotations/2.9.9/jackson-annotations-2.9.9.jar:/home/user/.m2/repository/org/apache/hadoop/hadoop-hdds-common/0.5.0-SNAPSHOT/hadoop-hdds-common-0.5.0-SNAPSHOT.jar:/home/user/.m2/repository/javax/annotation/javax.annotation-api/1.2/javax.annotation-api-1.2.jar:/home/user/.m2/repository/org/apache/ratis/ratis-server/0.5.0-d6d58d0-SNAPSHOT/ratis-server-0.5.0-d6d58d0-SNAPSHOT.jar:/home/user/.m2/repository/org/apache/ratis/ratis-thirdparty-misc/0.2.0/ratis-thirdparty-misc-0.2.0.jar:/home/user/.m2/repository/org/apache/ratis/ratis-proto/0.5.0-d6d58d0-SNAPSHOT/ratis-proto-0.5.0-d6d58d0-SNAPSHOT.jar:/home/user/.m2/repository/org/apache/ratis/ratis-common/0.5.0-d6d58d0-SNAPSHOT/ratis-common-0.5.0-d6d58d0-SNAPSHOT.jar:/home/user/.m2/repository/org/apache/ratis/ratis-client/0.5.0-d6d58d0-SNAPSHOT/ratis-client-0.5.0-d6d58d0-SNAPSHOT.jar:/home/user/.m2/repository/org/apache/ratis/ratis-metrics/0.5.0-d6d58d0-SNAPSHOT/ratis-metrics-0.5.0-d6d58d0-SNAPSHOT.jar:/home/user/.m2/repository/org/apache/ratis/ratis-netty/0.5.0-d6d58d0-SNAPSHOT/ratis-netty-0.5.0-d6d58d0-SNAPSHOT.jar:/home/user/.m2/repository/org/apache/ratis/ratis-grpc/0.5.0-d6d58d0-SNAPSHOT/ratis-grpc-0.5.0-d6d58d0-SNAPSHOT.jar:/home/user/.m2/repository/org/rocksdb/rocksdbjni/6.0.1/rocksdbjni-6.0.1.jar:/home/user/.m2/repository/org/apache/logging/log4j/log4j-api/2.11.0/log4j-api-2.11.0.jar:/home/user/.m2/repository/org/apache/logging/log4j/log4j-core/2.11.0/log4j-core-2.11.0.jar:/home/user/.m2/repository/com/lmax/disruptor/3.4.2/disruptor-3.4.2.jar:/home/user/.m2/repository/org/apache/commons/commons-pool2/2.6.0/commons-pool2-2.6.0.jar:/home/user/.m2/repository/org/bouncycastle/bcpkix-jdk15on/1.60/bcpkix-jdk15on-1.60.jar:/home/user/.m2/repository/commons-validator/commons-validator/1.6/commons-validator-1.6.jar:/home/user/.m2/repository/commons-digester/commons-digester/1.8.1/commons-digester-1.8.1.jar:/home/user/.m2/repository/io/jaegertracing/jaeger-client/0.34.0/jaeger-client-0.34.0.jar:/home/user/.m2/repository/io/jaegertracing/jaeger-thrift/0.34.0/jaeger-thrift-0.34.0.jar:/home/user/.m2/repository/org/apache/thrift/libthrift/0.12.0/libthrift-0.12.0.jar:/home/user/.m2/repository/com/squareup/okhttp3/okhttp/3.9.0/okhttp-3.9.0.jar:/home/user/.m2/repository/com/squareup/okio/okio/1.13.0/okio-1.13.0.jar:/home/user/.m2/repository/io/jaegertracing/jaeger-core/0.34.0/jaeger-core-0.34.0.jar:/home/user/.m2/repository/io/jaegertracing/jaeger-tracerresolver/0.34.0/jaeger-tracerresolver-0.34.0.jar:/home/user/.m2/repository/io/opentracing/contrib/opentracing-tracerresolver/0.1.5/opentracing-tracerresolver-0.1.5.jar:/home/user/.m2/repository/io/opentracing/opentracing-util/0.31.0/opentracing-util-0.31.0.jar:/home/user/.m2/repository/io/opentracing/opentracing-api/0.31.0/opentracing-api-0.31.0.jar:/home/user/.m2/repository/io/opentracing/opentracing-noop/0.31.0/opentracing-noop-0.31.0.jar:/home/user/.m2/repository/org/apache/hadoop/hadoop-hdds-server-framework/0.5.0-SNAPSHOT/hadoop-hdds-server-framework-0.5.0-SNAPSHOT.jar:/home/user/.m2/repository/org/apache/hadoop/hadoop-hdds-container-service/0.5.0-SNAPSHOT/hadoop-hdds-container-service-0.5.0-SNAPSHOT.jar:/home/user/.m2/repository/org/apache/hadoop/hadoop-hdds-client/0.5.0-SNAPSHOT/hadoop-hdds-client-0.5.0-SNAPSHOT.jar:/home/user/.m2/repository/org/apache/hadoop/hadoop-hdds-tools/0.5.0-SNAPSHOT/hadoop-hdds-tools-0.5.0-SNAPSHOT.jar:/home/user/.m2/repository/org/apache/hadoop/hadoop-hdds-server-scm/0.5.0-SNAPSHOT/hadoop-hdds-server-scm-0.5.0-SNAPSHOT.jar:/home/user/.m2/repository/org/apache/hadoop/hadoop-hdds-docs/0.5.0-SNAPSHOT/hadoop-hdds-docs-0.5.0-SNAPSHOT.jar:/home/user/.m2/repository/io/dropwizard/metrics/metrics-core/3.2.4/metrics-core-3.2.4.jar:/home/user/.m2/repository/org/hamcrest/hamcrest-all/1.3/hamcrest-all-1.3.jar:/home/user/.m2/repository/org/bouncycastle/bcprov-jdk15on/1.60/bcprov-jdk15on-1.60.jar:/home/user/.m2/repository/info/picocli/picocli/3.9.6/picocli-3.9.6.jar:/home/user/.m2/repository/com/google/protobuf/protobuf-java/2.5.0/protobuf-java-2.5.0.jar:/home/user/.m2/repository/com/google/guava/guava/11.0.2/guava-11.0.2.jar:/home/user/.m2/repository/org/apache/hadoop/hadoop-ozone-ozone-manager/0.5.0-SNAPSHOT/hadoop-ozone-ozone-manager-0.5.0-SNAPSHOT.jar:/home/user/.m2/repository/org/apache/hadoop/hadoop-minikdc/3.2.0/hadoop-minikdc-3.2.0.jar:/home/user/.m2/repository/commons-io/commons-io/2.5/commons-io-2.5.jar:/home/user/.m2/repository/org/apache/kerby/kerb-simplekdc/1.0.1/kerb-simplekdc-1.0.1.jar:/home/user/.m2/repository/org/apache/kerby/kerb-client/1.0.1/kerb-client-1.0.1.jar:/home/user/.m2/repository/org/apache/kerby/kerby-config/1.0.1/kerby-config-1.0.1.jar:/home/user/.m2/repository/org/apache/kerby/kerb-core/1.0.1/kerb-core-1.0.1.jar:/home/user/.m2/repository/org/apache/kerby/kerby-pkix/1.0.1/kerby-pkix-1.0.1.jar:/home/user/.m2/repository/org/apache/kerby/kerby-asn1/1.0.1/kerby-asn1-1.0.1.jar:/home/user/.m2/repository/org/apache/kerby/kerby-util/1.0.1/kerby-util-1.0.1.jar:/home/user/.m2/repository/org/apache/kerby/kerb-common/1.0.1/kerb-common-1.0.1.jar:/home/user/.m2/repository/org/apache/kerby/kerb-crypto/1.0.1/kerb-crypto-1.0.1.jar:/home/user/.m2/repository/org/apache/kerby/kerb-util/1.0.1/kerb-util-1.0.1.jar:/home/user/.m2/repository/org/apache/kerby/token-provider/1.0.1/token-provider-1.0.1.jar:/home/user/.m2/repository/org/apache/kerby/kerb-admin/1.0.1/kerb-admin-1.0.1.jar:/home/user/.m2/repository/org/apache/kerby/kerb-server/1.0.1/kerb-server-1.0.1.jar:/home/user/.m2/repository/org/apache/kerby/kerb-identity/1.0.1/kerb-identity-1.0.1.jar:/home/user/.m2/repository/org/apache/kerby/kerby-xdr/1.0.1/kerby-xdr-1.0.1.jar:/home/user/.m2/repository/org/slf4j/slf4j-log4j12/1.7.25/slf4j-log4j12-1.7.25.jar:/home/user/.m2/repository/org/apache/hadoop/hadoop-ozone-s3gateway/0.5.0-SNAPSHOT/hadoop-ozone-s3gateway-0.5.0-SNAPSHOT.jar:/home/user/.m2/repository/org/jboss/weld/servlet/weld-servlet/2.4.7.Final/weld-servlet-2.4.7.Final.jar:/home/user/.m2/repository/org/glassfish/jersey/containers/jersey-container-servlet-core/2.27/jersey-container-servlet-core-2.27.jar:/home/user/.m2/repository/org/glassfish/hk2/external/javax.inject/2.5.0-b42/javax.inject-2.5.0-b42.jar:/home/user/.m2/repository/org/glassfish/jersey/core/jersey-common/2.27/jersey-common-2.27.jar:/home/user/.m2/repository/org/glassfish/hk2/osgi-resource-locator/1.0.1/osgi-resource-locator-1.0.1.jar:/home/user/.m2/repository/javax/ws/rs/javax.ws.rs-api/2.1/javax.ws.rs-api-2.1.jar:/home/user/.m2/repository/org/glassfish/jersey/ext/cdi/jersey-cdi1x/2.27/jersey-cdi1x-2.27.jar:/home/user/.m2/repository/org/glassfish/jersey/inject/jersey-hk2/2.27/jersey-hk2-2.27.jar:/home/user/.m2/repository/org/glassfish/hk2/hk2-locator/2.5.0-b42/hk2-locator-2.5.0-b42.jar:/home/user/.m2/repository/org/javassist/javassist/3.22.0-CR2/javassist-3.22.0-CR2.jar:/home/user/.m2/repository/org/glassfish/hk2/hk2-api/2.5.0/hk2-api-2.5.0.jar:/home/user/.m2/repository/org/glassfish/hk2/external/jakarta.inject/2.5.0/jakarta.inject-2.5.0.jar:/home/user/.m2/repository/org/glassfish/hk2/hk2-utils/2.5.0/hk2-utils-2.5.0.jar:/home/user/.m2/repository/jakarta/annotation/jakarta.annotation-api/1.3.4/jakarta.annotation-api-1.3.4.jar:/home/user/.m2/repository/org/glassfish/hk2/external/aopalliance-repackaged/2.5.0/aopalliance-repackaged-2.5.0.jar:/home/user/.m2/repository/com/fasterxml/jackson/dataformat/jackson-dataformat-xml/2.9.0/jackson-dataformat-xml-2.9.0.jar:/home/user/.m2/repository/com/fasterxml/jackson/core/jackson-core/2.9.9/jackson-core-2.9.9.jar:/home/user/.m2/repository/com/fasterxml/jackson/module/jackson-module-jaxb-annotations/2.9.9/jackson-module-jaxb-annotations-2.9.9.jar:/home/user/.m2/repository/javax/enterprise/cdi-api/1.2/cdi-api-1.2.jar:/home/user/.m2/repository/javax/el/javax.el-api/3.0.0/javax.el-api-3.0.0.jar:/home/user/.m2/repository/javax/interceptor/javax.interceptor-api/1.2/javax.interceptor-api-1.2.jar:/home/user/.m2/repository/javax/inject/javax.inject/1/javax.inject-1.jar:/home/user/.m2/repository/com/sun/xml/bind/jaxb-impl/2.3.0.1/jaxb-impl-2.3.0.1.jar:/home/user/.m2/repository/com/sun/xml/bind/jaxb-core/2.3.0.1/jaxb-core-2.3.0.1.jar:/home/user/.m2/repository/javax/xml/bind/jaxb-api/2.3.0/jaxb-api-2.3.0.jar:/home/user/.m2/repository/javax/activation/activation/1.1.1/activation-1.1.1.jar:/home/user/.m2/repository/org/apache/hadoop/hadoop-ozone-csi/0.5.0-SNAPSHOT/hadoop-ozone-csi-0.5.0-SNAPSHOT.jar:/home/user/.m2/repository/com/google/protobuf/protobuf-java-util/3.5.1/protobuf-java-util-3.5.1.jar:/home/user/.m2/repository/org/apache/hadoop/hadoop-hdds-config/0.5.0-SNAPSHOT/hadoop-hdds-config-0.5.0-SNAPSHOT.jar:/home/user/.m2/repository/io/grpc/grpc-netty/1.17.1/grpc-netty-1.17.1.jar:/home/user/.m2/repository/io/grpc/grpc-core/1.17.1/grpc-core-1.17.1.jar:/home/user/.m2/repository/io/grpc/grpc-context/1.17.1/grpc-context-1.17.1.jar:/home/user/.m2/repository/com/google/errorprone/error_prone_annotations/2.2.0/error_prone_annotations-2.2.0.jar:/home/user/.m2/repository/org/codehaus/mojo/animal-sniffer-annotations/1.17/animal-sniffer-annotations-1.17.jar:/home/user/.m2/repository/io/opencensus/opencensus-api/0.17.0/opencensus-api-0.17.0.jar:/home/user/.m2/repository/io/opencensus/opencensus-contrib-grpc-metrics/0.17.0/opencensus-contrib-grpc-metrics-0.17.0.jar:/home/user/.m2/repository/io/netty/netty-codec-http2/4.1.30.Final/netty-codec-http2-4.1.30.Final.jar:/home/user/.m2/repository/io/netty/netty-codec-http/4.1.30.Final/netty-codec-http-4.1.30.Final.jar:/home/user/.m2/repository/io/netty/netty-codec/4.1.30.Final/netty-codec-4.1.30.Final.jar:/home/user/.m2/repository/io/netty/netty-handler/4.1.30.Final/netty-handler-4.1.30.Final.jar:/home/user/.m2/repository/io/netty/netty-handler-proxy/4.1.30.Final/netty-handler-proxy-4.1.30.Final.jar:/home/user/.m2/repository/io/netty/netty-codec-socks/4.1.30.Final/netty-codec-socks-4.1.30.Final.jar:/home/user/.m2/repository/io/netty/netty-transport-native-epoll/4.1.30.Final/netty-transport-native-epoll-4.1.30.Final.jar:/home/user/.m2/repository/io/netty/netty-common/4.1.30.Final/netty-common-4.1.30.Final.jar:/home/user/.m2/repository/io/netty/netty-buffer/4.1.30.Final/netty-buffer-4.1.30.Final.jar:/home/user/.m2/repository/io/netty/netty-transport/4.1.30.Final/netty-transport-4.1.30.Final.jar:/home/user/.m2/repository/io/netty/netty-resolver/4.1.30.Final/netty-resolver-4.1.30.Final.jar:/home/user/.m2/repository/io/netty/netty-transport-native-unix-common/4.1.30.Final/netty-transport-native-unix-common-4.1.30.Final.jar:/home/user/.m2/repository/io/grpc/grpc-protobuf/1.17.1/grpc-protobuf-1.17.1.jar:/home/user/.m2/repository/com/google/api/grpc/proto-google-common-protos/1.0.0/proto-google-common-protos-1.0.0.jar:/home/user/.m2/repository/io/grpc/grpc-protobuf-lite/1.17.1/grpc-protobuf-lite-1.17.1.jar:/home/user/.m2/repository/io/grpc/grpc-stub/1.17.1/grpc-stub-1.17.1.jar:/home/user/.m2/repository/org/apache/hadoop/hadoop-ozone-recon/0.5.0-SNAPSHOT/hadoop-ozone-recon-0.5.0-SNAPSHOT.jar:/home/user/.m2/repository/org/apache/hadoop/hadoop-ozone-reconcodegen/0.5.0-SNAPSHOT/hadoop-ozone-reconcodegen-0.5.0-SNAPSHOT.jar:/home/user/.m2/repository/com/google/inject/extensions/guice-multibindings/4.0/guice-multibindings-4.0.jar:/home/user/.m2/repository/com/google/inject/guice/4.0/guice-4.0.jar:/home/user/.m2/repository/aopalliance/aopalliance/1.0/aopalliance-1.0.jar:/home/user/.m2/repository/com/google/inject/extensions/guice-servlet/4.0/guice-servlet-4.0.jar:/home/user/.m2/repository/org/glassfish/jersey/containers/jersey-container-servlet/2.27/jersey-container-servlet-2.27.jar:/home/user/.m2/repository/org/glassfish/hk2/guice-bridge/2.5.0/guice-bridge-2.5.0.jar:/home/user/.m2/repository/org/glassfish/jersey/core/jersey-server/2.27/jersey-server-2.27.jar:/home/user/.m2/repository/org/glassfish/jersey/core/jersey-client/2.27/jersey-client-2.27.jar:/home/user/.m2/repository/org/glassfish/jersey/media/jersey-media-jaxb/2.27/jersey-media-jaxb-2.27.jar:/home/user/.m2/repository/javax/validation/validation-api/1.1.0.Final/validation-api-1.1.0.Final.jar:/home/user/.m2/repository/org/glassfish/jersey/media/jersey-media-json-jackson/2.27/jersey-media-json-jackson-2.27.jar:/home/user/.m2/repository/org/glassfish/jersey/ext/jersey-entity-filtering/2.27/jersey-entity-filtering-2.27.jar:/home/user/.m2/repository/com/google/inject/extensions/guice-assistedinject/4.0/guice-assistedinject-4.0.jar:/home/user/.m2/repository/org/jooq/jooq/3.11.10/jooq-3.11.10.jar:/home/user/.m2/repository/org/jooq/jooq-meta/3.11.10/jooq-meta-3.11.10.jar:/home/user/.m2/repository/org/jooq/jooq-codegen/3.11.10/jooq-codegen-3.11.10.jar:/home/user/.m2/repository/com/jolbox/bonecp/0.8.0.RELEASE/bonecp-0.8.0.RELEASE.jar:/home/user/.m2/repository/org/xerial/sqlite-jdbc/3.25.2/sqlite-jdbc-3.25.2.jar:/home/user/.m2/repository/org/springframework/spring-jdbc/5.1.3.RELEASE/spring-jdbc-5.1.3.RELEASE.jar:/home/user/.m2/repository/org/springframework/spring-beans/5.1.3.RELEASE/spring-beans-5.1.3.RELEASE.jar:/home/user/.m2/repository/org/springframework/spring-core/5.1.3.RELEASE/spring-core-5.1.3.RELEASE.jar:/home/user/.m2/repository/org/springframework/spring-jcl/5.1.3.RELEASE/spring-jcl-5.1.3.RELEASE.jar:/home/user/.m2/repository/org/springframework/spring-tx/5.1.3.RELEASE/spring-tx-5.1.3.RELEASE.jar:/home/user/.m2/repository/org/apache/hadoop/hadoop-ozone-client/0.5.0-SNAPSHOT/hadoop-ozone-client-0.5.0-SNAPSHOT.jar:/home/user/.m2/repository/commons-lang/commons-lang/2.6/commons-lang-2.6.jar:/home/user/.m2/repository/org/apache/hadoop/hadoop-ozone-ozone-manager/0.5.0-SNAPSHOT/hadoop-ozone-ozone-manager-0.5.0-SNAPSHOT-tests.jar:/home/user/.m2/repository/junit/junit/4.11/junit-4.11.jar:/home/user/.m2/repository/org/hamcrest/hamcrest-core/1.3/hamcrest-core-1.3.jar:/home/user/.m2/repository/org/openjdk/jmh/jmh-core/1.19/jmh-core-1.19.jar:/home/user/.m2/repository/net/sf/jopt-simple/jopt-simple/4.6/jopt-simple-4.6.jar:/home/user/.m2/repository/org/apache/commons/commons-math3/3.1.1/commons-math3-3.1.1.jar:/home/user/.m2/repository/org/openjdk/jmh/jmh-generator-annprocess/1.19/jmh-generator-annprocess-1.19.jar:/home/user/.m2/repository/org/mockito/mockito-all/1.8.5/mockito-all-1.8.5.jar:/home/user/.m2/repository/org/apache/hadoop/hadoop-kms/3.2.0/hadoop-kms-3.2.0.jar:/home/user/.m2/repository/org/apache/hadoop/hadoop-auth/3.2.0/hadoop-auth-3.2.0.jar:/home/user/.m2/repository/com/nimbusds/nimbus-jose-jwt/4.41.1/nimbus-jose-jwt-4.41.1.jar:/home/user/.m2/repository/com/github/stephenc/jcip/jcip-annotations/1.0-1/jcip-annotations-1.0-1.jar:/home/user/.m2/repository/net/minidev/json-smart/2.3/json-smart-2.3.jar:/home/user/.m2/repository/net/minidev/accessors-smart/1.2/accessors-smart-1.2.jar:/home/user/.m2/repository/org/ow2/asm/asm/5.0.4/asm-5.0.4.jar:/home/user/.m2/repository/org/apache/curator/curator-framework/2.12.0/curator-framework-2.12.0.jar:/home/user/.m2/repository/com/sun/jersey/jersey-core/1.19/jersey-core-1.19.jar:/home/user/.m2/repository/javax/ws/rs/jsr311-api/1.1.1/jsr311-api-1.1.1.jar:/home/user/.m2/repository/com/sun/jersey/jersey-server/1.19/jersey-server-1.19.jar:/home/user/.m2/repository/javax/servlet/javax.servlet-api/3.1.0/javax.servlet-api-3.1.0.jar:/home/user/.m2/repository/org/eclipse/jetty/jetty-server/9.3.25.v20180904/jetty-server-9.3.25.v20180904.jar:/home/user/.m2/repository/org/eclipse/jetty/jetty-http/9.3.25.v20180904/jetty-http-9.3.25.v20180904.jar:/home/user/.m2/repository/org/eclipse/jetty/jetty-io/9.3.25.v20180904/jetty-io-9.3.25.v20180904.jar:/home/user/.m2/repository/org/eclipse/jetty/jetty-webapp/9.3.25.v20180904/jetty-webapp-9.3.25.v20180904.jar:/home/user/.m2/repository/org/eclipse/jetty/jetty-xml/9.3.25.v20180904/jetty-xml-9.3.25.v20180904.jar:/home/user/.m2/repository/log4j/log4j/1.2.17/log4j-1.2.17.jar:/home/user/.m2/repository/org/slf4j/slf4j-api/1.7.25/slf4j-api-1.7.25.jar:/home/user/.m2/repository/org/slf4j/jul-to-slf4j/1.7.25/jul-to-slf4j-1.7.25.jar:/home/user/.m2/repository/org/eclipse/jetty/jetty-util/9.3.25.v20180904/jetty-util-9.3.25.v20180904.jar:/home/user/.m2/repository/com/fasterxml/jackson/core/jackson-databind/2.9.9/jackson-databind-2.9.9.jar:/home/user/.m2/repository/org/apache/hadoop/hadoop-kms/3.2.0/hadoop-kms-3.2.0-tests.jar:/home/user/.m2/repository/org/apache/hadoop/hadoop-hdds-server-scm/0.5.0-SNAPSHOT/hadoop-hdds-server-scm-0.5.0-SNAPSHOT-tests.jar:/home/user/.m2/repository/org/apache/hadoop/hadoop-hdds-container-service/0.5.0-SNAPSHOT/hadoop-hdds-container-service-0.5.0-SNAPSHOT-tests.jar:/home/user/.m2/repository/org/yaml/snakeyaml/1.16/snakeyaml-1.16.jar:/home/user/.m2/repository/org/apache/hadoop/hadoop-common/3.2.0/hadoop-common-3.2.0-tests.jar:/home/user/.m2/repository/org/apache/hadoop/hadoop-annotations/3.2.0/hadoop-annotations-3.2.0.jar:/usr/lib/jvm/java-1.8.0-openjdk-1.8.0.222.b10-1.el7_7.x86_64/jre/../lib/tools.jar:/home/user/.m2/repository/commons-cli/commons-cli/1.2/commons-cli-1.2.jar:/home/user/.m2/repository/org/apache/httpcomponents/httpclient/4.5.2/httpclient-4.5.2.jar:/home/user/.m2/repository/org/apache/httpcomponents/httpcore/4.4.4/httpcore-4.4.4.jar:/home/user/.m2/repository/commons-codec/commons-codec/1.11/commons-codec-1.11.jar:/home/user/.m2/repository/commons-net/commons-net/3.6/commons-net-3.6.jar:/home/user/.m2/repository/commons-collections/commons-collections/3.2.2/commons-collections-3.2.2.jar:/home/user/.m2/repository/org/eclipse/jetty/jetty-servlet/9.3.25.v20180904/jetty-servlet-9.3.25.v20180904.jar:/home/user/.m2/repository/org/eclipse/jetty/jetty-security/9.3.25.v20180904/jetty-security-9.3.25.v20180904.jar:/home/user/.m2/repository/javax/servlet/jsp/jsp-api/2.1/jsp-api-2.1.jar:/home/user/.m2/repository/com/sun/jersey/jersey-servlet/1.19/jersey-servlet-1.19.jar:/home/user/.m2/repository/com/sun/jersey/jersey-json/1.19/jersey-json-1.19.jar:/home/user/.m2/repository/org/codehaus/jettison/jettison/1.1/jettison-1.1.jar:/home/user/.m2/repository/org/codehaus/jackson/jackson-core-asl/1.9.13/jackson-core-asl-1.9.13.jar:/home/user/.m2/repository/org/codehaus/jackson/jackson-mapper-asl/1.9.13/jackson-mapper-asl-1.9.13.jar:/home/user/.m2/repository/org/codehaus/jackson/jackson-jaxrs/1.9.13/jackson-jaxrs-1.9.13.jar:/home/user/.m2/repository/org/codehaus/jackson/jackson-xc/1.9.13/jackson-xc-1.9.13.jar:/home/user/.m2/repository/commons-logging/commons-logging/1.1.3/commons-logging-1.1.3.jar:/home/user/.m2/repository/commons-beanutils/commons-beanutils/1.9.4/commons-beanutils-1.9.4.jar:/home/user/.m2/repository/org/apache/commons/commons-configuration2/2.1.1/commons-configuration2-2.1.1.jar:/home/user/.m2/repository/org/apache/commons/commons-lang3/3.7/commons-lang3-3.7.jar:/home/user/.m2/repository/org/apache/commons/commons-text/1.4/commons-text-1.4.jar:/home/user/.m2/repository/org/apache/avro/avro/1.7.7/avro-1.7.7.jar:/home/user/.m2/repository/com/thoughtworks/paranamer/paranamer/2.3/paranamer-2.3.jar:/home/user/.m2/repository/org/xerial/snappy/snappy-java/1.0.5/snappy-java-1.0.5.jar:/home/user/.m2/repository/com/google/re2j/re2j/1.1/re2j-1.1.jar:/home/user/.m2/repository/com/google/code/gson/gson/2.2.4/gson-2.2.4.jar:/home/user/.m2/repository/com/jcraft/jsch/0.1.54/jsch-0.1.54.jar:/home/user/.m2/repository/org/apache/curator/curator-client/2.12.0/curator-client-2.12.0.jar:/home/user/.m2/repository/org/apache/curator/curator-recipes/2.12.0/curator-recipes-2.12.0.jar:/home/user/.m2/repository/com/google/code/findbugs/jsr305/3.0.0/jsr305-3.0.0.jar:/home/user/.m2/repository/org/apache/htrace/htrace-core4/4.1.0-incubating/htrace-core4-4.1.0-incubating.jar:/home/user/.m2/repository/org/apache/zookeeper/zookeeper/3.4.13/zookeeper-3.4.13.jar:/home/user/.m2/repository/jline/jline/0.9.94/jline-0.9.94.jar:/home/user/.m2/repository/org/apache/yetus/audience-annotations/0.5.0/audience-annotations-0.5.0.jar:/home/user/.m2/repository/org/codehaus/woodstox/stax2-api/3.1.4/stax2-api-3.1.4.jar:/home/user/.m2/repository/com/fasterxml/woodstox/woodstox-core/5.0.3/woodstox-core-5.0.3.jar:/home/user/.m2/repository/dnsjava/dnsjava/2.1.7/dnsjava-2.1.7.jar:/home/user/.m2/repository/org/apache/hadoop/hadoop-hdfs/3.2.0/hadoop-hdfs-3.2.0-tests.jar:/home/user/.m2/repository/org/eclipse/jetty/jetty-util-ajax/9.3.25.v20180904/jetty-util-ajax-9.3.25.v20180904.jar:/home/user/.m2/repository/commons-daemon/commons-daemon/1.0.13/commons-daemon-1.0.13.jar:/home/user/.m2/repository/io/netty/netty/3.10.5.Final/netty-3.10.5.Final.jar:/home/user/.m2/repository/io/netty/netty-all/4.0.52.Final/netty-all-4.0.52.Final.jar:/home/user/.m2/repository/org/fusesource/leveldbjni/leveldbjni-all/1.8/leveldbjni-all-1.8.jar:"/>
    <property name="java.vm.vendor" value="Oracle Corporation"/>
    <property name="sun.arch.data.model" value="64"/>
    <property name="test.build.dir" value="/workdir/hadoop-ozone/integration-test/target/test-dir"/>
    <property name="test.cache.data" value=""/>
    <property name="java.vendor.url" value="http://java.oracle.com/"/>
    <property name="user.timezone" value=""/>
    <property name="java.vm.specification.version" value="1.8"/>
    <property name="os.name" value="Linux"/>
    <property name="test.build.data" value="/workdir/hadoop-ozone/integration-test/target/test-dir"/>
    <property name="user.country" value="US"/>
    <property name="sun.java.launcher" value="SUN_STANDARD"/>
    <property name="sun.boot.library.path" value="/usr/lib/jvm/java-1.8.0-openjdk-1.8.0.222.b10-1.el7_7.x86_64/jre/lib/amd64"/>
    <property name="sun.java.command" value="/workdir/hadoop-ozone/integration-test/target/surefire/surefirebooter7206616463714987500.jar /workdir/hadoop-ozone/integration-test/target/surefire 2019-11-14T11-46-56_598-jvmRun1 surefire1120831723927794751tmp surefire_507659677703096257399tmp"/>
    <property name="surefire.test.class.path" value="/workdir/hadoop-ozone/integration-test/target/test-classes:/workdir/hadoop-ozone/integration-test/target/classes:/home/user/.m2/repository/org/apache/hadoop/hadoop-ozone-common/0.5.0-SNAPSHOT/hadoop-ozone-common-0.5.0-SNAPSHOT.jar:/home/user/.m2/repository/org/apache/commons/commons-compress/1.4.1/commons-compress-1.4.1.jar:/home/user/.m2/repository/org/tukaani/xz/1.0/xz-1.0.jar:/home/user/.m2/repository/org/apache/hadoop/hadoop-common/3.2.0/hadoop-common-3.2.0.jar:/home/user/.m2/repository/org/apache/hadoop/hadoop-hdfs/3.2.0/hadoop-hdfs-3.2.0.jar:/home/user/.m2/repository/org/apache/hadoop/hadoop-hdfs-client/3.2.0/hadoop-hdfs-client-3.2.0.jar:/home/user/.m2/repository/com/fasterxml/jackson/core/jackson-annotations/2.9.9/jackson-annotations-2.9.9.jar:/home/user/.m2/repository/org/apache/hadoop/hadoop-hdds-common/0.5.0-SNAPSHOT/hadoop-hdds-common-0.5.0-SNAPSHOT.jar:/home/user/.m2/repository/javax/annotation/javax.annotation-api/1.2/javax.annotation-api-1.2.jar:/home/user/.m2/repository/org/apache/ratis/ratis-server/0.5.0-d6d58d0-SNAPSHOT/ratis-server-0.5.0-d6d58d0-SNAPSHOT.jar:/home/user/.m2/repository/org/apache/ratis/ratis-thirdparty-misc/0.2.0/ratis-thirdparty-misc-0.2.0.jar:/home/user/.m2/repository/org/apache/ratis/ratis-proto/0.5.0-d6d58d0-SNAPSHOT/ratis-proto-0.5.0-d6d58d0-SNAPSHOT.jar:/home/user/.m2/repository/org/apache/ratis/ratis-common/0.5.0-d6d58d0-SNAPSHOT/ratis-common-0.5.0-d6d58d0-SNAPSHOT.jar:/home/user/.m2/repository/org/apache/ratis/ratis-client/0.5.0-d6d58d0-SNAPSHOT/ratis-client-0.5.0-d6d58d0-SNAPSHOT.jar:/home/user/.m2/repository/org/apache/ratis/ratis-metrics/0.5.0-d6d58d0-SNAPSHOT/ratis-metrics-0.5.0-d6d58d0-SNAPSHOT.jar:/home/user/.m2/repository/org/apache/ratis/ratis-netty/0.5.0-d6d58d0-SNAPSHOT/ratis-netty-0.5.0-d6d58d0-SNAPSHOT.jar:/home/user/.m2/repository/org/apache/ratis/ratis-grpc/0.5.0-d6d58d0-SNAPSHOT/ratis-grpc-0.5.0-d6d58d0-SNAPSHOT.jar:/home/user/.m2/repository/org/rocksdb/rocksdbjni/6.0.1/rocksdbjni-6.0.1.jar:/home/user/.m2/repository/org/apache/logging/log4j/log4j-api/2.11.0/log4j-api-2.11.0.jar:/home/user/.m2/repository/org/apache/logging/log4j/log4j-core/2.11.0/log4j-core-2.11.0.jar:/home/user/.m2/repository/com/lmax/disruptor/3.4.2/disruptor-3.4.2.jar:/home/user/.m2/repository/org/apache/commons/commons-pool2/2.6.0/commons-pool2-2.6.0.jar:/home/user/.m2/repository/org/bouncycastle/bcpkix-jdk15on/1.60/bcpkix-jdk15on-1.60.jar:/home/user/.m2/repository/commons-validator/commons-validator/1.6/commons-validator-1.6.jar:/home/user/.m2/repository/commons-digester/commons-digester/1.8.1/commons-digester-1.8.1.jar:/home/user/.m2/repository/io/jaegertracing/jaeger-client/0.34.0/jaeger-client-0.34.0.jar:/home/user/.m2/repository/io/jaegertracing/jaeger-thrift/0.34.0/jaeger-thrift-0.34.0.jar:/home/user/.m2/repository/org/apache/thrift/libthrift/0.12.0/libthrift-0.12.0.jar:/home/user/.m2/repository/com/squareup/okhttp3/okhttp/3.9.0/okhttp-3.9.0.jar:/home/user/.m2/repository/com/squareup/okio/okio/1.13.0/okio-1.13.0.jar:/home/user/.m2/repository/io/jaegertracing/jaeger-core/0.34.0/jaeger-core-0.34.0.jar:/home/user/.m2/repository/io/jaegertracing/jaeger-tracerresolver/0.34.0/jaeger-tracerresolver-0.34.0.jar:/home/user/.m2/repository/io/opentracing/contrib/opentracing-tracerresolver/0.1.5/opentracing-tracerresolver-0.1.5.jar:/home/user/.m2/repository/io/opentracing/opentracing-util/0.31.0/opentracing-util-0.31.0.jar:/home/user/.m2/repository/io/opentracing/opentracing-api/0.31.0/opentracing-api-0.31.0.jar:/home/user/.m2/repository/io/opentracing/opentracing-noop/0.31.0/opentracing-noop-0.31.0.jar:/home/user/.m2/repository/org/apache/hadoop/hadoop-hdds-server-framework/0.5.0-SNAPSHOT/hadoop-hdds-server-framework-0.5.0-SNAPSHOT.jar:/home/user/.m2/repository/org/apache/hadoop/hadoop-hdds-container-service/0.5.0-SNAPSHOT/hadoop-hdds-container-service-0.5.0-SNAPSHOT.jar:/home/user/.m2/repository/org/apache/hadoop/hadoop-hdds-client/0.5.0-SNAPSHOT/hadoop-hdds-client-0.5.0-SNAPSHOT.jar:/home/user/.m2/repository/org/apache/hadoop/hadoop-hdds-tools/0.5.0-SNAPSHOT/hadoop-hdds-tools-0.5.0-SNAPSHOT.jar:/home/user/.m2/repository/org/apache/hadoop/hadoop-hdds-server-scm/0.5.0-SNAPSHOT/hadoop-hdds-server-scm-0.5.0-SNAPSHOT.jar:/home/user/.m2/repository/org/apache/hadoop/hadoop-hdds-docs/0.5.0-SNAPSHOT/hadoop-hdds-docs-0.5.0-SNAPSHOT.jar:/home/user/.m2/repository/io/dropwizard/metrics/metrics-core/3.2.4/metrics-core-3.2.4.jar:/home/user/.m2/repository/org/hamcrest/hamcrest-all/1.3/hamcrest-all-1.3.jar:/home/user/.m2/repository/org/bouncycastle/bcprov-jdk15on/1.60/bcprov-jdk15on-1.60.jar:/home/user/.m2/repository/info/picocli/picocli/3.9.6/picocli-3.9.6.jar:/home/user/.m2/repository/com/google/protobuf/protobuf-java/2.5.0/protobuf-java-2.5.0.jar:/home/user/.m2/repository/com/google/guava/guava/11.0.2/guava-11.0.2.jar:/home/user/.m2/repository/org/apache/hadoop/hadoop-ozone-ozone-manager/0.5.0-SNAPSHOT/hadoop-ozone-ozone-manager-0.5.0-SNAPSHOT.jar:/home/user/.m2/repository/org/apache/hadoop/hadoop-minikdc/3.2.0/hadoop-minikdc-3.2.0.jar:/home/user/.m2/repository/commons-io/commons-io/2.5/commons-io-2.5.jar:/home/user/.m2/repository/org/apache/kerby/kerb-simplekdc/1.0.1/kerb-simplekdc-1.0.1.jar:/home/user/.m2/repository/org/apache/kerby/kerb-client/1.0.1/kerb-client-1.0.1.jar:/home/user/.m2/repository/org/apache/kerby/kerby-config/1.0.1/kerby-config-1.0.1.jar:/home/user/.m2/repository/org/apache/kerby/kerb-core/1.0.1/kerb-core-1.0.1.jar:/home/user/.m2/repository/org/apache/kerby/kerby-pkix/1.0.1/kerby-pkix-1.0.1.jar:/home/user/.m2/repository/org/apache/kerby/kerby-asn1/1.0.1/kerby-asn1-1.0.1.jar:/home/user/.m2/repository/org/apache/kerby/kerby-util/1.0.1/kerby-util-1.0.1.jar:/home/user/.m2/repository/org/apache/kerby/kerb-common/1.0.1/kerb-common-1.0.1.jar:/home/user/.m2/repository/org/apache/kerby/kerb-crypto/1.0.1/kerb-crypto-1.0.1.jar:/home/user/.m2/repository/org/apache/kerby/kerb-util/1.0.1/kerb-util-1.0.1.jar:/home/user/.m2/repository/org/apache/kerby/token-provider/1.0.1/token-provider-1.0.1.jar:/home/user/.m2/repository/org/apache/kerby/kerb-admin/1.0.1/kerb-admin-1.0.1.jar:/home/user/.m2/repository/org/apache/kerby/kerb-server/1.0.1/kerb-server-1.0.1.jar:/home/user/.m2/repository/org/apache/kerby/kerb-identity/1.0.1/kerb-identity-1.0.1.jar:/home/user/.m2/repository/org/apache/kerby/kerby-xdr/1.0.1/kerby-xdr-1.0.1.jar:/home/user/.m2/repository/org/slf4j/slf4j-log4j12/1.7.25/slf4j-log4j12-1.7.25.jar:/home/user/.m2/repository/org/apache/hadoop/hadoop-ozone-s3gateway/0.5.0-SNAPSHOT/hadoop-ozone-s3gateway-0.5.0-SNAPSHOT.jar:/home/user/.m2/repository/org/jboss/weld/servlet/weld-servlet/2.4.7.Final/weld-servlet-2.4.7.Final.jar:/home/user/.m2/repository/org/glassfish/jersey/containers/jersey-container-servlet-core/2.27/jersey-container-servlet-core-2.27.jar:/home/user/.m2/repository/org/glassfish/hk2/external/javax.inject/2.5.0-b42/javax.inject-2.5.0-b42.jar:/home/user/.m2/repository/org/glassfish/jersey/core/jersey-common/2.27/jersey-common-2.27.jar:/home/user/.m2/repository/org/glassfish/hk2/osgi-resource-locator/1.0.1/osgi-resource-locator-1.0.1.jar:/home/user/.m2/repository/javax/ws/rs/javax.ws.rs-api/2.1/javax.ws.rs-api-2.1.jar:/home/user/.m2/repository/org/glassfish/jersey/ext/cdi/jersey-cdi1x/2.27/jersey-cdi1x-2.27.jar:/home/user/.m2/repository/org/glassfish/jersey/inject/jersey-hk2/2.27/jersey-hk2-2.27.jar:/home/user/.m2/repository/org/glassfish/hk2/hk2-locator/2.5.0-b42/hk2-locator-2.5.0-b42.jar:/home/user/.m2/repository/org/javassist/javassist/3.22.0-CR2/javassist-3.22.0-CR2.jar:/home/user/.m2/repository/org/glassfish/hk2/hk2-api/2.5.0/hk2-api-2.5.0.jar:/home/user/.m2/repository/org/glassfish/hk2/external/jakarta.inject/2.5.0/jakarta.inject-2.5.0.jar:/home/user/.m2/repository/org/glassfish/hk2/hk2-utils/2.5.0/hk2-utils-2.5.0.jar:/home/user/.m2/repository/jakarta/annotation/jakarta.annotation-api/1.3.4/jakarta.annotation-api-1.3.4.jar:/home/user/.m2/repository/org/glassfish/hk2/external/aopalliance-repackaged/2.5.0/aopalliance-repackaged-2.5.0.jar:/home/user/.m2/repository/com/fasterxml/jackson/dataformat/jackson-dataformat-xml/2.9.0/jackson-dataformat-xml-2.9.0.jar:/home/user/.m2/repository/com/fasterxml/jackson/core/jackson-core/2.9.9/jackson-core-2.9.9.jar:/home/user/.m2/repository/com/fasterxml/jackson/module/jackson-module-jaxb-annotations/2.9.9/jackson-module-jaxb-annotations-2.9.9.jar:/home/user/.m2/repository/javax/enterprise/cdi-api/1.2/cdi-api-1.2.jar:/home/user/.m2/repository/javax/el/javax.el-api/3.0.0/javax.el-api-3.0.0.jar:/home/user/.m2/repository/javax/interceptor/javax.interceptor-api/1.2/javax.interceptor-api-1.2.jar:/home/user/.m2/repository/javax/inject/javax.inject/1/javax.inject-1.jar:/home/user/.m2/repository/com/sun/xml/bind/jaxb-impl/2.3.0.1/jaxb-impl-2.3.0.1.jar:/home/user/.m2/repository/com/sun/xml/bind/jaxb-core/2.3.0.1/jaxb-core-2.3.0.1.jar:/home/user/.m2/repository/javax/xml/bind/jaxb-api/2.3.0/jaxb-api-2.3.0.jar:/home/user/.m2/repository/javax/activation/activation/1.1.1/activation-1.1.1.jar:/home/user/.m2/repository/org/apache/hadoop/hadoop-ozone-csi/0.5.0-SNAPSHOT/hadoop-ozone-csi-0.5.0-SNAPSHOT.jar:/home/user/.m2/repository/com/google/protobuf/protobuf-java-util/3.5.1/protobuf-java-util-3.5.1.jar:/home/user/.m2/repository/org/apache/hadoop/hadoop-hdds-config/0.5.0-SNAPSHOT/hadoop-hdds-config-0.5.0-SNAPSHOT.jar:/home/user/.m2/repository/io/grpc/grpc-netty/1.17.1/grpc-netty-1.17.1.jar:/home/user/.m2/repository/io/grpc/grpc-core/1.17.1/grpc-core-1.17.1.jar:/home/user/.m2/repository/io/grpc/grpc-context/1.17.1/grpc-context-1.17.1.jar:/home/user/.m2/repository/com/google/errorprone/error_prone_annotations/2.2.0/error_prone_annotations-2.2.0.jar:/home/user/.m2/repository/org/codehaus/mojo/animal-sniffer-annotations/1.17/animal-sniffer-annotations-1.17.jar:/home/user/.m2/repository/io/opencensus/opencensus-api/0.17.0/opencensus-api-0.17.0.jar:/home/user/.m2/repository/io/opencensus/opencensus-contrib-grpc-metrics/0.17.0/opencensus-contrib-grpc-metrics-0.17.0.jar:/home/user/.m2/repository/io/netty/netty-codec-http2/4.1.30.Final/netty-codec-http2-4.1.30.Final.jar:/home/user/.m2/repository/io/netty/netty-codec-http/4.1.30.Final/netty-codec-http-4.1.30.Final.jar:/home/user/.m2/repository/io/netty/netty-codec/4.1.30.Final/netty-codec-4.1.30.Final.jar:/home/user/.m2/repository/io/netty/netty-handler/4.1.30.Final/netty-handler-4.1.30.Final.jar:/home/user/.m2/repository/io/netty/netty-handler-proxy/4.1.30.Final/netty-handler-proxy-4.1.30.Final.jar:/home/user/.m2/repository/io/netty/netty-codec-socks/4.1.30.Final/netty-codec-socks-4.1.30.Final.jar:/home/user/.m2/repository/io/netty/netty-transport-native-epoll/4.1.30.Final/netty-transport-native-epoll-4.1.30.Final.jar:/home/user/.m2/repository/io/netty/netty-common/4.1.30.Final/netty-common-4.1.30.Final.jar:/home/user/.m2/repository/io/netty/netty-buffer/4.1.30.Final/netty-buffer-4.1.30.Final.jar:/home/user/.m2/repository/io/netty/netty-transport/4.1.30.Final/netty-transport-4.1.30.Final.jar:/home/user/.m2/repository/io/netty/netty-resolver/4.1.30.Final/netty-resolver-4.1.30.Final.jar:/home/user/.m2/repository/io/netty/netty-transport-native-unix-common/4.1.30.Final/netty-transport-native-unix-common-4.1.30.Final.jar:/home/user/.m2/repository/io/grpc/grpc-protobuf/1.17.1/grpc-protobuf-1.17.1.jar:/home/user/.m2/repository/com/google/api/grpc/proto-google-common-protos/1.0.0/proto-google-common-protos-1.0.0.jar:/home/user/.m2/repository/io/grpc/grpc-protobuf-lite/1.17.1/grpc-protobuf-lite-1.17.1.jar:/home/user/.m2/repository/io/grpc/grpc-stub/1.17.1/grpc-stub-1.17.1.jar:/home/user/.m2/repository/org/apache/hadoop/hadoop-ozone-recon/0.5.0-SNAPSHOT/hadoop-ozone-recon-0.5.0-SNAPSHOT.jar:/home/user/.m2/repository/org/apache/hadoop/hadoop-ozone-reconcodegen/0.5.0-SNAPSHOT/hadoop-ozone-reconcodegen-0.5.0-SNAPSHOT.jar:/home/user/.m2/repository/com/google/inject/extensions/guice-multibindings/4.0/guice-multibindings-4.0.jar:/home/user/.m2/repository/com/google/inject/guice/4.0/guice-4.0.jar:/home/user/.m2/repository/aopalliance/aopalliance/1.0/aopalliance-1.0.jar:/home/user/.m2/repository/com/google/inject/extensions/guice-servlet/4.0/guice-servlet-4.0.jar:/home/user/.m2/repository/org/glassfish/jersey/containers/jersey-container-servlet/2.27/jersey-container-servlet-2.27.jar:/home/user/.m2/repository/org/glassfish/hk2/guice-bridge/2.5.0/guice-bridge-2.5.0.jar:/home/user/.m2/repository/org/glassfish/jersey/core/jersey-server/2.27/jersey-server-2.27.jar:/home/user/.m2/repository/org/glassfish/jersey/core/jersey-client/2.27/jersey-client-2.27.jar:/home/user/.m2/repository/org/glassfish/jersey/media/jersey-media-jaxb/2.27/jersey-media-jaxb-2.27.jar:/home/user/.m2/repository/javax/validation/validation-api/1.1.0.Final/validation-api-1.1.0.Final.jar:/home/user/.m2/repository/org/glassfish/jersey/media/jersey-media-json-jackson/2.27/jersey-media-json-jackson-2.27.jar:/home/user/.m2/repository/org/glassfish/jersey/ext/jersey-entity-filtering/2.27/jersey-entity-filtering-2.27.jar:/home/user/.m2/repository/com/google/inject/extensions/guice-assistedinject/4.0/guice-assistedinject-4.0.jar:/home/user/.m2/repository/org/jooq/jooq/3.11.10/jooq-3.11.10.jar:/home/user/.m2/repository/org/jooq/jooq-meta/3.11.10/jooq-meta-3.11.10.jar:/home/user/.m2/repository/org/jooq/jooq-codegen/3.11.10/jooq-codegen-3.11.10.jar:/home/user/.m2/repository/com/jolbox/bonecp/0.8.0.RELEASE/bonecp-0.8.0.RELEASE.jar:/home/user/.m2/repository/org/xerial/sqlite-jdbc/3.25.2/sqlite-jdbc-3.25.2.jar:/home/user/.m2/repository/org/springframework/spring-jdbc/5.1.3.RELEASE/spring-jdbc-5.1.3.RELEASE.jar:/home/user/.m2/repository/org/springframework/spring-beans/5.1.3.RELEASE/spring-beans-5.1.3.RELEASE.jar:/home/user/.m2/repository/org/springframework/spring-core/5.1.3.RELEASE/spring-core-5.1.3.RELEASE.jar:/home/user/.m2/repository/org/springframework/spring-jcl/5.1.3.RELEASE/spring-jcl-5.1.3.RELEASE.jar:/home/user/.m2/repository/org/springframework/spring-tx/5.1.3.RELEASE/spring-tx-5.1.3.RELEASE.jar:/home/user/.m2/repository/org/apache/hadoop/hadoop-ozone-client/0.5.0-SNAPSHOT/hadoop-ozone-client-0.5.0-SNAPSHOT.jar:/home/user/.m2/repository/commons-lang/commons-lang/2.6/commons-lang-2.6.jar:/home/user/.m2/repository/org/apache/hadoop/hadoop-ozone-ozone-manager/0.5.0-SNAPSHOT/hadoop-ozone-ozone-manager-0.5.0-SNAPSHOT-tests.jar:/home/user/.m2/repository/junit/junit/4.11/junit-4.11.jar:/home/user/.m2/repository/org/hamcrest/hamcrest-core/1.3/hamcrest-core-1.3.jar:/home/user/.m2/repository/org/openjdk/jmh/jmh-core/1.19/jmh-core-1.19.jar:/home/user/.m2/repository/net/sf/jopt-simple/jopt-simple/4.6/jopt-simple-4.6.jar:/home/user/.m2/repository/org/apache/commons/commons-math3/3.1.1/commons-math3-3.1.1.jar:/home/user/.m2/repository/org/openjdk/jmh/jmh-generator-annprocess/1.19/jmh-generator-annprocess-1.19.jar:/home/user/.m2/repository/org/mockito/mockito-all/1.8.5/mockito-all-1.8.5.jar:/home/user/.m2/repository/org/apache/hadoop/hadoop-kms/3.2.0/hadoop-kms-3.2.0.jar:/home/user/.m2/repository/org/apache/hadoop/hadoop-auth/3.2.0/hadoop-auth-3.2.0.jar:/home/user/.m2/repository/com/nimbusds/nimbus-jose-jwt/4.41.1/nimbus-jose-jwt-4.41.1.jar:/home/user/.m2/repository/com/github/stephenc/jcip/jcip-annotations/1.0-1/jcip-annotations-1.0-1.jar:/home/user/.m2/repository/net/minidev/json-smart/2.3/json-smart-2.3.jar:/home/user/.m2/repository/net/minidev/accessors-smart/1.2/accessors-smart-1.2.jar:/home/user/.m2/repository/org/ow2/asm/asm/5.0.4/asm-5.0.4.jar:/home/user/.m2/repository/org/apache/curator/curator-framework/2.12.0/curator-framework-2.12.0.jar:/home/user/.m2/repository/com/sun/jersey/jersey-core/1.19/jersey-core-1.19.jar:/home/user/.m2/repository/javax/ws/rs/jsr311-api/1.1.1/jsr311-api-1.1.1.jar:/home/user/.m2/repository/com/sun/jersey/jersey-server/1.19/jersey-server-1.19.jar:/home/user/.m2/repository/javax/servlet/javax.servlet-api/3.1.0/javax.servlet-api-3.1.0.jar:/home/user/.m2/repository/org/eclipse/jetty/jetty-server/9.3.25.v20180904/jetty-server-9.3.25.v20180904.jar:/home/user/.m2/repository/org/eclipse/jetty/jetty-http/9.3.25.v20180904/jetty-http-9.3.25.v20180904.jar:/home/user/.m2/repository/org/eclipse/jetty/jetty-io/9.3.25.v20180904/jetty-io-9.3.25.v20180904.jar:/home/user/.m2/repository/org/eclipse/jetty/jetty-webapp/9.3.25.v20180904/jetty-webapp-9.3.25.v20180904.jar:/home/user/.m2/repository/org/eclipse/jetty/jetty-xml/9.3.25.v20180904/jetty-xml-9.3.25.v20180904.jar:/home/user/.m2/repository/log4j/log4j/1.2.17/log4j-1.2.17.jar:/home/user/.m2/repository/org/slf4j/slf4j-api/1.7.25/slf4j-api-1.7.25.jar:/home/user/.m2/repository/org/slf4j/jul-to-slf4j/1.7.25/jul-to-slf4j-1.7.25.jar:/home/user/.m2/repository/org/eclipse/jetty/jetty-util/9.3.25.v20180904/jetty-util-9.3.25.v20180904.jar:/home/user/.m2/repository/com/fasterxml/jackson/core/jackson-databind/2.9.9/jackson-databind-2.9.9.jar:/home/user/.m2/repository/org/apache/hadoop/hadoop-kms/3.2.0/hadoop-kms-3.2.0-tests.jar:/home/user/.m2/repository/org/apache/hadoop/hadoop-hdds-server-scm/0.5.0-SNAPSHOT/hadoop-hdds-server-scm-0.5.0-SNAPSHOT-tests.jar:/home/user/.m2/repository/org/apache/hadoop/hadoop-hdds-container-service/0.5.0-SNAPSHOT/hadoop-hdds-container-service-0.5.0-SNAPSHOT-tests.jar:/home/user/.m2/repository/org/yaml/snakeyaml/1.16/snakeyaml-1.16.jar:/home/user/.m2/repository/org/apache/hadoop/hadoop-common/3.2.0/hadoop-common-3.2.0-tests.jar:/home/user/.m2/repository/org/apache/hadoop/hadoop-annotations/3.2.0/hadoop-annotations-3.2.0.jar:/usr/lib/jvm/java-1.8.0-openjdk-1.8.0.222.b10-1.el7_7.x86_64/jre/../lib/tools.jar:/home/user/.m2/repository/commons-cli/commons-cli/1.2/commons-cli-1.2.jar:/home/user/.m2/repository/org/apache/httpcomponents/httpclient/4.5.2/httpclient-4.5.2.jar:/home/user/.m2/repository/org/apache/httpcomponents/httpcore/4.4.4/httpcore-4.4.4.jar:/home/user/.m2/repository/commons-codec/commons-codec/1.11/commons-codec-1.11.jar:/home/user/.m2/repository/commons-net/commons-net/3.6/commons-net-3.6.jar:/home/user/.m2/repository/commons-collections/commons-collections/3.2.2/commons-collections-3.2.2.jar:/home/user/.m2/repository/org/eclipse/jetty/jetty-servlet/9.3.25.v20180904/jetty-servlet-9.3.25.v20180904.jar:/home/user/.m2/repository/org/eclipse/jetty/jetty-security/9.3.25.v20180904/jetty-security-9.3.25.v20180904.jar:/home/user/.m2/repository/javax/servlet/jsp/jsp-api/2.1/jsp-api-2.1.jar:/home/user/.m2/repository/com/sun/jersey/jersey-servlet/1.19/jersey-servlet-1.19.jar:/home/user/.m2/repository/com/sun/jersey/jersey-json/1.19/jersey-json-1.19.jar:/home/user/.m2/repository/org/codehaus/jettison/jettison/1.1/jettison-1.1.jar:/home/user/.m2/repository/org/codehaus/jackson/jackson-core-asl/1.9.13/jackson-core-asl-1.9.13.jar:/home/user/.m2/repository/org/codehaus/jackson/jackson-mapper-asl/1.9.13/jackson-mapper-asl-1.9.13.jar:/home/user/.m2/repository/org/codehaus/jackson/jackson-jaxrs/1.9.13/jackson-jaxrs-1.9.13.jar:/home/user/.m2/repository/org/codehaus/jackson/jackson-xc/1.9.13/jackson-xc-1.9.13.jar:/home/user/.m2/repository/commons-logging/commons-logging/1.1.3/commons-logging-1.1.3.jar:/home/user/.m2/repository/commons-beanutils/commons-beanutils/1.9.4/commons-beanutils-1.9.4.jar:/home/user/.m2/repository/org/apache/commons/commons-configuration2/2.1.1/commons-configuration2-2.1.1.jar:/home/user/.m2/repository/org/apache/commons/commons-lang3/3.7/commons-lang3-3.7.jar:/home/user/.m2/repository/org/apache/commons/commons-text/1.4/commons-text-1.4.jar:/home/user/.m2/repository/org/apache/avro/avro/1.7.7/avro-1.7.7.jar:/home/user/.m2/repository/com/thoughtworks/paranamer/paranamer/2.3/paranamer-2.3.jar:/home/user/.m2/repository/org/xerial/snappy/snappy-java/1.0.5/snappy-java-1.0.5.jar:/home/user/.m2/repository/com/google/re2j/re2j/1.1/re2j-1.1.jar:/home/user/.m2/repository/com/google/code/gson/gson/2.2.4/gson-2.2.4.jar:/home/user/.m2/repository/com/jcraft/jsch/0.1.54/jsch-0.1.54.jar:/home/user/.m2/repository/org/apache/curator/curator-client/2.12.0/curator-client-2.12.0.jar:/home/user/.m2/repository/org/apache/curator/curator-recipes/2.12.0/curator-recipes-2.12.0.jar:/home/user/.m2/repository/com/google/code/findbugs/jsr305/3.0.0/jsr305-3.0.0.jar:/home/user/.m2/repository/org/apache/htrace/htrace-core4/4.1.0-incubating/htrace-core4-4.1.0-incubating.jar:/home/user/.m2/repository/org/apache/zookeeper/zookeeper/3.4.13/zookeeper-3.4.13.jar:/home/user/.m2/repository/jline/jline/0.9.94/jline-0.9.94.jar:/home/user/.m2/repository/org/apache/yetus/audience-annotations/0.5.0/audience-annotations-0.5.0.jar:/home/user/.m2/repository/org/codehaus/woodstox/stax2-api/3.1.4/stax2-api-3.1.4.jar:/home/user/.m2/repository/com/fasterxml/woodstox/woodstox-core/5.0.3/woodstox-core-5.0.3.jar:/home/user/.m2/repository/dnsjava/dnsjava/2.1.7/dnsjava-2.1.7.jar:/home/user/.m2/repository/org/apache/hadoop/hadoop-hdfs/3.2.0/hadoop-hdfs-3.2.0-tests.jar:/home/user/.m2/repository/org/eclipse/jetty/jetty-util-ajax/9.3.25.v20180904/jetty-util-ajax-9.3.25.v20180904.jar:/home/user/.m2/repository/commons-daemon/commons-daemon/1.0.13/commons-daemon-1.0.13.jar:/home/user/.m2/repository/io/netty/netty/3.10.5.Final/netty-3.10.5.Final.jar:/home/user/.m2/repository/io/netty/netty-all/4.0.52.Final/netty-all-4.0.52.Final.jar:/home/user/.m2/repository/org/fusesource/leveldbjni/leveldbjni-all/1.8/leveldbjni-all-1.8.jar:"/>
    <property name="sun.cpu.endian" value="little"/>
    <property name="user.home" value="/home/user"/>
    <property name="user.language" value="en"/>
    <property name="java.specification.vendor" value="Oracle Corporation"/>
    <property name="java.home" value="/usr/lib/jvm/java-1.8.0-openjdk-1.8.0.222.b10-1.el7_7.x86_64/jre"/>
    <property name="surefire.excludesFile" value="/tools/ozone-bad-unit-tests"/>
    <property name="java.security.krb5.conf" value="/workdir/hadoop-ozone/integration-test/target/test-classes/krb5.conf"/>
    <property name="basedir" value="/workdir/hadoop-ozone/integration-test"/>
    <property name="file.separator" value="/"/>
    <property name="line.separator" value="&#10;"/>
    <property name="java.vm.specification.vendor" value="Oracle Corporation"/>
    <property name="java.specification.name" value="Java Platform API Specification"/>
    <property name="java.awt.graphicsenv" value="sun.awt.X11GraphicsEnvironment"/>
    <property name="surefire.real.class.path" value="/workdir/hadoop-ozone/integration-test/target/surefire/surefirebooter7206616463714987500.jar"/>
    <property name="hadoop.log.dir" value="/workdir/hadoop-ozone/integration-test/target/log"/>
    <property name="sun.boot.class.path" value="/usr/lib/jvm/java-1.8.0-openjdk-1.8.0.222.b10-1.el7_7.x86_64/jre/lib/resources.jar:/usr/lib/jvm/java-1.8.0-openjdk-1.8.0.222.b10-1.el7_7.x86_64/jre/lib/rt.jar:/usr/lib/jvm/java-1.8.0-openjdk-1.8.0.222.b10-1.el7_7.x86_64/jre/lib/sunrsasign.jar:/usr/lib/jvm/java-1.8.0-openjdk-1.8.0.222.b10-1.el7_7.x86_64/jre/lib/jsse.jar:/usr/lib/jvm/java-1.8.0-openjdk-1.8.0.222.b10-1.el7_7.x86_64/jre/lib/jce.jar:/usr/lib/jvm/java-1.8.0-openjdk-1.8.0.222.b10-1.el7_7.x86_64/jre/lib/charsets.jar:/usr/lib/jvm/java-1.8.0-openjdk-1.8.0.222.b10-1.el7_7.x86_64/jre/lib/jfr.jar:/usr/lib/jvm/java-1.8.0-openjdk-1.8.0.222.b10-1.el7_7.x86_64/jre/classes"/>
    <property name="sun.management.compiler" value="HotSpot 64-Bit Tiered Compilers"/>
    <property name="java.runtime.version" value="1.8.0_222-b10"/>
    <property name="java.net.preferIPv4Stack" value="true"/>
    <property name="user.name" value="jenkins1000"/>
    <property name="path.separator" value=":"/>
    <property name="java.security.egd" value="file:///dev/urandom"/>
    <property name="os.version" value="3.10.0-957.12.2.el7.x86_64"/>
    <property name="java.endorsed.dirs" value="/usr/lib/jvm/java-1.8.0-openjdk-1.8.0.222.b10-1.el7_7.x86_64/jre/lib/endorsed"/>
    <property name="java.runtime.name" value="OpenJDK Runtime Environment"/>
    <property name="file.encoding" value="ANSI_X3.4-1968"/>
    <property name="java.vm.name" value="OpenJDK 64-Bit Server VM"/>
    <property name="test.build.webapps" value=""/>
    <property name="localRepository" value="/home/user/.m2/repository"/>
    <property name="java.vendor.url.bug" value="http://bugreport.sun.com/bugreport/"/>
    <property name="java.io.tmpdir" value="/tmp"/>
    <property name="require.test.libhadoop" value=""/>
    <property name="java.version" value="1.8.0_222"/>
    <property name="user.dir" value="/workdir/hadoop-ozone/integration-test"/>
    <property name="os.arch" value="amd64"/>
    <property name="java.vm.specification.name" value="Java Virtual Machine Specification"/>
    <property name="test.build.classes" value="/workdir/hadoop-ozone/integration-test/target/test-classes"/>
    <property name="java.awt.printerjob" value="sun.print.PSPrinterJob"/>
    <property name="sun.os.patch.level" value="unknown"/>
    <property name="hadoop.tmp.dir" value="/workdir/hadoop-ozone/integration-test/target/tmp"/>
    <property name="java.library.path" value="/usr/lib:/workdir/hadoop-ozone/integration-test/target/native/target/usr/local/lib:/workdir/hadoop-ozone/integration-test/../../hadoop-common-project/hadoop-common/target/native/target/usr/local/lib:/usr/java/packages/lib/amd64:/usr/lib64:/lib64:/lib:/usr/lib"/>
    <property name="java.vm.info" value="mixed mode"/>
    <property name="java.vendor" value="Oracle Corporation"/>
    <property name="java.vm.version" value="25.222-b10"/>
    <property name="java.ext.dirs" value="/usr/lib/jvm/java-1.8.0-openjdk-1.8.0.222.b10-1.el7_7.x86_64/jre/lib/ext:/usr/java/packages/lib/ext"/>
    <property name="sun.io.unicode.encoding" value="UnicodeLittle"/>
    <property name="java.class.version" value="52.0"/>
  </properties>
  <testcase name="testPipelineExclusionWithPipelineFailure" classname="org.apache.hadoop.ozone.client.rpc.TestFailureHandlingByClient" time="56.526"/>
  <testcase name="testContainerExclusionWithClosedContainerException" classname="org.apache.hadoop.ozone.client.rpc.TestFailureHandlingByClient" time="39.845"/>
  <testcase name="testWriteSmallFile" classname="org.apache.hadoop.ozone.client.rpc.TestFailureHandlingByClient" time="54.109"/>
  <testcase name="testBlockWritesWithDnFailures" classname="org.apache.hadoop.ozone.client.rpc.TestFailureHandlingByClient" time="50.223"/>
  <testcase name="testDatanodeExclusionWithMajorityCommit" classname="org.apache.hadoop.ozone.client.rpc.TestFailureHandlingByClient" time="34.445">
    <error message="Allocated 0 blocks. Requested 1 blocks" type="INTERNAL_ERROR org.apache.hadoop.ozone.om.exceptions.OMException">INTERNAL_ERROR org.apache.hadoop.ozone.om.exceptions.OMException: Allocated 0 blocks. Requested 1 blocks
	at org.apache.hadoop.ozone.om.protocolPB.OzoneManagerProtocolClientSideTranslatorPB.handleError(OzoneManagerProtocolClientSideTranslatorPB.java:761)
	at org.apache.hadoop.ozone.om.protocolPB.OzoneManagerProtocolClientSideTranslatorPB.allocateBlock(OzoneManagerProtocolClientSideTranslatorPB.java:793)
	at sun.reflect.NativeMethodAccessorImpl.invoke0(Native Method)
	at sun.reflect.NativeMethodAccessorImpl.invoke(NativeMethodAccessorImpl.java:62)
	at sun.reflect.DelegatingMethodAccessorImpl.invoke(DelegatingMethodAccessorImpl.java:43)
	at java.lang.reflect.Method.invoke(Method.java:498)
	at org.apache.hadoop.hdds.tracing.TraceAllMethod.invoke(TraceAllMethod.java:66)
	at com.sun.proxy.$Proxy36.allocateBlock(Unknown Source)
	at org.apache.hadoop.ozone.client.io.BlockOutputStreamEntryPool.allocateNewBlock(BlockOutputStreamEntryPool.java:259)
	at org.apache.hadoop.ozone.client.io.BlockOutputStreamEntryPool.allocateBlockIfNeeded(BlockOutputStreamEntryPool.java:307)
	at org.apache.hadoop.ozone.client.io.KeyOutputStream.handleWrite(KeyOutputStream.java:198)
	at org.apache.hadoop.ozone.client.io.KeyOutputStream.handleRetry(KeyOutputStream.java:375)
	at org.apache.hadoop.ozone.client.io.KeyOutputStream.handleException(KeyOutputStream.java:324)
	at org.apache.hadoop.ozone.client.io.KeyOutputStream.handleFlushOrClose(KeyOutputStream.java:449)
	at org.apache.hadoop.ozone.client.io.KeyOutputStream.flush(KeyOutputStream.java:397)
	at org.apache.hadoop.ozone.client.io.OzoneOutputStream.flush(OzoneOutputStream.java:54)
	at org.apache.hadoop.ozone.client.rpc.TestFailureHandlingByClient.testDatanodeExclusionWithMajorityCommit(TestFailureHandlingByClient.java:299)
	at sun.reflect.NativeMethodAccessorImpl.invoke0(Native Method)
	at sun.reflect.NativeMethodAccessorImpl.invoke(NativeMethodAccessorImpl.java:62)
	at sun.reflect.DelegatingMethodAccessorImpl.invoke(DelegatingMethodAccessorImpl.java:43)
	at java.lang.reflect.Method.invoke(Method.java:498)
	at org.junit.runners.model.FrameworkMethod$1.runReflectiveCall(FrameworkMethod.java:47)
	at org.junit.internal.runners.model.ReflectiveCallable.run(ReflectiveCallable.java:12)
	at org.junit.runners.model.FrameworkMethod.invokeExplosively(FrameworkMethod.java:44)
	at org.junit.internal.runners.statements.InvokeMethod.evaluate(InvokeMethod.java:17)
	at org.junit.internal.runners.statements.RunAfters.evaluate(RunAfters.java:27)
	at org.junit.runners.ParentRunner.runLeaf(ParentRunner.java:271)
	at org.junit.runners.BlockJUnit4ClassRunner.runChild(BlockJUnit4ClassRunner.java:70)
	at org.junit.runners.BlockJUnit4ClassRunner.runChild(BlockJUnit4ClassRunner.java:50)
	at org.junit.runners.ParentRunner$3.run(ParentRunner.java:238)
	at org.junit.runners.ParentRunner$1.schedule(ParentRunner.java:63)
	at org.junit.runners.ParentRunner.runChildren(ParentRunner.java:236)
	at org.junit.runners.ParentRunner.access$000(ParentRunner.java:53)
	at org.junit.runners.ParentRunner$2.evaluate(ParentRunner.java:229)
	at org.junit.runners.ParentRunner.run(ParentRunner.java:309)
	at org.apache.maven.surefire.junit4.JUnit4Provider.execute(JUnit4Provider.java:365)
	at org.apache.maven.surefire.junit4.JUnit4Provider.executeWithRerun(JUnit4Provider.java:273)
	at org.apache.maven.surefire.junit4.JUnit4Provider.executeTestSet(JUnit4Provider.java:238)
	at org.apache.maven.surefire.junit4.JUnit4Provider.invoke(JUnit4Provider.java:159)
	at org.apache.maven.surefire.booter.ForkedBooter.invokeProviderInSameClassLoader(ForkedBooter.java:384)
	at org.apache.maven.surefire.booter.ForkedBooter.runSuitesInProcess(ForkedBooter.java:345)
	at org.apache.maven.surefire.booter.ForkedBooter.execute(ForkedBooter.java:126)
	at org.apache.maven.surefire.booter.ForkedBooter.main(ForkedBooter.java:418)
</error>
    <system-out><![CDATA[2019-11-14 12:41:54,642 [main] WARN  server.ServerUtils (ServerUtils.java:getScmDbDir(145)) - ozone.scm.db.dirs is not configured. We recommend adding this setting. Falling back to ozone.metadata.dirs instead.
2019-11-14 12:41:54,674 [main] WARN  server.ServerUtils (ServerUtils.java:getScmDbDir(145)) - ozone.scm.db.dirs is not configured. We recommend adding this setting. Falling back to ozone.metadata.dirs instead.
2019-11-14 12:41:54,675 [main] WARN  server.ServerUtils (ServerUtils.java:getScmDbDir(145)) - ozone.scm.db.dirs is not configured. We recommend adding this setting. Falling back to ozone.metadata.dirs instead.
2019-11-14 12:41:54,676 [main] INFO  db.DBStoreBuilder (DBStoreBuilder.java:addTable(127)) - using custom profile for table: deletedBlocks
2019-11-14 12:41:54,676 [main] INFO  db.DBStoreBuilder (DBStoreBuilder.java:processTables(183)) - Using default column profile:DBProfile.DISK for Table:deletedBlocks
2019-11-14 12:41:54,676 [main] INFO  db.DBStoreBuilder (DBStoreBuilder.java:addTable(127)) - using custom profile for table: validCerts
2019-11-14 12:41:54,676 [main] INFO  db.DBStoreBuilder (DBStoreBuilder.java:processTables(183)) - Using default column profile:DBProfile.DISK for Table:validCerts
2019-11-14 12:41:54,677 [main] INFO  db.DBStoreBuilder (DBStoreBuilder.java:addTable(127)) - using custom profile for table: revokedCerts
2019-11-14 12:41:54,677 [main] INFO  db.DBStoreBuilder (DBStoreBuilder.java:processTables(183)) - Using default column profile:DBProfile.DISK for Table:revokedCerts
2019-11-14 12:41:54,677 [main] INFO  db.DBStoreBuilder (DBStoreBuilder.java:addTable(127)) - using custom profile for table: default
2019-11-14 12:41:54,678 [main] INFO  db.DBStoreBuilder (DBStoreBuilder.java:processTables(189)) - Using default column profile:DBProfile.DISK for Table:default
2019-11-14 12:41:54,678 [main] INFO  db.DBStoreBuilder (DBStoreBuilder.java:getDbProfile(220)) - Using default options. DBProfile.DISK
2019-11-14 12:41:54,817 [main] INFO  net.NodeSchemaLoader (NodeSchemaLoader.java:loadSchemaFromFile(125)) - Loading file from sun.misc.CompoundEnumeration@46a8c2b4
2019-11-14 12:41:54,817 [main] INFO  net.NodeSchemaLoader (NodeSchemaLoader.java:loadSchema(171)) - Loading network topology layer schema file
2019-11-14 12:41:54,823 [main] INFO  node.SCMNodeManager (SCMNodeManager.java:<init>(116)) - Entering startup safe mode.
2019-11-14 12:41:54,825 [main] INFO  algorithms.ContainerPlacementPolicyFactory (ContainerPlacementPolicyFactory.java:getPolicy(57)) - Create container placement policy of type org.apache.hadoop.hdds.scm.container.placement.algorithms.SCMContainerPlacementRandom
2019-11-14 12:41:54,825 [main] WARN  server.ServerUtils (ServerUtils.java:getScmDbDir(145)) - ozone.scm.db.dirs is not configured. We recommend adding this setting. Falling back to ozone.metadata.dirs instead.
2019-11-14 12:41:54,882 [main] INFO  pipeline.SCMPipelineManager (SCMPipelineManager.java:initializePipelineState(132)) - No pipeline exists in current db
2019-11-14 12:41:54,882 [main] WARN  server.ServerUtils (ServerUtils.java:getScmDbDir(145)) - ozone.scm.db.dirs is not configured. We recommend adding this setting. Falling back to ozone.metadata.dirs instead.
2019-11-14 12:41:54,932 [main] WARN  events.EventQueue (EventQueue.java:fireEvent(183)) - No event handler registered for event TypedEvent{payloadType=SafeModeStatus, name='SafeModeStatus'}
2019-11-14 12:41:54,933 [main] INFO  ipc.CallQueueManager (CallQueueManager.java:<init>(84)) - Using callQueue: class java.util.concurrent.LinkedBlockingQueue, queueCapacity: 2000, scheduler: class org.apache.hadoop.ipc.DefaultRpcScheduler, ipcBackoff: false.
2019-11-14 12:41:54,934 [Socket Reader #1 for port 33565] INFO  ipc.Server (Server.java:run(1074)) - Starting Socket Reader #1 for port 33565
2019-11-14 12:41:54,935 [main] INFO  ipc.CallQueueManager (CallQueueManager.java:<init>(84)) - Using callQueue: class java.util.concurrent.LinkedBlockingQueue, queueCapacity: 2000, scheduler: class org.apache.hadoop.ipc.DefaultRpcScheduler, ipcBackoff: false.
2019-11-14 12:41:54,936 [Socket Reader #1 for port 34550] INFO  ipc.Server (Server.java:run(1074)) - Starting Socket Reader #1 for port 34550
2019-11-14 12:41:54,937 [main] INFO  ipc.CallQueueManager (CallQueueManager.java:<init>(84)) - Using callQueue: class java.util.concurrent.LinkedBlockingQueue, queueCapacity: 2000, scheduler: class org.apache.hadoop.ipc.DefaultRpcScheduler, ipcBackoff: false.
2019-11-14 12:41:54,938 [Socket Reader #1 for port 37314] INFO  ipc.Server (Server.java:run(1074)) - Starting Socket Reader #1 for port 37314
2019-11-14 12:41:54,941 [main] INFO  hdfs.DFSUtil (DFSUtil.java:httpServerTemplateForNNAndJN(1641)) - Starting Web-server for scm at: http://0.0.0.0:0
2019-11-14 12:41:54,943 [main] INFO  server.AuthenticationFilter (AuthenticationFilter.java:constructSecretProvider(240)) - Unable to initialize FileSignerSecretProvider, falling back to use random secrets.
2019-11-14 12:41:54,943 [main] WARN  http.HttpRequestLog (HttpRequestLog.java:getRequestLog(97)) - Jetty request log can only be enabled using Log4j
2019-11-14 12:41:54,945 [main] INFO  http.HttpServer2 (HttpServer2.java:addGlobalFilter(975)) - Added global filter 'safety' (class=org.apache.hadoop.http.HttpServer2$QuotingInputFilter)
2019-11-14 12:41:54,945 [main] INFO  http.HttpServer2 (HttpServer2.java:addFilter(948)) - Added filter static_user_filter (class=org.apache.hadoop.http.lib.StaticUserWebFilter$StaticUserFilter) to context scm
2019-11-14 12:41:54,945 [main] INFO  http.HttpServer2 (HttpServer2.java:addFilter(958)) - Added filter static_user_filter (class=org.apache.hadoop.http.lib.StaticUserWebFilter$StaticUserFilter) to context static
2019-11-14 12:41:54,945 [main] INFO  http.HttpServer2 (HttpServer2.java:addFilter(958)) - Added filter static_user_filter (class=org.apache.hadoop.http.lib.StaticUserWebFilter$StaticUserFilter) to context logs
2019-11-14 12:41:54,946 [main] INFO  server.StorageContainerManager (StorageContainerManager.java:start(766)) - StorageContainerLocationProtocol RPC server is listening at /0.0.0.0:37314
2019-11-14 12:41:54,948 [main] WARN  impl.MetricsConfig (MetricsConfig.java:loadFirst(134)) - Cannot locate configuration: tried hadoop-metrics2-storagecontainermanager.properties,hadoop-metrics2.properties
2019-11-14 12:41:54,949 [main] INFO  impl.MetricsSystemImpl (MetricsSystemImpl.java:startTimer(374)) - Scheduled Metric snapshot period at 10 second(s).
2019-11-14 12:41:54,949 [main] INFO  impl.MetricsSystemImpl (MetricsSystemImpl.java:start(191)) - StorageContainerManager metrics system started
2019-11-14 12:41:54,985 [main] WARN  impl.MetricsSystemImpl (MetricsSystemImpl.java:register(276)) - Sink prometheus already exists!
2019-11-14 12:41:55,044 [main] INFO  server.SCMClientProtocolServer (SCMClientProtocolServer.java:start(160)) - RPC server for Client  is listening at /0.0.0.0:37314
2019-11-14 12:41:55,044 [IPC Server Responder] INFO  ipc.Server (Server.java:run(1314)) - IPC Server Responder: starting
2019-11-14 12:41:55,044 [IPC Server listener on 37314] INFO  ipc.Server (Server.java:run(1153)) - IPC Server listener on 37314: starting
2019-11-14 12:41:55,048 [main] INFO  server.StorageContainerManager (StorageContainerManager.java:start(776)) - ScmBlockLocationProtocol RPC server is listening at /0.0.0.0:34550
2019-11-14 12:41:55,049 [main] INFO  server.SCMBlockProtocolServer (SCMBlockProtocolServer.java:start(146)) - RPC server for Block Protocol is listening at /0.0.0.0:34550
2019-11-14 12:41:55,049 [IPC Server Responder] INFO  ipc.Server (Server.java:run(1314)) - IPC Server Responder: starting
2019-11-14 12:41:55,049 [IPC Server listener on 34550] INFO  ipc.Server (Server.java:run(1153)) - IPC Server listener on 34550: starting
2019-11-14 12:41:55,051 [main] INFO  server.StorageContainerManager (StorageContainerManager.java:start(780)) - ScmDatanodeProtocl RPC server is listening at /0.0.0.0:33565
2019-11-14 12:41:55,051 [main] INFO  server.SCMDatanodeProtocolServer (SCMDatanodeProtocolServer.java:start(169)) - RPC server for DataNodes is listening at /0.0.0.0:33565
2019-11-14 12:41:55,052 [IPC Server Responder] INFO  ipc.Server (Server.java:run(1314)) - IPC Server Responder: starting
2019-11-14 12:41:55,052 [IPC Server listener on 33565] INFO  ipc.Server (Server.java:run(1153)) - IPC Server listener on 33565: starting
2019-11-14 12:41:55,055 [main] INFO  http.HttpServer2 (HttpServer2.java:bindListener(1191)) - Jetty bound to port 35736
2019-11-14 12:41:55,055 [main] INFO  server.Server (Server.java:doStart(351)) - jetty-9.3.25.v20180904, build timestamp: 2018-09-04T21:11:46Z, git hash: 3ce520221d0240229c862b122d2b06c12a625732
2019-11-14 12:41:55,057 [main] INFO  handler.ContextHandler (ContextHandler.java:doStart(781)) - Started o.e.j.s.ServletContextHandler@2726a511{/logs,file:///workdir/hadoop-ozone/integration-test/target/log,AVAILABLE}
2019-11-14 12:41:55,058 [main] INFO  handler.ContextHandler (ContextHandler.java:doStart(781)) - Started o.e.j.s.ServletContextHandler@686cf8ad{/static,file:///workdir/hadoop-ozone/integration-test/target/test-classes/webapps/static,AVAILABLE}
2019-11-14 12:41:55,063 [main] INFO  handler.ContextHandler (ContextHandler.java:doStart(781)) - Started o.e.j.w.WebAppContext@3c18942{/,file:///workdir/hadoop-ozone/integration-test/target/test-classes/webapps/scm/,AVAILABLE}{/scm}
2019-11-14 12:41:55,063 [main] INFO  server.AbstractConnector (AbstractConnector.java:doStart(278)) - Started ServerConnector@743c3520{HTTP/1.1,[http/1.1]}{0.0.0.0:35736}
2019-11-14 12:41:55,064 [main] INFO  server.Server (Server.java:doStart(419)) - Started @201525ms
2019-11-14 12:41:55,064 [main] WARN  impl.MetricsSystemImpl (MetricsSystemImpl.java:register(276)) - Sink prometheus already exists!
2019-11-14 12:41:55,065 [main] INFO  server.BaseHttpServer (BaseHttpServer.java:updateConnectorAddress(215)) - HTTP server of SCM is listening at http://0.0.0.0:35736
2019-11-14 12:41:55,066 [main] WARN  server.ServerUtils (ServerUtils.java:getDBPath(222)) - ozone.om.db.dirs is not configured. We recommend adding this setting. Falling back to ozone.metadata.dirs instead.
2019-11-14 12:41:55,066 [org.apache.hadoop.util.JvmPauseMonitor$Monitor@234cd86c] INFO  util.JvmPauseMonitor (JvmPauseMonitor.java:run(188)) - Starting JVM pause monitor
2019-11-14 12:41:55,080 [main] INFO  ha.OMHANodeDetails (OMHANodeDetails.java:loadOMHAConfig(190)) - Configuration either no ozone.om.address set. Falling back to the default OM address /127.0.0.1:0
2019-11-14 12:41:55,080 [main] INFO  ha.OMHANodeDetails (OMHANodeDetails.java:getOMNodeDetails(220)) - OM Service ID is not set. Setting it to the default ID: omServiceIdDefault
2019-11-14 12:41:55,080 [main] WARN  server.ServerUtils (ServerUtils.java:getDBPath(222)) - ozone.om.db.dirs is not configured. We recommend adding this setting. Falling back to ozone.metadata.dirs instead.
2019-11-14 12:41:55,080 [main] WARN  server.ServerUtils (ServerUtils.java:getDBPath(222)) - ozone.om.db.dirs is not configured. We recommend adding this setting. Falling back to ozone.metadata.dirs instead.
2019-11-14 12:41:55,085 [main] WARN  server.ServerUtils (ServerUtils.java:getDBPath(222)) - ozone.om.db.dirs is not configured. We recommend adding this setting. Falling back to ozone.metadata.dirs instead.
2019-11-14 12:41:55,086 [main] INFO  db.DBStoreBuilder (DBStoreBuilder.java:addTable(127)) - using custom profile for table: userTable
2019-11-14 12:41:55,086 [main] INFO  db.DBStoreBuilder (DBStoreBuilder.java:processTables(183)) - Using default column profile:DBProfile.DISK for Table:userTable
2019-11-14 12:41:55,086 [main] INFO  db.DBStoreBuilder (DBStoreBuilder.java:addTable(127)) - using custom profile for table: volumeTable
2019-11-14 12:41:55,086 [main] INFO  db.DBStoreBuilder (DBStoreBuilder.java:processTables(183)) - Using default column profile:DBProfile.DISK for Table:volumeTable
2019-11-14 12:41:55,086 [main] INFO  db.DBStoreBuilder (DBStoreBuilder.java:addTable(127)) - using custom profile for table: bucketTable
2019-11-14 12:41:55,086 [main] INFO  db.DBStoreBuilder (DBStoreBuilder.java:processTables(183)) - Using default column profile:DBProfile.DISK for Table:bucketTable
2019-11-14 12:41:55,087 [main] INFO  db.DBStoreBuilder (DBStoreBuilder.java:addTable(127)) - using custom profile for table: keyTable
2019-11-14 12:41:55,087 [main] INFO  db.DBStoreBuilder (DBStoreBuilder.java:processTables(183)) - Using default column profile:DBProfile.DISK for Table:keyTable
2019-11-14 12:41:55,087 [main] INFO  db.DBStoreBuilder (DBStoreBuilder.java:addTable(127)) - using custom profile for table: deletedTable
2019-11-14 12:41:55,087 [main] INFO  db.DBStoreBuilder (DBStoreBuilder.java:processTables(183)) - Using default column profile:DBProfile.DISK for Table:deletedTable
2019-11-14 12:41:55,087 [main] INFO  db.DBStoreBuilder (DBStoreBuilder.java:addTable(127)) - using custom profile for table: openKeyTable
2019-11-14 12:41:55,087 [main] INFO  db.DBStoreBuilder (DBStoreBuilder.java:processTables(183)) - Using default column profile:DBProfile.DISK for Table:openKeyTable
2019-11-14 12:41:55,087 [main] INFO  db.DBStoreBuilder (DBStoreBuilder.java:addTable(127)) - using custom profile for table: s3Table
2019-11-14 12:41:55,087 [main] INFO  db.DBStoreBuilder (DBStoreBuilder.java:processTables(183)) - Using default column profile:DBProfile.DISK for Table:s3Table
2019-11-14 12:41:55,088 [main] INFO  db.DBStoreBuilder (DBStoreBuilder.java:addTable(127)) - using custom profile for table: multipartInfoTable
2019-11-14 12:41:55,088 [main] INFO  db.DBStoreBuilder (DBStoreBuilder.java:processTables(183)) - Using default column profile:DBProfile.DISK for Table:multipartInfoTable
2019-11-14 12:41:55,088 [main] INFO  db.DBStoreBuilder (DBStoreBuilder.java:addTable(127)) - using custom profile for table: dTokenTable
2019-11-14 12:41:55,088 [main] INFO  db.DBStoreBuilder (DBStoreBuilder.java:processTables(183)) - Using default column profile:DBProfile.DISK for Table:dTokenTable
2019-11-14 12:41:55,088 [main] INFO  db.DBStoreBuilder (DBStoreBuilder.java:addTable(127)) - using custom profile for table: s3SecretTable
2019-11-14 12:41:55,088 [main] INFO  db.DBStoreBuilder (DBStoreBuilder.java:processTables(183)) - Using default column profile:DBProfile.DISK for Table:s3SecretTable
2019-11-14 12:41:55,088 [main] INFO  db.DBStoreBuilder (DBStoreBuilder.java:addTable(127)) - using custom profile for table: prefixTable
2019-11-14 12:41:55,089 [main] INFO  db.DBStoreBuilder (DBStoreBuilder.java:processTables(183)) - Using default column profile:DBProfile.DISK for Table:prefixTable
2019-11-14 12:41:55,089 [main] INFO  db.DBStoreBuilder (DBStoreBuilder.java:addTable(127)) - using custom profile for table: default
2019-11-14 12:41:55,089 [main] INFO  db.DBStoreBuilder (DBStoreBuilder.java:processTables(189)) - Using default column profile:DBProfile.DISK for Table:default
2019-11-14 12:41:55,089 [main] INFO  db.DBStoreBuilder (DBStoreBuilder.java:getDbProfile(220)) - Using default options. DBProfile.DISK
2019-11-14 12:41:55,395 [main] INFO  ipc.CallQueueManager (CallQueueManager.java:<init>(84)) - Using callQueue: class java.util.concurrent.LinkedBlockingQueue, queueCapacity: 2000, scheduler: class org.apache.hadoop.ipc.DefaultRpcScheduler, ipcBackoff: false.
2019-11-14 12:41:55,396 [Socket Reader #1 for port 36326] INFO  ipc.Server (Server.java:run(1074)) - Starting Socket Reader #1 for port 36326
2019-11-14 12:41:55,410 [main] INFO  om.OzoneManager (OzoneManager.java:start(1077)) - OzoneManager RPC server is listening at localhost/127.0.0.1:36326
2019-11-14 12:41:55,410 [main] INFO  impl.MetricsSystemImpl (MetricsSystemImpl.java:init(158)) - OzoneManager metrics system started (again)
2019-11-14 12:41:55,411 [IPC Server Responder] INFO  ipc.Server (Server.java:run(1314)) - IPC Server Responder: starting
2019-11-14 12:41:55,413 [IPC Server listener on 36326] INFO  ipc.Server (Server.java:run(1153)) - IPC Server listener on 36326: starting
2019-11-14 12:41:55,418 [main] INFO  hdfs.DFSUtil (DFSUtil.java:httpServerTemplateForNNAndJN(1641)) - Starting Web-server for ozoneManager at: http://0.0.0.0:0
2019-11-14 12:41:55,419 [main] INFO  server.AuthenticationFilter (AuthenticationFilter.java:constructSecretProvider(240)) - Unable to initialize FileSignerSecretProvider, falling back to use random secrets.
2019-11-14 12:41:55,420 [main] WARN  http.HttpRequestLog (HttpRequestLog.java:getRequestLog(97)) - Jetty request log can only be enabled using Log4j
2019-11-14 12:41:55,422 [main] INFO  http.HttpServer2 (HttpServer2.java:addGlobalFilter(975)) - Added global filter 'safety' (class=org.apache.hadoop.http.HttpServer2$QuotingInputFilter)
2019-11-14 12:41:55,422 [main] INFO  http.HttpServer2 (HttpServer2.java:addFilter(948)) - Added filter static_user_filter (class=org.apache.hadoop.http.lib.StaticUserWebFilter$StaticUserFilter) to context ozoneManager
2019-11-14 12:41:55,422 [main] INFO  http.HttpServer2 (HttpServer2.java:addFilter(958)) - Added filter static_user_filter (class=org.apache.hadoop.http.lib.StaticUserWebFilter$StaticUserFilter) to context static
2019-11-14 12:41:55,423 [main] INFO  http.HttpServer2 (HttpServer2.java:addFilter(958)) - Added filter static_user_filter (class=org.apache.hadoop.http.lib.StaticUserWebFilter$StaticUserFilter) to context logs
2019-11-14 12:41:55,423 [main] INFO  http.HttpServer2 (HttpServer2.java:bindListener(1191)) - Jetty bound to port 33480
2019-11-14 12:41:55,424 [main] INFO  server.Server (Server.java:doStart(351)) - jetty-9.3.25.v20180904, build timestamp: 2018-09-04T21:11:46Z, git hash: 3ce520221d0240229c862b122d2b06c12a625732
2019-11-14 12:41:55,425 [main] INFO  handler.ContextHandler (ContextHandler.java:doStart(781)) - Started o.e.j.s.ServletContextHandler@224d86d2{/logs,file:///workdir/hadoop-ozone/integration-test/target/log,AVAILABLE}
2019-11-14 12:41:55,426 [main] INFO  handler.ContextHandler (ContextHandler.java:doStart(781)) - Started o.e.j.s.ServletContextHandler@2aea717c{/static,file:///workdir/hadoop-ozone/integration-test/target/test-classes/webapps/static,AVAILABLE}
2019-11-14 12:41:55,430 [main] INFO  handler.ContextHandler (ContextHandler.java:doStart(781)) - Started o.e.j.w.WebAppContext@17ec335a{/,file:///workdir/hadoop-ozone/integration-test/target/test-classes/webapps/ozoneManager/,AVAILABLE}{/ozoneManager}
2019-11-14 12:41:55,431 [main] INFO  server.AbstractConnector (AbstractConnector.java:doStart(278)) - Started ServerConnector@284990de{HTTP/1.1,[http/1.1]}{0.0.0.0:33480}
2019-11-14 12:41:55,432 [main] INFO  server.Server (Server.java:doStart(419)) - Started @201893ms
2019-11-14 12:41:55,432 [main] WARN  impl.MetricsSystemImpl (MetricsSystemImpl.java:register(276)) - Sink prometheus already exists!
2019-11-14 12:41:55,433 [main] INFO  server.BaseHttpServer (BaseHttpServer.java:updateConnectorAddress(215)) - HTTP server of OZONEMANAGER is listening at http://0.0.0.0:33480
2019-11-14 12:41:55,451 [main] INFO  impl.MetricsSystemImpl (MetricsSystemImpl.java:init(158)) - HddsDatanode metrics system started (again)
2019-11-14 12:41:55,453 [main] INFO  ozone.HddsDatanodeService (HddsDatanodeService.java:start(186)) - HddsDatanodeService host:pr-hdds-2481-nxhrh-893604966 ip:192.168.34.21
2019-11-14 12:41:55,459 [main] INFO  volume.HddsVolume (HddsVolume.java:<init>(176)) - Creating Volume: /workdir/hadoop-ozone/integration-test/target/test-dir/MiniOzoneClusterImpl-00c2d61f-fa45-4119-a3b8-446fff627119/datanode-0/data/containers/hdds of  storage type : DISK and capacity : 1482555576320
2019-11-14 12:41:55,460 [main] INFO  volume.VolumeSet (VolumeSet.java:initializeVolumeSet(170)) - Added Volume : /workdir/hadoop-ozone/integration-test/target/test-dir/MiniOzoneClusterImpl-00c2d61f-fa45-4119-a3b8-446fff627119/datanode-0/data/containers/hdds to VolumeSet
2019-11-14 12:41:55,460 [main] INFO  volume.ThrottledAsyncChecker (ThrottledAsyncChecker.java:schedule(141)) - Scheduling a check for /workdir/hadoop-ozone/integration-test/target/test-dir/MiniOzoneClusterImpl-00c2d61f-fa45-4119-a3b8-446fff627119/datanode-0/data/containers/hdds
2019-11-14 12:41:55,460 [main] INFO  volume.HddsVolumeChecker (HddsVolumeChecker.java:checkAllVolumes(204)) - Scheduled health check for volume /workdir/hadoop-ozone/integration-test/target/test-dir/MiniOzoneClusterImpl-00c2d61f-fa45-4119-a3b8-446fff627119/datanode-0/data/containers/hdds
2019-11-14 12:41:55,472 [main] INFO  impl.RaftServerProxy (ConfUtils.java:logGet(43)) - raft.rpc.type = GRPC (default)
2019-11-14 12:41:55,472 [main] INFO  grpc.GrpcFactory (GrpcFactory.java:checkPooledByteBufAllocatorUseCacheForAllThreads(45)) - PERFORMANCE WARNING: useCacheForAllThreads is true that may cause Netty to create a lot garbage objects and, as a result, trigger GC.
	It is recommended to disable useCacheForAllThreads by setting -Dorg.apache.ratis.thirdparty.io.netty.allocator.useCacheForAllThreads=false in command line.
2019-11-14 12:41:55,472 [main] INFO  grpc.GrpcConfigKeys$Server (ConfUtils.java:logGet(43)) - raft.grpc.server.port = 0 (default)
2019-11-14 12:41:55,472 [main] INFO  server.GrpcService (ConfUtils.java:logGet(43)) - raft.grpc.message.size.max = 33570816 (custom)
2019-11-14 12:41:55,472 [main] INFO  server.RaftServerConfigKeys (ConfUtils.java:logGet(43)) - raft.server.log.appender.buffer.byte-limit = 33554432 (custom)
2019-11-14 12:41:55,472 [main] INFO  server.GrpcService (ConfUtils.java:logGet(43)) - raft.grpc.flow.control.window = 1MB (=1048576) (default)
2019-11-14 12:41:55,473 [main] INFO  server.RaftServerConfigKeys (ConfUtils.java:logGet(43)) - raft.server.rpc.request.timeout = 3000ms (default)
2019-11-14 12:41:55,473 [main] INFO  server.RaftServerConfigKeys (ConfUtils.java:logGet(43)) - raft.server.storage.dir = [/workdir/hadoop-ozone/integration-test/target/test-dir/MiniOzoneClusterImpl-00c2d61f-fa45-4119-a3b8-446fff627119/datanode-0/data/ratis] (custom)
2019-11-14 12:41:55,474 [main] INFO  hdfs.DFSUtil (DFSUtil.java:httpServerTemplateForNNAndJN(1641)) - Starting Web-server for hddsDatanode at: http://0.0.0.0:0
2019-11-14 12:41:55,476 [main] INFO  server.AuthenticationFilter (AuthenticationFilter.java:constructSecretProvider(240)) - Unable to initialize FileSignerSecretProvider, falling back to use random secrets.
2019-11-14 12:41:55,476 [main] WARN  http.HttpRequestLog (HttpRequestLog.java:getRequestLog(97)) - Jetty request log can only be enabled using Log4j
2019-11-14 12:41:55,477 [main] INFO  http.HttpServer2 (HttpServer2.java:addGlobalFilter(975)) - Added global filter 'safety' (class=org.apache.hadoop.http.HttpServer2$QuotingInputFilter)
2019-11-14 12:41:55,477 [main] INFO  http.HttpServer2 (HttpServer2.java:addFilter(948)) - Added filter static_user_filter (class=org.apache.hadoop.http.lib.StaticUserWebFilter$StaticUserFilter) to context hddsDatanode
2019-11-14 12:41:55,478 [main] INFO  http.HttpServer2 (HttpServer2.java:addFilter(958)) - Added filter static_user_filter (class=org.apache.hadoop.http.lib.StaticUserWebFilter$StaticUserFilter) to context logs
2019-11-14 12:41:55,478 [main] INFO  http.HttpServer2 (HttpServer2.java:addFilter(958)) - Added filter static_user_filter (class=org.apache.hadoop.http.lib.StaticUserWebFilter$StaticUserFilter) to context static
2019-11-14 12:41:55,478 [main] INFO  http.HttpServer2 (HttpServer2.java:bindListener(1191)) - Jetty bound to port 38531
2019-11-14 12:41:55,478 [main] INFO  server.Server (Server.java:doStart(351)) - jetty-9.3.25.v20180904, build timestamp: 2018-09-04T21:11:46Z, git hash: 3ce520221d0240229c862b122d2b06c12a625732
2019-11-14 12:41:55,480 [main] INFO  handler.ContextHandler (ContextHandler.java:doStart(781)) - Started o.e.j.s.ServletContextHandler@70c29356{/logs,file:///workdir/hadoop-ozone/integration-test/target/log,AVAILABLE}
2019-11-14 12:41:55,480 [main] INFO  handler.ContextHandler (ContextHandler.java:doStart(781)) - Started o.e.j.s.ServletContextHandler@23e61112{/static,jar:file:/home/user/.m2/repository/org/apache/hadoop/hadoop-hdds-container-service/0.5.0-SNAPSHOT/hadoop-hdds-container-service-0.5.0-SNAPSHOT.jar!/webapps/static,AVAILABLE}
2019-11-14 12:41:55,523 [main] INFO  handler.ContextHandler (ContextHandler.java:doStart(781)) - Started o.e.j.w.WebAppContext@578c3fd9{/,file:///tmp/jetty-0.0.0.0-38531-hddsDatanode-_-any-8057416089059740704.dir/webapp/,AVAILABLE}{/hddsDatanode}
2019-11-14 12:41:55,524 [main] INFO  server.AbstractConnector (AbstractConnector.java:doStart(278)) - Started ServerConnector@245cb8df{HTTP/1.1,[http/1.1]}{0.0.0.0:38531}
2019-11-14 12:41:55,525 [main] INFO  server.Server (Server.java:doStart(419)) - Started @201986ms
2019-11-14 12:41:55,525 [main] WARN  impl.MetricsSystemImpl (MetricsSystemImpl.java:register(276)) - Sink prometheus already exists!
2019-11-14 12:41:55,526 [main] INFO  server.BaseHttpServer (BaseHttpServer.java:updateConnectorAddress(215)) - HTTP server of HDDSDATANODE is listening at http://0.0.0.0:38531
2019-11-14 12:41:55,527 [main] INFO  impl.MetricsSystemImpl (MetricsSystemImpl.java:init(158)) - HddsDatanode metrics system started (again)
2019-11-14 12:41:55,529 [org.apache.hadoop.util.JvmPauseMonitor$Monitor@443c18f3] INFO  util.JvmPauseMonitor (JvmPauseMonitor.java:run(188)) - Starting JVM pause monitor
2019-11-14 12:41:55,529 [main] INFO  ozone.HddsDatanodeService (HddsDatanodeService.java:start(186)) - HddsDatanodeService host:pr-hdds-2481-nxhrh-893604966 ip:192.168.34.21
2019-11-14 12:41:55,531 [Datanode State Machine Thread - 0] INFO  datanode.InitDatanodeState (InitDatanodeState.java:persistContainerDatanodeDetails(140)) - DatanodeDetails is persisted to /workdir/hadoop-ozone/integration-test/target/test-dir/MiniOzoneClusterImpl-00c2d61f-fa45-4119-a3b8-446fff627119/datanode-0/meta/datanode.id
2019-11-14 12:41:55,535 [main] INFO  volume.HddsVolume (HddsVolume.java:<init>(176)) - Creating Volume: /workdir/hadoop-ozone/integration-test/target/test-dir/MiniOzoneClusterImpl-00c2d61f-fa45-4119-a3b8-446fff627119/datanode-1/data/containers/hdds of  storage type : DISK and capacity : 1482555576320
2019-11-14 12:41:55,535 [main] INFO  volume.VolumeSet (VolumeSet.java:initializeVolumeSet(170)) - Added Volume : /workdir/hadoop-ozone/integration-test/target/test-dir/MiniOzoneClusterImpl-00c2d61f-fa45-4119-a3b8-446fff627119/datanode-1/data/containers/hdds to VolumeSet
2019-11-14 12:41:55,535 [main] INFO  volume.ThrottledAsyncChecker (ThrottledAsyncChecker.java:schedule(141)) - Scheduling a check for /workdir/hadoop-ozone/integration-test/target/test-dir/MiniOzoneClusterImpl-00c2d61f-fa45-4119-a3b8-446fff627119/datanode-1/data/containers/hdds
2019-11-14 12:41:55,535 [main] INFO  volume.HddsVolumeChecker (HddsVolumeChecker.java:checkAllVolumes(204)) - Scheduled health check for volume /workdir/hadoop-ozone/integration-test/target/test-dir/MiniOzoneClusterImpl-00c2d61f-fa45-4119-a3b8-446fff627119/datanode-1/data/containers/hdds
2019-11-14 12:41:55,546 [main] INFO  impl.RaftServerProxy (ConfUtils.java:logGet(43)) - raft.rpc.type = GRPC (default)
2019-11-14 12:41:55,546 [main] INFO  grpc.GrpcFactory (GrpcFactory.java:checkPooledByteBufAllocatorUseCacheForAllThreads(45)) - PERFORMANCE WARNING: useCacheForAllThreads is true that may cause Netty to create a lot garbage objects and, as a result, trigger GC.
	It is recommended to disable useCacheForAllThreads by setting -Dorg.apache.ratis.thirdparty.io.netty.allocator.useCacheForAllThreads=false in command line.
2019-11-14 12:41:55,546 [main] INFO  grpc.GrpcConfigKeys$Server (ConfUtils.java:logGet(43)) - raft.grpc.server.port = 0 (default)
2019-11-14 12:41:55,546 [main] INFO  server.GrpcService (ConfUtils.java:logGet(43)) - raft.grpc.message.size.max = 33570816 (custom)
2019-11-14 12:41:55,546 [main] INFO  server.RaftServerConfigKeys (ConfUtils.java:logGet(43)) - raft.server.log.appender.buffer.byte-limit = 33554432 (custom)
2019-11-14 12:41:55,546 [main] INFO  server.GrpcService (ConfUtils.java:logGet(43)) - raft.grpc.flow.control.window = 1MB (=1048576) (default)
2019-11-14 12:41:55,546 [main] INFO  server.RaftServerConfigKeys (ConfUtils.java:logGet(43)) - raft.server.rpc.request.timeout = 3000ms (default)
2019-11-14 12:41:55,547 [main] INFO  server.RaftServerConfigKeys (ConfUtils.java:logGet(43)) - raft.server.storage.dir = [/workdir/hadoop-ozone/integration-test/target/test-dir/MiniOzoneClusterImpl-00c2d61f-fa45-4119-a3b8-446fff627119/datanode-1/data/ratis] (custom)
2019-11-14 12:41:55,548 [main] INFO  hdfs.DFSUtil (DFSUtil.java:httpServerTemplateForNNAndJN(1641)) - Starting Web-server for hddsDatanode at: http://0.0.0.0:0
2019-11-14 12:41:55,549 [main] INFO  server.AuthenticationFilter (AuthenticationFilter.java:constructSecretProvider(240)) - Unable to initialize FileSignerSecretProvider, falling back to use random secrets.
2019-11-14 12:41:55,549 [main] WARN  http.HttpRequestLog (HttpRequestLog.java:getRequestLog(97)) - Jetty request log can only be enabled using Log4j
2019-11-14 12:41:55,551 [main] INFO  http.HttpServer2 (HttpServer2.java:addGlobalFilter(975)) - Added global filter 'safety' (class=org.apache.hadoop.http.HttpServer2$QuotingInputFilter)
2019-11-14 12:41:55,551 [main] INFO  http.HttpServer2 (HttpServer2.java:addFilter(948)) - Added filter static_user_filter (class=org.apache.hadoop.http.lib.StaticUserWebFilter$StaticUserFilter) to context hddsDatanode
2019-11-14 12:41:55,551 [main] INFO  http.HttpServer2 (HttpServer2.java:addFilter(958)) - Added filter static_user_filter (class=org.apache.hadoop.http.lib.StaticUserWebFilter$StaticUserFilter) to context static
2019-11-14 12:41:55,551 [main] INFO  http.HttpServer2 (HttpServer2.java:addFilter(958)) - Added filter static_user_filter (class=org.apache.hadoop.http.lib.StaticUserWebFilter$StaticUserFilter) to context logs
2019-11-14 12:41:55,552 [main] INFO  http.HttpServer2 (HttpServer2.java:bindListener(1191)) - Jetty bound to port 43975
2019-11-14 12:41:55,552 [main] INFO  server.Server (Server.java:doStart(351)) - jetty-9.3.25.v20180904, build timestamp: 2018-09-04T21:11:46Z, git hash: 3ce520221d0240229c862b122d2b06c12a625732
2019-11-14 12:41:55,553 [main] INFO  handler.ContextHandler (ContextHandler.java:doStart(781)) - Started o.e.j.s.ServletContextHandler@1e56bc9b{/logs,file:///workdir/hadoop-ozone/integration-test/target/log,AVAILABLE}
2019-11-14 12:41:55,554 [main] INFO  handler.ContextHandler (ContextHandler.java:doStart(781)) - Started o.e.j.s.ServletContextHandler@403364e9{/static,jar:file:/home/user/.m2/repository/org/apache/hadoop/hadoop-hdds-container-service/0.5.0-SNAPSHOT/hadoop-hdds-container-service-0.5.0-SNAPSHOT.jar!/webapps/static,AVAILABLE}
2019-11-14 12:41:55,580 [main] INFO  handler.ContextHandler (ContextHandler.java:doStart(781)) - Started o.e.j.w.WebAppContext@34f7b44f{/,file:///tmp/jetty-0.0.0.0-43975-hddsDatanode-_-any-7531876268159073333.dir/webapp/,AVAILABLE}{/hddsDatanode}
2019-11-14 12:41:55,580 [main] INFO  server.AbstractConnector (AbstractConnector.java:doStart(278)) - Started ServerConnector@5403907{HTTP/1.1,[http/1.1]}{0.0.0.0:43975}
2019-11-14 12:41:55,580 [main] INFO  server.Server (Server.java:doStart(419)) - Started @202041ms
2019-11-14 12:41:55,581 [main] WARN  impl.MetricsSystemImpl (MetricsSystemImpl.java:register(276)) - Sink prometheus already exists!
2019-11-14 12:41:55,582 [main] INFO  server.BaseHttpServer (BaseHttpServer.java:updateConnectorAddress(215)) - HTTP server of HDDSDATANODE is listening at http://0.0.0.0:43975
2019-11-14 12:41:55,582 [main] INFO  impl.MetricsSystemImpl (MetricsSystemImpl.java:init(158)) - HddsDatanode metrics system started (again)
2019-11-14 12:41:55,584 [org.apache.hadoop.util.JvmPauseMonitor$Monitor@5f3d7e2b] INFO  util.JvmPauseMonitor (JvmPauseMonitor.java:run(188)) - Starting JVM pause monitor
2019-11-14 12:41:55,585 [main] INFO  ozone.HddsDatanodeService (HddsDatanodeService.java:start(186)) - HddsDatanodeService host:pr-hdds-2481-nxhrh-893604966 ip:192.168.34.21
2019-11-14 12:41:55,586 [Datanode State Machine Thread - 0] INFO  datanode.InitDatanodeState (InitDatanodeState.java:persistContainerDatanodeDetails(140)) - DatanodeDetails is persisted to /workdir/hadoop-ozone/integration-test/target/test-dir/MiniOzoneClusterImpl-00c2d61f-fa45-4119-a3b8-446fff627119/datanode-1/meta/datanode.id
2019-11-14 12:41:55,590 [main] INFO  volume.HddsVolume (HddsVolume.java:<init>(176)) - Creating Volume: /workdir/hadoop-ozone/integration-test/target/test-dir/MiniOzoneClusterImpl-00c2d61f-fa45-4119-a3b8-446fff627119/datanode-2/data/containers/hdds of  storage type : DISK and capacity : 1482555576320
2019-11-14 12:41:55,590 [main] INFO  volume.VolumeSet (VolumeSet.java:initializeVolumeSet(170)) - Added Volume : /workdir/hadoop-ozone/integration-test/target/test-dir/MiniOzoneClusterImpl-00c2d61f-fa45-4119-a3b8-446fff627119/datanode-2/data/containers/hdds to VolumeSet
2019-11-14 12:41:55,590 [main] INFO  volume.ThrottledAsyncChecker (ThrottledAsyncChecker.java:schedule(141)) - Scheduling a check for /workdir/hadoop-ozone/integration-test/target/test-dir/MiniOzoneClusterImpl-00c2d61f-fa45-4119-a3b8-446fff627119/datanode-2/data/containers/hdds
2019-11-14 12:41:55,591 [main] INFO  volume.HddsVolumeChecker (HddsVolumeChecker.java:checkAllVolumes(204)) - Scheduled health check for volume /workdir/hadoop-ozone/integration-test/target/test-dir/MiniOzoneClusterImpl-00c2d61f-fa45-4119-a3b8-446fff627119/datanode-2/data/containers/hdds
2019-11-14 12:41:55,601 [main] INFO  impl.RaftServerProxy (ConfUtils.java:logGet(43)) - raft.rpc.type = GRPC (default)
2019-11-14 12:41:55,602 [main] INFO  grpc.GrpcFactory (GrpcFactory.java:checkPooledByteBufAllocatorUseCacheForAllThreads(45)) - PERFORMANCE WARNING: useCacheForAllThreads is true that may cause Netty to create a lot garbage objects and, as a result, trigger GC.
	It is recommended to disable useCacheForAllThreads by setting -Dorg.apache.ratis.thirdparty.io.netty.allocator.useCacheForAllThreads=false in command line.
2019-11-14 12:41:55,602 [main] INFO  grpc.GrpcConfigKeys$Server (ConfUtils.java:logGet(43)) - raft.grpc.server.port = 0 (default)
2019-11-14 12:41:55,602 [main] INFO  server.GrpcService (ConfUtils.java:logGet(43)) - raft.grpc.message.size.max = 33570816 (custom)
2019-11-14 12:41:55,602 [main] INFO  server.RaftServerConfigKeys (ConfUtils.java:logGet(43)) - raft.server.log.appender.buffer.byte-limit = 33554432 (custom)
2019-11-14 12:41:55,602 [main] INFO  server.GrpcService (ConfUtils.java:logGet(43)) - raft.grpc.flow.control.window = 1MB (=1048576) (default)
2019-11-14 12:41:55,602 [main] INFO  server.RaftServerConfigKeys (ConfUtils.java:logGet(43)) - raft.server.rpc.request.timeout = 3000ms (default)
2019-11-14 12:41:55,603 [main] INFO  server.RaftServerConfigKeys (ConfUtils.java:logGet(43)) - raft.server.storage.dir = [/workdir/hadoop-ozone/integration-test/target/test-dir/MiniOzoneClusterImpl-00c2d61f-fa45-4119-a3b8-446fff627119/datanode-2/data/ratis] (custom)
2019-11-14 12:41:55,604 [main] INFO  hdfs.DFSUtil (DFSUtil.java:httpServerTemplateForNNAndJN(1641)) - Starting Web-server for hddsDatanode at: http://0.0.0.0:0
2019-11-14 12:41:55,605 [main] INFO  server.AuthenticationFilter (AuthenticationFilter.java:constructSecretProvider(240)) - Unable to initialize FileSignerSecretProvider, falling back to use random secrets.
2019-11-14 12:41:55,606 [main] WARN  http.HttpRequestLog (HttpRequestLog.java:getRequestLog(97)) - Jetty request log can only be enabled using Log4j
2019-11-14 12:41:55,607 [main] INFO  http.HttpServer2 (HttpServer2.java:addGlobalFilter(975)) - Added global filter 'safety' (class=org.apache.hadoop.http.HttpServer2$QuotingInputFilter)
2019-11-14 12:41:55,607 [main] INFO  http.HttpServer2 (HttpServer2.java:addFilter(948)) - Added filter static_user_filter (class=org.apache.hadoop.http.lib.StaticUserWebFilter$StaticUserFilter) to context hddsDatanode
2019-11-14 12:41:55,607 [main] INFO  http.HttpServer2 (HttpServer2.java:addFilter(958)) - Added filter static_user_filter (class=org.apache.hadoop.http.lib.StaticUserWebFilter$StaticUserFilter) to context logs
2019-11-14 12:41:55,607 [main] INFO  http.HttpServer2 (HttpServer2.java:addFilter(958)) - Added filter static_user_filter (class=org.apache.hadoop.http.lib.StaticUserWebFilter$StaticUserFilter) to context static
2019-11-14 12:41:55,608 [main] INFO  http.HttpServer2 (HttpServer2.java:bindListener(1191)) - Jetty bound to port 36659
2019-11-14 12:41:55,608 [main] INFO  server.Server (Server.java:doStart(351)) - jetty-9.3.25.v20180904, build timestamp: 2018-09-04T21:11:46Z, git hash: 3ce520221d0240229c862b122d2b06c12a625732
2019-11-14 12:41:55,609 [main] INFO  handler.ContextHandler (ContextHandler.java:doStart(781)) - Started o.e.j.s.ServletContextHandler@53016b11{/logs,file:///workdir/hadoop-ozone/integration-test/target/log,AVAILABLE}
2019-11-14 12:41:55,610 [main] INFO  handler.ContextHandler (ContextHandler.java:doStart(781)) - Started o.e.j.s.ServletContextHandler@743d0d44{/static,jar:file:/home/user/.m2/repository/org/apache/hadoop/hadoop-hdds-container-service/0.5.0-SNAPSHOT/hadoop-hdds-container-service-0.5.0-SNAPSHOT.jar!/webapps/static,AVAILABLE}
2019-11-14 12:41:55,636 [main] INFO  handler.ContextHandler (ContextHandler.java:doStart(781)) - Started o.e.j.w.WebAppContext@7f2b584b{/,file:///tmp/jetty-0.0.0.0-36659-hddsDatanode-_-any-3705809068390021155.dir/webapp/,AVAILABLE}{/hddsDatanode}
2019-11-14 12:41:55,636 [main] INFO  server.AbstractConnector (AbstractConnector.java:doStart(278)) - Started ServerConnector@5866731{HTTP/1.1,[http/1.1]}{0.0.0.0:36659}
2019-11-14 12:41:55,636 [main] INFO  server.Server (Server.java:doStart(419)) - Started @202098ms
2019-11-14 12:41:55,637 [main] WARN  impl.MetricsSystemImpl (MetricsSystemImpl.java:register(276)) - Sink prometheus already exists!
2019-11-14 12:41:55,638 [main] INFO  server.BaseHttpServer (BaseHttpServer.java:updateConnectorAddress(215)) - HTTP server of HDDSDATANODE is listening at http://0.0.0.0:36659
2019-11-14 12:41:55,639 [main] INFO  impl.MetricsSystemImpl (MetricsSystemImpl.java:init(158)) - HddsDatanode metrics system started (again)
2019-11-14 12:41:55,641 [org.apache.hadoop.util.JvmPauseMonitor$Monitor@17100ef1] INFO  util.JvmPauseMonitor (JvmPauseMonitor.java:run(188)) - Starting JVM pause monitor
2019-11-14 12:41:55,641 [main] INFO  ozone.HddsDatanodeService (HddsDatanodeService.java:start(186)) - HddsDatanodeService host:pr-hdds-2481-nxhrh-893604966 ip:192.168.34.21
2019-11-14 12:41:55,642 [Datanode State Machine Thread - 0] INFO  datanode.InitDatanodeState (InitDatanodeState.java:persistContainerDatanodeDetails(140)) - DatanodeDetails is persisted to /workdir/hadoop-ozone/integration-test/target/test-dir/MiniOzoneClusterImpl-00c2d61f-fa45-4119-a3b8-446fff627119/datanode-2/meta/datanode.id
2019-11-14 12:41:55,647 [main] INFO  volume.HddsVolume (HddsVolume.java:<init>(176)) - Creating Volume: /workdir/hadoop-ozone/integration-test/target/test-dir/MiniOzoneClusterImpl-00c2d61f-fa45-4119-a3b8-446fff627119/datanode-3/data/containers/hdds of  storage type : DISK and capacity : 1482555576320
2019-11-14 12:41:55,647 [main] INFO  volume.VolumeSet (VolumeSet.java:initializeVolumeSet(170)) - Added Volume : /workdir/hadoop-ozone/integration-test/target/test-dir/MiniOzoneClusterImpl-00c2d61f-fa45-4119-a3b8-446fff627119/datanode-3/data/containers/hdds to VolumeSet
2019-11-14 12:41:55,647 [main] INFO  volume.ThrottledAsyncChecker (ThrottledAsyncChecker.java:schedule(141)) - Scheduling a check for /workdir/hadoop-ozone/integration-test/target/test-dir/MiniOzoneClusterImpl-00c2d61f-fa45-4119-a3b8-446fff627119/datanode-3/data/containers/hdds
2019-11-14 12:41:55,648 [main] INFO  volume.HddsVolumeChecker (HddsVolumeChecker.java:checkAllVolumes(204)) - Scheduled health check for volume /workdir/hadoop-ozone/integration-test/target/test-dir/MiniOzoneClusterImpl-00c2d61f-fa45-4119-a3b8-446fff627119/datanode-3/data/containers/hdds
2019-11-14 12:41:55,659 [main] INFO  impl.RaftServerProxy (ConfUtils.java:logGet(43)) - raft.rpc.type = GRPC (default)
2019-11-14 12:41:55,659 [main] INFO  grpc.GrpcFactory (GrpcFactory.java:checkPooledByteBufAllocatorUseCacheForAllThreads(45)) - PERFORMANCE WARNING: useCacheForAllThreads is true that may cause Netty to create a lot garbage objects and, as a result, trigger GC.
	It is recommended to disable useCacheForAllThreads by setting -Dorg.apache.ratis.thirdparty.io.netty.allocator.useCacheForAllThreads=false in command line.
2019-11-14 12:41:55,659 [main] INFO  grpc.GrpcConfigKeys$Server (ConfUtils.java:logGet(43)) - raft.grpc.server.port = 0 (default)
2019-11-14 12:41:55,659 [main] INFO  server.GrpcService (ConfUtils.java:logGet(43)) - raft.grpc.message.size.max = 33570816 (custom)
2019-11-14 12:41:55,659 [main] INFO  server.RaftServerConfigKeys (ConfUtils.java:logGet(43)) - raft.server.log.appender.buffer.byte-limit = 33554432 (custom)
2019-11-14 12:41:55,659 [main] INFO  server.GrpcService (ConfUtils.java:logGet(43)) - raft.grpc.flow.control.window = 1MB (=1048576) (default)
2019-11-14 12:41:55,660 [main] INFO  server.RaftServerConfigKeys (ConfUtils.java:logGet(43)) - raft.server.rpc.request.timeout = 3000ms (default)
2019-11-14 12:41:55,660 [main] INFO  server.RaftServerConfigKeys (ConfUtils.java:logGet(43)) - raft.server.storage.dir = [/workdir/hadoop-ozone/integration-test/target/test-dir/MiniOzoneClusterImpl-00c2d61f-fa45-4119-a3b8-446fff627119/datanode-3/data/ratis] (custom)
2019-11-14 12:41:55,661 [main] INFO  hdfs.DFSUtil (DFSUtil.java:httpServerTemplateForNNAndJN(1641)) - Starting Web-server for hddsDatanode at: http://0.0.0.0:0
2019-11-14 12:41:55,662 [main] INFO  server.AuthenticationFilter (AuthenticationFilter.java:constructSecretProvider(240)) - Unable to initialize FileSignerSecretProvider, falling back to use random secrets.
2019-11-14 12:41:55,663 [main] WARN  http.HttpRequestLog (HttpRequestLog.java:getRequestLog(97)) - Jetty request log can only be enabled using Log4j
2019-11-14 12:41:55,664 [main] INFO  http.HttpServer2 (HttpServer2.java:addGlobalFilter(975)) - Added global filter 'safety' (class=org.apache.hadoop.http.HttpServer2$QuotingInputFilter)
2019-11-14 12:41:55,664 [main] INFO  http.HttpServer2 (HttpServer2.java:addFilter(948)) - Added filter static_user_filter (class=org.apache.hadoop.http.lib.StaticUserWebFilter$StaticUserFilter) to context hddsDatanode
2019-11-14 12:41:55,665 [main] INFO  http.HttpServer2 (HttpServer2.java:addFilter(958)) - Added filter static_user_filter (class=org.apache.hadoop.http.lib.StaticUserWebFilter$StaticUserFilter) to context logs
2019-11-14 12:41:55,665 [main] INFO  http.HttpServer2 (HttpServer2.java:addFilter(958)) - Added filter static_user_filter (class=org.apache.hadoop.http.lib.StaticUserWebFilter$StaticUserFilter) to context static
2019-11-14 12:41:55,665 [main] INFO  http.HttpServer2 (HttpServer2.java:bindListener(1191)) - Jetty bound to port 37481
2019-11-14 12:41:55,665 [main] INFO  server.Server (Server.java:doStart(351)) - jetty-9.3.25.v20180904, build timestamp: 2018-09-04T21:11:46Z, git hash: 3ce520221d0240229c862b122d2b06c12a625732
2019-11-14 12:41:55,667 [main] INFO  handler.ContextHandler (ContextHandler.java:doStart(781)) - Started o.e.j.s.ServletContextHandler@71166348{/logs,file:///workdir/hadoop-ozone/integration-test/target/log,AVAILABLE}
2019-11-14 12:41:55,667 [main] INFO  handler.ContextHandler (ContextHandler.java:doStart(781)) - Started o.e.j.s.ServletContextHandler@20bb85b4{/static,jar:file:/home/user/.m2/repository/org/apache/hadoop/hadoop-hdds-container-service/0.5.0-SNAPSHOT/hadoop-hdds-container-service-0.5.0-SNAPSHOT.jar!/webapps/static,AVAILABLE}
2019-11-14 12:41:55,693 [main] INFO  handler.ContextHandler (ContextHandler.java:doStart(781)) - Started o.e.j.w.WebAppContext@51b87df7{/,file:///tmp/jetty-0.0.0.0-37481-hddsDatanode-_-any-2991484502984153391.dir/webapp/,AVAILABLE}{/hddsDatanode}
2019-11-14 12:41:55,693 [main] INFO  server.AbstractConnector (AbstractConnector.java:doStart(278)) - Started ServerConnector@2315052d{HTTP/1.1,[http/1.1]}{0.0.0.0:37481}
2019-11-14 12:41:55,694 [main] INFO  server.Server (Server.java:doStart(419)) - Started @202155ms
2019-11-14 12:41:55,694 [main] WARN  impl.MetricsSystemImpl (MetricsSystemImpl.java:register(276)) - Sink prometheus already exists!
2019-11-14 12:41:55,695 [main] INFO  server.BaseHttpServer (BaseHttpServer.java:updateConnectorAddress(215)) - HTTP server of HDDSDATANODE is listening at http://0.0.0.0:37481
2019-11-14 12:41:55,695 [main] INFO  impl.MetricsSystemImpl (MetricsSystemImpl.java:init(158)) - HddsDatanode metrics system started (again)
2019-11-14 12:41:55,698 [main] INFO  ozone.HddsDatanodeService (HddsDatanodeService.java:start(186)) - HddsDatanodeService host:pr-hdds-2481-nxhrh-893604966 ip:192.168.34.21
2019-11-14 12:41:55,698 [org.apache.hadoop.util.JvmPauseMonitor$Monitor@6bdc25df] INFO  util.JvmPauseMonitor (JvmPauseMonitor.java:run(188)) - Starting JVM pause monitor
2019-11-14 12:41:55,699 [Datanode State Machine Thread - 0] INFO  datanode.InitDatanodeState (InitDatanodeState.java:persistContainerDatanodeDetails(140)) - DatanodeDetails is persisted to /workdir/hadoop-ozone/integration-test/target/test-dir/MiniOzoneClusterImpl-00c2d61f-fa45-4119-a3b8-446fff627119/datanode-3/meta/datanode.id
2019-11-14 12:41:55,703 [main] INFO  volume.HddsVolume (HddsVolume.java:<init>(176)) - Creating Volume: /workdir/hadoop-ozone/integration-test/target/test-dir/MiniOzoneClusterImpl-00c2d61f-fa45-4119-a3b8-446fff627119/datanode-4/data/containers/hdds of  storage type : DISK and capacity : 1482555576320
2019-11-14 12:41:55,704 [main] INFO  volume.VolumeSet (VolumeSet.java:initializeVolumeSet(170)) - Added Volume : /workdir/hadoop-ozone/integration-test/target/test-dir/MiniOzoneClusterImpl-00c2d61f-fa45-4119-a3b8-446fff627119/datanode-4/data/containers/hdds to VolumeSet
2019-11-14 12:41:55,704 [main] INFO  volume.ThrottledAsyncChecker (ThrottledAsyncChecker.java:schedule(141)) - Scheduling a check for /workdir/hadoop-ozone/integration-test/target/test-dir/MiniOzoneClusterImpl-00c2d61f-fa45-4119-a3b8-446fff627119/datanode-4/data/containers/hdds
2019-11-14 12:41:55,704 [main] INFO  volume.HddsVolumeChecker (HddsVolumeChecker.java:checkAllVolumes(204)) - Scheduled health check for volume /workdir/hadoop-ozone/integration-test/target/test-dir/MiniOzoneClusterImpl-00c2d61f-fa45-4119-a3b8-446fff627119/datanode-4/data/containers/hdds
2019-11-14 12:41:55,715 [main] INFO  impl.RaftServerProxy (ConfUtils.java:logGet(43)) - raft.rpc.type = GRPC (default)
2019-11-14 12:41:55,715 [main] INFO  grpc.GrpcFactory (GrpcFactory.java:checkPooledByteBufAllocatorUseCacheForAllThreads(45)) - PERFORMANCE WARNING: useCacheForAllThreads is true that may cause Netty to create a lot garbage objects and, as a result, trigger GC.
	It is recommended to disable useCacheForAllThreads by setting -Dorg.apache.ratis.thirdparty.io.netty.allocator.useCacheForAllThreads=false in command line.
2019-11-14 12:41:55,716 [main] INFO  grpc.GrpcConfigKeys$Server (ConfUtils.java:logGet(43)) - raft.grpc.server.port = 0 (default)
2019-11-14 12:41:55,716 [main] INFO  server.GrpcService (ConfUtils.java:logGet(43)) - raft.grpc.message.size.max = 33570816 (custom)
2019-11-14 12:41:55,716 [main] INFO  server.RaftServerConfigKeys (ConfUtils.java:logGet(43)) - raft.server.log.appender.buffer.byte-limit = 33554432 (custom)
2019-11-14 12:41:55,716 [main] INFO  server.GrpcService (ConfUtils.java:logGet(43)) - raft.grpc.flow.control.window = 1MB (=1048576) (default)
2019-11-14 12:41:55,716 [main] INFO  server.RaftServerConfigKeys (ConfUtils.java:logGet(43)) - raft.server.rpc.request.timeout = 3000ms (default)
2019-11-14 12:41:55,716 [main] INFO  server.RaftServerConfigKeys (ConfUtils.java:logGet(43)) - raft.server.storage.dir = [/workdir/hadoop-ozone/integration-test/target/test-dir/MiniOzoneClusterImpl-00c2d61f-fa45-4119-a3b8-446fff627119/datanode-4/data/ratis] (custom)
2019-11-14 12:41:55,718 [main] INFO  hdfs.DFSUtil (DFSUtil.java:httpServerTemplateForNNAndJN(1641)) - Starting Web-server for hddsDatanode at: http://0.0.0.0:0
2019-11-14 12:41:55,719 [main] INFO  server.AuthenticationFilter (AuthenticationFilter.java:constructSecretProvider(240)) - Unable to initialize FileSignerSecretProvider, falling back to use random secrets.
2019-11-14 12:41:55,719 [main] WARN  http.HttpRequestLog (HttpRequestLog.java:getRequestLog(97)) - Jetty request log can only be enabled using Log4j
2019-11-14 12:41:55,720 [main] INFO  http.HttpServer2 (HttpServer2.java:addGlobalFilter(975)) - Added global filter 'safety' (class=org.apache.hadoop.http.HttpServer2$QuotingInputFilter)
2019-11-14 12:41:55,721 [main] INFO  http.HttpServer2 (HttpServer2.java:addFilter(948)) - Added filter static_user_filter (class=org.apache.hadoop.http.lib.StaticUserWebFilter$StaticUserFilter) to context hddsDatanode
2019-11-14 12:41:55,721 [main] INFO  http.HttpServer2 (HttpServer2.java:addFilter(958)) - Added filter static_user_filter (class=org.apache.hadoop.http.lib.StaticUserWebFilter$StaticUserFilter) to context logs
2019-11-14 12:41:55,721 [main] INFO  http.HttpServer2 (HttpServer2.java:addFilter(958)) - Added filter static_user_filter (class=org.apache.hadoop.http.lib.StaticUserWebFilter$StaticUserFilter) to context static
2019-11-14 12:41:55,721 [main] INFO  http.HttpServer2 (HttpServer2.java:bindListener(1191)) - Jetty bound to port 44352
2019-11-14 12:41:55,722 [main] INFO  server.Server (Server.java:doStart(351)) - jetty-9.3.25.v20180904, build timestamp: 2018-09-04T21:11:46Z, git hash: 3ce520221d0240229c862b122d2b06c12a625732
2019-11-14 12:41:55,723 [main] INFO  handler.ContextHandler (ContextHandler.java:doStart(781)) - Started o.e.j.s.ServletContextHandler@787d1f9c{/logs,file:///workdir/hadoop-ozone/integration-test/target/log,AVAILABLE}
2019-11-14 12:41:55,723 [main] INFO  handler.ContextHandler (ContextHandler.java:doStart(781)) - Started o.e.j.s.ServletContextHandler@7c71c889{/static,jar:file:/home/user/.m2/repository/org/apache/hadoop/hadoop-hdds-container-service/0.5.0-SNAPSHOT/hadoop-hdds-container-service-0.5.0-SNAPSHOT.jar!/webapps/static,AVAILABLE}
2019-11-14 12:41:55,748 [main] INFO  handler.ContextHandler (ContextHandler.java:doStart(781)) - Started o.e.j.w.WebAppContext@437281c5{/,file:///tmp/jetty-0.0.0.0-44352-hddsDatanode-_-any-6548774704717252311.dir/webapp/,AVAILABLE}{/hddsDatanode}
2019-11-14 12:41:55,748 [main] INFO  server.AbstractConnector (AbstractConnector.java:doStart(278)) - Started ServerConnector@787178b1{HTTP/1.1,[http/1.1]}{0.0.0.0:44352}
2019-11-14 12:41:55,749 [main] INFO  server.Server (Server.java:doStart(419)) - Started @202210ms
2019-11-14 12:41:55,749 [main] WARN  impl.MetricsSystemImpl (MetricsSystemImpl.java:register(276)) - Sink prometheus already exists!
2019-11-14 12:41:55,750 [main] INFO  server.BaseHttpServer (BaseHttpServer.java:updateConnectorAddress(215)) - HTTP server of HDDSDATANODE is listening at http://0.0.0.0:44352
2019-11-14 12:41:55,750 [main] INFO  impl.MetricsSystemImpl (MetricsSystemImpl.java:init(158)) - HddsDatanode metrics system started (again)
2019-11-14 12:41:55,753 [main] INFO  ozone.HddsDatanodeService (HddsDatanodeService.java:start(186)) - HddsDatanodeService host:pr-hdds-2481-nxhrh-893604966 ip:192.168.34.21
2019-11-14 12:41:55,754 [org.apache.hadoop.util.JvmPauseMonitor$Monitor@c097d0d] INFO  util.JvmPauseMonitor (JvmPauseMonitor.java:run(188)) - Starting JVM pause monitor
2019-11-14 12:41:55,754 [Datanode State Machine Thread - 0] INFO  datanode.InitDatanodeState (InitDatanodeState.java:persistContainerDatanodeDetails(140)) - DatanodeDetails is persisted to /workdir/hadoop-ozone/integration-test/target/test-dir/MiniOzoneClusterImpl-00c2d61f-fa45-4119-a3b8-446fff627119/datanode-4/meta/datanode.id
2019-11-14 12:41:55,759 [main] INFO  volume.HddsVolume (HddsVolume.java:<init>(176)) - Creating Volume: /workdir/hadoop-ozone/integration-test/target/test-dir/MiniOzoneClusterImpl-00c2d61f-fa45-4119-a3b8-446fff627119/datanode-5/data/containers/hdds of  storage type : DISK and capacity : 1482555576320
2019-11-14 12:41:55,759 [main] INFO  volume.VolumeSet (VolumeSet.java:initializeVolumeSet(170)) - Added Volume : /workdir/hadoop-ozone/integration-test/target/test-dir/MiniOzoneClusterImpl-00c2d61f-fa45-4119-a3b8-446fff627119/datanode-5/data/containers/hdds to VolumeSet
2019-11-14 12:41:55,760 [main] INFO  volume.ThrottledAsyncChecker (ThrottledAsyncChecker.java:schedule(141)) - Scheduling a check for /workdir/hadoop-ozone/integration-test/target/test-dir/MiniOzoneClusterImpl-00c2d61f-fa45-4119-a3b8-446fff627119/datanode-5/data/containers/hdds
2019-11-14 12:41:55,760 [main] INFO  volume.HddsVolumeChecker (HddsVolumeChecker.java:checkAllVolumes(204)) - Scheduled health check for volume /workdir/hadoop-ozone/integration-test/target/test-dir/MiniOzoneClusterImpl-00c2d61f-fa45-4119-a3b8-446fff627119/datanode-5/data/containers/hdds
2019-11-14 12:41:55,771 [main] INFO  impl.RaftServerProxy (ConfUtils.java:logGet(43)) - raft.rpc.type = GRPC (default)
2019-11-14 12:41:55,771 [main] INFO  grpc.GrpcFactory (GrpcFactory.java:checkPooledByteBufAllocatorUseCacheForAllThreads(45)) - PERFORMANCE WARNING: useCacheForAllThreads is true that may cause Netty to create a lot garbage objects and, as a result, trigger GC.
	It is recommended to disable useCacheForAllThreads by setting -Dorg.apache.ratis.thirdparty.io.netty.allocator.useCacheForAllThreads=false in command line.
2019-11-14 12:41:55,771 [main] INFO  grpc.GrpcConfigKeys$Server (ConfUtils.java:logGet(43)) - raft.grpc.server.port = 0 (default)
2019-11-14 12:41:55,771 [main] INFO  server.GrpcService (ConfUtils.java:logGet(43)) - raft.grpc.message.size.max = 33570816 (custom)
2019-11-14 12:41:55,771 [main] INFO  server.RaftServerConfigKeys (ConfUtils.java:logGet(43)) - raft.server.log.appender.buffer.byte-limit = 33554432 (custom)
2019-11-14 12:41:55,771 [main] INFO  server.GrpcService (ConfUtils.java:logGet(43)) - raft.grpc.flow.control.window = 1MB (=1048576) (default)
2019-11-14 12:41:55,772 [main] INFO  server.RaftServerConfigKeys (ConfUtils.java:logGet(43)) - raft.server.rpc.request.timeout = 3000ms (default)
2019-11-14 12:41:55,772 [main] INFO  server.RaftServerConfigKeys (ConfUtils.java:logGet(43)) - raft.server.storage.dir = [/workdir/hadoop-ozone/integration-test/target/test-dir/MiniOzoneClusterImpl-00c2d61f-fa45-4119-a3b8-446fff627119/datanode-5/data/ratis] (custom)
2019-11-14 12:41:55,773 [main] INFO  hdfs.DFSUtil (DFSUtil.java:httpServerTemplateForNNAndJN(1641)) - Starting Web-server for hddsDatanode at: http://0.0.0.0:0
2019-11-14 12:41:55,774 [main] INFO  server.AuthenticationFilter (AuthenticationFilter.java:constructSecretProvider(240)) - Unable to initialize FileSignerSecretProvider, falling back to use random secrets.
2019-11-14 12:41:55,775 [main] WARN  http.HttpRequestLog (HttpRequestLog.java:getRequestLog(97)) - Jetty request log can only be enabled using Log4j
2019-11-14 12:41:55,776 [main] INFO  http.HttpServer2 (HttpServer2.java:addGlobalFilter(975)) - Added global filter 'safety' (class=org.apache.hadoop.http.HttpServer2$QuotingInputFilter)
2019-11-14 12:41:55,776 [main] INFO  http.HttpServer2 (HttpServer2.java:addFilter(948)) - Added filter static_user_filter (class=org.apache.hadoop.http.lib.StaticUserWebFilter$StaticUserFilter) to context hddsDatanode
2019-11-14 12:41:55,776 [main] INFO  http.HttpServer2 (HttpServer2.java:addFilter(958)) - Added filter static_user_filter (class=org.apache.hadoop.http.lib.StaticUserWebFilter$StaticUserFilter) to context logs
2019-11-14 12:41:55,776 [main] INFO  http.HttpServer2 (HttpServer2.java:addFilter(958)) - Added filter static_user_filter (class=org.apache.hadoop.http.lib.StaticUserWebFilter$StaticUserFilter) to context static
2019-11-14 12:41:55,777 [main] INFO  http.HttpServer2 (HttpServer2.java:bindListener(1191)) - Jetty bound to port 33363
2019-11-14 12:41:55,777 [main] INFO  server.Server (Server.java:doStart(351)) - jetty-9.3.25.v20180904, build timestamp: 2018-09-04T21:11:46Z, git hash: 3ce520221d0240229c862b122d2b06c12a625732
2019-11-14 12:41:55,778 [main] INFO  handler.ContextHandler (ContextHandler.java:doStart(781)) - Started o.e.j.s.ServletContextHandler@40a1b6d4{/logs,file:///workdir/hadoop-ozone/integration-test/target/log,AVAILABLE}
2019-11-14 12:41:55,779 [main] INFO  handler.ContextHandler (ContextHandler.java:doStart(781)) - Started o.e.j.s.ServletContextHandler@2b79c8ff{/static,jar:file:/home/user/.m2/repository/org/apache/hadoop/hadoop-hdds-container-service/0.5.0-SNAPSHOT/hadoop-hdds-container-service-0.5.0-SNAPSHOT.jar!/webapps/static,AVAILABLE}
2019-11-14 12:41:55,804 [main] INFO  handler.ContextHandler (ContextHandler.java:doStart(781)) - Started o.e.j.w.WebAppContext@1282e98{/,file:///tmp/jetty-0.0.0.0-33363-hddsDatanode-_-any-8791049590613471518.dir/webapp/,AVAILABLE}{/hddsDatanode}
2019-11-14 12:41:55,805 [main] INFO  server.AbstractConnector (AbstractConnector.java:doStart(278)) - Started ServerConnector@4db0ba1c{HTTP/1.1,[http/1.1]}{0.0.0.0:33363}
2019-11-14 12:41:55,806 [main] INFO  server.Server (Server.java:doStart(419)) - Started @202267ms
2019-11-14 12:41:55,806 [main] WARN  impl.MetricsSystemImpl (MetricsSystemImpl.java:register(276)) - Sink prometheus already exists!
2019-11-14 12:41:55,807 [main] INFO  server.BaseHttpServer (BaseHttpServer.java:updateConnectorAddress(215)) - HTTP server of HDDSDATANODE is listening at http://0.0.0.0:33363
2019-11-14 12:41:55,808 [main] INFO  impl.MetricsSystemImpl (MetricsSystemImpl.java:init(158)) - HddsDatanode metrics system started (again)
2019-11-14 12:41:55,812 [org.apache.hadoop.util.JvmPauseMonitor$Monitor@3ee6e622] INFO  util.JvmPauseMonitor (JvmPauseMonitor.java:run(188)) - Starting JVM pause monitor
2019-11-14 12:41:55,813 [Datanode State Machine Thread - 0] INFO  datanode.InitDatanodeState (InitDatanodeState.java:persistContainerDatanodeDetails(140)) - DatanodeDetails is persisted to /workdir/hadoop-ozone/integration-test/target/test-dir/MiniOzoneClusterImpl-00c2d61f-fa45-4119-a3b8-446fff627119/datanode-5/meta/datanode.id
2019-11-14 12:41:55,813 [main] INFO  ozone.HddsDatanodeService (HddsDatanodeService.java:start(186)) - HddsDatanodeService host:pr-hdds-2481-nxhrh-893604966 ip:192.168.34.21
2019-11-14 12:41:55,819 [main] INFO  volume.HddsVolume (HddsVolume.java:<init>(176)) - Creating Volume: /workdir/hadoop-ozone/integration-test/target/test-dir/MiniOzoneClusterImpl-00c2d61f-fa45-4119-a3b8-446fff627119/datanode-6/data/containers/hdds of  storage type : DISK and capacity : 1482555576320
2019-11-14 12:41:55,819 [main] INFO  volume.VolumeSet (VolumeSet.java:initializeVolumeSet(170)) - Added Volume : /workdir/hadoop-ozone/integration-test/target/test-dir/MiniOzoneClusterImpl-00c2d61f-fa45-4119-a3b8-446fff627119/datanode-6/data/containers/hdds to VolumeSet
2019-11-14 12:41:55,820 [main] INFO  volume.ThrottledAsyncChecker (ThrottledAsyncChecker.java:schedule(141)) - Scheduling a check for /workdir/hadoop-ozone/integration-test/target/test-dir/MiniOzoneClusterImpl-00c2d61f-fa45-4119-a3b8-446fff627119/datanode-6/data/containers/hdds
2019-11-14 12:41:55,820 [main] INFO  volume.HddsVolumeChecker (HddsVolumeChecker.java:checkAllVolumes(204)) - Scheduled health check for volume /workdir/hadoop-ozone/integration-test/target/test-dir/MiniOzoneClusterImpl-00c2d61f-fa45-4119-a3b8-446fff627119/datanode-6/data/containers/hdds
2019-11-14 12:41:55,838 [main] INFO  impl.RaftServerProxy (ConfUtils.java:logGet(43)) - raft.rpc.type = GRPC (default)
2019-11-14 12:41:55,838 [main] INFO  grpc.GrpcFactory (GrpcFactory.java:checkPooledByteBufAllocatorUseCacheForAllThreads(45)) - PERFORMANCE WARNING: useCacheForAllThreads is true that may cause Netty to create a lot garbage objects and, as a result, trigger GC.
	It is recommended to disable useCacheForAllThreads by setting -Dorg.apache.ratis.thirdparty.io.netty.allocator.useCacheForAllThreads=false in command line.
2019-11-14 12:41:55,838 [main] INFO  grpc.GrpcConfigKeys$Server (ConfUtils.java:logGet(43)) - raft.grpc.server.port = 0 (default)
2019-11-14 12:41:55,838 [main] INFO  server.GrpcService (ConfUtils.java:logGet(43)) - raft.grpc.message.size.max = 33570816 (custom)
2019-11-14 12:41:55,839 [main] INFO  server.RaftServerConfigKeys (ConfUtils.java:logGet(43)) - raft.server.log.appender.buffer.byte-limit = 33554432 (custom)
2019-11-14 12:41:55,839 [main] INFO  server.GrpcService (ConfUtils.java:logGet(43)) - raft.grpc.flow.control.window = 1MB (=1048576) (default)
2019-11-14 12:41:55,839 [main] INFO  server.RaftServerConfigKeys (ConfUtils.java:logGet(43)) - raft.server.rpc.request.timeout = 3000ms (default)
2019-11-14 12:41:55,840 [main] INFO  server.RaftServerConfigKeys (ConfUtils.java:logGet(43)) - raft.server.storage.dir = [/workdir/hadoop-ozone/integration-test/target/test-dir/MiniOzoneClusterImpl-00c2d61f-fa45-4119-a3b8-446fff627119/datanode-6/data/ratis] (custom)
2019-11-14 12:41:55,841 [main] INFO  hdfs.DFSUtil (DFSUtil.java:httpServerTemplateForNNAndJN(1641)) - Starting Web-server for hddsDatanode at: http://0.0.0.0:0
2019-11-14 12:41:55,843 [main] INFO  server.AuthenticationFilter (AuthenticationFilter.java:constructSecretProvider(240)) - Unable to initialize FileSignerSecretProvider, falling back to use random secrets.
2019-11-14 12:41:55,843 [main] WARN  http.HttpRequestLog (HttpRequestLog.java:getRequestLog(97)) - Jetty request log can only be enabled using Log4j
2019-11-14 12:41:55,844 [main] INFO  http.HttpServer2 (HttpServer2.java:addGlobalFilter(975)) - Added global filter 'safety' (class=org.apache.hadoop.http.HttpServer2$QuotingInputFilter)
2019-11-14 12:41:55,845 [main] INFO  http.HttpServer2 (HttpServer2.java:addFilter(948)) - Added filter static_user_filter (class=org.apache.hadoop.http.lib.StaticUserWebFilter$StaticUserFilter) to context hddsDatanode
2019-11-14 12:41:55,845 [main] INFO  http.HttpServer2 (HttpServer2.java:addFilter(958)) - Added filter static_user_filter (class=org.apache.hadoop.http.lib.StaticUserWebFilter$StaticUserFilter) to context static
2019-11-14 12:41:55,845 [main] INFO  http.HttpServer2 (HttpServer2.java:addFilter(958)) - Added filter static_user_filter (class=org.apache.hadoop.http.lib.StaticUserWebFilter$StaticUserFilter) to context logs
2019-11-14 12:41:55,845 [main] INFO  http.HttpServer2 (HttpServer2.java:bindListener(1191)) - Jetty bound to port 34161
2019-11-14 12:41:55,846 [main] INFO  server.Server (Server.java:doStart(351)) - jetty-9.3.25.v20180904, build timestamp: 2018-09-04T21:11:46Z, git hash: 3ce520221d0240229c862b122d2b06c12a625732
2019-11-14 12:41:55,847 [main] INFO  handler.ContextHandler (ContextHandler.java:doStart(781)) - Started o.e.j.s.ServletContextHandler@2ec85a25{/logs,file:///workdir/hadoop-ozone/integration-test/target/log,AVAILABLE}
2019-11-14 12:41:55,848 [main] INFO  handler.ContextHandler (ContextHandler.java:doStart(781)) - Started o.e.j.s.ServletContextHandler@27c53c32{/static,jar:file:/home/user/.m2/repository/org/apache/hadoop/hadoop-hdds-container-service/0.5.0-SNAPSHOT/hadoop-hdds-container-service-0.5.0-SNAPSHOT.jar!/webapps/static,AVAILABLE}
2019-11-14 12:41:55,876 [main] INFO  handler.ContextHandler (ContextHandler.java:doStart(781)) - Started o.e.j.w.WebAppContext@120df990{/,file:///tmp/jetty-0.0.0.0-34161-hddsDatanode-_-any-1668060976674065975.dir/webapp/,AVAILABLE}{/hddsDatanode}
2019-11-14 12:41:55,876 [main] INFO  server.AbstractConnector (AbstractConnector.java:doStart(278)) - Started ServerConnector@b506ed0{HTTP/1.1,[http/1.1]}{0.0.0.0:34161}
2019-11-14 12:41:55,876 [main] INFO  server.Server (Server.java:doStart(419)) - Started @202337ms
2019-11-14 12:41:55,877 [main] WARN  impl.MetricsSystemImpl (MetricsSystemImpl.java:register(276)) - Sink prometheus already exists!
2019-11-14 12:41:55,878 [main] INFO  server.BaseHttpServer (BaseHttpServer.java:updateConnectorAddress(215)) - HTTP server of HDDSDATANODE is listening at http://0.0.0.0:34161
2019-11-14 12:41:55,879 [main] INFO  impl.MetricsSystemImpl (MetricsSystemImpl.java:init(158)) - HddsDatanode metrics system started (again)
2019-11-14 12:41:55,882 [org.apache.hadoop.util.JvmPauseMonitor$Monitor@3e347500] INFO  util.JvmPauseMonitor (JvmPauseMonitor.java:run(188)) - Starting JVM pause monitor
2019-11-14 12:41:55,882 [main] INFO  ozone.HddsDatanodeService (HddsDatanodeService.java:start(186)) - HddsDatanodeService host:pr-hdds-2481-nxhrh-893604966 ip:192.168.34.21
2019-11-14 12:41:55,884 [Datanode State Machine Thread - 0] INFO  datanode.InitDatanodeState (InitDatanodeState.java:persistContainerDatanodeDetails(140)) - DatanodeDetails is persisted to /workdir/hadoop-ozone/integration-test/target/test-dir/MiniOzoneClusterImpl-00c2d61f-fa45-4119-a3b8-446fff627119/datanode-6/meta/datanode.id
2019-11-14 12:41:55,900 [main] INFO  volume.HddsVolume (HddsVolume.java:<init>(176)) - Creating Volume: /workdir/hadoop-ozone/integration-test/target/test-dir/MiniOzoneClusterImpl-00c2d61f-fa45-4119-a3b8-446fff627119/datanode-7/data/containers/hdds of  storage type : DISK and capacity : 1482555576320
2019-11-14 12:41:55,900 [main] INFO  volume.VolumeSet (VolumeSet.java:initializeVolumeSet(170)) - Added Volume : /workdir/hadoop-ozone/integration-test/target/test-dir/MiniOzoneClusterImpl-00c2d61f-fa45-4119-a3b8-446fff627119/datanode-7/data/containers/hdds to VolumeSet
2019-11-14 12:41:55,900 [main] INFO  volume.ThrottledAsyncChecker (ThrottledAsyncChecker.java:schedule(141)) - Scheduling a check for /workdir/hadoop-ozone/integration-test/target/test-dir/MiniOzoneClusterImpl-00c2d61f-fa45-4119-a3b8-446fff627119/datanode-7/data/containers/hdds
2019-11-14 12:41:55,900 [main] INFO  volume.HddsVolumeChecker (HddsVolumeChecker.java:checkAllVolumes(204)) - Scheduled health check for volume /workdir/hadoop-ozone/integration-test/target/test-dir/MiniOzoneClusterImpl-00c2d61f-fa45-4119-a3b8-446fff627119/datanode-7/data/containers/hdds
2019-11-14 12:41:55,912 [main] INFO  impl.RaftServerProxy (ConfUtils.java:logGet(43)) - raft.rpc.type = GRPC (default)
2019-11-14 12:41:55,912 [main] INFO  grpc.GrpcFactory (GrpcFactory.java:checkPooledByteBufAllocatorUseCacheForAllThreads(45)) - PERFORMANCE WARNING: useCacheForAllThreads is true that may cause Netty to create a lot garbage objects and, as a result, trigger GC.
	It is recommended to disable useCacheForAllThreads by setting -Dorg.apache.ratis.thirdparty.io.netty.allocator.useCacheForAllThreads=false in command line.
2019-11-14 12:41:55,912 [main] INFO  grpc.GrpcConfigKeys$Server (ConfUtils.java:logGet(43)) - raft.grpc.server.port = 0 (default)
2019-11-14 12:41:55,912 [main] INFO  server.GrpcService (ConfUtils.java:logGet(43)) - raft.grpc.message.size.max = 33570816 (custom)
2019-11-14 12:41:55,912 [main] INFO  server.RaftServerConfigKeys (ConfUtils.java:logGet(43)) - raft.server.log.appender.buffer.byte-limit = 33554432 (custom)
2019-11-14 12:41:55,912 [main] INFO  server.GrpcService (ConfUtils.java:logGet(43)) - raft.grpc.flow.control.window = 1MB (=1048576) (default)
2019-11-14 12:41:55,913 [main] INFO  server.RaftServerConfigKeys (ConfUtils.java:logGet(43)) - raft.server.rpc.request.timeout = 3000ms (default)
2019-11-14 12:41:55,913 [main] INFO  server.RaftServerConfigKeys (ConfUtils.java:logGet(43)) - raft.server.storage.dir = [/workdir/hadoop-ozone/integration-test/target/test-dir/MiniOzoneClusterImpl-00c2d61f-fa45-4119-a3b8-446fff627119/datanode-7/data/ratis] (custom)
2019-11-14 12:41:55,914 [main] INFO  hdfs.DFSUtil (DFSUtil.java:httpServerTemplateForNNAndJN(1641)) - Starting Web-server for hddsDatanode at: http://0.0.0.0:0
2019-11-14 12:41:55,916 [main] INFO  server.AuthenticationFilter (AuthenticationFilter.java:constructSecretProvider(240)) - Unable to initialize FileSignerSecretProvider, falling back to use random secrets.
2019-11-14 12:41:55,916 [main] WARN  http.HttpRequestLog (HttpRequestLog.java:getRequestLog(97)) - Jetty request log can only be enabled using Log4j
2019-11-14 12:41:55,917 [main] INFO  http.HttpServer2 (HttpServer2.java:addGlobalFilter(975)) - Added global filter 'safety' (class=org.apache.hadoop.http.HttpServer2$QuotingInputFilter)
2019-11-14 12:41:55,918 [main] INFO  http.HttpServer2 (HttpServer2.java:addFilter(948)) - Added filter static_user_filter (class=org.apache.hadoop.http.lib.StaticUserWebFilter$StaticUserFilter) to context hddsDatanode
2019-11-14 12:41:55,918 [main] INFO  http.HttpServer2 (HttpServer2.java:addFilter(958)) - Added filter static_user_filter (class=org.apache.hadoop.http.lib.StaticUserWebFilter$StaticUserFilter) to context logs
2019-11-14 12:41:55,918 [main] INFO  http.HttpServer2 (HttpServer2.java:addFilter(958)) - Added filter static_user_filter (class=org.apache.hadoop.http.lib.StaticUserWebFilter$StaticUserFilter) to context static
2019-11-14 12:41:55,919 [main] INFO  http.HttpServer2 (HttpServer2.java:bindListener(1191)) - Jetty bound to port 41293
2019-11-14 12:41:55,919 [main] INFO  server.Server (Server.java:doStart(351)) - jetty-9.3.25.v20180904, build timestamp: 2018-09-04T21:11:46Z, git hash: 3ce520221d0240229c862b122d2b06c12a625732
2019-11-14 12:41:55,920 [main] INFO  handler.ContextHandler (ContextHandler.java:doStart(781)) - Started o.e.j.s.ServletContextHandler@7f2b39a{/logs,file:///workdir/hadoop-ozone/integration-test/target/log,AVAILABLE}
2019-11-14 12:41:55,921 [main] INFO  handler.ContextHandler (ContextHandler.java:doStart(781)) - Started o.e.j.s.ServletContextHandler@760f1081{/static,jar:file:/home/user/.m2/repository/org/apache/hadoop/hadoop-hdds-container-service/0.5.0-SNAPSHOT/hadoop-hdds-container-service-0.5.0-SNAPSHOT.jar!/webapps/static,AVAILABLE}
2019-11-14 12:41:55,952 [main] INFO  handler.ContextHandler (ContextHandler.java:doStart(781)) - Started o.e.j.w.WebAppContext@24e5389c{/,file:///tmp/jetty-0.0.0.0-41293-hddsDatanode-_-any-5335184001100995979.dir/webapp/,AVAILABLE}{/hddsDatanode}
2019-11-14 12:41:55,953 [main] INFO  server.AbstractConnector (AbstractConnector.java:doStart(278)) - Started ServerConnector@3b170235{HTTP/1.1,[http/1.1]}{0.0.0.0:41293}
2019-11-14 12:41:55,954 [main] INFO  server.Server (Server.java:doStart(419)) - Started @202415ms
2019-11-14 12:41:55,954 [main] WARN  impl.MetricsSystemImpl (MetricsSystemImpl.java:register(276)) - Sink prometheus already exists!
2019-11-14 12:41:55,955 [main] INFO  server.BaseHttpServer (BaseHttpServer.java:updateConnectorAddress(215)) - HTTP server of HDDSDATANODE is listening at http://0.0.0.0:41293
2019-11-14 12:41:55,955 [main] INFO  impl.MetricsSystemImpl (MetricsSystemImpl.java:init(158)) - HddsDatanode metrics system started (again)
2019-11-14 12:41:55,959 [org.apache.hadoop.util.JvmPauseMonitor$Monitor@31e93053] INFO  util.JvmPauseMonitor (JvmPauseMonitor.java:run(188)) - Starting JVM pause monitor
2019-11-14 12:41:55,960 [main] INFO  ozone.HddsDatanodeService (HddsDatanodeService.java:start(186)) - HddsDatanodeService host:pr-hdds-2481-nxhrh-893604966 ip:192.168.34.21
2019-11-14 12:41:55,961 [Datanode State Machine Thread - 0] INFO  datanode.InitDatanodeState (InitDatanodeState.java:persistContainerDatanodeDetails(140)) - DatanodeDetails is persisted to /workdir/hadoop-ozone/integration-test/target/test-dir/MiniOzoneClusterImpl-00c2d61f-fa45-4119-a3b8-446fff627119/datanode-7/meta/datanode.id
2019-11-14 12:41:55,966 [main] INFO  volume.HddsVolume (HddsVolume.java:<init>(176)) - Creating Volume: /workdir/hadoop-ozone/integration-test/target/test-dir/MiniOzoneClusterImpl-00c2d61f-fa45-4119-a3b8-446fff627119/datanode-8/data/containers/hdds of  storage type : DISK and capacity : 1482555576320
2019-11-14 12:41:55,966 [main] INFO  volume.VolumeSet (VolumeSet.java:initializeVolumeSet(170)) - Added Volume : /workdir/hadoop-ozone/integration-test/target/test-dir/MiniOzoneClusterImpl-00c2d61f-fa45-4119-a3b8-446fff627119/datanode-8/data/containers/hdds to VolumeSet
2019-11-14 12:41:55,967 [main] INFO  volume.ThrottledAsyncChecker (ThrottledAsyncChecker.java:schedule(141)) - Scheduling a check for /workdir/hadoop-ozone/integration-test/target/test-dir/MiniOzoneClusterImpl-00c2d61f-fa45-4119-a3b8-446fff627119/datanode-8/data/containers/hdds
2019-11-14 12:41:55,967 [main] INFO  volume.HddsVolumeChecker (HddsVolumeChecker.java:checkAllVolumes(204)) - Scheduled health check for volume /workdir/hadoop-ozone/integration-test/target/test-dir/MiniOzoneClusterImpl-00c2d61f-fa45-4119-a3b8-446fff627119/datanode-8/data/containers/hdds
2019-11-14 12:41:55,979 [main] INFO  impl.RaftServerProxy (ConfUtils.java:logGet(43)) - raft.rpc.type = GRPC (default)
2019-11-14 12:41:55,979 [main] INFO  grpc.GrpcFactory (GrpcFactory.java:checkPooledByteBufAllocatorUseCacheForAllThreads(45)) - PERFORMANCE WARNING: useCacheForAllThreads is true that may cause Netty to create a lot garbage objects and, as a result, trigger GC.
	It is recommended to disable useCacheForAllThreads by setting -Dorg.apache.ratis.thirdparty.io.netty.allocator.useCacheForAllThreads=false in command line.
2019-11-14 12:41:55,979 [main] INFO  grpc.GrpcConfigKeys$Server (ConfUtils.java:logGet(43)) - raft.grpc.server.port = 0 (default)
2019-11-14 12:41:55,979 [main] INFO  server.GrpcService (ConfUtils.java:logGet(43)) - raft.grpc.message.size.max = 33570816 (custom)
2019-11-14 12:41:55,980 [main] INFO  server.RaftServerConfigKeys (ConfUtils.java:logGet(43)) - raft.server.log.appender.buffer.byte-limit = 33554432 (custom)
2019-11-14 12:41:55,980 [main] INFO  server.GrpcService (ConfUtils.java:logGet(43)) - raft.grpc.flow.control.window = 1MB (=1048576) (default)
2019-11-14 12:41:55,980 [main] INFO  server.RaftServerConfigKeys (ConfUtils.java:logGet(43)) - raft.server.rpc.request.timeout = 3000ms (default)
2019-11-14 12:41:55,980 [main] INFO  server.RaftServerConfigKeys (ConfUtils.java:logGet(43)) - raft.server.storage.dir = [/workdir/hadoop-ozone/integration-test/target/test-dir/MiniOzoneClusterImpl-00c2d61f-fa45-4119-a3b8-446fff627119/datanode-8/data/ratis] (custom)
2019-11-14 12:41:55,981 [main] INFO  hdfs.DFSUtil (DFSUtil.java:httpServerTemplateForNNAndJN(1641)) - Starting Web-server for hddsDatanode at: http://0.0.0.0:0
2019-11-14 12:41:55,983 [main] INFO  server.AuthenticationFilter (AuthenticationFilter.java:constructSecretProvider(240)) - Unable to initialize FileSignerSecretProvider, falling back to use random secrets.
2019-11-14 12:41:55,983 [main] WARN  http.HttpRequestLog (HttpRequestLog.java:getRequestLog(97)) - Jetty request log can only be enabled using Log4j
2019-11-14 12:41:55,984 [main] INFO  http.HttpServer2 (HttpServer2.java:addGlobalFilter(975)) - Added global filter 'safety' (class=org.apache.hadoop.http.HttpServer2$QuotingInputFilter)
2019-11-14 12:41:55,984 [main] INFO  http.HttpServer2 (HttpServer2.java:addFilter(948)) - Added filter static_user_filter (class=org.apache.hadoop.http.lib.StaticUserWebFilter$StaticUserFilter) to context hddsDatanode
2019-11-14 12:41:55,984 [main] INFO  http.HttpServer2 (HttpServer2.java:addFilter(958)) - Added filter static_user_filter (class=org.apache.hadoop.http.lib.StaticUserWebFilter$StaticUserFilter) to context static
2019-11-14 12:41:55,984 [main] INFO  http.HttpServer2 (HttpServer2.java:addFilter(958)) - Added filter static_user_filter (class=org.apache.hadoop.http.lib.StaticUserWebFilter$StaticUserFilter) to context logs
2019-11-14 12:41:55,985 [main] INFO  http.HttpServer2 (HttpServer2.java:bindListener(1191)) - Jetty bound to port 39716
2019-11-14 12:41:55,985 [main] INFO  server.Server (Server.java:doStart(351)) - jetty-9.3.25.v20180904, build timestamp: 2018-09-04T21:11:46Z, git hash: 3ce520221d0240229c862b122d2b06c12a625732
2019-11-14 12:41:55,986 [main] INFO  handler.ContextHandler (ContextHandler.java:doStart(781)) - Started o.e.j.s.ServletContextHandler@642c6461{/logs,file:///workdir/hadoop-ozone/integration-test/target/log,AVAILABLE}
2019-11-14 12:41:55,987 [main] INFO  handler.ContextHandler (ContextHandler.java:doStart(781)) - Started o.e.j.s.ServletContextHandler@4e48462d{/static,jar:file:/home/user/.m2/repository/org/apache/hadoop/hadoop-hdds-container-service/0.5.0-SNAPSHOT/hadoop-hdds-container-service-0.5.0-SNAPSHOT.jar!/webapps/static,AVAILABLE}
2019-11-14 12:41:56,011 [main] INFO  handler.ContextHandler (ContextHandler.java:doStart(781)) - Started o.e.j.w.WebAppContext@38087342{/,file:///tmp/jetty-0.0.0.0-39716-hddsDatanode-_-any-6471566271681260276.dir/webapp/,AVAILABLE}{/hddsDatanode}
2019-11-14 12:41:56,011 [main] INFO  server.AbstractConnector (AbstractConnector.java:doStart(278)) - Started ServerConnector@681de87f{HTTP/1.1,[http/1.1]}{0.0.0.0:39716}
2019-11-14 12:41:56,011 [main] INFO  server.Server (Server.java:doStart(419)) - Started @202472ms
2019-11-14 12:41:56,012 [main] WARN  impl.MetricsSystemImpl (MetricsSystemImpl.java:register(276)) - Sink prometheus already exists!
2019-11-14 12:41:56,013 [main] INFO  server.BaseHttpServer (BaseHttpServer.java:updateConnectorAddress(215)) - HTTP server of HDDSDATANODE is listening at http://0.0.0.0:39716
2019-11-14 12:41:56,014 [main] INFO  impl.MetricsSystemImpl (MetricsSystemImpl.java:init(158)) - HddsDatanode metrics system started (again)
2019-11-14 12:41:56,017 [main] INFO  ozone.HddsDatanodeService (HddsDatanodeService.java:start(186)) - HddsDatanodeService host:pr-hdds-2481-nxhrh-893604966 ip:192.168.34.21
2019-11-14 12:41:56,018 [org.apache.hadoop.util.JvmPauseMonitor$Monitor@1f3135b3] INFO  util.JvmPauseMonitor (JvmPauseMonitor.java:run(188)) - Starting JVM pause monitor
2019-11-14 12:41:56,019 [Datanode State Machine Thread - 0] INFO  datanode.InitDatanodeState (InitDatanodeState.java:persistContainerDatanodeDetails(140)) - DatanodeDetails is persisted to /workdir/hadoop-ozone/integration-test/target/test-dir/MiniOzoneClusterImpl-00c2d61f-fa45-4119-a3b8-446fff627119/datanode-8/meta/datanode.id
2019-11-14 12:41:56,024 [main] INFO  volume.HddsVolume (HddsVolume.java:<init>(176)) - Creating Volume: /workdir/hadoop-ozone/integration-test/target/test-dir/MiniOzoneClusterImpl-00c2d61f-fa45-4119-a3b8-446fff627119/datanode-9/data/containers/hdds of  storage type : DISK and capacity : 1482555576320
2019-11-14 12:41:56,024 [main] INFO  volume.VolumeSet (VolumeSet.java:initializeVolumeSet(170)) - Added Volume : /workdir/hadoop-ozone/integration-test/target/test-dir/MiniOzoneClusterImpl-00c2d61f-fa45-4119-a3b8-446fff627119/datanode-9/data/containers/hdds to VolumeSet
2019-11-14 12:41:56,024 [main] INFO  volume.ThrottledAsyncChecker (ThrottledAsyncChecker.java:schedule(141)) - Scheduling a check for /workdir/hadoop-ozone/integration-test/target/test-dir/MiniOzoneClusterImpl-00c2d61f-fa45-4119-a3b8-446fff627119/datanode-9/data/containers/hdds
2019-11-14 12:41:56,025 [main] INFO  volume.HddsVolumeChecker (HddsVolumeChecker.java:checkAllVolumes(204)) - Scheduled health check for volume /workdir/hadoop-ozone/integration-test/target/test-dir/MiniOzoneClusterImpl-00c2d61f-fa45-4119-a3b8-446fff627119/datanode-9/data/containers/hdds
2019-11-14 12:41:56,038 [main] INFO  impl.RaftServerProxy (ConfUtils.java:logGet(43)) - raft.rpc.type = GRPC (default)
2019-11-14 12:41:56,038 [main] INFO  grpc.GrpcFactory (GrpcFactory.java:checkPooledByteBufAllocatorUseCacheForAllThreads(45)) - PERFORMANCE WARNING: useCacheForAllThreads is true that may cause Netty to create a lot garbage objects and, as a result, trigger GC.
	It is recommended to disable useCacheForAllThreads by setting -Dorg.apache.ratis.thirdparty.io.netty.allocator.useCacheForAllThreads=false in command line.
2019-11-14 12:41:56,039 [main] INFO  grpc.GrpcConfigKeys$Server (ConfUtils.java:logGet(43)) - raft.grpc.server.port = 0 (default)
2019-11-14 12:41:56,039 [main] INFO  server.GrpcService (ConfUtils.java:logGet(43)) - raft.grpc.message.size.max = 33570816 (custom)
2019-11-14 12:41:56,039 [main] INFO  server.RaftServerConfigKeys (ConfUtils.java:logGet(43)) - raft.server.log.appender.buffer.byte-limit = 33554432 (custom)
2019-11-14 12:41:56,039 [main] INFO  server.GrpcService (ConfUtils.java:logGet(43)) - raft.grpc.flow.control.window = 1MB (=1048576) (default)
2019-11-14 12:41:56,039 [main] INFO  server.RaftServerConfigKeys (ConfUtils.java:logGet(43)) - raft.server.rpc.request.timeout = 3000ms (default)
2019-11-14 12:41:56,039 [main] INFO  server.RaftServerConfigKeys (ConfUtils.java:logGet(43)) - raft.server.storage.dir = [/workdir/hadoop-ozone/integration-test/target/test-dir/MiniOzoneClusterImpl-00c2d61f-fa45-4119-a3b8-446fff627119/datanode-9/data/ratis] (custom)
2019-11-14 12:41:56,041 [main] INFO  hdfs.DFSUtil (DFSUtil.java:httpServerTemplateForNNAndJN(1641)) - Starting Web-server for hddsDatanode at: http://0.0.0.0:0
2019-11-14 12:41:56,042 [main] INFO  server.AuthenticationFilter (AuthenticationFilter.java:constructSecretProvider(240)) - Unable to initialize FileSignerSecretProvider, falling back to use random secrets.
2019-11-14 12:41:56,042 [main] WARN  http.HttpRequestLog (HttpRequestLog.java:getRequestLog(97)) - Jetty request log can only be enabled using Log4j
2019-11-14 12:41:56,043 [main] INFO  http.HttpServer2 (HttpServer2.java:addGlobalFilter(975)) - Added global filter 'safety' (class=org.apache.hadoop.http.HttpServer2$QuotingInputFilter)
2019-11-14 12:41:56,043 [main] INFO  http.HttpServer2 (HttpServer2.java:addFilter(948)) - Added filter static_user_filter (class=org.apache.hadoop.http.lib.StaticUserWebFilter$StaticUserFilter) to context hddsDatanode
2019-11-14 12:41:56,043 [main] INFO  http.HttpServer2 (HttpServer2.java:addFilter(958)) - Added filter static_user_filter (class=org.apache.hadoop.http.lib.StaticUserWebFilter$StaticUserFilter) to context static
2019-11-14 12:41:56,044 [main] INFO  http.HttpServer2 (HttpServer2.java:addFilter(958)) - Added filter static_user_filter (class=org.apache.hadoop.http.lib.StaticUserWebFilter$StaticUserFilter) to context logs
2019-11-14 12:41:56,044 [main] INFO  http.HttpServer2 (HttpServer2.java:bindListener(1191)) - Jetty bound to port 34960
2019-11-14 12:41:56,044 [main] INFO  server.Server (Server.java:doStart(351)) - jetty-9.3.25.v20180904, build timestamp: 2018-09-04T21:11:46Z, git hash: 3ce520221d0240229c862b122d2b06c12a625732
2019-11-14 12:41:56,046 [main] INFO  handler.ContextHandler (ContextHandler.java:doStart(781)) - Started o.e.j.s.ServletContextHandler@482ba4b1{/logs,file:///workdir/hadoop-ozone/integration-test/target/log,AVAILABLE}
2019-11-14 12:41:56,046 [main] INFO  handler.ContextHandler (ContextHandler.java:doStart(781)) - Started o.e.j.s.ServletContextHandler@1510b9a2{/static,jar:file:/home/user/.m2/repository/org/apache/hadoop/hadoop-hdds-container-service/0.5.0-SNAPSHOT/hadoop-hdds-container-service-0.5.0-SNAPSHOT.jar!/webapps/static,AVAILABLE}
2019-11-14 12:41:56,071 [main] INFO  handler.ContextHandler (ContextHandler.java:doStart(781)) - Started o.e.j.w.WebAppContext@4e8598d9{/,file:///tmp/jetty-0.0.0.0-34960-hddsDatanode-_-any-1785227831598882520.dir/webapp/,AVAILABLE}{/hddsDatanode}
2019-11-14 12:41:56,072 [main] INFO  server.AbstractConnector (AbstractConnector.java:doStart(278)) - Started ServerConnector@267ff4df{HTTP/1.1,[http/1.1]}{0.0.0.0:34960}
2019-11-14 12:41:56,073 [main] INFO  server.Server (Server.java:doStart(419)) - Started @202534ms
2019-11-14 12:41:56,073 [main] WARN  impl.MetricsSystemImpl (MetricsSystemImpl.java:register(276)) - Sink prometheus already exists!
2019-11-14 12:41:56,074 [main] INFO  server.BaseHttpServer (BaseHttpServer.java:updateConnectorAddress(215)) - HTTP server of HDDSDATANODE is listening at http://0.0.0.0:34960
2019-11-14 12:41:56,074 [main] INFO  ozone.MiniOzoneClusterImpl (MiniOzoneClusterImpl.java:lambda$waitForClusterToBeReady$2(171)) - Waiting for cluster to be ready. Got 0 of 10 DN Heartbeats.
2019-11-14 12:41:56,075 [org.apache.hadoop.util.JvmPauseMonitor$Monitor@322b5e24] INFO  util.JvmPauseMonitor (JvmPauseMonitor.java:run(188)) - Starting JVM pause monitor
2019-11-14 12:41:56,077 [Datanode State Machine Thread - 0] INFO  datanode.InitDatanodeState (InitDatanodeState.java:persistContainerDatanodeDetails(140)) - DatanodeDetails is persisted to /workdir/hadoop-ozone/integration-test/target/test-dir/MiniOzoneClusterImpl-00c2d61f-fa45-4119-a3b8-446fff627119/datanode-9/meta/datanode.id
2019-11-14 12:41:57,074 [main] INFO  ozone.MiniOzoneClusterImpl (MiniOzoneClusterImpl.java:lambda$waitForClusterToBeReady$2(171)) - Waiting for cluster to be ready. Got 0 of 10 DN Heartbeats.
2019-11-14 12:41:57,563 [Datanode State Machine Thread - 0] INFO  ozoneimpl.OzoneContainer (OzoneContainer.java:start(230)) - Attempting to start container services.
2019-11-14 12:41:57,563 [Datanode State Machine Thread - 0] INFO  ozoneimpl.OzoneContainer (OzoneContainer.java:startContainerScrub(194)) - Background container scanner has been disabled.
2019-11-14 12:41:57,563 [Datanode State Machine Thread - 0] INFO  ratis.XceiverServerRatis (XceiverServerRatis.java:start(421)) - Starting XceiverServerRatis 246c57ec-d0aa-4f80-a8a4-72fa2ca2a50d at port 0
2019-11-14 12:41:57,575 [Datanode State Machine Thread - 0] INFO  impl.RaftServerProxy (RaftServerProxy.java:lambda$start$3(299)) - 246c57ec-d0aa-4f80-a8a4-72fa2ca2a50d: start RPC server
2019-11-14 12:41:57,577 [Datanode State Machine Thread - 0] INFO  server.GrpcService (GrpcService.java:startImpl(158)) - 246c57ec-d0aa-4f80-a8a4-72fa2ca2a50d: GrpcService started, listening on 0.0.0.0/0.0.0.0:36644
2019-11-14 12:41:57,577 [Datanode State Machine Thread - 0] INFO  ratis.XceiverServerRatis (XceiverServerRatis.java:start(431)) - XceiverServerRatis 246c57ec-d0aa-4f80-a8a4-72fa2ca2a50d is started using port 36644
2019-11-14 12:41:57,581 [Datanode State Machine Thread - 0] INFO  server.XceiverServerGrpc (XceiverServerGrpc.java:start(145)) - XceiverServerGrpc 246c57ec-d0aa-4f80-a8a4-72fa2ca2a50d is started using port 41107
2019-11-14 12:41:57,600 [Datanode State Machine Thread - 0] INFO  ozoneimpl.OzoneContainer (OzoneContainer.java:start(230)) - Attempting to start container services.
2019-11-14 12:41:57,601 [Datanode State Machine Thread - 0] INFO  ozoneimpl.OzoneContainer (OzoneContainer.java:startContainerScrub(194)) - Background container scanner has been disabled.
2019-11-14 12:41:57,601 [Datanode State Machine Thread - 0] INFO  ratis.XceiverServerRatis (XceiverServerRatis.java:start(421)) - Starting XceiverServerRatis a1f4ab9e-675c-48c0-bb27-a541bfd11ae2 at port 0
2019-11-14 12:41:57,609 [Datanode State Machine Thread - 0] INFO  impl.RaftServerProxy (RaftServerProxy.java:lambda$start$3(299)) - a1f4ab9e-675c-48c0-bb27-a541bfd11ae2: start RPC server
2019-11-14 12:41:57,610 [Datanode State Machine Thread - 0] INFO  server.GrpcService (GrpcService.java:startImpl(158)) - a1f4ab9e-675c-48c0-bb27-a541bfd11ae2: GrpcService started, listening on 0.0.0.0/0.0.0.0:38632
2019-11-14 12:41:57,610 [Datanode State Machine Thread - 0] INFO  ratis.XceiverServerRatis (XceiverServerRatis.java:start(431)) - XceiverServerRatis a1f4ab9e-675c-48c0-bb27-a541bfd11ae2 is started using port 38632
2019-11-14 12:41:57,611 [Datanode State Machine Thread - 0] INFO  server.XceiverServerGrpc (XceiverServerGrpc.java:start(145)) - XceiverServerGrpc a1f4ab9e-675c-48c0-bb27-a541bfd11ae2 is started using port 41102
2019-11-14 12:41:57,660 [Datanode State Machine Thread - 0] INFO  ozoneimpl.OzoneContainer (OzoneContainer.java:start(230)) - Attempting to start container services.
2019-11-14 12:41:57,660 [Datanode State Machine Thread - 0] INFO  ozoneimpl.OzoneContainer (OzoneContainer.java:startContainerScrub(194)) - Background container scanner has been disabled.
2019-11-14 12:41:57,660 [Datanode State Machine Thread - 0] INFO  ratis.XceiverServerRatis (XceiverServerRatis.java:start(421)) - Starting XceiverServerRatis 7f15e76e-ccdf-421e-a2ec-7ae8a15127a1 at port 0
2019-11-14 12:41:57,667 [Datanode State Machine Thread - 0] INFO  impl.RaftServerProxy (RaftServerProxy.java:lambda$start$3(299)) - 7f15e76e-ccdf-421e-a2ec-7ae8a15127a1: start RPC server
2019-11-14 12:41:57,667 [Datanode State Machine Thread - 0] INFO  server.GrpcService (GrpcService.java:startImpl(158)) - 7f15e76e-ccdf-421e-a2ec-7ae8a15127a1: GrpcService started, listening on 0.0.0.0/0.0.0.0:39661
2019-11-14 12:41:57,667 [Datanode State Machine Thread - 0] INFO  ratis.XceiverServerRatis (XceiverServerRatis.java:start(431)) - XceiverServerRatis 7f15e76e-ccdf-421e-a2ec-7ae8a15127a1 is started using port 39661
2019-11-14 12:41:57,668 [Datanode State Machine Thread - 0] INFO  server.XceiverServerGrpc (XceiverServerGrpc.java:start(145)) - XceiverServerGrpc 7f15e76e-ccdf-421e-a2ec-7ae8a15127a1 is started using port 46659
2019-11-14 12:41:57,713 [Datanode State Machine Thread - 0] INFO  ozoneimpl.OzoneContainer (OzoneContainer.java:start(230)) - Attempting to start container services.
2019-11-14 12:41:57,713 [Datanode State Machine Thread - 0] INFO  ozoneimpl.OzoneContainer (OzoneContainer.java:startContainerScrub(194)) - Background container scanner has been disabled.
2019-11-14 12:41:57,713 [Datanode State Machine Thread - 0] INFO  ratis.XceiverServerRatis (XceiverServerRatis.java:start(421)) - Starting XceiverServerRatis 14503c04-9730-4ca2-acd0-60a84a10fce0 at port 0
2019-11-14 12:41:57,719 [Datanode State Machine Thread - 0] INFO  impl.RaftServerProxy (RaftServerProxy.java:lambda$start$3(299)) - 14503c04-9730-4ca2-acd0-60a84a10fce0: start RPC server
2019-11-14 12:41:57,719 [Datanode State Machine Thread - 0] INFO  server.GrpcService (GrpcService.java:startImpl(158)) - 14503c04-9730-4ca2-acd0-60a84a10fce0: GrpcService started, listening on 0.0.0.0/0.0.0.0:41845
2019-11-14 12:41:57,719 [Datanode State Machine Thread - 0] INFO  ratis.XceiverServerRatis (XceiverServerRatis.java:start(431)) - XceiverServerRatis 14503c04-9730-4ca2-acd0-60a84a10fce0 is started using port 41845
2019-11-14 12:41:57,720 [Datanode State Machine Thread - 0] INFO  server.XceiverServerGrpc (XceiverServerGrpc.java:start(145)) - XceiverServerGrpc 14503c04-9730-4ca2-acd0-60a84a10fce0 is started using port 33171
2019-11-14 12:41:57,767 [Datanode State Machine Thread - 0] INFO  ozoneimpl.OzoneContainer (OzoneContainer.java:start(230)) - Attempting to start container services.
2019-11-14 12:41:57,767 [Datanode State Machine Thread - 0] INFO  ozoneimpl.OzoneContainer (OzoneContainer.java:startContainerScrub(194)) - Background container scanner has been disabled.
2019-11-14 12:41:57,767 [Datanode State Machine Thread - 0] INFO  ratis.XceiverServerRatis (XceiverServerRatis.java:start(421)) - Starting XceiverServerRatis e0c88643-1b24-4b90-b706-4d063724ebcc at port 0
2019-11-14 12:41:57,774 [Datanode State Machine Thread - 0] INFO  impl.RaftServerProxy (RaftServerProxy.java:lambda$start$3(299)) - e0c88643-1b24-4b90-b706-4d063724ebcc: start RPC server
2019-11-14 12:41:57,785 [Datanode State Machine Thread - 0] INFO  server.GrpcService (GrpcService.java:startImpl(158)) - e0c88643-1b24-4b90-b706-4d063724ebcc: GrpcService started, listening on 0.0.0.0/0.0.0.0:42559
2019-11-14 12:41:57,785 [Datanode State Machine Thread - 0] INFO  ratis.XceiverServerRatis (XceiverServerRatis.java:start(431)) - XceiverServerRatis e0c88643-1b24-4b90-b706-4d063724ebcc is started using port 42559
2019-11-14 12:41:57,786 [Datanode State Machine Thread - 0] INFO  server.XceiverServerGrpc (XceiverServerGrpc.java:start(145)) - XceiverServerGrpc e0c88643-1b24-4b90-b706-4d063724ebcc is started using port 37932
2019-11-14 12:41:57,838 [Datanode State Machine Thread - 0] INFO  ozoneimpl.OzoneContainer (OzoneContainer.java:start(230)) - Attempting to start container services.
2019-11-14 12:41:57,838 [Datanode State Machine Thread - 0] INFO  ozoneimpl.OzoneContainer (OzoneContainer.java:startContainerScrub(194)) - Background container scanner has been disabled.
2019-11-14 12:41:57,838 [Datanode State Machine Thread - 0] INFO  ratis.XceiverServerRatis (XceiverServerRatis.java:start(421)) - Starting XceiverServerRatis c6685414-dbf7-4d5a-a965-a6338d016232 at port 0
2019-11-14 12:41:57,845 [Datanode State Machine Thread - 0] INFO  impl.RaftServerProxy (RaftServerProxy.java:lambda$start$3(299)) - c6685414-dbf7-4d5a-a965-a6338d016232: start RPC server
2019-11-14 12:41:57,848 [Datanode State Machine Thread - 0] INFO  server.GrpcService (GrpcService.java:startImpl(158)) - c6685414-dbf7-4d5a-a965-a6338d016232: GrpcService started, listening on 0.0.0.0/0.0.0.0:36095
2019-11-14 12:41:57,848 [Datanode State Machine Thread - 0] INFO  ratis.XceiverServerRatis (XceiverServerRatis.java:start(431)) - XceiverServerRatis c6685414-dbf7-4d5a-a965-a6338d016232 is started using port 36095
2019-11-14 12:41:57,848 [Datanode State Machine Thread - 0] INFO  server.XceiverServerGrpc (XceiverServerGrpc.java:start(145)) - XceiverServerGrpc c6685414-dbf7-4d5a-a965-a6338d016232 is started using port 42975
2019-11-14 12:41:57,897 [Datanode State Machine Thread - 0] INFO  ozoneimpl.OzoneContainer (OzoneContainer.java:start(230)) - Attempting to start container services.
2019-11-14 12:41:57,897 [Datanode State Machine Thread - 0] INFO  ozoneimpl.OzoneContainer (OzoneContainer.java:startContainerScrub(194)) - Background container scanner has been disabled.
2019-11-14 12:41:57,897 [Datanode State Machine Thread - 0] INFO  ratis.XceiverServerRatis (XceiverServerRatis.java:start(421)) - Starting XceiverServerRatis 29b985cf-35b3-45a0-92a5-99fa8b812c1b at port 0
2019-11-14 12:41:57,905 [Datanode State Machine Thread - 0] INFO  impl.RaftServerProxy (RaftServerProxy.java:lambda$start$3(299)) - 29b985cf-35b3-45a0-92a5-99fa8b812c1b: start RPC server
2019-11-14 12:41:57,905 [Datanode State Machine Thread - 0] INFO  server.GrpcService (GrpcService.java:startImpl(158)) - 29b985cf-35b3-45a0-92a5-99fa8b812c1b: GrpcService started, listening on 0.0.0.0/0.0.0.0:41805
2019-11-14 12:41:57,906 [Datanode State Machine Thread - 0] INFO  ratis.XceiverServerRatis (XceiverServerRatis.java:start(431)) - XceiverServerRatis 29b985cf-35b3-45a0-92a5-99fa8b812c1b is started using port 41805
2019-11-14 12:41:57,906 [Datanode State Machine Thread - 0] INFO  server.XceiverServerGrpc (XceiverServerGrpc.java:start(145)) - XceiverServerGrpc 29b985cf-35b3-45a0-92a5-99fa8b812c1b is started using port 33450
2019-11-14 12:41:57,976 [Datanode State Machine Thread - 0] INFO  ozoneimpl.OzoneContainer (OzoneContainer.java:start(230)) - Attempting to start container services.
2019-11-14 12:41:57,977 [Datanode State Machine Thread - 0] INFO  ozoneimpl.OzoneContainer (OzoneContainer.java:startContainerScrub(194)) - Background container scanner has been disabled.
2019-11-14 12:41:57,977 [Datanode State Machine Thread - 0] INFO  ratis.XceiverServerRatis (XceiverServerRatis.java:start(421)) - Starting XceiverServerRatis c5630dbc-d159-4e74-a046-1b52429c3a82 at port 0
2019-11-14 12:41:57,983 [Datanode State Machine Thread - 0] INFO  impl.RaftServerProxy (RaftServerProxy.java:lambda$start$3(299)) - c5630dbc-d159-4e74-a046-1b52429c3a82: start RPC server
2019-11-14 12:41:57,984 [Datanode State Machine Thread - 0] INFO  server.GrpcService (GrpcService.java:startImpl(158)) - c5630dbc-d159-4e74-a046-1b52429c3a82: GrpcService started, listening on 0.0.0.0/0.0.0.0:34180
2019-11-14 12:41:57,984 [Datanode State Machine Thread - 0] INFO  ratis.XceiverServerRatis (XceiverServerRatis.java:start(431)) - XceiverServerRatis c5630dbc-d159-4e74-a046-1b52429c3a82 is started using port 34180
2019-11-14 12:41:57,984 [Datanode State Machine Thread - 0] INFO  server.XceiverServerGrpc (XceiverServerGrpc.java:start(145)) - XceiverServerGrpc c5630dbc-d159-4e74-a046-1b52429c3a82 is started using port 39124
2019-11-14 12:41:58,043 [Datanode State Machine Thread - 0] INFO  ozoneimpl.OzoneContainer (OzoneContainer.java:start(230)) - Attempting to start container services.
2019-11-14 12:41:58,044 [Datanode State Machine Thread - 0] INFO  ozoneimpl.OzoneContainer (OzoneContainer.java:startContainerScrub(194)) - Background container scanner has been disabled.
2019-11-14 12:41:58,044 [Datanode State Machine Thread - 0] INFO  ratis.XceiverServerRatis (XceiverServerRatis.java:start(421)) - Starting XceiverServerRatis 014ed27e-4853-41cc-a50c-9de7527fd6a0 at port 0
2019-11-14 12:41:58,050 [Datanode State Machine Thread - 0] INFO  impl.RaftServerProxy (RaftServerProxy.java:lambda$start$3(299)) - 014ed27e-4853-41cc-a50c-9de7527fd6a0: start RPC server
2019-11-14 12:41:58,053 [Datanode State Machine Thread - 0] INFO  server.GrpcService (GrpcService.java:startImpl(158)) - 014ed27e-4853-41cc-a50c-9de7527fd6a0: GrpcService started, listening on 0.0.0.0/0.0.0.0:41029
2019-11-14 12:41:58,053 [Datanode State Machine Thread - 0] INFO  ratis.XceiverServerRatis (XceiverServerRatis.java:start(431)) - XceiverServerRatis 014ed27e-4853-41cc-a50c-9de7527fd6a0 is started using port 41029
2019-11-14 12:41:58,053 [Datanode State Machine Thread - 0] INFO  server.XceiverServerGrpc (XceiverServerGrpc.java:start(145)) - XceiverServerGrpc 014ed27e-4853-41cc-a50c-9de7527fd6a0 is started using port 37998
2019-11-14 12:41:58,075 [main] INFO  ozone.MiniOzoneClusterImpl (MiniOzoneClusterImpl.java:lambda$waitForClusterToBeReady$2(171)) - Waiting for cluster to be ready. Got 0 of 10 DN Heartbeats.
2019-11-14 12:41:58,089 [Datanode State Machine Thread - 0] INFO  ozoneimpl.OzoneContainer (OzoneContainer.java:start(230)) - Attempting to start container services.
2019-11-14 12:41:58,089 [Datanode State Machine Thread - 0] INFO  ozoneimpl.OzoneContainer (OzoneContainer.java:startContainerScrub(194)) - Background container scanner has been disabled.
2019-11-14 12:41:58,089 [Datanode State Machine Thread - 0] INFO  ratis.XceiverServerRatis (XceiverServerRatis.java:start(421)) - Starting XceiverServerRatis 0ff44171-e26a-4ef7-8f26-7a0f9c51011c at port 0
2019-11-14 12:41:58,095 [Datanode State Machine Thread - 0] INFO  impl.RaftServerProxy (RaftServerProxy.java:lambda$start$3(299)) - 0ff44171-e26a-4ef7-8f26-7a0f9c51011c: start RPC server
2019-11-14 12:41:58,096 [Datanode State Machine Thread - 0] INFO  server.GrpcService (GrpcService.java:startImpl(158)) - 0ff44171-e26a-4ef7-8f26-7a0f9c51011c: GrpcService started, listening on 0.0.0.0/0.0.0.0:43866
2019-11-14 12:41:58,096 [Datanode State Machine Thread - 0] INFO  ratis.XceiverServerRatis (XceiverServerRatis.java:start(431)) - XceiverServerRatis 0ff44171-e26a-4ef7-8f26-7a0f9c51011c is started using port 43866
2019-11-14 12:41:58,108 [Datanode State Machine Thread - 0] INFO  server.XceiverServerGrpc (XceiverServerGrpc.java:start(145)) - XceiverServerGrpc 0ff44171-e26a-4ef7-8f26-7a0f9c51011c is started using port 45419
2019-11-14 12:41:59,076 [main] INFO  ozone.MiniOzoneClusterImpl (MiniOzoneClusterImpl.java:lambda$waitForClusterToBeReady$2(171)) - Waiting for cluster to be ready. Got 0 of 10 DN Heartbeats.
2019-11-14 12:41:59,536 [IPC Server handler 2 on 33565] INFO  net.NetworkTopology (NetworkTopologyImpl.java:add(111)) - Added a new node: /rack1/246c57ec-d0aa-4f80-a8a4-72fa2ca2a50d
2019-11-14 12:41:59,538 [IPC Server handler 2 on 33565] INFO  node.SCMNodeManager (SCMNodeManager.java:register(267)) - Registered Data node : 246c57ec-d0aa-4f80-a8a4-72fa2ca2a50d{ip: 192.168.34.21, host: pr-hdds-2481-nxhrh-893604966, networkLocation: /rack1, certSerialId: null}
2019-11-14 12:41:59,539 [EventQueue-NodeRegistrationContainerReportForDataNodeSafeModeRule] INFO  safemode.SCMSafeModeManager (DataNodeSafeModeRule.java:process(71)) - SCM in safe mode. 1 DataNodes registered, 1 required.
2019-11-14 12:41:59,540 [EventQueue-NodeRegistrationContainerReportForDataNodeSafeModeRule] INFO  safemode.SCMSafeModeManager (SCMSafeModeManager.java:validateSafeModeExitRules(177)) - ScmSafeModeManager, all rules are successfully validated
2019-11-14 12:41:59,541 [EventQueue-NodeRegistrationContainerReportForDataNodeSafeModeRule] INFO  safemode.SCMSafeModeManager (SCMSafeModeManager.java:exitSafeMode(193)) - SCM exiting safe mode.
2019-11-14 12:41:59,552 [grpc-default-executor-1] INFO  impl.RaftServerProxy (RaftServerProxy.java:addNew(89)) - 246c57ec-d0aa-4f80-a8a4-72fa2ca2a50d: addNew group-FEE189D1CAA3:[246c57ec-d0aa-4f80-a8a4-72fa2ca2a50d:192.168.34.21:36644] returns group-FEE189D1CAA3:java.util.concurrent.CompletableFuture@228c2df6[Not completed]
2019-11-14 12:41:59,556 [pool-509-thread-1] INFO  impl.RaftServerImpl (RaftServerImpl.java:<init>(98)) - 246c57ec-d0aa-4f80-a8a4-72fa2ca2a50d: new RaftServerImpl for group-FEE189D1CAA3:[246c57ec-d0aa-4f80-a8a4-72fa2ca2a50d:192.168.34.21:36644] with ContainerStateMachine:uninitialized
2019-11-14 12:41:59,556 [pool-509-thread-1] INFO  server.RaftServerConfigKeys (ConfUtils.java:logGet(43)) - raft.server.rpc.timeout.min = 1s (custom)
2019-11-14 12:41:59,556 [pool-509-thread-1] INFO  server.RaftServerConfigKeys (ConfUtils.java:logGet(43)) - raft.server.rpc.timeout.max = 1200ms (custom)
2019-11-14 12:41:59,556 [pool-509-thread-1] INFO  server.RaftServerConfigKeys (ConfUtils.java:logGet(43)) - raft.server.rpcslowness.timeout = 120s (custom)
2019-11-14 12:41:59,557 [pool-509-thread-1] INFO  server.RaftServerConfigKeys (ConfUtils.java:logGet(43)) - raft.server.sleep.deviation.threshold = 300 (default)
2019-11-14 12:41:59,557 [pool-509-thread-1] INFO  server.RaftServerConfigKeys (ConfUtils.java:logGet(43)) - raft.server.log.appender.install.snapshot.enabled = false (custom)
2019-11-14 12:41:59,557 [pool-509-thread-1] INFO  impl.RaftServerImpl (ServerState.java:<init>(103)) - 246c57ec-d0aa-4f80-a8a4-72fa2ca2a50d@group-FEE189D1CAA3: ConfigurationManager, init=-1: [246c57ec-d0aa-4f80-a8a4-72fa2ca2a50d:192.168.34.21:36644], old=null, confs=<EMPTY_MAP>
2019-11-14 12:41:59,557 [pool-509-thread-1] INFO  server.RaftServerConfigKeys (ConfUtils.java:logGet(43)) - raft.server.storage.dir = [/workdir/hadoop-ozone/integration-test/target/test-dir/MiniOzoneClusterImpl-00c2d61f-fa45-4119-a3b8-446fff627119/datanode-0/data/ratis] (custom)
2019-11-14 12:41:59,558 [pool-509-thread-1] INFO  server.RaftServerConfigKeys (ConfUtils.java:logGet(43)) - raft.server.log.corruption.policy = EXCEPTION (default)
2019-11-14 12:41:59,558 [pool-509-thread-1] INFO  storage.RaftStorageDirectory (RaftStorageDirectory.java:analyzeStorage(246)) - The storage directory /workdir/hadoop-ozone/integration-test/target/test-dir/MiniOzoneClusterImpl-00c2d61f-fa45-4119-a3b8-446fff627119/datanode-0/data/ratis/661dd60e-eca3-43b3-98d6-fee189d1caa3 does not exist. Creating ...
2019-11-14 12:41:59,571 [pool-509-thread-1] INFO  storage.RaftStorageDirectory (RaftStorageDirectory.java:tryLock(328)) - Lock on /workdir/hadoop-ozone/integration-test/target/test-dir/MiniOzoneClusterImpl-00c2d61f-fa45-4119-a3b8-446fff627119/datanode-0/data/ratis/661dd60e-eca3-43b3-98d6-fee189d1caa3/in_use.lock acquired by nodename 27294@pr-hdds-2481-nxhrh-893604966
2019-11-14 12:41:59,584 [pool-509-thread-1] INFO  storage.RaftStorage (RaftStorage.java:format(84)) - Storage directory /workdir/hadoop-ozone/integration-test/target/test-dir/MiniOzoneClusterImpl-00c2d61f-fa45-4119-a3b8-446fff627119/datanode-0/data/ratis/661dd60e-eca3-43b3-98d6-fee189d1caa3 has been successfully formatted.
2019-11-14 12:41:59,584 [pool-509-thread-1] INFO  ratis.ContainerStateMachine (ContainerStateMachine.java:loadSnapshot(223)) - group-FEE189D1CAA3: The snapshot info is null. Setting the last applied indexto:(t:0, i:~)
2019-11-14 12:41:59,584 [pool-509-thread-1] INFO  server.RaftServerConfigKeys (ConfUtils.java:logGet(43)) - raft.server.notification.no-leader.timeout = 120s (custom)
2019-11-14 12:41:59,584 [pool-509-thread-1] INFO  server.RaftServerConfigKeys (ConfUtils.java:logGet(43)) - raft.server.log.use.memory = false (default)
2019-11-14 12:41:59,584 [pool-509-thread-1] INFO  server.RaftServerConfigKeys (ConfUtils.java:logGet(43)) - raft.server.log.purge.gap = 1000000 (custom)
2019-11-14 12:41:59,585 [pool-509-thread-1] INFO  server.RaftServerConfigKeys (ConfUtils.java:logGet(43)) - raft.server.log.appender.buffer.byte-limit = 33554432 (custom)
2019-11-14 12:41:59,585 [pool-509-thread-1] INFO  server.RaftServerConfigKeys (ConfUtils.java:logGet(43)) - raft.server.log.segment.size.max = 1048576 (custom)
2019-11-14 12:41:59,585 [pool-509-thread-1] WARN  impl.MetricRegistriesImpl (MetricRegistriesImpl.java:lambda$create$1(61)) - First MetricRegistry has been created without registering reporters. You may need to call MetricRegistries.global().addReportRegistration(...) before.
2019-11-14 12:41:59,585 [pool-509-thread-1] INFO  server.RaftServerConfigKeys (ConfUtils.java:logGet(43)) - raft.server.log.segment.cache.num.max = 2 (custom)
2019-11-14 12:41:59,585 [pool-509-thread-1] INFO  segmented.SegmentedRaftLogWorker (SegmentedRaftLogWorker.java:<init>(173)) - new 246c57ec-d0aa-4f80-a8a4-72fa2ca2a50d@group-FEE189D1CAA3-SegmentedRaftLogWorker for RaftStorage:Storage Directory /workdir/hadoop-ozone/integration-test/target/test-dir/MiniOzoneClusterImpl-00c2d61f-fa45-4119-a3b8-446fff627119/datanode-0/data/ratis/661dd60e-eca3-43b3-98d6-fee189d1caa3
2019-11-14 12:41:59,585 [pool-509-thread-1] INFO  server.RaftServerConfigKeys (ConfUtils.java:logGet(43)) - raft.server.log.queue.byte-limit = 2147483647 (custom)
2019-11-14 12:41:59,586 [pool-509-thread-1] INFO  server.RaftServerConfigKeys (ConfUtils.java:logGet(43)) - raft.server.log.queue.element-limit = 1024 (custom)
2019-11-14 12:41:59,586 [pool-509-thread-1] INFO  server.RaftServerConfigKeys (ConfUtils.java:logGet(43)) - raft.server.log.segment.size.max = 1048576 (custom)
2019-11-14 12:41:59,586 [pool-509-thread-1] INFO  server.RaftServerConfigKeys (ConfUtils.java:logGet(43)) - raft.server.log.preallocated.size = 16384 (custom)
2019-11-14 12:41:59,586 [pool-509-thread-1] INFO  server.RaftServerConfigKeys (ConfUtils.java:logGet(43)) - raft.server.log.write.buffer.size = 33554432 (custom)
2019-11-14 12:41:59,586 [pool-509-thread-1] INFO  server.RaftServerConfigKeys (ConfUtils.java:logGet(43)) - raft.server.log.force.sync.num = 128 (default)
2019-11-14 12:41:59,586 [pool-509-thread-1] INFO  server.RaftServerConfigKeys (ConfUtils.java:logGet(43)) - raft.server.log.statemachine.data.sync = true (default)
2019-11-14 12:41:59,586 [pool-509-thread-1] INFO  server.RaftServerConfigKeys (ConfUtils.java:logGet(43)) - raft.server.log.statemachine.data.sync.timeout = 10s (default)
2019-11-14 12:41:59,586 [pool-509-thread-1] INFO  server.RaftServerConfigKeys (ConfUtils.java:logGet(43)) - raft.server.log.statemachine.data.sync.timeout.retry = -1 (default)
2019-11-14 12:41:59,587 [IPC Server handler 1 on 33565] INFO  net.NetworkTopology (NetworkTopologyImpl.java:add(111)) - Added a new node: /rack1/a1f4ab9e-675c-48c0-bb27-a541bfd11ae2
2019-11-14 12:41:59,587 [pool-509-thread-1] INFO  server.RaftServerConfigKeys (ConfUtils.java:logGet(43)) - raft.server.log.statemachine.data.caching.enabled = true (custom)
2019-11-14 12:41:59,587 [IPC Server handler 1 on 33565] INFO  node.SCMNodeManager (SCMNodeManager.java:register(267)) - Registered Data node : a1f4ab9e-675c-48c0-bb27-a541bfd11ae2{ip: 192.168.34.21, host: pr-hdds-2481-nxhrh-893604966, networkLocation: /rack1, certSerialId: null}
2019-11-14 12:41:59,587 [pool-509-thread-1] INFO  segmented.SegmentedRaftLogWorker (SegmentedRaftLogWorker.java:lambda$new$0(128)) - 246c57ec-d0aa-4f80-a8a4-72fa2ca2a50d@group-FEE189D1CAA3-SegmentedRaftLogWorker: flushIndex: setUnconditionally 0 -> -1
2019-11-14 12:41:59,588 [pool-509-thread-1] INFO  server.RaftServerConfigKeys (ConfUtils.java:logGet(43)) - raft.server.snapshot.auto.trigger.enabled = true (custom)
2019-11-14 12:41:59,588 [pool-509-thread-1] INFO  server.RaftServerConfigKeys (ConfUtils.java:logGet(43)) - raft.server.snapshot.auto.trigger.threshold = 10000 (custom)
2019-11-14 12:41:59,588 [pool-509-thread-1] INFO  server.RaftServerConfigKeys (ConfUtils.java:logGet(43)) - raft.server.snapshot.retention.file.num = 5 (custom)
2019-11-14 12:41:59,588 [pool-509-thread-1] INFO  server.RaftServerConfigKeys (ConfUtils.java:logGet(43)) - raft.server.retrycache.expirytime = 600000ms (custom)
2019-11-14 12:41:59,588 [pool-509-thread-1] WARN  impl.MetricRegistriesImpl (MetricRegistriesImpl.java:lambda$create$1(61)) - First MetricRegistry has been created without registering reporters. You may need to call MetricRegistries.global().addReportRegistration(...) before.
2019-11-14 12:41:59,589 [pool-509-thread-1] WARN  impl.MetricRegistriesImpl (MetricRegistriesImpl.java:lambda$create$1(61)) - First MetricRegistry has been created without registering reporters. You may need to call MetricRegistries.global().addReportRegistration(...) before.
2019-11-14 12:41:59,589 [pool-509-thread-1] INFO  impl.RaftServerImpl (RaftServerImpl.java:start(184)) - 246c57ec-d0aa-4f80-a8a4-72fa2ca2a50d@group-FEE189D1CAA3: start as a follower, conf=-1: [246c57ec-d0aa-4f80-a8a4-72fa2ca2a50d:192.168.34.21:36644], old=null
2019-11-14 12:41:59,589 [pool-509-thread-1] INFO  impl.RaftServerImpl (RaftServerImpl.java:setRole(173)) - 246c57ec-d0aa-4f80-a8a4-72fa2ca2a50d@group-FEE189D1CAA3: changes role from      null to FOLLOWER at term 0 for startAsFollower
2019-11-14 12:41:59,589 [pool-509-thread-1] INFO  impl.RoleInfo (RoleInfo.java:updateAndGet(143)) - 246c57ec-d0aa-4f80-a8a4-72fa2ca2a50d: start FollowerState
2019-11-14 12:41:59,590 [pool-509-thread-1] INFO  util.JmxRegister (JmxRegister.java:tryRegister(44)) - Successfully registered JMX Bean with object name Ratis:service=RaftServer,group=group-FEE189D1CAA3,id=246c57ec-d0aa-4f80-a8a4-72fa2ca2a50d
2019-11-14 12:41:59,590 [pool-509-thread-1] WARN  impl.MetricRegistriesImpl (MetricRegistriesImpl.java:lambda$create$1(61)) - First MetricRegistry has been created without registering reporters. You may need to call MetricRegistries.global().addReportRegistration(...) before.
2019-11-14 12:41:59,593 [RatisPipelineUtilsThread] INFO  pipeline.PipelineStateManager (PipelineStateManager.java:addPipeline(55)) - Created pipeline Pipeline[ Id: 661dd60e-eca3-43b3-98d6-fee189d1caa3, Nodes: 246c57ec-d0aa-4f80-a8a4-72fa2ca2a50d{ip: 192.168.34.21, host: pr-hdds-2481-nxhrh-893604966, networkLocation: /rack1, certSerialId: null}, Type:RATIS, Factor:ONE, State:ALLOCATED]
2019-11-14 12:41:59,599 [grpc-default-executor-1] INFO  impl.RaftServerProxy (RaftServerProxy.java:addNew(89)) - a1f4ab9e-675c-48c0-bb27-a541bfd11ae2: addNew group-308D025A542F:[a1f4ab9e-675c-48c0-bb27-a541bfd11ae2:192.168.34.21:38632] returns group-308D025A542F:java.util.concurrent.CompletableFuture@7a40420f[Not completed]
2019-11-14 12:41:59,600 [pool-519-thread-1] INFO  impl.RaftServerImpl (RaftServerImpl.java:<init>(98)) - a1f4ab9e-675c-48c0-bb27-a541bfd11ae2: new RaftServerImpl for group-308D025A542F:[a1f4ab9e-675c-48c0-bb27-a541bfd11ae2:192.168.34.21:38632] with ContainerStateMachine:uninitialized
2019-11-14 12:41:59,601 [pool-519-thread-1] INFO  server.RaftServerConfigKeys (ConfUtils.java:logGet(43)) - raft.server.rpc.timeout.min = 1s (custom)
2019-11-14 12:41:59,601 [pool-519-thread-1] INFO  server.RaftServerConfigKeys (ConfUtils.java:logGet(43)) - raft.server.rpc.timeout.max = 1200ms (custom)
2019-11-14 12:41:59,601 [pool-519-thread-1] INFO  server.RaftServerConfigKeys (ConfUtils.java:logGet(43)) - raft.server.rpcslowness.timeout = 120s (custom)
2019-11-14 12:41:59,601 [pool-519-thread-1] INFO  server.RaftServerConfigKeys (ConfUtils.java:logGet(43)) - raft.server.sleep.deviation.threshold = 300 (default)
2019-11-14 12:41:59,601 [pool-519-thread-1] INFO  server.RaftServerConfigKeys (ConfUtils.java:logGet(43)) - raft.server.log.appender.install.snapshot.enabled = false (custom)
2019-11-14 12:41:59,601 [pool-519-thread-1] INFO  impl.RaftServerImpl (ServerState.java:<init>(103)) - a1f4ab9e-675c-48c0-bb27-a541bfd11ae2@group-308D025A542F: ConfigurationManager, init=-1: [a1f4ab9e-675c-48c0-bb27-a541bfd11ae2:192.168.34.21:38632], old=null, confs=<EMPTY_MAP>
2019-11-14 12:41:59,601 [pool-519-thread-1] INFO  server.RaftServerConfigKeys (ConfUtils.java:logGet(43)) - raft.server.storage.dir = [/workdir/hadoop-ozone/integration-test/target/test-dir/MiniOzoneClusterImpl-00c2d61f-fa45-4119-a3b8-446fff627119/datanode-1/data/ratis] (custom)
2019-11-14 12:41:59,601 [pool-519-thread-1] INFO  server.RaftServerConfigKeys (ConfUtils.java:logGet(43)) - raft.server.log.corruption.policy = EXCEPTION (default)
2019-11-14 12:41:59,602 [pool-519-thread-1] INFO  storage.RaftStorageDirectory (RaftStorageDirectory.java:analyzeStorage(246)) - The storage directory /workdir/hadoop-ozone/integration-test/target/test-dir/MiniOzoneClusterImpl-00c2d61f-fa45-4119-a3b8-446fff627119/datanode-1/data/ratis/55ed333f-cfae-4f7e-b05d-308d025a542f does not exist. Creating ...
2019-11-14 12:41:59,615 [pool-519-thread-1] INFO  storage.RaftStorageDirectory (RaftStorageDirectory.java:tryLock(328)) - Lock on /workdir/hadoop-ozone/integration-test/target/test-dir/MiniOzoneClusterImpl-00c2d61f-fa45-4119-a3b8-446fff627119/datanode-1/data/ratis/55ed333f-cfae-4f7e-b05d-308d025a542f/in_use.lock acquired by nodename 27294@pr-hdds-2481-nxhrh-893604966
2019-11-14 12:41:59,628 [pool-519-thread-1] INFO  storage.RaftStorage (RaftStorage.java:format(84)) - Storage directory /workdir/hadoop-ozone/integration-test/target/test-dir/MiniOzoneClusterImpl-00c2d61f-fa45-4119-a3b8-446fff627119/datanode-1/data/ratis/55ed333f-cfae-4f7e-b05d-308d025a542f has been successfully formatted.
2019-11-14 12:41:59,628 [pool-519-thread-1] INFO  ratis.ContainerStateMachine (ContainerStateMachine.java:loadSnapshot(223)) - group-308D025A542F: The snapshot info is null. Setting the last applied indexto:(t:0, i:~)
2019-11-14 12:41:59,628 [pool-519-thread-1] INFO  server.RaftServerConfigKeys (ConfUtils.java:logGet(43)) - raft.server.notification.no-leader.timeout = 120s (custom)
2019-11-14 12:41:59,628 [pool-519-thread-1] INFO  server.RaftServerConfigKeys (ConfUtils.java:logGet(43)) - raft.server.log.use.memory = false (default)
2019-11-14 12:41:59,628 [pool-519-thread-1] INFO  server.RaftServerConfigKeys (ConfUtils.java:logGet(43)) - raft.server.log.purge.gap = 1000000 (custom)
2019-11-14 12:41:59,628 [pool-519-thread-1] INFO  server.RaftServerConfigKeys (ConfUtils.java:logGet(43)) - raft.server.log.appender.buffer.byte-limit = 33554432 (custom)
2019-11-14 12:41:59,629 [pool-519-thread-1] INFO  server.RaftServerConfigKeys (ConfUtils.java:logGet(43)) - raft.server.log.segment.size.max = 1048576 (custom)
2019-11-14 12:41:59,629 [pool-519-thread-1] WARN  impl.MetricRegistriesImpl (MetricRegistriesImpl.java:lambda$create$1(61)) - First MetricRegistry has been created without registering reporters. You may need to call MetricRegistries.global().addReportRegistration(...) before.
2019-11-14 12:41:59,629 [pool-519-thread-1] INFO  server.RaftServerConfigKeys (ConfUtils.java:logGet(43)) - raft.server.log.segment.cache.num.max = 2 (custom)
2019-11-14 12:41:59,629 [pool-519-thread-1] INFO  segmented.SegmentedRaftLogWorker (SegmentedRaftLogWorker.java:<init>(173)) - new a1f4ab9e-675c-48c0-bb27-a541bfd11ae2@group-308D025A542F-SegmentedRaftLogWorker for RaftStorage:Storage Directory /workdir/hadoop-ozone/integration-test/target/test-dir/MiniOzoneClusterImpl-00c2d61f-fa45-4119-a3b8-446fff627119/datanode-1/data/ratis/55ed333f-cfae-4f7e-b05d-308d025a542f
2019-11-14 12:41:59,629 [pool-519-thread-1] INFO  server.RaftServerConfigKeys (ConfUtils.java:logGet(43)) - raft.server.log.queue.byte-limit = 2147483647 (custom)
2019-11-14 12:41:59,629 [pool-519-thread-1] INFO  server.RaftServerConfigKeys (ConfUtils.java:logGet(43)) - raft.server.log.queue.element-limit = 1024 (custom)
2019-11-14 12:41:59,629 [pool-519-thread-1] INFO  server.RaftServerConfigKeys (ConfUtils.java:logGet(43)) - raft.server.log.segment.size.max = 1048576 (custom)
2019-11-14 12:41:59,629 [pool-519-thread-1] INFO  server.RaftServerConfigKeys (ConfUtils.java:logGet(43)) - raft.server.log.preallocated.size = 16384 (custom)
2019-11-14 12:41:59,629 [pool-519-thread-1] INFO  server.RaftServerConfigKeys (ConfUtils.java:logGet(43)) - raft.server.log.write.buffer.size = 33554432 (custom)
2019-11-14 12:41:59,630 [pool-519-thread-1] INFO  server.RaftServerConfigKeys (ConfUtils.java:logGet(43)) - raft.server.log.force.sync.num = 128 (default)
2019-11-14 12:41:59,630 [pool-519-thread-1] INFO  server.RaftServerConfigKeys (ConfUtils.java:logGet(43)) - raft.server.log.statemachine.data.sync = true (default)
2019-11-14 12:41:59,630 [pool-519-thread-1] INFO  server.RaftServerConfigKeys (ConfUtils.java:logGet(43)) - raft.server.log.statemachine.data.sync.timeout = 10s (default)
2019-11-14 12:41:59,630 [pool-519-thread-1] INFO  server.RaftServerConfigKeys (ConfUtils.java:logGet(43)) - raft.server.log.statemachine.data.sync.timeout.retry = -1 (default)
2019-11-14 12:41:59,630 [pool-519-thread-1] INFO  server.RaftServerConfigKeys (ConfUtils.java:logGet(43)) - raft.server.log.statemachine.data.caching.enabled = true (custom)
2019-11-14 12:41:59,630 [pool-519-thread-1] INFO  segmented.SegmentedRaftLogWorker (SegmentedRaftLogWorker.java:lambda$new$0(128)) - a1f4ab9e-675c-48c0-bb27-a541bfd11ae2@group-308D025A542F-SegmentedRaftLogWorker: flushIndex: setUnconditionally 0 -> -1
2019-11-14 12:41:59,631 [pool-519-thread-1] INFO  server.RaftServerConfigKeys (ConfUtils.java:logGet(43)) - raft.server.snapshot.auto.trigger.enabled = true (custom)
2019-11-14 12:41:59,631 [pool-519-thread-1] INFO  server.RaftServerConfigKeys (ConfUtils.java:logGet(43)) - raft.server.snapshot.auto.trigger.threshold = 10000 (custom)
2019-11-14 12:41:59,631 [pool-519-thread-1] INFO  server.RaftServerConfigKeys (ConfUtils.java:logGet(43)) - raft.server.snapshot.retention.file.num = 5 (custom)
2019-11-14 12:41:59,631 [pool-519-thread-1] INFO  server.RaftServerConfigKeys (ConfUtils.java:logGet(43)) - raft.server.retrycache.expirytime = 600000ms (custom)
2019-11-14 12:41:59,631 [pool-519-thread-1] WARN  impl.MetricRegistriesImpl (MetricRegistriesImpl.java:lambda$create$1(61)) - First MetricRegistry has been created without registering reporters. You may need to call MetricRegistries.global().addReportRegistration(...) before.
2019-11-14 12:41:59,631 [pool-519-thread-1] WARN  impl.MetricRegistriesImpl (MetricRegistriesImpl.java:lambda$create$1(61)) - First MetricRegistry has been created without registering reporters. You may need to call MetricRegistries.global().addReportRegistration(...) before.
2019-11-14 12:41:59,631 [pool-519-thread-1] INFO  impl.RaftServerImpl (RaftServerImpl.java:start(184)) - a1f4ab9e-675c-48c0-bb27-a541bfd11ae2@group-308D025A542F: start as a follower, conf=-1: [a1f4ab9e-675c-48c0-bb27-a541bfd11ae2:192.168.34.21:38632], old=null
2019-11-14 12:41:59,631 [pool-519-thread-1] INFO  impl.RaftServerImpl (RaftServerImpl.java:setRole(173)) - a1f4ab9e-675c-48c0-bb27-a541bfd11ae2@group-308D025A542F: changes role from      null to FOLLOWER at term 0 for startAsFollower
2019-11-14 12:41:59,631 [pool-519-thread-1] INFO  impl.RoleInfo (RoleInfo.java:updateAndGet(143)) - a1f4ab9e-675c-48c0-bb27-a541bfd11ae2: start FollowerState
2019-11-14 12:41:59,632 [pool-519-thread-1] INFO  util.JmxRegister (JmxRegister.java:tryRegister(44)) - Successfully registered JMX Bean with object name Ratis:service=RaftServer,group=group-308D025A542F,id=a1f4ab9e-675c-48c0-bb27-a541bfd11ae2
2019-11-14 12:41:59,632 [pool-519-thread-1] WARN  impl.MetricRegistriesImpl (MetricRegistriesImpl.java:lambda$create$1(61)) - First MetricRegistry has been created without registering reporters. You may need to call MetricRegistries.global().addReportRegistration(...) before.
2019-11-14 12:41:59,634 [RatisPipelineUtilsThread] INFO  pipeline.PipelineStateManager (PipelineStateManager.java:addPipeline(55)) - Created pipeline Pipeline[ Id: 55ed333f-cfae-4f7e-b05d-308d025a542f, Nodes: a1f4ab9e-675c-48c0-bb27-a541bfd11ae2{ip: 192.168.34.21, host: pr-hdds-2481-nxhrh-893604966, networkLocation: /rack1, certSerialId: null}, Type:RATIS, Factor:ONE, State:ALLOCATED]
2019-11-14 12:41:59,642 [IPC Server handler 3 on 33565] INFO  net.NetworkTopology (NetworkTopologyImpl.java:add(111)) - Added a new node: /rack1/7f15e76e-ccdf-421e-a2ec-7ae8a15127a1
2019-11-14 12:41:59,643 [IPC Server handler 3 on 33565] INFO  node.SCMNodeManager (SCMNodeManager.java:register(267)) - Registered Data node : 7f15e76e-ccdf-421e-a2ec-7ae8a15127a1{ip: 192.168.34.21, host: pr-hdds-2481-nxhrh-893604966, networkLocation: /rack1, certSerialId: null}
2019-11-14 12:41:59,648 [grpc-default-executor-1] INFO  impl.RaftServerProxy (RaftServerProxy.java:addNew(89)) - 7f15e76e-ccdf-421e-a2ec-7ae8a15127a1: addNew group-4AD137A910A2:[7f15e76e-ccdf-421e-a2ec-7ae8a15127a1:192.168.34.21:39661] returns group-4AD137A910A2:java.util.concurrent.CompletableFuture@19a0d764[Not completed]
2019-11-14 12:41:59,649 [pool-529-thread-1] INFO  impl.RaftServerImpl (RaftServerImpl.java:<init>(98)) - 7f15e76e-ccdf-421e-a2ec-7ae8a15127a1: new RaftServerImpl for group-4AD137A910A2:[7f15e76e-ccdf-421e-a2ec-7ae8a15127a1:192.168.34.21:39661] with ContainerStateMachine:uninitialized
2019-11-14 12:41:59,650 [pool-529-thread-1] INFO  server.RaftServerConfigKeys (ConfUtils.java:logGet(43)) - raft.server.rpc.timeout.min = 1s (custom)
2019-11-14 12:41:59,650 [pool-529-thread-1] INFO  server.RaftServerConfigKeys (ConfUtils.java:logGet(43)) - raft.server.rpc.timeout.max = 1200ms (custom)
2019-11-14 12:41:59,650 [pool-529-thread-1] INFO  server.RaftServerConfigKeys (ConfUtils.java:logGet(43)) - raft.server.rpcslowness.timeout = 120s (custom)
2019-11-14 12:41:59,650 [pool-529-thread-1] INFO  server.RaftServerConfigKeys (ConfUtils.java:logGet(43)) - raft.server.sleep.deviation.threshold = 300 (default)
2019-11-14 12:41:59,650 [pool-529-thread-1] INFO  server.RaftServerConfigKeys (ConfUtils.java:logGet(43)) - raft.server.log.appender.install.snapshot.enabled = false (custom)
2019-11-14 12:41:59,650 [pool-529-thread-1] INFO  impl.RaftServerImpl (ServerState.java:<init>(103)) - 7f15e76e-ccdf-421e-a2ec-7ae8a15127a1@group-4AD137A910A2: ConfigurationManager, init=-1: [7f15e76e-ccdf-421e-a2ec-7ae8a15127a1:192.168.34.21:39661], old=null, confs=<EMPTY_MAP>
2019-11-14 12:41:59,650 [pool-529-thread-1] INFO  server.RaftServerConfigKeys (ConfUtils.java:logGet(43)) - raft.server.storage.dir = [/workdir/hadoop-ozone/integration-test/target/test-dir/MiniOzoneClusterImpl-00c2d61f-fa45-4119-a3b8-446fff627119/datanode-2/data/ratis] (custom)
2019-11-14 12:41:59,650 [pool-529-thread-1] INFO  server.RaftServerConfigKeys (ConfUtils.java:logGet(43)) - raft.server.log.corruption.policy = EXCEPTION (default)
2019-11-14 12:41:59,651 [pool-529-thread-1] INFO  storage.RaftStorageDirectory (RaftStorageDirectory.java:analyzeStorage(246)) - The storage directory /workdir/hadoop-ozone/integration-test/target/test-dir/MiniOzoneClusterImpl-00c2d61f-fa45-4119-a3b8-446fff627119/datanode-2/data/ratis/550d96ac-ea9f-4518-be49-4ad137a910a2 does not exist. Creating ...
2019-11-14 12:41:59,676 [pool-529-thread-1] INFO  storage.RaftStorageDirectory (RaftStorageDirectory.java:tryLock(328)) - Lock on /workdir/hadoop-ozone/integration-test/target/test-dir/MiniOzoneClusterImpl-00c2d61f-fa45-4119-a3b8-446fff627119/datanode-2/data/ratis/550d96ac-ea9f-4518-be49-4ad137a910a2/in_use.lock acquired by nodename 27294@pr-hdds-2481-nxhrh-893604966
2019-11-14 12:41:59,690 [pool-529-thread-1] INFO  storage.RaftStorage (RaftStorage.java:format(84)) - Storage directory /workdir/hadoop-ozone/integration-test/target/test-dir/MiniOzoneClusterImpl-00c2d61f-fa45-4119-a3b8-446fff627119/datanode-2/data/ratis/550d96ac-ea9f-4518-be49-4ad137a910a2 has been successfully formatted.
2019-11-14 12:41:59,690 [pool-529-thread-1] INFO  ratis.ContainerStateMachine (ContainerStateMachine.java:loadSnapshot(223)) - group-4AD137A910A2: The snapshot info is null. Setting the last applied indexto:(t:0, i:~)
2019-11-14 12:41:59,690 [pool-529-thread-1] INFO  server.RaftServerConfigKeys (ConfUtils.java:logGet(43)) - raft.server.notification.no-leader.timeout = 120s (custom)
2019-11-14 12:41:59,690 [pool-529-thread-1] INFO  server.RaftServerConfigKeys (ConfUtils.java:logGet(43)) - raft.server.log.use.memory = false (default)
2019-11-14 12:41:59,690 [pool-529-thread-1] INFO  server.RaftServerConfigKeys (ConfUtils.java:logGet(43)) - raft.server.log.purge.gap = 1000000 (custom)
2019-11-14 12:41:59,691 [pool-529-thread-1] INFO  server.RaftServerConfigKeys (ConfUtils.java:logGet(43)) - raft.server.log.appender.buffer.byte-limit = 33554432 (custom)
2019-11-14 12:41:59,691 [pool-529-thread-1] INFO  server.RaftServerConfigKeys (ConfUtils.java:logGet(43)) - raft.server.log.segment.size.max = 1048576 (custom)
2019-11-14 12:41:59,691 [pool-529-thread-1] WARN  impl.MetricRegistriesImpl (MetricRegistriesImpl.java:lambda$create$1(61)) - First MetricRegistry has been created without registering reporters. You may need to call MetricRegistries.global().addReportRegistration(...) before.
2019-11-14 12:41:59,691 [pool-529-thread-1] INFO  server.RaftServerConfigKeys (ConfUtils.java:logGet(43)) - raft.server.log.segment.cache.num.max = 2 (custom)
2019-11-14 12:41:59,691 [pool-529-thread-1] INFO  segmented.SegmentedRaftLogWorker (SegmentedRaftLogWorker.java:<init>(173)) - new 7f15e76e-ccdf-421e-a2ec-7ae8a15127a1@group-4AD137A910A2-SegmentedRaftLogWorker for RaftStorage:Storage Directory /workdir/hadoop-ozone/integration-test/target/test-dir/MiniOzoneClusterImpl-00c2d61f-fa45-4119-a3b8-446fff627119/datanode-2/data/ratis/550d96ac-ea9f-4518-be49-4ad137a910a2
2019-11-14 12:41:59,691 [pool-529-thread-1] INFO  server.RaftServerConfigKeys (ConfUtils.java:logGet(43)) - raft.server.log.queue.byte-limit = 2147483647 (custom)
2019-11-14 12:41:59,691 [pool-529-thread-1] INFO  server.RaftServerConfigKeys (ConfUtils.java:logGet(43)) - raft.server.log.queue.element-limit = 1024 (custom)
2019-11-14 12:41:59,691 [pool-529-thread-1] INFO  server.RaftServerConfigKeys (ConfUtils.java:logGet(43)) - raft.server.log.segment.size.max = 1048576 (custom)
2019-11-14 12:41:59,691 [pool-529-thread-1] INFO  server.RaftServerConfigKeys (ConfUtils.java:logGet(43)) - raft.server.log.preallocated.size = 16384 (custom)
2019-11-14 12:41:59,692 [pool-529-thread-1] INFO  server.RaftServerConfigKeys (ConfUtils.java:logGet(43)) - raft.server.log.write.buffer.size = 33554432 (custom)
2019-11-14 12:41:59,692 [pool-529-thread-1] INFO  server.RaftServerConfigKeys (ConfUtils.java:logGet(43)) - raft.server.log.force.sync.num = 128 (default)
2019-11-14 12:41:59,692 [pool-529-thread-1] INFO  server.RaftServerConfigKeys (ConfUtils.java:logGet(43)) - raft.server.log.statemachine.data.sync = true (default)
2019-11-14 12:41:59,692 [pool-529-thread-1] INFO  server.RaftServerConfigKeys (ConfUtils.java:logGet(43)) - raft.server.log.statemachine.data.sync.timeout = 10s (default)
2019-11-14 12:41:59,692 [pool-529-thread-1] INFO  server.RaftServerConfigKeys (ConfUtils.java:logGet(43)) - raft.server.log.statemachine.data.sync.timeout.retry = -1 (default)
2019-11-14 12:41:59,692 [pool-529-thread-1] INFO  server.RaftServerConfigKeys (ConfUtils.java:logGet(43)) - raft.server.log.statemachine.data.caching.enabled = true (custom)
2019-11-14 12:41:59,692 [pool-529-thread-1] INFO  segmented.SegmentedRaftLogWorker (SegmentedRaftLogWorker.java:lambda$new$0(128)) - 7f15e76e-ccdf-421e-a2ec-7ae8a15127a1@group-4AD137A910A2-SegmentedRaftLogWorker: flushIndex: setUnconditionally 0 -> -1
2019-11-14 12:41:59,693 [pool-529-thread-1] INFO  server.RaftServerConfigKeys (ConfUtils.java:logGet(43)) - raft.server.snapshot.auto.trigger.enabled = true (custom)
2019-11-14 12:41:59,693 [pool-529-thread-1] INFO  server.RaftServerConfigKeys (ConfUtils.java:logGet(43)) - raft.server.snapshot.auto.trigger.threshold = 10000 (custom)
2019-11-14 12:41:59,693 [pool-529-thread-1] INFO  server.RaftServerConfigKeys (ConfUtils.java:logGet(43)) - raft.server.snapshot.retention.file.num = 5 (custom)
2019-11-14 12:41:59,693 [pool-529-thread-1] INFO  server.RaftServerConfigKeys (ConfUtils.java:logGet(43)) - raft.server.retrycache.expirytime = 600000ms (custom)
2019-11-14 12:41:59,693 [pool-529-thread-1] WARN  impl.MetricRegistriesImpl (MetricRegistriesImpl.java:lambda$create$1(61)) - First MetricRegistry has been created without registering reporters. You may need to call MetricRegistries.global().addReportRegistration(...) before.
2019-11-14 12:41:59,693 [pool-529-thread-1] WARN  impl.MetricRegistriesImpl (MetricRegistriesImpl.java:lambda$create$1(61)) - First MetricRegistry has been created without registering reporters. You may need to call MetricRegistries.global().addReportRegistration(...) before.
2019-11-14 12:41:59,693 [pool-529-thread-1] INFO  impl.RaftServerImpl (RaftServerImpl.java:start(184)) - 7f15e76e-ccdf-421e-a2ec-7ae8a15127a1@group-4AD137A910A2: start as a follower, conf=-1: [7f15e76e-ccdf-421e-a2ec-7ae8a15127a1:192.168.34.21:39661], old=null
2019-11-14 12:41:59,693 [pool-529-thread-1] INFO  impl.RaftServerImpl (RaftServerImpl.java:setRole(173)) - 7f15e76e-ccdf-421e-a2ec-7ae8a15127a1@group-4AD137A910A2: changes role from      null to FOLLOWER at term 0 for startAsFollower
2019-11-14 12:41:59,693 [pool-529-thread-1] INFO  impl.RoleInfo (RoleInfo.java:updateAndGet(143)) - 7f15e76e-ccdf-421e-a2ec-7ae8a15127a1: start FollowerState
2019-11-14 12:41:59,694 [pool-529-thread-1] INFO  util.JmxRegister (JmxRegister.java:tryRegister(44)) - Successfully registered JMX Bean with object name Ratis:service=RaftServer,group=group-4AD137A910A2,id=7f15e76e-ccdf-421e-a2ec-7ae8a15127a1
2019-11-14 12:41:59,694 [pool-529-thread-1] WARN  impl.MetricRegistriesImpl (MetricRegistriesImpl.java:lambda$create$1(61)) - First MetricRegistry has been created without registering reporters. You may need to call MetricRegistries.global().addReportRegistration(...) before.
2019-11-14 12:41:59,696 [RatisPipelineUtilsThread] INFO  pipeline.PipelineStateManager (PipelineStateManager.java:addPipeline(55)) - Created pipeline Pipeline[ Id: 550d96ac-ea9f-4518-be49-4ad137a910a2, Nodes: 7f15e76e-ccdf-421e-a2ec-7ae8a15127a1{ip: 192.168.34.21, host: pr-hdds-2481-nxhrh-893604966, networkLocation: /rack1, certSerialId: null}, Type:RATIS, Factor:ONE, State:ALLOCATED]
2019-11-14 12:41:59,706 [IPC Server handler 4 on 33565] INFO  net.NetworkTopology (NetworkTopologyImpl.java:add(111)) - Added a new node: /rack1/14503c04-9730-4ca2-acd0-60a84a10fce0
2019-11-14 12:41:59,706 [IPC Server handler 4 on 33565] INFO  node.SCMNodeManager (SCMNodeManager.java:register(267)) - Registered Data node : 14503c04-9730-4ca2-acd0-60a84a10fce0{ip: 192.168.34.21, host: pr-hdds-2481-nxhrh-893604966, networkLocation: /rack1, certSerialId: null}
2019-11-14 12:41:59,707 [grpc-default-executor-5] INFO  impl.RaftServerProxy (RaftServerProxy.java:addNew(89)) - 246c57ec-d0aa-4f80-a8a4-72fa2ca2a50d: addNew group-B91147E80B96:[7f15e76e-ccdf-421e-a2ec-7ae8a15127a1:192.168.34.21:39661, 246c57ec-d0aa-4f80-a8a4-72fa2ca2a50d:192.168.34.21:36644, a1f4ab9e-675c-48c0-bb27-a541bfd11ae2:192.168.34.21:38632] returns group-B91147E80B96:java.util.concurrent.CompletableFuture@45f813f0[Not completed]
2019-11-14 12:41:59,707 [grpc-default-executor-3] INFO  impl.RaftServerProxy (RaftServerProxy.java:addNew(89)) - 7f15e76e-ccdf-421e-a2ec-7ae8a15127a1: addNew group-B91147E80B96:[7f15e76e-ccdf-421e-a2ec-7ae8a15127a1:192.168.34.21:39661, 246c57ec-d0aa-4f80-a8a4-72fa2ca2a50d:192.168.34.21:36644, a1f4ab9e-675c-48c0-bb27-a541bfd11ae2:192.168.34.21:38632] returns group-B91147E80B96:java.util.concurrent.CompletableFuture@4c92bfe1[Not completed]
2019-11-14 12:41:59,708 [grpc-default-executor-3] INFO  impl.RaftServerProxy (RaftServerProxy.java:addNew(89)) - a1f4ab9e-675c-48c0-bb27-a541bfd11ae2: addNew group-B91147E80B96:[7f15e76e-ccdf-421e-a2ec-7ae8a15127a1:192.168.34.21:39661, 246c57ec-d0aa-4f80-a8a4-72fa2ca2a50d:192.168.34.21:36644, a1f4ab9e-675c-48c0-bb27-a541bfd11ae2:192.168.34.21:38632] returns group-B91147E80B96:java.util.concurrent.CompletableFuture@534b7f75[Not completed]
2019-11-14 12:41:59,708 [pool-509-thread-1] INFO  impl.RaftServerImpl (RaftServerImpl.java:<init>(98)) - 246c57ec-d0aa-4f80-a8a4-72fa2ca2a50d: new RaftServerImpl for group-B91147E80B96:[7f15e76e-ccdf-421e-a2ec-7ae8a15127a1:192.168.34.21:39661, 246c57ec-d0aa-4f80-a8a4-72fa2ca2a50d:192.168.34.21:36644, a1f4ab9e-675c-48c0-bb27-a541bfd11ae2:192.168.34.21:38632] with ContainerStateMachine:uninitialized
2019-11-14 12:41:59,708 [pool-509-thread-1] INFO  server.RaftServerConfigKeys (ConfUtils.java:logGet(43)) - raft.server.rpc.timeout.min = 1s (custom)
2019-11-14 12:41:59,708 [pool-509-thread-1] INFO  server.RaftServerConfigKeys (ConfUtils.java:logGet(43)) - raft.server.rpc.timeout.max = 1200ms (custom)
2019-11-14 12:41:59,709 [pool-509-thread-1] INFO  server.RaftServerConfigKeys (ConfUtils.java:logGet(43)) - raft.server.rpcslowness.timeout = 120s (custom)
2019-11-14 12:41:59,709 [pool-509-thread-1] INFO  server.RaftServerConfigKeys (ConfUtils.java:logGet(43)) - raft.server.sleep.deviation.threshold = 300 (default)
2019-11-14 12:41:59,709 [pool-509-thread-1] INFO  server.RaftServerConfigKeys (ConfUtils.java:logGet(43)) - raft.server.log.appender.install.snapshot.enabled = false (custom)
2019-11-14 12:41:59,709 [pool-509-thread-1] INFO  impl.RaftServerImpl (ServerState.java:<init>(103)) - 246c57ec-d0aa-4f80-a8a4-72fa2ca2a50d@group-B91147E80B96: ConfigurationManager, init=-1: [7f15e76e-ccdf-421e-a2ec-7ae8a15127a1:192.168.34.21:39661, 246c57ec-d0aa-4f80-a8a4-72fa2ca2a50d:192.168.34.21:36644, a1f4ab9e-675c-48c0-bb27-a541bfd11ae2:192.168.34.21:38632], old=null, confs=<EMPTY_MAP>
2019-11-14 12:41:59,709 [pool-519-thread-1] INFO  impl.RaftServerImpl (RaftServerImpl.java:<init>(98)) - a1f4ab9e-675c-48c0-bb27-a541bfd11ae2: new RaftServerImpl for group-B91147E80B96:[7f15e76e-ccdf-421e-a2ec-7ae8a15127a1:192.168.34.21:39661, 246c57ec-d0aa-4f80-a8a4-72fa2ca2a50d:192.168.34.21:36644, a1f4ab9e-675c-48c0-bb27-a541bfd11ae2:192.168.34.21:38632] with ContainerStateMachine:uninitialized
2019-11-14 12:41:59,709 [pool-509-thread-1] INFO  server.RaftServerConfigKeys (ConfUtils.java:logGet(43)) - raft.server.storage.dir = [/workdir/hadoop-ozone/integration-test/target/test-dir/MiniOzoneClusterImpl-00c2d61f-fa45-4119-a3b8-446fff627119/datanode-0/data/ratis] (custom)
2019-11-14 12:41:59,709 [pool-519-thread-1] INFO  server.RaftServerConfigKeys (ConfUtils.java:logGet(43)) - raft.server.rpc.timeout.min = 1s (custom)
2019-11-14 12:41:59,709 [pool-519-thread-1] INFO  server.RaftServerConfigKeys (ConfUtils.java:logGet(43)) - raft.server.rpc.timeout.max = 1200ms (custom)
2019-11-14 12:41:59,709 [pool-509-thread-1] INFO  server.RaftServerConfigKeys (ConfUtils.java:logGet(43)) - raft.server.log.corruption.policy = EXCEPTION (default)
2019-11-14 12:41:59,709 [pool-519-thread-1] INFO  server.RaftServerConfigKeys (ConfUtils.java:logGet(43)) - raft.server.rpcslowness.timeout = 120s (custom)
2019-11-14 12:41:59,710 [pool-519-thread-1] INFO  server.RaftServerConfigKeys (ConfUtils.java:logGet(43)) - raft.server.sleep.deviation.threshold = 300 (default)
2019-11-14 12:41:59,710 [pool-509-thread-1] INFO  storage.RaftStorageDirectory (RaftStorageDirectory.java:analyzeStorage(246)) - The storage directory /workdir/hadoop-ozone/integration-test/target/test-dir/MiniOzoneClusterImpl-00c2d61f-fa45-4119-a3b8-446fff627119/datanode-0/data/ratis/b291ef2c-ad9b-49cc-b002-b91147e80b96 does not exist. Creating ...
2019-11-14 12:41:59,710 [pool-529-thread-1] INFO  impl.RaftServerImpl (RaftServerImpl.java:<init>(98)) - 7f15e76e-ccdf-421e-a2ec-7ae8a15127a1: new RaftServerImpl for group-B91147E80B96:[7f15e76e-ccdf-421e-a2ec-7ae8a15127a1:192.168.34.21:39661, 246c57ec-d0aa-4f80-a8a4-72fa2ca2a50d:192.168.34.21:36644, a1f4ab9e-675c-48c0-bb27-a541bfd11ae2:192.168.34.21:38632] with ContainerStateMachine:uninitialized
2019-11-14 12:41:59,710 [pool-519-thread-1] INFO  server.RaftServerConfigKeys (ConfUtils.java:logGet(43)) - raft.server.log.appender.install.snapshot.enabled = false (custom)
2019-11-14 12:41:59,710 [pool-529-thread-1] INFO  server.RaftServerConfigKeys (ConfUtils.java:logGet(43)) - raft.server.rpc.timeout.min = 1s (custom)
2019-11-14 12:41:59,710 [pool-519-thread-1] INFO  impl.RaftServerImpl (ServerState.java:<init>(103)) - a1f4ab9e-675c-48c0-bb27-a541bfd11ae2@group-B91147E80B96: ConfigurationManager, init=-1: [7f15e76e-ccdf-421e-a2ec-7ae8a15127a1:192.168.34.21:39661, 246c57ec-d0aa-4f80-a8a4-72fa2ca2a50d:192.168.34.21:36644, a1f4ab9e-675c-48c0-bb27-a541bfd11ae2:192.168.34.21:38632], old=null, confs=<EMPTY_MAP>
2019-11-14 12:41:59,710 [pool-529-thread-1] INFO  server.RaftServerConfigKeys (ConfUtils.java:logGet(43)) - raft.server.rpc.timeout.max = 1200ms (custom)
2019-11-14 12:41:59,710 [pool-519-thread-1] INFO  server.RaftServerConfigKeys (ConfUtils.java:logGet(43)) - raft.server.storage.dir = [/workdir/hadoop-ozone/integration-test/target/test-dir/MiniOzoneClusterImpl-00c2d61f-fa45-4119-a3b8-446fff627119/datanode-1/data/ratis] (custom)
2019-11-14 12:41:59,710 [pool-529-thread-1] INFO  server.RaftServerConfigKeys (ConfUtils.java:logGet(43)) - raft.server.rpcslowness.timeout = 120s (custom)
2019-11-14 12:41:59,710 [pool-519-thread-1] INFO  server.RaftServerConfigKeys (ConfUtils.java:logGet(43)) - raft.server.log.corruption.policy = EXCEPTION (default)
2019-11-14 12:41:59,710 [pool-529-thread-1] INFO  server.RaftServerConfigKeys (ConfUtils.java:logGet(43)) - raft.server.sleep.deviation.threshold = 300 (default)
2019-11-14 12:41:59,711 [pool-519-thread-1] INFO  storage.RaftStorageDirectory (RaftStorageDirectory.java:analyzeStorage(246)) - The storage directory /workdir/hadoop-ozone/integration-test/target/test-dir/MiniOzoneClusterImpl-00c2d61f-fa45-4119-a3b8-446fff627119/datanode-1/data/ratis/b291ef2c-ad9b-49cc-b002-b91147e80b96 does not exist. Creating ...
2019-11-14 12:41:59,711 [pool-529-thread-1] INFO  server.RaftServerConfigKeys (ConfUtils.java:logGet(43)) - raft.server.log.appender.install.snapshot.enabled = false (custom)
2019-11-14 12:41:59,711 [pool-529-thread-1] INFO  impl.RaftServerImpl (ServerState.java:<init>(103)) - 7f15e76e-ccdf-421e-a2ec-7ae8a15127a1@group-B91147E80B96: ConfigurationManager, init=-1: [7f15e76e-ccdf-421e-a2ec-7ae8a15127a1:192.168.34.21:39661, 246c57ec-d0aa-4f80-a8a4-72fa2ca2a50d:192.168.34.21:36644, a1f4ab9e-675c-48c0-bb27-a541bfd11ae2:192.168.34.21:38632], old=null, confs=<EMPTY_MAP>
2019-11-14 12:41:59,711 [pool-529-thread-1] INFO  server.RaftServerConfigKeys (ConfUtils.java:logGet(43)) - raft.server.storage.dir = [/workdir/hadoop-ozone/integration-test/target/test-dir/MiniOzoneClusterImpl-00c2d61f-fa45-4119-a3b8-446fff627119/datanode-2/data/ratis] (custom)
2019-11-14 12:41:59,711 [pool-529-thread-1] INFO  server.RaftServerConfigKeys (ConfUtils.java:logGet(43)) - raft.server.log.corruption.policy = EXCEPTION (default)
2019-11-14 12:41:59,712 [pool-529-thread-1] INFO  storage.RaftStorageDirectory (RaftStorageDirectory.java:analyzeStorage(246)) - The storage directory /workdir/hadoop-ozone/integration-test/target/test-dir/MiniOzoneClusterImpl-00c2d61f-fa45-4119-a3b8-446fff627119/datanode-2/data/ratis/b291ef2c-ad9b-49cc-b002-b91147e80b96 does not exist. Creating ...
2019-11-14 12:41:59,734 [pool-519-thread-1] INFO  storage.RaftStorageDirectory (RaftStorageDirectory.java:tryLock(328)) - Lock on /workdir/hadoop-ozone/integration-test/target/test-dir/MiniOzoneClusterImpl-00c2d61f-fa45-4119-a3b8-446fff627119/datanode-1/data/ratis/b291ef2c-ad9b-49cc-b002-b91147e80b96/in_use.lock acquired by nodename 27294@pr-hdds-2481-nxhrh-893604966
2019-11-14 12:41:59,734 [pool-529-thread-1] INFO  storage.RaftStorageDirectory (RaftStorageDirectory.java:tryLock(328)) - Lock on /workdir/hadoop-ozone/integration-test/target/test-dir/MiniOzoneClusterImpl-00c2d61f-fa45-4119-a3b8-446fff627119/datanode-2/data/ratis/b291ef2c-ad9b-49cc-b002-b91147e80b96/in_use.lock acquired by nodename 27294@pr-hdds-2481-nxhrh-893604966
2019-11-14 12:41:59,734 [pool-509-thread-1] INFO  storage.RaftStorageDirectory (RaftStorageDirectory.java:tryLock(328)) - Lock on /workdir/hadoop-ozone/integration-test/target/test-dir/MiniOzoneClusterImpl-00c2d61f-fa45-4119-a3b8-446fff627119/datanode-0/data/ratis/b291ef2c-ad9b-49cc-b002-b91147e80b96/in_use.lock acquired by nodename 27294@pr-hdds-2481-nxhrh-893604966
2019-11-14 12:41:59,750 [pool-519-thread-1] INFO  storage.RaftStorage (RaftStorage.java:format(84)) - Storage directory /workdir/hadoop-ozone/integration-test/target/test-dir/MiniOzoneClusterImpl-00c2d61f-fa45-4119-a3b8-446fff627119/datanode-1/data/ratis/b291ef2c-ad9b-49cc-b002-b91147e80b96 has been successfully formatted.
2019-11-14 12:41:59,750 [pool-529-thread-1] INFO  storage.RaftStorage (RaftStorage.java:format(84)) - Storage directory /workdir/hadoop-ozone/integration-test/target/test-dir/MiniOzoneClusterImpl-00c2d61f-fa45-4119-a3b8-446fff627119/datanode-2/data/ratis/b291ef2c-ad9b-49cc-b002-b91147e80b96 has been successfully formatted.
2019-11-14 12:41:59,750 [pool-519-thread-1] INFO  ratis.ContainerStateMachine (ContainerStateMachine.java:loadSnapshot(223)) - group-B91147E80B96: The snapshot info is null. Setting the last applied indexto:(t:0, i:~)
2019-11-14 12:41:59,750 [pool-509-thread-1] INFO  storage.RaftStorage (RaftStorage.java:format(84)) - Storage directory /workdir/hadoop-ozone/integration-test/target/test-dir/MiniOzoneClusterImpl-00c2d61f-fa45-4119-a3b8-446fff627119/datanode-0/data/ratis/b291ef2c-ad9b-49cc-b002-b91147e80b96 has been successfully formatted.
2019-11-14 12:41:59,750 [pool-519-thread-1] INFO  server.RaftServerConfigKeys (ConfUtils.java:logGet(43)) - raft.server.notification.no-leader.timeout = 120s (custom)
2019-11-14 12:41:59,750 [pool-529-thread-1] INFO  ratis.ContainerStateMachine (ContainerStateMachine.java:loadSnapshot(223)) - group-B91147E80B96: The snapshot info is null. Setting the last applied indexto:(t:0, i:~)
2019-11-14 12:41:59,750 [pool-509-thread-1] INFO  ratis.ContainerStateMachine (ContainerStateMachine.java:loadSnapshot(223)) - group-B91147E80B96: The snapshot info is null. Setting the last applied indexto:(t:0, i:~)
2019-11-14 12:41:59,750 [pool-519-thread-1] INFO  server.RaftServerConfigKeys (ConfUtils.java:logGet(43)) - raft.server.log.use.memory = false (default)
2019-11-14 12:41:59,751 [pool-509-thread-1] INFO  server.RaftServerConfigKeys (ConfUtils.java:logGet(43)) - raft.server.notification.no-leader.timeout = 120s (custom)
2019-11-14 12:41:59,750 [pool-529-thread-1] INFO  server.RaftServerConfigKeys (ConfUtils.java:logGet(43)) - raft.server.notification.no-leader.timeout = 120s (custom)
2019-11-14 12:41:59,751 [pool-509-thread-1] INFO  server.RaftServerConfigKeys (ConfUtils.java:logGet(43)) - raft.server.log.use.memory = false (default)
2019-11-14 12:41:59,751 [pool-519-thread-1] INFO  server.RaftServerConfigKeys (ConfUtils.java:logGet(43)) - raft.server.log.purge.gap = 1000000 (custom)
2019-11-14 12:41:59,751 [pool-509-thread-1] INFO  server.RaftServerConfigKeys (ConfUtils.java:logGet(43)) - raft.server.log.purge.gap = 1000000 (custom)
2019-11-14 12:41:59,751 [pool-529-thread-1] INFO  server.RaftServerConfigKeys (ConfUtils.java:logGet(43)) - raft.server.log.use.memory = false (default)
2019-11-14 12:41:59,751 [pool-509-thread-1] INFO  server.RaftServerConfigKeys (ConfUtils.java:logGet(43)) - raft.server.log.appender.buffer.byte-limit = 33554432 (custom)
2019-11-14 12:41:59,751 [pool-519-thread-1] INFO  server.RaftServerConfigKeys (ConfUtils.java:logGet(43)) - raft.server.log.appender.buffer.byte-limit = 33554432 (custom)
2019-11-14 12:41:59,752 [pool-509-thread-1] INFO  server.RaftServerConfigKeys (ConfUtils.java:logGet(43)) - raft.server.log.segment.size.max = 1048576 (custom)
2019-11-14 12:41:59,752 [pool-529-thread-1] INFO  server.RaftServerConfigKeys (ConfUtils.java:logGet(43)) - raft.server.log.purge.gap = 1000000 (custom)
2019-11-14 12:41:59,752 [pool-509-thread-1] INFO  server.RaftServerConfigKeys (ConfUtils.java:logGet(43)) - raft.server.log.segment.cache.num.max = 2 (custom)
2019-11-14 12:41:59,752 [pool-519-thread-1] INFO  server.RaftServerConfigKeys (ConfUtils.java:logGet(43)) - raft.server.log.segment.size.max = 1048576 (custom)
2019-11-14 12:41:59,752 [pool-509-thread-1] INFO  segmented.SegmentedRaftLogWorker (SegmentedRaftLogWorker.java:<init>(173)) - new 246c57ec-d0aa-4f80-a8a4-72fa2ca2a50d@group-B91147E80B96-SegmentedRaftLogWorker for RaftStorage:Storage Directory /workdir/hadoop-ozone/integration-test/target/test-dir/MiniOzoneClusterImpl-00c2d61f-fa45-4119-a3b8-446fff627119/datanode-0/data/ratis/b291ef2c-ad9b-49cc-b002-b91147e80b96
2019-11-14 12:41:59,752 [pool-529-thread-1] INFO  server.RaftServerConfigKeys (ConfUtils.java:logGet(43)) - raft.server.log.appender.buffer.byte-limit = 33554432 (custom)
2019-11-14 12:41:59,752 [pool-509-thread-1] INFO  server.RaftServerConfigKeys (ConfUtils.java:logGet(43)) - raft.server.log.queue.byte-limit = 2147483647 (custom)
2019-11-14 12:41:59,753 [pool-509-thread-1] INFO  server.RaftServerConfigKeys (ConfUtils.java:logGet(43)) - raft.server.log.queue.element-limit = 1024 (custom)
2019-11-14 12:41:59,752 [pool-519-thread-1] INFO  server.RaftServerConfigKeys (ConfUtils.java:logGet(43)) - raft.server.log.segment.cache.num.max = 2 (custom)
2019-11-14 12:41:59,753 [pool-509-thread-1] INFO  server.RaftServerConfigKeys (ConfUtils.java:logGet(43)) - raft.server.log.segment.size.max = 1048576 (custom)
2019-11-14 12:41:59,753 [pool-529-thread-1] INFO  server.RaftServerConfigKeys (ConfUtils.java:logGet(43)) - raft.server.log.segment.size.max = 1048576 (custom)
2019-11-14 12:41:59,753 [pool-509-thread-1] INFO  server.RaftServerConfigKeys (ConfUtils.java:logGet(43)) - raft.server.log.preallocated.size = 16384 (custom)
2019-11-14 12:41:59,753 [pool-519-thread-1] INFO  segmented.SegmentedRaftLogWorker (SegmentedRaftLogWorker.java:<init>(173)) - new a1f4ab9e-675c-48c0-bb27-a541bfd11ae2@group-B91147E80B96-SegmentedRaftLogWorker for RaftStorage:Storage Directory /workdir/hadoop-ozone/integration-test/target/test-dir/MiniOzoneClusterImpl-00c2d61f-fa45-4119-a3b8-446fff627119/datanode-1/data/ratis/b291ef2c-ad9b-49cc-b002-b91147e80b96
2019-11-14 12:41:59,753 [pool-509-thread-1] INFO  server.RaftServerConfigKeys (ConfUtils.java:logGet(43)) - raft.server.log.write.buffer.size = 33554432 (custom)
2019-11-14 12:41:59,753 [pool-529-thread-1] INFO  server.RaftServerConfigKeys (ConfUtils.java:logGet(43)) - raft.server.log.segment.cache.num.max = 2 (custom)
2019-11-14 12:41:59,754 [pool-509-thread-1] INFO  server.RaftServerConfigKeys (ConfUtils.java:logGet(43)) - raft.server.log.force.sync.num = 128 (default)
2019-11-14 12:41:59,753 [pool-519-thread-1] INFO  server.RaftServerConfigKeys (ConfUtils.java:logGet(43)) - raft.server.log.queue.byte-limit = 2147483647 (custom)
2019-11-14 12:41:59,754 [pool-509-thread-1] INFO  server.RaftServerConfigKeys (ConfUtils.java:logGet(43)) - raft.server.log.statemachine.data.sync = true (default)
2019-11-14 12:41:59,754 [pool-529-thread-1] INFO  segmented.SegmentedRaftLogWorker (SegmentedRaftLogWorker.java:<init>(173)) - new 7f15e76e-ccdf-421e-a2ec-7ae8a15127a1@group-B91147E80B96-SegmentedRaftLogWorker for RaftStorage:Storage Directory /workdir/hadoop-ozone/integration-test/target/test-dir/MiniOzoneClusterImpl-00c2d61f-fa45-4119-a3b8-446fff627119/datanode-2/data/ratis/b291ef2c-ad9b-49cc-b002-b91147e80b96
2019-11-14 12:41:59,754 [pool-509-thread-1] INFO  server.RaftServerConfigKeys (ConfUtils.java:logGet(43)) - raft.server.log.statemachine.data.sync.timeout = 10s (default)
2019-11-14 12:41:59,754 [pool-519-thread-1] INFO  server.RaftServerConfigKeys (ConfUtils.java:logGet(43)) - raft.server.log.queue.element-limit = 1024 (custom)
2019-11-14 12:41:59,754 [pool-509-thread-1] INFO  server.RaftServerConfigKeys (ConfUtils.java:logGet(43)) - raft.server.log.statemachine.data.sync.timeout.retry = -1 (default)
2019-11-14 12:41:59,754 [pool-529-thread-1] INFO  server.RaftServerConfigKeys (ConfUtils.java:logGet(43)) - raft.server.log.queue.byte-limit = 2147483647 (custom)
2019-11-14 12:41:59,755 [pool-509-thread-1] INFO  server.RaftServerConfigKeys (ConfUtils.java:logGet(43)) - raft.server.log.statemachine.data.caching.enabled = true (custom)
2019-11-14 12:41:59,755 [pool-519-thread-1] INFO  server.RaftServerConfigKeys (ConfUtils.java:logGet(43)) - raft.server.log.segment.size.max = 1048576 (custom)
2019-11-14 12:41:59,755 [pool-529-thread-1] INFO  server.RaftServerConfigKeys (ConfUtils.java:logGet(43)) - raft.server.log.queue.element-limit = 1024 (custom)
2019-11-14 12:41:59,755 [pool-509-thread-1] INFO  segmented.SegmentedRaftLogWorker (SegmentedRaftLogWorker.java:lambda$new$0(128)) - 246c57ec-d0aa-4f80-a8a4-72fa2ca2a50d@group-B91147E80B96-SegmentedRaftLogWorker: flushIndex: setUnconditionally 0 -> -1
2019-11-14 12:41:59,755 [pool-519-thread-1] INFO  server.RaftServerConfigKeys (ConfUtils.java:logGet(43)) - raft.server.log.preallocated.size = 16384 (custom)
2019-11-14 12:41:59,755 [pool-529-thread-1] INFO  server.RaftServerConfigKeys (ConfUtils.java:logGet(43)) - raft.server.log.segment.size.max = 1048576 (custom)
2019-11-14 12:41:59,756 [pool-509-thread-1] INFO  server.RaftServerConfigKeys (ConfUtils.java:logGet(43)) - raft.server.snapshot.auto.trigger.enabled = true (custom)
2019-11-14 12:41:59,755 [pool-519-thread-1] INFO  server.RaftServerConfigKeys (ConfUtils.java:logGet(43)) - raft.server.log.write.buffer.size = 33554432 (custom)
2019-11-14 12:41:59,755 [IPC Server handler 5 on 33565] INFO  net.NetworkTopology (NetworkTopologyImpl.java:add(111)) - Added a new node: /rack1/e0c88643-1b24-4b90-b706-4d063724ebcc
2019-11-14 12:41:59,756 [pool-519-thread-1] INFO  server.RaftServerConfigKeys (ConfUtils.java:logGet(43)) - raft.server.log.force.sync.num = 128 (default)
2019-11-14 12:41:59,756 [pool-509-thread-1] INFO  server.RaftServerConfigKeys (ConfUtils.java:logGet(43)) - raft.server.snapshot.auto.trigger.threshold = 10000 (custom)
2019-11-14 12:41:59,756 [pool-529-thread-1] INFO  server.RaftServerConfigKeys (ConfUtils.java:logGet(43)) - raft.server.log.preallocated.size = 16384 (custom)
2019-11-14 12:41:59,756 [pool-509-thread-1] INFO  server.RaftServerConfigKeys (ConfUtils.java:logGet(43)) - raft.server.snapshot.retention.file.num = 5 (custom)
2019-11-14 12:41:59,756 [pool-519-thread-1] INFO  server.RaftServerConfigKeys (ConfUtils.java:logGet(43)) - raft.server.log.statemachine.data.sync = true (default)
2019-11-14 12:41:59,756 [IPC Server handler 5 on 33565] INFO  node.SCMNodeManager (SCMNodeManager.java:register(267)) - Registered Data node : e0c88643-1b24-4b90-b706-4d063724ebcc{ip: 192.168.34.21, host: pr-hdds-2481-nxhrh-893604966, networkLocation: /rack1, certSerialId: null}
2019-11-14 12:41:59,757 [pool-519-thread-1] INFO  server.RaftServerConfigKeys (ConfUtils.java:logGet(43)) - raft.server.log.statemachine.data.sync.timeout = 10s (default)
2019-11-14 12:41:59,757 [pool-509-thread-1] INFO  server.RaftServerConfigKeys (ConfUtils.java:logGet(43)) - raft.server.retrycache.expirytime = 600000ms (custom)
2019-11-14 12:41:59,756 [pool-529-thread-1] INFO  server.RaftServerConfigKeys (ConfUtils.java:logGet(43)) - raft.server.log.write.buffer.size = 33554432 (custom)
2019-11-14 12:41:59,757 [pool-509-thread-1] WARN  impl.MetricRegistriesImpl (MetricRegistriesImpl.java:lambda$create$1(61)) - First MetricRegistry has been created without registering reporters. You may need to call MetricRegistries.global().addReportRegistration(...) before.
2019-11-14 12:41:59,757 [pool-519-thread-1] INFO  server.RaftServerConfigKeys (ConfUtils.java:logGet(43)) - raft.server.log.statemachine.data.sync.timeout.retry = -1 (default)
2019-11-14 12:41:59,758 [pool-509-thread-1] WARN  impl.MetricRegistriesImpl (MetricRegistriesImpl.java:lambda$create$1(61)) - First MetricRegistry has been created without registering reporters. You may need to call MetricRegistries.global().addReportRegistration(...) before.
2019-11-14 12:41:59,757 [pool-529-thread-1] INFO  server.RaftServerConfigKeys (ConfUtils.java:logGet(43)) - raft.server.log.force.sync.num = 128 (default)
2019-11-14 12:41:59,758 [pool-509-thread-1] INFO  impl.RaftServerImpl (RaftServerImpl.java:start(184)) - 246c57ec-d0aa-4f80-a8a4-72fa2ca2a50d@group-B91147E80B96: start as a follower, conf=-1: [7f15e76e-ccdf-421e-a2ec-7ae8a15127a1:192.168.34.21:39661, 246c57ec-d0aa-4f80-a8a4-72fa2ca2a50d:192.168.34.21:36644, a1f4ab9e-675c-48c0-bb27-a541bfd11ae2:192.168.34.21:38632], old=null
2019-11-14 12:41:59,758 [pool-519-thread-1] INFO  server.RaftServerConfigKeys (ConfUtils.java:logGet(43)) - raft.server.log.statemachine.data.caching.enabled = true (custom)
2019-11-14 12:41:59,758 [pool-509-thread-1] INFO  impl.RaftServerImpl (RaftServerImpl.java:setRole(173)) - 246c57ec-d0aa-4f80-a8a4-72fa2ca2a50d@group-B91147E80B96: changes role from      null to FOLLOWER at term 0 for startAsFollower
2019-11-14 12:41:59,758 [pool-529-thread-1] INFO  server.RaftServerConfigKeys (ConfUtils.java:logGet(43)) - raft.server.log.statemachine.data.sync = true (default)
2019-11-14 12:41:59,758 [pool-519-thread-1] INFO  segmented.SegmentedRaftLogWorker (SegmentedRaftLogWorker.java:lambda$new$0(128)) - a1f4ab9e-675c-48c0-bb27-a541bfd11ae2@group-B91147E80B96-SegmentedRaftLogWorker: flushIndex: setUnconditionally 0 -> -1
2019-11-14 12:41:59,758 [pool-509-thread-1] INFO  impl.RoleInfo (RoleInfo.java:updateAndGet(143)) - 246c57ec-d0aa-4f80-a8a4-72fa2ca2a50d: start FollowerState
2019-11-14 12:41:59,758 [pool-529-thread-1] INFO  server.RaftServerConfigKeys (ConfUtils.java:logGet(43)) - raft.server.log.statemachine.data.sync.timeout = 10s (default)
2019-11-14 12:41:59,759 [pool-519-thread-1] INFO  server.RaftServerConfigKeys (ConfUtils.java:logGet(43)) - raft.server.snapshot.auto.trigger.enabled = true (custom)
2019-11-14 12:41:59,759 [pool-529-thread-1] INFO  server.RaftServerConfigKeys (ConfUtils.java:logGet(43)) - raft.server.log.statemachine.data.sync.timeout.retry = -1 (default)
2019-11-14 12:41:59,759 [pool-509-thread-1] INFO  util.JmxRegister (JmxRegister.java:tryRegister(44)) - Successfully registered JMX Bean with object name Ratis:service=RaftServer,group=group-B91147E80B96,id=246c57ec-d0aa-4f80-a8a4-72fa2ca2a50d
2019-11-14 12:41:59,759 [pool-519-thread-1] INFO  server.RaftServerConfigKeys (ConfUtils.java:logGet(43)) - raft.server.snapshot.auto.trigger.threshold = 10000 (custom)
2019-11-14 12:41:59,759 [pool-509-thread-1] WARN  impl.MetricRegistriesImpl (MetricRegistriesImpl.java:lambda$create$1(61)) - First MetricRegistry has been created without registering reporters. You may need to call MetricRegistries.global().addReportRegistration(...) before.
2019-11-14 12:41:59,759 [pool-529-thread-1] INFO  server.RaftServerConfigKeys (ConfUtils.java:logGet(43)) - raft.server.log.statemachine.data.caching.enabled = true (custom)
2019-11-14 12:41:59,759 [pool-519-thread-1] INFO  server.RaftServerConfigKeys (ConfUtils.java:logGet(43)) - raft.server.snapshot.retention.file.num = 5 (custom)
2019-11-14 12:41:59,760 [pool-529-thread-1] INFO  segmented.SegmentedRaftLogWorker (SegmentedRaftLogWorker.java:lambda$new$0(128)) - 7f15e76e-ccdf-421e-a2ec-7ae8a15127a1@group-B91147E80B96-SegmentedRaftLogWorker: flushIndex: setUnconditionally 0 -> -1
2019-11-14 12:41:59,760 [pool-519-thread-1] INFO  server.RaftServerConfigKeys (ConfUtils.java:logGet(43)) - raft.server.retrycache.expirytime = 600000ms (custom)
2019-11-14 12:41:59,760 [pool-529-thread-1] INFO  server.RaftServerConfigKeys (ConfUtils.java:logGet(43)) - raft.server.snapshot.auto.trigger.enabled = true (custom)
2019-11-14 12:41:59,760 [pool-519-thread-1] WARN  impl.MetricRegistriesImpl (MetricRegistriesImpl.java:lambda$create$1(61)) - First MetricRegistry has been created without registering reporters. You may need to call MetricRegistries.global().addReportRegistration(...) before.
2019-11-14 12:41:59,760 [pool-529-thread-1] INFO  server.RaftServerConfigKeys (ConfUtils.java:logGet(43)) - raft.server.snapshot.auto.trigger.threshold = 10000 (custom)
2019-11-14 12:41:59,760 [pool-519-thread-1] WARN  impl.MetricRegistriesImpl (MetricRegistriesImpl.java:lambda$create$1(61)) - First MetricRegistry has been created without registering reporters. You may need to call MetricRegistries.global().addReportRegistration(...) before.
2019-11-14 12:41:59,760 [pool-529-thread-1] INFO  server.RaftServerConfigKeys (ConfUtils.java:logGet(43)) - raft.server.snapshot.retention.file.num = 5 (custom)
2019-11-14 12:41:59,761 [pool-519-thread-1] INFO  impl.RaftServerImpl (RaftServerImpl.java:start(184)) - a1f4ab9e-675c-48c0-bb27-a541bfd11ae2@group-B91147E80B96: start as a follower, conf=-1: [7f15e76e-ccdf-421e-a2ec-7ae8a15127a1:192.168.34.21:39661, 246c57ec-d0aa-4f80-a8a4-72fa2ca2a50d:192.168.34.21:36644, a1f4ab9e-675c-48c0-bb27-a541bfd11ae2:192.168.34.21:38632], old=null
2019-11-14 12:41:59,761 [pool-529-thread-1] INFO  server.RaftServerConfigKeys (ConfUtils.java:logGet(43)) - raft.server.retrycache.expirytime = 600000ms (custom)
2019-11-14 12:41:59,761 [pool-519-thread-1] INFO  impl.RaftServerImpl (RaftServerImpl.java:setRole(173)) - a1f4ab9e-675c-48c0-bb27-a541bfd11ae2@group-B91147E80B96: changes role from      null to FOLLOWER at term 0 for startAsFollower
2019-11-14 12:41:59,761 [pool-529-thread-1] WARN  impl.MetricRegistriesImpl (MetricRegistriesImpl.java:lambda$create$1(61)) - First MetricRegistry has been created without registering reporters. You may need to call MetricRegistries.global().addReportRegistration(...) before.
2019-11-14 12:41:59,761 [pool-519-thread-1] INFO  impl.RoleInfo (RoleInfo.java:updateAndGet(143)) - a1f4ab9e-675c-48c0-bb27-a541bfd11ae2: start FollowerState
2019-11-14 12:41:59,761 [pool-529-thread-1] WARN  impl.MetricRegistriesImpl (MetricRegistriesImpl.java:lambda$create$1(61)) - First MetricRegistry has been created without registering reporters. You may need to call MetricRegistries.global().addReportRegistration(...) before.
2019-11-14 12:41:59,761 [pool-529-thread-1] INFO  impl.RaftServerImpl (RaftServerImpl.java:start(184)) - 7f15e76e-ccdf-421e-a2ec-7ae8a15127a1@group-B91147E80B96: start as a follower, conf=-1: [7f15e76e-ccdf-421e-a2ec-7ae8a15127a1:192.168.34.21:39661, 246c57ec-d0aa-4f80-a8a4-72fa2ca2a50d:192.168.34.21:36644, a1f4ab9e-675c-48c0-bb27-a541bfd11ae2:192.168.34.21:38632], old=null
2019-11-14 12:41:59,762 [pool-519-thread-1] INFO  util.JmxRegister (JmxRegister.java:tryRegister(44)) - Successfully registered JMX Bean with object name Ratis:service=RaftServer,group=group-B91147E80B96,id=a1f4ab9e-675c-48c0-bb27-a541bfd11ae2
2019-11-14 12:41:59,762 [pool-529-thread-1] INFO  impl.RaftServerImpl (RaftServerImpl.java:setRole(173)) - 7f15e76e-ccdf-421e-a2ec-7ae8a15127a1@group-B91147E80B96: changes role from      null to FOLLOWER at term 0 for startAsFollower
2019-11-14 12:41:59,762 [pool-519-thread-1] WARN  impl.MetricRegistriesImpl (MetricRegistriesImpl.java:lambda$create$1(61)) - First MetricRegistry has been created without registering reporters. You may need to call MetricRegistries.global().addReportRegistration(...) before.
2019-11-14 12:41:59,762 [pool-529-thread-1] INFO  impl.RoleInfo (RoleInfo.java:updateAndGet(143)) - 7f15e76e-ccdf-421e-a2ec-7ae8a15127a1: start FollowerState
2019-11-14 12:41:59,762 [pool-529-thread-1] INFO  util.JmxRegister (JmxRegister.java:tryRegister(44)) - Successfully registered JMX Bean with object name Ratis:service=RaftServer,group=group-B91147E80B96,id=7f15e76e-ccdf-421e-a2ec-7ae8a15127a1
2019-11-14 12:41:59,763 [pool-529-thread-1] WARN  impl.MetricRegistriesImpl (MetricRegistriesImpl.java:lambda$create$1(61)) - First MetricRegistry has been created without registering reporters. You may need to call MetricRegistries.global().addReportRegistration(...) before.
2019-11-14 12:41:59,766 [RatisPipelineUtilsThread] INFO  pipeline.PipelineStateManager (PipelineStateManager.java:addPipeline(55)) - Created pipeline Pipeline[ Id: b291ef2c-ad9b-49cc-b002-b91147e80b96, Nodes: a1f4ab9e-675c-48c0-bb27-a541bfd11ae2{ip: 192.168.34.21, host: pr-hdds-2481-nxhrh-893604966, networkLocation: /rack1, certSerialId: null}246c57ec-d0aa-4f80-a8a4-72fa2ca2a50d{ip: 192.168.34.21, host: pr-hdds-2481-nxhrh-893604966, networkLocation: /rack1, certSerialId: null}7f15e76e-ccdf-421e-a2ec-7ae8a15127a1{ip: 192.168.34.21, host: pr-hdds-2481-nxhrh-893604966, networkLocation: /rack1, certSerialId: null}, Type:RATIS, Factor:THREE, State:ALLOCATED]
2019-11-14 12:41:59,813 [IPC Server handler 6 on 33565] INFO  net.NetworkTopology (NetworkTopologyImpl.java:add(111)) - Added a new node: /rack1/c6685414-dbf7-4d5a-a965-a6338d016232
2019-11-14 12:41:59,813 [IPC Server handler 6 on 33565] INFO  node.SCMNodeManager (SCMNodeManager.java:register(267)) - Registered Data node : c6685414-dbf7-4d5a-a965-a6338d016232{ip: 192.168.34.21, host: pr-hdds-2481-nxhrh-893604966, networkLocation: /rack1, certSerialId: null}
2019-11-14 12:41:59,819 [grpc-default-executor-3] INFO  impl.RaftServerProxy (RaftServerProxy.java:addNew(89)) - c6685414-dbf7-4d5a-a965-a6338d016232: addNew group-83A055A99A4A:[c6685414-dbf7-4d5a-a965-a6338d016232:192.168.34.21:36095] returns group-83A055A99A4A:java.util.concurrent.CompletableFuture@208fbad9[Not completed]
2019-11-14 12:41:59,821 [pool-559-thread-1] INFO  impl.RaftServerImpl (RaftServerImpl.java:<init>(98)) - c6685414-dbf7-4d5a-a965-a6338d016232: new RaftServerImpl for group-83A055A99A4A:[c6685414-dbf7-4d5a-a965-a6338d016232:192.168.34.21:36095] with ContainerStateMachine:uninitialized
2019-11-14 12:41:59,821 [pool-559-thread-1] INFO  server.RaftServerConfigKeys (ConfUtils.java:logGet(43)) - raft.server.rpc.timeout.min = 1s (custom)
2019-11-14 12:41:59,821 [pool-559-thread-1] INFO  server.RaftServerConfigKeys (ConfUtils.java:logGet(43)) - raft.server.rpc.timeout.max = 1200ms (custom)
2019-11-14 12:41:59,821 [pool-559-thread-1] INFO  server.RaftServerConfigKeys (ConfUtils.java:logGet(43)) - raft.server.rpcslowness.timeout = 120s (custom)
2019-11-14 12:41:59,821 [pool-559-thread-1] INFO  server.RaftServerConfigKeys (ConfUtils.java:logGet(43)) - raft.server.sleep.deviation.threshold = 300 (default)
2019-11-14 12:41:59,822 [pool-559-thread-1] INFO  server.RaftServerConfigKeys (ConfUtils.java:logGet(43)) - raft.server.log.appender.install.snapshot.enabled = false (custom)
2019-11-14 12:41:59,822 [pool-559-thread-1] INFO  impl.RaftServerImpl (ServerState.java:<init>(103)) - c6685414-dbf7-4d5a-a965-a6338d016232@group-83A055A99A4A: ConfigurationManager, init=-1: [c6685414-dbf7-4d5a-a965-a6338d016232:192.168.34.21:36095], old=null, confs=<EMPTY_MAP>
2019-11-14 12:41:59,822 [pool-559-thread-1] INFO  server.RaftServerConfigKeys (ConfUtils.java:logGet(43)) - raft.server.storage.dir = [/workdir/hadoop-ozone/integration-test/target/test-dir/MiniOzoneClusterImpl-00c2d61f-fa45-4119-a3b8-446fff627119/datanode-5/data/ratis] (custom)
2019-11-14 12:41:59,822 [pool-559-thread-1] INFO  server.RaftServerConfigKeys (ConfUtils.java:logGet(43)) - raft.server.log.corruption.policy = EXCEPTION (default)
2019-11-14 12:41:59,823 [pool-559-thread-1] INFO  storage.RaftStorageDirectory (RaftStorageDirectory.java:analyzeStorage(246)) - The storage directory /workdir/hadoop-ozone/integration-test/target/test-dir/MiniOzoneClusterImpl-00c2d61f-fa45-4119-a3b8-446fff627119/datanode-5/data/ratis/73c667c6-f858-4f99-9297-83a055a99a4a does not exist. Creating ...
2019-11-14 12:41:59,837 [pool-559-thread-1] INFO  storage.RaftStorageDirectory (RaftStorageDirectory.java:tryLock(328)) - Lock on /workdir/hadoop-ozone/integration-test/target/test-dir/MiniOzoneClusterImpl-00c2d61f-fa45-4119-a3b8-446fff627119/datanode-5/data/ratis/73c667c6-f858-4f99-9297-83a055a99a4a/in_use.lock acquired by nodename 27294@pr-hdds-2481-nxhrh-893604966
2019-11-14 12:41:59,852 [pool-559-thread-1] INFO  storage.RaftStorage (RaftStorage.java:format(84)) - Storage directory /workdir/hadoop-ozone/integration-test/target/test-dir/MiniOzoneClusterImpl-00c2d61f-fa45-4119-a3b8-446fff627119/datanode-5/data/ratis/73c667c6-f858-4f99-9297-83a055a99a4a has been successfully formatted.
2019-11-14 12:41:59,852 [pool-559-thread-1] INFO  ratis.ContainerStateMachine (ContainerStateMachine.java:loadSnapshot(223)) - group-83A055A99A4A: The snapshot info is null. Setting the last applied indexto:(t:0, i:~)
2019-11-14 12:41:59,852 [pool-559-thread-1] INFO  server.RaftServerConfigKeys (ConfUtils.java:logGet(43)) - raft.server.notification.no-leader.timeout = 120s (custom)
2019-11-14 12:41:59,852 [pool-559-thread-1] INFO  server.RaftServerConfigKeys (ConfUtils.java:logGet(43)) - raft.server.log.use.memory = false (default)
2019-11-14 12:41:59,852 [pool-559-thread-1] INFO  server.RaftServerConfigKeys (ConfUtils.java:logGet(43)) - raft.server.log.purge.gap = 1000000 (custom)
2019-11-14 12:41:59,852 [pool-559-thread-1] INFO  server.RaftServerConfigKeys (ConfUtils.java:logGet(43)) - raft.server.log.appender.buffer.byte-limit = 33554432 (custom)
2019-11-14 12:41:59,852 [pool-559-thread-1] INFO  server.RaftServerConfigKeys (ConfUtils.java:logGet(43)) - raft.server.log.segment.size.max = 1048576 (custom)
2019-11-14 12:41:59,852 [pool-559-thread-1] WARN  impl.MetricRegistriesImpl (MetricRegistriesImpl.java:lambda$create$1(61)) - First MetricRegistry has been created without registering reporters. You may need to call MetricRegistries.global().addReportRegistration(...) before.
2019-11-14 12:41:59,852 [pool-559-thread-1] INFO  server.RaftServerConfigKeys (ConfUtils.java:logGet(43)) - raft.server.log.segment.cache.num.max = 2 (custom)
2019-11-14 12:41:59,852 [pool-559-thread-1] INFO  segmented.SegmentedRaftLogWorker (SegmentedRaftLogWorker.java:<init>(173)) - new c6685414-dbf7-4d5a-a965-a6338d016232@group-83A055A99A4A-SegmentedRaftLogWorker for RaftStorage:Storage Directory /workdir/hadoop-ozone/integration-test/target/test-dir/MiniOzoneClusterImpl-00c2d61f-fa45-4119-a3b8-446fff627119/datanode-5/data/ratis/73c667c6-f858-4f99-9297-83a055a99a4a
2019-11-14 12:41:59,853 [pool-559-thread-1] INFO  server.RaftServerConfigKeys (ConfUtils.java:logGet(43)) - raft.server.log.queue.byte-limit = 2147483647 (custom)
2019-11-14 12:41:59,853 [pool-559-thread-1] INFO  server.RaftServerConfigKeys (ConfUtils.java:logGet(43)) - raft.server.log.queue.element-limit = 1024 (custom)
2019-11-14 12:41:59,853 [pool-559-thread-1] INFO  server.RaftServerConfigKeys (ConfUtils.java:logGet(43)) - raft.server.log.segment.size.max = 1048576 (custom)
2019-11-14 12:41:59,853 [pool-559-thread-1] INFO  server.RaftServerConfigKeys (ConfUtils.java:logGet(43)) - raft.server.log.preallocated.size = 16384 (custom)
2019-11-14 12:41:59,853 [pool-559-thread-1] INFO  server.RaftServerConfigKeys (ConfUtils.java:logGet(43)) - raft.server.log.write.buffer.size = 33554432 (custom)
2019-11-14 12:41:59,853 [pool-559-thread-1] INFO  server.RaftServerConfigKeys (ConfUtils.java:logGet(43)) - raft.server.log.force.sync.num = 128 (default)
2019-11-14 12:41:59,853 [pool-559-thread-1] INFO  server.RaftServerConfigKeys (ConfUtils.java:logGet(43)) - raft.server.log.statemachine.data.sync = true (default)
2019-11-14 12:41:59,853 [pool-559-thread-1] INFO  server.RaftServerConfigKeys (ConfUtils.java:logGet(43)) - raft.server.log.statemachine.data.sync.timeout = 10s (default)
2019-11-14 12:41:59,853 [pool-559-thread-1] INFO  server.RaftServerConfigKeys (ConfUtils.java:logGet(43)) - raft.server.log.statemachine.data.sync.timeout.retry = -1 (default)
2019-11-14 12:41:59,853 [pool-559-thread-1] INFO  server.RaftServerConfigKeys (ConfUtils.java:logGet(43)) - raft.server.log.statemachine.data.caching.enabled = true (custom)
2019-11-14 12:41:59,853 [pool-559-thread-1] INFO  segmented.SegmentedRaftLogWorker (SegmentedRaftLogWorker.java:lambda$new$0(128)) - c6685414-dbf7-4d5a-a965-a6338d016232@group-83A055A99A4A-SegmentedRaftLogWorker: flushIndex: setUnconditionally 0 -> -1
2019-11-14 12:41:59,854 [pool-559-thread-1] INFO  server.RaftServerConfigKeys (ConfUtils.java:logGet(43)) - raft.server.snapshot.auto.trigger.enabled = true (custom)
2019-11-14 12:41:59,854 [pool-559-thread-1] INFO  server.RaftServerConfigKeys (ConfUtils.java:logGet(43)) - raft.server.snapshot.auto.trigger.threshold = 10000 (custom)
2019-11-14 12:41:59,854 [pool-559-thread-1] INFO  server.RaftServerConfigKeys (ConfUtils.java:logGet(43)) - raft.server.snapshot.retention.file.num = 5 (custom)
2019-11-14 12:41:59,854 [pool-559-thread-1] INFO  server.RaftServerConfigKeys (ConfUtils.java:logGet(43)) - raft.server.retrycache.expirytime = 600000ms (custom)
2019-11-14 12:41:59,854 [pool-559-thread-1] WARN  impl.MetricRegistriesImpl (MetricRegistriesImpl.java:lambda$create$1(61)) - First MetricRegistry has been created without registering reporters. You may need to call MetricRegistries.global().addReportRegistration(...) before.
2019-11-14 12:41:59,854 [pool-559-thread-1] WARN  impl.MetricRegistriesImpl (MetricRegistriesImpl.java:lambda$create$1(61)) - First MetricRegistry has been created without registering reporters. You may need to call MetricRegistries.global().addReportRegistration(...) before.
2019-11-14 12:41:59,854 [pool-559-thread-1] INFO  impl.RaftServerImpl (RaftServerImpl.java:start(184)) - c6685414-dbf7-4d5a-a965-a6338d016232@group-83A055A99A4A: start as a follower, conf=-1: [c6685414-dbf7-4d5a-a965-a6338d016232:192.168.34.21:36095], old=null
2019-11-14 12:41:59,854 [pool-559-thread-1] INFO  impl.RaftServerImpl (RaftServerImpl.java:setRole(173)) - c6685414-dbf7-4d5a-a965-a6338d016232@group-83A055A99A4A: changes role from      null to FOLLOWER at term 0 for startAsFollower
2019-11-14 12:41:59,854 [pool-559-thread-1] INFO  impl.RoleInfo (RoleInfo.java:updateAndGet(143)) - c6685414-dbf7-4d5a-a965-a6338d016232: start FollowerState
2019-11-14 12:41:59,855 [pool-559-thread-1] INFO  util.JmxRegister (JmxRegister.java:tryRegister(44)) - Successfully registered JMX Bean with object name Ratis:service=RaftServer,group=group-83A055A99A4A,id=c6685414-dbf7-4d5a-a965-a6338d016232
2019-11-14 12:41:59,855 [pool-559-thread-1] WARN  impl.MetricRegistriesImpl (MetricRegistriesImpl.java:lambda$create$1(61)) - First MetricRegistry has been created without registering reporters. You may need to call MetricRegistries.global().addReportRegistration(...) before.
2019-11-14 12:41:59,857 [RatisPipelineUtilsThread] INFO  pipeline.PipelineStateManager (PipelineStateManager.java:addPipeline(55)) - Created pipeline Pipeline[ Id: 73c667c6-f858-4f99-9297-83a055a99a4a, Nodes: c6685414-dbf7-4d5a-a965-a6338d016232{ip: 192.168.34.21, host: pr-hdds-2481-nxhrh-893604966, networkLocation: /rack1, certSerialId: null}, Type:RATIS, Factor:ONE, State:ALLOCATED]
2019-11-14 12:41:59,864 [grpc-default-executor-3] INFO  impl.RaftServerProxy (RaftServerProxy.java:addNew(89)) - e0c88643-1b24-4b90-b706-4d063724ebcc: addNew group-97BB879B6C31:[e0c88643-1b24-4b90-b706-4d063724ebcc:192.168.34.21:42559] returns group-97BB879B6C31:java.util.concurrent.CompletableFuture@7fae48df[Not completed]
2019-11-14 12:41:59,865 [pool-549-thread-1] INFO  impl.RaftServerImpl (RaftServerImpl.java:<init>(98)) - e0c88643-1b24-4b90-b706-4d063724ebcc: new RaftServerImpl for group-97BB879B6C31:[e0c88643-1b24-4b90-b706-4d063724ebcc:192.168.34.21:42559] with ContainerStateMachine:uninitialized
2019-11-14 12:41:59,865 [pool-549-thread-1] INFO  server.RaftServerConfigKeys (ConfUtils.java:logGet(43)) - raft.server.rpc.timeout.min = 1s (custom)
2019-11-14 12:41:59,866 [pool-549-thread-1] INFO  server.RaftServerConfigKeys (ConfUtils.java:logGet(43)) - raft.server.rpc.timeout.max = 1200ms (custom)
2019-11-14 12:41:59,866 [pool-549-thread-1] INFO  server.RaftServerConfigKeys (ConfUtils.java:logGet(43)) - raft.server.rpcslowness.timeout = 120s (custom)
2019-11-14 12:41:59,866 [pool-549-thread-1] INFO  server.RaftServerConfigKeys (ConfUtils.java:logGet(43)) - raft.server.sleep.deviation.threshold = 300 (default)
2019-11-14 12:41:59,866 [pool-549-thread-1] INFO  server.RaftServerConfigKeys (ConfUtils.java:logGet(43)) - raft.server.log.appender.install.snapshot.enabled = false (custom)
2019-11-14 12:41:59,866 [pool-549-thread-1] INFO  impl.RaftServerImpl (ServerState.java:<init>(103)) - e0c88643-1b24-4b90-b706-4d063724ebcc@group-97BB879B6C31: ConfigurationManager, init=-1: [e0c88643-1b24-4b90-b706-4d063724ebcc:192.168.34.21:42559], old=null, confs=<EMPTY_MAP>
2019-11-14 12:41:59,866 [pool-549-thread-1] INFO  server.RaftServerConfigKeys (ConfUtils.java:logGet(43)) - raft.server.storage.dir = [/workdir/hadoop-ozone/integration-test/target/test-dir/MiniOzoneClusterImpl-00c2d61f-fa45-4119-a3b8-446fff627119/datanode-4/data/ratis] (custom)
2019-11-14 12:41:59,867 [pool-549-thread-1] INFO  server.RaftServerConfigKeys (ConfUtils.java:logGet(43)) - raft.server.log.corruption.policy = EXCEPTION (default)
2019-11-14 12:41:59,867 [pool-549-thread-1] INFO  storage.RaftStorageDirectory (RaftStorageDirectory.java:analyzeStorage(246)) - The storage directory /workdir/hadoop-ozone/integration-test/target/test-dir/MiniOzoneClusterImpl-00c2d61f-fa45-4119-a3b8-446fff627119/datanode-4/data/ratis/605f6e15-d294-4bae-a2cc-97bb879b6c31 does not exist. Creating ...
2019-11-14 12:41:59,880 [pool-549-thread-1] INFO  storage.RaftStorageDirectory (RaftStorageDirectory.java:tryLock(328)) - Lock on /workdir/hadoop-ozone/integration-test/target/test-dir/MiniOzoneClusterImpl-00c2d61f-fa45-4119-a3b8-446fff627119/datanode-4/data/ratis/605f6e15-d294-4bae-a2cc-97bb879b6c31/in_use.lock acquired by nodename 27294@pr-hdds-2481-nxhrh-893604966
2019-11-14 12:41:59,884 [IPC Server handler 7 on 33565] INFO  net.NetworkTopology (NetworkTopologyImpl.java:add(111)) - Added a new node: /rack1/29b985cf-35b3-45a0-92a5-99fa8b812c1b
2019-11-14 12:41:59,884 [IPC Server handler 7 on 33565] INFO  node.SCMNodeManager (SCMNodeManager.java:register(267)) - Registered Data node : 29b985cf-35b3-45a0-92a5-99fa8b812c1b{ip: 192.168.34.21, host: pr-hdds-2481-nxhrh-893604966, networkLocation: /rack1, certSerialId: null}
2019-11-14 12:41:59,893 [pool-549-thread-1] INFO  storage.RaftStorage (RaftStorage.java:format(84)) - Storage directory /workdir/hadoop-ozone/integration-test/target/test-dir/MiniOzoneClusterImpl-00c2d61f-fa45-4119-a3b8-446fff627119/datanode-4/data/ratis/605f6e15-d294-4bae-a2cc-97bb879b6c31 has been successfully formatted.
2019-11-14 12:41:59,893 [pool-549-thread-1] INFO  ratis.ContainerStateMachine (ContainerStateMachine.java:loadSnapshot(223)) - group-97BB879B6C31: The snapshot info is null. Setting the last applied indexto:(t:0, i:~)
2019-11-14 12:41:59,893 [pool-549-thread-1] INFO  server.RaftServerConfigKeys (ConfUtils.java:logGet(43)) - raft.server.notification.no-leader.timeout = 120s (custom)
2019-11-14 12:41:59,893 [pool-549-thread-1] INFO  server.RaftServerConfigKeys (ConfUtils.java:logGet(43)) - raft.server.log.use.memory = false (default)
2019-11-14 12:41:59,893 [pool-549-thread-1] INFO  server.RaftServerConfigKeys (ConfUtils.java:logGet(43)) - raft.server.log.purge.gap = 1000000 (custom)
2019-11-14 12:41:59,893 [pool-549-thread-1] INFO  server.RaftServerConfigKeys (ConfUtils.java:logGet(43)) - raft.server.log.appender.buffer.byte-limit = 33554432 (custom)
2019-11-14 12:41:59,894 [pool-549-thread-1] INFO  server.RaftServerConfigKeys (ConfUtils.java:logGet(43)) - raft.server.log.segment.size.max = 1048576 (custom)
2019-11-14 12:41:59,894 [pool-549-thread-1] WARN  impl.MetricRegistriesImpl (MetricRegistriesImpl.java:lambda$create$1(61)) - First MetricRegistry has been created without registering reporters. You may need to call MetricRegistries.global().addReportRegistration(...) before.
2019-11-14 12:41:59,894 [pool-549-thread-1] INFO  server.RaftServerConfigKeys (ConfUtils.java:logGet(43)) - raft.server.log.segment.cache.num.max = 2 (custom)
2019-11-14 12:41:59,894 [pool-549-thread-1] INFO  segmented.SegmentedRaftLogWorker (SegmentedRaftLogWorker.java:<init>(173)) - new e0c88643-1b24-4b90-b706-4d063724ebcc@group-97BB879B6C31-SegmentedRaftLogWorker for RaftStorage:Storage Directory /workdir/hadoop-ozone/integration-test/target/test-dir/MiniOzoneClusterImpl-00c2d61f-fa45-4119-a3b8-446fff627119/datanode-4/data/ratis/605f6e15-d294-4bae-a2cc-97bb879b6c31
2019-11-14 12:41:59,894 [pool-549-thread-1] INFO  server.RaftServerConfigKeys (ConfUtils.java:logGet(43)) - raft.server.log.queue.byte-limit = 2147483647 (custom)
2019-11-14 12:41:59,894 [pool-549-thread-1] INFO  server.RaftServerConfigKeys (ConfUtils.java:logGet(43)) - raft.server.log.queue.element-limit = 1024 (custom)
2019-11-14 12:41:59,894 [pool-549-thread-1] INFO  server.RaftServerConfigKeys (ConfUtils.java:logGet(43)) - raft.server.log.segment.size.max = 1048576 (custom)
2019-11-14 12:41:59,894 [pool-549-thread-1] INFO  server.RaftServerConfigKeys (ConfUtils.java:logGet(43)) - raft.server.log.preallocated.size = 16384 (custom)
2019-11-14 12:41:59,894 [pool-549-thread-1] INFO  server.RaftServerConfigKeys (ConfUtils.java:logGet(43)) - raft.server.log.write.buffer.size = 33554432 (custom)
2019-11-14 12:41:59,894 [pool-549-thread-1] INFO  server.RaftServerConfigKeys (ConfUtils.java:logGet(43)) - raft.server.log.force.sync.num = 128 (default)
2019-11-14 12:41:59,895 [pool-549-thread-1] INFO  server.RaftServerConfigKeys (ConfUtils.java:logGet(43)) - raft.server.log.statemachine.data.sync = true (default)
2019-11-14 12:41:59,895 [pool-549-thread-1] INFO  server.RaftServerConfigKeys (ConfUtils.java:logGet(43)) - raft.server.log.statemachine.data.sync.timeout = 10s (default)
2019-11-14 12:41:59,895 [pool-549-thread-1] INFO  server.RaftServerConfigKeys (ConfUtils.java:logGet(43)) - raft.server.log.statemachine.data.sync.timeout.retry = -1 (default)
2019-11-14 12:41:59,895 [pool-549-thread-1] INFO  server.RaftServerConfigKeys (ConfUtils.java:logGet(43)) - raft.server.log.statemachine.data.caching.enabled = true (custom)
2019-11-14 12:41:59,895 [pool-549-thread-1] INFO  segmented.SegmentedRaftLogWorker (SegmentedRaftLogWorker.java:lambda$new$0(128)) - e0c88643-1b24-4b90-b706-4d063724ebcc@group-97BB879B6C31-SegmentedRaftLogWorker: flushIndex: setUnconditionally 0 -> -1
2019-11-14 12:41:59,895 [pool-549-thread-1] INFO  server.RaftServerConfigKeys (ConfUtils.java:logGet(43)) - raft.server.snapshot.auto.trigger.enabled = true (custom)
2019-11-14 12:41:59,896 [pool-549-thread-1] INFO  server.RaftServerConfigKeys (ConfUtils.java:logGet(43)) - raft.server.snapshot.auto.trigger.threshold = 10000 (custom)
2019-11-14 12:41:59,896 [pool-549-thread-1] INFO  server.RaftServerConfigKeys (ConfUtils.java:logGet(43)) - raft.server.snapshot.retention.file.num = 5 (custom)
2019-11-14 12:41:59,896 [pool-549-thread-1] INFO  server.RaftServerConfigKeys (ConfUtils.java:logGet(43)) - raft.server.retrycache.expirytime = 600000ms (custom)
2019-11-14 12:41:59,896 [pool-549-thread-1] WARN  impl.MetricRegistriesImpl (MetricRegistriesImpl.java:lambda$create$1(61)) - First MetricRegistry has been created without registering reporters. You may need to call MetricRegistries.global().addReportRegistration(...) before.
2019-11-14 12:41:59,896 [pool-549-thread-1] WARN  impl.MetricRegistriesImpl (MetricRegistriesImpl.java:lambda$create$1(61)) - First MetricRegistry has been created without registering reporters. You may need to call MetricRegistries.global().addReportRegistration(...) before.
2019-11-14 12:41:59,896 [pool-549-thread-1] INFO  impl.RaftServerImpl (RaftServerImpl.java:start(184)) - e0c88643-1b24-4b90-b706-4d063724ebcc@group-97BB879B6C31: start as a follower, conf=-1: [e0c88643-1b24-4b90-b706-4d063724ebcc:192.168.34.21:42559], old=null
2019-11-14 12:41:59,896 [pool-549-thread-1] INFO  impl.RaftServerImpl (RaftServerImpl.java:setRole(173)) - e0c88643-1b24-4b90-b706-4d063724ebcc@group-97BB879B6C31: changes role from      null to FOLLOWER at term 0 for startAsFollower
2019-11-14 12:41:59,896 [pool-549-thread-1] INFO  impl.RoleInfo (RoleInfo.java:updateAndGet(143)) - e0c88643-1b24-4b90-b706-4d063724ebcc: start FollowerState
2019-11-14 12:41:59,897 [pool-549-thread-1] INFO  util.JmxRegister (JmxRegister.java:tryRegister(44)) - Successfully registered JMX Bean with object name Ratis:service=RaftServer,group=group-97BB879B6C31,id=e0c88643-1b24-4b90-b706-4d063724ebcc
2019-11-14 12:41:59,897 [pool-549-thread-1] WARN  impl.MetricRegistriesImpl (MetricRegistriesImpl.java:lambda$create$1(61)) - First MetricRegistry has been created without registering reporters. You may need to call MetricRegistries.global().addReportRegistration(...) before.
2019-11-14 12:41:59,899 [RatisPipelineUtilsThread] INFO  pipeline.PipelineStateManager (PipelineStateManager.java:addPipeline(55)) - Created pipeline Pipeline[ Id: 605f6e15-d294-4bae-a2cc-97bb879b6c31, Nodes: e0c88643-1b24-4b90-b706-4d063724ebcc{ip: 192.168.34.21, host: pr-hdds-2481-nxhrh-893604966, networkLocation: /rack1, certSerialId: null}, Type:RATIS, Factor:ONE, State:ALLOCATED]
2019-11-14 12:41:59,905 [grpc-default-executor-3] INFO  impl.RaftServerProxy (RaftServerProxy.java:addNew(89)) - 29b985cf-35b3-45a0-92a5-99fa8b812c1b: addNew group-662D2E858492:[29b985cf-35b3-45a0-92a5-99fa8b812c1b:192.168.34.21:41805] returns group-662D2E858492:java.util.concurrent.CompletableFuture@3855207c[Not completed]
2019-11-14 12:41:59,906 [pool-569-thread-1] INFO  impl.RaftServerImpl (RaftServerImpl.java:<init>(98)) - 29b985cf-35b3-45a0-92a5-99fa8b812c1b: new RaftServerImpl for group-662D2E858492:[29b985cf-35b3-45a0-92a5-99fa8b812c1b:192.168.34.21:41805] with ContainerStateMachine:uninitialized
2019-11-14 12:41:59,907 [pool-569-thread-1] INFO  server.RaftServerConfigKeys (ConfUtils.java:logGet(43)) - raft.server.rpc.timeout.min = 1s (custom)
2019-11-14 12:41:59,907 [pool-569-thread-1] INFO  server.RaftServerConfigKeys (ConfUtils.java:logGet(43)) - raft.server.rpc.timeout.max = 1200ms (custom)
2019-11-14 12:41:59,907 [pool-569-thread-1] INFO  server.RaftServerConfigKeys (ConfUtils.java:logGet(43)) - raft.server.rpcslowness.timeout = 120s (custom)
2019-11-14 12:41:59,907 [pool-569-thread-1] INFO  server.RaftServerConfigKeys (ConfUtils.java:logGet(43)) - raft.server.sleep.deviation.threshold = 300 (default)
2019-11-14 12:41:59,907 [pool-569-thread-1] INFO  server.RaftServerConfigKeys (ConfUtils.java:logGet(43)) - raft.server.log.appender.install.snapshot.enabled = false (custom)
2019-11-14 12:41:59,907 [pool-569-thread-1] INFO  impl.RaftServerImpl (ServerState.java:<init>(103)) - 29b985cf-35b3-45a0-92a5-99fa8b812c1b@group-662D2E858492: ConfigurationManager, init=-1: [29b985cf-35b3-45a0-92a5-99fa8b812c1b:192.168.34.21:41805], old=null, confs=<EMPTY_MAP>
2019-11-14 12:41:59,907 [pool-569-thread-1] INFO  server.RaftServerConfigKeys (ConfUtils.java:logGet(43)) - raft.server.storage.dir = [/workdir/hadoop-ozone/integration-test/target/test-dir/MiniOzoneClusterImpl-00c2d61f-fa45-4119-a3b8-446fff627119/datanode-6/data/ratis] (custom)
2019-11-14 12:41:59,907 [pool-569-thread-1] INFO  server.RaftServerConfigKeys (ConfUtils.java:logGet(43)) - raft.server.log.corruption.policy = EXCEPTION (default)
2019-11-14 12:41:59,908 [pool-569-thread-1] INFO  storage.RaftStorageDirectory (RaftStorageDirectory.java:analyzeStorage(246)) - The storage directory /workdir/hadoop-ozone/integration-test/target/test-dir/MiniOzoneClusterImpl-00c2d61f-fa45-4119-a3b8-446fff627119/datanode-6/data/ratis/98bbe551-b25b-46dc-8693-662d2e858492 does not exist. Creating ...
2019-11-14 12:41:59,927 [pool-569-thread-1] INFO  storage.RaftStorageDirectory (RaftStorageDirectory.java:tryLock(328)) - Lock on /workdir/hadoop-ozone/integration-test/target/test-dir/MiniOzoneClusterImpl-00c2d61f-fa45-4119-a3b8-446fff627119/datanode-6/data/ratis/98bbe551-b25b-46dc-8693-662d2e858492/in_use.lock acquired by nodename 27294@pr-hdds-2481-nxhrh-893604966
2019-11-14 12:41:59,941 [pool-569-thread-1] INFO  storage.RaftStorage (RaftStorage.java:format(84)) - Storage directory /workdir/hadoop-ozone/integration-test/target/test-dir/MiniOzoneClusterImpl-00c2d61f-fa45-4119-a3b8-446fff627119/datanode-6/data/ratis/98bbe551-b25b-46dc-8693-662d2e858492 has been successfully formatted.
2019-11-14 12:41:59,941 [pool-569-thread-1] INFO  ratis.ContainerStateMachine (ContainerStateMachine.java:loadSnapshot(223)) - group-662D2E858492: The snapshot info is null. Setting the last applied indexto:(t:0, i:~)
2019-11-14 12:41:59,942 [pool-569-thread-1] INFO  server.RaftServerConfigKeys (ConfUtils.java:logGet(43)) - raft.server.notification.no-leader.timeout = 120s (custom)
2019-11-14 12:41:59,942 [pool-569-thread-1] INFO  server.RaftServerConfigKeys (ConfUtils.java:logGet(43)) - raft.server.log.use.memory = false (default)
2019-11-14 12:41:59,942 [pool-569-thread-1] INFO  server.RaftServerConfigKeys (ConfUtils.java:logGet(43)) - raft.server.log.purge.gap = 1000000 (custom)
2019-11-14 12:41:59,942 [pool-569-thread-1] INFO  server.RaftServerConfigKeys (ConfUtils.java:logGet(43)) - raft.server.log.appender.buffer.byte-limit = 33554432 (custom)
2019-11-14 12:41:59,942 [pool-569-thread-1] INFO  server.RaftServerConfigKeys (ConfUtils.java:logGet(43)) - raft.server.log.segment.size.max = 1048576 (custom)
2019-11-14 12:41:59,942 [pool-569-thread-1] WARN  impl.MetricRegistriesImpl (MetricRegistriesImpl.java:lambda$create$1(61)) - First MetricRegistry has been created without registering reporters. You may need to call MetricRegistries.global().addReportRegistration(...) before.
2019-11-14 12:41:59,942 [pool-569-thread-1] INFO  server.RaftServerConfigKeys (ConfUtils.java:logGet(43)) - raft.server.log.segment.cache.num.max = 2 (custom)
2019-11-14 12:41:59,942 [pool-569-thread-1] INFO  segmented.SegmentedRaftLogWorker (SegmentedRaftLogWorker.java:<init>(173)) - new 29b985cf-35b3-45a0-92a5-99fa8b812c1b@group-662D2E858492-SegmentedRaftLogWorker for RaftStorage:Storage Directory /workdir/hadoop-ozone/integration-test/target/test-dir/MiniOzoneClusterImpl-00c2d61f-fa45-4119-a3b8-446fff627119/datanode-6/data/ratis/98bbe551-b25b-46dc-8693-662d2e858492
2019-11-14 12:41:59,942 [pool-569-thread-1] INFO  server.RaftServerConfigKeys (ConfUtils.java:logGet(43)) - raft.server.log.queue.byte-limit = 2147483647 (custom)
2019-11-14 12:41:59,942 [pool-569-thread-1] INFO  server.RaftServerConfigKeys (ConfUtils.java:logGet(43)) - raft.server.log.queue.element-limit = 1024 (custom)
2019-11-14 12:41:59,943 [pool-569-thread-1] INFO  server.RaftServerConfigKeys (ConfUtils.java:logGet(43)) - raft.server.log.segment.size.max = 1048576 (custom)
2019-11-14 12:41:59,943 [pool-569-thread-1] INFO  server.RaftServerConfigKeys (ConfUtils.java:logGet(43)) - raft.server.log.preallocated.size = 16384 (custom)
2019-11-14 12:41:59,943 [pool-569-thread-1] INFO  server.RaftServerConfigKeys (ConfUtils.java:logGet(43)) - raft.server.log.write.buffer.size = 33554432 (custom)
2019-11-14 12:41:59,943 [pool-569-thread-1] INFO  server.RaftServerConfigKeys (ConfUtils.java:logGet(43)) - raft.server.log.force.sync.num = 128 (default)
2019-11-14 12:41:59,943 [pool-569-thread-1] INFO  server.RaftServerConfigKeys (ConfUtils.java:logGet(43)) - raft.server.log.statemachine.data.sync = true (default)
2019-11-14 12:41:59,943 [pool-569-thread-1] INFO  server.RaftServerConfigKeys (ConfUtils.java:logGet(43)) - raft.server.log.statemachine.data.sync.timeout = 10s (default)
2019-11-14 12:41:59,943 [pool-569-thread-1] INFO  server.RaftServerConfigKeys (ConfUtils.java:logGet(43)) - raft.server.log.statemachine.data.sync.timeout.retry = -1 (default)
2019-11-14 12:41:59,943 [pool-569-thread-1] INFO  server.RaftServerConfigKeys (ConfUtils.java:logGet(43)) - raft.server.log.statemachine.data.caching.enabled = true (custom)
2019-11-14 12:41:59,943 [pool-569-thread-1] INFO  segmented.SegmentedRaftLogWorker (SegmentedRaftLogWorker.java:lambda$new$0(128)) - 29b985cf-35b3-45a0-92a5-99fa8b812c1b@group-662D2E858492-SegmentedRaftLogWorker: flushIndex: setUnconditionally 0 -> -1
2019-11-14 12:41:59,944 [pool-569-thread-1] INFO  server.RaftServerConfigKeys (ConfUtils.java:logGet(43)) - raft.server.snapshot.auto.trigger.enabled = true (custom)
2019-11-14 12:41:59,944 [pool-569-thread-1] INFO  server.RaftServerConfigKeys (ConfUtils.java:logGet(43)) - raft.server.snapshot.auto.trigger.threshold = 10000 (custom)
2019-11-14 12:41:59,944 [pool-569-thread-1] INFO  server.RaftServerConfigKeys (ConfUtils.java:logGet(43)) - raft.server.snapshot.retention.file.num = 5 (custom)
2019-11-14 12:41:59,944 [pool-569-thread-1] INFO  server.RaftServerConfigKeys (ConfUtils.java:logGet(43)) - raft.server.retrycache.expirytime = 600000ms (custom)
2019-11-14 12:41:59,944 [pool-569-thread-1] WARN  impl.MetricRegistriesImpl (MetricRegistriesImpl.java:lambda$create$1(61)) - First MetricRegistry has been created without registering reporters. You may need to call MetricRegistries.global().addReportRegistration(...) before.
2019-11-14 12:41:59,944 [pool-569-thread-1] WARN  impl.MetricRegistriesImpl (MetricRegistriesImpl.java:lambda$create$1(61)) - First MetricRegistry has been created without registering reporters. You may need to call MetricRegistries.global().addReportRegistration(...) before.
2019-11-14 12:41:59,945 [pool-569-thread-1] INFO  impl.RaftServerImpl (RaftServerImpl.java:start(184)) - 29b985cf-35b3-45a0-92a5-99fa8b812c1b@group-662D2E858492: start as a follower, conf=-1: [29b985cf-35b3-45a0-92a5-99fa8b812c1b:192.168.34.21:41805], old=null
2019-11-14 12:41:59,945 [pool-569-thread-1] INFO  impl.RaftServerImpl (RaftServerImpl.java:setRole(173)) - 29b985cf-35b3-45a0-92a5-99fa8b812c1b@group-662D2E858492: changes role from      null to FOLLOWER at term 0 for startAsFollower
2019-11-14 12:41:59,945 [pool-569-thread-1] INFO  impl.RoleInfo (RoleInfo.java:updateAndGet(143)) - 29b985cf-35b3-45a0-92a5-99fa8b812c1b: start FollowerState
2019-11-14 12:41:59,945 [pool-569-thread-1] INFO  util.JmxRegister (JmxRegister.java:tryRegister(44)) - Successfully registered JMX Bean with object name Ratis:service=RaftServer,group=group-662D2E858492,id=29b985cf-35b3-45a0-92a5-99fa8b812c1b
2019-11-14 12:41:59,945 [pool-569-thread-1] WARN  impl.MetricRegistriesImpl (MetricRegistriesImpl.java:lambda$create$1(61)) - First MetricRegistry has been created without registering reporters. You may need to call MetricRegistries.global().addReportRegistration(...) before.
2019-11-14 12:41:59,947 [RatisPipelineUtilsThread] INFO  pipeline.PipelineStateManager (PipelineStateManager.java:addPipeline(55)) - Created pipeline Pipeline[ Id: 98bbe551-b25b-46dc-8693-662d2e858492, Nodes: 29b985cf-35b3-45a0-92a5-99fa8b812c1b{ip: 192.168.34.21, host: pr-hdds-2481-nxhrh-893604966, networkLocation: /rack1, certSerialId: null}, Type:RATIS, Factor:ONE, State:ALLOCATED]
2019-11-14 12:41:59,953 [grpc-default-executor-3] INFO  impl.RaftServerProxy (RaftServerProxy.java:addNew(89)) - 14503c04-9730-4ca2-acd0-60a84a10fce0: addNew group-99DA77894C70:[14503c04-9730-4ca2-acd0-60a84a10fce0:192.168.34.21:41845] returns group-99DA77894C70:java.util.concurrent.CompletableFuture@7092d749[Not completed]
2019-11-14 12:41:59,954 [pool-539-thread-1] INFO  impl.RaftServerImpl (RaftServerImpl.java:<init>(98)) - 14503c04-9730-4ca2-acd0-60a84a10fce0: new RaftServerImpl for group-99DA77894C70:[14503c04-9730-4ca2-acd0-60a84a10fce0:192.168.34.21:41845] with ContainerStateMachine:uninitialized
2019-11-14 12:41:59,955 [pool-539-thread-1] INFO  server.RaftServerConfigKeys (ConfUtils.java:logGet(43)) - raft.server.rpc.timeout.min = 1s (custom)
2019-11-14 12:41:59,955 [pool-539-thread-1] INFO  server.RaftServerConfigKeys (ConfUtils.java:logGet(43)) - raft.server.rpc.timeout.max = 1200ms (custom)
2019-11-14 12:41:59,955 [pool-539-thread-1] INFO  server.RaftServerConfigKeys (ConfUtils.java:logGet(43)) - raft.server.rpcslowness.timeout = 120s (custom)
2019-11-14 12:41:59,955 [pool-539-thread-1] INFO  server.RaftServerConfigKeys (ConfUtils.java:logGet(43)) - raft.server.sleep.deviation.threshold = 300 (default)
2019-11-14 12:41:59,955 [pool-539-thread-1] INFO  server.RaftServerConfigKeys (ConfUtils.java:logGet(43)) - raft.server.log.appender.install.snapshot.enabled = false (custom)
2019-11-14 12:41:59,955 [pool-539-thread-1] INFO  impl.RaftServerImpl (ServerState.java:<init>(103)) - 14503c04-9730-4ca2-acd0-60a84a10fce0@group-99DA77894C70: ConfigurationManager, init=-1: [14503c04-9730-4ca2-acd0-60a84a10fce0:192.168.34.21:41845], old=null, confs=<EMPTY_MAP>
2019-11-14 12:41:59,955 [pool-539-thread-1] INFO  server.RaftServerConfigKeys (ConfUtils.java:logGet(43)) - raft.server.storage.dir = [/workdir/hadoop-ozone/integration-test/target/test-dir/MiniOzoneClusterImpl-00c2d61f-fa45-4119-a3b8-446fff627119/datanode-3/data/ratis] (custom)
2019-11-14 12:41:59,956 [pool-539-thread-1] INFO  server.RaftServerConfigKeys (ConfUtils.java:logGet(43)) - raft.server.log.corruption.policy = EXCEPTION (default)
2019-11-14 12:41:59,956 [pool-539-thread-1] INFO  storage.RaftStorageDirectory (RaftStorageDirectory.java:analyzeStorage(246)) - The storage directory /workdir/hadoop-ozone/integration-test/target/test-dir/MiniOzoneClusterImpl-00c2d61f-fa45-4119-a3b8-446fff627119/datanode-3/data/ratis/ae5c27a3-cc76-452b-b9dc-99da77894c70 does not exist. Creating ...
2019-11-14 12:41:59,962 [IPC Server handler 8 on 33565] INFO  net.NetworkTopology (NetworkTopologyImpl.java:add(111)) - Added a new node: /rack1/c5630dbc-d159-4e74-a046-1b52429c3a82
2019-11-14 12:41:59,962 [IPC Server handler 8 on 33565] INFO  node.SCMNodeManager (SCMNodeManager.java:register(267)) - Registered Data node : c5630dbc-d159-4e74-a046-1b52429c3a82{ip: 192.168.34.21, host: pr-hdds-2481-nxhrh-893604966, networkLocation: /rack1, certSerialId: null}
2019-11-14 12:41:59,969 [pool-539-thread-1] INFO  storage.RaftStorageDirectory (RaftStorageDirectory.java:tryLock(328)) - Lock on /workdir/hadoop-ozone/integration-test/target/test-dir/MiniOzoneClusterImpl-00c2d61f-fa45-4119-a3b8-446fff627119/datanode-3/data/ratis/ae5c27a3-cc76-452b-b9dc-99da77894c70/in_use.lock acquired by nodename 27294@pr-hdds-2481-nxhrh-893604966
2019-11-14 12:41:59,981 [pool-539-thread-1] INFO  storage.RaftStorage (RaftStorage.java:format(84)) - Storage directory /workdir/hadoop-ozone/integration-test/target/test-dir/MiniOzoneClusterImpl-00c2d61f-fa45-4119-a3b8-446fff627119/datanode-3/data/ratis/ae5c27a3-cc76-452b-b9dc-99da77894c70 has been successfully formatted.
2019-11-14 12:41:59,981 [pool-539-thread-1] INFO  ratis.ContainerStateMachine (ContainerStateMachine.java:loadSnapshot(223)) - group-99DA77894C70: The snapshot info is null. Setting the last applied indexto:(t:0, i:~)
2019-11-14 12:41:59,982 [pool-539-thread-1] INFO  server.RaftServerConfigKeys (ConfUtils.java:logGet(43)) - raft.server.notification.no-leader.timeout = 120s (custom)
2019-11-14 12:41:59,982 [pool-539-thread-1] INFO  server.RaftServerConfigKeys (ConfUtils.java:logGet(43)) - raft.server.log.use.memory = false (default)
2019-11-14 12:41:59,982 [pool-539-thread-1] INFO  server.RaftServerConfigKeys (ConfUtils.java:logGet(43)) - raft.server.log.purge.gap = 1000000 (custom)
2019-11-14 12:41:59,982 [pool-539-thread-1] INFO  server.RaftServerConfigKeys (ConfUtils.java:logGet(43)) - raft.server.log.appender.buffer.byte-limit = 33554432 (custom)
2019-11-14 12:41:59,982 [pool-539-thread-1] INFO  server.RaftServerConfigKeys (ConfUtils.java:logGet(43)) - raft.server.log.segment.size.max = 1048576 (custom)
2019-11-14 12:41:59,982 [pool-539-thread-1] WARN  impl.MetricRegistriesImpl (MetricRegistriesImpl.java:lambda$create$1(61)) - First MetricRegistry has been created without registering reporters. You may need to call MetricRegistries.global().addReportRegistration(...) before.
2019-11-14 12:41:59,982 [pool-539-thread-1] INFO  server.RaftServerConfigKeys (ConfUtils.java:logGet(43)) - raft.server.log.segment.cache.num.max = 2 (custom)
2019-11-14 12:41:59,983 [pool-539-thread-1] INFO  segmented.SegmentedRaftLogWorker (SegmentedRaftLogWorker.java:<init>(173)) - new 14503c04-9730-4ca2-acd0-60a84a10fce0@group-99DA77894C70-SegmentedRaftLogWorker for RaftStorage:Storage Directory /workdir/hadoop-ozone/integration-test/target/test-dir/MiniOzoneClusterImpl-00c2d61f-fa45-4119-a3b8-446fff627119/datanode-3/data/ratis/ae5c27a3-cc76-452b-b9dc-99da77894c70
2019-11-14 12:41:59,983 [pool-539-thread-1] INFO  server.RaftServerConfigKeys (ConfUtils.java:logGet(43)) - raft.server.log.queue.byte-limit = 2147483647 (custom)
2019-11-14 12:41:59,983 [pool-539-thread-1] INFO  server.RaftServerConfigKeys (ConfUtils.java:logGet(43)) - raft.server.log.queue.element-limit = 1024 (custom)
2019-11-14 12:41:59,983 [pool-539-thread-1] INFO  server.RaftServerConfigKeys (ConfUtils.java:logGet(43)) - raft.server.log.segment.size.max = 1048576 (custom)
2019-11-14 12:41:59,983 [pool-539-thread-1] INFO  server.RaftServerConfigKeys (ConfUtils.java:logGet(43)) - raft.server.log.preallocated.size = 16384 (custom)
2019-11-14 12:41:59,983 [pool-539-thread-1] INFO  server.RaftServerConfigKeys (ConfUtils.java:logGet(43)) - raft.server.log.write.buffer.size = 33554432 (custom)
2019-11-14 12:41:59,983 [pool-539-thread-1] INFO  server.RaftServerConfigKeys (ConfUtils.java:logGet(43)) - raft.server.log.force.sync.num = 128 (default)
2019-11-14 12:41:59,983 [pool-539-thread-1] INFO  server.RaftServerConfigKeys (ConfUtils.java:logGet(43)) - raft.server.log.statemachine.data.sync = true (default)
2019-11-14 12:41:59,983 [pool-539-thread-1] INFO  server.RaftServerConfigKeys (ConfUtils.java:logGet(43)) - raft.server.log.statemachine.data.sync.timeout = 10s (default)
2019-11-14 12:41:59,983 [pool-539-thread-1] INFO  server.RaftServerConfigKeys (ConfUtils.java:logGet(43)) - raft.server.log.statemachine.data.sync.timeout.retry = -1 (default)
2019-11-14 12:41:59,984 [pool-539-thread-1] INFO  server.RaftServerConfigKeys (ConfUtils.java:logGet(43)) - raft.server.log.statemachine.data.caching.enabled = true (custom)
2019-11-14 12:41:59,984 [pool-539-thread-1] INFO  segmented.SegmentedRaftLogWorker (SegmentedRaftLogWorker.java:lambda$new$0(128)) - 14503c04-9730-4ca2-acd0-60a84a10fce0@group-99DA77894C70-SegmentedRaftLogWorker: flushIndex: setUnconditionally 0 -> -1
2019-11-14 12:41:59,984 [pool-539-thread-1] INFO  server.RaftServerConfigKeys (ConfUtils.java:logGet(43)) - raft.server.snapshot.auto.trigger.enabled = true (custom)
2019-11-14 12:41:59,984 [pool-539-thread-1] INFO  server.RaftServerConfigKeys (ConfUtils.java:logGet(43)) - raft.server.snapshot.auto.trigger.threshold = 10000 (custom)
2019-11-14 12:41:59,984 [pool-539-thread-1] INFO  server.RaftServerConfigKeys (ConfUtils.java:logGet(43)) - raft.server.snapshot.retention.file.num = 5 (custom)
2019-11-14 12:41:59,985 [pool-539-thread-1] INFO  server.RaftServerConfigKeys (ConfUtils.java:logGet(43)) - raft.server.retrycache.expirytime = 600000ms (custom)
2019-11-14 12:41:59,985 [pool-539-thread-1] WARN  impl.MetricRegistriesImpl (MetricRegistriesImpl.java:lambda$create$1(61)) - First MetricRegistry has been created without registering reporters. You may need to call MetricRegistries.global().addReportRegistration(...) before.
2019-11-14 12:41:59,985 [pool-539-thread-1] WARN  impl.MetricRegistriesImpl (MetricRegistriesImpl.java:lambda$create$1(61)) - First MetricRegistry has been created without registering reporters. You may need to call MetricRegistries.global().addReportRegistration(...) before.
2019-11-14 12:41:59,985 [pool-539-thread-1] INFO  impl.RaftServerImpl (RaftServerImpl.java:start(184)) - 14503c04-9730-4ca2-acd0-60a84a10fce0@group-99DA77894C70: start as a follower, conf=-1: [14503c04-9730-4ca2-acd0-60a84a10fce0:192.168.34.21:41845], old=null
2019-11-14 12:41:59,985 [pool-539-thread-1] INFO  impl.RaftServerImpl (RaftServerImpl.java:setRole(173)) - 14503c04-9730-4ca2-acd0-60a84a10fce0@group-99DA77894C70: changes role from      null to FOLLOWER at term 0 for startAsFollower
2019-11-14 12:41:59,985 [pool-539-thread-1] INFO  impl.RoleInfo (RoleInfo.java:updateAndGet(143)) - 14503c04-9730-4ca2-acd0-60a84a10fce0: start FollowerState
2019-11-14 12:41:59,986 [pool-539-thread-1] INFO  util.JmxRegister (JmxRegister.java:tryRegister(44)) - Successfully registered JMX Bean with object name Ratis:service=RaftServer,group=group-99DA77894C70,id=14503c04-9730-4ca2-acd0-60a84a10fce0
2019-11-14 12:41:59,986 [pool-539-thread-1] WARN  impl.MetricRegistriesImpl (MetricRegistriesImpl.java:lambda$create$1(61)) - First MetricRegistry has been created without registering reporters. You may need to call MetricRegistries.global().addReportRegistration(...) before.
2019-11-14 12:41:59,988 [RatisPipelineUtilsThread] INFO  pipeline.PipelineStateManager (PipelineStateManager.java:addPipeline(55)) - Created pipeline Pipeline[ Id: ae5c27a3-cc76-452b-b9dc-99da77894c70, Nodes: 14503c04-9730-4ca2-acd0-60a84a10fce0{ip: 192.168.34.21, host: pr-hdds-2481-nxhrh-893604966, networkLocation: /rack1, certSerialId: null}, Type:RATIS, Factor:ONE, State:ALLOCATED]
2019-11-14 12:41:59,993 [grpc-default-executor-3] INFO  impl.RaftServerProxy (RaftServerProxy.java:addNew(89)) - c5630dbc-d159-4e74-a046-1b52429c3a82: addNew group-5181374BD87B:[c5630dbc-d159-4e74-a046-1b52429c3a82:192.168.34.21:34180] returns group-5181374BD87B:java.util.concurrent.CompletableFuture@698020df[Not completed]
2019-11-14 12:41:59,994 [pool-579-thread-1] INFO  impl.RaftServerImpl (RaftServerImpl.java:<init>(98)) - c5630dbc-d159-4e74-a046-1b52429c3a82: new RaftServerImpl for group-5181374BD87B:[c5630dbc-d159-4e74-a046-1b52429c3a82:192.168.34.21:34180] with ContainerStateMachine:uninitialized
2019-11-14 12:41:59,994 [pool-579-thread-1] INFO  server.RaftServerConfigKeys (ConfUtils.java:logGet(43)) - raft.server.rpc.timeout.min = 1s (custom)
2019-11-14 12:41:59,994 [pool-579-thread-1] INFO  server.RaftServerConfigKeys (ConfUtils.java:logGet(43)) - raft.server.rpc.timeout.max = 1200ms (custom)
2019-11-14 12:41:59,995 [pool-579-thread-1] INFO  server.RaftServerConfigKeys (ConfUtils.java:logGet(43)) - raft.server.rpcslowness.timeout = 120s (custom)
2019-11-14 12:41:59,995 [pool-579-thread-1] INFO  server.RaftServerConfigKeys (ConfUtils.java:logGet(43)) - raft.server.sleep.deviation.threshold = 300 (default)
2019-11-14 12:41:59,995 [pool-579-thread-1] INFO  server.RaftServerConfigKeys (ConfUtils.java:logGet(43)) - raft.server.log.appender.install.snapshot.enabled = false (custom)
2019-11-14 12:41:59,995 [pool-579-thread-1] INFO  impl.RaftServerImpl (ServerState.java:<init>(103)) - c5630dbc-d159-4e74-a046-1b52429c3a82@group-5181374BD87B: ConfigurationManager, init=-1: [c5630dbc-d159-4e74-a046-1b52429c3a82:192.168.34.21:34180], old=null, confs=<EMPTY_MAP>
2019-11-14 12:41:59,995 [pool-579-thread-1] INFO  server.RaftServerConfigKeys (ConfUtils.java:logGet(43)) - raft.server.storage.dir = [/workdir/hadoop-ozone/integration-test/target/test-dir/MiniOzoneClusterImpl-00c2d61f-fa45-4119-a3b8-446fff627119/datanode-7/data/ratis] (custom)
2019-11-14 12:41:59,995 [pool-579-thread-1] INFO  server.RaftServerConfigKeys (ConfUtils.java:logGet(43)) - raft.server.log.corruption.policy = EXCEPTION (default)
2019-11-14 12:41:59,995 [pool-579-thread-1] INFO  storage.RaftStorageDirectory (RaftStorageDirectory.java:analyzeStorage(246)) - The storage directory /workdir/hadoop-ozone/integration-test/target/test-dir/MiniOzoneClusterImpl-00c2d61f-fa45-4119-a3b8-446fff627119/datanode-7/data/ratis/e895adc0-08c7-48d9-9508-5181374bd87b does not exist. Creating ...
2019-11-14 12:42:00,018 [pool-579-thread-1] INFO  storage.RaftStorageDirectory (RaftStorageDirectory.java:tryLock(328)) - Lock on /workdir/hadoop-ozone/integration-test/target/test-dir/MiniOzoneClusterImpl-00c2d61f-fa45-4119-a3b8-446fff627119/datanode-7/data/ratis/e895adc0-08c7-48d9-9508-5181374bd87b/in_use.lock acquired by nodename 27294@pr-hdds-2481-nxhrh-893604966
2019-11-14 12:42:00,020 [IPC Server handler 19 on 33565] INFO  net.NetworkTopology (NetworkTopologyImpl.java:add(111)) - Added a new node: /rack1/014ed27e-4853-41cc-a50c-9de7527fd6a0
2019-11-14 12:42:00,020 [IPC Server handler 19 on 33565] INFO  node.SCMNodeManager (SCMNodeManager.java:register(267)) - Registered Data node : 014ed27e-4853-41cc-a50c-9de7527fd6a0{ip: 192.168.34.21, host: pr-hdds-2481-nxhrh-893604966, networkLocation: /rack1, certSerialId: null}
2019-11-14 12:42:00,065 [pool-579-thread-1] INFO  storage.RaftStorage (RaftStorage.java:format(84)) - Storage directory /workdir/hadoop-ozone/integration-test/target/test-dir/MiniOzoneClusterImpl-00c2d61f-fa45-4119-a3b8-446fff627119/datanode-7/data/ratis/e895adc0-08c7-48d9-9508-5181374bd87b has been successfully formatted.
2019-11-14 12:42:00,066 [pool-579-thread-1] INFO  ratis.ContainerStateMachine (ContainerStateMachine.java:loadSnapshot(223)) - group-5181374BD87B: The snapshot info is null. Setting the last applied indexto:(t:0, i:~)
2019-11-14 12:42:00,066 [pool-579-thread-1] INFO  server.RaftServerConfigKeys (ConfUtils.java:logGet(43)) - raft.server.notification.no-leader.timeout = 120s (custom)
2019-11-14 12:42:00,066 [pool-579-thread-1] INFO  server.RaftServerConfigKeys (ConfUtils.java:logGet(43)) - raft.server.log.use.memory = false (default)
2019-11-14 12:42:00,066 [pool-579-thread-1] INFO  server.RaftServerConfigKeys (ConfUtils.java:logGet(43)) - raft.server.log.purge.gap = 1000000 (custom)
2019-11-14 12:42:00,066 [pool-579-thread-1] INFO  server.RaftServerConfigKeys (ConfUtils.java:logGet(43)) - raft.server.log.appender.buffer.byte-limit = 33554432 (custom)
2019-11-14 12:42:00,067 [pool-579-thread-1] INFO  server.RaftServerConfigKeys (ConfUtils.java:logGet(43)) - raft.server.log.segment.size.max = 1048576 (custom)
2019-11-14 12:42:00,067 [pool-579-thread-1] WARN  impl.MetricRegistriesImpl (MetricRegistriesImpl.java:lambda$create$1(61)) - First MetricRegistry has been created without registering reporters. You may need to call MetricRegistries.global().addReportRegistration(...) before.
2019-11-14 12:42:00,067 [pool-579-thread-1] INFO  server.RaftServerConfigKeys (ConfUtils.java:logGet(43)) - raft.server.log.segment.cache.num.max = 2 (custom)
2019-11-14 12:42:00,067 [pool-579-thread-1] INFO  segmented.SegmentedRaftLogWorker (SegmentedRaftLogWorker.java:<init>(173)) - new c5630dbc-d159-4e74-a046-1b52429c3a82@group-5181374BD87B-SegmentedRaftLogWorker for RaftStorage:Storage Directory /workdir/hadoop-ozone/integration-test/target/test-dir/MiniOzoneClusterImpl-00c2d61f-fa45-4119-a3b8-446fff627119/datanode-7/data/ratis/e895adc0-08c7-48d9-9508-5181374bd87b
2019-11-14 12:42:00,067 [pool-579-thread-1] INFO  server.RaftServerConfigKeys (ConfUtils.java:logGet(43)) - raft.server.log.queue.byte-limit = 2147483647 (custom)
2019-11-14 12:42:00,068 [pool-579-thread-1] INFO  server.RaftServerConfigKeys (ConfUtils.java:logGet(43)) - raft.server.log.queue.element-limit = 1024 (custom)
2019-11-14 12:42:00,068 [pool-579-thread-1] INFO  server.RaftServerConfigKeys (ConfUtils.java:logGet(43)) - raft.server.log.segment.size.max = 1048576 (custom)
2019-11-14 12:42:00,068 [pool-579-thread-1] INFO  server.RaftServerConfigKeys (ConfUtils.java:logGet(43)) - raft.server.log.preallocated.size = 16384 (custom)
2019-11-14 12:42:00,068 [pool-579-thread-1] INFO  server.RaftServerConfigKeys (ConfUtils.java:logGet(43)) - raft.server.log.write.buffer.size = 33554432 (custom)
2019-11-14 12:42:00,069 [pool-579-thread-1] INFO  server.RaftServerConfigKeys (ConfUtils.java:logGet(43)) - raft.server.log.force.sync.num = 128 (default)
2019-11-14 12:42:00,069 [pool-579-thread-1] INFO  server.RaftServerConfigKeys (ConfUtils.java:logGet(43)) - raft.server.log.statemachine.data.sync = true (default)
2019-11-14 12:42:00,069 [pool-579-thread-1] INFO  server.RaftServerConfigKeys (ConfUtils.java:logGet(43)) - raft.server.log.statemachine.data.sync.timeout = 10s (default)
2019-11-14 12:42:00,069 [pool-579-thread-1] INFO  server.RaftServerConfigKeys (ConfUtils.java:logGet(43)) - raft.server.log.statemachine.data.sync.timeout.retry = -1 (default)
2019-11-14 12:42:00,069 [pool-579-thread-1] INFO  server.RaftServerConfigKeys (ConfUtils.java:logGet(43)) - raft.server.log.statemachine.data.caching.enabled = true (custom)
2019-11-14 12:42:00,070 [pool-579-thread-1] INFO  segmented.SegmentedRaftLogWorker (SegmentedRaftLogWorker.java:lambda$new$0(128)) - c5630dbc-d159-4e74-a046-1b52429c3a82@group-5181374BD87B-SegmentedRaftLogWorker: flushIndex: setUnconditionally 0 -> -1
2019-11-14 12:42:00,070 [pool-579-thread-1] INFO  server.RaftServerConfigKeys (ConfUtils.java:logGet(43)) - raft.server.snapshot.auto.trigger.enabled = true (custom)
2019-11-14 12:42:00,071 [pool-579-thread-1] INFO  server.RaftServerConfigKeys (ConfUtils.java:logGet(43)) - raft.server.snapshot.auto.trigger.threshold = 10000 (custom)
2019-11-14 12:42:00,071 [pool-579-thread-1] INFO  server.RaftServerConfigKeys (ConfUtils.java:logGet(43)) - raft.server.snapshot.retention.file.num = 5 (custom)
2019-11-14 12:42:00,071 [pool-579-thread-1] INFO  server.RaftServerConfigKeys (ConfUtils.java:logGet(43)) - raft.server.retrycache.expirytime = 600000ms (custom)
2019-11-14 12:42:00,071 [pool-579-thread-1] WARN  impl.MetricRegistriesImpl (MetricRegistriesImpl.java:lambda$create$1(61)) - First MetricRegistry has been created without registering reporters. You may need to call MetricRegistries.global().addReportRegistration(...) before.
2019-11-14 12:42:00,072 [pool-579-thread-1] WARN  impl.MetricRegistriesImpl (MetricRegistriesImpl.java:lambda$create$1(61)) - First MetricRegistry has been created without registering reporters. You may need to call MetricRegistries.global().addReportRegistration(...) before.
2019-11-14 12:42:00,072 [pool-579-thread-1] INFO  impl.RaftServerImpl (RaftServerImpl.java:start(184)) - c5630dbc-d159-4e74-a046-1b52429c3a82@group-5181374BD87B: start as a follower, conf=-1: [c5630dbc-d159-4e74-a046-1b52429c3a82:192.168.34.21:34180], old=null
2019-11-14 12:42:00,072 [pool-579-thread-1] INFO  impl.RaftServerImpl (RaftServerImpl.java:setRole(173)) - c5630dbc-d159-4e74-a046-1b52429c3a82@group-5181374BD87B: changes role from      null to FOLLOWER at term 0 for startAsFollower
2019-11-14 12:42:00,072 [pool-579-thread-1] INFO  impl.RoleInfo (RoleInfo.java:updateAndGet(143)) - c5630dbc-d159-4e74-a046-1b52429c3a82: start FollowerState
2019-11-14 12:42:00,075 [pool-579-thread-1] INFO  util.JmxRegister (JmxRegister.java:tryRegister(44)) - Successfully registered JMX Bean with object name Ratis:service=RaftServer,group=group-5181374BD87B,id=c5630dbc-d159-4e74-a046-1b52429c3a82
2019-11-14 12:42:00,076 [pool-579-thread-1] WARN  impl.MetricRegistriesImpl (MetricRegistriesImpl.java:lambda$create$1(61)) - First MetricRegistry has been created without registering reporters. You may need to call MetricRegistries.global().addReportRegistration(...) before.
2019-11-14 12:42:00,078 [IPC Server handler 2 on 33565] INFO  net.NetworkTopology (NetworkTopologyImpl.java:add(111)) - Added a new node: /rack1/0ff44171-e26a-4ef7-8f26-7a0f9c51011c
2019-11-14 12:42:00,078 [IPC Server handler 2 on 33565] INFO  node.SCMNodeManager (SCMNodeManager.java:register(267)) - Registered Data node : 0ff44171-e26a-4ef7-8f26-7a0f9c51011c{ip: 192.168.34.21, host: pr-hdds-2481-nxhrh-893604966, networkLocation: /rack1, certSerialId: null}
2019-11-14 12:42:00,079 [RatisPipelineUtilsThread] INFO  pipeline.PipelineStateManager (PipelineStateManager.java:addPipeline(55)) - Created pipeline Pipeline[ Id: e895adc0-08c7-48d9-9508-5181374bd87b, Nodes: c5630dbc-d159-4e74-a046-1b52429c3a82{ip: 192.168.34.21, host: pr-hdds-2481-nxhrh-893604966, networkLocation: /rack1, certSerialId: null}, Type:RATIS, Factor:ONE, State:ALLOCATED]
2019-11-14 12:42:00,088 [grpc-default-executor-3] INFO  impl.RaftServerProxy (RaftServerProxy.java:addNew(89)) - 014ed27e-4853-41cc-a50c-9de7527fd6a0: addNew group-C579C60BF44B:[014ed27e-4853-41cc-a50c-9de7527fd6a0:192.168.34.21:41029] returns group-C579C60BF44B:java.util.concurrent.CompletableFuture@4a692292[Not completed]
2019-11-14 12:42:00,091 [pool-589-thread-1] INFO  impl.RaftServerImpl (RaftServerImpl.java:<init>(98)) - 014ed27e-4853-41cc-a50c-9de7527fd6a0: new RaftServerImpl for group-C579C60BF44B:[014ed27e-4853-41cc-a50c-9de7527fd6a0:192.168.34.21:41029] with ContainerStateMachine:uninitialized
2019-11-14 12:42:00,091 [pool-589-thread-1] INFO  server.RaftServerConfigKeys (ConfUtils.java:logGet(43)) - raft.server.rpc.timeout.min = 1s (custom)
2019-11-14 12:42:00,091 [pool-589-thread-1] INFO  server.RaftServerConfigKeys (ConfUtils.java:logGet(43)) - raft.server.rpc.timeout.max = 1200ms (custom)
2019-11-14 12:42:00,091 [pool-589-thread-1] INFO  server.RaftServerConfigKeys (ConfUtils.java:logGet(43)) - raft.server.rpcslowness.timeout = 120s (custom)
2019-11-14 12:42:00,092 [pool-589-thread-1] INFO  server.RaftServerConfigKeys (ConfUtils.java:logGet(43)) - raft.server.sleep.deviation.threshold = 300 (default)
2019-11-14 12:42:00,092 [pool-589-thread-1] INFO  server.RaftServerConfigKeys (ConfUtils.java:logGet(43)) - raft.server.log.appender.install.snapshot.enabled = false (custom)
2019-11-14 12:42:00,092 [pool-589-thread-1] INFO  impl.RaftServerImpl (ServerState.java:<init>(103)) - 014ed27e-4853-41cc-a50c-9de7527fd6a0@group-C579C60BF44B: ConfigurationManager, init=-1: [014ed27e-4853-41cc-a50c-9de7527fd6a0:192.168.34.21:41029], old=null, confs=<EMPTY_MAP>
2019-11-14 12:42:00,092 [pool-589-thread-1] INFO  server.RaftServerConfigKeys (ConfUtils.java:logGet(43)) - raft.server.storage.dir = [/workdir/hadoop-ozone/integration-test/target/test-dir/MiniOzoneClusterImpl-00c2d61f-fa45-4119-a3b8-446fff627119/datanode-8/data/ratis] (custom)
2019-11-14 12:42:00,093 [pool-589-thread-1] INFO  server.RaftServerConfigKeys (ConfUtils.java:logGet(43)) - raft.server.log.corruption.policy = EXCEPTION (default)
2019-11-14 12:42:00,093 [pool-589-thread-1] INFO  storage.RaftStorageDirectory (RaftStorageDirectory.java:analyzeStorage(246)) - The storage directory /workdir/hadoop-ozone/integration-test/target/test-dir/MiniOzoneClusterImpl-00c2d61f-fa45-4119-a3b8-446fff627119/datanode-8/data/ratis/326030f2-c249-4a8d-a164-c579c60bf44b does not exist. Creating ...
2019-11-14 12:42:00,097 [pool-589-thread-1] INFO  storage.RaftStorageDirectory (RaftStorageDirectory.java:tryLock(328)) - Lock on /workdir/hadoop-ozone/integration-test/target/test-dir/MiniOzoneClusterImpl-00c2d61f-fa45-4119-a3b8-446fff627119/datanode-8/data/ratis/326030f2-c249-4a8d-a164-c579c60bf44b/in_use.lock acquired by nodename 27294@pr-hdds-2481-nxhrh-893604966
2019-11-14 12:42:00,110 [pool-589-thread-1] INFO  storage.RaftStorage (RaftStorage.java:format(84)) - Storage directory /workdir/hadoop-ozone/integration-test/target/test-dir/MiniOzoneClusterImpl-00c2d61f-fa45-4119-a3b8-446fff627119/datanode-8/data/ratis/326030f2-c249-4a8d-a164-c579c60bf44b has been successfully formatted.
2019-11-14 12:42:00,110 [pool-589-thread-1] INFO  ratis.ContainerStateMachine (ContainerStateMachine.java:loadSnapshot(223)) - group-C579C60BF44B: The snapshot info is null. Setting the last applied indexto:(t:0, i:~)
2019-11-14 12:42:00,110 [pool-589-thread-1] INFO  server.RaftServerConfigKeys (ConfUtils.java:logGet(43)) - raft.server.notification.no-leader.timeout = 120s (custom)
2019-11-14 12:42:00,110 [pool-589-thread-1] INFO  server.RaftServerConfigKeys (ConfUtils.java:logGet(43)) - raft.server.log.use.memory = false (default)
2019-11-14 12:42:00,111 [pool-589-thread-1] INFO  server.RaftServerConfigKeys (ConfUtils.java:logGet(43)) - raft.server.log.purge.gap = 1000000 (custom)
2019-11-14 12:42:00,111 [pool-589-thread-1] INFO  server.RaftServerConfigKeys (ConfUtils.java:logGet(43)) - raft.server.log.appender.buffer.byte-limit = 33554432 (custom)
2019-11-14 12:42:00,111 [pool-589-thread-1] INFO  server.RaftServerConfigKeys (ConfUtils.java:logGet(43)) - raft.server.log.segment.size.max = 1048576 (custom)
2019-11-14 12:42:00,111 [pool-589-thread-1] WARN  impl.MetricRegistriesImpl (MetricRegistriesImpl.java:lambda$create$1(61)) - First MetricRegistry has been created without registering reporters. You may need to call MetricRegistries.global().addReportRegistration(...) before.
2019-11-14 12:42:00,111 [pool-589-thread-1] INFO  server.RaftServerConfigKeys (ConfUtils.java:logGet(43)) - raft.server.log.segment.cache.num.max = 2 (custom)
2019-11-14 12:42:00,111 [pool-589-thread-1] INFO  segmented.SegmentedRaftLogWorker (SegmentedRaftLogWorker.java:<init>(173)) - new 014ed27e-4853-41cc-a50c-9de7527fd6a0@group-C579C60BF44B-SegmentedRaftLogWorker for RaftStorage:Storage Directory /workdir/hadoop-ozone/integration-test/target/test-dir/MiniOzoneClusterImpl-00c2d61f-fa45-4119-a3b8-446fff627119/datanode-8/data/ratis/326030f2-c249-4a8d-a164-c579c60bf44b
2019-11-14 12:42:00,111 [pool-589-thread-1] INFO  server.RaftServerConfigKeys (ConfUtils.java:logGet(43)) - raft.server.log.queue.byte-limit = 2147483647 (custom)
2019-11-14 12:42:00,111 [pool-589-thread-1] INFO  server.RaftServerConfigKeys (ConfUtils.java:logGet(43)) - raft.server.log.queue.element-limit = 1024 (custom)
2019-11-14 12:42:00,112 [pool-589-thread-1] INFO  server.RaftServerConfigKeys (ConfUtils.java:logGet(43)) - raft.server.log.segment.size.max = 1048576 (custom)
2019-11-14 12:42:00,112 [pool-589-thread-1] INFO  server.RaftServerConfigKeys (ConfUtils.java:logGet(43)) - raft.server.log.preallocated.size = 16384 (custom)
2019-11-14 12:42:00,112 [pool-589-thread-1] INFO  server.RaftServerConfigKeys (ConfUtils.java:logGet(43)) - raft.server.log.write.buffer.size = 33554432 (custom)
2019-11-14 12:42:00,112 [pool-589-thread-1] INFO  server.RaftServerConfigKeys (ConfUtils.java:logGet(43)) - raft.server.log.force.sync.num = 128 (default)
2019-11-14 12:42:00,112 [pool-589-thread-1] INFO  server.RaftServerConfigKeys (ConfUtils.java:logGet(43)) - raft.server.log.statemachine.data.sync = true (default)
2019-11-14 12:42:00,112 [pool-589-thread-1] INFO  server.RaftServerConfigKeys (ConfUtils.java:logGet(43)) - raft.server.log.statemachine.data.sync.timeout = 10s (default)
2019-11-14 12:42:00,112 [pool-589-thread-1] INFO  server.RaftServerConfigKeys (ConfUtils.java:logGet(43)) - raft.server.log.statemachine.data.sync.timeout.retry = -1 (default)
2019-11-14 12:42:00,112 [pool-589-thread-1] INFO  server.RaftServerConfigKeys (ConfUtils.java:logGet(43)) - raft.server.log.statemachine.data.caching.enabled = true (custom)
2019-11-14 12:42:00,113 [pool-589-thread-1] INFO  segmented.SegmentedRaftLogWorker (SegmentedRaftLogWorker.java:lambda$new$0(128)) - 014ed27e-4853-41cc-a50c-9de7527fd6a0@group-C579C60BF44B-SegmentedRaftLogWorker: flushIndex: setUnconditionally 0 -> -1
2019-11-14 12:42:00,113 [pool-589-thread-1] INFO  server.RaftServerConfigKeys (ConfUtils.java:logGet(43)) - raft.server.snapshot.auto.trigger.enabled = true (custom)
2019-11-14 12:42:00,113 [pool-589-thread-1] INFO  server.RaftServerConfigKeys (ConfUtils.java:logGet(43)) - raft.server.snapshot.auto.trigger.threshold = 10000 (custom)
2019-11-14 12:42:00,113 [pool-589-thread-1] INFO  server.RaftServerConfigKeys (ConfUtils.java:logGet(43)) - raft.server.snapshot.retention.file.num = 5 (custom)
2019-11-14 12:42:00,113 [pool-589-thread-1] INFO  server.RaftServerConfigKeys (ConfUtils.java:logGet(43)) - raft.server.retrycache.expirytime = 600000ms (custom)
2019-11-14 12:42:00,114 [pool-589-thread-1] WARN  impl.MetricRegistriesImpl (MetricRegistriesImpl.java:lambda$create$1(61)) - First MetricRegistry has been created without registering reporters. You may need to call MetricRegistries.global().addReportRegistration(...) before.
2019-11-14 12:42:00,114 [pool-589-thread-1] WARN  impl.MetricRegistriesImpl (MetricRegistriesImpl.java:lambda$create$1(61)) - First MetricRegistry has been created without registering reporters. You may need to call MetricRegistries.global().addReportRegistration(...) before.
2019-11-14 12:42:00,114 [pool-589-thread-1] INFO  impl.RaftServerImpl (RaftServerImpl.java:start(184)) - 014ed27e-4853-41cc-a50c-9de7527fd6a0@group-C579C60BF44B: start as a follower, conf=-1: [014ed27e-4853-41cc-a50c-9de7527fd6a0:192.168.34.21:41029], old=null
2019-11-14 12:42:00,114 [pool-589-thread-1] INFO  impl.RaftServerImpl (RaftServerImpl.java:setRole(173)) - 014ed27e-4853-41cc-a50c-9de7527fd6a0@group-C579C60BF44B: changes role from      null to FOLLOWER at term 0 for startAsFollower
2019-11-14 12:42:00,114 [pool-589-thread-1] INFO  impl.RoleInfo (RoleInfo.java:updateAndGet(143)) - 014ed27e-4853-41cc-a50c-9de7527fd6a0: start FollowerState
2019-11-14 12:42:00,115 [pool-589-thread-1] INFO  util.JmxRegister (JmxRegister.java:tryRegister(44)) - Successfully registered JMX Bean with object name Ratis:service=RaftServer,group=group-C579C60BF44B,id=014ed27e-4853-41cc-a50c-9de7527fd6a0
2019-11-14 12:42:00,115 [pool-589-thread-1] WARN  impl.MetricRegistriesImpl (MetricRegistriesImpl.java:lambda$create$1(61)) - First MetricRegistry has been created without registering reporters. You may need to call MetricRegistries.global().addReportRegistration(...) before.
2019-11-14 12:42:00,117 [RatisPipelineUtilsThread] INFO  pipeline.PipelineStateManager (PipelineStateManager.java:addPipeline(55)) - Created pipeline Pipeline[ Id: 326030f2-c249-4a8d-a164-c579c60bf44b, Nodes: 014ed27e-4853-41cc-a50c-9de7527fd6a0{ip: 192.168.34.21, host: pr-hdds-2481-nxhrh-893604966, networkLocation: /rack1, certSerialId: null}, Type:RATIS, Factor:ONE, State:ALLOCATED]
2019-11-14 12:42:00,123 [grpc-default-executor-3] INFO  impl.RaftServerProxy (RaftServerProxy.java:addNew(89)) - 0ff44171-e26a-4ef7-8f26-7a0f9c51011c: addNew group-665A15042453:[0ff44171-e26a-4ef7-8f26-7a0f9c51011c:192.168.34.21:43866] returns group-665A15042453:java.util.concurrent.CompletableFuture@63c47c59[Not completed]
2019-11-14 12:42:00,125 [pool-599-thread-1] INFO  impl.RaftServerImpl (RaftServerImpl.java:<init>(98)) - 0ff44171-e26a-4ef7-8f26-7a0f9c51011c: new RaftServerImpl for group-665A15042453:[0ff44171-e26a-4ef7-8f26-7a0f9c51011c:192.168.34.21:43866] with ContainerStateMachine:uninitialized
2019-11-14 12:42:00,125 [pool-599-thread-1] INFO  server.RaftServerConfigKeys (ConfUtils.java:logGet(43)) - raft.server.rpc.timeout.min = 1s (custom)
2019-11-14 12:42:00,125 [pool-599-thread-1] INFO  server.RaftServerConfigKeys (ConfUtils.java:logGet(43)) - raft.server.rpc.timeout.max = 1200ms (custom)
2019-11-14 12:42:00,125 [pool-599-thread-1] INFO  server.RaftServerConfigKeys (ConfUtils.java:logGet(43)) - raft.server.rpcslowness.timeout = 120s (custom)
2019-11-14 12:42:00,125 [pool-599-thread-1] INFO  server.RaftServerConfigKeys (ConfUtils.java:logGet(43)) - raft.server.sleep.deviation.threshold = 300 (default)
2019-11-14 12:42:00,126 [pool-599-thread-1] INFO  server.RaftServerConfigKeys (ConfUtils.java:logGet(43)) - raft.server.log.appender.install.snapshot.enabled = false (custom)
2019-11-14 12:42:00,126 [pool-599-thread-1] INFO  impl.RaftServerImpl (ServerState.java:<init>(103)) - 0ff44171-e26a-4ef7-8f26-7a0f9c51011c@group-665A15042453: ConfigurationManager, init=-1: [0ff44171-e26a-4ef7-8f26-7a0f9c51011c:192.168.34.21:43866], old=null, confs=<EMPTY_MAP>
2019-11-14 12:42:00,126 [pool-599-thread-1] INFO  server.RaftServerConfigKeys (ConfUtils.java:logGet(43)) - raft.server.storage.dir = [/workdir/hadoop-ozone/integration-test/target/test-dir/MiniOzoneClusterImpl-00c2d61f-fa45-4119-a3b8-446fff627119/datanode-9/data/ratis] (custom)
2019-11-14 12:42:00,126 [pool-599-thread-1] INFO  server.RaftServerConfigKeys (ConfUtils.java:logGet(43)) - raft.server.log.corruption.policy = EXCEPTION (default)
2019-11-14 12:42:00,126 [pool-599-thread-1] INFO  storage.RaftStorageDirectory (RaftStorageDirectory.java:analyzeStorage(246)) - The storage directory /workdir/hadoop-ozone/integration-test/target/test-dir/MiniOzoneClusterImpl-00c2d61f-fa45-4119-a3b8-446fff627119/datanode-9/data/ratis/98af25aa-9808-4cd6-b0a8-665a15042453 does not exist. Creating ...
2019-11-14 12:42:00,139 [pool-599-thread-1] INFO  storage.RaftStorageDirectory (RaftStorageDirectory.java:tryLock(328)) - Lock on /workdir/hadoop-ozone/integration-test/target/test-dir/MiniOzoneClusterImpl-00c2d61f-fa45-4119-a3b8-446fff627119/datanode-9/data/ratis/98af25aa-9808-4cd6-b0a8-665a15042453/in_use.lock acquired by nodename 27294@pr-hdds-2481-nxhrh-893604966
2019-11-14 12:42:00,152 [pool-599-thread-1] INFO  storage.RaftStorage (RaftStorage.java:format(84)) - Storage directory /workdir/hadoop-ozone/integration-test/target/test-dir/MiniOzoneClusterImpl-00c2d61f-fa45-4119-a3b8-446fff627119/datanode-9/data/ratis/98af25aa-9808-4cd6-b0a8-665a15042453 has been successfully formatted.
2019-11-14 12:42:00,152 [pool-599-thread-1] INFO  ratis.ContainerStateMachine (ContainerStateMachine.java:loadSnapshot(223)) - group-665A15042453: The snapshot info is null. Setting the last applied indexto:(t:0, i:~)
2019-11-14 12:42:00,152 [pool-599-thread-1] INFO  server.RaftServerConfigKeys (ConfUtils.java:logGet(43)) - raft.server.notification.no-leader.timeout = 120s (custom)
2019-11-14 12:42:00,152 [pool-599-thread-1] INFO  server.RaftServerConfigKeys (ConfUtils.java:logGet(43)) - raft.server.log.use.memory = false (default)
2019-11-14 12:42:00,153 [pool-599-thread-1] INFO  server.RaftServerConfigKeys (ConfUtils.java:logGet(43)) - raft.server.log.purge.gap = 1000000 (custom)
2019-11-14 12:42:00,153 [pool-599-thread-1] INFO  server.RaftServerConfigKeys (ConfUtils.java:logGet(43)) - raft.server.log.appender.buffer.byte-limit = 33554432 (custom)
2019-11-14 12:42:00,153 [pool-599-thread-1] INFO  server.RaftServerConfigKeys (ConfUtils.java:logGet(43)) - raft.server.log.segment.size.max = 1048576 (custom)
2019-11-14 12:42:00,153 [pool-599-thread-1] WARN  impl.MetricRegistriesImpl (MetricRegistriesImpl.java:lambda$create$1(61)) - First MetricRegistry has been created without registering reporters. You may need to call MetricRegistries.global().addReportRegistration(...) before.
2019-11-14 12:42:00,153 [pool-599-thread-1] INFO  server.RaftServerConfigKeys (ConfUtils.java:logGet(43)) - raft.server.log.segment.cache.num.max = 2 (custom)
2019-11-14 12:42:00,153 [pool-599-thread-1] INFO  segmented.SegmentedRaftLogWorker (SegmentedRaftLogWorker.java:<init>(173)) - new 0ff44171-e26a-4ef7-8f26-7a0f9c51011c@group-665A15042453-SegmentedRaftLogWorker for RaftStorage:Storage Directory /workdir/hadoop-ozone/integration-test/target/test-dir/MiniOzoneClusterImpl-00c2d61f-fa45-4119-a3b8-446fff627119/datanode-9/data/ratis/98af25aa-9808-4cd6-b0a8-665a15042453
2019-11-14 12:42:00,153 [pool-599-thread-1] INFO  server.RaftServerConfigKeys (ConfUtils.java:logGet(43)) - raft.server.log.queue.byte-limit = 2147483647 (custom)
2019-11-14 12:42:00,153 [pool-599-thread-1] INFO  server.RaftServerConfigKeys (ConfUtils.java:logGet(43)) - raft.server.log.queue.element-limit = 1024 (custom)
2019-11-14 12:42:00,154 [pool-599-thread-1] INFO  server.RaftServerConfigKeys (ConfUtils.java:logGet(43)) - raft.server.log.segment.size.max = 1048576 (custom)
2019-11-14 12:42:00,154 [pool-599-thread-1] INFO  server.RaftServerConfigKeys (ConfUtils.java:logGet(43)) - raft.server.log.preallocated.size = 16384 (custom)
2019-11-14 12:42:00,154 [pool-599-thread-1] INFO  server.RaftServerConfigKeys (ConfUtils.java:logGet(43)) - raft.server.log.write.buffer.size = 33554432 (custom)
2019-11-14 12:42:00,154 [pool-599-thread-1] INFO  server.RaftServerConfigKeys (ConfUtils.java:logGet(43)) - raft.server.log.force.sync.num = 128 (default)
2019-11-14 12:42:00,154 [pool-599-thread-1] INFO  server.RaftServerConfigKeys (ConfUtils.java:logGet(43)) - raft.server.log.statemachine.data.sync = true (default)
2019-11-14 12:42:00,154 [pool-599-thread-1] INFO  server.RaftServerConfigKeys (ConfUtils.java:logGet(43)) - raft.server.log.statemachine.data.sync.timeout = 10s (default)
2019-11-14 12:42:00,154 [pool-599-thread-1] INFO  server.RaftServerConfigKeys (ConfUtils.java:logGet(43)) - raft.server.log.statemachine.data.sync.timeout.retry = -1 (default)
2019-11-14 12:42:00,154 [pool-599-thread-1] INFO  server.RaftServerConfigKeys (ConfUtils.java:logGet(43)) - raft.server.log.statemachine.data.caching.enabled = true (custom)
2019-11-14 12:42:00,155 [pool-599-thread-1] INFO  segmented.SegmentedRaftLogWorker (SegmentedRaftLogWorker.java:lambda$new$0(128)) - 0ff44171-e26a-4ef7-8f26-7a0f9c51011c@group-665A15042453-SegmentedRaftLogWorker: flushIndex: setUnconditionally 0 -> -1
2019-11-14 12:42:00,155 [pool-599-thread-1] INFO  server.RaftServerConfigKeys (ConfUtils.java:logGet(43)) - raft.server.snapshot.auto.trigger.enabled = true (custom)
2019-11-14 12:42:00,155 [pool-599-thread-1] INFO  server.RaftServerConfigKeys (ConfUtils.java:logGet(43)) - raft.server.snapshot.auto.trigger.threshold = 10000 (custom)
2019-11-14 12:42:00,155 [pool-599-thread-1] INFO  server.RaftServerConfigKeys (ConfUtils.java:logGet(43)) - raft.server.snapshot.retention.file.num = 5 (custom)
2019-11-14 12:42:00,155 [pool-599-thread-1] INFO  server.RaftServerConfigKeys (ConfUtils.java:logGet(43)) - raft.server.retrycache.expirytime = 600000ms (custom)
2019-11-14 12:42:00,156 [pool-599-thread-1] WARN  impl.MetricRegistriesImpl (MetricRegistriesImpl.java:lambda$create$1(61)) - First MetricRegistry has been created without registering reporters. You may need to call MetricRegistries.global().addReportRegistration(...) before.
2019-11-14 12:42:00,156 [pool-599-thread-1] WARN  impl.MetricRegistriesImpl (MetricRegistriesImpl.java:lambda$create$1(61)) - First MetricRegistry has been created without registering reporters. You may need to call MetricRegistries.global().addReportRegistration(...) before.
2019-11-14 12:42:00,156 [pool-599-thread-1] INFO  impl.RaftServerImpl (RaftServerImpl.java:start(184)) - 0ff44171-e26a-4ef7-8f26-7a0f9c51011c@group-665A15042453: start as a follower, conf=-1: [0ff44171-e26a-4ef7-8f26-7a0f9c51011c:192.168.34.21:43866], old=null
2019-11-14 12:42:00,156 [pool-599-thread-1] INFO  impl.RaftServerImpl (RaftServerImpl.java:setRole(173)) - 0ff44171-e26a-4ef7-8f26-7a0f9c51011c@group-665A15042453: changes role from      null to FOLLOWER at term 0 for startAsFollower
2019-11-14 12:42:00,156 [pool-599-thread-1] INFO  impl.RoleInfo (RoleInfo.java:updateAndGet(143)) - 0ff44171-e26a-4ef7-8f26-7a0f9c51011c: start FollowerState
2019-11-14 12:42:00,156 [pool-599-thread-1] INFO  util.JmxRegister (JmxRegister.java:tryRegister(44)) - Successfully registered JMX Bean with object name Ratis:service=RaftServer,group=group-665A15042453,id=0ff44171-e26a-4ef7-8f26-7a0f9c51011c
2019-11-14 12:42:00,157 [pool-599-thread-1] WARN  impl.MetricRegistriesImpl (MetricRegistriesImpl.java:lambda$create$1(61)) - First MetricRegistry has been created without registering reporters. You may need to call MetricRegistries.global().addReportRegistration(...) before.
2019-11-14 12:42:00,159 [RatisPipelineUtilsThread] INFO  pipeline.PipelineStateManager (PipelineStateManager.java:addPipeline(55)) - Created pipeline Pipeline[ Id: 98af25aa-9808-4cd6-b0a8-665a15042453, Nodes: 0ff44171-e26a-4ef7-8f26-7a0f9c51011c{ip: 192.168.34.21, host: pr-hdds-2481-nxhrh-893604966, networkLocation: /rack1, certSerialId: null}, Type:RATIS, Factor:ONE, State:ALLOCATED]
2019-11-14 12:42:00,169 [grpc-default-executor-1] INFO  impl.RaftServerProxy (RaftServerProxy.java:addNew(89)) - c6685414-dbf7-4d5a-a965-a6338d016232: addNew group-A20926BC2C3F:[e0c88643-1b24-4b90-b706-4d063724ebcc:192.168.34.21:42559, 29b985cf-35b3-45a0-92a5-99fa8b812c1b:192.168.34.21:41805, c6685414-dbf7-4d5a-a965-a6338d016232:192.168.34.21:36095] returns group-A20926BC2C3F:java.util.concurrent.CompletableFuture@7ba8c1e2[Not completed]
2019-11-14 12:42:00,169 [grpc-default-executor-7] INFO  impl.RaftServerProxy (RaftServerProxy.java:addNew(89)) - 29b985cf-35b3-45a0-92a5-99fa8b812c1b: addNew group-A20926BC2C3F:[e0c88643-1b24-4b90-b706-4d063724ebcc:192.168.34.21:42559, 29b985cf-35b3-45a0-92a5-99fa8b812c1b:192.168.34.21:41805, c6685414-dbf7-4d5a-a965-a6338d016232:192.168.34.21:36095] returns group-A20926BC2C3F:java.util.concurrent.CompletableFuture@4857f693[Not completed]
2019-11-14 12:42:00,169 [grpc-default-executor-5] INFO  impl.RaftServerProxy (RaftServerProxy.java:addNew(89)) - e0c88643-1b24-4b90-b706-4d063724ebcc: addNew group-A20926BC2C3F:[e0c88643-1b24-4b90-b706-4d063724ebcc:192.168.34.21:42559, 29b985cf-35b3-45a0-92a5-99fa8b812c1b:192.168.34.21:41805, c6685414-dbf7-4d5a-a965-a6338d016232:192.168.34.21:36095] returns group-A20926BC2C3F:java.util.concurrent.CompletableFuture@5b4f69ca[Not completed]
2019-11-14 12:42:00,170 [pool-549-thread-1] INFO  impl.RaftServerImpl (RaftServerImpl.java:<init>(98)) - e0c88643-1b24-4b90-b706-4d063724ebcc: new RaftServerImpl for group-A20926BC2C3F:[e0c88643-1b24-4b90-b706-4d063724ebcc:192.168.34.21:42559, 29b985cf-35b3-45a0-92a5-99fa8b812c1b:192.168.34.21:41805, c6685414-dbf7-4d5a-a965-a6338d016232:192.168.34.21:36095] with ContainerStateMachine:uninitialized
2019-11-14 12:42:00,170 [pool-549-thread-1] INFO  server.RaftServerConfigKeys (ConfUtils.java:logGet(43)) - raft.server.rpc.timeout.min = 1s (custom)
2019-11-14 12:42:00,170 [pool-549-thread-1] INFO  server.RaftServerConfigKeys (ConfUtils.java:logGet(43)) - raft.server.rpc.timeout.max = 1200ms (custom)
2019-11-14 12:42:00,170 [pool-549-thread-1] INFO  server.RaftServerConfigKeys (ConfUtils.java:logGet(43)) - raft.server.rpcslowness.timeout = 120s (custom)
2019-11-14 12:42:00,170 [pool-549-thread-1] INFO  server.RaftServerConfigKeys (ConfUtils.java:logGet(43)) - raft.server.sleep.deviation.threshold = 300 (default)
2019-11-14 12:42:00,170 [pool-549-thread-1] INFO  server.RaftServerConfigKeys (ConfUtils.java:logGet(43)) - raft.server.log.appender.install.snapshot.enabled = false (custom)
2019-11-14 12:42:00,170 [pool-549-thread-1] INFO  impl.RaftServerImpl (ServerState.java:<init>(103)) - e0c88643-1b24-4b90-b706-4d063724ebcc@group-A20926BC2C3F: ConfigurationManager, init=-1: [e0c88643-1b24-4b90-b706-4d063724ebcc:192.168.34.21:42559, 29b985cf-35b3-45a0-92a5-99fa8b812c1b:192.168.34.21:41805, c6685414-dbf7-4d5a-a965-a6338d016232:192.168.34.21:36095], old=null, confs=<EMPTY_MAP>
2019-11-14 12:42:00,171 [pool-549-thread-1] INFO  server.RaftServerConfigKeys (ConfUtils.java:logGet(43)) - raft.server.storage.dir = [/workdir/hadoop-ozone/integration-test/target/test-dir/MiniOzoneClusterImpl-00c2d61f-fa45-4119-a3b8-446fff627119/datanode-4/data/ratis] (custom)
2019-11-14 12:42:00,171 [pool-559-thread-1] INFO  impl.RaftServerImpl (RaftServerImpl.java:<init>(98)) - c6685414-dbf7-4d5a-a965-a6338d016232: new RaftServerImpl for group-A20926BC2C3F:[e0c88643-1b24-4b90-b706-4d063724ebcc:192.168.34.21:42559, 29b985cf-35b3-45a0-92a5-99fa8b812c1b:192.168.34.21:41805, c6685414-dbf7-4d5a-a965-a6338d016232:192.168.34.21:36095] with ContainerStateMachine:uninitialized
2019-11-14 12:42:00,171 [pool-549-thread-1] INFO  server.RaftServerConfigKeys (ConfUtils.java:logGet(43)) - raft.server.log.corruption.policy = EXCEPTION (default)
2019-11-14 12:42:00,171 [pool-559-thread-1] INFO  server.RaftServerConfigKeys (ConfUtils.java:logGet(43)) - raft.server.rpc.timeout.min = 1s (custom)
2019-11-14 12:42:00,171 [pool-569-thread-1] INFO  impl.RaftServerImpl (RaftServerImpl.java:<init>(98)) - 29b985cf-35b3-45a0-92a5-99fa8b812c1b: new RaftServerImpl for group-A20926BC2C3F:[e0c88643-1b24-4b90-b706-4d063724ebcc:192.168.34.21:42559, 29b985cf-35b3-45a0-92a5-99fa8b812c1b:192.168.34.21:41805, c6685414-dbf7-4d5a-a965-a6338d016232:192.168.34.21:36095] with ContainerStateMachine:uninitialized
2019-11-14 12:42:00,171 [pool-549-thread-1] INFO  storage.RaftStorageDirectory (RaftStorageDirectory.java:analyzeStorage(246)) - The storage directory /workdir/hadoop-ozone/integration-test/target/test-dir/MiniOzoneClusterImpl-00c2d61f-fa45-4119-a3b8-446fff627119/datanode-4/data/ratis/429fe793-f00c-4a17-a53d-a20926bc2c3f does not exist. Creating ...
2019-11-14 12:42:00,171 [pool-569-thread-1] INFO  server.RaftServerConfigKeys (ConfUtils.java:logGet(43)) - raft.server.rpc.timeout.min = 1s (custom)
2019-11-14 12:42:00,171 [pool-559-thread-1] INFO  server.RaftServerConfigKeys (ConfUtils.java:logGet(43)) - raft.server.rpc.timeout.max = 1200ms (custom)
2019-11-14 12:42:00,171 [pool-569-thread-1] INFO  server.RaftServerConfigKeys (ConfUtils.java:logGet(43)) - raft.server.rpc.timeout.max = 1200ms (custom)
2019-11-14 12:42:00,172 [pool-569-thread-1] INFO  server.RaftServerConfigKeys (ConfUtils.java:logGet(43)) - raft.server.rpcslowness.timeout = 120s (custom)
2019-11-14 12:42:00,172 [pool-559-thread-1] INFO  server.RaftServerConfigKeys (ConfUtils.java:logGet(43)) - raft.server.rpcslowness.timeout = 120s (custom)
2019-11-14 12:42:00,172 [pool-569-thread-1] INFO  server.RaftServerConfigKeys (ConfUtils.java:logGet(43)) - raft.server.sleep.deviation.threshold = 300 (default)
2019-11-14 12:42:00,172 [pool-559-thread-1] INFO  server.RaftServerConfigKeys (ConfUtils.java:logGet(43)) - raft.server.sleep.deviation.threshold = 300 (default)
2019-11-14 12:42:00,172 [pool-569-thread-1] INFO  server.RaftServerConfigKeys (ConfUtils.java:logGet(43)) - raft.server.log.appender.install.snapshot.enabled = false (custom)
2019-11-14 12:42:00,172 [pool-559-thread-1] INFO  server.RaftServerConfigKeys (ConfUtils.java:logGet(43)) - raft.server.log.appender.install.snapshot.enabled = false (custom)
2019-11-14 12:42:00,172 [pool-569-thread-1] INFO  impl.RaftServerImpl (ServerState.java:<init>(103)) - 29b985cf-35b3-45a0-92a5-99fa8b812c1b@group-A20926BC2C3F: ConfigurationManager, init=-1: [e0c88643-1b24-4b90-b706-4d063724ebcc:192.168.34.21:42559, 29b985cf-35b3-45a0-92a5-99fa8b812c1b:192.168.34.21:41805, c6685414-dbf7-4d5a-a965-a6338d016232:192.168.34.21:36095], old=null, confs=<EMPTY_MAP>
2019-11-14 12:42:00,172 [pool-559-thread-1] INFO  impl.RaftServerImpl (ServerState.java:<init>(103)) - c6685414-dbf7-4d5a-a965-a6338d016232@group-A20926BC2C3F: ConfigurationManager, init=-1: [e0c88643-1b24-4b90-b706-4d063724ebcc:192.168.34.21:42559, 29b985cf-35b3-45a0-92a5-99fa8b812c1b:192.168.34.21:41805, c6685414-dbf7-4d5a-a965-a6338d016232:192.168.34.21:36095], old=null, confs=<EMPTY_MAP>
2019-11-14 12:42:00,172 [pool-569-thread-1] INFO  server.RaftServerConfigKeys (ConfUtils.java:logGet(43)) - raft.server.storage.dir = [/workdir/hadoop-ozone/integration-test/target/test-dir/MiniOzoneClusterImpl-00c2d61f-fa45-4119-a3b8-446fff627119/datanode-6/data/ratis] (custom)
2019-11-14 12:42:00,173 [pool-559-thread-1] INFO  server.RaftServerConfigKeys (ConfUtils.java:logGet(43)) - raft.server.storage.dir = [/workdir/hadoop-ozone/integration-test/target/test-dir/MiniOzoneClusterImpl-00c2d61f-fa45-4119-a3b8-446fff627119/datanode-5/data/ratis] (custom)
2019-11-14 12:42:00,173 [pool-569-thread-1] INFO  server.RaftServerConfigKeys (ConfUtils.java:logGet(43)) - raft.server.log.corruption.policy = EXCEPTION (default)
2019-11-14 12:42:00,173 [pool-569-thread-1] INFO  storage.RaftStorageDirectory (RaftStorageDirectory.java:analyzeStorage(246)) - The storage directory /workdir/hadoop-ozone/integration-test/target/test-dir/MiniOzoneClusterImpl-00c2d61f-fa45-4119-a3b8-446fff627119/datanode-6/data/ratis/429fe793-f00c-4a17-a53d-a20926bc2c3f does not exist. Creating ...
2019-11-14 12:42:00,173 [pool-559-thread-1] INFO  server.RaftServerConfigKeys (ConfUtils.java:logGet(43)) - raft.server.log.corruption.policy = EXCEPTION (default)
2019-11-14 12:42:00,173 [pool-559-thread-1] INFO  storage.RaftStorageDirectory (RaftStorageDirectory.java:analyzeStorage(246)) - The storage directory /workdir/hadoop-ozone/integration-test/target/test-dir/MiniOzoneClusterImpl-00c2d61f-fa45-4119-a3b8-446fff627119/datanode-5/data/ratis/429fe793-f00c-4a17-a53d-a20926bc2c3f does not exist. Creating ...
2019-11-14 12:42:00,196 [pool-569-thread-1] INFO  storage.RaftStorageDirectory (RaftStorageDirectory.java:tryLock(328)) - Lock on /workdir/hadoop-ozone/integration-test/target/test-dir/MiniOzoneClusterImpl-00c2d61f-fa45-4119-a3b8-446fff627119/datanode-6/data/ratis/429fe793-f00c-4a17-a53d-a20926bc2c3f/in_use.lock acquired by nodename 27294@pr-hdds-2481-nxhrh-893604966
2019-11-14 12:42:00,196 [pool-549-thread-1] INFO  storage.RaftStorageDirectory (RaftStorageDirectory.java:tryLock(328)) - Lock on /workdir/hadoop-ozone/integration-test/target/test-dir/MiniOzoneClusterImpl-00c2d61f-fa45-4119-a3b8-446fff627119/datanode-4/data/ratis/429fe793-f00c-4a17-a53d-a20926bc2c3f/in_use.lock acquired by nodename 27294@pr-hdds-2481-nxhrh-893604966
2019-11-14 12:42:00,196 [pool-559-thread-1] INFO  storage.RaftStorageDirectory (RaftStorageDirectory.java:tryLock(328)) - Lock on /workdir/hadoop-ozone/integration-test/target/test-dir/MiniOzoneClusterImpl-00c2d61f-fa45-4119-a3b8-446fff627119/datanode-5/data/ratis/429fe793-f00c-4a17-a53d-a20926bc2c3f/in_use.lock acquired by nodename 27294@pr-hdds-2481-nxhrh-893604966
2019-11-14 12:42:00,222 [pool-549-thread-1] INFO  storage.RaftStorage (RaftStorage.java:format(84)) - Storage directory /workdir/hadoop-ozone/integration-test/target/test-dir/MiniOzoneClusterImpl-00c2d61f-fa45-4119-a3b8-446fff627119/datanode-4/data/ratis/429fe793-f00c-4a17-a53d-a20926bc2c3f has been successfully formatted.
2019-11-14 12:42:00,222 [pool-569-thread-1] INFO  storage.RaftStorage (RaftStorage.java:format(84)) - Storage directory /workdir/hadoop-ozone/integration-test/target/test-dir/MiniOzoneClusterImpl-00c2d61f-fa45-4119-a3b8-446fff627119/datanode-6/data/ratis/429fe793-f00c-4a17-a53d-a20926bc2c3f has been successfully formatted.
2019-11-14 12:42:00,222 [pool-549-thread-1] INFO  ratis.ContainerStateMachine (ContainerStateMachine.java:loadSnapshot(223)) - group-A20926BC2C3F: The snapshot info is null. Setting the last applied indexto:(t:0, i:~)
2019-11-14 12:42:00,222 [pool-559-thread-1] INFO  storage.RaftStorage (RaftStorage.java:format(84)) - Storage directory /workdir/hadoop-ozone/integration-test/target/test-dir/MiniOzoneClusterImpl-00c2d61f-fa45-4119-a3b8-446fff627119/datanode-5/data/ratis/429fe793-f00c-4a17-a53d-a20926bc2c3f has been successfully formatted.
2019-11-14 12:42:00,222 [pool-549-thread-1] INFO  server.RaftServerConfigKeys (ConfUtils.java:logGet(43)) - raft.server.notification.no-leader.timeout = 120s (custom)
2019-11-14 12:42:00,222 [pool-569-thread-1] INFO  ratis.ContainerStateMachine (ContainerStateMachine.java:loadSnapshot(223)) - group-A20926BC2C3F: The snapshot info is null. Setting the last applied indexto:(t:0, i:~)
2019-11-14 12:42:00,222 [pool-559-thread-1] INFO  ratis.ContainerStateMachine (ContainerStateMachine.java:loadSnapshot(223)) - group-A20926BC2C3F: The snapshot info is null. Setting the last applied indexto:(t:0, i:~)
2019-11-14 12:42:00,222 [pool-549-thread-1] INFO  server.RaftServerConfigKeys (ConfUtils.java:logGet(43)) - raft.server.log.use.memory = false (default)
2019-11-14 12:42:00,223 [pool-559-thread-1] INFO  server.RaftServerConfigKeys (ConfUtils.java:logGet(43)) - raft.server.notification.no-leader.timeout = 120s (custom)
2019-11-14 12:42:00,223 [pool-569-thread-1] INFO  server.RaftServerConfigKeys (ConfUtils.java:logGet(43)) - raft.server.notification.no-leader.timeout = 120s (custom)
2019-11-14 12:42:00,223 [pool-559-thread-1] INFO  server.RaftServerConfigKeys (ConfUtils.java:logGet(43)) - raft.server.log.use.memory = false (default)
2019-11-14 12:42:00,223 [pool-549-thread-1] INFO  server.RaftServerConfigKeys (ConfUtils.java:logGet(43)) - raft.server.log.purge.gap = 1000000 (custom)
2019-11-14 12:42:00,223 [pool-559-thread-1] INFO  server.RaftServerConfigKeys (ConfUtils.java:logGet(43)) - raft.server.log.purge.gap = 1000000 (custom)
2019-11-14 12:42:00,223 [pool-569-thread-1] INFO  server.RaftServerConfigKeys (ConfUtils.java:logGet(43)) - raft.server.log.use.memory = false (default)
2019-11-14 12:42:00,224 [pool-559-thread-1] INFO  server.RaftServerConfigKeys (ConfUtils.java:logGet(43)) - raft.server.log.appender.buffer.byte-limit = 33554432 (custom)
2019-11-14 12:42:00,223 [pool-549-thread-1] INFO  server.RaftServerConfigKeys (ConfUtils.java:logGet(43)) - raft.server.log.appender.buffer.byte-limit = 33554432 (custom)
2019-11-14 12:42:00,224 [pool-559-thread-1] INFO  server.RaftServerConfigKeys (ConfUtils.java:logGet(43)) - raft.server.log.segment.size.max = 1048576 (custom)
2019-11-14 12:42:00,224 [pool-569-thread-1] INFO  server.RaftServerConfigKeys (ConfUtils.java:logGet(43)) - raft.server.log.purge.gap = 1000000 (custom)
2019-11-14 12:42:00,224 [pool-559-thread-1] INFO  server.RaftServerConfigKeys (ConfUtils.java:logGet(43)) - raft.server.log.segment.cache.num.max = 2 (custom)
2019-11-14 12:42:00,224 [pool-549-thread-1] INFO  server.RaftServerConfigKeys (ConfUtils.java:logGet(43)) - raft.server.log.segment.size.max = 1048576 (custom)
2019-11-14 12:42:00,224 [pool-559-thread-1] INFO  segmented.SegmentedRaftLogWorker (SegmentedRaftLogWorker.java:<init>(173)) - new c6685414-dbf7-4d5a-a965-a6338d016232@group-A20926BC2C3F-SegmentedRaftLogWorker for RaftStorage:Storage Directory /workdir/hadoop-ozone/integration-test/target/test-dir/MiniOzoneClusterImpl-00c2d61f-fa45-4119-a3b8-446fff627119/datanode-5/data/ratis/429fe793-f00c-4a17-a53d-a20926bc2c3f
2019-11-14 12:42:00,224 [pool-569-thread-1] INFO  server.RaftServerConfigKeys (ConfUtils.java:logGet(43)) - raft.server.log.appender.buffer.byte-limit = 33554432 (custom)
2019-11-14 12:42:00,225 [pool-559-thread-1] INFO  server.RaftServerConfigKeys (ConfUtils.java:logGet(43)) - raft.server.log.queue.byte-limit = 2147483647 (custom)
2019-11-14 12:42:00,225 [pool-559-thread-1] INFO  server.RaftServerConfigKeys (ConfUtils.java:logGet(43)) - raft.server.log.queue.element-limit = 1024 (custom)
2019-11-14 12:42:00,224 [pool-549-thread-1] INFO  server.RaftServerConfigKeys (ConfUtils.java:logGet(43)) - raft.server.log.segment.cache.num.max = 2 (custom)
2019-11-14 12:42:00,225 [pool-559-thread-1] INFO  server.RaftServerConfigKeys (ConfUtils.java:logGet(43)) - raft.server.log.segment.size.max = 1048576 (custom)
2019-11-14 12:42:00,225 [pool-569-thread-1] INFO  server.RaftServerConfigKeys (ConfUtils.java:logGet(43)) - raft.server.log.segment.size.max = 1048576 (custom)
2019-11-14 12:42:00,225 [pool-559-thread-1] INFO  server.RaftServerConfigKeys (ConfUtils.java:logGet(43)) - raft.server.log.preallocated.size = 16384 (custom)
2019-11-14 12:42:00,225 [pool-549-thread-1] INFO  segmented.SegmentedRaftLogWorker (SegmentedRaftLogWorker.java:<init>(173)) - new e0c88643-1b24-4b90-b706-4d063724ebcc@group-A20926BC2C3F-SegmentedRaftLogWorker for RaftStorage:Storage Directory /workdir/hadoop-ozone/integration-test/target/test-dir/MiniOzoneClusterImpl-00c2d61f-fa45-4119-a3b8-446fff627119/datanode-4/data/ratis/429fe793-f00c-4a17-a53d-a20926bc2c3f
2019-11-14 12:42:00,225 [pool-559-thread-1] INFO  server.RaftServerConfigKeys (ConfUtils.java:logGet(43)) - raft.server.log.write.buffer.size = 33554432 (custom)
2019-11-14 12:42:00,226 [pool-559-thread-1] INFO  server.RaftServerConfigKeys (ConfUtils.java:logGet(43)) - raft.server.log.force.sync.num = 128 (default)
2019-11-14 12:42:00,225 [pool-569-thread-1] INFO  server.RaftServerConfigKeys (ConfUtils.java:logGet(43)) - raft.server.log.segment.cache.num.max = 2 (custom)
2019-11-14 12:42:00,226 [pool-559-thread-1] INFO  server.RaftServerConfigKeys (ConfUtils.java:logGet(43)) - raft.server.log.statemachine.data.sync = true (default)
2019-11-14 12:42:00,226 [pool-549-thread-1] INFO  server.RaftServerConfigKeys (ConfUtils.java:logGet(43)) - raft.server.log.queue.byte-limit = 2147483647 (custom)
2019-11-14 12:42:00,226 [pool-559-thread-1] INFO  server.RaftServerConfigKeys (ConfUtils.java:logGet(43)) - raft.server.log.statemachine.data.sync.timeout = 10s (default)
2019-11-14 12:42:00,226 [pool-569-thread-1] INFO  segmented.SegmentedRaftLogWorker (SegmentedRaftLogWorker.java:<init>(173)) - new 29b985cf-35b3-45a0-92a5-99fa8b812c1b@group-A20926BC2C3F-SegmentedRaftLogWorker for RaftStorage:Storage Directory /workdir/hadoop-ozone/integration-test/target/test-dir/MiniOzoneClusterImpl-00c2d61f-fa45-4119-a3b8-446fff627119/datanode-6/data/ratis/429fe793-f00c-4a17-a53d-a20926bc2c3f
2019-11-14 12:42:00,226 [pool-559-thread-1] INFO  server.RaftServerConfigKeys (ConfUtils.java:logGet(43)) - raft.server.log.statemachine.data.sync.timeout.retry = -1 (default)
2019-11-14 12:42:00,226 [pool-549-thread-1] INFO  server.RaftServerConfigKeys (ConfUtils.java:logGet(43)) - raft.server.log.queue.element-limit = 1024 (custom)
2019-11-14 12:42:00,227 [pool-559-thread-1] INFO  server.RaftServerConfigKeys (ConfUtils.java:logGet(43)) - raft.server.log.statemachine.data.caching.enabled = true (custom)
2019-11-14 12:42:00,226 [pool-569-thread-1] INFO  server.RaftServerConfigKeys (ConfUtils.java:logGet(43)) - raft.server.log.queue.byte-limit = 2147483647 (custom)
2019-11-14 12:42:00,227 [pool-549-thread-1] INFO  server.RaftServerConfigKeys (ConfUtils.java:logGet(43)) - raft.server.log.segment.size.max = 1048576 (custom)
2019-11-14 12:42:00,227 [pool-559-thread-1] INFO  segmented.SegmentedRaftLogWorker (SegmentedRaftLogWorker.java:lambda$new$0(128)) - c6685414-dbf7-4d5a-a965-a6338d016232@group-A20926BC2C3F-SegmentedRaftLogWorker: flushIndex: setUnconditionally 0 -> -1
2019-11-14 12:42:00,227 [pool-569-thread-1] INFO  server.RaftServerConfigKeys (ConfUtils.java:logGet(43)) - raft.server.log.queue.element-limit = 1024 (custom)
2019-11-14 12:42:00,227 [pool-549-thread-1] INFO  server.RaftServerConfigKeys (ConfUtils.java:logGet(43)) - raft.server.log.preallocated.size = 16384 (custom)
2019-11-14 12:42:00,227 [pool-569-thread-1] INFO  server.RaftServerConfigKeys (ConfUtils.java:logGet(43)) - raft.server.log.segment.size.max = 1048576 (custom)
2019-11-14 12:42:00,227 [pool-559-thread-1] INFO  server.RaftServerConfigKeys (ConfUtils.java:logGet(43)) - raft.server.snapshot.auto.trigger.enabled = true (custom)
2019-11-14 12:42:00,228 [pool-569-thread-1] INFO  server.RaftServerConfigKeys (ConfUtils.java:logGet(43)) - raft.server.log.preallocated.size = 16384 (custom)
2019-11-14 12:42:00,227 [pool-549-thread-1] INFO  server.RaftServerConfigKeys (ConfUtils.java:logGet(43)) - raft.server.log.write.buffer.size = 33554432 (custom)
2019-11-14 12:42:00,228 [pool-569-thread-1] INFO  server.RaftServerConfigKeys (ConfUtils.java:logGet(43)) - raft.server.log.write.buffer.size = 33554432 (custom)
2019-11-14 12:42:00,228 [pool-559-thread-1] INFO  server.RaftServerConfigKeys (ConfUtils.java:logGet(43)) - raft.server.snapshot.auto.trigger.threshold = 10000 (custom)
2019-11-14 12:42:00,228 [pool-569-thread-1] INFO  server.RaftServerConfigKeys (ConfUtils.java:logGet(43)) - raft.server.log.force.sync.num = 128 (default)
2019-11-14 12:42:00,228 [pool-549-thread-1] INFO  server.RaftServerConfigKeys (ConfUtils.java:logGet(43)) - raft.server.log.force.sync.num = 128 (default)
2019-11-14 12:42:00,228 [pool-569-thread-1] INFO  server.RaftServerConfigKeys (ConfUtils.java:logGet(43)) - raft.server.log.statemachine.data.sync = true (default)
2019-11-14 12:42:00,228 [pool-559-thread-1] INFO  server.RaftServerConfigKeys (ConfUtils.java:logGet(43)) - raft.server.snapshot.retention.file.num = 5 (custom)
2019-11-14 12:42:00,229 [pool-569-thread-1] INFO  server.RaftServerConfigKeys (ConfUtils.java:logGet(43)) - raft.server.log.statemachine.data.sync.timeout = 10s (default)
2019-11-14 12:42:00,229 [pool-549-thread-1] INFO  server.RaftServerConfigKeys (ConfUtils.java:logGet(43)) - raft.server.log.statemachine.data.sync = true (default)
2019-11-14 12:42:00,229 [pool-569-thread-1] INFO  server.RaftServerConfigKeys (ConfUtils.java:logGet(43)) - raft.server.log.statemachine.data.sync.timeout.retry = -1 (default)
2019-11-14 12:42:00,229 [pool-559-thread-1] INFO  server.RaftServerConfigKeys (ConfUtils.java:logGet(43)) - raft.server.retrycache.expirytime = 600000ms (custom)
2019-11-14 12:42:00,229 [pool-569-thread-1] INFO  server.RaftServerConfigKeys (ConfUtils.java:logGet(43)) - raft.server.log.statemachine.data.caching.enabled = true (custom)
2019-11-14 12:42:00,229 [pool-549-thread-1] INFO  server.RaftServerConfigKeys (ConfUtils.java:logGet(43)) - raft.server.log.statemachine.data.sync.timeout = 10s (default)
2019-11-14 12:42:00,230 [pool-569-thread-1] INFO  segmented.SegmentedRaftLogWorker (SegmentedRaftLogWorker.java:lambda$new$0(128)) - 29b985cf-35b3-45a0-92a5-99fa8b812c1b@group-A20926BC2C3F-SegmentedRaftLogWorker: flushIndex: setUnconditionally 0 -> -1
2019-11-14 12:42:00,229 [pool-559-thread-1] WARN  impl.MetricRegistriesImpl (MetricRegistriesImpl.java:lambda$create$1(61)) - First MetricRegistry has been created without registering reporters. You may need to call MetricRegistries.global().addReportRegistration(...) before.
2019-11-14 12:42:00,230 [pool-569-thread-1] INFO  server.RaftServerConfigKeys (ConfUtils.java:logGet(43)) - raft.server.snapshot.auto.trigger.enabled = true (custom)
2019-11-14 12:42:00,230 [pool-549-thread-1] INFO  server.RaftServerConfigKeys (ConfUtils.java:logGet(43)) - raft.server.log.statemachine.data.sync.timeout.retry = -1 (default)
2019-11-14 12:42:00,230 [pool-569-thread-1] INFO  server.RaftServerConfigKeys (ConfUtils.java:logGet(43)) - raft.server.snapshot.auto.trigger.threshold = 10000 (custom)
2019-11-14 12:42:00,230 [pool-559-thread-1] WARN  impl.MetricRegistriesImpl (MetricRegistriesImpl.java:lambda$create$1(61)) - First MetricRegistry has been created without registering reporters. You may need to call MetricRegistries.global().addReportRegistration(...) before.
2019-11-14 12:42:00,230 [pool-569-thread-1] INFO  server.RaftServerConfigKeys (ConfUtils.java:logGet(43)) - raft.server.snapshot.retention.file.num = 5 (custom)
2019-11-14 12:42:00,231 [pool-559-thread-1] INFO  impl.RaftServerImpl (RaftServerImpl.java:start(184)) - c6685414-dbf7-4d5a-a965-a6338d016232@group-A20926BC2C3F: start as a follower, conf=-1: [e0c88643-1b24-4b90-b706-4d063724ebcc:192.168.34.21:42559, 29b985cf-35b3-45a0-92a5-99fa8b812c1b:192.168.34.21:41805, c6685414-dbf7-4d5a-a965-a6338d016232:192.168.34.21:36095], old=null
2019-11-14 12:42:00,230 [pool-549-thread-1] INFO  server.RaftServerConfigKeys (ConfUtils.java:logGet(43)) - raft.server.log.statemachine.data.caching.enabled = true (custom)
2019-11-14 12:42:00,231 [pool-559-thread-1] INFO  impl.RaftServerImpl (RaftServerImpl.java:setRole(173)) - c6685414-dbf7-4d5a-a965-a6338d016232@group-A20926BC2C3F: changes role from      null to FOLLOWER at term 0 for startAsFollower
2019-11-14 12:42:00,231 [pool-569-thread-1] INFO  server.RaftServerConfigKeys (ConfUtils.java:logGet(43)) - raft.server.retrycache.expirytime = 600000ms (custom)
2019-11-14 12:42:00,231 [pool-559-thread-1] INFO  impl.RoleInfo (RoleInfo.java:updateAndGet(143)) - c6685414-dbf7-4d5a-a965-a6338d016232: start FollowerState
2019-11-14 12:42:00,231 [pool-549-thread-1] INFO  segmented.SegmentedRaftLogWorker (SegmentedRaftLogWorker.java:lambda$new$0(128)) - e0c88643-1b24-4b90-b706-4d063724ebcc@group-A20926BC2C3F-SegmentedRaftLogWorker: flushIndex: setUnconditionally 0 -> -1
2019-11-14 12:42:00,231 [pool-569-thread-1] WARN  impl.MetricRegistriesImpl (MetricRegistriesImpl.java:lambda$create$1(61)) - First MetricRegistry has been created without registering reporters. You may need to call MetricRegistries.global().addReportRegistration(...) before.
2019-11-14 12:42:00,232 [pool-569-thread-1] WARN  impl.MetricRegistriesImpl (MetricRegistriesImpl.java:lambda$create$1(61)) - First MetricRegistry has been created without registering reporters. You may need to call MetricRegistries.global().addReportRegistration(...) before.
2019-11-14 12:42:00,232 [pool-559-thread-1] INFO  util.JmxRegister (JmxRegister.java:tryRegister(44)) - Successfully registered JMX Bean with object name Ratis:service=RaftServer,group=group-A20926BC2C3F,id=c6685414-dbf7-4d5a-a965-a6338d016232
2019-11-14 12:42:00,232 [pool-569-thread-1] INFO  impl.RaftServerImpl (RaftServerImpl.java:start(184)) - 29b985cf-35b3-45a0-92a5-99fa8b812c1b@group-A20926BC2C3F: start as a follower, conf=-1: [e0c88643-1b24-4b90-b706-4d063724ebcc:192.168.34.21:42559, 29b985cf-35b3-45a0-92a5-99fa8b812c1b:192.168.34.21:41805, c6685414-dbf7-4d5a-a965-a6338d016232:192.168.34.21:36095], old=null
2019-11-14 12:42:00,232 [pool-549-thread-1] INFO  server.RaftServerConfigKeys (ConfUtils.java:logGet(43)) - raft.server.snapshot.auto.trigger.enabled = true (custom)
2019-11-14 12:42:00,232 [pool-569-thread-1] INFO  impl.RaftServerImpl (RaftServerImpl.java:setRole(173)) - 29b985cf-35b3-45a0-92a5-99fa8b812c1b@group-A20926BC2C3F: changes role from      null to FOLLOWER at term 0 for startAsFollower
2019-11-14 12:42:00,232 [pool-559-thread-1] WARN  impl.MetricRegistriesImpl (MetricRegistriesImpl.java:lambda$create$1(61)) - First MetricRegistry has been created without registering reporters. You may need to call MetricRegistries.global().addReportRegistration(...) before.
2019-11-14 12:42:00,232 [pool-569-thread-1] INFO  impl.RoleInfo (RoleInfo.java:updateAndGet(143)) - 29b985cf-35b3-45a0-92a5-99fa8b812c1b: start FollowerState
2019-11-14 12:42:00,232 [pool-549-thread-1] INFO  server.RaftServerConfigKeys (ConfUtils.java:logGet(43)) - raft.server.snapshot.auto.trigger.threshold = 10000 (custom)
2019-11-14 12:42:00,233 [pool-549-thread-1] INFO  server.RaftServerConfigKeys (ConfUtils.java:logGet(43)) - raft.server.snapshot.retention.file.num = 5 (custom)
2019-11-14 12:42:00,233 [pool-569-thread-1] INFO  util.JmxRegister (JmxRegister.java:tryRegister(44)) - Successfully registered JMX Bean with object name Ratis:service=RaftServer,group=group-A20926BC2C3F,id=29b985cf-35b3-45a0-92a5-99fa8b812c1b
2019-11-14 12:42:00,233 [pool-549-thread-1] INFO  server.RaftServerConfigKeys (ConfUtils.java:logGet(43)) - raft.server.retrycache.expirytime = 600000ms (custom)
2019-11-14 12:42:00,233 [pool-569-thread-1] WARN  impl.MetricRegistriesImpl (MetricRegistriesImpl.java:lambda$create$1(61)) - First MetricRegistry has been created without registering reporters. You may need to call MetricRegistries.global().addReportRegistration(...) before.
2019-11-14 12:42:00,233 [pool-549-thread-1] WARN  impl.MetricRegistriesImpl (MetricRegistriesImpl.java:lambda$create$1(61)) - First MetricRegistry has been created without registering reporters. You may need to call MetricRegistries.global().addReportRegistration(...) before.
2019-11-14 12:42:00,233 [pool-549-thread-1] WARN  impl.MetricRegistriesImpl (MetricRegistriesImpl.java:lambda$create$1(61)) - First MetricRegistry has been created without registering reporters. You may need to call MetricRegistries.global().addReportRegistration(...) before.
2019-11-14 12:42:00,234 [pool-549-thread-1] INFO  impl.RaftServerImpl (RaftServerImpl.java:start(184)) - e0c88643-1b24-4b90-b706-4d063724ebcc@group-A20926BC2C3F: start as a follower, conf=-1: [e0c88643-1b24-4b90-b706-4d063724ebcc:192.168.34.21:42559, 29b985cf-35b3-45a0-92a5-99fa8b812c1b:192.168.34.21:41805, c6685414-dbf7-4d5a-a965-a6338d016232:192.168.34.21:36095], old=null
2019-11-14 12:42:00,234 [pool-549-thread-1] INFO  impl.RaftServerImpl (RaftServerImpl.java:setRole(173)) - e0c88643-1b24-4b90-b706-4d063724ebcc@group-A20926BC2C3F: changes role from      null to FOLLOWER at term 0 for startAsFollower
2019-11-14 12:42:00,234 [pool-549-thread-1] INFO  impl.RoleInfo (RoleInfo.java:updateAndGet(143)) - e0c88643-1b24-4b90-b706-4d063724ebcc: start FollowerState
2019-11-14 12:42:00,234 [pool-549-thread-1] INFO  util.JmxRegister (JmxRegister.java:tryRegister(44)) - Successfully registered JMX Bean with object name Ratis:service=RaftServer,group=group-A20926BC2C3F,id=e0c88643-1b24-4b90-b706-4d063724ebcc
2019-11-14 12:42:00,234 [pool-549-thread-1] WARN  impl.MetricRegistriesImpl (MetricRegistriesImpl.java:lambda$create$1(61)) - First MetricRegistry has been created without registering reporters. You may need to call MetricRegistries.global().addReportRegistration(...) before.
2019-11-14 12:42:00,236 [RatisPipelineUtilsThread] INFO  pipeline.PipelineStateManager (PipelineStateManager.java:addPipeline(55)) - Created pipeline Pipeline[ Id: 429fe793-f00c-4a17-a53d-a20926bc2c3f, Nodes: 29b985cf-35b3-45a0-92a5-99fa8b812c1b{ip: 192.168.34.21, host: pr-hdds-2481-nxhrh-893604966, networkLocation: /rack1, certSerialId: null}c6685414-dbf7-4d5a-a965-a6338d016232{ip: 192.168.34.21, host: pr-hdds-2481-nxhrh-893604966, networkLocation: /rack1, certSerialId: null}e0c88643-1b24-4b90-b706-4d063724ebcc{ip: 192.168.34.21, host: pr-hdds-2481-nxhrh-893604966, networkLocation: /rack1, certSerialId: null}, Type:RATIS, Factor:THREE, State:ALLOCATED]
2019-11-14 12:42:00,247 [grpc-default-executor-5] INFO  impl.RaftServerProxy (RaftServerProxy.java:addNew(89)) - 014ed27e-4853-41cc-a50c-9de7527fd6a0: addNew group-9DBB397B468F:[0ff44171-e26a-4ef7-8f26-7a0f9c51011c:192.168.34.21:43866, 014ed27e-4853-41cc-a50c-9de7527fd6a0:192.168.34.21:41029, c5630dbc-d159-4e74-a046-1b52429c3a82:192.168.34.21:34180] returns group-9DBB397B468F:java.util.concurrent.CompletableFuture@17d5c9[Not completed]
2019-11-14 12:42:00,247 [grpc-default-executor-7] INFO  impl.RaftServerProxy (RaftServerProxy.java:addNew(89)) - 0ff44171-e26a-4ef7-8f26-7a0f9c51011c: addNew group-9DBB397B468F:[0ff44171-e26a-4ef7-8f26-7a0f9c51011c:192.168.34.21:43866, 014ed27e-4853-41cc-a50c-9de7527fd6a0:192.168.34.21:41029, c5630dbc-d159-4e74-a046-1b52429c3a82:192.168.34.21:34180] returns group-9DBB397B468F:java.util.concurrent.CompletableFuture@4b08c1c8[Not completed]
2019-11-14 12:42:00,247 [grpc-default-executor-1] INFO  impl.RaftServerProxy (RaftServerProxy.java:addNew(89)) - c5630dbc-d159-4e74-a046-1b52429c3a82: addNew group-9DBB397B468F:[0ff44171-e26a-4ef7-8f26-7a0f9c51011c:192.168.34.21:43866, 014ed27e-4853-41cc-a50c-9de7527fd6a0:192.168.34.21:41029, c5630dbc-d159-4e74-a046-1b52429c3a82:192.168.34.21:34180] returns group-9DBB397B468F:java.util.concurrent.CompletableFuture@40734362[Not completed]
2019-11-14 12:42:00,248 [pool-579-thread-1] INFO  impl.RaftServerImpl (RaftServerImpl.java:<init>(98)) - c5630dbc-d159-4e74-a046-1b52429c3a82: new RaftServerImpl for group-9DBB397B468F:[0ff44171-e26a-4ef7-8f26-7a0f9c51011c:192.168.34.21:43866, 014ed27e-4853-41cc-a50c-9de7527fd6a0:192.168.34.21:41029, c5630dbc-d159-4e74-a046-1b52429c3a82:192.168.34.21:34180] with ContainerStateMachine:uninitialized
2019-11-14 12:42:00,248 [pool-579-thread-1] INFO  server.RaftServerConfigKeys (ConfUtils.java:logGet(43)) - raft.server.rpc.timeout.min = 1s (custom)
2019-11-14 12:42:00,249 [pool-579-thread-1] INFO  server.RaftServerConfigKeys (ConfUtils.java:logGet(43)) - raft.server.rpc.timeout.max = 1200ms (custom)
2019-11-14 12:42:00,249 [pool-579-thread-1] INFO  server.RaftServerConfigKeys (ConfUtils.java:logGet(43)) - raft.server.rpcslowness.timeout = 120s (custom)
2019-11-14 12:42:00,249 [pool-579-thread-1] INFO  server.RaftServerConfigKeys (ConfUtils.java:logGet(43)) - raft.server.sleep.deviation.threshold = 300 (default)
2019-11-14 12:42:00,249 [pool-579-thread-1] INFO  server.RaftServerConfigKeys (ConfUtils.java:logGet(43)) - raft.server.log.appender.install.snapshot.enabled = false (custom)
2019-11-14 12:42:00,249 [pool-579-thread-1] INFO  impl.RaftServerImpl (ServerState.java:<init>(103)) - c5630dbc-d159-4e74-a046-1b52429c3a82@group-9DBB397B468F: ConfigurationManager, init=-1: [0ff44171-e26a-4ef7-8f26-7a0f9c51011c:192.168.34.21:43866, 014ed27e-4853-41cc-a50c-9de7527fd6a0:192.168.34.21:41029, c5630dbc-d159-4e74-a046-1b52429c3a82:192.168.34.21:34180], old=null, confs=<EMPTY_MAP>
2019-11-14 12:42:00,249 [pool-579-thread-1] INFO  server.RaftServerConfigKeys (ConfUtils.java:logGet(43)) - raft.server.storage.dir = [/workdir/hadoop-ozone/integration-test/target/test-dir/MiniOzoneClusterImpl-00c2d61f-fa45-4119-a3b8-446fff627119/datanode-7/data/ratis] (custom)
2019-11-14 12:42:00,249 [pool-599-thread-1] INFO  impl.RaftServerImpl (RaftServerImpl.java:<init>(98)) - 0ff44171-e26a-4ef7-8f26-7a0f9c51011c: new RaftServerImpl for group-9DBB397B468F:[0ff44171-e26a-4ef7-8f26-7a0f9c51011c:192.168.34.21:43866, 014ed27e-4853-41cc-a50c-9de7527fd6a0:192.168.34.21:41029, c5630dbc-d159-4e74-a046-1b52429c3a82:192.168.34.21:34180] with ContainerStateMachine:uninitialized
2019-11-14 12:42:00,249 [pool-579-thread-1] INFO  server.RaftServerConfigKeys (ConfUtils.java:logGet(43)) - raft.server.log.corruption.policy = EXCEPTION (default)
2019-11-14 12:42:00,250 [pool-599-thread-1] INFO  server.RaftServerConfigKeys (ConfUtils.java:logGet(43)) - raft.server.rpc.timeout.min = 1s (custom)
2019-11-14 12:42:00,250 [pool-579-thread-1] INFO  storage.RaftStorageDirectory (RaftStorageDirectory.java:analyzeStorage(246)) - The storage directory /workdir/hadoop-ozone/integration-test/target/test-dir/MiniOzoneClusterImpl-00c2d61f-fa45-4119-a3b8-446fff627119/datanode-7/data/ratis/19654a03-8370-4649-9e69-9dbb397b468f does not exist. Creating ...
2019-11-14 12:42:00,250 [pool-599-thread-1] INFO  server.RaftServerConfigKeys (ConfUtils.java:logGet(43)) - raft.server.rpc.timeout.max = 1200ms (custom)
2019-11-14 12:42:00,250 [pool-599-thread-1] INFO  server.RaftServerConfigKeys (ConfUtils.java:logGet(43)) - raft.server.rpcslowness.timeout = 120s (custom)
2019-11-14 12:42:00,250 [pool-599-thread-1] INFO  server.RaftServerConfigKeys (ConfUtils.java:logGet(43)) - raft.server.sleep.deviation.threshold = 300 (default)
2019-11-14 12:42:00,250 [pool-589-thread-1] INFO  impl.RaftServerImpl (RaftServerImpl.java:<init>(98)) - 014ed27e-4853-41cc-a50c-9de7527fd6a0: new RaftServerImpl for group-9DBB397B468F:[0ff44171-e26a-4ef7-8f26-7a0f9c51011c:192.168.34.21:43866, 014ed27e-4853-41cc-a50c-9de7527fd6a0:192.168.34.21:41029, c5630dbc-d159-4e74-a046-1b52429c3a82:192.168.34.21:34180] with ContainerStateMachine:uninitialized
2019-11-14 12:42:00,250 [pool-599-thread-1] INFO  server.RaftServerConfigKeys (ConfUtils.java:logGet(43)) - raft.server.log.appender.install.snapshot.enabled = false (custom)
2019-11-14 12:42:00,250 [pool-589-thread-1] INFO  server.RaftServerConfigKeys (ConfUtils.java:logGet(43)) - raft.server.rpc.timeout.min = 1s (custom)
2019-11-14 12:42:00,251 [pool-599-thread-1] INFO  impl.RaftServerImpl (ServerState.java:<init>(103)) - 0ff44171-e26a-4ef7-8f26-7a0f9c51011c@group-9DBB397B468F: ConfigurationManager, init=-1: [0ff44171-e26a-4ef7-8f26-7a0f9c51011c:192.168.34.21:43866, 014ed27e-4853-41cc-a50c-9de7527fd6a0:192.168.34.21:41029, c5630dbc-d159-4e74-a046-1b52429c3a82:192.168.34.21:34180], old=null, confs=<EMPTY_MAP>
2019-11-14 12:42:00,251 [pool-589-thread-1] INFO  server.RaftServerConfigKeys (ConfUtils.java:logGet(43)) - raft.server.rpc.timeout.max = 1200ms (custom)
2019-11-14 12:42:00,251 [pool-599-thread-1] INFO  server.RaftServerConfigKeys (ConfUtils.java:logGet(43)) - raft.server.storage.dir = [/workdir/hadoop-ozone/integration-test/target/test-dir/MiniOzoneClusterImpl-00c2d61f-fa45-4119-a3b8-446fff627119/datanode-9/data/ratis] (custom)
2019-11-14 12:42:00,251 [pool-589-thread-1] INFO  server.RaftServerConfigKeys (ConfUtils.java:logGet(43)) - raft.server.rpcslowness.timeout = 120s (custom)
2019-11-14 12:42:00,251 [pool-589-thread-1] INFO  server.RaftServerConfigKeys (ConfUtils.java:logGet(43)) - raft.server.sleep.deviation.threshold = 300 (default)
2019-11-14 12:42:00,251 [pool-599-thread-1] INFO  server.RaftServerConfigKeys (ConfUtils.java:logGet(43)) - raft.server.log.corruption.policy = EXCEPTION (default)
2019-11-14 12:42:00,251 [pool-589-thread-1] INFO  server.RaftServerConfigKeys (ConfUtils.java:logGet(43)) - raft.server.log.appender.install.snapshot.enabled = false (custom)
2019-11-14 12:42:00,251 [pool-599-thread-1] INFO  storage.RaftStorageDirectory (RaftStorageDirectory.java:analyzeStorage(246)) - The storage directory /workdir/hadoop-ozone/integration-test/target/test-dir/MiniOzoneClusterImpl-00c2d61f-fa45-4119-a3b8-446fff627119/datanode-9/data/ratis/19654a03-8370-4649-9e69-9dbb397b468f does not exist. Creating ...
2019-11-14 12:42:00,251 [pool-589-thread-1] INFO  impl.RaftServerImpl (ServerState.java:<init>(103)) - 014ed27e-4853-41cc-a50c-9de7527fd6a0@group-9DBB397B468F: ConfigurationManager, init=-1: [0ff44171-e26a-4ef7-8f26-7a0f9c51011c:192.168.34.21:43866, 014ed27e-4853-41cc-a50c-9de7527fd6a0:192.168.34.21:41029, c5630dbc-d159-4e74-a046-1b52429c3a82:192.168.34.21:34180], old=null, confs=<EMPTY_MAP>
2019-11-14 12:42:00,252 [pool-589-thread-1] INFO  server.RaftServerConfigKeys (ConfUtils.java:logGet(43)) - raft.server.storage.dir = [/workdir/hadoop-ozone/integration-test/target/test-dir/MiniOzoneClusterImpl-00c2d61f-fa45-4119-a3b8-446fff627119/datanode-8/data/ratis] (custom)
2019-11-14 12:42:00,252 [pool-589-thread-1] INFO  server.RaftServerConfigKeys (ConfUtils.java:logGet(43)) - raft.server.log.corruption.policy = EXCEPTION (default)
2019-11-14 12:42:00,252 [pool-589-thread-1] INFO  storage.RaftStorageDirectory (RaftStorageDirectory.java:analyzeStorage(246)) - The storage directory /workdir/hadoop-ozone/integration-test/target/test-dir/MiniOzoneClusterImpl-00c2d61f-fa45-4119-a3b8-446fff627119/datanode-8/data/ratis/19654a03-8370-4649-9e69-9dbb397b468f does not exist. Creating ...
2019-11-14 12:42:00,265 [pool-599-thread-1] INFO  storage.RaftStorageDirectory (RaftStorageDirectory.java:tryLock(328)) - Lock on /workdir/hadoop-ozone/integration-test/target/test-dir/MiniOzoneClusterImpl-00c2d61f-fa45-4119-a3b8-446fff627119/datanode-9/data/ratis/19654a03-8370-4649-9e69-9dbb397b468f/in_use.lock acquired by nodename 27294@pr-hdds-2481-nxhrh-893604966
2019-11-14 12:42:00,265 [pool-589-thread-1] INFO  storage.RaftStorageDirectory (RaftStorageDirectory.java:tryLock(328)) - Lock on /workdir/hadoop-ozone/integration-test/target/test-dir/MiniOzoneClusterImpl-00c2d61f-fa45-4119-a3b8-446fff627119/datanode-8/data/ratis/19654a03-8370-4649-9e69-9dbb397b468f/in_use.lock acquired by nodename 27294@pr-hdds-2481-nxhrh-893604966
2019-11-14 12:42:00,265 [pool-579-thread-1] INFO  storage.RaftStorageDirectory (RaftStorageDirectory.java:tryLock(328)) - Lock on /workdir/hadoop-ozone/integration-test/target/test-dir/MiniOzoneClusterImpl-00c2d61f-fa45-4119-a3b8-446fff627119/datanode-7/data/ratis/19654a03-8370-4649-9e69-9dbb397b468f/in_use.lock acquired by nodename 27294@pr-hdds-2481-nxhrh-893604966
2019-11-14 12:42:00,271 [pool-599-thread-1] INFO  storage.RaftStorage (RaftStorage.java:format(84)) - Storage directory /workdir/hadoop-ozone/integration-test/target/test-dir/MiniOzoneClusterImpl-00c2d61f-fa45-4119-a3b8-446fff627119/datanode-9/data/ratis/19654a03-8370-4649-9e69-9dbb397b468f has been successfully formatted.
2019-11-14 12:42:00,271 [pool-579-thread-1] INFO  storage.RaftStorage (RaftStorage.java:format(84)) - Storage directory /workdir/hadoop-ozone/integration-test/target/test-dir/MiniOzoneClusterImpl-00c2d61f-fa45-4119-a3b8-446fff627119/datanode-7/data/ratis/19654a03-8370-4649-9e69-9dbb397b468f has been successfully formatted.
2019-11-14 12:42:00,271 [pool-589-thread-1] INFO  storage.RaftStorage (RaftStorage.java:format(84)) - Storage directory /workdir/hadoop-ozone/integration-test/target/test-dir/MiniOzoneClusterImpl-00c2d61f-fa45-4119-a3b8-446fff627119/datanode-8/data/ratis/19654a03-8370-4649-9e69-9dbb397b468f has been successfully formatted.
2019-11-14 12:42:00,271 [pool-599-thread-1] INFO  ratis.ContainerStateMachine (ContainerStateMachine.java:loadSnapshot(223)) - group-9DBB397B468F: The snapshot info is null. Setting the last applied indexto:(t:0, i:~)
2019-11-14 12:42:00,272 [pool-579-thread-1] INFO  ratis.ContainerStateMachine (ContainerStateMachine.java:loadSnapshot(223)) - group-9DBB397B468F: The snapshot info is null. Setting the last applied indexto:(t:0, i:~)
2019-11-14 12:42:00,272 [pool-589-thread-1] INFO  ratis.ContainerStateMachine (ContainerStateMachine.java:loadSnapshot(223)) - group-9DBB397B468F: The snapshot info is null. Setting the last applied indexto:(t:0, i:~)
2019-11-14 12:42:00,272 [pool-599-thread-1] INFO  server.RaftServerConfigKeys (ConfUtils.java:logGet(43)) - raft.server.notification.no-leader.timeout = 120s (custom)
2019-11-14 12:42:00,272 [pool-589-thread-1] INFO  server.RaftServerConfigKeys (ConfUtils.java:logGet(43)) - raft.server.notification.no-leader.timeout = 120s (custom)
2019-11-14 12:42:00,272 [pool-579-thread-1] INFO  server.RaftServerConfigKeys (ConfUtils.java:logGet(43)) - raft.server.notification.no-leader.timeout = 120s (custom)
2019-11-14 12:42:00,272 [pool-589-thread-1] INFO  server.RaftServerConfigKeys (ConfUtils.java:logGet(43)) - raft.server.log.use.memory = false (default)
2019-11-14 12:42:00,272 [pool-599-thread-1] INFO  server.RaftServerConfigKeys (ConfUtils.java:logGet(43)) - raft.server.log.use.memory = false (default)
2019-11-14 12:42:00,272 [pool-589-thread-1] INFO  server.RaftServerConfigKeys (ConfUtils.java:logGet(43)) - raft.server.log.purge.gap = 1000000 (custom)
2019-11-14 12:42:00,272 [pool-579-thread-1] INFO  server.RaftServerConfigKeys (ConfUtils.java:logGet(43)) - raft.server.log.use.memory = false (default)
2019-11-14 12:42:00,273 [pool-589-thread-1] INFO  server.RaftServerConfigKeys (ConfUtils.java:logGet(43)) - raft.server.log.appender.buffer.byte-limit = 33554432 (custom)
2019-11-14 12:42:00,272 [pool-599-thread-1] INFO  server.RaftServerConfigKeys (ConfUtils.java:logGet(43)) - raft.server.log.purge.gap = 1000000 (custom)
2019-11-14 12:42:00,273 [pool-589-thread-1] INFO  server.RaftServerConfigKeys (ConfUtils.java:logGet(43)) - raft.server.log.segment.size.max = 1048576 (custom)
2019-11-14 12:42:00,273 [pool-579-thread-1] INFO  server.RaftServerConfigKeys (ConfUtils.java:logGet(43)) - raft.server.log.purge.gap = 1000000 (custom)
2019-11-14 12:42:00,273 [pool-589-thread-1] INFO  server.RaftServerConfigKeys (ConfUtils.java:logGet(43)) - raft.server.log.segment.cache.num.max = 2 (custom)
2019-11-14 12:42:00,273 [pool-599-thread-1] INFO  server.RaftServerConfigKeys (ConfUtils.java:logGet(43)) - raft.server.log.appender.buffer.byte-limit = 33554432 (custom)
2019-11-14 12:42:00,273 [pool-589-thread-1] INFO  segmented.SegmentedRaftLogWorker (SegmentedRaftLogWorker.java:<init>(173)) - new 014ed27e-4853-41cc-a50c-9de7527fd6a0@group-9DBB397B468F-SegmentedRaftLogWorker for RaftStorage:Storage Directory /workdir/hadoop-ozone/integration-test/target/test-dir/MiniOzoneClusterImpl-00c2d61f-fa45-4119-a3b8-446fff627119/datanode-8/data/ratis/19654a03-8370-4649-9e69-9dbb397b468f
2019-11-14 12:42:00,273 [pool-579-thread-1] INFO  server.RaftServerConfigKeys (ConfUtils.java:logGet(43)) - raft.server.log.appender.buffer.byte-limit = 33554432 (custom)
2019-11-14 12:42:00,273 [pool-589-thread-1] INFO  server.RaftServerConfigKeys (ConfUtils.java:logGet(43)) - raft.server.log.queue.byte-limit = 2147483647 (custom)
2019-11-14 12:42:00,274 [pool-589-thread-1] INFO  server.RaftServerConfigKeys (ConfUtils.java:logGet(43)) - raft.server.log.queue.element-limit = 1024 (custom)
2019-11-14 12:42:00,273 [pool-599-thread-1] INFO  server.RaftServerConfigKeys (ConfUtils.java:logGet(43)) - raft.server.log.segment.size.max = 1048576 (custom)
2019-11-14 12:42:00,274 [pool-589-thread-1] INFO  server.RaftServerConfigKeys (ConfUtils.java:logGet(43)) - raft.server.log.segment.size.max = 1048576 (custom)
2019-11-14 12:42:00,274 [pool-579-thread-1] INFO  server.RaftServerConfigKeys (ConfUtils.java:logGet(43)) - raft.server.log.segment.size.max = 1048576 (custom)
2019-11-14 12:42:00,274 [pool-589-thread-1] INFO  server.RaftServerConfigKeys (ConfUtils.java:logGet(43)) - raft.server.log.preallocated.size = 16384 (custom)
2019-11-14 12:42:00,274 [pool-599-thread-1] INFO  server.RaftServerConfigKeys (ConfUtils.java:logGet(43)) - raft.server.log.segment.cache.num.max = 2 (custom)
2019-11-14 12:42:00,274 [pool-589-thread-1] INFO  server.RaftServerConfigKeys (ConfUtils.java:logGet(43)) - raft.server.log.write.buffer.size = 33554432 (custom)
2019-11-14 12:42:00,274 [pool-579-thread-1] INFO  server.RaftServerConfigKeys (ConfUtils.java:logGet(43)) - raft.server.log.segment.cache.num.max = 2 (custom)
2019-11-14 12:42:00,274 [pool-589-thread-1] INFO  server.RaftServerConfigKeys (ConfUtils.java:logGet(43)) - raft.server.log.force.sync.num = 128 (default)
2019-11-14 12:42:00,274 [pool-599-thread-1] INFO  segmented.SegmentedRaftLogWorker (SegmentedRaftLogWorker.java:<init>(173)) - new 0ff44171-e26a-4ef7-8f26-7a0f9c51011c@group-9DBB397B468F-SegmentedRaftLogWorker for RaftStorage:Storage Directory /workdir/hadoop-ozone/integration-test/target/test-dir/MiniOzoneClusterImpl-00c2d61f-fa45-4119-a3b8-446fff627119/datanode-9/data/ratis/19654a03-8370-4649-9e69-9dbb397b468f
2019-11-14 12:42:00,275 [pool-589-thread-1] INFO  server.RaftServerConfigKeys (ConfUtils.java:logGet(43)) - raft.server.log.statemachine.data.sync = true (default)
2019-11-14 12:42:00,275 [pool-579-thread-1] INFO  segmented.SegmentedRaftLogWorker (SegmentedRaftLogWorker.java:<init>(173)) - new c5630dbc-d159-4e74-a046-1b52429c3a82@group-9DBB397B468F-SegmentedRaftLogWorker for RaftStorage:Storage Directory /workdir/hadoop-ozone/integration-test/target/test-dir/MiniOzoneClusterImpl-00c2d61f-fa45-4119-a3b8-446fff627119/datanode-7/data/ratis/19654a03-8370-4649-9e69-9dbb397b468f
2019-11-14 12:42:00,275 [pool-589-thread-1] INFO  server.RaftServerConfigKeys (ConfUtils.java:logGet(43)) - raft.server.log.statemachine.data.sync.timeout = 10s (default)
2019-11-14 12:42:00,275 [pool-599-thread-1] INFO  server.RaftServerConfigKeys (ConfUtils.java:logGet(43)) - raft.server.log.queue.byte-limit = 2147483647 (custom)
2019-11-14 12:42:00,275 [pool-589-thread-1] INFO  server.RaftServerConfigKeys (ConfUtils.java:logGet(43)) - raft.server.log.statemachine.data.sync.timeout.retry = -1 (default)
2019-11-14 12:42:00,275 [pool-579-thread-1] INFO  server.RaftServerConfigKeys (ConfUtils.java:logGet(43)) - raft.server.log.queue.byte-limit = 2147483647 (custom)
2019-11-14 12:42:00,275 [pool-589-thread-1] INFO  server.RaftServerConfigKeys (ConfUtils.java:logGet(43)) - raft.server.log.statemachine.data.caching.enabled = true (custom)
2019-11-14 12:42:00,275 [pool-599-thread-1] INFO  server.RaftServerConfigKeys (ConfUtils.java:logGet(43)) - raft.server.log.queue.element-limit = 1024 (custom)
2019-11-14 12:42:00,275 [pool-579-thread-1] INFO  server.RaftServerConfigKeys (ConfUtils.java:logGet(43)) - raft.server.log.queue.element-limit = 1024 (custom)
2019-11-14 12:42:00,276 [pool-589-thread-1] INFO  segmented.SegmentedRaftLogWorker (SegmentedRaftLogWorker.java:lambda$new$0(128)) - 014ed27e-4853-41cc-a50c-9de7527fd6a0@group-9DBB397B468F-SegmentedRaftLogWorker: flushIndex: setUnconditionally 0 -> -1
2019-11-14 12:42:00,276 [pool-599-thread-1] INFO  server.RaftServerConfigKeys (ConfUtils.java:logGet(43)) - raft.server.log.segment.size.max = 1048576 (custom)
2019-11-14 12:42:00,276 [pool-579-thread-1] INFO  server.RaftServerConfigKeys (ConfUtils.java:logGet(43)) - raft.server.log.segment.size.max = 1048576 (custom)
2019-11-14 12:42:00,276 [pool-589-thread-1] INFO  server.RaftServerConfigKeys (ConfUtils.java:logGet(43)) - raft.server.snapshot.auto.trigger.enabled = true (custom)
2019-11-14 12:42:00,276 [pool-599-thread-1] INFO  server.RaftServerConfigKeys (ConfUtils.java:logGet(43)) - raft.server.log.preallocated.size = 16384 (custom)
2019-11-14 12:42:00,276 [pool-589-thread-1] INFO  server.RaftServerConfigKeys (ConfUtils.java:logGet(43)) - raft.server.snapshot.auto.trigger.threshold = 10000 (custom)
2019-11-14 12:42:00,276 [pool-579-thread-1] INFO  server.RaftServerConfigKeys (ConfUtils.java:logGet(43)) - raft.server.log.preallocated.size = 16384 (custom)
2019-11-14 12:42:00,276 [pool-589-thread-1] INFO  server.RaftServerConfigKeys (ConfUtils.java:logGet(43)) - raft.server.snapshot.retention.file.num = 5 (custom)
2019-11-14 12:42:00,276 [pool-599-thread-1] INFO  server.RaftServerConfigKeys (ConfUtils.java:logGet(43)) - raft.server.log.write.buffer.size = 33554432 (custom)
2019-11-14 12:42:00,277 [pool-599-thread-1] INFO  server.RaftServerConfigKeys (ConfUtils.java:logGet(43)) - raft.server.log.force.sync.num = 128 (default)
2019-11-14 12:42:00,277 [pool-589-thread-1] INFO  server.RaftServerConfigKeys (ConfUtils.java:logGet(43)) - raft.server.retrycache.expirytime = 600000ms (custom)
2019-11-14 12:42:00,277 [pool-579-thread-1] INFO  server.RaftServerConfigKeys (ConfUtils.java:logGet(43)) - raft.server.log.write.buffer.size = 33554432 (custom)
2019-11-14 12:42:00,277 [pool-589-thread-1] WARN  impl.MetricRegistriesImpl (MetricRegistriesImpl.java:lambda$create$1(61)) - First MetricRegistry has been created without registering reporters. You may need to call MetricRegistries.global().addReportRegistration(...) before.
2019-11-14 12:42:00,277 [pool-599-thread-1] INFO  server.RaftServerConfigKeys (ConfUtils.java:logGet(43)) - raft.server.log.statemachine.data.sync = true (default)
2019-11-14 12:42:00,277 [pool-589-thread-1] WARN  impl.MetricRegistriesImpl (MetricRegistriesImpl.java:lambda$create$1(61)) - First MetricRegistry has been created without registering reporters. You may need to call MetricRegistries.global().addReportRegistration(...) before.
2019-11-14 12:42:00,277 [pool-579-thread-1] INFO  server.RaftServerConfigKeys (ConfUtils.java:logGet(43)) - raft.server.log.force.sync.num = 128 (default)
2019-11-14 12:42:00,277 [pool-589-thread-1] INFO  impl.RaftServerImpl (RaftServerImpl.java:start(184)) - 014ed27e-4853-41cc-a50c-9de7527fd6a0@group-9DBB397B468F: start as a follower, conf=-1: [0ff44171-e26a-4ef7-8f26-7a0f9c51011c:192.168.34.21:43866, 014ed27e-4853-41cc-a50c-9de7527fd6a0:192.168.34.21:41029, c5630dbc-d159-4e74-a046-1b52429c3a82:192.168.34.21:34180], old=null
2019-11-14 12:42:00,277 [pool-599-thread-1] INFO  server.RaftServerConfigKeys (ConfUtils.java:logGet(43)) - raft.server.log.statemachine.data.sync.timeout = 10s (default)
2019-11-14 12:42:00,278 [pool-589-thread-1] INFO  impl.RaftServerImpl (RaftServerImpl.java:setRole(173)) - 014ed27e-4853-41cc-a50c-9de7527fd6a0@group-9DBB397B468F: changes role from      null to FOLLOWER at term 0 for startAsFollower
2019-11-14 12:42:00,277 [pool-579-thread-1] INFO  server.RaftServerConfigKeys (ConfUtils.java:logGet(43)) - raft.server.log.statemachine.data.sync = true (default)
2019-11-14 12:42:00,278 [pool-589-thread-1] INFO  impl.RoleInfo (RoleInfo.java:updateAndGet(143)) - 014ed27e-4853-41cc-a50c-9de7527fd6a0: start FollowerState
2019-11-14 12:42:00,278 [pool-599-thread-1] INFO  server.RaftServerConfigKeys (ConfUtils.java:logGet(43)) - raft.server.log.statemachine.data.sync.timeout.retry = -1 (default)
2019-11-14 12:42:00,278 [pool-579-thread-1] INFO  server.RaftServerConfigKeys (ConfUtils.java:logGet(43)) - raft.server.log.statemachine.data.sync.timeout = 10s (default)
2019-11-14 12:42:00,278 [pool-589-thread-1] INFO  util.JmxRegister (JmxRegister.java:tryRegister(44)) - Successfully registered JMX Bean with object name Ratis:service=RaftServer,group=group-9DBB397B468F,id=014ed27e-4853-41cc-a50c-9de7527fd6a0
2019-11-14 12:42:00,278 [pool-599-thread-1] INFO  server.RaftServerConfigKeys (ConfUtils.java:logGet(43)) - raft.server.log.statemachine.data.caching.enabled = true (custom)
2019-11-14 12:42:00,278 [pool-589-thread-1] WARN  impl.MetricRegistriesImpl (MetricRegistriesImpl.java:lambda$create$1(61)) - First MetricRegistry has been created without registering reporters. You may need to call MetricRegistries.global().addReportRegistration(...) before.
2019-11-14 12:42:00,278 [pool-579-thread-1] INFO  server.RaftServerConfigKeys (ConfUtils.java:logGet(43)) - raft.server.log.statemachine.data.sync.timeout.retry = -1 (default)
2019-11-14 12:42:00,278 [pool-599-thread-1] INFO  segmented.SegmentedRaftLogWorker (SegmentedRaftLogWorker.java:lambda$new$0(128)) - 0ff44171-e26a-4ef7-8f26-7a0f9c51011c@group-9DBB397B468F-SegmentedRaftLogWorker: flushIndex: setUnconditionally 0 -> -1
2019-11-14 12:42:00,279 [pool-579-thread-1] INFO  server.RaftServerConfigKeys (ConfUtils.java:logGet(43)) - raft.server.log.statemachine.data.caching.enabled = true (custom)
2019-11-14 12:42:00,279 [pool-599-thread-1] INFO  server.RaftServerConfigKeys (ConfUtils.java:logGet(43)) - raft.server.snapshot.auto.trigger.enabled = true (custom)
2019-11-14 12:42:00,279 [pool-579-thread-1] INFO  segmented.SegmentedRaftLogWorker (SegmentedRaftLogWorker.java:lambda$new$0(128)) - c5630dbc-d159-4e74-a046-1b52429c3a82@group-9DBB397B468F-SegmentedRaftLogWorker: flushIndex: setUnconditionally 0 -> -1
2019-11-14 12:42:00,279 [pool-599-thread-1] INFO  server.RaftServerConfigKeys (ConfUtils.java:logGet(43)) - raft.server.snapshot.auto.trigger.threshold = 10000 (custom)
2019-11-14 12:42:00,279 [pool-599-thread-1] INFO  server.RaftServerConfigKeys (ConfUtils.java:logGet(43)) - raft.server.snapshot.retention.file.num = 5 (custom)
2019-11-14 12:42:00,279 [pool-579-thread-1] INFO  server.RaftServerConfigKeys (ConfUtils.java:logGet(43)) - raft.server.snapshot.auto.trigger.enabled = true (custom)
2019-11-14 12:42:00,280 [pool-599-thread-1] INFO  server.RaftServerConfigKeys (ConfUtils.java:logGet(43)) - raft.server.retrycache.expirytime = 600000ms (custom)
2019-11-14 12:42:00,280 [pool-579-thread-1] INFO  server.RaftServerConfigKeys (ConfUtils.java:logGet(43)) - raft.server.snapshot.auto.trigger.threshold = 10000 (custom)
2019-11-14 12:42:00,280 [pool-599-thread-1] WARN  impl.MetricRegistriesImpl (MetricRegistriesImpl.java:lambda$create$1(61)) - First MetricRegistry has been created without registering reporters. You may need to call MetricRegistries.global().addReportRegistration(...) before.
2019-11-14 12:42:00,280 [pool-579-thread-1] INFO  server.RaftServerConfigKeys (ConfUtils.java:logGet(43)) - raft.server.snapshot.retention.file.num = 5 (custom)
2019-11-14 12:42:00,280 [pool-599-thread-1] WARN  impl.MetricRegistriesImpl (MetricRegistriesImpl.java:lambda$create$1(61)) - First MetricRegistry has been created without registering reporters. You may need to call MetricRegistries.global().addReportRegistration(...) before.
2019-11-14 12:42:00,280 [pool-579-thread-1] INFO  server.RaftServerConfigKeys (ConfUtils.java:logGet(43)) - raft.server.retrycache.expirytime = 600000ms (custom)
2019-11-14 12:42:00,280 [pool-599-thread-1] INFO  impl.RaftServerImpl (RaftServerImpl.java:start(184)) - 0ff44171-e26a-4ef7-8f26-7a0f9c51011c@group-9DBB397B468F: start as a follower, conf=-1: [0ff44171-e26a-4ef7-8f26-7a0f9c51011c:192.168.34.21:43866, 014ed27e-4853-41cc-a50c-9de7527fd6a0:192.168.34.21:41029, c5630dbc-d159-4e74-a046-1b52429c3a82:192.168.34.21:34180], old=null
2019-11-14 12:42:00,280 [pool-579-thread-1] WARN  impl.MetricRegistriesImpl (MetricRegistriesImpl.java:lambda$create$1(61)) - First MetricRegistry has been created without registering reporters. You may need to call MetricRegistries.global().addReportRegistration(...) before.
2019-11-14 12:42:00,280 [pool-599-thread-1] INFO  impl.RaftServerImpl (RaftServerImpl.java:setRole(173)) - 0ff44171-e26a-4ef7-8f26-7a0f9c51011c@group-9DBB397B468F: changes role from      null to FOLLOWER at term 0 for startAsFollower
2019-11-14 12:42:00,281 [pool-579-thread-1] WARN  impl.MetricRegistriesImpl (MetricRegistriesImpl.java:lambda$create$1(61)) - First MetricRegistry has been created without registering reporters. You may need to call MetricRegistries.global().addReportRegistration(...) before.
2019-11-14 12:42:00,281 [pool-599-thread-1] INFO  impl.RoleInfo (RoleInfo.java:updateAndGet(143)) - 0ff44171-e26a-4ef7-8f26-7a0f9c51011c: start FollowerState
2019-11-14 12:42:00,281 [pool-579-thread-1] INFO  impl.RaftServerImpl (RaftServerImpl.java:start(184)) - c5630dbc-d159-4e74-a046-1b52429c3a82@group-9DBB397B468F: start as a follower, conf=-1: [0ff44171-e26a-4ef7-8f26-7a0f9c51011c:192.168.34.21:43866, 014ed27e-4853-41cc-a50c-9de7527fd6a0:192.168.34.21:41029, c5630dbc-d159-4e74-a046-1b52429c3a82:192.168.34.21:34180], old=null
2019-11-14 12:42:00,281 [pool-579-thread-1] INFO  impl.RaftServerImpl (RaftServerImpl.java:setRole(173)) - c5630dbc-d159-4e74-a046-1b52429c3a82@group-9DBB397B468F: changes role from      null to FOLLOWER at term 0 for startAsFollower
2019-11-14 12:42:00,281 [pool-599-thread-1] INFO  util.JmxRegister (JmxRegister.java:tryRegister(44)) - Successfully registered JMX Bean with object name Ratis:service=RaftServer,group=group-9DBB397B468F,id=0ff44171-e26a-4ef7-8f26-7a0f9c51011c
2019-11-14 12:42:00,281 [pool-579-thread-1] INFO  impl.RoleInfo (RoleInfo.java:updateAndGet(143)) - c5630dbc-d159-4e74-a046-1b52429c3a82: start FollowerState
2019-11-14 12:42:00,281 [pool-599-thread-1] WARN  impl.MetricRegistriesImpl (MetricRegistriesImpl.java:lambda$create$1(61)) - First MetricRegistry has been created without registering reporters. You may need to call MetricRegistries.global().addReportRegistration(...) before.
2019-11-14 12:42:00,282 [pool-579-thread-1] INFO  util.JmxRegister (JmxRegister.java:tryRegister(44)) - Successfully registered JMX Bean with object name Ratis:service=RaftServer,group=group-9DBB397B468F,id=c5630dbc-d159-4e74-a046-1b52429c3a82
2019-11-14 12:42:00,282 [pool-579-thread-1] WARN  impl.MetricRegistriesImpl (MetricRegistriesImpl.java:lambda$create$1(61)) - First MetricRegistry has been created without registering reporters. You may need to call MetricRegistries.global().addReportRegistration(...) before.
2019-11-14 12:42:00,284 [RatisPipelineUtilsThread] INFO  pipeline.PipelineStateManager (PipelineStateManager.java:addPipeline(55)) - Created pipeline Pipeline[ Id: 19654a03-8370-4649-9e69-9dbb397b468f, Nodes: c5630dbc-d159-4e74-a046-1b52429c3a82{ip: 192.168.34.21, host: pr-hdds-2481-nxhrh-893604966, networkLocation: /rack1, certSerialId: null}014ed27e-4853-41cc-a50c-9de7527fd6a0{ip: 192.168.34.21, host: pr-hdds-2481-nxhrh-893604966, networkLocation: /rack1, certSerialId: null}0ff44171-e26a-4ef7-8f26-7a0f9c51011c{ip: 192.168.34.21, host: pr-hdds-2481-nxhrh-893604966, networkLocation: /rack1, certSerialId: null}, Type:RATIS, Factor:THREE, State:ALLOCATED]
2019-11-14 12:42:00,284 [main] INFO  ozone.MiniOzoneClusterImpl (MiniOzoneClusterImpl.java:lambda$waitForClusterToBeReady$2(163)) - Waiting for 13 number of pipelines out of 13, to report a leader.
2019-11-14 12:42:00,695 [Thread-3934] INFO  impl.FollowerState (FollowerState.java:run(111)) - a1f4ab9e-675c-48c0-bb27-a541bfd11ae2@group-308D025A542F-FollowerState: change to CANDIDATE, lastRpcTime:1063ms, electionTimeout:1063ms
2019-11-14 12:42:00,695 [Thread-3934] INFO  impl.RoleInfo (RoleInfo.java:shutdownFollowerState(121)) - a1f4ab9e-675c-48c0-bb27-a541bfd11ae2: shutdown FollowerState
2019-11-14 12:42:00,695 [Thread-3934] INFO  impl.RaftServerImpl (RaftServerImpl.java:setRole(173)) - a1f4ab9e-675c-48c0-bb27-a541bfd11ae2@group-308D025A542F: changes role from  FOLLOWER to CANDIDATE at term 0 for changeToCandidate
2019-11-14 12:42:00,695 [Thread-3934] INFO  impl.RoleInfo (RoleInfo.java:updateAndGet(143)) - a1f4ab9e-675c-48c0-bb27-a541bfd11ae2: start LeaderElection
2019-11-14 12:42:00,716 [a1f4ab9e-675c-48c0-bb27-a541bfd11ae2@group-308D025A542F-LeaderElection189] INFO  impl.LeaderElection (LeaderElection.java:askForVotes(178)) - a1f4ab9e-675c-48c0-bb27-a541bfd11ae2@group-308D025A542F-LeaderElection189: begin an election at term 1 for -1: [a1f4ab9e-675c-48c0-bb27-a541bfd11ae2:192.168.34.21:38632], old=null
2019-11-14 12:42:00,716 [a1f4ab9e-675c-48c0-bb27-a541bfd11ae2@group-308D025A542F-LeaderElection189] INFO  impl.RoleInfo (RoleInfo.java:shutdownLeaderElection(134)) - a1f4ab9e-675c-48c0-bb27-a541bfd11ae2: shutdown LeaderElection
2019-11-14 12:42:00,716 [a1f4ab9e-675c-48c0-bb27-a541bfd11ae2@group-308D025A542F-LeaderElection189] INFO  impl.RaftServerImpl (RaftServerImpl.java:setRole(173)) - a1f4ab9e-675c-48c0-bb27-a541bfd11ae2@group-308D025A542F: changes role from CANDIDATE to LEADER at term 1 for changeToLeader
2019-11-14 12:42:00,716 [a1f4ab9e-675c-48c0-bb27-a541bfd11ae2@group-308D025A542F-LeaderElection189] INFO  ratis.XceiverServerRatis (XceiverServerRatis.java:handleLeaderChangedNotification(697)) - Leader change notification received for group: group-308D025A542F with new leaderId: a1f4ab9e-675c-48c0-bb27-a541bfd11ae2
2019-11-14 12:42:00,716 [a1f4ab9e-675c-48c0-bb27-a541bfd11ae2@group-308D025A542F-LeaderElection189] INFO  impl.RaftServerImpl (ServerState.java:setLeader(255)) - a1f4ab9e-675c-48c0-bb27-a541bfd11ae2@group-308D025A542F: change Leader from null to a1f4ab9e-675c-48c0-bb27-a541bfd11ae2 at term 1 for becomeLeader, leader elected after 1088ms
2019-11-14 12:42:00,717 [a1f4ab9e-675c-48c0-bb27-a541bfd11ae2@group-308D025A542F-LeaderElection189] INFO  server.RaftServerConfigKeys (ConfUtils.java:logGet(43)) - raft.server.staging.catchup.gap = 1000 (default)
2019-11-14 12:42:00,717 [a1f4ab9e-675c-48c0-bb27-a541bfd11ae2@group-308D025A542F-LeaderElection189] INFO  server.RaftServerConfigKeys (ConfUtils.java:logGet(43)) - raft.server.rpc.sleep.time = 25ms (default)
2019-11-14 12:42:00,719 [a1f4ab9e-675c-48c0-bb27-a541bfd11ae2@group-308D025A542F-LeaderElection189] INFO  server.RaftServerConfigKeys (ConfUtils.java:logGet(43)) - raft.server.write.element-limit = 4096 (default)
2019-11-14 12:42:00,720 [a1f4ab9e-675c-48c0-bb27-a541bfd11ae2@group-308D025A542F-LeaderElection189] INFO  server.RaftServerConfigKeys (ConfUtils.java:logGet(43)) - raft.server.watch.timeout = 10s (default)
2019-11-14 12:42:00,720 [a1f4ab9e-675c-48c0-bb27-a541bfd11ae2@group-308D025A542F-LeaderElection189] INFO  server.RaftServerConfigKeys (ConfUtils.java:logGet(43)) - raft.server.watch.timeout.denomination = 1s (default)
2019-11-14 12:42:00,720 [a1f4ab9e-675c-48c0-bb27-a541bfd11ae2@group-308D025A542F-LeaderElection189] INFO  server.RaftServerConfigKeys (ConfUtils.java:logGet(43)) - raft.server.watch.element-limit = 65536 (default)
2019-11-14 12:42:00,720 [a1f4ab9e-675c-48c0-bb27-a541bfd11ae2@group-308D025A542F-LeaderElection189] INFO  impl.RoleInfo (RoleInfo.java:updateAndGet(143)) - a1f4ab9e-675c-48c0-bb27-a541bfd11ae2: start LeaderState
2019-11-14 12:42:00,720 [EventQueue-PipelineReportForPipelineReportHandler] INFO  pipeline.PipelineStateManager (PipelineStateManager.java:openPipeline(134)) - Pipeline Pipeline[ Id: 55ed333f-cfae-4f7e-b05d-308d025a542f, Nodes: a1f4ab9e-675c-48c0-bb27-a541bfd11ae2{ip: 192.168.34.21, host: pr-hdds-2481-nxhrh-893604966, networkLocation: /rack1, certSerialId: null}, Type:RATIS, Factor:ONE, State:OPEN] moved to OPEN state
2019-11-14 12:42:00,721 [a1f4ab9e-675c-48c0-bb27-a541bfd11ae2@group-308D025A542F-LeaderElection189] INFO  segmented.SegmentedRaftLogWorker (SegmentedRaftLogWorker.java:startLogSegment(385)) - a1f4ab9e-675c-48c0-bb27-a541bfd11ae2@group-308D025A542F-SegmentedRaftLogWorker: Starting segment from index:0
2019-11-14 12:42:00,721 [a1f4ab9e-675c-48c0-bb27-a541bfd11ae2@group-308D025A542F-LeaderElection189] INFO  impl.RaftServerImpl (ServerState.java:setRaftConf(356)) - a1f4ab9e-675c-48c0-bb27-a541bfd11ae2@group-308D025A542F: set configuration 0: [a1f4ab9e-675c-48c0-bb27-a541bfd11ae2:192.168.34.21:38632], old=null at 0
2019-11-14 12:42:00,735 [Thread-3931] INFO  impl.FollowerState (FollowerState.java:run(111)) - 246c57ec-d0aa-4f80-a8a4-72fa2ca2a50d@group-FEE189D1CAA3-FollowerState: change to CANDIDATE, lastRpcTime:1146ms, electionTimeout:1146ms
2019-11-14 12:42:00,736 [Thread-3931] INFO  impl.RoleInfo (RoleInfo.java:shutdownFollowerState(121)) - 246c57ec-d0aa-4f80-a8a4-72fa2ca2a50d: shutdown FollowerState
2019-11-14 12:42:00,736 [Thread-3931] INFO  impl.RaftServerImpl (RaftServerImpl.java:setRole(173)) - 246c57ec-d0aa-4f80-a8a4-72fa2ca2a50d@group-FEE189D1CAA3: changes role from  FOLLOWER to CANDIDATE at term 0 for changeToCandidate
2019-11-14 12:42:00,736 [Thread-3931] INFO  impl.RoleInfo (RoleInfo.java:updateAndGet(143)) - 246c57ec-d0aa-4f80-a8a4-72fa2ca2a50d: start LeaderElection
2019-11-14 12:42:00,782 [a1f4ab9e-675c-48c0-bb27-a541bfd11ae2@group-308D025A542F-SegmentedRaftLogWorker] INFO  segmented.SegmentedRaftLogWorker (SegmentedRaftLogWorker.java:execute(576)) - a1f4ab9e-675c-48c0-bb27-a541bfd11ae2@group-308D025A542F-SegmentedRaftLogWorker: created new log segment /workdir/hadoop-ozone/integration-test/target/test-dir/MiniOzoneClusterImpl-00c2d61f-fa45-4119-a3b8-446fff627119/datanode-1/data/ratis/55ed333f-cfae-4f7e-b05d-308d025a542f/current/log_inprogress_0
2019-11-14 12:42:00,782 [246c57ec-d0aa-4f80-a8a4-72fa2ca2a50d@group-FEE189D1CAA3-LeaderElection190] INFO  impl.LeaderElection (LeaderElection.java:askForVotes(178)) - 246c57ec-d0aa-4f80-a8a4-72fa2ca2a50d@group-FEE189D1CAA3-LeaderElection190: begin an election at term 1 for -1: [246c57ec-d0aa-4f80-a8a4-72fa2ca2a50d:192.168.34.21:36644], old=null
2019-11-14 12:42:00,782 [246c57ec-d0aa-4f80-a8a4-72fa2ca2a50d@group-FEE189D1CAA3-LeaderElection190] INFO  impl.RoleInfo (RoleInfo.java:shutdownLeaderElection(134)) - 246c57ec-d0aa-4f80-a8a4-72fa2ca2a50d: shutdown LeaderElection
2019-11-14 12:42:00,782 [246c57ec-d0aa-4f80-a8a4-72fa2ca2a50d@group-FEE189D1CAA3-LeaderElection190] INFO  impl.RaftServerImpl (RaftServerImpl.java:setRole(173)) - 246c57ec-d0aa-4f80-a8a4-72fa2ca2a50d@group-FEE189D1CAA3: changes role from CANDIDATE to LEADER at term 1 for changeToLeader
2019-11-14 12:42:00,782 [246c57ec-d0aa-4f80-a8a4-72fa2ca2a50d@group-FEE189D1CAA3-LeaderElection190] INFO  ratis.XceiverServerRatis (XceiverServerRatis.java:handleLeaderChangedNotification(697)) - Leader change notification received for group: group-FEE189D1CAA3 with new leaderId: 246c57ec-d0aa-4f80-a8a4-72fa2ca2a50d
2019-11-14 12:42:00,782 [246c57ec-d0aa-4f80-a8a4-72fa2ca2a50d@group-FEE189D1CAA3-LeaderElection190] INFO  impl.RaftServerImpl (ServerState.java:setLeader(255)) - 246c57ec-d0aa-4f80-a8a4-72fa2ca2a50d@group-FEE189D1CAA3: change Leader from null to 246c57ec-d0aa-4f80-a8a4-72fa2ca2a50d at term 1 for becomeLeader, leader elected after 1197ms
2019-11-14 12:42:00,783 [246c57ec-d0aa-4f80-a8a4-72fa2ca2a50d@group-FEE189D1CAA3-LeaderElection190] INFO  server.RaftServerConfigKeys (ConfUtils.java:logGet(43)) - raft.server.staging.catchup.gap = 1000 (default)
2019-11-14 12:42:00,785 [246c57ec-d0aa-4f80-a8a4-72fa2ca2a50d@group-FEE189D1CAA3-LeaderElection190] INFO  server.RaftServerConfigKeys (ConfUtils.java:logGet(43)) - raft.server.rpc.sleep.time = 25ms (default)
2019-11-14 12:42:00,785 [246c57ec-d0aa-4f80-a8a4-72fa2ca2a50d@group-FEE189D1CAA3-LeaderElection190] INFO  server.RaftServerConfigKeys (ConfUtils.java:logGet(43)) - raft.server.write.element-limit = 4096 (default)
2019-11-14 12:42:00,785 [246c57ec-d0aa-4f80-a8a4-72fa2ca2a50d@group-FEE189D1CAA3-LeaderElection190] INFO  server.RaftServerConfigKeys (ConfUtils.java:logGet(43)) - raft.server.watch.timeout = 10s (default)
2019-11-14 12:42:00,785 [246c57ec-d0aa-4f80-a8a4-72fa2ca2a50d@group-FEE189D1CAA3-LeaderElection190] INFO  server.RaftServerConfigKeys (ConfUtils.java:logGet(43)) - raft.server.watch.timeout.denomination = 1s (default)
2019-11-14 12:42:00,785 [246c57ec-d0aa-4f80-a8a4-72fa2ca2a50d@group-FEE189D1CAA3-LeaderElection190] INFO  server.RaftServerConfigKeys (ConfUtils.java:logGet(43)) - raft.server.watch.element-limit = 65536 (default)
2019-11-14 12:42:00,785 [EventQueue-PipelineReportForPipelineReportHandler] INFO  pipeline.PipelineStateManager (PipelineStateManager.java:openPipeline(134)) - Pipeline Pipeline[ Id: 661dd60e-eca3-43b3-98d6-fee189d1caa3, Nodes: 246c57ec-d0aa-4f80-a8a4-72fa2ca2a50d{ip: 192.168.34.21, host: pr-hdds-2481-nxhrh-893604966, networkLocation: /rack1, certSerialId: null}, Type:RATIS, Factor:ONE, State:OPEN] moved to OPEN state
2019-11-14 12:42:00,786 [246c57ec-d0aa-4f80-a8a4-72fa2ca2a50d@group-FEE189D1CAA3-LeaderElection190] INFO  impl.RoleInfo (RoleInfo.java:updateAndGet(143)) - 246c57ec-d0aa-4f80-a8a4-72fa2ca2a50d: start LeaderState
2019-11-14 12:42:00,786 [246c57ec-d0aa-4f80-a8a4-72fa2ca2a50d@group-FEE189D1CAA3-LeaderElection190] INFO  segmented.SegmentedRaftLogWorker (SegmentedRaftLogWorker.java:startLogSegment(385)) - 246c57ec-d0aa-4f80-a8a4-72fa2ca2a50d@group-FEE189D1CAA3-SegmentedRaftLogWorker: Starting segment from index:0
2019-11-14 12:42:00,786 [246c57ec-d0aa-4f80-a8a4-72fa2ca2a50d@group-FEE189D1CAA3-LeaderElection190] INFO  impl.RaftServerImpl (ServerState.java:setRaftConf(356)) - 246c57ec-d0aa-4f80-a8a4-72fa2ca2a50d@group-FEE189D1CAA3: set configuration 0: [246c57ec-d0aa-4f80-a8a4-72fa2ca2a50d:192.168.34.21:36644], old=null at 0
2019-11-14 12:42:00,823 [Thread-3944] INFO  impl.FollowerState (FollowerState.java:run(111)) - a1f4ab9e-675c-48c0-bb27-a541bfd11ae2@group-B91147E80B96-FollowerState: change to CANDIDATE, lastRpcTime:1061ms, electionTimeout:1061ms
2019-11-14 12:42:00,823 [Thread-3944] INFO  impl.RoleInfo (RoleInfo.java:shutdownFollowerState(121)) - a1f4ab9e-675c-48c0-bb27-a541bfd11ae2: shutdown FollowerState
2019-11-14 12:42:00,823 [Thread-3944] INFO  impl.RaftServerImpl (RaftServerImpl.java:setRole(173)) - a1f4ab9e-675c-48c0-bb27-a541bfd11ae2@group-B91147E80B96: changes role from  FOLLOWER to CANDIDATE at term 0 for changeToCandidate
2019-11-14 12:42:00,823 [Thread-3944] INFO  impl.RoleInfo (RoleInfo.java:updateAndGet(143)) - a1f4ab9e-675c-48c0-bb27-a541bfd11ae2: start LeaderElection
2019-11-14 12:42:00,828 [246c57ec-d0aa-4f80-a8a4-72fa2ca2a50d@group-FEE189D1CAA3-SegmentedRaftLogWorker] INFO  segmented.SegmentedRaftLogWorker (SegmentedRaftLogWorker.java:execute(576)) - 246c57ec-d0aa-4f80-a8a4-72fa2ca2a50d@group-FEE189D1CAA3-SegmentedRaftLogWorker: created new log segment /workdir/hadoop-ozone/integration-test/target/test-dir/MiniOzoneClusterImpl-00c2d61f-fa45-4119-a3b8-446fff627119/datanode-0/data/ratis/661dd60e-eca3-43b3-98d6-fee189d1caa3/current/log_inprogress_0
2019-11-14 12:42:00,833 [Thread-3937] INFO  impl.FollowerState (FollowerState.java:run(111)) - 7f15e76e-ccdf-421e-a2ec-7ae8a15127a1@group-4AD137A910A2-FollowerState: change to CANDIDATE, lastRpcTime:1139ms, electionTimeout:1139ms
2019-11-14 12:42:00,833 [Thread-3937] INFO  impl.RoleInfo (RoleInfo.java:shutdownFollowerState(121)) - 7f15e76e-ccdf-421e-a2ec-7ae8a15127a1: shutdown FollowerState
2019-11-14 12:42:00,833 [Thread-3937] INFO  impl.RaftServerImpl (RaftServerImpl.java:setRole(173)) - 7f15e76e-ccdf-421e-a2ec-7ae8a15127a1@group-4AD137A910A2: changes role from  FOLLOWER to CANDIDATE at term 0 for changeToCandidate
2019-11-14 12:42:00,833 [Thread-3937] INFO  impl.RoleInfo (RoleInfo.java:updateAndGet(143)) - 7f15e76e-ccdf-421e-a2ec-7ae8a15127a1: start LeaderElection
2019-11-14 12:42:00,853 [a1f4ab9e-675c-48c0-bb27-a541bfd11ae2@group-B91147E80B96-LeaderElection191] INFO  impl.LeaderElection (LeaderElection.java:askForVotes(178)) - a1f4ab9e-675c-48c0-bb27-a541bfd11ae2@group-B91147E80B96-LeaderElection191: begin an election at term 1 for -1: [7f15e76e-ccdf-421e-a2ec-7ae8a15127a1:192.168.34.21:39661, 246c57ec-d0aa-4f80-a8a4-72fa2ca2a50d:192.168.34.21:36644, a1f4ab9e-675c-48c0-bb27-a541bfd11ae2:192.168.34.21:38632], old=null
2019-11-14 12:42:00,853 [7f15e76e-ccdf-421e-a2ec-7ae8a15127a1@group-4AD137A910A2-LeaderElection192] INFO  impl.LeaderElection (LeaderElection.java:askForVotes(178)) - 7f15e76e-ccdf-421e-a2ec-7ae8a15127a1@group-4AD137A910A2-LeaderElection192: begin an election at term 1 for -1: [7f15e76e-ccdf-421e-a2ec-7ae8a15127a1:192.168.34.21:39661], old=null
2019-11-14 12:42:00,853 [7f15e76e-ccdf-421e-a2ec-7ae8a15127a1@group-4AD137A910A2-LeaderElection192] INFO  impl.RoleInfo (RoleInfo.java:shutdownLeaderElection(134)) - 7f15e76e-ccdf-421e-a2ec-7ae8a15127a1: shutdown LeaderElection
2019-11-14 12:42:00,854 [7f15e76e-ccdf-421e-a2ec-7ae8a15127a1@group-4AD137A910A2-LeaderElection192] INFO  impl.RaftServerImpl (RaftServerImpl.java:setRole(173)) - 7f15e76e-ccdf-421e-a2ec-7ae8a15127a1@group-4AD137A910A2: changes role from CANDIDATE to LEADER at term 1 for changeToLeader
2019-11-14 12:42:00,854 [7f15e76e-ccdf-421e-a2ec-7ae8a15127a1@group-4AD137A910A2-LeaderElection192] INFO  ratis.XceiverServerRatis (XceiverServerRatis.java:handleLeaderChangedNotification(697)) - Leader change notification received for group: group-4AD137A910A2 with new leaderId: 7f15e76e-ccdf-421e-a2ec-7ae8a15127a1
2019-11-14 12:42:00,854 [7f15e76e-ccdf-421e-a2ec-7ae8a15127a1@group-4AD137A910A2-LeaderElection192] INFO  impl.RaftServerImpl (ServerState.java:setLeader(255)) - 7f15e76e-ccdf-421e-a2ec-7ae8a15127a1@group-4AD137A910A2: change Leader from null to 7f15e76e-ccdf-421e-a2ec-7ae8a15127a1 at term 1 for becomeLeader, leader elected after 1163ms
2019-11-14 12:42:00,854 [7f15e76e-ccdf-421e-a2ec-7ae8a15127a1@group-4AD137A910A2-LeaderElection192] INFO  server.RaftServerConfigKeys (ConfUtils.java:logGet(43)) - raft.server.staging.catchup.gap = 1000 (default)
2019-11-14 12:42:00,855 [7f15e76e-ccdf-421e-a2ec-7ae8a15127a1@group-4AD137A910A2-LeaderElection192] INFO  server.RaftServerConfigKeys (ConfUtils.java:logGet(43)) - raft.server.rpc.sleep.time = 25ms (default)
2019-11-14 12:42:00,856 [7f15e76e-ccdf-421e-a2ec-7ae8a15127a1@group-4AD137A910A2-LeaderElection192] INFO  server.RaftServerConfigKeys (ConfUtils.java:logGet(43)) - raft.server.write.element-limit = 4096 (default)
2019-11-14 12:42:00,856 [7f15e76e-ccdf-421e-a2ec-7ae8a15127a1@group-4AD137A910A2-LeaderElection192] INFO  server.RaftServerConfigKeys (ConfUtils.java:logGet(43)) - raft.server.watch.timeout = 10s (default)
2019-11-14 12:42:00,856 [7f15e76e-ccdf-421e-a2ec-7ae8a15127a1@group-4AD137A910A2-LeaderElection192] INFO  server.RaftServerConfigKeys (ConfUtils.java:logGet(43)) - raft.server.watch.timeout.denomination = 1s (default)
2019-11-14 12:42:00,856 [EventQueue-PipelineReportForPipelineReportHandler] INFO  pipeline.PipelineStateManager (PipelineStateManager.java:openPipeline(134)) - Pipeline Pipeline[ Id: 550d96ac-ea9f-4518-be49-4ad137a910a2, Nodes: 7f15e76e-ccdf-421e-a2ec-7ae8a15127a1{ip: 192.168.34.21, host: pr-hdds-2481-nxhrh-893604966, networkLocation: /rack1, certSerialId: null}, Type:RATIS, Factor:ONE, State:OPEN] moved to OPEN state
2019-11-14 12:42:00,856 [7f15e76e-ccdf-421e-a2ec-7ae8a15127a1@group-4AD137A910A2-LeaderElection192] INFO  server.RaftServerConfigKeys (ConfUtils.java:logGet(43)) - raft.server.watch.element-limit = 65536 (default)
2019-11-14 12:42:00,856 [7f15e76e-ccdf-421e-a2ec-7ae8a15127a1@group-4AD137A910A2-LeaderElection192] INFO  impl.RoleInfo (RoleInfo.java:updateAndGet(143)) - 7f15e76e-ccdf-421e-a2ec-7ae8a15127a1: start LeaderState
2019-11-14 12:42:00,857 [7f15e76e-ccdf-421e-a2ec-7ae8a15127a1@group-4AD137A910A2-LeaderElection192] INFO  segmented.SegmentedRaftLogWorker (SegmentedRaftLogWorker.java:startLogSegment(385)) - 7f15e76e-ccdf-421e-a2ec-7ae8a15127a1@group-4AD137A910A2-SegmentedRaftLogWorker: Starting segment from index:0
2019-11-14 12:42:00,857 [7f15e76e-ccdf-421e-a2ec-7ae8a15127a1@group-4AD137A910A2-LeaderElection192] INFO  impl.RaftServerImpl (ServerState.java:setRaftConf(356)) - 7f15e76e-ccdf-421e-a2ec-7ae8a15127a1@group-4AD137A910A2: set configuration 0: [7f15e76e-ccdf-421e-a2ec-7ae8a15127a1:192.168.34.21:39661], old=null at 0
2019-11-14 12:42:00,894 [grpc-default-executor-7] INFO  impl.RaftServerImpl (RaftServerImpl.java:setRole(173)) - 7f15e76e-ccdf-421e-a2ec-7ae8a15127a1@group-B91147E80B96: changes role from  FOLLOWER to FOLLOWER at term 1 for recognizeCandidate:a1f4ab9e-675c-48c0-bb27-a541bfd11ae2
2019-11-14 12:42:00,894 [grpc-default-executor-1] INFO  impl.RaftServerImpl (RaftServerImpl.java:setRole(173)) - 246c57ec-d0aa-4f80-a8a4-72fa2ca2a50d@group-B91147E80B96: changes role from  FOLLOWER to FOLLOWER at term 1 for recognizeCandidate:a1f4ab9e-675c-48c0-bb27-a541bfd11ae2
2019-11-14 12:42:00,894 [grpc-default-executor-7] INFO  impl.RoleInfo (RoleInfo.java:shutdownFollowerState(121)) - 7f15e76e-ccdf-421e-a2ec-7ae8a15127a1: shutdown FollowerState
2019-11-14 12:42:00,894 [grpc-default-executor-1] INFO  impl.RoleInfo (RoleInfo.java:shutdownFollowerState(121)) - 246c57ec-d0aa-4f80-a8a4-72fa2ca2a50d: shutdown FollowerState
2019-11-14 12:42:00,895 [grpc-default-executor-7] INFO  impl.RoleInfo (RoleInfo.java:updateAndGet(143)) - 7f15e76e-ccdf-421e-a2ec-7ae8a15127a1: start FollowerState
2019-11-14 12:42:00,895 [grpc-default-executor-1] INFO  impl.RoleInfo (RoleInfo.java:updateAndGet(143)) - 246c57ec-d0aa-4f80-a8a4-72fa2ca2a50d: start FollowerState
2019-11-14 12:42:00,895 [Thread-3945] INFO  impl.FollowerState (FollowerState.java:run(120)) - 7f15e76e-ccdf-421e-a2ec-7ae8a15127a1@group-B91147E80B96-FollowerState was interrupted: java.lang.InterruptedException: sleep interrupted
2019-11-14 12:42:00,895 [Thread-3940] INFO  impl.FollowerState (FollowerState.java:run(120)) - 246c57ec-d0aa-4f80-a8a4-72fa2ca2a50d@group-B91147E80B96-FollowerState was interrupted: java.lang.InterruptedException: sleep interrupted
2019-11-14 12:42:00,907 [7f15e76e-ccdf-421e-a2ec-7ae8a15127a1@group-4AD137A910A2-SegmentedRaftLogWorker] INFO  segmented.SegmentedRaftLogWorker (SegmentedRaftLogWorker.java:execute(576)) - 7f15e76e-ccdf-421e-a2ec-7ae8a15127a1@group-4AD137A910A2-SegmentedRaftLogWorker: created new log segment /workdir/hadoop-ozone/integration-test/target/test-dir/MiniOzoneClusterImpl-00c2d61f-fa45-4119-a3b8-446fff627119/datanode-2/data/ratis/550d96ac-ea9f-4518-be49-4ad137a910a2/current/log_inprogress_0
2019-11-14 12:42:00,908 [a1f4ab9e-675c-48c0-bb27-a541bfd11ae2@group-B91147E80B96-LeaderElection191] INFO  impl.LeaderElection (LeaderElection.java:logAndReturn(56)) - a1f4ab9e-675c-48c0-bb27-a541bfd11ae2@group-B91147E80B96-LeaderElection191: Election PASSED; received 1 response(s) [a1f4ab9e-675c-48c0-bb27-a541bfd11ae2<-246c57ec-d0aa-4f80-a8a4-72fa2ca2a50d#0:OK-t1] and 0 exception(s); a1f4ab9e-675c-48c0-bb27-a541bfd11ae2@group-B91147E80B96:t1, leader=null, voted=a1f4ab9e-675c-48c0-bb27-a541bfd11ae2, raftlog=a1f4ab9e-675c-48c0-bb27-a541bfd11ae2@group-B91147E80B96-SegmentedRaftLog:OPENED:c-1,f-1,i0, conf=-1: [7f15e76e-ccdf-421e-a2ec-7ae8a15127a1:192.168.34.21:39661, 246c57ec-d0aa-4f80-a8a4-72fa2ca2a50d:192.168.34.21:36644, a1f4ab9e-675c-48c0-bb27-a541bfd11ae2:192.168.34.21:38632], old=null
2019-11-14 12:42:00,908 [a1f4ab9e-675c-48c0-bb27-a541bfd11ae2@group-B91147E80B96-LeaderElection191] INFO  impl.RoleInfo (RoleInfo.java:shutdownLeaderElection(134)) - a1f4ab9e-675c-48c0-bb27-a541bfd11ae2: shutdown LeaderElection
2019-11-14 12:42:00,908 [a1f4ab9e-675c-48c0-bb27-a541bfd11ae2@group-B91147E80B96-LeaderElection191] INFO  impl.RaftServerImpl (RaftServerImpl.java:setRole(173)) - a1f4ab9e-675c-48c0-bb27-a541bfd11ae2@group-B91147E80B96: changes role from CANDIDATE to LEADER at term 1 for changeToLeader
2019-11-14 12:42:00,908 [a1f4ab9e-675c-48c0-bb27-a541bfd11ae2@group-B91147E80B96-LeaderElection191] INFO  ratis.XceiverServerRatis (XceiverServerRatis.java:handleLeaderChangedNotification(697)) - Leader change notification received for group: group-B91147E80B96 with new leaderId: a1f4ab9e-675c-48c0-bb27-a541bfd11ae2
2019-11-14 12:42:00,908 [a1f4ab9e-675c-48c0-bb27-a541bfd11ae2@group-B91147E80B96-LeaderElection191] INFO  impl.RaftServerImpl (ServerState.java:setLeader(255)) - a1f4ab9e-675c-48c0-bb27-a541bfd11ae2@group-B91147E80B96: change Leader from null to a1f4ab9e-675c-48c0-bb27-a541bfd11ae2 at term 1 for becomeLeader, leader elected after 1158ms
2019-11-14 12:42:00,909 [a1f4ab9e-675c-48c0-bb27-a541bfd11ae2@group-B91147E80B96-LeaderElection191] INFO  server.RaftServerConfigKeys (ConfUtils.java:logGet(43)) - raft.server.staging.catchup.gap = 1000 (default)
2019-11-14 12:42:00,909 [a1f4ab9e-675c-48c0-bb27-a541bfd11ae2@group-B91147E80B96-LeaderElection191] INFO  server.RaftServerConfigKeys (ConfUtils.java:logGet(43)) - raft.server.rpc.sleep.time = 25ms (default)
2019-11-14 12:42:00,909 [a1f4ab9e-675c-48c0-bb27-a541bfd11ae2@group-B91147E80B96-LeaderElection191] INFO  server.RaftServerConfigKeys (ConfUtils.java:logGet(43)) - raft.server.write.element-limit = 4096 (default)
2019-11-14 12:42:00,909 [a1f4ab9e-675c-48c0-bb27-a541bfd11ae2@group-B91147E80B96-LeaderElection191] INFO  server.RaftServerConfigKeys (ConfUtils.java:logGet(43)) - raft.server.watch.timeout = 10s (default)
2019-11-14 12:42:00,909 [a1f4ab9e-675c-48c0-bb27-a541bfd11ae2@group-B91147E80B96-LeaderElection191] INFO  server.RaftServerConfigKeys (ConfUtils.java:logGet(43)) - raft.server.watch.timeout.denomination = 1s (default)
2019-11-14 12:42:00,909 [a1f4ab9e-675c-48c0-bb27-a541bfd11ae2@group-B91147E80B96-LeaderElection191] INFO  server.RaftServerConfigKeys (ConfUtils.java:logGet(43)) - raft.server.watch.element-limit = 65536 (default)
2019-11-14 12:42:00,909 [a1f4ab9e-675c-48c0-bb27-a541bfd11ae2@group-B91147E80B96-LeaderElection191] INFO  server.RaftServerConfigKeys (ConfUtils.java:logGet(43)) - raft.server.log.appender.snapshot.chunk.size.max = 16MB (=16777216) (default)
2019-11-14 12:42:00,909 [a1f4ab9e-675c-48c0-bb27-a541bfd11ae2@group-B91147E80B96-LeaderElection191] INFO  server.RaftServerConfigKeys (ConfUtils.java:logGet(43)) - raft.server.log.appender.buffer.byte-limit = 33554432 (custom)
2019-11-14 12:42:00,909 [EventQueue-PipelineReportForPipelineReportHandler] INFO  pipeline.PipelineStateManager (PipelineStateManager.java:openPipeline(134)) - Pipeline Pipeline[ Id: b291ef2c-ad9b-49cc-b002-b91147e80b96, Nodes: a1f4ab9e-675c-48c0-bb27-a541bfd11ae2{ip: 192.168.34.21, host: pr-hdds-2481-nxhrh-893604966, networkLocation: /rack1, certSerialId: null}246c57ec-d0aa-4f80-a8a4-72fa2ca2a50d{ip: 192.168.34.21, host: pr-hdds-2481-nxhrh-893604966, networkLocation: /rack1, certSerialId: null}7f15e76e-ccdf-421e-a2ec-7ae8a15127a1{ip: 192.168.34.21, host: pr-hdds-2481-nxhrh-893604966, networkLocation: /rack1, certSerialId: null}, Type:RATIS, Factor:THREE, State:OPEN] moved to OPEN state
2019-11-14 12:42:00,910 [a1f4ab9e-675c-48c0-bb27-a541bfd11ae2@group-B91147E80B96-LeaderElection191] INFO  server.RaftServerConfigKeys (ConfUtils.java:logGet(43)) - raft.server.log.appender.buffer.element-limit = 1 (custom)
2019-11-14 12:42:00,910 [a1f4ab9e-675c-48c0-bb27-a541bfd11ae2@group-B91147E80B96-LeaderElection191] INFO  grpc.GrpcConfigKeys$Server (ConfUtils.java:logGet(43)) - raft.grpc.server.leader.outstanding.appends.max = 128 (default)
2019-11-14 12:42:00,910 [a1f4ab9e-675c-48c0-bb27-a541bfd11ae2@group-B91147E80B96-LeaderElection191] INFO  server.RaftServerConfigKeys (ConfUtils.java:logGet(43)) - raft.server.rpc.request.timeout = 3000ms (default)
2019-11-14 12:42:00,910 [a1f4ab9e-675c-48c0-bb27-a541bfd11ae2@group-B91147E80B96-LeaderElection191] INFO  server.RaftServerConfigKeys (ConfUtils.java:logGet(43)) - raft.server.log.appender.install.snapshot.enabled = false (custom)
2019-11-14 12:42:00,910 [a1f4ab9e-675c-48c0-bb27-a541bfd11ae2@group-B91147E80B96-LeaderElection191] WARN  impl.MetricRegistriesImpl (MetricRegistriesImpl.java:lambda$create$1(61)) - First MetricRegistry has been created without registering reporters. You may need to call MetricRegistries.global().addReportRegistration(...) before.
2019-11-14 12:42:00,910 [a1f4ab9e-675c-48c0-bb27-a541bfd11ae2@group-B91147E80B96-LeaderElection191] INFO  server.RaftServerConfigKeys (ConfUtils.java:logGet(43)) - raft.server.log.appender.snapshot.chunk.size.max = 16MB (=16777216) (default)
2019-11-14 12:42:00,910 [a1f4ab9e-675c-48c0-bb27-a541bfd11ae2@group-B91147E80B96-LeaderElection191] INFO  server.RaftServerConfigKeys (ConfUtils.java:logGet(43)) - raft.server.log.appender.buffer.byte-limit = 33554432 (custom)
2019-11-14 12:42:00,910 [a1f4ab9e-675c-48c0-bb27-a541bfd11ae2@group-B91147E80B96-LeaderElection191] INFO  server.RaftServerConfigKeys (ConfUtils.java:logGet(43)) - raft.server.log.appender.buffer.element-limit = 1 (custom)
2019-11-14 12:42:00,911 [a1f4ab9e-675c-48c0-bb27-a541bfd11ae2@group-B91147E80B96-LeaderElection191] INFO  grpc.GrpcConfigKeys$Server (ConfUtils.java:logGet(43)) - raft.grpc.server.leader.outstanding.appends.max = 128 (default)
2019-11-14 12:42:00,911 [a1f4ab9e-675c-48c0-bb27-a541bfd11ae2@group-B91147E80B96-LeaderElection191] INFO  server.RaftServerConfigKeys (ConfUtils.java:logGet(43)) - raft.server.rpc.request.timeout = 3000ms (default)
2019-11-14 12:42:00,911 [a1f4ab9e-675c-48c0-bb27-a541bfd11ae2@group-B91147E80B96-LeaderElection191] INFO  server.RaftServerConfigKeys (ConfUtils.java:logGet(43)) - raft.server.log.appender.install.snapshot.enabled = false (custom)
2019-11-14 12:42:00,911 [a1f4ab9e-675c-48c0-bb27-a541bfd11ae2@group-B91147E80B96-LeaderElection191] INFO  impl.RoleInfo (RoleInfo.java:updateAndGet(143)) - a1f4ab9e-675c-48c0-bb27-a541bfd11ae2: start LeaderState
2019-11-14 12:42:00,911 [a1f4ab9e-675c-48c0-bb27-a541bfd11ae2@group-B91147E80B96-LeaderElection191] INFO  segmented.SegmentedRaftLogWorker (SegmentedRaftLogWorker.java:startLogSegment(385)) - a1f4ab9e-675c-48c0-bb27-a541bfd11ae2@group-B91147E80B96-SegmentedRaftLogWorker: Starting segment from index:0
2019-11-14 12:42:00,912 [a1f4ab9e-675c-48c0-bb27-a541bfd11ae2@group-B91147E80B96-LeaderElection191] INFO  impl.RaftServerImpl (ServerState.java:setRaftConf(356)) - a1f4ab9e-675c-48c0-bb27-a541bfd11ae2@group-B91147E80B96: set configuration 0: [7f15e76e-ccdf-421e-a2ec-7ae8a15127a1:192.168.34.21:39661, 246c57ec-d0aa-4f80-a8a4-72fa2ca2a50d:192.168.34.21:36644, a1f4ab9e-675c-48c0-bb27-a541bfd11ae2:192.168.34.21:38632], old=null at 0
2019-11-14 12:42:00,944 [grpc-default-executor-1] INFO  ratis.XceiverServerRatis (XceiverServerRatis.java:handleLeaderChangedNotification(697)) - Leader change notification received for group: group-B91147E80B96 with new leaderId: a1f4ab9e-675c-48c0-bb27-a541bfd11ae2
2019-11-14 12:42:00,944 [grpc-default-executor-7] INFO  ratis.XceiverServerRatis (XceiverServerRatis.java:handleLeaderChangedNotification(697)) - Leader change notification received for group: group-B91147E80B96 with new leaderId: a1f4ab9e-675c-48c0-bb27-a541bfd11ae2
2019-11-14 12:42:00,944 [grpc-default-executor-1] INFO  impl.RaftServerImpl (ServerState.java:setLeader(255)) - 7f15e76e-ccdf-421e-a2ec-7ae8a15127a1@group-B91147E80B96: change Leader from null to a1f4ab9e-675c-48c0-bb27-a541bfd11ae2 at term 1 for appendEntries, leader elected after 1193ms
2019-11-14 12:42:00,944 [grpc-default-executor-7] INFO  impl.RaftServerImpl (ServerState.java:setLeader(255)) - 246c57ec-d0aa-4f80-a8a4-72fa2ca2a50d@group-B91147E80B96: change Leader from null to a1f4ab9e-675c-48c0-bb27-a541bfd11ae2 at term 1 for appendEntries, leader elected after 1193ms
2019-11-14 12:42:00,947 [grpc-default-executor-7] INFO  impl.RaftServerImpl (ServerState.java:setRaftConf(356)) - 7f15e76e-ccdf-421e-a2ec-7ae8a15127a1@group-B91147E80B96: set configuration 0: [7f15e76e-ccdf-421e-a2ec-7ae8a15127a1:192.168.34.21:39661, 246c57ec-d0aa-4f80-a8a4-72fa2ca2a50d:192.168.34.21:36644, a1f4ab9e-675c-48c0-bb27-a541bfd11ae2:192.168.34.21:38632], old=null at 0
2019-11-14 12:42:00,947 [grpc-default-executor-1] INFO  impl.RaftServerImpl (ServerState.java:setRaftConf(356)) - 246c57ec-d0aa-4f80-a8a4-72fa2ca2a50d@group-B91147E80B96: set configuration 0: [7f15e76e-ccdf-421e-a2ec-7ae8a15127a1:192.168.34.21:39661, 246c57ec-d0aa-4f80-a8a4-72fa2ca2a50d:192.168.34.21:36644, a1f4ab9e-675c-48c0-bb27-a541bfd11ae2:192.168.34.21:38632], old=null at 0
2019-11-14 12:42:00,947 [grpc-default-executor-7] INFO  segmented.SegmentedRaftLogWorker (SegmentedRaftLogWorker.java:startLogSegment(385)) - 7f15e76e-ccdf-421e-a2ec-7ae8a15127a1@group-B91147E80B96-SegmentedRaftLogWorker: Starting segment from index:0
2019-11-14 12:42:00,947 [grpc-default-executor-1] INFO  segmented.SegmentedRaftLogWorker (SegmentedRaftLogWorker.java:startLogSegment(385)) - 246c57ec-d0aa-4f80-a8a4-72fa2ca2a50d@group-B91147E80B96-SegmentedRaftLogWorker: Starting segment from index:0
2019-11-14 12:42:00,953 [a1f4ab9e-675c-48c0-bb27-a541bfd11ae2@group-B91147E80B96-SegmentedRaftLogWorker] INFO  segmented.SegmentedRaftLogWorker (SegmentedRaftLogWorker.java:execute(576)) - a1f4ab9e-675c-48c0-bb27-a541bfd11ae2@group-B91147E80B96-SegmentedRaftLogWorker: created new log segment /workdir/hadoop-ozone/integration-test/target/test-dir/MiniOzoneClusterImpl-00c2d61f-fa45-4119-a3b8-446fff627119/datanode-1/data/ratis/b291ef2c-ad9b-49cc-b002-b91147e80b96/current/log_inprogress_0
2019-11-14 12:42:00,960 [Thread-3949] INFO  impl.FollowerState (FollowerState.java:run(111)) - c6685414-dbf7-4d5a-a965-a6338d016232@group-83A055A99A4A-FollowerState: change to CANDIDATE, lastRpcTime:1105ms, electionTimeout:1105ms
2019-11-14 12:42:00,960 [Thread-3949] INFO  impl.RoleInfo (RoleInfo.java:shutdownFollowerState(121)) - c6685414-dbf7-4d5a-a965-a6338d016232: shutdown FollowerState
2019-11-14 12:42:00,960 [Thread-3949] INFO  impl.RaftServerImpl (RaftServerImpl.java:setRole(173)) - c6685414-dbf7-4d5a-a965-a6338d016232@group-83A055A99A4A: changes role from  FOLLOWER to CANDIDATE at term 0 for changeToCandidate
2019-11-14 12:42:00,960 [Thread-3949] INFO  impl.RoleInfo (RoleInfo.java:updateAndGet(143)) - c6685414-dbf7-4d5a-a965-a6338d016232: start LeaderElection
2019-11-14 12:42:01,002 [7f15e76e-ccdf-421e-a2ec-7ae8a15127a1@group-B91147E80B96-SegmentedRaftLogWorker] INFO  segmented.SegmentedRaftLogWorker (SegmentedRaftLogWorker.java:execute(576)) - 7f15e76e-ccdf-421e-a2ec-7ae8a15127a1@group-B91147E80B96-SegmentedRaftLogWorker: created new log segment /workdir/hadoop-ozone/integration-test/target/test-dir/MiniOzoneClusterImpl-00c2d61f-fa45-4119-a3b8-446fff627119/datanode-2/data/ratis/b291ef2c-ad9b-49cc-b002-b91147e80b96/current/log_inprogress_0
2019-11-14 12:42:01,002 [c6685414-dbf7-4d5a-a965-a6338d016232@group-83A055A99A4A-LeaderElection193] INFO  impl.LeaderElection (LeaderElection.java:askForVotes(178)) - c6685414-dbf7-4d5a-a965-a6338d016232@group-83A055A99A4A-LeaderElection193: begin an election at term 1 for -1: [c6685414-dbf7-4d5a-a965-a6338d016232:192.168.34.21:36095], old=null
2019-11-14 12:42:01,002 [c6685414-dbf7-4d5a-a965-a6338d016232@group-83A055A99A4A-LeaderElection193] INFO  impl.RoleInfo (RoleInfo.java:shutdownLeaderElection(134)) - c6685414-dbf7-4d5a-a965-a6338d016232: shutdown LeaderElection
2019-11-14 12:42:01,002 [246c57ec-d0aa-4f80-a8a4-72fa2ca2a50d@group-B91147E80B96-SegmentedRaftLogWorker] INFO  segmented.SegmentedRaftLogWorker (SegmentedRaftLogWorker.java:execute(576)) - 246c57ec-d0aa-4f80-a8a4-72fa2ca2a50d@group-B91147E80B96-SegmentedRaftLogWorker: created new log segment /workdir/hadoop-ozone/integration-test/target/test-dir/MiniOzoneClusterImpl-00c2d61f-fa45-4119-a3b8-446fff627119/datanode-0/data/ratis/b291ef2c-ad9b-49cc-b002-b91147e80b96/current/log_inprogress_0
2019-11-14 12:42:01,002 [c6685414-dbf7-4d5a-a965-a6338d016232@group-83A055A99A4A-LeaderElection193] INFO  impl.RaftServerImpl (RaftServerImpl.java:setRole(173)) - c6685414-dbf7-4d5a-a965-a6338d016232@group-83A055A99A4A: changes role from CANDIDATE to LEADER at term 1 for changeToLeader
2019-11-14 12:42:01,002 [c6685414-dbf7-4d5a-a965-a6338d016232@group-83A055A99A4A-LeaderElection193] INFO  ratis.XceiverServerRatis (XceiverServerRatis.java:handleLeaderChangedNotification(697)) - Leader change notification received for group: group-83A055A99A4A with new leaderId: c6685414-dbf7-4d5a-a965-a6338d016232
2019-11-14 12:42:01,002 [c6685414-dbf7-4d5a-a965-a6338d016232@group-83A055A99A4A-LeaderElection193] INFO  impl.RaftServerImpl (ServerState.java:setLeader(255)) - c6685414-dbf7-4d5a-a965-a6338d016232@group-83A055A99A4A: change Leader from null to c6685414-dbf7-4d5a-a965-a6338d016232 at term 1 for becomeLeader, leader elected after 1150ms
2019-11-14 12:42:01,003 [c6685414-dbf7-4d5a-a965-a6338d016232@group-83A055A99A4A-LeaderElection193] INFO  server.RaftServerConfigKeys (ConfUtils.java:logGet(43)) - raft.server.staging.catchup.gap = 1000 (default)
2019-11-14 12:42:01,005 [c6685414-dbf7-4d5a-a965-a6338d016232@group-83A055A99A4A-LeaderElection193] INFO  server.RaftServerConfigKeys (ConfUtils.java:logGet(43)) - raft.server.rpc.sleep.time = 25ms (default)
2019-11-14 12:42:01,005 [c6685414-dbf7-4d5a-a965-a6338d016232@group-83A055A99A4A-LeaderElection193] INFO  server.RaftServerConfigKeys (ConfUtils.java:logGet(43)) - raft.server.write.element-limit = 4096 (default)
2019-11-14 12:42:01,006 [c6685414-dbf7-4d5a-a965-a6338d016232@group-83A055A99A4A-LeaderElection193] INFO  server.RaftServerConfigKeys (ConfUtils.java:logGet(43)) - raft.server.watch.timeout = 10s (default)
2019-11-14 12:42:01,006 [c6685414-dbf7-4d5a-a965-a6338d016232@group-83A055A99A4A-LeaderElection193] INFO  server.RaftServerConfigKeys (ConfUtils.java:logGet(43)) - raft.server.watch.timeout.denomination = 1s (default)
2019-11-14 12:42:01,006 [c6685414-dbf7-4d5a-a965-a6338d016232@group-83A055A99A4A-LeaderElection193] INFO  server.RaftServerConfigKeys (ConfUtils.java:logGet(43)) - raft.server.watch.element-limit = 65536 (default)
2019-11-14 12:42:01,006 [EventQueue-PipelineReportForPipelineReportHandler] INFO  pipeline.PipelineStateManager (PipelineStateManager.java:openPipeline(134)) - Pipeline Pipeline[ Id: 73c667c6-f858-4f99-9297-83a055a99a4a, Nodes: c6685414-dbf7-4d5a-a965-a6338d016232{ip: 192.168.34.21, host: pr-hdds-2481-nxhrh-893604966, networkLocation: /rack1, certSerialId: null}, Type:RATIS, Factor:ONE, State:OPEN] moved to OPEN state
2019-11-14 12:42:01,006 [c6685414-dbf7-4d5a-a965-a6338d016232@group-83A055A99A4A-LeaderElection193] INFO  impl.RoleInfo (RoleInfo.java:updateAndGet(143)) - c6685414-dbf7-4d5a-a965-a6338d016232: start LeaderState
2019-11-14 12:42:01,006 [c6685414-dbf7-4d5a-a965-a6338d016232@group-83A055A99A4A-LeaderElection193] INFO  segmented.SegmentedRaftLogWorker (SegmentedRaftLogWorker.java:startLogSegment(385)) - c6685414-dbf7-4d5a-a965-a6338d016232@group-83A055A99A4A-SegmentedRaftLogWorker: Starting segment from index:0
2019-11-14 12:42:01,007 [c6685414-dbf7-4d5a-a965-a6338d016232@group-83A055A99A4A-LeaderElection193] INFO  impl.RaftServerImpl (ServerState.java:setRaftConf(356)) - c6685414-dbf7-4d5a-a965-a6338d016232@group-83A055A99A4A: set configuration 0: [c6685414-dbf7-4d5a-a965-a6338d016232:192.168.34.21:36095], old=null at 0
2019-11-14 12:42:01,049 [Thread-3952] INFO  impl.FollowerState (FollowerState.java:run(111)) - e0c88643-1b24-4b90-b706-4d063724ebcc@group-97BB879B6C31-FollowerState: change to CANDIDATE, lastRpcTime:1152ms, electionTimeout:1152ms
2019-11-14 12:42:01,049 [Thread-3952] INFO  impl.RoleInfo (RoleInfo.java:shutdownFollowerState(121)) - e0c88643-1b24-4b90-b706-4d063724ebcc: shutdown FollowerState
2019-11-14 12:42:01,049 [Thread-3952] INFO  impl.RaftServerImpl (RaftServerImpl.java:setRole(173)) - e0c88643-1b24-4b90-b706-4d063724ebcc@group-97BB879B6C31: changes role from  FOLLOWER to CANDIDATE at term 0 for changeToCandidate
2019-11-14 12:42:01,049 [Thread-3952] INFO  impl.RoleInfo (RoleInfo.java:updateAndGet(143)) - e0c88643-1b24-4b90-b706-4d063724ebcc: start LeaderElection
2019-11-14 12:42:01,053 [c6685414-dbf7-4d5a-a965-a6338d016232@group-83A055A99A4A-SegmentedRaftLogWorker] INFO  segmented.SegmentedRaftLogWorker (SegmentedRaftLogWorker.java:execute(576)) - c6685414-dbf7-4d5a-a965-a6338d016232@group-83A055A99A4A-SegmentedRaftLogWorker: created new log segment /workdir/hadoop-ozone/integration-test/target/test-dir/MiniOzoneClusterImpl-00c2d61f-fa45-4119-a3b8-446fff627119/datanode-5/data/ratis/73c667c6-f858-4f99-9297-83a055a99a4a/current/log_inprogress_0
2019-11-14 12:42:01,071 [Thread-3958] INFO  impl.FollowerState (FollowerState.java:run(111)) - 14503c04-9730-4ca2-acd0-60a84a10fce0@group-99DA77894C70-FollowerState: change to CANDIDATE, lastRpcTime:1085ms, electionTimeout:1085ms
2019-11-14 12:42:01,071 [Thread-3958] INFO  impl.RoleInfo (RoleInfo.java:shutdownFollowerState(121)) - 14503c04-9730-4ca2-acd0-60a84a10fce0: shutdown FollowerState
2019-11-14 12:42:01,071 [Thread-3958] INFO  impl.RaftServerImpl (RaftServerImpl.java:setRole(173)) - 14503c04-9730-4ca2-acd0-60a84a10fce0@group-99DA77894C70: changes role from  FOLLOWER to CANDIDATE at term 0 for changeToCandidate
2019-11-14 12:42:01,071 [Thread-3958] INFO  impl.RoleInfo (RoleInfo.java:updateAndGet(143)) - 14503c04-9730-4ca2-acd0-60a84a10fce0: start LeaderElection
2019-11-14 12:42:01,081 [Thread-3961] INFO  impl.FollowerState (FollowerState.java:run(111)) - c5630dbc-d159-4e74-a046-1b52429c3a82@group-5181374BD87B-FollowerState: change to CANDIDATE, lastRpcTime:1009ms, electionTimeout:1006ms
2019-11-14 12:42:01,082 [Thread-3961] INFO  impl.RoleInfo (RoleInfo.java:shutdownFollowerState(121)) - c5630dbc-d159-4e74-a046-1b52429c3a82: shutdown FollowerState
2019-11-14 12:42:01,082 [Thread-3961] INFO  impl.RaftServerImpl (RaftServerImpl.java:setRole(173)) - c5630dbc-d159-4e74-a046-1b52429c3a82@group-5181374BD87B: changes role from  FOLLOWER to CANDIDATE at term 0 for changeToCandidate
2019-11-14 12:42:01,082 [Thread-3961] INFO  impl.RoleInfo (RoleInfo.java:updateAndGet(143)) - c5630dbc-d159-4e74-a046-1b52429c3a82: start LeaderElection
2019-11-14 12:42:01,105 [Thread-3955] INFO  impl.FollowerState (FollowerState.java:run(111)) - 29b985cf-35b3-45a0-92a5-99fa8b812c1b@group-662D2E858492-FollowerState: change to CANDIDATE, lastRpcTime:1160ms, electionTimeout:1160ms
2019-11-14 12:42:01,105 [Thread-3955] INFO  impl.RoleInfo (RoleInfo.java:shutdownFollowerState(121)) - 29b985cf-35b3-45a0-92a5-99fa8b812c1b: shutdown FollowerState
2019-11-14 12:42:01,105 [Thread-3955] INFO  impl.RaftServerImpl (RaftServerImpl.java:setRole(173)) - 29b985cf-35b3-45a0-92a5-99fa8b812c1b@group-662D2E858492: changes role from  FOLLOWER to CANDIDATE at term 0 for changeToCandidate
2019-11-14 12:42:01,106 [Thread-3955] INFO  impl.RoleInfo (RoleInfo.java:updateAndGet(143)) - 29b985cf-35b3-45a0-92a5-99fa8b812c1b: start LeaderElection
2019-11-14 12:42:01,109 [c5630dbc-d159-4e74-a046-1b52429c3a82@group-5181374BD87B-LeaderElection196] INFO  impl.LeaderElection (LeaderElection.java:askForVotes(178)) - c5630dbc-d159-4e74-a046-1b52429c3a82@group-5181374BD87B-LeaderElection196: begin an election at term 1 for -1: [c5630dbc-d159-4e74-a046-1b52429c3a82:192.168.34.21:34180], old=null
2019-11-14 12:42:01,109 [14503c04-9730-4ca2-acd0-60a84a10fce0@group-99DA77894C70-LeaderElection195] INFO  impl.LeaderElection (LeaderElection.java:askForVotes(178)) - 14503c04-9730-4ca2-acd0-60a84a10fce0@group-99DA77894C70-LeaderElection195: begin an election at term 1 for -1: [14503c04-9730-4ca2-acd0-60a84a10fce0:192.168.34.21:41845], old=null
2019-11-14 12:42:01,109 [c5630dbc-d159-4e74-a046-1b52429c3a82@group-5181374BD87B-LeaderElection196] INFO  impl.RoleInfo (RoleInfo.java:shutdownLeaderElection(134)) - c5630dbc-d159-4e74-a046-1b52429c3a82: shutdown LeaderElection
2019-11-14 12:42:01,109 [e0c88643-1b24-4b90-b706-4d063724ebcc@group-97BB879B6C31-LeaderElection194] INFO  impl.LeaderElection (LeaderElection.java:askForVotes(178)) - e0c88643-1b24-4b90-b706-4d063724ebcc@group-97BB879B6C31-LeaderElection194: begin an election at term 1 for -1: [e0c88643-1b24-4b90-b706-4d063724ebcc:192.168.34.21:42559], old=null
2019-11-14 12:42:01,109 [c5630dbc-d159-4e74-a046-1b52429c3a82@group-5181374BD87B-LeaderElection196] INFO  impl.RaftServerImpl (RaftServerImpl.java:setRole(173)) - c5630dbc-d159-4e74-a046-1b52429c3a82@group-5181374BD87B: changes role from CANDIDATE to LEADER at term 1 for changeToLeader
2019-11-14 12:42:01,109 [14503c04-9730-4ca2-acd0-60a84a10fce0@group-99DA77894C70-LeaderElection195] INFO  impl.RoleInfo (RoleInfo.java:shutdownLeaderElection(134)) - 14503c04-9730-4ca2-acd0-60a84a10fce0: shutdown LeaderElection
2019-11-14 12:42:01,109 [c5630dbc-d159-4e74-a046-1b52429c3a82@group-5181374BD87B-LeaderElection196] INFO  ratis.XceiverServerRatis (XceiverServerRatis.java:handleLeaderChangedNotification(697)) - Leader change notification received for group: group-5181374BD87B with new leaderId: c5630dbc-d159-4e74-a046-1b52429c3a82
2019-11-14 12:42:01,109 [e0c88643-1b24-4b90-b706-4d063724ebcc@group-97BB879B6C31-LeaderElection194] INFO  impl.RoleInfo (RoleInfo.java:shutdownLeaderElection(134)) - e0c88643-1b24-4b90-b706-4d063724ebcc: shutdown LeaderElection
2019-11-14 12:42:01,110 [c5630dbc-d159-4e74-a046-1b52429c3a82@group-5181374BD87B-LeaderElection196] INFO  impl.RaftServerImpl (ServerState.java:setLeader(255)) - c5630dbc-d159-4e74-a046-1b52429c3a82@group-5181374BD87B: change Leader from null to c5630dbc-d159-4e74-a046-1b52429c3a82 at term 1 for becomeLeader, leader elected after 1043ms
2019-11-14 12:42:01,110 [14503c04-9730-4ca2-acd0-60a84a10fce0@group-99DA77894C70-LeaderElection195] INFO  impl.RaftServerImpl (RaftServerImpl.java:setRole(173)) - 14503c04-9730-4ca2-acd0-60a84a10fce0@group-99DA77894C70: changes role from CANDIDATE to LEADER at term 1 for changeToLeader
2019-11-14 12:42:01,110 [c5630dbc-d159-4e74-a046-1b52429c3a82@group-5181374BD87B-LeaderElection196] INFO  server.RaftServerConfigKeys (ConfUtils.java:logGet(43)) - raft.server.staging.catchup.gap = 1000 (default)
2019-11-14 12:42:01,110 [e0c88643-1b24-4b90-b706-4d063724ebcc@group-97BB879B6C31-LeaderElection194] INFO  impl.RaftServerImpl (RaftServerImpl.java:setRole(173)) - e0c88643-1b24-4b90-b706-4d063724ebcc@group-97BB879B6C31: changes role from CANDIDATE to LEADER at term 1 for changeToLeader
2019-11-14 12:42:01,111 [c5630dbc-d159-4e74-a046-1b52429c3a82@group-5181374BD87B-LeaderElection196] INFO  server.RaftServerConfigKeys (ConfUtils.java:logGet(43)) - raft.server.rpc.sleep.time = 25ms (default)
2019-11-14 12:42:01,110 [14503c04-9730-4ca2-acd0-60a84a10fce0@group-99DA77894C70-LeaderElection195] INFO  ratis.XceiverServerRatis (XceiverServerRatis.java:handleLeaderChangedNotification(697)) - Leader change notification received for group: group-99DA77894C70 with new leaderId: 14503c04-9730-4ca2-acd0-60a84a10fce0
2019-11-14 12:42:01,112 [c5630dbc-d159-4e74-a046-1b52429c3a82@group-5181374BD87B-LeaderElection196] INFO  server.RaftServerConfigKeys (ConfUtils.java:logGet(43)) - raft.server.write.element-limit = 4096 (default)
2019-11-14 12:42:01,111 [e0c88643-1b24-4b90-b706-4d063724ebcc@group-97BB879B6C31-LeaderElection194] INFO  ratis.XceiverServerRatis (XceiverServerRatis.java:handleLeaderChangedNotification(697)) - Leader change notification received for group: group-97BB879B6C31 with new leaderId: e0c88643-1b24-4b90-b706-4d063724ebcc
2019-11-14 12:42:01,112 [c5630dbc-d159-4e74-a046-1b52429c3a82@group-5181374BD87B-LeaderElection196] INFO  server.RaftServerConfigKeys (ConfUtils.java:logGet(43)) - raft.server.watch.timeout = 10s (default)
2019-11-14 12:42:01,112 [14503c04-9730-4ca2-acd0-60a84a10fce0@group-99DA77894C70-LeaderElection195] INFO  impl.RaftServerImpl (ServerState.java:setLeader(255)) - 14503c04-9730-4ca2-acd0-60a84a10fce0@group-99DA77894C70: change Leader from null to 14503c04-9730-4ca2-acd0-60a84a10fce0 at term 1 for becomeLeader, leader elected after 1128ms
2019-11-14 12:42:01,114 [EventQueue-PipelineReportForPipelineReportHandler] INFO  pipeline.PipelineStateManager (PipelineStateManager.java:openPipeline(134)) - Pipeline Pipeline[ Id: e895adc0-08c7-48d9-9508-5181374bd87b, Nodes: c5630dbc-d159-4e74-a046-1b52429c3a82{ip: 192.168.34.21, host: pr-hdds-2481-nxhrh-893604966, networkLocation: /rack1, certSerialId: null}, Type:RATIS, Factor:ONE, State:OPEN] moved to OPEN state
2019-11-14 12:42:01,112 [c5630dbc-d159-4e74-a046-1b52429c3a82@group-5181374BD87B-LeaderElection196] INFO  server.RaftServerConfigKeys (ConfUtils.java:logGet(43)) - raft.server.watch.timeout.denomination = 1s (default)
2019-11-14 12:42:01,114 [c5630dbc-d159-4e74-a046-1b52429c3a82@group-5181374BD87B-LeaderElection196] INFO  server.RaftServerConfigKeys (ConfUtils.java:logGet(43)) - raft.server.watch.element-limit = 65536 (default)
2019-11-14 12:42:01,112 [e0c88643-1b24-4b90-b706-4d063724ebcc@group-97BB879B6C31-LeaderElection194] INFO  impl.RaftServerImpl (ServerState.java:setLeader(255)) - e0c88643-1b24-4b90-b706-4d063724ebcc@group-97BB879B6C31: change Leader from null to e0c88643-1b24-4b90-b706-4d063724ebcc at term 1 for becomeLeader, leader elected after 1218ms
2019-11-14 12:42:01,114 [c5630dbc-d159-4e74-a046-1b52429c3a82@group-5181374BD87B-LeaderElection196] INFO  impl.RoleInfo (RoleInfo.java:updateAndGet(143)) - c5630dbc-d159-4e74-a046-1b52429c3a82: start LeaderState
2019-11-14 12:42:01,114 [14503c04-9730-4ca2-acd0-60a84a10fce0@group-99DA77894C70-LeaderElection195] INFO  server.RaftServerConfigKeys (ConfUtils.java:logGet(43)) - raft.server.staging.catchup.gap = 1000 (default)
2019-11-14 12:42:01,114 [EventQueue-PipelineReportForPipelineReportHandler] INFO  pipeline.PipelineStateManager (PipelineStateManager.java:openPipeline(134)) - Pipeline Pipeline[ Id: ae5c27a3-cc76-452b-b9dc-99da77894c70, Nodes: 14503c04-9730-4ca2-acd0-60a84a10fce0{ip: 192.168.34.21, host: pr-hdds-2481-nxhrh-893604966, networkLocation: /rack1, certSerialId: null}, Type:RATIS, Factor:ONE, State:OPEN] moved to OPEN state
2019-11-14 12:42:01,114 [e0c88643-1b24-4b90-b706-4d063724ebcc@group-97BB879B6C31-LeaderElection194] INFO  server.RaftServerConfigKeys (ConfUtils.java:logGet(43)) - raft.server.staging.catchup.gap = 1000 (default)
2019-11-14 12:42:01,114 [EventQueue-PipelineReportForPipelineReportHandler] INFO  pipeline.PipelineStateManager (PipelineStateManager.java:openPipeline(134)) - Pipeline Pipeline[ Id: 605f6e15-d294-4bae-a2cc-97bb879b6c31, Nodes: e0c88643-1b24-4b90-b706-4d063724ebcc{ip: 192.168.34.21, host: pr-hdds-2481-nxhrh-893604966, networkLocation: /rack1, certSerialId: null}, Type:RATIS, Factor:ONE, State:OPEN] moved to OPEN state
2019-11-14 12:42:01,114 [c5630dbc-d159-4e74-a046-1b52429c3a82@group-5181374BD87B-LeaderElection196] INFO  segmented.SegmentedRaftLogWorker (SegmentedRaftLogWorker.java:startLogSegment(385)) - c5630dbc-d159-4e74-a046-1b52429c3a82@group-5181374BD87B-SegmentedRaftLogWorker: Starting segment from index:0
2019-11-14 12:42:01,114 [14503c04-9730-4ca2-acd0-60a84a10fce0@group-99DA77894C70-LeaderElection195] INFO  server.RaftServerConfigKeys (ConfUtils.java:logGet(43)) - raft.server.rpc.sleep.time = 25ms (default)
2019-11-14 12:42:01,114 [e0c88643-1b24-4b90-b706-4d063724ebcc@group-97BB879B6C31-LeaderElection194] INFO  server.RaftServerConfigKeys (ConfUtils.java:logGet(43)) - raft.server.rpc.sleep.time = 25ms (default)
2019-11-14 12:42:01,115 [14503c04-9730-4ca2-acd0-60a84a10fce0@group-99DA77894C70-LeaderElection195] INFO  server.RaftServerConfigKeys (ConfUtils.java:logGet(43)) - raft.server.write.element-limit = 4096 (default)
2019-11-14 12:42:01,115 [e0c88643-1b24-4b90-b706-4d063724ebcc@group-97BB879B6C31-LeaderElection194] INFO  server.RaftServerConfigKeys (ConfUtils.java:logGet(43)) - raft.server.write.element-limit = 4096 (default)
2019-11-14 12:42:01,115 [c5630dbc-d159-4e74-a046-1b52429c3a82@group-5181374BD87B-LeaderElection196] INFO  impl.RaftServerImpl (ServerState.java:setRaftConf(356)) - c5630dbc-d159-4e74-a046-1b52429c3a82@group-5181374BD87B: set configuration 0: [c5630dbc-d159-4e74-a046-1b52429c3a82:192.168.34.21:34180], old=null at 0
2019-11-14 12:42:01,115 [e0c88643-1b24-4b90-b706-4d063724ebcc@group-97BB879B6C31-LeaderElection194] INFO  server.RaftServerConfigKeys (ConfUtils.java:logGet(43)) - raft.server.watch.timeout = 10s (default)
2019-11-14 12:42:01,115 [14503c04-9730-4ca2-acd0-60a84a10fce0@group-99DA77894C70-LeaderElection195] INFO  server.RaftServerConfigKeys (ConfUtils.java:logGet(43)) - raft.server.watch.timeout = 10s (default)
2019-11-14 12:42:01,115 [e0c88643-1b24-4b90-b706-4d063724ebcc@group-97BB879B6C31-LeaderElection194] INFO  server.RaftServerConfigKeys (ConfUtils.java:logGet(43)) - raft.server.watch.timeout.denomination = 1s (default)
2019-11-14 12:42:01,115 [14503c04-9730-4ca2-acd0-60a84a10fce0@group-99DA77894C70-LeaderElection195] INFO  server.RaftServerConfigKeys (ConfUtils.java:logGet(43)) - raft.server.watch.timeout.denomination = 1s (default)
2019-11-14 12:42:01,116 [e0c88643-1b24-4b90-b706-4d063724ebcc@group-97BB879B6C31-LeaderElection194] INFO  server.RaftServerConfigKeys (ConfUtils.java:logGet(43)) - raft.server.watch.element-limit = 65536 (default)
2019-11-14 12:42:01,116 [14503c04-9730-4ca2-acd0-60a84a10fce0@group-99DA77894C70-LeaderElection195] INFO  server.RaftServerConfigKeys (ConfUtils.java:logGet(43)) - raft.server.watch.element-limit = 65536 (default)
2019-11-14 12:42:01,116 [e0c88643-1b24-4b90-b706-4d063724ebcc@group-97BB879B6C31-LeaderElection194] INFO  impl.RoleInfo (RoleInfo.java:updateAndGet(143)) - e0c88643-1b24-4b90-b706-4d063724ebcc: start LeaderState
2019-11-14 12:42:01,116 [14503c04-9730-4ca2-acd0-60a84a10fce0@group-99DA77894C70-LeaderElection195] INFO  impl.RoleInfo (RoleInfo.java:updateAndGet(143)) - 14503c04-9730-4ca2-acd0-60a84a10fce0: start LeaderState
2019-11-14 12:42:01,116 [e0c88643-1b24-4b90-b706-4d063724ebcc@group-97BB879B6C31-LeaderElection194] INFO  segmented.SegmentedRaftLogWorker (SegmentedRaftLogWorker.java:startLogSegment(385)) - e0c88643-1b24-4b90-b706-4d063724ebcc@group-97BB879B6C31-SegmentedRaftLogWorker: Starting segment from index:0
2019-11-14 12:42:01,116 [14503c04-9730-4ca2-acd0-60a84a10fce0@group-99DA77894C70-LeaderElection195] INFO  segmented.SegmentedRaftLogWorker (SegmentedRaftLogWorker.java:startLogSegment(385)) - 14503c04-9730-4ca2-acd0-60a84a10fce0@group-99DA77894C70-SegmentedRaftLogWorker: Starting segment from index:0
2019-11-14 12:42:01,116 [e0c88643-1b24-4b90-b706-4d063724ebcc@group-97BB879B6C31-LeaderElection194] INFO  impl.RaftServerImpl (ServerState.java:setRaftConf(356)) - e0c88643-1b24-4b90-b706-4d063724ebcc@group-97BB879B6C31: set configuration 0: [e0c88643-1b24-4b90-b706-4d063724ebcc:192.168.34.21:42559], old=null at 0
2019-11-14 12:42:01,117 [14503c04-9730-4ca2-acd0-60a84a10fce0@group-99DA77894C70-LeaderElection195] INFO  impl.RaftServerImpl (ServerState.java:setRaftConf(356)) - 14503c04-9730-4ca2-acd0-60a84a10fce0@group-99DA77894C70: set configuration 0: [14503c04-9730-4ca2-acd0-60a84a10fce0:192.168.34.21:41845], old=null at 0
2019-11-14 12:42:01,125 [29b985cf-35b3-45a0-92a5-99fa8b812c1b@group-662D2E858492-LeaderElection197] INFO  impl.LeaderElection (LeaderElection.java:askForVotes(178)) - 29b985cf-35b3-45a0-92a5-99fa8b812c1b@group-662D2E858492-LeaderElection197: begin an election at term 1 for -1: [29b985cf-35b3-45a0-92a5-99fa8b812c1b:192.168.34.21:41805], old=null
2019-11-14 12:42:01,125 [29b985cf-35b3-45a0-92a5-99fa8b812c1b@group-662D2E858492-LeaderElection197] INFO  impl.RoleInfo (RoleInfo.java:shutdownLeaderElection(134)) - 29b985cf-35b3-45a0-92a5-99fa8b812c1b: shutdown LeaderElection
2019-11-14 12:42:01,125 [29b985cf-35b3-45a0-92a5-99fa8b812c1b@group-662D2E858492-LeaderElection197] INFO  impl.RaftServerImpl (RaftServerImpl.java:setRole(173)) - 29b985cf-35b3-45a0-92a5-99fa8b812c1b@group-662D2E858492: changes role from CANDIDATE to LEADER at term 1 for changeToLeader
2019-11-14 12:42:01,125 [29b985cf-35b3-45a0-92a5-99fa8b812c1b@group-662D2E858492-LeaderElection197] INFO  ratis.XceiverServerRatis (XceiverServerRatis.java:handleLeaderChangedNotification(697)) - Leader change notification received for group: group-662D2E858492 with new leaderId: 29b985cf-35b3-45a0-92a5-99fa8b812c1b
2019-11-14 12:42:01,125 [29b985cf-35b3-45a0-92a5-99fa8b812c1b@group-662D2E858492-LeaderElection197] INFO  impl.RaftServerImpl (ServerState.java:setLeader(255)) - 29b985cf-35b3-45a0-92a5-99fa8b812c1b@group-662D2E858492: change Leader from null to 29b985cf-35b3-45a0-92a5-99fa8b812c1b at term 1 for becomeLeader, leader elected after 1183ms
2019-11-14 12:42:01,126 [29b985cf-35b3-45a0-92a5-99fa8b812c1b@group-662D2E858492-LeaderElection197] INFO  server.RaftServerConfigKeys (ConfUtils.java:logGet(43)) - raft.server.staging.catchup.gap = 1000 (default)
2019-11-14 12:42:01,126 [29b985cf-35b3-45a0-92a5-99fa8b812c1b@group-662D2E858492-LeaderElection197] INFO  server.RaftServerConfigKeys (ConfUtils.java:logGet(43)) - raft.server.rpc.sleep.time = 25ms (default)
2019-11-14 12:42:01,152 [29b985cf-35b3-45a0-92a5-99fa8b812c1b@group-662D2E858492-LeaderElection197] INFO  server.RaftServerConfigKeys (ConfUtils.java:logGet(43)) - raft.server.write.element-limit = 4096 (default)
2019-11-14 12:42:01,152 [29b985cf-35b3-45a0-92a5-99fa8b812c1b@group-662D2E858492-LeaderElection197] INFO  server.RaftServerConfigKeys (ConfUtils.java:logGet(43)) - raft.server.watch.timeout = 10s (default)
2019-11-14 12:42:01,152 [29b985cf-35b3-45a0-92a5-99fa8b812c1b@group-662D2E858492-LeaderElection197] INFO  server.RaftServerConfigKeys (ConfUtils.java:logGet(43)) - raft.server.watch.timeout.denomination = 1s (default)
2019-11-14 12:42:01,152 [29b985cf-35b3-45a0-92a5-99fa8b812c1b@group-662D2E858492-LeaderElection197] INFO  server.RaftServerConfigKeys (ConfUtils.java:logGet(43)) - raft.server.watch.element-limit = 65536 (default)
2019-11-14 12:42:01,152 [29b985cf-35b3-45a0-92a5-99fa8b812c1b@group-662D2E858492-LeaderElection197] INFO  impl.RoleInfo (RoleInfo.java:updateAndGet(143)) - 29b985cf-35b3-45a0-92a5-99fa8b812c1b: start LeaderState
2019-11-14 12:42:01,152 [EventQueue-PipelineReportForPipelineReportHandler] INFO  pipeline.PipelineStateManager (PipelineStateManager.java:openPipeline(134)) - Pipeline Pipeline[ Id: 98bbe551-b25b-46dc-8693-662d2e858492, Nodes: 29b985cf-35b3-45a0-92a5-99fa8b812c1b{ip: 192.168.34.21, host: pr-hdds-2481-nxhrh-893604966, networkLocation: /rack1, certSerialId: null}, Type:RATIS, Factor:ONE, State:OPEN] moved to OPEN state
2019-11-14 12:42:01,152 [29b985cf-35b3-45a0-92a5-99fa8b812c1b@group-662D2E858492-LeaderElection197] INFO  segmented.SegmentedRaftLogWorker (SegmentedRaftLogWorker.java:startLogSegment(385)) - 29b985cf-35b3-45a0-92a5-99fa8b812c1b@group-662D2E858492-SegmentedRaftLogWorker: Starting segment from index:0
2019-11-14 12:42:01,153 [29b985cf-35b3-45a0-92a5-99fa8b812c1b@group-662D2E858492-LeaderElection197] INFO  impl.RaftServerImpl (ServerState.java:setRaftConf(356)) - 29b985cf-35b3-45a0-92a5-99fa8b812c1b@group-662D2E858492: set configuration 0: [29b985cf-35b3-45a0-92a5-99fa8b812c1b:192.168.34.21:41805], old=null at 0
2019-11-14 12:42:01,164 [14503c04-9730-4ca2-acd0-60a84a10fce0@group-99DA77894C70-SegmentedRaftLogWorker] INFO  segmented.SegmentedRaftLogWorker (SegmentedRaftLogWorker.java:execute(576)) - 14503c04-9730-4ca2-acd0-60a84a10fce0@group-99DA77894C70-SegmentedRaftLogWorker: created new log segment /workdir/hadoop-ozone/integration-test/target/test-dir/MiniOzoneClusterImpl-00c2d61f-fa45-4119-a3b8-446fff627119/datanode-3/data/ratis/ae5c27a3-cc76-452b-b9dc-99da77894c70/current/log_inprogress_0
2019-11-14 12:42:01,164 [c5630dbc-d159-4e74-a046-1b52429c3a82@group-5181374BD87B-SegmentedRaftLogWorker] INFO  segmented.SegmentedRaftLogWorker (SegmentedRaftLogWorker.java:execute(576)) - c5630dbc-d159-4e74-a046-1b52429c3a82@group-5181374BD87B-SegmentedRaftLogWorker: created new log segment /workdir/hadoop-ozone/integration-test/target/test-dir/MiniOzoneClusterImpl-00c2d61f-fa45-4119-a3b8-446fff627119/datanode-7/data/ratis/e895adc0-08c7-48d9-9508-5181374bd87b/current/log_inprogress_0
2019-11-14 12:42:01,164 [e0c88643-1b24-4b90-b706-4d063724ebcc@group-97BB879B6C31-SegmentedRaftLogWorker] INFO  segmented.SegmentedRaftLogWorker (SegmentedRaftLogWorker.java:execute(576)) - e0c88643-1b24-4b90-b706-4d063724ebcc@group-97BB879B6C31-SegmentedRaftLogWorker: created new log segment /workdir/hadoop-ozone/integration-test/target/test-dir/MiniOzoneClusterImpl-00c2d61f-fa45-4119-a3b8-446fff627119/datanode-4/data/ratis/605f6e15-d294-4bae-a2cc-97bb879b6c31/current/log_inprogress_0
2019-11-14 12:42:01,203 [29b985cf-35b3-45a0-92a5-99fa8b812c1b@group-662D2E858492-SegmentedRaftLogWorker] INFO  segmented.SegmentedRaftLogWorker (SegmentedRaftLogWorker.java:execute(576)) - 29b985cf-35b3-45a0-92a5-99fa8b812c1b@group-662D2E858492-SegmentedRaftLogWorker: created new log segment /workdir/hadoop-ozone/integration-test/target/test-dir/MiniOzoneClusterImpl-00c2d61f-fa45-4119-a3b8-446fff627119/datanode-6/data/ratis/98bbe551-b25b-46dc-8693-662d2e858492/current/log_inprogress_0
2019-11-14 12:42:01,212 [Thread-3967] INFO  impl.FollowerState (FollowerState.java:run(111)) - 0ff44171-e26a-4ef7-8f26-7a0f9c51011c@group-665A15042453-FollowerState: change to CANDIDATE, lastRpcTime:1056ms, electionTimeout:1056ms
2019-11-14 12:42:01,213 [Thread-3967] INFO  impl.RoleInfo (RoleInfo.java:shutdownFollowerState(121)) - 0ff44171-e26a-4ef7-8f26-7a0f9c51011c: shutdown FollowerState
2019-11-14 12:42:01,213 [Thread-3967] INFO  impl.RaftServerImpl (RaftServerImpl.java:setRole(173)) - 0ff44171-e26a-4ef7-8f26-7a0f9c51011c@group-665A15042453: changes role from  FOLLOWER to CANDIDATE at term 0 for changeToCandidate
2019-11-14 12:42:01,213 [Thread-3967] INFO  impl.RoleInfo (RoleInfo.java:updateAndGet(143)) - 0ff44171-e26a-4ef7-8f26-7a0f9c51011c: start LeaderElection
2019-11-14 12:42:01,224 [Thread-3964] INFO  impl.FollowerState (FollowerState.java:run(111)) - 014ed27e-4853-41cc-a50c-9de7527fd6a0@group-C579C60BF44B-FollowerState: change to CANDIDATE, lastRpcTime:1109ms, electionTimeout:1109ms
2019-11-14 12:42:01,224 [Thread-3964] INFO  impl.RoleInfo (RoleInfo.java:shutdownFollowerState(121)) - 014ed27e-4853-41cc-a50c-9de7527fd6a0: shutdown FollowerState
2019-11-14 12:42:01,224 [Thread-3964] INFO  impl.RaftServerImpl (RaftServerImpl.java:setRole(173)) - 014ed27e-4853-41cc-a50c-9de7527fd6a0@group-C579C60BF44B: changes role from  FOLLOWER to CANDIDATE at term 0 for changeToCandidate
2019-11-14 12:42:01,224 [Thread-3964] INFO  impl.RoleInfo (RoleInfo.java:updateAndGet(143)) - 014ed27e-4853-41cc-a50c-9de7527fd6a0: start LeaderElection
2019-11-14 12:42:01,233 [0ff44171-e26a-4ef7-8f26-7a0f9c51011c@group-665A15042453-LeaderElection198] INFO  impl.LeaderElection (LeaderElection.java:askForVotes(178)) - 0ff44171-e26a-4ef7-8f26-7a0f9c51011c@group-665A15042453-LeaderElection198: begin an election at term 1 for -1: [0ff44171-e26a-4ef7-8f26-7a0f9c51011c:192.168.34.21:43866], old=null
2019-11-14 12:42:01,233 [014ed27e-4853-41cc-a50c-9de7527fd6a0@group-C579C60BF44B-LeaderElection199] INFO  impl.LeaderElection (LeaderElection.java:askForVotes(178)) - 014ed27e-4853-41cc-a50c-9de7527fd6a0@group-C579C60BF44B-LeaderElection199: begin an election at term 1 for -1: [014ed27e-4853-41cc-a50c-9de7527fd6a0:192.168.34.21:41029], old=null
2019-11-14 12:42:01,233 [0ff44171-e26a-4ef7-8f26-7a0f9c51011c@group-665A15042453-LeaderElection198] INFO  impl.RoleInfo (RoleInfo.java:shutdownLeaderElection(134)) - 0ff44171-e26a-4ef7-8f26-7a0f9c51011c: shutdown LeaderElection
2019-11-14 12:42:01,233 [014ed27e-4853-41cc-a50c-9de7527fd6a0@group-C579C60BF44B-LeaderElection199] INFO  impl.RoleInfo (RoleInfo.java:shutdownLeaderElection(134)) - 014ed27e-4853-41cc-a50c-9de7527fd6a0: shutdown LeaderElection
2019-11-14 12:42:01,234 [0ff44171-e26a-4ef7-8f26-7a0f9c51011c@group-665A15042453-LeaderElection198] INFO  impl.RaftServerImpl (RaftServerImpl.java:setRole(173)) - 0ff44171-e26a-4ef7-8f26-7a0f9c51011c@group-665A15042453: changes role from CANDIDATE to LEADER at term 1 for changeToLeader
2019-11-14 12:42:01,234 [014ed27e-4853-41cc-a50c-9de7527fd6a0@group-C579C60BF44B-LeaderElection199] INFO  impl.RaftServerImpl (RaftServerImpl.java:setRole(173)) - 014ed27e-4853-41cc-a50c-9de7527fd6a0@group-C579C60BF44B: changes role from CANDIDATE to LEADER at term 1 for changeToLeader
2019-11-14 12:42:01,234 [0ff44171-e26a-4ef7-8f26-7a0f9c51011c@group-665A15042453-LeaderElection198] INFO  ratis.XceiverServerRatis (XceiverServerRatis.java:handleLeaderChangedNotification(697)) - Leader change notification received for group: group-665A15042453 with new leaderId: 0ff44171-e26a-4ef7-8f26-7a0f9c51011c
2019-11-14 12:42:01,234 [014ed27e-4853-41cc-a50c-9de7527fd6a0@group-C579C60BF44B-LeaderElection199] INFO  ratis.XceiverServerRatis (XceiverServerRatis.java:handleLeaderChangedNotification(697)) - Leader change notification received for group: group-C579C60BF44B with new leaderId: 014ed27e-4853-41cc-a50c-9de7527fd6a0
2019-11-14 12:42:01,234 [0ff44171-e26a-4ef7-8f26-7a0f9c51011c@group-665A15042453-LeaderElection198] INFO  impl.RaftServerImpl (ServerState.java:setLeader(255)) - 0ff44171-e26a-4ef7-8f26-7a0f9c51011c@group-665A15042453: change Leader from null to 0ff44171-e26a-4ef7-8f26-7a0f9c51011c at term 1 for becomeLeader, leader elected after 1081ms
2019-11-14 12:42:01,234 [014ed27e-4853-41cc-a50c-9de7527fd6a0@group-C579C60BF44B-LeaderElection199] INFO  impl.RaftServerImpl (ServerState.java:setLeader(255)) - 014ed27e-4853-41cc-a50c-9de7527fd6a0@group-C579C60BF44B: change Leader from null to 014ed27e-4853-41cc-a50c-9de7527fd6a0 at term 1 for becomeLeader, leader elected after 1123ms
2019-11-14 12:42:01,234 [0ff44171-e26a-4ef7-8f26-7a0f9c51011c@group-665A15042453-LeaderElection198] INFO  server.RaftServerConfigKeys (ConfUtils.java:logGet(43)) - raft.server.staging.catchup.gap = 1000 (default)
2019-11-14 12:42:01,234 [014ed27e-4853-41cc-a50c-9de7527fd6a0@group-C579C60BF44B-LeaderElection199] INFO  server.RaftServerConfigKeys (ConfUtils.java:logGet(43)) - raft.server.staging.catchup.gap = 1000 (default)
2019-11-14 12:42:01,244 [014ed27e-4853-41cc-a50c-9de7527fd6a0@group-C579C60BF44B-LeaderElection199] INFO  server.RaftServerConfigKeys (ConfUtils.java:logGet(43)) - raft.server.rpc.sleep.time = 25ms (default)
2019-11-14 12:42:01,244 [0ff44171-e26a-4ef7-8f26-7a0f9c51011c@group-665A15042453-LeaderElection198] INFO  server.RaftServerConfigKeys (ConfUtils.java:logGet(43)) - raft.server.rpc.sleep.time = 25ms (default)
2019-11-14 12:42:01,244 [014ed27e-4853-41cc-a50c-9de7527fd6a0@group-C579C60BF44B-LeaderElection199] INFO  server.RaftServerConfigKeys (ConfUtils.java:logGet(43)) - raft.server.write.element-limit = 4096 (default)
2019-11-14 12:42:01,244 [0ff44171-e26a-4ef7-8f26-7a0f9c51011c@group-665A15042453-LeaderElection198] INFO  server.RaftServerConfigKeys (ConfUtils.java:logGet(43)) - raft.server.write.element-limit = 4096 (default)
2019-11-14 12:42:01,244 [014ed27e-4853-41cc-a50c-9de7527fd6a0@group-C579C60BF44B-LeaderElection199] INFO  server.RaftServerConfigKeys (ConfUtils.java:logGet(43)) - raft.server.watch.timeout = 10s (default)
2019-11-14 12:42:01,244 [0ff44171-e26a-4ef7-8f26-7a0f9c51011c@group-665A15042453-LeaderElection198] INFO  server.RaftServerConfigKeys (ConfUtils.java:logGet(43)) - raft.server.watch.timeout = 10s (default)
2019-11-14 12:42:01,244 [014ed27e-4853-41cc-a50c-9de7527fd6a0@group-C579C60BF44B-LeaderElection199] INFO  server.RaftServerConfigKeys (ConfUtils.java:logGet(43)) - raft.server.watch.timeout.denomination = 1s (default)
2019-11-14 12:42:01,245 [EventQueue-PipelineReportForPipelineReportHandler] INFO  pipeline.PipelineStateManager (PipelineStateManager.java:openPipeline(134)) - Pipeline Pipeline[ Id: 326030f2-c249-4a8d-a164-c579c60bf44b, Nodes: 014ed27e-4853-41cc-a50c-9de7527fd6a0{ip: 192.168.34.21, host: pr-hdds-2481-nxhrh-893604966, networkLocation: /rack1, certSerialId: null}, Type:RATIS, Factor:ONE, State:OPEN] moved to OPEN state
2019-11-14 12:42:01,245 [0ff44171-e26a-4ef7-8f26-7a0f9c51011c@group-665A15042453-LeaderElection198] INFO  server.RaftServerConfigKeys (ConfUtils.java:logGet(43)) - raft.server.watch.timeout.denomination = 1s (default)
2019-11-14 12:42:01,245 [014ed27e-4853-41cc-a50c-9de7527fd6a0@group-C579C60BF44B-LeaderElection199] INFO  server.RaftServerConfigKeys (ConfUtils.java:logGet(43)) - raft.server.watch.element-limit = 65536 (default)
2019-11-14 12:42:01,245 [0ff44171-e26a-4ef7-8f26-7a0f9c51011c@group-665A15042453-LeaderElection198] INFO  server.RaftServerConfigKeys (ConfUtils.java:logGet(43)) - raft.server.watch.element-limit = 65536 (default)
2019-11-14 12:42:01,245 [EventQueue-PipelineReportForPipelineReportHandler] INFO  pipeline.PipelineStateManager (PipelineStateManager.java:openPipeline(134)) - Pipeline Pipeline[ Id: 98af25aa-9808-4cd6-b0a8-665a15042453, Nodes: 0ff44171-e26a-4ef7-8f26-7a0f9c51011c{ip: 192.168.34.21, host: pr-hdds-2481-nxhrh-893604966, networkLocation: /rack1, certSerialId: null}, Type:RATIS, Factor:ONE, State:OPEN] moved to OPEN state
2019-11-14 12:42:01,245 [0ff44171-e26a-4ef7-8f26-7a0f9c51011c@group-665A15042453-LeaderElection198] INFO  impl.RoleInfo (RoleInfo.java:updateAndGet(143)) - 0ff44171-e26a-4ef7-8f26-7a0f9c51011c: start LeaderState
2019-11-14 12:42:01,245 [014ed27e-4853-41cc-a50c-9de7527fd6a0@group-C579C60BF44B-LeaderElection199] INFO  impl.RoleInfo (RoleInfo.java:updateAndGet(143)) - 014ed27e-4853-41cc-a50c-9de7527fd6a0: start LeaderState
2019-11-14 12:42:01,245 [0ff44171-e26a-4ef7-8f26-7a0f9c51011c@group-665A15042453-LeaderElection198] INFO  segmented.SegmentedRaftLogWorker (SegmentedRaftLogWorker.java:startLogSegment(385)) - 0ff44171-e26a-4ef7-8f26-7a0f9c51011c@group-665A15042453-SegmentedRaftLogWorker: Starting segment from index:0
2019-11-14 12:42:01,246 [014ed27e-4853-41cc-a50c-9de7527fd6a0@group-C579C60BF44B-LeaderElection199] INFO  segmented.SegmentedRaftLogWorker (SegmentedRaftLogWorker.java:startLogSegment(385)) - 014ed27e-4853-41cc-a50c-9de7527fd6a0@group-C579C60BF44B-SegmentedRaftLogWorker: Starting segment from index:0
2019-11-14 12:42:01,246 [0ff44171-e26a-4ef7-8f26-7a0f9c51011c@group-665A15042453-LeaderElection198] INFO  impl.RaftServerImpl (ServerState.java:setRaftConf(356)) - 0ff44171-e26a-4ef7-8f26-7a0f9c51011c@group-665A15042453: set configuration 0: [0ff44171-e26a-4ef7-8f26-7a0f9c51011c:192.168.34.21:43866], old=null at 0
2019-11-14 12:42:01,246 [014ed27e-4853-41cc-a50c-9de7527fd6a0@group-C579C60BF44B-LeaderElection199] INFO  impl.RaftServerImpl (ServerState.java:setRaftConf(356)) - 014ed27e-4853-41cc-a50c-9de7527fd6a0@group-C579C60BF44B: set configuration 0: [014ed27e-4853-41cc-a50c-9de7527fd6a0:192.168.34.21:41029], old=null at 0
2019-11-14 12:42:01,266 [Thread-3972] INFO  impl.FollowerState (FollowerState.java:run(111)) - 29b985cf-35b3-45a0-92a5-99fa8b812c1b@group-A20926BC2C3F-FollowerState: change to CANDIDATE, lastRpcTime:1033ms, electionTimeout:1033ms
2019-11-14 12:42:01,266 [Thread-3972] INFO  impl.RoleInfo (RoleInfo.java:shutdownFollowerState(121)) - 29b985cf-35b3-45a0-92a5-99fa8b812c1b: shutdown FollowerState
2019-11-14 12:42:01,266 [Thread-3972] INFO  impl.RaftServerImpl (RaftServerImpl.java:setRole(173)) - 29b985cf-35b3-45a0-92a5-99fa8b812c1b@group-A20926BC2C3F: changes role from  FOLLOWER to CANDIDATE at term 0 for changeToCandidate
2019-11-14 12:42:01,266 [Thread-3972] INFO  impl.RoleInfo (RoleInfo.java:updateAndGet(143)) - 29b985cf-35b3-45a0-92a5-99fa8b812c1b: start LeaderElection
2019-11-14 12:42:01,287 [main] INFO  ozone.MiniOzoneClusterImpl (MiniOzoneClusterImpl.java:lambda$waitForClusterToBeReady$2(163)) - Waiting for 2 number of pipelines out of 13, to report a leader.
2019-11-14 12:42:01,300 [014ed27e-4853-41cc-a50c-9de7527fd6a0@group-C579C60BF44B-SegmentedRaftLogWorker] INFO  segmented.SegmentedRaftLogWorker (SegmentedRaftLogWorker.java:execute(576)) - 014ed27e-4853-41cc-a50c-9de7527fd6a0@group-C579C60BF44B-SegmentedRaftLogWorker: created new log segment /workdir/hadoop-ozone/integration-test/target/test-dir/MiniOzoneClusterImpl-00c2d61f-fa45-4119-a3b8-446fff627119/datanode-8/data/ratis/326030f2-c249-4a8d-a164-c579c60bf44b/current/log_inprogress_0
2019-11-14 12:42:01,300 [29b985cf-35b3-45a0-92a5-99fa8b812c1b@group-A20926BC2C3F-LeaderElection200] INFO  impl.LeaderElection (LeaderElection.java:askForVotes(178)) - 29b985cf-35b3-45a0-92a5-99fa8b812c1b@group-A20926BC2C3F-LeaderElection200: begin an election at term 1 for -1: [e0c88643-1b24-4b90-b706-4d063724ebcc:192.168.34.21:42559, 29b985cf-35b3-45a0-92a5-99fa8b812c1b:192.168.34.21:41805, c6685414-dbf7-4d5a-a965-a6338d016232:192.168.34.21:36095], old=null
2019-11-14 12:42:01,300 [0ff44171-e26a-4ef7-8f26-7a0f9c51011c@group-665A15042453-SegmentedRaftLogWorker] INFO  segmented.SegmentedRaftLogWorker (SegmentedRaftLogWorker.java:execute(576)) - 0ff44171-e26a-4ef7-8f26-7a0f9c51011c@group-665A15042453-SegmentedRaftLogWorker: created new log segment /workdir/hadoop-ozone/integration-test/target/test-dir/MiniOzoneClusterImpl-00c2d61f-fa45-4119-a3b8-446fff627119/datanode-9/data/ratis/98af25aa-9808-4cd6-b0a8-665a15042453/current/log_inprogress_0
2019-11-14 12:42:01,310 [grpc-default-executor-1] INFO  impl.RaftServerImpl (RaftServerImpl.java:setRole(173)) - e0c88643-1b24-4b90-b706-4d063724ebcc@group-A20926BC2C3F: changes role from  FOLLOWER to FOLLOWER at term 1 for recognizeCandidate:29b985cf-35b3-45a0-92a5-99fa8b812c1b
2019-11-14 12:42:01,311 [grpc-default-executor-1] INFO  impl.RoleInfo (RoleInfo.java:shutdownFollowerState(121)) - e0c88643-1b24-4b90-b706-4d063724ebcc: shutdown FollowerState
2019-11-14 12:42:01,311 [grpc-default-executor-1] INFO  impl.RoleInfo (RoleInfo.java:updateAndGet(143)) - e0c88643-1b24-4b90-b706-4d063724ebcc: start FollowerState
2019-11-14 12:42:01,311 [Thread-3976] INFO  impl.FollowerState (FollowerState.java:run(120)) - e0c88643-1b24-4b90-b706-4d063724ebcc@group-A20926BC2C3F-FollowerState was interrupted: java.lang.InterruptedException: sleep interrupted
2019-11-14 12:42:01,321 [grpc-default-executor-7] INFO  impl.RaftServerImpl (RaftServerImpl.java:setRole(173)) - c6685414-dbf7-4d5a-a965-a6338d016232@group-A20926BC2C3F: changes role from  FOLLOWER to FOLLOWER at term 1 for recognizeCandidate:29b985cf-35b3-45a0-92a5-99fa8b812c1b
2019-11-14 12:42:01,321 [grpc-default-executor-7] INFO  impl.RoleInfo (RoleInfo.java:shutdownFollowerState(121)) - c6685414-dbf7-4d5a-a965-a6338d016232: shutdown FollowerState
2019-11-14 12:42:01,321 [grpc-default-executor-7] INFO  impl.RoleInfo (RoleInfo.java:updateAndGet(143)) - c6685414-dbf7-4d5a-a965-a6338d016232: start FollowerState
2019-11-14 12:42:01,321 [Thread-3971] INFO  impl.FollowerState (FollowerState.java:run(120)) - c6685414-dbf7-4d5a-a965-a6338d016232@group-A20926BC2C3F-FollowerState was interrupted: java.lang.InterruptedException: sleep interrupted
2019-11-14 12:42:01,326 [29b985cf-35b3-45a0-92a5-99fa8b812c1b@group-A20926BC2C3F-LeaderElection200] INFO  impl.LeaderElection (LeaderElection.java:logAndReturn(56)) - 29b985cf-35b3-45a0-92a5-99fa8b812c1b@group-A20926BC2C3F-LeaderElection200: Election PASSED; received 1 response(s) [29b985cf-35b3-45a0-92a5-99fa8b812c1b<-e0c88643-1b24-4b90-b706-4d063724ebcc#0:OK-t1] and 0 exception(s); 29b985cf-35b3-45a0-92a5-99fa8b812c1b@group-A20926BC2C3F:t1, leader=null, voted=29b985cf-35b3-45a0-92a5-99fa8b812c1b, raftlog=29b985cf-35b3-45a0-92a5-99fa8b812c1b@group-A20926BC2C3F-SegmentedRaftLog:OPENED:c-1,f-1,i0, conf=-1: [e0c88643-1b24-4b90-b706-4d063724ebcc:192.168.34.21:42559, 29b985cf-35b3-45a0-92a5-99fa8b812c1b:192.168.34.21:41805, c6685414-dbf7-4d5a-a965-a6338d016232:192.168.34.21:36095], old=null
2019-11-14 12:42:01,326 [29b985cf-35b3-45a0-92a5-99fa8b812c1b@group-A20926BC2C3F-LeaderElection200] INFO  impl.RoleInfo (RoleInfo.java:shutdownLeaderElection(134)) - 29b985cf-35b3-45a0-92a5-99fa8b812c1b: shutdown LeaderElection
2019-11-14 12:42:01,326 [29b985cf-35b3-45a0-92a5-99fa8b812c1b@group-A20926BC2C3F-LeaderElection200] INFO  impl.RaftServerImpl (RaftServerImpl.java:setRole(173)) - 29b985cf-35b3-45a0-92a5-99fa8b812c1b@group-A20926BC2C3F: changes role from CANDIDATE to LEADER at term 1 for changeToLeader
2019-11-14 12:42:01,326 [29b985cf-35b3-45a0-92a5-99fa8b812c1b@group-A20926BC2C3F-LeaderElection200] INFO  ratis.XceiverServerRatis (XceiverServerRatis.java:handleLeaderChangedNotification(697)) - Leader change notification received for group: group-A20926BC2C3F with new leaderId: 29b985cf-35b3-45a0-92a5-99fa8b812c1b
2019-11-14 12:42:01,327 [29b985cf-35b3-45a0-92a5-99fa8b812c1b@group-A20926BC2C3F-LeaderElection200] INFO  impl.RaftServerImpl (ServerState.java:setLeader(255)) - 29b985cf-35b3-45a0-92a5-99fa8b812c1b@group-A20926BC2C3F: change Leader from null to 29b985cf-35b3-45a0-92a5-99fa8b812c1b at term 1 for becomeLeader, leader elected after 1103ms
2019-11-14 12:42:01,327 [29b985cf-35b3-45a0-92a5-99fa8b812c1b@group-A20926BC2C3F-LeaderElection200] INFO  server.RaftServerConfigKeys (ConfUtils.java:logGet(43)) - raft.server.staging.catchup.gap = 1000 (default)
2019-11-14 12:42:01,327 [29b985cf-35b3-45a0-92a5-99fa8b812c1b@group-A20926BC2C3F-LeaderElection200] INFO  server.RaftServerConfigKeys (ConfUtils.java:logGet(43)) - raft.server.rpc.sleep.time = 25ms (default)
2019-11-14 12:42:01,327 [29b985cf-35b3-45a0-92a5-99fa8b812c1b@group-A20926BC2C3F-LeaderElection200] INFO  server.RaftServerConfigKeys (ConfUtils.java:logGet(43)) - raft.server.write.element-limit = 4096 (default)
2019-11-14 12:42:01,327 [29b985cf-35b3-45a0-92a5-99fa8b812c1b@group-A20926BC2C3F-LeaderElection200] INFO  server.RaftServerConfigKeys (ConfUtils.java:logGet(43)) - raft.server.watch.timeout = 10s (default)
2019-11-14 12:42:01,327 [29b985cf-35b3-45a0-92a5-99fa8b812c1b@group-A20926BC2C3F-LeaderElection200] INFO  server.RaftServerConfigKeys (ConfUtils.java:logGet(43)) - raft.server.watch.timeout.denomination = 1s (default)
2019-11-14 12:42:01,327 [29b985cf-35b3-45a0-92a5-99fa8b812c1b@group-A20926BC2C3F-LeaderElection200] INFO  server.RaftServerConfigKeys (ConfUtils.java:logGet(43)) - raft.server.watch.element-limit = 65536 (default)
2019-11-14 12:42:01,329 [29b985cf-35b3-45a0-92a5-99fa8b812c1b@group-A20926BC2C3F-LeaderElection200] INFO  server.RaftServerConfigKeys (ConfUtils.java:logGet(43)) - raft.server.log.appender.snapshot.chunk.size.max = 16MB (=16777216) (default)
2019-11-14 12:42:01,329 [EventQueue-PipelineReportForPipelineReportHandler] INFO  pipeline.PipelineStateManager (PipelineStateManager.java:openPipeline(134)) - Pipeline Pipeline[ Id: 429fe793-f00c-4a17-a53d-a20926bc2c3f, Nodes: 29b985cf-35b3-45a0-92a5-99fa8b812c1b{ip: 192.168.34.21, host: pr-hdds-2481-nxhrh-893604966, networkLocation: /rack1, certSerialId: null}c6685414-dbf7-4d5a-a965-a6338d016232{ip: 192.168.34.21, host: pr-hdds-2481-nxhrh-893604966, networkLocation: /rack1, certSerialId: null}e0c88643-1b24-4b90-b706-4d063724ebcc{ip: 192.168.34.21, host: pr-hdds-2481-nxhrh-893604966, networkLocation: /rack1, certSerialId: null}, Type:RATIS, Factor:THREE, State:OPEN] moved to OPEN state
2019-11-14 12:42:01,329 [29b985cf-35b3-45a0-92a5-99fa8b812c1b@group-A20926BC2C3F-LeaderElection200] INFO  server.RaftServerConfigKeys (ConfUtils.java:logGet(43)) - raft.server.log.appender.buffer.byte-limit = 33554432 (custom)
2019-11-14 12:42:01,330 [29b985cf-35b3-45a0-92a5-99fa8b812c1b@group-A20926BC2C3F-LeaderElection200] INFO  server.RaftServerConfigKeys (ConfUtils.java:logGet(43)) - raft.server.log.appender.buffer.element-limit = 1 (custom)
2019-11-14 12:42:01,330 [29b985cf-35b3-45a0-92a5-99fa8b812c1b@group-A20926BC2C3F-LeaderElection200] INFO  grpc.GrpcConfigKeys$Server (ConfUtils.java:logGet(43)) - raft.grpc.server.leader.outstanding.appends.max = 128 (default)
2019-11-14 12:42:01,330 [29b985cf-35b3-45a0-92a5-99fa8b812c1b@group-A20926BC2C3F-LeaderElection200] INFO  server.RaftServerConfigKeys (ConfUtils.java:logGet(43)) - raft.server.rpc.request.timeout = 3000ms (default)
2019-11-14 12:42:01,330 [29b985cf-35b3-45a0-92a5-99fa8b812c1b@group-A20926BC2C3F-LeaderElection200] INFO  server.RaftServerConfigKeys (ConfUtils.java:logGet(43)) - raft.server.log.appender.install.snapshot.enabled = false (custom)
2019-11-14 12:42:01,330 [29b985cf-35b3-45a0-92a5-99fa8b812c1b@group-A20926BC2C3F-LeaderElection200] WARN  impl.MetricRegistriesImpl (MetricRegistriesImpl.java:lambda$create$1(61)) - First MetricRegistry has been created without registering reporters. You may need to call MetricRegistries.global().addReportRegistration(...) before.
2019-11-14 12:42:01,331 [29b985cf-35b3-45a0-92a5-99fa8b812c1b@group-A20926BC2C3F-LeaderElection200] INFO  server.RaftServerConfigKeys (ConfUtils.java:logGet(43)) - raft.server.log.appender.snapshot.chunk.size.max = 16MB (=16777216) (default)
2019-11-14 12:42:01,331 [29b985cf-35b3-45a0-92a5-99fa8b812c1b@group-A20926BC2C3F-LeaderElection200] INFO  server.RaftServerConfigKeys (ConfUtils.java:logGet(43)) - raft.server.log.appender.buffer.byte-limit = 33554432 (custom)
2019-11-14 12:42:01,331 [29b985cf-35b3-45a0-92a5-99fa8b812c1b@group-A20926BC2C3F-LeaderElection200] INFO  server.RaftServerConfigKeys (ConfUtils.java:logGet(43)) - raft.server.log.appender.buffer.element-limit = 1 (custom)
2019-11-14 12:42:01,331 [29b985cf-35b3-45a0-92a5-99fa8b812c1b@group-A20926BC2C3F-LeaderElection200] INFO  grpc.GrpcConfigKeys$Server (ConfUtils.java:logGet(43)) - raft.grpc.server.leader.outstanding.appends.max = 128 (default)
2019-11-14 12:42:01,331 [29b985cf-35b3-45a0-92a5-99fa8b812c1b@group-A20926BC2C3F-LeaderElection200] INFO  server.RaftServerConfigKeys (ConfUtils.java:logGet(43)) - raft.server.rpc.request.timeout = 3000ms (default)
2019-11-14 12:42:01,331 [29b985cf-35b3-45a0-92a5-99fa8b812c1b@group-A20926BC2C3F-LeaderElection200] INFO  server.RaftServerConfigKeys (ConfUtils.java:logGet(43)) - raft.server.log.appender.install.snapshot.enabled = false (custom)
2019-11-14 12:42:01,331 [29b985cf-35b3-45a0-92a5-99fa8b812c1b@group-A20926BC2C3F-LeaderElection200] INFO  impl.RoleInfo (RoleInfo.java:updateAndGet(143)) - 29b985cf-35b3-45a0-92a5-99fa8b812c1b: start LeaderState
2019-11-14 12:42:01,332 [29b985cf-35b3-45a0-92a5-99fa8b812c1b@group-A20926BC2C3F-LeaderElection200] INFO  segmented.SegmentedRaftLogWorker (SegmentedRaftLogWorker.java:startLogSegment(385)) - 29b985cf-35b3-45a0-92a5-99fa8b812c1b@group-A20926BC2C3F-SegmentedRaftLogWorker: Starting segment from index:0
2019-11-14 12:42:01,332 [29b985cf-35b3-45a0-92a5-99fa8b812c1b@group-A20926BC2C3F-LeaderElection200] INFO  impl.RaftServerImpl (ServerState.java:setRaftConf(356)) - 29b985cf-35b3-45a0-92a5-99fa8b812c1b@group-A20926BC2C3F: set configuration 0: [e0c88643-1b24-4b90-b706-4d063724ebcc:192.168.34.21:42559, 29b985cf-35b3-45a0-92a5-99fa8b812c1b:192.168.34.21:41805, c6685414-dbf7-4d5a-a965-a6338d016232:192.168.34.21:36095], old=null at 0
2019-11-14 12:42:01,374 [grpc-default-executor-1] INFO  ratis.XceiverServerRatis (XceiverServerRatis.java:handleLeaderChangedNotification(697)) - Leader change notification received for group: group-A20926BC2C3F with new leaderId: 29b985cf-35b3-45a0-92a5-99fa8b812c1b
2019-11-14 12:42:01,374 [grpc-default-executor-1] INFO  impl.RaftServerImpl (ServerState.java:setLeader(255)) - c6685414-dbf7-4d5a-a965-a6338d016232@group-A20926BC2C3F: change Leader from null to 29b985cf-35b3-45a0-92a5-99fa8b812c1b at term 1 for appendEntries, leader elected after 1151ms
2019-11-14 12:42:01,376 [grpc-default-executor-7] INFO  ratis.XceiverServerRatis (XceiverServerRatis.java:handleLeaderChangedNotification(697)) - Leader change notification received for group: group-A20926BC2C3F with new leaderId: 29b985cf-35b3-45a0-92a5-99fa8b812c1b
2019-11-14 12:42:01,376 [grpc-default-executor-7] INFO  impl.RaftServerImpl (ServerState.java:setLeader(255)) - e0c88643-1b24-4b90-b706-4d063724ebcc@group-A20926BC2C3F: change Leader from null to 29b985cf-35b3-45a0-92a5-99fa8b812c1b at term 1 for appendEntries, leader elected after 1153ms
2019-11-14 12:42:01,378 [grpc-default-executor-7] INFO  impl.RaftServerImpl (ServerState.java:setRaftConf(356)) - c6685414-dbf7-4d5a-a965-a6338d016232@group-A20926BC2C3F: set configuration 0: [e0c88643-1b24-4b90-b706-4d063724ebcc:192.168.34.21:42559, 29b985cf-35b3-45a0-92a5-99fa8b812c1b:192.168.34.21:41805, c6685414-dbf7-4d5a-a965-a6338d016232:192.168.34.21:36095], old=null at 0
2019-11-14 12:42:01,378 [grpc-default-executor-1] INFO  impl.RaftServerImpl (ServerState.java:setRaftConf(356)) - e0c88643-1b24-4b90-b706-4d063724ebcc@group-A20926BC2C3F: set configuration 0: [e0c88643-1b24-4b90-b706-4d063724ebcc:192.168.34.21:42559, 29b985cf-35b3-45a0-92a5-99fa8b812c1b:192.168.34.21:41805, c6685414-dbf7-4d5a-a965-a6338d016232:192.168.34.21:36095], old=null at 0
2019-11-14 12:42:01,378 [grpc-default-executor-7] INFO  segmented.SegmentedRaftLogWorker (SegmentedRaftLogWorker.java:startLogSegment(385)) - c6685414-dbf7-4d5a-a965-a6338d016232@group-A20926BC2C3F-SegmentedRaftLogWorker: Starting segment from index:0
2019-11-14 12:42:01,378 [grpc-default-executor-1] INFO  segmented.SegmentedRaftLogWorker (SegmentedRaftLogWorker.java:startLogSegment(385)) - e0c88643-1b24-4b90-b706-4d063724ebcc@group-A20926BC2C3F-SegmentedRaftLogWorker: Starting segment from index:0
2019-11-14 12:42:01,382 [29b985cf-35b3-45a0-92a5-99fa8b812c1b@group-A20926BC2C3F-SegmentedRaftLogWorker] INFO  segmented.SegmentedRaftLogWorker (SegmentedRaftLogWorker.java:execute(576)) - 29b985cf-35b3-45a0-92a5-99fa8b812c1b@group-A20926BC2C3F-SegmentedRaftLogWorker: created new log segment /workdir/hadoop-ozone/integration-test/target/test-dir/MiniOzoneClusterImpl-00c2d61f-fa45-4119-a3b8-446fff627119/datanode-6/data/ratis/429fe793-f00c-4a17-a53d-a20926bc2c3f/current/log_inprogress_0
2019-11-14 12:42:01,397 [Thread-3983] INFO  impl.FollowerState (FollowerState.java:run(111)) - 0ff44171-e26a-4ef7-8f26-7a0f9c51011c@group-9DBB397B468F-FollowerState: change to CANDIDATE, lastRpcTime:1116ms, electionTimeout:1116ms
2019-11-14 12:42:01,397 [Thread-3983] INFO  impl.RoleInfo (RoleInfo.java:shutdownFollowerState(121)) - 0ff44171-e26a-4ef7-8f26-7a0f9c51011c: shutdown FollowerState
2019-11-14 12:42:01,398 [Thread-3983] INFO  impl.RaftServerImpl (RaftServerImpl.java:setRole(173)) - 0ff44171-e26a-4ef7-8f26-7a0f9c51011c@group-9DBB397B468F: changes role from  FOLLOWER to CANDIDATE at term 0 for changeToCandidate
2019-11-14 12:42:01,398 [Thread-3983] INFO  impl.RoleInfo (RoleInfo.java:updateAndGet(143)) - 0ff44171-e26a-4ef7-8f26-7a0f9c51011c: start LeaderElection
2019-11-14 12:42:01,411 [Thread-3984] INFO  impl.FollowerState (FollowerState.java:run(111)) - c5630dbc-d159-4e74-a046-1b52429c3a82@group-9DBB397B468F-FollowerState: change to CANDIDATE, lastRpcTime:1130ms, electionTimeout:1129ms
2019-11-14 12:42:01,413 [Thread-3984] INFO  impl.RoleInfo (RoleInfo.java:shutdownFollowerState(121)) - c5630dbc-d159-4e74-a046-1b52429c3a82: shutdown FollowerState
2019-11-14 12:42:01,413 [Thread-3984] INFO  impl.RaftServerImpl (RaftServerImpl.java:setRole(173)) - c5630dbc-d159-4e74-a046-1b52429c3a82@group-9DBB397B468F: changes role from  FOLLOWER to CANDIDATE at term 0 for changeToCandidate
2019-11-14 12:42:01,413 [Thread-3984] INFO  impl.RoleInfo (RoleInfo.java:updateAndGet(143)) - c5630dbc-d159-4e74-a046-1b52429c3a82: start LeaderElection
2019-11-14 12:42:01,426 [e0c88643-1b24-4b90-b706-4d063724ebcc@group-A20926BC2C3F-SegmentedRaftLogWorker] INFO  segmented.SegmentedRaftLogWorker (SegmentedRaftLogWorker.java:execute(576)) - e0c88643-1b24-4b90-b706-4d063724ebcc@group-A20926BC2C3F-SegmentedRaftLogWorker: created new log segment /workdir/hadoop-ozone/integration-test/target/test-dir/MiniOzoneClusterImpl-00c2d61f-fa45-4119-a3b8-446fff627119/datanode-4/data/ratis/429fe793-f00c-4a17-a53d-a20926bc2c3f/current/log_inprogress_0
2019-11-14 12:42:01,426 [c6685414-dbf7-4d5a-a965-a6338d016232@group-A20926BC2C3F-SegmentedRaftLogWorker] INFO  segmented.SegmentedRaftLogWorker (SegmentedRaftLogWorker.java:execute(576)) - c6685414-dbf7-4d5a-a965-a6338d016232@group-A20926BC2C3F-SegmentedRaftLogWorker: created new log segment /workdir/hadoop-ozone/integration-test/target/test-dir/MiniOzoneClusterImpl-00c2d61f-fa45-4119-a3b8-446fff627119/datanode-5/data/ratis/429fe793-f00c-4a17-a53d-a20926bc2c3f/current/log_inprogress_0
2019-11-14 12:42:01,426 [c5630dbc-d159-4e74-a046-1b52429c3a82@group-9DBB397B468F-LeaderElection202] INFO  impl.LeaderElection (LeaderElection.java:askForVotes(178)) - c5630dbc-d159-4e74-a046-1b52429c3a82@group-9DBB397B468F-LeaderElection202: begin an election at term 1 for -1: [0ff44171-e26a-4ef7-8f26-7a0f9c51011c:192.168.34.21:43866, 014ed27e-4853-41cc-a50c-9de7527fd6a0:192.168.34.21:41029, c5630dbc-d159-4e74-a046-1b52429c3a82:192.168.34.21:34180], old=null
2019-11-14 12:42:01,426 [0ff44171-e26a-4ef7-8f26-7a0f9c51011c@group-9DBB397B468F-LeaderElection201] INFO  impl.LeaderElection (LeaderElection.java:askForVotes(178)) - 0ff44171-e26a-4ef7-8f26-7a0f9c51011c@group-9DBB397B468F-LeaderElection201: begin an election at term 1 for -1: [0ff44171-e26a-4ef7-8f26-7a0f9c51011c:192.168.34.21:43866, 014ed27e-4853-41cc-a50c-9de7527fd6a0:192.168.34.21:41029, c5630dbc-d159-4e74-a046-1b52429c3a82:192.168.34.21:34180], old=null
2019-11-14 12:42:01,449 [grpc-default-executor-1] INFO  impl.RaftServerImpl (RaftServerImpl.java:setRole(173)) - 014ed27e-4853-41cc-a50c-9de7527fd6a0@group-9DBB397B468F: changes role from  FOLLOWER to FOLLOWER at term 1 for recognizeCandidate:c5630dbc-d159-4e74-a046-1b52429c3a82
2019-11-14 12:42:01,449 [grpc-default-executor-1] INFO  impl.RoleInfo (RoleInfo.java:shutdownFollowerState(121)) - 014ed27e-4853-41cc-a50c-9de7527fd6a0: shutdown FollowerState
2019-11-14 12:42:01,449 [grpc-default-executor-1] INFO  impl.RoleInfo (RoleInfo.java:updateAndGet(143)) - 014ed27e-4853-41cc-a50c-9de7527fd6a0: start FollowerState
2019-11-14 12:42:01,466 [0ff44171-e26a-4ef7-8f26-7a0f9c51011c@group-9DBB397B468F-LeaderElection201] INFO  impl.LeaderElection (LeaderElection.java:logAndReturn(56)) - 0ff44171-e26a-4ef7-8f26-7a0f9c51011c@group-9DBB397B468F-LeaderElection201: Election REJECTED; received 2 response(s) [0ff44171-e26a-4ef7-8f26-7a0f9c51011c<-014ed27e-4853-41cc-a50c-9de7527fd6a0#0:FAIL-t1, 0ff44171-e26a-4ef7-8f26-7a0f9c51011c<-c5630dbc-d159-4e74-a046-1b52429c3a82#0:FAIL-t1] and 0 exception(s); 0ff44171-e26a-4ef7-8f26-7a0f9c51011c@group-9DBB397B468F:t1, leader=null, voted=0ff44171-e26a-4ef7-8f26-7a0f9c51011c, raftlog=0ff44171-e26a-4ef7-8f26-7a0f9c51011c@group-9DBB397B468F-SegmentedRaftLog:OPENED:c-1,f-1,i0, conf=-1: [0ff44171-e26a-4ef7-8f26-7a0f9c51011c:192.168.34.21:43866, 014ed27e-4853-41cc-a50c-9de7527fd6a0:192.168.34.21:41029, c5630dbc-d159-4e74-a046-1b52429c3a82:192.168.34.21:34180], old=null
2019-11-14 12:42:01,466 [c5630dbc-d159-4e74-a046-1b52429c3a82@group-9DBB397B468F-LeaderElection202] INFO  impl.LeaderElection (LeaderElection.java:logAndReturn(56)) - c5630dbc-d159-4e74-a046-1b52429c3a82@group-9DBB397B468F-LeaderElection202: Election PASSED; received 2 response(s) [c5630dbc-d159-4e74-a046-1b52429c3a82<-0ff44171-e26a-4ef7-8f26-7a0f9c51011c#0:FAIL-t1, c5630dbc-d159-4e74-a046-1b52429c3a82<-014ed27e-4853-41cc-a50c-9de7527fd6a0#0:OK-t1] and 0 exception(s); c5630dbc-d159-4e74-a046-1b52429c3a82@group-9DBB397B468F:t1, leader=null, voted=c5630dbc-d159-4e74-a046-1b52429c3a82, raftlog=c5630dbc-d159-4e74-a046-1b52429c3a82@group-9DBB397B468F-SegmentedRaftLog:OPENED:c-1,f-1,i0, conf=-1: [0ff44171-e26a-4ef7-8f26-7a0f9c51011c:192.168.34.21:43866, 014ed27e-4853-41cc-a50c-9de7527fd6a0:192.168.34.21:41029, c5630dbc-d159-4e74-a046-1b52429c3a82:192.168.34.21:34180], old=null
2019-11-14 12:42:01,466 [0ff44171-e26a-4ef7-8f26-7a0f9c51011c@group-9DBB397B468F-LeaderElection201] INFO  impl.RaftServerImpl (RaftServerImpl.java:setRole(173)) - 0ff44171-e26a-4ef7-8f26-7a0f9c51011c@group-9DBB397B468F: changes role from CANDIDATE to FOLLOWER at term 1 for DISCOVERED_A_NEW_TERM
2019-11-14 12:42:01,466 [c5630dbc-d159-4e74-a046-1b52429c3a82@group-9DBB397B468F-LeaderElection202] INFO  impl.RoleInfo (RoleInfo.java:shutdownLeaderElection(134)) - c5630dbc-d159-4e74-a046-1b52429c3a82: shutdown LeaderElection
2019-11-14 12:42:01,466 [0ff44171-e26a-4ef7-8f26-7a0f9c51011c@group-9DBB397B468F-LeaderElection201] INFO  impl.RoleInfo (RoleInfo.java:shutdownLeaderElection(134)) - 0ff44171-e26a-4ef7-8f26-7a0f9c51011c: shutdown LeaderElection
2019-11-14 12:42:01,466 [c5630dbc-d159-4e74-a046-1b52429c3a82@group-9DBB397B468F-LeaderElection202] INFO  impl.RaftServerImpl (RaftServerImpl.java:setRole(173)) - c5630dbc-d159-4e74-a046-1b52429c3a82@group-9DBB397B468F: changes role from CANDIDATE to LEADER at term 1 for changeToLeader
2019-11-14 12:42:01,466 [0ff44171-e26a-4ef7-8f26-7a0f9c51011c@group-9DBB397B468F-LeaderElection201] INFO  impl.RoleInfo (RoleInfo.java:updateAndGet(143)) - 0ff44171-e26a-4ef7-8f26-7a0f9c51011c: start FollowerState
2019-11-14 12:42:01,466 [c5630dbc-d159-4e74-a046-1b52429c3a82@group-9DBB397B468F-LeaderElection202] INFO  ratis.XceiverServerRatis (XceiverServerRatis.java:handleLeaderChangedNotification(697)) - Leader change notification received for group: group-9DBB397B468F with new leaderId: c5630dbc-d159-4e74-a046-1b52429c3a82
2019-11-14 12:42:01,467 [c5630dbc-d159-4e74-a046-1b52429c3a82@group-9DBB397B468F-LeaderElection202] INFO  impl.RaftServerImpl (ServerState.java:setLeader(255)) - c5630dbc-d159-4e74-a046-1b52429c3a82@group-9DBB397B468F: change Leader from null to c5630dbc-d159-4e74-a046-1b52429c3a82 at term 1 for becomeLeader, leader elected after 1194ms
2019-11-14 12:42:01,467 [c5630dbc-d159-4e74-a046-1b52429c3a82@group-9DBB397B468F-LeaderElection202] INFO  server.RaftServerConfigKeys (ConfUtils.java:logGet(43)) - raft.server.staging.catchup.gap = 1000 (default)
2019-11-14 12:42:01,467 [c5630dbc-d159-4e74-a046-1b52429c3a82@group-9DBB397B468F-LeaderElection202] INFO  server.RaftServerConfigKeys (ConfUtils.java:logGet(43)) - raft.server.rpc.sleep.time = 25ms (default)
2019-11-14 12:42:01,467 [c5630dbc-d159-4e74-a046-1b52429c3a82@group-9DBB397B468F-LeaderElection202] INFO  server.RaftServerConfigKeys (ConfUtils.java:logGet(43)) - raft.server.write.element-limit = 4096 (default)
2019-11-14 12:42:01,467 [c5630dbc-d159-4e74-a046-1b52429c3a82@group-9DBB397B468F-LeaderElection202] INFO  server.RaftServerConfigKeys (ConfUtils.java:logGet(43)) - raft.server.watch.timeout = 10s (default)
2019-11-14 12:42:01,467 [c5630dbc-d159-4e74-a046-1b52429c3a82@group-9DBB397B468F-LeaderElection202] INFO  server.RaftServerConfigKeys (ConfUtils.java:logGet(43)) - raft.server.watch.timeout.denomination = 1s (default)
2019-11-14 12:42:01,467 [c5630dbc-d159-4e74-a046-1b52429c3a82@group-9DBB397B468F-LeaderElection202] INFO  server.RaftServerConfigKeys (ConfUtils.java:logGet(43)) - raft.server.watch.element-limit = 65536 (default)
2019-11-14 12:42:01,467 [c5630dbc-d159-4e74-a046-1b52429c3a82@group-9DBB397B468F-LeaderElection202] INFO  server.RaftServerConfigKeys (ConfUtils.java:logGet(43)) - raft.server.log.appender.snapshot.chunk.size.max = 16MB (=16777216) (default)
2019-11-14 12:42:01,468 [c5630dbc-d159-4e74-a046-1b52429c3a82@group-9DBB397B468F-LeaderElection202] INFO  server.RaftServerConfigKeys (ConfUtils.java:logGet(43)) - raft.server.log.appender.buffer.byte-limit = 33554432 (custom)
2019-11-14 12:42:01,468 [c5630dbc-d159-4e74-a046-1b52429c3a82@group-9DBB397B468F-LeaderElection202] INFO  server.RaftServerConfigKeys (ConfUtils.java:logGet(43)) - raft.server.log.appender.buffer.element-limit = 1 (custom)
2019-11-14 12:42:01,468 [EventQueue-PipelineReportForPipelineReportHandler] INFO  pipeline.PipelineStateManager (PipelineStateManager.java:openPipeline(134)) - Pipeline Pipeline[ Id: 19654a03-8370-4649-9e69-9dbb397b468f, Nodes: c5630dbc-d159-4e74-a046-1b52429c3a82{ip: 192.168.34.21, host: pr-hdds-2481-nxhrh-893604966, networkLocation: /rack1, certSerialId: null}014ed27e-4853-41cc-a50c-9de7527fd6a0{ip: 192.168.34.21, host: pr-hdds-2481-nxhrh-893604966, networkLocation: /rack1, certSerialId: null}0ff44171-e26a-4ef7-8f26-7a0f9c51011c{ip: 192.168.34.21, host: pr-hdds-2481-nxhrh-893604966, networkLocation: /rack1, certSerialId: null}, Type:RATIS, Factor:THREE, State:OPEN] moved to OPEN state
2019-11-14 12:42:01,468 [c5630dbc-d159-4e74-a046-1b52429c3a82@group-9DBB397B468F-LeaderElection202] INFO  grpc.GrpcConfigKeys$Server (ConfUtils.java:logGet(43)) - raft.grpc.server.leader.outstanding.appends.max = 128 (default)
2019-11-14 12:42:01,468 [c5630dbc-d159-4e74-a046-1b52429c3a82@group-9DBB397B468F-LeaderElection202] INFO  server.RaftServerConfigKeys (ConfUtils.java:logGet(43)) - raft.server.rpc.request.timeout = 3000ms (default)
2019-11-14 12:42:01,468 [c5630dbc-d159-4e74-a046-1b52429c3a82@group-9DBB397B468F-LeaderElection202] INFO  server.RaftServerConfigKeys (ConfUtils.java:logGet(43)) - raft.server.log.appender.install.snapshot.enabled = false (custom)
2019-11-14 12:42:01,468 [c5630dbc-d159-4e74-a046-1b52429c3a82@group-9DBB397B468F-LeaderElection202] WARN  impl.MetricRegistriesImpl (MetricRegistriesImpl.java:lambda$create$1(61)) - First MetricRegistry has been created without registering reporters. You may need to call MetricRegistries.global().addReportRegistration(...) before.
2019-11-14 12:42:01,468 [c5630dbc-d159-4e74-a046-1b52429c3a82@group-9DBB397B468F-LeaderElection202] INFO  server.RaftServerConfigKeys (ConfUtils.java:logGet(43)) - raft.server.log.appender.snapshot.chunk.size.max = 16MB (=16777216) (default)
2019-11-14 12:42:01,469 [c5630dbc-d159-4e74-a046-1b52429c3a82@group-9DBB397B468F-LeaderElection202] INFO  server.RaftServerConfigKeys (ConfUtils.java:logGet(43)) - raft.server.log.appender.buffer.byte-limit = 33554432 (custom)
2019-11-14 12:42:01,469 [c5630dbc-d159-4e74-a046-1b52429c3a82@group-9DBB397B468F-LeaderElection202] INFO  server.RaftServerConfigKeys (ConfUtils.java:logGet(43)) - raft.server.log.appender.buffer.element-limit = 1 (custom)
2019-11-14 12:42:01,469 [c5630dbc-d159-4e74-a046-1b52429c3a82@group-9DBB397B468F-LeaderElection202] INFO  grpc.GrpcConfigKeys$Server (ConfUtils.java:logGet(43)) - raft.grpc.server.leader.outstanding.appends.max = 128 (default)
2019-11-14 12:42:01,469 [c5630dbc-d159-4e74-a046-1b52429c3a82@group-9DBB397B468F-LeaderElection202] INFO  server.RaftServerConfigKeys (ConfUtils.java:logGet(43)) - raft.server.rpc.request.timeout = 3000ms (default)
2019-11-14 12:42:01,469 [c5630dbc-d159-4e74-a046-1b52429c3a82@group-9DBB397B468F-LeaderElection202] INFO  server.RaftServerConfigKeys (ConfUtils.java:logGet(43)) - raft.server.log.appender.install.snapshot.enabled = false (custom)
2019-11-14 12:42:01,469 [c5630dbc-d159-4e74-a046-1b52429c3a82@group-9DBB397B468F-LeaderElection202] INFO  impl.RoleInfo (RoleInfo.java:updateAndGet(143)) - c5630dbc-d159-4e74-a046-1b52429c3a82: start LeaderState
2019-11-14 12:42:01,469 [c5630dbc-d159-4e74-a046-1b52429c3a82@group-9DBB397B468F-LeaderElection202] INFO  segmented.SegmentedRaftLogWorker (SegmentedRaftLogWorker.java:startLogSegment(385)) - c5630dbc-d159-4e74-a046-1b52429c3a82@group-9DBB397B468F-SegmentedRaftLogWorker: Starting segment from index:0
2019-11-14 12:42:01,470 [c5630dbc-d159-4e74-a046-1b52429c3a82@group-9DBB397B468F-LeaderElection202] INFO  impl.RaftServerImpl (ServerState.java:setRaftConf(356)) - c5630dbc-d159-4e74-a046-1b52429c3a82@group-9DBB397B468F: set configuration 0: [0ff44171-e26a-4ef7-8f26-7a0f9c51011c:192.168.34.21:43866, 014ed27e-4853-41cc-a50c-9de7527fd6a0:192.168.34.21:41029, c5630dbc-d159-4e74-a046-1b52429c3a82:192.168.34.21:34180], old=null at 0
2019-11-14 12:42:01,471 [grpc-default-executor-1] INFO  ratis.XceiverServerRatis (XceiverServerRatis.java:handleLeaderChangedNotification(697)) - Leader change notification received for group: group-9DBB397B468F with new leaderId: c5630dbc-d159-4e74-a046-1b52429c3a82
2019-11-14 12:42:01,471 [grpc-default-executor-1] INFO  impl.RaftServerImpl (ServerState.java:setLeader(255)) - 014ed27e-4853-41cc-a50c-9de7527fd6a0@group-9DBB397B468F: change Leader from null to c5630dbc-d159-4e74-a046-1b52429c3a82 at term 1 for appendEntries, leader elected after 1198ms
2019-11-14 12:42:01,471 [grpc-default-executor-5] INFO  ratis.XceiverServerRatis (XceiverServerRatis.java:handleLeaderChangedNotification(697)) - Leader change notification received for group: group-9DBB397B468F with new leaderId: c5630dbc-d159-4e74-a046-1b52429c3a82
2019-11-14 12:42:01,471 [grpc-default-executor-5] INFO  impl.RaftServerImpl (ServerState.java:setLeader(255)) - 0ff44171-e26a-4ef7-8f26-7a0f9c51011c@group-9DBB397B468F: change Leader from null to c5630dbc-d159-4e74-a046-1b52429c3a82 at term 1 for appendEntries, leader elected after 1199ms
2019-11-14 12:42:01,473 [grpc-default-executor-5] INFO  impl.RaftServerImpl (ServerState.java:setRaftConf(356)) - 014ed27e-4853-41cc-a50c-9de7527fd6a0@group-9DBB397B468F: set configuration 0: [0ff44171-e26a-4ef7-8f26-7a0f9c51011c:192.168.34.21:43866, 014ed27e-4853-41cc-a50c-9de7527fd6a0:192.168.34.21:41029, c5630dbc-d159-4e74-a046-1b52429c3a82:192.168.34.21:34180], old=null at 0
2019-11-14 12:42:01,473 [grpc-default-executor-1] INFO  impl.RaftServerImpl (ServerState.java:setRaftConf(356)) - 0ff44171-e26a-4ef7-8f26-7a0f9c51011c@group-9DBB397B468F: set configuration 0: [0ff44171-e26a-4ef7-8f26-7a0f9c51011c:192.168.34.21:43866, 014ed27e-4853-41cc-a50c-9de7527fd6a0:192.168.34.21:41029, c5630dbc-d159-4e74-a046-1b52429c3a82:192.168.34.21:34180], old=null at 0
2019-11-14 12:42:01,473 [grpc-default-executor-5] INFO  segmented.SegmentedRaftLogWorker (SegmentedRaftLogWorker.java:startLogSegment(385)) - 014ed27e-4853-41cc-a50c-9de7527fd6a0@group-9DBB397B468F-SegmentedRaftLogWorker: Starting segment from index:0
2019-11-14 12:42:01,473 [grpc-default-executor-1] INFO  segmented.SegmentedRaftLogWorker (SegmentedRaftLogWorker.java:startLogSegment(385)) - 0ff44171-e26a-4ef7-8f26-7a0f9c51011c@group-9DBB397B468F-SegmentedRaftLogWorker: Starting segment from index:0
2019-11-14 12:42:01,509 [014ed27e-4853-41cc-a50c-9de7527fd6a0@group-9DBB397B468F-SegmentedRaftLogWorker] INFO  segmented.SegmentedRaftLogWorker (SegmentedRaftLogWorker.java:execute(576)) - 014ed27e-4853-41cc-a50c-9de7527fd6a0@group-9DBB397B468F-SegmentedRaftLogWorker: created new log segment /workdir/hadoop-ozone/integration-test/target/test-dir/MiniOzoneClusterImpl-00c2d61f-fa45-4119-a3b8-446fff627119/datanode-8/data/ratis/19654a03-8370-4649-9e69-9dbb397b468f/current/log_inprogress_0
2019-11-14 12:42:01,509 [0ff44171-e26a-4ef7-8f26-7a0f9c51011c@group-9DBB397B468F-SegmentedRaftLogWorker] INFO  segmented.SegmentedRaftLogWorker (SegmentedRaftLogWorker.java:execute(576)) - 0ff44171-e26a-4ef7-8f26-7a0f9c51011c@group-9DBB397B468F-SegmentedRaftLogWorker: created new log segment /workdir/hadoop-ozone/integration-test/target/test-dir/MiniOzoneClusterImpl-00c2d61f-fa45-4119-a3b8-446fff627119/datanode-9/data/ratis/19654a03-8370-4649-9e69-9dbb397b468f/current/log_inprogress_0
2019-11-14 12:42:01,509 [c5630dbc-d159-4e74-a046-1b52429c3a82@group-9DBB397B468F-SegmentedRaftLogWorker] INFO  segmented.SegmentedRaftLogWorker (SegmentedRaftLogWorker.java:execute(576)) - c5630dbc-d159-4e74-a046-1b52429c3a82@group-9DBB397B468F-SegmentedRaftLogWorker: created new log segment /workdir/hadoop-ozone/integration-test/target/test-dir/MiniOzoneClusterImpl-00c2d61f-fa45-4119-a3b8-446fff627119/datanode-7/data/ratis/19654a03-8370-4649-9e69-9dbb397b468f/current/log_inprogress_0
2019-11-14 12:42:02,290 [main] INFO  ozone.MiniOzoneClusterImpl (MiniOzoneClusterImpl.java:lambda$waitForClusterToBeReady$2(171)) - Cluster is ready. Got 10 of 10 DN Heartbeats.
2019-11-14 12:42:02,332 [main] INFO  rpc.RpcClient (RpcClient.java:createVolume(292)) - Creating Volume: datanodefailurehandlingtest, with jenkins1000 as owner.
2019-11-14 12:42:02,336 [IPC Server handler 6 on 36326] INFO  volume.OMVolumeCreateRequest (OMVolumeCreateRequest.java:validateAndUpdateCache(193)) - created volume:datanodefailurehandlingtest for user:jenkins1000
2019-11-14 12:42:02,354 [main] INFO  rpc.RpcClient (RpcClient.java:createBucket(431)) - Creating Bucket: datanodefailurehandlingtest/datanodefailurehandlingtest, with Versioning false and Storage Type set to DISK and Encryption set to false 
2019-11-14 12:42:02,543 [Thread-3929] INFO  container.ReplicationManager (ReplicationManager.java:start(162)) - Starting Replication Monitor Thread.
2019-11-14 12:42:02,543 [Thread-3929] INFO  pipeline.SCMPipelineManager (SCMPipelineManager.java:finalizeAndDestroyPipeline(315)) - destroying pipeline:Pipeline[ Id: 429fe793-f00c-4a17-a53d-a20926bc2c3f, Nodes: 29b985cf-35b3-45a0-92a5-99fa8b812c1b{ip: 192.168.34.21, host: pr-hdds-2481-nxhrh-893604966, networkLocation: /rack1, certSerialId: null}c6685414-dbf7-4d5a-a965-a6338d016232{ip: 192.168.34.21, host: pr-hdds-2481-nxhrh-893604966, networkLocation: /rack1, certSerialId: null}e0c88643-1b24-4b90-b706-4d063724ebcc{ip: 192.168.34.21, host: pr-hdds-2481-nxhrh-893604966, networkLocation: /rack1, certSerialId: null}, Type:RATIS, Factor:THREE, State:OPEN]
2019-11-14 12:42:02,547 [ReplicationMonitor] INFO  container.ReplicationManager (ReplicationManager.java:run(225)) - Replication Monitor Thread took 0 milliseconds for processing 1 containers.
2019-11-14 12:42:02,547 [Thread-3929] INFO  pipeline.PipelineStateManager (PipelineStateManager.java:finalizePipeline(121)) - Pipeline Pipeline[ Id: 429fe793-f00c-4a17-a53d-a20926bc2c3f, Nodes: 29b985cf-35b3-45a0-92a5-99fa8b812c1b{ip: 192.168.34.21, host: pr-hdds-2481-nxhrh-893604966, networkLocation: /rack1, certSerialId: null}c6685414-dbf7-4d5a-a965-a6338d016232{ip: 192.168.34.21, host: pr-hdds-2481-nxhrh-893604966, networkLocation: /rack1, certSerialId: null}e0c88643-1b24-4b90-b706-4d063724ebcc{ip: 192.168.34.21, host: pr-hdds-2481-nxhrh-893604966, networkLocation: /rack1, certSerialId: null}, Type:RATIS, Factor:THREE, State:CLOSED] moved to CLOSED state
2019-11-14 12:42:02,548 [EventQueue-CloseContainerForCloseContainerEventHandler] INFO  container.CloseContainerEventHandler (CloseContainerEventHandler.java:onMessage(61)) - Close container Event triggered for container : #1
2019-11-14 12:42:02,551 [grpc-default-executor-7] INFO  impl.RaftServerProxy (RaftServerProxy.java:remove(95)) - 29b985cf-35b3-45a0-92a5-99fa8b812c1b: remove    LEADER 29b985cf-35b3-45a0-92a5-99fa8b812c1b@group-A20926BC2C3F:t1, leader=29b985cf-35b3-45a0-92a5-99fa8b812c1b, voted=29b985cf-35b3-45a0-92a5-99fa8b812c1b, raftlog=29b985cf-35b3-45a0-92a5-99fa8b812c1b@group-A20926BC2C3F-SegmentedRaftLog:OPENED:c0,f0,i2, conf=0: [e0c88643-1b24-4b90-b706-4d063724ebcc:192.168.34.21:42559, 29b985cf-35b3-45a0-92a5-99fa8b812c1b:192.168.34.21:41805, c6685414-dbf7-4d5a-a965-a6338d016232:192.168.34.21:36095], old=null RUNNING
2019-11-14 12:42:02,551 [grpc-default-executor-7] INFO  impl.RaftServerImpl (RaftServerImpl.java:lambda$shutdown$3(250)) - 29b985cf-35b3-45a0-92a5-99fa8b812c1b@group-A20926BC2C3F: shutdown
2019-11-14 12:42:02,551 [grpc-default-executor-7] INFO  util.JmxRegister (JmxRegister.java:unregister(73)) - Successfully un-registered JMX Bean with object name Ratis:service=RaftServer,group=group-A20926BC2C3F,id=29b985cf-35b3-45a0-92a5-99fa8b812c1b
2019-11-14 12:42:02,551 [grpc-default-executor-7] INFO  impl.RoleInfo (RoleInfo.java:shutdownLeaderState(104)) - 29b985cf-35b3-45a0-92a5-99fa8b812c1b: shutdown LeaderState
2019-11-14 12:42:02,557 [grpc-default-executor-7] INFO  impl.PendingRequests (PendingRequests.java:sendNotLeaderResponses(206)) - 29b985cf-35b3-45a0-92a5-99fa8b812c1b@group-A20926BC2C3F-PendingRequests: sendNotLeaderResponses
2019-11-14 12:42:02,557 [org.apache.ratis.server.impl.LogAppender$AppenderDaemon$$Lambda$429/1552770716@5c08fcdc] WARN  server.GrpcLogAppender (GrpcLogAppender.java:mayWait(151)) - 29b985cf-35b3-45a0-92a5-99fa8b812c1b@group-A20926BC2C3F->c6685414-dbf7-4d5a-a965-a6338d016232-GrpcLogAppender: Wait interrupted by java.lang.InterruptedException
2019-11-14 12:42:02,557 [org.apache.ratis.server.impl.LogAppender$AppenderDaemon$$Lambda$429/1552770716@190a6199] WARN  server.GrpcLogAppender (GrpcLogAppender.java:mayWait(151)) - 29b985cf-35b3-45a0-92a5-99fa8b812c1b@group-A20926BC2C3F->e0c88643-1b24-4b90-b706-4d063724ebcc-GrpcLogAppender: Wait interrupted by java.lang.InterruptedException
2019-11-14 12:42:02,559 [grpc-default-executor-5] INFO  server.GrpcServerProtocolService (GrpcServerProtocolService.java:onCompleted(113)) - c6685414-dbf7-4d5a-a965-a6338d016232: Completed APPEND_ENTRIES, lastRequest: 29b985cf-35b3-45a0-92a5-99fa8b812c1b->c6685414-dbf7-4d5a-a965-a6338d016232#5-t1, previous=(t:1, i:1), leaderCommit=0, initializing? false, entries: size=1, first=(t:1, i:2), STATEMACHINELOGENTRY, client-C487E7156602, cid=255
2019-11-14 12:42:02,563 [grpc-default-executor-7] INFO  impl.StateMachineUpdater (StateMachineUpdater.java:stopAndJoin(136)) - 29b985cf-35b3-45a0-92a5-99fa8b812c1b@group-A20926BC2C3F-StateMachineUpdater: set stopIndex = 0
2019-11-14 12:42:02,559 [grpc-default-executor-1] INFO  server.GrpcServerProtocolService (GrpcServerProtocolService.java:onCompleted(113)) - e0c88643-1b24-4b90-b706-4d063724ebcc: Completed APPEND_ENTRIES, lastRequest: 29b985cf-35b3-45a0-92a5-99fa8b812c1b->e0c88643-1b24-4b90-b706-4d063724ebcc#5-t1, previous=(t:1, i:1), leaderCommit=0, initializing? false, entries: size=1, first=(t:1, i:2), STATEMACHINELOGENTRY, client-C487E7156602, cid=255
2019-11-14 12:42:02,563 [grpc-default-executor-7] INFO  impl.RaftServerImpl (ServerState.java:close(387)) - 29b985cf-35b3-45a0-92a5-99fa8b812c1b@group-A20926BC2C3F: closes. applyIndex: 0
2019-11-14 12:42:02,563 [grpc-default-executor-1] INFO  server.GrpcLogAppender (GrpcLogAppender.java:onCompleted(308)) - 29b985cf-35b3-45a0-92a5-99fa8b812c1b@group-A20926BC2C3F->c6685414-dbf7-4d5a-a965-a6338d016232-AppendLogResponseHandler: follower responses appendEntries COMPLETED
2019-11-14 12:42:02,563 [29b985cf-35b3-45a0-92a5-99fa8b812c1b@group-A20926BC2C3F-SegmentedRaftLogWorker] INFO  segmented.SegmentedRaftLogWorker (SegmentedRaftLogWorker.java:run(316)) - 29b985cf-35b3-45a0-92a5-99fa8b812c1b@group-A20926BC2C3F-SegmentedRaftLogWorker was interrupted, exiting. There are 0 tasks remaining in the queue.
2019-11-14 12:42:02,563 [grpc-default-executor-5] INFO  server.GrpcLogAppender (GrpcLogAppender.java:onCompleted(308)) - 29b985cf-35b3-45a0-92a5-99fa8b812c1b@group-A20926BC2C3F->e0c88643-1b24-4b90-b706-4d063724ebcc-AppendLogResponseHandler: follower responses appendEntries COMPLETED
2019-11-14 12:42:02,564 [grpc-default-executor-7] INFO  segmented.SegmentedRaftLogWorker (SegmentedRaftLogWorker.java:close(224)) - 29b985cf-35b3-45a0-92a5-99fa8b812c1b@group-A20926BC2C3F-SegmentedRaftLogWorker close()
2019-11-14 12:42:02,566 [grpc-default-executor-5] INFO  impl.FollowerInfo (FollowerInfo.java:lambda$new$0(51)) - 29b985cf-35b3-45a0-92a5-99fa8b812c1b@group-A20926BC2C3F->e0c88643-1b24-4b90-b706-4d063724ebcc: nextIndex: updateUnconditionally 3 -> 1
2019-11-14 12:42:02,566 [grpc-default-executor-1] INFO  impl.FollowerInfo (FollowerInfo.java:lambda$new$0(51)) - 29b985cf-35b3-45a0-92a5-99fa8b812c1b@group-A20926BC2C3F->c6685414-dbf7-4d5a-a965-a6338d016232: nextIndex: updateUnconditionally 3 -> 2
2019-11-14 12:42:02,645 [grpc-default-executor-7] INFO  interfaces.Container (KeyValueContainer.java:flushAndSyncDB(400)) - Container 1 is synced with bcsId 0.
2019-11-14 12:42:02,646 [grpc-default-executor-7] INFO  interfaces.Container (KeyValueContainer.java:flushAndSyncDB(400)) - Container 1 is synced with bcsId 0.
2019-11-14 12:42:02,663 [EventQueue-IncrementalContainerReportForIncrementalContainerReportHandler] INFO  container.IncrementalContainerReportHandler (AbstractContainerReportHandler.java:updateContainerState(171)) - Moving container #1 to QUASI_CLOSED state, datanode 29b985cf-35b3-45a0-92a5-99fa8b812c1b{ip: 192.168.34.21, host: pr-hdds-2481-nxhrh-893604966, networkLocation: /rack1, certSerialId: null} reported QUASI_CLOSED replica.
2019-11-14 12:42:02,666 [grpc-default-executor-7] INFO  impl.RaftServerProxy (RaftServerProxy.java:remove(95)) - c6685414-dbf7-4d5a-a965-a6338d016232: remove  FOLLOWER c6685414-dbf7-4d5a-a965-a6338d016232@group-A20926BC2C3F:t1, leader=29b985cf-35b3-45a0-92a5-99fa8b812c1b, voted=29b985cf-35b3-45a0-92a5-99fa8b812c1b, raftlog=c6685414-dbf7-4d5a-a965-a6338d016232@group-A20926BC2C3F-SegmentedRaftLog:OPENED:c0,f2,i2, conf=0: [e0c88643-1b24-4b90-b706-4d063724ebcc:192.168.34.21:42559, 29b985cf-35b3-45a0-92a5-99fa8b812c1b:192.168.34.21:41805, c6685414-dbf7-4d5a-a965-a6338d016232:192.168.34.21:36095], old=null RUNNING
2019-11-14 12:42:02,667 [grpc-default-executor-7] INFO  impl.RaftServerImpl (RaftServerImpl.java:lambda$shutdown$3(250)) - c6685414-dbf7-4d5a-a965-a6338d016232@group-A20926BC2C3F: shutdown
2019-11-14 12:42:02,667 [grpc-default-executor-7] INFO  util.JmxRegister (JmxRegister.java:unregister(73)) - Successfully un-registered JMX Bean with object name Ratis:service=RaftServer,group=group-A20926BC2C3F,id=c6685414-dbf7-4d5a-a965-a6338d016232
2019-11-14 12:42:02,667 [grpc-default-executor-7] INFO  impl.RoleInfo (RoleInfo.java:shutdownFollowerState(121)) - c6685414-dbf7-4d5a-a965-a6338d016232: shutdown FollowerState
2019-11-14 12:42:02,667 [grpc-default-executor-7] INFO  impl.StateMachineUpdater (StateMachineUpdater.java:stopAndJoin(136)) - c6685414-dbf7-4d5a-a965-a6338d016232@group-A20926BC2C3F-StateMachineUpdater: set stopIndex = 0
2019-11-14 12:42:02,667 [Thread-4024] INFO  impl.FollowerState (FollowerState.java:run(120)) - c6685414-dbf7-4d5a-a965-a6338d016232@group-A20926BC2C3F-FollowerState was interrupted: java.lang.InterruptedException: sleep interrupted
2019-11-14 12:42:02,668 [grpc-default-executor-7] INFO  impl.RaftServerImpl (ServerState.java:close(387)) - c6685414-dbf7-4d5a-a965-a6338d016232@group-A20926BC2C3F: closes. applyIndex: 0
2019-11-14 12:42:02,668 [c6685414-dbf7-4d5a-a965-a6338d016232@group-A20926BC2C3F-SegmentedRaftLogWorker] INFO  segmented.SegmentedRaftLogWorker (SegmentedRaftLogWorker.java:run(316)) - c6685414-dbf7-4d5a-a965-a6338d016232@group-A20926BC2C3F-SegmentedRaftLogWorker was interrupted, exiting. There are 0 tasks remaining in the queue.
2019-11-14 12:42:02,668 [grpc-default-executor-7] INFO  segmented.SegmentedRaftLogWorker (SegmentedRaftLogWorker.java:close(224)) - c6685414-dbf7-4d5a-a965-a6338d016232@group-A20926BC2C3F-SegmentedRaftLogWorker close()
2019-11-14 12:42:02,772 [grpc-default-executor-7] INFO  interfaces.Container (KeyValueContainer.java:flushAndSyncDB(400)) - Container 1 is synced with bcsId 0.
2019-11-14 12:42:02,772 [grpc-default-executor-7] INFO  interfaces.Container (KeyValueContainer.java:flushAndSyncDB(400)) - Container 1 is synced with bcsId 0.
2019-11-14 12:42:02,789 [grpc-default-executor-7] INFO  impl.RaftServerProxy (RaftServerProxy.java:remove(95)) - e0c88643-1b24-4b90-b706-4d063724ebcc: remove  FOLLOWER e0c88643-1b24-4b90-b706-4d063724ebcc@group-A20926BC2C3F:t1, leader=29b985cf-35b3-45a0-92a5-99fa8b812c1b, voted=29b985cf-35b3-45a0-92a5-99fa8b812c1b, raftlog=e0c88643-1b24-4b90-b706-4d063724ebcc@group-A20926BC2C3F-SegmentedRaftLog:OPENED:c0,f2,i2, conf=0: [e0c88643-1b24-4b90-b706-4d063724ebcc:192.168.34.21:42559, 29b985cf-35b3-45a0-92a5-99fa8b812c1b:192.168.34.21:41805, c6685414-dbf7-4d5a-a965-a6338d016232:192.168.34.21:36095], old=null RUNNING
2019-11-14 12:42:02,789 [grpc-default-executor-7] INFO  impl.RaftServerImpl (RaftServerImpl.java:lambda$shutdown$3(250)) - e0c88643-1b24-4b90-b706-4d063724ebcc@group-A20926BC2C3F: shutdown
2019-11-14 12:42:02,790 [grpc-default-executor-7] INFO  util.JmxRegister (JmxRegister.java:unregister(73)) - Successfully un-registered JMX Bean with object name Ratis:service=RaftServer,group=group-A20926BC2C3F,id=e0c88643-1b24-4b90-b706-4d063724ebcc
2019-11-14 12:42:02,790 [grpc-default-executor-7] INFO  impl.RoleInfo (RoleInfo.java:shutdownFollowerState(121)) - e0c88643-1b24-4b90-b706-4d063724ebcc: shutdown FollowerState
2019-11-14 12:42:02,790 [grpc-default-executor-7] INFO  impl.StateMachineUpdater (StateMachineUpdater.java:stopAndJoin(136)) - e0c88643-1b24-4b90-b706-4d063724ebcc@group-A20926BC2C3F-StateMachineUpdater: set stopIndex = 0
2019-11-14 12:42:02,790 [Thread-4023] INFO  impl.FollowerState (FollowerState.java:run(120)) - e0c88643-1b24-4b90-b706-4d063724ebcc@group-A20926BC2C3F-FollowerState was interrupted: java.lang.InterruptedException: sleep interrupted
2019-11-14 12:42:02,790 [grpc-default-executor-7] INFO  impl.RaftServerImpl (ServerState.java:close(387)) - e0c88643-1b24-4b90-b706-4d063724ebcc@group-A20926BC2C3F: closes. applyIndex: 0
2019-11-14 12:42:02,791 [e0c88643-1b24-4b90-b706-4d063724ebcc@group-A20926BC2C3F-SegmentedRaftLogWorker] INFO  segmented.SegmentedRaftLogWorker (SegmentedRaftLogWorker.java:run(316)) - e0c88643-1b24-4b90-b706-4d063724ebcc@group-A20926BC2C3F-SegmentedRaftLogWorker was interrupted, exiting. There are 0 tasks remaining in the queue.
2019-11-14 12:42:02,791 [grpc-default-executor-7] INFO  segmented.SegmentedRaftLogWorker (SegmentedRaftLogWorker.java:close(224)) - e0c88643-1b24-4b90-b706-4d063724ebcc@group-A20926BC2C3F-SegmentedRaftLogWorker close()
2019-11-14 12:42:02,877 [grpc-default-executor-7] INFO  interfaces.Container (KeyValueContainer.java:flushAndSyncDB(400)) - Container 1 is synced with bcsId 0.
2019-11-14 12:42:02,877 [grpc-default-executor-7] INFO  interfaces.Container (KeyValueContainer.java:flushAndSyncDB(400)) - Container 1 is synced with bcsId 0.
2019-11-14 12:42:02,892 [Thread-3929] INFO  pipeline.PipelineStateManager (PipelineStateManager.java:removePipeline(106)) - Pipeline Pipeline[ Id: 429fe793-f00c-4a17-a53d-a20926bc2c3f, Nodes: 29b985cf-35b3-45a0-92a5-99fa8b812c1b{ip: 192.168.34.21, host: pr-hdds-2481-nxhrh-893604966, networkLocation: /rack1, certSerialId: null}c6685414-dbf7-4d5a-a965-a6338d016232{ip: 192.168.34.21, host: pr-hdds-2481-nxhrh-893604966, networkLocation: /rack1, certSerialId: null}e0c88643-1b24-4b90-b706-4d063724ebcc{ip: 192.168.34.21, host: pr-hdds-2481-nxhrh-893604966, networkLocation: /rack1, certSerialId: null}, Type:RATIS, Factor:THREE, State:CLOSED] removed from db
2019-11-14 12:42:02,896 [Thread-3929] INFO  pipeline.SCMPipelineManager (SCMPipelineManager.java:finalizeAndDestroyPipeline(315)) - destroying pipeline:Pipeline[ Id: 661dd60e-eca3-43b3-98d6-fee189d1caa3, Nodes: 246c57ec-d0aa-4f80-a8a4-72fa2ca2a50d{ip: 192.168.34.21, host: pr-hdds-2481-nxhrh-893604966, networkLocation: /rack1, certSerialId: null}, Type:RATIS, Factor:ONE, State:OPEN]
2019-11-14 12:42:02,903 [grpc-default-executor-1] INFO  impl.RaftServerProxy (RaftServerProxy.java:addNew(89)) - 29b985cf-35b3-45a0-92a5-99fa8b812c1b: addNew group-D35C3FC9018D:[e0c88643-1b24-4b90-b706-4d063724ebcc:192.168.34.21:42559, 29b985cf-35b3-45a0-92a5-99fa8b812c1b:192.168.34.21:41805, c6685414-dbf7-4d5a-a965-a6338d016232:192.168.34.21:36095] returns group-D35C3FC9018D:java.util.concurrent.CompletableFuture@5d6f9c25[Not completed]
2019-11-14 12:42:02,903 [grpc-default-executor-7] INFO  impl.RaftServerProxy (RaftServerProxy.java:addNew(89)) - e0c88643-1b24-4b90-b706-4d063724ebcc: addNew group-D35C3FC9018D:[e0c88643-1b24-4b90-b706-4d063724ebcc:192.168.34.21:42559, 29b985cf-35b3-45a0-92a5-99fa8b812c1b:192.168.34.21:41805, c6685414-dbf7-4d5a-a965-a6338d016232:192.168.34.21:36095] returns group-D35C3FC9018D:java.util.concurrent.CompletableFuture@51e9201f[Not completed]
2019-11-14 12:42:02,903 [grpc-default-executor-3] INFO  impl.RaftServerProxy (RaftServerProxy.java:addNew(89)) - c6685414-dbf7-4d5a-a965-a6338d016232: addNew group-D35C3FC9018D:[e0c88643-1b24-4b90-b706-4d063724ebcc:192.168.34.21:42559, 29b985cf-35b3-45a0-92a5-99fa8b812c1b:192.168.34.21:41805, c6685414-dbf7-4d5a-a965-a6338d016232:192.168.34.21:36095] returns group-D35C3FC9018D:java.util.concurrent.CompletableFuture@79a81549[Not completed]
2019-11-14 12:42:02,905 [pool-569-thread-1] INFO  impl.RaftServerImpl (RaftServerImpl.java:<init>(98)) - 29b985cf-35b3-45a0-92a5-99fa8b812c1b: new RaftServerImpl for group-D35C3FC9018D:[e0c88643-1b24-4b90-b706-4d063724ebcc:192.168.34.21:42559, 29b985cf-35b3-45a0-92a5-99fa8b812c1b:192.168.34.21:41805, c6685414-dbf7-4d5a-a965-a6338d016232:192.168.34.21:36095] with ContainerStateMachine:uninitialized
2019-11-14 12:42:02,905 [pool-569-thread-1] INFO  server.RaftServerConfigKeys (ConfUtils.java:logGet(43)) - raft.server.rpc.timeout.min = 1s (custom)
2019-11-14 12:42:02,906 [pool-569-thread-1] INFO  server.RaftServerConfigKeys (ConfUtils.java:logGet(43)) - raft.server.rpc.timeout.max = 1200ms (custom)
2019-11-14 12:42:02,906 [pool-569-thread-1] INFO  server.RaftServerConfigKeys (ConfUtils.java:logGet(43)) - raft.server.rpcslowness.timeout = 120s (custom)
2019-11-14 12:42:02,906 [pool-569-thread-1] INFO  server.RaftServerConfigKeys (ConfUtils.java:logGet(43)) - raft.server.sleep.deviation.threshold = 300 (default)
2019-11-14 12:42:02,906 [pool-549-thread-1] INFO  impl.RaftServerImpl (RaftServerImpl.java:<init>(98)) - e0c88643-1b24-4b90-b706-4d063724ebcc: new RaftServerImpl for group-D35C3FC9018D:[e0c88643-1b24-4b90-b706-4d063724ebcc:192.168.34.21:42559, 29b985cf-35b3-45a0-92a5-99fa8b812c1b:192.168.34.21:41805, c6685414-dbf7-4d5a-a965-a6338d016232:192.168.34.21:36095] with ContainerStateMachine:uninitialized
2019-11-14 12:42:02,906 [pool-569-thread-1] INFO  server.RaftServerConfigKeys (ConfUtils.java:logGet(43)) - raft.server.log.appender.install.snapshot.enabled = false (custom)
2019-11-14 12:42:02,906 [pool-549-thread-1] INFO  server.RaftServerConfigKeys (ConfUtils.java:logGet(43)) - raft.server.rpc.timeout.min = 1s (custom)
2019-11-14 12:42:02,906 [pool-569-thread-1] INFO  impl.RaftServerImpl (ServerState.java:<init>(103)) - 29b985cf-35b3-45a0-92a5-99fa8b812c1b@group-D35C3FC9018D: ConfigurationManager, init=-1: [e0c88643-1b24-4b90-b706-4d063724ebcc:192.168.34.21:42559, 29b985cf-35b3-45a0-92a5-99fa8b812c1b:192.168.34.21:41805, c6685414-dbf7-4d5a-a965-a6338d016232:192.168.34.21:36095], old=null, confs=<EMPTY_MAP>
2019-11-14 12:42:02,906 [pool-549-thread-1] INFO  server.RaftServerConfigKeys (ConfUtils.java:logGet(43)) - raft.server.rpc.timeout.max = 1200ms (custom)
2019-11-14 12:42:02,906 [pool-569-thread-1] INFO  server.RaftServerConfigKeys (ConfUtils.java:logGet(43)) - raft.server.storage.dir = [/workdir/hadoop-ozone/integration-test/target/test-dir/MiniOzoneClusterImpl-00c2d61f-fa45-4119-a3b8-446fff627119/datanode-6/data/ratis] (custom)
2019-11-14 12:42:02,906 [pool-559-thread-1] INFO  impl.RaftServerImpl (RaftServerImpl.java:<init>(98)) - c6685414-dbf7-4d5a-a965-a6338d016232: new RaftServerImpl for group-D35C3FC9018D:[e0c88643-1b24-4b90-b706-4d063724ebcc:192.168.34.21:42559, 29b985cf-35b3-45a0-92a5-99fa8b812c1b:192.168.34.21:41805, c6685414-dbf7-4d5a-a965-a6338d016232:192.168.34.21:36095] with ContainerStateMachine:uninitialized
2019-11-14 12:42:02,906 [pool-549-thread-1] INFO  server.RaftServerConfigKeys (ConfUtils.java:logGet(43)) - raft.server.rpcslowness.timeout = 120s (custom)
2019-11-14 12:42:02,907 [pool-559-thread-1] INFO  server.RaftServerConfigKeys (ConfUtils.java:logGet(43)) - raft.server.rpc.timeout.min = 1s (custom)
2019-11-14 12:42:02,907 [pool-549-thread-1] INFO  server.RaftServerConfigKeys (ConfUtils.java:logGet(43)) - raft.server.sleep.deviation.threshold = 300 (default)
2019-11-14 12:42:02,907 [pool-569-thread-1] INFO  server.RaftServerConfigKeys (ConfUtils.java:logGet(43)) - raft.server.log.corruption.policy = EXCEPTION (default)
2019-11-14 12:42:02,907 [pool-549-thread-1] INFO  server.RaftServerConfigKeys (ConfUtils.java:logGet(43)) - raft.server.log.appender.install.snapshot.enabled = false (custom)
2019-11-14 12:42:02,907 [pool-559-thread-1] INFO  server.RaftServerConfigKeys (ConfUtils.java:logGet(43)) - raft.server.rpc.timeout.max = 1200ms (custom)
2019-11-14 12:42:02,907 [pool-549-thread-1] INFO  impl.RaftServerImpl (ServerState.java:<init>(103)) - e0c88643-1b24-4b90-b706-4d063724ebcc@group-D35C3FC9018D: ConfigurationManager, init=-1: [e0c88643-1b24-4b90-b706-4d063724ebcc:192.168.34.21:42559, 29b985cf-35b3-45a0-92a5-99fa8b812c1b:192.168.34.21:41805, c6685414-dbf7-4d5a-a965-a6338d016232:192.168.34.21:36095], old=null, confs=<EMPTY_MAP>
2019-11-14 12:42:02,907 [pool-569-thread-1] INFO  storage.RaftStorageDirectory (RaftStorageDirectory.java:analyzeStorage(246)) - The storage directory /workdir/hadoop-ozone/integration-test/target/test-dir/MiniOzoneClusterImpl-00c2d61f-fa45-4119-a3b8-446fff627119/datanode-6/data/ratis/3149e730-1459-48cc-80a5-d35c3fc9018d does not exist. Creating ...
2019-11-14 12:42:02,907 [pool-549-thread-1] INFO  server.RaftServerConfigKeys (ConfUtils.java:logGet(43)) - raft.server.storage.dir = [/workdir/hadoop-ozone/integration-test/target/test-dir/MiniOzoneClusterImpl-00c2d61f-fa45-4119-a3b8-446fff627119/datanode-4/data/ratis] (custom)
2019-11-14 12:42:02,907 [pool-559-thread-1] INFO  server.RaftServerConfigKeys (ConfUtils.java:logGet(43)) - raft.server.rpcslowness.timeout = 120s (custom)
2019-11-14 12:42:02,908 [pool-559-thread-1] INFO  server.RaftServerConfigKeys (ConfUtils.java:logGet(43)) - raft.server.sleep.deviation.threshold = 300 (default)
2019-11-14 12:42:02,908 [pool-549-thread-1] INFO  server.RaftServerConfigKeys (ConfUtils.java:logGet(43)) - raft.server.log.corruption.policy = EXCEPTION (default)
2019-11-14 12:42:02,908 [pool-559-thread-1] INFO  server.RaftServerConfigKeys (ConfUtils.java:logGet(43)) - raft.server.log.appender.install.snapshot.enabled = false (custom)
2019-11-14 12:42:02,908 [pool-549-thread-1] INFO  storage.RaftStorageDirectory (RaftStorageDirectory.java:analyzeStorage(246)) - The storage directory /workdir/hadoop-ozone/integration-test/target/test-dir/MiniOzoneClusterImpl-00c2d61f-fa45-4119-a3b8-446fff627119/datanode-4/data/ratis/3149e730-1459-48cc-80a5-d35c3fc9018d does not exist. Creating ...
2019-11-14 12:42:02,908 [pool-559-thread-1] INFO  impl.RaftServerImpl (ServerState.java:<init>(103)) - c6685414-dbf7-4d5a-a965-a6338d016232@group-D35C3FC9018D: ConfigurationManager, init=-1: [e0c88643-1b24-4b90-b706-4d063724ebcc:192.168.34.21:42559, 29b985cf-35b3-45a0-92a5-99fa8b812c1b:192.168.34.21:41805, c6685414-dbf7-4d5a-a965-a6338d016232:192.168.34.21:36095], old=null, confs=<EMPTY_MAP>
2019-11-14 12:42:02,908 [pool-559-thread-1] INFO  server.RaftServerConfigKeys (ConfUtils.java:logGet(43)) - raft.server.storage.dir = [/workdir/hadoop-ozone/integration-test/target/test-dir/MiniOzoneClusterImpl-00c2d61f-fa45-4119-a3b8-446fff627119/datanode-5/data/ratis] (custom)
2019-11-14 12:42:02,909 [pool-559-thread-1] INFO  server.RaftServerConfigKeys (ConfUtils.java:logGet(43)) - raft.server.log.corruption.policy = EXCEPTION (default)
2019-11-14 12:42:02,909 [pool-559-thread-1] INFO  storage.RaftStorageDirectory (RaftStorageDirectory.java:analyzeStorage(246)) - The storage directory /workdir/hadoop-ozone/integration-test/target/test-dir/MiniOzoneClusterImpl-00c2d61f-fa45-4119-a3b8-446fff627119/datanode-5/data/ratis/3149e730-1459-48cc-80a5-d35c3fc9018d does not exist. Creating ...
2019-11-14 12:42:02,923 [pool-549-thread-1] INFO  storage.RaftStorageDirectory (RaftStorageDirectory.java:tryLock(328)) - Lock on /workdir/hadoop-ozone/integration-test/target/test-dir/MiniOzoneClusterImpl-00c2d61f-fa45-4119-a3b8-446fff627119/datanode-4/data/ratis/3149e730-1459-48cc-80a5-d35c3fc9018d/in_use.lock acquired by nodename 27294@pr-hdds-2481-nxhrh-893604966
2019-11-14 12:42:02,923 [pool-569-thread-1] INFO  storage.RaftStorageDirectory (RaftStorageDirectory.java:tryLock(328)) - Lock on /workdir/hadoop-ozone/integration-test/target/test-dir/MiniOzoneClusterImpl-00c2d61f-fa45-4119-a3b8-446fff627119/datanode-6/data/ratis/3149e730-1459-48cc-80a5-d35c3fc9018d/in_use.lock acquired by nodename 27294@pr-hdds-2481-nxhrh-893604966
2019-11-14 12:42:02,923 [pool-559-thread-1] INFO  storage.RaftStorageDirectory (RaftStorageDirectory.java:tryLock(328)) - Lock on /workdir/hadoop-ozone/integration-test/target/test-dir/MiniOzoneClusterImpl-00c2d61f-fa45-4119-a3b8-446fff627119/datanode-5/data/ratis/3149e730-1459-48cc-80a5-d35c3fc9018d/in_use.lock acquired by nodename 27294@pr-hdds-2481-nxhrh-893604966
2019-11-14 12:42:02,961 [pool-549-thread-1] INFO  storage.RaftStorage (RaftStorage.java:format(84)) - Storage directory /workdir/hadoop-ozone/integration-test/target/test-dir/MiniOzoneClusterImpl-00c2d61f-fa45-4119-a3b8-446fff627119/datanode-4/data/ratis/3149e730-1459-48cc-80a5-d35c3fc9018d has been successfully formatted.
2019-11-14 12:42:02,961 [pool-569-thread-1] INFO  storage.RaftStorage (RaftStorage.java:format(84)) - Storage directory /workdir/hadoop-ozone/integration-test/target/test-dir/MiniOzoneClusterImpl-00c2d61f-fa45-4119-a3b8-446fff627119/datanode-6/data/ratis/3149e730-1459-48cc-80a5-d35c3fc9018d has been successfully formatted.
2019-11-14 12:42:02,961 [pool-549-thread-1] INFO  ratis.ContainerStateMachine (ContainerStateMachine.java:loadSnapshot(223)) - group-D35C3FC9018D: The snapshot info is null. Setting the last applied indexto:(t:0, i:~)
2019-11-14 12:42:02,961 [pool-559-thread-1] INFO  storage.RaftStorage (RaftStorage.java:format(84)) - Storage directory /workdir/hadoop-ozone/integration-test/target/test-dir/MiniOzoneClusterImpl-00c2d61f-fa45-4119-a3b8-446fff627119/datanode-5/data/ratis/3149e730-1459-48cc-80a5-d35c3fc9018d has been successfully formatted.
2019-11-14 12:42:02,961 [pool-569-thread-1] INFO  ratis.ContainerStateMachine (ContainerStateMachine.java:loadSnapshot(223)) - group-D35C3FC9018D: The snapshot info is null. Setting the last applied indexto:(t:0, i:~)
2019-11-14 12:42:02,961 [pool-549-thread-1] INFO  server.RaftServerConfigKeys (ConfUtils.java:logGet(43)) - raft.server.notification.no-leader.timeout = 120s (custom)
2019-11-14 12:42:02,961 [pool-569-thread-1] INFO  server.RaftServerConfigKeys (ConfUtils.java:logGet(43)) - raft.server.notification.no-leader.timeout = 120s (custom)
2019-11-14 12:42:02,961 [pool-559-thread-1] INFO  ratis.ContainerStateMachine (ContainerStateMachine.java:loadSnapshot(223)) - group-D35C3FC9018D: The snapshot info is null. Setting the last applied indexto:(t:0, i:~)
2019-11-14 12:42:02,962 [pool-569-thread-1] INFO  server.RaftServerConfigKeys (ConfUtils.java:logGet(43)) - raft.server.log.use.memory = false (default)
2019-11-14 12:42:02,961 [pool-549-thread-1] INFO  server.RaftServerConfigKeys (ConfUtils.java:logGet(43)) - raft.server.log.use.memory = false (default)
2019-11-14 12:42:02,962 [pool-569-thread-1] INFO  server.RaftServerConfigKeys (ConfUtils.java:logGet(43)) - raft.server.log.purge.gap = 1000000 (custom)
2019-11-14 12:42:02,962 [pool-559-thread-1] INFO  server.RaftServerConfigKeys (ConfUtils.java:logGet(43)) - raft.server.notification.no-leader.timeout = 120s (custom)
2019-11-14 12:42:02,962 [pool-569-thread-1] INFO  server.RaftServerConfigKeys (ConfUtils.java:logGet(43)) - raft.server.log.appender.buffer.byte-limit = 33554432 (custom)
2019-11-14 12:42:02,962 [pool-549-thread-1] INFO  server.RaftServerConfigKeys (ConfUtils.java:logGet(43)) - raft.server.log.purge.gap = 1000000 (custom)
2019-11-14 12:42:02,962 [pool-569-thread-1] INFO  server.RaftServerConfigKeys (ConfUtils.java:logGet(43)) - raft.server.log.segment.size.max = 1048576 (custom)
2019-11-14 12:42:02,962 [pool-559-thread-1] INFO  server.RaftServerConfigKeys (ConfUtils.java:logGet(43)) - raft.server.log.use.memory = false (default)
2019-11-14 12:42:02,962 [pool-569-thread-1] INFO  server.RaftServerConfigKeys (ConfUtils.java:logGet(43)) - raft.server.log.segment.cache.num.max = 2 (custom)
2019-11-14 12:42:02,962 [pool-549-thread-1] INFO  server.RaftServerConfigKeys (ConfUtils.java:logGet(43)) - raft.server.log.appender.buffer.byte-limit = 33554432 (custom)
2019-11-14 12:42:02,963 [pool-569-thread-1] INFO  segmented.SegmentedRaftLogWorker (SegmentedRaftLogWorker.java:<init>(173)) - new 29b985cf-35b3-45a0-92a5-99fa8b812c1b@group-D35C3FC9018D-SegmentedRaftLogWorker for RaftStorage:Storage Directory /workdir/hadoop-ozone/integration-test/target/test-dir/MiniOzoneClusterImpl-00c2d61f-fa45-4119-a3b8-446fff627119/datanode-6/data/ratis/3149e730-1459-48cc-80a5-d35c3fc9018d
2019-11-14 12:42:02,963 [pool-559-thread-1] INFO  server.RaftServerConfigKeys (ConfUtils.java:logGet(43)) - raft.server.log.purge.gap = 1000000 (custom)
2019-11-14 12:42:02,963 [pool-569-thread-1] INFO  server.RaftServerConfigKeys (ConfUtils.java:logGet(43)) - raft.server.log.queue.byte-limit = 2147483647 (custom)
2019-11-14 12:42:02,963 [pool-549-thread-1] INFO  server.RaftServerConfigKeys (ConfUtils.java:logGet(43)) - raft.server.log.segment.size.max = 1048576 (custom)
2019-11-14 12:42:02,963 [pool-569-thread-1] INFO  server.RaftServerConfigKeys (ConfUtils.java:logGet(43)) - raft.server.log.queue.element-limit = 1024 (custom)
2019-11-14 12:42:02,963 [pool-559-thread-1] INFO  server.RaftServerConfigKeys (ConfUtils.java:logGet(43)) - raft.server.log.appender.buffer.byte-limit = 33554432 (custom)
2019-11-14 12:42:02,963 [pool-569-thread-1] INFO  server.RaftServerConfigKeys (ConfUtils.java:logGet(43)) - raft.server.log.segment.size.max = 1048576 (custom)
2019-11-14 12:42:02,963 [pool-549-thread-1] INFO  server.RaftServerConfigKeys (ConfUtils.java:logGet(43)) - raft.server.log.segment.cache.num.max = 2 (custom)
2019-11-14 12:42:02,964 [pool-569-thread-1] INFO  server.RaftServerConfigKeys (ConfUtils.java:logGet(43)) - raft.server.log.preallocated.size = 16384 (custom)
2019-11-14 12:42:02,963 [pool-559-thread-1] INFO  server.RaftServerConfigKeys (ConfUtils.java:logGet(43)) - raft.server.log.segment.size.max = 1048576 (custom)
2019-11-14 12:42:02,964 [pool-559-thread-1] INFO  server.RaftServerConfigKeys (ConfUtils.java:logGet(43)) - raft.server.log.segment.cache.num.max = 2 (custom)
2019-11-14 12:42:02,964 [pool-569-thread-1] INFO  server.RaftServerConfigKeys (ConfUtils.java:logGet(43)) - raft.server.log.write.buffer.size = 33554432 (custom)
2019-11-14 12:42:02,964 [pool-549-thread-1] INFO  segmented.SegmentedRaftLogWorker (SegmentedRaftLogWorker.java:<init>(173)) - new e0c88643-1b24-4b90-b706-4d063724ebcc@group-D35C3FC9018D-SegmentedRaftLogWorker for RaftStorage:Storage Directory /workdir/hadoop-ozone/integration-test/target/test-dir/MiniOzoneClusterImpl-00c2d61f-fa45-4119-a3b8-446fff627119/datanode-4/data/ratis/3149e730-1459-48cc-80a5-d35c3fc9018d
2019-11-14 12:42:02,964 [pool-569-thread-1] INFO  server.RaftServerConfigKeys (ConfUtils.java:logGet(43)) - raft.server.log.force.sync.num = 128 (default)
2019-11-14 12:42:02,964 [pool-559-thread-1] INFO  segmented.SegmentedRaftLogWorker (SegmentedRaftLogWorker.java:<init>(173)) - new c6685414-dbf7-4d5a-a965-a6338d016232@group-D35C3FC9018D-SegmentedRaftLogWorker for RaftStorage:Storage Directory /workdir/hadoop-ozone/integration-test/target/test-dir/MiniOzoneClusterImpl-00c2d61f-fa45-4119-a3b8-446fff627119/datanode-5/data/ratis/3149e730-1459-48cc-80a5-d35c3fc9018d
2019-11-14 12:42:02,964 [pool-569-thread-1] INFO  server.RaftServerConfigKeys (ConfUtils.java:logGet(43)) - raft.server.log.statemachine.data.sync = true (default)
2019-11-14 12:42:02,964 [pool-549-thread-1] INFO  server.RaftServerConfigKeys (ConfUtils.java:logGet(43)) - raft.server.log.queue.byte-limit = 2147483647 (custom)
2019-11-14 12:42:02,965 [pool-569-thread-1] INFO  server.RaftServerConfigKeys (ConfUtils.java:logGet(43)) - raft.server.log.statemachine.data.sync.timeout = 10s (default)
2019-11-14 12:42:02,965 [pool-569-thread-1] INFO  server.RaftServerConfigKeys (ConfUtils.java:logGet(43)) - raft.server.log.statemachine.data.sync.timeout.retry = -1 (default)
2019-11-14 12:42:02,964 [pool-559-thread-1] INFO  server.RaftServerConfigKeys (ConfUtils.java:logGet(43)) - raft.server.log.queue.byte-limit = 2147483647 (custom)
2019-11-14 12:42:02,965 [pool-569-thread-1] INFO  server.RaftServerConfigKeys (ConfUtils.java:logGet(43)) - raft.server.log.statemachine.data.caching.enabled = true (custom)
2019-11-14 12:42:02,965 [pool-549-thread-1] INFO  server.RaftServerConfigKeys (ConfUtils.java:logGet(43)) - raft.server.log.queue.element-limit = 1024 (custom)
2019-11-14 12:42:02,965 [pool-559-thread-1] INFO  server.RaftServerConfigKeys (ConfUtils.java:logGet(43)) - raft.server.log.queue.element-limit = 1024 (custom)
2019-11-14 12:42:02,965 [pool-549-thread-1] INFO  server.RaftServerConfigKeys (ConfUtils.java:logGet(43)) - raft.server.log.segment.size.max = 1048576 (custom)
2019-11-14 12:42:02,965 [pool-569-thread-1] INFO  segmented.SegmentedRaftLogWorker (SegmentedRaftLogWorker.java:lambda$new$0(128)) - 29b985cf-35b3-45a0-92a5-99fa8b812c1b@group-D35C3FC9018D-SegmentedRaftLogWorker: flushIndex: setUnconditionally 0 -> -1
2019-11-14 12:42:02,965 [pool-559-thread-1] INFO  server.RaftServerConfigKeys (ConfUtils.java:logGet(43)) - raft.server.log.segment.size.max = 1048576 (custom)
2019-11-14 12:42:02,965 [pool-549-thread-1] INFO  server.RaftServerConfigKeys (ConfUtils.java:logGet(43)) - raft.server.log.preallocated.size = 16384 (custom)
2019-11-14 12:42:02,966 [pool-559-thread-1] INFO  server.RaftServerConfigKeys (ConfUtils.java:logGet(43)) - raft.server.log.preallocated.size = 16384 (custom)
2019-11-14 12:42:02,966 [pool-569-thread-1] INFO  server.RaftServerConfigKeys (ConfUtils.java:logGet(43)) - raft.server.snapshot.auto.trigger.enabled = true (custom)
2019-11-14 12:42:02,966 [pool-549-thread-1] INFO  server.RaftServerConfigKeys (ConfUtils.java:logGet(43)) - raft.server.log.write.buffer.size = 33554432 (custom)
2019-11-14 12:42:02,966 [pool-569-thread-1] INFO  server.RaftServerConfigKeys (ConfUtils.java:logGet(43)) - raft.server.snapshot.auto.trigger.threshold = 10000 (custom)
2019-11-14 12:42:02,966 [pool-559-thread-1] INFO  server.RaftServerConfigKeys (ConfUtils.java:logGet(43)) - raft.server.log.write.buffer.size = 33554432 (custom)
2019-11-14 12:42:02,966 [pool-569-thread-1] INFO  server.RaftServerConfigKeys (ConfUtils.java:logGet(43)) - raft.server.snapshot.retention.file.num = 5 (custom)
2019-11-14 12:42:02,966 [pool-549-thread-1] INFO  server.RaftServerConfigKeys (ConfUtils.java:logGet(43)) - raft.server.log.force.sync.num = 128 (default)
2019-11-14 12:42:02,967 [pool-569-thread-1] INFO  server.RaftServerConfigKeys (ConfUtils.java:logGet(43)) - raft.server.retrycache.expirytime = 600000ms (custom)
2019-11-14 12:42:02,966 [pool-559-thread-1] INFO  server.RaftServerConfigKeys (ConfUtils.java:logGet(43)) - raft.server.log.force.sync.num = 128 (default)
2019-11-14 12:42:02,967 [pool-569-thread-1] WARN  impl.MetricRegistriesImpl (MetricRegistriesImpl.java:lambda$create$1(61)) - First MetricRegistry has been created without registering reporters. You may need to call MetricRegistries.global().addReportRegistration(...) before.
2019-11-14 12:42:02,967 [pool-549-thread-1] INFO  server.RaftServerConfigKeys (ConfUtils.java:logGet(43)) - raft.server.log.statemachine.data.sync = true (default)
2019-11-14 12:42:02,967 [pool-569-thread-1] WARN  impl.MetricRegistriesImpl (MetricRegistriesImpl.java:lambda$create$1(61)) - First MetricRegistry has been created without registering reporters. You may need to call MetricRegistries.global().addReportRegistration(...) before.
2019-11-14 12:42:02,967 [pool-559-thread-1] INFO  server.RaftServerConfigKeys (ConfUtils.java:logGet(43)) - raft.server.log.statemachine.data.sync = true (default)
2019-11-14 12:42:02,967 [pool-549-thread-1] INFO  server.RaftServerConfigKeys (ConfUtils.java:logGet(43)) - raft.server.log.statemachine.data.sync.timeout = 10s (default)
2019-11-14 12:42:02,967 [pool-569-thread-1] INFO  impl.RaftServerImpl (RaftServerImpl.java:start(184)) - 29b985cf-35b3-45a0-92a5-99fa8b812c1b@group-D35C3FC9018D: start as a follower, conf=-1: [e0c88643-1b24-4b90-b706-4d063724ebcc:192.168.34.21:42559, 29b985cf-35b3-45a0-92a5-99fa8b812c1b:192.168.34.21:41805, c6685414-dbf7-4d5a-a965-a6338d016232:192.168.34.21:36095], old=null
2019-11-14 12:42:02,967 [pool-559-thread-1] INFO  server.RaftServerConfigKeys (ConfUtils.java:logGet(43)) - raft.server.log.statemachine.data.sync.timeout = 10s (default)
2019-11-14 12:42:02,968 [pool-569-thread-1] INFO  impl.RaftServerImpl (RaftServerImpl.java:setRole(173)) - 29b985cf-35b3-45a0-92a5-99fa8b812c1b@group-D35C3FC9018D: changes role from      null to FOLLOWER at term 0 for startAsFollower
2019-11-14 12:42:02,967 [pool-549-thread-1] INFO  server.RaftServerConfigKeys (ConfUtils.java:logGet(43)) - raft.server.log.statemachine.data.sync.timeout.retry = -1 (default)
2019-11-14 12:42:02,968 [pool-569-thread-1] INFO  impl.RoleInfo (RoleInfo.java:updateAndGet(143)) - 29b985cf-35b3-45a0-92a5-99fa8b812c1b: start FollowerState
2019-11-14 12:42:02,968 [pool-559-thread-1] INFO  server.RaftServerConfigKeys (ConfUtils.java:logGet(43)) - raft.server.log.statemachine.data.sync.timeout.retry = -1 (default)
2019-11-14 12:42:02,968 [pool-549-thread-1] INFO  server.RaftServerConfigKeys (ConfUtils.java:logGet(43)) - raft.server.log.statemachine.data.caching.enabled = true (custom)
2019-11-14 12:42:02,968 [pool-559-thread-1] INFO  server.RaftServerConfigKeys (ConfUtils.java:logGet(43)) - raft.server.log.statemachine.data.caching.enabled = true (custom)
2019-11-14 12:42:02,981 [pool-569-thread-1] INFO  util.JmxRegister (JmxRegister.java:tryRegister(44)) - Successfully registered JMX Bean with object name Ratis:service=RaftServer,group=group-D35C3FC9018D,id=29b985cf-35b3-45a0-92a5-99fa8b812c1b
2019-11-14 12:42:02,981 [pool-549-thread-1] INFO  segmented.SegmentedRaftLogWorker (SegmentedRaftLogWorker.java:lambda$new$0(128)) - e0c88643-1b24-4b90-b706-4d063724ebcc@group-D35C3FC9018D-SegmentedRaftLogWorker: flushIndex: setUnconditionally 0 -> -1
2019-11-14 12:42:02,982 [pool-559-thread-1] INFO  segmented.SegmentedRaftLogWorker (SegmentedRaftLogWorker.java:lambda$new$0(128)) - c6685414-dbf7-4d5a-a965-a6338d016232@group-D35C3FC9018D-SegmentedRaftLogWorker: flushIndex: setUnconditionally 0 -> -1
2019-11-14 12:42:02,982 [pool-569-thread-1] WARN  impl.MetricRegistriesImpl (MetricRegistriesImpl.java:lambda$create$1(61)) - First MetricRegistry has been created without registering reporters. You may need to call MetricRegistries.global().addReportRegistration(...) before.
2019-11-14 12:42:02,982 [pool-559-thread-1] INFO  server.RaftServerConfigKeys (ConfUtils.java:logGet(43)) - raft.server.snapshot.auto.trigger.enabled = true (custom)
2019-11-14 12:42:02,982 [pool-549-thread-1] INFO  server.RaftServerConfigKeys (ConfUtils.java:logGet(43)) - raft.server.snapshot.auto.trigger.enabled = true (custom)
2019-11-14 12:42:02,982 [pool-559-thread-1] INFO  server.RaftServerConfigKeys (ConfUtils.java:logGet(43)) - raft.server.snapshot.auto.trigger.threshold = 10000 (custom)
2019-11-14 12:42:02,982 [pool-549-thread-1] INFO  server.RaftServerConfigKeys (ConfUtils.java:logGet(43)) - raft.server.snapshot.auto.trigger.threshold = 10000 (custom)
2019-11-14 12:42:02,982 [pool-559-thread-1] INFO  server.RaftServerConfigKeys (ConfUtils.java:logGet(43)) - raft.server.snapshot.retention.file.num = 5 (custom)
2019-11-14 12:42:02,991 [pool-549-thread-1] INFO  server.RaftServerConfigKeys (ConfUtils.java:logGet(43)) - raft.server.snapshot.retention.file.num = 5 (custom)
2019-11-14 12:42:02,991 [pool-559-thread-1] INFO  server.RaftServerConfigKeys (ConfUtils.java:logGet(43)) - raft.server.retrycache.expirytime = 600000ms (custom)
2019-11-14 12:42:02,991 [pool-549-thread-1] INFO  server.RaftServerConfigKeys (ConfUtils.java:logGet(43)) - raft.server.retrycache.expirytime = 600000ms (custom)
2019-11-14 12:42:02,992 [pool-559-thread-1] WARN  impl.MetricRegistriesImpl (MetricRegistriesImpl.java:lambda$create$1(61)) - First MetricRegistry has been created without registering reporters. You may need to call MetricRegistries.global().addReportRegistration(...) before.
2019-11-14 12:42:02,992 [pool-549-thread-1] WARN  impl.MetricRegistriesImpl (MetricRegistriesImpl.java:lambda$create$1(61)) - First MetricRegistry has been created without registering reporters. You may need to call MetricRegistries.global().addReportRegistration(...) before.
2019-11-14 12:42:02,992 [pool-559-thread-1] WARN  impl.MetricRegistriesImpl (MetricRegistriesImpl.java:lambda$create$1(61)) - First MetricRegistry has been created without registering reporters. You may need to call MetricRegistries.global().addReportRegistration(...) before.
2019-11-14 12:42:02,992 [pool-549-thread-1] WARN  impl.MetricRegistriesImpl (MetricRegistriesImpl.java:lambda$create$1(61)) - First MetricRegistry has been created without registering reporters. You may need to call MetricRegistries.global().addReportRegistration(...) before.
2019-11-14 12:42:02,992 [pool-559-thread-1] INFO  impl.RaftServerImpl (RaftServerImpl.java:start(184)) - c6685414-dbf7-4d5a-a965-a6338d016232@group-D35C3FC9018D: start as a follower, conf=-1: [e0c88643-1b24-4b90-b706-4d063724ebcc:192.168.34.21:42559, 29b985cf-35b3-45a0-92a5-99fa8b812c1b:192.168.34.21:41805, c6685414-dbf7-4d5a-a965-a6338d016232:192.168.34.21:36095], old=null
2019-11-14 12:42:02,992 [pool-549-thread-1] INFO  impl.RaftServerImpl (RaftServerImpl.java:start(184)) - e0c88643-1b24-4b90-b706-4d063724ebcc@group-D35C3FC9018D: start as a follower, conf=-1: [e0c88643-1b24-4b90-b706-4d063724ebcc:192.168.34.21:42559, 29b985cf-35b3-45a0-92a5-99fa8b812c1b:192.168.34.21:41805, c6685414-dbf7-4d5a-a965-a6338d016232:192.168.34.21:36095], old=null
2019-11-14 12:42:02,992 [pool-559-thread-1] INFO  impl.RaftServerImpl (RaftServerImpl.java:setRole(173)) - c6685414-dbf7-4d5a-a965-a6338d016232@group-D35C3FC9018D: changes role from      null to FOLLOWER at term 0 for startAsFollower
2019-11-14 12:42:02,992 [pool-549-thread-1] INFO  impl.RaftServerImpl (RaftServerImpl.java:setRole(173)) - e0c88643-1b24-4b90-b706-4d063724ebcc@group-D35C3FC9018D: changes role from      null to FOLLOWER at term 0 for startAsFollower
2019-11-14 12:42:02,992 [pool-559-thread-1] INFO  impl.RoleInfo (RoleInfo.java:updateAndGet(143)) - c6685414-dbf7-4d5a-a965-a6338d016232: start FollowerState
2019-11-14 12:42:02,992 [pool-549-thread-1] INFO  impl.RoleInfo (RoleInfo.java:updateAndGet(143)) - e0c88643-1b24-4b90-b706-4d063724ebcc: start FollowerState
2019-11-14 12:42:02,993 [pool-559-thread-1] INFO  util.JmxRegister (JmxRegister.java:tryRegister(44)) - Successfully registered JMX Bean with object name Ratis:service=RaftServer,group=group-D35C3FC9018D,id=c6685414-dbf7-4d5a-a965-a6338d016232
2019-11-14 12:42:02,993 [pool-559-thread-1] WARN  impl.MetricRegistriesImpl (MetricRegistriesImpl.java:lambda$create$1(61)) - First MetricRegistry has been created without registering reporters. You may need to call MetricRegistries.global().addReportRegistration(...) before.
2019-11-14 12:42:02,993 [pool-549-thread-1] INFO  util.JmxRegister (JmxRegister.java:tryRegister(44)) - Successfully registered JMX Bean with object name Ratis:service=RaftServer,group=group-D35C3FC9018D,id=e0c88643-1b24-4b90-b706-4d063724ebcc
2019-11-14 12:42:02,993 [pool-549-thread-1] WARN  impl.MetricRegistriesImpl (MetricRegistriesImpl.java:lambda$create$1(61)) - First MetricRegistry has been created without registering reporters. You may need to call MetricRegistries.global().addReportRegistration(...) before.
2019-11-14 12:42:02,996 [RatisPipelineUtilsThread] INFO  pipeline.PipelineStateManager (PipelineStateManager.java:addPipeline(55)) - Created pipeline Pipeline[ Id: 3149e730-1459-48cc-80a5-d35c3fc9018d, Nodes: 29b985cf-35b3-45a0-92a5-99fa8b812c1b{ip: 192.168.34.21, host: pr-hdds-2481-nxhrh-893604966, networkLocation: /rack1, certSerialId: null}c6685414-dbf7-4d5a-a965-a6338d016232{ip: 192.168.34.21, host: pr-hdds-2481-nxhrh-893604966, networkLocation: /rack1, certSerialId: null}e0c88643-1b24-4b90-b706-4d063724ebcc{ip: 192.168.34.21, host: pr-hdds-2481-nxhrh-893604966, networkLocation: /rack1, certSerialId: null}, Type:RATIS, Factor:THREE, State:ALLOCATED]
2019-11-14 12:42:02,996 [Thread-3929] INFO  pipeline.PipelineStateManager (PipelineStateManager.java:finalizePipeline(121)) - Pipeline Pipeline[ Id: 661dd60e-eca3-43b3-98d6-fee189d1caa3, Nodes: 246c57ec-d0aa-4f80-a8a4-72fa2ca2a50d{ip: 192.168.34.21, host: pr-hdds-2481-nxhrh-893604966, networkLocation: /rack1, certSerialId: null}, Type:RATIS, Factor:ONE, State:CLOSED] moved to CLOSED state
2019-11-14 12:42:02,999 [grpc-default-executor-3] INFO  impl.RaftServerProxy (RaftServerProxy.java:remove(95)) - 246c57ec-d0aa-4f80-a8a4-72fa2ca2a50d: remove    LEADER 246c57ec-d0aa-4f80-a8a4-72fa2ca2a50d@group-FEE189D1CAA3:t1, leader=246c57ec-d0aa-4f80-a8a4-72fa2ca2a50d, voted=246c57ec-d0aa-4f80-a8a4-72fa2ca2a50d, raftlog=246c57ec-d0aa-4f80-a8a4-72fa2ca2a50d@group-FEE189D1CAA3-SegmentedRaftLog:OPENED:c0,f0,i0, conf=0: [246c57ec-d0aa-4f80-a8a4-72fa2ca2a50d:192.168.34.21:36644], old=null RUNNING
2019-11-14 12:42:02,999 [grpc-default-executor-3] INFO  impl.RaftServerImpl (RaftServerImpl.java:lambda$shutdown$3(250)) - 246c57ec-d0aa-4f80-a8a4-72fa2ca2a50d@group-FEE189D1CAA3: shutdown
2019-11-14 12:42:03,000 [grpc-default-executor-3] INFO  util.JmxRegister (JmxRegister.java:unregister(73)) - Successfully un-registered JMX Bean with object name Ratis:service=RaftServer,group=group-FEE189D1CAA3,id=246c57ec-d0aa-4f80-a8a4-72fa2ca2a50d
2019-11-14 12:42:03,000 [grpc-default-executor-3] INFO  impl.RoleInfo (RoleInfo.java:shutdownLeaderState(104)) - 246c57ec-d0aa-4f80-a8a4-72fa2ca2a50d: shutdown LeaderState
2019-11-14 12:42:03,000 [grpc-default-executor-3] INFO  impl.PendingRequests (PendingRequests.java:sendNotLeaderResponses(206)) - 246c57ec-d0aa-4f80-a8a4-72fa2ca2a50d@group-FEE189D1CAA3-PendingRequests: sendNotLeaderResponses
2019-11-14 12:42:03,000 [grpc-default-executor-3] INFO  impl.StateMachineUpdater (StateMachineUpdater.java:stopAndJoin(136)) - 246c57ec-d0aa-4f80-a8a4-72fa2ca2a50d@group-FEE189D1CAA3-StateMachineUpdater: set stopIndex = 0
2019-11-14 12:42:03,000 [grpc-default-executor-3] INFO  impl.RaftServerImpl (ServerState.java:close(387)) - 246c57ec-d0aa-4f80-a8a4-72fa2ca2a50d@group-FEE189D1CAA3: closes. applyIndex: 0
2019-11-14 12:42:03,001 [246c57ec-d0aa-4f80-a8a4-72fa2ca2a50d@group-FEE189D1CAA3-SegmentedRaftLogWorker] INFO  segmented.SegmentedRaftLogWorker (SegmentedRaftLogWorker.java:run(316)) - 246c57ec-d0aa-4f80-a8a4-72fa2ca2a50d@group-FEE189D1CAA3-SegmentedRaftLogWorker was interrupted, exiting. There are 0 tasks remaining in the queue.
2019-11-14 12:42:03,001 [grpc-default-executor-3] INFO  segmented.SegmentedRaftLogWorker (SegmentedRaftLogWorker.java:close(224)) - 246c57ec-d0aa-4f80-a8a4-72fa2ca2a50d@group-FEE189D1CAA3-SegmentedRaftLogWorker close()
2019-11-14 12:42:03,006 [Thread-3929] INFO  pipeline.PipelineStateManager (PipelineStateManager.java:removePipeline(106)) - Pipeline Pipeline[ Id: 661dd60e-eca3-43b3-98d6-fee189d1caa3, Nodes: 246c57ec-d0aa-4f80-a8a4-72fa2ca2a50d{ip: 192.168.34.21, host: pr-hdds-2481-nxhrh-893604966, networkLocation: /rack1, certSerialId: null}, Type:RATIS, Factor:ONE, State:CLOSED] removed from db
2019-11-14 12:42:03,006 [Thread-3929] INFO  pipeline.SCMPipelineManager (SCMPipelineManager.java:finalizeAndDestroyPipeline(315)) - destroying pipeline:Pipeline[ Id: b291ef2c-ad9b-49cc-b002-b91147e80b96, Nodes: a1f4ab9e-675c-48c0-bb27-a541bfd11ae2{ip: 192.168.34.21, host: pr-hdds-2481-nxhrh-893604966, networkLocation: /rack1, certSerialId: null}246c57ec-d0aa-4f80-a8a4-72fa2ca2a50d{ip: 192.168.34.21, host: pr-hdds-2481-nxhrh-893604966, networkLocation: /rack1, certSerialId: null}7f15e76e-ccdf-421e-a2ec-7ae8a15127a1{ip: 192.168.34.21, host: pr-hdds-2481-nxhrh-893604966, networkLocation: /rack1, certSerialId: null}, Type:RATIS, Factor:THREE, State:OPEN]
2019-11-14 12:42:03,009 [grpc-default-executor-3] INFO  impl.RaftServerProxy (RaftServerProxy.java:addNew(89)) - 246c57ec-d0aa-4f80-a8a4-72fa2ca2a50d: addNew group-3FFEABFB2F92:[246c57ec-d0aa-4f80-a8a4-72fa2ca2a50d:192.168.34.21:36644] returns group-3FFEABFB2F92:java.util.concurrent.CompletableFuture@2901deb8[Not completed]
2019-11-14 12:42:03,010 [pool-509-thread-1] INFO  impl.RaftServerImpl (RaftServerImpl.java:<init>(98)) - 246c57ec-d0aa-4f80-a8a4-72fa2ca2a50d: new RaftServerImpl for group-3FFEABFB2F92:[246c57ec-d0aa-4f80-a8a4-72fa2ca2a50d:192.168.34.21:36644] with ContainerStateMachine:uninitialized
2019-11-14 12:42:03,010 [pool-509-thread-1] INFO  server.RaftServerConfigKeys (ConfUtils.java:logGet(43)) - raft.server.rpc.timeout.min = 1s (custom)
2019-11-14 12:42:03,010 [pool-509-thread-1] INFO  server.RaftServerConfigKeys (ConfUtils.java:logGet(43)) - raft.server.rpc.timeout.max = 1200ms (custom)
2019-11-14 12:42:03,010 [pool-509-thread-1] INFO  server.RaftServerConfigKeys (ConfUtils.java:logGet(43)) - raft.server.rpcslowness.timeout = 120s (custom)
2019-11-14 12:42:03,010 [pool-509-thread-1] INFO  server.RaftServerConfigKeys (ConfUtils.java:logGet(43)) - raft.server.sleep.deviation.threshold = 300 (default)
2019-11-14 12:42:03,010 [pool-509-thread-1] INFO  server.RaftServerConfigKeys (ConfUtils.java:logGet(43)) - raft.server.log.appender.install.snapshot.enabled = false (custom)
2019-11-14 12:42:03,010 [pool-509-thread-1] INFO  impl.RaftServerImpl (ServerState.java:<init>(103)) - 246c57ec-d0aa-4f80-a8a4-72fa2ca2a50d@group-3FFEABFB2F92: ConfigurationManager, init=-1: [246c57ec-d0aa-4f80-a8a4-72fa2ca2a50d:192.168.34.21:36644], old=null, confs=<EMPTY_MAP>
2019-11-14 12:42:03,010 [pool-509-thread-1] INFO  server.RaftServerConfigKeys (ConfUtils.java:logGet(43)) - raft.server.storage.dir = [/workdir/hadoop-ozone/integration-test/target/test-dir/MiniOzoneClusterImpl-00c2d61f-fa45-4119-a3b8-446fff627119/datanode-0/data/ratis] (custom)
2019-11-14 12:42:03,010 [pool-509-thread-1] INFO  server.RaftServerConfigKeys (ConfUtils.java:logGet(43)) - raft.server.log.corruption.policy = EXCEPTION (default)
2019-11-14 12:42:03,011 [pool-509-thread-1] INFO  storage.RaftStorageDirectory (RaftStorageDirectory.java:analyzeStorage(246)) - The storage directory /workdir/hadoop-ozone/integration-test/target/test-dir/MiniOzoneClusterImpl-00c2d61f-fa45-4119-a3b8-446fff627119/datanode-0/data/ratis/76b8257c-929e-423a-9ad7-3ffeabfb2f92 does not exist. Creating ...
2019-11-14 12:42:03,024 [pool-509-thread-1] INFO  storage.RaftStorageDirectory (RaftStorageDirectory.java:tryLock(328)) - Lock on /workdir/hadoop-ozone/integration-test/target/test-dir/MiniOzoneClusterImpl-00c2d61f-fa45-4119-a3b8-446fff627119/datanode-0/data/ratis/76b8257c-929e-423a-9ad7-3ffeabfb2f92/in_use.lock acquired by nodename 27294@pr-hdds-2481-nxhrh-893604966
2019-11-14 12:42:03,037 [pool-509-thread-1] INFO  storage.RaftStorage (RaftStorage.java:format(84)) - Storage directory /workdir/hadoop-ozone/integration-test/target/test-dir/MiniOzoneClusterImpl-00c2d61f-fa45-4119-a3b8-446fff627119/datanode-0/data/ratis/76b8257c-929e-423a-9ad7-3ffeabfb2f92 has been successfully formatted.
2019-11-14 12:42:03,037 [pool-509-thread-1] INFO  ratis.ContainerStateMachine (ContainerStateMachine.java:loadSnapshot(223)) - group-3FFEABFB2F92: The snapshot info is null. Setting the last applied indexto:(t:0, i:~)
2019-11-14 12:42:03,038 [pool-509-thread-1] INFO  server.RaftServerConfigKeys (ConfUtils.java:logGet(43)) - raft.server.notification.no-leader.timeout = 120s (custom)
2019-11-14 12:42:03,038 [pool-509-thread-1] INFO  server.RaftServerConfigKeys (ConfUtils.java:logGet(43)) - raft.server.log.use.memory = false (default)
2019-11-14 12:42:03,038 [pool-509-thread-1] INFO  server.RaftServerConfigKeys (ConfUtils.java:logGet(43)) - raft.server.log.purge.gap = 1000000 (custom)
2019-11-14 12:42:03,038 [pool-509-thread-1] INFO  server.RaftServerConfigKeys (ConfUtils.java:logGet(43)) - raft.server.log.appender.buffer.byte-limit = 33554432 (custom)
2019-11-14 12:42:03,038 [pool-509-thread-1] INFO  server.RaftServerConfigKeys (ConfUtils.java:logGet(43)) - raft.server.log.segment.size.max = 1048576 (custom)
2019-11-14 12:42:03,038 [pool-509-thread-1] INFO  server.RaftServerConfigKeys (ConfUtils.java:logGet(43)) - raft.server.log.segment.cache.num.max = 2 (custom)
2019-11-14 12:42:03,038 [pool-509-thread-1] INFO  segmented.SegmentedRaftLogWorker (SegmentedRaftLogWorker.java:<init>(173)) - new 246c57ec-d0aa-4f80-a8a4-72fa2ca2a50d@group-3FFEABFB2F92-SegmentedRaftLogWorker for RaftStorage:Storage Directory /workdir/hadoop-ozone/integration-test/target/test-dir/MiniOzoneClusterImpl-00c2d61f-fa45-4119-a3b8-446fff627119/datanode-0/data/ratis/76b8257c-929e-423a-9ad7-3ffeabfb2f92
2019-11-14 12:42:03,039 [pool-509-thread-1] INFO  server.RaftServerConfigKeys (ConfUtils.java:logGet(43)) - raft.server.log.queue.byte-limit = 2147483647 (custom)
2019-11-14 12:42:03,039 [pool-509-thread-1] INFO  server.RaftServerConfigKeys (ConfUtils.java:logGet(43)) - raft.server.log.queue.element-limit = 1024 (custom)
2019-11-14 12:42:03,039 [pool-509-thread-1] INFO  server.RaftServerConfigKeys (ConfUtils.java:logGet(43)) - raft.server.log.segment.size.max = 1048576 (custom)
2019-11-14 12:42:03,039 [pool-509-thread-1] INFO  server.RaftServerConfigKeys (ConfUtils.java:logGet(43)) - raft.server.log.preallocated.size = 16384 (custom)
2019-11-14 12:42:03,039 [pool-509-thread-1] INFO  server.RaftServerConfigKeys (ConfUtils.java:logGet(43)) - raft.server.log.write.buffer.size = 33554432 (custom)
2019-11-14 12:42:03,039 [pool-509-thread-1] INFO  server.RaftServerConfigKeys (ConfUtils.java:logGet(43)) - raft.server.log.force.sync.num = 128 (default)
2019-11-14 12:42:03,039 [pool-509-thread-1] INFO  server.RaftServerConfigKeys (ConfUtils.java:logGet(43)) - raft.server.log.statemachine.data.sync = true (default)
2019-11-14 12:42:03,039 [pool-509-thread-1] INFO  server.RaftServerConfigKeys (ConfUtils.java:logGet(43)) - raft.server.log.statemachine.data.sync.timeout = 10s (default)
2019-11-14 12:42:03,040 [pool-509-thread-1] INFO  server.RaftServerConfigKeys (ConfUtils.java:logGet(43)) - raft.server.log.statemachine.data.sync.timeout.retry = -1 (default)
2019-11-14 12:42:03,040 [pool-509-thread-1] INFO  server.RaftServerConfigKeys (ConfUtils.java:logGet(43)) - raft.server.log.statemachine.data.caching.enabled = true (custom)
2019-11-14 12:42:03,040 [pool-509-thread-1] INFO  segmented.SegmentedRaftLogWorker (SegmentedRaftLogWorker.java:lambda$new$0(128)) - 246c57ec-d0aa-4f80-a8a4-72fa2ca2a50d@group-3FFEABFB2F92-SegmentedRaftLogWorker: flushIndex: setUnconditionally 0 -> -1
2019-11-14 12:42:03,040 [pool-509-thread-1] INFO  server.RaftServerConfigKeys (ConfUtils.java:logGet(43)) - raft.server.snapshot.auto.trigger.enabled = true (custom)
2019-11-14 12:42:03,041 [pool-509-thread-1] INFO  server.RaftServerConfigKeys (ConfUtils.java:logGet(43)) - raft.server.snapshot.auto.trigger.threshold = 10000 (custom)
2019-11-14 12:42:03,041 [pool-509-thread-1] INFO  server.RaftServerConfigKeys (ConfUtils.java:logGet(43)) - raft.server.snapshot.retention.file.num = 5 (custom)
2019-11-14 12:42:03,041 [pool-509-thread-1] INFO  server.RaftServerConfigKeys (ConfUtils.java:logGet(43)) - raft.server.retrycache.expirytime = 600000ms (custom)
2019-11-14 12:42:03,041 [pool-509-thread-1] WARN  impl.MetricRegistriesImpl (MetricRegistriesImpl.java:lambda$create$1(61)) - First MetricRegistry has been created without registering reporters. You may need to call MetricRegistries.global().addReportRegistration(...) before.
2019-11-14 12:42:03,041 [pool-509-thread-1] WARN  impl.MetricRegistriesImpl (MetricRegistriesImpl.java:lambda$create$1(61)) - First MetricRegistry has been created without registering reporters. You may need to call MetricRegistries.global().addReportRegistration(...) before.
2019-11-14 12:42:03,042 [pool-509-thread-1] INFO  impl.RaftServerImpl (RaftServerImpl.java:start(184)) - 246c57ec-d0aa-4f80-a8a4-72fa2ca2a50d@group-3FFEABFB2F92: start as a follower, conf=-1: [246c57ec-d0aa-4f80-a8a4-72fa2ca2a50d:192.168.34.21:36644], old=null
2019-11-14 12:42:03,042 [pool-509-thread-1] INFO  impl.RaftServerImpl (RaftServerImpl.java:setRole(173)) - 246c57ec-d0aa-4f80-a8a4-72fa2ca2a50d@group-3FFEABFB2F92: changes role from      null to FOLLOWER at term 0 for startAsFollower
2019-11-14 12:42:03,042 [pool-509-thread-1] INFO  impl.RoleInfo (RoleInfo.java:updateAndGet(143)) - 246c57ec-d0aa-4f80-a8a4-72fa2ca2a50d: start FollowerState
2019-11-14 12:42:03,042 [pool-509-thread-1] INFO  util.JmxRegister (JmxRegister.java:tryRegister(44)) - Successfully registered JMX Bean with object name Ratis:service=RaftServer,group=group-3FFEABFB2F92,id=246c57ec-d0aa-4f80-a8a4-72fa2ca2a50d
2019-11-14 12:42:03,042 [pool-509-thread-1] WARN  impl.MetricRegistriesImpl (MetricRegistriesImpl.java:lambda$create$1(61)) - First MetricRegistry has been created without registering reporters. You may need to call MetricRegistries.global().addReportRegistration(...) before.
2019-11-14 12:42:03,045 [RatisPipelineUtilsThread] INFO  pipeline.PipelineStateManager (PipelineStateManager.java:addPipeline(55)) - Created pipeline Pipeline[ Id: 76b8257c-929e-423a-9ad7-3ffeabfb2f92, Nodes: 246c57ec-d0aa-4f80-a8a4-72fa2ca2a50d{ip: 192.168.34.21, host: pr-hdds-2481-nxhrh-893604966, networkLocation: /rack1, certSerialId: null}, Type:RATIS, Factor:ONE, State:ALLOCATED]
2019-11-14 12:42:03,046 [Thread-3929] INFO  pipeline.PipelineStateManager (PipelineStateManager.java:finalizePipeline(121)) - Pipeline Pipeline[ Id: b291ef2c-ad9b-49cc-b002-b91147e80b96, Nodes: a1f4ab9e-675c-48c0-bb27-a541bfd11ae2{ip: 192.168.34.21, host: pr-hdds-2481-nxhrh-893604966, networkLocation: /rack1, certSerialId: null}246c57ec-d0aa-4f80-a8a4-72fa2ca2a50d{ip: 192.168.34.21, host: pr-hdds-2481-nxhrh-893604966, networkLocation: /rack1, certSerialId: null}7f15e76e-ccdf-421e-a2ec-7ae8a15127a1{ip: 192.168.34.21, host: pr-hdds-2481-nxhrh-893604966, networkLocation: /rack1, certSerialId: null}, Type:RATIS, Factor:THREE, State:CLOSED] moved to CLOSED state
2019-11-14 12:42:03,053 [grpc-default-executor-7] INFO  impl.RaftServerProxy (RaftServerProxy.java:remove(95)) - a1f4ab9e-675c-48c0-bb27-a541bfd11ae2: remove    LEADER a1f4ab9e-675c-48c0-bb27-a541bfd11ae2@group-B91147E80B96:t1, leader=a1f4ab9e-675c-48c0-bb27-a541bfd11ae2, voted=a1f4ab9e-675c-48c0-bb27-a541bfd11ae2, raftlog=a1f4ab9e-675c-48c0-bb27-a541bfd11ae2@group-B91147E80B96-SegmentedRaftLog:OPENED:c0,f0,i0, conf=0: [7f15e76e-ccdf-421e-a2ec-7ae8a15127a1:192.168.34.21:39661, 246c57ec-d0aa-4f80-a8a4-72fa2ca2a50d:192.168.34.21:36644, a1f4ab9e-675c-48c0-bb27-a541bfd11ae2:192.168.34.21:38632], old=null RUNNING
2019-11-14 12:42:03,053 [grpc-default-executor-7] INFO  impl.RaftServerImpl (RaftServerImpl.java:lambda$shutdown$3(250)) - a1f4ab9e-675c-48c0-bb27-a541bfd11ae2@group-B91147E80B96: shutdown
2019-11-14 12:42:03,053 [grpc-default-executor-7] INFO  util.JmxRegister (JmxRegister.java:unregister(73)) - Successfully un-registered JMX Bean with object name Ratis:service=RaftServer,group=group-B91147E80B96,id=a1f4ab9e-675c-48c0-bb27-a541bfd11ae2
2019-11-14 12:42:03,053 [grpc-default-executor-7] INFO  impl.RoleInfo (RoleInfo.java:shutdownLeaderState(104)) - a1f4ab9e-675c-48c0-bb27-a541bfd11ae2: shutdown LeaderState
2019-11-14 12:42:03,057 [grpc-default-executor-7] INFO  impl.PendingRequests (PendingRequests.java:sendNotLeaderResponses(206)) - a1f4ab9e-675c-48c0-bb27-a541bfd11ae2@group-B91147E80B96-PendingRequests: sendNotLeaderResponses
2019-11-14 12:42:03,057 [org.apache.ratis.server.impl.LogAppender$AppenderDaemon$$Lambda$429/1552770716@622c799c] WARN  server.GrpcLogAppender (GrpcLogAppender.java:mayWait(151)) - a1f4ab9e-675c-48c0-bb27-a541bfd11ae2@group-B91147E80B96->246c57ec-d0aa-4f80-a8a4-72fa2ca2a50d-GrpcLogAppender: Wait interrupted by java.lang.InterruptedException
2019-11-14 12:42:03,057 [grpc-default-executor-7] INFO  impl.StateMachineUpdater (StateMachineUpdater.java:stopAndJoin(136)) - a1f4ab9e-675c-48c0-bb27-a541bfd11ae2@group-B91147E80B96-StateMachineUpdater: set stopIndex = 0
2019-11-14 12:42:03,057 [org.apache.ratis.server.impl.LogAppender$AppenderDaemon$$Lambda$429/1552770716@272ef31d] WARN  server.GrpcLogAppender (GrpcLogAppender.java:mayWait(151)) - a1f4ab9e-675c-48c0-bb27-a541bfd11ae2@group-B91147E80B96->7f15e76e-ccdf-421e-a2ec-7ae8a15127a1-GrpcLogAppender: Wait interrupted by java.lang.InterruptedException
2019-11-14 12:42:03,057 [grpc-default-executor-7] INFO  impl.RaftServerImpl (ServerState.java:close(387)) - a1f4ab9e-675c-48c0-bb27-a541bfd11ae2@group-B91147E80B96: closes. applyIndex: 0
2019-11-14 12:42:03,058 [grpc-default-executor-3] INFO  server.GrpcServerProtocolService (GrpcServerProtocolService.java:onCompleted(113)) - 246c57ec-d0aa-4f80-a8a4-72fa2ca2a50d: Completed APPEND_ENTRIES, lastRequest: a1f4ab9e-675c-48c0-bb27-a541bfd11ae2->246c57ec-d0aa-4f80-a8a4-72fa2ca2a50d#5-t1, previous=(t:1, i:0), leaderCommit=0, initializing? false, entries: <empty>
2019-11-14 12:42:03,058 [a1f4ab9e-675c-48c0-bb27-a541bfd11ae2@group-B91147E80B96-SegmentedRaftLogWorker] INFO  segmented.SegmentedRaftLogWorker (SegmentedRaftLogWorker.java:run(316)) - a1f4ab9e-675c-48c0-bb27-a541bfd11ae2@group-B91147E80B96-SegmentedRaftLogWorker was interrupted, exiting. There are 0 tasks remaining in the queue.
2019-11-14 12:42:03,058 [grpc-default-executor-1] INFO  server.GrpcServerProtocolService (GrpcServerProtocolService.java:onCompleted(113)) - 7f15e76e-ccdf-421e-a2ec-7ae8a15127a1: Completed APPEND_ENTRIES, lastRequest: a1f4ab9e-675c-48c0-bb27-a541bfd11ae2->7f15e76e-ccdf-421e-a2ec-7ae8a15127a1#5-t1, previous=(t:1, i:0), leaderCommit=0, initializing? false, entries: <empty>
2019-11-14 12:42:03,058 [grpc-default-executor-7] INFO  segmented.SegmentedRaftLogWorker (SegmentedRaftLogWorker.java:close(224)) - a1f4ab9e-675c-48c0-bb27-a541bfd11ae2@group-B91147E80B96-SegmentedRaftLogWorker close()
2019-11-14 12:42:03,060 [grpc-default-executor-1] INFO  server.GrpcLogAppender (GrpcLogAppender.java:onCompleted(308)) - a1f4ab9e-675c-48c0-bb27-a541bfd11ae2@group-B91147E80B96->7f15e76e-ccdf-421e-a2ec-7ae8a15127a1-AppendLogResponseHandler: follower responses appendEntries COMPLETED
2019-11-14 12:42:03,060 [grpc-default-executor-3] INFO  server.GrpcLogAppender (GrpcLogAppender.java:onCompleted(308)) - a1f4ab9e-675c-48c0-bb27-a541bfd11ae2@group-B91147E80B96->246c57ec-d0aa-4f80-a8a4-72fa2ca2a50d-AppendLogResponseHandler: follower responses appendEntries COMPLETED
2019-11-14 12:42:03,060 [grpc-default-executor-1] INFO  impl.FollowerInfo (FollowerInfo.java:lambda$new$0(51)) - a1f4ab9e-675c-48c0-bb27-a541bfd11ae2@group-B91147E80B96->7f15e76e-ccdf-421e-a2ec-7ae8a15127a1: nextIndex: updateUnconditionally 1 -> 0
2019-11-14 12:42:03,061 [grpc-default-executor-3] INFO  impl.FollowerInfo (FollowerInfo.java:lambda$new$0(51)) - a1f4ab9e-675c-48c0-bb27-a541bfd11ae2@group-B91147E80B96->246c57ec-d0aa-4f80-a8a4-72fa2ca2a50d: nextIndex: updateUnconditionally 1 -> 0
2019-11-14 12:42:03,065 [grpc-default-executor-7] INFO  impl.RaftServerProxy (RaftServerProxy.java:remove(95)) - 246c57ec-d0aa-4f80-a8a4-72fa2ca2a50d: remove  FOLLOWER 246c57ec-d0aa-4f80-a8a4-72fa2ca2a50d@group-B91147E80B96:t1, leader=a1f4ab9e-675c-48c0-bb27-a541bfd11ae2, voted=a1f4ab9e-675c-48c0-bb27-a541bfd11ae2, raftlog=246c57ec-d0aa-4f80-a8a4-72fa2ca2a50d@group-B91147E80B96-SegmentedRaftLog:OPENED:c0,f0,i0, conf=0: [7f15e76e-ccdf-421e-a2ec-7ae8a15127a1:192.168.34.21:39661, 246c57ec-d0aa-4f80-a8a4-72fa2ca2a50d:192.168.34.21:36644, a1f4ab9e-675c-48c0-bb27-a541bfd11ae2:192.168.34.21:38632], old=null RUNNING
2019-11-14 12:42:03,065 [grpc-default-executor-7] INFO  impl.RaftServerImpl (RaftServerImpl.java:lambda$shutdown$3(250)) - 246c57ec-d0aa-4f80-a8a4-72fa2ca2a50d@group-B91147E80B96: shutdown
2019-11-14 12:42:03,065 [grpc-default-executor-7] INFO  util.JmxRegister (JmxRegister.java:unregister(73)) - Successfully un-registered JMX Bean with object name Ratis:service=RaftServer,group=group-B91147E80B96,id=246c57ec-d0aa-4f80-a8a4-72fa2ca2a50d
2019-11-14 12:42:03,065 [grpc-default-executor-7] INFO  impl.RoleInfo (RoleInfo.java:shutdownFollowerState(121)) - 246c57ec-d0aa-4f80-a8a4-72fa2ca2a50d: shutdown FollowerState
2019-11-14 12:42:03,065 [grpc-default-executor-7] INFO  impl.StateMachineUpdater (StateMachineUpdater.java:stopAndJoin(136)) - 246c57ec-d0aa-4f80-a8a4-72fa2ca2a50d@group-B91147E80B96-StateMachineUpdater: set stopIndex = 0
2019-11-14 12:42:03,065 [Thread-3997] INFO  impl.FollowerState (FollowerState.java:run(120)) - 246c57ec-d0aa-4f80-a8a4-72fa2ca2a50d@group-B91147E80B96-FollowerState was interrupted: java.lang.InterruptedException: sleep interrupted
2019-11-14 12:42:03,065 [grpc-default-executor-7] INFO  impl.RaftServerImpl (ServerState.java:close(387)) - 246c57ec-d0aa-4f80-a8a4-72fa2ca2a50d@group-B91147E80B96: closes. applyIndex: 0
2019-11-14 12:42:03,066 [246c57ec-d0aa-4f80-a8a4-72fa2ca2a50d@group-B91147E80B96-SegmentedRaftLogWorker] INFO  segmented.SegmentedRaftLogWorker (SegmentedRaftLogWorker.java:run(316)) - 246c57ec-d0aa-4f80-a8a4-72fa2ca2a50d@group-B91147E80B96-SegmentedRaftLogWorker was interrupted, exiting. There are 0 tasks remaining in the queue.
2019-11-14 12:42:03,066 [grpc-default-executor-7] INFO  segmented.SegmentedRaftLogWorker (SegmentedRaftLogWorker.java:close(224)) - 246c57ec-d0aa-4f80-a8a4-72fa2ca2a50d@group-B91147E80B96-SegmentedRaftLogWorker close()
2019-11-14 12:42:03,071 [grpc-default-executor-7] INFO  impl.RaftServerProxy (RaftServerProxy.java:remove(95)) - 7f15e76e-ccdf-421e-a2ec-7ae8a15127a1: remove  FOLLOWER 7f15e76e-ccdf-421e-a2ec-7ae8a15127a1@group-B91147E80B96:t1, leader=a1f4ab9e-675c-48c0-bb27-a541bfd11ae2, voted=a1f4ab9e-675c-48c0-bb27-a541bfd11ae2, raftlog=7f15e76e-ccdf-421e-a2ec-7ae8a15127a1@group-B91147E80B96-SegmentedRaftLog:OPENED:c0,f0,i0, conf=0: [7f15e76e-ccdf-421e-a2ec-7ae8a15127a1:192.168.34.21:39661, 246c57ec-d0aa-4f80-a8a4-72fa2ca2a50d:192.168.34.21:36644, a1f4ab9e-675c-48c0-bb27-a541bfd11ae2:192.168.34.21:38632], old=null RUNNING
2019-11-14 12:42:03,071 [grpc-default-executor-7] INFO  impl.RaftServerImpl (RaftServerImpl.java:lambda$shutdown$3(250)) - 7f15e76e-ccdf-421e-a2ec-7ae8a15127a1@group-B91147E80B96: shutdown
2019-11-14 12:42:03,071 [grpc-default-executor-7] INFO  util.JmxRegister (JmxRegister.java:unregister(73)) - Successfully un-registered JMX Bean with object name Ratis:service=RaftServer,group=group-B91147E80B96,id=7f15e76e-ccdf-421e-a2ec-7ae8a15127a1
2019-11-14 12:42:03,071 [grpc-default-executor-7] INFO  impl.RoleInfo (RoleInfo.java:shutdownFollowerState(121)) - 7f15e76e-ccdf-421e-a2ec-7ae8a15127a1: shutdown FollowerState
2019-11-14 12:42:03,071 [grpc-default-executor-7] INFO  impl.StateMachineUpdater (StateMachineUpdater.java:stopAndJoin(136)) - 7f15e76e-ccdf-421e-a2ec-7ae8a15127a1@group-B91147E80B96-StateMachineUpdater: set stopIndex = 0
2019-11-14 12:42:03,071 [Thread-3996] INFO  impl.FollowerState (FollowerState.java:run(120)) - 7f15e76e-ccdf-421e-a2ec-7ae8a15127a1@group-B91147E80B96-FollowerState was interrupted: java.lang.InterruptedException: sleep interrupted
2019-11-14 12:42:03,072 [grpc-default-executor-7] INFO  impl.RaftServerImpl (ServerState.java:close(387)) - 7f15e76e-ccdf-421e-a2ec-7ae8a15127a1@group-B91147E80B96: closes. applyIndex: 0
2019-11-14 12:42:03,072 [7f15e76e-ccdf-421e-a2ec-7ae8a15127a1@group-B91147E80B96-SegmentedRaftLogWorker] INFO  segmented.SegmentedRaftLogWorker (SegmentedRaftLogWorker.java:run(316)) - 7f15e76e-ccdf-421e-a2ec-7ae8a15127a1@group-B91147E80B96-SegmentedRaftLogWorker was interrupted, exiting. There are 0 tasks remaining in the queue.
2019-11-14 12:42:03,072 [grpc-default-executor-7] INFO  segmented.SegmentedRaftLogWorker (SegmentedRaftLogWorker.java:close(224)) - 7f15e76e-ccdf-421e-a2ec-7ae8a15127a1@group-B91147E80B96-SegmentedRaftLogWorker close()
2019-11-14 12:42:03,075 [Thread-3929] INFO  pipeline.PipelineStateManager (PipelineStateManager.java:removePipeline(106)) - Pipeline Pipeline[ Id: b291ef2c-ad9b-49cc-b002-b91147e80b96, Nodes: a1f4ab9e-675c-48c0-bb27-a541bfd11ae2{ip: 192.168.34.21, host: pr-hdds-2481-nxhrh-893604966, networkLocation: /rack1, certSerialId: null}246c57ec-d0aa-4f80-a8a4-72fa2ca2a50d{ip: 192.168.34.21, host: pr-hdds-2481-nxhrh-893604966, networkLocation: /rack1, certSerialId: null}7f15e76e-ccdf-421e-a2ec-7ae8a15127a1{ip: 192.168.34.21, host: pr-hdds-2481-nxhrh-893604966, networkLocation: /rack1, certSerialId: null}, Type:RATIS, Factor:THREE, State:CLOSED] removed from db
2019-11-14 12:42:03,075 [Thread-3929] INFO  pipeline.SCMPipelineManager (SCMPipelineManager.java:finalizeAndDestroyPipeline(315)) - destroying pipeline:Pipeline[ Id: 326030f2-c249-4a8d-a164-c579c60bf44b, Nodes: 014ed27e-4853-41cc-a50c-9de7527fd6a0{ip: 192.168.34.21, host: pr-hdds-2481-nxhrh-893604966, networkLocation: /rack1, certSerialId: null}, Type:RATIS, Factor:ONE, State:OPEN]
2019-11-14 12:42:03,080 [grpc-default-executor-1] INFO  impl.RaftServerProxy (RaftServerProxy.java:addNew(89)) - 246c57ec-d0aa-4f80-a8a4-72fa2ca2a50d: addNew group-E518947F9F97:[7f15e76e-ccdf-421e-a2ec-7ae8a15127a1:192.168.34.21:39661, 246c57ec-d0aa-4f80-a8a4-72fa2ca2a50d:192.168.34.21:36644, a1f4ab9e-675c-48c0-bb27-a541bfd11ae2:192.168.34.21:38632] returns group-E518947F9F97:java.util.concurrent.CompletableFuture@16a6ecaa[Not completed]
2019-11-14 12:42:03,080 [grpc-default-executor-3] INFO  impl.RaftServerProxy (RaftServerProxy.java:addNew(89)) - 7f15e76e-ccdf-421e-a2ec-7ae8a15127a1: addNew group-E518947F9F97:[7f15e76e-ccdf-421e-a2ec-7ae8a15127a1:192.168.34.21:39661, 246c57ec-d0aa-4f80-a8a4-72fa2ca2a50d:192.168.34.21:36644, a1f4ab9e-675c-48c0-bb27-a541bfd11ae2:192.168.34.21:38632] returns group-E518947F9F97:java.util.concurrent.CompletableFuture@272c187e[Not completed]
2019-11-14 12:42:03,080 [grpc-default-executor-7] INFO  impl.RaftServerProxy (RaftServerProxy.java:addNew(89)) - a1f4ab9e-675c-48c0-bb27-a541bfd11ae2: addNew group-E518947F9F97:[7f15e76e-ccdf-421e-a2ec-7ae8a15127a1:192.168.34.21:39661, 246c57ec-d0aa-4f80-a8a4-72fa2ca2a50d:192.168.34.21:36644, a1f4ab9e-675c-48c0-bb27-a541bfd11ae2:192.168.34.21:38632] returns group-E518947F9F97:java.util.concurrent.CompletableFuture@562b4565[Not completed]
2019-11-14 12:42:03,081 [pool-509-thread-1] INFO  impl.RaftServerImpl (RaftServerImpl.java:<init>(98)) - 246c57ec-d0aa-4f80-a8a4-72fa2ca2a50d: new RaftServerImpl for group-E518947F9F97:[7f15e76e-ccdf-421e-a2ec-7ae8a15127a1:192.168.34.21:39661, 246c57ec-d0aa-4f80-a8a4-72fa2ca2a50d:192.168.34.21:36644, a1f4ab9e-675c-48c0-bb27-a541bfd11ae2:192.168.34.21:38632] with ContainerStateMachine:uninitialized
2019-11-14 12:42:03,081 [pool-509-thread-1] INFO  server.RaftServerConfigKeys (ConfUtils.java:logGet(43)) - raft.server.rpc.timeout.min = 1s (custom)
2019-11-14 12:42:03,081 [pool-509-thread-1] INFO  server.RaftServerConfigKeys (ConfUtils.java:logGet(43)) - raft.server.rpc.timeout.max = 1200ms (custom)
2019-11-14 12:42:03,081 [pool-509-thread-1] INFO  server.RaftServerConfigKeys (ConfUtils.java:logGet(43)) - raft.server.rpcslowness.timeout = 120s (custom)
2019-11-14 12:42:03,081 [pool-509-thread-1] INFO  server.RaftServerConfigKeys (ConfUtils.java:logGet(43)) - raft.server.sleep.deviation.threshold = 300 (default)
2019-11-14 12:42:03,081 [pool-509-thread-1] INFO  server.RaftServerConfigKeys (ConfUtils.java:logGet(43)) - raft.server.log.appender.install.snapshot.enabled = false (custom)
2019-11-14 12:42:03,081 [pool-509-thread-1] INFO  impl.RaftServerImpl (ServerState.java:<init>(103)) - 246c57ec-d0aa-4f80-a8a4-72fa2ca2a50d@group-E518947F9F97: ConfigurationManager, init=-1: [7f15e76e-ccdf-421e-a2ec-7ae8a15127a1:192.168.34.21:39661, 246c57ec-d0aa-4f80-a8a4-72fa2ca2a50d:192.168.34.21:36644, a1f4ab9e-675c-48c0-bb27-a541bfd11ae2:192.168.34.21:38632], old=null, confs=<EMPTY_MAP>
2019-11-14 12:42:03,081 [pool-529-thread-1] INFO  impl.RaftServerImpl (RaftServerImpl.java:<init>(98)) - 7f15e76e-ccdf-421e-a2ec-7ae8a15127a1: new RaftServerImpl for group-E518947F9F97:[7f15e76e-ccdf-421e-a2ec-7ae8a15127a1:192.168.34.21:39661, 246c57ec-d0aa-4f80-a8a4-72fa2ca2a50d:192.168.34.21:36644, a1f4ab9e-675c-48c0-bb27-a541bfd11ae2:192.168.34.21:38632] with ContainerStateMachine:uninitialized
2019-11-14 12:42:03,081 [pool-509-thread-1] INFO  server.RaftServerConfigKeys (ConfUtils.java:logGet(43)) - raft.server.storage.dir = [/workdir/hadoop-ozone/integration-test/target/test-dir/MiniOzoneClusterImpl-00c2d61f-fa45-4119-a3b8-446fff627119/datanode-0/data/ratis] (custom)
2019-11-14 12:42:03,081 [pool-529-thread-1] INFO  server.RaftServerConfigKeys (ConfUtils.java:logGet(43)) - raft.server.rpc.timeout.min = 1s (custom)
2019-11-14 12:42:03,081 [pool-529-thread-1] INFO  server.RaftServerConfigKeys (ConfUtils.java:logGet(43)) - raft.server.rpc.timeout.max = 1200ms (custom)
2019-11-14 12:42:03,082 [pool-509-thread-1] INFO  server.RaftServerConfigKeys (ConfUtils.java:logGet(43)) - raft.server.log.corruption.policy = EXCEPTION (default)
2019-11-14 12:42:03,082 [pool-519-thread-1] INFO  impl.RaftServerImpl (RaftServerImpl.java:<init>(98)) - a1f4ab9e-675c-48c0-bb27-a541bfd11ae2: new RaftServerImpl for group-E518947F9F97:[7f15e76e-ccdf-421e-a2ec-7ae8a15127a1:192.168.34.21:39661, 246c57ec-d0aa-4f80-a8a4-72fa2ca2a50d:192.168.34.21:36644, a1f4ab9e-675c-48c0-bb27-a541bfd11ae2:192.168.34.21:38632] with ContainerStateMachine:uninitialized
2019-11-14 12:42:03,082 [pool-529-thread-1] INFO  server.RaftServerConfigKeys (ConfUtils.java:logGet(43)) - raft.server.rpcslowness.timeout = 120s (custom)
2019-11-14 12:42:03,082 [pool-519-thread-1] INFO  server.RaftServerConfigKeys (ConfUtils.java:logGet(43)) - raft.server.rpc.timeout.min = 1s (custom)
2019-11-14 12:42:03,082 [pool-519-thread-1] INFO  server.RaftServerConfigKeys (ConfUtils.java:logGet(43)) - raft.server.rpc.timeout.max = 1200ms (custom)
2019-11-14 12:42:03,082 [pool-509-thread-1] INFO  storage.RaftStorageDirectory (RaftStorageDirectory.java:analyzeStorage(246)) - The storage directory /workdir/hadoop-ozone/integration-test/target/test-dir/MiniOzoneClusterImpl-00c2d61f-fa45-4119-a3b8-446fff627119/datanode-0/data/ratis/f7b80b18-666f-4419-866b-e518947f9f97 does not exist. Creating ...
2019-11-14 12:42:03,082 [pool-519-thread-1] INFO  server.RaftServerConfigKeys (ConfUtils.java:logGet(43)) - raft.server.rpcslowness.timeout = 120s (custom)
2019-11-14 12:42:03,082 [pool-529-thread-1] INFO  server.RaftServerConfigKeys (ConfUtils.java:logGet(43)) - raft.server.sleep.deviation.threshold = 300 (default)
2019-11-14 12:42:03,082 [pool-519-thread-1] INFO  server.RaftServerConfigKeys (ConfUtils.java:logGet(43)) - raft.server.sleep.deviation.threshold = 300 (default)
2019-11-14 12:42:03,082 [pool-529-thread-1] INFO  server.RaftServerConfigKeys (ConfUtils.java:logGet(43)) - raft.server.log.appender.install.snapshot.enabled = false (custom)
2019-11-14 12:42:03,082 [pool-519-thread-1] INFO  server.RaftServerConfigKeys (ConfUtils.java:logGet(43)) - raft.server.log.appender.install.snapshot.enabled = false (custom)
2019-11-14 12:42:03,082 [pool-529-thread-1] INFO  impl.RaftServerImpl (ServerState.java:<init>(103)) - 7f15e76e-ccdf-421e-a2ec-7ae8a15127a1@group-E518947F9F97: ConfigurationManager, init=-1: [7f15e76e-ccdf-421e-a2ec-7ae8a15127a1:192.168.34.21:39661, 246c57ec-d0aa-4f80-a8a4-72fa2ca2a50d:192.168.34.21:36644, a1f4ab9e-675c-48c0-bb27-a541bfd11ae2:192.168.34.21:38632], old=null, confs=<EMPTY_MAP>
2019-11-14 12:42:03,083 [pool-519-thread-1] INFO  impl.RaftServerImpl (ServerState.java:<init>(103)) - a1f4ab9e-675c-48c0-bb27-a541bfd11ae2@group-E518947F9F97: ConfigurationManager, init=-1: [7f15e76e-ccdf-421e-a2ec-7ae8a15127a1:192.168.34.21:39661, 246c57ec-d0aa-4f80-a8a4-72fa2ca2a50d:192.168.34.21:36644, a1f4ab9e-675c-48c0-bb27-a541bfd11ae2:192.168.34.21:38632], old=null, confs=<EMPTY_MAP>
2019-11-14 12:42:03,083 [pool-529-thread-1] INFO  server.RaftServerConfigKeys (ConfUtils.java:logGet(43)) - raft.server.storage.dir = [/workdir/hadoop-ozone/integration-test/target/test-dir/MiniOzoneClusterImpl-00c2d61f-fa45-4119-a3b8-446fff627119/datanode-2/data/ratis] (custom)
2019-11-14 12:42:03,083 [pool-519-thread-1] INFO  server.RaftServerConfigKeys (ConfUtils.java:logGet(43)) - raft.server.storage.dir = [/workdir/hadoop-ozone/integration-test/target/test-dir/MiniOzoneClusterImpl-00c2d61f-fa45-4119-a3b8-446fff627119/datanode-1/data/ratis] (custom)
2019-11-14 12:42:03,083 [pool-529-thread-1] INFO  server.RaftServerConfigKeys (ConfUtils.java:logGet(43)) - raft.server.log.corruption.policy = EXCEPTION (default)
2019-11-14 12:42:03,083 [pool-519-thread-1] INFO  server.RaftServerConfigKeys (ConfUtils.java:logGet(43)) - raft.server.log.corruption.policy = EXCEPTION (default)
2019-11-14 12:42:03,083 [pool-529-thread-1] INFO  storage.RaftStorageDirectory (RaftStorageDirectory.java:analyzeStorage(246)) - The storage directory /workdir/hadoop-ozone/integration-test/target/test-dir/MiniOzoneClusterImpl-00c2d61f-fa45-4119-a3b8-446fff627119/datanode-2/data/ratis/f7b80b18-666f-4419-866b-e518947f9f97 does not exist. Creating ...
2019-11-14 12:42:03,084 [pool-519-thread-1] INFO  storage.RaftStorageDirectory (RaftStorageDirectory.java:analyzeStorage(246)) - The storage directory /workdir/hadoop-ozone/integration-test/target/test-dir/MiniOzoneClusterImpl-00c2d61f-fa45-4119-a3b8-446fff627119/datanode-1/data/ratis/f7b80b18-666f-4419-866b-e518947f9f97 does not exist. Creating ...
2019-11-14 12:42:03,096 [pool-519-thread-1] INFO  storage.RaftStorageDirectory (RaftStorageDirectory.java:tryLock(328)) - Lock on /workdir/hadoop-ozone/integration-test/target/test-dir/MiniOzoneClusterImpl-00c2d61f-fa45-4119-a3b8-446fff627119/datanode-1/data/ratis/f7b80b18-666f-4419-866b-e518947f9f97/in_use.lock acquired by nodename 27294@pr-hdds-2481-nxhrh-893604966
2019-11-14 12:42:03,096 [pool-509-thread-1] INFO  storage.RaftStorageDirectory (RaftStorageDirectory.java:tryLock(328)) - Lock on /workdir/hadoop-ozone/integration-test/target/test-dir/MiniOzoneClusterImpl-00c2d61f-fa45-4119-a3b8-446fff627119/datanode-0/data/ratis/f7b80b18-666f-4419-866b-e518947f9f97/in_use.lock acquired by nodename 27294@pr-hdds-2481-nxhrh-893604966
2019-11-14 12:42:03,096 [pool-529-thread-1] INFO  storage.RaftStorageDirectory (RaftStorageDirectory.java:tryLock(328)) - Lock on /workdir/hadoop-ozone/integration-test/target/test-dir/MiniOzoneClusterImpl-00c2d61f-fa45-4119-a3b8-446fff627119/datanode-2/data/ratis/f7b80b18-666f-4419-866b-e518947f9f97/in_use.lock acquired by nodename 27294@pr-hdds-2481-nxhrh-893604966
2019-11-14 12:42:03,109 [pool-519-thread-1] INFO  storage.RaftStorage (RaftStorage.java:format(84)) - Storage directory /workdir/hadoop-ozone/integration-test/target/test-dir/MiniOzoneClusterImpl-00c2d61f-fa45-4119-a3b8-446fff627119/datanode-1/data/ratis/f7b80b18-666f-4419-866b-e518947f9f97 has been successfully formatted.
2019-11-14 12:42:03,109 [pool-529-thread-1] INFO  storage.RaftStorage (RaftStorage.java:format(84)) - Storage directory /workdir/hadoop-ozone/integration-test/target/test-dir/MiniOzoneClusterImpl-00c2d61f-fa45-4119-a3b8-446fff627119/datanode-2/data/ratis/f7b80b18-666f-4419-866b-e518947f9f97 has been successfully formatted.
2019-11-14 12:42:03,109 [pool-509-thread-1] INFO  storage.RaftStorage (RaftStorage.java:format(84)) - Storage directory /workdir/hadoop-ozone/integration-test/target/test-dir/MiniOzoneClusterImpl-00c2d61f-fa45-4119-a3b8-446fff627119/datanode-0/data/ratis/f7b80b18-666f-4419-866b-e518947f9f97 has been successfully formatted.
2019-11-14 12:42:03,109 [pool-519-thread-1] INFO  ratis.ContainerStateMachine (ContainerStateMachine.java:loadSnapshot(223)) - group-E518947F9F97: The snapshot info is null. Setting the last applied indexto:(t:0, i:~)
2019-11-14 12:42:03,110 [pool-529-thread-1] INFO  ratis.ContainerStateMachine (ContainerStateMachine.java:loadSnapshot(223)) - group-E518947F9F97: The snapshot info is null. Setting the last applied indexto:(t:0, i:~)
2019-11-14 12:42:03,110 [pool-509-thread-1] INFO  ratis.ContainerStateMachine (ContainerStateMachine.java:loadSnapshot(223)) - group-E518947F9F97: The snapshot info is null. Setting the last applied indexto:(t:0, i:~)
2019-11-14 12:42:03,110 [pool-529-thread-1] INFO  server.RaftServerConfigKeys (ConfUtils.java:logGet(43)) - raft.server.notification.no-leader.timeout = 120s (custom)
2019-11-14 12:42:03,110 [pool-519-thread-1] INFO  server.RaftServerConfigKeys (ConfUtils.java:logGet(43)) - raft.server.notification.no-leader.timeout = 120s (custom)
2019-11-14 12:42:03,110 [pool-529-thread-1] INFO  server.RaftServerConfigKeys (ConfUtils.java:logGet(43)) - raft.server.log.use.memory = false (default)
2019-11-14 12:42:03,110 [pool-509-thread-1] INFO  server.RaftServerConfigKeys (ConfUtils.java:logGet(43)) - raft.server.notification.no-leader.timeout = 120s (custom)
2019-11-14 12:42:03,110 [pool-529-thread-1] INFO  server.RaftServerConfigKeys (ConfUtils.java:logGet(43)) - raft.server.log.purge.gap = 1000000 (custom)
2019-11-14 12:42:03,110 [pool-519-thread-1] INFO  server.RaftServerConfigKeys (ConfUtils.java:logGet(43)) - raft.server.log.use.memory = false (default)
2019-11-14 12:42:03,110 [pool-529-thread-1] INFO  server.RaftServerConfigKeys (ConfUtils.java:logGet(43)) - raft.server.log.appender.buffer.byte-limit = 33554432 (custom)
2019-11-14 12:42:03,110 [pool-509-thread-1] INFO  server.RaftServerConfigKeys (ConfUtils.java:logGet(43)) - raft.server.log.use.memory = false (default)
2019-11-14 12:42:03,110 [pool-529-thread-1] INFO  server.RaftServerConfigKeys (ConfUtils.java:logGet(43)) - raft.server.log.segment.size.max = 1048576 (custom)
2019-11-14 12:42:03,110 [pool-519-thread-1] INFO  server.RaftServerConfigKeys (ConfUtils.java:logGet(43)) - raft.server.log.purge.gap = 1000000 (custom)
2019-11-14 12:42:03,111 [pool-529-thread-1] INFO  server.RaftServerConfigKeys (ConfUtils.java:logGet(43)) - raft.server.log.segment.cache.num.max = 2 (custom)
2019-11-14 12:42:03,110 [pool-509-thread-1] INFO  server.RaftServerConfigKeys (ConfUtils.java:logGet(43)) - raft.server.log.purge.gap = 1000000 (custom)
2019-11-14 12:42:03,111 [pool-529-thread-1] INFO  segmented.SegmentedRaftLogWorker (SegmentedRaftLogWorker.java:<init>(173)) - new 7f15e76e-ccdf-421e-a2ec-7ae8a15127a1@group-E518947F9F97-SegmentedRaftLogWorker for RaftStorage:Storage Directory /workdir/hadoop-ozone/integration-test/target/test-dir/MiniOzoneClusterImpl-00c2d61f-fa45-4119-a3b8-446fff627119/datanode-2/data/ratis/f7b80b18-666f-4419-866b-e518947f9f97
2019-11-14 12:42:03,111 [pool-519-thread-1] INFO  server.RaftServerConfigKeys (ConfUtils.java:logGet(43)) - raft.server.log.appender.buffer.byte-limit = 33554432 (custom)
2019-11-14 12:42:03,111 [pool-529-thread-1] INFO  server.RaftServerConfigKeys (ConfUtils.java:logGet(43)) - raft.server.log.queue.byte-limit = 2147483647 (custom)
2019-11-14 12:42:03,111 [pool-509-thread-1] INFO  server.RaftServerConfigKeys (ConfUtils.java:logGet(43)) - raft.server.log.appender.buffer.byte-limit = 33554432 (custom)
2019-11-14 12:42:03,111 [pool-529-thread-1] INFO  server.RaftServerConfigKeys (ConfUtils.java:logGet(43)) - raft.server.log.queue.element-limit = 1024 (custom)
2019-11-14 12:42:03,111 [pool-519-thread-1] INFO  server.RaftServerConfigKeys (ConfUtils.java:logGet(43)) - raft.server.log.segment.size.max = 1048576 (custom)
2019-11-14 12:42:03,111 [pool-529-thread-1] INFO  server.RaftServerConfigKeys (ConfUtils.java:logGet(43)) - raft.server.log.segment.size.max = 1048576 (custom)
2019-11-14 12:42:03,111 [pool-509-thread-1] INFO  server.RaftServerConfigKeys (ConfUtils.java:logGet(43)) - raft.server.log.segment.size.max = 1048576 (custom)
2019-11-14 12:42:03,111 [pool-529-thread-1] INFO  server.RaftServerConfigKeys (ConfUtils.java:logGet(43)) - raft.server.log.preallocated.size = 16384 (custom)
2019-11-14 12:42:03,111 [pool-519-thread-1] INFO  server.RaftServerConfigKeys (ConfUtils.java:logGet(43)) - raft.server.log.segment.cache.num.max = 2 (custom)
2019-11-14 12:42:03,112 [pool-529-thread-1] INFO  server.RaftServerConfigKeys (ConfUtils.java:logGet(43)) - raft.server.log.write.buffer.size = 33554432 (custom)
2019-11-14 12:42:03,112 [pool-509-thread-1] INFO  server.RaftServerConfigKeys (ConfUtils.java:logGet(43)) - raft.server.log.segment.cache.num.max = 2 (custom)
2019-11-14 12:42:03,112 [pool-529-thread-1] INFO  server.RaftServerConfigKeys (ConfUtils.java:logGet(43)) - raft.server.log.force.sync.num = 128 (default)
2019-11-14 12:42:03,112 [pool-519-thread-1] INFO  segmented.SegmentedRaftLogWorker (SegmentedRaftLogWorker.java:<init>(173)) - new a1f4ab9e-675c-48c0-bb27-a541bfd11ae2@group-E518947F9F97-SegmentedRaftLogWorker for RaftStorage:Storage Directory /workdir/hadoop-ozone/integration-test/target/test-dir/MiniOzoneClusterImpl-00c2d61f-fa45-4119-a3b8-446fff627119/datanode-1/data/ratis/f7b80b18-666f-4419-866b-e518947f9f97
2019-11-14 12:42:03,112 [pool-529-thread-1] INFO  server.RaftServerConfigKeys (ConfUtils.java:logGet(43)) - raft.server.log.statemachine.data.sync = true (default)
2019-11-14 12:42:03,112 [pool-509-thread-1] INFO  segmented.SegmentedRaftLogWorker (SegmentedRaftLogWorker.java:<init>(173)) - new 246c57ec-d0aa-4f80-a8a4-72fa2ca2a50d@group-E518947F9F97-SegmentedRaftLogWorker for RaftStorage:Storage Directory /workdir/hadoop-ozone/integration-test/target/test-dir/MiniOzoneClusterImpl-00c2d61f-fa45-4119-a3b8-446fff627119/datanode-0/data/ratis/f7b80b18-666f-4419-866b-e518947f9f97
2019-11-14 12:42:03,112 [pool-529-thread-1] INFO  server.RaftServerConfigKeys (ConfUtils.java:logGet(43)) - raft.server.log.statemachine.data.sync.timeout = 10s (default)
2019-11-14 12:42:03,112 [pool-519-thread-1] INFO  server.RaftServerConfigKeys (ConfUtils.java:logGet(43)) - raft.server.log.queue.byte-limit = 2147483647 (custom)
2019-11-14 12:42:03,112 [pool-529-thread-1] INFO  server.RaftServerConfigKeys (ConfUtils.java:logGet(43)) - raft.server.log.statemachine.data.sync.timeout.retry = -1 (default)
2019-11-14 12:42:03,112 [pool-509-thread-1] INFO  server.RaftServerConfigKeys (ConfUtils.java:logGet(43)) - raft.server.log.queue.byte-limit = 2147483647 (custom)
2019-11-14 12:42:03,113 [pool-529-thread-1] INFO  server.RaftServerConfigKeys (ConfUtils.java:logGet(43)) - raft.server.log.statemachine.data.caching.enabled = true (custom)
2019-11-14 12:42:03,112 [pool-519-thread-1] INFO  server.RaftServerConfigKeys (ConfUtils.java:logGet(43)) - raft.server.log.queue.element-limit = 1024 (custom)
2019-11-14 12:42:03,113 [pool-509-thread-1] INFO  server.RaftServerConfigKeys (ConfUtils.java:logGet(43)) - raft.server.log.queue.element-limit = 1024 (custom)
2019-11-14 12:42:03,113 [pool-529-thread-1] INFO  segmented.SegmentedRaftLogWorker (SegmentedRaftLogWorker.java:lambda$new$0(128)) - 7f15e76e-ccdf-421e-a2ec-7ae8a15127a1@group-E518947F9F97-SegmentedRaftLogWorker: flushIndex: setUnconditionally 0 -> -1
2019-11-14 12:42:03,113 [pool-519-thread-1] INFO  server.RaftServerConfigKeys (ConfUtils.java:logGet(43)) - raft.server.log.segment.size.max = 1048576 (custom)
2019-11-14 12:42:03,113 [pool-509-thread-1] INFO  server.RaftServerConfigKeys (ConfUtils.java:logGet(43)) - raft.server.log.segment.size.max = 1048576 (custom)
2019-11-14 12:42:03,113 [pool-529-thread-1] INFO  server.RaftServerConfigKeys (ConfUtils.java:logGet(43)) - raft.server.snapshot.auto.trigger.enabled = true (custom)
2019-11-14 12:42:03,113 [pool-519-thread-1] INFO  server.RaftServerConfigKeys (ConfUtils.java:logGet(43)) - raft.server.log.preallocated.size = 16384 (custom)
2019-11-14 12:42:03,113 [pool-529-thread-1] INFO  server.RaftServerConfigKeys (ConfUtils.java:logGet(43)) - raft.server.snapshot.auto.trigger.threshold = 10000 (custom)
2019-11-14 12:42:03,113 [pool-509-thread-1] INFO  server.RaftServerConfigKeys (ConfUtils.java:logGet(43)) - raft.server.log.preallocated.size = 16384 (custom)
2019-11-14 12:42:03,113 [pool-529-thread-1] INFO  server.RaftServerConfigKeys (ConfUtils.java:logGet(43)) - raft.server.snapshot.retention.file.num = 5 (custom)
2019-11-14 12:42:03,113 [pool-519-thread-1] INFO  server.RaftServerConfigKeys (ConfUtils.java:logGet(43)) - raft.server.log.write.buffer.size = 33554432 (custom)
2019-11-14 12:42:03,114 [pool-529-thread-1] INFO  server.RaftServerConfigKeys (ConfUtils.java:logGet(43)) - raft.server.retrycache.expirytime = 600000ms (custom)
2019-11-14 12:42:03,114 [pool-509-thread-1] INFO  server.RaftServerConfigKeys (ConfUtils.java:logGet(43)) - raft.server.log.write.buffer.size = 33554432 (custom)
2019-11-14 12:42:03,114 [pool-519-thread-1] INFO  server.RaftServerConfigKeys (ConfUtils.java:logGet(43)) - raft.server.log.force.sync.num = 128 (default)
2019-11-14 12:42:03,114 [pool-529-thread-1] WARN  impl.MetricRegistriesImpl (MetricRegistriesImpl.java:lambda$create$1(61)) - First MetricRegistry has been created without registering reporters. You may need to call MetricRegistries.global().addReportRegistration(...) before.
2019-11-14 12:42:03,114 [pool-509-thread-1] INFO  server.RaftServerConfigKeys (ConfUtils.java:logGet(43)) - raft.server.log.force.sync.num = 128 (default)
2019-11-14 12:42:03,114 [pool-529-thread-1] WARN  impl.MetricRegistriesImpl (MetricRegistriesImpl.java:lambda$create$1(61)) - First MetricRegistry has been created without registering reporters. You may need to call MetricRegistries.global().addReportRegistration(...) before.
2019-11-14 12:42:03,114 [pool-519-thread-1] INFO  server.RaftServerConfigKeys (ConfUtils.java:logGet(43)) - raft.server.log.statemachine.data.sync = true (default)
2019-11-14 12:42:03,115 [pool-519-thread-1] INFO  server.RaftServerConfigKeys (ConfUtils.java:logGet(43)) - raft.server.log.statemachine.data.sync.timeout = 10s (default)
2019-11-14 12:42:03,114 [pool-509-thread-1] INFO  server.RaftServerConfigKeys (ConfUtils.java:logGet(43)) - raft.server.log.statemachine.data.sync = true (default)
2019-11-14 12:42:03,115 [pool-519-thread-1] INFO  server.RaftServerConfigKeys (ConfUtils.java:logGet(43)) - raft.server.log.statemachine.data.sync.timeout.retry = -1 (default)
2019-11-14 12:42:03,115 [pool-529-thread-1] INFO  impl.RaftServerImpl (RaftServerImpl.java:start(184)) - 7f15e76e-ccdf-421e-a2ec-7ae8a15127a1@group-E518947F9F97: start as a follower, conf=-1: [7f15e76e-ccdf-421e-a2ec-7ae8a15127a1:192.168.34.21:39661, 246c57ec-d0aa-4f80-a8a4-72fa2ca2a50d:192.168.34.21:36644, a1f4ab9e-675c-48c0-bb27-a541bfd11ae2:192.168.34.21:38632], old=null
2019-11-14 12:42:03,115 [pool-519-thread-1] INFO  server.RaftServerConfigKeys (ConfUtils.java:logGet(43)) - raft.server.log.statemachine.data.caching.enabled = true (custom)
2019-11-14 12:42:03,115 [pool-509-thread-1] INFO  server.RaftServerConfigKeys (ConfUtils.java:logGet(43)) - raft.server.log.statemachine.data.sync.timeout = 10s (default)
2019-11-14 12:42:03,115 [pool-509-thread-1] INFO  server.RaftServerConfigKeys (ConfUtils.java:logGet(43)) - raft.server.log.statemachine.data.sync.timeout.retry = -1 (default)
2019-11-14 12:42:03,115 [pool-529-thread-1] INFO  impl.RaftServerImpl (RaftServerImpl.java:setRole(173)) - 7f15e76e-ccdf-421e-a2ec-7ae8a15127a1@group-E518947F9F97: changes role from      null to FOLLOWER at term 0 for startAsFollower
2019-11-14 12:42:03,115 [pool-509-thread-1] INFO  server.RaftServerConfigKeys (ConfUtils.java:logGet(43)) - raft.server.log.statemachine.data.caching.enabled = true (custom)
2019-11-14 12:42:03,115 [pool-519-thread-1] INFO  segmented.SegmentedRaftLogWorker (SegmentedRaftLogWorker.java:lambda$new$0(128)) - a1f4ab9e-675c-48c0-bb27-a541bfd11ae2@group-E518947F9F97-SegmentedRaftLogWorker: flushIndex: setUnconditionally 0 -> -1
2019-11-14 12:42:03,115 [pool-509-thread-1] INFO  segmented.SegmentedRaftLogWorker (SegmentedRaftLogWorker.java:lambda$new$0(128)) - 246c57ec-d0aa-4f80-a8a4-72fa2ca2a50d@group-E518947F9F97-SegmentedRaftLogWorker: flushIndex: setUnconditionally 0 -> -1
2019-11-14 12:42:03,115 [pool-529-thread-1] INFO  impl.RoleInfo (RoleInfo.java:updateAndGet(143)) - 7f15e76e-ccdf-421e-a2ec-7ae8a15127a1: start FollowerState
2019-11-14 12:42:03,116 [pool-519-thread-1] INFO  server.RaftServerConfigKeys (ConfUtils.java:logGet(43)) - raft.server.snapshot.auto.trigger.enabled = true (custom)
2019-11-14 12:42:03,116 [pool-509-thread-1] INFO  server.RaftServerConfigKeys (ConfUtils.java:logGet(43)) - raft.server.snapshot.auto.trigger.enabled = true (custom)
2019-11-14 12:42:03,116 [pool-519-thread-1] INFO  server.RaftServerConfigKeys (ConfUtils.java:logGet(43)) - raft.server.snapshot.auto.trigger.threshold = 10000 (custom)
2019-11-14 12:42:03,116 [pool-509-thread-1] INFO  server.RaftServerConfigKeys (ConfUtils.java:logGet(43)) - raft.server.snapshot.auto.trigger.threshold = 10000 (custom)
2019-11-14 12:42:03,116 [pool-529-thread-1] INFO  util.JmxRegister (JmxRegister.java:tryRegister(44)) - Successfully registered JMX Bean with object name Ratis:service=RaftServer,group=group-E518947F9F97,id=7f15e76e-ccdf-421e-a2ec-7ae8a15127a1
2019-11-14 12:42:03,116 [pool-519-thread-1] INFO  server.RaftServerConfigKeys (ConfUtils.java:logGet(43)) - raft.server.snapshot.retention.file.num = 5 (custom)
2019-11-14 12:42:03,116 [pool-529-thread-1] WARN  impl.MetricRegistriesImpl (MetricRegistriesImpl.java:lambda$create$1(61)) - First MetricRegistry has been created without registering reporters. You may need to call MetricRegistries.global().addReportRegistration(...) before.
2019-11-14 12:42:03,116 [pool-509-thread-1] INFO  server.RaftServerConfigKeys (ConfUtils.java:logGet(43)) - raft.server.snapshot.retention.file.num = 5 (custom)
2019-11-14 12:42:03,116 [pool-519-thread-1] INFO  server.RaftServerConfigKeys (ConfUtils.java:logGet(43)) - raft.server.retrycache.expirytime = 600000ms (custom)
2019-11-14 12:42:03,116 [pool-509-thread-1] INFO  server.RaftServerConfigKeys (ConfUtils.java:logGet(43)) - raft.server.retrycache.expirytime = 600000ms (custom)
2019-11-14 12:42:03,116 [pool-519-thread-1] WARN  impl.MetricRegistriesImpl (MetricRegistriesImpl.java:lambda$create$1(61)) - First MetricRegistry has been created without registering reporters. You may need to call MetricRegistries.global().addReportRegistration(...) before.
2019-11-14 12:42:03,116 [pool-509-thread-1] WARN  impl.MetricRegistriesImpl (MetricRegistriesImpl.java:lambda$create$1(61)) - First MetricRegistry has been created without registering reporters. You may need to call MetricRegistries.global().addReportRegistration(...) before.
2019-11-14 12:42:03,116 [pool-519-thread-1] WARN  impl.MetricRegistriesImpl (MetricRegistriesImpl.java:lambda$create$1(61)) - First MetricRegistry has been created without registering reporters. You may need to call MetricRegistries.global().addReportRegistration(...) before.
2019-11-14 12:42:03,117 [pool-509-thread-1] WARN  impl.MetricRegistriesImpl (MetricRegistriesImpl.java:lambda$create$1(61)) - First MetricRegistry has been created without registering reporters. You may need to call MetricRegistries.global().addReportRegistration(...) before.
2019-11-14 12:42:03,117 [pool-519-thread-1] INFO  impl.RaftServerImpl (RaftServerImpl.java:start(184)) - a1f4ab9e-675c-48c0-bb27-a541bfd11ae2@group-E518947F9F97: start as a follower, conf=-1: [7f15e76e-ccdf-421e-a2ec-7ae8a15127a1:192.168.34.21:39661, 246c57ec-d0aa-4f80-a8a4-72fa2ca2a50d:192.168.34.21:36644, a1f4ab9e-675c-48c0-bb27-a541bfd11ae2:192.168.34.21:38632], old=null
2019-11-14 12:42:03,117 [pool-509-thread-1] INFO  impl.RaftServerImpl (RaftServerImpl.java:start(184)) - 246c57ec-d0aa-4f80-a8a4-72fa2ca2a50d@group-E518947F9F97: start as a follower, conf=-1: [7f15e76e-ccdf-421e-a2ec-7ae8a15127a1:192.168.34.21:39661, 246c57ec-d0aa-4f80-a8a4-72fa2ca2a50d:192.168.34.21:36644, a1f4ab9e-675c-48c0-bb27-a541bfd11ae2:192.168.34.21:38632], old=null
2019-11-14 12:42:03,117 [pool-519-thread-1] INFO  impl.RaftServerImpl (RaftServerImpl.java:setRole(173)) - a1f4ab9e-675c-48c0-bb27-a541bfd11ae2@group-E518947F9F97: changes role from      null to FOLLOWER at term 0 for startAsFollower
2019-11-14 12:42:03,117 [pool-509-thread-1] INFO  impl.RaftServerImpl (RaftServerImpl.java:setRole(173)) - 246c57ec-d0aa-4f80-a8a4-72fa2ca2a50d@group-E518947F9F97: changes role from      null to FOLLOWER at term 0 for startAsFollower
2019-11-14 12:42:03,117 [pool-519-thread-1] INFO  impl.RoleInfo (RoleInfo.java:updateAndGet(143)) - a1f4ab9e-675c-48c0-bb27-a541bfd11ae2: start FollowerState
2019-11-14 12:42:03,117 [pool-509-thread-1] INFO  impl.RoleInfo (RoleInfo.java:updateAndGet(143)) - 246c57ec-d0aa-4f80-a8a4-72fa2ca2a50d: start FollowerState
2019-11-14 12:42:03,117 [pool-519-thread-1] INFO  util.JmxRegister (JmxRegister.java:tryRegister(44)) - Successfully registered JMX Bean with object name Ratis:service=RaftServer,group=group-E518947F9F97,id=a1f4ab9e-675c-48c0-bb27-a541bfd11ae2
2019-11-14 12:42:03,117 [pool-509-thread-1] INFO  util.JmxRegister (JmxRegister.java:tryRegister(44)) - Successfully registered JMX Bean with object name Ratis:service=RaftServer,group=group-E518947F9F97,id=246c57ec-d0aa-4f80-a8a4-72fa2ca2a50d
2019-11-14 12:42:03,117 [pool-519-thread-1] WARN  impl.MetricRegistriesImpl (MetricRegistriesImpl.java:lambda$create$1(61)) - First MetricRegistry has been created without registering reporters. You may need to call MetricRegistries.global().addReportRegistration(...) before.
2019-11-14 12:42:03,117 [pool-509-thread-1] WARN  impl.MetricRegistriesImpl (MetricRegistriesImpl.java:lambda$create$1(61)) - First MetricRegistry has been created without registering reporters. You may need to call MetricRegistries.global().addReportRegistration(...) before.
2019-11-14 12:42:03,119 [RatisPipelineUtilsThread] INFO  pipeline.PipelineStateManager (PipelineStateManager.java:addPipeline(55)) - Created pipeline Pipeline[ Id: f7b80b18-666f-4419-866b-e518947f9f97, Nodes: a1f4ab9e-675c-48c0-bb27-a541bfd11ae2{ip: 192.168.34.21, host: pr-hdds-2481-nxhrh-893604966, networkLocation: /rack1, certSerialId: null}246c57ec-d0aa-4f80-a8a4-72fa2ca2a50d{ip: 192.168.34.21, host: pr-hdds-2481-nxhrh-893604966, networkLocation: /rack1, certSerialId: null}7f15e76e-ccdf-421e-a2ec-7ae8a15127a1{ip: 192.168.34.21, host: pr-hdds-2481-nxhrh-893604966, networkLocation: /rack1, certSerialId: null}, Type:RATIS, Factor:THREE, State:ALLOCATED]
2019-11-14 12:42:03,120 [Thread-3929] INFO  pipeline.PipelineStateManager (PipelineStateManager.java:finalizePipeline(121)) - Pipeline Pipeline[ Id: 326030f2-c249-4a8d-a164-c579c60bf44b, Nodes: 014ed27e-4853-41cc-a50c-9de7527fd6a0{ip: 192.168.34.21, host: pr-hdds-2481-nxhrh-893604966, networkLocation: /rack1, certSerialId: null}, Type:RATIS, Factor:ONE, State:CLOSED] moved to CLOSED state
2019-11-14 12:42:03,122 [grpc-default-executor-7] INFO  impl.RaftServerProxy (RaftServerProxy.java:remove(95)) - 014ed27e-4853-41cc-a50c-9de7527fd6a0: remove    LEADER 014ed27e-4853-41cc-a50c-9de7527fd6a0@group-C579C60BF44B:t1, leader=014ed27e-4853-41cc-a50c-9de7527fd6a0, voted=014ed27e-4853-41cc-a50c-9de7527fd6a0, raftlog=014ed27e-4853-41cc-a50c-9de7527fd6a0@group-C579C60BF44B-SegmentedRaftLog:OPENED:c0,f0,i0, conf=0: [014ed27e-4853-41cc-a50c-9de7527fd6a0:192.168.34.21:41029], old=null RUNNING
2019-11-14 12:42:03,122 [grpc-default-executor-7] INFO  impl.RaftServerImpl (RaftServerImpl.java:lambda$shutdown$3(250)) - 014ed27e-4853-41cc-a50c-9de7527fd6a0@group-C579C60BF44B: shutdown
2019-11-14 12:42:03,123 [grpc-default-executor-7] INFO  util.JmxRegister (JmxRegister.java:unregister(73)) - Successfully un-registered JMX Bean with object name Ratis:service=RaftServer,group=group-C579C60BF44B,id=014ed27e-4853-41cc-a50c-9de7527fd6a0
2019-11-14 12:42:03,123 [grpc-default-executor-7] INFO  impl.RoleInfo (RoleInfo.java:shutdownLeaderState(104)) - 014ed27e-4853-41cc-a50c-9de7527fd6a0: shutdown LeaderState
2019-11-14 12:42:03,123 [grpc-default-executor-7] INFO  impl.PendingRequests (PendingRequests.java:sendNotLeaderResponses(206)) - 014ed27e-4853-41cc-a50c-9de7527fd6a0@group-C579C60BF44B-PendingRequests: sendNotLeaderResponses
2019-11-14 12:42:03,123 [grpc-default-executor-7] INFO  impl.StateMachineUpdater (StateMachineUpdater.java:stopAndJoin(136)) - 014ed27e-4853-41cc-a50c-9de7527fd6a0@group-C579C60BF44B-StateMachineUpdater: set stopIndex = 0
2019-11-14 12:42:03,123 [grpc-default-executor-7] INFO  impl.RaftServerImpl (ServerState.java:close(387)) - 014ed27e-4853-41cc-a50c-9de7527fd6a0@group-C579C60BF44B: closes. applyIndex: 0
2019-11-14 12:42:03,124 [014ed27e-4853-41cc-a50c-9de7527fd6a0@group-C579C60BF44B-SegmentedRaftLogWorker] INFO  segmented.SegmentedRaftLogWorker (SegmentedRaftLogWorker.java:run(316)) - 014ed27e-4853-41cc-a50c-9de7527fd6a0@group-C579C60BF44B-SegmentedRaftLogWorker was interrupted, exiting. There are 0 tasks remaining in the queue.
2019-11-14 12:42:03,124 [grpc-default-executor-7] INFO  segmented.SegmentedRaftLogWorker (SegmentedRaftLogWorker.java:close(224)) - 014ed27e-4853-41cc-a50c-9de7527fd6a0@group-C579C60BF44B-SegmentedRaftLogWorker close()
2019-11-14 12:42:03,134 [Thread-3929] INFO  pipeline.PipelineStateManager (PipelineStateManager.java:removePipeline(106)) - Pipeline Pipeline[ Id: 326030f2-c249-4a8d-a164-c579c60bf44b, Nodes: 014ed27e-4853-41cc-a50c-9de7527fd6a0{ip: 192.168.34.21, host: pr-hdds-2481-nxhrh-893604966, networkLocation: /rack1, certSerialId: null}, Type:RATIS, Factor:ONE, State:CLOSED] removed from db
2019-11-14 12:42:03,134 [Thread-3929] INFO  pipeline.SCMPipelineManager (SCMPipelineManager.java:finalizeAndDestroyPipeline(315)) - destroying pipeline:Pipeline[ Id: 605f6e15-d294-4bae-a2cc-97bb879b6c31, Nodes: e0c88643-1b24-4b90-b706-4d063724ebcc{ip: 192.168.34.21, host: pr-hdds-2481-nxhrh-893604966, networkLocation: /rack1, certSerialId: null}, Type:RATIS, Factor:ONE, State:OPEN]
2019-11-14 12:42:03,137 [grpc-default-executor-7] INFO  impl.RaftServerProxy (RaftServerProxy.java:addNew(89)) - 014ed27e-4853-41cc-a50c-9de7527fd6a0: addNew group-68BAEC99AD32:[014ed27e-4853-41cc-a50c-9de7527fd6a0:192.168.34.21:41029] returns group-68BAEC99AD32:java.util.concurrent.CompletableFuture@3b7a2cc1[Not completed]
2019-11-14 12:42:03,138 [pool-589-thread-1] INFO  impl.RaftServerImpl (RaftServerImpl.java:<init>(98)) - 014ed27e-4853-41cc-a50c-9de7527fd6a0: new RaftServerImpl for group-68BAEC99AD32:[014ed27e-4853-41cc-a50c-9de7527fd6a0:192.168.34.21:41029] with ContainerStateMachine:uninitialized
2019-11-14 12:42:03,138 [pool-589-thread-1] INFO  server.RaftServerConfigKeys (ConfUtils.java:logGet(43)) - raft.server.rpc.timeout.min = 1s (custom)
2019-11-14 12:42:03,138 [pool-589-thread-1] INFO  server.RaftServerConfigKeys (ConfUtils.java:logGet(43)) - raft.server.rpc.timeout.max = 1200ms (custom)
2019-11-14 12:42:03,139 [pool-589-thread-1] INFO  server.RaftServerConfigKeys (ConfUtils.java:logGet(43)) - raft.server.rpcslowness.timeout = 120s (custom)
2019-11-14 12:42:03,139 [pool-589-thread-1] INFO  server.RaftServerConfigKeys (ConfUtils.java:logGet(43)) - raft.server.sleep.deviation.threshold = 300 (default)
2019-11-14 12:42:03,139 [pool-589-thread-1] INFO  server.RaftServerConfigKeys (ConfUtils.java:logGet(43)) - raft.server.log.appender.install.snapshot.enabled = false (custom)
2019-11-14 12:42:03,139 [pool-589-thread-1] INFO  impl.RaftServerImpl (ServerState.java:<init>(103)) - 014ed27e-4853-41cc-a50c-9de7527fd6a0@group-68BAEC99AD32: ConfigurationManager, init=-1: [014ed27e-4853-41cc-a50c-9de7527fd6a0:192.168.34.21:41029], old=null, confs=<EMPTY_MAP>
2019-11-14 12:42:03,139 [pool-589-thread-1] INFO  server.RaftServerConfigKeys (ConfUtils.java:logGet(43)) - raft.server.storage.dir = [/workdir/hadoop-ozone/integration-test/target/test-dir/MiniOzoneClusterImpl-00c2d61f-fa45-4119-a3b8-446fff627119/datanode-8/data/ratis] (custom)
2019-11-14 12:42:03,139 [pool-589-thread-1] INFO  server.RaftServerConfigKeys (ConfUtils.java:logGet(43)) - raft.server.log.corruption.policy = EXCEPTION (default)
2019-11-14 12:42:03,139 [pool-589-thread-1] INFO  storage.RaftStorageDirectory (RaftStorageDirectory.java:analyzeStorage(246)) - The storage directory /workdir/hadoop-ozone/integration-test/target/test-dir/MiniOzoneClusterImpl-00c2d61f-fa45-4119-a3b8-446fff627119/datanode-8/data/ratis/14bedf50-ac02-404e-9cf7-68baec99ad32 does not exist. Creating ...
2019-11-14 12:42:03,152 [pool-589-thread-1] INFO  storage.RaftStorageDirectory (RaftStorageDirectory.java:tryLock(328)) - Lock on /workdir/hadoop-ozone/integration-test/target/test-dir/MiniOzoneClusterImpl-00c2d61f-fa45-4119-a3b8-446fff627119/datanode-8/data/ratis/14bedf50-ac02-404e-9cf7-68baec99ad32/in_use.lock acquired by nodename 27294@pr-hdds-2481-nxhrh-893604966
2019-11-14 12:42:03,184 [pool-589-thread-1] INFO  storage.RaftStorage (RaftStorage.java:format(84)) - Storage directory /workdir/hadoop-ozone/integration-test/target/test-dir/MiniOzoneClusterImpl-00c2d61f-fa45-4119-a3b8-446fff627119/datanode-8/data/ratis/14bedf50-ac02-404e-9cf7-68baec99ad32 has been successfully formatted.
2019-11-14 12:42:03,184 [pool-589-thread-1] INFO  ratis.ContainerStateMachine (ContainerStateMachine.java:loadSnapshot(223)) - group-68BAEC99AD32: The snapshot info is null. Setting the last applied indexto:(t:0, i:~)
2019-11-14 12:42:03,184 [pool-589-thread-1] INFO  server.RaftServerConfigKeys (ConfUtils.java:logGet(43)) - raft.server.notification.no-leader.timeout = 120s (custom)
2019-11-14 12:42:03,184 [pool-589-thread-1] INFO  server.RaftServerConfigKeys (ConfUtils.java:logGet(43)) - raft.server.log.use.memory = false (default)
2019-11-14 12:42:03,184 [pool-589-thread-1] INFO  server.RaftServerConfigKeys (ConfUtils.java:logGet(43)) - raft.server.log.purge.gap = 1000000 (custom)
2019-11-14 12:42:03,184 [pool-589-thread-1] INFO  server.RaftServerConfigKeys (ConfUtils.java:logGet(43)) - raft.server.log.appender.buffer.byte-limit = 33554432 (custom)
2019-11-14 12:42:03,185 [pool-589-thread-1] INFO  server.RaftServerConfigKeys (ConfUtils.java:logGet(43)) - raft.server.log.segment.size.max = 1048576 (custom)
2019-11-14 12:42:03,185 [pool-589-thread-1] INFO  server.RaftServerConfigKeys (ConfUtils.java:logGet(43)) - raft.server.log.segment.cache.num.max = 2 (custom)
2019-11-14 12:42:03,185 [pool-589-thread-1] INFO  segmented.SegmentedRaftLogWorker (SegmentedRaftLogWorker.java:<init>(173)) - new 014ed27e-4853-41cc-a50c-9de7527fd6a0@group-68BAEC99AD32-SegmentedRaftLogWorker for RaftStorage:Storage Directory /workdir/hadoop-ozone/integration-test/target/test-dir/MiniOzoneClusterImpl-00c2d61f-fa45-4119-a3b8-446fff627119/datanode-8/data/ratis/14bedf50-ac02-404e-9cf7-68baec99ad32
2019-11-14 12:42:03,185 [pool-589-thread-1] INFO  server.RaftServerConfigKeys (ConfUtils.java:logGet(43)) - raft.server.log.queue.byte-limit = 2147483647 (custom)
2019-11-14 12:42:03,185 [pool-589-thread-1] INFO  server.RaftServerConfigKeys (ConfUtils.java:logGet(43)) - raft.server.log.queue.element-limit = 1024 (custom)
2019-11-14 12:42:03,185 [pool-589-thread-1] INFO  server.RaftServerConfigKeys (ConfUtils.java:logGet(43)) - raft.server.log.segment.size.max = 1048576 (custom)
2019-11-14 12:42:03,185 [pool-589-thread-1] INFO  server.RaftServerConfigKeys (ConfUtils.java:logGet(43)) - raft.server.log.preallocated.size = 16384 (custom)
2019-11-14 12:42:03,185 [pool-589-thread-1] INFO  server.RaftServerConfigKeys (ConfUtils.java:logGet(43)) - raft.server.log.write.buffer.size = 33554432 (custom)
2019-11-14 12:42:03,185 [pool-589-thread-1] INFO  server.RaftServerConfigKeys (ConfUtils.java:logGet(43)) - raft.server.log.force.sync.num = 128 (default)
2019-11-14 12:42:03,186 [pool-589-thread-1] INFO  server.RaftServerConfigKeys (ConfUtils.java:logGet(43)) - raft.server.log.statemachine.data.sync = true (default)
2019-11-14 12:42:03,186 [pool-589-thread-1] INFO  server.RaftServerConfigKeys (ConfUtils.java:logGet(43)) - raft.server.log.statemachine.data.sync.timeout = 10s (default)
2019-11-14 12:42:03,186 [pool-589-thread-1] INFO  server.RaftServerConfigKeys (ConfUtils.java:logGet(43)) - raft.server.log.statemachine.data.sync.timeout.retry = -1 (default)
2019-11-14 12:42:03,186 [pool-589-thread-1] INFO  server.RaftServerConfigKeys (ConfUtils.java:logGet(43)) - raft.server.log.statemachine.data.caching.enabled = true (custom)
2019-11-14 12:42:03,186 [pool-589-thread-1] INFO  segmented.SegmentedRaftLogWorker (SegmentedRaftLogWorker.java:lambda$new$0(128)) - 014ed27e-4853-41cc-a50c-9de7527fd6a0@group-68BAEC99AD32-SegmentedRaftLogWorker: flushIndex: setUnconditionally 0 -> -1
2019-11-14 12:42:03,186 [pool-589-thread-1] INFO  server.RaftServerConfigKeys (ConfUtils.java:logGet(43)) - raft.server.snapshot.auto.trigger.enabled = true (custom)
2019-11-14 12:42:03,186 [pool-589-thread-1] INFO  server.RaftServerConfigKeys (ConfUtils.java:logGet(43)) - raft.server.snapshot.auto.trigger.threshold = 10000 (custom)
2019-11-14 12:42:03,187 [pool-589-thread-1] INFO  server.RaftServerConfigKeys (ConfUtils.java:logGet(43)) - raft.server.snapshot.retention.file.num = 5 (custom)
2019-11-14 12:42:03,187 [pool-589-thread-1] INFO  server.RaftServerConfigKeys (ConfUtils.java:logGet(43)) - raft.server.retrycache.expirytime = 600000ms (custom)
2019-11-14 12:42:03,187 [pool-589-thread-1] WARN  impl.MetricRegistriesImpl (MetricRegistriesImpl.java:lambda$create$1(61)) - First MetricRegistry has been created without registering reporters. You may need to call MetricRegistries.global().addReportRegistration(...) before.
2019-11-14 12:42:03,187 [pool-589-thread-1] WARN  impl.MetricRegistriesImpl (MetricRegistriesImpl.java:lambda$create$1(61)) - First MetricRegistry has been created without registering reporters. You may need to call MetricRegistries.global().addReportRegistration(...) before.
2019-11-14 12:42:03,187 [pool-589-thread-1] INFO  impl.RaftServerImpl (RaftServerImpl.java:start(184)) - 014ed27e-4853-41cc-a50c-9de7527fd6a0@group-68BAEC99AD32: start as a follower, conf=-1: [014ed27e-4853-41cc-a50c-9de7527fd6a0:192.168.34.21:41029], old=null
2019-11-14 12:42:03,187 [pool-589-thread-1] INFO  impl.RaftServerImpl (RaftServerImpl.java:setRole(173)) - 014ed27e-4853-41cc-a50c-9de7527fd6a0@group-68BAEC99AD32: changes role from      null to FOLLOWER at term 0 for startAsFollower
2019-11-14 12:42:03,187 [pool-589-thread-1] INFO  impl.RoleInfo (RoleInfo.java:updateAndGet(143)) - 014ed27e-4853-41cc-a50c-9de7527fd6a0: start FollowerState
2019-11-14 12:42:03,188 [pool-589-thread-1] INFO  util.JmxRegister (JmxRegister.java:tryRegister(44)) - Successfully registered JMX Bean with object name Ratis:service=RaftServer,group=group-68BAEC99AD32,id=014ed27e-4853-41cc-a50c-9de7527fd6a0
2019-11-14 12:42:03,188 [pool-589-thread-1] WARN  impl.MetricRegistriesImpl (MetricRegistriesImpl.java:lambda$create$1(61)) - First MetricRegistry has been created without registering reporters. You may need to call MetricRegistries.global().addReportRegistration(...) before.
2019-11-14 12:42:03,190 [RatisPipelineUtilsThread] INFO  pipeline.PipelineStateManager (PipelineStateManager.java:addPipeline(55)) - Created pipeline Pipeline[ Id: 14bedf50-ac02-404e-9cf7-68baec99ad32, Nodes: 014ed27e-4853-41cc-a50c-9de7527fd6a0{ip: 192.168.34.21, host: pr-hdds-2481-nxhrh-893604966, networkLocation: /rack1, certSerialId: null}, Type:RATIS, Factor:ONE, State:ALLOCATED]
2019-11-14 12:42:03,190 [Thread-3929] INFO  pipeline.PipelineStateManager (PipelineStateManager.java:finalizePipeline(121)) - Pipeline Pipeline[ Id: 605f6e15-d294-4bae-a2cc-97bb879b6c31, Nodes: e0c88643-1b24-4b90-b706-4d063724ebcc{ip: 192.168.34.21, host: pr-hdds-2481-nxhrh-893604966, networkLocation: /rack1, certSerialId: null}, Type:RATIS, Factor:ONE, State:CLOSED] moved to CLOSED state
2019-11-14 12:42:03,193 [grpc-default-executor-3] INFO  impl.RaftServerProxy (RaftServerProxy.java:remove(95)) - e0c88643-1b24-4b90-b706-4d063724ebcc: remove    LEADER e0c88643-1b24-4b90-b706-4d063724ebcc@group-97BB879B6C31:t1, leader=e0c88643-1b24-4b90-b706-4d063724ebcc, voted=e0c88643-1b24-4b90-b706-4d063724ebcc, raftlog=e0c88643-1b24-4b90-b706-4d063724ebcc@group-97BB879B6C31-SegmentedRaftLog:OPENED:c0,f0,i0, conf=0: [e0c88643-1b24-4b90-b706-4d063724ebcc:192.168.34.21:42559], old=null RUNNING
2019-11-14 12:42:03,193 [grpc-default-executor-3] INFO  impl.RaftServerImpl (RaftServerImpl.java:lambda$shutdown$3(250)) - e0c88643-1b24-4b90-b706-4d063724ebcc@group-97BB879B6C31: shutdown
2019-11-14 12:42:03,193 [grpc-default-executor-3] INFO  util.JmxRegister (JmxRegister.java:unregister(73)) - Successfully un-registered JMX Bean with object name Ratis:service=RaftServer,group=group-97BB879B6C31,id=e0c88643-1b24-4b90-b706-4d063724ebcc
2019-11-14 12:42:03,193 [grpc-default-executor-3] INFO  impl.RoleInfo (RoleInfo.java:shutdownLeaderState(104)) - e0c88643-1b24-4b90-b706-4d063724ebcc: shutdown LeaderState
2019-11-14 12:42:03,193 [grpc-default-executor-3] INFO  impl.PendingRequests (PendingRequests.java:sendNotLeaderResponses(206)) - e0c88643-1b24-4b90-b706-4d063724ebcc@group-97BB879B6C31-PendingRequests: sendNotLeaderResponses
2019-11-14 12:42:03,194 [grpc-default-executor-3] INFO  impl.StateMachineUpdater (StateMachineUpdater.java:stopAndJoin(136)) - e0c88643-1b24-4b90-b706-4d063724ebcc@group-97BB879B6C31-StateMachineUpdater: set stopIndex = 0
2019-11-14 12:42:03,194 [grpc-default-executor-3] INFO  impl.RaftServerImpl (ServerState.java:close(387)) - e0c88643-1b24-4b90-b706-4d063724ebcc@group-97BB879B6C31: closes. applyIndex: 0
2019-11-14 12:42:03,194 [e0c88643-1b24-4b90-b706-4d063724ebcc@group-97BB879B6C31-SegmentedRaftLogWorker] INFO  segmented.SegmentedRaftLogWorker (SegmentedRaftLogWorker.java:run(316)) - e0c88643-1b24-4b90-b706-4d063724ebcc@group-97BB879B6C31-SegmentedRaftLogWorker was interrupted, exiting. There are 0 tasks remaining in the queue.
2019-11-14 12:42:03,194 [grpc-default-executor-3] INFO  segmented.SegmentedRaftLogWorker (SegmentedRaftLogWorker.java:close(224)) - e0c88643-1b24-4b90-b706-4d063724ebcc@group-97BB879B6C31-SegmentedRaftLogWorker close()
2019-11-14 12:42:03,196 [Thread-3929] INFO  pipeline.PipelineStateManager (PipelineStateManager.java:removePipeline(106)) - Pipeline Pipeline[ Id: 605f6e15-d294-4bae-a2cc-97bb879b6c31, Nodes: e0c88643-1b24-4b90-b706-4d063724ebcc{ip: 192.168.34.21, host: pr-hdds-2481-nxhrh-893604966, networkLocation: /rack1, certSerialId: null}, Type:RATIS, Factor:ONE, State:CLOSED] removed from db
2019-11-14 12:42:03,196 [Thread-3929] INFO  pipeline.SCMPipelineManager (SCMPipelineManager.java:finalizeAndDestroyPipeline(315)) - destroying pipeline:Pipeline[ Id: 550d96ac-ea9f-4518-be49-4ad137a910a2, Nodes: 7f15e76e-ccdf-421e-a2ec-7ae8a15127a1{ip: 192.168.34.21, host: pr-hdds-2481-nxhrh-893604966, networkLocation: /rack1, certSerialId: null}, Type:RATIS, Factor:ONE, State:OPEN]
2019-11-14 12:42:03,199 [grpc-default-executor-3] INFO  impl.RaftServerProxy (RaftServerProxy.java:addNew(89)) - e0c88643-1b24-4b90-b706-4d063724ebcc: addNew group-ADE9040901F1:[e0c88643-1b24-4b90-b706-4d063724ebcc:192.168.34.21:42559] returns group-ADE9040901F1:java.util.concurrent.CompletableFuture@53acf0e7[Not completed]
2019-11-14 12:42:03,200 [pool-549-thread-1] INFO  impl.RaftServerImpl (RaftServerImpl.java:<init>(98)) - e0c88643-1b24-4b90-b706-4d063724ebcc: new RaftServerImpl for group-ADE9040901F1:[e0c88643-1b24-4b90-b706-4d063724ebcc:192.168.34.21:42559] with ContainerStateMachine:uninitialized
2019-11-14 12:42:03,200 [pool-549-thread-1] INFO  server.RaftServerConfigKeys (ConfUtils.java:logGet(43)) - raft.server.rpc.timeout.min = 1s (custom)
2019-11-14 12:42:03,200 [pool-549-thread-1] INFO  server.RaftServerConfigKeys (ConfUtils.java:logGet(43)) - raft.server.rpc.timeout.max = 1200ms (custom)
2019-11-14 12:42:03,200 [pool-549-thread-1] INFO  server.RaftServerConfigKeys (ConfUtils.java:logGet(43)) - raft.server.rpcslowness.timeout = 120s (custom)
2019-11-14 12:42:03,200 [pool-549-thread-1] INFO  server.RaftServerConfigKeys (ConfUtils.java:logGet(43)) - raft.server.sleep.deviation.threshold = 300 (default)
2019-11-14 12:42:03,200 [pool-549-thread-1] INFO  server.RaftServerConfigKeys (ConfUtils.java:logGet(43)) - raft.server.log.appender.install.snapshot.enabled = false (custom)
2019-11-14 12:42:03,200 [pool-549-thread-1] INFO  impl.RaftServerImpl (ServerState.java:<init>(103)) - e0c88643-1b24-4b90-b706-4d063724ebcc@group-ADE9040901F1: ConfigurationManager, init=-1: [e0c88643-1b24-4b90-b706-4d063724ebcc:192.168.34.21:42559], old=null, confs=<EMPTY_MAP>
2019-11-14 12:42:03,201 [pool-549-thread-1] INFO  server.RaftServerConfigKeys (ConfUtils.java:logGet(43)) - raft.server.storage.dir = [/workdir/hadoop-ozone/integration-test/target/test-dir/MiniOzoneClusterImpl-00c2d61f-fa45-4119-a3b8-446fff627119/datanode-4/data/ratis] (custom)
2019-11-14 12:42:03,201 [pool-549-thread-1] INFO  server.RaftServerConfigKeys (ConfUtils.java:logGet(43)) - raft.server.log.corruption.policy = EXCEPTION (default)
2019-11-14 12:42:03,201 [pool-549-thread-1] INFO  storage.RaftStorageDirectory (RaftStorageDirectory.java:analyzeStorage(246)) - The storage directory /workdir/hadoop-ozone/integration-test/target/test-dir/MiniOzoneClusterImpl-00c2d61f-fa45-4119-a3b8-446fff627119/datanode-4/data/ratis/7a6ff6d2-431e-4d37-8721-ade9040901f1 does not exist. Creating ...
2019-11-14 12:42:03,214 [pool-549-thread-1] INFO  storage.RaftStorageDirectory (RaftStorageDirectory.java:tryLock(328)) - Lock on /workdir/hadoop-ozone/integration-test/target/test-dir/MiniOzoneClusterImpl-00c2d61f-fa45-4119-a3b8-446fff627119/datanode-4/data/ratis/7a6ff6d2-431e-4d37-8721-ade9040901f1/in_use.lock acquired by nodename 27294@pr-hdds-2481-nxhrh-893604966
2019-11-14 12:42:03,229 [pool-549-thread-1] INFO  storage.RaftStorage (RaftStorage.java:format(84)) - Storage directory /workdir/hadoop-ozone/integration-test/target/test-dir/MiniOzoneClusterImpl-00c2d61f-fa45-4119-a3b8-446fff627119/datanode-4/data/ratis/7a6ff6d2-431e-4d37-8721-ade9040901f1 has been successfully formatted.
2019-11-14 12:42:03,229 [pool-549-thread-1] INFO  ratis.ContainerStateMachine (ContainerStateMachine.java:loadSnapshot(223)) - group-ADE9040901F1: The snapshot info is null. Setting the last applied indexto:(t:0, i:~)
2019-11-14 12:42:03,229 [pool-549-thread-1] INFO  server.RaftServerConfigKeys (ConfUtils.java:logGet(43)) - raft.server.notification.no-leader.timeout = 120s (custom)
2019-11-14 12:42:03,229 [pool-549-thread-1] INFO  server.RaftServerConfigKeys (ConfUtils.java:logGet(43)) - raft.server.log.use.memory = false (default)
2019-11-14 12:42:03,229 [pool-549-thread-1] INFO  server.RaftServerConfigKeys (ConfUtils.java:logGet(43)) - raft.server.log.purge.gap = 1000000 (custom)
2019-11-14 12:42:03,229 [pool-549-thread-1] INFO  server.RaftServerConfigKeys (ConfUtils.java:logGet(43)) - raft.server.log.appender.buffer.byte-limit = 33554432 (custom)
2019-11-14 12:42:03,229 [pool-549-thread-1] INFO  server.RaftServerConfigKeys (ConfUtils.java:logGet(43)) - raft.server.log.segment.size.max = 1048576 (custom)
2019-11-14 12:42:03,229 [pool-549-thread-1] INFO  server.RaftServerConfigKeys (ConfUtils.java:logGet(43)) - raft.server.log.segment.cache.num.max = 2 (custom)
2019-11-14 12:42:03,230 [pool-549-thread-1] INFO  segmented.SegmentedRaftLogWorker (SegmentedRaftLogWorker.java:<init>(173)) - new e0c88643-1b24-4b90-b706-4d063724ebcc@group-ADE9040901F1-SegmentedRaftLogWorker for RaftStorage:Storage Directory /workdir/hadoop-ozone/integration-test/target/test-dir/MiniOzoneClusterImpl-00c2d61f-fa45-4119-a3b8-446fff627119/datanode-4/data/ratis/7a6ff6d2-431e-4d37-8721-ade9040901f1
2019-11-14 12:42:03,230 [pool-549-thread-1] INFO  server.RaftServerConfigKeys (ConfUtils.java:logGet(43)) - raft.server.log.queue.byte-limit = 2147483647 (custom)
2019-11-14 12:42:03,230 [pool-549-thread-1] INFO  server.RaftServerConfigKeys (ConfUtils.java:logGet(43)) - raft.server.log.queue.element-limit = 1024 (custom)
2019-11-14 12:42:03,230 [pool-549-thread-1] INFO  server.RaftServerConfigKeys (ConfUtils.java:logGet(43)) - raft.server.log.segment.size.max = 1048576 (custom)
2019-11-14 12:42:03,230 [pool-549-thread-1] INFO  server.RaftServerConfigKeys (ConfUtils.java:logGet(43)) - raft.server.log.preallocated.size = 16384 (custom)
2019-11-14 12:42:03,230 [pool-549-thread-1] INFO  server.RaftServerConfigKeys (ConfUtils.java:logGet(43)) - raft.server.log.write.buffer.size = 33554432 (custom)
2019-11-14 12:42:03,230 [pool-549-thread-1] INFO  server.RaftServerConfigKeys (ConfUtils.java:logGet(43)) - raft.server.log.force.sync.num = 128 (default)
2019-11-14 12:42:03,230 [pool-549-thread-1] INFO  server.RaftServerConfigKeys (ConfUtils.java:logGet(43)) - raft.server.log.statemachine.data.sync = true (default)
2019-11-14 12:42:03,230 [pool-549-thread-1] INFO  server.RaftServerConfigKeys (ConfUtils.java:logGet(43)) - raft.server.log.statemachine.data.sync.timeout = 10s (default)
2019-11-14 12:42:03,230 [pool-549-thread-1] INFO  server.RaftServerConfigKeys (ConfUtils.java:logGet(43)) - raft.server.log.statemachine.data.sync.timeout.retry = -1 (default)
2019-11-14 12:42:03,230 [pool-549-thread-1] INFO  server.RaftServerConfigKeys (ConfUtils.java:logGet(43)) - raft.server.log.statemachine.data.caching.enabled = true (custom)
2019-11-14 12:42:03,231 [pool-549-thread-1] INFO  segmented.SegmentedRaftLogWorker (SegmentedRaftLogWorker.java:lambda$new$0(128)) - e0c88643-1b24-4b90-b706-4d063724ebcc@group-ADE9040901F1-SegmentedRaftLogWorker: flushIndex: setUnconditionally 0 -> -1
2019-11-14 12:42:03,231 [pool-549-thread-1] INFO  server.RaftServerConfigKeys (ConfUtils.java:logGet(43)) - raft.server.snapshot.auto.trigger.enabled = true (custom)
2019-11-14 12:42:03,231 [pool-549-thread-1] INFO  server.RaftServerConfigKeys (ConfUtils.java:logGet(43)) - raft.server.snapshot.auto.trigger.threshold = 10000 (custom)
2019-11-14 12:42:03,231 [pool-549-thread-1] INFO  server.RaftServerConfigKeys (ConfUtils.java:logGet(43)) - raft.server.snapshot.retention.file.num = 5 (custom)
2019-11-14 12:42:03,231 [pool-549-thread-1] INFO  server.RaftServerConfigKeys (ConfUtils.java:logGet(43)) - raft.server.retrycache.expirytime = 600000ms (custom)
2019-11-14 12:42:03,231 [pool-549-thread-1] WARN  impl.MetricRegistriesImpl (MetricRegistriesImpl.java:lambda$create$1(61)) - First MetricRegistry has been created without registering reporters. You may need to call MetricRegistries.global().addReportRegistration(...) before.
2019-11-14 12:42:03,231 [pool-549-thread-1] WARN  impl.MetricRegistriesImpl (MetricRegistriesImpl.java:lambda$create$1(61)) - First MetricRegistry has been created without registering reporters. You may need to call MetricRegistries.global().addReportRegistration(...) before.
2019-11-14 12:42:03,231 [pool-549-thread-1] INFO  impl.RaftServerImpl (RaftServerImpl.java:start(184)) - e0c88643-1b24-4b90-b706-4d063724ebcc@group-ADE9040901F1: start as a follower, conf=-1: [e0c88643-1b24-4b90-b706-4d063724ebcc:192.168.34.21:42559], old=null
2019-11-14 12:42:03,232 [pool-549-thread-1] INFO  impl.RaftServerImpl (RaftServerImpl.java:setRole(173)) - e0c88643-1b24-4b90-b706-4d063724ebcc@group-ADE9040901F1: changes role from      null to FOLLOWER at term 0 for startAsFollower
2019-11-14 12:42:03,232 [pool-549-thread-1] INFO  impl.RoleInfo (RoleInfo.java:updateAndGet(143)) - e0c88643-1b24-4b90-b706-4d063724ebcc: start FollowerState
2019-11-14 12:42:03,232 [pool-549-thread-1] INFO  util.JmxRegister (JmxRegister.java:tryRegister(44)) - Successfully registered JMX Bean with object name Ratis:service=RaftServer,group=group-ADE9040901F1,id=e0c88643-1b24-4b90-b706-4d063724ebcc
2019-11-14 12:42:03,232 [pool-549-thread-1] WARN  impl.MetricRegistriesImpl (MetricRegistriesImpl.java:lambda$create$1(61)) - First MetricRegistry has been created without registering reporters. You may need to call MetricRegistries.global().addReportRegistration(...) before.
2019-11-14 12:42:03,234 [RatisPipelineUtilsThread] INFO  pipeline.PipelineStateManager (PipelineStateManager.java:addPipeline(55)) - Created pipeline Pipeline[ Id: 7a6ff6d2-431e-4d37-8721-ade9040901f1, Nodes: e0c88643-1b24-4b90-b706-4d063724ebcc{ip: 192.168.34.21, host: pr-hdds-2481-nxhrh-893604966, networkLocation: /rack1, certSerialId: null}, Type:RATIS, Factor:ONE, State:ALLOCATED]
2019-11-14 12:42:03,235 [Thread-3929] INFO  pipeline.PipelineStateManager (PipelineStateManager.java:finalizePipeline(121)) - Pipeline Pipeline[ Id: 550d96ac-ea9f-4518-be49-4ad137a910a2, Nodes: 7f15e76e-ccdf-421e-a2ec-7ae8a15127a1{ip: 192.168.34.21, host: pr-hdds-2481-nxhrh-893604966, networkLocation: /rack1, certSerialId: null}, Type:RATIS, Factor:ONE, State:CLOSED] moved to CLOSED state
2019-11-14 12:42:03,238 [grpc-default-executor-3] INFO  impl.RaftServerProxy (RaftServerProxy.java:remove(95)) - 7f15e76e-ccdf-421e-a2ec-7ae8a15127a1: remove    LEADER 7f15e76e-ccdf-421e-a2ec-7ae8a15127a1@group-4AD137A910A2:t1, leader=7f15e76e-ccdf-421e-a2ec-7ae8a15127a1, voted=7f15e76e-ccdf-421e-a2ec-7ae8a15127a1, raftlog=7f15e76e-ccdf-421e-a2ec-7ae8a15127a1@group-4AD137A910A2-SegmentedRaftLog:OPENED:c0,f0,i0, conf=0: [7f15e76e-ccdf-421e-a2ec-7ae8a15127a1:192.168.34.21:39661], old=null RUNNING
2019-11-14 12:42:03,238 [grpc-default-executor-3] INFO  impl.RaftServerImpl (RaftServerImpl.java:lambda$shutdown$3(250)) - 7f15e76e-ccdf-421e-a2ec-7ae8a15127a1@group-4AD137A910A2: shutdown
2019-11-14 12:42:03,238 [grpc-default-executor-3] INFO  util.JmxRegister (JmxRegister.java:unregister(73)) - Successfully un-registered JMX Bean with object name Ratis:service=RaftServer,group=group-4AD137A910A2,id=7f15e76e-ccdf-421e-a2ec-7ae8a15127a1
2019-11-14 12:42:03,238 [grpc-default-executor-3] INFO  impl.RoleInfo (RoleInfo.java:shutdownLeaderState(104)) - 7f15e76e-ccdf-421e-a2ec-7ae8a15127a1: shutdown LeaderState
2019-11-14 12:42:03,238 [grpc-default-executor-3] INFO  impl.PendingRequests (PendingRequests.java:sendNotLeaderResponses(206)) - 7f15e76e-ccdf-421e-a2ec-7ae8a15127a1@group-4AD137A910A2-PendingRequests: sendNotLeaderResponses
2019-11-14 12:42:03,238 [grpc-default-executor-3] INFO  impl.StateMachineUpdater (StateMachineUpdater.java:stopAndJoin(136)) - 7f15e76e-ccdf-421e-a2ec-7ae8a15127a1@group-4AD137A910A2-StateMachineUpdater: set stopIndex = 0
2019-11-14 12:42:03,239 [grpc-default-executor-3] INFO  impl.RaftServerImpl (ServerState.java:close(387)) - 7f15e76e-ccdf-421e-a2ec-7ae8a15127a1@group-4AD137A910A2: closes. applyIndex: 0
2019-11-14 12:42:03,239 [7f15e76e-ccdf-421e-a2ec-7ae8a15127a1@group-4AD137A910A2-SegmentedRaftLogWorker] INFO  segmented.SegmentedRaftLogWorker (SegmentedRaftLogWorker.java:run(316)) - 7f15e76e-ccdf-421e-a2ec-7ae8a15127a1@group-4AD137A910A2-SegmentedRaftLogWorker was interrupted, exiting. There are 0 tasks remaining in the queue.
2019-11-14 12:42:03,239 [grpc-default-executor-3] INFO  segmented.SegmentedRaftLogWorker (SegmentedRaftLogWorker.java:close(224)) - 7f15e76e-ccdf-421e-a2ec-7ae8a15127a1@group-4AD137A910A2-SegmentedRaftLogWorker close()
2019-11-14 12:42:03,241 [Thread-3929] INFO  pipeline.PipelineStateManager (PipelineStateManager.java:removePipeline(106)) - Pipeline Pipeline[ Id: 550d96ac-ea9f-4518-be49-4ad137a910a2, Nodes: 7f15e76e-ccdf-421e-a2ec-7ae8a15127a1{ip: 192.168.34.21, host: pr-hdds-2481-nxhrh-893604966, networkLocation: /rack1, certSerialId: null}, Type:RATIS, Factor:ONE, State:CLOSED] removed from db
2019-11-14 12:42:03,241 [Thread-3929] INFO  pipeline.SCMPipelineManager (SCMPipelineManager.java:finalizeAndDestroyPipeline(315)) - destroying pipeline:Pipeline[ Id: 73c667c6-f858-4f99-9297-83a055a99a4a, Nodes: c6685414-dbf7-4d5a-a965-a6338d016232{ip: 192.168.34.21, host: pr-hdds-2481-nxhrh-893604966, networkLocation: /rack1, certSerialId: null}, Type:RATIS, Factor:ONE, State:OPEN]
2019-11-14 12:42:03,247 [grpc-default-executor-3] INFO  impl.RaftServerProxy (RaftServerProxy.java:addNew(89)) - 7f15e76e-ccdf-421e-a2ec-7ae8a15127a1: addNew group-9DB40430F9D7:[7f15e76e-ccdf-421e-a2ec-7ae8a15127a1:192.168.34.21:39661] returns group-9DB40430F9D7:java.util.concurrent.CompletableFuture@5c0bb2b3[Not completed]
2019-11-14 12:42:03,248 [pool-529-thread-1] INFO  impl.RaftServerImpl (RaftServerImpl.java:<init>(98)) - 7f15e76e-ccdf-421e-a2ec-7ae8a15127a1: new RaftServerImpl for group-9DB40430F9D7:[7f15e76e-ccdf-421e-a2ec-7ae8a15127a1:192.168.34.21:39661] with ContainerStateMachine:uninitialized
2019-11-14 12:42:03,249 [pool-529-thread-1] INFO  server.RaftServerConfigKeys (ConfUtils.java:logGet(43)) - raft.server.rpc.timeout.min = 1s (custom)
2019-11-14 12:42:03,249 [pool-529-thread-1] INFO  server.RaftServerConfigKeys (ConfUtils.java:logGet(43)) - raft.server.rpc.timeout.max = 1200ms (custom)
2019-11-14 12:42:03,249 [pool-529-thread-1] INFO  server.RaftServerConfigKeys (ConfUtils.java:logGet(43)) - raft.server.rpcslowness.timeout = 120s (custom)
2019-11-14 12:42:03,249 [pool-529-thread-1] INFO  server.RaftServerConfigKeys (ConfUtils.java:logGet(43)) - raft.server.sleep.deviation.threshold = 300 (default)
2019-11-14 12:42:03,249 [pool-529-thread-1] INFO  server.RaftServerConfigKeys (ConfUtils.java:logGet(43)) - raft.server.log.appender.install.snapshot.enabled = false (custom)
2019-11-14 12:42:03,249 [pool-529-thread-1] INFO  impl.RaftServerImpl (ServerState.java:<init>(103)) - 7f15e76e-ccdf-421e-a2ec-7ae8a15127a1@group-9DB40430F9D7: ConfigurationManager, init=-1: [7f15e76e-ccdf-421e-a2ec-7ae8a15127a1:192.168.34.21:39661], old=null, confs=<EMPTY_MAP>
2019-11-14 12:42:03,249 [pool-529-thread-1] INFO  server.RaftServerConfigKeys (ConfUtils.java:logGet(43)) - raft.server.storage.dir = [/workdir/hadoop-ozone/integration-test/target/test-dir/MiniOzoneClusterImpl-00c2d61f-fa45-4119-a3b8-446fff627119/datanode-2/data/ratis] (custom)
2019-11-14 12:42:03,250 [pool-529-thread-1] INFO  server.RaftServerConfigKeys (ConfUtils.java:logGet(43)) - raft.server.log.corruption.policy = EXCEPTION (default)
2019-11-14 12:42:03,250 [pool-529-thread-1] INFO  storage.RaftStorageDirectory (RaftStorageDirectory.java:analyzeStorage(246)) - The storage directory /workdir/hadoop-ozone/integration-test/target/test-dir/MiniOzoneClusterImpl-00c2d61f-fa45-4119-a3b8-446fff627119/datanode-2/data/ratis/3ca22594-24bc-4696-8149-9db40430f9d7 does not exist. Creating ...
2019-11-14 12:42:03,278 [pool-529-thread-1] INFO  storage.RaftStorageDirectory (RaftStorageDirectory.java:tryLock(328)) - Lock on /workdir/hadoop-ozone/integration-test/target/test-dir/MiniOzoneClusterImpl-00c2d61f-fa45-4119-a3b8-446fff627119/datanode-2/data/ratis/3ca22594-24bc-4696-8149-9db40430f9d7/in_use.lock acquired by nodename 27294@pr-hdds-2481-nxhrh-893604966
2019-11-14 12:42:03,302 [pool-529-thread-1] INFO  storage.RaftStorage (RaftStorage.java:format(84)) - Storage directory /workdir/hadoop-ozone/integration-test/target/test-dir/MiniOzoneClusterImpl-00c2d61f-fa45-4119-a3b8-446fff627119/datanode-2/data/ratis/3ca22594-24bc-4696-8149-9db40430f9d7 has been successfully formatted.
2019-11-14 12:42:03,303 [pool-529-thread-1] INFO  ratis.ContainerStateMachine (ContainerStateMachine.java:loadSnapshot(223)) - group-9DB40430F9D7: The snapshot info is null. Setting the last applied indexto:(t:0, i:~)
2019-11-14 12:42:03,303 [pool-529-thread-1] INFO  server.RaftServerConfigKeys (ConfUtils.java:logGet(43)) - raft.server.notification.no-leader.timeout = 120s (custom)
2019-11-14 12:42:03,303 [pool-529-thread-1] INFO  server.RaftServerConfigKeys (ConfUtils.java:logGet(43)) - raft.server.log.use.memory = false (default)
2019-11-14 12:42:03,303 [pool-529-thread-1] INFO  server.RaftServerConfigKeys (ConfUtils.java:logGet(43)) - raft.server.log.purge.gap = 1000000 (custom)
2019-11-14 12:42:03,303 [pool-529-thread-1] INFO  server.RaftServerConfigKeys (ConfUtils.java:logGet(43)) - raft.server.log.appender.buffer.byte-limit = 33554432 (custom)
2019-11-14 12:42:03,303 [pool-529-thread-1] INFO  server.RaftServerConfigKeys (ConfUtils.java:logGet(43)) - raft.server.log.segment.size.max = 1048576 (custom)
2019-11-14 12:42:03,303 [pool-529-thread-1] INFO  server.RaftServerConfigKeys (ConfUtils.java:logGet(43)) - raft.server.log.segment.cache.num.max = 2 (custom)
2019-11-14 12:42:03,303 [pool-529-thread-1] INFO  segmented.SegmentedRaftLogWorker (SegmentedRaftLogWorker.java:<init>(173)) - new 7f15e76e-ccdf-421e-a2ec-7ae8a15127a1@group-9DB40430F9D7-SegmentedRaftLogWorker for RaftStorage:Storage Directory /workdir/hadoop-ozone/integration-test/target/test-dir/MiniOzoneClusterImpl-00c2d61f-fa45-4119-a3b8-446fff627119/datanode-2/data/ratis/3ca22594-24bc-4696-8149-9db40430f9d7
2019-11-14 12:42:03,303 [pool-529-thread-1] INFO  server.RaftServerConfigKeys (ConfUtils.java:logGet(43)) - raft.server.log.queue.byte-limit = 2147483647 (custom)
2019-11-14 12:42:03,303 [pool-529-thread-1] INFO  server.RaftServerConfigKeys (ConfUtils.java:logGet(43)) - raft.server.log.queue.element-limit = 1024 (custom)
2019-11-14 12:42:03,304 [pool-529-thread-1] INFO  server.RaftServerConfigKeys (ConfUtils.java:logGet(43)) - raft.server.log.segment.size.max = 1048576 (custom)
2019-11-14 12:42:03,304 [pool-529-thread-1] INFO  server.RaftServerConfigKeys (ConfUtils.java:logGet(43)) - raft.server.log.preallocated.size = 16384 (custom)
2019-11-14 12:42:03,304 [pool-529-thread-1] INFO  server.RaftServerConfigKeys (ConfUtils.java:logGet(43)) - raft.server.log.write.buffer.size = 33554432 (custom)
2019-11-14 12:42:03,304 [pool-529-thread-1] INFO  server.RaftServerConfigKeys (ConfUtils.java:logGet(43)) - raft.server.log.force.sync.num = 128 (default)
2019-11-14 12:42:03,304 [pool-529-thread-1] INFO  server.RaftServerConfigKeys (ConfUtils.java:logGet(43)) - raft.server.log.statemachine.data.sync = true (default)
2019-11-14 12:42:03,304 [pool-529-thread-1] INFO  server.RaftServerConfigKeys (ConfUtils.java:logGet(43)) - raft.server.log.statemachine.data.sync.timeout = 10s (default)
2019-11-14 12:42:03,304 [pool-529-thread-1] INFO  server.RaftServerConfigKeys (ConfUtils.java:logGet(43)) - raft.server.log.statemachine.data.sync.timeout.retry = -1 (default)
2019-11-14 12:42:03,304 [pool-529-thread-1] INFO  server.RaftServerConfigKeys (ConfUtils.java:logGet(43)) - raft.server.log.statemachine.data.caching.enabled = true (custom)
2019-11-14 12:42:03,304 [pool-529-thread-1] INFO  segmented.SegmentedRaftLogWorker (SegmentedRaftLogWorker.java:lambda$new$0(128)) - 7f15e76e-ccdf-421e-a2ec-7ae8a15127a1@group-9DB40430F9D7-SegmentedRaftLogWorker: flushIndex: setUnconditionally 0 -> -1
2019-11-14 12:42:03,305 [pool-529-thread-1] INFO  server.RaftServerConfigKeys (ConfUtils.java:logGet(43)) - raft.server.snapshot.auto.trigger.enabled = true (custom)
2019-11-14 12:42:03,305 [pool-529-thread-1] INFO  server.RaftServerConfigKeys (ConfUtils.java:logGet(43)) - raft.server.snapshot.auto.trigger.threshold = 10000 (custom)
2019-11-14 12:42:03,305 [pool-529-thread-1] INFO  server.RaftServerConfigKeys (ConfUtils.java:logGet(43)) - raft.server.snapshot.retention.file.num = 5 (custom)
2019-11-14 12:42:03,305 [pool-529-thread-1] INFO  server.RaftServerConfigKeys (ConfUtils.java:logGet(43)) - raft.server.retrycache.expirytime = 600000ms (custom)
2019-11-14 12:42:03,305 [pool-529-thread-1] WARN  impl.MetricRegistriesImpl (MetricRegistriesImpl.java:lambda$create$1(61)) - First MetricRegistry has been created without registering reporters. You may need to call MetricRegistries.global().addReportRegistration(...) before.
2019-11-14 12:42:03,305 [pool-529-thread-1] WARN  impl.MetricRegistriesImpl (MetricRegistriesImpl.java:lambda$create$1(61)) - First MetricRegistry has been created without registering reporters. You may need to call MetricRegistries.global().addReportRegistration(...) before.
2019-11-14 12:42:03,305 [pool-529-thread-1] INFO  impl.RaftServerImpl (RaftServerImpl.java:start(184)) - 7f15e76e-ccdf-421e-a2ec-7ae8a15127a1@group-9DB40430F9D7: start as a follower, conf=-1: [7f15e76e-ccdf-421e-a2ec-7ae8a15127a1:192.168.34.21:39661], old=null
2019-11-14 12:42:03,305 [pool-529-thread-1] INFO  impl.RaftServerImpl (RaftServerImpl.java:setRole(173)) - 7f15e76e-ccdf-421e-a2ec-7ae8a15127a1@group-9DB40430F9D7: changes role from      null to FOLLOWER at term 0 for startAsFollower
2019-11-14 12:42:03,305 [pool-529-thread-1] INFO  impl.RoleInfo (RoleInfo.java:updateAndGet(143)) - 7f15e76e-ccdf-421e-a2ec-7ae8a15127a1: start FollowerState
2019-11-14 12:42:03,306 [pool-529-thread-1] INFO  util.JmxRegister (JmxRegister.java:tryRegister(44)) - Successfully registered JMX Bean with object name Ratis:service=RaftServer,group=group-9DB40430F9D7,id=7f15e76e-ccdf-421e-a2ec-7ae8a15127a1
2019-11-14 12:42:03,306 [pool-529-thread-1] WARN  impl.MetricRegistriesImpl (MetricRegistriesImpl.java:lambda$create$1(61)) - First MetricRegistry has been created without registering reporters. You may need to call MetricRegistries.global().addReportRegistration(...) before.
2019-11-14 12:42:03,308 [RatisPipelineUtilsThread] INFO  pipeline.PipelineStateManager (PipelineStateManager.java:addPipeline(55)) - Created pipeline Pipeline[ Id: 3ca22594-24bc-4696-8149-9db40430f9d7, Nodes: 7f15e76e-ccdf-421e-a2ec-7ae8a15127a1{ip: 192.168.34.21, host: pr-hdds-2481-nxhrh-893604966, networkLocation: /rack1, certSerialId: null}, Type:RATIS, Factor:ONE, State:ALLOCATED]
2019-11-14 12:42:03,312 [Thread-3929] INFO  pipeline.PipelineStateManager (PipelineStateManager.java:finalizePipeline(121)) - Pipeline Pipeline[ Id: 73c667c6-f858-4f99-9297-83a055a99a4a, Nodes: c6685414-dbf7-4d5a-a965-a6338d016232{ip: 192.168.34.21, host: pr-hdds-2481-nxhrh-893604966, networkLocation: /rack1, certSerialId: null}, Type:RATIS, Factor:ONE, State:CLOSED] moved to CLOSED state
2019-11-14 12:42:03,315 [grpc-default-executor-3] INFO  impl.RaftServerProxy (RaftServerProxy.java:remove(95)) - c6685414-dbf7-4d5a-a965-a6338d016232: remove    LEADER c6685414-dbf7-4d5a-a965-a6338d016232@group-83A055A99A4A:t1, leader=c6685414-dbf7-4d5a-a965-a6338d016232, voted=c6685414-dbf7-4d5a-a965-a6338d016232, raftlog=c6685414-dbf7-4d5a-a965-a6338d016232@group-83A055A99A4A-SegmentedRaftLog:OPENED:c0,f0,i0, conf=0: [c6685414-dbf7-4d5a-a965-a6338d016232:192.168.34.21:36095], old=null RUNNING
2019-11-14 12:42:03,315 [grpc-default-executor-3] INFO  impl.RaftServerImpl (RaftServerImpl.java:lambda$shutdown$3(250)) - c6685414-dbf7-4d5a-a965-a6338d016232@group-83A055A99A4A: shutdown
2019-11-14 12:42:03,315 [grpc-default-executor-3] INFO  util.JmxRegister (JmxRegister.java:unregister(73)) - Successfully un-registered JMX Bean with object name Ratis:service=RaftServer,group=group-83A055A99A4A,id=c6685414-dbf7-4d5a-a965-a6338d016232
2019-11-14 12:42:03,315 [grpc-default-executor-3] INFO  impl.RoleInfo (RoleInfo.java:shutdownLeaderState(104)) - c6685414-dbf7-4d5a-a965-a6338d016232: shutdown LeaderState
2019-11-14 12:42:03,316 [grpc-default-executor-3] INFO  impl.PendingRequests (PendingRequests.java:sendNotLeaderResponses(206)) - c6685414-dbf7-4d5a-a965-a6338d016232@group-83A055A99A4A-PendingRequests: sendNotLeaderResponses
2019-11-14 12:42:03,316 [grpc-default-executor-3] INFO  impl.StateMachineUpdater (StateMachineUpdater.java:stopAndJoin(136)) - c6685414-dbf7-4d5a-a965-a6338d016232@group-83A055A99A4A-StateMachineUpdater: set stopIndex = 0
2019-11-14 12:42:03,316 [grpc-default-executor-3] INFO  impl.RaftServerImpl (ServerState.java:close(387)) - c6685414-dbf7-4d5a-a965-a6338d016232@group-83A055A99A4A: closes. applyIndex: 0
2019-11-14 12:42:03,316 [c6685414-dbf7-4d5a-a965-a6338d016232@group-83A055A99A4A-SegmentedRaftLogWorker] INFO  segmented.SegmentedRaftLogWorker (SegmentedRaftLogWorker.java:run(316)) - c6685414-dbf7-4d5a-a965-a6338d016232@group-83A055A99A4A-SegmentedRaftLogWorker was interrupted, exiting. There are 0 tasks remaining in the queue.
2019-11-14 12:42:03,316 [grpc-default-executor-3] INFO  segmented.SegmentedRaftLogWorker (SegmentedRaftLogWorker.java:close(224)) - c6685414-dbf7-4d5a-a965-a6338d016232@group-83A055A99A4A-SegmentedRaftLogWorker close()
2019-11-14 12:42:03,318 [Thread-3929] INFO  pipeline.PipelineStateManager (PipelineStateManager.java:removePipeline(106)) - Pipeline Pipeline[ Id: 73c667c6-f858-4f99-9297-83a055a99a4a, Nodes: c6685414-dbf7-4d5a-a965-a6338d016232{ip: 192.168.34.21, host: pr-hdds-2481-nxhrh-893604966, networkLocation: /rack1, certSerialId: null}, Type:RATIS, Factor:ONE, State:CLOSED] removed from db
2019-11-14 12:42:03,319 [Thread-3929] INFO  pipeline.SCMPipelineManager (SCMPipelineManager.java:finalizeAndDestroyPipeline(315)) - destroying pipeline:Pipeline[ Id: 19654a03-8370-4649-9e69-9dbb397b468f, Nodes: c5630dbc-d159-4e74-a046-1b52429c3a82{ip: 192.168.34.21, host: pr-hdds-2481-nxhrh-893604966, networkLocation: /rack1, certSerialId: null}014ed27e-4853-41cc-a50c-9de7527fd6a0{ip: 192.168.34.21, host: pr-hdds-2481-nxhrh-893604966, networkLocation: /rack1, certSerialId: null}0ff44171-e26a-4ef7-8f26-7a0f9c51011c{ip: 192.168.34.21, host: pr-hdds-2481-nxhrh-893604966, networkLocation: /rack1, certSerialId: null}, Type:RATIS, Factor:THREE, State:OPEN]
2019-11-14 12:42:03,331 [grpc-default-executor-3] INFO  impl.RaftServerProxy (RaftServerProxy.java:addNew(89)) - c6685414-dbf7-4d5a-a965-a6338d016232: addNew group-A047A89F5515:[c6685414-dbf7-4d5a-a965-a6338d016232:192.168.34.21:36095] returns group-A047A89F5515:java.util.concurrent.CompletableFuture@6f10185a[Not completed]
2019-11-14 12:42:03,331 [pool-559-thread-1] INFO  impl.RaftServerImpl (RaftServerImpl.java:<init>(98)) - c6685414-dbf7-4d5a-a965-a6338d016232: new RaftServerImpl for group-A047A89F5515:[c6685414-dbf7-4d5a-a965-a6338d016232:192.168.34.21:36095] with ContainerStateMachine:uninitialized
2019-11-14 12:42:03,331 [pool-559-thread-1] INFO  server.RaftServerConfigKeys (ConfUtils.java:logGet(43)) - raft.server.rpc.timeout.min = 1s (custom)
2019-11-14 12:42:03,332 [pool-559-thread-1] INFO  server.RaftServerConfigKeys (ConfUtils.java:logGet(43)) - raft.server.rpc.timeout.max = 1200ms (custom)
2019-11-14 12:42:03,332 [pool-559-thread-1] INFO  server.RaftServerConfigKeys (ConfUtils.java:logGet(43)) - raft.server.rpcslowness.timeout = 120s (custom)
2019-11-14 12:42:03,332 [pool-559-thread-1] INFO  server.RaftServerConfigKeys (ConfUtils.java:logGet(43)) - raft.server.sleep.deviation.threshold = 300 (default)
2019-11-14 12:42:03,332 [pool-559-thread-1] INFO  server.RaftServerConfigKeys (ConfUtils.java:logGet(43)) - raft.server.log.appender.install.snapshot.enabled = false (custom)
2019-11-14 12:42:03,332 [pool-559-thread-1] INFO  impl.RaftServerImpl (ServerState.java:<init>(103)) - c6685414-dbf7-4d5a-a965-a6338d016232@group-A047A89F5515: ConfigurationManager, init=-1: [c6685414-dbf7-4d5a-a965-a6338d016232:192.168.34.21:36095], old=null, confs=<EMPTY_MAP>
2019-11-14 12:42:03,332 [pool-559-thread-1] INFO  server.RaftServerConfigKeys (ConfUtils.java:logGet(43)) - raft.server.storage.dir = [/workdir/hadoop-ozone/integration-test/target/test-dir/MiniOzoneClusterImpl-00c2d61f-fa45-4119-a3b8-446fff627119/datanode-5/data/ratis] (custom)
2019-11-14 12:42:03,332 [pool-559-thread-1] INFO  server.RaftServerConfigKeys (ConfUtils.java:logGet(43)) - raft.server.log.corruption.policy = EXCEPTION (default)
2019-11-14 12:42:03,332 [pool-559-thread-1] INFO  storage.RaftStorageDirectory (RaftStorageDirectory.java:analyzeStorage(246)) - The storage directory /workdir/hadoop-ozone/integration-test/target/test-dir/MiniOzoneClusterImpl-00c2d61f-fa45-4119-a3b8-446fff627119/datanode-5/data/ratis/f6a5cc23-44c8-4500-bd3a-a047a89f5515 does not exist. Creating ...
2019-11-14 12:42:03,343 [pool-559-thread-1] INFO  storage.RaftStorageDirectory (RaftStorageDirectory.java:tryLock(328)) - Lock on /workdir/hadoop-ozone/integration-test/target/test-dir/MiniOzoneClusterImpl-00c2d61f-fa45-4119-a3b8-446fff627119/datanode-5/data/ratis/f6a5cc23-44c8-4500-bd3a-a047a89f5515/in_use.lock acquired by nodename 27294@pr-hdds-2481-nxhrh-893604966
2019-11-14 12:42:03,355 [pool-559-thread-1] INFO  storage.RaftStorage (RaftStorage.java:format(84)) - Storage directory /workdir/hadoop-ozone/integration-test/target/test-dir/MiniOzoneClusterImpl-00c2d61f-fa45-4119-a3b8-446fff627119/datanode-5/data/ratis/f6a5cc23-44c8-4500-bd3a-a047a89f5515 has been successfully formatted.
2019-11-14 12:42:03,355 [pool-559-thread-1] INFO  ratis.ContainerStateMachine (ContainerStateMachine.java:loadSnapshot(223)) - group-A047A89F5515: The snapshot info is null. Setting the last applied indexto:(t:0, i:~)
2019-11-14 12:42:03,356 [pool-559-thread-1] INFO  server.RaftServerConfigKeys (ConfUtils.java:logGet(43)) - raft.server.notification.no-leader.timeout = 120s (custom)
2019-11-14 12:42:03,356 [pool-559-thread-1] INFO  server.RaftServerConfigKeys (ConfUtils.java:logGet(43)) - raft.server.log.use.memory = false (default)
2019-11-14 12:42:03,356 [pool-559-thread-1] INFO  server.RaftServerConfigKeys (ConfUtils.java:logGet(43)) - raft.server.log.purge.gap = 1000000 (custom)
2019-11-14 12:42:03,356 [pool-559-thread-1] INFO  server.RaftServerConfigKeys (ConfUtils.java:logGet(43)) - raft.server.log.appender.buffer.byte-limit = 33554432 (custom)
2019-11-14 12:42:03,356 [pool-559-thread-1] INFO  server.RaftServerConfigKeys (ConfUtils.java:logGet(43)) - raft.server.log.segment.size.max = 1048576 (custom)
2019-11-14 12:42:03,356 [pool-559-thread-1] INFO  server.RaftServerConfigKeys (ConfUtils.java:logGet(43)) - raft.server.log.segment.cache.num.max = 2 (custom)
2019-11-14 12:42:03,356 [pool-559-thread-1] INFO  segmented.SegmentedRaftLogWorker (SegmentedRaftLogWorker.java:<init>(173)) - new c6685414-dbf7-4d5a-a965-a6338d016232@group-A047A89F5515-SegmentedRaftLogWorker for RaftStorage:Storage Directory /workdir/hadoop-ozone/integration-test/target/test-dir/MiniOzoneClusterImpl-00c2d61f-fa45-4119-a3b8-446fff627119/datanode-5/data/ratis/f6a5cc23-44c8-4500-bd3a-a047a89f5515
2019-11-14 12:42:03,356 [pool-559-thread-1] INFO  server.RaftServerConfigKeys (ConfUtils.java:logGet(43)) - raft.server.log.queue.byte-limit = 2147483647 (custom)
2019-11-14 12:42:03,356 [pool-559-thread-1] INFO  server.RaftServerConfigKeys (ConfUtils.java:logGet(43)) - raft.server.log.queue.element-limit = 1024 (custom)
2019-11-14 12:42:03,356 [pool-559-thread-1] INFO  server.RaftServerConfigKeys (ConfUtils.java:logGet(43)) - raft.server.log.segment.size.max = 1048576 (custom)
2019-11-14 12:42:03,356 [pool-559-thread-1] INFO  server.RaftServerConfigKeys (ConfUtils.java:logGet(43)) - raft.server.log.preallocated.size = 16384 (custom)
2019-11-14 12:42:03,356 [pool-559-thread-1] INFO  server.RaftServerConfigKeys (ConfUtils.java:logGet(43)) - raft.server.log.write.buffer.size = 33554432 (custom)
2019-11-14 12:42:03,356 [pool-559-thread-1] INFO  server.RaftServerConfigKeys (ConfUtils.java:logGet(43)) - raft.server.log.force.sync.num = 128 (default)
2019-11-14 12:42:03,357 [pool-559-thread-1] INFO  server.RaftServerConfigKeys (ConfUtils.java:logGet(43)) - raft.server.log.statemachine.data.sync = true (default)
2019-11-14 12:42:03,357 [pool-559-thread-1] INFO  server.RaftServerConfigKeys (ConfUtils.java:logGet(43)) - raft.server.log.statemachine.data.sync.timeout = 10s (default)
2019-11-14 12:42:03,357 [pool-559-thread-1] INFO  server.RaftServerConfigKeys (ConfUtils.java:logGet(43)) - raft.server.log.statemachine.data.sync.timeout.retry = -1 (default)
2019-11-14 12:42:03,357 [pool-559-thread-1] INFO  server.RaftServerConfigKeys (ConfUtils.java:logGet(43)) - raft.server.log.statemachine.data.caching.enabled = true (custom)
2019-11-14 12:42:03,357 [pool-559-thread-1] INFO  segmented.SegmentedRaftLogWorker (SegmentedRaftLogWorker.java:lambda$new$0(128)) - c6685414-dbf7-4d5a-a965-a6338d016232@group-A047A89F5515-SegmentedRaftLogWorker: flushIndex: setUnconditionally 0 -> -1
2019-11-14 12:42:03,357 [pool-559-thread-1] INFO  server.RaftServerConfigKeys (ConfUtils.java:logGet(43)) - raft.server.snapshot.auto.trigger.enabled = true (custom)
2019-11-14 12:42:03,357 [pool-559-thread-1] INFO  server.RaftServerConfigKeys (ConfUtils.java:logGet(43)) - raft.server.snapshot.auto.trigger.threshold = 10000 (custom)
2019-11-14 12:42:03,357 [pool-559-thread-1] INFO  server.RaftServerConfigKeys (ConfUtils.java:logGet(43)) - raft.server.snapshot.retention.file.num = 5 (custom)
2019-11-14 12:42:03,357 [pool-559-thread-1] INFO  server.RaftServerConfigKeys (ConfUtils.java:logGet(43)) - raft.server.retrycache.expirytime = 600000ms (custom)
2019-11-14 12:42:03,358 [pool-559-thread-1] WARN  impl.MetricRegistriesImpl (MetricRegistriesImpl.java:lambda$create$1(61)) - First MetricRegistry has been created without registering reporters. You may need to call MetricRegistries.global().addReportRegistration(...) before.
2019-11-14 12:42:03,358 [pool-559-thread-1] WARN  impl.MetricRegistriesImpl (MetricRegistriesImpl.java:lambda$create$1(61)) - First MetricRegistry has been created without registering reporters. You may need to call MetricRegistries.global().addReportRegistration(...) before.
2019-11-14 12:42:03,358 [pool-559-thread-1] INFO  impl.RaftServerImpl (RaftServerImpl.java:start(184)) - c6685414-dbf7-4d5a-a965-a6338d016232@group-A047A89F5515: start as a follower, conf=-1: [c6685414-dbf7-4d5a-a965-a6338d016232:192.168.34.21:36095], old=null
2019-11-14 12:42:03,358 [pool-559-thread-1] INFO  impl.RaftServerImpl (RaftServerImpl.java:setRole(173)) - c6685414-dbf7-4d5a-a965-a6338d016232@group-A047A89F5515: changes role from      null to FOLLOWER at term 0 for startAsFollower
2019-11-14 12:42:03,358 [pool-559-thread-1] INFO  impl.RoleInfo (RoleInfo.java:updateAndGet(143)) - c6685414-dbf7-4d5a-a965-a6338d016232: start FollowerState
2019-11-14 12:42:03,358 [pool-559-thread-1] INFO  util.JmxRegister (JmxRegister.java:tryRegister(44)) - Successfully registered JMX Bean with object name Ratis:service=RaftServer,group=group-A047A89F5515,id=c6685414-dbf7-4d5a-a965-a6338d016232
2019-11-14 12:42:03,358 [pool-559-thread-1] WARN  impl.MetricRegistriesImpl (MetricRegistriesImpl.java:lambda$create$1(61)) - First MetricRegistry has been created without registering reporters. You may need to call MetricRegistries.global().addReportRegistration(...) before.
2019-11-14 12:42:03,360 [RatisPipelineUtilsThread] INFO  pipeline.PipelineStateManager (PipelineStateManager.java:addPipeline(55)) - Created pipeline Pipeline[ Id: f6a5cc23-44c8-4500-bd3a-a047a89f5515, Nodes: c6685414-dbf7-4d5a-a965-a6338d016232{ip: 192.168.34.21, host: pr-hdds-2481-nxhrh-893604966, networkLocation: /rack1, certSerialId: null}, Type:RATIS, Factor:ONE, State:ALLOCATED]
2019-11-14 12:42:03,361 [Thread-3929] INFO  pipeline.PipelineStateManager (PipelineStateManager.java:finalizePipeline(121)) - Pipeline Pipeline[ Id: 19654a03-8370-4649-9e69-9dbb397b468f, Nodes: c5630dbc-d159-4e74-a046-1b52429c3a82{ip: 192.168.34.21, host: pr-hdds-2481-nxhrh-893604966, networkLocation: /rack1, certSerialId: null}014ed27e-4853-41cc-a50c-9de7527fd6a0{ip: 192.168.34.21, host: pr-hdds-2481-nxhrh-893604966, networkLocation: /rack1, certSerialId: null}0ff44171-e26a-4ef7-8f26-7a0f9c51011c{ip: 192.168.34.21, host: pr-hdds-2481-nxhrh-893604966, networkLocation: /rack1, certSerialId: null}, Type:RATIS, Factor:THREE, State:CLOSED] moved to CLOSED state
2019-11-14 12:42:03,363 [grpc-default-executor-3] INFO  impl.RaftServerProxy (RaftServerProxy.java:remove(95)) - c5630dbc-d159-4e74-a046-1b52429c3a82: remove    LEADER c5630dbc-d159-4e74-a046-1b52429c3a82@group-9DBB397B468F:t1, leader=c5630dbc-d159-4e74-a046-1b52429c3a82, voted=c5630dbc-d159-4e74-a046-1b52429c3a82, raftlog=c5630dbc-d159-4e74-a046-1b52429c3a82@group-9DBB397B468F-SegmentedRaftLog:OPENED:c0,f0,i0, conf=0: [0ff44171-e26a-4ef7-8f26-7a0f9c51011c:192.168.34.21:43866, 014ed27e-4853-41cc-a50c-9de7527fd6a0:192.168.34.21:41029, c5630dbc-d159-4e74-a046-1b52429c3a82:192.168.34.21:34180], old=null RUNNING
2019-11-14 12:42:03,363 [grpc-default-executor-3] INFO  impl.RaftServerImpl (RaftServerImpl.java:lambda$shutdown$3(250)) - c5630dbc-d159-4e74-a046-1b52429c3a82@group-9DBB397B468F: shutdown
2019-11-14 12:42:03,364 [grpc-default-executor-3] INFO  util.JmxRegister (JmxRegister.java:unregister(73)) - Successfully un-registered JMX Bean with object name Ratis:service=RaftServer,group=group-9DBB397B468F,id=c5630dbc-d159-4e74-a046-1b52429c3a82
2019-11-14 12:42:03,364 [grpc-default-executor-3] INFO  impl.RoleInfo (RoleInfo.java:shutdownLeaderState(104)) - c5630dbc-d159-4e74-a046-1b52429c3a82: shutdown LeaderState
2019-11-14 12:42:03,369 [grpc-default-executor-3] INFO  impl.PendingRequests (PendingRequests.java:sendNotLeaderResponses(206)) - c5630dbc-d159-4e74-a046-1b52429c3a82@group-9DBB397B468F-PendingRequests: sendNotLeaderResponses
2019-11-14 12:42:03,369 [org.apache.ratis.server.impl.LogAppender$AppenderDaemon$$Lambda$429/1552770716@4dc7b74a] WARN  server.GrpcLogAppender (GrpcLogAppender.java:mayWait(151)) - c5630dbc-d159-4e74-a046-1b52429c3a82@group-9DBB397B468F->0ff44171-e26a-4ef7-8f26-7a0f9c51011c-GrpcLogAppender: Wait interrupted by java.lang.InterruptedException
2019-11-14 12:42:03,369 [org.apache.ratis.server.impl.LogAppender$AppenderDaemon$$Lambda$429/1552770716@8c52096] WARN  server.GrpcLogAppender (GrpcLogAppender.java:mayWait(151)) - c5630dbc-d159-4e74-a046-1b52429c3a82@group-9DBB397B468F->014ed27e-4853-41cc-a50c-9de7527fd6a0-GrpcLogAppender: Wait interrupted by java.lang.InterruptedException
2019-11-14 12:42:03,369 [grpc-default-executor-3] INFO  impl.StateMachineUpdater (StateMachineUpdater.java:stopAndJoin(136)) - c5630dbc-d159-4e74-a046-1b52429c3a82@group-9DBB397B468F-StateMachineUpdater: set stopIndex = 0
2019-11-14 12:42:03,369 [grpc-default-executor-3] INFO  impl.RaftServerImpl (ServerState.java:close(387)) - c5630dbc-d159-4e74-a046-1b52429c3a82@group-9DBB397B468F: closes. applyIndex: 0
2019-11-14 12:42:03,369 [grpc-default-executor-7] INFO  server.GrpcServerProtocolService (GrpcServerProtocolService.java:onCompleted(113)) - 0ff44171-e26a-4ef7-8f26-7a0f9c51011c: Completed APPEND_ENTRIES, lastRequest: c5630dbc-d159-4e74-a046-1b52429c3a82->0ff44171-e26a-4ef7-8f26-7a0f9c51011c#4-t1, previous=(t:1, i:0), leaderCommit=0, initializing? false, entries: <empty>
2019-11-14 12:42:03,369 [grpc-default-executor-1] INFO  server.GrpcServerProtocolService (GrpcServerProtocolService.java:onCompleted(113)) - 014ed27e-4853-41cc-a50c-9de7527fd6a0: Completed APPEND_ENTRIES, lastRequest: c5630dbc-d159-4e74-a046-1b52429c3a82->014ed27e-4853-41cc-a50c-9de7527fd6a0#4-t1, previous=(t:1, i:0), leaderCommit=0, initializing? false, entries: <empty>
2019-11-14 12:42:03,369 [c5630dbc-d159-4e74-a046-1b52429c3a82@group-9DBB397B468F-SegmentedRaftLogWorker] INFO  segmented.SegmentedRaftLogWorker (SegmentedRaftLogWorker.java:run(316)) - c5630dbc-d159-4e74-a046-1b52429c3a82@group-9DBB397B468F-SegmentedRaftLogWorker was interrupted, exiting. There are 0 tasks remaining in the queue.
2019-11-14 12:42:03,370 [grpc-default-executor-5] INFO  server.GrpcLogAppender (GrpcLogAppender.java:onCompleted(308)) - c5630dbc-d159-4e74-a046-1b52429c3a82@group-9DBB397B468F->0ff44171-e26a-4ef7-8f26-7a0f9c51011c-AppendLogResponseHandler: follower responses appendEntries COMPLETED
2019-11-14 12:42:03,370 [grpc-default-executor-3] INFO  segmented.SegmentedRaftLogWorker (SegmentedRaftLogWorker.java:close(224)) - c5630dbc-d159-4e74-a046-1b52429c3a82@group-9DBB397B468F-SegmentedRaftLogWorker close()
2019-11-14 12:42:03,370 [grpc-default-executor-1] INFO  server.GrpcLogAppender (GrpcLogAppender.java:onCompleted(308)) - c5630dbc-d159-4e74-a046-1b52429c3a82@group-9DBB397B468F->014ed27e-4853-41cc-a50c-9de7527fd6a0-AppendLogResponseHandler: follower responses appendEntries COMPLETED
2019-11-14 12:42:03,370 [grpc-default-executor-5] INFO  impl.FollowerInfo (FollowerInfo.java:lambda$new$0(51)) - c5630dbc-d159-4e74-a046-1b52429c3a82@group-9DBB397B468F->0ff44171-e26a-4ef7-8f26-7a0f9c51011c: nextIndex: updateUnconditionally 1 -> 0
2019-11-14 12:42:03,370 [grpc-default-executor-1] INFO  impl.FollowerInfo (FollowerInfo.java:lambda$new$0(51)) - c5630dbc-d159-4e74-a046-1b52429c3a82@group-9DBB397B468F->014ed27e-4853-41cc-a50c-9de7527fd6a0: nextIndex: updateUnconditionally 1 -> 0
2019-11-14 12:42:03,373 [grpc-default-executor-3] INFO  impl.RaftServerProxy (RaftServerProxy.java:remove(95)) - 014ed27e-4853-41cc-a50c-9de7527fd6a0: remove  FOLLOWER 014ed27e-4853-41cc-a50c-9de7527fd6a0@group-9DBB397B468F:t1, leader=c5630dbc-d159-4e74-a046-1b52429c3a82, voted=c5630dbc-d159-4e74-a046-1b52429c3a82, raftlog=014ed27e-4853-41cc-a50c-9de7527fd6a0@group-9DBB397B468F-SegmentedRaftLog:OPENED:c0,f0,i0, conf=0: [0ff44171-e26a-4ef7-8f26-7a0f9c51011c:192.168.34.21:43866, 014ed27e-4853-41cc-a50c-9de7527fd6a0:192.168.34.21:41029, c5630dbc-d159-4e74-a046-1b52429c3a82:192.168.34.21:34180], old=null RUNNING
2019-11-14 12:42:03,373 [grpc-default-executor-3] INFO  impl.RaftServerImpl (RaftServerImpl.java:lambda$shutdown$3(250)) - 014ed27e-4853-41cc-a50c-9de7527fd6a0@group-9DBB397B468F: shutdown
2019-11-14 12:42:03,373 [grpc-default-executor-3] INFO  util.JmxRegister (JmxRegister.java:unregister(73)) - Successfully un-registered JMX Bean with object name Ratis:service=RaftServer,group=group-9DBB397B468F,id=014ed27e-4853-41cc-a50c-9de7527fd6a0
2019-11-14 12:42:03,373 [grpc-default-executor-3] INFO  impl.RoleInfo (RoleInfo.java:shutdownFollowerState(121)) - 014ed27e-4853-41cc-a50c-9de7527fd6a0: shutdown FollowerState
2019-11-14 12:42:03,373 [grpc-default-executor-3] INFO  impl.StateMachineUpdater (StateMachineUpdater.java:stopAndJoin(136)) - 014ed27e-4853-41cc-a50c-9de7527fd6a0@group-9DBB397B468F-StateMachineUpdater: set stopIndex = 0
2019-11-14 12:42:03,374 [Thread-4038] INFO  impl.FollowerState (FollowerState.java:run(120)) - 014ed27e-4853-41cc-a50c-9de7527fd6a0@group-9DBB397B468F-FollowerState was interrupted: java.lang.InterruptedException: sleep interrupted
2019-11-14 12:42:03,374 [grpc-default-executor-3] INFO  impl.RaftServerImpl (ServerState.java:close(387)) - 014ed27e-4853-41cc-a50c-9de7527fd6a0@group-9DBB397B468F: closes. applyIndex: 0
2019-11-14 12:42:03,374 [014ed27e-4853-41cc-a50c-9de7527fd6a0@group-9DBB397B468F-SegmentedRaftLogWorker] INFO  segmented.SegmentedRaftLogWorker (SegmentedRaftLogWorker.java:run(316)) - 014ed27e-4853-41cc-a50c-9de7527fd6a0@group-9DBB397B468F-SegmentedRaftLogWorker was interrupted, exiting. There are 0 tasks remaining in the queue.
2019-11-14 12:42:03,374 [grpc-default-executor-3] INFO  segmented.SegmentedRaftLogWorker (SegmentedRaftLogWorker.java:close(224)) - 014ed27e-4853-41cc-a50c-9de7527fd6a0@group-9DBB397B468F-SegmentedRaftLogWorker close()
2019-11-14 12:42:03,377 [grpc-default-executor-3] INFO  impl.RaftServerProxy (RaftServerProxy.java:remove(95)) - 0ff44171-e26a-4ef7-8f26-7a0f9c51011c: remove  FOLLOWER 0ff44171-e26a-4ef7-8f26-7a0f9c51011c@group-9DBB397B468F:t1, leader=c5630dbc-d159-4e74-a046-1b52429c3a82, voted=0ff44171-e26a-4ef7-8f26-7a0f9c51011c, raftlog=0ff44171-e26a-4ef7-8f26-7a0f9c51011c@group-9DBB397B468F-SegmentedRaftLog:OPENED:c0,f0,i0, conf=0: [0ff44171-e26a-4ef7-8f26-7a0f9c51011c:192.168.34.21:43866, 014ed27e-4853-41cc-a50c-9de7527fd6a0:192.168.34.21:41029, c5630dbc-d159-4e74-a046-1b52429c3a82:192.168.34.21:34180], old=null RUNNING
2019-11-14 12:42:03,377 [grpc-default-executor-3] INFO  impl.RaftServerImpl (RaftServerImpl.java:lambda$shutdown$3(250)) - 0ff44171-e26a-4ef7-8f26-7a0f9c51011c@group-9DBB397B468F: shutdown
2019-11-14 12:42:03,377 [grpc-default-executor-3] INFO  util.JmxRegister (JmxRegister.java:unregister(73)) - Successfully un-registered JMX Bean with object name Ratis:service=RaftServer,group=group-9DBB397B468F,id=0ff44171-e26a-4ef7-8f26-7a0f9c51011c
2019-11-14 12:42:03,377 [grpc-default-executor-3] INFO  impl.RoleInfo (RoleInfo.java:shutdownFollowerState(121)) - 0ff44171-e26a-4ef7-8f26-7a0f9c51011c: shutdown FollowerState
2019-11-14 12:42:03,378 [grpc-default-executor-3] INFO  impl.StateMachineUpdater (StateMachineUpdater.java:stopAndJoin(136)) - 0ff44171-e26a-4ef7-8f26-7a0f9c51011c@group-9DBB397B468F-StateMachineUpdater: set stopIndex = 0
2019-11-14 12:42:03,378 [Thread-4039] INFO  impl.FollowerState (FollowerState.java:run(120)) - 0ff44171-e26a-4ef7-8f26-7a0f9c51011c@group-9DBB397B468F-FollowerState was interrupted: java.lang.InterruptedException: sleep interrupted
2019-11-14 12:42:03,378 [grpc-default-executor-3] INFO  impl.RaftServerImpl (ServerState.java:close(387)) - 0ff44171-e26a-4ef7-8f26-7a0f9c51011c@group-9DBB397B468F: closes. applyIndex: 0
2019-11-14 12:42:03,378 [0ff44171-e26a-4ef7-8f26-7a0f9c51011c@group-9DBB397B468F-SegmentedRaftLogWorker] INFO  segmented.SegmentedRaftLogWorker (SegmentedRaftLogWorker.java:run(316)) - 0ff44171-e26a-4ef7-8f26-7a0f9c51011c@group-9DBB397B468F-SegmentedRaftLogWorker was interrupted, exiting. There are 0 tasks remaining in the queue.
2019-11-14 12:42:03,378 [grpc-default-executor-3] INFO  segmented.SegmentedRaftLogWorker (SegmentedRaftLogWorker.java:close(224)) - 0ff44171-e26a-4ef7-8f26-7a0f9c51011c@group-9DBB397B468F-SegmentedRaftLogWorker close()
2019-11-14 12:42:03,380 [Thread-3929] INFO  pipeline.PipelineStateManager (PipelineStateManager.java:removePipeline(106)) - Pipeline Pipeline[ Id: 19654a03-8370-4649-9e69-9dbb397b468f, Nodes: c5630dbc-d159-4e74-a046-1b52429c3a82{ip: 192.168.34.21, host: pr-hdds-2481-nxhrh-893604966, networkLocation: /rack1, certSerialId: null}014ed27e-4853-41cc-a50c-9de7527fd6a0{ip: 192.168.34.21, host: pr-hdds-2481-nxhrh-893604966, networkLocation: /rack1, certSerialId: null}0ff44171-e26a-4ef7-8f26-7a0f9c51011c{ip: 192.168.34.21, host: pr-hdds-2481-nxhrh-893604966, networkLocation: /rack1, certSerialId: null}, Type:RATIS, Factor:THREE, State:CLOSED] removed from db
2019-11-14 12:42:03,380 [Thread-3929] INFO  pipeline.SCMPipelineManager (SCMPipelineManager.java:finalizeAndDestroyPipeline(315)) - destroying pipeline:Pipeline[ Id: ae5c27a3-cc76-452b-b9dc-99da77894c70, Nodes: 14503c04-9730-4ca2-acd0-60a84a10fce0{ip: 192.168.34.21, host: pr-hdds-2481-nxhrh-893604966, networkLocation: /rack1, certSerialId: null}, Type:RATIS, Factor:ONE, State:OPEN]
2019-11-14 12:42:03,382 [grpc-default-executor-1] INFO  impl.RaftServerProxy (RaftServerProxy.java:addNew(89)) - 014ed27e-4853-41cc-a50c-9de7527fd6a0: addNew group-76310EEA3ACC:[0ff44171-e26a-4ef7-8f26-7a0f9c51011c:192.168.34.21:43866, 014ed27e-4853-41cc-a50c-9de7527fd6a0:192.168.34.21:41029, c5630dbc-d159-4e74-a046-1b52429c3a82:192.168.34.21:34180] returns group-76310EEA3ACC:java.util.concurrent.CompletableFuture@445c8b6e[Not completed]
2019-11-14 12:42:03,382 [grpc-default-executor-5] INFO  impl.RaftServerProxy (RaftServerProxy.java:addNew(89)) - c5630dbc-d159-4e74-a046-1b52429c3a82: addNew group-76310EEA3ACC:[0ff44171-e26a-4ef7-8f26-7a0f9c51011c:192.168.34.21:43866, 014ed27e-4853-41cc-a50c-9de7527fd6a0:192.168.34.21:41029, c5630dbc-d159-4e74-a046-1b52429c3a82:192.168.34.21:34180] returns group-76310EEA3ACC:java.util.concurrent.CompletableFuture@3653ecc5[Not completed]
2019-11-14 12:42:03,383 [grpc-default-executor-3] INFO  impl.RaftServerProxy (RaftServerProxy.java:addNew(89)) - 0ff44171-e26a-4ef7-8f26-7a0f9c51011c: addNew group-76310EEA3ACC:[0ff44171-e26a-4ef7-8f26-7a0f9c51011c:192.168.34.21:43866, 014ed27e-4853-41cc-a50c-9de7527fd6a0:192.168.34.21:41029, c5630dbc-d159-4e74-a046-1b52429c3a82:192.168.34.21:34180] returns group-76310EEA3ACC:java.util.concurrent.CompletableFuture@402cf59[Not completed]
2019-11-14 12:42:03,384 [pool-579-thread-1] INFO  impl.RaftServerImpl (RaftServerImpl.java:<init>(98)) - c5630dbc-d159-4e74-a046-1b52429c3a82: new RaftServerImpl for group-76310EEA3ACC:[0ff44171-e26a-4ef7-8f26-7a0f9c51011c:192.168.34.21:43866, 014ed27e-4853-41cc-a50c-9de7527fd6a0:192.168.34.21:41029, c5630dbc-d159-4e74-a046-1b52429c3a82:192.168.34.21:34180] with ContainerStateMachine:uninitialized
2019-11-14 12:42:03,384 [pool-579-thread-1] INFO  server.RaftServerConfigKeys (ConfUtils.java:logGet(43)) - raft.server.rpc.timeout.min = 1s (custom)
2019-11-14 12:42:03,384 [pool-579-thread-1] INFO  server.RaftServerConfigKeys (ConfUtils.java:logGet(43)) - raft.server.rpc.timeout.max = 1200ms (custom)
2019-11-14 12:42:03,384 [pool-579-thread-1] INFO  server.RaftServerConfigKeys (ConfUtils.java:logGet(43)) - raft.server.rpcslowness.timeout = 120s (custom)
2019-11-14 12:42:03,384 [pool-579-thread-1] INFO  server.RaftServerConfigKeys (ConfUtils.java:logGet(43)) - raft.server.sleep.deviation.threshold = 300 (default)
2019-11-14 12:42:03,384 [pool-579-thread-1] INFO  server.RaftServerConfigKeys (ConfUtils.java:logGet(43)) - raft.server.log.appender.install.snapshot.enabled = false (custom)
2019-11-14 12:42:03,384 [pool-579-thread-1] INFO  impl.RaftServerImpl (ServerState.java:<init>(103)) - c5630dbc-d159-4e74-a046-1b52429c3a82@group-76310EEA3ACC: ConfigurationManager, init=-1: [0ff44171-e26a-4ef7-8f26-7a0f9c51011c:192.168.34.21:43866, 014ed27e-4853-41cc-a50c-9de7527fd6a0:192.168.34.21:41029, c5630dbc-d159-4e74-a046-1b52429c3a82:192.168.34.21:34180], old=null, confs=<EMPTY_MAP>
2019-11-14 12:42:03,384 [pool-599-thread-1] INFO  impl.RaftServerImpl (RaftServerImpl.java:<init>(98)) - 0ff44171-e26a-4ef7-8f26-7a0f9c51011c: new RaftServerImpl for group-76310EEA3ACC:[0ff44171-e26a-4ef7-8f26-7a0f9c51011c:192.168.34.21:43866, 014ed27e-4853-41cc-a50c-9de7527fd6a0:192.168.34.21:41029, c5630dbc-d159-4e74-a046-1b52429c3a82:192.168.34.21:34180] with ContainerStateMachine:uninitialized
2019-11-14 12:42:03,384 [pool-579-thread-1] INFO  server.RaftServerConfigKeys (ConfUtils.java:logGet(43)) - raft.server.storage.dir = [/workdir/hadoop-ozone/integration-test/target/test-dir/MiniOzoneClusterImpl-00c2d61f-fa45-4119-a3b8-446fff627119/datanode-7/data/ratis] (custom)
2019-11-14 12:42:03,384 [pool-599-thread-1] INFO  server.RaftServerConfigKeys (ConfUtils.java:logGet(43)) - raft.server.rpc.timeout.min = 1s (custom)
2019-11-14 12:42:03,384 [pool-589-thread-1] INFO  impl.RaftServerImpl (RaftServerImpl.java:<init>(98)) - 014ed27e-4853-41cc-a50c-9de7527fd6a0: new RaftServerImpl for group-76310EEA3ACC:[0ff44171-e26a-4ef7-8f26-7a0f9c51011c:192.168.34.21:43866, 014ed27e-4853-41cc-a50c-9de7527fd6a0:192.168.34.21:41029, c5630dbc-d159-4e74-a046-1b52429c3a82:192.168.34.21:34180] with ContainerStateMachine:uninitialized
2019-11-14 12:42:03,385 [pool-579-thread-1] INFO  server.RaftServerConfigKeys (ConfUtils.java:logGet(43)) - raft.server.log.corruption.policy = EXCEPTION (default)
2019-11-14 12:42:03,385 [pool-599-thread-1] INFO  server.RaftServerConfigKeys (ConfUtils.java:logGet(43)) - raft.server.rpc.timeout.max = 1200ms (custom)
2019-11-14 12:42:03,385 [pool-589-thread-1] INFO  server.RaftServerConfigKeys (ConfUtils.java:logGet(43)) - raft.server.rpc.timeout.min = 1s (custom)
2019-11-14 12:42:03,385 [pool-599-thread-1] INFO  server.RaftServerConfigKeys (ConfUtils.java:logGet(43)) - raft.server.rpcslowness.timeout = 120s (custom)
2019-11-14 12:42:03,385 [pool-579-thread-1] INFO  storage.RaftStorageDirectory (RaftStorageDirectory.java:analyzeStorage(246)) - The storage directory /workdir/hadoop-ozone/integration-test/target/test-dir/MiniOzoneClusterImpl-00c2d61f-fa45-4119-a3b8-446fff627119/datanode-7/data/ratis/5b38cbf0-a109-48f5-8756-76310eea3acc does not exist. Creating ...
2019-11-14 12:42:03,385 [pool-599-thread-1] INFO  server.RaftServerConfigKeys (ConfUtils.java:logGet(43)) - raft.server.sleep.deviation.threshold = 300 (default)
2019-11-14 12:42:03,385 [pool-589-thread-1] INFO  server.RaftServerConfigKeys (ConfUtils.java:logGet(43)) - raft.server.rpc.timeout.max = 1200ms (custom)
2019-11-14 12:42:03,385 [pool-599-thread-1] INFO  server.RaftServerConfigKeys (ConfUtils.java:logGet(43)) - raft.server.log.appender.install.snapshot.enabled = false (custom)
2019-11-14 12:42:03,385 [pool-589-thread-1] INFO  server.RaftServerConfigKeys (ConfUtils.java:logGet(43)) - raft.server.rpcslowness.timeout = 120s (custom)
2019-11-14 12:42:03,385 [pool-589-thread-1] INFO  server.RaftServerConfigKeys (ConfUtils.java:logGet(43)) - raft.server.sleep.deviation.threshold = 300 (default)
2019-11-14 12:42:03,385 [pool-599-thread-1] INFO  impl.RaftServerImpl (ServerState.java:<init>(103)) - 0ff44171-e26a-4ef7-8f26-7a0f9c51011c@group-76310EEA3ACC: ConfigurationManager, init=-1: [0ff44171-e26a-4ef7-8f26-7a0f9c51011c:192.168.34.21:43866, 014ed27e-4853-41cc-a50c-9de7527fd6a0:192.168.34.21:41029, c5630dbc-d159-4e74-a046-1b52429c3a82:192.168.34.21:34180], old=null, confs=<EMPTY_MAP>
2019-11-14 12:42:03,385 [pool-589-thread-1] INFO  server.RaftServerConfigKeys (ConfUtils.java:logGet(43)) - raft.server.log.appender.install.snapshot.enabled = false (custom)
2019-11-14 12:42:03,386 [pool-599-thread-1] INFO  server.RaftServerConfigKeys (ConfUtils.java:logGet(43)) - raft.server.storage.dir = [/workdir/hadoop-ozone/integration-test/target/test-dir/MiniOzoneClusterImpl-00c2d61f-fa45-4119-a3b8-446fff627119/datanode-9/data/ratis] (custom)
2019-11-14 12:42:03,386 [pool-589-thread-1] INFO  impl.RaftServerImpl (ServerState.java:<init>(103)) - 014ed27e-4853-41cc-a50c-9de7527fd6a0@group-76310EEA3ACC: ConfigurationManager, init=-1: [0ff44171-e26a-4ef7-8f26-7a0f9c51011c:192.168.34.21:43866, 014ed27e-4853-41cc-a50c-9de7527fd6a0:192.168.34.21:41029, c5630dbc-d159-4e74-a046-1b52429c3a82:192.168.34.21:34180], old=null, confs=<EMPTY_MAP>
2019-11-14 12:42:03,386 [pool-589-thread-1] INFO  server.RaftServerConfigKeys (ConfUtils.java:logGet(43)) - raft.server.storage.dir = [/workdir/hadoop-ozone/integration-test/target/test-dir/MiniOzoneClusterImpl-00c2d61f-fa45-4119-a3b8-446fff627119/datanode-8/data/ratis] (custom)
2019-11-14 12:42:03,386 [pool-599-thread-1] INFO  server.RaftServerConfigKeys (ConfUtils.java:logGet(43)) - raft.server.log.corruption.policy = EXCEPTION (default)
2019-11-14 12:42:03,386 [pool-589-thread-1] INFO  server.RaftServerConfigKeys (ConfUtils.java:logGet(43)) - raft.server.log.corruption.policy = EXCEPTION (default)
2019-11-14 12:42:03,386 [pool-599-thread-1] INFO  storage.RaftStorageDirectory (RaftStorageDirectory.java:analyzeStorage(246)) - The storage directory /workdir/hadoop-ozone/integration-test/target/test-dir/MiniOzoneClusterImpl-00c2d61f-fa45-4119-a3b8-446fff627119/datanode-9/data/ratis/5b38cbf0-a109-48f5-8756-76310eea3acc does not exist. Creating ...
2019-11-14 12:42:03,386 [pool-589-thread-1] INFO  storage.RaftStorageDirectory (RaftStorageDirectory.java:analyzeStorage(246)) - The storage directory /workdir/hadoop-ozone/integration-test/target/test-dir/MiniOzoneClusterImpl-00c2d61f-fa45-4119-a3b8-446fff627119/datanode-8/data/ratis/5b38cbf0-a109-48f5-8756-76310eea3acc does not exist. Creating ...
2019-11-14 12:42:03,399 [pool-589-thread-1] INFO  storage.RaftStorageDirectory (RaftStorageDirectory.java:tryLock(328)) - Lock on /workdir/hadoop-ozone/integration-test/target/test-dir/MiniOzoneClusterImpl-00c2d61f-fa45-4119-a3b8-446fff627119/datanode-8/data/ratis/5b38cbf0-a109-48f5-8756-76310eea3acc/in_use.lock acquired by nodename 27294@pr-hdds-2481-nxhrh-893604966
2019-11-14 12:42:03,399 [pool-599-thread-1] INFO  storage.RaftStorageDirectory (RaftStorageDirectory.java:tryLock(328)) - Lock on /workdir/hadoop-ozone/integration-test/target/test-dir/MiniOzoneClusterImpl-00c2d61f-fa45-4119-a3b8-446fff627119/datanode-9/data/ratis/5b38cbf0-a109-48f5-8756-76310eea3acc/in_use.lock acquired by nodename 27294@pr-hdds-2481-nxhrh-893604966
2019-11-14 12:42:03,399 [pool-579-thread-1] INFO  storage.RaftStorageDirectory (RaftStorageDirectory.java:tryLock(328)) - Lock on /workdir/hadoop-ozone/integration-test/target/test-dir/MiniOzoneClusterImpl-00c2d61f-fa45-4119-a3b8-446fff627119/datanode-7/data/ratis/5b38cbf0-a109-48f5-8756-76310eea3acc/in_use.lock acquired by nodename 27294@pr-hdds-2481-nxhrh-893604966
2019-11-14 12:42:03,413 [pool-599-thread-1] INFO  storage.RaftStorage (RaftStorage.java:format(84)) - Storage directory /workdir/hadoop-ozone/integration-test/target/test-dir/MiniOzoneClusterImpl-00c2d61f-fa45-4119-a3b8-446fff627119/datanode-9/data/ratis/5b38cbf0-a109-48f5-8756-76310eea3acc has been successfully formatted.
2019-11-14 12:42:03,413 [pool-579-thread-1] INFO  storage.RaftStorage (RaftStorage.java:format(84)) - Storage directory /workdir/hadoop-ozone/integration-test/target/test-dir/MiniOzoneClusterImpl-00c2d61f-fa45-4119-a3b8-446fff627119/datanode-7/data/ratis/5b38cbf0-a109-48f5-8756-76310eea3acc has been successfully formatted.
2019-11-14 12:42:03,413 [pool-589-thread-1] INFO  storage.RaftStorage (RaftStorage.java:format(84)) - Storage directory /workdir/hadoop-ozone/integration-test/target/test-dir/MiniOzoneClusterImpl-00c2d61f-fa45-4119-a3b8-446fff627119/datanode-8/data/ratis/5b38cbf0-a109-48f5-8756-76310eea3acc has been successfully formatted.
2019-11-14 12:42:03,413 [pool-599-thread-1] INFO  ratis.ContainerStateMachine (ContainerStateMachine.java:loadSnapshot(223)) - group-76310EEA3ACC: The snapshot info is null. Setting the last applied indexto:(t:0, i:~)
2019-11-14 12:42:03,413 [pool-589-thread-1] INFO  ratis.ContainerStateMachine (ContainerStateMachine.java:loadSnapshot(223)) - group-76310EEA3ACC: The snapshot info is null. Setting the last applied indexto:(t:0, i:~)
2019-11-14 12:42:03,413 [pool-579-thread-1] INFO  ratis.ContainerStateMachine (ContainerStateMachine.java:loadSnapshot(223)) - group-76310EEA3ACC: The snapshot info is null. Setting the last applied indexto:(t:0, i:~)
2019-11-14 12:42:03,413 [pool-589-thread-1] INFO  server.RaftServerConfigKeys (ConfUtils.java:logGet(43)) - raft.server.notification.no-leader.timeout = 120s (custom)
2019-11-14 12:42:03,413 [pool-599-thread-1] INFO  server.RaftServerConfigKeys (ConfUtils.java:logGet(43)) - raft.server.notification.no-leader.timeout = 120s (custom)
2019-11-14 12:42:03,413 [pool-589-thread-1] INFO  server.RaftServerConfigKeys (ConfUtils.java:logGet(43)) - raft.server.log.use.memory = false (default)
2019-11-14 12:42:03,413 [pool-579-thread-1] INFO  server.RaftServerConfigKeys (ConfUtils.java:logGet(43)) - raft.server.notification.no-leader.timeout = 120s (custom)
2019-11-14 12:42:03,413 [pool-589-thread-1] INFO  server.RaftServerConfigKeys (ConfUtils.java:logGet(43)) - raft.server.log.purge.gap = 1000000 (custom)
2019-11-14 12:42:03,413 [pool-599-thread-1] INFO  server.RaftServerConfigKeys (ConfUtils.java:logGet(43)) - raft.server.log.use.memory = false (default)
2019-11-14 12:42:03,414 [pool-589-thread-1] INFO  server.RaftServerConfigKeys (ConfUtils.java:logGet(43)) - raft.server.log.appender.buffer.byte-limit = 33554432 (custom)
2019-11-14 12:42:03,414 [pool-579-thread-1] INFO  server.RaftServerConfigKeys (ConfUtils.java:logGet(43)) - raft.server.log.use.memory = false (default)
2019-11-14 12:42:03,414 [pool-589-thread-1] INFO  server.RaftServerConfigKeys (ConfUtils.java:logGet(43)) - raft.server.log.segment.size.max = 1048576 (custom)
2019-11-14 12:42:03,414 [pool-599-thread-1] INFO  server.RaftServerConfigKeys (ConfUtils.java:logGet(43)) - raft.server.log.purge.gap = 1000000 (custom)
2019-11-14 12:42:03,414 [pool-589-thread-1] INFO  server.RaftServerConfigKeys (ConfUtils.java:logGet(43)) - raft.server.log.segment.cache.num.max = 2 (custom)
2019-11-14 12:42:03,414 [pool-579-thread-1] INFO  server.RaftServerConfigKeys (ConfUtils.java:logGet(43)) - raft.server.log.purge.gap = 1000000 (custom)
2019-11-14 12:42:03,414 [pool-589-thread-1] INFO  segmented.SegmentedRaftLogWorker (SegmentedRaftLogWorker.java:<init>(173)) - new 014ed27e-4853-41cc-a50c-9de7527fd6a0@group-76310EEA3ACC-SegmentedRaftLogWorker for RaftStorage:Storage Directory /workdir/hadoop-ozone/integration-test/target/test-dir/MiniOzoneClusterImpl-00c2d61f-fa45-4119-a3b8-446fff627119/datanode-8/data/ratis/5b38cbf0-a109-48f5-8756-76310eea3acc
2019-11-14 12:42:03,414 [pool-589-thread-1] INFO  server.RaftServerConfigKeys (ConfUtils.java:logGet(43)) - raft.server.log.queue.byte-limit = 2147483647 (custom)
2019-11-14 12:42:03,414 [pool-599-thread-1] INFO  server.RaftServerConfigKeys (ConfUtils.java:logGet(43)) - raft.server.log.appender.buffer.byte-limit = 33554432 (custom)
2019-11-14 12:42:03,414 [pool-589-thread-1] INFO  server.RaftServerConfigKeys (ConfUtils.java:logGet(43)) - raft.server.log.queue.element-limit = 1024 (custom)
2019-11-14 12:42:03,415 [pool-589-thread-1] INFO  server.RaftServerConfigKeys (ConfUtils.java:logGet(43)) - raft.server.log.segment.size.max = 1048576 (custom)
2019-11-14 12:42:03,414 [pool-579-thread-1] INFO  server.RaftServerConfigKeys (ConfUtils.java:logGet(43)) - raft.server.log.appender.buffer.byte-limit = 33554432 (custom)
2019-11-14 12:42:03,415 [pool-589-thread-1] INFO  server.RaftServerConfigKeys (ConfUtils.java:logGet(43)) - raft.server.log.preallocated.size = 16384 (custom)
2019-11-14 12:42:03,415 [pool-589-thread-1] INFO  server.RaftServerConfigKeys (ConfUtils.java:logGet(43)) - raft.server.log.write.buffer.size = 33554432 (custom)
2019-11-14 12:42:03,415 [pool-599-thread-1] INFO  server.RaftServerConfigKeys (ConfUtils.java:logGet(43)) - raft.server.log.segment.size.max = 1048576 (custom)
2019-11-14 12:42:03,415 [pool-589-thread-1] INFO  server.RaftServerConfigKeys (ConfUtils.java:logGet(43)) - raft.server.log.force.sync.num = 128 (default)
2019-11-14 12:42:03,415 [pool-579-thread-1] INFO  server.RaftServerConfigKeys (ConfUtils.java:logGet(43)) - raft.server.log.segment.size.max = 1048576 (custom)
2019-11-14 12:42:03,415 [pool-589-thread-1] INFO  server.RaftServerConfigKeys (ConfUtils.java:logGet(43)) - raft.server.log.statemachine.data.sync = true (default)
2019-11-14 12:42:03,415 [pool-579-thread-1] INFO  server.RaftServerConfigKeys (ConfUtils.java:logGet(43)) - raft.server.log.segment.cache.num.max = 2 (custom)
2019-11-14 12:42:03,415 [pool-599-thread-1] INFO  server.RaftServerConfigKeys (ConfUtils.java:logGet(43)) - raft.server.log.segment.cache.num.max = 2 (custom)
2019-11-14 12:42:03,416 [pool-579-thread-1] INFO  segmented.SegmentedRaftLogWorker (SegmentedRaftLogWorker.java:<init>(173)) - new c5630dbc-d159-4e74-a046-1b52429c3a82@group-76310EEA3ACC-SegmentedRaftLogWorker for RaftStorage:Storage Directory /workdir/hadoop-ozone/integration-test/target/test-dir/MiniOzoneClusterImpl-00c2d61f-fa45-4119-a3b8-446fff627119/datanode-7/data/ratis/5b38cbf0-a109-48f5-8756-76310eea3acc
2019-11-14 12:42:03,415 [pool-589-thread-1] INFO  server.RaftServerConfigKeys (ConfUtils.java:logGet(43)) - raft.server.log.statemachine.data.sync.timeout = 10s (default)
2019-11-14 12:42:03,416 [pool-579-thread-1] INFO  server.RaftServerConfigKeys (ConfUtils.java:logGet(43)) - raft.server.log.queue.byte-limit = 2147483647 (custom)
2019-11-14 12:42:03,416 [pool-599-thread-1] INFO  segmented.SegmentedRaftLogWorker (SegmentedRaftLogWorker.java:<init>(173)) - new 0ff44171-e26a-4ef7-8f26-7a0f9c51011c@group-76310EEA3ACC-SegmentedRaftLogWorker for RaftStorage:Storage Directory /workdir/hadoop-ozone/integration-test/target/test-dir/MiniOzoneClusterImpl-00c2d61f-fa45-4119-a3b8-446fff627119/datanode-9/data/ratis/5b38cbf0-a109-48f5-8756-76310eea3acc
2019-11-14 12:42:03,416 [pool-579-thread-1] INFO  server.RaftServerConfigKeys (ConfUtils.java:logGet(43)) - raft.server.log.queue.element-limit = 1024 (custom)
2019-11-14 12:42:03,416 [pool-589-thread-1] INFO  server.RaftServerConfigKeys (ConfUtils.java:logGet(43)) - raft.server.log.statemachine.data.sync.timeout.retry = -1 (default)
2019-11-14 12:42:03,416 [pool-579-thread-1] INFO  server.RaftServerConfigKeys (ConfUtils.java:logGet(43)) - raft.server.log.segment.size.max = 1048576 (custom)
2019-11-14 12:42:03,416 [pool-599-thread-1] INFO  server.RaftServerConfigKeys (ConfUtils.java:logGet(43)) - raft.server.log.queue.byte-limit = 2147483647 (custom)
2019-11-14 12:42:03,417 [pool-579-thread-1] INFO  server.RaftServerConfigKeys (ConfUtils.java:logGet(43)) - raft.server.log.preallocated.size = 16384 (custom)
2019-11-14 12:42:03,417 [pool-579-thread-1] INFO  server.RaftServerConfigKeys (ConfUtils.java:logGet(43)) - raft.server.log.write.buffer.size = 33554432 (custom)
2019-11-14 12:42:03,417 [pool-589-thread-1] INFO  server.RaftServerConfigKeys (ConfUtils.java:logGet(43)) - raft.server.log.statemachine.data.caching.enabled = true (custom)
2019-11-14 12:42:03,417 [pool-579-thread-1] INFO  server.RaftServerConfigKeys (ConfUtils.java:logGet(43)) - raft.server.log.force.sync.num = 128 (default)
2019-11-14 12:42:03,417 [pool-599-thread-1] INFO  server.RaftServerConfigKeys (ConfUtils.java:logGet(43)) - raft.server.log.queue.element-limit = 1024 (custom)
2019-11-14 12:42:03,417 [pool-579-thread-1] INFO  server.RaftServerConfigKeys (ConfUtils.java:logGet(43)) - raft.server.log.statemachine.data.sync = true (default)
2019-11-14 12:42:03,417 [pool-589-thread-1] INFO  segmented.SegmentedRaftLogWorker (SegmentedRaftLogWorker.java:lambda$new$0(128)) - 014ed27e-4853-41cc-a50c-9de7527fd6a0@group-76310EEA3ACC-SegmentedRaftLogWorker: flushIndex: setUnconditionally 0 -> -1
2019-11-14 12:42:03,418 [pool-579-thread-1] INFO  server.RaftServerConfigKeys (ConfUtils.java:logGet(43)) - raft.server.log.statemachine.data.sync.timeout = 10s (default)
2019-11-14 12:42:03,418 [pool-589-thread-1] INFO  server.RaftServerConfigKeys (ConfUtils.java:logGet(43)) - raft.server.snapshot.auto.trigger.enabled = true (custom)
2019-11-14 12:42:03,417 [pool-599-thread-1] INFO  server.RaftServerConfigKeys (ConfUtils.java:logGet(43)) - raft.server.log.segment.size.max = 1048576 (custom)
2019-11-14 12:42:03,418 [pool-589-thread-1] INFO  server.RaftServerConfigKeys (ConfUtils.java:logGet(43)) - raft.server.snapshot.auto.trigger.threshold = 10000 (custom)
2019-11-14 12:42:03,418 [pool-579-thread-1] INFO  server.RaftServerConfigKeys (ConfUtils.java:logGet(43)) - raft.server.log.statemachine.data.sync.timeout.retry = -1 (default)
2019-11-14 12:42:03,418 [pool-589-thread-1] INFO  server.RaftServerConfigKeys (ConfUtils.java:logGet(43)) - raft.server.snapshot.retention.file.num = 5 (custom)
2019-11-14 12:42:03,418 [pool-579-thread-1] INFO  server.RaftServerConfigKeys (ConfUtils.java:logGet(43)) - raft.server.log.statemachine.data.caching.enabled = true (custom)
2019-11-14 12:42:03,418 [pool-599-thread-1] INFO  server.RaftServerConfigKeys (ConfUtils.java:logGet(43)) - raft.server.log.preallocated.size = 16384 (custom)
2019-11-14 12:42:03,418 [pool-589-thread-1] INFO  server.RaftServerConfigKeys (ConfUtils.java:logGet(43)) - raft.server.retrycache.expirytime = 600000ms (custom)
2019-11-14 12:42:03,418 [pool-599-thread-1] INFO  server.RaftServerConfigKeys (ConfUtils.java:logGet(43)) - raft.server.log.write.buffer.size = 33554432 (custom)
2019-11-14 12:42:03,419 [pool-579-thread-1] INFO  segmented.SegmentedRaftLogWorker (SegmentedRaftLogWorker.java:lambda$new$0(128)) - c5630dbc-d159-4e74-a046-1b52429c3a82@group-76310EEA3ACC-SegmentedRaftLogWorker: flushIndex: setUnconditionally 0 -> -1
2019-11-14 12:42:03,419 [pool-589-thread-1] WARN  impl.MetricRegistriesImpl (MetricRegistriesImpl.java:lambda$create$1(61)) - First MetricRegistry has been created without registering reporters. You may need to call MetricRegistries.global().addReportRegistration(...) before.
2019-11-14 12:42:03,419 [pool-599-thread-1] INFO  server.RaftServerConfigKeys (ConfUtils.java:logGet(43)) - raft.server.log.force.sync.num = 128 (default)
2019-11-14 12:42:03,419 [pool-589-thread-1] WARN  impl.MetricRegistriesImpl (MetricRegistriesImpl.java:lambda$create$1(61)) - First MetricRegistry has been created without registering reporters. You may need to call MetricRegistries.global().addReportRegistration(...) before.
2019-11-14 12:42:03,419 [pool-599-thread-1] INFO  server.RaftServerConfigKeys (ConfUtils.java:logGet(43)) - raft.server.log.statemachine.data.sync = true (default)
2019-11-14 12:42:03,419 [pool-589-thread-1] INFO  impl.RaftServerImpl (RaftServerImpl.java:start(184)) - 014ed27e-4853-41cc-a50c-9de7527fd6a0@group-76310EEA3ACC: start as a follower, conf=-1: [0ff44171-e26a-4ef7-8f26-7a0f9c51011c:192.168.34.21:43866, 014ed27e-4853-41cc-a50c-9de7527fd6a0:192.168.34.21:41029, c5630dbc-d159-4e74-a046-1b52429c3a82:192.168.34.21:34180], old=null
2019-11-14 12:42:03,419 [pool-579-thread-1] INFO  server.RaftServerConfigKeys (ConfUtils.java:logGet(43)) - raft.server.snapshot.auto.trigger.enabled = true (custom)
2019-11-14 12:42:03,419 [pool-589-thread-1] INFO  impl.RaftServerImpl (RaftServerImpl.java:setRole(173)) - 014ed27e-4853-41cc-a50c-9de7527fd6a0@group-76310EEA3ACC: changes role from      null to FOLLOWER at term 0 for startAsFollower
2019-11-14 12:42:03,419 [pool-599-thread-1] INFO  server.RaftServerConfigKeys (ConfUtils.java:logGet(43)) - raft.server.log.statemachine.data.sync.timeout = 10s (default)
2019-11-14 12:42:03,419 [pool-589-thread-1] INFO  impl.RoleInfo (RoleInfo.java:updateAndGet(143)) - 014ed27e-4853-41cc-a50c-9de7527fd6a0: start FollowerState
2019-11-14 12:42:03,419 [pool-579-thread-1] INFO  server.RaftServerConfigKeys (ConfUtils.java:logGet(43)) - raft.server.snapshot.auto.trigger.threshold = 10000 (custom)
2019-11-14 12:42:03,419 [pool-599-thread-1] INFO  server.RaftServerConfigKeys (ConfUtils.java:logGet(43)) - raft.server.log.statemachine.data.sync.timeout.retry = -1 (default)
2019-11-14 12:42:03,420 [pool-589-thread-1] INFO  util.JmxRegister (JmxRegister.java:tryRegister(44)) - Successfully registered JMX Bean with object name Ratis:service=RaftServer,group=group-76310EEA3ACC,id=014ed27e-4853-41cc-a50c-9de7527fd6a0
2019-11-14 12:42:03,420 [pool-579-thread-1] INFO  server.RaftServerConfigKeys (ConfUtils.java:logGet(43)) - raft.server.snapshot.retention.file.num = 5 (custom)
2019-11-14 12:42:03,420 [pool-589-thread-1] WARN  impl.MetricRegistriesImpl (MetricRegistriesImpl.java:lambda$create$1(61)) - First MetricRegistry has been created without registering reporters. You may need to call MetricRegistries.global().addReportRegistration(...) before.
2019-11-14 12:42:03,420 [pool-599-thread-1] INFO  server.RaftServerConfigKeys (ConfUtils.java:logGet(43)) - raft.server.log.statemachine.data.caching.enabled = true (custom)
2019-11-14 12:42:03,420 [pool-579-thread-1] INFO  server.RaftServerConfigKeys (ConfUtils.java:logGet(43)) - raft.server.retrycache.expirytime = 600000ms (custom)
2019-11-14 12:42:03,420 [pool-599-thread-1] INFO  segmented.SegmentedRaftLogWorker (SegmentedRaftLogWorker.java:lambda$new$0(128)) - 0ff44171-e26a-4ef7-8f26-7a0f9c51011c@group-76310EEA3ACC-SegmentedRaftLogWorker: flushIndex: setUnconditionally 0 -> -1
2019-11-14 12:42:03,420 [pool-579-thread-1] WARN  impl.MetricRegistriesImpl (MetricRegistriesImpl.java:lambda$create$1(61)) - First MetricRegistry has been created without registering reporters. You may need to call MetricRegistries.global().addReportRegistration(...) before.
2019-11-14 12:42:03,420 [pool-599-thread-1] INFO  server.RaftServerConfigKeys (ConfUtils.java:logGet(43)) - raft.server.snapshot.auto.trigger.enabled = true (custom)
2019-11-14 12:42:03,420 [pool-579-thread-1] WARN  impl.MetricRegistriesImpl (MetricRegistriesImpl.java:lambda$create$1(61)) - First MetricRegistry has been created without registering reporters. You may need to call MetricRegistries.global().addReportRegistration(...) before.
2019-11-14 12:42:03,421 [pool-599-thread-1] INFO  server.RaftServerConfigKeys (ConfUtils.java:logGet(43)) - raft.server.snapshot.auto.trigger.threshold = 10000 (custom)
2019-11-14 12:42:03,421 [pool-579-thread-1] INFO  impl.RaftServerImpl (RaftServerImpl.java:start(184)) - c5630dbc-d159-4e74-a046-1b52429c3a82@group-76310EEA3ACC: start as a follower, conf=-1: [0ff44171-e26a-4ef7-8f26-7a0f9c51011c:192.168.34.21:43866, 014ed27e-4853-41cc-a50c-9de7527fd6a0:192.168.34.21:41029, c5630dbc-d159-4e74-a046-1b52429c3a82:192.168.34.21:34180], old=null
2019-11-14 12:42:03,421 [pool-599-thread-1] INFO  server.RaftServerConfigKeys (ConfUtils.java:logGet(43)) - raft.server.snapshot.retention.file.num = 5 (custom)
2019-11-14 12:42:03,421 [pool-579-thread-1] INFO  impl.RaftServerImpl (RaftServerImpl.java:setRole(173)) - c5630dbc-d159-4e74-a046-1b52429c3a82@group-76310EEA3ACC: changes role from      null to FOLLOWER at term 0 for startAsFollower
2019-11-14 12:42:03,421 [pool-599-thread-1] INFO  server.RaftServerConfigKeys (ConfUtils.java:logGet(43)) - raft.server.retrycache.expirytime = 600000ms (custom)
2019-11-14 12:42:03,421 [pool-579-thread-1] INFO  impl.RoleInfo (RoleInfo.java:updateAndGet(143)) - c5630dbc-d159-4e74-a046-1b52429c3a82: start FollowerState
2019-11-14 12:42:03,421 [pool-599-thread-1] WARN  impl.MetricRegistriesImpl (MetricRegistriesImpl.java:lambda$create$1(61)) - First MetricRegistry has been created without registering reporters. You may need to call MetricRegistries.global().addReportRegistration(...) before.
2019-11-14 12:42:03,422 [pool-599-thread-1] WARN  impl.MetricRegistriesImpl (MetricRegistriesImpl.java:lambda$create$1(61)) - First MetricRegistry has been created without registering reporters. You may need to call MetricRegistries.global().addReportRegistration(...) before.
2019-11-14 12:42:03,422 [pool-579-thread-1] INFO  util.JmxRegister (JmxRegister.java:tryRegister(44)) - Successfully registered JMX Bean with object name Ratis:service=RaftServer,group=group-76310EEA3ACC,id=c5630dbc-d159-4e74-a046-1b52429c3a82
2019-11-14 12:42:03,422 [pool-599-thread-1] INFO  impl.RaftServerImpl (RaftServerImpl.java:start(184)) - 0ff44171-e26a-4ef7-8f26-7a0f9c51011c@group-76310EEA3ACC: start as a follower, conf=-1: [0ff44171-e26a-4ef7-8f26-7a0f9c51011c:192.168.34.21:43866, 014ed27e-4853-41cc-a50c-9de7527fd6a0:192.168.34.21:41029, c5630dbc-d159-4e74-a046-1b52429c3a82:192.168.34.21:34180], old=null
2019-11-14 12:42:03,422 [pool-579-thread-1] WARN  impl.MetricRegistriesImpl (MetricRegistriesImpl.java:lambda$create$1(61)) - First MetricRegistry has been created without registering reporters. You may need to call MetricRegistries.global().addReportRegistration(...) before.
2019-11-14 12:42:03,422 [pool-599-thread-1] INFO  impl.RaftServerImpl (RaftServerImpl.java:setRole(173)) - 0ff44171-e26a-4ef7-8f26-7a0f9c51011c@group-76310EEA3ACC: changes role from      null to FOLLOWER at term 0 for startAsFollower
2019-11-14 12:42:03,422 [pool-599-thread-1] INFO  impl.RoleInfo (RoleInfo.java:updateAndGet(143)) - 0ff44171-e26a-4ef7-8f26-7a0f9c51011c: start FollowerState
2019-11-14 12:42:03,423 [pool-599-thread-1] INFO  util.JmxRegister (JmxRegister.java:tryRegister(44)) - Successfully registered JMX Bean with object name Ratis:service=RaftServer,group=group-76310EEA3ACC,id=0ff44171-e26a-4ef7-8f26-7a0f9c51011c
2019-11-14 12:42:03,423 [pool-599-thread-1] WARN  impl.MetricRegistriesImpl (MetricRegistriesImpl.java:lambda$create$1(61)) - First MetricRegistry has been created without registering reporters. You may need to call MetricRegistries.global().addReportRegistration(...) before.
2019-11-14 12:42:03,424 [RatisPipelineUtilsThread] INFO  pipeline.PipelineStateManager (PipelineStateManager.java:addPipeline(55)) - Created pipeline Pipeline[ Id: 5b38cbf0-a109-48f5-8756-76310eea3acc, Nodes: c5630dbc-d159-4e74-a046-1b52429c3a82{ip: 192.168.34.21, host: pr-hdds-2481-nxhrh-893604966, networkLocation: /rack1, certSerialId: null}014ed27e-4853-41cc-a50c-9de7527fd6a0{ip: 192.168.34.21, host: pr-hdds-2481-nxhrh-893604966, networkLocation: /rack1, certSerialId: null}0ff44171-e26a-4ef7-8f26-7a0f9c51011c{ip: 192.168.34.21, host: pr-hdds-2481-nxhrh-893604966, networkLocation: /rack1, certSerialId: null}, Type:RATIS, Factor:THREE, State:ALLOCATED]
2019-11-14 12:42:03,425 [Thread-3929] INFO  pipeline.PipelineStateManager (PipelineStateManager.java:finalizePipeline(121)) - Pipeline Pipeline[ Id: ae5c27a3-cc76-452b-b9dc-99da77894c70, Nodes: 14503c04-9730-4ca2-acd0-60a84a10fce0{ip: 192.168.34.21, host: pr-hdds-2481-nxhrh-893604966, networkLocation: /rack1, certSerialId: null}, Type:RATIS, Factor:ONE, State:CLOSED] moved to CLOSED state
2019-11-14 12:42:03,431 [grpc-default-executor-3] INFO  impl.RaftServerProxy (RaftServerProxy.java:remove(95)) - 14503c04-9730-4ca2-acd0-60a84a10fce0: remove    LEADER 14503c04-9730-4ca2-acd0-60a84a10fce0@group-99DA77894C70:t1, leader=14503c04-9730-4ca2-acd0-60a84a10fce0, voted=14503c04-9730-4ca2-acd0-60a84a10fce0, raftlog=14503c04-9730-4ca2-acd0-60a84a10fce0@group-99DA77894C70-SegmentedRaftLog:OPENED:c0,f0,i0, conf=0: [14503c04-9730-4ca2-acd0-60a84a10fce0:192.168.34.21:41845], old=null RUNNING
2019-11-14 12:42:03,431 [grpc-default-executor-3] INFO  impl.RaftServerImpl (RaftServerImpl.java:lambda$shutdown$3(250)) - 14503c04-9730-4ca2-acd0-60a84a10fce0@group-99DA77894C70: shutdown
2019-11-14 12:42:03,431 [grpc-default-executor-3] INFO  util.JmxRegister (JmxRegister.java:unregister(73)) - Successfully un-registered JMX Bean with object name Ratis:service=RaftServer,group=group-99DA77894C70,id=14503c04-9730-4ca2-acd0-60a84a10fce0
2019-11-14 12:42:03,431 [grpc-default-executor-3] INFO  impl.RoleInfo (RoleInfo.java:shutdownLeaderState(104)) - 14503c04-9730-4ca2-acd0-60a84a10fce0: shutdown LeaderState
2019-11-14 12:42:03,432 [grpc-default-executor-3] INFO  impl.PendingRequests (PendingRequests.java:sendNotLeaderResponses(206)) - 14503c04-9730-4ca2-acd0-60a84a10fce0@group-99DA77894C70-PendingRequests: sendNotLeaderResponses
2019-11-14 12:42:03,432 [grpc-default-executor-3] INFO  impl.StateMachineUpdater (StateMachineUpdater.java:stopAndJoin(136)) - 14503c04-9730-4ca2-acd0-60a84a10fce0@group-99DA77894C70-StateMachineUpdater: set stopIndex = 0
2019-11-14 12:42:03,432 [grpc-default-executor-3] INFO  impl.RaftServerImpl (ServerState.java:close(387)) - 14503c04-9730-4ca2-acd0-60a84a10fce0@group-99DA77894C70: closes. applyIndex: 0
2019-11-14 12:42:03,432 [14503c04-9730-4ca2-acd0-60a84a10fce0@group-99DA77894C70-SegmentedRaftLogWorker] INFO  segmented.SegmentedRaftLogWorker (SegmentedRaftLogWorker.java:run(316)) - 14503c04-9730-4ca2-acd0-60a84a10fce0@group-99DA77894C70-SegmentedRaftLogWorker was interrupted, exiting. There are 0 tasks remaining in the queue.
2019-11-14 12:42:03,433 [grpc-default-executor-3] INFO  segmented.SegmentedRaftLogWorker (SegmentedRaftLogWorker.java:close(224)) - 14503c04-9730-4ca2-acd0-60a84a10fce0@group-99DA77894C70-SegmentedRaftLogWorker close()
2019-11-14 12:42:03,435 [Thread-3929] INFO  pipeline.PipelineStateManager (PipelineStateManager.java:removePipeline(106)) - Pipeline Pipeline[ Id: ae5c27a3-cc76-452b-b9dc-99da77894c70, Nodes: 14503c04-9730-4ca2-acd0-60a84a10fce0{ip: 192.168.34.21, host: pr-hdds-2481-nxhrh-893604966, networkLocation: /rack1, certSerialId: null}, Type:RATIS, Factor:ONE, State:CLOSED] removed from db
2019-11-14 12:42:03,435 [Thread-3929] INFO  pipeline.SCMPipelineManager (SCMPipelineManager.java:finalizeAndDestroyPipeline(315)) - destroying pipeline:Pipeline[ Id: 98af25aa-9808-4cd6-b0a8-665a15042453, Nodes: 0ff44171-e26a-4ef7-8f26-7a0f9c51011c{ip: 192.168.34.21, host: pr-hdds-2481-nxhrh-893604966, networkLocation: /rack1, certSerialId: null}, Type:RATIS, Factor:ONE, State:OPEN]
2019-11-14 12:42:03,437 [grpc-default-executor-3] INFO  impl.RaftServerProxy (RaftServerProxy.java:addNew(89)) - 14503c04-9730-4ca2-acd0-60a84a10fce0: addNew group-B41E5299770A:[14503c04-9730-4ca2-acd0-60a84a10fce0:192.168.34.21:41845] returns group-B41E5299770A:java.util.concurrent.CompletableFuture@29ed1779[Not completed]
2019-11-14 12:42:03,439 [pool-539-thread-1] INFO  impl.RaftServerImpl (RaftServerImpl.java:<init>(98)) - 14503c04-9730-4ca2-acd0-60a84a10fce0: new RaftServerImpl for group-B41E5299770A:[14503c04-9730-4ca2-acd0-60a84a10fce0:192.168.34.21:41845] with ContainerStateMachine:uninitialized
2019-11-14 12:42:03,439 [pool-539-thread-1] INFO  server.RaftServerConfigKeys (ConfUtils.java:logGet(43)) - raft.server.rpc.timeout.min = 1s (custom)
2019-11-14 12:42:03,439 [pool-539-thread-1] INFO  server.RaftServerConfigKeys (ConfUtils.java:logGet(43)) - raft.server.rpc.timeout.max = 1200ms (custom)
2019-11-14 12:42:03,439 [pool-539-thread-1] INFO  server.RaftServerConfigKeys (ConfUtils.java:logGet(43)) - raft.server.rpcslowness.timeout = 120s (custom)
2019-11-14 12:42:03,439 [pool-539-thread-1] INFO  server.RaftServerConfigKeys (ConfUtils.java:logGet(43)) - raft.server.sleep.deviation.threshold = 300 (default)
2019-11-14 12:42:03,439 [pool-539-thread-1] INFO  server.RaftServerConfigKeys (ConfUtils.java:logGet(43)) - raft.server.log.appender.install.snapshot.enabled = false (custom)
2019-11-14 12:42:03,439 [pool-539-thread-1] INFO  impl.RaftServerImpl (ServerState.java:<init>(103)) - 14503c04-9730-4ca2-acd0-60a84a10fce0@group-B41E5299770A: ConfigurationManager, init=-1: [14503c04-9730-4ca2-acd0-60a84a10fce0:192.168.34.21:41845], old=null, confs=<EMPTY_MAP>
2019-11-14 12:42:03,440 [pool-539-thread-1] INFO  server.RaftServerConfigKeys (ConfUtils.java:logGet(43)) - raft.server.storage.dir = [/workdir/hadoop-ozone/integration-test/target/test-dir/MiniOzoneClusterImpl-00c2d61f-fa45-4119-a3b8-446fff627119/datanode-3/data/ratis] (custom)
2019-11-14 12:42:03,440 [pool-539-thread-1] INFO  server.RaftServerConfigKeys (ConfUtils.java:logGet(43)) - raft.server.log.corruption.policy = EXCEPTION (default)
2019-11-14 12:42:03,440 [pool-539-thread-1] INFO  storage.RaftStorageDirectory (RaftStorageDirectory.java:analyzeStorage(246)) - The storage directory /workdir/hadoop-ozone/integration-test/target/test-dir/MiniOzoneClusterImpl-00c2d61f-fa45-4119-a3b8-446fff627119/datanode-3/data/ratis/f8dc48cb-b5fc-4580-ab26-b41e5299770a does not exist. Creating ...
2019-11-14 12:42:03,453 [pool-539-thread-1] INFO  storage.RaftStorageDirectory (RaftStorageDirectory.java:tryLock(328)) - Lock on /workdir/hadoop-ozone/integration-test/target/test-dir/MiniOzoneClusterImpl-00c2d61f-fa45-4119-a3b8-446fff627119/datanode-3/data/ratis/f8dc48cb-b5fc-4580-ab26-b41e5299770a/in_use.lock acquired by nodename 27294@pr-hdds-2481-nxhrh-893604966
2019-11-14 12:42:03,466 [pool-539-thread-1] INFO  storage.RaftStorage (RaftStorage.java:format(84)) - Storage directory /workdir/hadoop-ozone/integration-test/target/test-dir/MiniOzoneClusterImpl-00c2d61f-fa45-4119-a3b8-446fff627119/datanode-3/data/ratis/f8dc48cb-b5fc-4580-ab26-b41e5299770a has been successfully formatted.
2019-11-14 12:42:03,466 [pool-539-thread-1] INFO  ratis.ContainerStateMachine (ContainerStateMachine.java:loadSnapshot(223)) - group-B41E5299770A: The snapshot info is null. Setting the last applied indexto:(t:0, i:~)
2019-11-14 12:42:03,466 [pool-539-thread-1] INFO  server.RaftServerConfigKeys (ConfUtils.java:logGet(43)) - raft.server.notification.no-leader.timeout = 120s (custom)
2019-11-14 12:42:03,466 [pool-539-thread-1] INFO  server.RaftServerConfigKeys (ConfUtils.java:logGet(43)) - raft.server.log.use.memory = false (default)
2019-11-14 12:42:03,466 [pool-539-thread-1] INFO  server.RaftServerConfigKeys (ConfUtils.java:logGet(43)) - raft.server.log.purge.gap = 1000000 (custom)
2019-11-14 12:42:03,466 [pool-539-thread-1] INFO  server.RaftServerConfigKeys (ConfUtils.java:logGet(43)) - raft.server.log.appender.buffer.byte-limit = 33554432 (custom)
2019-11-14 12:42:03,466 [pool-539-thread-1] INFO  server.RaftServerConfigKeys (ConfUtils.java:logGet(43)) - raft.server.log.segment.size.max = 1048576 (custom)
2019-11-14 12:42:03,466 [pool-539-thread-1] INFO  server.RaftServerConfigKeys (ConfUtils.java:logGet(43)) - raft.server.log.segment.cache.num.max = 2 (custom)
2019-11-14 12:42:03,467 [pool-539-thread-1] INFO  segmented.SegmentedRaftLogWorker (SegmentedRaftLogWorker.java:<init>(173)) - new 14503c04-9730-4ca2-acd0-60a84a10fce0@group-B41E5299770A-SegmentedRaftLogWorker for RaftStorage:Storage Directory /workdir/hadoop-ozone/integration-test/target/test-dir/MiniOzoneClusterImpl-00c2d61f-fa45-4119-a3b8-446fff627119/datanode-3/data/ratis/f8dc48cb-b5fc-4580-ab26-b41e5299770a
2019-11-14 12:42:03,467 [pool-539-thread-1] INFO  server.RaftServerConfigKeys (ConfUtils.java:logGet(43)) - raft.server.log.queue.byte-limit = 2147483647 (custom)
2019-11-14 12:42:03,467 [pool-539-thread-1] INFO  server.RaftServerConfigKeys (ConfUtils.java:logGet(43)) - raft.server.log.queue.element-limit = 1024 (custom)
2019-11-14 12:42:03,467 [pool-539-thread-1] INFO  server.RaftServerConfigKeys (ConfUtils.java:logGet(43)) - raft.server.log.segment.size.max = 1048576 (custom)
2019-11-14 12:42:03,467 [pool-539-thread-1] INFO  server.RaftServerConfigKeys (ConfUtils.java:logGet(43)) - raft.server.log.preallocated.size = 16384 (custom)
2019-11-14 12:42:03,467 [pool-539-thread-1] INFO  server.RaftServerConfigKeys (ConfUtils.java:logGet(43)) - raft.server.log.write.buffer.size = 33554432 (custom)
2019-11-14 12:42:03,467 [pool-539-thread-1] INFO  server.RaftServerConfigKeys (ConfUtils.java:logGet(43)) - raft.server.log.force.sync.num = 128 (default)
2019-11-14 12:42:03,467 [pool-539-thread-1] INFO  server.RaftServerConfigKeys (ConfUtils.java:logGet(43)) - raft.server.log.statemachine.data.sync = true (default)
2019-11-14 12:42:03,467 [pool-539-thread-1] INFO  server.RaftServerConfigKeys (ConfUtils.java:logGet(43)) - raft.server.log.statemachine.data.sync.timeout = 10s (default)
2019-11-14 12:42:03,467 [pool-539-thread-1] INFO  server.RaftServerConfigKeys (ConfUtils.java:logGet(43)) - raft.server.log.statemachine.data.sync.timeout.retry = -1 (default)
2019-11-14 12:42:03,468 [pool-539-thread-1] INFO  server.RaftServerConfigKeys (ConfUtils.java:logGet(43)) - raft.server.log.statemachine.data.caching.enabled = true (custom)
2019-11-14 12:42:03,468 [pool-539-thread-1] INFO  segmented.SegmentedRaftLogWorker (SegmentedRaftLogWorker.java:lambda$new$0(128)) - 14503c04-9730-4ca2-acd0-60a84a10fce0@group-B41E5299770A-SegmentedRaftLogWorker: flushIndex: setUnconditionally 0 -> -1
2019-11-14 12:42:03,468 [pool-539-thread-1] INFO  server.RaftServerConfigKeys (ConfUtils.java:logGet(43)) - raft.server.snapshot.auto.trigger.enabled = true (custom)
2019-11-14 12:42:03,468 [pool-539-thread-1] INFO  server.RaftServerConfigKeys (ConfUtils.java:logGet(43)) - raft.server.snapshot.auto.trigger.threshold = 10000 (custom)
2019-11-14 12:42:03,468 [pool-539-thread-1] INFO  server.RaftServerConfigKeys (ConfUtils.java:logGet(43)) - raft.server.snapshot.retention.file.num = 5 (custom)
2019-11-14 12:42:03,469 [pool-539-thread-1] INFO  server.RaftServerConfigKeys (ConfUtils.java:logGet(43)) - raft.server.retrycache.expirytime = 600000ms (custom)
2019-11-14 12:42:03,469 [pool-539-thread-1] WARN  impl.MetricRegistriesImpl (MetricRegistriesImpl.java:lambda$create$1(61)) - First MetricRegistry has been created without registering reporters. You may need to call MetricRegistries.global().addReportRegistration(...) before.
2019-11-14 12:42:03,469 [pool-539-thread-1] WARN  impl.MetricRegistriesImpl (MetricRegistriesImpl.java:lambda$create$1(61)) - First MetricRegistry has been created without registering reporters. You may need to call MetricRegistries.global().addReportRegistration(...) before.
2019-11-14 12:42:03,469 [pool-539-thread-1] INFO  impl.RaftServerImpl (RaftServerImpl.java:start(184)) - 14503c04-9730-4ca2-acd0-60a84a10fce0@group-B41E5299770A: start as a follower, conf=-1: [14503c04-9730-4ca2-acd0-60a84a10fce0:192.168.34.21:41845], old=null
2019-11-14 12:42:03,469 [pool-539-thread-1] INFO  impl.RaftServerImpl (RaftServerImpl.java:setRole(173)) - 14503c04-9730-4ca2-acd0-60a84a10fce0@group-B41E5299770A: changes role from      null to FOLLOWER at term 0 for startAsFollower
2019-11-14 12:42:03,469 [pool-539-thread-1] INFO  impl.RoleInfo (RoleInfo.java:updateAndGet(143)) - 14503c04-9730-4ca2-acd0-60a84a10fce0: start FollowerState
2019-11-14 12:42:03,470 [pool-539-thread-1] INFO  util.JmxRegister (JmxRegister.java:tryRegister(44)) - Successfully registered JMX Bean with object name Ratis:service=RaftServer,group=group-B41E5299770A,id=14503c04-9730-4ca2-acd0-60a84a10fce0
2019-11-14 12:42:03,470 [pool-539-thread-1] WARN  impl.MetricRegistriesImpl (MetricRegistriesImpl.java:lambda$create$1(61)) - First MetricRegistry has been created without registering reporters. You may need to call MetricRegistries.global().addReportRegistration(...) before.
2019-11-14 12:42:03,471 [RatisPipelineUtilsThread] INFO  pipeline.PipelineStateManager (PipelineStateManager.java:addPipeline(55)) - Created pipeline Pipeline[ Id: f8dc48cb-b5fc-4580-ab26-b41e5299770a, Nodes: 14503c04-9730-4ca2-acd0-60a84a10fce0{ip: 192.168.34.21, host: pr-hdds-2481-nxhrh-893604966, networkLocation: /rack1, certSerialId: null}, Type:RATIS, Factor:ONE, State:ALLOCATED]
2019-11-14 12:42:03,472 [Thread-3929] INFO  pipeline.PipelineStateManager (PipelineStateManager.java:finalizePipeline(121)) - Pipeline Pipeline[ Id: 98af25aa-9808-4cd6-b0a8-665a15042453, Nodes: 0ff44171-e26a-4ef7-8f26-7a0f9c51011c{ip: 192.168.34.21, host: pr-hdds-2481-nxhrh-893604966, networkLocation: /rack1, certSerialId: null}, Type:RATIS, Factor:ONE, State:CLOSED] moved to CLOSED state
2019-11-14 12:42:03,475 [grpc-default-executor-3] INFO  impl.RaftServerProxy (RaftServerProxy.java:remove(95)) - 0ff44171-e26a-4ef7-8f26-7a0f9c51011c: remove    LEADER 0ff44171-e26a-4ef7-8f26-7a0f9c51011c@group-665A15042453:t1, leader=0ff44171-e26a-4ef7-8f26-7a0f9c51011c, voted=0ff44171-e26a-4ef7-8f26-7a0f9c51011c, raftlog=0ff44171-e26a-4ef7-8f26-7a0f9c51011c@group-665A15042453-SegmentedRaftLog:OPENED:c0,f0,i0, conf=0: [0ff44171-e26a-4ef7-8f26-7a0f9c51011c:192.168.34.21:43866], old=null RUNNING
2019-11-14 12:42:03,475 [grpc-default-executor-3] INFO  impl.RaftServerImpl (RaftServerImpl.java:lambda$shutdown$3(250)) - 0ff44171-e26a-4ef7-8f26-7a0f9c51011c@group-665A15042453: shutdown
2019-11-14 12:42:03,475 [grpc-default-executor-3] INFO  util.JmxRegister (JmxRegister.java:unregister(73)) - Successfully un-registered JMX Bean with object name Ratis:service=RaftServer,group=group-665A15042453,id=0ff44171-e26a-4ef7-8f26-7a0f9c51011c
2019-11-14 12:42:03,475 [grpc-default-executor-3] INFO  impl.RoleInfo (RoleInfo.java:shutdownLeaderState(104)) - 0ff44171-e26a-4ef7-8f26-7a0f9c51011c: shutdown LeaderState
2019-11-14 12:42:03,475 [grpc-default-executor-3] INFO  impl.PendingRequests (PendingRequests.java:sendNotLeaderResponses(206)) - 0ff44171-e26a-4ef7-8f26-7a0f9c51011c@group-665A15042453-PendingRequests: sendNotLeaderResponses
2019-11-14 12:42:03,476 [grpc-default-executor-3] INFO  impl.StateMachineUpdater (StateMachineUpdater.java:stopAndJoin(136)) - 0ff44171-e26a-4ef7-8f26-7a0f9c51011c@group-665A15042453-StateMachineUpdater: set stopIndex = 0
2019-11-14 12:42:03,476 [grpc-default-executor-3] INFO  impl.RaftServerImpl (ServerState.java:close(387)) - 0ff44171-e26a-4ef7-8f26-7a0f9c51011c@group-665A15042453: closes. applyIndex: 0
2019-11-14 12:42:03,476 [0ff44171-e26a-4ef7-8f26-7a0f9c51011c@group-665A15042453-SegmentedRaftLogWorker] INFO  segmented.SegmentedRaftLogWorker (SegmentedRaftLogWorker.java:run(316)) - 0ff44171-e26a-4ef7-8f26-7a0f9c51011c@group-665A15042453-SegmentedRaftLogWorker was interrupted, exiting. There are 0 tasks remaining in the queue.
2019-11-14 12:42:03,476 [grpc-default-executor-3] INFO  segmented.SegmentedRaftLogWorker (SegmentedRaftLogWorker.java:close(224)) - 0ff44171-e26a-4ef7-8f26-7a0f9c51011c@group-665A15042453-SegmentedRaftLogWorker close()
2019-11-14 12:42:03,479 [Thread-3929] INFO  pipeline.PipelineStateManager (PipelineStateManager.java:removePipeline(106)) - Pipeline Pipeline[ Id: 98af25aa-9808-4cd6-b0a8-665a15042453, Nodes: 0ff44171-e26a-4ef7-8f26-7a0f9c51011c{ip: 192.168.34.21, host: pr-hdds-2481-nxhrh-893604966, networkLocation: /rack1, certSerialId: null}, Type:RATIS, Factor:ONE, State:CLOSED] removed from db
2019-11-14 12:42:03,481 [grpc-default-executor-3] INFO  impl.RaftServerProxy (RaftServerProxy.java:addNew(89)) - 0ff44171-e26a-4ef7-8f26-7a0f9c51011c: addNew group-107DF5984CDB:[0ff44171-e26a-4ef7-8f26-7a0f9c51011c:192.168.34.21:43866] returns group-107DF5984CDB:java.util.concurrent.CompletableFuture@765f43fc[Not completed]
2019-11-14 12:42:03,482 [pool-599-thread-1] INFO  impl.RaftServerImpl (RaftServerImpl.java:<init>(98)) - 0ff44171-e26a-4ef7-8f26-7a0f9c51011c: new RaftServerImpl for group-107DF5984CDB:[0ff44171-e26a-4ef7-8f26-7a0f9c51011c:192.168.34.21:43866] with ContainerStateMachine:uninitialized
2019-11-14 12:42:03,483 [pool-599-thread-1] INFO  server.RaftServerConfigKeys (ConfUtils.java:logGet(43)) - raft.server.rpc.timeout.min = 1s (custom)
2019-11-14 12:42:03,483 [pool-599-thread-1] INFO  server.RaftServerConfigKeys (ConfUtils.java:logGet(43)) - raft.server.rpc.timeout.max = 1200ms (custom)
2019-11-14 12:42:03,483 [pool-599-thread-1] INFO  server.RaftServerConfigKeys (ConfUtils.java:logGet(43)) - raft.server.rpcslowness.timeout = 120s (custom)
2019-11-14 12:42:03,483 [pool-599-thread-1] INFO  server.RaftServerConfigKeys (ConfUtils.java:logGet(43)) - raft.server.sleep.deviation.threshold = 300 (default)
2019-11-14 12:42:03,483 [pool-599-thread-1] INFO  server.RaftServerConfigKeys (ConfUtils.java:logGet(43)) - raft.server.log.appender.install.snapshot.enabled = false (custom)
2019-11-14 12:42:03,483 [pool-599-thread-1] INFO  impl.RaftServerImpl (ServerState.java:<init>(103)) - 0ff44171-e26a-4ef7-8f26-7a0f9c51011c@group-107DF5984CDB: ConfigurationManager, init=-1: [0ff44171-e26a-4ef7-8f26-7a0f9c51011c:192.168.34.21:43866], old=null, confs=<EMPTY_MAP>
2019-11-14 12:42:03,483 [pool-599-thread-1] INFO  server.RaftServerConfigKeys (ConfUtils.java:logGet(43)) - raft.server.storage.dir = [/workdir/hadoop-ozone/integration-test/target/test-dir/MiniOzoneClusterImpl-00c2d61f-fa45-4119-a3b8-446fff627119/datanode-9/data/ratis] (custom)
2019-11-14 12:42:03,483 [pool-599-thread-1] INFO  server.RaftServerConfigKeys (ConfUtils.java:logGet(43)) - raft.server.log.corruption.policy = EXCEPTION (default)
2019-11-14 12:42:03,484 [pool-599-thread-1] INFO  storage.RaftStorageDirectory (RaftStorageDirectory.java:analyzeStorage(246)) - The storage directory /workdir/hadoop-ozone/integration-test/target/test-dir/MiniOzoneClusterImpl-00c2d61f-fa45-4119-a3b8-446fff627119/datanode-9/data/ratis/6715448b-5f8b-4d7e-a3f7-107df5984cdb does not exist. Creating ...
2019-11-14 12:42:03,497 [pool-599-thread-1] INFO  storage.RaftStorageDirectory (RaftStorageDirectory.java:tryLock(328)) - Lock on /workdir/hadoop-ozone/integration-test/target/test-dir/MiniOzoneClusterImpl-00c2d61f-fa45-4119-a3b8-446fff627119/datanode-9/data/ratis/6715448b-5f8b-4d7e-a3f7-107df5984cdb/in_use.lock acquired by nodename 27294@pr-hdds-2481-nxhrh-893604966
2019-11-14 12:42:03,510 [pool-599-thread-1] INFO  storage.RaftStorage (RaftStorage.java:format(84)) - Storage directory /workdir/hadoop-ozone/integration-test/target/test-dir/MiniOzoneClusterImpl-00c2d61f-fa45-4119-a3b8-446fff627119/datanode-9/data/ratis/6715448b-5f8b-4d7e-a3f7-107df5984cdb has been successfully formatted.
2019-11-14 12:42:03,510 [pool-599-thread-1] INFO  ratis.ContainerStateMachine (ContainerStateMachine.java:loadSnapshot(223)) - group-107DF5984CDB: The snapshot info is null. Setting the last applied indexto:(t:0, i:~)
2019-11-14 12:42:03,510 [pool-599-thread-1] INFO  server.RaftServerConfigKeys (ConfUtils.java:logGet(43)) - raft.server.notification.no-leader.timeout = 120s (custom)
2019-11-14 12:42:03,510 [pool-599-thread-1] INFO  server.RaftServerConfigKeys (ConfUtils.java:logGet(43)) - raft.server.log.use.memory = false (default)
2019-11-14 12:42:03,510 [pool-599-thread-1] INFO  server.RaftServerConfigKeys (ConfUtils.java:logGet(43)) - raft.server.log.purge.gap = 1000000 (custom)
2019-11-14 12:42:03,511 [pool-599-thread-1] INFO  server.RaftServerConfigKeys (ConfUtils.java:logGet(43)) - raft.server.log.appender.buffer.byte-limit = 33554432 (custom)
2019-11-14 12:42:03,511 [pool-599-thread-1] INFO  server.RaftServerConfigKeys (ConfUtils.java:logGet(43)) - raft.server.log.segment.size.max = 1048576 (custom)
2019-11-14 12:42:03,511 [pool-599-thread-1] INFO  server.RaftServerConfigKeys (ConfUtils.java:logGet(43)) - raft.server.log.segment.cache.num.max = 2 (custom)
2019-11-14 12:42:03,511 [pool-599-thread-1] INFO  segmented.SegmentedRaftLogWorker (SegmentedRaftLogWorker.java:<init>(173)) - new 0ff44171-e26a-4ef7-8f26-7a0f9c51011c@group-107DF5984CDB-SegmentedRaftLogWorker for RaftStorage:Storage Directory /workdir/hadoop-ozone/integration-test/target/test-dir/MiniOzoneClusterImpl-00c2d61f-fa45-4119-a3b8-446fff627119/datanode-9/data/ratis/6715448b-5f8b-4d7e-a3f7-107df5984cdb
2019-11-14 12:42:03,511 [pool-599-thread-1] INFO  server.RaftServerConfigKeys (ConfUtils.java:logGet(43)) - raft.server.log.queue.byte-limit = 2147483647 (custom)
2019-11-14 12:42:03,511 [pool-599-thread-1] INFO  server.RaftServerConfigKeys (ConfUtils.java:logGet(43)) - raft.server.log.queue.element-limit = 1024 (custom)
2019-11-14 12:42:03,511 [pool-599-thread-1] INFO  server.RaftServerConfigKeys (ConfUtils.java:logGet(43)) - raft.server.log.segment.size.max = 1048576 (custom)
2019-11-14 12:42:03,511 [pool-599-thread-1] INFO  server.RaftServerConfigKeys (ConfUtils.java:logGet(43)) - raft.server.log.preallocated.size = 16384 (custom)
2019-11-14 12:42:03,511 [pool-599-thread-1] INFO  server.RaftServerConfigKeys (ConfUtils.java:logGet(43)) - raft.server.log.write.buffer.size = 33554432 (custom)
2019-11-14 12:42:03,511 [pool-599-thread-1] INFO  server.RaftServerConfigKeys (ConfUtils.java:logGet(43)) - raft.server.log.force.sync.num = 128 (default)
2019-11-14 12:42:03,511 [pool-599-thread-1] INFO  server.RaftServerConfigKeys (ConfUtils.java:logGet(43)) - raft.server.log.statemachine.data.sync = true (default)
2019-11-14 12:42:03,512 [pool-599-thread-1] INFO  server.RaftServerConfigKeys (ConfUtils.java:logGet(43)) - raft.server.log.statemachine.data.sync.timeout = 10s (default)
2019-11-14 12:42:03,512 [pool-599-thread-1] INFO  server.RaftServerConfigKeys (ConfUtils.java:logGet(43)) - raft.server.log.statemachine.data.sync.timeout.retry = -1 (default)
2019-11-14 12:42:03,512 [pool-599-thread-1] INFO  server.RaftServerConfigKeys (ConfUtils.java:logGet(43)) - raft.server.log.statemachine.data.caching.enabled = true (custom)
2019-11-14 12:42:03,512 [pool-599-thread-1] INFO  segmented.SegmentedRaftLogWorker (SegmentedRaftLogWorker.java:lambda$new$0(128)) - 0ff44171-e26a-4ef7-8f26-7a0f9c51011c@group-107DF5984CDB-SegmentedRaftLogWorker: flushIndex: setUnconditionally 0 -> -1
2019-11-14 12:42:03,512 [pool-599-thread-1] INFO  server.RaftServerConfigKeys (ConfUtils.java:logGet(43)) - raft.server.snapshot.auto.trigger.enabled = true (custom)
2019-11-14 12:42:03,512 [pool-599-thread-1] INFO  server.RaftServerConfigKeys (ConfUtils.java:logGet(43)) - raft.server.snapshot.auto.trigger.threshold = 10000 (custom)
2019-11-14 12:42:03,512 [pool-599-thread-1] INFO  server.RaftServerConfigKeys (ConfUtils.java:logGet(43)) - raft.server.snapshot.retention.file.num = 5 (custom)
2019-11-14 12:42:03,513 [pool-599-thread-1] INFO  server.RaftServerConfigKeys (ConfUtils.java:logGet(43)) - raft.server.retrycache.expirytime = 600000ms (custom)
2019-11-14 12:42:03,513 [pool-599-thread-1] WARN  impl.MetricRegistriesImpl (MetricRegistriesImpl.java:lambda$create$1(61)) - First MetricRegistry has been created without registering reporters. You may need to call MetricRegistries.global().addReportRegistration(...) before.
2019-11-14 12:42:03,513 [pool-599-thread-1] WARN  impl.MetricRegistriesImpl (MetricRegistriesImpl.java:lambda$create$1(61)) - First MetricRegistry has been created without registering reporters. You may need to call MetricRegistries.global().addReportRegistration(...) before.
2019-11-14 12:42:03,513 [pool-599-thread-1] INFO  impl.RaftServerImpl (RaftServerImpl.java:start(184)) - 0ff44171-e26a-4ef7-8f26-7a0f9c51011c@group-107DF5984CDB: start as a follower, conf=-1: [0ff44171-e26a-4ef7-8f26-7a0f9c51011c:192.168.34.21:43866], old=null
2019-11-14 12:42:03,513 [pool-599-thread-1] INFO  impl.RaftServerImpl (RaftServerImpl.java:setRole(173)) - 0ff44171-e26a-4ef7-8f26-7a0f9c51011c@group-107DF5984CDB: changes role from      null to FOLLOWER at term 0 for startAsFollower
2019-11-14 12:42:03,513 [pool-599-thread-1] INFO  impl.RoleInfo (RoleInfo.java:updateAndGet(143)) - 0ff44171-e26a-4ef7-8f26-7a0f9c51011c: start FollowerState
2019-11-14 12:42:03,514 [pool-599-thread-1] INFO  util.JmxRegister (JmxRegister.java:tryRegister(44)) - Successfully registered JMX Bean with object name Ratis:service=RaftServer,group=group-107DF5984CDB,id=0ff44171-e26a-4ef7-8f26-7a0f9c51011c
2019-11-14 12:42:03,514 [pool-599-thread-1] WARN  impl.MetricRegistriesImpl (MetricRegistriesImpl.java:lambda$create$1(61)) - First MetricRegistry has been created without registering reporters. You may need to call MetricRegistries.global().addReportRegistration(...) before.
2019-11-14 12:42:03,515 [RatisPipelineUtilsThread] INFO  pipeline.PipelineStateManager (PipelineStateManager.java:addPipeline(55)) - Created pipeline Pipeline[ Id: 6715448b-5f8b-4d7e-a3f7-107df5984cdb, Nodes: 0ff44171-e26a-4ef7-8f26-7a0f9c51011c{ip: 192.168.34.21, host: pr-hdds-2481-nxhrh-893604966, networkLocation: /rack1, certSerialId: null}, Type:RATIS, Factor:ONE, State:ALLOCATED]
2019-11-14 12:42:03,619 [main] WARN  io.KeyOutputStream (KeyOutputStream.java:handleException(274)) - Encountered exception java.io.IOException: Unexpected Storage Container Exception: java.util.concurrent.CompletionException: java.util.concurrent.CompletionException: org.apache.ratis.protocol.GroupMismatchException: c6685414-dbf7-4d5a-a965-a6338d016232: group-A20926BC2C3F not found. on the pipeline Pipeline[ Id: 429fe793-f00c-4a17-a53d-a20926bc2c3f, Nodes: 29b985cf-35b3-45a0-92a5-99fa8b812c1b{ip: 192.168.34.21, host: pr-hdds-2481-nxhrh-893604966, networkLocation: /rack1, certSerialId: null}c6685414-dbf7-4d5a-a965-a6338d016232{ip: 192.168.34.21, host: pr-hdds-2481-nxhrh-893604966, networkLocation: /rack1, certSerialId: null}e0c88643-1b24-4b90-b706-4d063724ebcc{ip: 192.168.34.21, host: pr-hdds-2481-nxhrh-893604966, networkLocation: /rack1, certSerialId: null}, Type:RATIS, Factor:THREE, State:OPEN]. The last committed block length is 0, uncommitted data length is 1048576 retry count 0
2019-11-14 12:42:03,620 [main] INFO  io.BlockOutputStreamEntryPool (BlockOutputStreamEntryPool.java:allocateNewBlock(257)) - Allocating block with ExcludeList {datanodes = [], containerIds = [], pipelineIds = [PipelineID=429fe793-f00c-4a17-a53d-a20926bc2c3f]}
2019-11-14 12:42:03,622 [IPC Server handler 8 on 34550] WARN  block.BlockManagerImpl (BlockManagerImpl.java:allocateBlock(200)) - Pipeline creation failed for type:RATIS factor:THREE. Retrying get pipelines call once.
org.apache.hadoop.hdds.scm.pipeline.InsufficientDatanodesException: Cannot create pipeline of factor 3 using 1 nodes.
	at org.apache.hadoop.hdds.scm.pipeline.RatisPipelineProvider.create(RatisPipelineProvider.java:153)
	at org.apache.hadoop.hdds.scm.pipeline.PipelineFactory.create(PipelineFactory.java:58)
	at org.apache.hadoop.hdds.scm.pipeline.SCMPipelineManager.createPipeline(SCMPipelineManager.java:155)
	at org.apache.hadoop.hdds.scm.block.BlockManagerImpl.allocateBlock(BlockManagerImpl.java:198)
	at org.apache.hadoop.hdds.scm.server.SCMBlockProtocolServer.allocateBlock(SCMBlockProtocolServer.java:187)
	at org.apache.hadoop.hdds.scm.protocol.ScmBlockLocationProtocolServerSideTranslatorPB.allocateScmBlock(ScmBlockLocationProtocolServerSideTranslatorPB.java:159)
	at org.apache.hadoop.hdds.scm.protocol.ScmBlockLocationProtocolServerSideTranslatorPB.processMessage(ScmBlockLocationProtocolServerSideTranslatorPB.java:117)
	at org.apache.hadoop.hdds.server.OzoneProtocolMessageDispatcher.processRequest(OzoneProtocolMessageDispatcher.java:72)
	at org.apache.hadoop.hdds.scm.protocol.ScmBlockLocationProtocolServerSideTranslatorPB.send(ScmBlockLocationProtocolServerSideTranslatorPB.java:98)
	at org.apache.hadoop.hdds.protocol.proto.ScmBlockLocationProtocolProtos$ScmBlockLocationProtocolService$2.callBlockingMethod(ScmBlockLocationProtocolProtos.java:13157)
	at org.apache.hadoop.ipc.ProtobufRpcEngine$Server$ProtoBufRpcInvoker.call(ProtobufRpcEngine.java:524)
	at org.apache.hadoop.ipc.RPC$Server.call(RPC.java:1025)
	at org.apache.hadoop.ipc.Server$RpcCall.run(Server.java:876)
	at org.apache.hadoop.ipc.Server$RpcCall.run(Server.java:822)
	at java.security.AccessController.doPrivileged(Native Method)
	at javax.security.auth.Subject.doAs(Subject.java:422)
	at org.apache.hadoop.security.UserGroupInformation.doAs(UserGroupInformation.java:1730)
	at org.apache.hadoop.ipc.Server$Handler.run(Server.java:2682)
2019-11-14 12:42:03,623 [IPC Server handler 8 on 34550] INFO  block.BlockManagerImpl (BlockManagerImpl.java:allocateBlock(212)) - Could not find available pipeline of type:RATIS and factor:THREE even after retrying
2019-11-14 12:42:03,623 [IPC Server handler 8 on 34550] ERROR block.BlockManagerImpl (BlockManagerImpl.java:allocateBlock(236)) - Unable to allocate a block for the size: 4194304, type: RATIS, factor: THREE
2019-11-14 12:42:03,629 [main] ERROR io.BlockOutputStreamEntryPool (BlockOutputStreamEntryPool.java:allocateBlockIfNeeded(310)) - Try to allocate more blocks for write failed, already allocated 0 blocks for this write.
INTERNAL_ERROR org.apache.hadoop.ozone.om.exceptions.OMException: Allocated 0 blocks. Requested 1 blocks
	at org.apache.hadoop.ozone.om.protocolPB.OzoneManagerProtocolClientSideTranslatorPB.handleError(OzoneManagerProtocolClientSideTranslatorPB.java:761)
	at org.apache.hadoop.ozone.om.protocolPB.OzoneManagerProtocolClientSideTranslatorPB.allocateBlock(OzoneManagerProtocolClientSideTranslatorPB.java:793)
	at sun.reflect.NativeMethodAccessorImpl.invoke0(Native Method)
	at sun.reflect.NativeMethodAccessorImpl.invoke(NativeMethodAccessorImpl.java:62)
	at sun.reflect.DelegatingMethodAccessorImpl.invoke(DelegatingMethodAccessorImpl.java:43)
	at java.lang.reflect.Method.invoke(Method.java:498)
	at org.apache.hadoop.hdds.tracing.TraceAllMethod.invoke(TraceAllMethod.java:66)
	at com.sun.proxy.$Proxy36.allocateBlock(Unknown Source)
	at org.apache.hadoop.ozone.client.io.BlockOutputStreamEntryPool.allocateNewBlock(BlockOutputStreamEntryPool.java:259)
	at org.apache.hadoop.ozone.client.io.BlockOutputStreamEntryPool.allocateBlockIfNeeded(BlockOutputStreamEntryPool.java:307)
	at org.apache.hadoop.ozone.client.io.KeyOutputStream.handleWrite(KeyOutputStream.java:198)
	at org.apache.hadoop.ozone.client.io.KeyOutputStream.handleRetry(KeyOutputStream.java:375)
	at org.apache.hadoop.ozone.client.io.KeyOutputStream.handleException(KeyOutputStream.java:324)
	at org.apache.hadoop.ozone.client.io.KeyOutputStream.handleFlushOrClose(KeyOutputStream.java:449)
	at org.apache.hadoop.ozone.client.io.KeyOutputStream.flush(KeyOutputStream.java:397)
	at org.apache.hadoop.ozone.client.io.OzoneOutputStream.flush(OzoneOutputStream.java:54)
	at org.apache.hadoop.ozone.client.rpc.TestFailureHandlingByClient.testDatanodeExclusionWithMajorityCommit(TestFailureHandlingByClient.java:299)
	at sun.reflect.NativeMethodAccessorImpl.invoke0(Native Method)
	at sun.reflect.NativeMethodAccessorImpl.invoke(NativeMethodAccessorImpl.java:62)
	at sun.reflect.DelegatingMethodAccessorImpl.invoke(DelegatingMethodAccessorImpl.java:43)
	at java.lang.reflect.Method.invoke(Method.java:498)
	at org.junit.runners.model.FrameworkMethod$1.runReflectiveCall(FrameworkMethod.java:47)
	at org.junit.internal.runners.model.ReflectiveCallable.run(ReflectiveCallable.java:12)
	at org.junit.runners.model.FrameworkMethod.invokeExplosively(FrameworkMethod.java:44)
	at org.junit.internal.runners.statements.InvokeMethod.evaluate(InvokeMethod.java:17)
	at org.junit.internal.runners.statements.RunAfters.evaluate(RunAfters.java:27)
	at org.junit.runners.ParentRunner.runLeaf(ParentRunner.java:271)
	at org.junit.runners.BlockJUnit4ClassRunner.runChild(BlockJUnit4ClassRunner.java:70)
	at org.junit.runners.BlockJUnit4ClassRunner.runChild(BlockJUnit4ClassRunner.java:50)
	at org.junit.runners.ParentRunner$3.run(ParentRunner.java:238)
	at org.junit.runners.ParentRunner$1.schedule(ParentRunner.java:63)
	at org.junit.runners.ParentRunner.runChildren(ParentRunner.java:236)
	at org.junit.runners.ParentRunner.access$000(ParentRunner.java:53)
	at org.junit.runners.ParentRunner$2.evaluate(ParentRunner.java:229)
	at org.junit.runners.ParentRunner.run(ParentRunner.java:309)
	at org.apache.maven.surefire.junit4.JUnit4Provider.execute(JUnit4Provider.java:365)
	at org.apache.maven.surefire.junit4.JUnit4Provider.executeWithRerun(JUnit4Provider.java:273)
	at org.apache.maven.surefire.junit4.JUnit4Provider.executeTestSet(JUnit4Provider.java:238)
	at org.apache.maven.surefire.junit4.JUnit4Provider.invoke(JUnit4Provider.java:159)
	at org.apache.maven.surefire.booter.ForkedBooter.invokeProviderInSameClassLoader(ForkedBooter.java:384)
	at org.apache.maven.surefire.booter.ForkedBooter.runSuitesInProcess(ForkedBooter.java:345)
	at org.apache.maven.surefire.booter.ForkedBooter.execute(ForkedBooter.java:126)
	at org.apache.maven.surefire.booter.ForkedBooter.main(ForkedBooter.java:418)
2019-11-14 12:42:03,630 [main] INFO  ozone.MiniOzoneClusterImpl (MiniOzoneClusterImpl.java:shutdown(352)) - Shutting down the Mini Ozone Cluster
2019-11-14 12:42:03,630 [main] INFO  ozone.MiniOzoneClusterImpl (MiniOzoneClusterImpl.java:stop(368)) - Stopping the Mini Ozone Cluster
2019-11-14 12:42:03,630 [main] INFO  ozone.MiniOzoneClusterImpl (MiniOzoneClusterImpl.java:stopOM(438)) - Stopping the OzoneManager
2019-11-14 12:42:03,631 [main] INFO  ipc.Server (Server.java:stop(3082)) - Stopping server on 36326
2019-11-14 12:42:03,642 [IPC Server listener on 36326] INFO  ipc.Server (Server.java:run(1185)) - Stopping IPC Server listener on 36326
2019-11-14 12:42:03,649 [main] INFO  ratis.OzoneManagerDoubleBuffer (OzoneManagerDoubleBuffer.java:stop(261)) - Stopping OMDoubleBuffer flush thread
2019-11-14 12:42:03,650 [IPC Server Responder] INFO  ipc.Server (Server.java:run(1319)) - Stopping IPC Server Responder
2019-11-14 12:42:03,655 [OMDoubleBufferFlushThread] INFO  ratis.OzoneManagerDoubleBuffer (OzoneManagerDoubleBuffer.java:flushTransactions(199)) - OMDoubleBuffer flush thread OMDoubleBufferFlushThread is interrupted and will exit. OMDoubleBufferFlushThread
2019-11-14 12:42:03,656 [main] INFO  utils.BackgroundService (BackgroundService.java:shutdown(151)) - Shutting down service KeyDeletingService
2019-11-14 12:42:03,658 [main] INFO  handler.ContextHandler (ContextHandler.java:doStop(910)) - Stopped o.e.j.w.WebAppContext@17ec335a{/,null,UNAVAILABLE}{/ozoneManager}
2019-11-14 12:42:03,659 [main] INFO  server.AbstractConnector (AbstractConnector.java:doStop(318)) - Stopped ServerConnector@284990de{HTTP/1.1,[http/1.1]}{0.0.0.0:0}
2019-11-14 12:42:03,660 [main] INFO  handler.ContextHandler (ContextHandler.java:doStop(910)) - Stopped o.e.j.s.ServletContextHandler@2aea717c{/static,file:///workdir/hadoop-ozone/integration-test/target/test-classes/webapps/static,UNAVAILABLE}
2019-11-14 12:42:03,660 [main] INFO  handler.ContextHandler (ContextHandler.java:doStop(910)) - Stopped o.e.j.s.ServletContextHandler@224d86d2{/logs,file:///workdir/hadoop-ozone/integration-test/target/log,UNAVAILABLE}
2019-11-14 12:42:03,664 [main] INFO  ozone.MiniOzoneClusterImpl (MiniOzoneClusterImpl.java:stopDatanodes(415)) - Stopping the HddsDatanodes
2019-11-14 12:42:03,784 [Datanode State Machine Thread - 0] INFO  statemachine.DatanodeStateMachine (DatanodeStateMachine.java:lambda$startDaemon$0(350)) - Ozone container server started.
2019-11-14 12:42:03,854 [Datanode State Machine Thread - 0] INFO  statemachine.DatanodeStateMachine (DatanodeStateMachine.java:lambda$startDaemon$0(350)) - Ozone container server started.
2019-11-14 12:42:04,056 [Thread-4083] INFO  impl.FollowerState (FollowerState.java:run(111)) - c6685414-dbf7-4d5a-a965-a6338d016232@group-D35C3FC9018D-FollowerState: change to CANDIDATE, lastRpcTime:1063ms, electionTimeout:1063ms
2019-11-14 12:42:04,056 [Thread-4083] INFO  impl.RoleInfo (RoleInfo.java:shutdownFollowerState(121)) - c6685414-dbf7-4d5a-a965-a6338d016232: shutdown FollowerState
2019-11-14 12:42:04,056 [Thread-4079] INFO  impl.FollowerState (FollowerState.java:run(111)) - 29b985cf-35b3-45a0-92a5-99fa8b812c1b@group-D35C3FC9018D-FollowerState: change to CANDIDATE, lastRpcTime:1088ms, electionTimeout:1088ms
2019-11-14 12:42:04,056 [Thread-4083] INFO  impl.RaftServerImpl (RaftServerImpl.java:setRole(173)) - c6685414-dbf7-4d5a-a965-a6338d016232@group-D35C3FC9018D: changes role from  FOLLOWER to CANDIDATE at term 0 for changeToCandidate
2019-11-14 12:42:04,056 [Thread-4079] INFO  impl.RoleInfo (RoleInfo.java:shutdownFollowerState(121)) - 29b985cf-35b3-45a0-92a5-99fa8b812c1b: shutdown FollowerState
2019-11-14 12:42:04,057 [Thread-4079] INFO  impl.RaftServerImpl (RaftServerImpl.java:setRole(173)) - 29b985cf-35b3-45a0-92a5-99fa8b812c1b@group-D35C3FC9018D: changes role from  FOLLOWER to CANDIDATE at term 0 for changeToCandidate
2019-11-14 12:42:04,057 [Thread-4083] INFO  impl.RoleInfo (RoleInfo.java:updateAndGet(143)) - c6685414-dbf7-4d5a-a965-a6338d016232: start LeaderElection
2019-11-14 12:42:04,057 [Thread-4079] INFO  impl.RoleInfo (RoleInfo.java:updateAndGet(143)) - 29b985cf-35b3-45a0-92a5-99fa8b812c1b: start LeaderElection
2019-11-14 12:42:04,070 [Thread-4094] INFO  impl.FollowerState (FollowerState.java:run(111)) - 246c57ec-d0aa-4f80-a8a4-72fa2ca2a50d@group-3FFEABFB2F92-FollowerState: change to CANDIDATE, lastRpcTime:1028ms, electionTimeout:1028ms
2019-11-14 12:42:04,070 [Thread-4094] INFO  impl.RoleInfo (RoleInfo.java:shutdownFollowerState(121)) - 246c57ec-d0aa-4f80-a8a4-72fa2ca2a50d: shutdown FollowerState
2019-11-14 12:42:04,070 [Thread-4094] INFO  impl.RaftServerImpl (RaftServerImpl.java:setRole(173)) - 246c57ec-d0aa-4f80-a8a4-72fa2ca2a50d@group-3FFEABFB2F92: changes role from  FOLLOWER to CANDIDATE at term 0 for changeToCandidate
2019-11-14 12:42:04,071 [Thread-4094] INFO  impl.RoleInfo (RoleInfo.java:updateAndGet(143)) - 246c57ec-d0aa-4f80-a8a4-72fa2ca2a50d: start LeaderElection
2019-11-14 12:42:04,082 [246c57ec-d0aa-4f80-a8a4-72fa2ca2a50d@group-3FFEABFB2F92-LeaderElection205] INFO  impl.LeaderElection (LeaderElection.java:askForVotes(178)) - 246c57ec-d0aa-4f80-a8a4-72fa2ca2a50d@group-3FFEABFB2F92-LeaderElection205: begin an election at term 1 for -1: [246c57ec-d0aa-4f80-a8a4-72fa2ca2a50d:192.168.34.21:36644], old=null
2019-11-14 12:42:04,082 [29b985cf-35b3-45a0-92a5-99fa8b812c1b@group-D35C3FC9018D-LeaderElection204] INFO  impl.LeaderElection (LeaderElection.java:askForVotes(178)) - 29b985cf-35b3-45a0-92a5-99fa8b812c1b@group-D35C3FC9018D-LeaderElection204: begin an election at term 1 for -1: [e0c88643-1b24-4b90-b706-4d063724ebcc:192.168.34.21:42559, 29b985cf-35b3-45a0-92a5-99fa8b812c1b:192.168.34.21:41805, c6685414-dbf7-4d5a-a965-a6338d016232:192.168.34.21:36095], old=null
2019-11-14 12:42:04,082 [c6685414-dbf7-4d5a-a965-a6338d016232@group-D35C3FC9018D-LeaderElection203] INFO  impl.LeaderElection (LeaderElection.java:askForVotes(178)) - c6685414-dbf7-4d5a-a965-a6338d016232@group-D35C3FC9018D-LeaderElection203: begin an election at term 1 for -1: [e0c88643-1b24-4b90-b706-4d063724ebcc:192.168.34.21:42559, 29b985cf-35b3-45a0-92a5-99fa8b812c1b:192.168.34.21:41805, c6685414-dbf7-4d5a-a965-a6338d016232:192.168.34.21:36095], old=null
2019-11-14 12:42:04,083 [246c57ec-d0aa-4f80-a8a4-72fa2ca2a50d@group-3FFEABFB2F92-LeaderElection205] INFO  impl.RoleInfo (RoleInfo.java:shutdownLeaderElection(134)) - 246c57ec-d0aa-4f80-a8a4-72fa2ca2a50d: shutdown LeaderElection
2019-11-14 12:42:04,083 [246c57ec-d0aa-4f80-a8a4-72fa2ca2a50d@group-3FFEABFB2F92-LeaderElection205] INFO  impl.RaftServerImpl (RaftServerImpl.java:setRole(173)) - 246c57ec-d0aa-4f80-a8a4-72fa2ca2a50d@group-3FFEABFB2F92: changes role from CANDIDATE to LEADER at term 1 for changeToLeader
2019-11-14 12:42:04,083 [246c57ec-d0aa-4f80-a8a4-72fa2ca2a50d@group-3FFEABFB2F92-LeaderElection205] INFO  ratis.XceiverServerRatis (XceiverServerRatis.java:handleLeaderChangedNotification(697)) - Leader change notification received for group: group-3FFEABFB2F92 with new leaderId: 246c57ec-d0aa-4f80-a8a4-72fa2ca2a50d
2019-11-14 12:42:04,083 [246c57ec-d0aa-4f80-a8a4-72fa2ca2a50d@group-3FFEABFB2F92-LeaderElection205] INFO  impl.RaftServerImpl (ServerState.java:setLeader(255)) - 246c57ec-d0aa-4f80-a8a4-72fa2ca2a50d@group-3FFEABFB2F92: change Leader from null to 246c57ec-d0aa-4f80-a8a4-72fa2ca2a50d at term 1 for becomeLeader, leader elected after 1045ms
2019-11-14 12:42:04,083 [246c57ec-d0aa-4f80-a8a4-72fa2ca2a50d@group-3FFEABFB2F92-LeaderElection205] INFO  server.RaftServerConfigKeys (ConfUtils.java:logGet(43)) - raft.server.staging.catchup.gap = 1000 (default)
2019-11-14 12:42:04,084 [246c57ec-d0aa-4f80-a8a4-72fa2ca2a50d@group-3FFEABFB2F92-LeaderElection205] INFO  server.RaftServerConfigKeys (ConfUtils.java:logGet(43)) - raft.server.rpc.sleep.time = 25ms (default)
2019-11-14 12:42:04,084 [246c57ec-d0aa-4f80-a8a4-72fa2ca2a50d@group-3FFEABFB2F92-LeaderElection205] INFO  server.RaftServerConfigKeys (ConfUtils.java:logGet(43)) - raft.server.write.element-limit = 4096 (default)
2019-11-14 12:42:04,084 [246c57ec-d0aa-4f80-a8a4-72fa2ca2a50d@group-3FFEABFB2F92-LeaderElection205] INFO  server.RaftServerConfigKeys (ConfUtils.java:logGet(43)) - raft.server.watch.timeout = 10s (default)
2019-11-14 12:42:04,084 [246c57ec-d0aa-4f80-a8a4-72fa2ca2a50d@group-3FFEABFB2F92-LeaderElection205] INFO  server.RaftServerConfigKeys (ConfUtils.java:logGet(43)) - raft.server.watch.timeout.denomination = 1s (default)
2019-11-14 12:42:04,084 [246c57ec-d0aa-4f80-a8a4-72fa2ca2a50d@group-3FFEABFB2F92-LeaderElection205] INFO  server.RaftServerConfigKeys (ConfUtils.java:logGet(43)) - raft.server.watch.element-limit = 65536 (default)
2019-11-14 12:42:04,084 [EventQueue-PipelineReportForPipelineReportHandler] INFO  pipeline.PipelineStateManager (PipelineStateManager.java:openPipeline(134)) - Pipeline Pipeline[ Id: 76b8257c-929e-423a-9ad7-3ffeabfb2f92, Nodes: 246c57ec-d0aa-4f80-a8a4-72fa2ca2a50d{ip: 192.168.34.21, host: pr-hdds-2481-nxhrh-893604966, networkLocation: /rack1, certSerialId: null}, Type:RATIS, Factor:ONE, State:OPEN] moved to OPEN state
2019-11-14 12:42:04,084 [246c57ec-d0aa-4f80-a8a4-72fa2ca2a50d@group-3FFEABFB2F92-LeaderElection205] INFO  impl.RoleInfo (RoleInfo.java:updateAndGet(143)) - 246c57ec-d0aa-4f80-a8a4-72fa2ca2a50d: start LeaderState
2019-11-14 12:42:04,085 [246c57ec-d0aa-4f80-a8a4-72fa2ca2a50d@group-3FFEABFB2F92-LeaderElection205] INFO  segmented.SegmentedRaftLogWorker (SegmentedRaftLogWorker.java:startLogSegment(385)) - 246c57ec-d0aa-4f80-a8a4-72fa2ca2a50d@group-3FFEABFB2F92-SegmentedRaftLogWorker: Starting segment from index:0
2019-11-14 12:42:04,085 [246c57ec-d0aa-4f80-a8a4-72fa2ca2a50d@group-3FFEABFB2F92-LeaderElection205] INFO  impl.RaftServerImpl (ServerState.java:setRaftConf(356)) - 246c57ec-d0aa-4f80-a8a4-72fa2ca2a50d@group-3FFEABFB2F92: set configuration 0: [246c57ec-d0aa-4f80-a8a4-72fa2ca2a50d:192.168.34.21:36644], old=null at 0
2019-11-14 12:42:04,115 [grpc-default-executor-5] INFO  impl.RaftServerImpl (RaftServerImpl.java:setRole(173)) - e0c88643-1b24-4b90-b706-4d063724ebcc@group-D35C3FC9018D: changes role from  FOLLOWER to FOLLOWER at term 1 for recognizeCandidate:c6685414-dbf7-4d5a-a965-a6338d016232
2019-11-14 12:42:04,116 [grpc-default-executor-5] INFO  impl.RoleInfo (RoleInfo.java:shutdownFollowerState(121)) - e0c88643-1b24-4b90-b706-4d063724ebcc: shutdown FollowerState
2019-11-14 12:42:04,116 [Thread-4084] INFO  impl.FollowerState (FollowerState.java:run(120)) - e0c88643-1b24-4b90-b706-4d063724ebcc@group-D35C3FC9018D-FollowerState was interrupted: java.lang.InterruptedException: sleep interrupted
2019-11-14 12:42:04,116 [grpc-default-executor-5] INFO  impl.RoleInfo (RoleInfo.java:updateAndGet(143)) - e0c88643-1b24-4b90-b706-4d063724ebcc: start FollowerState
2019-11-14 12:42:04,146 [246c57ec-d0aa-4f80-a8a4-72fa2ca2a50d@group-3FFEABFB2F92-SegmentedRaftLogWorker] INFO  segmented.SegmentedRaftLogWorker (SegmentedRaftLogWorker.java:execute(576)) - 246c57ec-d0aa-4f80-a8a4-72fa2ca2a50d@group-3FFEABFB2F92-SegmentedRaftLogWorker: created new log segment /workdir/hadoop-ozone/integration-test/target/test-dir/MiniOzoneClusterImpl-00c2d61f-fa45-4119-a3b8-446fff627119/datanode-0/data/ratis/76b8257c-929e-423a-9ad7-3ffeabfb2f92/current/log_inprogress_0
2019-11-14 12:42:04,146 [c6685414-dbf7-4d5a-a965-a6338d016232@group-D35C3FC9018D-LeaderElection203] INFO  impl.LeaderElection (LeaderElection.java:logAndReturn(56)) - c6685414-dbf7-4d5a-a965-a6338d016232@group-D35C3FC9018D-LeaderElection203: Election PASSED; received 2 response(s) [c6685414-dbf7-4d5a-a965-a6338d016232<-e0c88643-1b24-4b90-b706-4d063724ebcc#0:OK-t1, c6685414-dbf7-4d5a-a965-a6338d016232<-29b985cf-35b3-45a0-92a5-99fa8b812c1b#0:FAIL-t1] and 0 exception(s); c6685414-dbf7-4d5a-a965-a6338d016232@group-D35C3FC9018D:t1, leader=null, voted=c6685414-dbf7-4d5a-a965-a6338d016232, raftlog=c6685414-dbf7-4d5a-a965-a6338d016232@group-D35C3FC9018D-SegmentedRaftLog:OPENED:c-1,f-1,i0, conf=-1: [e0c88643-1b24-4b90-b706-4d063724ebcc:192.168.34.21:42559, 29b985cf-35b3-45a0-92a5-99fa8b812c1b:192.168.34.21:41805, c6685414-dbf7-4d5a-a965-a6338d016232:192.168.34.21:36095], old=null
2019-11-14 12:42:04,146 [29b985cf-35b3-45a0-92a5-99fa8b812c1b@group-D35C3FC9018D-LeaderElection204] INFO  impl.LeaderElection (LeaderElection.java:logAndReturn(56)) - 29b985cf-35b3-45a0-92a5-99fa8b812c1b@group-D35C3FC9018D-LeaderElection204: Election REJECTED; received 2 response(s) [29b985cf-35b3-45a0-92a5-99fa8b812c1b<-e0c88643-1b24-4b90-b706-4d063724ebcc#0:FAIL-t1, 29b985cf-35b3-45a0-92a5-99fa8b812c1b<-c6685414-dbf7-4d5a-a965-a6338d016232#0:FAIL-t1] and 0 exception(s); 29b985cf-35b3-45a0-92a5-99fa8b812c1b@group-D35C3FC9018D:t1, leader=null, voted=29b985cf-35b3-45a0-92a5-99fa8b812c1b, raftlog=29b985cf-35b3-45a0-92a5-99fa8b812c1b@group-D35C3FC9018D-SegmentedRaftLog:OPENED:c-1,f-1,i0, conf=-1: [e0c88643-1b24-4b90-b706-4d063724ebcc:192.168.34.21:42559, 29b985cf-35b3-45a0-92a5-99fa8b812c1b:192.168.34.21:41805, c6685414-dbf7-4d5a-a965-a6338d016232:192.168.34.21:36095], old=null
2019-11-14 12:42:04,146 [c6685414-dbf7-4d5a-a965-a6338d016232@group-D35C3FC9018D-LeaderElection203] INFO  impl.RoleInfo (RoleInfo.java:shutdownLeaderElection(134)) - c6685414-dbf7-4d5a-a965-a6338d016232: shutdown LeaderElection
2019-11-14 12:42:04,147 [29b985cf-35b3-45a0-92a5-99fa8b812c1b@group-D35C3FC9018D-LeaderElection204] INFO  impl.RaftServerImpl (RaftServerImpl.java:setRole(173)) - 29b985cf-35b3-45a0-92a5-99fa8b812c1b@group-D35C3FC9018D: changes role from CANDIDATE to FOLLOWER at term 1 for DISCOVERED_A_NEW_TERM
2019-11-14 12:42:04,147 [29b985cf-35b3-45a0-92a5-99fa8b812c1b@group-D35C3FC9018D-LeaderElection204] INFO  impl.RoleInfo (RoleInfo.java:shutdownLeaderElection(134)) - 29b985cf-35b3-45a0-92a5-99fa8b812c1b: shutdown LeaderElection
2019-11-14 12:42:04,147 [c6685414-dbf7-4d5a-a965-a6338d016232@group-D35C3FC9018D-LeaderElection203] INFO  impl.RaftServerImpl (RaftServerImpl.java:setRole(173)) - c6685414-dbf7-4d5a-a965-a6338d016232@group-D35C3FC9018D: changes role from CANDIDATE to LEADER at term 1 for changeToLeader
2019-11-14 12:42:04,147 [29b985cf-35b3-45a0-92a5-99fa8b812c1b@group-D35C3FC9018D-LeaderElection204] INFO  impl.RoleInfo (RoleInfo.java:updateAndGet(143)) - 29b985cf-35b3-45a0-92a5-99fa8b812c1b: start FollowerState
2019-11-14 12:42:04,147 [c6685414-dbf7-4d5a-a965-a6338d016232@group-D35C3FC9018D-LeaderElection203] INFO  ratis.XceiverServerRatis (XceiverServerRatis.java:handleLeaderChangedNotification(697)) - Leader change notification received for group: group-D35C3FC9018D with new leaderId: c6685414-dbf7-4d5a-a965-a6338d016232
2019-11-14 12:42:04,147 [c6685414-dbf7-4d5a-a965-a6338d016232@group-D35C3FC9018D-LeaderElection203] INFO  impl.RaftServerImpl (ServerState.java:setLeader(255)) - c6685414-dbf7-4d5a-a965-a6338d016232@group-D35C3FC9018D: change Leader from null to c6685414-dbf7-4d5a-a965-a6338d016232 at term 1 for becomeLeader, leader elected after 1185ms
2019-11-14 12:42:04,147 [c6685414-dbf7-4d5a-a965-a6338d016232@group-D35C3FC9018D-LeaderElection203] INFO  server.RaftServerConfigKeys (ConfUtils.java:logGet(43)) - raft.server.staging.catchup.gap = 1000 (default)
2019-11-14 12:42:04,147 [c6685414-dbf7-4d5a-a965-a6338d016232@group-D35C3FC9018D-LeaderElection203] INFO  server.RaftServerConfigKeys (ConfUtils.java:logGet(43)) - raft.server.rpc.sleep.time = 25ms (default)
2019-11-14 12:42:04,147 [c6685414-dbf7-4d5a-a965-a6338d016232@group-D35C3FC9018D-LeaderElection203] INFO  server.RaftServerConfigKeys (ConfUtils.java:logGet(43)) - raft.server.write.element-limit = 4096 (default)
2019-11-14 12:42:04,148 [c6685414-dbf7-4d5a-a965-a6338d016232@group-D35C3FC9018D-LeaderElection203] INFO  server.RaftServerConfigKeys (ConfUtils.java:logGet(43)) - raft.server.watch.timeout = 10s (default)
2019-11-14 12:42:04,148 [c6685414-dbf7-4d5a-a965-a6338d016232@group-D35C3FC9018D-LeaderElection203] INFO  server.RaftServerConfigKeys (ConfUtils.java:logGet(43)) - raft.server.watch.timeout.denomination = 1s (default)
2019-11-14 12:42:04,148 [c6685414-dbf7-4d5a-a965-a6338d016232@group-D35C3FC9018D-LeaderElection203] INFO  server.RaftServerConfigKeys (ConfUtils.java:logGet(43)) - raft.server.watch.element-limit = 65536 (default)
2019-11-14 12:42:04,148 [c6685414-dbf7-4d5a-a965-a6338d016232@group-D35C3FC9018D-LeaderElection203] INFO  server.RaftServerConfigKeys (ConfUtils.java:logGet(43)) - raft.server.log.appender.snapshot.chunk.size.max = 16MB (=16777216) (default)
2019-11-14 12:42:04,148 [c6685414-dbf7-4d5a-a965-a6338d016232@group-D35C3FC9018D-LeaderElection203] INFO  server.RaftServerConfigKeys (ConfUtils.java:logGet(43)) - raft.server.log.appender.buffer.byte-limit = 33554432 (custom)
2019-11-14 12:42:04,148 [c6685414-dbf7-4d5a-a965-a6338d016232@group-D35C3FC9018D-LeaderElection203] INFO  server.RaftServerConfigKeys (ConfUtils.java:logGet(43)) - raft.server.log.appender.buffer.element-limit = 1 (custom)
2019-11-14 12:42:04,148 [c6685414-dbf7-4d5a-a965-a6338d016232@group-D35C3FC9018D-LeaderElection203] INFO  grpc.GrpcConfigKeys$Server (ConfUtils.java:logGet(43)) - raft.grpc.server.leader.outstanding.appends.max = 128 (default)
2019-11-14 12:42:04,148 [c6685414-dbf7-4d5a-a965-a6338d016232@group-D35C3FC9018D-LeaderElection203] INFO  server.RaftServerConfigKeys (ConfUtils.java:logGet(43)) - raft.server.rpc.request.timeout = 3000ms (default)
2019-11-14 12:42:04,148 [c6685414-dbf7-4d5a-a965-a6338d016232@group-D35C3FC9018D-LeaderElection203] INFO  server.RaftServerConfigKeys (ConfUtils.java:logGet(43)) - raft.server.log.appender.install.snapshot.enabled = false (custom)
2019-11-14 12:42:04,149 [c6685414-dbf7-4d5a-a965-a6338d016232@group-D35C3FC9018D-LeaderElection203] WARN  impl.MetricRegistriesImpl (MetricRegistriesImpl.java:lambda$create$1(61)) - First MetricRegistry has been created without registering reporters. You may need to call MetricRegistries.global().addReportRegistration(...) before.
2019-11-14 12:42:04,149 [c6685414-dbf7-4d5a-a965-a6338d016232@group-D35C3FC9018D-LeaderElection203] INFO  server.RaftServerConfigKeys (ConfUtils.java:logGet(43)) - raft.server.log.appender.snapshot.chunk.size.max = 16MB (=16777216) (default)
2019-11-14 12:42:04,149 [c6685414-dbf7-4d5a-a965-a6338d016232@group-D35C3FC9018D-LeaderElection203] INFO  server.RaftServerConfigKeys (ConfUtils.java:logGet(43)) - raft.server.log.appender.buffer.byte-limit = 33554432 (custom)
2019-11-14 12:42:04,149 [c6685414-dbf7-4d5a-a965-a6338d016232@group-D35C3FC9018D-LeaderElection203] INFO  server.RaftServerConfigKeys (ConfUtils.java:logGet(43)) - raft.server.log.appender.buffer.element-limit = 1 (custom)
2019-11-14 12:42:04,149 [c6685414-dbf7-4d5a-a965-a6338d016232@group-D35C3FC9018D-LeaderElection203] INFO  grpc.GrpcConfigKeys$Server (ConfUtils.java:logGet(43)) - raft.grpc.server.leader.outstanding.appends.max = 128 (default)
2019-11-14 12:42:04,149 [c6685414-dbf7-4d5a-a965-a6338d016232@group-D35C3FC9018D-LeaderElection203] INFO  server.RaftServerConfigKeys (ConfUtils.java:logGet(43)) - raft.server.rpc.request.timeout = 3000ms (default)
2019-11-14 12:42:04,149 [c6685414-dbf7-4d5a-a965-a6338d016232@group-D35C3FC9018D-LeaderElection203] INFO  server.RaftServerConfigKeys (ConfUtils.java:logGet(43)) - raft.server.log.appender.install.snapshot.enabled = false (custom)
2019-11-14 12:42:04,149 [c6685414-dbf7-4d5a-a965-a6338d016232@group-D35C3FC9018D-LeaderElection203] INFO  impl.RoleInfo (RoleInfo.java:updateAndGet(143)) - c6685414-dbf7-4d5a-a965-a6338d016232: start LeaderState
2019-11-14 12:42:04,150 [c6685414-dbf7-4d5a-a965-a6338d016232@group-D35C3FC9018D-LeaderElection203] INFO  segmented.SegmentedRaftLogWorker (SegmentedRaftLogWorker.java:startLogSegment(385)) - c6685414-dbf7-4d5a-a965-a6338d016232@group-D35C3FC9018D-SegmentedRaftLogWorker: Starting segment from index:0
2019-11-14 12:42:04,150 [c6685414-dbf7-4d5a-a965-a6338d016232@group-D35C3FC9018D-LeaderElection203] INFO  impl.RaftServerImpl (ServerState.java:setRaftConf(356)) - c6685414-dbf7-4d5a-a965-a6338d016232@group-D35C3FC9018D: set configuration 0: [e0c88643-1b24-4b90-b706-4d063724ebcc:192.168.34.21:42559, 29b985cf-35b3-45a0-92a5-99fa8b812c1b:192.168.34.21:41805, c6685414-dbf7-4d5a-a965-a6338d016232:192.168.34.21:36095], old=null at 0
2019-11-14 12:42:04,151 [grpc-default-executor-5] INFO  ratis.XceiverServerRatis (XceiverServerRatis.java:handleLeaderChangedNotification(697)) - Leader change notification received for group: group-D35C3FC9018D with new leaderId: c6685414-dbf7-4d5a-a965-a6338d016232
2019-11-14 12:42:04,152 [grpc-default-executor-5] INFO  impl.RaftServerImpl (ServerState.java:setLeader(255)) - e0c88643-1b24-4b90-b706-4d063724ebcc@group-D35C3FC9018D: change Leader from null to c6685414-dbf7-4d5a-a965-a6338d016232 at term 1 for appendEntries, leader elected after 1190ms
2019-11-14 12:42:04,152 [grpc-default-executor-1] INFO  ratis.XceiverServerRatis (XceiverServerRatis.java:handleLeaderChangedNotification(697)) - Leader change notification received for group: group-D35C3FC9018D with new leaderId: c6685414-dbf7-4d5a-a965-a6338d016232
2019-11-14 12:42:04,152 [grpc-default-executor-1] INFO  impl.RaftServerImpl (ServerState.java:setLeader(255)) - 29b985cf-35b3-45a0-92a5-99fa8b812c1b@group-D35C3FC9018D: change Leader from null to c6685414-dbf7-4d5a-a965-a6338d016232 at term 1 for appendEntries, leader elected after 1190ms
2019-11-14 12:42:04,153 [grpc-default-executor-1] INFO  impl.RaftServerImpl (ServerState.java:setRaftConf(356)) - e0c88643-1b24-4b90-b706-4d063724ebcc@group-D35C3FC9018D: set configuration 0: [e0c88643-1b24-4b90-b706-4d063724ebcc:192.168.34.21:42559, 29b985cf-35b3-45a0-92a5-99fa8b812c1b:192.168.34.21:41805, c6685414-dbf7-4d5a-a965-a6338d016232:192.168.34.21:36095], old=null at 0
2019-11-14 12:42:04,154 [grpc-default-executor-5] INFO  impl.RaftServerImpl (ServerState.java:setRaftConf(356)) - 29b985cf-35b3-45a0-92a5-99fa8b812c1b@group-D35C3FC9018D: set configuration 0: [e0c88643-1b24-4b90-b706-4d063724ebcc:192.168.34.21:42559, 29b985cf-35b3-45a0-92a5-99fa8b812c1b:192.168.34.21:41805, c6685414-dbf7-4d5a-a965-a6338d016232:192.168.34.21:36095], old=null at 0
2019-11-14 12:42:04,154 [grpc-default-executor-1] INFO  segmented.SegmentedRaftLogWorker (SegmentedRaftLogWorker.java:startLogSegment(385)) - e0c88643-1b24-4b90-b706-4d063724ebcc@group-D35C3FC9018D-SegmentedRaftLogWorker: Starting segment from index:0
2019-11-14 12:42:04,154 [grpc-default-executor-5] INFO  segmented.SegmentedRaftLogWorker (SegmentedRaftLogWorker.java:startLogSegment(385)) - 29b985cf-35b3-45a0-92a5-99fa8b812c1b@group-D35C3FC9018D-SegmentedRaftLogWorker: Starting segment from index:0
2019-11-14 12:42:04,161 [Thread-4105] INFO  impl.FollowerState (FollowerState.java:run(111)) - 246c57ec-d0aa-4f80-a8a4-72fa2ca2a50d@group-E518947F9F97-FollowerState: change to CANDIDATE, lastRpcTime:1044ms, electionTimeout:1044ms
2019-11-14 12:42:04,162 [Thread-4105] INFO  impl.RoleInfo (RoleInfo.java:shutdownFollowerState(121)) - 246c57ec-d0aa-4f80-a8a4-72fa2ca2a50d: shutdown FollowerState
2019-11-14 12:42:04,162 [Thread-4105] INFO  impl.RaftServerImpl (RaftServerImpl.java:setRole(173)) - 246c57ec-d0aa-4f80-a8a4-72fa2ca2a50d@group-E518947F9F97: changes role from  FOLLOWER to CANDIDATE at term 0 for changeToCandidate
2019-11-14 12:42:04,162 [Thread-4105] INFO  impl.RoleInfo (RoleInfo.java:updateAndGet(143)) - 246c57ec-d0aa-4f80-a8a4-72fa2ca2a50d: start LeaderElection
2019-11-14 12:42:04,287 [Thread-4104] INFO  impl.FollowerState (FollowerState.java:run(111)) - a1f4ab9e-675c-48c0-bb27-a541bfd11ae2@group-E518947F9F97-FollowerState: change to CANDIDATE, lastRpcTime:1170ms, electionTimeout:1170ms
2019-11-14 12:42:04,288 [Thread-4104] INFO  impl.RoleInfo (RoleInfo.java:shutdownFollowerState(121)) - a1f4ab9e-675c-48c0-bb27-a541bfd11ae2: shutdown FollowerState
2019-11-14 12:42:04,288 [Thread-4104] INFO  impl.RaftServerImpl (RaftServerImpl.java:setRole(173)) - a1f4ab9e-675c-48c0-bb27-a541bfd11ae2@group-E518947F9F97: changes role from  FOLLOWER to CANDIDATE at term 0 for changeToCandidate
2019-11-14 12:42:04,288 [Thread-4104] INFO  impl.RoleInfo (RoleInfo.java:updateAndGet(143)) - a1f4ab9e-675c-48c0-bb27-a541bfd11ae2: start LeaderElection
2019-11-14 12:42:04,304 [Thread-4100] INFO  impl.FollowerState (FollowerState.java:run(111)) - 7f15e76e-ccdf-421e-a2ec-7ae8a15127a1@group-E518947F9F97-FollowerState: change to CANDIDATE, lastRpcTime:1188ms, electionTimeout:1188ms
2019-11-14 12:42:04,304 [Thread-4100] INFO  impl.RoleInfo (RoleInfo.java:shutdownFollowerState(121)) - 7f15e76e-ccdf-421e-a2ec-7ae8a15127a1: shutdown FollowerState
2019-11-14 12:42:04,304 [Thread-4100] INFO  impl.RaftServerImpl (RaftServerImpl.java:setRole(173)) - 7f15e76e-ccdf-421e-a2ec-7ae8a15127a1@group-E518947F9F97: changes role from  FOLLOWER to CANDIDATE at term 0 for changeToCandidate
2019-11-14 12:42:04,304 [Thread-4100] INFO  impl.RoleInfo (RoleInfo.java:updateAndGet(143)) - 7f15e76e-ccdf-421e-a2ec-7ae8a15127a1: start LeaderElection
2019-11-14 12:42:04,319 [Thread-4118] INFO  impl.FollowerState (FollowerState.java:run(111)) - 7f15e76e-ccdf-421e-a2ec-7ae8a15127a1@group-9DB40430F9D7-FollowerState: change to CANDIDATE, lastRpcTime:1013ms, electionTimeout:1013ms
2019-11-14 12:42:04,319 [Thread-4118] INFO  impl.RoleInfo (RoleInfo.java:shutdownFollowerState(121)) - 7f15e76e-ccdf-421e-a2ec-7ae8a15127a1: shutdown FollowerState
2019-11-14 12:42:04,319 [Thread-4118] INFO  impl.RaftServerImpl (RaftServerImpl.java:setRole(173)) - 7f15e76e-ccdf-421e-a2ec-7ae8a15127a1@group-9DB40430F9D7: changes role from  FOLLOWER to CANDIDATE at term 0 for changeToCandidate
2019-11-14 12:42:04,319 [Thread-4118] INFO  impl.RoleInfo (RoleInfo.java:updateAndGet(143)) - 7f15e76e-ccdf-421e-a2ec-7ae8a15127a1: start LeaderElection
2019-11-14 12:42:04,342 [Thread-4114] INFO  impl.FollowerState (FollowerState.java:run(111)) - e0c88643-1b24-4b90-b706-4d063724ebcc@group-ADE9040901F1-FollowerState: change to CANDIDATE, lastRpcTime:1110ms, electionTimeout:1110ms
2019-11-14 12:42:04,342 [Thread-4114] INFO  impl.RoleInfo (RoleInfo.java:shutdownFollowerState(121)) - e0c88643-1b24-4b90-b706-4d063724ebcc: shutdown FollowerState
2019-11-14 12:42:04,342 [Thread-4114] INFO  impl.RaftServerImpl (RaftServerImpl.java:setRole(173)) - e0c88643-1b24-4b90-b706-4d063724ebcc@group-ADE9040901F1: changes role from  FOLLOWER to CANDIDATE at term 0 for changeToCandidate
2019-11-14 12:42:04,342 [Thread-4114] INFO  impl.RoleInfo (RoleInfo.java:updateAndGet(143)) - e0c88643-1b24-4b90-b706-4d063724ebcc: start LeaderElection
2019-11-14 12:42:04,348 [c6685414-dbf7-4d5a-a965-a6338d016232@group-D35C3FC9018D-SegmentedRaftLogWorker] INFO  segmented.SegmentedRaftLogWorker (SegmentedRaftLogWorker.java:execute(576)) - c6685414-dbf7-4d5a-a965-a6338d016232@group-D35C3FC9018D-SegmentedRaftLogWorker: created new log segment /workdir/hadoop-ozone/integration-test/target/test-dir/MiniOzoneClusterImpl-00c2d61f-fa45-4119-a3b8-446fff627119/datanode-5/data/ratis/3149e730-1459-48cc-80a5-d35c3fc9018d/current/log_inprogress_0
2019-11-14 12:42:04,348 [e0c88643-1b24-4b90-b706-4d063724ebcc@group-D35C3FC9018D-SegmentedRaftLogWorker] INFO  segmented.SegmentedRaftLogWorker (SegmentedRaftLogWorker.java:execute(576)) - e0c88643-1b24-4b90-b706-4d063724ebcc@group-D35C3FC9018D-SegmentedRaftLogWorker: created new log segment /workdir/hadoop-ozone/integration-test/target/test-dir/MiniOzoneClusterImpl-00c2d61f-fa45-4119-a3b8-446fff627119/datanode-4/data/ratis/3149e730-1459-48cc-80a5-d35c3fc9018d/current/log_inprogress_0
2019-11-14 12:42:04,348 [29b985cf-35b3-45a0-92a5-99fa8b812c1b@group-D35C3FC9018D-SegmentedRaftLogWorker] INFO  segmented.SegmentedRaftLogWorker (SegmentedRaftLogWorker.java:execute(576)) - 29b985cf-35b3-45a0-92a5-99fa8b812c1b@group-D35C3FC9018D-SegmentedRaftLogWorker: created new log segment /workdir/hadoop-ozone/integration-test/target/test-dir/MiniOzoneClusterImpl-00c2d61f-fa45-4119-a3b8-446fff627119/datanode-6/data/ratis/3149e730-1459-48cc-80a5-d35c3fc9018d/current/log_inprogress_0
2019-11-14 12:42:04,352 [e0c88643-1b24-4b90-b706-4d063724ebcc@group-ADE9040901F1-LeaderElection210] INFO  impl.LeaderElection (LeaderElection.java:askForVotes(178)) - e0c88643-1b24-4b90-b706-4d063724ebcc@group-ADE9040901F1-LeaderElection210: begin an election at term 1 for -1: [e0c88643-1b24-4b90-b706-4d063724ebcc:192.168.34.21:42559], old=null
2019-11-14 12:42:04,352 [a1f4ab9e-675c-48c0-bb27-a541bfd11ae2@group-E518947F9F97-LeaderElection207] INFO  impl.LeaderElection (LeaderElection.java:askForVotes(178)) - a1f4ab9e-675c-48c0-bb27-a541bfd11ae2@group-E518947F9F97-LeaderElection207: begin an election at term 1 for -1: [7f15e76e-ccdf-421e-a2ec-7ae8a15127a1:192.168.34.21:39661, 246c57ec-d0aa-4f80-a8a4-72fa2ca2a50d:192.168.34.21:36644, a1f4ab9e-675c-48c0-bb27-a541bfd11ae2:192.168.34.21:38632], old=null
2019-11-14 12:42:04,352 [246c57ec-d0aa-4f80-a8a4-72fa2ca2a50d@group-E518947F9F97-LeaderElection206] INFO  impl.LeaderElection (LeaderElection.java:askForVotes(178)) - 246c57ec-d0aa-4f80-a8a4-72fa2ca2a50d@group-E518947F9F97-LeaderElection206: begin an election at term 1 for -1: [7f15e76e-ccdf-421e-a2ec-7ae8a15127a1:192.168.34.21:39661, 246c57ec-d0aa-4f80-a8a4-72fa2ca2a50d:192.168.34.21:36644, a1f4ab9e-675c-48c0-bb27-a541bfd11ae2:192.168.34.21:38632], old=null
2019-11-14 12:42:04,352 [7f15e76e-ccdf-421e-a2ec-7ae8a15127a1@group-E518947F9F97-LeaderElection208] INFO  impl.LeaderElection (LeaderElection.java:askForVotes(178)) - 7f15e76e-ccdf-421e-a2ec-7ae8a15127a1@group-E518947F9F97-LeaderElection208: begin an election at term 1 for -1: [7f15e76e-ccdf-421e-a2ec-7ae8a15127a1:192.168.34.21:39661, 246c57ec-d0aa-4f80-a8a4-72fa2ca2a50d:192.168.34.21:36644, a1f4ab9e-675c-48c0-bb27-a541bfd11ae2:192.168.34.21:38632], old=null
2019-11-14 12:42:04,352 [7f15e76e-ccdf-421e-a2ec-7ae8a15127a1@group-9DB40430F9D7-LeaderElection209] INFO  impl.LeaderElection (LeaderElection.java:askForVotes(178)) - 7f15e76e-ccdf-421e-a2ec-7ae8a15127a1@group-9DB40430F9D7-LeaderElection209: begin an election at term 1 for -1: [7f15e76e-ccdf-421e-a2ec-7ae8a15127a1:192.168.34.21:39661], old=null
2019-11-14 12:42:04,352 [e0c88643-1b24-4b90-b706-4d063724ebcc@group-ADE9040901F1-LeaderElection210] INFO  impl.RoleInfo (RoleInfo.java:shutdownLeaderElection(134)) - e0c88643-1b24-4b90-b706-4d063724ebcc: shutdown LeaderElection
2019-11-14 12:42:04,352 [7f15e76e-ccdf-421e-a2ec-7ae8a15127a1@group-9DB40430F9D7-LeaderElection209] INFO  impl.RoleInfo (RoleInfo.java:shutdownLeaderElection(134)) - 7f15e76e-ccdf-421e-a2ec-7ae8a15127a1: shutdown LeaderElection
2019-11-14 12:42:04,352 [e0c88643-1b24-4b90-b706-4d063724ebcc@group-ADE9040901F1-LeaderElection210] INFO  impl.RaftServerImpl (RaftServerImpl.java:setRole(173)) - e0c88643-1b24-4b90-b706-4d063724ebcc@group-ADE9040901F1: changes role from CANDIDATE to LEADER at term 1 for changeToLeader
2019-11-14 12:42:04,352 [e0c88643-1b24-4b90-b706-4d063724ebcc@group-ADE9040901F1-LeaderElection210] INFO  ratis.XceiverServerRatis (XceiverServerRatis.java:handleLeaderChangedNotification(697)) - Leader change notification received for group: group-ADE9040901F1 with new leaderId: e0c88643-1b24-4b90-b706-4d063724ebcc
2019-11-14 12:42:04,352 [7f15e76e-ccdf-421e-a2ec-7ae8a15127a1@group-9DB40430F9D7-LeaderElection209] INFO  impl.RaftServerImpl (RaftServerImpl.java:setRole(173)) - 7f15e76e-ccdf-421e-a2ec-7ae8a15127a1@group-9DB40430F9D7: changes role from CANDIDATE to LEADER at term 1 for changeToLeader
2019-11-14 12:42:04,353 [7f15e76e-ccdf-421e-a2ec-7ae8a15127a1@group-9DB40430F9D7-LeaderElection209] INFO  ratis.XceiverServerRatis (XceiverServerRatis.java:handleLeaderChangedNotification(697)) - Leader change notification received for group: group-9DB40430F9D7 with new leaderId: 7f15e76e-ccdf-421e-a2ec-7ae8a15127a1
2019-11-14 12:42:04,353 [e0c88643-1b24-4b90-b706-4d063724ebcc@group-ADE9040901F1-LeaderElection210] INFO  impl.RaftServerImpl (ServerState.java:setLeader(255)) - e0c88643-1b24-4b90-b706-4d063724ebcc@group-ADE9040901F1: change Leader from null to e0c88643-1b24-4b90-b706-4d063724ebcc at term 1 for becomeLeader, leader elected after 1123ms
2019-11-14 12:42:04,353 [7f15e76e-ccdf-421e-a2ec-7ae8a15127a1@group-9DB40430F9D7-LeaderElection209] INFO  impl.RaftServerImpl (ServerState.java:setLeader(255)) - 7f15e76e-ccdf-421e-a2ec-7ae8a15127a1@group-9DB40430F9D7: change Leader from null to 7f15e76e-ccdf-421e-a2ec-7ae8a15127a1 at term 1 for becomeLeader, leader elected after 1050ms
2019-11-14 12:42:04,353 [e0c88643-1b24-4b90-b706-4d063724ebcc@group-ADE9040901F1-LeaderElection210] INFO  server.RaftServerConfigKeys (ConfUtils.java:logGet(43)) - raft.server.staging.catchup.gap = 1000 (default)
2019-11-14 12:42:04,353 [7f15e76e-ccdf-421e-a2ec-7ae8a15127a1@group-9DB40430F9D7-LeaderElection209] INFO  server.RaftServerConfigKeys (ConfUtils.java:logGet(43)) - raft.server.staging.catchup.gap = 1000 (default)
2019-11-14 12:42:04,353 [e0c88643-1b24-4b90-b706-4d063724ebcc@group-ADE9040901F1-LeaderElection210] INFO  server.RaftServerConfigKeys (ConfUtils.java:logGet(43)) - raft.server.rpc.sleep.time = 25ms (default)
2019-11-14 12:42:04,353 [7f15e76e-ccdf-421e-a2ec-7ae8a15127a1@group-9DB40430F9D7-LeaderElection209] INFO  server.RaftServerConfigKeys (ConfUtils.java:logGet(43)) - raft.server.rpc.sleep.time = 25ms (default)
2019-11-14 12:42:04,354 [e0c88643-1b24-4b90-b706-4d063724ebcc@group-ADE9040901F1-LeaderElection210] INFO  server.RaftServerConfigKeys (ConfUtils.java:logGet(43)) - raft.server.write.element-limit = 4096 (default)
2019-11-14 12:42:04,354 [e0c88643-1b24-4b90-b706-4d063724ebcc@group-ADE9040901F1-LeaderElection210] INFO  server.RaftServerConfigKeys (ConfUtils.java:logGet(43)) - raft.server.watch.timeout = 10s (default)
2019-11-14 12:42:04,354 [EventQueue-PipelineReportForPipelineReportHandler] INFO  pipeline.PipelineStateManager (PipelineStateManager.java:openPipeline(134)) - Pipeline Pipeline[ Id: 7a6ff6d2-431e-4d37-8721-ade9040901f1, Nodes: e0c88643-1b24-4b90-b706-4d063724ebcc{ip: 192.168.34.21, host: pr-hdds-2481-nxhrh-893604966, networkLocation: /rack1, certSerialId: null}, Type:RATIS, Factor:ONE, State:OPEN] moved to OPEN state
2019-11-14 12:42:04,354 [e0c88643-1b24-4b90-b706-4d063724ebcc@group-ADE9040901F1-LeaderElection210] INFO  server.RaftServerConfigKeys (ConfUtils.java:logGet(43)) - raft.server.watch.timeout.denomination = 1s (default)
2019-11-14 12:42:04,354 [e0c88643-1b24-4b90-b706-4d063724ebcc@group-ADE9040901F1-LeaderElection210] INFO  server.RaftServerConfigKeys (ConfUtils.java:logGet(43)) - raft.server.watch.element-limit = 65536 (default)
2019-11-14 12:42:04,354 [e0c88643-1b24-4b90-b706-4d063724ebcc@group-ADE9040901F1-LeaderElection210] INFO  impl.RoleInfo (RoleInfo.java:updateAndGet(143)) - e0c88643-1b24-4b90-b706-4d063724ebcc: start LeaderState
2019-11-14 12:42:04,354 [e0c88643-1b24-4b90-b706-4d063724ebcc@group-ADE9040901F1-LeaderElection210] INFO  segmented.SegmentedRaftLogWorker (SegmentedRaftLogWorker.java:startLogSegment(385)) - e0c88643-1b24-4b90-b706-4d063724ebcc@group-ADE9040901F1-SegmentedRaftLogWorker: Starting segment from index:0
2019-11-14 12:42:04,354 [7f15e76e-ccdf-421e-a2ec-7ae8a15127a1@group-9DB40430F9D7-LeaderElection209] INFO  server.RaftServerConfigKeys (ConfUtils.java:logGet(43)) - raft.server.write.element-limit = 4096 (default)
2019-11-14 12:42:04,355 [e0c88643-1b24-4b90-b706-4d063724ebcc@group-ADE9040901F1-LeaderElection210] INFO  impl.RaftServerImpl (ServerState.java:setRaftConf(356)) - e0c88643-1b24-4b90-b706-4d063724ebcc@group-ADE9040901F1: set configuration 0: [e0c88643-1b24-4b90-b706-4d063724ebcc:192.168.34.21:42559], old=null at 0
2019-11-14 12:42:04,355 [7f15e76e-ccdf-421e-a2ec-7ae8a15127a1@group-9DB40430F9D7-LeaderElection209] INFO  server.RaftServerConfigKeys (ConfUtils.java:logGet(43)) - raft.server.watch.timeout = 10s (default)
2019-11-14 12:42:04,355 [7f15e76e-ccdf-421e-a2ec-7ae8a15127a1@group-9DB40430F9D7-LeaderElection209] INFO  server.RaftServerConfigKeys (ConfUtils.java:logGet(43)) - raft.server.watch.timeout.denomination = 1s (default)
2019-11-14 12:42:04,355 [7f15e76e-ccdf-421e-a2ec-7ae8a15127a1@group-9DB40430F9D7-LeaderElection209] INFO  server.RaftServerConfigKeys (ConfUtils.java:logGet(43)) - raft.server.watch.element-limit = 65536 (default)
2019-11-14 12:42:04,355 [7f15e76e-ccdf-421e-a2ec-7ae8a15127a1@group-9DB40430F9D7-LeaderElection209] INFO  impl.RoleInfo (RoleInfo.java:updateAndGet(143)) - 7f15e76e-ccdf-421e-a2ec-7ae8a15127a1: start LeaderState
2019-11-14 12:42:04,355 [7f15e76e-ccdf-421e-a2ec-7ae8a15127a1@group-9DB40430F9D7-LeaderElection209] INFO  segmented.SegmentedRaftLogWorker (SegmentedRaftLogWorker.java:startLogSegment(385)) - 7f15e76e-ccdf-421e-a2ec-7ae8a15127a1@group-9DB40430F9D7-SegmentedRaftLogWorker: Starting segment from index:0
2019-11-14 12:42:04,356 [7f15e76e-ccdf-421e-a2ec-7ae8a15127a1@group-9DB40430F9D7-LeaderElection209] INFO  impl.RaftServerImpl (ServerState.java:setRaftConf(356)) - 7f15e76e-ccdf-421e-a2ec-7ae8a15127a1@group-9DB40430F9D7: set configuration 0: [7f15e76e-ccdf-421e-a2ec-7ae8a15127a1:192.168.34.21:39661], old=null at 0
2019-11-14 12:42:04,358 [7f15e76e-ccdf-421e-a2ec-7ae8a15127a1@group-E518947F9F97-LeaderElection208] INFO  impl.LeaderElection (LeaderElection.java:logAndReturn(56)) - 7f15e76e-ccdf-421e-a2ec-7ae8a15127a1@group-E518947F9F97-LeaderElection208: Election REJECTED; received 2 response(s) [7f15e76e-ccdf-421e-a2ec-7ae8a15127a1<-246c57ec-d0aa-4f80-a8a4-72fa2ca2a50d#0:FAIL-t1, 7f15e76e-ccdf-421e-a2ec-7ae8a15127a1<-a1f4ab9e-675c-48c0-bb27-a541bfd11ae2#0:FAIL-t1] and 0 exception(s); 7f15e76e-ccdf-421e-a2ec-7ae8a15127a1@group-E518947F9F97:t1, leader=null, voted=7f15e76e-ccdf-421e-a2ec-7ae8a15127a1, raftlog=7f15e76e-ccdf-421e-a2ec-7ae8a15127a1@group-E518947F9F97-SegmentedRaftLog:OPENED:c-1,f-1,i0, conf=-1: [7f15e76e-ccdf-421e-a2ec-7ae8a15127a1:192.168.34.21:39661, 246c57ec-d0aa-4f80-a8a4-72fa2ca2a50d:192.168.34.21:36644, a1f4ab9e-675c-48c0-bb27-a541bfd11ae2:192.168.34.21:38632], old=null
2019-11-14 12:42:04,358 [7f15e76e-ccdf-421e-a2ec-7ae8a15127a1@group-E518947F9F97-LeaderElection208] INFO  impl.RaftServerImpl (RaftServerImpl.java:setRole(173)) - 7f15e76e-ccdf-421e-a2ec-7ae8a15127a1@group-E518947F9F97: changes role from CANDIDATE to FOLLOWER at term 1 for DISCOVERED_A_NEW_TERM
2019-11-14 12:42:04,358 [7f15e76e-ccdf-421e-a2ec-7ae8a15127a1@group-E518947F9F97-LeaderElection208] INFO  impl.RoleInfo (RoleInfo.java:shutdownLeaderElection(134)) - 7f15e76e-ccdf-421e-a2ec-7ae8a15127a1: shutdown LeaderElection
2019-11-14 12:42:04,358 [a1f4ab9e-675c-48c0-bb27-a541bfd11ae2@group-E518947F9F97-LeaderElection207] INFO  impl.LeaderElection (LeaderElection.java:logAndReturn(56)) - a1f4ab9e-675c-48c0-bb27-a541bfd11ae2@group-E518947F9F97-LeaderElection207: Election REJECTED; received 2 response(s) [a1f4ab9e-675c-48c0-bb27-a541bfd11ae2<-7f15e76e-ccdf-421e-a2ec-7ae8a15127a1#0:FAIL-t1, a1f4ab9e-675c-48c0-bb27-a541bfd11ae2<-246c57ec-d0aa-4f80-a8a4-72fa2ca2a50d#0:FAIL-t1] and 0 exception(s); a1f4ab9e-675c-48c0-bb27-a541bfd11ae2@group-E518947F9F97:t1, leader=null, voted=a1f4ab9e-675c-48c0-bb27-a541bfd11ae2, raftlog=a1f4ab9e-675c-48c0-bb27-a541bfd11ae2@group-E518947F9F97-SegmentedRaftLog:OPENED:c-1,f-1,i0, conf=-1: [7f15e76e-ccdf-421e-a2ec-7ae8a15127a1:192.168.34.21:39661, 246c57ec-d0aa-4f80-a8a4-72fa2ca2a50d:192.168.34.21:36644, a1f4ab9e-675c-48c0-bb27-a541bfd11ae2:192.168.34.21:38632], old=null
2019-11-14 12:42:04,358 [7f15e76e-ccdf-421e-a2ec-7ae8a15127a1@group-E518947F9F97-LeaderElection208] INFO  impl.RoleInfo (RoleInfo.java:updateAndGet(143)) - 7f15e76e-ccdf-421e-a2ec-7ae8a15127a1: start FollowerState
2019-11-14 12:42:04,358 [a1f4ab9e-675c-48c0-bb27-a541bfd11ae2@group-E518947F9F97-LeaderElection207] INFO  impl.RaftServerImpl (RaftServerImpl.java:setRole(173)) - a1f4ab9e-675c-48c0-bb27-a541bfd11ae2@group-E518947F9F97: changes role from CANDIDATE to FOLLOWER at term 1 for DISCOVERED_A_NEW_TERM
2019-11-14 12:42:04,358 [a1f4ab9e-675c-48c0-bb27-a541bfd11ae2@group-E518947F9F97-LeaderElection207] INFO  impl.RoleInfo (RoleInfo.java:shutdownLeaderElection(134)) - a1f4ab9e-675c-48c0-bb27-a541bfd11ae2: shutdown LeaderElection
2019-11-14 12:42:04,358 [246c57ec-d0aa-4f80-a8a4-72fa2ca2a50d@group-E518947F9F97-LeaderElection206] INFO  impl.LeaderElection (LeaderElection.java:logAndReturn(56)) - 246c57ec-d0aa-4f80-a8a4-72fa2ca2a50d@group-E518947F9F97-LeaderElection206: Election REJECTED; received 2 response(s) [246c57ec-d0aa-4f80-a8a4-72fa2ca2a50d<-7f15e76e-ccdf-421e-a2ec-7ae8a15127a1#0:FAIL-t1, 246c57ec-d0aa-4f80-a8a4-72fa2ca2a50d<-a1f4ab9e-675c-48c0-bb27-a541bfd11ae2#0:FAIL-t1] and 0 exception(s); 246c57ec-d0aa-4f80-a8a4-72fa2ca2a50d@group-E518947F9F97:t1, leader=null, voted=246c57ec-d0aa-4f80-a8a4-72fa2ca2a50d, raftlog=246c57ec-d0aa-4f80-a8a4-72fa2ca2a50d@group-E518947F9F97-SegmentedRaftLog:OPENED:c-1,f-1,i0, conf=-1: [7f15e76e-ccdf-421e-a2ec-7ae8a15127a1:192.168.34.21:39661, 246c57ec-d0aa-4f80-a8a4-72fa2ca2a50d:192.168.34.21:36644, a1f4ab9e-675c-48c0-bb27-a541bfd11ae2:192.168.34.21:38632], old=null
2019-11-14 12:42:04,358 [a1f4ab9e-675c-48c0-bb27-a541bfd11ae2@group-E518947F9F97-LeaderElection207] INFO  impl.RoleInfo (RoleInfo.java:updateAndGet(143)) - a1f4ab9e-675c-48c0-bb27-a541bfd11ae2: start FollowerState
2019-11-14 12:42:04,359 [246c57ec-d0aa-4f80-a8a4-72fa2ca2a50d@group-E518947F9F97-LeaderElection206] INFO  impl.RaftServerImpl (RaftServerImpl.java:setRole(173)) - 246c57ec-d0aa-4f80-a8a4-72fa2ca2a50d@group-E518947F9F97: changes role from CANDIDATE to FOLLOWER at term 1 for DISCOVERED_A_NEW_TERM
2019-11-14 12:42:04,359 [246c57ec-d0aa-4f80-a8a4-72fa2ca2a50d@group-E518947F9F97-LeaderElection206] INFO  impl.RoleInfo (RoleInfo.java:shutdownLeaderElection(134)) - 246c57ec-d0aa-4f80-a8a4-72fa2ca2a50d: shutdown LeaderElection
2019-11-14 12:42:04,359 [246c57ec-d0aa-4f80-a8a4-72fa2ca2a50d@group-E518947F9F97-LeaderElection206] INFO  impl.RoleInfo (RoleInfo.java:updateAndGet(143)) - 246c57ec-d0aa-4f80-a8a4-72fa2ca2a50d: start FollowerState
2019-11-14 12:42:04,360 [Thread-4110] INFO  impl.FollowerState (FollowerState.java:run(111)) - 014ed27e-4853-41cc-a50c-9de7527fd6a0@group-68BAEC99AD32-FollowerState: change to CANDIDATE, lastRpcTime:1172ms, electionTimeout:1172ms
2019-11-14 12:42:04,360 [Thread-4110] INFO  impl.RoleInfo (RoleInfo.java:shutdownFollowerState(121)) - 014ed27e-4853-41cc-a50c-9de7527fd6a0: shutdown FollowerState
2019-11-14 12:42:04,360 [Thread-4110] INFO  impl.RaftServerImpl (RaftServerImpl.java:setRole(173)) - 014ed27e-4853-41cc-a50c-9de7527fd6a0@group-68BAEC99AD32: changes role from  FOLLOWER to CANDIDATE at term 0 for changeToCandidate
2019-11-14 12:42:04,360 [Thread-4110] INFO  impl.RoleInfo (RoleInfo.java:updateAndGet(143)) - 014ed27e-4853-41cc-a50c-9de7527fd6a0: start LeaderElection
2019-11-14 12:42:04,393 [7f15e76e-ccdf-421e-a2ec-7ae8a15127a1@group-9DB40430F9D7-SegmentedRaftLogWorker] INFO  segmented.SegmentedRaftLogWorker (SegmentedRaftLogWorker.java:execute(576)) - 7f15e76e-ccdf-421e-a2ec-7ae8a15127a1@group-9DB40430F9D7-SegmentedRaftLogWorker: created new log segment /workdir/hadoop-ozone/integration-test/target/test-dir/MiniOzoneClusterImpl-00c2d61f-fa45-4119-a3b8-446fff627119/datanode-2/data/ratis/3ca22594-24bc-4696-8149-9db40430f9d7/current/log_inprogress_0
2019-11-14 12:42:04,393 [014ed27e-4853-41cc-a50c-9de7527fd6a0@group-68BAEC99AD32-LeaderElection211] INFO  impl.LeaderElection (LeaderElection.java:askForVotes(178)) - 014ed27e-4853-41cc-a50c-9de7527fd6a0@group-68BAEC99AD32-LeaderElection211: begin an election at term 1 for -1: [014ed27e-4853-41cc-a50c-9de7527fd6a0:192.168.34.21:41029], old=null
2019-11-14 12:42:04,393 [014ed27e-4853-41cc-a50c-9de7527fd6a0@group-68BAEC99AD32-LeaderElection211] INFO  impl.RoleInfo (RoleInfo.java:shutdownLeaderElection(134)) - 014ed27e-4853-41cc-a50c-9de7527fd6a0: shutdown LeaderElection
2019-11-14 12:42:04,393 [e0c88643-1b24-4b90-b706-4d063724ebcc@group-ADE9040901F1-SegmentedRaftLogWorker] INFO  segmented.SegmentedRaftLogWorker (SegmentedRaftLogWorker.java:execute(576)) - e0c88643-1b24-4b90-b706-4d063724ebcc@group-ADE9040901F1-SegmentedRaftLogWorker: created new log segment /workdir/hadoop-ozone/integration-test/target/test-dir/MiniOzoneClusterImpl-00c2d61f-fa45-4119-a3b8-446fff627119/datanode-4/data/ratis/7a6ff6d2-431e-4d37-8721-ade9040901f1/current/log_inprogress_0
2019-11-14 12:42:04,394 [014ed27e-4853-41cc-a50c-9de7527fd6a0@group-68BAEC99AD32-LeaderElection211] INFO  impl.RaftServerImpl (RaftServerImpl.java:setRole(173)) - 014ed27e-4853-41cc-a50c-9de7527fd6a0@group-68BAEC99AD32: changes role from CANDIDATE to LEADER at term 1 for changeToLeader
2019-11-14 12:42:04,394 [014ed27e-4853-41cc-a50c-9de7527fd6a0@group-68BAEC99AD32-LeaderElection211] INFO  ratis.XceiverServerRatis (XceiverServerRatis.java:handleLeaderChangedNotification(697)) - Leader change notification received for group: group-68BAEC99AD32 with new leaderId: 014ed27e-4853-41cc-a50c-9de7527fd6a0
2019-11-14 12:42:04,396 [014ed27e-4853-41cc-a50c-9de7527fd6a0@group-68BAEC99AD32-LeaderElection211] INFO  impl.RaftServerImpl (ServerState.java:setLeader(255)) - 014ed27e-4853-41cc-a50c-9de7527fd6a0@group-68BAEC99AD32: change Leader from null to 014ed27e-4853-41cc-a50c-9de7527fd6a0 at term 1 for becomeLeader, leader elected after 1209ms
2019-11-14 12:42:04,396 [014ed27e-4853-41cc-a50c-9de7527fd6a0@group-68BAEC99AD32-LeaderElection211] INFO  server.RaftServerConfigKeys (ConfUtils.java:logGet(43)) - raft.server.staging.catchup.gap = 1000 (default)
2019-11-14 12:42:04,396 [014ed27e-4853-41cc-a50c-9de7527fd6a0@group-68BAEC99AD32-LeaderElection211] INFO  server.RaftServerConfigKeys (ConfUtils.java:logGet(43)) - raft.server.rpc.sleep.time = 25ms (default)
2019-11-14 12:42:04,397 [014ed27e-4853-41cc-a50c-9de7527fd6a0@group-68BAEC99AD32-LeaderElection211] INFO  server.RaftServerConfigKeys (ConfUtils.java:logGet(43)) - raft.server.write.element-limit = 4096 (default)
2019-11-14 12:42:04,397 [014ed27e-4853-41cc-a50c-9de7527fd6a0@group-68BAEC99AD32-LeaderElection211] INFO  server.RaftServerConfigKeys (ConfUtils.java:logGet(43)) - raft.server.watch.timeout = 10s (default)
2019-11-14 12:42:04,397 [014ed27e-4853-41cc-a50c-9de7527fd6a0@group-68BAEC99AD32-LeaderElection211] INFO  server.RaftServerConfigKeys (ConfUtils.java:logGet(43)) - raft.server.watch.timeout.denomination = 1s (default)
2019-11-14 12:42:04,397 [014ed27e-4853-41cc-a50c-9de7527fd6a0@group-68BAEC99AD32-LeaderElection211] INFO  server.RaftServerConfigKeys (ConfUtils.java:logGet(43)) - raft.server.watch.element-limit = 65536 (default)
2019-11-14 12:42:04,397 [014ed27e-4853-41cc-a50c-9de7527fd6a0@group-68BAEC99AD32-LeaderElection211] INFO  impl.RoleInfo (RoleInfo.java:updateAndGet(143)) - 014ed27e-4853-41cc-a50c-9de7527fd6a0: start LeaderState
2019-11-14 12:42:04,397 [014ed27e-4853-41cc-a50c-9de7527fd6a0@group-68BAEC99AD32-LeaderElection211] INFO  segmented.SegmentedRaftLogWorker (SegmentedRaftLogWorker.java:startLogSegment(385)) - 014ed27e-4853-41cc-a50c-9de7527fd6a0@group-68BAEC99AD32-SegmentedRaftLogWorker: Starting segment from index:0
2019-11-14 12:42:04,397 [EventQueue-PipelineReportForPipelineReportHandler] INFO  pipeline.PipelineStateManager (PipelineStateManager.java:openPipeline(134)) - Pipeline Pipeline[ Id: 14bedf50-ac02-404e-9cf7-68baec99ad32, Nodes: 014ed27e-4853-41cc-a50c-9de7527fd6a0{ip: 192.168.34.21, host: pr-hdds-2481-nxhrh-893604966, networkLocation: /rack1, certSerialId: null}, Type:RATIS, Factor:ONE, State:OPEN] moved to OPEN state
2019-11-14 12:42:04,397 [014ed27e-4853-41cc-a50c-9de7527fd6a0@group-68BAEC99AD32-LeaderElection211] INFO  impl.RaftServerImpl (ServerState.java:setRaftConf(356)) - 014ed27e-4853-41cc-a50c-9de7527fd6a0@group-68BAEC99AD32: set configuration 0: [014ed27e-4853-41cc-a50c-9de7527fd6a0:192.168.34.21:41029], old=null at 0
2019-11-14 12:42:05,172 [Thread-4133] WARN  util.JavaUtils (JavaUtils.java:sleep(246)) - Unexpected long sleep: sleep(1137ms) actually took 1727ms which is over the threshold 300ms
2019-11-14 12:42:05,172 [Thread-4128] WARN  util.JavaUtils (JavaUtils.java:sleep(246)) - Unexpected long sleep: sleep(1143ms) actually took 1730ms which is over the threshold 300ms
2019-11-14 12:42:05,172 [Thread-4138] WARN  util.JavaUtils (JavaUtils.java:sleep(246)) - Unexpected long sleep: sleep(1150ms) actually took 1680ms which is over the threshold 300ms
2019-11-14 12:42:05,172 [Thread-4132] WARN  util.JavaUtils (JavaUtils.java:sleep(246)) - Unexpected long sleep: sleep(1011ms) actually took 1729ms which is over the threshold 300ms
2019-11-14 12:42:05,172 [Thread-4142] WARN  util.JavaUtils (JavaUtils.java:sleep(246)) - Unexpected long sleep: sleep(1130ms) actually took 1636ms which is over the threshold 300ms
2019-11-14 12:42:05,172 [Thread-4122] WARN  util.JavaUtils (JavaUtils.java:sleep(246)) - Unexpected long sleep: sleep(1087ms) actually took 1792ms which is over the threshold 300ms
2019-11-14 12:42:05,380 [Thread-4176] INFO  impl.FollowerState (FollowerState.java:run(111)) - a1f4ab9e-675c-48c0-bb27-a541bfd11ae2@group-E518947F9F97-FollowerState: change to CANDIDATE, lastRpcTime:1021ms, electionTimeout:1020ms
2019-11-14 12:42:05,414 [Thread-4176] INFO  impl.RoleInfo (RoleInfo.java:shutdownFollowerState(121)) - a1f4ab9e-675c-48c0-bb27-a541bfd11ae2: shutdown FollowerState
2019-11-14 12:42:05,448 [Thread-4176] INFO  impl.RaftServerImpl (RaftServerImpl.java:setRole(173)) - a1f4ab9e-675c-48c0-bb27-a541bfd11ae2@group-E518947F9F97: changes role from  FOLLOWER to CANDIDATE at term 1 for changeToCandidate
2019-11-14 12:42:05,453 [Thread-4176] INFO  impl.RoleInfo (RoleInfo.java:updateAndGet(143)) - a1f4ab9e-675c-48c0-bb27-a541bfd11ae2: start LeaderElection
2019-11-14 12:42:05,486 [014ed27e-4853-41cc-a50c-9de7527fd6a0@group-68BAEC99AD32-SegmentedRaftLogWorker] INFO  segmented.SegmentedRaftLogWorker (SegmentedRaftLogWorker.java:execute(576)) - 014ed27e-4853-41cc-a50c-9de7527fd6a0@group-68BAEC99AD32-SegmentedRaftLogWorker: created new log segment /workdir/hadoop-ozone/integration-test/target/test-dir/MiniOzoneClusterImpl-00c2d61f-fa45-4119-a3b8-446fff627119/datanode-8/data/ratis/14bedf50-ac02-404e-9cf7-68baec99ad32/current/log_inprogress_0
2019-11-14 12:42:05,506 [Thread-4175] INFO  impl.FollowerState (FollowerState.java:run(111)) - 7f15e76e-ccdf-421e-a2ec-7ae8a15127a1@group-E518947F9F97-FollowerState: change to CANDIDATE, lastRpcTime:1147ms, electionTimeout:1145ms
2019-11-14 12:42:05,494 [Thread-4177] INFO  impl.FollowerState (FollowerState.java:run(111)) - 246c57ec-d0aa-4f80-a8a4-72fa2ca2a50d@group-E518947F9F97-FollowerState: change to CANDIDATE, lastRpcTime:1134ms, electionTimeout:1131ms
2019-11-14 12:42:05,499 [a1f4ab9e-675c-48c0-bb27-a541bfd11ae2@group-E518947F9F97-LeaderElection212] INFO  impl.LeaderElection (LeaderElection.java:askForVotes(178)) - a1f4ab9e-675c-48c0-bb27-a541bfd11ae2@group-E518947F9F97-LeaderElection212: begin an election at term 2 for -1: [7f15e76e-ccdf-421e-a2ec-7ae8a15127a1:192.168.34.21:39661, 246c57ec-d0aa-4f80-a8a4-72fa2ca2a50d:192.168.34.21:36644, a1f4ab9e-675c-48c0-bb27-a541bfd11ae2:192.168.34.21:38632], old=null
2019-11-14 12:42:05,506 [Thread-4177] INFO  impl.RoleInfo (RoleInfo.java:shutdownFollowerState(121)) - 246c57ec-d0aa-4f80-a8a4-72fa2ca2a50d: shutdown FollowerState
2019-11-14 12:42:05,506 [Thread-4175] INFO  impl.RoleInfo (RoleInfo.java:shutdownFollowerState(121)) - 7f15e76e-ccdf-421e-a2ec-7ae8a15127a1: shutdown FollowerState
2019-11-14 12:42:05,507 [Thread-4177] INFO  impl.RaftServerImpl (RaftServerImpl.java:setRole(173)) - 246c57ec-d0aa-4f80-a8a4-72fa2ca2a50d@group-E518947F9F97: changes role from  FOLLOWER to CANDIDATE at term 1 for changeToCandidate
2019-11-14 12:42:05,507 [Thread-4175] INFO  impl.RaftServerImpl (RaftServerImpl.java:setRole(173)) - 7f15e76e-ccdf-421e-a2ec-7ae8a15127a1@group-E518947F9F97: changes role from  FOLLOWER to CANDIDATE at term 1 for changeToCandidate
2019-11-14 12:42:05,507 [Thread-4175] INFO  impl.RoleInfo (RoleInfo.java:updateAndGet(143)) - 7f15e76e-ccdf-421e-a2ec-7ae8a15127a1: start LeaderElection
2019-11-14 12:42:05,507 [Thread-4177] INFO  impl.RoleInfo (RoleInfo.java:updateAndGet(143)) - 246c57ec-d0aa-4f80-a8a4-72fa2ca2a50d: start LeaderElection
2019-11-14 12:42:05,519 [246c57ec-d0aa-4f80-a8a4-72fa2ca2a50d@group-E518947F9F97-LeaderElection213] INFO  impl.LeaderElection (LeaderElection.java:askForVotes(178)) - 246c57ec-d0aa-4f80-a8a4-72fa2ca2a50d@group-E518947F9F97-LeaderElection213: begin an election at term 2 for -1: [7f15e76e-ccdf-421e-a2ec-7ae8a15127a1:192.168.34.21:39661, 246c57ec-d0aa-4f80-a8a4-72fa2ca2a50d:192.168.34.21:36644, a1f4ab9e-675c-48c0-bb27-a541bfd11ae2:192.168.34.21:38632], old=null
2019-11-14 12:42:05,519 [7f15e76e-ccdf-421e-a2ec-7ae8a15127a1@group-E518947F9F97-LeaderElection214] INFO  impl.LeaderElection (LeaderElection.java:askForVotes(178)) - 7f15e76e-ccdf-421e-a2ec-7ae8a15127a1@group-E518947F9F97-LeaderElection214: begin an election at term 2 for -1: [7f15e76e-ccdf-421e-a2ec-7ae8a15127a1:192.168.34.21:39661, 246c57ec-d0aa-4f80-a8a4-72fa2ca2a50d:192.168.34.21:36644, a1f4ab9e-675c-48c0-bb27-a541bfd11ae2:192.168.34.21:38632], old=null
2019-11-14 12:42:05,519 [a1f4ab9e-675c-48c0-bb27-a541bfd11ae2@group-E518947F9F97-LeaderElection212] INFO  impl.LeaderElection (LeaderElection.java:logAndReturn(56)) - a1f4ab9e-675c-48c0-bb27-a541bfd11ae2@group-E518947F9F97-LeaderElection212: Election REJECTED; received 2 response(s) [a1f4ab9e-675c-48c0-bb27-a541bfd11ae2<-7f15e76e-ccdf-421e-a2ec-7ae8a15127a1#0:FAIL-t2, a1f4ab9e-675c-48c0-bb27-a541bfd11ae2<-246c57ec-d0aa-4f80-a8a4-72fa2ca2a50d#0:FAIL-t2] and 0 exception(s); a1f4ab9e-675c-48c0-bb27-a541bfd11ae2@group-E518947F9F97:t2, leader=null, voted=a1f4ab9e-675c-48c0-bb27-a541bfd11ae2, raftlog=a1f4ab9e-675c-48c0-bb27-a541bfd11ae2@group-E518947F9F97-SegmentedRaftLog:OPENED:c-1,f-1,i0, conf=-1: [7f15e76e-ccdf-421e-a2ec-7ae8a15127a1:192.168.34.21:39661, 246c57ec-d0aa-4f80-a8a4-72fa2ca2a50d:192.168.34.21:36644, a1f4ab9e-675c-48c0-bb27-a541bfd11ae2:192.168.34.21:38632], old=null
2019-11-14 12:42:05,520 [a1f4ab9e-675c-48c0-bb27-a541bfd11ae2@group-E518947F9F97-LeaderElection212] INFO  impl.RaftServerImpl (RaftServerImpl.java:setRole(173)) - a1f4ab9e-675c-48c0-bb27-a541bfd11ae2@group-E518947F9F97: changes role from CANDIDATE to FOLLOWER at term 2 for DISCOVERED_A_NEW_TERM
2019-11-14 12:42:05,520 [a1f4ab9e-675c-48c0-bb27-a541bfd11ae2@group-E518947F9F97-LeaderElection212] INFO  impl.RoleInfo (RoleInfo.java:shutdownLeaderElection(134)) - a1f4ab9e-675c-48c0-bb27-a541bfd11ae2: shutdown LeaderElection
2019-11-14 12:42:05,520 [a1f4ab9e-675c-48c0-bb27-a541bfd11ae2@group-E518947F9F97-LeaderElection212] INFO  impl.RoleInfo (RoleInfo.java:updateAndGet(143)) - a1f4ab9e-675c-48c0-bb27-a541bfd11ae2: start FollowerState
2019-11-14 12:42:05,522 [7f15e76e-ccdf-421e-a2ec-7ae8a15127a1@group-E518947F9F97-LeaderElection214] INFO  impl.LeaderElection (LeaderElection.java:logAndReturn(56)) - 7f15e76e-ccdf-421e-a2ec-7ae8a15127a1@group-E518947F9F97-LeaderElection214: Election REJECTED; received 2 response(s) [7f15e76e-ccdf-421e-a2ec-7ae8a15127a1<-246c57ec-d0aa-4f80-a8a4-72fa2ca2a50d#0:FAIL-t2, 7f15e76e-ccdf-421e-a2ec-7ae8a15127a1<-a1f4ab9e-675c-48c0-bb27-a541bfd11ae2#0:FAIL-t2] and 0 exception(s); 7f15e76e-ccdf-421e-a2ec-7ae8a15127a1@group-E518947F9F97:t2, leader=null, voted=7f15e76e-ccdf-421e-a2ec-7ae8a15127a1, raftlog=7f15e76e-ccdf-421e-a2ec-7ae8a15127a1@group-E518947F9F97-SegmentedRaftLog:OPENED:c-1,f-1,i0, conf=-1: [7f15e76e-ccdf-421e-a2ec-7ae8a15127a1:192.168.34.21:39661, 246c57ec-d0aa-4f80-a8a4-72fa2ca2a50d:192.168.34.21:36644, a1f4ab9e-675c-48c0-bb27-a541bfd11ae2:192.168.34.21:38632], old=null
2019-11-14 12:42:05,522 [7f15e76e-ccdf-421e-a2ec-7ae8a15127a1@group-E518947F9F97-LeaderElection214] INFO  impl.RaftServerImpl (RaftServerImpl.java:setRole(173)) - 7f15e76e-ccdf-421e-a2ec-7ae8a15127a1@group-E518947F9F97: changes role from CANDIDATE to FOLLOWER at term 2 for DISCOVERED_A_NEW_TERM
2019-11-14 12:42:05,522 [7f15e76e-ccdf-421e-a2ec-7ae8a15127a1@group-E518947F9F97-LeaderElection214] INFO  impl.RoleInfo (RoleInfo.java:shutdownLeaderElection(134)) - 7f15e76e-ccdf-421e-a2ec-7ae8a15127a1: shutdown LeaderElection
2019-11-14 12:42:05,522 [246c57ec-d0aa-4f80-a8a4-72fa2ca2a50d@group-E518947F9F97-LeaderElection213] INFO  impl.LeaderElection (LeaderElection.java:logAndReturn(56)) - 246c57ec-d0aa-4f80-a8a4-72fa2ca2a50d@group-E518947F9F97-LeaderElection213: Election REJECTED; received 2 response(s) [246c57ec-d0aa-4f80-a8a4-72fa2ca2a50d<-7f15e76e-ccdf-421e-a2ec-7ae8a15127a1#0:FAIL-t2, 246c57ec-d0aa-4f80-a8a4-72fa2ca2a50d<-a1f4ab9e-675c-48c0-bb27-a541bfd11ae2#0:FAIL-t2] and 0 exception(s); 246c57ec-d0aa-4f80-a8a4-72fa2ca2a50d@group-E518947F9F97:t2, leader=null, voted=246c57ec-d0aa-4f80-a8a4-72fa2ca2a50d, raftlog=246c57ec-d0aa-4f80-a8a4-72fa2ca2a50d@group-E518947F9F97-SegmentedRaftLog:OPENED:c-1,f-1,i0, conf=-1: [7f15e76e-ccdf-421e-a2ec-7ae8a15127a1:192.168.34.21:39661, 246c57ec-d0aa-4f80-a8a4-72fa2ca2a50d:192.168.34.21:36644, a1f4ab9e-675c-48c0-bb27-a541bfd11ae2:192.168.34.21:38632], old=null
2019-11-14 12:42:05,522 [7f15e76e-ccdf-421e-a2ec-7ae8a15127a1@group-E518947F9F97-LeaderElection214] INFO  impl.RoleInfo (RoleInfo.java:updateAndGet(143)) - 7f15e76e-ccdf-421e-a2ec-7ae8a15127a1: start FollowerState
2019-11-14 12:42:05,522 [246c57ec-d0aa-4f80-a8a4-72fa2ca2a50d@group-E518947F9F97-LeaderElection213] INFO  impl.RaftServerImpl (RaftServerImpl.java:setRole(173)) - 246c57ec-d0aa-4f80-a8a4-72fa2ca2a50d@group-E518947F9F97: changes role from CANDIDATE to FOLLOWER at term 2 for DISCOVERED_A_NEW_TERM
2019-11-14 12:42:05,522 [246c57ec-d0aa-4f80-a8a4-72fa2ca2a50d@group-E518947F9F97-LeaderElection213] INFO  impl.RoleInfo (RoleInfo.java:shutdownLeaderElection(134)) - 246c57ec-d0aa-4f80-a8a4-72fa2ca2a50d: shutdown LeaderElection
2019-11-14 12:42:05,523 [246c57ec-d0aa-4f80-a8a4-72fa2ca2a50d@group-E518947F9F97-LeaderElection213] INFO  impl.RoleInfo (RoleInfo.java:updateAndGet(143)) - 246c57ec-d0aa-4f80-a8a4-72fa2ca2a50d: start FollowerState
2019-11-14 12:42:06,220 [Thread-4128] INFO  impl.FollowerState (FollowerState.java:run(111)) - 014ed27e-4853-41cc-a50c-9de7527fd6a0@group-76310EEA3ACC-FollowerState: change to CANDIDATE, lastRpcTime:2800ms, electionTimeout:1048ms
2019-11-14 12:42:06,220 [Thread-4128] INFO  impl.RoleInfo (RoleInfo.java:shutdownFollowerState(121)) - 014ed27e-4853-41cc-a50c-9de7527fd6a0: shutdown FollowerState
2019-11-14 12:42:06,220 [Thread-4128] INFO  impl.RaftServerImpl (RaftServerImpl.java:setRole(173)) - 014ed27e-4853-41cc-a50c-9de7527fd6a0@group-76310EEA3ACC: changes role from  FOLLOWER to CANDIDATE at term 0 for changeToCandidate
2019-11-14 12:42:06,221 [Thread-4128] INFO  impl.RoleInfo (RoleInfo.java:updateAndGet(143)) - 014ed27e-4853-41cc-a50c-9de7527fd6a0: start LeaderElection
2019-11-14 12:42:06,225 [Thread-4133] INFO  impl.FollowerState (FollowerState.java:run(111)) - 0ff44171-e26a-4ef7-8f26-7a0f9c51011c@group-76310EEA3ACC-FollowerState: change to CANDIDATE, lastRpcTime:2803ms, electionTimeout:1053ms
2019-11-14 12:42:06,226 [Thread-4133] INFO  impl.RoleInfo (RoleInfo.java:shutdownFollowerState(121)) - 0ff44171-e26a-4ef7-8f26-7a0f9c51011c: shutdown FollowerState
2019-11-14 12:42:06,226 [Thread-4133] INFO  impl.RaftServerImpl (RaftServerImpl.java:setRole(173)) - 0ff44171-e26a-4ef7-8f26-7a0f9c51011c@group-76310EEA3ACC: changes role from  FOLLOWER to CANDIDATE at term 0 for changeToCandidate
2019-11-14 12:42:06,226 [Thread-4133] INFO  impl.RoleInfo (RoleInfo.java:updateAndGet(143)) - 0ff44171-e26a-4ef7-8f26-7a0f9c51011c: start LeaderElection
2019-11-14 12:42:06,237 [014ed27e-4853-41cc-a50c-9de7527fd6a0@group-76310EEA3ACC-LeaderElection215] INFO  impl.LeaderElection (LeaderElection.java:askForVotes(178)) - 014ed27e-4853-41cc-a50c-9de7527fd6a0@group-76310EEA3ACC-LeaderElection215: begin an election at term 1 for -1: [0ff44171-e26a-4ef7-8f26-7a0f9c51011c:192.168.34.21:43866, 014ed27e-4853-41cc-a50c-9de7527fd6a0:192.168.34.21:41029, c5630dbc-d159-4e74-a046-1b52429c3a82:192.168.34.21:34180], old=null
2019-11-14 12:42:06,237 [0ff44171-e26a-4ef7-8f26-7a0f9c51011c@group-76310EEA3ACC-LeaderElection216] INFO  impl.LeaderElection (LeaderElection.java:askForVotes(178)) - 0ff44171-e26a-4ef7-8f26-7a0f9c51011c@group-76310EEA3ACC-LeaderElection216: begin an election at term 1 for -1: [0ff44171-e26a-4ef7-8f26-7a0f9c51011c:192.168.34.21:43866, 014ed27e-4853-41cc-a50c-9de7527fd6a0:192.168.34.21:41029, c5630dbc-d159-4e74-a046-1b52429c3a82:192.168.34.21:34180], old=null
2019-11-14 12:42:06,242 [grpc-default-executor-8] INFO  impl.RaftServerImpl (RaftServerImpl.java:setRole(173)) - c5630dbc-d159-4e74-a046-1b52429c3a82@group-76310EEA3ACC: changes role from  FOLLOWER to FOLLOWER at term 1 for recognizeCandidate:0ff44171-e26a-4ef7-8f26-7a0f9c51011c
2019-11-14 12:42:06,243 [grpc-default-executor-8] INFO  impl.RoleInfo (RoleInfo.java:shutdownFollowerState(121)) - c5630dbc-d159-4e74-a046-1b52429c3a82: shutdown FollowerState
2019-11-14 12:42:06,243 [grpc-default-executor-8] INFO  impl.RoleInfo (RoleInfo.java:updateAndGet(143)) - c5630dbc-d159-4e74-a046-1b52429c3a82: start FollowerState
2019-11-14 12:42:06,243 [Thread-4132] INFO  impl.FollowerState (FollowerState.java:run(120)) - c5630dbc-d159-4e74-a046-1b52429c3a82@group-76310EEA3ACC-FollowerState was interrupted: java.lang.InterruptedException: sleep interrupted
2019-11-14 12:42:06,269 [0ff44171-e26a-4ef7-8f26-7a0f9c51011c@group-76310EEA3ACC-LeaderElection216] INFO  impl.LeaderElection (LeaderElection.java:logAndReturn(56)) - 0ff44171-e26a-4ef7-8f26-7a0f9c51011c@group-76310EEA3ACC-LeaderElection216: Election PASSED; received 2 response(s) [0ff44171-e26a-4ef7-8f26-7a0f9c51011c<-014ed27e-4853-41cc-a50c-9de7527fd6a0#0:FAIL-t1, 0ff44171-e26a-4ef7-8f26-7a0f9c51011c<-c5630dbc-d159-4e74-a046-1b52429c3a82#0:OK-t1] and 0 exception(s); 0ff44171-e26a-4ef7-8f26-7a0f9c51011c@group-76310EEA3ACC:t1, leader=null, voted=0ff44171-e26a-4ef7-8f26-7a0f9c51011c, raftlog=0ff44171-e26a-4ef7-8f26-7a0f9c51011c@group-76310EEA3ACC-SegmentedRaftLog:OPENED:c-1,f-1,i0, conf=-1: [0ff44171-e26a-4ef7-8f26-7a0f9c51011c:192.168.34.21:43866, 014ed27e-4853-41cc-a50c-9de7527fd6a0:192.168.34.21:41029, c5630dbc-d159-4e74-a046-1b52429c3a82:192.168.34.21:34180], old=null
2019-11-14 12:42:06,269 [014ed27e-4853-41cc-a50c-9de7527fd6a0@group-76310EEA3ACC-LeaderElection215] INFO  impl.LeaderElection (LeaderElection.java:logAndReturn(56)) - 014ed27e-4853-41cc-a50c-9de7527fd6a0@group-76310EEA3ACC-LeaderElection215: Election REJECTED; received 2 response(s) [014ed27e-4853-41cc-a50c-9de7527fd6a0<-0ff44171-e26a-4ef7-8f26-7a0f9c51011c#0:FAIL-t1, 014ed27e-4853-41cc-a50c-9de7527fd6a0<-c5630dbc-d159-4e74-a046-1b52429c3a82#0:FAIL-t1] and 0 exception(s); 014ed27e-4853-41cc-a50c-9de7527fd6a0@group-76310EEA3ACC:t1, leader=null, voted=014ed27e-4853-41cc-a50c-9de7527fd6a0, raftlog=014ed27e-4853-41cc-a50c-9de7527fd6a0@group-76310EEA3ACC-SegmentedRaftLog:OPENED:c-1,f-1,i0, conf=-1: [0ff44171-e26a-4ef7-8f26-7a0f9c51011c:192.168.34.21:43866, 014ed27e-4853-41cc-a50c-9de7527fd6a0:192.168.34.21:41029, c5630dbc-d159-4e74-a046-1b52429c3a82:192.168.34.21:34180], old=null
2019-11-14 12:42:06,269 [0ff44171-e26a-4ef7-8f26-7a0f9c51011c@group-76310EEA3ACC-LeaderElection216] INFO  impl.RoleInfo (RoleInfo.java:shutdownLeaderElection(134)) - 0ff44171-e26a-4ef7-8f26-7a0f9c51011c: shutdown LeaderElection
2019-11-14 12:42:06,269 [014ed27e-4853-41cc-a50c-9de7527fd6a0@group-76310EEA3ACC-LeaderElection215] INFO  impl.RaftServerImpl (RaftServerImpl.java:setRole(173)) - 014ed27e-4853-41cc-a50c-9de7527fd6a0@group-76310EEA3ACC: changes role from CANDIDATE to FOLLOWER at term 1 for DISCOVERED_A_NEW_TERM
2019-11-14 12:42:06,269 [0ff44171-e26a-4ef7-8f26-7a0f9c51011c@group-76310EEA3ACC-LeaderElection216] INFO  impl.RaftServerImpl (RaftServerImpl.java:setRole(173)) - 0ff44171-e26a-4ef7-8f26-7a0f9c51011c@group-76310EEA3ACC: changes role from CANDIDATE to LEADER at term 1 for changeToLeader
2019-11-14 12:42:06,269 [014ed27e-4853-41cc-a50c-9de7527fd6a0@group-76310EEA3ACC-LeaderElection215] INFO  impl.RoleInfo (RoleInfo.java:shutdownLeaderElection(134)) - 014ed27e-4853-41cc-a50c-9de7527fd6a0: shutdown LeaderElection
2019-11-14 12:42:06,269 [0ff44171-e26a-4ef7-8f26-7a0f9c51011c@group-76310EEA3ACC-LeaderElection216] INFO  ratis.XceiverServerRatis (XceiverServerRatis.java:handleLeaderChangedNotification(697)) - Leader change notification received for group: group-76310EEA3ACC with new leaderId: 0ff44171-e26a-4ef7-8f26-7a0f9c51011c
2019-11-14 12:42:06,269 [014ed27e-4853-41cc-a50c-9de7527fd6a0@group-76310EEA3ACC-LeaderElection215] INFO  impl.RoleInfo (RoleInfo.java:updateAndGet(143)) - 014ed27e-4853-41cc-a50c-9de7527fd6a0: start FollowerState
2019-11-14 12:42:06,271 [0ff44171-e26a-4ef7-8f26-7a0f9c51011c@group-76310EEA3ACC-LeaderElection216] INFO  impl.RaftServerImpl (ServerState.java:setLeader(255)) - 0ff44171-e26a-4ef7-8f26-7a0f9c51011c@group-76310EEA3ACC: change Leader from null to 0ff44171-e26a-4ef7-8f26-7a0f9c51011c at term 1 for becomeLeader, leader elected after 2856ms
2019-11-14 12:42:06,271 [0ff44171-e26a-4ef7-8f26-7a0f9c51011c@group-76310EEA3ACC-LeaderElection216] INFO  server.RaftServerConfigKeys (ConfUtils.java:logGet(43)) - raft.server.staging.catchup.gap = 1000 (default)
2019-11-14 12:42:06,271 [0ff44171-e26a-4ef7-8f26-7a0f9c51011c@group-76310EEA3ACC-LeaderElection216] INFO  server.RaftServerConfigKeys (ConfUtils.java:logGet(43)) - raft.server.rpc.sleep.time = 25ms (default)
2019-11-14 12:42:06,271 [0ff44171-e26a-4ef7-8f26-7a0f9c51011c@group-76310EEA3ACC-LeaderElection216] INFO  server.RaftServerConfigKeys (ConfUtils.java:logGet(43)) - raft.server.write.element-limit = 4096 (default)
2019-11-14 12:42:06,271 [0ff44171-e26a-4ef7-8f26-7a0f9c51011c@group-76310EEA3ACC-LeaderElection216] INFO  server.RaftServerConfigKeys (ConfUtils.java:logGet(43)) - raft.server.watch.timeout = 10s (default)
2019-11-14 12:42:06,271 [0ff44171-e26a-4ef7-8f26-7a0f9c51011c@group-76310EEA3ACC-LeaderElection216] INFO  server.RaftServerConfigKeys (ConfUtils.java:logGet(43)) - raft.server.watch.timeout.denomination = 1s (default)
2019-11-14 12:42:06,271 [0ff44171-e26a-4ef7-8f26-7a0f9c51011c@group-76310EEA3ACC-LeaderElection216] INFO  server.RaftServerConfigKeys (ConfUtils.java:logGet(43)) - raft.server.watch.element-limit = 65536 (default)
2019-11-14 12:42:06,271 [0ff44171-e26a-4ef7-8f26-7a0f9c51011c@group-76310EEA3ACC-LeaderElection216] INFO  server.RaftServerConfigKeys (ConfUtils.java:logGet(43)) - raft.server.log.appender.snapshot.chunk.size.max = 16MB (=16777216) (default)
2019-11-14 12:42:06,272 [EventQueue-PipelineReportForPipelineReportHandler] INFO  pipeline.PipelineStateManager (PipelineStateManager.java:openPipeline(134)) - Pipeline Pipeline[ Id: 5b38cbf0-a109-48f5-8756-76310eea3acc, Nodes: c5630dbc-d159-4e74-a046-1b52429c3a82{ip: 192.168.34.21, host: pr-hdds-2481-nxhrh-893604966, networkLocation: /rack1, certSerialId: null}014ed27e-4853-41cc-a50c-9de7527fd6a0{ip: 192.168.34.21, host: pr-hdds-2481-nxhrh-893604966, networkLocation: /rack1, certSerialId: null}0ff44171-e26a-4ef7-8f26-7a0f9c51011c{ip: 192.168.34.21, host: pr-hdds-2481-nxhrh-893604966, networkLocation: /rack1, certSerialId: null}, Type:RATIS, Factor:THREE, State:OPEN] moved to OPEN state
2019-11-14 12:42:06,272 [0ff44171-e26a-4ef7-8f26-7a0f9c51011c@group-76310EEA3ACC-LeaderElection216] INFO  server.RaftServerConfigKeys (ConfUtils.java:logGet(43)) - raft.server.log.appender.buffer.byte-limit = 33554432 (custom)
2019-11-14 12:42:06,272 [0ff44171-e26a-4ef7-8f26-7a0f9c51011c@group-76310EEA3ACC-LeaderElection216] INFO  server.RaftServerConfigKeys (ConfUtils.java:logGet(43)) - raft.server.log.appender.buffer.element-limit = 1 (custom)
2019-11-14 12:42:06,272 [0ff44171-e26a-4ef7-8f26-7a0f9c51011c@group-76310EEA3ACC-LeaderElection216] INFO  grpc.GrpcConfigKeys$Server (ConfUtils.java:logGet(43)) - raft.grpc.server.leader.outstanding.appends.max = 128 (default)
2019-11-14 12:42:06,272 [0ff44171-e26a-4ef7-8f26-7a0f9c51011c@group-76310EEA3ACC-LeaderElection216] INFO  server.RaftServerConfigKeys (ConfUtils.java:logGet(43)) - raft.server.rpc.request.timeout = 3000ms (default)
2019-11-14 12:42:06,272 [0ff44171-e26a-4ef7-8f26-7a0f9c51011c@group-76310EEA3ACC-LeaderElection216] INFO  server.RaftServerConfigKeys (ConfUtils.java:logGet(43)) - raft.server.log.appender.install.snapshot.enabled = false (custom)
2019-11-14 12:42:06,272 [0ff44171-e26a-4ef7-8f26-7a0f9c51011c@group-76310EEA3ACC-LeaderElection216] WARN  impl.MetricRegistriesImpl (MetricRegistriesImpl.java:lambda$create$1(61)) - First MetricRegistry has been created without registering reporters. You may need to call MetricRegistries.global().addReportRegistration(...) before.
2019-11-14 12:42:06,272 [0ff44171-e26a-4ef7-8f26-7a0f9c51011c@group-76310EEA3ACC-LeaderElection216] INFO  server.RaftServerConfigKeys (ConfUtils.java:logGet(43)) - raft.server.log.appender.snapshot.chunk.size.max = 16MB (=16777216) (default)
2019-11-14 12:42:06,273 [0ff44171-e26a-4ef7-8f26-7a0f9c51011c@group-76310EEA3ACC-LeaderElection216] INFO  server.RaftServerConfigKeys (ConfUtils.java:logGet(43)) - raft.server.log.appender.buffer.byte-limit = 33554432 (custom)
2019-11-14 12:42:06,273 [0ff44171-e26a-4ef7-8f26-7a0f9c51011c@group-76310EEA3ACC-LeaderElection216] INFO  server.RaftServerConfigKeys (ConfUtils.java:logGet(43)) - raft.server.log.appender.buffer.element-limit = 1 (custom)
2019-11-14 12:42:06,273 [0ff44171-e26a-4ef7-8f26-7a0f9c51011c@group-76310EEA3ACC-LeaderElection216] INFO  grpc.GrpcConfigKeys$Server (ConfUtils.java:logGet(43)) - raft.grpc.server.leader.outstanding.appends.max = 128 (default)
2019-11-14 12:42:06,273 [0ff44171-e26a-4ef7-8f26-7a0f9c51011c@group-76310EEA3ACC-LeaderElection216] INFO  server.RaftServerConfigKeys (ConfUtils.java:logGet(43)) - raft.server.rpc.request.timeout = 3000ms (default)
2019-11-14 12:42:06,273 [0ff44171-e26a-4ef7-8f26-7a0f9c51011c@group-76310EEA3ACC-LeaderElection216] INFO  server.RaftServerConfigKeys (ConfUtils.java:logGet(43)) - raft.server.log.appender.install.snapshot.enabled = false (custom)
2019-11-14 12:42:06,273 [0ff44171-e26a-4ef7-8f26-7a0f9c51011c@group-76310EEA3ACC-LeaderElection216] INFO  impl.RoleInfo (RoleInfo.java:updateAndGet(143)) - 0ff44171-e26a-4ef7-8f26-7a0f9c51011c: start LeaderState
2019-11-14 12:42:06,273 [0ff44171-e26a-4ef7-8f26-7a0f9c51011c@group-76310EEA3ACC-LeaderElection216] INFO  segmented.SegmentedRaftLogWorker (SegmentedRaftLogWorker.java:startLogSegment(385)) - 0ff44171-e26a-4ef7-8f26-7a0f9c51011c@group-76310EEA3ACC-SegmentedRaftLogWorker: Starting segment from index:0
2019-11-14 12:42:06,274 [0ff44171-e26a-4ef7-8f26-7a0f9c51011c@group-76310EEA3ACC-LeaderElection216] INFO  impl.RaftServerImpl (ServerState.java:setRaftConf(356)) - 0ff44171-e26a-4ef7-8f26-7a0f9c51011c@group-76310EEA3ACC: set configuration 0: [0ff44171-e26a-4ef7-8f26-7a0f9c51011c:192.168.34.21:43866, 014ed27e-4853-41cc-a50c-9de7527fd6a0:192.168.34.21:41029, c5630dbc-d159-4e74-a046-1b52429c3a82:192.168.34.21:34180], old=null at 0
2019-11-14 12:42:06,275 [grpc-default-executor-8] INFO  ratis.XceiverServerRatis (XceiverServerRatis.java:handleLeaderChangedNotification(697)) - Leader change notification received for group: group-76310EEA3ACC with new leaderId: 0ff44171-e26a-4ef7-8f26-7a0f9c51011c
2019-11-14 12:42:06,275 [grpc-default-executor-1] INFO  ratis.XceiverServerRatis (XceiverServerRatis.java:handleLeaderChangedNotification(697)) - Leader change notification received for group: group-76310EEA3ACC with new leaderId: 0ff44171-e26a-4ef7-8f26-7a0f9c51011c
2019-11-14 12:42:06,275 [grpc-default-executor-8] INFO  impl.RaftServerImpl (ServerState.java:setLeader(255)) - c5630dbc-d159-4e74-a046-1b52429c3a82@group-76310EEA3ACC: change Leader from null to 0ff44171-e26a-4ef7-8f26-7a0f9c51011c at term 1 for appendEntries, leader elected after 2861ms
2019-11-14 12:42:06,275 [grpc-default-executor-1] INFO  impl.RaftServerImpl (ServerState.java:setLeader(255)) - 014ed27e-4853-41cc-a50c-9de7527fd6a0@group-76310EEA3ACC: change Leader from null to 0ff44171-e26a-4ef7-8f26-7a0f9c51011c at term 1 for appendEntries, leader elected after 2861ms
2019-11-14 12:42:06,277 [grpc-default-executor-1] INFO  impl.RaftServerImpl (ServerState.java:setRaftConf(356)) - c5630dbc-d159-4e74-a046-1b52429c3a82@group-76310EEA3ACC: set configuration 0: [0ff44171-e26a-4ef7-8f26-7a0f9c51011c:192.168.34.21:43866, 014ed27e-4853-41cc-a50c-9de7527fd6a0:192.168.34.21:41029, c5630dbc-d159-4e74-a046-1b52429c3a82:192.168.34.21:34180], old=null at 0
2019-11-14 12:42:06,277 [grpc-default-executor-1] INFO  segmented.SegmentedRaftLogWorker (SegmentedRaftLogWorker.java:startLogSegment(385)) - c5630dbc-d159-4e74-a046-1b52429c3a82@group-76310EEA3ACC-SegmentedRaftLogWorker: Starting segment from index:0
2019-11-14 12:42:06,277 [grpc-default-executor-8] INFO  impl.RaftServerImpl (ServerState.java:setRaftConf(356)) - 014ed27e-4853-41cc-a50c-9de7527fd6a0@group-76310EEA3ACC: set configuration 0: [0ff44171-e26a-4ef7-8f26-7a0f9c51011c:192.168.34.21:43866, 014ed27e-4853-41cc-a50c-9de7527fd6a0:192.168.34.21:41029, c5630dbc-d159-4e74-a046-1b52429c3a82:192.168.34.21:34180], old=null at 0
2019-11-14 12:42:06,278 [grpc-default-executor-8] INFO  segmented.SegmentedRaftLogWorker (SegmentedRaftLogWorker.java:startLogSegment(385)) - 014ed27e-4853-41cc-a50c-9de7527fd6a0@group-76310EEA3ACC-SegmentedRaftLogWorker: Starting segment from index:0
2019-11-14 12:42:06,314 [Thread-4138] INFO  impl.FollowerState (FollowerState.java:run(111)) - 14503c04-9730-4ca2-acd0-60a84a10fce0@group-B41E5299770A-FollowerState: change to CANDIDATE, lastRpcTime:2845ms, electionTimeout:1142ms
2019-11-14 12:42:06,314 [Thread-4138] INFO  impl.RoleInfo (RoleInfo.java:shutdownFollowerState(121)) - 14503c04-9730-4ca2-acd0-60a84a10fce0: shutdown FollowerState
2019-11-14 12:42:06,315 [Thread-4138] INFO  impl.RaftServerImpl (RaftServerImpl.java:setRole(173)) - 14503c04-9730-4ca2-acd0-60a84a10fce0@group-B41E5299770A: changes role from  FOLLOWER to CANDIDATE at term 0 for changeToCandidate
2019-11-14 12:42:06,315 [Thread-4138] INFO  impl.RoleInfo (RoleInfo.java:updateAndGet(143)) - 14503c04-9730-4ca2-acd0-60a84a10fce0: start LeaderElection
2019-11-14 12:42:06,315 [014ed27e-4853-41cc-a50c-9de7527fd6a0@group-76310EEA3ACC-SegmentedRaftLogWorker] INFO  segmented.SegmentedRaftLogWorker (SegmentedRaftLogWorker.java:execute(576)) - 014ed27e-4853-41cc-a50c-9de7527fd6a0@group-76310EEA3ACC-SegmentedRaftLogWorker: created new log segment /workdir/hadoop-ozone/integration-test/target/test-dir/MiniOzoneClusterImpl-00c2d61f-fa45-4119-a3b8-446fff627119/datanode-8/data/ratis/5b38cbf0-a109-48f5-8756-76310eea3acc/current/log_inprogress_0
2019-11-14 12:42:06,315 [0ff44171-e26a-4ef7-8f26-7a0f9c51011c@group-76310EEA3ACC-SegmentedRaftLogWorker] INFO  segmented.SegmentedRaftLogWorker (SegmentedRaftLogWorker.java:execute(576)) - 0ff44171-e26a-4ef7-8f26-7a0f9c51011c@group-76310EEA3ACC-SegmentedRaftLogWorker: created new log segment /workdir/hadoop-ozone/integration-test/target/test-dir/MiniOzoneClusterImpl-00c2d61f-fa45-4119-a3b8-446fff627119/datanode-9/data/ratis/5b38cbf0-a109-48f5-8756-76310eea3acc/current/log_inprogress_0
2019-11-14 12:42:06,332 [c5630dbc-d159-4e74-a046-1b52429c3a82@group-76310EEA3ACC-SegmentedRaftLogWorker] INFO  segmented.SegmentedRaftLogWorker (SegmentedRaftLogWorker.java:execute(576)) - c5630dbc-d159-4e74-a046-1b52429c3a82@group-76310EEA3ACC-SegmentedRaftLogWorker: created new log segment /workdir/hadoop-ozone/integration-test/target/test-dir/MiniOzoneClusterImpl-00c2d61f-fa45-4119-a3b8-446fff627119/datanode-7/data/ratis/5b38cbf0-a109-48f5-8756-76310eea3acc/current/log_inprogress_0
2019-11-14 12:42:06,332 [14503c04-9730-4ca2-acd0-60a84a10fce0@group-B41E5299770A-LeaderElection217] INFO  impl.LeaderElection (LeaderElection.java:askForVotes(178)) - 14503c04-9730-4ca2-acd0-60a84a10fce0@group-B41E5299770A-LeaderElection217: begin an election at term 1 for -1: [14503c04-9730-4ca2-acd0-60a84a10fce0:192.168.34.21:41845], old=null
2019-11-14 12:42:06,333 [14503c04-9730-4ca2-acd0-60a84a10fce0@group-B41E5299770A-LeaderElection217] INFO  impl.RoleInfo (RoleInfo.java:shutdownLeaderElection(134)) - 14503c04-9730-4ca2-acd0-60a84a10fce0: shutdown LeaderElection
2019-11-14 12:42:06,333 [14503c04-9730-4ca2-acd0-60a84a10fce0@group-B41E5299770A-LeaderElection217] INFO  impl.RaftServerImpl (RaftServerImpl.java:setRole(173)) - 14503c04-9730-4ca2-acd0-60a84a10fce0@group-B41E5299770A: changes role from CANDIDATE to LEADER at term 1 for changeToLeader
2019-11-14 12:42:06,333 [14503c04-9730-4ca2-acd0-60a84a10fce0@group-B41E5299770A-LeaderElection217] INFO  ratis.XceiverServerRatis (XceiverServerRatis.java:handleLeaderChangedNotification(697)) - Leader change notification received for group: group-B41E5299770A with new leaderId: 14503c04-9730-4ca2-acd0-60a84a10fce0
2019-11-14 12:42:06,333 [14503c04-9730-4ca2-acd0-60a84a10fce0@group-B41E5299770A-LeaderElection217] INFO  impl.RaftServerImpl (ServerState.java:setLeader(255)) - 14503c04-9730-4ca2-acd0-60a84a10fce0@group-B41E5299770A: change Leader from null to 14503c04-9730-4ca2-acd0-60a84a10fce0 at term 1 for becomeLeader, leader elected after 2866ms
2019-11-14 12:42:06,333 [14503c04-9730-4ca2-acd0-60a84a10fce0@group-B41E5299770A-LeaderElection217] INFO  server.RaftServerConfigKeys (ConfUtils.java:logGet(43)) - raft.server.staging.catchup.gap = 1000 (default)
2019-11-14 12:42:06,333 [14503c04-9730-4ca2-acd0-60a84a10fce0@group-B41E5299770A-LeaderElection217] INFO  server.RaftServerConfigKeys (ConfUtils.java:logGet(43)) - raft.server.rpc.sleep.time = 25ms (default)
2019-11-14 12:42:06,333 [14503c04-9730-4ca2-acd0-60a84a10fce0@group-B41E5299770A-LeaderElection217] INFO  server.RaftServerConfigKeys (ConfUtils.java:logGet(43)) - raft.server.write.element-limit = 4096 (default)
2019-11-14 12:42:06,333 [14503c04-9730-4ca2-acd0-60a84a10fce0@group-B41E5299770A-LeaderElection217] INFO  server.RaftServerConfigKeys (ConfUtils.java:logGet(43)) - raft.server.watch.timeout = 10s (default)
2019-11-14 12:42:06,333 [14503c04-9730-4ca2-acd0-60a84a10fce0@group-B41E5299770A-LeaderElection217] INFO  server.RaftServerConfigKeys (ConfUtils.java:logGet(43)) - raft.server.watch.timeout.denomination = 1s (default)
2019-11-14 12:42:06,333 [14503c04-9730-4ca2-acd0-60a84a10fce0@group-B41E5299770A-LeaderElection217] INFO  server.RaftServerConfigKeys (ConfUtils.java:logGet(43)) - raft.server.watch.element-limit = 65536 (default)
2019-11-14 12:42:06,334 [14503c04-9730-4ca2-acd0-60a84a10fce0@group-B41E5299770A-LeaderElection217] INFO  impl.RoleInfo (RoleInfo.java:updateAndGet(143)) - 14503c04-9730-4ca2-acd0-60a84a10fce0: start LeaderState
2019-11-14 12:42:06,334 [14503c04-9730-4ca2-acd0-60a84a10fce0@group-B41E5299770A-LeaderElection217] INFO  segmented.SegmentedRaftLogWorker (SegmentedRaftLogWorker.java:startLogSegment(385)) - 14503c04-9730-4ca2-acd0-60a84a10fce0@group-B41E5299770A-SegmentedRaftLogWorker: Starting segment from index:0
2019-11-14 12:42:06,334 [EventQueue-PipelineReportForPipelineReportHandler] INFO  pipeline.PipelineStateManager (PipelineStateManager.java:openPipeline(134)) - Pipeline Pipeline[ Id: f8dc48cb-b5fc-4580-ab26-b41e5299770a, Nodes: 14503c04-9730-4ca2-acd0-60a84a10fce0{ip: 192.168.34.21, host: pr-hdds-2481-nxhrh-893604966, networkLocation: /rack1, certSerialId: null}, Type:RATIS, Factor:ONE, State:OPEN] moved to OPEN state
2019-11-14 12:42:06,334 [14503c04-9730-4ca2-acd0-60a84a10fce0@group-B41E5299770A-LeaderElection217] INFO  impl.RaftServerImpl (ServerState.java:setRaftConf(356)) - 14503c04-9730-4ca2-acd0-60a84a10fce0@group-B41E5299770A: set configuration 0: [14503c04-9730-4ca2-acd0-60a84a10fce0:192.168.34.21:41845], old=null at 0
2019-11-14 12:42:06,340 [Thread-4142] INFO  impl.FollowerState (FollowerState.java:run(111)) - 0ff44171-e26a-4ef7-8f26-7a0f9c51011c@group-107DF5984CDB-FollowerState: change to CANDIDATE, lastRpcTime:2827ms, electionTimeout:1168ms
2019-11-14 12:42:06,341 [Thread-4142] INFO  impl.RoleInfo (RoleInfo.java:shutdownFollowerState(121)) - 0ff44171-e26a-4ef7-8f26-7a0f9c51011c: shutdown FollowerState
2019-11-14 12:42:06,341 [Thread-4142] INFO  impl.RaftServerImpl (RaftServerImpl.java:setRole(173)) - 0ff44171-e26a-4ef7-8f26-7a0f9c51011c@group-107DF5984CDB: changes role from  FOLLOWER to CANDIDATE at term 0 for changeToCandidate
2019-11-14 12:42:06,341 [Thread-4142] INFO  impl.RoleInfo (RoleInfo.java:updateAndGet(143)) - 0ff44171-e26a-4ef7-8f26-7a0f9c51011c: start LeaderElection
2019-11-14 12:42:06,363 [Thread-4122] INFO  impl.FollowerState (FollowerState.java:run(111)) - c6685414-dbf7-4d5a-a965-a6338d016232@group-A047A89F5515-FollowerState: change to CANDIDATE, lastRpcTime:3004ms, electionTimeout:1170ms
2019-11-14 12:42:06,363 [Thread-4122] INFO  impl.RoleInfo (RoleInfo.java:shutdownFollowerState(121)) - c6685414-dbf7-4d5a-a965-a6338d016232: shutdown FollowerState
2019-11-14 12:42:06,363 [Thread-4122] INFO  impl.RaftServerImpl (RaftServerImpl.java:setRole(173)) - c6685414-dbf7-4d5a-a965-a6338d016232@group-A047A89F5515: changes role from  FOLLOWER to CANDIDATE at term 0 for changeToCandidate
2019-11-14 12:42:06,363 [Thread-4122] INFO  impl.RoleInfo (RoleInfo.java:updateAndGet(143)) - c6685414-dbf7-4d5a-a965-a6338d016232: start LeaderElection
2019-11-14 12:42:06,370 [14503c04-9730-4ca2-acd0-60a84a10fce0@group-B41E5299770A-SegmentedRaftLogWorker] INFO  segmented.SegmentedRaftLogWorker (SegmentedRaftLogWorker.java:execute(576)) - 14503c04-9730-4ca2-acd0-60a84a10fce0@group-B41E5299770A-SegmentedRaftLogWorker: created new log segment /workdir/hadoop-ozone/integration-test/target/test-dir/MiniOzoneClusterImpl-00c2d61f-fa45-4119-a3b8-446fff627119/datanode-3/data/ratis/f8dc48cb-b5fc-4580-ab26-b41e5299770a/current/log_inprogress_0
2019-11-14 12:42:06,370 [0ff44171-e26a-4ef7-8f26-7a0f9c51011c@group-107DF5984CDB-LeaderElection218] INFO  impl.LeaderElection (LeaderElection.java:askForVotes(178)) - 0ff44171-e26a-4ef7-8f26-7a0f9c51011c@group-107DF5984CDB-LeaderElection218: begin an election at term 1 for -1: [0ff44171-e26a-4ef7-8f26-7a0f9c51011c:192.168.34.21:43866], old=null
2019-11-14 12:42:06,370 [c6685414-dbf7-4d5a-a965-a6338d016232@group-A047A89F5515-LeaderElection219] INFO  impl.LeaderElection (LeaderElection.java:askForVotes(178)) - c6685414-dbf7-4d5a-a965-a6338d016232@group-A047A89F5515-LeaderElection219: begin an election at term 1 for -1: [c6685414-dbf7-4d5a-a965-a6338d016232:192.168.34.21:36095], old=null
2019-11-14 12:42:06,370 [0ff44171-e26a-4ef7-8f26-7a0f9c51011c@group-107DF5984CDB-LeaderElection218] INFO  impl.RoleInfo (RoleInfo.java:shutdownLeaderElection(134)) - 0ff44171-e26a-4ef7-8f26-7a0f9c51011c: shutdown LeaderElection
2019-11-14 12:42:06,370 [c6685414-dbf7-4d5a-a965-a6338d016232@group-A047A89F5515-LeaderElection219] INFO  impl.RoleInfo (RoleInfo.java:shutdownLeaderElection(134)) - c6685414-dbf7-4d5a-a965-a6338d016232: shutdown LeaderElection
2019-11-14 12:42:06,370 [0ff44171-e26a-4ef7-8f26-7a0f9c51011c@group-107DF5984CDB-LeaderElection218] INFO  impl.RaftServerImpl (RaftServerImpl.java:setRole(173)) - 0ff44171-e26a-4ef7-8f26-7a0f9c51011c@group-107DF5984CDB: changes role from CANDIDATE to LEADER at term 1 for changeToLeader
2019-11-14 12:42:06,371 [c6685414-dbf7-4d5a-a965-a6338d016232@group-A047A89F5515-LeaderElection219] INFO  impl.RaftServerImpl (RaftServerImpl.java:setRole(173)) - c6685414-dbf7-4d5a-a965-a6338d016232@group-A047A89F5515: changes role from CANDIDATE to LEADER at term 1 for changeToLeader
2019-11-14 12:42:06,371 [0ff44171-e26a-4ef7-8f26-7a0f9c51011c@group-107DF5984CDB-LeaderElection218] INFO  ratis.XceiverServerRatis (XceiverServerRatis.java:handleLeaderChangedNotification(697)) - Leader change notification received for group: group-107DF5984CDB with new leaderId: 0ff44171-e26a-4ef7-8f26-7a0f9c51011c
2019-11-14 12:42:06,371 [c6685414-dbf7-4d5a-a965-a6338d016232@group-A047A89F5515-LeaderElection219] INFO  ratis.XceiverServerRatis (XceiverServerRatis.java:handleLeaderChangedNotification(697)) - Leader change notification received for group: group-A047A89F5515 with new leaderId: c6685414-dbf7-4d5a-a965-a6338d016232
2019-11-14 12:42:06,371 [0ff44171-e26a-4ef7-8f26-7a0f9c51011c@group-107DF5984CDB-LeaderElection218] INFO  impl.RaftServerImpl (ServerState.java:setLeader(255)) - 0ff44171-e26a-4ef7-8f26-7a0f9c51011c@group-107DF5984CDB: change Leader from null to 0ff44171-e26a-4ef7-8f26-7a0f9c51011c at term 1 for becomeLeader, leader elected after 2860ms
2019-11-14 12:42:06,371 [c6685414-dbf7-4d5a-a965-a6338d016232@group-A047A89F5515-LeaderElection219] INFO  impl.RaftServerImpl (ServerState.java:setLeader(255)) - c6685414-dbf7-4d5a-a965-a6338d016232@group-A047A89F5515: change Leader from null to c6685414-dbf7-4d5a-a965-a6338d016232 at term 1 for becomeLeader, leader elected after 3015ms
2019-11-14 12:42:06,371 [0ff44171-e26a-4ef7-8f26-7a0f9c51011c@group-107DF5984CDB-LeaderElection218] INFO  server.RaftServerConfigKeys (ConfUtils.java:logGet(43)) - raft.server.staging.catchup.gap = 1000 (default)
2019-11-14 12:42:06,371 [0ff44171-e26a-4ef7-8f26-7a0f9c51011c@group-107DF5984CDB-LeaderElection218] INFO  server.RaftServerConfigKeys (ConfUtils.java:logGet(43)) - raft.server.rpc.sleep.time = 25ms (default)
2019-11-14 12:42:06,371 [c6685414-dbf7-4d5a-a965-a6338d016232@group-A047A89F5515-LeaderElection219] INFO  server.RaftServerConfigKeys (ConfUtils.java:logGet(43)) - raft.server.staging.catchup.gap = 1000 (default)
2019-11-14 12:42:06,371 [0ff44171-e26a-4ef7-8f26-7a0f9c51011c@group-107DF5984CDB-LeaderElection218] INFO  server.RaftServerConfigKeys (ConfUtils.java:logGet(43)) - raft.server.write.element-limit = 4096 (default)
2019-11-14 12:42:06,372 [c6685414-dbf7-4d5a-a965-a6338d016232@group-A047A89F5515-LeaderElection219] INFO  server.RaftServerConfigKeys (ConfUtils.java:logGet(43)) - raft.server.rpc.sleep.time = 25ms (default)
2019-11-14 12:42:06,372 [EventQueue-PipelineReportForPipelineReportHandler] INFO  pipeline.PipelineStateManager (PipelineStateManager.java:openPipeline(134)) - Pipeline Pipeline[ Id: 6715448b-5f8b-4d7e-a3f7-107df5984cdb, Nodes: 0ff44171-e26a-4ef7-8f26-7a0f9c51011c{ip: 192.168.34.21, host: pr-hdds-2481-nxhrh-893604966, networkLocation: /rack1, certSerialId: null}, Type:RATIS, Factor:ONE, State:OPEN] moved to OPEN state
2019-11-14 12:42:06,372 [0ff44171-e26a-4ef7-8f26-7a0f9c51011c@group-107DF5984CDB-LeaderElection218] INFO  server.RaftServerConfigKeys (ConfUtils.java:logGet(43)) - raft.server.watch.timeout = 10s (default)
2019-11-14 12:42:06,372 [c6685414-dbf7-4d5a-a965-a6338d016232@group-A047A89F5515-LeaderElection219] INFO  server.RaftServerConfigKeys (ConfUtils.java:logGet(43)) - raft.server.write.element-limit = 4096 (default)
2019-11-14 12:42:06,372 [0ff44171-e26a-4ef7-8f26-7a0f9c51011c@group-107DF5984CDB-LeaderElection218] INFO  server.RaftServerConfigKeys (ConfUtils.java:logGet(43)) - raft.server.watch.timeout.denomination = 1s (default)
2019-11-14 12:42:06,372 [c6685414-dbf7-4d5a-a965-a6338d016232@group-A047A89F5515-LeaderElection219] INFO  server.RaftServerConfigKeys (ConfUtils.java:logGet(43)) - raft.server.watch.timeout = 10s (default)
2019-11-14 12:42:06,372 [0ff44171-e26a-4ef7-8f26-7a0f9c51011c@group-107DF5984CDB-LeaderElection218] INFO  server.RaftServerConfigKeys (ConfUtils.java:logGet(43)) - raft.server.watch.element-limit = 65536 (default)
2019-11-14 12:42:06,372 [c6685414-dbf7-4d5a-a965-a6338d016232@group-A047A89F5515-LeaderElection219] INFO  server.RaftServerConfigKeys (ConfUtils.java:logGet(43)) - raft.server.watch.timeout.denomination = 1s (default)
2019-11-14 12:42:06,372 [0ff44171-e26a-4ef7-8f26-7a0f9c51011c@group-107DF5984CDB-LeaderElection218] INFO  impl.RoleInfo (RoleInfo.java:updateAndGet(143)) - 0ff44171-e26a-4ef7-8f26-7a0f9c51011c: start LeaderState
2019-11-14 12:42:06,372 [c6685414-dbf7-4d5a-a965-a6338d016232@group-A047A89F5515-LeaderElection219] INFO  server.RaftServerConfigKeys (ConfUtils.java:logGet(43)) - raft.server.watch.element-limit = 65536 (default)
2019-11-14 12:42:06,373 [0ff44171-e26a-4ef7-8f26-7a0f9c51011c@group-107DF5984CDB-LeaderElection218] INFO  segmented.SegmentedRaftLogWorker (SegmentedRaftLogWorker.java:startLogSegment(385)) - 0ff44171-e26a-4ef7-8f26-7a0f9c51011c@group-107DF5984CDB-SegmentedRaftLogWorker: Starting segment from index:0
2019-11-14 12:42:06,373 [c6685414-dbf7-4d5a-a965-a6338d016232@group-A047A89F5515-LeaderElection219] INFO  impl.RoleInfo (RoleInfo.java:updateAndGet(143)) - c6685414-dbf7-4d5a-a965-a6338d016232: start LeaderState
2019-11-14 12:42:06,373 [c6685414-dbf7-4d5a-a965-a6338d016232@group-A047A89F5515-LeaderElection219] INFO  segmented.SegmentedRaftLogWorker (SegmentedRaftLogWorker.java:startLogSegment(385)) - c6685414-dbf7-4d5a-a965-a6338d016232@group-A047A89F5515-SegmentedRaftLogWorker: Starting segment from index:0
2019-11-14 12:42:06,373 [0ff44171-e26a-4ef7-8f26-7a0f9c51011c@group-107DF5984CDB-LeaderElection218] INFO  impl.RaftServerImpl (ServerState.java:setRaftConf(356)) - 0ff44171-e26a-4ef7-8f26-7a0f9c51011c@group-107DF5984CDB: set configuration 0: [0ff44171-e26a-4ef7-8f26-7a0f9c51011c:192.168.34.21:43866], old=null at 0
2019-11-14 12:42:06,373 [c6685414-dbf7-4d5a-a965-a6338d016232@group-A047A89F5515-LeaderElection219] INFO  impl.RaftServerImpl (ServerState.java:setRaftConf(356)) - c6685414-dbf7-4d5a-a965-a6338d016232@group-A047A89F5515: set configuration 0: [c6685414-dbf7-4d5a-a965-a6338d016232:192.168.34.21:36095], old=null at 0
2019-11-14 12:42:06,420 [c6685414-dbf7-4d5a-a965-a6338d016232@group-A047A89F5515-SegmentedRaftLogWorker] INFO  segmented.SegmentedRaftLogWorker (SegmentedRaftLogWorker.java:execute(576)) - c6685414-dbf7-4d5a-a965-a6338d016232@group-A047A89F5515-SegmentedRaftLogWorker: created new log segment /workdir/hadoop-ozone/integration-test/target/test-dir/MiniOzoneClusterImpl-00c2d61f-fa45-4119-a3b8-446fff627119/datanode-5/data/ratis/f6a5cc23-44c8-4500-bd3a-a047a89f5515/current/log_inprogress_0
2019-11-14 12:42:06,420 [0ff44171-e26a-4ef7-8f26-7a0f9c51011c@group-107DF5984CDB-SegmentedRaftLogWorker] INFO  segmented.SegmentedRaftLogWorker (SegmentedRaftLogWorker.java:execute(576)) - 0ff44171-e26a-4ef7-8f26-7a0f9c51011c@group-107DF5984CDB-SegmentedRaftLogWorker: created new log segment /workdir/hadoop-ozone/integration-test/target/test-dir/MiniOzoneClusterImpl-00c2d61f-fa45-4119-a3b8-446fff627119/datanode-9/data/ratis/6715448b-5f8b-4d7e-a3f7-107df5984cdb/current/log_inprogress_0
2019-11-14 12:42:06,609 [Thread-4191] INFO  impl.FollowerState (FollowerState.java:run(111)) - a1f4ab9e-675c-48c0-bb27-a541bfd11ae2@group-E518947F9F97-FollowerState: change to CANDIDATE, lastRpcTime:1089ms, electionTimeout:1089ms
2019-11-14 12:42:06,610 [Thread-4191] INFO  impl.RoleInfo (RoleInfo.java:shutdownFollowerState(121)) - a1f4ab9e-675c-48c0-bb27-a541bfd11ae2: shutdown FollowerState
2019-11-14 12:42:06,610 [Thread-4191] INFO  impl.RaftServerImpl (RaftServerImpl.java:setRole(173)) - a1f4ab9e-675c-48c0-bb27-a541bfd11ae2@group-E518947F9F97: changes role from  FOLLOWER to CANDIDATE at term 2 for changeToCandidate
2019-11-14 12:42:06,610 [Thread-4191] INFO  impl.RoleInfo (RoleInfo.java:updateAndGet(143)) - a1f4ab9e-675c-48c0-bb27-a541bfd11ae2: start LeaderElection
2019-11-14 12:42:06,615 [a1f4ab9e-675c-48c0-bb27-a541bfd11ae2@group-E518947F9F97-LeaderElection220] INFO  impl.LeaderElection (LeaderElection.java:askForVotes(178)) - a1f4ab9e-675c-48c0-bb27-a541bfd11ae2@group-E518947F9F97-LeaderElection220: begin an election at term 3 for -1: [7f15e76e-ccdf-421e-a2ec-7ae8a15127a1:192.168.34.21:39661, 246c57ec-d0aa-4f80-a8a4-72fa2ca2a50d:192.168.34.21:36644, a1f4ab9e-675c-48c0-bb27-a541bfd11ae2:192.168.34.21:38632], old=null
2019-11-14 12:42:06,617 [grpc-default-executor-1] INFO  impl.RaftServerImpl (RaftServerImpl.java:setRole(173)) - 246c57ec-d0aa-4f80-a8a4-72fa2ca2a50d@group-E518947F9F97: changes role from  FOLLOWER to FOLLOWER at term 3 for recognizeCandidate:a1f4ab9e-675c-48c0-bb27-a541bfd11ae2
2019-11-14 12:42:06,617 [grpc-default-executor-1] INFO  impl.RoleInfo (RoleInfo.java:shutdownFollowerState(121)) - 246c57ec-d0aa-4f80-a8a4-72fa2ca2a50d: shutdown FollowerState
2019-11-14 12:42:06,617 [grpc-default-executor-8] INFO  impl.RaftServerImpl (RaftServerImpl.java:setRole(173)) - 7f15e76e-ccdf-421e-a2ec-7ae8a15127a1@group-E518947F9F97: changes role from  FOLLOWER to FOLLOWER at term 3 for recognizeCandidate:a1f4ab9e-675c-48c0-bb27-a541bfd11ae2
2019-11-14 12:42:06,617 [Thread-4193] INFO  impl.FollowerState (FollowerState.java:run(120)) - 246c57ec-d0aa-4f80-a8a4-72fa2ca2a50d@group-E518947F9F97-FollowerState was interrupted: java.lang.InterruptedException: sleep interrupted
2019-11-14 12:42:06,617 [grpc-default-executor-1] INFO  impl.RoleInfo (RoleInfo.java:updateAndGet(143)) - 246c57ec-d0aa-4f80-a8a4-72fa2ca2a50d: start FollowerState
2019-11-14 12:42:06,617 [grpc-default-executor-8] INFO  impl.RoleInfo (RoleInfo.java:shutdownFollowerState(121)) - 7f15e76e-ccdf-421e-a2ec-7ae8a15127a1: shutdown FollowerState
2019-11-14 12:42:06,618 [grpc-default-executor-8] INFO  impl.RoleInfo (RoleInfo.java:updateAndGet(143)) - 7f15e76e-ccdf-421e-a2ec-7ae8a15127a1: start FollowerState
2019-11-14 12:42:06,618 [Thread-4192] INFO  impl.FollowerState (FollowerState.java:run(120)) - 7f15e76e-ccdf-421e-a2ec-7ae8a15127a1@group-E518947F9F97-FollowerState was interrupted: java.lang.InterruptedException: sleep interrupted
2019-11-14 12:42:06,632 [a1f4ab9e-675c-48c0-bb27-a541bfd11ae2@group-E518947F9F97-LeaderElection220] INFO  impl.LeaderElection (LeaderElection.java:logAndReturn(56)) - a1f4ab9e-675c-48c0-bb27-a541bfd11ae2@group-E518947F9F97-LeaderElection220: Election PASSED; received 1 response(s) [a1f4ab9e-675c-48c0-bb27-a541bfd11ae2<-7f15e76e-ccdf-421e-a2ec-7ae8a15127a1#0:OK-t3] and 0 exception(s); a1f4ab9e-675c-48c0-bb27-a541bfd11ae2@group-E518947F9F97:t3, leader=null, voted=a1f4ab9e-675c-48c0-bb27-a541bfd11ae2, raftlog=a1f4ab9e-675c-48c0-bb27-a541bfd11ae2@group-E518947F9F97-SegmentedRaftLog:OPENED:c-1,f-1,i0, conf=-1: [7f15e76e-ccdf-421e-a2ec-7ae8a15127a1:192.168.34.21:39661, 246c57ec-d0aa-4f80-a8a4-72fa2ca2a50d:192.168.34.21:36644, a1f4ab9e-675c-48c0-bb27-a541bfd11ae2:192.168.34.21:38632], old=null
2019-11-14 12:42:06,632 [a1f4ab9e-675c-48c0-bb27-a541bfd11ae2@group-E518947F9F97-LeaderElection220] INFO  impl.RoleInfo (RoleInfo.java:shutdownLeaderElection(134)) - a1f4ab9e-675c-48c0-bb27-a541bfd11ae2: shutdown LeaderElection
2019-11-14 12:42:06,632 [a1f4ab9e-675c-48c0-bb27-a541bfd11ae2@group-E518947F9F97-LeaderElection220] INFO  impl.RaftServerImpl (RaftServerImpl.java:setRole(173)) - a1f4ab9e-675c-48c0-bb27-a541bfd11ae2@group-E518947F9F97: changes role from CANDIDATE to LEADER at term 3 for changeToLeader
2019-11-14 12:42:06,632 [a1f4ab9e-675c-48c0-bb27-a541bfd11ae2@group-E518947F9F97-LeaderElection220] INFO  ratis.XceiverServerRatis (XceiverServerRatis.java:handleLeaderChangedNotification(697)) - Leader change notification received for group: group-E518947F9F97 with new leaderId: a1f4ab9e-675c-48c0-bb27-a541bfd11ae2
2019-11-14 12:42:06,632 [a1f4ab9e-675c-48c0-bb27-a541bfd11ae2@group-E518947F9F97-LeaderElection220] INFO  impl.RaftServerImpl (ServerState.java:setLeader(255)) - a1f4ab9e-675c-48c0-bb27-a541bfd11ae2@group-E518947F9F97: change Leader from null to a1f4ab9e-675c-48c0-bb27-a541bfd11ae2 at term 3 for becomeLeader, leader elected after 3522ms
2019-11-14 12:42:06,633 [a1f4ab9e-675c-48c0-bb27-a541bfd11ae2@group-E518947F9F97-LeaderElection220] INFO  server.RaftServerConfigKeys (ConfUtils.java:logGet(43)) - raft.server.staging.catchup.gap = 1000 (default)
2019-11-14 12:42:06,633 [a1f4ab9e-675c-48c0-bb27-a541bfd11ae2@group-E518947F9F97-LeaderElection220] INFO  server.RaftServerConfigKeys (ConfUtils.java:logGet(43)) - raft.server.rpc.sleep.time = 25ms (default)
2019-11-14 12:42:06,633 [a1f4ab9e-675c-48c0-bb27-a541bfd11ae2@group-E518947F9F97-LeaderElection220] INFO  server.RaftServerConfigKeys (ConfUtils.java:logGet(43)) - raft.server.write.element-limit = 4096 (default)
2019-11-14 12:42:06,633 [a1f4ab9e-675c-48c0-bb27-a541bfd11ae2@group-E518947F9F97-LeaderElection220] INFO  server.RaftServerConfigKeys (ConfUtils.java:logGet(43)) - raft.server.watch.timeout = 10s (default)
2019-11-14 12:42:06,633 [a1f4ab9e-675c-48c0-bb27-a541bfd11ae2@group-E518947F9F97-LeaderElection220] INFO  server.RaftServerConfigKeys (ConfUtils.java:logGet(43)) - raft.server.watch.timeout.denomination = 1s (default)
2019-11-14 12:42:06,633 [a1f4ab9e-675c-48c0-bb27-a541bfd11ae2@group-E518947F9F97-LeaderElection220] INFO  server.RaftServerConfigKeys (ConfUtils.java:logGet(43)) - raft.server.watch.element-limit = 65536 (default)
2019-11-14 12:42:06,633 [EventQueue-PipelineReportForPipelineReportHandler] INFO  pipeline.PipelineStateManager (PipelineStateManager.java:openPipeline(134)) - Pipeline Pipeline[ Id: f7b80b18-666f-4419-866b-e518947f9f97, Nodes: a1f4ab9e-675c-48c0-bb27-a541bfd11ae2{ip: 192.168.34.21, host: pr-hdds-2481-nxhrh-893604966, networkLocation: /rack1, certSerialId: null}246c57ec-d0aa-4f80-a8a4-72fa2ca2a50d{ip: 192.168.34.21, host: pr-hdds-2481-nxhrh-893604966, networkLocation: /rack1, certSerialId: null}7f15e76e-ccdf-421e-a2ec-7ae8a15127a1{ip: 192.168.34.21, host: pr-hdds-2481-nxhrh-893604966, networkLocation: /rack1, certSerialId: null}, Type:RATIS, Factor:THREE, State:OPEN] moved to OPEN state
2019-11-14 12:42:06,633 [a1f4ab9e-675c-48c0-bb27-a541bfd11ae2@group-E518947F9F97-LeaderElection220] INFO  server.RaftServerConfigKeys (ConfUtils.java:logGet(43)) - raft.server.log.appender.snapshot.chunk.size.max = 16MB (=16777216) (default)
2019-11-14 12:42:06,634 [a1f4ab9e-675c-48c0-bb27-a541bfd11ae2@group-E518947F9F97-LeaderElection220] INFO  server.RaftServerConfigKeys (ConfUtils.java:logGet(43)) - raft.server.log.appender.buffer.byte-limit = 33554432 (custom)
2019-11-14 12:42:06,634 [a1f4ab9e-675c-48c0-bb27-a541bfd11ae2@group-E518947F9F97-LeaderElection220] INFO  server.RaftServerConfigKeys (ConfUtils.java:logGet(43)) - raft.server.log.appender.buffer.element-limit = 1 (custom)
2019-11-14 12:42:06,634 [a1f4ab9e-675c-48c0-bb27-a541bfd11ae2@group-E518947F9F97-LeaderElection220] INFO  grpc.GrpcConfigKeys$Server (ConfUtils.java:logGet(43)) - raft.grpc.server.leader.outstanding.appends.max = 128 (default)
2019-11-14 12:42:06,634 [a1f4ab9e-675c-48c0-bb27-a541bfd11ae2@group-E518947F9F97-LeaderElection220] INFO  server.RaftServerConfigKeys (ConfUtils.java:logGet(43)) - raft.server.rpc.request.timeout = 3000ms (default)
2019-11-14 12:42:06,634 [a1f4ab9e-675c-48c0-bb27-a541bfd11ae2@group-E518947F9F97-LeaderElection220] INFO  server.RaftServerConfigKeys (ConfUtils.java:logGet(43)) - raft.server.log.appender.install.snapshot.enabled = false (custom)
2019-11-14 12:42:06,634 [a1f4ab9e-675c-48c0-bb27-a541bfd11ae2@group-E518947F9F97-LeaderElection220] WARN  impl.MetricRegistriesImpl (MetricRegistriesImpl.java:lambda$create$1(61)) - First MetricRegistry has been created without registering reporters. You may need to call MetricRegistries.global().addReportRegistration(...) before.
2019-11-14 12:42:06,635 [a1f4ab9e-675c-48c0-bb27-a541bfd11ae2@group-E518947F9F97-LeaderElection220] INFO  server.RaftServerConfigKeys (ConfUtils.java:logGet(43)) - raft.server.log.appender.snapshot.chunk.size.max = 16MB (=16777216) (default)
2019-11-14 12:42:06,635 [a1f4ab9e-675c-48c0-bb27-a541bfd11ae2@group-E518947F9F97-LeaderElection220] INFO  server.RaftServerConfigKeys (ConfUtils.java:logGet(43)) - raft.server.log.appender.buffer.byte-limit = 33554432 (custom)
2019-11-14 12:42:06,635 [a1f4ab9e-675c-48c0-bb27-a541bfd11ae2@group-E518947F9F97-LeaderElection220] INFO  server.RaftServerConfigKeys (ConfUtils.java:logGet(43)) - raft.server.log.appender.buffer.element-limit = 1 (custom)
2019-11-14 12:42:06,635 [a1f4ab9e-675c-48c0-bb27-a541bfd11ae2@group-E518947F9F97-LeaderElection220] INFO  grpc.GrpcConfigKeys$Server (ConfUtils.java:logGet(43)) - raft.grpc.server.leader.outstanding.appends.max = 128 (default)
2019-11-14 12:42:06,635 [a1f4ab9e-675c-48c0-bb27-a541bfd11ae2@group-E518947F9F97-LeaderElection220] INFO  server.RaftServerConfigKeys (ConfUtils.java:logGet(43)) - raft.server.rpc.request.timeout = 3000ms (default)
2019-11-14 12:42:06,635 [a1f4ab9e-675c-48c0-bb27-a541bfd11ae2@group-E518947F9F97-LeaderElection220] INFO  server.RaftServerConfigKeys (ConfUtils.java:logGet(43)) - raft.server.log.appender.install.snapshot.enabled = false (custom)
2019-11-14 12:42:06,636 [a1f4ab9e-675c-48c0-bb27-a541bfd11ae2@group-E518947F9F97-LeaderElection220] INFO  impl.RoleInfo (RoleInfo.java:updateAndGet(143)) - a1f4ab9e-675c-48c0-bb27-a541bfd11ae2: start LeaderState
2019-11-14 12:42:06,636 [a1f4ab9e-675c-48c0-bb27-a541bfd11ae2@group-E518947F9F97-LeaderElection220] INFO  segmented.SegmentedRaftLogWorker (SegmentedRaftLogWorker.java:startLogSegment(385)) - a1f4ab9e-675c-48c0-bb27-a541bfd11ae2@group-E518947F9F97-SegmentedRaftLogWorker: Starting segment from index:0
2019-11-14 12:42:06,636 [a1f4ab9e-675c-48c0-bb27-a541bfd11ae2@group-E518947F9F97-LeaderElection220] INFO  impl.RaftServerImpl (ServerState.java:setRaftConf(356)) - a1f4ab9e-675c-48c0-bb27-a541bfd11ae2@group-E518947F9F97: set configuration 0: [7f15e76e-ccdf-421e-a2ec-7ae8a15127a1:192.168.34.21:39661, 246c57ec-d0aa-4f80-a8a4-72fa2ca2a50d:192.168.34.21:36644, a1f4ab9e-675c-48c0-bb27-a541bfd11ae2:192.168.34.21:38632], old=null at 0
2019-11-14 12:42:06,637 [grpc-default-executor-8] INFO  ratis.XceiverServerRatis (XceiverServerRatis.java:handleLeaderChangedNotification(697)) - Leader change notification received for group: group-E518947F9F97 with new leaderId: a1f4ab9e-675c-48c0-bb27-a541bfd11ae2
2019-11-14 12:42:06,638 [grpc-default-executor-8] INFO  impl.RaftServerImpl (ServerState.java:setLeader(255)) - 246c57ec-d0aa-4f80-a8a4-72fa2ca2a50d@group-E518947F9F97: change Leader from null to a1f4ab9e-675c-48c0-bb27-a541bfd11ae2 at term 3 for appendEntries, leader elected after 3527ms
2019-11-14 12:42:06,638 [grpc-default-executor-1] INFO  ratis.XceiverServerRatis (XceiverServerRatis.java:handleLeaderChangedNotification(697)) - Leader change notification received for group: group-E518947F9F97 with new leaderId: a1f4ab9e-675c-48c0-bb27-a541bfd11ae2
2019-11-14 12:42:06,638 [grpc-default-executor-1] INFO  impl.RaftServerImpl (ServerState.java:setLeader(255)) - 7f15e76e-ccdf-421e-a2ec-7ae8a15127a1@group-E518947F9F97: change Leader from null to a1f4ab9e-675c-48c0-bb27-a541bfd11ae2 at term 3 for appendEntries, leader elected after 3527ms
2019-11-14 12:42:06,640 [grpc-default-executor-8] INFO  impl.RaftServerImpl (ServerState.java:setRaftConf(356)) - 246c57ec-d0aa-4f80-a8a4-72fa2ca2a50d@group-E518947F9F97: set configuration 0: [7f15e76e-ccdf-421e-a2ec-7ae8a15127a1:192.168.34.21:39661, 246c57ec-d0aa-4f80-a8a4-72fa2ca2a50d:192.168.34.21:36644, a1f4ab9e-675c-48c0-bb27-a541bfd11ae2:192.168.34.21:38632], old=null at 0
2019-11-14 12:42:06,640 [grpc-default-executor-1] INFO  impl.RaftServerImpl (ServerState.java:setRaftConf(356)) - 7f15e76e-ccdf-421e-a2ec-7ae8a15127a1@group-E518947F9F97: set configuration 0: [7f15e76e-ccdf-421e-a2ec-7ae8a15127a1:192.168.34.21:39661, 246c57ec-d0aa-4f80-a8a4-72fa2ca2a50d:192.168.34.21:36644, a1f4ab9e-675c-48c0-bb27-a541bfd11ae2:192.168.34.21:38632], old=null at 0
2019-11-14 12:42:06,640 [grpc-default-executor-8] INFO  segmented.SegmentedRaftLogWorker (SegmentedRaftLogWorker.java:startLogSegment(385)) - 246c57ec-d0aa-4f80-a8a4-72fa2ca2a50d@group-E518947F9F97-SegmentedRaftLogWorker: Starting segment from index:0
2019-11-14 12:42:06,640 [grpc-default-executor-1] INFO  segmented.SegmentedRaftLogWorker (SegmentedRaftLogWorker.java:startLogSegment(385)) - 7f15e76e-ccdf-421e-a2ec-7ae8a15127a1@group-E518947F9F97-SegmentedRaftLogWorker: Starting segment from index:0
2019-11-14 12:42:06,687 [a1f4ab9e-675c-48c0-bb27-a541bfd11ae2@group-E518947F9F97-SegmentedRaftLogWorker] INFO  segmented.SegmentedRaftLogWorker (SegmentedRaftLogWorker.java:execute(576)) - a1f4ab9e-675c-48c0-bb27-a541bfd11ae2@group-E518947F9F97-SegmentedRaftLogWorker: created new log segment /workdir/hadoop-ozone/integration-test/target/test-dir/MiniOzoneClusterImpl-00c2d61f-fa45-4119-a3b8-446fff627119/datanode-1/data/ratis/f7b80b18-666f-4419-866b-e518947f9f97/current/log_inprogress_0
2019-11-14 12:42:06,687 [7f15e76e-ccdf-421e-a2ec-7ae8a15127a1@group-E518947F9F97-SegmentedRaftLogWorker] INFO  segmented.SegmentedRaftLogWorker (SegmentedRaftLogWorker.java:execute(576)) - 7f15e76e-ccdf-421e-a2ec-7ae8a15127a1@group-E518947F9F97-SegmentedRaftLogWorker: created new log segment /workdir/hadoop-ozone/integration-test/target/test-dir/MiniOzoneClusterImpl-00c2d61f-fa45-4119-a3b8-446fff627119/datanode-2/data/ratis/f7b80b18-666f-4419-866b-e518947f9f97/current/log_inprogress_0
2019-11-14 12:42:06,687 [246c57ec-d0aa-4f80-a8a4-72fa2ca2a50d@group-E518947F9F97-SegmentedRaftLogWorker] INFO  segmented.SegmentedRaftLogWorker (SegmentedRaftLogWorker.java:execute(576)) - 246c57ec-d0aa-4f80-a8a4-72fa2ca2a50d@group-E518947F9F97-SegmentedRaftLogWorker: created new log segment /workdir/hadoop-ozone/integration-test/target/test-dir/MiniOzoneClusterImpl-00c2d61f-fa45-4119-a3b8-446fff627119/datanode-0/data/ratis/f7b80b18-666f-4419-866b-e518947f9f97/current/log_inprogress_0
2019-11-14 12:42:08,665 [ForkJoinPool.commonPool-worker-0] INFO  ozoneimpl.OzoneContainer (OzoneContainer.java:stop(244)) - Attempting to stop container services.
2019-11-14 12:42:08,665 [main] INFO  ozoneimpl.OzoneContainer (OzoneContainer.java:stop(244)) - Attempting to stop container services.
2019-11-14 12:42:08,666 [ForkJoinPool.commonPool-worker-0] INFO  impl.RaftServerProxy (RaftServerProxy.java:lambda$close$4(314)) - 7f15e76e-ccdf-421e-a2ec-7ae8a15127a1: close
2019-11-14 12:42:08,666 [main] INFO  impl.RaftServerProxy (RaftServerProxy.java:lambda$close$4(314)) - c6685414-dbf7-4d5a-a965-a6338d016232: close
2019-11-14 12:42:08,666 [ForkJoinPool.commonPool-worker-0] INFO  impl.RaftServerImpl (RaftServerImpl.java:lambda$shutdown$3(250)) - 7f15e76e-ccdf-421e-a2ec-7ae8a15127a1@group-9DB40430F9D7: shutdown
2019-11-14 12:42:08,667 [main] INFO  impl.RaftServerImpl (RaftServerImpl.java:lambda$shutdown$3(250)) - c6685414-dbf7-4d5a-a965-a6338d016232@group-D35C3FC9018D: shutdown
2019-11-14 12:42:08,667 [ForkJoinPool.commonPool-worker-0] INFO  util.JmxRegister (JmxRegister.java:unregister(73)) - Successfully un-registered JMX Bean with object name Ratis:service=RaftServer,group=group-9DB40430F9D7,id=7f15e76e-ccdf-421e-a2ec-7ae8a15127a1
2019-11-14 12:42:08,667 [main] INFO  util.JmxRegister (JmxRegister.java:unregister(73)) - Successfully un-registered JMX Bean with object name Ratis:service=RaftServer,group=group-D35C3FC9018D,id=c6685414-dbf7-4d5a-a965-a6338d016232
2019-11-14 12:42:08,667 [ForkJoinPool.commonPool-worker-0] INFO  impl.RoleInfo (RoleInfo.java:shutdownLeaderState(104)) - 7f15e76e-ccdf-421e-a2ec-7ae8a15127a1: shutdown LeaderState
2019-11-14 12:42:08,668 [main] INFO  impl.RoleInfo (RoleInfo.java:shutdownLeaderState(104)) - c6685414-dbf7-4d5a-a965-a6338d016232: shutdown LeaderState
2019-11-14 12:42:08,668 [ForkJoinPool.commonPool-worker-0] INFO  impl.PendingRequests (PendingRequests.java:sendNotLeaderResponses(206)) - 7f15e76e-ccdf-421e-a2ec-7ae8a15127a1@group-9DB40430F9D7-PendingRequests: sendNotLeaderResponses
2019-11-14 12:42:08,675 [main] INFO  impl.PendingRequests (PendingRequests.java:sendNotLeaderResponses(206)) - c6685414-dbf7-4d5a-a965-a6338d016232@group-D35C3FC9018D-PendingRequests: sendNotLeaderResponses
2019-11-14 12:42:08,675 [ForkJoinPool.commonPool-worker-0] INFO  impl.StateMachineUpdater (StateMachineUpdater.java:stopAndJoin(136)) - 7f15e76e-ccdf-421e-a2ec-7ae8a15127a1@group-9DB40430F9D7-StateMachineUpdater: set stopIndex = 0
2019-11-14 12:42:08,675 [org.apache.ratis.server.impl.LogAppender$AppenderDaemon$$Lambda$429/1552770716@6cbc141e] WARN  server.GrpcLogAppender (GrpcLogAppender.java:mayWait(151)) - c6685414-dbf7-4d5a-a965-a6338d016232@group-D35C3FC9018D->e0c88643-1b24-4b90-b706-4d063724ebcc-GrpcLogAppender: Wait interrupted by java.lang.InterruptedException
2019-11-14 12:42:08,675 [org.apache.ratis.server.impl.LogAppender$AppenderDaemon$$Lambda$429/1552770716@29be97ed] WARN  server.GrpcLogAppender (GrpcLogAppender.java:mayWait(151)) - c6685414-dbf7-4d5a-a965-a6338d016232@group-D35C3FC9018D->29b985cf-35b3-45a0-92a5-99fa8b812c1b-GrpcLogAppender: Wait interrupted by java.lang.InterruptedException
2019-11-14 12:42:08,676 [ForkJoinPool.commonPool-worker-0] INFO  impl.RaftServerImpl (ServerState.java:close(387)) - 7f15e76e-ccdf-421e-a2ec-7ae8a15127a1@group-9DB40430F9D7: closes. applyIndex: 0
2019-11-14 12:42:08,675 [main] INFO  impl.StateMachineUpdater (StateMachineUpdater.java:stopAndJoin(136)) - c6685414-dbf7-4d5a-a965-a6338d016232@group-D35C3FC9018D-StateMachineUpdater: set stopIndex = 0
2019-11-14 12:42:08,677 [main] INFO  impl.RaftServerImpl (ServerState.java:close(387)) - c6685414-dbf7-4d5a-a965-a6338d016232@group-D35C3FC9018D: closes. applyIndex: 0
2019-11-14 12:42:08,677 [7f15e76e-ccdf-421e-a2ec-7ae8a15127a1@group-9DB40430F9D7-SegmentedRaftLogWorker] INFO  segmented.SegmentedRaftLogWorker (SegmentedRaftLogWorker.java:run(316)) - 7f15e76e-ccdf-421e-a2ec-7ae8a15127a1@group-9DB40430F9D7-SegmentedRaftLogWorker was interrupted, exiting. There are 0 tasks remaining in the queue.
2019-11-14 12:42:08,677 [c6685414-dbf7-4d5a-a965-a6338d016232@group-D35C3FC9018D-SegmentedRaftLogWorker] INFO  segmented.SegmentedRaftLogWorker (SegmentedRaftLogWorker.java:run(316)) - c6685414-dbf7-4d5a-a965-a6338d016232@group-D35C3FC9018D-SegmentedRaftLogWorker was interrupted, exiting. There are 0 tasks remaining in the queue.
2019-11-14 12:42:08,677 [grpc-default-executor-1] INFO  server.GrpcServerProtocolService (GrpcServerProtocolService.java:onCompleted(113)) - e0c88643-1b24-4b90-b706-4d063724ebcc: Completed APPEND_ENTRIES, lastRequest: c6685414-dbf7-4d5a-a965-a6338d016232->e0c88643-1b24-4b90-b706-4d063724ebcc#8-t1, previous=(t:1, i:0), leaderCommit=0, initializing? false, entries: <empty>
2019-11-14 12:42:08,677 [main] INFO  segmented.SegmentedRaftLogWorker (SegmentedRaftLogWorker.java:close(224)) - c6685414-dbf7-4d5a-a965-a6338d016232@group-D35C3FC9018D-SegmentedRaftLogWorker close()
2019-11-14 12:42:08,677 [grpc-default-executor-8] INFO  server.GrpcServerProtocolService (GrpcServerProtocolService.java:onCompleted(113)) - 29b985cf-35b3-45a0-92a5-99fa8b812c1b: Completed APPEND_ENTRIES, lastRequest: c6685414-dbf7-4d5a-a965-a6338d016232->29b985cf-35b3-45a0-92a5-99fa8b812c1b#8-t1, previous=(t:1, i:0), leaderCommit=0, initializing? false, entries: <empty>
2019-11-14 12:42:08,678 [main] INFO  impl.RaftServerImpl (RaftServerImpl.java:lambda$shutdown$3(250)) - c6685414-dbf7-4d5a-a965-a6338d016232@group-A047A89F5515: shutdown
2019-11-14 12:42:08,677 [ForkJoinPool.commonPool-worker-0] INFO  segmented.SegmentedRaftLogWorker (SegmentedRaftLogWorker.java:close(224)) - 7f15e76e-ccdf-421e-a2ec-7ae8a15127a1@group-9DB40430F9D7-SegmentedRaftLogWorker close()
2019-11-14 12:42:08,678 [grpc-default-executor-1] INFO  server.GrpcLogAppender (GrpcLogAppender.java:onCompleted(308)) - c6685414-dbf7-4d5a-a965-a6338d016232@group-D35C3FC9018D->29b985cf-35b3-45a0-92a5-99fa8b812c1b-AppendLogResponseHandler: follower responses appendEntries COMPLETED
2019-11-14 12:42:08,678 [main] INFO  util.JmxRegister (JmxRegister.java:unregister(73)) - Successfully un-registered JMX Bean with object name Ratis:service=RaftServer,group=group-A047A89F5515,id=c6685414-dbf7-4d5a-a965-a6338d016232
2019-11-14 12:42:08,681 [main] INFO  impl.RoleInfo (RoleInfo.java:shutdownLeaderState(104)) - c6685414-dbf7-4d5a-a965-a6338d016232: shutdown LeaderState
2019-11-14 12:42:08,678 [grpc-default-executor-8] INFO  server.GrpcLogAppender (GrpcLogAppender.java:onCompleted(308)) - c6685414-dbf7-4d5a-a965-a6338d016232@group-D35C3FC9018D->e0c88643-1b24-4b90-b706-4d063724ebcc-AppendLogResponseHandler: follower responses appendEntries COMPLETED
2019-11-14 12:42:08,681 [main] INFO  impl.PendingRequests (PendingRequests.java:sendNotLeaderResponses(206)) - c6685414-dbf7-4d5a-a965-a6338d016232@group-A047A89F5515-PendingRequests: sendNotLeaderResponses
2019-11-14 12:42:08,680 [ForkJoinPool.commonPool-worker-0] INFO  impl.RaftServerImpl (RaftServerImpl.java:lambda$shutdown$3(250)) - 7f15e76e-ccdf-421e-a2ec-7ae8a15127a1@group-E518947F9F97: shutdown
2019-11-14 12:42:08,682 [main] INFO  impl.StateMachineUpdater (StateMachineUpdater.java:stopAndJoin(136)) - c6685414-dbf7-4d5a-a965-a6338d016232@group-A047A89F5515-StateMachineUpdater: set stopIndex = 0
2019-11-14 12:42:08,682 [main] INFO  impl.RaftServerImpl (ServerState.java:close(387)) - c6685414-dbf7-4d5a-a965-a6338d016232@group-A047A89F5515: closes. applyIndex: 0
2019-11-14 12:42:08,682 [grpc-default-executor-8] INFO  impl.FollowerInfo (FollowerInfo.java:lambda$new$0(51)) - c6685414-dbf7-4d5a-a965-a6338d016232@group-D35C3FC9018D->e0c88643-1b24-4b90-b706-4d063724ebcc: nextIndex: updateUnconditionally 1 -> 0
2019-11-14 12:42:08,682 [grpc-default-executor-1] INFO  impl.FollowerInfo (FollowerInfo.java:lambda$new$0(51)) - c6685414-dbf7-4d5a-a965-a6338d016232@group-D35C3FC9018D->29b985cf-35b3-45a0-92a5-99fa8b812c1b: nextIndex: updateUnconditionally 1 -> 0
2019-11-14 12:42:08,683 [c6685414-dbf7-4d5a-a965-a6338d016232@group-A047A89F5515-SegmentedRaftLogWorker] INFO  segmented.SegmentedRaftLogWorker (SegmentedRaftLogWorker.java:run(316)) - c6685414-dbf7-4d5a-a965-a6338d016232@group-A047A89F5515-SegmentedRaftLogWorker was interrupted, exiting. There are 0 tasks remaining in the queue.
2019-11-14 12:42:08,682 [ForkJoinPool.commonPool-worker-0] INFO  util.JmxRegister (JmxRegister.java:unregister(73)) - Successfully un-registered JMX Bean with object name Ratis:service=RaftServer,group=group-E518947F9F97,id=7f15e76e-ccdf-421e-a2ec-7ae8a15127a1
2019-11-14 12:42:08,683 [main] INFO  segmented.SegmentedRaftLogWorker (SegmentedRaftLogWorker.java:close(224)) - c6685414-dbf7-4d5a-a965-a6338d016232@group-A047A89F5515-SegmentedRaftLogWorker close()
2019-11-14 12:42:08,683 [ForkJoinPool.commonPool-worker-0] INFO  impl.RoleInfo (RoleInfo.java:shutdownFollowerState(121)) - 7f15e76e-ccdf-421e-a2ec-7ae8a15127a1: shutdown FollowerState
2019-11-14 12:42:08,686 [main] INFO  server.GrpcService (GrpcService.java:closeImpl(164)) - c6685414-dbf7-4d5a-a965-a6338d016232: shutdown server with port 36095 now
2019-11-14 12:42:08,686 [Thread-4223] INFO  impl.FollowerState (FollowerState.java:run(120)) - 7f15e76e-ccdf-421e-a2ec-7ae8a15127a1@group-E518947F9F97-FollowerState was interrupted: java.lang.InterruptedException: sleep interrupted
2019-11-14 12:42:08,686 [ForkJoinPool.commonPool-worker-0] INFO  impl.StateMachineUpdater (StateMachineUpdater.java:stopAndJoin(136)) - 7f15e76e-ccdf-421e-a2ec-7ae8a15127a1@group-E518947F9F97-StateMachineUpdater: set stopIndex = 0
2019-11-14 12:42:08,687 [ForkJoinPool.commonPool-worker-0] INFO  impl.RaftServerImpl (ServerState.java:close(387)) - 7f15e76e-ccdf-421e-a2ec-7ae8a15127a1@group-E518947F9F97: closes. applyIndex: 0
2019-11-14 12:42:08,687 [7f15e76e-ccdf-421e-a2ec-7ae8a15127a1@group-E518947F9F97-SegmentedRaftLogWorker] INFO  segmented.SegmentedRaftLogWorker (SegmentedRaftLogWorker.java:run(316)) - 7f15e76e-ccdf-421e-a2ec-7ae8a15127a1@group-E518947F9F97-SegmentedRaftLogWorker was interrupted, exiting. There are 0 tasks remaining in the queue.
2019-11-14 12:42:08,687 [main] INFO  server.GrpcService (GrpcService.java:closeImpl(172)) - c6685414-dbf7-4d5a-a965-a6338d016232: shutdown server with port 36095 successfully
2019-11-14 12:42:08,687 [ForkJoinPool.commonPool-worker-0] INFO  segmented.SegmentedRaftLogWorker (SegmentedRaftLogWorker.java:close(224)) - 7f15e76e-ccdf-421e-a2ec-7ae8a15127a1@group-E518947F9F97-SegmentedRaftLogWorker close()
2019-11-14 12:42:08,688 [ForkJoinPool.commonPool-worker-0] INFO  server.GrpcService (GrpcService.java:closeImpl(164)) - 7f15e76e-ccdf-421e-a2ec-7ae8a15127a1: shutdown server with port 39661 now
2019-11-14 12:42:08,689 [refreshUsed-/workdir/hadoop-ozone/integration-test/target/test-dir/MiniOzoneClusterImpl-00c2d61f-fa45-4119-a3b8-446fff627119/datanode-5/data/containers] WARN  fs.CachingGetSpaceUsed (CachingGetSpaceUsed.java:run(183)) - Thread Interrupted waiting to refresh disk information: sleep interrupted
2019-11-14 12:42:08,689 [grpc-default-executor-8] WARN  server.GrpcServerProtocolService (LogUtils.java:warn(134)) - 7f15e76e-ccdf-421e-a2ec-7ae8a15127a1: installSnapshot onError, lastRequest: a1f4ab9e-675c-48c0-bb27-a541bfd11ae2->7f15e76e-ccdf-421e-a2ec-7ae8a15127a1#4-t3, previous=(t:3, i:0), leaderCommit=0, initializing? false, entries: <empty>: org.apache.ratis.thirdparty.io.grpc.StatusRuntimeException: CANCELLED: cancelled before receiving half close
2019-11-14 12:42:08,689 [ForkJoinPool.commonPool-worker-0] INFO  server.GrpcService (GrpcService.java:closeImpl(172)) - 7f15e76e-ccdf-421e-a2ec-7ae8a15127a1: shutdown server with port 39661 successfully
2019-11-14 12:42:08,690 [grpc-default-executor-9] WARN  server.GrpcLogAppender (LogUtils.java:warn(134)) - a1f4ab9e-675c-48c0-bb27-a541bfd11ae2@group-E518947F9F97->7f15e76e-ccdf-421e-a2ec-7ae8a15127a1-AppendLogResponseHandler: Failed appendEntries: org.apache.ratis.thirdparty.io.grpc.StatusRuntimeException: CANCELLED: HTTP/2 error code: CANCEL
Received Rst Stream
2019-11-14 12:42:08,690 [grpc-default-executor-9] INFO  impl.FollowerInfo (FollowerInfo.java:lambda$new$0(51)) - a1f4ab9e-675c-48c0-bb27-a541bfd11ae2@group-E518947F9F97->7f15e76e-ccdf-421e-a2ec-7ae8a15127a1: nextIndex: updateUnconditionally 1 -> 0
2019-11-14 12:42:08,691 [refreshUsed-/workdir/hadoop-ozone/integration-test/target/test-dir/MiniOzoneClusterImpl-00c2d61f-fa45-4119-a3b8-446fff627119/datanode-2/data/containers] WARN  fs.CachingGetSpaceUsed (CachingGetSpaceUsed.java:run(183)) - Thread Interrupted waiting to refresh disk information: sleep interrupted
2019-11-14 12:42:08,702 [grpc-default-executor-8] WARN  server.GrpcLogAppender (LogUtils.java:warn(134)) - a1f4ab9e-675c-48c0-bb27-a541bfd11ae2@group-E518947F9F97->7f15e76e-ccdf-421e-a2ec-7ae8a15127a1-AppendLogResponseHandler: Failed appendEntries: org.apache.ratis.thirdparty.io.grpc.StatusRuntimeException: UNAVAILABLE: io exception
2019-11-14 12:42:08,702 [grpc-default-executor-8] INFO  impl.FollowerInfo (FollowerInfo.java:lambda$new$0(51)) - a1f4ab9e-675c-48c0-bb27-a541bfd11ae2@group-E518947F9F97->7f15e76e-ccdf-421e-a2ec-7ae8a15127a1: nextIndex: updateUnconditionally 0 -> 0
2019-11-14 12:42:08,705 [main] INFO  utils.BackgroundService (BackgroundService.java:shutdown(151)) - Shutting down service BlockDeletingService
2019-11-14 12:42:08,711 [main] INFO  statemachine.DatanodeStateMachine (DatanodeStateMachine.java:stopDaemon(395)) - Ozone container server stopped.
2019-11-14 12:42:08,711 [main] INFO  handler.ContextHandler (ContextHandler.java:doStop(910)) - Stopped o.e.j.w.WebAppContext@1282e98{/,null,UNAVAILABLE}{/hddsDatanode}
2019-11-14 12:42:08,712 [main] INFO  server.AbstractConnector (AbstractConnector.java:doStop(318)) - Stopped ServerConnector@4db0ba1c{HTTP/1.1,[http/1.1]}{0.0.0.0:0}
2019-11-14 12:42:08,712 [main] INFO  handler.ContextHandler (ContextHandler.java:doStop(910)) - Stopped o.e.j.s.ServletContextHandler@2b79c8ff{/static,jar:file:/home/user/.m2/repository/org/apache/hadoop/hadoop-hdds-container-service/0.5.0-SNAPSHOT/hadoop-hdds-container-service-0.5.0-SNAPSHOT.jar!/webapps/static,UNAVAILABLE}
2019-11-14 12:42:08,712 [main] INFO  handler.ContextHandler (ContextHandler.java:doStop(910)) - Stopped o.e.j.s.ServletContextHandler@40a1b6d4{/logs,file:///workdir/hadoop-ozone/integration-test/target/log,UNAVAILABLE}
2019-11-14 12:42:08,715 [ForkJoinPool.commonPool-worker-0] INFO  utils.BackgroundService (BackgroundService.java:shutdown(151)) - Shutting down service BlockDeletingService
2019-11-14 12:42:08,732 [ForkJoinPool.commonPool-worker-0] INFO  statemachine.DatanodeStateMachine (DatanodeStateMachine.java:stopDaemon(395)) - Ozone container server stopped.
2019-11-14 12:42:08,738 [ForkJoinPool.commonPool-worker-0] INFO  handler.ContextHandler (ContextHandler.java:doStop(910)) - Stopped o.e.j.w.WebAppContext@7f2b584b{/,null,UNAVAILABLE}{/hddsDatanode}
2019-11-14 12:42:08,739 [ForkJoinPool.commonPool-worker-0] INFO  server.AbstractConnector (AbstractConnector.java:doStop(318)) - Stopped ServerConnector@5866731{HTTP/1.1,[http/1.1]}{0.0.0.0:0}
2019-11-14 12:42:08,741 [ForkJoinPool.commonPool-worker-0] INFO  handler.ContextHandler (ContextHandler.java:doStop(910)) - Stopped o.e.j.s.ServletContextHandler@743d0d44{/static,jar:file:/home/user/.m2/repository/org/apache/hadoop/hadoop-hdds-container-service/0.5.0-SNAPSHOT/hadoop-hdds-container-service-0.5.0-SNAPSHOT.jar!/webapps/static,UNAVAILABLE}
2019-11-14 12:42:08,743 [ForkJoinPool.commonPool-worker-0] INFO  handler.ContextHandler (ContextHandler.java:doStop(910)) - Stopped o.e.j.s.ServletContextHandler@53016b11{/logs,file:///workdir/hadoop-ozone/integration-test/target/log,UNAVAILABLE}
2019-11-14 12:42:09,150 [Datanode State Machine Thread - 0] INFO  statemachine.DatanodeStateMachine (DatanodeStateMachine.java:lambda$startDaemon$0(350)) - Ozone container server started.
2019-11-14 12:42:09,203 [grpc-default-executor-9] WARN  server.GrpcLogAppender (LogUtils.java:warn(134)) - a1f4ab9e-675c-48c0-bb27-a541bfd11ae2@group-E518947F9F97->7f15e76e-ccdf-421e-a2ec-7ae8a15127a1-AppendLogResponseHandler: Failed appendEntries: org.apache.ratis.thirdparty.io.grpc.StatusRuntimeException: UNAVAILABLE: io exception
2019-11-14 12:42:09,203 [grpc-default-executor-9] INFO  impl.FollowerInfo (FollowerInfo.java:lambda$new$0(51)) - a1f4ab9e-675c-48c0-bb27-a541bfd11ae2@group-E518947F9F97->7f15e76e-ccdf-421e-a2ec-7ae8a15127a1: nextIndex: updateUnconditionally 0 -> 0
2019-11-14 12:42:09,334 [Datanode State Machine Thread - 0] INFO  statemachine.DatanodeStateMachine (DatanodeStateMachine.java:lambda$startDaemon$0(350)) - Ozone container server started.
2019-11-14 12:42:09,380 [Thread-4154] INFO  impl.FollowerState (FollowerState.java:run(111)) - 29b985cf-35b3-45a0-92a5-99fa8b812c1b@group-D35C3FC9018D-FollowerState: change to CANDIDATE, lastRpcTime:1174ms, electionTimeout:1005ms
2019-11-14 12:42:09,380 [Thread-4154] INFO  impl.RoleInfo (RoleInfo.java:shutdownFollowerState(121)) - 29b985cf-35b3-45a0-92a5-99fa8b812c1b: shutdown FollowerState
2019-11-14 12:42:09,380 [Thread-4154] INFO  impl.RaftServerImpl (RaftServerImpl.java:setRole(173)) - 29b985cf-35b3-45a0-92a5-99fa8b812c1b@group-D35C3FC9018D: changes role from  FOLLOWER to CANDIDATE at term 1 for changeToCandidate
2019-11-14 12:42:09,380 [Thread-4154] INFO  impl.RoleInfo (RoleInfo.java:updateAndGet(143)) - 29b985cf-35b3-45a0-92a5-99fa8b812c1b: start LeaderElection
2019-11-14 12:42:09,381 [29b985cf-35b3-45a0-92a5-99fa8b812c1b@group-D35C3FC9018D-LeaderElection221] INFO  impl.RaftServerImpl (ServerState.java:setLeader(255)) - 29b985cf-35b3-45a0-92a5-99fa8b812c1b@group-D35C3FC9018D: change Leader from c6685414-dbf7-4d5a-a965-a6338d016232 to null at term 1 for initElection
2019-11-14 12:42:09,407 [29b985cf-35b3-45a0-92a5-99fa8b812c1b@group-D35C3FC9018D-LeaderElection221] INFO  impl.LeaderElection (LeaderElection.java:askForVotes(178)) - 29b985cf-35b3-45a0-92a5-99fa8b812c1b@group-D35C3FC9018D-LeaderElection221: begin an election at term 2 for 0: [e0c88643-1b24-4b90-b706-4d063724ebcc:192.168.34.21:42559, 29b985cf-35b3-45a0-92a5-99fa8b812c1b:192.168.34.21:41805, c6685414-dbf7-4d5a-a965-a6338d016232:192.168.34.21:36095], old=null
2019-11-14 12:42:09,409 [29b985cf-35b3-45a0-92a5-99fa8b812c1b@group-D35C3FC9018D-LeaderElection221] INFO  impl.LeaderElection (LogUtils.java:infoOrTrace(149)) - 29b985cf-35b3-45a0-92a5-99fa8b812c1b@group-D35C3FC9018D-LeaderElection221 got exception when requesting votes: {}
java.util.concurrent.ExecutionException: org.apache.ratis.thirdparty.io.grpc.StatusRuntimeException: UNAVAILABLE: io exception
	at java.util.concurrent.FutureTask.report(FutureTask.java:122)
	at java.util.concurrent.FutureTask.get(FutureTask.java:192)
	at org.apache.ratis.server.impl.LeaderElection.waitForResults(LeaderElection.java:259)
	at org.apache.ratis.server.impl.LeaderElection.askForVotes(LeaderElection.java:197)
	at org.apache.ratis.server.impl.LeaderElection.run(LeaderElection.java:133)
	at java.lang.Thread.run(Thread.java:748)
Caused by: org.apache.ratis.thirdparty.io.grpc.StatusRuntimeException: UNAVAILABLE: io exception
	at org.apache.ratis.thirdparty.io.grpc.stub.ClientCalls.toStatusRuntimeException(ClientCalls.java:233)
	at org.apache.ratis.thirdparty.io.grpc.stub.ClientCalls.getUnchecked(ClientCalls.java:214)
	at org.apache.ratis.thirdparty.io.grpc.stub.ClientCalls.blockingUnaryCall(ClientCalls.java:139)
	at org.apache.ratis.proto.grpc.RaftServerProtocolServiceGrpc$RaftServerProtocolServiceBlockingStub.requestVote(RaftServerProtocolServiceGrpc.java:265)
	at org.apache.ratis.grpc.server.GrpcServerProtocolClient.requestVote(GrpcServerProtocolClient.java:99)
	at org.apache.ratis.grpc.server.GrpcService.requestVote(GrpcService.java:204)
	at org.apache.ratis.server.impl.LeaderElection.lambda$submitRequests$1(LeaderElection.java:234)
	at java.util.concurrent.FutureTask.run(FutureTask.java:266)
	at java.util.concurrent.Executors$RunnableAdapter.call(Executors.java:511)
	at java.util.concurrent.FutureTask.run(FutureTask.java:266)
	at java.util.concurrent.ThreadPoolExecutor.runWorker(ThreadPoolExecutor.java:1149)
	at java.util.concurrent.ThreadPoolExecutor$Worker.run(ThreadPoolExecutor.java:624)
	... 1 more
Caused by: org.apache.ratis.thirdparty.io.netty.channel.AbstractChannel$AnnotatedConnectException: Connection refused: /192.168.34.21:36095
	at sun.nio.ch.SocketChannelImpl.checkConnect(Native Method)
	at sun.nio.ch.SocketChannelImpl.finishConnect(SocketChannelImpl.java:717)
	at org.apache.ratis.thirdparty.io.netty.channel.socket.nio.NioSocketChannel.doFinishConnect(NioSocketChannel.java:327)
	at org.apache.ratis.thirdparty.io.netty.channel.nio.AbstractNioChannel$AbstractNioUnsafe.finishConnect(AbstractNioChannel.java:340)
	at org.apache.ratis.thirdparty.io.netty.channel.nio.NioEventLoop.processSelectedKey(NioEventLoop.java:632)
	at org.apache.ratis.thirdparty.io.netty.channel.nio.NioEventLoop.processSelectedKeysOptimized(NioEventLoop.java:579)
	at org.apache.ratis.thirdparty.io.netty.channel.nio.NioEventLoop.processSelectedKeys(NioEventLoop.java:496)
	at org.apache.ratis.thirdparty.io.netty.channel.nio.NioEventLoop.run(NioEventLoop.java:458)
	at org.apache.ratis.thirdparty.io.netty.util.concurrent.SingleThreadEventExecutor$5.run(SingleThreadEventExecutor.java:897)
	at org.apache.ratis.thirdparty.io.netty.util.concurrent.FastThreadLocalRunnable.run(FastThreadLocalRunnable.java:30)
	... 1 more
Caused by: java.net.ConnectException: Connection refused
	... 11 more
2019-11-14 12:42:09,410 [grpc-default-executor-9] INFO  impl.RaftServerImpl (ServerState.java:setLeader(255)) - e0c88643-1b24-4b90-b706-4d063724ebcc@group-D35C3FC9018D: change Leader from c6685414-dbf7-4d5a-a965-a6338d016232 to null at term 2 for updateCurrentTerm
2019-11-14 12:42:09,410 [grpc-default-executor-9] INFO  impl.RaftServerImpl (RaftServerImpl.java:setRole(173)) - e0c88643-1b24-4b90-b706-4d063724ebcc@group-D35C3FC9018D: changes role from  FOLLOWER to FOLLOWER at term 2 for recognizeCandidate:29b985cf-35b3-45a0-92a5-99fa8b812c1b
2019-11-14 12:42:09,410 [grpc-default-executor-9] INFO  impl.RoleInfo (RoleInfo.java:shutdownFollowerState(121)) - e0c88643-1b24-4b90-b706-4d063724ebcc: shutdown FollowerState
2019-11-14 12:42:09,410 [grpc-default-executor-9] INFO  impl.RoleInfo (RoleInfo.java:updateAndGet(143)) - e0c88643-1b24-4b90-b706-4d063724ebcc: start FollowerState
2019-11-14 12:42:09,410 [Thread-4153] INFO  impl.FollowerState (FollowerState.java:run(120)) - e0c88643-1b24-4b90-b706-4d063724ebcc@group-D35C3FC9018D-FollowerState was interrupted: java.lang.InterruptedException: sleep interrupted
2019-11-14 12:42:09,437 [29b985cf-35b3-45a0-92a5-99fa8b812c1b@group-D35C3FC9018D-LeaderElection221] INFO  impl.LeaderElection (LeaderElection.java:logAndReturn(56)) - 29b985cf-35b3-45a0-92a5-99fa8b812c1b@group-D35C3FC9018D-LeaderElection221: Election PASSED; received 1 response(s) [29b985cf-35b3-45a0-92a5-99fa8b812c1b<-e0c88643-1b24-4b90-b706-4d063724ebcc#0:OK-t2] and 1 exception(s); 29b985cf-35b3-45a0-92a5-99fa8b812c1b@group-D35C3FC9018D:t2, leader=null, voted=29b985cf-35b3-45a0-92a5-99fa8b812c1b, raftlog=29b985cf-35b3-45a0-92a5-99fa8b812c1b@group-D35C3FC9018D-SegmentedRaftLog:OPENED:c0,f0,i0, conf=0: [e0c88643-1b24-4b90-b706-4d063724ebcc:192.168.34.21:42559, 29b985cf-35b3-45a0-92a5-99fa8b812c1b:192.168.34.21:41805, c6685414-dbf7-4d5a-a965-a6338d016232:192.168.34.21:36095], old=null
2019-11-14 12:42:09,437 [29b985cf-35b3-45a0-92a5-99fa8b812c1b@group-D35C3FC9018D-LeaderElection221] INFO  impl.LeaderElection (LogUtils.java:infoOrTrace(149)) -   Exception 0: {}
java.util.concurrent.ExecutionException: org.apache.ratis.thirdparty.io.grpc.StatusRuntimeException: UNAVAILABLE: io exception
	at java.util.concurrent.FutureTask.report(FutureTask.java:122)
	at java.util.concurrent.FutureTask.get(FutureTask.java:192)
	at org.apache.ratis.server.impl.LeaderElection.waitForResults(LeaderElection.java:259)
	at org.apache.ratis.server.impl.LeaderElection.askForVotes(LeaderElection.java:197)
	at org.apache.ratis.server.impl.LeaderElection.run(LeaderElection.java:133)
	at java.lang.Thread.run(Thread.java:748)
Caused by: org.apache.ratis.thirdparty.io.grpc.StatusRuntimeException: UNAVAILABLE: io exception
	at org.apache.ratis.thirdparty.io.grpc.stub.ClientCalls.toStatusRuntimeException(ClientCalls.java:233)
	at org.apache.ratis.thirdparty.io.grpc.stub.ClientCalls.getUnchecked(ClientCalls.java:214)
	at org.apache.ratis.thirdparty.io.grpc.stub.ClientCalls.blockingUnaryCall(ClientCalls.java:139)
	at org.apache.ratis.proto.grpc.RaftServerProtocolServiceGrpc$RaftServerProtocolServiceBlockingStub.requestVote(RaftServerProtocolServiceGrpc.java:265)
	at org.apache.ratis.grpc.server.GrpcServerProtocolClient.requestVote(GrpcServerProtocolClient.java:99)
	at org.apache.ratis.grpc.server.GrpcService.requestVote(GrpcService.java:204)
	at org.apache.ratis.server.impl.LeaderElection.lambda$submitRequests$1(LeaderElection.java:234)
	at java.util.concurrent.FutureTask.run(FutureTask.java:266)
	at java.util.concurrent.Executors$RunnableAdapter.call(Executors.java:511)
	at java.util.concurrent.FutureTask.run(FutureTask.java:266)
	at java.util.concurrent.ThreadPoolExecutor.runWorker(ThreadPoolExecutor.java:1149)
	at java.util.concurrent.ThreadPoolExecutor$Worker.run(ThreadPoolExecutor.java:624)
	... 1 more
Caused by: org.apache.ratis.thirdparty.io.netty.channel.AbstractChannel$AnnotatedConnectException: Connection refused: /192.168.34.21:36095
	at sun.nio.ch.SocketChannelImpl.checkConnect(Native Method)
	at sun.nio.ch.SocketChannelImpl.finishConnect(SocketChannelImpl.java:717)
	at org.apache.ratis.thirdparty.io.netty.channel.socket.nio.NioSocketChannel.doFinishConnect(NioSocketChannel.java:327)
	at org.apache.ratis.thirdparty.io.netty.channel.nio.AbstractNioChannel$AbstractNioUnsafe.finishConnect(AbstractNioChannel.java:340)
	at org.apache.ratis.thirdparty.io.netty.channel.nio.NioEventLoop.processSelectedKey(NioEventLoop.java:632)
	at org.apache.ratis.thirdparty.io.netty.channel.nio.NioEventLoop.processSelectedKeysOptimized(NioEventLoop.java:579)
	at org.apache.ratis.thirdparty.io.netty.channel.nio.NioEventLoop.processSelectedKeys(NioEventLoop.java:496)
	at org.apache.ratis.thirdparty.io.netty.channel.nio.NioEventLoop.run(NioEventLoop.java:458)
	at org.apache.ratis.thirdparty.io.netty.util.concurrent.SingleThreadEventExecutor$5.run(SingleThreadEventExecutor.java:897)
	at org.apache.ratis.thirdparty.io.netty.util.concurrent.FastThreadLocalRunnable.run(FastThreadLocalRunnable.java:30)
	... 1 more
Caused by: java.net.ConnectException: Connection refused
	... 11 more
2019-11-14 12:42:09,438 [29b985cf-35b3-45a0-92a5-99fa8b812c1b@group-D35C3FC9018D-LeaderElection221] INFO  impl.RoleInfo (RoleInfo.java:shutdownLeaderElection(134)) - 29b985cf-35b3-45a0-92a5-99fa8b812c1b: shutdown LeaderElection
2019-11-14 12:42:09,438 [29b985cf-35b3-45a0-92a5-99fa8b812c1b@group-D35C3FC9018D-LeaderElection221] INFO  impl.RaftServerImpl (RaftServerImpl.java:setRole(173)) - 29b985cf-35b3-45a0-92a5-99fa8b812c1b@group-D35C3FC9018D: changes role from CANDIDATE to LEADER at term 2 for changeToLeader
2019-11-14 12:42:09,438 [29b985cf-35b3-45a0-92a5-99fa8b812c1b@group-D35C3FC9018D-LeaderElection221] INFO  ratis.XceiverServerRatis (XceiverServerRatis.java:handleLeaderChangedNotification(697)) - Leader change notification received for group: group-D35C3FC9018D with new leaderId: 29b985cf-35b3-45a0-92a5-99fa8b812c1b
2019-11-14 12:42:09,438 [29b985cf-35b3-45a0-92a5-99fa8b812c1b@group-D35C3FC9018D-LeaderElection221] INFO  impl.RaftServerImpl (ServerState.java:setLeader(255)) - 29b985cf-35b3-45a0-92a5-99fa8b812c1b@group-D35C3FC9018D: change Leader from null to 29b985cf-35b3-45a0-92a5-99fa8b812c1b at term 2 for becomeLeader, leader elected after 57ms
2019-11-14 12:42:09,438 [29b985cf-35b3-45a0-92a5-99fa8b812c1b@group-D35C3FC9018D-LeaderElection221] INFO  server.RaftServerConfigKeys (ConfUtils.java:logGet(43)) - raft.server.staging.catchup.gap = 1000 (default)
2019-11-14 12:42:09,438 [29b985cf-35b3-45a0-92a5-99fa8b812c1b@group-D35C3FC9018D-LeaderElection221] INFO  server.RaftServerConfigKeys (ConfUtils.java:logGet(43)) - raft.server.rpc.sleep.time = 25ms (default)
2019-11-14 12:42:09,438 [29b985cf-35b3-45a0-92a5-99fa8b812c1b@group-D35C3FC9018D-LeaderElection221] INFO  server.RaftServerConfigKeys (ConfUtils.java:logGet(43)) - raft.server.write.element-limit = 4096 (default)
2019-11-14 12:42:09,439 [29b985cf-35b3-45a0-92a5-99fa8b812c1b@group-D35C3FC9018D-LeaderElection221] INFO  server.RaftServerConfigKeys (ConfUtils.java:logGet(43)) - raft.server.watch.timeout = 10s (default)
2019-11-14 12:42:09,439 [29b985cf-35b3-45a0-92a5-99fa8b812c1b@group-D35C3FC9018D-LeaderElection221] INFO  server.RaftServerConfigKeys (ConfUtils.java:logGet(43)) - raft.server.watch.timeout.denomination = 1s (default)
2019-11-14 12:42:09,439 [29b985cf-35b3-45a0-92a5-99fa8b812c1b@group-D35C3FC9018D-LeaderElection221] INFO  server.RaftServerConfigKeys (ConfUtils.java:logGet(43)) - raft.server.watch.element-limit = 65536 (default)
2019-11-14 12:42:09,439 [29b985cf-35b3-45a0-92a5-99fa8b812c1b@group-D35C3FC9018D-LeaderElection221] INFO  server.RaftServerConfigKeys (ConfUtils.java:logGet(43)) - raft.server.log.appender.snapshot.chunk.size.max = 16MB (=16777216) (default)
2019-11-14 12:42:09,439 [29b985cf-35b3-45a0-92a5-99fa8b812c1b@group-D35C3FC9018D-LeaderElection221] INFO  server.RaftServerConfigKeys (ConfUtils.java:logGet(43)) - raft.server.log.appender.buffer.byte-limit = 33554432 (custom)
2019-11-14 12:42:09,439 [29b985cf-35b3-45a0-92a5-99fa8b812c1b@group-D35C3FC9018D-LeaderElection221] INFO  server.RaftServerConfigKeys (ConfUtils.java:logGet(43)) - raft.server.log.appender.buffer.element-limit = 1 (custom)
2019-11-14 12:42:09,439 [29b985cf-35b3-45a0-92a5-99fa8b812c1b@group-D35C3FC9018D-LeaderElection221] INFO  grpc.GrpcConfigKeys$Server (ConfUtils.java:logGet(43)) - raft.grpc.server.leader.outstanding.appends.max = 128 (default)
2019-11-14 12:42:09,440 [29b985cf-35b3-45a0-92a5-99fa8b812c1b@group-D35C3FC9018D-LeaderElection221] INFO  server.RaftServerConfigKeys (ConfUtils.java:logGet(43)) - raft.server.rpc.request.timeout = 3000ms (default)
2019-11-14 12:42:09,440 [29b985cf-35b3-45a0-92a5-99fa8b812c1b@group-D35C3FC9018D-LeaderElection221] INFO  server.RaftServerConfigKeys (ConfUtils.java:logGet(43)) - raft.server.log.appender.install.snapshot.enabled = false (custom)
2019-11-14 12:42:09,440 [29b985cf-35b3-45a0-92a5-99fa8b812c1b@group-D35C3FC9018D-LeaderElection221] WARN  impl.MetricRegistriesImpl (MetricRegistriesImpl.java:lambda$create$1(61)) - First MetricRegistry has been created without registering reporters. You may need to call MetricRegistries.global().addReportRegistration(...) before.
2019-11-14 12:42:09,440 [29b985cf-35b3-45a0-92a5-99fa8b812c1b@group-D35C3FC9018D-LeaderElection221] INFO  server.RaftServerConfigKeys (ConfUtils.java:logGet(43)) - raft.server.log.appender.snapshot.chunk.size.max = 16MB (=16777216) (default)
2019-11-14 12:42:09,440 [29b985cf-35b3-45a0-92a5-99fa8b812c1b@group-D35C3FC9018D-LeaderElection221] INFO  server.RaftServerConfigKeys (ConfUtils.java:logGet(43)) - raft.server.log.appender.buffer.byte-limit = 33554432 (custom)
2019-11-14 12:42:09,440 [29b985cf-35b3-45a0-92a5-99fa8b812c1b@group-D35C3FC9018D-LeaderElection221] INFO  server.RaftServerConfigKeys (ConfUtils.java:logGet(43)) - raft.server.log.appender.buffer.element-limit = 1 (custom)
2019-11-14 12:42:09,440 [29b985cf-35b3-45a0-92a5-99fa8b812c1b@group-D35C3FC9018D-LeaderElection221] INFO  grpc.GrpcConfigKeys$Server (ConfUtils.java:logGet(43)) - raft.grpc.server.leader.outstanding.appends.max = 128 (default)
2019-11-14 12:42:09,440 [29b985cf-35b3-45a0-92a5-99fa8b812c1b@group-D35C3FC9018D-LeaderElection221] INFO  server.RaftServerConfigKeys (ConfUtils.java:logGet(43)) - raft.server.rpc.request.timeout = 3000ms (default)
2019-11-14 12:42:09,441 [29b985cf-35b3-45a0-92a5-99fa8b812c1b@group-D35C3FC9018D-LeaderElection221] INFO  server.RaftServerConfigKeys (ConfUtils.java:logGet(43)) - raft.server.log.appender.install.snapshot.enabled = false (custom)
2019-11-14 12:42:09,441 [29b985cf-35b3-45a0-92a5-99fa8b812c1b@group-D35C3FC9018D-LeaderElection221] INFO  impl.RoleInfo (RoleInfo.java:updateAndGet(143)) - 29b985cf-35b3-45a0-92a5-99fa8b812c1b: start LeaderState
2019-11-14 12:42:09,441 [29b985cf-35b3-45a0-92a5-99fa8b812c1b@group-D35C3FC9018D-LeaderElection221] INFO  segmented.SegmentedRaftLogWorker (SegmentedRaftLogWorker.java:rollLogSegment(390)) - 29b985cf-35b3-45a0-92a5-99fa8b812c1b@group-D35C3FC9018D-SegmentedRaftLogWorker: Rolling segment log-0_0 to index:0
2019-11-14 12:42:09,442 [29b985cf-35b3-45a0-92a5-99fa8b812c1b@group-D35C3FC9018D-LeaderElection221] INFO  impl.RaftServerImpl (ServerState.java:setRaftConf(356)) - 29b985cf-35b3-45a0-92a5-99fa8b812c1b@group-D35C3FC9018D: set configuration 1: [e0c88643-1b24-4b90-b706-4d063724ebcc:192.168.34.21:42559, 29b985cf-35b3-45a0-92a5-99fa8b812c1b:192.168.34.21:41805, c6685414-dbf7-4d5a-a965-a6338d016232:192.168.34.21:36095], old=null at 1
2019-11-14 12:42:09,442 [29b985cf-35b3-45a0-92a5-99fa8b812c1b@group-D35C3FC9018D-SegmentedRaftLogWorker] INFO  segmented.SegmentedRaftLogWorker (SegmentedRaftLogWorker.java:execute(533)) - 29b985cf-35b3-45a0-92a5-99fa8b812c1b@group-D35C3FC9018D-SegmentedRaftLogWorker: Rolled log segment from /workdir/hadoop-ozone/integration-test/target/test-dir/MiniOzoneClusterImpl-00c2d61f-fa45-4119-a3b8-446fff627119/datanode-6/data/ratis/3149e730-1459-48cc-80a5-d35c3fc9018d/current/log_inprogress_0 to /workdir/hadoop-ozone/integration-test/target/test-dir/MiniOzoneClusterImpl-00c2d61f-fa45-4119-a3b8-446fff627119/datanode-6/data/ratis/3149e730-1459-48cc-80a5-d35c3fc9018d/current/log_0-0
2019-11-14 12:42:09,442 [grpc-default-executor-9] WARN  server.GrpcLogAppender (LogUtils.java:warn(134)) - 29b985cf-35b3-45a0-92a5-99fa8b812c1b@group-D35C3FC9018D->c6685414-dbf7-4d5a-a965-a6338d016232-AppendLogResponseHandler: Failed appendEntries: org.apache.ratis.thirdparty.io.grpc.StatusRuntimeException: UNAVAILABLE: io exception
2019-11-14 12:42:09,443 [grpc-default-executor-9] INFO  impl.FollowerInfo (FollowerInfo.java:lambda$new$0(51)) - 29b985cf-35b3-45a0-92a5-99fa8b812c1b@group-D35C3FC9018D->c6685414-dbf7-4d5a-a965-a6338d016232: nextIndex: updateUnconditionally 1 -> 0
2019-11-14 12:42:09,443 [grpc-default-executor-9] INFO  ratis.XceiverServerRatis (XceiverServerRatis.java:handleLeaderChangedNotification(697)) - Leader change notification received for group: group-D35C3FC9018D with new leaderId: 29b985cf-35b3-45a0-92a5-99fa8b812c1b
2019-11-14 12:42:09,443 [grpc-default-executor-9] INFO  impl.RaftServerImpl (ServerState.java:setLeader(255)) - e0c88643-1b24-4b90-b706-4d063724ebcc@group-D35C3FC9018D: change Leader from null to 29b985cf-35b3-45a0-92a5-99fa8b812c1b at term 2 for appendEntries, leader elected after 33ms
2019-11-14 12:42:09,445 [grpc-default-executor-9] INFO  impl.RaftServerImpl (ServerState.java:setRaftConf(356)) - e0c88643-1b24-4b90-b706-4d063724ebcc@group-D35C3FC9018D: set configuration 1: [e0c88643-1b24-4b90-b706-4d063724ebcc:192.168.34.21:42559, 29b985cf-35b3-45a0-92a5-99fa8b812c1b:192.168.34.21:41805, c6685414-dbf7-4d5a-a965-a6338d016232:192.168.34.21:36095], old=null at 1
2019-11-14 12:42:09,445 [grpc-default-executor-9] INFO  segmented.SegmentedRaftLogWorker (SegmentedRaftLogWorker.java:rollLogSegment(390)) - e0c88643-1b24-4b90-b706-4d063724ebcc@group-D35C3FC9018D-SegmentedRaftLogWorker: Rolling segment log-0_0 to index:0
2019-11-14 12:42:09,446 [e0c88643-1b24-4b90-b706-4d063724ebcc@group-D35C3FC9018D-SegmentedRaftLogWorker] INFO  segmented.SegmentedRaftLogWorker (SegmentedRaftLogWorker.java:execute(533)) - e0c88643-1b24-4b90-b706-4d063724ebcc@group-D35C3FC9018D-SegmentedRaftLogWorker: Rolled log segment from /workdir/hadoop-ozone/integration-test/target/test-dir/MiniOzoneClusterImpl-00c2d61f-fa45-4119-a3b8-446fff627119/datanode-4/data/ratis/3149e730-1459-48cc-80a5-d35c3fc9018d/current/log_inprogress_0 to /workdir/hadoop-ozone/integration-test/target/test-dir/MiniOzoneClusterImpl-00c2d61f-fa45-4119-a3b8-446fff627119/datanode-4/data/ratis/3149e730-1459-48cc-80a5-d35c3fc9018d/current/log_0-0
2019-11-14 12:42:09,478 [29b985cf-35b3-45a0-92a5-99fa8b812c1b@group-D35C3FC9018D-SegmentedRaftLogWorker] INFO  segmented.SegmentedRaftLogWorker (SegmentedRaftLogWorker.java:execute(576)) - 29b985cf-35b3-45a0-92a5-99fa8b812c1b@group-D35C3FC9018D-SegmentedRaftLogWorker: created new log segment /workdir/hadoop-ozone/integration-test/target/test-dir/MiniOzoneClusterImpl-00c2d61f-fa45-4119-a3b8-446fff627119/datanode-6/data/ratis/3149e730-1459-48cc-80a5-d35c3fc9018d/current/log_inprogress_1
2019-11-14 12:42:09,491 [e0c88643-1b24-4b90-b706-4d063724ebcc@group-D35C3FC9018D-SegmentedRaftLogWorker] INFO  segmented.SegmentedRaftLogWorker (SegmentedRaftLogWorker.java:execute(576)) - e0c88643-1b24-4b90-b706-4d063724ebcc@group-D35C3FC9018D-SegmentedRaftLogWorker: created new log segment /workdir/hadoop-ozone/integration-test/target/test-dir/MiniOzoneClusterImpl-00c2d61f-fa45-4119-a3b8-446fff627119/datanode-4/data/ratis/3149e730-1459-48cc-80a5-d35c3fc9018d/current/log_inprogress_1
2019-11-14 12:42:09,495 [grpc-default-executor-1] WARN  server.GrpcLogAppender (LogUtils.java:warn(134)) - 29b985cf-35b3-45a0-92a5-99fa8b812c1b@group-D35C3FC9018D->c6685414-dbf7-4d5a-a965-a6338d016232-AppendLogResponseHandler: Failed appendEntries: org.apache.ratis.thirdparty.io.grpc.StatusRuntimeException: UNAVAILABLE: io exception
2019-11-14 12:42:09,495 [grpc-default-executor-1] INFO  impl.FollowerInfo (FollowerInfo.java:lambda$new$0(51)) - 29b985cf-35b3-45a0-92a5-99fa8b812c1b@group-D35C3FC9018D->c6685414-dbf7-4d5a-a965-a6338d016232: nextIndex: updateUnconditionally 1 -> 0
2019-11-14 12:42:09,506 [grpc-default-executor-9] WARN  server.GrpcLogAppender (LogUtils.java:warn(134)) - 29b985cf-35b3-45a0-92a5-99fa8b812c1b@group-D35C3FC9018D->c6685414-dbf7-4d5a-a965-a6338d016232-AppendLogResponseHandler: Failed appendEntries: org.apache.ratis.thirdparty.io.grpc.StatusRuntimeException: UNAVAILABLE: io exception
2019-11-14 12:42:09,507 [grpc-default-executor-9] INFO  impl.FollowerInfo (FollowerInfo.java:lambda$new$0(51)) - 29b985cf-35b3-45a0-92a5-99fa8b812c1b@group-D35C3FC9018D->c6685414-dbf7-4d5a-a965-a6338d016232: nextIndex: updateUnconditionally 1 -> 0
2019-11-14 12:42:09,703 [grpc-default-executor-8] WARN  server.GrpcLogAppender (LogUtils.java:warn(134)) - a1f4ab9e-675c-48c0-bb27-a541bfd11ae2@group-E518947F9F97->7f15e76e-ccdf-421e-a2ec-7ae8a15127a1-AppendLogResponseHandler: Failed appendEntries: org.apache.ratis.thirdparty.io.grpc.StatusRuntimeException: UNAVAILABLE: io exception
2019-11-14 12:42:09,704 [grpc-default-executor-8] INFO  impl.FollowerInfo (FollowerInfo.java:lambda$new$0(51)) - a1f4ab9e-675c-48c0-bb27-a541bfd11ae2@group-E518947F9F97->7f15e76e-ccdf-421e-a2ec-7ae8a15127a1: nextIndex: updateUnconditionally 0 -> 0
2019-11-14 12:42:10,010 [grpc-default-executor-1] WARN  server.GrpcLogAppender (LogUtils.java:warn(134)) - 29b985cf-35b3-45a0-92a5-99fa8b812c1b@group-D35C3FC9018D->c6685414-dbf7-4d5a-a965-a6338d016232-AppendLogResponseHandler: Failed appendEntries: org.apache.ratis.thirdparty.io.grpc.StatusRuntimeException: UNAVAILABLE: io exception
2019-11-14 12:42:10,010 [grpc-default-executor-1] INFO  impl.FollowerInfo (FollowerInfo.java:lambda$new$0(51)) - 29b985cf-35b3-45a0-92a5-99fa8b812c1b@group-D35C3FC9018D->c6685414-dbf7-4d5a-a965-a6338d016232: nextIndex: updateUnconditionally 0 -> 0
2019-11-14 12:42:10,204 [grpc-default-executor-8] WARN  server.GrpcLogAppender (LogUtils.java:warn(134)) - a1f4ab9e-675c-48c0-bb27-a541bfd11ae2@group-E518947F9F97->7f15e76e-ccdf-421e-a2ec-7ae8a15127a1-AppendLogResponseHandler: Failed appendEntries: org.apache.ratis.thirdparty.io.grpc.StatusRuntimeException: UNAVAILABLE: io exception
2019-11-14 12:42:10,205 [grpc-default-executor-8] INFO  impl.FollowerInfo (FollowerInfo.java:lambda$new$0(51)) - a1f4ab9e-675c-48c0-bb27-a541bfd11ae2@group-E518947F9F97->7f15e76e-ccdf-421e-a2ec-7ae8a15127a1: nextIndex: updateUnconditionally 0 -> 0
2019-11-14 12:42:10,508 [grpc-default-executor-9] WARN  server.GrpcLogAppender (LogUtils.java:warn(134)) - 29b985cf-35b3-45a0-92a5-99fa8b812c1b@group-D35C3FC9018D->c6685414-dbf7-4d5a-a965-a6338d016232-AppendLogResponseHandler: Failed appendEntries: org.apache.ratis.thirdparty.io.grpc.StatusRuntimeException: UNAVAILABLE: io exception
2019-11-14 12:42:10,509 [grpc-default-executor-9] INFO  impl.FollowerInfo (FollowerInfo.java:lambda$new$0(51)) - 29b985cf-35b3-45a0-92a5-99fa8b812c1b@group-D35C3FC9018D->c6685414-dbf7-4d5a-a965-a6338d016232: nextIndex: updateUnconditionally 0 -> 0
2019-11-14 12:42:10,705 [grpc-default-executor-1] WARN  server.GrpcLogAppender (LogUtils.java:warn(134)) - a1f4ab9e-675c-48c0-bb27-a541bfd11ae2@group-E518947F9F97->7f15e76e-ccdf-421e-a2ec-7ae8a15127a1-AppendLogResponseHandler: Failed appendEntries: org.apache.ratis.thirdparty.io.grpc.StatusRuntimeException: UNAVAILABLE: io exception
2019-11-14 12:42:10,705 [grpc-default-executor-1] INFO  impl.FollowerInfo (FollowerInfo.java:lambda$new$0(51)) - a1f4ab9e-675c-48c0-bb27-a541bfd11ae2@group-E518947F9F97->7f15e76e-ccdf-421e-a2ec-7ae8a15127a1: nextIndex: updateUnconditionally 0 -> 0
2019-11-14 12:42:11,008 [grpc-default-executor-9] WARN  server.GrpcLogAppender (LogUtils.java:warn(134)) - 29b985cf-35b3-45a0-92a5-99fa8b812c1b@group-D35C3FC9018D->c6685414-dbf7-4d5a-a965-a6338d016232-AppendLogResponseHandler: Failed appendEntries: org.apache.ratis.thirdparty.io.grpc.StatusRuntimeException: UNAVAILABLE: io exception
2019-11-14 12:42:11,009 [grpc-default-executor-9] INFO  impl.FollowerInfo (FollowerInfo.java:lambda$new$0(51)) - 29b985cf-35b3-45a0-92a5-99fa8b812c1b@group-D35C3FC9018D->c6685414-dbf7-4d5a-a965-a6338d016232: nextIndex: updateUnconditionally 0 -> 0
2019-11-14 12:42:11,206 [grpc-default-executor-9] WARN  server.GrpcLogAppender (LogUtils.java:warn(134)) - a1f4ab9e-675c-48c0-bb27-a541bfd11ae2@group-E518947F9F97->7f15e76e-ccdf-421e-a2ec-7ae8a15127a1-AppendLogResponseHandler: Failed appendEntries: org.apache.ratis.thirdparty.io.grpc.StatusRuntimeException: UNAVAILABLE: io exception
2019-11-14 12:42:11,206 [grpc-default-executor-9] INFO  impl.FollowerInfo (FollowerInfo.java:lambda$new$0(51)) - a1f4ab9e-675c-48c0-bb27-a541bfd11ae2@group-E518947F9F97->7f15e76e-ccdf-421e-a2ec-7ae8a15127a1: nextIndex: updateUnconditionally 0 -> 0
2019-11-14 12:42:11,512 [grpc-default-executor-1] WARN  server.GrpcLogAppender (LogUtils.java:warn(134)) - 29b985cf-35b3-45a0-92a5-99fa8b812c1b@group-D35C3FC9018D->c6685414-dbf7-4d5a-a965-a6338d016232-AppendLogResponseHandler: Failed appendEntries: org.apache.ratis.thirdparty.io.grpc.StatusRuntimeException: UNAVAILABLE: io exception
2019-11-14 12:42:11,513 [grpc-default-executor-1] INFO  impl.FollowerInfo (FollowerInfo.java:lambda$new$0(51)) - 29b985cf-35b3-45a0-92a5-99fa8b812c1b@group-D35C3FC9018D->c6685414-dbf7-4d5a-a965-a6338d016232: nextIndex: updateUnconditionally 0 -> 0
2019-11-14 12:42:11,706 [grpc-default-executor-8] WARN  server.GrpcLogAppender (LogUtils.java:warn(134)) - a1f4ab9e-675c-48c0-bb27-a541bfd11ae2@group-E518947F9F97->7f15e76e-ccdf-421e-a2ec-7ae8a15127a1-AppendLogResponseHandler: Failed appendEntries: org.apache.ratis.thirdparty.io.grpc.StatusRuntimeException: UNAVAILABLE: io exception
2019-11-14 12:42:11,707 [grpc-default-executor-8] INFO  impl.FollowerInfo (FollowerInfo.java:lambda$new$0(51)) - a1f4ab9e-675c-48c0-bb27-a541bfd11ae2@group-E518947F9F97->7f15e76e-ccdf-421e-a2ec-7ae8a15127a1: nextIndex: updateUnconditionally 0 -> 0
2019-11-14 12:42:12,011 [grpc-default-executor-9] WARN  server.GrpcLogAppender (LogUtils.java:warn(134)) - 29b985cf-35b3-45a0-92a5-99fa8b812c1b@group-D35C3FC9018D->c6685414-dbf7-4d5a-a965-a6338d016232-AppendLogResponseHandler: Failed appendEntries: org.apache.ratis.thirdparty.io.grpc.StatusRuntimeException: UNAVAILABLE: io exception
2019-11-14 12:42:12,011 [grpc-default-executor-9] INFO  impl.FollowerInfo (FollowerInfo.java:lambda$new$0(51)) - 29b985cf-35b3-45a0-92a5-99fa8b812c1b@group-D35C3FC9018D->c6685414-dbf7-4d5a-a965-a6338d016232: nextIndex: updateUnconditionally 0 -> 0
2019-11-14 12:42:12,206 [grpc-default-executor-9] WARN  server.GrpcLogAppender (LogUtils.java:warn(134)) - a1f4ab9e-675c-48c0-bb27-a541bfd11ae2@group-E518947F9F97->7f15e76e-ccdf-421e-a2ec-7ae8a15127a1-AppendLogResponseHandler: Failed appendEntries: org.apache.ratis.thirdparty.io.grpc.StatusRuntimeException: UNAVAILABLE: io exception
2019-11-14 12:42:12,207 [grpc-default-executor-9] INFO  impl.FollowerInfo (FollowerInfo.java:lambda$new$0(51)) - a1f4ab9e-675c-48c0-bb27-a541bfd11ae2@group-E518947F9F97->7f15e76e-ccdf-421e-a2ec-7ae8a15127a1: nextIndex: updateUnconditionally 0 -> 0
2019-11-14 12:42:12,511 [grpc-default-executor-9] WARN  server.GrpcLogAppender (LogUtils.java:warn(134)) - 29b985cf-35b3-45a0-92a5-99fa8b812c1b@group-D35C3FC9018D->c6685414-dbf7-4d5a-a965-a6338d016232-AppendLogResponseHandler: Failed appendEntries: org.apache.ratis.thirdparty.io.grpc.StatusRuntimeException: UNAVAILABLE: io exception
2019-11-14 12:42:12,512 [grpc-default-executor-9] INFO  impl.FollowerInfo (FollowerInfo.java:lambda$new$0(51)) - 29b985cf-35b3-45a0-92a5-99fa8b812c1b@group-D35C3FC9018D->c6685414-dbf7-4d5a-a965-a6338d016232: nextIndex: updateUnconditionally 0 -> 0
2019-11-14 12:42:12,707 [grpc-default-executor-8] WARN  server.GrpcLogAppender (LogUtils.java:warn(134)) - a1f4ab9e-675c-48c0-bb27-a541bfd11ae2@group-E518947F9F97->7f15e76e-ccdf-421e-a2ec-7ae8a15127a1-AppendLogResponseHandler: Failed appendEntries: org.apache.ratis.thirdparty.io.grpc.StatusRuntimeException: UNAVAILABLE: io exception
2019-11-14 12:42:12,708 [grpc-default-executor-8] INFO  impl.FollowerInfo (FollowerInfo.java:lambda$new$0(51)) - a1f4ab9e-675c-48c0-bb27-a541bfd11ae2@group-E518947F9F97->7f15e76e-ccdf-421e-a2ec-7ae8a15127a1: nextIndex: updateUnconditionally 0 -> 0
2019-11-14 12:42:13,012 [grpc-default-executor-1] WARN  server.GrpcLogAppender (LogUtils.java:warn(134)) - 29b985cf-35b3-45a0-92a5-99fa8b812c1b@group-D35C3FC9018D->c6685414-dbf7-4d5a-a965-a6338d016232-AppendLogResponseHandler: Failed appendEntries: org.apache.ratis.thirdparty.io.grpc.StatusRuntimeException: UNAVAILABLE: io exception
2019-11-14 12:42:13,012 [grpc-default-executor-1] INFO  impl.FollowerInfo (FollowerInfo.java:lambda$new$0(51)) - 29b985cf-35b3-45a0-92a5-99fa8b812c1b@group-D35C3FC9018D->c6685414-dbf7-4d5a-a965-a6338d016232: nextIndex: updateUnconditionally 0 -> 0
2019-11-14 12:42:13,208 [grpc-default-executor-9] WARN  server.GrpcLogAppender (LogUtils.java:warn(134)) - a1f4ab9e-675c-48c0-bb27-a541bfd11ae2@group-E518947F9F97->7f15e76e-ccdf-421e-a2ec-7ae8a15127a1-AppendLogResponseHandler: Failed appendEntries: org.apache.ratis.thirdparty.io.grpc.StatusRuntimeException: UNAVAILABLE: io exception
2019-11-14 12:42:13,208 [grpc-default-executor-9] INFO  impl.FollowerInfo (FollowerInfo.java:lambda$new$0(51)) - a1f4ab9e-675c-48c0-bb27-a541bfd11ae2@group-E518947F9F97->7f15e76e-ccdf-421e-a2ec-7ae8a15127a1: nextIndex: updateUnconditionally 0 -> 0
2019-11-14 12:42:13,513 [grpc-default-executor-8] WARN  server.GrpcLogAppender (LogUtils.java:warn(134)) - 29b985cf-35b3-45a0-92a5-99fa8b812c1b@group-D35C3FC9018D->c6685414-dbf7-4d5a-a965-a6338d016232-AppendLogResponseHandler: Failed appendEntries: org.apache.ratis.thirdparty.io.grpc.StatusRuntimeException: UNAVAILABLE: io exception
2019-11-14 12:42:13,513 [grpc-default-executor-8] INFO  impl.FollowerInfo (FollowerInfo.java:lambda$new$0(51)) - 29b985cf-35b3-45a0-92a5-99fa8b812c1b@group-D35C3FC9018D->c6685414-dbf7-4d5a-a965-a6338d016232: nextIndex: updateUnconditionally 0 -> 0
2019-11-14 12:42:13,708 [grpc-default-executor-1] WARN  server.GrpcLogAppender (LogUtils.java:warn(134)) - a1f4ab9e-675c-48c0-bb27-a541bfd11ae2@group-E518947F9F97->7f15e76e-ccdf-421e-a2ec-7ae8a15127a1-AppendLogResponseHandler: Failed appendEntries: org.apache.ratis.thirdparty.io.grpc.StatusRuntimeException: UNAVAILABLE: io exception
2019-11-14 12:42:13,709 [grpc-default-executor-1] INFO  impl.FollowerInfo (FollowerInfo.java:lambda$new$0(51)) - a1f4ab9e-675c-48c0-bb27-a541bfd11ae2@group-E518947F9F97->7f15e76e-ccdf-421e-a2ec-7ae8a15127a1: nextIndex: updateUnconditionally 0 -> 0
2019-11-14 12:42:13,715 [main] INFO  ozoneimpl.OzoneContainer (OzoneContainer.java:stop(244)) - Attempting to stop container services.
2019-11-14 12:42:13,716 [main] INFO  impl.RaftServerProxy (RaftServerProxy.java:lambda$close$4(314)) - 29b985cf-35b3-45a0-92a5-99fa8b812c1b: close
2019-11-14 12:42:13,716 [main] INFO  impl.RaftServerImpl (RaftServerImpl.java:lambda$shutdown$3(250)) - 29b985cf-35b3-45a0-92a5-99fa8b812c1b@group-D35C3FC9018D: shutdown
2019-11-14 12:42:13,717 [main] INFO  util.JmxRegister (JmxRegister.java:unregister(73)) - Successfully un-registered JMX Bean with object name Ratis:service=RaftServer,group=group-D35C3FC9018D,id=29b985cf-35b3-45a0-92a5-99fa8b812c1b
2019-11-14 12:42:13,717 [main] INFO  impl.RoleInfo (RoleInfo.java:shutdownLeaderState(104)) - 29b985cf-35b3-45a0-92a5-99fa8b812c1b: shutdown LeaderState
2019-11-14 12:42:13,722 [main] INFO  impl.PendingRequests (PendingRequests.java:sendNotLeaderResponses(206)) - 29b985cf-35b3-45a0-92a5-99fa8b812c1b@group-D35C3FC9018D-PendingRequests: sendNotLeaderResponses
2019-11-14 12:42:13,722 [org.apache.ratis.server.impl.LogAppender$AppenderDaemon$$Lambda$429/1552770716@5dab713c] WARN  server.GrpcLogAppender (GrpcLogAppender.java:mayWait(151)) - 29b985cf-35b3-45a0-92a5-99fa8b812c1b@group-D35C3FC9018D->e0c88643-1b24-4b90-b706-4d063724ebcc-GrpcLogAppender: Wait interrupted by java.lang.InterruptedException
2019-11-14 12:42:13,722 [org.apache.ratis.server.impl.LogAppender$AppenderDaemon$$Lambda$429/1552770716@3be86134] WARN  server.GrpcLogAppender (GrpcLogAppender.java:mayWait(151)) - 29b985cf-35b3-45a0-92a5-99fa8b812c1b@group-D35C3FC9018D->c6685414-dbf7-4d5a-a965-a6338d016232-GrpcLogAppender: Wait interrupted by java.lang.InterruptedException
2019-11-14 12:42:13,737 [main] INFO  impl.StateMachineUpdater (StateMachineUpdater.java:stopAndJoin(136)) - 29b985cf-35b3-45a0-92a5-99fa8b812c1b@group-D35C3FC9018D-StateMachineUpdater: set stopIndex = 2
2019-11-14 12:42:13,737 [grpc-default-executor-1] INFO  server.GrpcServerProtocolService (GrpcServerProtocolService.java:onCompleted(113)) - e0c88643-1b24-4b90-b706-4d063724ebcc: Completed APPEND_ENTRIES, lastRequest: 29b985cf-35b3-45a0-92a5-99fa8b812c1b->e0c88643-1b24-4b90-b706-4d063724ebcc#10-t2, previous=(t:2, i:2), leaderCommit=2, initializing? false, entries: <empty>
2019-11-14 12:42:13,738 [main] INFO  impl.RaftServerImpl (ServerState.java:close(387)) - 29b985cf-35b3-45a0-92a5-99fa8b812c1b@group-D35C3FC9018D: closes. applyIndex: 2
2019-11-14 12:42:13,738 [29b985cf-35b3-45a0-92a5-99fa8b812c1b@group-D35C3FC9018D-SegmentedRaftLogWorker] INFO  segmented.SegmentedRaftLogWorker (SegmentedRaftLogWorker.java:run(316)) - 29b985cf-35b3-45a0-92a5-99fa8b812c1b@group-D35C3FC9018D-SegmentedRaftLogWorker was interrupted, exiting. There are 0 tasks remaining in the queue.
2019-11-14 12:42:13,738 [grpc-default-executor-1] INFO  server.GrpcLogAppender (GrpcLogAppender.java:onCompleted(308)) - 29b985cf-35b3-45a0-92a5-99fa8b812c1b@group-D35C3FC9018D->e0c88643-1b24-4b90-b706-4d063724ebcc-AppendLogResponseHandler: follower responses appendEntries COMPLETED
2019-11-14 12:42:13,739 [main] INFO  segmented.SegmentedRaftLogWorker (SegmentedRaftLogWorker.java:close(224)) - 29b985cf-35b3-45a0-92a5-99fa8b812c1b@group-D35C3FC9018D-SegmentedRaftLogWorker close()
2019-11-14 12:42:13,739 [main] INFO  impl.RaftServerImpl (RaftServerImpl.java:lambda$shutdown$3(250)) - 29b985cf-35b3-45a0-92a5-99fa8b812c1b@group-662D2E858492: shutdown
2019-11-14 12:42:13,739 [grpc-default-executor-1] INFO  impl.FollowerInfo (FollowerInfo.java:lambda$new$0(51)) - 29b985cf-35b3-45a0-92a5-99fa8b812c1b@group-D35C3FC9018D->e0c88643-1b24-4b90-b706-4d063724ebcc: nextIndex: updateUnconditionally 3 -> 2
2019-11-14 12:42:13,739 [main] INFO  util.JmxRegister (JmxRegister.java:unregister(73)) - Successfully un-registered JMX Bean with object name Ratis:service=RaftServer,group=group-662D2E858492,id=29b985cf-35b3-45a0-92a5-99fa8b812c1b
2019-11-14 12:42:13,740 [main] INFO  impl.RoleInfo (RoleInfo.java:shutdownLeaderState(104)) - 29b985cf-35b3-45a0-92a5-99fa8b812c1b: shutdown LeaderState
2019-11-14 12:42:13,740 [main] INFO  impl.PendingRequests (PendingRequests.java:sendNotLeaderResponses(206)) - 29b985cf-35b3-45a0-92a5-99fa8b812c1b@group-662D2E858492-PendingRequests: sendNotLeaderResponses
2019-11-14 12:42:13,740 [main] INFO  impl.StateMachineUpdater (StateMachineUpdater.java:stopAndJoin(136)) - 29b985cf-35b3-45a0-92a5-99fa8b812c1b@group-662D2E858492-StateMachineUpdater: set stopIndex = 0
2019-11-14 12:42:13,741 [main] INFO  impl.RaftServerImpl (ServerState.java:close(387)) - 29b985cf-35b3-45a0-92a5-99fa8b812c1b@group-662D2E858492: closes. applyIndex: 0
2019-11-14 12:42:13,741 [29b985cf-35b3-45a0-92a5-99fa8b812c1b@group-662D2E858492-SegmentedRaftLogWorker] INFO  segmented.SegmentedRaftLogWorker (SegmentedRaftLogWorker.java:run(316)) - 29b985cf-35b3-45a0-92a5-99fa8b812c1b@group-662D2E858492-SegmentedRaftLogWorker was interrupted, exiting. There are 0 tasks remaining in the queue.
2019-11-14 12:42:13,741 [main] INFO  segmented.SegmentedRaftLogWorker (SegmentedRaftLogWorker.java:close(224)) - 29b985cf-35b3-45a0-92a5-99fa8b812c1b@group-662D2E858492-SegmentedRaftLogWorker close()
2019-11-14 12:42:13,742 [main] INFO  server.GrpcService (GrpcService.java:closeImpl(164)) - 29b985cf-35b3-45a0-92a5-99fa8b812c1b: shutdown server with port 41805 now
2019-11-14 12:42:13,742 [main] INFO  server.GrpcService (GrpcService.java:closeImpl(172)) - 29b985cf-35b3-45a0-92a5-99fa8b812c1b: shutdown server with port 41805 successfully
2019-11-14 12:42:13,744 [ForkJoinPool.commonPool-worker-0] INFO  ozoneimpl.OzoneContainer (OzoneContainer.java:stop(244)) - Attempting to stop container services.
2019-11-14 12:42:13,744 [ForkJoinPool.commonPool-worker-0] INFO  impl.RaftServerProxy (RaftServerProxy.java:lambda$close$4(314)) - 14503c04-9730-4ca2-acd0-60a84a10fce0: close
2019-11-14 12:42:13,745 [ForkJoinPool.commonPool-worker-0] INFO  impl.RaftServerImpl (RaftServerImpl.java:lambda$shutdown$3(250)) - 14503c04-9730-4ca2-acd0-60a84a10fce0@group-B41E5299770A: shutdown
2019-11-14 12:42:13,745 [ForkJoinPool.commonPool-worker-0] INFO  util.JmxRegister (JmxRegister.java:unregister(73)) - Successfully un-registered JMX Bean with object name Ratis:service=RaftServer,group=group-B41E5299770A,id=14503c04-9730-4ca2-acd0-60a84a10fce0
2019-11-14 12:42:13,745 [ForkJoinPool.commonPool-worker-0] INFO  impl.RoleInfo (RoleInfo.java:shutdownLeaderState(104)) - 14503c04-9730-4ca2-acd0-60a84a10fce0: shutdown LeaderState
2019-11-14 12:42:13,745 [ForkJoinPool.commonPool-worker-0] INFO  impl.PendingRequests (PendingRequests.java:sendNotLeaderResponses(206)) - 14503c04-9730-4ca2-acd0-60a84a10fce0@group-B41E5299770A-PendingRequests: sendNotLeaderResponses
2019-11-14 12:42:13,745 [ForkJoinPool.commonPool-worker-0] INFO  impl.StateMachineUpdater (StateMachineUpdater.java:stopAndJoin(136)) - 14503c04-9730-4ca2-acd0-60a84a10fce0@group-B41E5299770A-StateMachineUpdater: set stopIndex = 0
2019-11-14 12:42:13,746 [ForkJoinPool.commonPool-worker-0] INFO  impl.RaftServerImpl (ServerState.java:close(387)) - 14503c04-9730-4ca2-acd0-60a84a10fce0@group-B41E5299770A: closes. applyIndex: 0
2019-11-14 12:42:13,747 [14503c04-9730-4ca2-acd0-60a84a10fce0@group-B41E5299770A-SegmentedRaftLogWorker] INFO  segmented.SegmentedRaftLogWorker (SegmentedRaftLogWorker.java:run(316)) - 14503c04-9730-4ca2-acd0-60a84a10fce0@group-B41E5299770A-SegmentedRaftLogWorker was interrupted, exiting. There are 0 tasks remaining in the queue.
2019-11-14 12:42:13,747 [ForkJoinPool.commonPool-worker-0] INFO  segmented.SegmentedRaftLogWorker (SegmentedRaftLogWorker.java:close(224)) - 14503c04-9730-4ca2-acd0-60a84a10fce0@group-B41E5299770A-SegmentedRaftLogWorker close()
2019-11-14 12:42:13,747 [refreshUsed-/workdir/hadoop-ozone/integration-test/target/test-dir/MiniOzoneClusterImpl-00c2d61f-fa45-4119-a3b8-446fff627119/datanode-6/data/containers] WARN  fs.CachingGetSpaceUsed (CachingGetSpaceUsed.java:run(183)) - Thread Interrupted waiting to refresh disk information: sleep interrupted
2019-11-14 12:42:13,749 [ForkJoinPool.commonPool-worker-0] INFO  server.GrpcService (GrpcService.java:closeImpl(164)) - 14503c04-9730-4ca2-acd0-60a84a10fce0: shutdown server with port 41845 now
2019-11-14 12:42:13,750 [ForkJoinPool.commonPool-worker-0] INFO  server.GrpcService (GrpcService.java:closeImpl(172)) - 14503c04-9730-4ca2-acd0-60a84a10fce0: shutdown server with port 41845 successfully
2019-11-14 12:42:13,753 [refreshUsed-/workdir/hadoop-ozone/integration-test/target/test-dir/MiniOzoneClusterImpl-00c2d61f-fa45-4119-a3b8-446fff627119/datanode-3/data/containers] WARN  fs.CachingGetSpaceUsed (CachingGetSpaceUsed.java:run(183)) - Thread Interrupted waiting to refresh disk information: sleep interrupted
2019-11-14 12:42:13,768 [ForkJoinPool.commonPool-worker-0] INFO  utils.BackgroundService (BackgroundService.java:shutdown(151)) - Shutting down service BlockDeletingService
2019-11-14 12:42:13,768 [main] INFO  utils.BackgroundService (BackgroundService.java:shutdown(151)) - Shutting down service BlockDeletingService
2019-11-14 12:42:13,770 [ForkJoinPool.commonPool-worker-0] INFO  statemachine.DatanodeStateMachine (DatanodeStateMachine.java:stopDaemon(395)) - Ozone container server stopped.
2019-11-14 12:42:13,771 [main] INFO  statemachine.DatanodeStateMachine (DatanodeStateMachine.java:stopDaemon(395)) - Ozone container server stopped.
2019-11-14 12:42:13,776 [ForkJoinPool.commonPool-worker-0] INFO  handler.ContextHandler (ContextHandler.java:doStop(910)) - Stopped o.e.j.w.WebAppContext@51b87df7{/,null,UNAVAILABLE}{/hddsDatanode}
2019-11-14 12:42:13,776 [main] INFO  handler.ContextHandler (ContextHandler.java:doStop(910)) - Stopped o.e.j.w.WebAppContext@120df990{/,null,UNAVAILABLE}{/hddsDatanode}
2019-11-14 12:42:13,777 [ForkJoinPool.commonPool-worker-0] INFO  server.AbstractConnector (AbstractConnector.java:doStop(318)) - Stopped ServerConnector@2315052d{HTTP/1.1,[http/1.1]}{0.0.0.0:0}
2019-11-14 12:42:13,777 [main] INFO  server.AbstractConnector (AbstractConnector.java:doStop(318)) - Stopped ServerConnector@b506ed0{HTTP/1.1,[http/1.1]}{0.0.0.0:0}
2019-11-14 12:42:13,778 [ForkJoinPool.commonPool-worker-0] INFO  handler.ContextHandler (ContextHandler.java:doStop(910)) - Stopped o.e.j.s.ServletContextHandler@20bb85b4{/static,jar:file:/home/user/.m2/repository/org/apache/hadoop/hadoop-hdds-container-service/0.5.0-SNAPSHOT/hadoop-hdds-container-service-0.5.0-SNAPSHOT.jar!/webapps/static,UNAVAILABLE}
2019-11-14 12:42:13,779 [main] INFO  handler.ContextHandler (ContextHandler.java:doStop(910)) - Stopped o.e.j.s.ServletContextHandler@27c53c32{/static,jar:file:/home/user/.m2/repository/org/apache/hadoop/hadoop-hdds-container-service/0.5.0-SNAPSHOT/hadoop-hdds-container-service-0.5.0-SNAPSHOT.jar!/webapps/static,UNAVAILABLE}
2019-11-14 12:42:13,780 [ForkJoinPool.commonPool-worker-0] INFO  handler.ContextHandler (ContextHandler.java:doStop(910)) - Stopped o.e.j.s.ServletContextHandler@71166348{/logs,file:///workdir/hadoop-ozone/integration-test/target/log,UNAVAILABLE}
2019-11-14 12:42:13,780 [main] INFO  handler.ContextHandler (ContextHandler.java:doStop(910)) - Stopped o.e.j.s.ServletContextHandler@2ec85a25{/logs,file:///workdir/hadoop-ozone/integration-test/target/log,UNAVAILABLE}
2019-11-14 12:42:14,209 [grpc-default-executor-8] WARN  server.GrpcLogAppender (LogUtils.java:warn(134)) - a1f4ab9e-675c-48c0-bb27-a541bfd11ae2@group-E518947F9F97->7f15e76e-ccdf-421e-a2ec-7ae8a15127a1-AppendLogResponseHandler: Failed appendEntries: org.apache.ratis.thirdparty.io.grpc.StatusRuntimeException: UNAVAILABLE: io exception
2019-11-14 12:42:14,209 [grpc-default-executor-8] INFO  impl.FollowerInfo (FollowerInfo.java:lambda$new$0(51)) - a1f4ab9e-675c-48c0-bb27-a541bfd11ae2@group-E518947F9F97->7f15e76e-ccdf-421e-a2ec-7ae8a15127a1: nextIndex: updateUnconditionally 0 -> 0
2019-11-14 12:42:14,364 [Datanode State Machine Thread - 0] INFO  statemachine.DatanodeStateMachine (DatanodeStateMachine.java:lambda$startDaemon$0(350)) - Ozone container server started.
2019-11-14 12:42:14,398 [Datanode State Machine Thread - 0] INFO  statemachine.DatanodeStateMachine (DatanodeStateMachine.java:lambda$startDaemon$0(350)) - Ozone container server started.
2019-11-14 12:42:14,709 [grpc-default-executor-9] WARN  server.GrpcLogAppender (LogUtils.java:warn(134)) - a1f4ab9e-675c-48c0-bb27-a541bfd11ae2@group-E518947F9F97->7f15e76e-ccdf-421e-a2ec-7ae8a15127a1-AppendLogResponseHandler: Failed appendEntries: org.apache.ratis.thirdparty.io.grpc.StatusRuntimeException: UNAVAILABLE: io exception
2019-11-14 12:42:14,710 [grpc-default-executor-9] INFO  impl.FollowerInfo (FollowerInfo.java:lambda$new$0(51)) - a1f4ab9e-675c-48c0-bb27-a541bfd11ae2@group-E518947F9F97->7f15e76e-ccdf-421e-a2ec-7ae8a15127a1: nextIndex: updateUnconditionally 0 -> 0
2019-11-14 12:42:15,012 [Thread-4262] INFO  impl.FollowerState (FollowerState.java:run(111)) - e0c88643-1b24-4b90-b706-4d063724ebcc@group-D35C3FC9018D-FollowerState: change to CANDIDATE, lastRpcTime:1490ms, electionTimeout:1200ms
2019-11-14 12:42:15,013 [Thread-4262] INFO  impl.RoleInfo (RoleInfo.java:shutdownFollowerState(121)) - e0c88643-1b24-4b90-b706-4d063724ebcc: shutdown FollowerState
2019-11-14 12:42:15,013 [Thread-4262] INFO  impl.RaftServerImpl (RaftServerImpl.java:setRole(173)) - e0c88643-1b24-4b90-b706-4d063724ebcc@group-D35C3FC9018D: changes role from  FOLLOWER to CANDIDATE at term 2 for changeToCandidate
2019-11-14 12:42:15,013 [Thread-4262] INFO  impl.RoleInfo (RoleInfo.java:updateAndGet(143)) - e0c88643-1b24-4b90-b706-4d063724ebcc: start LeaderElection
2019-11-14 12:42:15,013 [e0c88643-1b24-4b90-b706-4d063724ebcc@group-D35C3FC9018D-LeaderElection222] INFO  impl.RaftServerImpl (ServerState.java:setLeader(255)) - e0c88643-1b24-4b90-b706-4d063724ebcc@group-D35C3FC9018D: change Leader from 29b985cf-35b3-45a0-92a5-99fa8b812c1b to null at term 2 for initElection
2019-11-14 12:42:15,029 [e0c88643-1b24-4b90-b706-4d063724ebcc@group-D35C3FC9018D-LeaderElection222] INFO  impl.LeaderElection (LeaderElection.java:askForVotes(178)) - e0c88643-1b24-4b90-b706-4d063724ebcc@group-D35C3FC9018D-LeaderElection222: begin an election at term 3 for 1: [e0c88643-1b24-4b90-b706-4d063724ebcc:192.168.34.21:42559, 29b985cf-35b3-45a0-92a5-99fa8b812c1b:192.168.34.21:41805, c6685414-dbf7-4d5a-a965-a6338d016232:192.168.34.21:36095], old=null
2019-11-14 12:42:15,031 [e0c88643-1b24-4b90-b706-4d063724ebcc@group-D35C3FC9018D-LeaderElection222] INFO  impl.LeaderElection (LogUtils.java:infoOrTrace(149)) - e0c88643-1b24-4b90-b706-4d063724ebcc@group-D35C3FC9018D-LeaderElection222 got exception when requesting votes: {}
java.util.concurrent.ExecutionException: org.apache.ratis.thirdparty.io.grpc.StatusRuntimeException: UNAVAILABLE: io exception
	at java.util.concurrent.FutureTask.report(FutureTask.java:122)
	at java.util.concurrent.FutureTask.get(FutureTask.java:192)
	at org.apache.ratis.server.impl.LeaderElection.waitForResults(LeaderElection.java:259)
	at org.apache.ratis.server.impl.LeaderElection.askForVotes(LeaderElection.java:197)
	at org.apache.ratis.server.impl.LeaderElection.run(LeaderElection.java:133)
	at java.lang.Thread.run(Thread.java:748)
Caused by: org.apache.ratis.thirdparty.io.grpc.StatusRuntimeException: UNAVAILABLE: io exception
	at org.apache.ratis.thirdparty.io.grpc.stub.ClientCalls.toStatusRuntimeException(ClientCalls.java:233)
	at org.apache.ratis.thirdparty.io.grpc.stub.ClientCalls.getUnchecked(ClientCalls.java:214)
	at org.apache.ratis.thirdparty.io.grpc.stub.ClientCalls.blockingUnaryCall(ClientCalls.java:139)
	at org.apache.ratis.proto.grpc.RaftServerProtocolServiceGrpc$RaftServerProtocolServiceBlockingStub.requestVote(RaftServerProtocolServiceGrpc.java:265)
	at org.apache.ratis.grpc.server.GrpcServerProtocolClient.requestVote(GrpcServerProtocolClient.java:99)
	at org.apache.ratis.grpc.server.GrpcService.requestVote(GrpcService.java:204)
	at org.apache.ratis.server.impl.LeaderElection.lambda$submitRequests$1(LeaderElection.java:234)
	at java.util.concurrent.FutureTask.run(FutureTask.java:266)
	at java.util.concurrent.Executors$RunnableAdapter.call(Executors.java:511)
	at java.util.concurrent.FutureTask.run(FutureTask.java:266)
	at java.util.concurrent.ThreadPoolExecutor.runWorker(ThreadPoolExecutor.java:1149)
	at java.util.concurrent.ThreadPoolExecutor$Worker.run(ThreadPoolExecutor.java:624)
	... 1 more
Caused by: org.apache.ratis.thirdparty.io.netty.channel.AbstractChannel$AnnotatedConnectException: Connection refused: /192.168.34.21:36095
	at sun.nio.ch.SocketChannelImpl.checkConnect(Native Method)
	at sun.nio.ch.SocketChannelImpl.finishConnect(SocketChannelImpl.java:717)
	at org.apache.ratis.thirdparty.io.netty.channel.socket.nio.NioSocketChannel.doFinishConnect(NioSocketChannel.java:327)
	at org.apache.ratis.thirdparty.io.netty.channel.nio.AbstractNioChannel$AbstractNioUnsafe.finishConnect(AbstractNioChannel.java:340)
	at org.apache.ratis.thirdparty.io.netty.channel.nio.NioEventLoop.processSelectedKey(NioEventLoop.java:632)
	at org.apache.ratis.thirdparty.io.netty.channel.nio.NioEventLoop.processSelectedKeysOptimized(NioEventLoop.java:579)
	at org.apache.ratis.thirdparty.io.netty.channel.nio.NioEventLoop.processSelectedKeys(NioEventLoop.java:496)
	at org.apache.ratis.thirdparty.io.netty.channel.nio.NioEventLoop.run(NioEventLoop.java:458)
	at org.apache.ratis.thirdparty.io.netty.util.concurrent.SingleThreadEventExecutor$5.run(SingleThreadEventExecutor.java:897)
	at org.apache.ratis.thirdparty.io.netty.util.concurrent.FastThreadLocalRunnable.run(FastThreadLocalRunnable.java:30)
	... 1 more
Caused by: java.net.ConnectException: Connection refused
	... 11 more
2019-11-14 12:42:15,032 [e0c88643-1b24-4b90-b706-4d063724ebcc@group-D35C3FC9018D-LeaderElection222] INFO  impl.LeaderElection (LogUtils.java:infoOrTrace(149)) - e0c88643-1b24-4b90-b706-4d063724ebcc@group-D35C3FC9018D-LeaderElection222 got exception when requesting votes: {}
java.util.concurrent.ExecutionException: org.apache.ratis.thirdparty.io.grpc.StatusRuntimeException: UNAVAILABLE: io exception
	at java.util.concurrent.FutureTask.report(FutureTask.java:122)
	at java.util.concurrent.FutureTask.get(FutureTask.java:192)
	at org.apache.ratis.server.impl.LeaderElection.waitForResults(LeaderElection.java:259)
	at org.apache.ratis.server.impl.LeaderElection.askForVotes(LeaderElection.java:197)
	at org.apache.ratis.server.impl.LeaderElection.run(LeaderElection.java:133)
	at java.lang.Thread.run(Thread.java:748)
Caused by: org.apache.ratis.thirdparty.io.grpc.StatusRuntimeException: UNAVAILABLE: io exception
	at org.apache.ratis.thirdparty.io.grpc.stub.ClientCalls.toStatusRuntimeException(ClientCalls.java:233)
	at org.apache.ratis.thirdparty.io.grpc.stub.ClientCalls.getUnchecked(ClientCalls.java:214)
	at org.apache.ratis.thirdparty.io.grpc.stub.ClientCalls.blockingUnaryCall(ClientCalls.java:139)
	at org.apache.ratis.proto.grpc.RaftServerProtocolServiceGrpc$RaftServerProtocolServiceBlockingStub.requestVote(RaftServerProtocolServiceGrpc.java:265)
	at org.apache.ratis.grpc.server.GrpcServerProtocolClient.requestVote(GrpcServerProtocolClient.java:99)
	at org.apache.ratis.grpc.server.GrpcService.requestVote(GrpcService.java:204)
	at org.apache.ratis.server.impl.LeaderElection.lambda$submitRequests$1(LeaderElection.java:234)
	at java.util.concurrent.FutureTask.run(FutureTask.java:266)
	at java.util.concurrent.Executors$RunnableAdapter.call(Executors.java:511)
	at java.util.concurrent.FutureTask.run(FutureTask.java:266)
	at java.util.concurrent.ThreadPoolExecutor.runWorker(ThreadPoolExecutor.java:1149)
	at java.util.concurrent.ThreadPoolExecutor$Worker.run(ThreadPoolExecutor.java:624)
	... 1 more
Caused by: org.apache.ratis.thirdparty.io.netty.channel.AbstractChannel$AnnotatedConnectException: Connection refused: /192.168.34.21:41805
	at sun.nio.ch.SocketChannelImpl.checkConnect(Native Method)
	at sun.nio.ch.SocketChannelImpl.finishConnect(SocketChannelImpl.java:717)
	at org.apache.ratis.thirdparty.io.netty.channel.socket.nio.NioSocketChannel.doFinishConnect(NioSocketChannel.java:327)
	at org.apache.ratis.thirdparty.io.netty.channel.nio.AbstractNioChannel$AbstractNioUnsafe.finishConnect(AbstractNioChannel.java:340)
	at org.apache.ratis.thirdparty.io.netty.channel.nio.NioEventLoop.processSelectedKey(NioEventLoop.java:632)
	at org.apache.ratis.thirdparty.io.netty.channel.nio.NioEventLoop.processSelectedKeysOptimized(NioEventLoop.java:579)
	at org.apache.ratis.thirdparty.io.netty.channel.nio.NioEventLoop.processSelectedKeys(NioEventLoop.java:496)
	at org.apache.ratis.thirdparty.io.netty.channel.nio.NioEventLoop.run(NioEventLoop.java:458)
	at org.apache.ratis.thirdparty.io.netty.util.concurrent.SingleThreadEventExecutor$5.run(SingleThreadEventExecutor.java:897)
	at org.apache.ratis.thirdparty.io.netty.util.concurrent.FastThreadLocalRunnable.run(FastThreadLocalRunnable.java:30)
	... 1 more
Caused by: java.net.ConnectException: Connection refused
	... 11 more
2019-11-14 12:42:15,032 [e0c88643-1b24-4b90-b706-4d063724ebcc@group-D35C3FC9018D-LeaderElection222] INFO  impl.LeaderElection (LeaderElection.java:logAndReturn(56)) - e0c88643-1b24-4b90-b706-4d063724ebcc@group-D35C3FC9018D-LeaderElection222: Election REJECTED; received 0 response(s) [] and 2 exception(s); e0c88643-1b24-4b90-b706-4d063724ebcc@group-D35C3FC9018D:t3, leader=null, voted=e0c88643-1b24-4b90-b706-4d063724ebcc, raftlog=e0c88643-1b24-4b90-b706-4d063724ebcc@group-D35C3FC9018D-SegmentedRaftLog:OPENED:c2,f2,i2, conf=1: [e0c88643-1b24-4b90-b706-4d063724ebcc:192.168.34.21:42559, 29b985cf-35b3-45a0-92a5-99fa8b812c1b:192.168.34.21:41805, c6685414-dbf7-4d5a-a965-a6338d016232:192.168.34.21:36095], old=null
2019-11-14 12:42:15,032 [e0c88643-1b24-4b90-b706-4d063724ebcc@group-D35C3FC9018D-LeaderElection222] INFO  impl.LeaderElection (LogUtils.java:infoOrTrace(149)) -   Exception 0: {}
java.util.concurrent.ExecutionException: org.apache.ratis.thirdparty.io.grpc.StatusRuntimeException: UNAVAILABLE: io exception
	at java.util.concurrent.FutureTask.report(FutureTask.java:122)
	at java.util.concurrent.FutureTask.get(FutureTask.java:192)
	at org.apache.ratis.server.impl.LeaderElection.waitForResults(LeaderElection.java:259)
	at org.apache.ratis.server.impl.LeaderElection.askForVotes(LeaderElection.java:197)
	at org.apache.ratis.server.impl.LeaderElection.run(LeaderElection.java:133)
	at java.lang.Thread.run(Thread.java:748)
Caused by: org.apache.ratis.thirdparty.io.grpc.StatusRuntimeException: UNAVAILABLE: io exception
	at org.apache.ratis.thirdparty.io.grpc.stub.ClientCalls.toStatusRuntimeException(ClientCalls.java:233)
	at org.apache.ratis.thirdparty.io.grpc.stub.ClientCalls.getUnchecked(ClientCalls.java:214)
	at org.apache.ratis.thirdparty.io.grpc.stub.ClientCalls.blockingUnaryCall(ClientCalls.java:139)
	at org.apache.ratis.proto.grpc.RaftServerProtocolServiceGrpc$RaftServerProtocolServiceBlockingStub.requestVote(RaftServerProtocolServiceGrpc.java:265)
	at org.apache.ratis.grpc.server.GrpcServerProtocolClient.requestVote(GrpcServerProtocolClient.java:99)
	at org.apache.ratis.grpc.server.GrpcService.requestVote(GrpcService.java:204)
	at org.apache.ratis.server.impl.LeaderElection.lambda$submitRequests$1(LeaderElection.java:234)
	at java.util.concurrent.FutureTask.run(FutureTask.java:266)
	at java.util.concurrent.Executors$RunnableAdapter.call(Executors.java:511)
	at java.util.concurrent.FutureTask.run(FutureTask.java:266)
	at java.util.concurrent.ThreadPoolExecutor.runWorker(ThreadPoolExecutor.java:1149)
	at java.util.concurrent.ThreadPoolExecutor$Worker.run(ThreadPoolExecutor.java:624)
	... 1 more
Caused by: org.apache.ratis.thirdparty.io.netty.channel.AbstractChannel$AnnotatedConnectException: Connection refused: /192.168.34.21:36095
	at sun.nio.ch.SocketChannelImpl.checkConnect(Native Method)
	at sun.nio.ch.SocketChannelImpl.finishConnect(SocketChannelImpl.java:717)
	at org.apache.ratis.thirdparty.io.netty.channel.socket.nio.NioSocketChannel.doFinishConnect(NioSocketChannel.java:327)
	at org.apache.ratis.thirdparty.io.netty.channel.nio.AbstractNioChannel$AbstractNioUnsafe.finishConnect(AbstractNioChannel.java:340)
	at org.apache.ratis.thirdparty.io.netty.channel.nio.NioEventLoop.processSelectedKey(NioEventLoop.java:632)
	at org.apache.ratis.thirdparty.io.netty.channel.nio.NioEventLoop.processSelectedKeysOptimized(NioEventLoop.java:579)
	at org.apache.ratis.thirdparty.io.netty.channel.nio.NioEventLoop.processSelectedKeys(NioEventLoop.java:496)
	at org.apache.ratis.thirdparty.io.netty.channel.nio.NioEventLoop.run(NioEventLoop.java:458)
	at org.apache.ratis.thirdparty.io.netty.util.concurrent.SingleThreadEventExecutor$5.run(SingleThreadEventExecutor.java:897)
	at org.apache.ratis.thirdparty.io.netty.util.concurrent.FastThreadLocalRunnable.run(FastThreadLocalRunnable.java:30)
	... 1 more
Caused by: java.net.ConnectException: Connection refused
	... 11 more
2019-11-14 12:42:15,032 [e0c88643-1b24-4b90-b706-4d063724ebcc@group-D35C3FC9018D-LeaderElection222] INFO  impl.LeaderElection (LogUtils.java:infoOrTrace(149)) -   Exception 1: {}
java.util.concurrent.ExecutionException: org.apache.ratis.thirdparty.io.grpc.StatusRuntimeException: UNAVAILABLE: io exception
	at java.util.concurrent.FutureTask.report(FutureTask.java:122)
	at java.util.concurrent.FutureTask.get(FutureTask.java:192)
	at org.apache.ratis.server.impl.LeaderElection.waitForResults(LeaderElection.java:259)
	at org.apache.ratis.server.impl.LeaderElection.askForVotes(LeaderElection.java:197)
	at org.apache.ratis.server.impl.LeaderElection.run(LeaderElection.java:133)
	at java.lang.Thread.run(Thread.java:748)
Caused by: org.apache.ratis.thirdparty.io.grpc.StatusRuntimeException: UNAVAILABLE: io exception
	at org.apache.ratis.thirdparty.io.grpc.stub.ClientCalls.toStatusRuntimeException(ClientCalls.java:233)
	at org.apache.ratis.thirdparty.io.grpc.stub.ClientCalls.getUnchecked(ClientCalls.java:214)
	at org.apache.ratis.thirdparty.io.grpc.stub.ClientCalls.blockingUnaryCall(ClientCalls.java:139)
	at org.apache.ratis.proto.grpc.RaftServerProtocolServiceGrpc$RaftServerProtocolServiceBlockingStub.requestVote(RaftServerProtocolServiceGrpc.java:265)
	at org.apache.ratis.grpc.server.GrpcServerProtocolClient.requestVote(GrpcServerProtocolClient.java:99)
	at org.apache.ratis.grpc.server.GrpcService.requestVote(GrpcService.java:204)
	at org.apache.ratis.server.impl.LeaderElection.lambda$submitRequests$1(LeaderElection.java:234)
	at java.util.concurrent.FutureTask.run(FutureTask.java:266)
	at java.util.concurrent.Executors$RunnableAdapter.call(Executors.java:511)
	at java.util.concurrent.FutureTask.run(FutureTask.java:266)
	at java.util.concurrent.ThreadPoolExecutor.runWorker(ThreadPoolExecutor.java:1149)
	at java.util.concurrent.ThreadPoolExecutor$Worker.run(ThreadPoolExecutor.java:624)
	... 1 more
Caused by: org.apache.ratis.thirdparty.io.netty.channel.AbstractChannel$AnnotatedConnectException: Connection refused: /192.168.34.21:41805
	at sun.nio.ch.SocketChannelImpl.checkConnect(Native Method)
	at sun.nio.ch.SocketChannelImpl.finishConnect(SocketChannelImpl.java:717)
	at org.apache.ratis.thirdparty.io.netty.channel.socket.nio.NioSocketChannel.doFinishConnect(NioSocketChannel.java:327)
	at org.apache.ratis.thirdparty.io.netty.channel.nio.AbstractNioChannel$AbstractNioUnsafe.finishConnect(AbstractNioChannel.java:340)
	at org.apache.ratis.thirdparty.io.netty.channel.nio.NioEventLoop.processSelectedKey(NioEventLoop.java:632)
	at org.apache.ratis.thirdparty.io.netty.channel.nio.NioEventLoop.processSelectedKeysOptimized(NioEventLoop.java:579)
	at org.apache.ratis.thirdparty.io.netty.channel.nio.NioEventLoop.processSelectedKeys(NioEventLoop.java:496)
	at org.apache.ratis.thirdparty.io.netty.channel.nio.NioEventLoop.run(NioEventLoop.java:458)
	at org.apache.ratis.thirdparty.io.netty.util.concurrent.SingleThreadEventExecutor$5.run(SingleThreadEventExecutor.java:897)
	at org.apache.ratis.thirdparty.io.netty.util.concurrent.FastThreadLocalRunnable.run(FastThreadLocalRunnable.java:30)
	... 1 more
Caused by: java.net.ConnectException: Connection refused
	... 11 more
2019-11-14 12:42:15,033 [e0c88643-1b24-4b90-b706-4d063724ebcc@group-D35C3FC9018D-LeaderElection222] INFO  impl.RaftServerImpl (RaftServerImpl.java:setRole(173)) - e0c88643-1b24-4b90-b706-4d063724ebcc@group-D35C3FC9018D: changes role from CANDIDATE to FOLLOWER at term 3 for DISCOVERED_A_NEW_TERM
2019-11-14 12:42:15,033 [e0c88643-1b24-4b90-b706-4d063724ebcc@group-D35C3FC9018D-LeaderElection222] INFO  impl.RoleInfo (RoleInfo.java:shutdownLeaderElection(134)) - e0c88643-1b24-4b90-b706-4d063724ebcc: shutdown LeaderElection
2019-11-14 12:42:15,033 [e0c88643-1b24-4b90-b706-4d063724ebcc@group-D35C3FC9018D-LeaderElection222] INFO  impl.RoleInfo (RoleInfo.java:updateAndGet(143)) - e0c88643-1b24-4b90-b706-4d063724ebcc: start FollowerState
2019-11-14 12:42:15,210 [grpc-default-executor-8] WARN  server.GrpcLogAppender (LogUtils.java:warn(134)) - a1f4ab9e-675c-48c0-bb27-a541bfd11ae2@group-E518947F9F97->7f15e76e-ccdf-421e-a2ec-7ae8a15127a1-AppendLogResponseHandler: Failed appendEntries: org.apache.ratis.thirdparty.io.grpc.StatusRuntimeException: UNAVAILABLE: io exception
2019-11-14 12:42:15,210 [grpc-default-executor-8] INFO  impl.FollowerInfo (FollowerInfo.java:lambda$new$0(51)) - a1f4ab9e-675c-48c0-bb27-a541bfd11ae2@group-E518947F9F97->7f15e76e-ccdf-421e-a2ec-7ae8a15127a1: nextIndex: updateUnconditionally 0 -> 0
2019-11-14 12:42:15,711 [grpc-default-executor-9] WARN  server.GrpcLogAppender (LogUtils.java:warn(134)) - a1f4ab9e-675c-48c0-bb27-a541bfd11ae2@group-E518947F9F97->7f15e76e-ccdf-421e-a2ec-7ae8a15127a1-AppendLogResponseHandler: Failed appendEntries: org.apache.ratis.thirdparty.io.grpc.StatusRuntimeException: UNAVAILABLE: io exception
2019-11-14 12:42:15,711 [grpc-default-executor-9] INFO  impl.FollowerInfo (FollowerInfo.java:lambda$new$0(51)) - a1f4ab9e-675c-48c0-bb27-a541bfd11ae2@group-E518947F9F97->7f15e76e-ccdf-421e-a2ec-7ae8a15127a1: nextIndex: updateUnconditionally 0 -> 0
2019-11-14 12:42:16,101 [Thread-4313] INFO  impl.FollowerState (FollowerState.java:run(111)) - e0c88643-1b24-4b90-b706-4d063724ebcc@group-D35C3FC9018D-FollowerState: change to CANDIDATE, lastRpcTime:1068ms, electionTimeout:1068ms
2019-11-14 12:42:16,102 [Thread-4313] INFO  impl.RoleInfo (RoleInfo.java:shutdownFollowerState(121)) - e0c88643-1b24-4b90-b706-4d063724ebcc: shutdown FollowerState
2019-11-14 12:42:16,102 [Thread-4313] INFO  impl.RaftServerImpl (RaftServerImpl.java:setRole(173)) - e0c88643-1b24-4b90-b706-4d063724ebcc@group-D35C3FC9018D: changes role from  FOLLOWER to CANDIDATE at term 3 for changeToCandidate
2019-11-14 12:42:16,102 [Thread-4313] INFO  impl.RoleInfo (RoleInfo.java:updateAndGet(143)) - e0c88643-1b24-4b90-b706-4d063724ebcc: start LeaderElection
2019-11-14 12:42:16,107 [e0c88643-1b24-4b90-b706-4d063724ebcc@group-D35C3FC9018D-LeaderElection223] INFO  impl.LeaderElection (LeaderElection.java:askForVotes(178)) - e0c88643-1b24-4b90-b706-4d063724ebcc@group-D35C3FC9018D-LeaderElection223: begin an election at term 4 for 1: [e0c88643-1b24-4b90-b706-4d063724ebcc:192.168.34.21:42559, 29b985cf-35b3-45a0-92a5-99fa8b812c1b:192.168.34.21:41805, c6685414-dbf7-4d5a-a965-a6338d016232:192.168.34.21:36095], old=null
2019-11-14 12:42:16,107 [e0c88643-1b24-4b90-b706-4d063724ebcc@group-D35C3FC9018D-LeaderElection223] INFO  impl.LeaderElection (LogUtils.java:infoOrTrace(149)) - e0c88643-1b24-4b90-b706-4d063724ebcc@group-D35C3FC9018D-LeaderElection223 got exception when requesting votes: {}
java.util.concurrent.ExecutionException: org.apache.ratis.thirdparty.io.grpc.StatusRuntimeException: UNAVAILABLE: io exception
	at java.util.concurrent.FutureTask.report(FutureTask.java:122)
	at java.util.concurrent.FutureTask.get(FutureTask.java:192)
	at org.apache.ratis.server.impl.LeaderElection.waitForResults(LeaderElection.java:259)
	at org.apache.ratis.server.impl.LeaderElection.askForVotes(LeaderElection.java:197)
	at org.apache.ratis.server.impl.LeaderElection.run(LeaderElection.java:133)
	at java.lang.Thread.run(Thread.java:748)
Caused by: org.apache.ratis.thirdparty.io.grpc.StatusRuntimeException: UNAVAILABLE: io exception
	at org.apache.ratis.thirdparty.io.grpc.stub.ClientCalls.toStatusRuntimeException(ClientCalls.java:233)
	at org.apache.ratis.thirdparty.io.grpc.stub.ClientCalls.getUnchecked(ClientCalls.java:214)
	at org.apache.ratis.thirdparty.io.grpc.stub.ClientCalls.blockingUnaryCall(ClientCalls.java:139)
	at org.apache.ratis.proto.grpc.RaftServerProtocolServiceGrpc$RaftServerProtocolServiceBlockingStub.requestVote(RaftServerProtocolServiceGrpc.java:265)
	at org.apache.ratis.grpc.server.GrpcServerProtocolClient.requestVote(GrpcServerProtocolClient.java:99)
	at org.apache.ratis.grpc.server.GrpcService.requestVote(GrpcService.java:204)
	at org.apache.ratis.server.impl.LeaderElection.lambda$submitRequests$1(LeaderElection.java:234)
	at java.util.concurrent.FutureTask.run(FutureTask.java:266)
	at java.util.concurrent.Executors$RunnableAdapter.call(Executors.java:511)
	at java.util.concurrent.FutureTask.run(FutureTask.java:266)
	at java.util.concurrent.ThreadPoolExecutor.runWorker(ThreadPoolExecutor.java:1149)
	at java.util.concurrent.ThreadPoolExecutor$Worker.run(ThreadPoolExecutor.java:624)
	... 1 more
Caused by: org.apache.ratis.thirdparty.io.netty.channel.AbstractChannel$AnnotatedConnectException: Connection refused: /192.168.34.21:41805
	at sun.nio.ch.SocketChannelImpl.checkConnect(Native Method)
	at sun.nio.ch.SocketChannelImpl.finishConnect(SocketChannelImpl.java:717)
	at org.apache.ratis.thirdparty.io.netty.channel.socket.nio.NioSocketChannel.doFinishConnect(NioSocketChannel.java:327)
	at org.apache.ratis.thirdparty.io.netty.channel.nio.AbstractNioChannel$AbstractNioUnsafe.finishConnect(AbstractNioChannel.java:340)
	at org.apache.ratis.thirdparty.io.netty.channel.nio.NioEventLoop.processSelectedKey(NioEventLoop.java:632)
	at org.apache.ratis.thirdparty.io.netty.channel.nio.NioEventLoop.processSelectedKeysOptimized(NioEventLoop.java:579)
	at org.apache.ratis.thirdparty.io.netty.channel.nio.NioEventLoop.processSelectedKeys(NioEventLoop.java:496)
	at org.apache.ratis.thirdparty.io.netty.channel.nio.NioEventLoop.run(NioEventLoop.java:458)
	at org.apache.ratis.thirdparty.io.netty.util.concurrent.SingleThreadEventExecutor$5.run(SingleThreadEventExecutor.java:897)
	at org.apache.ratis.thirdparty.io.netty.util.concurrent.FastThreadLocalRunnable.run(FastThreadLocalRunnable.java:30)
	... 1 more
Caused by: java.net.ConnectException: Connection refused
	... 11 more
2019-11-14 12:42:16,108 [e0c88643-1b24-4b90-b706-4d063724ebcc@group-D35C3FC9018D-LeaderElection223] INFO  impl.LeaderElection (LogUtils.java:infoOrTrace(149)) - e0c88643-1b24-4b90-b706-4d063724ebcc@group-D35C3FC9018D-LeaderElection223 got exception when requesting votes: {}
java.util.concurrent.ExecutionException: org.apache.ratis.thirdparty.io.grpc.StatusRuntimeException: UNAVAILABLE: io exception
	at java.util.concurrent.FutureTask.report(FutureTask.java:122)
	at java.util.concurrent.FutureTask.get(FutureTask.java:192)
	at org.apache.ratis.server.impl.LeaderElection.waitForResults(LeaderElection.java:259)
	at org.apache.ratis.server.impl.LeaderElection.askForVotes(LeaderElection.java:197)
	at org.apache.ratis.server.impl.LeaderElection.run(LeaderElection.java:133)
	at java.lang.Thread.run(Thread.java:748)
Caused by: org.apache.ratis.thirdparty.io.grpc.StatusRuntimeException: UNAVAILABLE: io exception
	at org.apache.ratis.thirdparty.io.grpc.stub.ClientCalls.toStatusRuntimeException(ClientCalls.java:233)
	at org.apache.ratis.thirdparty.io.grpc.stub.ClientCalls.getUnchecked(ClientCalls.java:214)
	at org.apache.ratis.thirdparty.io.grpc.stub.ClientCalls.blockingUnaryCall(ClientCalls.java:139)
	at org.apache.ratis.proto.grpc.RaftServerProtocolServiceGrpc$RaftServerProtocolServiceBlockingStub.requestVote(RaftServerProtocolServiceGrpc.java:265)
	at org.apache.ratis.grpc.server.GrpcServerProtocolClient.requestVote(GrpcServerProtocolClient.java:99)
	at org.apache.ratis.grpc.server.GrpcService.requestVote(GrpcService.java:204)
	at org.apache.ratis.server.impl.LeaderElection.lambda$submitRequests$1(LeaderElection.java:234)
	at java.util.concurrent.FutureTask.run(FutureTask.java:266)
	at java.util.concurrent.Executors$RunnableAdapter.call(Executors.java:511)
	at java.util.concurrent.FutureTask.run(FutureTask.java:266)
	at java.util.concurrent.ThreadPoolExecutor.runWorker(ThreadPoolExecutor.java:1149)
	at java.util.concurrent.ThreadPoolExecutor$Worker.run(ThreadPoolExecutor.java:624)
	... 1 more
Caused by: org.apache.ratis.thirdparty.io.netty.channel.AbstractChannel$AnnotatedConnectException: Connection refused: /192.168.34.21:36095
	at sun.nio.ch.SocketChannelImpl.checkConnect(Native Method)
	at sun.nio.ch.SocketChannelImpl.finishConnect(SocketChannelImpl.java:717)
	at org.apache.ratis.thirdparty.io.netty.channel.socket.nio.NioSocketChannel.doFinishConnect(NioSocketChannel.java:327)
	at org.apache.ratis.thirdparty.io.netty.channel.nio.AbstractNioChannel$AbstractNioUnsafe.finishConnect(AbstractNioChannel.java:340)
	at org.apache.ratis.thirdparty.io.netty.channel.nio.NioEventLoop.processSelectedKey(NioEventLoop.java:632)
	at org.apache.ratis.thirdparty.io.netty.channel.nio.NioEventLoop.processSelectedKeysOptimized(NioEventLoop.java:579)
	at org.apache.ratis.thirdparty.io.netty.channel.nio.NioEventLoop.processSelectedKeys(NioEventLoop.java:496)
	at org.apache.ratis.thirdparty.io.netty.channel.nio.NioEventLoop.run(NioEventLoop.java:458)
	at org.apache.ratis.thirdparty.io.netty.util.concurrent.SingleThreadEventExecutor$5.run(SingleThreadEventExecutor.java:897)
	at org.apache.ratis.thirdparty.io.netty.util.concurrent.FastThreadLocalRunnable.run(FastThreadLocalRunnable.java:30)
	... 1 more
Caused by: java.net.ConnectException: Connection refused
	... 11 more
2019-11-14 12:42:16,109 [e0c88643-1b24-4b90-b706-4d063724ebcc@group-D35C3FC9018D-LeaderElection223] INFO  impl.LeaderElection (LeaderElection.java:logAndReturn(56)) - e0c88643-1b24-4b90-b706-4d063724ebcc@group-D35C3FC9018D-LeaderElection223: Election REJECTED; received 0 response(s) [] and 2 exception(s); e0c88643-1b24-4b90-b706-4d063724ebcc@group-D35C3FC9018D:t4, leader=null, voted=e0c88643-1b24-4b90-b706-4d063724ebcc, raftlog=e0c88643-1b24-4b90-b706-4d063724ebcc@group-D35C3FC9018D-SegmentedRaftLog:OPENED:c2,f2,i2, conf=1: [e0c88643-1b24-4b90-b706-4d063724ebcc:192.168.34.21:42559, 29b985cf-35b3-45a0-92a5-99fa8b812c1b:192.168.34.21:41805, c6685414-dbf7-4d5a-a965-a6338d016232:192.168.34.21:36095], old=null
2019-11-14 12:42:16,109 [e0c88643-1b24-4b90-b706-4d063724ebcc@group-D35C3FC9018D-LeaderElection223] INFO  impl.LeaderElection (LogUtils.java:infoOrTrace(149)) -   Exception 0: {}
java.util.concurrent.ExecutionException: org.apache.ratis.thirdparty.io.grpc.StatusRuntimeException: UNAVAILABLE: io exception
	at java.util.concurrent.FutureTask.report(FutureTask.java:122)
	at java.util.concurrent.FutureTask.get(FutureTask.java:192)
	at org.apache.ratis.server.impl.LeaderElection.waitForResults(LeaderElection.java:259)
	at org.apache.ratis.server.impl.LeaderElection.askForVotes(LeaderElection.java:197)
	at org.apache.ratis.server.impl.LeaderElection.run(LeaderElection.java:133)
	at java.lang.Thread.run(Thread.java:748)
Caused by: org.apache.ratis.thirdparty.io.grpc.StatusRuntimeException: UNAVAILABLE: io exception
	at org.apache.ratis.thirdparty.io.grpc.stub.ClientCalls.toStatusRuntimeException(ClientCalls.java:233)
	at org.apache.ratis.thirdparty.io.grpc.stub.ClientCalls.getUnchecked(ClientCalls.java:214)
	at org.apache.ratis.thirdparty.io.grpc.stub.ClientCalls.blockingUnaryCall(ClientCalls.java:139)
	at org.apache.ratis.proto.grpc.RaftServerProtocolServiceGrpc$RaftServerProtocolServiceBlockingStub.requestVote(RaftServerProtocolServiceGrpc.java:265)
	at org.apache.ratis.grpc.server.GrpcServerProtocolClient.requestVote(GrpcServerProtocolClient.java:99)
	at org.apache.ratis.grpc.server.GrpcService.requestVote(GrpcService.java:204)
	at org.apache.ratis.server.impl.LeaderElection.lambda$submitRequests$1(LeaderElection.java:234)
	at java.util.concurrent.FutureTask.run(FutureTask.java:266)
	at java.util.concurrent.Executors$RunnableAdapter.call(Executors.java:511)
	at java.util.concurrent.FutureTask.run(FutureTask.java:266)
	at java.util.concurrent.ThreadPoolExecutor.runWorker(ThreadPoolExecutor.java:1149)
	at java.util.concurrent.ThreadPoolExecutor$Worker.run(ThreadPoolExecutor.java:624)
	... 1 more
Caused by: org.apache.ratis.thirdparty.io.netty.channel.AbstractChannel$AnnotatedConnectException: Connection refused: /192.168.34.21:41805
	at sun.nio.ch.SocketChannelImpl.checkConnect(Native Method)
	at sun.nio.ch.SocketChannelImpl.finishConnect(SocketChannelImpl.java:717)
	at org.apache.ratis.thirdparty.io.netty.channel.socket.nio.NioSocketChannel.doFinishConnect(NioSocketChannel.java:327)
	at org.apache.ratis.thirdparty.io.netty.channel.nio.AbstractNioChannel$AbstractNioUnsafe.finishConnect(AbstractNioChannel.java:340)
	at org.apache.ratis.thirdparty.io.netty.channel.nio.NioEventLoop.processSelectedKey(NioEventLoop.java:632)
	at org.apache.ratis.thirdparty.io.netty.channel.nio.NioEventLoop.processSelectedKeysOptimized(NioEventLoop.java:579)
	at org.apache.ratis.thirdparty.io.netty.channel.nio.NioEventLoop.processSelectedKeys(NioEventLoop.java:496)
	at org.apache.ratis.thirdparty.io.netty.channel.nio.NioEventLoop.run(NioEventLoop.java:458)
	at org.apache.ratis.thirdparty.io.netty.util.concurrent.SingleThreadEventExecutor$5.run(SingleThreadEventExecutor.java:897)
	at org.apache.ratis.thirdparty.io.netty.util.concurrent.FastThreadLocalRunnable.run(FastThreadLocalRunnable.java:30)
	... 1 more
Caused by: java.net.ConnectException: Connection refused
	... 11 more
2019-11-14 12:42:16,109 [e0c88643-1b24-4b90-b706-4d063724ebcc@group-D35C3FC9018D-LeaderElection223] INFO  impl.LeaderElection (LogUtils.java:infoOrTrace(149)) -   Exception 1: {}
java.util.concurrent.ExecutionException: org.apache.ratis.thirdparty.io.grpc.StatusRuntimeException: UNAVAILABLE: io exception
	at java.util.concurrent.FutureTask.report(FutureTask.java:122)
	at java.util.concurrent.FutureTask.get(FutureTask.java:192)
	at org.apache.ratis.server.impl.LeaderElection.waitForResults(LeaderElection.java:259)
	at org.apache.ratis.server.impl.LeaderElection.askForVotes(LeaderElection.java:197)
	at org.apache.ratis.server.impl.LeaderElection.run(LeaderElection.java:133)
	at java.lang.Thread.run(Thread.java:748)
Caused by: org.apache.ratis.thirdparty.io.grpc.StatusRuntimeException: UNAVAILABLE: io exception
	at org.apache.ratis.thirdparty.io.grpc.stub.ClientCalls.toStatusRuntimeException(ClientCalls.java:233)
	at org.apache.ratis.thirdparty.io.grpc.stub.ClientCalls.getUnchecked(ClientCalls.java:214)
	at org.apache.ratis.thirdparty.io.grpc.stub.ClientCalls.blockingUnaryCall(ClientCalls.java:139)
	at org.apache.ratis.proto.grpc.RaftServerProtocolServiceGrpc$RaftServerProtocolServiceBlockingStub.requestVote(RaftServerProtocolServiceGrpc.java:265)
	at org.apache.ratis.grpc.server.GrpcServerProtocolClient.requestVote(GrpcServerProtocolClient.java:99)
	at org.apache.ratis.grpc.server.GrpcService.requestVote(GrpcService.java:204)
	at org.apache.ratis.server.impl.LeaderElection.lambda$submitRequests$1(LeaderElection.java:234)
	at java.util.concurrent.FutureTask.run(FutureTask.java:266)
	at java.util.concurrent.Executors$RunnableAdapter.call(Executors.java:511)
	at java.util.concurrent.FutureTask.run(FutureTask.java:266)
	at java.util.concurrent.ThreadPoolExecutor.runWorker(ThreadPoolExecutor.java:1149)
	at java.util.concurrent.ThreadPoolExecutor$Worker.run(ThreadPoolExecutor.java:624)
	... 1 more
Caused by: org.apache.ratis.thirdparty.io.netty.channel.AbstractChannel$AnnotatedConnectException: Connection refused: /192.168.34.21:36095
	at sun.nio.ch.SocketChannelImpl.checkConnect(Native Method)
	at sun.nio.ch.SocketChannelImpl.finishConnect(SocketChannelImpl.java:717)
	at org.apache.ratis.thirdparty.io.netty.channel.socket.nio.NioSocketChannel.doFinishConnect(NioSocketChannel.java:327)
	at org.apache.ratis.thirdparty.io.netty.channel.nio.AbstractNioChannel$AbstractNioUnsafe.finishConnect(AbstractNioChannel.java:340)
	at org.apache.ratis.thirdparty.io.netty.channel.nio.NioEventLoop.processSelectedKey(NioEventLoop.java:632)
	at org.apache.ratis.thirdparty.io.netty.channel.nio.NioEventLoop.processSelectedKeysOptimized(NioEventLoop.java:579)
	at org.apache.ratis.thirdparty.io.netty.channel.nio.NioEventLoop.processSelectedKeys(NioEventLoop.java:496)
	at org.apache.ratis.thirdparty.io.netty.channel.nio.NioEventLoop.run(NioEventLoop.java:458)
	at org.apache.ratis.thirdparty.io.netty.util.concurrent.SingleThreadEventExecutor$5.run(SingleThreadEventExecutor.java:897)
	at org.apache.ratis.thirdparty.io.netty.util.concurrent.FastThreadLocalRunnable.run(FastThreadLocalRunnable.java:30)
	... 1 more
Caused by: java.net.ConnectException: Connection refused
	... 11 more
2019-11-14 12:42:16,109 [e0c88643-1b24-4b90-b706-4d063724ebcc@group-D35C3FC9018D-LeaderElection223] INFO  impl.RaftServerImpl (RaftServerImpl.java:setRole(173)) - e0c88643-1b24-4b90-b706-4d063724ebcc@group-D35C3FC9018D: changes role from CANDIDATE to FOLLOWER at term 4 for DISCOVERED_A_NEW_TERM
2019-11-14 12:42:16,110 [e0c88643-1b24-4b90-b706-4d063724ebcc@group-D35C3FC9018D-LeaderElection223] INFO  impl.RoleInfo (RoleInfo.java:shutdownLeaderElection(134)) - e0c88643-1b24-4b90-b706-4d063724ebcc: shutdown LeaderElection
2019-11-14 12:42:16,110 [e0c88643-1b24-4b90-b706-4d063724ebcc@group-D35C3FC9018D-LeaderElection223] INFO  impl.RoleInfo (RoleInfo.java:updateAndGet(143)) - e0c88643-1b24-4b90-b706-4d063724ebcc: start FollowerState
2019-11-14 12:42:16,211 [grpc-default-executor-9] WARN  server.GrpcLogAppender (LogUtils.java:warn(134)) - a1f4ab9e-675c-48c0-bb27-a541bfd11ae2@group-E518947F9F97->7f15e76e-ccdf-421e-a2ec-7ae8a15127a1-AppendLogResponseHandler: Failed appendEntries: org.apache.ratis.thirdparty.io.grpc.StatusRuntimeException: UNAVAILABLE: io exception
2019-11-14 12:42:16,211 [grpc-default-executor-9] INFO  impl.FollowerInfo (FollowerInfo.java:lambda$new$0(51)) - a1f4ab9e-675c-48c0-bb27-a541bfd11ae2@group-E518947F9F97->7f15e76e-ccdf-421e-a2ec-7ae8a15127a1: nextIndex: updateUnconditionally 0 -> 0
2019-11-14 12:42:16,712 [grpc-default-executor-8] WARN  server.GrpcLogAppender (LogUtils.java:warn(134)) - a1f4ab9e-675c-48c0-bb27-a541bfd11ae2@group-E518947F9F97->7f15e76e-ccdf-421e-a2ec-7ae8a15127a1-AppendLogResponseHandler: Failed appendEntries: org.apache.ratis.thirdparty.io.grpc.StatusRuntimeException: UNAVAILABLE: io exception
2019-11-14 12:42:16,713 [grpc-default-executor-8] INFO  impl.FollowerInfo (FollowerInfo.java:lambda$new$0(51)) - a1f4ab9e-675c-48c0-bb27-a541bfd11ae2@group-E518947F9F97->7f15e76e-ccdf-421e-a2ec-7ae8a15127a1: nextIndex: updateUnconditionally 0 -> 0
2019-11-14 12:42:17,124 [Thread-4323] INFO  impl.FollowerState (FollowerState.java:run(111)) - e0c88643-1b24-4b90-b706-4d063724ebcc@group-D35C3FC9018D-FollowerState: change to CANDIDATE, lastRpcTime:1014ms, electionTimeout:1014ms
2019-11-14 12:42:17,124 [Thread-4323] INFO  impl.RoleInfo (RoleInfo.java:shutdownFollowerState(121)) - e0c88643-1b24-4b90-b706-4d063724ebcc: shutdown FollowerState
2019-11-14 12:42:17,125 [Thread-4323] INFO  impl.RaftServerImpl (RaftServerImpl.java:setRole(173)) - e0c88643-1b24-4b90-b706-4d063724ebcc@group-D35C3FC9018D: changes role from  FOLLOWER to CANDIDATE at term 4 for changeToCandidate
2019-11-14 12:42:17,125 [Thread-4323] INFO  impl.RoleInfo (RoleInfo.java:updateAndGet(143)) - e0c88643-1b24-4b90-b706-4d063724ebcc: start LeaderElection
2019-11-14 12:42:17,139 [e0c88643-1b24-4b90-b706-4d063724ebcc@group-D35C3FC9018D-LeaderElection224] INFO  impl.LeaderElection (LeaderElection.java:askForVotes(178)) - e0c88643-1b24-4b90-b706-4d063724ebcc@group-D35C3FC9018D-LeaderElection224: begin an election at term 5 for 1: [e0c88643-1b24-4b90-b706-4d063724ebcc:192.168.34.21:42559, 29b985cf-35b3-45a0-92a5-99fa8b812c1b:192.168.34.21:41805, c6685414-dbf7-4d5a-a965-a6338d016232:192.168.34.21:36095], old=null
2019-11-14 12:42:17,141 [e0c88643-1b24-4b90-b706-4d063724ebcc@group-D35C3FC9018D-LeaderElection224] INFO  impl.LeaderElection (LogUtils.java:infoOrTrace(149)) - e0c88643-1b24-4b90-b706-4d063724ebcc@group-D35C3FC9018D-LeaderElection224 got exception when requesting votes: {}
java.util.concurrent.ExecutionException: org.apache.ratis.thirdparty.io.grpc.StatusRuntimeException: UNAVAILABLE: io exception
	at java.util.concurrent.FutureTask.report(FutureTask.java:122)
	at java.util.concurrent.FutureTask.get(FutureTask.java:192)
	at org.apache.ratis.server.impl.LeaderElection.waitForResults(LeaderElection.java:259)
	at org.apache.ratis.server.impl.LeaderElection.askForVotes(LeaderElection.java:197)
	at org.apache.ratis.server.impl.LeaderElection.run(LeaderElection.java:133)
	at java.lang.Thread.run(Thread.java:748)
Caused by: org.apache.ratis.thirdparty.io.grpc.StatusRuntimeException: UNAVAILABLE: io exception
	at org.apache.ratis.thirdparty.io.grpc.stub.ClientCalls.toStatusRuntimeException(ClientCalls.java:233)
	at org.apache.ratis.thirdparty.io.grpc.stub.ClientCalls.getUnchecked(ClientCalls.java:214)
	at org.apache.ratis.thirdparty.io.grpc.stub.ClientCalls.blockingUnaryCall(ClientCalls.java:139)
	at org.apache.ratis.proto.grpc.RaftServerProtocolServiceGrpc$RaftServerProtocolServiceBlockingStub.requestVote(RaftServerProtocolServiceGrpc.java:265)
	at org.apache.ratis.grpc.server.GrpcServerProtocolClient.requestVote(GrpcServerProtocolClient.java:99)
	at org.apache.ratis.grpc.server.GrpcService.requestVote(GrpcService.java:204)
	at org.apache.ratis.server.impl.LeaderElection.lambda$submitRequests$1(LeaderElection.java:234)
	at java.util.concurrent.FutureTask.run(FutureTask.java:266)
	at java.util.concurrent.Executors$RunnableAdapter.call(Executors.java:511)
	at java.util.concurrent.FutureTask.run(FutureTask.java:266)
	at java.util.concurrent.ThreadPoolExecutor.runWorker(ThreadPoolExecutor.java:1149)
	at java.util.concurrent.ThreadPoolExecutor$Worker.run(ThreadPoolExecutor.java:624)
	... 1 more
Caused by: org.apache.ratis.thirdparty.io.netty.channel.AbstractChannel$AnnotatedConnectException: Connection refused: /192.168.34.21:41805
	at sun.nio.ch.SocketChannelImpl.checkConnect(Native Method)
	at sun.nio.ch.SocketChannelImpl.finishConnect(SocketChannelImpl.java:717)
	at org.apache.ratis.thirdparty.io.netty.channel.socket.nio.NioSocketChannel.doFinishConnect(NioSocketChannel.java:327)
	at org.apache.ratis.thirdparty.io.netty.channel.nio.AbstractNioChannel$AbstractNioUnsafe.finishConnect(AbstractNioChannel.java:340)
	at org.apache.ratis.thirdparty.io.netty.channel.nio.NioEventLoop.processSelectedKey(NioEventLoop.java:632)
	at org.apache.ratis.thirdparty.io.netty.channel.nio.NioEventLoop.processSelectedKeysOptimized(NioEventLoop.java:579)
	at org.apache.ratis.thirdparty.io.netty.channel.nio.NioEventLoop.processSelectedKeys(NioEventLoop.java:496)
	at org.apache.ratis.thirdparty.io.netty.channel.nio.NioEventLoop.run(NioEventLoop.java:458)
	at org.apache.ratis.thirdparty.io.netty.util.concurrent.SingleThreadEventExecutor$5.run(SingleThreadEventExecutor.java:897)
	at org.apache.ratis.thirdparty.io.netty.util.concurrent.FastThreadLocalRunnable.run(FastThreadLocalRunnable.java:30)
	... 1 more
Caused by: java.net.ConnectException: Connection refused
	... 11 more
2019-11-14 12:42:17,141 [e0c88643-1b24-4b90-b706-4d063724ebcc@group-D35C3FC9018D-LeaderElection224] INFO  impl.LeaderElection (LogUtils.java:infoOrTrace(149)) - e0c88643-1b24-4b90-b706-4d063724ebcc@group-D35C3FC9018D-LeaderElection224 got exception when requesting votes: {}
java.util.concurrent.ExecutionException: org.apache.ratis.thirdparty.io.grpc.StatusRuntimeException: UNAVAILABLE: io exception
	at java.util.concurrent.FutureTask.report(FutureTask.java:122)
	at java.util.concurrent.FutureTask.get(FutureTask.java:192)
	at org.apache.ratis.server.impl.LeaderElection.waitForResults(LeaderElection.java:259)
	at org.apache.ratis.server.impl.LeaderElection.askForVotes(LeaderElection.java:197)
	at org.apache.ratis.server.impl.LeaderElection.run(LeaderElection.java:133)
	at java.lang.Thread.run(Thread.java:748)
Caused by: org.apache.ratis.thirdparty.io.grpc.StatusRuntimeException: UNAVAILABLE: io exception
	at org.apache.ratis.thirdparty.io.grpc.stub.ClientCalls.toStatusRuntimeException(ClientCalls.java:233)
	at org.apache.ratis.thirdparty.io.grpc.stub.ClientCalls.getUnchecked(ClientCalls.java:214)
	at org.apache.ratis.thirdparty.io.grpc.stub.ClientCalls.blockingUnaryCall(ClientCalls.java:139)
	at org.apache.ratis.proto.grpc.RaftServerProtocolServiceGrpc$RaftServerProtocolServiceBlockingStub.requestVote(RaftServerProtocolServiceGrpc.java:265)
	at org.apache.ratis.grpc.server.GrpcServerProtocolClient.requestVote(GrpcServerProtocolClient.java:99)
	at org.apache.ratis.grpc.server.GrpcService.requestVote(GrpcService.java:204)
	at org.apache.ratis.server.impl.LeaderElection.lambda$submitRequests$1(LeaderElection.java:234)
	at java.util.concurrent.FutureTask.run(FutureTask.java:266)
	at java.util.concurrent.Executors$RunnableAdapter.call(Executors.java:511)
	at java.util.concurrent.FutureTask.run(FutureTask.java:266)
	at java.util.concurrent.ThreadPoolExecutor.runWorker(ThreadPoolExecutor.java:1149)
	at java.util.concurrent.ThreadPoolExecutor$Worker.run(ThreadPoolExecutor.java:624)
	... 1 more
Caused by: org.apache.ratis.thirdparty.io.netty.channel.AbstractChannel$AnnotatedConnectException: Connection refused: /192.168.34.21:36095
	at sun.nio.ch.SocketChannelImpl.checkConnect(Native Method)
	at sun.nio.ch.SocketChannelImpl.finishConnect(SocketChannelImpl.java:717)
	at org.apache.ratis.thirdparty.io.netty.channel.socket.nio.NioSocketChannel.doFinishConnect(NioSocketChannel.java:327)
	at org.apache.ratis.thirdparty.io.netty.channel.nio.AbstractNioChannel$AbstractNioUnsafe.finishConnect(AbstractNioChannel.java:340)
	at org.apache.ratis.thirdparty.io.netty.channel.nio.NioEventLoop.processSelectedKey(NioEventLoop.java:632)
	at org.apache.ratis.thirdparty.io.netty.channel.nio.NioEventLoop.processSelectedKeysOptimized(NioEventLoop.java:579)
	at org.apache.ratis.thirdparty.io.netty.channel.nio.NioEventLoop.processSelectedKeys(NioEventLoop.java:496)
	at org.apache.ratis.thirdparty.io.netty.channel.nio.NioEventLoop.run(NioEventLoop.java:458)
	at org.apache.ratis.thirdparty.io.netty.util.concurrent.SingleThreadEventExecutor$5.run(SingleThreadEventExecutor.java:897)
	at org.apache.ratis.thirdparty.io.netty.util.concurrent.FastThreadLocalRunnable.run(FastThreadLocalRunnable.java:30)
	... 1 more
Caused by: java.net.ConnectException: Connection refused
	... 11 more
2019-11-14 12:42:17,141 [e0c88643-1b24-4b90-b706-4d063724ebcc@group-D35C3FC9018D-LeaderElection224] INFO  impl.LeaderElection (LeaderElection.java:logAndReturn(56)) - e0c88643-1b24-4b90-b706-4d063724ebcc@group-D35C3FC9018D-LeaderElection224: Election REJECTED; received 0 response(s) [] and 2 exception(s); e0c88643-1b24-4b90-b706-4d063724ebcc@group-D35C3FC9018D:t5, leader=null, voted=e0c88643-1b24-4b90-b706-4d063724ebcc, raftlog=e0c88643-1b24-4b90-b706-4d063724ebcc@group-D35C3FC9018D-SegmentedRaftLog:OPENED:c2,f2,i2, conf=1: [e0c88643-1b24-4b90-b706-4d063724ebcc:192.168.34.21:42559, 29b985cf-35b3-45a0-92a5-99fa8b812c1b:192.168.34.21:41805, c6685414-dbf7-4d5a-a965-a6338d016232:192.168.34.21:36095], old=null
2019-11-14 12:42:17,142 [e0c88643-1b24-4b90-b706-4d063724ebcc@group-D35C3FC9018D-LeaderElection224] INFO  impl.LeaderElection (LogUtils.java:infoOrTrace(149)) -   Exception 0: {}
java.util.concurrent.ExecutionException: org.apache.ratis.thirdparty.io.grpc.StatusRuntimeException: UNAVAILABLE: io exception
	at java.util.concurrent.FutureTask.report(FutureTask.java:122)
	at java.util.concurrent.FutureTask.get(FutureTask.java:192)
	at org.apache.ratis.server.impl.LeaderElection.waitForResults(LeaderElection.java:259)
	at org.apache.ratis.server.impl.LeaderElection.askForVotes(LeaderElection.java:197)
	at org.apache.ratis.server.impl.LeaderElection.run(LeaderElection.java:133)
	at java.lang.Thread.run(Thread.java:748)
Caused by: org.apache.ratis.thirdparty.io.grpc.StatusRuntimeException: UNAVAILABLE: io exception
	at org.apache.ratis.thirdparty.io.grpc.stub.ClientCalls.toStatusRuntimeException(ClientCalls.java:233)
	at org.apache.ratis.thirdparty.io.grpc.stub.ClientCalls.getUnchecked(ClientCalls.java:214)
	at org.apache.ratis.thirdparty.io.grpc.stub.ClientCalls.blockingUnaryCall(ClientCalls.java:139)
	at org.apache.ratis.proto.grpc.RaftServerProtocolServiceGrpc$RaftServerProtocolServiceBlockingStub.requestVote(RaftServerProtocolServiceGrpc.java:265)
	at org.apache.ratis.grpc.server.GrpcServerProtocolClient.requestVote(GrpcServerProtocolClient.java:99)
	at org.apache.ratis.grpc.server.GrpcService.requestVote(GrpcService.java:204)
	at org.apache.ratis.server.impl.LeaderElection.lambda$submitRequests$1(LeaderElection.java:234)
	at java.util.concurrent.FutureTask.run(FutureTask.java:266)
	at java.util.concurrent.Executors$RunnableAdapter.call(Executors.java:511)
	at java.util.concurrent.FutureTask.run(FutureTask.java:266)
	at java.util.concurrent.ThreadPoolExecutor.runWorker(ThreadPoolExecutor.java:1149)
	at java.util.concurrent.ThreadPoolExecutor$Worker.run(ThreadPoolExecutor.java:624)
	... 1 more
Caused by: org.apache.ratis.thirdparty.io.netty.channel.AbstractChannel$AnnotatedConnectException: Connection refused: /192.168.34.21:41805
	at sun.nio.ch.SocketChannelImpl.checkConnect(Native Method)
	at sun.nio.ch.SocketChannelImpl.finishConnect(SocketChannelImpl.java:717)
	at org.apache.ratis.thirdparty.io.netty.channel.socket.nio.NioSocketChannel.doFinishConnect(NioSocketChannel.java:327)
	at org.apache.ratis.thirdparty.io.netty.channel.nio.AbstractNioChannel$AbstractNioUnsafe.finishConnect(AbstractNioChannel.java:340)
	at org.apache.ratis.thirdparty.io.netty.channel.nio.NioEventLoop.processSelectedKey(NioEventLoop.java:632)
	at org.apache.ratis.thirdparty.io.netty.channel.nio.NioEventLoop.processSelectedKeysOptimized(NioEventLoop.java:579)
	at org.apache.ratis.thirdparty.io.netty.channel.nio.NioEventLoop.processSelectedKeys(NioEventLoop.java:496)
	at org.apache.ratis.thirdparty.io.netty.channel.nio.NioEventLoop.run(NioEventLoop.java:458)
	at org.apache.ratis.thirdparty.io.netty.util.concurrent.SingleThreadEventExecutor$5.run(SingleThreadEventExecutor.java:897)
	at org.apache.ratis.thirdparty.io.netty.util.concurrent.FastThreadLocalRunnable.run(FastThreadLocalRunnable.java:30)
	... 1 more
Caused by: java.net.ConnectException: Connection refused
	... 11 more
2019-11-14 12:42:17,142 [e0c88643-1b24-4b90-b706-4d063724ebcc@group-D35C3FC9018D-LeaderElection224] INFO  impl.LeaderElection (LogUtils.java:infoOrTrace(149)) -   Exception 1: {}
java.util.concurrent.ExecutionException: org.apache.ratis.thirdparty.io.grpc.StatusRuntimeException: UNAVAILABLE: io exception
	at java.util.concurrent.FutureTask.report(FutureTask.java:122)
	at java.util.concurrent.FutureTask.get(FutureTask.java:192)
	at org.apache.ratis.server.impl.LeaderElection.waitForResults(LeaderElection.java:259)
	at org.apache.ratis.server.impl.LeaderElection.askForVotes(LeaderElection.java:197)
	at org.apache.ratis.server.impl.LeaderElection.run(LeaderElection.java:133)
	at java.lang.Thread.run(Thread.java:748)
Caused by: org.apache.ratis.thirdparty.io.grpc.StatusRuntimeException: UNAVAILABLE: io exception
	at org.apache.ratis.thirdparty.io.grpc.stub.ClientCalls.toStatusRuntimeException(ClientCalls.java:233)
	at org.apache.ratis.thirdparty.io.grpc.stub.ClientCalls.getUnchecked(ClientCalls.java:214)
	at org.apache.ratis.thirdparty.io.grpc.stub.ClientCalls.blockingUnaryCall(ClientCalls.java:139)
	at org.apache.ratis.proto.grpc.RaftServerProtocolServiceGrpc$RaftServerProtocolServiceBlockingStub.requestVote(RaftServerProtocolServiceGrpc.java:265)
	at org.apache.ratis.grpc.server.GrpcServerProtocolClient.requestVote(GrpcServerProtocolClient.java:99)
	at org.apache.ratis.grpc.server.GrpcService.requestVote(GrpcService.java:204)
	at org.apache.ratis.server.impl.LeaderElection.lambda$submitRequests$1(LeaderElection.java:234)
	at java.util.concurrent.FutureTask.run(FutureTask.java:266)
	at java.util.concurrent.Executors$RunnableAdapter.call(Executors.java:511)
	at java.util.concurrent.FutureTask.run(FutureTask.java:266)
	at java.util.concurrent.ThreadPoolExecutor.runWorker(ThreadPoolExecutor.java:1149)
	at java.util.concurrent.ThreadPoolExecutor$Worker.run(ThreadPoolExecutor.java:624)
	... 1 more
Caused by: org.apache.ratis.thirdparty.io.netty.channel.AbstractChannel$AnnotatedConnectException: Connection refused: /192.168.34.21:36095
	at sun.nio.ch.SocketChannelImpl.checkConnect(Native Method)
	at sun.nio.ch.SocketChannelImpl.finishConnect(SocketChannelImpl.java:717)
	at org.apache.ratis.thirdparty.io.netty.channel.socket.nio.NioSocketChannel.doFinishConnect(NioSocketChannel.java:327)
	at org.apache.ratis.thirdparty.io.netty.channel.nio.AbstractNioChannel$AbstractNioUnsafe.finishConnect(AbstractNioChannel.java:340)
	at org.apache.ratis.thirdparty.io.netty.channel.nio.NioEventLoop.processSelectedKey(NioEventLoop.java:632)
	at org.apache.ratis.thirdparty.io.netty.channel.nio.NioEventLoop.processSelectedKeysOptimized(NioEventLoop.java:579)
	at org.apache.ratis.thirdparty.io.netty.channel.nio.NioEventLoop.processSelectedKeys(NioEventLoop.java:496)
	at org.apache.ratis.thirdparty.io.netty.channel.nio.NioEventLoop.run(NioEventLoop.java:458)
	at org.apache.ratis.thirdparty.io.netty.util.concurrent.SingleThreadEventExecutor$5.run(SingleThreadEventExecutor.java:897)
	at org.apache.ratis.thirdparty.io.netty.util.concurrent.FastThreadLocalRunnable.run(FastThreadLocalRunnable.java:30)
	... 1 more
Caused by: java.net.ConnectException: Connection refused
	... 11 more
2019-11-14 12:42:17,142 [e0c88643-1b24-4b90-b706-4d063724ebcc@group-D35C3FC9018D-LeaderElection224] INFO  impl.RaftServerImpl (RaftServerImpl.java:setRole(173)) - e0c88643-1b24-4b90-b706-4d063724ebcc@group-D35C3FC9018D: changes role from CANDIDATE to FOLLOWER at term 5 for DISCOVERED_A_NEW_TERM
2019-11-14 12:42:17,142 [e0c88643-1b24-4b90-b706-4d063724ebcc@group-D35C3FC9018D-LeaderElection224] INFO  impl.RoleInfo (RoleInfo.java:shutdownLeaderElection(134)) - e0c88643-1b24-4b90-b706-4d063724ebcc: shutdown LeaderElection
2019-11-14 12:42:17,142 [e0c88643-1b24-4b90-b706-4d063724ebcc@group-D35C3FC9018D-LeaderElection224] INFO  impl.RoleInfo (RoleInfo.java:updateAndGet(143)) - e0c88643-1b24-4b90-b706-4d063724ebcc: start FollowerState
2019-11-14 12:42:17,213 [grpc-default-executor-1] WARN  server.GrpcLogAppender (LogUtils.java:warn(134)) - a1f4ab9e-675c-48c0-bb27-a541bfd11ae2@group-E518947F9F97->7f15e76e-ccdf-421e-a2ec-7ae8a15127a1-AppendLogResponseHandler: Failed appendEntries: org.apache.ratis.thirdparty.io.grpc.StatusRuntimeException: UNAVAILABLE: io exception
2019-11-14 12:42:17,213 [grpc-default-executor-1] INFO  impl.FollowerInfo (FollowerInfo.java:lambda$new$0(51)) - a1f4ab9e-675c-48c0-bb27-a541bfd11ae2@group-E518947F9F97->7f15e76e-ccdf-421e-a2ec-7ae8a15127a1: nextIndex: updateUnconditionally 0 -> 0
2019-11-14 12:42:17,713 [grpc-default-executor-9] WARN  server.GrpcLogAppender (LogUtils.java:warn(134)) - a1f4ab9e-675c-48c0-bb27-a541bfd11ae2@group-E518947F9F97->7f15e76e-ccdf-421e-a2ec-7ae8a15127a1-AppendLogResponseHandler: Failed appendEntries: org.apache.ratis.thirdparty.io.grpc.StatusRuntimeException: UNAVAILABLE: io exception
2019-11-14 12:42:17,713 [grpc-default-executor-9] INFO  impl.FollowerInfo (FollowerInfo.java:lambda$new$0(51)) - a1f4ab9e-675c-48c0-bb27-a541bfd11ae2@group-E518947F9F97->7f15e76e-ccdf-421e-a2ec-7ae8a15127a1: nextIndex: updateUnconditionally 0 -> 0
2019-11-14 12:42:18,214 [grpc-default-executor-8] WARN  server.GrpcLogAppender (LogUtils.java:warn(134)) - a1f4ab9e-675c-48c0-bb27-a541bfd11ae2@group-E518947F9F97->7f15e76e-ccdf-421e-a2ec-7ae8a15127a1-AppendLogResponseHandler: Failed appendEntries: org.apache.ratis.thirdparty.io.grpc.StatusRuntimeException: UNAVAILABLE: io exception
2019-11-14 12:42:18,215 [grpc-default-executor-8] INFO  impl.FollowerInfo (FollowerInfo.java:lambda$new$0(51)) - a1f4ab9e-675c-48c0-bb27-a541bfd11ae2@group-E518947F9F97->7f15e76e-ccdf-421e-a2ec-7ae8a15127a1: nextIndex: updateUnconditionally 0 -> 0
2019-11-14 12:42:18,255 [Thread-4333] INFO  impl.FollowerState (FollowerState.java:run(111)) - e0c88643-1b24-4b90-b706-4d063724ebcc@group-D35C3FC9018D-FollowerState: change to CANDIDATE, lastRpcTime:1112ms, electionTimeout:1112ms
2019-11-14 12:42:18,255 [Thread-4333] INFO  impl.RoleInfo (RoleInfo.java:shutdownFollowerState(121)) - e0c88643-1b24-4b90-b706-4d063724ebcc: shutdown FollowerState
2019-11-14 12:42:18,255 [Thread-4333] INFO  impl.RaftServerImpl (RaftServerImpl.java:setRole(173)) - e0c88643-1b24-4b90-b706-4d063724ebcc@group-D35C3FC9018D: changes role from  FOLLOWER to CANDIDATE at term 5 for changeToCandidate
2019-11-14 12:42:18,255 [Thread-4333] INFO  impl.RoleInfo (RoleInfo.java:updateAndGet(143)) - e0c88643-1b24-4b90-b706-4d063724ebcc: start LeaderElection
2019-11-14 12:42:18,268 [e0c88643-1b24-4b90-b706-4d063724ebcc@group-D35C3FC9018D-LeaderElection225] INFO  impl.LeaderElection (LeaderElection.java:askForVotes(178)) - e0c88643-1b24-4b90-b706-4d063724ebcc@group-D35C3FC9018D-LeaderElection225: begin an election at term 6 for 1: [e0c88643-1b24-4b90-b706-4d063724ebcc:192.168.34.21:42559, 29b985cf-35b3-45a0-92a5-99fa8b812c1b:192.168.34.21:41805, c6685414-dbf7-4d5a-a965-a6338d016232:192.168.34.21:36095], old=null
2019-11-14 12:42:18,269 [e0c88643-1b24-4b90-b706-4d063724ebcc@group-D35C3FC9018D-LeaderElection225] INFO  impl.LeaderElection (LogUtils.java:infoOrTrace(149)) - e0c88643-1b24-4b90-b706-4d063724ebcc@group-D35C3FC9018D-LeaderElection225 got exception when requesting votes: {}
java.util.concurrent.ExecutionException: org.apache.ratis.thirdparty.io.grpc.StatusRuntimeException: UNAVAILABLE: io exception
	at java.util.concurrent.FutureTask.report(FutureTask.java:122)
	at java.util.concurrent.FutureTask.get(FutureTask.java:192)
	at org.apache.ratis.server.impl.LeaderElection.waitForResults(LeaderElection.java:259)
	at org.apache.ratis.server.impl.LeaderElection.askForVotes(LeaderElection.java:197)
	at org.apache.ratis.server.impl.LeaderElection.run(LeaderElection.java:133)
	at java.lang.Thread.run(Thread.java:748)
Caused by: org.apache.ratis.thirdparty.io.grpc.StatusRuntimeException: UNAVAILABLE: io exception
	at org.apache.ratis.thirdparty.io.grpc.stub.ClientCalls.toStatusRuntimeException(ClientCalls.java:233)
	at org.apache.ratis.thirdparty.io.grpc.stub.ClientCalls.getUnchecked(ClientCalls.java:214)
	at org.apache.ratis.thirdparty.io.grpc.stub.ClientCalls.blockingUnaryCall(ClientCalls.java:139)
	at org.apache.ratis.proto.grpc.RaftServerProtocolServiceGrpc$RaftServerProtocolServiceBlockingStub.requestVote(RaftServerProtocolServiceGrpc.java:265)
	at org.apache.ratis.grpc.server.GrpcServerProtocolClient.requestVote(GrpcServerProtocolClient.java:99)
	at org.apache.ratis.grpc.server.GrpcService.requestVote(GrpcService.java:204)
	at org.apache.ratis.server.impl.LeaderElection.lambda$submitRequests$1(LeaderElection.java:234)
	at java.util.concurrent.FutureTask.run(FutureTask.java:266)
	at java.util.concurrent.Executors$RunnableAdapter.call(Executors.java:511)
	at java.util.concurrent.FutureTask.run(FutureTask.java:266)
	at java.util.concurrent.ThreadPoolExecutor.runWorker(ThreadPoolExecutor.java:1149)
	at java.util.concurrent.ThreadPoolExecutor$Worker.run(ThreadPoolExecutor.java:624)
	... 1 more
Caused by: org.apache.ratis.thirdparty.io.netty.channel.AbstractChannel$AnnotatedConnectException: Connection refused: /192.168.34.21:41805
	at sun.nio.ch.SocketChannelImpl.checkConnect(Native Method)
	at sun.nio.ch.SocketChannelImpl.finishConnect(SocketChannelImpl.java:717)
	at org.apache.ratis.thirdparty.io.netty.channel.socket.nio.NioSocketChannel.doFinishConnect(NioSocketChannel.java:327)
	at org.apache.ratis.thirdparty.io.netty.channel.nio.AbstractNioChannel$AbstractNioUnsafe.finishConnect(AbstractNioChannel.java:340)
	at org.apache.ratis.thirdparty.io.netty.channel.nio.NioEventLoop.processSelectedKey(NioEventLoop.java:632)
	at org.apache.ratis.thirdparty.io.netty.channel.nio.NioEventLoop.processSelectedKeysOptimized(NioEventLoop.java:579)
	at org.apache.ratis.thirdparty.io.netty.channel.nio.NioEventLoop.processSelectedKeys(NioEventLoop.java:496)
	at org.apache.ratis.thirdparty.io.netty.channel.nio.NioEventLoop.run(NioEventLoop.java:458)
	at org.apache.ratis.thirdparty.io.netty.util.concurrent.SingleThreadEventExecutor$5.run(SingleThreadEventExecutor.java:897)
	at org.apache.ratis.thirdparty.io.netty.util.concurrent.FastThreadLocalRunnable.run(FastThreadLocalRunnable.java:30)
	... 1 more
Caused by: java.net.ConnectException: Connection refused
	... 11 more
2019-11-14 12:42:18,269 [e0c88643-1b24-4b90-b706-4d063724ebcc@group-D35C3FC9018D-LeaderElection225] INFO  impl.LeaderElection (LogUtils.java:infoOrTrace(149)) - e0c88643-1b24-4b90-b706-4d063724ebcc@group-D35C3FC9018D-LeaderElection225 got exception when requesting votes: {}
java.util.concurrent.ExecutionException: org.apache.ratis.thirdparty.io.grpc.StatusRuntimeException: UNAVAILABLE: io exception
	at java.util.concurrent.FutureTask.report(FutureTask.java:122)
	at java.util.concurrent.FutureTask.get(FutureTask.java:192)
	at org.apache.ratis.server.impl.LeaderElection.waitForResults(LeaderElection.java:259)
	at org.apache.ratis.server.impl.LeaderElection.askForVotes(LeaderElection.java:197)
	at org.apache.ratis.server.impl.LeaderElection.run(LeaderElection.java:133)
	at java.lang.Thread.run(Thread.java:748)
Caused by: org.apache.ratis.thirdparty.io.grpc.StatusRuntimeException: UNAVAILABLE: io exception
	at org.apache.ratis.thirdparty.io.grpc.stub.ClientCalls.toStatusRuntimeException(ClientCalls.java:233)
	at org.apache.ratis.thirdparty.io.grpc.stub.ClientCalls.getUnchecked(ClientCalls.java:214)
	at org.apache.ratis.thirdparty.io.grpc.stub.ClientCalls.blockingUnaryCall(ClientCalls.java:139)
	at org.apache.ratis.proto.grpc.RaftServerProtocolServiceGrpc$RaftServerProtocolServiceBlockingStub.requestVote(RaftServerProtocolServiceGrpc.java:265)
	at org.apache.ratis.grpc.server.GrpcServerProtocolClient.requestVote(GrpcServerProtocolClient.java:99)
	at org.apache.ratis.grpc.server.GrpcService.requestVote(GrpcService.java:204)
	at org.apache.ratis.server.impl.LeaderElection.lambda$submitRequests$1(LeaderElection.java:234)
	at java.util.concurrent.FutureTask.run(FutureTask.java:266)
	at java.util.concurrent.Executors$RunnableAdapter.call(Executors.java:511)
	at java.util.concurrent.FutureTask.run(FutureTask.java:266)
	at java.util.concurrent.ThreadPoolExecutor.runWorker(ThreadPoolExecutor.java:1149)
	at java.util.concurrent.ThreadPoolExecutor$Worker.run(ThreadPoolExecutor.java:624)
	... 1 more
Caused by: org.apache.ratis.thirdparty.io.netty.channel.AbstractChannel$AnnotatedConnectException: Connection refused: /192.168.34.21:36095
	at sun.nio.ch.SocketChannelImpl.checkConnect(Native Method)
	at sun.nio.ch.SocketChannelImpl.finishConnect(SocketChannelImpl.java:717)
	at org.apache.ratis.thirdparty.io.netty.channel.socket.nio.NioSocketChannel.doFinishConnect(NioSocketChannel.java:327)
	at org.apache.ratis.thirdparty.io.netty.channel.nio.AbstractNioChannel$AbstractNioUnsafe.finishConnect(AbstractNioChannel.java:340)
	at org.apache.ratis.thirdparty.io.netty.channel.nio.NioEventLoop.processSelectedKey(NioEventLoop.java:632)
	at org.apache.ratis.thirdparty.io.netty.channel.nio.NioEventLoop.processSelectedKeysOptimized(NioEventLoop.java:579)
	at org.apache.ratis.thirdparty.io.netty.channel.nio.NioEventLoop.processSelectedKeys(NioEventLoop.java:496)
	at org.apache.ratis.thirdparty.io.netty.channel.nio.NioEventLoop.run(NioEventLoop.java:458)
	at org.apache.ratis.thirdparty.io.netty.util.concurrent.SingleThreadEventExecutor$5.run(SingleThreadEventExecutor.java:897)
	at org.apache.ratis.thirdparty.io.netty.util.concurrent.FastThreadLocalRunnable.run(FastThreadLocalRunnable.java:30)
	... 1 more
Caused by: java.net.ConnectException: Connection refused
	... 11 more
2019-11-14 12:42:18,270 [e0c88643-1b24-4b90-b706-4d063724ebcc@group-D35C3FC9018D-LeaderElection225] INFO  impl.LeaderElection (LeaderElection.java:logAndReturn(56)) - e0c88643-1b24-4b90-b706-4d063724ebcc@group-D35C3FC9018D-LeaderElection225: Election REJECTED; received 0 response(s) [] and 2 exception(s); e0c88643-1b24-4b90-b706-4d063724ebcc@group-D35C3FC9018D:t6, leader=null, voted=e0c88643-1b24-4b90-b706-4d063724ebcc, raftlog=e0c88643-1b24-4b90-b706-4d063724ebcc@group-D35C3FC9018D-SegmentedRaftLog:OPENED:c2,f2,i2, conf=1: [e0c88643-1b24-4b90-b706-4d063724ebcc:192.168.34.21:42559, 29b985cf-35b3-45a0-92a5-99fa8b812c1b:192.168.34.21:41805, c6685414-dbf7-4d5a-a965-a6338d016232:192.168.34.21:36095], old=null
2019-11-14 12:42:18,270 [e0c88643-1b24-4b90-b706-4d063724ebcc@group-D35C3FC9018D-LeaderElection225] INFO  impl.LeaderElection (LogUtils.java:infoOrTrace(149)) -   Exception 0: {}
java.util.concurrent.ExecutionException: org.apache.ratis.thirdparty.io.grpc.StatusRuntimeException: UNAVAILABLE: io exception
	at java.util.concurrent.FutureTask.report(FutureTask.java:122)
	at java.util.concurrent.FutureTask.get(FutureTask.java:192)
	at org.apache.ratis.server.impl.LeaderElection.waitForResults(LeaderElection.java:259)
	at org.apache.ratis.server.impl.LeaderElection.askForVotes(LeaderElection.java:197)
	at org.apache.ratis.server.impl.LeaderElection.run(LeaderElection.java:133)
	at java.lang.Thread.run(Thread.java:748)
Caused by: org.apache.ratis.thirdparty.io.grpc.StatusRuntimeException: UNAVAILABLE: io exception
	at org.apache.ratis.thirdparty.io.grpc.stub.ClientCalls.toStatusRuntimeException(ClientCalls.java:233)
	at org.apache.ratis.thirdparty.io.grpc.stub.ClientCalls.getUnchecked(ClientCalls.java:214)
	at org.apache.ratis.thirdparty.io.grpc.stub.ClientCalls.blockingUnaryCall(ClientCalls.java:139)
	at org.apache.ratis.proto.grpc.RaftServerProtocolServiceGrpc$RaftServerProtocolServiceBlockingStub.requestVote(RaftServerProtocolServiceGrpc.java:265)
	at org.apache.ratis.grpc.server.GrpcServerProtocolClient.requestVote(GrpcServerProtocolClient.java:99)
	at org.apache.ratis.grpc.server.GrpcService.requestVote(GrpcService.java:204)
	at org.apache.ratis.server.impl.LeaderElection.lambda$submitRequests$1(LeaderElection.java:234)
	at java.util.concurrent.FutureTask.run(FutureTask.java:266)
	at java.util.concurrent.Executors$RunnableAdapter.call(Executors.java:511)
	at java.util.concurrent.FutureTask.run(FutureTask.java:266)
	at java.util.concurrent.ThreadPoolExecutor.runWorker(ThreadPoolExecutor.java:1149)
	at java.util.concurrent.ThreadPoolExecutor$Worker.run(ThreadPoolExecutor.java:624)
	... 1 more
Caused by: org.apache.ratis.thirdparty.io.netty.channel.AbstractChannel$AnnotatedConnectException: Connection refused: /192.168.34.21:41805
	at sun.nio.ch.SocketChannelImpl.checkConnect(Native Method)
	at sun.nio.ch.SocketChannelImpl.finishConnect(SocketChannelImpl.java:717)
	at org.apache.ratis.thirdparty.io.netty.channel.socket.nio.NioSocketChannel.doFinishConnect(NioSocketChannel.java:327)
	at org.apache.ratis.thirdparty.io.netty.channel.nio.AbstractNioChannel$AbstractNioUnsafe.finishConnect(AbstractNioChannel.java:340)
	at org.apache.ratis.thirdparty.io.netty.channel.nio.NioEventLoop.processSelectedKey(NioEventLoop.java:632)
	at org.apache.ratis.thirdparty.io.netty.channel.nio.NioEventLoop.processSelectedKeysOptimized(NioEventLoop.java:579)
	at org.apache.ratis.thirdparty.io.netty.channel.nio.NioEventLoop.processSelectedKeys(NioEventLoop.java:496)
	at org.apache.ratis.thirdparty.io.netty.channel.nio.NioEventLoop.run(NioEventLoop.java:458)
	at org.apache.ratis.thirdparty.io.netty.util.concurrent.SingleThreadEventExecutor$5.run(SingleThreadEventExecutor.java:897)
	at org.apache.ratis.thirdparty.io.netty.util.concurrent.FastThreadLocalRunnable.run(FastThreadLocalRunnable.java:30)
	... 1 more
Caused by: java.net.ConnectException: Connection refused
	... 11 more
2019-11-14 12:42:18,271 [e0c88643-1b24-4b90-b706-4d063724ebcc@group-D35C3FC9018D-LeaderElection225] INFO  impl.LeaderElection (LogUtils.java:infoOrTrace(149)) -   Exception 1: {}
java.util.concurrent.ExecutionException: org.apache.ratis.thirdparty.io.grpc.StatusRuntimeException: UNAVAILABLE: io exception
	at java.util.concurrent.FutureTask.report(FutureTask.java:122)
	at java.util.concurrent.FutureTask.get(FutureTask.java:192)
	at org.apache.ratis.server.impl.LeaderElection.waitForResults(LeaderElection.java:259)
	at org.apache.ratis.server.impl.LeaderElection.askForVotes(LeaderElection.java:197)
	at org.apache.ratis.server.impl.LeaderElection.run(LeaderElection.java:133)
	at java.lang.Thread.run(Thread.java:748)
Caused by: org.apache.ratis.thirdparty.io.grpc.StatusRuntimeException: UNAVAILABLE: io exception
	at org.apache.ratis.thirdparty.io.grpc.stub.ClientCalls.toStatusRuntimeException(ClientCalls.java:233)
	at org.apache.ratis.thirdparty.io.grpc.stub.ClientCalls.getUnchecked(ClientCalls.java:214)
	at org.apache.ratis.thirdparty.io.grpc.stub.ClientCalls.blockingUnaryCall(ClientCalls.java:139)
	at org.apache.ratis.proto.grpc.RaftServerProtocolServiceGrpc$RaftServerProtocolServiceBlockingStub.requestVote(RaftServerProtocolServiceGrpc.java:265)
	at org.apache.ratis.grpc.server.GrpcServerProtocolClient.requestVote(GrpcServerProtocolClient.java:99)
	at org.apache.ratis.grpc.server.GrpcService.requestVote(GrpcService.java:204)
	at org.apache.ratis.server.impl.LeaderElection.lambda$submitRequests$1(LeaderElection.java:234)
	at java.util.concurrent.FutureTask.run(FutureTask.java:266)
	at java.util.concurrent.Executors$RunnableAdapter.call(Executors.java:511)
	at java.util.concurrent.FutureTask.run(FutureTask.java:266)
	at java.util.concurrent.ThreadPoolExecutor.runWorker(ThreadPoolExecutor.java:1149)
	at java.util.concurrent.ThreadPoolExecutor$Worker.run(ThreadPoolExecutor.java:624)
	... 1 more
Caused by: org.apache.ratis.thirdparty.io.netty.channel.AbstractChannel$AnnotatedConnectException: Connection refused: /192.168.34.21:36095
	at sun.nio.ch.SocketChannelImpl.checkConnect(Native Method)
	at sun.nio.ch.SocketChannelImpl.finishConnect(SocketChannelImpl.java:717)
	at org.apache.ratis.thirdparty.io.netty.channel.socket.nio.NioSocketChannel.doFinishConnect(NioSocketChannel.java:327)
	at org.apache.ratis.thirdparty.io.netty.channel.nio.AbstractNioChannel$AbstractNioUnsafe.finishConnect(AbstractNioChannel.java:340)
	at org.apache.ratis.thirdparty.io.netty.channel.nio.NioEventLoop.processSelectedKey(NioEventLoop.java:632)
	at org.apache.ratis.thirdparty.io.netty.channel.nio.NioEventLoop.processSelectedKeysOptimized(NioEventLoop.java:579)
	at org.apache.ratis.thirdparty.io.netty.channel.nio.NioEventLoop.processSelectedKeys(NioEventLoop.java:496)
	at org.apache.ratis.thirdparty.io.netty.channel.nio.NioEventLoop.run(NioEventLoop.java:458)
	at org.apache.ratis.thirdparty.io.netty.util.concurrent.SingleThreadEventExecutor$5.run(SingleThreadEventExecutor.java:897)
	at org.apache.ratis.thirdparty.io.netty.util.concurrent.FastThreadLocalRunnable.run(FastThreadLocalRunnable.java:30)
	... 1 more
Caused by: java.net.ConnectException: Connection refused
	... 11 more
2019-11-14 12:42:18,271 [e0c88643-1b24-4b90-b706-4d063724ebcc@group-D35C3FC9018D-LeaderElection225] INFO  impl.RaftServerImpl (RaftServerImpl.java:setRole(173)) - e0c88643-1b24-4b90-b706-4d063724ebcc@group-D35C3FC9018D: changes role from CANDIDATE to FOLLOWER at term 6 for DISCOVERED_A_NEW_TERM
2019-11-14 12:42:18,271 [e0c88643-1b24-4b90-b706-4d063724ebcc@group-D35C3FC9018D-LeaderElection225] INFO  impl.RoleInfo (RoleInfo.java:shutdownLeaderElection(134)) - e0c88643-1b24-4b90-b706-4d063724ebcc: shutdown LeaderElection
2019-11-14 12:42:18,272 [e0c88643-1b24-4b90-b706-4d063724ebcc@group-D35C3FC9018D-LeaderElection225] INFO  impl.RoleInfo (RoleInfo.java:updateAndGet(143)) - e0c88643-1b24-4b90-b706-4d063724ebcc: start FollowerState
2019-11-14 12:42:18,716 [grpc-default-executor-1] WARN  server.GrpcLogAppender (LogUtils.java:warn(134)) - a1f4ab9e-675c-48c0-bb27-a541bfd11ae2@group-E518947F9F97->7f15e76e-ccdf-421e-a2ec-7ae8a15127a1-AppendLogResponseHandler: Failed appendEntries: org.apache.ratis.thirdparty.io.grpc.StatusRuntimeException: UNAVAILABLE: io exception
2019-11-14 12:42:18,716 [grpc-default-executor-1] INFO  impl.FollowerInfo (FollowerInfo.java:lambda$new$0(51)) - a1f4ab9e-675c-48c0-bb27-a541bfd11ae2@group-E518947F9F97->7f15e76e-ccdf-421e-a2ec-7ae8a15127a1: nextIndex: updateUnconditionally 0 -> 0
2019-11-14 12:42:18,782 [ForkJoinPool.commonPool-worker-0] INFO  ozoneimpl.OzoneContainer (OzoneContainer.java:stop(244)) - Attempting to stop container services.
2019-11-14 12:42:18,783 [ForkJoinPool.commonPool-worker-0] INFO  impl.RaftServerProxy (RaftServerProxy.java:lambda$close$4(314)) - e0c88643-1b24-4b90-b706-4d063724ebcc: close
2019-11-14 12:42:18,784 [main] INFO  ozoneimpl.OzoneContainer (OzoneContainer.java:stop(244)) - Attempting to stop container services.
2019-11-14 12:42:18,784 [ForkJoinPool.commonPool-worker-0] INFO  impl.RaftServerImpl (RaftServerImpl.java:lambda$shutdown$3(250)) - e0c88643-1b24-4b90-b706-4d063724ebcc@group-D35C3FC9018D: shutdown
2019-11-14 12:42:18,784 [main] INFO  impl.RaftServerProxy (RaftServerProxy.java:lambda$close$4(314)) - 014ed27e-4853-41cc-a50c-9de7527fd6a0: close
2019-11-14 12:42:18,785 [ForkJoinPool.commonPool-worker-0] INFO  util.JmxRegister (JmxRegister.java:unregister(73)) - Successfully un-registered JMX Bean with object name Ratis:service=RaftServer,group=group-D35C3FC9018D,id=e0c88643-1b24-4b90-b706-4d063724ebcc
2019-11-14 12:42:18,785 [main] INFO  impl.RaftServerImpl (RaftServerImpl.java:lambda$shutdown$3(250)) - 014ed27e-4853-41cc-a50c-9de7527fd6a0@group-68BAEC99AD32: shutdown
2019-11-14 12:42:18,785 [ForkJoinPool.commonPool-worker-0] INFO  impl.RoleInfo (RoleInfo.java:shutdownFollowerState(121)) - e0c88643-1b24-4b90-b706-4d063724ebcc: shutdown FollowerState
2019-11-14 12:42:18,785 [main] INFO  util.JmxRegister (JmxRegister.java:unregister(73)) - Successfully un-registered JMX Bean with object name Ratis:service=RaftServer,group=group-68BAEC99AD32,id=014ed27e-4853-41cc-a50c-9de7527fd6a0
2019-11-14 12:42:18,786 [Thread-4344] INFO  impl.FollowerState (FollowerState.java:run(120)) - e0c88643-1b24-4b90-b706-4d063724ebcc@group-D35C3FC9018D-FollowerState was interrupted: java.lang.InterruptedException: sleep interrupted
2019-11-14 12:42:18,785 [ForkJoinPool.commonPool-worker-0] INFO  impl.StateMachineUpdater (StateMachineUpdater.java:stopAndJoin(136)) - e0c88643-1b24-4b90-b706-4d063724ebcc@group-D35C3FC9018D-StateMachineUpdater: set stopIndex = 2
2019-11-14 12:42:18,786 [main] INFO  impl.RoleInfo (RoleInfo.java:shutdownLeaderState(104)) - 014ed27e-4853-41cc-a50c-9de7527fd6a0: shutdown LeaderState
2019-11-14 12:42:18,786 [ForkJoinPool.commonPool-worker-0] INFO  impl.RaftServerImpl (ServerState.java:close(387)) - e0c88643-1b24-4b90-b706-4d063724ebcc@group-D35C3FC9018D: closes. applyIndex: 2
2019-11-14 12:42:18,786 [main] INFO  impl.PendingRequests (PendingRequests.java:sendNotLeaderResponses(206)) - 014ed27e-4853-41cc-a50c-9de7527fd6a0@group-68BAEC99AD32-PendingRequests: sendNotLeaderResponses
2019-11-14 12:42:18,787 [e0c88643-1b24-4b90-b706-4d063724ebcc@group-D35C3FC9018D-SegmentedRaftLogWorker] INFO  segmented.SegmentedRaftLogWorker (SegmentedRaftLogWorker.java:run(316)) - e0c88643-1b24-4b90-b706-4d063724ebcc@group-D35C3FC9018D-SegmentedRaftLogWorker was interrupted, exiting. There are 0 tasks remaining in the queue.
2019-11-14 12:42:18,787 [main] INFO  impl.StateMachineUpdater (StateMachineUpdater.java:stopAndJoin(136)) - 014ed27e-4853-41cc-a50c-9de7527fd6a0@group-68BAEC99AD32-StateMachineUpdater: set stopIndex = 0
2019-11-14 12:42:18,787 [ForkJoinPool.commonPool-worker-0] INFO  segmented.SegmentedRaftLogWorker (SegmentedRaftLogWorker.java:close(224)) - e0c88643-1b24-4b90-b706-4d063724ebcc@group-D35C3FC9018D-SegmentedRaftLogWorker close()
2019-11-14 12:42:18,787 [main] INFO  impl.RaftServerImpl (ServerState.java:close(387)) - 014ed27e-4853-41cc-a50c-9de7527fd6a0@group-68BAEC99AD32: closes. applyIndex: 0
2019-11-14 12:42:18,788 [ForkJoinPool.commonPool-worker-0] INFO  impl.RaftServerImpl (RaftServerImpl.java:lambda$shutdown$3(250)) - e0c88643-1b24-4b90-b706-4d063724ebcc@group-ADE9040901F1: shutdown
2019-11-14 12:42:18,788 [014ed27e-4853-41cc-a50c-9de7527fd6a0@group-68BAEC99AD32-SegmentedRaftLogWorker] INFO  segmented.SegmentedRaftLogWorker (SegmentedRaftLogWorker.java:run(316)) - 014ed27e-4853-41cc-a50c-9de7527fd6a0@group-68BAEC99AD32-SegmentedRaftLogWorker was interrupted, exiting. There are 0 tasks remaining in the queue.
2019-11-14 12:42:18,788 [ForkJoinPool.commonPool-worker-0] INFO  util.JmxRegister (JmxRegister.java:unregister(73)) - Successfully un-registered JMX Bean with object name Ratis:service=RaftServer,group=group-ADE9040901F1,id=e0c88643-1b24-4b90-b706-4d063724ebcc
2019-11-14 12:42:18,788 [main] INFO  segmented.SegmentedRaftLogWorker (SegmentedRaftLogWorker.java:close(224)) - 014ed27e-4853-41cc-a50c-9de7527fd6a0@group-68BAEC99AD32-SegmentedRaftLogWorker close()
2019-11-14 12:42:18,788 [ForkJoinPool.commonPool-worker-0] INFO  impl.RoleInfo (RoleInfo.java:shutdownLeaderState(104)) - e0c88643-1b24-4b90-b706-4d063724ebcc: shutdown LeaderState
2019-11-14 12:42:18,794 [main] INFO  impl.RaftServerImpl (RaftServerImpl.java:lambda$shutdown$3(250)) - 014ed27e-4853-41cc-a50c-9de7527fd6a0@group-76310EEA3ACC: shutdown
2019-11-14 12:42:18,794 [ForkJoinPool.commonPool-worker-0] INFO  impl.PendingRequests (PendingRequests.java:sendNotLeaderResponses(206)) - e0c88643-1b24-4b90-b706-4d063724ebcc@group-ADE9040901F1-PendingRequests: sendNotLeaderResponses
2019-11-14 12:42:18,794 [main] INFO  util.JmxRegister (JmxRegister.java:unregister(73)) - Successfully un-registered JMX Bean with object name Ratis:service=RaftServer,group=group-76310EEA3ACC,id=014ed27e-4853-41cc-a50c-9de7527fd6a0
2019-11-14 12:42:18,795 [main] INFO  impl.RoleInfo (RoleInfo.java:shutdownFollowerState(121)) - 014ed27e-4853-41cc-a50c-9de7527fd6a0: shutdown FollowerState
2019-11-14 12:42:18,795 [ForkJoinPool.commonPool-worker-0] INFO  impl.StateMachineUpdater (StateMachineUpdater.java:stopAndJoin(136)) - e0c88643-1b24-4b90-b706-4d063724ebcc@group-ADE9040901F1-StateMachineUpdater: set stopIndex = 0
2019-11-14 12:42:18,795 [ForkJoinPool.commonPool-worker-0] INFO  impl.RaftServerImpl (ServerState.java:close(387)) - e0c88643-1b24-4b90-b706-4d063724ebcc@group-ADE9040901F1: closes. applyIndex: 0
2019-11-14 12:42:18,795 [Thread-4205] INFO  impl.FollowerState (FollowerState.java:run(120)) - 014ed27e-4853-41cc-a50c-9de7527fd6a0@group-76310EEA3ACC-FollowerState was interrupted: java.lang.InterruptedException: sleep interrupted
2019-11-14 12:42:18,795 [main] INFO  impl.StateMachineUpdater (StateMachineUpdater.java:stopAndJoin(136)) - 014ed27e-4853-41cc-a50c-9de7527fd6a0@group-76310EEA3ACC-StateMachineUpdater: set stopIndex = 0
2019-11-14 12:42:18,796 [main] INFO  impl.RaftServerImpl (ServerState.java:close(387)) - 014ed27e-4853-41cc-a50c-9de7527fd6a0@group-76310EEA3ACC: closes. applyIndex: 0
2019-11-14 12:42:18,796 [e0c88643-1b24-4b90-b706-4d063724ebcc@group-ADE9040901F1-SegmentedRaftLogWorker] INFO  segmented.SegmentedRaftLogWorker (SegmentedRaftLogWorker.java:run(316)) - e0c88643-1b24-4b90-b706-4d063724ebcc@group-ADE9040901F1-SegmentedRaftLogWorker was interrupted, exiting. There are 0 tasks remaining in the queue.
2019-11-14 12:42:18,796 [014ed27e-4853-41cc-a50c-9de7527fd6a0@group-76310EEA3ACC-SegmentedRaftLogWorker] INFO  segmented.SegmentedRaftLogWorker (SegmentedRaftLogWorker.java:run(316)) - 014ed27e-4853-41cc-a50c-9de7527fd6a0@group-76310EEA3ACC-SegmentedRaftLogWorker was interrupted, exiting. There are 0 tasks remaining in the queue.
2019-11-14 12:42:18,796 [ForkJoinPool.commonPool-worker-0] INFO  segmented.SegmentedRaftLogWorker (SegmentedRaftLogWorker.java:close(224)) - e0c88643-1b24-4b90-b706-4d063724ebcc@group-ADE9040901F1-SegmentedRaftLogWorker close()
2019-11-14 12:42:18,796 [main] INFO  segmented.SegmentedRaftLogWorker (SegmentedRaftLogWorker.java:close(224)) - 014ed27e-4853-41cc-a50c-9de7527fd6a0@group-76310EEA3ACC-SegmentedRaftLogWorker close()
2019-11-14 12:42:18,798 [ForkJoinPool.commonPool-worker-0] INFO  server.GrpcService (GrpcService.java:closeImpl(164)) - e0c88643-1b24-4b90-b706-4d063724ebcc: shutdown server with port 42559 now
2019-11-14 12:42:18,800 [main] INFO  server.GrpcService (GrpcService.java:closeImpl(164)) - 014ed27e-4853-41cc-a50c-9de7527fd6a0: shutdown server with port 41029 now
2019-11-14 12:42:18,800 [ForkJoinPool.commonPool-worker-0] INFO  server.GrpcService (GrpcService.java:closeImpl(172)) - e0c88643-1b24-4b90-b706-4d063724ebcc: shutdown server with port 42559 successfully
2019-11-14 12:42:18,802 [grpc-default-executor-9] WARN  server.GrpcServerProtocolService (LogUtils.java:warn(134)) - 014ed27e-4853-41cc-a50c-9de7527fd6a0: installSnapshot onError, lastRequest: 0ff44171-e26a-4ef7-8f26-7a0f9c51011c->014ed27e-4853-41cc-a50c-9de7527fd6a0#25-t1, previous=(t:1, i:0), leaderCommit=0, initializing? false, entries: <empty>: org.apache.ratis.thirdparty.io.grpc.StatusRuntimeException: CANCELLED: cancelled before receiving half close
2019-11-14 12:42:18,802 [grpc-default-executor-1] WARN  server.GrpcLogAppender (LogUtils.java:warn(134)) - 0ff44171-e26a-4ef7-8f26-7a0f9c51011c@group-76310EEA3ACC->014ed27e-4853-41cc-a50c-9de7527fd6a0-AppendLogResponseHandler: Failed appendEntries: org.apache.ratis.thirdparty.io.grpc.StatusRuntimeException: CANCELLED: HTTP/2 error code: CANCEL
Received Rst Stream
2019-11-14 12:42:18,802 [main] INFO  server.GrpcService (GrpcService.java:closeImpl(172)) - 014ed27e-4853-41cc-a50c-9de7527fd6a0: shutdown server with port 41029 successfully
2019-11-14 12:42:18,802 [grpc-default-executor-1] INFO  impl.FollowerInfo (FollowerInfo.java:lambda$new$0(51)) - 0ff44171-e26a-4ef7-8f26-7a0f9c51011c@group-76310EEA3ACC->014ed27e-4853-41cc-a50c-9de7527fd6a0: nextIndex: updateUnconditionally 1 -> 0
2019-11-14 12:42:18,807 [refreshUsed-/workdir/hadoop-ozone/integration-test/target/test-dir/MiniOzoneClusterImpl-00c2d61f-fa45-4119-a3b8-446fff627119/datanode-4/data/containers] WARN  fs.CachingGetSpaceUsed (CachingGetSpaceUsed.java:run(183)) - Thread Interrupted waiting to refresh disk information: sleep interrupted
2019-11-14 12:42:18,810 [refreshUsed-/workdir/hadoop-ozone/integration-test/target/test-dir/MiniOzoneClusterImpl-00c2d61f-fa45-4119-a3b8-446fff627119/datanode-8/data/containers] WARN  fs.CachingGetSpaceUsed (CachingGetSpaceUsed.java:run(183)) - Thread Interrupted waiting to refresh disk information: sleep interrupted
2019-11-14 12:42:18,824 [ForkJoinPool.commonPool-worker-0] INFO  utils.BackgroundService (BackgroundService.java:shutdown(151)) - Shutting down service BlockDeletingService
2019-11-14 12:42:18,827 [ForkJoinPool.commonPool-worker-0] INFO  statemachine.DatanodeStateMachine (DatanodeStateMachine.java:stopDaemon(395)) - Ozone container server stopped.
2019-11-14 12:42:18,828 [main] INFO  utils.BackgroundService (BackgroundService.java:shutdown(151)) - Shutting down service BlockDeletingService
2019-11-14 12:42:18,831 [main] INFO  statemachine.DatanodeStateMachine (DatanodeStateMachine.java:stopDaemon(395)) - Ozone container server stopped.
2019-11-14 12:42:18,833 [ForkJoinPool.commonPool-worker-0] INFO  handler.ContextHandler (ContextHandler.java:doStop(910)) - Stopped o.e.j.w.WebAppContext@437281c5{/,null,UNAVAILABLE}{/hddsDatanode}
2019-11-14 12:42:18,833 [main] INFO  handler.ContextHandler (ContextHandler.java:doStop(910)) - Stopped o.e.j.w.WebAppContext@38087342{/,null,UNAVAILABLE}{/hddsDatanode}
2019-11-14 12:42:18,834 [main] INFO  server.AbstractConnector (AbstractConnector.java:doStop(318)) - Stopped ServerConnector@681de87f{HTTP/1.1,[http/1.1]}{0.0.0.0:0}
2019-11-14 12:42:18,834 [ForkJoinPool.commonPool-worker-0] INFO  server.AbstractConnector (AbstractConnector.java:doStop(318)) - Stopped ServerConnector@787178b1{HTTP/1.1,[http/1.1]}{0.0.0.0:0}
2019-11-14 12:42:18,834 [main] INFO  handler.ContextHandler (ContextHandler.java:doStop(910)) - Stopped o.e.j.s.ServletContextHandler@4e48462d{/static,jar:file:/home/user/.m2/repository/org/apache/hadoop/hadoop-hdds-container-service/0.5.0-SNAPSHOT/hadoop-hdds-container-service-0.5.0-SNAPSHOT.jar!/webapps/static,UNAVAILABLE}
2019-11-14 12:42:18,835 [ForkJoinPool.commonPool-worker-0] INFO  handler.ContextHandler (ContextHandler.java:doStop(910)) - Stopped o.e.j.s.ServletContextHandler@7c71c889{/static,jar:file:/home/user/.m2/repository/org/apache/hadoop/hadoop-hdds-container-service/0.5.0-SNAPSHOT/hadoop-hdds-container-service-0.5.0-SNAPSHOT.jar!/webapps/static,UNAVAILABLE}
2019-11-14 12:42:18,835 [main] INFO  handler.ContextHandler (ContextHandler.java:doStop(910)) - Stopped o.e.j.s.ServletContextHandler@642c6461{/logs,file:///workdir/hadoop-ozone/integration-test/target/log,UNAVAILABLE}
2019-11-14 12:42:18,836 [ForkJoinPool.commonPool-worker-0] INFO  handler.ContextHandler (ContextHandler.java:doStop(910)) - Stopped o.e.j.s.ServletContextHandler@787d1f9c{/logs,file:///workdir/hadoop-ozone/integration-test/target/log,UNAVAILABLE}
2019-11-14 12:42:18,877 [grpc-default-executor-9] WARN  server.GrpcLogAppender (LogUtils.java:warn(134)) - 0ff44171-e26a-4ef7-8f26-7a0f9c51011c@group-76310EEA3ACC->014ed27e-4853-41cc-a50c-9de7527fd6a0-AppendLogResponseHandler: Failed appendEntries: org.apache.ratis.thirdparty.io.grpc.StatusRuntimeException: UNAVAILABLE: io exception
2019-11-14 12:42:18,877 [grpc-default-executor-9] INFO  impl.FollowerInfo (FollowerInfo.java:lambda$new$0(51)) - 0ff44171-e26a-4ef7-8f26-7a0f9c51011c@group-76310EEA3ACC->014ed27e-4853-41cc-a50c-9de7527fd6a0: nextIndex: updateUnconditionally 0 -> 0
2019-11-14 12:42:19,151 [Datanode State Machine Thread - 0] INFO  statemachine.DatanodeStateMachine (DatanodeStateMachine.java:lambda$startDaemon$0(350)) - Ozone container server started.
2019-11-14 12:42:19,216 [grpc-default-executor-9] WARN  server.GrpcLogAppender (LogUtils.java:warn(134)) - a1f4ab9e-675c-48c0-bb27-a541bfd11ae2@group-E518947F9F97->7f15e76e-ccdf-421e-a2ec-7ae8a15127a1-AppendLogResponseHandler: Failed appendEntries: org.apache.ratis.thirdparty.io.grpc.StatusRuntimeException: UNAVAILABLE: io exception
2019-11-14 12:42:19,216 [grpc-default-executor-9] INFO  impl.FollowerInfo (FollowerInfo.java:lambda$new$0(51)) - a1f4ab9e-675c-48c0-bb27-a541bfd11ae2@group-E518947F9F97->7f15e76e-ccdf-421e-a2ec-7ae8a15127a1: nextIndex: updateUnconditionally 0 -> 0
2019-11-14 12:42:19,375 [Datanode State Machine Thread - 0] INFO  statemachine.DatanodeStateMachine (DatanodeStateMachine.java:lambda$startDaemon$0(350)) - Ozone container server started.
2019-11-14 12:42:19,378 [grpc-default-executor-8] WARN  server.GrpcLogAppender (LogUtils.java:warn(134)) - 0ff44171-e26a-4ef7-8f26-7a0f9c51011c@group-76310EEA3ACC->014ed27e-4853-41cc-a50c-9de7527fd6a0-AppendLogResponseHandler: Failed appendEntries: org.apache.ratis.thirdparty.io.grpc.StatusRuntimeException: UNAVAILABLE: io exception
2019-11-14 12:42:19,378 [grpc-default-executor-8] INFO  impl.FollowerInfo (FollowerInfo.java:lambda$new$0(51)) - 0ff44171-e26a-4ef7-8f26-7a0f9c51011c@group-76310EEA3ACC->014ed27e-4853-41cc-a50c-9de7527fd6a0: nextIndex: updateUnconditionally 0 -> 0
2019-11-14 12:42:19,717 [grpc-default-executor-8] WARN  server.GrpcLogAppender (LogUtils.java:warn(134)) - a1f4ab9e-675c-48c0-bb27-a541bfd11ae2@group-E518947F9F97->7f15e76e-ccdf-421e-a2ec-7ae8a15127a1-AppendLogResponseHandler: Failed appendEntries: org.apache.ratis.thirdparty.io.grpc.StatusRuntimeException: UNAVAILABLE: io exception
2019-11-14 12:42:19,717 [grpc-default-executor-8] INFO  impl.FollowerInfo (FollowerInfo.java:lambda$new$0(51)) - a1f4ab9e-675c-48c0-bb27-a541bfd11ae2@group-E518947F9F97->7f15e76e-ccdf-421e-a2ec-7ae8a15127a1: nextIndex: updateUnconditionally 0 -> 0
2019-11-14 12:42:19,878 [grpc-default-executor-8] WARN  server.GrpcLogAppender (LogUtils.java:warn(134)) - 0ff44171-e26a-4ef7-8f26-7a0f9c51011c@group-76310EEA3ACC->014ed27e-4853-41cc-a50c-9de7527fd6a0-AppendLogResponseHandler: Failed appendEntries: org.apache.ratis.thirdparty.io.grpc.StatusRuntimeException: UNAVAILABLE: io exception
2019-11-14 12:42:19,878 [grpc-default-executor-8] INFO  impl.FollowerInfo (FollowerInfo.java:lambda$new$0(51)) - 0ff44171-e26a-4ef7-8f26-7a0f9c51011c@group-76310EEA3ACC->014ed27e-4853-41cc-a50c-9de7527fd6a0: nextIndex: updateUnconditionally 0 -> 0
2019-11-14 12:42:20,217 [grpc-default-executor-1] WARN  server.GrpcLogAppender (LogUtils.java:warn(134)) - a1f4ab9e-675c-48c0-bb27-a541bfd11ae2@group-E518947F9F97->7f15e76e-ccdf-421e-a2ec-7ae8a15127a1-AppendLogResponseHandler: Failed appendEntries: org.apache.ratis.thirdparty.io.grpc.StatusRuntimeException: UNAVAILABLE: io exception
2019-11-14 12:42:20,217 [grpc-default-executor-1] INFO  impl.FollowerInfo (FollowerInfo.java:lambda$new$0(51)) - a1f4ab9e-675c-48c0-bb27-a541bfd11ae2@group-E518947F9F97->7f15e76e-ccdf-421e-a2ec-7ae8a15127a1: nextIndex: updateUnconditionally 0 -> 0
2019-11-14 12:42:20,378 [grpc-default-executor-8] WARN  server.GrpcLogAppender (LogUtils.java:warn(134)) - 0ff44171-e26a-4ef7-8f26-7a0f9c51011c@group-76310EEA3ACC->014ed27e-4853-41cc-a50c-9de7527fd6a0-AppendLogResponseHandler: Failed appendEntries: org.apache.ratis.thirdparty.io.grpc.StatusRuntimeException: UNAVAILABLE: io exception
2019-11-14 12:42:20,379 [grpc-default-executor-8] INFO  impl.FollowerInfo (FollowerInfo.java:lambda$new$0(51)) - 0ff44171-e26a-4ef7-8f26-7a0f9c51011c@group-76310EEA3ACC->014ed27e-4853-41cc-a50c-9de7527fd6a0: nextIndex: updateUnconditionally 0 -> 0
2019-11-14 12:42:20,717 [grpc-default-executor-8] WARN  server.GrpcLogAppender (LogUtils.java:warn(134)) - a1f4ab9e-675c-48c0-bb27-a541bfd11ae2@group-E518947F9F97->7f15e76e-ccdf-421e-a2ec-7ae8a15127a1-AppendLogResponseHandler: Failed appendEntries: org.apache.ratis.thirdparty.io.grpc.StatusRuntimeException: UNAVAILABLE: io exception
2019-11-14 12:42:20,718 [grpc-default-executor-8] INFO  impl.FollowerInfo (FollowerInfo.java:lambda$new$0(51)) - a1f4ab9e-675c-48c0-bb27-a541bfd11ae2@group-E518947F9F97->7f15e76e-ccdf-421e-a2ec-7ae8a15127a1: nextIndex: updateUnconditionally 0 -> 0
2019-11-14 12:42:20,879 [grpc-default-executor-9] WARN  server.GrpcLogAppender (LogUtils.java:warn(134)) - 0ff44171-e26a-4ef7-8f26-7a0f9c51011c@group-76310EEA3ACC->014ed27e-4853-41cc-a50c-9de7527fd6a0-AppendLogResponseHandler: Failed appendEntries: org.apache.ratis.thirdparty.io.grpc.StatusRuntimeException: UNAVAILABLE: io exception
2019-11-14 12:42:20,879 [grpc-default-executor-9] INFO  impl.FollowerInfo (FollowerInfo.java:lambda$new$0(51)) - 0ff44171-e26a-4ef7-8f26-7a0f9c51011c@group-76310EEA3ACC->014ed27e-4853-41cc-a50c-9de7527fd6a0: nextIndex: updateUnconditionally 0 -> 0
2019-11-14 12:42:21,221 [grpc-default-executor-9] WARN  server.GrpcLogAppender (LogUtils.java:warn(134)) - a1f4ab9e-675c-48c0-bb27-a541bfd11ae2@group-E518947F9F97->7f15e76e-ccdf-421e-a2ec-7ae8a15127a1-AppendLogResponseHandler: Failed appendEntries: org.apache.ratis.thirdparty.io.grpc.StatusRuntimeException: UNAVAILABLE: io exception
2019-11-14 12:42:21,222 [grpc-default-executor-9] INFO  impl.FollowerInfo (FollowerInfo.java:lambda$new$0(51)) - a1f4ab9e-675c-48c0-bb27-a541bfd11ae2@group-E518947F9F97->7f15e76e-ccdf-421e-a2ec-7ae8a15127a1: nextIndex: updateUnconditionally 0 -> 0
2019-11-14 12:42:21,382 [grpc-default-executor-1] WARN  server.GrpcLogAppender (LogUtils.java:warn(134)) - 0ff44171-e26a-4ef7-8f26-7a0f9c51011c@group-76310EEA3ACC->014ed27e-4853-41cc-a50c-9de7527fd6a0-AppendLogResponseHandler: Failed appendEntries: org.apache.ratis.thirdparty.io.grpc.StatusRuntimeException: UNAVAILABLE: io exception
2019-11-14 12:42:21,383 [grpc-default-executor-1] INFO  impl.FollowerInfo (FollowerInfo.java:lambda$new$0(51)) - 0ff44171-e26a-4ef7-8f26-7a0f9c51011c@group-76310EEA3ACC->014ed27e-4853-41cc-a50c-9de7527fd6a0: nextIndex: updateUnconditionally 0 -> 0
2019-11-14 12:42:21,720 [grpc-default-executor-1] WARN  server.GrpcLogAppender (LogUtils.java:warn(134)) - a1f4ab9e-675c-48c0-bb27-a541bfd11ae2@group-E518947F9F97->7f15e76e-ccdf-421e-a2ec-7ae8a15127a1-AppendLogResponseHandler: Failed appendEntries: org.apache.ratis.thirdparty.io.grpc.StatusRuntimeException: UNAVAILABLE: io exception
2019-11-14 12:42:21,721 [grpc-default-executor-1] INFO  impl.FollowerInfo (FollowerInfo.java:lambda$new$0(51)) - a1f4ab9e-675c-48c0-bb27-a541bfd11ae2@group-E518947F9F97->7f15e76e-ccdf-421e-a2ec-7ae8a15127a1: nextIndex: updateUnconditionally 0 -> 0
2019-11-14 12:42:21,880 [grpc-default-executor-1] WARN  server.GrpcLogAppender (LogUtils.java:warn(134)) - 0ff44171-e26a-4ef7-8f26-7a0f9c51011c@group-76310EEA3ACC->014ed27e-4853-41cc-a50c-9de7527fd6a0-AppendLogResponseHandler: Failed appendEntries: org.apache.ratis.thirdparty.io.grpc.StatusRuntimeException: UNAVAILABLE: io exception
2019-11-14 12:42:21,881 [grpc-default-executor-1] INFO  impl.FollowerInfo (FollowerInfo.java:lambda$new$0(51)) - 0ff44171-e26a-4ef7-8f26-7a0f9c51011c@group-76310EEA3ACC->014ed27e-4853-41cc-a50c-9de7527fd6a0: nextIndex: updateUnconditionally 0 -> 0
2019-11-14 12:42:22,221 [grpc-default-executor-9] WARN  server.GrpcLogAppender (LogUtils.java:warn(134)) - a1f4ab9e-675c-48c0-bb27-a541bfd11ae2@group-E518947F9F97->7f15e76e-ccdf-421e-a2ec-7ae8a15127a1-AppendLogResponseHandler: Failed appendEntries: org.apache.ratis.thirdparty.io.grpc.StatusRuntimeException: UNAVAILABLE: io exception
2019-11-14 12:42:22,222 [grpc-default-executor-9] INFO  impl.FollowerInfo (FollowerInfo.java:lambda$new$0(51)) - a1f4ab9e-675c-48c0-bb27-a541bfd11ae2@group-E518947F9F97->7f15e76e-ccdf-421e-a2ec-7ae8a15127a1: nextIndex: updateUnconditionally 0 -> 0
2019-11-14 12:42:22,381 [grpc-default-executor-8] WARN  server.GrpcLogAppender (LogUtils.java:warn(134)) - 0ff44171-e26a-4ef7-8f26-7a0f9c51011c@group-76310EEA3ACC->014ed27e-4853-41cc-a50c-9de7527fd6a0-AppendLogResponseHandler: Failed appendEntries: org.apache.ratis.thirdparty.io.grpc.StatusRuntimeException: UNAVAILABLE: io exception
2019-11-14 12:42:22,381 [grpc-default-executor-8] INFO  impl.FollowerInfo (FollowerInfo.java:lambda$new$0(51)) - 0ff44171-e26a-4ef7-8f26-7a0f9c51011c@group-76310EEA3ACC->014ed27e-4853-41cc-a50c-9de7527fd6a0: nextIndex: updateUnconditionally 0 -> 0
2019-11-14 12:42:22,722 [grpc-default-executor-8] WARN  server.GrpcLogAppender (LogUtils.java:warn(134)) - a1f4ab9e-675c-48c0-bb27-a541bfd11ae2@group-E518947F9F97->7f15e76e-ccdf-421e-a2ec-7ae8a15127a1-AppendLogResponseHandler: Failed appendEntries: org.apache.ratis.thirdparty.io.grpc.StatusRuntimeException: UNAVAILABLE: io exception
2019-11-14 12:42:22,723 [grpc-default-executor-8] INFO  impl.FollowerInfo (FollowerInfo.java:lambda$new$0(51)) - a1f4ab9e-675c-48c0-bb27-a541bfd11ae2@group-E518947F9F97->7f15e76e-ccdf-421e-a2ec-7ae8a15127a1: nextIndex: updateUnconditionally 0 -> 0
2019-11-14 12:42:22,882 [grpc-default-executor-9] WARN  server.GrpcLogAppender (LogUtils.java:warn(134)) - 0ff44171-e26a-4ef7-8f26-7a0f9c51011c@group-76310EEA3ACC->014ed27e-4853-41cc-a50c-9de7527fd6a0-AppendLogResponseHandler: Failed appendEntries: org.apache.ratis.thirdparty.io.grpc.StatusRuntimeException: UNAVAILABLE: io exception
2019-11-14 12:42:22,882 [grpc-default-executor-9] INFO  impl.FollowerInfo (FollowerInfo.java:lambda$new$0(51)) - 0ff44171-e26a-4ef7-8f26-7a0f9c51011c@group-76310EEA3ACC->014ed27e-4853-41cc-a50c-9de7527fd6a0: nextIndex: updateUnconditionally 0 -> 0
2019-11-14 12:42:23,222 [grpc-default-executor-9] WARN  server.GrpcLogAppender (LogUtils.java:warn(134)) - a1f4ab9e-675c-48c0-bb27-a541bfd11ae2@group-E518947F9F97->7f15e76e-ccdf-421e-a2ec-7ae8a15127a1-AppendLogResponseHandler: Failed appendEntries: org.apache.ratis.thirdparty.io.grpc.StatusRuntimeException: UNAVAILABLE: io exception
2019-11-14 12:42:23,223 [grpc-default-executor-9] INFO  impl.FollowerInfo (FollowerInfo.java:lambda$new$0(51)) - a1f4ab9e-675c-48c0-bb27-a541bfd11ae2@group-E518947F9F97->7f15e76e-ccdf-421e-a2ec-7ae8a15127a1: nextIndex: updateUnconditionally 0 -> 0
2019-11-14 12:42:23,381 [grpc-default-executor-9] WARN  server.GrpcLogAppender (LogUtils.java:warn(134)) - 0ff44171-e26a-4ef7-8f26-7a0f9c51011c@group-76310EEA3ACC->014ed27e-4853-41cc-a50c-9de7527fd6a0-AppendLogResponseHandler: Failed appendEntries: org.apache.ratis.thirdparty.io.grpc.StatusRuntimeException: UNAVAILABLE: io exception
2019-11-14 12:42:23,382 [grpc-default-executor-9] INFO  impl.FollowerInfo (FollowerInfo.java:lambda$new$0(51)) - 0ff44171-e26a-4ef7-8f26-7a0f9c51011c@group-76310EEA3ACC->014ed27e-4853-41cc-a50c-9de7527fd6a0: nextIndex: updateUnconditionally 0 -> 0
2019-11-14 12:42:23,723 [grpc-default-executor-9] WARN  server.GrpcLogAppender (LogUtils.java:warn(134)) - a1f4ab9e-675c-48c0-bb27-a541bfd11ae2@group-E518947F9F97->7f15e76e-ccdf-421e-a2ec-7ae8a15127a1-AppendLogResponseHandler: Failed appendEntries: org.apache.ratis.thirdparty.io.grpc.StatusRuntimeException: UNAVAILABLE: io exception
2019-11-14 12:42:23,723 [grpc-default-executor-9] INFO  impl.FollowerInfo (FollowerInfo.java:lambda$new$0(51)) - a1f4ab9e-675c-48c0-bb27-a541bfd11ae2@group-E518947F9F97->7f15e76e-ccdf-421e-a2ec-7ae8a15127a1: nextIndex: updateUnconditionally 0 -> 0
2019-11-14 12:42:23,839 [main] INFO  ozoneimpl.OzoneContainer (OzoneContainer.java:stop(244)) - Attempting to stop container services.
2019-11-14 12:42:23,839 [ForkJoinPool.commonPool-worker-0] INFO  ozoneimpl.OzoneContainer (OzoneContainer.java:stop(244)) - Attempting to stop container services.
2019-11-14 12:42:23,841 [main] INFO  impl.RaftServerProxy (RaftServerProxy.java:lambda$close$4(314)) - 0ff44171-e26a-4ef7-8f26-7a0f9c51011c: close
2019-11-14 12:42:23,841 [ForkJoinPool.commonPool-worker-0] INFO  impl.RaftServerProxy (RaftServerProxy.java:lambda$close$4(314)) - 246c57ec-d0aa-4f80-a8a4-72fa2ca2a50d: close
2019-11-14 12:42:23,841 [ForkJoinPool.commonPool-worker-0] INFO  impl.RaftServerImpl (RaftServerImpl.java:lambda$shutdown$3(250)) - 246c57ec-d0aa-4f80-a8a4-72fa2ca2a50d@group-3FFEABFB2F92: shutdown
2019-11-14 12:42:23,841 [main] INFO  impl.RaftServerImpl (RaftServerImpl.java:lambda$shutdown$3(250)) - 0ff44171-e26a-4ef7-8f26-7a0f9c51011c@group-107DF5984CDB: shutdown
2019-11-14 12:42:23,842 [ForkJoinPool.commonPool-worker-0] INFO  util.JmxRegister (JmxRegister.java:unregister(73)) - Successfully un-registered JMX Bean with object name Ratis:service=RaftServer,group=group-3FFEABFB2F92,id=246c57ec-d0aa-4f80-a8a4-72fa2ca2a50d
2019-11-14 12:42:23,842 [main] INFO  util.JmxRegister (JmxRegister.java:unregister(73)) - Successfully un-registered JMX Bean with object name Ratis:service=RaftServer,group=group-107DF5984CDB,id=0ff44171-e26a-4ef7-8f26-7a0f9c51011c
2019-11-14 12:42:23,842 [ForkJoinPool.commonPool-worker-0] INFO  impl.RoleInfo (RoleInfo.java:shutdownLeaderState(104)) - 246c57ec-d0aa-4f80-a8a4-72fa2ca2a50d: shutdown LeaderState
2019-11-14 12:42:23,843 [main] INFO  impl.RoleInfo (RoleInfo.java:shutdownLeaderState(104)) - 0ff44171-e26a-4ef7-8f26-7a0f9c51011c: shutdown LeaderState
2019-11-14 12:42:23,843 [ForkJoinPool.commonPool-worker-0] INFO  impl.PendingRequests (PendingRequests.java:sendNotLeaderResponses(206)) - 246c57ec-d0aa-4f80-a8a4-72fa2ca2a50d@group-3FFEABFB2F92-PendingRequests: sendNotLeaderResponses
2019-11-14 12:42:23,843 [main] INFO  impl.PendingRequests (PendingRequests.java:sendNotLeaderResponses(206)) - 0ff44171-e26a-4ef7-8f26-7a0f9c51011c@group-107DF5984CDB-PendingRequests: sendNotLeaderResponses
2019-11-14 12:42:23,844 [ForkJoinPool.commonPool-worker-0] INFO  impl.StateMachineUpdater (StateMachineUpdater.java:stopAndJoin(136)) - 246c57ec-d0aa-4f80-a8a4-72fa2ca2a50d@group-3FFEABFB2F92-StateMachineUpdater: set stopIndex = 0
2019-11-14 12:42:23,844 [main] INFO  impl.StateMachineUpdater (StateMachineUpdater.java:stopAndJoin(136)) - 0ff44171-e26a-4ef7-8f26-7a0f9c51011c@group-107DF5984CDB-StateMachineUpdater: set stopIndex = 0
2019-11-14 12:42:23,845 [ForkJoinPool.commonPool-worker-0] INFO  impl.RaftServerImpl (ServerState.java:close(387)) - 246c57ec-d0aa-4f80-a8a4-72fa2ca2a50d@group-3FFEABFB2F92: closes. applyIndex: 0
2019-11-14 12:42:23,845 [main] INFO  impl.RaftServerImpl (ServerState.java:close(387)) - 0ff44171-e26a-4ef7-8f26-7a0f9c51011c@group-107DF5984CDB: closes. applyIndex: 0
2019-11-14 12:42:23,845 [246c57ec-d0aa-4f80-a8a4-72fa2ca2a50d@group-3FFEABFB2F92-SegmentedRaftLogWorker] INFO  segmented.SegmentedRaftLogWorker (SegmentedRaftLogWorker.java:run(316)) - 246c57ec-d0aa-4f80-a8a4-72fa2ca2a50d@group-3FFEABFB2F92-SegmentedRaftLogWorker was interrupted, exiting. There are 0 tasks remaining in the queue.
2019-11-14 12:42:23,845 [0ff44171-e26a-4ef7-8f26-7a0f9c51011c@group-107DF5984CDB-SegmentedRaftLogWorker] INFO  segmented.SegmentedRaftLogWorker (SegmentedRaftLogWorker.java:run(316)) - 0ff44171-e26a-4ef7-8f26-7a0f9c51011c@group-107DF5984CDB-SegmentedRaftLogWorker was interrupted, exiting. There are 0 tasks remaining in the queue.
2019-11-14 12:42:23,846 [main] INFO  segmented.SegmentedRaftLogWorker (SegmentedRaftLogWorker.java:close(224)) - 0ff44171-e26a-4ef7-8f26-7a0f9c51011c@group-107DF5984CDB-SegmentedRaftLogWorker close()
2019-11-14 12:42:23,846 [ForkJoinPool.commonPool-worker-0] INFO  segmented.SegmentedRaftLogWorker (SegmentedRaftLogWorker.java:close(224)) - 246c57ec-d0aa-4f80-a8a4-72fa2ca2a50d@group-3FFEABFB2F92-SegmentedRaftLogWorker close()
2019-11-14 12:42:23,851 [main] INFO  impl.RaftServerImpl (RaftServerImpl.java:lambda$shutdown$3(250)) - 0ff44171-e26a-4ef7-8f26-7a0f9c51011c@group-76310EEA3ACC: shutdown
2019-11-14 12:42:23,852 [ForkJoinPool.commonPool-worker-0] INFO  impl.RaftServerImpl (RaftServerImpl.java:lambda$shutdown$3(250)) - 246c57ec-d0aa-4f80-a8a4-72fa2ca2a50d@group-E518947F9F97: shutdown
2019-11-14 12:42:23,852 [main] INFO  util.JmxRegister (JmxRegister.java:unregister(73)) - Successfully un-registered JMX Bean with object name Ratis:service=RaftServer,group=group-76310EEA3ACC,id=0ff44171-e26a-4ef7-8f26-7a0f9c51011c
2019-11-14 12:42:23,852 [main] INFO  impl.RoleInfo (RoleInfo.java:shutdownLeaderState(104)) - 0ff44171-e26a-4ef7-8f26-7a0f9c51011c: shutdown LeaderState
2019-11-14 12:42:23,852 [ForkJoinPool.commonPool-worker-0] INFO  util.JmxRegister (JmxRegister.java:unregister(73)) - Successfully un-registered JMX Bean with object name Ratis:service=RaftServer,group=group-E518947F9F97,id=246c57ec-d0aa-4f80-a8a4-72fa2ca2a50d
2019-11-14 12:42:23,863 [org.apache.ratis.server.impl.LogAppender$AppenderDaemon$$Lambda$429/1552770716@4a3ca3ad] WARN  server.GrpcLogAppender (GrpcLogAppender.java:mayWait(151)) - 0ff44171-e26a-4ef7-8f26-7a0f9c51011c@group-76310EEA3ACC->c5630dbc-d159-4e74-a046-1b52429c3a82-GrpcLogAppender: Wait interrupted by java.lang.InterruptedException
2019-11-14 12:42:23,863 [org.apache.ratis.server.impl.LogAppender$AppenderDaemon$$Lambda$429/1552770716@f3e2c2e] WARN  server.GrpcLogAppender (GrpcLogAppender.java:mayWait(151)) - 0ff44171-e26a-4ef7-8f26-7a0f9c51011c@group-76310EEA3ACC->014ed27e-4853-41cc-a50c-9de7527fd6a0-GrpcLogAppender: Wait interrupted by java.lang.InterruptedException
2019-11-14 12:42:23,863 [main] INFO  impl.PendingRequests (PendingRequests.java:sendNotLeaderResponses(206)) - 0ff44171-e26a-4ef7-8f26-7a0f9c51011c@group-76310EEA3ACC-PendingRequests: sendNotLeaderResponses
2019-11-14 12:42:23,863 [ForkJoinPool.commonPool-worker-0] INFO  impl.RoleInfo (RoleInfo.java:shutdownFollowerState(121)) - 246c57ec-d0aa-4f80-a8a4-72fa2ca2a50d: shutdown FollowerState
2019-11-14 12:42:23,864 [main] INFO  impl.StateMachineUpdater (StateMachineUpdater.java:stopAndJoin(136)) - 0ff44171-e26a-4ef7-8f26-7a0f9c51011c@group-76310EEA3ACC-StateMachineUpdater: set stopIndex = 0
2019-11-14 12:42:23,864 [Thread-4222] INFO  impl.FollowerState (FollowerState.java:run(120)) - 246c57ec-d0aa-4f80-a8a4-72fa2ca2a50d@group-E518947F9F97-FollowerState was interrupted: java.lang.InterruptedException: sleep interrupted
2019-11-14 12:42:23,864 [ForkJoinPool.commonPool-worker-0] INFO  impl.StateMachineUpdater (StateMachineUpdater.java:stopAndJoin(136)) - 246c57ec-d0aa-4f80-a8a4-72fa2ca2a50d@group-E518947F9F97-StateMachineUpdater: set stopIndex = 0
2019-11-14 12:42:23,864 [grpc-default-executor-9] INFO  server.GrpcServerProtocolService (GrpcServerProtocolService.java:onCompleted(113)) - c5630dbc-d159-4e74-a046-1b52429c3a82: Completed APPEND_ENTRIES, lastRequest: 0ff44171-e26a-4ef7-8f26-7a0f9c51011c->c5630dbc-d159-4e74-a046-1b52429c3a82#35-t1, previous=(t:1, i:0), leaderCommit=0, initializing? false, entries: <empty>
2019-11-14 12:42:23,864 [main] INFO  impl.RaftServerImpl (ServerState.java:close(387)) - 0ff44171-e26a-4ef7-8f26-7a0f9c51011c@group-76310EEA3ACC: closes. applyIndex: 0
2019-11-14 12:42:23,865 [ForkJoinPool.commonPool-worker-0] INFO  impl.RaftServerImpl (ServerState.java:close(387)) - 246c57ec-d0aa-4f80-a8a4-72fa2ca2a50d@group-E518947F9F97: closes. applyIndex: 0
2019-11-14 12:42:23,865 [0ff44171-e26a-4ef7-8f26-7a0f9c51011c@group-76310EEA3ACC-SegmentedRaftLogWorker] INFO  segmented.SegmentedRaftLogWorker (SegmentedRaftLogWorker.java:run(316)) - 0ff44171-e26a-4ef7-8f26-7a0f9c51011c@group-76310EEA3ACC-SegmentedRaftLogWorker was interrupted, exiting. There are 0 tasks remaining in the queue.
2019-11-14 12:42:23,865 [246c57ec-d0aa-4f80-a8a4-72fa2ca2a50d@group-E518947F9F97-SegmentedRaftLogWorker] INFO  segmented.SegmentedRaftLogWorker (SegmentedRaftLogWorker.java:run(316)) - 246c57ec-d0aa-4f80-a8a4-72fa2ca2a50d@group-E518947F9F97-SegmentedRaftLogWorker was interrupted, exiting. There are 0 tasks remaining in the queue.
2019-11-14 12:42:23,865 [main] INFO  segmented.SegmentedRaftLogWorker (SegmentedRaftLogWorker.java:close(224)) - 0ff44171-e26a-4ef7-8f26-7a0f9c51011c@group-76310EEA3ACC-SegmentedRaftLogWorker close()
2019-11-14 12:42:23,866 [ForkJoinPool.commonPool-worker-0] INFO  segmented.SegmentedRaftLogWorker (SegmentedRaftLogWorker.java:close(224)) - 246c57ec-d0aa-4f80-a8a4-72fa2ca2a50d@group-E518947F9F97-SegmentedRaftLogWorker close()
2019-11-14 12:42:23,867 [main] INFO  server.GrpcService (GrpcService.java:closeImpl(164)) - 0ff44171-e26a-4ef7-8f26-7a0f9c51011c: shutdown server with port 43866 now
2019-11-14 12:42:23,866 [grpc-default-executor-9] INFO  server.GrpcLogAppender (GrpcLogAppender.java:onCompleted(308)) - 0ff44171-e26a-4ef7-8f26-7a0f9c51011c@group-76310EEA3ACC->c5630dbc-d159-4e74-a046-1b52429c3a82-AppendLogResponseHandler: follower responses appendEntries COMPLETED
2019-11-14 12:42:23,867 [ForkJoinPool.commonPool-worker-0] INFO  server.GrpcService (GrpcService.java:closeImpl(164)) - 246c57ec-d0aa-4f80-a8a4-72fa2ca2a50d: shutdown server with port 36644 now
2019-11-14 12:42:23,868 [grpc-default-executor-9] INFO  impl.FollowerInfo (FollowerInfo.java:lambda$new$0(51)) - 0ff44171-e26a-4ef7-8f26-7a0f9c51011c@group-76310EEA3ACC->c5630dbc-d159-4e74-a046-1b52429c3a82: nextIndex: updateUnconditionally 1 -> 0
2019-11-14 12:42:23,868 [main] INFO  server.GrpcService (GrpcService.java:closeImpl(172)) - 0ff44171-e26a-4ef7-8f26-7a0f9c51011c: shutdown server with port 43866 successfully
2019-11-14 12:42:23,869 [ForkJoinPool.commonPool-worker-0] INFO  server.GrpcService (GrpcService.java:closeImpl(172)) - 246c57ec-d0aa-4f80-a8a4-72fa2ca2a50d: shutdown server with port 36644 successfully
2019-11-14 12:42:23,868 [grpc-default-executor-8] WARN  server.GrpcServerProtocolService (LogUtils.java:warn(134)) - 246c57ec-d0aa-4f80-a8a4-72fa2ca2a50d: installSnapshot onError, lastRequest: a1f4ab9e-675c-48c0-bb27-a541bfd11ae2->246c57ec-d0aa-4f80-a8a4-72fa2ca2a50d#35-t3, previous=(t:3, i:0), leaderCommit=0, initializing? false, entries: <empty>: org.apache.ratis.thirdparty.io.grpc.StatusRuntimeException: CANCELLED: cancelled before receiving half close
2019-11-14 12:42:23,869 [grpc-default-executor-1] WARN  server.GrpcLogAppender (LogUtils.java:warn(134)) - a1f4ab9e-675c-48c0-bb27-a541bfd11ae2@group-E518947F9F97->246c57ec-d0aa-4f80-a8a4-72fa2ca2a50d-AppendLogResponseHandler: Failed appendEntries: org.apache.ratis.thirdparty.io.grpc.StatusRuntimeException: CANCELLED: HTTP/2 error code: CANCEL
Received Rst Stream
2019-11-14 12:42:23,870 [grpc-default-executor-1] INFO  impl.FollowerInfo (FollowerInfo.java:lambda$new$0(51)) - a1f4ab9e-675c-48c0-bb27-a541bfd11ae2@group-E518947F9F97->246c57ec-d0aa-4f80-a8a4-72fa2ca2a50d: nextIndex: updateUnconditionally 1 -> 0
2019-11-14 12:42:23,871 [refreshUsed-/workdir/hadoop-ozone/integration-test/target/test-dir/MiniOzoneClusterImpl-00c2d61f-fa45-4119-a3b8-446fff627119/datanode-0/data/containers] WARN  fs.CachingGetSpaceUsed (CachingGetSpaceUsed.java:run(183)) - Thread Interrupted waiting to refresh disk information: sleep interrupted
2019-11-14 12:42:23,876 [refreshUsed-/workdir/hadoop-ozone/integration-test/target/test-dir/MiniOzoneClusterImpl-00c2d61f-fa45-4119-a3b8-446fff627119/datanode-9/data/containers] WARN  fs.CachingGetSpaceUsed (CachingGetSpaceUsed.java:run(183)) - Thread Interrupted waiting to refresh disk information: sleep interrupted
2019-11-14 12:42:23,896 [main] INFO  utils.BackgroundService (BackgroundService.java:shutdown(151)) - Shutting down service BlockDeletingService
2019-11-14 12:42:23,898 [main] INFO  statemachine.DatanodeStateMachine (DatanodeStateMachine.java:stopDaemon(395)) - Ozone container server stopped.
2019-11-14 12:42:23,898 [ForkJoinPool.commonPool-worker-0] INFO  utils.BackgroundService (BackgroundService.java:shutdown(151)) - Shutting down service BlockDeletingService
2019-11-14 12:42:23,900 [ForkJoinPool.commonPool-worker-0] INFO  statemachine.DatanodeStateMachine (DatanodeStateMachine.java:stopDaemon(395)) - Ozone container server stopped.
2019-11-14 12:42:23,907 [main] INFO  handler.ContextHandler (ContextHandler.java:doStop(910)) - Stopped o.e.j.w.WebAppContext@4e8598d9{/,null,UNAVAILABLE}{/hddsDatanode}
2019-11-14 12:42:23,907 [ForkJoinPool.commonPool-worker-0] INFO  handler.ContextHandler (ContextHandler.java:doStop(910)) - Stopped o.e.j.w.WebAppContext@578c3fd9{/,null,UNAVAILABLE}{/hddsDatanode}
2019-11-14 12:42:23,908 [ForkJoinPool.commonPool-worker-0] INFO  server.AbstractConnector (AbstractConnector.java:doStop(318)) - Stopped ServerConnector@245cb8df{HTTP/1.1,[http/1.1]}{0.0.0.0:0}
2019-11-14 12:42:23,908 [main] INFO  server.AbstractConnector (AbstractConnector.java:doStop(318)) - Stopped ServerConnector@267ff4df{HTTP/1.1,[http/1.1]}{0.0.0.0:0}
2019-11-14 12:42:23,909 [ForkJoinPool.commonPool-worker-0] INFO  handler.ContextHandler (ContextHandler.java:doStop(910)) - Stopped o.e.j.s.ServletContextHandler@23e61112{/static,jar:file:/home/user/.m2/repository/org/apache/hadoop/hadoop-hdds-container-service/0.5.0-SNAPSHOT/hadoop-hdds-container-service-0.5.0-SNAPSHOT.jar!/webapps/static,UNAVAILABLE}
2019-11-14 12:42:23,909 [main] INFO  handler.ContextHandler (ContextHandler.java:doStop(910)) - Stopped o.e.j.s.ServletContextHandler@1510b9a2{/static,jar:file:/home/user/.m2/repository/org/apache/hadoop/hadoop-hdds-container-service/0.5.0-SNAPSHOT/hadoop-hdds-container-service-0.5.0-SNAPSHOT.jar!/webapps/static,UNAVAILABLE}
2019-11-14 12:42:23,910 [ForkJoinPool.commonPool-worker-0] INFO  handler.ContextHandler (ContextHandler.java:doStop(910)) - Stopped o.e.j.s.ServletContextHandler@70c29356{/logs,file:///workdir/hadoop-ozone/integration-test/target/log,UNAVAILABLE}
2019-11-14 12:42:23,910 [main] INFO  handler.ContextHandler (ContextHandler.java:doStop(910)) - Stopped o.e.j.s.ServletContextHandler@482ba4b1{/logs,file:///workdir/hadoop-ozone/integration-test/target/log,UNAVAILABLE}
2019-11-14 12:42:24,152 [Datanode State Machine Thread - 0] INFO  statemachine.DatanodeStateMachine (DatanodeStateMachine.java:lambda$startDaemon$0(350)) - Ozone container server started.
2019-11-14 12:42:24,224 [grpc-default-executor-9] WARN  server.GrpcLogAppender (LogUtils.java:warn(134)) - a1f4ab9e-675c-48c0-bb27-a541bfd11ae2@group-E518947F9F97->7f15e76e-ccdf-421e-a2ec-7ae8a15127a1-AppendLogResponseHandler: Failed appendEntries: org.apache.ratis.thirdparty.io.grpc.StatusRuntimeException: UNAVAILABLE: io exception
2019-11-14 12:42:24,225 [grpc-default-executor-9] INFO  impl.FollowerInfo (FollowerInfo.java:lambda$new$0(51)) - a1f4ab9e-675c-48c0-bb27-a541bfd11ae2@group-E518947F9F97->7f15e76e-ccdf-421e-a2ec-7ae8a15127a1: nextIndex: updateUnconditionally 0 -> 0
2019-11-14 12:42:24,267 [grpc-default-executor-8] WARN  server.GrpcLogAppender (LogUtils.java:warn(134)) - a1f4ab9e-675c-48c0-bb27-a541bfd11ae2@group-E518947F9F97->246c57ec-d0aa-4f80-a8a4-72fa2ca2a50d-AppendLogResponseHandler: Failed appendEntries: org.apache.ratis.thirdparty.io.grpc.StatusRuntimeException: UNAVAILABLE: io exception
2019-11-14 12:42:24,267 [grpc-default-executor-8] INFO  impl.FollowerInfo (FollowerInfo.java:lambda$new$0(51)) - a1f4ab9e-675c-48c0-bb27-a541bfd11ae2@group-E518947F9F97->246c57ec-d0aa-4f80-a8a4-72fa2ca2a50d: nextIndex: updateUnconditionally 0 -> 0
2019-11-14 12:42:24,638 [Datanode State Machine Thread - 0] INFO  statemachine.DatanodeStateMachine (DatanodeStateMachine.java:lambda$startDaemon$0(350)) - Ozone container server started.
2019-11-14 12:42:24,724 [grpc-default-executor-1] WARN  server.GrpcLogAppender (LogUtils.java:warn(134)) - a1f4ab9e-675c-48c0-bb27-a541bfd11ae2@group-E518947F9F97->7f15e76e-ccdf-421e-a2ec-7ae8a15127a1-AppendLogResponseHandler: Failed appendEntries: org.apache.ratis.thirdparty.io.grpc.StatusRuntimeException: UNAVAILABLE: io exception
2019-11-14 12:42:24,725 [grpc-default-executor-1] INFO  impl.FollowerInfo (FollowerInfo.java:lambda$new$0(51)) - a1f4ab9e-675c-48c0-bb27-a541bfd11ae2@group-E518947F9F97->7f15e76e-ccdf-421e-a2ec-7ae8a15127a1: nextIndex: updateUnconditionally 0 -> 0
2019-11-14 12:42:24,725 [Thread-4204] INFO  impl.FollowerState (FollowerState.java:run(111)) - c5630dbc-d159-4e74-a046-1b52429c3a82@group-76310EEA3ACC-FollowerState: change to CANDIDATE, lastRpcTime:1333ms, electionTimeout:1060ms
2019-11-14 12:42:24,725 [Thread-4204] INFO  impl.RoleInfo (RoleInfo.java:shutdownFollowerState(121)) - c5630dbc-d159-4e74-a046-1b52429c3a82: shutdown FollowerState
2019-11-14 12:42:24,726 [Thread-4204] INFO  impl.RaftServerImpl (RaftServerImpl.java:setRole(173)) - c5630dbc-d159-4e74-a046-1b52429c3a82@group-76310EEA3ACC: changes role from  FOLLOWER to CANDIDATE at term 1 for changeToCandidate
2019-11-14 12:42:24,726 [Thread-4204] INFO  impl.RoleInfo (RoleInfo.java:updateAndGet(143)) - c5630dbc-d159-4e74-a046-1b52429c3a82: start LeaderElection
2019-11-14 12:42:24,726 [c5630dbc-d159-4e74-a046-1b52429c3a82@group-76310EEA3ACC-LeaderElection226] INFO  impl.RaftServerImpl (ServerState.java:setLeader(255)) - c5630dbc-d159-4e74-a046-1b52429c3a82@group-76310EEA3ACC: change Leader from 0ff44171-e26a-4ef7-8f26-7a0f9c51011c to null at term 1 for initElection
2019-11-14 12:42:24,740 [c5630dbc-d159-4e74-a046-1b52429c3a82@group-76310EEA3ACC-LeaderElection226] INFO  impl.LeaderElection (LeaderElection.java:askForVotes(178)) - c5630dbc-d159-4e74-a046-1b52429c3a82@group-76310EEA3ACC-LeaderElection226: begin an election at term 2 for 0: [0ff44171-e26a-4ef7-8f26-7a0f9c51011c:192.168.34.21:43866, 014ed27e-4853-41cc-a50c-9de7527fd6a0:192.168.34.21:41029, c5630dbc-d159-4e74-a046-1b52429c3a82:192.168.34.21:34180], old=null
2019-11-14 12:42:24,742 [c5630dbc-d159-4e74-a046-1b52429c3a82@group-76310EEA3ACC-LeaderElection226] INFO  impl.LeaderElection (LogUtils.java:infoOrTrace(149)) - c5630dbc-d159-4e74-a046-1b52429c3a82@group-76310EEA3ACC-LeaderElection226 got exception when requesting votes: {}
java.util.concurrent.ExecutionException: org.apache.ratis.thirdparty.io.grpc.StatusRuntimeException: UNAVAILABLE: io exception
	at java.util.concurrent.FutureTask.report(FutureTask.java:122)
	at java.util.concurrent.FutureTask.get(FutureTask.java:192)
	at org.apache.ratis.server.impl.LeaderElection.waitForResults(LeaderElection.java:259)
	at org.apache.ratis.server.impl.LeaderElection.askForVotes(LeaderElection.java:197)
	at org.apache.ratis.server.impl.LeaderElection.run(LeaderElection.java:133)
	at java.lang.Thread.run(Thread.java:748)
Caused by: org.apache.ratis.thirdparty.io.grpc.StatusRuntimeException: UNAVAILABLE: io exception
	at org.apache.ratis.thirdparty.io.grpc.stub.ClientCalls.toStatusRuntimeException(ClientCalls.java:233)
	at org.apache.ratis.thirdparty.io.grpc.stub.ClientCalls.getUnchecked(ClientCalls.java:214)
	at org.apache.ratis.thirdparty.io.grpc.stub.ClientCalls.blockingUnaryCall(ClientCalls.java:139)
	at org.apache.ratis.proto.grpc.RaftServerProtocolServiceGrpc$RaftServerProtocolServiceBlockingStub.requestVote(RaftServerProtocolServiceGrpc.java:265)
	at org.apache.ratis.grpc.server.GrpcServerProtocolClient.requestVote(GrpcServerProtocolClient.java:99)
	at org.apache.ratis.grpc.server.GrpcService.requestVote(GrpcService.java:204)
	at org.apache.ratis.server.impl.LeaderElection.lambda$submitRequests$1(LeaderElection.java:234)
	at java.util.concurrent.FutureTask.run(FutureTask.java:266)
	at java.util.concurrent.Executors$RunnableAdapter.call(Executors.java:511)
	at java.util.concurrent.FutureTask.run(FutureTask.java:266)
	at java.util.concurrent.ThreadPoolExecutor.runWorker(ThreadPoolExecutor.java:1149)
	at java.util.concurrent.ThreadPoolExecutor$Worker.run(ThreadPoolExecutor.java:624)
	... 1 more
Caused by: org.apache.ratis.thirdparty.io.netty.channel.AbstractChannel$AnnotatedConnectException: Connection refused: /192.168.34.21:41029
	at sun.nio.ch.SocketChannelImpl.checkConnect(Native Method)
	at sun.nio.ch.SocketChannelImpl.finishConnect(SocketChannelImpl.java:717)
	at org.apache.ratis.thirdparty.io.netty.channel.socket.nio.NioSocketChannel.doFinishConnect(NioSocketChannel.java:327)
	at org.apache.ratis.thirdparty.io.netty.channel.nio.AbstractNioChannel$AbstractNioUnsafe.finishConnect(AbstractNioChannel.java:340)
	at org.apache.ratis.thirdparty.io.netty.channel.nio.NioEventLoop.processSelectedKey(NioEventLoop.java:632)
	at org.apache.ratis.thirdparty.io.netty.channel.nio.NioEventLoop.processSelectedKeysOptimized(NioEventLoop.java:579)
	at org.apache.ratis.thirdparty.io.netty.channel.nio.NioEventLoop.processSelectedKeys(NioEventLoop.java:496)
	at org.apache.ratis.thirdparty.io.netty.channel.nio.NioEventLoop.run(NioEventLoop.java:458)
	at org.apache.ratis.thirdparty.io.netty.util.concurrent.SingleThreadEventExecutor$5.run(SingleThreadEventExecutor.java:897)
	at org.apache.ratis.thirdparty.io.netty.util.concurrent.FastThreadLocalRunnable.run(FastThreadLocalRunnable.java:30)
	... 1 more
Caused by: java.net.ConnectException: Connection refused
	... 11 more
2019-11-14 12:42:24,744 [c5630dbc-d159-4e74-a046-1b52429c3a82@group-76310EEA3ACC-LeaderElection226] INFO  impl.LeaderElection (LogUtils.java:infoOrTrace(149)) - c5630dbc-d159-4e74-a046-1b52429c3a82@group-76310EEA3ACC-LeaderElection226 got exception when requesting votes: {}
java.util.concurrent.ExecutionException: org.apache.ratis.thirdparty.io.grpc.StatusRuntimeException: UNAVAILABLE: io exception
	at java.util.concurrent.FutureTask.report(FutureTask.java:122)
	at java.util.concurrent.FutureTask.get(FutureTask.java:192)
	at org.apache.ratis.server.impl.LeaderElection.waitForResults(LeaderElection.java:259)
	at org.apache.ratis.server.impl.LeaderElection.askForVotes(LeaderElection.java:197)
	at org.apache.ratis.server.impl.LeaderElection.run(LeaderElection.java:133)
	at java.lang.Thread.run(Thread.java:748)
Caused by: org.apache.ratis.thirdparty.io.grpc.StatusRuntimeException: UNAVAILABLE: io exception
	at org.apache.ratis.thirdparty.io.grpc.stub.ClientCalls.toStatusRuntimeException(ClientCalls.java:233)
	at org.apache.ratis.thirdparty.io.grpc.stub.ClientCalls.getUnchecked(ClientCalls.java:214)
	at org.apache.ratis.thirdparty.io.grpc.stub.ClientCalls.blockingUnaryCall(ClientCalls.java:139)
	at org.apache.ratis.proto.grpc.RaftServerProtocolServiceGrpc$RaftServerProtocolServiceBlockingStub.requestVote(RaftServerProtocolServiceGrpc.java:265)
	at org.apache.ratis.grpc.server.GrpcServerProtocolClient.requestVote(GrpcServerProtocolClient.java:99)
	at org.apache.ratis.grpc.server.GrpcService.requestVote(GrpcService.java:204)
	at org.apache.ratis.server.impl.LeaderElection.lambda$submitRequests$1(LeaderElection.java:234)
	at java.util.concurrent.FutureTask.run(FutureTask.java:266)
	at java.util.concurrent.Executors$RunnableAdapter.call(Executors.java:511)
	at java.util.concurrent.FutureTask.run(FutureTask.java:266)
	at java.util.concurrent.ThreadPoolExecutor.runWorker(ThreadPoolExecutor.java:1149)
	at java.util.concurrent.ThreadPoolExecutor$Worker.run(ThreadPoolExecutor.java:624)
	... 1 more
Caused by: org.apache.ratis.thirdparty.io.netty.channel.AbstractChannel$AnnotatedConnectException: Connection refused: /192.168.34.21:43866
	at sun.nio.ch.SocketChannelImpl.checkConnect(Native Method)
	at sun.nio.ch.SocketChannelImpl.finishConnect(SocketChannelImpl.java:717)
	at org.apache.ratis.thirdparty.io.netty.channel.socket.nio.NioSocketChannel.doFinishConnect(NioSocketChannel.java:327)
	at org.apache.ratis.thirdparty.io.netty.channel.nio.AbstractNioChannel$AbstractNioUnsafe.finishConnect(AbstractNioChannel.java:340)
	at org.apache.ratis.thirdparty.io.netty.channel.nio.NioEventLoop.processSelectedKey(NioEventLoop.java:632)
	at org.apache.ratis.thirdparty.io.netty.channel.nio.NioEventLoop.processSelectedKeysOptimized(NioEventLoop.java:579)
	at org.apache.ratis.thirdparty.io.netty.channel.nio.NioEventLoop.processSelectedKeys(NioEventLoop.java:496)
	at org.apache.ratis.thirdparty.io.netty.channel.nio.NioEventLoop.run(NioEventLoop.java:458)
	at org.apache.ratis.thirdparty.io.netty.util.concurrent.SingleThreadEventExecutor$5.run(SingleThreadEventExecutor.java:897)
	at org.apache.ratis.thirdparty.io.netty.util.concurrent.FastThreadLocalRunnable.run(FastThreadLocalRunnable.java:30)
	... 1 more
Caused by: java.net.ConnectException: Connection refused
	... 11 more
2019-11-14 12:42:24,745 [c5630dbc-d159-4e74-a046-1b52429c3a82@group-76310EEA3ACC-LeaderElection226] INFO  impl.LeaderElection (LeaderElection.java:logAndReturn(56)) - c5630dbc-d159-4e74-a046-1b52429c3a82@group-76310EEA3ACC-LeaderElection226: Election REJECTED; received 0 response(s) [] and 2 exception(s); c5630dbc-d159-4e74-a046-1b52429c3a82@group-76310EEA3ACC:t2, leader=null, voted=c5630dbc-d159-4e74-a046-1b52429c3a82, raftlog=c5630dbc-d159-4e74-a046-1b52429c3a82@group-76310EEA3ACC-SegmentedRaftLog:OPENED:c0,f0,i0, conf=0: [0ff44171-e26a-4ef7-8f26-7a0f9c51011c:192.168.34.21:43866, 014ed27e-4853-41cc-a50c-9de7527fd6a0:192.168.34.21:41029, c5630dbc-d159-4e74-a046-1b52429c3a82:192.168.34.21:34180], old=null
2019-11-14 12:42:24,745 [c5630dbc-d159-4e74-a046-1b52429c3a82@group-76310EEA3ACC-LeaderElection226] INFO  impl.LeaderElection (LogUtils.java:infoOrTrace(149)) -   Exception 0: {}
java.util.concurrent.ExecutionException: org.apache.ratis.thirdparty.io.grpc.StatusRuntimeException: UNAVAILABLE: io exception
	at java.util.concurrent.FutureTask.report(FutureTask.java:122)
	at java.util.concurrent.FutureTask.get(FutureTask.java:192)
	at org.apache.ratis.server.impl.LeaderElection.waitForResults(LeaderElection.java:259)
	at org.apache.ratis.server.impl.LeaderElection.askForVotes(LeaderElection.java:197)
	at org.apache.ratis.server.impl.LeaderElection.run(LeaderElection.java:133)
	at java.lang.Thread.run(Thread.java:748)
Caused by: org.apache.ratis.thirdparty.io.grpc.StatusRuntimeException: UNAVAILABLE: io exception
	at org.apache.ratis.thirdparty.io.grpc.stub.ClientCalls.toStatusRuntimeException(ClientCalls.java:233)
	at org.apache.ratis.thirdparty.io.grpc.stub.ClientCalls.getUnchecked(ClientCalls.java:214)
	at org.apache.ratis.thirdparty.io.grpc.stub.ClientCalls.blockingUnaryCall(ClientCalls.java:139)
	at org.apache.ratis.proto.grpc.RaftServerProtocolServiceGrpc$RaftServerProtocolServiceBlockingStub.requestVote(RaftServerProtocolServiceGrpc.java:265)
	at org.apache.ratis.grpc.server.GrpcServerProtocolClient.requestVote(GrpcServerProtocolClient.java:99)
	at org.apache.ratis.grpc.server.GrpcService.requestVote(GrpcService.java:204)
	at org.apache.ratis.server.impl.LeaderElection.lambda$submitRequests$1(LeaderElection.java:234)
	at java.util.concurrent.FutureTask.run(FutureTask.java:266)
	at java.util.concurrent.Executors$RunnableAdapter.call(Executors.java:511)
	at java.util.concurrent.FutureTask.run(FutureTask.java:266)
	at java.util.concurrent.ThreadPoolExecutor.runWorker(ThreadPoolExecutor.java:1149)
	at java.util.concurrent.ThreadPoolExecutor$Worker.run(ThreadPoolExecutor.java:624)
	... 1 more
Caused by: org.apache.ratis.thirdparty.io.netty.channel.AbstractChannel$AnnotatedConnectException: Connection refused: /192.168.34.21:41029
	at sun.nio.ch.SocketChannelImpl.checkConnect(Native Method)
	at sun.nio.ch.SocketChannelImpl.finishConnect(SocketChannelImpl.java:717)
	at org.apache.ratis.thirdparty.io.netty.channel.socket.nio.NioSocketChannel.doFinishConnect(NioSocketChannel.java:327)
	at org.apache.ratis.thirdparty.io.netty.channel.nio.AbstractNioChannel$AbstractNioUnsafe.finishConnect(AbstractNioChannel.java:340)
	at org.apache.ratis.thirdparty.io.netty.channel.nio.NioEventLoop.processSelectedKey(NioEventLoop.java:632)
	at org.apache.ratis.thirdparty.io.netty.channel.nio.NioEventLoop.processSelectedKeysOptimized(NioEventLoop.java:579)
	at org.apache.ratis.thirdparty.io.netty.channel.nio.NioEventLoop.processSelectedKeys(NioEventLoop.java:496)
	at org.apache.ratis.thirdparty.io.netty.channel.nio.NioEventLoop.run(NioEventLoop.java:458)
	at org.apache.ratis.thirdparty.io.netty.util.concurrent.SingleThreadEventExecutor$5.run(SingleThreadEventExecutor.java:897)
	at org.apache.ratis.thirdparty.io.netty.util.concurrent.FastThreadLocalRunnable.run(FastThreadLocalRunnable.java:30)
	... 1 more
Caused by: java.net.ConnectException: Connection refused
	... 11 more
2019-11-14 12:42:24,745 [c5630dbc-d159-4e74-a046-1b52429c3a82@group-76310EEA3ACC-LeaderElection226] INFO  impl.LeaderElection (LogUtils.java:infoOrTrace(149)) -   Exception 1: {}
java.util.concurrent.ExecutionException: org.apache.ratis.thirdparty.io.grpc.StatusRuntimeException: UNAVAILABLE: io exception
	at java.util.concurrent.FutureTask.report(FutureTask.java:122)
	at java.util.concurrent.FutureTask.get(FutureTask.java:192)
	at org.apache.ratis.server.impl.LeaderElection.waitForResults(LeaderElection.java:259)
	at org.apache.ratis.server.impl.LeaderElection.askForVotes(LeaderElection.java:197)
	at org.apache.ratis.server.impl.LeaderElection.run(LeaderElection.java:133)
	at java.lang.Thread.run(Thread.java:748)
Caused by: org.apache.ratis.thirdparty.io.grpc.StatusRuntimeException: UNAVAILABLE: io exception
	at org.apache.ratis.thirdparty.io.grpc.stub.ClientCalls.toStatusRuntimeException(ClientCalls.java:233)
	at org.apache.ratis.thirdparty.io.grpc.stub.ClientCalls.getUnchecked(ClientCalls.java:214)
	at org.apache.ratis.thirdparty.io.grpc.stub.ClientCalls.blockingUnaryCall(ClientCalls.java:139)
	at org.apache.ratis.proto.grpc.RaftServerProtocolServiceGrpc$RaftServerProtocolServiceBlockingStub.requestVote(RaftServerProtocolServiceGrpc.java:265)
	at org.apache.ratis.grpc.server.GrpcServerProtocolClient.requestVote(GrpcServerProtocolClient.java:99)
	at org.apache.ratis.grpc.server.GrpcService.requestVote(GrpcService.java:204)
	at org.apache.ratis.server.impl.LeaderElection.lambda$submitRequests$1(LeaderElection.java:234)
	at java.util.concurrent.FutureTask.run(FutureTask.java:266)
	at java.util.concurrent.Executors$RunnableAdapter.call(Executors.java:511)
	at java.util.concurrent.FutureTask.run(FutureTask.java:266)
	at java.util.concurrent.ThreadPoolExecutor.runWorker(ThreadPoolExecutor.java:1149)
	at java.util.concurrent.ThreadPoolExecutor$Worker.run(ThreadPoolExecutor.java:624)
	... 1 more
Caused by: org.apache.ratis.thirdparty.io.netty.channel.AbstractChannel$AnnotatedConnectException: Connection refused: /192.168.34.21:43866
	at sun.nio.ch.SocketChannelImpl.checkConnect(Native Method)
	at sun.nio.ch.SocketChannelImpl.finishConnect(SocketChannelImpl.java:717)
	at org.apache.ratis.thirdparty.io.netty.channel.socket.nio.NioSocketChannel.doFinishConnect(NioSocketChannel.java:327)
	at org.apache.ratis.thirdparty.io.netty.channel.nio.AbstractNioChannel$AbstractNioUnsafe.finishConnect(AbstractNioChannel.java:340)
	at org.apache.ratis.thirdparty.io.netty.channel.nio.NioEventLoop.processSelectedKey(NioEventLoop.java:632)
	at org.apache.ratis.thirdparty.io.netty.channel.nio.NioEventLoop.processSelectedKeysOptimized(NioEventLoop.java:579)
	at org.apache.ratis.thirdparty.io.netty.channel.nio.NioEventLoop.processSelectedKeys(NioEventLoop.java:496)
	at org.apache.ratis.thirdparty.io.netty.channel.nio.NioEventLoop.run(NioEventLoop.java:458)
	at org.apache.ratis.thirdparty.io.netty.util.concurrent.SingleThreadEventExecutor$5.run(SingleThreadEventExecutor.java:897)
	at org.apache.ratis.thirdparty.io.netty.util.concurrent.FastThreadLocalRunnable.run(FastThreadLocalRunnable.java:30)
	... 1 more
Caused by: java.net.ConnectException: Connection refused
	... 11 more
2019-11-14 12:42:24,746 [c5630dbc-d159-4e74-a046-1b52429c3a82@group-76310EEA3ACC-LeaderElection226] INFO  impl.RaftServerImpl (RaftServerImpl.java:setRole(173)) - c5630dbc-d159-4e74-a046-1b52429c3a82@group-76310EEA3ACC: changes role from CANDIDATE to FOLLOWER at term 2 for DISCOVERED_A_NEW_TERM
2019-11-14 12:42:24,746 [c5630dbc-d159-4e74-a046-1b52429c3a82@group-76310EEA3ACC-LeaderElection226] INFO  impl.RoleInfo (RoleInfo.java:shutdownLeaderElection(134)) - c5630dbc-d159-4e74-a046-1b52429c3a82: shutdown LeaderElection
2019-11-14 12:42:24,746 [c5630dbc-d159-4e74-a046-1b52429c3a82@group-76310EEA3ACC-LeaderElection226] INFO  impl.RoleInfo (RoleInfo.java:updateAndGet(143)) - c5630dbc-d159-4e74-a046-1b52429c3a82: start FollowerState
2019-11-14 12:42:24,767 [grpc-default-executor-8] WARN  server.GrpcLogAppender (LogUtils.java:warn(134)) - a1f4ab9e-675c-48c0-bb27-a541bfd11ae2@group-E518947F9F97->246c57ec-d0aa-4f80-a8a4-72fa2ca2a50d-AppendLogResponseHandler: Failed appendEntries: org.apache.ratis.thirdparty.io.grpc.StatusRuntimeException: UNAVAILABLE: io exception
2019-11-14 12:42:24,767 [grpc-default-executor-8] INFO  impl.FollowerInfo (FollowerInfo.java:lambda$new$0(51)) - a1f4ab9e-675c-48c0-bb27-a541bfd11ae2@group-E518947F9F97->246c57ec-d0aa-4f80-a8a4-72fa2ca2a50d: nextIndex: updateUnconditionally 0 -> 0
2019-11-14 12:42:25,225 [grpc-default-executor-9] WARN  server.GrpcLogAppender (LogUtils.java:warn(134)) - a1f4ab9e-675c-48c0-bb27-a541bfd11ae2@group-E518947F9F97->7f15e76e-ccdf-421e-a2ec-7ae8a15127a1-AppendLogResponseHandler: Failed appendEntries: org.apache.ratis.thirdparty.io.grpc.StatusRuntimeException: UNAVAILABLE: io exception
2019-11-14 12:42:25,225 [grpc-default-executor-9] INFO  impl.FollowerInfo (FollowerInfo.java:lambda$new$0(51)) - a1f4ab9e-675c-48c0-bb27-a541bfd11ae2@group-E518947F9F97->7f15e76e-ccdf-421e-a2ec-7ae8a15127a1: nextIndex: updateUnconditionally 0 -> 0
2019-11-14 12:42:25,267 [grpc-default-executor-1] WARN  server.GrpcLogAppender (LogUtils.java:warn(134)) - a1f4ab9e-675c-48c0-bb27-a541bfd11ae2@group-E518947F9F97->246c57ec-d0aa-4f80-a8a4-72fa2ca2a50d-AppendLogResponseHandler: Failed appendEntries: org.apache.ratis.thirdparty.io.grpc.StatusRuntimeException: UNAVAILABLE: io exception
2019-11-14 12:42:25,268 [grpc-default-executor-1] INFO  impl.FollowerInfo (FollowerInfo.java:lambda$new$0(51)) - a1f4ab9e-675c-48c0-bb27-a541bfd11ae2@group-E518947F9F97->246c57ec-d0aa-4f80-a8a4-72fa2ca2a50d: nextIndex: updateUnconditionally 0 -> 0
2019-11-14 12:42:25,725 [grpc-default-executor-8] WARN  server.GrpcLogAppender (LogUtils.java:warn(134)) - a1f4ab9e-675c-48c0-bb27-a541bfd11ae2@group-E518947F9F97->7f15e76e-ccdf-421e-a2ec-7ae8a15127a1-AppendLogResponseHandler: Failed appendEntries: org.apache.ratis.thirdparty.io.grpc.StatusRuntimeException: UNAVAILABLE: io exception
2019-11-14 12:42:25,726 [grpc-default-executor-8] INFO  impl.FollowerInfo (FollowerInfo.java:lambda$new$0(51)) - a1f4ab9e-675c-48c0-bb27-a541bfd11ae2@group-E518947F9F97->7f15e76e-ccdf-421e-a2ec-7ae8a15127a1: nextIndex: updateUnconditionally 0 -> 0
2019-11-14 12:42:25,768 [grpc-default-executor-9] WARN  server.GrpcLogAppender (LogUtils.java:warn(134)) - a1f4ab9e-675c-48c0-bb27-a541bfd11ae2@group-E518947F9F97->246c57ec-d0aa-4f80-a8a4-72fa2ca2a50d-AppendLogResponseHandler: Failed appendEntries: org.apache.ratis.thirdparty.io.grpc.StatusRuntimeException: UNAVAILABLE: io exception
2019-11-14 12:42:25,768 [grpc-default-executor-9] INFO  impl.FollowerInfo (FollowerInfo.java:lambda$new$0(51)) - a1f4ab9e-675c-48c0-bb27-a541bfd11ae2@group-E518947F9F97->246c57ec-d0aa-4f80-a8a4-72fa2ca2a50d: nextIndex: updateUnconditionally 0 -> 0
2019-11-14 12:42:25,787 [Thread-4371] INFO  impl.FollowerState (FollowerState.java:run(111)) - c5630dbc-d159-4e74-a046-1b52429c3a82@group-76310EEA3ACC-FollowerState: change to CANDIDATE, lastRpcTime:1041ms, electionTimeout:1041ms
2019-11-14 12:42:25,788 [Thread-4371] INFO  impl.RoleInfo (RoleInfo.java:shutdownFollowerState(121)) - c5630dbc-d159-4e74-a046-1b52429c3a82: shutdown FollowerState
2019-11-14 12:42:25,788 [Thread-4371] INFO  impl.RaftServerImpl (RaftServerImpl.java:setRole(173)) - c5630dbc-d159-4e74-a046-1b52429c3a82@group-76310EEA3ACC: changes role from  FOLLOWER to CANDIDATE at term 2 for changeToCandidate
2019-11-14 12:42:25,788 [Thread-4371] INFO  impl.RoleInfo (RoleInfo.java:updateAndGet(143)) - c5630dbc-d159-4e74-a046-1b52429c3a82: start LeaderElection
2019-11-14 12:42:25,801 [c5630dbc-d159-4e74-a046-1b52429c3a82@group-76310EEA3ACC-LeaderElection227] INFO  impl.LeaderElection (LeaderElection.java:askForVotes(178)) - c5630dbc-d159-4e74-a046-1b52429c3a82@group-76310EEA3ACC-LeaderElection227: begin an election at term 3 for 0: [0ff44171-e26a-4ef7-8f26-7a0f9c51011c:192.168.34.21:43866, 014ed27e-4853-41cc-a50c-9de7527fd6a0:192.168.34.21:41029, c5630dbc-d159-4e74-a046-1b52429c3a82:192.168.34.21:34180], old=null
2019-11-14 12:42:25,802 [c5630dbc-d159-4e74-a046-1b52429c3a82@group-76310EEA3ACC-LeaderElection227] INFO  impl.LeaderElection (LogUtils.java:infoOrTrace(149)) - c5630dbc-d159-4e74-a046-1b52429c3a82@group-76310EEA3ACC-LeaderElection227 got exception when requesting votes: {}
java.util.concurrent.ExecutionException: org.apache.ratis.thirdparty.io.grpc.StatusRuntimeException: UNAVAILABLE: io exception
	at java.util.concurrent.FutureTask.report(FutureTask.java:122)
	at java.util.concurrent.FutureTask.get(FutureTask.java:192)
	at org.apache.ratis.server.impl.LeaderElection.waitForResults(LeaderElection.java:259)
	at org.apache.ratis.server.impl.LeaderElection.askForVotes(LeaderElection.java:197)
	at org.apache.ratis.server.impl.LeaderElection.run(LeaderElection.java:133)
	at java.lang.Thread.run(Thread.java:748)
Caused by: org.apache.ratis.thirdparty.io.grpc.StatusRuntimeException: UNAVAILABLE: io exception
	at org.apache.ratis.thirdparty.io.grpc.stub.ClientCalls.toStatusRuntimeException(ClientCalls.java:233)
	at org.apache.ratis.thirdparty.io.grpc.stub.ClientCalls.getUnchecked(ClientCalls.java:214)
	at org.apache.ratis.thirdparty.io.grpc.stub.ClientCalls.blockingUnaryCall(ClientCalls.java:139)
	at org.apache.ratis.proto.grpc.RaftServerProtocolServiceGrpc$RaftServerProtocolServiceBlockingStub.requestVote(RaftServerProtocolServiceGrpc.java:265)
	at org.apache.ratis.grpc.server.GrpcServerProtocolClient.requestVote(GrpcServerProtocolClient.java:99)
	at org.apache.ratis.grpc.server.GrpcService.requestVote(GrpcService.java:204)
	at org.apache.ratis.server.impl.LeaderElection.lambda$submitRequests$1(LeaderElection.java:234)
	at java.util.concurrent.FutureTask.run(FutureTask.java:266)
	at java.util.concurrent.Executors$RunnableAdapter.call(Executors.java:511)
	at java.util.concurrent.FutureTask.run(FutureTask.java:266)
	at java.util.concurrent.ThreadPoolExecutor.runWorker(ThreadPoolExecutor.java:1149)
	at java.util.concurrent.ThreadPoolExecutor$Worker.run(ThreadPoolExecutor.java:624)
	... 1 more
Caused by: org.apache.ratis.thirdparty.io.netty.channel.AbstractChannel$AnnotatedConnectException: Connection refused: /192.168.34.21:43866
	at sun.nio.ch.SocketChannelImpl.checkConnect(Native Method)
	at sun.nio.ch.SocketChannelImpl.finishConnect(SocketChannelImpl.java:717)
	at org.apache.ratis.thirdparty.io.netty.channel.socket.nio.NioSocketChannel.doFinishConnect(NioSocketChannel.java:327)
	at org.apache.ratis.thirdparty.io.netty.channel.nio.AbstractNioChannel$AbstractNioUnsafe.finishConnect(AbstractNioChannel.java:340)
	at org.apache.ratis.thirdparty.io.netty.channel.nio.NioEventLoop.processSelectedKey(NioEventLoop.java:632)
	at org.apache.ratis.thirdparty.io.netty.channel.nio.NioEventLoop.processSelectedKeysOptimized(NioEventLoop.java:579)
	at org.apache.ratis.thirdparty.io.netty.channel.nio.NioEventLoop.processSelectedKeys(NioEventLoop.java:496)
	at org.apache.ratis.thirdparty.io.netty.channel.nio.NioEventLoop.run(NioEventLoop.java:458)
	at org.apache.ratis.thirdparty.io.netty.util.concurrent.SingleThreadEventExecutor$5.run(SingleThreadEventExecutor.java:897)
	at org.apache.ratis.thirdparty.io.netty.util.concurrent.FastThreadLocalRunnable.run(FastThreadLocalRunnable.java:30)
	... 1 more
Caused by: java.net.ConnectException: Connection refused
	... 11 more
2019-11-14 12:42:25,802 [c5630dbc-d159-4e74-a046-1b52429c3a82@group-76310EEA3ACC-LeaderElection227] INFO  impl.LeaderElection (LogUtils.java:infoOrTrace(149)) - c5630dbc-d159-4e74-a046-1b52429c3a82@group-76310EEA3ACC-LeaderElection227 got exception when requesting votes: {}
java.util.concurrent.ExecutionException: org.apache.ratis.thirdparty.io.grpc.StatusRuntimeException: UNAVAILABLE: io exception
	at java.util.concurrent.FutureTask.report(FutureTask.java:122)
	at java.util.concurrent.FutureTask.get(FutureTask.java:192)
	at org.apache.ratis.server.impl.LeaderElection.waitForResults(LeaderElection.java:259)
	at org.apache.ratis.server.impl.LeaderElection.askForVotes(LeaderElection.java:197)
	at org.apache.ratis.server.impl.LeaderElection.run(LeaderElection.java:133)
	at java.lang.Thread.run(Thread.java:748)
Caused by: org.apache.ratis.thirdparty.io.grpc.StatusRuntimeException: UNAVAILABLE: io exception
	at org.apache.ratis.thirdparty.io.grpc.stub.ClientCalls.toStatusRuntimeException(ClientCalls.java:233)
	at org.apache.ratis.thirdparty.io.grpc.stub.ClientCalls.getUnchecked(ClientCalls.java:214)
	at org.apache.ratis.thirdparty.io.grpc.stub.ClientCalls.blockingUnaryCall(ClientCalls.java:139)
	at org.apache.ratis.proto.grpc.RaftServerProtocolServiceGrpc$RaftServerProtocolServiceBlockingStub.requestVote(RaftServerProtocolServiceGrpc.java:265)
	at org.apache.ratis.grpc.server.GrpcServerProtocolClient.requestVote(GrpcServerProtocolClient.java:99)
	at org.apache.ratis.grpc.server.GrpcService.requestVote(GrpcService.java:204)
	at org.apache.ratis.server.impl.LeaderElection.lambda$submitRequests$1(LeaderElection.java:234)
	at java.util.concurrent.FutureTask.run(FutureTask.java:266)
	at java.util.concurrent.Executors$RunnableAdapter.call(Executors.java:511)
	at java.util.concurrent.FutureTask.run(FutureTask.java:266)
	at java.util.concurrent.ThreadPoolExecutor.runWorker(ThreadPoolExecutor.java:1149)
	at java.util.concurrent.ThreadPoolExecutor$Worker.run(ThreadPoolExecutor.java:624)
	... 1 more
Caused by: org.apache.ratis.thirdparty.io.netty.channel.AbstractChannel$AnnotatedConnectException: Connection refused: /192.168.34.21:41029
	at sun.nio.ch.SocketChannelImpl.checkConnect(Native Method)
	at sun.nio.ch.SocketChannelImpl.finishConnect(SocketChannelImpl.java:717)
	at org.apache.ratis.thirdparty.io.netty.channel.socket.nio.NioSocketChannel.doFinishConnect(NioSocketChannel.java:327)
	at org.apache.ratis.thirdparty.io.netty.channel.nio.AbstractNioChannel$AbstractNioUnsafe.finishConnect(AbstractNioChannel.java:340)
	at org.apache.ratis.thirdparty.io.netty.channel.nio.NioEventLoop.processSelectedKey(NioEventLoop.java:632)
	at org.apache.ratis.thirdparty.io.netty.channel.nio.NioEventLoop.processSelectedKeysOptimized(NioEventLoop.java:579)
	at org.apache.ratis.thirdparty.io.netty.channel.nio.NioEventLoop.processSelectedKeys(NioEventLoop.java:496)
	at org.apache.ratis.thirdparty.io.netty.channel.nio.NioEventLoop.run(NioEventLoop.java:458)
	at org.apache.ratis.thirdparty.io.netty.util.concurrent.SingleThreadEventExecutor$5.run(SingleThreadEventExecutor.java:897)
	at org.apache.ratis.thirdparty.io.netty.util.concurrent.FastThreadLocalRunnable.run(FastThreadLocalRunnable.java:30)
	... 1 more
Caused by: java.net.ConnectException: Connection refused
	... 11 more
2019-11-14 12:42:25,802 [c5630dbc-d159-4e74-a046-1b52429c3a82@group-76310EEA3ACC-LeaderElection227] INFO  impl.LeaderElection (LeaderElection.java:logAndReturn(56)) - c5630dbc-d159-4e74-a046-1b52429c3a82@group-76310EEA3ACC-LeaderElection227: Election REJECTED; received 0 response(s) [] and 2 exception(s); c5630dbc-d159-4e74-a046-1b52429c3a82@group-76310EEA3ACC:t3, leader=null, voted=c5630dbc-d159-4e74-a046-1b52429c3a82, raftlog=c5630dbc-d159-4e74-a046-1b52429c3a82@group-76310EEA3ACC-SegmentedRaftLog:OPENED:c0,f0,i0, conf=0: [0ff44171-e26a-4ef7-8f26-7a0f9c51011c:192.168.34.21:43866, 014ed27e-4853-41cc-a50c-9de7527fd6a0:192.168.34.21:41029, c5630dbc-d159-4e74-a046-1b52429c3a82:192.168.34.21:34180], old=null
2019-11-14 12:42:25,802 [c5630dbc-d159-4e74-a046-1b52429c3a82@group-76310EEA3ACC-LeaderElection227] INFO  impl.LeaderElection (LogUtils.java:infoOrTrace(149)) -   Exception 0: {}
java.util.concurrent.ExecutionException: org.apache.ratis.thirdparty.io.grpc.StatusRuntimeException: UNAVAILABLE: io exception
	at java.util.concurrent.FutureTask.report(FutureTask.java:122)
	at java.util.concurrent.FutureTask.get(FutureTask.java:192)
	at org.apache.ratis.server.impl.LeaderElection.waitForResults(LeaderElection.java:259)
	at org.apache.ratis.server.impl.LeaderElection.askForVotes(LeaderElection.java:197)
	at org.apache.ratis.server.impl.LeaderElection.run(LeaderElection.java:133)
	at java.lang.Thread.run(Thread.java:748)
Caused by: org.apache.ratis.thirdparty.io.grpc.StatusRuntimeException: UNAVAILABLE: io exception
	at org.apache.ratis.thirdparty.io.grpc.stub.ClientCalls.toStatusRuntimeException(ClientCalls.java:233)
	at org.apache.ratis.thirdparty.io.grpc.stub.ClientCalls.getUnchecked(ClientCalls.java:214)
	at org.apache.ratis.thirdparty.io.grpc.stub.ClientCalls.blockingUnaryCall(ClientCalls.java:139)
	at org.apache.ratis.proto.grpc.RaftServerProtocolServiceGrpc$RaftServerProtocolServiceBlockingStub.requestVote(RaftServerProtocolServiceGrpc.java:265)
	at org.apache.ratis.grpc.server.GrpcServerProtocolClient.requestVote(GrpcServerProtocolClient.java:99)
	at org.apache.ratis.grpc.server.GrpcService.requestVote(GrpcService.java:204)
	at org.apache.ratis.server.impl.LeaderElection.lambda$submitRequests$1(LeaderElection.java:234)
	at java.util.concurrent.FutureTask.run(FutureTask.java:266)
	at java.util.concurrent.Executors$RunnableAdapter.call(Executors.java:511)
	at java.util.concurrent.FutureTask.run(FutureTask.java:266)
	at java.util.concurrent.ThreadPoolExecutor.runWorker(ThreadPoolExecutor.java:1149)
	at java.util.concurrent.ThreadPoolExecutor$Worker.run(ThreadPoolExecutor.java:624)
	... 1 more
Caused by: org.apache.ratis.thirdparty.io.netty.channel.AbstractChannel$AnnotatedConnectException: Connection refused: /192.168.34.21:43866
	at sun.nio.ch.SocketChannelImpl.checkConnect(Native Method)
	at sun.nio.ch.SocketChannelImpl.finishConnect(SocketChannelImpl.java:717)
	at org.apache.ratis.thirdparty.io.netty.channel.socket.nio.NioSocketChannel.doFinishConnect(NioSocketChannel.java:327)
	at org.apache.ratis.thirdparty.io.netty.channel.nio.AbstractNioChannel$AbstractNioUnsafe.finishConnect(AbstractNioChannel.java:340)
	at org.apache.ratis.thirdparty.io.netty.channel.nio.NioEventLoop.processSelectedKey(NioEventLoop.java:632)
	at org.apache.ratis.thirdparty.io.netty.channel.nio.NioEventLoop.processSelectedKeysOptimized(NioEventLoop.java:579)
	at org.apache.ratis.thirdparty.io.netty.channel.nio.NioEventLoop.processSelectedKeys(NioEventLoop.java:496)
	at org.apache.ratis.thirdparty.io.netty.channel.nio.NioEventLoop.run(NioEventLoop.java:458)
	at org.apache.ratis.thirdparty.io.netty.util.concurrent.SingleThreadEventExecutor$5.run(SingleThreadEventExecutor.java:897)
	at org.apache.ratis.thirdparty.io.netty.util.concurrent.FastThreadLocalRunnable.run(FastThreadLocalRunnable.java:30)
	... 1 more
Caused by: java.net.ConnectException: Connection refused
	... 11 more
2019-11-14 12:42:25,802 [c5630dbc-d159-4e74-a046-1b52429c3a82@group-76310EEA3ACC-LeaderElection227] INFO  impl.LeaderElection (LogUtils.java:infoOrTrace(149)) -   Exception 1: {}
java.util.concurrent.ExecutionException: org.apache.ratis.thirdparty.io.grpc.StatusRuntimeException: UNAVAILABLE: io exception
	at java.util.concurrent.FutureTask.report(FutureTask.java:122)
	at java.util.concurrent.FutureTask.get(FutureTask.java:192)
	at org.apache.ratis.server.impl.LeaderElection.waitForResults(LeaderElection.java:259)
	at org.apache.ratis.server.impl.LeaderElection.askForVotes(LeaderElection.java:197)
	at org.apache.ratis.server.impl.LeaderElection.run(LeaderElection.java:133)
	at java.lang.Thread.run(Thread.java:748)
Caused by: org.apache.ratis.thirdparty.io.grpc.StatusRuntimeException: UNAVAILABLE: io exception
	at org.apache.ratis.thirdparty.io.grpc.stub.ClientCalls.toStatusRuntimeException(ClientCalls.java:233)
	at org.apache.ratis.thirdparty.io.grpc.stub.ClientCalls.getUnchecked(ClientCalls.java:214)
	at org.apache.ratis.thirdparty.io.grpc.stub.ClientCalls.blockingUnaryCall(ClientCalls.java:139)
	at org.apache.ratis.proto.grpc.RaftServerProtocolServiceGrpc$RaftServerProtocolServiceBlockingStub.requestVote(RaftServerProtocolServiceGrpc.java:265)
	at org.apache.ratis.grpc.server.GrpcServerProtocolClient.requestVote(GrpcServerProtocolClient.java:99)
	at org.apache.ratis.grpc.server.GrpcService.requestVote(GrpcService.java:204)
	at org.apache.ratis.server.impl.LeaderElection.lambda$submitRequests$1(LeaderElection.java:234)
	at java.util.concurrent.FutureTask.run(FutureTask.java:266)
	at java.util.concurrent.Executors$RunnableAdapter.call(Executors.java:511)
	at java.util.concurrent.FutureTask.run(FutureTask.java:266)
	at java.util.concurrent.ThreadPoolExecutor.runWorker(ThreadPoolExecutor.java:1149)
	at java.util.concurrent.ThreadPoolExecutor$Worker.run(ThreadPoolExecutor.java:624)
	... 1 more
Caused by: org.apache.ratis.thirdparty.io.netty.channel.AbstractChannel$AnnotatedConnectException: Connection refused: /192.168.34.21:41029
	at sun.nio.ch.SocketChannelImpl.checkConnect(Native Method)
	at sun.nio.ch.SocketChannelImpl.finishConnect(SocketChannelImpl.java:717)
	at org.apache.ratis.thirdparty.io.netty.channel.socket.nio.NioSocketChannel.doFinishConnect(NioSocketChannel.java:327)
	at org.apache.ratis.thirdparty.io.netty.channel.nio.AbstractNioChannel$AbstractNioUnsafe.finishConnect(AbstractNioChannel.java:340)
	at org.apache.ratis.thirdparty.io.netty.channel.nio.NioEventLoop.processSelectedKey(NioEventLoop.java:632)
	at org.apache.ratis.thirdparty.io.netty.channel.nio.NioEventLoop.processSelectedKeysOptimized(NioEventLoop.java:579)
	at org.apache.ratis.thirdparty.io.netty.channel.nio.NioEventLoop.processSelectedKeys(NioEventLoop.java:496)
	at org.apache.ratis.thirdparty.io.netty.channel.nio.NioEventLoop.run(NioEventLoop.java:458)
	at org.apache.ratis.thirdparty.io.netty.util.concurrent.SingleThreadEventExecutor$5.run(SingleThreadEventExecutor.java:897)
	at org.apache.ratis.thirdparty.io.netty.util.concurrent.FastThreadLocalRunnable.run(FastThreadLocalRunnable.java:30)
	... 1 more
Caused by: java.net.ConnectException: Connection refused
	... 11 more
2019-11-14 12:42:25,803 [c5630dbc-d159-4e74-a046-1b52429c3a82@group-76310EEA3ACC-LeaderElection227] INFO  impl.RaftServerImpl (RaftServerImpl.java:setRole(173)) - c5630dbc-d159-4e74-a046-1b52429c3a82@group-76310EEA3ACC: changes role from CANDIDATE to FOLLOWER at term 3 for DISCOVERED_A_NEW_TERM
2019-11-14 12:42:25,803 [c5630dbc-d159-4e74-a046-1b52429c3a82@group-76310EEA3ACC-LeaderElection227] INFO  impl.RoleInfo (RoleInfo.java:shutdownLeaderElection(134)) - c5630dbc-d159-4e74-a046-1b52429c3a82: shutdown LeaderElection
2019-11-14 12:42:25,803 [c5630dbc-d159-4e74-a046-1b52429c3a82@group-76310EEA3ACC-LeaderElection227] INFO  impl.RoleInfo (RoleInfo.java:updateAndGet(143)) - c5630dbc-d159-4e74-a046-1b52429c3a82: start FollowerState
2019-11-14 12:42:26,227 [grpc-default-executor-1] WARN  server.GrpcLogAppender (LogUtils.java:warn(134)) - a1f4ab9e-675c-48c0-bb27-a541bfd11ae2@group-E518947F9F97->7f15e76e-ccdf-421e-a2ec-7ae8a15127a1-AppendLogResponseHandler: Failed appendEntries: org.apache.ratis.thirdparty.io.grpc.StatusRuntimeException: UNAVAILABLE: io exception
2019-11-14 12:42:26,227 [grpc-default-executor-1] INFO  impl.FollowerInfo (FollowerInfo.java:lambda$new$0(51)) - a1f4ab9e-675c-48c0-bb27-a541bfd11ae2@group-E518947F9F97->7f15e76e-ccdf-421e-a2ec-7ae8a15127a1: nextIndex: updateUnconditionally 0 -> 0
2019-11-14 12:42:26,268 [grpc-default-executor-9] WARN  server.GrpcLogAppender (LogUtils.java:warn(134)) - a1f4ab9e-675c-48c0-bb27-a541bfd11ae2@group-E518947F9F97->246c57ec-d0aa-4f80-a8a4-72fa2ca2a50d-AppendLogResponseHandler: Failed appendEntries: org.apache.ratis.thirdparty.io.grpc.StatusRuntimeException: UNAVAILABLE: io exception
2019-11-14 12:42:26,269 [grpc-default-executor-9] INFO  impl.FollowerInfo (FollowerInfo.java:lambda$new$0(51)) - a1f4ab9e-675c-48c0-bb27-a541bfd11ae2@group-E518947F9F97->246c57ec-d0aa-4f80-a8a4-72fa2ca2a50d: nextIndex: updateUnconditionally 0 -> 0
2019-11-14 12:42:26,729 [grpc-default-executor-8] WARN  server.GrpcLogAppender (LogUtils.java:warn(134)) - a1f4ab9e-675c-48c0-bb27-a541bfd11ae2@group-E518947F9F97->7f15e76e-ccdf-421e-a2ec-7ae8a15127a1-AppendLogResponseHandler: Failed appendEntries: org.apache.ratis.thirdparty.io.grpc.StatusRuntimeException: UNAVAILABLE: io exception
2019-11-14 12:42:26,729 [grpc-default-executor-8] INFO  impl.FollowerInfo (FollowerInfo.java:lambda$new$0(51)) - a1f4ab9e-675c-48c0-bb27-a541bfd11ae2@group-E518947F9F97->7f15e76e-ccdf-421e-a2ec-7ae8a15127a1: nextIndex: updateUnconditionally 0 -> 0
2019-11-14 12:42:26,769 [grpc-default-executor-9] WARN  server.GrpcLogAppender (LogUtils.java:warn(134)) - a1f4ab9e-675c-48c0-bb27-a541bfd11ae2@group-E518947F9F97->246c57ec-d0aa-4f80-a8a4-72fa2ca2a50d-AppendLogResponseHandler: Failed appendEntries: org.apache.ratis.thirdparty.io.grpc.StatusRuntimeException: UNAVAILABLE: io exception
2019-11-14 12:42:26,769 [grpc-default-executor-9] INFO  impl.FollowerInfo (FollowerInfo.java:lambda$new$0(51)) - a1f4ab9e-675c-48c0-bb27-a541bfd11ae2@group-E518947F9F97->246c57ec-d0aa-4f80-a8a4-72fa2ca2a50d: nextIndex: updateUnconditionally 0 -> 0
2019-11-14 12:42:26,849 [Thread-4375] INFO  impl.FollowerState (FollowerState.java:run(111)) - c5630dbc-d159-4e74-a046-1b52429c3a82@group-76310EEA3ACC-FollowerState: change to CANDIDATE, lastRpcTime:1046ms, electionTimeout:1046ms
2019-11-14 12:42:26,850 [Thread-4375] INFO  impl.RoleInfo (RoleInfo.java:shutdownFollowerState(121)) - c5630dbc-d159-4e74-a046-1b52429c3a82: shutdown FollowerState
2019-11-14 12:42:26,850 [Thread-4375] INFO  impl.RaftServerImpl (RaftServerImpl.java:setRole(173)) - c5630dbc-d159-4e74-a046-1b52429c3a82@group-76310EEA3ACC: changes role from  FOLLOWER to CANDIDATE at term 3 for changeToCandidate
2019-11-14 12:42:26,850 [Thread-4375] INFO  impl.RoleInfo (RoleInfo.java:updateAndGet(143)) - c5630dbc-d159-4e74-a046-1b52429c3a82: start LeaderElection
2019-11-14 12:42:26,864 [c5630dbc-d159-4e74-a046-1b52429c3a82@group-76310EEA3ACC-LeaderElection228] INFO  impl.LeaderElection (LeaderElection.java:askForVotes(178)) - c5630dbc-d159-4e74-a046-1b52429c3a82@group-76310EEA3ACC-LeaderElection228: begin an election at term 4 for 0: [0ff44171-e26a-4ef7-8f26-7a0f9c51011c:192.168.34.21:43866, 014ed27e-4853-41cc-a50c-9de7527fd6a0:192.168.34.21:41029, c5630dbc-d159-4e74-a046-1b52429c3a82:192.168.34.21:34180], old=null
2019-11-14 12:42:26,865 [c5630dbc-d159-4e74-a046-1b52429c3a82@group-76310EEA3ACC-LeaderElection228] INFO  impl.LeaderElection (LogUtils.java:infoOrTrace(149)) - c5630dbc-d159-4e74-a046-1b52429c3a82@group-76310EEA3ACC-LeaderElection228 got exception when requesting votes: {}
java.util.concurrent.ExecutionException: org.apache.ratis.thirdparty.io.grpc.StatusRuntimeException: UNAVAILABLE: io exception
	at java.util.concurrent.FutureTask.report(FutureTask.java:122)
	at java.util.concurrent.FutureTask.get(FutureTask.java:192)
	at org.apache.ratis.server.impl.LeaderElection.waitForResults(LeaderElection.java:259)
	at org.apache.ratis.server.impl.LeaderElection.askForVotes(LeaderElection.java:197)
	at org.apache.ratis.server.impl.LeaderElection.run(LeaderElection.java:133)
	at java.lang.Thread.run(Thread.java:748)
Caused by: org.apache.ratis.thirdparty.io.grpc.StatusRuntimeException: UNAVAILABLE: io exception
	at org.apache.ratis.thirdparty.io.grpc.stub.ClientCalls.toStatusRuntimeException(ClientCalls.java:233)
	at org.apache.ratis.thirdparty.io.grpc.stub.ClientCalls.getUnchecked(ClientCalls.java:214)
	at org.apache.ratis.thirdparty.io.grpc.stub.ClientCalls.blockingUnaryCall(ClientCalls.java:139)
	at org.apache.ratis.proto.grpc.RaftServerProtocolServiceGrpc$RaftServerProtocolServiceBlockingStub.requestVote(RaftServerProtocolServiceGrpc.java:265)
	at org.apache.ratis.grpc.server.GrpcServerProtocolClient.requestVote(GrpcServerProtocolClient.java:99)
	at org.apache.ratis.grpc.server.GrpcService.requestVote(GrpcService.java:204)
	at org.apache.ratis.server.impl.LeaderElection.lambda$submitRequests$1(LeaderElection.java:234)
	at java.util.concurrent.FutureTask.run(FutureTask.java:266)
	at java.util.concurrent.Executors$RunnableAdapter.call(Executors.java:511)
	at java.util.concurrent.FutureTask.run(FutureTask.java:266)
	at java.util.concurrent.ThreadPoolExecutor.runWorker(ThreadPoolExecutor.java:1149)
	at java.util.concurrent.ThreadPoolExecutor$Worker.run(ThreadPoolExecutor.java:624)
	... 1 more
Caused by: org.apache.ratis.thirdparty.io.netty.channel.AbstractChannel$AnnotatedConnectException: Connection refused: /192.168.34.21:43866
	at sun.nio.ch.SocketChannelImpl.checkConnect(Native Method)
	at sun.nio.ch.SocketChannelImpl.finishConnect(SocketChannelImpl.java:717)
	at org.apache.ratis.thirdparty.io.netty.channel.socket.nio.NioSocketChannel.doFinishConnect(NioSocketChannel.java:327)
	at org.apache.ratis.thirdparty.io.netty.channel.nio.AbstractNioChannel$AbstractNioUnsafe.finishConnect(AbstractNioChannel.java:340)
	at org.apache.ratis.thirdparty.io.netty.channel.nio.NioEventLoop.processSelectedKey(NioEventLoop.java:632)
	at org.apache.ratis.thirdparty.io.netty.channel.nio.NioEventLoop.processSelectedKeysOptimized(NioEventLoop.java:579)
	at org.apache.ratis.thirdparty.io.netty.channel.nio.NioEventLoop.processSelectedKeys(NioEventLoop.java:496)
	at org.apache.ratis.thirdparty.io.netty.channel.nio.NioEventLoop.run(NioEventLoop.java:458)
	at org.apache.ratis.thirdparty.io.netty.util.concurrent.SingleThreadEventExecutor$5.run(SingleThreadEventExecutor.java:897)
	at org.apache.ratis.thirdparty.io.netty.util.concurrent.FastThreadLocalRunnable.run(FastThreadLocalRunnable.java:30)
	... 1 more
Caused by: java.net.ConnectException: Connection refused
	... 11 more
2019-11-14 12:42:26,866 [c5630dbc-d159-4e74-a046-1b52429c3a82@group-76310EEA3ACC-LeaderElection228] INFO  impl.LeaderElection (LogUtils.java:infoOrTrace(149)) - c5630dbc-d159-4e74-a046-1b52429c3a82@group-76310EEA3ACC-LeaderElection228 got exception when requesting votes: {}
java.util.concurrent.ExecutionException: org.apache.ratis.thirdparty.io.grpc.StatusRuntimeException: UNAVAILABLE: io exception
	at java.util.concurrent.FutureTask.report(FutureTask.java:122)
	at java.util.concurrent.FutureTask.get(FutureTask.java:192)
	at org.apache.ratis.server.impl.LeaderElection.waitForResults(LeaderElection.java:259)
	at org.apache.ratis.server.impl.LeaderElection.askForVotes(LeaderElection.java:197)
	at org.apache.ratis.server.impl.LeaderElection.run(LeaderElection.java:133)
	at java.lang.Thread.run(Thread.java:748)
Caused by: org.apache.ratis.thirdparty.io.grpc.StatusRuntimeException: UNAVAILABLE: io exception
	at org.apache.ratis.thirdparty.io.grpc.stub.ClientCalls.toStatusRuntimeException(ClientCalls.java:233)
	at org.apache.ratis.thirdparty.io.grpc.stub.ClientCalls.getUnchecked(ClientCalls.java:214)
	at org.apache.ratis.thirdparty.io.grpc.stub.ClientCalls.blockingUnaryCall(ClientCalls.java:139)
	at org.apache.ratis.proto.grpc.RaftServerProtocolServiceGrpc$RaftServerProtocolServiceBlockingStub.requestVote(RaftServerProtocolServiceGrpc.java:265)
	at org.apache.ratis.grpc.server.GrpcServerProtocolClient.requestVote(GrpcServerProtocolClient.java:99)
	at org.apache.ratis.grpc.server.GrpcService.requestVote(GrpcService.java:204)
	at org.apache.ratis.server.impl.LeaderElection.lambda$submitRequests$1(LeaderElection.java:234)
	at java.util.concurrent.FutureTask.run(FutureTask.java:266)
	at java.util.concurrent.Executors$RunnableAdapter.call(Executors.java:511)
	at java.util.concurrent.FutureTask.run(FutureTask.java:266)
	at java.util.concurrent.ThreadPoolExecutor.runWorker(ThreadPoolExecutor.java:1149)
	at java.util.concurrent.ThreadPoolExecutor$Worker.run(ThreadPoolExecutor.java:624)
	... 1 more
Caused by: org.apache.ratis.thirdparty.io.netty.channel.AbstractChannel$AnnotatedConnectException: Connection refused: /192.168.34.21:41029
	at sun.nio.ch.SocketChannelImpl.checkConnect(Native Method)
	at sun.nio.ch.SocketChannelImpl.finishConnect(SocketChannelImpl.java:717)
	at org.apache.ratis.thirdparty.io.netty.channel.socket.nio.NioSocketChannel.doFinishConnect(NioSocketChannel.java:327)
	at org.apache.ratis.thirdparty.io.netty.channel.nio.AbstractNioChannel$AbstractNioUnsafe.finishConnect(AbstractNioChannel.java:340)
	at org.apache.ratis.thirdparty.io.netty.channel.nio.NioEventLoop.processSelectedKey(NioEventLoop.java:632)
	at org.apache.ratis.thirdparty.io.netty.channel.nio.NioEventLoop.processSelectedKeysOptimized(NioEventLoop.java:579)
	at org.apache.ratis.thirdparty.io.netty.channel.nio.NioEventLoop.processSelectedKeys(NioEventLoop.java:496)
	at org.apache.ratis.thirdparty.io.netty.channel.nio.NioEventLoop.run(NioEventLoop.java:458)
	at org.apache.ratis.thirdparty.io.netty.util.concurrent.SingleThreadEventExecutor$5.run(SingleThreadEventExecutor.java:897)
	at org.apache.ratis.thirdparty.io.netty.util.concurrent.FastThreadLocalRunnable.run(FastThreadLocalRunnable.java:30)
	... 1 more
Caused by: java.net.ConnectException: Connection refused
	... 11 more
2019-11-14 12:42:26,866 [c5630dbc-d159-4e74-a046-1b52429c3a82@group-76310EEA3ACC-LeaderElection228] INFO  impl.LeaderElection (LeaderElection.java:logAndReturn(56)) - c5630dbc-d159-4e74-a046-1b52429c3a82@group-76310EEA3ACC-LeaderElection228: Election REJECTED; received 0 response(s) [] and 2 exception(s); c5630dbc-d159-4e74-a046-1b52429c3a82@group-76310EEA3ACC:t4, leader=null, voted=c5630dbc-d159-4e74-a046-1b52429c3a82, raftlog=c5630dbc-d159-4e74-a046-1b52429c3a82@group-76310EEA3ACC-SegmentedRaftLog:OPENED:c0,f0,i0, conf=0: [0ff44171-e26a-4ef7-8f26-7a0f9c51011c:192.168.34.21:43866, 014ed27e-4853-41cc-a50c-9de7527fd6a0:192.168.34.21:41029, c5630dbc-d159-4e74-a046-1b52429c3a82:192.168.34.21:34180], old=null
2019-11-14 12:42:26,867 [c5630dbc-d159-4e74-a046-1b52429c3a82@group-76310EEA3ACC-LeaderElection228] INFO  impl.LeaderElection (LogUtils.java:infoOrTrace(149)) -   Exception 0: {}
java.util.concurrent.ExecutionException: org.apache.ratis.thirdparty.io.grpc.StatusRuntimeException: UNAVAILABLE: io exception
	at java.util.concurrent.FutureTask.report(FutureTask.java:122)
	at java.util.concurrent.FutureTask.get(FutureTask.java:192)
	at org.apache.ratis.server.impl.LeaderElection.waitForResults(LeaderElection.java:259)
	at org.apache.ratis.server.impl.LeaderElection.askForVotes(LeaderElection.java:197)
	at org.apache.ratis.server.impl.LeaderElection.run(LeaderElection.java:133)
	at java.lang.Thread.run(Thread.java:748)
Caused by: org.apache.ratis.thirdparty.io.grpc.StatusRuntimeException: UNAVAILABLE: io exception
	at org.apache.ratis.thirdparty.io.grpc.stub.ClientCalls.toStatusRuntimeException(ClientCalls.java:233)
	at org.apache.ratis.thirdparty.io.grpc.stub.ClientCalls.getUnchecked(ClientCalls.java:214)
	at org.apache.ratis.thirdparty.io.grpc.stub.ClientCalls.blockingUnaryCall(ClientCalls.java:139)
	at org.apache.ratis.proto.grpc.RaftServerProtocolServiceGrpc$RaftServerProtocolServiceBlockingStub.requestVote(RaftServerProtocolServiceGrpc.java:265)
	at org.apache.ratis.grpc.server.GrpcServerProtocolClient.requestVote(GrpcServerProtocolClient.java:99)
	at org.apache.ratis.grpc.server.GrpcService.requestVote(GrpcService.java:204)
	at org.apache.ratis.server.impl.LeaderElection.lambda$submitRequests$1(LeaderElection.java:234)
	at java.util.concurrent.FutureTask.run(FutureTask.java:266)
	at java.util.concurrent.Executors$RunnableAdapter.call(Executors.java:511)
	at java.util.concurrent.FutureTask.run(FutureTask.java:266)
	at java.util.concurrent.ThreadPoolExecutor.runWorker(ThreadPoolExecutor.java:1149)
	at java.util.concurrent.ThreadPoolExecutor$Worker.run(ThreadPoolExecutor.java:624)
	... 1 more
Caused by: org.apache.ratis.thirdparty.io.netty.channel.AbstractChannel$AnnotatedConnectException: Connection refused: /192.168.34.21:43866
	at sun.nio.ch.SocketChannelImpl.checkConnect(Native Method)
	at sun.nio.ch.SocketChannelImpl.finishConnect(SocketChannelImpl.java:717)
	at org.apache.ratis.thirdparty.io.netty.channel.socket.nio.NioSocketChannel.doFinishConnect(NioSocketChannel.java:327)
	at org.apache.ratis.thirdparty.io.netty.channel.nio.AbstractNioChannel$AbstractNioUnsafe.finishConnect(AbstractNioChannel.java:340)
	at org.apache.ratis.thirdparty.io.netty.channel.nio.NioEventLoop.processSelectedKey(NioEventLoop.java:632)
	at org.apache.ratis.thirdparty.io.netty.channel.nio.NioEventLoop.processSelectedKeysOptimized(NioEventLoop.java:579)
	at org.apache.ratis.thirdparty.io.netty.channel.nio.NioEventLoop.processSelectedKeys(NioEventLoop.java:496)
	at org.apache.ratis.thirdparty.io.netty.channel.nio.NioEventLoop.run(NioEventLoop.java:458)
	at org.apache.ratis.thirdparty.io.netty.util.concurrent.SingleThreadEventExecutor$5.run(SingleThreadEventExecutor.java:897)
	at org.apache.ratis.thirdparty.io.netty.util.concurrent.FastThreadLocalRunnable.run(FastThreadLocalRunnable.java:30)
	... 1 more
Caused by: java.net.ConnectException: Connection refused
	... 11 more
2019-11-14 12:42:26,867 [c5630dbc-d159-4e74-a046-1b52429c3a82@group-76310EEA3ACC-LeaderElection228] INFO  impl.LeaderElection (LogUtils.java:infoOrTrace(149)) -   Exception 1: {}
java.util.concurrent.ExecutionException: org.apache.ratis.thirdparty.io.grpc.StatusRuntimeException: UNAVAILABLE: io exception
	at java.util.concurrent.FutureTask.report(FutureTask.java:122)
	at java.util.concurrent.FutureTask.get(FutureTask.java:192)
	at org.apache.ratis.server.impl.LeaderElection.waitForResults(LeaderElection.java:259)
	at org.apache.ratis.server.impl.LeaderElection.askForVotes(LeaderElection.java:197)
	at org.apache.ratis.server.impl.LeaderElection.run(LeaderElection.java:133)
	at java.lang.Thread.run(Thread.java:748)
Caused by: org.apache.ratis.thirdparty.io.grpc.StatusRuntimeException: UNAVAILABLE: io exception
	at org.apache.ratis.thirdparty.io.grpc.stub.ClientCalls.toStatusRuntimeException(ClientCalls.java:233)
	at org.apache.ratis.thirdparty.io.grpc.stub.ClientCalls.getUnchecked(ClientCalls.java:214)
	at org.apache.ratis.thirdparty.io.grpc.stub.ClientCalls.blockingUnaryCall(ClientCalls.java:139)
	at org.apache.ratis.proto.grpc.RaftServerProtocolServiceGrpc$RaftServerProtocolServiceBlockingStub.requestVote(RaftServerProtocolServiceGrpc.java:265)
	at org.apache.ratis.grpc.server.GrpcServerProtocolClient.requestVote(GrpcServerProtocolClient.java:99)
	at org.apache.ratis.grpc.server.GrpcService.requestVote(GrpcService.java:204)
	at org.apache.ratis.server.impl.LeaderElection.lambda$submitRequests$1(LeaderElection.java:234)
	at java.util.concurrent.FutureTask.run(FutureTask.java:266)
	at java.util.concurrent.Executors$RunnableAdapter.call(Executors.java:511)
	at java.util.concurrent.FutureTask.run(FutureTask.java:266)
	at java.util.concurrent.ThreadPoolExecutor.runWorker(ThreadPoolExecutor.java:1149)
	at java.util.concurrent.ThreadPoolExecutor$Worker.run(ThreadPoolExecutor.java:624)
	... 1 more
Caused by: org.apache.ratis.thirdparty.io.netty.channel.AbstractChannel$AnnotatedConnectException: Connection refused: /192.168.34.21:41029
	at sun.nio.ch.SocketChannelImpl.checkConnect(Native Method)
	at sun.nio.ch.SocketChannelImpl.finishConnect(SocketChannelImpl.java:717)
	at org.apache.ratis.thirdparty.io.netty.channel.socket.nio.NioSocketChannel.doFinishConnect(NioSocketChannel.java:327)
	at org.apache.ratis.thirdparty.io.netty.channel.nio.AbstractNioChannel$AbstractNioUnsafe.finishConnect(AbstractNioChannel.java:340)
	at org.apache.ratis.thirdparty.io.netty.channel.nio.NioEventLoop.processSelectedKey(NioEventLoop.java:632)
	at org.apache.ratis.thirdparty.io.netty.channel.nio.NioEventLoop.processSelectedKeysOptimized(NioEventLoop.java:579)
	at org.apache.ratis.thirdparty.io.netty.channel.nio.NioEventLoop.processSelectedKeys(NioEventLoop.java:496)
	at org.apache.ratis.thirdparty.io.netty.channel.nio.NioEventLoop.run(NioEventLoop.java:458)
	at org.apache.ratis.thirdparty.io.netty.util.concurrent.SingleThreadEventExecutor$5.run(SingleThreadEventExecutor.java:897)
	at org.apache.ratis.thirdparty.io.netty.util.concurrent.FastThreadLocalRunnable.run(FastThreadLocalRunnable.java:30)
	... 1 more
Caused by: java.net.ConnectException: Connection refused
	... 11 more
2019-11-14 12:42:26,867 [c5630dbc-d159-4e74-a046-1b52429c3a82@group-76310EEA3ACC-LeaderElection228] INFO  impl.RaftServerImpl (RaftServerImpl.java:setRole(173)) - c5630dbc-d159-4e74-a046-1b52429c3a82@group-76310EEA3ACC: changes role from CANDIDATE to FOLLOWER at term 4 for DISCOVERED_A_NEW_TERM
2019-11-14 12:42:26,868 [c5630dbc-d159-4e74-a046-1b52429c3a82@group-76310EEA3ACC-LeaderElection228] INFO  impl.RoleInfo (RoleInfo.java:shutdownLeaderElection(134)) - c5630dbc-d159-4e74-a046-1b52429c3a82: shutdown LeaderElection
2019-11-14 12:42:26,868 [c5630dbc-d159-4e74-a046-1b52429c3a82@group-76310EEA3ACC-LeaderElection228] INFO  impl.RoleInfo (RoleInfo.java:updateAndGet(143)) - c5630dbc-d159-4e74-a046-1b52429c3a82: start FollowerState
2019-11-14 12:42:27,229 [grpc-default-executor-1] WARN  server.GrpcLogAppender (LogUtils.java:warn(134)) - a1f4ab9e-675c-48c0-bb27-a541bfd11ae2@group-E518947F9F97->7f15e76e-ccdf-421e-a2ec-7ae8a15127a1-AppendLogResponseHandler: Failed appendEntries: org.apache.ratis.thirdparty.io.grpc.StatusRuntimeException: UNAVAILABLE: io exception
2019-11-14 12:42:27,229 [grpc-default-executor-1] INFO  impl.FollowerInfo (FollowerInfo.java:lambda$new$0(51)) - a1f4ab9e-675c-48c0-bb27-a541bfd11ae2@group-E518947F9F97->7f15e76e-ccdf-421e-a2ec-7ae8a15127a1: nextIndex: updateUnconditionally 0 -> 0
2019-11-14 12:42:27,269 [grpc-default-executor-9] WARN  server.GrpcLogAppender (LogUtils.java:warn(134)) - a1f4ab9e-675c-48c0-bb27-a541bfd11ae2@group-E518947F9F97->246c57ec-d0aa-4f80-a8a4-72fa2ca2a50d-AppendLogResponseHandler: Failed appendEntries: org.apache.ratis.thirdparty.io.grpc.StatusRuntimeException: UNAVAILABLE: io exception
2019-11-14 12:42:27,270 [grpc-default-executor-9] INFO  impl.FollowerInfo (FollowerInfo.java:lambda$new$0(51)) - a1f4ab9e-675c-48c0-bb27-a541bfd11ae2@group-E518947F9F97->246c57ec-d0aa-4f80-a8a4-72fa2ca2a50d: nextIndex: updateUnconditionally 0 -> 0
2019-11-14 12:42:27,732 [grpc-default-executor-9] WARN  server.GrpcLogAppender (LogUtils.java:warn(134)) - a1f4ab9e-675c-48c0-bb27-a541bfd11ae2@group-E518947F9F97->7f15e76e-ccdf-421e-a2ec-7ae8a15127a1-AppendLogResponseHandler: Failed appendEntries: org.apache.ratis.thirdparty.io.grpc.StatusRuntimeException: UNAVAILABLE: io exception
2019-11-14 12:42:27,734 [grpc-default-executor-9] INFO  impl.FollowerInfo (FollowerInfo.java:lambda$new$0(51)) - a1f4ab9e-675c-48c0-bb27-a541bfd11ae2@group-E518947F9F97->7f15e76e-ccdf-421e-a2ec-7ae8a15127a1: nextIndex: updateUnconditionally 0 -> 0
2019-11-14 12:42:27,770 [grpc-default-executor-8] WARN  server.GrpcLogAppender (LogUtils.java:warn(134)) - a1f4ab9e-675c-48c0-bb27-a541bfd11ae2@group-E518947F9F97->246c57ec-d0aa-4f80-a8a4-72fa2ca2a50d-AppendLogResponseHandler: Failed appendEntries: org.apache.ratis.thirdparty.io.grpc.StatusRuntimeException: UNAVAILABLE: io exception
2019-11-14 12:42:27,770 [grpc-default-executor-8] INFO  impl.FollowerInfo (FollowerInfo.java:lambda$new$0(51)) - a1f4ab9e-675c-48c0-bb27-a541bfd11ae2@group-E518947F9F97->246c57ec-d0aa-4f80-a8a4-72fa2ca2a50d: nextIndex: updateUnconditionally 0 -> 0
2019-11-14 12:42:27,914 [Thread-4379] INFO  impl.FollowerState (FollowerState.java:run(111)) - c5630dbc-d159-4e74-a046-1b52429c3a82@group-76310EEA3ACC-FollowerState: change to CANDIDATE, lastRpcTime:1046ms, electionTimeout:1046ms
2019-11-14 12:42:27,914 [Thread-4379] INFO  impl.RoleInfo (RoleInfo.java:shutdownFollowerState(121)) - c5630dbc-d159-4e74-a046-1b52429c3a82: shutdown FollowerState
2019-11-14 12:42:27,915 [Thread-4379] INFO  impl.RaftServerImpl (RaftServerImpl.java:setRole(173)) - c5630dbc-d159-4e74-a046-1b52429c3a82@group-76310EEA3ACC: changes role from  FOLLOWER to CANDIDATE at term 4 for changeToCandidate
2019-11-14 12:42:27,915 [Thread-4379] INFO  impl.RoleInfo (RoleInfo.java:updateAndGet(143)) - c5630dbc-d159-4e74-a046-1b52429c3a82: start LeaderElection
2019-11-14 12:42:27,929 [c5630dbc-d159-4e74-a046-1b52429c3a82@group-76310EEA3ACC-LeaderElection229] INFO  impl.LeaderElection (LeaderElection.java:askForVotes(178)) - c5630dbc-d159-4e74-a046-1b52429c3a82@group-76310EEA3ACC-LeaderElection229: begin an election at term 5 for 0: [0ff44171-e26a-4ef7-8f26-7a0f9c51011c:192.168.34.21:43866, 014ed27e-4853-41cc-a50c-9de7527fd6a0:192.168.34.21:41029, c5630dbc-d159-4e74-a046-1b52429c3a82:192.168.34.21:34180], old=null
2019-11-14 12:42:27,931 [c5630dbc-d159-4e74-a046-1b52429c3a82@group-76310EEA3ACC-LeaderElection229] INFO  impl.LeaderElection (LogUtils.java:infoOrTrace(149)) - c5630dbc-d159-4e74-a046-1b52429c3a82@group-76310EEA3ACC-LeaderElection229 got exception when requesting votes: {}
java.util.concurrent.ExecutionException: org.apache.ratis.thirdparty.io.grpc.StatusRuntimeException: UNAVAILABLE: io exception
	at java.util.concurrent.FutureTask.report(FutureTask.java:122)
	at java.util.concurrent.FutureTask.get(FutureTask.java:192)
	at org.apache.ratis.server.impl.LeaderElection.waitForResults(LeaderElection.java:259)
	at org.apache.ratis.server.impl.LeaderElection.askForVotes(LeaderElection.java:197)
	at org.apache.ratis.server.impl.LeaderElection.run(LeaderElection.java:133)
	at java.lang.Thread.run(Thread.java:748)
Caused by: org.apache.ratis.thirdparty.io.grpc.StatusRuntimeException: UNAVAILABLE: io exception
	at org.apache.ratis.thirdparty.io.grpc.stub.ClientCalls.toStatusRuntimeException(ClientCalls.java:233)
	at org.apache.ratis.thirdparty.io.grpc.stub.ClientCalls.getUnchecked(ClientCalls.java:214)
	at org.apache.ratis.thirdparty.io.grpc.stub.ClientCalls.blockingUnaryCall(ClientCalls.java:139)
	at org.apache.ratis.proto.grpc.RaftServerProtocolServiceGrpc$RaftServerProtocolServiceBlockingStub.requestVote(RaftServerProtocolServiceGrpc.java:265)
	at org.apache.ratis.grpc.server.GrpcServerProtocolClient.requestVote(GrpcServerProtocolClient.java:99)
	at org.apache.ratis.grpc.server.GrpcService.requestVote(GrpcService.java:204)
	at org.apache.ratis.server.impl.LeaderElection.lambda$submitRequests$1(LeaderElection.java:234)
	at java.util.concurrent.FutureTask.run(FutureTask.java:266)
	at java.util.concurrent.Executors$RunnableAdapter.call(Executors.java:511)
	at java.util.concurrent.FutureTask.run(FutureTask.java:266)
	at java.util.concurrent.ThreadPoolExecutor.runWorker(ThreadPoolExecutor.java:1149)
	at java.util.concurrent.ThreadPoolExecutor$Worker.run(ThreadPoolExecutor.java:624)
	... 1 more
Caused by: org.apache.ratis.thirdparty.io.netty.channel.AbstractChannel$AnnotatedConnectException: Connection refused: /192.168.34.21:43866
	at sun.nio.ch.SocketChannelImpl.checkConnect(Native Method)
	at sun.nio.ch.SocketChannelImpl.finishConnect(SocketChannelImpl.java:717)
	at org.apache.ratis.thirdparty.io.netty.channel.socket.nio.NioSocketChannel.doFinishConnect(NioSocketChannel.java:327)
	at org.apache.ratis.thirdparty.io.netty.channel.nio.AbstractNioChannel$AbstractNioUnsafe.finishConnect(AbstractNioChannel.java:340)
	at org.apache.ratis.thirdparty.io.netty.channel.nio.NioEventLoop.processSelectedKey(NioEventLoop.java:632)
	at org.apache.ratis.thirdparty.io.netty.channel.nio.NioEventLoop.processSelectedKeysOptimized(NioEventLoop.java:579)
	at org.apache.ratis.thirdparty.io.netty.channel.nio.NioEventLoop.processSelectedKeys(NioEventLoop.java:496)
	at org.apache.ratis.thirdparty.io.netty.channel.nio.NioEventLoop.run(NioEventLoop.java:458)
	at org.apache.ratis.thirdparty.io.netty.util.concurrent.SingleThreadEventExecutor$5.run(SingleThreadEventExecutor.java:897)
	at org.apache.ratis.thirdparty.io.netty.util.concurrent.FastThreadLocalRunnable.run(FastThreadLocalRunnable.java:30)
	... 1 more
Caused by: java.net.ConnectException: Connection refused
	... 11 more
2019-11-14 12:42:27,932 [c5630dbc-d159-4e74-a046-1b52429c3a82@group-76310EEA3ACC-LeaderElection229] INFO  impl.LeaderElection (LogUtils.java:infoOrTrace(149)) - c5630dbc-d159-4e74-a046-1b52429c3a82@group-76310EEA3ACC-LeaderElection229 got exception when requesting votes: {}
java.util.concurrent.ExecutionException: org.apache.ratis.thirdparty.io.grpc.StatusRuntimeException: UNAVAILABLE: io exception
	at java.util.concurrent.FutureTask.report(FutureTask.java:122)
	at java.util.concurrent.FutureTask.get(FutureTask.java:192)
	at org.apache.ratis.server.impl.LeaderElection.waitForResults(LeaderElection.java:259)
	at org.apache.ratis.server.impl.LeaderElection.askForVotes(LeaderElection.java:197)
	at org.apache.ratis.server.impl.LeaderElection.run(LeaderElection.java:133)
	at java.lang.Thread.run(Thread.java:748)
Caused by: org.apache.ratis.thirdparty.io.grpc.StatusRuntimeException: UNAVAILABLE: io exception
	at org.apache.ratis.thirdparty.io.grpc.stub.ClientCalls.toStatusRuntimeException(ClientCalls.java:233)
	at org.apache.ratis.thirdparty.io.grpc.stub.ClientCalls.getUnchecked(ClientCalls.java:214)
	at org.apache.ratis.thirdparty.io.grpc.stub.ClientCalls.blockingUnaryCall(ClientCalls.java:139)
	at org.apache.ratis.proto.grpc.RaftServerProtocolServiceGrpc$RaftServerProtocolServiceBlockingStub.requestVote(RaftServerProtocolServiceGrpc.java:265)
	at org.apache.ratis.grpc.server.GrpcServerProtocolClient.requestVote(GrpcServerProtocolClient.java:99)
	at org.apache.ratis.grpc.server.GrpcService.requestVote(GrpcService.java:204)
	at org.apache.ratis.server.impl.LeaderElection.lambda$submitRequests$1(LeaderElection.java:234)
	at java.util.concurrent.FutureTask.run(FutureTask.java:266)
	at java.util.concurrent.Executors$RunnableAdapter.call(Executors.java:511)
	at java.util.concurrent.FutureTask.run(FutureTask.java:266)
	at java.util.concurrent.ThreadPoolExecutor.runWorker(ThreadPoolExecutor.java:1149)
	at java.util.concurrent.ThreadPoolExecutor$Worker.run(ThreadPoolExecutor.java:624)
	... 1 more
Caused by: org.apache.ratis.thirdparty.io.netty.channel.AbstractChannel$AnnotatedConnectException: Connection refused: /192.168.34.21:41029
	at sun.nio.ch.SocketChannelImpl.checkConnect(Native Method)
	at sun.nio.ch.SocketChannelImpl.finishConnect(SocketChannelImpl.java:717)
	at org.apache.ratis.thirdparty.io.netty.channel.socket.nio.NioSocketChannel.doFinishConnect(NioSocketChannel.java:327)
	at org.apache.ratis.thirdparty.io.netty.channel.nio.AbstractNioChannel$AbstractNioUnsafe.finishConnect(AbstractNioChannel.java:340)
	at org.apache.ratis.thirdparty.io.netty.channel.nio.NioEventLoop.processSelectedKey(NioEventLoop.java:632)
	at org.apache.ratis.thirdparty.io.netty.channel.nio.NioEventLoop.processSelectedKeysOptimized(NioEventLoop.java:579)
	at org.apache.ratis.thirdparty.io.netty.channel.nio.NioEventLoop.processSelectedKeys(NioEventLoop.java:496)
	at org.apache.ratis.thirdparty.io.netty.channel.nio.NioEventLoop.run(NioEventLoop.java:458)
	at org.apache.ratis.thirdparty.io.netty.util.concurrent.SingleThreadEventExecutor$5.run(SingleThreadEventExecutor.java:897)
	at org.apache.ratis.thirdparty.io.netty.util.concurrent.FastThreadLocalRunnable.run(FastThreadLocalRunnable.java:30)
	... 1 more
Caused by: java.net.ConnectException: Connection refused
	... 11 more
2019-11-14 12:42:27,933 [c5630dbc-d159-4e74-a046-1b52429c3a82@group-76310EEA3ACC-LeaderElection229] INFO  impl.LeaderElection (LeaderElection.java:logAndReturn(56)) - c5630dbc-d159-4e74-a046-1b52429c3a82@group-76310EEA3ACC-LeaderElection229: Election REJECTED; received 0 response(s) [] and 2 exception(s); c5630dbc-d159-4e74-a046-1b52429c3a82@group-76310EEA3ACC:t5, leader=null, voted=c5630dbc-d159-4e74-a046-1b52429c3a82, raftlog=c5630dbc-d159-4e74-a046-1b52429c3a82@group-76310EEA3ACC-SegmentedRaftLog:OPENED:c0,f0,i0, conf=0: [0ff44171-e26a-4ef7-8f26-7a0f9c51011c:192.168.34.21:43866, 014ed27e-4853-41cc-a50c-9de7527fd6a0:192.168.34.21:41029, c5630dbc-d159-4e74-a046-1b52429c3a82:192.168.34.21:34180], old=null
2019-11-14 12:42:27,933 [c5630dbc-d159-4e74-a046-1b52429c3a82@group-76310EEA3ACC-LeaderElection229] INFO  impl.LeaderElection (LogUtils.java:infoOrTrace(149)) -   Exception 0: {}
java.util.concurrent.ExecutionException: org.apache.ratis.thirdparty.io.grpc.StatusRuntimeException: UNAVAILABLE: io exception
	at java.util.concurrent.FutureTask.report(FutureTask.java:122)
	at java.util.concurrent.FutureTask.get(FutureTask.java:192)
	at org.apache.ratis.server.impl.LeaderElection.waitForResults(LeaderElection.java:259)
	at org.apache.ratis.server.impl.LeaderElection.askForVotes(LeaderElection.java:197)
	at org.apache.ratis.server.impl.LeaderElection.run(LeaderElection.java:133)
	at java.lang.Thread.run(Thread.java:748)
Caused by: org.apache.ratis.thirdparty.io.grpc.StatusRuntimeException: UNAVAILABLE: io exception
	at org.apache.ratis.thirdparty.io.grpc.stub.ClientCalls.toStatusRuntimeException(ClientCalls.java:233)
	at org.apache.ratis.thirdparty.io.grpc.stub.ClientCalls.getUnchecked(ClientCalls.java:214)
	at org.apache.ratis.thirdparty.io.grpc.stub.ClientCalls.blockingUnaryCall(ClientCalls.java:139)
	at org.apache.ratis.proto.grpc.RaftServerProtocolServiceGrpc$RaftServerProtocolServiceBlockingStub.requestVote(RaftServerProtocolServiceGrpc.java:265)
	at org.apache.ratis.grpc.server.GrpcServerProtocolClient.requestVote(GrpcServerProtocolClient.java:99)
	at org.apache.ratis.grpc.server.GrpcService.requestVote(GrpcService.java:204)
	at org.apache.ratis.server.impl.LeaderElection.lambda$submitRequests$1(LeaderElection.java:234)
	at java.util.concurrent.FutureTask.run(FutureTask.java:266)
	at java.util.concurrent.Executors$RunnableAdapter.call(Executors.java:511)
	at java.util.concurrent.FutureTask.run(FutureTask.java:266)
	at java.util.concurrent.ThreadPoolExecutor.runWorker(ThreadPoolExecutor.java:1149)
	at java.util.concurrent.ThreadPoolExecutor$Worker.run(ThreadPoolExecutor.java:624)
	... 1 more
Caused by: org.apache.ratis.thirdparty.io.netty.channel.AbstractChannel$AnnotatedConnectException: Connection refused: /192.168.34.21:43866
	at sun.nio.ch.SocketChannelImpl.checkConnect(Native Method)
	at sun.nio.ch.SocketChannelImpl.finishConnect(SocketChannelImpl.java:717)
	at org.apache.ratis.thirdparty.io.netty.channel.socket.nio.NioSocketChannel.doFinishConnect(NioSocketChannel.java:327)
	at org.apache.ratis.thirdparty.io.netty.channel.nio.AbstractNioChannel$AbstractNioUnsafe.finishConnect(AbstractNioChannel.java:340)
	at org.apache.ratis.thirdparty.io.netty.channel.nio.NioEventLoop.processSelectedKey(NioEventLoop.java:632)
	at org.apache.ratis.thirdparty.io.netty.channel.nio.NioEventLoop.processSelectedKeysOptimized(NioEventLoop.java:579)
	at org.apache.ratis.thirdparty.io.netty.channel.nio.NioEventLoop.processSelectedKeys(NioEventLoop.java:496)
	at org.apache.ratis.thirdparty.io.netty.channel.nio.NioEventLoop.run(NioEventLoop.java:458)
	at org.apache.ratis.thirdparty.io.netty.util.concurrent.SingleThreadEventExecutor$5.run(SingleThreadEventExecutor.java:897)
	at org.apache.ratis.thirdparty.io.netty.util.concurrent.FastThreadLocalRunnable.run(FastThreadLocalRunnable.java:30)
	... 1 more
Caused by: java.net.ConnectException: Connection refused
	... 11 more
2019-11-14 12:42:27,933 [c5630dbc-d159-4e74-a046-1b52429c3a82@group-76310EEA3ACC-LeaderElection229] INFO  impl.LeaderElection (LogUtils.java:infoOrTrace(149)) -   Exception 1: {}
java.util.concurrent.ExecutionException: org.apache.ratis.thirdparty.io.grpc.StatusRuntimeException: UNAVAILABLE: io exception
	at java.util.concurrent.FutureTask.report(FutureTask.java:122)
	at java.util.concurrent.FutureTask.get(FutureTask.java:192)
	at org.apache.ratis.server.impl.LeaderElection.waitForResults(LeaderElection.java:259)
	at org.apache.ratis.server.impl.LeaderElection.askForVotes(LeaderElection.java:197)
	at org.apache.ratis.server.impl.LeaderElection.run(LeaderElection.java:133)
	at java.lang.Thread.run(Thread.java:748)
Caused by: org.apache.ratis.thirdparty.io.grpc.StatusRuntimeException: UNAVAILABLE: io exception
	at org.apache.ratis.thirdparty.io.grpc.stub.ClientCalls.toStatusRuntimeException(ClientCalls.java:233)
	at org.apache.ratis.thirdparty.io.grpc.stub.ClientCalls.getUnchecked(ClientCalls.java:214)
	at org.apache.ratis.thirdparty.io.grpc.stub.ClientCalls.blockingUnaryCall(ClientCalls.java:139)
	at org.apache.ratis.proto.grpc.RaftServerProtocolServiceGrpc$RaftServerProtocolServiceBlockingStub.requestVote(RaftServerProtocolServiceGrpc.java:265)
	at org.apache.ratis.grpc.server.GrpcServerProtocolClient.requestVote(GrpcServerProtocolClient.java:99)
	at org.apache.ratis.grpc.server.GrpcService.requestVote(GrpcService.java:204)
	at org.apache.ratis.server.impl.LeaderElection.lambda$submitRequests$1(LeaderElection.java:234)
	at java.util.concurrent.FutureTask.run(FutureTask.java:266)
	at java.util.concurrent.Executors$RunnableAdapter.call(Executors.java:511)
	at java.util.concurrent.FutureTask.run(FutureTask.java:266)
	at java.util.concurrent.ThreadPoolExecutor.runWorker(ThreadPoolExecutor.java:1149)
	at java.util.concurrent.ThreadPoolExecutor$Worker.run(ThreadPoolExecutor.java:624)
	... 1 more
Caused by: org.apache.ratis.thirdparty.io.netty.channel.AbstractChannel$AnnotatedConnectException: Connection refused: /192.168.34.21:41029
	at sun.nio.ch.SocketChannelImpl.checkConnect(Native Method)
	at sun.nio.ch.SocketChannelImpl.finishConnect(SocketChannelImpl.java:717)
	at org.apache.ratis.thirdparty.io.netty.channel.socket.nio.NioSocketChannel.doFinishConnect(NioSocketChannel.java:327)
	at org.apache.ratis.thirdparty.io.netty.channel.nio.AbstractNioChannel$AbstractNioUnsafe.finishConnect(AbstractNioChannel.java:340)
	at org.apache.ratis.thirdparty.io.netty.channel.nio.NioEventLoop.processSelectedKey(NioEventLoop.java:632)
	at org.apache.ratis.thirdparty.io.netty.channel.nio.NioEventLoop.processSelectedKeysOptimized(NioEventLoop.java:579)
	at org.apache.ratis.thirdparty.io.netty.channel.nio.NioEventLoop.processSelectedKeys(NioEventLoop.java:496)
	at org.apache.ratis.thirdparty.io.netty.channel.nio.NioEventLoop.run(NioEventLoop.java:458)
	at org.apache.ratis.thirdparty.io.netty.util.concurrent.SingleThreadEventExecutor$5.run(SingleThreadEventExecutor.java:897)
	at org.apache.ratis.thirdparty.io.netty.util.concurrent.FastThreadLocalRunnable.run(FastThreadLocalRunnable.java:30)
	... 1 more
Caused by: java.net.ConnectException: Connection refused
	... 11 more
2019-11-14 12:42:27,933 [c5630dbc-d159-4e74-a046-1b52429c3a82@group-76310EEA3ACC-LeaderElection229] INFO  impl.RaftServerImpl (RaftServerImpl.java:setRole(173)) - c5630dbc-d159-4e74-a046-1b52429c3a82@group-76310EEA3ACC: changes role from CANDIDATE to FOLLOWER at term 5 for DISCOVERED_A_NEW_TERM
2019-11-14 12:42:27,934 [c5630dbc-d159-4e74-a046-1b52429c3a82@group-76310EEA3ACC-LeaderElection229] INFO  impl.RoleInfo (RoleInfo.java:shutdownLeaderElection(134)) - c5630dbc-d159-4e74-a046-1b52429c3a82: shutdown LeaderElection
2019-11-14 12:42:27,934 [c5630dbc-d159-4e74-a046-1b52429c3a82@group-76310EEA3ACC-LeaderElection229] INFO  impl.RoleInfo (RoleInfo.java:updateAndGet(143)) - c5630dbc-d159-4e74-a046-1b52429c3a82: start FollowerState
2019-11-14 12:42:28,233 [grpc-default-executor-8] WARN  server.GrpcLogAppender (LogUtils.java:warn(134)) - a1f4ab9e-675c-48c0-bb27-a541bfd11ae2@group-E518947F9F97->7f15e76e-ccdf-421e-a2ec-7ae8a15127a1-AppendLogResponseHandler: Failed appendEntries: org.apache.ratis.thirdparty.io.grpc.StatusRuntimeException: UNAVAILABLE: io exception
2019-11-14 12:42:28,234 [grpc-default-executor-8] INFO  impl.FollowerInfo (FollowerInfo.java:lambda$new$0(51)) - a1f4ab9e-675c-48c0-bb27-a541bfd11ae2@group-E518947F9F97->7f15e76e-ccdf-421e-a2ec-7ae8a15127a1: nextIndex: updateUnconditionally 0 -> 0
2019-11-14 12:42:28,271 [grpc-default-executor-1] WARN  server.GrpcLogAppender (LogUtils.java:warn(134)) - a1f4ab9e-675c-48c0-bb27-a541bfd11ae2@group-E518947F9F97->246c57ec-d0aa-4f80-a8a4-72fa2ca2a50d-AppendLogResponseHandler: Failed appendEntries: org.apache.ratis.thirdparty.io.grpc.StatusRuntimeException: UNAVAILABLE: io exception
2019-11-14 12:42:28,272 [grpc-default-executor-1] INFO  impl.FollowerInfo (FollowerInfo.java:lambda$new$0(51)) - a1f4ab9e-675c-48c0-bb27-a541bfd11ae2@group-E518947F9F97->246c57ec-d0aa-4f80-a8a4-72fa2ca2a50d: nextIndex: updateUnconditionally 0 -> 0
2019-11-14 12:42:28,734 [grpc-default-executor-9] WARN  server.GrpcLogAppender (LogUtils.java:warn(134)) - a1f4ab9e-675c-48c0-bb27-a541bfd11ae2@group-E518947F9F97->7f15e76e-ccdf-421e-a2ec-7ae8a15127a1-AppendLogResponseHandler: Failed appendEntries: org.apache.ratis.thirdparty.io.grpc.StatusRuntimeException: UNAVAILABLE: io exception
2019-11-14 12:42:28,735 [grpc-default-executor-9] INFO  impl.FollowerInfo (FollowerInfo.java:lambda$new$0(51)) - a1f4ab9e-675c-48c0-bb27-a541bfd11ae2@group-E518947F9F97->7f15e76e-ccdf-421e-a2ec-7ae8a15127a1: nextIndex: updateUnconditionally 0 -> 0
2019-11-14 12:42:28,771 [grpc-default-executor-8] WARN  server.GrpcLogAppender (LogUtils.java:warn(134)) - a1f4ab9e-675c-48c0-bb27-a541bfd11ae2@group-E518947F9F97->246c57ec-d0aa-4f80-a8a4-72fa2ca2a50d-AppendLogResponseHandler: Failed appendEntries: org.apache.ratis.thirdparty.io.grpc.StatusRuntimeException: UNAVAILABLE: io exception
2019-11-14 12:42:28,772 [grpc-default-executor-8] INFO  impl.FollowerInfo (FollowerInfo.java:lambda$new$0(51)) - a1f4ab9e-675c-48c0-bb27-a541bfd11ae2@group-E518947F9F97->246c57ec-d0aa-4f80-a8a4-72fa2ca2a50d: nextIndex: updateUnconditionally 0 -> 0
2019-11-14 12:42:28,913 [main] INFO  ozoneimpl.OzoneContainer (OzoneContainer.java:stop(244)) - Attempting to stop container services.
2019-11-14 12:42:28,913 [ForkJoinPool.commonPool-worker-0] INFO  ozoneimpl.OzoneContainer (OzoneContainer.java:stop(244)) - Attempting to stop container services.
2019-11-14 12:42:28,915 [main] INFO  impl.RaftServerProxy (RaftServerProxy.java:lambda$close$4(314)) - c5630dbc-d159-4e74-a046-1b52429c3a82: close
2019-11-14 12:42:28,915 [ForkJoinPool.commonPool-worker-0] INFO  impl.RaftServerProxy (RaftServerProxy.java:lambda$close$4(314)) - a1f4ab9e-675c-48c0-bb27-a541bfd11ae2: close
2019-11-14 12:42:28,915 [ForkJoinPool.commonPool-worker-0] INFO  impl.RaftServerImpl (RaftServerImpl.java:lambda$shutdown$3(250)) - a1f4ab9e-675c-48c0-bb27-a541bfd11ae2@group-308D025A542F: shutdown
2019-11-14 12:42:28,915 [main] INFO  impl.RaftServerImpl (RaftServerImpl.java:lambda$shutdown$3(250)) - c5630dbc-d159-4e74-a046-1b52429c3a82@group-5181374BD87B: shutdown
2019-11-14 12:42:28,916 [ForkJoinPool.commonPool-worker-0] INFO  util.JmxRegister (JmxRegister.java:unregister(73)) - Successfully un-registered JMX Bean with object name Ratis:service=RaftServer,group=group-308D025A542F,id=a1f4ab9e-675c-48c0-bb27-a541bfd11ae2
2019-11-14 12:42:28,916 [main] INFO  util.JmxRegister (JmxRegister.java:unregister(73)) - Successfully un-registered JMX Bean with object name Ratis:service=RaftServer,group=group-5181374BD87B,id=c5630dbc-d159-4e74-a046-1b52429c3a82
2019-11-14 12:42:28,916 [ForkJoinPool.commonPool-worker-0] INFO  impl.RoleInfo (RoleInfo.java:shutdownLeaderState(104)) - a1f4ab9e-675c-48c0-bb27-a541bfd11ae2: shutdown LeaderState
2019-11-14 12:42:28,916 [main] INFO  impl.RoleInfo (RoleInfo.java:shutdownLeaderState(104)) - c5630dbc-d159-4e74-a046-1b52429c3a82: shutdown LeaderState
2019-11-14 12:42:28,917 [main] INFO  impl.PendingRequests (PendingRequests.java:sendNotLeaderResponses(206)) - c5630dbc-d159-4e74-a046-1b52429c3a82@group-5181374BD87B-PendingRequests: sendNotLeaderResponses
2019-11-14 12:42:28,917 [ForkJoinPool.commonPool-worker-0] INFO  impl.PendingRequests (PendingRequests.java:sendNotLeaderResponses(206)) - a1f4ab9e-675c-48c0-bb27-a541bfd11ae2@group-308D025A542F-PendingRequests: sendNotLeaderResponses
2019-11-14 12:42:28,918 [ForkJoinPool.commonPool-worker-0] INFO  impl.StateMachineUpdater (StateMachineUpdater.java:stopAndJoin(136)) - a1f4ab9e-675c-48c0-bb27-a541bfd11ae2@group-308D025A542F-StateMachineUpdater: set stopIndex = 0
2019-11-14 12:42:28,918 [main] INFO  impl.StateMachineUpdater (StateMachineUpdater.java:stopAndJoin(136)) - c5630dbc-d159-4e74-a046-1b52429c3a82@group-5181374BD87B-StateMachineUpdater: set stopIndex = 0
2019-11-14 12:42:28,918 [ForkJoinPool.commonPool-worker-0] INFO  impl.RaftServerImpl (ServerState.java:close(387)) - a1f4ab9e-675c-48c0-bb27-a541bfd11ae2@group-308D025A542F: closes. applyIndex: 0
2019-11-14 12:42:28,919 [main] INFO  impl.RaftServerImpl (ServerState.java:close(387)) - c5630dbc-d159-4e74-a046-1b52429c3a82@group-5181374BD87B: closes. applyIndex: 0
2019-11-14 12:42:28,919 [a1f4ab9e-675c-48c0-bb27-a541bfd11ae2@group-308D025A542F-SegmentedRaftLogWorker] INFO  segmented.SegmentedRaftLogWorker (SegmentedRaftLogWorker.java:run(316)) - a1f4ab9e-675c-48c0-bb27-a541bfd11ae2@group-308D025A542F-SegmentedRaftLogWorker was interrupted, exiting. There are 0 tasks remaining in the queue.
2019-11-14 12:42:28,919 [c5630dbc-d159-4e74-a046-1b52429c3a82@group-5181374BD87B-SegmentedRaftLogWorker] INFO  segmented.SegmentedRaftLogWorker (SegmentedRaftLogWorker.java:run(316)) - c5630dbc-d159-4e74-a046-1b52429c3a82@group-5181374BD87B-SegmentedRaftLogWorker was interrupted, exiting. There are 0 tasks remaining in the queue.
2019-11-14 12:42:28,920 [main] INFO  segmented.SegmentedRaftLogWorker (SegmentedRaftLogWorker.java:close(224)) - c5630dbc-d159-4e74-a046-1b52429c3a82@group-5181374BD87B-SegmentedRaftLogWorker close()
2019-11-14 12:42:28,920 [ForkJoinPool.commonPool-worker-0] INFO  segmented.SegmentedRaftLogWorker (SegmentedRaftLogWorker.java:close(224)) - a1f4ab9e-675c-48c0-bb27-a541bfd11ae2@group-308D025A542F-SegmentedRaftLogWorker close()
2019-11-14 12:42:28,920 [main] INFO  impl.RaftServerImpl (RaftServerImpl.java:lambda$shutdown$3(250)) - c5630dbc-d159-4e74-a046-1b52429c3a82@group-76310EEA3ACC: shutdown
2019-11-14 12:42:28,920 [ForkJoinPool.commonPool-worker-0] INFO  impl.RaftServerImpl (RaftServerImpl.java:lambda$shutdown$3(250)) - a1f4ab9e-675c-48c0-bb27-a541bfd11ae2@group-E518947F9F97: shutdown
2019-11-14 12:42:28,920 [main] INFO  util.JmxRegister (JmxRegister.java:unregister(73)) - Successfully un-registered JMX Bean with object name Ratis:service=RaftServer,group=group-76310EEA3ACC,id=c5630dbc-d159-4e74-a046-1b52429c3a82
2019-11-14 12:42:28,921 [ForkJoinPool.commonPool-worker-0] INFO  util.JmxRegister (JmxRegister.java:unregister(73)) - Successfully un-registered JMX Bean with object name Ratis:service=RaftServer,group=group-E518947F9F97,id=a1f4ab9e-675c-48c0-bb27-a541bfd11ae2
2019-11-14 12:42:28,921 [main] INFO  impl.RoleInfo (RoleInfo.java:shutdownFollowerState(121)) - c5630dbc-d159-4e74-a046-1b52429c3a82: shutdown FollowerState
2019-11-14 12:42:28,921 [ForkJoinPool.commonPool-worker-0] INFO  impl.RoleInfo (RoleInfo.java:shutdownLeaderState(104)) - a1f4ab9e-675c-48c0-bb27-a541bfd11ae2: shutdown LeaderState
2019-11-14 12:42:28,921 [main] INFO  impl.StateMachineUpdater (StateMachineUpdater.java:stopAndJoin(136)) - c5630dbc-d159-4e74-a046-1b52429c3a82@group-76310EEA3ACC-StateMachineUpdater: set stopIndex = 0
2019-11-14 12:42:28,922 [main] INFO  impl.RaftServerImpl (ServerState.java:close(387)) - c5630dbc-d159-4e74-a046-1b52429c3a82@group-76310EEA3ACC: closes. applyIndex: 0
2019-11-14 12:42:28,922 [org.apache.ratis.server.impl.LogAppender$AppenderDaemon$$Lambda$429/1552770716@7596e7d6] WARN  server.GrpcLogAppender (GrpcLogAppender.java:mayWait(151)) - a1f4ab9e-675c-48c0-bb27-a541bfd11ae2@group-E518947F9F97->246c57ec-d0aa-4f80-a8a4-72fa2ca2a50d-GrpcLogAppender: Wait interrupted by java.lang.InterruptedException
2019-11-14 12:42:28,922 [c5630dbc-d159-4e74-a046-1b52429c3a82@group-76310EEA3ACC-SegmentedRaftLogWorker] INFO  segmented.SegmentedRaftLogWorker (SegmentedRaftLogWorker.java:run(316)) - c5630dbc-d159-4e74-a046-1b52429c3a82@group-76310EEA3ACC-SegmentedRaftLogWorker was interrupted, exiting. There are 0 tasks remaining in the queue.
2019-11-14 12:42:28,922 [org.apache.ratis.server.impl.LogAppender$AppenderDaemon$$Lambda$429/1552770716@30946fa0] WARN  server.GrpcLogAppender (GrpcLogAppender.java:mayWait(151)) - a1f4ab9e-675c-48c0-bb27-a541bfd11ae2@group-E518947F9F97->7f15e76e-ccdf-421e-a2ec-7ae8a15127a1-GrpcLogAppender: Wait interrupted by java.lang.InterruptedException
2019-11-14 12:42:28,922 [main] INFO  segmented.SegmentedRaftLogWorker (SegmentedRaftLogWorker.java:close(224)) - c5630dbc-d159-4e74-a046-1b52429c3a82@group-76310EEA3ACC-SegmentedRaftLogWorker close()
2019-11-14 12:42:28,922 [ForkJoinPool.commonPool-worker-0] INFO  impl.PendingRequests (PendingRequests.java:sendNotLeaderResponses(206)) - a1f4ab9e-675c-48c0-bb27-a541bfd11ae2@group-E518947F9F97-PendingRequests: sendNotLeaderResponses
2019-11-14 12:42:28,927 [main] INFO  server.GrpcService (GrpcService.java:closeImpl(164)) - c5630dbc-d159-4e74-a046-1b52429c3a82: shutdown server with port 34180 now
2019-11-14 12:42:28,922 [Thread-4383] INFO  impl.FollowerState (FollowerState.java:run(120)) - c5630dbc-d159-4e74-a046-1b52429c3a82@group-76310EEA3ACC-FollowerState was interrupted: java.lang.InterruptedException: sleep interrupted
2019-11-14 12:42:28,927 [ForkJoinPool.commonPool-worker-0] INFO  impl.StateMachineUpdater (StateMachineUpdater.java:stopAndJoin(136)) - a1f4ab9e-675c-48c0-bb27-a541bfd11ae2@group-E518947F9F97-StateMachineUpdater: set stopIndex = 0
2019-11-14 12:42:28,928 [ForkJoinPool.commonPool-worker-0] INFO  impl.RaftServerImpl (ServerState.java:close(387)) - a1f4ab9e-675c-48c0-bb27-a541bfd11ae2@group-E518947F9F97: closes. applyIndex: 0
2019-11-14 12:42:28,928 [a1f4ab9e-675c-48c0-bb27-a541bfd11ae2@group-E518947F9F97-SegmentedRaftLogWorker] INFO  segmented.SegmentedRaftLogWorker (SegmentedRaftLogWorker.java:run(316)) - a1f4ab9e-675c-48c0-bb27-a541bfd11ae2@group-E518947F9F97-SegmentedRaftLogWorker was interrupted, exiting. There are 0 tasks remaining in the queue.
2019-11-14 12:42:28,928 [main] INFO  server.GrpcService (GrpcService.java:closeImpl(172)) - c5630dbc-d159-4e74-a046-1b52429c3a82: shutdown server with port 34180 successfully
2019-11-14 12:42:28,928 [ForkJoinPool.commonPool-worker-0] INFO  segmented.SegmentedRaftLogWorker (SegmentedRaftLogWorker.java:close(224)) - a1f4ab9e-675c-48c0-bb27-a541bfd11ae2@group-E518947F9F97-SegmentedRaftLogWorker close()
2019-11-14 12:42:28,928 [ForkJoinPool.commonPool-worker-0] INFO  server.GrpcService (GrpcService.java:closeImpl(164)) - a1f4ab9e-675c-48c0-bb27-a541bfd11ae2: shutdown server with port 38632 now
2019-11-14 12:42:28,929 [ForkJoinPool.commonPool-worker-0] INFO  server.GrpcService (GrpcService.java:closeImpl(172)) - a1f4ab9e-675c-48c0-bb27-a541bfd11ae2: shutdown server with port 38632 successfully
2019-11-14 12:42:28,934 [refreshUsed-/workdir/hadoop-ozone/integration-test/target/test-dir/MiniOzoneClusterImpl-00c2d61f-fa45-4119-a3b8-446fff627119/datanode-1/data/containers] WARN  fs.CachingGetSpaceUsed (CachingGetSpaceUsed.java:run(183)) - Thread Interrupted waiting to refresh disk information: sleep interrupted
2019-11-14 12:42:28,938 [refreshUsed-/workdir/hadoop-ozone/integration-test/target/test-dir/MiniOzoneClusterImpl-00c2d61f-fa45-4119-a3b8-446fff627119/datanode-7/data/containers] WARN  fs.CachingGetSpaceUsed (CachingGetSpaceUsed.java:run(183)) - Thread Interrupted waiting to refresh disk information: sleep interrupted
2019-11-14 12:42:28,963 [main] INFO  utils.BackgroundService (BackgroundService.java:shutdown(151)) - Shutting down service BlockDeletingService
2019-11-14 12:42:28,965 [main] INFO  statemachine.DatanodeStateMachine (DatanodeStateMachine.java:stopDaemon(395)) - Ozone container server stopped.
2019-11-14 12:42:28,965 [ForkJoinPool.commonPool-worker-0] INFO  utils.BackgroundService (BackgroundService.java:shutdown(151)) - Shutting down service BlockDeletingService
2019-11-14 12:42:28,967 [ForkJoinPool.commonPool-worker-0] INFO  statemachine.DatanodeStateMachine (DatanodeStateMachine.java:stopDaemon(395)) - Ozone container server stopped.
2019-11-14 12:42:28,968 [main] INFO  handler.ContextHandler (ContextHandler.java:doStop(910)) - Stopped o.e.j.w.WebAppContext@24e5389c{/,null,UNAVAILABLE}{/hddsDatanode}
2019-11-14 12:42:28,968 [ForkJoinPool.commonPool-worker-0] INFO  handler.ContextHandler (ContextHandler.java:doStop(910)) - Stopped o.e.j.w.WebAppContext@34f7b44f{/,null,UNAVAILABLE}{/hddsDatanode}
2019-11-14 12:42:28,970 [main] INFO  server.AbstractConnector (AbstractConnector.java:doStop(318)) - Stopped ServerConnector@3b170235{HTTP/1.1,[http/1.1]}{0.0.0.0:0}
2019-11-14 12:42:28,970 [ForkJoinPool.commonPool-worker-0] INFO  server.AbstractConnector (AbstractConnector.java:doStop(318)) - Stopped ServerConnector@5403907{HTTP/1.1,[http/1.1]}{0.0.0.0:0}
2019-11-14 12:42:28,970 [main] INFO  handler.ContextHandler (ContextHandler.java:doStop(910)) - Stopped o.e.j.s.ServletContextHandler@760f1081{/static,jar:file:/home/user/.m2/repository/org/apache/hadoop/hadoop-hdds-container-service/0.5.0-SNAPSHOT/hadoop-hdds-container-service-0.5.0-SNAPSHOT.jar!/webapps/static,UNAVAILABLE}
2019-11-14 12:42:28,971 [ForkJoinPool.commonPool-worker-0] INFO  handler.ContextHandler (ContextHandler.java:doStop(910)) - Stopped o.e.j.s.ServletContextHandler@403364e9{/static,jar:file:/home/user/.m2/repository/org/apache/hadoop/hadoop-hdds-container-service/0.5.0-SNAPSHOT/hadoop-hdds-container-service-0.5.0-SNAPSHOT.jar!/webapps/static,UNAVAILABLE}
2019-11-14 12:42:28,971 [main] INFO  handler.ContextHandler (ContextHandler.java:doStop(910)) - Stopped o.e.j.s.ServletContextHandler@7f2b39a{/logs,file:///workdir/hadoop-ozone/integration-test/target/log,UNAVAILABLE}
2019-11-14 12:42:28,972 [ForkJoinPool.commonPool-worker-0] INFO  handler.ContextHandler (ContextHandler.java:doStop(910)) - Stopped o.e.j.s.ServletContextHandler@1e56bc9b{/logs,file:///workdir/hadoop-ozone/integration-test/target/log,UNAVAILABLE}
2019-11-14 12:42:28,974 [main] INFO  ozone.MiniOzoneClusterImpl (MiniOzoneClusterImpl.java:stopSCM(430)) - Stopping the StorageContainerManager
2019-11-14 12:42:28,974 [main] INFO  server.StorageContainerManager (StorageContainerManager.java:stop(804)) - Stopping Replication Manager Service.
2019-11-14 12:42:28,974 [main] INFO  container.ReplicationManager (ReplicationManager.java:stop(203)) - Stopping Replication Monitor Thread.
2019-11-14 12:42:28,974 [main] INFO  server.StorageContainerManager (StorageContainerManager.java:stop(811)) - Stopping Lease Manager of the command watchers
2019-11-14 12:42:28,974 [main] INFO  server.StorageContainerManager (StorageContainerManager.java:stop(818)) - Stopping datanode service RPC server
2019-11-14 12:42:28,975 [main] INFO  server.SCMDatanodeProtocolServer (SCMDatanodeProtocolServer.java:stop(346)) - Stopping the RPC server for DataNodes
2019-11-14 12:42:28,975 [main] INFO  ipc.Server (Server.java:stop(3082)) - Stopping server on 33565
2019-11-14 12:42:28,977 [IPC Server listener on 33565] INFO  ipc.Server (Server.java:run(1185)) - Stopping IPC Server listener on 33565
2019-11-14 12:42:28,978 [IPC Server Responder] INFO  ipc.Server (Server.java:run(1319)) - Stopping IPC Server Responder
2019-11-14 12:42:28,991 [SCM Heartbeat Processing Thread - 0] WARN  node.NodeStateManager (NodeStateManager.java:scheduleNextHealthCheck(646)) - Current Thread is interrupted, shutting down HB processing thread for Node Manager.
2019-11-14 12:42:28,991 [main] INFO  server.StorageContainerManager (StorageContainerManager.java:stop(826)) - Stopping block service RPC server
2019-11-14 12:42:28,992 [main] INFO  server.SCMBlockProtocolServer (SCMBlockProtocolServer.java:stop(155)) - Stopping the RPC server for Block Protocol
2019-11-14 12:42:28,992 [main] INFO  ipc.Server (Server.java:stop(3082)) - Stopping server on 34550
2019-11-14 12:42:28,994 [IPC Server listener on 34550] INFO  ipc.Server (Server.java:run(1185)) - Stopping IPC Server listener on 34550
2019-11-14 12:42:28,994 [main] INFO  server.StorageContainerManager (StorageContainerManager.java:stop(833)) - Stopping the StorageContainerLocationProtocol RPC server
2019-11-14 12:42:28,994 [IPC Server Responder] INFO  ipc.Server (Server.java:run(1319)) - Stopping IPC Server Responder
2019-11-14 12:42:28,994 [main] INFO  server.SCMClientProtocolServer (SCMClientProtocolServer.java:stop(169)) - Stopping the RPC server for Client Protocol
2019-11-14 12:42:28,994 [main] INFO  ipc.Server (Server.java:stop(3082)) - Stopping server on 37314
2019-11-14 12:42:28,996 [IPC Server listener on 37314] INFO  ipc.Server (Server.java:run(1185)) - Stopping IPC Server listener on 37314
2019-11-14 12:42:28,996 [main] INFO  server.StorageContainerManager (StorageContainerManager.java:stop(840)) - Stopping Storage Container Manager HTTP server.
2019-11-14 12:42:28,996 [IPC Server Responder] INFO  ipc.Server (Server.java:run(1319)) - Stopping IPC Server Responder
2019-11-14 12:42:28,997 [main] INFO  handler.ContextHandler (ContextHandler.java:doStop(910)) - Stopped o.e.j.w.WebAppContext@3c18942{/,null,UNAVAILABLE}{/scm}
2019-11-14 12:42:28,998 [main] INFO  server.AbstractConnector (AbstractConnector.java:doStop(318)) - Stopped ServerConnector@743c3520{HTTP/1.1,[http/1.1]}{0.0.0.0:0}
2019-11-14 12:42:28,998 [main] INFO  handler.ContextHandler (ContextHandler.java:doStop(910)) - Stopped o.e.j.s.ServletContextHandler@686cf8ad{/static,file:///workdir/hadoop-ozone/integration-test/target/test-classes/webapps/static,UNAVAILABLE}
2019-11-14 12:42:28,998 [main] INFO  handler.ContextHandler (ContextHandler.java:doStop(910)) - Stopped o.e.j.s.ServletContextHandler@2726a511{/logs,file:///workdir/hadoop-ozone/integration-test/target/log,UNAVAILABLE}
2019-11-14 12:42:28,999 [main] INFO  server.StorageContainerManager (StorageContainerManager.java:stop(851)) - Stopping Block Manager Service.
2019-11-14 12:42:28,999 [main] INFO  utils.BackgroundService (BackgroundService.java:shutdown(151)) - Shutting down service SCMBlockDeletingService
2019-11-14 12:42:29,000 [main] INFO  utils.BackgroundService (BackgroundService.java:shutdown(151)) - Shutting down service SCMBlockDeletingService
2019-11-14 12:42:29,000 [main] INFO  server.StorageContainerManager (StorageContainerManager.java:stop(873)) - Stopping SCM Event Queue.
2019-11-14 12:42:29,005 [main] INFO  impl.MetricsSystemImpl (MetricsSystemImpl.java:stop(210)) - Stopping HddsDatanode metrics system...
2019-11-14 12:42:29,019 [main] INFO  impl.MetricsSystemImpl (MetricsSystemImpl.java:stop(216)) - HddsDatanode metrics system stopped.
]]></system-out>
    <system-err><![CDATA[Nov 14, 2019 12:42:06 PM org.apache.ratis.thirdparty.io.grpc.internal.ManagedChannelOrphanWrapper$ManagedChannelReference cleanQueue
SEVERE: *~*~*~ Channel ManagedChannelImpl{logId=2566, target=192.168.34.21:45341} was not shutdown properly!!! ~*~*~*
    Make sure to call shutdown()/shutdownNow() and wait until awaitTermination() returns true.
java.lang.RuntimeException: ManagedChannel allocation site
	at org.apache.ratis.thirdparty.io.grpc.internal.ManagedChannelOrphanWrapper$ManagedChannelReference.<init>(ManagedChannelOrphanWrapper.java:103)
	at org.apache.ratis.thirdparty.io.grpc.internal.ManagedChannelOrphanWrapper.<init>(ManagedChannelOrphanWrapper.java:53)
	at org.apache.ratis.thirdparty.io.grpc.internal.ManagedChannelOrphanWrapper.<init>(ManagedChannelOrphanWrapper.java:44)
	at org.apache.ratis.thirdparty.io.grpc.internal.AbstractManagedChannelImplBuilder.build(AbstractManagedChannelImplBuilder.java:411)
	at org.apache.hadoop.hdds.scm.XceiverClientGrpc.connectToDatanode(XceiverClientGrpc.java:189)
	at org.apache.hadoop.hdds.scm.XceiverClientGrpc.connect(XceiverClientGrpc.java:138)
	at org.apache.hadoop.hdds.scm.XceiverClientManager$2.call(XceiverClientManager.java:242)
	at org.apache.hadoop.hdds.scm.XceiverClientManager$2.call(XceiverClientManager.java:226)
	at com.google.common.cache.LocalCache$LocalManualCache$1.load(LocalCache.java:4767)
	at com.google.common.cache.LocalCache$LoadingValueReference.loadFuture(LocalCache.java:3568)
	at com.google.common.cache.LocalCache$Segment.loadSync(LocalCache.java:2350)
	at com.google.common.cache.LocalCache$Segment.lockedGetOrLoad(LocalCache.java:2313)
	at com.google.common.cache.LocalCache$Segment.get(LocalCache.java:2228)
	at com.google.common.cache.LocalCache.get(LocalCache.java:3965)
	at com.google.common.cache.LocalCache$LocalManualCache.get(LocalCache.java:4764)
	at org.apache.hadoop.hdds.scm.XceiverClientManager.getClient(XceiverClientManager.java:226)
	at org.apache.hadoop.hdds.scm.XceiverClientManager.acquireClient(XceiverClientManager.java:172)
	at org.apache.hadoop.hdds.scm.XceiverClientManager.acquireClientForReadData(XceiverClientManager.java:162)
	at org.apache.hadoop.hdds.scm.storage.BlockInputStream.getChunkInfos(BlockInputStream.java:154)
	at org.apache.hadoop.hdds.scm.storage.BlockInputStream.initialize(BlockInputStream.java:118)
	at org.apache.hadoop.hdds.scm.storage.BlockInputStream.read(BlockInputStream.java:224)
	at org.apache.hadoop.ozone.client.io.KeyInputStream.read(KeyInputStream.java:173)
	at org.apache.hadoop.ozone.client.io.OzoneInputStream.read(OzoneInputStream.java:47)
	at java.io.InputStream.read(InputStream.java:101)
	at org.apache.hadoop.ozone.container.ContainerTestHelper.validateData(ContainerTestHelper.java:754)
	at org.apache.hadoop.ozone.client.rpc.TestFailureHandlingByClient.validateData(TestFailureHandlingByClient.java:413)
	at org.apache.hadoop.ozone.client.rpc.TestFailureHandlingByClient.testBlockWritesWithDnFailures(TestFailureHandlingByClient.java:172)
	at sun.reflect.NativeMethodAccessorImpl.invoke0(Native Method)
	at sun.reflect.NativeMethodAccessorImpl.invoke(NativeMethodAccessorImpl.java:62)
	at sun.reflect.DelegatingMethodAccessorImpl.invoke(DelegatingMethodAccessorImpl.java:43)
	at java.lang.reflect.Method.invoke(Method.java:498)
	at org.junit.runners.model.FrameworkMethod$1.runReflectiveCall(FrameworkMethod.java:47)
	at org.junit.internal.runners.model.ReflectiveCallable.run(ReflectiveCallable.java:12)
	at org.junit.runners.model.FrameworkMethod.invokeExplosively(FrameworkMethod.java:44)
	at org.junit.internal.runners.statements.InvokeMethod.evaluate(InvokeMethod.java:17)
	at org.junit.internal.runners.statements.RunAfters.evaluate(RunAfters.java:27)
	at org.junit.runners.ParentRunner.runLeaf(ParentRunner.java:271)
	at org.junit.runners.BlockJUnit4ClassRunner.runChild(BlockJUnit4ClassRunner.java:70)
	at org.junit.runners.BlockJUnit4ClassRunner.runChild(BlockJUnit4ClassRunner.java:50)
	at org.junit.runners.ParentRunner$3.run(ParentRunner.java:238)
	at org.junit.runners.ParentRunner$1.schedule(ParentRunner.java:63)
	at org.junit.runners.ParentRunner.runChildren(ParentRunner.java:236)
	at org.junit.runners.ParentRunner.access$000(ParentRunner.java:53)
	at org.junit.runners.ParentRunner$2.evaluate(ParentRunner.java:229)
	at org.junit.runners.ParentRunner.run(ParentRunner.java:309)
	at org.apache.maven.surefire.junit4.JUnit4Provider.execute(JUnit4Provider.java:365)
	at org.apache.maven.surefire.junit4.JUnit4Provider.executeWithRerun(JUnit4Provider.java:273)
	at org.apache.maven.surefire.junit4.JUnit4Provider.executeTestSet(JUnit4Provider.java:238)
	at org.apache.maven.surefire.junit4.JUnit4Provider.invoke(JUnit4Provider.java:159)
	at org.apache.maven.surefire.booter.ForkedBooter.invokeProviderInSameClassLoader(ForkedBooter.java:384)
	at org.apache.maven.surefire.booter.ForkedBooter.runSuitesInProcess(ForkedBooter.java:345)
	at org.apache.maven.surefire.booter.ForkedBooter.execute(ForkedBooter.java:126)
	at org.apache.maven.surefire.booter.ForkedBooter.main(ForkedBooter.java:418)

Nov 14, 2019 12:42:06 PM org.apache.ratis.thirdparty.io.grpc.internal.ManagedChannelOrphanWrapper$ManagedChannelReference cleanQueue
SEVERE: *~*~*~ Channel ManagedChannelImpl{logId=2557, target=192.168.34.21:36980} was not shutdown properly!!! ~*~*~*
    Make sure to call shutdown()/shutdownNow() and wait until awaitTermination() returns true.
java.lang.RuntimeException: ManagedChannel allocation site
	at org.apache.ratis.thirdparty.io.grpc.internal.ManagedChannelOrphanWrapper$ManagedChannelReference.<init>(ManagedChannelOrphanWrapper.java:103)
	at org.apache.ratis.thirdparty.io.grpc.internal.ManagedChannelOrphanWrapper.<init>(ManagedChannelOrphanWrapper.java:53)
	at org.apache.ratis.thirdparty.io.grpc.internal.ManagedChannelOrphanWrapper.<init>(ManagedChannelOrphanWrapper.java:44)
	at org.apache.ratis.thirdparty.io.grpc.internal.AbstractManagedChannelImplBuilder.build(AbstractManagedChannelImplBuilder.java:411)
	at org.apache.hadoop.hdds.scm.XceiverClientGrpc.connectToDatanode(XceiverClientGrpc.java:189)
	at org.apache.hadoop.hdds.scm.XceiverClientGrpc.reconnect(XceiverClientGrpc.java:468)
	at org.apache.hadoop.hdds.scm.XceiverClientGrpc.checkOpen(XceiverClientGrpc.java:459)
	at org.apache.hadoop.hdds.scm.XceiverClientGrpc.sendCommandAsync(XceiverClientGrpc.java:401)
	at org.apache.hadoop.hdds.scm.XceiverClientGrpc.sendCommandWithRetry(XceiverClientGrpc.java:320)
	at org.apache.hadoop.hdds.scm.XceiverClientGrpc.sendCommandWithTraceIDAndRetry(XceiverClientGrpc.java:265)
	at org.apache.hadoop.hdds.scm.XceiverClientGrpc.sendCommand(XceiverClientGrpc.java:248)
	at org.apache.hadoop.hdds.scm.storage.ContainerProtocolCalls.getBlock(ContainerProtocolCalls.java:118)
	at org.apache.hadoop.hdds.scm.storage.BlockInputStream.getChunkInfos(BlockInputStream.java:169)
	at org.apache.hadoop.hdds.scm.storage.BlockInputStream.initialize(BlockInputStream.java:118)
	at org.apache.hadoop.hdds.scm.storage.BlockInputStream.read(BlockInputStream.java:224)
	at org.apache.hadoop.ozone.client.io.KeyInputStream.read(KeyInputStream.java:173)
	at org.apache.hadoop.ozone.client.io.OzoneInputStream.read(OzoneInputStream.java:47)
	at java.io.InputStream.read(InputStream.java:101)
	at org.apache.hadoop.ozone.container.ContainerTestHelper.validateData(ContainerTestHelper.java:754)
	at org.apache.hadoop.ozone.client.rpc.TestFailureHandlingByClient.validateData(TestFailureHandlingByClient.java:413)
	at org.apache.hadoop.ozone.client.rpc.TestFailureHandlingByClient.testBlockWritesWithDnFailures(TestFailureHandlingByClient.java:172)
	at sun.reflect.NativeMethodAccessorImpl.invoke0(Native Method)
	at sun.reflect.NativeMethodAccessorImpl.invoke(NativeMethodAccessorImpl.java:62)
	at sun.reflect.DelegatingMethodAccessorImpl.invoke(DelegatingMethodAccessorImpl.java:43)
	at java.lang.reflect.Method.invoke(Method.java:498)
	at org.junit.runners.model.FrameworkMethod$1.runReflectiveCall(FrameworkMethod.java:47)
	at org.junit.internal.runners.model.ReflectiveCallable.run(ReflectiveCallable.java:12)
	at org.junit.runners.model.FrameworkMethod.invokeExplosively(FrameworkMethod.java:44)
	at org.junit.internal.runners.statements.InvokeMethod.evaluate(InvokeMethod.java:17)
	at org.junit.internal.runners.statements.RunAfters.evaluate(RunAfters.java:27)
	at org.junit.runners.ParentRunner.runLeaf(ParentRunner.java:271)
	at org.junit.runners.BlockJUnit4ClassRunner.runChild(BlockJUnit4ClassRunner.java:70)
	at org.junit.runners.BlockJUnit4ClassRunner.runChild(BlockJUnit4ClassRunner.java:50)
	at org.junit.runners.ParentRunner$3.run(ParentRunner.java:238)
	at org.junit.runners.ParentRunner$1.schedule(ParentRunner.java:63)
	at org.junit.runners.ParentRunner.runChildren(ParentRunner.java:236)
	at org.junit.runners.ParentRunner.access$000(ParentRunner.java:53)
	at org.junit.runners.ParentRunner$2.evaluate(ParentRunner.java:229)
	at org.junit.runners.ParentRunner.run(ParentRunner.java:309)
	at org.apache.maven.surefire.junit4.JUnit4Provider.execute(JUnit4Provider.java:365)
	at org.apache.maven.surefire.junit4.JUnit4Provider.executeWithRerun(JUnit4Provider.java:273)
	at org.apache.maven.surefire.junit4.JUnit4Provider.executeTestSet(JUnit4Provider.java:238)
	at org.apache.maven.surefire.junit4.JUnit4Provider.invoke(JUnit4Provider.java:159)
	at org.apache.maven.surefire.booter.ForkedBooter.invokeProviderInSameClassLoader(ForkedBooter.java:384)
	at org.apache.maven.surefire.booter.ForkedBooter.runSuitesInProcess(ForkedBooter.java:345)
	at org.apache.maven.surefire.booter.ForkedBooter.execute(ForkedBooter.java:126)
	at org.apache.maven.surefire.booter.ForkedBooter.main(ForkedBooter.java:418)

Nov 14, 2019 12:42:06 PM org.apache.ratis.thirdparty.io.grpc.internal.ManagedChannelOrphanWrapper$ManagedChannelReference cleanQueue
SEVERE: *~*~*~ Channel ManagedChannelImpl{logId=2568, target=192.168.34.21:39959} was not shutdown properly!!! ~*~*~*
    Make sure to call shutdown()/shutdownNow() and wait until awaitTermination() returns true.
java.lang.RuntimeException: ManagedChannel allocation site
	at org.apache.ratis.thirdparty.io.grpc.internal.ManagedChannelOrphanWrapper$ManagedChannelReference.<init>(ManagedChannelOrphanWrapper.java:103)
	at org.apache.ratis.thirdparty.io.grpc.internal.ManagedChannelOrphanWrapper.<init>(ManagedChannelOrphanWrapper.java:53)
	at org.apache.ratis.thirdparty.io.grpc.internal.ManagedChannelOrphanWrapper.<init>(ManagedChannelOrphanWrapper.java:44)
	at org.apache.ratis.thirdparty.io.grpc.internal.AbstractManagedChannelImplBuilder.build(AbstractManagedChannelImplBuilder.java:411)
	at org.apache.hadoop.hdds.scm.XceiverClientGrpc.connectToDatanode(XceiverClientGrpc.java:189)
	at org.apache.hadoop.hdds.scm.XceiverClientGrpc.reconnect(XceiverClientGrpc.java:468)
	at org.apache.hadoop.hdds.scm.XceiverClientGrpc.checkOpen(XceiverClientGrpc.java:459)
	at org.apache.hadoop.hdds.scm.XceiverClientGrpc.sendCommandAsync(XceiverClientGrpc.java:401)
	at org.apache.hadoop.hdds.scm.XceiverClientGrpc.sendCommandWithRetry(XceiverClientGrpc.java:320)
	at org.apache.hadoop.hdds.scm.XceiverClientGrpc.sendCommandWithTraceIDAndRetry(XceiverClientGrpc.java:265)
	at org.apache.hadoop.hdds.scm.XceiverClientGrpc.sendCommand(XceiverClientGrpc.java:248)
	at org.apache.hadoop.hdds.scm.storage.ContainerProtocolCalls.getBlock(ContainerProtocolCalls.java:118)
	at org.apache.hadoop.hdds.scm.storage.BlockInputStream.getChunkInfos(BlockInputStream.java:169)
	at org.apache.hadoop.hdds.scm.storage.BlockInputStream.initialize(BlockInputStream.java:118)
	at org.apache.hadoop.hdds.scm.storage.BlockInputStream.read(BlockInputStream.java:224)
	at org.apache.hadoop.ozone.client.io.KeyInputStream.read(KeyInputStream.java:173)
	at org.apache.hadoop.ozone.client.io.OzoneInputStream.read(OzoneInputStream.java:47)
	at java.io.InputStream.read(InputStream.java:101)
	at org.apache.hadoop.ozone.container.ContainerTestHelper.validateData(ContainerTestHelper.java:754)
	at org.apache.hadoop.ozone.client.rpc.TestFailureHandlingByClient.validateData(TestFailureHandlingByClient.java:413)
	at org.apache.hadoop.ozone.client.rpc.TestFailureHandlingByClient.testBlockWritesWithDnFailures(TestFailureHandlingByClient.java:172)
	at sun.reflect.NativeMethodAccessorImpl.invoke0(Native Method)
	at sun.reflect.NativeMethodAccessorImpl.invoke(NativeMethodAccessorImpl.java:62)
	at sun.reflect.DelegatingMethodAccessorImpl.invoke(DelegatingMethodAccessorImpl.java:43)
	at java.lang.reflect.Method.invoke(Method.java:498)
	at org.junit.runners.model.FrameworkMethod$1.runReflectiveCall(FrameworkMethod.java:47)
	at org.junit.internal.runners.model.ReflectiveCallable.run(ReflectiveCallable.java:12)
	at org.junit.runners.model.FrameworkMethod.invokeExplosively(FrameworkMethod.java:44)
	at org.junit.internal.runners.statements.InvokeMethod.evaluate(InvokeMethod.java:17)
	at org.junit.internal.runners.statements.RunAfters.evaluate(RunAfters.java:27)
	at org.junit.runners.ParentRunner.runLeaf(ParentRunner.java:271)
	at org.junit.runners.BlockJUnit4ClassRunner.runChild(BlockJUnit4ClassRunner.java:70)
	at org.junit.runners.BlockJUnit4ClassRunner.runChild(BlockJUnit4ClassRunner.java:50)
	at org.junit.runners.ParentRunner$3.run(ParentRunner.java:238)
	at org.junit.runners.ParentRunner$1.schedule(ParentRunner.java:63)
	at org.junit.runners.ParentRunner.runChildren(ParentRunner.java:236)
	at org.junit.runners.ParentRunner.access$000(ParentRunner.java:53)
	at org.junit.runners.ParentRunner$2.evaluate(ParentRunner.java:229)
	at org.junit.runners.ParentRunner.run(ParentRunner.java:309)
	at org.apache.maven.surefire.junit4.JUnit4Provider.execute(JUnit4Provider.java:365)
	at org.apache.maven.surefire.junit4.JUnit4Provider.executeWithRerun(JUnit4Provider.java:273)
	at org.apache.maven.surefire.junit4.JUnit4Provider.executeTestSet(JUnit4Provider.java:238)
	at org.apache.maven.surefire.junit4.JUnit4Provider.invoke(JUnit4Provider.java:159)
	at org.apache.maven.surefire.booter.ForkedBooter.invokeProviderInSameClassLoader(ForkedBooter.java:384)
	at org.apache.maven.surefire.booter.ForkedBooter.runSuitesInProcess(ForkedBooter.java:345)
	at org.apache.maven.surefire.booter.ForkedBooter.execute(ForkedBooter.java:126)
	at org.apache.maven.surefire.booter.ForkedBooter.main(ForkedBooter.java:418)

Nov 14, 2019 12:42:06 PM org.apache.ratis.thirdparty.io.grpc.internal.ManagedChannelOrphanWrapper$ManagedChannelReference cleanQueue
SEVERE: *~*~*~ Channel ManagedChannelImpl{logId=2561, target=192.168.34.21:42628} was not shutdown properly!!! ~*~*~*
    Make sure to call shutdown()/shutdownNow() and wait until awaitTermination() returns true.
java.lang.RuntimeException: ManagedChannel allocation site
	at org.apache.ratis.thirdparty.io.grpc.internal.ManagedChannelOrphanWrapper$ManagedChannelReference.<init>(ManagedChannelOrphanWrapper.java:103)
	at org.apache.ratis.thirdparty.io.grpc.internal.ManagedChannelOrphanWrapper.<init>(ManagedChannelOrphanWrapper.java:53)
	at org.apache.ratis.thirdparty.io.grpc.internal.ManagedChannelOrphanWrapper.<init>(ManagedChannelOrphanWrapper.java:44)
	at org.apache.ratis.thirdparty.io.grpc.internal.AbstractManagedChannelImplBuilder.build(AbstractManagedChannelImplBuilder.java:411)
	at org.apache.hadoop.hdds.scm.XceiverClientGrpc.connectToDatanode(XceiverClientGrpc.java:189)
	at org.apache.hadoop.hdds.scm.XceiverClientGrpc.reconnect(XceiverClientGrpc.java:468)
	at org.apache.hadoop.hdds.scm.XceiverClientGrpc.checkOpen(XceiverClientGrpc.java:459)
	at org.apache.hadoop.hdds.scm.XceiverClientGrpc.sendCommandAsync(XceiverClientGrpc.java:401)
	at org.apache.hadoop.hdds.scm.XceiverClientGrpc.sendCommandWithRetry(XceiverClientGrpc.java:320)
	at org.apache.hadoop.hdds.scm.XceiverClientGrpc.sendCommandWithTraceIDAndRetry(XceiverClientGrpc.java:265)
	at org.apache.hadoop.hdds.scm.XceiverClientGrpc.sendCommand(XceiverClientGrpc.java:248)
	at org.apache.hadoop.hdds.scm.storage.ContainerProtocolCalls.getBlock(ContainerProtocolCalls.java:118)
	at org.apache.hadoop.hdds.scm.storage.BlockInputStream.getChunkInfos(BlockInputStream.java:169)
	at org.apache.hadoop.hdds.scm.storage.BlockInputStream.initialize(BlockInputStream.java:118)
	at org.apache.hadoop.hdds.scm.storage.BlockInputStream.read(BlockInputStream.java:224)
	at org.apache.hadoop.ozone.client.io.KeyInputStream.read(KeyInputStream.java:173)
	at org.apache.hadoop.ozone.client.io.OzoneInputStream.read(OzoneInputStream.java:47)
	at java.io.InputStream.read(InputStream.java:101)
	at org.apache.hadoop.ozone.container.ContainerTestHelper.validateData(ContainerTestHelper.java:754)
	at org.apache.hadoop.ozone.client.rpc.TestFailureHandlingByClient.validateData(TestFailureHandlingByClient.java:413)
	at org.apache.hadoop.ozone.client.rpc.TestFailureHandlingByClient.testBlockWritesWithDnFailures(TestFailureHandlingByClient.java:172)
	at sun.reflect.NativeMethodAccessorImpl.invoke0(Native Method)
	at sun.reflect.NativeMethodAccessorImpl.invoke(NativeMethodAccessorImpl.java:62)
	at sun.reflect.DelegatingMethodAccessorImpl.invoke(DelegatingMethodAccessorImpl.java:43)
	at java.lang.reflect.Method.invoke(Method.java:498)
	at org.junit.runners.model.FrameworkMethod$1.runReflectiveCall(FrameworkMethod.java:47)
	at org.junit.internal.runners.model.ReflectiveCallable.run(ReflectiveCallable.java:12)
	at org.junit.runners.model.FrameworkMethod.invokeExplosively(FrameworkMethod.java:44)
	at org.junit.internal.runners.statements.InvokeMethod.evaluate(InvokeMethod.java:17)
	at org.junit.internal.runners.statements.RunAfters.evaluate(RunAfters.java:27)
	at org.junit.runners.ParentRunner.runLeaf(ParentRunner.java:271)
	at org.junit.runners.BlockJUnit4ClassRunner.runChild(BlockJUnit4ClassRunner.java:70)
	at org.junit.runners.BlockJUnit4ClassRunner.runChild(BlockJUnit4ClassRunner.java:50)
	at org.junit.runners.ParentRunner$3.run(ParentRunner.java:238)
	at org.junit.runners.ParentRunner$1.schedule(ParentRunner.java:63)
	at org.junit.runners.ParentRunner.runChildren(ParentRunner.java:236)
	at org.junit.runners.ParentRunner.access$000(ParentRunner.java:53)
	at org.junit.runners.ParentRunner$2.evaluate(ParentRunner.java:229)
	at org.junit.runners.ParentRunner.run(ParentRunner.java:309)
	at org.apache.maven.surefire.junit4.JUnit4Provider.execute(JUnit4Provider.java:365)
	at org.apache.maven.surefire.junit4.JUnit4Provider.executeWithRerun(JUnit4Provider.java:273)
	at org.apache.maven.surefire.junit4.JUnit4Provider.executeTestSet(JUnit4Provider.java:238)
	at org.apache.maven.surefire.junit4.JUnit4Provider.invoke(JUnit4Provider.java:159)
	at org.apache.maven.surefire.booter.ForkedBooter.invokeProviderInSameClassLoader(ForkedBooter.java:384)
	at org.apache.maven.surefire.booter.ForkedBooter.runSuitesInProcess(ForkedBooter.java:345)
	at org.apache.maven.surefire.booter.ForkedBooter.execute(ForkedBooter.java:126)
	at org.apache.maven.surefire.booter.ForkedBooter.main(ForkedBooter.java:418)

Nov 14, 2019 12:42:06 PM org.apache.ratis.thirdparty.io.grpc.internal.ManagedChannelOrphanWrapper$ManagedChannelReference cleanQueue
SEVERE: *~*~*~ Channel ManagedChannelImpl{logId=2548, target=192.168.34.21:42615} was not shutdown properly!!! ~*~*~*
    Make sure to call shutdown()/shutdownNow() and wait until awaitTermination() returns true.
java.lang.RuntimeException: ManagedChannel allocation site
	at org.apache.ratis.thirdparty.io.grpc.internal.ManagedChannelOrphanWrapper$ManagedChannelReference.<init>(ManagedChannelOrphanWrapper.java:103)
	at org.apache.ratis.thirdparty.io.grpc.internal.ManagedChannelOrphanWrapper.<init>(ManagedChannelOrphanWrapper.java:53)
	at org.apache.ratis.thirdparty.io.grpc.internal.ManagedChannelOrphanWrapper.<init>(ManagedChannelOrphanWrapper.java:44)
	at org.apache.ratis.thirdparty.io.grpc.internal.AbstractManagedChannelImplBuilder.build(AbstractManagedChannelImplBuilder.java:411)
	at org.apache.ratis.grpc.client.GrpcClientProtocolClient.<init>(GrpcClientProtocolClient.java:128)
	at org.apache.ratis.grpc.client.GrpcClientRpc.lambda$new$0(GrpcClientRpc.java:55)
	at org.apache.ratis.util.PeerProxyMap$PeerAndProxy.lambda$getProxy$0(PeerProxyMap.java:62)
	at org.apache.ratis.util.LifeCycle.startAndTransition(LifeCycle.java:202)
	at org.apache.ratis.util.PeerProxyMap$PeerAndProxy.getProxy(PeerProxyMap.java:61)
	at org.apache.ratis.util.PeerProxyMap.getProxy(PeerProxyMap.java:109)
	at org.apache.ratis.grpc.client.GrpcClientRpc.sendRequestAsync(GrpcClientRpc.java:66)
	at org.apache.ratis.client.impl.OrderedAsync.sendRequest(OrderedAsync.java:233)
	at org.apache.ratis.client.impl.OrderedAsync.sendRequestWithRetry(OrderedAsync.java:188)
	at org.apache.ratis.util.SlidingWindow$Client.sendOrDelayRequest(SlidingWindow.java:278)
	at org.apache.ratis.util.SlidingWindow$Client.submitNewRequest(SlidingWindow.java:257)
	at org.apache.ratis.client.impl.OrderedAsync.send(OrderedAsync.java:169)
	at org.apache.ratis.client.impl.OrderedAsync.newInstance(OrderedAsync.java:118)
	at org.apache.ratis.client.impl.RaftClientImpl.lambda$new$0(RaftClientImpl.java:102)
	at org.apache.ratis.util.MemoizedSupplier.get(MemoizedSupplier.java:62)
	at org.apache.ratis.client.impl.RaftClientImpl.getOrderedAsync(RaftClientImpl.java:119)
	at org.apache.ratis.client.impl.RaftClientImpl.sendAsync(RaftClientImpl.java:144)
	at org.apache.ratis.client.impl.RaftClientImpl.sendAsync(RaftClientImpl.java:124)
	at org.apache.hadoop.hdds.scm.XceiverClientRatis.sendRequestAsync(XceiverClientRatis.java:236)
	at org.apache.hadoop.hdds.scm.XceiverClientRatis.sendCommandAsync(XceiverClientRatis.java:317)
	at org.apache.hadoop.hdds.scm.storage.ContainerProtocolCalls.writeChunkAsync(ContainerProtocolCalls.java:310)
	at org.apache.hadoop.hdds.scm.storage.BlockOutputStream.writeChunkToContainer(BlockOutputStream.java:604)
	at org.apache.hadoop.hdds.scm.storage.BlockOutputStream.writeChunk(BlockOutputStream.java:462)
	at org.apache.hadoop.hdds.scm.storage.BlockOutputStream.handleFlush(BlockOutputStream.java:473)
	at org.apache.hadoop.hdds.scm.storage.BlockOutputStream.close(BlockOutputStream.java:496)
	at org.apache.hadoop.ozone.client.io.BlockOutputStreamEntry.close(BlockOutputStreamEntry.java:143)
	at org.apache.hadoop.ozone.client.io.KeyOutputStream.handleFlushOrClose(KeyOutputStream.java:435)
	at org.apache.hadoop.ozone.client.io.KeyOutputStream.close(KeyOutputStream.java:473)
	at org.apache.hadoop.ozone.client.io.OzoneOutputStream.close(OzoneOutputStream.java:60)
	at org.apache.hadoop.ozone.client.rpc.TestFailureHandlingByClient.testBlockWritesWithDnFailures(TestFailureHandlingByClient.java:163)
	at sun.reflect.NativeMethodAccessorImpl.invoke0(Native Method)
	at sun.reflect.NativeMethodAccessorImpl.invoke(NativeMethodAccessorImpl.java:62)
	at sun.reflect.DelegatingMethodAccessorImpl.invoke(DelegatingMethodAccessorImpl.java:43)
	at java.lang.reflect.Method.invoke(Method.java:498)
	at org.junit.runners.model.FrameworkMethod$1.runReflectiveCall(FrameworkMethod.java:47)
	at org.junit.internal.runners.model.ReflectiveCallable.run(ReflectiveCallable.java:12)
	at org.junit.runners.model.FrameworkMethod.invokeExplosively(FrameworkMethod.java:44)
	at org.junit.internal.runners.statements.InvokeMethod.evaluate(InvokeMethod.java:17)
	at org.junit.internal.runners.statements.RunAfters.evaluate(RunAfters.java:27)
	at org.junit.runners.ParentRunner.runLeaf(ParentRunner.java:271)
	at org.junit.runners.BlockJUnit4ClassRunner.runChild(BlockJUnit4ClassRunner.java:70)
	at org.junit.runners.BlockJUnit4ClassRunner.runChild(BlockJUnit4ClassRunner.java:50)
	at org.junit.runners.ParentRunner$3.run(ParentRunner.java:238)
	at org.junit.runners.ParentRunner$1.schedule(ParentRunner.java:63)
	at org.junit.runners.ParentRunner.runChildren(ParentRunner.java:236)
	at org.junit.runners.ParentRunner.access$000(ParentRunner.java:53)
	at org.junit.runners.ParentRunner$2.evaluate(ParentRunner.java:229)
	at org.junit.runners.ParentRunner.run(ParentRunner.java:309)
	at org.apache.maven.surefire.junit4.JUnit4Provider.execute(JUnit4Provider.java:365)
	at org.apache.maven.surefire.junit4.JUnit4Provider.executeWithRerun(JUnit4Provider.java:273)
	at org.apache.maven.surefire.junit4.JUnit4Provider.executeTestSet(JUnit4Provider.java:238)
	at org.apache.maven.surefire.junit4.JUnit4Provider.invoke(JUnit4Provider.java:159)
	at org.apache.maven.surefire.booter.ForkedBooter.invokeProviderInSameClassLoader(ForkedBooter.java:384)
	at org.apache.maven.surefire.booter.ForkedBooter.runSuitesInProcess(ForkedBooter.java:345)
	at org.apache.maven.surefire.booter.ForkedBooter.execute(ForkedBooter.java:126)
	at org.apache.maven.surefire.booter.ForkedBooter.main(ForkedBooter.java:418)

Nov 14, 2019 12:42:06 PM org.apache.ratis.thirdparty.io.grpc.internal.ManagedChannelOrphanWrapper$ManagedChannelReference cleanQueue
SEVERE: *~*~*~ Channel ManagedChannelImpl{logId=2553, target=192.168.34.21:35526} was not shutdown properly!!! ~*~*~*
    Make sure to call shutdown()/shutdownNow() and wait until awaitTermination() returns true.
java.lang.RuntimeException: ManagedChannel allocation site
	at org.apache.ratis.thirdparty.io.grpc.internal.ManagedChannelOrphanWrapper$ManagedChannelReference.<init>(ManagedChannelOrphanWrapper.java:103)
	at org.apache.ratis.thirdparty.io.grpc.internal.ManagedChannelOrphanWrapper.<init>(ManagedChannelOrphanWrapper.java:53)
	at org.apache.ratis.thirdparty.io.grpc.internal.ManagedChannelOrphanWrapper.<init>(ManagedChannelOrphanWrapper.java:44)
	at org.apache.ratis.thirdparty.io.grpc.internal.AbstractManagedChannelImplBuilder.build(AbstractManagedChannelImplBuilder.java:411)
	at org.apache.hadoop.hdds.scm.XceiverClientGrpc.connectToDatanode(XceiverClientGrpc.java:189)
	at org.apache.hadoop.hdds.scm.XceiverClientGrpc.connect(XceiverClientGrpc.java:138)
	at org.apache.hadoop.hdds.scm.XceiverClientManager$2.call(XceiverClientManager.java:242)
	at org.apache.hadoop.hdds.scm.XceiverClientManager$2.call(XceiverClientManager.java:226)
	at com.google.common.cache.LocalCache$LocalManualCache$1.load(LocalCache.java:4767)
	at com.google.common.cache.LocalCache$LoadingValueReference.loadFuture(LocalCache.java:3568)
	at com.google.common.cache.LocalCache$Segment.loadSync(LocalCache.java:2350)
	at com.google.common.cache.LocalCache$Segment.lockedGetOrLoad(LocalCache.java:2313)
	at com.google.common.cache.LocalCache$Segment.get(LocalCache.java:2228)
	at com.google.common.cache.LocalCache.get(LocalCache.java:3965)
	at com.google.common.cache.LocalCache$LocalManualCache.get(LocalCache.java:4764)
	at org.apache.hadoop.hdds.scm.XceiverClientManager.getClient(XceiverClientManager.java:226)
	at org.apache.hadoop.hdds.scm.XceiverClientManager.acquireClient(XceiverClientManager.java:172)
	at org.apache.hadoop.hdds.scm.XceiverClientManager.acquireClientForReadData(XceiverClientManager.java:162)
	at org.apache.hadoop.hdds.scm.storage.BlockInputStream.getChunkInfos(BlockInputStream.java:154)
	at org.apache.hadoop.hdds.scm.storage.BlockInputStream.initialize(BlockInputStream.java:118)
	at org.apache.hadoop.hdds.scm.storage.BlockInputStream.read(BlockInputStream.java:224)
	at org.apache.hadoop.ozone.client.io.KeyInputStream.read(KeyInputStream.java:173)
	at org.apache.hadoop.ozone.client.io.OzoneInputStream.read(OzoneInputStream.java:47)
	at java.io.InputStream.read(InputStream.java:101)
	at org.apache.hadoop.ozone.container.ContainerTestHelper.validateData(ContainerTestHelper.java:754)
	at org.apache.hadoop.ozone.client.rpc.TestFailureHandlingByClient.validateData(TestFailureHandlingByClient.java:413)
	at org.apache.hadoop.ozone.client.rpc.TestFailureHandlingByClient.testBlockWritesWithDnFailures(TestFailureHandlingByClient.java:172)
	at sun.reflect.NativeMethodAccessorImpl.invoke0(Native Method)
	at sun.reflect.NativeMethodAccessorImpl.invoke(NativeMethodAccessorImpl.java:62)
	at sun.reflect.DelegatingMethodAccessorImpl.invoke(DelegatingMethodAccessorImpl.java:43)
	at java.lang.reflect.Method.invoke(Method.java:498)
	at org.junit.runners.model.FrameworkMethod$1.runReflectiveCall(FrameworkMethod.java:47)
	at org.junit.internal.runners.model.ReflectiveCallable.run(ReflectiveCallable.java:12)
	at org.junit.runners.model.FrameworkMethod.invokeExplosively(FrameworkMethod.java:44)
	at org.junit.internal.runners.statements.InvokeMethod.evaluate(InvokeMethod.java:17)
	at org.junit.internal.runners.statements.RunAfters.evaluate(RunAfters.java:27)
	at org.junit.runners.ParentRunner.runLeaf(ParentRunner.java:271)
	at org.junit.runners.BlockJUnit4ClassRunner.runChild(BlockJUnit4ClassRunner.java:70)
	at org.junit.runners.BlockJUnit4ClassRunner.runChild(BlockJUnit4ClassRunner.java:50)
	at org.junit.runners.ParentRunner$3.run(ParentRunner.java:238)
	at org.junit.runners.ParentRunner$1.schedule(ParentRunner.java:63)
	at org.junit.runners.ParentRunner.runChildren(ParentRunner.java:236)
	at org.junit.runners.ParentRunner.access$000(ParentRunner.java:53)
	at org.junit.runners.ParentRunner$2.evaluate(ParentRunner.java:229)
	at org.junit.runners.ParentRunner.run(ParentRunner.java:309)
	at org.apache.maven.surefire.junit4.JUnit4Provider.execute(JUnit4Provider.java:365)
	at org.apache.maven.surefire.junit4.JUnit4Provider.executeWithRerun(JUnit4Provider.java:273)
	at org.apache.maven.surefire.junit4.JUnit4Provider.executeTestSet(JUnit4Provider.java:238)
	at org.apache.maven.surefire.junit4.JUnit4Provider.invoke(JUnit4Provider.java:159)
	at org.apache.maven.surefire.booter.ForkedBooter.invokeProviderInSameClassLoader(ForkedBooter.java:384)
	at org.apache.maven.surefire.booter.ForkedBooter.runSuitesInProcess(ForkedBooter.java:345)
	at org.apache.maven.surefire.booter.ForkedBooter.execute(ForkedBooter.java:126)
	at org.apache.maven.surefire.booter.ForkedBooter.main(ForkedBooter.java:418)

Nov 14, 2019 12:42:08 PM org.apache.ratis.thirdparty.io.grpc.internal.SerializingExecutor run
SEVERE: Exception while executing runnable org.apache.ratis.thirdparty.io.grpc.internal.ServerImpl$JumpToApplicationThreadServerStreamListener$1Closed@5e0e7c3
org.apache.ratis.thirdparty.io.grpc.StatusRuntimeException: CANCELLED: call already cancelled
	at org.apache.ratis.thirdparty.io.grpc.Status.asRuntimeException(Status.java:517)
	at org.apache.ratis.thirdparty.io.grpc.stub.ServerCalls$ServerCallStreamObserverImpl.onCompleted(ServerCalls.java:356)
	at org.apache.ratis.grpc.server.GrpcServerProtocolService$ServerRequestStreamObserver.onError(GrpcServerProtocolService.java:121)
	at org.apache.ratis.thirdparty.io.grpc.stub.ServerCalls$StreamingServerCallHandler$StreamingServerCallListener.onCancel(ServerCalls.java:269)
	at org.apache.ratis.thirdparty.io.grpc.internal.ServerCallImpl$ServerStreamListenerImpl.closed(ServerCallImpl.java:293)
	at org.apache.ratis.thirdparty.io.grpc.internal.ServerImpl$JumpToApplicationThreadServerStreamListener$1Closed.runInContext(ServerImpl.java:741)
	at org.apache.ratis.thirdparty.io.grpc.internal.ContextRunnable.run(ContextRunnable.java:37)
	at org.apache.ratis.thirdparty.io.grpc.internal.SerializingExecutor.run(SerializingExecutor.java:123)
	at java.util.concurrent.ThreadPoolExecutor.runWorker(ThreadPoolExecutor.java:1149)
	at java.util.concurrent.ThreadPoolExecutor$Worker.run(ThreadPoolExecutor.java:624)
	at java.lang.Thread.run(Thread.java:748)

Nov 14, 2019 12:42:18 PM org.apache.ratis.thirdparty.io.grpc.internal.SerializingExecutor run
SEVERE: Exception while executing runnable org.apache.ratis.thirdparty.io.grpc.internal.ServerImpl$JumpToApplicationThreadServerStreamListener$1Closed@5e39c8a6
org.apache.ratis.thirdparty.io.grpc.StatusRuntimeException: CANCELLED: call already cancelled
	at org.apache.ratis.thirdparty.io.grpc.Status.asRuntimeException(Status.java:517)
	at org.apache.ratis.thirdparty.io.grpc.stub.ServerCalls$ServerCallStreamObserverImpl.onCompleted(ServerCalls.java:356)
	at org.apache.ratis.grpc.server.GrpcServerProtocolService$ServerRequestStreamObserver.onError(GrpcServerProtocolService.java:121)
	at org.apache.ratis.thirdparty.io.grpc.stub.ServerCalls$StreamingServerCallHandler$StreamingServerCallListener.onCancel(ServerCalls.java:269)
	at org.apache.ratis.thirdparty.io.grpc.internal.ServerCallImpl$ServerStreamListenerImpl.closed(ServerCallImpl.java:293)
	at org.apache.ratis.thirdparty.io.grpc.internal.ServerImpl$JumpToApplicationThreadServerStreamListener$1Closed.runInContext(ServerImpl.java:741)
	at org.apache.ratis.thirdparty.io.grpc.internal.ContextRunnable.run(ContextRunnable.java:37)
	at org.apache.ratis.thirdparty.io.grpc.internal.SerializingExecutor.run(SerializingExecutor.java:123)
	at java.util.concurrent.ThreadPoolExecutor.runWorker(ThreadPoolExecutor.java:1149)
	at java.util.concurrent.ThreadPoolExecutor$Worker.run(ThreadPoolExecutor.java:624)
	at java.lang.Thread.run(Thread.java:748)

Nov 14, 2019 12:42:23 PM org.apache.ratis.thirdparty.io.grpc.internal.SerializingExecutor run
SEVERE: Exception while executing runnable org.apache.ratis.thirdparty.io.grpc.internal.ServerImpl$JumpToApplicationThreadServerStreamListener$1Closed@510d784b
org.apache.ratis.thirdparty.io.grpc.StatusRuntimeException: CANCELLED: call already cancelled
	at org.apache.ratis.thirdparty.io.grpc.Status.asRuntimeException(Status.java:517)
	at org.apache.ratis.thirdparty.io.grpc.stub.ServerCalls$ServerCallStreamObserverImpl.onCompleted(ServerCalls.java:356)
	at org.apache.ratis.grpc.server.GrpcServerProtocolService$ServerRequestStreamObserver.onError(GrpcServerProtocolService.java:121)
	at org.apache.ratis.thirdparty.io.grpc.stub.ServerCalls$StreamingServerCallHandler$StreamingServerCallListener.onCancel(ServerCalls.java:269)
	at org.apache.ratis.thirdparty.io.grpc.internal.ServerCallImpl$ServerStreamListenerImpl.closed(ServerCallImpl.java:293)
	at org.apache.ratis.thirdparty.io.grpc.internal.ServerImpl$JumpToApplicationThreadServerStreamListener$1Closed.runInContext(ServerImpl.java:741)
	at org.apache.ratis.thirdparty.io.grpc.internal.ContextRunnable.run(ContextRunnable.java:37)
	at org.apache.ratis.thirdparty.io.grpc.internal.SerializingExecutor.run(SerializingExecutor.java:123)
	at java.util.concurrent.ThreadPoolExecutor.runWorker(ThreadPoolExecutor.java:1149)
	at java.util.concurrent.ThreadPoolExecutor$Worker.run(ThreadPoolExecutor.java:624)
	at java.lang.Thread.run(Thread.java:748)

]]></system-err>
  </testcase>
</testsuite>