<?xml version="1.0" encoding="UTF-8"?>
<testsuite xmlns:xsi="http://www.w3.org/2001/XMLSchema-instance" xsi:noNamespaceSchemaLocation="https://maven.apache.org/surefire/maven-surefire-plugin/xsd/surefire-test-report.xsd" name="org.apache.hadoop.ozone.client.rpc.TestFailureHandlingByClient" time="278.531" tests="5" errors="1" skipped="0" failures="1">
  <properties>
    <property name="awt.toolkit" value="sun.awt.X11.XToolkit"/>
    <property name="file.encoding.pkg" value="sun.io"/>
    <property name="java.specification.version" value="1.8"/>
    <property name="sun.cpu.isalist" value=""/>
    <property name="sun.jnu.encoding" value="ANSI_X3.4-1968"/>
    <property name="java.class.path" value="/workdir/hadoop-ozone/integration-test/target/test-classes:/workdir/hadoop-ozone/integration-test/target/classes:/home/user/.m2/repository/org/apache/hadoop/hadoop-ozone-common/0.5.0-SNAPSHOT/hadoop-ozone-common-0.5.0-SNAPSHOT.jar:/home/user/.m2/repository/org/apache/commons/commons-compress/1.4.1/commons-compress-1.4.1.jar:/home/user/.m2/repository/org/tukaani/xz/1.0/xz-1.0.jar:/home/user/.m2/repository/org/apache/hadoop/hadoop-common/3.2.0/hadoop-common-3.2.0.jar:/home/user/.m2/repository/org/apache/hadoop/hadoop-hdfs/3.2.0/hadoop-hdfs-3.2.0.jar:/home/user/.m2/repository/org/apache/hadoop/hadoop-hdfs-client/3.2.0/hadoop-hdfs-client-3.2.0.jar:/home/user/.m2/repository/com/fasterxml/jackson/core/jackson-annotations/2.9.9/jackson-annotations-2.9.9.jar:/home/user/.m2/repository/org/apache/hadoop/hadoop-hdds-common/0.5.0-SNAPSHOT/hadoop-hdds-common-0.5.0-SNAPSHOT.jar:/home/user/.m2/repository/javax/annotation/javax.annotation-api/1.2/javax.annotation-api-1.2.jar:/home/user/.m2/repository/org/apache/ratis/ratis-server/0.5.0-d6d58d0-SNAPSHOT/ratis-server-0.5.0-d6d58d0-SNAPSHOT.jar:/home/user/.m2/repository/org/apache/ratis/ratis-thirdparty-misc/0.2.0/ratis-thirdparty-misc-0.2.0.jar:/home/user/.m2/repository/org/apache/ratis/ratis-proto/0.5.0-d6d58d0-SNAPSHOT/ratis-proto-0.5.0-d6d58d0-SNAPSHOT.jar:/home/user/.m2/repository/org/apache/ratis/ratis-common/0.5.0-d6d58d0-SNAPSHOT/ratis-common-0.5.0-d6d58d0-SNAPSHOT.jar:/home/user/.m2/repository/org/apache/ratis/ratis-client/0.5.0-d6d58d0-SNAPSHOT/ratis-client-0.5.0-d6d58d0-SNAPSHOT.jar:/home/user/.m2/repository/org/apache/ratis/ratis-metrics/0.5.0-d6d58d0-SNAPSHOT/ratis-metrics-0.5.0-d6d58d0-SNAPSHOT.jar:/home/user/.m2/repository/org/apache/ratis/ratis-netty/0.5.0-d6d58d0-SNAPSHOT/ratis-netty-0.5.0-d6d58d0-SNAPSHOT.jar:/home/user/.m2/repository/org/apache/ratis/ratis-grpc/0.5.0-d6d58d0-SNAPSHOT/ratis-grpc-0.5.0-d6d58d0-SNAPSHOT.jar:/home/user/.m2/repository/org/rocksdb/rocksdbjni/6.0.1/rocksdbjni-6.0.1.jar:/home/user/.m2/repository/org/apache/logging/log4j/log4j-api/2.11.0/log4j-api-2.11.0.jar:/home/user/.m2/repository/org/apache/logging/log4j/log4j-core/2.11.0/log4j-core-2.11.0.jar:/home/user/.m2/repository/com/lmax/disruptor/3.4.2/disruptor-3.4.2.jar:/home/user/.m2/repository/org/apache/commons/commons-pool2/2.6.0/commons-pool2-2.6.0.jar:/home/user/.m2/repository/org/bouncycastle/bcpkix-jdk15on/1.60/bcpkix-jdk15on-1.60.jar:/home/user/.m2/repository/commons-validator/commons-validator/1.6/commons-validator-1.6.jar:/home/user/.m2/repository/commons-digester/commons-digester/1.8.1/commons-digester-1.8.1.jar:/home/user/.m2/repository/io/jaegertracing/jaeger-client/0.34.0/jaeger-client-0.34.0.jar:/home/user/.m2/repository/io/jaegertracing/jaeger-thrift/0.34.0/jaeger-thrift-0.34.0.jar:/home/user/.m2/repository/org/apache/thrift/libthrift/0.12.0/libthrift-0.12.0.jar:/home/user/.m2/repository/com/squareup/okhttp3/okhttp/3.9.0/okhttp-3.9.0.jar:/home/user/.m2/repository/com/squareup/okio/okio/1.13.0/okio-1.13.0.jar:/home/user/.m2/repository/io/jaegertracing/jaeger-core/0.34.0/jaeger-core-0.34.0.jar:/home/user/.m2/repository/io/jaegertracing/jaeger-tracerresolver/0.34.0/jaeger-tracerresolver-0.34.0.jar:/home/user/.m2/repository/io/opentracing/contrib/opentracing-tracerresolver/0.1.5/opentracing-tracerresolver-0.1.5.jar:/home/user/.m2/repository/io/opentracing/opentracing-util/0.31.0/opentracing-util-0.31.0.jar:/home/user/.m2/repository/io/opentracing/opentracing-api/0.31.0/opentracing-api-0.31.0.jar:/home/user/.m2/repository/io/opentracing/opentracing-noop/0.31.0/opentracing-noop-0.31.0.jar:/home/user/.m2/repository/org/apache/hadoop/hadoop-hdds-server-framework/0.5.0-SNAPSHOT/hadoop-hdds-server-framework-0.5.0-SNAPSHOT.jar:/home/user/.m2/repository/org/apache/hadoop/hadoop-hdds-container-service/0.5.0-SNAPSHOT/hadoop-hdds-container-service-0.5.0-SNAPSHOT.jar:/home/user/.m2/repository/org/apache/hadoop/hadoop-hdds-client/0.5.0-SNAPSHOT/hadoop-hdds-client-0.5.0-SNAPSHOT.jar:/home/user/.m2/repository/org/apache/hadoop/hadoop-hdds-tools/0.5.0-SNAPSHOT/hadoop-hdds-tools-0.5.0-SNAPSHOT.jar:/home/user/.m2/repository/org/apache/hadoop/hadoop-hdds-server-scm/0.5.0-SNAPSHOT/hadoop-hdds-server-scm-0.5.0-SNAPSHOT.jar:/home/user/.m2/repository/org/apache/hadoop/hadoop-hdds-docs/0.5.0-SNAPSHOT/hadoop-hdds-docs-0.5.0-SNAPSHOT.jar:/home/user/.m2/repository/io/dropwizard/metrics/metrics-core/3.2.4/metrics-core-3.2.4.jar:/home/user/.m2/repository/org/hamcrest/hamcrest-all/1.3/hamcrest-all-1.3.jar:/home/user/.m2/repository/org/bouncycastle/bcprov-jdk15on/1.60/bcprov-jdk15on-1.60.jar:/home/user/.m2/repository/info/picocli/picocli/3.9.6/picocli-3.9.6.jar:/home/user/.m2/repository/com/google/protobuf/protobuf-java/2.5.0/protobuf-java-2.5.0.jar:/home/user/.m2/repository/com/google/guava/guava/11.0.2/guava-11.0.2.jar:/home/user/.m2/repository/org/apache/hadoop/hadoop-ozone-ozone-manager/0.5.0-SNAPSHOT/hadoop-ozone-ozone-manager-0.5.0-SNAPSHOT.jar:/home/user/.m2/repository/org/apache/hadoop/hadoop-minikdc/3.2.0/hadoop-minikdc-3.2.0.jar:/home/user/.m2/repository/commons-io/commons-io/2.5/commons-io-2.5.jar:/home/user/.m2/repository/org/apache/kerby/kerb-simplekdc/1.0.1/kerb-simplekdc-1.0.1.jar:/home/user/.m2/repository/org/apache/kerby/kerb-client/1.0.1/kerb-client-1.0.1.jar:/home/user/.m2/repository/org/apache/kerby/kerby-config/1.0.1/kerby-config-1.0.1.jar:/home/user/.m2/repository/org/apache/kerby/kerb-core/1.0.1/kerb-core-1.0.1.jar:/home/user/.m2/repository/org/apache/kerby/kerby-pkix/1.0.1/kerby-pkix-1.0.1.jar:/home/user/.m2/repository/org/apache/kerby/kerby-asn1/1.0.1/kerby-asn1-1.0.1.jar:/home/user/.m2/repository/org/apache/kerby/kerby-util/1.0.1/kerby-util-1.0.1.jar:/home/user/.m2/repository/org/apache/kerby/kerb-common/1.0.1/kerb-common-1.0.1.jar:/home/user/.m2/repository/org/apache/kerby/kerb-crypto/1.0.1/kerb-crypto-1.0.1.jar:/home/user/.m2/repository/org/apache/kerby/kerb-util/1.0.1/kerb-util-1.0.1.jar:/home/user/.m2/repository/org/apache/kerby/token-provider/1.0.1/token-provider-1.0.1.jar:/home/user/.m2/repository/org/apache/kerby/kerb-admin/1.0.1/kerb-admin-1.0.1.jar:/home/user/.m2/repository/org/apache/kerby/kerb-server/1.0.1/kerb-server-1.0.1.jar:/home/user/.m2/repository/org/apache/kerby/kerb-identity/1.0.1/kerb-identity-1.0.1.jar:/home/user/.m2/repository/org/apache/kerby/kerby-xdr/1.0.1/kerby-xdr-1.0.1.jar:/home/user/.m2/repository/org/slf4j/slf4j-log4j12/1.7.25/slf4j-log4j12-1.7.25.jar:/home/user/.m2/repository/org/apache/hadoop/hadoop-ozone-s3gateway/0.5.0-SNAPSHOT/hadoop-ozone-s3gateway-0.5.0-SNAPSHOT.jar:/home/user/.m2/repository/org/jboss/weld/servlet/weld-servlet/2.4.7.Final/weld-servlet-2.4.7.Final.jar:/home/user/.m2/repository/org/glassfish/jersey/containers/jersey-container-servlet-core/2.27/jersey-container-servlet-core-2.27.jar:/home/user/.m2/repository/org/glassfish/hk2/external/javax.inject/2.5.0-b42/javax.inject-2.5.0-b42.jar:/home/user/.m2/repository/org/glassfish/jersey/core/jersey-common/2.27/jersey-common-2.27.jar:/home/user/.m2/repository/org/glassfish/hk2/osgi-resource-locator/1.0.1/osgi-resource-locator-1.0.1.jar:/home/user/.m2/repository/javax/ws/rs/javax.ws.rs-api/2.1/javax.ws.rs-api-2.1.jar:/home/user/.m2/repository/org/glassfish/jersey/ext/cdi/jersey-cdi1x/2.27/jersey-cdi1x-2.27.jar:/home/user/.m2/repository/org/glassfish/jersey/inject/jersey-hk2/2.27/jersey-hk2-2.27.jar:/home/user/.m2/repository/org/glassfish/hk2/hk2-locator/2.5.0-b42/hk2-locator-2.5.0-b42.jar:/home/user/.m2/repository/org/javassist/javassist/3.22.0-CR2/javassist-3.22.0-CR2.jar:/home/user/.m2/repository/org/glassfish/hk2/hk2-api/2.5.0/hk2-api-2.5.0.jar:/home/user/.m2/repository/org/glassfish/hk2/external/jakarta.inject/2.5.0/jakarta.inject-2.5.0.jar:/home/user/.m2/repository/org/glassfish/hk2/hk2-utils/2.5.0/hk2-utils-2.5.0.jar:/home/user/.m2/repository/jakarta/annotation/jakarta.annotation-api/1.3.4/jakarta.annotation-api-1.3.4.jar:/home/user/.m2/repository/org/glassfish/hk2/external/aopalliance-repackaged/2.5.0/aopalliance-repackaged-2.5.0.jar:/home/user/.m2/repository/com/fasterxml/jackson/dataformat/jackson-dataformat-xml/2.9.0/jackson-dataformat-xml-2.9.0.jar:/home/user/.m2/repository/com/fasterxml/jackson/core/jackson-core/2.9.9/jackson-core-2.9.9.jar:/home/user/.m2/repository/com/fasterxml/jackson/module/jackson-module-jaxb-annotations/2.9.9/jackson-module-jaxb-annotations-2.9.9.jar:/home/user/.m2/repository/javax/enterprise/cdi-api/1.2/cdi-api-1.2.jar:/home/user/.m2/repository/javax/el/javax.el-api/3.0.0/javax.el-api-3.0.0.jar:/home/user/.m2/repository/javax/interceptor/javax.interceptor-api/1.2/javax.interceptor-api-1.2.jar:/home/user/.m2/repository/javax/inject/javax.inject/1/javax.inject-1.jar:/home/user/.m2/repository/com/sun/xml/bind/jaxb-impl/2.3.0.1/jaxb-impl-2.3.0.1.jar:/home/user/.m2/repository/com/sun/xml/bind/jaxb-core/2.3.0.1/jaxb-core-2.3.0.1.jar:/home/user/.m2/repository/javax/xml/bind/jaxb-api/2.3.0/jaxb-api-2.3.0.jar:/home/user/.m2/repository/javax/activation/activation/1.1.1/activation-1.1.1.jar:/home/user/.m2/repository/org/apache/hadoop/hadoop-ozone-csi/0.5.0-SNAPSHOT/hadoop-ozone-csi-0.5.0-SNAPSHOT.jar:/home/user/.m2/repository/com/google/protobuf/protobuf-java-util/3.5.1/protobuf-java-util-3.5.1.jar:/home/user/.m2/repository/org/apache/hadoop/hadoop-hdds-config/0.5.0-SNAPSHOT/hadoop-hdds-config-0.5.0-SNAPSHOT.jar:/home/user/.m2/repository/io/grpc/grpc-netty/1.17.1/grpc-netty-1.17.1.jar:/home/user/.m2/repository/io/grpc/grpc-core/1.17.1/grpc-core-1.17.1.jar:/home/user/.m2/repository/io/grpc/grpc-context/1.17.1/grpc-context-1.17.1.jar:/home/user/.m2/repository/com/google/errorprone/error_prone_annotations/2.2.0/error_prone_annotations-2.2.0.jar:/home/user/.m2/repository/org/codehaus/mojo/animal-sniffer-annotations/1.17/animal-sniffer-annotations-1.17.jar:/home/user/.m2/repository/io/opencensus/opencensus-api/0.17.0/opencensus-api-0.17.0.jar:/home/user/.m2/repository/io/opencensus/opencensus-contrib-grpc-metrics/0.17.0/opencensus-contrib-grpc-metrics-0.17.0.jar:/home/user/.m2/repository/io/netty/netty-codec-http2/4.1.30.Final/netty-codec-http2-4.1.30.Final.jar:/home/user/.m2/repository/io/netty/netty-codec-http/4.1.30.Final/netty-codec-http-4.1.30.Final.jar:/home/user/.m2/repository/io/netty/netty-codec/4.1.30.Final/netty-codec-4.1.30.Final.jar:/home/user/.m2/repository/io/netty/netty-handler/4.1.30.Final/netty-handler-4.1.30.Final.jar:/home/user/.m2/repository/io/netty/netty-handler-proxy/4.1.30.Final/netty-handler-proxy-4.1.30.Final.jar:/home/user/.m2/repository/io/netty/netty-codec-socks/4.1.30.Final/netty-codec-socks-4.1.30.Final.jar:/home/user/.m2/repository/io/netty/netty-transport-native-epoll/4.1.30.Final/netty-transport-native-epoll-4.1.30.Final.jar:/home/user/.m2/repository/io/netty/netty-common/4.1.30.Final/netty-common-4.1.30.Final.jar:/home/user/.m2/repository/io/netty/netty-buffer/4.1.30.Final/netty-buffer-4.1.30.Final.jar:/home/user/.m2/repository/io/netty/netty-transport/4.1.30.Final/netty-transport-4.1.30.Final.jar:/home/user/.m2/repository/io/netty/netty-resolver/4.1.30.Final/netty-resolver-4.1.30.Final.jar:/home/user/.m2/repository/io/netty/netty-transport-native-unix-common/4.1.30.Final/netty-transport-native-unix-common-4.1.30.Final.jar:/home/user/.m2/repository/io/grpc/grpc-protobuf/1.17.1/grpc-protobuf-1.17.1.jar:/home/user/.m2/repository/com/google/api/grpc/proto-google-common-protos/1.0.0/proto-google-common-protos-1.0.0.jar:/home/user/.m2/repository/io/grpc/grpc-protobuf-lite/1.17.1/grpc-protobuf-lite-1.17.1.jar:/home/user/.m2/repository/io/grpc/grpc-stub/1.17.1/grpc-stub-1.17.1.jar:/home/user/.m2/repository/org/apache/hadoop/hadoop-ozone-recon/0.5.0-SNAPSHOT/hadoop-ozone-recon-0.5.0-SNAPSHOT.jar:/home/user/.m2/repository/org/apache/hadoop/hadoop-ozone-reconcodegen/0.5.0-SNAPSHOT/hadoop-ozone-reconcodegen-0.5.0-SNAPSHOT.jar:/home/user/.m2/repository/com/google/inject/extensions/guice-multibindings/4.0/guice-multibindings-4.0.jar:/home/user/.m2/repository/com/google/inject/guice/4.0/guice-4.0.jar:/home/user/.m2/repository/aopalliance/aopalliance/1.0/aopalliance-1.0.jar:/home/user/.m2/repository/com/google/inject/extensions/guice-servlet/4.0/guice-servlet-4.0.jar:/home/user/.m2/repository/org/glassfish/jersey/containers/jersey-container-servlet/2.27/jersey-container-servlet-2.27.jar:/home/user/.m2/repository/org/glassfish/hk2/guice-bridge/2.5.0/guice-bridge-2.5.0.jar:/home/user/.m2/repository/org/glassfish/jersey/core/jersey-server/2.27/jersey-server-2.27.jar:/home/user/.m2/repository/org/glassfish/jersey/core/jersey-client/2.27/jersey-client-2.27.jar:/home/user/.m2/repository/org/glassfish/jersey/media/jersey-media-jaxb/2.27/jersey-media-jaxb-2.27.jar:/home/user/.m2/repository/javax/validation/validation-api/1.1.0.Final/validation-api-1.1.0.Final.jar:/home/user/.m2/repository/org/glassfish/jersey/media/jersey-media-json-jackson/2.27/jersey-media-json-jackson-2.27.jar:/home/user/.m2/repository/org/glassfish/jersey/ext/jersey-entity-filtering/2.27/jersey-entity-filtering-2.27.jar:/home/user/.m2/repository/com/google/inject/extensions/guice-assistedinject/4.0/guice-assistedinject-4.0.jar:/home/user/.m2/repository/org/jooq/jooq/3.11.10/jooq-3.11.10.jar:/home/user/.m2/repository/org/jooq/jooq-meta/3.11.10/jooq-meta-3.11.10.jar:/home/user/.m2/repository/org/jooq/jooq-codegen/3.11.10/jooq-codegen-3.11.10.jar:/home/user/.m2/repository/com/jolbox/bonecp/0.8.0.RELEASE/bonecp-0.8.0.RELEASE.jar:/home/user/.m2/repository/org/xerial/sqlite-jdbc/3.25.2/sqlite-jdbc-3.25.2.jar:/home/user/.m2/repository/org/springframework/spring-jdbc/5.1.3.RELEASE/spring-jdbc-5.1.3.RELEASE.jar:/home/user/.m2/repository/org/springframework/spring-beans/5.1.3.RELEASE/spring-beans-5.1.3.RELEASE.jar:/home/user/.m2/repository/org/springframework/spring-core/5.1.3.RELEASE/spring-core-5.1.3.RELEASE.jar:/home/user/.m2/repository/org/springframework/spring-jcl/5.1.3.RELEASE/spring-jcl-5.1.3.RELEASE.jar:/home/user/.m2/repository/org/springframework/spring-tx/5.1.3.RELEASE/spring-tx-5.1.3.RELEASE.jar:/home/user/.m2/repository/org/apache/hadoop/hadoop-ozone-client/0.5.0-SNAPSHOT/hadoop-ozone-client-0.5.0-SNAPSHOT.jar:/home/user/.m2/repository/commons-lang/commons-lang/2.6/commons-lang-2.6.jar:/home/user/.m2/repository/org/apache/hadoop/hadoop-ozone-ozone-manager/0.5.0-SNAPSHOT/hadoop-ozone-ozone-manager-0.5.0-SNAPSHOT-tests.jar:/home/user/.m2/repository/junit/junit/4.11/junit-4.11.jar:/home/user/.m2/repository/org/hamcrest/hamcrest-core/1.3/hamcrest-core-1.3.jar:/home/user/.m2/repository/org/openjdk/jmh/jmh-core/1.19/jmh-core-1.19.jar:/home/user/.m2/repository/net/sf/jopt-simple/jopt-simple/4.6/jopt-simple-4.6.jar:/home/user/.m2/repository/org/apache/commons/commons-math3/3.1.1/commons-math3-3.1.1.jar:/home/user/.m2/repository/org/openjdk/jmh/jmh-generator-annprocess/1.19/jmh-generator-annprocess-1.19.jar:/home/user/.m2/repository/org/mockito/mockito-all/1.8.5/mockito-all-1.8.5.jar:/home/user/.m2/repository/org/apache/hadoop/hadoop-kms/3.2.0/hadoop-kms-3.2.0.jar:/home/user/.m2/repository/org/apache/hadoop/hadoop-auth/3.2.0/hadoop-auth-3.2.0.jar:/home/user/.m2/repository/com/nimbusds/nimbus-jose-jwt/4.41.1/nimbus-jose-jwt-4.41.1.jar:/home/user/.m2/repository/com/github/stephenc/jcip/jcip-annotations/1.0-1/jcip-annotations-1.0-1.jar:/home/user/.m2/repository/net/minidev/json-smart/2.3/json-smart-2.3.jar:/home/user/.m2/repository/net/minidev/accessors-smart/1.2/accessors-smart-1.2.jar:/home/user/.m2/repository/org/ow2/asm/asm/5.0.4/asm-5.0.4.jar:/home/user/.m2/repository/org/apache/curator/curator-framework/2.12.0/curator-framework-2.12.0.jar:/home/user/.m2/repository/com/sun/jersey/jersey-core/1.19/jersey-core-1.19.jar:/home/user/.m2/repository/javax/ws/rs/jsr311-api/1.1.1/jsr311-api-1.1.1.jar:/home/user/.m2/repository/com/sun/jersey/jersey-server/1.19/jersey-server-1.19.jar:/home/user/.m2/repository/javax/servlet/javax.servlet-api/3.1.0/javax.servlet-api-3.1.0.jar:/home/user/.m2/repository/org/eclipse/jetty/jetty-server/9.3.25.v20180904/jetty-server-9.3.25.v20180904.jar:/home/user/.m2/repository/org/eclipse/jetty/jetty-http/9.3.25.v20180904/jetty-http-9.3.25.v20180904.jar:/home/user/.m2/repository/org/eclipse/jetty/jetty-io/9.3.25.v20180904/jetty-io-9.3.25.v20180904.jar:/home/user/.m2/repository/org/eclipse/jetty/jetty-webapp/9.3.25.v20180904/jetty-webapp-9.3.25.v20180904.jar:/home/user/.m2/repository/org/eclipse/jetty/jetty-xml/9.3.25.v20180904/jetty-xml-9.3.25.v20180904.jar:/home/user/.m2/repository/log4j/log4j/1.2.17/log4j-1.2.17.jar:/home/user/.m2/repository/org/slf4j/slf4j-api/1.7.25/slf4j-api-1.7.25.jar:/home/user/.m2/repository/org/slf4j/jul-to-slf4j/1.7.25/jul-to-slf4j-1.7.25.jar:/home/user/.m2/repository/org/eclipse/jetty/jetty-util/9.3.25.v20180904/jetty-util-9.3.25.v20180904.jar:/home/user/.m2/repository/com/fasterxml/jackson/core/jackson-databind/2.9.9/jackson-databind-2.9.9.jar:/home/user/.m2/repository/org/apache/hadoop/hadoop-kms/3.2.0/hadoop-kms-3.2.0-tests.jar:/home/user/.m2/repository/org/apache/hadoop/hadoop-hdds-server-scm/0.5.0-SNAPSHOT/hadoop-hdds-server-scm-0.5.0-SNAPSHOT-tests.jar:/home/user/.m2/repository/org/apache/hadoop/hadoop-hdds-container-service/0.5.0-SNAPSHOT/hadoop-hdds-container-service-0.5.0-SNAPSHOT-tests.jar:/home/user/.m2/repository/org/yaml/snakeyaml/1.16/snakeyaml-1.16.jar:/home/user/.m2/repository/org/apache/hadoop/hadoop-common/3.2.0/hadoop-common-3.2.0-tests.jar:/home/user/.m2/repository/org/apache/hadoop/hadoop-annotations/3.2.0/hadoop-annotations-3.2.0.jar:/usr/lib/jvm/java-1.8.0-openjdk-1.8.0.222.b10-1.el7_7.x86_64/jre/../lib/tools.jar:/home/user/.m2/repository/commons-cli/commons-cli/1.2/commons-cli-1.2.jar:/home/user/.m2/repository/org/apache/httpcomponents/httpclient/4.5.2/httpclient-4.5.2.jar:/home/user/.m2/repository/org/apache/httpcomponents/httpcore/4.4.4/httpcore-4.4.4.jar:/home/user/.m2/repository/commons-codec/commons-codec/1.11/commons-codec-1.11.jar:/home/user/.m2/repository/commons-net/commons-net/3.6/commons-net-3.6.jar:/home/user/.m2/repository/commons-collections/commons-collections/3.2.2/commons-collections-3.2.2.jar:/home/user/.m2/repository/org/eclipse/jetty/jetty-servlet/9.3.25.v20180904/jetty-servlet-9.3.25.v20180904.jar:/home/user/.m2/repository/org/eclipse/jetty/jetty-security/9.3.25.v20180904/jetty-security-9.3.25.v20180904.jar:/home/user/.m2/repository/javax/servlet/jsp/jsp-api/2.1/jsp-api-2.1.jar:/home/user/.m2/repository/com/sun/jersey/jersey-servlet/1.19/jersey-servlet-1.19.jar:/home/user/.m2/repository/com/sun/jersey/jersey-json/1.19/jersey-json-1.19.jar:/home/user/.m2/repository/org/codehaus/jettison/jettison/1.1/jettison-1.1.jar:/home/user/.m2/repository/org/codehaus/jackson/jackson-core-asl/1.9.13/jackson-core-asl-1.9.13.jar:/home/user/.m2/repository/org/codehaus/jackson/jackson-mapper-asl/1.9.13/jackson-mapper-asl-1.9.13.jar:/home/user/.m2/repository/org/codehaus/jackson/jackson-jaxrs/1.9.13/jackson-jaxrs-1.9.13.jar:/home/user/.m2/repository/org/codehaus/jackson/jackson-xc/1.9.13/jackson-xc-1.9.13.jar:/home/user/.m2/repository/commons-logging/commons-logging/1.1.3/commons-logging-1.1.3.jar:/home/user/.m2/repository/commons-beanutils/commons-beanutils/1.9.4/commons-beanutils-1.9.4.jar:/home/user/.m2/repository/org/apache/commons/commons-configuration2/2.1.1/commons-configuration2-2.1.1.jar:/home/user/.m2/repository/org/apache/commons/commons-lang3/3.7/commons-lang3-3.7.jar:/home/user/.m2/repository/org/apache/commons/commons-text/1.4/commons-text-1.4.jar:/home/user/.m2/repository/org/apache/avro/avro/1.7.7/avro-1.7.7.jar:/home/user/.m2/repository/com/thoughtworks/paranamer/paranamer/2.3/paranamer-2.3.jar:/home/user/.m2/repository/org/xerial/snappy/snappy-java/1.0.5/snappy-java-1.0.5.jar:/home/user/.m2/repository/com/google/re2j/re2j/1.1/re2j-1.1.jar:/home/user/.m2/repository/com/google/code/gson/gson/2.2.4/gson-2.2.4.jar:/home/user/.m2/repository/com/jcraft/jsch/0.1.54/jsch-0.1.54.jar:/home/user/.m2/repository/org/apache/curator/curator-client/2.12.0/curator-client-2.12.0.jar:/home/user/.m2/repository/org/apache/curator/curator-recipes/2.12.0/curator-recipes-2.12.0.jar:/home/user/.m2/repository/com/google/code/findbugs/jsr305/3.0.0/jsr305-3.0.0.jar:/home/user/.m2/repository/org/apache/htrace/htrace-core4/4.1.0-incubating/htrace-core4-4.1.0-incubating.jar:/home/user/.m2/repository/org/apache/zookeeper/zookeeper/3.4.13/zookeeper-3.4.13.jar:/home/user/.m2/repository/jline/jline/0.9.94/jline-0.9.94.jar:/home/user/.m2/repository/org/apache/yetus/audience-annotations/0.5.0/audience-annotations-0.5.0.jar:/home/user/.m2/repository/org/codehaus/woodstox/stax2-api/3.1.4/stax2-api-3.1.4.jar:/home/user/.m2/repository/com/fasterxml/woodstox/woodstox-core/5.0.3/woodstox-core-5.0.3.jar:/home/user/.m2/repository/dnsjava/dnsjava/2.1.7/dnsjava-2.1.7.jar:/home/user/.m2/repository/org/apache/hadoop/hadoop-hdfs/3.2.0/hadoop-hdfs-3.2.0-tests.jar:/home/user/.m2/repository/org/eclipse/jetty/jetty-util-ajax/9.3.25.v20180904/jetty-util-ajax-9.3.25.v20180904.jar:/home/user/.m2/repository/commons-daemon/commons-daemon/1.0.13/commons-daemon-1.0.13.jar:/home/user/.m2/repository/io/netty/netty/3.10.5.Final/netty-3.10.5.Final.jar:/home/user/.m2/repository/io/netty/netty-all/4.0.52.Final/netty-all-4.0.52.Final.jar:/home/user/.m2/repository/org/fusesource/leveldbjni/leveldbjni-all/1.8/leveldbjni-all-1.8.jar:"/>
    <property name="java.vm.vendor" value="Oracle Corporation"/>
    <property name="sun.arch.data.model" value="64"/>
    <property name="test.build.dir" value="/workdir/hadoop-ozone/integration-test/target/test-dir"/>
    <property name="test.cache.data" value=""/>
    <property name="java.vendor.url" value="http://java.oracle.com/"/>
    <property name="user.timezone" value=""/>
    <property name="java.vm.specification.version" value="1.8"/>
    <property name="os.name" value="Linux"/>
    <property name="test.build.data" value="/workdir/hadoop-ozone/integration-test/target/test-dir"/>
    <property name="user.country" value="US"/>
    <property name="sun.java.launcher" value="SUN_STANDARD"/>
    <property name="sun.boot.library.path" value="/usr/lib/jvm/java-1.8.0-openjdk-1.8.0.222.b10-1.el7_7.x86_64/jre/lib/amd64"/>
    <property name="sun.java.command" value="/workdir/hadoop-ozone/integration-test/target/surefire/surefirebooter9214376415285533188.jar /workdir/hadoop-ozone/integration-test/target/surefire 2019-11-14T14-14-50_364-jvmRun1 surefire7972022714868565603tmp surefire_50456242896714565014tmp"/>
    <property name="surefire.test.class.path" value="/workdir/hadoop-ozone/integration-test/target/test-classes:/workdir/hadoop-ozone/integration-test/target/classes:/home/user/.m2/repository/org/apache/hadoop/hadoop-ozone-common/0.5.0-SNAPSHOT/hadoop-ozone-common-0.5.0-SNAPSHOT.jar:/home/user/.m2/repository/org/apache/commons/commons-compress/1.4.1/commons-compress-1.4.1.jar:/home/user/.m2/repository/org/tukaani/xz/1.0/xz-1.0.jar:/home/user/.m2/repository/org/apache/hadoop/hadoop-common/3.2.0/hadoop-common-3.2.0.jar:/home/user/.m2/repository/org/apache/hadoop/hadoop-hdfs/3.2.0/hadoop-hdfs-3.2.0.jar:/home/user/.m2/repository/org/apache/hadoop/hadoop-hdfs-client/3.2.0/hadoop-hdfs-client-3.2.0.jar:/home/user/.m2/repository/com/fasterxml/jackson/core/jackson-annotations/2.9.9/jackson-annotations-2.9.9.jar:/home/user/.m2/repository/org/apache/hadoop/hadoop-hdds-common/0.5.0-SNAPSHOT/hadoop-hdds-common-0.5.0-SNAPSHOT.jar:/home/user/.m2/repository/javax/annotation/javax.annotation-api/1.2/javax.annotation-api-1.2.jar:/home/user/.m2/repository/org/apache/ratis/ratis-server/0.5.0-d6d58d0-SNAPSHOT/ratis-server-0.5.0-d6d58d0-SNAPSHOT.jar:/home/user/.m2/repository/org/apache/ratis/ratis-thirdparty-misc/0.2.0/ratis-thirdparty-misc-0.2.0.jar:/home/user/.m2/repository/org/apache/ratis/ratis-proto/0.5.0-d6d58d0-SNAPSHOT/ratis-proto-0.5.0-d6d58d0-SNAPSHOT.jar:/home/user/.m2/repository/org/apache/ratis/ratis-common/0.5.0-d6d58d0-SNAPSHOT/ratis-common-0.5.0-d6d58d0-SNAPSHOT.jar:/home/user/.m2/repository/org/apache/ratis/ratis-client/0.5.0-d6d58d0-SNAPSHOT/ratis-client-0.5.0-d6d58d0-SNAPSHOT.jar:/home/user/.m2/repository/org/apache/ratis/ratis-metrics/0.5.0-d6d58d0-SNAPSHOT/ratis-metrics-0.5.0-d6d58d0-SNAPSHOT.jar:/home/user/.m2/repository/org/apache/ratis/ratis-netty/0.5.0-d6d58d0-SNAPSHOT/ratis-netty-0.5.0-d6d58d0-SNAPSHOT.jar:/home/user/.m2/repository/org/apache/ratis/ratis-grpc/0.5.0-d6d58d0-SNAPSHOT/ratis-grpc-0.5.0-d6d58d0-SNAPSHOT.jar:/home/user/.m2/repository/org/rocksdb/rocksdbjni/6.0.1/rocksdbjni-6.0.1.jar:/home/user/.m2/repository/org/apache/logging/log4j/log4j-api/2.11.0/log4j-api-2.11.0.jar:/home/user/.m2/repository/org/apache/logging/log4j/log4j-core/2.11.0/log4j-core-2.11.0.jar:/home/user/.m2/repository/com/lmax/disruptor/3.4.2/disruptor-3.4.2.jar:/home/user/.m2/repository/org/apache/commons/commons-pool2/2.6.0/commons-pool2-2.6.0.jar:/home/user/.m2/repository/org/bouncycastle/bcpkix-jdk15on/1.60/bcpkix-jdk15on-1.60.jar:/home/user/.m2/repository/commons-validator/commons-validator/1.6/commons-validator-1.6.jar:/home/user/.m2/repository/commons-digester/commons-digester/1.8.1/commons-digester-1.8.1.jar:/home/user/.m2/repository/io/jaegertracing/jaeger-client/0.34.0/jaeger-client-0.34.0.jar:/home/user/.m2/repository/io/jaegertracing/jaeger-thrift/0.34.0/jaeger-thrift-0.34.0.jar:/home/user/.m2/repository/org/apache/thrift/libthrift/0.12.0/libthrift-0.12.0.jar:/home/user/.m2/repository/com/squareup/okhttp3/okhttp/3.9.0/okhttp-3.9.0.jar:/home/user/.m2/repository/com/squareup/okio/okio/1.13.0/okio-1.13.0.jar:/home/user/.m2/repository/io/jaegertracing/jaeger-core/0.34.0/jaeger-core-0.34.0.jar:/home/user/.m2/repository/io/jaegertracing/jaeger-tracerresolver/0.34.0/jaeger-tracerresolver-0.34.0.jar:/home/user/.m2/repository/io/opentracing/contrib/opentracing-tracerresolver/0.1.5/opentracing-tracerresolver-0.1.5.jar:/home/user/.m2/repository/io/opentracing/opentracing-util/0.31.0/opentracing-util-0.31.0.jar:/home/user/.m2/repository/io/opentracing/opentracing-api/0.31.0/opentracing-api-0.31.0.jar:/home/user/.m2/repository/io/opentracing/opentracing-noop/0.31.0/opentracing-noop-0.31.0.jar:/home/user/.m2/repository/org/apache/hadoop/hadoop-hdds-server-framework/0.5.0-SNAPSHOT/hadoop-hdds-server-framework-0.5.0-SNAPSHOT.jar:/home/user/.m2/repository/org/apache/hadoop/hadoop-hdds-container-service/0.5.0-SNAPSHOT/hadoop-hdds-container-service-0.5.0-SNAPSHOT.jar:/home/user/.m2/repository/org/apache/hadoop/hadoop-hdds-client/0.5.0-SNAPSHOT/hadoop-hdds-client-0.5.0-SNAPSHOT.jar:/home/user/.m2/repository/org/apache/hadoop/hadoop-hdds-tools/0.5.0-SNAPSHOT/hadoop-hdds-tools-0.5.0-SNAPSHOT.jar:/home/user/.m2/repository/org/apache/hadoop/hadoop-hdds-server-scm/0.5.0-SNAPSHOT/hadoop-hdds-server-scm-0.5.0-SNAPSHOT.jar:/home/user/.m2/repository/org/apache/hadoop/hadoop-hdds-docs/0.5.0-SNAPSHOT/hadoop-hdds-docs-0.5.0-SNAPSHOT.jar:/home/user/.m2/repository/io/dropwizard/metrics/metrics-core/3.2.4/metrics-core-3.2.4.jar:/home/user/.m2/repository/org/hamcrest/hamcrest-all/1.3/hamcrest-all-1.3.jar:/home/user/.m2/repository/org/bouncycastle/bcprov-jdk15on/1.60/bcprov-jdk15on-1.60.jar:/home/user/.m2/repository/info/picocli/picocli/3.9.6/picocli-3.9.6.jar:/home/user/.m2/repository/com/google/protobuf/protobuf-java/2.5.0/protobuf-java-2.5.0.jar:/home/user/.m2/repository/com/google/guava/guava/11.0.2/guava-11.0.2.jar:/home/user/.m2/repository/org/apache/hadoop/hadoop-ozone-ozone-manager/0.5.0-SNAPSHOT/hadoop-ozone-ozone-manager-0.5.0-SNAPSHOT.jar:/home/user/.m2/repository/org/apache/hadoop/hadoop-minikdc/3.2.0/hadoop-minikdc-3.2.0.jar:/home/user/.m2/repository/commons-io/commons-io/2.5/commons-io-2.5.jar:/home/user/.m2/repository/org/apache/kerby/kerb-simplekdc/1.0.1/kerb-simplekdc-1.0.1.jar:/home/user/.m2/repository/org/apache/kerby/kerb-client/1.0.1/kerb-client-1.0.1.jar:/home/user/.m2/repository/org/apache/kerby/kerby-config/1.0.1/kerby-config-1.0.1.jar:/home/user/.m2/repository/org/apache/kerby/kerb-core/1.0.1/kerb-core-1.0.1.jar:/home/user/.m2/repository/org/apache/kerby/kerby-pkix/1.0.1/kerby-pkix-1.0.1.jar:/home/user/.m2/repository/org/apache/kerby/kerby-asn1/1.0.1/kerby-asn1-1.0.1.jar:/home/user/.m2/repository/org/apache/kerby/kerby-util/1.0.1/kerby-util-1.0.1.jar:/home/user/.m2/repository/org/apache/kerby/kerb-common/1.0.1/kerb-common-1.0.1.jar:/home/user/.m2/repository/org/apache/kerby/kerb-crypto/1.0.1/kerb-crypto-1.0.1.jar:/home/user/.m2/repository/org/apache/kerby/kerb-util/1.0.1/kerb-util-1.0.1.jar:/home/user/.m2/repository/org/apache/kerby/token-provider/1.0.1/token-provider-1.0.1.jar:/home/user/.m2/repository/org/apache/kerby/kerb-admin/1.0.1/kerb-admin-1.0.1.jar:/home/user/.m2/repository/org/apache/kerby/kerb-server/1.0.1/kerb-server-1.0.1.jar:/home/user/.m2/repository/org/apache/kerby/kerb-identity/1.0.1/kerb-identity-1.0.1.jar:/home/user/.m2/repository/org/apache/kerby/kerby-xdr/1.0.1/kerby-xdr-1.0.1.jar:/home/user/.m2/repository/org/slf4j/slf4j-log4j12/1.7.25/slf4j-log4j12-1.7.25.jar:/home/user/.m2/repository/org/apache/hadoop/hadoop-ozone-s3gateway/0.5.0-SNAPSHOT/hadoop-ozone-s3gateway-0.5.0-SNAPSHOT.jar:/home/user/.m2/repository/org/jboss/weld/servlet/weld-servlet/2.4.7.Final/weld-servlet-2.4.7.Final.jar:/home/user/.m2/repository/org/glassfish/jersey/containers/jersey-container-servlet-core/2.27/jersey-container-servlet-core-2.27.jar:/home/user/.m2/repository/org/glassfish/hk2/external/javax.inject/2.5.0-b42/javax.inject-2.5.0-b42.jar:/home/user/.m2/repository/org/glassfish/jersey/core/jersey-common/2.27/jersey-common-2.27.jar:/home/user/.m2/repository/org/glassfish/hk2/osgi-resource-locator/1.0.1/osgi-resource-locator-1.0.1.jar:/home/user/.m2/repository/javax/ws/rs/javax.ws.rs-api/2.1/javax.ws.rs-api-2.1.jar:/home/user/.m2/repository/org/glassfish/jersey/ext/cdi/jersey-cdi1x/2.27/jersey-cdi1x-2.27.jar:/home/user/.m2/repository/org/glassfish/jersey/inject/jersey-hk2/2.27/jersey-hk2-2.27.jar:/home/user/.m2/repository/org/glassfish/hk2/hk2-locator/2.5.0-b42/hk2-locator-2.5.0-b42.jar:/home/user/.m2/repository/org/javassist/javassist/3.22.0-CR2/javassist-3.22.0-CR2.jar:/home/user/.m2/repository/org/glassfish/hk2/hk2-api/2.5.0/hk2-api-2.5.0.jar:/home/user/.m2/repository/org/glassfish/hk2/external/jakarta.inject/2.5.0/jakarta.inject-2.5.0.jar:/home/user/.m2/repository/org/glassfish/hk2/hk2-utils/2.5.0/hk2-utils-2.5.0.jar:/home/user/.m2/repository/jakarta/annotation/jakarta.annotation-api/1.3.4/jakarta.annotation-api-1.3.4.jar:/home/user/.m2/repository/org/glassfish/hk2/external/aopalliance-repackaged/2.5.0/aopalliance-repackaged-2.5.0.jar:/home/user/.m2/repository/com/fasterxml/jackson/dataformat/jackson-dataformat-xml/2.9.0/jackson-dataformat-xml-2.9.0.jar:/home/user/.m2/repository/com/fasterxml/jackson/core/jackson-core/2.9.9/jackson-core-2.9.9.jar:/home/user/.m2/repository/com/fasterxml/jackson/module/jackson-module-jaxb-annotations/2.9.9/jackson-module-jaxb-annotations-2.9.9.jar:/home/user/.m2/repository/javax/enterprise/cdi-api/1.2/cdi-api-1.2.jar:/home/user/.m2/repository/javax/el/javax.el-api/3.0.0/javax.el-api-3.0.0.jar:/home/user/.m2/repository/javax/interceptor/javax.interceptor-api/1.2/javax.interceptor-api-1.2.jar:/home/user/.m2/repository/javax/inject/javax.inject/1/javax.inject-1.jar:/home/user/.m2/repository/com/sun/xml/bind/jaxb-impl/2.3.0.1/jaxb-impl-2.3.0.1.jar:/home/user/.m2/repository/com/sun/xml/bind/jaxb-core/2.3.0.1/jaxb-core-2.3.0.1.jar:/home/user/.m2/repository/javax/xml/bind/jaxb-api/2.3.0/jaxb-api-2.3.0.jar:/home/user/.m2/repository/javax/activation/activation/1.1.1/activation-1.1.1.jar:/home/user/.m2/repository/org/apache/hadoop/hadoop-ozone-csi/0.5.0-SNAPSHOT/hadoop-ozone-csi-0.5.0-SNAPSHOT.jar:/home/user/.m2/repository/com/google/protobuf/protobuf-java-util/3.5.1/protobuf-java-util-3.5.1.jar:/home/user/.m2/repository/org/apache/hadoop/hadoop-hdds-config/0.5.0-SNAPSHOT/hadoop-hdds-config-0.5.0-SNAPSHOT.jar:/home/user/.m2/repository/io/grpc/grpc-netty/1.17.1/grpc-netty-1.17.1.jar:/home/user/.m2/repository/io/grpc/grpc-core/1.17.1/grpc-core-1.17.1.jar:/home/user/.m2/repository/io/grpc/grpc-context/1.17.1/grpc-context-1.17.1.jar:/home/user/.m2/repository/com/google/errorprone/error_prone_annotations/2.2.0/error_prone_annotations-2.2.0.jar:/home/user/.m2/repository/org/codehaus/mojo/animal-sniffer-annotations/1.17/animal-sniffer-annotations-1.17.jar:/home/user/.m2/repository/io/opencensus/opencensus-api/0.17.0/opencensus-api-0.17.0.jar:/home/user/.m2/repository/io/opencensus/opencensus-contrib-grpc-metrics/0.17.0/opencensus-contrib-grpc-metrics-0.17.0.jar:/home/user/.m2/repository/io/netty/netty-codec-http2/4.1.30.Final/netty-codec-http2-4.1.30.Final.jar:/home/user/.m2/repository/io/netty/netty-codec-http/4.1.30.Final/netty-codec-http-4.1.30.Final.jar:/home/user/.m2/repository/io/netty/netty-codec/4.1.30.Final/netty-codec-4.1.30.Final.jar:/home/user/.m2/repository/io/netty/netty-handler/4.1.30.Final/netty-handler-4.1.30.Final.jar:/home/user/.m2/repository/io/netty/netty-handler-proxy/4.1.30.Final/netty-handler-proxy-4.1.30.Final.jar:/home/user/.m2/repository/io/netty/netty-codec-socks/4.1.30.Final/netty-codec-socks-4.1.30.Final.jar:/home/user/.m2/repository/io/netty/netty-transport-native-epoll/4.1.30.Final/netty-transport-native-epoll-4.1.30.Final.jar:/home/user/.m2/repository/io/netty/netty-common/4.1.30.Final/netty-common-4.1.30.Final.jar:/home/user/.m2/repository/io/netty/netty-buffer/4.1.30.Final/netty-buffer-4.1.30.Final.jar:/home/user/.m2/repository/io/netty/netty-transport/4.1.30.Final/netty-transport-4.1.30.Final.jar:/home/user/.m2/repository/io/netty/netty-resolver/4.1.30.Final/netty-resolver-4.1.30.Final.jar:/home/user/.m2/repository/io/netty/netty-transport-native-unix-common/4.1.30.Final/netty-transport-native-unix-common-4.1.30.Final.jar:/home/user/.m2/repository/io/grpc/grpc-protobuf/1.17.1/grpc-protobuf-1.17.1.jar:/home/user/.m2/repository/com/google/api/grpc/proto-google-common-protos/1.0.0/proto-google-common-protos-1.0.0.jar:/home/user/.m2/repository/io/grpc/grpc-protobuf-lite/1.17.1/grpc-protobuf-lite-1.17.1.jar:/home/user/.m2/repository/io/grpc/grpc-stub/1.17.1/grpc-stub-1.17.1.jar:/home/user/.m2/repository/org/apache/hadoop/hadoop-ozone-recon/0.5.0-SNAPSHOT/hadoop-ozone-recon-0.5.0-SNAPSHOT.jar:/home/user/.m2/repository/org/apache/hadoop/hadoop-ozone-reconcodegen/0.5.0-SNAPSHOT/hadoop-ozone-reconcodegen-0.5.0-SNAPSHOT.jar:/home/user/.m2/repository/com/google/inject/extensions/guice-multibindings/4.0/guice-multibindings-4.0.jar:/home/user/.m2/repository/com/google/inject/guice/4.0/guice-4.0.jar:/home/user/.m2/repository/aopalliance/aopalliance/1.0/aopalliance-1.0.jar:/home/user/.m2/repository/com/google/inject/extensions/guice-servlet/4.0/guice-servlet-4.0.jar:/home/user/.m2/repository/org/glassfish/jersey/containers/jersey-container-servlet/2.27/jersey-container-servlet-2.27.jar:/home/user/.m2/repository/org/glassfish/hk2/guice-bridge/2.5.0/guice-bridge-2.5.0.jar:/home/user/.m2/repository/org/glassfish/jersey/core/jersey-server/2.27/jersey-server-2.27.jar:/home/user/.m2/repository/org/glassfish/jersey/core/jersey-client/2.27/jersey-client-2.27.jar:/home/user/.m2/repository/org/glassfish/jersey/media/jersey-media-jaxb/2.27/jersey-media-jaxb-2.27.jar:/home/user/.m2/repository/javax/validation/validation-api/1.1.0.Final/validation-api-1.1.0.Final.jar:/home/user/.m2/repository/org/glassfish/jersey/media/jersey-media-json-jackson/2.27/jersey-media-json-jackson-2.27.jar:/home/user/.m2/repository/org/glassfish/jersey/ext/jersey-entity-filtering/2.27/jersey-entity-filtering-2.27.jar:/home/user/.m2/repository/com/google/inject/extensions/guice-assistedinject/4.0/guice-assistedinject-4.0.jar:/home/user/.m2/repository/org/jooq/jooq/3.11.10/jooq-3.11.10.jar:/home/user/.m2/repository/org/jooq/jooq-meta/3.11.10/jooq-meta-3.11.10.jar:/home/user/.m2/repository/org/jooq/jooq-codegen/3.11.10/jooq-codegen-3.11.10.jar:/home/user/.m2/repository/com/jolbox/bonecp/0.8.0.RELEASE/bonecp-0.8.0.RELEASE.jar:/home/user/.m2/repository/org/xerial/sqlite-jdbc/3.25.2/sqlite-jdbc-3.25.2.jar:/home/user/.m2/repository/org/springframework/spring-jdbc/5.1.3.RELEASE/spring-jdbc-5.1.3.RELEASE.jar:/home/user/.m2/repository/org/springframework/spring-beans/5.1.3.RELEASE/spring-beans-5.1.3.RELEASE.jar:/home/user/.m2/repository/org/springframework/spring-core/5.1.3.RELEASE/spring-core-5.1.3.RELEASE.jar:/home/user/.m2/repository/org/springframework/spring-jcl/5.1.3.RELEASE/spring-jcl-5.1.3.RELEASE.jar:/home/user/.m2/repository/org/springframework/spring-tx/5.1.3.RELEASE/spring-tx-5.1.3.RELEASE.jar:/home/user/.m2/repository/org/apache/hadoop/hadoop-ozone-client/0.5.0-SNAPSHOT/hadoop-ozone-client-0.5.0-SNAPSHOT.jar:/home/user/.m2/repository/commons-lang/commons-lang/2.6/commons-lang-2.6.jar:/home/user/.m2/repository/org/apache/hadoop/hadoop-ozone-ozone-manager/0.5.0-SNAPSHOT/hadoop-ozone-ozone-manager-0.5.0-SNAPSHOT-tests.jar:/home/user/.m2/repository/junit/junit/4.11/junit-4.11.jar:/home/user/.m2/repository/org/hamcrest/hamcrest-core/1.3/hamcrest-core-1.3.jar:/home/user/.m2/repository/org/openjdk/jmh/jmh-core/1.19/jmh-core-1.19.jar:/home/user/.m2/repository/net/sf/jopt-simple/jopt-simple/4.6/jopt-simple-4.6.jar:/home/user/.m2/repository/org/apache/commons/commons-math3/3.1.1/commons-math3-3.1.1.jar:/home/user/.m2/repository/org/openjdk/jmh/jmh-generator-annprocess/1.19/jmh-generator-annprocess-1.19.jar:/home/user/.m2/repository/org/mockito/mockito-all/1.8.5/mockito-all-1.8.5.jar:/home/user/.m2/repository/org/apache/hadoop/hadoop-kms/3.2.0/hadoop-kms-3.2.0.jar:/home/user/.m2/repository/org/apache/hadoop/hadoop-auth/3.2.0/hadoop-auth-3.2.0.jar:/home/user/.m2/repository/com/nimbusds/nimbus-jose-jwt/4.41.1/nimbus-jose-jwt-4.41.1.jar:/home/user/.m2/repository/com/github/stephenc/jcip/jcip-annotations/1.0-1/jcip-annotations-1.0-1.jar:/home/user/.m2/repository/net/minidev/json-smart/2.3/json-smart-2.3.jar:/home/user/.m2/repository/net/minidev/accessors-smart/1.2/accessors-smart-1.2.jar:/home/user/.m2/repository/org/ow2/asm/asm/5.0.4/asm-5.0.4.jar:/home/user/.m2/repository/org/apache/curator/curator-framework/2.12.0/curator-framework-2.12.0.jar:/home/user/.m2/repository/com/sun/jersey/jersey-core/1.19/jersey-core-1.19.jar:/home/user/.m2/repository/javax/ws/rs/jsr311-api/1.1.1/jsr311-api-1.1.1.jar:/home/user/.m2/repository/com/sun/jersey/jersey-server/1.19/jersey-server-1.19.jar:/home/user/.m2/repository/javax/servlet/javax.servlet-api/3.1.0/javax.servlet-api-3.1.0.jar:/home/user/.m2/repository/org/eclipse/jetty/jetty-server/9.3.25.v20180904/jetty-server-9.3.25.v20180904.jar:/home/user/.m2/repository/org/eclipse/jetty/jetty-http/9.3.25.v20180904/jetty-http-9.3.25.v20180904.jar:/home/user/.m2/repository/org/eclipse/jetty/jetty-io/9.3.25.v20180904/jetty-io-9.3.25.v20180904.jar:/home/user/.m2/repository/org/eclipse/jetty/jetty-webapp/9.3.25.v20180904/jetty-webapp-9.3.25.v20180904.jar:/home/user/.m2/repository/org/eclipse/jetty/jetty-xml/9.3.25.v20180904/jetty-xml-9.3.25.v20180904.jar:/home/user/.m2/repository/log4j/log4j/1.2.17/log4j-1.2.17.jar:/home/user/.m2/repository/org/slf4j/slf4j-api/1.7.25/slf4j-api-1.7.25.jar:/home/user/.m2/repository/org/slf4j/jul-to-slf4j/1.7.25/jul-to-slf4j-1.7.25.jar:/home/user/.m2/repository/org/eclipse/jetty/jetty-util/9.3.25.v20180904/jetty-util-9.3.25.v20180904.jar:/home/user/.m2/repository/com/fasterxml/jackson/core/jackson-databind/2.9.9/jackson-databind-2.9.9.jar:/home/user/.m2/repository/org/apache/hadoop/hadoop-kms/3.2.0/hadoop-kms-3.2.0-tests.jar:/home/user/.m2/repository/org/apache/hadoop/hadoop-hdds-server-scm/0.5.0-SNAPSHOT/hadoop-hdds-server-scm-0.5.0-SNAPSHOT-tests.jar:/home/user/.m2/repository/org/apache/hadoop/hadoop-hdds-container-service/0.5.0-SNAPSHOT/hadoop-hdds-container-service-0.5.0-SNAPSHOT-tests.jar:/home/user/.m2/repository/org/yaml/snakeyaml/1.16/snakeyaml-1.16.jar:/home/user/.m2/repository/org/apache/hadoop/hadoop-common/3.2.0/hadoop-common-3.2.0-tests.jar:/home/user/.m2/repository/org/apache/hadoop/hadoop-annotations/3.2.0/hadoop-annotations-3.2.0.jar:/usr/lib/jvm/java-1.8.0-openjdk-1.8.0.222.b10-1.el7_7.x86_64/jre/../lib/tools.jar:/home/user/.m2/repository/commons-cli/commons-cli/1.2/commons-cli-1.2.jar:/home/user/.m2/repository/org/apache/httpcomponents/httpclient/4.5.2/httpclient-4.5.2.jar:/home/user/.m2/repository/org/apache/httpcomponents/httpcore/4.4.4/httpcore-4.4.4.jar:/home/user/.m2/repository/commons-codec/commons-codec/1.11/commons-codec-1.11.jar:/home/user/.m2/repository/commons-net/commons-net/3.6/commons-net-3.6.jar:/home/user/.m2/repository/commons-collections/commons-collections/3.2.2/commons-collections-3.2.2.jar:/home/user/.m2/repository/org/eclipse/jetty/jetty-servlet/9.3.25.v20180904/jetty-servlet-9.3.25.v20180904.jar:/home/user/.m2/repository/org/eclipse/jetty/jetty-security/9.3.25.v20180904/jetty-security-9.3.25.v20180904.jar:/home/user/.m2/repository/javax/servlet/jsp/jsp-api/2.1/jsp-api-2.1.jar:/home/user/.m2/repository/com/sun/jersey/jersey-servlet/1.19/jersey-servlet-1.19.jar:/home/user/.m2/repository/com/sun/jersey/jersey-json/1.19/jersey-json-1.19.jar:/home/user/.m2/repository/org/codehaus/jettison/jettison/1.1/jettison-1.1.jar:/home/user/.m2/repository/org/codehaus/jackson/jackson-core-asl/1.9.13/jackson-core-asl-1.9.13.jar:/home/user/.m2/repository/org/codehaus/jackson/jackson-mapper-asl/1.9.13/jackson-mapper-asl-1.9.13.jar:/home/user/.m2/repository/org/codehaus/jackson/jackson-jaxrs/1.9.13/jackson-jaxrs-1.9.13.jar:/home/user/.m2/repository/org/codehaus/jackson/jackson-xc/1.9.13/jackson-xc-1.9.13.jar:/home/user/.m2/repository/commons-logging/commons-logging/1.1.3/commons-logging-1.1.3.jar:/home/user/.m2/repository/commons-beanutils/commons-beanutils/1.9.4/commons-beanutils-1.9.4.jar:/home/user/.m2/repository/org/apache/commons/commons-configuration2/2.1.1/commons-configuration2-2.1.1.jar:/home/user/.m2/repository/org/apache/commons/commons-lang3/3.7/commons-lang3-3.7.jar:/home/user/.m2/repository/org/apache/commons/commons-text/1.4/commons-text-1.4.jar:/home/user/.m2/repository/org/apache/avro/avro/1.7.7/avro-1.7.7.jar:/home/user/.m2/repository/com/thoughtworks/paranamer/paranamer/2.3/paranamer-2.3.jar:/home/user/.m2/repository/org/xerial/snappy/snappy-java/1.0.5/snappy-java-1.0.5.jar:/home/user/.m2/repository/com/google/re2j/re2j/1.1/re2j-1.1.jar:/home/user/.m2/repository/com/google/code/gson/gson/2.2.4/gson-2.2.4.jar:/home/user/.m2/repository/com/jcraft/jsch/0.1.54/jsch-0.1.54.jar:/home/user/.m2/repository/org/apache/curator/curator-client/2.12.0/curator-client-2.12.0.jar:/home/user/.m2/repository/org/apache/curator/curator-recipes/2.12.0/curator-recipes-2.12.0.jar:/home/user/.m2/repository/com/google/code/findbugs/jsr305/3.0.0/jsr305-3.0.0.jar:/home/user/.m2/repository/org/apache/htrace/htrace-core4/4.1.0-incubating/htrace-core4-4.1.0-incubating.jar:/home/user/.m2/repository/org/apache/zookeeper/zookeeper/3.4.13/zookeeper-3.4.13.jar:/home/user/.m2/repository/jline/jline/0.9.94/jline-0.9.94.jar:/home/user/.m2/repository/org/apache/yetus/audience-annotations/0.5.0/audience-annotations-0.5.0.jar:/home/user/.m2/repository/org/codehaus/woodstox/stax2-api/3.1.4/stax2-api-3.1.4.jar:/home/user/.m2/repository/com/fasterxml/woodstox/woodstox-core/5.0.3/woodstox-core-5.0.3.jar:/home/user/.m2/repository/dnsjava/dnsjava/2.1.7/dnsjava-2.1.7.jar:/home/user/.m2/repository/org/apache/hadoop/hadoop-hdfs/3.2.0/hadoop-hdfs-3.2.0-tests.jar:/home/user/.m2/repository/org/eclipse/jetty/jetty-util-ajax/9.3.25.v20180904/jetty-util-ajax-9.3.25.v20180904.jar:/home/user/.m2/repository/commons-daemon/commons-daemon/1.0.13/commons-daemon-1.0.13.jar:/home/user/.m2/repository/io/netty/netty/3.10.5.Final/netty-3.10.5.Final.jar:/home/user/.m2/repository/io/netty/netty-all/4.0.52.Final/netty-all-4.0.52.Final.jar:/home/user/.m2/repository/org/fusesource/leveldbjni/leveldbjni-all/1.8/leveldbjni-all-1.8.jar:"/>
    <property name="sun.cpu.endian" value="little"/>
    <property name="user.home" value="/home/user"/>
    <property name="user.language" value="en"/>
    <property name="java.specification.vendor" value="Oracle Corporation"/>
    <property name="java.home" value="/usr/lib/jvm/java-1.8.0-openjdk-1.8.0.222.b10-1.el7_7.x86_64/jre"/>
    <property name="surefire.excludesFile" value="/tools/ozone-bad-unit-tests"/>
    <property name="java.security.krb5.conf" value="/workdir/hadoop-ozone/integration-test/target/test-classes/krb5.conf"/>
    <property name="basedir" value="/workdir/hadoop-ozone/integration-test"/>
    <property name="file.separator" value="/"/>
    <property name="line.separator" value="&#10;"/>
    <property name="java.vm.specification.vendor" value="Oracle Corporation"/>
    <property name="java.specification.name" value="Java Platform API Specification"/>
    <property name="java.awt.graphicsenv" value="sun.awt.X11GraphicsEnvironment"/>
    <property name="surefire.real.class.path" value="/workdir/hadoop-ozone/integration-test/target/surefire/surefirebooter9214376415285533188.jar"/>
    <property name="hadoop.log.dir" value="/workdir/hadoop-ozone/integration-test/target/log"/>
    <property name="sun.boot.class.path" value="/usr/lib/jvm/java-1.8.0-openjdk-1.8.0.222.b10-1.el7_7.x86_64/jre/lib/resources.jar:/usr/lib/jvm/java-1.8.0-openjdk-1.8.0.222.b10-1.el7_7.x86_64/jre/lib/rt.jar:/usr/lib/jvm/java-1.8.0-openjdk-1.8.0.222.b10-1.el7_7.x86_64/jre/lib/sunrsasign.jar:/usr/lib/jvm/java-1.8.0-openjdk-1.8.0.222.b10-1.el7_7.x86_64/jre/lib/jsse.jar:/usr/lib/jvm/java-1.8.0-openjdk-1.8.0.222.b10-1.el7_7.x86_64/jre/lib/jce.jar:/usr/lib/jvm/java-1.8.0-openjdk-1.8.0.222.b10-1.el7_7.x86_64/jre/lib/charsets.jar:/usr/lib/jvm/java-1.8.0-openjdk-1.8.0.222.b10-1.el7_7.x86_64/jre/lib/jfr.jar:/usr/lib/jvm/java-1.8.0-openjdk-1.8.0.222.b10-1.el7_7.x86_64/jre/classes"/>
    <property name="sun.management.compiler" value="HotSpot 64-Bit Tiered Compilers"/>
    <property name="java.runtime.version" value="1.8.0_222-b10"/>
    <property name="java.net.preferIPv4Stack" value="true"/>
    <property name="user.name" value="jenkins1000"/>
    <property name="path.separator" value=":"/>
    <property name="java.security.egd" value="file:///dev/urandom"/>
    <property name="os.version" value="3.10.0-957.12.2.el7.x86_64"/>
    <property name="java.endorsed.dirs" value="/usr/lib/jvm/java-1.8.0-openjdk-1.8.0.222.b10-1.el7_7.x86_64/jre/lib/endorsed"/>
    <property name="java.runtime.name" value="OpenJDK Runtime Environment"/>
    <property name="file.encoding" value="ANSI_X3.4-1968"/>
    <property name="java.vm.name" value="OpenJDK 64-Bit Server VM"/>
    <property name="test.build.webapps" value=""/>
    <property name="localRepository" value="/home/user/.m2/repository"/>
    <property name="java.vendor.url.bug" value="http://bugreport.sun.com/bugreport/"/>
    <property name="java.io.tmpdir" value="/tmp"/>
    <property name="require.test.libhadoop" value=""/>
    <property name="java.version" value="1.8.0_222"/>
    <property name="user.dir" value="/workdir/hadoop-ozone/integration-test"/>
    <property name="os.arch" value="amd64"/>
    <property name="java.vm.specification.name" value="Java Virtual Machine Specification"/>
    <property name="test.build.classes" value="/workdir/hadoop-ozone/integration-test/target/test-classes"/>
    <property name="java.awt.printerjob" value="sun.print.PSPrinterJob"/>
    <property name="sun.os.patch.level" value="unknown"/>
    <property name="hadoop.tmp.dir" value="/workdir/hadoop-ozone/integration-test/target/tmp"/>
    <property name="java.library.path" value="/usr/lib:/workdir/hadoop-ozone/integration-test/target/native/target/usr/local/lib:/workdir/hadoop-ozone/integration-test/../../hadoop-common-project/hadoop-common/target/native/target/usr/local/lib:/usr/java/packages/lib/amd64:/usr/lib64:/lib64:/lib:/usr/lib"/>
    <property name="java.vm.info" value="mixed mode"/>
    <property name="java.vendor" value="Oracle Corporation"/>
    <property name="java.vm.version" value="25.222-b10"/>
    <property name="java.ext.dirs" value="/usr/lib/jvm/java-1.8.0-openjdk-1.8.0.222.b10-1.el7_7.x86_64/jre/lib/ext:/usr/java/packages/lib/ext"/>
    <property name="sun.io.unicode.encoding" value="UnicodeLittle"/>
    <property name="java.class.version" value="52.0"/>
  </properties>
  <testcase name="testPipelineExclusionWithPipelineFailure" classname="org.apache.hadoop.ozone.client.rpc.TestFailureHandlingByClient" time="56.923"/>
  <testcase name="testContainerExclusionWithClosedContainerException" classname="org.apache.hadoop.ozone.client.rpc.TestFailureHandlingByClient" time="49.393">
    <error message="Timed out waiting for condition. Thread diagnostics:&#10;Timestamp: 2019-11-14 03:08:24,846&#10;&#10;&quot;pool-172-thread-1&quot;  prio=5 tid=2029 timed_waiting&#10;java.lang.Thread.State: TIMED_WAITING&#10;        at sun.misc.Unsafe.park(Native Method)&#10;        at java.util.concurrent.locks.LockSupport.parkNanos(LockSupport.java:215)&#10;        at java.util.concurrent.locks.AbstractQueuedSynchronizer$ConditionObject.awaitNanos(AbstractQueuedSynchronizer.java:2078)&#10;        at java.util.concurrent.ScheduledThreadPoolExecutor$DelayedWorkQueue.take(ScheduledThreadPoolExecutor.java:1093)&#10;        at java.util.concurrent.ScheduledThreadPoolExecutor$DelayedWorkQueue.take(ScheduledThreadPoolExecutor.java:809)&#10;        at java.util.concurrent.ThreadPoolExecutor.getTask(ThreadPoolExecutor.java:1074)&#10;        at java.util.concurrent.ThreadPoolExecutor.runWorker(ThreadPoolExecutor.java:1134)&#10;        at java.util.concurrent.ThreadPoolExecutor$Worker.run(ThreadPoolExecutor.java:624)&#10;        at java.lang.Thread.run(Thread.java:748)&#10;&quot;pool-148-thread-13&quot;  prio=5 tid=2251 in Object.wait()&#10;java.lang.Thread.State: WAITING (on object monitor)&#10;        at sun.misc.Unsafe.park(Native Method)&#10;        at java.util.concurrent.locks.LockSupport.park(LockSupport.java:175)&#10;        at java.util.concurrent.locks.AbstractQueuedSynchronizer$ConditionObject.await(AbstractQueuedSynchronizer.java:2039)&#10;        at java.util.concurrent.ArrayBlockingQueue.take(ArrayBlockingQueue.java:403)&#10;        at java.util.concurrent.ThreadPoolExecutor.getTask(ThreadPoolExecutor.java:1074)&#10;        at java.util.concurrent.ThreadPoolExecutor.runWorker(ThreadPoolExecutor.java:1134)&#10;        at java.util.concurrent.ThreadPoolExecutor$Worker.run(ThreadPoolExecutor.java:624)&#10;        at java.lang.Thread.run(Thread.java:748)&#10;&quot;Datanode ReportManager Thread - 0&quot; daemon prio=5 tid=2123 in Object.wait()&#10;java.lang.Thread.State: WAITING (on object monitor)&#10;        at sun.misc.Unsafe.park(Native Method)&#10;        at java.util.concurrent.locks.LockSupport.park(LockSupport.java:175)&#10;        at java.util.concurrent.locks.AbstractQueuedSynchronizer$ConditionObject.await(AbstractQueuedSynchronizer.java:2039)&#10;        at java.util.concurrent.ScheduledThreadPoolExecutor$DelayedWorkQueue.take(ScheduledThreadPoolExecutor.java:1088)&#10;        at java.util.concurrent.ScheduledThreadPoolExecutor$DelayedWorkQueue.take(ScheduledThreadPoolExecutor.java:809)&#10;        at java.util.concurrent.ThreadPoolExecutor.getTask(ThreadPoolExecutor.java:1074)&#10;        at java.util.concurrent.ThreadPoolExecutor.runWorker(ThreadPoolExecutor.java:1134)&#10;        at java.util.concurrent.ThreadPoolExecutor$Worker.run(ThreadPoolExecutor.java:624)&#10;        at java.lang.Thread.run(Thread.java:748)&#10;&quot;pool-208-thread-30&quot;  prio=5 tid=2641 in Object.wait()&#10;java.lang.Thread.State: WAITING (on object monitor)&#10;        at sun.misc.Unsafe.park(Native Method)&#10;        at java.util.concurrent.locks.LockSupport.park(LockSupport.java:175)&#10;        at java.util.concurrent.locks.AbstractQueuedSynchronizer$ConditionObject.await(AbstractQueuedSynchronizer.java:2039)&#10;        at java.util.concurrent.ArrayBlockingQueue.take(ArrayBlockingQueue.java:403)&#10;        at java.util.concurrent.ThreadPoolExecutor.getTask(ThreadPoolExecutor.java:1074)&#10;        at java.util.concurrent.ThreadPoolExecutor.runWorker(ThreadPoolExecutor.java:1134)&#10;        at java.util.concurrent.ThreadPoolExecutor$Worker.run(ThreadPoolExecutor.java:624)&#10;        at java.lang.Thread.run(Thread.java:748)&#10;&quot;IPC Server handler 9 on 43737&quot; daemon prio=5 tid=1881 timed_waiting&#10;java.lang.Thread.State: TIMED_WAITING&#10;        at sun.misc.Unsafe.park(Native Method)&#10;        at java.util.concurrent.locks.LockSupport.parkNanos(LockSupport.java:215)&#10;        at java.util.concurrent.locks.AbstractQueuedSynchronizer$ConditionObject.awaitNanos(AbstractQueuedSynchronizer.java:2078)&#10;        at java.util.concurrent.LinkedBlockingQueue.poll(LinkedBlockingQueue.java:467)&#10;        at org.apache.hadoop.ipc.CallQueueManager.take(CallQueueManager.java:288)&#10;        at org.apache.hadoop.ipc.Server$Handler.run(Server.java:2668)&#10;&quot;qtp1768471788-2033&quot; daemon prio=5 tid=2033 timed_waiting&#10;java.lang.Thread.State: TIMED_WAITING&#10;        at sun.misc.Unsafe.park(Native Method)&#10;        at java.util.concurrent.locks.LockSupport.parkNanos(LockSupport.java:215)&#10;        at java.util.concurrent.locks.AbstractQueuedSynchronizer$ConditionObject.awaitNanos(AbstractQueuedSynchronizer.java:2078)&#10;        at org.eclipse.jetty.util.BlockingArrayQueue.poll(BlockingArrayQueue.java:392)&#10;        at org.eclipse.jetty.util.thread.QueuedThreadPool.idleJobPoll(QueuedThreadPool.java:563)&#10;        at org.eclipse.jetty.util.thread.QueuedThreadPool.access$800(QueuedThreadPool.java:48)&#10;        at org.eclipse.jetty.util.thread.QueuedThreadPool$2.run(QueuedThreadPool.java:626)&#10;        at java.lang.Thread.run(Thread.java:748)&#10;&quot;qtp81705968-2062&quot; daemon prio=5 tid=2062 timed_waiting&#10;java.lang.Thread.State: TIMED_WAITING&#10;        at sun.misc.Unsafe.park(Native Method)&#10;        at java.util.concurrent.locks.LockSupport.parkNanos(LockSupport.java:215)&#10;        at java.util.concurrent.locks.AbstractQueuedSynchronizer$ConditionObject.awaitNanos(AbstractQueuedSynchronizer.java:2078)&#10;        at org.eclipse.jetty.util.BlockingArrayQueue.poll(BlockingArrayQueue.java:392)&#10;        at org.eclipse.jetty.util.thread.QueuedThreadPool.idleJobPoll(QueuedThreadPool.java:563)&#10;        at org.eclipse.jetty.util.thread.QueuedThreadPool.access$800(QueuedThreadPool.java:48)&#10;        at org.eclipse.jetty.util.thread.QueuedThreadPool$2.run(QueuedThreadPool.java:626)&#10;        at java.lang.Thread.run(Thread.java:748)&#10;&quot;a96edad4-0b0c-48cb-948a-93b2fbf7c409@group-CE93C81AF12A-StateMachineUpdater&quot; daemon prio=5 tid=3110 in Object.wait()&#10;java.lang.Thread.State: WAITING (on object monitor)&#10;        at java.lang.Object.wait(Native Method)&#10;        at java.lang.Object.wait(Object.java:502)&#10;        at org.apache.ratis.server.impl.StateMachineUpdater.waitForCommit(StateMachineUpdater.java:194)&#10;        at org.apache.ratis.server.impl.StateMachineUpdater.run(StateMachineUpdater.java:159)&#10;        at java.lang.Thread.run(Thread.java:748)&#10;&quot;qtp955153053-2199&quot; daemon prio=5 tid=2199 timed_waiting&#10;java.lang.Thread.State: TIMED_WAITING&#10;        at sun.misc.Unsafe.park(Native Method)&#10;        at java.util.concurrent.locks.LockSupport.parkNanos(LockSupport.java:215)&#10;        at java.util.concurrent.locks.AbstractQueuedSynchronizer$ConditionObject.awaitNanos(AbstractQueuedSynchronizer.java:2078)&#10;        at org.eclipse.jetty.util.BlockingArrayQueue.poll(BlockingArrayQueue.java:392)&#10;        at org.eclipse.jetty.util.thread.QueuedThreadPool.idleJobPoll(QueuedThreadPool.java:563)&#10;        at org.eclipse.jetty.util.thread.QueuedThreadPool.access$800(QueuedThreadPool.java:48)&#10;        at org.eclipse.jetty.util.thread.QueuedThreadPool$2.run(QueuedThreadPool.java:626)&#10;        at java.lang.Thread.run(Thread.java:748)&#10;&quot;pool-238-thread-55&quot;  prio=5 tid=2852 in Object.wait()&#10;java.lang.Thread.State: WAITING (on object monitor)&#10;        at sun.misc.Unsafe.park(Native Method)&#10;        at java.util.concurrent.locks.LockSupport.park(LockSupport.java:175)&#10;        at java.util.concurrent.locks.AbstractQueuedSynchronizer$ConditionObject.await(AbstractQueuedSynchronizer.java:2039)&#10;        at java.util.concurrent.ArrayBlockingQueue.take(ArrayBlockingQueue.java:403)&#10;        at java.util.concurrent.ThreadPoolExecutor.getTask(ThreadPoolExecutor.java:1074)&#10;        at java.util.concurrent.ThreadPoolExecutor.runWorker(ThreadPoolExecutor.java:1134)&#10;        at java.util.concurrent.ThreadPoolExecutor$Worker.run(ThreadPoolExecutor.java:624)&#10;        at java.lang.Thread.run(Thread.java:748)&#10;&quot;pool-238-thread-59&quot;  prio=5 tid=2856 in Object.wait()&#10;java.lang.Thread.State: WAITING (on object monitor)&#10;        at sun.misc.Unsafe.park(Native Method)&#10;        at java.util.concurrent.locks.LockSupport.park(LockSupport.java:175)&#10;        at java.util.concurrent.locks.AbstractQueuedSynchronizer$ConditionObject.await(AbstractQueuedSynchronizer.java:2039)&#10;        at java.util.concurrent.ArrayBlockingQueue.take(ArrayBlockingQueue.java:403)&#10;        at java.util.concurrent.ThreadPoolExecutor.getTask(ThreadPoolExecutor.java:1074)&#10;        at java.util.concurrent.ThreadPoolExecutor.runWorker(ThreadPoolExecutor.java:1134)&#10;        at java.util.concurrent.ThreadPoolExecutor$Worker.run(ThreadPoolExecutor.java:624)&#10;        at java.lang.Thread.run(Thread.java:748)&#10;&quot;IPC Server handler 17 on 45554&quot; daemon prio=5 tid=1952 timed_waiting&#10;java.lang.Thread.State: TIMED_WAITING&#10;        at sun.misc.Unsafe.park(Native Method)&#10;        at java.util.concurrent.locks.LockSupport.parkNanos(LockSupport.java:215)&#10;        at java.util.concurrent.locks.AbstractQueuedSynchronizer$ConditionObject.awaitNanos(AbstractQueuedSynchronizer.java:2078)&#10;        at java.util.concurrent.LinkedBlockingQueue.poll(LinkedBlockingQueue.java:467)&#10;        at org.apache.hadoop.ipc.CallQueueManager.take(CallQueueManager.java:288)&#10;        at org.apache.hadoop.ipc.Server$Handler.run(Server.java:2668)&#10;&quot;pool-238-thread-1&quot;  prio=5 tid=2798 in Object.wait()&#10;java.lang.Thread.State: WAITING (on object monitor)&#10;        at sun.misc.Unsafe.park(Native Method)&#10;        at java.util.concurrent.locks.LockSupport.park(LockSupport.java:175)&#10;        at java.util.concurrent.locks.AbstractQueuedSynchronizer$ConditionObject.await(AbstractQueuedSynchronizer.java:2039)&#10;        at java.util.concurrent.ArrayBlockingQueue.take(ArrayBlockingQueue.java:403)&#10;        at java.util.concurrent.ThreadPoolExecutor.getTask(ThreadPoolExecutor.java:1074)&#10;        at java.util.concurrent.ThreadPoolExecutor.runWorker(ThreadPoolExecutor.java:1134)&#10;        at java.util.concurrent.ThreadPoolExecutor$Worker.run(ThreadPoolExecutor.java:624)&#10;        at java.lang.Thread.run(Thread.java:748)&#10;&quot;Datanode State Machine Thread - 0&quot; daemon prio=5 tid=2048 timed_waiting&#10;java.lang.Thread.State: TIMED_WAITING&#10;        at sun.misc.Unsafe.park(Native Method)&#10;        at java.util.concurrent.locks.LockSupport.parkNanos(LockSupport.java:215)&#10;        at java.util.concurrent.SynchronousQueue$TransferStack.awaitFulfill(SynchronousQueue.java:460)&#10;        at java.util.concurrent.SynchronousQueue$TransferStack.transfer(SynchronousQueue.java:362)&#10;        at java.util.concurrent.SynchronousQueue.poll(SynchronousQueue.java:941)&#10;        at java.util.concurrent.ThreadPoolExecutor.getTask(ThreadPoolExecutor.java:1073)&#10;        at java.util.concurrent.ThreadPoolExecutor.runWorker(ThreadPoolExecutor.java:1134)&#10;        at java.util.concurrent.ThreadPoolExecutor$Worker.run(ThreadPoolExecutor.java:624)&#10;        at java.lang.Thread.run(Thread.java:748)&#10;&quot;pool-228-thread-41&quot;  prio=5 tid=2776 in Object.wait()&#10;java.lang.Thread.State: WAITING (on object monitor)&#10;        at sun.misc.Unsafe.park(Native Method)&#10;        at java.util.concurrent.locks.LockSupport.park(LockSupport.java:175)&#10;        at java.util.concurrent.locks.AbstractQueuedSynchronizer$ConditionObject.await(AbstractQueuedSynchronizer.java:2039)&#10;        at java.util.concurrent.ArrayBlockingQueue.take(ArrayBlockingQueue.java:403)&#10;        at java.util.concurrent.ThreadPoolExecutor.getTask(ThreadPoolExecutor.java:1074)&#10;        at java.util.concurrent.ThreadPoolExecutor.runWorker(ThreadPoolExecutor.java:1134)&#10;        at java.util.concurrent.ThreadPoolExecutor$Worker.run(ThreadPoolExecutor.java:624)&#10;        at java.lang.Thread.run(Thread.java:748)&#10;&quot;DataNode DiskChecker thread 0&quot; daemon prio=5 tid=2053 timed_waiting&#10;java.lang.Thread.State: TIMED_WAITING&#10;        at sun.misc.Unsafe.park(Native Method)&#10;        at java.util.concurrent.locks.LockSupport.parkNanos(LockSupport.java:215)&#10;        at java.util.concurrent.SynchronousQueue$TransferStack.awaitFulfill(SynchronousQueue.java:460)&#10;        at java.util.concurrent.SynchronousQueue$TransferStack.transfer(SynchronousQueue.java:362)&#10;        at java.util.concurrent.SynchronousQueue.poll(SynchronousQueue.java:941)&#10;        at java.util.concurrent.ThreadPoolExecutor.getTask(ThreadPoolExecutor.java:1073)&#10;        at java.util.concurrent.ThreadPoolExecutor.runWorker(ThreadPoolExecutor.java:1134)&#10;        at java.util.concurrent.ThreadPoolExecutor$Worker.run(ThreadPoolExecutor.java:624)&#10;        at java.lang.Thread.run(Thread.java:748)&#10;&quot;pool-226-thread-1&quot; daemon prio=5 tid=2189 timed_waiting&#10;java.lang.Thread.State: TIMED_WAITING&#10;        at sun.misc.Unsafe.park(Native Method)&#10;        at java.util.concurrent.locks.LockSupport.parkNanos(LockSupport.java:215)&#10;        at java.util.concurrent.locks.AbstractQueuedSynchronizer$ConditionObject.awaitNanos(AbstractQueuedSynchronizer.java:2078)&#10;        at java.util.concurrent.ScheduledThreadPoolExecutor$DelayedWorkQueue.take(ScheduledThreadPoolExecutor.java:1093)&#10;        at java.util.concurrent.ScheduledThreadPoolExecutor$DelayedWorkQueue.take(ScheduledThreadPoolExecutor.java:809)&#10;        at java.util.concurrent.ThreadPoolExecutor.getTask(ThreadPoolExecutor.java:1074)&#10;        at java.util.concurrent.ThreadPoolExecutor.runWorker(ThreadPoolExecutor.java:1134)&#10;        at java.util.concurrent.ThreadPoolExecutor$Worker.run(ThreadPoolExecutor.java:624)&#10;        at java.lang.Thread.run(Thread.java:748)&#10;&quot;Datanode ReportManager Thread - 2&quot; daemon prio=5 tid=2179 in Object.wait()&#10;java.lang.Thread.State: WAITING (on object monitor)&#10;        at sun.misc.Unsafe.park(Native Method)&#10;        at java.util.concurrent.locks.LockSupport.park(LockSupport.java:175)&#10;        at java.util.concurrent.locks.AbstractQueuedSynchronizer$ConditionObject.await(AbstractQueuedSynchronizer.java:2039)&#10;        at java.util.concurrent.ScheduledThreadPoolExecutor$DelayedWorkQueue.take(ScheduledThreadPoolExecutor.java:1088)&#10;        at java.util.concurrent.ScheduledThreadPoolExecutor$DelayedWorkQueue.take(ScheduledThreadPoolExecutor.java:809)&#10;        at java.util.concurrent.ThreadPoolExecutor.getTask(ThreadPoolExecutor.java:1074)&#10;        at java.util.concurrent.ThreadPoolExecutor.runWorker(ThreadPoolExecutor.java:1134)&#10;        at java.util.concurrent.ThreadPoolExecutor$Worker.run(ThreadPoolExecutor.java:624)&#10;        at java.lang.Thread.run(Thread.java:748)&#10;&quot;Datanode ReportManager Thread - 1&quot; daemon prio=5 tid=2070 timed_waiting&#10;java.lang.Thread.State: TIMED_WAITING&#10;        at sun.misc.Unsafe.park(Native Method)&#10;        at java.util.concurrent.locks.LockSupport.parkNanos(LockSupport.java:215)&#10;        at java.util.concurrent.locks.AbstractQueuedSynchronizer$ConditionObject.awaitNanos(AbstractQueuedSynchronizer.java:2078)&#10;        at java.util.concurrent.ScheduledThreadPoolExecutor$DelayedWorkQueue.take(ScheduledThreadPoolExecutor.java:1093)&#10;        at java.util.concurrent.ScheduledThreadPoolExecutor$DelayedWorkQueue.take(ScheduledThreadPoolExecutor.java:809)&#10;        at java.util.concurrent.ThreadPoolExecutor.getTask(ThreadPoolExecutor.java:1074)&#10;        at java.util.concurrent.ThreadPoolExecutor.runWorker(ThreadPoolExecutor.java:1134)&#10;        at java.util.concurrent.ThreadPoolExecutor$Worker.run(ThreadPoolExecutor.java:624)&#10;        at java.lang.Thread.run(Thread.java:748)&#10;&quot;Datanode ReportManager Thread - 0&quot; daemon prio=5 tid=279 in Object.wait()&#10;java.lang.Thread.State: WAITING (on object monitor)&#10;        at sun.misc.Unsafe.park(Native Method)&#10;        at java.util.concurrent.locks.LockSupport.park(LockSupport.java:175)&#10;        at java.util.concurrent.locks.AbstractQueuedSynchronizer$ConditionObject.await(AbstractQueuedSynchronizer.java:2039)&#10;        at java.util.concurrent.ScheduledThreadPoolExecutor$DelayedWorkQueue.take(ScheduledThreadPoolExecutor.java:1088)&#10;        at java.util.concurrent.ScheduledThreadPoolExecutor$DelayedWorkQueue.take(ScheduledThreadPoolExecutor.java:809)&#10;        at java.util.concurrent.ThreadPoolExecutor.getTask(ThreadPoolExecutor.java:1074)&#10;        at java.util.concurrent.ThreadPoolExecutor.runWorker(ThreadPoolExecutor.java:1134)&#10;        at java.util.concurrent.ThreadPoolExecutor$Worker.run(ThreadPoolExecutor.java:624)&#10;        at java.lang.Thread.run(Thread.java:748)&#10;&quot;pool-158-thread-55&quot;  prio=5 tid=2356 in Object.wait()&#10;java.lang.Thread.State: WAITING (on object monitor)&#10;        at sun.misc.Unsafe.park(Native Method)&#10;        at java.util.concurrent.locks.LockSupport.park(LockSupport.java:175)&#10;        at java.util.concurrent.locks.AbstractQueuedSynchronizer$ConditionObject.await(AbstractQueuedSynchronizer.java:2039)&#10;        at java.util.concurrent.ArrayBlockingQueue.take(ArrayBlockingQueue.java:403)&#10;        at java.util.concurrent.ThreadPoolExecutor.getTask(ThreadPoolExecutor.java:1074)&#10;        at java.util.concurrent.ThreadPoolExecutor.runWorker(ThreadPoolExecutor.java:1134)&#10;        at java.util.concurrent.ThreadPoolExecutor$Worker.run(ThreadPoolExecutor.java:624)&#10;        at java.lang.Thread.run(Thread.java:748)&#10;&quot;pool-178-thread-44&quot;  prio=5 tid=2469 in Object.wait()&#10;java.lang.Thread.State: WAITING (on object monitor)&#10;        at sun.misc.Unsafe.park(Native Method)&#10;        at java.util.concurrent.locks.LockSupport.park(LockSupport.java:175)&#10;        at java.util.concurrent.locks.AbstractQueuedSynchronizer$ConditionObject.await(AbstractQueuedSynchronizer.java:2039)&#10;        at java.util.concurrent.ArrayBlockingQueue.take(ArrayBlockingQueue.java:403)&#10;        at java.util.concurrent.ThreadPoolExecutor.getTask(ThreadPoolExecutor.java:1074)&#10;        at java.util.concurrent.ThreadPoolExecutor.runWorker(ThreadPoolExecutor.java:1134)&#10;        at java.util.concurrent.ThreadPoolExecutor$Worker.run(ThreadPoolExecutor.java:624)&#10;        at java.lang.Thread.run(Thread.java:748)&#10;&quot;pool-178-thread-19&quot;  prio=5 tid=2444 in Object.wait()&#10;java.lang.Thread.State: WAITING (on object monitor)&#10;        at sun.misc.Unsafe.park(Native Method)&#10;        at java.util.concurrent.locks.LockSupport.park(LockSupport.java:175)&#10;        at java.util.concurrent.locks.AbstractQueuedSynchronizer$ConditionObject.await(AbstractQueuedSynchronizer.java:2039)&#10;        at java.util.concurrent.ArrayBlockingQueue.take(ArrayBlockingQueue.java:403)&#10;        at java.util.concurrent.ThreadPoolExecutor.getTask(ThreadPoolExecutor.java:1074)&#10;        at java.util.concurrent.ThreadPoolExecutor.runWorker(ThreadPoolExecutor.java:1134)&#10;        at java.util.concurrent.ThreadPoolExecutor$Worker.run(ThreadPoolExecutor.java:624)&#10;        at java.lang.Thread.run(Thread.java:748)&#10;&quot;Thread-1559&quot; daemon prio=5 tid=3218 timed_waiting&#10;java.lang.Thread.State: TIMED_WAITING&#10;        at java.lang.Thread.sleep(Native Method)&#10;        at org.apache.ratis.util.JavaUtils.sleep(JavaUtils.java:243)&#10;        at org.apache.ratis.server.impl.FollowerState.run(FollowerState.java:100)&#10;&quot;Thread-1558&quot; daemon prio=5 tid=3217 timed_waiting&#10;java.lang.Thread.State: TIMED_WAITING&#10;        at java.lang.Thread.sleep(Native Method)&#10;        at org.apache.ratis.util.JavaUtils.sleep(JavaUtils.java:243)&#10;        at org.apache.ratis.server.impl.FollowerState.run(FollowerState.java:100)&#10;&quot;pool-178-thread-53&quot;  prio=5 tid=2478 in Object.wait()&#10;java.lang.Thread.State: WAITING (on object monitor)&#10;        at sun.misc.Unsafe.park(Native Method)&#10;        at java.util.concurrent.locks.LockSupport.park(LockSupport.java:175)&#10;        at java.util.concurrent.locks.AbstractQueuedSynchronizer$ConditionObject.await(AbstractQueuedSynchronizer.java:2039)&#10;        at java.util.concurrent.ArrayBlockingQueue.take(ArrayBlockingQueue.java:403)&#10;        at java.util.concurrent.ThreadPoolExecutor.getTask(ThreadPoolExecutor.java:1074)&#10;        at java.util.concurrent.ThreadPoolExecutor.runWorker(ThreadPoolExecutor.java:1134)&#10;        at java.util.concurrent.ThreadPoolExecutor$Worker.run(ThreadPoolExecutor.java:624)&#10;        at java.lang.Thread.run(Thread.java:748)&#10;&quot;pool-218-thread-48&quot;  prio=5 tid=2721 in Object.wait()&#10;java.lang.Thread.State: WAITING (on object monitor)&#10;        at sun.misc.Unsafe.park(Native Method)&#10;        at java.util.concurrent.locks.LockSupport.park(LockSupport.java:175)&#10;        at java.util.concurrent.locks.AbstractQueuedSynchronizer$ConditionObject.await(AbstractQueuedSynchronizer.java:2039)&#10;        at java.util.concurrent.ArrayBlockingQueue.take(ArrayBlockingQueue.java:403)&#10;        at java.util.concurrent.ThreadPoolExecutor.getTask(ThreadPoolExecutor.java:1074)&#10;        at java.util.concurrent.ThreadPoolExecutor.runWorker(ThreadPoolExecutor.java:1134)&#10;        at java.util.concurrent.ThreadPoolExecutor$Worker.run(ThreadPoolExecutor.java:624)&#10;        at java.lang.Thread.run(Thread.java:748)&#10;&quot;pool-218-thread-24&quot;  prio=5 tid=2697 in Object.wait()&#10;java.lang.Thread.State: WAITING (on object monitor)&#10;        at sun.misc.Unsafe.park(Native Method)&#10;        at java.util.concurrent.locks.LockSupport.park(LockSupport.java:175)&#10;        at java.util.concurrent.locks.AbstractQueuedSynchronizer$ConditionObject.await(AbstractQueuedSynchronizer.java:2039)&#10;        at java.util.concurrent.ArrayBlockingQueue.take(ArrayBlockingQueue.java:403)&#10;        at java.util.concurrent.ThreadPoolExecutor.getTask(ThreadPoolExecutor.java:1074)&#10;        at java.util.concurrent.ThreadPoolExecutor.runWorker(ThreadPoolExecutor.java:1134)&#10;        at java.util.concurrent.ThreadPoolExecutor$Worker.run(ThreadPoolExecutor.java:624)&#10;        at java.lang.Thread.run(Thread.java:748)&#10;&quot;org.eclipse.jetty.server.session.HashSessionManager@163042eaTimer&quot; daemon prio=5 tid=1984 timed_waiting&#10;java.lang.Thread.State: TIMED_WAITING&#10;        at sun.misc.Unsafe.park(Native Method)&#10;        at java.util.concurrent.locks.LockSupport.parkNanos(LockSupport.java:215)&#10;        at java.util.concurrent.locks.AbstractQueuedSynchronizer$ConditionObject.awaitNanos(AbstractQueuedSynchronizer.java:2078)&#10;        at java.util.concurrent.ScheduledThreadPoolExecutor$DelayedWorkQueue.take(ScheduledThreadPoolExecutor.java:1093)&#10;        at java.util.concurrent.ScheduledThreadPoolExecutor$DelayedWorkQueue.take(ScheduledThreadPoolExecutor.java:809)&#10;        at java.util.concurrent.ThreadPoolExecutor.getTask(ThreadPoolExecutor.java:1074)&#10;        at java.util.concurrent.ThreadPoolExecutor.runWorker(ThreadPoolExecutor.java:1134)&#10;        at java.util.concurrent.ThreadPoolExecutor$Worker.run(ThreadPoolExecutor.java:624)&#10;        at java.lang.Thread.run(Thread.java:748)&#10;&quot;pool-218-thread-55&quot;  prio=5 tid=2728 in Object.wait()&#10;java.lang.Thread.State: WAITING (on object monitor)&#10;        at sun.misc.Unsafe.park(Native Method)&#10;        at java.util.concurrent.locks.LockSupport.park(LockSupport.java:175)&#10;        at java.util.concurrent.locks.AbstractQueuedSynchronizer$ConditionObject.await(AbstractQueuedSynchronizer.java:2039)&#10;        at java.util.concurrent.ArrayBlockingQueue.take(ArrayBlockingQueue.java:403)&#10;        at java.util.concurrent.ThreadPoolExecutor.getTask(ThreadPoolExecutor.java:1074)&#10;        at java.util.concurrent.ThreadPoolExecutor.runWorker(ThreadPoolExecutor.java:1134)&#10;        at java.util.concurrent.ThreadPoolExecutor$Worker.run(ThreadPoolExecutor.java:624)&#10;        at java.lang.Thread.run(Thread.java:748)&#10;&quot;pool-148-thread-58&quot;  prio=5 tid=2296 in Object.wait()&#10;java.lang.Thread.State: WAITING (on object monitor)&#10;        at sun.misc.Unsafe.park(Native Method)&#10;        at java.util.concurrent.locks.LockSupport.park(LockSupport.java:175)&#10;        at java.util.concurrent.locks.AbstractQueuedSynchronizer$ConditionObject.await(AbstractQueuedSynchronizer.java:2039)&#10;        at java.util.concurrent.ArrayBlockingQueue.take(ArrayBlockingQueue.java:403)&#10;        at java.util.concurrent.ThreadPoolExecutor.getTask(ThreadPoolExecutor.java:1074)&#10;        at java.util.concurrent.ThreadPoolExecutor.runWorker(ThreadPoolExecutor.java:1134)&#10;        at java.util.concurrent.ThreadPoolExecutor$Worker.run(ThreadPoolExecutor.java:624)&#10;        at java.lang.Thread.run(Thread.java:748)&#10;&quot;pool-148-thread-22&quot;  prio=5 tid=2260 in Object.wait()&#10;java.lang.Thread.State: WAITING (on object monitor)&#10;        at sun.misc.Unsafe.park(Native Method)&#10;        at java.util.concurrent.locks.LockSupport.park(LockSupport.java:175)&#10;        at java.util.concurrent.locks.AbstractQueuedSynchronizer$ConditionObject.await(AbstractQueuedSynchronizer.java:2039)&#10;        at java.util.concurrent.ArrayBlockingQueue.take(ArrayBlockingQueue.java:403)&#10;        at java.util.concurrent.ThreadPoolExecutor.getTask(ThreadPoolExecutor.java:1074)&#10;        at java.util.concurrent.ThreadPoolExecutor.runWorker(ThreadPoolExecutor.java:1134)&#10;        at java.util.concurrent.ThreadPoolExecutor$Worker.run(ThreadPoolExecutor.java:624)&#10;        at java.lang.Thread.run(Thread.java:748)&#10;&quot;Periodic HDDS volume checker&quot;  prio=5 tid=2131 timed_waiting&#10;java.lang.Thread.State: TIMED_WAITING&#10;        at sun.misc.Unsafe.park(Native Method)&#10;        at java.util.concurrent.locks.LockSupport.parkNanos(LockSupport.java:215)&#10;        at java.util.concurrent.locks.AbstractQueuedSynchronizer$ConditionObject.awaitNanos(AbstractQueuedSynchronizer.java:2078)&#10;        at java.util.concurrent.ScheduledThreadPoolExecutor$DelayedWorkQueue.take(ScheduledThreadPoolExecutor.java:1093)&#10;        at java.util.concurrent.ScheduledThreadPoolExecutor$DelayedWorkQueue.take(ScheduledThreadPoolExecutor.java:809)&#10;        at java.util.concurrent.ThreadPoolExecutor.getTask(ThreadPoolExecutor.java:1074)&#10;        at java.util.concurrent.ThreadPoolExecutor.runWorker(ThreadPoolExecutor.java:1134)&#10;        at java.util.concurrent.ThreadPoolExecutor$Worker.run(ThreadPoolExecutor.java:624)&#10;        at java.lang.Thread.run(Thread.java:748)&#10;&quot;pool-168-thread-44&quot;  prio=5 tid=2407 in Object.wait()&#10;java.lang.Thread.State: WAITING (on object monitor)&#10;        at sun.misc.Unsafe.park(Native Method)&#10;        at java.util.concurrent.locks.LockSupport.park(LockSupport.java:175)&#10;        at java.util.concurrent.locks.AbstractQueuedSynchronizer$ConditionObject.await(AbstractQueuedSynchronizer.java:2039)&#10;        at java.util.concurrent.ArrayBlockingQueue.take(ArrayBlockingQueue.java:403)&#10;        at java.util.concurrent.ThreadPoolExecutor.getTask(ThreadPoolExecutor.java:1074)&#10;        at java.util.concurrent.ThreadPoolExecutor.runWorker(ThreadPoolExecutor.java:1134)&#10;        at java.util.concurrent.ThreadPoolExecutor$Worker.run(ThreadPoolExecutor.java:624)&#10;        at java.lang.Thread.run(Thread.java:748)&#10;&quot;IPC Server handler 2 on 43737&quot; daemon prio=5 tid=1874 timed_waiting&#10;java.lang.Thread.State: TIMED_WAITING&#10;        at sun.misc.Unsafe.park(Native Method)&#10;        at java.util.concurrent.locks.LockSupport.parkNanos(LockSupport.java:215)&#10;        at java.util.concurrent.locks.AbstractQueuedSynchronizer$ConditionObject.awaitNanos(AbstractQueuedSynchronizer.java:2078)&#10;        at java.util.concurrent.LinkedBlockingQueue.poll(LinkedBlockingQueue.java:467)&#10;        at org.apache.hadoop.ipc.CallQueueManager.take(CallQueueManager.java:288)&#10;        at org.apache.hadoop.ipc.Server$Handler.run(Server.java:2668)&#10;&quot;Thread-1501&quot; daemon prio=5 tid=3160 timed_waiting&#10;java.lang.Thread.State: TIMED_WAITING&#10;        at sun.misc.Unsafe.park(Native Method)&#10;        at java.util.concurrent.locks.LockSupport.parkNanos(LockSupport.java:215)&#10;        at java.util.concurrent.locks.AbstractQueuedSynchronizer$ConditionObject.awaitNanos(AbstractQueuedSynchronizer.java:2078)&#10;        at java.util.concurrent.ArrayBlockingQueue.poll(ArrayBlockingQueue.java:418)&#10;        at org.apache.ratis.server.impl.LeaderState$EventQueue.poll(LeaderState.java:115)&#10;        at org.apache.ratis.server.impl.LeaderState$EventProcessor.run(LeaderState.java:467)&#10;&quot;grpc-default-worker-ELG-3-4&quot; daemon prio=5 tid=1056 runnable&#10;java.lang.Thread.State: RUNNABLE&#10;        at sun.nio.ch.EPollArrayWrapper.epollWait(Native Method)&#10;        at sun.nio.ch.EPollArrayWrapper.poll(EPollArrayWrapper.java:269)&#10;        at sun.nio.ch.EPollSelectorImpl.doSelect(EPollSelectorImpl.java:93)&#10;        at sun.nio.ch.SelectorImpl.lockAndDoSelect(SelectorImpl.java:86)&#10;        at sun.nio.ch.SelectorImpl.select(SelectorImpl.java:97)&#10;        at org.apache.ratis.thirdparty.io.netty.channel.nio.SelectedSelectionKeySetSelector.select(SelectedSelectionKeySetSelector.java:62)&#10;        at org.apache.ratis.thirdparty.io.netty.channel.nio.NioEventLoop.select(NioEventLoop.java:753)&#10;        at org.apache.ratis.thirdparty.io.netty.channel.nio.NioEventLoop.run(NioEventLoop.java:408)&#10;        at org.apache.ratis.thirdparty.io.netty.util.concurrent.SingleThreadEventExecutor$5.run(SingleThreadEventExecutor.java:897)&#10;        at org.apache.ratis.thirdparty.io.netty.util.concurrent.FastThreadLocalRunnable.run(FastThreadLocalRunnable.java:30)&#10;        at java.lang.Thread.run(Thread.java:748)&#10;&quot;pool-218-thread-59&quot;  prio=5 tid=2732 in Object.wait()&#10;java.lang.Thread.State: WAITING (on object monitor)&#10;        at sun.misc.Unsafe.park(Native Method)&#10;        at java.util.concurrent.locks.LockSupport.park(LockSupport.java:175)&#10;        at java.util.concurrent.locks.AbstractQueuedSynchronizer$ConditionObject.await(AbstractQueuedSynchronizer.java:2039)&#10;        at java.util.concurrent.ArrayBlockingQueue.take(ArrayBlockingQueue.java:403)&#10;        at java.util.concurrent.ThreadPoolExecutor.getTask(ThreadPoolExecutor.java:1074)&#10;        at java.util.concurrent.ThreadPoolExecutor.runWorker(ThreadPoolExecutor.java:1134)&#10;        at java.util.concurrent.ThreadPoolExecutor$Worker.run(ThreadPoolExecutor.java:624)&#10;        at java.lang.Thread.run(Thread.java:748)&#10;&quot;PartialTableCache Cleanup Thread - 0&quot; daemon prio=5 tid=1364 in Object.wait()&#10;java.lang.Thread.State: WAITING (on object monitor)&#10;        at sun.misc.Unsafe.park(Native Method)&#10;        at java.util.concurrent.locks.LockSupport.park(LockSupport.java:175)&#10;        at java.util.concurrent.locks.AbstractQueuedSynchronizer$ConditionObject.await(AbstractQueuedSynchronizer.java:2039)&#10;        at java.util.concurrent.LinkedBlockingQueue.take(LinkedBlockingQueue.java:442)&#10;        at java.util.concurrent.ThreadPoolExecutor.getTask(ThreadPoolExecutor.java:1074)&#10;        at java.util.concurrent.ThreadPoolExecutor.runWorker(ThreadPoolExecutor.java:1134)&#10;        at java.util.concurrent.ThreadPoolExecutor$Worker.run(ThreadPoolExecutor.java:624)&#10;        at java.lang.Thread.run(Thread.java:748)&#10;&quot;pool-238-thread-60&quot;  prio=5 tid=2857 in Object.wait()&#10;java.lang.Thread.State: WAITING (on object monitor)&#10;        at sun.misc.Unsafe.park(Native Method)&#10;        at java.util.concurrent.locks.LockSupport.park(LockSupport.java:175)&#10;        at java.util.concurrent.locks.AbstractQueuedSynchronizer$ConditionObject.await(AbstractQueuedSynchronizer.java:2039)&#10;        at java.util.concurrent.ArrayBlockingQueue.take(ArrayBlockingQueue.java:403)&#10;        at java.util.concurrent.ThreadPoolExecutor.getTask(ThreadPoolExecutor.java:1074)&#10;        at java.util.concurrent.ThreadPoolExecutor.runWorker(ThreadPoolExecutor.java:1134)&#10;        at java.util.concurrent.ThreadPoolExecutor$Worker.run(ThreadPoolExecutor.java:624)&#10;        at java.lang.Thread.run(Thread.java:748)&#10;&quot;pool-218-thread-4&quot;  prio=5 tid=2677 in Object.wait()&#10;java.lang.Thread.State: WAITING (on object monitor)&#10;        at sun.misc.Unsafe.park(Native Method)&#10;        at java.util.concurrent.locks.LockSupport.park(LockSupport.java:175)&#10;        at java.util.concurrent.locks.AbstractQueuedSynchronizer$ConditionObject.await(AbstractQueuedSynchronizer.java:2039)&#10;        at java.util.concurrent.ArrayBlockingQueue.take(ArrayBlockingQueue.java:403)&#10;        at java.util.concurrent.ThreadPoolExecutor.getTask(ThreadPoolExecutor.java:1074)&#10;        at java.util.concurrent.ThreadPoolExecutor.runWorker(ThreadPoolExecutor.java:1134)&#10;        at java.util.concurrent.ThreadPoolExecutor$Worker.run(ThreadPoolExecutor.java:624)&#10;        at java.lang.Thread.run(Thread.java:748)&#10;&quot;pool-148-thread-47&quot;  prio=5 tid=2285 in Object.wait()&#10;java.lang.Thread.State: WAITING (on object monitor)&#10;        at sun.misc.Unsafe.park(Native Method)&#10;        at java.util.concurrent.locks.LockSupport.park(LockSupport.java:175)&#10;        at java.util.concurrent.locks.AbstractQueuedSynchronizer$ConditionObject.await(AbstractQueuedSynchronizer.java:2039)&#10;        at java.util.concurrent.ArrayBlockingQueue.take(ArrayBlockingQueue.java:403)&#10;        at java.util.concurrent.ThreadPoolExecutor.getTask(ThreadPoolExecutor.java:1074)&#10;        at java.util.concurrent.ThreadPoolExecutor.runWorker(ThreadPoolExecutor.java:1134)&#10;        at java.util.concurrent.ThreadPoolExecutor$Worker.run(ThreadPoolExecutor.java:624)&#10;        at java.lang.Thread.run(Thread.java:748)&#10;&quot;pool-209-thread-1&quot;  prio=5 tid=2914 in Object.wait()&#10;java.lang.Thread.State: WAITING (on object monitor)&#10;        at sun.misc.Unsafe.park(Native Method)&#10;        at java.util.concurrent.locks.LockSupport.park(LockSupport.java:175)&#10;        at java.util.concurrent.locks.AbstractQueuedSynchronizer$ConditionObject.await(AbstractQueuedSynchronizer.java:2039)&#10;        at java.util.concurrent.LinkedBlockingQueue.take(LinkedBlockingQueue.java:442)&#10;        at java.util.concurrent.ThreadPoolExecutor.getTask(ThreadPoolExecutor.java:1074)&#10;        at java.util.concurrent.ThreadPoolExecutor.runWorker(ThreadPoolExecutor.java:1134)&#10;        at java.util.concurrent.ThreadPoolExecutor$Worker.run(ThreadPoolExecutor.java:624)&#10;        at java.lang.Thread.run(Thread.java:748)&#10;&quot;pool-148-thread-35&quot;  prio=5 tid=2273 in Object.wait()&#10;java.lang.Thread.State: WAITING (on object monitor)&#10;        at sun.misc.Unsafe.park(Native Method)&#10;        at java.util.concurrent.locks.LockSupport.park(LockSupport.java:175)&#10;        at java.util.concurrent.locks.AbstractQueuedSynchronizer$ConditionObject.await(AbstractQueuedSynchronizer.java:2039)&#10;        at java.util.concurrent.ArrayBlockingQueue.take(ArrayBlockingQueue.java:403)&#10;        at java.util.concurrent.ThreadPoolExecutor.getTask(ThreadPoolExecutor.java:1074)&#10;        at java.util.concurrent.ThreadPoolExecutor.runWorker(ThreadPoolExecutor.java:1134)&#10;        at java.util.concurrent.ThreadPoolExecutor$Worker.run(ThreadPoolExecutor.java:624)&#10;        at java.lang.Thread.run(Thread.java:748)&#10;&quot;Datanode ReportManager Thread - 1&quot; daemon prio=5 tid=226 in Object.wait()&#10;java.lang.Thread.State: WAITING (on object monitor)&#10;        at sun.misc.Unsafe.park(Native Method)&#10;        at java.util.concurrent.locks.LockSupport.park(LockSupport.java:175)&#10;        at java.util.concurrent.locks.AbstractQueuedSynchronizer$ConditionObject.await(AbstractQueuedSynchronizer.java:2039)&#10;        at java.util.concurrent.ScheduledThreadPoolExecutor$DelayedWorkQueue.take(ScheduledThreadPoolExecutor.java:1088)&#10;        at java.util.concurrent.ScheduledThreadPoolExecutor$DelayedWorkQueue.take(ScheduledThreadPoolExecutor.java:809)&#10;        at java.util.concurrent.ThreadPoolExecutor.getTask(ThreadPoolExecutor.java:1074)&#10;        at java.util.concurrent.ThreadPoolExecutor.runWorker(ThreadPoolExecutor.java:1134)&#10;        at java.util.concurrent.ThreadPoolExecutor$Worker.run(ThreadPoolExecutor.java:624)&#10;        at java.lang.Thread.run(Thread.java:748)&#10;&quot;IPC Server handler 19 on 45554&quot; daemon prio=5 tid=1954 timed_waiting&#10;java.lang.Thread.State: TIMED_WAITING&#10;        at sun.misc.Unsafe.park(Native Method)&#10;        at java.util.concurrent.locks.LockSupport.parkNanos(LockSupport.java:215)&#10;        at java.util.concurrent.locks.AbstractQueuedSynchronizer$ConditionObject.awaitNanos(AbstractQueuedSynchronizer.java:2078)&#10;        at java.util.concurrent.LinkedBlockingQueue.poll(LinkedBlockingQueue.java:467)&#10;        at org.apache.hadoop.ipc.CallQueueManager.take(CallQueueManager.java:288)&#10;        at org.apache.hadoop.ipc.Server$Handler.run(Server.java:2668)&#10;&quot;pool-148-thread-49&quot;  prio=5 tid=2287 in Object.wait()&#10;java.lang.Thread.State: WAITING (on object monitor)&#10;        at sun.misc.Unsafe.park(Native Method)&#10;        at java.util.concurrent.locks.LockSupport.park(LockSupport.java:175)&#10;        at java.util.concurrent.locks.AbstractQueuedSynchronizer$ConditionObject.await(AbstractQueuedSynchronizer.java:2039)&#10;        at java.util.concurrent.ArrayBlockingQueue.take(ArrayBlockingQueue.java:403)&#10;        at java.util.concurrent.ThreadPoolExecutor.getTask(ThreadPoolExecutor.java:1074)&#10;        at java.util.concurrent.ThreadPoolExecutor.runWorker(ThreadPoolExecutor.java:1134)&#10;        at java.util.concurrent.ThreadPoolExecutor$Worker.run(ThreadPoolExecutor.java:624)&#10;        at java.lang.Thread.run(Thread.java:748)&#10;&quot;pool-188-thread-19&quot;  prio=5 tid=2506 in Object.wait()&#10;java.lang.Thread.State: WAITING (on object monitor)&#10;        at sun.misc.Unsafe.park(Native Method)&#10;        at java.util.concurrent.locks.LockSupport.park(LockSupport.java:175)&#10;        at java.util.concurrent.locks.AbstractQueuedSynchronizer$ConditionObject.await(AbstractQueuedSynchronizer.java:2039)&#10;        at java.util.concurrent.ArrayBlockingQueue.take(ArrayBlockingQueue.java:403)&#10;        at java.util.concurrent.ThreadPoolExecutor.getTask(ThreadPoolExecutor.java:1074)&#10;        at java.util.concurrent.ThreadPoolExecutor.runWorker(ThreadPoolExecutor.java:1134)&#10;        at java.util.concurrent.ThreadPoolExecutor$Worker.run(ThreadPoolExecutor.java:624)&#10;        at java.lang.Thread.run(Thread.java:748)&#10;&quot;org.eclipse.jetty.server.session.HashSessionManager@3b2553d9Timer&quot; daemon prio=5 tid=1966 timed_waiting&#10;java.lang.Thread.State: TIMED_WAITING&#10;        at sun.misc.Unsafe.park(Native Method)&#10;        at java.util.concurrent.locks.LockSupport.parkNanos(LockSupport.java:215)&#10;        at java.util.concurrent.locks.AbstractQueuedSynchronizer$ConditionObject.awaitNanos(AbstractQueuedSynchronizer.java:2078)&#10;        at java.util.concurrent.ScheduledThreadPoolExecutor$DelayedWorkQueue.take(ScheduledThreadPoolExecutor.java:1093)&#10;        at java.util.concurrent.ScheduledThreadPoolExecutor$DelayedWorkQueue.take(ScheduledThreadPoolExecutor.java:809)&#10;        at java.util.concurrent.ThreadPoolExecutor.getTask(ThreadPoolExecutor.java:1074)&#10;        at java.util.concurrent.ThreadPoolExecutor.runWorker(ThreadPoolExecutor.java:1134)&#10;        at java.util.concurrent.ThreadPoolExecutor$Worker.run(ThreadPoolExecutor.java:624)&#10;        at java.lang.Thread.run(Thread.java:748)&#10;&quot;BlockDeletingService#1&quot; daemon prio=5 tid=2735 in Object.wait()&#10;java.lang.Thread.State: WAITING (on object monitor)&#10;        at sun.misc.Unsafe.park(Native Method)&#10;        at java.util.concurrent.locks.LockSupport.park(LockSupport.java:175)&#10;        at java.util.concurrent.locks.AbstractQueuedSynchronizer$ConditionObject.await(AbstractQueuedSynchronizer.java:2039)&#10;        at java.util.concurrent.ScheduledThreadPoolExecutor$DelayedWorkQueue.take(ScheduledThreadPoolExecutor.java:1088)&#10;        at java.util.concurrent.ScheduledThreadPoolExecutor$DelayedWorkQueue.take(ScheduledThreadPoolExecutor.java:809)&#10;        at java.util.concurrent.ThreadPoolExecutor.getTask(ThreadPoolExecutor.java:1074)&#10;        at java.util.concurrent.ThreadPoolExecutor.runWorker(ThreadPoolExecutor.java:1134)&#10;        at java.util.concurrent.ThreadPoolExecutor$Worker.run(ThreadPoolExecutor.java:624)&#10;        at java.lang.Thread.run(Thread.java:748)&#10;&quot;pool-158-thread-50&quot;  prio=5 tid=2351 in Object.wait()&#10;java.lang.Thread.State: WAITING (on object monitor)&#10;        at sun.misc.Unsafe.park(Native Method)&#10;        at java.util.concurrent.locks.LockSupport.park(LockSupport.java:175)&#10;        at java.util.concurrent.locks.AbstractQueuedSynchronizer$ConditionObject.await(AbstractQueuedSynchronizer.java:2039)&#10;        at java.util.concurrent.ArrayBlockingQueue.take(ArrayBlockingQueue.java:403)&#10;        at java.util.concurrent.ThreadPoolExecutor.getTask(ThreadPoolExecutor.java:1074)&#10;        at java.util.concurrent.ThreadPoolExecutor.runWorker(ThreadPoolExecutor.java:1134)&#10;        at java.util.concurrent.ThreadPoolExecutor$Worker.run(ThreadPoolExecutor.java:624)&#10;        at java.lang.Thread.run(Thread.java:748)&#10;&quot;Command processor thread&quot; daemon prio=5 tid=2181 timed_waiting&#10;java.lang.Thread.State: TIMED_WAITING&#10;        at java.lang.Thread.sleep(Native Method)&#10;        at org.apache.hadoop.ozone.container.common.statemachine.DatanodeStateMachine.lambda$initCommandHandlerThread$1(DatanodeStateMachine.java:439)&#10;        at org.apache.hadoop.ozone.container.common.statemachine.DatanodeStateMachine$$Lambda$142/1603672614.run(Unknown Source)&#10;        at java.lang.Thread.run(Thread.java:748)&#10;&quot;Command processor thread&quot; daemon prio=5 tid=2019 timed_waiting&#10;java.lang.Thread.State: TIMED_WAITING&#10;        at java.lang.Thread.sleep(Native Method)&#10;        at org.apache.hadoop.ozone.container.common.statemachine.DatanodeStateMachine.lambda$initCommandHandlerThread$1(DatanodeStateMachine.java:439)&#10;        at org.apache.hadoop.ozone.container.common.statemachine.DatanodeStateMachine$$Lambda$142/1603672614.run(Unknown Source)&#10;        at java.lang.Thread.run(Thread.java:748)&#10;&quot;pool-188-thread-25&quot;  prio=5 tid=2512 in Object.wait()&#10;java.lang.Thread.State: WAITING (on object monitor)&#10;        at sun.misc.Unsafe.park(Native Method)&#10;        at java.util.concurrent.locks.LockSupport.park(LockSupport.java:175)&#10;        at java.util.concurrent.locks.AbstractQueuedSynchronizer$ConditionObject.await(AbstractQueuedSynchronizer.java:2039)&#10;        at java.util.concurrent.ArrayBlockingQueue.take(ArrayBlockingQueue.java:403)&#10;        at java.util.concurrent.ThreadPoolExecutor.getTask(ThreadPoolExecutor.java:1074)&#10;        at java.util.concurrent.ThreadPoolExecutor.runWorker(ThreadPoolExecutor.java:1134)&#10;        at java.util.concurrent.ThreadPoolExecutor$Worker.run(ThreadPoolExecutor.java:624)&#10;        at java.lang.Thread.run(Thread.java:748)&#10;&quot;Datanode ReportManager Thread - 1&quot; daemon prio=5 tid=2232 in Object.wait()&#10;java.lang.Thread.State: WAITING (on object monitor)&#10;        at sun.misc.Unsafe.park(Native Method)&#10;        at java.util.concurrent.locks.LockSupport.park(LockSupport.java:175)&#10;        at java.util.concurrent.locks.AbstractQueuedSynchronizer$ConditionObject.await(AbstractQueuedSynchronizer.java:2039)&#10;        at java.util.concurrent.ScheduledThreadPoolExecutor$DelayedWorkQueue.take(ScheduledThreadPoolExecutor.java:1088)&#10;        at java.util.concurrent.ScheduledThreadPoolExecutor$DelayedWorkQueue.take(ScheduledThreadPoolExecutor.java:809)&#10;        at java.util.concurrent.ThreadPoolExecutor.getTask(ThreadPoolExecutor.java:1074)&#10;        at java.util.concurrent.ThreadPoolExecutor.runWorker(ThreadPoolExecutor.java:1134)&#10;        at java.util.concurrent.ThreadPoolExecutor$Worker.run(ThreadPoolExecutor.java:624)&#10;        at java.lang.Thread.run(Thread.java:748)&#10;&quot;Datanode ReportManager Thread - 3&quot; daemon prio=5 tid=2180 in Object.wait()&#10;java.lang.Thread.State: WAITING (on object monitor)&#10;        at sun.misc.Unsafe.park(Native Method)&#10;        at java.util.concurrent.locks.LockSupport.park(LockSupport.java:175)&#10;        at java.util.concurrent.locks.AbstractQueuedSynchronizer$ConditionObject.await(AbstractQueuedSynchronizer.java:2039)&#10;        at java.util.concurrent.ScheduledThreadPoolExecutor$DelayedWorkQueue.take(ScheduledThreadPoolExecutor.java:1088)&#10;        at java.util.concurrent.ScheduledThreadPoolExecutor$DelayedWorkQueue.take(ScheduledThreadPoolExecutor.java:809)&#10;        at java.util.concurrent.ThreadPoolExecutor.getTask(ThreadPoolExecutor.java:1074)&#10;        at java.util.concurrent.ThreadPoolExecutor.runWorker(ThreadPoolExecutor.java:1134)&#10;        at java.util.concurrent.ThreadPoolExecutor$Worker.run(ThreadPoolExecutor.java:624)&#10;        at java.lang.Thread.run(Thread.java:748)&#10;&quot;pool-238-thread-34&quot;  prio=5 tid=2831 in Object.wait()&#10;java.lang.Thread.State: WAITING (on object monitor)&#10;        at sun.misc.Unsafe.park(Native Method)&#10;        at java.util.concurrent.locks.LockSupport.park(LockSupport.java:175)&#10;        at java.util.concurrent.locks.AbstractQueuedSynchronizer$ConditionObject.await(AbstractQueuedSynchronizer.java:2039)&#10;        at java.util.concurrent.ArrayBlockingQueue.take(ArrayBlockingQueue.java:403)&#10;        at java.util.concurrent.ThreadPoolExecutor.getTask(ThreadPoolExecutor.java:1074)&#10;        at java.util.concurrent.ThreadPoolExecutor.runWorker(ThreadPoolExecutor.java:1134)&#10;        at java.util.concurrent.ThreadPoolExecutor$Worker.run(ThreadPoolExecutor.java:624)&#10;        at java.lang.Thread.run(Thread.java:748)&#10;&quot;qtp81705968-2060&quot; daemon prio=5 tid=2060 timed_waiting&#10;java.lang.Thread.State: TIMED_WAITING&#10;        at sun.misc.Unsafe.park(Native Method)&#10;        at java.util.concurrent.locks.LockSupport.parkNanos(LockSupport.java:215)&#10;        at java.util.concurrent.locks.AbstractQueuedSynchronizer$ConditionObject.awaitNanos(AbstractQueuedSynchronizer.java:2078)&#10;        at org.eclipse.jetty.util.BlockingArrayQueue.poll(BlockingArrayQueue.java:392)&#10;        at org.eclipse.jetty.util.thread.QueuedThreadPool.idleJobPoll(QueuedThreadPool.java:563)&#10;        at org.eclipse.jetty.util.thread.QueuedThreadPool.access$800(QueuedThreadPool.java:48)&#10;        at org.eclipse.jetty.util.thread.QueuedThreadPool$2.run(QueuedThreadPool.java:626)&#10;        at java.lang.Thread.run(Thread.java:748)&#10;&quot;qtp1090160486-1917&quot; daemon prio=5 tid=1917 timed_waiting&#10;java.lang.Thread.State: TIMED_WAITING&#10;        at sun.misc.Unsafe.park(Native Method)&#10;        at java.util.concurrent.locks.LockSupport.parkNanos(LockSupport.java:215)&#10;        at java.util.concurrent.locks.AbstractQueuedSynchronizer$ConditionObject.awaitNanos(AbstractQueuedSynchronizer.java:2078)&#10;        at org.eclipse.jetty.util.BlockingArrayQueue.poll(BlockingArrayQueue.java:392)&#10;        at org.eclipse.jetty.util.thread.QueuedThreadPool.idleJobPoll(QueuedThreadPool.java:563)&#10;        at org.eclipse.jetty.util.thread.QueuedThreadPool.access$800(QueuedThreadPool.java:48)&#10;        at org.eclipse.jetty.util.thread.QueuedThreadPool$2.run(QueuedThreadPool.java:626)&#10;        at java.lang.Thread.run(Thread.java:748)&#10;&quot;pool-188-thread-9&quot;  prio=5 tid=2496 in Object.wait()&#10;java.lang.Thread.State: WAITING (on object monitor)&#10;        at sun.misc.Unsafe.park(Native Method)&#10;        at java.util.concurrent.locks.LockSupport.park(LockSupport.java:175)&#10;        at java.util.concurrent.locks.AbstractQueuedSynchronizer$ConditionObject.await(AbstractQueuedSynchronizer.java:2039)&#10;        at java.util.concurrent.ArrayBlockingQueue.take(ArrayBlockingQueue.java:403)&#10;        at java.util.concurrent.ThreadPoolExecutor.getTask(ThreadPoolExecutor.java:1074)&#10;        at java.util.concurrent.ThreadPoolExecutor.runWorker(ThreadPoolExecutor.java:1134)&#10;        at java.util.concurrent.ThreadPoolExecutor$Worker.run(ThreadPoolExecutor.java:624)&#10;        at java.lang.Thread.run(Thread.java:748)&#10;&quot;pool-228-thread-57&quot;  prio=5 tid=2792 in Object.wait()&#10;java.lang.Thread.State: WAITING (on object monitor)&#10;        at sun.misc.Unsafe.park(Native Method)&#10;        at java.util.concurrent.locks.LockSupport.park(LockSupport.java:175)&#10;        at java.util.concurrent.locks.AbstractQueuedSynchronizer$ConditionObject.await(AbstractQueuedSynchronizer.java:2039)&#10;        at java.util.concurrent.ArrayBlockingQueue.take(ArrayBlockingQueue.java:403)&#10;        at java.util.concurrent.ThreadPoolExecutor.getTask(ThreadPoolExecutor.java:1074)&#10;        at java.util.concurrent.ThreadPoolExecutor.runWorker(ThreadPoolExecutor.java:1134)&#10;        at java.util.concurrent.ThreadPoolExecutor$Worker.run(ThreadPoolExecutor.java:624)&#10;        at java.lang.Thread.run(Thread.java:748)&#10;&quot;pool-198-thread-46&quot;  prio=5 tid=2595 in Object.wait()&#10;java.lang.Thread.State: WAITING (on object monitor)&#10;        at sun.misc.Unsafe.park(Native Method)&#10;        at java.util.concurrent.locks.LockSupport.park(LockSupport.java:175)&#10;        at java.util.concurrent.locks.AbstractQueuedSynchronizer$ConditionObject.await(AbstractQueuedSynchronizer.java:2039)&#10;        at java.util.concurrent.ArrayBlockingQueue.take(ArrayBlockingQueue.java:403)&#10;        at java.util.concurrent.ThreadPoolExecutor.getTask(ThreadPoolExecutor.java:1074)&#10;        at java.util.concurrent.ThreadPoolExecutor.runWorker(ThreadPoolExecutor.java:1134)&#10;        at java.util.concurrent.ThreadPoolExecutor$Worker.run(ThreadPoolExecutor.java:624)&#10;        at java.lang.Thread.run(Thread.java:748)&#10;&quot;pool-218-thread-22&quot;  prio=5 tid=2695 in Object.wait()&#10;java.lang.Thread.State: WAITING (on object monitor)&#10;        at sun.misc.Unsafe.park(Native Method)&#10;        at java.util.concurrent.locks.LockSupport.park(LockSupport.java:175)&#10;        at java.util.concurrent.locks.AbstractQueuedSynchronizer$ConditionObject.await(AbstractQueuedSynchronizer.java:2039)&#10;        at java.util.concurrent.ArrayBlockingQueue.take(ArrayBlockingQueue.java:403)&#10;        at java.util.concurrent.ThreadPoolExecutor.getTask(ThreadPoolExecutor.java:1074)&#10;        at java.util.concurrent.ThreadPoolExecutor.runWorker(ThreadPoolExecutor.java:1134)&#10;        at java.util.concurrent.ThreadPoolExecutor$Worker.run(ThreadPoolExecutor.java:624)&#10;        at java.lang.Thread.run(Thread.java:748)&#10;&quot;pool-168-thread-15&quot;  prio=5 tid=2378 in Object.wait()&#10;java.lang.Thread.State: WAITING (on object monitor)&#10;        at sun.misc.Unsafe.park(Native Method)&#10;        at java.util.concurrent.locks.LockSupport.park(LockSupport.java:175)&#10;        at java.util.concurrent.locks.AbstractQueuedSynchronizer$ConditionObject.await(AbstractQueuedSynchronizer.java:2039)&#10;        at java.util.concurrent.ArrayBlockingQueue.take(ArrayBlockingQueue.java:403)&#10;        at java.util.concurrent.ThreadPoolExecutor.getTask(ThreadPoolExecutor.java:1074)&#10;        at java.util.concurrent.ThreadPoolExecutor.runWorker(ThreadPoolExecutor.java:1134)&#10;        at java.util.concurrent.ThreadPoolExecutor$Worker.run(ThreadPoolExecutor.java:624)&#10;        at java.lang.Thread.run(Thread.java:748)&#10;&quot;Datanode ReportManager Thread - 2&quot; daemon prio=5 tid=2071 in Object.wait()&#10;java.lang.Thread.State: WAITING (on object monitor)&#10;        at sun.misc.Unsafe.park(Native Method)&#10;        at java.util.concurrent.locks.LockSupport.park(LockSupport.java:175)&#10;        at java.util.concurrent.locks.AbstractQueuedSynchronizer$ConditionObject.await(AbstractQueuedSynchronizer.java:2039)&#10;        at java.util.concurrent.ScheduledThreadPoolExecutor$DelayedWorkQueue.take(ScheduledThreadPoolExecutor.java:1088)&#10;        at java.util.concurrent.ScheduledThreadPoolExecutor$DelayedWorkQueue.take(ScheduledThreadPoolExecutor.java:809)&#10;        at java.util.concurrent.ThreadPoolExecutor.getTask(ThreadPoolExecutor.java:1074)&#10;        at java.util.concurrent.ThreadPoolExecutor.runWorker(ThreadPoolExecutor.java:1134)&#10;        at java.util.concurrent.ThreadPoolExecutor$Worker.run(ThreadPoolExecutor.java:624)&#10;        at java.lang.Thread.run(Thread.java:748)&#10;&quot;qtp254416915-2139-acceptor-0@2fee8706-ServerConnector@7a3269f5{HTTP/1.1,[http/1.1]}{0.0.0.0:38363}&quot; daemon prio=3 tid=2139 runnable&#10;java.lang.Thread.State: RUNNABLE&#10;        at sun.nio.ch.ServerSocketChannelImpl.accept0(Native Method)&#10;        at sun.nio.ch.ServerSocketChannelImpl.accept(ServerSocketChannelImpl.java:422)&#10;        at sun.nio.ch.ServerSocketChannelImpl.accept(ServerSocketChannelImpl.java:250)&#10;        at org.eclipse.jetty.server.ServerConnector.accept(ServerConnector.java:397)&#10;        at org.eclipse.jetty.server.AbstractConnector$Acceptor.run(AbstractConnector.java:601)&#10;        at org.eclipse.jetty.util.thread.QueuedThreadPool.runJob(QueuedThreadPool.java:671)&#10;        at org.eclipse.jetty.util.thread.QueuedThreadPool$2.run(QueuedThreadPool.java:589)&#10;        at java.lang.Thread.run(Thread.java:748)&#10;&quot;Datanode ReportManager Thread - 3&quot; daemon prio=5 tid=201 timed_waiting&#10;java.lang.Thread.State: TIMED_WAITING&#10;        at sun.misc.Unsafe.park(Native Method)&#10;        at java.util.concurrent.locks.LockSupport.parkNanos(LockSupport.java:215)&#10;        at java.util.concurrent.locks.AbstractQueuedSynchronizer$ConditionObject.awaitNanos(AbstractQueuedSynchronizer.java:2078)&#10;        at java.util.concurrent.ScheduledThreadPoolExecutor$DelayedWorkQueue.take(ScheduledThreadPoolExecutor.java:1093)&#10;        at java.util.concurrent.ScheduledThreadPoolExecutor$DelayedWorkQueue.take(ScheduledThreadPoolExecutor.java:809)&#10;        at java.util.concurrent.ThreadPoolExecutor.getTask(ThreadPoolExecutor.java:1074)&#10;        at java.util.concurrent.ThreadPoolExecutor.runWorker(ThreadPoolExecutor.java:1134)&#10;        at java.util.concurrent.ThreadPoolExecutor$Worker.run(ThreadPoolExecutor.java:624)&#10;        at java.lang.Thread.run(Thread.java:748)&#10;&quot;PartialTableCache Cleanup Thread - 0&quot; daemon prio=5 tid=1362 in Object.wait()&#10;java.lang.Thread.State: WAITING (on object monitor)&#10;        at sun.misc.Unsafe.park(Native Method)&#10;        at java.util.concurrent.locks.LockSupport.park(LockSupport.java:175)&#10;        at java.util.concurrent.locks.AbstractQueuedSynchronizer$ConditionObject.await(AbstractQueuedSynchronizer.java:2039)&#10;        at java.util.concurrent.LinkedBlockingQueue.take(LinkedBlockingQueue.java:442)&#10;        at java.util.concurrent.ThreadPoolExecutor.getTask(ThreadPoolExecutor.java:1074)&#10;        at java.util.concurrent.ThreadPoolExecutor.runWorker(ThreadPoolExecutor.java:1134)&#10;        at java.util.concurrent.ThreadPoolExecutor$Worker.run(ThreadPoolExecutor.java:624)&#10;        at java.lang.Thread.run(Thread.java:748)&#10;&quot;pool-228-thread-49&quot;  prio=5 tid=2784 in Object.wait()&#10;java.lang.Thread.State: WAITING (on object monitor)&#10;        at sun.misc.Unsafe.park(Native Method)&#10;        at java.util.concurrent.locks.LockSupport.park(LockSupport.java:175)&#10;        at java.util.concurrent.locks.AbstractQueuedSynchronizer$ConditionObject.await(AbstractQueuedSynchronizer.java:2039)&#10;        at java.util.concurrent.ArrayBlockingQueue.take(ArrayBlockingQueue.java:403)&#10;        at java.util.concurrent.ThreadPoolExecutor.getTask(ThreadPoolExecutor.java:1074)&#10;        at java.util.concurrent.ThreadPoolExecutor.runWorker(ThreadPoolExecutor.java:1134)&#10;        at java.util.concurrent.ThreadPoolExecutor$Worker.run(ThreadPoolExecutor.java:624)&#10;        at java.lang.Thread.run(Thread.java:748)&#10;&quot;IPC Server handler 4 on 42444&quot; daemon prio=5 tid=1896 timed_waiting&#10;java.lang.Thread.State: TIMED_WAITING&#10;        at sun.misc.Unsafe.park(Native Method)&#10;        at java.util.concurrent.locks.LockSupport.parkNanos(LockSupport.java:215)&#10;        at java.util.concurrent.locks.AbstractQueuedSynchronizer$ConditionObject.awaitNanos(AbstractQueuedSynchronizer.java:2078)&#10;        at java.util.concurrent.LinkedBlockingQueue.poll(LinkedBlockingQueue.java:467)&#10;        at org.apache.hadoop.ipc.CallQueueManager.take(CallQueueManager.java:288)&#10;        at org.apache.hadoop.ipc.Server$Handler.run(Server.java:2668)&#10;&quot;Datanode State Machine Thread - 0&quot; daemon prio=5 tid=2075 timed_waiting&#10;java.lang.Thread.State: TIMED_WAITING&#10;        at sun.misc.Unsafe.park(Native Method)&#10;        at java.util.concurrent.locks.LockSupport.parkNanos(LockSupport.java:215)&#10;        at java.util.concurrent.SynchronousQueue$TransferStack.awaitFulfill(SynchronousQueue.java:460)&#10;        at java.util.concurrent.SynchronousQueue$TransferStack.transfer(SynchronousQueue.java:362)&#10;        at java.util.concurrent.SynchronousQueue.poll(SynchronousQueue.java:941)&#10;        at java.util.concurrent.ThreadPoolExecutor.getTask(ThreadPoolExecutor.java:1073)&#10;        at java.util.concurrent.ThreadPoolExecutor.runWorker(ThreadPoolExecutor.java:1134)&#10;        at java.util.concurrent.ThreadPoolExecutor$Worker.run(ThreadPoolExecutor.java:624)&#10;        at java.lang.Thread.run(Thread.java:748)&#10;&quot;pool-208-thread-18&quot;  prio=5 tid=2629 in Object.wait()&#10;java.lang.Thread.State: WAITING (on object monitor)&#10;        at sun.misc.Unsafe.park(Native Method)&#10;        at java.util.concurrent.locks.LockSupport.park(LockSupport.java:175)&#10;        at java.util.concurrent.locks.AbstractQueuedSynchronizer$ConditionObject.await(AbstractQueuedSynchronizer.java:2039)&#10;        at java.util.concurrent.ArrayBlockingQueue.take(ArrayBlockingQueue.java:403)&#10;        at java.util.concurrent.ThreadPoolExecutor.getTask(ThreadPoolExecutor.java:1074)&#10;        at java.util.concurrent.ThreadPoolExecutor.runWorker(ThreadPoolExecutor.java:1134)&#10;        at java.util.concurrent.ThreadPoolExecutor$Worker.run(ThreadPoolExecutor.java:624)&#10;        at java.lang.Thread.run(Thread.java:748)&#10;&quot;qtp1090160486-1913-acceptor-0@11b2f827-ServerConnector@45b15381{HTTP/1.1,[http/1.1]}{0.0.0.0:36637}&quot; daemon prio=3 tid=1913 runnable&#10;java.lang.Thread.State: RUNNABLE&#10;        at sun.nio.ch.ServerSocketChannelImpl.accept0(Native Method)&#10;        at sun.nio.ch.ServerSocketChannelImpl.accept(ServerSocketChannelImpl.java:422)&#10;        at sun.nio.ch.ServerSocketChannelImpl.accept(ServerSocketChannelImpl.java:250)&#10;        at org.eclipse.jetty.server.ServerConnector.accept(ServerConnector.java:397)&#10;        at org.eclipse.jetty.server.AbstractConnector$Acceptor.run(AbstractConnector.java:601)&#10;        at org.eclipse.jetty.util.thread.QueuedThreadPool.runJob(QueuedThreadPool.java:671)&#10;        at org.eclipse.jetty.util.thread.QueuedThreadPool$2.run(QueuedThreadPool.java:589)&#10;        at java.lang.Thread.run(Thread.java:748)&#10;&quot;pool-228-thread-48&quot;  prio=5 tid=2783 in Object.wait()&#10;java.lang.Thread.State: WAITING (on object monitor)&#10;        at sun.misc.Unsafe.park(Native Method)&#10;        at java.util.concurrent.locks.LockSupport.park(LockSupport.java:175)&#10;        at java.util.concurrent.locks.AbstractQueuedSynchronizer$ConditionObject.await(AbstractQueuedSynchronizer.java:2039)&#10;        at java.util.concurrent.ArrayBlockingQueue.take(ArrayBlockingQueue.java:403)&#10;        at java.util.concurrent.ThreadPoolExecutor.getTask(ThreadPoolExecutor.java:1074)&#10;        at java.util.concurrent.ThreadPoolExecutor.runWorker(ThreadPoolExecutor.java:1134)&#10;        at java.util.concurrent.ThreadPoolExecutor$Worker.run(ThreadPoolExecutor.java:624)&#10;        at java.lang.Thread.run(Thread.java:748)&#10;&quot;IPC Server handler 11 on 45554&quot; daemon prio=5 tid=1946 timed_waiting&#10;java.lang.Thread.State: TIMED_WAITING&#10;        at sun.misc.Unsafe.park(Native Method)&#10;        at java.util.concurrent.locks.LockSupport.parkNanos(LockSupport.java:215)&#10;        at java.util.concurrent.locks.AbstractQueuedSynchronizer$ConditionObject.awaitNanos(AbstractQueuedSynchronizer.java:2078)&#10;        at java.util.concurrent.LinkedBlockingQueue.poll(LinkedBlockingQueue.java:467)&#10;        at org.apache.hadoop.ipc.CallQueueManager.take(CallQueueManager.java:288)&#10;        at org.apache.hadoop.ipc.Server$Handler.run(Server.java:2668)&#10;&quot;pool-178-thread-32&quot;  prio=5 tid=2457 in Object.wait()&#10;java.lang.Thread.State: WAITING (on object monitor)&#10;        at sun.misc.Unsafe.park(Native Method)&#10;        at java.util.concurrent.locks.LockSupport.park(LockSupport.java:175)&#10;        at java.util.concurrent.locks.AbstractQueuedSynchronizer$ConditionObject.await(AbstractQueuedSynchronizer.java:2039)&#10;        at java.util.concurrent.ArrayBlockingQueue.take(ArrayBlockingQueue.java:403)&#10;        at java.util.concurrent.ThreadPoolExecutor.getTask(ThreadPoolExecutor.java:1074)&#10;        at java.util.concurrent.ThreadPoolExecutor.runWorker(ThreadPoolExecutor.java:1134)&#10;        at java.util.concurrent.ThreadPoolExecutor$Worker.run(ThreadPoolExecutor.java:624)&#10;        at java.lang.Thread.run(Thread.java:748)&#10;&quot;org.eclipse.jetty.server.session.HashSessionManager@16ac5d35Timer&quot; daemon prio=5 tid=2065 timed_waiting&#10;java.lang.Thread.State: TIMED_WAITING&#10;        at sun.misc.Unsafe.park(Native Method)&#10;        at java.util.concurrent.locks.LockSupport.parkNanos(LockSupport.java:215)&#10;        at java.util.concurrent.locks.AbstractQueuedSynchronizer$ConditionObject.awaitNanos(AbstractQueuedSynchronizer.java:2078)&#10;        at java.util.concurrent.ScheduledThreadPoolExecutor$DelayedWorkQueue.take(ScheduledThreadPoolExecutor.java:1093)&#10;        at java.util.concurrent.ScheduledThreadPoolExecutor$DelayedWorkQueue.take(ScheduledThreadPoolExecutor.java:809)&#10;        at java.util.concurrent.ThreadPoolExecutor.getTask(ThreadPoolExecutor.java:1074)&#10;        at java.util.concurrent.ThreadPoolExecutor.runWorker(ThreadPoolExecutor.java:1134)&#10;        at java.util.concurrent.ThreadPoolExecutor$Worker.run(ThreadPoolExecutor.java:624)&#10;        at java.lang.Thread.run(Thread.java:748)&#10;&quot;org.eclipse.jetty.server.session.HashSessionManager@2b6a0ea9Timer&quot; daemon prio=5 tid=2067 timed_waiting&#10;java.lang.Thread.State: TIMED_WAITING&#10;        at sun.misc.Unsafe.park(Native Method)&#10;        at java.util.concurrent.locks.LockSupport.parkNanos(LockSupport.java:215)&#10;        at java.util.concurrent.locks.AbstractQueuedSynchronizer$ConditionObject.awaitNanos(AbstractQueuedSynchronizer.java:2078)&#10;        at java.util.concurrent.ScheduledThreadPoolExecutor$DelayedWorkQueue.take(ScheduledThreadPoolExecutor.java:1093)&#10;        at java.util.concurrent.ScheduledThreadPoolExecutor$DelayedWorkQueue.take(ScheduledThreadPoolExecutor.java:809)&#10;        at java.util.concurrent.ThreadPoolExecutor.getTask(ThreadPoolExecutor.java:1074)&#10;        at java.util.concurrent.ThreadPoolExecutor.runWorker(ThreadPoolExecutor.java:1134)&#10;        at java.util.concurrent.ThreadPoolExecutor$Worker.run(ThreadPoolExecutor.java:624)&#10;        at java.lang.Thread.run(Thread.java:748)&#10;&quot;IPC Server handler 14 on 35974&quot; daemon prio=5 tid=1866 timed_waiting&#10;java.lang.Thread.State: TIMED_WAITING&#10;        at sun.misc.Unsafe.park(Native Method)&#10;        at java.util.concurrent.locks.LockSupport.parkNanos(LockSupport.java:215)&#10;        at java.util.concurrent.locks.AbstractQueuedSynchronizer$ConditionObject.awaitNanos(AbstractQueuedSynchronizer.java:2078)&#10;        at java.util.concurrent.LinkedBlockingQueue.poll(LinkedBlockingQueue.java:467)&#10;        at org.apache.hadoop.ipc.CallQueueManager.take(CallQueueManager.java:288)&#10;        at org.apache.hadoop.ipc.Server$Handler.run(Server.java:2668)&#10;&quot;pool-238-thread-21&quot;  prio=5 tid=2818 in Object.wait()&#10;java.lang.Thread.State: WAITING (on object monitor)&#10;        at sun.misc.Unsafe.park(Native Method)&#10;        at java.util.concurrent.locks.LockSupport.park(LockSupport.java:175)&#10;        at java.util.concurrent.locks.AbstractQueuedSynchronizer$ConditionObject.await(AbstractQueuedSynchronizer.java:2039)&#10;        at java.util.concurrent.ArrayBlockingQueue.take(ArrayBlockingQueue.java:403)&#10;        at java.util.concurrent.ThreadPoolExecutor.getTask(ThreadPoolExecutor.java:1074)&#10;        at java.util.concurrent.ThreadPoolExecutor.runWorker(ThreadPoolExecutor.java:1134)&#10;        at java.util.concurrent.ThreadPoolExecutor$Worker.run(ThreadPoolExecutor.java:624)&#10;        at java.lang.Thread.run(Thread.java:748)&#10;&quot;IPC Server handler 12 on 45554&quot; daemon prio=5 tid=1947 timed_waiting&#10;java.lang.Thread.State: TIMED_WAITING&#10;        at sun.misc.Unsafe.park(Native Method)&#10;        at java.util.concurrent.locks.LockSupport.parkNanos(LockSupport.java:215)&#10;        at java.util.concurrent.locks.AbstractQueuedSynchronizer$ConditionObject.awaitNanos(AbstractQueuedSynchronizer.java:2078)&#10;        at java.util.concurrent.LinkedBlockingQueue.poll(LinkedBlockingQueue.java:467)&#10;        at org.apache.hadoop.ipc.CallQueueManager.take(CallQueueManager.java:288)&#10;        at org.apache.hadoop.ipc.Server$Handler.run(Server.java:2668)&#10;&quot;IPC Server handler 10 on 42444&quot; daemon prio=5 tid=1902 timed_waiting&#10;java.lang.Thread.State: TIMED_WAITING&#10;        at sun.misc.Unsafe.park(Native Method)&#10;        at java.util.concurrent.locks.LockSupport.parkNanos(LockSupport.java:215)&#10;        at java.util.concurrent.locks.AbstractQueuedSynchronizer$ConditionObject.awaitNanos(AbstractQueuedSynchronizer.java:2078)&#10;        at java.util.concurrent.LinkedBlockingQueue.poll(LinkedBlockingQueue.java:467)&#10;        at org.apache.hadoop.ipc.CallQueueManager.take(CallQueueManager.java:288)&#10;        at org.apache.hadoop.ipc.Server$Handler.run(Server.java:2668)&#10;&quot;Datanode ReportManager Thread - 2&quot; daemon prio=5 tid=2098 in Object.wait()&#10;java.lang.Thread.State: WAITING (on object monitor)&#10;        at sun.misc.Unsafe.park(Native Method)&#10;        at java.util.concurrent.locks.LockSupport.park(LockSupport.java:175)&#10;        at java.util.concurrent.locks.AbstractQueuedSynchronizer$ConditionObject.await(AbstractQueuedSynchronizer.java:2039)&#10;        at java.util.concurrent.ScheduledThreadPoolExecutor$DelayedWorkQueue.take(ScheduledThreadPoolExecutor.java:1088)&#10;        at java.util.concurrent.ScheduledThreadPoolExecutor$DelayedWorkQueue.take(ScheduledThreadPoolExecutor.java:809)&#10;        at java.util.concurrent.ThreadPoolExecutor.getTask(ThreadPoolExecutor.java:1074)&#10;        at java.util.concurrent.ThreadPoolExecutor.runWorker(ThreadPoolExecutor.java:1134)&#10;        at java.util.concurrent.ThreadPoolExecutor$Worker.run(ThreadPoolExecutor.java:624)&#10;        at java.lang.Thread.run(Thread.java:748)&#10;&quot;pool-238-thread-53&quot;  prio=5 tid=2850 in Object.wait()&#10;java.lang.Thread.State: WAITING (on object monitor)&#10;        at sun.misc.Unsafe.park(Native Method)&#10;        at java.util.concurrent.locks.LockSupport.park(LockSupport.java:175)&#10;        at java.util.concurrent.locks.AbstractQueuedSynchronizer$ConditionObject.await(AbstractQueuedSynchronizer.java:2039)&#10;        at java.util.concurrent.ArrayBlockingQueue.take(ArrayBlockingQueue.java:403)&#10;        at java.util.concurrent.ThreadPoolExecutor.getTask(ThreadPoolExecutor.java:1074)&#10;        at java.util.concurrent.ThreadPoolExecutor.runWorker(ThreadPoolExecutor.java:1134)&#10;        at java.util.concurrent.ThreadPoolExecutor$Worker.run(ThreadPoolExecutor.java:624)&#10;        at java.lang.Thread.run(Thread.java:748)&#10;&quot;IPC Server handler 19 on 42444&quot; daemon prio=5 tid=1911 timed_waiting&#10;java.lang.Thread.State: TIMED_WAITING&#10;        at sun.misc.Unsafe.park(Native Method)&#10;        at java.util.concurrent.locks.LockSupport.parkNanos(LockSupport.java:215)&#10;        at java.util.concurrent.locks.AbstractQueuedSynchronizer$ConditionObject.awaitNanos(AbstractQueuedSynchronizer.java:2078)&#10;        at java.util.concurrent.LinkedBlockingQueue.poll(LinkedBlockingQueue.java:467)&#10;        at org.apache.hadoop.ipc.CallQueueManager.take(CallQueueManager.java:288)&#10;        at org.apache.hadoop.ipc.Server$Handler.run(Server.java:2668)&#10;&quot;Thread-1502&quot; daemon prio=5 tid=3161 timed_waiting&#10;java.lang.Thread.State: TIMED_WAITING&#10;        at sun.misc.Unsafe.park(Native Method)&#10;        at java.util.concurrent.locks.LockSupport.parkNanos(LockSupport.java:215)&#10;        at java.util.concurrent.locks.AbstractQueuedSynchronizer$ConditionObject.awaitNanos(AbstractQueuedSynchronizer.java:2078)&#10;        at java.util.concurrent.ArrayBlockingQueue.poll(ArrayBlockingQueue.java:418)&#10;        at org.apache.ratis.server.impl.LeaderState$EventQueue.poll(LeaderState.java:115)&#10;        at org.apache.ratis.server.impl.LeaderState$EventProcessor.run(LeaderState.java:467)&#10;&quot;pool-168-thread-33&quot;  prio=5 tid=2396 in Object.wait()&#10;java.lang.Thread.State: WAITING (on object monitor)&#10;        at sun.misc.Unsafe.park(Native Method)&#10;        at java.util.concurrent.locks.LockSupport.park(LockSupport.java:175)&#10;        at java.util.concurrent.locks.AbstractQueuedSynchronizer$ConditionObject.await(AbstractQueuedSynchronizer.java:2039)&#10;        at java.util.concurrent.ArrayBlockingQueue.take(ArrayBlockingQueue.java:403)&#10;        at java.util.concurrent.ThreadPoolExecutor.getTask(ThreadPoolExecutor.java:1074)&#10;        at java.util.concurrent.ThreadPoolExecutor.runWorker(ThreadPoolExecutor.java:1134)&#10;        at java.util.concurrent.ThreadPoolExecutor$Worker.run(ThreadPoolExecutor.java:624)&#10;        at java.lang.Thread.run(Thread.java:748)&#10;&quot;Thread-1506&quot; daemon prio=5 tid=3165 timed_waiting&#10;java.lang.Thread.State: TIMED_WAITING&#10;        at sun.misc.Unsafe.park(Native Method)&#10;        at java.util.concurrent.locks.LockSupport.parkNanos(LockSupport.java:215)&#10;        at java.util.concurrent.locks.AbstractQueuedSynchronizer$ConditionObject.awaitNanos(AbstractQueuedSynchronizer.java:2078)&#10;        at java.util.concurrent.ArrayBlockingQueue.poll(ArrayBlockingQueue.java:418)&#10;        at org.apache.ratis.server.impl.LeaderState$EventQueue.poll(LeaderState.java:115)&#10;        at org.apache.ratis.server.impl.LeaderState$EventProcessor.run(LeaderState.java:467)&#10;&quot;org.eclipse.jetty.server.session.HashSessionManager@2ead6ba4Timer&quot; daemon prio=5 tid=2039 timed_waiting&#10;java.lang.Thread.State: TIMED_WAITING&#10;        at sun.misc.Unsafe.park(Native Method)&#10;        at java.util.concurrent.locks.LockSupport.parkNanos(LockSupport.java:215)&#10;        at java.util.concurrent.locks.AbstractQueuedSynchronizer$ConditionObject.awaitNanos(AbstractQueuedSynchronizer.java:2078)&#10;        at java.util.concurrent.ScheduledThreadPoolExecutor$DelayedWorkQueue.take(ScheduledThreadPoolExecutor.java:1093)&#10;        at java.util.concurrent.ScheduledThreadPoolExecutor$DelayedWorkQueue.take(ScheduledThreadPoolExecutor.java:809)&#10;        at java.util.concurrent.ThreadPoolExecutor.getTask(ThreadPoolExecutor.java:1074)&#10;        at java.util.concurrent.ThreadPoolExecutor.runWorker(ThreadPoolExecutor.java:1134)&#10;        at java.util.concurrent.ThreadPoolExecutor$Worker.run(ThreadPoolExecutor.java:624)&#10;        at java.lang.Thread.run(Thread.java:748)&#10;&quot;dadbf9b0-b155-425e-bdd4-f6aced2428ca@group-CE93C81AF12A-SegmentedRaftLogWorker&quot;  prio=5 tid=3104 timed_waiting&#10;java.lang.Thread.State: TIMED_WAITING&#10;        at sun.misc.Unsafe.park(Native Method)&#10;        at java.util.concurrent.locks.LockSupport.parkNanos(LockSupport.java:215)&#10;        at java.util.concurrent.locks.AbstractQueuedSynchronizer$ConditionObject.awaitNanos(AbstractQueuedSynchronizer.java:2078)&#10;        at org.apache.ratis.util.DataBlockingQueue.poll(DataBlockingQueue.java:137)&#10;        at org.apache.ratis.server.raftlog.segmented.SegmentedRaftLogWorker.run(SegmentedRaftLogWorker.java:282)&#10;        at java.lang.Thread.run(Thread.java:748)&#10;&quot;Datanode ReportManager Thread - 1&quot; daemon prio=5 tid=199 in Object.wait()&#10;java.lang.Thread.State: WAITING (on object monitor)&#10;        at sun.misc.Unsafe.park(Native Method)&#10;        at java.util.concurrent.locks.LockSupport.park(LockSupport.java:175)&#10;        at java.util.concurrent.locks.AbstractQueuedSynchronizer$ConditionObject.await(AbstractQueuedSynchronizer.java:2039)&#10;        at java.util.concurrent.ScheduledThreadPoolExecutor$DelayedWorkQueue.take(ScheduledThreadPoolExecutor.java:1088)&#10;        at java.util.concurrent.ScheduledThreadPoolExecutor$DelayedWorkQueue.take(ScheduledThreadPoolExecutor.java:809)&#10;        at java.util.concurrent.ThreadPoolExecutor.getTask(ThreadPoolExecutor.java:1074)&#10;        at java.util.concurrent.ThreadPoolExecutor.runWorker(ThreadPoolExecutor.java:1134)&#10;        at java.util.concurrent.ThreadPoolExecutor$Worker.run(ThreadPoolExecutor.java:624)&#10;        at java.lang.Thread.run(Thread.java:748)&#10;&quot;pool-208-thread-36&quot;  prio=5 tid=2647 in Object.wait()&#10;java.lang.Thread.State: WAITING (on object monitor)&#10;        at sun.misc.Unsafe.park(Native Method)&#10;        at java.util.concurrent.locks.LockSupport.park(LockSupport.java:175)&#10;        at java.util.concurrent.locks.AbstractQueuedSynchronizer$ConditionObject.await(AbstractQueuedSynchronizer.java:2039)&#10;        at java.util.concurrent.ArrayBlockingQueue.take(ArrayBlockingQueue.java:403)&#10;        at java.util.concurrent.ThreadPoolExecutor.getTask(ThreadPoolExecutor.java:1074)&#10;        at java.util.concurrent.ThreadPoolExecutor.runWorker(ThreadPoolExecutor.java:1134)&#10;        at java.util.concurrent.ThreadPoolExecutor$Worker.run(ThreadPoolExecutor.java:624)&#10;        at java.lang.Thread.run(Thread.java:748)&#10;&quot;pool-178-thread-7&quot;  prio=5 tid=2432 in Object.wait()&#10;java.lang.Thread.State: WAITING (on object monitor)&#10;        at sun.misc.Unsafe.park(Native Method)&#10;        at java.util.concurrent.locks.LockSupport.park(LockSupport.java:175)&#10;        at java.util.concurrent.locks.AbstractQueuedSynchronizer$ConditionObject.await(AbstractQueuedSynchronizer.java:2039)&#10;        at java.util.concurrent.ArrayBlockingQueue.take(ArrayBlockingQueue.java:403)&#10;        at java.util.concurrent.ThreadPoolExecutor.getTask(ThreadPoolExecutor.java:1074)&#10;        at java.util.concurrent.ThreadPoolExecutor.runWorker(ThreadPoolExecutor.java:1134)&#10;        at java.util.concurrent.ThreadPoolExecutor$Worker.run(ThreadPoolExecutor.java:624)&#10;        at java.lang.Thread.run(Thread.java:748)&#10;&quot;IPC Server idle connection scanner for port 43737&quot; daemon prio=5 tid=1843 timed_waiting&#10;java.lang.Thread.State: TIMED_WAITING&#10;        at java.lang.Object.wait(Native Method)&#10;        at java.util.TimerThread.mainLoop(Timer.java:552)&#10;        at java.util.TimerThread.run(Timer.java:505)&#10;&quot;pool-168-thread-20&quot;  prio=5 tid=2383 in Object.wait()&#10;java.lang.Thread.State: WAITING (on object monitor)&#10;        at sun.misc.Unsafe.park(Native Method)&#10;        at java.util.concurrent.locks.LockSupport.park(LockSupport.java:175)&#10;        at java.util.concurrent.locks.AbstractQueuedSynchronizer$ConditionObject.await(AbstractQueuedSynchronizer.java:2039)&#10;        at java.util.concurrent.ArrayBlockingQueue.take(ArrayBlockingQueue.java:403)&#10;        at java.util.concurrent.ThreadPoolExecutor.getTask(ThreadPoolExecutor.java:1074)&#10;        at java.util.concurrent.ThreadPoolExecutor.runWorker(ThreadPoolExecutor.java:1134)&#10;        at java.util.concurrent.ThreadPoolExecutor$Worker.run(ThreadPoolExecutor.java:624)&#10;        at java.lang.Thread.run(Thread.java:748)&#10;&quot;pool-218-thread-52&quot;  prio=5 tid=2725 in Object.wait()&#10;java.lang.Thread.State: WAITING (on object monitor)&#10;        at sun.misc.Unsafe.park(Native Method)&#10;        at java.util.concurrent.locks.LockSupport.park(LockSupport.java:175)&#10;        at java.util.concurrent.locks.AbstractQueuedSynchronizer$ConditionObject.await(AbstractQueuedSynchronizer.java:2039)&#10;        at java.util.concurrent.ArrayBlockingQueue.take(ArrayBlockingQueue.java:403)&#10;        at java.util.concurrent.ThreadPoolExecutor.getTask(ThreadPoolExecutor.java:1074)&#10;        at java.util.concurrent.ThreadPoolExecutor.runWorker(ThreadPoolExecutor.java:1134)&#10;        at java.util.concurrent.ThreadPoolExecutor$Worker.run(ThreadPoolExecutor.java:624)&#10;        at java.lang.Thread.run(Thread.java:748)&#10;&quot;pool-178-thread-26&quot;  prio=5 tid=2451 in Object.wait()&#10;java.lang.Thread.State: WAITING (on object monitor)&#10;        at sun.misc.Unsafe.park(Native Method)&#10;        at java.util.concurrent.locks.LockSupport.park(LockSupport.java:175)&#10;        at java.util.concurrent.locks.AbstractQueuedSynchronizer$ConditionObject.await(AbstractQueuedSynchronizer.java:2039)&#10;        at java.util.concurrent.ArrayBlockingQueue.take(ArrayBlockingQueue.java:403)&#10;        at java.util.concurrent.ThreadPoolExecutor.getTask(ThreadPoolExecutor.java:1074)&#10;        at java.util.concurrent.ThreadPoolExecutor.runWorker(ThreadPoolExecutor.java:1134)&#10;        at java.util.concurrent.ThreadPoolExecutor$Worker.run(ThreadPoolExecutor.java:624)&#10;        at java.lang.Thread.run(Thread.java:748)&#10;&quot;pool-158-thread-53&quot;  prio=5 tid=2354 in Object.wait()&#10;java.lang.Thread.State: WAITING (on object monitor)&#10;        at sun.misc.Unsafe.park(Native Method)&#10;        at java.util.concurrent.locks.LockSupport.park(LockSupport.java:175)&#10;        at java.util.concurrent.locks.AbstractQueuedSynchronizer$ConditionObject.await(AbstractQueuedSynchronizer.java:2039)&#10;        at java.util.concurrent.ArrayBlockingQueue.take(ArrayBlockingQueue.java:403)&#10;        at java.util.concurrent.ThreadPoolExecutor.getTask(ThreadPoolExecutor.java:1074)&#10;        at java.util.concurrent.ThreadPoolExecutor.runWorker(ThreadPoolExecutor.java:1134)&#10;        at java.util.concurrent.ThreadPoolExecutor$Worker.run(ThreadPoolExecutor.java:624)&#10;        at java.lang.Thread.run(Thread.java:748)&#10;&quot;qtp1768471788-2036&quot; daemon prio=5 tid=2036 timed_waiting&#10;java.lang.Thread.State: TIMED_WAITING&#10;        at sun.misc.Unsafe.park(Native Method)&#10;        at java.util.concurrent.locks.LockSupport.parkNanos(LockSupport.java:215)&#10;        at java.util.concurrent.locks.AbstractQueuedSynchronizer$ConditionObject.awaitNanos(AbstractQueuedSynchronizer.java:2078)&#10;        at org.eclipse.jetty.util.BlockingArrayQueue.poll(BlockingArrayQueue.java:392)&#10;        at org.eclipse.jetty.util.thread.QueuedThreadPool.idleJobPoll(QueuedThreadPool.java:563)&#10;        at org.eclipse.jetty.util.thread.QueuedThreadPool.access$800(QueuedThreadPool.java:48)&#10;        at org.eclipse.jetty.util.thread.QueuedThreadPool$2.run(QueuedThreadPool.java:626)&#10;        at java.lang.Thread.run(Thread.java:748)&#10;&quot;pool-148-thread-38&quot;  prio=5 tid=2276 in Object.wait()&#10;java.lang.Thread.State: WAITING (on object monitor)&#10;        at sun.misc.Unsafe.park(Native Method)&#10;        at java.util.concurrent.locks.LockSupport.park(LockSupport.java:175)&#10;        at java.util.concurrent.locks.AbstractQueuedSynchronizer$ConditionObject.await(AbstractQueuedSynchronizer.java:2039)&#10;        at java.util.concurrent.ArrayBlockingQueue.take(ArrayBlockingQueue.java:403)&#10;        at java.util.concurrent.ThreadPoolExecutor.getTask(ThreadPoolExecutor.java:1074)&#10;        at java.util.concurrent.ThreadPoolExecutor.runWorker(ThreadPoolExecutor.java:1134)&#10;        at java.util.concurrent.ThreadPoolExecutor$Worker.run(ThreadPoolExecutor.java:624)&#10;        at java.lang.Thread.run(Thread.java:748)&#10;&quot;Periodic HDDS volume checker&quot;  prio=5 tid=1968 timed_waiting&#10;java.lang.Thread.State: TIMED_WAITING&#10;        at sun.misc.Unsafe.park(Native Method)&#10;        at java.util.concurrent.locks.LockSupport.parkNanos(LockSupport.java:215)&#10;        at java.util.concurrent.locks.AbstractQueuedSynchronizer$ConditionObject.awaitNanos(AbstractQueuedSynchronizer.java:2078)&#10;        at java.util.concurrent.ScheduledThreadPoolExecutor$DelayedWorkQueue.take(ScheduledThreadPoolExecutor.java:1093)&#10;        at java.util.concurrent.ScheduledThreadPoolExecutor$DelayedWorkQueue.take(ScheduledThreadPoolExecutor.java:809)&#10;        at java.util.concurrent.ThreadPoolExecutor.getTask(ThreadPoolExecutor.java:1074)&#10;        at java.util.concurrent.ThreadPoolExecutor.runWorker(ThreadPoolExecutor.java:1134)&#10;        at java.util.concurrent.ThreadPoolExecutor$Worker.run(ThreadPoolExecutor.java:624)&#10;        at java.lang.Thread.run(Thread.java:748)&#10;&quot;pool-148-thread-50&quot;  prio=5 tid=2288 in Object.wait()&#10;java.lang.Thread.State: WAITING (on object monitor)&#10;        at sun.misc.Unsafe.park(Native Method)&#10;        at java.util.concurrent.locks.LockSupport.park(LockSupport.java:175)&#10;        at java.util.concurrent.locks.AbstractQueuedSynchronizer$ConditionObject.await(AbstractQueuedSynchronizer.java:2039)&#10;        at java.util.concurrent.ArrayBlockingQueue.take(ArrayBlockingQueue.java:403)&#10;        at java.util.concurrent.ThreadPoolExecutor.getTask(ThreadPoolExecutor.java:1074)&#10;        at java.util.concurrent.ThreadPoolExecutor.runWorker(ThreadPoolExecutor.java:1134)&#10;        at java.util.concurrent.ThreadPoolExecutor$Worker.run(ThreadPoolExecutor.java:624)&#10;        at java.lang.Thread.run(Thread.java:748)&#10;&quot;qtp141388791-2225&quot; daemon prio=5 tid=2225 timed_waiting&#10;java.lang.Thread.State: TIMED_WAITING&#10;        at sun.misc.Unsafe.park(Native Method)&#10;        at java.util.concurrent.locks.LockSupport.parkNanos(LockSupport.java:215)&#10;        at java.util.concurrent.locks.AbstractQueuedSynchronizer$ConditionObject.awaitNanos(AbstractQueuedSynchronizer.java:2078)&#10;        at org.eclipse.jetty.util.BlockingArrayQueue.poll(BlockingArrayQueue.java:392)&#10;        at org.eclipse.jetty.util.thread.QueuedThreadPool.idleJobPoll(QueuedThreadPool.java:563)&#10;        at org.eclipse.jetty.util.thread.QueuedThreadPool.access$800(QueuedThreadPool.java:48)&#10;        at org.eclipse.jetty.util.thread.QueuedThreadPool$2.run(QueuedThreadPool.java:626)&#10;        at java.lang.Thread.run(Thread.java:748)&#10;&quot;EventQueue-IncrementalContainerReportForIncrementalContainerReportHandler&quot; daemon prio=5 tid=3053 in Object.wait()&#10;java.lang.Thread.State: WAITING (on object monitor)&#10;        at sun.misc.Unsafe.park(Native Method)&#10;        at java.util.concurrent.locks.LockSupport.park(LockSupport.java:175)&#10;        at java.util.concurrent.locks.AbstractQueuedSynchronizer$ConditionObject.await(AbstractQueuedSynchronizer.java:2039)&#10;        at java.util.concurrent.LinkedBlockingQueue.take(LinkedBlockingQueue.java:442)&#10;        at java.util.concurrent.ThreadPoolExecutor.getTask(ThreadPoolExecutor.java:1074)&#10;        at java.util.concurrent.ThreadPoolExecutor.runWorker(ThreadPoolExecutor.java:1134)&#10;        at java.util.concurrent.ThreadPoolExecutor$Worker.run(ThreadPoolExecutor.java:624)&#10;        at java.lang.Thread.run(Thread.java:748)&#10;&quot;pool-158-thread-40&quot;  prio=5 tid=2341 in Object.wait()&#10;java.lang.Thread.State: WAITING (on object monitor)&#10;        at sun.misc.Unsafe.park(Native Method)&#10;        at java.util.concurrent.locks.LockSupport.park(LockSupport.java:175)&#10;        at java.util.concurrent.locks.AbstractQueuedSynchronizer$ConditionObject.await(AbstractQueuedSynchronizer.java:2039)&#10;        at java.util.concurrent.ArrayBlockingQueue.take(ArrayBlockingQueue.java:403)&#10;        at java.util.concurrent.ThreadPoolExecutor.getTask(ThreadPoolExecutor.java:1074)&#10;        at java.util.concurrent.ThreadPoolExecutor.runWorker(ThreadPoolExecutor.java:1134)&#10;        at java.util.concurrent.ThreadPoolExecutor$Worker.run(ThreadPoolExecutor.java:624)&#10;        at java.lang.Thread.run(Thread.java:748)&#10;&quot;pool-158-thread-18&quot;  prio=5 tid=2319 in Object.wait()&#10;java.lang.Thread.State: WAITING (on object monitor)&#10;        at sun.misc.Unsafe.park(Native Method)&#10;        at java.util.concurrent.locks.LockSupport.park(LockSupport.java:175)&#10;        at java.util.concurrent.locks.AbstractQueuedSynchronizer$ConditionObject.await(AbstractQueuedSynchronizer.java:2039)&#10;        at java.util.concurrent.ArrayBlockingQueue.take(ArrayBlockingQueue.java:403)&#10;        at java.util.concurrent.ThreadPoolExecutor.getTask(ThreadPoolExecutor.java:1074)&#10;        at java.util.concurrent.ThreadPoolExecutor.runWorker(ThreadPoolExecutor.java:1134)&#10;        at java.util.concurrent.ThreadPoolExecutor$Worker.run(ThreadPoolExecutor.java:624)&#10;        at java.lang.Thread.run(Thread.java:748)&#10;&quot;pool-198-thread-41&quot;  prio=5 tid=2590 in Object.wait()&#10;java.lang.Thread.State: WAITING (on object monitor)&#10;        at sun.misc.Unsafe.park(Native Method)&#10;        at java.util.concurrent.locks.LockSupport.park(LockSupport.java:175)&#10;        at java.util.concurrent.locks.AbstractQueuedSynchronizer$ConditionObject.await(AbstractQueuedSynchronizer.java:2039)&#10;        at java.util.concurrent.ArrayBlockingQueue.take(ArrayBlockingQueue.java:403)&#10;        at java.util.concurrent.ThreadPoolExecutor.getTask(ThreadPoolExecutor.java:1074)&#10;        at java.util.concurrent.ThreadPoolExecutor.runWorker(ThreadPoolExecutor.java:1134)&#10;        at java.util.concurrent.ThreadPoolExecutor$Worker.run(ThreadPoolExecutor.java:624)&#10;        at java.lang.Thread.run(Thread.java:748)&#10;&quot;IPC Server handler 4 on 45554&quot; daemon prio=5 tid=1938 timed_waiting&#10;java.lang.Thread.State: TIMED_WAITING&#10;        at sun.misc.Unsafe.park(Native Method)&#10;        at java.util.concurrent.locks.LockSupport.parkNanos(LockSupport.java:215)&#10;        at java.util.concurrent.locks.AbstractQueuedSynchronizer$ConditionObject.awaitNanos(AbstractQueuedSynchronizer.java:2078)&#10;        at java.util.concurrent.LinkedBlockingQueue.poll(LinkedBlockingQueue.java:467)&#10;        at org.apache.hadoop.ipc.CallQueueManager.take(CallQueueManager.java:288)&#10;        at org.apache.hadoop.ipc.Server$Handler.run(Server.java:2668)&#10;&quot;IPC Server handler 6 on 42444&quot; daemon prio=5 tid=1898 timed_waiting&#10;java.lang.Thread.State: TIMED_WAITING&#10;        at sun.misc.Unsafe.park(Native Method)&#10;        at java.util.concurrent.locks.LockSupport.parkNanos(LockSupport.java:215)&#10;        at java.util.concurrent.locks.AbstractQueuedSynchronizer$ConditionObject.awaitNanos(AbstractQueuedSynchronizer.java:2078)&#10;        at java.util.concurrent.LinkedBlockingQueue.poll(LinkedBlockingQueue.java:467)&#10;        at org.apache.hadoop.ipc.CallQueueManager.take(CallQueueManager.java:288)&#10;        at org.apache.hadoop.ipc.Server$Handler.run(Server.java:2668)&#10;&quot;IPC Server handler 16 on 43737&quot; daemon prio=5 tid=1888 timed_waiting&#10;java.lang.Thread.State: TIMED_WAITING&#10;        at sun.misc.Unsafe.park(Native Method)&#10;        at java.util.concurrent.locks.LockSupport.parkNanos(LockSupport.java:215)&#10;        at java.util.concurrent.locks.AbstractQueuedSynchronizer$ConditionObject.awaitNanos(AbstractQueuedSynchronizer.java:2078)&#10;        at java.util.concurrent.LinkedBlockingQueue.poll(LinkedBlockingQueue.java:467)&#10;        at org.apache.hadoop.ipc.CallQueueManager.take(CallQueueManager.java:288)&#10;        at org.apache.hadoop.ipc.Server$Handler.run(Server.java:2668)&#10;&quot;pool-198-thread-35&quot;  prio=5 tid=2584 in Object.wait()&#10;java.lang.Thread.State: WAITING (on object monitor)&#10;        at sun.misc.Unsafe.park(Native Method)&#10;        at java.util.concurrent.locks.LockSupport.park(LockSupport.java:175)&#10;        at java.util.concurrent.locks.AbstractQueuedSynchronizer$ConditionObject.await(AbstractQueuedSynchronizer.java:2039)&#10;        at java.util.concurrent.ArrayBlockingQueue.take(ArrayBlockingQueue.java:403)&#10;        at java.util.concurrent.ThreadPoolExecutor.getTask(ThreadPoolExecutor.java:1074)&#10;        at java.util.concurrent.ThreadPoolExecutor.runWorker(ThreadPoolExecutor.java:1134)&#10;        at java.util.concurrent.ThreadPoolExecutor$Worker.run(ThreadPoolExecutor.java:624)&#10;        at java.lang.Thread.run(Thread.java:748)&#10;&quot;pool-178-thread-43&quot;  prio=5 tid=2468 in Object.wait()&#10;java.lang.Thread.State: WAITING (on object monitor)&#10;        at sun.misc.Unsafe.park(Native Method)&#10;        at java.util.concurrent.locks.LockSupport.park(LockSupport.java:175)&#10;        at java.util.concurrent.locks.AbstractQueuedSynchronizer$ConditionObject.await(AbstractQueuedSynchronizer.java:2039)&#10;        at java.util.concurrent.ArrayBlockingQueue.take(ArrayBlockingQueue.java:403)&#10;        at java.util.concurrent.ThreadPoolExecutor.getTask(ThreadPoolExecutor.java:1074)&#10;        at java.util.concurrent.ThreadPoolExecutor.runWorker(ThreadPoolExecutor.java:1134)&#10;        at java.util.concurrent.ThreadPoolExecutor$Worker.run(ThreadPoolExecutor.java:624)&#10;        at java.lang.Thread.run(Thread.java:748)&#10;&quot;PartialTableCache Cleanup Thread - 0&quot; daemon prio=5 tid=1363 in Object.wait()&#10;java.lang.Thread.State: WAITING (on object monitor)&#10;        at sun.misc.Unsafe.park(Native Method)&#10;        at java.util.concurrent.locks.LockSupport.park(LockSupport.java:175)&#10;        at java.util.concurrent.locks.AbstractQueuedSynchronizer$ConditionObject.await(AbstractQueuedSynchronizer.java:2039)&#10;        at java.util.concurrent.LinkedBlockingQueue.take(LinkedBlockingQueue.java:442)&#10;        at java.util.concurrent.ThreadPoolExecutor.getTask(ThreadPoolExecutor.java:1074)&#10;        at java.util.concurrent.ThreadPoolExecutor.runWorker(ThreadPoolExecutor.java:1134)&#10;        at java.util.concurrent.ThreadPoolExecutor$Worker.run(ThreadPoolExecutor.java:624)&#10;        at java.lang.Thread.run(Thread.java:748)&#10;&quot;pool-218-thread-20&quot;  prio=5 tid=2693 in Object.wait()&#10;java.lang.Thread.State: WAITING (on object monitor)&#10;        at sun.misc.Unsafe.park(Native Method)&#10;        at java.util.concurrent.locks.LockSupport.park(LockSupport.java:175)&#10;        at java.util.concurrent.locks.AbstractQueuedSynchronizer$ConditionObject.await(AbstractQueuedSynchronizer.java:2039)&#10;        at java.util.concurrent.ArrayBlockingQueue.take(ArrayBlockingQueue.java:403)&#10;        at java.util.concurrent.ThreadPoolExecutor.getTask(ThreadPoolExecutor.java:1074)&#10;        at java.util.concurrent.ThreadPoolExecutor.runWorker(ThreadPoolExecutor.java:1134)&#10;        at java.util.concurrent.ThreadPoolExecutor$Worker.run(ThreadPoolExecutor.java:624)&#10;        at java.lang.Thread.run(Thread.java:748)&#10;&quot;pool-188-thread-8&quot;  prio=5 tid=2495 in Object.wait()&#10;java.lang.Thread.State: WAITING (on object monitor)&#10;        at sun.misc.Unsafe.park(Native Method)&#10;        at java.util.concurrent.locks.LockSupport.park(LockSupport.java:175)&#10;        at java.util.concurrent.locks.AbstractQueuedSynchronizer$ConditionObject.await(AbstractQueuedSynchronizer.java:2039)&#10;        at java.util.concurrent.ArrayBlockingQueue.take(ArrayBlockingQueue.java:403)&#10;        at java.util.concurrent.ThreadPoolExecutor.getTask(ThreadPoolExecutor.java:1074)&#10;        at java.util.concurrent.ThreadPoolExecutor.runWorker(ThreadPoolExecutor.java:1134)&#10;        at java.util.concurrent.ThreadPoolExecutor$Worker.run(ThreadPoolExecutor.java:624)&#10;        at java.lang.Thread.run(Thread.java:748)&#10;&quot;org.eclipse.jetty.server.session.HashSessionManager@67022eaTimer&quot; daemon prio=5 tid=1983 timed_waiting&#10;java.lang.Thread.State: TIMED_WAITING&#10;        at sun.misc.Unsafe.park(Native Method)&#10;        at java.util.concurrent.locks.LockSupport.parkNanos(LockSupport.java:215)&#10;        at java.util.concurrent.locks.AbstractQueuedSynchronizer$ConditionObject.awaitNanos(AbstractQueuedSynchronizer.java:2078)&#10;        at java.util.concurrent.ScheduledThreadPoolExecutor$DelayedWorkQueue.take(ScheduledThreadPoolExecutor.java:1093)&#10;        at java.util.concurrent.ScheduledThreadPoolExecutor$DelayedWorkQueue.take(ScheduledThreadPoolExecutor.java:809)&#10;        at java.util.concurrent.ThreadPoolExecutor.getTask(ThreadPoolExecutor.java:1074)&#10;        at java.util.concurrent.ThreadPoolExecutor.runWorker(ThreadPoolExecutor.java:1134)&#10;        at java.util.concurrent.ThreadPoolExecutor$Worker.run(ThreadPoolExecutor.java:624)&#10;        at java.lang.Thread.run(Thread.java:748)&#10;&quot;qtp81705968-2057&quot; daemon prio=5 tid=2057 runnable&#10;java.lang.Thread.State: RUNNABLE&#10;        at sun.nio.ch.EPollArrayWrapper.epollWait(Native Method)&#10;        at sun.nio.ch.EPollArrayWrapper.poll(EPollArrayWrapper.java:269)&#10;        at sun.nio.ch.EPollSelectorImpl.doSelect(EPollSelectorImpl.java:93)&#10;        at sun.nio.ch.SelectorImpl.lockAndDoSelect(SelectorImpl.java:86)&#10;        at sun.nio.ch.SelectorImpl.select(SelectorImpl.java:97)&#10;        at sun.nio.ch.SelectorImpl.select(SelectorImpl.java:101)&#10;        at org.eclipse.jetty.io.ManagedSelector$SelectorProducer.select(ManagedSelector.java:243)&#10;        at org.eclipse.jetty.io.ManagedSelector$SelectorProducer.produce(ManagedSelector.java:191)&#10;        at org.eclipse.jetty.util.thread.strategy.ExecuteProduceConsume.executeProduceConsume(ExecuteProduceConsume.java:249)&#10;        at org.eclipse.jetty.util.thread.strategy.ExecuteProduceConsume.produceConsume(ExecuteProduceConsume.java:148)&#10;        at org.eclipse.jetty.util.thread.strategy.ExecuteProduceConsume.execute(ExecuteProduceConsume.java:100)&#10;        at org.eclipse.jetty.io.ManagedSelector.run(ManagedSelector.java:147)&#10;        at org.eclipse.jetty.util.thread.QueuedThreadPool.runJob(QueuedThreadPool.java:671)&#10;        at org.eclipse.jetty.util.thread.QueuedThreadPool$2.run(QueuedThreadPool.java:589)&#10;        at java.lang.Thread.run(Thread.java:748)&#10;&quot;IPC Server handler 19 on 35974&quot; daemon prio=5 tid=1871 timed_waiting&#10;java.lang.Thread.State: TIMED_WAITING&#10;        at sun.misc.Unsafe.park(Native Method)&#10;        at java.util.concurrent.locks.LockSupport.parkNanos(LockSupport.java:215)&#10;        at java.util.concurrent.locks.AbstractQueuedSynchronizer$ConditionObject.awaitNanos(AbstractQueuedSynchronizer.java:2078)&#10;        at java.util.concurrent.LinkedBlockingQueue.poll(LinkedBlockingQueue.java:467)&#10;        at org.apache.hadoop.ipc.CallQueueManager.take(CallQueueManager.java:288)&#10;        at org.apache.hadoop.ipc.Server$Handler.run(Server.java:2668)&#10;&quot;grpc-default-worker-ELG-3-2&quot; daemon prio=5 tid=1054 runnable&#10;java.lang.Thread.State: RUNNABLE&#10;        at sun.nio.ch.EPollArrayWrapper.epollWait(Native Method)&#10;        at sun.nio.ch.EPollArrayWrapper.poll(EPollArrayWrapper.java:269)&#10;        at sun.nio.ch.EPollSelectorImpl.doSelect(EPollSelectorImpl.java:93)&#10;        at sun.nio.ch.SelectorImpl.lockAndDoSelect(SelectorImpl.java:86)&#10;        at sun.nio.ch.SelectorImpl.select(SelectorImpl.java:97)&#10;        at org.apache.ratis.thirdparty.io.netty.channel.nio.SelectedSelectionKeySetSelector.select(SelectedSelectionKeySetSelector.java:62)&#10;        at org.apache.ratis.thirdparty.io.netty.channel.nio.NioEventLoop.select(NioEventLoop.java:753)&#10;        at org.apache.ratis.thirdparty.io.netty.channel.nio.NioEventLoop.run(NioEventLoop.java:408)&#10;        at org.apache.ratis.thirdparty.io.netty.util.concurrent.SingleThreadEventExecutor$5.run(SingleThreadEventExecutor.java:897)&#10;        at org.apache.ratis.thirdparty.io.netty.util.concurrent.FastThreadLocalRunnable.run(FastThreadLocalRunnable.java:30)&#10;        at java.lang.Thread.run(Thread.java:748)&#10;&quot;pool-178-thread-52&quot;  prio=5 tid=2477 in Object.wait()&#10;java.lang.Thread.State: WAITING (on object monitor)&#10;        at sun.misc.Unsafe.park(Native Method)&#10;        at java.util.concurrent.locks.LockSupport.park(LockSupport.java:175)&#10;        at java.util.concurrent.locks.AbstractQueuedSynchronizer$ConditionObject.await(AbstractQueuedSynchronizer.java:2039)&#10;        at java.util.concurrent.ArrayBlockingQueue.take(ArrayBlockingQueue.java:403)&#10;        at java.util.concurrent.ThreadPoolExecutor.getTask(ThreadPoolExecutor.java:1074)&#10;        at java.util.concurrent.ThreadPoolExecutor.runWorker(ThreadPoolExecutor.java:1134)&#10;        at java.util.concurrent.ThreadPoolExecutor$Worker.run(ThreadPoolExecutor.java:624)&#10;        at java.lang.Thread.run(Thread.java:748)&#10;&quot;BlockDeletingService#0&quot; daemon prio=5 tid=2362 timed_waiting&#10;java.lang.Thread.State: TIMED_WAITING&#10;        at sun.misc.Unsafe.park(Native Method)&#10;        at java.util.concurrent.locks.LockSupport.parkNanos(LockSupport.java:215)&#10;        at java.util.concurrent.locks.AbstractQueuedSynchronizer$ConditionObject.awaitNanos(AbstractQueuedSynchronizer.java:2078)&#10;        at java.util.concurrent.ScheduledThreadPoolExecutor$DelayedWorkQueue.take(ScheduledThreadPoolExecutor.java:1093)&#10;        at java.util.concurrent.ScheduledThreadPoolExecutor$DelayedWorkQueue.take(ScheduledThreadPoolExecutor.java:809)&#10;        at java.util.concurrent.ThreadPoolExecutor.getTask(ThreadPoolExecutor.java:1074)&#10;        at java.util.concurrent.ThreadPoolExecutor.runWorker(ThreadPoolExecutor.java:1134)&#10;        at java.util.concurrent.ThreadPoolExecutor$Worker.run(ThreadPoolExecutor.java:624)&#10;        at java.lang.Thread.run(Thread.java:748)&#10;&quot;pool-198-thread-18&quot;  prio=5 tid=2567 in Object.wait()&#10;java.lang.Thread.State: WAITING (on object monitor)&#10;        at sun.misc.Unsafe.park(Native Method)&#10;        at java.util.concurrent.locks.LockSupport.park(LockSupport.java:175)&#10;        at java.util.concurrent.locks.AbstractQueuedSynchronizer$ConditionObject.await(AbstractQueuedSynchronizer.java:2039)&#10;        at java.util.concurrent.ArrayBlockingQueue.take(ArrayBlockingQueue.java:403)&#10;        at java.util.concurrent.ThreadPoolExecutor.getTask(ThreadPoolExecutor.java:1074)&#10;        at java.util.concurrent.ThreadPoolExecutor.runWorker(ThreadPoolExecutor.java:1134)&#10;        at java.util.concurrent.ThreadPoolExecutor$Worker.run(ThreadPoolExecutor.java:624)&#10;        at java.lang.Thread.run(Thread.java:748)&#10;&quot;pool-208-thread-59&quot;  prio=5 tid=2670 in Object.wait()&#10;java.lang.Thread.State: WAITING (on object monitor)&#10;        at sun.misc.Unsafe.park(Native Method)&#10;        at java.util.concurrent.locks.LockSupport.park(LockSupport.java:175)&#10;        at java.util.concurrent.locks.AbstractQueuedSynchronizer$ConditionObject.await(AbstractQueuedSynchronizer.java:2039)&#10;        at java.util.concurrent.ArrayBlockingQueue.take(ArrayBlockingQueue.java:403)&#10;        at java.util.concurrent.ThreadPoolExecutor.getTask(ThreadPoolExecutor.java:1074)&#10;        at java.util.concurrent.ThreadPoolExecutor.runWorker(ThreadPoolExecutor.java:1134)&#10;        at java.util.concurrent.ThreadPoolExecutor$Worker.run(ThreadPoolExecutor.java:624)&#10;        at java.lang.Thread.run(Thread.java:748)&#10;&quot;pool-188-thread-33&quot;  prio=5 tid=2520 in Object.wait()&#10;java.lang.Thread.State: WAITING (on object monitor)&#10;        at sun.misc.Unsafe.park(Native Method)&#10;        at java.util.concurrent.locks.LockSupport.park(LockSupport.java:175)&#10;        at java.util.concurrent.locks.AbstractQueuedSynchronizer$ConditionObject.await(AbstractQueuedSynchronizer.java:2039)&#10;        at java.util.concurrent.ArrayBlockingQueue.take(ArrayBlockingQueue.java:403)&#10;        at java.util.concurrent.ThreadPoolExecutor.getTask(ThreadPoolExecutor.java:1074)&#10;        at java.util.concurrent.ThreadPoolExecutor.runWorker(ThreadPoolExecutor.java:1134)&#10;        at java.util.concurrent.ThreadPoolExecutor$Worker.run(ThreadPoolExecutor.java:624)&#10;        at java.lang.Thread.run(Thread.java:748)&#10;&quot;pool-148-thread-2&quot;  prio=5 tid=2240 in Object.wait()&#10;java.lang.Thread.State: WAITING (on object monitor)&#10;        at sun.misc.Unsafe.park(Native Method)&#10;        at java.util.concurrent.locks.LockSupport.park(LockSupport.java:175)&#10;        at java.util.concurrent.locks.AbstractQueuedSynchronizer$ConditionObject.await(AbstractQueuedSynchronizer.java:2039)&#10;        at java.util.concurrent.ArrayBlockingQueue.take(ArrayBlockingQueue.java:403)&#10;        at java.util.concurrent.ThreadPoolExecutor.getTask(ThreadPoolExecutor.java:1074)&#10;        at java.util.concurrent.ThreadPoolExecutor.runWorker(ThreadPoolExecutor.java:1134)&#10;        at java.util.concurrent.ThreadPoolExecutor$Worker.run(ThreadPoolExecutor.java:624)&#10;        at java.lang.Thread.run(Thread.java:748)&#10;&quot;pool-228-thread-3&quot;  prio=5 tid=2738 in Object.wait()&#10;java.lang.Thread.State: WAITING (on object monitor)&#10;        at sun.misc.Unsafe.park(Native Method)&#10;        at java.util.concurrent.locks.LockSupport.park(LockSupport.java:175)&#10;        at java.util.concurrent.locks.AbstractQueuedSynchronizer$ConditionObject.await(AbstractQueuedSynchronizer.java:2039)&#10;        at java.util.concurrent.ArrayBlockingQueue.take(ArrayBlockingQueue.java:403)&#10;        at java.util.concurrent.ThreadPoolExecutor.getTask(ThreadPoolExecutor.java:1074)&#10;        at java.util.concurrent.ThreadPoolExecutor.runWorker(ThreadPoolExecutor.java:1134)&#10;        at java.util.concurrent.ThreadPoolExecutor$Worker.run(ThreadPoolExecutor.java:624)&#10;        at java.lang.Thread.run(Thread.java:748)&#10;&quot;pool-158-thread-26&quot;  prio=5 tid=2327 in Object.wait()&#10;java.lang.Thread.State: WAITING (on object monitor)&#10;        at sun.misc.Unsafe.park(Native Method)&#10;        at java.util.concurrent.locks.LockSupport.park(LockSupport.java:175)&#10;        at java.util.concurrent.locks.AbstractQueuedSynchronizer$ConditionObject.await(AbstractQueuedSynchronizer.java:2039)&#10;        at java.util.concurrent.ArrayBlockingQueue.take(ArrayBlockingQueue.java:403)&#10;        at java.util.concurrent.ThreadPoolExecutor.getTask(ThreadPoolExecutor.java:1074)&#10;        at java.util.concurrent.ThreadPoolExecutor.runWorker(ThreadPoolExecutor.java:1134)&#10;        at java.util.concurrent.ThreadPoolExecutor$Worker.run(ThreadPoolExecutor.java:624)&#10;        at java.lang.Thread.run(Thread.java:748)&#10;&quot;java.util.concurrent.ThreadPoolExecutor$Worker@463561c5[State = -1, empty queue]&quot; daemon prio=5 tid=1623 runnable&#10;java.lang.Thread.State: RUNNABLE&#10;        at java.util.concurrent.ScheduledThreadPoolExecutor$DelayedWorkQueue.poll(ScheduledThreadPoolExecutor.java:809)&#10;        at java.util.concurrent.ThreadPoolExecutor.getTask(ThreadPoolExecutor.java:1073)&#10;        at java.util.concurrent.ThreadPoolExecutor.runWorker(ThreadPoolExecutor.java:1134)&#10;        at java.util.concurrent.ThreadPoolExecutor$Worker.run(ThreadPoolExecutor.java:624)&#10;        at java.lang.Thread.run(Thread.java:748)&#10;&quot;pool-158-thread-19&quot;  prio=5 tid=2320 in Object.wait()&#10;java.lang.Thread.State: WAITING (on object monitor)&#10;        at sun.misc.Unsafe.park(Native Method)&#10;        at java.util.concurrent.locks.LockSupport.park(LockSupport.java:175)&#10;        at java.util.concurrent.locks.AbstractQueuedSynchronizer$ConditionObject.await(AbstractQueuedSynchronizer.java:2039)&#10;        at java.util.concurrent.ArrayBlockingQueue.take(ArrayBlockingQueue.java:403)&#10;        at java.util.concurrent.ThreadPoolExecutor.getTask(ThreadPoolExecutor.java:1074)&#10;        at java.util.concurrent.ThreadPoolExecutor.runWorker(ThreadPoolExecutor.java:1134)&#10;        at java.util.concurrent.ThreadPoolExecutor$Worker.run(ThreadPoolExecutor.java:624)&#10;        at java.lang.Thread.run(Thread.java:748)&#10;&quot;pool-148-thread-18&quot;  prio=5 tid=2256 in Object.wait()&#10;java.lang.Thread.State: WAITING (on object monitor)&#10;        at sun.misc.Unsafe.park(Native Method)&#10;        at java.util.concurrent.locks.LockSupport.park(LockSupport.java:175)&#10;        at java.util.concurrent.locks.AbstractQueuedSynchronizer$ConditionObject.await(AbstractQueuedSynchronizer.java:2039)&#10;        at java.util.concurrent.ArrayBlockingQueue.take(ArrayBlockingQueue.java:403)&#10;        at java.util.concurrent.ThreadPoolExecutor.getTask(ThreadPoolExecutor.java:1074)&#10;        at java.util.concurrent.ThreadPoolExecutor.runWorker(ThreadPoolExecutor.java:1134)&#10;        at java.util.concurrent.ThreadPoolExecutor$Worker.run(ThreadPoolExecutor.java:624)&#10;        at java.lang.Thread.run(Thread.java:748)&#10;&quot;qtp1404150776-1975&quot; daemon prio=5 tid=1975 runnable&#10;java.lang.Thread.State: RUNNABLE&#10;        at sun.nio.ch.EPollArrayWrapper.epollWait(Native Method)&#10;        at sun.nio.ch.EPollArrayWrapper.poll(EPollArrayWrapper.java:269)&#10;        at sun.nio.ch.EPollSelectorImpl.doSelect(EPollSelectorImpl.java:93)&#10;        at sun.nio.ch.SelectorImpl.lockAndDoSelect(SelectorImpl.java:86)&#10;        at sun.nio.ch.SelectorImpl.select(SelectorImpl.java:97)&#10;        at sun.nio.ch.SelectorImpl.select(SelectorImpl.java:101)&#10;        at org.eclipse.jetty.io.ManagedSelector$SelectorProducer.select(ManagedSelector.java:243)&#10;        at org.eclipse.jetty.io.ManagedSelector$SelectorProducer.produce(ManagedSelector.java:191)&#10;        at org.eclipse.jetty.util.thread.strategy.ExecuteProduceConsume.executeProduceConsume(ExecuteProduceConsume.java:249)&#10;        at org.eclipse.jetty.util.thread.strategy.ExecuteProduceConsume.produceConsume(ExecuteProduceConsume.java:148)&#10;        at org.eclipse.jetty.util.thread.strategy.ExecuteProduceConsume.execute(ExecuteProduceConsume.java:100)&#10;        at org.eclipse.jetty.io.ManagedSelector.run(ManagedSelector.java:147)&#10;        at org.eclipse.jetty.util.thread.QueuedThreadPool.runJob(QueuedThreadPool.java:671)&#10;        at org.eclipse.jetty.util.thread.QueuedThreadPool$2.run(QueuedThreadPool.java:589)&#10;        at java.lang.Thread.run(Thread.java:748)&#10;&quot;pool-178-thread-30&quot;  prio=5 tid=2455 in Object.wait()&#10;java.lang.Thread.State: WAITING (on object monitor)&#10;        at sun.misc.Unsafe.park(Native Method)&#10;        at java.util.concurrent.locks.LockSupport.park(LockSupport.java:175)&#10;        at java.util.concurrent.locks.AbstractQueuedSynchronizer$ConditionObject.await(AbstractQueuedSynchronizer.java:2039)&#10;        at java.util.concurrent.ArrayBlockingQueue.take(ArrayBlockingQueue.java:403)&#10;        at java.util.concurrent.ThreadPoolExecutor.getTask(ThreadPoolExecutor.java:1074)&#10;        at java.util.concurrent.ThreadPoolExecutor.runWorker(ThreadPoolExecutor.java:1134)&#10;        at java.util.concurrent.ThreadPoolExecutor$Worker.run(ThreadPoolExecutor.java:624)&#10;        at java.lang.Thread.run(Thread.java:748)&#10;&quot;IPC Server handler 9 on 42444&quot; daemon prio=5 tid=1901 timed_waiting&#10;java.lang.Thread.State: TIMED_WAITING&#10;        at sun.misc.Unsafe.park(Native Method)&#10;        at java.util.concurrent.locks.LockSupport.parkNanos(LockSupport.java:215)&#10;        at java.util.concurrent.locks.AbstractQueuedSynchronizer$ConditionObject.awaitNanos(AbstractQueuedSynchronizer.java:2078)&#10;        at java.util.concurrent.LinkedBlockingQueue.poll(LinkedBlockingQueue.java:467)&#10;        at org.apache.hadoop.ipc.CallQueueManager.take(CallQueueManager.java:288)&#10;        at org.apache.hadoop.ipc.Server$Handler.run(Server.java:2668)&#10;&quot;IPC Server handler 7 on 35974&quot; daemon prio=5 tid=1859 timed_waiting&#10;java.lang.Thread.State: TIMED_WAITING&#10;        at sun.misc.Unsafe.park(Native Method)&#10;        at java.util.concurrent.locks.LockSupport.parkNanos(LockSupport.java:215)&#10;        at java.util.concurrent.locks.AbstractQueuedSynchronizer$ConditionObject.awaitNanos(AbstractQueuedSynchronizer.java:2078)&#10;        at java.util.concurrent.LinkedBlockingQueue.poll(LinkedBlockingQueue.java:467)&#10;        at org.apache.hadoop.ipc.CallQueueManager.take(CallQueueManager.java:288)&#10;        at org.apache.hadoop.ipc.Server$Handler.run(Server.java:2668)&#10;&quot;pool-188-thread-21&quot;  prio=5 tid=2508 in Object.wait()&#10;java.lang.Thread.State: WAITING (on object monitor)&#10;        at sun.misc.Unsafe.park(Native Method)&#10;        at java.util.concurrent.locks.LockSupport.park(LockSupport.java:175)&#10;        at java.util.concurrent.locks.AbstractQueuedSynchronizer$ConditionObject.await(AbstractQueuedSynchronizer.java:2039)&#10;        at java.util.concurrent.ArrayBlockingQueue.take(ArrayBlockingQueue.java:403)&#10;        at java.util.concurrent.ThreadPoolExecutor.getTask(ThreadPoolExecutor.java:1074)&#10;        at java.util.concurrent.ThreadPoolExecutor.runWorker(ThreadPoolExecutor.java:1134)&#10;        at java.util.concurrent.ThreadPoolExecutor$Worker.run(ThreadPoolExecutor.java:624)&#10;        at java.lang.Thread.run(Thread.java:748)&#10;&quot;pool-228-thread-28&quot;  prio=5 tid=2763 in Object.wait()&#10;java.lang.Thread.State: WAITING (on object monitor)&#10;        at sun.misc.Unsafe.park(Native Method)&#10;        at java.util.concurrent.locks.LockSupport.park(LockSupport.java:175)&#10;        at java.util.concurrent.locks.AbstractQueuedSynchronizer$ConditionObject.await(AbstractQueuedSynchronizer.java:2039)&#10;        at java.util.concurrent.ArrayBlockingQueue.take(ArrayBlockingQueue.java:403)&#10;        at java.util.concurrent.ThreadPoolExecutor.getTask(ThreadPoolExecutor.java:1074)&#10;        at java.util.concurrent.ThreadPoolExecutor.runWorker(ThreadPoolExecutor.java:1134)&#10;        at java.util.concurrent.ThreadPoolExecutor$Worker.run(ThreadPoolExecutor.java:624)&#10;        at java.lang.Thread.run(Thread.java:748)&#10;&quot;PartialTableCache Cleanup Thread - 0&quot; daemon prio=5 tid=1360 in Object.wait()&#10;java.lang.Thread.State: WAITING (on object monitor)&#10;        at sun.misc.Unsafe.park(Native Method)&#10;        at java.util.concurrent.locks.LockSupport.park(LockSupport.java:175)&#10;        at java.util.concurrent.locks.AbstractQueuedSynchronizer$ConditionObject.await(AbstractQueuedSynchronizer.java:2039)&#10;        at java.util.concurrent.LinkedBlockingQueue.take(LinkedBlockingQueue.java:442)&#10;        at java.util.concurrent.ThreadPoolExecutor.getTask(ThreadPoolExecutor.java:1074)&#10;        at java.util.concurrent.ThreadPoolExecutor.runWorker(ThreadPoolExecutor.java:1134)&#10;        at java.util.concurrent.ThreadPoolExecutor$Worker.run(ThreadPoolExecutor.java:624)&#10;        at java.lang.Thread.run(Thread.java:748)&#10;&quot;Signal Dispatcher&quot; daemon prio=9 tid=4 runnable&#10;java.lang.Thread.State: RUNNABLE&#10;&quot;pool-168-thread-41&quot;  prio=5 tid=2404 in Object.wait()&#10;java.lang.Thread.State: WAITING (on object monitor)&#10;        at sun.misc.Unsafe.park(Native Method)&#10;        at java.util.concurrent.locks.LockSupport.park(LockSupport.java:175)&#10;        at java.util.concurrent.locks.AbstractQueuedSynchronizer$ConditionObject.await(AbstractQueuedSynchronizer.java:2039)&#10;        at java.util.concurrent.ArrayBlockingQueue.take(ArrayBlockingQueue.java:403)&#10;        at java.util.concurrent.ThreadPoolExecutor.getTask(ThreadPoolExecutor.java:1074)&#10;        at java.util.concurrent.ThreadPoolExecutor.runWorker(ThreadPoolExecutor.java:1134)&#10;        at java.util.concurrent.ThreadPoolExecutor$Worker.run(ThreadPoolExecutor.java:624)&#10;        at java.lang.Thread.run(Thread.java:748)&#10;&quot;pool-158-thread-42&quot;  prio=5 tid=2343 in Object.wait()&#10;java.lang.Thread.State: WAITING (on object monitor)&#10;        at sun.misc.Unsafe.park(Native Method)&#10;        at java.util.concurrent.locks.LockSupport.park(LockSupport.java:175)&#10;        at java.util.concurrent.locks.AbstractQueuedSynchronizer$ConditionObject.await(AbstractQueuedSynchronizer.java:2039)&#10;        at java.util.concurrent.ArrayBlockingQueue.take(ArrayBlockingQueue.java:403)&#10;        at java.util.concurrent.ThreadPoolExecutor.getTask(ThreadPoolExecutor.java:1074)&#10;        at java.util.concurrent.ThreadPoolExecutor.runWorker(ThreadPoolExecutor.java:1134)&#10;        at java.util.concurrent.ThreadPoolExecutor$Worker.run(ThreadPoolExecutor.java:624)&#10;        at java.lang.Thread.run(Thread.java:748)&#10;&quot;pool-148-thread-3&quot;  prio=5 tid=2241 in Object.wait()&#10;java.lang.Thread.State: WAITING (on object monitor)&#10;        at sun.misc.Unsafe.park(Native Method)&#10;        at java.util.concurrent.locks.LockSupport.park(LockSupport.java:175)&#10;        at java.util.concurrent.locks.AbstractQueuedSynchronizer$ConditionObject.await(AbstractQueuedSynchronizer.java:2039)&#10;        at java.util.concurrent.ArrayBlockingQueue.take(ArrayBlockingQueue.java:403)&#10;        at java.util.concurrent.ThreadPoolExecutor.getTask(ThreadPoolExecutor.java:1074)&#10;        at java.util.concurrent.ThreadPoolExecutor.runWorker(ThreadPoolExecutor.java:1134)&#10;        at java.util.concurrent.ThreadPoolExecutor$Worker.run(ThreadPoolExecutor.java:624)&#10;        at java.lang.Thread.run(Thread.java:748)&#10;&quot;pool-188-thread-41&quot;  prio=5 tid=2528 in Object.wait()&#10;java.lang.Thread.State: WAITING (on object monitor)&#10;        at sun.misc.Unsafe.park(Native Method)&#10;        at java.util.concurrent.locks.LockSupport.park(LockSupport.java:175)&#10;        at java.util.concurrent.locks.AbstractQueuedSynchronizer$ConditionObject.await(AbstractQueuedSynchronizer.java:2039)&#10;        at java.util.concurrent.ArrayBlockingQueue.take(ArrayBlockingQueue.java:403)&#10;        at java.util.concurrent.ThreadPoolExecutor.getTask(ThreadPoolExecutor.java:1074)&#10;        at java.util.concurrent.ThreadPoolExecutor.runWorker(ThreadPoolExecutor.java:1134)&#10;        at java.util.concurrent.ThreadPoolExecutor$Worker.run(ThreadPoolExecutor.java:624)&#10;        at java.lang.Thread.run(Thread.java:748)&#10;&quot;qtp955153053-2193-acceptor-0@798a9bf1-ServerConnector@74024f3{HTTP/1.1,[http/1.1]}{0.0.0.0:38272}&quot; daemon prio=3 tid=2193 runnable&#10;java.lang.Thread.State: RUNNABLE&#10;        at sun.nio.ch.ServerSocketChannelImpl.accept0(Native Method)&#10;        at sun.nio.ch.ServerSocketChannelImpl.accept(ServerSocketChannelImpl.java:422)&#10;        at sun.nio.ch.ServerSocketChannelImpl.accept(ServerSocketChannelImpl.java:250)&#10;        at org.eclipse.jetty.server.ServerConnector.accept(ServerConnector.java:397)&#10;        at org.eclipse.jetty.server.AbstractConnector$Acceptor.run(AbstractConnector.java:601)&#10;        at org.eclipse.jetty.util.thread.QueuedThreadPool.runJob(QueuedThreadPool.java:671)&#10;        at org.eclipse.jetty.util.thread.QueuedThreadPool$2.run(QueuedThreadPool.java:589)&#10;        at java.lang.Thread.run(Thread.java:748)&#10;&quot;pool-148-thread-46&quot;  prio=5 tid=2284 in Object.wait()&#10;java.lang.Thread.State: WAITING (on object monitor)&#10;        at sun.misc.Unsafe.park(Native Method)&#10;        at java.util.concurrent.locks.LockSupport.park(LockSupport.java:175)&#10;        at java.util.concurrent.locks.AbstractQueuedSynchronizer$ConditionObject.await(AbstractQueuedSynchronizer.java:2039)&#10;        at java.util.concurrent.ArrayBlockingQueue.take(ArrayBlockingQueue.java:403)&#10;        at java.util.concurrent.ThreadPoolExecutor.getTask(ThreadPoolExecutor.java:1074)&#10;        at java.util.concurrent.ThreadPoolExecutor.runWorker(ThreadPoolExecutor.java:1134)&#10;        at java.util.concurrent.ThreadPoolExecutor$Worker.run(ThreadPoolExecutor.java:624)&#10;        at java.lang.Thread.run(Thread.java:748)&#10;&quot;org.apache.hadoop.util.JvmPauseMonitor$Monitor@f9096d6&quot; daemon prio=5 tid=2236 timed_waiting&#10;java.lang.Thread.State: TIMED_WAITING&#10;        at java.lang.Thread.sleep(Native Method)&#10;        at org.apache.hadoop.util.JvmPauseMonitor$Monitor.run(JvmPauseMonitor.java:192)&#10;        at java.lang.Thread.run(Thread.java:748)&#10;&quot;pool-198-thread-13&quot;  prio=5 tid=2562 in Object.wait()&#10;java.lang.Thread.State: WAITING (on object monitor)&#10;        at sun.misc.Unsafe.park(Native Method)&#10;        at java.util.concurrent.locks.LockSupport.park(LockSupport.java:175)&#10;        at java.util.concurrent.locks.AbstractQueuedSynchronizer$ConditionObject.await(AbstractQueuedSynchronizer.java:2039)&#10;        at java.util.concurrent.ArrayBlockingQueue.take(ArrayBlockingQueue.java:403)&#10;        at java.util.concurrent.ThreadPoolExecutor.getTask(ThreadPoolExecutor.java:1074)&#10;        at java.util.concurrent.ThreadPoolExecutor.runWorker(ThreadPoolExecutor.java:1134)&#10;        at java.util.concurrent.ThreadPoolExecutor$Worker.run(ThreadPoolExecutor.java:624)&#10;        at java.lang.Thread.run(Thread.java:748)&#10;&quot;pool-148-thread-20&quot;  prio=5 tid=2258 in Object.wait()&#10;java.lang.Thread.State: WAITING (on object monitor)&#10;        at sun.misc.Unsafe.park(Native Method)&#10;        at java.util.concurrent.locks.LockSupport.park(LockSupport.java:175)&#10;        at java.util.concurrent.locks.AbstractQueuedSynchronizer$ConditionObject.await(AbstractQueuedSynchronizer.java:2039)&#10;        at java.util.concurrent.ArrayBlockingQueue.take(ArrayBlockingQueue.java:403)&#10;        at java.util.concurrent.ThreadPoolExecutor.getTask(ThreadPoolExecutor.java:1074)&#10;        at java.util.concurrent.ThreadPoolExecutor.runWorker(ThreadPoolExecutor.java:1134)&#10;        at java.util.concurrent.ThreadPoolExecutor$Worker.run(ThreadPoolExecutor.java:624)&#10;        at java.lang.Thread.run(Thread.java:748)&#10;&quot;Datanode ReportManager Thread - 1&quot; daemon prio=5 tid=2205 timed_waiting&#10;java.lang.Thread.State: TIMED_WAITING&#10;        at sun.misc.Unsafe.park(Native Method)&#10;        at java.util.concurrent.locks.LockSupport.parkNanos(LockSupport.java:215)&#10;        at java.util.concurrent.locks.AbstractQueuedSynchronizer$ConditionObject.awaitNanos(AbstractQueuedSynchronizer.java:2078)&#10;        at java.util.concurrent.ScheduledThreadPoolExecutor$DelayedWorkQueue.take(ScheduledThreadPoolExecutor.java:1093)&#10;        at java.util.concurrent.ScheduledThreadPoolExecutor$DelayedWorkQueue.take(ScheduledThreadPoolExecutor.java:809)&#10;        at java.util.concurrent.ThreadPoolExecutor.getTask(ThreadPoolExecutor.java:1074)&#10;        at java.util.concurrent.ThreadPoolExecutor.runWorker(ThreadPoolExecutor.java:1134)&#10;        at java.util.concurrent.ThreadPoolExecutor$Worker.run(ThreadPoolExecutor.java:624)&#10;        at java.lang.Thread.run(Thread.java:748)&#10;&quot;pool-152-thread-1&quot;  prio=5 tid=1974 timed_waiting&#10;java.lang.Thread.State: TIMED_WAITING&#10;        at sun.misc.Unsafe.park(Native Method)&#10;        at java.util.concurrent.locks.LockSupport.parkNanos(LockSupport.java:215)&#10;        at java.util.concurrent.locks.AbstractQueuedSynchronizer$ConditionObject.awaitNanos(AbstractQueuedSynchronizer.java:2078)&#10;        at java.util.concurrent.ScheduledThreadPoolExecutor$DelayedWorkQueue.take(ScheduledThreadPoolExecutor.java:1093)&#10;        at java.util.concurrent.ScheduledThreadPoolExecutor$DelayedWorkQueue.take(ScheduledThreadPoolExecutor.java:809)&#10;        at java.util.concurrent.ThreadPoolExecutor.getTask(ThreadPoolExecutor.java:1074)&#10;        at java.util.concurrent.ThreadPoolExecutor.runWorker(ThreadPoolExecutor.java:1134)&#10;        at java.util.concurrent.ThreadPoolExecutor$Worker.run(ThreadPoolExecutor.java:624)&#10;        at java.lang.Thread.run(Thread.java:748)&#10;&quot;IPC Server handler 9 on 35974&quot; daemon prio=5 tid=1861 timed_waiting&#10;java.lang.Thread.State: TIMED_WAITING&#10;        at sun.misc.Unsafe.park(Native Method)&#10;        at java.util.concurrent.locks.LockSupport.parkNanos(LockSupport.java:215)&#10;        at java.util.concurrent.locks.AbstractQueuedSynchronizer$ConditionObject.awaitNanos(AbstractQueuedSynchronizer.java:2078)&#10;        at java.util.concurrent.LinkedBlockingQueue.poll(LinkedBlockingQueue.java:467)&#10;        at org.apache.hadoop.ipc.CallQueueManager.take(CallQueueManager.java:288)&#10;        at org.apache.hadoop.ipc.Server$Handler.run(Server.java:2668)&#10;&quot;PartialTableCache Cleanup Thread - 0&quot; daemon prio=5 tid=3038 in Object.wait()&#10;java.lang.Thread.State: WAITING (on object monitor)&#10;        at sun.misc.Unsafe.park(Native Method)&#10;        at java.util.concurrent.locks.LockSupport.park(LockSupport.java:175)&#10;        at java.util.concurrent.locks.AbstractQueuedSynchronizer$ConditionObject.await(AbstractQueuedSynchronizer.java:2039)&#10;        at java.util.concurrent.LinkedBlockingQueue.take(LinkedBlockingQueue.java:442)&#10;        at java.util.concurrent.ThreadPoolExecutor.getTask(ThreadPoolExecutor.java:1074)&#10;        at java.util.concurrent.ThreadPoolExecutor.runWorker(ThreadPoolExecutor.java:1134)&#10;        at java.util.concurrent.ThreadPoolExecutor$Worker.run(ThreadPoolExecutor.java:624)&#10;        at java.lang.Thread.run(Thread.java:748)&#10;&quot;pool-158-thread-58&quot;  prio=5 tid=2359 in Object.wait()&#10;java.lang.Thread.State: WAITING (on object monitor)&#10;        at sun.misc.Unsafe.park(Native Method)&#10;        at java.util.concurrent.locks.LockSupport.park(LockSupport.java:175)&#10;        at java.util.concurrent.locks.AbstractQueuedSynchronizer$ConditionObject.await(AbstractQueuedSynchronizer.java:2039)&#10;        at java.util.concurrent.ArrayBlockingQueue.take(ArrayBlockingQueue.java:403)&#10;        at java.util.concurrent.ThreadPoolExecutor.getTask(ThreadPoolExecutor.java:1074)&#10;        at java.util.concurrent.ThreadPoolExecutor.runWorker(ThreadPoolExecutor.java:1134)&#10;        at java.util.concurrent.ThreadPoolExecutor$Worker.run(ThreadPoolExecutor.java:624)&#10;        at java.lang.Thread.run(Thread.java:748)&#10;&quot;pool-238-thread-24&quot;  prio=5 tid=2821 in Object.wait()&#10;java.lang.Thread.State: WAITING (on object monitor)&#10;        at sun.misc.Unsafe.park(Native Method)&#10;        at java.util.concurrent.locks.LockSupport.park(LockSupport.java:175)&#10;        at java.util.concurrent.locks.AbstractQueuedSynchronizer$ConditionObject.await(AbstractQueuedSynchronizer.java:2039)&#10;        at java.util.concurrent.ArrayBlockingQueue.take(ArrayBlockingQueue.java:403)&#10;        at java.util.concurrent.ThreadPoolExecutor.getTask(ThreadPoolExecutor.java:1074)&#10;        at java.util.concurrent.ThreadPoolExecutor.runWorker(ThreadPoolExecutor.java:1134)&#10;        at java.util.concurrent.ThreadPoolExecutor$Worker.run(ThreadPoolExecutor.java:624)&#10;        at java.lang.Thread.run(Thread.java:748)&#10;&quot;pool-148-thread-34&quot;  prio=5 tid=2272 in Object.wait()&#10;java.lang.Thread.State: WAITING (on object monitor)&#10;        at sun.misc.Unsafe.park(Native Method)&#10;        at java.util.concurrent.locks.LockSupport.park(LockSupport.java:175)&#10;        at java.util.concurrent.locks.AbstractQueuedSynchronizer$ConditionObject.await(AbstractQueuedSynchronizer.java:2039)&#10;        at java.util.concurrent.ArrayBlockingQueue.take(ArrayBlockingQueue.java:403)&#10;        at java.util.concurrent.ThreadPoolExecutor.getTask(ThreadPoolExecutor.java:1074)&#10;        at java.util.concurrent.ThreadPoolExecutor.runWorker(ThreadPoolExecutor.java:1134)&#10;        at java.util.concurrent.ThreadPoolExecutor$Worker.run(ThreadPoolExecutor.java:624)&#10;        at java.lang.Thread.run(Thread.java:748)&#10;&quot;Datanode ReportManager Thread - 3&quot; daemon prio=5 tid=2099 in Object.wait()&#10;java.lang.Thread.State: WAITING (on object monitor)&#10;        at sun.misc.Unsafe.park(Native Method)&#10;        at java.util.concurrent.locks.LockSupport.park(LockSupport.java:175)&#10;        at java.util.concurrent.locks.AbstractQueuedSynchronizer$ConditionObject.await(AbstractQueuedSynchronizer.java:2039)&#10;        at java.util.concurrent.ScheduledThreadPoolExecutor$DelayedWorkQueue.take(ScheduledThreadPoolExecutor.java:1088)&#10;        at java.util.concurrent.ScheduledThreadPoolExecutor$DelayedWorkQueue.take(ScheduledThreadPoolExecutor.java:809)&#10;        at java.util.concurrent.ThreadPoolExecutor.getTask(ThreadPoolExecutor.java:1074)&#10;        at java.util.concurrent.ThreadPoolExecutor.runWorker(ThreadPoolExecutor.java:1134)&#10;        at java.util.concurrent.ThreadPoolExecutor$Worker.run(ThreadPoolExecutor.java:624)&#10;        at java.lang.Thread.run(Thread.java:748)&#10;&quot;Datanode ReportManager Thread - 0&quot; daemon prio=5 tid=198 in Object.wait()&#10;java.lang.Thread.State: WAITING (on object monitor)&#10;        at sun.misc.Unsafe.park(Native Method)&#10;        at java.util.concurrent.locks.LockSupport.park(LockSupport.java:175)&#10;        at java.util.concurrent.locks.AbstractQueuedSynchronizer$ConditionObject.await(AbstractQueuedSynchronizer.java:2039)&#10;        at java.util.concurrent.ScheduledThreadPoolExecutor$DelayedWorkQueue.take(ScheduledThreadPoolExecutor.java:1088)&#10;        at java.util.concurrent.ScheduledThreadPoolExecutor$DelayedWorkQueue.take(ScheduledThreadPoolExecutor.java:809)&#10;        at java.util.concurrent.ThreadPoolExecutor.getTask(ThreadPoolExecutor.java:1074)&#10;        at java.util.concurrent.ThreadPoolExecutor.runWorker(ThreadPoolExecutor.java:1134)&#10;        at java.util.concurrent.ThreadPoolExecutor$Worker.run(ThreadPoolExecutor.java:624)&#10;        at java.lang.Thread.run(Thread.java:748)&#10;&quot;pool-228-thread-45&quot;  prio=5 tid=2780 in Object.wait()&#10;java.lang.Thread.State: WAITING (on object monitor)&#10;        at sun.misc.Unsafe.park(Native Method)&#10;        at java.util.concurrent.locks.LockSupport.park(LockSupport.java:175)&#10;        at java.util.concurrent.locks.AbstractQueuedSynchronizer$ConditionObject.await(AbstractQueuedSynchronizer.java:2039)&#10;        at java.util.concurrent.ArrayBlockingQueue.take(ArrayBlockingQueue.java:403)&#10;        at java.util.concurrent.ThreadPoolExecutor.getTask(ThreadPoolExecutor.java:1074)&#10;        at java.util.concurrent.ThreadPoolExecutor.runWorker(ThreadPoolExecutor.java:1134)&#10;        at java.util.concurrent.ThreadPoolExecutor$Worker.run(ThreadPoolExecutor.java:624)&#10;        at java.lang.Thread.run(Thread.java:748)&#10;&quot;09f4ece9-71c1-4a5b-9b91-b2a8aadac043@group-4CFD150B493F-SegmentedRaftLogWorker&quot;  prio=5 tid=3073 timed_waiting&#10;java.lang.Thread.State: TIMED_WAITING&#10;        at sun.misc.Unsafe.park(Native Method)&#10;        at java.util.concurrent.locks.LockSupport.parkNanos(LockSupport.java:215)&#10;        at java.util.concurrent.locks.AbstractQueuedSynchronizer$ConditionObject.awaitNanos(AbstractQueuedSynchronizer.java:2078)&#10;        at org.apache.ratis.util.DataBlockingQueue.poll(DataBlockingQueue.java:137)&#10;        at org.apache.ratis.server.raftlog.segmented.SegmentedRaftLogWorker.run(SegmentedRaftLogWorker.java:282)&#10;        at java.lang.Thread.run(Thread.java:748)&#10;&quot;qtp2077150966-2086&quot; daemon prio=5 tid=2086 timed_waiting&#10;java.lang.Thread.State: TIMED_WAITING&#10;        at sun.misc.Unsafe.park(Native Method)&#10;        at java.util.concurrent.locks.LockSupport.parkNanos(LockSupport.java:215)&#10;        at java.util.concurrent.locks.AbstractQueuedSynchronizer$ConditionObject.awaitNanos(AbstractQueuedSynchronizer.java:2078)&#10;        at org.eclipse.jetty.util.BlockingArrayQueue.poll(BlockingArrayQueue.java:392)&#10;        at org.eclipse.jetty.util.thread.QueuedThreadPool.idleJobPoll(QueuedThreadPool.java:563)&#10;        at org.eclipse.jetty.util.thread.QueuedThreadPool.access$800(QueuedThreadPool.java:48)&#10;        at org.eclipse.jetty.util.thread.QueuedThreadPool$2.run(QueuedThreadPool.java:626)&#10;        at java.lang.Thread.run(Thread.java:748)&#10;&quot;qtp1090160486-1915&quot; daemon prio=5 tid=1915 timed_waiting&#10;java.lang.Thread.State: TIMED_WAITING&#10;        at sun.misc.Unsafe.park(Native Method)&#10;        at java.util.concurrent.locks.LockSupport.parkNanos(LockSupport.java:215)&#10;        at java.util.concurrent.locks.AbstractQueuedSynchronizer$ConditionObject.awaitNanos(AbstractQueuedSynchronizer.java:2078)&#10;        at org.eclipse.jetty.util.BlockingArrayQueue.poll(BlockingArrayQueue.java:392)&#10;        at org.eclipse.jetty.util.thread.QueuedThreadPool.idleJobPoll(QueuedThreadPool.java:563)&#10;        at org.eclipse.jetty.util.thread.QueuedThreadPool.access$800(QueuedThreadPool.java:48)&#10;        at org.eclipse.jetty.util.thread.QueuedThreadPool$2.run(QueuedThreadPool.java:626)&#10;        at java.lang.Thread.run(Thread.java:748)&#10;&quot;Datanode ReportManager Thread - 2&quot; daemon prio=5 tid=2152 in Object.wait()&#10;java.lang.Thread.State: WAITING (on object monitor)&#10;        at sun.misc.Unsafe.park(Native Method)&#10;        at java.util.concurrent.locks.LockSupport.park(LockSupport.java:175)&#10;        at java.util.concurrent.locks.AbstractQueuedSynchronizer$ConditionObject.await(AbstractQueuedSynchronizer.java:2039)&#10;        at java.util.concurrent.ScheduledThreadPoolExecutor$DelayedWorkQueue.take(ScheduledThreadPoolExecutor.java:1088)&#10;        at java.util.concurrent.ScheduledThreadPoolExecutor$DelayedWorkQueue.take(ScheduledThreadPoolExecutor.java:809)&#10;        at java.util.concurrent.ThreadPoolExecutor.getTask(ThreadPoolExecutor.java:1074)&#10;        at java.util.concurrent.ThreadPoolExecutor.runWorker(ThreadPoolExecutor.java:1134)&#10;        at java.util.concurrent.ThreadPoolExecutor$Worker.run(ThreadPoolExecutor.java:624)&#10;        at java.lang.Thread.run(Thread.java:748)&#10;&quot;qtp254416915-2144&quot; daemon prio=5 tid=2144 timed_waiting&#10;java.lang.Thread.State: TIMED_WAITING&#10;        at sun.misc.Unsafe.park(Native Method)&#10;        at java.util.concurrent.locks.LockSupport.parkNanos(LockSupport.java:215)&#10;        at java.util.concurrent.locks.AbstractQueuedSynchronizer$ConditionObject.awaitNanos(AbstractQueuedSynchronizer.java:2078)&#10;        at org.eclipse.jetty.util.BlockingArrayQueue.poll(BlockingArrayQueue.java:392)&#10;        at org.eclipse.jetty.util.thread.QueuedThreadPool.idleJobPoll(QueuedThreadPool.java:563)&#10;        at org.eclipse.jetty.util.thread.QueuedThreadPool.access$800(QueuedThreadPool.java:48)&#10;        at org.eclipse.jetty.util.thread.QueuedThreadPool$2.run(QueuedThreadPool.java:626)&#10;        at java.lang.Thread.run(Thread.java:748)&#10;&quot;Command processor thread&quot; daemon prio=5 tid=2046 timed_waiting&#10;java.lang.Thread.State: TIMED_WAITING&#10;        at java.lang.Thread.sleep(Native Method)&#10;        at org.apache.hadoop.ozone.container.common.statemachine.DatanodeStateMachine.lambda$initCommandHandlerThread$1(DatanodeStateMachine.java:439)&#10;        at org.apache.hadoop.ozone.container.common.statemachine.DatanodeStateMachine$$Lambda$142/1603672614.run(Unknown Source)&#10;        at java.lang.Thread.run(Thread.java:748)&#10;&quot;org.apache.ratis.server.impl.LogAppender$AppenderDaemon$$Lambda$463/184788748@5858ebf6&quot; daemon prio=5 tid=3221 timed_waiting&#10;java.lang.Thread.State: TIMED_WAITING&#10;        at java.lang.Object.wait(Native Method)&#10;        at org.apache.ratis.grpc.server.GrpcLogAppender.mayWait(GrpcLogAppender.java:149)&#10;        at org.apache.ratis.grpc.server.GrpcLogAppender.runAppenderImpl(GrpcLogAppender.java:103)&#10;        at org.apache.ratis.server.impl.LogAppender$AppenderDaemon.run(LogAppender.java:76)&#10;        at org.apache.ratis.server.impl.LogAppender$AppenderDaemon$$Lambda$463/184788748.run(Unknown Source)&#10;        at java.lang.Thread.run(Thread.java:748)&#10;&quot;8344cb33-ae61-4ff3-97f7-00b91742683d@group-DC40EABEC771-SegmentedRaftLogWorker&quot;  prio=5 tid=2915 timed_waiting&#10;java.lang.Thread.State: TIMED_WAITING&#10;        at sun.misc.Unsafe.park(Native Method)&#10;        at java.util.concurrent.locks.LockSupport.parkNanos(LockSupport.java:215)&#10;        at java.util.concurrent.locks.AbstractQueuedSynchronizer$ConditionObject.awaitNanos(AbstractQueuedSynchronizer.java:2078)&#10;        at org.apache.ratis.util.DataBlockingQueue.poll(DataBlockingQueue.java:137)&#10;        at org.apache.ratis.server.raftlog.segmented.SegmentedRaftLogWorker.run(SegmentedRaftLogWorker.java:282)&#10;        at java.lang.Thread.run(Thread.java:748)&#10;&quot;pool-188-thread-44&quot;  prio=5 tid=2531 in Object.wait()&#10;java.lang.Thread.State: WAITING (on object monitor)&#10;        at sun.misc.Unsafe.park(Native Method)&#10;        at java.util.concurrent.locks.LockSupport.park(LockSupport.java:175)&#10;        at java.util.concurrent.locks.AbstractQueuedSynchronizer$ConditionObject.await(AbstractQueuedSynchronizer.java:2039)&#10;        at java.util.concurrent.ArrayBlockingQueue.take(ArrayBlockingQueue.java:403)&#10;        at java.util.concurrent.ThreadPoolExecutor.getTask(ThreadPoolExecutor.java:1074)&#10;        at java.util.concurrent.ThreadPoolExecutor.runWorker(ThreadPoolExecutor.java:1134)&#10;        at java.util.concurrent.ThreadPoolExecutor$Worker.run(ThreadPoolExecutor.java:624)&#10;        at java.lang.Thread.run(Thread.java:748)&#10;&quot;pool-208-thread-49&quot;  prio=5 tid=2660 in Object.wait()&#10;java.lang.Thread.State: WAITING (on object monitor)&#10;        at sun.misc.Unsafe.park(Native Method)&#10;        at java.util.concurrent.locks.LockSupport.park(LockSupport.java:175)&#10;        at java.util.concurrent.locks.AbstractQueuedSynchronizer$ConditionObject.await(AbstractQueuedSynchronizer.java:2039)&#10;        at java.util.concurrent.ArrayBlockingQueue.take(ArrayBlockingQueue.java:403)&#10;        at java.util.concurrent.ThreadPoolExecutor.getTask(ThreadPoolExecutor.java:1074)&#10;        at java.util.concurrent.ThreadPoolExecutor.runWorker(ThreadPoolExecutor.java:1134)&#10;        at java.util.concurrent.ThreadPoolExecutor$Worker.run(ThreadPoolExecutor.java:624)&#10;        at java.lang.Thread.run(Thread.java:748)&#10;&quot;pool-178-thread-40&quot;  prio=5 tid=2465 in Object.wait()&#10;java.lang.Thread.State: WAITING (on object monitor)&#10;        at sun.misc.Unsafe.park(Native Method)&#10;        at java.util.concurrent.locks.LockSupport.park(LockSupport.java:175)&#10;        at java.util.concurrent.locks.AbstractQueuedSynchronizer$ConditionObject.await(AbstractQueuedSynchronizer.java:2039)&#10;        at java.util.concurrent.ArrayBlockingQueue.take(ArrayBlockingQueue.java:403)&#10;        at java.util.concurrent.ThreadPoolExecutor.getTask(ThreadPoolExecutor.java:1074)&#10;        at java.util.concurrent.ThreadPoolExecutor.runWorker(ThreadPoolExecutor.java:1134)&#10;        at java.util.concurrent.ThreadPoolExecutor$Worker.run(ThreadPoolExecutor.java:624)&#10;        at java.lang.Thread.run(Thread.java:748)&#10;&quot;pool-178-thread-33&quot;  prio=5 tid=2458 in Object.wait()&#10;java.lang.Thread.State: WAITING (on object monitor)&#10;        at sun.misc.Unsafe.park(Native Method)&#10;        at java.util.concurrent.locks.LockSupport.park(LockSupport.java:175)&#10;        at java.util.concurrent.locks.AbstractQueuedSynchronizer$ConditionObject.await(AbstractQueuedSynchronizer.java:2039)&#10;        at java.util.concurrent.ArrayBlockingQueue.take(ArrayBlockingQueue.java:403)&#10;        at java.util.concurrent.ThreadPoolExecutor.getTask(ThreadPoolExecutor.java:1074)&#10;        at java.util.concurrent.ThreadPoolExecutor.runWorker(ThreadPoolExecutor.java:1134)&#10;        at java.util.concurrent.ThreadPoolExecutor$Worker.run(ThreadPoolExecutor.java:624)&#10;        at java.lang.Thread.run(Thread.java:748)&#10;&quot;pool-168-thread-37&quot;  prio=5 tid=2400 in Object.wait()&#10;java.lang.Thread.State: WAITING (on object monitor)&#10;        at sun.misc.Unsafe.park(Native Method)&#10;        at java.util.concurrent.locks.LockSupport.park(LockSupport.java:175)&#10;        at java.util.concurrent.locks.AbstractQueuedSynchronizer$ConditionObject.await(AbstractQueuedSynchronizer.java:2039)&#10;        at java.util.concurrent.ArrayBlockingQueue.take(ArrayBlockingQueue.java:403)&#10;        at java.util.concurrent.ThreadPoolExecutor.getTask(ThreadPoolExecutor.java:1074)&#10;        at java.util.concurrent.ThreadPoolExecutor.runWorker(ThreadPoolExecutor.java:1134)&#10;        at java.util.concurrent.ThreadPoolExecutor$Worker.run(ThreadPoolExecutor.java:624)&#10;        at java.lang.Thread.run(Thread.java:748)&#10;&quot;pool-208-thread-54&quot;  prio=5 tid=2665 in Object.wait()&#10;java.lang.Thread.State: WAITING (on object monitor)&#10;        at sun.misc.Unsafe.park(Native Method)&#10;        at java.util.concurrent.locks.LockSupport.park(LockSupport.java:175)&#10;        at java.util.concurrent.locks.AbstractQueuedSynchronizer$ConditionObject.await(AbstractQueuedSynchronizer.java:2039)&#10;        at java.util.concurrent.ArrayBlockingQueue.take(ArrayBlockingQueue.java:403)&#10;        at java.util.concurrent.ThreadPoolExecutor.getTask(ThreadPoolExecutor.java:1074)&#10;        at java.util.concurrent.ThreadPoolExecutor.runWorker(ThreadPoolExecutor.java:1134)&#10;        at java.util.concurrent.ThreadPoolExecutor$Worker.run(ThreadPoolExecutor.java:624)&#10;        at java.lang.Thread.run(Thread.java:748)&#10;&quot;Datanode ReportManager Thread - 3&quot; daemon prio=5 tid=2072 in Object.wait()&#10;java.lang.Thread.State: WAITING (on object monitor)&#10;        at sun.misc.Unsafe.park(Native Method)&#10;        at java.util.concurrent.locks.LockSupport.park(LockSupport.java:175)&#10;        at java.util.concurrent.locks.AbstractQueuedSynchronizer$ConditionObject.await(AbstractQueuedSynchronizer.java:2039)&#10;        at java.util.concurrent.ScheduledThreadPoolExecutor$DelayedWorkQueue.take(ScheduledThreadPoolExecutor.java:1088)&#10;        at java.util.concurrent.ScheduledThreadPoolExecutor$DelayedWorkQueue.take(ScheduledThreadPoolExecutor.java:809)&#10;        at java.util.concurrent.ThreadPoolExecutor.getTask(ThreadPoolExecutor.java:1074)&#10;        at java.util.concurrent.ThreadPoolExecutor.runWorker(ThreadPoolExecutor.java:1134)&#10;        at java.util.concurrent.ThreadPoolExecutor$Worker.run(ThreadPoolExecutor.java:624)&#10;        at java.lang.Thread.run(Thread.java:748)&#10;&quot;pool-238-thread-23&quot;  prio=5 tid=2820 in Object.wait()&#10;java.lang.Thread.State: WAITING (on object monitor)&#10;        at sun.misc.Unsafe.park(Native Method)&#10;        at java.util.concurrent.locks.LockSupport.park(LockSupport.java:175)&#10;        at java.util.concurrent.locks.AbstractQueuedSynchronizer$ConditionObject.await(AbstractQueuedSynchronizer.java:2039)&#10;        at java.util.concurrent.ArrayBlockingQueue.take(ArrayBlockingQueue.java:403)&#10;        at java.util.concurrent.ThreadPoolExecutor.getTask(ThreadPoolExecutor.java:1074)&#10;        at java.util.concurrent.ThreadPoolExecutor.runWorker(ThreadPoolExecutor.java:1134)&#10;        at java.util.concurrent.ThreadPoolExecutor$Worker.run(ThreadPoolExecutor.java:624)&#10;        at java.lang.Thread.run(Thread.java:748)&#10;&quot;BlockDeletingService#1&quot; daemon prio=5 tid=2611 in Object.wait()&#10;java.lang.Thread.State: WAITING (on object monitor)&#10;        at sun.misc.Unsafe.park(Native Method)&#10;        at java.util.concurrent.locks.LockSupport.park(LockSupport.java:175)&#10;        at java.util.concurrent.locks.AbstractQueuedSynchronizer$ConditionObject.await(AbstractQueuedSynchronizer.java:2039)&#10;        at java.util.concurrent.ScheduledThreadPoolExecutor$DelayedWorkQueue.take(ScheduledThreadPoolExecutor.java:1088)&#10;        at java.util.concurrent.ScheduledThreadPoolExecutor$DelayedWorkQueue.take(ScheduledThreadPoolExecutor.java:809)&#10;        at java.util.concurrent.ThreadPoolExecutor.getTask(ThreadPoolExecutor.java:1074)&#10;        at java.util.concurrent.ThreadPoolExecutor.runWorker(ThreadPoolExecutor.java:1134)&#10;        at java.util.concurrent.ThreadPoolExecutor$Worker.run(ThreadPoolExecutor.java:624)&#10;        at java.lang.Thread.run(Thread.java:748)&#10;&quot;qtp1553544410-2009&quot; daemon prio=5 tid=2009 timed_waiting&#10;java.lang.Thread.State: TIMED_WAITING&#10;        at sun.misc.Unsafe.park(Native Method)&#10;        at java.util.concurrent.locks.LockSupport.parkNanos(LockSupport.java:215)&#10;        at java.util.concurrent.locks.AbstractQueuedSynchronizer$ConditionObject.awaitNanos(AbstractQueuedSynchronizer.java:2078)&#10;        at org.eclipse.jetty.util.BlockingArrayQueue.poll(BlockingArrayQueue.java:392)&#10;        at org.eclipse.jetty.util.thread.QueuedThreadPool.idleJobPoll(QueuedThreadPool.java:563)&#10;        at org.eclipse.jetty.util.thread.QueuedThreadPool.access$800(QueuedThreadPool.java:48)&#10;        at org.eclipse.jetty.util.thread.QueuedThreadPool$2.run(QueuedThreadPool.java:626)&#10;        at java.lang.Thread.run(Thread.java:748)&#10;&quot;pool-156-thread-1&quot; daemon prio=5 tid=2000 timed_waiting&#10;java.lang.Thread.State: TIMED_WAITING&#10;        at sun.misc.Unsafe.park(Native Method)&#10;        at java.util.concurrent.locks.LockSupport.parkNanos(LockSupport.java:215)&#10;        at java.util.concurrent.locks.AbstractQueuedSynchronizer$ConditionObject.awaitNanos(AbstractQueuedSynchronizer.java:2078)&#10;        at java.util.concurrent.ScheduledThreadPoolExecutor$DelayedWorkQueue.take(ScheduledThreadPoolExecutor.java:1093)&#10;        at java.util.concurrent.ScheduledThreadPoolExecutor$DelayedWorkQueue.take(ScheduledThreadPoolExecutor.java:809)&#10;        at java.util.concurrent.ThreadPoolExecutor.getTask(ThreadPoolExecutor.java:1074)&#10;        at java.util.concurrent.ThreadPoolExecutor.runWorker(ThreadPoolExecutor.java:1134)&#10;        at java.util.concurrent.ThreadPoolExecutor$Worker.run(ThreadPoolExecutor.java:624)&#10;        at java.lang.Thread.run(Thread.java:748)&#10;&quot;pool-158-thread-46&quot;  prio=5 tid=2347 in Object.wait()&#10;java.lang.Thread.State: WAITING (on object monitor)&#10;        at sun.misc.Unsafe.park(Native Method)&#10;        at java.util.concurrent.locks.LockSupport.park(LockSupport.java:175)&#10;        at java.util.concurrent.locks.AbstractQueuedSynchronizer$ConditionObject.await(AbstractQueuedSynchronizer.java:2039)&#10;        at java.util.concurrent.ArrayBlockingQueue.take(ArrayBlockingQueue.java:403)&#10;        at java.util.concurrent.ThreadPoolExecutor.getTask(ThreadPoolExecutor.java:1074)&#10;        at java.util.concurrent.ThreadPoolExecutor.runWorker(ThreadPoolExecutor.java:1134)&#10;        at java.util.concurrent.ThreadPoolExecutor$Worker.run(ThreadPoolExecutor.java:624)&#10;        at java.lang.Thread.run(Thread.java:748)&#10;&quot;qtp1553544410-2010&quot; daemon prio=5 tid=2010 timed_waiting&#10;java.lang.Thread.State: TIMED_WAITING&#10;        at sun.misc.Unsafe.park(Native Method)&#10;        at java.util.concurrent.locks.LockSupport.parkNanos(LockSupport.java:215)&#10;        at java.util.concurrent.locks.AbstractQueuedSynchronizer$ConditionObject.awaitNanos(AbstractQueuedSynchronizer.java:2078)&#10;        at org.eclipse.jetty.util.BlockingArrayQueue.poll(BlockingArrayQueue.java:392)&#10;        at org.eclipse.jetty.util.thread.QueuedThreadPool.idleJobPoll(QueuedThreadPool.java:563)&#10;        at org.eclipse.jetty.util.thread.QueuedThreadPool.access$800(QueuedThreadPool.java:48)&#10;        at org.eclipse.jetty.util.thread.QueuedThreadPool$2.run(QueuedThreadPool.java:626)&#10;        at java.lang.Thread.run(Thread.java:748)&#10;&quot;pool-162-thread-1&quot;  prio=5 tid=2002 timed_waiting&#10;java.lang.Thread.State: TIMED_WAITING&#10;        at sun.misc.Unsafe.park(Native Method)&#10;        at java.util.concurrent.locks.LockSupport.parkNanos(LockSupport.java:215)&#10;        at java.util.concurrent.locks.AbstractQueuedSynchronizer$ConditionObject.awaitNanos(AbstractQueuedSynchronizer.java:2078)&#10;        at java.util.concurrent.ScheduledThreadPoolExecutor$DelayedWorkQueue.take(ScheduledThreadPoolExecutor.java:1093)&#10;        at java.util.concurrent.ScheduledThreadPoolExecutor$DelayedWorkQueue.take(ScheduledThreadPoolExecutor.java:809)&#10;        at java.util.concurrent.ThreadPoolExecutor.getTask(ThreadPoolExecutor.java:1074)&#10;        at java.util.concurrent.ThreadPoolExecutor.runWorker(ThreadPoolExecutor.java:1134)&#10;        at java.util.concurrent.ThreadPoolExecutor$Worker.run(ThreadPoolExecutor.java:624)&#10;        at java.lang.Thread.run(Thread.java:748)&#10;&quot;pool-198-thread-1&quot;  prio=5 tid=2550 in Object.wait()&#10;java.lang.Thread.State: WAITING (on object monitor)&#10;        at sun.misc.Unsafe.park(Native Method)&#10;        at java.util.concurrent.locks.LockSupport.park(LockSupport.java:175)&#10;        at java.util.concurrent.locks.AbstractQueuedSynchronizer$ConditionObject.await(AbstractQueuedSynchronizer.java:2039)&#10;        at java.util.concurrent.ArrayBlockingQueue.take(ArrayBlockingQueue.java:403)&#10;        at java.util.concurrent.ThreadPoolExecutor.getTask(ThreadPoolExecutor.java:1074)&#10;        at java.util.concurrent.ThreadPoolExecutor.runWorker(ThreadPoolExecutor.java:1134)&#10;        at java.util.concurrent.ThreadPoolExecutor$Worker.run(ThreadPoolExecutor.java:624)&#10;        at java.lang.Thread.run(Thread.java:748)&#10;&quot;PartialTableCache Cleanup Thread - 0&quot; daemon prio=5 tid=3033 in Object.wait()&#10;java.lang.Thread.State: WAITING (on object monitor)&#10;        at sun.misc.Unsafe.park(Native Method)&#10;        at java.util.concurrent.locks.LockSupport.park(LockSupport.java:175)&#10;        at java.util.concurrent.locks.AbstractQueuedSynchronizer$ConditionObject.await(AbstractQueuedSynchronizer.java:2039)&#10;        at java.util.concurrent.LinkedBlockingQueue.take(LinkedBlockingQueue.java:442)&#10;        at java.util.concurrent.ThreadPoolExecutor.getTask(ThreadPoolExecutor.java:1074)&#10;        at java.util.concurrent.ThreadPoolExecutor.runWorker(ThreadPoolExecutor.java:1134)&#10;        at java.util.concurrent.ThreadPoolExecutor$Worker.run(ThreadPoolExecutor.java:624)&#10;        at java.lang.Thread.run(Thread.java:748)&#10;&quot;IPC Server handler 8 on 45554&quot; daemon prio=5 tid=1943 timed_waiting&#10;java.lang.Thread.State: TIMED_WAITING&#10;        at sun.misc.Unsafe.park(Native Method)&#10;        at java.util.concurrent.locks.LockSupport.parkNanos(LockSupport.java:215)&#10;        at java.util.concurrent.locks.AbstractQueuedSynchronizer$ConditionObject.awaitNanos(AbstractQueuedSynchronizer.java:2078)&#10;        at java.util.concurrent.LinkedBlockingQueue.poll(LinkedBlockingQueue.java:467)&#10;        at org.apache.hadoop.ipc.CallQueueManager.take(CallQueueManager.java:288)&#10;        at org.apache.hadoop.ipc.Server$Handler.run(Server.java:2668)&#10;&quot;pool-158-thread-23&quot;  prio=5 tid=2324 in Object.wait()&#10;java.lang.Thread.State: WAITING (on object monitor)&#10;        at sun.misc.Unsafe.park(Native Method)&#10;        at java.util.concurrent.locks.LockSupport.park(LockSupport.java:175)&#10;        at java.util.concurrent.locks.AbstractQueuedSynchronizer$ConditionObject.await(AbstractQueuedSynchronizer.java:2039)&#10;        at java.util.concurrent.ArrayBlockingQueue.take(ArrayBlockingQueue.java:403)&#10;        at java.util.concurrent.ThreadPoolExecutor.getTask(ThreadPoolExecutor.java:1074)&#10;        at java.util.concurrent.ThreadPoolExecutor.runWorker(ThreadPoolExecutor.java:1134)&#10;        at java.util.concurrent.ThreadPoolExecutor$Worker.run(ThreadPoolExecutor.java:624)&#10;        at java.lang.Thread.run(Thread.java:748)&#10;&quot;pool-148-thread-43&quot;  prio=5 tid=2281 in Object.wait()&#10;java.lang.Thread.State: WAITING (on object monitor)&#10;        at sun.misc.Unsafe.park(Native Method)&#10;        at java.util.concurrent.locks.LockSupport.park(LockSupport.java:175)&#10;        at java.util.concurrent.locks.AbstractQueuedSynchronizer$ConditionObject.await(AbstractQueuedSynchronizer.java:2039)&#10;        at java.util.concurrent.ArrayBlockingQueue.take(ArrayBlockingQueue.java:403)&#10;        at java.util.concurrent.ThreadPoolExecutor.getTask(ThreadPoolExecutor.java:1074)&#10;        at java.util.concurrent.ThreadPoolExecutor.runWorker(ThreadPoolExecutor.java:1134)&#10;        at java.util.concurrent.ThreadPoolExecutor$Worker.run(ThreadPoolExecutor.java:624)&#10;        at java.lang.Thread.run(Thread.java:748)&#10;&quot;pool-236-thread-1&quot; daemon prio=5 tid=2216 timed_waiting&#10;java.lang.Thread.State: TIMED_WAITING&#10;        at sun.misc.Unsafe.park(Native Method)&#10;        at java.util.concurrent.locks.LockSupport.parkNanos(LockSupport.java:215)&#10;        at java.util.concurrent.locks.AbstractQueuedSynchronizer$ConditionObject.awaitNanos(AbstractQueuedSynchronizer.java:2078)&#10;        at java.util.concurrent.ScheduledThreadPoolExecutor$DelayedWorkQueue.take(ScheduledThreadPoolExecutor.java:1093)&#10;        at java.util.concurrent.ScheduledThreadPoolExecutor$DelayedWorkQueue.take(ScheduledThreadPoolExecutor.java:809)&#10;        at java.util.concurrent.ThreadPoolExecutor.getTask(ThreadPoolExecutor.java:1074)&#10;        at java.util.concurrent.ThreadPoolExecutor.runWorker(ThreadPoolExecutor.java:1134)&#10;        at java.util.concurrent.ThreadPoolExecutor$Worker.run(ThreadPoolExecutor.java:624)&#10;        at java.lang.Thread.run(Thread.java:748)&#10;&quot;pool-218-thread-49&quot;  prio=5 tid=2722 in Object.wait()&#10;java.lang.Thread.State: WAITING (on object monitor)&#10;        at sun.misc.Unsafe.park(Native Method)&#10;        at java.util.concurrent.locks.LockSupport.park(LockSupport.java:175)&#10;        at java.util.concurrent.locks.AbstractQueuedSynchronizer$ConditionObject.await(AbstractQueuedSynchronizer.java:2039)&#10;        at java.util.concurrent.ArrayBlockingQueue.take(ArrayBlockingQueue.java:403)&#10;        at java.util.concurrent.ThreadPoolExecutor.getTask(ThreadPoolExecutor.java:1074)&#10;        at java.util.concurrent.ThreadPoolExecutor.runWorker(ThreadPoolExecutor.java:1134)&#10;        at java.util.concurrent.ThreadPoolExecutor$Worker.run(ThreadPoolExecutor.java:624)&#10;        at java.lang.Thread.run(Thread.java:748)&#10;&quot;pool-158-thread-33&quot;  prio=5 tid=2334 in Object.wait()&#10;java.lang.Thread.State: WAITING (on object monitor)&#10;        at sun.misc.Unsafe.park(Native Method)&#10;        at java.util.concurrent.locks.LockSupport.park(LockSupport.java:175)&#10;        at java.util.concurrent.locks.AbstractQueuedSynchronizer$ConditionObject.await(AbstractQueuedSynchronizer.java:2039)&#10;        at java.util.concurrent.ArrayBlockingQueue.take(ArrayBlockingQueue.java:403)&#10;        at java.util.concurrent.ThreadPoolExecutor.getTask(ThreadPoolExecutor.java:1074)&#10;        at java.util.concurrent.ThreadPoolExecutor.runWorker(ThreadPoolExecutor.java:1134)&#10;        at java.util.concurrent.ThreadPoolExecutor$Worker.run(ThreadPoolExecutor.java:624)&#10;        at java.lang.Thread.run(Thread.java:748)&#10;&quot;Datanode ReportManager Thread - 0&quot; daemon prio=5 tid=2231 timed_waiting&#10;java.lang.Thread.State: TIMED_WAITING&#10;        at sun.misc.Unsafe.park(Native Method)&#10;        at java.util.concurrent.locks.LockSupport.parkNanos(LockSupport.java:215)&#10;        at java.util.concurrent.locks.AbstractQueuedSynchronizer$ConditionObject.awaitNanos(AbstractQueuedSynchronizer.java:2078)&#10;        at java.util.concurrent.ScheduledThreadPoolExecutor$DelayedWorkQueue.take(ScheduledThreadPoolExecutor.java:1093)&#10;        at java.util.concurrent.ScheduledThreadPoolExecutor$DelayedWorkQueue.take(ScheduledThreadPoolExecutor.java:809)&#10;        at java.util.concurrent.ThreadPoolExecutor.getTask(ThreadPoolExecutor.java:1074)&#10;        at java.util.concurrent.ThreadPoolExecutor.runWorker(ThreadPoolExecutor.java:1134)&#10;        at java.util.concurrent.ThreadPoolExecutor$Worker.run(ThreadPoolExecutor.java:624)&#10;        at java.lang.Thread.run(Thread.java:748)&#10;&quot;refreshUsed-/workdir/hadoop-ozone/integration-test/target/test-dir/MiniOzoneClusterImpl-6b3e2517-75a7-4dd9-8054-0b12e404e591/datanode-2/data/containers&quot; daemon prio=5 tid=2025 timed_waiting&#10;java.lang.Thread.State: TIMED_WAITING&#10;        at java.lang.Thread.sleep(Native Method)&#10;        at org.apache.hadoop.fs.CachingGetSpaceUsed$RefreshThread.run(CachingGetSpaceUsed.java:179)&#10;        at java.lang.Thread.run(Thread.java:748)&#10;&quot;IPC Server handler 8 on 42444&quot; daemon prio=5 tid=1900 timed_waiting&#10;java.lang.Thread.State: TIMED_WAITING&#10;        at sun.misc.Unsafe.park(Native Method)&#10;        at java.util.concurrent.locks.LockSupport.parkNanos(LockSupport.java:215)&#10;        at java.util.concurrent.locks.AbstractQueuedSynchronizer$ConditionObject.awaitNanos(AbstractQueuedSynchronizer.java:2078)&#10;        at java.util.concurrent.LinkedBlockingQueue.poll(LinkedBlockingQueue.java:467)&#10;        at org.apache.hadoop.ipc.CallQueueManager.take(CallQueueManager.java:288)&#10;        at org.apache.hadoop.ipc.Server$Handler.run(Server.java:2668)&#10;&quot;PartialTableCache Cleanup Thread - 0&quot; daemon prio=5 tid=3035 in Object.wait()&#10;java.lang.Thread.State: WAITING (on object monitor)&#10;        at sun.misc.Unsafe.park(Native Method)&#10;        at java.util.concurrent.locks.LockSupport.park(LockSupport.java:175)&#10;        at java.util.concurrent.locks.AbstractQueuedSynchronizer$ConditionObject.await(AbstractQueuedSynchronizer.java:2039)&#10;        at java.util.concurrent.LinkedBlockingQueue.take(LinkedBlockingQueue.java:442)&#10;        at java.util.concurrent.ThreadPoolExecutor.getTask(ThreadPoolExecutor.java:1074)&#10;        at java.util.concurrent.ThreadPoolExecutor.runWorker(ThreadPoolExecutor.java:1134)&#10;        at java.util.concurrent.ThreadPoolExecutor$Worker.run(ThreadPoolExecutor.java:624)&#10;        at java.lang.Thread.run(Thread.java:748)&#10;&quot;pool-198-thread-9&quot;  prio=5 tid=2558 in Object.wait()&#10;java.lang.Thread.State: WAITING (on object monitor)&#10;        at sun.misc.Unsafe.park(Native Method)&#10;        at java.util.concurrent.locks.LockSupport.park(LockSupport.java:175)&#10;        at java.util.concurrent.locks.AbstractQueuedSynchronizer$ConditionObject.await(AbstractQueuedSynchronizer.java:2039)&#10;        at java.util.concurrent.ArrayBlockingQueue.take(ArrayBlockingQueue.java:403)&#10;        at java.util.concurrent.ThreadPoolExecutor.getTask(ThreadPoolExecutor.java:1074)&#10;        at java.util.concurrent.ThreadPoolExecutor.runWorker(ThreadPoolExecutor.java:1134)&#10;        at java.util.concurrent.ThreadPoolExecutor$Worker.run(ThreadPoolExecutor.java:624)&#10;        at java.lang.Thread.run(Thread.java:748)&#10;&quot;qtp1768471788-2035&quot; daemon prio=5 tid=2035 timed_waiting&#10;java.lang.Thread.State: TIMED_WAITING&#10;        at sun.misc.Unsafe.park(Native Method)&#10;        at java.util.concurrent.locks.LockSupport.parkNanos(LockSupport.java:215)&#10;        at java.util.concurrent.locks.AbstractQueuedSynchronizer$ConditionObject.awaitNanos(AbstractQueuedSynchronizer.java:2078)&#10;        at org.eclipse.jetty.util.BlockingArrayQueue.poll(BlockingArrayQueue.java:392)&#10;        at org.eclipse.jetty.util.thread.QueuedThreadPool.idleJobPoll(QueuedThreadPool.java:563)&#10;        at org.eclipse.jetty.util.thread.QueuedThreadPool.access$800(QueuedThreadPool.java:48)&#10;        at org.eclipse.jetty.util.thread.QueuedThreadPool$2.run(QueuedThreadPool.java:626)&#10;        at java.lang.Thread.run(Thread.java:748)&#10;&quot;qtp1404150776-1977&quot; daemon prio=5 tid=1977 timed_waiting&#10;java.lang.Thread.State: TIMED_WAITING&#10;        at sun.misc.Unsafe.park(Native Method)&#10;        at java.util.concurrent.locks.LockSupport.parkNanos(LockSupport.java:215)&#10;        at java.util.concurrent.locks.AbstractQueuedSynchronizer$ConditionObject.awaitNanos(AbstractQueuedSynchronizer.java:2078)&#10;        at org.eclipse.jetty.util.BlockingArrayQueue.poll(BlockingArrayQueue.java:392)&#10;        at org.eclipse.jetty.util.thread.QueuedThreadPool.idleJobPoll(QueuedThreadPool.java:563)&#10;        at org.eclipse.jetty.util.thread.QueuedThreadPool.access$800(QueuedThreadPool.java:48)&#10;        at org.eclipse.jetty.util.thread.QueuedThreadPool$2.run(QueuedThreadPool.java:626)&#10;        at java.lang.Thread.run(Thread.java:748)&#10;&quot;pool-228-thread-16&quot;  prio=5 tid=2751 in Object.wait()&#10;java.lang.Thread.State: WAITING (on object monitor)&#10;        at sun.misc.Unsafe.park(Native Method)&#10;        at java.util.concurrent.locks.LockSupport.park(LockSupport.java:175)&#10;        at java.util.concurrent.locks.AbstractQueuedSynchronizer$ConditionObject.await(AbstractQueuedSynchronizer.java:2039)&#10;        at java.util.concurrent.ArrayBlockingQueue.take(ArrayBlockingQueue.java:403)&#10;        at java.util.concurrent.ThreadPoolExecutor.getTask(ThreadPoolExecutor.java:1074)&#10;        at java.util.concurrent.ThreadPoolExecutor.runWorker(ThreadPoolExecutor.java:1134)&#10;        at java.util.concurrent.ThreadPoolExecutor$Worker.run(ThreadPoolExecutor.java:624)&#10;        at java.lang.Thread.run(Thread.java:748)&#10;&quot;pool-218-thread-40&quot;  prio=5 tid=2713 in Object.wait()&#10;java.lang.Thread.State: WAITING (on object monitor)&#10;        at sun.misc.Unsafe.park(Native Method)&#10;        at java.util.concurrent.locks.LockSupport.park(LockSupport.java:175)&#10;        at java.util.concurrent.locks.AbstractQueuedSynchronizer$ConditionObject.await(AbstractQueuedSynchronizer.java:2039)&#10;        at java.util.concurrent.ArrayBlockingQueue.take(ArrayBlockingQueue.java:403)&#10;        at java.util.concurrent.ThreadPoolExecutor.getTask(ThreadPoolExecutor.java:1074)&#10;        at java.util.concurrent.ThreadPoolExecutor.runWorker(ThreadPoolExecutor.java:1134)&#10;        at java.util.concurrent.ThreadPoolExecutor$Worker.run(ThreadPoolExecutor.java:624)&#10;        at java.lang.Thread.run(Thread.java:748)&#10;&quot;qtp81705968-2064&quot; daemon prio=5 tid=2064 timed_waiting&#10;java.lang.Thread.State: TIMED_WAITING&#10;        at sun.misc.Unsafe.park(Native Method)&#10;        at java.util.concurrent.locks.LockSupport.parkNanos(LockSupport.java:215)&#10;        at java.util.concurrent.locks.AbstractQueuedSynchronizer$ConditionObject.awaitNanos(AbstractQueuedSynchronizer.java:2078)&#10;        at org.eclipse.jetty.util.BlockingArrayQueue.poll(BlockingArrayQueue.java:392)&#10;        at org.eclipse.jetty.util.thread.QueuedThreadPool.idleJobPoll(QueuedThreadPool.java:563)&#10;        at org.eclipse.jetty.util.thread.QueuedThreadPool.access$800(QueuedThreadPool.java:48)&#10;        at org.eclipse.jetty.util.thread.QueuedThreadPool$2.run(QueuedThreadPool.java:626)&#10;        at java.lang.Thread.run(Thread.java:748)&#10;&quot;pool-178-thread-13&quot;  prio=5 tid=2438 in Object.wait()&#10;java.lang.Thread.State: WAITING (on object monitor)&#10;        at sun.misc.Unsafe.park(Native Method)&#10;        at java.util.concurrent.locks.LockSupport.park(LockSupport.java:175)&#10;        at java.util.concurrent.locks.AbstractQueuedSynchronizer$ConditionObject.await(AbstractQueuedSynchronizer.java:2039)&#10;        at java.util.concurrent.ArrayBlockingQueue.take(ArrayBlockingQueue.java:403)&#10;        at java.util.concurrent.ThreadPoolExecutor.getTask(ThreadPoolExecutor.java:1074)&#10;        at java.util.concurrent.ThreadPoolExecutor.runWorker(ThreadPoolExecutor.java:1134)&#10;        at java.util.concurrent.ThreadPoolExecutor$Worker.run(ThreadPoolExecutor.java:624)&#10;        at java.lang.Thread.run(Thread.java:748)&#10;&quot;pool-158-thread-56&quot;  prio=5 tid=2357 in Object.wait()&#10;java.lang.Thread.State: WAITING (on object monitor)&#10;        at sun.misc.Unsafe.park(Native Method)&#10;        at java.util.concurrent.locks.LockSupport.park(LockSupport.java:175)&#10;        at java.util.concurrent.locks.AbstractQueuedSynchronizer$ConditionObject.await(AbstractQueuedSynchronizer.java:2039)&#10;        at java.util.concurrent.ArrayBlockingQueue.take(ArrayBlockingQueue.java:403)&#10;        at java.util.concurrent.ThreadPoolExecutor.getTask(ThreadPoolExecutor.java:1074)&#10;        at java.util.concurrent.ThreadPoolExecutor.runWorker(ThreadPoolExecutor.java:1134)&#10;        at java.util.concurrent.ThreadPoolExecutor$Worker.run(ThreadPoolExecutor.java:624)&#10;        at java.lang.Thread.run(Thread.java:748)&#10;&quot;pool-168-thread-49&quot;  prio=5 tid=2412 in Object.wait()&#10;java.lang.Thread.State: WAITING (on object monitor)&#10;        at sun.misc.Unsafe.park(Native Method)&#10;        at java.util.concurrent.locks.LockSupport.park(LockSupport.java:175)&#10;        at java.util.concurrent.locks.AbstractQueuedSynchronizer$ConditionObject.await(AbstractQueuedSynchronizer.java:2039)&#10;        at java.util.concurrent.ArrayBlockingQueue.take(ArrayBlockingQueue.java:403)&#10;        at java.util.concurrent.ThreadPoolExecutor.getTask(ThreadPoolExecutor.java:1074)&#10;        at java.util.concurrent.ThreadPoolExecutor.runWorker(ThreadPoolExecutor.java:1134)&#10;        at java.util.concurrent.ThreadPoolExecutor$Worker.run(ThreadPoolExecutor.java:624)&#10;        at java.lang.Thread.run(Thread.java:748)&#10;&quot;pool-238-thread-6&quot;  prio=5 tid=2803 in Object.wait()&#10;java.lang.Thread.State: WAITING (on object monitor)&#10;        at sun.misc.Unsafe.park(Native Method)&#10;        at java.util.concurrent.locks.LockSupport.park(LockSupport.java:175)&#10;        at java.util.concurrent.locks.AbstractQueuedSynchronizer$ConditionObject.await(AbstractQueuedSynchronizer.java:2039)&#10;        at java.util.concurrent.ArrayBlockingQueue.take(ArrayBlockingQueue.java:403)&#10;        at java.util.concurrent.ThreadPoolExecutor.getTask(ThreadPoolExecutor.java:1074)&#10;        at java.util.concurrent.ThreadPoolExecutor.runWorker(ThreadPoolExecutor.java:1134)&#10;        at java.util.concurrent.ThreadPoolExecutor$Worker.run(ThreadPoolExecutor.java:624)&#10;        at java.lang.Thread.run(Thread.java:748)&#10;&quot;pool-178-thread-60&quot;  prio=5 tid=2485 in Object.wait()&#10;java.lang.Thread.State: WAITING (on object monitor)&#10;        at sun.misc.Unsafe.park(Native Method)&#10;        at java.util.concurrent.locks.LockSupport.park(LockSupport.java:175)&#10;        at java.util.concurrent.locks.AbstractQueuedSynchronizer$ConditionObject.await(AbstractQueuedSynchronizer.java:2039)&#10;        at java.util.concurrent.ArrayBlockingQueue.take(ArrayBlockingQueue.java:403)&#10;        at java.util.concurrent.ThreadPoolExecutor.getTask(ThreadPoolExecutor.java:1074)&#10;        at java.util.concurrent.ThreadPoolExecutor.runWorker(ThreadPoolExecutor.java:1134)&#10;        at java.util.concurrent.ThreadPoolExecutor$Worker.run(ThreadPoolExecutor.java:624)&#10;        at java.lang.Thread.run(Thread.java:748)&#10;&quot;pool-158-thread-47&quot;  prio=5 tid=2348 in Object.wait()&#10;java.lang.Thread.State: WAITING (on object monitor)&#10;        at sun.misc.Unsafe.park(Native Method)&#10;        at java.util.concurrent.locks.LockSupport.park(LockSupport.java:175)&#10;        at java.util.concurrent.locks.AbstractQueuedSynchronizer$ConditionObject.await(AbstractQueuedSynchronizer.java:2039)&#10;        at java.util.concurrent.ArrayBlockingQueue.take(ArrayBlockingQueue.java:403)&#10;        at java.util.concurrent.ThreadPoolExecutor.getTask(ThreadPoolExecutor.java:1074)&#10;        at java.util.concurrent.ThreadPoolExecutor.runWorker(ThreadPoolExecutor.java:1134)&#10;        at java.util.concurrent.ThreadPoolExecutor$Worker.run(ThreadPoolExecutor.java:624)&#10;        at java.lang.Thread.run(Thread.java:748)&#10;&quot;pool-188-thread-48&quot;  prio=5 tid=2535 in Object.wait()&#10;java.lang.Thread.State: WAITING (on object monitor)&#10;        at sun.misc.Unsafe.park(Native Method)&#10;        at java.util.concurrent.locks.LockSupport.park(LockSupport.java:175)&#10;        at java.util.concurrent.locks.AbstractQueuedSynchronizer$ConditionObject.await(AbstractQueuedSynchronizer.java:2039)&#10;        at java.util.concurrent.ArrayBlockingQueue.take(ArrayBlockingQueue.java:403)&#10;        at java.util.concurrent.ThreadPoolExecutor.getTask(ThreadPoolExecutor.java:1074)&#10;        at java.util.concurrent.ThreadPoolExecutor.runWorker(ThreadPoolExecutor.java:1134)&#10;        at java.util.concurrent.ThreadPoolExecutor$Worker.run(ThreadPoolExecutor.java:624)&#10;        at java.lang.Thread.run(Thread.java:748)&#10;&quot;PartialTableCache Cleanup Thread - 0&quot; daemon prio=5 tid=3037 in Object.wait()&#10;java.lang.Thread.State: WAITING (on object monitor)&#10;        at sun.misc.Unsafe.park(Native Method)&#10;        at java.util.concurrent.locks.LockSupport.park(LockSupport.java:175)&#10;        at java.util.concurrent.locks.AbstractQueuedSynchronizer$ConditionObject.await(AbstractQueuedSynchronizer.java:2039)&#10;        at java.util.concurrent.LinkedBlockingQueue.take(LinkedBlockingQueue.java:442)&#10;        at java.util.concurrent.ThreadPoolExecutor.getTask(ThreadPoolExecutor.java:1074)&#10;        at java.util.concurrent.ThreadPoolExecutor.runWorker(ThreadPoolExecutor.java:1134)&#10;        at java.util.concurrent.ThreadPoolExecutor$Worker.run(ThreadPoolExecutor.java:624)&#10;        at java.lang.Thread.run(Thread.java:748)&#10;&quot;org.eclipse.jetty.server.session.HashSessionManager@20580d4eTimer&quot; daemon prio=5 tid=2146 timed_waiting&#10;java.lang.Thread.State: TIMED_WAITING&#10;        at sun.misc.Unsafe.park(Native Method)&#10;        at java.util.concurrent.locks.LockSupport.parkNanos(LockSupport.java:215)&#10;        at java.util.concurrent.locks.AbstractQueuedSynchronizer$ConditionObject.awaitNanos(AbstractQueuedSynchronizer.java:2078)&#10;        at java.util.concurrent.ScheduledThreadPoolExecutor$DelayedWorkQueue.take(ScheduledThreadPoolExecutor.java:1093)&#10;        at java.util.concurrent.ScheduledThreadPoolExecutor$DelayedWorkQueue.take(ScheduledThreadPoolExecutor.java:809)&#10;        at java.util.concurrent.ThreadPoolExecutor.getTask(ThreadPoolExecutor.java:1074)&#10;        at java.util.concurrent.ThreadPoolExecutor.runWorker(ThreadPoolExecutor.java:1134)&#10;        at java.util.concurrent.ThreadPoolExecutor$Worker.run(ThreadPoolExecutor.java:624)&#10;        at java.lang.Thread.run(Thread.java:748)&#10;&quot;IPC Server handler 1 on 43737&quot; daemon prio=5 tid=1873 timed_waiting&#10;java.lang.Thread.State: TIMED_WAITING&#10;        at sun.misc.Unsafe.park(Native Method)&#10;        at java.util.concurrent.locks.LockSupport.parkNanos(LockSupport.java:215)&#10;        at java.util.concurrent.locks.AbstractQueuedSynchronizer$ConditionObject.awaitNanos(AbstractQueuedSynchronizer.java:2078)&#10;        at java.util.concurrent.LinkedBlockingQueue.poll(LinkedBlockingQueue.java:467)&#10;        at org.apache.hadoop.ipc.CallQueueManager.take(CallQueueManager.java:288)&#10;        at org.apache.hadoop.ipc.Server$Handler.run(Server.java:2668)&#10;&quot;qtp81705968-2061&quot; daemon prio=5 tid=2061 timed_waiting&#10;java.lang.Thread.State: TIMED_WAITING&#10;        at sun.misc.Unsafe.park(Native Method)&#10;        at java.util.concurrent.locks.LockSupport.parkNanos(LockSupport.java:215)&#10;        at java.util.concurrent.locks.AbstractQueuedSynchronizer$ConditionObject.awaitNanos(AbstractQueuedSynchronizer.java:2078)&#10;        at org.eclipse.jetty.util.BlockingArrayQueue.poll(BlockingArrayQueue.java:392)&#10;        at org.eclipse.jetty.util.thread.QueuedThreadPool.idleJobPoll(QueuedThreadPool.java:563)&#10;        at org.eclipse.jetty.util.thread.QueuedThreadPool.access$800(QueuedThreadPool.java:48)&#10;        at org.eclipse.jetty.util.thread.QueuedThreadPool$2.run(QueuedThreadPool.java:626)&#10;        at java.lang.Thread.run(Thread.java:748)&#10;&quot;org.eclipse.jetty.server.session.HashSessionManager@25a7fedfTimer&quot; daemon prio=5 tid=2094 timed_waiting&#10;java.lang.Thread.State: TIMED_WAITING&#10;        at sun.misc.Unsafe.park(Native Method)&#10;        at java.util.concurrent.locks.LockSupport.parkNanos(LockSupport.java:215)&#10;        at java.util.concurrent.locks.AbstractQueuedSynchronizer$ConditionObject.awaitNanos(AbstractQueuedSynchronizer.java:2078)&#10;        at java.util.concurrent.ScheduledThreadPoolExecutor$DelayedWorkQueue.take(ScheduledThreadPoolExecutor.java:1093)&#10;        at java.util.concurrent.ScheduledThreadPoolExecutor$DelayedWorkQueue.take(ScheduledThreadPoolExecutor.java:809)&#10;        at java.util.concurrent.ThreadPoolExecutor.getTask(ThreadPoolExecutor.java:1074)&#10;        at java.util.concurrent.ThreadPoolExecutor.runWorker(ThreadPoolExecutor.java:1134)&#10;        at java.util.concurrent.ThreadPoolExecutor$Worker.run(ThreadPoolExecutor.java:624)&#10;        at java.lang.Thread.run(Thread.java:748)&#10;&quot;Datanode ReportManager Thread - 2&quot; daemon prio=5 tid=200 in Object.wait()&#10;java.lang.Thread.State: WAITING (on object monitor)&#10;        at sun.misc.Unsafe.park(Native Method)&#10;        at java.util.concurrent.locks.LockSupport.park(LockSupport.java:175)&#10;        at java.util.concurrent.locks.AbstractQueuedSynchronizer$ConditionObject.await(AbstractQueuedSynchronizer.java:2039)&#10;        at java.util.concurrent.ScheduledThreadPoolExecutor$DelayedWorkQueue.take(ScheduledThreadPoolExecutor.java:1088)&#10;        at java.util.concurrent.ScheduledThreadPoolExecutor$DelayedWorkQueue.take(ScheduledThreadPoolExecutor.java:809)&#10;        at java.util.concurrent.ThreadPoolExecutor.getTask(ThreadPoolExecutor.java:1074)&#10;        at java.util.concurrent.ThreadPoolExecutor.runWorker(ThreadPoolExecutor.java:1134)&#10;        at java.util.concurrent.ThreadPoolExecutor$Worker.run(ThreadPoolExecutor.java:624)&#10;        at java.lang.Thread.run(Thread.java:748)&#10;&quot;pool-238-thread-2&quot;  prio=5 tid=2799 in Object.wait()&#10;java.lang.Thread.State: WAITING (on object monitor)&#10;        at sun.misc.Unsafe.park(Native Method)&#10;        at java.util.concurrent.locks.LockSupport.park(LockSupport.java:175)&#10;        at java.util.concurrent.locks.AbstractQueuedSynchronizer$ConditionObject.await(AbstractQueuedSynchronizer.java:2039)&#10;        at java.util.concurrent.ArrayBlockingQueue.take(ArrayBlockingQueue.java:403)&#10;        at java.util.concurrent.ThreadPoolExecutor.getTask(ThreadPoolExecutor.java:1074)&#10;        at java.util.concurrent.ThreadPoolExecutor.runWorker(ThreadPoolExecutor.java:1134)&#10;        at java.util.concurrent.ThreadPoolExecutor$Worker.run(ThreadPoolExecutor.java:624)&#10;        at java.lang.Thread.run(Thread.java:748)&#10;&quot;Periodic HDDS volume checker&quot;  prio=5 tid=1996 timed_waiting&#10;java.lang.Thread.State: TIMED_WAITING&#10;        at sun.misc.Unsafe.park(Native Method)&#10;        at java.util.concurrent.locks.LockSupport.parkNanos(LockSupport.java:215)&#10;        at java.util.concurrent.locks.AbstractQueuedSynchronizer$ConditionObject.awaitNanos(AbstractQueuedSynchronizer.java:2078)&#10;        at java.util.concurrent.ScheduledThreadPoolExecutor$DelayedWorkQueue.take(ScheduledThreadPoolExecutor.java:1093)&#10;        at java.util.concurrent.ScheduledThreadPoolExecutor$DelayedWorkQueue.take(ScheduledThreadPoolExecutor.java:809)&#10;        at java.util.concurrent.ThreadPoolExecutor.getTask(ThreadPoolExecutor.java:1074)&#10;        at java.util.concurrent.ThreadPoolExecutor.runWorker(ThreadPoolExecutor.java:1134)&#10;        at java.util.concurrent.ThreadPoolExecutor$Worker.run(ThreadPoolExecutor.java:624)&#10;        at java.lang.Thread.run(Thread.java:748)&#10;&quot;pool-196-thread-1&quot; daemon prio=5 tid=2108 timed_waiting&#10;java.lang.Thread.State: TIMED_WAITING&#10;        at sun.misc.Unsafe.park(Native Method)&#10;        at java.util.concurrent.locks.LockSupport.parkNanos(LockSupport.java:215)&#10;        at java.util.concurrent.locks.AbstractQueuedSynchronizer$ConditionObject.awaitNanos(AbstractQueuedSynchronizer.java:2078)&#10;        at java.util.concurrent.ScheduledThreadPoolExecutor$DelayedWorkQueue.take(ScheduledThreadPoolExecutor.java:1093)&#10;        at java.util.concurrent.ScheduledThreadPoolExecutor$DelayedWorkQueue.take(ScheduledThreadPoolExecutor.java:809)&#10;        at java.util.concurrent.ThreadPoolExecutor.getTask(ThreadPoolExecutor.java:1074)&#10;        at java.util.concurrent.ThreadPoolExecutor.runWorker(ThreadPoolExecutor.java:1134)&#10;        at java.util.concurrent.ThreadPoolExecutor$Worker.run(ThreadPoolExecutor.java:624)&#10;        at java.lang.Thread.run(Thread.java:748)&#10;&quot;org.apache.ratis.server.impl.LogAppender$AppenderDaemon$$Lambda$463/184788748@3cea588&quot; daemon prio=5 tid=3194 timed_waiting&#10;java.lang.Thread.State: TIMED_WAITING&#10;        at java.lang.Object.wait(Native Method)&#10;        at org.apache.ratis.grpc.server.GrpcLogAppender.mayWait(GrpcLogAppender.java:149)&#10;        at org.apache.ratis.grpc.server.GrpcLogAppender.runAppenderImpl(GrpcLogAppender.java:103)&#10;        at org.apache.ratis.server.impl.LogAppender$AppenderDaemon.run(LogAppender.java:76)&#10;        at org.apache.ratis.server.impl.LogAppender$AppenderDaemon$$Lambda$463/184788748.run(Unknown Source)&#10;        at java.lang.Thread.run(Thread.java:748)&#10;&quot;25c17e6e-60f2-43b7-8570-af6cc9981309@group-21F3445B4761-StateMachineUpdater&quot; daemon prio=5 tid=3066 in Object.wait()&#10;java.lang.Thread.State: WAITING (on object monitor)&#10;        at java.lang.Object.wait(Native Method)&#10;        at java.lang.Object.wait(Object.java:502)&#10;        at org.apache.ratis.server.impl.StateMachineUpdater.waitForCommit(StateMachineUpdater.java:194)&#10;        at org.apache.ratis.server.impl.StateMachineUpdater.run(StateMachineUpdater.java:159)&#10;        at java.lang.Thread.run(Thread.java:748)&#10;&quot;pool-158-thread-9&quot;  prio=5 tid=2310 in Object.wait()&#10;java.lang.Thread.State: WAITING (on object monitor)&#10;        at sun.misc.Unsafe.park(Native Method)&#10;        at java.util.concurrent.locks.LockSupport.park(LockSupport.java:175)&#10;        at java.util.concurrent.locks.AbstractQueuedSynchronizer$ConditionObject.await(AbstractQueuedSynchronizer.java:2039)&#10;        at java.util.concurrent.ArrayBlockingQueue.take(ArrayBlockingQueue.java:403)&#10;        at java.util.concurrent.ThreadPoolExecutor.getTask(ThreadPoolExecutor.java:1074)&#10;        at java.util.concurrent.ThreadPoolExecutor.runWorker(ThreadPoolExecutor.java:1134)&#10;        at java.util.concurrent.ThreadPoolExecutor$Worker.run(ThreadPoolExecutor.java:624)&#10;        at java.lang.Thread.run(Thread.java:748)&#10;&quot;refreshUsed-/workdir/hadoop-ozone/integration-test/target/test-dir/MiniOzoneClusterImpl-6b3e2517-75a7-4dd9-8054-0b12e404e591/datanode-9/data/containers&quot; daemon prio=5 tid=2214 timed_waiting&#10;java.lang.Thread.State: TIMED_WAITING&#10;        at java.lang.Thread.sleep(Native Method)&#10;        at org.apache.hadoop.fs.CachingGetSpaceUsed$RefreshThread.run(CachingGetSpaceUsed.java:179)&#10;        at java.lang.Thread.run(Thread.java:748)&#10;&quot;pool-198-thread-7&quot;  prio=5 tid=2556 in Object.wait()&#10;java.lang.Thread.State: WAITING (on object monitor)&#10;        at sun.misc.Unsafe.park(Native Method)&#10;        at java.util.concurrent.locks.LockSupport.park(LockSupport.java:175)&#10;        at java.util.concurrent.locks.AbstractQueuedSynchronizer$ConditionObject.await(AbstractQueuedSynchronizer.java:2039)&#10;        at java.util.concurrent.ArrayBlockingQueue.take(ArrayBlockingQueue.java:403)&#10;        at java.util.concurrent.ThreadPoolExecutor.getTask(ThreadPoolExecutor.java:1074)&#10;        at java.util.concurrent.ThreadPoolExecutor.runWorker(ThreadPoolExecutor.java:1134)&#10;        at java.util.concurrent.ThreadPoolExecutor$Worker.run(ThreadPoolExecutor.java:624)&#10;        at java.lang.Thread.run(Thread.java:748)&#10;&quot;qtp1090160486-1914&quot; daemon prio=5 tid=1914 timed_waiting&#10;java.lang.Thread.State: TIMED_WAITING&#10;        at sun.misc.Unsafe.park(Native Method)&#10;        at java.util.concurrent.locks.LockSupport.parkNanos(LockSupport.java:215)&#10;        at java.util.concurrent.locks.AbstractQueuedSynchronizer$ConditionObject.awaitNanos(AbstractQueuedSynchronizer.java:2078)&#10;        at org.eclipse.jetty.util.BlockingArrayQueue.poll(BlockingArrayQueue.java:392)&#10;        at org.eclipse.jetty.util.thread.QueuedThreadPool.idleJobPoll(QueuedThreadPool.java:563)&#10;        at org.eclipse.jetty.util.thread.QueuedThreadPool.access$800(QueuedThreadPool.java:48)&#10;        at org.eclipse.jetty.util.thread.QueuedThreadPool$2.run(QueuedThreadPool.java:626)&#10;        at java.lang.Thread.run(Thread.java:748)&#10;&quot;refreshUsed-/workdir/hadoop-ozone/integration-test/target/test-dir/MiniOzoneClusterImpl-6b3e2517-75a7-4dd9-8054-0b12e404e591/datanode-8/data/containers&quot; daemon prio=5 tid=2187 timed_waiting&#10;java.lang.Thread.State: TIMED_WAITING&#10;        at java.lang.Thread.sleep(Native Method)&#10;        at org.apache.hadoop.fs.CachingGetSpaceUsed$RefreshThread.run(CachingGetSpaceUsed.java:179)&#10;        at java.lang.Thread.run(Thread.java:748)&#10;&quot;qtp254416915-2143&quot; daemon prio=5 tid=2143 timed_waiting&#10;java.lang.Thread.State: TIMED_WAITING&#10;        at sun.misc.Unsafe.park(Native Method)&#10;        at java.util.concurrent.locks.LockSupport.parkNanos(LockSupport.java:215)&#10;        at java.util.concurrent.locks.AbstractQueuedSynchronizer$ConditionObject.awaitNanos(AbstractQueuedSynchronizer.java:2078)&#10;        at org.eclipse.jetty.util.BlockingArrayQueue.poll(BlockingArrayQueue.java:392)&#10;        at org.eclipse.jetty.util.thread.QueuedThreadPool.idleJobPoll(QueuedThreadPool.java:563)&#10;        at org.eclipse.jetty.util.thread.QueuedThreadPool.access$800(QueuedThreadPool.java:48)&#10;        at org.eclipse.jetty.util.thread.QueuedThreadPool$2.run(QueuedThreadPool.java:626)&#10;        at java.lang.Thread.run(Thread.java:748)&#10;&quot;pool-208-thread-20&quot;  prio=5 tid=2631 in Object.wait()&#10;java.lang.Thread.State: WAITING (on object monitor)&#10;        at sun.misc.Unsafe.park(Native Method)&#10;        at java.util.concurrent.locks.LockSupport.park(LockSupport.java:175)&#10;        at java.util.concurrent.locks.AbstractQueuedSynchronizer$ConditionObject.await(AbstractQueuedSynchronizer.java:2039)&#10;        at java.util.concurrent.ArrayBlockingQueue.take(ArrayBlockingQueue.java:403)&#10;        at java.util.concurrent.ThreadPoolExecutor.getTask(ThreadPoolExecutor.java:1074)&#10;        at java.util.concurrent.ThreadPoolExecutor.runWorker(ThreadPoolExecutor.java:1134)&#10;        at java.util.concurrent.ThreadPoolExecutor$Worker.run(ThreadPoolExecutor.java:624)&#10;        at java.lang.Thread.run(Thread.java:748)&#10;&quot;Datanode State Machine Thread - 0&quot; daemon prio=5 tid=2183 timed_waiting&#10;java.lang.Thread.State: TIMED_WAITING&#10;        at sun.misc.Unsafe.park(Native Method)&#10;        at java.util.concurrent.locks.LockSupport.parkNanos(LockSupport.java:215)&#10;        at java.util.concurrent.SynchronousQueue$TransferStack.awaitFulfill(SynchronousQueue.java:460)&#10;        at java.util.concurrent.SynchronousQueue$TransferStack.transfer(SynchronousQueue.java:362)&#10;        at java.util.concurrent.SynchronousQueue.poll(SynchronousQueue.java:941)&#10;        at java.util.concurrent.ThreadPoolExecutor.getTask(ThreadPoolExecutor.java:1073)&#10;        at java.util.concurrent.ThreadPoolExecutor.runWorker(ThreadPoolExecutor.java:1134)&#10;        at java.util.concurrent.ThreadPoolExecutor$Worker.run(ThreadPoolExecutor.java:624)&#10;        at java.lang.Thread.run(Thread.java:748)&#10;&quot;pool-188-thread-15&quot;  prio=5 tid=2502 in Object.wait()&#10;java.lang.Thread.State: WAITING (on object monitor)&#10;        at sun.misc.Unsafe.park(Native Method)&#10;        at java.util.concurrent.locks.LockSupport.park(LockSupport.java:175)&#10;        at java.util.concurrent.locks.AbstractQueuedSynchronizer$ConditionObject.await(AbstractQueuedSynchronizer.java:2039)&#10;        at java.util.concurrent.ArrayBlockingQueue.take(ArrayBlockingQueue.java:403)&#10;        at java.util.concurrent.ThreadPoolExecutor.getTask(ThreadPoolExecutor.java:1074)&#10;        at java.util.concurrent.ThreadPoolExecutor.runWorker(ThreadPoolExecutor.java:1134)&#10;        at java.util.concurrent.ThreadPoolExecutor$Worker.run(ThreadPoolExecutor.java:624)&#10;        at java.lang.Thread.run(Thread.java:748)&#10;&quot;pool-168-thread-40&quot;  prio=5 tid=2403 in Object.wait()&#10;java.lang.Thread.State: WAITING (on object monitor)&#10;        at sun.misc.Unsafe.park(Native Method)&#10;        at java.util.concurrent.locks.LockSupport.park(LockSupport.java:175)&#10;        at java.util.concurrent.locks.AbstractQueuedSynchronizer$ConditionObject.await(AbstractQueuedSynchronizer.java:2039)&#10;        at java.util.concurrent.ArrayBlockingQueue.take(ArrayBlockingQueue.java:403)&#10;        at java.util.concurrent.ThreadPoolExecutor.getTask(ThreadPoolExecutor.java:1074)&#10;        at java.util.concurrent.ThreadPoolExecutor.runWorker(ThreadPoolExecutor.java:1134)&#10;        at java.util.concurrent.ThreadPoolExecutor$Worker.run(ThreadPoolExecutor.java:624)&#10;        at java.lang.Thread.run(Thread.java:748)&#10;&quot;pool-168-thread-43&quot;  prio=5 tid=2406 in Object.wait()&#10;java.lang.Thread.State: WAITING (on object monitor)&#10;        at sun.misc.Unsafe.park(Native Method)&#10;        at java.util.concurrent.locks.LockSupport.park(LockSupport.java:175)&#10;        at java.util.concurrent.locks.AbstractQueuedSynchronizer$ConditionObject.await(AbstractQueuedSynchronizer.java:2039)&#10;        at java.util.concurrent.ArrayBlockingQueue.take(ArrayBlockingQueue.java:403)&#10;        at java.util.concurrent.ThreadPoolExecutor.getTask(ThreadPoolExecutor.java:1074)&#10;        at java.util.concurrent.ThreadPoolExecutor.runWorker(ThreadPoolExecutor.java:1134)&#10;        at java.util.concurrent.ThreadPoolExecutor$Worker.run(ThreadPoolExecutor.java:624)&#10;        at java.lang.Thread.run(Thread.java:748)&#10;&quot;org.apache.hadoop.util.JvmPauseMonitor$Monitor@681cbfaf&quot; daemon prio=5 tid=2020 timed_waiting&#10;java.lang.Thread.State: TIMED_WAITING&#10;        at java.lang.Thread.sleep(Native Method)&#10;        at org.apache.hadoop.util.JvmPauseMonitor$Monitor.run(JvmPauseMonitor.java:192)&#10;        at java.lang.Thread.run(Thread.java:748)&#10;&quot;pool-198-thread-11&quot;  prio=5 tid=2560 in Object.wait()&#10;java.lang.Thread.State: WAITING (on object monitor)&#10;        at sun.misc.Unsafe.park(Native Method)&#10;        at java.util.concurrent.locks.LockSupport.park(LockSupport.java:175)&#10;        at java.util.concurrent.locks.AbstractQueuedSynchronizer$ConditionObject.await(AbstractQueuedSynchronizer.java:2039)&#10;        at java.util.concurrent.ArrayBlockingQueue.take(ArrayBlockingQueue.java:403)&#10;        at java.util.concurrent.ThreadPoolExecutor.getTask(ThreadPoolExecutor.java:1074)&#10;        at java.util.concurrent.ThreadPoolExecutor.runWorker(ThreadPoolExecutor.java:1134)&#10;        at java.util.concurrent.ThreadPoolExecutor$Worker.run(ThreadPoolExecutor.java:624)&#10;        at java.lang.Thread.run(Thread.java:748)&#10;&quot;IPC Server handler 18 on 35974&quot; daemon prio=5 tid=1870 timed_waiting&#10;java.lang.Thread.State: TIMED_WAITING&#10;        at sun.misc.Unsafe.park(Native Method)&#10;        at java.util.concurrent.locks.LockSupport.parkNanos(LockSupport.java:215)&#10;        at java.util.concurrent.locks.AbstractQueuedSynchronizer$ConditionObject.awaitNanos(AbstractQueuedSynchronizer.java:2078)&#10;        at java.util.concurrent.LinkedBlockingQueue.poll(LinkedBlockingQueue.java:467)&#10;        at org.apache.hadoop.ipc.CallQueueManager.take(CallQueueManager.java:288)&#10;        at org.apache.hadoop.ipc.Server$Handler.run(Server.java:2668)&#10;&quot;qtp2077150966-2085-acceptor-0@3bb98041-ServerConnector@d919544{HTTP/1.1,[http/1.1]}{0.0.0.0:38607}&quot; daemon prio=3 tid=2085 runnable&#10;java.lang.Thread.State: RUNNABLE&#10;        at sun.nio.ch.ServerSocketChannelImpl.accept0(Native Method)&#10;        at sun.nio.ch.ServerSocketChannelImpl.accept(ServerSocketChannelImpl.java:422)&#10;        at sun.nio.ch.ServerSocketChannelImpl.accept(ServerSocketChannelImpl.java:250)&#10;        at org.eclipse.jetty.server.ServerConnector.accept(ServerConnector.java:397)&#10;        at org.eclipse.jetty.server.AbstractConnector$Acceptor.run(AbstractConnector.java:601)&#10;        at org.eclipse.jetty.util.thread.QueuedThreadPool.runJob(QueuedThreadPool.java:671)&#10;        at org.eclipse.jetty.util.thread.QueuedThreadPool$2.run(QueuedThreadPool.java:589)&#10;        at java.lang.Thread.run(Thread.java:748)&#10;&quot;IPC Server handler 12 on 42444&quot; daemon prio=5 tid=1904 timed_waiting&#10;java.lang.Thread.State: TIMED_WAITING&#10;        at sun.misc.Unsafe.park(Native Method)&#10;        at java.util.concurrent.locks.LockSupport.parkNanos(LockSupport.java:215)&#10;        at java.util.concurrent.locks.AbstractQueuedSynchronizer$ConditionObject.awaitNanos(AbstractQueuedSynchronizer.java:2078)&#10;        at java.util.concurrent.LinkedBlockingQueue.poll(LinkedBlockingQueue.java:467)&#10;        at org.apache.hadoop.ipc.CallQueueManager.take(CallQueueManager.java:288)&#10;        at org.apache.hadoop.ipc.Server$Handler.run(Server.java:2668)&#10;&quot;Datanode ReportManager Thread - 1&quot; daemon prio=5 tid=172 timed_waiting&#10;java.lang.Thread.State: TIMED_WAITING&#10;        at sun.misc.Unsafe.park(Native Method)&#10;        at java.util.concurrent.locks.LockSupport.parkNanos(LockSupport.java:215)&#10;        at java.util.concurrent.locks.AbstractQueuedSynchronizer$ConditionObject.awaitNanos(AbstractQueuedSynchronizer.java:2078)&#10;        at java.util.concurrent.ScheduledThreadPoolExecutor$DelayedWorkQueue.take(ScheduledThreadPoolExecutor.java:1093)&#10;        at java.util.concurrent.ScheduledThreadPoolExecutor$DelayedWorkQueue.take(ScheduledThreadPoolExecutor.java:809)&#10;        at java.util.concurrent.ThreadPoolExecutor.getTask(ThreadPoolExecutor.java:1074)&#10;        at java.util.concurrent.ThreadPoolExecutor.runWorker(ThreadPoolExecutor.java:1134)&#10;        at java.util.concurrent.ThreadPoolExecutor$Worker.run(ThreadPoolExecutor.java:624)&#10;        at java.lang.Thread.run(Thread.java:748)&#10;&quot;19d9f0ed-7324-40ce-9ded-4f2ae42bdb1f@group-513E606754AA-SegmentedRaftLogWorker&quot;  prio=5 tid=3080 timed_waiting&#10;java.lang.Thread.State: TIMED_WAITING&#10;        at sun.misc.Unsafe.park(Native Method)&#10;        at java.util.concurrent.locks.LockSupport.parkNanos(LockSupport.java:215)&#10;        at java.util.concurrent.locks.AbstractQueuedSynchronizer$ConditionObject.awaitNanos(AbstractQueuedSynchronizer.java:2078)&#10;        at org.apache.ratis.util.DataBlockingQueue.poll(DataBlockingQueue.java:137)&#10;        at org.apache.ratis.server.raftlog.segmented.SegmentedRaftLogWorker.run(SegmentedRaftLogWorker.java:282)&#10;        at java.lang.Thread.run(Thread.java:748)&#10;&quot;pool-158-thread-59&quot;  prio=5 tid=2360 in Object.wait()&#10;java.lang.Thread.State: WAITING (on object monitor)&#10;        at sun.misc.Unsafe.park(Native Method)&#10;        at java.util.concurrent.locks.LockSupport.park(LockSupport.java:175)&#10;        at java.util.concurrent.locks.AbstractQueuedSynchronizer$ConditionObject.await(AbstractQueuedSynchronizer.java:2039)&#10;        at java.util.concurrent.ArrayBlockingQueue.take(ArrayBlockingQueue.java:403)&#10;        at java.util.concurrent.ThreadPoolExecutor.getTask(ThreadPoolExecutor.java:1074)&#10;        at java.util.concurrent.ThreadPoolExecutor.runWorker(ThreadPoolExecutor.java:1134)&#10;        at java.util.concurrent.ThreadPoolExecutor$Worker.run(ThreadPoolExecutor.java:624)&#10;        at java.lang.Thread.run(Thread.java:748)&#10;&quot;pool-148-thread-40&quot;  prio=5 tid=2278 in Object.wait()&#10;java.lang.Thread.State: WAITING (on object monitor)&#10;        at sun.misc.Unsafe.park(Native Method)&#10;        at java.util.concurrent.locks.LockSupport.park(LockSupport.java:175)&#10;        at java.util.concurrent.locks.AbstractQueuedSynchronizer$ConditionObject.await(AbstractQueuedSynchronizer.java:2039)&#10;        at java.util.concurrent.ArrayBlockingQueue.take(ArrayBlockingQueue.java:403)&#10;        at java.util.concurrent.ThreadPoolExecutor.getTask(ThreadPoolExecutor.java:1074)&#10;        at java.util.concurrent.ThreadPoolExecutor.runWorker(ThreadPoolExecutor.java:1134)&#10;        at java.util.concurrent.ThreadPoolExecutor$Worker.run(ThreadPoolExecutor.java:624)&#10;        at java.lang.Thread.run(Thread.java:748)&#10;&quot;pool-178-thread-6&quot;  prio=5 tid=2431 in Object.wait()&#10;java.lang.Thread.State: WAITING (on object monitor)&#10;        at sun.misc.Unsafe.park(Native Method)&#10;        at java.util.concurrent.locks.LockSupport.park(LockSupport.java:175)&#10;        at java.util.concurrent.locks.AbstractQueuedSynchronizer$ConditionObject.await(AbstractQueuedSynchronizer.java:2039)&#10;        at java.util.concurrent.ArrayBlockingQueue.take(ArrayBlockingQueue.java:403)&#10;        at java.util.concurrent.ThreadPoolExecutor.getTask(ThreadPoolExecutor.java:1074)&#10;        at java.util.concurrent.ThreadPoolExecutor.runWorker(ThreadPoolExecutor.java:1134)&#10;        at java.util.concurrent.ThreadPoolExecutor$Worker.run(ThreadPoolExecutor.java:624)&#10;        at java.lang.Thread.run(Thread.java:748)&#10;&quot;IPC Server handler 17 on 43737&quot; daemon prio=5 tid=1889 timed_waiting&#10;java.lang.Thread.State: TIMED_WAITING&#10;        at sun.misc.Unsafe.park(Native Method)&#10;        at java.util.concurrent.locks.LockSupport.parkNanos(LockSupport.java:215)&#10;        at java.util.concurrent.locks.AbstractQueuedSynchronizer$ConditionObject.awaitNanos(AbstractQueuedSynchronizer.java:2078)&#10;        at java.util.concurrent.LinkedBlockingQueue.poll(LinkedBlockingQueue.java:467)&#10;        at org.apache.hadoop.ipc.CallQueueManager.take(CallQueueManager.java:288)&#10;        at org.apache.hadoop.ipc.Server$Handler.run(Server.java:2668)&#10;&quot;pool-238-thread-41&quot;  prio=5 tid=2838 in Object.wait()&#10;java.lang.Thread.State: WAITING (on object monitor)&#10;        at sun.misc.Unsafe.park(Native Method)&#10;        at java.util.concurrent.locks.LockSupport.park(LockSupport.java:175)&#10;        at java.util.concurrent.locks.AbstractQueuedSynchronizer$ConditionObject.await(AbstractQueuedSynchronizer.java:2039)&#10;        at java.util.concurrent.ArrayBlockingQueue.take(ArrayBlockingQueue.java:403)&#10;        at java.util.concurrent.ThreadPoolExecutor.getTask(ThreadPoolExecutor.java:1074)&#10;        at java.util.concurrent.ThreadPoolExecutor.runWorker(ThreadPoolExecutor.java:1134)&#10;        at java.util.concurrent.ThreadPoolExecutor$Worker.run(ThreadPoolExecutor.java:624)&#10;        at java.lang.Thread.run(Thread.java:748)&#10;&quot;pool-238-thread-40&quot;  prio=5 tid=2837 in Object.wait()&#10;java.lang.Thread.State: WAITING (on object monitor)&#10;        at sun.misc.Unsafe.park(Native Method)&#10;        at java.util.concurrent.locks.LockSupport.park(LockSupport.java:175)&#10;        at java.util.concurrent.locks.AbstractQueuedSynchronizer$ConditionObject.await(AbstractQueuedSynchronizer.java:2039)&#10;        at java.util.concurrent.ArrayBlockingQueue.take(ArrayBlockingQueue.java:403)&#10;        at java.util.concurrent.ThreadPoolExecutor.getTask(ThreadPoolExecutor.java:1074)&#10;        at java.util.concurrent.ThreadPoolExecutor.runWorker(ThreadPoolExecutor.java:1134)&#10;        at java.util.concurrent.ThreadPoolExecutor$Worker.run(ThreadPoolExecutor.java:624)&#10;        at java.lang.Thread.run(Thread.java:748)&#10;&quot;pool-148-thread-33&quot;  prio=5 tid=2271 in Object.wait()&#10;java.lang.Thread.State: WAITING (on object monitor)&#10;        at sun.misc.Unsafe.park(Native Method)&#10;        at java.util.concurrent.locks.LockSupport.park(LockSupport.java:175)&#10;        at java.util.concurrent.locks.AbstractQueuedSynchronizer$ConditionObject.await(AbstractQueuedSynchronizer.java:2039)&#10;        at java.util.concurrent.ArrayBlockingQueue.take(ArrayBlockingQueue.java:403)&#10;        at java.util.concurrent.ThreadPoolExecutor.getTask(ThreadPoolExecutor.java:1074)&#10;        at java.util.concurrent.ThreadPoolExecutor.runWorker(ThreadPoolExecutor.java:1134)&#10;        at java.util.concurrent.ThreadPoolExecutor$Worker.run(ThreadPoolExecutor.java:624)&#10;        at java.lang.Thread.run(Thread.java:748)&#10;&quot;PartialTableCache Cleanup Thread - 0&quot; daemon prio=5 tid=3040 in Object.wait()&#10;java.lang.Thread.State: WAITING (on object monitor)&#10;        at sun.misc.Unsafe.park(Native Method)&#10;        at java.util.concurrent.locks.LockSupport.park(LockSupport.java:175)&#10;        at java.util.concurrent.locks.AbstractQueuedSynchronizer$ConditionObject.await(AbstractQueuedSynchronizer.java:2039)&#10;        at java.util.concurrent.LinkedBlockingQueue.take(LinkedBlockingQueue.java:442)&#10;        at java.util.concurrent.ThreadPoolExecutor.getTask(ThreadPoolExecutor.java:1074)&#10;        at java.util.concurrent.ThreadPoolExecutor.runWorker(ThreadPoolExecutor.java:1134)&#10;        at java.util.concurrent.ThreadPoolExecutor$Worker.run(ThreadPoolExecutor.java:624)&#10;        at java.lang.Thread.run(Thread.java:748)&#10;&quot;pool-168-thread-50&quot;  prio=5 tid=2413 in Object.wait()&#10;java.lang.Thread.State: WAITING (on object monitor)&#10;        at sun.misc.Unsafe.park(Native Method)&#10;        at java.util.concurrent.locks.LockSupport.park(LockSupport.java:175)&#10;        at java.util.concurrent.locks.AbstractQueuedSynchronizer$ConditionObject.await(AbstractQueuedSynchronizer.java:2039)&#10;        at java.util.concurrent.ArrayBlockingQueue.take(ArrayBlockingQueue.java:403)&#10;        at java.util.concurrent.ThreadPoolExecutor.getTask(ThreadPoolExecutor.java:1074)&#10;        at java.util.concurrent.ThreadPoolExecutor.runWorker(ThreadPoolExecutor.java:1134)&#10;        at java.util.concurrent.ThreadPoolExecutor$Worker.run(ThreadPoolExecutor.java:624)&#10;        at java.lang.Thread.run(Thread.java:748)&#10;&quot;pool-148-thread-60&quot;  prio=5 tid=2298 in Object.wait()&#10;java.lang.Thread.State: WAITING (on object monitor)&#10;        at sun.misc.Unsafe.park(Native Method)&#10;        at java.util.concurrent.locks.LockSupport.park(LockSupport.java:175)&#10;        at java.util.concurrent.locks.AbstractQueuedSynchronizer$ConditionObject.await(AbstractQueuedSynchronizer.java:2039)&#10;        at java.util.concurrent.ArrayBlockingQueue.take(ArrayBlockingQueue.java:403)&#10;        at java.util.concurrent.ThreadPoolExecutor.getTask(ThreadPoolExecutor.java:1074)&#10;        at java.util.concurrent.ThreadPoolExecutor.runWorker(ThreadPoolExecutor.java:1134)&#10;        at java.util.concurrent.ThreadPoolExecutor$Worker.run(ThreadPoolExecutor.java:624)&#10;        at java.lang.Thread.run(Thread.java:748)&#10;&quot;pool-208-thread-32&quot;  prio=5 tid=2643 in Object.wait()&#10;java.lang.Thread.State: WAITING (on object monitor)&#10;        at sun.misc.Unsafe.park(Native Method)&#10;        at java.util.concurrent.locks.LockSupport.park(LockSupport.java:175)&#10;        at java.util.concurrent.locks.AbstractQueuedSynchronizer$ConditionObject.await(AbstractQueuedSynchronizer.java:2039)&#10;        at java.util.concurrent.ArrayBlockingQueue.take(ArrayBlockingQueue.java:403)&#10;        at java.util.concurrent.ThreadPoolExecutor.getTask(ThreadPoolExecutor.java:1074)&#10;        at java.util.concurrent.ThreadPoolExecutor.runWorker(ThreadPoolExecutor.java:1134)&#10;        at java.util.concurrent.ThreadPoolExecutor$Worker.run(ThreadPoolExecutor.java:624)&#10;        at java.lang.Thread.run(Thread.java:748)&#10;&quot;pool-198-thread-40&quot;  prio=5 tid=2589 in Object.wait()&#10;java.lang.Thread.State: WAITING (on object monitor)&#10;        at sun.misc.Unsafe.park(Native Method)&#10;        at java.util.concurrent.locks.LockSupport.park(LockSupport.java:175)&#10;        at java.util.concurrent.locks.AbstractQueuedSynchronizer$ConditionObject.await(AbstractQueuedSynchronizer.java:2039)&#10;        at java.util.concurrent.ArrayBlockingQueue.take(ArrayBlockingQueue.java:403)&#10;        at java.util.concurrent.ThreadPoolExecutor.getTask(ThreadPoolExecutor.java:1074)&#10;        at java.util.concurrent.ThreadPoolExecutor.runWorker(ThreadPoolExecutor.java:1134)&#10;        at java.util.concurrent.ThreadPoolExecutor$Worker.run(ThreadPoolExecutor.java:624)&#10;        at java.lang.Thread.run(Thread.java:748)&#10;&quot;8344cb33-ae61-4ff3-97f7-00b91742683d@group-A7405D5AD40E-SegmentedRaftLogWorker&quot;  prio=5 tid=3124 timed_waiting&#10;java.lang.Thread.State: TIMED_WAITING&#10;        at sun.misc.Unsafe.park(Native Method)&#10;        at java.util.concurrent.locks.LockSupport.parkNanos(LockSupport.java:215)&#10;        at java.util.concurrent.locks.AbstractQueuedSynchronizer$ConditionObject.awaitNanos(AbstractQueuedSynchronizer.java:2078)&#10;        at org.apache.ratis.util.DataBlockingQueue.poll(DataBlockingQueue.java:137)&#10;        at org.apache.ratis.server.raftlog.segmented.SegmentedRaftLogWorker.run(SegmentedRaftLogWorker.java:282)&#10;        at java.lang.Thread.run(Thread.java:748)&#10;&quot;Datanode ReportManager Thread - 3&quot; daemon prio=5 tid=2045 in Object.wait()&#10;java.lang.Thread.State: WAITING (on object monitor)&#10;        at sun.misc.Unsafe.park(Native Method)&#10;        at java.util.concurrent.locks.LockSupport.park(LockSupport.java:175)&#10;        at java.util.concurrent.locks.AbstractQueuedSynchronizer$ConditionObject.await(AbstractQueuedSynchronizer.java:2039)&#10;        at java.util.concurrent.ScheduledThreadPoolExecutor$DelayedWorkQueue.take(ScheduledThreadPoolExecutor.java:1088)&#10;        at java.util.concurrent.ScheduledThreadPoolExecutor$DelayedWorkQueue.take(ScheduledThreadPoolExecutor.java:809)&#10;        at java.util.concurrent.ThreadPoolExecutor.getTask(ThreadPoolExecutor.java:1074)&#10;        at java.util.concurrent.ThreadPoolExecutor.runWorker(ThreadPoolExecutor.java:1134)&#10;        at java.util.concurrent.ThreadPoolExecutor$Worker.run(ThreadPoolExecutor.java:624)&#10;        at java.lang.Thread.run(Thread.java:748)&#10;&quot;pool-218-thread-34&quot;  prio=5 tid=2707 in Object.wait()&#10;java.lang.Thread.State: WAITING (on object monitor)&#10;        at sun.misc.Unsafe.park(Native Method)&#10;        at java.util.concurrent.locks.LockSupport.park(LockSupport.java:175)&#10;        at java.util.concurrent.locks.AbstractQueuedSynchronizer$ConditionObject.await(AbstractQueuedSynchronizer.java:2039)&#10;        at java.util.concurrent.ArrayBlockingQueue.take(ArrayBlockingQueue.java:403)&#10;        at java.util.concurrent.ThreadPoolExecutor.getTask(ThreadPoolExecutor.java:1074)&#10;        at java.util.concurrent.ThreadPoolExecutor.runWorker(ThreadPoolExecutor.java:1134)&#10;        at java.util.concurrent.ThreadPoolExecutor$Worker.run(ThreadPoolExecutor.java:624)&#10;        at java.lang.Thread.run(Thread.java:748)&#10;&quot;pool-218-thread-41&quot;  prio=5 tid=2714 in Object.wait()&#10;java.lang.Thread.State: WAITING (on object monitor)&#10;        at sun.misc.Unsafe.park(Native Method)&#10;        at java.util.concurrent.locks.LockSupport.park(LockSupport.java:175)&#10;        at java.util.concurrent.locks.AbstractQueuedSynchronizer$ConditionObject.await(AbstractQueuedSynchronizer.java:2039)&#10;        at java.util.concurrent.ArrayBlockingQueue.take(ArrayBlockingQueue.java:403)&#10;        at java.util.concurrent.ThreadPoolExecutor.getTask(ThreadPoolExecutor.java:1074)&#10;        at java.util.concurrent.ThreadPoolExecutor.runWorker(ThreadPoolExecutor.java:1134)&#10;        at java.util.concurrent.ThreadPoolExecutor$Worker.run(ThreadPoolExecutor.java:624)&#10;        at java.lang.Thread.run(Thread.java:748)&#10;&quot;pool-168-thread-25&quot;  prio=5 tid=2388 in Object.wait()&#10;java.lang.Thread.State: WAITING (on object monitor)&#10;        at sun.misc.Unsafe.park(Native Method)&#10;        at java.util.concurrent.locks.LockSupport.park(LockSupport.java:175)&#10;        at java.util.concurrent.locks.AbstractQueuedSynchronizer$ConditionObject.await(AbstractQueuedSynchronizer.java:2039)&#10;        at java.util.concurrent.ArrayBlockingQueue.take(ArrayBlockingQueue.java:403)&#10;        at java.util.concurrent.ThreadPoolExecutor.getTask(ThreadPoolExecutor.java:1074)&#10;        at java.util.concurrent.ThreadPoolExecutor.runWorker(ThreadPoolExecutor.java:1134)&#10;        at java.util.concurrent.ThreadPoolExecutor$Worker.run(ThreadPoolExecutor.java:624)&#10;        at java.lang.Thread.run(Thread.java:748)&#10;&quot;Datanode State Machine Thread - 0&quot; daemon prio=5 tid=2203 timed_waiting&#10;java.lang.Thread.State: TIMED_WAITING&#10;        at java.lang.Thread.sleep(Native Method)&#10;        at org.apache.hadoop.ozone.container.common.statemachine.DatanodeStateMachine.start(DatanodeStateMachine.java:191)&#10;        at org.apache.hadoop.ozone.container.common.statemachine.DatanodeStateMachine.lambda$startDaemon$0(DatanodeStateMachine.java:349)&#10;        at org.apache.hadoop.ozone.container.common.statemachine.DatanodeStateMachine$$Lambda$141/1594065480.run(Unknown Source)&#10;        at java.lang.Thread.run(Thread.java:748)&#10;&quot;Datanode ReportManager Thread - 2&quot; daemon prio=5 tid=389 timed_waiting&#10;java.lang.Thread.State: TIMED_WAITING&#10;        at sun.misc.Unsafe.park(Native Method)&#10;        at java.util.concurrent.locks.LockSupport.parkNanos(LockSupport.java:215)&#10;        at java.util.concurrent.locks.AbstractQueuedSynchronizer$ConditionObject.awaitNanos(AbstractQueuedSynchronizer.java:2078)&#10;        at java.util.concurrent.ScheduledThreadPoolExecutor$DelayedWorkQueue.take(ScheduledThreadPoolExecutor.java:1093)&#10;        at java.util.concurrent.ScheduledThreadPoolExecutor$DelayedWorkQueue.take(ScheduledThreadPoolExecutor.java:809)&#10;        at java.util.concurrent.ThreadPoolExecutor.getTask(ThreadPoolExecutor.java:1074)&#10;        at java.util.concurrent.ThreadPoolExecutor.runWorker(ThreadPoolExecutor.java:1134)&#10;        at java.util.concurrent.ThreadPoolExecutor$Worker.run(ThreadPoolExecutor.java:624)&#10;        at java.lang.Thread.run(Thread.java:748)&#10;&quot;IPC Server handler 4 on 35974&quot; daemon prio=5 tid=1856 timed_waiting&#10;java.lang.Thread.State: TIMED_WAITING&#10;        at sun.misc.Unsafe.park(Native Method)&#10;        at java.util.concurrent.locks.LockSupport.parkNanos(LockSupport.java:215)&#10;        at java.util.concurrent.locks.AbstractQueuedSynchronizer$ConditionObject.awaitNanos(AbstractQueuedSynchronizer.java:2078)&#10;        at java.util.concurrent.LinkedBlockingQueue.poll(LinkedBlockingQueue.java:467)&#10;        at org.apache.hadoop.ipc.CallQueueManager.take(CallQueueManager.java:288)&#10;        at org.apache.hadoop.ipc.Server$Handler.run(Server.java:2668)&#10;&quot;Datanode ReportManager Thread - 3&quot; daemon prio=5 tid=2207 in Object.wait()&#10;java.lang.Thread.State: WAITING (on object monitor)&#10;        at sun.misc.Unsafe.park(Native Method)&#10;        at java.util.concurrent.locks.LockSupport.park(LockSupport.java:175)&#10;        at java.util.concurrent.locks.AbstractQueuedSynchronizer$ConditionObject.await(AbstractQueuedSynchronizer.java:2039)&#10;        at java.util.concurrent.ScheduledThreadPoolExecutor$DelayedWorkQueue.take(ScheduledThreadPoolExecutor.java:1088)&#10;        at java.util.concurrent.ScheduledThreadPoolExecutor$DelayedWorkQueue.take(ScheduledThreadPoolExecutor.java:809)&#10;        at java.util.concurrent.ThreadPoolExecutor.getTask(ThreadPoolExecutor.java:1074)&#10;        at java.util.concurrent.ThreadPoolExecutor.runWorker(ThreadPoolExecutor.java:1134)&#10;        at java.util.concurrent.ThreadPoolExecutor$Worker.run(ThreadPoolExecutor.java:624)&#10;        at java.lang.Thread.run(Thread.java:748)&#10;&quot;pool-228-thread-27&quot;  prio=5 tid=2762 in Object.wait()&#10;java.lang.Thread.State: WAITING (on object monitor)&#10;        at sun.misc.Unsafe.park(Native Method)&#10;        at java.util.concurrent.locks.LockSupport.park(LockSupport.java:175)&#10;        at java.util.concurrent.locks.AbstractQueuedSynchronizer$ConditionObject.await(AbstractQueuedSynchronizer.java:2039)&#10;        at java.util.concurrent.ArrayBlockingQueue.take(ArrayBlockingQueue.java:403)&#10;        at java.util.concurrent.ThreadPoolExecutor.getTask(ThreadPoolExecutor.java:1074)&#10;        at java.util.concurrent.ThreadPoolExecutor.runWorker(ThreadPoolExecutor.java:1134)&#10;        at java.util.concurrent.ThreadPoolExecutor$Worker.run(ThreadPoolExecutor.java:624)&#10;        at java.lang.Thread.run(Thread.java:748)&#10;&quot;Datanode ReportManager Thread - 0&quot; daemon prio=5 tid=387 in Object.wait()&#10;java.lang.Thread.State: WAITING (on object monitor)&#10;        at sun.misc.Unsafe.park(Native Method)&#10;        at java.util.concurrent.locks.LockSupport.park(LockSupport.java:175)&#10;        at java.util.concurrent.locks.AbstractQueuedSynchronizer$ConditionObject.await(AbstractQueuedSynchronizer.java:2039)&#10;        at java.util.concurrent.ScheduledThreadPoolExecutor$DelayedWorkQueue.take(ScheduledThreadPoolExecutor.java:1088)&#10;        at java.util.concurrent.ScheduledThreadPoolExecutor$DelayedWorkQueue.take(ScheduledThreadPoolExecutor.java:809)&#10;        at java.util.concurrent.ThreadPoolExecutor.getTask(ThreadPoolExecutor.java:1074)&#10;        at java.util.concurrent.ThreadPoolExecutor.runWorker(ThreadPoolExecutor.java:1134)&#10;        at java.util.concurrent.ThreadPoolExecutor$Worker.run(ThreadPoolExecutor.java:624)&#10;        at java.lang.Thread.run(Thread.java:748)&#10;&quot;pool-198-thread-45&quot;  prio=5 tid=2594 in Object.wait()&#10;java.lang.Thread.State: WAITING (on object monitor)&#10;        at sun.misc.Unsafe.park(Native Method)&#10;        at java.util.concurrent.locks.LockSupport.park(LockSupport.java:175)&#10;        at java.util.concurrent.locks.AbstractQueuedSynchronizer$ConditionObject.await(AbstractQueuedSynchronizer.java:2039)&#10;        at java.util.concurrent.ArrayBlockingQueue.take(ArrayBlockingQueue.java:403)&#10;        at java.util.concurrent.ThreadPoolExecutor.getTask(ThreadPoolExecutor.java:1074)&#10;        at java.util.concurrent.ThreadPoolExecutor.runWorker(ThreadPoolExecutor.java:1134)&#10;        at java.util.concurrent.ThreadPoolExecutor$Worker.run(ThreadPoolExecutor.java:624)&#10;        at java.lang.Thread.run(Thread.java:748)&#10;&quot;qtp81705968-2063&quot; daemon prio=5 tid=2063 timed_waiting&#10;java.lang.Thread.State: TIMED_WAITING&#10;        at sun.misc.Unsafe.park(Native Method)&#10;        at java.util.concurrent.locks.LockSupport.parkNanos(LockSupport.java:215)&#10;        at java.util.concurrent.locks.AbstractQueuedSynchronizer$ConditionObject.awaitNanos(AbstractQueuedSynchronizer.java:2078)&#10;        at org.eclipse.jetty.util.BlockingArrayQueue.poll(BlockingArrayQueue.java:392)&#10;        at org.eclipse.jetty.util.thread.QueuedThreadPool.idleJobPoll(QueuedThreadPool.java:563)&#10;        at org.eclipse.jetty.util.thread.QueuedThreadPool.access$800(QueuedThreadPool.java:48)&#10;        at org.eclipse.jetty.util.thread.QueuedThreadPool$2.run(QueuedThreadPool.java:626)&#10;        at java.lang.Thread.run(Thread.java:748)&#10;&quot;pool-198-thread-31&quot;  prio=5 tid=2580 in Object.wait()&#10;java.lang.Thread.State: WAITING (on object monitor)&#10;        at sun.misc.Unsafe.park(Native Method)&#10;        at java.util.concurrent.locks.LockSupport.park(LockSupport.java:175)&#10;        at java.util.concurrent.locks.AbstractQueuedSynchronizer$ConditionObject.await(AbstractQueuedSynchronizer.java:2039)&#10;        at java.util.concurrent.ArrayBlockingQueue.take(ArrayBlockingQueue.java:403)&#10;        at java.util.concurrent.ThreadPoolExecutor.getTask(ThreadPoolExecutor.java:1074)&#10;        at java.util.concurrent.ThreadPoolExecutor.runWorker(ThreadPoolExecutor.java:1134)&#10;        at java.util.concurrent.ThreadPoolExecutor$Worker.run(ThreadPoolExecutor.java:624)&#10;        at java.lang.Thread.run(Thread.java:748)&#10;&quot;pool-158-thread-34&quot;  prio=5 tid=2335 in Object.wait()&#10;java.lang.Thread.State: WAITING (on object monitor)&#10;        at sun.misc.Unsafe.park(Native Method)&#10;        at java.util.concurrent.locks.LockSupport.park(LockSupport.java:175)&#10;        at java.util.concurrent.locks.AbstractQueuedSynchronizer$ConditionObject.await(AbstractQueuedSynchronizer.java:2039)&#10;        at java.util.concurrent.ArrayBlockingQueue.take(ArrayBlockingQueue.java:403)&#10;        at java.util.concurrent.ThreadPoolExecutor.getTask(ThreadPoolExecutor.java:1074)&#10;        at java.util.concurrent.ThreadPoolExecutor.runWorker(ThreadPoolExecutor.java:1134)&#10;        at java.util.concurrent.ThreadPoolExecutor$Worker.run(ThreadPoolExecutor.java:624)&#10;        at java.lang.Thread.run(Thread.java:748)&#10;&quot;pool-148-thread-56&quot;  prio=5 tid=2294 in Object.wait()&#10;java.lang.Thread.State: WAITING (on object monitor)&#10;        at sun.misc.Unsafe.park(Native Method)&#10;        at java.util.concurrent.locks.LockSupport.park(LockSupport.java:175)&#10;        at java.util.concurrent.locks.AbstractQueuedSynchronizer$ConditionObject.await(AbstractQueuedSynchronizer.java:2039)&#10;        at java.util.concurrent.ArrayBlockingQueue.take(ArrayBlockingQueue.java:403)&#10;        at java.util.concurrent.ThreadPoolExecutor.getTask(ThreadPoolExecutor.java:1074)&#10;        at java.util.concurrent.ThreadPoolExecutor.runWorker(ThreadPoolExecutor.java:1134)&#10;        at java.util.concurrent.ThreadPoolExecutor$Worker.run(ThreadPoolExecutor.java:624)&#10;        at java.lang.Thread.run(Thread.java:748)&#10;&quot;Datanode ReportManager Thread - 0&quot; daemon prio=5 tid=2204 in Object.wait()&#10;java.lang.Thread.State: WAITING (on object monitor)&#10;        at sun.misc.Unsafe.park(Native Method)&#10;        at java.util.concurrent.locks.LockSupport.park(LockSupport.java:175)&#10;        at java.util.concurrent.locks.AbstractQueuedSynchronizer$ConditionObject.await(AbstractQueuedSynchronizer.java:2039)&#10;        at java.util.concurrent.ScheduledThreadPoolExecutor$DelayedWorkQueue.take(ScheduledThreadPoolExecutor.java:1088)&#10;        at java.util.concurrent.ScheduledThreadPoolExecutor$DelayedWorkQueue.take(ScheduledThreadPoolExecutor.java:809)&#10;        at java.util.concurrent.ThreadPoolExecutor.getTask(ThreadPoolExecutor.java:1074)&#10;        at java.util.concurrent.ThreadPoolExecutor.runWorker(ThreadPoolExecutor.java:1134)&#10;        at java.util.concurrent.ThreadPoolExecutor$Worker.run(ThreadPoolExecutor.java:624)&#10;        at java.lang.Thread.run(Thread.java:748)&#10;&quot;pool-178-thread-36&quot;  prio=5 tid=2461 in Object.wait()&#10;java.lang.Thread.State: WAITING (on object monitor)&#10;        at sun.misc.Unsafe.park(Native Method)&#10;        at java.util.concurrent.locks.LockSupport.park(LockSupport.java:175)&#10;        at java.util.concurrent.locks.AbstractQueuedSynchronizer$ConditionObject.await(AbstractQueuedSynchronizer.java:2039)&#10;        at java.util.concurrent.ArrayBlockingQueue.take(ArrayBlockingQueue.java:403)&#10;        at java.util.concurrent.ThreadPoolExecutor.getTask(ThreadPoolExecutor.java:1074)&#10;        at java.util.concurrent.ThreadPoolExecutor.runWorker(ThreadPoolExecutor.java:1134)&#10;        at java.util.concurrent.ThreadPoolExecutor$Worker.run(ThreadPoolExecutor.java:624)&#10;        at java.lang.Thread.run(Thread.java:748)&#10;&quot;qtp1365611185-2171&quot; daemon prio=5 tid=2171 timed_waiting&#10;java.lang.Thread.State: TIMED_WAITING&#10;        at sun.misc.Unsafe.park(Native Method)&#10;        at java.util.concurrent.locks.LockSupport.parkNanos(LockSupport.java:215)&#10;        at java.util.concurrent.locks.AbstractQueuedSynchronizer$ConditionObject.awaitNanos(AbstractQueuedSynchronizer.java:2078)&#10;        at org.eclipse.jetty.util.BlockingArrayQueue.poll(BlockingArrayQueue.java:392)&#10;        at org.eclipse.jetty.util.thread.QueuedThreadPool.idleJobPoll(QueuedThreadPool.java:563)&#10;        at org.eclipse.jetty.util.thread.QueuedThreadPool.access$800(QueuedThreadPool.java:48)&#10;        at org.eclipse.jetty.util.thread.QueuedThreadPool$2.run(QueuedThreadPool.java:626)&#10;        at java.lang.Thread.run(Thread.java:748)&#10;&quot;pool-192-thread-1&quot;  prio=5 tid=2083 timed_waiting&#10;java.lang.Thread.State: TIMED_WAITING&#10;        at sun.misc.Unsafe.park(Native Method)&#10;        at java.util.concurrent.locks.LockSupport.parkNanos(LockSupport.java:215)&#10;        at java.util.concurrent.locks.AbstractQueuedSynchronizer$ConditionObject.awaitNanos(AbstractQueuedSynchronizer.java:2078)&#10;        at java.util.concurrent.ScheduledThreadPoolExecutor$DelayedWorkQueue.take(ScheduledThreadPoolExecutor.java:1093)&#10;        at java.util.concurrent.ScheduledThreadPoolExecutor$DelayedWorkQueue.take(ScheduledThreadPoolExecutor.java:809)&#10;        at java.util.concurrent.ThreadPoolExecutor.getTask(ThreadPoolExecutor.java:1074)&#10;        at java.util.concurrent.ThreadPoolExecutor.runWorker(ThreadPoolExecutor.java:1134)&#10;        at java.util.concurrent.ThreadPoolExecutor$Worker.run(ThreadPoolExecutor.java:624)&#10;        at java.lang.Thread.run(Thread.java:748)&#10;&quot;pool-188-thread-50&quot;  prio=5 tid=2537 in Object.wait()&#10;java.lang.Thread.State: WAITING (on object monitor)&#10;        at sun.misc.Unsafe.park(Native Method)&#10;        at java.util.concurrent.locks.LockSupport.park(LockSupport.java:175)&#10;        at java.util.concurrent.locks.AbstractQueuedSynchronizer$ConditionObject.await(AbstractQueuedSynchronizer.java:2039)&#10;        at java.util.concurrent.ArrayBlockingQueue.take(ArrayBlockingQueue.java:403)&#10;        at java.util.concurrent.ThreadPoolExecutor.getTask(ThreadPoolExecutor.java:1074)&#10;        at java.util.concurrent.ThreadPoolExecutor.runWorker(ThreadPoolExecutor.java:1134)&#10;        at java.util.concurrent.ThreadPoolExecutor$Worker.run(ThreadPoolExecutor.java:624)&#10;        at java.lang.Thread.run(Thread.java:748)&#10;&quot;dd0e1198-6ba1-4c32-9ce2-054c25212f92@group-877CB685509D-SegmentedRaftLogWorker&quot;  prio=5 tid=3139 timed_waiting&#10;java.lang.Thread.State: TIMED_WAITING&#10;        at sun.misc.Unsafe.park(Native Method)&#10;        at java.util.concurrent.locks.LockSupport.parkNanos(LockSupport.java:215)&#10;        at java.util.concurrent.locks.AbstractQueuedSynchronizer$ConditionObject.awaitNanos(AbstractQueuedSynchronizer.java:2078)&#10;        at org.apache.ratis.util.DataBlockingQueue.poll(DataBlockingQueue.java:137)&#10;        at org.apache.ratis.server.raftlog.segmented.SegmentedRaftLogWorker.run(SegmentedRaftLogWorker.java:282)&#10;        at java.lang.Thread.run(Thread.java:748)&#10;&quot;pool-218-thread-19&quot;  prio=5 tid=2692 in Object.wait()&#10;java.lang.Thread.State: WAITING (on object monitor)&#10;        at sun.misc.Unsafe.park(Native Method)&#10;        at java.util.concurrent.locks.LockSupport.park(LockSupport.java:175)&#10;        at java.util.concurrent.locks.AbstractQueuedSynchronizer$ConditionObject.await(AbstractQueuedSynchronizer.java:2039)&#10;        at java.util.concurrent.ArrayBlockingQueue.take(ArrayBlockingQueue.java:403)&#10;        at java.util.concurrent.ThreadPoolExecutor.getTask(ThreadPoolExecutor.java:1074)&#10;        at java.util.concurrent.ThreadPoolExecutor.runWorker(ThreadPoolExecutor.java:1134)&#10;        at java.util.concurrent.ThreadPoolExecutor$Worker.run(ThreadPoolExecutor.java:624)&#10;        at java.lang.Thread.run(Thread.java:748)&#10;&quot;pool-238-thread-5&quot;  prio=5 tid=2802 in Object.wait()&#10;java.lang.Thread.State: WAITING (on object monitor)&#10;        at sun.misc.Unsafe.park(Native Method)&#10;        at java.util.concurrent.locks.LockSupport.park(LockSupport.java:175)&#10;        at java.util.concurrent.locks.AbstractQueuedSynchronizer$ConditionObject.await(AbstractQueuedSynchronizer.java:2039)&#10;        at java.util.concurrent.ArrayBlockingQueue.take(ArrayBlockingQueue.java:403)&#10;        at java.util.concurrent.ThreadPoolExecutor.getTask(ThreadPoolExecutor.java:1074)&#10;        at java.util.concurrent.ThreadPoolExecutor.runWorker(ThreadPoolExecutor.java:1134)&#10;        at java.util.concurrent.ThreadPoolExecutor$Worker.run(ThreadPoolExecutor.java:624)&#10;        at java.lang.Thread.run(Thread.java:748)&#10;&quot;BlockDeletingService#0&quot; daemon prio=5 tid=2858 timed_waiting&#10;java.lang.Thread.State: TIMED_WAITING&#10;        at sun.misc.Unsafe.park(Native Method)&#10;        at java.util.concurrent.locks.LockSupport.parkNanos(LockSupport.java:215)&#10;        at java.util.concurrent.locks.AbstractQueuedSynchronizer$ConditionObject.awaitNanos(AbstractQueuedSynchronizer.java:2078)&#10;        at java.util.concurrent.ScheduledThreadPoolExecutor$DelayedWorkQueue.take(ScheduledThreadPoolExecutor.java:1093)&#10;        at java.util.concurrent.ScheduledThreadPoolExecutor$DelayedWorkQueue.take(ScheduledThreadPoolExecutor.java:809)&#10;        at java.util.concurrent.ThreadPoolExecutor.getTask(ThreadPoolExecutor.java:1074)&#10;        at java.util.concurrent.ThreadPoolExecutor.runWorker(ThreadPoolExecutor.java:1134)&#10;        at java.util.concurrent.ThreadPoolExecutor$Worker.run(ThreadPoolExecutor.java:624)&#10;        at java.lang.Thread.run(Thread.java:748)&#10;&quot;pool-148-thread-48&quot;  prio=5 tid=2286 in Object.wait()&#10;java.lang.Thread.State: WAITING (on object monitor)&#10;        at sun.misc.Unsafe.park(Native Method)&#10;        at java.util.concurrent.locks.LockSupport.park(LockSupport.java:175)&#10;        at java.util.concurrent.locks.AbstractQueuedSynchronizer$ConditionObject.await(AbstractQueuedSynchronizer.java:2039)&#10;        at java.util.concurrent.ArrayBlockingQueue.take(ArrayBlockingQueue.java:403)&#10;        at java.util.concurrent.ThreadPoolExecutor.getTask(ThreadPoolExecutor.java:1074)&#10;        at java.util.concurrent.ThreadPoolExecutor.runWorker(ThreadPoolExecutor.java:1134)&#10;        at java.util.concurrent.ThreadPoolExecutor$Worker.run(ThreadPoolExecutor.java:624)&#10;        at java.lang.Thread.run(Thread.java:748)&#10;&quot;pool-148-thread-17&quot;  prio=5 tid=2255 in Object.wait()&#10;java.lang.Thread.State: WAITING (on object monitor)&#10;        at sun.misc.Unsafe.park(Native Method)&#10;        at java.util.concurrent.locks.LockSupport.park(LockSupport.java:175)&#10;        at java.util.concurrent.locks.AbstractQueuedSynchronizer$ConditionObject.await(AbstractQueuedSynchronizer.java:2039)&#10;        at java.util.concurrent.ArrayBlockingQueue.take(ArrayBlockingQueue.java:403)&#10;        at java.util.concurrent.ThreadPoolExecutor.getTask(ThreadPoolExecutor.java:1074)&#10;        at java.util.concurrent.ThreadPoolExecutor.runWorker(ThreadPoolExecutor.java:1134)&#10;        at java.util.concurrent.ThreadPoolExecutor$Worker.run(ThreadPoolExecutor.java:624)&#10;        at java.lang.Thread.run(Thread.java:748)&#10;&quot;pool-158-thread-2&quot;  prio=5 tid=2303 in Object.wait()&#10;java.lang.Thread.State: WAITING (on object monitor)&#10;        at sun.misc.Unsafe.park(Native Method)&#10;        at java.util.concurrent.locks.LockSupport.park(LockSupport.java:175)&#10;        at java.util.concurrent.locks.AbstractQueuedSynchronizer$ConditionObject.await(AbstractQueuedSynchronizer.java:2039)&#10;        at java.util.concurrent.ArrayBlockingQueue.take(ArrayBlockingQueue.java:403)&#10;        at java.util.concurrent.ThreadPoolExecutor.getTask(ThreadPoolExecutor.java:1074)&#10;        at java.util.concurrent.ThreadPoolExecutor.runWorker(ThreadPoolExecutor.java:1134)&#10;        at java.util.concurrent.ThreadPoolExecutor$Worker.run(ThreadPoolExecutor.java:624)&#10;        at java.lang.Thread.run(Thread.java:748)&#10;&quot;BlockDeletingService#0&quot; daemon prio=5 tid=2734 timed_waiting&#10;java.lang.Thread.State: TIMED_WAITING&#10;        at sun.misc.Unsafe.park(Native Method)&#10;        at java.util.concurrent.locks.LockSupport.parkNanos(LockSupport.java:215)&#10;        at java.util.concurrent.locks.AbstractQueuedSynchronizer$ConditionObject.awaitNanos(AbstractQueuedSynchronizer.java:2078)&#10;        at java.util.concurrent.ScheduledThreadPoolExecutor$DelayedWorkQueue.take(ScheduledThreadPoolExecutor.java:1093)&#10;        at java.util.concurrent.ScheduledThreadPoolExecutor$DelayedWorkQueue.take(ScheduledThreadPoolExecutor.java:809)&#10;        at java.util.concurrent.ThreadPoolExecutor.getTask(ThreadPoolExecutor.java:1074)&#10;        at java.util.concurrent.ThreadPoolExecutor.runWorker(ThreadPoolExecutor.java:1134)&#10;        at java.util.concurrent.ThreadPoolExecutor$Worker.run(ThreadPoolExecutor.java:624)&#10;        at java.lang.Thread.run(Thread.java:748)&#10;&quot;pool-148-thread-52&quot;  prio=5 tid=2290 in Object.wait()&#10;java.lang.Thread.State: WAITING (on object monitor)&#10;        at sun.misc.Unsafe.park(Native Method)&#10;        at java.util.concurrent.locks.LockSupport.park(LockSupport.java:175)&#10;        at java.util.concurrent.locks.AbstractQueuedSynchronizer$ConditionObject.await(AbstractQueuedSynchronizer.java:2039)&#10;        at java.util.concurrent.ArrayBlockingQueue.take(ArrayBlockingQueue.java:403)&#10;        at java.util.concurrent.ThreadPoolExecutor.getTask(ThreadPoolExecutor.java:1074)&#10;        at java.util.concurrent.ThreadPoolExecutor.runWorker(ThreadPoolExecutor.java:1134)&#10;        at java.util.concurrent.ThreadPoolExecutor$Worker.run(ThreadPoolExecutor.java:624)&#10;        at java.lang.Thread.run(Thread.java:748)&#10;&quot;IPC Server handler 2 on 42444&quot; daemon prio=5 tid=1894 timed_waiting&#10;java.lang.Thread.State: TIMED_WAITING&#10;        at sun.misc.Unsafe.park(Native Method)&#10;        at java.util.concurrent.locks.LockSupport.parkNanos(LockSupport.java:215)&#10;        at java.util.concurrent.locks.AbstractQueuedSynchronizer$ConditionObject.awaitNanos(AbstractQueuedSynchronizer.java:2078)&#10;        at java.util.concurrent.LinkedBlockingQueue.poll(LinkedBlockingQueue.java:467)&#10;        at org.apache.hadoop.ipc.CallQueueManager.take(CallQueueManager.java:288)&#10;        at org.apache.hadoop.ipc.Server$Handler.run(Server.java:2668)&#10;&quot;Datanode ReportManager Thread - 1&quot; daemon prio=5 tid=361 in Object.wait()&#10;java.lang.Thread.State: WAITING (on object monitor)&#10;        at sun.misc.Unsafe.park(Native Method)&#10;        at java.util.concurrent.locks.LockSupport.park(LockSupport.java:175)&#10;        at java.util.concurrent.locks.AbstractQueuedSynchronizer$ConditionObject.await(AbstractQueuedSynchronizer.java:2039)&#10;        at java.util.concurrent.ScheduledThreadPoolExecutor$DelayedWorkQueue.take(ScheduledThreadPoolExecutor.java:1088)&#10;        at java.util.concurrent.ScheduledThreadPoolExecutor$DelayedWorkQueue.take(ScheduledThreadPoolExecutor.java:809)&#10;        at java.util.concurrent.ThreadPoolExecutor.getTask(ThreadPoolExecutor.java:1074)&#10;        at java.util.concurrent.ThreadPoolExecutor.runWorker(ThreadPoolExecutor.java:1134)&#10;        at java.util.concurrent.ThreadPoolExecutor$Worker.run(ThreadPoolExecutor.java:624)&#10;        at java.lang.Thread.run(Thread.java:748)&#10;&quot;pool-208-thread-22&quot;  prio=5 tid=2633 in Object.wait()&#10;java.lang.Thread.State: WAITING (on object monitor)&#10;        at sun.misc.Unsafe.park(Native Method)&#10;        at java.util.concurrent.locks.LockSupport.park(LockSupport.java:175)&#10;        at java.util.concurrent.locks.AbstractQueuedSynchronizer$ConditionObject.await(AbstractQueuedSynchronizer.java:2039)&#10;        at java.util.concurrent.ArrayBlockingQueue.take(ArrayBlockingQueue.java:403)&#10;        at java.util.concurrent.ThreadPoolExecutor.getTask(ThreadPoolExecutor.java:1074)&#10;        at java.util.concurrent.ThreadPoolExecutor.runWorker(ThreadPoolExecutor.java:1134)&#10;        at java.util.concurrent.ThreadPoolExecutor$Worker.run(ThreadPoolExecutor.java:624)&#10;        at java.lang.Thread.run(Thread.java:748)&#10;&quot;Thread-1353&quot; daemon prio=5 tid=2982 timed_waiting&#10;java.lang.Thread.State: TIMED_WAITING&#10;        at sun.misc.Unsafe.park(Native Method)&#10;        at java.util.concurrent.locks.LockSupport.parkNanos(LockSupport.java:215)&#10;        at java.util.concurrent.locks.AbstractQueuedSynchronizer$ConditionObject.awaitNanos(AbstractQueuedSynchronizer.java:2078)&#10;        at java.util.concurrent.ArrayBlockingQueue.poll(ArrayBlockingQueue.java:418)&#10;        at org.apache.ratis.server.impl.LeaderState$EventQueue.poll(LeaderState.java:115)&#10;        at org.apache.ratis.server.impl.LeaderState$EventProcessor.run(LeaderState.java:467)&#10;&quot;pool-242-thread-1&quot;  prio=5 tid=2218 timed_waiting&#10;java.lang.Thread.State: TIMED_WAITING&#10;        at sun.misc.Unsafe.park(Native Method)&#10;        at java.util.concurrent.locks.LockSupport.parkNanos(LockSupport.java:215)&#10;        at java.util.concurrent.locks.AbstractQueuedSynchronizer$ConditionObject.awaitNanos(AbstractQueuedSynchronizer.java:2078)&#10;        at java.util.concurrent.ScheduledThreadPoolExecutor$DelayedWorkQueue.take(ScheduledThreadPoolExecutor.java:1093)&#10;        at java.util.concurrent.ScheduledThreadPoolExecutor$DelayedWorkQueue.take(ScheduledThreadPoolExecutor.java:809)&#10;        at java.util.concurrent.ThreadPoolExecutor.getTask(ThreadPoolExecutor.java:1074)&#10;        at java.util.concurrent.ThreadPoolExecutor.runWorker(ThreadPoolExecutor.java:1134)&#10;        at java.util.concurrent.ThreadPoolExecutor$Worker.run(ThreadPoolExecutor.java:624)&#10;        at java.lang.Thread.run(Thread.java:748)&#10;&quot;pool-238-thread-8&quot;  prio=5 tid=2805 in Object.wait()&#10;java.lang.Thread.State: WAITING (on object monitor)&#10;        at sun.misc.Unsafe.park(Native Method)&#10;        at java.util.concurrent.locks.LockSupport.park(LockSupport.java:175)&#10;        at java.util.concurrent.locks.AbstractQueuedSynchronizer$ConditionObject.await(AbstractQueuedSynchronizer.java:2039)&#10;        at java.util.concurrent.ArrayBlockingQueue.take(ArrayBlockingQueue.java:403)&#10;        at java.util.concurrent.ThreadPoolExecutor.getTask(ThreadPoolExecutor.java:1074)&#10;        at java.util.concurrent.ThreadPoolExecutor.runWorker(ThreadPoolExecutor.java:1134)&#10;        at java.util.concurrent.ThreadPoolExecutor$Worker.run(ThreadPoolExecutor.java:624)&#10;        at java.lang.Thread.run(Thread.java:748)&#10;&quot;pool-238-thread-27&quot;  prio=5 tid=2824 in Object.wait()&#10;java.lang.Thread.State: WAITING (on object monitor)&#10;        at sun.misc.Unsafe.park(Native Method)&#10;        at java.util.concurrent.locks.LockSupport.park(LockSupport.java:175)&#10;        at java.util.concurrent.locks.AbstractQueuedSynchronizer$ConditionObject.await(AbstractQueuedSynchronizer.java:2039)&#10;        at java.util.concurrent.ArrayBlockingQueue.take(ArrayBlockingQueue.java:403)&#10;        at java.util.concurrent.ThreadPoolExecutor.getTask(ThreadPoolExecutor.java:1074)&#10;        at java.util.concurrent.ThreadPoolExecutor.runWorker(ThreadPoolExecutor.java:1134)&#10;        at java.util.concurrent.ThreadPoolExecutor$Worker.run(ThreadPoolExecutor.java:624)&#10;        at java.lang.Thread.run(Thread.java:748)&#10;&quot;PartialTableCache Cleanup Thread - 0&quot; daemon prio=5 tid=3034 in Object.wait()&#10;java.lang.Thread.State: WAITING (on object monitor)&#10;        at sun.misc.Unsafe.park(Native Method)&#10;        at java.util.concurrent.locks.LockSupport.park(LockSupport.java:175)&#10;        at java.util.concurrent.locks.AbstractQueuedSynchronizer$ConditionObject.await(AbstractQueuedSynchronizer.java:2039)&#10;        at java.util.concurrent.LinkedBlockingQueue.take(LinkedBlockingQueue.java:442)&#10;        at java.util.concurrent.ThreadPoolExecutor.getTask(ThreadPoolExecutor.java:1074)&#10;        at java.util.concurrent.ThreadPoolExecutor.runWorker(ThreadPoolExecutor.java:1134)&#10;        at java.util.concurrent.ThreadPoolExecutor$Worker.run(ThreadPoolExecutor.java:624)&#10;        at java.lang.Thread.run(Thread.java:748)&#10;&quot;Finalizer&quot; daemon prio=8 tid=3 in Object.wait()&#10;java.lang.Thread.State: WAITING (on object monitor)&#10;        at java.lang.Object.wait(Native Method)&#10;        at java.lang.ref.ReferenceQueue.remove(ReferenceQueue.java:144)&#10;        at java.lang.ref.ReferenceQueue.remove(ReferenceQueue.java:165)&#10;        at java.lang.ref.Finalizer$FinalizerThread.run(Finalizer.java:216)&#10;&quot;Thread-1547&quot; daemon prio=5 tid=3206 timed_waiting&#10;java.lang.Thread.State: TIMED_WAITING&#10;        at sun.misc.Unsafe.park(Native Method)&#10;        at java.util.concurrent.locks.LockSupport.parkNanos(LockSupport.java:215)&#10;        at java.util.concurrent.locks.AbstractQueuedSynchronizer$ConditionObject.awaitNanos(AbstractQueuedSynchronizer.java:2078)&#10;        at java.util.concurrent.ArrayBlockingQueue.poll(ArrayBlockingQueue.java:418)&#10;        at org.apache.ratis.server.impl.LeaderState$EventQueue.poll(LeaderState.java:115)&#10;        at org.apache.ratis.server.impl.LeaderState$EventProcessor.run(LeaderState.java:467)&#10;&quot;qtp95553286-1963&quot; daemon prio=5 tid=1963 timed_waiting&#10;java.lang.Thread.State: TIMED_WAITING&#10;        at sun.misc.Unsafe.park(Native Method)&#10;        at java.util.concurrent.locks.LockSupport.parkNanos(LockSupport.java:215)&#10;        at java.util.concurrent.locks.AbstractQueuedSynchronizer$ConditionObject.awaitNanos(AbstractQueuedSynchronizer.java:2078)&#10;        at org.eclipse.jetty.util.BlockingArrayQueue.poll(BlockingArrayQueue.java:392)&#10;        at org.eclipse.jetty.util.thread.QueuedThreadPool.idleJobPoll(QueuedThreadPool.java:563)&#10;        at org.eclipse.jetty.util.thread.QueuedThreadPool.access$800(QueuedThreadPool.java:48)&#10;        at org.eclipse.jetty.util.thread.QueuedThreadPool$2.run(QueuedThreadPool.java:626)&#10;        at java.lang.Thread.run(Thread.java:748)&#10;&quot;IPC Server handler 3 on 35974&quot; daemon prio=5 tid=1855 timed_waiting&#10;java.lang.Thread.State: TIMED_WAITING&#10;        at sun.misc.Unsafe.park(Native Method)&#10;        at java.util.concurrent.locks.LockSupport.parkNanos(LockSupport.java:215)&#10;        at java.util.concurrent.locks.AbstractQueuedSynchronizer$ConditionObject.awaitNanos(AbstractQueuedSynchronizer.java:2078)&#10;        at java.util.concurrent.LinkedBlockingQueue.poll(LinkedBlockingQueue.java:467)&#10;        at org.apache.hadoop.ipc.CallQueueManager.take(CallQueueManager.java:288)&#10;        at org.apache.hadoop.ipc.Server$Handler.run(Server.java:2668)&#10;&quot;EventQueue-NodeRegistrationContainerReportForDataNodeSafeModeRule&quot; daemon prio=5 tid=2864 in Object.wait()&#10;java.lang.Thread.State: WAITING (on object monitor)&#10;        at sun.misc.Unsafe.park(Native Method)&#10;        at java.util.concurrent.locks.LockSupport.park(LockSupport.java:175)&#10;        at java.util.concurrent.locks.AbstractQueuedSynchronizer$ConditionObject.await(AbstractQueuedSynchronizer.java:2039)&#10;        at java.util.concurrent.LinkedBlockingQueue.take(LinkedBlockingQueue.java:442)&#10;        at java.util.concurrent.ThreadPoolExecutor.getTask(ThreadPoolExecutor.java:1074)&#10;        at java.util.concurrent.ThreadPoolExecutor.runWorker(ThreadPoolExecutor.java:1134)&#10;        at java.util.concurrent.ThreadPoolExecutor$Worker.run(ThreadPoolExecutor.java:624)&#10;        at java.lang.Thread.run(Thread.java:748)&#10;&quot;IPC Server handler 11 on 43737&quot; daemon prio=5 tid=1883 timed_waiting&#10;java.lang.Thread.State: TIMED_WAITING&#10;        at sun.misc.Unsafe.park(Native Method)&#10;        at java.util.concurrent.locks.LockSupport.parkNanos(LockSupport.java:215)&#10;        at java.util.concurrent.locks.AbstractQueuedSynchronizer$ConditionObject.awaitNanos(AbstractQueuedSynchronizer.java:2078)&#10;        at java.util.concurrent.LinkedBlockingQueue.poll(LinkedBlockingQueue.java:467)&#10;        at org.apache.hadoop.ipc.CallQueueManager.take(CallQueueManager.java:288)&#10;        at org.apache.hadoop.ipc.Server$Handler.run(Server.java:2668)&#10;&quot;pool-178-thread-46&quot;  prio=5 tid=2471 in Object.wait()&#10;java.lang.Thread.State: WAITING (on object monitor)&#10;        at sun.misc.Unsafe.park(Native Method)&#10;        at java.util.concurrent.locks.LockSupport.park(LockSupport.java:175)&#10;        at java.util.concurrent.locks.AbstractQueuedSynchronizer$ConditionObject.await(AbstractQueuedSynchronizer.java:2039)&#10;        at java.util.concurrent.ArrayBlockingQueue.take(ArrayBlockingQueue.java:403)&#10;        at java.util.concurrent.ThreadPoolExecutor.getTask(ThreadPoolExecutor.java:1074)&#10;        at java.util.concurrent.ThreadPoolExecutor.runWorker(ThreadPoolExecutor.java:1134)&#10;        at java.util.concurrent.ThreadPoolExecutor$Worker.run(ThreadPoolExecutor.java:624)&#10;        at java.lang.Thread.run(Thread.java:748)&#10;&quot;pool-158-thread-6&quot;  prio=5 tid=2307 in Object.wait()&#10;java.lang.Thread.State: WAITING (on object monitor)&#10;        at sun.misc.Unsafe.park(Native Method)&#10;        at java.util.concurrent.locks.LockSupport.park(LockSupport.java:175)&#10;        at java.util.concurrent.locks.AbstractQueuedSynchronizer$ConditionObject.await(AbstractQueuedSynchronizer.java:2039)&#10;        at java.util.concurrent.ArrayBlockingQueue.take(ArrayBlockingQueue.java:403)&#10;        at java.util.concurrent.ThreadPoolExecutor.getTask(ThreadPoolExecutor.java:1074)&#10;        at java.util.concurrent.ThreadPoolExecutor.runWorker(ThreadPoolExecutor.java:1134)&#10;        at java.util.concurrent.ThreadPoolExecutor$Worker.run(ThreadPoolExecutor.java:624)&#10;        at java.lang.Thread.run(Thread.java:748)&#10;&quot;pool-198-thread-5&quot;  prio=5 tid=2554 in Object.wait()&#10;java.lang.Thread.State: WAITING (on object monitor)&#10;        at sun.misc.Unsafe.park(Native Method)&#10;        at java.util.concurrent.locks.LockSupport.park(LockSupport.java:175)&#10;        at java.util.concurrent.locks.AbstractQueuedSynchronizer$ConditionObject.await(AbstractQueuedSynchronizer.java:2039)&#10;        at java.util.concurrent.ArrayBlockingQueue.take(ArrayBlockingQueue.java:403)&#10;        at java.util.concurrent.ThreadPoolExecutor.getTask(ThreadPoolExecutor.java:1074)&#10;        at java.util.concurrent.ThreadPoolExecutor.runWorker(ThreadPoolExecutor.java:1134)&#10;        at java.util.concurrent.ThreadPoolExecutor$Worker.run(ThreadPoolExecutor.java:624)&#10;        at java.lang.Thread.run(Thread.java:748)&#10;&quot;pool-149-thread-1&quot;  prio=5 tid=2869 in Object.wait()&#10;java.lang.Thread.State: WAITING (on object monitor)&#10;        at sun.misc.Unsafe.park(Native Method)&#10;        at java.util.concurrent.locks.LockSupport.park(LockSupport.java:175)&#10;        at java.util.concurrent.locks.AbstractQueuedSynchronizer$ConditionObject.await(AbstractQueuedSynchronizer.java:2039)&#10;        at java.util.concurrent.LinkedBlockingQueue.take(LinkedBlockingQueue.java:442)&#10;        at java.util.concurrent.ThreadPoolExecutor.getTask(ThreadPoolExecutor.java:1074)&#10;        at java.util.concurrent.ThreadPoolExecutor.runWorker(ThreadPoolExecutor.java:1134)&#10;        at java.util.concurrent.ThreadPoolExecutor$Worker.run(ThreadPoolExecutor.java:624)&#10;        at java.lang.Thread.run(Thread.java:748)&#10;&quot;pool-198-thread-58&quot;  prio=5 tid=2607 in Object.wait()&#10;java.lang.Thread.State: WAITING (on object monitor)&#10;        at sun.misc.Unsafe.park(Native Method)&#10;        at java.util.concurrent.locks.LockSupport.park(LockSupport.java:175)&#10;        at java.util.concurrent.locks.AbstractQueuedSynchronizer$ConditionObject.await(AbstractQueuedSynchronizer.java:2039)&#10;        at java.util.concurrent.ArrayBlockingQueue.take(ArrayBlockingQueue.java:403)&#10;        at java.util.concurrent.ThreadPoolExecutor.getTask(ThreadPoolExecutor.java:1074)&#10;        at java.util.concurrent.ThreadPoolExecutor.runWorker(ThreadPoolExecutor.java:1134)&#10;        at java.util.concurrent.ThreadPoolExecutor$Worker.run(ThreadPoolExecutor.java:624)&#10;        at java.lang.Thread.run(Thread.java:748)&#10;&quot;DataNode DiskChecker thread 0&quot; daemon prio=5 tid=2134 timed_waiting&#10;java.lang.Thread.State: TIMED_WAITING&#10;        at sun.misc.Unsafe.park(Native Method)&#10;        at java.util.concurrent.locks.LockSupport.parkNanos(LockSupport.java:215)&#10;        at java.util.concurrent.SynchronousQueue$TransferStack.awaitFulfill(SynchronousQueue.java:460)&#10;        at java.util.concurrent.SynchronousQueue$TransferStack.transfer(SynchronousQueue.java:362)&#10;        at java.util.concurrent.SynchronousQueue.poll(SynchronousQueue.java:941)&#10;        at java.util.concurrent.ThreadPoolExecutor.getTask(ThreadPoolExecutor.java:1073)&#10;        at java.util.concurrent.ThreadPoolExecutor.runWorker(ThreadPoolExecutor.java:1134)&#10;        at java.util.concurrent.ThreadPoolExecutor$Worker.run(ThreadPoolExecutor.java:624)&#10;        at java.lang.Thread.run(Thread.java:748)&#10;&quot;BlockDeletingService#0&quot; daemon prio=5 tid=2486 timed_waiting&#10;java.lang.Thread.State: TIMED_WAITING&#10;        at sun.misc.Unsafe.park(Native Method)&#10;        at java.util.concurrent.locks.LockSupport.parkNanos(LockSupport.java:215)&#10;        at java.util.concurrent.locks.AbstractQueuedSynchronizer$ConditionObject.awaitNanos(AbstractQueuedSynchronizer.java:2078)&#10;        at java.util.concurrent.ScheduledThreadPoolExecutor$DelayedWorkQueue.take(ScheduledThreadPoolExecutor.java:1093)&#10;        at java.util.concurrent.ScheduledThreadPoolExecutor$DelayedWorkQueue.take(ScheduledThreadPoolExecutor.java:809)&#10;        at java.util.concurrent.ThreadPoolExecutor.getTask(ThreadPoolExecutor.java:1074)&#10;        at java.util.concurrent.ThreadPoolExecutor.runWorker(ThreadPoolExecutor.java:1134)&#10;        at java.util.concurrent.ThreadPoolExecutor$Worker.run(ThreadPoolExecutor.java:624)&#10;        at java.lang.Thread.run(Thread.java:748)&#10;&quot;Datanode ReportManager Thread - 1&quot; daemon prio=5 tid=2016 in Object.wait()&#10;java.lang.Thread.State: WAITING (on object monitor)&#10;        at sun.misc.Unsafe.park(Native Method)&#10;        at java.util.concurrent.locks.LockSupport.park(LockSupport.java:175)&#10;        at java.util.concurrent.locks.AbstractQueuedSynchronizer$ConditionObject.await(AbstractQueuedSynchronizer.java:2039)&#10;        at java.util.concurrent.ScheduledThreadPoolExecutor$DelayedWorkQueue.take(ScheduledThreadPoolExecutor.java:1088)&#10;        at java.util.concurrent.ScheduledThreadPoolExecutor$DelayedWorkQueue.take(ScheduledThreadPoolExecutor.java:809)&#10;        at java.util.concurrent.ThreadPoolExecutor.getTask(ThreadPoolExecutor.java:1074)&#10;        at java.util.concurrent.ThreadPoolExecutor.runWorker(ThreadPoolExecutor.java:1134)&#10;        at java.util.concurrent.ThreadPoolExecutor$Worker.run(ThreadPoolExecutor.java:624)&#10;        at java.lang.Thread.run(Thread.java:748)&#10;&quot;pool-238-thread-52&quot;  prio=5 tid=2849 in Object.wait()&#10;java.lang.Thread.State: WAITING (on object monitor)&#10;        at sun.misc.Unsafe.park(Native Method)&#10;        at java.util.concurrent.locks.LockSupport.park(LockSupport.java:175)&#10;        at java.util.concurrent.locks.AbstractQueuedSynchronizer$ConditionObject.await(AbstractQueuedSynchronizer.java:2039)&#10;        at java.util.concurrent.ArrayBlockingQueue.take(ArrayBlockingQueue.java:403)&#10;        at java.util.concurrent.ThreadPoolExecutor.getTask(ThreadPoolExecutor.java:1074)&#10;        at java.util.concurrent.ThreadPoolExecutor.runWorker(ThreadPoolExecutor.java:1134)&#10;        at java.util.concurrent.ThreadPoolExecutor$Worker.run(ThreadPoolExecutor.java:624)&#10;        at java.lang.Thread.run(Thread.java:748)&#10;&quot;pool-238-thread-25&quot;  prio=5 tid=2822 in Object.wait()&#10;java.lang.Thread.State: WAITING (on object monitor)&#10;        at sun.misc.Unsafe.park(Native Method)&#10;        at java.util.concurrent.locks.LockSupport.park(LockSupport.java:175)&#10;        at java.util.concurrent.locks.AbstractQueuedSynchronizer$ConditionObject.await(AbstractQueuedSynchronizer.java:2039)&#10;        at java.util.concurrent.ArrayBlockingQueue.take(ArrayBlockingQueue.java:403)&#10;        at java.util.concurrent.ThreadPoolExecutor.getTask(ThreadPoolExecutor.java:1074)&#10;        at java.util.concurrent.ThreadPoolExecutor.runWorker(ThreadPoolExecutor.java:1134)&#10;        at java.util.concurrent.ThreadPoolExecutor$Worker.run(ThreadPoolExecutor.java:624)&#10;        at java.lang.Thread.run(Thread.java:748)&#10;&quot;org.apache.ratis.server.impl.LogAppender$AppenderDaemon$$Lambda$463/184788748@2f452446&quot; daemon prio=5 tid=3195 timed_waiting&#10;java.lang.Thread.State: TIMED_WAITING&#10;        at java.lang.Object.wait(Native Method)&#10;        at org.apache.ratis.grpc.server.GrpcLogAppender.mayWait(GrpcLogAppender.java:149)&#10;        at org.apache.ratis.grpc.server.GrpcLogAppender.runAppenderImpl(GrpcLogAppender.java:103)&#10;        at org.apache.ratis.server.impl.LogAppender$AppenderDaemon.run(LogAppender.java:76)&#10;        at org.apache.ratis.server.impl.LogAppender$AppenderDaemon$$Lambda$463/184788748.run(Unknown Source)&#10;        at java.lang.Thread.run(Thread.java:748)&#10;&quot;EventQueue-CloseContainerForCloseContainerEventHandler&quot;  prio=5 tid=3077 in Object.wait()&#10;java.lang.Thread.State: WAITING (on object monitor)&#10;        at sun.misc.Unsafe.park(Native Method)&#10;        at java.util.concurrent.locks.LockSupport.park(LockSupport.java:175)&#10;        at java.util.concurrent.locks.AbstractQueuedSynchronizer$ConditionObject.await(AbstractQueuedSynchronizer.java:2039)&#10;        at java.util.concurrent.LinkedBlockingQueue.take(LinkedBlockingQueue.java:442)&#10;        at java.util.concurrent.ThreadPoolExecutor.getTask(ThreadPoolExecutor.java:1074)&#10;        at java.util.concurrent.ThreadPoolExecutor.runWorker(ThreadPoolExecutor.java:1134)&#10;        at java.util.concurrent.ThreadPoolExecutor$Worker.run(ThreadPoolExecutor.java:624)&#10;        at java.lang.Thread.run(Thread.java:748)&#10;&quot;pool-208-thread-15&quot;  prio=5 tid=2626 in Object.wait()&#10;java.lang.Thread.State: WAITING (on object monitor)&#10;        at sun.misc.Unsafe.park(Native Method)&#10;        at java.util.concurrent.locks.LockSupport.park(LockSupport.java:175)&#10;        at java.util.concurrent.locks.AbstractQueuedSynchronizer$ConditionObject.await(AbstractQueuedSynchronizer.java:2039)&#10;        at java.util.concurrent.ArrayBlockingQueue.take(ArrayBlockingQueue.java:403)&#10;        at java.util.concurrent.ThreadPoolExecutor.getTask(ThreadPoolExecutor.java:1074)&#10;        at java.util.concurrent.ThreadPoolExecutor.runWorker(ThreadPoolExecutor.java:1134)&#10;        at java.util.concurrent.ThreadPoolExecutor$Worker.run(ThreadPoolExecutor.java:624)&#10;        at java.lang.Thread.run(Thread.java:748)&#10;&quot;qtp141388791-2220-acceptor-0@20f1802f-ServerConnector@718f805a{HTTP/1.1,[http/1.1]}{0.0.0.0:43453}&quot; daemon prio=3 tid=2220 runnable&#10;java.lang.Thread.State: RUNNABLE&#10;        at sun.nio.ch.ServerSocketChannelImpl.accept0(Native Method)&#10;        at sun.nio.ch.ServerSocketChannelImpl.accept(ServerSocketChannelImpl.java:422)&#10;        at sun.nio.ch.ServerSocketChannelImpl.accept(ServerSocketChannelImpl.java:250)&#10;        at org.eclipse.jetty.server.ServerConnector.accept(ServerConnector.java:397)&#10;        at org.eclipse.jetty.server.AbstractConnector$Acceptor.run(AbstractConnector.java:601)&#10;        at org.eclipse.jetty.util.thread.QueuedThreadPool.runJob(QueuedThreadPool.java:671)&#10;        at org.eclipse.jetty.util.thread.QueuedThreadPool$2.run(QueuedThreadPool.java:589)&#10;        at java.lang.Thread.run(Thread.java:748)&#10;&quot;BlockDeletingService#1&quot; daemon prio=5 tid=2425 in Object.wait()&#10;java.lang.Thread.State: WAITING (on object monitor)&#10;        at sun.misc.Unsafe.park(Native Method)&#10;        at java.util.concurrent.locks.LockSupport.park(LockSupport.java:175)&#10;        at java.util.concurrent.locks.AbstractQueuedSynchronizer$ConditionObject.await(AbstractQueuedSynchronizer.java:2039)&#10;        at java.util.concurrent.ScheduledThreadPoolExecutor$DelayedWorkQueue.take(ScheduledThreadPoolExecutor.java:1088)&#10;        at java.util.concurrent.ScheduledThreadPoolExecutor$DelayedWorkQueue.take(ScheduledThreadPoolExecutor.java:809)&#10;        at java.util.concurrent.ThreadPoolExecutor.getTask(ThreadPoolExecutor.java:1074)&#10;        at java.util.concurrent.ThreadPoolExecutor.runWorker(ThreadPoolExecutor.java:1134)&#10;        at java.util.concurrent.ThreadPoolExecutor$Worker.run(ThreadPoolExecutor.java:624)&#10;        at java.lang.Thread.run(Thread.java:748)&#10;&quot;Datanode State Machine Thread - 0&quot; daemon prio=5 tid=2041 timed_waiting&#10;java.lang.Thread.State: TIMED_WAITING&#10;        at java.lang.Thread.sleep(Native Method)&#10;        at org.apache.hadoop.ozone.container.common.statemachine.DatanodeStateMachine.start(DatanodeStateMachine.java:191)&#10;        at org.apache.hadoop.ozone.container.common.statemachine.DatanodeStateMachine.lambda$startDaemon$0(DatanodeStateMachine.java:349)&#10;        at org.apache.hadoop.ozone.container.common.statemachine.DatanodeStateMachine$$Lambda$141/1594065480.run(Unknown Source)&#10;        at java.lang.Thread.run(Thread.java:748)&#10;&quot;pool-218-thread-10&quot;  prio=5 tid=2683 in Object.wait()&#10;java.lang.Thread.State: WAITING (on object monitor)&#10;        at sun.misc.Unsafe.park(Native Method)&#10;        at java.util.concurrent.locks.LockSupport.park(LockSupport.java:175)&#10;        at java.util.concurrent.locks.AbstractQueuedSynchronizer$ConditionObject.await(AbstractQueuedSynchronizer.java:2039)&#10;        at java.util.concurrent.ArrayBlockingQueue.take(ArrayBlockingQueue.java:403)&#10;        at java.util.concurrent.ThreadPoolExecutor.getTask(ThreadPoolExecutor.java:1074)&#10;        at java.util.concurrent.ThreadPoolExecutor.runWorker(ThreadPoolExecutor.java:1134)&#10;        at java.util.concurrent.ThreadPoolExecutor$Worker.run(ThreadPoolExecutor.java:624)&#10;        at java.lang.Thread.run(Thread.java:748)&#10;&quot;pool-218-thread-50&quot;  prio=5 tid=2723 in Object.wait()&#10;java.lang.Thread.State: WAITING (on object monitor)&#10;        at sun.misc.Unsafe.park(Native Method)&#10;        at java.util.concurrent.locks.LockSupport.park(LockSupport.java:175)&#10;        at java.util.concurrent.locks.AbstractQueuedSynchronizer$ConditionObject.await(AbstractQueuedSynchronizer.java:2039)&#10;        at java.util.concurrent.ArrayBlockingQueue.take(ArrayBlockingQueue.java:403)&#10;        at java.util.concurrent.ThreadPoolExecutor.getTask(ThreadPoolExecutor.java:1074)&#10;        at java.util.concurrent.ThreadPoolExecutor.runWorker(ThreadPoolExecutor.java:1134)&#10;        at java.util.concurrent.ThreadPoolExecutor$Worker.run(ThreadPoolExecutor.java:624)&#10;        at java.lang.Thread.run(Thread.java:748)&#10;&quot;pool-179-thread-1&quot;  prio=5 tid=2899 in Object.wait()&#10;java.lang.Thread.State: WAITING (on object monitor)&#10;        at sun.misc.Unsafe.park(Native Method)&#10;        at java.util.concurrent.locks.LockSupport.park(LockSupport.java:175)&#10;        at java.util.concurrent.locks.AbstractQueuedSynchronizer$ConditionObject.await(AbstractQueuedSynchronizer.java:2039)&#10;        at java.util.concurrent.LinkedBlockingQueue.take(LinkedBlockingQueue.java:442)&#10;        at java.util.concurrent.ThreadPoolExecutor.getTask(ThreadPoolExecutor.java:1074)&#10;        at java.util.concurrent.ThreadPoolExecutor.runWorker(ThreadPoolExecutor.java:1134)&#10;        at java.util.concurrent.ThreadPoolExecutor$Worker.run(ThreadPoolExecutor.java:624)&#10;        at java.lang.Thread.run(Thread.java:748)&#10;&quot;pool-188-thread-2&quot;  prio=5 tid=2489 in Object.wait()&#10;java.lang.Thread.State: WAITING (on object monitor)&#10;        at sun.misc.Unsafe.park(Native Method)&#10;        at java.util.concurrent.locks.LockSupport.park(LockSupport.java:175)&#10;        at java.util.concurrent.locks.AbstractQueuedSynchronizer$ConditionObject.await(AbstractQueuedSynchronizer.java:2039)&#10;        at java.util.concurrent.ArrayBlockingQueue.take(ArrayBlockingQueue.java:403)&#10;        at java.util.concurrent.ThreadPoolExecutor.getTask(ThreadPoolExecutor.java:1074)&#10;        at java.util.concurrent.ThreadPoolExecutor.runWorker(ThreadPoolExecutor.java:1134)&#10;        at java.util.concurrent.ThreadPoolExecutor$Worker.run(ThreadPoolExecutor.java:624)&#10;        at java.lang.Thread.run(Thread.java:748)&#10;&quot;IPC Server handler 2 on 45554&quot; daemon prio=5 tid=1936 timed_waiting&#10;java.lang.Thread.State: TIMED_WAITING&#10;        at sun.misc.Unsafe.park(Native Method)&#10;        at java.util.concurrent.locks.LockSupport.parkNanos(LockSupport.java:215)&#10;        at java.util.concurrent.locks.AbstractQueuedSynchronizer$ConditionObject.awaitNanos(AbstractQueuedSynchronizer.java:2078)&#10;        at java.util.concurrent.LinkedBlockingQueue.poll(LinkedBlockingQueue.java:467)&#10;        at org.apache.hadoop.ipc.CallQueueManager.take(CallQueueManager.java:288)&#10;        at org.apache.hadoop.ipc.Server$Handler.run(Server.java:2668)&#10;&quot;pool-229-thread-1&quot;  prio=5 tid=2931 in Object.wait()&#10;java.lang.Thread.State: WAITING (on object monitor)&#10;        at sun.misc.Unsafe.park(Native Method)&#10;        at java.util.concurrent.locks.LockSupport.park(LockSupport.java:175)&#10;        at java.util.concurrent.locks.AbstractQueuedSynchronizer$ConditionObject.await(AbstractQueuedSynchronizer.java:2039)&#10;        at java.util.concurrent.LinkedBlockingQueue.take(LinkedBlockingQueue.java:442)&#10;        at java.util.concurrent.ThreadPoolExecutor.getTask(ThreadPoolExecutor.java:1074)&#10;        at java.util.concurrent.ThreadPoolExecutor.runWorker(ThreadPoolExecutor.java:1134)&#10;        at java.util.concurrent.ThreadPoolExecutor$Worker.run(ThreadPoolExecutor.java:624)&#10;        at java.lang.Thread.run(Thread.java:748)&#10;&quot;pool-178-thread-34&quot;  prio=5 tid=2459 in Object.wait()&#10;java.lang.Thread.State: WAITING (on object monitor)&#10;        at sun.misc.Unsafe.park(Native Method)&#10;        at java.util.concurrent.locks.LockSupport.park(LockSupport.java:175)&#10;        at java.util.concurrent.locks.AbstractQueuedSynchronizer$ConditionObject.await(AbstractQueuedSynchronizer.java:2039)&#10;        at java.util.concurrent.ArrayBlockingQueue.take(ArrayBlockingQueue.java:403)&#10;        at java.util.concurrent.ThreadPoolExecutor.getTask(ThreadPoolExecutor.java:1074)&#10;        at java.util.concurrent.ThreadPoolExecutor.runWorker(ThreadPoolExecutor.java:1134)&#10;        at java.util.concurrent.ThreadPoolExecutor$Worker.run(ThreadPoolExecutor.java:624)&#10;        at java.lang.Thread.run(Thread.java:748)&#10;&quot;pool-228-thread-37&quot;  prio=5 tid=2772 in Object.wait()&#10;java.lang.Thread.State: WAITING (on object monitor)&#10;        at sun.misc.Unsafe.park(Native Method)&#10;        at java.util.concurrent.locks.LockSupport.park(LockSupport.java:175)&#10;        at java.util.concurrent.locks.AbstractQueuedSynchronizer$ConditionObject.await(AbstractQueuedSynchronizer.java:2039)&#10;        at java.util.concurrent.ArrayBlockingQueue.take(ArrayBlockingQueue.java:403)&#10;        at java.util.concurrent.ThreadPoolExecutor.getTask(ThreadPoolExecutor.java:1074)&#10;        at java.util.concurrent.ThreadPoolExecutor.runWorker(ThreadPoolExecutor.java:1134)&#10;        at java.util.concurrent.ThreadPoolExecutor$Worker.run(ThreadPoolExecutor.java:624)&#10;        at java.lang.Thread.run(Thread.java:748)&#10;&quot;pool-198-thread-36&quot;  prio=5 tid=2585 in Object.wait()&#10;java.lang.Thread.State: WAITING (on object monitor)&#10;        at sun.misc.Unsafe.park(Native Method)&#10;        at java.util.concurrent.locks.LockSupport.park(LockSupport.java:175)&#10;        at java.util.concurrent.locks.AbstractQueuedSynchronizer$ConditionObject.await(AbstractQueuedSynchronizer.java:2039)&#10;        at java.util.concurrent.ArrayBlockingQueue.take(ArrayBlockingQueue.java:403)&#10;        at java.util.concurrent.ThreadPoolExecutor.getTask(ThreadPoolExecutor.java:1074)&#10;        at java.util.concurrent.ThreadPoolExecutor.runWorker(ThreadPoolExecutor.java:1134)&#10;        at java.util.concurrent.ThreadPoolExecutor$Worker.run(ThreadPoolExecutor.java:624)&#10;        at java.lang.Thread.run(Thread.java:748)&#10;&quot;Datanode State Machine Thread - 0&quot; daemon prio=5 tid=2176 timed_waiting&#10;java.lang.Thread.State: TIMED_WAITING&#10;        at java.lang.Thread.sleep(Native Method)&#10;        at org.apache.hadoop.ozone.container.common.statemachine.DatanodeStateMachine.start(DatanodeStateMachine.java:191)&#10;        at org.apache.hadoop.ozone.container.common.statemachine.DatanodeStateMachine.lambda$startDaemon$0(DatanodeStateMachine.java:349)&#10;        at org.apache.hadoop.ozone.container.common.statemachine.DatanodeStateMachine$$Lambda$141/1594065480.run(Unknown Source)&#10;        at java.lang.Thread.run(Thread.java:748)&#10;&quot;IPC Server handler 6 on 43737&quot; daemon prio=5 tid=1878 timed_waiting&#10;java.lang.Thread.State: TIMED_WAITING&#10;        at sun.misc.Unsafe.park(Native Method)&#10;        at java.util.concurrent.locks.LockSupport.parkNanos(LockSupport.java:215)&#10;        at java.util.concurrent.locks.AbstractQueuedSynchronizer$ConditionObject.awaitNanos(AbstractQueuedSynchronizer.java:2078)&#10;        at java.util.concurrent.LinkedBlockingQueue.poll(LinkedBlockingQueue.java:467)&#10;        at org.apache.hadoop.ipc.CallQueueManager.take(CallQueueManager.java:288)&#10;        at org.apache.hadoop.ipc.Server$Handler.run(Server.java:2668)&#10;&quot;pool-158-thread-45&quot;  prio=5 tid=2346 in Object.wait()&#10;java.lang.Thread.State: WAITING (on object monitor)&#10;        at sun.misc.Unsafe.park(Native Method)&#10;        at java.util.concurrent.locks.LockSupport.park(LockSupport.java:175)&#10;        at java.util.concurrent.locks.AbstractQueuedSynchronizer$ConditionObject.await(AbstractQueuedSynchronizer.java:2039)&#10;        at java.util.concurrent.ArrayBlockingQueue.take(ArrayBlockingQueue.java:403)&#10;        at java.util.concurrent.ThreadPoolExecutor.getTask(ThreadPoolExecutor.java:1074)&#10;        at java.util.concurrent.ThreadPoolExecutor.runWorker(ThreadPoolExecutor.java:1134)&#10;        at java.util.concurrent.ThreadPoolExecutor$Worker.run(ThreadPoolExecutor.java:624)&#10;        at java.lang.Thread.run(Thread.java:748)&#10;&quot;Datanode ReportManager Thread - 3&quot; daemon prio=5 tid=2153 in Object.wait()&#10;java.lang.Thread.State: WAITING (on object monitor)&#10;        at sun.misc.Unsafe.park(Native Method)&#10;        at java.util.concurrent.locks.LockSupport.park(LockSupport.java:175)&#10;        at java.util.concurrent.locks.AbstractQueuedSynchronizer$ConditionObject.await(AbstractQueuedSynchronizer.java:2039)&#10;        at java.util.concurrent.ScheduledThreadPoolExecutor$DelayedWorkQueue.take(ScheduledThreadPoolExecutor.java:1088)&#10;        at java.util.concurrent.ScheduledThreadPoolExecutor$DelayedWorkQueue.take(ScheduledThreadPoolExecutor.java:809)&#10;        at java.util.concurrent.ThreadPoolExecutor.getTask(ThreadPoolExecutor.java:1074)&#10;        at java.util.concurrent.ThreadPoolExecutor.runWorker(ThreadPoolExecutor.java:1134)&#10;        at java.util.concurrent.ThreadPoolExecutor$Worker.run(ThreadPoolExecutor.java:624)&#10;        at java.lang.Thread.run(Thread.java:748)&#10;&quot;pool-148-thread-8&quot;  prio=5 tid=2246 in Object.wait()&#10;java.lang.Thread.State: WAITING (on object monitor)&#10;        at sun.misc.Unsafe.park(Native Method)&#10;        at java.util.concurrent.locks.LockSupport.park(LockSupport.java:175)&#10;        at java.util.concurrent.locks.AbstractQueuedSynchronizer$ConditionObject.await(AbstractQueuedSynchronizer.java:2039)&#10;        at java.util.concurrent.ArrayBlockingQueue.take(ArrayBlockingQueue.java:403)&#10;        at java.util.concurrent.ThreadPoolExecutor.getTask(ThreadPoolExecutor.java:1074)&#10;        at java.util.concurrent.ThreadPoolExecutor.runWorker(ThreadPoolExecutor.java:1134)&#10;        at java.util.concurrent.ThreadPoolExecutor$Worker.run(ThreadPoolExecutor.java:624)&#10;        at java.lang.Thread.run(Thread.java:748)&#10;&quot;pool-168-thread-32&quot;  prio=5 tid=2395 in Object.wait()&#10;java.lang.Thread.State: WAITING (on object monitor)&#10;        at sun.misc.Unsafe.park(Native Method)&#10;        at java.util.concurrent.locks.LockSupport.park(LockSupport.java:175)&#10;        at java.util.concurrent.locks.AbstractQueuedSynchronizer$ConditionObject.await(AbstractQueuedSynchronizer.java:2039)&#10;        at java.util.concurrent.ArrayBlockingQueue.take(ArrayBlockingQueue.java:403)&#10;        at java.util.concurrent.ThreadPoolExecutor.getTask(ThreadPoolExecutor.java:1074)&#10;        at java.util.concurrent.ThreadPoolExecutor.runWorker(ThreadPoolExecutor.java:1134)&#10;        at java.util.concurrent.ThreadPoolExecutor$Worker.run(ThreadPoolExecutor.java:624)&#10;        at java.lang.Thread.run(Thread.java:748)&#10;&quot;pool-148-thread-27&quot;  prio=5 tid=2265 in Object.wait()&#10;java.lang.Thread.State: WAITING (on object monitor)&#10;        at sun.misc.Unsafe.park(Native Method)&#10;        at java.util.concurrent.locks.LockSupport.park(LockSupport.java:175)&#10;        at java.util.concurrent.locks.AbstractQueuedSynchronizer$ConditionObject.await(AbstractQueuedSynchronizer.java:2039)&#10;        at java.util.concurrent.ArrayBlockingQueue.take(ArrayBlockingQueue.java:403)&#10;        at java.util.concurrent.ThreadPoolExecutor.getTask(ThreadPoolExecutor.java:1074)&#10;        at java.util.concurrent.ThreadPoolExecutor.runWorker(ThreadPoolExecutor.java:1134)&#10;        at java.util.concurrent.ThreadPoolExecutor$Worker.run(ThreadPoolExecutor.java:624)&#10;        at java.lang.Thread.run(Thread.java:748)&#10;&quot;pool-178-thread-22&quot;  prio=5 tid=2447 in Object.wait()&#10;java.lang.Thread.State: WAITING (on object monitor)&#10;        at sun.misc.Unsafe.park(Native Method)&#10;        at java.util.concurrent.locks.LockSupport.park(LockSupport.java:175)&#10;        at java.util.concurrent.locks.AbstractQueuedSynchronizer$ConditionObject.await(AbstractQueuedSynchronizer.java:2039)&#10;        at java.util.concurrent.ArrayBlockingQueue.take(ArrayBlockingQueue.java:403)&#10;        at java.util.concurrent.ThreadPoolExecutor.getTask(ThreadPoolExecutor.java:1074)&#10;        at java.util.concurrent.ThreadPoolExecutor.runWorker(ThreadPoolExecutor.java:1134)&#10;        at java.util.concurrent.ThreadPoolExecutor$Worker.run(ThreadPoolExecutor.java:624)&#10;        at java.lang.Thread.run(Thread.java:748)&#10;&quot;DataNode DiskChecker thread 0&quot; daemon prio=5 tid=1999 timed_waiting&#10;java.lang.Thread.State: TIMED_WAITING&#10;        at sun.misc.Unsafe.park(Native Method)&#10;        at java.util.concurrent.locks.LockSupport.parkNanos(LockSupport.java:215)&#10;        at java.util.concurrent.SynchronousQueue$TransferStack.awaitFulfill(SynchronousQueue.java:460)&#10;        at java.util.concurrent.SynchronousQueue$TransferStack.transfer(SynchronousQueue.java:362)&#10;        at java.util.concurrent.SynchronousQueue.poll(SynchronousQueue.java:941)&#10;        at java.util.concurrent.ThreadPoolExecutor.getTask(ThreadPoolExecutor.java:1073)&#10;        at java.util.concurrent.ThreadPoolExecutor.runWorker(ThreadPoolExecutor.java:1134)&#10;        at java.util.concurrent.ThreadPoolExecutor$Worker.run(ThreadPoolExecutor.java:624)&#10;        at java.lang.Thread.run(Thread.java:748)&#10;&quot;pool-198-thread-29&quot;  prio=5 tid=2578 in Object.wait()&#10;java.lang.Thread.State: WAITING (on object monitor)&#10;        at sun.misc.Unsafe.park(Native Method)&#10;        at java.util.concurrent.locks.LockSupport.park(LockSupport.java:175)&#10;        at java.util.concurrent.locks.AbstractQueuedSynchronizer$ConditionObject.await(AbstractQueuedSynchronizer.java:2039)&#10;        at java.util.concurrent.ArrayBlockingQueue.take(ArrayBlockingQueue.java:403)&#10;        at java.util.concurrent.ThreadPoolExecutor.getTask(ThreadPoolExecutor.java:1074)&#10;        at java.util.concurrent.ThreadPoolExecutor.runWorker(ThreadPoolExecutor.java:1134)&#10;        at java.util.concurrent.ThreadPoolExecutor$Worker.run(ThreadPoolExecutor.java:624)&#10;        at java.lang.Thread.run(Thread.java:748)&#10;&quot;pool-198-thread-50&quot;  prio=5 tid=2599 in Object.wait()&#10;java.lang.Thread.State: WAITING (on object monitor)&#10;        at sun.misc.Unsafe.park(Native Method)&#10;        at java.util.concurrent.locks.LockSupport.park(LockSupport.java:175)&#10;        at java.util.concurrent.locks.AbstractQueuedSynchronizer$ConditionObject.await(AbstractQueuedSynchronizer.java:2039)&#10;        at java.util.concurrent.ArrayBlockingQueue.take(ArrayBlockingQueue.java:403)&#10;        at java.util.concurrent.ThreadPoolExecutor.getTask(ThreadPoolExecutor.java:1074)&#10;        at java.util.concurrent.ThreadPoolExecutor.runWorker(ThreadPoolExecutor.java:1134)&#10;        at java.util.concurrent.ThreadPoolExecutor$Worker.run(ThreadPoolExecutor.java:624)&#10;        at java.lang.Thread.run(Thread.java:748)&#10;&quot;pool-218-thread-53&quot;  prio=5 tid=2726 in Object.wait()&#10;java.lang.Thread.State: WAITING (on object monitor)&#10;        at sun.misc.Unsafe.park(Native Method)&#10;        at java.util.concurrent.locks.LockSupport.park(LockSupport.java:175)&#10;        at java.util.concurrent.locks.AbstractQueuedSynchronizer$ConditionObject.await(AbstractQueuedSynchronizer.java:2039)&#10;        at java.util.concurrent.ArrayBlockingQueue.take(ArrayBlockingQueue.java:403)&#10;        at java.util.concurrent.ThreadPoolExecutor.getTask(ThreadPoolExecutor.java:1074)&#10;        at java.util.concurrent.ThreadPoolExecutor.runWorker(ThreadPoolExecutor.java:1134)&#10;        at java.util.concurrent.ThreadPoolExecutor$Worker.run(ThreadPoolExecutor.java:624)&#10;        at java.lang.Thread.run(Thread.java:748)&#10;&quot;pool-188-thread-20&quot;  prio=5 tid=2507 in Object.wait()&#10;java.lang.Thread.State: WAITING (on object monitor)&#10;        at sun.misc.Unsafe.park(Native Method)&#10;        at java.util.concurrent.locks.LockSupport.park(LockSupport.java:175)&#10;        at java.util.concurrent.locks.AbstractQueuedSynchronizer$ConditionObject.await(AbstractQueuedSynchronizer.java:2039)&#10;        at java.util.concurrent.ArrayBlockingQueue.take(ArrayBlockingQueue.java:403)&#10;        at java.util.concurrent.ThreadPoolExecutor.getTask(ThreadPoolExecutor.java:1074)&#10;        at java.util.concurrent.ThreadPoolExecutor.runWorker(ThreadPoolExecutor.java:1134)&#10;        at java.util.concurrent.ThreadPoolExecutor$Worker.run(ThreadPoolExecutor.java:624)&#10;        at java.lang.Thread.run(Thread.java:748)&#10;&quot;pool-158-thread-16&quot;  prio=5 tid=2317 in Object.wait()&#10;java.lang.Thread.State: WAITING (on object monitor)&#10;        at sun.misc.Unsafe.park(Native Method)&#10;        at java.util.concurrent.locks.LockSupport.park(LockSupport.java:175)&#10;        at java.util.concurrent.locks.AbstractQueuedSynchronizer$ConditionObject.await(AbstractQueuedSynchronizer.java:2039)&#10;        at java.util.concurrent.ArrayBlockingQueue.take(ArrayBlockingQueue.java:403)&#10;        at java.util.concurrent.ThreadPoolExecutor.getTask(ThreadPoolExecutor.java:1074)&#10;        at java.util.concurrent.ThreadPoolExecutor.runWorker(ThreadPoolExecutor.java:1134)&#10;        at java.util.concurrent.ThreadPoolExecutor$Worker.run(ThreadPoolExecutor.java:624)&#10;        at java.lang.Thread.run(Thread.java:748)&#10;&quot;PartialTableCache Cleanup Thread - 0&quot; daemon prio=5 tid=1361 in Object.wait()&#10;java.lang.Thread.State: WAITING (on object monitor)&#10;        at sun.misc.Unsafe.park(Native Method)&#10;        at java.util.concurrent.locks.LockSupport.park(LockSupport.java:175)&#10;        at java.util.concurrent.locks.AbstractQueuedSynchronizer$ConditionObject.await(AbstractQueuedSynchronizer.java:2039)&#10;        at java.util.concurrent.LinkedBlockingQueue.take(LinkedBlockingQueue.java:442)&#10;        at java.util.concurrent.ThreadPoolExecutor.getTask(ThreadPoolExecutor.java:1074)&#10;        at java.util.concurrent.ThreadPoolExecutor.runWorker(ThreadPoolExecutor.java:1134)&#10;        at java.util.concurrent.ThreadPoolExecutor$Worker.run(ThreadPoolExecutor.java:624)&#10;        at java.lang.Thread.run(Thread.java:748)&#10;&quot;pool-198-thread-59&quot;  prio=5 tid=2608 in Object.wait()&#10;java.lang.Thread.State: WAITING (on object monitor)&#10;        at sun.misc.Unsafe.park(Native Method)&#10;        at java.util.concurrent.locks.LockSupport.park(LockSupport.java:175)&#10;        at java.util.concurrent.locks.AbstractQueuedSynchronizer$ConditionObject.await(AbstractQueuedSynchronizer.java:2039)&#10;        at java.util.concurrent.ArrayBlockingQueue.take(ArrayBlockingQueue.java:403)&#10;        at java.util.concurrent.ThreadPoolExecutor.getTask(ThreadPoolExecutor.java:1074)&#10;        at java.util.concurrent.ThreadPoolExecutor.runWorker(ThreadPoolExecutor.java:1134)&#10;        at java.util.concurrent.ThreadPoolExecutor$Worker.run(ThreadPoolExecutor.java:624)&#10;        at java.lang.Thread.run(Thread.java:748)&#10;&quot;pool-198-thread-56&quot;  prio=5 tid=2605 in Object.wait()&#10;java.lang.Thread.State: WAITING (on object monitor)&#10;        at sun.misc.Unsafe.park(Native Method)&#10;        at java.util.concurrent.locks.LockSupport.park(LockSupport.java:175)&#10;        at java.util.concurrent.locks.AbstractQueuedSynchronizer$ConditionObject.await(AbstractQueuedSynchronizer.java:2039)&#10;        at java.util.concurrent.ArrayBlockingQueue.take(ArrayBlockingQueue.java:403)&#10;        at java.util.concurrent.ThreadPoolExecutor.getTask(ThreadPoolExecutor.java:1074)&#10;        at java.util.concurrent.ThreadPoolExecutor.runWorker(ThreadPoolExecutor.java:1134)&#10;        at java.util.concurrent.ThreadPoolExecutor$Worker.run(ThreadPoolExecutor.java:624)&#10;        at java.lang.Thread.run(Thread.java:748)&#10;&quot;pool-178-thread-28&quot;  prio=5 tid=2453 in Object.wait()&#10;java.lang.Thread.State: WAITING (on object monitor)&#10;        at sun.misc.Unsafe.park(Native Method)&#10;        at java.util.concurrent.locks.LockSupport.park(LockSupport.java:175)&#10;        at java.util.concurrent.locks.AbstractQueuedSynchronizer$ConditionObject.await(AbstractQueuedSynchronizer.java:2039)&#10;        at java.util.concurrent.ArrayBlockingQueue.take(ArrayBlockingQueue.java:403)&#10;        at java.util.concurrent.ThreadPoolExecutor.getTask(ThreadPoolExecutor.java:1074)&#10;        at java.util.concurrent.ThreadPoolExecutor.runWorker(ThreadPoolExecutor.java:1134)&#10;        at java.util.concurrent.ThreadPoolExecutor$Worker.run(ThreadPoolExecutor.java:624)&#10;        at java.lang.Thread.run(Thread.java:748)&#10;&quot;pool-148-thread-54&quot;  prio=5 tid=2292 in Object.wait()&#10;java.lang.Thread.State: WAITING (on object monitor)&#10;        at sun.misc.Unsafe.park(Native Method)&#10;        at java.util.concurrent.locks.LockSupport.park(LockSupport.java:175)&#10;        at java.util.concurrent.locks.AbstractQueuedSynchronizer$ConditionObject.await(AbstractQueuedSynchronizer.java:2039)&#10;        at java.util.concurrent.ArrayBlockingQueue.take(ArrayBlockingQueue.java:403)&#10;        at java.util.concurrent.ThreadPoolExecutor.getTask(ThreadPoolExecutor.java:1074)&#10;        at java.util.concurrent.ThreadPoolExecutor.runWorker(ThreadPoolExecutor.java:1134)&#10;        at java.util.concurrent.ThreadPoolExecutor$Worker.run(ThreadPoolExecutor.java:624)&#10;        at java.lang.Thread.run(Thread.java:748)&#10;&quot;pool-158-thread-15&quot;  prio=5 tid=2316 in Object.wait()&#10;java.lang.Thread.State: WAITING (on object monitor)&#10;        at sun.misc.Unsafe.park(Native Method)&#10;        at java.util.concurrent.locks.LockSupport.park(LockSupport.java:175)&#10;        at java.util.concurrent.locks.AbstractQueuedSynchronizer$ConditionObject.await(AbstractQueuedSynchronizer.java:2039)&#10;        at java.util.concurrent.ArrayBlockingQueue.take(ArrayBlockingQueue.java:403)&#10;        at java.util.concurrent.ThreadPoolExecutor.getTask(ThreadPoolExecutor.java:1074)&#10;        at java.util.concurrent.ThreadPoolExecutor.runWorker(ThreadPoolExecutor.java:1134)&#10;        at java.util.concurrent.ThreadPoolExecutor$Worker.run(ThreadPoolExecutor.java:624)&#10;        at java.lang.Thread.run(Thread.java:748)&#10;&quot;pool-228-thread-35&quot;  prio=5 tid=2770 in Object.wait()&#10;java.lang.Thread.State: WAITING (on object monitor)&#10;        at sun.misc.Unsafe.park(Native Method)&#10;        at java.util.concurrent.locks.LockSupport.park(LockSupport.java:175)&#10;        at java.util.concurrent.locks.AbstractQueuedSynchronizer$ConditionObject.await(AbstractQueuedSynchronizer.java:2039)&#10;        at java.util.concurrent.ArrayBlockingQueue.take(ArrayBlockingQueue.java:403)&#10;        at java.util.concurrent.ThreadPoolExecutor.getTask(ThreadPoolExecutor.java:1074)&#10;        at java.util.concurrent.ThreadPoolExecutor.runWorker(ThreadPoolExecutor.java:1134)&#10;        at java.util.concurrent.ThreadPoolExecutor$Worker.run(ThreadPoolExecutor.java:624)&#10;        at java.lang.Thread.run(Thread.java:748)&#10;&quot;pool-148-thread-36&quot;  prio=5 tid=2274 in Object.wait()&#10;java.lang.Thread.State: WAITING (on object monitor)&#10;        at sun.misc.Unsafe.park(Native Method)&#10;        at java.util.concurrent.locks.LockSupport.park(LockSupport.java:175)&#10;        at java.util.concurrent.locks.AbstractQueuedSynchronizer$ConditionObject.await(AbstractQueuedSynchronizer.java:2039)&#10;        at java.util.concurrent.ArrayBlockingQueue.take(ArrayBlockingQueue.java:403)&#10;        at java.util.concurrent.ThreadPoolExecutor.getTask(ThreadPoolExecutor.java:1074)&#10;        at java.util.concurrent.ThreadPoolExecutor.runWorker(ThreadPoolExecutor.java:1134)&#10;        at java.util.concurrent.ThreadPoolExecutor$Worker.run(ThreadPoolExecutor.java:624)&#10;        at java.lang.Thread.run(Thread.java:748)&#10;&quot;pool-228-thread-52&quot;  prio=5 tid=2787 in Object.wait()&#10;java.lang.Thread.State: WAITING (on object monitor)&#10;        at sun.misc.Unsafe.park(Native Method)&#10;        at java.util.concurrent.locks.LockSupport.park(LockSupport.java:175)&#10;        at java.util.concurrent.locks.AbstractQueuedSynchronizer$ConditionObject.await(AbstractQueuedSynchronizer.java:2039)&#10;        at java.util.concurrent.ArrayBlockingQueue.take(ArrayBlockingQueue.java:403)&#10;        at java.util.concurrent.ThreadPoolExecutor.getTask(ThreadPoolExecutor.java:1074)&#10;        at java.util.concurrent.ThreadPoolExecutor.runWorker(ThreadPoolExecutor.java:1134)&#10;        at java.util.concurrent.ThreadPoolExecutor$Worker.run(ThreadPoolExecutor.java:624)&#10;        at java.lang.Thread.run(Thread.java:748)&#10;&quot;pool-168-thread-19&quot;  prio=5 tid=2382 in Object.wait()&#10;java.lang.Thread.State: WAITING (on object monitor)&#10;        at sun.misc.Unsafe.park(Native Method)&#10;        at java.util.concurrent.locks.LockSupport.park(LockSupport.java:175)&#10;        at java.util.concurrent.locks.AbstractQueuedSynchronizer$ConditionObject.await(AbstractQueuedSynchronizer.java:2039)&#10;        at java.util.concurrent.ArrayBlockingQueue.take(ArrayBlockingQueue.java:403)&#10;        at java.util.concurrent.ThreadPoolExecutor.getTask(ThreadPoolExecutor.java:1074)&#10;        at java.util.concurrent.ThreadPoolExecutor.runWorker(ThreadPoolExecutor.java:1134)&#10;        at java.util.concurrent.ThreadPoolExecutor$Worker.run(ThreadPoolExecutor.java:624)&#10;        at java.lang.Thread.run(Thread.java:748)&#10;&quot;qtp1404150776-1979&quot; daemon prio=5 tid=1979 timed_waiting&#10;java.lang.Thread.State: TIMED_WAITING&#10;        at sun.misc.Unsafe.park(Native Method)&#10;        at java.util.concurrent.locks.LockSupport.parkNanos(LockSupport.java:215)&#10;        at java.util.concurrent.locks.AbstractQueuedSynchronizer$ConditionObject.awaitNanos(AbstractQueuedSynchronizer.java:2078)&#10;        at org.eclipse.jetty.util.BlockingArrayQueue.poll(BlockingArrayQueue.java:392)&#10;        at org.eclipse.jetty.util.thread.QueuedThreadPool.idleJobPoll(QueuedThreadPool.java:563)&#10;        at org.eclipse.jetty.util.thread.QueuedThreadPool.access$800(QueuedThreadPool.java:48)&#10;        at org.eclipse.jetty.util.thread.QueuedThreadPool$2.run(QueuedThreadPool.java:626)&#10;        at java.lang.Thread.run(Thread.java:748)&#10;&quot;IPC Server handler 0 on 45554&quot; daemon prio=5 tid=1934 timed_waiting&#10;java.lang.Thread.State: TIMED_WAITING&#10;        at sun.misc.Unsafe.park(Native Method)&#10;        at java.util.concurrent.locks.LockSupport.parkNanos(LockSupport.java:215)&#10;        at java.util.concurrent.locks.AbstractQueuedSynchronizer$ConditionObject.awaitNanos(AbstractQueuedSynchronizer.java:2078)&#10;        at java.util.concurrent.LinkedBlockingQueue.poll(LinkedBlockingQueue.java:467)&#10;        at org.apache.hadoop.ipc.CallQueueManager.take(CallQueueManager.java:288)&#10;        at org.apache.hadoop.ipc.Server$Handler.run(Server.java:2668)&#10;&quot;pool-182-thread-1&quot;  prio=5 tid=2056 timed_waiting&#10;java.lang.Thread.State: TIMED_WAITING&#10;        at sun.misc.Unsafe.park(Native Method)&#10;        at java.util.concurrent.locks.LockSupport.parkNanos(LockSupport.java:215)&#10;        at java.util.concurrent.locks.AbstractQueuedSynchronizer$ConditionObject.awaitNanos(AbstractQueuedSynchronizer.java:2078)&#10;        at java.util.concurrent.ScheduledThreadPoolExecutor$DelayedWorkQueue.take(ScheduledThreadPoolExecutor.java:1093)&#10;        at java.util.concurrent.ScheduledThreadPoolExecutor$DelayedWorkQueue.take(ScheduledThreadPoolExecutor.java:809)&#10;        at java.util.concurrent.ThreadPoolExecutor.getTask(ThreadPoolExecutor.java:1074)&#10;        at java.util.concurrent.ThreadPoolExecutor.runWorker(ThreadPoolExecutor.java:1134)&#10;        at java.util.concurrent.ThreadPoolExecutor$Worker.run(ThreadPoolExecutor.java:624)&#10;        at java.lang.Thread.run(Thread.java:748)&#10;&quot;pool-178-thread-11&quot;  prio=5 tid=2436 in Object.wait()&#10;java.lang.Thread.State: WAITING (on object monitor)&#10;        at sun.misc.Unsafe.park(Native Method)&#10;        at java.util.concurrent.locks.LockSupport.park(LockSupport.java:175)&#10;        at java.util.concurrent.locks.AbstractQueuedSynchronizer$ConditionObject.await(AbstractQueuedSynchronizer.java:2039)&#10;        at java.util.concurrent.ArrayBlockingQueue.take(ArrayBlockingQueue.java:403)&#10;        at java.util.concurrent.ThreadPoolExecutor.getTask(ThreadPoolExecutor.java:1074)&#10;        at java.util.concurrent.ThreadPoolExecutor.runWorker(ThreadPoolExecutor.java:1134)&#10;        at java.util.concurrent.ThreadPoolExecutor$Worker.run(ThreadPoolExecutor.java:624)&#10;        at java.lang.Thread.run(Thread.java:748)&#10;&quot;pool-198-thread-54&quot;  prio=5 tid=2603 in Object.wait()&#10;java.lang.Thread.State: WAITING (on object monitor)&#10;        at sun.misc.Unsafe.park(Native Method)&#10;        at java.util.concurrent.locks.LockSupport.park(LockSupport.java:175)&#10;        at java.util.concurrent.locks.AbstractQueuedSynchronizer$ConditionObject.await(AbstractQueuedSynchronizer.java:2039)&#10;        at java.util.concurrent.ArrayBlockingQueue.take(ArrayBlockingQueue.java:403)&#10;        at java.util.concurrent.ThreadPoolExecutor.getTask(ThreadPoolExecutor.java:1074)&#10;        at java.util.concurrent.ThreadPoolExecutor.runWorker(ThreadPoolExecutor.java:1134)&#10;        at java.util.concurrent.ThreadPoolExecutor$Worker.run(ThreadPoolExecutor.java:624)&#10;        at java.lang.Thread.run(Thread.java:748)&#10;&quot;Datanode ReportManager Thread - 0&quot; daemon prio=5 tid=2015 timed_waiting&#10;java.lang.Thread.State: TIMED_WAITING&#10;        at sun.misc.Unsafe.park(Native Method)&#10;        at java.util.concurrent.locks.LockSupport.parkNanos(LockSupport.java:215)&#10;        at java.util.concurrent.locks.AbstractQueuedSynchronizer$ConditionObject.awaitNanos(AbstractQueuedSynchronizer.java:2078)&#10;        at java.util.concurrent.ScheduledThreadPoolExecutor$DelayedWorkQueue.take(ScheduledThreadPoolExecutor.java:1093)&#10;        at java.util.concurrent.ScheduledThreadPoolExecutor$DelayedWorkQueue.take(ScheduledThreadPoolExecutor.java:809)&#10;        at java.util.concurrent.ThreadPoolExecutor.getTask(ThreadPoolExecutor.java:1074)&#10;        at java.util.concurrent.ThreadPoolExecutor.runWorker(ThreadPoolExecutor.java:1134)&#10;        at java.util.concurrent.ThreadPoolExecutor$Worker.run(ThreadPoolExecutor.java:624)&#10;        at java.lang.Thread.run(Thread.java:748)&#10;&quot;pool-148-thread-51&quot;  prio=5 tid=2289 in Object.wait()&#10;java.lang.Thread.State: WAITING (on object monitor)&#10;        at sun.misc.Unsafe.park(Native Method)&#10;        at java.util.concurrent.locks.LockSupport.park(LockSupport.java:175)&#10;        at java.util.concurrent.locks.AbstractQueuedSynchronizer$ConditionObject.await(AbstractQueuedSynchronizer.java:2039)&#10;        at java.util.concurrent.ArrayBlockingQueue.take(ArrayBlockingQueue.java:403)&#10;        at java.util.concurrent.ThreadPoolExecutor.getTask(ThreadPoolExecutor.java:1074)&#10;        at java.util.concurrent.ThreadPoolExecutor.runWorker(ThreadPoolExecutor.java:1134)&#10;        at java.util.concurrent.ThreadPoolExecutor$Worker.run(ThreadPoolExecutor.java:624)&#10;        at java.lang.Thread.run(Thread.java:748)&#10;&quot;qtp229318537-2117&quot; daemon prio=5 tid=2117 timed_waiting&#10;java.lang.Thread.State: TIMED_WAITING&#10;        at sun.misc.Unsafe.park(Native Method)&#10;        at java.util.concurrent.locks.LockSupport.parkNanos(LockSupport.java:215)&#10;        at java.util.concurrent.locks.AbstractQueuedSynchronizer$ConditionObject.awaitNanos(AbstractQueuedSynchronizer.java:2078)&#10;        at org.eclipse.jetty.util.BlockingArrayQueue.poll(BlockingArrayQueue.java:392)&#10;        at org.eclipse.jetty.util.thread.QueuedThreadPool.idleJobPoll(QueuedThreadPool.java:563)&#10;        at org.eclipse.jetty.util.thread.QueuedThreadPool.access$800(QueuedThreadPool.java:48)&#10;        at org.eclipse.jetty.util.thread.QueuedThreadPool$2.run(QueuedThreadPool.java:626)&#10;        at java.lang.Thread.run(Thread.java:748)&#10;&quot;qtp2077150966-2090&quot; daemon prio=5 tid=2090 timed_waiting&#10;java.lang.Thread.State: TIMED_WAITING&#10;        at sun.misc.Unsafe.park(Native Method)&#10;        at java.util.concurrent.locks.LockSupport.parkNanos(LockSupport.java:215)&#10;        at java.util.concurrent.locks.AbstractQueuedSynchronizer$ConditionObject.awaitNanos(AbstractQueuedSynchronizer.java:2078)&#10;        at org.eclipse.jetty.util.BlockingArrayQueue.poll(BlockingArrayQueue.java:392)&#10;        at org.eclipse.jetty.util.thread.QueuedThreadPool.idleJobPoll(QueuedThreadPool.java:563)&#10;        at org.eclipse.jetty.util.thread.QueuedThreadPool.access$800(QueuedThreadPool.java:48)&#10;        at org.eclipse.jetty.util.thread.QueuedThreadPool$2.run(QueuedThreadPool.java:626)&#10;        at java.lang.Thread.run(Thread.java:748)&#10;&quot;pool-178-thread-48&quot;  prio=5 tid=2473 in Object.wait()&#10;java.lang.Thread.State: WAITING (on object monitor)&#10;        at sun.misc.Unsafe.park(Native Method)&#10;        at java.util.concurrent.locks.LockSupport.park(LockSupport.java:175)&#10;        at java.util.concurrent.locks.AbstractQueuedSynchronizer$ConditionObject.await(AbstractQueuedSynchronizer.java:2039)&#10;        at java.util.concurrent.ArrayBlockingQueue.take(ArrayBlockingQueue.java:403)&#10;        at java.util.concurrent.ThreadPoolExecutor.getTask(ThreadPoolExecutor.java:1074)&#10;        at java.util.concurrent.ThreadPoolExecutor.runWorker(ThreadPoolExecutor.java:1134)&#10;        at java.util.concurrent.ThreadPoolExecutor$Worker.run(ThreadPoolExecutor.java:624)&#10;        at java.lang.Thread.run(Thread.java:748)&#10;&quot;pool-168-thread-26&quot;  prio=5 tid=2389 in Object.wait()&#10;java.lang.Thread.State: WAITING (on object monitor)&#10;        at sun.misc.Unsafe.park(Native Method)&#10;        at java.util.concurrent.locks.LockSupport.park(LockSupport.java:175)&#10;        at java.util.concurrent.locks.AbstractQueuedSynchronizer$ConditionObject.await(AbstractQueuedSynchronizer.java:2039)&#10;        at java.util.concurrent.ArrayBlockingQueue.take(ArrayBlockingQueue.java:403)&#10;        at java.util.concurrent.ThreadPoolExecutor.getTask(ThreadPoolExecutor.java:1074)&#10;        at java.util.concurrent.ThreadPoolExecutor.runWorker(ThreadPoolExecutor.java:1134)&#10;        at java.util.concurrent.ThreadPoolExecutor$Worker.run(ThreadPoolExecutor.java:624)&#10;        at java.lang.Thread.run(Thread.java:748)&#10;&quot;pool-178-thread-21&quot;  prio=5 tid=2446 in Object.wait()&#10;java.lang.Thread.State: WAITING (on object monitor)&#10;        at sun.misc.Unsafe.park(Native Method)&#10;        at java.util.concurrent.locks.LockSupport.park(LockSupport.java:175)&#10;        at java.util.concurrent.locks.AbstractQueuedSynchronizer$ConditionObject.await(AbstractQueuedSynchronizer.java:2039)&#10;        at java.util.concurrent.ArrayBlockingQueue.take(ArrayBlockingQueue.java:403)&#10;        at java.util.concurrent.ThreadPoolExecutor.getTask(ThreadPoolExecutor.java:1074)&#10;        at java.util.concurrent.ThreadPoolExecutor.runWorker(ThreadPoolExecutor.java:1134)&#10;        at java.util.concurrent.ThreadPoolExecutor$Worker.run(ThreadPoolExecutor.java:624)&#10;        at java.lang.Thread.run(Thread.java:748)&#10;&quot;org.apache.hadoop.util.JvmPauseMonitor$Monitor@706c2654&quot; daemon prio=5 tid=2209 timed_waiting&#10;java.lang.Thread.State: TIMED_WAITING&#10;        at java.lang.Thread.sleep(Native Method)&#10;        at org.apache.hadoop.util.JvmPauseMonitor$Monitor.run(JvmPauseMonitor.java:192)&#10;        at java.lang.Thread.run(Thread.java:748)&#10;&quot;IPC Server handler 6 on 45554&quot; daemon prio=5 tid=1941 timed_waiting&#10;java.lang.Thread.State: TIMED_WAITING&#10;        at sun.misc.Unsafe.park(Native Method)&#10;        at java.util.concurrent.locks.LockSupport.parkNanos(LockSupport.java:215)&#10;        at java.util.concurrent.locks.AbstractQueuedSynchronizer$ConditionObject.awaitNanos(AbstractQueuedSynchronizer.java:2078)&#10;        at java.util.concurrent.LinkedBlockingQueue.poll(LinkedBlockingQueue.java:467)&#10;        at org.apache.hadoop.ipc.CallQueueManager.take(CallQueueManager.java:288)&#10;        at org.apache.hadoop.ipc.Server$Handler.run(Server.java:2668)&#10;&quot;pool-188-thread-40&quot;  prio=5 tid=2527 in Object.wait()&#10;java.lang.Thread.State: WAITING (on object monitor)&#10;        at sun.misc.Unsafe.park(Native Method)&#10;        at java.util.concurrent.locks.LockSupport.park(LockSupport.java:175)&#10;        at java.util.concurrent.locks.AbstractQueuedSynchronizer$ConditionObject.await(AbstractQueuedSynchronizer.java:2039)&#10;        at java.util.concurrent.ArrayBlockingQueue.take(ArrayBlockingQueue.java:403)&#10;        at java.util.concurrent.ThreadPoolExecutor.getTask(ThreadPoolExecutor.java:1074)&#10;        at java.util.concurrent.ThreadPoolExecutor.runWorker(ThreadPoolExecutor.java:1134)&#10;        at java.util.concurrent.ThreadPoolExecutor$Worker.run(ThreadPoolExecutor.java:624)&#10;        at java.lang.Thread.run(Thread.java:748)&#10;&quot;pool-188-thread-4&quot;  prio=5 tid=2491 in Object.wait()&#10;java.lang.Thread.State: WAITING (on object monitor)&#10;        at sun.misc.Unsafe.park(Native Method)&#10;        at java.util.concurrent.locks.LockSupport.park(LockSupport.java:175)&#10;        at java.util.concurrent.locks.AbstractQueuedSynchronizer$ConditionObject.await(AbstractQueuedSynchronizer.java:2039)&#10;        at java.util.concurrent.ArrayBlockingQueue.take(ArrayBlockingQueue.java:403)&#10;        at java.util.concurrent.ThreadPoolExecutor.getTask(ThreadPoolExecutor.java:1074)&#10;        at java.util.concurrent.ThreadPoolExecutor.runWorker(ThreadPoolExecutor.java:1134)&#10;        at java.util.concurrent.ThreadPoolExecutor$Worker.run(ThreadPoolExecutor.java:624)&#10;        at java.lang.Thread.run(Thread.java:748)&#10;&quot;IPC Server Responder&quot; daemon prio=5 tid=1840 runnable&#10;java.lang.Thread.State: RUNNABLE&#10;        at sun.nio.ch.EPollArrayWrapper.epollWait(Native Method)&#10;        at sun.nio.ch.EPollArrayWrapper.poll(EPollArrayWrapper.java:269)&#10;        at sun.nio.ch.EPollSelectorImpl.doSelect(EPollSelectorImpl.java:93)&#10;        at sun.nio.ch.SelectorImpl.lockAndDoSelect(SelectorImpl.java:86)&#10;        at sun.nio.ch.SelectorImpl.select(SelectorImpl.java:97)&#10;        at org.apache.hadoop.ipc.Server$Responder.doRunLoop(Server.java:1334)&#10;        at org.apache.hadoop.ipc.Server$Responder.run(Server.java:1317)&#10;&quot;pool-168-thread-30&quot;  prio=5 tid=2393 in Object.wait()&#10;java.lang.Thread.State: WAITING (on object monitor)&#10;        at sun.misc.Unsafe.park(Native Method)&#10;        at java.util.concurrent.locks.LockSupport.park(LockSupport.java:175)&#10;        at java.util.concurrent.locks.AbstractQueuedSynchronizer$ConditionObject.await(AbstractQueuedSynchronizer.java:2039)&#10;        at java.util.concurrent.ArrayBlockingQueue.take(ArrayBlockingQueue.java:403)&#10;        at java.util.concurrent.ThreadPoolExecutor.getTask(ThreadPoolExecutor.java:1074)&#10;        at java.util.concurrent.ThreadPoolExecutor.runWorker(ThreadPoolExecutor.java:1134)&#10;        at java.util.concurrent.ThreadPoolExecutor$Worker.run(ThreadPoolExecutor.java:624)&#10;        at java.lang.Thread.run(Thread.java:748)&#10;&quot;59f802cb-c907-44a0-9069-e10bb38eff5d@group-A7405D5AD40E-SegmentedRaftLogWorker&quot;  prio=5 tid=3128 timed_waiting&#10;java.lang.Thread.State: TIMED_WAITING&#10;        at sun.misc.Unsafe.park(Native Method)&#10;        at java.util.concurrent.locks.LockSupport.parkNanos(LockSupport.java:215)&#10;        at java.util.concurrent.locks.AbstractQueuedSynchronizer$ConditionObject.awaitNanos(AbstractQueuedSynchronizer.java:2078)&#10;        at org.apache.ratis.util.DataBlockingQueue.poll(DataBlockingQueue.java:137)&#10;        at org.apache.ratis.server.raftlog.segmented.SegmentedRaftLogWorker.run(SegmentedRaftLogWorker.java:282)&#10;        at java.lang.Thread.run(Thread.java:748)&#10;&quot;EventQueue-SafemodestatusForSafeModeHandler&quot; daemon prio=5 tid=2867 in Object.wait()&#10;java.lang.Thread.State: WAITING (on object monitor)&#10;        at sun.misc.Unsafe.park(Native Method)&#10;        at java.util.concurrent.locks.LockSupport.park(LockSupport.java:175)&#10;        at java.util.concurrent.locks.AbstractQueuedSynchronizer$ConditionObject.await(AbstractQueuedSynchronizer.java:2039)&#10;        at java.util.concurrent.LinkedBlockingQueue.take(LinkedBlockingQueue.java:442)&#10;        at java.util.concurrent.ThreadPoolExecutor.getTask(ThreadPoolExecutor.java:1074)&#10;        at java.util.concurrent.ThreadPoolExecutor.runWorker(ThreadPoolExecutor.java:1134)&#10;        at java.util.concurrent.ThreadPoolExecutor$Worker.run(ThreadPoolExecutor.java:624)&#10;        at java.lang.Thread.run(Thread.java:748)&#10;&quot;pool-208-thread-4&quot;  prio=5 tid=2615 in Object.wait()&#10;java.lang.Thread.State: WAITING (on object monitor)&#10;        at sun.misc.Unsafe.park(Native Method)&#10;        at java.util.concurrent.locks.LockSupport.park(LockSupport.java:175)&#10;        at java.util.concurrent.locks.AbstractQueuedSynchronizer$ConditionObject.await(AbstractQueuedSynchronizer.java:2039)&#10;        at java.util.concurrent.ArrayBlockingQueue.take(ArrayBlockingQueue.java:403)&#10;        at java.util.concurrent.ThreadPoolExecutor.getTask(ThreadPoolExecutor.java:1074)&#10;        at java.util.concurrent.ThreadPoolExecutor.runWorker(ThreadPoolExecutor.java:1134)&#10;        at java.util.concurrent.ThreadPoolExecutor$Worker.run(ThreadPoolExecutor.java:624)&#10;        at java.lang.Thread.run(Thread.java:748)&#10;&quot;pool-228-thread-40&quot;  prio=5 tid=2775 in Object.wait()&#10;java.lang.Thread.State: WAITING (on object monitor)&#10;        at sun.misc.Unsafe.park(Native Method)&#10;        at java.util.concurrent.locks.LockSupport.park(LockSupport.java:175)&#10;        at java.util.concurrent.locks.AbstractQueuedSynchronizer$ConditionObject.await(AbstractQueuedSynchronizer.java:2039)&#10;        at java.util.concurrent.ArrayBlockingQueue.take(ArrayBlockingQueue.java:403)&#10;        at java.util.concurrent.ThreadPoolExecutor.getTask(ThreadPoolExecutor.java:1074)&#10;        at java.util.concurrent.ThreadPoolExecutor.runWorker(ThreadPoolExecutor.java:1134)&#10;        at java.util.concurrent.ThreadPoolExecutor$Worker.run(ThreadPoolExecutor.java:624)&#10;        at java.lang.Thread.run(Thread.java:748)&#10;&quot;pool-178-thread-1&quot;  prio=5 tid=2426 in Object.wait()&#10;java.lang.Thread.State: WAITING (on object monitor)&#10;        at sun.misc.Unsafe.park(Native Method)&#10;        at java.util.concurrent.locks.LockSupport.park(LockSupport.java:175)&#10;        at java.util.concurrent.locks.AbstractQueuedSynchronizer$ConditionObject.await(AbstractQueuedSynchronizer.java:2039)&#10;        at java.util.concurrent.ArrayBlockingQueue.take(ArrayBlockingQueue.java:403)&#10;        at java.util.concurrent.ThreadPoolExecutor.getTask(ThreadPoolExecutor.java:1074)&#10;        at java.util.concurrent.ThreadPoolExecutor.runWorker(ThreadPoolExecutor.java:1134)&#10;        at java.util.concurrent.ThreadPoolExecutor$Worker.run(ThreadPoolExecutor.java:624)&#10;        at java.lang.Thread.run(Thread.java:748)&#10;&quot;pool-158-thread-28&quot;  prio=5 tid=2329 in Object.wait()&#10;java.lang.Thread.State: WAITING (on object monitor)&#10;        at sun.misc.Unsafe.park(Native Method)&#10;        at java.util.concurrent.locks.LockSupport.park(LockSupport.java:175)&#10;        at java.util.concurrent.locks.AbstractQueuedSynchronizer$ConditionObject.await(AbstractQueuedSynchronizer.java:2039)&#10;        at java.util.concurrent.ArrayBlockingQueue.take(ArrayBlockingQueue.java:403)&#10;        at java.util.concurrent.ThreadPoolExecutor.getTask(ThreadPoolExecutor.java:1074)&#10;        at java.util.concurrent.ThreadPoolExecutor.runWorker(ThreadPoolExecutor.java:1134)&#10;        at java.util.concurrent.ThreadPoolExecutor$Worker.run(ThreadPoolExecutor.java:624)&#10;        at java.lang.Thread.run(Thread.java:748)&#10;&quot;pool-199-thread-1&quot;  prio=5 tid=2909 in Object.wait()&#10;java.lang.Thread.State: WAITING (on object monitor)&#10;        at sun.misc.Unsafe.park(Native Method)&#10;        at java.util.concurrent.locks.LockSupport.park(LockSupport.java:175)&#10;        at java.util.concurrent.locks.AbstractQueuedSynchronizer$ConditionObject.await(AbstractQueuedSynchronizer.java:2039)&#10;        at java.util.concurrent.LinkedBlockingQueue.take(LinkedBlockingQueue.java:442)&#10;        at java.util.concurrent.ThreadPoolExecutor.getTask(ThreadPoolExecutor.java:1074)&#10;        at java.util.concurrent.ThreadPoolExecutor.runWorker(ThreadPoolExecutor.java:1134)&#10;        at java.util.concurrent.ThreadPoolExecutor$Worker.run(ThreadPoolExecutor.java:624)&#10;        at java.lang.Thread.run(Thread.java:748)&#10;&quot;pool-198-thread-6&quot;  prio=5 tid=2555 in Object.wait()&#10;java.lang.Thread.State: WAITING (on object monitor)&#10;        at sun.misc.Unsafe.park(Native Method)&#10;        at java.util.concurrent.locks.LockSupport.park(LockSupport.java:175)&#10;        at java.util.concurrent.locks.AbstractQueuedSynchronizer$ConditionObject.await(AbstractQueuedSynchronizer.java:2039)&#10;        at java.util.concurrent.ArrayBlockingQueue.take(ArrayBlockingQueue.java:403)&#10;        at java.util.concurrent.ThreadPoolExecutor.getTask(ThreadPoolExecutor.java:1074)&#10;        at java.util.concurrent.ThreadPoolExecutor.runWorker(ThreadPoolExecutor.java:1134)&#10;        at java.util.concurrent.ThreadPoolExecutor$Worker.run(ThreadPoolExecutor.java:624)&#10;        at java.lang.Thread.run(Thread.java:748)&#10;&quot;pool-148-thread-55&quot;  prio=5 tid=2293 in Object.wait()&#10;java.lang.Thread.State: WAITING (on object monitor)&#10;        at sun.misc.Unsafe.park(Native Method)&#10;        at java.util.concurrent.locks.LockSupport.park(LockSupport.java:175)&#10;        at java.util.concurrent.locks.AbstractQueuedSynchronizer$ConditionObject.await(AbstractQueuedSynchronizer.java:2039)&#10;        at java.util.concurrent.ArrayBlockingQueue.take(ArrayBlockingQueue.java:403)&#10;        at java.util.concurrent.ThreadPoolExecutor.getTask(ThreadPoolExecutor.java:1074)&#10;        at java.util.concurrent.ThreadPoolExecutor.runWorker(ThreadPoolExecutor.java:1134)&#10;        at java.util.concurrent.ThreadPoolExecutor$Worker.run(ThreadPoolExecutor.java:624)&#10;        at java.lang.Thread.run(Thread.java:748)&#10;&quot;qtp1365611185-2170&quot; daemon prio=5 tid=2170 timed_waiting&#10;java.lang.Thread.State: TIMED_WAITING&#10;        at sun.misc.Unsafe.park(Native Method)&#10;        at java.util.concurrent.locks.LockSupport.parkNanos(LockSupport.java:215)&#10;        at java.util.concurrent.locks.AbstractQueuedSynchronizer$ConditionObject.awaitNanos(AbstractQueuedSynchronizer.java:2078)&#10;        at org.eclipse.jetty.util.BlockingArrayQueue.poll(BlockingArrayQueue.java:392)&#10;        at org.eclipse.jetty.util.thread.QueuedThreadPool.idleJobPoll(QueuedThreadPool.java:563)&#10;        at org.eclipse.jetty.util.thread.QueuedThreadPool.access$800(QueuedThreadPool.java:48)&#10;        at org.eclipse.jetty.util.thread.QueuedThreadPool$2.run(QueuedThreadPool.java:626)&#10;        at java.lang.Thread.run(Thread.java:748)&#10;&quot;IPC Server handler 3 on 45554&quot; daemon prio=5 tid=1937 timed_waiting&#10;java.lang.Thread.State: TIMED_WAITING&#10;        at sun.misc.Unsafe.park(Native Method)&#10;        at java.util.concurrent.locks.LockSupport.parkNanos(LockSupport.java:215)&#10;        at java.util.concurrent.locks.AbstractQueuedSynchronizer$ConditionObject.awaitNanos(AbstractQueuedSynchronizer.java:2078)&#10;        at java.util.concurrent.LinkedBlockingQueue.poll(LinkedBlockingQueue.java:467)&#10;        at org.apache.hadoop.ipc.CallQueueManager.take(CallQueueManager.java:288)&#10;        at org.apache.hadoop.ipc.Server$Handler.run(Server.java:2668)&#10;&quot;pool-208-thread-12&quot;  prio=5 tid=2623 in Object.wait()&#10;java.lang.Thread.State: WAITING (on object monitor)&#10;        at sun.misc.Unsafe.park(Native Method)&#10;        at java.util.concurrent.locks.LockSupport.park(LockSupport.java:175)&#10;        at java.util.concurrent.locks.AbstractQueuedSynchronizer$ConditionObject.await(AbstractQueuedSynchronizer.java:2039)&#10;        at java.util.concurrent.ArrayBlockingQueue.take(ArrayBlockingQueue.java:403)&#10;        at java.util.concurrent.ThreadPoolExecutor.getTask(ThreadPoolExecutor.java:1074)&#10;        at java.util.concurrent.ThreadPoolExecutor.runWorker(ThreadPoolExecutor.java:1134)&#10;        at java.util.concurrent.ThreadPoolExecutor$Worker.run(ThreadPoolExecutor.java:624)&#10;        at java.lang.Thread.run(Thread.java:748)&#10;&quot;qtp1365611185-2166-acceptor-0@15c5cd2d-ServerConnector@2ceca2ef{HTTP/1.1,[http/1.1]}{0.0.0.0:41576}&quot; daemon prio=3 tid=2166 runnable&#10;java.lang.Thread.State: RUNNABLE&#10;        at sun.nio.ch.ServerSocketChannelImpl.accept0(Native Method)&#10;        at sun.nio.ch.ServerSocketChannelImpl.accept(ServerSocketChannelImpl.java:422)&#10;        at sun.nio.ch.ServerSocketChannelImpl.accept(ServerSocketChannelImpl.java:250)&#10;        at org.eclipse.jetty.server.ServerConnector.accept(ServerConnector.java:397)&#10;        at org.eclipse.jetty.server.AbstractConnector$Acceptor.run(AbstractConnector.java:601)&#10;        at org.eclipse.jetty.util.thread.QueuedThreadPool.runJob(QueuedThreadPool.java:671)&#10;        at org.eclipse.jetty.util.thread.QueuedThreadPool$2.run(QueuedThreadPool.java:589)&#10;        at java.lang.Thread.run(Thread.java:748)&#10;&quot;pool-218-thread-28&quot;  prio=5 tid=2701 in Object.wait()&#10;java.lang.Thread.State: WAITING (on object monitor)&#10;        at sun.misc.Unsafe.park(Native Method)&#10;        at java.util.concurrent.locks.LockSupport.park(LockSupport.java:175)&#10;        at java.util.concurrent.locks.AbstractQueuedSynchronizer$ConditionObject.await(AbstractQueuedSynchronizer.java:2039)&#10;        at java.util.concurrent.ArrayBlockingQueue.take(ArrayBlockingQueue.java:403)&#10;        at java.util.concurrent.ThreadPoolExecutor.getTask(ThreadPoolExecutor.java:1074)&#10;        at java.util.concurrent.ThreadPoolExecutor.runWorker(ThreadPoolExecutor.java:1134)&#10;        at java.util.concurrent.ThreadPoolExecutor$Worker.run(ThreadPoolExecutor.java:624)&#10;        at java.lang.Thread.run(Thread.java:748)&#10;&quot;org.eclipse.jetty.server.session.HashSessionManager@39ffda4aTimer&quot; daemon prio=5 tid=1922 timed_waiting&#10;java.lang.Thread.State: TIMED_WAITING&#10;        at sun.misc.Unsafe.park(Native Method)&#10;        at java.util.concurrent.locks.LockSupport.parkNanos(LockSupport.java:215)&#10;        at java.util.concurrent.locks.AbstractQueuedSynchronizer$ConditionObject.awaitNanos(AbstractQueuedSynchronizer.java:2078)&#10;        at java.util.concurrent.ScheduledThreadPoolExecutor$DelayedWorkQueue.take(ScheduledThreadPoolExecutor.java:1093)&#10;        at java.util.concurrent.ScheduledThreadPoolExecutor$DelayedWorkQueue.take(ScheduledThreadPoolExecutor.java:809)&#10;        at java.util.concurrent.ThreadPoolExecutor.getTask(ThreadPoolExecutor.java:1074)&#10;        at java.util.concurrent.ThreadPoolExecutor.runWorker(ThreadPoolExecutor.java:1134)&#10;        at java.util.concurrent.ThreadPoolExecutor$Worker.run(ThreadPoolExecutor.java:624)&#10;        at java.lang.Thread.run(Thread.java:748)&#10;&quot;pool-158-thread-27&quot;  prio=5 tid=2328 in Object.wait()&#10;java.lang.Thread.State: WAITING (on object monitor)&#10;        at sun.misc.Unsafe.park(Native Method)&#10;        at java.util.concurrent.locks.LockSupport.park(LockSupport.java:175)&#10;        at java.util.concurrent.locks.AbstractQueuedSynchronizer$ConditionObject.await(AbstractQueuedSynchronizer.java:2039)&#10;        at java.util.concurrent.ArrayBlockingQueue.take(ArrayBlockingQueue.java:403)&#10;        at java.util.concurrent.ThreadPoolExecutor.getTask(ThreadPoolExecutor.java:1074)&#10;        at java.util.concurrent.ThreadPoolExecutor.runWorker(ThreadPoolExecutor.java:1134)&#10;        at java.util.concurrent.ThreadPoolExecutor$Worker.run(ThreadPoolExecutor.java:624)&#10;        at java.lang.Thread.run(Thread.java:748)&#10;&quot;pool-238-thread-22&quot;  prio=5 tid=2819 in Object.wait()&#10;java.lang.Thread.State: WAITING (on object monitor)&#10;        at sun.misc.Unsafe.park(Native Method)&#10;        at java.util.concurrent.locks.LockSupport.park(LockSupport.java:175)&#10;        at java.util.concurrent.locks.AbstractQueuedSynchronizer$ConditionObject.await(AbstractQueuedSynchronizer.java:2039)&#10;        at java.util.concurrent.ArrayBlockingQueue.take(ArrayBlockingQueue.java:403)&#10;        at java.util.concurrent.ThreadPoolExecutor.getTask(ThreadPoolExecutor.java:1074)&#10;        at java.util.concurrent.ThreadPoolExecutor.runWorker(ThreadPoolExecutor.java:1134)&#10;        at java.util.concurrent.ThreadPoolExecutor$Worker.run(ThreadPoolExecutor.java:624)&#10;        at java.lang.Thread.run(Thread.java:748)&#10;&quot;Datanode ReportManager Thread - 3&quot; daemon prio=5 tid=2018 in Object.wait()&#10;java.lang.Thread.State: WAITING (on object monitor)&#10;        at sun.misc.Unsafe.park(Native Method)&#10;        at java.util.concurrent.locks.LockSupport.park(LockSupport.java:175)&#10;        at java.util.concurrent.locks.AbstractQueuedSynchronizer$ConditionObject.await(AbstractQueuedSynchronizer.java:2039)&#10;        at java.util.concurrent.ScheduledThreadPoolExecutor$DelayedWorkQueue.take(ScheduledThreadPoolExecutor.java:1088)&#10;        at java.util.concurrent.ScheduledThreadPoolExecutor$DelayedWorkQueue.take(ScheduledThreadPoolExecutor.java:809)&#10;        at java.util.concurrent.ThreadPoolExecutor.getTask(ThreadPoolExecutor.java:1074)&#10;        at java.util.concurrent.ThreadPoolExecutor.runWorker(ThreadPoolExecutor.java:1134)&#10;        at java.util.concurrent.ThreadPoolExecutor$Worker.run(ThreadPoolExecutor.java:624)&#10;        at java.lang.Thread.run(Thread.java:748)&#10;&quot;Datanode ReportManager Thread - 0&quot; daemon prio=5 tid=306 timed_waiting&#10;java.lang.Thread.State: TIMED_WAITING&#10;        at sun.misc.Unsafe.park(Native Method)&#10;        at java.util.concurrent.locks.LockSupport.parkNanos(LockSupport.java:215)&#10;        at java.util.concurrent.locks.AbstractQueuedSynchronizer$ConditionObject.awaitNanos(AbstractQueuedSynchronizer.java:2078)&#10;        at java.util.concurrent.ScheduledThreadPoolExecutor$DelayedWorkQueue.take(ScheduledThreadPoolExecutor.java:1093)&#10;        at java.util.concurrent.ScheduledThreadPoolExecutor$DelayedWorkQueue.take(ScheduledThreadPoolExecutor.java:809)&#10;        at java.util.concurrent.ThreadPoolExecutor.getTask(ThreadPoolExecutor.java:1074)&#10;        at java.util.concurrent.ThreadPoolExecutor.runWorker(ThreadPoolExecutor.java:1134)&#10;        at java.util.concurrent.ThreadPoolExecutor$Worker.run(ThreadPoolExecutor.java:624)&#10;        at java.lang.Thread.run(Thread.java:748)&#10;&quot;IPC Server handler 14 on 45554&quot; daemon prio=5 tid=1949 timed_waiting&#10;java.lang.Thread.State: TIMED_WAITING&#10;        at sun.misc.Unsafe.park(Native Method)&#10;        at java.util.concurrent.locks.LockSupport.parkNanos(LockSupport.java:215)&#10;        at java.util.concurrent.locks.AbstractQueuedSynchronizer$ConditionObject.awaitNanos(AbstractQueuedSynchronizer.java:2078)&#10;        at java.util.concurrent.LinkedBlockingQueue.poll(LinkedBlockingQueue.java:467)&#10;        at org.apache.hadoop.ipc.CallQueueManager.take(CallQueueManager.java:288)&#10;        at org.apache.hadoop.ipc.Server$Handler.run(Server.java:2668)&#10;&quot;EventQueue-NewNodeForNewNodeHandler&quot; daemon prio=5 tid=2860 in Object.wait()&#10;java.lang.Thread.State: WAITING (on object monitor)&#10;        at sun.misc.Unsafe.park(Native Method)&#10;        at java.util.concurrent.locks.LockSupport.park(LockSupport.java:175)&#10;        at java.util.concurrent.locks.AbstractQueuedSynchronizer$ConditionObject.await(AbstractQueuedSynchronizer.java:2039)&#10;        at java.util.concurrent.LinkedBlockingQueue.take(LinkedBlockingQueue.java:442)&#10;        at java.util.concurrent.ThreadPoolExecutor.getTask(ThreadPoolExecutor.java:1074)&#10;        at java.util.concurrent.ThreadPoolExecutor.runWorker(ThreadPoolExecutor.java:1134)&#10;        at java.util.concurrent.ThreadPoolExecutor$Worker.run(ThreadPoolExecutor.java:624)&#10;        at java.lang.Thread.run(Thread.java:748)&#10;&quot;pool-168-thread-11&quot;  prio=5 tid=2374 in Object.wait()&#10;java.lang.Thread.State: WAITING (on object monitor)&#10;        at sun.misc.Unsafe.park(Native Method)&#10;        at java.util.concurrent.locks.LockSupport.park(LockSupport.java:175)&#10;        at java.util.concurrent.locks.AbstractQueuedSynchronizer$ConditionObject.await(AbstractQueuedSynchronizer.java:2039)&#10;        at java.util.concurrent.ArrayBlockingQueue.take(ArrayBlockingQueue.java:403)&#10;        at java.util.concurrent.ThreadPoolExecutor.getTask(ThreadPoolExecutor.java:1074)&#10;        at java.util.concurrent.ThreadPoolExecutor.runWorker(ThreadPoolExecutor.java:1134)&#10;        at java.util.concurrent.ThreadPoolExecutor$Worker.run(ThreadPoolExecutor.java:624)&#10;        at java.lang.Thread.run(Thread.java:748)&#10;&quot;25c17e6e-60f2-43b7-8570-af6cc9981309@group-A7405D5AD40E-StateMachineUpdater&quot; daemon prio=5 tid=3131 in Object.wait()&#10;java.lang.Thread.State: WAITING (on object monitor)&#10;        at java.lang.Object.wait(Native Method)&#10;        at java.lang.Object.wait(Object.java:502)&#10;        at org.apache.ratis.server.impl.StateMachineUpdater.waitForCommit(StateMachineUpdater.java:194)&#10;        at org.apache.ratis.server.impl.StateMachineUpdater.run(StateMachineUpdater.java:159)&#10;        at java.lang.Thread.run(Thread.java:748)&#10;&quot;pool-198-thread-55&quot;  prio=5 tid=2604 in Object.wait()&#10;java.lang.Thread.State: WAITING (on object monitor)&#10;        at sun.misc.Unsafe.park(Native Method)&#10;        at java.util.concurrent.locks.LockSupport.park(LockSupport.java:175)&#10;        at java.util.concurrent.locks.AbstractQueuedSynchronizer$ConditionObject.await(AbstractQueuedSynchronizer.java:2039)&#10;        at java.util.concurrent.ArrayBlockingQueue.take(ArrayBlockingQueue.java:403)&#10;        at java.util.concurrent.ThreadPoolExecutor.getTask(ThreadPoolExecutor.java:1074)&#10;        at java.util.concurrent.ThreadPoolExecutor.runWorker(ThreadPoolExecutor.java:1134)&#10;        at java.util.concurrent.ThreadPoolExecutor$Worker.run(ThreadPoolExecutor.java:624)&#10;        at java.lang.Thread.run(Thread.java:748)&#10;&quot;pool-148-thread-9&quot;  prio=5 tid=2247 in Object.wait()&#10;java.lang.Thread.State: WAITING (on object monitor)&#10;        at sun.misc.Unsafe.park(Native Method)&#10;        at java.util.concurrent.locks.LockSupport.park(LockSupport.java:175)&#10;        at java.util.concurrent.locks.AbstractQueuedSynchronizer$ConditionObject.await(AbstractQueuedSynchronizer.java:2039)&#10;        at java.util.concurrent.ArrayBlockingQueue.take(ArrayBlockingQueue.java:403)&#10;        at java.util.concurrent.ThreadPoolExecutor.getTask(ThreadPoolExecutor.java:1074)&#10;        at java.util.concurrent.ThreadPoolExecutor.runWorker(ThreadPoolExecutor.java:1134)&#10;        at java.util.concurrent.ThreadPoolExecutor$Worker.run(ThreadPoolExecutor.java:624)&#10;        at java.lang.Thread.run(Thread.java:748)&#10;&quot;refreshUsed-/workdir/hadoop-ozone/integration-test/target/test-dir/MiniOzoneClusterImpl-6b3e2517-75a7-4dd9-8054-0b12e404e591/datanode-5/data/containers&quot; daemon prio=5 tid=2106 timed_waiting&#10;java.lang.Thread.State: TIMED_WAITING&#10;        at java.lang.Thread.sleep(Native Method)&#10;        at org.apache.hadoop.fs.CachingGetSpaceUsed$RefreshThread.run(CachingGetSpaceUsed.java:179)&#10;        at java.lang.Thread.run(Thread.java:748)&#10;&quot;OMDoubleBufferFlushThread&quot; daemon prio=5 tid=1927 timed_waiting&#10;java.lang.Thread.State: TIMED_WAITING&#10;        at java.lang.Object.wait(Native Method)&#10;        at org.apache.hadoop.ozone.om.ratis.OzoneManagerDoubleBuffer.canFlush(OzoneManagerDoubleBuffer.java:333)&#10;        at org.apache.hadoop.ozone.om.ratis.OzoneManagerDoubleBuffer.flushTransactions(OzoneManagerDoubleBuffer.java:130)&#10;        at org.apache.hadoop.ozone.om.ratis.OzoneManagerDoubleBuffer$$Lambda$48/1914740115.run(Unknown Source)&#10;        at java.lang.Thread.run(Thread.java:748)&#10;&quot;qtp95553286-1961&quot; daemon prio=5 tid=1961 timed_waiting&#10;java.lang.Thread.State: TIMED_WAITING&#10;        at sun.misc.Unsafe.park(Native Method)&#10;        at java.util.concurrent.locks.LockSupport.parkNanos(LockSupport.java:215)&#10;        at java.util.concurrent.locks.AbstractQueuedSynchronizer$ConditionObject.awaitNanos(AbstractQueuedSynchronizer.java:2078)&#10;        at org.eclipse.jetty.util.BlockingArrayQueue.poll(BlockingArrayQueue.java:392)&#10;        at org.eclipse.jetty.util.thread.QueuedThreadPool.idleJobPoll(QueuedThreadPool.java:563)&#10;        at org.eclipse.jetty.util.thread.QueuedThreadPool.access$800(QueuedThreadPool.java:48)&#10;        at org.eclipse.jetty.util.thread.QueuedThreadPool$2.run(QueuedThreadPool.java:626)&#10;        at java.lang.Thread.run(Thread.java:748)&#10;&quot;pool-228-thread-8&quot;  prio=5 tid=2743 in Object.wait()&#10;java.lang.Thread.State: WAITING (on object monitor)&#10;        at sun.misc.Unsafe.park(Native Method)&#10;        at java.util.concurrent.locks.LockSupport.park(LockSupport.java:175)&#10;        at java.util.concurrent.locks.AbstractQueuedSynchronizer$ConditionObject.await(AbstractQueuedSynchronizer.java:2039)&#10;        at java.util.concurrent.ArrayBlockingQueue.take(ArrayBlockingQueue.java:403)&#10;        at java.util.concurrent.ThreadPoolExecutor.getTask(ThreadPoolExecutor.java:1074)&#10;        at java.util.concurrent.ThreadPoolExecutor.runWorker(ThreadPoolExecutor.java:1134)&#10;        at java.util.concurrent.ThreadPoolExecutor$Worker.run(ThreadPoolExecutor.java:624)&#10;        at java.lang.Thread.run(Thread.java:748)&#10;&quot;pool-188-thread-18&quot;  prio=5 tid=2505 in Object.wait()&#10;java.lang.Thread.State: WAITING (on object monitor)&#10;        at sun.misc.Unsafe.park(Native Method)&#10;        at java.util.concurrent.locks.LockSupport.park(LockSupport.java:175)&#10;        at java.util.concurrent.locks.AbstractQueuedSynchronizer$ConditionObject.await(AbstractQueuedSynchronizer.java:2039)&#10;        at java.util.concurrent.ArrayBlockingQueue.take(ArrayBlockingQueue.java:403)&#10;        at java.util.concurrent.ThreadPoolExecutor.getTask(ThreadPoolExecutor.java:1074)&#10;        at java.util.concurrent.ThreadPoolExecutor.runWorker(ThreadPoolExecutor.java:1134)&#10;        at java.util.concurrent.ThreadPoolExecutor$Worker.run(ThreadPoolExecutor.java:624)&#10;        at java.lang.Thread.run(Thread.java:748)&#10;&quot;Datanode ReportManager Thread - 1&quot; daemon prio=5 tid=2151 timed_waiting&#10;java.lang.Thread.State: TIMED_WAITING&#10;        at sun.misc.Unsafe.park(Native Method)&#10;        at java.util.concurrent.locks.LockSupport.parkNanos(LockSupport.java:215)&#10;        at java.util.concurrent.locks.AbstractQueuedSynchronizer$ConditionObject.awaitNanos(AbstractQueuedSynchronizer.java:2078)&#10;        at java.util.concurrent.ScheduledThreadPoolExecutor$DelayedWorkQueue.take(ScheduledThreadPoolExecutor.java:1093)&#10;        at java.util.concurrent.ScheduledThreadPoolExecutor$DelayedWorkQueue.take(ScheduledThreadPoolExecutor.java:809)&#10;        at java.util.concurrent.ThreadPoolExecutor.getTask(ThreadPoolExecutor.java:1074)&#10;        at java.util.concurrent.ThreadPoolExecutor.runWorker(ThreadPoolExecutor.java:1134)&#10;        at java.util.concurrent.ThreadPoolExecutor$Worker.run(ThreadPoolExecutor.java:624)&#10;        at java.lang.Thread.run(Thread.java:748)&#10;&quot;org.eclipse.jetty.server.session.HashSessionManager@250b5e5bTimer&quot; daemon prio=5 tid=2229 timed_waiting&#10;java.lang.Thread.State: TIMED_WAITING&#10;        at sun.misc.Unsafe.park(Native Method)&#10;        at java.util.concurrent.locks.LockSupport.parkNanos(LockSupport.java:215)&#10;        at java.util.concurrent.locks.AbstractQueuedSynchronizer$ConditionObject.awaitNanos(AbstractQueuedSynchronizer.java:2078)&#10;        at java.util.concurrent.ScheduledThreadPoolExecutor$DelayedWorkQueue.take(ScheduledThreadPoolExecutor.java:1093)&#10;        at java.util.concurrent.ScheduledThreadPoolExecutor$DelayedWorkQueue.take(ScheduledThreadPoolExecutor.java:809)&#10;        at java.util.concurrent.ThreadPoolExecutor.getTask(ThreadPoolExecutor.java:1074)&#10;        at java.util.concurrent.ThreadPoolExecutor.runWorker(ThreadPoolExecutor.java:1134)&#10;        at java.util.concurrent.ThreadPoolExecutor$Worker.run(ThreadPoolExecutor.java:624)&#10;        at java.lang.Thread.run(Thread.java:748)&#10;&quot;org.apache.hadoop.util.JvmPauseMonitor$Monitor@456ed6bc&quot; daemon prio=5 tid=2182 timed_waiting&#10;java.lang.Thread.State: TIMED_WAITING&#10;        at java.lang.Thread.sleep(Native Method)&#10;        at org.apache.hadoop.util.JvmPauseMonitor$Monitor.run(JvmPauseMonitor.java:192)&#10;        at java.lang.Thread.run(Thread.java:748)&#10;&quot;pool-228-thread-32&quot;  prio=5 tid=2767 in Object.wait()&#10;java.lang.Thread.State: WAITING (on object monitor)&#10;        at sun.misc.Unsafe.park(Native Method)&#10;        at java.util.concurrent.locks.LockSupport.park(LockSupport.java:175)&#10;        at java.util.concurrent.locks.AbstractQueuedSynchronizer$ConditionObject.await(AbstractQueuedSynchronizer.java:2039)&#10;        at java.util.concurrent.ArrayBlockingQueue.take(ArrayBlockingQueue.java:403)&#10;        at java.util.concurrent.ThreadPoolExecutor.getTask(ThreadPoolExecutor.java:1074)&#10;        at java.util.concurrent.ThreadPoolExecutor.runWorker(ThreadPoolExecutor.java:1134)&#10;        at java.util.concurrent.ThreadPoolExecutor$Worker.run(ThreadPoolExecutor.java:624)&#10;        at java.lang.Thread.run(Thread.java:748)&#10;&quot;pool-218-thread-43&quot;  prio=5 tid=2716 in Object.wait()&#10;java.lang.Thread.State: WAITING (on object monitor)&#10;        at sun.misc.Unsafe.park(Native Method)&#10;        at java.util.concurrent.locks.LockSupport.park(LockSupport.java:175)&#10;        at java.util.concurrent.locks.AbstractQueuedSynchronizer$ConditionObject.await(AbstractQueuedSynchronizer.java:2039)&#10;        at java.util.concurrent.ArrayBlockingQueue.take(ArrayBlockingQueue.java:403)&#10;        at java.util.concurrent.ThreadPoolExecutor.getTask(ThreadPoolExecutor.java:1074)&#10;        at java.util.concurrent.ThreadPoolExecutor.runWorker(ThreadPoolExecutor.java:1134)&#10;        at java.util.concurrent.ThreadPoolExecutor$Worker.run(ThreadPoolExecutor.java:624)&#10;        at java.lang.Thread.run(Thread.java:748)&#10;&quot;pool-208-thread-14&quot;  prio=5 tid=2625 in Object.wait()&#10;java.lang.Thread.State: WAITING (on object monitor)&#10;        at sun.misc.Unsafe.park(Native Method)&#10;        at java.util.concurrent.locks.LockSupport.park(LockSupport.java:175)&#10;        at java.util.concurrent.locks.AbstractQueuedSynchronizer$ConditionObject.await(AbstractQueuedSynchronizer.java:2039)&#10;        at java.util.concurrent.ArrayBlockingQueue.take(ArrayBlockingQueue.java:403)&#10;        at java.util.concurrent.ThreadPoolExecutor.getTask(ThreadPoolExecutor.java:1074)&#10;        at java.util.concurrent.ThreadPoolExecutor.runWorker(ThreadPoolExecutor.java:1134)&#10;        at java.util.concurrent.ThreadPoolExecutor$Worker.run(ThreadPoolExecutor.java:624)&#10;        at java.lang.Thread.run(Thread.java:748)&#10;&quot;pool-178-thread-35&quot;  prio=5 tid=2460 in Object.wait()&#10;java.lang.Thread.State: WAITING (on object monitor)&#10;        at sun.misc.Unsafe.park(Native Method)&#10;        at java.util.concurrent.locks.LockSupport.park(LockSupport.java:175)&#10;        at java.util.concurrent.locks.AbstractQueuedSynchronizer$ConditionObject.await(AbstractQueuedSynchronizer.java:2039)&#10;        at java.util.concurrent.ArrayBlockingQueue.take(ArrayBlockingQueue.java:403)&#10;        at java.util.concurrent.ThreadPoolExecutor.getTask(ThreadPoolExecutor.java:1074)&#10;        at java.util.concurrent.ThreadPoolExecutor.runWorker(ThreadPoolExecutor.java:1134)&#10;        at java.util.concurrent.ThreadPoolExecutor$Worker.run(ThreadPoolExecutor.java:624)&#10;        at java.lang.Thread.run(Thread.java:748)&#10;&quot;qtp1404150776-1980&quot; daemon prio=5 tid=1980 timed_waiting&#10;java.lang.Thread.State: TIMED_WAITING&#10;        at sun.misc.Unsafe.park(Native Method)&#10;        at java.util.concurrent.locks.LockSupport.parkNanos(LockSupport.java:215)&#10;        at java.util.concurrent.locks.AbstractQueuedSynchronizer$ConditionObject.awaitNanos(AbstractQueuedSynchronizer.java:2078)&#10;        at org.eclipse.jetty.util.BlockingArrayQueue.poll(BlockingArrayQueue.java:392)&#10;        at org.eclipse.jetty.util.thread.QueuedThreadPool.idleJobPoll(QueuedThreadPool.java:563)&#10;        at org.eclipse.jetty.util.thread.QueuedThreadPool.access$800(QueuedThreadPool.java:48)&#10;        at org.eclipse.jetty.util.thread.QueuedThreadPool$2.run(QueuedThreadPool.java:626)&#10;        at java.lang.Thread.run(Thread.java:748)&#10;&quot;dd0e1198-6ba1-4c32-9ce2-054c25212f92@group-031444766508-StateMachineUpdater&quot; daemon prio=5 tid=3094 in Object.wait()&#10;java.lang.Thread.State: WAITING (on object monitor)&#10;        at java.lang.Object.wait(Native Method)&#10;        at java.lang.Object.wait(Object.java:502)&#10;        at org.apache.ratis.server.impl.StateMachineUpdater.waitForCommit(StateMachineUpdater.java:194)&#10;        at org.apache.ratis.server.impl.StateMachineUpdater.run(StateMachineUpdater.java:159)&#10;        at java.lang.Thread.run(Thread.java:748)&#10;&quot;pool-188-thread-37&quot;  prio=5 tid=2524 in Object.wait()&#10;java.lang.Thread.State: WAITING (on object monitor)&#10;        at sun.misc.Unsafe.park(Native Method)&#10;        at java.util.concurrent.locks.LockSupport.park(LockSupport.java:175)&#10;        at java.util.concurrent.locks.AbstractQueuedSynchronizer$ConditionObject.await(AbstractQueuedSynchronizer.java:2039)&#10;        at java.util.concurrent.ArrayBlockingQueue.take(ArrayBlockingQueue.java:403)&#10;        at java.util.concurrent.ThreadPoolExecutor.getTask(ThreadPoolExecutor.java:1074)&#10;        at java.util.concurrent.ThreadPoolExecutor.runWorker(ThreadPoolExecutor.java:1134)&#10;        at java.util.concurrent.ThreadPoolExecutor$Worker.run(ThreadPoolExecutor.java:624)&#10;        at java.lang.Thread.run(Thread.java:748)&#10;&quot;PartialTableCache Cleanup Thread - 0&quot; daemon prio=5 tid=3036 in Object.wait()&#10;java.lang.Thread.State: WAITING (on object monitor)&#10;        at sun.misc.Unsafe.park(Native Method)&#10;        at java.util.concurrent.locks.LockSupport.park(LockSupport.java:175)&#10;        at java.util.concurrent.locks.AbstractQueuedSynchronizer$ConditionObject.await(AbstractQueuedSynchronizer.java:2039)&#10;        at java.util.concurrent.LinkedBlockingQueue.take(LinkedBlockingQueue.java:442)&#10;        at java.util.concurrent.ThreadPoolExecutor.getTask(ThreadPoolExecutor.java:1074)&#10;        at java.util.concurrent.ThreadPoolExecutor.runWorker(ThreadPoolExecutor.java:1134)&#10;        at java.util.concurrent.ThreadPoolExecutor$Worker.run(ThreadPoolExecutor.java:624)&#10;        at java.lang.Thread.run(Thread.java:748)&#10;&quot;pool-228-thread-22&quot;  prio=5 tid=2757 in Object.wait()&#10;java.lang.Thread.State: WAITING (on object monitor)&#10;        at sun.misc.Unsafe.park(Native Method)&#10;        at java.util.concurrent.locks.LockSupport.park(LockSupport.java:175)&#10;        at java.util.concurrent.locks.AbstractQueuedSynchronizer$ConditionObject.await(AbstractQueuedSynchronizer.java:2039)&#10;        at java.util.concurrent.ArrayBlockingQueue.take(ArrayBlockingQueue.java:403)&#10;        at java.util.concurrent.ThreadPoolExecutor.getTask(ThreadPoolExecutor.java:1074)&#10;        at java.util.concurrent.ThreadPoolExecutor.runWorker(ThreadPoolExecutor.java:1134)&#10;        at java.util.concurrent.ThreadPoolExecutor$Worker.run(ThreadPoolExecutor.java:624)&#10;        at java.lang.Thread.run(Thread.java:748)&#10;&quot;pool-218-thread-33&quot;  prio=5 tid=2706 in Object.wait()&#10;java.lang.Thread.State: WAITING (on object monitor)&#10;        at sun.misc.Unsafe.park(Native Method)&#10;        at java.util.concurrent.locks.LockSupport.park(LockSupport.java:175)&#10;        at java.util.concurrent.locks.AbstractQueuedSynchronizer$ConditionObject.await(AbstractQueuedSynchronizer.java:2039)&#10;        at java.util.concurrent.ArrayBlockingQueue.take(ArrayBlockingQueue.java:403)&#10;        at java.util.concurrent.ThreadPoolExecutor.getTask(ThreadPoolExecutor.java:1074)&#10;        at java.util.concurrent.ThreadPoolExecutor.runWorker(ThreadPoolExecutor.java:1134)&#10;        at java.util.concurrent.ThreadPoolExecutor$Worker.run(ThreadPoolExecutor.java:624)&#10;        at java.lang.Thread.run(Thread.java:748)&#10;&quot;IPC Server handler 6 on 35974&quot; daemon prio=5 tid=1858 timed_waiting&#10;java.lang.Thread.State: TIMED_WAITING&#10;        at sun.misc.Unsafe.park(Native Method)&#10;        at java.util.concurrent.locks.LockSupport.parkNanos(LockSupport.java:215)&#10;        at java.util.concurrent.locks.AbstractQueuedSynchronizer$ConditionObject.awaitNanos(AbstractQueuedSynchronizer.java:2078)&#10;        at java.util.concurrent.LinkedBlockingQueue.poll(LinkedBlockingQueue.java:467)&#10;        at org.apache.hadoop.ipc.CallQueueManager.take(CallQueueManager.java:288)&#10;        at org.apache.hadoop.ipc.Server$Handler.run(Server.java:2668)&#10;&quot;pool-208-thread-60&quot;  prio=5 tid=2671 in Object.wait()&#10;java.lang.Thread.State: WAITING (on object monitor)&#10;        at sun.misc.Unsafe.park(Native Method)&#10;        at java.util.concurrent.locks.LockSupport.park(LockSupport.java:175)&#10;        at java.util.concurrent.locks.AbstractQueuedSynchronizer$ConditionObject.await(AbstractQueuedSynchronizer.java:2039)&#10;        at java.util.concurrent.ArrayBlockingQueue.take(ArrayBlockingQueue.java:403)&#10;        at java.util.concurrent.ThreadPoolExecutor.getTask(ThreadPoolExecutor.java:1074)&#10;        at java.util.concurrent.ThreadPoolExecutor.runWorker(ThreadPoolExecutor.java:1134)&#10;        at java.util.concurrent.ThreadPoolExecutor$Worker.run(ThreadPoolExecutor.java:624)&#10;        at java.lang.Thread.run(Thread.java:748)&#10;&quot;pool-238-thread-35&quot;  prio=5 tid=2832 in Object.wait()&#10;java.lang.Thread.State: WAITING (on object monitor)&#10;        at sun.misc.Unsafe.park(Native Method)&#10;        at java.util.concurrent.locks.LockSupport.park(LockSupport.java:175)&#10;        at java.util.concurrent.locks.AbstractQueuedSynchronizer$ConditionObject.await(AbstractQueuedSynchronizer.java:2039)&#10;        at java.util.concurrent.ArrayBlockingQueue.take(ArrayBlockingQueue.java:403)&#10;        at java.util.concurrent.ThreadPoolExecutor.getTask(ThreadPoolExecutor.java:1074)&#10;        at java.util.concurrent.ThreadPoolExecutor.runWorker(ThreadPoolExecutor.java:1134)&#10;        at java.util.concurrent.ThreadPoolExecutor$Worker.run(ThreadPoolExecutor.java:624)&#10;        at java.lang.Thread.run(Thread.java:748)&#10;&quot;pool-238-thread-28&quot;  prio=5 tid=2825 in Object.wait()&#10;java.lang.Thread.State: WAITING (on object monitor)&#10;        at sun.misc.Unsafe.park(Native Method)&#10;        at java.util.concurrent.locks.LockSupport.park(LockSupport.java:175)&#10;        at java.util.concurrent.locks.AbstractQueuedSynchronizer$ConditionObject.await(AbstractQueuedSynchronizer.java:2039)&#10;        at java.util.concurrent.ArrayBlockingQueue.take(ArrayBlockingQueue.java:403)&#10;        at java.util.concurrent.ThreadPoolExecutor.getTask(ThreadPoolExecutor.java:1074)&#10;        at java.util.concurrent.ThreadPoolExecutor.runWorker(ThreadPoolExecutor.java:1134)&#10;        at java.util.concurrent.ThreadPoolExecutor$Worker.run(ThreadPoolExecutor.java:624)&#10;        at java.lang.Thread.run(Thread.java:748)&#10;&quot;pool-188-thread-56&quot;  prio=5 tid=2543 in Object.wait()&#10;java.lang.Thread.State: WAITING (on object monitor)&#10;        at sun.misc.Unsafe.park(Native Method)&#10;        at java.util.concurrent.locks.LockSupport.park(LockSupport.java:175)&#10;        at java.util.concurrent.locks.AbstractQueuedSynchronizer$ConditionObject.await(AbstractQueuedSynchronizer.java:2039)&#10;        at java.util.concurrent.ArrayBlockingQueue.take(ArrayBlockingQueue.java:403)&#10;        at java.util.concurrent.ThreadPoolExecutor.getTask(ThreadPoolExecutor.java:1074)&#10;        at java.util.concurrent.ThreadPoolExecutor.runWorker(ThreadPoolExecutor.java:1134)&#10;        at java.util.concurrent.ThreadPoolExecutor$Worker.run(ThreadPoolExecutor.java:624)&#10;        at java.lang.Thread.run(Thread.java:748)&#10;&quot;pool-186-thread-1&quot; daemon prio=5 tid=2081 timed_waiting&#10;java.lang.Thread.State: TIMED_WAITING&#10;        at sun.misc.Unsafe.park(Native Method)&#10;        at java.util.concurrent.locks.LockSupport.parkNanos(LockSupport.java:215)&#10;        at java.util.concurrent.locks.AbstractQueuedSynchronizer$ConditionObject.awaitNanos(AbstractQueuedSynchronizer.java:2078)&#10;        at java.util.concurrent.ScheduledThreadPoolExecutor$DelayedWorkQueue.take(ScheduledThreadPoolExecutor.java:1093)&#10;        at java.util.concurrent.ScheduledThreadPoolExecutor$DelayedWorkQueue.take(ScheduledThreadPoolExecutor.java:809)&#10;        at java.util.concurrent.ThreadPoolExecutor.getTask(ThreadPoolExecutor.java:1074)&#10;        at java.util.concurrent.ThreadPoolExecutor.runWorker(ThreadPoolExecutor.java:1134)&#10;        at java.util.concurrent.ThreadPoolExecutor$Worker.run(ThreadPoolExecutor.java:624)&#10;        at java.lang.Thread.run(Thread.java:748)&#10;&quot;pool-178-thread-37&quot;  prio=5 tid=2462 in Object.wait()&#10;java.lang.Thread.State: WAITING (on object monitor)&#10;        at sun.misc.Unsafe.park(Native Method)&#10;        at java.util.concurrent.locks.LockSupport.park(LockSupport.java:175)&#10;        at java.util.concurrent.locks.AbstractQueuedSynchronizer$ConditionObject.await(AbstractQueuedSynchronizer.java:2039)&#10;        at java.util.concurrent.ArrayBlockingQueue.take(ArrayBlockingQueue.java:403)&#10;        at java.util.concurrent.ThreadPoolExecutor.getTask(ThreadPoolExecutor.java:1074)&#10;        at java.util.concurrent.ThreadPoolExecutor.runWorker(ThreadPoolExecutor.java:1134)&#10;        at java.util.concurrent.ThreadPoolExecutor$Worker.run(ThreadPoolExecutor.java:624)&#10;        at java.lang.Thread.run(Thread.java:748)&#10;&quot;pool-208-thread-7&quot;  prio=5 tid=2618 in Object.wait()&#10;java.lang.Thread.State: WAITING (on object monitor)&#10;        at sun.misc.Unsafe.park(Native Method)&#10;        at java.util.concurrent.locks.LockSupport.park(LockSupport.java:175)&#10;        at java.util.concurrent.locks.AbstractQueuedSynchronizer$ConditionObject.await(AbstractQueuedSynchronizer.java:2039)&#10;        at java.util.concurrent.ArrayBlockingQueue.take(ArrayBlockingQueue.java:403)&#10;        at java.util.concurrent.ThreadPoolExecutor.getTask(ThreadPoolExecutor.java:1074)&#10;        at java.util.concurrent.ThreadPoolExecutor.runWorker(ThreadPoolExecutor.java:1134)&#10;        at java.util.concurrent.ThreadPoolExecutor$Worker.run(ThreadPoolExecutor.java:624)&#10;        at java.lang.Thread.run(Thread.java:748)&#10;&quot;DataNode DiskChecker thread 0&quot; daemon prio=5 tid=2080 timed_waiting&#10;java.lang.Thread.State: TIMED_WAITING&#10;        at sun.misc.Unsafe.park(Native Method)&#10;        at java.util.concurrent.locks.LockSupport.parkNanos(LockSupport.java:215)&#10;        at java.util.concurrent.SynchronousQueue$TransferStack.awaitFulfill(SynchronousQueue.java:460)&#10;        at java.util.concurrent.SynchronousQueue$TransferStack.transfer(SynchronousQueue.java:362)&#10;        at java.util.concurrent.SynchronousQueue.poll(SynchronousQueue.java:941)&#10;        at java.util.concurrent.ThreadPoolExecutor.getTask(ThreadPoolExecutor.java:1073)&#10;        at java.util.concurrent.ThreadPoolExecutor.runWorker(ThreadPoolExecutor.java:1134)&#10;        at java.util.concurrent.ThreadPoolExecutor$Worker.run(ThreadPoolExecutor.java:624)&#10;        at java.lang.Thread.run(Thread.java:748)&#10;&quot;pool-198-thread-19&quot;  prio=5 tid=2568 in Object.wait()&#10;java.lang.Thread.State: WAITING (on object monitor)&#10;        at sun.misc.Unsafe.park(Native Method)&#10;        at java.util.concurrent.locks.LockSupport.park(LockSupport.java:175)&#10;        at java.util.concurrent.locks.AbstractQueuedSynchronizer$ConditionObject.await(AbstractQueuedSynchronizer.java:2039)&#10;        at java.util.concurrent.ArrayBlockingQueue.take(ArrayBlockingQueue.java:403)&#10;        at java.util.concurrent.ThreadPoolExecutor.getTask(ThreadPoolExecutor.java:1074)&#10;        at java.util.concurrent.ThreadPoolExecutor.runWorker(ThreadPoolExecutor.java:1134)&#10;        at java.util.concurrent.ThreadPoolExecutor$Worker.run(ThreadPoolExecutor.java:624)&#10;        at java.lang.Thread.run(Thread.java:748)&#10;&quot;DataNode DiskChecker thread 0&quot; daemon prio=5 tid=2161 timed_waiting&#10;java.lang.Thread.State: TIMED_WAITING&#10;        at sun.misc.Unsafe.park(Native Method)&#10;        at java.util.concurrent.locks.LockSupport.parkNanos(LockSupport.java:215)&#10;        at java.util.concurrent.SynchronousQueue$TransferStack.awaitFulfill(SynchronousQueue.java:460)&#10;        at java.util.concurrent.SynchronousQueue$TransferStack.transfer(SynchronousQueue.java:362)&#10;        at java.util.concurrent.SynchronousQueue.poll(SynchronousQueue.java:941)&#10;        at java.util.concurrent.ThreadPoolExecutor.getTask(ThreadPoolExecutor.java:1073)&#10;        at java.util.concurrent.ThreadPoolExecutor.runWorker(ThreadPoolExecutor.java:1134)&#10;        at java.util.concurrent.ThreadPoolExecutor$Worker.run(ThreadPoolExecutor.java:624)&#10;        at java.lang.Thread.run(Thread.java:748)&#10;&quot;Datanode ReportManager Thread - 0&quot; daemon prio=5 tid=2096 in Object.wait()&#10;java.lang.Thread.State: WAITING (on object monitor)&#10;        at sun.misc.Unsafe.park(Native Method)&#10;        at java.util.concurrent.locks.LockSupport.park(LockSupport.java:175)&#10;        at java.util.concurrent.locks.AbstractQueuedSynchronizer$ConditionObject.await(AbstractQueuedSynchronizer.java:2039)&#10;        at java.util.concurrent.ScheduledThreadPoolExecutor$DelayedWorkQueue.take(ScheduledThreadPoolExecutor.java:1088)&#10;        at java.util.concurrent.ScheduledThreadPoolExecutor$DelayedWorkQueue.take(ScheduledThreadPoolExecutor.java:809)&#10;        at java.util.concurrent.ThreadPoolExecutor.getTask(ThreadPoolExecutor.java:1074)&#10;        at java.util.concurrent.ThreadPoolExecutor.runWorker(ThreadPoolExecutor.java:1134)&#10;        at java.util.concurrent.ThreadPoolExecutor$Worker.run(ThreadPoolExecutor.java:624)&#10;        at java.lang.Thread.run(Thread.java:748)&#10;&quot;Thread-1334&quot; daemon prio=5 tid=2963 timed_waiting&#10;java.lang.Thread.State: TIMED_WAITING&#10;        at sun.misc.Unsafe.park(Native Method)&#10;        at java.util.concurrent.locks.LockSupport.parkNanos(LockSupport.java:215)&#10;        at java.util.concurrent.locks.AbstractQueuedSynchronizer$ConditionObject.awaitNanos(AbstractQueuedSynchronizer.java:2078)&#10;        at java.util.concurrent.ArrayBlockingQueue.poll(ArrayBlockingQueue.java:418)&#10;        at org.apache.ratis.server.impl.LeaderState$EventQueue.poll(LeaderState.java:115)&#10;        at org.apache.ratis.server.impl.LeaderState$EventProcessor.run(LeaderState.java:467)&#10;&quot;pool-218-thread-16&quot;  prio=5 tid=2689 in Object.wait()&#10;java.lang.Thread.State: WAITING (on object monitor)&#10;        at sun.misc.Unsafe.park(Native Method)&#10;        at java.util.concurrent.locks.LockSupport.park(LockSupport.java:175)&#10;        at java.util.concurrent.locks.AbstractQueuedSynchronizer$ConditionObject.await(AbstractQueuedSynchronizer.java:2039)&#10;        at java.util.concurrent.ArrayBlockingQueue.take(ArrayBlockingQueue.java:403)&#10;        at java.util.concurrent.ThreadPoolExecutor.getTask(ThreadPoolExecutor.java:1074)&#10;        at java.util.concurrent.ThreadPoolExecutor.runWorker(ThreadPoolExecutor.java:1134)&#10;        at java.util.concurrent.ThreadPoolExecutor$Worker.run(ThreadPoolExecutor.java:624)&#10;        at java.lang.Thread.run(Thread.java:748)&#10;&quot;pool-188-thread-35&quot;  prio=5 tid=2522 in Object.wait()&#10;java.lang.Thread.State: WAITING (on object monitor)&#10;        at sun.misc.Unsafe.park(Native Method)&#10;        at java.util.concurrent.locks.LockSupport.park(LockSupport.java:175)&#10;        at java.util.concurrent.locks.AbstractQueuedSynchronizer$ConditionObject.await(AbstractQueuedSynchronizer.java:2039)&#10;        at java.util.concurrent.ArrayBlockingQueue.take(ArrayBlockingQueue.java:403)&#10;        at java.util.concurrent.ThreadPoolExecutor.getTask(ThreadPoolExecutor.java:1074)&#10;        at java.util.concurrent.ThreadPoolExecutor.runWorker(ThreadPoolExecutor.java:1134)&#10;        at java.util.concurrent.ThreadPoolExecutor$Worker.run(ThreadPoolExecutor.java:624)&#10;        at java.lang.Thread.run(Thread.java:748)&#10;&quot;main&quot;  prio=5 tid=1 runnable&#10;java.lang.Thread.State: RUNNABLE&#10;        at java.lang.Thread.dumpThreads(Native Method)&#10;        at java.lang.Thread.getAllStackTraces(Thread.java:1610)&#10;        at org.apache.hadoop.test.TimedOutTestsListener.buildThreadDump(TimedOutTestsListener.java:87)&#10;        at org.apache.hadoop.test.TimedOutTestsListener.buildThreadDiagnosticString(TimedOutTestsListener.java:73)&#10;        at org.apache.hadoop.test.GenericTestUtils.waitFor(GenericTestUtils.java:389)&#10;        at org.apache.hadoop.ozone.container.ContainerTestHelper.waitForContainerClose(ContainerTestHelper.java:903)&#10;        at org.apache.hadoop.ozone.client.rpc.TestFailureHandlingByClient.testContainerExclusionWithClosedContainerException(TestFailureHandlingByClient.java:249)&#10;        at sun.reflect.NativeMethodAccessorImpl.invoke0(Native Method)&#10;        at sun.reflect.NativeMethodAccessorImpl.invoke(NativeMethodAccessorImpl.java:62)&#10;        at sun.reflect.DelegatingMethodAccessorImpl.invoke(DelegatingMethodAccessorImpl.java:43)&#10;        at java.lang.reflect.Method.invoke(Method.java:498)&#10;        at org.junit.runners.model.FrameworkMethod$1.runReflectiveCall(FrameworkMethod.java:47)&#10;        at org.junit.internal.runners.model.ReflectiveCallable.run(ReflectiveCallable.java:12)&#10;        at org.junit.runners.model.FrameworkMethod.invokeExplosively(FrameworkMethod.java:44)&#10;        at org.junit.internal.runners.statements.InvokeMethod.evaluate(InvokeMethod.java:17)&#10;        at org.junit.internal.runners.statements.RunAfters.evaluate(RunAfters.java:27)&#10;        at org.junit.runners.ParentRunner.runLeaf(ParentRunner.java:271)&#10;        at org.junit.runners.BlockJUnit4ClassRunner.runChild(BlockJUnit4ClassRunner.java:70)&#10;        at org.junit.runners.BlockJUnit4ClassRunner.runChild(BlockJUnit4ClassRunner.java:50)&#10;        at org.junit.runners.ParentRunner$3.run(ParentRunner.java:238)&#10;        at org.junit.runners.ParentRunner$1.schedule(ParentRunner.java:63)&#10;        at org.junit.runners.ParentRunner.runChildren(ParentRunner.java:236)&#10;        at org.junit.runners.ParentRunner.access$000(ParentRunner.java:53)&#10;        at org.junit.runners.ParentRunner$2.evaluate(ParentRunner.java:229)&#10;        at org.junit.runners.ParentRunner.run(ParentRunner.java:309)&#10;        at org.apache.maven.surefire.junit4.JUnit4Provider.execute(JUnit4Provider.java:365)&#10;        at org.apache.maven.surefire.junit4.JUnit4Provider.executeWithRerun(JUnit4Provider.java:273)&#10;        at org.apache.maven.surefire.junit4.JUnit4Provider.executeTestSet(JUnit4Provider.java:238)&#10;        at org.apache.maven.surefire.junit4.JUnit4Provider.invoke(JUnit4Provider.java:159)&#10;        at org.apache.maven.surefire.booter.ForkedBooter.invokeProviderInSameClassLoader(ForkedBooter.java:384)&#10;        at org.apache.maven.surefire.booter.ForkedBooter.runSuitesInProcess(ForkedBooter.java:345)&#10;        at org.apache.maven.surefire.booter.ForkedBooter.execute(ForkedBooter.java:126)&#10;        at org.apache.maven.surefire.booter.ForkedBooter.main(ForkedBooter.java:418)&#10;&quot;pool-228-thread-13&quot;  prio=5 tid=2748 in Object.wait()&#10;java.lang.Thread.State: WAITING (on object monitor)&#10;        at sun.misc.Unsafe.park(Native Method)&#10;        at java.util.concurrent.locks.LockSupport.park(LockSupport.java:175)&#10;        at java.util.concurrent.locks.AbstractQueuedSynchronizer$ConditionObject.await(AbstractQueuedSynchronizer.java:2039)&#10;        at java.util.concurrent.ArrayBlockingQueue.take(ArrayBlockingQueue.java:403)&#10;        at java.util.concurrent.ThreadPoolExecutor.getTask(ThreadPoolExecutor.java:1074)&#10;        at java.util.concurrent.ThreadPoolExecutor.runWorker(ThreadPoolExecutor.java:1134)&#10;        at java.util.concurrent.ThreadPoolExecutor$Worker.run(ThreadPoolExecutor.java:624)&#10;        at java.lang.Thread.run(Thread.java:748)&#10;&quot;pool-188-thread-49&quot;  prio=5 tid=2536 in Object.wait()&#10;java.lang.Thread.State: WAITING (on object monitor)&#10;        at sun.misc.Unsafe.park(Native Method)&#10;        at java.util.concurrent.locks.LockSupport.park(LockSupport.java:175)&#10;        at java.util.concurrent.locks.AbstractQueuedSynchronizer$ConditionObject.await(AbstractQueuedSynchronizer.java:2039)&#10;        at java.util.concurrent.ArrayBlockingQueue.take(ArrayBlockingQueue.java:403)&#10;        at java.util.concurrent.ThreadPoolExecutor.getTask(ThreadPoolExecutor.java:1074)&#10;        at java.util.concurrent.ThreadPoolExecutor.runWorker(ThreadPoolExecutor.java:1134)&#10;        at java.util.concurrent.ThreadPoolExecutor$Worker.run(ThreadPoolExecutor.java:624)&#10;        at java.lang.Thread.run(Thread.java:748)&#10;&quot;pool-228-thread-46&quot;  prio=5 tid=2781 in Object.wait()&#10;java.lang.Thread.State: WAITING (on object monitor)&#10;        at sun.misc.Unsafe.park(Native Method)&#10;        at java.util.concurrent.locks.LockSupport.park(LockSupport.java:175)&#10;        at java.util.concurrent.locks.AbstractQueuedSynchronizer$ConditionObject.await(AbstractQueuedSynchronizer.java:2039)&#10;        at java.util.concurrent.ArrayBlockingQueue.take(ArrayBlockingQueue.java:403)&#10;        at java.util.concurrent.ThreadPoolExecutor.getTask(ThreadPoolExecutor.java:1074)&#10;        at java.util.concurrent.ThreadPoolExecutor.runWorker(ThreadPoolExecutor.java:1134)&#10;        at java.util.concurrent.ThreadPoolExecutor$Worker.run(ThreadPoolExecutor.java:624)&#10;        at java.lang.Thread.run(Thread.java:748)&#10;&quot;DataNode DiskChecker thread 0&quot; daemon prio=5 tid=2188 timed_waiting&#10;java.lang.Thread.State: TIMED_WAITING&#10;        at sun.misc.Unsafe.park(Native Method)&#10;        at java.util.concurrent.locks.LockSupport.parkNanos(LockSupport.java:215)&#10;        at java.util.concurrent.SynchronousQueue$TransferStack.awaitFulfill(SynchronousQueue.java:460)&#10;        at java.util.concurrent.SynchronousQueue$TransferStack.transfer(SynchronousQueue.java:362)&#10;        at java.util.concurrent.SynchronousQueue.poll(SynchronousQueue.java:941)&#10;        at java.util.concurrent.ThreadPoolExecutor.getTask(ThreadPoolExecutor.java:1073)&#10;        at java.util.concurrent.ThreadPoolExecutor.runWorker(ThreadPoolExecutor.java:1134)&#10;        at java.util.concurrent.ThreadPoolExecutor$Worker.run(ThreadPoolExecutor.java:624)&#10;        at java.lang.Thread.run(Thread.java:748)&#10;&quot;pool-208-thread-33&quot;  prio=5 tid=2644 in Object.wait()&#10;java.lang.Thread.State: WAITING (on object monitor)&#10;        at sun.misc.Unsafe.park(Native Method)&#10;        at java.util.concurrent.locks.LockSupport.park(LockSupport.java:175)&#10;        at java.util.concurrent.locks.AbstractQueuedSynchronizer$ConditionObject.await(AbstractQueuedSynchronizer.java:2039)&#10;        at java.util.concurrent.ArrayBlockingQueue.take(ArrayBlockingQueue.java:403)&#10;        at java.util.concurrent.ThreadPoolExecutor.getTask(ThreadPoolExecutor.java:1074)&#10;        at java.util.concurrent.ThreadPoolExecutor.runWorker(ThreadPoolExecutor.java:1134)&#10;        at java.util.concurrent.ThreadPoolExecutor$Worker.run(ThreadPoolExecutor.java:624)&#10;        at java.lang.Thread.run(Thread.java:748)&#10;&quot;pool-188-thread-34&quot;  prio=5 tid=2521 in Object.wait()&#10;java.lang.Thread.State: WAITING (on object monitor)&#10;        at sun.misc.Unsafe.park(Native Method)&#10;        at java.util.concurrent.locks.LockSupport.park(LockSupport.java:175)&#10;        at java.util.concurrent.locks.AbstractQueuedSynchronizer$ConditionObject.await(AbstractQueuedSynchronizer.java:2039)&#10;        at java.util.concurrent.ArrayBlockingQueue.take(ArrayBlockingQueue.java:403)&#10;        at java.util.concurrent.ThreadPoolExecutor.getTask(ThreadPoolExecutor.java:1074)&#10;        at java.util.concurrent.ThreadPoolExecutor.runWorker(ThreadPoolExecutor.java:1134)&#10;        at java.util.concurrent.ThreadPoolExecutor$Worker.run(ThreadPoolExecutor.java:624)&#10;        at java.lang.Thread.run(Thread.java:748)&#10;&quot;pool-168-thread-7&quot;  prio=5 tid=2370 in Object.wait()&#10;java.lang.Thread.State: WAITING (on object monitor)&#10;        at sun.misc.Unsafe.park(Native Method)&#10;        at java.util.concurrent.locks.LockSupport.park(LockSupport.java:175)&#10;        at java.util.concurrent.locks.AbstractQueuedSynchronizer$ConditionObject.await(AbstractQueuedSynchronizer.java:2039)&#10;        at java.util.concurrent.ArrayBlockingQueue.take(ArrayBlockingQueue.java:403)&#10;        at java.util.concurrent.ThreadPoolExecutor.getTask(ThreadPoolExecutor.java:1074)&#10;        at java.util.concurrent.ThreadPoolExecutor.runWorker(ThreadPoolExecutor.java:1134)&#10;        at java.util.concurrent.ThreadPoolExecutor$Worker.run(ThreadPoolExecutor.java:624)&#10;        at java.lang.Thread.run(Thread.java:748)&#10;&quot;Datanode ReportManager Thread - 1&quot; daemon prio=5 tid=1989 in Object.wait()&#10;java.lang.Thread.State: WAITING (on object monitor)&#10;        at sun.misc.Unsafe.park(Native Method)&#10;        at java.util.concurrent.locks.LockSupport.park(LockSupport.java:175)&#10;        at java.util.concurrent.locks.AbstractQueuedSynchronizer$ConditionObject.await(AbstractQueuedSynchronizer.java:2039)&#10;        at java.util.concurrent.ScheduledThreadPoolExecutor$DelayedWorkQueue.take(ScheduledThreadPoolExecutor.java:1088)&#10;        at java.util.concurrent.ScheduledThreadPoolExecutor$DelayedWorkQueue.take(ScheduledThreadPoolExecutor.java:809)&#10;        at java.util.concurrent.ThreadPoolExecutor.getTask(ThreadPoolExecutor.java:1074)&#10;        at java.util.concurrent.ThreadPoolExecutor.runWorker(ThreadPoolExecutor.java:1134)&#10;        at java.util.concurrent.ThreadPoolExecutor$Worker.run(ThreadPoolExecutor.java:624)&#10;        at java.lang.Thread.run(Thread.java:748)&#10;&quot;process reaper&quot; daemon prio=10 tid=10 timed_waiting&#10;java.lang.Thread.State: TIMED_WAITING&#10;        at sun.misc.Unsafe.park(Native Method)&#10;        at java.util.concurrent.locks.LockSupport.parkNanos(LockSupport.java:215)&#10;        at java.util.concurrent.SynchronousQueue$TransferStack.awaitFulfill(SynchronousQueue.java:460)&#10;        at java.util.concurrent.SynchronousQueue$TransferStack.transfer(SynchronousQueue.java:362)&#10;        at java.util.concurrent.SynchronousQueue.poll(SynchronousQueue.java:941)&#10;        at java.util.concurrent.ThreadPoolExecutor.getTask(ThreadPoolExecutor.java:1073)&#10;        at java.util.concurrent.ThreadPoolExecutor.runWorker(ThreadPoolExecutor.java:1134)&#10;        at java.util.concurrent.ThreadPoolExecutor$Worker.run(ThreadPoolExecutor.java:624)&#10;        at java.lang.Thread.run(Thread.java:748)&#10;&quot;pool-198-thread-44&quot;  prio=5 tid=2593 in Object.wait()&#10;java.lang.Thread.State: WAITING (on object monitor)&#10;        at sun.misc.Unsafe.park(Native Method)&#10;        at java.util.concurrent.locks.LockSupport.park(LockSupport.java:175)&#10;        at java.util.concurrent.locks.AbstractQueuedSynchronizer$ConditionObject.await(AbstractQueuedSynchronizer.java:2039)&#10;        at java.util.concurrent.ArrayBlockingQueue.take(ArrayBlockingQueue.java:403)&#10;        at java.util.concurrent.ThreadPoolExecutor.getTask(ThreadPoolExecutor.java:1074)&#10;        at java.util.concurrent.ThreadPoolExecutor.runWorker(ThreadPoolExecutor.java:1134)&#10;        at java.util.concurrent.ThreadPoolExecutor$Worker.run(ThreadPoolExecutor.java:624)&#10;        at java.lang.Thread.run(Thread.java:748)&#10;&quot;pool-228-thread-56&quot;  prio=5 tid=2791 in Object.wait()&#10;java.lang.Thread.State: WAITING (on object monitor)&#10;        at sun.misc.Unsafe.park(Native Method)&#10;        at java.util.concurrent.locks.LockSupport.park(LockSupport.java:175)&#10;        at java.util.concurrent.locks.AbstractQueuedSynchronizer$ConditionObject.await(AbstractQueuedSynchronizer.java:2039)&#10;        at java.util.concurrent.ArrayBlockingQueue.take(ArrayBlockingQueue.java:403)&#10;        at java.util.concurrent.ThreadPoolExecutor.getTask(ThreadPoolExecutor.java:1074)&#10;        at java.util.concurrent.ThreadPoolExecutor.runWorker(ThreadPoolExecutor.java:1134)&#10;        at java.util.concurrent.ThreadPoolExecutor$Worker.run(ThreadPoolExecutor.java:624)&#10;        at java.lang.Thread.run(Thread.java:748)&#10;&quot;pool-148-thread-41&quot;  prio=5 tid=2279 in Object.wait()&#10;java.lang.Thread.State: WAITING (on object monitor)&#10;        at sun.misc.Unsafe.park(Native Method)&#10;        at java.util.concurrent.locks.LockSupport.park(LockSupport.java:175)&#10;        at java.util.concurrent.locks.AbstractQueuedSynchronizer$ConditionObject.await(AbstractQueuedSynchronizer.java:2039)&#10;        at java.util.concurrent.ArrayBlockingQueue.take(ArrayBlockingQueue.java:403)&#10;        at java.util.concurrent.ThreadPoolExecutor.getTask(ThreadPoolExecutor.java:1074)&#10;        at java.util.concurrent.ThreadPoolExecutor.runWorker(ThreadPoolExecutor.java:1134)&#10;        at java.util.concurrent.ThreadPoolExecutor$Worker.run(ThreadPoolExecutor.java:624)&#10;        at java.lang.Thread.run(Thread.java:748)&#10;&quot;refreshUsed-/workdir/hadoop-ozone/integration-test/target/test-dir/MiniOzoneClusterImpl-6b3e2517-75a7-4dd9-8054-0b12e404e591/datanode-1/data/containers&quot; daemon prio=5 tid=1998 timed_waiting&#10;java.lang.Thread.State: TIMED_WAITING&#10;        at java.lang.Thread.sleep(Native Method)&#10;        at org.apache.hadoop.fs.CachingGetSpaceUsed$RefreshThread.run(CachingGetSpaceUsed.java:179)&#10;        at java.lang.Thread.run(Thread.java:748)&#10;&quot;pool-178-thread-16&quot;  prio=5 tid=2441 in Object.wait()&#10;java.lang.Thread.State: WAITING (on object monitor)&#10;        at sun.misc.Unsafe.park(Native Method)&#10;        at java.util.concurrent.locks.LockSupport.park(LockSupport.java:175)&#10;        at java.util.concurrent.locks.AbstractQueuedSynchronizer$ConditionObject.await(AbstractQueuedSynchronizer.java:2039)&#10;        at java.util.concurrent.ArrayBlockingQueue.take(ArrayBlockingQueue.java:403)&#10;        at java.util.concurrent.ThreadPoolExecutor.getTask(ThreadPoolExecutor.java:1074)&#10;        at java.util.concurrent.ThreadPoolExecutor.runWorker(ThreadPoolExecutor.java:1134)&#10;        at java.util.concurrent.ThreadPoolExecutor$Worker.run(ThreadPoolExecutor.java:624)&#10;        at java.lang.Thread.run(Thread.java:748)&#10;&quot;pool-188-thread-12&quot;  prio=5 tid=2499 in Object.wait()&#10;java.lang.Thread.State: WAITING (on object monitor)&#10;        at sun.misc.Unsafe.park(Native Method)&#10;        at java.util.concurrent.locks.LockSupport.park(LockSupport.java:175)&#10;        at java.util.concurrent.locks.AbstractQueuedSynchronizer$ConditionObject.await(AbstractQueuedSynchronizer.java:2039)&#10;        at java.util.concurrent.ArrayBlockingQueue.take(ArrayBlockingQueue.java:403)&#10;        at java.util.concurrent.ThreadPoolExecutor.getTask(ThreadPoolExecutor.java:1074)&#10;        at java.util.concurrent.ThreadPoolExecutor.runWorker(ThreadPoolExecutor.java:1134)&#10;        at java.util.concurrent.ThreadPoolExecutor$Worker.run(ThreadPoolExecutor.java:624)&#10;        at java.lang.Thread.run(Thread.java:748)&#10;&quot;Datanode ReportManager Thread - 0&quot; daemon prio=5 tid=2177 in Object.wait()&#10;java.lang.Thread.State: WAITING (on object monitor)&#10;        at sun.misc.Unsafe.park(Native Method)&#10;        at java.util.concurrent.locks.LockSupport.park(LockSupport.java:175)&#10;        at java.util.concurrent.locks.AbstractQueuedSynchronizer$ConditionObject.await(AbstractQueuedSynchronizer.java:2039)&#10;        at java.util.concurrent.ScheduledThreadPoolExecutor$DelayedWorkQueue.take(ScheduledThreadPoolExecutor.java:1088)&#10;        at java.util.concurrent.ScheduledThreadPoolExecutor$DelayedWorkQueue.take(ScheduledThreadPoolExecutor.java:809)&#10;        at java.util.concurrent.ThreadPoolExecutor.getTask(ThreadPoolExecutor.java:1074)&#10;        at java.util.concurrent.ThreadPoolExecutor.runWorker(ThreadPoolExecutor.java:1134)&#10;        at java.util.concurrent.ThreadPoolExecutor$Worker.run(ThreadPoolExecutor.java:624)&#10;        at java.lang.Thread.run(Thread.java:748)&#10;&quot;qtp254416915-2142&quot; daemon prio=5 tid=2142 timed_waiting&#10;java.lang.Thread.State: TIMED_WAITING&#10;        at sun.misc.Unsafe.park(Native Method)&#10;        at java.util.concurrent.locks.LockSupport.parkNanos(LockSupport.java:215)&#10;        at java.util.concurrent.locks.AbstractQueuedSynchronizer$ConditionObject.awaitNanos(AbstractQueuedSynchronizer.java:2078)&#10;        at org.eclipse.jetty.util.BlockingArrayQueue.poll(BlockingArrayQueue.java:392)&#10;        at org.eclipse.jetty.util.thread.QueuedThreadPool.idleJobPoll(QueuedThreadPool.java:563)&#10;        at org.eclipse.jetty.util.thread.QueuedThreadPool.access$800(QueuedThreadPool.java:48)&#10;        at org.eclipse.jetty.util.thread.QueuedThreadPool$2.run(QueuedThreadPool.java:626)&#10;        at java.lang.Thread.run(Thread.java:748)&#10;&quot;pool-168-thread-9&quot;  prio=5 tid=2372 in Object.wait()&#10;java.lang.Thread.State: WAITING (on object monitor)&#10;        at sun.misc.Unsafe.park(Native Method)&#10;        at java.util.concurrent.locks.LockSupport.park(LockSupport.java:175)&#10;        at java.util.concurrent.locks.AbstractQueuedSynchronizer$ConditionObject.await(AbstractQueuedSynchronizer.java:2039)&#10;        at java.util.concurrent.ArrayBlockingQueue.take(ArrayBlockingQueue.java:403)&#10;        at java.util.concurrent.ThreadPoolExecutor.getTask(ThreadPoolExecutor.java:1074)&#10;        at java.util.concurrent.ThreadPoolExecutor.runWorker(ThreadPoolExecutor.java:1134)&#10;        at java.util.concurrent.ThreadPoolExecutor$Worker.run(ThreadPoolExecutor.java:624)&#10;        at java.lang.Thread.run(Thread.java:748)&#10;&quot;org.apache.hadoop.util.JvmPauseMonitor$Monitor@40039efb&quot; daemon prio=5 tid=2047 timed_waiting&#10;java.lang.Thread.State: TIMED_WAITING&#10;        at java.lang.Thread.sleep(Native Method)&#10;        at org.apache.hadoop.util.JvmPauseMonitor$Monitor.run(JvmPauseMonitor.java:192)&#10;        at java.lang.Thread.run(Thread.java:748)&#10;&quot;pool-208-thread-3&quot;  prio=5 tid=2614 in Object.wait()&#10;java.lang.Thread.State: WAITING (on object monitor)&#10;        at sun.misc.Unsafe.park(Native Method)&#10;        at java.util.concurrent.locks.LockSupport.park(LockSupport.java:175)&#10;        at java.util.concurrent.locks.AbstractQueuedSynchronizer$ConditionObject.await(AbstractQueuedSynchronizer.java:2039)&#10;        at java.util.concurrent.ArrayBlockingQueue.take(ArrayBlockingQueue.java:403)&#10;        at java.util.concurrent.ThreadPoolExecutor.getTask(ThreadPoolExecutor.java:1074)&#10;        at java.util.concurrent.ThreadPoolExecutor.runWorker(ThreadPoolExecutor.java:1134)&#10;        at java.util.concurrent.ThreadPoolExecutor$Worker.run(ThreadPoolExecutor.java:624)&#10;        at java.lang.Thread.run(Thread.java:748)&#10;&quot;a96edad4-0b0c-48cb-948a-93b2fbf7c409@group-BD9547C05093-StateMachineUpdater&quot; daemon prio=5 tid=3153 in Object.wait()&#10;java.lang.Thread.State: WAITING (on object monitor)&#10;        at java.lang.Object.wait(Native Method)&#10;        at java.lang.Object.wait(Object.java:502)&#10;        at org.apache.ratis.server.impl.StateMachineUpdater.waitForCommit(StateMachineUpdater.java:194)&#10;        at org.apache.ratis.server.impl.StateMachineUpdater.run(StateMachineUpdater.java:159)&#10;        at java.lang.Thread.run(Thread.java:748)&#10;&quot;Datanode ReportManager Thread - 3&quot; daemon prio=5 tid=174 in Object.wait()&#10;java.lang.Thread.State: WAITING (on object monitor)&#10;        at sun.misc.Unsafe.park(Native Method)&#10;        at java.util.concurrent.locks.LockSupport.park(LockSupport.java:175)&#10;        at java.util.concurrent.locks.AbstractQueuedSynchronizer$ConditionObject.await(AbstractQueuedSynchronizer.java:2039)&#10;        at java.util.concurrent.ScheduledThreadPoolExecutor$DelayedWorkQueue.take(ScheduledThreadPoolExecutor.java:1088)&#10;        at java.util.concurrent.ScheduledThreadPoolExecutor$DelayedWorkQueue.take(ScheduledThreadPoolExecutor.java:809)&#10;        at java.util.concurrent.ThreadPoolExecutor.getTask(ThreadPoolExecutor.java:1074)&#10;        at java.util.concurrent.ThreadPoolExecutor.runWorker(ThreadPoolExecutor.java:1134)&#10;        at java.util.concurrent.ThreadPoolExecutor$Worker.run(ThreadPoolExecutor.java:624)&#10;        at java.lang.Thread.run(Thread.java:748)&#10;&quot;pool-168-thread-57&quot;  prio=5 tid=2420 in Object.wait()&#10;java.lang.Thread.State: WAITING (on object monitor)&#10;        at sun.misc.Unsafe.park(Native Method)&#10;        at java.util.concurrent.locks.LockSupport.park(LockSupport.java:175)&#10;        at java.util.concurrent.locks.AbstractQueuedSynchronizer$ConditionObject.await(AbstractQueuedSynchronizer.java:2039)&#10;        at java.util.concurrent.ArrayBlockingQueue.take(ArrayBlockingQueue.java:403)&#10;        at java.util.concurrent.ThreadPoolExecutor.getTask(ThreadPoolExecutor.java:1074)&#10;        at java.util.concurrent.ThreadPoolExecutor.runWorker(ThreadPoolExecutor.java:1134)&#10;        at java.util.concurrent.ThreadPoolExecutor$Worker.run(ThreadPoolExecutor.java:624)&#10;        at java.lang.Thread.run(Thread.java:748)&#10;&quot;IPC Server handler 0 on 43737&quot; daemon prio=5 tid=1872 timed_waiting&#10;java.lang.Thread.State: TIMED_WAITING&#10;        at sun.misc.Unsafe.park(Native Method)&#10;        at java.util.concurrent.locks.LockSupport.parkNanos(LockSupport.java:215)&#10;        at java.util.concurrent.locks.AbstractQueuedSynchronizer$ConditionObject.awaitNanos(AbstractQueuedSynchronizer.java:2078)&#10;        at java.util.concurrent.LinkedBlockingQueue.poll(LinkedBlockingQueue.java:467)&#10;        at org.apache.hadoop.ipc.CallQueueManager.take(CallQueueManager.java:288)&#10;        at org.apache.hadoop.ipc.Server$Handler.run(Server.java:2668)&#10;&quot;IPC Server handler 5 on 42444&quot; daemon prio=5 tid=1897 timed_waiting&#10;java.lang.Thread.State: TIMED_WAITING&#10;        at sun.misc.Unsafe.park(Native Method)&#10;        at java.util.concurrent.locks.LockSupport.parkNanos(LockSupport.java:215)&#10;        at java.util.concurrent.locks.AbstractQueuedSynchronizer$ConditionObject.awaitNanos(AbstractQueuedSynchronizer.java:2078)&#10;        at java.util.concurrent.LinkedBlockingQueue.poll(LinkedBlockingQueue.java:467)&#10;        at org.apache.hadoop.ipc.CallQueueManager.take(CallQueueManager.java:288)&#10;        at org.apache.hadoop.ipc.Server$Handler.run(Server.java:2668)&#10;&quot;Datanode State Machine Thread - 0&quot; daemon prio=5 tid=2237 timed_waiting&#10;java.lang.Thread.State: TIMED_WAITING&#10;        at sun.misc.Unsafe.park(Native Method)&#10;        at java.util.concurrent.locks.LockSupport.parkNanos(LockSupport.java:215)&#10;        at java.util.concurrent.SynchronousQueue$TransferStack.awaitFulfill(SynchronousQueue.java:460)&#10;        at java.util.concurrent.SynchronousQueue$TransferStack.transfer(SynchronousQueue.java:362)&#10;        at java.util.concurrent.SynchronousQueue.poll(SynchronousQueue.java:941)&#10;        at java.util.concurrent.ThreadPoolExecutor.getTask(ThreadPoolExecutor.java:1073)&#10;        at java.util.concurrent.ThreadPoolExecutor.runWorker(ThreadPoolExecutor.java:1134)&#10;        at java.util.concurrent.ThreadPoolExecutor$Worker.run(ThreadPoolExecutor.java:624)&#10;        at java.lang.Thread.run(Thread.java:748)&#10;&quot;pool-208-thread-27&quot;  prio=5 tid=2638 in Object.wait()&#10;java.lang.Thread.State: WAITING (on object monitor)&#10;        at sun.misc.Unsafe.park(Native Method)&#10;        at java.util.concurrent.locks.LockSupport.park(LockSupport.java:175)&#10;        at java.util.concurrent.locks.AbstractQueuedSynchronizer$ConditionObject.await(AbstractQueuedSynchronizer.java:2039)&#10;        at java.util.concurrent.ArrayBlockingQueue.take(ArrayBlockingQueue.java:403)&#10;        at java.util.concurrent.ThreadPoolExecutor.getTask(ThreadPoolExecutor.java:1074)&#10;        at java.util.concurrent.ThreadPoolExecutor.runWorker(ThreadPoolExecutor.java:1134)&#10;        at java.util.concurrent.ThreadPoolExecutor$Worker.run(ThreadPoolExecutor.java:624)&#10;        at java.lang.Thread.run(Thread.java:748)&#10;&quot;pool-168-thread-1&quot;  prio=5 tid=2364 in Object.wait()&#10;java.lang.Thread.State: WAITING (on object monitor)&#10;        at sun.misc.Unsafe.park(Native Method)&#10;        at java.util.concurrent.locks.LockSupport.park(LockSupport.java:175)&#10;        at java.util.concurrent.locks.AbstractQueuedSynchronizer$ConditionObject.await(AbstractQueuedSynchronizer.java:2039)&#10;        at java.util.concurrent.ArrayBlockingQueue.take(ArrayBlockingQueue.java:403)&#10;        at java.util.concurrent.ThreadPoolExecutor.getTask(ThreadPoolExecutor.java:1074)&#10;        at java.util.concurrent.ThreadPoolExecutor.runWorker(ThreadPoolExecutor.java:1134)&#10;        at java.util.concurrent.ThreadPoolExecutor$Worker.run(ThreadPoolExecutor.java:624)&#10;        at java.lang.Thread.run(Thread.java:748)&#10;&quot;Datanode ReportManager Thread - 1&quot; daemon prio=5 tid=415 in Object.wait()&#10;java.lang.Thread.State: WAITING (on object monitor)&#10;        at sun.misc.Unsafe.park(Native Method)&#10;        at java.util.concurrent.locks.LockSupport.park(LockSupport.java:175)&#10;        at java.util.concurrent.locks.AbstractQueuedSynchronizer$ConditionObject.await(AbstractQueuedSynchronizer.java:2039)&#10;        at java.util.concurrent.ScheduledThreadPoolExecutor$DelayedWorkQueue.take(ScheduledThreadPoolExecutor.java:1088)&#10;        at java.util.concurrent.ScheduledThreadPoolExecutor$DelayedWorkQueue.take(ScheduledThreadPoolExecutor.java:809)&#10;        at java.util.concurrent.ThreadPoolExecutor.getTask(ThreadPoolExecutor.java:1074)&#10;        at java.util.concurrent.ThreadPoolExecutor.runWorker(ThreadPoolExecutor.java:1134)&#10;        at java.util.concurrent.ThreadPoolExecutor$Worker.run(ThreadPoolExecutor.java:624)&#10;        at java.lang.Thread.run(Thread.java:748)&#10;&quot;Datanode ReportManager Thread - 2&quot; daemon prio=5 tid=254 timed_waiting&#10;java.lang.Thread.State: TIMED_WAITING&#10;        at sun.misc.Unsafe.park(Native Method)&#10;        at java.util.concurrent.locks.LockSupport.parkNanos(LockSupport.java:215)&#10;        at java.util.concurrent.locks.AbstractQueuedSynchronizer$ConditionObject.awaitNanos(AbstractQueuedSynchronizer.java:2078)&#10;        at java.util.concurrent.ScheduledThreadPoolExecutor$DelayedWorkQueue.take(ScheduledThreadPoolExecutor.java:1093)&#10;        at java.util.concurrent.ScheduledThreadPoolExecutor$DelayedWorkQueue.take(ScheduledThreadPoolExecutor.java:809)&#10;        at java.util.concurrent.ThreadPoolExecutor.getTask(ThreadPoolExecutor.java:1074)&#10;        at java.util.concurrent.ThreadPoolExecutor.runWorker(ThreadPoolExecutor.java:1134)&#10;        at java.util.concurrent.ThreadPoolExecutor$Worker.run(ThreadPoolExecutor.java:624)&#10;        at java.lang.Thread.run(Thread.java:748)&#10;&quot;pool-198-thread-23&quot;  prio=5 tid=2572 in Object.wait()&#10;java.lang.Thread.State: WAITING (on object monitor)&#10;        at sun.misc.Unsafe.park(Native Method)&#10;        at java.util.concurrent.locks.LockSupport.park(LockSupport.java:175)&#10;        at java.util.concurrent.locks.AbstractQueuedSynchronizer$ConditionObject.await(AbstractQueuedSynchronizer.java:2039)&#10;        at java.util.concurrent.ArrayBlockingQueue.take(ArrayBlockingQueue.java:403)&#10;        at java.util.concurrent.ThreadPoolExecutor.getTask(ThreadPoolExecutor.java:1074)&#10;        at java.util.concurrent.ThreadPoolExecutor.runWorker(ThreadPoolExecutor.java:1134)&#10;        at java.util.concurrent.ThreadPoolExecutor$Worker.run(ThreadPoolExecutor.java:624)&#10;        at java.lang.Thread.run(Thread.java:748)&#10;&quot;IPC Server handler 19 on 43737&quot; daemon prio=5 tid=1891 timed_waiting&#10;java.lang.Thread.State: TIMED_WAITING&#10;        at sun.misc.Unsafe.park(Native Method)&#10;        at java.util.concurrent.locks.LockSupport.parkNanos(LockSupport.java:215)&#10;        at java.util.concurrent.locks.AbstractQueuedSynchronizer$ConditionObject.awaitNanos(AbstractQueuedSynchronizer.java:2078)&#10;        at java.util.concurrent.LinkedBlockingQueue.poll(LinkedBlockingQueue.java:467)&#10;        at org.apache.hadoop.ipc.CallQueueManager.take(CallQueueManager.java:288)&#10;        at org.apache.hadoop.ipc.Server$Handler.run(Server.java:2668)&#10;&quot;pool-238-thread-33&quot;  prio=5 tid=2830 in Object.wait()&#10;java.lang.Thread.State: WAITING (on object monitor)&#10;        at sun.misc.Unsafe.park(Native Method)&#10;        at java.util.concurrent.locks.LockSupport.park(LockSupport.java:175)&#10;        at java.util.concurrent.locks.AbstractQueuedSynchronizer$ConditionObject.await(AbstractQueuedSynchronizer.java:2039)&#10;        at java.util.concurrent.ArrayBlockingQueue.take(ArrayBlockingQueue.java:403)&#10;        at java.util.concurrent.ThreadPoolExecutor.getTask(ThreadPoolExecutor.java:1074)&#10;        at java.util.concurrent.ThreadPoolExecutor.runWorker(ThreadPoolExecutor.java:1134)&#10;        at java.util.concurrent.ThreadPoolExecutor$Worker.run(ThreadPoolExecutor.java:624)&#10;        at java.lang.Thread.run(Thread.java:748)&#10;&quot;pool-218-thread-29&quot;  prio=5 tid=2702 in Object.wait()&#10;java.lang.Thread.State: WAITING (on object monitor)&#10;        at sun.misc.Unsafe.park(Native Method)&#10;        at java.util.concurrent.locks.LockSupport.park(LockSupport.java:175)&#10;        at java.util.concurrent.locks.AbstractQueuedSynchronizer$ConditionObject.await(AbstractQueuedSynchronizer.java:2039)&#10;        at java.util.concurrent.ArrayBlockingQueue.take(ArrayBlockingQueue.java:403)&#10;        at java.util.concurrent.ThreadPoolExecutor.getTask(ThreadPoolExecutor.java:1074)&#10;        at java.util.concurrent.ThreadPoolExecutor.runWorker(ThreadPoolExecutor.java:1134)&#10;        at java.util.concurrent.ThreadPoolExecutor$Worker.run(ThreadPoolExecutor.java:624)&#10;        at java.lang.Thread.run(Thread.java:748)&#10;&quot;Thread-1560&quot; daemon prio=5 tid=3219 timed_waiting&#10;java.lang.Thread.State: TIMED_WAITING&#10;        at sun.misc.Unsafe.park(Native Method)&#10;        at java.util.concurrent.locks.LockSupport.parkNanos(LockSupport.java:215)&#10;        at java.util.concurrent.locks.AbstractQueuedSynchronizer$ConditionObject.awaitNanos(AbstractQueuedSynchronizer.java:2078)&#10;        at java.util.concurrent.ArrayBlockingQueue.poll(ArrayBlockingQueue.java:418)&#10;        at org.apache.ratis.server.impl.LeaderState$EventQueue.poll(LeaderState.java:115)&#10;        at org.apache.ratis.server.impl.LeaderState$EventProcessor.run(LeaderState.java:467)&#10;&quot;pool-148-thread-19&quot;  prio=5 tid=2257 in Object.wait()&#10;java.lang.Thread.State: WAITING (on object monitor)&#10;        at sun.misc.Unsafe.park(Native Method)&#10;        at java.util.concurrent.locks.LockSupport.park(LockSupport.java:175)&#10;        at java.util.concurrent.locks.AbstractQueuedSynchronizer$ConditionObject.await(AbstractQueuedSynchronizer.java:2039)&#10;        at java.util.concurrent.ArrayBlockingQueue.take(ArrayBlockingQueue.java:403)&#10;        at java.util.concurrent.ThreadPoolExecutor.getTask(ThreadPoolExecutor.java:1074)&#10;        at java.util.concurrent.ThreadPoolExecutor.runWorker(ThreadPoolExecutor.java:1134)&#10;        at java.util.concurrent.ThreadPoolExecutor$Worker.run(ThreadPoolExecutor.java:624)&#10;        at java.lang.Thread.run(Thread.java:748)&#10;&quot;pool-148-thread-31&quot;  prio=5 tid=2269 in Object.wait()&#10;java.lang.Thread.State: WAITING (on object monitor)&#10;        at sun.misc.Unsafe.park(Native Method)&#10;        at java.util.concurrent.locks.LockSupport.park(LockSupport.java:175)&#10;        at java.util.concurrent.locks.AbstractQueuedSynchronizer$ConditionObject.await(AbstractQueuedSynchronizer.java:2039)&#10;        at java.util.concurrent.ArrayBlockingQueue.take(ArrayBlockingQueue.java:403)&#10;        at java.util.concurrent.ThreadPoolExecutor.getTask(ThreadPoolExecutor.java:1074)&#10;        at java.util.concurrent.ThreadPoolExecutor.runWorker(ThreadPoolExecutor.java:1134)&#10;        at java.util.concurrent.ThreadPoolExecutor$Worker.run(ThreadPoolExecutor.java:624)&#10;        at java.lang.Thread.run(Thread.java:748)&#10;&quot;pool-178-thread-45&quot;  prio=5 tid=2470 in Object.wait()&#10;java.lang.Thread.State: WAITING (on object monitor)&#10;        at sun.misc.Unsafe.park(Native Method)&#10;        at java.util.concurrent.locks.LockSupport.park(LockSupport.java:175)&#10;        at java.util.concurrent.locks.AbstractQueuedSynchronizer$ConditionObject.await(AbstractQueuedSynchronizer.java:2039)&#10;        at java.util.concurrent.ArrayBlockingQueue.take(ArrayBlockingQueue.java:403)&#10;        at java.util.concurrent.ThreadPoolExecutor.getTask(ThreadPoolExecutor.java:1074)&#10;        at java.util.concurrent.ThreadPoolExecutor.runWorker(ThreadPoolExecutor.java:1134)&#10;        at java.util.concurrent.ThreadPoolExecutor$Worker.run(ThreadPoolExecutor.java:624)&#10;        at java.lang.Thread.run(Thread.java:748)&#10;&quot;qtp1365611185-2165&quot; daemon prio=5 tid=2165 runnable&#10;java.lang.Thread.State: RUNNABLE&#10;        at sun.nio.ch.EPollArrayWrapper.epollWait(Native Method)&#10;        at sun.nio.ch.EPollArrayWrapper.poll(EPollArrayWrapper.java:269)&#10;        at sun.nio.ch.EPollSelectorImpl.doSelect(EPollSelectorImpl.java:93)&#10;        at sun.nio.ch.SelectorImpl.lockAndDoSelect(SelectorImpl.java:86)&#10;        at sun.nio.ch.SelectorImpl.select(SelectorImpl.java:97)&#10;        at sun.nio.ch.SelectorImpl.select(SelectorImpl.java:101)&#10;        at org.eclipse.jetty.io.ManagedSelector$SelectorProducer.select(ManagedSelector.java:243)&#10;        at org.eclipse.jetty.io.ManagedSelector$SelectorProducer.produce(ManagedSelector.java:191)&#10;        at org.eclipse.jetty.util.thread.strategy.ExecuteProduceConsume.executeProduceConsume(ExecuteProduceConsume.java:249)&#10;        at org.eclipse.jetty.util.thread.strategy.ExecuteProduceConsume.produceConsume(ExecuteProduceConsume.java:148)&#10;        at org.eclipse.jetty.util.thread.strategy.ExecuteProduceConsume.execute(ExecuteProduceConsume.java:100)&#10;        at org.eclipse.jetty.io.ManagedSelector.run(ManagedSelector.java:147)&#10;        at org.eclipse.jetty.util.thread.QueuedThreadPool.runJob(QueuedThreadPool.java:671)&#10;        at org.eclipse.jetty.util.thread.QueuedThreadPool$2.run(QueuedThreadPool.java:589)&#10;        at java.lang.Thread.run(Thread.java:748)&#10;&quot;pool-244-thread-1&quot;  prio=5 tid=3064 in Object.wait()&#10;java.lang.Thread.State: WAITING (on object monitor)&#10;        at sun.misc.Unsafe.park(Native Method)&#10;        at java.util.concurrent.locks.LockSupport.park(LockSupport.java:175)&#10;        at java.util.concurrent.locks.AbstractQueuedSynchronizer$ConditionObject.await(AbstractQueuedSynchronizer.java:2039)&#10;        at java.util.concurrent.LinkedBlockingQueue.take(LinkedBlockingQueue.java:442)&#10;        at java.util.concurrent.ThreadPoolExecutor.getTask(ThreadPoolExecutor.java:1074)&#10;        at java.util.concurrent.ThreadPoolExecutor.runWorker(ThreadPoolExecutor.java:1134)&#10;        at java.util.concurrent.ThreadPoolExecutor$Worker.run(ThreadPoolExecutor.java:624)&#10;        at java.lang.Thread.run(Thread.java:748)&#10;&quot;pool-218-thread-60&quot;  prio=5 tid=2733 in Object.wait()&#10;java.lang.Thread.State: WAITING (on object monitor)&#10;        at sun.misc.Unsafe.park(Native Method)&#10;        at java.util.concurrent.locks.LockSupport.park(LockSupport.java:175)&#10;        at java.util.concurrent.locks.AbstractQueuedSynchronizer$ConditionObject.await(AbstractQueuedSynchronizer.java:2039)&#10;        at java.util.concurrent.ArrayBlockingQueue.take(ArrayBlockingQueue.java:403)&#10;        at java.util.concurrent.ThreadPoolExecutor.getTask(ThreadPoolExecutor.java:1074)&#10;        at java.util.concurrent.ThreadPoolExecutor.runWorker(ThreadPoolExecutor.java:1134)&#10;        at java.util.concurrent.ThreadPoolExecutor$Worker.run(ThreadPoolExecutor.java:624)&#10;        at java.lang.Thread.run(Thread.java:748)&#10;&quot;pool-198-thread-2&quot;  prio=5 tid=2551 in Object.wait()&#10;java.lang.Thread.State: WAITING (on object monitor)&#10;        at sun.misc.Unsafe.park(Native Method)&#10;        at java.util.concurrent.locks.LockSupport.park(LockSupport.java:175)&#10;        at java.util.concurrent.locks.AbstractQueuedSynchronizer$ConditionObject.await(AbstractQueuedSynchronizer.java:2039)&#10;        at java.util.concurrent.ArrayBlockingQueue.take(ArrayBlockingQueue.java:403)&#10;        at java.util.concurrent.ThreadPoolExecutor.getTask(ThreadPoolExecutor.java:1074)&#10;        at java.util.concurrent.ThreadPoolExecutor.runWorker(ThreadPoolExecutor.java:1134)&#10;        at java.util.concurrent.ThreadPoolExecutor$Worker.run(ThreadPoolExecutor.java:624)&#10;        at java.lang.Thread.run(Thread.java:748)&#10;&quot;pool-168-thread-3&quot;  prio=5 tid=2366 in Object.wait()&#10;java.lang.Thread.State: WAITING (on object monitor)&#10;        at sun.misc.Unsafe.park(Native Method)&#10;        at java.util.concurrent.locks.LockSupport.park(LockSupport.java:175)&#10;        at java.util.concurrent.locks.AbstractQueuedSynchronizer$ConditionObject.await(AbstractQueuedSynchronizer.java:2039)&#10;        at java.util.concurrent.ArrayBlockingQueue.take(ArrayBlockingQueue.java:403)&#10;        at java.util.concurrent.ThreadPoolExecutor.getTask(ThreadPoolExecutor.java:1074)&#10;        at java.util.concurrent.ThreadPoolExecutor.runWorker(ThreadPoolExecutor.java:1134)&#10;        at java.util.concurrent.ThreadPoolExecutor$Worker.run(ThreadPoolExecutor.java:624)&#10;        at java.lang.Thread.run(Thread.java:748)&#10;&quot;qtp1404150776-1978&quot; daemon prio=5 tid=1978 timed_waiting&#10;java.lang.Thread.State: TIMED_WAITING&#10;        at sun.misc.Unsafe.park(Native Method)&#10;        at java.util.concurrent.locks.LockSupport.parkNanos(LockSupport.java:215)&#10;        at java.util.concurrent.locks.AbstractQueuedSynchronizer$ConditionObject.awaitNanos(AbstractQueuedSynchronizer.java:2078)&#10;        at org.eclipse.jetty.util.BlockingArrayQueue.poll(BlockingArrayQueue.java:392)&#10;        at org.eclipse.jetty.util.thread.QueuedThreadPool.idleJobPoll(QueuedThreadPool.java:563)&#10;        at org.eclipse.jetty.util.thread.QueuedThreadPool.access$800(QueuedThreadPool.java:48)&#10;        at org.eclipse.jetty.util.thread.QueuedThreadPool$2.run(QueuedThreadPool.java:626)&#10;        at java.lang.Thread.run(Thread.java:748)&#10;&quot;IPC Server listener on 42444&quot; daemon prio=5 tid=1837 runnable&#10;java.lang.Thread.State: RUNNABLE&#10;        at sun.nio.ch.EPollArrayWrapper.epollWait(Native Method)&#10;        at sun.nio.ch.EPollArrayWrapper.poll(EPollArrayWrapper.java:269)&#10;        at sun.nio.ch.EPollSelectorImpl.doSelect(EPollSelectorImpl.java:93)&#10;        at sun.nio.ch.SelectorImpl.lockAndDoSelect(SelectorImpl.java:86)&#10;        at sun.nio.ch.SelectorImpl.select(SelectorImpl.java:97)&#10;        at sun.nio.ch.SelectorImpl.select(SelectorImpl.java:101)&#10;        at org.apache.hadoop.ipc.Server$Listener.run(Server.java:1159)&#10;&quot;pool-218-thread-6&quot;  prio=5 tid=2679 in Object.wait()&#10;java.lang.Thread.State: WAITING (on object monitor)&#10;        at sun.misc.Unsafe.park(Native Method)&#10;        at java.util.concurrent.locks.LockSupport.park(LockSupport.java:175)&#10;        at java.util.concurrent.locks.AbstractQueuedSynchronizer$ConditionObject.await(AbstractQueuedSynchronizer.java:2039)&#10;        at java.util.concurrent.ArrayBlockingQueue.take(ArrayBlockingQueue.java:403)&#10;        at java.util.concurrent.ThreadPoolExecutor.getTask(ThreadPoolExecutor.java:1074)&#10;        at java.util.concurrent.ThreadPoolExecutor.runWorker(ThreadPoolExecutor.java:1134)&#10;        at java.util.concurrent.ThreadPoolExecutor$Worker.run(ThreadPoolExecutor.java:624)&#10;        at java.lang.Thread.run(Thread.java:748)&#10;&quot;pool-188-thread-55&quot;  prio=5 tid=2542 in Object.wait()&#10;java.lang.Thread.State: WAITING (on object monitor)&#10;        at sun.misc.Unsafe.park(Native Method)&#10;        at java.util.concurrent.locks.LockSupport.park(LockSupport.java:175)&#10;        at java.util.concurrent.locks.AbstractQueuedSynchronizer$ConditionObject.await(AbstractQueuedSynchronizer.java:2039)&#10;        at java.util.concurrent.ArrayBlockingQueue.take(ArrayBlockingQueue.java:403)&#10;        at java.util.concurrent.ThreadPoolExecutor.getTask(ThreadPoolExecutor.java:1074)&#10;        at java.util.concurrent.ThreadPoolExecutor.runWorker(ThreadPoolExecutor.java:1134)&#10;        at java.util.concurrent.ThreadPoolExecutor$Worker.run(ThreadPoolExecutor.java:624)&#10;        at java.lang.Thread.run(Thread.java:748)&#10;&quot;pool-168-thread-8&quot;  prio=5 tid=2371 in Object.wait()&#10;java.lang.Thread.State: WAITING (on object monitor)&#10;        at sun.misc.Unsafe.park(Native Method)&#10;        at java.util.concurrent.locks.LockSupport.park(LockSupport.java:175)&#10;        at java.util.concurrent.locks.AbstractQueuedSynchronizer$ConditionObject.await(AbstractQueuedSynchronizer.java:2039)&#10;        at java.util.concurrent.ArrayBlockingQueue.take(ArrayBlockingQueue.java:403)&#10;        at java.util.concurrent.ThreadPoolExecutor.getTask(ThreadPoolExecutor.java:1074)&#10;        at java.util.concurrent.ThreadPoolExecutor.runWorker(ThreadPoolExecutor.java:1134)&#10;        at java.util.concurrent.ThreadPoolExecutor$Worker.run(ThreadPoolExecutor.java:624)&#10;        at java.lang.Thread.run(Thread.java:748)&#10;&quot;qtp1768471788-2030&quot; daemon prio=5 tid=2030 runnable&#10;java.lang.Thread.State: RUNNABLE&#10;        at sun.nio.ch.EPollArrayWrapper.epollWait(Native Method)&#10;        at sun.nio.ch.EPollArrayWrapper.poll(EPollArrayWrapper.java:269)&#10;        at sun.nio.ch.EPollSelectorImpl.doSelect(EPollSelectorImpl.java:93)&#10;        at sun.nio.ch.SelectorImpl.lockAndDoSelect(SelectorImpl.java:86)&#10;        at sun.nio.ch.SelectorImpl.select(SelectorImpl.java:97)&#10;        at sun.nio.ch.SelectorImpl.select(SelectorImpl.java:101)&#10;        at org.eclipse.jetty.io.ManagedSelector$SelectorProducer.select(ManagedSelector.java:243)&#10;        at org.eclipse.jetty.io.ManagedSelector$SelectorProducer.produce(ManagedSelector.java:191)&#10;        at org.eclipse.jetty.util.thread.strategy.ExecuteProduceConsume.executeProduceConsume(ExecuteProduceConsume.java:249)&#10;        at org.eclipse.jetty.util.thread.strategy.ExecuteProduceConsume.produceConsume(ExecuteProduceConsume.java:148)&#10;        at org.eclipse.jetty.util.thread.strategy.ExecuteProduceConsume.execute(ExecuteProduceConsume.java:100)&#10;        at org.eclipse.jetty.io.ManagedSelector.run(ManagedSelector.java:147)&#10;        at org.eclipse.jetty.util.thread.QueuedThreadPool.runJob(QueuedThreadPool.java:671)&#10;        at org.eclipse.jetty.util.thread.QueuedThreadPool$2.run(QueuedThreadPool.java:589)&#10;        at java.lang.Thread.run(Thread.java:748)&#10;&quot;pool-198-thread-12&quot;  prio=5 tid=2561 in Object.wait()&#10;java.lang.Thread.State: WAITING (on object monitor)&#10;        at sun.misc.Unsafe.park(Native Method)&#10;        at java.util.concurrent.locks.LockSupport.park(LockSupport.java:175)&#10;        at java.util.concurrent.locks.AbstractQueuedSynchronizer$ConditionObject.await(AbstractQueuedSynchronizer.java:2039)&#10;        at java.util.concurrent.ArrayBlockingQueue.take(ArrayBlockingQueue.java:403)&#10;        at java.util.concurrent.ThreadPoolExecutor.getTask(ThreadPoolExecutor.java:1074)&#10;        at java.util.concurrent.ThreadPoolExecutor.runWorker(ThreadPoolExecutor.java:1134)&#10;        at java.util.concurrent.ThreadPoolExecutor$Worker.run(ThreadPoolExecutor.java:624)&#10;        at java.lang.Thread.run(Thread.java:748)&#10;&quot;pool-148-thread-12&quot;  prio=5 tid=2250 in Object.wait()&#10;java.lang.Thread.State: WAITING (on object monitor)&#10;        at sun.misc.Unsafe.park(Native Method)&#10;        at java.util.concurrent.locks.LockSupport.park(LockSupport.java:175)&#10;        at java.util.concurrent.locks.AbstractQueuedSynchronizer$ConditionObject.await(AbstractQueuedSynchronizer.java:2039)&#10;        at java.util.concurrent.ArrayBlockingQueue.take(ArrayBlockingQueue.java:403)&#10;        at java.util.concurrent.ThreadPoolExecutor.getTask(ThreadPoolExecutor.java:1074)&#10;        at java.util.concurrent.ThreadPoolExecutor.runWorker(ThreadPoolExecutor.java:1134)&#10;        at java.util.concurrent.ThreadPoolExecutor$Worker.run(ThreadPoolExecutor.java:624)&#10;        at java.lang.Thread.run(Thread.java:748)&#10;&quot;pool-148-thread-24&quot;  prio=5 tid=2262 in Object.wait()&#10;java.lang.Thread.State: WAITING (on object monitor)&#10;        at sun.misc.Unsafe.park(Native Method)&#10;        at java.util.concurrent.locks.LockSupport.park(LockSupport.java:175)&#10;        at java.util.concurrent.locks.AbstractQueuedSynchronizer$ConditionObject.await(AbstractQueuedSynchronizer.java:2039)&#10;        at java.util.concurrent.ArrayBlockingQueue.take(ArrayBlockingQueue.java:403)&#10;        at java.util.concurrent.ThreadPoolExecutor.getTask(ThreadPoolExecutor.java:1074)&#10;        at java.util.concurrent.ThreadPoolExecutor.runWorker(ThreadPoolExecutor.java:1134)&#10;        at java.util.concurrent.ThreadPoolExecutor$Worker.run(ThreadPoolExecutor.java:624)&#10;        at java.lang.Thread.run(Thread.java:748)&#10;&quot;pool-208-thread-10&quot;  prio=5 tid=2621 in Object.wait()&#10;java.lang.Thread.State: WAITING (on object monitor)&#10;        at sun.misc.Unsafe.park(Native Method)&#10;        at java.util.concurrent.locks.LockSupport.park(LockSupport.java:175)&#10;        at java.util.concurrent.locks.AbstractQueuedSynchronizer$ConditionObject.await(AbstractQueuedSynchronizer.java:2039)&#10;        at java.util.concurrent.ArrayBlockingQueue.take(ArrayBlockingQueue.java:403)&#10;        at java.util.concurrent.ThreadPoolExecutor.getTask(ThreadPoolExecutor.java:1074)&#10;        at java.util.concurrent.ThreadPoolExecutor.runWorker(ThreadPoolExecutor.java:1134)&#10;        at java.util.concurrent.ThreadPoolExecutor$Worker.run(ThreadPoolExecutor.java:624)&#10;        at java.lang.Thread.run(Thread.java:748)&#10;&quot;DataNode DiskChecker thread 0&quot; daemon prio=5 tid=1971 timed_waiting&#10;java.lang.Thread.State: TIMED_WAITING&#10;        at sun.misc.Unsafe.park(Native Method)&#10;        at java.util.concurrent.locks.LockSupport.parkNanos(LockSupport.java:215)&#10;        at java.util.concurrent.SynchronousQueue$TransferStack.awaitFulfill(SynchronousQueue.java:460)&#10;        at java.util.concurrent.SynchronousQueue$TransferStack.transfer(SynchronousQueue.java:362)&#10;        at java.util.concurrent.SynchronousQueue.poll(SynchronousQueue.java:941)&#10;        at java.util.concurrent.ThreadPoolExecutor.getTask(ThreadPoolExecutor.java:1073)&#10;        at java.util.concurrent.ThreadPoolExecutor.runWorker(ThreadPoolExecutor.java:1134)&#10;        at java.util.concurrent.ThreadPoolExecutor$Worker.run(ThreadPoolExecutor.java:624)&#10;        at java.lang.Thread.run(Thread.java:748)&#10;&quot;grpc-default-executor-0&quot; daemon prio=5 tid=1053 timed_waiting&#10;java.lang.Thread.State: TIMED_WAITING&#10;        at sun.misc.Unsafe.park(Native Method)&#10;        at java.util.concurrent.locks.LockSupport.parkNanos(LockSupport.java:215)&#10;        at java.util.concurrent.SynchronousQueue$TransferStack.awaitFulfill(SynchronousQueue.java:460)&#10;        at java.util.concurrent.SynchronousQueue$TransferStack.transfer(SynchronousQueue.java:362)&#10;        at java.util.concurrent.SynchronousQueue.poll(SynchronousQueue.java:941)&#10;        at java.util.concurrent.ThreadPoolExecutor.getTask(ThreadPoolExecutor.java:1073)&#10;        at java.util.concurrent.ThreadPoolExecutor.runWorker(ThreadPoolExecutor.java:1134)&#10;        at java.util.concurrent.ThreadPoolExecutor$Worker.run(ThreadPoolExecutor.java:624)&#10;        at java.lang.Thread.run(Thread.java:748)&#10;&quot;pool-148-thread-16&quot;  prio=5 tid=2254 in Object.wait()&#10;java.lang.Thread.State: WAITING (on object monitor)&#10;        at sun.misc.Unsafe.park(Native Method)&#10;        at java.util.concurrent.locks.LockSupport.park(LockSupport.java:175)&#10;        at java.util.concurrent.locks.AbstractQueuedSynchronizer$ConditionObject.await(AbstractQueuedSynchronizer.java:2039)&#10;        at java.util.concurrent.ArrayBlockingQueue.take(ArrayBlockingQueue.java:403)&#10;        at java.util.concurrent.ThreadPoolExecutor.getTask(ThreadPoolExecutor.java:1074)&#10;        at java.util.concurrent.ThreadPoolExecutor.runWorker(ThreadPoolExecutor.java:1134)&#10;        at java.util.concurrent.ThreadPoolExecutor$Worker.run(ThreadPoolExecutor.java:624)&#10;        at java.lang.Thread.run(Thread.java:748)&#10;&quot;pool-238-thread-49&quot;  prio=5 tid=2846 in Object.wait()&#10;java.lang.Thread.State: WAITING (on object monitor)&#10;        at sun.misc.Unsafe.park(Native Method)&#10;        at java.util.concurrent.locks.LockSupport.park(LockSupport.java:175)&#10;        at java.util.concurrent.locks.AbstractQueuedSynchronizer$ConditionObject.await(AbstractQueuedSynchronizer.java:2039)&#10;        at java.util.concurrent.ArrayBlockingQueue.take(ArrayBlockingQueue.java:403)&#10;        at java.util.concurrent.ThreadPoolExecutor.getTask(ThreadPoolExecutor.java:1074)&#10;        at java.util.concurrent.ThreadPoolExecutor.runWorker(ThreadPoolExecutor.java:1134)&#10;        at java.util.concurrent.ThreadPoolExecutor$Worker.run(ThreadPoolExecutor.java:624)&#10;        at java.lang.Thread.run(Thread.java:748)&#10;&quot;pool-218-thread-7&quot;  prio=5 tid=2680 in Object.wait()&#10;java.lang.Thread.State: WAITING (on object monitor)&#10;        at sun.misc.Unsafe.park(Native Method)&#10;        at java.util.concurrent.locks.LockSupport.park(LockSupport.java:175)&#10;        at java.util.concurrent.locks.AbstractQueuedSynchronizer$ConditionObject.await(AbstractQueuedSynchronizer.java:2039)&#10;        at java.util.concurrent.ArrayBlockingQueue.take(ArrayBlockingQueue.java:403)&#10;        at java.util.concurrent.ThreadPoolExecutor.getTask(ThreadPoolExecutor.java:1074)&#10;        at java.util.concurrent.ThreadPoolExecutor.runWorker(ThreadPoolExecutor.java:1134)&#10;        at java.util.concurrent.ThreadPoolExecutor$Worker.run(ThreadPoolExecutor.java:624)&#10;        at java.lang.Thread.run(Thread.java:748)&#10;&quot;pool-148-thread-10&quot;  prio=5 tid=2248 in Object.wait()&#10;java.lang.Thread.State: WAITING (on object monitor)&#10;        at sun.misc.Unsafe.park(Native Method)&#10;        at java.util.concurrent.locks.LockSupport.park(LockSupport.java:175)&#10;        at java.util.concurrent.locks.AbstractQueuedSynchronizer$ConditionObject.await(AbstractQueuedSynchronizer.java:2039)&#10;        at java.util.concurrent.ArrayBlockingQueue.take(ArrayBlockingQueue.java:403)&#10;        at java.util.concurrent.ThreadPoolExecutor.getTask(ThreadPoolExecutor.java:1074)&#10;        at java.util.concurrent.ThreadPoolExecutor.runWorker(ThreadPoolExecutor.java:1134)&#10;        at java.util.concurrent.ThreadPoolExecutor$Worker.run(ThreadPoolExecutor.java:624)&#10;        at java.lang.Thread.run(Thread.java:748)&#10;&quot;Datanode ReportManager Thread - 3&quot; daemon prio=5 tid=1991 in Object.wait()&#10;java.lang.Thread.State: WAITING (on object monitor)&#10;        at sun.misc.Unsafe.park(Native Method)&#10;        at java.util.concurrent.locks.LockSupport.park(LockSupport.java:175)&#10;        at java.util.concurrent.locks.AbstractQueuedSynchronizer$ConditionObject.await(AbstractQueuedSynchronizer.java:2039)&#10;        at java.util.concurrent.ScheduledThreadPoolExecutor$DelayedWorkQueue.take(ScheduledThreadPoolExecutor.java:1088)&#10;        at java.util.concurrent.ScheduledThreadPoolExecutor$DelayedWorkQueue.take(ScheduledThreadPoolExecutor.java:809)&#10;        at java.util.concurrent.ThreadPoolExecutor.getTask(ThreadPoolExecutor.java:1074)&#10;        at java.util.concurrent.ThreadPoolExecutor.runWorker(ThreadPoolExecutor.java:1134)&#10;        at java.util.concurrent.ThreadPoolExecutor$Worker.run(ThreadPoolExecutor.java:624)&#10;        at java.lang.Thread.run(Thread.java:748)&#10;&quot;pool-218-thread-38&quot;  prio=5 tid=2711 in Object.wait()&#10;java.lang.Thread.State: WAITING (on object monitor)&#10;        at sun.misc.Unsafe.park(Native Method)&#10;        at java.util.concurrent.locks.LockSupport.park(LockSupport.java:175)&#10;        at java.util.concurrent.locks.AbstractQueuedSynchronizer$ConditionObject.await(AbstractQueuedSynchronizer.java:2039)&#10;        at java.util.concurrent.ArrayBlockingQueue.take(ArrayBlockingQueue.java:403)&#10;        at java.util.concurrent.ThreadPoolExecutor.getTask(ThreadPoolExecutor.java:1074)&#10;        at java.util.concurrent.ThreadPoolExecutor.runWorker(ThreadPoolExecutor.java:1134)&#10;        at java.util.concurrent.ThreadPoolExecutor$Worker.run(ThreadPoolExecutor.java:624)&#10;        at java.lang.Thread.run(Thread.java:748)&#10;&quot;pool-188-thread-53&quot;  prio=5 tid=2540 in Object.wait()&#10;java.lang.Thread.State: WAITING (on object monitor)&#10;        at sun.misc.Unsafe.park(Native Method)&#10;        at java.util.concurrent.locks.LockSupport.park(LockSupport.java:175)&#10;        at java.util.concurrent.locks.AbstractQueuedSynchronizer$ConditionObject.await(AbstractQueuedSynchronizer.java:2039)&#10;        at java.util.concurrent.ArrayBlockingQueue.take(ArrayBlockingQueue.java:403)&#10;        at java.util.concurrent.ThreadPoolExecutor.getTask(ThreadPoolExecutor.java:1074)&#10;        at java.util.concurrent.ThreadPoolExecutor.runWorker(ThreadPoolExecutor.java:1134)&#10;        at java.util.concurrent.ThreadPoolExecutor$Worker.run(ThreadPoolExecutor.java:624)&#10;        at java.lang.Thread.run(Thread.java:748)&#10;&quot;pool-238-thread-45&quot;  prio=5 tid=2842 in Object.wait()&#10;java.lang.Thread.State: WAITING (on object monitor)&#10;        at sun.misc.Unsafe.park(Native Method)&#10;        at java.util.concurrent.locks.LockSupport.park(LockSupport.java:175)&#10;        at java.util.concurrent.locks.AbstractQueuedSynchronizer$ConditionObject.await(AbstractQueuedSynchronizer.java:2039)&#10;        at java.util.concurrent.ArrayBlockingQueue.take(ArrayBlockingQueue.java:403)&#10;        at java.util.concurrent.ThreadPoolExecutor.getTask(ThreadPoolExecutor.java:1074)&#10;        at java.util.concurrent.ThreadPoolExecutor.runWorker(ThreadPoolExecutor.java:1134)&#10;        at java.util.concurrent.ThreadPoolExecutor$Worker.run(ThreadPoolExecutor.java:624)&#10;        at java.lang.Thread.run(Thread.java:748)&#10;&quot;pool-208-thread-52&quot;  prio=5 tid=2663 in Object.wait()&#10;java.lang.Thread.State: WAITING (on object monitor)&#10;        at sun.misc.Unsafe.park(Native Method)&#10;        at java.util.concurrent.locks.LockSupport.park(LockSupport.java:175)&#10;        at java.util.concurrent.locks.AbstractQueuedSynchronizer$ConditionObject.await(AbstractQueuedSynchronizer.java:2039)&#10;        at java.util.concurrent.ArrayBlockingQueue.take(ArrayBlockingQueue.java:403)&#10;        at java.util.concurrent.ThreadPoolExecutor.getTask(ThreadPoolExecutor.java:1074)&#10;        at java.util.concurrent.ThreadPoolExecutor.runWorker(ThreadPoolExecutor.java:1134)&#10;        at java.util.concurrent.ThreadPoolExecutor$Worker.run(ThreadPoolExecutor.java:624)&#10;        at java.lang.Thread.run(Thread.java:748)&#10;&quot;pool-188-thread-3&quot;  prio=5 tid=2490 in Object.wait()&#10;java.lang.Thread.State: WAITING (on object monitor)&#10;        at sun.misc.Unsafe.park(Native Method)&#10;        at java.util.concurrent.locks.LockSupport.park(LockSupport.java:175)&#10;        at java.util.concurrent.locks.AbstractQueuedSynchronizer$ConditionObject.await(AbstractQueuedSynchronizer.java:2039)&#10;        at java.util.concurrent.ArrayBlockingQueue.take(ArrayBlockingQueue.java:403)&#10;        at java.util.concurrent.ThreadPoolExecutor.getTask(ThreadPoolExecutor.java:1074)&#10;        at java.util.concurrent.ThreadPoolExecutor.runWorker(ThreadPoolExecutor.java:1134)&#10;        at java.util.concurrent.ThreadPoolExecutor$Worker.run(ThreadPoolExecutor.java:624)&#10;        at java.lang.Thread.run(Thread.java:748)&#10;&quot;qtp141388791-2222&quot; daemon prio=5 tid=2222 timed_waiting&#10;java.lang.Thread.State: TIMED_WAITING&#10;        at sun.misc.Unsafe.park(Native Method)&#10;        at java.util.concurrent.locks.LockSupport.parkNanos(LockSupport.java:215)&#10;        at java.util.concurrent.locks.AbstractQueuedSynchronizer$ConditionObject.awaitNanos(AbstractQueuedSynchronizer.java:2078)&#10;        at org.eclipse.jetty.util.BlockingArrayQueue.poll(BlockingArrayQueue.java:392)&#10;        at org.eclipse.jetty.util.thread.QueuedThreadPool.idleJobPoll(QueuedThreadPool.java:563)&#10;        at org.eclipse.jetty.util.thread.QueuedThreadPool.access$800(QueuedThreadPool.java:48)&#10;        at org.eclipse.jetty.util.thread.QueuedThreadPool$2.run(QueuedThreadPool.java:626)&#10;        at java.lang.Thread.run(Thread.java:748)&#10;&quot;pool-178-thread-8&quot;  prio=5 tid=2433 in Object.wait()&#10;java.lang.Thread.State: WAITING (on object monitor)&#10;        at sun.misc.Unsafe.park(Native Method)&#10;        at java.util.concurrent.locks.LockSupport.park(LockSupport.java:175)&#10;        at java.util.concurrent.locks.AbstractQueuedSynchronizer$ConditionObject.await(AbstractQueuedSynchronizer.java:2039)&#10;        at java.util.concurrent.ArrayBlockingQueue.take(ArrayBlockingQueue.java:403)&#10;        at java.util.concurrent.ThreadPoolExecutor.getTask(ThreadPoolExecutor.java:1074)&#10;        at java.util.concurrent.ThreadPoolExecutor.runWorker(ThreadPoolExecutor.java:1134)&#10;        at java.util.concurrent.ThreadPoolExecutor$Worker.run(ThreadPoolExecutor.java:624)&#10;        at java.lang.Thread.run(Thread.java:748)&#10;&quot;Datanode ReportManager Thread - 0&quot; daemon prio=5 tid=333 in Object.wait()&#10;java.lang.Thread.State: WAITING (on object monitor)&#10;        at sun.misc.Unsafe.park(Native Method)&#10;        at java.util.concurrent.locks.LockSupport.park(LockSupport.java:175)&#10;        at java.util.concurrent.locks.AbstractQueuedSynchronizer$ConditionObject.await(AbstractQueuedSynchronizer.java:2039)&#10;        at java.util.concurrent.ScheduledThreadPoolExecutor$DelayedWorkQueue.take(ScheduledThreadPoolExecutor.java:1088)&#10;        at java.util.concurrent.ScheduledThreadPoolExecutor$DelayedWorkQueue.take(ScheduledThreadPoolExecutor.java:809)&#10;        at java.util.concurrent.ThreadPoolExecutor.getTask(ThreadPoolExecutor.java:1074)&#10;        at java.util.concurrent.ThreadPoolExecutor.runWorker(ThreadPoolExecutor.java:1134)&#10;        at java.util.concurrent.ThreadPoolExecutor$Worker.run(ThreadPoolExecutor.java:624)&#10;        at java.lang.Thread.run(Thread.java:748)&#10;&quot;pool-178-thread-18&quot;  prio=5 tid=2443 in Object.wait()&#10;java.lang.Thread.State: WAITING (on object monitor)&#10;        at sun.misc.Unsafe.park(Native Method)&#10;        at java.util.concurrent.locks.LockSupport.park(LockSupport.java:175)&#10;        at java.util.concurrent.locks.AbstractQueuedSynchronizer$ConditionObject.await(AbstractQueuedSynchronizer.java:2039)&#10;        at java.util.concurrent.ArrayBlockingQueue.take(ArrayBlockingQueue.java:403)&#10;        at java.util.concurrent.ThreadPoolExecutor.getTask(ThreadPoolExecutor.java:1074)&#10;        at java.util.concurrent.ThreadPoolExecutor.runWorker(ThreadPoolExecutor.java:1134)&#10;        at java.util.concurrent.ThreadPoolExecutor$Worker.run(ThreadPoolExecutor.java:624)&#10;        at java.lang.Thread.run(Thread.java:748)&#10;&quot;pool-158-thread-43&quot;  prio=5 tid=2344 in Object.wait()&#10;java.lang.Thread.State: WAITING (on object monitor)&#10;        at sun.misc.Unsafe.park(Native Method)&#10;        at java.util.concurrent.locks.LockSupport.park(LockSupport.java:175)&#10;        at java.util.concurrent.locks.AbstractQueuedSynchronizer$ConditionObject.await(AbstractQueuedSynchronizer.java:2039)&#10;        at java.util.concurrent.ArrayBlockingQueue.take(ArrayBlockingQueue.java:403)&#10;        at java.util.concurrent.ThreadPoolExecutor.getTask(ThreadPoolExecutor.java:1074)&#10;        at java.util.concurrent.ThreadPoolExecutor.runWorker(ThreadPoolExecutor.java:1134)&#10;        at java.util.concurrent.ThreadPoolExecutor$Worker.run(ThreadPoolExecutor.java:624)&#10;        at java.lang.Thread.run(Thread.java:748)&#10;&quot;Periodic HDDS volume checker&quot;  prio=5 tid=2023 timed_waiting&#10;java.lang.Thread.State: TIMED_WAITING&#10;        at sun.misc.Unsafe.park(Native Method)&#10;        at java.util.concurrent.locks.LockSupport.parkNanos(LockSupport.java:215)&#10;        at java.util.concurrent.locks.AbstractQueuedSynchronizer$ConditionObject.awaitNanos(AbstractQueuedSynchronizer.java:2078)&#10;        at java.util.concurrent.ScheduledThreadPoolExecutor$DelayedWorkQueue.take(ScheduledThreadPoolExecutor.java:1093)&#10;        at java.util.concurrent.ScheduledThreadPoolExecutor$DelayedWorkQueue.take(ScheduledThreadPoolExecutor.java:809)&#10;        at java.util.concurrent.ThreadPoolExecutor.getTask(ThreadPoolExecutor.java:1074)&#10;        at java.util.concurrent.ThreadPoolExecutor.runWorker(ThreadPoolExecutor.java:1134)&#10;        at java.util.concurrent.ThreadPoolExecutor$Worker.run(ThreadPoolExecutor.java:624)&#10;        at java.lang.Thread.run(Thread.java:748)&#10;&quot;pool-238-thread-12&quot;  prio=5 tid=2809 in Object.wait()&#10;java.lang.Thread.State: WAITING (on object monitor)&#10;        at sun.misc.Unsafe.park(Native Method)&#10;        at java.util.concurrent.locks.LockSupport.park(LockSupport.java:175)&#10;        at java.util.concurrent.locks.AbstractQueuedSynchronizer$ConditionObject.await(AbstractQueuedSynchronizer.java:2039)&#10;        at java.util.concurrent.ArrayBlockingQueue.take(ArrayBlockingQueue.java:403)&#10;        at java.util.concurrent.ThreadPoolExecutor.getTask(ThreadPoolExecutor.java:1074)&#10;        at java.util.concurrent.ThreadPoolExecutor.runWorker(ThreadPoolExecutor.java:1134)&#10;        at java.util.concurrent.ThreadPoolExecutor$Worker.run(ThreadPoolExecutor.java:624)&#10;        at java.lang.Thread.run(Thread.java:748)&#10;&quot;Datanode ReportManager Thread - 2&quot; daemon prio=5 tid=1990 in Object.wait()&#10;java.lang.Thread.State: WAITING (on object monitor)&#10;        at sun.misc.Unsafe.park(Native Method)&#10;        at java.util.concurrent.locks.LockSupport.park(LockSupport.java:175)&#10;        at java.util.concurrent.locks.AbstractQueuedSynchronizer$ConditionObject.await(AbstractQueuedSynchronizer.java:2039)&#10;        at java.util.concurrent.ScheduledThreadPoolExecutor$DelayedWorkQueue.take(ScheduledThreadPoolExecutor.java:1088)&#10;        at java.util.concurrent.ScheduledThreadPoolExecutor$DelayedWorkQueue.take(ScheduledThreadPoolExecutor.java:809)&#10;        at java.util.concurrent.ThreadPoolExecutor.getTask(ThreadPoolExecutor.java:1074)&#10;        at java.util.concurrent.ThreadPoolExecutor.runWorker(ThreadPoolExecutor.java:1134)&#10;        at java.util.concurrent.ThreadPoolExecutor$Worker.run(ThreadPoolExecutor.java:624)&#10;        at java.lang.Thread.run(Thread.java:748)&#10;&quot;PartialTableCache Cleanup Thread - 0&quot; daemon prio=5 tid=1358 in Object.wait()&#10;java.lang.Thread.State: WAITING (on object monitor)&#10;        at sun.misc.Unsafe.park(Native Method)&#10;        at java.util.concurrent.locks.LockSupport.park(LockSupport.java:175)&#10;        at java.util.concurrent.locks.AbstractQueuedSynchronizer$ConditionObject.await(AbstractQueuedSynchronizer.java:2039)&#10;        at java.util.concurrent.LinkedBlockingQueue.take(LinkedBlockingQueue.java:442)&#10;        at java.util.concurrent.ThreadPoolExecutor.getTask(ThreadPoolExecutor.java:1074)&#10;        at java.util.concurrent.ThreadPoolExecutor.runWorker(ThreadPoolExecutor.java:1134)&#10;        at java.util.concurrent.ThreadPoolExecutor$Worker.run(ThreadPoolExecutor.java:624)&#10;        at java.lang.Thread.run(Thread.java:748)&#10;&quot;pool-158-thread-54&quot;  prio=5 tid=2355 in Object.wait()&#10;java.lang.Thread.State: WAITING (on object monitor)&#10;        at sun.misc.Unsafe.park(Native Method)&#10;        at java.util.concurrent.locks.LockSupport.park(LockSupport.java:175)&#10;        at java.util.concurrent.locks.AbstractQueuedSynchronizer$ConditionObject.await(AbstractQueuedSynchronizer.java:2039)&#10;        at java.util.concurrent.ArrayBlockingQueue.take(ArrayBlockingQueue.java:403)&#10;        at java.util.concurrent.ThreadPoolExecutor.getTask(ThreadPoolExecutor.java:1074)&#10;        at java.util.concurrent.ThreadPoolExecutor.runWorker(ThreadPoolExecutor.java:1134)&#10;        at java.util.concurrent.ThreadPoolExecutor$Worker.run(ThreadPoolExecutor.java:624)&#10;        at java.lang.Thread.run(Thread.java:748)&#10;&quot;pool-158-thread-35&quot;  prio=5 tid=2336 in Object.wait()&#10;java.lang.Thread.State: WAITING (on object monitor)&#10;        at sun.misc.Unsafe.park(Native Method)&#10;        at java.util.concurrent.locks.LockSupport.park(LockSupport.java:175)&#10;        at java.util.concurrent.locks.AbstractQueuedSynchronizer$ConditionObject.await(AbstractQueuedSynchronizer.java:2039)&#10;        at java.util.concurrent.ArrayBlockingQueue.take(ArrayBlockingQueue.java:403)&#10;        at java.util.concurrent.ThreadPoolExecutor.getTask(ThreadPoolExecutor.java:1074)&#10;        at java.util.concurrent.ThreadPoolExecutor.runWorker(ThreadPoolExecutor.java:1134)&#10;        at java.util.concurrent.ThreadPoolExecutor$Worker.run(ThreadPoolExecutor.java:624)&#10;        at java.lang.Thread.run(Thread.java:748)&#10;&quot;qtp141388791-2224&quot; daemon prio=5 tid=2224 timed_waiting&#10;java.lang.Thread.State: TIMED_WAITING&#10;        at sun.misc.Unsafe.park(Native Method)&#10;        at java.util.concurrent.locks.LockSupport.parkNanos(LockSupport.java:215)&#10;        at java.util.concurrent.locks.AbstractQueuedSynchronizer$ConditionObject.awaitNanos(AbstractQueuedSynchronizer.java:2078)&#10;        at org.eclipse.jetty.util.BlockingArrayQueue.poll(BlockingArrayQueue.java:392)&#10;        at org.eclipse.jetty.util.thread.QueuedThreadPool.idleJobPoll(QueuedThreadPool.java:563)&#10;        at org.eclipse.jetty.util.thread.QueuedThreadPool.access$800(QueuedThreadPool.java:48)&#10;        at org.eclipse.jetty.util.thread.QueuedThreadPool$2.run(QueuedThreadPool.java:626)&#10;        at java.lang.Thread.run(Thread.java:748)&#10;&quot;Thread-1543&quot; daemon prio=5 tid=3202 timed_waiting&#10;java.lang.Thread.State: TIMED_WAITING&#10;        at java.lang.Thread.sleep(Native Method)&#10;        at org.apache.ratis.util.JavaUtils.sleep(JavaUtils.java:243)&#10;        at org.apache.ratis.server.impl.FollowerState.run(FollowerState.java:100)&#10;&quot;pool-168-thread-18&quot;  prio=5 tid=2381 in Object.wait()&#10;java.lang.Thread.State: WAITING (on object monitor)&#10;        at sun.misc.Unsafe.park(Native Method)&#10;        at java.util.concurrent.locks.LockSupport.park(LockSupport.java:175)&#10;        at java.util.concurrent.locks.AbstractQueuedSynchronizer$ConditionObject.await(AbstractQueuedSynchronizer.java:2039)&#10;        at java.util.concurrent.ArrayBlockingQueue.take(ArrayBlockingQueue.java:403)&#10;        at java.util.concurrent.ThreadPoolExecutor.getTask(ThreadPoolExecutor.java:1074)&#10;        at java.util.concurrent.ThreadPoolExecutor.runWorker(ThreadPoolExecutor.java:1134)&#10;        at java.util.concurrent.ThreadPoolExecutor$Worker.run(ThreadPoolExecutor.java:624)&#10;        at java.lang.Thread.run(Thread.java:748)&#10;&quot;pool-228-thread-9&quot;  prio=5 tid=2744 in Object.wait()&#10;java.lang.Thread.State: WAITING (on object monitor)&#10;        at sun.misc.Unsafe.park(Native Method)&#10;        at java.util.concurrent.locks.LockSupport.park(LockSupport.java:175)&#10;        at java.util.concurrent.locks.AbstractQueuedSynchronizer$ConditionObject.await(AbstractQueuedSynchronizer.java:2039)&#10;        at java.util.concurrent.ArrayBlockingQueue.take(ArrayBlockingQueue.java:403)&#10;        at java.util.concurrent.ThreadPoolExecutor.getTask(ThreadPoolExecutor.java:1074)&#10;        at java.util.concurrent.ThreadPoolExecutor.runWorker(ThreadPoolExecutor.java:1134)&#10;        at java.util.concurrent.ThreadPoolExecutor$Worker.run(ThreadPoolExecutor.java:624)&#10;        at java.lang.Thread.run(Thread.java:748)&#10;&quot;25c17e6e-60f2-43b7-8570-af6cc9981309@group-A7405D5AD40E-SegmentedRaftLogWorker&quot;  prio=5 tid=3129 timed_waiting&#10;java.lang.Thread.State: TIMED_WAITING&#10;        at sun.misc.Unsafe.park(Native Method)&#10;        at java.util.concurrent.locks.LockSupport.parkNanos(LockSupport.java:215)&#10;        at java.util.concurrent.locks.AbstractQueuedSynchronizer$ConditionObject.awaitNanos(AbstractQueuedSynchronizer.java:2078)&#10;        at org.apache.ratis.util.DataBlockingQueue.poll(DataBlockingQueue.java:137)&#10;        at org.apache.ratis.server.raftlog.segmented.SegmentedRaftLogWorker.run(SegmentedRaftLogWorker.java:282)&#10;        at java.lang.Thread.run(Thread.java:748)&#10;&quot;BlockDeletingService#0&quot; daemon prio=5 tid=2610 timed_waiting&#10;java.lang.Thread.State: TIMED_WAITING&#10;        at sun.misc.Unsafe.park(Native Method)&#10;        at java.util.concurrent.locks.LockSupport.parkNanos(LockSupport.java:215)&#10;        at java.util.concurrent.locks.AbstractQueuedSynchronizer$ConditionObject.awaitNanos(AbstractQueuedSynchronizer.java:2078)&#10;        at java.util.concurrent.ScheduledThreadPoolExecutor$DelayedWorkQueue.take(ScheduledThreadPoolExecutor.java:1093)&#10;        at java.util.concurrent.ScheduledThreadPoolExecutor$DelayedWorkQueue.take(ScheduledThreadPoolExecutor.java:809)&#10;        at java.util.concurrent.ThreadPoolExecutor.getTask(ThreadPoolExecutor.java:1074)&#10;        at java.util.concurrent.ThreadPoolExecutor.runWorker(ThreadPoolExecutor.java:1134)&#10;        at java.util.concurrent.ThreadPoolExecutor$Worker.run(ThreadPoolExecutor.java:624)&#10;        at java.lang.Thread.run(Thread.java:748)&#10;&quot;pool-198-thread-20&quot;  prio=5 tid=2569 in Object.wait()&#10;java.lang.Thread.State: WAITING (on object monitor)&#10;        at sun.misc.Unsafe.park(Native Method)&#10;        at java.util.concurrent.locks.LockSupport.park(LockSupport.java:175)&#10;        at java.util.concurrent.locks.AbstractQueuedSynchronizer$ConditionObject.await(AbstractQueuedSynchronizer.java:2039)&#10;        at java.util.concurrent.ArrayBlockingQueue.take(ArrayBlockingQueue.java:403)&#10;        at java.util.concurrent.ThreadPoolExecutor.getTask(ThreadPoolExecutor.java:1074)&#10;        at java.util.concurrent.ThreadPoolExecutor.runWorker(ThreadPoolExecutor.java:1134)&#10;        at java.util.concurrent.ThreadPoolExecutor$Worker.run(ThreadPoolExecutor.java:624)&#10;        at java.lang.Thread.run(Thread.java:748)&#10;&quot;Datanode State Machine Thread - 0&quot; daemon prio=5 tid=2149 timed_waiting&#10;java.lang.Thread.State: TIMED_WAITING&#10;        at java.lang.Thread.sleep(Native Method)&#10;        at org.apache.hadoop.ozone.container.common.statemachine.DatanodeStateMachine.start(DatanodeStateMachine.java:191)&#10;        at org.apache.hadoop.ozone.container.common.statemachine.DatanodeStateMachine.lambda$startDaemon$0(DatanodeStateMachine.java:349)&#10;        at org.apache.hadoop.ozone.container.common.statemachine.DatanodeStateMachine$$Lambda$141/1594065480.run(Unknown Source)&#10;        at java.lang.Thread.run(Thread.java:748)&#10;&quot;pool-168-thread-39&quot;  prio=5 tid=2402 in Object.wait()&#10;java.lang.Thread.State: WAITING (on object monitor)&#10;        at sun.misc.Unsafe.park(Native Method)&#10;        at java.util.concurrent.locks.LockSupport.park(LockSupport.java:175)&#10;        at java.util.concurrent.locks.AbstractQueuedSynchronizer$ConditionObject.await(AbstractQueuedSynchronizer.java:2039)&#10;        at java.util.concurrent.ArrayBlockingQueue.take(ArrayBlockingQueue.java:403)&#10;        at java.util.concurrent.ThreadPoolExecutor.getTask(ThreadPoolExecutor.java:1074)&#10;        at java.util.concurrent.ThreadPoolExecutor.runWorker(ThreadPoolExecutor.java:1134)&#10;        at java.util.concurrent.ThreadPoolExecutor$Worker.run(ThreadPoolExecutor.java:624)&#10;        at java.lang.Thread.run(Thread.java:748)&#10;&quot;qtp1553544410-2008&quot; daemon prio=5 tid=2008 timed_waiting&#10;java.lang.Thread.State: TIMED_WAITING&#10;        at sun.misc.Unsafe.park(Native Method)&#10;        at java.util.concurrent.locks.LockSupport.parkNanos(LockSupport.java:215)&#10;        at java.util.concurrent.locks.AbstractQueuedSynchronizer$ConditionObject.awaitNanos(AbstractQueuedSynchronizer.java:2078)&#10;        at org.eclipse.jetty.util.BlockingArrayQueue.poll(BlockingArrayQueue.java:392)&#10;        at org.eclipse.jetty.util.thread.QueuedThreadPool.idleJobPoll(QueuedThreadPool.java:563)&#10;        at org.eclipse.jetty.util.thread.QueuedThreadPool.access$800(QueuedThreadPool.java:48)&#10;        at org.eclipse.jetty.util.thread.QueuedThreadPool$2.run(QueuedThreadPool.java:626)&#10;        at java.lang.Thread.run(Thread.java:748)&#10;&quot;pool-218-thread-36&quot;  prio=5 tid=2709 in Object.wait()&#10;java.lang.Thread.State: WAITING (on object monitor)&#10;        at sun.misc.Unsafe.park(Native Method)&#10;        at java.util.concurrent.locks.LockSupport.park(LockSupport.java:175)&#10;        at java.util.concurrent.locks.AbstractQueuedSynchronizer$ConditionObject.await(AbstractQueuedSynchronizer.java:2039)&#10;        at java.util.concurrent.ArrayBlockingQueue.take(ArrayBlockingQueue.java:403)&#10;        at java.util.concurrent.ThreadPoolExecutor.getTask(ThreadPoolExecutor.java:1074)&#10;        at java.util.concurrent.ThreadPoolExecutor.runWorker(ThreadPoolExecutor.java:1134)&#10;        at java.util.concurrent.ThreadPoolExecutor$Worker.run(ThreadPoolExecutor.java:624)&#10;        at java.lang.Thread.run(Thread.java:748)&#10;&quot;DataNode DiskChecker thread 0&quot; daemon prio=5 tid=2215 timed_waiting&#10;java.lang.Thread.State: TIMED_WAITING&#10;        at sun.misc.Unsafe.park(Native Method)&#10;        at java.util.concurrent.locks.LockSupport.parkNanos(LockSupport.java:215)&#10;        at java.util.concurrent.SynchronousQueue$TransferStack.awaitFulfill(SynchronousQueue.java:460)&#10;        at java.util.concurrent.SynchronousQueue$TransferStack.transfer(SynchronousQueue.java:362)&#10;        at java.util.concurrent.SynchronousQueue.poll(SynchronousQueue.java:941)&#10;        at java.util.concurrent.ThreadPoolExecutor.getTask(ThreadPoolExecutor.java:1073)&#10;        at java.util.concurrent.ThreadPoolExecutor.runWorker(ThreadPoolExecutor.java:1134)&#10;        at java.util.concurrent.ThreadPoolExecutor$Worker.run(ThreadPoolExecutor.java:624)&#10;        at java.lang.Thread.run(Thread.java:748)&#10;&quot;09f4ece9-71c1-4a5b-9b91-b2a8aadac043@group-877CB685509D-SegmentedRaftLogWorker&quot;  prio=5 tid=3142 timed_waiting&#10;java.lang.Thread.State: TIMED_WAITING&#10;        at sun.misc.Unsafe.park(Native Method)&#10;        at java.util.concurrent.locks.LockSupport.parkNanos(LockSupport.java:215)&#10;        at java.util.concurrent.locks.AbstractQueuedSynchronizer$ConditionObject.awaitNanos(AbstractQueuedSynchronizer.java:2078)&#10;        at org.apache.ratis.util.DataBlockingQueue.poll(DataBlockingQueue.java:137)&#10;        at org.apache.ratis.server.raftlog.segmented.SegmentedRaftLogWorker.run(SegmentedRaftLogWorker.java:282)&#10;        at java.lang.Thread.run(Thread.java:748)&#10;&quot;pool-238-thread-31&quot;  prio=5 tid=2828 in Object.wait()&#10;java.lang.Thread.State: WAITING (on object monitor)&#10;        at sun.misc.Unsafe.park(Native Method)&#10;        at java.util.concurrent.locks.LockSupport.park(LockSupport.java:175)&#10;        at java.util.concurrent.locks.AbstractQueuedSynchronizer$ConditionObject.await(AbstractQueuedSynchronizer.java:2039)&#10;        at java.util.concurrent.ArrayBlockingQueue.take(ArrayBlockingQueue.java:403)&#10;        at java.util.concurrent.ThreadPoolExecutor.getTask(ThreadPoolExecutor.java:1074)&#10;        at java.util.concurrent.ThreadPoolExecutor.runWorker(ThreadPoolExecutor.java:1134)&#10;        at java.util.concurrent.ThreadPoolExecutor$Worker.run(ThreadPoolExecutor.java:624)&#10;        at java.lang.Thread.run(Thread.java:748)&#10;&quot;org.eclipse.jetty.server.session.HashSessionManager@343fddd9Timer&quot; daemon prio=5 tid=2227 timed_waiting&#10;java.lang.Thread.State: TIMED_WAITING&#10;        at sun.misc.Unsafe.park(Native Method)&#10;        at java.util.concurrent.locks.LockSupport.parkNanos(LockSupport.java:215)&#10;        at java.util.concurrent.locks.AbstractQueuedSynchronizer$ConditionObject.awaitNanos(AbstractQueuedSynchronizer.java:2078)&#10;        at java.util.concurrent.ScheduledThreadPoolExecutor$DelayedWorkQueue.take(ScheduledThreadPoolExecutor.java:1093)&#10;        at java.util.concurrent.ScheduledThreadPoolExecutor$DelayedWorkQueue.take(ScheduledThreadPoolExecutor.java:809)&#10;        at java.util.concurrent.ThreadPoolExecutor.getTask(ThreadPoolExecutor.java:1074)&#10;        at java.util.concurrent.ThreadPoolExecutor.runWorker(ThreadPoolExecutor.java:1134)&#10;        at java.util.concurrent.ThreadPoolExecutor$Worker.run(ThreadPoolExecutor.java:624)&#10;        at java.lang.Thread.run(Thread.java:748)&#10;&quot;pool-218-thread-26&quot;  prio=5 tid=2699 in Object.wait()&#10;java.lang.Thread.State: WAITING (on object monitor)&#10;        at sun.misc.Unsafe.park(Native Method)&#10;        at java.util.concurrent.locks.LockSupport.park(LockSupport.java:175)&#10;        at java.util.concurrent.locks.AbstractQueuedSynchronizer$ConditionObject.await(AbstractQueuedSynchronizer.java:2039)&#10;        at java.util.concurrent.ArrayBlockingQueue.take(ArrayBlockingQueue.java:403)&#10;        at java.util.concurrent.ThreadPoolExecutor.getTask(ThreadPoolExecutor.java:1074)&#10;        at java.util.concurrent.ThreadPoolExecutor.runWorker(ThreadPoolExecutor.java:1134)&#10;        at java.util.concurrent.ThreadPoolExecutor$Worker.run(ThreadPoolExecutor.java:624)&#10;        at java.lang.Thread.run(Thread.java:748)&#10;&quot;IPC Server idle connection scanner for port 35974&quot; daemon prio=5 tid=1847 timed_waiting&#10;java.lang.Thread.State: TIMED_WAITING&#10;        at java.lang.Object.wait(Native Method)&#10;        at java.util.TimerThread.mainLoop(Timer.java:552)&#10;        at java.util.TimerThread.run(Timer.java:505)&#10;&quot;pool-168-thread-29&quot;  prio=5 tid=2392 in Object.wait()&#10;java.lang.Thread.State: WAITING (on object monitor)&#10;        at sun.misc.Unsafe.park(Native Method)&#10;        at java.util.concurrent.locks.LockSupport.park(LockSupport.java:175)&#10;        at java.util.concurrent.locks.AbstractQueuedSynchronizer$ConditionObject.await(AbstractQueuedSynchronizer.java:2039)&#10;        at java.util.concurrent.ArrayBlockingQueue.take(ArrayBlockingQueue.java:403)&#10;        at java.util.concurrent.ThreadPoolExecutor.getTask(ThreadPoolExecutor.java:1074)&#10;        at java.util.concurrent.ThreadPoolExecutor.runWorker(ThreadPoolExecutor.java:1134)&#10;        at java.util.concurrent.ThreadPoolExecutor$Worker.run(ThreadPoolExecutor.java:624)&#10;        at java.lang.Thread.run(Thread.java:748)&#10;&quot;EventQueue-ContainerReportForContainerReportHandler&quot; daemon prio=5 tid=2862 in Object.wait()&#10;java.lang.Thread.State: WAITING (on object monitor)&#10;        at sun.misc.Unsafe.park(Native Method)&#10;        at java.util.concurrent.locks.LockSupport.park(LockSupport.java:175)&#10;        at java.util.concurrent.locks.AbstractQueuedSynchronizer$ConditionObject.await(AbstractQueuedSynchronizer.java:2039)&#10;        at java.util.concurrent.LinkedBlockingQueue.take(LinkedBlockingQueue.java:442)&#10;        at java.util.concurrent.ThreadPoolExecutor.getTask(ThreadPoolExecutor.java:1074)&#10;        at java.util.concurrent.ThreadPoolExecutor.runWorker(ThreadPoolExecutor.java:1134)&#10;        at java.util.concurrent.ThreadPoolExecutor$Worker.run(ThreadPoolExecutor.java:624)&#10;        at java.lang.Thread.run(Thread.java:748)&#10;&quot;Thread-1528&quot; daemon prio=5 tid=3187 timed_waiting&#10;java.lang.Thread.State: TIMED_WAITING&#10;        at java.lang.Thread.sleep(Native Method)&#10;        at org.apache.ratis.util.JavaUtils.sleep(JavaUtils.java:243)&#10;        at org.apache.ratis.server.impl.FollowerState.run(FollowerState.java:100)&#10;&quot;pool-198-thread-33&quot;  prio=5 tid=2582 in Object.wait()&#10;java.lang.Thread.State: WAITING (on object monitor)&#10;        at sun.misc.Unsafe.park(Native Method)&#10;        at java.util.concurrent.locks.LockSupport.park(LockSupport.java:175)&#10;        at java.util.concurrent.locks.AbstractQueuedSynchronizer$ConditionObject.await(AbstractQueuedSynchronizer.java:2039)&#10;        at java.util.concurrent.ArrayBlockingQueue.take(ArrayBlockingQueue.java:403)&#10;        at java.util.concurrent.ThreadPoolExecutor.getTask(ThreadPoolExecutor.java:1074)&#10;        at java.util.concurrent.ThreadPoolExecutor.runWorker(ThreadPoolExecutor.java:1134)&#10;        at java.util.concurrent.ThreadPoolExecutor$Worker.run(ThreadPoolExecutor.java:624)&#10;        at java.lang.Thread.run(Thread.java:748)&#10;&quot;qtp95553286-1957-acceptor-0@2d35bdc5-ServerConnector@21b6c9c2{HTTP/1.1,[http/1.1]}{0.0.0.0:35524}&quot; daemon prio=3 tid=1957 runnable&#10;java.lang.Thread.State: RUNNABLE&#10;        at sun.nio.ch.ServerSocketChannelImpl.accept0(Native Method)&#10;        at sun.nio.ch.ServerSocketChannelImpl.accept(ServerSocketChannelImpl.java:422)&#10;        at sun.nio.ch.ServerSocketChannelImpl.accept(ServerSocketChannelImpl.java:250)&#10;        at org.eclipse.jetty.server.ServerConnector.accept(ServerConnector.java:397)&#10;        at org.eclipse.jetty.server.AbstractConnector$Acceptor.run(AbstractConnector.java:601)&#10;        at org.eclipse.jetty.util.thread.QueuedThreadPool.runJob(QueuedThreadPool.java:671)&#10;        at org.eclipse.jetty.util.thread.QueuedThreadPool$2.run(QueuedThreadPool.java:589)&#10;        at java.lang.Thread.run(Thread.java:748)&#10;&quot;refreshUsed-/workdir/hadoop-ozone/integration-test/target/test-dir/MiniOzoneClusterImpl-6b3e2517-75a7-4dd9-8054-0b12e404e591/datanode-3/data/containers&quot; daemon prio=5 tid=2052 timed_waiting&#10;java.lang.Thread.State: TIMED_WAITING&#10;        at java.lang.Thread.sleep(Native Method)&#10;        at org.apache.hadoop.fs.CachingGetSpaceUsed$RefreshThread.run(CachingGetSpaceUsed.java:179)&#10;        at java.lang.Thread.run(Thread.java:748)&#10;&quot;grpc-default-worker-ELG-3-1&quot; daemon prio=5 tid=1052 runnable&#10;java.lang.Thread.State: RUNNABLE&#10;        at sun.nio.ch.EPollArrayWrapper.epollWait(Native Method)&#10;        at sun.nio.ch.EPollArrayWrapper.poll(EPollArrayWrapper.java:269)&#10;        at sun.nio.ch.EPollSelectorImpl.doSelect(EPollSelectorImpl.java:93)&#10;        at sun.nio.ch.SelectorImpl.lockAndDoSelect(SelectorImpl.java:86)&#10;        at sun.nio.ch.SelectorImpl.select(SelectorImpl.java:97)&#10;        at org.apache.ratis.thirdparty.io.netty.channel.nio.SelectedSelectionKeySetSelector.select(SelectedSelectionKeySetSelector.java:62)&#10;        at org.apache.ratis.thirdparty.io.netty.channel.nio.NioEventLoop.select(NioEventLoop.java:753)&#10;        at org.apache.ratis.thirdparty.io.netty.channel.nio.NioEventLoop.run(NioEventLoop.java:408)&#10;        at org.apache.ratis.thirdparty.io.netty.util.concurrent.SingleThreadEventExecutor$5.run(SingleThreadEventExecutor.java:897)&#10;        at org.apache.ratis.thirdparty.io.netty.util.concurrent.FastThreadLocalRunnable.run(FastThreadLocalRunnable.java:30)&#10;        at java.lang.Thread.run(Thread.java:748)&#10;&quot;pool-228-thread-34&quot;  prio=5 tid=2769 in Object.wait()&#10;java.lang.Thread.State: WAITING (on object monitor)&#10;        at sun.misc.Unsafe.park(Native Method)&#10;        at java.util.concurrent.locks.LockSupport.park(LockSupport.java:175)&#10;        at java.util.concurrent.locks.AbstractQueuedSynchronizer$ConditionObject.await(AbstractQueuedSynchronizer.java:2039)&#10;        at java.util.concurrent.ArrayBlockingQueue.take(ArrayBlockingQueue.java:403)&#10;        at java.util.concurrent.ThreadPoolExecutor.getTask(ThreadPoolExecutor.java:1074)&#10;        at java.util.concurrent.ThreadPoolExecutor.runWorker(ThreadPoolExecutor.java:1134)&#10;        at java.util.concurrent.ThreadPoolExecutor$Worker.run(ThreadPoolExecutor.java:624)&#10;        at java.lang.Thread.run(Thread.java:748)&#10;&quot;pool-168-thread-23&quot;  prio=5 tid=2386 in Object.wait()&#10;java.lang.Thread.State: WAITING (on object monitor)&#10;        at sun.misc.Unsafe.park(Native Method)&#10;        at java.util.concurrent.locks.LockSupport.park(LockSupport.java:175)&#10;        at java.util.concurrent.locks.AbstractQueuedSynchronizer$ConditionObject.await(AbstractQueuedSynchronizer.java:2039)&#10;        at java.util.concurrent.ArrayBlockingQueue.take(ArrayBlockingQueue.java:403)&#10;        at java.util.concurrent.ThreadPoolExecutor.getTask(ThreadPoolExecutor.java:1074)&#10;        at java.util.concurrent.ThreadPoolExecutor.runWorker(ThreadPoolExecutor.java:1134)&#10;        at java.util.concurrent.ThreadPoolExecutor$Worker.run(ThreadPoolExecutor.java:624)&#10;        at java.lang.Thread.run(Thread.java:748)&#10;&quot;org.eclipse.jetty.server.session.HashSessionManager@74834afdTimer&quot; daemon prio=5 tid=2175 timed_waiting&#10;java.lang.Thread.State: TIMED_WAITING&#10;        at sun.misc.Unsafe.park(Native Method)&#10;        at java.util.concurrent.locks.LockSupport.parkNanos(LockSupport.java:215)&#10;        at java.util.concurrent.locks.AbstractQueuedSynchronizer$ConditionObject.awaitNanos(AbstractQueuedSynchronizer.java:2078)&#10;        at java.util.concurrent.ScheduledThreadPoolExecutor$DelayedWorkQueue.take(ScheduledThreadPoolExecutor.java:1093)&#10;        at java.util.concurrent.ScheduledThreadPoolExecutor$DelayedWorkQueue.take(ScheduledThreadPoolExecutor.java:809)&#10;        at java.util.concurrent.ThreadPoolExecutor.getTask(ThreadPoolExecutor.java:1074)&#10;        at java.util.concurrent.ThreadPoolExecutor.runWorker(ThreadPoolExecutor.java:1134)&#10;        at java.util.concurrent.ThreadPoolExecutor$Worker.run(ThreadPoolExecutor.java:624)&#10;        at java.lang.Thread.run(Thread.java:748)&#10;&quot;Datanode ReportManager Thread - 2&quot; daemon prio=5 tid=281 in Object.wait()&#10;java.lang.Thread.State: WAITING (on object monitor)&#10;        at sun.misc.Unsafe.park(Native Method)&#10;        at java.util.concurrent.locks.LockSupport.park(LockSupport.java:175)&#10;        at java.util.concurrent.locks.AbstractQueuedSynchronizer$ConditionObject.await(AbstractQueuedSynchronizer.java:2039)&#10;        at java.util.concurrent.ScheduledThreadPoolExecutor$DelayedWorkQueue.take(ScheduledThreadPoolExecutor.java:1088)&#10;        at java.util.concurrent.ScheduledThreadPoolExecutor$DelayedWorkQueue.take(ScheduledThreadPoolExecutor.java:809)&#10;        at java.util.concurrent.ThreadPoolExecutor.getTask(ThreadPoolExecutor.java:1074)&#10;        at java.util.concurrent.ThreadPoolExecutor.runWorker(ThreadPoolExecutor.java:1134)&#10;        at java.util.concurrent.ThreadPoolExecutor$Worker.run(ThreadPoolExecutor.java:624)&#10;        at java.lang.Thread.run(Thread.java:748)&#10;&quot;pool-218-thread-3&quot;  prio=5 tid=2676 in Object.wait()&#10;java.lang.Thread.State: WAITING (on object monitor)&#10;        at sun.misc.Unsafe.park(Native Method)&#10;        at java.util.concurrent.locks.LockSupport.park(LockSupport.java:175)&#10;        at java.util.concurrent.locks.AbstractQueuedSynchronizer$ConditionObject.await(AbstractQueuedSynchronizer.java:2039)&#10;        at java.util.concurrent.ArrayBlockingQueue.take(ArrayBlockingQueue.java:403)&#10;        at java.util.concurrent.ThreadPoolExecutor.getTask(ThreadPoolExecutor.java:1074)&#10;        at java.util.concurrent.ThreadPoolExecutor.runWorker(ThreadPoolExecutor.java:1134)&#10;        at java.util.concurrent.ThreadPoolExecutor$Worker.run(ThreadPoolExecutor.java:624)&#10;        at java.lang.Thread.run(Thread.java:748)&#10;&quot;pool-143-thread-1&quot;  prio=5 tid=1955 timed_waiting&#10;java.lang.Thread.State: TIMED_WAITING&#10;        at sun.misc.Unsafe.park(Native Method)&#10;        at java.util.concurrent.locks.LockSupport.parkNanos(LockSupport.java:215)&#10;        at java.util.concurrent.locks.AbstractQueuedSynchronizer$ConditionObject.awaitNanos(AbstractQueuedSynchronizer.java:2078)&#10;        at java.util.concurrent.ScheduledThreadPoolExecutor$DelayedWorkQueue.take(ScheduledThreadPoolExecutor.java:1093)&#10;        at java.util.concurrent.ScheduledThreadPoolExecutor$DelayedWorkQueue.take(ScheduledThreadPoolExecutor.java:809)&#10;        at java.util.concurrent.ThreadPoolExecutor.getTask(ThreadPoolExecutor.java:1074)&#10;        at java.util.concurrent.ThreadPoolExecutor.runWorker(ThreadPoolExecutor.java:1134)&#10;        at java.util.concurrent.ThreadPoolExecutor$Worker.run(ThreadPoolExecutor.java:624)&#10;        at java.lang.Thread.run(Thread.java:748)&#10;&quot;pool-208-thread-57&quot;  prio=5 tid=2668 in Object.wait()&#10;java.lang.Thread.State: WAITING (on object monitor)&#10;        at sun.misc.Unsafe.park(Native Method)&#10;        at java.util.concurrent.locks.LockSupport.park(LockSupport.java:175)&#10;        at java.util.concurrent.locks.AbstractQueuedSynchronizer$ConditionObject.await(AbstractQueuedSynchronizer.java:2039)&#10;        at java.util.concurrent.ArrayBlockingQueue.take(ArrayBlockingQueue.java:403)&#10;        at java.util.concurrent.ThreadPoolExecutor.getTask(ThreadPoolExecutor.java:1074)&#10;        at java.util.concurrent.ThreadPoolExecutor.runWorker(ThreadPoolExecutor.java:1134)&#10;        at java.util.concurrent.ThreadPoolExecutor$Worker.run(ThreadPoolExecutor.java:624)&#10;        at java.lang.Thread.run(Thread.java:748)&#10;&quot;pool-148-thread-15&quot;  prio=5 tid=2253 in Object.wait()&#10;java.lang.Thread.State: WAITING (on object monitor)&#10;        at sun.misc.Unsafe.park(Native Method)&#10;        at java.util.concurrent.locks.LockSupport.park(LockSupport.java:175)&#10;        at java.util.concurrent.locks.AbstractQueuedSynchronizer$ConditionObject.await(AbstractQueuedSynchronizer.java:2039)&#10;        at java.util.concurrent.ArrayBlockingQueue.take(ArrayBlockingQueue.java:403)&#10;        at java.util.concurrent.ThreadPoolExecutor.getTask(ThreadPoolExecutor.java:1074)&#10;        at java.util.concurrent.ThreadPoolExecutor.runWorker(ThreadPoolExecutor.java:1134)&#10;        at java.util.concurrent.ThreadPoolExecutor$Worker.run(ThreadPoolExecutor.java:624)&#10;        at java.lang.Thread.run(Thread.java:748)&#10;&quot;Datanode ReportManager Thread - 2&quot; daemon prio=5 tid=308 in Object.wait()&#10;java.lang.Thread.State: WAITING (on object monitor)&#10;        at sun.misc.Unsafe.park(Native Method)&#10;        at java.util.concurrent.locks.LockSupport.park(LockSupport.java:175)&#10;        at java.util.concurrent.locks.AbstractQueuedSynchronizer$ConditionObject.await(AbstractQueuedSynchronizer.java:2039)&#10;        at java.util.concurrent.ScheduledThreadPoolExecutor$DelayedWorkQueue.take(ScheduledThreadPoolExecutor.java:1088)&#10;        at java.util.concurrent.ScheduledThreadPoolExecutor$DelayedWorkQueue.take(ScheduledThreadPoolExecutor.java:809)&#10;        at java.util.concurrent.ThreadPoolExecutor.getTask(ThreadPoolExecutor.java:1074)&#10;        at java.util.concurrent.ThreadPoolExecutor.runWorker(ThreadPoolExecutor.java:1134)&#10;        at java.util.concurrent.ThreadPoolExecutor$Worker.run(ThreadPoolExecutor.java:624)&#10;        at java.lang.Thread.run(Thread.java:748)&#10;&quot;59f802cb-c907-44a0-9069-e10bb38eff5d@group-185A7D32E5E0-SegmentedRaftLogWorker&quot;  prio=5 tid=3087 timed_waiting&#10;java.lang.Thread.State: TIMED_WAITING&#10;        at sun.misc.Unsafe.park(Native Method)&#10;        at java.util.concurrent.locks.LockSupport.parkNanos(LockSupport.java:215)&#10;        at java.util.concurrent.locks.AbstractQueuedSynchronizer$ConditionObject.awaitNanos(AbstractQueuedSynchronizer.java:2078)&#10;        at org.apache.ratis.util.DataBlockingQueue.poll(DataBlockingQueue.java:137)&#10;        at org.apache.ratis.server.raftlog.segmented.SegmentedRaftLogWorker.run(SegmentedRaftLogWorker.java:282)&#10;        at java.lang.Thread.run(Thread.java:748)&#10;&quot;pool-178-thread-54&quot;  prio=5 tid=2479 in Object.wait()&#10;java.lang.Thread.State: WAITING (on object monitor)&#10;        at sun.misc.Unsafe.park(Native Method)&#10;        at java.util.concurrent.locks.LockSupport.park(LockSupport.java:175)&#10;        at java.util.concurrent.locks.AbstractQueuedSynchronizer$ConditionObject.await(AbstractQueuedSynchronizer.java:2039)&#10;        at java.util.concurrent.ArrayBlockingQueue.take(ArrayBlockingQueue.java:403)&#10;        at java.util.concurrent.ThreadPoolExecutor.getTask(ThreadPoolExecutor.java:1074)&#10;        at java.util.concurrent.ThreadPoolExecutor.runWorker(ThreadPoolExecutor.java:1134)&#10;        at java.util.concurrent.ThreadPoolExecutor$Worker.run(ThreadPoolExecutor.java:624)&#10;        at java.lang.Thread.run(Thread.java:748)&#10;&quot;pool-176-thread-1&quot; daemon prio=5 tid=2054 timed_waiting&#10;java.lang.Thread.State: TIMED_WAITING&#10;        at sun.misc.Unsafe.park(Native Method)&#10;        at java.util.concurrent.locks.LockSupport.parkNanos(LockSupport.java:215)&#10;        at java.util.concurrent.locks.AbstractQueuedSynchronizer$ConditionObject.awaitNanos(AbstractQueuedSynchronizer.java:2078)&#10;        at java.util.concurrent.ScheduledThreadPoolExecutor$DelayedWorkQueue.take(ScheduledThreadPoolExecutor.java:1093)&#10;        at java.util.concurrent.ScheduledThreadPoolExecutor$DelayedWorkQueue.take(ScheduledThreadPoolExecutor.java:809)&#10;        at java.util.concurrent.ThreadPoolExecutor.getTask(ThreadPoolExecutor.java:1074)&#10;        at java.util.concurrent.ThreadPoolExecutor.runWorker(ThreadPoolExecutor.java:1134)&#10;        at java.util.concurrent.ThreadPoolExecutor$Worker.run(ThreadPoolExecutor.java:624)&#10;        at java.lang.Thread.run(Thread.java:748)&#10;&quot;pool-218-thread-35&quot;  prio=5 tid=2708 in Object.wait()&#10;java.lang.Thread.State: WAITING (on object monitor)&#10;        at sun.misc.Unsafe.park(Native Method)&#10;        at java.util.concurrent.locks.LockSupport.park(LockSupport.java:175)&#10;        at java.util.concurrent.locks.AbstractQueuedSynchronizer$ConditionObject.await(AbstractQueuedSynchronizer.java:2039)&#10;        at java.util.concurrent.ArrayBlockingQueue.take(ArrayBlockingQueue.java:403)&#10;        at java.util.concurrent.ThreadPoolExecutor.getTask(ThreadPoolExecutor.java:1074)&#10;        at java.util.concurrent.ThreadPoolExecutor.runWorker(ThreadPoolExecutor.java:1134)&#10;        at java.util.concurrent.ThreadPoolExecutor$Worker.run(ThreadPoolExecutor.java:624)&#10;        at java.lang.Thread.run(Thread.java:748)&#10;&quot;pool-202-thread-1&quot;  prio=5 tid=2110 timed_waiting&#10;java.lang.Thread.State: TIMED_WAITING&#10;        at sun.misc.Unsafe.park(Native Method)&#10;        at java.util.concurrent.locks.LockSupport.parkNanos(LockSupport.java:215)&#10;        at java.util.concurrent.locks.AbstractQueuedSynchronizer$ConditionObject.awaitNanos(AbstractQueuedSynchronizer.java:2078)&#10;        at java.util.concurrent.ScheduledThreadPoolExecutor$DelayedWorkQueue.take(ScheduledThreadPoolExecutor.java:1093)&#10;        at java.util.concurrent.ScheduledThreadPoolExecutor$DelayedWorkQueue.take(ScheduledThreadPoolExecutor.java:809)&#10;        at java.util.concurrent.ThreadPoolExecutor.getTask(ThreadPoolExecutor.java:1074)&#10;        at java.util.concurrent.ThreadPoolExecutor.runWorker(ThreadPoolExecutor.java:1134)&#10;        at java.util.concurrent.ThreadPoolExecutor$Worker.run(ThreadPoolExecutor.java:624)&#10;        at java.lang.Thread.run(Thread.java:748)&#10;&quot;IPC Server handler 7 on 42444&quot; daemon prio=5 tid=1899 timed_waiting&#10;java.lang.Thread.State: TIMED_WAITING&#10;        at sun.misc.Unsafe.park(Native Method)&#10;        at java.util.concurrent.locks.LockSupport.parkNanos(LockSupport.java:215)&#10;        at java.util.concurrent.locks.AbstractQueuedSynchronizer$ConditionObject.awaitNanos(AbstractQueuedSynchronizer.java:2078)&#10;        at java.util.concurrent.LinkedBlockingQueue.poll(LinkedBlockingQueue.java:467)&#10;        at org.apache.hadoop.ipc.CallQueueManager.take(CallQueueManager.java:288)&#10;        at org.apache.hadoop.ipc.Server$Handler.run(Server.java:2668)&#10;&quot;pool-228-thread-18&quot;  prio=5 tid=2753 in Object.wait()&#10;java.lang.Thread.State: WAITING (on object monitor)&#10;        at sun.misc.Unsafe.park(Native Method)&#10;        at java.util.concurrent.locks.LockSupport.park(LockSupport.java:175)&#10;        at java.util.concurrent.locks.AbstractQueuedSynchronizer$ConditionObject.await(AbstractQueuedSynchronizer.java:2039)&#10;        at java.util.concurrent.ArrayBlockingQueue.take(ArrayBlockingQueue.java:403)&#10;        at java.util.concurrent.ThreadPoolExecutor.getTask(ThreadPoolExecutor.java:1074)&#10;        at java.util.concurrent.ThreadPoolExecutor.runWorker(ThreadPoolExecutor.java:1134)&#10;        at java.util.concurrent.ThreadPoolExecutor$Worker.run(ThreadPoolExecutor.java:624)&#10;        at java.lang.Thread.run(Thread.java:748)&#10;&quot;pool-198-thread-47&quot;  prio=5 tid=2596 in Object.wait()&#10;java.lang.Thread.State: WAITING (on object monitor)&#10;        at sun.misc.Unsafe.park(Native Method)&#10;        at java.util.concurrent.locks.LockSupport.park(LockSupport.java:175)&#10;        at java.util.concurrent.locks.AbstractQueuedSynchronizer$ConditionObject.await(AbstractQueuedSynchronizer.java:2039)&#10;        at java.util.concurrent.ArrayBlockingQueue.take(ArrayBlockingQueue.java:403)&#10;        at java.util.concurrent.ThreadPoolExecutor.getTask(ThreadPoolExecutor.java:1074)&#10;        at java.util.concurrent.ThreadPoolExecutor.runWorker(ThreadPoolExecutor.java:1134)&#10;        at java.util.concurrent.ThreadPoolExecutor$Worker.run(ThreadPoolExecutor.java:624)&#10;        at java.lang.Thread.run(Thread.java:748)&#10;&quot;qtp254416915-2140&quot; daemon prio=5 tid=2140 timed_waiting&#10;java.lang.Thread.State: TIMED_WAITING&#10;        at sun.misc.Unsafe.park(Native Method)&#10;        at java.util.concurrent.locks.LockSupport.parkNanos(LockSupport.java:215)&#10;        at java.util.concurrent.locks.AbstractQueuedSynchronizer$ConditionObject.awaitNanos(AbstractQueuedSynchronizer.java:2078)&#10;        at org.eclipse.jetty.util.BlockingArrayQueue.poll(BlockingArrayQueue.java:392)&#10;        at org.eclipse.jetty.util.thread.QueuedThreadPool.idleJobPoll(QueuedThreadPool.java:563)&#10;        at org.eclipse.jetty.util.thread.QueuedThreadPool.access$800(QueuedThreadPool.java:48)&#10;        at org.eclipse.jetty.util.thread.QueuedThreadPool$2.run(QueuedThreadPool.java:626)&#10;        at java.lang.Thread.run(Thread.java:748)&#10;&quot;refreshUsed-/workdir/hadoop-ozone/integration-test/target/test-dir/MiniOzoneClusterImpl-6b3e2517-75a7-4dd9-8054-0b12e404e591/datanode-0/data/containers&quot; daemon prio=5 tid=1970 timed_waiting&#10;java.lang.Thread.State: TIMED_WAITING&#10;        at java.lang.Thread.sleep(Native Method)&#10;        at org.apache.hadoop.fs.CachingGetSpaceUsed$RefreshThread.run(CachingGetSpaceUsed.java:179)&#10;        at java.lang.Thread.run(Thread.java:748)&#10;&quot;pool-148-thread-21&quot;  prio=5 tid=2259 in Object.wait()&#10;java.lang.Thread.State: WAITING (on object monitor)&#10;        at sun.misc.Unsafe.park(Native Method)&#10;        at java.util.concurrent.locks.LockSupport.park(LockSupport.java:175)&#10;        at java.util.concurrent.locks.AbstractQueuedSynchronizer$ConditionObject.await(AbstractQueuedSynchronizer.java:2039)&#10;        at java.util.concurrent.ArrayBlockingQueue.take(ArrayBlockingQueue.java:403)&#10;        at java.util.concurrent.ThreadPoolExecutor.getTask(ThreadPoolExecutor.java:1074)&#10;        at java.util.concurrent.ThreadPoolExecutor.runWorker(ThreadPoolExecutor.java:1134)&#10;        at java.util.concurrent.ThreadPoolExecutor$Worker.run(ThreadPoolExecutor.java:624)&#10;        at java.lang.Thread.run(Thread.java:748)&#10;&quot;java.util.concurrent.ThreadPoolExecutor$Worker@7a75f2e6[State = -1, empty queue]&quot; daemon prio=5 tid=3198 runnable&#10;java.lang.Thread.State: RUNNABLE&#10;        at java.util.concurrent.ScheduledThreadPoolExecutor$DelayedWorkQueue.poll(ScheduledThreadPoolExecutor.java:809)&#10;        at java.util.concurrent.ThreadPoolExecutor.getTask(ThreadPoolExecutor.java:1073)&#10;        at java.util.concurrent.ThreadPoolExecutor.runWorker(ThreadPoolExecutor.java:1134)&#10;        at java.util.concurrent.ThreadPoolExecutor$Worker.run(ThreadPoolExecutor.java:624)&#10;        at java.lang.Thread.run(Thread.java:748)&#10;&quot;pool-188-thread-13&quot;  prio=5 tid=2500 in Object.wait()&#10;java.lang.Thread.State: WAITING (on object monitor)&#10;        at sun.misc.Unsafe.park(Native Method)&#10;        at java.util.concurrent.locks.LockSupport.park(LockSupport.java:175)&#10;        at java.util.concurrent.locks.AbstractQueuedSynchronizer$ConditionObject.await(AbstractQueuedSynchronizer.java:2039)&#10;        at java.util.concurrent.ArrayBlockingQueue.take(ArrayBlockingQueue.java:403)&#10;        at java.util.concurrent.ThreadPoolExecutor.getTask(ThreadPoolExecutor.java:1074)&#10;        at java.util.concurrent.ThreadPoolExecutor.runWorker(ThreadPoolExecutor.java:1134)&#10;        at java.util.concurrent.ThreadPoolExecutor$Worker.run(ThreadPoolExecutor.java:624)&#10;        at java.lang.Thread.run(Thread.java:748)&#10;&quot;pool-168-thread-31&quot;  prio=5 tid=2394 in Object.wait()&#10;java.lang.Thread.State: WAITING (on object monitor)&#10;        at sun.misc.Unsafe.park(Native Method)&#10;        at java.util.concurrent.locks.LockSupport.park(LockSupport.java:175)&#10;        at java.util.concurrent.locks.AbstractQueuedSynchronizer$ConditionObject.await(AbstractQueuedSynchronizer.java:2039)&#10;        at java.util.concurrent.ArrayBlockingQueue.take(ArrayBlockingQueue.java:403)&#10;        at java.util.concurrent.ThreadPoolExecutor.getTask(ThreadPoolExecutor.java:1074)&#10;        at java.util.concurrent.ThreadPoolExecutor.runWorker(ThreadPoolExecutor.java:1134)&#10;        at java.util.concurrent.ThreadPoolExecutor$Worker.run(ThreadPoolExecutor.java:624)&#10;        at java.lang.Thread.run(Thread.java:748)&#10;&quot;Datanode ReportManager Thread - 2&quot; daemon prio=5 tid=2206 in Object.wait()&#10;java.lang.Thread.State: WAITING (on object monitor)&#10;        at sun.misc.Unsafe.park(Native Method)&#10;        at java.util.concurrent.locks.LockSupport.park(LockSupport.java:175)&#10;        at java.util.concurrent.locks.AbstractQueuedSynchronizer$ConditionObject.await(AbstractQueuedSynchronizer.java:2039)&#10;        at java.util.concurrent.ScheduledThreadPoolExecutor$DelayedWorkQueue.take(ScheduledThreadPoolExecutor.java:1088)&#10;        at java.util.concurrent.ScheduledThreadPoolExecutor$DelayedWorkQueue.take(ScheduledThreadPoolExecutor.java:809)&#10;        at java.util.concurrent.ThreadPoolExecutor.getTask(ThreadPoolExecutor.java:1074)&#10;        at java.util.concurrent.ThreadPoolExecutor.runWorker(ThreadPoolExecutor.java:1134)&#10;        at java.util.concurrent.ThreadPoolExecutor$Worker.run(ThreadPoolExecutor.java:624)&#10;        at java.lang.Thread.run(Thread.java:748)&#10;&quot;grpc-default-executor-3&quot; daemon prio=5 tid=1177 timed_waiting&#10;java.lang.Thread.State: TIMED_WAITING&#10;        at sun.misc.Unsafe.park(Native Method)&#10;        at java.util.concurrent.locks.LockSupport.parkNanos(LockSupport.java:215)&#10;        at java.util.concurrent.SynchronousQueue$TransferStack.awaitFulfill(SynchronousQueue.java:460)&#10;        at java.util.concurrent.SynchronousQueue$TransferStack.transfer(SynchronousQueue.java:362)&#10;        at java.util.concurrent.SynchronousQueue.poll(SynchronousQueue.java:941)&#10;        at java.util.concurrent.ThreadPoolExecutor.getTask(ThreadPoolExecutor.java:1073)&#10;        at java.util.concurrent.ThreadPoolExecutor.runWorker(ThreadPoolExecutor.java:1134)&#10;        at java.util.concurrent.ThreadPoolExecutor$Worker.run(ThreadPoolExecutor.java:624)&#10;        at java.lang.Thread.run(Thread.java:748)&#10;&quot;qtp141388791-2226&quot; daemon prio=5 tid=2226 timed_waiting&#10;java.lang.Thread.State: TIMED_WAITING&#10;        at sun.misc.Unsafe.park(Native Method)&#10;        at java.util.concurrent.locks.LockSupport.parkNanos(LockSupport.java:215)&#10;        at java.util.concurrent.locks.AbstractQueuedSynchronizer$ConditionObject.awaitNanos(AbstractQueuedSynchronizer.java:2078)&#10;        at org.eclipse.jetty.util.BlockingArrayQueue.poll(BlockingArrayQueue.java:392)&#10;        at org.eclipse.jetty.util.thread.QueuedThreadPool.idleJobPoll(QueuedThreadPool.java:563)&#10;        at org.eclipse.jetty.util.thread.QueuedThreadPool.access$800(QueuedThreadPool.java:48)&#10;        at org.eclipse.jetty.util.thread.QueuedThreadPool$2.run(QueuedThreadPool.java:626)&#10;        at java.lang.Thread.run(Thread.java:748)&#10;&quot;pool-188-thread-54&quot;  prio=5 tid=2541 in Object.wait()&#10;java.lang.Thread.State: WAITING (on object monitor)&#10;        at sun.misc.Unsafe.park(Native Method)&#10;        at java.util.concurrent.locks.LockSupport.park(LockSupport.java:175)&#10;        at java.util.concurrent.locks.AbstractQueuedSynchronizer$ConditionObject.await(AbstractQueuedSynchronizer.java:2039)&#10;        at java.util.concurrent.ArrayBlockingQueue.take(ArrayBlockingQueue.java:403)&#10;        at java.util.concurrent.ThreadPoolExecutor.getTask(ThreadPoolExecutor.java:1074)&#10;        at java.util.concurrent.ThreadPoolExecutor.runWorker(ThreadPoolExecutor.java:1134)&#10;        at java.util.concurrent.ThreadPoolExecutor$Worker.run(ThreadPoolExecutor.java:624)&#10;        at java.lang.Thread.run(Thread.java:748)&#10;&quot;org.eclipse.jetty.server.session.HashSessionManager@456bcb74Timer&quot; daemon prio=5 tid=2119 timed_waiting&#10;java.lang.Thread.State: TIMED_WAITING&#10;        at sun.misc.Unsafe.park(Native Method)&#10;        at java.util.concurrent.locks.LockSupport.parkNanos(LockSupport.java:215)&#10;        at java.util.concurrent.locks.AbstractQueuedSynchronizer$ConditionObject.awaitNanos(AbstractQueuedSynchronizer.java:2078)&#10;        at java.util.concurrent.ScheduledThreadPoolExecutor$DelayedWorkQueue.take(ScheduledThreadPoolExecutor.java:1093)&#10;        at java.util.concurrent.ScheduledThreadPoolExecutor$DelayedWorkQueue.take(ScheduledThreadPoolExecutor.java:809)&#10;        at java.util.concurrent.ThreadPoolExecutor.getTask(ThreadPoolExecutor.java:1074)&#10;        at java.util.concurrent.ThreadPoolExecutor.runWorker(ThreadPoolExecutor.java:1134)&#10;        at java.util.concurrent.ThreadPoolExecutor$Worker.run(ThreadPoolExecutor.java:624)&#10;        at java.lang.Thread.run(Thread.java:748)&#10;&quot;pool-228-thread-60&quot;  prio=5 tid=2795 in Object.wait()&#10;java.lang.Thread.State: WAITING (on object monitor)&#10;        at sun.misc.Unsafe.park(Native Method)&#10;        at java.util.concurrent.locks.LockSupport.park(LockSupport.java:175)&#10;        at java.util.concurrent.locks.AbstractQueuedSynchronizer$ConditionObject.await(AbstractQueuedSynchronizer.java:2039)&#10;        at java.util.concurrent.ArrayBlockingQueue.take(ArrayBlockingQueue.java:403)&#10;        at java.util.concurrent.ThreadPoolExecutor.getTask(ThreadPoolExecutor.java:1074)&#10;        at java.util.concurrent.ThreadPoolExecutor.runWorker(ThreadPoolExecutor.java:1134)&#10;        at java.util.concurrent.ThreadPoolExecutor$Worker.run(ThreadPoolExecutor.java:624)&#10;        at java.lang.Thread.run(Thread.java:748)&#10;&quot;pool-148-thread-30&quot;  prio=5 tid=2268 in Object.wait()&#10;java.lang.Thread.State: WAITING (on object monitor)&#10;        at sun.misc.Unsafe.park(Native Method)&#10;        at java.util.concurrent.locks.LockSupport.park(LockSupport.java:175)&#10;        at java.util.concurrent.locks.AbstractQueuedSynchronizer$ConditionObject.await(AbstractQueuedSynchronizer.java:2039)&#10;        at java.util.concurrent.ArrayBlockingQueue.take(ArrayBlockingQueue.java:403)&#10;        at java.util.concurrent.ThreadPoolExecutor.getTask(ThreadPoolExecutor.java:1074)&#10;        at java.util.concurrent.ThreadPoolExecutor.runWorker(ThreadPoolExecutor.java:1134)&#10;        at java.util.concurrent.ThreadPoolExecutor$Worker.run(ThreadPoolExecutor.java:624)&#10;        at java.lang.Thread.run(Thread.java:748)&#10;&quot;Datanode State Machine Thread - 0&quot; daemon prio=5 tid=2102 timed_waiting&#10;java.lang.Thread.State: TIMED_WAITING&#10;        at sun.misc.Unsafe.park(Native Method)&#10;        at java.util.concurrent.locks.LockSupport.parkNanos(LockSupport.java:215)&#10;        at java.util.concurrent.SynchronousQueue$TransferStack.awaitFulfill(SynchronousQueue.java:460)&#10;        at java.util.concurrent.SynchronousQueue$TransferStack.transfer(SynchronousQueue.java:362)&#10;        at java.util.concurrent.SynchronousQueue.poll(SynchronousQueue.java:941)&#10;        at java.util.concurrent.ThreadPoolExecutor.getTask(ThreadPoolExecutor.java:1073)&#10;        at java.util.concurrent.ThreadPoolExecutor.runWorker(ThreadPoolExecutor.java:1134)&#10;        at java.util.concurrent.ThreadPoolExecutor$Worker.run(ThreadPoolExecutor.java:624)&#10;        at java.lang.Thread.run(Thread.java:748)&#10;&quot;pool-208-thread-51&quot;  prio=5 tid=2662 in Object.wait()&#10;java.lang.Thread.State: WAITING (on object monitor)&#10;        at sun.misc.Unsafe.park(Native Method)&#10;        at java.util.concurrent.locks.LockSupport.park(LockSupport.java:175)&#10;        at java.util.concurrent.locks.AbstractQueuedSynchronizer$ConditionObject.await(AbstractQueuedSynchronizer.java:2039)&#10;        at java.util.concurrent.ArrayBlockingQueue.take(ArrayBlockingQueue.java:403)&#10;        at java.util.concurrent.ThreadPoolExecutor.getTask(ThreadPoolExecutor.java:1074)&#10;        at java.util.concurrent.ThreadPoolExecutor.runWorker(ThreadPoolExecutor.java:1134)&#10;        at java.util.concurrent.ThreadPoolExecutor$Worker.run(ThreadPoolExecutor.java:624)&#10;        at java.lang.Thread.run(Thread.java:748)&#10;&quot;pool-218-thread-25&quot;  prio=5 tid=2698 in Object.wait()&#10;java.lang.Thread.State: WAITING (on object monitor)&#10;        at sun.misc.Unsafe.park(Native Method)&#10;        at java.util.concurrent.locks.LockSupport.park(LockSupport.java:175)&#10;        at java.util.concurrent.locks.AbstractQueuedSynchronizer$ConditionObject.await(AbstractQueuedSynchronizer.java:2039)&#10;        at java.util.concurrent.ArrayBlockingQueue.take(ArrayBlockingQueue.java:403)&#10;        at java.util.concurrent.ThreadPoolExecutor.getTask(ThreadPoolExecutor.java:1074)&#10;        at java.util.concurrent.ThreadPoolExecutor.runWorker(ThreadPoolExecutor.java:1134)&#10;        at java.util.concurrent.ThreadPoolExecutor$Worker.run(ThreadPoolExecutor.java:624)&#10;        at java.lang.Thread.run(Thread.java:748)&#10;&quot;pool-178-thread-24&quot;  prio=5 tid=2449 in Object.wait()&#10;java.lang.Thread.State: WAITING (on object monitor)&#10;        at sun.misc.Unsafe.park(Native Method)&#10;        at java.util.concurrent.locks.LockSupport.park(LockSupport.java:175)&#10;        at java.util.concurrent.locks.AbstractQueuedSynchronizer$ConditionObject.await(AbstractQueuedSynchronizer.java:2039)&#10;        at java.util.concurrent.ArrayBlockingQueue.take(ArrayBlockingQueue.java:403)&#10;        at java.util.concurrent.ThreadPoolExecutor.getTask(ThreadPoolExecutor.java:1074)&#10;        at java.util.concurrent.ThreadPoolExecutor.runWorker(ThreadPoolExecutor.java:1134)&#10;        at java.util.concurrent.ThreadPoolExecutor$Worker.run(ThreadPoolExecutor.java:624)&#10;        at java.lang.Thread.run(Thread.java:748)&#10;&quot;pool-168-thread-2&quot;  prio=5 tid=2365 in Object.wait()&#10;java.lang.Thread.State: WAITING (on object monitor)&#10;        at sun.misc.Unsafe.park(Native Method)&#10;        at java.util.concurrent.locks.LockSupport.park(LockSupport.java:175)&#10;        at java.util.concurrent.locks.AbstractQueuedSynchronizer$ConditionObject.await(AbstractQueuedSynchronizer.java:2039)&#10;        at java.util.concurrent.ArrayBlockingQueue.take(ArrayBlockingQueue.java:403)&#10;        at java.util.concurrent.ThreadPoolExecutor.getTask(ThreadPoolExecutor.java:1074)&#10;        at java.util.concurrent.ThreadPoolExecutor.runWorker(ThreadPoolExecutor.java:1134)&#10;        at java.util.concurrent.ThreadPoolExecutor$Worker.run(ThreadPoolExecutor.java:624)&#10;        at java.lang.Thread.run(Thread.java:748)&#10;&quot;PartialTableCache Cleanup Thread - 0&quot; daemon prio=5 tid=3041 in Object.wait()&#10;java.lang.Thread.State: WAITING (on object monitor)&#10;        at sun.misc.Unsafe.park(Native Method)&#10;        at java.util.concurrent.locks.LockSupport.park(LockSupport.java:175)&#10;        at java.util.concurrent.locks.AbstractQueuedSynchronizer$ConditionObject.await(AbstractQueuedSynchronizer.java:2039)&#10;        at java.util.concurrent.LinkedBlockingQueue.take(LinkedBlockingQueue.java:442)&#10;        at java.util.concurrent.ThreadPoolExecutor.getTask(ThreadPoolExecutor.java:1074)&#10;        at java.util.concurrent.ThreadPoolExecutor.runWorker(ThreadPoolExecutor.java:1134)&#10;        at java.util.concurrent.ThreadPoolExecutor$Worker.run(ThreadPoolExecutor.java:624)&#10;        at java.lang.Thread.run(Thread.java:748)&#10;&quot;pool-168-thread-10&quot;  prio=5 tid=2373 in Object.wait()&#10;java.lang.Thread.State: WAITING (on object monitor)&#10;        at sun.misc.Unsafe.park(Native Method)&#10;        at java.util.concurrent.locks.LockSupport.park(LockSupport.java:175)&#10;        at java.util.concurrent.locks.AbstractQueuedSynchronizer$ConditionObject.await(AbstractQueuedSynchronizer.java:2039)&#10;        at java.util.concurrent.ArrayBlockingQueue.take(ArrayBlockingQueue.java:403)&#10;        at java.util.concurrent.ThreadPoolExecutor.getTask(ThreadPoolExecutor.java:1074)&#10;        at java.util.concurrent.ThreadPoolExecutor.runWorker(ThreadPoolExecutor.java:1134)&#10;        at java.util.concurrent.ThreadPoolExecutor$Worker.run(ThreadPoolExecutor.java:624)&#10;        at java.lang.Thread.run(Thread.java:748)&#10;&quot;qtp1090160486-1912&quot; daemon prio=5 tid=1912 runnable&#10;java.lang.Thread.State: RUNNABLE&#10;        at sun.nio.ch.EPollArrayWrapper.epollWait(Native Method)&#10;        at sun.nio.ch.EPollArrayWrapper.poll(EPollArrayWrapper.java:269)&#10;        at sun.nio.ch.EPollSelectorImpl.doSelect(EPollSelectorImpl.java:93)&#10;        at sun.nio.ch.SelectorImpl.lockAndDoSelect(SelectorImpl.java:86)&#10;        at sun.nio.ch.SelectorImpl.select(SelectorImpl.java:97)&#10;        at sun.nio.ch.SelectorImpl.select(SelectorImpl.java:101)&#10;        at org.eclipse.jetty.io.ManagedSelector$SelectorProducer.select(ManagedSelector.java:243)&#10;        at org.eclipse.jetty.io.ManagedSelector$SelectorProducer.produce(ManagedSelector.java:191)&#10;        at org.eclipse.jetty.util.thread.strategy.ExecuteProduceConsume.executeProduceConsume(ExecuteProduceConsume.java:249)&#10;        at org.eclipse.jetty.util.thread.strategy.ExecuteProduceConsume.produceConsume(ExecuteProduceConsume.java:148)&#10;        at org.eclipse.jetty.util.thread.strategy.ExecuteProduceConsume.execute(ExecuteProduceConsume.java:100)&#10;        at org.eclipse.jetty.io.ManagedSelector.run(ManagedSelector.java:147)&#10;        at org.eclipse.jetty.util.thread.QueuedThreadPool.runJob(QueuedThreadPool.java:671)&#10;        at org.eclipse.jetty.util.thread.QueuedThreadPool$2.run(QueuedThreadPool.java:589)&#10;        at java.lang.Thread.run(Thread.java:748)&#10;&quot;pool-188-thread-36&quot;  prio=5 tid=2523 in Object.wait()&#10;java.lang.Thread.State: WAITING (on object monitor)&#10;        at sun.misc.Unsafe.park(Native Method)&#10;        at java.util.concurrent.locks.LockSupport.park(LockSupport.java:175)&#10;        at java.util.concurrent.locks.AbstractQueuedSynchronizer$ConditionObject.await(AbstractQueuedSynchronizer.java:2039)&#10;        at java.util.concurrent.ArrayBlockingQueue.take(ArrayBlockingQueue.java:403)&#10;        at java.util.concurrent.ThreadPoolExecutor.getTask(ThreadPoolExecutor.java:1074)&#10;        at java.util.concurrent.ThreadPoolExecutor.runWorker(ThreadPoolExecutor.java:1134)&#10;        at java.util.concurrent.ThreadPoolExecutor$Worker.run(ThreadPoolExecutor.java:624)&#10;        at java.lang.Thread.run(Thread.java:748)&#10;&quot;org.eclipse.jetty.server.session.HashSessionManager@5dc769f9Timer&quot; daemon prio=5 tid=2202 timed_waiting&#10;java.lang.Thread.State: TIMED_WAITING&#10;        at sun.misc.Unsafe.park(Native Method)&#10;        at java.util.concurrent.locks.LockSupport.parkNanos(LockSupport.java:215)&#10;        at java.util.concurrent.locks.AbstractQueuedSynchronizer$ConditionObject.awaitNanos(AbstractQueuedSynchronizer.java:2078)&#10;        at java.util.concurrent.ScheduledThreadPoolExecutor$DelayedWorkQueue.take(ScheduledThreadPoolExecutor.java:1093)&#10;        at java.util.concurrent.ScheduledThreadPoolExecutor$DelayedWorkQueue.take(ScheduledThreadPoolExecutor.java:809)&#10;        at java.util.concurrent.ThreadPoolExecutor.getTask(ThreadPoolExecutor.java:1074)&#10;        at java.util.concurrent.ThreadPoolExecutor.runWorker(ThreadPoolExecutor.java:1134)&#10;        at java.util.concurrent.ThreadPoolExecutor$Worker.run(ThreadPoolExecutor.java:624)&#10;        at java.lang.Thread.run(Thread.java:748)&#10;&quot;pool-208-thread-39&quot;  prio=5 tid=2650 in Object.wait()&#10;java.lang.Thread.State: WAITING (on object monitor)&#10;        at sun.misc.Unsafe.park(Native Method)&#10;        at java.util.concurrent.locks.LockSupport.park(LockSupport.java:175)&#10;        at java.util.concurrent.locks.AbstractQueuedSynchronizer$ConditionObject.await(AbstractQueuedSynchronizer.java:2039)&#10;        at java.util.concurrent.ArrayBlockingQueue.take(ArrayBlockingQueue.java:403)&#10;        at java.util.concurrent.ThreadPoolExecutor.getTask(ThreadPoolExecutor.java:1074)&#10;        at java.util.concurrent.ThreadPoolExecutor.runWorker(ThreadPoolExecutor.java:1134)&#10;        at java.util.concurrent.ThreadPoolExecutor$Worker.run(ThreadPoolExecutor.java:624)&#10;        at java.lang.Thread.run(Thread.java:748)&#10;&quot;pool-178-thread-56&quot;  prio=5 tid=2481 in Object.wait()&#10;java.lang.Thread.State: WAITING (on object monitor)&#10;        at sun.misc.Unsafe.park(Native Method)&#10;        at java.util.concurrent.locks.LockSupport.park(LockSupport.java:175)&#10;        at java.util.concurrent.locks.AbstractQueuedSynchronizer$ConditionObject.await(AbstractQueuedSynchronizer.java:2039)&#10;        at java.util.concurrent.ArrayBlockingQueue.take(ArrayBlockingQueue.java:403)&#10;        at java.util.concurrent.ThreadPoolExecutor.getTask(ThreadPoolExecutor.java:1074)&#10;        at java.util.concurrent.ThreadPoolExecutor.runWorker(ThreadPoolExecutor.java:1134)&#10;        at java.util.concurrent.ThreadPoolExecutor$Worker.run(ThreadPoolExecutor.java:624)&#10;        at java.lang.Thread.run(Thread.java:748)&#10;&quot;pool-238-thread-29&quot;  prio=5 tid=2826 in Object.wait()&#10;java.lang.Thread.State: WAITING (on object monitor)&#10;        at sun.misc.Unsafe.park(Native Method)&#10;        at java.util.concurrent.locks.LockSupport.park(LockSupport.java:175)&#10;        at java.util.concurrent.locks.AbstractQueuedSynchronizer$ConditionObject.await(AbstractQueuedSynchronizer.java:2039)&#10;        at java.util.concurrent.ArrayBlockingQueue.take(ArrayBlockingQueue.java:403)&#10;        at java.util.concurrent.ThreadPoolExecutor.getTask(ThreadPoolExecutor.java:1074)&#10;        at java.util.concurrent.ThreadPoolExecutor.runWorker(ThreadPoolExecutor.java:1134)&#10;        at java.util.concurrent.ThreadPoolExecutor$Worker.run(ThreadPoolExecutor.java:624)&#10;        at java.lang.Thread.run(Thread.java:748)&#10;&quot;pool-158-thread-25&quot;  prio=5 tid=2326 in Object.wait()&#10;java.lang.Thread.State: WAITING (on object monitor)&#10;        at sun.misc.Unsafe.park(Native Method)&#10;        at java.util.concurrent.locks.LockSupport.park(LockSupport.java:175)&#10;        at java.util.concurrent.locks.AbstractQueuedSynchronizer$ConditionObject.await(AbstractQueuedSynchronizer.java:2039)&#10;        at java.util.concurrent.ArrayBlockingQueue.take(ArrayBlockingQueue.java:403)&#10;        at java.util.concurrent.ThreadPoolExecutor.getTask(ThreadPoolExecutor.java:1074)&#10;        at java.util.concurrent.ThreadPoolExecutor.runWorker(ThreadPoolExecutor.java:1134)&#10;        at java.util.concurrent.ThreadPoolExecutor$Worker.run(ThreadPoolExecutor.java:624)&#10;        at java.lang.Thread.run(Thread.java:748)&#10;&quot;IPC Server handler 12 on 43737&quot; daemon prio=5 tid=1884 timed_waiting&#10;java.lang.Thread.State: TIMED_WAITING&#10;        at sun.misc.Unsafe.park(Native Method)&#10;        at java.util.concurrent.locks.LockSupport.parkNanos(LockSupport.java:215)&#10;        at java.util.concurrent.locks.AbstractQueuedSynchronizer$ConditionObject.awaitNanos(AbstractQueuedSynchronizer.java:2078)&#10;        at java.util.concurrent.LinkedBlockingQueue.poll(LinkedBlockingQueue.java:467)&#10;        at org.apache.hadoop.ipc.CallQueueManager.take(CallQueueManager.java:288)&#10;        at org.apache.hadoop.ipc.Server$Handler.run(Server.java:2668)&#10;&quot;pool-188-thread-59&quot;  prio=5 tid=2546 in Object.wait()&#10;java.lang.Thread.State: WAITING (on object monitor)&#10;        at sun.misc.Unsafe.park(Native Method)&#10;        at java.util.concurrent.locks.LockSupport.park(LockSupport.java:175)&#10;        at java.util.concurrent.locks.AbstractQueuedSynchronizer$ConditionObject.await(AbstractQueuedSynchronizer.java:2039)&#10;        at java.util.concurrent.ArrayBlockingQueue.take(ArrayBlockingQueue.java:403)&#10;        at java.util.concurrent.ThreadPoolExecutor.getTask(ThreadPoolExecutor.java:1074)&#10;        at java.util.concurrent.ThreadPoolExecutor.runWorker(ThreadPoolExecutor.java:1134)&#10;        at java.util.concurrent.ThreadPoolExecutor$Worker.run(ThreadPoolExecutor.java:624)&#10;        at java.lang.Thread.run(Thread.java:748)&#10;&quot;pool-198-thread-49&quot;  prio=5 tid=2598 in Object.wait()&#10;java.lang.Thread.State: WAITING (on object monitor)&#10;        at sun.misc.Unsafe.park(Native Method)&#10;        at java.util.concurrent.locks.LockSupport.park(LockSupport.java:175)&#10;        at java.util.concurrent.locks.AbstractQueuedSynchronizer$ConditionObject.await(AbstractQueuedSynchronizer.java:2039)&#10;        at java.util.concurrent.ArrayBlockingQueue.take(ArrayBlockingQueue.java:403)&#10;        at java.util.concurrent.ThreadPoolExecutor.getTask(ThreadPoolExecutor.java:1074)&#10;        at java.util.concurrent.ThreadPoolExecutor.runWorker(ThreadPoolExecutor.java:1134)&#10;        at java.util.concurrent.ThreadPoolExecutor$Worker.run(ThreadPoolExecutor.java:624)&#10;        at java.lang.Thread.run(Thread.java:748)&#10;&quot;pool-198-thread-43&quot;  prio=5 tid=2592 in Object.wait()&#10;java.lang.Thread.State: WAITING (on object monitor)&#10;        at sun.misc.Unsafe.park(Native Method)&#10;        at java.util.concurrent.locks.LockSupport.park(LockSupport.java:175)&#10;        at java.util.concurrent.locks.AbstractQueuedSynchronizer$ConditionObject.await(AbstractQueuedSynchronizer.java:2039)&#10;        at java.util.concurrent.ArrayBlockingQueue.take(ArrayBlockingQueue.java:403)&#10;        at java.util.concurrent.ThreadPoolExecutor.getTask(ThreadPoolExecutor.java:1074)&#10;        at java.util.concurrent.ThreadPoolExecutor.runWorker(ThreadPoolExecutor.java:1134)&#10;        at java.util.concurrent.ThreadPoolExecutor$Worker.run(ThreadPoolExecutor.java:624)&#10;        at java.lang.Thread.run(Thread.java:748)&#10;&quot;pool-228-thread-30&quot;  prio=5 tid=2765 in Object.wait()&#10;java.lang.Thread.State: WAITING (on object monitor)&#10;        at sun.misc.Unsafe.park(Native Method)&#10;        at java.util.concurrent.locks.LockSupport.park(LockSupport.java:175)&#10;        at java.util.concurrent.locks.AbstractQueuedSynchronizer$ConditionObject.await(AbstractQueuedSynchronizer.java:2039)&#10;        at java.util.concurrent.ArrayBlockingQueue.take(ArrayBlockingQueue.java:403)&#10;        at java.util.concurrent.ThreadPoolExecutor.getTask(ThreadPoolExecutor.java:1074)&#10;        at java.util.concurrent.ThreadPoolExecutor.runWorker(ThreadPoolExecutor.java:1134)&#10;        at java.util.concurrent.ThreadPoolExecutor$Worker.run(ThreadPoolExecutor.java:624)&#10;        at java.lang.Thread.run(Thread.java:748)&#10;&quot;pool-218-thread-17&quot;  prio=5 tid=2690 in Object.wait()&#10;java.lang.Thread.State: WAITING (on object monitor)&#10;        at sun.misc.Unsafe.park(Native Method)&#10;        at java.util.concurrent.locks.LockSupport.park(LockSupport.java:175)&#10;        at java.util.concurrent.locks.AbstractQueuedSynchronizer$ConditionObject.await(AbstractQueuedSynchronizer.java:2039)&#10;        at java.util.concurrent.ArrayBlockingQueue.take(ArrayBlockingQueue.java:403)&#10;        at java.util.concurrent.ThreadPoolExecutor.getTask(ThreadPoolExecutor.java:1074)&#10;        at java.util.concurrent.ThreadPoolExecutor.runWorker(ThreadPoolExecutor.java:1134)&#10;        at java.util.concurrent.ThreadPoolExecutor$Worker.run(ThreadPoolExecutor.java:624)&#10;        at java.lang.Thread.run(Thread.java:748)&#10;&quot;pool-158-thread-37&quot;  prio=5 tid=2338 in Object.wait()&#10;java.lang.Thread.State: WAITING (on object monitor)&#10;        at sun.misc.Unsafe.park(Native Method)&#10;        at java.util.concurrent.locks.LockSupport.park(LockSupport.java:175)&#10;        at java.util.concurrent.locks.AbstractQueuedSynchronizer$ConditionObject.await(AbstractQueuedSynchronizer.java:2039)&#10;        at java.util.concurrent.ArrayBlockingQueue.take(ArrayBlockingQueue.java:403)&#10;        at java.util.concurrent.ThreadPoolExecutor.getTask(ThreadPoolExecutor.java:1074)&#10;        at java.util.concurrent.ThreadPoolExecutor.runWorker(ThreadPoolExecutor.java:1134)&#10;        at java.util.concurrent.ThreadPoolExecutor$Worker.run(ThreadPoolExecutor.java:624)&#10;        at java.lang.Thread.run(Thread.java:748)&#10;&quot;pool-218-thread-13&quot;  prio=5 tid=2686 in Object.wait()&#10;java.lang.Thread.State: WAITING (on object monitor)&#10;        at sun.misc.Unsafe.park(Native Method)&#10;        at java.util.concurrent.locks.LockSupport.park(LockSupport.java:175)&#10;        at java.util.concurrent.locks.AbstractQueuedSynchronizer$ConditionObject.await(AbstractQueuedSynchronizer.java:2039)&#10;        at java.util.concurrent.ArrayBlockingQueue.take(ArrayBlockingQueue.java:403)&#10;        at java.util.concurrent.ThreadPoolExecutor.getTask(ThreadPoolExecutor.java:1074)&#10;        at java.util.concurrent.ThreadPoolExecutor.runWorker(ThreadPoolExecutor.java:1134)&#10;        at java.util.concurrent.ThreadPoolExecutor$Worker.run(ThreadPoolExecutor.java:624)&#10;        at java.lang.Thread.run(Thread.java:748)&#10;&quot;pool-148-thread-42&quot;  prio=5 tid=2280 in Object.wait()&#10;java.lang.Thread.State: WAITING (on object monitor)&#10;        at sun.misc.Unsafe.park(Native Method)&#10;        at java.util.concurrent.locks.LockSupport.park(LockSupport.java:175)&#10;        at java.util.concurrent.locks.AbstractQueuedSynchronizer$ConditionObject.await(AbstractQueuedSynchronizer.java:2039)&#10;        at java.util.concurrent.ArrayBlockingQueue.take(ArrayBlockingQueue.java:403)&#10;        at java.util.concurrent.ThreadPoolExecutor.getTask(ThreadPoolExecutor.java:1074)&#10;        at java.util.concurrent.ThreadPoolExecutor.runWorker(ThreadPoolExecutor.java:1134)&#10;        at java.util.concurrent.ThreadPoolExecutor$Worker.run(ThreadPoolExecutor.java:624)&#10;        at java.lang.Thread.run(Thread.java:748)&#10;&quot;Socket Reader #1 for port 43737&quot;  prio=5 tid=1842 runnable&#10;java.lang.Thread.State: RUNNABLE&#10;        at sun.nio.ch.EPollArrayWrapper.epollWait(Native Method)&#10;        at sun.nio.ch.EPollArrayWrapper.poll(EPollArrayWrapper.java:269)&#10;        at sun.nio.ch.EPollSelectorImpl.doSelect(EPollSelectorImpl.java:93)&#10;        at sun.nio.ch.SelectorImpl.lockAndDoSelect(SelectorImpl.java:86)&#10;        at sun.nio.ch.SelectorImpl.select(SelectorImpl.java:97)&#10;        at sun.nio.ch.SelectorImpl.select(SelectorImpl.java:101)&#10;        at org.apache.hadoop.ipc.Server$Listener$Reader.doRunLoop(Server.java:1097)&#10;        at org.apache.hadoop.ipc.Server$Listener$Reader.run(Server.java:1076)&#10;&quot;BlockDeletingService#1&quot; daemon prio=5 tid=2673 in Object.wait()&#10;java.lang.Thread.State: WAITING (on object monitor)&#10;        at sun.misc.Unsafe.park(Native Method)&#10;        at java.util.concurrent.locks.LockSupport.park(LockSupport.java:175)&#10;        at java.util.concurrent.locks.AbstractQueuedSynchronizer$ConditionObject.await(AbstractQueuedSynchronizer.java:2039)&#10;        at java.util.concurrent.ScheduledThreadPoolExecutor$DelayedWorkQueue.take(ScheduledThreadPoolExecutor.java:1088)&#10;        at java.util.concurrent.ScheduledThreadPoolExecutor$DelayedWorkQueue.take(ScheduledThreadPoolExecutor.java:809)&#10;        at java.util.concurrent.ThreadPoolExecutor.getTask(ThreadPoolExecutor.java:1074)&#10;        at java.util.concurrent.ThreadPoolExecutor.runWorker(ThreadPoolExecutor.java:1134)&#10;        at java.util.concurrent.ThreadPoolExecutor$Worker.run(ThreadPoolExecutor.java:624)&#10;        at java.lang.Thread.run(Thread.java:748)&#10;&quot;pool-238-thread-9&quot;  prio=5 tid=2806 in Object.wait()&#10;java.lang.Thread.State: WAITING (on object monitor)&#10;        at sun.misc.Unsafe.park(Native Method)&#10;        at java.util.concurrent.locks.LockSupport.park(LockSupport.java:175)&#10;        at java.util.concurrent.locks.AbstractQueuedSynchronizer$ConditionObject.await(AbstractQueuedSynchronizer.java:2039)&#10;        at java.util.concurrent.ArrayBlockingQueue.take(ArrayBlockingQueue.java:403)&#10;        at java.util.concurrent.ThreadPoolExecutor.getTask(ThreadPoolExecutor.java:1074)&#10;        at java.util.concurrent.ThreadPoolExecutor.runWorker(ThreadPoolExecutor.java:1134)&#10;        at java.util.concurrent.ThreadPoolExecutor$Worker.run(ThreadPoolExecutor.java:624)&#10;        at java.lang.Thread.run(Thread.java:748)&#10;&quot;pool-228-thread-15&quot;  prio=5 tid=2750 in Object.wait()&#10;java.lang.Thread.State: WAITING (on object monitor)&#10;        at sun.misc.Unsafe.park(Native Method)&#10;        at java.util.concurrent.locks.LockSupport.park(LockSupport.java:175)&#10;        at java.util.concurrent.locks.AbstractQueuedSynchronizer$ConditionObject.await(AbstractQueuedSynchronizer.java:2039)&#10;        at java.util.concurrent.ArrayBlockingQueue.take(ArrayBlockingQueue.java:403)&#10;        at java.util.concurrent.ThreadPoolExecutor.getTask(ThreadPoolExecutor.java:1074)&#10;        at java.util.concurrent.ThreadPoolExecutor.runWorker(ThreadPoolExecutor.java:1134)&#10;        at java.util.concurrent.ThreadPoolExecutor$Worker.run(ThreadPoolExecutor.java:624)&#10;        at java.lang.Thread.run(Thread.java:748)&#10;&quot;org.eclipse.jetty.server.session.HashSessionManager@40de8f93Timer&quot; daemon prio=5 tid=2013 timed_waiting&#10;java.lang.Thread.State: TIMED_WAITING&#10;        at sun.misc.Unsafe.park(Native Method)&#10;        at java.util.concurrent.locks.LockSupport.parkNanos(LockSupport.java:215)&#10;        at java.util.concurrent.locks.AbstractQueuedSynchronizer$ConditionObject.awaitNanos(AbstractQueuedSynchronizer.java:2078)&#10;        at java.util.concurrent.ScheduledThreadPoolExecutor$DelayedWorkQueue.take(ScheduledThreadPoolExecutor.java:1093)&#10;        at java.util.concurrent.ScheduledThreadPoolExecutor$DelayedWorkQueue.take(ScheduledThreadPoolExecutor.java:809)&#10;        at java.util.concurrent.ThreadPoolExecutor.getTask(ThreadPoolExecutor.java:1074)&#10;        at java.util.concurrent.ThreadPoolExecutor.runWorker(ThreadPoolExecutor.java:1134)&#10;        at java.util.concurrent.ThreadPoolExecutor$Worker.run(ThreadPoolExecutor.java:624)&#10;        at java.lang.Thread.run(Thread.java:748)&#10;&quot;org.eclipse.jetty.server.session.HashSessionManager@4b1ec694Timer&quot; daemon prio=5 tid=2200 timed_waiting&#10;java.lang.Thread.State: TIMED_WAITING&#10;        at sun.misc.Unsafe.park(Native Method)&#10;        at java.util.concurrent.locks.LockSupport.parkNanos(LockSupport.java:215)&#10;        at java.util.concurrent.locks.AbstractQueuedSynchronizer$ConditionObject.awaitNanos(AbstractQueuedSynchronizer.java:2078)&#10;        at java.util.concurrent.ScheduledThreadPoolExecutor$DelayedWorkQueue.take(ScheduledThreadPoolExecutor.java:1093)&#10;        at java.util.concurrent.ScheduledThreadPoolExecutor$DelayedWorkQueue.take(ScheduledThreadPoolExecutor.java:809)&#10;        at java.util.concurrent.ThreadPoolExecutor.getTask(ThreadPoolExecutor.java:1074)&#10;        at java.util.concurrent.ThreadPoolExecutor.runWorker(ThreadPoolExecutor.java:1134)&#10;        at java.util.concurrent.ThreadPoolExecutor$Worker.run(ThreadPoolExecutor.java:624)&#10;        at java.lang.Thread.run(Thread.java:748)&#10;&quot;pool-228-thread-4&quot;  prio=5 tid=2739 in Object.wait()&#10;java.lang.Thread.State: WAITING (on object monitor)&#10;        at sun.misc.Unsafe.park(Native Method)&#10;        at java.util.concurrent.locks.LockSupport.park(LockSupport.java:175)&#10;        at java.util.concurrent.locks.AbstractQueuedSynchronizer$ConditionObject.await(AbstractQueuedSynchronizer.java:2039)&#10;        at java.util.concurrent.ArrayBlockingQueue.take(ArrayBlockingQueue.java:403)&#10;        at java.util.concurrent.ThreadPoolExecutor.getTask(ThreadPoolExecutor.java:1074)&#10;        at java.util.concurrent.ThreadPoolExecutor.runWorker(ThreadPoolExecutor.java:1134)&#10;        at java.util.concurrent.ThreadPoolExecutor$Worker.run(ThreadPoolExecutor.java:624)&#10;        at java.lang.Thread.run(Thread.java:748)&#10;&quot;pool-188-thread-14&quot;  prio=5 tid=2501 in Object.wait()&#10;java.lang.Thread.State: WAITING (on object monitor)&#10;        at sun.misc.Unsafe.park(Native Method)&#10;        at java.util.concurrent.locks.LockSupport.park(LockSupport.java:175)&#10;        at java.util.concurrent.locks.AbstractQueuedSynchronizer$ConditionObject.await(AbstractQueuedSynchronizer.java:2039)&#10;        at java.util.concurrent.ArrayBlockingQueue.take(ArrayBlockingQueue.java:403)&#10;        at java.util.concurrent.ThreadPoolExecutor.getTask(ThreadPoolExecutor.java:1074)&#10;        at java.util.concurrent.ThreadPoolExecutor.runWorker(ThreadPoolExecutor.java:1134)&#10;        at java.util.concurrent.ThreadPoolExecutor$Worker.run(ThreadPoolExecutor.java:624)&#10;        at java.lang.Thread.run(Thread.java:748)&#10;&quot;pool-178-thread-38&quot;  prio=5 tid=2463 in Object.wait()&#10;java.lang.Thread.State: WAITING (on object monitor)&#10;        at sun.misc.Unsafe.park(Native Method)&#10;        at java.util.concurrent.locks.LockSupport.park(LockSupport.java:175)&#10;        at java.util.concurrent.locks.AbstractQueuedSynchronizer$ConditionObject.await(AbstractQueuedSynchronizer.java:2039)&#10;        at java.util.concurrent.ArrayBlockingQueue.take(ArrayBlockingQueue.java:403)&#10;        at java.util.concurrent.ThreadPoolExecutor.getTask(ThreadPoolExecutor.java:1074)&#10;        at java.util.concurrent.ThreadPoolExecutor.runWorker(ThreadPoolExecutor.java:1134)&#10;        at java.util.concurrent.ThreadPoolExecutor$Worker.run(ThreadPoolExecutor.java:624)&#10;        at java.lang.Thread.run(Thread.java:748)&#10;&quot;pool-238-thread-32&quot;  prio=5 tid=2829 in Object.wait()&#10;java.lang.Thread.State: WAITING (on object monitor)&#10;        at sun.misc.Unsafe.park(Native Method)&#10;        at java.util.concurrent.locks.LockSupport.park(LockSupport.java:175)&#10;        at java.util.concurrent.locks.AbstractQueuedSynchronizer$ConditionObject.await(AbstractQueuedSynchronizer.java:2039)&#10;        at java.util.concurrent.ArrayBlockingQueue.take(ArrayBlockingQueue.java:403)&#10;        at java.util.concurrent.ThreadPoolExecutor.getTask(ThreadPoolExecutor.java:1074)&#10;        at java.util.concurrent.ThreadPoolExecutor.runWorker(ThreadPoolExecutor.java:1134)&#10;        at java.util.concurrent.ThreadPoolExecutor$Worker.run(ThreadPoolExecutor.java:624)&#10;        at java.lang.Thread.run(Thread.java:748)&#10;&quot;BlockDeletingService#1&quot; daemon prio=5 tid=2301 in Object.wait()&#10;java.lang.Thread.State: WAITING (on object monitor)&#10;        at sun.misc.Unsafe.park(Native Method)&#10;        at java.util.concurrent.locks.LockSupport.park(LockSupport.java:175)&#10;        at java.util.concurrent.locks.AbstractQueuedSynchronizer$ConditionObject.await(AbstractQueuedSynchronizer.java:2039)&#10;        at java.util.concurrent.ScheduledThreadPoolExecutor$DelayedWorkQueue.take(ScheduledThreadPoolExecutor.java:1088)&#10;        at java.util.concurrent.ScheduledThreadPoolExecutor$DelayedWorkQueue.take(ScheduledThreadPoolExecutor.java:809)&#10;        at java.util.concurrent.ThreadPoolExecutor.getTask(ThreadPoolExecutor.java:1074)&#10;        at java.util.concurrent.ThreadPoolExecutor.runWorker(ThreadPoolExecutor.java:1134)&#10;        at java.util.concurrent.ThreadPoolExecutor$Worker.run(ThreadPoolExecutor.java:624)&#10;        at java.lang.Thread.run(Thread.java:748)&#10;&quot;pool-198-thread-15&quot;  prio=5 tid=2564 in Object.wait()&#10;java.lang.Thread.State: WAITING (on object monitor)&#10;        at sun.misc.Unsafe.park(Native Method)&#10;        at java.util.concurrent.locks.LockSupport.park(LockSupport.java:175)&#10;        at java.util.concurrent.locks.AbstractQueuedSynchronizer$ConditionObject.await(AbstractQueuedSynchronizer.java:2039)&#10;        at java.util.concurrent.ArrayBlockingQueue.take(ArrayBlockingQueue.java:403)&#10;        at java.util.concurrent.ThreadPoolExecutor.getTask(ThreadPoolExecutor.java:1074)&#10;        at java.util.concurrent.ThreadPoolExecutor.runWorker(ThreadPoolExecutor.java:1134)&#10;        at java.util.concurrent.ThreadPoolExecutor$Worker.run(ThreadPoolExecutor.java:624)&#10;        at java.lang.Thread.run(Thread.java:748)&#10;&quot;IPC Server Responder&quot; daemon prio=5 tid=1848 runnable&#10;java.lang.Thread.State: RUNNABLE&#10;        at sun.nio.ch.EPollArrayWrapper.epollWait(Native Method)&#10;        at sun.nio.ch.EPollArrayWrapper.poll(EPollArrayWrapper.java:269)&#10;        at sun.nio.ch.EPollSelectorImpl.doSelect(EPollSelectorImpl.java:93)&#10;        at sun.nio.ch.SelectorImpl.lockAndDoSelect(SelectorImpl.java:86)&#10;        at sun.nio.ch.SelectorImpl.select(SelectorImpl.java:97)&#10;        at org.apache.hadoop.ipc.Server$Responder.doRunLoop(Server.java:1334)&#10;        at org.apache.hadoop.ipc.Server$Responder.run(Server.java:1317)&#10;&quot;pool-218-thread-15&quot;  prio=5 tid=2688 in Object.wait()&#10;java.lang.Thread.State: WAITING (on object monitor)&#10;        at sun.misc.Unsafe.park(Native Method)&#10;        at java.util.concurrent.locks.LockSupport.park(LockSupport.java:175)&#10;        at java.util.concurrent.locks.AbstractQueuedSynchronizer$ConditionObject.await(AbstractQueuedSynchronizer.java:2039)&#10;        at java.util.concurrent.ArrayBlockingQueue.take(ArrayBlockingQueue.java:403)&#10;        at java.util.concurrent.ThreadPoolExecutor.getTask(ThreadPoolExecutor.java:1074)&#10;        at java.util.concurrent.ThreadPoolExecutor.runWorker(ThreadPoolExecutor.java:1134)&#10;        at java.util.concurrent.ThreadPoolExecutor$Worker.run(ThreadPoolExecutor.java:624)&#10;        at java.lang.Thread.run(Thread.java:748)&#10;&quot;pool-168-thread-5&quot;  prio=5 tid=2368 in Object.wait()&#10;java.lang.Thread.State: WAITING (on object monitor)&#10;        at sun.misc.Unsafe.park(Native Method)&#10;        at java.util.concurrent.locks.LockSupport.park(LockSupport.java:175)&#10;        at java.util.concurrent.locks.AbstractQueuedSynchronizer$ConditionObject.await(AbstractQueuedSynchronizer.java:2039)&#10;        at java.util.concurrent.ArrayBlockingQueue.take(ArrayBlockingQueue.java:403)&#10;        at java.util.concurrent.ThreadPoolExecutor.getTask(ThreadPoolExecutor.java:1074)&#10;        at java.util.concurrent.ThreadPoolExecutor.runWorker(ThreadPoolExecutor.java:1134)&#10;        at java.util.concurrent.ThreadPoolExecutor$Worker.run(ThreadPoolExecutor.java:624)&#10;        at java.lang.Thread.run(Thread.java:748)&#10;&quot;pool-208-thread-19&quot;  prio=5 tid=2630 in Object.wait()&#10;java.lang.Thread.State: WAITING (on object monitor)&#10;        at sun.misc.Unsafe.park(Native Method)&#10;        at java.util.concurrent.locks.LockSupport.park(LockSupport.java:175)&#10;        at java.util.concurrent.locks.AbstractQueuedSynchronizer$ConditionObject.await(AbstractQueuedSynchronizer.java:2039)&#10;        at java.util.concurrent.ArrayBlockingQueue.take(ArrayBlockingQueue.java:403)&#10;        at java.util.concurrent.ThreadPoolExecutor.getTask(ThreadPoolExecutor.java:1074)&#10;        at java.util.concurrent.ThreadPoolExecutor.runWorker(ThreadPoolExecutor.java:1134)&#10;        at java.util.concurrent.ThreadPoolExecutor$Worker.run(ThreadPoolExecutor.java:624)&#10;        at java.lang.Thread.run(Thread.java:748)&#10;&quot;pool-228-thread-54&quot;  prio=5 tid=2789 in Object.wait()&#10;java.lang.Thread.State: WAITING (on object monitor)&#10;        at sun.misc.Unsafe.park(Native Method)&#10;        at java.util.concurrent.locks.LockSupport.park(LockSupport.java:175)&#10;        at java.util.concurrent.locks.AbstractQueuedSynchronizer$ConditionObject.await(AbstractQueuedSynchronizer.java:2039)&#10;        at java.util.concurrent.ArrayBlockingQueue.take(ArrayBlockingQueue.java:403)&#10;        at java.util.concurrent.ThreadPoolExecutor.getTask(ThreadPoolExecutor.java:1074)&#10;        at java.util.concurrent.ThreadPoolExecutor.runWorker(ThreadPoolExecutor.java:1134)&#10;        at java.util.concurrent.ThreadPoolExecutor$Worker.run(ThreadPoolExecutor.java:624)&#10;        at java.lang.Thread.run(Thread.java:748)&#10;&quot;pool-168-thread-38&quot;  prio=5 tid=2401 in Object.wait()&#10;java.lang.Thread.State: WAITING (on object monitor)&#10;        at sun.misc.Unsafe.park(Native Method)&#10;        at java.util.concurrent.locks.LockSupport.park(LockSupport.java:175)&#10;        at java.util.concurrent.locks.AbstractQueuedSynchronizer$ConditionObject.await(AbstractQueuedSynchronizer.java:2039)&#10;        at java.util.concurrent.ArrayBlockingQueue.take(ArrayBlockingQueue.java:403)&#10;        at java.util.concurrent.ThreadPoolExecutor.getTask(ThreadPoolExecutor.java:1074)&#10;        at java.util.concurrent.ThreadPoolExecutor.runWorker(ThreadPoolExecutor.java:1134)&#10;        at java.util.concurrent.ThreadPoolExecutor$Worker.run(ThreadPoolExecutor.java:624)&#10;        at java.lang.Thread.run(Thread.java:748)&#10;&quot;Datanode ReportManager Thread - 2&quot; daemon prio=5 tid=2044 in Object.wait()&#10;java.lang.Thread.State: WAITING (on object monitor)&#10;        at sun.misc.Unsafe.park(Native Method)&#10;        at java.util.concurrent.locks.LockSupport.park(LockSupport.java:175)&#10;        at java.util.concurrent.locks.AbstractQueuedSynchronizer$ConditionObject.await(AbstractQueuedSynchronizer.java:2039)&#10;        at java.util.concurrent.ScheduledThreadPoolExecutor$DelayedWorkQueue.take(ScheduledThreadPoolExecutor.java:1088)&#10;        at java.util.concurrent.ScheduledThreadPoolExecutor$DelayedWorkQueue.take(ScheduledThreadPoolExecutor.java:809)&#10;        at java.util.concurrent.ThreadPoolExecutor.getTask(ThreadPoolExecutor.java:1074)&#10;        at java.util.concurrent.ThreadPoolExecutor.runWorker(ThreadPoolExecutor.java:1134)&#10;        at java.util.concurrent.ThreadPoolExecutor$Worker.run(ThreadPoolExecutor.java:624)&#10;        at java.lang.Thread.run(Thread.java:748)&#10;&quot;pool-148-thread-26&quot;  prio=5 tid=2264 in Object.wait()&#10;java.lang.Thread.State: WAITING (on object monitor)&#10;        at sun.misc.Unsafe.park(Native Method)&#10;        at java.util.concurrent.locks.LockSupport.park(LockSupport.java:175)&#10;        at java.util.concurrent.locks.AbstractQueuedSynchronizer$ConditionObject.await(AbstractQueuedSynchronizer.java:2039)&#10;        at java.util.concurrent.ArrayBlockingQueue.take(ArrayBlockingQueue.java:403)&#10;        at java.util.concurrent.ThreadPoolExecutor.getTask(ThreadPoolExecutor.java:1074)&#10;        at java.util.concurrent.ThreadPoolExecutor.runWorker(ThreadPoolExecutor.java:1134)&#10;        at java.util.concurrent.ThreadPoolExecutor$Worker.run(ThreadPoolExecutor.java:624)&#10;        at java.lang.Thread.run(Thread.java:748)&#10;&quot;59f802cb-c907-44a0-9069-e10bb38eff5d@group-185A7D32E5E0-StateMachineUpdater&quot; daemon prio=5 tid=3088 in Object.wait()&#10;java.lang.Thread.State: WAITING (on object monitor)&#10;        at java.lang.Object.wait(Native Method)&#10;        at java.lang.Object.wait(Object.java:502)&#10;        at org.apache.ratis.server.impl.StateMachineUpdater.waitForCommit(StateMachineUpdater.java:194)&#10;        at org.apache.ratis.server.impl.StateMachineUpdater.run(StateMachineUpdater.java:159)&#10;        at java.lang.Thread.run(Thread.java:748)&#10;&quot;pool-148-thread-28&quot;  prio=5 tid=2266 in Object.wait()&#10;java.lang.Thread.State: WAITING (on object monitor)&#10;        at sun.misc.Unsafe.park(Native Method)&#10;        at java.util.concurrent.locks.LockSupport.park(LockSupport.java:175)&#10;        at java.util.concurrent.locks.AbstractQueuedSynchronizer$ConditionObject.await(AbstractQueuedSynchronizer.java:2039)&#10;        at java.util.concurrent.ArrayBlockingQueue.take(ArrayBlockingQueue.java:403)&#10;        at java.util.concurrent.ThreadPoolExecutor.getTask(ThreadPoolExecutor.java:1074)&#10;        at java.util.concurrent.ThreadPoolExecutor.runWorker(ThreadPoolExecutor.java:1134)&#10;        at java.util.concurrent.ThreadPoolExecutor$Worker.run(ThreadPoolExecutor.java:624)&#10;        at java.lang.Thread.run(Thread.java:748)&#10;&quot;pool-168-thread-35&quot;  prio=5 tid=2398 in Object.wait()&#10;java.lang.Thread.State: WAITING (on object monitor)&#10;        at sun.misc.Unsafe.park(Native Method)&#10;        at java.util.concurrent.locks.LockSupport.park(LockSupport.java:175)&#10;        at java.util.concurrent.locks.AbstractQueuedSynchronizer$ConditionObject.await(AbstractQueuedSynchronizer.java:2039)&#10;        at java.util.concurrent.ArrayBlockingQueue.take(ArrayBlockingQueue.java:403)&#10;        at java.util.concurrent.ThreadPoolExecutor.getTask(ThreadPoolExecutor.java:1074)&#10;        at java.util.concurrent.ThreadPoolExecutor.runWorker(ThreadPoolExecutor.java:1134)&#10;        at java.util.concurrent.ThreadPoolExecutor$Worker.run(ThreadPoolExecutor.java:624)&#10;        at java.lang.Thread.run(Thread.java:748)&#10;&quot;pool-238-thread-47&quot;  prio=5 tid=2844 in Object.wait()&#10;java.lang.Thread.State: WAITING (on object monitor)&#10;        at sun.misc.Unsafe.park(Native Method)&#10;        at java.util.concurrent.locks.LockSupport.park(LockSupport.java:175)&#10;        at java.util.concurrent.locks.AbstractQueuedSynchronizer$ConditionObject.await(AbstractQueuedSynchronizer.java:2039)&#10;        at java.util.concurrent.ArrayBlockingQueue.take(ArrayBlockingQueue.java:403)&#10;        at java.util.concurrent.ThreadPoolExecutor.getTask(ThreadPoolExecutor.java:1074)&#10;        at java.util.concurrent.ThreadPoolExecutor.runWorker(ThreadPoolExecutor.java:1134)&#10;        at java.util.concurrent.ThreadPoolExecutor$Worker.run(ThreadPoolExecutor.java:624)&#10;        at java.lang.Thread.run(Thread.java:748)&#10;&quot;pool-238-thread-57&quot;  prio=5 tid=2854 in Object.wait()&#10;java.lang.Thread.State: WAITING (on object monitor)&#10;        at sun.misc.Unsafe.park(Native Method)&#10;        at java.util.concurrent.locks.LockSupport.park(LockSupport.java:175)&#10;        at java.util.concurrent.locks.AbstractQueuedSynchronizer$ConditionObject.await(AbstractQueuedSynchronizer.java:2039)&#10;        at java.util.concurrent.ArrayBlockingQueue.take(ArrayBlockingQueue.java:403)&#10;        at java.util.concurrent.ThreadPoolExecutor.getTask(ThreadPoolExecutor.java:1074)&#10;        at java.util.concurrent.ThreadPoolExecutor.runWorker(ThreadPoolExecutor.java:1134)&#10;        at java.util.concurrent.ThreadPoolExecutor$Worker.run(ThreadPoolExecutor.java:624)&#10;        at java.lang.Thread.run(Thread.java:748)&#10;&quot;qtp1553544410-2007&quot; daemon prio=5 tid=2007 timed_waiting&#10;java.lang.Thread.State: TIMED_WAITING&#10;        at sun.misc.Unsafe.park(Native Method)&#10;        at java.util.concurrent.locks.LockSupport.parkNanos(LockSupport.java:215)&#10;        at java.util.concurrent.locks.AbstractQueuedSynchronizer$ConditionObject.awaitNanos(AbstractQueuedSynchronizer.java:2078)&#10;        at org.eclipse.jetty.util.BlockingArrayQueue.poll(BlockingArrayQueue.java:392)&#10;        at org.eclipse.jetty.util.thread.QueuedThreadPool.idleJobPoll(QueuedThreadPool.java:563)&#10;        at org.eclipse.jetty.util.thread.QueuedThreadPool.access$800(QueuedThreadPool.java:48)&#10;        at org.eclipse.jetty.util.thread.QueuedThreadPool$2.run(QueuedThreadPool.java:626)&#10;        at java.lang.Thread.run(Thread.java:748)&#10;&quot;pool-188-thread-42&quot;  prio=5 tid=2529 in Object.wait()&#10;java.lang.Thread.State: WAITING (on object monitor)&#10;        at sun.misc.Unsafe.park(Native Method)&#10;        at java.util.concurrent.locks.LockSupport.park(LockSupport.java:175)&#10;        at java.util.concurrent.locks.AbstractQueuedSynchronizer$ConditionObject.await(AbstractQueuedSynchronizer.java:2039)&#10;        at java.util.concurrent.ArrayBlockingQueue.take(ArrayBlockingQueue.java:403)&#10;        at java.util.concurrent.ThreadPoolExecutor.getTask(ThreadPoolExecutor.java:1074)&#10;        at java.util.concurrent.ThreadPoolExecutor.runWorker(ThreadPoolExecutor.java:1134)&#10;        at java.util.concurrent.ThreadPoolExecutor$Worker.run(ThreadPoolExecutor.java:624)&#10;        at java.lang.Thread.run(Thread.java:748)&#10;&quot;KeyDeletingService#1&quot; daemon prio=5 tid=1939 in Object.wait()&#10;java.lang.Thread.State: WAITING (on object monitor)&#10;        at sun.misc.Unsafe.park(Native Method)&#10;        at java.util.concurrent.locks.LockSupport.park(LockSupport.java:175)&#10;        at java.util.concurrent.locks.AbstractQueuedSynchronizer$ConditionObject.await(AbstractQueuedSynchronizer.java:2039)&#10;        at java.util.concurrent.ScheduledThreadPoolExecutor$DelayedWorkQueue.take(ScheduledThreadPoolExecutor.java:1088)&#10;        at java.util.concurrent.ScheduledThreadPoolExecutor$DelayedWorkQueue.take(ScheduledThreadPoolExecutor.java:809)&#10;        at java.util.concurrent.ThreadPoolExecutor.getTask(ThreadPoolExecutor.java:1074)&#10;        at java.util.concurrent.ThreadPoolExecutor.runWorker(ThreadPoolExecutor.java:1134)&#10;        at java.util.concurrent.ThreadPoolExecutor$Worker.run(ThreadPoolExecutor.java:624)&#10;        at java.lang.Thread.run(Thread.java:748)&#10;&quot;pool-208-thread-2&quot;  prio=5 tid=2613 in Object.wait()&#10;java.lang.Thread.State: WAITING (on object monitor)&#10;        at sun.misc.Unsafe.park(Native Method)&#10;        at java.util.concurrent.locks.LockSupport.park(LockSupport.java:175)&#10;        at java.util.concurrent.locks.AbstractQueuedSynchronizer$ConditionObject.await(AbstractQueuedSynchronizer.java:2039)&#10;        at java.util.concurrent.ArrayBlockingQueue.take(ArrayBlockingQueue.java:403)&#10;        at java.util.concurrent.ThreadPoolExecutor.getTask(ThreadPoolExecutor.java:1074)&#10;        at java.util.concurrent.ThreadPoolExecutor.runWorker(ThreadPoolExecutor.java:1134)&#10;        at java.util.concurrent.ThreadPoolExecutor$Worker.run(ThreadPoolExecutor.java:624)&#10;        at java.lang.Thread.run(Thread.java:748)&#10;&quot;pool-228-thread-24&quot;  prio=5 tid=2759 in Object.wait()&#10;java.lang.Thread.State: WAITING (on object monitor)&#10;        at sun.misc.Unsafe.park(Native Method)&#10;        at java.util.concurrent.locks.LockSupport.park(LockSupport.java:175)&#10;        at java.util.concurrent.locks.AbstractQueuedSynchronizer$ConditionObject.await(AbstractQueuedSynchronizer.java:2039)&#10;        at java.util.concurrent.ArrayBlockingQueue.take(ArrayBlockingQueue.java:403)&#10;        at java.util.concurrent.ThreadPoolExecutor.getTask(ThreadPoolExecutor.java:1074)&#10;        at java.util.concurrent.ThreadPoolExecutor.runWorker(ThreadPoolExecutor.java:1134)&#10;        at java.util.concurrent.ThreadPoolExecutor$Worker.run(ThreadPoolExecutor.java:624)&#10;        at java.lang.Thread.run(Thread.java:748)&#10;&quot;org.apache.ratis.server.impl.LogAppender$AppenderDaemon$$Lambda$463/184788748@6a47afca&quot; daemon prio=5 tid=3197 timed_waiting&#10;java.lang.Thread.State: TIMED_WAITING&#10;        at java.lang.Object.wait(Native Method)&#10;        at org.apache.ratis.grpc.server.GrpcLogAppender.mayWait(GrpcLogAppender.java:149)&#10;        at org.apache.ratis.grpc.server.GrpcLogAppender.runAppenderImpl(GrpcLogAppender.java:103)&#10;        at org.apache.ratis.server.impl.LogAppender$AppenderDaemon.run(LogAppender.java:76)&#10;        at org.apache.ratis.server.impl.LogAppender$AppenderDaemon$$Lambda$463/184788748.run(Unknown Source)&#10;        at java.lang.Thread.run(Thread.java:748)&#10;&quot;org.eclipse.jetty.server.session.HashSessionManager@4b432e53Timer&quot; daemon prio=5 tid=2147 timed_waiting&#10;java.lang.Thread.State: TIMED_WAITING&#10;        at sun.misc.Unsafe.park(Native Method)&#10;        at java.util.concurrent.locks.LockSupport.parkNanos(LockSupport.java:215)&#10;        at java.util.concurrent.locks.AbstractQueuedSynchronizer$ConditionObject.awaitNanos(AbstractQueuedSynchronizer.java:2078)&#10;        at java.util.concurrent.ScheduledThreadPoolExecutor$DelayedWorkQueue.take(ScheduledThreadPoolExecutor.java:1093)&#10;        at java.util.concurrent.ScheduledThreadPoolExecutor$DelayedWorkQueue.take(ScheduledThreadPoolExecutor.java:809)&#10;        at java.util.concurrent.ThreadPoolExecutor.getTask(ThreadPoolExecutor.java:1074)&#10;        at java.util.concurrent.ThreadPoolExecutor.runWorker(ThreadPoolExecutor.java:1134)&#10;        at java.util.concurrent.ThreadPoolExecutor$Worker.run(ThreadPoolExecutor.java:624)&#10;        at java.lang.Thread.run(Thread.java:748)&#10;&quot;PartialTableCache Cleanup Thread - 0&quot; daemon prio=5 tid=3042 in Object.wait()&#10;java.lang.Thread.State: WAITING (on object monitor)&#10;        at sun.misc.Unsafe.park(Native Method)&#10;        at java.util.concurrent.locks.LockSupport.park(LockSupport.java:175)&#10;        at java.util.concurrent.locks.AbstractQueuedSynchronizer$ConditionObject.await(AbstractQueuedSynchronizer.java:2039)&#10;        at java.util.concurrent.LinkedBlockingQueue.take(LinkedBlockingQueue.java:442)&#10;        at java.util.concurrent.ThreadPoolExecutor.getTask(ThreadPoolExecutor.java:1074)&#10;        at java.util.concurrent.ThreadPoolExecutor.runWorker(ThreadPoolExecutor.java:1134)&#10;        at java.util.concurrent.ThreadPoolExecutor$Worker.run(ThreadPoolExecutor.java:624)&#10;        at java.lang.Thread.run(Thread.java:748)&#10;&quot;pool-238-thread-16&quot;  prio=5 tid=2813 in Object.wait()&#10;java.lang.Thread.State: WAITING (on object monitor)&#10;        at sun.misc.Unsafe.park(Native Method)&#10;        at java.util.concurrent.locks.LockSupport.park(LockSupport.java:175)&#10;        at java.util.concurrent.locks.AbstractQueuedSynchronizer$ConditionObject.await(AbstractQueuedSynchronizer.java:2039)&#10;        at java.util.concurrent.ArrayBlockingQueue.take(ArrayBlockingQueue.java:403)&#10;        at java.util.concurrent.ThreadPoolExecutor.getTask(ThreadPoolExecutor.java:1074)&#10;        at java.util.concurrent.ThreadPoolExecutor.runWorker(ThreadPoolExecutor.java:1134)&#10;        at java.util.concurrent.ThreadPoolExecutor$Worker.run(ThreadPoolExecutor.java:624)&#10;        at java.lang.Thread.run(Thread.java:748)&#10;&quot;pool-188-thread-17&quot;  prio=5 tid=2504 in Object.wait()&#10;java.lang.Thread.State: WAITING (on object monitor)&#10;        at sun.misc.Unsafe.park(Native Method)&#10;        at java.util.concurrent.locks.LockSupport.park(LockSupport.java:175)&#10;        at java.util.concurrent.locks.AbstractQueuedSynchronizer$ConditionObject.await(AbstractQueuedSynchronizer.java:2039)&#10;        at java.util.concurrent.ArrayBlockingQueue.take(ArrayBlockingQueue.java:403)&#10;        at java.util.concurrent.ThreadPoolExecutor.getTask(ThreadPoolExecutor.java:1074)&#10;        at java.util.concurrent.ThreadPoolExecutor.runWorker(ThreadPoolExecutor.java:1134)&#10;        at java.util.concurrent.ThreadPoolExecutor$Worker.run(ThreadPoolExecutor.java:624)&#10;        at java.lang.Thread.run(Thread.java:748)&#10;&quot;PartialTableCache Cleanup Thread - 0&quot; daemon prio=5 tid=1355 in Object.wait()&#10;java.lang.Thread.State: WAITING (on object monitor)&#10;        at sun.misc.Unsafe.park(Native Method)&#10;        at java.util.concurrent.locks.LockSupport.park(LockSupport.java:175)&#10;        at java.util.concurrent.locks.AbstractQueuedSynchronizer$ConditionObject.await(AbstractQueuedSynchronizer.java:2039)&#10;        at java.util.concurrent.LinkedBlockingQueue.take(LinkedBlockingQueue.java:442)&#10;        at java.util.concurrent.ThreadPoolExecutor.getTask(ThreadPoolExecutor.java:1074)&#10;        at java.util.concurrent.ThreadPoolExecutor.runWorker(ThreadPoolExecutor.java:1134)&#10;        at java.util.concurrent.ThreadPoolExecutor$Worker.run(ThreadPoolExecutor.java:624)&#10;        at java.lang.Thread.run(Thread.java:748)&#10;&quot;BlockDeletingService#1&quot; daemon prio=5 tid=2549 in Object.wait()&#10;java.lang.Thread.State: WAITING (on object monitor)&#10;        at sun.misc.Unsafe.park(Native Method)&#10;        at java.util.concurrent.locks.LockSupport.park(LockSupport.java:175)&#10;        at java.util.concurrent.locks.AbstractQueuedSynchronizer$ConditionObject.await(AbstractQueuedSynchronizer.java:2039)&#10;        at java.util.concurrent.ScheduledThreadPoolExecutor$DelayedWorkQueue.take(ScheduledThreadPoolExecutor.java:1088)&#10;        at java.util.concurrent.ScheduledThreadPoolExecutor$DelayedWorkQueue.take(ScheduledThreadPoolExecutor.java:809)&#10;        at java.util.concurrent.ThreadPoolExecutor.getTask(ThreadPoolExecutor.java:1074)&#10;        at java.util.concurrent.ThreadPoolExecutor.runWorker(ThreadPoolExecutor.java:1134)&#10;        at java.util.concurrent.ThreadPoolExecutor$Worker.run(ThreadPoolExecutor.java:624)&#10;        at java.lang.Thread.run(Thread.java:748)&#10;&quot;Datanode ReportManager Thread - 3&quot; daemon prio=5 tid=363 timed_waiting&#10;java.lang.Thread.State: TIMED_WAITING&#10;        at sun.misc.Unsafe.park(Native Method)&#10;        at java.util.concurrent.locks.LockSupport.parkNanos(LockSupport.java:215)&#10;        at java.util.concurrent.locks.AbstractQueuedSynchronizer$ConditionObject.awaitNanos(AbstractQueuedSynchronizer.java:2078)&#10;        at java.util.concurrent.ScheduledThreadPoolExecutor$DelayedWorkQueue.take(ScheduledThreadPoolExecutor.java:1093)&#10;        at java.util.concurrent.ScheduledThreadPoolExecutor$DelayedWorkQueue.take(ScheduledThreadPoolExecutor.java:809)&#10;        at java.util.concurrent.ThreadPoolExecutor.getTask(ThreadPoolExecutor.java:1074)&#10;        at java.util.concurrent.ThreadPoolExecutor.runWorker(ThreadPoolExecutor.java:1134)&#10;        at java.util.concurrent.ThreadPoolExecutor$Worker.run(ThreadPoolExecutor.java:624)&#10;        at java.lang.Thread.run(Thread.java:748)&#10;&quot;IPC Server handler 13 on 42444&quot; daemon prio=5 tid=1905 timed_waiting&#10;java.lang.Thread.State: TIMED_WAITING&#10;        at sun.misc.Unsafe.park(Native Method)&#10;        at java.util.concurrent.locks.LockSupport.parkNanos(LockSupport.java:215)&#10;        at java.util.concurrent.locks.AbstractQueuedSynchronizer$ConditionObject.awaitNanos(AbstractQueuedSynchronizer.java:2078)&#10;        at java.util.concurrent.LinkedBlockingQueue.poll(LinkedBlockingQueue.java:467)&#10;        at org.apache.hadoop.ipc.CallQueueManager.take(CallQueueManager.java:288)&#10;        at org.apache.hadoop.ipc.Server$Handler.run(Server.java:2668)&#10;&quot;pool-238-thread-38&quot;  prio=5 tid=2835 in Object.wait()&#10;java.lang.Thread.State: WAITING (on object monitor)&#10;        at sun.misc.Unsafe.park(Native Method)&#10;        at java.util.concurrent.locks.LockSupport.park(LockSupport.java:175)&#10;        at java.util.concurrent.locks.AbstractQueuedSynchronizer$ConditionObject.await(AbstractQueuedSynchronizer.java:2039)&#10;        at java.util.concurrent.ArrayBlockingQueue.take(ArrayBlockingQueue.java:403)&#10;        at java.util.concurrent.ThreadPoolExecutor.getTask(ThreadPoolExecutor.java:1074)&#10;        at java.util.concurrent.ThreadPoolExecutor.runWorker(ThreadPoolExecutor.java:1134)&#10;        at java.util.concurrent.ThreadPoolExecutor$Worker.run(ThreadPoolExecutor.java:624)&#10;        at java.lang.Thread.run(Thread.java:748)&#10;&quot;pool-218-thread-47&quot;  prio=5 tid=2720 in Object.wait()&#10;java.lang.Thread.State: WAITING (on object monitor)&#10;        at sun.misc.Unsafe.park(Native Method)&#10;        at java.util.concurrent.locks.LockSupport.park(LockSupport.java:175)&#10;        at java.util.concurrent.locks.AbstractQueuedSynchronizer$ConditionObject.await(AbstractQueuedSynchronizer.java:2039)&#10;        at java.util.concurrent.ArrayBlockingQueue.take(ArrayBlockingQueue.java:403)&#10;        at java.util.concurrent.ThreadPoolExecutor.getTask(ThreadPoolExecutor.java:1074)&#10;        at java.util.concurrent.ThreadPoolExecutor.runWorker(ThreadPoolExecutor.java:1134)&#10;        at java.util.concurrent.ThreadPoolExecutor$Worker.run(ThreadPoolExecutor.java:624)&#10;        at java.lang.Thread.run(Thread.java:748)&#10;&quot;pool-228-thread-20&quot;  prio=5 tid=2755 in Object.wait()&#10;java.lang.Thread.State: WAITING (on object monitor)&#10;        at sun.misc.Unsafe.park(Native Method)&#10;        at java.util.concurrent.locks.LockSupport.park(LockSupport.java:175)&#10;        at java.util.concurrent.locks.AbstractQueuedSynchronizer$ConditionObject.await(AbstractQueuedSynchronizer.java:2039)&#10;        at java.util.concurrent.ArrayBlockingQueue.take(ArrayBlockingQueue.java:403)&#10;        at java.util.concurrent.ThreadPoolExecutor.getTask(ThreadPoolExecutor.java:1074)&#10;        at java.util.concurrent.ThreadPoolExecutor.runWorker(ThreadPoolExecutor.java:1134)&#10;        at java.util.concurrent.ThreadPoolExecutor$Worker.run(ThreadPoolExecutor.java:624)&#10;        at java.lang.Thread.run(Thread.java:748)&#10;&quot;Command processor thread&quot; daemon prio=5 tid=1992 timed_waiting&#10;java.lang.Thread.State: TIMED_WAITING&#10;        at java.lang.Thread.sleep(Native Method)&#10;        at org.apache.hadoop.ozone.container.common.statemachine.DatanodeStateMachine.lambda$initCommandHandlerThread$1(DatanodeStateMachine.java:439)&#10;        at org.apache.hadoop.ozone.container.common.statemachine.DatanodeStateMachine$$Lambda$142/1603672614.run(Unknown Source)&#10;        at java.lang.Thread.run(Thread.java:748)&#10;&quot;pool-198-thread-27&quot;  prio=5 tid=2576 in Object.wait()&#10;java.lang.Thread.State: WAITING (on object monitor)&#10;        at sun.misc.Unsafe.park(Native Method)&#10;        at java.util.concurrent.locks.LockSupport.park(LockSupport.java:175)&#10;        at java.util.concurrent.locks.AbstractQueuedSynchronizer$ConditionObject.await(AbstractQueuedSynchronizer.java:2039)&#10;        at java.util.concurrent.ArrayBlockingQueue.take(ArrayBlockingQueue.java:403)&#10;        at java.util.concurrent.ThreadPoolExecutor.getTask(ThreadPoolExecutor.java:1074)&#10;        at java.util.concurrent.ThreadPoolExecutor.runWorker(ThreadPoolExecutor.java:1134)&#10;        at java.util.concurrent.ThreadPoolExecutor$Worker.run(ThreadPoolExecutor.java:624)&#10;        at java.lang.Thread.run(Thread.java:748)&#10;&quot;IPC Server handler 0 on 42444&quot; daemon prio=5 tid=1892 timed_waiting&#10;java.lang.Thread.State: TIMED_WAITING&#10;        at sun.misc.Unsafe.park(Native Method)&#10;        at java.util.concurrent.locks.LockSupport.parkNanos(LockSupport.java:215)&#10;        at java.util.concurrent.locks.AbstractQueuedSynchronizer$ConditionObject.awaitNanos(AbstractQueuedSynchronizer.java:2078)&#10;        at java.util.concurrent.LinkedBlockingQueue.poll(LinkedBlockingQueue.java:467)&#10;        at org.apache.hadoop.ipc.CallQueueManager.take(CallQueueManager.java:288)&#10;        at org.apache.hadoop.ipc.Server$Handler.run(Server.java:2668)&#10;&quot;SCMBlockDeletingService#1&quot; daemon prio=5 tid=1925 in Object.wait()&#10;java.lang.Thread.State: WAITING (on object monitor)&#10;        at sun.misc.Unsafe.park(Native Method)&#10;        at java.util.concurrent.locks.LockSupport.park(LockSupport.java:175)&#10;        at java.util.concurrent.locks.AbstractQueuedSynchronizer$ConditionObject.await(AbstractQueuedSynchronizer.java:2039)&#10;        at java.util.concurrent.ScheduledThreadPoolExecutor$DelayedWorkQueue.take(ScheduledThreadPoolExecutor.java:1088)&#10;        at java.util.concurrent.ScheduledThreadPoolExecutor$DelayedWorkQueue.take(ScheduledThreadPoolExecutor.java:809)&#10;        at java.util.concurrent.ThreadPoolExecutor.getTask(ThreadPoolExecutor.java:1074)&#10;        at java.util.concurrent.ThreadPoolExecutor.runWorker(ThreadPoolExecutor.java:1134)&#10;        at java.util.concurrent.ThreadPoolExecutor$Worker.run(ThreadPoolExecutor.java:624)&#10;        at java.lang.Thread.run(Thread.java:748)&#10;&quot;pool-158-thread-20&quot;  prio=5 tid=2321 in Object.wait()&#10;java.lang.Thread.State: WAITING (on object monitor)&#10;        at sun.misc.Unsafe.park(Native Method)&#10;        at java.util.concurrent.locks.LockSupport.park(LockSupport.java:175)&#10;        at java.util.concurrent.locks.AbstractQueuedSynchronizer$ConditionObject.await(AbstractQueuedSynchronizer.java:2039)&#10;        at java.util.concurrent.ArrayBlockingQueue.take(ArrayBlockingQueue.java:403)&#10;        at java.util.concurrent.ThreadPoolExecutor.getTask(ThreadPoolExecutor.java:1074)&#10;        at java.util.concurrent.ThreadPoolExecutor.runWorker(ThreadPoolExecutor.java:1134)&#10;        at java.util.concurrent.ThreadPoolExecutor$Worker.run(ThreadPoolExecutor.java:624)&#10;        at java.lang.Thread.run(Thread.java:748)&#10;&quot;pool-198-thread-38&quot;  prio=5 tid=2587 in Object.wait()&#10;java.lang.Thread.State: WAITING (on object monitor)&#10;        at sun.misc.Unsafe.park(Native Method)&#10;        at java.util.concurrent.locks.LockSupport.park(LockSupport.java:175)&#10;        at java.util.concurrent.locks.AbstractQueuedSynchronizer$ConditionObject.await(AbstractQueuedSynchronizer.java:2039)&#10;        at java.util.concurrent.ArrayBlockingQueue.take(ArrayBlockingQueue.java:403)&#10;        at java.util.concurrent.ThreadPoolExecutor.getTask(ThreadPoolExecutor.java:1074)&#10;        at java.util.concurrent.ThreadPoolExecutor.runWorker(ThreadPoolExecutor.java:1134)&#10;        at java.util.concurrent.ThreadPoolExecutor$Worker.run(ThreadPoolExecutor.java:624)&#10;        at java.lang.Thread.run(Thread.java:748)&#10;&quot;pool-228-thread-12&quot;  prio=5 tid=2747 in Object.wait()&#10;java.lang.Thread.State: WAITING (on object monitor)&#10;        at sun.misc.Unsafe.park(Native Method)&#10;        at java.util.concurrent.locks.LockSupport.park(LockSupport.java:175)&#10;        at java.util.concurrent.locks.AbstractQueuedSynchronizer$ConditionObject.await(AbstractQueuedSynchronizer.java:2039)&#10;        at java.util.concurrent.ArrayBlockingQueue.take(ArrayBlockingQueue.java:403)&#10;        at java.util.concurrent.ThreadPoolExecutor.getTask(ThreadPoolExecutor.java:1074)&#10;        at java.util.concurrent.ThreadPoolExecutor.runWorker(ThreadPoolExecutor.java:1134)&#10;        at java.util.concurrent.ThreadPoolExecutor$Worker.run(ThreadPoolExecutor.java:624)&#10;        at java.lang.Thread.run(Thread.java:748)&#10;&quot;pool-208-thread-45&quot;  prio=5 tid=2656 in Object.wait()&#10;java.lang.Thread.State: WAITING (on object monitor)&#10;        at sun.misc.Unsafe.park(Native Method)&#10;        at java.util.concurrent.locks.LockSupport.park(LockSupport.java:175)&#10;        at java.util.concurrent.locks.AbstractQueuedSynchronizer$ConditionObject.await(AbstractQueuedSynchronizer.java:2039)&#10;        at java.util.concurrent.ArrayBlockingQueue.take(ArrayBlockingQueue.java:403)&#10;        at java.util.concurrent.ThreadPoolExecutor.getTask(ThreadPoolExecutor.java:1074)&#10;        at java.util.concurrent.ThreadPoolExecutor.runWorker(ThreadPoolExecutor.java:1134)&#10;        at java.util.concurrent.ThreadPoolExecutor$Worker.run(ThreadPoolExecutor.java:624)&#10;        at java.lang.Thread.run(Thread.java:748)&#10;&quot;IPC Server handler 16 on 45554&quot; daemon prio=5 tid=1951 timed_waiting&#10;java.lang.Thread.State: TIMED_WAITING&#10;        at sun.misc.Unsafe.park(Native Method)&#10;        at java.util.concurrent.locks.LockSupport.parkNanos(LockSupport.java:215)&#10;        at java.util.concurrent.locks.AbstractQueuedSynchronizer$ConditionObject.awaitNanos(AbstractQueuedSynchronizer.java:2078)&#10;        at java.util.concurrent.LinkedBlockingQueue.poll(LinkedBlockingQueue.java:467)&#10;        at org.apache.hadoop.ipc.CallQueueManager.take(CallQueueManager.java:288)&#10;        at org.apache.hadoop.ipc.Server$Handler.run(Server.java:2668)&#10;&quot;pool-178-thread-15&quot;  prio=5 tid=2440 in Object.wait()&#10;java.lang.Thread.State: WAITING (on object monitor)&#10;        at sun.misc.Unsafe.park(Native Method)&#10;        at java.util.concurrent.locks.LockSupport.park(LockSupport.java:175)&#10;        at java.util.concurrent.locks.AbstractQueuedSynchronizer$ConditionObject.await(AbstractQueuedSynchronizer.java:2039)&#10;        at java.util.concurrent.ArrayBlockingQueue.take(ArrayBlockingQueue.java:403)&#10;        at java.util.concurrent.ThreadPoolExecutor.getTask(ThreadPoolExecutor.java:1074)&#10;        at java.util.concurrent.ThreadPoolExecutor.runWorker(ThreadPoolExecutor.java:1134)&#10;        at java.util.concurrent.ThreadPoolExecutor$Worker.run(ThreadPoolExecutor.java:624)&#10;        at java.lang.Thread.run(Thread.java:748)&#10;&quot;pool-238-thread-42&quot;  prio=5 tid=2839 in Object.wait()&#10;java.lang.Thread.State: WAITING (on object monitor)&#10;        at sun.misc.Unsafe.park(Native Method)&#10;        at java.util.concurrent.locks.LockSupport.park(LockSupport.java:175)&#10;        at java.util.concurrent.locks.AbstractQueuedSynchronizer$ConditionObject.await(AbstractQueuedSynchronizer.java:2039)&#10;        at java.util.concurrent.ArrayBlockingQueue.take(ArrayBlockingQueue.java:403)&#10;        at java.util.concurrent.ThreadPoolExecutor.getTask(ThreadPoolExecutor.java:1074)&#10;        at java.util.concurrent.ThreadPoolExecutor.runWorker(ThreadPoolExecutor.java:1134)&#10;        at java.util.concurrent.ThreadPoolExecutor$Worker.run(ThreadPoolExecutor.java:624)&#10;        at java.lang.Thread.run(Thread.java:748)&#10;&quot;Command processor thread&quot; daemon prio=5 tid=2235 timed_waiting&#10;java.lang.Thread.State: TIMED_WAITING&#10;        at java.lang.Thread.sleep(Native Method)&#10;        at org.apache.hadoop.ozone.container.common.statemachine.DatanodeStateMachine.lambda$initCommandHandlerThread$1(DatanodeStateMachine.java:439)&#10;        at org.apache.hadoop.ozone.container.common.statemachine.DatanodeStateMachine$$Lambda$142/1603672614.run(Unknown Source)&#10;        at java.lang.Thread.run(Thread.java:748)&#10;&quot;Timer for &apos;StorageContainerManager&apos; metrics system&quot; daemon prio=5 tid=1850 timed_waiting&#10;java.lang.Thread.State: TIMED_WAITING&#10;        at java.lang.Object.wait(Native Method)&#10;        at java.util.TimerThread.mainLoop(Timer.java:552)&#10;        at java.util.TimerThread.run(Timer.java:505)&#10;&quot;pool-168-thread-36&quot;  prio=5 tid=2399 in Object.wait()&#10;java.lang.Thread.State: WAITING (on object monitor)&#10;        at sun.misc.Unsafe.park(Native Method)&#10;        at java.util.concurrent.locks.LockSupport.park(LockSupport.java:175)&#10;        at java.util.concurrent.locks.AbstractQueuedSynchronizer$ConditionObject.await(AbstractQueuedSynchronizer.java:2039)&#10;        at java.util.concurrent.ArrayBlockingQueue.take(ArrayBlockingQueue.java:403)&#10;        at java.util.concurrent.ThreadPoolExecutor.getTask(ThreadPoolExecutor.java:1074)&#10;        at java.util.concurrent.ThreadPoolExecutor.runWorker(ThreadPoolExecutor.java:1134)&#10;        at java.util.concurrent.ThreadPoolExecutor$Worker.run(ThreadPoolExecutor.java:624)&#10;        at java.lang.Thread.run(Thread.java:748)&#10;&quot;pool-168-thread-58&quot;  prio=5 tid=2421 in Object.wait()&#10;java.lang.Thread.State: WAITING (on object monitor)&#10;        at sun.misc.Unsafe.park(Native Method)&#10;        at java.util.concurrent.locks.LockSupport.park(LockSupport.java:175)&#10;        at java.util.concurrent.locks.AbstractQueuedSynchronizer$ConditionObject.await(AbstractQueuedSynchronizer.java:2039)&#10;        at java.util.concurrent.ArrayBlockingQueue.take(ArrayBlockingQueue.java:403)&#10;        at java.util.concurrent.ThreadPoolExecutor.getTask(ThreadPoolExecutor.java:1074)&#10;        at java.util.concurrent.ThreadPoolExecutor.runWorker(ThreadPoolExecutor.java:1134)&#10;        at java.util.concurrent.ThreadPoolExecutor$Worker.run(ThreadPoolExecutor.java:624)&#10;        at java.lang.Thread.run(Thread.java:748)&#10;&quot;pool-168-thread-47&quot;  prio=5 tid=2410 in Object.wait()&#10;java.lang.Thread.State: WAITING (on object monitor)&#10;        at sun.misc.Unsafe.park(Native Method)&#10;        at java.util.concurrent.locks.LockSupport.park(LockSupport.java:175)&#10;        at java.util.concurrent.locks.AbstractQueuedSynchronizer$ConditionObject.await(AbstractQueuedSynchronizer.java:2039)&#10;        at java.util.concurrent.ArrayBlockingQueue.take(ArrayBlockingQueue.java:403)&#10;        at java.util.concurrent.ThreadPoolExecutor.getTask(ThreadPoolExecutor.java:1074)&#10;        at java.util.concurrent.ThreadPoolExecutor.runWorker(ThreadPoolExecutor.java:1134)&#10;        at java.util.concurrent.ThreadPoolExecutor$Worker.run(ThreadPoolExecutor.java:624)&#10;        at java.lang.Thread.run(Thread.java:748)&#10;&quot;pool-238-thread-37&quot;  prio=5 tid=2834 in Object.wait()&#10;java.lang.Thread.State: WAITING (on object monitor)&#10;        at sun.misc.Unsafe.park(Native Method)&#10;        at java.util.concurrent.locks.LockSupport.park(LockSupport.java:175)&#10;        at java.util.concurrent.locks.AbstractQueuedSynchronizer$ConditionObject.await(AbstractQueuedSynchronizer.java:2039)&#10;        at java.util.concurrent.ArrayBlockingQueue.take(ArrayBlockingQueue.java:403)&#10;        at java.util.concurrent.ThreadPoolExecutor.getTask(ThreadPoolExecutor.java:1074)&#10;        at java.util.concurrent.ThreadPoolExecutor.runWorker(ThreadPoolExecutor.java:1134)&#10;        at java.util.concurrent.ThreadPoolExecutor$Worker.run(ThreadPoolExecutor.java:624)&#10;        at java.lang.Thread.run(Thread.java:748)&#10;&quot;grpc-default-worker-ELG-3-3&quot; daemon prio=5 tid=1055 runnable&#10;java.lang.Thread.State: RUNNABLE&#10;        at sun.nio.ch.EPollArrayWrapper.epollWait(Native Method)&#10;        at sun.nio.ch.EPollArrayWrapper.poll(EPollArrayWrapper.java:269)&#10;        at sun.nio.ch.EPollSelectorImpl.doSelect(EPollSelectorImpl.java:93)&#10;        at sun.nio.ch.SelectorImpl.lockAndDoSelect(SelectorImpl.java:86)&#10;        at sun.nio.ch.SelectorImpl.select(SelectorImpl.java:97)&#10;        at org.apache.ratis.thirdparty.io.netty.channel.nio.SelectedSelectionKeySetSelector.select(SelectedSelectionKeySetSelector.java:62)&#10;        at org.apache.ratis.thirdparty.io.netty.channel.nio.NioEventLoop.select(NioEventLoop.java:753)&#10;        at org.apache.ratis.thirdparty.io.netty.channel.nio.NioEventLoop.run(NioEventLoop.java:408)&#10;        at org.apache.ratis.thirdparty.io.netty.util.concurrent.SingleThreadEventExecutor$5.run(SingleThreadEventExecutor.java:897)&#10;        at org.apache.ratis.thirdparty.io.netty.util.concurrent.FastThreadLocalRunnable.run(FastThreadLocalRunnable.java:30)&#10;        at java.lang.Thread.run(Thread.java:748)&#10;&quot;pool-158-thread-48&quot;  prio=5 tid=2349 in Object.wait()&#10;java.lang.Thread.State: WAITING (on object monitor)&#10;        at sun.misc.Unsafe.park(Native Method)&#10;        at java.util.concurrent.locks.LockSupport.park(LockSupport.java:175)&#10;        at java.util.concurrent.locks.AbstractQueuedSynchronizer$ConditionObject.await(AbstractQueuedSynchronizer.java:2039)&#10;        at java.util.concurrent.ArrayBlockingQueue.take(ArrayBlockingQueue.java:403)&#10;        at java.util.concurrent.ThreadPoolExecutor.getTask(ThreadPoolExecutor.java:1074)&#10;        at java.util.concurrent.ThreadPoolExecutor.runWorker(ThreadPoolExecutor.java:1134)&#10;        at java.util.concurrent.ThreadPoolExecutor$Worker.run(ThreadPoolExecutor.java:624)&#10;        at java.lang.Thread.run(Thread.java:748)&#10;&quot;IPC Server handler 8 on 35974&quot; daemon prio=5 tid=1860 timed_waiting&#10;java.lang.Thread.State: TIMED_WAITING&#10;        at sun.misc.Unsafe.park(Native Method)&#10;        at java.util.concurrent.locks.LockSupport.parkNanos(LockSupport.java:215)&#10;        at java.util.concurrent.locks.AbstractQueuedSynchronizer$ConditionObject.awaitNanos(AbstractQueuedSynchronizer.java:2078)&#10;        at java.util.concurrent.LinkedBlockingQueue.poll(LinkedBlockingQueue.java:467)&#10;        at org.apache.hadoop.ipc.CallQueueManager.take(CallQueueManager.java:288)&#10;        at org.apache.hadoop.ipc.Server$Handler.run(Server.java:2668)&#10;&quot;8344cb33-ae61-4ff3-97f7-00b91742683d@group-A7405D5AD40E-StateMachineUpdater&quot; daemon prio=5 tid=3125 in Object.wait()&#10;java.lang.Thread.State: WAITING (on object monitor)&#10;        at java.lang.Object.wait(Native Method)&#10;        at java.lang.Object.wait(Object.java:502)&#10;        at org.apache.ratis.server.impl.StateMachineUpdater.waitForCommit(StateMachineUpdater.java:194)&#10;        at org.apache.ratis.server.impl.StateMachineUpdater.run(StateMachineUpdater.java:159)&#10;        at java.lang.Thread.run(Thread.java:748)&#10;&quot;pool-188-thread-30&quot;  prio=5 tid=2517 in Object.wait()&#10;java.lang.Thread.State: WAITING (on object monitor)&#10;        at sun.misc.Unsafe.park(Native Method)&#10;        at java.util.concurrent.locks.LockSupport.park(LockSupport.java:175)&#10;        at java.util.concurrent.locks.AbstractQueuedSynchronizer$ConditionObject.await(AbstractQueuedSynchronizer.java:2039)&#10;        at java.util.concurrent.ArrayBlockingQueue.take(ArrayBlockingQueue.java:403)&#10;        at java.util.concurrent.ThreadPoolExecutor.getTask(ThreadPoolExecutor.java:1074)&#10;        at java.util.concurrent.ThreadPoolExecutor.runWorker(ThreadPoolExecutor.java:1134)&#10;        at java.util.concurrent.ThreadPoolExecutor$Worker.run(ThreadPoolExecutor.java:624)&#10;        at java.lang.Thread.run(Thread.java:748)&#10;&quot;pool-178-thread-51&quot;  prio=5 tid=2476 in Object.wait()&#10;java.lang.Thread.State: WAITING (on object monitor)&#10;        at sun.misc.Unsafe.park(Native Method)&#10;        at java.util.concurrent.locks.LockSupport.park(LockSupport.java:175)&#10;        at java.util.concurrent.locks.AbstractQueuedSynchronizer$ConditionObject.await(AbstractQueuedSynchronizer.java:2039)&#10;        at java.util.concurrent.ArrayBlockingQueue.take(ArrayBlockingQueue.java:403)&#10;        at java.util.concurrent.ThreadPoolExecutor.getTask(ThreadPoolExecutor.java:1074)&#10;        at java.util.concurrent.ThreadPoolExecutor.runWorker(ThreadPoolExecutor.java:1134)&#10;        at java.util.concurrent.ThreadPoolExecutor$Worker.run(ThreadPoolExecutor.java:624)&#10;        at java.lang.Thread.run(Thread.java:748)&#10;&quot;Datanode ReportManager Thread - 0&quot; daemon prio=5 tid=360 in Object.wait()&#10;java.lang.Thread.State: WAITING (on object monitor)&#10;        at sun.misc.Unsafe.park(Native Method)&#10;        at java.util.concurrent.locks.LockSupport.park(LockSupport.java:175)&#10;        at java.util.concurrent.locks.AbstractQueuedSynchronizer$ConditionObject.await(AbstractQueuedSynchronizer.java:2039)&#10;        at java.util.concurrent.ScheduledThreadPoolExecutor$DelayedWorkQueue.take(ScheduledThreadPoolExecutor.java:1088)&#10;        at java.util.concurrent.ScheduledThreadPoolExecutor$DelayedWorkQueue.take(ScheduledThreadPoolExecutor.java:809)&#10;        at java.util.concurrent.ThreadPoolExecutor.getTask(ThreadPoolExecutor.java:1074)&#10;        at java.util.concurrent.ThreadPoolExecutor.runWorker(ThreadPoolExecutor.java:1134)&#10;        at java.util.concurrent.ThreadPoolExecutor$Worker.run(ThreadPoolExecutor.java:624)&#10;        at java.lang.Thread.run(Thread.java:748)&#10;&quot;pool-228-thread-1&quot;  prio=5 tid=2736 in Object.wait()&#10;java.lang.Thread.State: WAITING (on object monitor)&#10;        at sun.misc.Unsafe.park(Native Method)&#10;        at java.util.concurrent.locks.LockSupport.park(LockSupport.java:175)&#10;        at java.util.concurrent.locks.AbstractQueuedSynchronizer$ConditionObject.await(AbstractQueuedSynchronizer.java:2039)&#10;        at java.util.concurrent.ArrayBlockingQueue.take(ArrayBlockingQueue.java:403)&#10;        at java.util.concurrent.ThreadPoolExecutor.getTask(ThreadPoolExecutor.java:1074)&#10;        at java.util.concurrent.ThreadPoolExecutor.runWorker(ThreadPoolExecutor.java:1134)&#10;        at java.util.concurrent.ThreadPoolExecutor$Worker.run(ThreadPoolExecutor.java:624)&#10;        at java.lang.Thread.run(Thread.java:748)&#10;&quot;pool-158-thread-21&quot;  prio=5 tid=2322 in Object.wait()&#10;java.lang.Thread.State: WAITING (on object monitor)&#10;        at sun.misc.Unsafe.park(Native Method)&#10;        at java.util.concurrent.locks.LockSupport.park(LockSupport.java:175)&#10;        at java.util.concurrent.locks.AbstractQueuedSynchronizer$ConditionObject.await(AbstractQueuedSynchronizer.java:2039)&#10;        at java.util.concurrent.ArrayBlockingQueue.take(ArrayBlockingQueue.java:403)&#10;        at java.util.concurrent.ThreadPoolExecutor.getTask(ThreadPoolExecutor.java:1074)&#10;        at java.util.concurrent.ThreadPoolExecutor.runWorker(ThreadPoolExecutor.java:1134)&#10;        at java.util.concurrent.ThreadPoolExecutor$Worker.run(ThreadPoolExecutor.java:624)&#10;        at java.lang.Thread.run(Thread.java:748)&#10;&quot;pool-218-thread-51&quot;  prio=5 tid=2724 in Object.wait()&#10;java.lang.Thread.State: WAITING (on object monitor)&#10;        at sun.misc.Unsafe.park(Native Method)&#10;        at java.util.concurrent.locks.LockSupport.park(LockSupport.java:175)&#10;        at java.util.concurrent.locks.AbstractQueuedSynchronizer$ConditionObject.await(AbstractQueuedSynchronizer.java:2039)&#10;        at java.util.concurrent.ArrayBlockingQueue.take(ArrayBlockingQueue.java:403)&#10;        at java.util.concurrent.ThreadPoolExecutor.getTask(ThreadPoolExecutor.java:1074)&#10;        at java.util.concurrent.ThreadPoolExecutor.runWorker(ThreadPoolExecutor.java:1134)&#10;        at java.util.concurrent.ThreadPoolExecutor$Worker.run(ThreadPoolExecutor.java:624)&#10;        at java.lang.Thread.run(Thread.java:748)&#10;&quot;pool-232-thread-1&quot;  prio=5 tid=2191 timed_waiting&#10;java.lang.Thread.State: TIMED_WAITING&#10;        at sun.misc.Unsafe.park(Native Method)&#10;        at java.util.concurrent.locks.LockSupport.parkNanos(LockSupport.java:215)&#10;        at java.util.concurrent.locks.AbstractQueuedSynchronizer$ConditionObject.awaitNanos(AbstractQueuedSynchronizer.java:2078)&#10;        at java.util.concurrent.ScheduledThreadPoolExecutor$DelayedWorkQueue.take(ScheduledThreadPoolExecutor.java:1093)&#10;        at java.util.concurrent.ScheduledThreadPoolExecutor$DelayedWorkQueue.take(ScheduledThreadPoolExecutor.java:809)&#10;        at java.util.concurrent.ThreadPoolExecutor.getTask(ThreadPoolExecutor.java:1074)&#10;        at java.util.concurrent.ThreadPoolExecutor.runWorker(ThreadPoolExecutor.java:1134)&#10;        at java.util.concurrent.ThreadPoolExecutor$Worker.run(ThreadPoolExecutor.java:624)&#10;        at java.lang.Thread.run(Thread.java:748)&#10;&quot;pool-228-thread-42&quot;  prio=5 tid=2777 in Object.wait()&#10;java.lang.Thread.State: WAITING (on object monitor)&#10;        at sun.misc.Unsafe.park(Native Method)&#10;        at java.util.concurrent.locks.LockSupport.park(LockSupport.java:175)&#10;        at java.util.concurrent.locks.AbstractQueuedSynchronizer$ConditionObject.await(AbstractQueuedSynchronizer.java:2039)&#10;        at java.util.concurrent.ArrayBlockingQueue.take(ArrayBlockingQueue.java:403)&#10;        at java.util.concurrent.ThreadPoolExecutor.getTask(ThreadPoolExecutor.java:1074)&#10;        at java.util.concurrent.ThreadPoolExecutor.runWorker(ThreadPoolExecutor.java:1134)&#10;        at java.util.concurrent.ThreadPoolExecutor$Worker.run(ThreadPoolExecutor.java:624)&#10;        at java.lang.Thread.run(Thread.java:748)&#10;&quot;pool-198-thread-60&quot;  prio=5 tid=2609 in Object.wait()&#10;java.lang.Thread.State: WAITING (on object monitor)&#10;        at sun.misc.Unsafe.park(Native Method)&#10;        at java.util.concurrent.locks.LockSupport.park(LockSupport.java:175)&#10;        at java.util.concurrent.locks.AbstractQueuedSynchronizer$ConditionObject.await(AbstractQueuedSynchronizer.java:2039)&#10;        at java.util.concurrent.ArrayBlockingQueue.take(ArrayBlockingQueue.java:403)&#10;        at java.util.concurrent.ThreadPoolExecutor.getTask(ThreadPoolExecutor.java:1074)&#10;        at java.util.concurrent.ThreadPoolExecutor.runWorker(ThreadPoolExecutor.java:1134)&#10;        at java.util.concurrent.ThreadPoolExecutor$Worker.run(ThreadPoolExecutor.java:624)&#10;        at java.lang.Thread.run(Thread.java:748)&#10;&quot;pool-158-thread-22&quot;  prio=5 tid=2323 in Object.wait()&#10;java.lang.Thread.State: WAITING (on object monitor)&#10;        at sun.misc.Unsafe.park(Native Method)&#10;        at java.util.concurrent.locks.LockSupport.park(LockSupport.java:175)&#10;        at java.util.concurrent.locks.AbstractQueuedSynchronizer$ConditionObject.await(AbstractQueuedSynchronizer.java:2039)&#10;        at java.util.concurrent.ArrayBlockingQueue.take(ArrayBlockingQueue.java:403)&#10;        at java.util.concurrent.ThreadPoolExecutor.getTask(ThreadPoolExecutor.java:1074)&#10;        at java.util.concurrent.ThreadPoolExecutor.runWorker(ThreadPoolExecutor.java:1134)&#10;        at java.util.concurrent.ThreadPoolExecutor$Worker.run(ThreadPoolExecutor.java:624)&#10;        at java.lang.Thread.run(Thread.java:748)&#10;&quot;Thread-1534&quot; daemon prio=5 tid=3193 timed_waiting&#10;java.lang.Thread.State: TIMED_WAITING&#10;        at sun.misc.Unsafe.park(Native Method)&#10;        at java.util.concurrent.locks.LockSupport.parkNanos(LockSupport.java:215)&#10;        at java.util.concurrent.locks.AbstractQueuedSynchronizer$ConditionObject.awaitNanos(AbstractQueuedSynchronizer.java:2078)&#10;        at java.util.concurrent.ArrayBlockingQueue.poll(ArrayBlockingQueue.java:418)&#10;        at org.apache.ratis.server.impl.LeaderState$EventQueue.poll(LeaderState.java:115)&#10;        at org.apache.ratis.server.impl.LeaderState$EventProcessor.run(LeaderState.java:467)&#10;&quot;pool-208-thread-41&quot;  prio=5 tid=2652 in Object.wait()&#10;java.lang.Thread.State: WAITING (on object monitor)&#10;        at sun.misc.Unsafe.park(Native Method)&#10;        at java.util.concurrent.locks.LockSupport.park(LockSupport.java:175)&#10;        at java.util.concurrent.locks.AbstractQueuedSynchronizer$ConditionObject.await(AbstractQueuedSynchronizer.java:2039)&#10;        at java.util.concurrent.ArrayBlockingQueue.take(ArrayBlockingQueue.java:403)&#10;        at java.util.concurrent.ThreadPoolExecutor.getTask(ThreadPoolExecutor.java:1074)&#10;        at java.util.concurrent.ThreadPoolExecutor.runWorker(ThreadPoolExecutor.java:1134)&#10;        at java.util.concurrent.ThreadPoolExecutor$Worker.run(ThreadPoolExecutor.java:624)&#10;        at java.lang.Thread.run(Thread.java:748)&#10;&quot;pool-218-thread-21&quot;  prio=5 tid=2694 in Object.wait()&#10;java.lang.Thread.State: WAITING (on object monitor)&#10;        at sun.misc.Unsafe.park(Native Method)&#10;        at java.util.concurrent.locks.LockSupport.park(LockSupport.java:175)&#10;        at java.util.concurrent.locks.AbstractQueuedSynchronizer$ConditionObject.await(AbstractQueuedSynchronizer.java:2039)&#10;        at java.util.concurrent.ArrayBlockingQueue.take(ArrayBlockingQueue.java:403)&#10;        at java.util.concurrent.ThreadPoolExecutor.getTask(ThreadPoolExecutor.java:1074)&#10;        at java.util.concurrent.ThreadPoolExecutor.runWorker(ThreadPoolExecutor.java:1134)&#10;        at java.util.concurrent.ThreadPoolExecutor$Worker.run(ThreadPoolExecutor.java:624)&#10;        at java.lang.Thread.run(Thread.java:748)&#10;&quot;pool-218-thread-56&quot;  prio=5 tid=2729 in Object.wait()&#10;java.lang.Thread.State: WAITING (on object monitor)&#10;        at sun.misc.Unsafe.park(Native Method)&#10;        at java.util.concurrent.locks.LockSupport.park(LockSupport.java:175)&#10;        at java.util.concurrent.locks.AbstractQueuedSynchronizer$ConditionObject.await(AbstractQueuedSynchronizer.java:2039)&#10;        at java.util.concurrent.ArrayBlockingQueue.take(ArrayBlockingQueue.java:403)&#10;        at java.util.concurrent.ThreadPoolExecutor.getTask(ThreadPoolExecutor.java:1074)&#10;        at java.util.concurrent.ThreadPoolExecutor.runWorker(ThreadPoolExecutor.java:1134)&#10;        at java.util.concurrent.ThreadPoolExecutor$Worker.run(ThreadPoolExecutor.java:624)&#10;        at java.lang.Thread.run(Thread.java:748)&#10;&quot;pool-239-thread-1&quot;  prio=5 tid=2936 in Object.wait()&#10;java.lang.Thread.State: WAITING (on object monitor)&#10;        at sun.misc.Unsafe.park(Native Method)&#10;        at java.util.concurrent.locks.LockSupport.park(LockSupport.java:175)&#10;        at java.util.concurrent.locks.AbstractQueuedSynchronizer$ConditionObject.await(AbstractQueuedSynchronizer.java:2039)&#10;        at java.util.concurrent.LinkedBlockingQueue.take(LinkedBlockingQueue.java:442)&#10;        at java.util.concurrent.ThreadPoolExecutor.getTask(ThreadPoolExecutor.java:1074)&#10;        at java.util.concurrent.ThreadPoolExecutor.runWorker(ThreadPoolExecutor.java:1134)&#10;        at java.util.concurrent.ThreadPoolExecutor$Worker.run(ThreadPoolExecutor.java:624)&#10;        at java.lang.Thread.run(Thread.java:748)&#10;&quot;Periodic HDDS volume checker&quot;  prio=5 tid=2050 timed_waiting&#10;java.lang.Thread.State: TIMED_WAITING&#10;        at sun.misc.Unsafe.park(Native Method)&#10;        at java.util.concurrent.locks.LockSupport.parkNanos(LockSupport.java:215)&#10;        at java.util.concurrent.locks.AbstractQueuedSynchronizer$ConditionObject.awaitNanos(AbstractQueuedSynchronizer.java:2078)&#10;        at java.util.concurrent.ScheduledThreadPoolExecutor$DelayedWorkQueue.take(ScheduledThreadPoolExecutor.java:1093)&#10;        at java.util.concurrent.ScheduledThreadPoolExecutor$DelayedWorkQueue.take(ScheduledThreadPoolExecutor.java:809)&#10;        at java.util.concurrent.ThreadPoolExecutor.getTask(ThreadPoolExecutor.java:1074)&#10;        at java.util.concurrent.ThreadPoolExecutor.runWorker(ThreadPoolExecutor.java:1134)&#10;        at java.util.concurrent.ThreadPoolExecutor$Worker.run(ThreadPoolExecutor.java:624)&#10;        at java.lang.Thread.run(Thread.java:748)&#10;&quot;pool-208-thread-5&quot;  prio=5 tid=2616 in Object.wait()&#10;java.lang.Thread.State: WAITING (on object monitor)&#10;        at sun.misc.Unsafe.park(Native Method)&#10;        at java.util.concurrent.locks.LockSupport.park(LockSupport.java:175)&#10;        at java.util.concurrent.locks.AbstractQueuedSynchronizer$ConditionObject.await(AbstractQueuedSynchronizer.java:2039)&#10;        at java.util.concurrent.ArrayBlockingQueue.take(ArrayBlockingQueue.java:403)&#10;        at java.util.concurrent.ThreadPoolExecutor.getTask(ThreadPoolExecutor.java:1074)&#10;        at java.util.concurrent.ThreadPoolExecutor.runWorker(ThreadPoolExecutor.java:1134)&#10;        at java.util.concurrent.ThreadPoolExecutor$Worker.run(ThreadPoolExecutor.java:624)&#10;        at java.lang.Thread.run(Thread.java:748)&#10;&quot;pool-188-thread-26&quot;  prio=5 tid=2513 in Object.wait()&#10;java.lang.Thread.State: WAITING (on object monitor)&#10;        at sun.misc.Unsafe.park(Native Method)&#10;        at java.util.concurrent.locks.LockSupport.park(LockSupport.java:175)&#10;        at java.util.concurrent.locks.AbstractQueuedSynchronizer$ConditionObject.await(AbstractQueuedSynchronizer.java:2039)&#10;        at java.util.concurrent.ArrayBlockingQueue.take(ArrayBlockingQueue.java:403)&#10;        at java.util.concurrent.ThreadPoolExecutor.getTask(ThreadPoolExecutor.java:1074)&#10;        at java.util.concurrent.ThreadPoolExecutor.runWorker(ThreadPoolExecutor.java:1134)&#10;        at java.util.concurrent.ThreadPoolExecutor$Worker.run(ThreadPoolExecutor.java:624)&#10;        at java.lang.Thread.run(Thread.java:748)&#10;&quot;pool-158-thread-38&quot;  prio=5 tid=2339 in Object.wait()&#10;java.lang.Thread.State: WAITING (on object monitor)&#10;        at sun.misc.Unsafe.park(Native Method)&#10;        at java.util.concurrent.locks.LockSupport.park(LockSupport.java:175)&#10;        at java.util.concurrent.locks.AbstractQueuedSynchronizer$ConditionObject.await(AbstractQueuedSynchronizer.java:2039)&#10;        at java.util.concurrent.ArrayBlockingQueue.take(ArrayBlockingQueue.java:403)&#10;        at java.util.concurrent.ThreadPoolExecutor.getTask(ThreadPoolExecutor.java:1074)&#10;        at java.util.concurrent.ThreadPoolExecutor.runWorker(ThreadPoolExecutor.java:1134)&#10;        at java.util.concurrent.ThreadPoolExecutor$Worker.run(ThreadPoolExecutor.java:624)&#10;        at java.lang.Thread.run(Thread.java:748)&#10;&quot;qtp1553544410-2004-acceptor-0@6e4bf69c-ServerConnector@f3560d4{HTTP/1.1,[http/1.1]}{0.0.0.0:42210}&quot; daemon prio=3 tid=2004 runnable&#10;java.lang.Thread.State: RUNNABLE&#10;        at sun.nio.ch.ServerSocketChannelImpl.accept0(Native Method)&#10;        at sun.nio.ch.ServerSocketChannelImpl.accept(ServerSocketChannelImpl.java:422)&#10;        at sun.nio.ch.ServerSocketChannelImpl.accept(ServerSocketChannelImpl.java:250)&#10;        at org.eclipse.jetty.server.ServerConnector.accept(ServerConnector.java:397)&#10;        at org.eclipse.jetty.server.AbstractConnector$Acceptor.run(AbstractConnector.java:601)&#10;        at org.eclipse.jetty.util.thread.QueuedThreadPool.runJob(QueuedThreadPool.java:671)&#10;        at org.eclipse.jetty.util.thread.QueuedThreadPool$2.run(QueuedThreadPool.java:589)&#10;        at java.lang.Thread.run(Thread.java:748)&#10;&quot;Datanode ReportManager Thread - 2&quot; daemon prio=5 tid=362 in Object.wait()&#10;java.lang.Thread.State: WAITING (on object monitor)&#10;        at sun.misc.Unsafe.park(Native Method)&#10;        at java.util.concurrent.locks.LockSupport.park(LockSupport.java:175)&#10;        at java.util.concurrent.locks.AbstractQueuedSynchronizer$ConditionObject.await(AbstractQueuedSynchronizer.java:2039)&#10;        at java.util.concurrent.ScheduledThreadPoolExecutor$DelayedWorkQueue.take(ScheduledThreadPoolExecutor.java:1088)&#10;        at java.util.concurrent.ScheduledThreadPoolExecutor$DelayedWorkQueue.take(ScheduledThreadPoolExecutor.java:809)&#10;        at java.util.concurrent.ThreadPoolExecutor.getTask(ThreadPoolExecutor.java:1074)&#10;        at java.util.concurrent.ThreadPoolExecutor.runWorker(ThreadPoolExecutor.java:1134)&#10;        at java.util.concurrent.ThreadPoolExecutor$Worker.run(ThreadPoolExecutor.java:624)&#10;        at java.lang.Thread.run(Thread.java:748)&#10;&quot;pool-178-thread-58&quot;  prio=5 tid=2483 in Object.wait()&#10;java.lang.Thread.State: WAITING (on object monitor)&#10;        at sun.misc.Unsafe.park(Native Method)&#10;        at java.util.concurrent.locks.LockSupport.park(LockSupport.java:175)&#10;        at java.util.concurrent.locks.AbstractQueuedSynchronizer$ConditionObject.await(AbstractQueuedSynchronizer.java:2039)&#10;        at java.util.concurrent.ArrayBlockingQueue.take(ArrayBlockingQueue.java:403)&#10;        at java.util.concurrent.ThreadPoolExecutor.getTask(ThreadPoolExecutor.java:1074)&#10;        at java.util.concurrent.ThreadPoolExecutor.runWorker(ThreadPoolExecutor.java:1134)&#10;        at java.util.concurrent.ThreadPoolExecutor$Worker.run(ThreadPoolExecutor.java:624)&#10;        at java.lang.Thread.run(Thread.java:748)&#10;&quot;pool-158-thread-49&quot;  prio=5 tid=2350 in Object.wait()&#10;java.lang.Thread.State: WAITING (on object monitor)&#10;        at sun.misc.Unsafe.park(Native Method)&#10;        at java.util.concurrent.locks.LockSupport.park(LockSupport.java:175)&#10;        at java.util.concurrent.locks.AbstractQueuedSynchronizer$ConditionObject.await(AbstractQueuedSynchronizer.java:2039)&#10;        at java.util.concurrent.ArrayBlockingQueue.take(ArrayBlockingQueue.java:403)&#10;        at java.util.concurrent.ThreadPoolExecutor.getTask(ThreadPoolExecutor.java:1074)&#10;        at java.util.concurrent.ThreadPoolExecutor.runWorker(ThreadPoolExecutor.java:1134)&#10;        at java.util.concurrent.ThreadPoolExecutor$Worker.run(ThreadPoolExecutor.java:624)&#10;        at java.lang.Thread.run(Thread.java:748)&#10;&quot;Periodic HDDS volume checker&quot;  prio=5 tid=2104 timed_waiting&#10;java.lang.Thread.State: TIMED_WAITING&#10;        at sun.misc.Unsafe.park(Native Method)&#10;        at java.util.concurrent.locks.LockSupport.parkNanos(LockSupport.java:215)&#10;        at java.util.concurrent.locks.AbstractQueuedSynchronizer$ConditionObject.awaitNanos(AbstractQueuedSynchronizer.java:2078)&#10;        at java.util.concurrent.ScheduledThreadPoolExecutor$DelayedWorkQueue.take(ScheduledThreadPoolExecutor.java:1093)&#10;        at java.util.concurrent.ScheduledThreadPoolExecutor$DelayedWorkQueue.take(ScheduledThreadPoolExecutor.java:809)&#10;        at java.util.concurrent.ThreadPoolExecutor.getTask(ThreadPoolExecutor.java:1074)&#10;        at java.util.concurrent.ThreadPoolExecutor.runWorker(ThreadPoolExecutor.java:1134)&#10;        at java.util.concurrent.ThreadPoolExecutor$Worker.run(ThreadPoolExecutor.java:624)&#10;        at java.lang.Thread.run(Thread.java:748)&#10;&quot;PartialTableCache Cleanup Thread - 0&quot; daemon prio=5 tid=1356 in Object.wait()&#10;java.lang.Thread.State: WAITING (on object monitor)&#10;        at sun.misc.Unsafe.park(Native Method)&#10;        at java.util.concurrent.locks.LockSupport.park(LockSupport.java:175)&#10;        at java.util.concurrent.locks.AbstractQueuedSynchronizer$ConditionObject.await(AbstractQueuedSynchronizer.java:2039)&#10;        at java.util.concurrent.LinkedBlockingQueue.take(LinkedBlockingQueue.java:442)&#10;        at java.util.concurrent.ThreadPoolExecutor.getTask(ThreadPoolExecutor.java:1074)&#10;        at java.util.concurrent.ThreadPoolExecutor.runWorker(ThreadPoolExecutor.java:1134)&#10;        at java.util.concurrent.ThreadPoolExecutor$Worker.run(ThreadPoolExecutor.java:624)&#10;        at java.lang.Thread.run(Thread.java:748)&#10;&quot;pool-158-thread-30&quot;  prio=5 tid=2331 in Object.wait()&#10;java.lang.Thread.State: WAITING (on object monitor)&#10;        at sun.misc.Unsafe.park(Native Method)&#10;        at java.util.concurrent.locks.LockSupport.park(LockSupport.java:175)&#10;        at java.util.concurrent.locks.AbstractQueuedSynchronizer$ConditionObject.await(AbstractQueuedSynchronizer.java:2039)&#10;        at java.util.concurrent.ArrayBlockingQueue.take(ArrayBlockingQueue.java:403)&#10;        at java.util.concurrent.ThreadPoolExecutor.getTask(ThreadPoolExecutor.java:1074)&#10;        at java.util.concurrent.ThreadPoolExecutor.runWorker(ThreadPoolExecutor.java:1134)&#10;        at java.util.concurrent.ThreadPoolExecutor$Worker.run(ThreadPoolExecutor.java:624)&#10;        at java.lang.Thread.run(Thread.java:748)&#10;&quot;IPC Server handler 5 on 43737&quot; daemon prio=5 tid=1877 timed_waiting&#10;java.lang.Thread.State: TIMED_WAITING&#10;        at sun.misc.Unsafe.park(Native Method)&#10;        at java.util.concurrent.locks.LockSupport.parkNanos(LockSupport.java:215)&#10;        at java.util.concurrent.locks.AbstractQueuedSynchronizer$ConditionObject.awaitNanos(AbstractQueuedSynchronizer.java:2078)&#10;        at java.util.concurrent.LinkedBlockingQueue.poll(LinkedBlockingQueue.java:467)&#10;        at org.apache.hadoop.ipc.CallQueueManager.take(CallQueueManager.java:288)&#10;        at org.apache.hadoop.ipc.Server$Handler.run(Server.java:2668)&#10;&quot;19d9f0ed-7324-40ce-9ded-4f2ae42bdb1f@group-513E606754AA-StateMachineUpdater&quot; daemon prio=5 tid=3081 in Object.wait()&#10;java.lang.Thread.State: WAITING (on object monitor)&#10;        at java.lang.Object.wait(Native Method)&#10;        at java.lang.Object.wait(Object.java:502)&#10;        at org.apache.ratis.server.impl.StateMachineUpdater.waitForCommit(StateMachineUpdater.java:194)&#10;        at org.apache.ratis.server.impl.StateMachineUpdater.run(StateMachineUpdater.java:159)&#10;        at java.lang.Thread.run(Thread.java:748)&#10;&quot;86084ec4-dae7-4808-81c8-289a21d6f4dc@group-877CB685509D-StateMachineUpdater&quot; daemon prio=5 tid=3144 in Object.wait()&#10;java.lang.Thread.State: WAITING (on object monitor)&#10;        at java.lang.Object.wait(Native Method)&#10;        at java.lang.Object.wait(Object.java:502)&#10;        at org.apache.ratis.server.impl.StateMachineUpdater.waitForCommit(StateMachineUpdater.java:194)&#10;        at org.apache.ratis.server.impl.StateMachineUpdater.run(StateMachineUpdater.java:159)&#10;        at java.lang.Thread.run(Thread.java:748)&#10;&quot;pool-178-thread-29&quot;  prio=5 tid=2454 in Object.wait()&#10;java.lang.Thread.State: WAITING (on object monitor)&#10;        at sun.misc.Unsafe.park(Native Method)&#10;        at java.util.concurrent.locks.LockSupport.park(LockSupport.java:175)&#10;        at java.util.concurrent.locks.AbstractQueuedSynchronizer$ConditionObject.await(AbstractQueuedSynchronizer.java:2039)&#10;        at java.util.concurrent.ArrayBlockingQueue.take(ArrayBlockingQueue.java:403)&#10;        at java.util.concurrent.ThreadPoolExecutor.getTask(ThreadPoolExecutor.java:1074)&#10;        at java.util.concurrent.ThreadPoolExecutor.runWorker(ThreadPoolExecutor.java:1134)&#10;        at java.util.concurrent.ThreadPoolExecutor$Worker.run(ThreadPoolExecutor.java:624)&#10;        at java.lang.Thread.run(Thread.java:748)&#10;&quot;org.eclipse.jetty.server.session.HashSessionManager@4dac121dTimer&quot; daemon prio=5 tid=2120 timed_waiting&#10;java.lang.Thread.State: TIMED_WAITING&#10;        at sun.misc.Unsafe.park(Native Method)&#10;        at java.util.concurrent.locks.LockSupport.parkNanos(LockSupport.java:215)&#10;        at java.util.concurrent.locks.AbstractQueuedSynchronizer$ConditionObject.awaitNanos(AbstractQueuedSynchronizer.java:2078)&#10;        at java.util.concurrent.ScheduledThreadPoolExecutor$DelayedWorkQueue.take(ScheduledThreadPoolExecutor.java:1093)&#10;        at java.util.concurrent.ScheduledThreadPoolExecutor$DelayedWorkQueue.take(ScheduledThreadPoolExecutor.java:809)&#10;        at java.util.concurrent.ThreadPoolExecutor.getTask(ThreadPoolExecutor.java:1074)&#10;        at java.util.concurrent.ThreadPoolExecutor.runWorker(ThreadPoolExecutor.java:1134)&#10;        at java.util.concurrent.ThreadPoolExecutor$Worker.run(ThreadPoolExecutor.java:624)&#10;        at java.lang.Thread.run(Thread.java:748)&#10;&quot;pool-208-thread-11&quot;  prio=5 tid=2622 in Object.wait()&#10;java.lang.Thread.State: WAITING (on object monitor)&#10;        at sun.misc.Unsafe.park(Native Method)&#10;        at java.util.concurrent.locks.LockSupport.park(LockSupport.java:175)&#10;        at java.util.concurrent.locks.AbstractQueuedSynchronizer$ConditionObject.await(AbstractQueuedSynchronizer.java:2039)&#10;        at java.util.concurrent.ArrayBlockingQueue.take(ArrayBlockingQueue.java:403)&#10;        at java.util.concurrent.ThreadPoolExecutor.getTask(ThreadPoolExecutor.java:1074)&#10;        at java.util.concurrent.ThreadPoolExecutor.runWorker(ThreadPoolExecutor.java:1134)&#10;        at java.util.concurrent.ThreadPoolExecutor$Worker.run(ThreadPoolExecutor.java:624)&#10;        at java.lang.Thread.run(Thread.java:748)&#10;&quot;pool-198-thread-3&quot;  prio=5 tid=2552 in Object.wait()&#10;java.lang.Thread.State: WAITING (on object monitor)&#10;        at sun.misc.Unsafe.park(Native Method)&#10;        at java.util.concurrent.locks.LockSupport.park(LockSupport.java:175)&#10;        at java.util.concurrent.locks.AbstractQueuedSynchronizer$ConditionObject.await(AbstractQueuedSynchronizer.java:2039)&#10;        at java.util.concurrent.ArrayBlockingQueue.take(ArrayBlockingQueue.java:403)&#10;        at java.util.concurrent.ThreadPoolExecutor.getTask(ThreadPoolExecutor.java:1074)&#10;        at java.util.concurrent.ThreadPoolExecutor.runWorker(ThreadPoolExecutor.java:1134)&#10;        at java.util.concurrent.ThreadPoolExecutor$Worker.run(ThreadPoolExecutor.java:624)&#10;        at java.lang.Thread.run(Thread.java:748)&#10;&quot;pool-178-thread-14&quot;  prio=5 tid=2439 in Object.wait()&#10;java.lang.Thread.State: WAITING (on object monitor)&#10;        at sun.misc.Unsafe.park(Native Method)&#10;        at java.util.concurrent.locks.LockSupport.park(LockSupport.java:175)&#10;        at java.util.concurrent.locks.AbstractQueuedSynchronizer$ConditionObject.await(AbstractQueuedSynchronizer.java:2039)&#10;        at java.util.concurrent.ArrayBlockingQueue.take(ArrayBlockingQueue.java:403)&#10;        at java.util.concurrent.ThreadPoolExecutor.getTask(ThreadPoolExecutor.java:1074)&#10;        at java.util.concurrent.ThreadPoolExecutor.runWorker(ThreadPoolExecutor.java:1134)&#10;        at java.util.concurrent.ThreadPoolExecutor$Worker.run(ThreadPoolExecutor.java:624)&#10;        at java.lang.Thread.run(Thread.java:748)&#10;&quot;IPC Server handler 3 on 43737&quot; daemon prio=5 tid=1875 timed_waiting&#10;java.lang.Thread.State: TIMED_WAITING&#10;        at sun.misc.Unsafe.park(Native Method)&#10;        at java.util.concurrent.locks.LockSupport.parkNanos(LockSupport.java:215)&#10;        at java.util.concurrent.locks.AbstractQueuedSynchronizer$ConditionObject.awaitNanos(AbstractQueuedSynchronizer.java:2078)&#10;        at java.util.concurrent.LinkedBlockingQueue.poll(LinkedBlockingQueue.java:467)&#10;        at org.apache.hadoop.ipc.CallQueueManager.take(CallQueueManager.java:288)&#10;        at org.apache.hadoop.ipc.Server$Handler.run(Server.java:2668)&#10;&quot;qtp141388791-2221&quot; daemon prio=5 tid=2221 timed_waiting&#10;java.lang.Thread.State: TIMED_WAITING&#10;        at sun.misc.Unsafe.park(Native Method)&#10;        at java.util.concurrent.locks.LockSupport.parkNanos(LockSupport.java:215)&#10;        at java.util.concurrent.locks.AbstractQueuedSynchronizer$ConditionObject.awaitNanos(AbstractQueuedSynchronizer.java:2078)&#10;        at org.eclipse.jetty.util.BlockingArrayQueue.poll(BlockingArrayQueue.java:392)&#10;        at org.eclipse.jetty.util.thread.QueuedThreadPool.idleJobPoll(QueuedThreadPool.java:563)&#10;        at org.eclipse.jetty.util.thread.QueuedThreadPool.access$800(QueuedThreadPool.java:48)&#10;        at org.eclipse.jetty.util.thread.QueuedThreadPool$2.run(QueuedThreadPool.java:626)&#10;        at java.lang.Thread.run(Thread.java:748)&#10;&quot;pool-208-thread-23&quot;  prio=5 tid=2634 in Object.wait()&#10;java.lang.Thread.State: WAITING (on object monitor)&#10;        at sun.misc.Unsafe.park(Native Method)&#10;        at java.util.concurrent.locks.LockSupport.park(LockSupport.java:175)&#10;        at java.util.concurrent.locks.AbstractQueuedSynchronizer$ConditionObject.await(AbstractQueuedSynchronizer.java:2039)&#10;        at java.util.concurrent.ArrayBlockingQueue.take(ArrayBlockingQueue.java:403)&#10;        at java.util.concurrent.ThreadPoolExecutor.getTask(ThreadPoolExecutor.java:1074)&#10;        at java.util.concurrent.ThreadPoolExecutor.runWorker(ThreadPoolExecutor.java:1134)&#10;        at java.util.concurrent.ThreadPoolExecutor$Worker.run(ThreadPoolExecutor.java:624)&#10;        at java.lang.Thread.run(Thread.java:748)&#10;&quot;SCM Heartbeat Processing Thread - 0&quot; daemon prio=5 tid=1836 timed_waiting&#10;java.lang.Thread.State: TIMED_WAITING&#10;        at sun.misc.Unsafe.park(Native Method)&#10;        at java.util.concurrent.locks.LockSupport.parkNanos(LockSupport.java:215)&#10;        at java.util.concurrent.locks.AbstractQueuedSynchronizer$ConditionObject.awaitNanos(AbstractQueuedSynchronizer.java:2078)&#10;        at java.util.concurrent.ScheduledThreadPoolExecutor$DelayedWorkQueue.take(ScheduledThreadPoolExecutor.java:1093)&#10;        at java.util.concurrent.ScheduledThreadPoolExecutor$DelayedWorkQueue.take(ScheduledThreadPoolExecutor.java:809)&#10;        at java.util.concurrent.ThreadPoolExecutor.getTask(ThreadPoolExecutor.java:1074)&#10;        at java.util.concurrent.ThreadPoolExecutor.runWorker(ThreadPoolExecutor.java:1134)&#10;        at java.util.concurrent.ThreadPoolExecutor$Worker.run(ThreadPoolExecutor.java:624)&#10;        at java.lang.Thread.run(Thread.java:748)&#10;&quot;pool-198-thread-39&quot;  prio=5 tid=2588 in Object.wait()&#10;java.lang.Thread.State: WAITING (on object monitor)&#10;        at sun.misc.Unsafe.park(Native Method)&#10;        at java.util.concurrent.locks.LockSupport.park(LockSupport.java:175)&#10;        at java.util.concurrent.locks.AbstractQueuedSynchronizer$ConditionObject.await(AbstractQueuedSynchronizer.java:2039)&#10;        at java.util.concurrent.ArrayBlockingQueue.take(ArrayBlockingQueue.java:403)&#10;        at java.util.concurrent.ThreadPoolExecutor.getTask(ThreadPoolExecutor.java:1074)&#10;        at java.util.concurrent.ThreadPoolExecutor.runWorker(ThreadPoolExecutor.java:1134)&#10;        at java.util.concurrent.ThreadPoolExecutor$Worker.run(ThreadPoolExecutor.java:624)&#10;        at java.lang.Thread.run(Thread.java:748)&#10;&quot;IPC Server listener on 35974&quot; daemon prio=5 tid=1845 runnable&#10;java.lang.Thread.State: RUNNABLE&#10;        at sun.nio.ch.EPollArrayWrapper.epollWait(Native Method)&#10;        at sun.nio.ch.EPollArrayWrapper.poll(EPollArrayWrapper.java:269)&#10;        at sun.nio.ch.EPollSelectorImpl.doSelect(EPollSelectorImpl.java:93)&#10;        at sun.nio.ch.SelectorImpl.lockAndDoSelect(SelectorImpl.java:86)&#10;        at sun.nio.ch.SelectorImpl.select(SelectorImpl.java:97)&#10;        at sun.nio.ch.SelectorImpl.select(SelectorImpl.java:101)&#10;        at org.apache.hadoop.ipc.Server$Listener.run(Server.java:1159)&#10;&quot;pool-228-thread-29&quot;  prio=5 tid=2764 in Object.wait()&#10;java.lang.Thread.State: WAITING (on object monitor)&#10;        at sun.misc.Unsafe.park(Native Method)&#10;        at java.util.concurrent.locks.LockSupport.park(LockSupport.java:175)&#10;        at java.util.concurrent.locks.AbstractQueuedSynchronizer$ConditionObject.await(AbstractQueuedSynchronizer.java:2039)&#10;        at java.util.concurrent.ArrayBlockingQueue.take(ArrayBlockingQueue.java:403)&#10;        at java.util.concurrent.ThreadPoolExecutor.getTask(ThreadPoolExecutor.java:1074)&#10;        at java.util.concurrent.ThreadPoolExecutor.runWorker(ThreadPoolExecutor.java:1134)&#10;        at java.util.concurrent.ThreadPoolExecutor$Worker.run(ThreadPoolExecutor.java:624)&#10;        at java.lang.Thread.run(Thread.java:748)&#10;&quot;pool-198-thread-48&quot;  prio=5 tid=2597 in Object.wait()&#10;java.lang.Thread.State: WAITING (on object monitor)&#10;        at sun.misc.Unsafe.park(Native Method)&#10;        at java.util.concurrent.locks.LockSupport.park(LockSupport.java:175)&#10;        at java.util.concurrent.locks.AbstractQueuedSynchronizer$ConditionObject.await(AbstractQueuedSynchronizer.java:2039)&#10;        at java.util.concurrent.ArrayBlockingQueue.take(ArrayBlockingQueue.java:403)&#10;        at java.util.concurrent.ThreadPoolExecutor.getTask(ThreadPoolExecutor.java:1074)&#10;        at java.util.concurrent.ThreadPoolExecutor.runWorker(ThreadPoolExecutor.java:1134)&#10;        at java.util.concurrent.ThreadPoolExecutor$Worker.run(ThreadPoolExecutor.java:624)&#10;        at java.lang.Thread.run(Thread.java:748)&#10;&quot;pool-208-thread-31&quot;  prio=5 tid=2642 in Object.wait()&#10;java.lang.Thread.State: WAITING (on object monitor)&#10;        at sun.misc.Unsafe.park(Native Method)&#10;        at java.util.concurrent.locks.LockSupport.park(LockSupport.java:175)&#10;        at java.util.concurrent.locks.AbstractQueuedSynchronizer$ConditionObject.await(AbstractQueuedSynchronizer.java:2039)&#10;        at java.util.concurrent.ArrayBlockingQueue.take(ArrayBlockingQueue.java:403)&#10;        at java.util.concurrent.ThreadPoolExecutor.getTask(ThreadPoolExecutor.java:1074)&#10;        at java.util.concurrent.ThreadPoolExecutor.runWorker(ThreadPoolExecutor.java:1134)&#10;        at java.util.concurrent.ThreadPoolExecutor$Worker.run(ThreadPoolExecutor.java:624)&#10;        at java.lang.Thread.run(Thread.java:748)&#10;&quot;BlockDeletingService#1&quot; daemon prio=5 tid=2797 in Object.wait()&#10;java.lang.Thread.State: WAITING (on object monitor)&#10;        at sun.misc.Unsafe.park(Native Method)&#10;        at java.util.concurrent.locks.LockSupport.park(LockSupport.java:175)&#10;        at java.util.concurrent.locks.AbstractQueuedSynchronizer$ConditionObject.await(AbstractQueuedSynchronizer.java:2039)&#10;        at java.util.concurrent.ScheduledThreadPoolExecutor$DelayedWorkQueue.take(ScheduledThreadPoolExecutor.java:1088)&#10;        at java.util.concurrent.ScheduledThreadPoolExecutor$DelayedWorkQueue.take(ScheduledThreadPoolExecutor.java:809)&#10;        at java.util.concurrent.ThreadPoolExecutor.getTask(ThreadPoolExecutor.java:1074)&#10;        at java.util.concurrent.ThreadPoolExecutor.runWorker(ThreadPoolExecutor.java:1134)&#10;        at java.util.concurrent.ThreadPoolExecutor$Worker.run(ThreadPoolExecutor.java:624)&#10;        at java.lang.Thread.run(Thread.java:748)&#10;&quot;Datanode State Machine Thread - 0&quot; daemon prio=5 tid=2095 timed_waiting&#10;java.lang.Thread.State: TIMED_WAITING&#10;        at java.lang.Thread.sleep(Native Method)&#10;        at org.apache.hadoop.ozone.container.common.statemachine.DatanodeStateMachine.start(DatanodeStateMachine.java:191)&#10;        at org.apache.hadoop.ozone.container.common.statemachine.DatanodeStateMachine.lambda$startDaemon$0(DatanodeStateMachine.java:349)&#10;        at org.apache.hadoop.ozone.container.common.statemachine.DatanodeStateMachine$$Lambda$141/1594065480.run(Unknown Source)&#10;        at java.lang.Thread.run(Thread.java:748)&#10;&quot;pool-238-thread-56&quot;  prio=5 tid=2853 in Object.wait()&#10;java.lang.Thread.State: WAITING (on object monitor)&#10;        at sun.misc.Unsafe.park(Native Method)&#10;        at java.util.concurrent.locks.LockSupport.park(LockSupport.java:175)&#10;        at java.util.concurrent.locks.AbstractQueuedSynchronizer$ConditionObject.await(AbstractQueuedSynchronizer.java:2039)&#10;        at java.util.concurrent.ArrayBlockingQueue.take(ArrayBlockingQueue.java:403)&#10;        at java.util.concurrent.ThreadPoolExecutor.getTask(ThreadPoolExecutor.java:1074)&#10;        at java.util.concurrent.ThreadPoolExecutor.runWorker(ThreadPoolExecutor.java:1134)&#10;        at java.util.concurrent.ThreadPoolExecutor$Worker.run(ThreadPoolExecutor.java:624)&#10;        at java.lang.Thread.run(Thread.java:748)&#10;&quot;pool-188-thread-22&quot;  prio=5 tid=2509 in Object.wait()&#10;java.lang.Thread.State: WAITING (on object monitor)&#10;        at sun.misc.Unsafe.park(Native Method)&#10;        at java.util.concurrent.locks.LockSupport.park(LockSupport.java:175)&#10;        at java.util.concurrent.locks.AbstractQueuedSynchronizer$ConditionObject.await(AbstractQueuedSynchronizer.java:2039)&#10;        at java.util.concurrent.ArrayBlockingQueue.take(ArrayBlockingQueue.java:403)&#10;        at java.util.concurrent.ThreadPoolExecutor.getTask(ThreadPoolExecutor.java:1074)&#10;        at java.util.concurrent.ThreadPoolExecutor.runWorker(ThreadPoolExecutor.java:1134)&#10;        at java.util.concurrent.ThreadPoolExecutor$Worker.run(ThreadPoolExecutor.java:624)&#10;        at java.lang.Thread.run(Thread.java:748)&#10;&quot;pool-228-thread-21&quot;  prio=5 tid=2756 in Object.wait()&#10;java.lang.Thread.State: WAITING (on object monitor)&#10;        at sun.misc.Unsafe.park(Native Method)&#10;        at java.util.concurrent.locks.LockSupport.park(LockSupport.java:175)&#10;        at java.util.concurrent.locks.AbstractQueuedSynchronizer$ConditionObject.await(AbstractQueuedSynchronizer.java:2039)&#10;        at java.util.concurrent.ArrayBlockingQueue.take(ArrayBlockingQueue.java:403)&#10;        at java.util.concurrent.ThreadPoolExecutor.getTask(ThreadPoolExecutor.java:1074)&#10;        at java.util.concurrent.ThreadPoolExecutor.runWorker(ThreadPoolExecutor.java:1134)&#10;        at java.util.concurrent.ThreadPoolExecutor$Worker.run(ThreadPoolExecutor.java:624)&#10;        at java.lang.Thread.run(Thread.java:748)&#10;&quot;pool-168-thread-24&quot;  prio=5 tid=2387 in Object.wait()&#10;java.lang.Thread.State: WAITING (on object monitor)&#10;        at sun.misc.Unsafe.park(Native Method)&#10;        at java.util.concurrent.locks.LockSupport.park(LockSupport.java:175)&#10;        at java.util.concurrent.locks.AbstractQueuedSynchronizer$ConditionObject.await(AbstractQueuedSynchronizer.java:2039)&#10;        at java.util.concurrent.ArrayBlockingQueue.take(ArrayBlockingQueue.java:403)&#10;        at java.util.concurrent.ThreadPoolExecutor.getTask(ThreadPoolExecutor.java:1074)&#10;        at java.util.concurrent.ThreadPoolExecutor.runWorker(ThreadPoolExecutor.java:1134)&#10;        at java.util.concurrent.ThreadPoolExecutor$Worker.run(ThreadPoolExecutor.java:624)&#10;        at java.lang.Thread.run(Thread.java:748)&#10;&quot;Datanode ReportManager Thread - 1&quot; daemon prio=5 tid=2097 timed_waiting&#10;java.lang.Thread.State: TIMED_WAITING&#10;        at sun.misc.Unsafe.park(Native Method)&#10;        at java.util.concurrent.locks.LockSupport.parkNanos(LockSupport.java:215)&#10;        at java.util.concurrent.locks.AbstractQueuedSynchronizer$ConditionObject.awaitNanos(AbstractQueuedSynchronizer.java:2078)&#10;        at java.util.concurrent.ScheduledThreadPoolExecutor$DelayedWorkQueue.take(ScheduledThreadPoolExecutor.java:1093)&#10;        at java.util.concurrent.ScheduledThreadPoolExecutor$DelayedWorkQueue.take(ScheduledThreadPoolExecutor.java:809)&#10;        at java.util.concurrent.ThreadPoolExecutor.getTask(ThreadPoolExecutor.java:1074)&#10;        at java.util.concurrent.ThreadPoolExecutor.runWorker(ThreadPoolExecutor.java:1134)&#10;        at java.util.concurrent.ThreadPoolExecutor$Worker.run(ThreadPoolExecutor.java:624)&#10;        at java.lang.Thread.run(Thread.java:748)&#10;&quot;IPC Server handler 13 on 35974&quot; daemon prio=5 tid=1865 timed_waiting&#10;java.lang.Thread.State: TIMED_WAITING&#10;        at sun.misc.Unsafe.park(Native Method)&#10;        at java.util.concurrent.locks.LockSupport.parkNanos(LockSupport.java:215)&#10;        at java.util.concurrent.locks.AbstractQueuedSynchronizer$ConditionObject.awaitNanos(AbstractQueuedSynchronizer.java:2078)&#10;        at java.util.concurrent.LinkedBlockingQueue.poll(LinkedBlockingQueue.java:467)&#10;        at org.apache.hadoop.ipc.CallQueueManager.take(CallQueueManager.java:288)&#10;        at org.apache.hadoop.ipc.Server$Handler.run(Server.java:2668)&#10;&quot;Thread-1530&quot; daemon prio=5 tid=3189 timed_waiting&#10;java.lang.Thread.State: TIMED_WAITING&#10;        at java.lang.Thread.sleep(Native Method)&#10;        at org.apache.ratis.util.JavaUtils.sleep(JavaUtils.java:243)&#10;        at org.apache.ratis.server.impl.FollowerState.run(FollowerState.java:100)&#10;&quot;IPC Server handler 2 on 35974&quot; daemon prio=5 tid=1854 timed_waiting&#10;java.lang.Thread.State: TIMED_WAITING&#10;        at sun.misc.Unsafe.park(Native Method)&#10;        at java.util.concurrent.locks.LockSupport.parkNanos(LockSupport.java:215)&#10;        at java.util.concurrent.locks.AbstractQueuedSynchronizer$ConditionObject.awaitNanos(AbstractQueuedSynchronizer.java:2078)&#10;        at java.util.concurrent.LinkedBlockingQueue.poll(LinkedBlockingQueue.java:467)&#10;        at org.apache.hadoop.ipc.CallQueueManager.take(CallQueueManager.java:288)&#10;        at org.apache.hadoop.ipc.Server$Handler.run(Server.java:2668)&#10;&quot;pool-148-thread-23&quot;  prio=5 tid=2261 in Object.wait()&#10;java.lang.Thread.State: WAITING (on object monitor)&#10;        at sun.misc.Unsafe.park(Native Method)&#10;        at java.util.concurrent.locks.LockSupport.park(LockSupport.java:175)&#10;        at java.util.concurrent.locks.AbstractQueuedSynchronizer$ConditionObject.await(AbstractQueuedSynchronizer.java:2039)&#10;        at java.util.concurrent.ArrayBlockingQueue.take(ArrayBlockingQueue.java:403)&#10;        at java.util.concurrent.ThreadPoolExecutor.getTask(ThreadPoolExecutor.java:1074)&#10;        at java.util.concurrent.ThreadPoolExecutor.runWorker(ThreadPoolExecutor.java:1134)&#10;        at java.util.concurrent.ThreadPoolExecutor$Worker.run(ThreadPoolExecutor.java:624)&#10;        at java.lang.Thread.run(Thread.java:748)&#10;&quot;Command processor thread&quot; daemon prio=5 tid=2127 timed_waiting&#10;java.lang.Thread.State: TIMED_WAITING&#10;        at java.lang.Thread.sleep(Native Method)&#10;        at org.apache.hadoop.ozone.container.common.statemachine.DatanodeStateMachine.lambda$initCommandHandlerThread$1(DatanodeStateMachine.java:439)&#10;        at org.apache.hadoop.ozone.container.common.statemachine.DatanodeStateMachine$$Lambda$142/1603672614.run(Unknown Source)&#10;        at java.lang.Thread.run(Thread.java:748)&#10;&quot;25c17e6e-60f2-43b7-8570-af6cc9981309@group-21F3445B4761-SegmentedRaftLogWorker&quot;  prio=5 tid=3065 timed_waiting&#10;java.lang.Thread.State: TIMED_WAITING&#10;        at sun.misc.Unsafe.park(Native Method)&#10;        at java.util.concurrent.locks.LockSupport.parkNanos(LockSupport.java:215)&#10;        at java.util.concurrent.locks.AbstractQueuedSynchronizer$ConditionObject.awaitNanos(AbstractQueuedSynchronizer.java:2078)&#10;        at org.apache.ratis.util.DataBlockingQueue.poll(DataBlockingQueue.java:137)&#10;        at org.apache.ratis.server.raftlog.segmented.SegmentedRaftLogWorker.run(SegmentedRaftLogWorker.java:282)&#10;        at java.lang.Thread.run(Thread.java:748)&#10;&quot;pool-178-thread-20&quot;  prio=5 tid=2445 in Object.wait()&#10;java.lang.Thread.State: WAITING (on object monitor)&#10;        at sun.misc.Unsafe.park(Native Method)&#10;        at java.util.concurrent.locks.LockSupport.park(LockSupport.java:175)&#10;        at java.util.concurrent.locks.AbstractQueuedSynchronizer$ConditionObject.await(AbstractQueuedSynchronizer.java:2039)&#10;        at java.util.concurrent.ArrayBlockingQueue.take(ArrayBlockingQueue.java:403)&#10;        at java.util.concurrent.ThreadPoolExecutor.getTask(ThreadPoolExecutor.java:1074)&#10;        at java.util.concurrent.ThreadPoolExecutor.runWorker(ThreadPoolExecutor.java:1134)&#10;        at java.util.concurrent.ThreadPoolExecutor$Worker.run(ThreadPoolExecutor.java:624)&#10;        at java.lang.Thread.run(Thread.java:748)&#10;&quot;pool-208-thread-34&quot;  prio=5 tid=2645 in Object.wait()&#10;java.lang.Thread.State: WAITING (on object monitor)&#10;        at sun.misc.Unsafe.park(Native Method)&#10;        at java.util.concurrent.locks.LockSupport.park(LockSupport.java:175)&#10;        at java.util.concurrent.locks.AbstractQueuedSynchronizer$ConditionObject.await(AbstractQueuedSynchronizer.java:2039)&#10;        at java.util.concurrent.ArrayBlockingQueue.take(ArrayBlockingQueue.java:403)&#10;        at java.util.concurrent.ThreadPoolExecutor.getTask(ThreadPoolExecutor.java:1074)&#10;        at java.util.concurrent.ThreadPoolExecutor.runWorker(ThreadPoolExecutor.java:1134)&#10;        at java.util.concurrent.ThreadPoolExecutor$Worker.run(ThreadPoolExecutor.java:624)&#10;        at java.lang.Thread.run(Thread.java:748)&#10;&quot;pool-168-thread-42&quot;  prio=5 tid=2405 in Object.wait()&#10;java.lang.Thread.State: WAITING (on object monitor)&#10;        at sun.misc.Unsafe.park(Native Method)&#10;        at java.util.concurrent.locks.LockSupport.park(LockSupport.java:175)&#10;        at java.util.concurrent.locks.AbstractQueuedSynchronizer$ConditionObject.await(AbstractQueuedSynchronizer.java:2039)&#10;        at java.util.concurrent.ArrayBlockingQueue.take(ArrayBlockingQueue.java:403)&#10;        at java.util.concurrent.ThreadPoolExecutor.getTask(ThreadPoolExecutor.java:1074)&#10;        at java.util.concurrent.ThreadPoolExecutor.runWorker(ThreadPoolExecutor.java:1134)&#10;        at java.util.concurrent.ThreadPoolExecutor$Worker.run(ThreadPoolExecutor.java:624)&#10;        at java.lang.Thread.run(Thread.java:748)&#10;&quot;pool-218-thread-58&quot;  prio=5 tid=2731 in Object.wait()&#10;java.lang.Thread.State: WAITING (on object monitor)&#10;        at sun.misc.Unsafe.park(Native Method)&#10;        at java.util.concurrent.locks.LockSupport.park(LockSupport.java:175)&#10;        at java.util.concurrent.locks.AbstractQueuedSynchronizer$ConditionObject.await(AbstractQueuedSynchronizer.java:2039)&#10;        at java.util.concurrent.ArrayBlockingQueue.take(ArrayBlockingQueue.java:403)&#10;        at java.util.concurrent.ThreadPoolExecutor.getTask(ThreadPoolExecutor.java:1074)&#10;        at java.util.concurrent.ThreadPoolExecutor.runWorker(ThreadPoolExecutor.java:1134)&#10;        at java.util.concurrent.ThreadPoolExecutor$Worker.run(ThreadPoolExecutor.java:624)&#10;        at java.lang.Thread.run(Thread.java:748)&#10;&quot;qtp2077150966-2088&quot; daemon prio=5 tid=2088 timed_waiting&#10;java.lang.Thread.State: TIMED_WAITING&#10;        at sun.misc.Unsafe.park(Native Method)&#10;        at java.util.concurrent.locks.LockSupport.parkNanos(LockSupport.java:215)&#10;        at java.util.concurrent.locks.AbstractQueuedSynchronizer$ConditionObject.awaitNanos(AbstractQueuedSynchronizer.java:2078)&#10;        at org.eclipse.jetty.util.BlockingArrayQueue.poll(BlockingArrayQueue.java:392)&#10;        at org.eclipse.jetty.util.thread.QueuedThreadPool.idleJobPoll(QueuedThreadPool.java:563)&#10;        at org.eclipse.jetty.util.thread.QueuedThreadPool.access$800(QueuedThreadPool.java:48)&#10;        at org.eclipse.jetty.util.thread.QueuedThreadPool$2.run(QueuedThreadPool.java:626)&#10;        at java.lang.Thread.run(Thread.java:748)&#10;&quot;pool-208-thread-46&quot;  prio=5 tid=2657 in Object.wait()&#10;java.lang.Thread.State: WAITING (on object monitor)&#10;        at sun.misc.Unsafe.park(Native Method)&#10;        at java.util.concurrent.locks.LockSupport.park(LockSupport.java:175)&#10;        at java.util.concurrent.locks.AbstractQueuedSynchronizer$ConditionObject.await(AbstractQueuedSynchronizer.java:2039)&#10;        at java.util.concurrent.ArrayBlockingQueue.take(ArrayBlockingQueue.java:403)&#10;        at java.util.concurrent.ThreadPoolExecutor.getTask(ThreadPoolExecutor.java:1074)&#10;        at java.util.concurrent.ThreadPoolExecutor.runWorker(ThreadPoolExecutor.java:1134)&#10;        at java.util.concurrent.ThreadPoolExecutor$Worker.run(ThreadPoolExecutor.java:624)&#10;        at java.lang.Thread.run(Thread.java:748)&#10;&quot;pool-228-thread-38&quot;  prio=5 tid=2773 in Object.wait()&#10;java.lang.Thread.State: WAITING (on object monitor)&#10;        at sun.misc.Unsafe.park(Native Method)&#10;        at java.util.concurrent.locks.LockSupport.park(LockSupport.java:175)&#10;        at java.util.concurrent.locks.AbstractQueuedSynchronizer$ConditionObject.await(AbstractQueuedSynchronizer.java:2039)&#10;        at java.util.concurrent.ArrayBlockingQueue.take(ArrayBlockingQueue.java:403)&#10;        at java.util.concurrent.ThreadPoolExecutor.getTask(ThreadPoolExecutor.java:1074)&#10;        at java.util.concurrent.ThreadPoolExecutor.runWorker(ThreadPoolExecutor.java:1134)&#10;        at java.util.concurrent.ThreadPoolExecutor$Worker.run(ThreadPoolExecutor.java:624)&#10;        at java.lang.Thread.run(Thread.java:748)&#10;&quot;qtp1365611185-2168&quot; daemon prio=5 tid=2168 timed_waiting&#10;java.lang.Thread.State: TIMED_WAITING&#10;        at sun.misc.Unsafe.park(Native Method)&#10;        at java.util.concurrent.locks.LockSupport.parkNanos(LockSupport.java:215)&#10;        at java.util.concurrent.locks.AbstractQueuedSynchronizer$ConditionObject.awaitNanos(AbstractQueuedSynchronizer.java:2078)&#10;        at org.eclipse.jetty.util.BlockingArrayQueue.poll(BlockingArrayQueue.java:392)&#10;        at org.eclipse.jetty.util.thread.QueuedThreadPool.idleJobPoll(QueuedThreadPool.java:563)&#10;        at org.eclipse.jetty.util.thread.QueuedThreadPool.access$800(QueuedThreadPool.java:48)&#10;        at org.eclipse.jetty.util.thread.QueuedThreadPool$2.run(QueuedThreadPool.java:626)&#10;        at java.lang.Thread.run(Thread.java:748)&#10;&quot;pool-168-thread-60&quot;  prio=5 tid=2423 in Object.wait()&#10;java.lang.Thread.State: WAITING (on object monitor)&#10;        at sun.misc.Unsafe.park(Native Method)&#10;        at java.util.concurrent.locks.LockSupport.park(LockSupport.java:175)&#10;        at java.util.concurrent.locks.AbstractQueuedSynchronizer$ConditionObject.await(AbstractQueuedSynchronizer.java:2039)&#10;        at java.util.concurrent.ArrayBlockingQueue.take(ArrayBlockingQueue.java:403)&#10;        at java.util.concurrent.ThreadPoolExecutor.getTask(ThreadPoolExecutor.java:1074)&#10;        at java.util.concurrent.ThreadPoolExecutor.runWorker(ThreadPoolExecutor.java:1134)&#10;        at java.util.concurrent.ThreadPoolExecutor$Worker.run(ThreadPoolExecutor.java:624)&#10;        at java.lang.Thread.run(Thread.java:748)&#10;&quot;pool-148-thread-11&quot;  prio=5 tid=2249 in Object.wait()&#10;java.lang.Thread.State: WAITING (on object monitor)&#10;        at sun.misc.Unsafe.park(Native Method)&#10;        at java.util.concurrent.locks.LockSupport.park(LockSupport.java:175)&#10;        at java.util.concurrent.locks.AbstractQueuedSynchronizer$ConditionObject.await(AbstractQueuedSynchronizer.java:2039)&#10;        at java.util.concurrent.ArrayBlockingQueue.take(ArrayBlockingQueue.java:403)&#10;        at java.util.concurrent.ThreadPoolExecutor.getTask(ThreadPoolExecutor.java:1074)&#10;        at java.util.concurrent.ThreadPoolExecutor.runWorker(ThreadPoolExecutor.java:1134)&#10;        at java.util.concurrent.ThreadPoolExecutor$Worker.run(ThreadPoolExecutor.java:624)&#10;        at java.lang.Thread.run(Thread.java:748)&#10;&quot;pool-198-thread-34&quot;  prio=5 tid=2583 in Object.wait()&#10;java.lang.Thread.State: WAITING (on object monitor)&#10;        at sun.misc.Unsafe.park(Native Method)&#10;        at java.util.concurrent.locks.LockSupport.park(LockSupport.java:175)&#10;        at java.util.concurrent.locks.AbstractQueuedSynchronizer$ConditionObject.await(AbstractQueuedSynchronizer.java:2039)&#10;        at java.util.concurrent.ArrayBlockingQueue.take(ArrayBlockingQueue.java:403)&#10;        at java.util.concurrent.ThreadPoolExecutor.getTask(ThreadPoolExecutor.java:1074)&#10;        at java.util.concurrent.ThreadPoolExecutor.runWorker(ThreadPoolExecutor.java:1134)&#10;        at java.util.concurrent.ThreadPoolExecutor$Worker.run(ThreadPoolExecutor.java:624)&#10;        at java.lang.Thread.run(Thread.java:748)&#10;&quot;pool-228-thread-59&quot;  prio=5 tid=2794 in Object.wait()&#10;java.lang.Thread.State: WAITING (on object monitor)&#10;        at sun.misc.Unsafe.park(Native Method)&#10;        at java.util.concurrent.locks.LockSupport.park(LockSupport.java:175)&#10;        at java.util.concurrent.locks.AbstractQueuedSynchronizer$ConditionObject.await(AbstractQueuedSynchronizer.java:2039)&#10;        at java.util.concurrent.ArrayBlockingQueue.take(ArrayBlockingQueue.java:403)&#10;        at java.util.concurrent.ThreadPoolExecutor.getTask(ThreadPoolExecutor.java:1074)&#10;        at java.util.concurrent.ThreadPoolExecutor.runWorker(ThreadPoolExecutor.java:1134)&#10;        at java.util.concurrent.ThreadPoolExecutor$Worker.run(ThreadPoolExecutor.java:624)&#10;        at java.lang.Thread.run(Thread.java:748)&#10;&quot;pool-218-thread-30&quot;  prio=5 tid=2703 in Object.wait()&#10;java.lang.Thread.State: WAITING (on object monitor)&#10;        at sun.misc.Unsafe.park(Native Method)&#10;        at java.util.concurrent.locks.LockSupport.park(LockSupport.java:175)&#10;        at java.util.concurrent.locks.AbstractQueuedSynchronizer$ConditionObject.await(AbstractQueuedSynchronizer.java:2039)&#10;        at java.util.concurrent.ArrayBlockingQueue.take(ArrayBlockingQueue.java:403)&#10;        at java.util.concurrent.ThreadPoolExecutor.getTask(ThreadPoolExecutor.java:1074)&#10;        at java.util.concurrent.ThreadPoolExecutor.runWorker(ThreadPoolExecutor.java:1134)&#10;        at java.util.concurrent.ThreadPoolExecutor$Worker.run(ThreadPoolExecutor.java:624)&#10;        at java.lang.Thread.run(Thread.java:748)&#10;&quot;59f802cb-c907-44a0-9069-e10bb38eff5d@group-A7405D5AD40E-StateMachineUpdater&quot; daemon prio=5 tid=3130 in Object.wait()&#10;java.lang.Thread.State: WAITING (on object monitor)&#10;        at java.lang.Object.wait(Native Method)&#10;        at java.lang.Object.wait(Object.java:502)&#10;        at org.apache.ratis.server.impl.StateMachineUpdater.waitForCommit(StateMachineUpdater.java:194)&#10;        at org.apache.ratis.server.impl.StateMachineUpdater.run(StateMachineUpdater.java:159)&#10;        at java.lang.Thread.run(Thread.java:748)&#10;&quot;qtp1090160486-1918&quot; daemon prio=5 tid=1918 timed_waiting&#10;java.lang.Thread.State: TIMED_WAITING&#10;        at sun.misc.Unsafe.park(Native Method)&#10;        at java.util.concurrent.locks.LockSupport.parkNanos(LockSupport.java:215)&#10;        at java.util.concurrent.locks.AbstractQueuedSynchronizer$ConditionObject.awaitNanos(AbstractQueuedSynchronizer.java:2078)&#10;        at org.eclipse.jetty.util.BlockingArrayQueue.poll(BlockingArrayQueue.java:392)&#10;        at org.eclipse.jetty.util.thread.QueuedThreadPool.idleJobPoll(QueuedThreadPool.java:563)&#10;        at org.eclipse.jetty.util.thread.QueuedThreadPool.access$800(QueuedThreadPool.java:48)&#10;        at org.eclipse.jetty.util.thread.QueuedThreadPool$2.run(QueuedThreadPool.java:626)&#10;        at java.lang.Thread.run(Thread.java:748)&#10;&quot;IPC Server handler 12 on 35974&quot; daemon prio=5 tid=1864 timed_waiting&#10;java.lang.Thread.State: TIMED_WAITING&#10;        at sun.misc.Unsafe.park(Native Method)&#10;        at java.util.concurrent.locks.LockSupport.parkNanos(LockSupport.java:215)&#10;        at java.util.concurrent.locks.AbstractQueuedSynchronizer$ConditionObject.awaitNanos(AbstractQueuedSynchronizer.java:2078)&#10;        at java.util.concurrent.LinkedBlockingQueue.poll(LinkedBlockingQueue.java:467)&#10;        at org.apache.hadoop.ipc.CallQueueManager.take(CallQueueManager.java:288)&#10;        at org.apache.hadoop.ipc.Server$Handler.run(Server.java:2668)&#10;&quot;IPC Server handler 15 on 45554&quot; daemon prio=5 tid=1950 timed_waiting&#10;java.lang.Thread.State: TIMED_WAITING&#10;        at sun.misc.Unsafe.park(Native Method)&#10;        at java.util.concurrent.locks.LockSupport.parkNanos(LockSupport.java:215)&#10;        at java.util.concurrent.locks.AbstractQueuedSynchronizer$ConditionObject.awaitNanos(AbstractQueuedSynchronizer.java:2078)&#10;        at java.util.concurrent.LinkedBlockingQueue.poll(LinkedBlockingQueue.java:467)&#10;        at org.apache.hadoop.ipc.CallQueueManager.take(CallQueueManager.java:288)&#10;        at org.apache.hadoop.ipc.Server$Handler.run(Server.java:2668)&#10;&quot;pool-148-thread-57&quot;  prio=5 tid=2295 in Object.wait()&#10;java.lang.Thread.State: WAITING (on object monitor)&#10;        at sun.misc.Unsafe.park(Native Method)&#10;        at java.util.concurrent.locks.LockSupport.park(LockSupport.java:175)&#10;        at java.util.concurrent.locks.AbstractQueuedSynchronizer$ConditionObject.await(AbstractQueuedSynchronizer.java:2039)&#10;        at java.util.concurrent.ArrayBlockingQueue.take(ArrayBlockingQueue.java:403)&#10;        at java.util.concurrent.ThreadPoolExecutor.getTask(ThreadPoolExecutor.java:1074)&#10;        at java.util.concurrent.ThreadPoolExecutor.runWorker(ThreadPoolExecutor.java:1134)&#10;        at java.util.concurrent.ThreadPoolExecutor$Worker.run(ThreadPoolExecutor.java:624)&#10;        at java.lang.Thread.run(Thread.java:748)&#10;&quot;pool-158-thread-36&quot;  prio=5 tid=2337 in Object.wait()&#10;java.lang.Thread.State: WAITING (on object monitor)&#10;        at sun.misc.Unsafe.park(Native Method)&#10;        at java.util.concurrent.locks.LockSupport.park(LockSupport.java:175)&#10;        at java.util.concurrent.locks.AbstractQueuedSynchronizer$ConditionObject.await(AbstractQueuedSynchronizer.java:2039)&#10;        at java.util.concurrent.ArrayBlockingQueue.take(ArrayBlockingQueue.java:403)&#10;        at java.util.concurrent.ThreadPoolExecutor.getTask(ThreadPoolExecutor.java:1074)&#10;        at java.util.concurrent.ThreadPoolExecutor.runWorker(ThreadPoolExecutor.java:1134)&#10;        at java.util.concurrent.ThreadPoolExecutor$Worker.run(ThreadPoolExecutor.java:624)&#10;        at java.lang.Thread.run(Thread.java:748)&#10;&quot;dadbf9b0-b155-425e-bdd4-f6aced2428ca@group-08FF9A873941-StateMachineUpdater&quot; daemon prio=5 tid=3118 in Object.wait()&#10;java.lang.Thread.State: WAITING (on object monitor)&#10;        at java.lang.Object.wait(Native Method)&#10;        at java.lang.Object.wait(Object.java:502)&#10;        at org.apache.ratis.server.impl.StateMachineUpdater.waitForCommit(StateMachineUpdater.java:194)&#10;        at org.apache.ratis.server.impl.StateMachineUpdater.run(StateMachineUpdater.java:159)&#10;        at java.lang.Thread.run(Thread.java:748)&#10;&quot;pool-158-thread-29&quot;  prio=5 tid=2330 in Object.wait()&#10;java.lang.Thread.State: WAITING (on object monitor)&#10;        at sun.misc.Unsafe.park(Native Method)&#10;        at java.util.concurrent.locks.LockSupport.park(LockSupport.java:175)&#10;        at java.util.concurrent.locks.AbstractQueuedSynchronizer$ConditionObject.await(AbstractQueuedSynchronizer.java:2039)&#10;        at java.util.concurrent.ArrayBlockingQueue.take(ArrayBlockingQueue.java:403)&#10;        at java.util.concurrent.ThreadPoolExecutor.getTask(ThreadPoolExecutor.java:1074)&#10;        at java.util.concurrent.ThreadPoolExecutor.runWorker(ThreadPoolExecutor.java:1134)&#10;        at java.util.concurrent.ThreadPoolExecutor$Worker.run(ThreadPoolExecutor.java:624)&#10;        at java.lang.Thread.run(Thread.java:748)&#10;&quot;BlockDeletingService#0&quot; daemon prio=5 tid=2796 timed_waiting&#10;java.lang.Thread.State: TIMED_WAITING&#10;        at sun.misc.Unsafe.park(Native Method)&#10;        at java.util.concurrent.locks.LockSupport.parkNanos(LockSupport.java:215)&#10;        at java.util.concurrent.locks.AbstractQueuedSynchronizer$ConditionObject.awaitNanos(AbstractQueuedSynchronizer.java:2078)&#10;        at java.util.concurrent.ScheduledThreadPoolExecutor$DelayedWorkQueue.take(ScheduledThreadPoolExecutor.java:1093)&#10;        at java.util.concurrent.ScheduledThreadPoolExecutor$DelayedWorkQueue.take(ScheduledThreadPoolExecutor.java:809)&#10;        at java.util.concurrent.ThreadPoolExecutor.getTask(ThreadPoolExecutor.java:1074)&#10;        at java.util.concurrent.ThreadPoolExecutor.runWorker(ThreadPoolExecutor.java:1134)&#10;        at java.util.concurrent.ThreadPoolExecutor$Worker.run(ThreadPoolExecutor.java:624)&#10;        at java.lang.Thread.run(Thread.java:748)&#10;&quot;pool-228-thread-19&quot;  prio=5 tid=2754 in Object.wait()&#10;java.lang.Thread.State: WAITING (on object monitor)&#10;        at sun.misc.Unsafe.park(Native Method)&#10;        at java.util.concurrent.locks.LockSupport.park(LockSupport.java:175)&#10;        at java.util.concurrent.locks.AbstractQueuedSynchronizer$ConditionObject.await(AbstractQueuedSynchronizer.java:2039)&#10;        at java.util.concurrent.ArrayBlockingQueue.take(ArrayBlockingQueue.java:403)&#10;        at java.util.concurrent.ThreadPoolExecutor.getTask(ThreadPoolExecutor.java:1074)&#10;        at java.util.concurrent.ThreadPoolExecutor.runWorker(ThreadPoolExecutor.java:1134)&#10;        at java.util.concurrent.ThreadPoolExecutor$Worker.run(ThreadPoolExecutor.java:624)&#10;        at java.lang.Thread.run(Thread.java:748)&#10;&quot;dd0e1198-6ba1-4c32-9ce2-054c25212f92@group-031444766508-SegmentedRaftLogWorker&quot;  prio=5 tid=3093 timed_waiting&#10;java.lang.Thread.State: TIMED_WAITING&#10;        at sun.misc.Unsafe.park(Native Method)&#10;        at java.util.concurrent.locks.LockSupport.parkNanos(LockSupport.java:215)&#10;        at java.util.concurrent.locks.AbstractQueuedSynchronizer$ConditionObject.awaitNanos(AbstractQueuedSynchronizer.java:2078)&#10;        at org.apache.ratis.util.DataBlockingQueue.poll(DataBlockingQueue.java:137)&#10;        at org.apache.ratis.server.raftlog.segmented.SegmentedRaftLogWorker.run(SegmentedRaftLogWorker.java:282)&#10;        at java.lang.Thread.run(Thread.java:748)&#10;&quot;pool-218-thread-8&quot;  prio=5 tid=2681 in Object.wait()&#10;java.lang.Thread.State: WAITING (on object monitor)&#10;        at sun.misc.Unsafe.park(Native Method)&#10;        at java.util.concurrent.locks.LockSupport.park(LockSupport.java:175)&#10;        at java.util.concurrent.locks.AbstractQueuedSynchronizer$ConditionObject.await(AbstractQueuedSynchronizer.java:2039)&#10;        at java.util.concurrent.ArrayBlockingQueue.take(ArrayBlockingQueue.java:403)&#10;        at java.util.concurrent.ThreadPoolExecutor.getTask(ThreadPoolExecutor.java:1074)&#10;        at java.util.concurrent.ThreadPoolExecutor.runWorker(ThreadPoolExecutor.java:1134)&#10;        at java.util.concurrent.ThreadPoolExecutor$Worker.run(ThreadPoolExecutor.java:624)&#10;        at java.lang.Thread.run(Thread.java:748)&#10;&quot;pool-208-thread-43&quot;  prio=5 tid=2654 in Object.wait()&#10;java.lang.Thread.State: WAITING (on object monitor)&#10;        at sun.misc.Unsafe.park(Native Method)&#10;        at java.util.concurrent.locks.LockSupport.park(LockSupport.java:175)&#10;        at java.util.concurrent.locks.AbstractQueuedSynchronizer$ConditionObject.await(AbstractQueuedSynchronizer.java:2039)&#10;        at java.util.concurrent.ArrayBlockingQueue.take(ArrayBlockingQueue.java:403)&#10;        at java.util.concurrent.ThreadPoolExecutor.getTask(ThreadPoolExecutor.java:1074)&#10;        at java.util.concurrent.ThreadPoolExecutor.runWorker(ThreadPoolExecutor.java:1134)&#10;        at java.util.concurrent.ThreadPoolExecutor$Worker.run(ThreadPoolExecutor.java:624)&#10;        at java.lang.Thread.run(Thread.java:748)&#10;&quot;DataNode DiskChecker thread 0&quot; daemon prio=5 tid=2107 timed_waiting&#10;java.lang.Thread.State: TIMED_WAITING&#10;        at sun.misc.Unsafe.park(Native Method)&#10;        at java.util.concurrent.locks.LockSupport.parkNanos(LockSupport.java:215)&#10;        at java.util.concurrent.SynchronousQueue$TransferStack.awaitFulfill(SynchronousQueue.java:460)&#10;        at java.util.concurrent.SynchronousQueue$TransferStack.transfer(SynchronousQueue.java:362)&#10;        at java.util.concurrent.SynchronousQueue.poll(SynchronousQueue.java:941)&#10;        at java.util.concurrent.ThreadPoolExecutor.getTask(ThreadPoolExecutor.java:1073)&#10;        at java.util.concurrent.ThreadPoolExecutor.runWorker(ThreadPoolExecutor.java:1134)&#10;        at java.util.concurrent.ThreadPoolExecutor$Worker.run(ThreadPoolExecutor.java:624)&#10;        at java.lang.Thread.run(Thread.java:748)&#10;&quot;Datanode ReportManager Thread - 0&quot; daemon prio=5 tid=414 in Object.wait()&#10;java.lang.Thread.State: WAITING (on object monitor)&#10;        at sun.misc.Unsafe.park(Native Method)&#10;        at java.util.concurrent.locks.LockSupport.park(LockSupport.java:175)&#10;        at java.util.concurrent.locks.AbstractQueuedSynchronizer$ConditionObject.await(AbstractQueuedSynchronizer.java:2039)&#10;        at java.util.concurrent.ScheduledThreadPoolExecutor$DelayedWorkQueue.take(ScheduledThreadPoolExecutor.java:1088)&#10;        at java.util.concurrent.ScheduledThreadPoolExecutor$DelayedWorkQueue.take(ScheduledThreadPoolExecutor.java:809)&#10;        at java.util.concurrent.ThreadPoolExecutor.getTask(ThreadPoolExecutor.java:1074)&#10;        at java.util.concurrent.ThreadPoolExecutor.runWorker(ThreadPoolExecutor.java:1134)&#10;        at java.util.concurrent.ThreadPoolExecutor$Worker.run(ThreadPoolExecutor.java:624)&#10;        at java.lang.Thread.run(Thread.java:748)&#10;&quot;pool-238-thread-36&quot;  prio=5 tid=2833 in Object.wait()&#10;java.lang.Thread.State: WAITING (on object monitor)&#10;        at sun.misc.Unsafe.park(Native Method)&#10;        at java.util.concurrent.locks.LockSupport.park(LockSupport.java:175)&#10;        at java.util.concurrent.locks.AbstractQueuedSynchronizer$ConditionObject.await(AbstractQueuedSynchronizer.java:2039)&#10;        at java.util.concurrent.ArrayBlockingQueue.take(ArrayBlockingQueue.java:403)&#10;        at java.util.concurrent.ThreadPoolExecutor.getTask(ThreadPoolExecutor.java:1074)&#10;        at java.util.concurrent.ThreadPoolExecutor.runWorker(ThreadPoolExecutor.java:1134)&#10;        at java.util.concurrent.ThreadPoolExecutor$Worker.run(ThreadPoolExecutor.java:624)&#10;        at java.lang.Thread.run(Thread.java:748)&#10;&quot;pool-198-thread-57&quot;  prio=5 tid=2606 in Object.wait()&#10;java.lang.Thread.State: WAITING (on object monitor)&#10;        at sun.misc.Unsafe.park(Native Method)&#10;        at java.util.concurrent.locks.LockSupport.park(LockSupport.java:175)&#10;        at java.util.concurrent.locks.AbstractQueuedSynchronizer$ConditionObject.await(AbstractQueuedSynchronizer.java:2039)&#10;        at java.util.concurrent.ArrayBlockingQueue.take(ArrayBlockingQueue.java:403)&#10;        at java.util.concurrent.ThreadPoolExecutor.getTask(ThreadPoolExecutor.java:1074)&#10;        at java.util.concurrent.ThreadPoolExecutor.runWorker(ThreadPoolExecutor.java:1134)&#10;        at java.util.concurrent.ThreadPoolExecutor$Worker.run(ThreadPoolExecutor.java:624)&#10;        at java.lang.Thread.run(Thread.java:748)&#10;&quot;pool-198-thread-53&quot;  prio=5 tid=2602 in Object.wait()&#10;java.lang.Thread.State: WAITING (on object monitor)&#10;        at sun.misc.Unsafe.park(Native Method)&#10;        at java.util.concurrent.locks.LockSupport.park(LockSupport.java:175)&#10;        at java.util.concurrent.locks.AbstractQueuedSynchronizer$ConditionObject.await(AbstractQueuedSynchronizer.java:2039)&#10;        at java.util.concurrent.ArrayBlockingQueue.take(ArrayBlockingQueue.java:403)&#10;        at java.util.concurrent.ThreadPoolExecutor.getTask(ThreadPoolExecutor.java:1074)&#10;        at java.util.concurrent.ThreadPoolExecutor.runWorker(ThreadPoolExecutor.java:1134)&#10;        at java.util.concurrent.ThreadPoolExecutor$Worker.run(ThreadPoolExecutor.java:624)&#10;        at java.lang.Thread.run(Thread.java:748)&#10;&quot;pool-148-thread-45&quot;  prio=5 tid=2283 in Object.wait()&#10;java.lang.Thread.State: WAITING (on object monitor)&#10;        at sun.misc.Unsafe.park(Native Method)&#10;        at java.util.concurrent.locks.LockSupport.park(LockSupport.java:175)&#10;        at java.util.concurrent.locks.AbstractQueuedSynchronizer$ConditionObject.await(AbstractQueuedSynchronizer.java:2039)&#10;        at java.util.concurrent.ArrayBlockingQueue.take(ArrayBlockingQueue.java:403)&#10;        at java.util.concurrent.ThreadPoolExecutor.getTask(ThreadPoolExecutor.java:1074)&#10;        at java.util.concurrent.ThreadPoolExecutor.runWorker(ThreadPoolExecutor.java:1134)&#10;        at java.util.concurrent.ThreadPoolExecutor$Worker.run(ThreadPoolExecutor.java:624)&#10;        at java.lang.Thread.run(Thread.java:748)&#10;&quot;pool-148-thread-6&quot;  prio=5 tid=2244 in Object.wait()&#10;java.lang.Thread.State: WAITING (on object monitor)&#10;        at sun.misc.Unsafe.park(Native Method)&#10;        at java.util.concurrent.locks.LockSupport.park(LockSupport.java:175)&#10;        at java.util.concurrent.locks.AbstractQueuedSynchronizer$ConditionObject.await(AbstractQueuedSynchronizer.java:2039)&#10;        at java.util.concurrent.ArrayBlockingQueue.take(ArrayBlockingQueue.java:403)&#10;        at java.util.concurrent.ThreadPoolExecutor.getTask(ThreadPoolExecutor.java:1074)&#10;        at java.util.concurrent.ThreadPoolExecutor.runWorker(ThreadPoolExecutor.java:1134)&#10;        at java.util.concurrent.ThreadPoolExecutor$Worker.run(ThreadPoolExecutor.java:624)&#10;        at java.lang.Thread.run(Thread.java:748)&#10;&quot;pool-208-thread-24&quot;  prio=5 tid=2635 in Object.wait()&#10;java.lang.Thread.State: WAITING (on object monitor)&#10;        at sun.misc.Unsafe.park(Native Method)&#10;        at java.util.concurrent.locks.LockSupport.park(LockSupport.java:175)&#10;        at java.util.concurrent.locks.AbstractQueuedSynchronizer$ConditionObject.await(AbstractQueuedSynchronizer.java:2039)&#10;        at java.util.concurrent.ArrayBlockingQueue.take(ArrayBlockingQueue.java:403)&#10;        at java.util.concurrent.ThreadPoolExecutor.getTask(ThreadPoolExecutor.java:1074)&#10;        at java.util.concurrent.ThreadPoolExecutor.runWorker(ThreadPoolExecutor.java:1134)&#10;        at java.util.concurrent.ThreadPoolExecutor$Worker.run(ThreadPoolExecutor.java:624)&#10;        at java.lang.Thread.run(Thread.java:748)&#10;&quot;pool-198-thread-14&quot;  prio=5 tid=2563 in Object.wait()&#10;java.lang.Thread.State: WAITING (on object monitor)&#10;        at sun.misc.Unsafe.park(Native Method)&#10;        at java.util.concurrent.locks.LockSupport.park(LockSupport.java:175)&#10;        at java.util.concurrent.locks.AbstractQueuedSynchronizer$ConditionObject.await(AbstractQueuedSynchronizer.java:2039)&#10;        at java.util.concurrent.ArrayBlockingQueue.take(ArrayBlockingQueue.java:403)&#10;        at java.util.concurrent.ThreadPoolExecutor.getTask(ThreadPoolExecutor.java:1074)&#10;        at java.util.concurrent.ThreadPoolExecutor.runWorker(ThreadPoolExecutor.java:1134)&#10;        at java.util.concurrent.ThreadPoolExecutor$Worker.run(ThreadPoolExecutor.java:624)&#10;        at java.lang.Thread.run(Thread.java:748)&#10;&quot;KeyDeletingService#0&quot; daemon prio=5 tid=1933 timed_waiting&#10;java.lang.Thread.State: TIMED_WAITING&#10;        at sun.misc.Unsafe.park(Native Method)&#10;        at java.util.concurrent.locks.LockSupport.parkNanos(LockSupport.java:215)&#10;        at java.util.concurrent.locks.AbstractQueuedSynchronizer$ConditionObject.awaitNanos(AbstractQueuedSynchronizer.java:2078)&#10;        at java.util.concurrent.ScheduledThreadPoolExecutor$DelayedWorkQueue.take(ScheduledThreadPoolExecutor.java:1093)&#10;        at java.util.concurrent.ScheduledThreadPoolExecutor$DelayedWorkQueue.take(ScheduledThreadPoolExecutor.java:809)&#10;        at java.util.concurrent.ThreadPoolExecutor.getTask(ThreadPoolExecutor.java:1074)&#10;        at java.util.concurrent.ThreadPoolExecutor.runWorker(ThreadPoolExecutor.java:1134)&#10;        at java.util.concurrent.ThreadPoolExecutor$Worker.run(ThreadPoolExecutor.java:624)&#10;        at java.lang.Thread.run(Thread.java:748)&#10;&quot;09f4ece9-71c1-4a5b-9b91-b2a8aadac043@group-4CFD150B493F-StateMachineUpdater&quot; daemon prio=5 tid=3074 in Object.wait()&#10;java.lang.Thread.State: WAITING (on object monitor)&#10;        at java.lang.Object.wait(Native Method)&#10;        at java.lang.Object.wait(Object.java:502)&#10;        at org.apache.ratis.server.impl.StateMachineUpdater.waitForCommit(StateMachineUpdater.java:194)&#10;        at org.apache.ratis.server.impl.StateMachineUpdater.run(StateMachineUpdater.java:159)&#10;        at java.lang.Thread.run(Thread.java:748)&#10;&quot;pool-178-thread-50&quot;  prio=5 tid=2475 in Object.wait()&#10;java.lang.Thread.State: WAITING (on object monitor)&#10;        at sun.misc.Unsafe.park(Native Method)&#10;        at java.util.concurrent.locks.LockSupport.park(LockSupport.java:175)&#10;        at java.util.concurrent.locks.AbstractQueuedSynchronizer$ConditionObject.await(AbstractQueuedSynchronizer.java:2039)&#10;        at java.util.concurrent.ArrayBlockingQueue.take(ArrayBlockingQueue.java:403)&#10;        at java.util.concurrent.ThreadPoolExecutor.getTask(ThreadPoolExecutor.java:1074)&#10;        at java.util.concurrent.ThreadPoolExecutor.runWorker(ThreadPoolExecutor.java:1134)&#10;        at java.util.concurrent.ThreadPoolExecutor$Worker.run(ThreadPoolExecutor.java:624)&#10;        at java.lang.Thread.run(Thread.java:748)&#10;&quot;org.eclipse.jetty.server.session.HashSessionManager@580fd26bTimer&quot; daemon prio=5 tid=2148 timed_waiting&#10;java.lang.Thread.State: TIMED_WAITING&#10;        at sun.misc.Unsafe.park(Native Method)&#10;        at java.util.concurrent.locks.LockSupport.parkNanos(LockSupport.java:215)&#10;        at java.util.concurrent.locks.AbstractQueuedSynchronizer$ConditionObject.awaitNanos(AbstractQueuedSynchronizer.java:2078)&#10;        at java.util.concurrent.ScheduledThreadPoolExecutor$DelayedWorkQueue.take(ScheduledThreadPoolExecutor.java:1093)&#10;        at java.util.concurrent.ScheduledThreadPoolExecutor$DelayedWorkQueue.take(ScheduledThreadPoolExecutor.java:809)&#10;        at java.util.concurrent.ThreadPoolExecutor.getTask(ThreadPoolExecutor.java:1074)&#10;        at java.util.concurrent.ThreadPoolExecutor.runWorker(ThreadPoolExecutor.java:1134)&#10;        at java.util.concurrent.ThreadPoolExecutor$Worker.run(ThreadPoolExecutor.java:624)&#10;        at java.lang.Thread.run(Thread.java:748)&#10;&quot;org.eclipse.jetty.server.session.HashSessionManager@3b332962Timer&quot; daemon prio=5 tid=2121 timed_waiting&#10;java.lang.Thread.State: TIMED_WAITING&#10;        at sun.misc.Unsafe.park(Native Method)&#10;        at java.util.concurrent.locks.LockSupport.parkNanos(LockSupport.java:215)&#10;        at java.util.concurrent.locks.AbstractQueuedSynchronizer$ConditionObject.awaitNanos(AbstractQueuedSynchronizer.java:2078)&#10;        at java.util.concurrent.ScheduledThreadPoolExecutor$DelayedWorkQueue.take(ScheduledThreadPoolExecutor.java:1093)&#10;        at java.util.concurrent.ScheduledThreadPoolExecutor$DelayedWorkQueue.take(ScheduledThreadPoolExecutor.java:809)&#10;        at java.util.concurrent.ThreadPoolExecutor.getTask(ThreadPoolExecutor.java:1074)&#10;        at java.util.concurrent.ThreadPoolExecutor.runWorker(ThreadPoolExecutor.java:1134)&#10;        at java.util.concurrent.ThreadPoolExecutor$Worker.run(ThreadPoolExecutor.java:624)&#10;        at java.lang.Thread.run(Thread.java:748)&#10;&quot;pool-208-thread-13&quot;  prio=5 tid=2624 in Object.wait()&#10;java.lang.Thread.State: WAITING (on object monitor)&#10;        at sun.misc.Unsafe.park(Native Method)&#10;        at java.util.concurrent.locks.LockSupport.park(LockSupport.java:175)&#10;        at java.util.concurrent.locks.AbstractQueuedSynchronizer$ConditionObject.await(AbstractQueuedSynchronizer.java:2039)&#10;        at java.util.concurrent.ArrayBlockingQueue.take(ArrayBlockingQueue.java:403)&#10;        at java.util.concurrent.ThreadPoolExecutor.getTask(ThreadPoolExecutor.java:1074)&#10;        at java.util.concurrent.ThreadPoolExecutor.runWorker(ThreadPoolExecutor.java:1134)&#10;        at java.util.concurrent.ThreadPoolExecutor$Worker.run(ThreadPoolExecutor.java:624)&#10;        at java.lang.Thread.run(Thread.java:748)&#10;&quot;Datanode ReportManager Thread - 1&quot; daemon prio=5 tid=280 timed_waiting&#10;java.lang.Thread.State: TIMED_WAITING&#10;        at sun.misc.Unsafe.park(Native Method)&#10;        at java.util.concurrent.locks.LockSupport.parkNanos(LockSupport.java:215)&#10;        at java.util.concurrent.locks.AbstractQueuedSynchronizer$ConditionObject.awaitNanos(AbstractQueuedSynchronizer.java:2078)&#10;        at java.util.concurrent.ScheduledThreadPoolExecutor$DelayedWorkQueue.take(ScheduledThreadPoolExecutor.java:1093)&#10;        at java.util.concurrent.ScheduledThreadPoolExecutor$DelayedWorkQueue.take(ScheduledThreadPoolExecutor.java:809)&#10;        at java.util.concurrent.ThreadPoolExecutor.getTask(ThreadPoolExecutor.java:1074)&#10;        at java.util.concurrent.ThreadPoolExecutor.runWorker(ThreadPoolExecutor.java:1134)&#10;        at java.util.concurrent.ThreadPoolExecutor$Worker.run(ThreadPoolExecutor.java:624)&#10;        at java.lang.Thread.run(Thread.java:748)&#10;&quot;org.eclipse.jetty.server.session.HashSessionManager@6215366aTimer&quot; daemon prio=5 tid=2040 timed_waiting&#10;java.lang.Thread.State: TIMED_WAITING&#10;        at sun.misc.Unsafe.park(Native Method)&#10;        at java.util.concurrent.locks.LockSupport.parkNanos(LockSupport.java:215)&#10;        at java.util.concurrent.locks.AbstractQueuedSynchronizer$ConditionObject.awaitNanos(AbstractQueuedSynchronizer.java:2078)&#10;        at java.util.concurrent.ScheduledThreadPoolExecutor$DelayedWorkQueue.take(ScheduledThreadPoolExecutor.java:1093)&#10;        at java.util.concurrent.ScheduledThreadPoolExecutor$DelayedWorkQueue.take(ScheduledThreadPoolExecutor.java:809)&#10;        at java.util.concurrent.ThreadPoolExecutor.getTask(ThreadPoolExecutor.java:1074)&#10;        at java.util.concurrent.ThreadPoolExecutor.runWorker(ThreadPoolExecutor.java:1134)&#10;        at java.util.concurrent.ThreadPoolExecutor$Worker.run(ThreadPoolExecutor.java:624)&#10;        at java.lang.Thread.run(Thread.java:748)&#10;&quot;pool-238-thread-4&quot;  prio=5 tid=2801 in Object.wait()&#10;java.lang.Thread.State: WAITING (on object monitor)&#10;        at sun.misc.Unsafe.park(Native Method)&#10;        at java.util.concurrent.locks.LockSupport.park(LockSupport.java:175)&#10;        at java.util.concurrent.locks.AbstractQueuedSynchronizer$ConditionObject.await(AbstractQueuedSynchronizer.java:2039)&#10;        at java.util.concurrent.ArrayBlockingQueue.take(ArrayBlockingQueue.java:403)&#10;        at java.util.concurrent.ThreadPoolExecutor.getTask(ThreadPoolExecutor.java:1074)&#10;        at java.util.concurrent.ThreadPoolExecutor.runWorker(ThreadPoolExecutor.java:1134)&#10;        at java.util.concurrent.ThreadPoolExecutor$Worker.run(ThreadPoolExecutor.java:624)&#10;        at java.lang.Thread.run(Thread.java:748)&#10;&quot;pool-208-thread-29&quot;  prio=5 tid=2640 in Object.wait()&#10;java.lang.Thread.State: WAITING (on object monitor)&#10;        at sun.misc.Unsafe.park(Native Method)&#10;        at java.util.concurrent.locks.LockSupport.park(LockSupport.java:175)&#10;        at java.util.concurrent.locks.AbstractQueuedSynchronizer$ConditionObject.await(AbstractQueuedSynchronizer.java:2039)&#10;        at java.util.concurrent.ArrayBlockingQueue.take(ArrayBlockingQueue.java:403)&#10;        at java.util.concurrent.ThreadPoolExecutor.getTask(ThreadPoolExecutor.java:1074)&#10;        at java.util.concurrent.ThreadPoolExecutor.runWorker(ThreadPoolExecutor.java:1134)&#10;        at java.util.concurrent.ThreadPoolExecutor$Worker.run(ThreadPoolExecutor.java:624)&#10;        at java.lang.Thread.run(Thread.java:748)&#10;&quot;Command processor thread&quot; daemon prio=5 tid=2073 timed_waiting&#10;java.lang.Thread.State: TIMED_WAITING&#10;        at java.lang.Thread.sleep(Native Method)&#10;        at org.apache.hadoop.ozone.container.common.statemachine.DatanodeStateMachine.lambda$initCommandHandlerThread$1(DatanodeStateMachine.java:439)&#10;        at org.apache.hadoop.ozone.container.common.statemachine.DatanodeStateMachine$$Lambda$142/1603672614.run(Unknown Source)&#10;        at java.lang.Thread.run(Thread.java:748)&#10;&quot;IPC Server idle connection scanner for port 42444&quot; daemon prio=5 tid=1839 timed_waiting&#10;java.lang.Thread.State: TIMED_WAITING&#10;        at java.lang.Object.wait(Native Method)&#10;        at java.util.TimerThread.mainLoop(Timer.java:552)&#10;        at java.util.TimerThread.run(Timer.java:505)&#10;&quot;Thread-1504&quot; daemon prio=5 tid=3163 timed_waiting&#10;java.lang.Thread.State: TIMED_WAITING&#10;        at sun.misc.Unsafe.park(Native Method)&#10;        at java.util.concurrent.locks.LockSupport.parkNanos(LockSupport.java:215)&#10;        at java.util.concurrent.locks.AbstractQueuedSynchronizer$ConditionObject.awaitNanos(AbstractQueuedSynchronizer.java:2078)&#10;        at java.util.concurrent.ArrayBlockingQueue.poll(ArrayBlockingQueue.java:418)&#10;        at org.apache.ratis.server.impl.LeaderState$EventQueue.poll(LeaderState.java:115)&#10;        at org.apache.ratis.server.impl.LeaderState$EventProcessor.run(LeaderState.java:467)&#10;&quot;pool-178-thread-5&quot;  prio=5 tid=2430 in Object.wait()&#10;java.lang.Thread.State: WAITING (on object monitor)&#10;        at sun.misc.Unsafe.park(Native Method)&#10;        at java.util.concurrent.locks.LockSupport.park(LockSupport.java:175)&#10;        at java.util.concurrent.locks.AbstractQueuedSynchronizer$ConditionObject.await(AbstractQueuedSynchronizer.java:2039)&#10;        at java.util.concurrent.ArrayBlockingQueue.take(ArrayBlockingQueue.java:403)&#10;        at java.util.concurrent.ThreadPoolExecutor.getTask(ThreadPoolExecutor.java:1074)&#10;        at java.util.concurrent.ThreadPoolExecutor.runWorker(ThreadPoolExecutor.java:1134)&#10;        at java.util.concurrent.ThreadPoolExecutor$Worker.run(ThreadPoolExecutor.java:624)&#10;        at java.lang.Thread.run(Thread.java:748)&#10;&quot;pool-169-thread-1&quot;  prio=5 tid=2880 in Object.wait()&#10;java.lang.Thread.State: WAITING (on object monitor)&#10;        at sun.misc.Unsafe.park(Native Method)&#10;        at java.util.concurrent.locks.LockSupport.park(LockSupport.java:175)&#10;        at java.util.concurrent.locks.AbstractQueuedSynchronizer$ConditionObject.await(AbstractQueuedSynchronizer.java:2039)&#10;        at java.util.concurrent.LinkedBlockingQueue.take(LinkedBlockingQueue.java:442)&#10;        at java.util.concurrent.ThreadPoolExecutor.getTask(ThreadPoolExecutor.java:1074)&#10;        at java.util.concurrent.ThreadPoolExecutor.runWorker(ThreadPoolExecutor.java:1134)&#10;        at java.util.concurrent.ThreadPoolExecutor$Worker.run(ThreadPoolExecutor.java:624)&#10;        at java.lang.Thread.run(Thread.java:748)&#10;&quot;IPC Server handler 8 on 43737&quot; daemon prio=5 tid=1880 timed_waiting&#10;java.lang.Thread.State: TIMED_WAITING&#10;        at sun.misc.Unsafe.park(Native Method)&#10;        at java.util.concurrent.locks.LockSupport.parkNanos(LockSupport.java:215)&#10;        at java.util.concurrent.locks.AbstractQueuedSynchronizer$ConditionObject.awaitNanos(AbstractQueuedSynchronizer.java:2078)&#10;        at java.util.concurrent.LinkedBlockingQueue.poll(LinkedBlockingQueue.java:467)&#10;        at org.apache.hadoop.ipc.CallQueueManager.take(CallQueueManager.java:288)&#10;        at org.apache.hadoop.ipc.Server$Handler.run(Server.java:2668)&#10;&quot;refreshUsed-/workdir/hadoop-ozone/integration-test/target/test-dir/MiniOzoneClusterImpl-6b3e2517-75a7-4dd9-8054-0b12e404e591/datanode-4/data/containers&quot; daemon prio=5 tid=2079 timed_waiting&#10;java.lang.Thread.State: TIMED_WAITING&#10;        at java.lang.Thread.sleep(Native Method)&#10;        at org.apache.hadoop.fs.CachingGetSpaceUsed$RefreshThread.run(CachingGetSpaceUsed.java:179)&#10;        at java.lang.Thread.run(Thread.java:748)&#10;&quot;Datanode ReportManager Thread - 2&quot; daemon prio=5 tid=335 in Object.wait()&#10;java.lang.Thread.State: WAITING (on object monitor)&#10;        at sun.misc.Unsafe.park(Native Method)&#10;        at java.util.concurrent.locks.LockSupport.park(LockSupport.java:175)&#10;        at java.util.concurrent.locks.AbstractQueuedSynchronizer$ConditionObject.await(AbstractQueuedSynchronizer.java:2039)&#10;        at java.util.concurrent.ScheduledThreadPoolExecutor$DelayedWorkQueue.take(ScheduledThreadPoolExecutor.java:1088)&#10;        at java.util.concurrent.ScheduledThreadPoolExecutor$DelayedWorkQueue.take(ScheduledThreadPoolExecutor.java:809)&#10;        at java.util.concurrent.ThreadPoolExecutor.getTask(ThreadPoolExecutor.java:1074)&#10;        at java.util.concurrent.ThreadPoolExecutor.runWorker(ThreadPoolExecutor.java:1134)&#10;        at java.util.concurrent.ThreadPoolExecutor$Worker.run(ThreadPoolExecutor.java:624)&#10;        at java.lang.Thread.run(Thread.java:748)&#10;&quot;pool-188-thread-5&quot;  prio=5 tid=2492 in Object.wait()&#10;java.lang.Thread.State: WAITING (on object monitor)&#10;        at sun.misc.Unsafe.park(Native Method)&#10;        at java.util.concurrent.locks.LockSupport.park(LockSupport.java:175)&#10;        at java.util.concurrent.locks.AbstractQueuedSynchronizer$ConditionObject.await(AbstractQueuedSynchronizer.java:2039)&#10;        at java.util.concurrent.ArrayBlockingQueue.take(ArrayBlockingQueue.java:403)&#10;        at java.util.concurrent.ThreadPoolExecutor.getTask(ThreadPoolExecutor.java:1074)&#10;        at java.util.concurrent.ThreadPoolExecutor.runWorker(ThreadPoolExecutor.java:1134)&#10;        at java.util.concurrent.ThreadPoolExecutor$Worker.run(ThreadPoolExecutor.java:624)&#10;        at java.lang.Thread.run(Thread.java:748)&#10;&quot;Thread-1529&quot; daemon prio=5 tid=3188 timed_waiting&#10;java.lang.Thread.State: TIMED_WAITING&#10;        at java.lang.Thread.sleep(Native Method)&#10;        at org.apache.ratis.util.JavaUtils.sleep(JavaUtils.java:243)&#10;        at org.apache.ratis.server.impl.FollowerState.run(FollowerState.java:100)&#10;&quot;PartialTableCache Cleanup Thread - 0&quot; daemon prio=5 tid=1359 in Object.wait()&#10;java.lang.Thread.State: WAITING (on object monitor)&#10;        at sun.misc.Unsafe.park(Native Method)&#10;        at java.util.concurrent.locks.LockSupport.park(LockSupport.java:175)&#10;        at java.util.concurrent.locks.AbstractQueuedSynchronizer$ConditionObject.await(AbstractQueuedSynchronizer.java:2039)&#10;        at java.util.concurrent.LinkedBlockingQueue.take(LinkedBlockingQueue.java:442)&#10;        at java.util.concurrent.ThreadPoolExecutor.getTask(ThreadPoolExecutor.java:1074)&#10;        at java.util.concurrent.ThreadPoolExecutor.runWorker(ThreadPoolExecutor.java:1134)&#10;        at java.util.concurrent.ThreadPoolExecutor$Worker.run(ThreadPoolExecutor.java:624)&#10;        at java.lang.Thread.run(Thread.java:748)&#10;&quot;pool-158-thread-41&quot;  prio=5 tid=2342 in Object.wait()&#10;java.lang.Thread.State: WAITING (on object monitor)&#10;        at sun.misc.Unsafe.park(Native Method)&#10;        at java.util.concurrent.locks.LockSupport.park(LockSupport.java:175)&#10;        at java.util.concurrent.locks.AbstractQueuedSynchronizer$ConditionObject.await(AbstractQueuedSynchronizer.java:2039)&#10;        at java.util.concurrent.ArrayBlockingQueue.take(ArrayBlockingQueue.java:403)&#10;        at java.util.concurrent.ThreadPoolExecutor.getTask(ThreadPoolExecutor.java:1074)&#10;        at java.util.concurrent.ThreadPoolExecutor.runWorker(ThreadPoolExecutor.java:1134)&#10;        at java.util.concurrent.ThreadPoolExecutor$Worker.run(ThreadPoolExecutor.java:624)&#10;        at java.lang.Thread.run(Thread.java:748)&#10;&quot;org.apache.hadoop.util.JvmPauseMonitor$Monitor@736f48f4&quot; daemon prio=5 tid=2155 timed_waiting&#10;java.lang.Thread.State: TIMED_WAITING&#10;        at java.lang.Thread.sleep(Native Method)&#10;        at org.apache.hadoop.util.JvmPauseMonitor$Monitor.run(JvmPauseMonitor.java:192)&#10;        at java.lang.Thread.run(Thread.java:748)&#10;&quot;IPC Server idle connection scanner for port 45554&quot; daemon prio=5 tid=1930 timed_waiting&#10;java.lang.Thread.State: TIMED_WAITING&#10;        at java.lang.Object.wait(Native Method)&#10;        at java.util.TimerThread.mainLoop(Timer.java:552)&#10;        at java.util.TimerThread.run(Timer.java:505)&#10;&quot;pool-228-thread-36&quot;  prio=5 tid=2771 in Object.wait()&#10;java.lang.Thread.State: WAITING (on object monitor)&#10;        at sun.misc.Unsafe.park(Native Method)&#10;        at java.util.concurrent.locks.LockSupport.park(LockSupport.java:175)&#10;        at java.util.concurrent.locks.AbstractQueuedSynchronizer$ConditionObject.await(AbstractQueuedSynchronizer.java:2039)&#10;        at java.util.concurrent.ArrayBlockingQueue.take(ArrayBlockingQueue.java:403)&#10;        at java.util.concurrent.ThreadPoolExecutor.getTask(ThreadPoolExecutor.java:1074)&#10;        at java.util.concurrent.ThreadPoolExecutor.runWorker(ThreadPoolExecutor.java:1134)&#10;        at java.util.concurrent.ThreadPoolExecutor$Worker.run(ThreadPoolExecutor.java:624)&#10;        at java.lang.Thread.run(Thread.java:748)&#10;&quot;pool-208-thread-16&quot;  prio=5 tid=2627 in Object.wait()&#10;java.lang.Thread.State: WAITING (on object monitor)&#10;        at sun.misc.Unsafe.park(Native Method)&#10;        at java.util.concurrent.locks.LockSupport.park(LockSupport.java:175)&#10;        at java.util.concurrent.locks.AbstractQueuedSynchronizer$ConditionObject.await(AbstractQueuedSynchronizer.java:2039)&#10;        at java.util.concurrent.ArrayBlockingQueue.take(ArrayBlockingQueue.java:403)&#10;        at java.util.concurrent.ThreadPoolExecutor.getTask(ThreadPoolExecutor.java:1074)&#10;        at java.util.concurrent.ThreadPoolExecutor.runWorker(ThreadPoolExecutor.java:1134)&#10;        at java.util.concurrent.ThreadPoolExecutor$Worker.run(ThreadPoolExecutor.java:624)&#10;        at java.lang.Thread.run(Thread.java:748)&#10;&quot;pool-158-thread-52&quot;  prio=5 tid=2353 in Object.wait()&#10;java.lang.Thread.State: WAITING (on object monitor)&#10;        at sun.misc.Unsafe.park(Native Method)&#10;        at java.util.concurrent.locks.LockSupport.park(LockSupport.java:175)&#10;        at java.util.concurrent.locks.AbstractQueuedSynchronizer$ConditionObject.await(AbstractQueuedSynchronizer.java:2039)&#10;        at java.util.concurrent.ArrayBlockingQueue.take(ArrayBlockingQueue.java:403)&#10;        at java.util.concurrent.ThreadPoolExecutor.getTask(ThreadPoolExecutor.java:1074)&#10;        at java.util.concurrent.ThreadPoolExecutor.runWorker(ThreadPoolExecutor.java:1134)&#10;        at java.util.concurrent.ThreadPoolExecutor$Worker.run(ThreadPoolExecutor.java:624)&#10;        at java.lang.Thread.run(Thread.java:748)&#10;&quot;pool-188-thread-1&quot;  prio=5 tid=2488 in Object.wait()&#10;java.lang.Thread.State: WAITING (on object monitor)&#10;        at sun.misc.Unsafe.park(Native Method)&#10;        at java.util.concurrent.locks.LockSupport.park(LockSupport.java:175)&#10;        at java.util.concurrent.locks.AbstractQueuedSynchronizer$ConditionObject.await(AbstractQueuedSynchronizer.java:2039)&#10;        at java.util.concurrent.ArrayBlockingQueue.take(ArrayBlockingQueue.java:403)&#10;        at java.util.concurrent.ThreadPoolExecutor.getTask(ThreadPoolExecutor.java:1074)&#10;        at java.util.concurrent.ThreadPoolExecutor.runWorker(ThreadPoolExecutor.java:1134)&#10;        at java.util.concurrent.ThreadPoolExecutor$Worker.run(ThreadPoolExecutor.java:624)&#10;        at java.lang.Thread.run(Thread.java:748)&#10;&quot;IPC Server handler 5 on 45554&quot; daemon prio=5 tid=1940 timed_waiting&#10;java.lang.Thread.State: TIMED_WAITING&#10;        at sun.misc.Unsafe.park(Native Method)&#10;        at java.util.concurrent.locks.LockSupport.parkNanos(LockSupport.java:215)&#10;        at java.util.concurrent.locks.AbstractQueuedSynchronizer$ConditionObject.awaitNanos(AbstractQueuedSynchronizer.java:2078)&#10;        at java.util.concurrent.LinkedBlockingQueue.poll(LinkedBlockingQueue.java:467)&#10;        at org.apache.hadoop.ipc.CallQueueManager.take(CallQueueManager.java:288)&#10;        at org.apache.hadoop.ipc.Server$Handler.run(Server.java:2668)&#10;&quot;2f24271a-73a2-4678-8a2d-efde1b9a7c05@group-09AE756F24A7-SegmentedRaftLogWorker&quot;  prio=5 tid=2932 timed_waiting&#10;java.lang.Thread.State: TIMED_WAITING&#10;        at sun.misc.Unsafe.park(Native Method)&#10;        at java.util.concurrent.locks.LockSupport.parkNanos(LockSupport.java:215)&#10;        at java.util.concurrent.locks.AbstractQueuedSynchronizer$ConditionObject.awaitNanos(AbstractQueuedSynchronizer.java:2078)&#10;        at org.apache.ratis.util.DataBlockingQueue.poll(DataBlockingQueue.java:137)&#10;        at org.apache.ratis.server.raftlog.segmented.SegmentedRaftLogWorker.run(SegmentedRaftLogWorker.java:282)&#10;        at java.lang.Thread.run(Thread.java:748)&#10;&quot;IPC Server handler 1 on 45554&quot; daemon prio=5 tid=1935 timed_waiting&#10;java.lang.Thread.State: TIMED_WAITING&#10;        at sun.misc.Unsafe.park(Native Method)&#10;        at java.util.concurrent.locks.LockSupport.parkNanos(LockSupport.java:215)&#10;        at java.util.concurrent.locks.AbstractQueuedSynchronizer$ConditionObject.awaitNanos(AbstractQueuedSynchronizer.java:2078)&#10;        at java.util.concurrent.LinkedBlockingQueue.poll(LinkedBlockingQueue.java:467)&#10;        at org.apache.hadoop.ipc.CallQueueManager.take(CallQueueManager.java:288)&#10;        at org.apache.hadoop.ipc.Server$Handler.run(Server.java:2668)&#10;&quot;Socket Reader #1 for port 35974&quot;  prio=5 tid=1846 runnable&#10;java.lang.Thread.State: RUNNABLE&#10;        at sun.nio.ch.EPollArrayWrapper.epollWait(Native Method)&#10;        at sun.nio.ch.EPollArrayWrapper.poll(EPollArrayWrapper.java:269)&#10;        at sun.nio.ch.EPollSelectorImpl.doSelect(EPollSelectorImpl.java:93)&#10;        at sun.nio.ch.SelectorImpl.lockAndDoSelect(SelectorImpl.java:86)&#10;        at sun.nio.ch.SelectorImpl.select(SelectorImpl.java:97)&#10;        at sun.nio.ch.SelectorImpl.select(SelectorImpl.java:101)&#10;        at org.apache.hadoop.ipc.Server$Listener$Reader.doRunLoop(Server.java:1097)&#10;        at org.apache.hadoop.ipc.Server$Listener$Reader.run(Server.java:1076)&#10;&quot;pool-208-thread-55&quot;  prio=5 tid=2666 in Object.wait()&#10;java.lang.Thread.State: WAITING (on object monitor)&#10;        at sun.misc.Unsafe.park(Native Method)&#10;        at java.util.concurrent.locks.LockSupport.park(LockSupport.java:175)&#10;        at java.util.concurrent.locks.AbstractQueuedSynchronizer$ConditionObject.await(AbstractQueuedSynchronizer.java:2039)&#10;        at java.util.concurrent.ArrayBlockingQueue.take(ArrayBlockingQueue.java:403)&#10;        at java.util.concurrent.ThreadPoolExecutor.getTask(ThreadPoolExecutor.java:1074)&#10;        at java.util.concurrent.ThreadPoolExecutor.runWorker(ThreadPoolExecutor.java:1134)&#10;        at java.util.concurrent.ThreadPoolExecutor$Worker.run(ThreadPoolExecutor.java:624)&#10;        at java.lang.Thread.run(Thread.java:748)&#10;&quot;pool-188-thread-32&quot;  prio=5 tid=2519 in Object.wait()&#10;java.lang.Thread.State: WAITING (on object monitor)&#10;        at sun.misc.Unsafe.park(Native Method)&#10;        at java.util.concurrent.locks.LockSupport.park(LockSupport.java:175)&#10;        at java.util.concurrent.locks.AbstractQueuedSynchronizer$ConditionObject.await(AbstractQueuedSynchronizer.java:2039)&#10;        at java.util.concurrent.ArrayBlockingQueue.take(ArrayBlockingQueue.java:403)&#10;        at java.util.concurrent.ThreadPoolExecutor.getTask(ThreadPoolExecutor.java:1074)&#10;        at java.util.concurrent.ThreadPoolExecutor.runWorker(ThreadPoolExecutor.java:1134)&#10;        at java.util.concurrent.ThreadPoolExecutor$Worker.run(ThreadPoolExecutor.java:624)&#10;        at java.lang.Thread.run(Thread.java:748)&#10;&quot;pool-168-thread-22&quot;  prio=5 tid=2385 in Object.wait()&#10;java.lang.Thread.State: WAITING (on object monitor)&#10;        at sun.misc.Unsafe.park(Native Method)&#10;        at java.util.concurrent.locks.LockSupport.park(LockSupport.java:175)&#10;        at java.util.concurrent.locks.AbstractQueuedSynchronizer$ConditionObject.await(AbstractQueuedSynchronizer.java:2039)&#10;        at java.util.concurrent.ArrayBlockingQueue.take(ArrayBlockingQueue.java:403)&#10;        at java.util.concurrent.ThreadPoolExecutor.getTask(ThreadPoolExecutor.java:1074)&#10;        at java.util.concurrent.ThreadPoolExecutor.runWorker(ThreadPoolExecutor.java:1134)&#10;        at java.util.concurrent.ThreadPoolExecutor$Worker.run(ThreadPoolExecutor.java:624)&#10;        at java.lang.Thread.run(Thread.java:748)&#10;&quot;Datanode ReportManager Thread - 3&quot; daemon prio=5 tid=2126 in Object.wait()&#10;java.lang.Thread.State: WAITING (on object monitor)&#10;        at sun.misc.Unsafe.park(Native Method)&#10;        at java.util.concurrent.locks.LockSupport.park(LockSupport.java:175)&#10;        at java.util.concurrent.locks.AbstractQueuedSynchronizer$ConditionObject.await(AbstractQueuedSynchronizer.java:2039)&#10;        at java.util.concurrent.ScheduledThreadPoolExecutor$DelayedWorkQueue.take(ScheduledThreadPoolExecutor.java:1088)&#10;        at java.util.concurrent.ScheduledThreadPoolExecutor$DelayedWorkQueue.take(ScheduledThreadPoolExecutor.java:809)&#10;        at java.util.concurrent.ThreadPoolExecutor.getTask(ThreadPoolExecutor.java:1074)&#10;        at java.util.concurrent.ThreadPoolExecutor.runWorker(ThreadPoolExecutor.java:1134)&#10;        at java.util.concurrent.ThreadPoolExecutor$Worker.run(ThreadPoolExecutor.java:624)&#10;        at java.lang.Thread.run(Thread.java:748)&#10;&quot;pool-188-thread-11&quot;  prio=5 tid=2498 in Object.wait()&#10;java.lang.Thread.State: WAITING (on object monitor)&#10;        at sun.misc.Unsafe.park(Native Method)&#10;        at java.util.concurrent.locks.LockSupport.park(LockSupport.java:175)&#10;        at java.util.concurrent.locks.AbstractQueuedSynchronizer$ConditionObject.await(AbstractQueuedSynchronizer.java:2039)&#10;        at java.util.concurrent.ArrayBlockingQueue.take(ArrayBlockingQueue.java:403)&#10;        at java.util.concurrent.ThreadPoolExecutor.getTask(ThreadPoolExecutor.java:1074)&#10;        at java.util.concurrent.ThreadPoolExecutor.runWorker(ThreadPoolExecutor.java:1134)&#10;        at java.util.concurrent.ThreadPoolExecutor$Worker.run(ThreadPoolExecutor.java:624)&#10;        at java.lang.Thread.run(Thread.java:748)&#10;&quot;pool-218-thread-44&quot;  prio=5 tid=2717 in Object.wait()&#10;java.lang.Thread.State: WAITING (on object monitor)&#10;        at sun.misc.Unsafe.park(Native Method)&#10;        at java.util.concurrent.locks.LockSupport.park(LockSupport.java:175)&#10;        at java.util.concurrent.locks.AbstractQueuedSynchronizer$ConditionObject.await(AbstractQueuedSynchronizer.java:2039)&#10;        at java.util.concurrent.ArrayBlockingQueue.take(ArrayBlockingQueue.java:403)&#10;        at java.util.concurrent.ThreadPoolExecutor.getTask(ThreadPoolExecutor.java:1074)&#10;        at java.util.concurrent.ThreadPoolExecutor.runWorker(ThreadPoolExecutor.java:1134)&#10;        at java.util.concurrent.ThreadPoolExecutor$Worker.run(ThreadPoolExecutor.java:624)&#10;        at java.lang.Thread.run(Thread.java:748)&#10;&quot;pool-178-thread-49&quot;  prio=5 tid=2474 in Object.wait()&#10;java.lang.Thread.State: WAITING (on object monitor)&#10;        at sun.misc.Unsafe.park(Native Method)&#10;        at java.util.concurrent.locks.LockSupport.park(LockSupport.java:175)&#10;        at java.util.concurrent.locks.AbstractQueuedSynchronizer$ConditionObject.await(AbstractQueuedSynchronizer.java:2039)&#10;        at java.util.concurrent.ArrayBlockingQueue.take(ArrayBlockingQueue.java:403)&#10;        at java.util.concurrent.ThreadPoolExecutor.getTask(ThreadPoolExecutor.java:1074)&#10;        at java.util.concurrent.ThreadPoolExecutor.runWorker(ThreadPoolExecutor.java:1134)&#10;        at java.util.concurrent.ThreadPoolExecutor$Worker.run(ThreadPoolExecutor.java:624)&#10;        at java.lang.Thread.run(Thread.java:748)&#10;&quot;Datanode ReportManager Thread - 3&quot; daemon prio=5 tid=336 timed_waiting&#10;java.lang.Thread.State: TIMED_WAITING&#10;        at sun.misc.Unsafe.park(Native Method)&#10;        at java.util.concurrent.locks.LockSupport.parkNanos(LockSupport.java:215)&#10;        at java.util.concurrent.locks.AbstractQueuedSynchronizer$ConditionObject.awaitNanos(AbstractQueuedSynchronizer.java:2078)&#10;        at java.util.concurrent.ScheduledThreadPoolExecutor$DelayedWorkQueue.take(ScheduledThreadPoolExecutor.java:1093)&#10;        at java.util.concurrent.ScheduledThreadPoolExecutor$DelayedWorkQueue.take(ScheduledThreadPoolExecutor.java:809)&#10;        at java.util.concurrent.ThreadPoolExecutor.getTask(ThreadPoolExecutor.java:1074)&#10;        at java.util.concurrent.ThreadPoolExecutor.runWorker(ThreadPoolExecutor.java:1134)&#10;        at java.util.concurrent.ThreadPoolExecutor$Worker.run(ThreadPoolExecutor.java:624)&#10;        at java.lang.Thread.run(Thread.java:748)&#10;&quot;qtp229318537-2118&quot; daemon prio=5 tid=2118 timed_waiting&#10;java.lang.Thread.State: TIMED_WAITING&#10;        at sun.misc.Unsafe.park(Native Method)&#10;        at java.util.concurrent.locks.LockSupport.parkNanos(LockSupport.java:215)&#10;        at java.util.concurrent.locks.AbstractQueuedSynchronizer$ConditionObject.awaitNanos(AbstractQueuedSynchronizer.java:2078)&#10;        at org.eclipse.jetty.util.BlockingArrayQueue.poll(BlockingArrayQueue.java:392)&#10;        at org.eclipse.jetty.util.thread.QueuedThreadPool.idleJobPoll(QueuedThreadPool.java:563)&#10;        at org.eclipse.jetty.util.thread.QueuedThreadPool.access$800(QueuedThreadPool.java:48)&#10;        at org.eclipse.jetty.util.thread.QueuedThreadPool$2.run(QueuedThreadPool.java:626)&#10;        at java.lang.Thread.run(Thread.java:748)&#10;&quot;IPC Server handler 17 on 35974&quot; daemon prio=5 tid=1869 timed_waiting&#10;java.lang.Thread.State: TIMED_WAITING&#10;        at sun.misc.Unsafe.park(Native Method)&#10;        at java.util.concurrent.locks.LockSupport.parkNanos(LockSupport.java:215)&#10;        at java.util.concurrent.locks.AbstractQueuedSynchronizer$ConditionObject.awaitNanos(AbstractQueuedSynchronizer.java:2078)&#10;        at java.util.concurrent.LinkedBlockingQueue.poll(LinkedBlockingQueue.java:467)&#10;        at org.apache.hadoop.ipc.CallQueueManager.take(CallQueueManager.java:288)&#10;        at org.apache.hadoop.ipc.Server$Handler.run(Server.java:2668)&#10;&quot;dd0e1198-6ba1-4c32-9ce2-054c25212f92@group-877CB685509D-StateMachineUpdater&quot; daemon prio=5 tid=3140 in Object.wait()&#10;java.lang.Thread.State: WAITING (on object monitor)&#10;        at java.lang.Object.wait(Native Method)&#10;        at java.lang.Object.wait(Object.java:502)&#10;        at org.apache.ratis.server.impl.StateMachineUpdater.waitForCommit(StateMachineUpdater.java:194)&#10;        at org.apache.ratis.server.impl.StateMachineUpdater.run(StateMachineUpdater.java:159)&#10;        at java.lang.Thread.run(Thread.java:748)&#10;&quot;pool-168-thread-48&quot;  prio=5 tid=2411 in Object.wait()&#10;java.lang.Thread.State: WAITING (on object monitor)&#10;        at sun.misc.Unsafe.park(Native Method)&#10;        at java.util.concurrent.locks.LockSupport.park(LockSupport.java:175)&#10;        at java.util.concurrent.locks.AbstractQueuedSynchronizer$ConditionObject.await(AbstractQueuedSynchronizer.java:2039)&#10;        at java.util.concurrent.ArrayBlockingQueue.take(ArrayBlockingQueue.java:403)&#10;        at java.util.concurrent.ThreadPoolExecutor.getTask(ThreadPoolExecutor.java:1074)&#10;        at java.util.concurrent.ThreadPoolExecutor.runWorker(ThreadPoolExecutor.java:1134)&#10;        at java.util.concurrent.ThreadPoolExecutor$Worker.run(ThreadPoolExecutor.java:624)&#10;        at java.lang.Thread.run(Thread.java:748)&#10;&quot;pool-168-thread-17&quot;  prio=5 tid=2380 in Object.wait()&#10;java.lang.Thread.State: WAITING (on object monitor)&#10;        at sun.misc.Unsafe.park(Native Method)&#10;        at java.util.concurrent.locks.LockSupport.park(LockSupport.java:175)&#10;        at java.util.concurrent.locks.AbstractQueuedSynchronizer$ConditionObject.await(AbstractQueuedSynchronizer.java:2039)&#10;        at java.util.concurrent.ArrayBlockingQueue.take(ArrayBlockingQueue.java:403)&#10;        at java.util.concurrent.ThreadPoolExecutor.getTask(ThreadPoolExecutor.java:1074)&#10;        at java.util.concurrent.ThreadPoolExecutor.runWorker(ThreadPoolExecutor.java:1134)&#10;        at java.util.concurrent.ThreadPoolExecutor$Worker.run(ThreadPoolExecutor.java:624)&#10;        at java.lang.Thread.run(Thread.java:748)&#10;&quot;pool-238-thread-39&quot;  prio=5 tid=2836 in Object.wait()&#10;java.lang.Thread.State: WAITING (on object monitor)&#10;        at sun.misc.Unsafe.park(Native Method)&#10;        at java.util.concurrent.locks.LockSupport.park(LockSupport.java:175)&#10;        at java.util.concurrent.locks.AbstractQueuedSynchronizer$ConditionObject.await(AbstractQueuedSynchronizer.java:2039)&#10;        at java.util.concurrent.ArrayBlockingQueue.take(ArrayBlockingQueue.java:403)&#10;        at java.util.concurrent.ThreadPoolExecutor.getTask(ThreadPoolExecutor.java:1074)&#10;        at java.util.concurrent.ThreadPoolExecutor.runWorker(ThreadPoolExecutor.java:1134)&#10;        at java.util.concurrent.ThreadPoolExecutor$Worker.run(ThreadPoolExecutor.java:624)&#10;        at java.lang.Thread.run(Thread.java:748)&#10;&quot;pool-218-thread-45&quot;  prio=5 tid=2718 in Object.wait()&#10;java.lang.Thread.State: WAITING (on object monitor)&#10;        at sun.misc.Unsafe.park(Native Method)&#10;        at java.util.concurrent.locks.LockSupport.park(LockSupport.java:175)&#10;        at java.util.concurrent.locks.AbstractQueuedSynchronizer$ConditionObject.await(AbstractQueuedSynchronizer.java:2039)&#10;        at java.util.concurrent.ArrayBlockingQueue.take(ArrayBlockingQueue.java:403)&#10;        at java.util.concurrent.ThreadPoolExecutor.getTask(ThreadPoolExecutor.java:1074)&#10;        at java.util.concurrent.ThreadPoolExecutor.runWorker(ThreadPoolExecutor.java:1134)&#10;        at java.util.concurrent.ThreadPoolExecutor$Worker.run(ThreadPoolExecutor.java:624)&#10;        at java.lang.Thread.run(Thread.java:748)&#10;&quot;qtp229318537-2116&quot; daemon prio=5 tid=2116 timed_waiting&#10;java.lang.Thread.State: TIMED_WAITING&#10;        at sun.misc.Unsafe.park(Native Method)&#10;        at java.util.concurrent.locks.LockSupport.parkNanos(LockSupport.java:215)&#10;        at java.util.concurrent.locks.AbstractQueuedSynchronizer$ConditionObject.awaitNanos(AbstractQueuedSynchronizer.java:2078)&#10;        at org.eclipse.jetty.util.BlockingArrayQueue.poll(BlockingArrayQueue.java:392)&#10;        at org.eclipse.jetty.util.thread.QueuedThreadPool.idleJobPoll(QueuedThreadPool.java:563)&#10;        at org.eclipse.jetty.util.thread.QueuedThreadPool.access$800(QueuedThreadPool.java:48)&#10;        at org.eclipse.jetty.util.thread.QueuedThreadPool$2.run(QueuedThreadPool.java:626)&#10;        at java.lang.Thread.run(Thread.java:748)&#10;&quot;pool-168-thread-21&quot;  prio=5 tid=2384 in Object.wait()&#10;java.lang.Thread.State: WAITING (on object monitor)&#10;        at sun.misc.Unsafe.park(Native Method)&#10;        at java.util.concurrent.locks.LockSupport.park(LockSupport.java:175)&#10;        at java.util.concurrent.locks.AbstractQueuedSynchronizer$ConditionObject.await(AbstractQueuedSynchronizer.java:2039)&#10;        at java.util.concurrent.ArrayBlockingQueue.take(ArrayBlockingQueue.java:403)&#10;        at java.util.concurrent.ThreadPoolExecutor.getTask(ThreadPoolExecutor.java:1074)&#10;        at java.util.concurrent.ThreadPoolExecutor.runWorker(ThreadPoolExecutor.java:1134)&#10;        at java.util.concurrent.ThreadPoolExecutor$Worker.run(ThreadPoolExecutor.java:624)&#10;        at java.lang.Thread.run(Thread.java:748)&#10;&quot;IPC Server handler 13 on 43737&quot; daemon prio=5 tid=1885 timed_waiting&#10;java.lang.Thread.State: TIMED_WAITING&#10;        at sun.misc.Unsafe.park(Native Method)&#10;        at java.util.concurrent.locks.LockSupport.parkNanos(LockSupport.java:215)&#10;        at java.util.concurrent.locks.AbstractQueuedSynchronizer$ConditionObject.awaitNanos(AbstractQueuedSynchronizer.java:2078)&#10;        at java.util.concurrent.LinkedBlockingQueue.poll(LinkedBlockingQueue.java:467)&#10;        at org.apache.hadoop.ipc.CallQueueManager.take(CallQueueManager.java:288)&#10;        at org.apache.hadoop.ipc.Server$Handler.run(Server.java:2668)&#10;&quot;Periodic HDDS volume checker&quot;  prio=5 tid=2158 timed_waiting&#10;java.lang.Thread.State: TIMED_WAITING&#10;        at sun.misc.Unsafe.park(Native Method)&#10;        at java.util.concurrent.locks.LockSupport.parkNanos(LockSupport.java:215)&#10;        at java.util.concurrent.locks.AbstractQueuedSynchronizer$ConditionObject.awaitNanos(AbstractQueuedSynchronizer.java:2078)&#10;        at java.util.concurrent.ScheduledThreadPoolExecutor$DelayedWorkQueue.take(ScheduledThreadPoolExecutor.java:1093)&#10;        at java.util.concurrent.ScheduledThreadPoolExecutor$DelayedWorkQueue.take(ScheduledThreadPoolExecutor.java:809)&#10;        at java.util.concurrent.ThreadPoolExecutor.getTask(ThreadPoolExecutor.java:1074)&#10;        at java.util.concurrent.ThreadPoolExecutor.runWorker(ThreadPoolExecutor.java:1134)&#10;        at java.util.concurrent.ThreadPoolExecutor$Worker.run(ThreadPoolExecutor.java:624)&#10;        at java.lang.Thread.run(Thread.java:748)&#10;&quot;pool-238-thread-10&quot;  prio=5 tid=2807 in Object.wait()&#10;java.lang.Thread.State: WAITING (on object monitor)&#10;        at sun.misc.Unsafe.park(Native Method)&#10;        at java.util.concurrent.locks.LockSupport.park(LockSupport.java:175)&#10;        at java.util.concurrent.locks.AbstractQueuedSynchronizer$ConditionObject.await(AbstractQueuedSynchronizer.java:2039)&#10;        at java.util.concurrent.ArrayBlockingQueue.take(ArrayBlockingQueue.java:403)&#10;        at java.util.concurrent.ThreadPoolExecutor.getTask(ThreadPoolExecutor.java:1074)&#10;        at java.util.concurrent.ThreadPoolExecutor.runWorker(ThreadPoolExecutor.java:1134)&#10;        at java.util.concurrent.ThreadPoolExecutor$Worker.run(ThreadPoolExecutor.java:624)&#10;        at java.lang.Thread.run(Thread.java:748)&#10;&quot;Datanode State Machine Thread - 0&quot; daemon prio=5 tid=2014 timed_waiting&#10;java.lang.Thread.State: TIMED_WAITING&#10;        at java.lang.Thread.sleep(Native Method)&#10;        at org.apache.hadoop.ozone.container.common.statemachine.DatanodeStateMachine.start(DatanodeStateMachine.java:191)&#10;        at org.apache.hadoop.ozone.container.common.statemachine.DatanodeStateMachine.lambda$startDaemon$0(DatanodeStateMachine.java:349)&#10;        at org.apache.hadoop.ozone.container.common.statemachine.DatanodeStateMachine$$Lambda$141/1594065480.run(Unknown Source)&#10;        at java.lang.Thread.run(Thread.java:748)&#10;&quot;pool-188-thread-52&quot;  prio=5 tid=2539 in Object.wait()&#10;java.lang.Thread.State: WAITING (on object monitor)&#10;        at sun.misc.Unsafe.park(Native Method)&#10;        at java.util.concurrent.locks.LockSupport.park(LockSupport.java:175)&#10;        at java.util.concurrent.locks.AbstractQueuedSynchronizer$ConditionObject.await(AbstractQueuedSynchronizer.java:2039)&#10;        at java.util.concurrent.ArrayBlockingQueue.take(ArrayBlockingQueue.java:403)&#10;        at java.util.concurrent.ThreadPoolExecutor.getTask(ThreadPoolExecutor.java:1074)&#10;        at java.util.concurrent.ThreadPoolExecutor.runWorker(ThreadPoolExecutor.java:1134)&#10;        at java.util.concurrent.ThreadPoolExecutor$Worker.run(ThreadPoolExecutor.java:624)&#10;        at java.lang.Thread.run(Thread.java:748)&#10;&quot;pool-158-thread-7&quot;  prio=5 tid=2308 in Object.wait()&#10;java.lang.Thread.State: WAITING (on object monitor)&#10;        at sun.misc.Unsafe.park(Native Method)&#10;        at java.util.concurrent.locks.LockSupport.park(LockSupport.java:175)&#10;        at java.util.concurrent.locks.AbstractQueuedSynchronizer$ConditionObject.await(AbstractQueuedSynchronizer.java:2039)&#10;        at java.util.concurrent.ArrayBlockingQueue.take(ArrayBlockingQueue.java:403)&#10;        at java.util.concurrent.ThreadPoolExecutor.getTask(ThreadPoolExecutor.java:1074)&#10;        at java.util.concurrent.ThreadPoolExecutor.runWorker(ThreadPoolExecutor.java:1134)&#10;        at java.util.concurrent.ThreadPoolExecutor$Worker.run(ThreadPoolExecutor.java:624)&#10;        at java.lang.Thread.run(Thread.java:748)&#10;&quot;pool-148-thread-59&quot;  prio=5 tid=2297 in Object.wait()&#10;java.lang.Thread.State: WAITING (on object monitor)&#10;        at sun.misc.Unsafe.park(Native Method)&#10;        at java.util.concurrent.locks.LockSupport.park(LockSupport.java:175)&#10;        at java.util.concurrent.locks.AbstractQueuedSynchronizer$ConditionObject.await(AbstractQueuedSynchronizer.java:2039)&#10;        at java.util.concurrent.ArrayBlockingQueue.take(ArrayBlockingQueue.java:403)&#10;        at java.util.concurrent.ThreadPoolExecutor.getTask(ThreadPoolExecutor.java:1074)&#10;        at java.util.concurrent.ThreadPoolExecutor.runWorker(ThreadPoolExecutor.java:1134)&#10;        at java.util.concurrent.ThreadPoolExecutor$Worker.run(ThreadPoolExecutor.java:624)&#10;        at java.lang.Thread.run(Thread.java:748)&#10;&quot;pool-148-thread-25&quot;  prio=5 tid=2263 in Object.wait()&#10;java.lang.Thread.State: WAITING (on object monitor)&#10;        at sun.misc.Unsafe.park(Native Method)&#10;        at java.util.concurrent.locks.LockSupport.park(LockSupport.java:175)&#10;        at java.util.concurrent.locks.AbstractQueuedSynchronizer$ConditionObject.await(AbstractQueuedSynchronizer.java:2039)&#10;        at java.util.concurrent.ArrayBlockingQueue.take(ArrayBlockingQueue.java:403)&#10;        at java.util.concurrent.ThreadPoolExecutor.getTask(ThreadPoolExecutor.java:1074)&#10;        at java.util.concurrent.ThreadPoolExecutor.runWorker(ThreadPoolExecutor.java:1134)&#10;        at java.util.concurrent.ThreadPoolExecutor$Worker.run(ThreadPoolExecutor.java:624)&#10;        at java.lang.Thread.run(Thread.java:748)&#10;&quot;qtp1365611185-2172&quot; daemon prio=5 tid=2172 timed_waiting&#10;java.lang.Thread.State: TIMED_WAITING&#10;        at sun.misc.Unsafe.park(Native Method)&#10;        at java.util.concurrent.locks.LockSupport.parkNanos(LockSupport.java:215)&#10;        at java.util.concurrent.locks.AbstractQueuedSynchronizer$ConditionObject.awaitNanos(AbstractQueuedSynchronizer.java:2078)&#10;        at org.eclipse.jetty.util.BlockingArrayQueue.poll(BlockingArrayQueue.java:392)&#10;        at org.eclipse.jetty.util.thread.QueuedThreadPool.idleJobPoll(QueuedThreadPool.java:563)&#10;        at org.eclipse.jetty.util.thread.QueuedThreadPool.access$800(QueuedThreadPool.java:48)&#10;        at org.eclipse.jetty.util.thread.QueuedThreadPool$2.run(QueuedThreadPool.java:626)&#10;        at java.lang.Thread.run(Thread.java:748)&#10;&quot;IPC Server listener on 43737&quot; daemon prio=5 tid=1841 runnable&#10;java.lang.Thread.State: RUNNABLE&#10;        at sun.nio.ch.EPollArrayWrapper.epollWait(Native Method)&#10;        at sun.nio.ch.EPollArrayWrapper.poll(EPollArrayWrapper.java:269)&#10;        at sun.nio.ch.EPollSelectorImpl.doSelect(EPollSelectorImpl.java:93)&#10;        at sun.nio.ch.SelectorImpl.lockAndDoSelect(SelectorImpl.java:86)&#10;        at sun.nio.ch.SelectorImpl.select(SelectorImpl.java:97)&#10;        at sun.nio.ch.SelectorImpl.select(SelectorImpl.java:101)&#10;        at org.apache.hadoop.ipc.Server$Listener.run(Server.java:1159)&#10;&quot;pool-168-thread-6&quot;  prio=5 tid=2369 in Object.wait()&#10;java.lang.Thread.State: WAITING (on object monitor)&#10;        at sun.misc.Unsafe.park(Native Method)&#10;        at java.util.concurrent.locks.LockSupport.park(LockSupport.java:175)&#10;        at java.util.concurrent.locks.AbstractQueuedSynchronizer$ConditionObject.await(AbstractQueuedSynchronizer.java:2039)&#10;        at java.util.concurrent.ArrayBlockingQueue.take(ArrayBlockingQueue.java:403)&#10;        at java.util.concurrent.ThreadPoolExecutor.getTask(ThreadPoolExecutor.java:1074)&#10;        at java.util.concurrent.ThreadPoolExecutor.runWorker(ThreadPoolExecutor.java:1134)&#10;        at java.util.concurrent.ThreadPoolExecutor$Worker.run(ThreadPoolExecutor.java:624)&#10;        at java.lang.Thread.run(Thread.java:748)&#10;&quot;pool-178-thread-39&quot;  prio=5 tid=2464 in Object.wait()&#10;java.lang.Thread.State: WAITING (on object monitor)&#10;        at sun.misc.Unsafe.park(Native Method)&#10;        at java.util.concurrent.locks.LockSupport.park(LockSupport.java:175)&#10;        at java.util.concurrent.locks.AbstractQueuedSynchronizer$ConditionObject.await(AbstractQueuedSynchronizer.java:2039)&#10;        at java.util.concurrent.ArrayBlockingQueue.take(ArrayBlockingQueue.java:403)&#10;        at java.util.concurrent.ThreadPoolExecutor.getTask(ThreadPoolExecutor.java:1074)&#10;        at java.util.concurrent.ThreadPoolExecutor.runWorker(ThreadPoolExecutor.java:1134)&#10;        at java.util.concurrent.ThreadPoolExecutor$Worker.run(ThreadPoolExecutor.java:624)&#10;        at java.lang.Thread.run(Thread.java:748)&#10;&quot;pool-178-thread-25&quot;  prio=5 tid=2450 in Object.wait()&#10;java.lang.Thread.State: WAITING (on object monitor)&#10;        at sun.misc.Unsafe.park(Native Method)&#10;        at java.util.concurrent.locks.LockSupport.park(LockSupport.java:175)&#10;        at java.util.concurrent.locks.AbstractQueuedSynchronizer$ConditionObject.await(AbstractQueuedSynchronizer.java:2039)&#10;        at java.util.concurrent.ArrayBlockingQueue.take(ArrayBlockingQueue.java:403)&#10;        at java.util.concurrent.ThreadPoolExecutor.getTask(ThreadPoolExecutor.java:1074)&#10;        at java.util.concurrent.ThreadPoolExecutor.runWorker(ThreadPoolExecutor.java:1134)&#10;        at java.util.concurrent.ThreadPoolExecutor$Worker.run(ThreadPoolExecutor.java:624)&#10;        at java.lang.Thread.run(Thread.java:748)&#10;&quot;pool-238-thread-19&quot;  prio=5 tid=2816 in Object.wait()&#10;java.lang.Thread.State: WAITING (on object monitor)&#10;        at sun.misc.Unsafe.park(Native Method)&#10;        at java.util.concurrent.locks.LockSupport.park(LockSupport.java:175)&#10;        at java.util.concurrent.locks.AbstractQueuedSynchronizer$ConditionObject.await(AbstractQueuedSynchronizer.java:2039)&#10;        at java.util.concurrent.ArrayBlockingQueue.take(ArrayBlockingQueue.java:403)&#10;        at java.util.concurrent.ThreadPoolExecutor.getTask(ThreadPoolExecutor.java:1074)&#10;        at java.util.concurrent.ThreadPoolExecutor.runWorker(ThreadPoolExecutor.java:1134)&#10;        at java.util.concurrent.ThreadPoolExecutor$Worker.run(ThreadPoolExecutor.java:624)&#10;        at java.lang.Thread.run(Thread.java:748)&#10;&quot;pool-228-thread-33&quot;  prio=5 tid=2768 in Object.wait()&#10;java.lang.Thread.State: WAITING (on object monitor)&#10;        at sun.misc.Unsafe.park(Native Method)&#10;        at java.util.concurrent.locks.LockSupport.park(LockSupport.java:175)&#10;        at java.util.concurrent.locks.AbstractQueuedSynchronizer$ConditionObject.await(AbstractQueuedSynchronizer.java:2039)&#10;        at java.util.concurrent.ArrayBlockingQueue.take(ArrayBlockingQueue.java:403)&#10;        at java.util.concurrent.ThreadPoolExecutor.getTask(ThreadPoolExecutor.java:1074)&#10;        at java.util.concurrent.ThreadPoolExecutor.runWorker(ThreadPoolExecutor.java:1134)&#10;        at java.util.concurrent.ThreadPoolExecutor$Worker.run(ThreadPoolExecutor.java:624)&#10;        at java.lang.Thread.run(Thread.java:748)&#10;&quot;a96edad4-0b0c-48cb-948a-93b2fbf7c409@group-CE93C81AF12A-SegmentedRaftLogWorker&quot;  prio=5 tid=3107 timed_waiting&#10;java.lang.Thread.State: TIMED_WAITING&#10;        at sun.misc.Unsafe.park(Native Method)&#10;        at java.util.concurrent.locks.LockSupport.parkNanos(LockSupport.java:215)&#10;        at java.util.concurrent.locks.AbstractQueuedSynchronizer$ConditionObject.awaitNanos(AbstractQueuedSynchronizer.java:2078)&#10;        at org.apache.ratis.util.DataBlockingQueue.poll(DataBlockingQueue.java:137)&#10;        at org.apache.ratis.server.raftlog.segmented.SegmentedRaftLogWorker.run(SegmentedRaftLogWorker.java:282)&#10;        at java.lang.Thread.run(Thread.java:748)&#10;&quot;pool-228-thread-10&quot;  prio=5 tid=2745 in Object.wait()&#10;java.lang.Thread.State: WAITING (on object monitor)&#10;        at sun.misc.Unsafe.park(Native Method)&#10;        at java.util.concurrent.locks.LockSupport.park(LockSupport.java:175)&#10;        at java.util.concurrent.locks.AbstractQueuedSynchronizer$ConditionObject.await(AbstractQueuedSynchronizer.java:2039)&#10;        at java.util.concurrent.ArrayBlockingQueue.take(ArrayBlockingQueue.java:403)&#10;        at java.util.concurrent.ThreadPoolExecutor.getTask(ThreadPoolExecutor.java:1074)&#10;        at java.util.concurrent.ThreadPoolExecutor.runWorker(ThreadPoolExecutor.java:1134)&#10;        at java.util.concurrent.ThreadPoolExecutor$Worker.run(ThreadPoolExecutor.java:624)&#10;        at java.lang.Thread.run(Thread.java:748)&#10;&quot;qtp1365611185-2167&quot; daemon prio=5 tid=2167 timed_waiting&#10;java.lang.Thread.State: TIMED_WAITING&#10;        at sun.misc.Unsafe.park(Native Method)&#10;        at java.util.concurrent.locks.LockSupport.parkNanos(LockSupport.java:215)&#10;        at java.util.concurrent.locks.AbstractQueuedSynchronizer$ConditionObject.awaitNanos(AbstractQueuedSynchronizer.java:2078)&#10;        at org.eclipse.jetty.util.BlockingArrayQueue.poll(BlockingArrayQueue.java:392)&#10;        at org.eclipse.jetty.util.thread.QueuedThreadPool.idleJobPoll(QueuedThreadPool.java:563)&#10;        at org.eclipse.jetty.util.thread.QueuedThreadPool.access$800(QueuedThreadPool.java:48)&#10;        at org.eclipse.jetty.util.thread.QueuedThreadPool$2.run(QueuedThreadPool.java:626)&#10;        at java.lang.Thread.run(Thread.java:748)&#10;&quot;pool-218-thread-32&quot;  prio=5 tid=2705 in Object.wait()&#10;java.lang.Thread.State: WAITING (on object monitor)&#10;        at sun.misc.Unsafe.park(Native Method)&#10;        at java.util.concurrent.locks.LockSupport.park(LockSupport.java:175)&#10;        at java.util.concurrent.locks.AbstractQueuedSynchronizer$ConditionObject.await(AbstractQueuedSynchronizer.java:2039)&#10;        at java.util.concurrent.ArrayBlockingQueue.take(ArrayBlockingQueue.java:403)&#10;        at java.util.concurrent.ThreadPoolExecutor.getTask(ThreadPoolExecutor.java:1074)&#10;        at java.util.concurrent.ThreadPoolExecutor.runWorker(ThreadPoolExecutor.java:1134)&#10;        at java.util.concurrent.ThreadPoolExecutor$Worker.run(ThreadPoolExecutor.java:624)&#10;        at java.lang.Thread.run(Thread.java:748)&#10;&quot;EventQueue-DatanodeCommandForSCMNodeManager&quot;  prio=5 tid=3078 in Object.wait()&#10;java.lang.Thread.State: WAITING (on object monitor)&#10;        at sun.misc.Unsafe.park(Native Method)&#10;        at java.util.concurrent.locks.LockSupport.park(LockSupport.java:175)&#10;        at java.util.concurrent.locks.AbstractQueuedSynchronizer$ConditionObject.await(AbstractQueuedSynchronizer.java:2039)&#10;        at java.util.concurrent.LinkedBlockingQueue.take(LinkedBlockingQueue.java:442)&#10;        at java.util.concurrent.ThreadPoolExecutor.getTask(ThreadPoolExecutor.java:1074)&#10;        at java.util.concurrent.ThreadPoolExecutor.runWorker(ThreadPoolExecutor.java:1134)&#10;        at java.util.concurrent.ThreadPoolExecutor$Worker.run(ThreadPoolExecutor.java:624)&#10;        at java.lang.Thread.run(Thread.java:748)&#10;&quot;org.apache.hadoop.util.JvmPauseMonitor$Monitor@6cbdea54&quot; daemon prio=5 tid=2128 timed_waiting&#10;java.lang.Thread.State: TIMED_WAITING&#10;        at java.lang.Thread.sleep(Native Method)&#10;        at org.apache.hadoop.util.JvmPauseMonitor$Monitor.run(JvmPauseMonitor.java:192)&#10;        at java.lang.Thread.run(Thread.java:748)&#10;&quot;pool-208-thread-50&quot;  prio=5 tid=2661 in Object.wait()&#10;java.lang.Thread.State: WAITING (on object monitor)&#10;        at sun.misc.Unsafe.park(Native Method)&#10;        at java.util.concurrent.locks.LockSupport.park(LockSupport.java:175)&#10;        at java.util.concurrent.locks.AbstractQueuedSynchronizer$ConditionObject.await(AbstractQueuedSynchronizer.java:2039)&#10;        at java.util.concurrent.ArrayBlockingQueue.take(ArrayBlockingQueue.java:403)&#10;        at java.util.concurrent.ThreadPoolExecutor.getTask(ThreadPoolExecutor.java:1074)&#10;        at java.util.concurrent.ThreadPoolExecutor.runWorker(ThreadPoolExecutor.java:1134)&#10;        at java.util.concurrent.ThreadPoolExecutor$Worker.run(ThreadPoolExecutor.java:624)&#10;        at java.lang.Thread.run(Thread.java:748)&#10;&quot;qtp229318537-2112-acceptor-0@55a6fb0f-ServerConnector@2fb25f4c{HTTP/1.1,[http/1.1]}{0.0.0.0:36542}&quot; daemon prio=3 tid=2112 runnable&#10;java.lang.Thread.State: RUNNABLE&#10;        at sun.nio.ch.ServerSocketChannelImpl.accept0(Native Method)&#10;        at sun.nio.ch.ServerSocketChannelImpl.accept(ServerSocketChannelImpl.java:422)&#10;        at sun.nio.ch.ServerSocketChannelImpl.accept(ServerSocketChannelImpl.java:250)&#10;        at org.eclipse.jetty.server.ServerConnector.accept(ServerConnector.java:397)&#10;        at org.eclipse.jetty.server.AbstractConnector$Acceptor.run(AbstractConnector.java:601)&#10;        at org.eclipse.jetty.util.thread.QueuedThreadPool.runJob(QueuedThreadPool.java:671)&#10;        at org.eclipse.jetty.util.thread.QueuedThreadPool$2.run(QueuedThreadPool.java:589)&#10;        at java.lang.Thread.run(Thread.java:748)&#10;&quot;86084ec4-dae7-4808-81c8-289a21d6f4dc@group-B20D901B3385-StateMachineUpdater&quot; daemon prio=5 tid=2882 in Object.wait()&#10;java.lang.Thread.State: WAITING (on object monitor)&#10;        at java.lang.Object.wait(Native Method)&#10;        at java.lang.Object.wait(Object.java:502)&#10;        at org.apache.ratis.server.impl.StateMachineUpdater.waitForCommit(StateMachineUpdater.java:194)&#10;        at org.apache.ratis.server.impl.StateMachineUpdater.run(StateMachineUpdater.java:159)&#10;        at java.lang.Thread.run(Thread.java:748)&#10;&quot;pool-238-thread-20&quot;  prio=5 tid=2817 in Object.wait()&#10;java.lang.Thread.State: WAITING (on object monitor)&#10;        at sun.misc.Unsafe.park(Native Method)&#10;        at java.util.concurrent.locks.LockSupport.park(LockSupport.java:175)&#10;        at java.util.concurrent.locks.AbstractQueuedSynchronizer$ConditionObject.await(AbstractQueuedSynchronizer.java:2039)&#10;        at java.util.concurrent.ArrayBlockingQueue.take(ArrayBlockingQueue.java:403)&#10;        at java.util.concurrent.ThreadPoolExecutor.getTask(ThreadPoolExecutor.java:1074)&#10;        at java.util.concurrent.ThreadPoolExecutor.runWorker(ThreadPoolExecutor.java:1134)&#10;        at java.util.concurrent.ThreadPoolExecutor$Worker.run(ThreadPoolExecutor.java:624)&#10;        at java.lang.Thread.run(Thread.java:748)&#10;&quot;qtp95553286-1960&quot; daemon prio=5 tid=1960 timed_waiting&#10;java.lang.Thread.State: TIMED_WAITING&#10;        at sun.misc.Unsafe.park(Native Method)&#10;        at java.util.concurrent.locks.LockSupport.parkNanos(LockSupport.java:215)&#10;        at java.util.concurrent.locks.AbstractQueuedSynchronizer$ConditionObject.awaitNanos(AbstractQueuedSynchronizer.java:2078)&#10;        at org.eclipse.jetty.util.BlockingArrayQueue.poll(BlockingArrayQueue.java:392)&#10;        at org.eclipse.jetty.util.thread.QueuedThreadPool.idleJobPoll(QueuedThreadPool.java:563)&#10;        at org.eclipse.jetty.util.thread.QueuedThreadPool.access$800(QueuedThreadPool.java:48)&#10;        at org.eclipse.jetty.util.thread.QueuedThreadPool$2.run(QueuedThreadPool.java:626)&#10;        at java.lang.Thread.run(Thread.java:748)&#10;&quot;pool-238-thread-58&quot;  prio=5 tid=2855 in Object.wait()&#10;java.lang.Thread.State: WAITING (on object monitor)&#10;        at sun.misc.Unsafe.park(Native Method)&#10;        at java.util.concurrent.locks.LockSupport.park(LockSupport.java:175)&#10;        at java.util.concurrent.locks.AbstractQueuedSynchronizer$ConditionObject.await(AbstractQueuedSynchronizer.java:2039)&#10;        at java.util.concurrent.ArrayBlockingQueue.take(ArrayBlockingQueue.java:403)&#10;        at java.util.concurrent.ThreadPoolExecutor.getTask(ThreadPoolExecutor.java:1074)&#10;        at java.util.concurrent.ThreadPoolExecutor.runWorker(ThreadPoolExecutor.java:1134)&#10;        at java.util.concurrent.ThreadPoolExecutor$Worker.run(ThreadPoolExecutor.java:624)&#10;        at java.lang.Thread.run(Thread.java:748)&#10;&quot;surefire-forkedjvm-ping-30s&quot; daemon prio=5 tid=9 timed_waiting&#10;java.lang.Thread.State: TIMED_WAITING&#10;        at sun.misc.Unsafe.park(Native Method)&#10;        at java.util.concurrent.locks.LockSupport.parkNanos(LockSupport.java:215)&#10;        at java.util.concurrent.locks.AbstractQueuedSynchronizer$ConditionObject.awaitNanos(AbstractQueuedSynchronizer.java:2078)&#10;        at java.util.concurrent.ScheduledThreadPoolExecutor$DelayedWorkQueue.take(ScheduledThreadPoolExecutor.java:1093)&#10;        at java.util.concurrent.ScheduledThreadPoolExecutor$DelayedWorkQueue.take(ScheduledThreadPoolExecutor.java:809)&#10;        at java.util.concurrent.ThreadPoolExecutor.getTask(ThreadPoolExecutor.java:1074)&#10;        at java.util.concurrent.ThreadPoolExecutor.runWorker(ThreadPoolExecutor.java:1134)&#10;        at java.util.concurrent.ThreadPoolExecutor$Worker.run(ThreadPoolExecutor.java:624)&#10;        at java.lang.Thread.run(Thread.java:748)&#10;&quot;dadbf9b0-b155-425e-bdd4-f6aced2428ca@group-CE93C81AF12A-StateMachineUpdater&quot; daemon prio=5 tid=3105 in Object.wait()&#10;java.lang.Thread.State: WAITING (on object monitor)&#10;        at java.lang.Object.wait(Native Method)&#10;        at java.lang.Object.wait(Object.java:502)&#10;        at org.apache.ratis.server.impl.StateMachineUpdater.waitForCommit(StateMachineUpdater.java:194)&#10;        at org.apache.ratis.server.impl.StateMachineUpdater.run(StateMachineUpdater.java:159)&#10;        at java.lang.Thread.run(Thread.java:748)&#10;&quot;org.apache.hadoop.util.JvmPauseMonitor$Monitor@50913f08&quot; daemon prio=5 tid=2101 timed_waiting&#10;java.lang.Thread.State: TIMED_WAITING&#10;        at java.lang.Thread.sleep(Native Method)&#10;        at org.apache.hadoop.util.JvmPauseMonitor$Monitor.run(JvmPauseMonitor.java:192)&#10;        at java.lang.Thread.run(Thread.java:748)&#10;&quot;pool-208-thread-6&quot;  prio=5 tid=2617 in Object.wait()&#10;java.lang.Thread.State: WAITING (on object monitor)&#10;        at sun.misc.Unsafe.park(Native Method)&#10;        at java.util.concurrent.locks.LockSupport.park(LockSupport.java:175)&#10;        at java.util.concurrent.locks.AbstractQueuedSynchronizer$ConditionObject.await(AbstractQueuedSynchronizer.java:2039)&#10;        at java.util.concurrent.ArrayBlockingQueue.take(ArrayBlockingQueue.java:403)&#10;        at java.util.concurrent.ThreadPoolExecutor.getTask(ThreadPoolExecutor.java:1074)&#10;        at java.util.concurrent.ThreadPoolExecutor.runWorker(ThreadPoolExecutor.java:1134)&#10;        at java.util.concurrent.ThreadPoolExecutor$Worker.run(ThreadPoolExecutor.java:624)&#10;        at java.lang.Thread.run(Thread.java:748)&#10;&quot;pool-178-thread-23&quot;  prio=5 tid=2448 in Object.wait()&#10;java.lang.Thread.State: WAITING (on object monitor)&#10;        at sun.misc.Unsafe.park(Native Method)&#10;        at java.util.concurrent.locks.LockSupport.park(LockSupport.java:175)&#10;        at java.util.concurrent.locks.AbstractQueuedSynchronizer$ConditionObject.await(AbstractQueuedSynchronizer.java:2039)&#10;        at java.util.concurrent.ArrayBlockingQueue.take(ArrayBlockingQueue.java:403)&#10;        at java.util.concurrent.ThreadPoolExecutor.getTask(ThreadPoolExecutor.java:1074)&#10;        at java.util.concurrent.ThreadPoolExecutor.runWorker(ThreadPoolExecutor.java:1134)&#10;        at java.util.concurrent.ThreadPoolExecutor$Worker.run(ThreadPoolExecutor.java:624)&#10;        at java.lang.Thread.run(Thread.java:748)&#10;&quot;pool-222-thread-1&quot;  prio=5 tid=2164 timed_waiting&#10;java.lang.Thread.State: TIMED_WAITING&#10;        at sun.misc.Unsafe.park(Native Method)&#10;        at java.util.concurrent.locks.LockSupport.parkNanos(LockSupport.java:215)&#10;        at java.util.concurrent.locks.AbstractQueuedSynchronizer$ConditionObject.awaitNanos(AbstractQueuedSynchronizer.java:2078)&#10;        at java.util.concurrent.ScheduledThreadPoolExecutor$DelayedWorkQueue.take(ScheduledThreadPoolExecutor.java:1093)&#10;        at java.util.concurrent.ScheduledThreadPoolExecutor$DelayedWorkQueue.take(ScheduledThreadPoolExecutor.java:809)&#10;        at java.util.concurrent.ThreadPoolExecutor.getTask(ThreadPoolExecutor.java:1074)&#10;        at java.util.concurrent.ThreadPoolExecutor.runWorker(ThreadPoolExecutor.java:1134)&#10;        at java.util.concurrent.ThreadPoolExecutor$Worker.run(ThreadPoolExecutor.java:624)&#10;        at java.lang.Thread.run(Thread.java:748)&#10;&quot;PartialTableCache Cleanup Thread - 0&quot; daemon prio=5 tid=1365 in Object.wait()&#10;java.lang.Thread.State: WAITING (on object monitor)&#10;        at sun.misc.Unsafe.park(Native Method)&#10;        at java.util.concurrent.locks.LockSupport.park(LockSupport.java:175)&#10;        at java.util.concurrent.locks.AbstractQueuedSynchronizer$ConditionObject.await(AbstractQueuedSynchronizer.java:2039)&#10;        at java.util.concurrent.LinkedBlockingQueue.take(LinkedBlockingQueue.java:442)&#10;        at java.util.concurrent.ThreadPoolExecutor.getTask(ThreadPoolExecutor.java:1074)&#10;        at java.util.concurrent.ThreadPoolExecutor.runWorker(ThreadPoolExecutor.java:1134)&#10;        at java.util.concurrent.ThreadPoolExecutor$Worker.run(ThreadPoolExecutor.java:624)&#10;        at java.lang.Thread.run(Thread.java:748)&#10;&quot;qtp955153053-2195&quot; daemon prio=5 tid=2195 timed_waiting&#10;java.lang.Thread.State: TIMED_WAITING&#10;        at sun.misc.Unsafe.park(Native Method)&#10;        at java.util.concurrent.locks.LockSupport.parkNanos(LockSupport.java:215)&#10;        at java.util.concurrent.locks.AbstractQueuedSynchronizer$ConditionObject.awaitNanos(AbstractQueuedSynchronizer.java:2078)&#10;        at org.eclipse.jetty.util.BlockingArrayQueue.poll(BlockingArrayQueue.java:392)&#10;        at org.eclipse.jetty.util.thread.QueuedThreadPool.idleJobPoll(QueuedThreadPool.java:563)&#10;        at org.eclipse.jetty.util.thread.QueuedThreadPool.access$800(QueuedThreadPool.java:48)&#10;        at org.eclipse.jetty.util.thread.QueuedThreadPool$2.run(QueuedThreadPool.java:626)&#10;        at java.lang.Thread.run(Thread.java:748)&#10;&quot;qtp81705968-2059&quot; daemon prio=5 tid=2059 timed_waiting&#10;java.lang.Thread.State: TIMED_WAITING&#10;        at sun.misc.Unsafe.park(Native Method)&#10;        at java.util.concurrent.locks.LockSupport.parkNanos(LockSupport.java:215)&#10;        at java.util.concurrent.locks.AbstractQueuedSynchronizer$ConditionObject.awaitNanos(AbstractQueuedSynchronizer.java:2078)&#10;        at org.eclipse.jetty.util.BlockingArrayQueue.poll(BlockingArrayQueue.java:392)&#10;        at org.eclipse.jetty.util.thread.QueuedThreadPool.idleJobPoll(QueuedThreadPool.java:563)&#10;        at org.eclipse.jetty.util.thread.QueuedThreadPool.access$800(QueuedThreadPool.java:48)&#10;        at org.eclipse.jetty.util.thread.QueuedThreadPool$2.run(QueuedThreadPool.java:626)&#10;        at java.lang.Thread.run(Thread.java:748)&#10;&quot;pool-178-thread-55&quot;  prio=5 tid=2480 in Object.wait()&#10;java.lang.Thread.State: WAITING (on object monitor)&#10;        at sun.misc.Unsafe.park(Native Method)&#10;        at java.util.concurrent.locks.LockSupport.park(LockSupport.java:175)&#10;        at java.util.concurrent.locks.AbstractQueuedSynchronizer$ConditionObject.await(AbstractQueuedSynchronizer.java:2039)&#10;        at java.util.concurrent.ArrayBlockingQueue.take(ArrayBlockingQueue.java:403)&#10;        at java.util.concurrent.ThreadPoolExecutor.getTask(ThreadPoolExecutor.java:1074)&#10;        at java.util.concurrent.ThreadPoolExecutor.runWorker(ThreadPoolExecutor.java:1134)&#10;        at java.util.concurrent.ThreadPoolExecutor$Worker.run(ThreadPoolExecutor.java:624)&#10;        at java.lang.Thread.run(Thread.java:748)&#10;&quot;pool-178-thread-47&quot;  prio=5 tid=2472 in Object.wait()&#10;java.lang.Thread.State: WAITING (on object monitor)&#10;        at sun.misc.Unsafe.park(Native Method)&#10;        at java.util.concurrent.locks.LockSupport.park(LockSupport.java:175)&#10;        at java.util.concurrent.locks.AbstractQueuedSynchronizer$ConditionObject.await(AbstractQueuedSynchronizer.java:2039)&#10;        at java.util.concurrent.ArrayBlockingQueue.take(ArrayBlockingQueue.java:403)&#10;        at java.util.concurrent.ThreadPoolExecutor.getTask(ThreadPoolExecutor.java:1074)&#10;        at java.util.concurrent.ThreadPoolExecutor.runWorker(ThreadPoolExecutor.java:1134)&#10;        at java.util.concurrent.ThreadPoolExecutor$Worker.run(ThreadPoolExecutor.java:624)&#10;        at java.lang.Thread.run(Thread.java:748)&#10;&quot;pool-158-thread-31&quot;  prio=5 tid=2332 in Object.wait()&#10;java.lang.Thread.State: WAITING (on object monitor)&#10;        at sun.misc.Unsafe.park(Native Method)&#10;        at java.util.concurrent.locks.LockSupport.park(LockSupport.java:175)&#10;        at java.util.concurrent.locks.AbstractQueuedSynchronizer$ConditionObject.await(AbstractQueuedSynchronizer.java:2039)&#10;        at java.util.concurrent.ArrayBlockingQueue.take(ArrayBlockingQueue.java:403)&#10;        at java.util.concurrent.ThreadPoolExecutor.getTask(ThreadPoolExecutor.java:1074)&#10;        at java.util.concurrent.ThreadPoolExecutor.runWorker(ThreadPoolExecutor.java:1134)&#10;        at java.util.concurrent.ThreadPoolExecutor$Worker.run(ThreadPoolExecutor.java:624)&#10;        at java.lang.Thread.run(Thread.java:748)&#10;&quot;pool-178-thread-31&quot;  prio=5 tid=2456 in Object.wait()&#10;java.lang.Thread.State: WAITING (on object monitor)&#10;        at sun.misc.Unsafe.park(Native Method)&#10;        at java.util.concurrent.locks.LockSupport.park(LockSupport.java:175)&#10;        at java.util.concurrent.locks.AbstractQueuedSynchronizer$ConditionObject.await(AbstractQueuedSynchronizer.java:2039)&#10;        at java.util.concurrent.ArrayBlockingQueue.take(ArrayBlockingQueue.java:403)&#10;        at java.util.concurrent.ThreadPoolExecutor.getTask(ThreadPoolExecutor.java:1074)&#10;        at java.util.concurrent.ThreadPoolExecutor.runWorker(ThreadPoolExecutor.java:1134)&#10;        at java.util.concurrent.ThreadPoolExecutor$Worker.run(ThreadPoolExecutor.java:624)&#10;        at java.lang.Thread.run(Thread.java:748)&#10;&quot;Periodic HDDS volume checker&quot;  prio=5 tid=2077 timed_waiting&#10;java.lang.Thread.State: TIMED_WAITING&#10;        at sun.misc.Unsafe.park(Native Method)&#10;        at java.util.concurrent.locks.LockSupport.parkNanos(LockSupport.java:215)&#10;        at java.util.concurrent.locks.AbstractQueuedSynchronizer$ConditionObject.awaitNanos(AbstractQueuedSynchronizer.java:2078)&#10;        at java.util.concurrent.ScheduledThreadPoolExecutor$DelayedWorkQueue.take(ScheduledThreadPoolExecutor.java:1093)&#10;        at java.util.concurrent.ScheduledThreadPoolExecutor$DelayedWorkQueue.take(ScheduledThreadPoolExecutor.java:809)&#10;        at java.util.concurrent.ThreadPoolExecutor.getTask(ThreadPoolExecutor.java:1074)&#10;        at java.util.concurrent.ThreadPoolExecutor.runWorker(ThreadPoolExecutor.java:1134)&#10;        at java.util.concurrent.ThreadPoolExecutor$Worker.run(ThreadPoolExecutor.java:624)&#10;        at java.lang.Thread.run(Thread.java:748)&#10;&quot;qtp229318537-2114&quot; daemon prio=5 tid=2114 timed_waiting&#10;java.lang.Thread.State: TIMED_WAITING&#10;        at sun.misc.Unsafe.park(Native Method)&#10;        at java.util.concurrent.locks.LockSupport.parkNanos(LockSupport.java:215)&#10;        at java.util.concurrent.locks.AbstractQueuedSynchronizer$ConditionObject.awaitNanos(AbstractQueuedSynchronizer.java:2078)&#10;        at org.eclipse.jetty.util.BlockingArrayQueue.poll(BlockingArrayQueue.java:392)&#10;        at org.eclipse.jetty.util.thread.QueuedThreadPool.idleJobPoll(QueuedThreadPool.java:563)&#10;        at org.eclipse.jetty.util.thread.QueuedThreadPool.access$800(QueuedThreadPool.java:48)&#10;        at org.eclipse.jetty.util.thread.QueuedThreadPool$2.run(QueuedThreadPool.java:626)&#10;        at java.lang.Thread.run(Thread.java:748)&#10;&quot;PartialTableCache Cleanup Thread - 0&quot; daemon prio=5 tid=1357 in Object.wait()&#10;java.lang.Thread.State: WAITING (on object monitor)&#10;        at sun.misc.Unsafe.park(Native Method)&#10;        at java.util.concurrent.locks.LockSupport.park(LockSupport.java:175)&#10;        at java.util.concurrent.locks.AbstractQueuedSynchronizer$ConditionObject.await(AbstractQueuedSynchronizer.java:2039)&#10;        at java.util.concurrent.LinkedBlockingQueue.take(LinkedBlockingQueue.java:442)&#10;        at java.util.concurrent.ThreadPoolExecutor.getTask(ThreadPoolExecutor.java:1074)&#10;        at java.util.concurrent.ThreadPoolExecutor.runWorker(ThreadPoolExecutor.java:1134)&#10;        at java.util.concurrent.ThreadPoolExecutor$Worker.run(ThreadPoolExecutor.java:624)&#10;        at java.lang.Thread.run(Thread.java:748)&#10;&quot;pool-208-thread-17&quot;  prio=5 tid=2628 in Object.wait()&#10;java.lang.Thread.State: WAITING (on object monitor)&#10;        at sun.misc.Unsafe.park(Native Method)&#10;        at java.util.concurrent.locks.LockSupport.park(LockSupport.java:175)&#10;        at java.util.concurrent.locks.AbstractQueuedSynchronizer$ConditionObject.await(AbstractQueuedSynchronizer.java:2039)&#10;        at java.util.concurrent.ArrayBlockingQueue.take(ArrayBlockingQueue.java:403)&#10;        at java.util.concurrent.ThreadPoolExecutor.getTask(ThreadPoolExecutor.java:1074)&#10;        at java.util.concurrent.ThreadPoolExecutor.runWorker(ThreadPoolExecutor.java:1134)&#10;        at java.util.concurrent.ThreadPoolExecutor$Worker.run(ThreadPoolExecutor.java:624)&#10;        at java.lang.Thread.run(Thread.java:748)&#10;&quot;qtp1553544410-2005&quot; daemon prio=5 tid=2005 timed_waiting&#10;java.lang.Thread.State: TIMED_WAITING&#10;        at sun.misc.Unsafe.park(Native Method)&#10;        at java.util.concurrent.locks.LockSupport.parkNanos(LockSupport.java:215)&#10;        at java.util.concurrent.locks.AbstractQueuedSynchronizer$ConditionObject.awaitNanos(AbstractQueuedSynchronizer.java:2078)&#10;        at org.eclipse.jetty.util.BlockingArrayQueue.poll(BlockingArrayQueue.java:392)&#10;        at org.eclipse.jetty.util.thread.QueuedThreadPool.idleJobPoll(QueuedThreadPool.java:563)&#10;        at org.eclipse.jetty.util.thread.QueuedThreadPool.access$800(QueuedThreadPool.java:48)&#10;        at org.eclipse.jetty.util.thread.QueuedThreadPool$2.run(QueuedThreadPool.java:626)&#10;        at java.lang.Thread.run(Thread.java:748)&#10;&quot;qtp955153053-2197&quot; daemon prio=5 tid=2197 timed_waiting&#10;java.lang.Thread.State: TIMED_WAITING&#10;        at sun.misc.Unsafe.park(Native Method)&#10;        at java.util.concurrent.locks.LockSupport.parkNanos(LockSupport.java:215)&#10;        at java.util.concurrent.locks.AbstractQueuedSynchronizer$ConditionObject.awaitNanos(AbstractQueuedSynchronizer.java:2078)&#10;        at org.eclipse.jetty.util.BlockingArrayQueue.poll(BlockingArrayQueue.java:392)&#10;        at org.eclipse.jetty.util.thread.QueuedThreadPool.idleJobPoll(QueuedThreadPool.java:563)&#10;        at org.eclipse.jetty.util.thread.QueuedThreadPool.access$800(QueuedThreadPool.java:48)&#10;        at org.eclipse.jetty.util.thread.QueuedThreadPool$2.run(QueuedThreadPool.java:626)&#10;        at java.lang.Thread.run(Thread.java:748)&#10;&quot;org.eclipse.jetty.server.session.HashSessionManager@6e0e5decTimer&quot; daemon prio=5 tid=1920 timed_waiting&#10;java.lang.Thread.State: TIMED_WAITING&#10;        at sun.misc.Unsafe.park(Native Method)&#10;        at java.util.concurrent.locks.LockSupport.parkNanos(LockSupport.java:215)&#10;        at java.util.concurrent.locks.AbstractQueuedSynchronizer$ConditionObject.awaitNanos(AbstractQueuedSynchronizer.java:2078)&#10;        at java.util.concurrent.ScheduledThreadPoolExecutor$DelayedWorkQueue.take(ScheduledThreadPoolExecutor.java:1093)&#10;        at java.util.concurrent.ScheduledThreadPoolExecutor$DelayedWorkQueue.take(ScheduledThreadPoolExecutor.java:809)&#10;        at java.util.concurrent.ThreadPoolExecutor.getTask(ThreadPoolExecutor.java:1074)&#10;        at java.util.concurrent.ThreadPoolExecutor.runWorker(ThreadPoolExecutor.java:1134)&#10;        at java.util.concurrent.ThreadPoolExecutor$Worker.run(ThreadPoolExecutor.java:624)&#10;        at java.lang.Thread.run(Thread.java:748)&#10;&quot;IPC Server handler 17 on 42444&quot; daemon prio=5 tid=1909 timed_waiting&#10;java.lang.Thread.State: TIMED_WAITING&#10;        at sun.misc.Unsafe.park(Native Method)&#10;        at java.util.concurrent.locks.LockSupport.parkNanos(LockSupport.java:215)&#10;        at java.util.concurrent.locks.AbstractQueuedSynchronizer$ConditionObject.awaitNanos(AbstractQueuedSynchronizer.java:2078)&#10;        at java.util.concurrent.LinkedBlockingQueue.poll(LinkedBlockingQueue.java:467)&#10;        at org.apache.hadoop.ipc.CallQueueManager.take(CallQueueManager.java:288)&#10;        at org.apache.hadoop.ipc.Server$Handler.run(Server.java:2668)&#10;&quot;8344cb33-ae61-4ff3-97f7-00b91742683d@group-DC40EABEC771-StateMachineUpdater&quot; daemon prio=5 tid=2916 in Object.wait()&#10;java.lang.Thread.State: WAITING (on object monitor)&#10;        at java.lang.Object.wait(Native Method)&#10;        at java.lang.Object.wait(Object.java:502)&#10;        at org.apache.ratis.server.impl.StateMachineUpdater.waitForCommit(StateMachineUpdater.java:194)&#10;        at org.apache.ratis.server.impl.StateMachineUpdater.run(StateMachineUpdater.java:159)&#10;        at java.lang.Thread.run(Thread.java:748)&#10;&quot;pool-168-thread-12&quot;  prio=5 tid=2375 in Object.wait()&#10;java.lang.Thread.State: WAITING (on object monitor)&#10;        at sun.misc.Unsafe.park(Native Method)&#10;        at java.util.concurrent.locks.LockSupport.park(LockSupport.java:175)&#10;        at java.util.concurrent.locks.AbstractQueuedSynchronizer$ConditionObject.await(AbstractQueuedSynchronizer.java:2039)&#10;        at java.util.concurrent.ArrayBlockingQueue.take(ArrayBlockingQueue.java:403)&#10;        at java.util.concurrent.ThreadPoolExecutor.getTask(ThreadPoolExecutor.java:1074)&#10;        at java.util.concurrent.ThreadPoolExecutor.runWorker(ThreadPoolExecutor.java:1134)&#10;        at java.util.concurrent.ThreadPoolExecutor$Worker.run(ThreadPoolExecutor.java:624)&#10;        at java.lang.Thread.run(Thread.java:748)&#10;&quot;pool-158-thread-24&quot;  prio=5 tid=2325 in Object.wait()&#10;java.lang.Thread.State: WAITING (on object monitor)&#10;        at sun.misc.Unsafe.park(Native Method)&#10;        at java.util.concurrent.locks.LockSupport.park(LockSupport.java:175)&#10;        at java.util.concurrent.locks.AbstractQueuedSynchronizer$ConditionObject.await(AbstractQueuedSynchronizer.java:2039)&#10;        at java.util.concurrent.ArrayBlockingQueue.take(ArrayBlockingQueue.java:403)&#10;        at java.util.concurrent.ThreadPoolExecutor.getTask(ThreadPoolExecutor.java:1074)&#10;        at java.util.concurrent.ThreadPoolExecutor.runWorker(ThreadPoolExecutor.java:1134)&#10;        at java.util.concurrent.ThreadPoolExecutor$Worker.run(ThreadPoolExecutor.java:624)&#10;        at java.lang.Thread.run(Thread.java:748)&#10;&quot;pool-178-thread-27&quot;  prio=5 tid=2452 in Object.wait()&#10;java.lang.Thread.State: WAITING (on object monitor)&#10;        at sun.misc.Unsafe.park(Native Method)&#10;        at java.util.concurrent.locks.LockSupport.park(LockSupport.java:175)&#10;        at java.util.concurrent.locks.AbstractQueuedSynchronizer$ConditionObject.await(AbstractQueuedSynchronizer.java:2039)&#10;        at java.util.concurrent.ArrayBlockingQueue.take(ArrayBlockingQueue.java:403)&#10;        at java.util.concurrent.ThreadPoolExecutor.getTask(ThreadPoolExecutor.java:1074)&#10;        at java.util.concurrent.ThreadPoolExecutor.runWorker(ThreadPoolExecutor.java:1134)&#10;        at java.util.concurrent.ThreadPoolExecutor$Worker.run(ThreadPoolExecutor.java:624)&#10;        at java.lang.Thread.run(Thread.java:748)&#10;&quot;Datanode State Machine Thread - 0&quot; daemon prio=5 tid=2230 timed_waiting&#10;java.lang.Thread.State: TIMED_WAITING&#10;        at java.lang.Thread.sleep(Native Method)&#10;        at org.apache.hadoop.ozone.container.common.statemachine.DatanodeStateMachine.start(DatanodeStateMachine.java:191)&#10;        at org.apache.hadoop.ozone.container.common.statemachine.DatanodeStateMachine.lambda$startDaemon$0(DatanodeStateMachine.java:349)&#10;        at org.apache.hadoop.ozone.container.common.statemachine.DatanodeStateMachine$$Lambda$141/1594065480.run(Unknown Source)&#10;        at java.lang.Thread.run(Thread.java:748)&#10;&quot;qtp1553544410-2003&quot; daemon prio=5 tid=2003 runnable&#10;java.lang.Thread.State: RUNNABLE&#10;        at sun.nio.ch.EPollArrayWrapper.epollWait(Native Method)&#10;        at sun.nio.ch.EPollArrayWrapper.poll(EPollArrayWrapper.java:269)&#10;        at sun.nio.ch.EPollSelectorImpl.doSelect(EPollSelectorImpl.java:93)&#10;        at sun.nio.ch.SelectorImpl.lockAndDoSelect(SelectorImpl.java:86)&#10;        at sun.nio.ch.SelectorImpl.select(SelectorImpl.java:97)&#10;        at sun.nio.ch.SelectorImpl.select(SelectorImpl.java:101)&#10;        at org.eclipse.jetty.io.ManagedSelector$SelectorProducer.select(ManagedSelector.java:243)&#10;        at org.eclipse.jetty.io.ManagedSelector$SelectorProducer.produce(ManagedSelector.java:191)&#10;        at org.eclipse.jetty.util.thread.strategy.ExecuteProduceConsume.executeProduceConsume(ExecuteProduceConsume.java:249)&#10;        at org.eclipse.jetty.util.thread.strategy.ExecuteProduceConsume.produceConsume(ExecuteProduceConsume.java:148)&#10;        at org.eclipse.jetty.util.thread.strategy.ExecuteProduceConsume.execute(ExecuteProduceConsume.java:100)&#10;        at org.eclipse.jetty.io.ManagedSelector.run(ManagedSelector.java:147)&#10;        at org.eclipse.jetty.util.thread.QueuedThreadPool.runJob(QueuedThreadPool.java:671)&#10;        at org.eclipse.jetty.util.thread.QueuedThreadPool$2.run(QueuedThreadPool.java:589)&#10;        at java.lang.Thread.run(Thread.java:748)&#10;&quot;pool-228-thread-31&quot;  prio=5 tid=2766 in Object.wait()&#10;java.lang.Thread.State: WAITING (on object monitor)&#10;        at sun.misc.Unsafe.park(Native Method)&#10;        at java.util.concurrent.locks.LockSupport.park(LockSupport.java:175)&#10;        at java.util.concurrent.locks.AbstractQueuedSynchronizer$ConditionObject.await(AbstractQueuedSynchronizer.java:2039)&#10;        at java.util.concurrent.ArrayBlockingQueue.take(ArrayBlockingQueue.java:403)&#10;        at java.util.concurrent.ThreadPoolExecutor.getTask(ThreadPoolExecutor.java:1074)&#10;        at java.util.concurrent.ThreadPoolExecutor.runWorker(ThreadPoolExecutor.java:1134)&#10;        at java.util.concurrent.ThreadPoolExecutor$Worker.run(ThreadPoolExecutor.java:624)&#10;        at java.lang.Thread.run(Thread.java:748)&#10;&quot;pool-208-thread-56&quot;  prio=5 tid=2667 in Object.wait()&#10;java.lang.Thread.State: WAITING (on object monitor)&#10;        at sun.misc.Unsafe.park(Native Method)&#10;        at java.util.concurrent.locks.LockSupport.park(LockSupport.java:175)&#10;        at java.util.concurrent.locks.AbstractQueuedSynchronizer$ConditionObject.await(AbstractQueuedSynchronizer.java:2039)&#10;        at java.util.concurrent.ArrayBlockingQueue.take(ArrayBlockingQueue.java:403)&#10;        at java.util.concurrent.ThreadPoolExecutor.getTask(ThreadPoolExecutor.java:1074)&#10;        at java.util.concurrent.ThreadPoolExecutor.runWorker(ThreadPoolExecutor.java:1134)&#10;        at java.util.concurrent.ThreadPoolExecutor$Worker.run(ThreadPoolExecutor.java:624)&#10;        at java.lang.Thread.run(Thread.java:748)&#10;&quot;Datanode ReportManager Thread - 1&quot; daemon prio=5 tid=334 in Object.wait()&#10;java.lang.Thread.State: WAITING (on object monitor)&#10;        at sun.misc.Unsafe.park(Native Method)&#10;        at java.util.concurrent.locks.LockSupport.park(LockSupport.java:175)&#10;        at java.util.concurrent.locks.AbstractQueuedSynchronizer$ConditionObject.await(AbstractQueuedSynchronizer.java:2039)&#10;        at java.util.concurrent.ScheduledThreadPoolExecutor$DelayedWorkQueue.take(ScheduledThreadPoolExecutor.java:1088)&#10;        at java.util.concurrent.ScheduledThreadPoolExecutor$DelayedWorkQueue.take(ScheduledThreadPoolExecutor.java:809)&#10;        at java.util.concurrent.ThreadPoolExecutor.getTask(ThreadPoolExecutor.java:1074)&#10;        at java.util.concurrent.ThreadPoolExecutor.runWorker(ThreadPoolExecutor.java:1134)&#10;        at java.util.concurrent.ThreadPoolExecutor$Worker.run(ThreadPoolExecutor.java:624)&#10;        at java.lang.Thread.run(Thread.java:748)&#10;&quot;IPC Parameter Sending Thread #0&quot; daemon prio=5 tid=105 timed_waiting&#10;java.lang.Thread.State: TIMED_WAITING&#10;        at sun.misc.Unsafe.park(Native Method)&#10;        at java.util.concurrent.locks.LockSupport.parkNanos(LockSupport.java:215)&#10;        at java.util.concurrent.SynchronousQueue$TransferStack.awaitFulfill(SynchronousQueue.java:460)&#10;        at java.util.concurrent.SynchronousQueue$TransferStack.transfer(SynchronousQueue.java:362)&#10;        at java.util.concurrent.SynchronousQueue.poll(SynchronousQueue.java:941)&#10;        at java.util.concurrent.ThreadPoolExecutor.getTask(ThreadPoolExecutor.java:1073)&#10;        at java.util.concurrent.ThreadPoolExecutor.runWorker(ThreadPoolExecutor.java:1134)&#10;        at java.util.concurrent.ThreadPoolExecutor$Worker.run(ThreadPoolExecutor.java:624)&#10;        at java.lang.Thread.run(Thread.java:748)&#10;&quot;pool-198-thread-42&quot;  prio=5 tid=2591 in Object.wait()&#10;java.lang.Thread.State: WAITING (on object monitor)&#10;        at sun.misc.Unsafe.park(Native Method)&#10;        at java.util.concurrent.locks.LockSupport.park(LockSupport.java:175)&#10;        at java.util.concurrent.locks.AbstractQueuedSynchronizer$ConditionObject.await(AbstractQueuedSynchronizer.java:2039)&#10;        at java.util.concurrent.ArrayBlockingQueue.take(ArrayBlockingQueue.java:403)&#10;        at java.util.concurrent.ThreadPoolExecutor.getTask(ThreadPoolExecutor.java:1074)&#10;        at java.util.concurrent.ThreadPoolExecutor.runWorker(ThreadPoolExecutor.java:1134)&#10;        at java.util.concurrent.ThreadPoolExecutor$Worker.run(ThreadPoolExecutor.java:624)&#10;        at java.lang.Thread.run(Thread.java:748)&#10;&quot;pool-168-thread-56&quot;  prio=5 tid=2419 in Object.wait()&#10;java.lang.Thread.State: WAITING (on object monitor)&#10;        at sun.misc.Unsafe.park(Native Method)&#10;        at java.util.concurrent.locks.LockSupport.park(LockSupport.java:175)&#10;        at java.util.concurrent.locks.AbstractQueuedSynchronizer$ConditionObject.await(AbstractQueuedSynchronizer.java:2039)&#10;        at java.util.concurrent.ArrayBlockingQueue.take(ArrayBlockingQueue.java:403)&#10;        at java.util.concurrent.ThreadPoolExecutor.getTask(ThreadPoolExecutor.java:1074)&#10;        at java.util.concurrent.ThreadPoolExecutor.runWorker(ThreadPoolExecutor.java:1134)&#10;        at java.util.concurrent.ThreadPoolExecutor$Worker.run(ThreadPoolExecutor.java:624)&#10;        at java.lang.Thread.run(Thread.java:748)&#10;&quot;pool-188-thread-39&quot;  prio=5 tid=2526 in Object.wait()&#10;java.lang.Thread.State: WAITING (on object monitor)&#10;        at sun.misc.Unsafe.park(Native Method)&#10;        at java.util.concurrent.locks.LockSupport.park(LockSupport.java:175)&#10;        at java.util.concurrent.locks.AbstractQueuedSynchronizer$ConditionObject.await(AbstractQueuedSynchronizer.java:2039)&#10;        at java.util.concurrent.ArrayBlockingQueue.take(ArrayBlockingQueue.java:403)&#10;        at java.util.concurrent.ThreadPoolExecutor.getTask(ThreadPoolExecutor.java:1074)&#10;        at java.util.concurrent.ThreadPoolExecutor.runWorker(ThreadPoolExecutor.java:1134)&#10;        at java.util.concurrent.ThreadPoolExecutor$Worker.run(ThreadPoolExecutor.java:624)&#10;        at java.lang.Thread.run(Thread.java:748)&#10;&quot;org.eclipse.jetty.server.session.HashSessionManager@4f654ceeTimer&quot; daemon prio=5 tid=2012 timed_waiting&#10;java.lang.Thread.State: TIMED_WAITING&#10;        at sun.misc.Unsafe.park(Native Method)&#10;        at java.util.concurrent.locks.LockSupport.parkNanos(LockSupport.java:215)&#10;        at java.util.concurrent.locks.AbstractQueuedSynchronizer$ConditionObject.awaitNanos(AbstractQueuedSynchronizer.java:2078)&#10;        at java.util.concurrent.ScheduledThreadPoolExecutor$DelayedWorkQueue.take(ScheduledThreadPoolExecutor.java:1093)&#10;        at java.util.concurrent.ScheduledThreadPoolExecutor$DelayedWorkQueue.take(ScheduledThreadPoolExecutor.java:809)&#10;        at java.util.concurrent.ThreadPoolExecutor.getTask(ThreadPoolExecutor.java:1074)&#10;        at java.util.concurrent.ThreadPoolExecutor.runWorker(ThreadPoolExecutor.java:1134)&#10;        at java.util.concurrent.ThreadPoolExecutor$Worker.run(ThreadPoolExecutor.java:624)&#10;        at java.lang.Thread.run(Thread.java:748)&#10;&quot;pool-188-thread-28&quot;  prio=5 tid=2515 in Object.wait()&#10;java.lang.Thread.State: WAITING (on object monitor)&#10;        at sun.misc.Unsafe.park(Native Method)&#10;        at java.util.concurrent.locks.LockSupport.park(LockSupport.java:175)&#10;        at java.util.concurrent.locks.AbstractQueuedSynchronizer$ConditionObject.await(AbstractQueuedSynchronizer.java:2039)&#10;        at java.util.concurrent.ArrayBlockingQueue.take(ArrayBlockingQueue.java:403)&#10;        at java.util.concurrent.ThreadPoolExecutor.getTask(ThreadPoolExecutor.java:1074)&#10;        at java.util.concurrent.ThreadPoolExecutor.runWorker(ThreadPoolExecutor.java:1134)&#10;        at java.util.concurrent.ThreadPoolExecutor$Worker.run(ThreadPoolExecutor.java:624)&#10;        at java.lang.Thread.run(Thread.java:748)&#10;&quot;pool-228-thread-23&quot;  prio=5 tid=2758 in Object.wait()&#10;java.lang.Thread.State: WAITING (on object monitor)&#10;        at sun.misc.Unsafe.park(Native Method)&#10;        at java.util.concurrent.locks.LockSupport.park(LockSupport.java:175)&#10;        at java.util.concurrent.locks.AbstractQueuedSynchronizer$ConditionObject.await(AbstractQueuedSynchronizer.java:2039)&#10;        at java.util.concurrent.ArrayBlockingQueue.take(ArrayBlockingQueue.java:403)&#10;        at java.util.concurrent.ThreadPoolExecutor.getTask(ThreadPoolExecutor.java:1074)&#10;        at java.util.concurrent.ThreadPoolExecutor.runWorker(ThreadPoolExecutor.java:1134)&#10;        at java.util.concurrent.ThreadPoolExecutor$Worker.run(ThreadPoolExecutor.java:624)&#10;        at java.lang.Thread.run(Thread.java:748)&#10;&quot;Datanode State Machine Thread - 0&quot; daemon prio=5 tid=1994 in Object.wait()&#10;java.lang.Thread.State: WAITING (on object monitor)&#10;        at sun.misc.Unsafe.park(Native Method)&#10;        at java.util.concurrent.locks.LockSupport.parkNanos(LockSupport.java:215)&#10;        at java.util.concurrent.SynchronousQueue$TransferStack.awaitFulfill(SynchronousQueue.java:460)&#10;        at java.util.concurrent.SynchronousQueue$TransferStack.transfer(SynchronousQueue.java:362)&#10;        at java.util.concurrent.SynchronousQueue.poll(SynchronousQueue.java:941)&#10;        at java.util.concurrent.ThreadPoolExecutor.getTask(ThreadPoolExecutor.java:1073)&#10;        at java.util.concurrent.ThreadPoolExecutor.runWorker(ThreadPoolExecutor.java:1134)&#10;        at java.util.concurrent.ThreadPoolExecutor$Worker.run(ThreadPoolExecutor.java:624)&#10;        at java.lang.Thread.run(Thread.java:748)&#10;&quot;org.eclipse.jetty.server.session.HashSessionManager@2b4d4327Timer&quot; daemon prio=5 tid=2201 timed_waiting&#10;java.lang.Thread.State: TIMED_WAITING&#10;        at sun.misc.Unsafe.park(Native Method)&#10;        at java.util.concurrent.locks.LockSupport.parkNanos(LockSupport.java:215)&#10;        at java.util.concurrent.locks.AbstractQueuedSynchronizer$ConditionObject.awaitNanos(AbstractQueuedSynchronizer.java:2078)&#10;        at java.util.concurrent.ScheduledThreadPoolExecutor$DelayedWorkQueue.take(ScheduledThreadPoolExecutor.java:1093)&#10;        at java.util.concurrent.ScheduledThreadPoolExecutor$DelayedWorkQueue.take(ScheduledThreadPoolExecutor.java:809)&#10;        at java.util.concurrent.ThreadPoolExecutor.getTask(ThreadPoolExecutor.java:1074)&#10;        at java.util.concurrent.ThreadPoolExecutor.runWorker(ThreadPoolExecutor.java:1134)&#10;        at java.util.concurrent.ThreadPoolExecutor$Worker.run(ThreadPoolExecutor.java:624)&#10;        at java.lang.Thread.run(Thread.java:748)&#10;&quot;qtp95553286-1962&quot; daemon prio=5 tid=1962 timed_waiting&#10;java.lang.Thread.State: TIMED_WAITING&#10;        at sun.misc.Unsafe.park(Native Method)&#10;        at java.util.concurrent.locks.LockSupport.parkNanos(LockSupport.java:215)&#10;        at java.util.concurrent.locks.AbstractQueuedSynchronizer$ConditionObject.awaitNanos(AbstractQueuedSynchronizer.java:2078)&#10;        at org.eclipse.jetty.util.BlockingArrayQueue.poll(BlockingArrayQueue.java:392)&#10;        at org.eclipse.jetty.util.thread.QueuedThreadPool.idleJobPoll(QueuedThreadPool.java:563)&#10;        at org.eclipse.jetty.util.thread.QueuedThreadPool.access$800(QueuedThreadPool.java:48)&#10;        at org.eclipse.jetty.util.thread.QueuedThreadPool$2.run(QueuedThreadPool.java:626)&#10;        at java.lang.Thread.run(Thread.java:748)&#10;&quot;qtp1553544410-2006&quot; daemon prio=5 tid=2006 timed_waiting&#10;java.lang.Thread.State: TIMED_WAITING&#10;        at sun.misc.Unsafe.park(Native Method)&#10;        at java.util.concurrent.locks.LockSupport.parkNanos(LockSupport.java:215)&#10;        at java.util.concurrent.locks.AbstractQueuedSynchronizer$ConditionObject.awaitNanos(AbstractQueuedSynchronizer.java:2078)&#10;        at org.eclipse.jetty.util.BlockingArrayQueue.poll(BlockingArrayQueue.java:392)&#10;        at org.eclipse.jetty.util.thread.QueuedThreadPool.idleJobPoll(QueuedThreadPool.java:563)&#10;        at org.eclipse.jetty.util.thread.QueuedThreadPool.access$800(QueuedThreadPool.java:48)&#10;        at org.eclipse.jetty.util.thread.QueuedThreadPool$2.run(QueuedThreadPool.java:626)&#10;        at java.lang.Thread.run(Thread.java:748)&#10;&quot;IPC Server handler 18 on 43737&quot; daemon prio=5 tid=1890 timed_waiting&#10;java.lang.Thread.State: TIMED_WAITING&#10;        at sun.misc.Unsafe.park(Native Method)&#10;        at java.util.concurrent.locks.LockSupport.parkNanos(LockSupport.java:215)&#10;        at java.util.concurrent.locks.AbstractQueuedSynchronizer$ConditionObject.awaitNanos(AbstractQueuedSynchronizer.java:2078)&#10;        at java.util.concurrent.LinkedBlockingQueue.poll(LinkedBlockingQueue.java:467)&#10;        at org.apache.hadoop.ipc.CallQueueManager.take(CallQueueManager.java:288)&#10;        at org.apache.hadoop.ipc.Server$Handler.run(Server.java:2668)&#10;&quot;Datanode ReportManager Thread - 0&quot; daemon prio=5 tid=225 timed_waiting&#10;java.lang.Thread.State: TIMED_WAITING&#10;        at sun.misc.Unsafe.park(Native Method)&#10;        at java.util.concurrent.locks.LockSupport.parkNanos(LockSupport.java:215)&#10;        at java.util.concurrent.locks.AbstractQueuedSynchronizer$ConditionObject.awaitNanos(AbstractQueuedSynchronizer.java:2078)&#10;        at java.util.concurrent.ScheduledThreadPoolExecutor$DelayedWorkQueue.take(ScheduledThreadPoolExecutor.java:1093)&#10;        at java.util.concurrent.ScheduledThreadPoolExecutor$DelayedWorkQueue.take(ScheduledThreadPoolExecutor.java:809)&#10;        at java.util.concurrent.ThreadPoolExecutor.getTask(ThreadPoolExecutor.java:1074)&#10;        at java.util.concurrent.ThreadPoolExecutor.runWorker(ThreadPoolExecutor.java:1134)&#10;        at java.util.concurrent.ThreadPoolExecutor$Worker.run(ThreadPoolExecutor.java:624)&#10;        at java.lang.Thread.run(Thread.java:748)&#10;&quot;pool-208-thread-25&quot;  prio=5 tid=2636 in Object.wait()&#10;java.lang.Thread.State: WAITING (on object monitor)&#10;        at sun.misc.Unsafe.park(Native Method)&#10;        at java.util.concurrent.locks.LockSupport.park(LockSupport.java:175)&#10;        at java.util.concurrent.locks.AbstractQueuedSynchronizer$ConditionObject.await(AbstractQueuedSynchronizer.java:2039)&#10;        at java.util.concurrent.ArrayBlockingQueue.take(ArrayBlockingQueue.java:403)&#10;        at java.util.concurrent.ThreadPoolExecutor.getTask(ThreadPoolExecutor.java:1074)&#10;        at java.util.concurrent.ThreadPoolExecutor.runWorker(ThreadPoolExecutor.java:1134)&#10;        at java.util.concurrent.ThreadPoolExecutor$Worker.run(ThreadPoolExecutor.java:624)&#10;        at java.lang.Thread.run(Thread.java:748)&#10;&quot;pool-208-thread-58&quot;  prio=5 tid=2669 in Object.wait()&#10;java.lang.Thread.State: WAITING (on object monitor)&#10;        at sun.misc.Unsafe.park(Native Method)&#10;        at java.util.concurrent.locks.LockSupport.park(LockSupport.java:175)&#10;        at java.util.concurrent.locks.AbstractQueuedSynchronizer$ConditionObject.await(AbstractQueuedSynchronizer.java:2039)&#10;        at java.util.concurrent.ArrayBlockingQueue.take(ArrayBlockingQueue.java:403)&#10;        at java.util.concurrent.ThreadPoolExecutor.getTask(ThreadPoolExecutor.java:1074)&#10;        at java.util.concurrent.ThreadPoolExecutor.runWorker(ThreadPoolExecutor.java:1134)&#10;        at java.util.concurrent.ThreadPoolExecutor$Worker.run(ThreadPoolExecutor.java:624)&#10;        at java.lang.Thread.run(Thread.java:748)&#10;&quot;pool-148-thread-1&quot;  prio=5 tid=2239 in Object.wait()&#10;java.lang.Thread.State: WAITING (on object monitor)&#10;        at sun.misc.Unsafe.park(Native Method)&#10;        at java.util.concurrent.locks.LockSupport.park(LockSupport.java:175)&#10;        at java.util.concurrent.locks.AbstractQueuedSynchronizer$ConditionObject.await(AbstractQueuedSynchronizer.java:2039)&#10;        at java.util.concurrent.ArrayBlockingQueue.take(ArrayBlockingQueue.java:403)&#10;        at java.util.concurrent.ThreadPoolExecutor.getTask(ThreadPoolExecutor.java:1074)&#10;        at java.util.concurrent.ThreadPoolExecutor.runWorker(ThreadPoolExecutor.java:1134)&#10;        at java.util.concurrent.ThreadPoolExecutor$Worker.run(ThreadPoolExecutor.java:624)&#10;        at java.lang.Thread.run(Thread.java:748)&#10;&quot;pool-218-thread-9&quot;  prio=5 tid=2682 in Object.wait()&#10;java.lang.Thread.State: WAITING (on object monitor)&#10;        at sun.misc.Unsafe.park(Native Method)&#10;        at java.util.concurrent.locks.LockSupport.park(LockSupport.java:175)&#10;        at java.util.concurrent.locks.AbstractQueuedSynchronizer$ConditionObject.await(AbstractQueuedSynchronizer.java:2039)&#10;        at java.util.concurrent.ArrayBlockingQueue.take(ArrayBlockingQueue.java:403)&#10;        at java.util.concurrent.ThreadPoolExecutor.getTask(ThreadPoolExecutor.java:1074)&#10;        at java.util.concurrent.ThreadPoolExecutor.runWorker(ThreadPoolExecutor.java:1134)&#10;        at java.util.concurrent.ThreadPoolExecutor$Worker.run(ThreadPoolExecutor.java:624)&#10;        at java.lang.Thread.run(Thread.java:748)&#10;&quot;pool-238-thread-17&quot;  prio=5 tid=2814 in Object.wait()&#10;java.lang.Thread.State: WAITING (on object monitor)&#10;        at sun.misc.Unsafe.park(Native Method)&#10;        at java.util.concurrent.locks.LockSupport.park(LockSupport.java:175)&#10;        at java.util.concurrent.locks.AbstractQueuedSynchronizer$ConditionObject.await(AbstractQueuedSynchronizer.java:2039)&#10;        at java.util.concurrent.ArrayBlockingQueue.take(ArrayBlockingQueue.java:403)&#10;        at java.util.concurrent.ThreadPoolExecutor.getTask(ThreadPoolExecutor.java:1074)&#10;        at java.util.concurrent.ThreadPoolExecutor.runWorker(ThreadPoolExecutor.java:1134)&#10;        at java.util.concurrent.ThreadPoolExecutor$Worker.run(ThreadPoolExecutor.java:624)&#10;        at java.lang.Thread.run(Thread.java:748)&#10;&quot;Datanode ReportManager Thread - 3&quot; daemon prio=5 tid=390 in Object.wait()&#10;java.lang.Thread.State: WAITING (on object monitor)&#10;        at sun.misc.Unsafe.park(Native Method)&#10;        at java.util.concurrent.locks.LockSupport.park(LockSupport.java:175)&#10;        at java.util.concurrent.locks.AbstractQueuedSynchronizer$ConditionObject.await(AbstractQueuedSynchronizer.java:2039)&#10;        at java.util.concurrent.ScheduledThreadPoolExecutor$DelayedWorkQueue.take(ScheduledThreadPoolExecutor.java:1088)&#10;        at java.util.concurrent.ScheduledThreadPoolExecutor$DelayedWorkQueue.take(ScheduledThreadPoolExecutor.java:809)&#10;        at java.util.concurrent.ThreadPoolExecutor.getTask(ThreadPoolExecutor.java:1074)&#10;        at java.util.concurrent.ThreadPoolExecutor.runWorker(ThreadPoolExecutor.java:1134)&#10;        at java.util.concurrent.ThreadPoolExecutor$Worker.run(ThreadPoolExecutor.java:624)&#10;        at java.lang.Thread.run(Thread.java:748)&#10;&quot;BlockDeletingService#1&quot; daemon prio=5 tid=2487 in Object.wait()&#10;java.lang.Thread.State: WAITING (on object monitor)&#10;        at sun.misc.Unsafe.park(Native Method)&#10;        at java.util.concurrent.locks.LockSupport.park(LockSupport.java:175)&#10;        at java.util.concurrent.locks.AbstractQueuedSynchronizer$ConditionObject.await(AbstractQueuedSynchronizer.java:2039)&#10;        at java.util.concurrent.ScheduledThreadPoolExecutor$DelayedWorkQueue.take(ScheduledThreadPoolExecutor.java:1088)&#10;        at java.util.concurrent.ScheduledThreadPoolExecutor$DelayedWorkQueue.take(ScheduledThreadPoolExecutor.java:809)&#10;        at java.util.concurrent.ThreadPoolExecutor.getTask(ThreadPoolExecutor.java:1074)&#10;        at java.util.concurrent.ThreadPoolExecutor.runWorker(ThreadPoolExecutor.java:1134)&#10;        at java.util.concurrent.ThreadPoolExecutor$Worker.run(ThreadPoolExecutor.java:624)&#10;        at java.lang.Thread.run(Thread.java:748)&#10;&quot;pool-168-thread-59&quot;  prio=5 tid=2422 in Object.wait()&#10;java.lang.Thread.State: WAITING (on object monitor)&#10;        at sun.misc.Unsafe.park(Native Method)&#10;        at java.util.concurrent.locks.LockSupport.park(LockSupport.java:175)&#10;        at java.util.concurrent.locks.AbstractQueuedSynchronizer$ConditionObject.await(AbstractQueuedSynchronizer.java:2039)&#10;        at java.util.concurrent.ArrayBlockingQueue.take(ArrayBlockingQueue.java:403)&#10;        at java.util.concurrent.ThreadPoolExecutor.getTask(ThreadPoolExecutor.java:1074)&#10;        at java.util.concurrent.ThreadPoolExecutor.runWorker(ThreadPoolExecutor.java:1134)&#10;        at java.util.concurrent.ThreadPoolExecutor$Worker.run(ThreadPoolExecutor.java:624)&#10;        at java.lang.Thread.run(Thread.java:748)&#10;&quot;pool-168-thread-13&quot;  prio=5 tid=2376 in Object.wait()&#10;java.lang.Thread.State: WAITING (on object monitor)&#10;        at sun.misc.Unsafe.park(Native Method)&#10;        at java.util.concurrent.locks.LockSupport.park(LockSupport.java:175)&#10;        at java.util.concurrent.locks.AbstractQueuedSynchronizer$ConditionObject.await(AbstractQueuedSynchronizer.java:2039)&#10;        at java.util.concurrent.ArrayBlockingQueue.take(ArrayBlockingQueue.java:403)&#10;        at java.util.concurrent.ThreadPoolExecutor.getTask(ThreadPoolExecutor.java:1074)&#10;        at java.util.concurrent.ThreadPoolExecutor.runWorker(ThreadPoolExecutor.java:1134)&#10;        at java.util.concurrent.ThreadPoolExecutor$Worker.run(ThreadPoolExecutor.java:624)&#10;        at java.lang.Thread.run(Thread.java:748)&#10;&quot;IPC Server handler 15 on 43737&quot; daemon prio=5 tid=1887 timed_waiting&#10;java.lang.Thread.State: TIMED_WAITING&#10;        at sun.misc.Unsafe.park(Native Method)&#10;        at java.util.concurrent.locks.LockSupport.parkNanos(LockSupport.java:215)&#10;        at java.util.concurrent.locks.AbstractQueuedSynchronizer$ConditionObject.awaitNanos(AbstractQueuedSynchronizer.java:2078)&#10;        at java.util.concurrent.LinkedBlockingQueue.poll(LinkedBlockingQueue.java:467)&#10;        at org.apache.hadoop.ipc.CallQueueManager.take(CallQueueManager.java:288)&#10;        at org.apache.hadoop.ipc.Server$Handler.run(Server.java:2668)&#10;&quot;qtp2077150966-2087&quot; daemon prio=5 tid=2087 timed_waiting&#10;java.lang.Thread.State: TIMED_WAITING&#10;        at sun.misc.Unsafe.park(Native Method)&#10;        at java.util.concurrent.locks.LockSupport.parkNanos(LockSupport.java:215)&#10;        at java.util.concurrent.locks.AbstractQueuedSynchronizer$ConditionObject.awaitNanos(AbstractQueuedSynchronizer.java:2078)&#10;        at org.eclipse.jetty.util.BlockingArrayQueue.poll(BlockingArrayQueue.java:392)&#10;        at org.eclipse.jetty.util.thread.QueuedThreadPool.idleJobPoll(QueuedThreadPool.java:563)&#10;        at org.eclipse.jetty.util.thread.QueuedThreadPool.access$800(QueuedThreadPool.java:48)&#10;        at org.eclipse.jetty.util.thread.QueuedThreadPool$2.run(QueuedThreadPool.java:626)&#10;        at java.lang.Thread.run(Thread.java:748)&#10;&quot;pool-148-thread-7&quot;  prio=5 tid=2245 in Object.wait()&#10;java.lang.Thread.State: WAITING (on object monitor)&#10;        at sun.misc.Unsafe.park(Native Method)&#10;        at java.util.concurrent.locks.LockSupport.park(LockSupport.java:175)&#10;        at java.util.concurrent.locks.AbstractQueuedSynchronizer$ConditionObject.await(AbstractQueuedSynchronizer.java:2039)&#10;        at java.util.concurrent.ArrayBlockingQueue.take(ArrayBlockingQueue.java:403)&#10;        at java.util.concurrent.ThreadPoolExecutor.getTask(ThreadPoolExecutor.java:1074)&#10;        at java.util.concurrent.ThreadPoolExecutor.runWorker(ThreadPoolExecutor.java:1134)&#10;        at java.util.concurrent.ThreadPoolExecutor$Worker.run(ThreadPoolExecutor.java:624)&#10;        at java.lang.Thread.run(Thread.java:748)&#10;&quot;IPC Server handler 15 on 42444&quot; daemon prio=5 tid=1907 timed_waiting&#10;java.lang.Thread.State: TIMED_WAITING&#10;        at sun.misc.Unsafe.park(Native Method)&#10;        at java.util.concurrent.locks.LockSupport.parkNanos(LockSupport.java:215)&#10;        at java.util.concurrent.locks.AbstractQueuedSynchronizer$ConditionObject.awaitNanos(AbstractQueuedSynchronizer.java:2078)&#10;        at java.util.concurrent.LinkedBlockingQueue.poll(LinkedBlockingQueue.java:467)&#10;        at org.apache.hadoop.ipc.CallQueueManager.take(CallQueueManager.java:288)&#10;        at org.apache.hadoop.ipc.Server$Handler.run(Server.java:2668)&#10;&quot;PartialTableCache Cleanup Thread - 0&quot; daemon prio=5 tid=3039 in Object.wait()&#10;java.lang.Thread.State: WAITING (on object monitor)&#10;        at sun.misc.Unsafe.park(Native Method)&#10;        at java.util.concurrent.locks.LockSupport.park(LockSupport.java:175)&#10;        at java.util.concurrent.locks.AbstractQueuedSynchronizer$ConditionObject.await(AbstractQueuedSynchronizer.java:2039)&#10;        at java.util.concurrent.LinkedBlockingQueue.take(LinkedBlockingQueue.java:442)&#10;        at java.util.concurrent.ThreadPoolExecutor.getTask(ThreadPoolExecutor.java:1074)&#10;        at java.util.concurrent.ThreadPoolExecutor.runWorker(ThreadPoolExecutor.java:1134)&#10;        at java.util.concurrent.ThreadPoolExecutor$Worker.run(ThreadPoolExecutor.java:624)&#10;        at java.lang.Thread.run(Thread.java:748)&#10;&quot;pool-188-thread-23&quot;  prio=5 tid=2510 in Object.wait()&#10;java.lang.Thread.State: WAITING (on object monitor)&#10;        at sun.misc.Unsafe.park(Native Method)&#10;        at java.util.concurrent.locks.LockSupport.park(LockSupport.java:175)&#10;        at java.util.concurrent.locks.AbstractQueuedSynchronizer$ConditionObject.await(AbstractQueuedSynchronizer.java:2039)&#10;        at java.util.concurrent.ArrayBlockingQueue.take(ArrayBlockingQueue.java:403)&#10;        at java.util.concurrent.ThreadPoolExecutor.getTask(ThreadPoolExecutor.java:1074)&#10;        at java.util.concurrent.ThreadPoolExecutor.runWorker(ThreadPoolExecutor.java:1134)&#10;        at java.util.concurrent.ThreadPoolExecutor$Worker.run(ThreadPoolExecutor.java:624)&#10;        at java.lang.Thread.run(Thread.java:748)&#10;&quot;IPC Server handler 14 on 43737&quot; daemon prio=5 tid=1886 timed_waiting&#10;java.lang.Thread.State: TIMED_WAITING&#10;        at sun.misc.Unsafe.park(Native Method)&#10;        at java.util.concurrent.locks.LockSupport.parkNanos(LockSupport.java:215)&#10;        at java.util.concurrent.locks.AbstractQueuedSynchronizer$ConditionObject.awaitNanos(AbstractQueuedSynchronizer.java:2078)&#10;        at java.util.concurrent.LinkedBlockingQueue.poll(LinkedBlockingQueue.java:467)&#10;        at org.apache.hadoop.ipc.CallQueueManager.take(CallQueueManager.java:288)&#10;        at org.apache.hadoop.ipc.Server$Handler.run(Server.java:2668)&#10;&quot;pool-208-thread-38&quot;  prio=5 tid=2649 in Object.wait()&#10;java.lang.Thread.State: WAITING (on object monitor)&#10;        at sun.misc.Unsafe.park(Native Method)&#10;        at java.util.concurrent.locks.LockSupport.park(LockSupport.java:175)&#10;        at java.util.concurrent.locks.AbstractQueuedSynchronizer$ConditionObject.await(AbstractQueuedSynchronizer.java:2039)&#10;        at java.util.concurrent.ArrayBlockingQueue.take(ArrayBlockingQueue.java:403)&#10;        at java.util.concurrent.ThreadPoolExecutor.getTask(ThreadPoolExecutor.java:1074)&#10;        at java.util.concurrent.ThreadPoolExecutor.runWorker(ThreadPoolExecutor.java:1134)&#10;        at java.util.concurrent.ThreadPoolExecutor$Worker.run(ThreadPoolExecutor.java:624)&#10;        at java.lang.Thread.run(Thread.java:748)&#10;&quot;ReplicationMonitor&quot; daemon prio=5 tid=3047 timed_waiting&#10;java.lang.Thread.State: TIMED_WAITING&#10;        at java.lang.Object.wait(Native Method)&#10;        at org.apache.hadoop.hdds.scm.container.ReplicationManager.run(ReplicationManager.java:229)&#10;        at org.apache.hadoop.hdds.scm.container.ReplicationManager$$Lambda$535/1808895004.run(Unknown Source)&#10;        at java.lang.Thread.run(Thread.java:748)&#10;&quot;pool-208-thread-35&quot;  prio=5 tid=2646 in Object.wait()&#10;java.lang.Thread.State: WAITING (on object monitor)&#10;        at sun.misc.Unsafe.park(Native Method)&#10;        at java.util.concurrent.locks.LockSupport.park(LockSupport.java:175)&#10;        at java.util.concurrent.locks.AbstractQueuedSynchronizer$ConditionObject.await(AbstractQueuedSynchronizer.java:2039)&#10;        at java.util.concurrent.ArrayBlockingQueue.take(ArrayBlockingQueue.java:403)&#10;        at java.util.concurrent.ThreadPoolExecutor.getTask(ThreadPoolExecutor.java:1074)&#10;        at java.util.concurrent.ThreadPoolExecutor.runWorker(ThreadPoolExecutor.java:1134)&#10;        at java.util.concurrent.ThreadPoolExecutor$Worker.run(ThreadPoolExecutor.java:624)&#10;        at java.lang.Thread.run(Thread.java:748)&#10;&quot;IPC Server handler 18 on 42444&quot; daemon prio=5 tid=1910 timed_waiting&#10;java.lang.Thread.State: TIMED_WAITING&#10;        at sun.misc.Unsafe.park(Native Method)&#10;        at java.util.concurrent.locks.LockSupport.parkNanos(LockSupport.java:215)&#10;        at java.util.concurrent.locks.AbstractQueuedSynchronizer$ConditionObject.awaitNanos(AbstractQueuedSynchronizer.java:2078)&#10;        at java.util.concurrent.LinkedBlockingQueue.poll(LinkedBlockingQueue.java:467)&#10;        at org.apache.hadoop.ipc.CallQueueManager.take(CallQueueManager.java:288)&#10;        at org.apache.hadoop.ipc.Server$Handler.run(Server.java:2668)&#10;&quot;DataNode DiskChecker thread 0&quot; daemon prio=5 tid=2026 timed_waiting&#10;java.lang.Thread.State: TIMED_WAITING&#10;        at sun.misc.Unsafe.park(Native Method)&#10;        at java.util.concurrent.locks.LockSupport.parkNanos(LockSupport.java:215)&#10;        at java.util.concurrent.SynchronousQueue$TransferStack.awaitFulfill(SynchronousQueue.java:460)&#10;        at java.util.concurrent.SynchronousQueue$TransferStack.transfer(SynchronousQueue.java:362)&#10;        at java.util.concurrent.SynchronousQueue.poll(SynchronousQueue.java:941)&#10;        at java.util.concurrent.ThreadPoolExecutor.getTask(ThreadPoolExecutor.java:1073)&#10;        at java.util.concurrent.ThreadPoolExecutor.runWorker(ThreadPoolExecutor.java:1134)&#10;        at java.util.concurrent.ThreadPoolExecutor$Worker.run(ThreadPoolExecutor.java:624)&#10;        at java.lang.Thread.run(Thread.java:748)&#10;&quot;pool-188-thread-16&quot;  prio=5 tid=2503 in Object.wait()&#10;java.lang.Thread.State: WAITING (on object monitor)&#10;        at sun.misc.Unsafe.park(Native Method)&#10;        at java.util.concurrent.locks.LockSupport.park(LockSupport.java:175)&#10;        at java.util.concurrent.locks.AbstractQueuedSynchronizer$ConditionObject.await(AbstractQueuedSynchronizer.java:2039)&#10;        at java.util.concurrent.ArrayBlockingQueue.take(ArrayBlockingQueue.java:403)&#10;        at java.util.concurrent.ThreadPoolExecutor.getTask(ThreadPoolExecutor.java:1074)&#10;        at java.util.concurrent.ThreadPoolExecutor.runWorker(ThreadPoolExecutor.java:1134)&#10;        at java.util.concurrent.ThreadPoolExecutor$Worker.run(ThreadPoolExecutor.java:624)&#10;        at java.lang.Thread.run(Thread.java:748)&#10;&quot;org.eclipse.jetty.server.session.HashSessionManager@fb49fdfTimer&quot; daemon prio=5 tid=1965 timed_waiting&#10;java.lang.Thread.State: TIMED_WAITING&#10;        at sun.misc.Unsafe.park(Native Method)&#10;        at java.util.concurrent.locks.LockSupport.parkNanos(LockSupport.java:215)&#10;        at java.util.concurrent.locks.AbstractQueuedSynchronizer$ConditionObject.awaitNanos(AbstractQueuedSynchronizer.java:2078)&#10;        at java.util.concurrent.ScheduledThreadPoolExecutor$DelayedWorkQueue.take(ScheduledThreadPoolExecutor.java:1093)&#10;        at java.util.concurrent.ScheduledThreadPoolExecutor$DelayedWorkQueue.take(ScheduledThreadPoolExecutor.java:809)&#10;        at java.util.concurrent.ThreadPoolExecutor.getTask(ThreadPoolExecutor.java:1074)&#10;        at java.util.concurrent.ThreadPoolExecutor.runWorker(ThreadPoolExecutor.java:1134)&#10;        at java.util.concurrent.ThreadPoolExecutor$Worker.run(ThreadPoolExecutor.java:624)&#10;        at java.lang.Thread.run(Thread.java:748)&#10;&quot;pool-228-thread-2&quot;  prio=5 tid=2737 in Object.wait()&#10;java.lang.Thread.State: WAITING (on object monitor)&#10;        at sun.misc.Unsafe.park(Native Method)&#10;        at java.util.concurrent.locks.LockSupport.park(LockSupport.java:175)&#10;        at java.util.concurrent.locks.AbstractQueuedSynchronizer$ConditionObject.await(AbstractQueuedSynchronizer.java:2039)&#10;        at java.util.concurrent.ArrayBlockingQueue.take(ArrayBlockingQueue.java:403)&#10;        at java.util.concurrent.ThreadPoolExecutor.getTask(ThreadPoolExecutor.java:1074)&#10;        at java.util.concurrent.ThreadPoolExecutor.runWorker(ThreadPoolExecutor.java:1134)&#10;        at java.util.concurrent.ThreadPoolExecutor$Worker.run(ThreadPoolExecutor.java:624)&#10;        at java.lang.Thread.run(Thread.java:748)&#10;&quot;Datanode ReportManager Thread - 1&quot; daemon prio=5 tid=388 in Object.wait()&#10;java.lang.Thread.State: WAITING (on object monitor)&#10;        at sun.misc.Unsafe.park(Native Method)&#10;        at java.util.concurrent.locks.LockSupport.park(LockSupport.java:175)&#10;        at java.util.concurrent.locks.AbstractQueuedSynchronizer$ConditionObject.await(AbstractQueuedSynchronizer.java:2039)&#10;        at java.util.concurrent.ScheduledThreadPoolExecutor$DelayedWorkQueue.take(ScheduledThreadPoolExecutor.java:1088)&#10;        at java.util.concurrent.ScheduledThreadPoolExecutor$DelayedWorkQueue.take(ScheduledThreadPoolExecutor.java:809)&#10;        at java.util.concurrent.ThreadPoolExecutor.getTask(ThreadPoolExecutor.java:1074)&#10;        at java.util.concurrent.ThreadPoolExecutor.runWorker(ThreadPoolExecutor.java:1134)&#10;        at java.util.concurrent.ThreadPoolExecutor$Worker.run(ThreadPoolExecutor.java:624)&#10;        at java.lang.Thread.run(Thread.java:748)&#10;&quot;pool-206-thread-1&quot; daemon prio=5 tid=2135 timed_waiting&#10;java.lang.Thread.State: TIMED_WAITING&#10;        at sun.misc.Unsafe.park(Native Method)&#10;        at java.util.concurrent.locks.LockSupport.parkNanos(LockSupport.java:215)&#10;        at java.util.concurrent.locks.AbstractQueuedSynchronizer$ConditionObject.awaitNanos(AbstractQueuedSynchronizer.java:2078)&#10;        at java.util.concurrent.ScheduledThreadPoolExecutor$DelayedWorkQueue.take(ScheduledThreadPoolExecutor.java:1093)&#10;        at java.util.concurrent.ScheduledThreadPoolExecutor$DelayedWorkQueue.take(ScheduledThreadPoolExecutor.java:809)&#10;        at java.util.concurrent.ThreadPoolExecutor.getTask(ThreadPoolExecutor.java:1074)&#10;        at java.util.concurrent.ThreadPoolExecutor.runWorker(ThreadPoolExecutor.java:1134)&#10;        at java.util.concurrent.ThreadPoolExecutor$Worker.run(ThreadPoolExecutor.java:624)&#10;        at java.lang.Thread.run(Thread.java:748)&#10;&quot;qtp1768471788-2032&quot; daemon prio=5 tid=2032 timed_waiting&#10;java.lang.Thread.State: TIMED_WAITING&#10;        at sun.misc.Unsafe.park(Native Method)&#10;        at java.util.concurrent.locks.LockSupport.parkNanos(LockSupport.java:215)&#10;        at java.util.concurrent.locks.AbstractQueuedSynchronizer$ConditionObject.awaitNanos(AbstractQueuedSynchronizer.java:2078)&#10;        at org.eclipse.jetty.util.BlockingArrayQueue.poll(BlockingArrayQueue.java:392)&#10;        at org.eclipse.jetty.util.thread.QueuedThreadPool.idleJobPoll(QueuedThreadPool.java:563)&#10;        at org.eclipse.jetty.util.thread.QueuedThreadPool.access$800(QueuedThreadPool.java:48)&#10;        at org.eclipse.jetty.util.thread.QueuedThreadPool$2.run(QueuedThreadPool.java:626)&#10;        at java.lang.Thread.run(Thread.java:748)&#10;&quot;Datanode ReportManager Thread - 0&quot; daemon prio=5 tid=2150 in Object.wait()&#10;java.lang.Thread.State: WAITING (on object monitor)&#10;        at sun.misc.Unsafe.park(Native Method)&#10;        at java.util.concurrent.locks.LockSupport.park(LockSupport.java:175)&#10;        at java.util.concurrent.locks.AbstractQueuedSynchronizer$ConditionObject.await(AbstractQueuedSynchronizer.java:2039)&#10;        at java.util.concurrent.ScheduledThreadPoolExecutor$DelayedWorkQueue.take(ScheduledThreadPoolExecutor.java:1088)&#10;        at java.util.concurrent.ScheduledThreadPoolExecutor$DelayedWorkQueue.take(ScheduledThreadPoolExecutor.java:809)&#10;        at java.util.concurrent.ThreadPoolExecutor.getTask(ThreadPoolExecutor.java:1074)&#10;        at java.util.concurrent.ThreadPoolExecutor.runWorker(ThreadPoolExecutor.java:1134)&#10;        at java.util.concurrent.ThreadPoolExecutor$Worker.run(ThreadPoolExecutor.java:624)&#10;        at java.lang.Thread.run(Thread.java:748)&#10;&quot;pool-198-thread-25&quot;  prio=5 tid=2574 in Object.wait()&#10;java.lang.Thread.State: WAITING (on object monitor)&#10;        at sun.misc.Unsafe.park(Native Method)&#10;        at java.util.concurrent.locks.LockSupport.park(LockSupport.java:175)&#10;        at java.util.concurrent.locks.AbstractQueuedSynchronizer$ConditionObject.await(AbstractQueuedSynchronizer.java:2039)&#10;        at java.util.concurrent.ArrayBlockingQueue.take(ArrayBlockingQueue.java:403)&#10;        at java.util.concurrent.ThreadPoolExecutor.getTask(ThreadPoolExecutor.java:1074)&#10;        at java.util.concurrent.ThreadPoolExecutor.runWorker(ThreadPoolExecutor.java:1134)&#10;        at java.util.concurrent.ThreadPoolExecutor$Worker.run(ThreadPoolExecutor.java:624)&#10;        at java.lang.Thread.run(Thread.java:748)&#10;&quot;pool-238-thread-30&quot;  prio=5 tid=2827 in Object.wait()&#10;java.lang.Thread.State: WAITING (on object monitor)&#10;        at sun.misc.Unsafe.park(Native Method)&#10;        at java.util.concurrent.locks.LockSupport.park(LockSupport.java:175)&#10;        at java.util.concurrent.locks.AbstractQueuedSynchronizer$ConditionObject.await(AbstractQueuedSynchronizer.java:2039)&#10;        at java.util.concurrent.ArrayBlockingQueue.take(ArrayBlockingQueue.java:403)&#10;        at java.util.concurrent.ThreadPoolExecutor.getTask(ThreadPoolExecutor.java:1074)&#10;        at java.util.concurrent.ThreadPoolExecutor.runWorker(ThreadPoolExecutor.java:1134)&#10;        at java.util.concurrent.ThreadPoolExecutor$Worker.run(ThreadPoolExecutor.java:624)&#10;        at java.lang.Thread.run(Thread.java:748)&#10;&quot;qtp1090160486-1916&quot; daemon prio=5 tid=1916 timed_waiting&#10;java.lang.Thread.State: TIMED_WAITING&#10;        at sun.misc.Unsafe.park(Native Method)&#10;        at java.util.concurrent.locks.LockSupport.parkNanos(LockSupport.java:215)&#10;        at java.util.concurrent.locks.AbstractQueuedSynchronizer$ConditionObject.awaitNanos(AbstractQueuedSynchronizer.java:2078)&#10;        at org.eclipse.jetty.util.BlockingArrayQueue.poll(BlockingArrayQueue.java:392)&#10;        at org.eclipse.jetty.util.thread.QueuedThreadPool.idleJobPoll(QueuedThreadPool.java:563)&#10;        at org.eclipse.jetty.util.thread.QueuedThreadPool.access$800(QueuedThreadPool.java:48)&#10;        at org.eclipse.jetty.util.thread.QueuedThreadPool$2.run(QueuedThreadPool.java:626)&#10;        at java.lang.Thread.run(Thread.java:748)&#10;&quot;pool-212-thread-1&quot;  prio=5 tid=2137 timed_waiting&#10;java.lang.Thread.State: TIMED_WAITING&#10;        at sun.misc.Unsafe.park(Native Method)&#10;        at java.util.concurrent.locks.LockSupport.parkNanos(LockSupport.java:215)&#10;        at java.util.concurrent.locks.AbstractQueuedSynchronizer$ConditionObject.awaitNanos(AbstractQueuedSynchronizer.java:2078)&#10;        at java.util.concurrent.ScheduledThreadPoolExecutor$DelayedWorkQueue.take(ScheduledThreadPoolExecutor.java:1093)&#10;        at java.util.concurrent.ScheduledThreadPoolExecutor$DelayedWorkQueue.take(ScheduledThreadPoolExecutor.java:809)&#10;        at java.util.concurrent.ThreadPoolExecutor.getTask(ThreadPoolExecutor.java:1074)&#10;        at java.util.concurrent.ThreadPoolExecutor.runWorker(ThreadPoolExecutor.java:1134)&#10;        at java.util.concurrent.ThreadPoolExecutor$Worker.run(ThreadPoolExecutor.java:624)&#10;        at java.lang.Thread.run(Thread.java:748)&#10;&quot;Datanode ReportManager Thread - 0&quot; daemon prio=5 tid=171 in Object.wait()&#10;java.lang.Thread.State: WAITING (on object monitor)&#10;        at sun.misc.Unsafe.park(Native Method)&#10;        at java.util.concurrent.locks.LockSupport.park(LockSupport.java:175)&#10;        at java.util.concurrent.locks.AbstractQueuedSynchronizer$ConditionObject.await(AbstractQueuedSynchronizer.java:2039)&#10;        at java.util.concurrent.ScheduledThreadPoolExecutor$DelayedWorkQueue.take(ScheduledThreadPoolExecutor.java:1088)&#10;        at java.util.concurrent.ScheduledThreadPoolExecutor$DelayedWorkQueue.take(ScheduledThreadPoolExecutor.java:809)&#10;        at java.util.concurrent.ThreadPoolExecutor.getTask(ThreadPoolExecutor.java:1074)&#10;        at java.util.concurrent.ThreadPoolExecutor.runWorker(ThreadPoolExecutor.java:1134)&#10;        at java.util.concurrent.ThreadPoolExecutor$Worker.run(ThreadPoolExecutor.java:624)&#10;        at java.lang.Thread.run(Thread.java:748)&#10;&quot;pool-178-thread-4&quot;  prio=5 tid=2429 in Object.wait()&#10;java.lang.Thread.State: WAITING (on object monitor)&#10;        at sun.misc.Unsafe.park(Native Method)&#10;        at java.util.concurrent.locks.LockSupport.park(LockSupport.java:175)&#10;        at java.util.concurrent.locks.AbstractQueuedSynchronizer$ConditionObject.await(AbstractQueuedSynchronizer.java:2039)&#10;        at java.util.concurrent.ArrayBlockingQueue.take(ArrayBlockingQueue.java:403)&#10;        at java.util.concurrent.ThreadPoolExecutor.getTask(ThreadPoolExecutor.java:1074)&#10;        at java.util.concurrent.ThreadPoolExecutor.runWorker(ThreadPoolExecutor.java:1134)&#10;        at java.util.concurrent.ThreadPoolExecutor$Worker.run(ThreadPoolExecutor.java:624)&#10;        at java.lang.Thread.run(Thread.java:748)&#10;&quot;Datanode ReportManager Thread - 1&quot; daemon prio=5 tid=2043 timed_waiting&#10;java.lang.Thread.State: TIMED_WAITING&#10;        at sun.misc.Unsafe.park(Native Method)&#10;        at java.util.concurrent.locks.LockSupport.parkNanos(LockSupport.java:215)&#10;        at java.util.concurrent.locks.AbstractQueuedSynchronizer$ConditionObject.awaitNanos(AbstractQueuedSynchronizer.java:2078)&#10;        at java.util.concurrent.ScheduledThreadPoolExecutor$DelayedWorkQueue.take(ScheduledThreadPoolExecutor.java:1093)&#10;        at java.util.concurrent.ScheduledThreadPoolExecutor$DelayedWorkQueue.take(ScheduledThreadPoolExecutor.java:809)&#10;        at java.util.concurrent.ThreadPoolExecutor.getTask(ThreadPoolExecutor.java:1074)&#10;        at java.util.concurrent.ThreadPoolExecutor.runWorker(ThreadPoolExecutor.java:1134)&#10;        at java.util.concurrent.ThreadPoolExecutor$Worker.run(ThreadPoolExecutor.java:624)&#10;        at java.lang.Thread.run(Thread.java:748)&#10;&quot;pool-148-thread-4&quot;  prio=5 tid=2242 in Object.wait()&#10;java.lang.Thread.State: WAITING (on object monitor)&#10;        at sun.misc.Unsafe.park(Native Method)&#10;        at java.util.concurrent.locks.LockSupport.park(LockSupport.java:175)&#10;        at java.util.concurrent.locks.AbstractQueuedSynchronizer$ConditionObject.await(AbstractQueuedSynchronizer.java:2039)&#10;        at java.util.concurrent.ArrayBlockingQueue.take(ArrayBlockingQueue.java:403)&#10;        at java.util.concurrent.ThreadPoolExecutor.getTask(ThreadPoolExecutor.java:1074)&#10;        at java.util.concurrent.ThreadPoolExecutor.runWorker(ThreadPoolExecutor.java:1134)&#10;        at java.util.concurrent.ThreadPoolExecutor$Worker.run(ThreadPoolExecutor.java:624)&#10;        at java.lang.Thread.run(Thread.java:748)&#10;&quot;pool-228-thread-55&quot;  prio=5 tid=2790 in Object.wait()&#10;java.lang.Thread.State: WAITING (on object monitor)&#10;        at sun.misc.Unsafe.park(Native Method)&#10;        at java.util.concurrent.locks.LockSupport.park(LockSupport.java:175)&#10;        at java.util.concurrent.locks.AbstractQueuedSynchronizer$ConditionObject.await(AbstractQueuedSynchronizer.java:2039)&#10;        at java.util.concurrent.ArrayBlockingQueue.take(ArrayBlockingQueue.java:403)&#10;        at java.util.concurrent.ThreadPoolExecutor.getTask(ThreadPoolExecutor.java:1074)&#10;        at java.util.concurrent.ThreadPoolExecutor.runWorker(ThreadPoolExecutor.java:1134)&#10;        at java.util.concurrent.ThreadPoolExecutor$Worker.run(ThreadPoolExecutor.java:624)&#10;        at java.lang.Thread.run(Thread.java:748)&#10;&quot;pool-228-thread-14&quot;  prio=5 tid=2749 in Object.wait()&#10;java.lang.Thread.State: WAITING (on object monitor)&#10;        at sun.misc.Unsafe.park(Native Method)&#10;        at java.util.concurrent.locks.LockSupport.park(LockSupport.java:175)&#10;        at java.util.concurrent.locks.AbstractQueuedSynchronizer$ConditionObject.await(AbstractQueuedSynchronizer.java:2039)&#10;        at java.util.concurrent.ArrayBlockingQueue.take(ArrayBlockingQueue.java:403)&#10;        at java.util.concurrent.ThreadPoolExecutor.getTask(ThreadPoolExecutor.java:1074)&#10;        at java.util.concurrent.ThreadPoolExecutor.runWorker(ThreadPoolExecutor.java:1134)&#10;        at java.util.concurrent.ThreadPoolExecutor$Worker.run(ThreadPoolExecutor.java:624)&#10;        at java.lang.Thread.run(Thread.java:748)&#10;&quot;Datanode ReportManager Thread - 1&quot; daemon prio=5 tid=2124 timed_waiting&#10;java.lang.Thread.State: TIMED_WAITING&#10;        at sun.misc.Unsafe.park(Native Method)&#10;        at java.util.concurrent.locks.LockSupport.parkNanos(LockSupport.java:215)&#10;        at java.util.concurrent.locks.AbstractQueuedSynchronizer$ConditionObject.awaitNanos(AbstractQueuedSynchronizer.java:2078)&#10;        at java.util.concurrent.ScheduledThreadPoolExecutor$DelayedWorkQueue.take(ScheduledThreadPoolExecutor.java:1093)&#10;        at java.util.concurrent.ScheduledThreadPoolExecutor$DelayedWorkQueue.take(ScheduledThreadPoolExecutor.java:809)&#10;        at java.util.concurrent.ThreadPoolExecutor.getTask(ThreadPoolExecutor.java:1074)&#10;        at java.util.concurrent.ThreadPoolExecutor.runWorker(ThreadPoolExecutor.java:1134)&#10;        at java.util.concurrent.ThreadPoolExecutor$Worker.run(ThreadPoolExecutor.java:624)&#10;        at java.lang.Thread.run(Thread.java:748)&#10;&quot;pool-168-thread-14&quot;  prio=5 tid=2377 in Object.wait()&#10;java.lang.Thread.State: WAITING (on object monitor)&#10;        at sun.misc.Unsafe.park(Native Method)&#10;        at java.util.concurrent.locks.LockSupport.park(LockSupport.java:175)&#10;        at java.util.concurrent.locks.AbstractQueuedSynchronizer$ConditionObject.await(AbstractQueuedSynchronizer.java:2039)&#10;        at java.util.concurrent.ArrayBlockingQueue.take(ArrayBlockingQueue.java:403)&#10;        at java.util.concurrent.ThreadPoolExecutor.getTask(ThreadPoolExecutor.java:1074)&#10;        at java.util.concurrent.ThreadPoolExecutor.runWorker(ThreadPoolExecutor.java:1134)&#10;        at java.util.concurrent.ThreadPoolExecutor$Worker.run(ThreadPoolExecutor.java:624)&#10;        at java.lang.Thread.run(Thread.java:748)&#10;&quot;pool-218-thread-39&quot;  prio=5 tid=2712 in Object.wait()&#10;java.lang.Thread.State: WAITING (on object monitor)&#10;        at sun.misc.Unsafe.park(Native Method)&#10;        at java.util.concurrent.locks.LockSupport.park(LockSupport.java:175)&#10;        at java.util.concurrent.locks.AbstractQueuedSynchronizer$ConditionObject.await(AbstractQueuedSynchronizer.java:2039)&#10;        at java.util.concurrent.ArrayBlockingQueue.take(ArrayBlockingQueue.java:403)&#10;        at java.util.concurrent.ThreadPoolExecutor.getTask(ThreadPoolExecutor.java:1074)&#10;        at java.util.concurrent.ThreadPoolExecutor.runWorker(ThreadPoolExecutor.java:1134)&#10;        at java.util.concurrent.ThreadPoolExecutor$Worker.run(ThreadPoolExecutor.java:624)&#10;        at java.lang.Thread.run(Thread.java:748)&#10;&quot;org.eclipse.jetty.server.session.HashSessionManager@713ec32dTimer&quot; daemon prio=5 tid=2092 timed_waiting&#10;java.lang.Thread.State: TIMED_WAITING&#10;        at sun.misc.Unsafe.park(Native Method)&#10;        at java.util.concurrent.locks.LockSupport.parkNanos(LockSupport.java:215)&#10;        at java.util.concurrent.locks.AbstractQueuedSynchronizer$ConditionObject.awaitNanos(AbstractQueuedSynchronizer.java:2078)&#10;        at java.util.concurrent.ScheduledThreadPoolExecutor$DelayedWorkQueue.take(ScheduledThreadPoolExecutor.java:1093)&#10;        at java.util.concurrent.ScheduledThreadPoolExecutor$DelayedWorkQueue.take(ScheduledThreadPoolExecutor.java:809)&#10;        at java.util.concurrent.ThreadPoolExecutor.getTask(ThreadPoolExecutor.java:1074)&#10;        at java.util.concurrent.ThreadPoolExecutor.runWorker(ThreadPoolExecutor.java:1134)&#10;        at java.util.concurrent.ThreadPoolExecutor$Worker.run(ThreadPoolExecutor.java:624)&#10;        at java.lang.Thread.run(Thread.java:748)&#10;&quot;pool-168-thread-45&quot;  prio=5 tid=2408 in Object.wait()&#10;java.lang.Thread.State: WAITING (on object monitor)&#10;        at sun.misc.Unsafe.park(Native Method)&#10;        at java.util.concurrent.locks.LockSupport.park(LockSupport.java:175)&#10;        at java.util.concurrent.locks.AbstractQueuedSynchronizer$ConditionObject.await(AbstractQueuedSynchronizer.java:2039)&#10;        at java.util.concurrent.ArrayBlockingQueue.take(ArrayBlockingQueue.java:403)&#10;        at java.util.concurrent.ThreadPoolExecutor.getTask(ThreadPoolExecutor.java:1074)&#10;        at java.util.concurrent.ThreadPoolExecutor.runWorker(ThreadPoolExecutor.java:1134)&#10;        at java.util.concurrent.ThreadPoolExecutor$Worker.run(ThreadPoolExecutor.java:624)&#10;        at java.lang.Thread.run(Thread.java:748)&#10;&quot;2f24271a-73a2-4678-8a2d-efde1b9a7c05@group-CE93C81AF12A-SegmentedRaftLogWorker&quot;  prio=5 tid=3106 timed_waiting&#10;java.lang.Thread.State: TIMED_WAITING&#10;        at sun.misc.Unsafe.park(Native Method)&#10;        at java.util.concurrent.locks.LockSupport.parkNanos(LockSupport.java:215)&#10;        at java.util.concurrent.locks.AbstractQueuedSynchronizer$ConditionObject.awaitNanos(AbstractQueuedSynchronizer.java:2078)&#10;        at org.apache.ratis.util.DataBlockingQueue.poll(DataBlockingQueue.java:137)&#10;        at org.apache.ratis.server.raftlog.segmented.SegmentedRaftLogWorker.run(SegmentedRaftLogWorker.java:282)&#10;        at java.lang.Thread.run(Thread.java:748)&#10;&quot;pool-188-thread-6&quot;  prio=5 tid=2493 in Object.wait()&#10;java.lang.Thread.State: WAITING (on object monitor)&#10;        at sun.misc.Unsafe.park(Native Method)&#10;        at java.util.concurrent.locks.LockSupport.park(LockSupport.java:175)&#10;        at java.util.concurrent.locks.AbstractQueuedSynchronizer$ConditionObject.await(AbstractQueuedSynchronizer.java:2039)&#10;        at java.util.concurrent.ArrayBlockingQueue.take(ArrayBlockingQueue.java:403)&#10;        at java.util.concurrent.ThreadPoolExecutor.getTask(ThreadPoolExecutor.java:1074)&#10;        at java.util.concurrent.ThreadPoolExecutor.runWorker(ThreadPoolExecutor.java:1134)&#10;        at java.util.concurrent.ThreadPoolExecutor$Worker.run(ThreadPoolExecutor.java:624)&#10;        at java.lang.Thread.run(Thread.java:748)&#10;&quot;Datanode ReportManager Thread - 2&quot; daemon prio=5 tid=416 timed_waiting&#10;java.lang.Thread.State: TIMED_WAITING&#10;        at sun.misc.Unsafe.park(Native Method)&#10;        at java.util.concurrent.locks.LockSupport.parkNanos(LockSupport.java:215)&#10;        at java.util.concurrent.locks.AbstractQueuedSynchronizer$ConditionObject.awaitNanos(AbstractQueuedSynchronizer.java:2078)&#10;        at java.util.concurrent.ScheduledThreadPoolExecutor$DelayedWorkQueue.take(ScheduledThreadPoolExecutor.java:1093)&#10;        at java.util.concurrent.ScheduledThreadPoolExecutor$DelayedWorkQueue.take(ScheduledThreadPoolExecutor.java:809)&#10;        at java.util.concurrent.ThreadPoolExecutor.getTask(ThreadPoolExecutor.java:1074)&#10;        at java.util.concurrent.ThreadPoolExecutor.runWorker(ThreadPoolExecutor.java:1134)&#10;        at java.util.concurrent.ThreadPoolExecutor$Worker.run(ThreadPoolExecutor.java:624)&#10;        at java.lang.Thread.run(Thread.java:748)&#10;&quot;BlockDeletingService#0&quot; daemon prio=5 tid=2300 timed_waiting&#10;java.lang.Thread.State: TIMED_WAITING&#10;        at sun.misc.Unsafe.park(Native Method)&#10;        at java.util.concurrent.locks.LockSupport.parkNanos(LockSupport.java:215)&#10;        at java.util.concurrent.locks.AbstractQueuedSynchronizer$ConditionObject.awaitNanos(AbstractQueuedSynchronizer.java:2078)&#10;        at java.util.concurrent.ScheduledThreadPoolExecutor$DelayedWorkQueue.take(ScheduledThreadPoolExecutor.java:1093)&#10;        at java.util.concurrent.ScheduledThreadPoolExecutor$DelayedWorkQueue.take(ScheduledThreadPoolExecutor.java:809)&#10;        at java.util.concurrent.ThreadPoolExecutor.getTask(ThreadPoolExecutor.java:1074)&#10;        at java.util.concurrent.ThreadPoolExecutor.runWorker(ThreadPoolExecutor.java:1134)&#10;        at java.util.concurrent.ThreadPoolExecutor$Worker.run(ThreadPoolExecutor.java:624)&#10;        at java.lang.Thread.run(Thread.java:748)&#10;&quot;pool-188-thread-58&quot;  prio=5 tid=2545 in Object.wait()&#10;java.lang.Thread.State: WAITING (on object monitor)&#10;        at sun.misc.Unsafe.park(Native Method)&#10;        at java.util.concurrent.locks.LockSupport.park(LockSupport.java:175)&#10;        at java.util.concurrent.locks.AbstractQueuedSynchronizer$ConditionObject.await(AbstractQueuedSynchronizer.java:2039)&#10;        at java.util.concurrent.ArrayBlockingQueue.take(ArrayBlockingQueue.java:403)&#10;        at java.util.concurrent.ThreadPoolExecutor.getTask(ThreadPoolExecutor.java:1074)&#10;        at java.util.concurrent.ThreadPoolExecutor.runWorker(ThreadPoolExecutor.java:1134)&#10;        at java.util.concurrent.ThreadPoolExecutor$Worker.run(ThreadPoolExecutor.java:624)&#10;        at java.lang.Thread.run(Thread.java:748)&#10;&quot;qtp141388791-2223&quot; daemon prio=5 tid=2223 timed_waiting&#10;java.lang.Thread.State: TIMED_WAITING&#10;        at sun.misc.Unsafe.park(Native Method)&#10;        at java.util.concurrent.locks.LockSupport.parkNanos(LockSupport.java:215)&#10;        at java.util.concurrent.locks.AbstractQueuedSynchronizer$ConditionObject.awaitNanos(AbstractQueuedSynchronizer.java:2078)&#10;        at org.eclipse.jetty.util.BlockingArrayQueue.poll(BlockingArrayQueue.java:392)&#10;        at org.eclipse.jetty.util.thread.QueuedThreadPool.idleJobPoll(QueuedThreadPool.java:563)&#10;        at org.eclipse.jetty.util.thread.QueuedThreadPool.access$800(QueuedThreadPool.java:48)&#10;        at org.eclipse.jetty.util.thread.QueuedThreadPool$2.run(QueuedThreadPool.java:626)&#10;        at java.lang.Thread.run(Thread.java:748)&#10;&quot;grpc-default-boss-ELG-4-1&quot; daemon prio=5 tid=2299 runnable&#10;java.lang.Thread.State: RUNNABLE&#10;        at sun.nio.ch.EPollArrayWrapper.epollWait(Native Method)&#10;        at sun.nio.ch.EPollArrayWrapper.poll(EPollArrayWrapper.java:269)&#10;        at sun.nio.ch.EPollSelectorImpl.doSelect(EPollSelectorImpl.java:93)&#10;        at sun.nio.ch.SelectorImpl.lockAndDoSelect(SelectorImpl.java:86)&#10;        at sun.nio.ch.SelectorImpl.select(SelectorImpl.java:97)&#10;        at org.apache.ratis.thirdparty.io.netty.channel.nio.SelectedSelectionKeySetSelector.select(SelectedSelectionKeySetSelector.java:62)&#10;        at org.apache.ratis.thirdparty.io.netty.channel.nio.NioEventLoop.select(NioEventLoop.java:753)&#10;        at org.apache.ratis.thirdparty.io.netty.channel.nio.NioEventLoop.run(NioEventLoop.java:408)&#10;        at org.apache.ratis.thirdparty.io.netty.util.concurrent.SingleThreadEventExecutor$5.run(SingleThreadEventExecutor.java:897)&#10;        at org.apache.ratis.thirdparty.io.netty.util.concurrent.FastThreadLocalRunnable.run(FastThreadLocalRunnable.java:30)&#10;        at java.lang.Thread.run(Thread.java:748)&#10;&quot;BlockDeletingService#0&quot; daemon prio=5 tid=2548 timed_waiting&#10;java.lang.Thread.State: TIMED_WAITING&#10;        at sun.misc.Unsafe.park(Native Method)&#10;        at java.util.concurrent.locks.LockSupport.parkNanos(LockSupport.java:215)&#10;        at java.util.concurrent.locks.AbstractQueuedSynchronizer$ConditionObject.awaitNanos(AbstractQueuedSynchronizer.java:2078)&#10;        at java.util.concurrent.ScheduledThreadPoolExecutor$DelayedWorkQueue.take(ScheduledThreadPoolExecutor.java:1093)&#10;        at java.util.concurrent.ScheduledThreadPoolExecutor$DelayedWorkQueue.take(ScheduledThreadPoolExecutor.java:809)&#10;        at java.util.concurrent.ThreadPoolExecutor.getTask(ThreadPoolExecutor.java:1074)&#10;        at java.util.concurrent.ThreadPoolExecutor.runWorker(ThreadPoolExecutor.java:1134)&#10;        at java.util.concurrent.ThreadPoolExecutor$Worker.run(ThreadPoolExecutor.java:624)&#10;        at java.lang.Thread.run(Thread.java:748)&#10;&quot;qtp955153053-2192&quot; daemon prio=5 tid=2192 runnable&#10;java.lang.Thread.State: RUNNABLE&#10;        at sun.nio.ch.EPollArrayWrapper.epollWait(Native Method)&#10;        at sun.nio.ch.EPollArrayWrapper.poll(EPollArrayWrapper.java:269)&#10;        at sun.nio.ch.EPollSelectorImpl.doSelect(EPollSelectorImpl.java:93)&#10;        at sun.nio.ch.SelectorImpl.lockAndDoSelect(SelectorImpl.java:86)&#10;        at sun.nio.ch.SelectorImpl.select(SelectorImpl.java:97)&#10;        at sun.nio.ch.SelectorImpl.select(SelectorImpl.java:101)&#10;        at org.eclipse.jetty.io.ManagedSelector$SelectorProducer.select(ManagedSelector.java:243)&#10;        at org.eclipse.jetty.io.ManagedSelector$SelectorProducer.produce(ManagedSelector.java:191)&#10;        at org.eclipse.jetty.util.thread.strategy.ExecuteProduceConsume.executeProduceConsume(ExecuteProduceConsume.java:249)&#10;        at org.eclipse.jetty.util.thread.strategy.ExecuteProduceConsume.produceConsume(ExecuteProduceConsume.java:148)&#10;        at org.eclipse.jetty.util.thread.strategy.ExecuteProduceConsume.execute(ExecuteProduceConsume.java:100)&#10;        at org.eclipse.jetty.io.ManagedSelector.run(ManagedSelector.java:147)&#10;        at org.eclipse.jetty.util.thread.QueuedThreadPool.runJob(QueuedThreadPool.java:671)&#10;        at org.eclipse.jetty.util.thread.QueuedThreadPool$2.run(QueuedThreadPool.java:589)&#10;        at java.lang.Thread.run(Thread.java:748)&#10;&quot;org.eclipse.jetty.server.session.HashSessionManager@5b5dce5cTimer&quot; daemon prio=5 tid=1964 timed_waiting&#10;java.lang.Thread.State: TIMED_WAITING&#10;        at sun.misc.Unsafe.park(Native Method)&#10;        at java.util.concurrent.locks.LockSupport.parkNanos(LockSupport.java:215)&#10;        at java.util.concurrent.locks.AbstractQueuedSynchronizer$ConditionObject.awaitNanos(AbstractQueuedSynchronizer.java:2078)&#10;        at java.util.concurrent.ScheduledThreadPoolExecutor$DelayedWorkQueue.take(ScheduledThreadPoolExecutor.java:1093)&#10;        at java.util.concurrent.ScheduledThreadPoolExecutor$DelayedWorkQueue.take(ScheduledThreadPoolExecutor.java:809)&#10;        at java.util.concurrent.ThreadPoolExecutor.getTask(ThreadPoolExecutor.java:1074)&#10;        at java.util.concurrent.ThreadPoolExecutor.runWorker(ThreadPoolExecutor.java:1134)&#10;        at java.util.concurrent.ThreadPoolExecutor$Worker.run(ThreadPoolExecutor.java:624)&#10;        at java.lang.Thread.run(Thread.java:748)&#10;&quot;pool-178-thread-10&quot;  prio=5 tid=2435 in Object.wait()&#10;java.lang.Thread.State: WAITING (on object monitor)&#10;        at sun.misc.Unsafe.park(Native Method)&#10;        at java.util.concurrent.locks.LockSupport.park(LockSupport.java:175)&#10;        at java.util.concurrent.locks.AbstractQueuedSynchronizer$ConditionObject.await(AbstractQueuedSynchronizer.java:2039)&#10;        at java.util.concurrent.ArrayBlockingQueue.take(ArrayBlockingQueue.java:403)&#10;        at java.util.concurrent.ThreadPoolExecutor.getTask(ThreadPoolExecutor.java:1074)&#10;        at java.util.concurrent.ThreadPoolExecutor.runWorker(ThreadPoolExecutor.java:1134)&#10;        at java.util.concurrent.ThreadPoolExecutor$Worker.run(ThreadPoolExecutor.java:624)&#10;        at java.lang.Thread.run(Thread.java:748)&#10;&quot;SCMBlockDeletingService#0&quot; daemon prio=5 tid=1923 timed_waiting&#10;java.lang.Thread.State: TIMED_WAITING&#10;        at sun.misc.Unsafe.park(Native Method)&#10;        at java.util.concurrent.locks.LockSupport.parkNanos(LockSupport.java:215)&#10;        at java.util.concurrent.locks.AbstractQueuedSynchronizer$ConditionObject.awaitNanos(AbstractQueuedSynchronizer.java:2078)&#10;        at java.util.concurrent.ScheduledThreadPoolExecutor$DelayedWorkQueue.take(ScheduledThreadPoolExecutor.java:1093)&#10;        at java.util.concurrent.ScheduledThreadPoolExecutor$DelayedWorkQueue.take(ScheduledThreadPoolExecutor.java:809)&#10;        at java.util.concurrent.ThreadPoolExecutor.getTask(ThreadPoolExecutor.java:1074)&#10;        at java.util.concurrent.ThreadPoolExecutor.runWorker(ThreadPoolExecutor.java:1134)&#10;        at java.util.concurrent.ThreadPoolExecutor$Worker.run(ThreadPoolExecutor.java:624)&#10;        at java.lang.Thread.run(Thread.java:748)&#10;&quot;pool-188-thread-27&quot;  prio=5 tid=2514 in Object.wait()&#10;java.lang.Thread.State: WAITING (on object monitor)&#10;        at sun.misc.Unsafe.park(Native Method)&#10;        at java.util.concurrent.locks.LockSupport.park(LockSupport.java:175)&#10;        at java.util.concurrent.locks.AbstractQueuedSynchronizer$ConditionObject.await(AbstractQueuedSynchronizer.java:2039)&#10;        at java.util.concurrent.ArrayBlockingQueue.take(ArrayBlockingQueue.java:403)&#10;        at java.util.concurrent.ThreadPoolExecutor.getTask(ThreadPoolExecutor.java:1074)&#10;        at java.util.concurrent.ThreadPoolExecutor.runWorker(ThreadPoolExecutor.java:1134)&#10;        at java.util.concurrent.ThreadPoolExecutor$Worker.run(ThreadPoolExecutor.java:624)&#10;        at java.lang.Thread.run(Thread.java:748)&#10;&quot;pool-178-thread-57&quot;  prio=5 tid=2482 in Object.wait()&#10;java.lang.Thread.State: WAITING (on object monitor)&#10;        at sun.misc.Unsafe.park(Native Method)&#10;        at java.util.concurrent.locks.LockSupport.park(LockSupport.java:175)&#10;        at java.util.concurrent.locks.AbstractQueuedSynchronizer$ConditionObject.await(AbstractQueuedSynchronizer.java:2039)&#10;        at java.util.concurrent.ArrayBlockingQueue.take(ArrayBlockingQueue.java:403)&#10;        at java.util.concurrent.ThreadPoolExecutor.getTask(ThreadPoolExecutor.java:1074)&#10;        at java.util.concurrent.ThreadPoolExecutor.runWorker(ThreadPoolExecutor.java:1134)&#10;        at java.util.concurrent.ThreadPoolExecutor$Worker.run(ThreadPoolExecutor.java:624)&#10;        at java.lang.Thread.run(Thread.java:748)&#10;&quot;Thread-1500&quot; daemon prio=5 tid=3159 timed_waiting&#10;java.lang.Thread.State: TIMED_WAITING&#10;        at sun.misc.Unsafe.park(Native Method)&#10;        at java.util.concurrent.locks.LockSupport.parkNanos(LockSupport.java:215)&#10;        at java.util.concurrent.locks.AbstractQueuedSynchronizer$ConditionObject.awaitNanos(AbstractQueuedSynchronizer.java:2078)&#10;        at java.util.concurrent.ArrayBlockingQueue.poll(ArrayBlockingQueue.java:418)&#10;        at org.apache.ratis.server.impl.LeaderState$EventQueue.poll(LeaderState.java:115)&#10;        at org.apache.ratis.server.impl.LeaderState$EventProcessor.run(LeaderState.java:467)&#10;&quot;pool-188-thread-57&quot;  prio=5 tid=2544 in Object.wait()&#10;java.lang.Thread.State: WAITING (on object monitor)&#10;        at sun.misc.Unsafe.park(Native Method)&#10;        at java.util.concurrent.locks.LockSupport.park(LockSupport.java:175)&#10;        at java.util.concurrent.locks.AbstractQueuedSynchronizer$ConditionObject.await(AbstractQueuedSynchronizer.java:2039)&#10;        at java.util.concurrent.ArrayBlockingQueue.take(ArrayBlockingQueue.java:403)&#10;        at java.util.concurrent.ThreadPoolExecutor.getTask(ThreadPoolExecutor.java:1074)&#10;        at java.util.concurrent.ThreadPoolExecutor.runWorker(ThreadPoolExecutor.java:1134)&#10;        at java.util.concurrent.ThreadPoolExecutor$Worker.run(ThreadPoolExecutor.java:624)&#10;        at java.lang.Thread.run(Thread.java:748)&#10;&quot;pool-148-thread-39&quot;  prio=5 tid=2277 in Object.wait()&#10;java.lang.Thread.State: WAITING (on object monitor)&#10;        at sun.misc.Unsafe.park(Native Method)&#10;        at java.util.concurrent.locks.LockSupport.park(LockSupport.java:175)&#10;        at java.util.concurrent.locks.AbstractQueuedSynchronizer$ConditionObject.await(AbstractQueuedSynchronizer.java:2039)&#10;        at java.util.concurrent.ArrayBlockingQueue.take(ArrayBlockingQueue.java:403)&#10;        at java.util.concurrent.ThreadPoolExecutor.getTask(ThreadPoolExecutor.java:1074)&#10;        at java.util.concurrent.ThreadPoolExecutor.runWorker(ThreadPoolExecutor.java:1134)&#10;        at java.util.concurrent.ThreadPoolExecutor$Worker.run(ThreadPoolExecutor.java:624)&#10;        at java.lang.Thread.run(Thread.java:748)&#10;&quot;qtp254416915-2141&quot; daemon prio=5 tid=2141 timed_waiting&#10;java.lang.Thread.State: TIMED_WAITING&#10;        at sun.misc.Unsafe.park(Native Method)&#10;        at java.util.concurrent.locks.LockSupport.parkNanos(LockSupport.java:215)&#10;        at java.util.concurrent.locks.AbstractQueuedSynchronizer$ConditionObject.awaitNanos(AbstractQueuedSynchronizer.java:2078)&#10;        at org.eclipse.jetty.util.BlockingArrayQueue.poll(BlockingArrayQueue.java:392)&#10;        at org.eclipse.jetty.util.thread.QueuedThreadPool.idleJobPoll(QueuedThreadPool.java:563)&#10;        at org.eclipse.jetty.util.thread.QueuedThreadPool.access$800(QueuedThreadPool.java:48)&#10;        at org.eclipse.jetty.util.thread.QueuedThreadPool$2.run(QueuedThreadPool.java:626)&#10;        at java.lang.Thread.run(Thread.java:748)&#10;&quot;Datanode State Machine Thread - 0&quot; daemon prio=5 tid=2129 timed_waiting&#10;java.lang.Thread.State: TIMED_WAITING&#10;        at sun.misc.Unsafe.park(Native Method)&#10;        at java.util.concurrent.locks.LockSupport.parkNanos(LockSupport.java:215)&#10;        at java.util.concurrent.SynchronousQueue$TransferStack.awaitFulfill(SynchronousQueue.java:460)&#10;        at java.util.concurrent.SynchronousQueue$TransferStack.transfer(SynchronousQueue.java:362)&#10;        at java.util.concurrent.SynchronousQueue.poll(SynchronousQueue.java:941)&#10;        at java.util.concurrent.ThreadPoolExecutor.getTask(ThreadPoolExecutor.java:1073)&#10;        at java.util.concurrent.ThreadPoolExecutor.runWorker(ThreadPoolExecutor.java:1134)&#10;        at java.util.concurrent.ThreadPoolExecutor$Worker.run(ThreadPoolExecutor.java:624)&#10;        at java.lang.Thread.run(Thread.java:748)&#10;&quot;IPC Server handler 0 on 35974&quot; daemon prio=5 tid=1852 timed_waiting&#10;java.lang.Thread.State: TIMED_WAITING&#10;        at sun.misc.Unsafe.park(Native Method)&#10;        at java.util.concurrent.locks.LockSupport.parkNanos(LockSupport.java:215)&#10;        at java.util.concurrent.locks.AbstractQueuedSynchronizer$ConditionObject.awaitNanos(AbstractQueuedSynchronizer.java:2078)&#10;        at java.util.concurrent.LinkedBlockingQueue.poll(LinkedBlockingQueue.java:467)&#10;        at org.apache.hadoop.ipc.CallQueueManager.take(CallQueueManager.java:288)&#10;        at org.apache.hadoop.ipc.Server$Handler.run(Server.java:2668)&#10;&quot;pool-159-thread-1&quot;  prio=5 tid=2875 in Object.wait()&#10;java.lang.Thread.State: WAITING (on object monitor)&#10;        at sun.misc.Unsafe.park(Native Method)&#10;        at java.util.concurrent.locks.LockSupport.park(LockSupport.java:175)&#10;        at java.util.concurrent.locks.AbstractQueuedSynchronizer$ConditionObject.await(AbstractQueuedSynchronizer.java:2039)&#10;        at java.util.concurrent.LinkedBlockingQueue.take(LinkedBlockingQueue.java:442)&#10;        at java.util.concurrent.ThreadPoolExecutor.getTask(ThreadPoolExecutor.java:1074)&#10;        at java.util.concurrent.ThreadPoolExecutor.runWorker(ThreadPoolExecutor.java:1134)&#10;        at java.util.concurrent.ThreadPoolExecutor$Worker.run(ThreadPoolExecutor.java:624)&#10;        at java.lang.Thread.run(Thread.java:748)&#10;&quot;Datanode State Machine Thread - 0&quot; daemon prio=5 tid=1987 timed_waiting&#10;java.lang.Thread.State: TIMED_WAITING&#10;        at java.lang.Thread.sleep(Native Method)&#10;        at org.apache.hadoop.ozone.container.common.statemachine.DatanodeStateMachine.start(DatanodeStateMachine.java:191)&#10;        at org.apache.hadoop.ozone.container.common.statemachine.DatanodeStateMachine.lambda$startDaemon$0(DatanodeStateMachine.java:349)&#10;        at org.apache.hadoop.ozone.container.common.statemachine.DatanodeStateMachine$$Lambda$141/1594065480.run(Unknown Source)&#10;        at java.lang.Thread.run(Thread.java:748)&#10;&quot;IPC Server Responder&quot; daemon prio=5 tid=1844 runnable&#10;java.lang.Thread.State: RUNNABLE&#10;        at sun.nio.ch.EPollArrayWrapper.epollWait(Native Method)&#10;        at sun.nio.ch.EPollArrayWrapper.poll(EPollArrayWrapper.java:269)&#10;        at sun.nio.ch.EPollSelectorImpl.doSelect(EPollSelectorImpl.java:93)&#10;        at sun.nio.ch.SelectorImpl.lockAndDoSelect(SelectorImpl.java:86)&#10;        at sun.nio.ch.SelectorImpl.select(SelectorImpl.java:97)&#10;        at org.apache.hadoop.ipc.Server$Responder.doRunLoop(Server.java:1334)&#10;        at org.apache.hadoop.ipc.Server$Responder.run(Server.java:1317)&#10;&quot;pool-148-thread-14&quot;  prio=5 tid=2252 in Object.wait()&#10;java.lang.Thread.State: WAITING (on object monitor)&#10;        at sun.misc.Unsafe.park(Native Method)&#10;        at java.util.concurrent.locks.LockSupport.park(LockSupport.java:175)&#10;        at java.util.concurrent.locks.AbstractQueuedSynchronizer$ConditionObject.await(AbstractQueuedSynchronizer.java:2039)&#10;        at java.util.concurrent.ArrayBlockingQueue.take(ArrayBlockingQueue.java:403)&#10;        at java.util.concurrent.ThreadPoolExecutor.getTask(ThreadPoolExecutor.java:1074)&#10;        at java.util.concurrent.ThreadPoolExecutor.runWorker(ThreadPoolExecutor.java:1134)&#10;        at java.util.concurrent.ThreadPoolExecutor$Worker.run(ThreadPoolExecutor.java:624)&#10;        at java.lang.Thread.run(Thread.java:748)&#10;&quot;pool-238-thread-14&quot;  prio=5 tid=2811 in Object.wait()&#10;java.lang.Thread.State: WAITING (on object monitor)&#10;        at sun.misc.Unsafe.park(Native Method)&#10;        at java.util.concurrent.locks.LockSupport.park(LockSupport.java:175)&#10;        at java.util.concurrent.locks.AbstractQueuedSynchronizer$ConditionObject.await(AbstractQueuedSynchronizer.java:2039)&#10;        at java.util.concurrent.ArrayBlockingQueue.take(ArrayBlockingQueue.java:403)&#10;        at java.util.concurrent.ThreadPoolExecutor.getTask(ThreadPoolExecutor.java:1074)&#10;        at java.util.concurrent.ThreadPoolExecutor.runWorker(ThreadPoolExecutor.java:1134)&#10;        at java.util.concurrent.ThreadPoolExecutor$Worker.run(ThreadPoolExecutor.java:624)&#10;        at java.lang.Thread.run(Thread.java:748)&#10;&quot;qtp95553286-1958&quot; daemon prio=5 tid=1958 timed_waiting&#10;java.lang.Thread.State: TIMED_WAITING&#10;        at sun.misc.Unsafe.park(Native Method)&#10;        at java.util.concurrent.locks.LockSupport.parkNanos(LockSupport.java:215)&#10;        at java.util.concurrent.locks.AbstractQueuedSynchronizer$ConditionObject.awaitNanos(AbstractQueuedSynchronizer.java:2078)&#10;        at org.eclipse.jetty.util.BlockingArrayQueue.poll(BlockingArrayQueue.java:392)&#10;        at org.eclipse.jetty.util.thread.QueuedThreadPool.idleJobPoll(QueuedThreadPool.java:563)&#10;        at org.eclipse.jetty.util.thread.QueuedThreadPool.access$800(QueuedThreadPool.java:48)&#10;        at org.eclipse.jetty.util.thread.QueuedThreadPool$2.run(QueuedThreadPool.java:626)&#10;        at java.lang.Thread.run(Thread.java:748)&#10;&quot;pool-168-thread-34&quot;  prio=5 tid=2397 in Object.wait()&#10;java.lang.Thread.State: WAITING (on object monitor)&#10;        at sun.misc.Unsafe.park(Native Method)&#10;        at java.util.concurrent.locks.LockSupport.park(LockSupport.java:175)&#10;        at java.util.concurrent.locks.AbstractQueuedSynchronizer$ConditionObject.await(AbstractQueuedSynchronizer.java:2039)&#10;        at java.util.concurrent.ArrayBlockingQueue.take(ArrayBlockingQueue.java:403)&#10;        at java.util.concurrent.ThreadPoolExecutor.getTask(ThreadPoolExecutor.java:1074)&#10;        at java.util.concurrent.ThreadPoolExecutor.runWorker(ThreadPoolExecutor.java:1134)&#10;        at java.util.concurrent.ThreadPoolExecutor$Worker.run(ThreadPoolExecutor.java:624)&#10;        at java.lang.Thread.run(Thread.java:748)&#10;&quot;org.eclipse.jetty.server.session.HashSessionManager@d70f722Timer&quot; daemon prio=5 tid=1986 timed_waiting&#10;java.lang.Thread.State: TIMED_WAITING&#10;        at sun.misc.Unsafe.park(Native Method)&#10;        at java.util.concurrent.locks.LockSupport.parkNanos(LockSupport.java:215)&#10;        at java.util.concurrent.locks.AbstractQueuedSynchronizer$ConditionObject.awaitNanos(AbstractQueuedSynchronizer.java:2078)&#10;        at java.util.concurrent.ScheduledThreadPoolExecutor$DelayedWorkQueue.take(ScheduledThreadPoolExecutor.java:1093)&#10;        at java.util.concurrent.ScheduledThreadPoolExecutor$DelayedWorkQueue.take(ScheduledThreadPoolExecutor.java:809)&#10;        at java.util.concurrent.ThreadPoolExecutor.getTask(ThreadPoolExecutor.java:1074)&#10;        at java.util.concurrent.ThreadPoolExecutor.runWorker(ThreadPoolExecutor.java:1134)&#10;        at java.util.concurrent.ThreadPoolExecutor$Worker.run(ThreadPoolExecutor.java:624)&#10;        at java.lang.Thread.run(Thread.java:748)&#10;&quot;a96edad4-0b0c-48cb-948a-93b2fbf7c409@group-BD9547C05093-SegmentedRaftLogWorker&quot;  prio=5 tid=3152 timed_waiting&#10;java.lang.Thread.State: TIMED_WAITING&#10;        at sun.misc.Unsafe.park(Native Method)&#10;        at java.util.concurrent.locks.LockSupport.parkNanos(LockSupport.java:215)&#10;        at java.util.concurrent.locks.AbstractQueuedSynchronizer$ConditionObject.awaitNanos(AbstractQueuedSynchronizer.java:2078)&#10;        at org.apache.ratis.util.DataBlockingQueue.poll(DataBlockingQueue.java:137)&#10;        at org.apache.ratis.server.raftlog.segmented.SegmentedRaftLogWorker.run(SegmentedRaftLogWorker.java:282)&#10;        at java.lang.Thread.run(Thread.java:748)&#10;&quot;pool-208-thread-44&quot;  prio=5 tid=2655 in Object.wait()&#10;java.lang.Thread.State: WAITING (on object monitor)&#10;        at sun.misc.Unsafe.park(Native Method)&#10;        at java.util.concurrent.locks.LockSupport.park(LockSupport.java:175)&#10;        at java.util.concurrent.locks.AbstractQueuedSynchronizer$ConditionObject.await(AbstractQueuedSynchronizer.java:2039)&#10;        at java.util.concurrent.ArrayBlockingQueue.take(ArrayBlockingQueue.java:403)&#10;        at java.util.concurrent.ThreadPoolExecutor.getTask(ThreadPoolExecutor.java:1074)&#10;        at java.util.concurrent.ThreadPoolExecutor.runWorker(ThreadPoolExecutor.java:1134)&#10;        at java.util.concurrent.ThreadPoolExecutor$Worker.run(ThreadPoolExecutor.java:624)&#10;        at java.lang.Thread.run(Thread.java:748)&#10;&quot;BlockDeletingService#1&quot; daemon prio=5 tid=2859 in Object.wait()&#10;java.lang.Thread.State: WAITING (on object monitor)&#10;        at sun.misc.Unsafe.park(Native Method)&#10;        at java.util.concurrent.locks.LockSupport.park(LockSupport.java:175)&#10;        at java.util.concurrent.locks.AbstractQueuedSynchronizer$ConditionObject.await(AbstractQueuedSynchronizer.java:2039)&#10;        at java.util.concurrent.ScheduledThreadPoolExecutor$DelayedWorkQueue.take(ScheduledThreadPoolExecutor.java:1088)&#10;        at java.util.concurrent.ScheduledThreadPoolExecutor$DelayedWorkQueue.take(ScheduledThreadPoolExecutor.java:809)&#10;        at java.util.concurrent.ThreadPoolExecutor.getTask(ThreadPoolExecutor.java:1074)&#10;        at java.util.concurrent.ThreadPoolExecutor.runWorker(ThreadPoolExecutor.java:1134)&#10;        at java.util.concurrent.ThreadPoolExecutor$Worker.run(ThreadPoolExecutor.java:624)&#10;        at java.lang.Thread.run(Thread.java:748)&#10;&quot;IPC Server handler 14 on 42444&quot; daemon prio=5 tid=1906 timed_waiting&#10;java.lang.Thread.State: TIMED_WAITING&#10;        at sun.misc.Unsafe.park(Native Method)&#10;        at java.util.concurrent.locks.LockSupport.parkNanos(LockSupport.java:215)&#10;        at java.util.concurrent.locks.AbstractQueuedSynchronizer$ConditionObject.awaitNanos(AbstractQueuedSynchronizer.java:2078)&#10;        at java.util.concurrent.LinkedBlockingQueue.poll(LinkedBlockingQueue.java:467)&#10;        at org.apache.hadoop.ipc.CallQueueManager.take(CallQueueManager.java:288)&#10;        at org.apache.hadoop.ipc.Server$Handler.run(Server.java:2668)&#10;&quot;IPC Server handler 5 on 35974&quot; daemon prio=5 tid=1857 timed_waiting&#10;java.lang.Thread.State: TIMED_WAITING&#10;        at sun.misc.Unsafe.park(Native Method)&#10;        at java.util.concurrent.locks.LockSupport.parkNanos(LockSupport.java:215)&#10;        at java.util.concurrent.locks.AbstractQueuedSynchronizer$ConditionObject.awaitNanos(AbstractQueuedSynchronizer.java:2078)&#10;        at java.util.concurrent.LinkedBlockingQueue.poll(LinkedBlockingQueue.java:467)&#10;        at org.apache.hadoop.ipc.CallQueueManager.take(CallQueueManager.java:288)&#10;        at org.apache.hadoop.ipc.Server$Handler.run(Server.java:2668)&#10;&quot;pool-228-thread-26&quot;  prio=5 tid=2761 in Object.wait()&#10;java.lang.Thread.State: WAITING (on object monitor)&#10;        at sun.misc.Unsafe.park(Native Method)&#10;        at java.util.concurrent.locks.LockSupport.park(LockSupport.java:175)&#10;        at java.util.concurrent.locks.AbstractQueuedSynchronizer$ConditionObject.await(AbstractQueuedSynchronizer.java:2039)&#10;        at java.util.concurrent.ArrayBlockingQueue.take(ArrayBlockingQueue.java:403)&#10;        at java.util.concurrent.ThreadPoolExecutor.getTask(ThreadPoolExecutor.java:1074)&#10;        at java.util.concurrent.ThreadPoolExecutor.runWorker(ThreadPoolExecutor.java:1134)&#10;        at java.util.concurrent.ThreadPoolExecutor$Worker.run(ThreadPoolExecutor.java:624)&#10;        at java.lang.Thread.run(Thread.java:748)&#10;&quot;dadbf9b0-b155-425e-bdd4-f6aced2428ca@group-08FF9A873941-SegmentedRaftLogWorker&quot;  prio=5 tid=3117 timed_waiting&#10;java.lang.Thread.State: TIMED_WAITING&#10;        at sun.misc.Unsafe.park(Native Method)&#10;        at java.util.concurrent.locks.LockSupport.parkNanos(LockSupport.java:215)&#10;        at java.util.concurrent.locks.AbstractQueuedSynchronizer$ConditionObject.awaitNanos(AbstractQueuedSynchronizer.java:2078)&#10;        at org.apache.ratis.util.DataBlockingQueue.poll(DataBlockingQueue.java:137)&#10;        at org.apache.ratis.server.raftlog.segmented.SegmentedRaftLogWorker.run(SegmentedRaftLogWorker.java:282)&#10;        at java.lang.Thread.run(Thread.java:748)&#10;&quot;pool-208-thread-48&quot;  prio=5 tid=2659 in Object.wait()&#10;java.lang.Thread.State: WAITING (on object monitor)&#10;        at sun.misc.Unsafe.park(Native Method)&#10;        at java.util.concurrent.locks.LockSupport.park(LockSupport.java:175)&#10;        at java.util.concurrent.locks.AbstractQueuedSynchronizer$ConditionObject.await(AbstractQueuedSynchronizer.java:2039)&#10;        at java.util.concurrent.ArrayBlockingQueue.take(ArrayBlockingQueue.java:403)&#10;        at java.util.concurrent.ThreadPoolExecutor.getTask(ThreadPoolExecutor.java:1074)&#10;        at java.util.concurrent.ThreadPoolExecutor.runWorker(ThreadPoolExecutor.java:1134)&#10;        at java.util.concurrent.ThreadPoolExecutor$Worker.run(ThreadPoolExecutor.java:624)&#10;        at java.lang.Thread.run(Thread.java:748)&#10;&quot;qtp95553286-1956&quot; daemon prio=5 tid=1956 runnable&#10;java.lang.Thread.State: RUNNABLE&#10;        at sun.nio.ch.EPollArrayWrapper.epollWait(Native Method)&#10;        at sun.nio.ch.EPollArrayWrapper.poll(EPollArrayWrapper.java:269)&#10;        at sun.nio.ch.EPollSelectorImpl.doSelect(EPollSelectorImpl.java:93)&#10;        at sun.nio.ch.SelectorImpl.lockAndDoSelect(SelectorImpl.java:86)&#10;        at sun.nio.ch.SelectorImpl.select(SelectorImpl.java:97)&#10;        at sun.nio.ch.SelectorImpl.select(SelectorImpl.java:101)&#10;        at org.eclipse.jetty.io.ManagedSelector$SelectorProducer.select(ManagedSelector.java:243)&#10;        at org.eclipse.jetty.io.ManagedSelector$SelectorProducer.produce(ManagedSelector.java:191)&#10;        at org.eclipse.jetty.util.thread.strategy.ExecuteProduceConsume.executeProduceConsume(ExecuteProduceConsume.java:249)&#10;        at org.eclipse.jetty.util.thread.strategy.ExecuteProduceConsume.produceConsume(ExecuteProduceConsume.java:148)&#10;        at org.eclipse.jetty.util.thread.strategy.ExecuteProduceConsume.execute(ExecuteProduceConsume.java:100)&#10;        at org.eclipse.jetty.io.ManagedSelector.run(ManagedSelector.java:147)&#10;        at org.eclipse.jetty.util.thread.QueuedThreadPool.runJob(QueuedThreadPool.java:671)&#10;        at org.eclipse.jetty.util.thread.QueuedThreadPool$2.run(QueuedThreadPool.java:589)&#10;        at java.lang.Thread.run(Thread.java:748)&#10;&quot;pool-188-thread-46&quot;  prio=5 tid=2533 in Object.wait()&#10;java.lang.Thread.State: WAITING (on object monitor)&#10;        at sun.misc.Unsafe.park(Native Method)&#10;        at java.util.concurrent.locks.LockSupport.park(LockSupport.java:175)&#10;        at java.util.concurrent.locks.AbstractQueuedSynchronizer$ConditionObject.await(AbstractQueuedSynchronizer.java:2039)&#10;        at java.util.concurrent.ArrayBlockingQueue.take(ArrayBlockingQueue.java:403)&#10;        at java.util.concurrent.ThreadPoolExecutor.getTask(ThreadPoolExecutor.java:1074)&#10;        at java.util.concurrent.ThreadPoolExecutor.runWorker(ThreadPoolExecutor.java:1134)&#10;        at java.util.concurrent.ThreadPoolExecutor$Worker.run(ThreadPoolExecutor.java:624)&#10;        at java.lang.Thread.run(Thread.java:748)&#10;&quot;IPC Server handler 7 on 45554&quot; daemon prio=5 tid=1942 timed_waiting&#10;java.lang.Thread.State: TIMED_WAITING&#10;        at sun.misc.Unsafe.park(Native Method)&#10;        at java.util.concurrent.locks.LockSupport.parkNanos(LockSupport.java:215)&#10;        at java.util.concurrent.locks.AbstractQueuedSynchronizer$ConditionObject.awaitNanos(AbstractQueuedSynchronizer.java:2078)&#10;        at java.util.concurrent.LinkedBlockingQueue.poll(LinkedBlockingQueue.java:467)&#10;        at org.apache.hadoop.ipc.CallQueueManager.take(CallQueueManager.java:288)&#10;        at org.apache.hadoop.ipc.Server$Handler.run(Server.java:2668)&#10;&quot;pool-189-thread-1&quot;  prio=5 tid=2904 in Object.wait()&#10;java.lang.Thread.State: WAITING (on object monitor)&#10;        at sun.misc.Unsafe.park(Native Method)&#10;        at java.util.concurrent.locks.LockSupport.park(LockSupport.java:175)&#10;        at java.util.concurrent.locks.AbstractQueuedSynchronizer$ConditionObject.await(AbstractQueuedSynchronizer.java:2039)&#10;        at java.util.concurrent.LinkedBlockingQueue.take(LinkedBlockingQueue.java:442)&#10;        at java.util.concurrent.ThreadPoolExecutor.getTask(ThreadPoolExecutor.java:1074)&#10;        at java.util.concurrent.ThreadPoolExecutor.runWorker(ThreadPoolExecutor.java:1134)&#10;        at java.util.concurrent.ThreadPoolExecutor$Worker.run(ThreadPoolExecutor.java:624)&#10;        at java.lang.Thread.run(Thread.java:748)&#10;&quot;jaeger.RemoteReporter-FlushTimer&quot; daemon prio=5 tid=148 timed_waiting&#10;java.lang.Thread.State: TIMED_WAITING&#10;        at java.lang.Object.wait(Native Method)&#10;        at java.util.TimerThread.mainLoop(Timer.java:552)&#10;        at java.util.TimerThread.run(Timer.java:505)&#10;&quot;pool-178-thread-12&quot;  prio=5 tid=2437 in Object.wait()&#10;java.lang.Thread.State: WAITING (on object monitor)&#10;        at sun.misc.Unsafe.park(Native Method)&#10;        at java.util.concurrent.locks.LockSupport.park(LockSupport.java:175)&#10;        at java.util.concurrent.locks.AbstractQueuedSynchronizer$ConditionObject.await(AbstractQueuedSynchronizer.java:2039)&#10;        at java.util.concurrent.ArrayBlockingQueue.take(ArrayBlockingQueue.java:403)&#10;        at java.util.concurrent.ThreadPoolExecutor.getTask(ThreadPoolExecutor.java:1074)&#10;        at java.util.concurrent.ThreadPoolExecutor.runWorker(ThreadPoolExecutor.java:1134)&#10;        at java.util.concurrent.ThreadPoolExecutor$Worker.run(ThreadPoolExecutor.java:624)&#10;        at java.lang.Thread.run(Thread.java:748)&#10;&quot;pool-148-thread-53&quot;  prio=5 tid=2291 in Object.wait()&#10;java.lang.Thread.State: WAITING (on object monitor)&#10;        at sun.misc.Unsafe.park(Native Method)&#10;        at java.util.concurrent.locks.LockSupport.park(LockSupport.java:175)&#10;        at java.util.concurrent.locks.AbstractQueuedSynchronizer$ConditionObject.await(AbstractQueuedSynchronizer.java:2039)&#10;        at java.util.concurrent.ArrayBlockingQueue.take(ArrayBlockingQueue.java:403)&#10;        at java.util.concurrent.ThreadPoolExecutor.getTask(ThreadPoolExecutor.java:1074)&#10;        at java.util.concurrent.ThreadPoolExecutor.runWorker(ThreadPoolExecutor.java:1134)&#10;        at java.util.concurrent.ThreadPoolExecutor$Worker.run(ThreadPoolExecutor.java:624)&#10;        at java.lang.Thread.run(Thread.java:748)&#10;&quot;Command processor thread&quot; daemon prio=5 tid=2100 timed_waiting&#10;java.lang.Thread.State: TIMED_WAITING&#10;        at java.lang.Thread.sleep(Native Method)&#10;        at org.apache.hadoop.ozone.container.common.statemachine.DatanodeStateMachine.lambda$initCommandHandlerThread$1(DatanodeStateMachine.java:439)&#10;        at org.apache.hadoop.ozone.container.common.statemachine.DatanodeStateMachine$$Lambda$142/1603672614.run(Unknown Source)&#10;        at java.lang.Thread.run(Thread.java:748)&#10;&quot;pool-216-thread-1&quot; daemon prio=5 tid=2162 timed_waiting&#10;java.lang.Thread.State: TIMED_WAITING&#10;        at sun.misc.Unsafe.park(Native Method)&#10;        at java.util.concurrent.locks.LockSupport.parkNanos(LockSupport.java:215)&#10;        at java.util.concurrent.locks.AbstractQueuedSynchronizer$ConditionObject.awaitNanos(AbstractQueuedSynchronizer.java:2078)&#10;        at java.util.concurrent.ScheduledThreadPoolExecutor$DelayedWorkQueue.take(ScheduledThreadPoolExecutor.java:1093)&#10;        at java.util.concurrent.ScheduledThreadPoolExecutor$DelayedWorkQueue.take(ScheduledThreadPoolExecutor.java:809)&#10;        at java.util.concurrent.ThreadPoolExecutor.getTask(ThreadPoolExecutor.java:1074)&#10;        at java.util.concurrent.ThreadPoolExecutor.runWorker(ThreadPoolExecutor.java:1134)&#10;        at java.util.concurrent.ThreadPoolExecutor$Worker.run(ThreadPoolExecutor.java:624)&#10;        at java.lang.Thread.run(Thread.java:748)&#10;&quot;qtp229318537-2111&quot; daemon prio=5 tid=2111 runnable&#10;java.lang.Thread.State: RUNNABLE&#10;        at sun.nio.ch.EPollArrayWrapper.epollWait(Native Method)&#10;        at sun.nio.ch.EPollArrayWrapper.poll(EPollArrayWrapper.java:269)&#10;        at sun.nio.ch.EPollSelectorImpl.doSelect(EPollSelectorImpl.java:93)&#10;        at sun.nio.ch.SelectorImpl.lockAndDoSelect(SelectorImpl.java:86)&#10;        at sun.nio.ch.SelectorImpl.select(SelectorImpl.java:97)&#10;        at sun.nio.ch.SelectorImpl.select(SelectorImpl.java:101)&#10;        at org.eclipse.jetty.io.ManagedSelector$SelectorProducer.select(ManagedSelector.java:243)&#10;        at org.eclipse.jetty.io.ManagedSelector$SelectorProducer.produce(ManagedSelector.java:191)&#10;        at org.eclipse.jetty.util.thread.strategy.ExecuteProduceConsume.executeProduceConsume(ExecuteProduceConsume.java:249)&#10;        at org.eclipse.jetty.util.thread.strategy.ExecuteProduceConsume.produceConsume(ExecuteProduceConsume.java:148)&#10;        at org.eclipse.jetty.util.thread.strategy.ExecuteProduceConsume.execute(ExecuteProduceConsume.java:100)&#10;        at org.eclipse.jetty.io.ManagedSelector.run(ManagedSelector.java:147)&#10;        at org.eclipse.jetty.util.thread.QueuedThreadPool.runJob(QueuedThreadPool.java:671)&#10;        at org.eclipse.jetty.util.thread.QueuedThreadPool$2.run(QueuedThreadPool.java:589)&#10;        at java.lang.Thread.run(Thread.java:748)&#10;&quot;pool-158-thread-14&quot;  prio=5 tid=2315 in Object.wait()&#10;java.lang.Thread.State: WAITING (on object monitor)&#10;        at sun.misc.Unsafe.park(Native Method)&#10;        at java.util.concurrent.locks.LockSupport.park(LockSupport.java:175)&#10;        at java.util.concurrent.locks.AbstractQueuedSynchronizer$ConditionObject.await(AbstractQueuedSynchronizer.java:2039)&#10;        at java.util.concurrent.ArrayBlockingQueue.take(ArrayBlockingQueue.java:403)&#10;        at java.util.concurrent.ThreadPoolExecutor.getTask(ThreadPoolExecutor.java:1074)&#10;        at java.util.concurrent.ThreadPoolExecutor.runWorker(ThreadPoolExecutor.java:1134)&#10;        at java.util.concurrent.ThreadPoolExecutor$Worker.run(ThreadPoolExecutor.java:624)&#10;        at java.lang.Thread.run(Thread.java:748)&#10;&quot;pool-198-thread-37&quot;  prio=5 tid=2586 in Object.wait()&#10;java.lang.Thread.State: WAITING (on object monitor)&#10;        at sun.misc.Unsafe.park(Native Method)&#10;        at java.util.concurrent.locks.LockSupport.park(LockSupport.java:175)&#10;        at java.util.concurrent.locks.AbstractQueuedSynchronizer$ConditionObject.await(AbstractQueuedSynchronizer.java:2039)&#10;        at java.util.concurrent.ArrayBlockingQueue.take(ArrayBlockingQueue.java:403)&#10;        at java.util.concurrent.ThreadPoolExecutor.getTask(ThreadPoolExecutor.java:1074)&#10;        at java.util.concurrent.ThreadPoolExecutor.runWorker(ThreadPoolExecutor.java:1134)&#10;        at java.util.concurrent.ThreadPoolExecutor$Worker.run(ThreadPoolExecutor.java:624)&#10;        at java.lang.Thread.run(Thread.java:748)&#10;&quot;jaeger.RemoteReporter-QueueProcessor&quot; daemon prio=5 tid=147 in Object.wait()&#10;java.lang.Thread.State: WAITING (on object monitor)&#10;        at sun.misc.Unsafe.park(Native Method)&#10;        at java.util.concurrent.locks.LockSupport.park(LockSupport.java:175)&#10;        at java.util.concurrent.locks.AbstractQueuedSynchronizer$ConditionObject.await(AbstractQueuedSynchronizer.java:2039)&#10;        at java.util.concurrent.ArrayBlockingQueue.take(ArrayBlockingQueue.java:403)&#10;        at io.jaegertracing.internal.reporters.RemoteReporter$QueueProcessor.run(RemoteReporter.java:173)&#10;        at java.lang.Thread.run(Thread.java:748)&#10;&quot;pool-238-thread-46&quot;  prio=5 tid=2843 in Object.wait()&#10;java.lang.Thread.State: WAITING (on object monitor)&#10;        at sun.misc.Unsafe.park(Native Method)&#10;        at java.util.concurrent.locks.LockSupport.park(LockSupport.java:175)&#10;        at java.util.concurrent.locks.AbstractQueuedSynchronizer$ConditionObject.await(AbstractQueuedSynchronizer.java:2039)&#10;        at java.util.concurrent.ArrayBlockingQueue.take(ArrayBlockingQueue.java:403)&#10;        at java.util.concurrent.ThreadPoolExecutor.getTask(ThreadPoolExecutor.java:1074)&#10;        at java.util.concurrent.ThreadPoolExecutor.runWorker(ThreadPoolExecutor.java:1134)&#10;        at java.util.concurrent.ThreadPoolExecutor$Worker.run(ThreadPoolExecutor.java:624)&#10;        at java.lang.Thread.run(Thread.java:748)&#10;&quot;pool-218-thread-5&quot;  prio=5 tid=2678 in Object.wait()&#10;java.lang.Thread.State: WAITING (on object monitor)&#10;        at sun.misc.Unsafe.park(Native Method)&#10;        at java.util.concurrent.locks.LockSupport.park(LockSupport.java:175)&#10;        at java.util.concurrent.locks.AbstractQueuedSynchronizer$ConditionObject.await(AbstractQueuedSynchronizer.java:2039)&#10;        at java.util.concurrent.ArrayBlockingQueue.take(ArrayBlockingQueue.java:403)&#10;        at java.util.concurrent.ThreadPoolExecutor.getTask(ThreadPoolExecutor.java:1074)&#10;        at java.util.concurrent.ThreadPoolExecutor.runWorker(ThreadPoolExecutor.java:1134)&#10;        at java.util.concurrent.ThreadPoolExecutor$Worker.run(ThreadPoolExecutor.java:624)&#10;        at java.lang.Thread.run(Thread.java:748)&#10;&quot;pool-168-thread-55&quot;  prio=5 tid=2418 in Object.wait()&#10;java.lang.Thread.State: WAITING (on object monitor)&#10;        at sun.misc.Unsafe.park(Native Method)&#10;        at java.util.concurrent.locks.LockSupport.park(LockSupport.java:175)&#10;        at java.util.concurrent.locks.AbstractQueuedSynchronizer$ConditionObject.await(AbstractQueuedSynchronizer.java:2039)&#10;        at java.util.concurrent.ArrayBlockingQueue.take(ArrayBlockingQueue.java:403)&#10;        at java.util.concurrent.ThreadPoolExecutor.getTask(ThreadPoolExecutor.java:1074)&#10;        at java.util.concurrent.ThreadPoolExecutor.runWorker(ThreadPoolExecutor.java:1134)&#10;        at java.util.concurrent.ThreadPoolExecutor$Worker.run(ThreadPoolExecutor.java:624)&#10;        at java.lang.Thread.run(Thread.java:748)&#10;&quot;pool-198-thread-51&quot;  prio=5 tid=2600 in Object.wait()&#10;java.lang.Thread.State: WAITING (on object monitor)&#10;        at sun.misc.Unsafe.park(Native Method)&#10;        at java.util.concurrent.locks.LockSupport.park(LockSupport.java:175)&#10;        at java.util.concurrent.locks.AbstractQueuedSynchronizer$ConditionObject.await(AbstractQueuedSynchronizer.java:2039)&#10;        at java.util.concurrent.ArrayBlockingQueue.take(ArrayBlockingQueue.java:403)&#10;        at java.util.concurrent.ThreadPoolExecutor.getTask(ThreadPoolExecutor.java:1074)&#10;        at java.util.concurrent.ThreadPoolExecutor.runWorker(ThreadPoolExecutor.java:1134)&#10;        at java.util.concurrent.ThreadPoolExecutor$Worker.run(ThreadPoolExecutor.java:624)&#10;        at java.lang.Thread.run(Thread.java:748)&#10;&quot;surefire-forkedjvm-command-thread&quot; daemon prio=5 tid=8 runnable&#10;java.lang.Thread.State: RUNNABLE&#10;        at java.io.FileInputStream.readBytes(Native Method)&#10;        at java.io.FileInputStream.read(FileInputStream.java:255)&#10;        at java.io.BufferedInputStream.fill(BufferedInputStream.java:246)&#10;        at java.io.BufferedInputStream.read(BufferedInputStream.java:265)&#10;        at java.io.DataInputStream.readInt(DataInputStream.java:387)&#10;        at org.apache.maven.surefire.booter.MasterProcessCommand.decode(MasterProcessCommand.java:115)&#10;        at org.apache.maven.surefire.booter.CommandReader$CommandRunnable.run(CommandReader.java:390)&#10;        at java.lang.Thread.run(Thread.java:748)&#10;&quot;Datanode ReportManager Thread - 3&quot; daemon prio=5 tid=2234 in Object.wait()&#10;java.lang.Thread.State: WAITING (on object monitor)&#10;        at sun.misc.Unsafe.park(Native Method)&#10;        at java.util.concurrent.locks.LockSupport.park(LockSupport.java:175)&#10;        at java.util.concurrent.locks.AbstractQueuedSynchronizer$ConditionObject.await(AbstractQueuedSynchronizer.java:2039)&#10;        at java.util.concurrent.ScheduledThreadPoolExecutor$DelayedWorkQueue.take(ScheduledThreadPoolExecutor.java:1088)&#10;        at java.util.concurrent.ScheduledThreadPoolExecutor$DelayedWorkQueue.take(ScheduledThreadPoolExecutor.java:809)&#10;        at java.util.concurrent.ThreadPoolExecutor.getTask(ThreadPoolExecutor.java:1074)&#10;        at java.util.concurrent.ThreadPoolExecutor.runWorker(ThreadPoolExecutor.java:1134)&#10;        at java.util.concurrent.ThreadPoolExecutor$Worker.run(ThreadPoolExecutor.java:624)&#10;        at java.lang.Thread.run(Thread.java:748)&#10;&quot;qtp2077150966-2091&quot; daemon prio=5 tid=2091 timed_waiting&#10;java.lang.Thread.State: TIMED_WAITING&#10;        at sun.misc.Unsafe.park(Native Method)&#10;        at java.util.concurrent.locks.LockSupport.parkNanos(LockSupport.java:215)&#10;        at java.util.concurrent.locks.AbstractQueuedSynchronizer$ConditionObject.awaitNanos(AbstractQueuedSynchronizer.java:2078)&#10;        at org.eclipse.jetty.util.BlockingArrayQueue.poll(BlockingArrayQueue.java:392)&#10;        at org.eclipse.jetty.util.thread.QueuedThreadPool.idleJobPoll(QueuedThreadPool.java:563)&#10;        at org.eclipse.jetty.util.thread.QueuedThreadPool.access$800(QueuedThreadPool.java:48)&#10;        at org.eclipse.jetty.util.thread.QueuedThreadPool$2.run(QueuedThreadPool.java:626)&#10;        at java.lang.Thread.run(Thread.java:748)&#10;&quot;qtp2077150966-2089&quot; daemon prio=5 tid=2089 timed_waiting&#10;java.lang.Thread.State: TIMED_WAITING&#10;        at sun.misc.Unsafe.park(Native Method)&#10;        at java.util.concurrent.locks.LockSupport.parkNanos(LockSupport.java:215)&#10;        at java.util.concurrent.locks.AbstractQueuedSynchronizer$ConditionObject.awaitNanos(AbstractQueuedSynchronizer.java:2078)&#10;        at org.eclipse.jetty.util.BlockingArrayQueue.poll(BlockingArrayQueue.java:392)&#10;        at org.eclipse.jetty.util.thread.QueuedThreadPool.idleJobPoll(QueuedThreadPool.java:563)&#10;        at org.eclipse.jetty.util.thread.QueuedThreadPool.access$800(QueuedThreadPool.java:48)&#10;        at org.eclipse.jetty.util.thread.QueuedThreadPool$2.run(QueuedThreadPool.java:626)&#10;        at java.lang.Thread.run(Thread.java:748)&#10;&quot;pool-228-thread-58&quot;  prio=5 tid=2793 in Object.wait()&#10;java.lang.Thread.State: WAITING (on object monitor)&#10;        at sun.misc.Unsafe.park(Native Method)&#10;        at java.util.concurrent.locks.LockSupport.park(LockSupport.java:175)&#10;        at java.util.concurrent.locks.AbstractQueuedSynchronizer$ConditionObject.await(AbstractQueuedSynchronizer.java:2039)&#10;        at java.util.concurrent.ArrayBlockingQueue.take(ArrayBlockingQueue.java:403)&#10;        at java.util.concurrent.ThreadPoolExecutor.getTask(ThreadPoolExecutor.java:1074)&#10;        at java.util.concurrent.ThreadPoolExecutor.runWorker(ThreadPoolExecutor.java:1134)&#10;        at java.util.concurrent.ThreadPoolExecutor$Worker.run(ThreadPoolExecutor.java:624)&#10;        at java.lang.Thread.run(Thread.java:748)&#10;&quot;Datanode ReportManager Thread - 2&quot; daemon prio=5 tid=2233 in Object.wait()&#10;java.lang.Thread.State: WAITING (on object monitor)&#10;        at sun.misc.Unsafe.park(Native Method)&#10;        at java.util.concurrent.locks.LockSupport.park(LockSupport.java:175)&#10;        at java.util.concurrent.locks.AbstractQueuedSynchronizer$ConditionObject.await(AbstractQueuedSynchronizer.java:2039)&#10;        at java.util.concurrent.ScheduledThreadPoolExecutor$DelayedWorkQueue.take(ScheduledThreadPoolExecutor.java:1088)&#10;        at java.util.concurrent.ScheduledThreadPoolExecutor$DelayedWorkQueue.take(ScheduledThreadPoolExecutor.java:809)&#10;        at java.util.concurrent.ThreadPoolExecutor.getTask(ThreadPoolExecutor.java:1074)&#10;        at java.util.concurrent.ThreadPoolExecutor.runWorker(ThreadPoolExecutor.java:1134)&#10;        at java.util.concurrent.ThreadPoolExecutor$Worker.run(ThreadPoolExecutor.java:624)&#10;        at java.lang.Thread.run(Thread.java:748)&#10;&quot;IPC Server handler 13 on 45554&quot; daemon prio=5 tid=1948 timed_waiting&#10;java.lang.Thread.State: TIMED_WAITING&#10;        at sun.misc.Unsafe.park(Native Method)&#10;        at java.util.concurrent.locks.LockSupport.parkNanos(LockSupport.java:215)&#10;        at java.util.concurrent.locks.AbstractQueuedSynchronizer$ConditionObject.awaitNanos(AbstractQueuedSynchronizer.java:2078)&#10;        at java.util.concurrent.LinkedBlockingQueue.poll(LinkedBlockingQueue.java:467)&#10;        at org.apache.hadoop.ipc.CallQueueManager.take(CallQueueManager.java:288)&#10;        at org.apache.hadoop.ipc.Server$Handler.run(Server.java:2668)&#10;&quot;pool-238-thread-50&quot;  prio=5 tid=2847 in Object.wait()&#10;java.lang.Thread.State: WAITING (on object monitor)&#10;        at sun.misc.Unsafe.park(Native Method)&#10;        at java.util.concurrent.locks.LockSupport.park(LockSupport.java:175)&#10;        at java.util.concurrent.locks.AbstractQueuedSynchronizer$ConditionObject.await(AbstractQueuedSynchronizer.java:2039)&#10;        at java.util.concurrent.ArrayBlockingQueue.take(ArrayBlockingQueue.java:403)&#10;        at java.util.concurrent.ThreadPoolExecutor.getTask(ThreadPoolExecutor.java:1074)&#10;        at java.util.concurrent.ThreadPoolExecutor.runWorker(ThreadPoolExecutor.java:1134)&#10;        at java.util.concurrent.ThreadPoolExecutor$Worker.run(ThreadPoolExecutor.java:624)&#10;        at java.lang.Thread.run(Thread.java:748)&#10;&quot;Datanode ReportManager Thread - 0&quot; daemon prio=5 tid=2042 in Object.wait()&#10;java.lang.Thread.State: WAITING (on object monitor)&#10;        at sun.misc.Unsafe.park(Native Method)&#10;        at java.util.concurrent.locks.LockSupport.park(LockSupport.java:175)&#10;        at java.util.concurrent.locks.AbstractQueuedSynchronizer$ConditionObject.await(AbstractQueuedSynchronizer.java:2039)&#10;        at java.util.concurrent.ScheduledThreadPoolExecutor$DelayedWorkQueue.take(ScheduledThreadPoolExecutor.java:1088)&#10;        at java.util.concurrent.ScheduledThreadPoolExecutor$DelayedWorkQueue.take(ScheduledThreadPoolExecutor.java:809)&#10;        at java.util.concurrent.ThreadPoolExecutor.getTask(ThreadPoolExecutor.java:1074)&#10;        at java.util.concurrent.ThreadPoolExecutor.runWorker(ThreadPoolExecutor.java:1134)&#10;        at java.util.concurrent.ThreadPoolExecutor$Worker.run(ThreadPoolExecutor.java:624)&#10;        at java.lang.Thread.run(Thread.java:748)&#10;&quot;Datanode State Machine Thread - 0&quot; daemon prio=5 tid=2156 timed_waiting&#10;java.lang.Thread.State: TIMED_WAITING&#10;        at sun.misc.Unsafe.park(Native Method)&#10;        at java.util.concurrent.locks.LockSupport.parkNanos(LockSupport.java:215)&#10;        at java.util.concurrent.SynchronousQueue$TransferStack.awaitFulfill(SynchronousQueue.java:460)&#10;        at java.util.concurrent.SynchronousQueue$TransferStack.transfer(SynchronousQueue.java:362)&#10;        at java.util.concurrent.SynchronousQueue.poll(SynchronousQueue.java:941)&#10;        at java.util.concurrent.ThreadPoolExecutor.getTask(ThreadPoolExecutor.java:1073)&#10;        at java.util.concurrent.ThreadPoolExecutor.runWorker(ThreadPoolExecutor.java:1134)&#10;        at java.util.concurrent.ThreadPoolExecutor$Worker.run(ThreadPoolExecutor.java:624)&#10;        at java.lang.Thread.run(Thread.java:748)&#10;&quot;pool-178-thread-59&quot;  prio=5 tid=2484 in Object.wait()&#10;java.lang.Thread.State: WAITING (on object monitor)&#10;        at sun.misc.Unsafe.park(Native Method)&#10;        at java.util.concurrent.locks.LockSupport.park(LockSupport.java:175)&#10;        at java.util.concurrent.locks.AbstractQueuedSynchronizer$ConditionObject.await(AbstractQueuedSynchronizer.java:2039)&#10;        at java.util.concurrent.ArrayBlockingQueue.take(ArrayBlockingQueue.java:403)&#10;        at java.util.concurrent.ThreadPoolExecutor.getTask(ThreadPoolExecutor.java:1074)&#10;        at java.util.concurrent.ThreadPoolExecutor.runWorker(ThreadPoolExecutor.java:1134)&#10;        at java.util.concurrent.ThreadPoolExecutor$Worker.run(ThreadPoolExecutor.java:624)&#10;        at java.lang.Thread.run(Thread.java:748)&#10;&quot;qtp1090160486-1919&quot; daemon prio=5 tid=1919 timed_waiting&#10;java.lang.Thread.State: TIMED_WAITING&#10;        at sun.misc.Unsafe.park(Native Method)&#10;        at java.util.concurrent.locks.LockSupport.parkNanos(LockSupport.java:215)&#10;        at java.util.concurrent.locks.AbstractQueuedSynchronizer$ConditionObject.awaitNanos(AbstractQueuedSynchronizer.java:2078)&#10;        at org.eclipse.jetty.util.BlockingArrayQueue.poll(BlockingArrayQueue.java:392)&#10;        at org.eclipse.jetty.util.thread.QueuedThreadPool.idleJobPoll(QueuedThreadPool.java:563)&#10;        at org.eclipse.jetty.util.thread.QueuedThreadPool.access$800(QueuedThreadPool.java:48)&#10;        at org.eclipse.jetty.util.thread.QueuedThreadPool$2.run(QueuedThreadPool.java:626)&#10;        at java.lang.Thread.run(Thread.java:748)&#10;&quot;pool-218-thread-23&quot;  prio=5 tid=2696 in Object.wait()&#10;java.lang.Thread.State: WAITING (on object monitor)&#10;        at sun.misc.Unsafe.park(Native Method)&#10;        at java.util.concurrent.locks.LockSupport.park(LockSupport.java:175)&#10;        at java.util.concurrent.locks.AbstractQueuedSynchronizer$ConditionObject.await(AbstractQueuedSynchronizer.java:2039)&#10;        at java.util.concurrent.ArrayBlockingQueue.take(ArrayBlockingQueue.java:403)&#10;        at java.util.concurrent.ThreadPoolExecutor.getTask(ThreadPoolExecutor.java:1074)&#10;        at java.util.concurrent.ThreadPoolExecutor.runWorker(ThreadPoolExecutor.java:1134)&#10;        at java.util.concurrent.ThreadPoolExecutor$Worker.run(ThreadPoolExecutor.java:624)&#10;        at java.lang.Thread.run(Thread.java:748)&#10;&quot;IPC Server handler 11 on 35974&quot; daemon prio=5 tid=1863 timed_waiting&#10;java.lang.Thread.State: TIMED_WAITING&#10;        at sun.misc.Unsafe.park(Native Method)&#10;        at java.util.concurrent.locks.LockSupport.parkNanos(LockSupport.java:215)&#10;        at java.util.concurrent.locks.AbstractQueuedSynchronizer$ConditionObject.awaitNanos(AbstractQueuedSynchronizer.java:2078)&#10;        at java.util.concurrent.LinkedBlockingQueue.poll(LinkedBlockingQueue.java:467)&#10;        at org.apache.hadoop.ipc.CallQueueManager.take(CallQueueManager.java:288)&#10;        at org.apache.hadoop.ipc.Server$Handler.run(Server.java:2668)&#10;&quot;Datanode ReportManager Thread - 3&quot; daemon prio=5 tid=255 in Object.wait()&#10;java.lang.Thread.State: WAITING (on object monitor)&#10;        at sun.misc.Unsafe.park(Native Method)&#10;        at java.util.concurrent.locks.LockSupport.park(LockSupport.java:175)&#10;        at java.util.concurrent.locks.AbstractQueuedSynchronizer$ConditionObject.await(AbstractQueuedSynchronizer.java:2039)&#10;        at java.util.concurrent.ScheduledThreadPoolExecutor$DelayedWorkQueue.take(ScheduledThreadPoolExecutor.java:1088)&#10;        at java.util.concurrent.ScheduledThreadPoolExecutor$DelayedWorkQueue.take(ScheduledThreadPoolExecutor.java:809)&#10;        at java.util.concurrent.ThreadPoolExecutor.getTask(ThreadPoolExecutor.java:1074)&#10;        at java.util.concurrent.ThreadPoolExecutor.runWorker(ThreadPoolExecutor.java:1134)&#10;        at java.util.concurrent.ThreadPoolExecutor$Worker.run(ThreadPoolExecutor.java:624)&#10;        at java.lang.Thread.run(Thread.java:748)&#10;&quot;86084ec4-dae7-4808-81c8-289a21d6f4dc@group-877CB685509D-SegmentedRaftLogWorker&quot;  prio=5 tid=3141 timed_waiting&#10;java.lang.Thread.State: TIMED_WAITING&#10;        at sun.misc.Unsafe.park(Native Method)&#10;        at java.util.concurrent.locks.LockSupport.parkNanos(LockSupport.java:215)&#10;        at java.util.concurrent.locks.AbstractQueuedSynchronizer$ConditionObject.awaitNanos(AbstractQueuedSynchronizer.java:2078)&#10;        at org.apache.ratis.util.DataBlockingQueue.poll(DataBlockingQueue.java:137)&#10;        at org.apache.ratis.server.raftlog.segmented.SegmentedRaftLogWorker.run(SegmentedRaftLogWorker.java:282)&#10;        at java.lang.Thread.run(Thread.java:748)&#10;&quot;pool-158-thread-39&quot;  prio=5 tid=2340 in Object.wait()&#10;java.lang.Thread.State: WAITING (on object monitor)&#10;        at sun.misc.Unsafe.park(Native Method)&#10;        at java.util.concurrent.locks.LockSupport.park(LockSupport.java:175)&#10;        at java.util.concurrent.locks.AbstractQueuedSynchronizer$ConditionObject.await(AbstractQueuedSynchronizer.java:2039)&#10;        at java.util.concurrent.ArrayBlockingQueue.take(ArrayBlockingQueue.java:403)&#10;        at java.util.concurrent.ThreadPoolExecutor.getTask(ThreadPoolExecutor.java:1074)&#10;        at java.util.concurrent.ThreadPoolExecutor.runWorker(ThreadPoolExecutor.java:1134)&#10;        at java.util.concurrent.ThreadPoolExecutor$Worker.run(ThreadPoolExecutor.java:624)&#10;        at java.lang.Thread.run(Thread.java:748)&#10;&quot;IPC Server handler 4 on 43737&quot; daemon prio=5 tid=1876 timed_waiting&#10;java.lang.Thread.State: TIMED_WAITING&#10;        at sun.misc.Unsafe.park(Native Method)&#10;        at java.util.concurrent.locks.LockSupport.parkNanos(LockSupport.java:215)&#10;        at java.util.concurrent.locks.AbstractQueuedSynchronizer$ConditionObject.awaitNanos(AbstractQueuedSynchronizer.java:2078)&#10;        at java.util.concurrent.LinkedBlockingQueue.poll(LinkedBlockingQueue.java:467)&#10;        at org.apache.hadoop.ipc.CallQueueManager.take(CallQueueManager.java:288)&#10;        at org.apache.hadoop.ipc.Server$Handler.run(Server.java:2668)&#10;&quot;org.eclipse.jetty.server.session.HashSessionManager@3178219aTimer&quot; daemon prio=5 tid=1921 timed_waiting&#10;java.lang.Thread.State: TIMED_WAITING&#10;        at sun.misc.Unsafe.park(Native Method)&#10;        at java.util.concurrent.locks.LockSupport.parkNanos(LockSupport.java:215)&#10;        at java.util.concurrent.locks.AbstractQueuedSynchronizer$ConditionObject.awaitNanos(AbstractQueuedSynchronizer.java:2078)&#10;        at java.util.concurrent.ScheduledThreadPoolExecutor$DelayedWorkQueue.take(ScheduledThreadPoolExecutor.java:1093)&#10;        at java.util.concurrent.ScheduledThreadPoolExecutor$DelayedWorkQueue.take(ScheduledThreadPoolExecutor.java:809)&#10;        at java.util.concurrent.ThreadPoolExecutor.getTask(ThreadPoolExecutor.java:1074)&#10;        at java.util.concurrent.ThreadPoolExecutor.runWorker(ThreadPoolExecutor.java:1134)&#10;        at java.util.concurrent.ThreadPoolExecutor$Worker.run(ThreadPoolExecutor.java:624)&#10;        at java.lang.Thread.run(Thread.java:748)&#10;&quot;Datanode ReportManager Thread - 1&quot; daemon prio=5 tid=253 in Object.wait()&#10;java.lang.Thread.State: WAITING (on object monitor)&#10;        at sun.misc.Unsafe.park(Native Method)&#10;        at java.util.concurrent.locks.LockSupport.park(LockSupport.java:175)&#10;        at java.util.concurrent.locks.AbstractQueuedSynchronizer$ConditionObject.await(AbstractQueuedSynchronizer.java:2039)&#10;        at java.util.concurrent.ScheduledThreadPoolExecutor$DelayedWorkQueue.take(ScheduledThreadPoolExecutor.java:1088)&#10;        at java.util.concurrent.ScheduledThreadPoolExecutor$DelayedWorkQueue.take(ScheduledThreadPoolExecutor.java:809)&#10;        at java.util.concurrent.ThreadPoolExecutor.getTask(ThreadPoolExecutor.java:1074)&#10;        at java.util.concurrent.ThreadPoolExecutor.runWorker(ThreadPoolExecutor.java:1134)&#10;        at java.util.concurrent.ThreadPoolExecutor$Worker.run(ThreadPoolExecutor.java:624)&#10;        at java.lang.Thread.run(Thread.java:748)&#10;&quot;IPC Server handler 3 on 42444&quot; daemon prio=5 tid=1895 timed_waiting&#10;java.lang.Thread.State: TIMED_WAITING&#10;        at sun.misc.Unsafe.park(Native Method)&#10;        at java.util.concurrent.locks.LockSupport.parkNanos(LockSupport.java:215)&#10;        at java.util.concurrent.locks.AbstractQueuedSynchronizer$ConditionObject.awaitNanos(AbstractQueuedSynchronizer.java:2078)&#10;        at java.util.concurrent.LinkedBlockingQueue.poll(LinkedBlockingQueue.java:467)&#10;        at org.apache.hadoop.ipc.CallQueueManager.take(CallQueueManager.java:288)&#10;        at org.apache.hadoop.ipc.Server$Handler.run(Server.java:2668)&#10;&quot;pool-228-thread-44&quot;  prio=5 tid=2779 in Object.wait()&#10;java.lang.Thread.State: WAITING (on object monitor)&#10;        at sun.misc.Unsafe.park(Native Method)&#10;        at java.util.concurrent.locks.LockSupport.park(LockSupport.java:175)&#10;        at java.util.concurrent.locks.AbstractQueuedSynchronizer$ConditionObject.await(AbstractQueuedSynchronizer.java:2039)&#10;        at java.util.concurrent.ArrayBlockingQueue.take(ArrayBlockingQueue.java:403)&#10;        at java.util.concurrent.ThreadPoolExecutor.getTask(ThreadPoolExecutor.java:1074)&#10;        at java.util.concurrent.ThreadPoolExecutor.runWorker(ThreadPoolExecutor.java:1134)&#10;        at java.util.concurrent.ThreadPoolExecutor$Worker.run(ThreadPoolExecutor.java:624)&#10;        at java.lang.Thread.run(Thread.java:748)&#10;&quot;RatisPipelineUtilsThread&quot;  prio=5 tid=2861 timed_waiting&#10;java.lang.Thread.State: TIMED_WAITING&#10;        at sun.misc.Unsafe.park(Native Method)&#10;        at java.util.concurrent.locks.LockSupport.parkNanos(LockSupport.java:215)&#10;        at java.util.concurrent.locks.AbstractQueuedSynchronizer$ConditionObject.awaitNanos(AbstractQueuedSynchronizer.java:2078)&#10;        at java.util.concurrent.ScheduledThreadPoolExecutor$DelayedWorkQueue.take(ScheduledThreadPoolExecutor.java:1093)&#10;        at java.util.concurrent.ScheduledThreadPoolExecutor$DelayedWorkQueue.take(ScheduledThreadPoolExecutor.java:809)&#10;        at java.util.concurrent.ThreadPoolExecutor.getTask(ThreadPoolExecutor.java:1074)&#10;        at java.util.concurrent.ThreadPoolExecutor.runWorker(ThreadPoolExecutor.java:1134)&#10;        at java.util.concurrent.ThreadPoolExecutor$Worker.run(ThreadPoolExecutor.java:624)&#10;        at java.lang.Thread.run(Thread.java:748)&#10;&quot;IPC Server handler 10 on 43737&quot; daemon prio=5 tid=1882 timed_waiting&#10;java.lang.Thread.State: TIMED_WAITING&#10;        at sun.misc.Unsafe.park(Native Method)&#10;        at java.util.concurrent.locks.LockSupport.parkNanos(LockSupport.java:215)&#10;        at java.util.concurrent.locks.AbstractQueuedSynchronizer$ConditionObject.awaitNanos(AbstractQueuedSynchronizer.java:2078)&#10;        at java.util.concurrent.LinkedBlockingQueue.poll(LinkedBlockingQueue.java:467)&#10;        at org.apache.hadoop.ipc.CallQueueManager.take(CallQueueManager.java:288)&#10;        at org.apache.hadoop.ipc.Server$Handler.run(Server.java:2668)&#10;&quot;pool-238-thread-51&quot;  prio=5 tid=2848 in Object.wait()&#10;java.lang.Thread.State: WAITING (on object monitor)&#10;        at sun.misc.Unsafe.park(Native Method)&#10;        at java.util.concurrent.locks.LockSupport.park(LockSupport.java:175)&#10;        at java.util.concurrent.locks.AbstractQueuedSynchronizer$ConditionObject.await(AbstractQueuedSynchronizer.java:2039)&#10;        at java.util.concurrent.ArrayBlockingQueue.take(ArrayBlockingQueue.java:403)&#10;        at java.util.concurrent.ThreadPoolExecutor.getTask(ThreadPoolExecutor.java:1074)&#10;        at java.util.concurrent.ThreadPoolExecutor.runWorker(ThreadPoolExecutor.java:1134)&#10;        at java.util.concurrent.ThreadPoolExecutor$Worker.run(ThreadPoolExecutor.java:624)&#10;        at java.lang.Thread.run(Thread.java:748)&#10;&quot;qtp955153053-2196&quot; daemon prio=5 tid=2196 timed_waiting&#10;java.lang.Thread.State: TIMED_WAITING&#10;        at sun.misc.Unsafe.park(Native Method)&#10;        at java.util.concurrent.locks.LockSupport.parkNanos(LockSupport.java:215)&#10;        at java.util.concurrent.locks.AbstractQueuedSynchronizer$ConditionObject.awaitNanos(AbstractQueuedSynchronizer.java:2078)&#10;        at org.eclipse.jetty.util.BlockingArrayQueue.poll(BlockingArrayQueue.java:392)&#10;        at org.eclipse.jetty.util.thread.QueuedThreadPool.idleJobPoll(QueuedThreadPool.java:563)&#10;        at org.eclipse.jetty.util.thread.QueuedThreadPool.access$800(QueuedThreadPool.java:48)&#10;        at org.eclipse.jetty.util.thread.QueuedThreadPool$2.run(QueuedThreadPool.java:626)&#10;        at java.lang.Thread.run(Thread.java:748)&#10;&quot;pool-238-thread-48&quot;  prio=5 tid=2845 in Object.wait()&#10;java.lang.Thread.State: WAITING (on object monitor)&#10;        at sun.misc.Unsafe.park(Native Method)&#10;        at java.util.concurrent.locks.LockSupport.park(LockSupport.java:175)&#10;        at java.util.concurrent.locks.AbstractQueuedSynchronizer$ConditionObject.await(AbstractQueuedSynchronizer.java:2039)&#10;        at java.util.concurrent.ArrayBlockingQueue.take(ArrayBlockingQueue.java:403)&#10;        at java.util.concurrent.ThreadPoolExecutor.getTask(ThreadPoolExecutor.java:1074)&#10;        at java.util.concurrent.ThreadPoolExecutor.runWorker(ThreadPoolExecutor.java:1134)&#10;        at java.util.concurrent.ThreadPoolExecutor$Worker.run(ThreadPoolExecutor.java:624)&#10;        at java.lang.Thread.run(Thread.java:748)&#10;&quot;pool-158-thread-17&quot;  prio=5 tid=2318 in Object.wait()&#10;java.lang.Thread.State: WAITING (on object monitor)&#10;        at sun.misc.Unsafe.park(Native Method)&#10;        at java.util.concurrent.locks.LockSupport.park(LockSupport.java:175)&#10;        at java.util.concurrent.locks.AbstractQueuedSynchronizer$ConditionObject.await(AbstractQueuedSynchronizer.java:2039)&#10;        at java.util.concurrent.ArrayBlockingQueue.take(ArrayBlockingQueue.java:403)&#10;        at java.util.concurrent.ThreadPoolExecutor.getTask(ThreadPoolExecutor.java:1074)&#10;        at java.util.concurrent.ThreadPoolExecutor.runWorker(ThreadPoolExecutor.java:1134)&#10;        at java.util.concurrent.ThreadPoolExecutor$Worker.run(ThreadPoolExecutor.java:624)&#10;        at java.lang.Thread.run(Thread.java:748)&#10;&quot;grpc-shared-destroyer-0&quot; daemon prio=5 tid=1835 in Object.wait()&#10;java.lang.Thread.State: WAITING (on object monitor)&#10;        at sun.misc.Unsafe.park(Native Method)&#10;        at java.util.concurrent.locks.LockSupport.park(LockSupport.java:175)&#10;        at java.util.concurrent.locks.AbstractQueuedSynchronizer$ConditionObject.await(AbstractQueuedSynchronizer.java:2039)&#10;        at java.util.concurrent.ScheduledThreadPoolExecutor$DelayedWorkQueue.take(ScheduledThreadPoolExecutor.java:1081)&#10;        at java.util.concurrent.ScheduledThreadPoolExecutor$DelayedWorkQueue.take(ScheduledThreadPoolExecutor.java:809)&#10;        at java.util.concurrent.ThreadPoolExecutor.getTask(ThreadPoolExecutor.java:1074)&#10;        at java.util.concurrent.ThreadPoolExecutor.runWorker(ThreadPoolExecutor.java:1134)&#10;        at java.util.concurrent.ThreadPoolExecutor$Worker.run(ThreadPoolExecutor.java:624)&#10;        at java.lang.Thread.run(Thread.java:748)&#10;&quot;Datanode ReportManager Thread - 3&quot; daemon prio=5 tid=417 in Object.wait()&#10;java.lang.Thread.State: WAITING (on object monitor)&#10;        at sun.misc.Unsafe.park(Native Method)&#10;        at java.util.concurrent.locks.LockSupport.park(LockSupport.java:175)&#10;        at java.util.concurrent.locks.AbstractQueuedSynchronizer$ConditionObject.await(AbstractQueuedSynchronizer.java:2039)&#10;        at java.util.concurrent.ScheduledThreadPoolExecutor$DelayedWorkQueue.take(ScheduledThreadPoolExecutor.java:1088)&#10;        at java.util.concurrent.ScheduledThreadPoolExecutor$DelayedWorkQueue.take(ScheduledThreadPoolExecutor.java:809)&#10;        at java.util.concurrent.ThreadPoolExecutor.getTask(ThreadPoolExecutor.java:1074)&#10;        at java.util.concurrent.ThreadPoolExecutor.runWorker(ThreadPoolExecutor.java:1134)&#10;        at java.util.concurrent.ThreadPoolExecutor$Worker.run(ThreadPoolExecutor.java:624)&#10;        at java.lang.Thread.run(Thread.java:748)&#10;&quot;Datanode ReportManager Thread - 2&quot; daemon prio=5 tid=227 in Object.wait()&#10;java.lang.Thread.State: WAITING (on object monitor)&#10;        at sun.misc.Unsafe.park(Native Method)&#10;        at java.util.concurrent.locks.LockSupport.park(LockSupport.java:175)&#10;        at java.util.concurrent.locks.AbstractQueuedSynchronizer$ConditionObject.await(AbstractQueuedSynchronizer.java:2039)&#10;        at java.util.concurrent.ScheduledThreadPoolExecutor$DelayedWorkQueue.take(ScheduledThreadPoolExecutor.java:1088)&#10;        at java.util.concurrent.ScheduledThreadPoolExecutor$DelayedWorkQueue.take(ScheduledThreadPoolExecutor.java:809)&#10;        at java.util.concurrent.ThreadPoolExecutor.getTask(ThreadPoolExecutor.java:1074)&#10;        at java.util.concurrent.ThreadPoolExecutor.runWorker(ThreadPoolExecutor.java:1134)&#10;        at java.util.concurrent.ThreadPoolExecutor$Worker.run(ThreadPoolExecutor.java:624)&#10;        at java.lang.Thread.run(Thread.java:748)&#10;&quot;IPC Server handler 7 on 43737&quot; daemon prio=5 tid=1879 timed_waiting&#10;java.lang.Thread.State: TIMED_WAITING&#10;        at sun.misc.Unsafe.park(Native Method)&#10;        at java.util.concurrent.locks.LockSupport.parkNanos(LockSupport.java:215)&#10;        at java.util.concurrent.locks.AbstractQueuedSynchronizer$ConditionObject.awaitNanos(AbstractQueuedSynchronizer.java:2078)&#10;        at java.util.concurrent.LinkedBlockingQueue.poll(LinkedBlockingQueue.java:467)&#10;        at org.apache.hadoop.ipc.CallQueueManager.take(CallQueueManager.java:288)&#10;        at org.apache.hadoop.ipc.Server$Handler.run(Server.java:2668)&#10;&quot;Datanode State Machine Thread - 0&quot; daemon prio=5 tid=2210 timed_waiting&#10;java.lang.Thread.State: TIMED_WAITING&#10;        at sun.misc.Unsafe.park(Native Method)&#10;        at java.util.concurrent.locks.LockSupport.parkNanos(LockSupport.java:215)&#10;        at java.util.concurrent.SynchronousQueue$TransferStack.awaitFulfill(SynchronousQueue.java:460)&#10;        at java.util.concurrent.SynchronousQueue$TransferStack.transfer(SynchronousQueue.java:362)&#10;        at java.util.concurrent.SynchronousQueue.poll(SynchronousQueue.java:941)&#10;        at java.util.concurrent.ThreadPoolExecutor.getTask(ThreadPoolExecutor.java:1073)&#10;        at java.util.concurrent.ThreadPoolExecutor.runWorker(ThreadPoolExecutor.java:1134)&#10;        at java.util.concurrent.ThreadPoolExecutor$Worker.run(ThreadPoolExecutor.java:624)&#10;        at java.lang.Thread.run(Thread.java:748)&#10;&quot;pool-178-thread-2&quot;  prio=5 tid=2427 in Object.wait()&#10;java.lang.Thread.State: WAITING (on object monitor)&#10;        at sun.misc.Unsafe.park(Native Method)&#10;        at java.util.concurrent.locks.LockSupport.park(LockSupport.java:175)&#10;        at java.util.concurrent.locks.AbstractQueuedSynchronizer$ConditionObject.await(AbstractQueuedSynchronizer.java:2039)&#10;        at java.util.concurrent.ArrayBlockingQueue.take(ArrayBlockingQueue.java:403)&#10;        at java.util.concurrent.ThreadPoolExecutor.getTask(ThreadPoolExecutor.java:1074)&#10;        at java.util.concurrent.ThreadPoolExecutor.runWorker(ThreadPoolExecutor.java:1134)&#10;        at java.util.concurrent.ThreadPoolExecutor$Worker.run(ThreadPoolExecutor.java:624)&#10;        at java.lang.Thread.run(Thread.java:748)&#10;&quot;pool-218-thread-46&quot;  prio=5 tid=2719 in Object.wait()&#10;java.lang.Thread.State: WAITING (on object monitor)&#10;        at sun.misc.Unsafe.park(Native Method)&#10;        at java.util.concurrent.locks.LockSupport.park(LockSupport.java:175)&#10;        at java.util.concurrent.locks.AbstractQueuedSynchronizer$ConditionObject.await(AbstractQueuedSynchronizer.java:2039)&#10;        at java.util.concurrent.ArrayBlockingQueue.take(ArrayBlockingQueue.java:403)&#10;        at java.util.concurrent.ThreadPoolExecutor.getTask(ThreadPoolExecutor.java:1074)&#10;        at java.util.concurrent.ThreadPoolExecutor.runWorker(ThreadPoolExecutor.java:1134)&#10;        at java.util.concurrent.ThreadPoolExecutor$Worker.run(ThreadPoolExecutor.java:624)&#10;        at java.lang.Thread.run(Thread.java:748)&#10;&quot;pool-218-thread-37&quot;  prio=5 tid=2710 in Object.wait()&#10;java.lang.Thread.State: WAITING (on object monitor)&#10;        at sun.misc.Unsafe.park(Native Method)&#10;        at java.util.concurrent.locks.LockSupport.park(LockSupport.java:175)&#10;        at java.util.concurrent.locks.AbstractQueuedSynchronizer$ConditionObject.await(AbstractQueuedSynchronizer.java:2039)&#10;        at java.util.concurrent.ArrayBlockingQueue.take(ArrayBlockingQueue.java:403)&#10;        at java.util.concurrent.ThreadPoolExecutor.getTask(ThreadPoolExecutor.java:1074)&#10;        at java.util.concurrent.ThreadPoolExecutor.runWorker(ThreadPoolExecutor.java:1134)&#10;        at java.util.concurrent.ThreadPoolExecutor$Worker.run(ThreadPoolExecutor.java:624)&#10;        at java.lang.Thread.run(Thread.java:748)&#10;&quot;pool-208-thread-42&quot;  prio=5 tid=2653 in Object.wait()&#10;java.lang.Thread.State: WAITING (on object monitor)&#10;        at sun.misc.Unsafe.park(Native Method)&#10;        at java.util.concurrent.locks.LockSupport.park(LockSupport.java:175)&#10;        at java.util.concurrent.locks.AbstractQueuedSynchronizer$ConditionObject.await(AbstractQueuedSynchronizer.java:2039)&#10;        at java.util.concurrent.ArrayBlockingQueue.take(ArrayBlockingQueue.java:403)&#10;        at java.util.concurrent.ThreadPoolExecutor.getTask(ThreadPoolExecutor.java:1074)&#10;        at java.util.concurrent.ThreadPoolExecutor.runWorker(ThreadPoolExecutor.java:1134)&#10;        at java.util.concurrent.ThreadPoolExecutor$Worker.run(ThreadPoolExecutor.java:624)&#10;        at java.lang.Thread.run(Thread.java:748)&#10;&quot;pool-158-thread-57&quot;  prio=5 tid=2358 in Object.wait()&#10;java.lang.Thread.State: WAITING (on object monitor)&#10;        at sun.misc.Unsafe.park(Native Method)&#10;        at java.util.concurrent.locks.LockSupport.park(LockSupport.java:175)&#10;        at java.util.concurrent.locks.AbstractQueuedSynchronizer$ConditionObject.await(AbstractQueuedSynchronizer.java:2039)&#10;        at java.util.concurrent.ArrayBlockingQueue.take(ArrayBlockingQueue.java:403)&#10;        at java.util.concurrent.ThreadPoolExecutor.getTask(ThreadPoolExecutor.java:1074)&#10;        at java.util.concurrent.ThreadPoolExecutor.runWorker(ThreadPoolExecutor.java:1134)&#10;        at java.util.concurrent.ThreadPoolExecutor$Worker.run(ThreadPoolExecutor.java:624)&#10;        at java.lang.Thread.run(Thread.java:748)&#10;&quot;qtp1768471788-2034&quot; daemon prio=5 tid=2034 timed_waiting&#10;java.lang.Thread.State: TIMED_WAITING&#10;        at sun.misc.Unsafe.park(Native Method)&#10;        at java.util.concurrent.locks.LockSupport.parkNanos(LockSupport.java:215)&#10;        at java.util.concurrent.locks.AbstractQueuedSynchronizer$ConditionObject.awaitNanos(AbstractQueuedSynchronizer.java:2078)&#10;        at org.eclipse.jetty.util.BlockingArrayQueue.poll(BlockingArrayQueue.java:392)&#10;        at org.eclipse.jetty.util.thread.QueuedThreadPool.idleJobPoll(QueuedThreadPool.java:563)&#10;        at org.eclipse.jetty.util.thread.QueuedThreadPool.access$800(QueuedThreadPool.java:48)&#10;        at org.eclipse.jetty.util.thread.QueuedThreadPool$2.run(QueuedThreadPool.java:626)&#10;        at java.lang.Thread.run(Thread.java:748)&#10;&quot;Reference Handler&quot; daemon prio=10 tid=2 in Object.wait()&#10;java.lang.Thread.State: WAITING (on object monitor)&#10;        at java.lang.Object.wait(Native Method)&#10;        at java.lang.Object.wait(Object.java:502)&#10;        at java.lang.ref.Reference.tryHandlePending(Reference.java:191)&#10;        at java.lang.ref.Reference$ReferenceHandler.run(Reference.java:153)&#10;&quot;pool-228-thread-43&quot;  prio=5 tid=2778 in Object.wait()&#10;java.lang.Thread.State: WAITING (on object monitor)&#10;        at sun.misc.Unsafe.park(Native Method)&#10;        at java.util.concurrent.locks.LockSupport.park(LockSupport.java:175)&#10;        at java.util.concurrent.locks.AbstractQueuedSynchronizer$ConditionObject.await(AbstractQueuedSynchronizer.java:2039)&#10;        at java.util.concurrent.ArrayBlockingQueue.take(ArrayBlockingQueue.java:403)&#10;        at java.util.concurrent.ThreadPoolExecutor.getTask(ThreadPoolExecutor.java:1074)&#10;        at java.util.concurrent.ThreadPoolExecutor.runWorker(ThreadPoolExecutor.java:1134)&#10;        at java.util.concurrent.ThreadPoolExecutor$Worker.run(ThreadPoolExecutor.java:624)&#10;        at java.lang.Thread.run(Thread.java:748)&#10;&quot;org.apache.ratis.server.impl.LogAppender$AppenderDaemon$$Lambda$463/184788748@1d5a7639&quot; daemon prio=5 tid=3220 timed_waiting&#10;java.lang.Thread.State: TIMED_WAITING&#10;        at java.lang.Object.wait(Native Method)&#10;        at org.apache.ratis.grpc.server.GrpcLogAppender.mayWait(GrpcLogAppender.java:149)&#10;        at org.apache.ratis.grpc.server.GrpcLogAppender.runAppenderImpl(GrpcLogAppender.java:103)&#10;        at org.apache.ratis.server.impl.LogAppender$AppenderDaemon.run(LogAppender.java:76)&#10;        at org.apache.ratis.server.impl.LogAppender$AppenderDaemon$$Lambda$463/184788748.run(Unknown Source)&#10;        at java.lang.Thread.run(Thread.java:748)&#10;&quot;pool-178-thread-17&quot;  prio=5 tid=2442 in Object.wait()&#10;java.lang.Thread.State: WAITING (on object monitor)&#10;        at sun.misc.Unsafe.park(Native Method)&#10;        at java.util.concurrent.locks.LockSupport.park(LockSupport.java:175)&#10;        at java.util.concurrent.locks.AbstractQueuedSynchronizer$ConditionObject.await(AbstractQueuedSynchronizer.java:2039)&#10;        at java.util.concurrent.ArrayBlockingQueue.take(ArrayBlockingQueue.java:403)&#10;        at java.util.concurrent.ThreadPoolExecutor.getTask(ThreadPoolExecutor.java:1074)&#10;        at java.util.concurrent.ThreadPoolExecutor.runWorker(ThreadPoolExecutor.java:1134)&#10;        at java.util.concurrent.ThreadPoolExecutor$Worker.run(ThreadPoolExecutor.java:624)&#10;        at java.lang.Thread.run(Thread.java:748)&#10;&quot;qtp1404150776-1976-acceptor-0@3be1e74c-ServerConnector@7ec95456{HTTP/1.1,[http/1.1]}{0.0.0.0:43467}&quot; daemon prio=3 tid=1976 runnable&#10;java.lang.Thread.State: RUNNABLE&#10;        at sun.nio.ch.ServerSocketChannelImpl.accept0(Native Method)&#10;        at sun.nio.ch.ServerSocketChannelImpl.accept(ServerSocketChannelImpl.java:422)&#10;        at sun.nio.ch.ServerSocketChannelImpl.accept(ServerSocketChannelImpl.java:250)&#10;        at org.eclipse.jetty.server.ServerConnector.accept(ServerConnector.java:397)&#10;        at org.eclipse.jetty.server.AbstractConnector$Acceptor.run(AbstractConnector.java:601)&#10;        at org.eclipse.jetty.util.thread.QueuedThreadPool.runJob(QueuedThreadPool.java:671)&#10;        at org.eclipse.jetty.util.thread.QueuedThreadPool$2.run(QueuedThreadPool.java:589)&#10;        at java.lang.Thread.run(Thread.java:748)&#10;&quot;pool-208-thread-8&quot;  prio=5 tid=2619 in Object.wait()&#10;java.lang.Thread.State: WAITING (on object monitor)&#10;        at sun.misc.Unsafe.park(Native Method)&#10;        at java.util.concurrent.locks.LockSupport.park(LockSupport.java:175)&#10;        at java.util.concurrent.locks.AbstractQueuedSynchronizer$ConditionObject.await(AbstractQueuedSynchronizer.java:2039)&#10;        at java.util.concurrent.ArrayBlockingQueue.take(ArrayBlockingQueue.java:403)&#10;        at java.util.concurrent.ThreadPoolExecutor.getTask(ThreadPoolExecutor.java:1074)&#10;        at java.util.concurrent.ThreadPoolExecutor.runWorker(ThreadPoolExecutor.java:1134)&#10;        at java.util.concurrent.ThreadPoolExecutor$Worker.run(ThreadPoolExecutor.java:624)&#10;        at java.lang.Thread.run(Thread.java:748)&#10;&quot;pool-228-thread-11&quot;  prio=5 tid=2746 in Object.wait()&#10;java.lang.Thread.State: WAITING (on object monitor)&#10;        at sun.misc.Unsafe.park(Native Method)&#10;        at java.util.concurrent.locks.LockSupport.park(LockSupport.java:175)&#10;        at java.util.concurrent.locks.AbstractQueuedSynchronizer$ConditionObject.await(AbstractQueuedSynchronizer.java:2039)&#10;        at java.util.concurrent.ArrayBlockingQueue.take(ArrayBlockingQueue.java:403)&#10;        at java.util.concurrent.ThreadPoolExecutor.getTask(ThreadPoolExecutor.java:1074)&#10;        at java.util.concurrent.ThreadPoolExecutor.runWorker(ThreadPoolExecutor.java:1134)&#10;        at java.util.concurrent.ThreadPoolExecutor$Worker.run(ThreadPoolExecutor.java:624)&#10;        at java.lang.Thread.run(Thread.java:748)&#10;&quot;pool-198-thread-26&quot;  prio=5 tid=2575 in Object.wait()&#10;java.lang.Thread.State: WAITING (on object monitor)&#10;        at sun.misc.Unsafe.park(Native Method)&#10;        at java.util.concurrent.locks.LockSupport.park(LockSupport.java:175)&#10;        at java.util.concurrent.locks.AbstractQueuedSynchronizer$ConditionObject.await(AbstractQueuedSynchronizer.java:2039)&#10;        at java.util.concurrent.ArrayBlockingQueue.take(ArrayBlockingQueue.java:403)&#10;        at java.util.concurrent.ThreadPoolExecutor.getTask(ThreadPoolExecutor.java:1074)&#10;        at java.util.concurrent.ThreadPoolExecutor.runWorker(ThreadPoolExecutor.java:1134)&#10;        at java.util.concurrent.ThreadPoolExecutor$Worker.run(ThreadPoolExecutor.java:624)&#10;        at java.lang.Thread.run(Thread.java:748)&#10;&quot;IPC Server listener on 45554&quot; daemon prio=5 tid=1928 runnable&#10;java.lang.Thread.State: RUNNABLE&#10;        at sun.nio.ch.EPollArrayWrapper.epollWait(Native Method)&#10;        at sun.nio.ch.EPollArrayWrapper.poll(EPollArrayWrapper.java:269)&#10;        at sun.nio.ch.EPollSelectorImpl.doSelect(EPollSelectorImpl.java:93)&#10;        at sun.nio.ch.SelectorImpl.lockAndDoSelect(SelectorImpl.java:86)&#10;        at sun.nio.ch.SelectorImpl.select(SelectorImpl.java:97)&#10;        at sun.nio.ch.SelectorImpl.select(SelectorImpl.java:101)&#10;        at org.apache.hadoop.ipc.Server$Listener.run(Server.java:1159)&#10;&quot;Socket Reader #1 for port 42444&quot;  prio=5 tid=1838 runnable&#10;java.lang.Thread.State: RUNNABLE&#10;        at sun.nio.ch.EPollArrayWrapper.epollWait(Native Method)&#10;        at sun.nio.ch.EPollArrayWrapper.poll(EPollArrayWrapper.java:269)&#10;        at sun.nio.ch.EPollSelectorImpl.doSelect(EPollSelectorImpl.java:93)&#10;        at sun.nio.ch.SelectorImpl.lockAndDoSelect(SelectorImpl.java:86)&#10;        at sun.nio.ch.SelectorImpl.select(SelectorImpl.java:97)&#10;        at sun.nio.ch.SelectorImpl.select(SelectorImpl.java:101)&#10;        at org.apache.hadoop.ipc.Server$Listener$Reader.doRunLoop(Server.java:1097)&#10;        at org.apache.hadoop.ipc.Server$Listener$Reader.run(Server.java:1076)&#10;&quot;Timer-2&quot;  prio=5 tid=1932 timed_waiting&#10;java.lang.Thread.State: TIMED_WAITING&#10;        at java.lang.Object.wait(Native Method)&#10;        at java.util.TimerThread.mainLoop(Timer.java:552)&#10;        at java.util.TimerThread.run(Timer.java:505)&#10;&quot;pool-218-thread-12&quot;  prio=5 tid=2685 in Object.wait()&#10;java.lang.Thread.State: WAITING (on object monitor)&#10;        at sun.misc.Unsafe.park(Native Method)&#10;        at java.util.concurrent.locks.LockSupport.park(LockSupport.java:175)&#10;        at java.util.concurrent.locks.AbstractQueuedSynchronizer$ConditionObject.await(AbstractQueuedSynchronizer.java:2039)&#10;        at java.util.concurrent.ArrayBlockingQueue.take(ArrayBlockingQueue.java:403)&#10;        at java.util.concurrent.ThreadPoolExecutor.getTask(ThreadPoolExecutor.java:1074)&#10;        at java.util.concurrent.ThreadPoolExecutor.runWorker(ThreadPoolExecutor.java:1134)&#10;        at java.util.concurrent.ThreadPoolExecutor$Worker.run(ThreadPoolExecutor.java:624)&#10;        at java.lang.Thread.run(Thread.java:748)&#10;&quot;pool-188-thread-31&quot;  prio=5 tid=2518 in Object.wait()&#10;java.lang.Thread.State: WAITING (on object monitor)&#10;        at sun.misc.Unsafe.park(Native Method)&#10;        at java.util.concurrent.locks.LockSupport.park(LockSupport.java:175)&#10;        at java.util.concurrent.locks.AbstractQueuedSynchronizer$ConditionObject.await(AbstractQueuedSynchronizer.java:2039)&#10;        at java.util.concurrent.ArrayBlockingQueue.take(ArrayBlockingQueue.java:403)&#10;        at java.util.concurrent.ThreadPoolExecutor.getTask(ThreadPoolExecutor.java:1074)&#10;        at java.util.concurrent.ThreadPoolExecutor.runWorker(ThreadPoolExecutor.java:1134)&#10;        at java.util.concurrent.ThreadPoolExecutor$Worker.run(ThreadPoolExecutor.java:624)&#10;        at java.lang.Thread.run(Thread.java:748)&#10;&quot;pool-158-thread-10&quot;  prio=5 tid=2311 in Object.wait()&#10;java.lang.Thread.State: WAITING (on object monitor)&#10;        at sun.misc.Unsafe.park(Native Method)&#10;        at java.util.concurrent.locks.LockSupport.park(LockSupport.java:175)&#10;        at java.util.concurrent.locks.AbstractQueuedSynchronizer$ConditionObject.await(AbstractQueuedSynchronizer.java:2039)&#10;        at java.util.concurrent.ArrayBlockingQueue.take(ArrayBlockingQueue.java:403)&#10;        at java.util.concurrent.ThreadPoolExecutor.getTask(ThreadPoolExecutor.java:1074)&#10;        at java.util.concurrent.ThreadPoolExecutor.runWorker(ThreadPoolExecutor.java:1134)&#10;        at java.util.concurrent.ThreadPoolExecutor$Worker.run(ThreadPoolExecutor.java:624)&#10;        at java.lang.Thread.run(Thread.java:748)&#10;&quot;pool-178-thread-3&quot;  prio=5 tid=2428 in Object.wait()&#10;java.lang.Thread.State: WAITING (on object monitor)&#10;        at sun.misc.Unsafe.park(Native Method)&#10;        at java.util.concurrent.locks.LockSupport.park(LockSupport.java:175)&#10;        at java.util.concurrent.locks.AbstractQueuedSynchronizer$ConditionObject.await(AbstractQueuedSynchronizer.java:2039)&#10;        at java.util.concurrent.ArrayBlockingQueue.take(ArrayBlockingQueue.java:403)&#10;        at java.util.concurrent.ThreadPoolExecutor.getTask(ThreadPoolExecutor.java:1074)&#10;        at java.util.concurrent.ThreadPoolExecutor.runWorker(ThreadPoolExecutor.java:1134)&#10;        at java.util.concurrent.ThreadPoolExecutor$Worker.run(ThreadPoolExecutor.java:624)&#10;        at java.lang.Thread.run(Thread.java:748)&#10;&quot;qtp229318537-2115&quot; daemon prio=5 tid=2115 timed_waiting&#10;java.lang.Thread.State: TIMED_WAITING&#10;        at sun.misc.Unsafe.park(Native Method)&#10;        at java.util.concurrent.locks.LockSupport.parkNanos(LockSupport.java:215)&#10;        at java.util.concurrent.locks.AbstractQueuedSynchronizer$ConditionObject.awaitNanos(AbstractQueuedSynchronizer.java:2078)&#10;        at org.eclipse.jetty.util.BlockingArrayQueue.poll(BlockingArrayQueue.java:392)&#10;        at org.eclipse.jetty.util.thread.QueuedThreadPool.idleJobPoll(QueuedThreadPool.java:563)&#10;        at org.eclipse.jetty.util.thread.QueuedThreadPool.access$800(QueuedThreadPool.java:48)&#10;        at org.eclipse.jetty.util.thread.QueuedThreadPool$2.run(QueuedThreadPool.java:626)&#10;        at java.lang.Thread.run(Thread.java:748)&#10;&quot;qtp95553286-1959&quot; daemon prio=5 tid=1959 timed_waiting&#10;java.lang.Thread.State: TIMED_WAITING&#10;        at sun.misc.Unsafe.park(Native Method)&#10;        at java.util.concurrent.locks.LockSupport.parkNanos(LockSupport.java:215)&#10;        at java.util.concurrent.locks.AbstractQueuedSynchronizer$ConditionObject.awaitNanos(AbstractQueuedSynchronizer.java:2078)&#10;        at org.eclipse.jetty.util.BlockingArrayQueue.poll(BlockingArrayQueue.java:392)&#10;        at org.eclipse.jetty.util.thread.QueuedThreadPool.idleJobPoll(QueuedThreadPool.java:563)&#10;        at org.eclipse.jetty.util.thread.QueuedThreadPool.access$800(QueuedThreadPool.java:48)&#10;        at org.eclipse.jetty.util.thread.QueuedThreadPool$2.run(QueuedThreadPool.java:626)&#10;        at java.lang.Thread.run(Thread.java:748)&#10;&quot;qtp1768471788-2037&quot; daemon prio=5 tid=2037 timed_waiting&#10;java.lang.Thread.State: TIMED_WAITING&#10;        at sun.misc.Unsafe.park(Native Method)&#10;        at java.util.concurrent.locks.LockSupport.parkNanos(LockSupport.java:215)&#10;        at java.util.concurrent.locks.AbstractQueuedSynchronizer$ConditionObject.awaitNanos(AbstractQueuedSynchronizer.java:2078)&#10;        at org.eclipse.jetty.util.BlockingArrayQueue.poll(BlockingArrayQueue.java:392)&#10;        at org.eclipse.jetty.util.thread.QueuedThreadPool.idleJobPoll(QueuedThreadPool.java:563)&#10;        at org.eclipse.jetty.util.thread.QueuedThreadPool.access$800(QueuedThreadPool.java:48)&#10;        at org.eclipse.jetty.util.thread.QueuedThreadPool$2.run(QueuedThreadPool.java:626)&#10;        at java.lang.Thread.run(Thread.java:748)&#10;&quot;86084ec4-dae7-4808-81c8-289a21d6f4dc@group-B20D901B3385-SegmentedRaftLogWorker&quot;  prio=5 tid=2881 timed_waiting&#10;java.lang.Thread.State: TIMED_WAITING&#10;        at sun.misc.Unsafe.park(Native Method)&#10;        at java.util.concurrent.locks.LockSupport.parkNanos(LockSupport.java:215)&#10;        at java.util.concurrent.locks.AbstractQueuedSynchronizer$ConditionObject.awaitNanos(AbstractQueuedSynchronizer.java:2078)&#10;        at org.apache.ratis.util.DataBlockingQueue.poll(DataBlockingQueue.java:137)&#10;        at org.apache.ratis.server.raftlog.segmented.SegmentedRaftLogWorker.run(SegmentedRaftLogWorker.java:282)&#10;        at java.lang.Thread.run(Thread.java:748)&#10;&quot;BlockDeletingService#0&quot; daemon prio=5 tid=2424 timed_waiting&#10;java.lang.Thread.State: TIMED_WAITING&#10;        at sun.misc.Unsafe.park(Native Method)&#10;        at java.util.concurrent.locks.LockSupport.parkNanos(LockSupport.java:215)&#10;        at java.util.concurrent.locks.AbstractQueuedSynchronizer$ConditionObject.awaitNanos(AbstractQueuedSynchronizer.java:2078)&#10;        at java.util.concurrent.ScheduledThreadPoolExecutor$DelayedWorkQueue.take(ScheduledThreadPoolExecutor.java:1093)&#10;        at java.util.concurrent.ScheduledThreadPoolExecutor$DelayedWorkQueue.take(ScheduledThreadPoolExecutor.java:809)&#10;        at java.util.concurrent.ThreadPoolExecutor.getTask(ThreadPoolExecutor.java:1074)&#10;        at java.util.concurrent.ThreadPoolExecutor.runWorker(ThreadPoolExecutor.java:1134)&#10;        at java.util.concurrent.ThreadPoolExecutor$Worker.run(ThreadPoolExecutor.java:624)&#10;        at java.lang.Thread.run(Thread.java:748)&#10;&quot;pool-208-thread-47&quot;  prio=5 tid=2658 in Object.wait()&#10;java.lang.Thread.State: WAITING (on object monitor)&#10;        at sun.misc.Unsafe.park(Native Method)&#10;        at java.util.concurrent.locks.LockSupport.park(LockSupport.java:175)&#10;        at java.util.concurrent.locks.AbstractQueuedSynchronizer$ConditionObject.await(AbstractQueuedSynchronizer.java:2039)&#10;        at java.util.concurrent.ArrayBlockingQueue.take(ArrayBlockingQueue.java:403)&#10;        at java.util.concurrent.ThreadPoolExecutor.getTask(ThreadPoolExecutor.java:1074)&#10;        at java.util.concurrent.ThreadPoolExecutor.runWorker(ThreadPoolExecutor.java:1134)&#10;        at java.util.concurrent.ThreadPoolExecutor$Worker.run(ThreadPoolExecutor.java:624)&#10;        at java.lang.Thread.run(Thread.java:748)&#10;&quot;pool-178-thread-42&quot;  prio=5 tid=2467 in Object.wait()&#10;java.lang.Thread.State: WAITING (on object monitor)&#10;        at sun.misc.Unsafe.park(Native Method)&#10;        at java.util.concurrent.locks.LockSupport.park(LockSupport.java:175)&#10;        at java.util.concurrent.locks.AbstractQueuedSynchronizer$ConditionObject.await(AbstractQueuedSynchronizer.java:2039)&#10;        at java.util.concurrent.ArrayBlockingQueue.take(ArrayBlockingQueue.java:403)&#10;        at java.util.concurrent.ThreadPoolExecutor.getTask(ThreadPoolExecutor.java:1074)&#10;        at java.util.concurrent.ThreadPoolExecutor.runWorker(ThreadPoolExecutor.java:1134)&#10;        at java.util.concurrent.ThreadPoolExecutor$Worker.run(ThreadPoolExecutor.java:624)&#10;        at java.lang.Thread.run(Thread.java:748)&#10;&quot;pool-238-thread-18&quot;  prio=5 tid=2815 in Object.wait()&#10;java.lang.Thread.State: WAITING (on object monitor)&#10;        at sun.misc.Unsafe.park(Native Method)&#10;        at java.util.concurrent.locks.LockSupport.park(LockSupport.java:175)&#10;        at java.util.concurrent.locks.AbstractQueuedSynchronizer$ConditionObject.await(AbstractQueuedSynchronizer.java:2039)&#10;        at java.util.concurrent.ArrayBlockingQueue.take(ArrayBlockingQueue.java:403)&#10;        at java.util.concurrent.ThreadPoolExecutor.getTask(ThreadPoolExecutor.java:1074)&#10;        at java.util.concurrent.ThreadPoolExecutor.runWorker(ThreadPoolExecutor.java:1134)&#10;        at java.util.concurrent.ThreadPoolExecutor$Worker.run(ThreadPoolExecutor.java:624)&#10;        at java.lang.Thread.run(Thread.java:748)&#10;&quot;pool-168-thread-52&quot;  prio=5 tid=2415 in Object.wait()&#10;java.lang.Thread.State: WAITING (on object monitor)&#10;        at sun.misc.Unsafe.park(Native Method)&#10;        at java.util.concurrent.locks.LockSupport.park(LockSupport.java:175)&#10;        at java.util.concurrent.locks.AbstractQueuedSynchronizer$ConditionObject.await(AbstractQueuedSynchronizer.java:2039)&#10;        at java.util.concurrent.ArrayBlockingQueue.take(ArrayBlockingQueue.java:403)&#10;        at java.util.concurrent.ThreadPoolExecutor.getTask(ThreadPoolExecutor.java:1074)&#10;        at java.util.concurrent.ThreadPoolExecutor.runWorker(ThreadPoolExecutor.java:1134)&#10;        at java.util.concurrent.ThreadPoolExecutor$Worker.run(ThreadPoolExecutor.java:624)&#10;        at java.lang.Thread.run(Thread.java:748)&#10;&quot;IPC Server handler 10 on 45554&quot; daemon prio=5 tid=1945 timed_waiting&#10;java.lang.Thread.State: TIMED_WAITING&#10;        at sun.misc.Unsafe.park(Native Method)&#10;        at java.util.concurrent.locks.LockSupport.parkNanos(LockSupport.java:215)&#10;        at java.util.concurrent.locks.AbstractQueuedSynchronizer$ConditionObject.awaitNanos(AbstractQueuedSynchronizer.java:2078)&#10;        at java.util.concurrent.LinkedBlockingQueue.poll(LinkedBlockingQueue.java:467)&#10;        at org.apache.hadoop.ipc.CallQueueManager.take(CallQueueManager.java:288)&#10;        at org.apache.hadoop.ipc.Server$Handler.run(Server.java:2668)&#10;&quot;IPC Server handler 16 on 42444&quot; daemon prio=5 tid=1908 timed_waiting&#10;java.lang.Thread.State: TIMED_WAITING&#10;        at sun.misc.Unsafe.park(Native Method)&#10;        at java.util.concurrent.locks.LockSupport.parkNanos(LockSupport.java:215)&#10;        at java.util.concurrent.locks.AbstractQueuedSynchronizer$ConditionObject.awaitNanos(AbstractQueuedSynchronizer.java:2078)&#10;        at java.util.concurrent.LinkedBlockingQueue.poll(LinkedBlockingQueue.java:467)&#10;        at org.apache.hadoop.ipc.CallQueueManager.take(CallQueueManager.java:288)&#10;        at org.apache.hadoop.ipc.Server$Handler.run(Server.java:2668)&#10;&quot;pool-158-thread-51&quot;  prio=5 tid=2352 in Object.wait()&#10;java.lang.Thread.State: WAITING (on object monitor)&#10;        at sun.misc.Unsafe.park(Native Method)&#10;        at java.util.concurrent.locks.LockSupport.park(LockSupport.java:175)&#10;        at java.util.concurrent.locks.AbstractQueuedSynchronizer$ConditionObject.await(AbstractQueuedSynchronizer.java:2039)&#10;        at java.util.concurrent.ArrayBlockingQueue.take(ArrayBlockingQueue.java:403)&#10;        at java.util.concurrent.ThreadPoolExecutor.getTask(ThreadPoolExecutor.java:1074)&#10;        at java.util.concurrent.ThreadPoolExecutor.runWorker(ThreadPoolExecutor.java:1134)&#10;        at java.util.concurrent.ThreadPoolExecutor$Worker.run(ThreadPoolExecutor.java:624)&#10;        at java.lang.Thread.run(Thread.java:748)&#10;&quot;Datanode ReportManager Thread - 1&quot; daemon prio=5 tid=307 in Object.wait()&#10;java.lang.Thread.State: WAITING (on object monitor)&#10;        at sun.misc.Unsafe.park(Native Method)&#10;        at java.util.concurrent.locks.LockSupport.park(LockSupport.java:175)&#10;        at java.util.concurrent.locks.AbstractQueuedSynchronizer$ConditionObject.await(AbstractQueuedSynchronizer.java:2039)&#10;        at java.util.concurrent.ScheduledThreadPoolExecutor$DelayedWorkQueue.take(ScheduledThreadPoolExecutor.java:1088)&#10;        at java.util.concurrent.ScheduledThreadPoolExecutor$DelayedWorkQueue.take(ScheduledThreadPoolExecutor.java:809)&#10;        at java.util.concurrent.ThreadPoolExecutor.getTask(ThreadPoolExecutor.java:1074)&#10;        at java.util.concurrent.ThreadPoolExecutor.runWorker(ThreadPoolExecutor.java:1134)&#10;        at java.util.concurrent.ThreadPoolExecutor$Worker.run(ThreadPoolExecutor.java:624)&#10;        at java.lang.Thread.run(Thread.java:748)&#10;&quot;PartialTableCache Cleanup Thread - 0&quot; daemon prio=5 tid=3043 in Object.wait()&#10;java.lang.Thread.State: WAITING (on object monitor)&#10;        at sun.misc.Unsafe.park(Native Method)&#10;        at java.util.concurrent.locks.LockSupport.park(LockSupport.java:175)&#10;        at java.util.concurrent.locks.AbstractQueuedSynchronizer$ConditionObject.await(AbstractQueuedSynchronizer.java:2039)&#10;        at java.util.concurrent.LinkedBlockingQueue.take(LinkedBlockingQueue.java:442)&#10;        at java.util.concurrent.ThreadPoolExecutor.getTask(ThreadPoolExecutor.java:1074)&#10;        at java.util.concurrent.ThreadPoolExecutor.runWorker(ThreadPoolExecutor.java:1134)&#10;        at java.util.concurrent.ThreadPoolExecutor$Worker.run(ThreadPoolExecutor.java:624)&#10;        at java.lang.Thread.run(Thread.java:748)&#10;&quot;pool-188-thread-7&quot;  prio=5 tid=2494 in Object.wait()&#10;java.lang.Thread.State: WAITING (on object monitor)&#10;        at sun.misc.Unsafe.park(Native Method)&#10;        at java.util.concurrent.locks.LockSupport.park(LockSupport.java:175)&#10;        at java.util.concurrent.locks.AbstractQueuedSynchronizer$ConditionObject.await(AbstractQueuedSynchronizer.java:2039)&#10;        at java.util.concurrent.ArrayBlockingQueue.take(ArrayBlockingQueue.java:403)&#10;        at java.util.concurrent.ThreadPoolExecutor.getTask(ThreadPoolExecutor.java:1074)&#10;        at java.util.concurrent.ThreadPoolExecutor.runWorker(ThreadPoolExecutor.java:1134)&#10;        at java.util.concurrent.ThreadPoolExecutor$Worker.run(ThreadPoolExecutor.java:624)&#10;        at java.lang.Thread.run(Thread.java:748)&#10;&quot;org.eclipse.jetty.server.session.HashSessionManager@1860f3beTimer&quot; daemon prio=5 tid=2066 timed_waiting&#10;java.lang.Thread.State: TIMED_WAITING&#10;        at sun.misc.Unsafe.park(Native Method)&#10;        at java.util.concurrent.locks.LockSupport.parkNanos(LockSupport.java:215)&#10;        at java.util.concurrent.locks.AbstractQueuedSynchronizer$ConditionObject.awaitNanos(AbstractQueuedSynchronizer.java:2078)&#10;        at java.util.concurrent.ScheduledThreadPoolExecutor$DelayedWorkQueue.take(ScheduledThreadPoolExecutor.java:1093)&#10;        at java.util.concurrent.ScheduledThreadPoolExecutor$DelayedWorkQueue.take(ScheduledThreadPoolExecutor.java:809)&#10;        at java.util.concurrent.ThreadPoolExecutor.getTask(ThreadPoolExecutor.java:1074)&#10;        at java.util.concurrent.ThreadPoolExecutor.runWorker(ThreadPoolExecutor.java:1134)&#10;        at java.util.concurrent.ThreadPoolExecutor$Worker.run(ThreadPoolExecutor.java:624)&#10;        at java.lang.Thread.run(Thread.java:748)&#10;&quot;pool-168-thread-16&quot;  prio=5 tid=2379 in Object.wait()&#10;java.lang.Thread.State: WAITING (on object monitor)&#10;        at sun.misc.Unsafe.park(Native Method)&#10;        at java.util.concurrent.locks.LockSupport.park(LockSupport.java:175)&#10;        at java.util.concurrent.locks.AbstractQueuedSynchronizer$ConditionObject.await(AbstractQueuedSynchronizer.java:2039)&#10;        at java.util.concurrent.ArrayBlockingQueue.take(ArrayBlockingQueue.java:403)&#10;        at java.util.concurrent.ThreadPoolExecutor.getTask(ThreadPoolExecutor.java:1074)&#10;        at java.util.concurrent.ThreadPoolExecutor.runWorker(ThreadPoolExecutor.java:1134)&#10;        at java.util.concurrent.ThreadPoolExecutor$Worker.run(ThreadPoolExecutor.java:624)&#10;        at java.lang.Thread.run(Thread.java:748)&#10;&quot;Datanode ReportManager Thread - 1&quot; daemon prio=5 tid=2178 timed_waiting&#10;java.lang.Thread.State: TIMED_WAITING&#10;        at sun.misc.Unsafe.park(Native Method)&#10;        at java.util.concurrent.locks.LockSupport.parkNanos(LockSupport.java:215)&#10;        at java.util.concurrent.locks.AbstractQueuedSynchronizer$ConditionObject.awaitNanos(AbstractQueuedSynchronizer.java:2078)&#10;        at java.util.concurrent.ScheduledThreadPoolExecutor$DelayedWorkQueue.take(ScheduledThreadPoolExecutor.java:1093)&#10;        at java.util.concurrent.ScheduledThreadPoolExecutor$DelayedWorkQueue.take(ScheduledThreadPoolExecutor.java:809)&#10;        at java.util.concurrent.ThreadPoolExecutor.getTask(ThreadPoolExecutor.java:1074)&#10;        at java.util.concurrent.ThreadPoolExecutor.runWorker(ThreadPoolExecutor.java:1134)&#10;        at java.util.concurrent.ThreadPoolExecutor$Worker.run(ThreadPoolExecutor.java:624)&#10;        at java.lang.Thread.run(Thread.java:748)&#10;&quot;pool-188-thread-51&quot;  prio=5 tid=2538 in Object.wait()&#10;java.lang.Thread.State: WAITING (on object monitor)&#10;        at sun.misc.Unsafe.park(Native Method)&#10;        at java.util.concurrent.locks.LockSupport.park(LockSupport.java:175)&#10;        at java.util.concurrent.locks.AbstractQueuedSynchronizer$ConditionObject.await(AbstractQueuedSynchronizer.java:2039)&#10;        at java.util.concurrent.ArrayBlockingQueue.take(ArrayBlockingQueue.java:403)&#10;        at java.util.concurrent.ThreadPoolExecutor.getTask(ThreadPoolExecutor.java:1074)&#10;        at java.util.concurrent.ThreadPoolExecutor.runWorker(ThreadPoolExecutor.java:1134)&#10;        at java.util.concurrent.ThreadPoolExecutor$Worker.run(ThreadPoolExecutor.java:624)&#10;        at java.lang.Thread.run(Thread.java:748)&#10;&quot;pool-218-thread-1&quot;  prio=5 tid=2674 in Object.wait()&#10;java.lang.Thread.State: WAITING (on object monitor)&#10;        at sun.misc.Unsafe.park(Native Method)&#10;        at java.util.concurrent.locks.LockSupport.park(LockSupport.java:175)&#10;        at java.util.concurrent.locks.AbstractQueuedSynchronizer$ConditionObject.await(AbstractQueuedSynchronizer.java:2039)&#10;        at java.util.concurrent.ArrayBlockingQueue.take(ArrayBlockingQueue.java:403)&#10;        at java.util.concurrent.ThreadPoolExecutor.getTask(ThreadPoolExecutor.java:1074)&#10;        at java.util.concurrent.ThreadPoolExecutor.runWorker(ThreadPoolExecutor.java:1134)&#10;        at java.util.concurrent.ThreadPoolExecutor$Worker.run(ThreadPoolExecutor.java:624)&#10;        at java.lang.Thread.run(Thread.java:748)&#10;&quot;pool-228-thread-39&quot;  prio=5 tid=2774 in Object.wait()&#10;java.lang.Thread.State: WAITING (on object monitor)&#10;        at sun.misc.Unsafe.park(Native Method)&#10;        at java.util.concurrent.locks.LockSupport.park(LockSupport.java:175)&#10;        at java.util.concurrent.locks.AbstractQueuedSynchronizer$ConditionObject.await(AbstractQueuedSynchronizer.java:2039)&#10;        at java.util.concurrent.ArrayBlockingQueue.take(ArrayBlockingQueue.java:403)&#10;        at java.util.concurrent.ThreadPoolExecutor.getTask(ThreadPoolExecutor.java:1074)&#10;        at java.util.concurrent.ThreadPoolExecutor.runWorker(ThreadPoolExecutor.java:1134)&#10;        at java.util.concurrent.ThreadPoolExecutor$Worker.run(ThreadPoolExecutor.java:624)&#10;        at java.lang.Thread.run(Thread.java:748)&#10;&quot;pool-228-thread-17&quot;  prio=5 tid=2752 in Object.wait()&#10;java.lang.Thread.State: WAITING (on object monitor)&#10;        at sun.misc.Unsafe.park(Native Method)&#10;        at java.util.concurrent.locks.LockSupport.park(LockSupport.java:175)&#10;        at java.util.concurrent.locks.AbstractQueuedSynchronizer$ConditionObject.await(AbstractQueuedSynchronizer.java:2039)&#10;        at java.util.concurrent.ArrayBlockingQueue.take(ArrayBlockingQueue.java:403)&#10;        at java.util.concurrent.ThreadPoolExecutor.getTask(ThreadPoolExecutor.java:1074)&#10;        at java.util.concurrent.ThreadPoolExecutor.runWorker(ThreadPoolExecutor.java:1134)&#10;        at java.util.concurrent.ThreadPoolExecutor$Worker.run(ThreadPoolExecutor.java:624)&#10;        at java.lang.Thread.run(Thread.java:748)&#10;&quot;pool-218-thread-31&quot;  prio=5 tid=2704 in Object.wait()&#10;java.lang.Thread.State: WAITING (on object monitor)&#10;        at sun.misc.Unsafe.park(Native Method)&#10;        at java.util.concurrent.locks.LockSupport.park(LockSupport.java:175)&#10;        at java.util.concurrent.locks.AbstractQueuedSynchronizer$ConditionObject.await(AbstractQueuedSynchronizer.java:2039)&#10;        at java.util.concurrent.ArrayBlockingQueue.take(ArrayBlockingQueue.java:403)&#10;        at java.util.concurrent.ThreadPoolExecutor.getTask(ThreadPoolExecutor.java:1074)&#10;        at java.util.concurrent.ThreadPoolExecutor.runWorker(ThreadPoolExecutor.java:1134)&#10;        at java.util.concurrent.ThreadPoolExecutor$Worker.run(ThreadPoolExecutor.java:624)&#10;        at java.lang.Thread.run(Thread.java:748)&#10;&quot;org.eclipse.jetty.server.session.HashSessionManager@5d5a51b1Timer&quot; daemon prio=5 tid=2174 timed_waiting&#10;java.lang.Thread.State: TIMED_WAITING&#10;        at sun.misc.Unsafe.park(Native Method)&#10;        at java.util.concurrent.locks.LockSupport.parkNanos(LockSupport.java:215)&#10;        at java.util.concurrent.locks.AbstractQueuedSynchronizer$ConditionObject.awaitNanos(AbstractQueuedSynchronizer.java:2078)&#10;        at java.util.concurrent.ScheduledThreadPoolExecutor$DelayedWorkQueue.take(ScheduledThreadPoolExecutor.java:1093)&#10;        at java.util.concurrent.ScheduledThreadPoolExecutor$DelayedWorkQueue.take(ScheduledThreadPoolExecutor.java:809)&#10;        at java.util.concurrent.ThreadPoolExecutor.getTask(ThreadPoolExecutor.java:1074)&#10;        at java.util.concurrent.ThreadPoolExecutor.runWorker(ThreadPoolExecutor.java:1134)&#10;        at java.util.concurrent.ThreadPoolExecutor$Worker.run(ThreadPoolExecutor.java:624)&#10;        at java.lang.Thread.run(Thread.java:748)&#10;&quot;pool-218-thread-27&quot;  prio=5 tid=2700 in Object.wait()&#10;java.lang.Thread.State: WAITING (on object monitor)&#10;        at sun.misc.Unsafe.park(Native Method)&#10;        at java.util.concurrent.locks.LockSupport.park(LockSupport.java:175)&#10;        at java.util.concurrent.locks.AbstractQueuedSynchronizer$ConditionObject.await(AbstractQueuedSynchronizer.java:2039)&#10;        at java.util.concurrent.ArrayBlockingQueue.take(ArrayBlockingQueue.java:403)&#10;        at java.util.concurrent.ThreadPoolExecutor.getTask(ThreadPoolExecutor.java:1074)&#10;        at java.util.concurrent.ThreadPoolExecutor.runWorker(ThreadPoolExecutor.java:1134)&#10;        at java.util.concurrent.ThreadPoolExecutor$Worker.run(ThreadPoolExecutor.java:624)&#10;        at java.lang.Thread.run(Thread.java:748)&#10;&quot;org.eclipse.jetty.server.session.HashSessionManager@4eaa375cTimer&quot; daemon prio=5 tid=2038 timed_waiting&#10;java.lang.Thread.State: TIMED_WAITING&#10;        at sun.misc.Unsafe.park(Native Method)&#10;        at java.util.concurrent.locks.LockSupport.parkNanos(LockSupport.java:215)&#10;        at java.util.concurrent.locks.AbstractQueuedSynchronizer$ConditionObject.awaitNanos(AbstractQueuedSynchronizer.java:2078)&#10;        at java.util.concurrent.ScheduledThreadPoolExecutor$DelayedWorkQueue.take(ScheduledThreadPoolExecutor.java:1093)&#10;        at java.util.concurrent.ScheduledThreadPoolExecutor$DelayedWorkQueue.take(ScheduledThreadPoolExecutor.java:809)&#10;        at java.util.concurrent.ThreadPoolExecutor.getTask(ThreadPoolExecutor.java:1074)&#10;        at java.util.concurrent.ThreadPoolExecutor.runWorker(ThreadPoolExecutor.java:1134)&#10;        at java.util.concurrent.ThreadPoolExecutor$Worker.run(ThreadPoolExecutor.java:624)&#10;        at java.lang.Thread.run(Thread.java:748)&#10;&quot;Datanode State Machine Thread - 0&quot; daemon prio=5 tid=2122 timed_waiting&#10;java.lang.Thread.State: TIMED_WAITING&#10;        at java.lang.Thread.sleep(Native Method)&#10;        at org.apache.hadoop.ozone.container.common.statemachine.DatanodeStateMachine.start(DatanodeStateMachine.java:191)&#10;        at org.apache.hadoop.ozone.container.common.statemachine.DatanodeStateMachine.lambda$startDaemon$0(DatanodeStateMachine.java:349)&#10;        at org.apache.hadoop.ozone.container.common.statemachine.DatanodeStateMachine$$Lambda$141/1594065480.run(Unknown Source)&#10;        at java.lang.Thread.run(Thread.java:748)&#10;&quot;pool-219-thread-1&quot;  prio=5 tid=2941 in Object.wait()&#10;java.lang.Thread.State: WAITING (on object monitor)&#10;        at sun.misc.Unsafe.park(Native Method)&#10;        at java.util.concurrent.locks.LockSupport.park(LockSupport.java:175)&#10;        at java.util.concurrent.locks.AbstractQueuedSynchronizer$ConditionObject.await(AbstractQueuedSynchronizer.java:2039)&#10;        at java.util.concurrent.LinkedBlockingQueue.take(LinkedBlockingQueue.java:442)&#10;        at java.util.concurrent.ThreadPoolExecutor.getTask(ThreadPoolExecutor.java:1074)&#10;        at java.util.concurrent.ThreadPoolExecutor.runWorker(ThreadPoolExecutor.java:1134)&#10;        at java.util.concurrent.ThreadPoolExecutor$Worker.run(ThreadPoolExecutor.java:624)&#10;        at java.lang.Thread.run(Thread.java:748)&#10;&quot;09f4ece9-71c1-4a5b-9b91-b2a8aadac043@group-877CB685509D-StateMachineUpdater&quot; daemon prio=5 tid=3146 in Object.wait()&#10;java.lang.Thread.State: WAITING (on object monitor)&#10;        at java.lang.Object.wait(Native Method)&#10;        at java.lang.Object.wait(Object.java:502)&#10;        at org.apache.ratis.server.impl.StateMachineUpdater.waitForCommit(StateMachineUpdater.java:194)&#10;        at org.apache.ratis.server.impl.StateMachineUpdater.run(StateMachineUpdater.java:159)&#10;        at java.lang.Thread.run(Thread.java:748)&#10;&quot;pool-218-thread-54&quot;  prio=5 tid=2727 in Object.wait()&#10;java.lang.Thread.State: WAITING (on object monitor)&#10;        at sun.misc.Unsafe.park(Native Method)&#10;        at java.util.concurrent.locks.LockSupport.park(LockSupport.java:175)&#10;        at java.util.concurrent.locks.AbstractQueuedSynchronizer$ConditionObject.await(AbstractQueuedSynchronizer.java:2039)&#10;        at java.util.concurrent.ArrayBlockingQueue.take(ArrayBlockingQueue.java:403)&#10;        at java.util.concurrent.ThreadPoolExecutor.getTask(ThreadPoolExecutor.java:1074)&#10;        at java.util.concurrent.ThreadPoolExecutor.runWorker(ThreadPoolExecutor.java:1134)&#10;        at java.util.concurrent.ThreadPoolExecutor$Worker.run(ThreadPoolExecutor.java:624)&#10;        at java.lang.Thread.run(Thread.java:748)&#10;&quot;Datanode ReportManager Thread - 3&quot; daemon prio=5 tid=282 in Object.wait()&#10;java.lang.Thread.State: WAITING (on object monitor)&#10;        at sun.misc.Unsafe.park(Native Method)&#10;        at java.util.concurrent.locks.LockSupport.park(LockSupport.java:175)&#10;        at java.util.concurrent.locks.AbstractQueuedSynchronizer$ConditionObject.await(AbstractQueuedSynchronizer.java:2039)&#10;        at java.util.concurrent.ScheduledThreadPoolExecutor$DelayedWorkQueue.take(ScheduledThreadPoolExecutor.java:1088)&#10;        at java.util.concurrent.ScheduledThreadPoolExecutor$DelayedWorkQueue.take(ScheduledThreadPoolExecutor.java:809)&#10;        at java.util.concurrent.ThreadPoolExecutor.getTask(ThreadPoolExecutor.java:1074)&#10;        at java.util.concurrent.ThreadPoolExecutor.runWorker(ThreadPoolExecutor.java:1134)&#10;        at java.util.concurrent.ThreadPoolExecutor$Worker.run(ThreadPoolExecutor.java:624)&#10;        at java.lang.Thread.run(Thread.java:748)&#10;&quot;pool-158-thread-5&quot;  prio=5 tid=2306 in Object.wait()&#10;java.lang.Thread.State: WAITING (on object monitor)&#10;        at sun.misc.Unsafe.park(Native Method)&#10;        at java.util.concurrent.locks.LockSupport.park(LockSupport.java:175)&#10;        at java.util.concurrent.locks.AbstractQueuedSynchronizer$ConditionObject.await(AbstractQueuedSynchronizer.java:2039)&#10;        at java.util.concurrent.ArrayBlockingQueue.take(ArrayBlockingQueue.java:403)&#10;        at java.util.concurrent.ThreadPoolExecutor.getTask(ThreadPoolExecutor.java:1074)&#10;        at java.util.concurrent.ThreadPoolExecutor.runWorker(ThreadPoolExecutor.java:1134)&#10;        at java.util.concurrent.ThreadPoolExecutor$Worker.run(ThreadPoolExecutor.java:624)&#10;        at java.lang.Thread.run(Thread.java:748)&#10;&quot;Thread-1533&quot; daemon prio=5 tid=3192 timed_waiting&#10;java.lang.Thread.State: TIMED_WAITING&#10;        at sun.misc.Unsafe.park(Native Method)&#10;        at java.util.concurrent.locks.LockSupport.parkNanos(LockSupport.java:215)&#10;        at java.util.concurrent.locks.AbstractQueuedSynchronizer$ConditionObject.awaitNanos(AbstractQueuedSynchronizer.java:2078)&#10;        at java.util.concurrent.ArrayBlockingQueue.poll(ArrayBlockingQueue.java:418)&#10;        at org.apache.ratis.server.impl.LeaderState$EventQueue.poll(LeaderState.java:115)&#10;        at org.apache.ratis.server.impl.LeaderState$EventProcessor.run(LeaderState.java:467)&#10;&quot;qtp955153053-2198&quot; daemon prio=5 tid=2198 timed_waiting&#10;java.lang.Thread.State: TIMED_WAITING&#10;        at sun.misc.Unsafe.park(Native Method)&#10;        at java.util.concurrent.locks.LockSupport.parkNanos(LockSupport.java:215)&#10;        at java.util.concurrent.locks.AbstractQueuedSynchronizer$ConditionObject.awaitNanos(AbstractQueuedSynchronizer.java:2078)&#10;        at org.eclipse.jetty.util.BlockingArrayQueue.poll(BlockingArrayQueue.java:392)&#10;        at org.eclipse.jetty.util.thread.QueuedThreadPool.idleJobPoll(QueuedThreadPool.java:563)&#10;        at org.eclipse.jetty.util.thread.QueuedThreadPool.access$800(QueuedThreadPool.java:48)&#10;        at org.eclipse.jetty.util.thread.QueuedThreadPool$2.run(QueuedThreadPool.java:626)&#10;        at java.lang.Thread.run(Thread.java:748)&#10;&quot;IPC Server handler 9 on 45554&quot; daemon prio=5 tid=1944 timed_waiting&#10;java.lang.Thread.State: TIMED_WAITING&#10;        at sun.misc.Unsafe.park(Native Method)&#10;        at java.util.concurrent.locks.LockSupport.parkNanos(LockSupport.java:215)&#10;        at java.util.concurrent.locks.AbstractQueuedSynchronizer$ConditionObject.awaitNanos(AbstractQueuedSynchronizer.java:2078)&#10;        at java.util.concurrent.LinkedBlockingQueue.poll(LinkedBlockingQueue.java:467)&#10;        at org.apache.hadoop.ipc.CallQueueManager.take(CallQueueManager.java:288)&#10;        at org.apache.hadoop.ipc.Server$Handler.run(Server.java:2668)&#10;&quot;pool-208-thread-53&quot;  prio=5 tid=2664 in Object.wait()&#10;java.lang.Thread.State: WAITING (on object monitor)&#10;        at sun.misc.Unsafe.park(Native Method)&#10;        at java.util.concurrent.locks.LockSupport.park(LockSupport.java:175)&#10;        at java.util.concurrent.locks.AbstractQueuedSynchronizer$ConditionObject.await(AbstractQueuedSynchronizer.java:2039)&#10;        at java.util.concurrent.ArrayBlockingQueue.take(ArrayBlockingQueue.java:403)&#10;        at java.util.concurrent.ThreadPoolExecutor.getTask(ThreadPoolExecutor.java:1074)&#10;        at java.util.concurrent.ThreadPoolExecutor.runWorker(ThreadPoolExecutor.java:1134)&#10;        at java.util.concurrent.ThreadPoolExecutor$Worker.run(ThreadPoolExecutor.java:624)&#10;        at java.lang.Thread.run(Thread.java:748)&#10;&quot;pool-188-thread-29&quot;  prio=5 tid=2516 in Object.wait()&#10;java.lang.Thread.State: WAITING (on object monitor)&#10;        at sun.misc.Unsafe.park(Native Method)&#10;        at java.util.concurrent.locks.LockSupport.park(LockSupport.java:175)&#10;        at java.util.concurrent.locks.AbstractQueuedSynchronizer$ConditionObject.await(AbstractQueuedSynchronizer.java:2039)&#10;        at java.util.concurrent.ArrayBlockingQueue.take(ArrayBlockingQueue.java:403)&#10;        at java.util.concurrent.ThreadPoolExecutor.getTask(ThreadPoolExecutor.java:1074)&#10;        at java.util.concurrent.ThreadPoolExecutor.runWorker(ThreadPoolExecutor.java:1134)&#10;        at java.util.concurrent.ThreadPoolExecutor$Worker.run(ThreadPoolExecutor.java:624)&#10;        at java.lang.Thread.run(Thread.java:748)&#10;&quot;pool-198-thread-22&quot;  prio=5 tid=2571 in Object.wait()&#10;java.lang.Thread.State: WAITING (on object monitor)&#10;        at sun.misc.Unsafe.park(Native Method)&#10;        at java.util.concurrent.locks.LockSupport.park(LockSupport.java:175)&#10;        at java.util.concurrent.locks.AbstractQueuedSynchronizer$ConditionObject.await(AbstractQueuedSynchronizer.java:2039)&#10;        at java.util.concurrent.ArrayBlockingQueue.take(ArrayBlockingQueue.java:403)&#10;        at java.util.concurrent.ThreadPoolExecutor.getTask(ThreadPoolExecutor.java:1074)&#10;        at java.util.concurrent.ThreadPoolExecutor.runWorker(ThreadPoolExecutor.java:1134)&#10;        at java.util.concurrent.ThreadPoolExecutor$Worker.run(ThreadPoolExecutor.java:624)&#10;        at java.lang.Thread.run(Thread.java:748)&#10;&quot;pool-188-thread-43&quot;  prio=5 tid=2530 in Object.wait()&#10;java.lang.Thread.State: WAITING (on object monitor)&#10;        at sun.misc.Unsafe.park(Native Method)&#10;        at java.util.concurrent.locks.LockSupport.park(LockSupport.java:175)&#10;        at java.util.concurrent.locks.AbstractQueuedSynchronizer$ConditionObject.await(AbstractQueuedSynchronizer.java:2039)&#10;        at java.util.concurrent.ArrayBlockingQueue.take(ArrayBlockingQueue.java:403)&#10;        at java.util.concurrent.ThreadPoolExecutor.getTask(ThreadPoolExecutor.java:1074)&#10;        at java.util.concurrent.ThreadPoolExecutor.runWorker(ThreadPoolExecutor.java:1134)&#10;        at java.util.concurrent.ThreadPoolExecutor$Worker.run(ThreadPoolExecutor.java:624)&#10;        at java.lang.Thread.run(Thread.java:748)&#10;&quot;pool-168-thread-54&quot;  prio=5 tid=2417 in Object.wait()&#10;java.lang.Thread.State: WAITING (on object monitor)&#10;        at sun.misc.Unsafe.park(Native Method)&#10;        at java.util.concurrent.locks.LockSupport.park(LockSupport.java:175)&#10;        at java.util.concurrent.locks.AbstractQueuedSynchronizer$ConditionObject.await(AbstractQueuedSynchronizer.java:2039)&#10;        at java.util.concurrent.ArrayBlockingQueue.take(ArrayBlockingQueue.java:403)&#10;        at java.util.concurrent.ThreadPoolExecutor.getTask(ThreadPoolExecutor.java:1074)&#10;        at java.util.concurrent.ThreadPoolExecutor.runWorker(ThreadPoolExecutor.java:1134)&#10;        at java.util.concurrent.ThreadPoolExecutor$Worker.run(ThreadPoolExecutor.java:624)&#10;        at java.lang.Thread.run(Thread.java:748)&#10;&quot;Thread-1364&quot; daemon prio=5 tid=2993 timed_waiting&#10;java.lang.Thread.State: TIMED_WAITING&#10;        at sun.misc.Unsafe.park(Native Method)&#10;        at java.util.concurrent.locks.LockSupport.parkNanos(LockSupport.java:215)&#10;        at java.util.concurrent.locks.AbstractQueuedSynchronizer$ConditionObject.awaitNanos(AbstractQueuedSynchronizer.java:2078)&#10;        at java.util.concurrent.ArrayBlockingQueue.poll(ArrayBlockingQueue.java:418)&#10;        at org.apache.ratis.server.impl.LeaderState$EventQueue.poll(LeaderState.java:115)&#10;        at org.apache.ratis.server.impl.LeaderState$EventProcessor.run(LeaderState.java:467)&#10;&quot;Datanode State Machine Thread - 0&quot; daemon prio=5 tid=2021 timed_waiting&#10;java.lang.Thread.State: TIMED_WAITING&#10;        at sun.misc.Unsafe.park(Native Method)&#10;        at java.util.concurrent.locks.LockSupport.parkNanos(LockSupport.java:215)&#10;        at java.util.concurrent.SynchronousQueue$TransferStack.awaitFulfill(SynchronousQueue.java:460)&#10;        at java.util.concurrent.SynchronousQueue$TransferStack.transfer(SynchronousQueue.java:362)&#10;        at java.util.concurrent.SynchronousQueue.poll(SynchronousQueue.java:941)&#10;        at java.util.concurrent.ThreadPoolExecutor.getTask(ThreadPoolExecutor.java:1073)&#10;        at java.util.concurrent.ThreadPoolExecutor.runWorker(ThreadPoolExecutor.java:1134)&#10;        at java.util.concurrent.ThreadPoolExecutor$Worker.run(ThreadPoolExecutor.java:624)&#10;        at java.lang.Thread.run(Thread.java:748)&#10;&quot;Datanode State Machine Thread - 0&quot; daemon prio=5 tid=2068 timed_waiting&#10;java.lang.Thread.State: TIMED_WAITING&#10;        at java.lang.Thread.sleep(Native Method)&#10;        at org.apache.hadoop.ozone.container.common.statemachine.DatanodeStateMachine.start(DatanodeStateMachine.java:191)&#10;        at org.apache.hadoop.ozone.container.common.statemachine.DatanodeStateMachine.lambda$startDaemon$0(DatanodeStateMachine.java:349)&#10;        at org.apache.hadoop.ozone.container.common.statemachine.DatanodeStateMachine$$Lambda$141/1594065480.run(Unknown Source)&#10;        at java.lang.Thread.run(Thread.java:748)&#10;&quot;qtp254416915-2145&quot; daemon prio=5 tid=2145 timed_waiting&#10;java.lang.Thread.State: TIMED_WAITING&#10;        at sun.misc.Unsafe.park(Native Method)&#10;        at java.util.concurrent.locks.LockSupport.parkNanos(LockSupport.java:215)&#10;        at java.util.concurrent.locks.AbstractQueuedSynchronizer$ConditionObject.awaitNanos(AbstractQueuedSynchronizer.java:2078)&#10;        at org.eclipse.jetty.util.BlockingArrayQueue.poll(BlockingArrayQueue.java:392)&#10;        at org.eclipse.jetty.util.thread.QueuedThreadPool.idleJobPoll(QueuedThreadPool.java:563)&#10;        at org.eclipse.jetty.util.thread.QueuedThreadPool.access$800(QueuedThreadPool.java:48)&#10;        at org.eclipse.jetty.util.thread.QueuedThreadPool$2.run(QueuedThreadPool.java:626)&#10;        at java.lang.Thread.run(Thread.java:748)&#10;&quot;pool-168-thread-46&quot;  prio=5 tid=2409 in Object.wait()&#10;java.lang.Thread.State: WAITING (on object monitor)&#10;        at sun.misc.Unsafe.park(Native Method)&#10;        at java.util.concurrent.locks.LockSupport.park(LockSupport.java:175)&#10;        at java.util.concurrent.locks.AbstractQueuedSynchronizer$ConditionObject.await(AbstractQueuedSynchronizer.java:2039)&#10;        at java.util.concurrent.ArrayBlockingQueue.take(ArrayBlockingQueue.java:403)&#10;        at java.util.concurrent.ThreadPoolExecutor.getTask(ThreadPoolExecutor.java:1074)&#10;        at java.util.concurrent.ThreadPoolExecutor.runWorker(ThreadPoolExecutor.java:1134)&#10;        at java.util.concurrent.ThreadPoolExecutor$Worker.run(ThreadPoolExecutor.java:624)&#10;        at java.lang.Thread.run(Thread.java:748)&#10;&quot;pool-238-thread-43&quot;  prio=5 tid=2840 in Object.wait()&#10;java.lang.Thread.State: WAITING (on object monitor)&#10;        at sun.misc.Unsafe.park(Native Method)&#10;        at java.util.concurrent.locks.LockSupport.park(LockSupport.java:175)&#10;        at java.util.concurrent.locks.AbstractQueuedSynchronizer$ConditionObject.await(AbstractQueuedSynchronizer.java:2039)&#10;        at java.util.concurrent.ArrayBlockingQueue.take(ArrayBlockingQueue.java:403)&#10;        at java.util.concurrent.ThreadPoolExecutor.getTask(ThreadPoolExecutor.java:1074)&#10;        at java.util.concurrent.ThreadPoolExecutor.runWorker(ThreadPoolExecutor.java:1134)&#10;        at java.util.concurrent.ThreadPoolExecutor$Worker.run(ThreadPoolExecutor.java:624)&#10;        at java.lang.Thread.run(Thread.java:748)&#10;&quot;pool-188-thread-38&quot;  prio=5 tid=2525 in Object.wait()&#10;java.lang.Thread.State: WAITING (on object monitor)&#10;        at sun.misc.Unsafe.park(Native Method)&#10;        at java.util.concurrent.locks.LockSupport.park(LockSupport.java:175)&#10;        at java.util.concurrent.locks.AbstractQueuedSynchronizer$ConditionObject.await(AbstractQueuedSynchronizer.java:2039)&#10;        at java.util.concurrent.ArrayBlockingQueue.take(ArrayBlockingQueue.java:403)&#10;        at java.util.concurrent.ThreadPoolExecutor.getTask(ThreadPoolExecutor.java:1074)&#10;        at java.util.concurrent.ThreadPoolExecutor.runWorker(ThreadPoolExecutor.java:1134)&#10;        at java.util.concurrent.ThreadPoolExecutor$Worker.run(ThreadPoolExecutor.java:624)&#10;        at java.lang.Thread.run(Thread.java:748)&#10;&quot;pool-228-thread-47&quot;  prio=5 tid=2782 in Object.wait()&#10;java.lang.Thread.State: WAITING (on object monitor)&#10;        at sun.misc.Unsafe.park(Native Method)&#10;        at java.util.concurrent.locks.LockSupport.park(LockSupport.java:175)&#10;        at java.util.concurrent.locks.AbstractQueuedSynchronizer$ConditionObject.await(AbstractQueuedSynchronizer.java:2039)&#10;        at java.util.concurrent.ArrayBlockingQueue.take(ArrayBlockingQueue.java:403)&#10;        at java.util.concurrent.ThreadPoolExecutor.getTask(ThreadPoolExecutor.java:1074)&#10;        at java.util.concurrent.ThreadPoolExecutor.runWorker(ThreadPoolExecutor.java:1134)&#10;        at java.util.concurrent.ThreadPoolExecutor$Worker.run(ThreadPoolExecutor.java:624)&#10;        at java.lang.Thread.run(Thread.java:748)&#10;&quot;pool-168-thread-27&quot;  prio=5 tid=2390 in Object.wait()&#10;java.lang.Thread.State: WAITING (on object monitor)&#10;        at sun.misc.Unsafe.park(Native Method)&#10;        at java.util.concurrent.locks.LockSupport.park(LockSupport.java:175)&#10;        at java.util.concurrent.locks.AbstractQueuedSynchronizer$ConditionObject.await(AbstractQueuedSynchronizer.java:2039)&#10;        at java.util.concurrent.ArrayBlockingQueue.take(ArrayBlockingQueue.java:403)&#10;        at java.util.concurrent.ThreadPoolExecutor.getTask(ThreadPoolExecutor.java:1074)&#10;        at java.util.concurrent.ThreadPoolExecutor.runWorker(ThreadPoolExecutor.java:1134)&#10;        at java.util.concurrent.ThreadPoolExecutor$Worker.run(ThreadPoolExecutor.java:624)&#10;        at java.lang.Thread.run(Thread.java:748)&#10;&quot;Thread-1512&quot; daemon prio=5 tid=3171 timed_waiting&#10;java.lang.Thread.State: TIMED_WAITING&#10;        at sun.misc.Unsafe.park(Native Method)&#10;        at java.util.concurrent.locks.LockSupport.parkNanos(LockSupport.java:215)&#10;        at java.util.concurrent.locks.AbstractQueuedSynchronizer$ConditionObject.awaitNanos(AbstractQueuedSynchronizer.java:2078)&#10;        at java.util.concurrent.ArrayBlockingQueue.poll(ArrayBlockingQueue.java:418)&#10;        at org.apache.ratis.server.impl.LeaderState$EventQueue.poll(LeaderState.java:115)&#10;        at org.apache.ratis.server.impl.LeaderState$EventProcessor.run(LeaderState.java:467)&#10;&quot;org.eclipse.jetty.server.session.HashSessionManager@4816ee24Timer&quot; daemon prio=5 tid=2228 timed_waiting&#10;java.lang.Thread.State: TIMED_WAITING&#10;        at sun.misc.Unsafe.park(Native Method)&#10;        at java.util.concurrent.locks.LockSupport.parkNanos(LockSupport.java:215)&#10;        at java.util.concurrent.locks.AbstractQueuedSynchronizer$ConditionObject.awaitNanos(AbstractQueuedSynchronizer.java:2078)&#10;        at java.util.concurrent.ScheduledThreadPoolExecutor$DelayedWorkQueue.take(ScheduledThreadPoolExecutor.java:1093)&#10;        at java.util.concurrent.ScheduledThreadPoolExecutor$DelayedWorkQueue.take(ScheduledThreadPoolExecutor.java:809)&#10;        at java.util.concurrent.ThreadPoolExecutor.getTask(ThreadPoolExecutor.java:1074)&#10;        at java.util.concurrent.ThreadPoolExecutor.runWorker(ThreadPoolExecutor.java:1134)&#10;        at java.util.concurrent.ThreadPoolExecutor$Worker.run(ThreadPoolExecutor.java:624)&#10;        at java.lang.Thread.run(Thread.java:748)&#10;&quot;Datanode ReportManager Thread - 2&quot; daemon prio=5 tid=173 in Object.wait()&#10;java.lang.Thread.State: WAITING (on object monitor)&#10;        at sun.misc.Unsafe.park(Native Method)&#10;        at java.util.concurrent.locks.LockSupport.park(LockSupport.java:175)&#10;        at java.util.concurrent.locks.AbstractQueuedSynchronizer$ConditionObject.await(AbstractQueuedSynchronizer.java:2039)&#10;        at java.util.concurrent.ScheduledThreadPoolExecutor$DelayedWorkQueue.take(ScheduledThreadPoolExecutor.java:1088)&#10;        at java.util.concurrent.ScheduledThreadPoolExecutor$DelayedWorkQueue.take(ScheduledThreadPoolExecutor.java:809)&#10;        at java.util.concurrent.ThreadPoolExecutor.getTask(ThreadPoolExecutor.java:1074)&#10;        at java.util.concurrent.ThreadPoolExecutor.runWorker(ThreadPoolExecutor.java:1134)&#10;        at java.util.concurrent.ThreadPoolExecutor$Worker.run(ThreadPoolExecutor.java:624)&#10;        at java.lang.Thread.run(Thread.java:748)&#10;&quot;pool-198-thread-30&quot;  prio=5 tid=2579 in Object.wait()&#10;java.lang.Thread.State: WAITING (on object monitor)&#10;        at sun.misc.Unsafe.park(Native Method)&#10;        at java.util.concurrent.locks.LockSupport.park(LockSupport.java:175)&#10;        at java.util.concurrent.locks.AbstractQueuedSynchronizer$ConditionObject.await(AbstractQueuedSynchronizer.java:2039)&#10;        at java.util.concurrent.ArrayBlockingQueue.take(ArrayBlockingQueue.java:403)&#10;        at java.util.concurrent.ThreadPoolExecutor.getTask(ThreadPoolExecutor.java:1074)&#10;        at java.util.concurrent.ThreadPoolExecutor.runWorker(ThreadPoolExecutor.java:1134)&#10;        at java.util.concurrent.ThreadPoolExecutor$Worker.run(ThreadPoolExecutor.java:624)&#10;        at java.lang.Thread.run(Thread.java:748)&#10;&quot;qtp81705968-2058-acceptor-0@41b1f15d-ServerConnector@3b4825f0{HTTP/1.1,[http/1.1]}{0.0.0.0:33507}&quot; daemon prio=3 tid=2058 runnable&#10;java.lang.Thread.State: RUNNABLE&#10;        at sun.nio.ch.ServerSocketChannelImpl.accept0(Native Method)&#10;        at sun.nio.ch.ServerSocketChannelImpl.accept(ServerSocketChannelImpl.java:422)&#10;        at sun.nio.ch.ServerSocketChannelImpl.accept(ServerSocketChannelImpl.java:250)&#10;        at org.eclipse.jetty.server.ServerConnector.accept(ServerConnector.java:397)&#10;        at org.eclipse.jetty.server.AbstractConnector$Acceptor.run(AbstractConnector.java:601)&#10;        at org.eclipse.jetty.util.thread.QueuedThreadPool.runJob(QueuedThreadPool.java:671)&#10;        at org.eclipse.jetty.util.thread.QueuedThreadPool$2.run(QueuedThreadPool.java:589)&#10;        at java.lang.Thread.run(Thread.java:748)&#10;&quot;BlockDeletingService#1&quot; daemon prio=5 tid=2363 in Object.wait()&#10;java.lang.Thread.State: WAITING (on object monitor)&#10;        at sun.misc.Unsafe.park(Native Method)&#10;        at java.util.concurrent.locks.LockSupport.park(LockSupport.java:175)&#10;        at java.util.concurrent.locks.AbstractQueuedSynchronizer$ConditionObject.await(AbstractQueuedSynchronizer.java:2039)&#10;        at java.util.concurrent.ScheduledThreadPoolExecutor$DelayedWorkQueue.take(ScheduledThreadPoolExecutor.java:1088)&#10;        at java.util.concurrent.ScheduledThreadPoolExecutor$DelayedWorkQueue.take(ScheduledThreadPoolExecutor.java:809)&#10;        at java.util.concurrent.ThreadPoolExecutor.getTask(ThreadPoolExecutor.java:1074)&#10;        at java.util.concurrent.ThreadPoolExecutor.runWorker(ThreadPoolExecutor.java:1134)&#10;        at java.util.concurrent.ThreadPoolExecutor$Worker.run(ThreadPoolExecutor.java:624)&#10;        at java.lang.Thread.run(Thread.java:748)&#10;&quot;pool-158-thread-60&quot;  prio=5 tid=2361 in Object.wait()&#10;java.lang.Thread.State: WAITING (on object monitor)&#10;        at sun.misc.Unsafe.park(Native Method)&#10;        at java.util.concurrent.locks.LockSupport.park(LockSupport.java:175)&#10;        at java.util.concurrent.locks.AbstractQueuedSynchronizer$ConditionObject.await(AbstractQueuedSynchronizer.java:2039)&#10;        at java.util.concurrent.ArrayBlockingQueue.take(ArrayBlockingQueue.java:403)&#10;        at java.util.concurrent.ThreadPoolExecutor.getTask(ThreadPoolExecutor.java:1074)&#10;        at java.util.concurrent.ThreadPoolExecutor.runWorker(ThreadPoolExecutor.java:1134)&#10;        at java.util.concurrent.ThreadPoolExecutor$Worker.run(ThreadPoolExecutor.java:624)&#10;        at java.lang.Thread.run(Thread.java:748)&#10;&quot;pool-198-thread-21&quot;  prio=5 tid=2570 in Object.wait()&#10;java.lang.Thread.State: WAITING (on object monitor)&#10;        at sun.misc.Unsafe.park(Native Method)&#10;        at java.util.concurrent.locks.LockSupport.park(LockSupport.java:175)&#10;        at java.util.concurrent.locks.AbstractQueuedSynchronizer$ConditionObject.await(AbstractQueuedSynchronizer.java:2039)&#10;        at java.util.concurrent.ArrayBlockingQueue.take(ArrayBlockingQueue.java:403)&#10;        at java.util.concurrent.ThreadPoolExecutor.getTask(ThreadPoolExecutor.java:1074)&#10;        at java.util.concurrent.ThreadPoolExecutor.runWorker(ThreadPoolExecutor.java:1134)&#10;        at java.util.concurrent.ThreadPoolExecutor$Worker.run(ThreadPoolExecutor.java:624)&#10;        at java.lang.Thread.run(Thread.java:748)&#10;&quot;IPC Server handler 1 on 35974&quot; daemon prio=5 tid=1853 timed_waiting&#10;java.lang.Thread.State: TIMED_WAITING&#10;        at sun.misc.Unsafe.park(Native Method)&#10;        at java.util.concurrent.locks.LockSupport.parkNanos(LockSupport.java:215)&#10;        at java.util.concurrent.locks.AbstractQueuedSynchronizer$ConditionObject.awaitNanos(AbstractQueuedSynchronizer.java:2078)&#10;        at java.util.concurrent.LinkedBlockingQueue.poll(LinkedBlockingQueue.java:467)&#10;        at org.apache.hadoop.ipc.CallQueueManager.take(CallQueueManager.java:288)&#10;        at org.apache.hadoop.ipc.Server$Handler.run(Server.java:2668)&#10;&quot;pool-178-thread-41&quot;  prio=5 tid=2466 in Object.wait()&#10;java.lang.Thread.State: WAITING (on object monitor)&#10;        at sun.misc.Unsafe.park(Native Method)&#10;        at java.util.concurrent.locks.LockSupport.park(LockSupport.java:175)&#10;        at java.util.concurrent.locks.AbstractQueuedSynchronizer$ConditionObject.await(AbstractQueuedSynchronizer.java:2039)&#10;        at java.util.concurrent.ArrayBlockingQueue.take(ArrayBlockingQueue.java:403)&#10;        at java.util.concurrent.ThreadPoolExecutor.getTask(ThreadPoolExecutor.java:1074)&#10;        at java.util.concurrent.ThreadPoolExecutor.runWorker(ThreadPoolExecutor.java:1134)&#10;        at java.util.concurrent.ThreadPoolExecutor$Worker.run(ThreadPoolExecutor.java:624)&#10;        at java.lang.Thread.run(Thread.java:748)&#10;&quot;pool-178-thread-9&quot;  prio=5 tid=2434 in Object.wait()&#10;java.lang.Thread.State: WAITING (on object monitor)&#10;        at sun.misc.Unsafe.park(Native Method)&#10;        at java.util.concurrent.locks.LockSupport.park(LockSupport.java:175)&#10;        at java.util.concurrent.locks.AbstractQueuedSynchronizer$ConditionObject.await(AbstractQueuedSynchronizer.java:2039)&#10;        at java.util.concurrent.ArrayBlockingQueue.take(ArrayBlockingQueue.java:403)&#10;        at java.util.concurrent.ThreadPoolExecutor.getTask(ThreadPoolExecutor.java:1074)&#10;        at java.util.concurrent.ThreadPoolExecutor.runWorker(ThreadPoolExecutor.java:1134)&#10;        at java.util.concurrent.ThreadPoolExecutor$Worker.run(ThreadPoolExecutor.java:624)&#10;        at java.lang.Thread.run(Thread.java:748)&#10;&quot;pool-158-thread-8&quot;  prio=5 tid=2309 in Object.wait()&#10;java.lang.Thread.State: WAITING (on object monitor)&#10;        at sun.misc.Unsafe.park(Native Method)&#10;        at java.util.concurrent.locks.LockSupport.park(LockSupport.java:175)&#10;        at java.util.concurrent.locks.AbstractQueuedSynchronizer$ConditionObject.await(AbstractQueuedSynchronizer.java:2039)&#10;        at java.util.concurrent.ArrayBlockingQueue.take(ArrayBlockingQueue.java:403)&#10;        at java.util.concurrent.ThreadPoolExecutor.getTask(ThreadPoolExecutor.java:1074)&#10;        at java.util.concurrent.ThreadPoolExecutor.runWorker(ThreadPoolExecutor.java:1134)&#10;        at java.util.concurrent.ThreadPoolExecutor$Worker.run(ThreadPoolExecutor.java:624)&#10;        at java.lang.Thread.run(Thread.java:748)&#10;&quot;pool-198-thread-8&quot;  prio=5 tid=2557 in Object.wait()&#10;java.lang.Thread.State: WAITING (on object monitor)&#10;        at sun.misc.Unsafe.park(Native Method)&#10;        at java.util.concurrent.locks.LockSupport.park(LockSupport.java:175)&#10;        at java.util.concurrent.locks.AbstractQueuedSynchronizer$ConditionObject.await(AbstractQueuedSynchronizer.java:2039)&#10;        at java.util.concurrent.ArrayBlockingQueue.take(ArrayBlockingQueue.java:403)&#10;        at java.util.concurrent.ThreadPoolExecutor.getTask(ThreadPoolExecutor.java:1074)&#10;        at java.util.concurrent.ThreadPoolExecutor.runWorker(ThreadPoolExecutor.java:1134)&#10;        at java.util.concurrent.ThreadPoolExecutor$Worker.run(ThreadPoolExecutor.java:624)&#10;        at java.lang.Thread.run(Thread.java:748)&#10;&quot;qtp229318537-2113&quot; daemon prio=5 tid=2113 timed_waiting&#10;java.lang.Thread.State: TIMED_WAITING&#10;        at sun.misc.Unsafe.park(Native Method)&#10;        at java.util.concurrent.locks.LockSupport.parkNanos(LockSupport.java:215)&#10;        at java.util.concurrent.locks.AbstractQueuedSynchronizer$ConditionObject.awaitNanos(AbstractQueuedSynchronizer.java:2078)&#10;        at org.eclipse.jetty.util.BlockingArrayQueue.poll(BlockingArrayQueue.java:392)&#10;        at org.eclipse.jetty.util.thread.QueuedThreadPool.idleJobPoll(QueuedThreadPool.java:563)&#10;        at org.eclipse.jetty.util.thread.QueuedThreadPool.access$800(QueuedThreadPool.java:48)&#10;        at org.eclipse.jetty.util.thread.QueuedThreadPool$2.run(QueuedThreadPool.java:626)&#10;        at java.lang.Thread.run(Thread.java:748)&#10;&quot;EventQueue-PipelineReportForPipelineReportHandler&quot; daemon prio=5 tid=2865 in Object.wait()&#10;java.lang.Thread.State: WAITING (on object monitor)&#10;        at sun.misc.Unsafe.park(Native Method)&#10;        at java.util.concurrent.locks.LockSupport.park(LockSupport.java:175)&#10;        at java.util.concurrent.locks.AbstractQueuedSynchronizer$ConditionObject.await(AbstractQueuedSynchronizer.java:2039)&#10;        at java.util.concurrent.LinkedBlockingQueue.take(LinkedBlockingQueue.java:442)&#10;        at java.util.concurrent.ThreadPoolExecutor.getTask(ThreadPoolExecutor.java:1074)&#10;        at java.util.concurrent.ThreadPoolExecutor.runWorker(ThreadPoolExecutor.java:1134)&#10;        at java.util.concurrent.ThreadPoolExecutor$Worker.run(ThreadPoolExecutor.java:624)&#10;        at java.lang.Thread.run(Thread.java:748)&#10;&quot;pool-168-thread-53&quot;  prio=5 tid=2416 in Object.wait()&#10;java.lang.Thread.State: WAITING (on object monitor)&#10;        at sun.misc.Unsafe.park(Native Method)&#10;        at java.util.concurrent.locks.LockSupport.park(LockSupport.java:175)&#10;        at java.util.concurrent.locks.AbstractQueuedSynchronizer$ConditionObject.await(AbstractQueuedSynchronizer.java:2039)&#10;        at java.util.concurrent.ArrayBlockingQueue.take(ArrayBlockingQueue.java:403)&#10;        at java.util.concurrent.ThreadPoolExecutor.getTask(ThreadPoolExecutor.java:1074)&#10;        at java.util.concurrent.ThreadPoolExecutor.runWorker(ThreadPoolExecutor.java:1134)&#10;        at java.util.concurrent.ThreadPoolExecutor$Worker.run(ThreadPoolExecutor.java:624)&#10;        at java.lang.Thread.run(Thread.java:748)&#10;&quot;BlockDeletingService#0&quot; daemon prio=5 tid=2672 timed_waiting&#10;java.lang.Thread.State: TIMED_WAITING&#10;        at sun.misc.Unsafe.park(Native Method)&#10;        at java.util.concurrent.locks.LockSupport.parkNanos(LockSupport.java:215)&#10;        at java.util.concurrent.locks.AbstractQueuedSynchronizer$ConditionObject.awaitNanos(AbstractQueuedSynchronizer.java:2078)&#10;        at java.util.concurrent.ScheduledThreadPoolExecutor$DelayedWorkQueue.take(ScheduledThreadPoolExecutor.java:1093)&#10;        at java.util.concurrent.ScheduledThreadPoolExecutor$DelayedWorkQueue.take(ScheduledThreadPoolExecutor.java:809)&#10;        at java.util.concurrent.ThreadPoolExecutor.getTask(ThreadPoolExecutor.java:1074)&#10;        at java.util.concurrent.ThreadPoolExecutor.runWorker(ThreadPoolExecutor.java:1134)&#10;        at java.util.concurrent.ThreadPoolExecutor$Worker.run(ThreadPoolExecutor.java:624)&#10;        at java.lang.Thread.run(Thread.java:748)&#10;&quot;pool-238-thread-13&quot;  prio=5 tid=2810 in Object.wait()&#10;java.lang.Thread.State: WAITING (on object monitor)&#10;        at sun.misc.Unsafe.park(Native Method)&#10;        at java.util.concurrent.locks.LockSupport.park(LockSupport.java:175)&#10;        at java.util.concurrent.locks.AbstractQueuedSynchronizer$ConditionObject.await(AbstractQueuedSynchronizer.java:2039)&#10;        at java.util.concurrent.ArrayBlockingQueue.take(ArrayBlockingQueue.java:403)&#10;        at java.util.concurrent.ThreadPoolExecutor.getTask(ThreadPoolExecutor.java:1074)&#10;        at java.util.concurrent.ThreadPoolExecutor.runWorker(ThreadPoolExecutor.java:1134)&#10;        at java.util.concurrent.ThreadPoolExecutor$Worker.run(ThreadPoolExecutor.java:624)&#10;        at java.lang.Thread.run(Thread.java:748)&#10;&quot;org.apache.hadoop.util.JvmPauseMonitor$Monitor@239f017e&quot; daemon prio=5 tid=1924 timed_waiting&#10;java.lang.Thread.State: TIMED_WAITING&#10;        at java.lang.Thread.sleep(Native Method)&#10;        at org.apache.hadoop.util.JvmPauseMonitor$Monitor.run(JvmPauseMonitor.java:192)&#10;        at java.lang.Thread.run(Thread.java:748)&#10;&quot;pool-198-thread-32&quot;  prio=5 tid=2581 in Object.wait()&#10;java.lang.Thread.State: WAITING (on object monitor)&#10;        at sun.misc.Unsafe.park(Native Method)&#10;        at java.util.concurrent.locks.LockSupport.park(LockSupport.java:175)&#10;        at java.util.concurrent.locks.AbstractQueuedSynchronizer$ConditionObject.await(AbstractQueuedSynchronizer.java:2039)&#10;        at java.util.concurrent.ArrayBlockingQueue.take(ArrayBlockingQueue.java:403)&#10;        at java.util.concurrent.ThreadPoolExecutor.getTask(ThreadPoolExecutor.java:1074)&#10;        at java.util.concurrent.ThreadPoolExecutor.runWorker(ThreadPoolExecutor.java:1134)&#10;        at java.util.concurrent.ThreadPoolExecutor$Worker.run(ThreadPoolExecutor.java:624)&#10;        at java.lang.Thread.run(Thread.java:748)&#10;&quot;pool-158-thread-4&quot;  prio=5 tid=2305 in Object.wait()&#10;java.lang.Thread.State: WAITING (on object monitor)&#10;        at sun.misc.Unsafe.park(Native Method)&#10;        at java.util.concurrent.locks.LockSupport.park(LockSupport.java:175)&#10;        at java.util.concurrent.locks.AbstractQueuedSynchronizer$ConditionObject.await(AbstractQueuedSynchronizer.java:2039)&#10;        at java.util.concurrent.ArrayBlockingQueue.take(ArrayBlockingQueue.java:403)&#10;        at java.util.concurrent.ThreadPoolExecutor.getTask(ThreadPoolExecutor.java:1074)&#10;        at java.util.concurrent.ThreadPoolExecutor.runWorker(ThreadPoolExecutor.java:1134)&#10;        at java.util.concurrent.ThreadPoolExecutor$Worker.run(ThreadPoolExecutor.java:624)&#10;        at java.lang.Thread.run(Thread.java:748)&#10;&quot;pool-158-thread-11&quot;  prio=5 tid=2312 in Object.wait()&#10;java.lang.Thread.State: WAITING (on object monitor)&#10;        at sun.misc.Unsafe.park(Native Method)&#10;        at java.util.concurrent.locks.LockSupport.park(LockSupport.java:175)&#10;        at java.util.concurrent.locks.AbstractQueuedSynchronizer$ConditionObject.await(AbstractQueuedSynchronizer.java:2039)&#10;        at java.util.concurrent.ArrayBlockingQueue.take(ArrayBlockingQueue.java:403)&#10;        at java.util.concurrent.ThreadPoolExecutor.getTask(ThreadPoolExecutor.java:1074)&#10;        at java.util.concurrent.ThreadPoolExecutor.runWorker(ThreadPoolExecutor.java:1134)&#10;        at java.util.concurrent.ThreadPoolExecutor$Worker.run(ThreadPoolExecutor.java:624)&#10;        at java.lang.Thread.run(Thread.java:748)&#10;&quot;pool-188-thread-45&quot;  prio=5 tid=2532 in Object.wait()&#10;java.lang.Thread.State: WAITING (on object monitor)&#10;        at sun.misc.Unsafe.park(Native Method)&#10;        at java.util.concurrent.locks.LockSupport.park(LockSupport.java:175)&#10;        at java.util.concurrent.locks.AbstractQueuedSynchronizer$ConditionObject.await(AbstractQueuedSynchronizer.java:2039)&#10;        at java.util.concurrent.ArrayBlockingQueue.take(ArrayBlockingQueue.java:403)&#10;        at java.util.concurrent.ThreadPoolExecutor.getTask(ThreadPoolExecutor.java:1074)&#10;        at java.util.concurrent.ThreadPoolExecutor.runWorker(ThreadPoolExecutor.java:1134)&#10;        at java.util.concurrent.ThreadPoolExecutor$Worker.run(ThreadPoolExecutor.java:624)&#10;        at java.lang.Thread.run(Thread.java:748)&#10;&quot;org.apache.hadoop.util.JvmPauseMonitor$Monitor@5644953f&quot; daemon prio=5 tid=1993 timed_waiting&#10;java.lang.Thread.State: TIMED_WAITING&#10;        at java.lang.Thread.sleep(Native Method)&#10;        at org.apache.hadoop.util.JvmPauseMonitor$Monitor.run(JvmPauseMonitor.java:192)&#10;        at java.lang.Thread.run(Thread.java:748)&#10;&quot;pool-238-thread-7&quot;  prio=5 tid=2804 in Object.wait()&#10;java.lang.Thread.State: WAITING (on object monitor)&#10;        at sun.misc.Unsafe.park(Native Method)&#10;        at java.util.concurrent.locks.LockSupport.park(LockSupport.java:175)&#10;        at java.util.concurrent.locks.AbstractQueuedSynchronizer$ConditionObject.await(AbstractQueuedSynchronizer.java:2039)&#10;        at java.util.concurrent.ArrayBlockingQueue.take(ArrayBlockingQueue.java:403)&#10;        at java.util.concurrent.ThreadPoolExecutor.getTask(ThreadPoolExecutor.java:1074)&#10;        at java.util.concurrent.ThreadPoolExecutor.runWorker(ThreadPoolExecutor.java:1134)&#10;        at java.util.concurrent.ThreadPoolExecutor$Worker.run(ThreadPoolExecutor.java:624)&#10;        at java.lang.Thread.run(Thread.java:748)&#10;&quot;qtp955153053-2194&quot; daemon prio=5 tid=2194 timed_waiting&#10;java.lang.Thread.State: TIMED_WAITING&#10;        at sun.misc.Unsafe.park(Native Method)&#10;        at java.util.concurrent.locks.LockSupport.parkNanos(LockSupport.java:215)&#10;        at java.util.concurrent.locks.AbstractQueuedSynchronizer$ConditionObject.awaitNanos(AbstractQueuedSynchronizer.java:2078)&#10;        at org.eclipse.jetty.util.BlockingArrayQueue.poll(BlockingArrayQueue.java:392)&#10;        at org.eclipse.jetty.util.thread.QueuedThreadPool.idleJobPoll(QueuedThreadPool.java:563)&#10;        at org.eclipse.jetty.util.thread.QueuedThreadPool.access$800(QueuedThreadPool.java:48)&#10;        at org.eclipse.jetty.util.thread.QueuedThreadPool$2.run(QueuedThreadPool.java:626)&#10;        at java.lang.Thread.run(Thread.java:748)&#10;&quot;qtp1404150776-1982&quot; daemon prio=5 tid=1982 timed_waiting&#10;java.lang.Thread.State: TIMED_WAITING&#10;        at sun.misc.Unsafe.park(Native Method)&#10;        at java.util.concurrent.locks.LockSupport.parkNanos(LockSupport.java:215)&#10;        at java.util.concurrent.locks.AbstractQueuedSynchronizer$ConditionObject.awaitNanos(AbstractQueuedSynchronizer.java:2078)&#10;        at org.eclipse.jetty.util.BlockingArrayQueue.poll(BlockingArrayQueue.java:392)&#10;        at org.eclipse.jetty.util.thread.QueuedThreadPool.idleJobPoll(QueuedThreadPool.java:563)&#10;        at org.eclipse.jetty.util.thread.QueuedThreadPool.access$800(QueuedThreadPool.java:48)&#10;        at org.eclipse.jetty.util.thread.QueuedThreadPool$2.run(QueuedThreadPool.java:626)&#10;        at java.lang.Thread.run(Thread.java:748)&#10;&quot;org.eclipse.jetty.server.session.HashSessionManager@111d5c97Timer&quot; daemon prio=5 tid=2011 timed_waiting&#10;java.lang.Thread.State: TIMED_WAITING&#10;        at sun.misc.Unsafe.park(Native Method)&#10;        at java.util.concurrent.locks.LockSupport.parkNanos(LockSupport.java:215)&#10;        at java.util.concurrent.locks.AbstractQueuedSynchronizer$ConditionObject.awaitNanos(AbstractQueuedSynchronizer.java:2078)&#10;        at java.util.concurrent.ScheduledThreadPoolExecutor$DelayedWorkQueue.take(ScheduledThreadPoolExecutor.java:1093)&#10;        at java.util.concurrent.ScheduledThreadPoolExecutor$DelayedWorkQueue.take(ScheduledThreadPoolExecutor.java:809)&#10;        at java.util.concurrent.ThreadPoolExecutor.getTask(ThreadPoolExecutor.java:1074)&#10;        at java.util.concurrent.ThreadPoolExecutor.runWorker(ThreadPoolExecutor.java:1134)&#10;        at java.util.concurrent.ThreadPoolExecutor$Worker.run(ThreadPoolExecutor.java:624)&#10;        at java.lang.Thread.run(Thread.java:748)&#10;&quot;pool-238-thread-15&quot;  prio=5 tid=2812 in Object.wait()&#10;java.lang.Thread.State: WAITING (on object monitor)&#10;        at sun.misc.Unsafe.park(Native Method)&#10;        at java.util.concurrent.locks.LockSupport.park(LockSupport.java:175)&#10;        at java.util.concurrent.locks.AbstractQueuedSynchronizer$ConditionObject.await(AbstractQueuedSynchronizer.java:2039)&#10;        at java.util.concurrent.ArrayBlockingQueue.take(ArrayBlockingQueue.java:403)&#10;        at java.util.concurrent.ThreadPoolExecutor.getTask(ThreadPoolExecutor.java:1074)&#10;        at java.util.concurrent.ThreadPoolExecutor.runWorker(ThreadPoolExecutor.java:1134)&#10;        at java.util.concurrent.ThreadPoolExecutor$Worker.run(ThreadPoolExecutor.java:624)&#10;        at java.lang.Thread.run(Thread.java:748)&#10;&quot;Command processor thread&quot; daemon prio=5 tid=2154 timed_waiting&#10;java.lang.Thread.State: TIMED_WAITING&#10;        at java.lang.Thread.sleep(Native Method)&#10;        at org.apache.hadoop.ozone.container.common.statemachine.DatanodeStateMachine.lambda$initCommandHandlerThread$1(DatanodeStateMachine.java:439)&#10;        at org.apache.hadoop.ozone.container.common.statemachine.DatanodeStateMachine$$Lambda$142/1603672614.run(Unknown Source)&#10;        at java.lang.Thread.run(Thread.java:748)&#10;&quot;pool-158-thread-12&quot;  prio=5 tid=2313 in Object.wait()&#10;java.lang.Thread.State: WAITING (on object monitor)&#10;        at sun.misc.Unsafe.park(Native Method)&#10;        at java.util.concurrent.locks.LockSupport.park(LockSupport.java:175)&#10;        at java.util.concurrent.locks.AbstractQueuedSynchronizer$ConditionObject.await(AbstractQueuedSynchronizer.java:2039)&#10;        at java.util.concurrent.ArrayBlockingQueue.take(ArrayBlockingQueue.java:403)&#10;        at java.util.concurrent.ThreadPoolExecutor.getTask(ThreadPoolExecutor.java:1074)&#10;        at java.util.concurrent.ThreadPoolExecutor.runWorker(ThreadPoolExecutor.java:1134)&#10;        at java.util.concurrent.ThreadPoolExecutor$Worker.run(ThreadPoolExecutor.java:624)&#10;        at java.lang.Thread.run(Thread.java:748)&#10;&quot;IPC Server handler 10 on 35974&quot; daemon prio=5 tid=1862 timed_waiting&#10;java.lang.Thread.State: TIMED_WAITING&#10;        at sun.misc.Unsafe.park(Native Method)&#10;        at java.util.concurrent.locks.LockSupport.parkNanos(LockSupport.java:215)&#10;        at java.util.concurrent.locks.AbstractQueuedSynchronizer$ConditionObject.awaitNanos(AbstractQueuedSynchronizer.java:2078)&#10;        at java.util.concurrent.LinkedBlockingQueue.poll(LinkedBlockingQueue.java:467)&#10;        at org.apache.hadoop.ipc.CallQueueManager.take(CallQueueManager.java:288)&#10;        at org.apache.hadoop.ipc.Server$Handler.run(Server.java:2668)&#10;&quot;Datanode ReportManager Thread - 2&quot; daemon prio=5 tid=2017 in Object.wait()&#10;java.lang.Thread.State: WAITING (on object monitor)&#10;        at sun.misc.Unsafe.park(Native Method)&#10;        at java.util.concurrent.locks.LockSupport.park(LockSupport.java:175)&#10;        at java.util.concurrent.locks.AbstractQueuedSynchronizer$ConditionObject.await(AbstractQueuedSynchronizer.java:2039)&#10;        at java.util.concurrent.ScheduledThreadPoolExecutor$DelayedWorkQueue.take(ScheduledThreadPoolExecutor.java:1088)&#10;        at java.util.concurrent.ScheduledThreadPoolExecutor$DelayedWorkQueue.take(ScheduledThreadPoolExecutor.java:809)&#10;        at java.util.concurrent.ThreadPoolExecutor.getTask(ThreadPoolExecutor.java:1074)&#10;        at java.util.concurrent.ThreadPoolExecutor.runWorker(ThreadPoolExecutor.java:1134)&#10;        at java.util.concurrent.ThreadPoolExecutor$Worker.run(ThreadPoolExecutor.java:624)&#10;        at java.lang.Thread.run(Thread.java:748)&#10;&quot;IPC Server handler 1 on 42444&quot; daemon prio=5 tid=1893 timed_waiting&#10;java.lang.Thread.State: TIMED_WAITING&#10;        at sun.misc.Unsafe.park(Native Method)&#10;        at java.util.concurrent.locks.LockSupport.parkNanos(LockSupport.java:215)&#10;        at java.util.concurrent.locks.AbstractQueuedSynchronizer$ConditionObject.awaitNanos(AbstractQueuedSynchronizer.java:2078)&#10;        at java.util.concurrent.LinkedBlockingQueue.poll(LinkedBlockingQueue.java:467)&#10;        at org.apache.hadoop.ipc.CallQueueManager.take(CallQueueManager.java:288)&#10;        at org.apache.hadoop.ipc.Server$Handler.run(Server.java:2668)&#10;&quot;EventQueue-NodeRegistrationContainerReportForContainerSafeModeRule&quot; daemon prio=5 tid=2863 in Object.wait()&#10;java.lang.Thread.State: WAITING (on object monitor)&#10;        at sun.misc.Unsafe.park(Native Method)&#10;        at java.util.concurrent.locks.LockSupport.park(LockSupport.java:175)&#10;        at java.util.concurrent.locks.AbstractQueuedSynchronizer$ConditionObject.await(AbstractQueuedSynchronizer.java:2039)&#10;        at java.util.concurrent.LinkedBlockingQueue.take(LinkedBlockingQueue.java:442)&#10;        at java.util.concurrent.ThreadPoolExecutor.getTask(ThreadPoolExecutor.java:1074)&#10;        at java.util.concurrent.ThreadPoolExecutor.runWorker(ThreadPoolExecutor.java:1134)&#10;        at java.util.concurrent.ThreadPoolExecutor$Worker.run(ThreadPoolExecutor.java:624)&#10;        at java.lang.Thread.run(Thread.java:748)&#10;&quot;pool-228-thread-53&quot;  prio=5 tid=2788 in Object.wait()&#10;java.lang.Thread.State: WAITING (on object monitor)&#10;        at sun.misc.Unsafe.park(Native Method)&#10;        at java.util.concurrent.locks.LockSupport.park(LockSupport.java:175)&#10;        at java.util.concurrent.locks.AbstractQueuedSynchronizer$ConditionObject.await(AbstractQueuedSynchronizer.java:2039)&#10;        at java.util.concurrent.ArrayBlockingQueue.take(ArrayBlockingQueue.java:403)&#10;        at java.util.concurrent.ThreadPoolExecutor.getTask(ThreadPoolExecutor.java:1074)&#10;        at java.util.concurrent.ThreadPoolExecutor.runWorker(ThreadPoolExecutor.java:1134)&#10;        at java.util.concurrent.ThreadPoolExecutor$Worker.run(ThreadPoolExecutor.java:624)&#10;        at java.lang.Thread.run(Thread.java:748)&#10;&quot;pool-218-thread-18&quot;  prio=5 tid=2691 in Object.wait()&#10;java.lang.Thread.State: WAITING (on object monitor)&#10;        at sun.misc.Unsafe.park(Native Method)&#10;        at java.util.concurrent.locks.LockSupport.park(LockSupport.java:175)&#10;        at java.util.concurrent.locks.AbstractQueuedSynchronizer$ConditionObject.await(AbstractQueuedSynchronizer.java:2039)&#10;        at java.util.concurrent.ArrayBlockingQueue.take(ArrayBlockingQueue.java:403)&#10;        at java.util.concurrent.ThreadPoolExecutor.getTask(ThreadPoolExecutor.java:1074)&#10;        at java.util.concurrent.ThreadPoolExecutor.runWorker(ThreadPoolExecutor.java:1134)&#10;        at java.util.concurrent.ThreadPoolExecutor$Worker.run(ThreadPoolExecutor.java:624)&#10;        at java.lang.Thread.run(Thread.java:748)&#10;&quot;CommandWatcher-LeaseManager#LeaseMonitor&quot; daemon prio=5 tid=1851 timed_waiting&#10;java.lang.Thread.State: TIMED_WAITING&#10;        at java.lang.Thread.sleep(Native Method)&#10;        at org.apache.hadoop.ozone.lease.LeaseManager$LeaseMonitor.run(LeaseManager.java:234)&#10;        at java.lang.Thread.run(Thread.java:748)&#10;&quot;pool-208-thread-28&quot;  prio=5 tid=2639 in Object.wait()&#10;java.lang.Thread.State: WAITING (on object monitor)&#10;        at sun.misc.Unsafe.park(Native Method)&#10;        at java.util.concurrent.locks.LockSupport.park(LockSupport.java:175)&#10;        at java.util.concurrent.locks.AbstractQueuedSynchronizer$ConditionObject.await(AbstractQueuedSynchronizer.java:2039)&#10;        at java.util.concurrent.ArrayBlockingQueue.take(ArrayBlockingQueue.java:403)&#10;        at java.util.concurrent.ThreadPoolExecutor.getTask(ThreadPoolExecutor.java:1074)&#10;        at java.util.concurrent.ThreadPoolExecutor.runWorker(ThreadPoolExecutor.java:1134)&#10;        at java.util.concurrent.ThreadPoolExecutor$Worker.run(ThreadPoolExecutor.java:624)&#10;        at java.lang.Thread.run(Thread.java:748)&#10;&quot;pool-188-thread-60&quot;  prio=5 tid=2547 in Object.wait()&#10;java.lang.Thread.State: WAITING (on object monitor)&#10;        at sun.misc.Unsafe.park(Native Method)&#10;        at java.util.concurrent.locks.LockSupport.park(LockSupport.java:175)&#10;        at java.util.concurrent.locks.AbstractQueuedSynchronizer$ConditionObject.await(AbstractQueuedSynchronizer.java:2039)&#10;        at java.util.concurrent.ArrayBlockingQueue.take(ArrayBlockingQueue.java:403)&#10;        at java.util.concurrent.ThreadPoolExecutor.getTask(ThreadPoolExecutor.java:1074)&#10;        at java.util.concurrent.ThreadPoolExecutor.runWorker(ThreadPoolExecutor.java:1134)&#10;        at java.util.concurrent.ThreadPoolExecutor$Worker.run(ThreadPoolExecutor.java:624)&#10;        at java.lang.Thread.run(Thread.java:748)&#10;&quot;pool-158-thread-44&quot;  prio=5 tid=2345 in Object.wait()&#10;java.lang.Thread.State: WAITING (on object monitor)&#10;        at sun.misc.Unsafe.park(Native Method)&#10;        at java.util.concurrent.locks.LockSupport.park(LockSupport.java:175)&#10;        at java.util.concurrent.locks.AbstractQueuedSynchronizer$ConditionObject.await(AbstractQueuedSynchronizer.java:2039)&#10;        at java.util.concurrent.ArrayBlockingQueue.take(ArrayBlockingQueue.java:403)&#10;        at java.util.concurrent.ThreadPoolExecutor.getTask(ThreadPoolExecutor.java:1074)&#10;        at java.util.concurrent.ThreadPoolExecutor.runWorker(ThreadPoolExecutor.java:1134)&#10;        at java.util.concurrent.ThreadPoolExecutor$Worker.run(ThreadPoolExecutor.java:624)&#10;        at java.lang.Thread.run(Thread.java:748)&#10;&quot;org.eclipse.jetty.server.session.HashSessionManager@5f59ea8cTimer&quot; daemon prio=5 tid=2173 timed_waiting&#10;java.lang.Thread.State: TIMED_WAITING&#10;        at sun.misc.Unsafe.park(Native Method)&#10;        at java.util.concurrent.locks.LockSupport.parkNanos(LockSupport.java:215)&#10;        at java.util.concurrent.locks.AbstractQueuedSynchronizer$ConditionObject.awaitNanos(AbstractQueuedSynchronizer.java:2078)&#10;        at java.util.concurrent.ScheduledThreadPoolExecutor$DelayedWorkQueue.take(ScheduledThreadPoolExecutor.java:1093)&#10;        at java.util.concurrent.ScheduledThreadPoolExecutor$DelayedWorkQueue.take(ScheduledThreadPoolExecutor.java:809)&#10;        at java.util.concurrent.ThreadPoolExecutor.getTask(ThreadPoolExecutor.java:1074)&#10;        at java.util.concurrent.ThreadPoolExecutor.runWorker(ThreadPoolExecutor.java:1134)&#10;        at java.util.concurrent.ThreadPoolExecutor$Worker.run(ThreadPoolExecutor.java:624)&#10;        at java.lang.Thread.run(Thread.java:748)&#10;&quot;pool-198-thread-4&quot;  prio=5 tid=2553 in Object.wait()&#10;java.lang.Thread.State: WAITING (on object monitor)&#10;        at sun.misc.Unsafe.park(Native Method)&#10;        at java.util.concurrent.locks.LockSupport.park(LockSupport.java:175)&#10;        at java.util.concurrent.locks.AbstractQueuedSynchronizer$ConditionObject.await(AbstractQueuedSynchronizer.java:2039)&#10;        at java.util.concurrent.ArrayBlockingQueue.take(ArrayBlockingQueue.java:403)&#10;        at java.util.concurrent.ThreadPoolExecutor.getTask(ThreadPoolExecutor.java:1074)&#10;        at java.util.concurrent.ThreadPoolExecutor.runWorker(ThreadPoolExecutor.java:1134)&#10;        at java.util.concurrent.ThreadPoolExecutor$Worker.run(ThreadPoolExecutor.java:624)&#10;        at java.lang.Thread.run(Thread.java:748)&#10;&quot;pool-218-thread-11&quot;  prio=5 tid=2684 in Object.wait()&#10;java.lang.Thread.State: WAITING (on object monitor)&#10;        at sun.misc.Unsafe.park(Native Method)&#10;        at java.util.concurrent.locks.LockSupport.park(LockSupport.java:175)&#10;        at java.util.concurrent.locks.AbstractQueuedSynchronizer$ConditionObject.await(AbstractQueuedSynchronizer.java:2039)&#10;        at java.util.concurrent.ArrayBlockingQueue.take(ArrayBlockingQueue.java:403)&#10;        at java.util.concurrent.ThreadPoolExecutor.getTask(ThreadPoolExecutor.java:1074)&#10;        at java.util.concurrent.ThreadPoolExecutor.runWorker(ThreadPoolExecutor.java:1134)&#10;        at java.util.concurrent.ThreadPoolExecutor$Worker.run(ThreadPoolExecutor.java:624)&#10;        at java.lang.Thread.run(Thread.java:748)&#10;&quot;pool-158-thread-1&quot;  prio=5 tid=2302 in Object.wait()&#10;java.lang.Thread.State: WAITING (on object monitor)&#10;        at sun.misc.Unsafe.park(Native Method)&#10;        at java.util.concurrent.locks.LockSupport.park(LockSupport.java:175)&#10;        at java.util.concurrent.locks.AbstractQueuedSynchronizer$ConditionObject.await(AbstractQueuedSynchronizer.java:2039)&#10;        at java.util.concurrent.ArrayBlockingQueue.take(ArrayBlockingQueue.java:403)&#10;        at java.util.concurrent.ThreadPoolExecutor.getTask(ThreadPoolExecutor.java:1074)&#10;        at java.util.concurrent.ThreadPoolExecutor.runWorker(ThreadPoolExecutor.java:1134)&#10;        at java.util.concurrent.ThreadPoolExecutor$Worker.run(ThreadPoolExecutor.java:624)&#10;        at java.lang.Thread.run(Thread.java:748)&#10;&quot;pool-228-thread-25&quot;  prio=5 tid=2760 in Object.wait()&#10;java.lang.Thread.State: WAITING (on object monitor)&#10;        at sun.misc.Unsafe.park(Native Method)&#10;        at java.util.concurrent.locks.LockSupport.park(LockSupport.java:175)&#10;        at java.util.concurrent.locks.AbstractQueuedSynchronizer$ConditionObject.await(AbstractQueuedSynchronizer.java:2039)&#10;        at java.util.concurrent.ArrayBlockingQueue.take(ArrayBlockingQueue.java:403)&#10;        at java.util.concurrent.ThreadPoolExecutor.getTask(ThreadPoolExecutor.java:1074)&#10;        at java.util.concurrent.ThreadPoolExecutor.runWorker(ThreadPoolExecutor.java:1134)&#10;        at java.util.concurrent.ThreadPoolExecutor$Worker.run(ThreadPoolExecutor.java:624)&#10;        at java.lang.Thread.run(Thread.java:748)&#10;&quot;pool-168-thread-51&quot;  prio=5 tid=2414 in Object.wait()&#10;java.lang.Thread.State: WAITING (on object monitor)&#10;        at sun.misc.Unsafe.park(Native Method)&#10;        at java.util.concurrent.locks.LockSupport.park(LockSupport.java:175)&#10;        at java.util.concurrent.locks.AbstractQueuedSynchronizer$ConditionObject.await(AbstractQueuedSynchronizer.java:2039)&#10;        at java.util.concurrent.ArrayBlockingQueue.take(ArrayBlockingQueue.java:403)&#10;        at java.util.concurrent.ThreadPoolExecutor.getTask(ThreadPoolExecutor.java:1074)&#10;        at java.util.concurrent.ThreadPoolExecutor.runWorker(ThreadPoolExecutor.java:1134)&#10;        at java.util.concurrent.ThreadPoolExecutor$Worker.run(ThreadPoolExecutor.java:624)&#10;        at java.lang.Thread.run(Thread.java:748)&#10;&quot;Periodic HDDS volume checker&quot;  prio=5 tid=2185 timed_waiting&#10;java.lang.Thread.State: TIMED_WAITING&#10;        at sun.misc.Unsafe.park(Native Method)&#10;        at java.util.concurrent.locks.LockSupport.parkNanos(LockSupport.java:215)&#10;        at java.util.concurrent.locks.AbstractQueuedSynchronizer$ConditionObject.awaitNanos(AbstractQueuedSynchronizer.java:2078)&#10;        at java.util.concurrent.ScheduledThreadPoolExecutor$DelayedWorkQueue.take(ScheduledThreadPoolExecutor.java:1093)&#10;        at java.util.concurrent.ScheduledThreadPoolExecutor$DelayedWorkQueue.take(ScheduledThreadPoolExecutor.java:809)&#10;        at java.util.concurrent.ThreadPoolExecutor.getTask(ThreadPoolExecutor.java:1074)&#10;        at java.util.concurrent.ThreadPoolExecutor.runWorker(ThreadPoolExecutor.java:1134)&#10;        at java.util.concurrent.ThreadPoolExecutor$Worker.run(ThreadPoolExecutor.java:624)&#10;        at java.lang.Thread.run(Thread.java:748)&#10;&quot;pool-148-thread-44&quot;  prio=5 tid=2282 in Object.wait()&#10;java.lang.Thread.State: WAITING (on object monitor)&#10;        at sun.misc.Unsafe.park(Native Method)&#10;        at java.util.concurrent.locks.LockSupport.park(LockSupport.java:175)&#10;        at java.util.concurrent.locks.AbstractQueuedSynchronizer$ConditionObject.await(AbstractQueuedSynchronizer.java:2039)&#10;        at java.util.concurrent.ArrayBlockingQueue.take(ArrayBlockingQueue.java:403)&#10;        at java.util.concurrent.ThreadPoolExecutor.getTask(ThreadPoolExecutor.java:1074)&#10;        at java.util.concurrent.ThreadPoolExecutor.runWorker(ThreadPoolExecutor.java:1134)&#10;        at java.util.concurrent.ThreadPoolExecutor$Worker.run(ThreadPoolExecutor.java:624)&#10;        at java.lang.Thread.run(Thread.java:748)&#10;&quot;Datanode ReportManager Thread - 0&quot; daemon prio=5 tid=1988 timed_waiting&#10;java.lang.Thread.State: TIMED_WAITING&#10;        at sun.misc.Unsafe.park(Native Method)&#10;        at java.util.concurrent.locks.LockSupport.parkNanos(LockSupport.java:215)&#10;        at java.util.concurrent.locks.AbstractQueuedSynchronizer$ConditionObject.awaitNanos(AbstractQueuedSynchronizer.java:2078)&#10;        at java.util.concurrent.ScheduledThreadPoolExecutor$DelayedWorkQueue.take(ScheduledThreadPoolExecutor.java:1093)&#10;        at java.util.concurrent.ScheduledThreadPoolExecutor$DelayedWorkQueue.take(ScheduledThreadPoolExecutor.java:809)&#10;        at java.util.concurrent.ThreadPoolExecutor.getTask(ThreadPoolExecutor.java:1074)&#10;        at java.util.concurrent.ThreadPoolExecutor.runWorker(ThreadPoolExecutor.java:1134)&#10;        at java.util.concurrent.ThreadPoolExecutor$Worker.run(ThreadPoolExecutor.java:624)&#10;        at java.lang.Thread.run(Thread.java:748)&#10;&quot;pool-218-thread-14&quot;  prio=5 tid=2687 in Object.wait()&#10;java.lang.Thread.State: WAITING (on object monitor)&#10;        at sun.misc.Unsafe.park(Native Method)&#10;        at java.util.concurrent.locks.LockSupport.park(LockSupport.java:175)&#10;        at java.util.concurrent.locks.AbstractQueuedSynchronizer$ConditionObject.await(AbstractQueuedSynchronizer.java:2039)&#10;        at java.util.concurrent.ArrayBlockingQueue.take(ArrayBlockingQueue.java:403)&#10;        at java.util.concurrent.ThreadPoolExecutor.getTask(ThreadPoolExecutor.java:1074)&#10;        at java.util.concurrent.ThreadPoolExecutor.runWorker(ThreadPoolExecutor.java:1134)&#10;        at java.util.concurrent.ThreadPoolExecutor$Worker.run(ThreadPoolExecutor.java:624)&#10;        at java.lang.Thread.run(Thread.java:748)&#10;&quot;pool-208-thread-21&quot;  prio=5 tid=2632 in Object.wait()&#10;java.lang.Thread.State: WAITING (on object monitor)&#10;        at sun.misc.Unsafe.park(Native Method)&#10;        at java.util.concurrent.locks.LockSupport.park(LockSupport.java:175)&#10;        at java.util.concurrent.locks.AbstractQueuedSynchronizer$ConditionObject.await(AbstractQueuedSynchronizer.java:2039)&#10;        at java.util.concurrent.ArrayBlockingQueue.take(ArrayBlockingQueue.java:403)&#10;        at java.util.concurrent.ThreadPoolExecutor.getTask(ThreadPoolExecutor.java:1074)&#10;        at java.util.concurrent.ThreadPoolExecutor.runWorker(ThreadPoolExecutor.java:1134)&#10;        at java.util.concurrent.ThreadPoolExecutor$Worker.run(ThreadPoolExecutor.java:624)&#10;        at java.lang.Thread.run(Thread.java:748)&#10;&quot;pool-228-thread-5&quot;  prio=5 tid=2740 in Object.wait()&#10;java.lang.Thread.State: WAITING (on object monitor)&#10;        at sun.misc.Unsafe.park(Native Method)&#10;        at java.util.concurrent.locks.LockSupport.park(LockSupport.java:175)&#10;        at java.util.concurrent.locks.AbstractQueuedSynchronizer$ConditionObject.await(AbstractQueuedSynchronizer.java:2039)&#10;        at java.util.concurrent.ArrayBlockingQueue.take(ArrayBlockingQueue.java:403)&#10;        at java.util.concurrent.ThreadPoolExecutor.getTask(ThreadPoolExecutor.java:1074)&#10;        at java.util.concurrent.ThreadPoolExecutor.runWorker(ThreadPoolExecutor.java:1134)&#10;        at java.util.concurrent.ThreadPoolExecutor$Worker.run(ThreadPoolExecutor.java:624)&#10;        at java.lang.Thread.run(Thread.java:748)&#10;&quot;pool-148-thread-37&quot;  prio=5 tid=2275 in Object.wait()&#10;java.lang.Thread.State: WAITING (on object monitor)&#10;        at sun.misc.Unsafe.park(Native Method)&#10;        at java.util.concurrent.locks.LockSupport.park(LockSupport.java:175)&#10;        at java.util.concurrent.locks.AbstractQueuedSynchronizer$ConditionObject.await(AbstractQueuedSynchronizer.java:2039)&#10;        at java.util.concurrent.ArrayBlockingQueue.take(ArrayBlockingQueue.java:403)&#10;        at java.util.concurrent.ThreadPoolExecutor.getTask(ThreadPoolExecutor.java:1074)&#10;        at java.util.concurrent.ThreadPoolExecutor.runWorker(ThreadPoolExecutor.java:1134)&#10;        at java.util.concurrent.ThreadPoolExecutor$Worker.run(ThreadPoolExecutor.java:624)&#10;        at java.lang.Thread.run(Thread.java:748)&#10;&quot;grpc-default-executor-4&quot; daemon prio=5 tid=1178 timed_waiting&#10;java.lang.Thread.State: TIMED_WAITING&#10;        at sun.misc.Unsafe.park(Native Method)&#10;        at java.util.concurrent.locks.LockSupport.parkNanos(LockSupport.java:215)&#10;        at java.util.concurrent.SynchronousQueue$TransferStack.awaitFulfill(SynchronousQueue.java:460)&#10;        at java.util.concurrent.SynchronousQueue$TransferStack.transfer(SynchronousQueue.java:362)&#10;        at java.util.concurrent.SynchronousQueue.poll(SynchronousQueue.java:941)&#10;        at java.util.concurrent.ThreadPoolExecutor.getTask(ThreadPoolExecutor.java:1073)&#10;        at java.util.concurrent.ThreadPoolExecutor.runWorker(ThreadPoolExecutor.java:1134)&#10;        at java.util.concurrent.ThreadPoolExecutor$Worker.run(ThreadPoolExecutor.java:624)&#10;        at java.lang.Thread.run(Thread.java:748)&#10;&quot;grpc-default-executor-1&quot; daemon prio=5 tid=1110 timed_waiting&#10;java.lang.Thread.State: TIMED_WAITING&#10;        at sun.misc.Unsafe.park(Native Method)&#10;        at java.util.concurrent.locks.LockSupport.parkNanos(LockSupport.java:215)&#10;        at java.util.concurrent.SynchronousQueue$TransferStack.awaitFulfill(SynchronousQueue.java:460)&#10;        at java.util.concurrent.SynchronousQueue$TransferStack.transfer(SynchronousQueue.java:362)&#10;        at java.util.concurrent.SynchronousQueue.poll(SynchronousQueue.java:941)&#10;        at java.util.concurrent.ThreadPoolExecutor.getTask(ThreadPoolExecutor.java:1073)&#10;        at java.util.concurrent.ThreadPoolExecutor.runWorker(ThreadPoolExecutor.java:1134)&#10;        at java.util.concurrent.ThreadPoolExecutor$Worker.run(ThreadPoolExecutor.java:624)&#10;        at java.lang.Thread.run(Thread.java:748)&#10;&quot;pool-198-thread-52&quot;  prio=5 tid=2601 in Object.wait()&#10;java.lang.Thread.State: WAITING (on object monitor)&#10;        at sun.misc.Unsafe.park(Native Method)&#10;        at java.util.concurrent.locks.LockSupport.park(LockSupport.java:175)&#10;        at java.util.concurrent.locks.AbstractQueuedSynchronizer$ConditionObject.await(AbstractQueuedSynchronizer.java:2039)&#10;        at java.util.concurrent.ArrayBlockingQueue.take(ArrayBlockingQueue.java:403)&#10;        at java.util.concurrent.ThreadPoolExecutor.getTask(ThreadPoolExecutor.java:1074)&#10;        at java.util.concurrent.ThreadPoolExecutor.runWorker(ThreadPoolExecutor.java:1134)&#10;        at java.util.concurrent.ThreadPoolExecutor$Worker.run(ThreadPoolExecutor.java:624)&#10;        at java.lang.Thread.run(Thread.java:748)&#10;&quot;refreshUsed-/workdir/hadoop-ozone/integration-test/target/test-dir/MiniOzoneClusterImpl-6b3e2517-75a7-4dd9-8054-0b12e404e591/datanode-7/data/containers&quot; daemon prio=5 tid=2160 timed_waiting&#10;java.lang.Thread.State: TIMED_WAITING&#10;        at java.lang.Thread.sleep(Native Method)&#10;        at org.apache.hadoop.fs.CachingGetSpaceUsed$RefreshThread.run(CachingGetSpaceUsed.java:179)&#10;        at java.lang.Thread.run(Thread.java:748)&#10;&quot;pool-228-thread-50&quot;  prio=5 tid=2785 in Object.wait()&#10;java.lang.Thread.State: WAITING (on object monitor)&#10;        at sun.misc.Unsafe.park(Native Method)&#10;        at java.util.concurrent.locks.LockSupport.park(LockSupport.java:175)&#10;        at java.util.concurrent.locks.AbstractQueuedSynchronizer$ConditionObject.await(AbstractQueuedSynchronizer.java:2039)&#10;        at java.util.concurrent.ArrayBlockingQueue.take(ArrayBlockingQueue.java:403)&#10;        at java.util.concurrent.ThreadPoolExecutor.getTask(ThreadPoolExecutor.java:1074)&#10;        at java.util.concurrent.ThreadPoolExecutor.runWorker(ThreadPoolExecutor.java:1134)&#10;        at java.util.concurrent.ThreadPoolExecutor$Worker.run(ThreadPoolExecutor.java:624)&#10;        at java.lang.Thread.run(Thread.java:748)&#10;&quot;pool-238-thread-11&quot;  prio=5 tid=2808 in Object.wait()&#10;java.lang.Thread.State: WAITING (on object monitor)&#10;        at sun.misc.Unsafe.park(Native Method)&#10;        at java.util.concurrent.locks.LockSupport.park(LockSupport.java:175)&#10;        at java.util.concurrent.locks.AbstractQueuedSynchronizer$ConditionObject.await(AbstractQueuedSynchronizer.java:2039)&#10;        at java.util.concurrent.ArrayBlockingQueue.take(ArrayBlockingQueue.java:403)&#10;        at java.util.concurrent.ThreadPoolExecutor.getTask(ThreadPoolExecutor.java:1074)&#10;        at java.util.concurrent.ThreadPoolExecutor.runWorker(ThreadPoolExecutor.java:1134)&#10;        at java.util.concurrent.ThreadPoolExecutor$Worker.run(ThreadPoolExecutor.java:624)&#10;        at java.lang.Thread.run(Thread.java:748)&#10;&quot;Datanode ReportManager Thread - 0&quot; daemon prio=5 tid=2069 in Object.wait()&#10;java.lang.Thread.State: WAITING (on object monitor)&#10;        at sun.misc.Unsafe.park(Native Method)&#10;        at java.util.concurrent.locks.LockSupport.park(LockSupport.java:175)&#10;        at java.util.concurrent.locks.AbstractQueuedSynchronizer$ConditionObject.await(AbstractQueuedSynchronizer.java:2039)&#10;        at java.util.concurrent.ScheduledThreadPoolExecutor$DelayedWorkQueue.take(ScheduledThreadPoolExecutor.java:1088)&#10;        at java.util.concurrent.ScheduledThreadPoolExecutor$DelayedWorkQueue.take(ScheduledThreadPoolExecutor.java:809)&#10;        at java.util.concurrent.ThreadPoolExecutor.getTask(ThreadPoolExecutor.java:1074)&#10;        at java.util.concurrent.ThreadPoolExecutor.runWorker(ThreadPoolExecutor.java:1134)&#10;        at java.util.concurrent.ThreadPoolExecutor$Worker.run(ThreadPoolExecutor.java:624)&#10;        at java.lang.Thread.run(Thread.java:748)&#10;&quot;pool-208-thread-37&quot;  prio=5 tid=2648 in Object.wait()&#10;java.lang.Thread.State: WAITING (on object monitor)&#10;        at sun.misc.Unsafe.park(Native Method)&#10;        at java.util.concurrent.locks.LockSupport.park(LockSupport.java:175)&#10;        at java.util.concurrent.locks.AbstractQueuedSynchronizer$ConditionObject.await(AbstractQueuedSynchronizer.java:2039)&#10;        at java.util.concurrent.ArrayBlockingQueue.take(ArrayBlockingQueue.java:403)&#10;        at java.util.concurrent.ThreadPoolExecutor.getTask(ThreadPoolExecutor.java:1074)&#10;        at java.util.concurrent.ThreadPoolExecutor.runWorker(ThreadPoolExecutor.java:1134)&#10;        at java.util.concurrent.ThreadPoolExecutor$Worker.run(ThreadPoolExecutor.java:624)&#10;        at java.lang.Thread.run(Thread.java:748)&#10;&quot;pool-158-thread-32&quot;  prio=5 tid=2333 in Object.wait()&#10;java.lang.Thread.State: WAITING (on object monitor)&#10;        at sun.misc.Unsafe.park(Native Method)&#10;        at java.util.concurrent.locks.LockSupport.park(LockSupport.java:175)&#10;        at java.util.concurrent.locks.AbstractQueuedSynchronizer$ConditionObject.await(AbstractQueuedSynchronizer.java:2039)&#10;        at java.util.concurrent.ArrayBlockingQueue.take(ArrayBlockingQueue.java:403)&#10;        at java.util.concurrent.ThreadPoolExecutor.getTask(ThreadPoolExecutor.java:1074)&#10;        at java.util.concurrent.ThreadPoolExecutor.runWorker(ThreadPoolExecutor.java:1134)&#10;        at java.util.concurrent.ThreadPoolExecutor$Worker.run(ThreadPoolExecutor.java:624)&#10;        at java.lang.Thread.run(Thread.java:748)&#10;&quot;pool-218-thread-57&quot;  prio=5 tid=2730 in Object.wait()&#10;java.lang.Thread.State: WAITING (on object monitor)&#10;        at sun.misc.Unsafe.park(Native Method)&#10;        at java.util.concurrent.locks.LockSupport.park(LockSupport.java:175)&#10;        at java.util.concurrent.locks.AbstractQueuedSynchronizer$ConditionObject.await(AbstractQueuedSynchronizer.java:2039)&#10;        at java.util.concurrent.ArrayBlockingQueue.take(ArrayBlockingQueue.java:403)&#10;        at java.util.concurrent.ThreadPoolExecutor.getTask(ThreadPoolExecutor.java:1074)&#10;        at java.util.concurrent.ThreadPoolExecutor.runWorker(ThreadPoolExecutor.java:1134)&#10;        at java.util.concurrent.ThreadPoolExecutor$Worker.run(ThreadPoolExecutor.java:624)&#10;        at java.lang.Thread.run(Thread.java:748)&#10;&quot;pool-148-thread-32&quot;  prio=5 tid=2270 in Object.wait()&#10;java.lang.Thread.State: WAITING (on object monitor)&#10;        at sun.misc.Unsafe.park(Native Method)&#10;        at java.util.concurrent.locks.LockSupport.park(LockSupport.java:175)&#10;        at java.util.concurrent.locks.AbstractQueuedSynchronizer$ConditionObject.await(AbstractQueuedSynchronizer.java:2039)&#10;        at java.util.concurrent.ArrayBlockingQueue.take(ArrayBlockingQueue.java:403)&#10;        at java.util.concurrent.ThreadPoolExecutor.getTask(ThreadPoolExecutor.java:1074)&#10;        at java.util.concurrent.ThreadPoolExecutor.runWorker(ThreadPoolExecutor.java:1134)&#10;        at java.util.concurrent.ThreadPoolExecutor$Worker.run(ThreadPoolExecutor.java:624)&#10;        at java.lang.Thread.run(Thread.java:748)&#10;&quot;pool-158-thread-3&quot;  prio=5 tid=2304 in Object.wait()&#10;java.lang.Thread.State: WAITING (on object monitor)&#10;        at sun.misc.Unsafe.park(Native Method)&#10;        at java.util.concurrent.locks.LockSupport.park(LockSupport.java:175)&#10;        at java.util.concurrent.locks.AbstractQueuedSynchronizer$ConditionObject.await(AbstractQueuedSynchronizer.java:2039)&#10;        at java.util.concurrent.ArrayBlockingQueue.take(ArrayBlockingQueue.java:403)&#10;        at java.util.concurrent.ThreadPoolExecutor.getTask(ThreadPoolExecutor.java:1074)&#10;        at java.util.concurrent.ThreadPoolExecutor.runWorker(ThreadPoolExecutor.java:1134)&#10;        at java.util.concurrent.ThreadPoolExecutor$Worker.run(ThreadPoolExecutor.java:624)&#10;        at java.lang.Thread.run(Thread.java:748)&#10;&quot;pool-168-thread-28&quot;  prio=5 tid=2391 in Object.wait()&#10;java.lang.Thread.State: WAITING (on object monitor)&#10;        at sun.misc.Unsafe.park(Native Method)&#10;        at java.util.concurrent.locks.LockSupport.park(LockSupport.java:175)&#10;        at java.util.concurrent.locks.AbstractQueuedSynchronizer$ConditionObject.await(AbstractQueuedSynchronizer.java:2039)&#10;        at java.util.concurrent.ArrayBlockingQueue.take(ArrayBlockingQueue.java:403)&#10;        at java.util.concurrent.ThreadPoolExecutor.getTask(ThreadPoolExecutor.java:1074)&#10;        at java.util.concurrent.ThreadPoolExecutor.runWorker(ThreadPoolExecutor.java:1134)&#10;        at java.util.concurrent.ThreadPoolExecutor$Worker.run(ThreadPoolExecutor.java:624)&#10;        at java.lang.Thread.run(Thread.java:748)&#10;&quot;Periodic HDDS volume checker&quot;  prio=5 tid=2212 timed_waiting&#10;java.lang.Thread.State: TIMED_WAITING&#10;        at sun.misc.Unsafe.park(Native Method)&#10;        at java.util.concurrent.locks.LockSupport.parkNanos(LockSupport.java:215)&#10;        at java.util.concurrent.locks.AbstractQueuedSynchronizer$ConditionObject.awaitNanos(AbstractQueuedSynchronizer.java:2078)&#10;        at java.util.concurrent.ScheduledThreadPoolExecutor$DelayedWorkQueue.take(ScheduledThreadPoolExecutor.java:1093)&#10;        at java.util.concurrent.ScheduledThreadPoolExecutor$DelayedWorkQueue.take(ScheduledThreadPoolExecutor.java:809)&#10;        at java.util.concurrent.ThreadPoolExecutor.getTask(ThreadPoolExecutor.java:1074)&#10;        at java.util.concurrent.ThreadPoolExecutor.runWorker(ThreadPoolExecutor.java:1134)&#10;        at java.util.concurrent.ThreadPoolExecutor$Worker.run(ThreadPoolExecutor.java:624)&#10;        at java.lang.Thread.run(Thread.java:748)&#10;&quot;qtp1365611185-2169&quot; daemon prio=5 tid=2169 timed_waiting&#10;java.lang.Thread.State: TIMED_WAITING&#10;        at sun.misc.Unsafe.park(Native Method)&#10;        at java.util.concurrent.locks.LockSupport.parkNanos(LockSupport.java:215)&#10;        at java.util.concurrent.locks.AbstractQueuedSynchronizer$ConditionObject.awaitNanos(AbstractQueuedSynchronizer.java:2078)&#10;        at org.eclipse.jetty.util.BlockingArrayQueue.poll(BlockingArrayQueue.java:392)&#10;        at org.eclipse.jetty.util.thread.QueuedThreadPool.idleJobPoll(QueuedThreadPool.java:563)&#10;        at org.eclipse.jetty.util.thread.QueuedThreadPool.access$800(QueuedThreadPool.java:48)&#10;        at org.eclipse.jetty.util.thread.QueuedThreadPool$2.run(QueuedThreadPool.java:626)&#10;        at java.lang.Thread.run(Thread.java:748)&#10;&quot;Datanode ReportManager Thread - 2&quot; daemon prio=5 tid=2125 in Object.wait()&#10;java.lang.Thread.State: WAITING (on object monitor)&#10;        at sun.misc.Unsafe.park(Native Method)&#10;        at java.util.concurrent.locks.LockSupport.park(LockSupport.java:175)&#10;        at java.util.concurrent.locks.AbstractQueuedSynchronizer$ConditionObject.await(AbstractQueuedSynchronizer.java:2039)&#10;        at java.util.concurrent.ScheduledThreadPoolExecutor$DelayedWorkQueue.take(ScheduledThreadPoolExecutor.java:1088)&#10;        at java.util.concurrent.ScheduledThreadPoolExecutor$DelayedWorkQueue.take(ScheduledThreadPoolExecutor.java:809)&#10;        at java.util.concurrent.ThreadPoolExecutor.getTask(ThreadPoolExecutor.java:1074)&#10;        at java.util.concurrent.ThreadPoolExecutor.runWorker(ThreadPoolExecutor.java:1134)&#10;        at java.util.concurrent.ThreadPoolExecutor$Worker.run(ThreadPoolExecutor.java:624)&#10;        at java.lang.Thread.run(Thread.java:748)&#10;&quot;pool-238-thread-26&quot;  prio=5 tid=2823 in Object.wait()&#10;java.lang.Thread.State: WAITING (on object monitor)&#10;        at sun.misc.Unsafe.park(Native Method)&#10;        at java.util.concurrent.locks.LockSupport.park(LockSupport.java:175)&#10;        at java.util.concurrent.locks.AbstractQueuedSynchronizer$ConditionObject.await(AbstractQueuedSynchronizer.java:2039)&#10;        at java.util.concurrent.ArrayBlockingQueue.take(ArrayBlockingQueue.java:403)&#10;        at java.util.concurrent.ThreadPoolExecutor.getTask(ThreadPoolExecutor.java:1074)&#10;        at java.util.concurrent.ThreadPoolExecutor.runWorker(ThreadPoolExecutor.java:1134)&#10;        at java.util.concurrent.ThreadPoolExecutor$Worker.run(ThreadPoolExecutor.java:624)&#10;        at java.lang.Thread.run(Thread.java:748)&#10;&quot;2f24271a-73a2-4678-8a2d-efde1b9a7c05@group-CE93C81AF12A-StateMachineUpdater&quot; daemon prio=5 tid=3108 in Object.wait()&#10;java.lang.Thread.State: WAITING (on object monitor)&#10;        at java.lang.Object.wait(Native Method)&#10;        at java.lang.Object.wait(Object.java:502)&#10;        at org.apache.ratis.server.impl.StateMachineUpdater.waitForCommit(StateMachineUpdater.java:194)&#10;        at org.apache.ratis.server.impl.StateMachineUpdater.run(StateMachineUpdater.java:159)&#10;        at java.lang.Thread.run(Thread.java:748)&#10;&quot;pool-166-thread-1&quot; daemon prio=5 tid=2027 timed_waiting&#10;java.lang.Thread.State: TIMED_WAITING&#10;        at sun.misc.Unsafe.park(Native Method)&#10;        at java.util.concurrent.locks.LockSupport.parkNanos(LockSupport.java:215)&#10;        at java.util.concurrent.locks.AbstractQueuedSynchronizer$ConditionObject.awaitNanos(AbstractQueuedSynchronizer.java:2078)&#10;        at java.util.concurrent.ScheduledThreadPoolExecutor$DelayedWorkQueue.take(ScheduledThreadPoolExecutor.java:1093)&#10;        at java.util.concurrent.ScheduledThreadPoolExecutor$DelayedWorkQueue.take(ScheduledThreadPoolExecutor.java:809)&#10;        at java.util.concurrent.ThreadPoolExecutor.getTask(ThreadPoolExecutor.java:1074)&#10;        at java.util.concurrent.ThreadPoolExecutor.runWorker(ThreadPoolExecutor.java:1134)&#10;        at java.util.concurrent.ThreadPoolExecutor$Worker.run(ThreadPoolExecutor.java:624)&#10;        at java.lang.Thread.run(Thread.java:748)&#10;&quot;Timer-1&quot; daemon prio=5 tid=149 timed_waiting&#10;java.lang.Thread.State: TIMED_WAITING&#10;        at java.lang.Object.wait(Native Method)&#10;        at java.util.TimerThread.mainLoop(Timer.java:552)&#10;        at java.util.TimerThread.run(Timer.java:505)&#10;&quot;pool-188-thread-47&quot;  prio=5 tid=2534 in Object.wait()&#10;java.lang.Thread.State: WAITING (on object monitor)&#10;        at sun.misc.Unsafe.park(Native Method)&#10;        at java.util.concurrent.locks.LockSupport.park(LockSupport.java:175)&#10;        at java.util.concurrent.locks.AbstractQueuedSynchronizer$ConditionObject.await(AbstractQueuedSynchronizer.java:2039)&#10;        at java.util.concurrent.ArrayBlockingQueue.take(ArrayBlockingQueue.java:403)&#10;        at java.util.concurrent.ThreadPoolExecutor.getTask(ThreadPoolExecutor.java:1074)&#10;        at java.util.concurrent.ThreadPoolExecutor.runWorker(ThreadPoolExecutor.java:1134)&#10;        at java.util.concurrent.ThreadPoolExecutor$Worker.run(ThreadPoolExecutor.java:624)&#10;        at java.lang.Thread.run(Thread.java:748)&#10;&quot;pool-188-thread-24&quot;  prio=5 tid=2511 in Object.wait()&#10;java.lang.Thread.State: WAITING (on object monitor)&#10;        at sun.misc.Unsafe.park(Native Method)&#10;        at java.util.concurrent.locks.LockSupport.park(LockSupport.java:175)&#10;        at java.util.concurrent.locks.AbstractQueuedSynchronizer$ConditionObject.await(AbstractQueuedSynchronizer.java:2039)&#10;        at java.util.concurrent.ArrayBlockingQueue.take(ArrayBlockingQueue.java:403)&#10;        at java.util.concurrent.ThreadPoolExecutor.getTask(ThreadPoolExecutor.java:1074)&#10;        at java.util.concurrent.ThreadPoolExecutor.runWorker(ThreadPoolExecutor.java:1134)&#10;        at java.util.concurrent.ThreadPoolExecutor$Worker.run(ThreadPoolExecutor.java:624)&#10;        at java.lang.Thread.run(Thread.java:748)&#10;&quot;pool-208-thread-40&quot;  prio=5 tid=2651 in Object.wait()&#10;java.lang.Thread.State: WAITING (on object monitor)&#10;        at sun.misc.Unsafe.park(Native Method)&#10;        at java.util.concurrent.locks.LockSupport.park(LockSupport.java:175)&#10;        at java.util.concurrent.locks.AbstractQueuedSynchronizer$ConditionObject.await(AbstractQueuedSynchronizer.java:2039)&#10;        at java.util.concurrent.ArrayBlockingQueue.take(ArrayBlockingQueue.java:403)&#10;        at java.util.concurrent.ThreadPoolExecutor.getTask(ThreadPoolExecutor.java:1074)&#10;        at java.util.concurrent.ThreadPoolExecutor.runWorker(ThreadPoolExecutor.java:1134)&#10;        at java.util.concurrent.ThreadPoolExecutor$Worker.run(ThreadPoolExecutor.java:624)&#10;        at java.lang.Thread.run(Thread.java:748)&#10;&quot;qtp2077150966-2084&quot; daemon prio=5 tid=2084 runnable&#10;java.lang.Thread.State: RUNNABLE&#10;        at sun.nio.ch.EPollArrayWrapper.epollWait(Native Method)&#10;        at sun.nio.ch.EPollArrayWrapper.poll(EPollArrayWrapper.java:269)&#10;        at sun.nio.ch.EPollSelectorImpl.doSelect(EPollSelectorImpl.java:93)&#10;        at sun.nio.ch.SelectorImpl.lockAndDoSelect(SelectorImpl.java:86)&#10;        at sun.nio.ch.SelectorImpl.select(SelectorImpl.java:97)&#10;        at sun.nio.ch.SelectorImpl.select(SelectorImpl.java:101)&#10;        at org.eclipse.jetty.io.ManagedSelector$SelectorProducer.select(ManagedSelector.java:243)&#10;        at org.eclipse.jetty.io.ManagedSelector$SelectorProducer.produce(ManagedSelector.java:191)&#10;        at org.eclipse.jetty.util.thread.strategy.ExecuteProduceConsume.executeProduceConsume(ExecuteProduceConsume.java:249)&#10;        at org.eclipse.jetty.util.thread.strategy.ExecuteProduceConsume.produceConsume(ExecuteProduceConsume.java:148)&#10;        at org.eclipse.jetty.util.thread.strategy.ExecuteProduceConsume.execute(ExecuteProduceConsume.java:100)&#10;        at org.eclipse.jetty.io.ManagedSelector.run(ManagedSelector.java:147)&#10;        at org.eclipse.jetty.util.thread.QueuedThreadPool.runJob(QueuedThreadPool.java:671)&#10;        at org.eclipse.jetty.util.thread.QueuedThreadPool$2.run(QueuedThreadPool.java:589)&#10;        at java.lang.Thread.run(Thread.java:748)&#10;&quot;Datanode ReportManager Thread - 0&quot; daemon prio=5 tid=252 in Object.wait()&#10;java.lang.Thread.State: WAITING (on object monitor)&#10;        at sun.misc.Unsafe.park(Native Method)&#10;        at java.util.concurrent.locks.LockSupport.park(LockSupport.java:175)&#10;        at java.util.concurrent.locks.AbstractQueuedSynchronizer$ConditionObject.await(AbstractQueuedSynchronizer.java:2039)&#10;        at java.util.concurrent.ScheduledThreadPoolExecutor$DelayedWorkQueue.take(ScheduledThreadPoolExecutor.java:1088)&#10;        at java.util.concurrent.ScheduledThreadPoolExecutor$DelayedWorkQueue.take(ScheduledThreadPoolExecutor.java:809)&#10;        at java.util.concurrent.ThreadPoolExecutor.getTask(ThreadPoolExecutor.java:1074)&#10;        at java.util.concurrent.ThreadPoolExecutor.runWorker(ThreadPoolExecutor.java:1134)&#10;        at java.util.concurrent.ThreadPoolExecutor$Worker.run(ThreadPoolExecutor.java:624)&#10;        at java.lang.Thread.run(Thread.java:748)&#10;&quot;Command processor thread&quot; daemon prio=5 tid=2208 timed_waiting&#10;java.lang.Thread.State: TIMED_WAITING&#10;        at java.lang.Thread.sleep(Native Method)&#10;        at org.apache.hadoop.ozone.container.common.statemachine.DatanodeStateMachine.lambda$initCommandHandlerThread$1(DatanodeStateMachine.java:439)&#10;        at org.apache.hadoop.ozone.container.common.statemachine.DatanodeStateMachine$$Lambda$142/1603672614.run(Unknown Source)&#10;        at java.lang.Thread.run(Thread.java:748)&#10;&quot;pool-198-thread-28&quot;  prio=5 tid=2577 in Object.wait()&#10;java.lang.Thread.State: WAITING (on object monitor)&#10;        at sun.misc.Unsafe.park(Native Method)&#10;        at java.util.concurrent.locks.LockSupport.park(LockSupport.java:175)&#10;        at java.util.concurrent.locks.AbstractQueuedSynchronizer$ConditionObject.await(AbstractQueuedSynchronizer.java:2039)&#10;        at java.util.concurrent.ArrayBlockingQueue.take(ArrayBlockingQueue.java:403)&#10;        at java.util.concurrent.ThreadPoolExecutor.getTask(ThreadPoolExecutor.java:1074)&#10;        at java.util.concurrent.ThreadPoolExecutor.runWorker(ThreadPoolExecutor.java:1134)&#10;        at java.util.concurrent.ThreadPoolExecutor$Worker.run(ThreadPoolExecutor.java:624)&#10;        at java.lang.Thread.run(Thread.java:748)&#10;&quot;2f24271a-73a2-4678-8a2d-efde1b9a7c05@group-09AE756F24A7-StateMachineUpdater&quot; daemon prio=5 tid=2933 in Object.wait()&#10;java.lang.Thread.State: WAITING (on object monitor)&#10;        at java.lang.Object.wait(Native Method)&#10;        at java.lang.Object.wait(Object.java:502)&#10;        at org.apache.ratis.server.impl.StateMachineUpdater.waitForCommit(StateMachineUpdater.java:194)&#10;        at org.apache.ratis.server.impl.StateMachineUpdater.run(StateMachineUpdater.java:159)&#10;        at java.lang.Thread.run(Thread.java:748)&#10;&quot;Datanode ReportManager Thread - 3&quot; daemon prio=5 tid=309 in Object.wait()&#10;java.lang.Thread.State: WAITING (on object monitor)&#10;        at sun.misc.Unsafe.park(Native Method)&#10;        at java.util.concurrent.locks.LockSupport.park(LockSupport.java:175)&#10;        at java.util.concurrent.locks.AbstractQueuedSynchronizer$ConditionObject.await(AbstractQueuedSynchronizer.java:2039)&#10;        at java.util.concurrent.ScheduledThreadPoolExecutor$DelayedWorkQueue.take(ScheduledThreadPoolExecutor.java:1088)&#10;        at java.util.concurrent.ScheduledThreadPoolExecutor$DelayedWorkQueue.take(ScheduledThreadPoolExecutor.java:809)&#10;        at java.util.concurrent.ThreadPoolExecutor.getTask(ThreadPoolExecutor.java:1074)&#10;        at java.util.concurrent.ThreadPoolExecutor.runWorker(ThreadPoolExecutor.java:1134)&#10;        at java.util.concurrent.ThreadPoolExecutor$Worker.run(ThreadPoolExecutor.java:624)&#10;        at java.lang.Thread.run(Thread.java:748)&#10;&quot;pool-238-thread-54&quot;  prio=5 tid=2851 in Object.wait()&#10;java.lang.Thread.State: WAITING (on object monitor)&#10;        at sun.misc.Unsafe.park(Native Method)&#10;        at java.util.concurrent.locks.LockSupport.park(LockSupport.java:175)&#10;        at java.util.concurrent.locks.AbstractQueuedSynchronizer$ConditionObject.await(AbstractQueuedSynchronizer.java:2039)&#10;        at java.util.concurrent.ArrayBlockingQueue.take(ArrayBlockingQueue.java:403)&#10;        at java.util.concurrent.ThreadPoolExecutor.getTask(ThreadPoolExecutor.java:1074)&#10;        at java.util.concurrent.ThreadPoolExecutor.runWorker(ThreadPoolExecutor.java:1134)&#10;        at java.util.concurrent.ThreadPoolExecutor$Worker.run(ThreadPoolExecutor.java:624)&#10;        at java.lang.Thread.run(Thread.java:748)&#10;&quot;pool-208-thread-1&quot;  prio=5 tid=2612 in Object.wait()&#10;java.lang.Thread.State: WAITING (on object monitor)&#10;        at sun.misc.Unsafe.park(Native Method)&#10;        at java.util.concurrent.locks.LockSupport.park(LockSupport.java:175)&#10;        at java.util.concurrent.locks.AbstractQueuedSynchronizer$ConditionObject.await(AbstractQueuedSynchronizer.java:2039)&#10;        at java.util.concurrent.ArrayBlockingQueue.take(ArrayBlockingQueue.java:403)&#10;        at java.util.concurrent.ThreadPoolExecutor.getTask(ThreadPoolExecutor.java:1074)&#10;        at java.util.concurrent.ThreadPoolExecutor.runWorker(ThreadPoolExecutor.java:1134)&#10;        at java.util.concurrent.ThreadPoolExecutor$Worker.run(ThreadPoolExecutor.java:624)&#10;        at java.lang.Thread.run(Thread.java:748)&#10;&quot;pool-198-thread-24&quot;  prio=5 tid=2573 in Object.wait()&#10;java.lang.Thread.State: WAITING (on object monitor)&#10;        at sun.misc.Unsafe.park(Native Method)&#10;        at java.util.concurrent.locks.LockSupport.park(LockSupport.java:175)&#10;        at java.util.concurrent.locks.AbstractQueuedSynchronizer$ConditionObject.await(AbstractQueuedSynchronizer.java:2039)&#10;        at java.util.concurrent.ArrayBlockingQueue.take(ArrayBlockingQueue.java:403)&#10;        at java.util.concurrent.ThreadPoolExecutor.getTask(ThreadPoolExecutor.java:1074)&#10;        at java.util.concurrent.ThreadPoolExecutor.runWorker(ThreadPoolExecutor.java:1134)&#10;        at java.util.concurrent.ThreadPoolExecutor$Worker.run(ThreadPoolExecutor.java:624)&#10;        at java.lang.Thread.run(Thread.java:748)&#10;&quot;qtp141388791-2219&quot; daemon prio=5 tid=2219 runnable&#10;java.lang.Thread.State: RUNNABLE&#10;        at sun.nio.ch.EPollArrayWrapper.epollWait(Native Method)&#10;        at sun.nio.ch.EPollArrayWrapper.poll(EPollArrayWrapper.java:269)&#10;        at sun.nio.ch.EPollSelectorImpl.doSelect(EPollSelectorImpl.java:93)&#10;        at sun.nio.ch.SelectorImpl.lockAndDoSelect(SelectorImpl.java:86)&#10;        at sun.nio.ch.SelectorImpl.select(SelectorImpl.java:97)&#10;        at sun.nio.ch.SelectorImpl.select(SelectorImpl.java:101)&#10;        at org.eclipse.jetty.io.ManagedSelector$SelectorProducer.select(ManagedSelector.java:243)&#10;        at org.eclipse.jetty.io.ManagedSelector$SelectorProducer.produce(ManagedSelector.java:191)&#10;        at org.eclipse.jetty.util.thread.strategy.ExecuteProduceConsume.executeProduceConsume(ExecuteProduceConsume.java:249)&#10;        at org.eclipse.jetty.util.thread.strategy.ExecuteProduceConsume.produceConsume(ExecuteProduceConsume.java:148)&#10;        at org.eclipse.jetty.util.thread.strategy.ExecuteProduceConsume.execute(ExecuteProduceConsume.java:100)&#10;        at org.eclipse.jetty.io.ManagedSelector.run(ManagedSelector.java:147)&#10;        at org.eclipse.jetty.util.thread.QueuedThreadPool.runJob(QueuedThreadPool.java:671)&#10;        at org.eclipse.jetty.util.thread.QueuedThreadPool$2.run(QueuedThreadPool.java:589)&#10;        at java.lang.Thread.run(Thread.java:748)&#10;&quot;pool-228-thread-51&quot;  prio=5 tid=2786 in Object.wait()&#10;java.lang.Thread.State: WAITING (on object monitor)&#10;        at sun.misc.Unsafe.park(Native Method)&#10;        at java.util.concurrent.locks.LockSupport.park(LockSupport.java:175)&#10;        at java.util.concurrent.locks.AbstractQueuedSynchronizer$ConditionObject.await(AbstractQueuedSynchronizer.java:2039)&#10;        at java.util.concurrent.ArrayBlockingQueue.take(ArrayBlockingQueue.java:403)&#10;        at java.util.concurrent.ThreadPoolExecutor.getTask(ThreadPoolExecutor.java:1074)&#10;        at java.util.concurrent.ThreadPoolExecutor.runWorker(ThreadPoolExecutor.java:1134)&#10;        at java.util.concurrent.ThreadPoolExecutor$Worker.run(ThreadPoolExecutor.java:624)&#10;        at java.lang.Thread.run(Thread.java:748)&#10;&quot;pool-148-thread-5&quot;  prio=5 tid=2243 in Object.wait()&#10;java.lang.Thread.State: WAITING (on object monitor)&#10;        at sun.misc.Unsafe.park(Native Method)&#10;        at java.util.concurrent.locks.LockSupport.park(LockSupport.java:175)&#10;        at java.util.concurrent.locks.AbstractQueuedSynchronizer$ConditionObject.await(AbstractQueuedSynchronizer.java:2039)&#10;        at java.util.concurrent.ArrayBlockingQueue.take(ArrayBlockingQueue.java:403)&#10;        at java.util.concurrent.ThreadPoolExecutor.getTask(ThreadPoolExecutor.java:1074)&#10;        at java.util.concurrent.ThreadPoolExecutor.runWorker(ThreadPoolExecutor.java:1134)&#10;        at java.util.concurrent.ThreadPoolExecutor$Worker.run(ThreadPoolExecutor.java:624)&#10;        at java.lang.Thread.run(Thread.java:748)&#10;&quot;pool-148-thread-29&quot;  prio=5 tid=2267 in Object.wait()&#10;java.lang.Thread.State: WAITING (on object monitor)&#10;        at sun.misc.Unsafe.park(Native Method)&#10;        at java.util.concurrent.locks.LockSupport.park(LockSupport.java:175)&#10;        at java.util.concurrent.locks.AbstractQueuedSynchronizer$ConditionObject.await(AbstractQueuedSynchronizer.java:2039)&#10;        at java.util.concurrent.ArrayBlockingQueue.take(ArrayBlockingQueue.java:403)&#10;        at java.util.concurrent.ThreadPoolExecutor.getTask(ThreadPoolExecutor.java:1074)&#10;        at java.util.concurrent.ThreadPoolExecutor.runWorker(ThreadPoolExecutor.java:1134)&#10;        at java.util.concurrent.ThreadPoolExecutor$Worker.run(ThreadPoolExecutor.java:624)&#10;        at java.lang.Thread.run(Thread.java:748)&#10;&quot;pool-168-thread-4&quot;  prio=5 tid=2367 in Object.wait()&#10;java.lang.Thread.State: WAITING (on object monitor)&#10;        at sun.misc.Unsafe.park(Native Method)&#10;        at java.util.concurrent.locks.LockSupport.park(LockSupport.java:175)&#10;        at java.util.concurrent.locks.AbstractQueuedSynchronizer$ConditionObject.await(AbstractQueuedSynchronizer.java:2039)&#10;        at java.util.concurrent.ArrayBlockingQueue.take(ArrayBlockingQueue.java:403)&#10;        at java.util.concurrent.ThreadPoolExecutor.getTask(ThreadPoolExecutor.java:1074)&#10;        at java.util.concurrent.ThreadPoolExecutor.runWorker(ThreadPoolExecutor.java:1134)&#10;        at java.util.concurrent.ThreadPoolExecutor$Worker.run(ThreadPoolExecutor.java:624)&#10;        at java.lang.Thread.run(Thread.java:748)&#10;&quot;pool-238-thread-44&quot;  prio=5 tid=2841 in Object.wait()&#10;java.lang.Thread.State: WAITING (on object monitor)&#10;        at sun.misc.Unsafe.park(Native Method)&#10;        at java.util.concurrent.locks.LockSupport.park(LockSupport.java:175)&#10;        at java.util.concurrent.locks.AbstractQueuedSynchronizer$ConditionObject.await(AbstractQueuedSynchronizer.java:2039)&#10;        at java.util.concurrent.ArrayBlockingQueue.take(ArrayBlockingQueue.java:403)&#10;        at java.util.concurrent.ThreadPoolExecutor.getTask(ThreadPoolExecutor.java:1074)&#10;        at java.util.concurrent.ThreadPoolExecutor.runWorker(ThreadPoolExecutor.java:1134)&#10;        at java.util.concurrent.ThreadPoolExecutor$Worker.run(ThreadPoolExecutor.java:624)&#10;        at java.lang.Thread.run(Thread.java:748)&#10;&quot;pool-198-thread-17&quot;  prio=5 tid=2566 in Object.wait()&#10;java.lang.Thread.State: WAITING (on object monitor)&#10;        at sun.misc.Unsafe.park(Native Method)&#10;        at java.util.concurrent.locks.LockSupport.park(LockSupport.java:175)&#10;        at java.util.concurrent.locks.AbstractQueuedSynchronizer$ConditionObject.await(AbstractQueuedSynchronizer.java:2039)&#10;        at java.util.concurrent.ArrayBlockingQueue.take(ArrayBlockingQueue.java:403)&#10;        at java.util.concurrent.ThreadPoolExecutor.getTask(ThreadPoolExecutor.java:1074)&#10;        at java.util.concurrent.ThreadPoolExecutor.runWorker(ThreadPoolExecutor.java:1134)&#10;        at java.util.concurrent.ThreadPoolExecutor$Worker.run(ThreadPoolExecutor.java:624)&#10;        at java.lang.Thread.run(Thread.java:748)&#10;&quot;qtp254416915-2138&quot; daemon prio=5 tid=2138 runnable&#10;java.lang.Thread.State: RUNNABLE&#10;        at sun.nio.ch.EPollArrayWrapper.epollWait(Native Method)&#10;        at sun.nio.ch.EPollArrayWrapper.poll(EPollArrayWrapper.java:269)&#10;        at sun.nio.ch.EPollSelectorImpl.doSelect(EPollSelectorImpl.java:93)&#10;        at sun.nio.ch.SelectorImpl.lockAndDoSelect(SelectorImpl.java:86)&#10;        at sun.nio.ch.SelectorImpl.select(SelectorImpl.java:97)&#10;        at sun.nio.ch.SelectorImpl.select(SelectorImpl.java:101)&#10;        at org.eclipse.jetty.io.ManagedSelector$SelectorProducer.select(ManagedSelector.java:243)&#10;        at org.eclipse.jetty.io.ManagedSelector$SelectorProducer.produce(ManagedSelector.java:191)&#10;        at org.eclipse.jetty.util.thread.strategy.ExecuteProduceConsume.executeProduceConsume(ExecuteProduceConsume.java:249)&#10;        at org.eclipse.jetty.util.thread.strategy.ExecuteProduceConsume.produceConsume(ExecuteProduceConsume.java:148)&#10;        at org.eclipse.jetty.util.thread.strategy.ExecuteProduceConsume.execute(ExecuteProduceConsume.java:100)&#10;        at org.eclipse.jetty.io.ManagedSelector.run(ManagedSelector.java:147)&#10;        at org.eclipse.jetty.util.thread.QueuedThreadPool.runJob(QueuedThreadPool.java:671)&#10;        at org.eclipse.jetty.util.thread.QueuedThreadPool$2.run(QueuedThreadPool.java:589)&#10;        at java.lang.Thread.run(Thread.java:748)&#10;&quot;Socket Reader #1 for port 45554&quot;  prio=5 tid=1929 runnable&#10;java.lang.Thread.State: RUNNABLE&#10;        at sun.nio.ch.EPollArrayWrapper.epollWait(Native Method)&#10;        at sun.nio.ch.EPollArrayWrapper.poll(EPollArrayWrapper.java:269)&#10;        at sun.nio.ch.EPollSelectorImpl.doSelect(EPollSelectorImpl.java:93)&#10;        at sun.nio.ch.SelectorImpl.lockAndDoSelect(SelectorImpl.java:86)&#10;        at sun.nio.ch.SelectorImpl.select(SelectorImpl.java:97)&#10;        at sun.nio.ch.SelectorImpl.select(SelectorImpl.java:101)&#10;        at org.apache.hadoop.ipc.Server$Listener$Reader.doRunLoop(Server.java:1097)&#10;        at org.apache.hadoop.ipc.Server$Listener$Reader.run(Server.java:1076)&#10;&quot;Datanode ReportManager Thread - 3&quot; daemon prio=5 tid=228 in Object.wait()&#10;java.lang.Thread.State: WAITING (on object monitor)&#10;        at sun.misc.Unsafe.park(Native Method)&#10;        at java.util.concurrent.locks.LockSupport.park(LockSupport.java:175)&#10;        at java.util.concurrent.locks.AbstractQueuedSynchronizer$ConditionObject.await(AbstractQueuedSynchronizer.java:2039)&#10;        at java.util.concurrent.ScheduledThreadPoolExecutor$DelayedWorkQueue.take(ScheduledThreadPoolExecutor.java:1088)&#10;        at java.util.concurrent.ScheduledThreadPoolExecutor$DelayedWorkQueue.take(ScheduledThreadPoolExecutor.java:809)&#10;        at java.util.concurrent.ThreadPoolExecutor.getTask(ThreadPoolExecutor.java:1074)&#10;        at java.util.concurrent.ThreadPoolExecutor.runWorker(ThreadPoolExecutor.java:1134)&#10;        at java.util.concurrent.ThreadPoolExecutor$Worker.run(ThreadPoolExecutor.java:624)&#10;        at java.lang.Thread.run(Thread.java:748)&#10;&quot;pool-198-thread-10&quot;  prio=5 tid=2559 in Object.wait()&#10;java.lang.Thread.State: WAITING (on object monitor)&#10;        at sun.misc.Unsafe.park(Native Method)&#10;        at java.util.concurrent.locks.LockSupport.park(LockSupport.java:175)&#10;        at java.util.concurrent.locks.AbstractQueuedSynchronizer$ConditionObject.await(AbstractQueuedSynchronizer.java:2039)&#10;        at java.util.concurrent.ArrayBlockingQueue.take(ArrayBlockingQueue.java:403)&#10;        at java.util.concurrent.ThreadPoolExecutor.getTask(ThreadPoolExecutor.java:1074)&#10;        at java.util.concurrent.ThreadPoolExecutor.runWorker(ThreadPoolExecutor.java:1134)&#10;        at java.util.concurrent.ThreadPoolExecutor$Worker.run(ThreadPoolExecutor.java:624)&#10;        at java.lang.Thread.run(Thread.java:748)&#10;&quot;pool-188-thread-10&quot;  prio=5 tid=2497 in Object.wait()&#10;java.lang.Thread.State: WAITING (on object monitor)&#10;        at sun.misc.Unsafe.park(Native Method)&#10;        at java.util.concurrent.locks.LockSupport.park(LockSupport.java:175)&#10;        at java.util.concurrent.locks.AbstractQueuedSynchronizer$ConditionObject.await(AbstractQueuedSynchronizer.java:2039)&#10;        at java.util.concurrent.ArrayBlockingQueue.take(ArrayBlockingQueue.java:403)&#10;        at java.util.concurrent.ThreadPoolExecutor.getTask(ThreadPoolExecutor.java:1074)&#10;        at java.util.concurrent.ThreadPoolExecutor.runWorker(ThreadPoolExecutor.java:1134)&#10;        at java.util.concurrent.ThreadPoolExecutor$Worker.run(ThreadPoolExecutor.java:624)&#10;        at java.lang.Thread.run(Thread.java:748)&#10;&quot;pool-208-thread-26&quot;  prio=5 tid=2637 in Object.wait()&#10;java.lang.Thread.State: WAITING (on object monitor)&#10;        at sun.misc.Unsafe.park(Native Method)&#10;        at java.util.concurrent.locks.LockSupport.park(LockSupport.java:175)&#10;        at java.util.concurrent.locks.AbstractQueuedSynchronizer$ConditionObject.await(AbstractQueuedSynchronizer.java:2039)&#10;        at java.util.concurrent.ArrayBlockingQueue.take(ArrayBlockingQueue.java:403)&#10;        at java.util.concurrent.ThreadPoolExecutor.getTask(ThreadPoolExecutor.java:1074)&#10;        at java.util.concurrent.ThreadPoolExecutor.runWorker(ThreadPoolExecutor.java:1134)&#10;        at java.util.concurrent.ThreadPoolExecutor$Worker.run(ThreadPoolExecutor.java:624)&#10;        at java.lang.Thread.run(Thread.java:748)&#10;&quot;pool-228-thread-7&quot;  prio=5 tid=2742 in Object.wait()&#10;java.lang.Thread.State: WAITING (on object monitor)&#10;        at sun.misc.Unsafe.park(Native Method)&#10;        at java.util.concurrent.locks.LockSupport.park(LockSupport.java:175)&#10;        at java.util.concurrent.locks.AbstractQueuedSynchronizer$ConditionObject.await(AbstractQueuedSynchronizer.java:2039)&#10;        at java.util.concurrent.ArrayBlockingQueue.take(ArrayBlockingQueue.java:403)&#10;        at java.util.concurrent.ThreadPoolExecutor.getTask(ThreadPoolExecutor.java:1074)&#10;        at java.util.concurrent.ThreadPoolExecutor.runWorker(ThreadPoolExecutor.java:1134)&#10;        at java.util.concurrent.ThreadPoolExecutor$Worker.run(ThreadPoolExecutor.java:624)&#10;        at java.lang.Thread.run(Thread.java:748)&#10;&quot;org.apache.hadoop.util.JvmPauseMonitor$Monitor@3e083f1b&quot; daemon prio=5 tid=2074 timed_waiting&#10;java.lang.Thread.State: TIMED_WAITING&#10;        at java.lang.Thread.sleep(Native Method)&#10;        at org.apache.hadoop.util.JvmPauseMonitor$Monitor.run(JvmPauseMonitor.java:192)&#10;        at java.lang.Thread.run(Thread.java:748)&#10;&quot;IPC Server handler 15 on 35974&quot; daemon prio=5 tid=1867 timed_waiting&#10;java.lang.Thread.State: TIMED_WAITING&#10;        at sun.misc.Unsafe.park(Native Method)&#10;        at java.util.concurrent.locks.LockSupport.parkNanos(LockSupport.java:215)&#10;        at java.util.concurrent.locks.AbstractQueuedSynchronizer$ConditionObject.awaitNanos(AbstractQueuedSynchronizer.java:2078)&#10;        at java.util.concurrent.LinkedBlockingQueue.poll(LinkedBlockingQueue.java:467)&#10;        at org.apache.hadoop.ipc.CallQueueManager.take(CallQueueManager.java:288)&#10;        at org.apache.hadoop.ipc.Server$Handler.run(Server.java:2668)&#10;&quot;pool-198-thread-16&quot;  prio=5 tid=2565 in Object.wait()&#10;java.lang.Thread.State: WAITING (on object monitor)&#10;        at sun.misc.Unsafe.park(Native Method)&#10;        at java.util.concurrent.locks.LockSupport.park(LockSupport.java:175)&#10;        at java.util.concurrent.locks.AbstractQueuedSynchronizer$ConditionObject.await(AbstractQueuedSynchronizer.java:2039)&#10;        at java.util.concurrent.ArrayBlockingQueue.take(ArrayBlockingQueue.java:403)&#10;        at java.util.concurrent.ThreadPoolExecutor.getTask(ThreadPoolExecutor.java:1074)&#10;        at java.util.concurrent.ThreadPoolExecutor.runWorker(ThreadPoolExecutor.java:1134)&#10;        at java.util.concurrent.ThreadPoolExecutor$Worker.run(ThreadPoolExecutor.java:624)&#10;        at java.lang.Thread.run(Thread.java:748)&#10;&quot;pool-218-thread-42&quot;  prio=5 tid=2715 in Object.wait()&#10;java.lang.Thread.State: WAITING (on object monitor)&#10;        at sun.misc.Unsafe.park(Native Method)&#10;        at java.util.concurrent.locks.LockSupport.park(LockSupport.java:175)&#10;        at java.util.concurrent.locks.AbstractQueuedSynchronizer$ConditionObject.await(AbstractQueuedSynchronizer.java:2039)&#10;        at java.util.concurrent.ArrayBlockingQueue.take(ArrayBlockingQueue.java:403)&#10;        at java.util.concurrent.ThreadPoolExecutor.getTask(ThreadPoolExecutor.java:1074)&#10;        at java.util.concurrent.ThreadPoolExecutor.runWorker(ThreadPoolExecutor.java:1134)&#10;        at java.util.concurrent.ThreadPoolExecutor$Worker.run(ThreadPoolExecutor.java:624)&#10;        at java.lang.Thread.run(Thread.java:748)&#10;&quot;pool-146-thread-1&quot; daemon prio=5 tid=1972 timed_waiting&#10;java.lang.Thread.State: TIMED_WAITING&#10;        at sun.misc.Unsafe.park(Native Method)&#10;        at java.util.concurrent.locks.LockSupport.parkNanos(LockSupport.java:215)&#10;        at java.util.concurrent.locks.AbstractQueuedSynchronizer$ConditionObject.awaitNanos(AbstractQueuedSynchronizer.java:2078)&#10;        at java.util.concurrent.ScheduledThreadPoolExecutor$DelayedWorkQueue.take(ScheduledThreadPoolExecutor.java:1093)&#10;        at java.util.concurrent.ScheduledThreadPoolExecutor$DelayedWorkQueue.take(ScheduledThreadPoolExecutor.java:809)&#10;        at java.util.concurrent.ThreadPoolExecutor.getTask(ThreadPoolExecutor.java:1074)&#10;        at java.util.concurrent.ThreadPoolExecutor.runWorker(ThreadPoolExecutor.java:1134)&#10;        at java.util.concurrent.ThreadPoolExecutor$Worker.run(ThreadPoolExecutor.java:624)&#10;        at java.lang.Thread.run(Thread.java:748)&#10;&quot;org.apache.ratis.server.impl.LogAppender$AppenderDaemon$$Lambda$463/184788748@46cc3b95&quot; daemon prio=5 tid=3196 timed_waiting&#10;java.lang.Thread.State: TIMED_WAITING&#10;        at java.lang.Object.wait(Native Method)&#10;        at org.apache.ratis.grpc.server.GrpcLogAppender.mayWait(GrpcLogAppender.java:149)&#10;        at org.apache.ratis.grpc.server.GrpcLogAppender.runAppenderImpl(GrpcLogAppender.java:103)&#10;        at org.apache.ratis.server.impl.LogAppender$AppenderDaemon.run(LogAppender.java:76)&#10;        at org.apache.ratis.server.impl.LogAppender$AppenderDaemon$$Lambda$463/184788748.run(Unknown Source)&#10;        at java.lang.Thread.run(Thread.java:748)&#10;&quot;refreshUsed-/workdir/hadoop-ozone/integration-test/target/test-dir/MiniOzoneClusterImpl-6b3e2517-75a7-4dd9-8054-0b12e404e591/datanode-6/data/containers&quot; daemon prio=5 tid=2133 timed_waiting&#10;java.lang.Thread.State: TIMED_WAITING&#10;        at java.lang.Thread.sleep(Native Method)&#10;        at org.apache.hadoop.fs.CachingGetSpaceUsed$RefreshThread.run(CachingGetSpaceUsed.java:179)&#10;        at java.lang.Thread.run(Thread.java:748)&#10;&quot;qtp1404150776-1981&quot; daemon prio=5 tid=1981 timed_waiting&#10;java.lang.Thread.State: TIMED_WAITING&#10;        at sun.misc.Unsafe.park(Native Method)&#10;        at java.util.concurrent.locks.LockSupport.parkNanos(LockSupport.java:215)&#10;        at java.util.concurrent.locks.AbstractQueuedSynchronizer$ConditionObject.awaitNanos(AbstractQueuedSynchronizer.java:2078)&#10;        at org.eclipse.jetty.util.BlockingArrayQueue.poll(BlockingArrayQueue.java:392)&#10;        at org.eclipse.jetty.util.thread.QueuedThreadPool.idleJobPoll(QueuedThreadPool.java:563)&#10;        at org.eclipse.jetty.util.thread.QueuedThreadPool.access$800(QueuedThreadPool.java:48)&#10;        at org.eclipse.jetty.util.thread.QueuedThreadPool$2.run(QueuedThreadPool.java:626)&#10;        at java.lang.Thread.run(Thread.java:748)&#10;&quot;IPC Server Responder&quot; daemon prio=5 tid=1931 runnable&#10;java.lang.Thread.State: RUNNABLE&#10;        at sun.nio.ch.EPollArrayWrapper.epollWait(Native Method)&#10;        at sun.nio.ch.EPollArrayWrapper.poll(EPollArrayWrapper.java:269)&#10;        at sun.nio.ch.EPollSelectorImpl.doSelect(EPollSelectorImpl.java:93)&#10;        at sun.nio.ch.SelectorImpl.lockAndDoSelect(SelectorImpl.java:86)&#10;        at sun.nio.ch.SelectorImpl.select(SelectorImpl.java:97)&#10;        at org.apache.hadoop.ipc.Server$Responder.doRunLoop(Server.java:1334)&#10;        at org.apache.hadoop.ipc.Server$Responder.run(Server.java:1317)&#10;&quot;pool-238-thread-3&quot;  prio=5 tid=2800 in Object.wait()&#10;java.lang.Thread.State: WAITING (on object monitor)&#10;        at sun.misc.Unsafe.park(Native Method)&#10;        at java.util.concurrent.locks.LockSupport.park(LockSupport.java:175)&#10;        at java.util.concurrent.locks.AbstractQueuedSynchronizer$ConditionObject.await(AbstractQueuedSynchronizer.java:2039)&#10;        at java.util.concurrent.ArrayBlockingQueue.take(ArrayBlockingQueue.java:403)&#10;        at java.util.concurrent.ThreadPoolExecutor.getTask(ThreadPoolExecutor.java:1074)&#10;        at java.util.concurrent.ThreadPoolExecutor.runWorker(ThreadPoolExecutor.java:1134)&#10;        at java.util.concurrent.ThreadPoolExecutor$Worker.run(ThreadPoolExecutor.java:624)&#10;        at java.lang.Thread.run(Thread.java:748)&#10;&quot;org.eclipse.jetty.server.session.HashSessionManager@889a8a8Timer&quot; daemon prio=5 tid=2093 timed_waiting&#10;java.lang.Thread.State: TIMED_WAITING&#10;        at sun.misc.Unsafe.park(Native Method)&#10;        at java.util.concurrent.locks.LockSupport.parkNanos(LockSupport.java:215)&#10;        at java.util.concurrent.locks.AbstractQueuedSynchronizer$ConditionObject.awaitNanos(AbstractQueuedSynchronizer.java:2078)&#10;        at java.util.concurrent.ScheduledThreadPoolExecutor$DelayedWorkQueue.take(ScheduledThreadPoolExecutor.java:1093)&#10;        at java.util.concurrent.ScheduledThreadPoolExecutor$DelayedWorkQueue.take(ScheduledThreadPoolExecutor.java:809)&#10;        at java.util.concurrent.ThreadPoolExecutor.getTask(ThreadPoolExecutor.java:1074)&#10;        at java.util.concurrent.ThreadPoolExecutor.runWorker(ThreadPoolExecutor.java:1134)&#10;        at java.util.concurrent.ThreadPoolExecutor$Worker.run(ThreadPoolExecutor.java:624)&#10;        at java.lang.Thread.run(Thread.java:748)&#10;&quot;IPC Server handler 18 on 45554&quot; daemon prio=5 tid=1953 timed_waiting&#10;java.lang.Thread.State: TIMED_WAITING&#10;        at sun.misc.Unsafe.park(Native Method)&#10;        at java.util.concurrent.locks.LockSupport.parkNanos(LockSupport.java:215)&#10;        at java.util.concurrent.locks.AbstractQueuedSynchronizer$ConditionObject.awaitNanos(AbstractQueuedSynchronizer.java:2078)&#10;        at java.util.concurrent.LinkedBlockingQueue.poll(LinkedBlockingQueue.java:467)&#10;        at org.apache.hadoop.ipc.CallQueueManager.take(CallQueueManager.java:288)&#10;        at org.apache.hadoop.ipc.Server$Handler.run(Server.java:2668)&#10;&quot;IPC Client (465909321) connection to /0.0.0.0:42444 from jenkins1000&quot; daemon prio=5 tid=2238 timed_waiting&#10;java.lang.Thread.State: TIMED_WAITING&#10;        at java.lang.Object.wait(Native Method)&#10;        at org.apache.hadoop.ipc.Client$Connection.waitForWork(Client.java:1024)&#10;        at org.apache.hadoop.ipc.Client$Connection.run(Client.java:1068)&#10;&quot;qtp1768471788-2031-acceptor-0@7b89ca56-ServerConnector@152c4495{HTTP/1.1,[http/1.1]}{0.0.0.0:35317}&quot; daemon prio=3 tid=2031 runnable&#10;java.lang.Thread.State: RUNNABLE&#10;        at sun.nio.ch.ServerSocketChannelImpl.accept0(Native Method)&#10;        at sun.nio.ch.ServerSocketChannelImpl.accept(ServerSocketChannelImpl.java:422)&#10;        at sun.nio.ch.ServerSocketChannelImpl.accept(ServerSocketChannelImpl.java:250)&#10;        at org.eclipse.jetty.server.ServerConnector.accept(ServerConnector.java:397)&#10;        at org.eclipse.jetty.server.AbstractConnector$Acceptor.run(AbstractConnector.java:601)&#10;        at org.eclipse.jetty.util.thread.QueuedThreadPool.runJob(QueuedThreadPool.java:671)&#10;        at org.eclipse.jetty.util.thread.QueuedThreadPool$2.run(QueuedThreadPool.java:589)&#10;        at java.lang.Thread.run(Thread.java:748)&#10;&quot;IPC Server handler 11 on 42444&quot; daemon prio=5 tid=1903 timed_waiting&#10;java.lang.Thread.State: TIMED_WAITING&#10;        at sun.misc.Unsafe.park(Native Method)&#10;        at java.util.concurrent.locks.LockSupport.parkNanos(LockSupport.java:215)&#10;        at java.util.concurrent.locks.AbstractQueuedSynchronizer$ConditionObject.awaitNanos(AbstractQueuedSynchronizer.java:2078)&#10;        at java.util.concurrent.LinkedBlockingQueue.poll(LinkedBlockingQueue.java:467)&#10;        at org.apache.hadoop.ipc.CallQueueManager.take(CallQueueManager.java:288)&#10;        at org.apache.hadoop.ipc.Server$Handler.run(Server.java:2668)&#10;&quot;pool-208-thread-9&quot;  prio=5 tid=2620 in Object.wait()&#10;java.lang.Thread.State: WAITING (on object monitor)&#10;        at sun.misc.Unsafe.park(Native Method)&#10;        at java.util.concurrent.locks.LockSupport.park(LockSupport.java:175)&#10;        at java.util.concurrent.locks.AbstractQueuedSynchronizer$ConditionObject.await(AbstractQueuedSynchronizer.java:2039)&#10;        at java.util.concurrent.ArrayBlockingQueue.take(ArrayBlockingQueue.java:403)&#10;        at java.util.concurrent.ThreadPoolExecutor.getTask(ThreadPoolExecutor.java:1074)&#10;        at java.util.concurrent.ThreadPoolExecutor.runWorker(ThreadPoolExecutor.java:1134)&#10;        at java.util.concurrent.ThreadPoolExecutor$Worker.run(ThreadPoolExecutor.java:624)&#10;        at java.lang.Thread.run(Thread.java:748)&#10;&quot;pool-228-thread-6&quot;  prio=5 tid=2741 in Object.wait()&#10;java.lang.Thread.State: WAITING (on object monitor)&#10;        at sun.misc.Unsafe.park(Native Method)&#10;        at java.util.concurrent.locks.LockSupport.park(LockSupport.java:175)&#10;        at java.util.concurrent.locks.AbstractQueuedSynchronizer$ConditionObject.await(AbstractQueuedSynchronizer.java:2039)&#10;        at java.util.concurrent.ArrayBlockingQueue.take(ArrayBlockingQueue.java:403)&#10;        at java.util.concurrent.ThreadPoolExecutor.getTask(ThreadPoolExecutor.java:1074)&#10;        at java.util.concurrent.ThreadPoolExecutor.runWorker(ThreadPoolExecutor.java:1134)&#10;        at java.util.concurrent.ThreadPoolExecutor$Worker.run(ThreadPoolExecutor.java:624)&#10;        at java.lang.Thread.run(Thread.java:748)&#10;&quot;IPC Server handler 16 on 35974&quot; daemon prio=5 tid=1868 timed_waiting&#10;java.lang.Thread.State: TIMED_WAITING&#10;        at sun.misc.Unsafe.park(Native Method)&#10;        at java.util.concurrent.locks.LockSupport.parkNanos(LockSupport.java:215)&#10;        at java.util.concurrent.locks.AbstractQueuedSynchronizer$ConditionObject.awaitNanos(AbstractQueuedSynchronizer.java:2078)&#10;        at java.util.concurrent.LinkedBlockingQueue.poll(LinkedBlockingQueue.java:467)&#10;        at org.apache.hadoop.ipc.CallQueueManager.take(CallQueueManager.java:288)&#10;        at org.apache.hadoop.ipc.Server$Handler.run(Server.java:2668)&#10;&quot;pool-218-thread-2&quot;  prio=5 tid=2675 in Object.wait()&#10;java.lang.Thread.State: WAITING (on object monitor)&#10;        at sun.misc.Unsafe.park(Native Method)&#10;        at java.util.concurrent.locks.LockSupport.park(LockSupport.java:175)&#10;        at java.util.concurrent.locks.AbstractQueuedSynchronizer$ConditionObject.await(AbstractQueuedSynchronizer.java:2039)&#10;        at java.util.concurrent.ArrayBlockingQueue.take(ArrayBlockingQueue.java:403)&#10;        at java.util.concurrent.ThreadPoolExecutor.getTask(ThreadPoolExecutor.java:1074)&#10;        at java.util.concurrent.ThreadPoolExecutor.runWorker(ThreadPoolExecutor.java:1134)&#10;        at java.util.concurrent.ThreadPoolExecutor$Worker.run(ThreadPoolExecutor.java:624)&#10;        at java.lang.Thread.run(Thread.java:748)&#10;&quot;pool-158-thread-13&quot;  prio=5 tid=2314 in Object.wait()&#10;java.lang.Thread.State: WAITING (on object monitor)&#10;        at sun.misc.Unsafe.park(Native Method)&#10;        at java.util.concurrent.locks.LockSupport.park(LockSupport.java:175)&#10;        at java.util.concurrent.locks.AbstractQueuedSynchronizer$ConditionObject.await(AbstractQueuedSynchronizer.java:2039)&#10;        at java.util.concurrent.ArrayBlockingQueue.take(ArrayBlockingQueue.java:403)&#10;        at java.util.concurrent.ThreadPoolExecutor.getTask(ThreadPoolExecutor.java:1074)&#10;        at java.util.concurrent.ThreadPoolExecutor.runWorker(ThreadPoolExecutor.java:1134)&#10;        at java.util.concurrent.ThreadPoolExecutor$Worker.run(ThreadPoolExecutor.java:624)&#10;        at java.lang.Thread.run(Thread.java:748)&#10;&quot;pool-130-thread-1&quot;  prio=5 tid=1849 timed_waiting&#10;java.lang.Thread.State: TIMED_WAITING&#10;        at sun.misc.Unsafe.park(Native Method)&#10;        at java.util.concurrent.locks.LockSupport.parkNanos(LockSupport.java:215)&#10;        at java.util.concurrent.locks.AbstractQueuedSynchronizer$ConditionObject.awaitNanos(AbstractQueuedSynchronizer.java:2078)&#10;        at java.util.concurrent.ScheduledThreadPoolExecutor$DelayedWorkQueue.take(ScheduledThreadPoolExecutor.java:1093)&#10;        at java.util.concurrent.ScheduledThreadPoolExecutor$DelayedWorkQueue.take(ScheduledThreadPoolExecutor.java:809)&#10;        at java.util.concurrent.ThreadPoolExecutor.getTask(ThreadPoolExecutor.java:1074)&#10;        at java.util.concurrent.ThreadPoolExecutor.runWorker(ThreadPoolExecutor.java:1134)&#10;        at java.util.concurrent.ThreadPoolExecutor$Worker.run(ThreadPoolExecutor.java:624)&#10;        at java.lang.Thread.run(Thread.java:748)&#10;&#10;" type="java.util.concurrent.TimeoutException">java.util.concurrent.TimeoutException: 
Timed out waiting for condition. Thread diagnostics:
Timestamp: 2019-11-14 03:08:24,846

"pool-172-thread-1"  prio=5 tid=2029 timed_waiting
java.lang.Thread.State: TIMED_WAITING
        at sun.misc.Unsafe.park(Native Method)
        at java.util.concurrent.locks.LockSupport.parkNanos(LockSupport.java:215)
        at java.util.concurrent.locks.AbstractQueuedSynchronizer$ConditionObject.awaitNanos(AbstractQueuedSynchronizer.java:2078)
        at java.util.concurrent.ScheduledThreadPoolExecutor$DelayedWorkQueue.take(ScheduledThreadPoolExecutor.java:1093)
        at java.util.concurrent.ScheduledThreadPoolExecutor$DelayedWorkQueue.take(ScheduledThreadPoolExecutor.java:809)
        at java.util.concurrent.ThreadPoolExecutor.getTask(ThreadPoolExecutor.java:1074)
        at java.util.concurrent.ThreadPoolExecutor.runWorker(ThreadPoolExecutor.java:1134)
        at java.util.concurrent.ThreadPoolExecutor$Worker.run(ThreadPoolExecutor.java:624)
        at java.lang.Thread.run(Thread.java:748)
"pool-148-thread-13"  prio=5 tid=2251 in Object.wait()
java.lang.Thread.State: WAITING (on object monitor)
        at sun.misc.Unsafe.park(Native Method)
        at java.util.concurrent.locks.LockSupport.park(LockSupport.java:175)
        at java.util.concurrent.locks.AbstractQueuedSynchronizer$ConditionObject.await(AbstractQueuedSynchronizer.java:2039)
        at java.util.concurrent.ArrayBlockingQueue.take(ArrayBlockingQueue.java:403)
        at java.util.concurrent.ThreadPoolExecutor.getTask(ThreadPoolExecutor.java:1074)
        at java.util.concurrent.ThreadPoolExecutor.runWorker(ThreadPoolExecutor.java:1134)
        at java.util.concurrent.ThreadPoolExecutor$Worker.run(ThreadPoolExecutor.java:624)
        at java.lang.Thread.run(Thread.java:748)
"Datanode ReportManager Thread - 0" daemon prio=5 tid=2123 in Object.wait()
java.lang.Thread.State: WAITING (on object monitor)
        at sun.misc.Unsafe.park(Native Method)
        at java.util.concurrent.locks.LockSupport.park(LockSupport.java:175)
        at java.util.concurrent.locks.AbstractQueuedSynchronizer$ConditionObject.await(AbstractQueuedSynchronizer.java:2039)
        at java.util.concurrent.ScheduledThreadPoolExecutor$DelayedWorkQueue.take(ScheduledThreadPoolExecutor.java:1088)
        at java.util.concurrent.ScheduledThreadPoolExecutor$DelayedWorkQueue.take(ScheduledThreadPoolExecutor.java:809)
        at java.util.concurrent.ThreadPoolExecutor.getTask(ThreadPoolExecutor.java:1074)
        at java.util.concurrent.ThreadPoolExecutor.runWorker(ThreadPoolExecutor.java:1134)
        at java.util.concurrent.ThreadPoolExecutor$Worker.run(ThreadPoolExecutor.java:624)
        at java.lang.Thread.run(Thread.java:748)
"pool-208-thread-30"  prio=5 tid=2641 in Object.wait()
java.lang.Thread.State: WAITING (on object monitor)
        at sun.misc.Unsafe.park(Native Method)
        at java.util.concurrent.locks.LockSupport.park(LockSupport.java:175)
        at java.util.concurrent.locks.AbstractQueuedSynchronizer$ConditionObject.await(AbstractQueuedSynchronizer.java:2039)
        at java.util.concurrent.ArrayBlockingQueue.take(ArrayBlockingQueue.java:403)
        at java.util.concurrent.ThreadPoolExecutor.getTask(ThreadPoolExecutor.java:1074)
        at java.util.concurrent.ThreadPoolExecutor.runWorker(ThreadPoolExecutor.java:1134)
        at java.util.concurrent.ThreadPoolExecutor$Worker.run(ThreadPoolExecutor.java:624)
        at java.lang.Thread.run(Thread.java:748)
"IPC Server handler 9 on 43737" daemon prio=5 tid=1881 timed_waiting
java.lang.Thread.State: TIMED_WAITING
        at sun.misc.Unsafe.park(Native Method)
        at java.util.concurrent.locks.LockSupport.parkNanos(LockSupport.java:215)
        at java.util.concurrent.locks.AbstractQueuedSynchronizer$ConditionObject.awaitNanos(AbstractQueuedSynchronizer.java:2078)
        at java.util.concurrent.LinkedBlockingQueue.poll(LinkedBlockingQueue.java:467)
        at org.apache.hadoop.ipc.CallQueueManager.take(CallQueueManager.java:288)
        at org.apache.hadoop.ipc.Server$Handler.run(Server.java:2668)
"qtp1768471788-2033" daemon prio=5 tid=2033 timed_waiting
java.lang.Thread.State: TIMED_WAITING
        at sun.misc.Unsafe.park(Native Method)
        at java.util.concurrent.locks.LockSupport.parkNanos(LockSupport.java:215)
        at java.util.concurrent.locks.AbstractQueuedSynchronizer$ConditionObject.awaitNanos(AbstractQueuedSynchronizer.java:2078)
        at org.eclipse.jetty.util.BlockingArrayQueue.poll(BlockingArrayQueue.java:392)
        at org.eclipse.jetty.util.thread.QueuedThreadPool.idleJobPoll(QueuedThreadPool.java:563)
        at org.eclipse.jetty.util.thread.QueuedThreadPool.access$800(QueuedThreadPool.java:48)
        at org.eclipse.jetty.util.thread.QueuedThreadPool$2.run(QueuedThreadPool.java:626)
        at java.lang.Thread.run(Thread.java:748)
"qtp81705968-2062" daemon prio=5 tid=2062 timed_waiting
java.lang.Thread.State: TIMED_WAITING
        at sun.misc.Unsafe.park(Native Method)
        at java.util.concurrent.locks.LockSupport.parkNanos(LockSupport.java:215)
        at java.util.concurrent.locks.AbstractQueuedSynchronizer$ConditionObject.awaitNanos(AbstractQueuedSynchronizer.java:2078)
        at org.eclipse.jetty.util.BlockingArrayQueue.poll(BlockingArrayQueue.java:392)
        at org.eclipse.jetty.util.thread.QueuedThreadPool.idleJobPoll(QueuedThreadPool.java:563)
        at org.eclipse.jetty.util.thread.QueuedThreadPool.access$800(QueuedThreadPool.java:48)
        at org.eclipse.jetty.util.thread.QueuedThreadPool$2.run(QueuedThreadPool.java:626)
        at java.lang.Thread.run(Thread.java:748)
"a96edad4-0b0c-48cb-948a-93b2fbf7c409@group-CE93C81AF12A-StateMachineUpdater" daemon prio=5 tid=3110 in Object.wait()
java.lang.Thread.State: WAITING (on object monitor)
        at java.lang.Object.wait(Native Method)
        at java.lang.Object.wait(Object.java:502)
        at org.apache.ratis.server.impl.StateMachineUpdater.waitForCommit(StateMachineUpdater.java:194)
        at org.apache.ratis.server.impl.StateMachineUpdater.run(StateMachineUpdater.java:159)
        at java.lang.Thread.run(Thread.java:748)
"qtp955153053-2199" daemon prio=5 tid=2199 timed_waiting
java.lang.Thread.State: TIMED_WAITING
        at sun.misc.Unsafe.park(Native Method)
        at java.util.concurrent.locks.LockSupport.parkNanos(LockSupport.java:215)
        at java.util.concurrent.locks.AbstractQueuedSynchronizer$ConditionObject.awaitNanos(AbstractQueuedSynchronizer.java:2078)
        at org.eclipse.jetty.util.BlockingArrayQueue.poll(BlockingArrayQueue.java:392)
        at org.eclipse.jetty.util.thread.QueuedThreadPool.idleJobPoll(QueuedThreadPool.java:563)
        at org.eclipse.jetty.util.thread.QueuedThreadPool.access$800(QueuedThreadPool.java:48)
        at org.eclipse.jetty.util.thread.QueuedThreadPool$2.run(QueuedThreadPool.java:626)
        at java.lang.Thread.run(Thread.java:748)
"pool-238-thread-55"  prio=5 tid=2852 in Object.wait()
java.lang.Thread.State: WAITING (on object monitor)
        at sun.misc.Unsafe.park(Native Method)
        at java.util.concurrent.locks.LockSupport.park(LockSupport.java:175)
        at java.util.concurrent.locks.AbstractQueuedSynchronizer$ConditionObject.await(AbstractQueuedSynchronizer.java:2039)
        at java.util.concurrent.ArrayBlockingQueue.take(ArrayBlockingQueue.java:403)
        at java.util.concurrent.ThreadPoolExecutor.getTask(ThreadPoolExecutor.java:1074)
        at java.util.concurrent.ThreadPoolExecutor.runWorker(ThreadPoolExecutor.java:1134)
        at java.util.concurrent.ThreadPoolExecutor$Worker.run(ThreadPoolExecutor.java:624)
        at java.lang.Thread.run(Thread.java:748)
"pool-238-thread-59"  prio=5 tid=2856 in Object.wait()
java.lang.Thread.State: WAITING (on object monitor)
        at sun.misc.Unsafe.park(Native Method)
        at java.util.concurrent.locks.LockSupport.park(LockSupport.java:175)
        at java.util.concurrent.locks.AbstractQueuedSynchronizer$ConditionObject.await(AbstractQueuedSynchronizer.java:2039)
        at java.util.concurrent.ArrayBlockingQueue.take(ArrayBlockingQueue.java:403)
        at java.util.concurrent.ThreadPoolExecutor.getTask(ThreadPoolExecutor.java:1074)
        at java.util.concurrent.ThreadPoolExecutor.runWorker(ThreadPoolExecutor.java:1134)
        at java.util.concurrent.ThreadPoolExecutor$Worker.run(ThreadPoolExecutor.java:624)
        at java.lang.Thread.run(Thread.java:748)
"IPC Server handler 17 on 45554" daemon prio=5 tid=1952 timed_waiting
java.lang.Thread.State: TIMED_WAITING
        at sun.misc.Unsafe.park(Native Method)
        at java.util.concurrent.locks.LockSupport.parkNanos(LockSupport.java:215)
        at java.util.concurrent.locks.AbstractQueuedSynchronizer$ConditionObject.awaitNanos(AbstractQueuedSynchronizer.java:2078)
        at java.util.concurrent.LinkedBlockingQueue.poll(LinkedBlockingQueue.java:467)
        at org.apache.hadoop.ipc.CallQueueManager.take(CallQueueManager.java:288)
        at org.apache.hadoop.ipc.Server$Handler.run(Server.java:2668)
"pool-238-thread-1"  prio=5 tid=2798 in Object.wait()
java.lang.Thread.State: WAITING (on object monitor)
        at sun.misc.Unsafe.park(Native Method)
        at java.util.concurrent.locks.LockSupport.park(LockSupport.java:175)
        at java.util.concurrent.locks.AbstractQueuedSynchronizer$ConditionObject.await(AbstractQueuedSynchronizer.java:2039)
        at java.util.concurrent.ArrayBlockingQueue.take(ArrayBlockingQueue.java:403)
        at java.util.concurrent.ThreadPoolExecutor.getTask(ThreadPoolExecutor.java:1074)
        at java.util.concurrent.ThreadPoolExecutor.runWorker(ThreadPoolExecutor.java:1134)
        at java.util.concurrent.ThreadPoolExecutor$Worker.run(ThreadPoolExecutor.java:624)
        at java.lang.Thread.run(Thread.java:748)
"Datanode State Machine Thread - 0" daemon prio=5 tid=2048 timed_waiting
java.lang.Thread.State: TIMED_WAITING
        at sun.misc.Unsafe.park(Native Method)
        at java.util.concurrent.locks.LockSupport.parkNanos(LockSupport.java:215)
        at java.util.concurrent.SynchronousQueue$TransferStack.awaitFulfill(SynchronousQueue.java:460)
        at java.util.concurrent.SynchronousQueue$TransferStack.transfer(SynchronousQueue.java:362)
        at java.util.concurrent.SynchronousQueue.poll(SynchronousQueue.java:941)
        at java.util.concurrent.ThreadPoolExecutor.getTask(ThreadPoolExecutor.java:1073)
        at java.util.concurrent.ThreadPoolExecutor.runWorker(ThreadPoolExecutor.java:1134)
        at java.util.concurrent.ThreadPoolExecutor$Worker.run(ThreadPoolExecutor.java:624)
        at java.lang.Thread.run(Thread.java:748)
"pool-228-thread-41"  prio=5 tid=2776 in Object.wait()
java.lang.Thread.State: WAITING (on object monitor)
        at sun.misc.Unsafe.park(Native Method)
        at java.util.concurrent.locks.LockSupport.park(LockSupport.java:175)
        at java.util.concurrent.locks.AbstractQueuedSynchronizer$ConditionObject.await(AbstractQueuedSynchronizer.java:2039)
        at java.util.concurrent.ArrayBlockingQueue.take(ArrayBlockingQueue.java:403)
        at java.util.concurrent.ThreadPoolExecutor.getTask(ThreadPoolExecutor.java:1074)
        at java.util.concurrent.ThreadPoolExecutor.runWorker(ThreadPoolExecutor.java:1134)
        at java.util.concurrent.ThreadPoolExecutor$Worker.run(ThreadPoolExecutor.java:624)
        at java.lang.Thread.run(Thread.java:748)
"DataNode DiskChecker thread 0" daemon prio=5 tid=2053 timed_waiting
java.lang.Thread.State: TIMED_WAITING
        at sun.misc.Unsafe.park(Native Method)
        at java.util.concurrent.locks.LockSupport.parkNanos(LockSupport.java:215)
        at java.util.concurrent.SynchronousQueue$TransferStack.awaitFulfill(SynchronousQueue.java:460)
        at java.util.concurrent.SynchronousQueue$TransferStack.transfer(SynchronousQueue.java:362)
        at java.util.concurrent.SynchronousQueue.poll(SynchronousQueue.java:941)
        at java.util.concurrent.ThreadPoolExecutor.getTask(ThreadPoolExecutor.java:1073)
        at java.util.concurrent.ThreadPoolExecutor.runWorker(ThreadPoolExecutor.java:1134)
        at java.util.concurrent.ThreadPoolExecutor$Worker.run(ThreadPoolExecutor.java:624)
        at java.lang.Thread.run(Thread.java:748)
"pool-226-thread-1" daemon prio=5 tid=2189 timed_waiting
java.lang.Thread.State: TIMED_WAITING
        at sun.misc.Unsafe.park(Native Method)
        at java.util.concurrent.locks.LockSupport.parkNanos(LockSupport.java:215)
        at java.util.concurrent.locks.AbstractQueuedSynchronizer$ConditionObject.awaitNanos(AbstractQueuedSynchronizer.java:2078)
        at java.util.concurrent.ScheduledThreadPoolExecutor$DelayedWorkQueue.take(ScheduledThreadPoolExecutor.java:1093)
        at java.util.concurrent.ScheduledThreadPoolExecutor$DelayedWorkQueue.take(ScheduledThreadPoolExecutor.java:809)
        at java.util.concurrent.ThreadPoolExecutor.getTask(ThreadPoolExecutor.java:1074)
        at java.util.concurrent.ThreadPoolExecutor.runWorker(ThreadPoolExecutor.java:1134)
        at java.util.concurrent.ThreadPoolExecutor$Worker.run(ThreadPoolExecutor.java:624)
        at java.lang.Thread.run(Thread.java:748)
"Datanode ReportManager Thread - 2" daemon prio=5 tid=2179 in Object.wait()
java.lang.Thread.State: WAITING (on object monitor)
        at sun.misc.Unsafe.park(Native Method)
        at java.util.concurrent.locks.LockSupport.park(LockSupport.java:175)
        at java.util.concurrent.locks.AbstractQueuedSynchronizer$ConditionObject.await(AbstractQueuedSynchronizer.java:2039)
        at java.util.concurrent.ScheduledThreadPoolExecutor$DelayedWorkQueue.take(ScheduledThreadPoolExecutor.java:1088)
        at java.util.concurrent.ScheduledThreadPoolExecutor$DelayedWorkQueue.take(ScheduledThreadPoolExecutor.java:809)
        at java.util.concurrent.ThreadPoolExecutor.getTask(ThreadPoolExecutor.java:1074)
        at java.util.concurrent.ThreadPoolExecutor.runWorker(ThreadPoolExecutor.java:1134)
        at java.util.concurrent.ThreadPoolExecutor$Worker.run(ThreadPoolExecutor.java:624)
        at java.lang.Thread.run(Thread.java:748)
"Datanode ReportManager Thread - 1" daemon prio=5 tid=2070 timed_waiting
java.lang.Thread.State: TIMED_WAITING
        at sun.misc.Unsafe.park(Native Method)
        at java.util.concurrent.locks.LockSupport.parkNanos(LockSupport.java:215)
        at java.util.concurrent.locks.AbstractQueuedSynchronizer$ConditionObject.awaitNanos(AbstractQueuedSynchronizer.java:2078)
        at java.util.concurrent.ScheduledThreadPoolExecutor$DelayedWorkQueue.take(ScheduledThreadPoolExecutor.java:1093)
        at java.util.concurrent.ScheduledThreadPoolExecutor$DelayedWorkQueue.take(ScheduledThreadPoolExecutor.java:809)
        at java.util.concurrent.ThreadPoolExecutor.getTask(ThreadPoolExecutor.java:1074)
        at java.util.concurrent.ThreadPoolExecutor.runWorker(ThreadPoolExecutor.java:1134)
        at java.util.concurrent.ThreadPoolExecutor$Worker.run(ThreadPoolExecutor.java:624)
        at java.lang.Thread.run(Thread.java:748)
"Datanode ReportManager Thread - 0" daemon prio=5 tid=279 in Object.wait()
java.lang.Thread.State: WAITING (on object monitor)
        at sun.misc.Unsafe.park(Native Method)
        at java.util.concurrent.locks.LockSupport.park(LockSupport.java:175)
        at java.util.concurrent.locks.AbstractQueuedSynchronizer$ConditionObject.await(AbstractQueuedSynchronizer.java:2039)
        at java.util.concurrent.ScheduledThreadPoolExecutor$DelayedWorkQueue.take(ScheduledThreadPoolExecutor.java:1088)
        at java.util.concurrent.ScheduledThreadPoolExecutor$DelayedWorkQueue.take(ScheduledThreadPoolExecutor.java:809)
        at java.util.concurrent.ThreadPoolExecutor.getTask(ThreadPoolExecutor.java:1074)
        at java.util.concurrent.ThreadPoolExecutor.runWorker(ThreadPoolExecutor.java:1134)
        at java.util.concurrent.ThreadPoolExecutor$Worker.run(ThreadPoolExecutor.java:624)
        at java.lang.Thread.run(Thread.java:748)
"pool-158-thread-55"  prio=5 tid=2356 in Object.wait()
java.lang.Thread.State: WAITING (on object monitor)
        at sun.misc.Unsafe.park(Native Method)
        at java.util.concurrent.locks.LockSupport.park(LockSupport.java:175)
        at java.util.concurrent.locks.AbstractQueuedSynchronizer$ConditionObject.await(AbstractQueuedSynchronizer.java:2039)
        at java.util.concurrent.ArrayBlockingQueue.take(ArrayBlockingQueue.java:403)
        at java.util.concurrent.ThreadPoolExecutor.getTask(ThreadPoolExecutor.java:1074)
        at java.util.concurrent.ThreadPoolExecutor.runWorker(ThreadPoolExecutor.java:1134)
        at java.util.concurrent.ThreadPoolExecutor$Worker.run(ThreadPoolExecutor.java:624)
        at java.lang.Thread.run(Thread.java:748)
"pool-178-thread-44"  prio=5 tid=2469 in Object.wait()
java.lang.Thread.State: WAITING (on object monitor)
        at sun.misc.Unsafe.park(Native Method)
        at java.util.concurrent.locks.LockSupport.park(LockSupport.java:175)
        at java.util.concurrent.locks.AbstractQueuedSynchronizer$ConditionObject.await(AbstractQueuedSynchronizer.java:2039)
        at java.util.concurrent.ArrayBlockingQueue.take(ArrayBlockingQueue.java:403)
        at java.util.concurrent.ThreadPoolExecutor.getTask(ThreadPoolExecutor.java:1074)
        at java.util.concurrent.ThreadPoolExecutor.runWorker(ThreadPoolExecutor.java:1134)
        at java.util.concurrent.ThreadPoolExecutor$Worker.run(ThreadPoolExecutor.java:624)
        at java.lang.Thread.run(Thread.java:748)
"pool-178-thread-19"  prio=5 tid=2444 in Object.wait()
java.lang.Thread.State: WAITING (on object monitor)
        at sun.misc.Unsafe.park(Native Method)
        at java.util.concurrent.locks.LockSupport.park(LockSupport.java:175)
        at java.util.concurrent.locks.AbstractQueuedSynchronizer$ConditionObject.await(AbstractQueuedSynchronizer.java:2039)
        at java.util.concurrent.ArrayBlockingQueue.take(ArrayBlockingQueue.java:403)
        at java.util.concurrent.ThreadPoolExecutor.getTask(ThreadPoolExecutor.java:1074)
        at java.util.concurrent.ThreadPoolExecutor.runWorker(ThreadPoolExecutor.java:1134)
        at java.util.concurrent.ThreadPoolExecutor$Worker.run(ThreadPoolExecutor.java:624)
        at java.lang.Thread.run(Thread.java:748)
"Thread-1559" daemon prio=5 tid=3218 timed_waiting
java.lang.Thread.State: TIMED_WAITING
        at java.lang.Thread.sleep(Native Method)
        at org.apache.ratis.util.JavaUtils.sleep(JavaUtils.java:243)
        at org.apache.ratis.server.impl.FollowerState.run(FollowerState.java:100)
"Thread-1558" daemon prio=5 tid=3217 timed_waiting
java.lang.Thread.State: TIMED_WAITING
        at java.lang.Thread.sleep(Native Method)
        at org.apache.ratis.util.JavaUtils.sleep(JavaUtils.java:243)
        at org.apache.ratis.server.impl.FollowerState.run(FollowerState.java:100)
"pool-178-thread-53"  prio=5 tid=2478 in Object.wait()
java.lang.Thread.State: WAITING (on object monitor)
        at sun.misc.Unsafe.park(Native Method)
        at java.util.concurrent.locks.LockSupport.park(LockSupport.java:175)
        at java.util.concurrent.locks.AbstractQueuedSynchronizer$ConditionObject.await(AbstractQueuedSynchronizer.java:2039)
        at java.util.concurrent.ArrayBlockingQueue.take(ArrayBlockingQueue.java:403)
        at java.util.concurrent.ThreadPoolExecutor.getTask(ThreadPoolExecutor.java:1074)
        at java.util.concurrent.ThreadPoolExecutor.runWorker(ThreadPoolExecutor.java:1134)
        at java.util.concurrent.ThreadPoolExecutor$Worker.run(ThreadPoolExecutor.java:624)
        at java.lang.Thread.run(Thread.java:748)
"pool-218-thread-48"  prio=5 tid=2721 in Object.wait()
java.lang.Thread.State: WAITING (on object monitor)
        at sun.misc.Unsafe.park(Native Method)
        at java.util.concurrent.locks.LockSupport.park(LockSupport.java:175)
        at java.util.concurrent.locks.AbstractQueuedSynchronizer$ConditionObject.await(AbstractQueuedSynchronizer.java:2039)
        at java.util.concurrent.ArrayBlockingQueue.take(ArrayBlockingQueue.java:403)
        at java.util.concurrent.ThreadPoolExecutor.getTask(ThreadPoolExecutor.java:1074)
        at java.util.concurrent.ThreadPoolExecutor.runWorker(ThreadPoolExecutor.java:1134)
        at java.util.concurrent.ThreadPoolExecutor$Worker.run(ThreadPoolExecutor.java:624)
        at java.lang.Thread.run(Thread.java:748)
"pool-218-thread-24"  prio=5 tid=2697 in Object.wait()
java.lang.Thread.State: WAITING (on object monitor)
        at sun.misc.Unsafe.park(Native Method)
        at java.util.concurrent.locks.LockSupport.park(LockSupport.java:175)
        at java.util.concurrent.locks.AbstractQueuedSynchronizer$ConditionObject.await(AbstractQueuedSynchronizer.java:2039)
        at java.util.concurrent.ArrayBlockingQueue.take(ArrayBlockingQueue.java:403)
        at java.util.concurrent.ThreadPoolExecutor.getTask(ThreadPoolExecutor.java:1074)
        at java.util.concurrent.ThreadPoolExecutor.runWorker(ThreadPoolExecutor.java:1134)
        at java.util.concurrent.ThreadPoolExecutor$Worker.run(ThreadPoolExecutor.java:624)
        at java.lang.Thread.run(Thread.java:748)
"org.eclipse.jetty.server.session.HashSessionManager@163042eaTimer" daemon prio=5 tid=1984 timed_waiting
java.lang.Thread.State: TIMED_WAITING
        at sun.misc.Unsafe.park(Native Method)
        at java.util.concurrent.locks.LockSupport.parkNanos(LockSupport.java:215)
        at java.util.concurrent.locks.AbstractQueuedSynchronizer$ConditionObject.awaitNanos(AbstractQueuedSynchronizer.java:2078)
        at java.util.concurrent.ScheduledThreadPoolExecutor$DelayedWorkQueue.take(ScheduledThreadPoolExecutor.java:1093)
        at java.util.concurrent.ScheduledThreadPoolExecutor$DelayedWorkQueue.take(ScheduledThreadPoolExecutor.java:809)
        at java.util.concurrent.ThreadPoolExecutor.getTask(ThreadPoolExecutor.java:1074)
        at java.util.concurrent.ThreadPoolExecutor.runWorker(ThreadPoolExecutor.java:1134)
        at java.util.concurrent.ThreadPoolExecutor$Worker.run(ThreadPoolExecutor.java:624)
        at java.lang.Thread.run(Thread.java:748)
"pool-218-thread-55"  prio=5 tid=2728 in Object.wait()
java.lang.Thread.State: WAITING (on object monitor)
        at sun.misc.Unsafe.park(Native Method)
        at java.util.concurrent.locks.LockSupport.park(LockSupport.java:175)
        at java.util.concurrent.locks.AbstractQueuedSynchronizer$ConditionObject.await(AbstractQueuedSynchronizer.java:2039)
        at java.util.concurrent.ArrayBlockingQueue.take(ArrayBlockingQueue.java:403)
        at java.util.concurrent.ThreadPoolExecutor.getTask(ThreadPoolExecutor.java:1074)
        at java.util.concurrent.ThreadPoolExecutor.runWorker(ThreadPoolExecutor.java:1134)
        at java.util.concurrent.ThreadPoolExecutor$Worker.run(ThreadPoolExecutor.java:624)
        at java.lang.Thread.run(Thread.java:748)
"pool-148-thread-58"  prio=5 tid=2296 in Object.wait()
java.lang.Thread.State: WAITING (on object monitor)
        at sun.misc.Unsafe.park(Native Method)
        at java.util.concurrent.locks.LockSupport.park(LockSupport.java:175)
        at java.util.concurrent.locks.AbstractQueuedSynchronizer$ConditionObject.await(AbstractQueuedSynchronizer.java:2039)
        at java.util.concurrent.ArrayBlockingQueue.take(ArrayBlockingQueue.java:403)
        at java.util.concurrent.ThreadPoolExecutor.getTask(ThreadPoolExecutor.java:1074)
        at java.util.concurrent.ThreadPoolExecutor.runWorker(ThreadPoolExecutor.java:1134)
        at java.util.concurrent.ThreadPoolExecutor$Worker.run(ThreadPoolExecutor.java:624)
        at java.lang.Thread.run(Thread.java:748)
"pool-148-thread-22"  prio=5 tid=2260 in Object.wait()
java.lang.Thread.State: WAITING (on object monitor)
        at sun.misc.Unsafe.park(Native Method)
        at java.util.concurrent.locks.LockSupport.park(LockSupport.java:175)
        at java.util.concurrent.locks.AbstractQueuedSynchronizer$ConditionObject.await(AbstractQueuedSynchronizer.java:2039)
        at java.util.concurrent.ArrayBlockingQueue.take(ArrayBlockingQueue.java:403)
        at java.util.concurrent.ThreadPoolExecutor.getTask(ThreadPoolExecutor.java:1074)
        at java.util.concurrent.ThreadPoolExecutor.runWorker(ThreadPoolExecutor.java:1134)
        at java.util.concurrent.ThreadPoolExecutor$Worker.run(ThreadPoolExecutor.java:624)
        at java.lang.Thread.run(Thread.java:748)
"Periodic HDDS volume checker"  prio=5 tid=2131 timed_waiting
java.lang.Thread.State: TIMED_WAITING
        at sun.misc.Unsafe.park(Native Method)
        at java.util.concurrent.locks.LockSupport.parkNanos(LockSupport.java:215)
        at java.util.concurrent.locks.AbstractQueuedSynchronizer$ConditionObject.awaitNanos(AbstractQueuedSynchronizer.java:2078)
        at java.util.concurrent.ScheduledThreadPoolExecutor$DelayedWorkQueue.take(ScheduledThreadPoolExecutor.java:1093)
        at java.util.concurrent.ScheduledThreadPoolExecutor$DelayedWorkQueue.take(ScheduledThreadPoolExecutor.java:809)
        at java.util.concurrent.ThreadPoolExecutor.getTask(ThreadPoolExecutor.java:1074)
        at java.util.concurrent.ThreadPoolExecutor.runWorker(ThreadPoolExecutor.java:1134)
        at java.util.concurrent.ThreadPoolExecutor$Worker.run(ThreadPoolExecutor.java:624)
        at java.lang.Thread.run(Thread.java:748)
"pool-168-thread-44"  prio=5 tid=2407 in Object.wait()
java.lang.Thread.State: WAITING (on object monitor)
        at sun.misc.Unsafe.park(Native Method)
        at java.util.concurrent.locks.LockSupport.park(LockSupport.java:175)
        at java.util.concurrent.locks.AbstractQueuedSynchronizer$ConditionObject.await(AbstractQueuedSynchronizer.java:2039)
        at java.util.concurrent.ArrayBlockingQueue.take(ArrayBlockingQueue.java:403)
        at java.util.concurrent.ThreadPoolExecutor.getTask(ThreadPoolExecutor.java:1074)
        at java.util.concurrent.ThreadPoolExecutor.runWorker(ThreadPoolExecutor.java:1134)
        at java.util.concurrent.ThreadPoolExecutor$Worker.run(ThreadPoolExecutor.java:624)
        at java.lang.Thread.run(Thread.java:748)
"IPC Server handler 2 on 43737" daemon prio=5 tid=1874 timed_waiting
java.lang.Thread.State: TIMED_WAITING
        at sun.misc.Unsafe.park(Native Method)
        at java.util.concurrent.locks.LockSupport.parkNanos(LockSupport.java:215)
        at java.util.concurrent.locks.AbstractQueuedSynchronizer$ConditionObject.awaitNanos(AbstractQueuedSynchronizer.java:2078)
        at java.util.concurrent.LinkedBlockingQueue.poll(LinkedBlockingQueue.java:467)
        at org.apache.hadoop.ipc.CallQueueManager.take(CallQueueManager.java:288)
        at org.apache.hadoop.ipc.Server$Handler.run(Server.java:2668)
"Thread-1501" daemon prio=5 tid=3160 timed_waiting
java.lang.Thread.State: TIMED_WAITING
        at sun.misc.Unsafe.park(Native Method)
        at java.util.concurrent.locks.LockSupport.parkNanos(LockSupport.java:215)
        at java.util.concurrent.locks.AbstractQueuedSynchronizer$ConditionObject.awaitNanos(AbstractQueuedSynchronizer.java:2078)
        at java.util.concurrent.ArrayBlockingQueue.poll(ArrayBlockingQueue.java:418)
        at org.apache.ratis.server.impl.LeaderState$EventQueue.poll(LeaderState.java:115)
        at org.apache.ratis.server.impl.LeaderState$EventProcessor.run(LeaderState.java:467)
"grpc-default-worker-ELG-3-4" daemon prio=5 tid=1056 runnable
java.lang.Thread.State: RUNNABLE
        at sun.nio.ch.EPollArrayWrapper.epollWait(Native Method)
        at sun.nio.ch.EPollArrayWrapper.poll(EPollArrayWrapper.java:269)
        at sun.nio.ch.EPollSelectorImpl.doSelect(EPollSelectorImpl.java:93)
        at sun.nio.ch.SelectorImpl.lockAndDoSelect(SelectorImpl.java:86)
        at sun.nio.ch.SelectorImpl.select(SelectorImpl.java:97)
        at org.apache.ratis.thirdparty.io.netty.channel.nio.SelectedSelectionKeySetSelector.select(SelectedSelectionKeySetSelector.java:62)
        at org.apache.ratis.thirdparty.io.netty.channel.nio.NioEventLoop.select(NioEventLoop.java:753)
        at org.apache.ratis.thirdparty.io.netty.channel.nio.NioEventLoop.run(NioEventLoop.java:408)
        at org.apache.ratis.thirdparty.io.netty.util.concurrent.SingleThreadEventExecutor$5.run(SingleThreadEventExecutor.java:897)
        at org.apache.ratis.thirdparty.io.netty.util.concurrent.FastThreadLocalRunnable.run(FastThreadLocalRunnable.java:30)
        at java.lang.Thread.run(Thread.java:748)
"pool-218-thread-59"  prio=5 tid=2732 in Object.wait()
java.lang.Thread.State: WAITING (on object monitor)
        at sun.misc.Unsafe.park(Native Method)
        at java.util.concurrent.locks.LockSupport.park(LockSupport.java:175)
        at java.util.concurrent.locks.AbstractQueuedSynchronizer$ConditionObject.await(AbstractQueuedSynchronizer.java:2039)
        at java.util.concurrent.ArrayBlockingQueue.take(ArrayBlockingQueue.java:403)
        at java.util.concurrent.ThreadPoolExecutor.getTask(ThreadPoolExecutor.java:1074)
        at java.util.concurrent.ThreadPoolExecutor.runWorker(ThreadPoolExecutor.java:1134)
        at java.util.concurrent.ThreadPoolExecutor$Worker.run(ThreadPoolExecutor.java:624)
        at java.lang.Thread.run(Thread.java:748)
"PartialTableCache Cleanup Thread - 0" daemon prio=5 tid=1364 in Object.wait()
java.lang.Thread.State: WAITING (on object monitor)
        at sun.misc.Unsafe.park(Native Method)
        at java.util.concurrent.locks.LockSupport.park(LockSupport.java:175)
        at java.util.concurrent.locks.AbstractQueuedSynchronizer$ConditionObject.await(AbstractQueuedSynchronizer.java:2039)
        at java.util.concurrent.LinkedBlockingQueue.take(LinkedBlockingQueue.java:442)
        at java.util.concurrent.ThreadPoolExecutor.getTask(ThreadPoolExecutor.java:1074)
        at java.util.concurrent.ThreadPoolExecutor.runWorker(ThreadPoolExecutor.java:1134)
        at java.util.concurrent.ThreadPoolExecutor$Worker.run(ThreadPoolExecutor.java:624)
        at java.lang.Thread.run(Thread.java:748)
"pool-238-thread-60"  prio=5 tid=2857 in Object.wait()
java.lang.Thread.State: WAITING (on object monitor)
        at sun.misc.Unsafe.park(Native Method)
        at java.util.concurrent.locks.LockSupport.park(LockSupport.java:175)
        at java.util.concurrent.locks.AbstractQueuedSynchronizer$ConditionObject.await(AbstractQueuedSynchronizer.java:2039)
        at java.util.concurrent.ArrayBlockingQueue.take(ArrayBlockingQueue.java:403)
        at java.util.concurrent.ThreadPoolExecutor.getTask(ThreadPoolExecutor.java:1074)
        at java.util.concurrent.ThreadPoolExecutor.runWorker(ThreadPoolExecutor.java:1134)
        at java.util.concurrent.ThreadPoolExecutor$Worker.run(ThreadPoolExecutor.java:624)
        at java.lang.Thread.run(Thread.java:748)
"pool-218-thread-4"  prio=5 tid=2677 in Object.wait()
java.lang.Thread.State: WAITING (on object monitor)
        at sun.misc.Unsafe.park(Native Method)
        at java.util.concurrent.locks.LockSupport.park(LockSupport.java:175)
        at java.util.concurrent.locks.AbstractQueuedSynchronizer$ConditionObject.await(AbstractQueuedSynchronizer.java:2039)
        at java.util.concurrent.ArrayBlockingQueue.take(ArrayBlockingQueue.java:403)
        at java.util.concurrent.ThreadPoolExecutor.getTask(ThreadPoolExecutor.java:1074)
        at java.util.concurrent.ThreadPoolExecutor.runWorker(ThreadPoolExecutor.java:1134)
        at java.util.concurrent.ThreadPoolExecutor$Worker.run(ThreadPoolExecutor.java:624)
        at java.lang.Thread.run(Thread.java:748)
"pool-148-thread-47"  prio=5 tid=2285 in Object.wait()
java.lang.Thread.State: WAITING (on object monitor)
        at sun.misc.Unsafe.park(Native Method)
        at java.util.concurrent.locks.LockSupport.park(LockSupport.java:175)
        at java.util.concurrent.locks.AbstractQueuedSynchronizer$ConditionObject.await(AbstractQueuedSynchronizer.java:2039)
        at java.util.concurrent.ArrayBlockingQueue.take(ArrayBlockingQueue.java:403)
        at java.util.concurrent.ThreadPoolExecutor.getTask(ThreadPoolExecutor.java:1074)
        at java.util.concurrent.ThreadPoolExecutor.runWorker(ThreadPoolExecutor.java:1134)
        at java.util.concurrent.ThreadPoolExecutor$Worker.run(ThreadPoolExecutor.java:624)
        at java.lang.Thread.run(Thread.java:748)
"pool-209-thread-1"  prio=5 tid=2914 in Object.wait()
java.lang.Thread.State: WAITING (on object monitor)
        at sun.misc.Unsafe.park(Native Method)
        at java.util.concurrent.locks.LockSupport.park(LockSupport.java:175)
        at java.util.concurrent.locks.AbstractQueuedSynchronizer$ConditionObject.await(AbstractQueuedSynchronizer.java:2039)
        at java.util.concurrent.LinkedBlockingQueue.take(LinkedBlockingQueue.java:442)
        at java.util.concurrent.ThreadPoolExecutor.getTask(ThreadPoolExecutor.java:1074)
        at java.util.concurrent.ThreadPoolExecutor.runWorker(ThreadPoolExecutor.java:1134)
        at java.util.concurrent.ThreadPoolExecutor$Worker.run(ThreadPoolExecutor.java:624)
        at java.lang.Thread.run(Thread.java:748)
"pool-148-thread-35"  prio=5 tid=2273 in Object.wait()
java.lang.Thread.State: WAITING (on object monitor)
        at sun.misc.Unsafe.park(Native Method)
        at java.util.concurrent.locks.LockSupport.park(LockSupport.java:175)
        at java.util.concurrent.locks.AbstractQueuedSynchronizer$ConditionObject.await(AbstractQueuedSynchronizer.java:2039)
        at java.util.concurrent.ArrayBlockingQueue.take(ArrayBlockingQueue.java:403)
        at java.util.concurrent.ThreadPoolExecutor.getTask(ThreadPoolExecutor.java:1074)
        at java.util.concurrent.ThreadPoolExecutor.runWorker(ThreadPoolExecutor.java:1134)
        at java.util.concurrent.ThreadPoolExecutor$Worker.run(ThreadPoolExecutor.java:624)
        at java.lang.Thread.run(Thread.java:748)
"Datanode ReportManager Thread - 1" daemon prio=5 tid=226 in Object.wait()
java.lang.Thread.State: WAITING (on object monitor)
        at sun.misc.Unsafe.park(Native Method)
        at java.util.concurrent.locks.LockSupport.park(LockSupport.java:175)
        at java.util.concurrent.locks.AbstractQueuedSynchronizer$ConditionObject.await(AbstractQueuedSynchronizer.java:2039)
        at java.util.concurrent.ScheduledThreadPoolExecutor$DelayedWorkQueue.take(ScheduledThreadPoolExecutor.java:1088)
        at java.util.concurrent.ScheduledThreadPoolExecutor$DelayedWorkQueue.take(ScheduledThreadPoolExecutor.java:809)
        at java.util.concurrent.ThreadPoolExecutor.getTask(ThreadPoolExecutor.java:1074)
        at java.util.concurrent.ThreadPoolExecutor.runWorker(ThreadPoolExecutor.java:1134)
        at java.util.concurrent.ThreadPoolExecutor$Worker.run(ThreadPoolExecutor.java:624)
        at java.lang.Thread.run(Thread.java:748)
"IPC Server handler 19 on 45554" daemon prio=5 tid=1954 timed_waiting
java.lang.Thread.State: TIMED_WAITING
        at sun.misc.Unsafe.park(Native Method)
        at java.util.concurrent.locks.LockSupport.parkNanos(LockSupport.java:215)
        at java.util.concurrent.locks.AbstractQueuedSynchronizer$ConditionObject.awaitNanos(AbstractQueuedSynchronizer.java:2078)
        at java.util.concurrent.LinkedBlockingQueue.poll(LinkedBlockingQueue.java:467)
        at org.apache.hadoop.ipc.CallQueueManager.take(CallQueueManager.java:288)
        at org.apache.hadoop.ipc.Server$Handler.run(Server.java:2668)
"pool-148-thread-49"  prio=5 tid=2287 in Object.wait()
java.lang.Thread.State: WAITING (on object monitor)
        at sun.misc.Unsafe.park(Native Method)
        at java.util.concurrent.locks.LockSupport.park(LockSupport.java:175)
        at java.util.concurrent.locks.AbstractQueuedSynchronizer$ConditionObject.await(AbstractQueuedSynchronizer.java:2039)
        at java.util.concurrent.ArrayBlockingQueue.take(ArrayBlockingQueue.java:403)
        at java.util.concurrent.ThreadPoolExecutor.getTask(ThreadPoolExecutor.java:1074)
        at java.util.concurrent.ThreadPoolExecutor.runWorker(ThreadPoolExecutor.java:1134)
        at java.util.concurrent.ThreadPoolExecutor$Worker.run(ThreadPoolExecutor.java:624)
        at java.lang.Thread.run(Thread.java:748)
"pool-188-thread-19"  prio=5 tid=2506 in Object.wait()
java.lang.Thread.State: WAITING (on object monitor)
        at sun.misc.Unsafe.park(Native Method)
        at java.util.concurrent.locks.LockSupport.park(LockSupport.java:175)
        at java.util.concurrent.locks.AbstractQueuedSynchronizer$ConditionObject.await(AbstractQueuedSynchronizer.java:2039)
        at java.util.concurrent.ArrayBlockingQueue.take(ArrayBlockingQueue.java:403)
        at java.util.concurrent.ThreadPoolExecutor.getTask(ThreadPoolExecutor.java:1074)
        at java.util.concurrent.ThreadPoolExecutor.runWorker(ThreadPoolExecutor.java:1134)
        at java.util.concurrent.ThreadPoolExecutor$Worker.run(ThreadPoolExecutor.java:624)
        at java.lang.Thread.run(Thread.java:748)
"org.eclipse.jetty.server.session.HashSessionManager@3b2553d9Timer" daemon prio=5 tid=1966 timed_waiting
java.lang.Thread.State: TIMED_WAITING
        at sun.misc.Unsafe.park(Native Method)
        at java.util.concurrent.locks.LockSupport.parkNanos(LockSupport.java:215)
        at java.util.concurrent.locks.AbstractQueuedSynchronizer$ConditionObject.awaitNanos(AbstractQueuedSynchronizer.java:2078)
        at java.util.concurrent.ScheduledThreadPoolExecutor$DelayedWorkQueue.take(ScheduledThreadPoolExecutor.java:1093)
        at java.util.concurrent.ScheduledThreadPoolExecutor$DelayedWorkQueue.take(ScheduledThreadPoolExecutor.java:809)
        at java.util.concurrent.ThreadPoolExecutor.getTask(ThreadPoolExecutor.java:1074)
        at java.util.concurrent.ThreadPoolExecutor.runWorker(ThreadPoolExecutor.java:1134)
        at java.util.concurrent.ThreadPoolExecutor$Worker.run(ThreadPoolExecutor.java:624)
        at java.lang.Thread.run(Thread.java:748)
"BlockDeletingService#1" daemon prio=5 tid=2735 in Object.wait()
java.lang.Thread.State: WAITING (on object monitor)
        at sun.misc.Unsafe.park(Native Method)
        at java.util.concurrent.locks.LockSupport.park(LockSupport.java:175)
        at java.util.concurrent.locks.AbstractQueuedSynchronizer$ConditionObject.await(AbstractQueuedSynchronizer.java:2039)
        at java.util.concurrent.ScheduledThreadPoolExecutor$DelayedWorkQueue.take(ScheduledThreadPoolExecutor.java:1088)
        at java.util.concurrent.ScheduledThreadPoolExecutor$DelayedWorkQueue.take(ScheduledThreadPoolExecutor.java:809)
        at java.util.concurrent.ThreadPoolExecutor.getTask(ThreadPoolExecutor.java:1074)
        at java.util.concurrent.ThreadPoolExecutor.runWorker(ThreadPoolExecutor.java:1134)
        at java.util.concurrent.ThreadPoolExecutor$Worker.run(ThreadPoolExecutor.java:624)
        at java.lang.Thread.run(Thread.java:748)
"pool-158-thread-50"  prio=5 tid=2351 in Object.wait()
java.lang.Thread.State: WAITING (on object monitor)
        at sun.misc.Unsafe.park(Native Method)
        at java.util.concurrent.locks.LockSupport.park(LockSupport.java:175)
        at java.util.concurrent.locks.AbstractQueuedSynchronizer$ConditionObject.await(AbstractQueuedSynchronizer.java:2039)
        at java.util.concurrent.ArrayBlockingQueue.take(ArrayBlockingQueue.java:403)
        at java.util.concurrent.ThreadPoolExecutor.getTask(ThreadPoolExecutor.java:1074)
        at java.util.concurrent.ThreadPoolExecutor.runWorker(ThreadPoolExecutor.java:1134)
        at java.util.concurrent.ThreadPoolExecutor$Worker.run(ThreadPoolExecutor.java:624)
        at java.lang.Thread.run(Thread.java:748)
"Command processor thread" daemon prio=5 tid=2181 timed_waiting
java.lang.Thread.State: TIMED_WAITING
        at java.lang.Thread.sleep(Native Method)
        at org.apache.hadoop.ozone.container.common.statemachine.DatanodeStateMachine.lambda$initCommandHandlerThread$1(DatanodeStateMachine.java:439)
        at org.apache.hadoop.ozone.container.common.statemachine.DatanodeStateMachine$$Lambda$142/1603672614.run(Unknown Source)
        at java.lang.Thread.run(Thread.java:748)
"Command processor thread" daemon prio=5 tid=2019 timed_waiting
java.lang.Thread.State: TIMED_WAITING
        at java.lang.Thread.sleep(Native Method)
        at org.apache.hadoop.ozone.container.common.statemachine.DatanodeStateMachine.lambda$initCommandHandlerThread$1(DatanodeStateMachine.java:439)
        at org.apache.hadoop.ozone.container.common.statemachine.DatanodeStateMachine$$Lambda$142/1603672614.run(Unknown Source)
        at java.lang.Thread.run(Thread.java:748)
"pool-188-thread-25"  prio=5 tid=2512 in Object.wait()
java.lang.Thread.State: WAITING (on object monitor)
        at sun.misc.Unsafe.park(Native Method)
        at java.util.concurrent.locks.LockSupport.park(LockSupport.java:175)
        at java.util.concurrent.locks.AbstractQueuedSynchronizer$ConditionObject.await(AbstractQueuedSynchronizer.java:2039)
        at java.util.concurrent.ArrayBlockingQueue.take(ArrayBlockingQueue.java:403)
        at java.util.concurrent.ThreadPoolExecutor.getTask(ThreadPoolExecutor.java:1074)
        at java.util.concurrent.ThreadPoolExecutor.runWorker(ThreadPoolExecutor.java:1134)
        at java.util.concurrent.ThreadPoolExecutor$Worker.run(ThreadPoolExecutor.java:624)
        at java.lang.Thread.run(Thread.java:748)
"Datanode ReportManager Thread - 1" daemon prio=5 tid=2232 in Object.wait()
java.lang.Thread.State: WAITING (on object monitor)
        at sun.misc.Unsafe.park(Native Method)
        at java.util.concurrent.locks.LockSupport.park(LockSupport.java:175)
        at java.util.concurrent.locks.AbstractQueuedSynchronizer$ConditionObject.await(AbstractQueuedSynchronizer.java:2039)
        at java.util.concurrent.ScheduledThreadPoolExecutor$DelayedWorkQueue.take(ScheduledThreadPoolExecutor.java:1088)
        at java.util.concurrent.ScheduledThreadPoolExecutor$DelayedWorkQueue.take(ScheduledThreadPoolExecutor.java:809)
        at java.util.concurrent.ThreadPoolExecutor.getTask(ThreadPoolExecutor.java:1074)
        at java.util.concurrent.ThreadPoolExecutor.runWorker(ThreadPoolExecutor.java:1134)
        at java.util.concurrent.ThreadPoolExecutor$Worker.run(ThreadPoolExecutor.java:624)
        at java.lang.Thread.run(Thread.java:748)
"Datanode ReportManager Thread - 3" daemon prio=5 tid=2180 in Object.wait()
java.lang.Thread.State: WAITING (on object monitor)
        at sun.misc.Unsafe.park(Native Method)
        at java.util.concurrent.locks.LockSupport.park(LockSupport.java:175)
        at java.util.concurrent.locks.AbstractQueuedSynchronizer$ConditionObject.await(AbstractQueuedSynchronizer.java:2039)
        at java.util.concurrent.ScheduledThreadPoolExecutor$DelayedWorkQueue.take(ScheduledThreadPoolExecutor.java:1088)
        at java.util.concurrent.ScheduledThreadPoolExecutor$DelayedWorkQueue.take(ScheduledThreadPoolExecutor.java:809)
        at java.util.concurrent.ThreadPoolExecutor.getTask(ThreadPoolExecutor.java:1074)
        at java.util.concurrent.ThreadPoolExecutor.runWorker(ThreadPoolExecutor.java:1134)
        at java.util.concurrent.ThreadPoolExecutor$Worker.run(ThreadPoolExecutor.java:624)
        at java.lang.Thread.run(Thread.java:748)
"pool-238-thread-34"  prio=5 tid=2831 in Object.wait()
java.lang.Thread.State: WAITING (on object monitor)
        at sun.misc.Unsafe.park(Native Method)
        at java.util.concurrent.locks.LockSupport.park(LockSupport.java:175)
        at java.util.concurrent.locks.AbstractQueuedSynchronizer$ConditionObject.await(AbstractQueuedSynchronizer.java:2039)
        at java.util.concurrent.ArrayBlockingQueue.take(ArrayBlockingQueue.java:403)
        at java.util.concurrent.ThreadPoolExecutor.getTask(ThreadPoolExecutor.java:1074)
        at java.util.concurrent.ThreadPoolExecutor.runWorker(ThreadPoolExecutor.java:1134)
        at java.util.concurrent.ThreadPoolExecutor$Worker.run(ThreadPoolExecutor.java:624)
        at java.lang.Thread.run(Thread.java:748)
"qtp81705968-2060" daemon prio=5 tid=2060 timed_waiting
java.lang.Thread.State: TIMED_WAITING
        at sun.misc.Unsafe.park(Native Method)
        at java.util.concurrent.locks.LockSupport.parkNanos(LockSupport.java:215)
        at java.util.concurrent.locks.AbstractQueuedSynchronizer$ConditionObject.awaitNanos(AbstractQueuedSynchronizer.java:2078)
        at org.eclipse.jetty.util.BlockingArrayQueue.poll(BlockingArrayQueue.java:392)
        at org.eclipse.jetty.util.thread.QueuedThreadPool.idleJobPoll(QueuedThreadPool.java:563)
        at org.eclipse.jetty.util.thread.QueuedThreadPool.access$800(QueuedThreadPool.java:48)
        at org.eclipse.jetty.util.thread.QueuedThreadPool$2.run(QueuedThreadPool.java:626)
        at java.lang.Thread.run(Thread.java:748)
"qtp1090160486-1917" daemon prio=5 tid=1917 timed_waiting
java.lang.Thread.State: TIMED_WAITING
        at sun.misc.Unsafe.park(Native Method)
        at java.util.concurrent.locks.LockSupport.parkNanos(LockSupport.java:215)
        at java.util.concurrent.locks.AbstractQueuedSynchronizer$ConditionObject.awaitNanos(AbstractQueuedSynchronizer.java:2078)
        at org.eclipse.jetty.util.BlockingArrayQueue.poll(BlockingArrayQueue.java:392)
        at org.eclipse.jetty.util.thread.QueuedThreadPool.idleJobPoll(QueuedThreadPool.java:563)
        at org.eclipse.jetty.util.thread.QueuedThreadPool.access$800(QueuedThreadPool.java:48)
        at org.eclipse.jetty.util.thread.QueuedThreadPool$2.run(QueuedThreadPool.java:626)
        at java.lang.Thread.run(Thread.java:748)
"pool-188-thread-9"  prio=5 tid=2496 in Object.wait()
java.lang.Thread.State: WAITING (on object monitor)
        at sun.misc.Unsafe.park(Native Method)
        at java.util.concurrent.locks.LockSupport.park(LockSupport.java:175)
        at java.util.concurrent.locks.AbstractQueuedSynchronizer$ConditionObject.await(AbstractQueuedSynchronizer.java:2039)
        at java.util.concurrent.ArrayBlockingQueue.take(ArrayBlockingQueue.java:403)
        at java.util.concurrent.ThreadPoolExecutor.getTask(ThreadPoolExecutor.java:1074)
        at java.util.concurrent.ThreadPoolExecutor.runWorker(ThreadPoolExecutor.java:1134)
        at java.util.concurrent.ThreadPoolExecutor$Worker.run(ThreadPoolExecutor.java:624)
        at java.lang.Thread.run(Thread.java:748)
"pool-228-thread-57"  prio=5 tid=2792 in Object.wait()
java.lang.Thread.State: WAITING (on object monitor)
        at sun.misc.Unsafe.park(Native Method)
        at java.util.concurrent.locks.LockSupport.park(LockSupport.java:175)
        at java.util.concurrent.locks.AbstractQueuedSynchronizer$ConditionObject.await(AbstractQueuedSynchronizer.java:2039)
        at java.util.concurrent.ArrayBlockingQueue.take(ArrayBlockingQueue.java:403)
        at java.util.concurrent.ThreadPoolExecutor.getTask(ThreadPoolExecutor.java:1074)
        at java.util.concurrent.ThreadPoolExecutor.runWorker(ThreadPoolExecutor.java:1134)
        at java.util.concurrent.ThreadPoolExecutor$Worker.run(ThreadPoolExecutor.java:624)
        at java.lang.Thread.run(Thread.java:748)
"pool-198-thread-46"  prio=5 tid=2595 in Object.wait()
java.lang.Thread.State: WAITING (on object monitor)
        at sun.misc.Unsafe.park(Native Method)
        at java.util.concurrent.locks.LockSupport.park(LockSupport.java:175)
        at java.util.concurrent.locks.AbstractQueuedSynchronizer$ConditionObject.await(AbstractQueuedSynchronizer.java:2039)
        at java.util.concurrent.ArrayBlockingQueue.take(ArrayBlockingQueue.java:403)
        at java.util.concurrent.ThreadPoolExecutor.getTask(ThreadPoolExecutor.java:1074)
        at java.util.concurrent.ThreadPoolExecutor.runWorker(ThreadPoolExecutor.java:1134)
        at java.util.concurrent.ThreadPoolExecutor$Worker.run(ThreadPoolExecutor.java:624)
        at java.lang.Thread.run(Thread.java:748)
"pool-218-thread-22"  prio=5 tid=2695 in Object.wait()
java.lang.Thread.State: WAITING (on object monitor)
        at sun.misc.Unsafe.park(Native Method)
        at java.util.concurrent.locks.LockSupport.park(LockSupport.java:175)
        at java.util.concurrent.locks.AbstractQueuedSynchronizer$ConditionObject.await(AbstractQueuedSynchronizer.java:2039)
        at java.util.concurrent.ArrayBlockingQueue.take(ArrayBlockingQueue.java:403)
        at java.util.concurrent.ThreadPoolExecutor.getTask(ThreadPoolExecutor.java:1074)
        at java.util.concurrent.ThreadPoolExecutor.runWorker(ThreadPoolExecutor.java:1134)
        at java.util.concurrent.ThreadPoolExecutor$Worker.run(ThreadPoolExecutor.java:624)
        at java.lang.Thread.run(Thread.java:748)
"pool-168-thread-15"  prio=5 tid=2378 in Object.wait()
java.lang.Thread.State: WAITING (on object monitor)
        at sun.misc.Unsafe.park(Native Method)
        at java.util.concurrent.locks.LockSupport.park(LockSupport.java:175)
        at java.util.concurrent.locks.AbstractQueuedSynchronizer$ConditionObject.await(AbstractQueuedSynchronizer.java:2039)
        at java.util.concurrent.ArrayBlockingQueue.take(ArrayBlockingQueue.java:403)
        at java.util.concurrent.ThreadPoolExecutor.getTask(ThreadPoolExecutor.java:1074)
        at java.util.concurrent.ThreadPoolExecutor.runWorker(ThreadPoolExecutor.java:1134)
        at java.util.concurrent.ThreadPoolExecutor$Worker.run(ThreadPoolExecutor.java:624)
        at java.lang.Thread.run(Thread.java:748)
"Datanode ReportManager Thread - 2" daemon prio=5 tid=2071 in Object.wait()
java.lang.Thread.State: WAITING (on object monitor)
        at sun.misc.Unsafe.park(Native Method)
        at java.util.concurrent.locks.LockSupport.park(LockSupport.java:175)
        at java.util.concurrent.locks.AbstractQueuedSynchronizer$ConditionObject.await(AbstractQueuedSynchronizer.java:2039)
        at java.util.concurrent.ScheduledThreadPoolExecutor$DelayedWorkQueue.take(ScheduledThreadPoolExecutor.java:1088)
        at java.util.concurrent.ScheduledThreadPoolExecutor$DelayedWorkQueue.take(ScheduledThreadPoolExecutor.java:809)
        at java.util.concurrent.ThreadPoolExecutor.getTask(ThreadPoolExecutor.java:1074)
        at java.util.concurrent.ThreadPoolExecutor.runWorker(ThreadPoolExecutor.java:1134)
        at java.util.concurrent.ThreadPoolExecutor$Worker.run(ThreadPoolExecutor.java:624)
        at java.lang.Thread.run(Thread.java:748)
"qtp254416915-2139-acceptor-0@2fee8706-ServerConnector@7a3269f5{HTTP/1.1,[http/1.1]}{0.0.0.0:38363}" daemon prio=3 tid=2139 runnable
java.lang.Thread.State: RUNNABLE
        at sun.nio.ch.ServerSocketChannelImpl.accept0(Native Method)
        at sun.nio.ch.ServerSocketChannelImpl.accept(ServerSocketChannelImpl.java:422)
        at sun.nio.ch.ServerSocketChannelImpl.accept(ServerSocketChannelImpl.java:250)
        at org.eclipse.jetty.server.ServerConnector.accept(ServerConnector.java:397)
        at org.eclipse.jetty.server.AbstractConnector$Acceptor.run(AbstractConnector.java:601)
        at org.eclipse.jetty.util.thread.QueuedThreadPool.runJob(QueuedThreadPool.java:671)
        at org.eclipse.jetty.util.thread.QueuedThreadPool$2.run(QueuedThreadPool.java:589)
        at java.lang.Thread.run(Thread.java:748)
"Datanode ReportManager Thread - 3" daemon prio=5 tid=201 timed_waiting
java.lang.Thread.State: TIMED_WAITING
        at sun.misc.Unsafe.park(Native Method)
        at java.util.concurrent.locks.LockSupport.parkNanos(LockSupport.java:215)
        at java.util.concurrent.locks.AbstractQueuedSynchronizer$ConditionObject.awaitNanos(AbstractQueuedSynchronizer.java:2078)
        at java.util.concurrent.ScheduledThreadPoolExecutor$DelayedWorkQueue.take(ScheduledThreadPoolExecutor.java:1093)
        at java.util.concurrent.ScheduledThreadPoolExecutor$DelayedWorkQueue.take(ScheduledThreadPoolExecutor.java:809)
        at java.util.concurrent.ThreadPoolExecutor.getTask(ThreadPoolExecutor.java:1074)
        at java.util.concurrent.ThreadPoolExecutor.runWorker(ThreadPoolExecutor.java:1134)
        at java.util.concurrent.ThreadPoolExecutor$Worker.run(ThreadPoolExecutor.java:624)
        at java.lang.Thread.run(Thread.java:748)
"PartialTableCache Cleanup Thread - 0" daemon prio=5 tid=1362 in Object.wait()
java.lang.Thread.State: WAITING (on object monitor)
        at sun.misc.Unsafe.park(Native Method)
        at java.util.concurrent.locks.LockSupport.park(LockSupport.java:175)
        at java.util.concurrent.locks.AbstractQueuedSynchronizer$ConditionObject.await(AbstractQueuedSynchronizer.java:2039)
        at java.util.concurrent.LinkedBlockingQueue.take(LinkedBlockingQueue.java:442)
        at java.util.concurrent.ThreadPoolExecutor.getTask(ThreadPoolExecutor.java:1074)
        at java.util.concurrent.ThreadPoolExecutor.runWorker(ThreadPoolExecutor.java:1134)
        at java.util.concurrent.ThreadPoolExecutor$Worker.run(ThreadPoolExecutor.java:624)
        at java.lang.Thread.run(Thread.java:748)
"pool-228-thread-49"  prio=5 tid=2784 in Object.wait()
java.lang.Thread.State: WAITING (on object monitor)
        at sun.misc.Unsafe.park(Native Method)
        at java.util.concurrent.locks.LockSupport.park(LockSupport.java:175)
        at java.util.concurrent.locks.AbstractQueuedSynchronizer$ConditionObject.await(AbstractQueuedSynchronizer.java:2039)
        at java.util.concurrent.ArrayBlockingQueue.take(ArrayBlockingQueue.java:403)
        at java.util.concurrent.ThreadPoolExecutor.getTask(ThreadPoolExecutor.java:1074)
        at java.util.concurrent.ThreadPoolExecutor.runWorker(ThreadPoolExecutor.java:1134)
        at java.util.concurrent.ThreadPoolExecutor$Worker.run(ThreadPoolExecutor.java:624)
        at java.lang.Thread.run(Thread.java:748)
"IPC Server handler 4 on 42444" daemon prio=5 tid=1896 timed_waiting
java.lang.Thread.State: TIMED_WAITING
        at sun.misc.Unsafe.park(Native Method)
        at java.util.concurrent.locks.LockSupport.parkNanos(LockSupport.java:215)
        at java.util.concurrent.locks.AbstractQueuedSynchronizer$ConditionObject.awaitNanos(AbstractQueuedSynchronizer.java:2078)
        at java.util.concurrent.LinkedBlockingQueue.poll(LinkedBlockingQueue.java:467)
        at org.apache.hadoop.ipc.CallQueueManager.take(CallQueueManager.java:288)
        at org.apache.hadoop.ipc.Server$Handler.run(Server.java:2668)
"Datanode State Machine Thread - 0" daemon prio=5 tid=2075 timed_waiting
java.lang.Thread.State: TIMED_WAITING
        at sun.misc.Unsafe.park(Native Method)
        at java.util.concurrent.locks.LockSupport.parkNanos(LockSupport.java:215)
        at java.util.concurrent.SynchronousQueue$TransferStack.awaitFulfill(SynchronousQueue.java:460)
        at java.util.concurrent.SynchronousQueue$TransferStack.transfer(SynchronousQueue.java:362)
        at java.util.concurrent.SynchronousQueue.poll(SynchronousQueue.java:941)
        at java.util.concurrent.ThreadPoolExecutor.getTask(ThreadPoolExecutor.java:1073)
        at java.util.concurrent.ThreadPoolExecutor.runWorker(ThreadPoolExecutor.java:1134)
        at java.util.concurrent.ThreadPoolExecutor$Worker.run(ThreadPoolExecutor.java:624)
        at java.lang.Thread.run(Thread.java:748)
"pool-208-thread-18"  prio=5 tid=2629 in Object.wait()
java.lang.Thread.State: WAITING (on object monitor)
        at sun.misc.Unsafe.park(Native Method)
        at java.util.concurrent.locks.LockSupport.park(LockSupport.java:175)
        at java.util.concurrent.locks.AbstractQueuedSynchronizer$ConditionObject.await(AbstractQueuedSynchronizer.java:2039)
        at java.util.concurrent.ArrayBlockingQueue.take(ArrayBlockingQueue.java:403)
        at java.util.concurrent.ThreadPoolExecutor.getTask(ThreadPoolExecutor.java:1074)
        at java.util.concurrent.ThreadPoolExecutor.runWorker(ThreadPoolExecutor.java:1134)
        at java.util.concurrent.ThreadPoolExecutor$Worker.run(ThreadPoolExecutor.java:624)
        at java.lang.Thread.run(Thread.java:748)
"qtp1090160486-1913-acceptor-0@11b2f827-ServerConnector@45b15381{HTTP/1.1,[http/1.1]}{0.0.0.0:36637}" daemon prio=3 tid=1913 runnable
java.lang.Thread.State: RUNNABLE
        at sun.nio.ch.ServerSocketChannelImpl.accept0(Native Method)
        at sun.nio.ch.ServerSocketChannelImpl.accept(ServerSocketChannelImpl.java:422)
        at sun.nio.ch.ServerSocketChannelImpl.accept(ServerSocketChannelImpl.java:250)
        at org.eclipse.jetty.server.ServerConnector.accept(ServerConnector.java:397)
        at org.eclipse.jetty.server.AbstractConnector$Acceptor.run(AbstractConnector.java:601)
        at org.eclipse.jetty.util.thread.QueuedThreadPool.runJob(QueuedThreadPool.java:671)
        at org.eclipse.jetty.util.thread.QueuedThreadPool$2.run(QueuedThreadPool.java:589)
        at java.lang.Thread.run(Thread.java:748)
"pool-228-thread-48"  prio=5 tid=2783 in Object.wait()
java.lang.Thread.State: WAITING (on object monitor)
        at sun.misc.Unsafe.park(Native Method)
        at java.util.concurrent.locks.LockSupport.park(LockSupport.java:175)
        at java.util.concurrent.locks.AbstractQueuedSynchronizer$ConditionObject.await(AbstractQueuedSynchronizer.java:2039)
        at java.util.concurrent.ArrayBlockingQueue.take(ArrayBlockingQueue.java:403)
        at java.util.concurrent.ThreadPoolExecutor.getTask(ThreadPoolExecutor.java:1074)
        at java.util.concurrent.ThreadPoolExecutor.runWorker(ThreadPoolExecutor.java:1134)
        at java.util.concurrent.ThreadPoolExecutor$Worker.run(ThreadPoolExecutor.java:624)
        at java.lang.Thread.run(Thread.java:748)
"IPC Server handler 11 on 45554" daemon prio=5 tid=1946 timed_waiting
java.lang.Thread.State: TIMED_WAITING
        at sun.misc.Unsafe.park(Native Method)
        at java.util.concurrent.locks.LockSupport.parkNanos(LockSupport.java:215)
        at java.util.concurrent.locks.AbstractQueuedSynchronizer$ConditionObject.awaitNanos(AbstractQueuedSynchronizer.java:2078)
        at java.util.concurrent.LinkedBlockingQueue.poll(LinkedBlockingQueue.java:467)
        at org.apache.hadoop.ipc.CallQueueManager.take(CallQueueManager.java:288)
        at org.apache.hadoop.ipc.Server$Handler.run(Server.java:2668)
"pool-178-thread-32"  prio=5 tid=2457 in Object.wait()
java.lang.Thread.State: WAITING (on object monitor)
        at sun.misc.Unsafe.park(Native Method)
        at java.util.concurrent.locks.LockSupport.park(LockSupport.java:175)
        at java.util.concurrent.locks.AbstractQueuedSynchronizer$ConditionObject.await(AbstractQueuedSynchronizer.java:2039)
        at java.util.concurrent.ArrayBlockingQueue.take(ArrayBlockingQueue.java:403)
        at java.util.concurrent.ThreadPoolExecutor.getTask(ThreadPoolExecutor.java:1074)
        at java.util.concurrent.ThreadPoolExecutor.runWorker(ThreadPoolExecutor.java:1134)
        at java.util.concurrent.ThreadPoolExecutor$Worker.run(ThreadPoolExecutor.java:624)
        at java.lang.Thread.run(Thread.java:748)
"org.eclipse.jetty.server.session.HashSessionManager@16ac5d35Timer" daemon prio=5 tid=2065 timed_waiting
java.lang.Thread.State: TIMED_WAITING
        at sun.misc.Unsafe.park(Native Method)
        at java.util.concurrent.locks.LockSupport.parkNanos(LockSupport.java:215)
        at java.util.concurrent.locks.AbstractQueuedSynchronizer$ConditionObject.awaitNanos(AbstractQueuedSynchronizer.java:2078)
        at java.util.concurrent.ScheduledThreadPoolExecutor$DelayedWorkQueue.take(ScheduledThreadPoolExecutor.java:1093)
        at java.util.concurrent.ScheduledThreadPoolExecutor$DelayedWorkQueue.take(ScheduledThreadPoolExecutor.java:809)
        at java.util.concurrent.ThreadPoolExecutor.getTask(ThreadPoolExecutor.java:1074)
        at java.util.concurrent.ThreadPoolExecutor.runWorker(ThreadPoolExecutor.java:1134)
        at java.util.concurrent.ThreadPoolExecutor$Worker.run(ThreadPoolExecutor.java:624)
        at java.lang.Thread.run(Thread.java:748)
"org.eclipse.jetty.server.session.HashSessionManager@2b6a0ea9Timer" daemon prio=5 tid=2067 timed_waiting
java.lang.Thread.State: TIMED_WAITING
        at sun.misc.Unsafe.park(Native Method)
        at java.util.concurrent.locks.LockSupport.parkNanos(LockSupport.java:215)
        at java.util.concurrent.locks.AbstractQueuedSynchronizer$ConditionObject.awaitNanos(AbstractQueuedSynchronizer.java:2078)
        at java.util.concurrent.ScheduledThreadPoolExecutor$DelayedWorkQueue.take(ScheduledThreadPoolExecutor.java:1093)
        at java.util.concurrent.ScheduledThreadPoolExecutor$DelayedWorkQueue.take(ScheduledThreadPoolExecutor.java:809)
        at java.util.concurrent.ThreadPoolExecutor.getTask(ThreadPoolExecutor.java:1074)
        at java.util.concurrent.ThreadPoolExecutor.runWorker(ThreadPoolExecutor.java:1134)
        at java.util.concurrent.ThreadPoolExecutor$Worker.run(ThreadPoolExecutor.java:624)
        at java.lang.Thread.run(Thread.java:748)
"IPC Server handler 14 on 35974" daemon prio=5 tid=1866 timed_waiting
java.lang.Thread.State: TIMED_WAITING
        at sun.misc.Unsafe.park(Native Method)
        at java.util.concurrent.locks.LockSupport.parkNanos(LockSupport.java:215)
        at java.util.concurrent.locks.AbstractQueuedSynchronizer$ConditionObject.awaitNanos(AbstractQueuedSynchronizer.java:2078)
        at java.util.concurrent.LinkedBlockingQueue.poll(LinkedBlockingQueue.java:467)
        at org.apache.hadoop.ipc.CallQueueManager.take(CallQueueManager.java:288)
        at org.apache.hadoop.ipc.Server$Handler.run(Server.java:2668)
"pool-238-thread-21"  prio=5 tid=2818 in Object.wait()
java.lang.Thread.State: WAITING (on object monitor)
        at sun.misc.Unsafe.park(Native Method)
        at java.util.concurrent.locks.LockSupport.park(LockSupport.java:175)
        at java.util.concurrent.locks.AbstractQueuedSynchronizer$ConditionObject.await(AbstractQueuedSynchronizer.java:2039)
        at java.util.concurrent.ArrayBlockingQueue.take(ArrayBlockingQueue.java:403)
        at java.util.concurrent.ThreadPoolExecutor.getTask(ThreadPoolExecutor.java:1074)
        at java.util.concurrent.ThreadPoolExecutor.runWorker(ThreadPoolExecutor.java:1134)
        at java.util.concurrent.ThreadPoolExecutor$Worker.run(ThreadPoolExecutor.java:624)
        at java.lang.Thread.run(Thread.java:748)
"IPC Server handler 12 on 45554" daemon prio=5 tid=1947 timed_waiting
java.lang.Thread.State: TIMED_WAITING
        at sun.misc.Unsafe.park(Native Method)
        at java.util.concurrent.locks.LockSupport.parkNanos(LockSupport.java:215)
        at java.util.concurrent.locks.AbstractQueuedSynchronizer$ConditionObject.awaitNanos(AbstractQueuedSynchronizer.java:2078)
        at java.util.concurrent.LinkedBlockingQueue.poll(LinkedBlockingQueue.java:467)
        at org.apache.hadoop.ipc.CallQueueManager.take(CallQueueManager.java:288)
        at org.apache.hadoop.ipc.Server$Handler.run(Server.java:2668)
"IPC Server handler 10 on 42444" daemon prio=5 tid=1902 timed_waiting
java.lang.Thread.State: TIMED_WAITING
        at sun.misc.Unsafe.park(Native Method)
        at java.util.concurrent.locks.LockSupport.parkNanos(LockSupport.java:215)
        at java.util.concurrent.locks.AbstractQueuedSynchronizer$ConditionObject.awaitNanos(AbstractQueuedSynchronizer.java:2078)
        at java.util.concurrent.LinkedBlockingQueue.poll(LinkedBlockingQueue.java:467)
        at org.apache.hadoop.ipc.CallQueueManager.take(CallQueueManager.java:288)
        at org.apache.hadoop.ipc.Server$Handler.run(Server.java:2668)
"Datanode ReportManager Thread - 2" daemon prio=5 tid=2098 in Object.wait()
java.lang.Thread.State: WAITING (on object monitor)
        at sun.misc.Unsafe.park(Native Method)
        at java.util.concurrent.locks.LockSupport.park(LockSupport.java:175)
        at java.util.concurrent.locks.AbstractQueuedSynchronizer$ConditionObject.await(AbstractQueuedSynchronizer.java:2039)
        at java.util.concurrent.ScheduledThreadPoolExecutor$DelayedWorkQueue.take(ScheduledThreadPoolExecutor.java:1088)
        at java.util.concurrent.ScheduledThreadPoolExecutor$DelayedWorkQueue.take(ScheduledThreadPoolExecutor.java:809)
        at java.util.concurrent.ThreadPoolExecutor.getTask(ThreadPoolExecutor.java:1074)
        at java.util.concurrent.ThreadPoolExecutor.runWorker(ThreadPoolExecutor.java:1134)
        at java.util.concurrent.ThreadPoolExecutor$Worker.run(ThreadPoolExecutor.java:624)
        at java.lang.Thread.run(Thread.java:748)
"pool-238-thread-53"  prio=5 tid=2850 in Object.wait()
java.lang.Thread.State: WAITING (on object monitor)
        at sun.misc.Unsafe.park(Native Method)
        at java.util.concurrent.locks.LockSupport.park(LockSupport.java:175)
        at java.util.concurrent.locks.AbstractQueuedSynchronizer$ConditionObject.await(AbstractQueuedSynchronizer.java:2039)
        at java.util.concurrent.ArrayBlockingQueue.take(ArrayBlockingQueue.java:403)
        at java.util.concurrent.ThreadPoolExecutor.getTask(ThreadPoolExecutor.java:1074)
        at java.util.concurrent.ThreadPoolExecutor.runWorker(ThreadPoolExecutor.java:1134)
        at java.util.concurrent.ThreadPoolExecutor$Worker.run(ThreadPoolExecutor.java:624)
        at java.lang.Thread.run(Thread.java:748)
"IPC Server handler 19 on 42444" daemon prio=5 tid=1911 timed_waiting
java.lang.Thread.State: TIMED_WAITING
        at sun.misc.Unsafe.park(Native Method)
        at java.util.concurrent.locks.LockSupport.parkNanos(LockSupport.java:215)
        at java.util.concurrent.locks.AbstractQueuedSynchronizer$ConditionObject.awaitNanos(AbstractQueuedSynchronizer.java:2078)
        at java.util.concurrent.LinkedBlockingQueue.poll(LinkedBlockingQueue.java:467)
        at org.apache.hadoop.ipc.CallQueueManager.take(CallQueueManager.java:288)
        at org.apache.hadoop.ipc.Server$Handler.run(Server.java:2668)
"Thread-1502" daemon prio=5 tid=3161 timed_waiting
java.lang.Thread.State: TIMED_WAITING
        at sun.misc.Unsafe.park(Native Method)
        at java.util.concurrent.locks.LockSupport.parkNanos(LockSupport.java:215)
        at java.util.concurrent.locks.AbstractQueuedSynchronizer$ConditionObject.awaitNanos(AbstractQueuedSynchronizer.java:2078)
        at java.util.concurrent.ArrayBlockingQueue.poll(ArrayBlockingQueue.java:418)
        at org.apache.ratis.server.impl.LeaderState$EventQueue.poll(LeaderState.java:115)
        at org.apache.ratis.server.impl.LeaderState$EventProcessor.run(LeaderState.java:467)
"pool-168-thread-33"  prio=5 tid=2396 in Object.wait()
java.lang.Thread.State: WAITING (on object monitor)
        at sun.misc.Unsafe.park(Native Method)
        at java.util.concurrent.locks.LockSupport.park(LockSupport.java:175)
        at java.util.concurrent.locks.AbstractQueuedSynchronizer$ConditionObject.await(AbstractQueuedSynchronizer.java:2039)
        at java.util.concurrent.ArrayBlockingQueue.take(ArrayBlockingQueue.java:403)
        at java.util.concurrent.ThreadPoolExecutor.getTask(ThreadPoolExecutor.java:1074)
        at java.util.concurrent.ThreadPoolExecutor.runWorker(ThreadPoolExecutor.java:1134)
        at java.util.concurrent.ThreadPoolExecutor$Worker.run(ThreadPoolExecutor.java:624)
        at java.lang.Thread.run(Thread.java:748)
"Thread-1506" daemon prio=5 tid=3165 timed_waiting
java.lang.Thread.State: TIMED_WAITING
        at sun.misc.Unsafe.park(Native Method)
        at java.util.concurrent.locks.LockSupport.parkNanos(LockSupport.java:215)
        at java.util.concurrent.locks.AbstractQueuedSynchronizer$ConditionObject.awaitNanos(AbstractQueuedSynchronizer.java:2078)
        at java.util.concurrent.ArrayBlockingQueue.poll(ArrayBlockingQueue.java:418)
        at org.apache.ratis.server.impl.LeaderState$EventQueue.poll(LeaderState.java:115)
        at org.apache.ratis.server.impl.LeaderState$EventProcessor.run(LeaderState.java:467)
"org.eclipse.jetty.server.session.HashSessionManager@2ead6ba4Timer" daemon prio=5 tid=2039 timed_waiting
java.lang.Thread.State: TIMED_WAITING
        at sun.misc.Unsafe.park(Native Method)
        at java.util.concurrent.locks.LockSupport.parkNanos(LockSupport.java:215)
        at java.util.concurrent.locks.AbstractQueuedSynchronizer$ConditionObject.awaitNanos(AbstractQueuedSynchronizer.java:2078)
        at java.util.concurrent.ScheduledThreadPoolExecutor$DelayedWorkQueue.take(ScheduledThreadPoolExecutor.java:1093)
        at java.util.concurrent.ScheduledThreadPoolExecutor$DelayedWorkQueue.take(ScheduledThreadPoolExecutor.java:809)
        at java.util.concurrent.ThreadPoolExecutor.getTask(ThreadPoolExecutor.java:1074)
        at java.util.concurrent.ThreadPoolExecutor.runWorker(ThreadPoolExecutor.java:1134)
        at java.util.concurrent.ThreadPoolExecutor$Worker.run(ThreadPoolExecutor.java:624)
        at java.lang.Thread.run(Thread.java:748)
"dadbf9b0-b155-425e-bdd4-f6aced2428ca@group-CE93C81AF12A-SegmentedRaftLogWorker"  prio=5 tid=3104 timed_waiting
java.lang.Thread.State: TIMED_WAITING
        at sun.misc.Unsafe.park(Native Method)
        at java.util.concurrent.locks.LockSupport.parkNanos(LockSupport.java:215)
        at java.util.concurrent.locks.AbstractQueuedSynchronizer$ConditionObject.awaitNanos(AbstractQueuedSynchronizer.java:2078)
        at org.apache.ratis.util.DataBlockingQueue.poll(DataBlockingQueue.java:137)
        at org.apache.ratis.server.raftlog.segmented.SegmentedRaftLogWorker.run(SegmentedRaftLogWorker.java:282)
        at java.lang.Thread.run(Thread.java:748)
"Datanode ReportManager Thread - 1" daemon prio=5 tid=199 in Object.wait()
java.lang.Thread.State: WAITING (on object monitor)
        at sun.misc.Unsafe.park(Native Method)
        at java.util.concurrent.locks.LockSupport.park(LockSupport.java:175)
        at java.util.concurrent.locks.AbstractQueuedSynchronizer$ConditionObject.await(AbstractQueuedSynchronizer.java:2039)
        at java.util.concurrent.ScheduledThreadPoolExecutor$DelayedWorkQueue.take(ScheduledThreadPoolExecutor.java:1088)
        at java.util.concurrent.ScheduledThreadPoolExecutor$DelayedWorkQueue.take(ScheduledThreadPoolExecutor.java:809)
        at java.util.concurrent.ThreadPoolExecutor.getTask(ThreadPoolExecutor.java:1074)
        at java.util.concurrent.ThreadPoolExecutor.runWorker(ThreadPoolExecutor.java:1134)
        at java.util.concurrent.ThreadPoolExecutor$Worker.run(ThreadPoolExecutor.java:624)
        at java.lang.Thread.run(Thread.java:748)
"pool-208-thread-36"  prio=5 tid=2647 in Object.wait()
java.lang.Thread.State: WAITING (on object monitor)
        at sun.misc.Unsafe.park(Native Method)
        at java.util.concurrent.locks.LockSupport.park(LockSupport.java:175)
        at java.util.concurrent.locks.AbstractQueuedSynchronizer$ConditionObject.await(AbstractQueuedSynchronizer.java:2039)
        at java.util.concurrent.ArrayBlockingQueue.take(ArrayBlockingQueue.java:403)
        at java.util.concurrent.ThreadPoolExecutor.getTask(ThreadPoolExecutor.java:1074)
        at java.util.concurrent.ThreadPoolExecutor.runWorker(ThreadPoolExecutor.java:1134)
        at java.util.concurrent.ThreadPoolExecutor$Worker.run(ThreadPoolExecutor.java:624)
        at java.lang.Thread.run(Thread.java:748)
"pool-178-thread-7"  prio=5 tid=2432 in Object.wait()
java.lang.Thread.State: WAITING (on object monitor)
        at sun.misc.Unsafe.park(Native Method)
        at java.util.concurrent.locks.LockSupport.park(LockSupport.java:175)
        at java.util.concurrent.locks.AbstractQueuedSynchronizer$ConditionObject.await(AbstractQueuedSynchronizer.java:2039)
        at java.util.concurrent.ArrayBlockingQueue.take(ArrayBlockingQueue.java:403)
        at java.util.concurrent.ThreadPoolExecutor.getTask(ThreadPoolExecutor.java:1074)
        at java.util.concurrent.ThreadPoolExecutor.runWorker(ThreadPoolExecutor.java:1134)
        at java.util.concurrent.ThreadPoolExecutor$Worker.run(ThreadPoolExecutor.java:624)
        at java.lang.Thread.run(Thread.java:748)
"IPC Server idle connection scanner for port 43737" daemon prio=5 tid=1843 timed_waiting
java.lang.Thread.State: TIMED_WAITING
        at java.lang.Object.wait(Native Method)
        at java.util.TimerThread.mainLoop(Timer.java:552)
        at java.util.TimerThread.run(Timer.java:505)
"pool-168-thread-20"  prio=5 tid=2383 in Object.wait()
java.lang.Thread.State: WAITING (on object monitor)
        at sun.misc.Unsafe.park(Native Method)
        at java.util.concurrent.locks.LockSupport.park(LockSupport.java:175)
        at java.util.concurrent.locks.AbstractQueuedSynchronizer$ConditionObject.await(AbstractQueuedSynchronizer.java:2039)
        at java.util.concurrent.ArrayBlockingQueue.take(ArrayBlockingQueue.java:403)
        at java.util.concurrent.ThreadPoolExecutor.getTask(ThreadPoolExecutor.java:1074)
        at java.util.concurrent.ThreadPoolExecutor.runWorker(ThreadPoolExecutor.java:1134)
        at java.util.concurrent.ThreadPoolExecutor$Worker.run(ThreadPoolExecutor.java:624)
        at java.lang.Thread.run(Thread.java:748)
"pool-218-thread-52"  prio=5 tid=2725 in Object.wait()
java.lang.Thread.State: WAITING (on object monitor)
        at sun.misc.Unsafe.park(Native Method)
        at java.util.concurrent.locks.LockSupport.park(LockSupport.java:175)
        at java.util.concurrent.locks.AbstractQueuedSynchronizer$ConditionObject.await(AbstractQueuedSynchronizer.java:2039)
        at java.util.concurrent.ArrayBlockingQueue.take(ArrayBlockingQueue.java:403)
        at java.util.concurrent.ThreadPoolExecutor.getTask(ThreadPoolExecutor.java:1074)
        at java.util.concurrent.ThreadPoolExecutor.runWorker(ThreadPoolExecutor.java:1134)
        at java.util.concurrent.ThreadPoolExecutor$Worker.run(ThreadPoolExecutor.java:624)
        at java.lang.Thread.run(Thread.java:748)
"pool-178-thread-26"  prio=5 tid=2451 in Object.wait()
java.lang.Thread.State: WAITING (on object monitor)
        at sun.misc.Unsafe.park(Native Method)
        at java.util.concurrent.locks.LockSupport.park(LockSupport.java:175)
        at java.util.concurrent.locks.AbstractQueuedSynchronizer$ConditionObject.await(AbstractQueuedSynchronizer.java:2039)
        at java.util.concurrent.ArrayBlockingQueue.take(ArrayBlockingQueue.java:403)
        at java.util.concurrent.ThreadPoolExecutor.getTask(ThreadPoolExecutor.java:1074)
        at java.util.concurrent.ThreadPoolExecutor.runWorker(ThreadPoolExecutor.java:1134)
        at java.util.concurrent.ThreadPoolExecutor$Worker.run(ThreadPoolExecutor.java:624)
        at java.lang.Thread.run(Thread.java:748)
"pool-158-thread-53"  prio=5 tid=2354 in Object.wait()
java.lang.Thread.State: WAITING (on object monitor)
        at sun.misc.Unsafe.park(Native Method)
        at java.util.concurrent.locks.LockSupport.park(LockSupport.java:175)
        at java.util.concurrent.locks.AbstractQueuedSynchronizer$ConditionObject.await(AbstractQueuedSynchronizer.java:2039)
        at java.util.concurrent.ArrayBlockingQueue.take(ArrayBlockingQueue.java:403)
        at java.util.concurrent.ThreadPoolExecutor.getTask(ThreadPoolExecutor.java:1074)
        at java.util.concurrent.ThreadPoolExecutor.runWorker(ThreadPoolExecutor.java:1134)
        at java.util.concurrent.ThreadPoolExecutor$Worker.run(ThreadPoolExecutor.java:624)
        at java.lang.Thread.run(Thread.java:748)
"qtp1768471788-2036" daemon prio=5 tid=2036 timed_waiting
java.lang.Thread.State: TIMED_WAITING
        at sun.misc.Unsafe.park(Native Method)
        at java.util.concurrent.locks.LockSupport.parkNanos(LockSupport.java:215)
        at java.util.concurrent.locks.AbstractQueuedSynchronizer$ConditionObject.awaitNanos(AbstractQueuedSynchronizer.java:2078)
        at org.eclipse.jetty.util.BlockingArrayQueue.poll(BlockingArrayQueue.java:392)
        at org.eclipse.jetty.util.thread.QueuedThreadPool.idleJobPoll(QueuedThreadPool.java:563)
        at org.eclipse.jetty.util.thread.QueuedThreadPool.access$800(QueuedThreadPool.java:48)
        at org.eclipse.jetty.util.thread.QueuedThreadPool$2.run(QueuedThreadPool.java:626)
        at java.lang.Thread.run(Thread.java:748)
"pool-148-thread-38"  prio=5 tid=2276 in Object.wait()
java.lang.Thread.State: WAITING (on object monitor)
        at sun.misc.Unsafe.park(Native Method)
        at java.util.concurrent.locks.LockSupport.park(LockSupport.java:175)
        at java.util.concurrent.locks.AbstractQueuedSynchronizer$ConditionObject.await(AbstractQueuedSynchronizer.java:2039)
        at java.util.concurrent.ArrayBlockingQueue.take(ArrayBlockingQueue.java:403)
        at java.util.concurrent.ThreadPoolExecutor.getTask(ThreadPoolExecutor.java:1074)
        at java.util.concurrent.ThreadPoolExecutor.runWorker(ThreadPoolExecutor.java:1134)
        at java.util.concurrent.ThreadPoolExecutor$Worker.run(ThreadPoolExecutor.java:624)
        at java.lang.Thread.run(Thread.java:748)
"Periodic HDDS volume checker"  prio=5 tid=1968 timed_waiting
java.lang.Thread.State: TIMED_WAITING
        at sun.misc.Unsafe.park(Native Method)
        at java.util.concurrent.locks.LockSupport.parkNanos(LockSupport.java:215)
        at java.util.concurrent.locks.AbstractQueuedSynchronizer$ConditionObject.awaitNanos(AbstractQueuedSynchronizer.java:2078)
        at java.util.concurrent.ScheduledThreadPoolExecutor$DelayedWorkQueue.take(ScheduledThreadPoolExecutor.java:1093)
        at java.util.concurrent.ScheduledThreadPoolExecutor$DelayedWorkQueue.take(ScheduledThreadPoolExecutor.java:809)
        at java.util.concurrent.ThreadPoolExecutor.getTask(ThreadPoolExecutor.java:1074)
        at java.util.concurrent.ThreadPoolExecutor.runWorker(ThreadPoolExecutor.java:1134)
        at java.util.concurrent.ThreadPoolExecutor$Worker.run(ThreadPoolExecutor.java:624)
        at java.lang.Thread.run(Thread.java:748)
"pool-148-thread-50"  prio=5 tid=2288 in Object.wait()
java.lang.Thread.State: WAITING (on object monitor)
        at sun.misc.Unsafe.park(Native Method)
        at java.util.concurrent.locks.LockSupport.park(LockSupport.java:175)
        at java.util.concurrent.locks.AbstractQueuedSynchronizer$ConditionObject.await(AbstractQueuedSynchronizer.java:2039)
        at java.util.concurrent.ArrayBlockingQueue.take(ArrayBlockingQueue.java:403)
        at java.util.concurrent.ThreadPoolExecutor.getTask(ThreadPoolExecutor.java:1074)
        at java.util.concurrent.ThreadPoolExecutor.runWorker(ThreadPoolExecutor.java:1134)
        at java.util.concurrent.ThreadPoolExecutor$Worker.run(ThreadPoolExecutor.java:624)
        at java.lang.Thread.run(Thread.java:748)
"qtp141388791-2225" daemon prio=5 tid=2225 timed_waiting
java.lang.Thread.State: TIMED_WAITING
        at sun.misc.Unsafe.park(Native Method)
        at java.util.concurrent.locks.LockSupport.parkNanos(LockSupport.java:215)
        at java.util.concurrent.locks.AbstractQueuedSynchronizer$ConditionObject.awaitNanos(AbstractQueuedSynchronizer.java:2078)
        at org.eclipse.jetty.util.BlockingArrayQueue.poll(BlockingArrayQueue.java:392)
        at org.eclipse.jetty.util.thread.QueuedThreadPool.idleJobPoll(QueuedThreadPool.java:563)
        at org.eclipse.jetty.util.thread.QueuedThreadPool.access$800(QueuedThreadPool.java:48)
        at org.eclipse.jetty.util.thread.QueuedThreadPool$2.run(QueuedThreadPool.java:626)
        at java.lang.Thread.run(Thread.java:748)
"EventQueue-IncrementalContainerReportForIncrementalContainerReportHandler" daemon prio=5 tid=3053 in Object.wait()
java.lang.Thread.State: WAITING (on object monitor)
        at sun.misc.Unsafe.park(Native Method)
        at java.util.concurrent.locks.LockSupport.park(LockSupport.java:175)
        at java.util.concurrent.locks.AbstractQueuedSynchronizer$ConditionObject.await(AbstractQueuedSynchronizer.java:2039)
        at java.util.concurrent.LinkedBlockingQueue.take(LinkedBlockingQueue.java:442)
        at java.util.concurrent.ThreadPoolExecutor.getTask(ThreadPoolExecutor.java:1074)
        at java.util.concurrent.ThreadPoolExecutor.runWorker(ThreadPoolExecutor.java:1134)
        at java.util.concurrent.ThreadPoolExecutor$Worker.run(ThreadPoolExecutor.java:624)
        at java.lang.Thread.run(Thread.java:748)
"pool-158-thread-40"  prio=5 tid=2341 in Object.wait()
java.lang.Thread.State: WAITING (on object monitor)
        at sun.misc.Unsafe.park(Native Method)
        at java.util.concurrent.locks.LockSupport.park(LockSupport.java:175)
        at java.util.concurrent.locks.AbstractQueuedSynchronizer$ConditionObject.await(AbstractQueuedSynchronizer.java:2039)
        at java.util.concurrent.ArrayBlockingQueue.take(ArrayBlockingQueue.java:403)
        at java.util.concurrent.ThreadPoolExecutor.getTask(ThreadPoolExecutor.java:1074)
        at java.util.concurrent.ThreadPoolExecutor.runWorker(ThreadPoolExecutor.java:1134)
        at java.util.concurrent.ThreadPoolExecutor$Worker.run(ThreadPoolExecutor.java:624)
        at java.lang.Thread.run(Thread.java:748)
"pool-158-thread-18"  prio=5 tid=2319 in Object.wait()
java.lang.Thread.State: WAITING (on object monitor)
        at sun.misc.Unsafe.park(Native Method)
        at java.util.concurrent.locks.LockSupport.park(LockSupport.java:175)
        at java.util.concurrent.locks.AbstractQueuedSynchronizer$ConditionObject.await(AbstractQueuedSynchronizer.java:2039)
        at java.util.concurrent.ArrayBlockingQueue.take(ArrayBlockingQueue.java:403)
        at java.util.concurrent.ThreadPoolExecutor.getTask(ThreadPoolExecutor.java:1074)
        at java.util.concurrent.ThreadPoolExecutor.runWorker(ThreadPoolExecutor.java:1134)
        at java.util.concurrent.ThreadPoolExecutor$Worker.run(ThreadPoolExecutor.java:624)
        at java.lang.Thread.run(Thread.java:748)
"pool-198-thread-41"  prio=5 tid=2590 in Object.wait()
java.lang.Thread.State: WAITING (on object monitor)
        at sun.misc.Unsafe.park(Native Method)
        at java.util.concurrent.locks.LockSupport.park(LockSupport.java:175)
        at java.util.concurrent.locks.AbstractQueuedSynchronizer$ConditionObject.await(AbstractQueuedSynchronizer.java:2039)
        at java.util.concurrent.ArrayBlockingQueue.take(ArrayBlockingQueue.java:403)
        at java.util.concurrent.ThreadPoolExecutor.getTask(ThreadPoolExecutor.java:1074)
        at java.util.concurrent.ThreadPoolExecutor.runWorker(ThreadPoolExecutor.java:1134)
        at java.util.concurrent.ThreadPoolExecutor$Worker.run(ThreadPoolExecutor.java:624)
        at java.lang.Thread.run(Thread.java:748)
"IPC Server handler 4 on 45554" daemon prio=5 tid=1938 timed_waiting
java.lang.Thread.State: TIMED_WAITING
        at sun.misc.Unsafe.park(Native Method)
        at java.util.concurrent.locks.LockSupport.parkNanos(LockSupport.java:215)
        at java.util.concurrent.locks.AbstractQueuedSynchronizer$ConditionObject.awaitNanos(AbstractQueuedSynchronizer.java:2078)
        at java.util.concurrent.LinkedBlockingQueue.poll(LinkedBlockingQueue.java:467)
        at org.apache.hadoop.ipc.CallQueueManager.take(CallQueueManager.java:288)
        at org.apache.hadoop.ipc.Server$Handler.run(Server.java:2668)
"IPC Server handler 6 on 42444" daemon prio=5 tid=1898 timed_waiting
java.lang.Thread.State: TIMED_WAITING
        at sun.misc.Unsafe.park(Native Method)
        at java.util.concurrent.locks.LockSupport.parkNanos(LockSupport.java:215)
        at java.util.concurrent.locks.AbstractQueuedSynchronizer$ConditionObject.awaitNanos(AbstractQueuedSynchronizer.java:2078)
        at java.util.concurrent.LinkedBlockingQueue.poll(LinkedBlockingQueue.java:467)
        at org.apache.hadoop.ipc.CallQueueManager.take(CallQueueManager.java:288)
        at org.apache.hadoop.ipc.Server$Handler.run(Server.java:2668)
"IPC Server handler 16 on 43737" daemon prio=5 tid=1888 timed_waiting
java.lang.Thread.State: TIMED_WAITING
        at sun.misc.Unsafe.park(Native Method)
        at java.util.concurrent.locks.LockSupport.parkNanos(LockSupport.java:215)
        at java.util.concurrent.locks.AbstractQueuedSynchronizer$ConditionObject.awaitNanos(AbstractQueuedSynchronizer.java:2078)
        at java.util.concurrent.LinkedBlockingQueue.poll(LinkedBlockingQueue.java:467)
        at org.apache.hadoop.ipc.CallQueueManager.take(CallQueueManager.java:288)
        at org.apache.hadoop.ipc.Server$Handler.run(Server.java:2668)
"pool-198-thread-35"  prio=5 tid=2584 in Object.wait()
java.lang.Thread.State: WAITING (on object monitor)
        at sun.misc.Unsafe.park(Native Method)
        at java.util.concurrent.locks.LockSupport.park(LockSupport.java:175)
        at java.util.concurrent.locks.AbstractQueuedSynchronizer$ConditionObject.await(AbstractQueuedSynchronizer.java:2039)
        at java.util.concurrent.ArrayBlockingQueue.take(ArrayBlockingQueue.java:403)
        at java.util.concurrent.ThreadPoolExecutor.getTask(ThreadPoolExecutor.java:1074)
        at java.util.concurrent.ThreadPoolExecutor.runWorker(ThreadPoolExecutor.java:1134)
        at java.util.concurrent.ThreadPoolExecutor$Worker.run(ThreadPoolExecutor.java:624)
        at java.lang.Thread.run(Thread.java:748)
"pool-178-thread-43"  prio=5 tid=2468 in Object.wait()
java.lang.Thread.State: WAITING (on object monitor)
        at sun.misc.Unsafe.park(Native Method)
        at java.util.concurrent.locks.LockSupport.park(LockSupport.java:175)
        at java.util.concurrent.locks.AbstractQueuedSynchronizer$ConditionObject.await(AbstractQueuedSynchronizer.java:2039)
        at java.util.concurrent.ArrayBlockingQueue.take(ArrayBlockingQueue.java:403)
        at java.util.concurrent.ThreadPoolExecutor.getTask(ThreadPoolExecutor.java:1074)
        at java.util.concurrent.ThreadPoolExecutor.runWorker(ThreadPoolExecutor.java:1134)
        at java.util.concurrent.ThreadPoolExecutor$Worker.run(ThreadPoolExecutor.java:624)
        at java.lang.Thread.run(Thread.java:748)
"PartialTableCache Cleanup Thread - 0" daemon prio=5 tid=1363 in Object.wait()
java.lang.Thread.State: WAITING (on object monitor)
        at sun.misc.Unsafe.park(Native Method)
        at java.util.concurrent.locks.LockSupport.park(LockSupport.java:175)
        at java.util.concurrent.locks.AbstractQueuedSynchronizer$ConditionObject.await(AbstractQueuedSynchronizer.java:2039)
        at java.util.concurrent.LinkedBlockingQueue.take(LinkedBlockingQueue.java:442)
        at java.util.concurrent.ThreadPoolExecutor.getTask(ThreadPoolExecutor.java:1074)
        at java.util.concurrent.ThreadPoolExecutor.runWorker(ThreadPoolExecutor.java:1134)
        at java.util.concurrent.ThreadPoolExecutor$Worker.run(ThreadPoolExecutor.java:624)
        at java.lang.Thread.run(Thread.java:748)
"pool-218-thread-20"  prio=5 tid=2693 in Object.wait()
java.lang.Thread.State: WAITING (on object monitor)
        at sun.misc.Unsafe.park(Native Method)
        at java.util.concurrent.locks.LockSupport.park(LockSupport.java:175)
        at java.util.concurrent.locks.AbstractQueuedSynchronizer$ConditionObject.await(AbstractQueuedSynchronizer.java:2039)
        at java.util.concurrent.ArrayBlockingQueue.take(ArrayBlockingQueue.java:403)
        at java.util.concurrent.ThreadPoolExecutor.getTask(ThreadPoolExecutor.java:1074)
        at java.util.concurrent.ThreadPoolExecutor.runWorker(ThreadPoolExecutor.java:1134)
        at java.util.concurrent.ThreadPoolExecutor$Worker.run(ThreadPoolExecutor.java:624)
        at java.lang.Thread.run(Thread.java:748)
"pool-188-thread-8"  prio=5 tid=2495 in Object.wait()
java.lang.Thread.State: WAITING (on object monitor)
        at sun.misc.Unsafe.park(Native Method)
        at java.util.concurrent.locks.LockSupport.park(LockSupport.java:175)
        at java.util.concurrent.locks.AbstractQueuedSynchronizer$ConditionObject.await(AbstractQueuedSynchronizer.java:2039)
        at java.util.concurrent.ArrayBlockingQueue.take(ArrayBlockingQueue.java:403)
        at java.util.concurrent.ThreadPoolExecutor.getTask(ThreadPoolExecutor.java:1074)
        at java.util.concurrent.ThreadPoolExecutor.runWorker(ThreadPoolExecutor.java:1134)
        at java.util.concurrent.ThreadPoolExecutor$Worker.run(ThreadPoolExecutor.java:624)
        at java.lang.Thread.run(Thread.java:748)
"org.eclipse.jetty.server.session.HashSessionManager@67022eaTimer" daemon prio=5 tid=1983 timed_waiting
java.lang.Thread.State: TIMED_WAITING
        at sun.misc.Unsafe.park(Native Method)
        at java.util.concurrent.locks.LockSupport.parkNanos(LockSupport.java:215)
        at java.util.concurrent.locks.AbstractQueuedSynchronizer$ConditionObject.awaitNanos(AbstractQueuedSynchronizer.java:2078)
        at java.util.concurrent.ScheduledThreadPoolExecutor$DelayedWorkQueue.take(ScheduledThreadPoolExecutor.java:1093)
        at java.util.concurrent.ScheduledThreadPoolExecutor$DelayedWorkQueue.take(ScheduledThreadPoolExecutor.java:809)
        at java.util.concurrent.ThreadPoolExecutor.getTask(ThreadPoolExecutor.java:1074)
        at java.util.concurrent.ThreadPoolExecutor.runWorker(ThreadPoolExecutor.java:1134)
        at java.util.concurrent.ThreadPoolExecutor$Worker.run(ThreadPoolExecutor.java:624)
        at java.lang.Thread.run(Thread.java:748)
"qtp81705968-2057" daemon prio=5 tid=2057 runnable
java.lang.Thread.State: RUNNABLE
        at sun.nio.ch.EPollArrayWrapper.epollWait(Native Method)
        at sun.nio.ch.EPollArrayWrapper.poll(EPollArrayWrapper.java:269)
        at sun.nio.ch.EPollSelectorImpl.doSelect(EPollSelectorImpl.java:93)
        at sun.nio.ch.SelectorImpl.lockAndDoSelect(SelectorImpl.java:86)
        at sun.nio.ch.SelectorImpl.select(SelectorImpl.java:97)
        at sun.nio.ch.SelectorImpl.select(SelectorImpl.java:101)
        at org.eclipse.jetty.io.ManagedSelector$SelectorProducer.select(ManagedSelector.java:243)
        at org.eclipse.jetty.io.ManagedSelector$SelectorProducer.produce(ManagedSelector.java:191)
        at org.eclipse.jetty.util.thread.strategy.ExecuteProduceConsume.executeProduceConsume(ExecuteProduceConsume.java:249)
        at org.eclipse.jetty.util.thread.strategy.ExecuteProduceConsume.produceConsume(ExecuteProduceConsume.java:148)
        at org.eclipse.jetty.util.thread.strategy.ExecuteProduceConsume.execute(ExecuteProduceConsume.java:100)
        at org.eclipse.jetty.io.ManagedSelector.run(ManagedSelector.java:147)
        at org.eclipse.jetty.util.thread.QueuedThreadPool.runJob(QueuedThreadPool.java:671)
        at org.eclipse.jetty.util.thread.QueuedThreadPool$2.run(QueuedThreadPool.java:589)
        at java.lang.Thread.run(Thread.java:748)
"IPC Server handler 19 on 35974" daemon prio=5 tid=1871 timed_waiting
java.lang.Thread.State: TIMED_WAITING
        at sun.misc.Unsafe.park(Native Method)
        at java.util.concurrent.locks.LockSupport.parkNanos(LockSupport.java:215)
        at java.util.concurrent.locks.AbstractQueuedSynchronizer$ConditionObject.awaitNanos(AbstractQueuedSynchronizer.java:2078)
        at java.util.concurrent.LinkedBlockingQueue.poll(LinkedBlockingQueue.java:467)
        at org.apache.hadoop.ipc.CallQueueManager.take(CallQueueManager.java:288)
        at org.apache.hadoop.ipc.Server$Handler.run(Server.java:2668)
"grpc-default-worker-ELG-3-2" daemon prio=5 tid=1054 runnable
java.lang.Thread.State: RUNNABLE
        at sun.nio.ch.EPollArrayWrapper.epollWait(Native Method)
        at sun.nio.ch.EPollArrayWrapper.poll(EPollArrayWrapper.java:269)
        at sun.nio.ch.EPollSelectorImpl.doSelect(EPollSelectorImpl.java:93)
        at sun.nio.ch.SelectorImpl.lockAndDoSelect(SelectorImpl.java:86)
        at sun.nio.ch.SelectorImpl.select(SelectorImpl.java:97)
        at org.apache.ratis.thirdparty.io.netty.channel.nio.SelectedSelectionKeySetSelector.select(SelectedSelectionKeySetSelector.java:62)
        at org.apache.ratis.thirdparty.io.netty.channel.nio.NioEventLoop.select(NioEventLoop.java:753)
        at org.apache.ratis.thirdparty.io.netty.channel.nio.NioEventLoop.run(NioEventLoop.java:408)
        at org.apache.ratis.thirdparty.io.netty.util.concurrent.SingleThreadEventExecutor$5.run(SingleThreadEventExecutor.java:897)
        at org.apache.ratis.thirdparty.io.netty.util.concurrent.FastThreadLocalRunnable.run(FastThreadLocalRunnable.java:30)
        at java.lang.Thread.run(Thread.java:748)
"pool-178-thread-52"  prio=5 tid=2477 in Object.wait()
java.lang.Thread.State: WAITING (on object monitor)
        at sun.misc.Unsafe.park(Native Method)
        at java.util.concurrent.locks.LockSupport.park(LockSupport.java:175)
        at java.util.concurrent.locks.AbstractQueuedSynchronizer$ConditionObject.await(AbstractQueuedSynchronizer.java:2039)
        at java.util.concurrent.ArrayBlockingQueue.take(ArrayBlockingQueue.java:403)
        at java.util.concurrent.ThreadPoolExecutor.getTask(ThreadPoolExecutor.java:1074)
        at java.util.concurrent.ThreadPoolExecutor.runWorker(ThreadPoolExecutor.java:1134)
        at java.util.concurrent.ThreadPoolExecutor$Worker.run(ThreadPoolExecutor.java:624)
        at java.lang.Thread.run(Thread.java:748)
"BlockDeletingService#0" daemon prio=5 tid=2362 timed_waiting
java.lang.Thread.State: TIMED_WAITING
        at sun.misc.Unsafe.park(Native Method)
        at java.util.concurrent.locks.LockSupport.parkNanos(LockSupport.java:215)
        at java.util.concurrent.locks.AbstractQueuedSynchronizer$ConditionObject.awaitNanos(AbstractQueuedSynchronizer.java:2078)
        at java.util.concurrent.ScheduledThreadPoolExecutor$DelayedWorkQueue.take(ScheduledThreadPoolExecutor.java:1093)
        at java.util.concurrent.ScheduledThreadPoolExecutor$DelayedWorkQueue.take(ScheduledThreadPoolExecutor.java:809)
        at java.util.concurrent.ThreadPoolExecutor.getTask(ThreadPoolExecutor.java:1074)
        at java.util.concurrent.ThreadPoolExecutor.runWorker(ThreadPoolExecutor.java:1134)
        at java.util.concurrent.ThreadPoolExecutor$Worker.run(ThreadPoolExecutor.java:624)
        at java.lang.Thread.run(Thread.java:748)
"pool-198-thread-18"  prio=5 tid=2567 in Object.wait()
java.lang.Thread.State: WAITING (on object monitor)
        at sun.misc.Unsafe.park(Native Method)
        at java.util.concurrent.locks.LockSupport.park(LockSupport.java:175)
        at java.util.concurrent.locks.AbstractQueuedSynchronizer$ConditionObject.await(AbstractQueuedSynchronizer.java:2039)
        at java.util.concurrent.ArrayBlockingQueue.take(ArrayBlockingQueue.java:403)
        at java.util.concurrent.ThreadPoolExecutor.getTask(ThreadPoolExecutor.java:1074)
        at java.util.concurrent.ThreadPoolExecutor.runWorker(ThreadPoolExecutor.java:1134)
        at java.util.concurrent.ThreadPoolExecutor$Worker.run(ThreadPoolExecutor.java:624)
        at java.lang.Thread.run(Thread.java:748)
"pool-208-thread-59"  prio=5 tid=2670 in Object.wait()
java.lang.Thread.State: WAITING (on object monitor)
        at sun.misc.Unsafe.park(Native Method)
        at java.util.concurrent.locks.LockSupport.park(LockSupport.java:175)
        at java.util.concurrent.locks.AbstractQueuedSynchronizer$ConditionObject.await(AbstractQueuedSynchronizer.java:2039)
        at java.util.concurrent.ArrayBlockingQueue.take(ArrayBlockingQueue.java:403)
        at java.util.concurrent.ThreadPoolExecutor.getTask(ThreadPoolExecutor.java:1074)
        at java.util.concurrent.ThreadPoolExecutor.runWorker(ThreadPoolExecutor.java:1134)
        at java.util.concurrent.ThreadPoolExecutor$Worker.run(ThreadPoolExecutor.java:624)
        at java.lang.Thread.run(Thread.java:748)
"pool-188-thread-33"  prio=5 tid=2520 in Object.wait()
java.lang.Thread.State: WAITING (on object monitor)
        at sun.misc.Unsafe.park(Native Method)
        at java.util.concurrent.locks.LockSupport.park(LockSupport.java:175)
        at java.util.concurrent.locks.AbstractQueuedSynchronizer$ConditionObject.await(AbstractQueuedSynchronizer.java:2039)
        at java.util.concurrent.ArrayBlockingQueue.take(ArrayBlockingQueue.java:403)
        at java.util.concurrent.ThreadPoolExecutor.getTask(ThreadPoolExecutor.java:1074)
        at java.util.concurrent.ThreadPoolExecutor.runWorker(ThreadPoolExecutor.java:1134)
        at java.util.concurrent.ThreadPoolExecutor$Worker.run(ThreadPoolExecutor.java:624)
        at java.lang.Thread.run(Thread.java:748)
"pool-148-thread-2"  prio=5 tid=2240 in Object.wait()
java.lang.Thread.State: WAITING (on object monitor)
        at sun.misc.Unsafe.park(Native Method)
        at java.util.concurrent.locks.LockSupport.park(LockSupport.java:175)
        at java.util.concurrent.locks.AbstractQueuedSynchronizer$ConditionObject.await(AbstractQueuedSynchronizer.java:2039)
        at java.util.concurrent.ArrayBlockingQueue.take(ArrayBlockingQueue.java:403)
        at java.util.concurrent.ThreadPoolExecutor.getTask(ThreadPoolExecutor.java:1074)
        at java.util.concurrent.ThreadPoolExecutor.runWorker(ThreadPoolExecutor.java:1134)
        at java.util.concurrent.ThreadPoolExecutor$Worker.run(ThreadPoolExecutor.java:624)
        at java.lang.Thread.run(Thread.java:748)
"pool-228-thread-3"  prio=5 tid=2738 in Object.wait()
java.lang.Thread.State: WAITING (on object monitor)
        at sun.misc.Unsafe.park(Native Method)
        at java.util.concurrent.locks.LockSupport.park(LockSupport.java:175)
        at java.util.concurrent.locks.AbstractQueuedSynchronizer$ConditionObject.await(AbstractQueuedSynchronizer.java:2039)
        at java.util.concurrent.ArrayBlockingQueue.take(ArrayBlockingQueue.java:403)
        at java.util.concurrent.ThreadPoolExecutor.getTask(ThreadPoolExecutor.java:1074)
        at java.util.concurrent.ThreadPoolExecutor.runWorker(ThreadPoolExecutor.java:1134)
        at java.util.concurrent.ThreadPoolExecutor$Worker.run(ThreadPoolExecutor.java:624)
        at java.lang.Thread.run(Thread.java:748)
"pool-158-thread-26"  prio=5 tid=2327 in Object.wait()
java.lang.Thread.State: WAITING (on object monitor)
        at sun.misc.Unsafe.park(Native Method)
        at java.util.concurrent.locks.LockSupport.park(LockSupport.java:175)
        at java.util.concurrent.locks.AbstractQueuedSynchronizer$ConditionObject.await(AbstractQueuedSynchronizer.java:2039)
        at java.util.concurrent.ArrayBlockingQueue.take(ArrayBlockingQueue.java:403)
        at java.util.concurrent.ThreadPoolExecutor.getTask(ThreadPoolExecutor.java:1074)
        at java.util.concurrent.ThreadPoolExecutor.runWorker(ThreadPoolExecutor.java:1134)
        at java.util.concurrent.ThreadPoolExecutor$Worker.run(ThreadPoolExecutor.java:624)
        at java.lang.Thread.run(Thread.java:748)
"java.util.concurrent.ThreadPoolExecutor$Worker@463561c5[State = -1, empty queue]" daemon prio=5 tid=1623 runnable
java.lang.Thread.State: RUNNABLE
        at java.util.concurrent.ScheduledThreadPoolExecutor$DelayedWorkQueue.poll(ScheduledThreadPoolExecutor.java:809)
        at java.util.concurrent.ThreadPoolExecutor.getTask(ThreadPoolExecutor.java:1073)
        at java.util.concurrent.ThreadPoolExecutor.runWorker(ThreadPoolExecutor.java:1134)
        at java.util.concurrent.ThreadPoolExecutor$Worker.run(ThreadPoolExecutor.java:624)
        at java.lang.Thread.run(Thread.java:748)
"pool-158-thread-19"  prio=5 tid=2320 in Object.wait()
java.lang.Thread.State: WAITING (on object monitor)
        at sun.misc.Unsafe.park(Native Method)
        at java.util.concurrent.locks.LockSupport.park(LockSupport.java:175)
        at java.util.concurrent.locks.AbstractQueuedSynchronizer$ConditionObject.await(AbstractQueuedSynchronizer.java:2039)
        at java.util.concurrent.ArrayBlockingQueue.take(ArrayBlockingQueue.java:403)
        at java.util.concurrent.ThreadPoolExecutor.getTask(ThreadPoolExecutor.java:1074)
        at java.util.concurrent.ThreadPoolExecutor.runWorker(ThreadPoolExecutor.java:1134)
        at java.util.concurrent.ThreadPoolExecutor$Worker.run(ThreadPoolExecutor.java:624)
        at java.lang.Thread.run(Thread.java:748)
"pool-148-thread-18"  prio=5 tid=2256 in Object.wait()
java.lang.Thread.State: WAITING (on object monitor)
        at sun.misc.Unsafe.park(Native Method)
        at java.util.concurrent.locks.LockSupport.park(LockSupport.java:175)
        at java.util.concurrent.locks.AbstractQueuedSynchronizer$ConditionObject.await(AbstractQueuedSynchronizer.java:2039)
        at java.util.concurrent.ArrayBlockingQueue.take(ArrayBlockingQueue.java:403)
        at java.util.concurrent.ThreadPoolExecutor.getTask(ThreadPoolExecutor.java:1074)
        at java.util.concurrent.ThreadPoolExecutor.runWorker(ThreadPoolExecutor.java:1134)
        at java.util.concurrent.ThreadPoolExecutor$Worker.run(ThreadPoolExecutor.java:624)
        at java.lang.Thread.run(Thread.java:748)
"qtp1404150776-1975" daemon prio=5 tid=1975 runnable
java.lang.Thread.State: RUNNABLE
        at sun.nio.ch.EPollArrayWrapper.epollWait(Native Method)
        at sun.nio.ch.EPollArrayWrapper.poll(EPollArrayWrapper.java:269)
        at sun.nio.ch.EPollSelectorImpl.doSelect(EPollSelectorImpl.java:93)
        at sun.nio.ch.SelectorImpl.lockAndDoSelect(SelectorImpl.java:86)
        at sun.nio.ch.SelectorImpl.select(SelectorImpl.java:97)
        at sun.nio.ch.SelectorImpl.select(SelectorImpl.java:101)
        at org.eclipse.jetty.io.ManagedSelector$SelectorProducer.select(ManagedSelector.java:243)
        at org.eclipse.jetty.io.ManagedSelector$SelectorProducer.produce(ManagedSelector.java:191)
        at org.eclipse.jetty.util.thread.strategy.ExecuteProduceConsume.executeProduceConsume(ExecuteProduceConsume.java:249)
        at org.eclipse.jetty.util.thread.strategy.ExecuteProduceConsume.produceConsume(ExecuteProduceConsume.java:148)
        at org.eclipse.jetty.util.thread.strategy.ExecuteProduceConsume.execute(ExecuteProduceConsume.java:100)
        at org.eclipse.jetty.io.ManagedSelector.run(ManagedSelector.java:147)
        at org.eclipse.jetty.util.thread.QueuedThreadPool.runJob(QueuedThreadPool.java:671)
        at org.eclipse.jetty.util.thread.QueuedThreadPool$2.run(QueuedThreadPool.java:589)
        at java.lang.Thread.run(Thread.java:748)
"pool-178-thread-30"  prio=5 tid=2455 in Object.wait()
java.lang.Thread.State: WAITING (on object monitor)
        at sun.misc.Unsafe.park(Native Method)
        at java.util.concurrent.locks.LockSupport.park(LockSupport.java:175)
        at java.util.concurrent.locks.AbstractQueuedSynchronizer$ConditionObject.await(AbstractQueuedSynchronizer.java:2039)
        at java.util.concurrent.ArrayBlockingQueue.take(ArrayBlockingQueue.java:403)
        at java.util.concurrent.ThreadPoolExecutor.getTask(ThreadPoolExecutor.java:1074)
        at java.util.concurrent.ThreadPoolExecutor.runWorker(ThreadPoolExecutor.java:1134)
        at java.util.concurrent.ThreadPoolExecutor$Worker.run(ThreadPoolExecutor.java:624)
        at java.lang.Thread.run(Thread.java:748)
"IPC Server handler 9 on 42444" daemon prio=5 tid=1901 timed_waiting
java.lang.Thread.State: TIMED_WAITING
        at sun.misc.Unsafe.park(Native Method)
        at java.util.concurrent.locks.LockSupport.parkNanos(LockSupport.java:215)
        at java.util.concurrent.locks.AbstractQueuedSynchronizer$ConditionObject.awaitNanos(AbstractQueuedSynchronizer.java:2078)
        at java.util.concurrent.LinkedBlockingQueue.poll(LinkedBlockingQueue.java:467)
        at org.apache.hadoop.ipc.CallQueueManager.take(CallQueueManager.java:288)
        at org.apache.hadoop.ipc.Server$Handler.run(Server.java:2668)
"IPC Server handler 7 on 35974" daemon prio=5 tid=1859 timed_waiting
java.lang.Thread.State: TIMED_WAITING
        at sun.misc.Unsafe.park(Native Method)
        at java.util.concurrent.locks.LockSupport.parkNanos(LockSupport.java:215)
        at java.util.concurrent.locks.AbstractQueuedSynchronizer$ConditionObject.awaitNanos(AbstractQueuedSynchronizer.java:2078)
        at java.util.concurrent.LinkedBlockingQueue.poll(LinkedBlockingQueue.java:467)
        at org.apache.hadoop.ipc.CallQueueManager.take(CallQueueManager.java:288)
        at org.apache.hadoop.ipc.Server$Handler.run(Server.java:2668)
"pool-188-thread-21"  prio=5 tid=2508 in Object.wait()
java.lang.Thread.State: WAITING (on object monitor)
        at sun.misc.Unsafe.park(Native Method)
        at java.util.concurrent.locks.LockSupport.park(LockSupport.java:175)
        at java.util.concurrent.locks.AbstractQueuedSynchronizer$ConditionObject.await(AbstractQueuedSynchronizer.java:2039)
        at java.util.concurrent.ArrayBlockingQueue.take(ArrayBlockingQueue.java:403)
        at java.util.concurrent.ThreadPoolExecutor.getTask(ThreadPoolExecutor.java:1074)
        at java.util.concurrent.ThreadPoolExecutor.runWorker(ThreadPoolExecutor.java:1134)
        at java.util.concurrent.ThreadPoolExecutor$Worker.run(ThreadPoolExecutor.java:624)
        at java.lang.Thread.run(Thread.java:748)
"pool-228-thread-28"  prio=5 tid=2763 in Object.wait()
java.lang.Thread.State: WAITING (on object monitor)
        at sun.misc.Unsafe.park(Native Method)
        at java.util.concurrent.locks.LockSupport.park(LockSupport.java:175)
        at java.util.concurrent.locks.AbstractQueuedSynchronizer$ConditionObject.await(AbstractQueuedSynchronizer.java:2039)
        at java.util.concurrent.ArrayBlockingQueue.take(ArrayBlockingQueue.java:403)
        at java.util.concurrent.ThreadPoolExecutor.getTask(ThreadPoolExecutor.java:1074)
        at java.util.concurrent.ThreadPoolExecutor.runWorker(ThreadPoolExecutor.java:1134)
        at java.util.concurrent.ThreadPoolExecutor$Worker.run(ThreadPoolExecutor.java:624)
        at java.lang.Thread.run(Thread.java:748)
"PartialTableCache Cleanup Thread - 0" daemon prio=5 tid=1360 in Object.wait()
java.lang.Thread.State: WAITING (on object monitor)
        at sun.misc.Unsafe.park(Native Method)
        at java.util.concurrent.locks.LockSupport.park(LockSupport.java:175)
        at java.util.concurrent.locks.AbstractQueuedSynchronizer$ConditionObject.await(AbstractQueuedSynchronizer.java:2039)
        at java.util.concurrent.LinkedBlockingQueue.take(LinkedBlockingQueue.java:442)
        at java.util.concurrent.ThreadPoolExecutor.getTask(ThreadPoolExecutor.java:1074)
        at java.util.concurrent.ThreadPoolExecutor.runWorker(ThreadPoolExecutor.java:1134)
        at java.util.concurrent.ThreadPoolExecutor$Worker.run(ThreadPoolExecutor.java:624)
        at java.lang.Thread.run(Thread.java:748)
"Signal Dispatcher" daemon prio=9 tid=4 runnable
java.lang.Thread.State: RUNNABLE
"pool-168-thread-41"  prio=5 tid=2404 in Object.wait()
java.lang.Thread.State: WAITING (on object monitor)
        at sun.misc.Unsafe.park(Native Method)
        at java.util.concurrent.locks.LockSupport.park(LockSupport.java:175)
        at java.util.concurrent.locks.AbstractQueuedSynchronizer$ConditionObject.await(AbstractQueuedSynchronizer.java:2039)
        at java.util.concurrent.ArrayBlockingQueue.take(ArrayBlockingQueue.java:403)
        at java.util.concurrent.ThreadPoolExecutor.getTask(ThreadPoolExecutor.java:1074)
        at java.util.concurrent.ThreadPoolExecutor.runWorker(ThreadPoolExecutor.java:1134)
        at java.util.concurrent.ThreadPoolExecutor$Worker.run(ThreadPoolExecutor.java:624)
        at java.lang.Thread.run(Thread.java:748)
"pool-158-thread-42"  prio=5 tid=2343 in Object.wait()
java.lang.Thread.State: WAITING (on object monitor)
        at sun.misc.Unsafe.park(Native Method)
        at java.util.concurrent.locks.LockSupport.park(LockSupport.java:175)
        at java.util.concurrent.locks.AbstractQueuedSynchronizer$ConditionObject.await(AbstractQueuedSynchronizer.java:2039)
        at java.util.concurrent.ArrayBlockingQueue.take(ArrayBlockingQueue.java:403)
        at java.util.concurrent.ThreadPoolExecutor.getTask(ThreadPoolExecutor.java:1074)
        at java.util.concurrent.ThreadPoolExecutor.runWorker(ThreadPoolExecutor.java:1134)
        at java.util.concurrent.ThreadPoolExecutor$Worker.run(ThreadPoolExecutor.java:624)
        at java.lang.Thread.run(Thread.java:748)
"pool-148-thread-3"  prio=5 tid=2241 in Object.wait()
java.lang.Thread.State: WAITING (on object monitor)
        at sun.misc.Unsafe.park(Native Method)
        at java.util.concurrent.locks.LockSupport.park(LockSupport.java:175)
        at java.util.concurrent.locks.AbstractQueuedSynchronizer$ConditionObject.await(AbstractQueuedSynchronizer.java:2039)
        at java.util.concurrent.ArrayBlockingQueue.take(ArrayBlockingQueue.java:403)
        at java.util.concurrent.ThreadPoolExecutor.getTask(ThreadPoolExecutor.java:1074)
        at java.util.concurrent.ThreadPoolExecutor.runWorker(ThreadPoolExecutor.java:1134)
        at java.util.concurrent.ThreadPoolExecutor$Worker.run(ThreadPoolExecutor.java:624)
        at java.lang.Thread.run(Thread.java:748)
"pool-188-thread-41"  prio=5 tid=2528 in Object.wait()
java.lang.Thread.State: WAITING (on object monitor)
        at sun.misc.Unsafe.park(Native Method)
        at java.util.concurrent.locks.LockSupport.park(LockSupport.java:175)
        at java.util.concurrent.locks.AbstractQueuedSynchronizer$ConditionObject.await(AbstractQueuedSynchronizer.java:2039)
        at java.util.concurrent.ArrayBlockingQueue.take(ArrayBlockingQueue.java:403)
        at java.util.concurrent.ThreadPoolExecutor.getTask(ThreadPoolExecutor.java:1074)
        at java.util.concurrent.ThreadPoolExecutor.runWorker(ThreadPoolExecutor.java:1134)
        at java.util.concurrent.ThreadPoolExecutor$Worker.run(ThreadPoolExecutor.java:624)
        at java.lang.Thread.run(Thread.java:748)
"qtp955153053-2193-acceptor-0@798a9bf1-ServerConnector@74024f3{HTTP/1.1,[http/1.1]}{0.0.0.0:38272}" daemon prio=3 tid=2193 runnable
java.lang.Thread.State: RUNNABLE
        at sun.nio.ch.ServerSocketChannelImpl.accept0(Native Method)
        at sun.nio.ch.ServerSocketChannelImpl.accept(ServerSocketChannelImpl.java:422)
        at sun.nio.ch.ServerSocketChannelImpl.accept(ServerSocketChannelImpl.java:250)
        at org.eclipse.jetty.server.ServerConnector.accept(ServerConnector.java:397)
        at org.eclipse.jetty.server.AbstractConnector$Acceptor.run(AbstractConnector.java:601)
        at org.eclipse.jetty.util.thread.QueuedThreadPool.runJob(QueuedThreadPool.java:671)
        at org.eclipse.jetty.util.thread.QueuedThreadPool$2.run(QueuedThreadPool.java:589)
        at java.lang.Thread.run(Thread.java:748)
"pool-148-thread-46"  prio=5 tid=2284 in Object.wait()
java.lang.Thread.State: WAITING (on object monitor)
        at sun.misc.Unsafe.park(Native Method)
        at java.util.concurrent.locks.LockSupport.park(LockSupport.java:175)
        at java.util.concurrent.locks.AbstractQueuedSynchronizer$ConditionObject.await(AbstractQueuedSynchronizer.java:2039)
        at java.util.concurrent.ArrayBlockingQueue.take(ArrayBlockingQueue.java:403)
        at java.util.concurrent.ThreadPoolExecutor.getTask(ThreadPoolExecutor.java:1074)
        at java.util.concurrent.ThreadPoolExecutor.runWorker(ThreadPoolExecutor.java:1134)
        at java.util.concurrent.ThreadPoolExecutor$Worker.run(ThreadPoolExecutor.java:624)
        at java.lang.Thread.run(Thread.java:748)
"org.apache.hadoop.util.JvmPauseMonitor$Monitor@f9096d6" daemon prio=5 tid=2236 timed_waiting
java.lang.Thread.State: TIMED_WAITING
        at java.lang.Thread.sleep(Native Method)
        at org.apache.hadoop.util.JvmPauseMonitor$Monitor.run(JvmPauseMonitor.java:192)
        at java.lang.Thread.run(Thread.java:748)
"pool-198-thread-13"  prio=5 tid=2562 in Object.wait()
java.lang.Thread.State: WAITING (on object monitor)
        at sun.misc.Unsafe.park(Native Method)
        at java.util.concurrent.locks.LockSupport.park(LockSupport.java:175)
        at java.util.concurrent.locks.AbstractQueuedSynchronizer$ConditionObject.await(AbstractQueuedSynchronizer.java:2039)
        at java.util.concurrent.ArrayBlockingQueue.take(ArrayBlockingQueue.java:403)
        at java.util.concurrent.ThreadPoolExecutor.getTask(ThreadPoolExecutor.java:1074)
        at java.util.concurrent.ThreadPoolExecutor.runWorker(ThreadPoolExecutor.java:1134)
        at java.util.concurrent.ThreadPoolExecutor$Worker.run(ThreadPoolExecutor.java:624)
        at java.lang.Thread.run(Thread.java:748)
"pool-148-thread-20"  prio=5 tid=2258 in Object.wait()
java.lang.Thread.State: WAITING (on object monitor)
        at sun.misc.Unsafe.park(Native Method)
        at java.util.concurrent.locks.LockSupport.park(LockSupport.java:175)
        at java.util.concurrent.locks.AbstractQueuedSynchronizer$ConditionObject.await(AbstractQueuedSynchronizer.java:2039)
        at java.util.concurrent.ArrayBlockingQueue.take(ArrayBlockingQueue.java:403)
        at java.util.concurrent.ThreadPoolExecutor.getTask(ThreadPoolExecutor.java:1074)
        at java.util.concurrent.ThreadPoolExecutor.runWorker(ThreadPoolExecutor.java:1134)
        at java.util.concurrent.ThreadPoolExecutor$Worker.run(ThreadPoolExecutor.java:624)
        at java.lang.Thread.run(Thread.java:748)
"Datanode ReportManager Thread - 1" daemon prio=5 tid=2205 timed_waiting
java.lang.Thread.State: TIMED_WAITING
        at sun.misc.Unsafe.park(Native Method)
        at java.util.concurrent.locks.LockSupport.parkNanos(LockSupport.java:215)
        at java.util.concurrent.locks.AbstractQueuedSynchronizer$ConditionObject.awaitNanos(AbstractQueuedSynchronizer.java:2078)
        at java.util.concurrent.ScheduledThreadPoolExecutor$DelayedWorkQueue.take(ScheduledThreadPoolExecutor.java:1093)
        at java.util.concurrent.ScheduledThreadPoolExecutor$DelayedWorkQueue.take(ScheduledThreadPoolExecutor.java:809)
        at java.util.concurrent.ThreadPoolExecutor.getTask(ThreadPoolExecutor.java:1074)
        at java.util.concurrent.ThreadPoolExecutor.runWorker(ThreadPoolExecutor.java:1134)
        at java.util.concurrent.ThreadPoolExecutor$Worker.run(ThreadPoolExecutor.java:624)
        at java.lang.Thread.run(Thread.java:748)
"pool-152-thread-1"  prio=5 tid=1974 timed_waiting
java.lang.Thread.State: TIMED_WAITING
        at sun.misc.Unsafe.park(Native Method)
        at java.util.concurrent.locks.LockSupport.parkNanos(LockSupport.java:215)
        at java.util.concurrent.locks.AbstractQueuedSynchronizer$ConditionObject.awaitNanos(AbstractQueuedSynchronizer.java:2078)
        at java.util.concurrent.ScheduledThreadPoolExecutor$DelayedWorkQueue.take(ScheduledThreadPoolExecutor.java:1093)
        at java.util.concurrent.ScheduledThreadPoolExecutor$DelayedWorkQueue.take(ScheduledThreadPoolExecutor.java:809)
        at java.util.concurrent.ThreadPoolExecutor.getTask(ThreadPoolExecutor.java:1074)
        at java.util.concurrent.ThreadPoolExecutor.runWorker(ThreadPoolExecutor.java:1134)
        at java.util.concurrent.ThreadPoolExecutor$Worker.run(ThreadPoolExecutor.java:624)
        at java.lang.Thread.run(Thread.java:748)
"IPC Server handler 9 on 35974" daemon prio=5 tid=1861 timed_waiting
java.lang.Thread.State: TIMED_WAITING
        at sun.misc.Unsafe.park(Native Method)
        at java.util.concurrent.locks.LockSupport.parkNanos(LockSupport.java:215)
        at java.util.concurrent.locks.AbstractQueuedSynchronizer$ConditionObject.awaitNanos(AbstractQueuedSynchronizer.java:2078)
        at java.util.concurrent.LinkedBlockingQueue.poll(LinkedBlockingQueue.java:467)
        at org.apache.hadoop.ipc.CallQueueManager.take(CallQueueManager.java:288)
        at org.apache.hadoop.ipc.Server$Handler.run(Server.java:2668)
"PartialTableCache Cleanup Thread - 0" daemon prio=5 tid=3038 in Object.wait()
java.lang.Thread.State: WAITING (on object monitor)
        at sun.misc.Unsafe.park(Native Method)
        at java.util.concurrent.locks.LockSupport.park(LockSupport.java:175)
        at java.util.concurrent.locks.AbstractQueuedSynchronizer$ConditionObject.await(AbstractQueuedSynchronizer.java:2039)
        at java.util.concurrent.LinkedBlockingQueue.take(LinkedBlockingQueue.java:442)
        at java.util.concurrent.ThreadPoolExecutor.getTask(ThreadPoolExecutor.java:1074)
        at java.util.concurrent.ThreadPoolExecutor.runWorker(ThreadPoolExecutor.java:1134)
        at java.util.concurrent.ThreadPoolExecutor$Worker.run(ThreadPoolExecutor.java:624)
        at java.lang.Thread.run(Thread.java:748)
"pool-158-thread-58"  prio=5 tid=2359 in Object.wait()
java.lang.Thread.State: WAITING (on object monitor)
        at sun.misc.Unsafe.park(Native Method)
        at java.util.concurrent.locks.LockSupport.park(LockSupport.java:175)
        at java.util.concurrent.locks.AbstractQueuedSynchronizer$ConditionObject.await(AbstractQueuedSynchronizer.java:2039)
        at java.util.concurrent.ArrayBlockingQueue.take(ArrayBlockingQueue.java:403)
        at java.util.concurrent.ThreadPoolExecutor.getTask(ThreadPoolExecutor.java:1074)
        at java.util.concurrent.ThreadPoolExecutor.runWorker(ThreadPoolExecutor.java:1134)
        at java.util.concurrent.ThreadPoolExecutor$Worker.run(ThreadPoolExecutor.java:624)
        at java.lang.Thread.run(Thread.java:748)
"pool-238-thread-24"  prio=5 tid=2821 in Object.wait()
java.lang.Thread.State: WAITING (on object monitor)
        at sun.misc.Unsafe.park(Native Method)
        at java.util.concurrent.locks.LockSupport.park(LockSupport.java:175)
        at java.util.concurrent.locks.AbstractQueuedSynchronizer$ConditionObject.await(AbstractQueuedSynchronizer.java:2039)
        at java.util.concurrent.ArrayBlockingQueue.take(ArrayBlockingQueue.java:403)
        at java.util.concurrent.ThreadPoolExecutor.getTask(ThreadPoolExecutor.java:1074)
        at java.util.concurrent.ThreadPoolExecutor.runWorker(ThreadPoolExecutor.java:1134)
        at java.util.concurrent.ThreadPoolExecutor$Worker.run(ThreadPoolExecutor.java:624)
        at java.lang.Thread.run(Thread.java:748)
"pool-148-thread-34"  prio=5 tid=2272 in Object.wait()
java.lang.Thread.State: WAITING (on object monitor)
        at sun.misc.Unsafe.park(Native Method)
        at java.util.concurrent.locks.LockSupport.park(LockSupport.java:175)
        at java.util.concurrent.locks.AbstractQueuedSynchronizer$ConditionObject.await(AbstractQueuedSynchronizer.java:2039)
        at java.util.concurrent.ArrayBlockingQueue.take(ArrayBlockingQueue.java:403)
        at java.util.concurrent.ThreadPoolExecutor.getTask(ThreadPoolExecutor.java:1074)
        at java.util.concurrent.ThreadPoolExecutor.runWorker(ThreadPoolExecutor.java:1134)
        at java.util.concurrent.ThreadPoolExecutor$Worker.run(ThreadPoolExecutor.java:624)
        at java.lang.Thread.run(Thread.java:748)
"Datanode ReportManager Thread - 3" daemon prio=5 tid=2099 in Object.wait()
java.lang.Thread.State: WAITING (on object monitor)
        at sun.misc.Unsafe.park(Native Method)
        at java.util.concurrent.locks.LockSupport.park(LockSupport.java:175)
        at java.util.concurrent.locks.AbstractQueuedSynchronizer$ConditionObject.await(AbstractQueuedSynchronizer.java:2039)
        at java.util.concurrent.ScheduledThreadPoolExecutor$DelayedWorkQueue.take(ScheduledThreadPoolExecutor.java:1088)
        at java.util.concurrent.ScheduledThreadPoolExecutor$DelayedWorkQueue.take(ScheduledThreadPoolExecutor.java:809)
        at java.util.concurrent.ThreadPoolExecutor.getTask(ThreadPoolExecutor.java:1074)
        at java.util.concurrent.ThreadPoolExecutor.runWorker(ThreadPoolExecutor.java:1134)
        at java.util.concurrent.ThreadPoolExecutor$Worker.run(ThreadPoolExecutor.java:624)
        at java.lang.Thread.run(Thread.java:748)
"Datanode ReportManager Thread - 0" daemon prio=5 tid=198 in Object.wait()
java.lang.Thread.State: WAITING (on object monitor)
        at sun.misc.Unsafe.park(Native Method)
        at java.util.concurrent.locks.LockSupport.park(LockSupport.java:175)
        at java.util.concurrent.locks.AbstractQueuedSynchronizer$ConditionObject.await(AbstractQueuedSynchronizer.java:2039)
        at java.util.concurrent.ScheduledThreadPoolExecutor$DelayedWorkQueue.take(ScheduledThreadPoolExecutor.java:1088)
        at java.util.concurrent.ScheduledThreadPoolExecutor$DelayedWorkQueue.take(ScheduledThreadPoolExecutor.java:809)
        at java.util.concurrent.ThreadPoolExecutor.getTask(ThreadPoolExecutor.java:1074)
        at java.util.concurrent.ThreadPoolExecutor.runWorker(ThreadPoolExecutor.java:1134)
        at java.util.concurrent.ThreadPoolExecutor$Worker.run(ThreadPoolExecutor.java:624)
        at java.lang.Thread.run(Thread.java:748)
"pool-228-thread-45"  prio=5 tid=2780 in Object.wait()
java.lang.Thread.State: WAITING (on object monitor)
        at sun.misc.Unsafe.park(Native Method)
        at java.util.concurrent.locks.LockSupport.park(LockSupport.java:175)
        at java.util.concurrent.locks.AbstractQueuedSynchronizer$ConditionObject.await(AbstractQueuedSynchronizer.java:2039)
        at java.util.concurrent.ArrayBlockingQueue.take(ArrayBlockingQueue.java:403)
        at java.util.concurrent.ThreadPoolExecutor.getTask(ThreadPoolExecutor.java:1074)
        at java.util.concurrent.ThreadPoolExecutor.runWorker(ThreadPoolExecutor.java:1134)
        at java.util.concurrent.ThreadPoolExecutor$Worker.run(ThreadPoolExecutor.java:624)
        at java.lang.Thread.run(Thread.java:748)
"09f4ece9-71c1-4a5b-9b91-b2a8aadac043@group-4CFD150B493F-SegmentedRaftLogWorker"  prio=5 tid=3073 timed_waiting
java.lang.Thread.State: TIMED_WAITING
        at sun.misc.Unsafe.park(Native Method)
        at java.util.concurrent.locks.LockSupport.parkNanos(LockSupport.java:215)
        at java.util.concurrent.locks.AbstractQueuedSynchronizer$ConditionObject.awaitNanos(AbstractQueuedSynchronizer.java:2078)
        at org.apache.ratis.util.DataBlockingQueue.poll(DataBlockingQueue.java:137)
        at org.apache.ratis.server.raftlog.segmented.SegmentedRaftLogWorker.run(SegmentedRaftLogWorker.java:282)
        at java.lang.Thread.run(Thread.java:748)
"qtp2077150966-2086" daemon prio=5 tid=2086 timed_waiting
java.lang.Thread.State: TIMED_WAITING
        at sun.misc.Unsafe.park(Native Method)
        at java.util.concurrent.locks.LockSupport.parkNanos(LockSupport.java:215)
        at java.util.concurrent.locks.AbstractQueuedSynchronizer$ConditionObject.awaitNanos(AbstractQueuedSynchronizer.java:2078)
        at org.eclipse.jetty.util.BlockingArrayQueue.poll(BlockingArrayQueue.java:392)
        at org.eclipse.jetty.util.thread.QueuedThreadPool.idleJobPoll(QueuedThreadPool.java:563)
        at org.eclipse.jetty.util.thread.QueuedThreadPool.access$800(QueuedThreadPool.java:48)
        at org.eclipse.jetty.util.thread.QueuedThreadPool$2.run(QueuedThreadPool.java:626)
        at java.lang.Thread.run(Thread.java:748)
"qtp1090160486-1915" daemon prio=5 tid=1915 timed_waiting
java.lang.Thread.State: TIMED_WAITING
        at sun.misc.Unsafe.park(Native Method)
        at java.util.concurrent.locks.LockSupport.parkNanos(LockSupport.java:215)
        at java.util.concurrent.locks.AbstractQueuedSynchronizer$ConditionObject.awaitNanos(AbstractQueuedSynchronizer.java:2078)
        at org.eclipse.jetty.util.BlockingArrayQueue.poll(BlockingArrayQueue.java:392)
        at org.eclipse.jetty.util.thread.QueuedThreadPool.idleJobPoll(QueuedThreadPool.java:563)
        at org.eclipse.jetty.util.thread.QueuedThreadPool.access$800(QueuedThreadPool.java:48)
        at org.eclipse.jetty.util.thread.QueuedThreadPool$2.run(QueuedThreadPool.java:626)
        at java.lang.Thread.run(Thread.java:748)
"Datanode ReportManager Thread - 2" daemon prio=5 tid=2152 in Object.wait()
java.lang.Thread.State: WAITING (on object monitor)
        at sun.misc.Unsafe.park(Native Method)
        at java.util.concurrent.locks.LockSupport.park(LockSupport.java:175)
        at java.util.concurrent.locks.AbstractQueuedSynchronizer$ConditionObject.await(AbstractQueuedSynchronizer.java:2039)
        at java.util.concurrent.ScheduledThreadPoolExecutor$DelayedWorkQueue.take(ScheduledThreadPoolExecutor.java:1088)
        at java.util.concurrent.ScheduledThreadPoolExecutor$DelayedWorkQueue.take(ScheduledThreadPoolExecutor.java:809)
        at java.util.concurrent.ThreadPoolExecutor.getTask(ThreadPoolExecutor.java:1074)
        at java.util.concurrent.ThreadPoolExecutor.runWorker(ThreadPoolExecutor.java:1134)
        at java.util.concurrent.ThreadPoolExecutor$Worker.run(ThreadPoolExecutor.java:624)
        at java.lang.Thread.run(Thread.java:748)
"qtp254416915-2144" daemon prio=5 tid=2144 timed_waiting
java.lang.Thread.State: TIMED_WAITING
        at sun.misc.Unsafe.park(Native Method)
        at java.util.concurrent.locks.LockSupport.parkNanos(LockSupport.java:215)
        at java.util.concurrent.locks.AbstractQueuedSynchronizer$ConditionObject.awaitNanos(AbstractQueuedSynchronizer.java:2078)
        at org.eclipse.jetty.util.BlockingArrayQueue.poll(BlockingArrayQueue.java:392)
        at org.eclipse.jetty.util.thread.QueuedThreadPool.idleJobPoll(QueuedThreadPool.java:563)
        at org.eclipse.jetty.util.thread.QueuedThreadPool.access$800(QueuedThreadPool.java:48)
        at org.eclipse.jetty.util.thread.QueuedThreadPool$2.run(QueuedThreadPool.java:626)
        at java.lang.Thread.run(Thread.java:748)
"Command processor thread" daemon prio=5 tid=2046 timed_waiting
java.lang.Thread.State: TIMED_WAITING
        at java.lang.Thread.sleep(Native Method)
        at org.apache.hadoop.ozone.container.common.statemachine.DatanodeStateMachine.lambda$initCommandHandlerThread$1(DatanodeStateMachine.java:439)
        at org.apache.hadoop.ozone.container.common.statemachine.DatanodeStateMachine$$Lambda$142/1603672614.run(Unknown Source)
        at java.lang.Thread.run(Thread.java:748)
"org.apache.ratis.server.impl.LogAppender$AppenderDaemon$$Lambda$463/184788748@5858ebf6" daemon prio=5 tid=3221 timed_waiting
java.lang.Thread.State: TIMED_WAITING
        at java.lang.Object.wait(Native Method)
        at org.apache.ratis.grpc.server.GrpcLogAppender.mayWait(GrpcLogAppender.java:149)
        at org.apache.ratis.grpc.server.GrpcLogAppender.runAppenderImpl(GrpcLogAppender.java:103)
        at org.apache.ratis.server.impl.LogAppender$AppenderDaemon.run(LogAppender.java:76)
        at org.apache.ratis.server.impl.LogAppender$AppenderDaemon$$Lambda$463/184788748.run(Unknown Source)
        at java.lang.Thread.run(Thread.java:748)
"8344cb33-ae61-4ff3-97f7-00b91742683d@group-DC40EABEC771-SegmentedRaftLogWorker"  prio=5 tid=2915 timed_waiting
java.lang.Thread.State: TIMED_WAITING
        at sun.misc.Unsafe.park(Native Method)
        at java.util.concurrent.locks.LockSupport.parkNanos(LockSupport.java:215)
        at java.util.concurrent.locks.AbstractQueuedSynchronizer$ConditionObject.awaitNanos(AbstractQueuedSynchronizer.java:2078)
        at org.apache.ratis.util.DataBlockingQueue.poll(DataBlockingQueue.java:137)
        at org.apache.ratis.server.raftlog.segmented.SegmentedRaftLogWorker.run(SegmentedRaftLogWorker.java:282)
        at java.lang.Thread.run(Thread.java:748)
"pool-188-thread-44"  prio=5 tid=2531 in Object.wait()
java.lang.Thread.State: WAITING (on object monitor)
        at sun.misc.Unsafe.park(Native Method)
        at java.util.concurrent.locks.LockSupport.park(LockSupport.java:175)
        at java.util.concurrent.locks.AbstractQueuedSynchronizer$ConditionObject.await(AbstractQueuedSynchronizer.java:2039)
        at java.util.concurrent.ArrayBlockingQueue.take(ArrayBlockingQueue.java:403)
        at java.util.concurrent.ThreadPoolExecutor.getTask(ThreadPoolExecutor.java:1074)
        at java.util.concurrent.ThreadPoolExecutor.runWorker(ThreadPoolExecutor.java:1134)
        at java.util.concurrent.ThreadPoolExecutor$Worker.run(ThreadPoolExecutor.java:624)
        at java.lang.Thread.run(Thread.java:748)
"pool-208-thread-49"  prio=5 tid=2660 in Object.wait()
java.lang.Thread.State: WAITING (on object monitor)
        at sun.misc.Unsafe.park(Native Method)
        at java.util.concurrent.locks.LockSupport.park(LockSupport.java:175)
        at java.util.concurrent.locks.AbstractQueuedSynchronizer$ConditionObject.await(AbstractQueuedSynchronizer.java:2039)
        at java.util.concurrent.ArrayBlockingQueue.take(ArrayBlockingQueue.java:403)
        at java.util.concurrent.ThreadPoolExecutor.getTask(ThreadPoolExecutor.java:1074)
        at java.util.concurrent.ThreadPoolExecutor.runWorker(ThreadPoolExecutor.java:1134)
        at java.util.concurrent.ThreadPoolExecutor$Worker.run(ThreadPoolExecutor.java:624)
        at java.lang.Thread.run(Thread.java:748)
"pool-178-thread-40"  prio=5 tid=2465 in Object.wait()
java.lang.Thread.State: WAITING (on object monitor)
        at sun.misc.Unsafe.park(Native Method)
        at java.util.concurrent.locks.LockSupport.park(LockSupport.java:175)
        at java.util.concurrent.locks.AbstractQueuedSynchronizer$ConditionObject.await(AbstractQueuedSynchronizer.java:2039)
        at java.util.concurrent.ArrayBlockingQueue.take(ArrayBlockingQueue.java:403)
        at java.util.concurrent.ThreadPoolExecutor.getTask(ThreadPoolExecutor.java:1074)
        at java.util.concurrent.ThreadPoolExecutor.runWorker(ThreadPoolExecutor.java:1134)
        at java.util.concurrent.ThreadPoolExecutor$Worker.run(ThreadPoolExecutor.java:624)
        at java.lang.Thread.run(Thread.java:748)
"pool-178-thread-33"  prio=5 tid=2458 in Object.wait()
java.lang.Thread.State: WAITING (on object monitor)
        at sun.misc.Unsafe.park(Native Method)
        at java.util.concurrent.locks.LockSupport.park(LockSupport.java:175)
        at java.util.concurrent.locks.AbstractQueuedSynchronizer$ConditionObject.await(AbstractQueuedSynchronizer.java:2039)
        at java.util.concurrent.ArrayBlockingQueue.take(ArrayBlockingQueue.java:403)
        at java.util.concurrent.ThreadPoolExecutor.getTask(ThreadPoolExecutor.java:1074)
        at java.util.concurrent.ThreadPoolExecutor.runWorker(ThreadPoolExecutor.java:1134)
        at java.util.concurrent.ThreadPoolExecutor$Worker.run(ThreadPoolExecutor.java:624)
        at java.lang.Thread.run(Thread.java:748)
"pool-168-thread-37"  prio=5 tid=2400 in Object.wait()
java.lang.Thread.State: WAITING (on object monitor)
        at sun.misc.Unsafe.park(Native Method)
        at java.util.concurrent.locks.LockSupport.park(LockSupport.java:175)
        at java.util.concurrent.locks.AbstractQueuedSynchronizer$ConditionObject.await(AbstractQueuedSynchronizer.java:2039)
        at java.util.concurrent.ArrayBlockingQueue.take(ArrayBlockingQueue.java:403)
        at java.util.concurrent.ThreadPoolExecutor.getTask(ThreadPoolExecutor.java:1074)
        at java.util.concurrent.ThreadPoolExecutor.runWorker(ThreadPoolExecutor.java:1134)
        at java.util.concurrent.ThreadPoolExecutor$Worker.run(ThreadPoolExecutor.java:624)
        at java.lang.Thread.run(Thread.java:748)
"pool-208-thread-54"  prio=5 tid=2665 in Object.wait()
java.lang.Thread.State: WAITING (on object monitor)
        at sun.misc.Unsafe.park(Native Method)
        at java.util.concurrent.locks.LockSupport.park(LockSupport.java:175)
        at java.util.concurrent.locks.AbstractQueuedSynchronizer$ConditionObject.await(AbstractQueuedSynchronizer.java:2039)
        at java.util.concurrent.ArrayBlockingQueue.take(ArrayBlockingQueue.java:403)
        at java.util.concurrent.ThreadPoolExecutor.getTask(ThreadPoolExecutor.java:1074)
        at java.util.concurrent.ThreadPoolExecutor.runWorker(ThreadPoolExecutor.java:1134)
        at java.util.concurrent.ThreadPoolExecutor$Worker.run(ThreadPoolExecutor.java:624)
        at java.lang.Thread.run(Thread.java:748)
"Datanode ReportManager Thread - 3" daemon prio=5 tid=2072 in Object.wait()
java.lang.Thread.State: WAITING (on object monitor)
        at sun.misc.Unsafe.park(Native Method)
        at java.util.concurrent.locks.LockSupport.park(LockSupport.java:175)
        at java.util.concurrent.locks.AbstractQueuedSynchronizer$ConditionObject.await(AbstractQueuedSynchronizer.java:2039)
        at java.util.concurrent.ScheduledThreadPoolExecutor$DelayedWorkQueue.take(ScheduledThreadPoolExecutor.java:1088)
        at java.util.concurrent.ScheduledThreadPoolExecutor$DelayedWorkQueue.take(ScheduledThreadPoolExecutor.java:809)
        at java.util.concurrent.ThreadPoolExecutor.getTask(ThreadPoolExecutor.java:1074)
        at java.util.concurrent.ThreadPoolExecutor.runWorker(ThreadPoolExecutor.java:1134)
        at java.util.concurrent.ThreadPoolExecutor$Worker.run(ThreadPoolExecutor.java:624)
        at java.lang.Thread.run(Thread.java:748)
"pool-238-thread-23"  prio=5 tid=2820 in Object.wait()
java.lang.Thread.State: WAITING (on object monitor)
        at sun.misc.Unsafe.park(Native Method)
        at java.util.concurrent.locks.LockSupport.park(LockSupport.java:175)
        at java.util.concurrent.locks.AbstractQueuedSynchronizer$ConditionObject.await(AbstractQueuedSynchronizer.java:2039)
        at java.util.concurrent.ArrayBlockingQueue.take(ArrayBlockingQueue.java:403)
        at java.util.concurrent.ThreadPoolExecutor.getTask(ThreadPoolExecutor.java:1074)
        at java.util.concurrent.ThreadPoolExecutor.runWorker(ThreadPoolExecutor.java:1134)
        at java.util.concurrent.ThreadPoolExecutor$Worker.run(ThreadPoolExecutor.java:624)
        at java.lang.Thread.run(Thread.java:748)
"BlockDeletingService#1" daemon prio=5 tid=2611 in Object.wait()
java.lang.Thread.State: WAITING (on object monitor)
        at sun.misc.Unsafe.park(Native Method)
        at java.util.concurrent.locks.LockSupport.park(LockSupport.java:175)
        at java.util.concurrent.locks.AbstractQueuedSynchronizer$ConditionObject.await(AbstractQueuedSynchronizer.java:2039)
        at java.util.concurrent.ScheduledThreadPoolExecutor$DelayedWorkQueue.take(ScheduledThreadPoolExecutor.java:1088)
        at java.util.concurrent.ScheduledThreadPoolExecutor$DelayedWorkQueue.take(ScheduledThreadPoolExecutor.java:809)
        at java.util.concurrent.ThreadPoolExecutor.getTask(ThreadPoolExecutor.java:1074)
        at java.util.concurrent.ThreadPoolExecutor.runWorker(ThreadPoolExecutor.java:1134)
        at java.util.concurrent.ThreadPoolExecutor$Worker.run(ThreadPoolExecutor.java:624)
        at java.lang.Thread.run(Thread.java:748)
"qtp1553544410-2009" daemon prio=5 tid=2009 timed_waiting
java.lang.Thread.State: TIMED_WAITING
        at sun.misc.Unsafe.park(Native Method)
        at java.util.concurrent.locks.LockSupport.parkNanos(LockSupport.java:215)
        at java.util.concurrent.locks.AbstractQueuedSynchronizer$ConditionObject.awaitNanos(AbstractQueuedSynchronizer.java:2078)
        at org.eclipse.jetty.util.BlockingArrayQueue.poll(BlockingArrayQueue.java:392)
        at org.eclipse.jetty.util.thread.QueuedThreadPool.idleJobPoll(QueuedThreadPool.java:563)
        at org.eclipse.jetty.util.thread.QueuedThreadPool.access$800(QueuedThreadPool.java:48)
        at org.eclipse.jetty.util.thread.QueuedThreadPool$2.run(QueuedThreadPool.java:626)
        at java.lang.Thread.run(Thread.java:748)
"pool-156-thread-1" daemon prio=5 tid=2000 timed_waiting
java.lang.Thread.State: TIMED_WAITING
        at sun.misc.Unsafe.park(Native Method)
        at java.util.concurrent.locks.LockSupport.parkNanos(LockSupport.java:215)
        at java.util.concurrent.locks.AbstractQueuedSynchronizer$ConditionObject.awaitNanos(AbstractQueuedSynchronizer.java:2078)
        at java.util.concurrent.ScheduledThreadPoolExecutor$DelayedWorkQueue.take(ScheduledThreadPoolExecutor.java:1093)
        at java.util.concurrent.ScheduledThreadPoolExecutor$DelayedWorkQueue.take(ScheduledThreadPoolExecutor.java:809)
        at java.util.concurrent.ThreadPoolExecutor.getTask(ThreadPoolExecutor.java:1074)
        at java.util.concurrent.ThreadPoolExecutor.runWorker(ThreadPoolExecutor.java:1134)
        at java.util.concurrent.ThreadPoolExecutor$Worker.run(ThreadPoolExecutor.java:624)
        at java.lang.Thread.run(Thread.java:748)
"pool-158-thread-46"  prio=5 tid=2347 in Object.wait()
java.lang.Thread.State: WAITING (on object monitor)
        at sun.misc.Unsafe.park(Native Method)
        at java.util.concurrent.locks.LockSupport.park(LockSupport.java:175)
        at java.util.concurrent.locks.AbstractQueuedSynchronizer$ConditionObject.await(AbstractQueuedSynchronizer.java:2039)
        at java.util.concurrent.ArrayBlockingQueue.take(ArrayBlockingQueue.java:403)
        at java.util.concurrent.ThreadPoolExecutor.getTask(ThreadPoolExecutor.java:1074)
        at java.util.concurrent.ThreadPoolExecutor.runWorker(ThreadPoolExecutor.java:1134)
        at java.util.concurrent.ThreadPoolExecutor$Worker.run(ThreadPoolExecutor.java:624)
        at java.lang.Thread.run(Thread.java:748)
"qtp1553544410-2010" daemon prio=5 tid=2010 timed_waiting
java.lang.Thread.State: TIMED_WAITING
        at sun.misc.Unsafe.park(Native Method)
        at java.util.concurrent.locks.LockSupport.parkNanos(LockSupport.java:215)
        at java.util.concurrent.locks.AbstractQueuedSynchronizer$ConditionObject.awaitNanos(AbstractQueuedSynchronizer.java:2078)
        at org.eclipse.jetty.util.BlockingArrayQueue.poll(BlockingArrayQueue.java:392)
        at org.eclipse.jetty.util.thread.QueuedThreadPool.idleJobPoll(QueuedThreadPool.java:563)
        at org.eclipse.jetty.util.thread.QueuedThreadPool.access$800(QueuedThreadPool.java:48)
        at org.eclipse.jetty.util.thread.QueuedThreadPool$2.run(QueuedThreadPool.java:626)
        at java.lang.Thread.run(Thread.java:748)
"pool-162-thread-1"  prio=5 tid=2002 timed_waiting
java.lang.Thread.State: TIMED_WAITING
        at sun.misc.Unsafe.park(Native Method)
        at java.util.concurrent.locks.LockSupport.parkNanos(LockSupport.java:215)
        at java.util.concurrent.locks.AbstractQueuedSynchronizer$ConditionObject.awaitNanos(AbstractQueuedSynchronizer.java:2078)
        at java.util.concurrent.ScheduledThreadPoolExecutor$DelayedWorkQueue.take(ScheduledThreadPoolExecutor.java:1093)
        at java.util.concurrent.ScheduledThreadPoolExecutor$DelayedWorkQueue.take(ScheduledThreadPoolExecutor.java:809)
        at java.util.concurrent.ThreadPoolExecutor.getTask(ThreadPoolExecutor.java:1074)
        at java.util.concurrent.ThreadPoolExecutor.runWorker(ThreadPoolExecutor.java:1134)
        at java.util.concurrent.ThreadPoolExecutor$Worker.run(ThreadPoolExecutor.java:624)
        at java.lang.Thread.run(Thread.java:748)
"pool-198-thread-1"  prio=5 tid=2550 in Object.wait()
java.lang.Thread.State: WAITING (on object monitor)
        at sun.misc.Unsafe.park(Native Method)
        at java.util.concurrent.locks.LockSupport.park(LockSupport.java:175)
        at java.util.concurrent.locks.AbstractQueuedSynchronizer$ConditionObject.await(AbstractQueuedSynchronizer.java:2039)
        at java.util.concurrent.ArrayBlockingQueue.take(ArrayBlockingQueue.java:403)
        at java.util.concurrent.ThreadPoolExecutor.getTask(ThreadPoolExecutor.java:1074)
        at java.util.concurrent.ThreadPoolExecutor.runWorker(ThreadPoolExecutor.java:1134)
        at java.util.concurrent.ThreadPoolExecutor$Worker.run(ThreadPoolExecutor.java:624)
        at java.lang.Thread.run(Thread.java:748)
"PartialTableCache Cleanup Thread - 0" daemon prio=5 tid=3033 in Object.wait()
java.lang.Thread.State: WAITING (on object monitor)
        at sun.misc.Unsafe.park(Native Method)
        at java.util.concurrent.locks.LockSupport.park(LockSupport.java:175)
        at java.util.concurrent.locks.AbstractQueuedSynchronizer$ConditionObject.await(AbstractQueuedSynchronizer.java:2039)
        at java.util.concurrent.LinkedBlockingQueue.take(LinkedBlockingQueue.java:442)
        at java.util.concurrent.ThreadPoolExecutor.getTask(ThreadPoolExecutor.java:1074)
        at java.util.concurrent.ThreadPoolExecutor.runWorker(ThreadPoolExecutor.java:1134)
        at java.util.concurrent.ThreadPoolExecutor$Worker.run(ThreadPoolExecutor.java:624)
        at java.lang.Thread.run(Thread.java:748)
"IPC Server handler 8 on 45554" daemon prio=5 tid=1943 timed_waiting
java.lang.Thread.State: TIMED_WAITING
        at sun.misc.Unsafe.park(Native Method)
        at java.util.concurrent.locks.LockSupport.parkNanos(LockSupport.java:215)
        at java.util.concurrent.locks.AbstractQueuedSynchronizer$ConditionObject.awaitNanos(AbstractQueuedSynchronizer.java:2078)
        at java.util.concurrent.LinkedBlockingQueue.poll(LinkedBlockingQueue.java:467)
        at org.apache.hadoop.ipc.CallQueueManager.take(CallQueueManager.java:288)
        at org.apache.hadoop.ipc.Server$Handler.run(Server.java:2668)
"pool-158-thread-23"  prio=5 tid=2324 in Object.wait()
java.lang.Thread.State: WAITING (on object monitor)
        at sun.misc.Unsafe.park(Native Method)
        at java.util.concurrent.locks.LockSupport.park(LockSupport.java:175)
        at java.util.concurrent.locks.AbstractQueuedSynchronizer$ConditionObject.await(AbstractQueuedSynchronizer.java:2039)
        at java.util.concurrent.ArrayBlockingQueue.take(ArrayBlockingQueue.java:403)
        at java.util.concurrent.ThreadPoolExecutor.getTask(ThreadPoolExecutor.java:1074)
        at java.util.concurrent.ThreadPoolExecutor.runWorker(ThreadPoolExecutor.java:1134)
        at java.util.concurrent.ThreadPoolExecutor$Worker.run(ThreadPoolExecutor.java:624)
        at java.lang.Thread.run(Thread.java:748)
"pool-148-thread-43"  prio=5 tid=2281 in Object.wait()
java.lang.Thread.State: WAITING (on object monitor)
        at sun.misc.Unsafe.park(Native Method)
        at java.util.concurrent.locks.LockSupport.park(LockSupport.java:175)
        at java.util.concurrent.locks.AbstractQueuedSynchronizer$ConditionObject.await(AbstractQueuedSynchronizer.java:2039)
        at java.util.concurrent.ArrayBlockingQueue.take(ArrayBlockingQueue.java:403)
        at java.util.concurrent.ThreadPoolExecutor.getTask(ThreadPoolExecutor.java:1074)
        at java.util.concurrent.ThreadPoolExecutor.runWorker(ThreadPoolExecutor.java:1134)
        at java.util.concurrent.ThreadPoolExecutor$Worker.run(ThreadPoolExecutor.java:624)
        at java.lang.Thread.run(Thread.java:748)
"pool-236-thread-1" daemon prio=5 tid=2216 timed_waiting
java.lang.Thread.State: TIMED_WAITING
        at sun.misc.Unsafe.park(Native Method)
        at java.util.concurrent.locks.LockSupport.parkNanos(LockSupport.java:215)
        at java.util.concurrent.locks.AbstractQueuedSynchronizer$ConditionObject.awaitNanos(AbstractQueuedSynchronizer.java:2078)
        at java.util.concurrent.ScheduledThreadPoolExecutor$DelayedWorkQueue.take(ScheduledThreadPoolExecutor.java:1093)
        at java.util.concurrent.ScheduledThreadPoolExecutor$DelayedWorkQueue.take(ScheduledThreadPoolExecutor.java:809)
        at java.util.concurrent.ThreadPoolExecutor.getTask(ThreadPoolExecutor.java:1074)
        at java.util.concurrent.ThreadPoolExecutor.runWorker(ThreadPoolExecutor.java:1134)
        at java.util.concurrent.ThreadPoolExecutor$Worker.run(ThreadPoolExecutor.java:624)
        at java.lang.Thread.run(Thread.java:748)
"pool-218-thread-49"  prio=5 tid=2722 in Object.wait()
java.lang.Thread.State: WAITING (on object monitor)
        at sun.misc.Unsafe.park(Native Method)
        at java.util.concurrent.locks.LockSupport.park(LockSupport.java:175)
        at java.util.concurrent.locks.AbstractQueuedSynchronizer$ConditionObject.await(AbstractQueuedSynchronizer.java:2039)
        at java.util.concurrent.ArrayBlockingQueue.take(ArrayBlockingQueue.java:403)
        at java.util.concurrent.ThreadPoolExecutor.getTask(ThreadPoolExecutor.java:1074)
        at java.util.concurrent.ThreadPoolExecutor.runWorker(ThreadPoolExecutor.java:1134)
        at java.util.concurrent.ThreadPoolExecutor$Worker.run(ThreadPoolExecutor.java:624)
        at java.lang.Thread.run(Thread.java:748)
"pool-158-thread-33"  prio=5 tid=2334 in Object.wait()
java.lang.Thread.State: WAITING (on object monitor)
        at sun.misc.Unsafe.park(Native Method)
        at java.util.concurrent.locks.LockSupport.park(LockSupport.java:175)
        at java.util.concurrent.locks.AbstractQueuedSynchronizer$ConditionObject.await(AbstractQueuedSynchronizer.java:2039)
        at java.util.concurrent.ArrayBlockingQueue.take(ArrayBlockingQueue.java:403)
        at java.util.concurrent.ThreadPoolExecutor.getTask(ThreadPoolExecutor.java:1074)
        at java.util.concurrent.ThreadPoolExecutor.runWorker(ThreadPoolExecutor.java:1134)
        at java.util.concurrent.ThreadPoolExecutor$Worker.run(ThreadPoolExecutor.java:624)
        at java.lang.Thread.run(Thread.java:748)
"Datanode ReportManager Thread - 0" daemon prio=5 tid=2231 timed_waiting
java.lang.Thread.State: TIMED_WAITING
        at sun.misc.Unsafe.park(Native Method)
        at java.util.concurrent.locks.LockSupport.parkNanos(LockSupport.java:215)
        at java.util.concurrent.locks.AbstractQueuedSynchronizer$ConditionObject.awaitNanos(AbstractQueuedSynchronizer.java:2078)
        at java.util.concurrent.ScheduledThreadPoolExecutor$DelayedWorkQueue.take(ScheduledThreadPoolExecutor.java:1093)
        at java.util.concurrent.ScheduledThreadPoolExecutor$DelayedWorkQueue.take(ScheduledThreadPoolExecutor.java:809)
        at java.util.concurrent.ThreadPoolExecutor.getTask(ThreadPoolExecutor.java:1074)
        at java.util.concurrent.ThreadPoolExecutor.runWorker(ThreadPoolExecutor.java:1134)
        at java.util.concurrent.ThreadPoolExecutor$Worker.run(ThreadPoolExecutor.java:624)
        at java.lang.Thread.run(Thread.java:748)
"refreshUsed-/workdir/hadoop-ozone/integration-test/target/test-dir/MiniOzoneClusterImpl-6b3e2517-75a7-4dd9-8054-0b12e404e591/datanode-2/data/containers" daemon prio=5 tid=2025 timed_waiting
java.lang.Thread.State: TIMED_WAITING
        at java.lang.Thread.sleep(Native Method)
        at org.apache.hadoop.fs.CachingGetSpaceUsed$RefreshThread.run(CachingGetSpaceUsed.java:179)
        at java.lang.Thread.run(Thread.java:748)
"IPC Server handler 8 on 42444" daemon prio=5 tid=1900 timed_waiting
java.lang.Thread.State: TIMED_WAITING
        at sun.misc.Unsafe.park(Native Method)
        at java.util.concurrent.locks.LockSupport.parkNanos(LockSupport.java:215)
        at java.util.concurrent.locks.AbstractQueuedSynchronizer$ConditionObject.awaitNanos(AbstractQueuedSynchronizer.java:2078)
        at java.util.concurrent.LinkedBlockingQueue.poll(LinkedBlockingQueue.java:467)
        at org.apache.hadoop.ipc.CallQueueManager.take(CallQueueManager.java:288)
        at org.apache.hadoop.ipc.Server$Handler.run(Server.java:2668)
"PartialTableCache Cleanup Thread - 0" daemon prio=5 tid=3035 in Object.wait()
java.lang.Thread.State: WAITING (on object monitor)
        at sun.misc.Unsafe.park(Native Method)
        at java.util.concurrent.locks.LockSupport.park(LockSupport.java:175)
        at java.util.concurrent.locks.AbstractQueuedSynchronizer$ConditionObject.await(AbstractQueuedSynchronizer.java:2039)
        at java.util.concurrent.LinkedBlockingQueue.take(LinkedBlockingQueue.java:442)
        at java.util.concurrent.ThreadPoolExecutor.getTask(ThreadPoolExecutor.java:1074)
        at java.util.concurrent.ThreadPoolExecutor.runWorker(ThreadPoolExecutor.java:1134)
        at java.util.concurrent.ThreadPoolExecutor$Worker.run(ThreadPoolExecutor.java:624)
        at java.lang.Thread.run(Thread.java:748)
"pool-198-thread-9"  prio=5 tid=2558 in Object.wait()
java.lang.Thread.State: WAITING (on object monitor)
        at sun.misc.Unsafe.park(Native Method)
        at java.util.concurrent.locks.LockSupport.park(LockSupport.java:175)
        at java.util.concurrent.locks.AbstractQueuedSynchronizer$ConditionObject.await(AbstractQueuedSynchronizer.java:2039)
        at java.util.concurrent.ArrayBlockingQueue.take(ArrayBlockingQueue.java:403)
        at java.util.concurrent.ThreadPoolExecutor.getTask(ThreadPoolExecutor.java:1074)
        at java.util.concurrent.ThreadPoolExecutor.runWorker(ThreadPoolExecutor.java:1134)
        at java.util.concurrent.ThreadPoolExecutor$Worker.run(ThreadPoolExecutor.java:624)
        at java.lang.Thread.run(Thread.java:748)
"qtp1768471788-2035" daemon prio=5 tid=2035 timed_waiting
java.lang.Thread.State: TIMED_WAITING
        at sun.misc.Unsafe.park(Native Method)
        at java.util.concurrent.locks.LockSupport.parkNanos(LockSupport.java:215)
        at java.util.concurrent.locks.AbstractQueuedSynchronizer$ConditionObject.awaitNanos(AbstractQueuedSynchronizer.java:2078)
        at org.eclipse.jetty.util.BlockingArrayQueue.poll(BlockingArrayQueue.java:392)
        at org.eclipse.jetty.util.thread.QueuedThreadPool.idleJobPoll(QueuedThreadPool.java:563)
        at org.eclipse.jetty.util.thread.QueuedThreadPool.access$800(QueuedThreadPool.java:48)
        at org.eclipse.jetty.util.thread.QueuedThreadPool$2.run(QueuedThreadPool.java:626)
        at java.lang.Thread.run(Thread.java:748)
"qtp1404150776-1977" daemon prio=5 tid=1977 timed_waiting
java.lang.Thread.State: TIMED_WAITING
        at sun.misc.Unsafe.park(Native Method)
        at java.util.concurrent.locks.LockSupport.parkNanos(LockSupport.java:215)
        at java.util.concurrent.locks.AbstractQueuedSynchronizer$ConditionObject.awaitNanos(AbstractQueuedSynchronizer.java:2078)
        at org.eclipse.jetty.util.BlockingArrayQueue.poll(BlockingArrayQueue.java:392)
        at org.eclipse.jetty.util.thread.QueuedThreadPool.idleJobPoll(QueuedThreadPool.java:563)
        at org.eclipse.jetty.util.thread.QueuedThreadPool.access$800(QueuedThreadPool.java:48)
        at org.eclipse.jetty.util.thread.QueuedThreadPool$2.run(QueuedThreadPool.java:626)
        at java.lang.Thread.run(Thread.java:748)
"pool-228-thread-16"  prio=5 tid=2751 in Object.wait()
java.lang.Thread.State: WAITING (on object monitor)
        at sun.misc.Unsafe.park(Native Method)
        at java.util.concurrent.locks.LockSupport.park(LockSupport.java:175)
        at java.util.concurrent.locks.AbstractQueuedSynchronizer$ConditionObject.await(AbstractQueuedSynchronizer.java:2039)
        at java.util.concurrent.ArrayBlockingQueue.take(ArrayBlockingQueue.java:403)
        at java.util.concurrent.ThreadPoolExecutor.getTask(ThreadPoolExecutor.java:1074)
        at java.util.concurrent.ThreadPoolExecutor.runWorker(ThreadPoolExecutor.java:1134)
        at java.util.concurrent.ThreadPoolExecutor$Worker.run(ThreadPoolExecutor.java:624)
        at java.lang.Thread.run(Thread.java:748)
"pool-218-thread-40"  prio=5 tid=2713 in Object.wait()
java.lang.Thread.State: WAITING (on object monitor)
        at sun.misc.Unsafe.park(Native Method)
        at java.util.concurrent.locks.LockSupport.park(LockSupport.java:175)
        at java.util.concurrent.locks.AbstractQueuedSynchronizer$ConditionObject.await(AbstractQueuedSynchronizer.java:2039)
        at java.util.concurrent.ArrayBlockingQueue.take(ArrayBlockingQueue.java:403)
        at java.util.concurrent.ThreadPoolExecutor.getTask(ThreadPoolExecutor.java:1074)
        at java.util.concurrent.ThreadPoolExecutor.runWorker(ThreadPoolExecutor.java:1134)
        at java.util.concurrent.ThreadPoolExecutor$Worker.run(ThreadPoolExecutor.java:624)
        at java.lang.Thread.run(Thread.java:748)
"qtp81705968-2064" daemon prio=5 tid=2064 timed_waiting
java.lang.Thread.State: TIMED_WAITING
        at sun.misc.Unsafe.park(Native Method)
        at java.util.concurrent.locks.LockSupport.parkNanos(LockSupport.java:215)
        at java.util.concurrent.locks.AbstractQueuedSynchronizer$ConditionObject.awaitNanos(AbstractQueuedSynchronizer.java:2078)
        at org.eclipse.jetty.util.BlockingArrayQueue.poll(BlockingArrayQueue.java:392)
        at org.eclipse.jetty.util.thread.QueuedThreadPool.idleJobPoll(QueuedThreadPool.java:563)
        at org.eclipse.jetty.util.thread.QueuedThreadPool.access$800(QueuedThreadPool.java:48)
        at org.eclipse.jetty.util.thread.QueuedThreadPool$2.run(QueuedThreadPool.java:626)
        at java.lang.Thread.run(Thread.java:748)
"pool-178-thread-13"  prio=5 tid=2438 in Object.wait()
java.lang.Thread.State: WAITING (on object monitor)
        at sun.misc.Unsafe.park(Native Method)
        at java.util.concurrent.locks.LockSupport.park(LockSupport.java:175)
        at java.util.concurrent.locks.AbstractQueuedSynchronizer$ConditionObject.await(AbstractQueuedSynchronizer.java:2039)
        at java.util.concurrent.ArrayBlockingQueue.take(ArrayBlockingQueue.java:403)
        at java.util.concurrent.ThreadPoolExecutor.getTask(ThreadPoolExecutor.java:1074)
        at java.util.concurrent.ThreadPoolExecutor.runWorker(ThreadPoolExecutor.java:1134)
        at java.util.concurrent.ThreadPoolExecutor$Worker.run(ThreadPoolExecutor.java:624)
        at java.lang.Thread.run(Thread.java:748)
"pool-158-thread-56"  prio=5 tid=2357 in Object.wait()
java.lang.Thread.State: WAITING (on object monitor)
        at sun.misc.Unsafe.park(Native Method)
        at java.util.concurrent.locks.LockSupport.park(LockSupport.java:175)
        at java.util.concurrent.locks.AbstractQueuedSynchronizer$ConditionObject.await(AbstractQueuedSynchronizer.java:2039)
        at java.util.concurrent.ArrayBlockingQueue.take(ArrayBlockingQueue.java:403)
        at java.util.concurrent.ThreadPoolExecutor.getTask(ThreadPoolExecutor.java:1074)
        at java.util.concurrent.ThreadPoolExecutor.runWorker(ThreadPoolExecutor.java:1134)
        at java.util.concurrent.ThreadPoolExecutor$Worker.run(ThreadPoolExecutor.java:624)
        at java.lang.Thread.run(Thread.java:748)
"pool-168-thread-49"  prio=5 tid=2412 in Object.wait()
java.lang.Thread.State: WAITING (on object monitor)
        at sun.misc.Unsafe.park(Native Method)
        at java.util.concurrent.locks.LockSupport.park(LockSupport.java:175)
        at java.util.concurrent.locks.AbstractQueuedSynchronizer$ConditionObject.await(AbstractQueuedSynchronizer.java:2039)
        at java.util.concurrent.ArrayBlockingQueue.take(ArrayBlockingQueue.java:403)
        at java.util.concurrent.ThreadPoolExecutor.getTask(ThreadPoolExecutor.java:1074)
        at java.util.concurrent.ThreadPoolExecutor.runWorker(ThreadPoolExecutor.java:1134)
        at java.util.concurrent.ThreadPoolExecutor$Worker.run(ThreadPoolExecutor.java:624)
        at java.lang.Thread.run(Thread.java:748)
"pool-238-thread-6"  prio=5 tid=2803 in Object.wait()
java.lang.Thread.State: WAITING (on object monitor)
        at sun.misc.Unsafe.park(Native Method)
        at java.util.concurrent.locks.LockSupport.park(LockSupport.java:175)
        at java.util.concurrent.locks.AbstractQueuedSynchronizer$ConditionObject.await(AbstractQueuedSynchronizer.java:2039)
        at java.util.concurrent.ArrayBlockingQueue.take(ArrayBlockingQueue.java:403)
        at java.util.concurrent.ThreadPoolExecutor.getTask(ThreadPoolExecutor.java:1074)
        at java.util.concurrent.ThreadPoolExecutor.runWorker(ThreadPoolExecutor.java:1134)
        at java.util.concurrent.ThreadPoolExecutor$Worker.run(ThreadPoolExecutor.java:624)
        at java.lang.Thread.run(Thread.java:748)
"pool-178-thread-60"  prio=5 tid=2485 in Object.wait()
java.lang.Thread.State: WAITING (on object monitor)
        at sun.misc.Unsafe.park(Native Method)
        at java.util.concurrent.locks.LockSupport.park(LockSupport.java:175)
        at java.util.concurrent.locks.AbstractQueuedSynchronizer$ConditionObject.await(AbstractQueuedSynchronizer.java:2039)
        at java.util.concurrent.ArrayBlockingQueue.take(ArrayBlockingQueue.java:403)
        at java.util.concurrent.ThreadPoolExecutor.getTask(ThreadPoolExecutor.java:1074)
        at java.util.concurrent.ThreadPoolExecutor.runWorker(ThreadPoolExecutor.java:1134)
        at java.util.concurrent.ThreadPoolExecutor$Worker.run(ThreadPoolExecutor.java:624)
        at java.lang.Thread.run(Thread.java:748)
"pool-158-thread-47"  prio=5 tid=2348 in Object.wait()
java.lang.Thread.State: WAITING (on object monitor)
        at sun.misc.Unsafe.park(Native Method)
        at java.util.concurrent.locks.LockSupport.park(LockSupport.java:175)
        at java.util.concurrent.locks.AbstractQueuedSynchronizer$ConditionObject.await(AbstractQueuedSynchronizer.java:2039)
        at java.util.concurrent.ArrayBlockingQueue.take(ArrayBlockingQueue.java:403)
        at java.util.concurrent.ThreadPoolExecutor.getTask(ThreadPoolExecutor.java:1074)
        at java.util.concurrent.ThreadPoolExecutor.runWorker(ThreadPoolExecutor.java:1134)
        at java.util.concurrent.ThreadPoolExecutor$Worker.run(ThreadPoolExecutor.java:624)
        at java.lang.Thread.run(Thread.java:748)
"pool-188-thread-48"  prio=5 tid=2535 in Object.wait()
java.lang.Thread.State: WAITING (on object monitor)
        at sun.misc.Unsafe.park(Native Method)
        at java.util.concurrent.locks.LockSupport.park(LockSupport.java:175)
        at java.util.concurrent.locks.AbstractQueuedSynchronizer$ConditionObject.await(AbstractQueuedSynchronizer.java:2039)
        at java.util.concurrent.ArrayBlockingQueue.take(ArrayBlockingQueue.java:403)
        at java.util.concurrent.ThreadPoolExecutor.getTask(ThreadPoolExecutor.java:1074)
        at java.util.concurrent.ThreadPoolExecutor.runWorker(ThreadPoolExecutor.java:1134)
        at java.util.concurrent.ThreadPoolExecutor$Worker.run(ThreadPoolExecutor.java:624)
        at java.lang.Thread.run(Thread.java:748)
"PartialTableCache Cleanup Thread - 0" daemon prio=5 tid=3037 in Object.wait()
java.lang.Thread.State: WAITING (on object monitor)
        at sun.misc.Unsafe.park(Native Method)
        at java.util.concurrent.locks.LockSupport.park(LockSupport.java:175)
        at java.util.concurrent.locks.AbstractQueuedSynchronizer$ConditionObject.await(AbstractQueuedSynchronizer.java:2039)
        at java.util.concurrent.LinkedBlockingQueue.take(LinkedBlockingQueue.java:442)
        at java.util.concurrent.ThreadPoolExecutor.getTask(ThreadPoolExecutor.java:1074)
        at java.util.concurrent.ThreadPoolExecutor.runWorker(ThreadPoolExecutor.java:1134)
        at java.util.concurrent.ThreadPoolExecutor$Worker.run(ThreadPoolExecutor.java:624)
        at java.lang.Thread.run(Thread.java:748)
"org.eclipse.jetty.server.session.HashSessionManager@20580d4eTimer" daemon prio=5 tid=2146 timed_waiting
java.lang.Thread.State: TIMED_WAITING
        at sun.misc.Unsafe.park(Native Method)
        at java.util.concurrent.locks.LockSupport.parkNanos(LockSupport.java:215)
        at java.util.concurrent.locks.AbstractQueuedSynchronizer$ConditionObject.awaitNanos(AbstractQueuedSynchronizer.java:2078)
        at java.util.concurrent.ScheduledThreadPoolExecutor$DelayedWorkQueue.take(ScheduledThreadPoolExecutor.java:1093)
        at java.util.concurrent.ScheduledThreadPoolExecutor$DelayedWorkQueue.take(ScheduledThreadPoolExecutor.java:809)
        at java.util.concurrent.ThreadPoolExecutor.getTask(ThreadPoolExecutor.java:1074)
        at java.util.concurrent.ThreadPoolExecutor.runWorker(ThreadPoolExecutor.java:1134)
        at java.util.concurrent.ThreadPoolExecutor$Worker.run(ThreadPoolExecutor.java:624)
        at java.lang.Thread.run(Thread.java:748)
"IPC Server handler 1 on 43737" daemon prio=5 tid=1873 timed_waiting
java.lang.Thread.State: TIMED_WAITING
        at sun.misc.Unsafe.park(Native Method)
        at java.util.concurrent.locks.LockSupport.parkNanos(LockSupport.java:215)
        at java.util.concurrent.locks.AbstractQueuedSynchronizer$ConditionObject.awaitNanos(AbstractQueuedSynchronizer.java:2078)
        at java.util.concurrent.LinkedBlockingQueue.poll(LinkedBlockingQueue.java:467)
        at org.apache.hadoop.ipc.CallQueueManager.take(CallQueueManager.java:288)
        at org.apache.hadoop.ipc.Server$Handler.run(Server.java:2668)
"qtp81705968-2061" daemon prio=5 tid=2061 timed_waiting
java.lang.Thread.State: TIMED_WAITING
        at sun.misc.Unsafe.park(Native Method)
        at java.util.concurrent.locks.LockSupport.parkNanos(LockSupport.java:215)
        at java.util.concurrent.locks.AbstractQueuedSynchronizer$ConditionObject.awaitNanos(AbstractQueuedSynchronizer.java:2078)
        at org.eclipse.jetty.util.BlockingArrayQueue.poll(BlockingArrayQueue.java:392)
        at org.eclipse.jetty.util.thread.QueuedThreadPool.idleJobPoll(QueuedThreadPool.java:563)
        at org.eclipse.jetty.util.thread.QueuedThreadPool.access$800(QueuedThreadPool.java:48)
        at org.eclipse.jetty.util.thread.QueuedThreadPool$2.run(QueuedThreadPool.java:626)
        at java.lang.Thread.run(Thread.java:748)
"org.eclipse.jetty.server.session.HashSessionManager@25a7fedfTimer" daemon prio=5 tid=2094 timed_waiting
java.lang.Thread.State: TIMED_WAITING
        at sun.misc.Unsafe.park(Native Method)
        at java.util.concurrent.locks.LockSupport.parkNanos(LockSupport.java:215)
        at java.util.concurrent.locks.AbstractQueuedSynchronizer$ConditionObject.awaitNanos(AbstractQueuedSynchronizer.java:2078)
        at java.util.concurrent.ScheduledThreadPoolExecutor$DelayedWorkQueue.take(ScheduledThreadPoolExecutor.java:1093)
        at java.util.concurrent.ScheduledThreadPoolExecutor$DelayedWorkQueue.take(ScheduledThreadPoolExecutor.java:809)
        at java.util.concurrent.ThreadPoolExecutor.getTask(ThreadPoolExecutor.java:1074)
        at java.util.concurrent.ThreadPoolExecutor.runWorker(ThreadPoolExecutor.java:1134)
        at java.util.concurrent.ThreadPoolExecutor$Worker.run(ThreadPoolExecutor.java:624)
        at java.lang.Thread.run(Thread.java:748)
"Datanode ReportManager Thread - 2" daemon prio=5 tid=200 in Object.wait()
java.lang.Thread.State: WAITING (on object monitor)
        at sun.misc.Unsafe.park(Native Method)
        at java.util.concurrent.locks.LockSupport.park(LockSupport.java:175)
        at java.util.concurrent.locks.AbstractQueuedSynchronizer$ConditionObject.await(AbstractQueuedSynchronizer.java:2039)
        at java.util.concurrent.ScheduledThreadPoolExecutor$DelayedWorkQueue.take(ScheduledThreadPoolExecutor.java:1088)
        at java.util.concurrent.ScheduledThreadPoolExecutor$DelayedWorkQueue.take(ScheduledThreadPoolExecutor.java:809)
        at java.util.concurrent.ThreadPoolExecutor.getTask(ThreadPoolExecutor.java:1074)
        at java.util.concurrent.ThreadPoolExecutor.runWorker(ThreadPoolExecutor.java:1134)
        at java.util.concurrent.ThreadPoolExecutor$Worker.run(ThreadPoolExecutor.java:624)
        at java.lang.Thread.run(Thread.java:748)
"pool-238-thread-2"  prio=5 tid=2799 in Object.wait()
java.lang.Thread.State: WAITING (on object monitor)
        at sun.misc.Unsafe.park(Native Method)
        at java.util.concurrent.locks.LockSupport.park(LockSupport.java:175)
        at java.util.concurrent.locks.AbstractQueuedSynchronizer$ConditionObject.await(AbstractQueuedSynchronizer.java:2039)
        at java.util.concurrent.ArrayBlockingQueue.take(ArrayBlockingQueue.java:403)
        at java.util.concurrent.ThreadPoolExecutor.getTask(ThreadPoolExecutor.java:1074)
        at java.util.concurrent.ThreadPoolExecutor.runWorker(ThreadPoolExecutor.java:1134)
        at java.util.concurrent.ThreadPoolExecutor$Worker.run(ThreadPoolExecutor.java:624)
        at java.lang.Thread.run(Thread.java:748)
"Periodic HDDS volume checker"  prio=5 tid=1996 timed_waiting
java.lang.Thread.State: TIMED_WAITING
        at sun.misc.Unsafe.park(Native Method)
        at java.util.concurrent.locks.LockSupport.parkNanos(LockSupport.java:215)
        at java.util.concurrent.locks.AbstractQueuedSynchronizer$ConditionObject.awaitNanos(AbstractQueuedSynchronizer.java:2078)
        at java.util.concurrent.ScheduledThreadPoolExecutor$DelayedWorkQueue.take(ScheduledThreadPoolExecutor.java:1093)
        at java.util.concurrent.ScheduledThreadPoolExecutor$DelayedWorkQueue.take(ScheduledThreadPoolExecutor.java:809)
        at java.util.concurrent.ThreadPoolExecutor.getTask(ThreadPoolExecutor.java:1074)
        at java.util.concurrent.ThreadPoolExecutor.runWorker(ThreadPoolExecutor.java:1134)
        at java.util.concurrent.ThreadPoolExecutor$Worker.run(ThreadPoolExecutor.java:624)
        at java.lang.Thread.run(Thread.java:748)
"pool-196-thread-1" daemon prio=5 tid=2108 timed_waiting
java.lang.Thread.State: TIMED_WAITING
        at sun.misc.Unsafe.park(Native Method)
        at java.util.concurrent.locks.LockSupport.parkNanos(LockSupport.java:215)
        at java.util.concurrent.locks.AbstractQueuedSynchronizer$ConditionObject.awaitNanos(AbstractQueuedSynchronizer.java:2078)
        at java.util.concurrent.ScheduledThreadPoolExecutor$DelayedWorkQueue.take(ScheduledThreadPoolExecutor.java:1093)
        at java.util.concurrent.ScheduledThreadPoolExecutor$DelayedWorkQueue.take(ScheduledThreadPoolExecutor.java:809)
        at java.util.concurrent.ThreadPoolExecutor.getTask(ThreadPoolExecutor.java:1074)
        at java.util.concurrent.ThreadPoolExecutor.runWorker(ThreadPoolExecutor.java:1134)
        at java.util.concurrent.ThreadPoolExecutor$Worker.run(ThreadPoolExecutor.java:624)
        at java.lang.Thread.run(Thread.java:748)
"org.apache.ratis.server.impl.LogAppender$AppenderDaemon$$Lambda$463/184788748@3cea588" daemon prio=5 tid=3194 timed_waiting
java.lang.Thread.State: TIMED_WAITING
        at java.lang.Object.wait(Native Method)
        at org.apache.ratis.grpc.server.GrpcLogAppender.mayWait(GrpcLogAppender.java:149)
        at org.apache.ratis.grpc.server.GrpcLogAppender.runAppenderImpl(GrpcLogAppender.java:103)
        at org.apache.ratis.server.impl.LogAppender$AppenderDaemon.run(LogAppender.java:76)
        at org.apache.ratis.server.impl.LogAppender$AppenderDaemon$$Lambda$463/184788748.run(Unknown Source)
        at java.lang.Thread.run(Thread.java:748)
"25c17e6e-60f2-43b7-8570-af6cc9981309@group-21F3445B4761-StateMachineUpdater" daemon prio=5 tid=3066 in Object.wait()
java.lang.Thread.State: WAITING (on object monitor)
        at java.lang.Object.wait(Native Method)
        at java.lang.Object.wait(Object.java:502)
        at org.apache.ratis.server.impl.StateMachineUpdater.waitForCommit(StateMachineUpdater.java:194)
        at org.apache.ratis.server.impl.StateMachineUpdater.run(StateMachineUpdater.java:159)
        at java.lang.Thread.run(Thread.java:748)
"pool-158-thread-9"  prio=5 tid=2310 in Object.wait()
java.lang.Thread.State: WAITING (on object monitor)
        at sun.misc.Unsafe.park(Native Method)
        at java.util.concurrent.locks.LockSupport.park(LockSupport.java:175)
        at java.util.concurrent.locks.AbstractQueuedSynchronizer$ConditionObject.await(AbstractQueuedSynchronizer.java:2039)
        at java.util.concurrent.ArrayBlockingQueue.take(ArrayBlockingQueue.java:403)
        at java.util.concurrent.ThreadPoolExecutor.getTask(ThreadPoolExecutor.java:1074)
        at java.util.concurrent.ThreadPoolExecutor.runWorker(ThreadPoolExecutor.java:1134)
        at java.util.concurrent.ThreadPoolExecutor$Worker.run(ThreadPoolExecutor.java:624)
        at java.lang.Thread.run(Thread.java:748)
"refreshUsed-/workdir/hadoop-ozone/integration-test/target/test-dir/MiniOzoneClusterImpl-6b3e2517-75a7-4dd9-8054-0b12e404e591/datanode-9/data/containers" daemon prio=5 tid=2214 timed_waiting
java.lang.Thread.State: TIMED_WAITING
        at java.lang.Thread.sleep(Native Method)
        at org.apache.hadoop.fs.CachingGetSpaceUsed$RefreshThread.run(CachingGetSpaceUsed.java:179)
        at java.lang.Thread.run(Thread.java:748)
"pool-198-thread-7"  prio=5 tid=2556 in Object.wait()
java.lang.Thread.State: WAITING (on object monitor)
        at sun.misc.Unsafe.park(Native Method)
        at java.util.concurrent.locks.LockSupport.park(LockSupport.java:175)
        at java.util.concurrent.locks.AbstractQueuedSynchronizer$ConditionObject.await(AbstractQueuedSynchronizer.java:2039)
        at java.util.concurrent.ArrayBlockingQueue.take(ArrayBlockingQueue.java:403)
        at java.util.concurrent.ThreadPoolExecutor.getTask(ThreadPoolExecutor.java:1074)
        at java.util.concurrent.ThreadPoolExecutor.runWorker(ThreadPoolExecutor.java:1134)
        at java.util.concurrent.ThreadPoolExecutor$Worker.run(ThreadPoolExecutor.java:624)
        at java.lang.Thread.run(Thread.java:748)
"qtp1090160486-1914" daemon prio=5 tid=1914 timed_waiting
java.lang.Thread.State: TIMED_WAITING
        at sun.misc.Unsafe.park(Native Method)
        at java.util.concurrent.locks.LockSupport.parkNanos(LockSupport.java:215)
        at java.util.concurrent.locks.AbstractQueuedSynchronizer$ConditionObject.awaitNanos(AbstractQueuedSynchronizer.java:2078)
        at org.eclipse.jetty.util.BlockingArrayQueue.poll(BlockingArrayQueue.java:392)
        at org.eclipse.jetty.util.thread.QueuedThreadPool.idleJobPoll(QueuedThreadPool.java:563)
        at org.eclipse.jetty.util.thread.QueuedThreadPool.access$800(QueuedThreadPool.java:48)
        at org.eclipse.jetty.util.thread.QueuedThreadPool$2.run(QueuedThreadPool.java:626)
        at java.lang.Thread.run(Thread.java:748)
"refreshUsed-/workdir/hadoop-ozone/integration-test/target/test-dir/MiniOzoneClusterImpl-6b3e2517-75a7-4dd9-8054-0b12e404e591/datanode-8/data/containers" daemon prio=5 tid=2187 timed_waiting
java.lang.Thread.State: TIMED_WAITING
        at java.lang.Thread.sleep(Native Method)
        at org.apache.hadoop.fs.CachingGetSpaceUsed$RefreshThread.run(CachingGetSpaceUsed.java:179)
        at java.lang.Thread.run(Thread.java:748)
"qtp254416915-2143" daemon prio=5 tid=2143 timed_waiting
java.lang.Thread.State: TIMED_WAITING
        at sun.misc.Unsafe.park(Native Method)
        at java.util.concurrent.locks.LockSupport.parkNanos(LockSupport.java:215)
        at java.util.concurrent.locks.AbstractQueuedSynchronizer$ConditionObject.awaitNanos(AbstractQueuedSynchronizer.java:2078)
        at org.eclipse.jetty.util.BlockingArrayQueue.poll(BlockingArrayQueue.java:392)
        at org.eclipse.jetty.util.thread.QueuedThreadPool.idleJobPoll(QueuedThreadPool.java:563)
        at org.eclipse.jetty.util.thread.QueuedThreadPool.access$800(QueuedThreadPool.java:48)
        at org.eclipse.jetty.util.thread.QueuedThreadPool$2.run(QueuedThreadPool.java:626)
        at java.lang.Thread.run(Thread.java:748)
"pool-208-thread-20"  prio=5 tid=2631 in Object.wait()
java.lang.Thread.State: WAITING (on object monitor)
        at sun.misc.Unsafe.park(Native Method)
        at java.util.concurrent.locks.LockSupport.park(LockSupport.java:175)
        at java.util.concurrent.locks.AbstractQueuedSynchronizer$ConditionObject.await(AbstractQueuedSynchronizer.java:2039)
        at java.util.concurrent.ArrayBlockingQueue.take(ArrayBlockingQueue.java:403)
        at java.util.concurrent.ThreadPoolExecutor.getTask(ThreadPoolExecutor.java:1074)
        at java.util.concurrent.ThreadPoolExecutor.runWorker(ThreadPoolExecutor.java:1134)
        at java.util.concurrent.ThreadPoolExecutor$Worker.run(ThreadPoolExecutor.java:624)
        at java.lang.Thread.run(Thread.java:748)
"Datanode State Machine Thread - 0" daemon prio=5 tid=2183 timed_waiting
java.lang.Thread.State: TIMED_WAITING
        at sun.misc.Unsafe.park(Native Method)
        at java.util.concurrent.locks.LockSupport.parkNanos(LockSupport.java:215)
        at java.util.concurrent.SynchronousQueue$TransferStack.awaitFulfill(SynchronousQueue.java:460)
        at java.util.concurrent.SynchronousQueue$TransferStack.transfer(SynchronousQueue.java:362)
        at java.util.concurrent.SynchronousQueue.poll(SynchronousQueue.java:941)
        at java.util.concurrent.ThreadPoolExecutor.getTask(ThreadPoolExecutor.java:1073)
        at java.util.concurrent.ThreadPoolExecutor.runWorker(ThreadPoolExecutor.java:1134)
        at java.util.concurrent.ThreadPoolExecutor$Worker.run(ThreadPoolExecutor.java:624)
        at java.lang.Thread.run(Thread.java:748)
"pool-188-thread-15"  prio=5 tid=2502 in Object.wait()
java.lang.Thread.State: WAITING (on object monitor)
        at sun.misc.Unsafe.park(Native Method)
        at java.util.concurrent.locks.LockSupport.park(LockSupport.java:175)
        at java.util.concurrent.locks.AbstractQueuedSynchronizer$ConditionObject.await(AbstractQueuedSynchronizer.java:2039)
        at java.util.concurrent.ArrayBlockingQueue.take(ArrayBlockingQueue.java:403)
        at java.util.concurrent.ThreadPoolExecutor.getTask(ThreadPoolExecutor.java:1074)
        at java.util.concurrent.ThreadPoolExecutor.runWorker(ThreadPoolExecutor.java:1134)
        at java.util.concurrent.ThreadPoolExecutor$Worker.run(ThreadPoolExecutor.java:624)
        at java.lang.Thread.run(Thread.java:748)
"pool-168-thread-40"  prio=5 tid=2403 in Object.wait()
java.lang.Thread.State: WAITING (on object monitor)
        at sun.misc.Unsafe.park(Native Method)
        at java.util.concurrent.locks.LockSupport.park(LockSupport.java:175)
        at java.util.concurrent.locks.AbstractQueuedSynchronizer$ConditionObject.await(AbstractQueuedSynchronizer.java:2039)
        at java.util.concurrent.ArrayBlockingQueue.take(ArrayBlockingQueue.java:403)
        at java.util.concurrent.ThreadPoolExecutor.getTask(ThreadPoolExecutor.java:1074)
        at java.util.concurrent.ThreadPoolExecutor.runWorker(ThreadPoolExecutor.java:1134)
        at java.util.concurrent.ThreadPoolExecutor$Worker.run(ThreadPoolExecutor.java:624)
        at java.lang.Thread.run(Thread.java:748)
"pool-168-thread-43"  prio=5 tid=2406 in Object.wait()
java.lang.Thread.State: WAITING (on object monitor)
        at sun.misc.Unsafe.park(Native Method)
        at java.util.concurrent.locks.LockSupport.park(LockSupport.java:175)
        at java.util.concurrent.locks.AbstractQueuedSynchronizer$ConditionObject.await(AbstractQueuedSynchronizer.java:2039)
        at java.util.concurrent.ArrayBlockingQueue.take(ArrayBlockingQueue.java:403)
        at java.util.concurrent.ThreadPoolExecutor.getTask(ThreadPoolExecutor.java:1074)
        at java.util.concurrent.ThreadPoolExecutor.runWorker(ThreadPoolExecutor.java:1134)
        at java.util.concurrent.ThreadPoolExecutor$Worker.run(ThreadPoolExecutor.java:624)
        at java.lang.Thread.run(Thread.java:748)
"org.apache.hadoop.util.JvmPauseMonitor$Monitor@681cbfaf" daemon prio=5 tid=2020 timed_waiting
java.lang.Thread.State: TIMED_WAITING
        at java.lang.Thread.sleep(Native Method)
        at org.apache.hadoop.util.JvmPauseMonitor$Monitor.run(JvmPauseMonitor.java:192)
        at java.lang.Thread.run(Thread.java:748)
"pool-198-thread-11"  prio=5 tid=2560 in Object.wait()
java.lang.Thread.State: WAITING (on object monitor)
        at sun.misc.Unsafe.park(Native Method)
        at java.util.concurrent.locks.LockSupport.park(LockSupport.java:175)
        at java.util.concurrent.locks.AbstractQueuedSynchronizer$ConditionObject.await(AbstractQueuedSynchronizer.java:2039)
        at java.util.concurrent.ArrayBlockingQueue.take(ArrayBlockingQueue.java:403)
        at java.util.concurrent.ThreadPoolExecutor.getTask(ThreadPoolExecutor.java:1074)
        at java.util.concurrent.ThreadPoolExecutor.runWorker(ThreadPoolExecutor.java:1134)
        at java.util.concurrent.ThreadPoolExecutor$Worker.run(ThreadPoolExecutor.java:624)
        at java.lang.Thread.run(Thread.java:748)
"IPC Server handler 18 on 35974" daemon prio=5 tid=1870 timed_waiting
java.lang.Thread.State: TIMED_WAITING
        at sun.misc.Unsafe.park(Native Method)
        at java.util.concurrent.locks.LockSupport.parkNanos(LockSupport.java:215)
        at java.util.concurrent.locks.AbstractQueuedSynchronizer$ConditionObject.awaitNanos(AbstractQueuedSynchronizer.java:2078)
        at java.util.concurrent.LinkedBlockingQueue.poll(LinkedBlockingQueue.java:467)
        at org.apache.hadoop.ipc.CallQueueManager.take(CallQueueManager.java:288)
        at org.apache.hadoop.ipc.Server$Handler.run(Server.java:2668)
"qtp2077150966-2085-acceptor-0@3bb98041-ServerConnector@d919544{HTTP/1.1,[http/1.1]}{0.0.0.0:38607}" daemon prio=3 tid=2085 runnable
java.lang.Thread.State: RUNNABLE
        at sun.nio.ch.ServerSocketChannelImpl.accept0(Native Method)
        at sun.nio.ch.ServerSocketChannelImpl.accept(ServerSocketChannelImpl.java:422)
        at sun.nio.ch.ServerSocketChannelImpl.accept(ServerSocketChannelImpl.java:250)
        at org.eclipse.jetty.server.ServerConnector.accept(ServerConnector.java:397)
        at org.eclipse.jetty.server.AbstractConnector$Acceptor.run(AbstractConnector.java:601)
        at org.eclipse.jetty.util.thread.QueuedThreadPool.runJob(QueuedThreadPool.java:671)
        at org.eclipse.jetty.util.thread.QueuedThreadPool$2.run(QueuedThreadPool.java:589)
        at java.lang.Thread.run(Thread.java:748)
"IPC Server handler 12 on 42444" daemon prio=5 tid=1904 timed_waiting
java.lang.Thread.State: TIMED_WAITING
        at sun.misc.Unsafe.park(Native Method)
        at java.util.concurrent.locks.LockSupport.parkNanos(LockSupport.java:215)
        at java.util.concurrent.locks.AbstractQueuedSynchronizer$ConditionObject.awaitNanos(AbstractQueuedSynchronizer.java:2078)
        at java.util.concurrent.LinkedBlockingQueue.poll(LinkedBlockingQueue.java:467)
        at org.apache.hadoop.ipc.CallQueueManager.take(CallQueueManager.java:288)
        at org.apache.hadoop.ipc.Server$Handler.run(Server.java:2668)
"Datanode ReportManager Thread - 1" daemon prio=5 tid=172 timed_waiting
java.lang.Thread.State: TIMED_WAITING
        at sun.misc.Unsafe.park(Native Method)
        at java.util.concurrent.locks.LockSupport.parkNanos(LockSupport.java:215)
        at java.util.concurrent.locks.AbstractQueuedSynchronizer$ConditionObject.awaitNanos(AbstractQueuedSynchronizer.java:2078)
        at java.util.concurrent.ScheduledThreadPoolExecutor$DelayedWorkQueue.take(ScheduledThreadPoolExecutor.java:1093)
        at java.util.concurrent.ScheduledThreadPoolExecutor$DelayedWorkQueue.take(ScheduledThreadPoolExecutor.java:809)
        at java.util.concurrent.ThreadPoolExecutor.getTask(ThreadPoolExecutor.java:1074)
        at java.util.concurrent.ThreadPoolExecutor.runWorker(ThreadPoolExecutor.java:1134)
        at java.util.concurrent.ThreadPoolExecutor$Worker.run(ThreadPoolExecutor.java:624)
        at java.lang.Thread.run(Thread.java:748)
"19d9f0ed-7324-40ce-9ded-4f2ae42bdb1f@group-513E606754AA-SegmentedRaftLogWorker"  prio=5 tid=3080 timed_waiting
java.lang.Thread.State: TIMED_WAITING
        at sun.misc.Unsafe.park(Native Method)
        at java.util.concurrent.locks.LockSupport.parkNanos(LockSupport.java:215)
        at java.util.concurrent.locks.AbstractQueuedSynchronizer$ConditionObject.awaitNanos(AbstractQueuedSynchronizer.java:2078)
        at org.apache.ratis.util.DataBlockingQueue.poll(DataBlockingQueue.java:137)
        at org.apache.ratis.server.raftlog.segmented.SegmentedRaftLogWorker.run(SegmentedRaftLogWorker.java:282)
        at java.lang.Thread.run(Thread.java:748)
"pool-158-thread-59"  prio=5 tid=2360 in Object.wait()
java.lang.Thread.State: WAITING (on object monitor)
        at sun.misc.Unsafe.park(Native Method)
        at java.util.concurrent.locks.LockSupport.park(LockSupport.java:175)
        at java.util.concurrent.locks.AbstractQueuedSynchronizer$ConditionObject.await(AbstractQueuedSynchronizer.java:2039)
        at java.util.concurrent.ArrayBlockingQueue.take(ArrayBlockingQueue.java:403)
        at java.util.concurrent.ThreadPoolExecutor.getTask(ThreadPoolExecutor.java:1074)
        at java.util.concurrent.ThreadPoolExecutor.runWorker(ThreadPoolExecutor.java:1134)
        at java.util.concurrent.ThreadPoolExecutor$Worker.run(ThreadPoolExecutor.java:624)
        at java.lang.Thread.run(Thread.java:748)
"pool-148-thread-40"  prio=5 tid=2278 in Object.wait()
java.lang.Thread.State: WAITING (on object monitor)
        at sun.misc.Unsafe.park(Native Method)
        at java.util.concurrent.locks.LockSupport.park(LockSupport.java:175)
        at java.util.concurrent.locks.AbstractQueuedSynchronizer$ConditionObject.await(AbstractQueuedSynchronizer.java:2039)
        at java.util.concurrent.ArrayBlockingQueue.take(ArrayBlockingQueue.java:403)
        at java.util.concurrent.ThreadPoolExecutor.getTask(ThreadPoolExecutor.java:1074)
        at java.util.concurrent.ThreadPoolExecutor.runWorker(ThreadPoolExecutor.java:1134)
        at java.util.concurrent.ThreadPoolExecutor$Worker.run(ThreadPoolExecutor.java:624)
        at java.lang.Thread.run(Thread.java:748)
"pool-178-thread-6"  prio=5 tid=2431 in Object.wait()
java.lang.Thread.State: WAITING (on object monitor)
        at sun.misc.Unsafe.park(Native Method)
        at java.util.concurrent.locks.LockSupport.park(LockSupport.java:175)
        at java.util.concurrent.locks.AbstractQueuedSynchronizer$ConditionObject.await(AbstractQueuedSynchronizer.java:2039)
        at java.util.concurrent.ArrayBlockingQueue.take(ArrayBlockingQueue.java:403)
        at java.util.concurrent.ThreadPoolExecutor.getTask(ThreadPoolExecutor.java:1074)
        at java.util.concurrent.ThreadPoolExecutor.runWorker(ThreadPoolExecutor.java:1134)
        at java.util.concurrent.ThreadPoolExecutor$Worker.run(ThreadPoolExecutor.java:624)
        at java.lang.Thread.run(Thread.java:748)
"IPC Server handler 17 on 43737" daemon prio=5 tid=1889 timed_waiting
java.lang.Thread.State: TIMED_WAITING
        at sun.misc.Unsafe.park(Native Method)
        at java.util.concurrent.locks.LockSupport.parkNanos(LockSupport.java:215)
        at java.util.concurrent.locks.AbstractQueuedSynchronizer$ConditionObject.awaitNanos(AbstractQueuedSynchronizer.java:2078)
        at java.util.concurrent.LinkedBlockingQueue.poll(LinkedBlockingQueue.java:467)
        at org.apache.hadoop.ipc.CallQueueManager.take(CallQueueManager.java:288)
        at org.apache.hadoop.ipc.Server$Handler.run(Server.java:2668)
"pool-238-thread-41"  prio=5 tid=2838 in Object.wait()
java.lang.Thread.State: WAITING (on object monitor)
        at sun.misc.Unsafe.park(Native Method)
        at java.util.concurrent.locks.LockSupport.park(LockSupport.java:175)
        at java.util.concurrent.locks.AbstractQueuedSynchronizer$ConditionObject.await(AbstractQueuedSynchronizer.java:2039)
        at java.util.concurrent.ArrayBlockingQueue.take(ArrayBlockingQueue.java:403)
        at java.util.concurrent.ThreadPoolExecutor.getTask(ThreadPoolExecutor.java:1074)
        at java.util.concurrent.ThreadPoolExecutor.runWorker(ThreadPoolExecutor.java:1134)
        at java.util.concurrent.ThreadPoolExecutor$Worker.run(ThreadPoolExecutor.java:624)
        at java.lang.Thread.run(Thread.java:748)
"pool-238-thread-40"  prio=5 tid=2837 in Object.wait()
java.lang.Thread.State: WAITING (on object monitor)
        at sun.misc.Unsafe.park(Native Method)
        at java.util.concurrent.locks.LockSupport.park(LockSupport.java:175)
        at java.util.concurrent.locks.AbstractQueuedSynchronizer$ConditionObject.await(AbstractQueuedSynchronizer.java:2039)
        at java.util.concurrent.ArrayBlockingQueue.take(ArrayBlockingQueue.java:403)
        at java.util.concurrent.ThreadPoolExecutor.getTask(ThreadPoolExecutor.java:1074)
        at java.util.concurrent.ThreadPoolExecutor.runWorker(ThreadPoolExecutor.java:1134)
        at java.util.concurrent.ThreadPoolExecutor$Worker.run(ThreadPoolExecutor.java:624)
        at java.lang.Thread.run(Thread.java:748)
"pool-148-thread-33"  prio=5 tid=2271 in Object.wait()
java.lang.Thread.State: WAITING (on object monitor)
        at sun.misc.Unsafe.park(Native Method)
        at java.util.concurrent.locks.LockSupport.park(LockSupport.java:175)
        at java.util.concurrent.locks.AbstractQueuedSynchronizer$ConditionObject.await(AbstractQueuedSynchronizer.java:2039)
        at java.util.concurrent.ArrayBlockingQueue.take(ArrayBlockingQueue.java:403)
        at java.util.concurrent.ThreadPoolExecutor.getTask(ThreadPoolExecutor.java:1074)
        at java.util.concurrent.ThreadPoolExecutor.runWorker(ThreadPoolExecutor.java:1134)
        at java.util.concurrent.ThreadPoolExecutor$Worker.run(ThreadPoolExecutor.java:624)
        at java.lang.Thread.run(Thread.java:748)
"PartialTableCache Cleanup Thread - 0" daemon prio=5 tid=3040 in Object.wait()
java.lang.Thread.State: WAITING (on object monitor)
        at sun.misc.Unsafe.park(Native Method)
        at java.util.concurrent.locks.LockSupport.park(LockSupport.java:175)
        at java.util.concurrent.locks.AbstractQueuedSynchronizer$ConditionObject.await(AbstractQueuedSynchronizer.java:2039)
        at java.util.concurrent.LinkedBlockingQueue.take(LinkedBlockingQueue.java:442)
        at java.util.concurrent.ThreadPoolExecutor.getTask(ThreadPoolExecutor.java:1074)
        at java.util.concurrent.ThreadPoolExecutor.runWorker(ThreadPoolExecutor.java:1134)
        at java.util.concurrent.ThreadPoolExecutor$Worker.run(ThreadPoolExecutor.java:624)
        at java.lang.Thread.run(Thread.java:748)
"pool-168-thread-50"  prio=5 tid=2413 in Object.wait()
java.lang.Thread.State: WAITING (on object monitor)
        at sun.misc.Unsafe.park(Native Method)
        at java.util.concurrent.locks.LockSupport.park(LockSupport.java:175)
        at java.util.concurrent.locks.AbstractQueuedSynchronizer$ConditionObject.await(AbstractQueuedSynchronizer.java:2039)
        at java.util.concurrent.ArrayBlockingQueue.take(ArrayBlockingQueue.java:403)
        at java.util.concurrent.ThreadPoolExecutor.getTask(ThreadPoolExecutor.java:1074)
        at java.util.concurrent.ThreadPoolExecutor.runWorker(ThreadPoolExecutor.java:1134)
        at java.util.concurrent.ThreadPoolExecutor$Worker.run(ThreadPoolExecutor.java:624)
        at java.lang.Thread.run(Thread.java:748)
"pool-148-thread-60"  prio=5 tid=2298 in Object.wait()
java.lang.Thread.State: WAITING (on object monitor)
        at sun.misc.Unsafe.park(Native Method)
        at java.util.concurrent.locks.LockSupport.park(LockSupport.java:175)
        at java.util.concurrent.locks.AbstractQueuedSynchronizer$ConditionObject.await(AbstractQueuedSynchronizer.java:2039)
        at java.util.concurrent.ArrayBlockingQueue.take(ArrayBlockingQueue.java:403)
        at java.util.concurrent.ThreadPoolExecutor.getTask(ThreadPoolExecutor.java:1074)
        at java.util.concurrent.ThreadPoolExecutor.runWorker(ThreadPoolExecutor.java:1134)
        at java.util.concurrent.ThreadPoolExecutor$Worker.run(ThreadPoolExecutor.java:624)
        at java.lang.Thread.run(Thread.java:748)
"pool-208-thread-32"  prio=5 tid=2643 in Object.wait()
java.lang.Thread.State: WAITING (on object monitor)
        at sun.misc.Unsafe.park(Native Method)
        at java.util.concurrent.locks.LockSupport.park(LockSupport.java:175)
        at java.util.concurrent.locks.AbstractQueuedSynchronizer$ConditionObject.await(AbstractQueuedSynchronizer.java:2039)
        at java.util.concurrent.ArrayBlockingQueue.take(ArrayBlockingQueue.java:403)
        at java.util.concurrent.ThreadPoolExecutor.getTask(ThreadPoolExecutor.java:1074)
        at java.util.concurrent.ThreadPoolExecutor.runWorker(ThreadPoolExecutor.java:1134)
        at java.util.concurrent.ThreadPoolExecutor$Worker.run(ThreadPoolExecutor.java:624)
        at java.lang.Thread.run(Thread.java:748)
"pool-198-thread-40"  prio=5 tid=2589 in Object.wait()
java.lang.Thread.State: WAITING (on object monitor)
        at sun.misc.Unsafe.park(Native Method)
        at java.util.concurrent.locks.LockSupport.park(LockSupport.java:175)
        at java.util.concurrent.locks.AbstractQueuedSynchronizer$ConditionObject.await(AbstractQueuedSynchronizer.java:2039)
        at java.util.concurrent.ArrayBlockingQueue.take(ArrayBlockingQueue.java:403)
        at java.util.concurrent.ThreadPoolExecutor.getTask(ThreadPoolExecutor.java:1074)
        at java.util.concurrent.ThreadPoolExecutor.runWorker(ThreadPoolExecutor.java:1134)
        at java.util.concurrent.ThreadPoolExecutor$Worker.run(ThreadPoolExecutor.java:624)
        at java.lang.Thread.run(Thread.java:748)
"8344cb33-ae61-4ff3-97f7-00b91742683d@group-A7405D5AD40E-SegmentedRaftLogWorker"  prio=5 tid=3124 timed_waiting
java.lang.Thread.State: TIMED_WAITING
        at sun.misc.Unsafe.park(Native Method)
        at java.util.concurrent.locks.LockSupport.parkNanos(LockSupport.java:215)
        at java.util.concurrent.locks.AbstractQueuedSynchronizer$ConditionObject.awaitNanos(AbstractQueuedSynchronizer.java:2078)
        at org.apache.ratis.util.DataBlockingQueue.poll(DataBlockingQueue.java:137)
        at org.apache.ratis.server.raftlog.segmented.SegmentedRaftLogWorker.run(SegmentedRaftLogWorker.java:282)
        at java.lang.Thread.run(Thread.java:748)
"Datanode ReportManager Thread - 3" daemon prio=5 tid=2045 in Object.wait()
java.lang.Thread.State: WAITING (on object monitor)
        at sun.misc.Unsafe.park(Native Method)
        at java.util.concurrent.locks.LockSupport.park(LockSupport.java:175)
        at java.util.concurrent.locks.AbstractQueuedSynchronizer$ConditionObject.await(AbstractQueuedSynchronizer.java:2039)
        at java.util.concurrent.ScheduledThreadPoolExecutor$DelayedWorkQueue.take(ScheduledThreadPoolExecutor.java:1088)
        at java.util.concurrent.ScheduledThreadPoolExecutor$DelayedWorkQueue.take(ScheduledThreadPoolExecutor.java:809)
        at java.util.concurrent.ThreadPoolExecutor.getTask(ThreadPoolExecutor.java:1074)
        at java.util.concurrent.ThreadPoolExecutor.runWorker(ThreadPoolExecutor.java:1134)
        at java.util.concurrent.ThreadPoolExecutor$Worker.run(ThreadPoolExecutor.java:624)
        at java.lang.Thread.run(Thread.java:748)
"pool-218-thread-34"  prio=5 tid=2707 in Object.wait()
java.lang.Thread.State: WAITING (on object monitor)
        at sun.misc.Unsafe.park(Native Method)
        at java.util.concurrent.locks.LockSupport.park(LockSupport.java:175)
        at java.util.concurrent.locks.AbstractQueuedSynchronizer$ConditionObject.await(AbstractQueuedSynchronizer.java:2039)
        at java.util.concurrent.ArrayBlockingQueue.take(ArrayBlockingQueue.java:403)
        at java.util.concurrent.ThreadPoolExecutor.getTask(ThreadPoolExecutor.java:1074)
        at java.util.concurrent.ThreadPoolExecutor.runWorker(ThreadPoolExecutor.java:1134)
        at java.util.concurrent.ThreadPoolExecutor$Worker.run(ThreadPoolExecutor.java:624)
        at java.lang.Thread.run(Thread.java:748)
"pool-218-thread-41"  prio=5 tid=2714 in Object.wait()
java.lang.Thread.State: WAITING (on object monitor)
        at sun.misc.Unsafe.park(Native Method)
        at java.util.concurrent.locks.LockSupport.park(LockSupport.java:175)
        at java.util.concurrent.locks.AbstractQueuedSynchronizer$ConditionObject.await(AbstractQueuedSynchronizer.java:2039)
        at java.util.concurrent.ArrayBlockingQueue.take(ArrayBlockingQueue.java:403)
        at java.util.concurrent.ThreadPoolExecutor.getTask(ThreadPoolExecutor.java:1074)
        at java.util.concurrent.ThreadPoolExecutor.runWorker(ThreadPoolExecutor.java:1134)
        at java.util.concurrent.ThreadPoolExecutor$Worker.run(ThreadPoolExecutor.java:624)
        at java.lang.Thread.run(Thread.java:748)
"pool-168-thread-25"  prio=5 tid=2388 in Object.wait()
java.lang.Thread.State: WAITING (on object monitor)
        at sun.misc.Unsafe.park(Native Method)
        at java.util.concurrent.locks.LockSupport.park(LockSupport.java:175)
        at java.util.concurrent.locks.AbstractQueuedSynchronizer$ConditionObject.await(AbstractQueuedSynchronizer.java:2039)
        at java.util.concurrent.ArrayBlockingQueue.take(ArrayBlockingQueue.java:403)
        at java.util.concurrent.ThreadPoolExecutor.getTask(ThreadPoolExecutor.java:1074)
        at java.util.concurrent.ThreadPoolExecutor.runWorker(ThreadPoolExecutor.java:1134)
        at java.util.concurrent.ThreadPoolExecutor$Worker.run(ThreadPoolExecutor.java:624)
        at java.lang.Thread.run(Thread.java:748)
"Datanode State Machine Thread - 0" daemon prio=5 tid=2203 timed_waiting
java.lang.Thread.State: TIMED_WAITING
        at java.lang.Thread.sleep(Native Method)
        at org.apache.hadoop.ozone.container.common.statemachine.DatanodeStateMachine.start(DatanodeStateMachine.java:191)
        at org.apache.hadoop.ozone.container.common.statemachine.DatanodeStateMachine.lambda$startDaemon$0(DatanodeStateMachine.java:349)
        at org.apache.hadoop.ozone.container.common.statemachine.DatanodeStateMachine$$Lambda$141/1594065480.run(Unknown Source)
        at java.lang.Thread.run(Thread.java:748)
"Datanode ReportManager Thread - 2" daemon prio=5 tid=389 timed_waiting
java.lang.Thread.State: TIMED_WAITING
        at sun.misc.Unsafe.park(Native Method)
        at java.util.concurrent.locks.LockSupport.parkNanos(LockSupport.java:215)
        at java.util.concurrent.locks.AbstractQueuedSynchronizer$ConditionObject.awaitNanos(AbstractQueuedSynchronizer.java:2078)
        at java.util.concurrent.ScheduledThreadPoolExecutor$DelayedWorkQueue.take(ScheduledThreadPoolExecutor.java:1093)
        at java.util.concurrent.ScheduledThreadPoolExecutor$DelayedWorkQueue.take(ScheduledThreadPoolExecutor.java:809)
        at java.util.concurrent.ThreadPoolExecutor.getTask(ThreadPoolExecutor.java:1074)
        at java.util.concurrent.ThreadPoolExecutor.runWorker(ThreadPoolExecutor.java:1134)
        at java.util.concurrent.ThreadPoolExecutor$Worker.run(ThreadPoolExecutor.java:624)
        at java.lang.Thread.run(Thread.java:748)
"IPC Server handler 4 on 35974" daemon prio=5 tid=1856 timed_waiting
java.lang.Thread.State: TIMED_WAITING
        at sun.misc.Unsafe.park(Native Method)
        at java.util.concurrent.locks.LockSupport.parkNanos(LockSupport.java:215)
        at java.util.concurrent.locks.AbstractQueuedSynchronizer$ConditionObject.awaitNanos(AbstractQueuedSynchronizer.java:2078)
        at java.util.concurrent.LinkedBlockingQueue.poll(LinkedBlockingQueue.java:467)
        at org.apache.hadoop.ipc.CallQueueManager.take(CallQueueManager.java:288)
        at org.apache.hadoop.ipc.Server$Handler.run(Server.java:2668)
"Datanode ReportManager Thread - 3" daemon prio=5 tid=2207 in Object.wait()
java.lang.Thread.State: WAITING (on object monitor)
        at sun.misc.Unsafe.park(Native Method)
        at java.util.concurrent.locks.LockSupport.park(LockSupport.java:175)
        at java.util.concurrent.locks.AbstractQueuedSynchronizer$ConditionObject.await(AbstractQueuedSynchronizer.java:2039)
        at java.util.concurrent.ScheduledThreadPoolExecutor$DelayedWorkQueue.take(ScheduledThreadPoolExecutor.java:1088)
        at java.util.concurrent.ScheduledThreadPoolExecutor$DelayedWorkQueue.take(ScheduledThreadPoolExecutor.java:809)
        at java.util.concurrent.ThreadPoolExecutor.getTask(ThreadPoolExecutor.java:1074)
        at java.util.concurrent.ThreadPoolExecutor.runWorker(ThreadPoolExecutor.java:1134)
        at java.util.concurrent.ThreadPoolExecutor$Worker.run(ThreadPoolExecutor.java:624)
        at java.lang.Thread.run(Thread.java:748)
"pool-228-thread-27"  prio=5 tid=2762 in Object.wait()
java.lang.Thread.State: WAITING (on object monitor)
        at sun.misc.Unsafe.park(Native Method)
        at java.util.concurrent.locks.LockSupport.park(LockSupport.java:175)
        at java.util.concurrent.locks.AbstractQueuedSynchronizer$ConditionObject.await(AbstractQueuedSynchronizer.java:2039)
        at java.util.concurrent.ArrayBlockingQueue.take(ArrayBlockingQueue.java:403)
        at java.util.concurrent.ThreadPoolExecutor.getTask(ThreadPoolExecutor.java:1074)
        at java.util.concurrent.ThreadPoolExecutor.runWorker(ThreadPoolExecutor.java:1134)
        at java.util.concurrent.ThreadPoolExecutor$Worker.run(ThreadPoolExecutor.java:624)
        at java.lang.Thread.run(Thread.java:748)
"Datanode ReportManager Thread - 0" daemon prio=5 tid=387 in Object.wait()
java.lang.Thread.State: WAITING (on object monitor)
        at sun.misc.Unsafe.park(Native Method)
        at java.util.concurrent.locks.LockSupport.park(LockSupport.java:175)
        at java.util.concurrent.locks.AbstractQueuedSynchronizer$ConditionObject.await(AbstractQueuedSynchronizer.java:2039)
        at java.util.concurrent.ScheduledThreadPoolExecutor$DelayedWorkQueue.take(ScheduledThreadPoolExecutor.java:1088)
        at java.util.concurrent.ScheduledThreadPoolExecutor$DelayedWorkQueue.take(ScheduledThreadPoolExecutor.java:809)
        at java.util.concurrent.ThreadPoolExecutor.getTask(ThreadPoolExecutor.java:1074)
        at java.util.concurrent.ThreadPoolExecutor.runWorker(ThreadPoolExecutor.java:1134)
        at java.util.concurrent.ThreadPoolExecutor$Worker.run(ThreadPoolExecutor.java:624)
        at java.lang.Thread.run(Thread.java:748)
"pool-198-thread-45"  prio=5 tid=2594 in Object.wait()
java.lang.Thread.State: WAITING (on object monitor)
        at sun.misc.Unsafe.park(Native Method)
        at java.util.concurrent.locks.LockSupport.park(LockSupport.java:175)
        at java.util.concurrent.locks.AbstractQueuedSynchronizer$ConditionObject.await(AbstractQueuedSynchronizer.java:2039)
        at java.util.concurrent.ArrayBlockingQueue.take(ArrayBlockingQueue.java:403)
        at java.util.concurrent.ThreadPoolExecutor.getTask(ThreadPoolExecutor.java:1074)
        at java.util.concurrent.ThreadPoolExecutor.runWorker(ThreadPoolExecutor.java:1134)
        at java.util.concurrent.ThreadPoolExecutor$Worker.run(ThreadPoolExecutor.java:624)
        at java.lang.Thread.run(Thread.java:748)
"qtp81705968-2063" daemon prio=5 tid=2063 timed_waiting
java.lang.Thread.State: TIMED_WAITING
        at sun.misc.Unsafe.park(Native Method)
        at java.util.concurrent.locks.LockSupport.parkNanos(LockSupport.java:215)
        at java.util.concurrent.locks.AbstractQueuedSynchronizer$ConditionObject.awaitNanos(AbstractQueuedSynchronizer.java:2078)
        at org.eclipse.jetty.util.BlockingArrayQueue.poll(BlockingArrayQueue.java:392)
        at org.eclipse.jetty.util.thread.QueuedThreadPool.idleJobPoll(QueuedThreadPool.java:563)
        at org.eclipse.jetty.util.thread.QueuedThreadPool.access$800(QueuedThreadPool.java:48)
        at org.eclipse.jetty.util.thread.QueuedThreadPool$2.run(QueuedThreadPool.java:626)
        at java.lang.Thread.run(Thread.java:748)
"pool-198-thread-31"  prio=5 tid=2580 in Object.wait()
java.lang.Thread.State: WAITING (on object monitor)
        at sun.misc.Unsafe.park(Native Method)
        at java.util.concurrent.locks.LockSupport.park(LockSupport.java:175)
        at java.util.concurrent.locks.AbstractQueuedSynchronizer$ConditionObject.await(AbstractQueuedSynchronizer.java:2039)
        at java.util.concurrent.ArrayBlockingQueue.take(ArrayBlockingQueue.java:403)
        at java.util.concurrent.ThreadPoolExecutor.getTask(ThreadPoolExecutor.java:1074)
        at java.util.concurrent.ThreadPoolExecutor.runWorker(ThreadPoolExecutor.java:1134)
        at java.util.concurrent.ThreadPoolExecutor$Worker.run(ThreadPoolExecutor.java:624)
        at java.lang.Thread.run(Thread.java:748)
"pool-158-thread-34"  prio=5 tid=2335 in Object.wait()
java.lang.Thread.State: WAITING (on object monitor)
        at sun.misc.Unsafe.park(Native Method)
        at java.util.concurrent.locks.LockSupport.park(LockSupport.java:175)
        at java.util.concurrent.locks.AbstractQueuedSynchronizer$ConditionObject.await(AbstractQueuedSynchronizer.java:2039)
        at java.util.concurrent.ArrayBlockingQueue.take(ArrayBlockingQueue.java:403)
        at java.util.concurrent.ThreadPoolExecutor.getTask(ThreadPoolExecutor.java:1074)
        at java.util.concurrent.ThreadPoolExecutor.runWorker(ThreadPoolExecutor.java:1134)
        at java.util.concurrent.ThreadPoolExecutor$Worker.run(ThreadPoolExecutor.java:624)
        at java.lang.Thread.run(Thread.java:748)
"pool-148-thread-56"  prio=5 tid=2294 in Object.wait()
java.lang.Thread.State: WAITING (on object monitor)
        at sun.misc.Unsafe.park(Native Method)
        at java.util.concurrent.locks.LockSupport.park(LockSupport.java:175)
        at java.util.concurrent.locks.AbstractQueuedSynchronizer$ConditionObject.await(AbstractQueuedSynchronizer.java:2039)
        at java.util.concurrent.ArrayBlockingQueue.take(ArrayBlockingQueue.java:403)
        at java.util.concurrent.ThreadPoolExecutor.getTask(ThreadPoolExecutor.java:1074)
        at java.util.concurrent.ThreadPoolExecutor.runWorker(ThreadPoolExecutor.java:1134)
        at java.util.concurrent.ThreadPoolExecutor$Worker.run(ThreadPoolExecutor.java:624)
        at java.lang.Thread.run(Thread.java:748)
"Datanode ReportManager Thread - 0" daemon prio=5 tid=2204 in Object.wait()
java.lang.Thread.State: WAITING (on object monitor)
        at sun.misc.Unsafe.park(Native Method)
        at java.util.concurrent.locks.LockSupport.park(LockSupport.java:175)
        at java.util.concurrent.locks.AbstractQueuedSynchronizer$ConditionObject.await(AbstractQueuedSynchronizer.java:2039)
        at java.util.concurrent.ScheduledThreadPoolExecutor$DelayedWorkQueue.take(ScheduledThreadPoolExecutor.java:1088)
        at java.util.concurrent.ScheduledThreadPoolExecutor$DelayedWorkQueue.take(ScheduledThreadPoolExecutor.java:809)
        at java.util.concurrent.ThreadPoolExecutor.getTask(ThreadPoolExecutor.java:1074)
        at java.util.concurrent.ThreadPoolExecutor.runWorker(ThreadPoolExecutor.java:1134)
        at java.util.concurrent.ThreadPoolExecutor$Worker.run(ThreadPoolExecutor.java:624)
        at java.lang.Thread.run(Thread.java:748)
"pool-178-thread-36"  prio=5 tid=2461 in Object.wait()
java.lang.Thread.State: WAITING (on object monitor)
        at sun.misc.Unsafe.park(Native Method)
        at java.util.concurrent.locks.LockSupport.park(LockSupport.java:175)
        at java.util.concurrent.locks.AbstractQueuedSynchronizer$ConditionObject.await(AbstractQueuedSynchronizer.java:2039)
        at java.util.concurrent.ArrayBlockingQueue.take(ArrayBlockingQueue.java:403)
        at java.util.concurrent.ThreadPoolExecutor.getTask(ThreadPoolExecutor.java:1074)
        at java.util.concurrent.ThreadPoolExecutor.runWorker(ThreadPoolExecutor.java:1134)
        at java.util.concurrent.ThreadPoolExecutor$Worker.run(ThreadPoolExecutor.java:624)
        at java.lang.Thread.run(Thread.java:748)
"qtp1365611185-2171" daemon prio=5 tid=2171 timed_waiting
java.lang.Thread.State: TIMED_WAITING
        at sun.misc.Unsafe.park(Native Method)
        at java.util.concurrent.locks.LockSupport.parkNanos(LockSupport.java:215)
        at java.util.concurrent.locks.AbstractQueuedSynchronizer$ConditionObject.awaitNanos(AbstractQueuedSynchronizer.java:2078)
        at org.eclipse.jetty.util.BlockingArrayQueue.poll(BlockingArrayQueue.java:392)
        at org.eclipse.jetty.util.thread.QueuedThreadPool.idleJobPoll(QueuedThreadPool.java:563)
        at org.eclipse.jetty.util.thread.QueuedThreadPool.access$800(QueuedThreadPool.java:48)
        at org.eclipse.jetty.util.thread.QueuedThreadPool$2.run(QueuedThreadPool.java:626)
        at java.lang.Thread.run(Thread.java:748)
"pool-192-thread-1"  prio=5 tid=2083 timed_waiting
java.lang.Thread.State: TIMED_WAITING
        at sun.misc.Unsafe.park(Native Method)
        at java.util.concurrent.locks.LockSupport.parkNanos(LockSupport.java:215)
        at java.util.concurrent.locks.AbstractQueuedSynchronizer$ConditionObject.awaitNanos(AbstractQueuedSynchronizer.java:2078)
        at java.util.concurrent.ScheduledThreadPoolExecutor$DelayedWorkQueue.take(ScheduledThreadPoolExecutor.java:1093)
        at java.util.concurrent.ScheduledThreadPoolExecutor$DelayedWorkQueue.take(ScheduledThreadPoolExecutor.java:809)
        at java.util.concurrent.ThreadPoolExecutor.getTask(ThreadPoolExecutor.java:1074)
        at java.util.concurrent.ThreadPoolExecutor.runWorker(ThreadPoolExecutor.java:1134)
        at java.util.concurrent.ThreadPoolExecutor$Worker.run(ThreadPoolExecutor.java:624)
        at java.lang.Thread.run(Thread.java:748)
"pool-188-thread-50"  prio=5 tid=2537 in Object.wait()
java.lang.Thread.State: WAITING (on object monitor)
        at sun.misc.Unsafe.park(Native Method)
        at java.util.concurrent.locks.LockSupport.park(LockSupport.java:175)
        at java.util.concurrent.locks.AbstractQueuedSynchronizer$ConditionObject.await(AbstractQueuedSynchronizer.java:2039)
        at java.util.concurrent.ArrayBlockingQueue.take(ArrayBlockingQueue.java:403)
        at java.util.concurrent.ThreadPoolExecutor.getTask(ThreadPoolExecutor.java:1074)
        at java.util.concurrent.ThreadPoolExecutor.runWorker(ThreadPoolExecutor.java:1134)
        at java.util.concurrent.ThreadPoolExecutor$Worker.run(ThreadPoolExecutor.java:624)
        at java.lang.Thread.run(Thread.java:748)
"dd0e1198-6ba1-4c32-9ce2-054c25212f92@group-877CB685509D-SegmentedRaftLogWorker"  prio=5 tid=3139 timed_waiting
java.lang.Thread.State: TIMED_WAITING
        at sun.misc.Unsafe.park(Native Method)
        at java.util.concurrent.locks.LockSupport.parkNanos(LockSupport.java:215)
        at java.util.concurrent.locks.AbstractQueuedSynchronizer$ConditionObject.awaitNanos(AbstractQueuedSynchronizer.java:2078)
        at org.apache.ratis.util.DataBlockingQueue.poll(DataBlockingQueue.java:137)
        at org.apache.ratis.server.raftlog.segmented.SegmentedRaftLogWorker.run(SegmentedRaftLogWorker.java:282)
        at java.lang.Thread.run(Thread.java:748)
"pool-218-thread-19"  prio=5 tid=2692 in Object.wait()
java.lang.Thread.State: WAITING (on object monitor)
        at sun.misc.Unsafe.park(Native Method)
        at java.util.concurrent.locks.LockSupport.park(LockSupport.java:175)
        at java.util.concurrent.locks.AbstractQueuedSynchronizer$ConditionObject.await(AbstractQueuedSynchronizer.java:2039)
        at java.util.concurrent.ArrayBlockingQueue.take(ArrayBlockingQueue.java:403)
        at java.util.concurrent.ThreadPoolExecutor.getTask(ThreadPoolExecutor.java:1074)
        at java.util.concurrent.ThreadPoolExecutor.runWorker(ThreadPoolExecutor.java:1134)
        at java.util.concurrent.ThreadPoolExecutor$Worker.run(ThreadPoolExecutor.java:624)
        at java.lang.Thread.run(Thread.java:748)
"pool-238-thread-5"  prio=5 tid=2802 in Object.wait()
java.lang.Thread.State: WAITING (on object monitor)
        at sun.misc.Unsafe.park(Native Method)
        at java.util.concurrent.locks.LockSupport.park(LockSupport.java:175)
        at java.util.concurrent.locks.AbstractQueuedSynchronizer$ConditionObject.await(AbstractQueuedSynchronizer.java:2039)
        at java.util.concurrent.ArrayBlockingQueue.take(ArrayBlockingQueue.java:403)
        at java.util.concurrent.ThreadPoolExecutor.getTask(ThreadPoolExecutor.java:1074)
        at java.util.concurrent.ThreadPoolExecutor.runWorker(ThreadPoolExecutor.java:1134)
        at java.util.concurrent.ThreadPoolExecutor$Worker.run(ThreadPoolExecutor.java:624)
        at java.lang.Thread.run(Thread.java:748)
"BlockDeletingService#0" daemon prio=5 tid=2858 timed_waiting
java.lang.Thread.State: TIMED_WAITING
        at sun.misc.Unsafe.park(Native Method)
        at java.util.concurrent.locks.LockSupport.parkNanos(LockSupport.java:215)
        at java.util.concurrent.locks.AbstractQueuedSynchronizer$ConditionObject.awaitNanos(AbstractQueuedSynchronizer.java:2078)
        at java.util.concurrent.ScheduledThreadPoolExecutor$DelayedWorkQueue.take(ScheduledThreadPoolExecutor.java:1093)
        at java.util.concurrent.ScheduledThreadPoolExecutor$DelayedWorkQueue.take(ScheduledThreadPoolExecutor.java:809)
        at java.util.concurrent.ThreadPoolExecutor.getTask(ThreadPoolExecutor.java:1074)
        at java.util.concurrent.ThreadPoolExecutor.runWorker(ThreadPoolExecutor.java:1134)
        at java.util.concurrent.ThreadPoolExecutor$Worker.run(ThreadPoolExecutor.java:624)
        at java.lang.Thread.run(Thread.java:748)
"pool-148-thread-48"  prio=5 tid=2286 in Object.wait()
java.lang.Thread.State: WAITING (on object monitor)
        at sun.misc.Unsafe.park(Native Method)
        at java.util.concurrent.locks.LockSupport.park(LockSupport.java:175)
        at java.util.concurrent.locks.AbstractQueuedSynchronizer$ConditionObject.await(AbstractQueuedSynchronizer.java:2039)
        at java.util.concurrent.ArrayBlockingQueue.take(ArrayBlockingQueue.java:403)
        at java.util.concurrent.ThreadPoolExecutor.getTask(ThreadPoolExecutor.java:1074)
        at java.util.concurrent.ThreadPoolExecutor.runWorker(ThreadPoolExecutor.java:1134)
        at java.util.concurrent.ThreadPoolExecutor$Worker.run(ThreadPoolExecutor.java:624)
        at java.lang.Thread.run(Thread.java:748)
"pool-148-thread-17"  prio=5 tid=2255 in Object.wait()
java.lang.Thread.State: WAITING (on object monitor)
        at sun.misc.Unsafe.park(Native Method)
        at java.util.concurrent.locks.LockSupport.park(LockSupport.java:175)
        at java.util.concurrent.locks.AbstractQueuedSynchronizer$ConditionObject.await(AbstractQueuedSynchronizer.java:2039)
        at java.util.concurrent.ArrayBlockingQueue.take(ArrayBlockingQueue.java:403)
        at java.util.concurrent.ThreadPoolExecutor.getTask(ThreadPoolExecutor.java:1074)
        at java.util.concurrent.ThreadPoolExecutor.runWorker(ThreadPoolExecutor.java:1134)
        at java.util.concurrent.ThreadPoolExecutor$Worker.run(ThreadPoolExecutor.java:624)
        at java.lang.Thread.run(Thread.java:748)
"pool-158-thread-2"  prio=5 tid=2303 in Object.wait()
java.lang.Thread.State: WAITING (on object monitor)
        at sun.misc.Unsafe.park(Native Method)
        at java.util.concurrent.locks.LockSupport.park(LockSupport.java:175)
        at java.util.concurrent.locks.AbstractQueuedSynchronizer$ConditionObject.await(AbstractQueuedSynchronizer.java:2039)
        at java.util.concurrent.ArrayBlockingQueue.take(ArrayBlockingQueue.java:403)
        at java.util.concurrent.ThreadPoolExecutor.getTask(ThreadPoolExecutor.java:1074)
        at java.util.concurrent.ThreadPoolExecutor.runWorker(ThreadPoolExecutor.java:1134)
        at java.util.concurrent.ThreadPoolExecutor$Worker.run(ThreadPoolExecutor.java:624)
        at java.lang.Thread.run(Thread.java:748)
"BlockDeletingService#0" daemon prio=5 tid=2734 timed_waiting
java.lang.Thread.State: TIMED_WAITING
        at sun.misc.Unsafe.park(Native Method)
        at java.util.concurrent.locks.LockSupport.parkNanos(LockSupport.java:215)
        at java.util.concurrent.locks.AbstractQueuedSynchronizer$ConditionObject.awaitNanos(AbstractQueuedSynchronizer.java:2078)
        at java.util.concurrent.ScheduledThreadPoolExecutor$DelayedWorkQueue.take(ScheduledThreadPoolExecutor.java:1093)
        at java.util.concurrent.ScheduledThreadPoolExecutor$DelayedWorkQueue.take(ScheduledThreadPoolExecutor.java:809)
        at java.util.concurrent.ThreadPoolExecutor.getTask(ThreadPoolExecutor.java:1074)
        at java.util.concurrent.ThreadPoolExecutor.runWorker(ThreadPoolExecutor.java:1134)
        at java.util.concurrent.ThreadPoolExecutor$Worker.run(ThreadPoolExecutor.java:624)
        at java.lang.Thread.run(Thread.java:748)
"pool-148-thread-52"  prio=5 tid=2290 in Object.wait()
java.lang.Thread.State: WAITING (on object monitor)
        at sun.misc.Unsafe.park(Native Method)
        at java.util.concurrent.locks.LockSupport.park(LockSupport.java:175)
        at java.util.concurrent.locks.AbstractQueuedSynchronizer$ConditionObject.await(AbstractQueuedSynchronizer.java:2039)
        at java.util.concurrent.ArrayBlockingQueue.take(ArrayBlockingQueue.java:403)
        at java.util.concurrent.ThreadPoolExecutor.getTask(ThreadPoolExecutor.java:1074)
        at java.util.concurrent.ThreadPoolExecutor.runWorker(ThreadPoolExecutor.java:1134)
        at java.util.concurrent.ThreadPoolExecutor$Worker.run(ThreadPoolExecutor.java:624)
        at java.lang.Thread.run(Thread.java:748)
"IPC Server handler 2 on 42444" daemon prio=5 tid=1894 timed_waiting
java.lang.Thread.State: TIMED_WAITING
        at sun.misc.Unsafe.park(Native Method)
        at java.util.concurrent.locks.LockSupport.parkNanos(LockSupport.java:215)
        at java.util.concurrent.locks.AbstractQueuedSynchronizer$ConditionObject.awaitNanos(AbstractQueuedSynchronizer.java:2078)
        at java.util.concurrent.LinkedBlockingQueue.poll(LinkedBlockingQueue.java:467)
        at org.apache.hadoop.ipc.CallQueueManager.take(CallQueueManager.java:288)
        at org.apache.hadoop.ipc.Server$Handler.run(Server.java:2668)
"Datanode ReportManager Thread - 1" daemon prio=5 tid=361 in Object.wait()
java.lang.Thread.State: WAITING (on object monitor)
        at sun.misc.Unsafe.park(Native Method)
        at java.util.concurrent.locks.LockSupport.park(LockSupport.java:175)
        at java.util.concurrent.locks.AbstractQueuedSynchronizer$ConditionObject.await(AbstractQueuedSynchronizer.java:2039)
        at java.util.concurrent.ScheduledThreadPoolExecutor$DelayedWorkQueue.take(ScheduledThreadPoolExecutor.java:1088)
        at java.util.concurrent.ScheduledThreadPoolExecutor$DelayedWorkQueue.take(ScheduledThreadPoolExecutor.java:809)
        at java.util.concurrent.ThreadPoolExecutor.getTask(ThreadPoolExecutor.java:1074)
        at java.util.concurrent.ThreadPoolExecutor.runWorker(ThreadPoolExecutor.java:1134)
        at java.util.concurrent.ThreadPoolExecutor$Worker.run(ThreadPoolExecutor.java:624)
        at java.lang.Thread.run(Thread.java:748)
"pool-208-thread-22"  prio=5 tid=2633 in Object.wait()
java.lang.Thread.State: WAITING (on object monitor)
        at sun.misc.Unsafe.park(Native Method)
        at java.util.concurrent.locks.LockSupport.park(LockSupport.java:175)
        at java.util.concurrent.locks.AbstractQueuedSynchronizer$ConditionObject.await(AbstractQueuedSynchronizer.java:2039)
        at java.util.concurrent.ArrayBlockingQueue.take(ArrayBlockingQueue.java:403)
        at java.util.concurrent.ThreadPoolExecutor.getTask(ThreadPoolExecutor.java:1074)
        at java.util.concurrent.ThreadPoolExecutor.runWorker(ThreadPoolExecutor.java:1134)
        at java.util.concurrent.ThreadPoolExecutor$Worker.run(ThreadPoolExecutor.java:624)
        at java.lang.Thread.run(Thread.java:748)
"Thread-1353" daemon prio=5 tid=2982 timed_waiting
java.lang.Thread.State: TIMED_WAITING
        at sun.misc.Unsafe.park(Native Method)
        at java.util.concurrent.locks.LockSupport.parkNanos(LockSupport.java:215)
        at java.util.concurrent.locks.AbstractQueuedSynchronizer$ConditionObject.awaitNanos(AbstractQueuedSynchronizer.java:2078)
        at java.util.concurrent.ArrayBlockingQueue.poll(ArrayBlockingQueue.java:418)
        at org.apache.ratis.server.impl.LeaderState$EventQueue.poll(LeaderState.java:115)
        at org.apache.ratis.server.impl.LeaderState$EventProcessor.run(LeaderState.java:467)
"pool-242-thread-1"  prio=5 tid=2218 timed_waiting
java.lang.Thread.State: TIMED_WAITING
        at sun.misc.Unsafe.park(Native Method)
        at java.util.concurrent.locks.LockSupport.parkNanos(LockSupport.java:215)
        at java.util.concurrent.locks.AbstractQueuedSynchronizer$ConditionObject.awaitNanos(AbstractQueuedSynchronizer.java:2078)
        at java.util.concurrent.ScheduledThreadPoolExecutor$DelayedWorkQueue.take(ScheduledThreadPoolExecutor.java:1093)
        at java.util.concurrent.ScheduledThreadPoolExecutor$DelayedWorkQueue.take(ScheduledThreadPoolExecutor.java:809)
        at java.util.concurrent.ThreadPoolExecutor.getTask(ThreadPoolExecutor.java:1074)
        at java.util.concurrent.ThreadPoolExecutor.runWorker(ThreadPoolExecutor.java:1134)
        at java.util.concurrent.ThreadPoolExecutor$Worker.run(ThreadPoolExecutor.java:624)
        at java.lang.Thread.run(Thread.java:748)
"pool-238-thread-8"  prio=5 tid=2805 in Object.wait()
java.lang.Thread.State: WAITING (on object monitor)
        at sun.misc.Unsafe.park(Native Method)
        at java.util.concurrent.locks.LockSupport.park(LockSupport.java:175)
        at java.util.concurrent.locks.AbstractQueuedSynchronizer$ConditionObject.await(AbstractQueuedSynchronizer.java:2039)
        at java.util.concurrent.ArrayBlockingQueue.take(ArrayBlockingQueue.java:403)
        at java.util.concurrent.ThreadPoolExecutor.getTask(ThreadPoolExecutor.java:1074)
        at java.util.concurrent.ThreadPoolExecutor.runWorker(ThreadPoolExecutor.java:1134)
        at java.util.concurrent.ThreadPoolExecutor$Worker.run(ThreadPoolExecutor.java:624)
        at java.lang.Thread.run(Thread.java:748)
"pool-238-thread-27"  prio=5 tid=2824 in Object.wait()
java.lang.Thread.State: WAITING (on object monitor)
        at sun.misc.Unsafe.park(Native Method)
        at java.util.concurrent.locks.LockSupport.park(LockSupport.java:175)
        at java.util.concurrent.locks.AbstractQueuedSynchronizer$ConditionObject.await(AbstractQueuedSynchronizer.java:2039)
        at java.util.concurrent.ArrayBlockingQueue.take(ArrayBlockingQueue.java:403)
        at java.util.concurrent.ThreadPoolExecutor.getTask(ThreadPoolExecutor.java:1074)
        at java.util.concurrent.ThreadPoolExecutor.runWorker(ThreadPoolExecutor.java:1134)
        at java.util.concurrent.ThreadPoolExecutor$Worker.run(ThreadPoolExecutor.java:624)
        at java.lang.Thread.run(Thread.java:748)
"PartialTableCache Cleanup Thread - 0" daemon prio=5 tid=3034 in Object.wait()
java.lang.Thread.State: WAITING (on object monitor)
        at sun.misc.Unsafe.park(Native Method)
        at java.util.concurrent.locks.LockSupport.park(LockSupport.java:175)
        at java.util.concurrent.locks.AbstractQueuedSynchronizer$ConditionObject.await(AbstractQueuedSynchronizer.java:2039)
        at java.util.concurrent.LinkedBlockingQueue.take(LinkedBlockingQueue.java:442)
        at java.util.concurrent.ThreadPoolExecutor.getTask(ThreadPoolExecutor.java:1074)
        at java.util.concurrent.ThreadPoolExecutor.runWorker(ThreadPoolExecutor.java:1134)
        at java.util.concurrent.ThreadPoolExecutor$Worker.run(ThreadPoolExecutor.java:624)
        at java.lang.Thread.run(Thread.java:748)
"Finalizer" daemon prio=8 tid=3 in Object.wait()
java.lang.Thread.State: WAITING (on object monitor)
        at java.lang.Object.wait(Native Method)
        at java.lang.ref.ReferenceQueue.remove(ReferenceQueue.java:144)
        at java.lang.ref.ReferenceQueue.remove(ReferenceQueue.java:165)
        at java.lang.ref.Finalizer$FinalizerThread.run(Finalizer.java:216)
"Thread-1547" daemon prio=5 tid=3206 timed_waiting
java.lang.Thread.State: TIMED_WAITING
        at sun.misc.Unsafe.park(Native Method)
        at java.util.concurrent.locks.LockSupport.parkNanos(LockSupport.java:215)
        at java.util.concurrent.locks.AbstractQueuedSynchronizer$ConditionObject.awaitNanos(AbstractQueuedSynchronizer.java:2078)
        at java.util.concurrent.ArrayBlockingQueue.poll(ArrayBlockingQueue.java:418)
        at org.apache.ratis.server.impl.LeaderState$EventQueue.poll(LeaderState.java:115)
        at org.apache.ratis.server.impl.LeaderState$EventProcessor.run(LeaderState.java:467)
"qtp95553286-1963" daemon prio=5 tid=1963 timed_waiting
java.lang.Thread.State: TIMED_WAITING
        at sun.misc.Unsafe.park(Native Method)
        at java.util.concurrent.locks.LockSupport.parkNanos(LockSupport.java:215)
        at java.util.concurrent.locks.AbstractQueuedSynchronizer$ConditionObject.awaitNanos(AbstractQueuedSynchronizer.java:2078)
        at org.eclipse.jetty.util.BlockingArrayQueue.poll(BlockingArrayQueue.java:392)
        at org.eclipse.jetty.util.thread.QueuedThreadPool.idleJobPoll(QueuedThreadPool.java:563)
        at org.eclipse.jetty.util.thread.QueuedThreadPool.access$800(QueuedThreadPool.java:48)
        at org.eclipse.jetty.util.thread.QueuedThreadPool$2.run(QueuedThreadPool.java:626)
        at java.lang.Thread.run(Thread.java:748)
"IPC Server handler 3 on 35974" daemon prio=5 tid=1855 timed_waiting
java.lang.Thread.State: TIMED_WAITING
        at sun.misc.Unsafe.park(Native Method)
        at java.util.concurrent.locks.LockSupport.parkNanos(LockSupport.java:215)
        at java.util.concurrent.locks.AbstractQueuedSynchronizer$ConditionObject.awaitNanos(AbstractQueuedSynchronizer.java:2078)
        at java.util.concurrent.LinkedBlockingQueue.poll(LinkedBlockingQueue.java:467)
        at org.apache.hadoop.ipc.CallQueueManager.take(CallQueueManager.java:288)
        at org.apache.hadoop.ipc.Server$Handler.run(Server.java:2668)
"EventQueue-NodeRegistrationContainerReportForDataNodeSafeModeRule" daemon prio=5 tid=2864 in Object.wait()
java.lang.Thread.State: WAITING (on object monitor)
        at sun.misc.Unsafe.park(Native Method)
        at java.util.concurrent.locks.LockSupport.park(LockSupport.java:175)
        at java.util.concurrent.locks.AbstractQueuedSynchronizer$ConditionObject.await(AbstractQueuedSynchronizer.java:2039)
        at java.util.concurrent.LinkedBlockingQueue.take(LinkedBlockingQueue.java:442)
        at java.util.concurrent.ThreadPoolExecutor.getTask(ThreadPoolExecutor.java:1074)
        at java.util.concurrent.ThreadPoolExecutor.runWorker(ThreadPoolExecutor.java:1134)
        at java.util.concurrent.ThreadPoolExecutor$Worker.run(ThreadPoolExecutor.java:624)
        at java.lang.Thread.run(Thread.java:748)
"IPC Server handler 11 on 43737" daemon prio=5 tid=1883 timed_waiting
java.lang.Thread.State: TIMED_WAITING
        at sun.misc.Unsafe.park(Native Method)
        at java.util.concurrent.locks.LockSupport.parkNanos(LockSupport.java:215)
        at java.util.concurrent.locks.AbstractQueuedSynchronizer$ConditionObject.awaitNanos(AbstractQueuedSynchronizer.java:2078)
        at java.util.concurrent.LinkedBlockingQueue.poll(LinkedBlockingQueue.java:467)
        at org.apache.hadoop.ipc.CallQueueManager.take(CallQueueManager.java:288)
        at org.apache.hadoop.ipc.Server$Handler.run(Server.java:2668)
"pool-178-thread-46"  prio=5 tid=2471 in Object.wait()
java.lang.Thread.State: WAITING (on object monitor)
        at sun.misc.Unsafe.park(Native Method)
        at java.util.concurrent.locks.LockSupport.park(LockSupport.java:175)
        at java.util.concurrent.locks.AbstractQueuedSynchronizer$ConditionObject.await(AbstractQueuedSynchronizer.java:2039)
        at java.util.concurrent.ArrayBlockingQueue.take(ArrayBlockingQueue.java:403)
        at java.util.concurrent.ThreadPoolExecutor.getTask(ThreadPoolExecutor.java:1074)
        at java.util.concurrent.ThreadPoolExecutor.runWorker(ThreadPoolExecutor.java:1134)
        at java.util.concurrent.ThreadPoolExecutor$Worker.run(ThreadPoolExecutor.java:624)
        at java.lang.Thread.run(Thread.java:748)
"pool-158-thread-6"  prio=5 tid=2307 in Object.wait()
java.lang.Thread.State: WAITING (on object monitor)
        at sun.misc.Unsafe.park(Native Method)
        at java.util.concurrent.locks.LockSupport.park(LockSupport.java:175)
        at java.util.concurrent.locks.AbstractQueuedSynchronizer$ConditionObject.await(AbstractQueuedSynchronizer.java:2039)
        at java.util.concurrent.ArrayBlockingQueue.take(ArrayBlockingQueue.java:403)
        at java.util.concurrent.ThreadPoolExecutor.getTask(ThreadPoolExecutor.java:1074)
        at java.util.concurrent.ThreadPoolExecutor.runWorker(ThreadPoolExecutor.java:1134)
        at java.util.concurrent.ThreadPoolExecutor$Worker.run(ThreadPoolExecutor.java:624)
        at java.lang.Thread.run(Thread.java:748)
"pool-198-thread-5"  prio=5 tid=2554 in Object.wait()
java.lang.Thread.State: WAITING (on object monitor)
        at sun.misc.Unsafe.park(Native Method)
        at java.util.concurrent.locks.LockSupport.park(LockSupport.java:175)
        at java.util.concurrent.locks.AbstractQueuedSynchronizer$ConditionObject.await(AbstractQueuedSynchronizer.java:2039)
        at java.util.concurrent.ArrayBlockingQueue.take(ArrayBlockingQueue.java:403)
        at java.util.concurrent.ThreadPoolExecutor.getTask(ThreadPoolExecutor.java:1074)
        at java.util.concurrent.ThreadPoolExecutor.runWorker(ThreadPoolExecutor.java:1134)
        at java.util.concurrent.ThreadPoolExecutor$Worker.run(ThreadPoolExecutor.java:624)
        at java.lang.Thread.run(Thread.java:748)
"pool-149-thread-1"  prio=5 tid=2869 in Object.wait()
java.lang.Thread.State: WAITING (on object monitor)
        at sun.misc.Unsafe.park(Native Method)
        at java.util.concurrent.locks.LockSupport.park(LockSupport.java:175)
        at java.util.concurrent.locks.AbstractQueuedSynchronizer$ConditionObject.await(AbstractQueuedSynchronizer.java:2039)
        at java.util.concurrent.LinkedBlockingQueue.take(LinkedBlockingQueue.java:442)
        at java.util.concurrent.ThreadPoolExecutor.getTask(ThreadPoolExecutor.java:1074)
        at java.util.concurrent.ThreadPoolExecutor.runWorker(ThreadPoolExecutor.java:1134)
        at java.util.concurrent.ThreadPoolExecutor$Worker.run(ThreadPoolExecutor.java:624)
        at java.lang.Thread.run(Thread.java:748)
"pool-198-thread-58"  prio=5 tid=2607 in Object.wait()
java.lang.Thread.State: WAITING (on object monitor)
        at sun.misc.Unsafe.park(Native Method)
        at java.util.concurrent.locks.LockSupport.park(LockSupport.java:175)
        at java.util.concurrent.locks.AbstractQueuedSynchronizer$ConditionObject.await(AbstractQueuedSynchronizer.java:2039)
        at java.util.concurrent.ArrayBlockingQueue.take(ArrayBlockingQueue.java:403)
        at java.util.concurrent.ThreadPoolExecutor.getTask(ThreadPoolExecutor.java:1074)
        at java.util.concurrent.ThreadPoolExecutor.runWorker(ThreadPoolExecutor.java:1134)
        at java.util.concurrent.ThreadPoolExecutor$Worker.run(ThreadPoolExecutor.java:624)
        at java.lang.Thread.run(Thread.java:748)
"DataNode DiskChecker thread 0" daemon prio=5 tid=2134 timed_waiting
java.lang.Thread.State: TIMED_WAITING
        at sun.misc.Unsafe.park(Native Method)
        at java.util.concurrent.locks.LockSupport.parkNanos(LockSupport.java:215)
        at java.util.concurrent.SynchronousQueue$TransferStack.awaitFulfill(SynchronousQueue.java:460)
        at java.util.concurrent.SynchronousQueue$TransferStack.transfer(SynchronousQueue.java:362)
        at java.util.concurrent.SynchronousQueue.poll(SynchronousQueue.java:941)
        at java.util.concurrent.ThreadPoolExecutor.getTask(ThreadPoolExecutor.java:1073)
        at java.util.concurrent.ThreadPoolExecutor.runWorker(ThreadPoolExecutor.java:1134)
        at java.util.concurrent.ThreadPoolExecutor$Worker.run(ThreadPoolExecutor.java:624)
        at java.lang.Thread.run(Thread.java:748)
"BlockDeletingService#0" daemon prio=5 tid=2486 timed_waiting
java.lang.Thread.State: TIMED_WAITING
        at sun.misc.Unsafe.park(Native Method)
        at java.util.concurrent.locks.LockSupport.parkNanos(LockSupport.java:215)
        at java.util.concurrent.locks.AbstractQueuedSynchronizer$ConditionObject.awaitNanos(AbstractQueuedSynchronizer.java:2078)
        at java.util.concurrent.ScheduledThreadPoolExecutor$DelayedWorkQueue.take(ScheduledThreadPoolExecutor.java:1093)
        at java.util.concurrent.ScheduledThreadPoolExecutor$DelayedWorkQueue.take(ScheduledThreadPoolExecutor.java:809)
        at java.util.concurrent.ThreadPoolExecutor.getTask(ThreadPoolExecutor.java:1074)
        at java.util.concurrent.ThreadPoolExecutor.runWorker(ThreadPoolExecutor.java:1134)
        at java.util.concurrent.ThreadPoolExecutor$Worker.run(ThreadPoolExecutor.java:624)
        at java.lang.Thread.run(Thread.java:748)
"Datanode ReportManager Thread - 1" daemon prio=5 tid=2016 in Object.wait()
java.lang.Thread.State: WAITING (on object monitor)
        at sun.misc.Unsafe.park(Native Method)
        at java.util.concurrent.locks.LockSupport.park(LockSupport.java:175)
        at java.util.concurrent.locks.AbstractQueuedSynchronizer$ConditionObject.await(AbstractQueuedSynchronizer.java:2039)
        at java.util.concurrent.ScheduledThreadPoolExecutor$DelayedWorkQueue.take(ScheduledThreadPoolExecutor.java:1088)
        at java.util.concurrent.ScheduledThreadPoolExecutor$DelayedWorkQueue.take(ScheduledThreadPoolExecutor.java:809)
        at java.util.concurrent.ThreadPoolExecutor.getTask(ThreadPoolExecutor.java:1074)
        at java.util.concurrent.ThreadPoolExecutor.runWorker(ThreadPoolExecutor.java:1134)
        at java.util.concurrent.ThreadPoolExecutor$Worker.run(ThreadPoolExecutor.java:624)
        at java.lang.Thread.run(Thread.java:748)
"pool-238-thread-52"  prio=5 tid=2849 in Object.wait()
java.lang.Thread.State: WAITING (on object monitor)
        at sun.misc.Unsafe.park(Native Method)
        at java.util.concurrent.locks.LockSupport.park(LockSupport.java:175)
        at java.util.concurrent.locks.AbstractQueuedSynchronizer$ConditionObject.await(AbstractQueuedSynchronizer.java:2039)
        at java.util.concurrent.ArrayBlockingQueue.take(ArrayBlockingQueue.java:403)
        at java.util.concurrent.ThreadPoolExecutor.getTask(ThreadPoolExecutor.java:1074)
        at java.util.concurrent.ThreadPoolExecutor.runWorker(ThreadPoolExecutor.java:1134)
        at java.util.concurrent.ThreadPoolExecutor$Worker.run(ThreadPoolExecutor.java:624)
        at java.lang.Thread.run(Thread.java:748)
"pool-238-thread-25"  prio=5 tid=2822 in Object.wait()
java.lang.Thread.State: WAITING (on object monitor)
        at sun.misc.Unsafe.park(Native Method)
        at java.util.concurrent.locks.LockSupport.park(LockSupport.java:175)
        at java.util.concurrent.locks.AbstractQueuedSynchronizer$ConditionObject.await(AbstractQueuedSynchronizer.java:2039)
        at java.util.concurrent.ArrayBlockingQueue.take(ArrayBlockingQueue.java:403)
        at java.util.concurrent.ThreadPoolExecutor.getTask(ThreadPoolExecutor.java:1074)
        at java.util.concurrent.ThreadPoolExecutor.runWorker(ThreadPoolExecutor.java:1134)
        at java.util.concurrent.ThreadPoolExecutor$Worker.run(ThreadPoolExecutor.java:624)
        at java.lang.Thread.run(Thread.java:748)
"org.apache.ratis.server.impl.LogAppender$AppenderDaemon$$Lambda$463/184788748@2f452446" daemon prio=5 tid=3195 timed_waiting
java.lang.Thread.State: TIMED_WAITING
        at java.lang.Object.wait(Native Method)
        at org.apache.ratis.grpc.server.GrpcLogAppender.mayWait(GrpcLogAppender.java:149)
        at org.apache.ratis.grpc.server.GrpcLogAppender.runAppenderImpl(GrpcLogAppender.java:103)
        at org.apache.ratis.server.impl.LogAppender$AppenderDaemon.run(LogAppender.java:76)
        at org.apache.ratis.server.impl.LogAppender$AppenderDaemon$$Lambda$463/184788748.run(Unknown Source)
        at java.lang.Thread.run(Thread.java:748)
"EventQueue-CloseContainerForCloseContainerEventHandler"  prio=5 tid=3077 in Object.wait()
java.lang.Thread.State: WAITING (on object monitor)
        at sun.misc.Unsafe.park(Native Method)
        at java.util.concurrent.locks.LockSupport.park(LockSupport.java:175)
        at java.util.concurrent.locks.AbstractQueuedSynchronizer$ConditionObject.await(AbstractQueuedSynchronizer.java:2039)
        at java.util.concurrent.LinkedBlockingQueue.take(LinkedBlockingQueue.java:442)
        at java.util.concurrent.ThreadPoolExecutor.getTask(ThreadPoolExecutor.java:1074)
        at java.util.concurrent.ThreadPoolExecutor.runWorker(ThreadPoolExecutor.java:1134)
        at java.util.concurrent.ThreadPoolExecutor$Worker.run(ThreadPoolExecutor.java:624)
        at java.lang.Thread.run(Thread.java:748)
"pool-208-thread-15"  prio=5 tid=2626 in Object.wait()
java.lang.Thread.State: WAITING (on object monitor)
        at sun.misc.Unsafe.park(Native Method)
        at java.util.concurrent.locks.LockSupport.park(LockSupport.java:175)
        at java.util.concurrent.locks.AbstractQueuedSynchronizer$ConditionObject.await(AbstractQueuedSynchronizer.java:2039)
        at java.util.concurrent.ArrayBlockingQueue.take(ArrayBlockingQueue.java:403)
        at java.util.concurrent.ThreadPoolExecutor.getTask(ThreadPoolExecutor.java:1074)
        at java.util.concurrent.ThreadPoolExecutor.runWorker(ThreadPoolExecutor.java:1134)
        at java.util.concurrent.ThreadPoolExecutor$Worker.run(ThreadPoolExecutor.java:624)
        at java.lang.Thread.run(Thread.java:748)
"qtp141388791-2220-acceptor-0@20f1802f-ServerConnector@718f805a{HTTP/1.1,[http/1.1]}{0.0.0.0:43453}" daemon prio=3 tid=2220 runnable
java.lang.Thread.State: RUNNABLE
        at sun.nio.ch.ServerSocketChannelImpl.accept0(Native Method)
        at sun.nio.ch.ServerSocketChannelImpl.accept(ServerSocketChannelImpl.java:422)
        at sun.nio.ch.ServerSocketChannelImpl.accept(ServerSocketChannelImpl.java:250)
        at org.eclipse.jetty.server.ServerConnector.accept(ServerConnector.java:397)
        at org.eclipse.jetty.server.AbstractConnector$Acceptor.run(AbstractConnector.java:601)
        at org.eclipse.jetty.util.thread.QueuedThreadPool.runJob(QueuedThreadPool.java:671)
        at org.eclipse.jetty.util.thread.QueuedThreadPool$2.run(QueuedThreadPool.java:589)
        at java.lang.Thread.run(Thread.java:748)
"BlockDeletingService#1" daemon prio=5 tid=2425 in Object.wait()
java.lang.Thread.State: WAITING (on object monitor)
        at sun.misc.Unsafe.park(Native Method)
        at java.util.concurrent.locks.LockSupport.park(LockSupport.java:175)
        at java.util.concurrent.locks.AbstractQueuedSynchronizer$ConditionObject.await(AbstractQueuedSynchronizer.java:2039)
        at java.util.concurrent.ScheduledThreadPoolExecutor$DelayedWorkQueue.take(ScheduledThreadPoolExecutor.java:1088)
        at java.util.concurrent.ScheduledThreadPoolExecutor$DelayedWorkQueue.take(ScheduledThreadPoolExecutor.java:809)
        at java.util.concurrent.ThreadPoolExecutor.getTask(ThreadPoolExecutor.java:1074)
        at java.util.concurrent.ThreadPoolExecutor.runWorker(ThreadPoolExecutor.java:1134)
        at java.util.concurrent.ThreadPoolExecutor$Worker.run(ThreadPoolExecutor.java:624)
        at java.lang.Thread.run(Thread.java:748)
"Datanode State Machine Thread - 0" daemon prio=5 tid=2041 timed_waiting
java.lang.Thread.State: TIMED_WAITING
        at java.lang.Thread.sleep(Native Method)
        at org.apache.hadoop.ozone.container.common.statemachine.DatanodeStateMachine.start(DatanodeStateMachine.java:191)
        at org.apache.hadoop.ozone.container.common.statemachine.DatanodeStateMachine.lambda$startDaemon$0(DatanodeStateMachine.java:349)
        at org.apache.hadoop.ozone.container.common.statemachine.DatanodeStateMachine$$Lambda$141/1594065480.run(Unknown Source)
        at java.lang.Thread.run(Thread.java:748)
"pool-218-thread-10"  prio=5 tid=2683 in Object.wait()
java.lang.Thread.State: WAITING (on object monitor)
        at sun.misc.Unsafe.park(Native Method)
        at java.util.concurrent.locks.LockSupport.park(LockSupport.java:175)
        at java.util.concurrent.locks.AbstractQueuedSynchronizer$ConditionObject.await(AbstractQueuedSynchronizer.java:2039)
        at java.util.concurrent.ArrayBlockingQueue.take(ArrayBlockingQueue.java:403)
        at java.util.concurrent.ThreadPoolExecutor.getTask(ThreadPoolExecutor.java:1074)
        at java.util.concurrent.ThreadPoolExecutor.runWorker(ThreadPoolExecutor.java:1134)
        at java.util.concurrent.ThreadPoolExecutor$Worker.run(ThreadPoolExecutor.java:624)
        at java.lang.Thread.run(Thread.java:748)
"pool-218-thread-50"  prio=5 tid=2723 in Object.wait()
java.lang.Thread.State: WAITING (on object monitor)
        at sun.misc.Unsafe.park(Native Method)
        at java.util.concurrent.locks.LockSupport.park(LockSupport.java:175)
        at java.util.concurrent.locks.AbstractQueuedSynchronizer$ConditionObject.await(AbstractQueuedSynchronizer.java:2039)
        at java.util.concurrent.ArrayBlockingQueue.take(ArrayBlockingQueue.java:403)
        at java.util.concurrent.ThreadPoolExecutor.getTask(ThreadPoolExecutor.java:1074)
        at java.util.concurrent.ThreadPoolExecutor.runWorker(ThreadPoolExecutor.java:1134)
        at java.util.concurrent.ThreadPoolExecutor$Worker.run(ThreadPoolExecutor.java:624)
        at java.lang.Thread.run(Thread.java:748)
"pool-179-thread-1"  prio=5 tid=2899 in Object.wait()
java.lang.Thread.State: WAITING (on object monitor)
        at sun.misc.Unsafe.park(Native Method)
        at java.util.concurrent.locks.LockSupport.park(LockSupport.java:175)
        at java.util.concurrent.locks.AbstractQueuedSynchronizer$ConditionObject.await(AbstractQueuedSynchronizer.java:2039)
        at java.util.concurrent.LinkedBlockingQueue.take(LinkedBlockingQueue.java:442)
        at java.util.concurrent.ThreadPoolExecutor.getTask(ThreadPoolExecutor.java:1074)
        at java.util.concurrent.ThreadPoolExecutor.runWorker(ThreadPoolExecutor.java:1134)
        at java.util.concurrent.ThreadPoolExecutor$Worker.run(ThreadPoolExecutor.java:624)
        at java.lang.Thread.run(Thread.java:748)
"pool-188-thread-2"  prio=5 tid=2489 in Object.wait()
java.lang.Thread.State: WAITING (on object monitor)
        at sun.misc.Unsafe.park(Native Method)
        at java.util.concurrent.locks.LockSupport.park(LockSupport.java:175)
        at java.util.concurrent.locks.AbstractQueuedSynchronizer$ConditionObject.await(AbstractQueuedSynchronizer.java:2039)
        at java.util.concurrent.ArrayBlockingQueue.take(ArrayBlockingQueue.java:403)
        at java.util.concurrent.ThreadPoolExecutor.getTask(ThreadPoolExecutor.java:1074)
        at java.util.concurrent.ThreadPoolExecutor.runWorker(ThreadPoolExecutor.java:1134)
        at java.util.concurrent.ThreadPoolExecutor$Worker.run(ThreadPoolExecutor.java:624)
        at java.lang.Thread.run(Thread.java:748)
"IPC Server handler 2 on 45554" daemon prio=5 tid=1936 timed_waiting
java.lang.Thread.State: TIMED_WAITING
        at sun.misc.Unsafe.park(Native Method)
        at java.util.concurrent.locks.LockSupport.parkNanos(LockSupport.java:215)
        at java.util.concurrent.locks.AbstractQueuedSynchronizer$ConditionObject.awaitNanos(AbstractQueuedSynchronizer.java:2078)
        at java.util.concurrent.LinkedBlockingQueue.poll(LinkedBlockingQueue.java:467)
        at org.apache.hadoop.ipc.CallQueueManager.take(CallQueueManager.java:288)
        at org.apache.hadoop.ipc.Server$Handler.run(Server.java:2668)
"pool-229-thread-1"  prio=5 tid=2931 in Object.wait()
java.lang.Thread.State: WAITING (on object monitor)
        at sun.misc.Unsafe.park(Native Method)
        at java.util.concurrent.locks.LockSupport.park(LockSupport.java:175)
        at java.util.concurrent.locks.AbstractQueuedSynchronizer$ConditionObject.await(AbstractQueuedSynchronizer.java:2039)
        at java.util.concurrent.LinkedBlockingQueue.take(LinkedBlockingQueue.java:442)
        at java.util.concurrent.ThreadPoolExecutor.getTask(ThreadPoolExecutor.java:1074)
        at java.util.concurrent.ThreadPoolExecutor.runWorker(ThreadPoolExecutor.java:1134)
        at java.util.concurrent.ThreadPoolExecutor$Worker.run(ThreadPoolExecutor.java:624)
        at java.lang.Thread.run(Thread.java:748)
"pool-178-thread-34"  prio=5 tid=2459 in Object.wait()
java.lang.Thread.State: WAITING (on object monitor)
        at sun.misc.Unsafe.park(Native Method)
        at java.util.concurrent.locks.LockSupport.park(LockSupport.java:175)
        at java.util.concurrent.locks.AbstractQueuedSynchronizer$ConditionObject.await(AbstractQueuedSynchronizer.java:2039)
        at java.util.concurrent.ArrayBlockingQueue.take(ArrayBlockingQueue.java:403)
        at java.util.concurrent.ThreadPoolExecutor.getTask(ThreadPoolExecutor.java:1074)
        at java.util.concurrent.ThreadPoolExecutor.runWorker(ThreadPoolExecutor.java:1134)
        at java.util.concurrent.ThreadPoolExecutor$Worker.run(ThreadPoolExecutor.java:624)
        at java.lang.Thread.run(Thread.java:748)
"pool-228-thread-37"  prio=5 tid=2772 in Object.wait()
java.lang.Thread.State: WAITING (on object monitor)
        at sun.misc.Unsafe.park(Native Method)
        at java.util.concurrent.locks.LockSupport.park(LockSupport.java:175)
        at java.util.concurrent.locks.AbstractQueuedSynchronizer$ConditionObject.await(AbstractQueuedSynchronizer.java:2039)
        at java.util.concurrent.ArrayBlockingQueue.take(ArrayBlockingQueue.java:403)
        at java.util.concurrent.ThreadPoolExecutor.getTask(ThreadPoolExecutor.java:1074)
        at java.util.concurrent.ThreadPoolExecutor.runWorker(ThreadPoolExecutor.java:1134)
        at java.util.concurrent.ThreadPoolExecutor$Worker.run(ThreadPoolExecutor.java:624)
        at java.lang.Thread.run(Thread.java:748)
"pool-198-thread-36"  prio=5 tid=2585 in Object.wait()
java.lang.Thread.State: WAITING (on object monitor)
        at sun.misc.Unsafe.park(Native Method)
        at java.util.concurrent.locks.LockSupport.park(LockSupport.java:175)
        at java.util.concurrent.locks.AbstractQueuedSynchronizer$ConditionObject.await(AbstractQueuedSynchronizer.java:2039)
        at java.util.concurrent.ArrayBlockingQueue.take(ArrayBlockingQueue.java:403)
        at java.util.concurrent.ThreadPoolExecutor.getTask(ThreadPoolExecutor.java:1074)
        at java.util.concurrent.ThreadPoolExecutor.runWorker(ThreadPoolExecutor.java:1134)
        at java.util.concurrent.ThreadPoolExecutor$Worker.run(ThreadPoolExecutor.java:624)
        at java.lang.Thread.run(Thread.java:748)
"Datanode State Machine Thread - 0" daemon prio=5 tid=2176 timed_waiting
java.lang.Thread.State: TIMED_WAITING
        at java.lang.Thread.sleep(Native Method)
        at org.apache.hadoop.ozone.container.common.statemachine.DatanodeStateMachine.start(DatanodeStateMachine.java:191)
        at org.apache.hadoop.ozone.container.common.statemachine.DatanodeStateMachine.lambda$startDaemon$0(DatanodeStateMachine.java:349)
        at org.apache.hadoop.ozone.container.common.statemachine.DatanodeStateMachine$$Lambda$141/1594065480.run(Unknown Source)
        at java.lang.Thread.run(Thread.java:748)
"IPC Server handler 6 on 43737" daemon prio=5 tid=1878 timed_waiting
java.lang.Thread.State: TIMED_WAITING
        at sun.misc.Unsafe.park(Native Method)
        at java.util.concurrent.locks.LockSupport.parkNanos(LockSupport.java:215)
        at java.util.concurrent.locks.AbstractQueuedSynchronizer$ConditionObject.awaitNanos(AbstractQueuedSynchronizer.java:2078)
        at java.util.concurrent.LinkedBlockingQueue.poll(LinkedBlockingQueue.java:467)
        at org.apache.hadoop.ipc.CallQueueManager.take(CallQueueManager.java:288)
        at org.apache.hadoop.ipc.Server$Handler.run(Server.java:2668)
"pool-158-thread-45"  prio=5 tid=2346 in Object.wait()
java.lang.Thread.State: WAITING (on object monitor)
        at sun.misc.Unsafe.park(Native Method)
        at java.util.concurrent.locks.LockSupport.park(LockSupport.java:175)
        at java.util.concurrent.locks.AbstractQueuedSynchronizer$ConditionObject.await(AbstractQueuedSynchronizer.java:2039)
        at java.util.concurrent.ArrayBlockingQueue.take(ArrayBlockingQueue.java:403)
        at java.util.concurrent.ThreadPoolExecutor.getTask(ThreadPoolExecutor.java:1074)
        at java.util.concurrent.ThreadPoolExecutor.runWorker(ThreadPoolExecutor.java:1134)
        at java.util.concurrent.ThreadPoolExecutor$Worker.run(ThreadPoolExecutor.java:624)
        at java.lang.Thread.run(Thread.java:748)
"Datanode ReportManager Thread - 3" daemon prio=5 tid=2153 in Object.wait()
java.lang.Thread.State: WAITING (on object monitor)
        at sun.misc.Unsafe.park(Native Method)
        at java.util.concurrent.locks.LockSupport.park(LockSupport.java:175)
        at java.util.concurrent.locks.AbstractQueuedSynchronizer$ConditionObject.await(AbstractQueuedSynchronizer.java:2039)
        at java.util.concurrent.ScheduledThreadPoolExecutor$DelayedWorkQueue.take(ScheduledThreadPoolExecutor.java:1088)
        at java.util.concurrent.ScheduledThreadPoolExecutor$DelayedWorkQueue.take(ScheduledThreadPoolExecutor.java:809)
        at java.util.concurrent.ThreadPoolExecutor.getTask(ThreadPoolExecutor.java:1074)
        at java.util.concurrent.ThreadPoolExecutor.runWorker(ThreadPoolExecutor.java:1134)
        at java.util.concurrent.ThreadPoolExecutor$Worker.run(ThreadPoolExecutor.java:624)
        at java.lang.Thread.run(Thread.java:748)
"pool-148-thread-8"  prio=5 tid=2246 in Object.wait()
java.lang.Thread.State: WAITING (on object monitor)
        at sun.misc.Unsafe.park(Native Method)
        at java.util.concurrent.locks.LockSupport.park(LockSupport.java:175)
        at java.util.concurrent.locks.AbstractQueuedSynchronizer$ConditionObject.await(AbstractQueuedSynchronizer.java:2039)
        at java.util.concurrent.ArrayBlockingQueue.take(ArrayBlockingQueue.java:403)
        at java.util.concurrent.ThreadPoolExecutor.getTask(ThreadPoolExecutor.java:1074)
        at java.util.concurrent.ThreadPoolExecutor.runWorker(ThreadPoolExecutor.java:1134)
        at java.util.concurrent.ThreadPoolExecutor$Worker.run(ThreadPoolExecutor.java:624)
        at java.lang.Thread.run(Thread.java:748)
"pool-168-thread-32"  prio=5 tid=2395 in Object.wait()
java.lang.Thread.State: WAITING (on object monitor)
        at sun.misc.Unsafe.park(Native Method)
        at java.util.concurrent.locks.LockSupport.park(LockSupport.java:175)
        at java.util.concurrent.locks.AbstractQueuedSynchronizer$ConditionObject.await(AbstractQueuedSynchronizer.java:2039)
        at java.util.concurrent.ArrayBlockingQueue.take(ArrayBlockingQueue.java:403)
        at java.util.concurrent.ThreadPoolExecutor.getTask(ThreadPoolExecutor.java:1074)
        at java.util.concurrent.ThreadPoolExecutor.runWorker(ThreadPoolExecutor.java:1134)
        at java.util.concurrent.ThreadPoolExecutor$Worker.run(ThreadPoolExecutor.java:624)
        at java.lang.Thread.run(Thread.java:748)
"pool-148-thread-27"  prio=5 tid=2265 in Object.wait()
java.lang.Thread.State: WAITING (on object monitor)
        at sun.misc.Unsafe.park(Native Method)
        at java.util.concurrent.locks.LockSupport.park(LockSupport.java:175)
        at java.util.concurrent.locks.AbstractQueuedSynchronizer$ConditionObject.await(AbstractQueuedSynchronizer.java:2039)
        at java.util.concurrent.ArrayBlockingQueue.take(ArrayBlockingQueue.java:403)
        at java.util.concurrent.ThreadPoolExecutor.getTask(ThreadPoolExecutor.java:1074)
        at java.util.concurrent.ThreadPoolExecutor.runWorker(ThreadPoolExecutor.java:1134)
        at java.util.concurrent.ThreadPoolExecutor$Worker.run(ThreadPoolExecutor.java:624)
        at java.lang.Thread.run(Thread.java:748)
"pool-178-thread-22"  prio=5 tid=2447 in Object.wait()
java.lang.Thread.State: WAITING (on object monitor)
        at sun.misc.Unsafe.park(Native Method)
        at java.util.concurrent.locks.LockSupport.park(LockSupport.java:175)
        at java.util.concurrent.locks.AbstractQueuedSynchronizer$ConditionObject.await(AbstractQueuedSynchronizer.java:2039)
        at java.util.concurrent.ArrayBlockingQueue.take(ArrayBlockingQueue.java:403)
        at java.util.concurrent.ThreadPoolExecutor.getTask(ThreadPoolExecutor.java:1074)
        at java.util.concurrent.ThreadPoolExecutor.runWorker(ThreadPoolExecutor.java:1134)
        at java.util.concurrent.ThreadPoolExecutor$Worker.run(ThreadPoolExecutor.java:624)
        at java.lang.Thread.run(Thread.java:748)
"DataNode DiskChecker thread 0" daemon prio=5 tid=1999 timed_waiting
java.lang.Thread.State: TIMED_WAITING
        at sun.misc.Unsafe.park(Native Method)
        at java.util.concurrent.locks.LockSupport.parkNanos(LockSupport.java:215)
        at java.util.concurrent.SynchronousQueue$TransferStack.awaitFulfill(SynchronousQueue.java:460)
        at java.util.concurrent.SynchronousQueue$TransferStack.transfer(SynchronousQueue.java:362)
        at java.util.concurrent.SynchronousQueue.poll(SynchronousQueue.java:941)
        at java.util.concurrent.ThreadPoolExecutor.getTask(ThreadPoolExecutor.java:1073)
        at java.util.concurrent.ThreadPoolExecutor.runWorker(ThreadPoolExecutor.java:1134)
        at java.util.concurrent.ThreadPoolExecutor$Worker.run(ThreadPoolExecutor.java:624)
        at java.lang.Thread.run(Thread.java:748)
"pool-198-thread-29"  prio=5 tid=2578 in Object.wait()
java.lang.Thread.State: WAITING (on object monitor)
        at sun.misc.Unsafe.park(Native Method)
        at java.util.concurrent.locks.LockSupport.park(LockSupport.java:175)
        at java.util.concurrent.locks.AbstractQueuedSynchronizer$ConditionObject.await(AbstractQueuedSynchronizer.java:2039)
        at java.util.concurrent.ArrayBlockingQueue.take(ArrayBlockingQueue.java:403)
        at java.util.concurrent.ThreadPoolExecutor.getTask(ThreadPoolExecutor.java:1074)
        at java.util.concurrent.ThreadPoolExecutor.runWorker(ThreadPoolExecutor.java:1134)
        at java.util.concurrent.ThreadPoolExecutor$Worker.run(ThreadPoolExecutor.java:624)
        at java.lang.Thread.run(Thread.java:748)
"pool-198-thread-50"  prio=5 tid=2599 in Object.wait()
java.lang.Thread.State: WAITING (on object monitor)
        at sun.misc.Unsafe.park(Native Method)
        at java.util.concurrent.locks.LockSupport.park(LockSupport.java:175)
        at java.util.concurrent.locks.AbstractQueuedSynchronizer$ConditionObject.await(AbstractQueuedSynchronizer.java:2039)
        at java.util.concurrent.ArrayBlockingQueue.take(ArrayBlockingQueue.java:403)
        at java.util.concurrent.ThreadPoolExecutor.getTask(ThreadPoolExecutor.java:1074)
        at java.util.concurrent.ThreadPoolExecutor.runWorker(ThreadPoolExecutor.java:1134)
        at java.util.concurrent.ThreadPoolExecutor$Worker.run(ThreadPoolExecutor.java:624)
        at java.lang.Thread.run(Thread.java:748)
"pool-218-thread-53"  prio=5 tid=2726 in Object.wait()
java.lang.Thread.State: WAITING (on object monitor)
        at sun.misc.Unsafe.park(Native Method)
        at java.util.concurrent.locks.LockSupport.park(LockSupport.java:175)
        at java.util.concurrent.locks.AbstractQueuedSynchronizer$ConditionObject.await(AbstractQueuedSynchronizer.java:2039)
        at java.util.concurrent.ArrayBlockingQueue.take(ArrayBlockingQueue.java:403)
        at java.util.concurrent.ThreadPoolExecutor.getTask(ThreadPoolExecutor.java:1074)
        at java.util.concurrent.ThreadPoolExecutor.runWorker(ThreadPoolExecutor.java:1134)
        at java.util.concurrent.ThreadPoolExecutor$Worker.run(ThreadPoolExecutor.java:624)
        at java.lang.Thread.run(Thread.java:748)
"pool-188-thread-20"  prio=5 tid=2507 in Object.wait()
java.lang.Thread.State: WAITING (on object monitor)
        at sun.misc.Unsafe.park(Native Method)
        at java.util.concurrent.locks.LockSupport.park(LockSupport.java:175)
        at java.util.concurrent.locks.AbstractQueuedSynchronizer$ConditionObject.await(AbstractQueuedSynchronizer.java:2039)
        at java.util.concurrent.ArrayBlockingQueue.take(ArrayBlockingQueue.java:403)
        at java.util.concurrent.ThreadPoolExecutor.getTask(ThreadPoolExecutor.java:1074)
        at java.util.concurrent.ThreadPoolExecutor.runWorker(ThreadPoolExecutor.java:1134)
        at java.util.concurrent.ThreadPoolExecutor$Worker.run(ThreadPoolExecutor.java:624)
        at java.lang.Thread.run(Thread.java:748)
"pool-158-thread-16"  prio=5 tid=2317 in Object.wait()
java.lang.Thread.State: WAITING (on object monitor)
        at sun.misc.Unsafe.park(Native Method)
        at java.util.concurrent.locks.LockSupport.park(LockSupport.java:175)
        at java.util.concurrent.locks.AbstractQueuedSynchronizer$ConditionObject.await(AbstractQueuedSynchronizer.java:2039)
        at java.util.concurrent.ArrayBlockingQueue.take(ArrayBlockingQueue.java:403)
        at java.util.concurrent.ThreadPoolExecutor.getTask(ThreadPoolExecutor.java:1074)
        at java.util.concurrent.ThreadPoolExecutor.runWorker(ThreadPoolExecutor.java:1134)
        at java.util.concurrent.ThreadPoolExecutor$Worker.run(ThreadPoolExecutor.java:624)
        at java.lang.Thread.run(Thread.java:748)
"PartialTableCache Cleanup Thread - 0" daemon prio=5 tid=1361 in Object.wait()
java.lang.Thread.State: WAITING (on object monitor)
        at sun.misc.Unsafe.park(Native Method)
        at java.util.concurrent.locks.LockSupport.park(LockSupport.java:175)
        at java.util.concurrent.locks.AbstractQueuedSynchronizer$ConditionObject.await(AbstractQueuedSynchronizer.java:2039)
        at java.util.concurrent.LinkedBlockingQueue.take(LinkedBlockingQueue.java:442)
        at java.util.concurrent.ThreadPoolExecutor.getTask(ThreadPoolExecutor.java:1074)
        at java.util.concurrent.ThreadPoolExecutor.runWorker(ThreadPoolExecutor.java:1134)
        at java.util.concurrent.ThreadPoolExecutor$Worker.run(ThreadPoolExecutor.java:624)
        at java.lang.Thread.run(Thread.java:748)
"pool-198-thread-59"  prio=5 tid=2608 in Object.wait()
java.lang.Thread.State: WAITING (on object monitor)
        at sun.misc.Unsafe.park(Native Method)
        at java.util.concurrent.locks.LockSupport.park(LockSupport.java:175)
        at java.util.concurrent.locks.AbstractQueuedSynchronizer$ConditionObject.await(AbstractQueuedSynchronizer.java:2039)
        at java.util.concurrent.ArrayBlockingQueue.take(ArrayBlockingQueue.java:403)
        at java.util.concurrent.ThreadPoolExecutor.getTask(ThreadPoolExecutor.java:1074)
        at java.util.concurrent.ThreadPoolExecutor.runWorker(ThreadPoolExecutor.java:1134)
        at java.util.concurrent.ThreadPoolExecutor$Worker.run(ThreadPoolExecutor.java:624)
        at java.lang.Thread.run(Thread.java:748)
"pool-198-thread-56"  prio=5 tid=2605 in Object.wait()
java.lang.Thread.State: WAITING (on object monitor)
        at sun.misc.Unsafe.park(Native Method)
        at java.util.concurrent.locks.LockSupport.park(LockSupport.java:175)
        at java.util.concurrent.locks.AbstractQueuedSynchronizer$ConditionObject.await(AbstractQueuedSynchronizer.java:2039)
        at java.util.concurrent.ArrayBlockingQueue.take(ArrayBlockingQueue.java:403)
        at java.util.concurrent.ThreadPoolExecutor.getTask(ThreadPoolExecutor.java:1074)
        at java.util.concurrent.ThreadPoolExecutor.runWorker(ThreadPoolExecutor.java:1134)
        at java.util.concurrent.ThreadPoolExecutor$Worker.run(ThreadPoolExecutor.java:624)
        at java.lang.Thread.run(Thread.java:748)
"pool-178-thread-28"  prio=5 tid=2453 in Object.wait()
java.lang.Thread.State: WAITING (on object monitor)
        at sun.misc.Unsafe.park(Native Method)
        at java.util.concurrent.locks.LockSupport.park(LockSupport.java:175)
        at java.util.concurrent.locks.AbstractQueuedSynchronizer$ConditionObject.await(AbstractQueuedSynchronizer.java:2039)
        at java.util.concurrent.ArrayBlockingQueue.take(ArrayBlockingQueue.java:403)
        at java.util.concurrent.ThreadPoolExecutor.getTask(ThreadPoolExecutor.java:1074)
        at java.util.concurrent.ThreadPoolExecutor.runWorker(ThreadPoolExecutor.java:1134)
        at java.util.concurrent.ThreadPoolExecutor$Worker.run(ThreadPoolExecutor.java:624)
        at java.lang.Thread.run(Thread.java:748)
"pool-148-thread-54"  prio=5 tid=2292 in Object.wait()
java.lang.Thread.State: WAITING (on object monitor)
        at sun.misc.Unsafe.park(Native Method)
        at java.util.concurrent.locks.LockSupport.park(LockSupport.java:175)
        at java.util.concurrent.locks.AbstractQueuedSynchronizer$ConditionObject.await(AbstractQueuedSynchronizer.java:2039)
        at java.util.concurrent.ArrayBlockingQueue.take(ArrayBlockingQueue.java:403)
        at java.util.concurrent.ThreadPoolExecutor.getTask(ThreadPoolExecutor.java:1074)
        at java.util.concurrent.ThreadPoolExecutor.runWorker(ThreadPoolExecutor.java:1134)
        at java.util.concurrent.ThreadPoolExecutor$Worker.run(ThreadPoolExecutor.java:624)
        at java.lang.Thread.run(Thread.java:748)
"pool-158-thread-15"  prio=5 tid=2316 in Object.wait()
java.lang.Thread.State: WAITING (on object monitor)
        at sun.misc.Unsafe.park(Native Method)
        at java.util.concurrent.locks.LockSupport.park(LockSupport.java:175)
        at java.util.concurrent.locks.AbstractQueuedSynchronizer$ConditionObject.await(AbstractQueuedSynchronizer.java:2039)
        at java.util.concurrent.ArrayBlockingQueue.take(ArrayBlockingQueue.java:403)
        at java.util.concurrent.ThreadPoolExecutor.getTask(ThreadPoolExecutor.java:1074)
        at java.util.concurrent.ThreadPoolExecutor.runWorker(ThreadPoolExecutor.java:1134)
        at java.util.concurrent.ThreadPoolExecutor$Worker.run(ThreadPoolExecutor.java:624)
        at java.lang.Thread.run(Thread.java:748)
"pool-228-thread-35"  prio=5 tid=2770 in Object.wait()
java.lang.Thread.State: WAITING (on object monitor)
        at sun.misc.Unsafe.park(Native Method)
        at java.util.concurrent.locks.LockSupport.park(LockSupport.java:175)
        at java.util.concurrent.locks.AbstractQueuedSynchronizer$ConditionObject.await(AbstractQueuedSynchronizer.java:2039)
        at java.util.concurrent.ArrayBlockingQueue.take(ArrayBlockingQueue.java:403)
        at java.util.concurrent.ThreadPoolExecutor.getTask(ThreadPoolExecutor.java:1074)
        at java.util.concurrent.ThreadPoolExecutor.runWorker(ThreadPoolExecutor.java:1134)
        at java.util.concurrent.ThreadPoolExecutor$Worker.run(ThreadPoolExecutor.java:624)
        at java.lang.Thread.run(Thread.java:748)
"pool-148-thread-36"  prio=5 tid=2274 in Object.wait()
java.lang.Thread.State: WAITING (on object monitor)
        at sun.misc.Unsafe.park(Native Method)
        at java.util.concurrent.locks.LockSupport.park(LockSupport.java:175)
        at java.util.concurrent.locks.AbstractQueuedSynchronizer$ConditionObject.await(AbstractQueuedSynchronizer.java:2039)
        at java.util.concurrent.ArrayBlockingQueue.take(ArrayBlockingQueue.java:403)
        at java.util.concurrent.ThreadPoolExecutor.getTask(ThreadPoolExecutor.java:1074)
        at java.util.concurrent.ThreadPoolExecutor.runWorker(ThreadPoolExecutor.java:1134)
        at java.util.concurrent.ThreadPoolExecutor$Worker.run(ThreadPoolExecutor.java:624)
        at java.lang.Thread.run(Thread.java:748)
"pool-228-thread-52"  prio=5 tid=2787 in Object.wait()
java.lang.Thread.State: WAITING (on object monitor)
        at sun.misc.Unsafe.park(Native Method)
        at java.util.concurrent.locks.LockSupport.park(LockSupport.java:175)
        at java.util.concurrent.locks.AbstractQueuedSynchronizer$ConditionObject.await(AbstractQueuedSynchronizer.java:2039)
        at java.util.concurrent.ArrayBlockingQueue.take(ArrayBlockingQueue.java:403)
        at java.util.concurrent.ThreadPoolExecutor.getTask(ThreadPoolExecutor.java:1074)
        at java.util.concurrent.ThreadPoolExecutor.runWorker(ThreadPoolExecutor.java:1134)
        at java.util.concurrent.ThreadPoolExecutor$Worker.run(ThreadPoolExecutor.java:624)
        at java.lang.Thread.run(Thread.java:748)
"pool-168-thread-19"  prio=5 tid=2382 in Object.wait()
java.lang.Thread.State: WAITING (on object monitor)
        at sun.misc.Unsafe.park(Native Method)
        at java.util.concurrent.locks.LockSupport.park(LockSupport.java:175)
        at java.util.concurrent.locks.AbstractQueuedSynchronizer$ConditionObject.await(AbstractQueuedSynchronizer.java:2039)
        at java.util.concurrent.ArrayBlockingQueue.take(ArrayBlockingQueue.java:403)
        at java.util.concurrent.ThreadPoolExecutor.getTask(ThreadPoolExecutor.java:1074)
        at java.util.concurrent.ThreadPoolExecutor.runWorker(ThreadPoolExecutor.java:1134)
        at java.util.concurrent.ThreadPoolExecutor$Worker.run(ThreadPoolExecutor.java:624)
        at java.lang.Thread.run(Thread.java:748)
"qtp1404150776-1979" daemon prio=5 tid=1979 timed_waiting
java.lang.Thread.State: TIMED_WAITING
        at sun.misc.Unsafe.park(Native Method)
        at java.util.concurrent.locks.LockSupport.parkNanos(LockSupport.java:215)
        at java.util.concurrent.locks.AbstractQueuedSynchronizer$ConditionObject.awaitNanos(AbstractQueuedSynchronizer.java:2078)
        at org.eclipse.jetty.util.BlockingArrayQueue.poll(BlockingArrayQueue.java:392)
        at org.eclipse.jetty.util.thread.QueuedThreadPool.idleJobPoll(QueuedThreadPool.java:563)
        at org.eclipse.jetty.util.thread.QueuedThreadPool.access$800(QueuedThreadPool.java:48)
        at org.eclipse.jetty.util.thread.QueuedThreadPool$2.run(QueuedThreadPool.java:626)
        at java.lang.Thread.run(Thread.java:748)
"IPC Server handler 0 on 45554" daemon prio=5 tid=1934 timed_waiting
java.lang.Thread.State: TIMED_WAITING
        at sun.misc.Unsafe.park(Native Method)
        at java.util.concurrent.locks.LockSupport.parkNanos(LockSupport.java:215)
        at java.util.concurrent.locks.AbstractQueuedSynchronizer$ConditionObject.awaitNanos(AbstractQueuedSynchronizer.java:2078)
        at java.util.concurrent.LinkedBlockingQueue.poll(LinkedBlockingQueue.java:467)
        at org.apache.hadoop.ipc.CallQueueManager.take(CallQueueManager.java:288)
        at org.apache.hadoop.ipc.Server$Handler.run(Server.java:2668)
"pool-182-thread-1"  prio=5 tid=2056 timed_waiting
java.lang.Thread.State: TIMED_WAITING
        at sun.misc.Unsafe.park(Native Method)
        at java.util.concurrent.locks.LockSupport.parkNanos(LockSupport.java:215)
        at java.util.concurrent.locks.AbstractQueuedSynchronizer$ConditionObject.awaitNanos(AbstractQueuedSynchronizer.java:2078)
        at java.util.concurrent.ScheduledThreadPoolExecutor$DelayedWorkQueue.take(ScheduledThreadPoolExecutor.java:1093)
        at java.util.concurrent.ScheduledThreadPoolExecutor$DelayedWorkQueue.take(ScheduledThreadPoolExecutor.java:809)
        at java.util.concurrent.ThreadPoolExecutor.getTask(ThreadPoolExecutor.java:1074)
        at java.util.concurrent.ThreadPoolExecutor.runWorker(ThreadPoolExecutor.java:1134)
        at java.util.concurrent.ThreadPoolExecutor$Worker.run(ThreadPoolExecutor.java:624)
        at java.lang.Thread.run(Thread.java:748)
"pool-178-thread-11"  prio=5 tid=2436 in Object.wait()
java.lang.Thread.State: WAITING (on object monitor)
        at sun.misc.Unsafe.park(Native Method)
        at java.util.concurrent.locks.LockSupport.park(LockSupport.java:175)
        at java.util.concurrent.locks.AbstractQueuedSynchronizer$ConditionObject.await(AbstractQueuedSynchronizer.java:2039)
        at java.util.concurrent.ArrayBlockingQueue.take(ArrayBlockingQueue.java:403)
        at java.util.concurrent.ThreadPoolExecutor.getTask(ThreadPoolExecutor.java:1074)
        at java.util.concurrent.ThreadPoolExecutor.runWorker(ThreadPoolExecutor.java:1134)
        at java.util.concurrent.ThreadPoolExecutor$Worker.run(ThreadPoolExecutor.java:624)
        at java.lang.Thread.run(Thread.java:748)
"pool-198-thread-54"  prio=5 tid=2603 in Object.wait()
java.lang.Thread.State: WAITING (on object monitor)
        at sun.misc.Unsafe.park(Native Method)
        at java.util.concurrent.locks.LockSupport.park(LockSupport.java:175)
        at java.util.concurrent.locks.AbstractQueuedSynchronizer$ConditionObject.await(AbstractQueuedSynchronizer.java:2039)
        at java.util.concurrent.ArrayBlockingQueue.take(ArrayBlockingQueue.java:403)
        at java.util.concurrent.ThreadPoolExecutor.getTask(ThreadPoolExecutor.java:1074)
        at java.util.concurrent.ThreadPoolExecutor.runWorker(ThreadPoolExecutor.java:1134)
        at java.util.concurrent.ThreadPoolExecutor$Worker.run(ThreadPoolExecutor.java:624)
        at java.lang.Thread.run(Thread.java:748)
"Datanode ReportManager Thread - 0" daemon prio=5 tid=2015 timed_waiting
java.lang.Thread.State: TIMED_WAITING
        at sun.misc.Unsafe.park(Native Method)
        at java.util.concurrent.locks.LockSupport.parkNanos(LockSupport.java:215)
        at java.util.concurrent.locks.AbstractQueuedSynchronizer$ConditionObject.awaitNanos(AbstractQueuedSynchronizer.java:2078)
        at java.util.concurrent.ScheduledThreadPoolExecutor$DelayedWorkQueue.take(ScheduledThreadPoolExecutor.java:1093)
        at java.util.concurrent.ScheduledThreadPoolExecutor$DelayedWorkQueue.take(ScheduledThreadPoolExecutor.java:809)
        at java.util.concurrent.ThreadPoolExecutor.getTask(ThreadPoolExecutor.java:1074)
        at java.util.concurrent.ThreadPoolExecutor.runWorker(ThreadPoolExecutor.java:1134)
        at java.util.concurrent.ThreadPoolExecutor$Worker.run(ThreadPoolExecutor.java:624)
        at java.lang.Thread.run(Thread.java:748)
"pool-148-thread-51"  prio=5 tid=2289 in Object.wait()
java.lang.Thread.State: WAITING (on object monitor)
        at sun.misc.Unsafe.park(Native Method)
        at java.util.concurrent.locks.LockSupport.park(LockSupport.java:175)
        at java.util.concurrent.locks.AbstractQueuedSynchronizer$ConditionObject.await(AbstractQueuedSynchronizer.java:2039)
        at java.util.concurrent.ArrayBlockingQueue.take(ArrayBlockingQueue.java:403)
        at java.util.concurrent.ThreadPoolExecutor.getTask(ThreadPoolExecutor.java:1074)
        at java.util.concurrent.ThreadPoolExecutor.runWorker(ThreadPoolExecutor.java:1134)
        at java.util.concurrent.ThreadPoolExecutor$Worker.run(ThreadPoolExecutor.java:624)
        at java.lang.Thread.run(Thread.java:748)
"qtp229318537-2117" daemon prio=5 tid=2117 timed_waiting
java.lang.Thread.State: TIMED_WAITING
        at sun.misc.Unsafe.park(Native Method)
        at java.util.concurrent.locks.LockSupport.parkNanos(LockSupport.java:215)
        at java.util.concurrent.locks.AbstractQueuedSynchronizer$ConditionObject.awaitNanos(AbstractQueuedSynchronizer.java:2078)
        at org.eclipse.jetty.util.BlockingArrayQueue.poll(BlockingArrayQueue.java:392)
        at org.eclipse.jetty.util.thread.QueuedThreadPool.idleJobPoll(QueuedThreadPool.java:563)
        at org.eclipse.jetty.util.thread.QueuedThreadPool.access$800(QueuedThreadPool.java:48)
        at org.eclipse.jetty.util.thread.QueuedThreadPool$2.run(QueuedThreadPool.java:626)
        at java.lang.Thread.run(Thread.java:748)
"qtp2077150966-2090" daemon prio=5 tid=2090 timed_waiting
java.lang.Thread.State: TIMED_WAITING
        at sun.misc.Unsafe.park(Native Method)
        at java.util.concurrent.locks.LockSupport.parkNanos(LockSupport.java:215)
        at java.util.concurrent.locks.AbstractQueuedSynchronizer$ConditionObject.awaitNanos(AbstractQueuedSynchronizer.java:2078)
        at org.eclipse.jetty.util.BlockingArrayQueue.poll(BlockingArrayQueue.java:392)
        at org.eclipse.jetty.util.thread.QueuedThreadPool.idleJobPoll(QueuedThreadPool.java:563)
        at org.eclipse.jetty.util.thread.QueuedThreadPool.access$800(QueuedThreadPool.java:48)
        at org.eclipse.jetty.util.thread.QueuedThreadPool$2.run(QueuedThreadPool.java:626)
        at java.lang.Thread.run(Thread.java:748)
"pool-178-thread-48"  prio=5 tid=2473 in Object.wait()
java.lang.Thread.State: WAITING (on object monitor)
        at sun.misc.Unsafe.park(Native Method)
        at java.util.concurrent.locks.LockSupport.park(LockSupport.java:175)
        at java.util.concurrent.locks.AbstractQueuedSynchronizer$ConditionObject.await(AbstractQueuedSynchronizer.java:2039)
        at java.util.concurrent.ArrayBlockingQueue.take(ArrayBlockingQueue.java:403)
        at java.util.concurrent.ThreadPoolExecutor.getTask(ThreadPoolExecutor.java:1074)
        at java.util.concurrent.ThreadPoolExecutor.runWorker(ThreadPoolExecutor.java:1134)
        at java.util.concurrent.ThreadPoolExecutor$Worker.run(ThreadPoolExecutor.java:624)
        at java.lang.Thread.run(Thread.java:748)
"pool-168-thread-26"  prio=5 tid=2389 in Object.wait()
java.lang.Thread.State: WAITING (on object monitor)
        at sun.misc.Unsafe.park(Native Method)
        at java.util.concurrent.locks.LockSupport.park(LockSupport.java:175)
        at java.util.concurrent.locks.AbstractQueuedSynchronizer$ConditionObject.await(AbstractQueuedSynchronizer.java:2039)
        at java.util.concurrent.ArrayBlockingQueue.take(ArrayBlockingQueue.java:403)
        at java.util.concurrent.ThreadPoolExecutor.getTask(ThreadPoolExecutor.java:1074)
        at java.util.concurrent.ThreadPoolExecutor.runWorker(ThreadPoolExecutor.java:1134)
        at java.util.concurrent.ThreadPoolExecutor$Worker.run(ThreadPoolExecutor.java:624)
        at java.lang.Thread.run(Thread.java:748)
"pool-178-thread-21"  prio=5 tid=2446 in Object.wait()
java.lang.Thread.State: WAITING (on object monitor)
        at sun.misc.Unsafe.park(Native Method)
        at java.util.concurrent.locks.LockSupport.park(LockSupport.java:175)
        at java.util.concurrent.locks.AbstractQueuedSynchronizer$ConditionObject.await(AbstractQueuedSynchronizer.java:2039)
        at java.util.concurrent.ArrayBlockingQueue.take(ArrayBlockingQueue.java:403)
        at java.util.concurrent.ThreadPoolExecutor.getTask(ThreadPoolExecutor.java:1074)
        at java.util.concurrent.ThreadPoolExecutor.runWorker(ThreadPoolExecutor.java:1134)
        at java.util.concurrent.ThreadPoolExecutor$Worker.run(ThreadPoolExecutor.java:624)
        at java.lang.Thread.run(Thread.java:748)
"org.apache.hadoop.util.JvmPauseMonitor$Monitor@706c2654" daemon prio=5 tid=2209 timed_waiting
java.lang.Thread.State: TIMED_WAITING
        at java.lang.Thread.sleep(Native Method)
        at org.apache.hadoop.util.JvmPauseMonitor$Monitor.run(JvmPauseMonitor.java:192)
        at java.lang.Thread.run(Thread.java:748)
"IPC Server handler 6 on 45554" daemon prio=5 tid=1941 timed_waiting
java.lang.Thread.State: TIMED_WAITING
        at sun.misc.Unsafe.park(Native Method)
        at java.util.concurrent.locks.LockSupport.parkNanos(LockSupport.java:215)
        at java.util.concurrent.locks.AbstractQueuedSynchronizer$ConditionObject.awaitNanos(AbstractQueuedSynchronizer.java:2078)
        at java.util.concurrent.LinkedBlockingQueue.poll(LinkedBlockingQueue.java:467)
        at org.apache.hadoop.ipc.CallQueueManager.take(CallQueueManager.java:288)
        at org.apache.hadoop.ipc.Server$Handler.run(Server.java:2668)
"pool-188-thread-40"  prio=5 tid=2527 in Object.wait()
java.lang.Thread.State: WAITING (on object monitor)
        at sun.misc.Unsafe.park(Native Method)
        at java.util.concurrent.locks.LockSupport.park(LockSupport.java:175)
        at java.util.concurrent.locks.AbstractQueuedSynchronizer$ConditionObject.await(AbstractQueuedSynchronizer.java:2039)
        at java.util.concurrent.ArrayBlockingQueue.take(ArrayBlockingQueue.java:403)
        at java.util.concurrent.ThreadPoolExecutor.getTask(ThreadPoolExecutor.java:1074)
        at java.util.concurrent.ThreadPoolExecutor.runWorker(ThreadPoolExecutor.java:1134)
        at java.util.concurrent.ThreadPoolExecutor$Worker.run(ThreadPoolExecutor.java:624)
        at java.lang.Thread.run(Thread.java:748)
"pool-188-thread-4"  prio=5 tid=2491 in Object.wait()
java.lang.Thread.State: WAITING (on object monitor)
        at sun.misc.Unsafe.park(Native Method)
        at java.util.concurrent.locks.LockSupport.park(LockSupport.java:175)
        at java.util.concurrent.locks.AbstractQueuedSynchronizer$ConditionObject.await(AbstractQueuedSynchronizer.java:2039)
        at java.util.concurrent.ArrayBlockingQueue.take(ArrayBlockingQueue.java:403)
        at java.util.concurrent.ThreadPoolExecutor.getTask(ThreadPoolExecutor.java:1074)
        at java.util.concurrent.ThreadPoolExecutor.runWorker(ThreadPoolExecutor.java:1134)
        at java.util.concurrent.ThreadPoolExecutor$Worker.run(ThreadPoolExecutor.java:624)
        at java.lang.Thread.run(Thread.java:748)
"IPC Server Responder" daemon prio=5 tid=1840 runnable
java.lang.Thread.State: RUNNABLE
        at sun.nio.ch.EPollArrayWrapper.epollWait(Native Method)
        at sun.nio.ch.EPollArrayWrapper.poll(EPollArrayWrapper.java:269)
        at sun.nio.ch.EPollSelectorImpl.doSelect(EPollSelectorImpl.java:93)
        at sun.nio.ch.SelectorImpl.lockAndDoSelect(SelectorImpl.java:86)
        at sun.nio.ch.SelectorImpl.select(SelectorImpl.java:97)
        at org.apache.hadoop.ipc.Server$Responder.doRunLoop(Server.java:1334)
        at org.apache.hadoop.ipc.Server$Responder.run(Server.java:1317)
"pool-168-thread-30"  prio=5 tid=2393 in Object.wait()
java.lang.Thread.State: WAITING (on object monitor)
        at sun.misc.Unsafe.park(Native Method)
        at java.util.concurrent.locks.LockSupport.park(LockSupport.java:175)
        at java.util.concurrent.locks.AbstractQueuedSynchronizer$ConditionObject.await(AbstractQueuedSynchronizer.java:2039)
        at java.util.concurrent.ArrayBlockingQueue.take(ArrayBlockingQueue.java:403)
        at java.util.concurrent.ThreadPoolExecutor.getTask(ThreadPoolExecutor.java:1074)
        at java.util.concurrent.ThreadPoolExecutor.runWorker(ThreadPoolExecutor.java:1134)
        at java.util.concurrent.ThreadPoolExecutor$Worker.run(ThreadPoolExecutor.java:624)
        at java.lang.Thread.run(Thread.java:748)
"59f802cb-c907-44a0-9069-e10bb38eff5d@group-A7405D5AD40E-SegmentedRaftLogWorker"  prio=5 tid=3128 timed_waiting
java.lang.Thread.State: TIMED_WAITING
        at sun.misc.Unsafe.park(Native Method)
        at java.util.concurrent.locks.LockSupport.parkNanos(LockSupport.java:215)
        at java.util.concurrent.locks.AbstractQueuedSynchronizer$ConditionObject.awaitNanos(AbstractQueuedSynchronizer.java:2078)
        at org.apache.ratis.util.DataBlockingQueue.poll(DataBlockingQueue.java:137)
        at org.apache.ratis.server.raftlog.segmented.SegmentedRaftLogWorker.run(SegmentedRaftLogWorker.java:282)
        at java.lang.Thread.run(Thread.java:748)
"EventQueue-SafemodestatusForSafeModeHandler" daemon prio=5 tid=2867 in Object.wait()
java.lang.Thread.State: WAITING (on object monitor)
        at sun.misc.Unsafe.park(Native Method)
        at java.util.concurrent.locks.LockSupport.park(LockSupport.java:175)
        at java.util.concurrent.locks.AbstractQueuedSynchronizer$ConditionObject.await(AbstractQueuedSynchronizer.java:2039)
        at java.util.concurrent.LinkedBlockingQueue.take(LinkedBlockingQueue.java:442)
        at java.util.concurrent.ThreadPoolExecutor.getTask(ThreadPoolExecutor.java:1074)
        at java.util.concurrent.ThreadPoolExecutor.runWorker(ThreadPoolExecutor.java:1134)
        at java.util.concurrent.ThreadPoolExecutor$Worker.run(ThreadPoolExecutor.java:624)
        at java.lang.Thread.run(Thread.java:748)
"pool-208-thread-4"  prio=5 tid=2615 in Object.wait()
java.lang.Thread.State: WAITING (on object monitor)
        at sun.misc.Unsafe.park(Native Method)
        at java.util.concurrent.locks.LockSupport.park(LockSupport.java:175)
        at java.util.concurrent.locks.AbstractQueuedSynchronizer$ConditionObject.await(AbstractQueuedSynchronizer.java:2039)
        at java.util.concurrent.ArrayBlockingQueue.take(ArrayBlockingQueue.java:403)
        at java.util.concurrent.ThreadPoolExecutor.getTask(ThreadPoolExecutor.java:1074)
        at java.util.concurrent.ThreadPoolExecutor.runWorker(ThreadPoolExecutor.java:1134)
        at java.util.concurrent.ThreadPoolExecutor$Worker.run(ThreadPoolExecutor.java:624)
        at java.lang.Thread.run(Thread.java:748)
"pool-228-thread-40"  prio=5 tid=2775 in Object.wait()
java.lang.Thread.State: WAITING (on object monitor)
        at sun.misc.Unsafe.park(Native Method)
        at java.util.concurrent.locks.LockSupport.park(LockSupport.java:175)
        at java.util.concurrent.locks.AbstractQueuedSynchronizer$ConditionObject.await(AbstractQueuedSynchronizer.java:2039)
        at java.util.concurrent.ArrayBlockingQueue.take(ArrayBlockingQueue.java:403)
        at java.util.concurrent.ThreadPoolExecutor.getTask(ThreadPoolExecutor.java:1074)
        at java.util.concurrent.ThreadPoolExecutor.runWorker(ThreadPoolExecutor.java:1134)
        at java.util.concurrent.ThreadPoolExecutor$Worker.run(ThreadPoolExecutor.java:624)
        at java.lang.Thread.run(Thread.java:748)
"pool-178-thread-1"  prio=5 tid=2426 in Object.wait()
java.lang.Thread.State: WAITING (on object monitor)
        at sun.misc.Unsafe.park(Native Method)
        at java.util.concurrent.locks.LockSupport.park(LockSupport.java:175)
        at java.util.concurrent.locks.AbstractQueuedSynchronizer$ConditionObject.await(AbstractQueuedSynchronizer.java:2039)
        at java.util.concurrent.ArrayBlockingQueue.take(ArrayBlockingQueue.java:403)
        at java.util.concurrent.ThreadPoolExecutor.getTask(ThreadPoolExecutor.java:1074)
        at java.util.concurrent.ThreadPoolExecutor.runWorker(ThreadPoolExecutor.java:1134)
        at java.util.concurrent.ThreadPoolExecutor$Worker.run(ThreadPoolExecutor.java:624)
        at java.lang.Thread.run(Thread.java:748)
"pool-158-thread-28"  prio=5 tid=2329 in Object.wait()
java.lang.Thread.State: WAITING (on object monitor)
        at sun.misc.Unsafe.park(Native Method)
        at java.util.concurrent.locks.LockSupport.park(LockSupport.java:175)
        at java.util.concurrent.locks.AbstractQueuedSynchronizer$ConditionObject.await(AbstractQueuedSynchronizer.java:2039)
        at java.util.concurrent.ArrayBlockingQueue.take(ArrayBlockingQueue.java:403)
        at java.util.concurrent.ThreadPoolExecutor.getTask(ThreadPoolExecutor.java:1074)
        at java.util.concurrent.ThreadPoolExecutor.runWorker(ThreadPoolExecutor.java:1134)
        at java.util.concurrent.ThreadPoolExecutor$Worker.run(ThreadPoolExecutor.java:624)
        at java.lang.Thread.run(Thread.java:748)
"pool-199-thread-1"  prio=5 tid=2909 in Object.wait()
java.lang.Thread.State: WAITING (on object monitor)
        at sun.misc.Unsafe.park(Native Method)
        at java.util.concurrent.locks.LockSupport.park(LockSupport.java:175)
        at java.util.concurrent.locks.AbstractQueuedSynchronizer$ConditionObject.await(AbstractQueuedSynchronizer.java:2039)
        at java.util.concurrent.LinkedBlockingQueue.take(LinkedBlockingQueue.java:442)
        at java.util.concurrent.ThreadPoolExecutor.getTask(ThreadPoolExecutor.java:1074)
        at java.util.concurrent.ThreadPoolExecutor.runWorker(ThreadPoolExecutor.java:1134)
        at java.util.concurrent.ThreadPoolExecutor$Worker.run(ThreadPoolExecutor.java:624)
        at java.lang.Thread.run(Thread.java:748)
"pool-198-thread-6"  prio=5 tid=2555 in Object.wait()
java.lang.Thread.State: WAITING (on object monitor)
        at sun.misc.Unsafe.park(Native Method)
        at java.util.concurrent.locks.LockSupport.park(LockSupport.java:175)
        at java.util.concurrent.locks.AbstractQueuedSynchronizer$ConditionObject.await(AbstractQueuedSynchronizer.java:2039)
        at java.util.concurrent.ArrayBlockingQueue.take(ArrayBlockingQueue.java:403)
        at java.util.concurrent.ThreadPoolExecutor.getTask(ThreadPoolExecutor.java:1074)
        at java.util.concurrent.ThreadPoolExecutor.runWorker(ThreadPoolExecutor.java:1134)
        at java.util.concurrent.ThreadPoolExecutor$Worker.run(ThreadPoolExecutor.java:624)
        at java.lang.Thread.run(Thread.java:748)
"pool-148-thread-55"  prio=5 tid=2293 in Object.wait()
java.lang.Thread.State: WAITING (on object monitor)
        at sun.misc.Unsafe.park(Native Method)
        at java.util.concurrent.locks.LockSupport.park(LockSupport.java:175)
        at java.util.concurrent.locks.AbstractQueuedSynchronizer$ConditionObject.await(AbstractQueuedSynchronizer.java:2039)
        at java.util.concurrent.ArrayBlockingQueue.take(ArrayBlockingQueue.java:403)
        at java.util.concurrent.ThreadPoolExecutor.getTask(ThreadPoolExecutor.java:1074)
        at java.util.concurrent.ThreadPoolExecutor.runWorker(ThreadPoolExecutor.java:1134)
        at java.util.concurrent.ThreadPoolExecutor$Worker.run(ThreadPoolExecutor.java:624)
        at java.lang.Thread.run(Thread.java:748)
"qtp1365611185-2170" daemon prio=5 tid=2170 timed_waiting
java.lang.Thread.State: TIMED_WAITING
        at sun.misc.Unsafe.park(Native Method)
        at java.util.concurrent.locks.LockSupport.parkNanos(LockSupport.java:215)
        at java.util.concurrent.locks.AbstractQueuedSynchronizer$ConditionObject.awaitNanos(AbstractQueuedSynchronizer.java:2078)
        at org.eclipse.jetty.util.BlockingArrayQueue.poll(BlockingArrayQueue.java:392)
        at org.eclipse.jetty.util.thread.QueuedThreadPool.idleJobPoll(QueuedThreadPool.java:563)
        at org.eclipse.jetty.util.thread.QueuedThreadPool.access$800(QueuedThreadPool.java:48)
        at org.eclipse.jetty.util.thread.QueuedThreadPool$2.run(QueuedThreadPool.java:626)
        at java.lang.Thread.run(Thread.java:748)
"IPC Server handler 3 on 45554" daemon prio=5 tid=1937 timed_waiting
java.lang.Thread.State: TIMED_WAITING
        at sun.misc.Unsafe.park(Native Method)
        at java.util.concurrent.locks.LockSupport.parkNanos(LockSupport.java:215)
        at java.util.concurrent.locks.AbstractQueuedSynchronizer$ConditionObject.awaitNanos(AbstractQueuedSynchronizer.java:2078)
        at java.util.concurrent.LinkedBlockingQueue.poll(LinkedBlockingQueue.java:467)
        at org.apache.hadoop.ipc.CallQueueManager.take(CallQueueManager.java:288)
        at org.apache.hadoop.ipc.Server$Handler.run(Server.java:2668)
"pool-208-thread-12"  prio=5 tid=2623 in Object.wait()
java.lang.Thread.State: WAITING (on object monitor)
        at sun.misc.Unsafe.park(Native Method)
        at java.util.concurrent.locks.LockSupport.park(LockSupport.java:175)
        at java.util.concurrent.locks.AbstractQueuedSynchronizer$ConditionObject.await(AbstractQueuedSynchronizer.java:2039)
        at java.util.concurrent.ArrayBlockingQueue.take(ArrayBlockingQueue.java:403)
        at java.util.concurrent.ThreadPoolExecutor.getTask(ThreadPoolExecutor.java:1074)
        at java.util.concurrent.ThreadPoolExecutor.runWorker(ThreadPoolExecutor.java:1134)
        at java.util.concurrent.ThreadPoolExecutor$Worker.run(ThreadPoolExecutor.java:624)
        at java.lang.Thread.run(Thread.java:748)
"qtp1365611185-2166-acceptor-0@15c5cd2d-ServerConnector@2ceca2ef{HTTP/1.1,[http/1.1]}{0.0.0.0:41576}" daemon prio=3 tid=2166 runnable
java.lang.Thread.State: RUNNABLE
        at sun.nio.ch.ServerSocketChannelImpl.accept0(Native Method)
        at sun.nio.ch.ServerSocketChannelImpl.accept(ServerSocketChannelImpl.java:422)
        at sun.nio.ch.ServerSocketChannelImpl.accept(ServerSocketChannelImpl.java:250)
        at org.eclipse.jetty.server.ServerConnector.accept(ServerConnector.java:397)
        at org.eclipse.jetty.server.AbstractConnector$Acceptor.run(AbstractConnector.java:601)
        at org.eclipse.jetty.util.thread.QueuedThreadPool.runJob(QueuedThreadPool.java:671)
        at org.eclipse.jetty.util.thread.QueuedThreadPool$2.run(QueuedThreadPool.java:589)
        at java.lang.Thread.run(Thread.java:748)
"pool-218-thread-28"  prio=5 tid=2701 in Object.wait()
java.lang.Thread.State: WAITING (on object monitor)
        at sun.misc.Unsafe.park(Native Method)
        at java.util.concurrent.locks.LockSupport.park(LockSupport.java:175)
        at java.util.concurrent.locks.AbstractQueuedSynchronizer$ConditionObject.await(AbstractQueuedSynchronizer.java:2039)
        at java.util.concurrent.ArrayBlockingQueue.take(ArrayBlockingQueue.java:403)
        at java.util.concurrent.ThreadPoolExecutor.getTask(ThreadPoolExecutor.java:1074)
        at java.util.concurrent.ThreadPoolExecutor.runWorker(ThreadPoolExecutor.java:1134)
        at java.util.concurrent.ThreadPoolExecutor$Worker.run(ThreadPoolExecutor.java:624)
        at java.lang.Thread.run(Thread.java:748)
"org.eclipse.jetty.server.session.HashSessionManager@39ffda4aTimer" daemon prio=5 tid=1922 timed_waiting
java.lang.Thread.State: TIMED_WAITING
        at sun.misc.Unsafe.park(Native Method)
        at java.util.concurrent.locks.LockSupport.parkNanos(LockSupport.java:215)
        at java.util.concurrent.locks.AbstractQueuedSynchronizer$ConditionObject.awaitNanos(AbstractQueuedSynchronizer.java:2078)
        at java.util.concurrent.ScheduledThreadPoolExecutor$DelayedWorkQueue.take(ScheduledThreadPoolExecutor.java:1093)
        at java.util.concurrent.ScheduledThreadPoolExecutor$DelayedWorkQueue.take(ScheduledThreadPoolExecutor.java:809)
        at java.util.concurrent.ThreadPoolExecutor.getTask(ThreadPoolExecutor.java:1074)
        at java.util.concurrent.ThreadPoolExecutor.runWorker(ThreadPoolExecutor.java:1134)
        at java.util.concurrent.ThreadPoolExecutor$Worker.run(ThreadPoolExecutor.java:624)
        at java.lang.Thread.run(Thread.java:748)
"pool-158-thread-27"  prio=5 tid=2328 in Object.wait()
java.lang.Thread.State: WAITING (on object monitor)
        at sun.misc.Unsafe.park(Native Method)
        at java.util.concurrent.locks.LockSupport.park(LockSupport.java:175)
        at java.util.concurrent.locks.AbstractQueuedSynchronizer$ConditionObject.await(AbstractQueuedSynchronizer.java:2039)
        at java.util.concurrent.ArrayBlockingQueue.take(ArrayBlockingQueue.java:403)
        at java.util.concurrent.ThreadPoolExecutor.getTask(ThreadPoolExecutor.java:1074)
        at java.util.concurrent.ThreadPoolExecutor.runWorker(ThreadPoolExecutor.java:1134)
        at java.util.concurrent.ThreadPoolExecutor$Worker.run(ThreadPoolExecutor.java:624)
        at java.lang.Thread.run(Thread.java:748)
"pool-238-thread-22"  prio=5 tid=2819 in Object.wait()
java.lang.Thread.State: WAITING (on object monitor)
        at sun.misc.Unsafe.park(Native Method)
        at java.util.concurrent.locks.LockSupport.park(LockSupport.java:175)
        at java.util.concurrent.locks.AbstractQueuedSynchronizer$ConditionObject.await(AbstractQueuedSynchronizer.java:2039)
        at java.util.concurrent.ArrayBlockingQueue.take(ArrayBlockingQueue.java:403)
        at java.util.concurrent.ThreadPoolExecutor.getTask(ThreadPoolExecutor.java:1074)
        at java.util.concurrent.ThreadPoolExecutor.runWorker(ThreadPoolExecutor.java:1134)
        at java.util.concurrent.ThreadPoolExecutor$Worker.run(ThreadPoolExecutor.java:624)
        at java.lang.Thread.run(Thread.java:748)
"Datanode ReportManager Thread - 3" daemon prio=5 tid=2018 in Object.wait()
java.lang.Thread.State: WAITING (on object monitor)
        at sun.misc.Unsafe.park(Native Method)
        at java.util.concurrent.locks.LockSupport.park(LockSupport.java:175)
        at java.util.concurrent.locks.AbstractQueuedSynchronizer$ConditionObject.await(AbstractQueuedSynchronizer.java:2039)
        at java.util.concurrent.ScheduledThreadPoolExecutor$DelayedWorkQueue.take(ScheduledThreadPoolExecutor.java:1088)
        at java.util.concurrent.ScheduledThreadPoolExecutor$DelayedWorkQueue.take(ScheduledThreadPoolExecutor.java:809)
        at java.util.concurrent.ThreadPoolExecutor.getTask(ThreadPoolExecutor.java:1074)
        at java.util.concurrent.ThreadPoolExecutor.runWorker(ThreadPoolExecutor.java:1134)
        at java.util.concurrent.ThreadPoolExecutor$Worker.run(ThreadPoolExecutor.java:624)
        at java.lang.Thread.run(Thread.java:748)
"Datanode ReportManager Thread - 0" daemon prio=5 tid=306 timed_waiting
java.lang.Thread.State: TIMED_WAITING
        at sun.misc.Unsafe.park(Native Method)
        at java.util.concurrent.locks.LockSupport.parkNanos(LockSupport.java:215)
        at java.util.concurrent.locks.AbstractQueuedSynchronizer$ConditionObject.awaitNanos(AbstractQueuedSynchronizer.java:2078)
        at java.util.concurrent.ScheduledThreadPoolExecutor$DelayedWorkQueue.take(ScheduledThreadPoolExecutor.java:1093)
        at java.util.concurrent.ScheduledThreadPoolExecutor$DelayedWorkQueue.take(ScheduledThreadPoolExecutor.java:809)
        at java.util.concurrent.ThreadPoolExecutor.getTask(ThreadPoolExecutor.java:1074)
        at java.util.concurrent.ThreadPoolExecutor.runWorker(ThreadPoolExecutor.java:1134)
        at java.util.concurrent.ThreadPoolExecutor$Worker.run(ThreadPoolExecutor.java:624)
        at java.lang.Thread.run(Thread.java:748)
"IPC Server handler 14 on 45554" daemon prio=5 tid=1949 timed_waiting
java.lang.Thread.State: TIMED_WAITING
        at sun.misc.Unsafe.park(Native Method)
        at java.util.concurrent.locks.LockSupport.parkNanos(LockSupport.java:215)
        at java.util.concurrent.locks.AbstractQueuedSynchronizer$ConditionObject.awaitNanos(AbstractQueuedSynchronizer.java:2078)
        at java.util.concurrent.LinkedBlockingQueue.poll(LinkedBlockingQueue.java:467)
        at org.apache.hadoop.ipc.CallQueueManager.take(CallQueueManager.java:288)
        at org.apache.hadoop.ipc.Server$Handler.run(Server.java:2668)
"EventQueue-NewNodeForNewNodeHandler" daemon prio=5 tid=2860 in Object.wait()
java.lang.Thread.State: WAITING (on object monitor)
        at sun.misc.Unsafe.park(Native Method)
        at java.util.concurrent.locks.LockSupport.park(LockSupport.java:175)
        at java.util.concurrent.locks.AbstractQueuedSynchronizer$ConditionObject.await(AbstractQueuedSynchronizer.java:2039)
        at java.util.concurrent.LinkedBlockingQueue.take(LinkedBlockingQueue.java:442)
        at java.util.concurrent.ThreadPoolExecutor.getTask(ThreadPoolExecutor.java:1074)
        at java.util.concurrent.ThreadPoolExecutor.runWorker(ThreadPoolExecutor.java:1134)
        at java.util.concurrent.ThreadPoolExecutor$Worker.run(ThreadPoolExecutor.java:624)
        at java.lang.Thread.run(Thread.java:748)
"pool-168-thread-11"  prio=5 tid=2374 in Object.wait()
java.lang.Thread.State: WAITING (on object monitor)
        at sun.misc.Unsafe.park(Native Method)
        at java.util.concurrent.locks.LockSupport.park(LockSupport.java:175)
        at java.util.concurrent.locks.AbstractQueuedSynchronizer$ConditionObject.await(AbstractQueuedSynchronizer.java:2039)
        at java.util.concurrent.ArrayBlockingQueue.take(ArrayBlockingQueue.java:403)
        at java.util.concurrent.ThreadPoolExecutor.getTask(ThreadPoolExecutor.java:1074)
        at java.util.concurrent.ThreadPoolExecutor.runWorker(ThreadPoolExecutor.java:1134)
        at java.util.concurrent.ThreadPoolExecutor$Worker.run(ThreadPoolExecutor.java:624)
        at java.lang.Thread.run(Thread.java:748)
"25c17e6e-60f2-43b7-8570-af6cc9981309@group-A7405D5AD40E-StateMachineUpdater" daemon prio=5 tid=3131 in Object.wait()
java.lang.Thread.State: WAITING (on object monitor)
        at java.lang.Object.wait(Native Method)
        at java.lang.Object.wait(Object.java:502)
        at org.apache.ratis.server.impl.StateMachineUpdater.waitForCommit(StateMachineUpdater.java:194)
        at org.apache.ratis.server.impl.StateMachineUpdater.run(StateMachineUpdater.java:159)
        at java.lang.Thread.run(Thread.java:748)
"pool-198-thread-55"  prio=5 tid=2604 in Object.wait()
java.lang.Thread.State: WAITING (on object monitor)
        at sun.misc.Unsafe.park(Native Method)
        at java.util.concurrent.locks.LockSupport.park(LockSupport.java:175)
        at java.util.concurrent.locks.AbstractQueuedSynchronizer$ConditionObject.await(AbstractQueuedSynchronizer.java:2039)
        at java.util.concurrent.ArrayBlockingQueue.take(ArrayBlockingQueue.java:403)
        at java.util.concurrent.ThreadPoolExecutor.getTask(ThreadPoolExecutor.java:1074)
        at java.util.concurrent.ThreadPoolExecutor.runWorker(ThreadPoolExecutor.java:1134)
        at java.util.concurrent.ThreadPoolExecutor$Worker.run(ThreadPoolExecutor.java:624)
        at java.lang.Thread.run(Thread.java:748)
"pool-148-thread-9"  prio=5 tid=2247 in Object.wait()
java.lang.Thread.State: WAITING (on object monitor)
        at sun.misc.Unsafe.park(Native Method)
        at java.util.concurrent.locks.LockSupport.park(LockSupport.java:175)
        at java.util.concurrent.locks.AbstractQueuedSynchronizer$ConditionObject.await(AbstractQueuedSynchronizer.java:2039)
        at java.util.concurrent.ArrayBlockingQueue.take(ArrayBlockingQueue.java:403)
        at java.util.concurrent.ThreadPoolExecutor.getTask(ThreadPoolExecutor.java:1074)
        at java.util.concurrent.ThreadPoolExecutor.runWorker(ThreadPoolExecutor.java:1134)
        at java.util.concurrent.ThreadPoolExecutor$Worker.run(ThreadPoolExecutor.java:624)
        at java.lang.Thread.run(Thread.java:748)
"refreshUsed-/workdir/hadoop-ozone/integration-test/target/test-dir/MiniOzoneClusterImpl-6b3e2517-75a7-4dd9-8054-0b12e404e591/datanode-5/data/containers" daemon prio=5 tid=2106 timed_waiting
java.lang.Thread.State: TIMED_WAITING
        at java.lang.Thread.sleep(Native Method)
        at org.apache.hadoop.fs.CachingGetSpaceUsed$RefreshThread.run(CachingGetSpaceUsed.java:179)
        at java.lang.Thread.run(Thread.java:748)
"OMDoubleBufferFlushThread" daemon prio=5 tid=1927 timed_waiting
java.lang.Thread.State: TIMED_WAITING
        at java.lang.Object.wait(Native Method)
        at org.apache.hadoop.ozone.om.ratis.OzoneManagerDoubleBuffer.canFlush(OzoneManagerDoubleBuffer.java:333)
        at org.apache.hadoop.ozone.om.ratis.OzoneManagerDoubleBuffer.flushTransactions(OzoneManagerDoubleBuffer.java:130)
        at org.apache.hadoop.ozone.om.ratis.OzoneManagerDoubleBuffer$$Lambda$48/1914740115.run(Unknown Source)
        at java.lang.Thread.run(Thread.java:748)
"qtp95553286-1961" daemon prio=5 tid=1961 timed_waiting
java.lang.Thread.State: TIMED_WAITING
        at sun.misc.Unsafe.park(Native Method)
        at java.util.concurrent.locks.LockSupport.parkNanos(LockSupport.java:215)
        at java.util.concurrent.locks.AbstractQueuedSynchronizer$ConditionObject.awaitNanos(AbstractQueuedSynchronizer.java:2078)
        at org.eclipse.jetty.util.BlockingArrayQueue.poll(BlockingArrayQueue.java:392)
        at org.eclipse.jetty.util.thread.QueuedThreadPool.idleJobPoll(QueuedThreadPool.java:563)
        at org.eclipse.jetty.util.thread.QueuedThreadPool.access$800(QueuedThreadPool.java:48)
        at org.eclipse.jetty.util.thread.QueuedThreadPool$2.run(QueuedThreadPool.java:626)
        at java.lang.Thread.run(Thread.java:748)
"pool-228-thread-8"  prio=5 tid=2743 in Object.wait()
java.lang.Thread.State: WAITING (on object monitor)
        at sun.misc.Unsafe.park(Native Method)
        at java.util.concurrent.locks.LockSupport.park(LockSupport.java:175)
        at java.util.concurrent.locks.AbstractQueuedSynchronizer$ConditionObject.await(AbstractQueuedSynchronizer.java:2039)
        at java.util.concurrent.ArrayBlockingQueue.take(ArrayBlockingQueue.java:403)
        at java.util.concurrent.ThreadPoolExecutor.getTask(ThreadPoolExecutor.java:1074)
        at java.util.concurrent.ThreadPoolExecutor.runWorker(ThreadPoolExecutor.java:1134)
        at java.util.concurrent.ThreadPoolExecutor$Worker.run(ThreadPoolExecutor.java:624)
        at java.lang.Thread.run(Thread.java:748)
"pool-188-thread-18"  prio=5 tid=2505 in Object.wait()
java.lang.Thread.State: WAITING (on object monitor)
        at sun.misc.Unsafe.park(Native Method)
        at java.util.concurrent.locks.LockSupport.park(LockSupport.java:175)
        at java.util.concurrent.locks.AbstractQueuedSynchronizer$ConditionObject.await(AbstractQueuedSynchronizer.java:2039)
        at java.util.concurrent.ArrayBlockingQueue.take(ArrayBlockingQueue.java:403)
        at java.util.concurrent.ThreadPoolExecutor.getTask(ThreadPoolExecutor.java:1074)
        at java.util.concurrent.ThreadPoolExecutor.runWorker(ThreadPoolExecutor.java:1134)
        at java.util.concurrent.ThreadPoolExecutor$Worker.run(ThreadPoolExecutor.java:624)
        at java.lang.Thread.run(Thread.java:748)
"Datanode ReportManager Thread - 1" daemon prio=5 tid=2151 timed_waiting
java.lang.Thread.State: TIMED_WAITING
        at sun.misc.Unsafe.park(Native Method)
        at java.util.concurrent.locks.LockSupport.parkNanos(LockSupport.java:215)
        at java.util.concurrent.locks.AbstractQueuedSynchronizer$ConditionObject.awaitNanos(AbstractQueuedSynchronizer.java:2078)
        at java.util.concurrent.ScheduledThreadPoolExecutor$DelayedWorkQueue.take(ScheduledThreadPoolExecutor.java:1093)
        at java.util.concurrent.ScheduledThreadPoolExecutor$DelayedWorkQueue.take(ScheduledThreadPoolExecutor.java:809)
        at java.util.concurrent.ThreadPoolExecutor.getTask(ThreadPoolExecutor.java:1074)
        at java.util.concurrent.ThreadPoolExecutor.runWorker(ThreadPoolExecutor.java:1134)
        at java.util.concurrent.ThreadPoolExecutor$Worker.run(ThreadPoolExecutor.java:624)
        at java.lang.Thread.run(Thread.java:748)
"org.eclipse.jetty.server.session.HashSessionManager@250b5e5bTimer" daemon prio=5 tid=2229 timed_waiting
java.lang.Thread.State: TIMED_WAITING
        at sun.misc.Unsafe.park(Native Method)
        at java.util.concurrent.locks.LockSupport.parkNanos(LockSupport.java:215)
        at java.util.concurrent.locks.AbstractQueuedSynchronizer$ConditionObject.awaitNanos(AbstractQueuedSynchronizer.java:2078)
        at java.util.concurrent.ScheduledThreadPoolExecutor$DelayedWorkQueue.take(ScheduledThreadPoolExecutor.java:1093)
        at java.util.concurrent.ScheduledThreadPoolExecutor$DelayedWorkQueue.take(ScheduledThreadPoolExecutor.java:809)
        at java.util.concurrent.ThreadPoolExecutor.getTask(ThreadPoolExecutor.java:1074)
        at java.util.concurrent.ThreadPoolExecutor.runWorker(ThreadPoolExecutor.java:1134)
        at java.util.concurrent.ThreadPoolExecutor$Worker.run(ThreadPoolExecutor.java:624)
        at java.lang.Thread.run(Thread.java:748)
"org.apache.hadoop.util.JvmPauseMonitor$Monitor@456ed6bc" daemon prio=5 tid=2182 timed_waiting
java.lang.Thread.State: TIMED_WAITING
        at java.lang.Thread.sleep(Native Method)
        at org.apache.hadoop.util.JvmPauseMonitor$Monitor.run(JvmPauseMonitor.java:192)
        at java.lang.Thread.run(Thread.java:748)
"pool-228-thread-32"  prio=5 tid=2767 in Object.wait()
java.lang.Thread.State: WAITING (on object monitor)
        at sun.misc.Unsafe.park(Native Method)
        at java.util.concurrent.locks.LockSupport.park(LockSupport.java:175)
        at java.util.concurrent.locks.AbstractQueuedSynchronizer$ConditionObject.await(AbstractQueuedSynchronizer.java:2039)
        at java.util.concurrent.ArrayBlockingQueue.take(ArrayBlockingQueue.java:403)
        at java.util.concurrent.ThreadPoolExecutor.getTask(ThreadPoolExecutor.java:1074)
        at java.util.concurrent.ThreadPoolExecutor.runWorker(ThreadPoolExecutor.java:1134)
        at java.util.concurrent.ThreadPoolExecutor$Worker.run(ThreadPoolExecutor.java:624)
        at java.lang.Thread.run(Thread.java:748)
"pool-218-thread-43"  prio=5 tid=2716 in Object.wait()
java.lang.Thread.State: WAITING (on object monitor)
        at sun.misc.Unsafe.park(Native Method)
        at java.util.concurrent.locks.LockSupport.park(LockSupport.java:175)
        at java.util.concurrent.locks.AbstractQueuedSynchronizer$ConditionObject.await(AbstractQueuedSynchronizer.java:2039)
        at java.util.concurrent.ArrayBlockingQueue.take(ArrayBlockingQueue.java:403)
        at java.util.concurrent.ThreadPoolExecutor.getTask(ThreadPoolExecutor.java:1074)
        at java.util.concurrent.ThreadPoolExecutor.runWorker(ThreadPoolExecutor.java:1134)
        at java.util.concurrent.ThreadPoolExecutor$Worker.run(ThreadPoolExecutor.java:624)
        at java.lang.Thread.run(Thread.java:748)
"pool-208-thread-14"  prio=5 tid=2625 in Object.wait()
java.lang.Thread.State: WAITING (on object monitor)
        at sun.misc.Unsafe.park(Native Method)
        at java.util.concurrent.locks.LockSupport.park(LockSupport.java:175)
        at java.util.concurrent.locks.AbstractQueuedSynchronizer$ConditionObject.await(AbstractQueuedSynchronizer.java:2039)
        at java.util.concurrent.ArrayBlockingQueue.take(ArrayBlockingQueue.java:403)
        at java.util.concurrent.ThreadPoolExecutor.getTask(ThreadPoolExecutor.java:1074)
        at java.util.concurrent.ThreadPoolExecutor.runWorker(ThreadPoolExecutor.java:1134)
        at java.util.concurrent.ThreadPoolExecutor$Worker.run(ThreadPoolExecutor.java:624)
        at java.lang.Thread.run(Thread.java:748)
"pool-178-thread-35"  prio=5 tid=2460 in Object.wait()
java.lang.Thread.State: WAITING (on object monitor)
        at sun.misc.Unsafe.park(Native Method)
        at java.util.concurrent.locks.LockSupport.park(LockSupport.java:175)
        at java.util.concurrent.locks.AbstractQueuedSynchronizer$ConditionObject.await(AbstractQueuedSynchronizer.java:2039)
        at java.util.concurrent.ArrayBlockingQueue.take(ArrayBlockingQueue.java:403)
        at java.util.concurrent.ThreadPoolExecutor.getTask(ThreadPoolExecutor.java:1074)
        at java.util.concurrent.ThreadPoolExecutor.runWorker(ThreadPoolExecutor.java:1134)
        at java.util.concurrent.ThreadPoolExecutor$Worker.run(ThreadPoolExecutor.java:624)
        at java.lang.Thread.run(Thread.java:748)
"qtp1404150776-1980" daemon prio=5 tid=1980 timed_waiting
java.lang.Thread.State: TIMED_WAITING
        at sun.misc.Unsafe.park(Native Method)
        at java.util.concurrent.locks.LockSupport.parkNanos(LockSupport.java:215)
        at java.util.concurrent.locks.AbstractQueuedSynchronizer$ConditionObject.awaitNanos(AbstractQueuedSynchronizer.java:2078)
        at org.eclipse.jetty.util.BlockingArrayQueue.poll(BlockingArrayQueue.java:392)
        at org.eclipse.jetty.util.thread.QueuedThreadPool.idleJobPoll(QueuedThreadPool.java:563)
        at org.eclipse.jetty.util.thread.QueuedThreadPool.access$800(QueuedThreadPool.java:48)
        at org.eclipse.jetty.util.thread.QueuedThreadPool$2.run(QueuedThreadPool.java:626)
        at java.lang.Thread.run(Thread.java:748)
"dd0e1198-6ba1-4c32-9ce2-054c25212f92@group-031444766508-StateMachineUpdater" daemon prio=5 tid=3094 in Object.wait()
java.lang.Thread.State: WAITING (on object monitor)
        at java.lang.Object.wait(Native Method)
        at java.lang.Object.wait(Object.java:502)
        at org.apache.ratis.server.impl.StateMachineUpdater.waitForCommit(StateMachineUpdater.java:194)
        at org.apache.ratis.server.impl.StateMachineUpdater.run(StateMachineUpdater.java:159)
        at java.lang.Thread.run(Thread.java:748)
"pool-188-thread-37"  prio=5 tid=2524 in Object.wait()
java.lang.Thread.State: WAITING (on object monitor)
        at sun.misc.Unsafe.park(Native Method)
        at java.util.concurrent.locks.LockSupport.park(LockSupport.java:175)
        at java.util.concurrent.locks.AbstractQueuedSynchronizer$ConditionObject.await(AbstractQueuedSynchronizer.java:2039)
        at java.util.concurrent.ArrayBlockingQueue.take(ArrayBlockingQueue.java:403)
        at java.util.concurrent.ThreadPoolExecutor.getTask(ThreadPoolExecutor.java:1074)
        at java.util.concurrent.ThreadPoolExecutor.runWorker(ThreadPoolExecutor.java:1134)
        at java.util.concurrent.ThreadPoolExecutor$Worker.run(ThreadPoolExecutor.java:624)
        at java.lang.Thread.run(Thread.java:748)
"PartialTableCache Cleanup Thread - 0" daemon prio=5 tid=3036 in Object.wait()
java.lang.Thread.State: WAITING (on object monitor)
        at sun.misc.Unsafe.park(Native Method)
        at java.util.concurrent.locks.LockSupport.park(LockSupport.java:175)
        at java.util.concurrent.locks.AbstractQueuedSynchronizer$ConditionObject.await(AbstractQueuedSynchronizer.java:2039)
        at java.util.concurrent.LinkedBlockingQueue.take(LinkedBlockingQueue.java:442)
        at java.util.concurrent.ThreadPoolExecutor.getTask(ThreadPoolExecutor.java:1074)
        at java.util.concurrent.ThreadPoolExecutor.runWorker(ThreadPoolExecutor.java:1134)
        at java.util.concurrent.ThreadPoolExecutor$Worker.run(ThreadPoolExecutor.java:624)
        at java.lang.Thread.run(Thread.java:748)
"pool-228-thread-22"  prio=5 tid=2757 in Object.wait()
java.lang.Thread.State: WAITING (on object monitor)
        at sun.misc.Unsafe.park(Native Method)
        at java.util.concurrent.locks.LockSupport.park(LockSupport.java:175)
        at java.util.concurrent.locks.AbstractQueuedSynchronizer$ConditionObject.await(AbstractQueuedSynchronizer.java:2039)
        at java.util.concurrent.ArrayBlockingQueue.take(ArrayBlockingQueue.java:403)
        at java.util.concurrent.ThreadPoolExecutor.getTask(ThreadPoolExecutor.java:1074)
        at java.util.concurrent.ThreadPoolExecutor.runWorker(ThreadPoolExecutor.java:1134)
        at java.util.concurrent.ThreadPoolExecutor$Worker.run(ThreadPoolExecutor.java:624)
        at java.lang.Thread.run(Thread.java:748)
"pool-218-thread-33"  prio=5 tid=2706 in Object.wait()
java.lang.Thread.State: WAITING (on object monitor)
        at sun.misc.Unsafe.park(Native Method)
        at java.util.concurrent.locks.LockSupport.park(LockSupport.java:175)
        at java.util.concurrent.locks.AbstractQueuedSynchronizer$ConditionObject.await(AbstractQueuedSynchronizer.java:2039)
        at java.util.concurrent.ArrayBlockingQueue.take(ArrayBlockingQueue.java:403)
        at java.util.concurrent.ThreadPoolExecutor.getTask(ThreadPoolExecutor.java:1074)
        at java.util.concurrent.ThreadPoolExecutor.runWorker(ThreadPoolExecutor.java:1134)
        at java.util.concurrent.ThreadPoolExecutor$Worker.run(ThreadPoolExecutor.java:624)
        at java.lang.Thread.run(Thread.java:748)
"IPC Server handler 6 on 35974" daemon prio=5 tid=1858 timed_waiting
java.lang.Thread.State: TIMED_WAITING
        at sun.misc.Unsafe.park(Native Method)
        at java.util.concurrent.locks.LockSupport.parkNanos(LockSupport.java:215)
        at java.util.concurrent.locks.AbstractQueuedSynchronizer$ConditionObject.awaitNanos(AbstractQueuedSynchronizer.java:2078)
        at java.util.concurrent.LinkedBlockingQueue.poll(LinkedBlockingQueue.java:467)
        at org.apache.hadoop.ipc.CallQueueManager.take(CallQueueManager.java:288)
        at org.apache.hadoop.ipc.Server$Handler.run(Server.java:2668)
"pool-208-thread-60"  prio=5 tid=2671 in Object.wait()
java.lang.Thread.State: WAITING (on object monitor)
        at sun.misc.Unsafe.park(Native Method)
        at java.util.concurrent.locks.LockSupport.park(LockSupport.java:175)
        at java.util.concurrent.locks.AbstractQueuedSynchronizer$ConditionObject.await(AbstractQueuedSynchronizer.java:2039)
        at java.util.concurrent.ArrayBlockingQueue.take(ArrayBlockingQueue.java:403)
        at java.util.concurrent.ThreadPoolExecutor.getTask(ThreadPoolExecutor.java:1074)
        at java.util.concurrent.ThreadPoolExecutor.runWorker(ThreadPoolExecutor.java:1134)
        at java.util.concurrent.ThreadPoolExecutor$Worker.run(ThreadPoolExecutor.java:624)
        at java.lang.Thread.run(Thread.java:748)
"pool-238-thread-35"  prio=5 tid=2832 in Object.wait()
java.lang.Thread.State: WAITING (on object monitor)
        at sun.misc.Unsafe.park(Native Method)
        at java.util.concurrent.locks.LockSupport.park(LockSupport.java:175)
        at java.util.concurrent.locks.AbstractQueuedSynchronizer$ConditionObject.await(AbstractQueuedSynchronizer.java:2039)
        at java.util.concurrent.ArrayBlockingQueue.take(ArrayBlockingQueue.java:403)
        at java.util.concurrent.ThreadPoolExecutor.getTask(ThreadPoolExecutor.java:1074)
        at java.util.concurrent.ThreadPoolExecutor.runWorker(ThreadPoolExecutor.java:1134)
        at java.util.concurrent.ThreadPoolExecutor$Worker.run(ThreadPoolExecutor.java:624)
        at java.lang.Thread.run(Thread.java:748)
"pool-238-thread-28"  prio=5 tid=2825 in Object.wait()
java.lang.Thread.State: WAITING (on object monitor)
        at sun.misc.Unsafe.park(Native Method)
        at java.util.concurrent.locks.LockSupport.park(LockSupport.java:175)
        at java.util.concurrent.locks.AbstractQueuedSynchronizer$ConditionObject.await(AbstractQueuedSynchronizer.java:2039)
        at java.util.concurrent.ArrayBlockingQueue.take(ArrayBlockingQueue.java:403)
        at java.util.concurrent.ThreadPoolExecutor.getTask(ThreadPoolExecutor.java:1074)
        at java.util.concurrent.ThreadPoolExecutor.runWorker(ThreadPoolExecutor.java:1134)
        at java.util.concurrent.ThreadPoolExecutor$Worker.run(ThreadPoolExecutor.java:624)
        at java.lang.Thread.run(Thread.java:748)
"pool-188-thread-56"  prio=5 tid=2543 in Object.wait()
java.lang.Thread.State: WAITING (on object monitor)
        at sun.misc.Unsafe.park(Native Method)
        at java.util.concurrent.locks.LockSupport.park(LockSupport.java:175)
        at java.util.concurrent.locks.AbstractQueuedSynchronizer$ConditionObject.await(AbstractQueuedSynchronizer.java:2039)
        at java.util.concurrent.ArrayBlockingQueue.take(ArrayBlockingQueue.java:403)
        at java.util.concurrent.ThreadPoolExecutor.getTask(ThreadPoolExecutor.java:1074)
        at java.util.concurrent.ThreadPoolExecutor.runWorker(ThreadPoolExecutor.java:1134)
        at java.util.concurrent.ThreadPoolExecutor$Worker.run(ThreadPoolExecutor.java:624)
        at java.lang.Thread.run(Thread.java:748)
"pool-186-thread-1" daemon prio=5 tid=2081 timed_waiting
java.lang.Thread.State: TIMED_WAITING
        at sun.misc.Unsafe.park(Native Method)
        at java.util.concurrent.locks.LockSupport.parkNanos(LockSupport.java:215)
        at java.util.concurrent.locks.AbstractQueuedSynchronizer$ConditionObject.awaitNanos(AbstractQueuedSynchronizer.java:2078)
        at java.util.concurrent.ScheduledThreadPoolExecutor$DelayedWorkQueue.take(ScheduledThreadPoolExecutor.java:1093)
        at java.util.concurrent.ScheduledThreadPoolExecutor$DelayedWorkQueue.take(ScheduledThreadPoolExecutor.java:809)
        at java.util.concurrent.ThreadPoolExecutor.getTask(ThreadPoolExecutor.java:1074)
        at java.util.concurrent.ThreadPoolExecutor.runWorker(ThreadPoolExecutor.java:1134)
        at java.util.concurrent.ThreadPoolExecutor$Worker.run(ThreadPoolExecutor.java:624)
        at java.lang.Thread.run(Thread.java:748)
"pool-178-thread-37"  prio=5 tid=2462 in Object.wait()
java.lang.Thread.State: WAITING (on object monitor)
        at sun.misc.Unsafe.park(Native Method)
        at java.util.concurrent.locks.LockSupport.park(LockSupport.java:175)
        at java.util.concurrent.locks.AbstractQueuedSynchronizer$ConditionObject.await(AbstractQueuedSynchronizer.java:2039)
        at java.util.concurrent.ArrayBlockingQueue.take(ArrayBlockingQueue.java:403)
        at java.util.concurrent.ThreadPoolExecutor.getTask(ThreadPoolExecutor.java:1074)
        at java.util.concurrent.ThreadPoolExecutor.runWorker(ThreadPoolExecutor.java:1134)
        at java.util.concurrent.ThreadPoolExecutor$Worker.run(ThreadPoolExecutor.java:624)
        at java.lang.Thread.run(Thread.java:748)
"pool-208-thread-7"  prio=5 tid=2618 in Object.wait()
java.lang.Thread.State: WAITING (on object monitor)
        at sun.misc.Unsafe.park(Native Method)
        at java.util.concurrent.locks.LockSupport.park(LockSupport.java:175)
        at java.util.concurrent.locks.AbstractQueuedSynchronizer$ConditionObject.await(AbstractQueuedSynchronizer.java:2039)
        at java.util.concurrent.ArrayBlockingQueue.take(ArrayBlockingQueue.java:403)
        at java.util.concurrent.ThreadPoolExecutor.getTask(ThreadPoolExecutor.java:1074)
        at java.util.concurrent.ThreadPoolExecutor.runWorker(ThreadPoolExecutor.java:1134)
        at java.util.concurrent.ThreadPoolExecutor$Worker.run(ThreadPoolExecutor.java:624)
        at java.lang.Thread.run(Thread.java:748)
"DataNode DiskChecker thread 0" daemon prio=5 tid=2080 timed_waiting
java.lang.Thread.State: TIMED_WAITING
        at sun.misc.Unsafe.park(Native Method)
        at java.util.concurrent.locks.LockSupport.parkNanos(LockSupport.java:215)
        at java.util.concurrent.SynchronousQueue$TransferStack.awaitFulfill(SynchronousQueue.java:460)
        at java.util.concurrent.SynchronousQueue$TransferStack.transfer(SynchronousQueue.java:362)
        at java.util.concurrent.SynchronousQueue.poll(SynchronousQueue.java:941)
        at java.util.concurrent.ThreadPoolExecutor.getTask(ThreadPoolExecutor.java:1073)
        at java.util.concurrent.ThreadPoolExecutor.runWorker(ThreadPoolExecutor.java:1134)
        at java.util.concurrent.ThreadPoolExecutor$Worker.run(ThreadPoolExecutor.java:624)
        at java.lang.Thread.run(Thread.java:748)
"pool-198-thread-19"  prio=5 tid=2568 in Object.wait()
java.lang.Thread.State: WAITING (on object monitor)
        at sun.misc.Unsafe.park(Native Method)
        at java.util.concurrent.locks.LockSupport.park(LockSupport.java:175)
        at java.util.concurrent.locks.AbstractQueuedSynchronizer$ConditionObject.await(AbstractQueuedSynchronizer.java:2039)
        at java.util.concurrent.ArrayBlockingQueue.take(ArrayBlockingQueue.java:403)
        at java.util.concurrent.ThreadPoolExecutor.getTask(ThreadPoolExecutor.java:1074)
        at java.util.concurrent.ThreadPoolExecutor.runWorker(ThreadPoolExecutor.java:1134)
        at java.util.concurrent.ThreadPoolExecutor$Worker.run(ThreadPoolExecutor.java:624)
        at java.lang.Thread.run(Thread.java:748)
"DataNode DiskChecker thread 0" daemon prio=5 tid=2161 timed_waiting
java.lang.Thread.State: TIMED_WAITING
        at sun.misc.Unsafe.park(Native Method)
        at java.util.concurrent.locks.LockSupport.parkNanos(LockSupport.java:215)
        at java.util.concurrent.SynchronousQueue$TransferStack.awaitFulfill(SynchronousQueue.java:460)
        at java.util.concurrent.SynchronousQueue$TransferStack.transfer(SynchronousQueue.java:362)
        at java.util.concurrent.SynchronousQueue.poll(SynchronousQueue.java:941)
        at java.util.concurrent.ThreadPoolExecutor.getTask(ThreadPoolExecutor.java:1073)
        at java.util.concurrent.ThreadPoolExecutor.runWorker(ThreadPoolExecutor.java:1134)
        at java.util.concurrent.ThreadPoolExecutor$Worker.run(ThreadPoolExecutor.java:624)
        at java.lang.Thread.run(Thread.java:748)
"Datanode ReportManager Thread - 0" daemon prio=5 tid=2096 in Object.wait()
java.lang.Thread.State: WAITING (on object monitor)
        at sun.misc.Unsafe.park(Native Method)
        at java.util.concurrent.locks.LockSupport.park(LockSupport.java:175)
        at java.util.concurrent.locks.AbstractQueuedSynchronizer$ConditionObject.await(AbstractQueuedSynchronizer.java:2039)
        at java.util.concurrent.ScheduledThreadPoolExecutor$DelayedWorkQueue.take(ScheduledThreadPoolExecutor.java:1088)
        at java.util.concurrent.ScheduledThreadPoolExecutor$DelayedWorkQueue.take(ScheduledThreadPoolExecutor.java:809)
        at java.util.concurrent.ThreadPoolExecutor.getTask(ThreadPoolExecutor.java:1074)
        at java.util.concurrent.ThreadPoolExecutor.runWorker(ThreadPoolExecutor.java:1134)
        at java.util.concurrent.ThreadPoolExecutor$Worker.run(ThreadPoolExecutor.java:624)
        at java.lang.Thread.run(Thread.java:748)
"Thread-1334" daemon prio=5 tid=2963 timed_waiting
java.lang.Thread.State: TIMED_WAITING
        at sun.misc.Unsafe.park(Native Method)
        at java.util.concurrent.locks.LockSupport.parkNanos(LockSupport.java:215)
        at java.util.concurrent.locks.AbstractQueuedSynchronizer$ConditionObject.awaitNanos(AbstractQueuedSynchronizer.java:2078)
        at java.util.concurrent.ArrayBlockingQueue.poll(ArrayBlockingQueue.java:418)
        at org.apache.ratis.server.impl.LeaderState$EventQueue.poll(LeaderState.java:115)
        at org.apache.ratis.server.impl.LeaderState$EventProcessor.run(LeaderState.java:467)
"pool-218-thread-16"  prio=5 tid=2689 in Object.wait()
java.lang.Thread.State: WAITING (on object monitor)
        at sun.misc.Unsafe.park(Native Method)
        at java.util.concurrent.locks.LockSupport.park(LockSupport.java:175)
        at java.util.concurrent.locks.AbstractQueuedSynchronizer$ConditionObject.await(AbstractQueuedSynchronizer.java:2039)
        at java.util.concurrent.ArrayBlockingQueue.take(ArrayBlockingQueue.java:403)
        at java.util.concurrent.ThreadPoolExecutor.getTask(ThreadPoolExecutor.java:1074)
        at java.util.concurrent.ThreadPoolExecutor.runWorker(ThreadPoolExecutor.java:1134)
        at java.util.concurrent.ThreadPoolExecutor$Worker.run(ThreadPoolExecutor.java:624)
        at java.lang.Thread.run(Thread.java:748)
"pool-188-thread-35"  prio=5 tid=2522 in Object.wait()
java.lang.Thread.State: WAITING (on object monitor)
        at sun.misc.Unsafe.park(Native Method)
        at java.util.concurrent.locks.LockSupport.park(LockSupport.java:175)
        at java.util.concurrent.locks.AbstractQueuedSynchronizer$ConditionObject.await(AbstractQueuedSynchronizer.java:2039)
        at java.util.concurrent.ArrayBlockingQueue.take(ArrayBlockingQueue.java:403)
        at java.util.concurrent.ThreadPoolExecutor.getTask(ThreadPoolExecutor.java:1074)
        at java.util.concurrent.ThreadPoolExecutor.runWorker(ThreadPoolExecutor.java:1134)
        at java.util.concurrent.ThreadPoolExecutor$Worker.run(ThreadPoolExecutor.java:624)
        at java.lang.Thread.run(Thread.java:748)
"main"  prio=5 tid=1 runnable
java.lang.Thread.State: RUNNABLE
        at java.lang.Thread.dumpThreads(Native Method)
        at java.lang.Thread.getAllStackTraces(Thread.java:1610)
        at org.apache.hadoop.test.TimedOutTestsListener.buildThreadDump(TimedOutTestsListener.java:87)
        at org.apache.hadoop.test.TimedOutTestsListener.buildThreadDiagnosticString(TimedOutTestsListener.java:73)
        at org.apache.hadoop.test.GenericTestUtils.waitFor(GenericTestUtils.java:389)
        at org.apache.hadoop.ozone.container.ContainerTestHelper.waitForContainerClose(ContainerTestHelper.java:903)
        at org.apache.hadoop.ozone.client.rpc.TestFailureHandlingByClient.testContainerExclusionWithClosedContainerException(TestFailureHandlingByClient.java:249)
        at sun.reflect.NativeMethodAccessorImpl.invoke0(Native Method)
        at sun.reflect.NativeMethodAccessorImpl.invoke(NativeMethodAccessorImpl.java:62)
        at sun.reflect.DelegatingMethodAccessorImpl.invoke(DelegatingMethodAccessorImpl.java:43)
        at java.lang.reflect.Method.invoke(Method.java:498)
        at org.junit.runners.model.FrameworkMethod$1.runReflectiveCall(FrameworkMethod.java:47)
        at org.junit.internal.runners.model.ReflectiveCallable.run(ReflectiveCallable.java:12)
        at org.junit.runners.model.FrameworkMethod.invokeExplosively(FrameworkMethod.java:44)
        at org.junit.internal.runners.statements.InvokeMethod.evaluate(InvokeMethod.java:17)
        at org.junit.internal.runners.statements.RunAfters.evaluate(RunAfters.java:27)
        at org.junit.runners.ParentRunner.runLeaf(ParentRunner.java:271)
        at org.junit.runners.BlockJUnit4ClassRunner.runChild(BlockJUnit4ClassRunner.java:70)
        at org.junit.runners.BlockJUnit4ClassRunner.runChild(BlockJUnit4ClassRunner.java:50)
        at org.junit.runners.ParentRunner$3.run(ParentRunner.java:238)
        at org.junit.runners.ParentRunner$1.schedule(ParentRunner.java:63)
        at org.junit.runners.ParentRunner.runChildren(ParentRunner.java:236)
        at org.junit.runners.ParentRunner.access$000(ParentRunner.java:53)
        at org.junit.runners.ParentRunner$2.evaluate(ParentRunner.java:229)
        at org.junit.runners.ParentRunner.run(ParentRunner.java:309)
        at org.apache.maven.surefire.junit4.JUnit4Provider.execute(JUnit4Provider.java:365)
        at org.apache.maven.surefire.junit4.JUnit4Provider.executeWithRerun(JUnit4Provider.java:273)
        at org.apache.maven.surefire.junit4.JUnit4Provider.executeTestSet(JUnit4Provider.java:238)
        at org.apache.maven.surefire.junit4.JUnit4Provider.invoke(JUnit4Provider.java:159)
        at org.apache.maven.surefire.booter.ForkedBooter.invokeProviderInSameClassLoader(ForkedBooter.java:384)
        at org.apache.maven.surefire.booter.ForkedBooter.runSuitesInProcess(ForkedBooter.java:345)
        at org.apache.maven.surefire.booter.ForkedBooter.execute(ForkedBooter.java:126)
        at org.apache.maven.surefire.booter.ForkedBooter.main(ForkedBooter.java:418)
"pool-228-thread-13"  prio=5 tid=2748 in Object.wait()
java.lang.Thread.State: WAITING (on object monitor)
        at sun.misc.Unsafe.park(Native Method)
        at java.util.concurrent.locks.LockSupport.park(LockSupport.java:175)
        at java.util.concurrent.locks.AbstractQueuedSynchronizer$ConditionObject.await(AbstractQueuedSynchronizer.java:2039)
        at java.util.concurrent.ArrayBlockingQueue.take(ArrayBlockingQueue.java:403)
        at java.util.concurrent.ThreadPoolExecutor.getTask(ThreadPoolExecutor.java:1074)
        at java.util.concurrent.ThreadPoolExecutor.runWorker(ThreadPoolExecutor.java:1134)
        at java.util.concurrent.ThreadPoolExecutor$Worker.run(ThreadPoolExecutor.java:624)
        at java.lang.Thread.run(Thread.java:748)
"pool-188-thread-49"  prio=5 tid=2536 in Object.wait()
java.lang.Thread.State: WAITING (on object monitor)
        at sun.misc.Unsafe.park(Native Method)
        at java.util.concurrent.locks.LockSupport.park(LockSupport.java:175)
        at java.util.concurrent.locks.AbstractQueuedSynchronizer$ConditionObject.await(AbstractQueuedSynchronizer.java:2039)
        at java.util.concurrent.ArrayBlockingQueue.take(ArrayBlockingQueue.java:403)
        at java.util.concurrent.ThreadPoolExecutor.getTask(ThreadPoolExecutor.java:1074)
        at java.util.concurrent.ThreadPoolExecutor.runWorker(ThreadPoolExecutor.java:1134)
        at java.util.concurrent.ThreadPoolExecutor$Worker.run(ThreadPoolExecutor.java:624)
        at java.lang.Thread.run(Thread.java:748)
"pool-228-thread-46"  prio=5 tid=2781 in Object.wait()
java.lang.Thread.State: WAITING (on object monitor)
        at sun.misc.Unsafe.park(Native Method)
        at java.util.concurrent.locks.LockSupport.park(LockSupport.java:175)
        at java.util.concurrent.locks.AbstractQueuedSynchronizer$ConditionObject.await(AbstractQueuedSynchronizer.java:2039)
        at java.util.concurrent.ArrayBlockingQueue.take(ArrayBlockingQueue.java:403)
        at java.util.concurrent.ThreadPoolExecutor.getTask(ThreadPoolExecutor.java:1074)
        at java.util.concurrent.ThreadPoolExecutor.runWorker(ThreadPoolExecutor.java:1134)
        at java.util.concurrent.ThreadPoolExecutor$Worker.run(ThreadPoolExecutor.java:624)
        at java.lang.Thread.run(Thread.java:748)
"DataNode DiskChecker thread 0" daemon prio=5 tid=2188 timed_waiting
java.lang.Thread.State: TIMED_WAITING
        at sun.misc.Unsafe.park(Native Method)
        at java.util.concurrent.locks.LockSupport.parkNanos(LockSupport.java:215)
        at java.util.concurrent.SynchronousQueue$TransferStack.awaitFulfill(SynchronousQueue.java:460)
        at java.util.concurrent.SynchronousQueue$TransferStack.transfer(SynchronousQueue.java:362)
        at java.util.concurrent.SynchronousQueue.poll(SynchronousQueue.java:941)
        at java.util.concurrent.ThreadPoolExecutor.getTask(ThreadPoolExecutor.java:1073)
        at java.util.concurrent.ThreadPoolExecutor.runWorker(ThreadPoolExecutor.java:1134)
        at java.util.concurrent.ThreadPoolExecutor$Worker.run(ThreadPoolExecutor.java:624)
        at java.lang.Thread.run(Thread.java:748)
"pool-208-thread-33"  prio=5 tid=2644 in Object.wait()
java.lang.Thread.State: WAITING (on object monitor)
        at sun.misc.Unsafe.park(Native Method)
        at java.util.concurrent.locks.LockSupport.park(LockSupport.java:175)
        at java.util.concurrent.locks.AbstractQueuedSynchronizer$ConditionObject.await(AbstractQueuedSynchronizer.java:2039)
        at java.util.concurrent.ArrayBlockingQueue.take(ArrayBlockingQueue.java:403)
        at java.util.concurrent.ThreadPoolExecutor.getTask(ThreadPoolExecutor.java:1074)
        at java.util.concurrent.ThreadPoolExecutor.runWorker(ThreadPoolExecutor.java:1134)
        at java.util.concurrent.ThreadPoolExecutor$Worker.run(ThreadPoolExecutor.java:624)
        at java.lang.Thread.run(Thread.java:748)
"pool-188-thread-34"  prio=5 tid=2521 in Object.wait()
java.lang.Thread.State: WAITING (on object monitor)
        at sun.misc.Unsafe.park(Native Method)
        at java.util.concurrent.locks.LockSupport.park(LockSupport.java:175)
        at java.util.concurrent.locks.AbstractQueuedSynchronizer$ConditionObject.await(AbstractQueuedSynchronizer.java:2039)
        at java.util.concurrent.ArrayBlockingQueue.take(ArrayBlockingQueue.java:403)
        at java.util.concurrent.ThreadPoolExecutor.getTask(ThreadPoolExecutor.java:1074)
        at java.util.concurrent.ThreadPoolExecutor.runWorker(ThreadPoolExecutor.java:1134)
        at java.util.concurrent.ThreadPoolExecutor$Worker.run(ThreadPoolExecutor.java:624)
        at java.lang.Thread.run(Thread.java:748)
"pool-168-thread-7"  prio=5 tid=2370 in Object.wait()
java.lang.Thread.State: WAITING (on object monitor)
        at sun.misc.Unsafe.park(Native Method)
        at java.util.concurrent.locks.LockSupport.park(LockSupport.java:175)
        at java.util.concurrent.locks.AbstractQueuedSynchronizer$ConditionObject.await(AbstractQueuedSynchronizer.java:2039)
        at java.util.concurrent.ArrayBlockingQueue.take(ArrayBlockingQueue.java:403)
        at java.util.concurrent.ThreadPoolExecutor.getTask(ThreadPoolExecutor.java:1074)
        at java.util.concurrent.ThreadPoolExecutor.runWorker(ThreadPoolExecutor.java:1134)
        at java.util.concurrent.ThreadPoolExecutor$Worker.run(ThreadPoolExecutor.java:624)
        at java.lang.Thread.run(Thread.java:748)
"Datanode ReportManager Thread - 1" daemon prio=5 tid=1989 in Object.wait()
java.lang.Thread.State: WAITING (on object monitor)
        at sun.misc.Unsafe.park(Native Method)
        at java.util.concurrent.locks.LockSupport.park(LockSupport.java:175)
        at java.util.concurrent.locks.AbstractQueuedSynchronizer$ConditionObject.await(AbstractQueuedSynchronizer.java:2039)
        at java.util.concurrent.ScheduledThreadPoolExecutor$DelayedWorkQueue.take(ScheduledThreadPoolExecutor.java:1088)
        at java.util.concurrent.ScheduledThreadPoolExecutor$DelayedWorkQueue.take(ScheduledThreadPoolExecutor.java:809)
        at java.util.concurrent.ThreadPoolExecutor.getTask(ThreadPoolExecutor.java:1074)
        at java.util.concurrent.ThreadPoolExecutor.runWorker(ThreadPoolExecutor.java:1134)
        at java.util.concurrent.ThreadPoolExecutor$Worker.run(ThreadPoolExecutor.java:624)
        at java.lang.Thread.run(Thread.java:748)
"process reaper" daemon prio=10 tid=10 timed_waiting
java.lang.Thread.State: TIMED_WAITING
        at sun.misc.Unsafe.park(Native Method)
        at java.util.concurrent.locks.LockSupport.parkNanos(LockSupport.java:215)
        at java.util.concurrent.SynchronousQueue$TransferStack.awaitFulfill(SynchronousQueue.java:460)
        at java.util.concurrent.SynchronousQueue$TransferStack.transfer(SynchronousQueue.java:362)
        at java.util.concurrent.SynchronousQueue.poll(SynchronousQueue.java:941)
        at java.util.concurrent.ThreadPoolExecutor.getTask(ThreadPoolExecutor.java:1073)
        at java.util.concurrent.ThreadPoolExecutor.runWorker(ThreadPoolExecutor.java:1134)
        at java.util.concurrent.ThreadPoolExecutor$Worker.run(ThreadPoolExecutor.java:624)
        at java.lang.Thread.run(Thread.java:748)
"pool-198-thread-44"  prio=5 tid=2593 in Object.wait()
java.lang.Thread.State: WAITING (on object monitor)
        at sun.misc.Unsafe.park(Native Method)
        at java.util.concurrent.locks.LockSupport.park(LockSupport.java:175)
        at java.util.concurrent.locks.AbstractQueuedSynchronizer$ConditionObject.await(AbstractQueuedSynchronizer.java:2039)
        at java.util.concurrent.ArrayBlockingQueue.take(ArrayBlockingQueue.java:403)
        at java.util.concurrent.ThreadPoolExecutor.getTask(ThreadPoolExecutor.java:1074)
        at java.util.concurrent.ThreadPoolExecutor.runWorker(ThreadPoolExecutor.java:1134)
        at java.util.concurrent.ThreadPoolExecutor$Worker.run(ThreadPoolExecutor.java:624)
        at java.lang.Thread.run(Thread.java:748)
"pool-228-thread-56"  prio=5 tid=2791 in Object.wait()
java.lang.Thread.State: WAITING (on object monitor)
        at sun.misc.Unsafe.park(Native Method)
        at java.util.concurrent.locks.LockSupport.park(LockSupport.java:175)
        at java.util.concurrent.locks.AbstractQueuedSynchronizer$ConditionObject.await(AbstractQueuedSynchronizer.java:2039)
        at java.util.concurrent.ArrayBlockingQueue.take(ArrayBlockingQueue.java:403)
        at java.util.concurrent.ThreadPoolExecutor.getTask(ThreadPoolExecutor.java:1074)
        at java.util.concurrent.ThreadPoolExecutor.runWorker(ThreadPoolExecutor.java:1134)
        at java.util.concurrent.ThreadPoolExecutor$Worker.run(ThreadPoolExecutor.java:624)
        at java.lang.Thread.run(Thread.java:748)
"pool-148-thread-41"  prio=5 tid=2279 in Object.wait()
java.lang.Thread.State: WAITING (on object monitor)
        at sun.misc.Unsafe.park(Native Method)
        at java.util.concurrent.locks.LockSupport.park(LockSupport.java:175)
        at java.util.concurrent.locks.AbstractQueuedSynchronizer$ConditionObject.await(AbstractQueuedSynchronizer.java:2039)
        at java.util.concurrent.ArrayBlockingQueue.take(ArrayBlockingQueue.java:403)
        at java.util.concurrent.ThreadPoolExecutor.getTask(ThreadPoolExecutor.java:1074)
        at java.util.concurrent.ThreadPoolExecutor.runWorker(ThreadPoolExecutor.java:1134)
        at java.util.concurrent.ThreadPoolExecutor$Worker.run(ThreadPoolExecutor.java:624)
        at java.lang.Thread.run(Thread.java:748)
"refreshUsed-/workdir/hadoop-ozone/integration-test/target/test-dir/MiniOzoneClusterImpl-6b3e2517-75a7-4dd9-8054-0b12e404e591/datanode-1/data/containers" daemon prio=5 tid=1998 timed_waiting
java.lang.Thread.State: TIMED_WAITING
        at java.lang.Thread.sleep(Native Method)
        at org.apache.hadoop.fs.CachingGetSpaceUsed$RefreshThread.run(CachingGetSpaceUsed.java:179)
        at java.lang.Thread.run(Thread.java:748)
"pool-178-thread-16"  prio=5 tid=2441 in Object.wait()
java.lang.Thread.State: WAITING (on object monitor)
        at sun.misc.Unsafe.park(Native Method)
        at java.util.concurrent.locks.LockSupport.park(LockSupport.java:175)
        at java.util.concurrent.locks.AbstractQueuedSynchronizer$ConditionObject.await(AbstractQueuedSynchronizer.java:2039)
        at java.util.concurrent.ArrayBlockingQueue.take(ArrayBlockingQueue.java:403)
        at java.util.concurrent.ThreadPoolExecutor.getTask(ThreadPoolExecutor.java:1074)
        at java.util.concurrent.ThreadPoolExecutor.runWorker(ThreadPoolExecutor.java:1134)
        at java.util.concurrent.ThreadPoolExecutor$Worker.run(ThreadPoolExecutor.java:624)
        at java.lang.Thread.run(Thread.java:748)
"pool-188-thread-12"  prio=5 tid=2499 in Object.wait()
java.lang.Thread.State: WAITING (on object monitor)
        at sun.misc.Unsafe.park(Native Method)
        at java.util.concurrent.locks.LockSupport.park(LockSupport.java:175)
        at java.util.concurrent.locks.AbstractQueuedSynchronizer$ConditionObject.await(AbstractQueuedSynchronizer.java:2039)
        at java.util.concurrent.ArrayBlockingQueue.take(ArrayBlockingQueue.java:403)
        at java.util.concurrent.ThreadPoolExecutor.getTask(ThreadPoolExecutor.java:1074)
        at java.util.concurrent.ThreadPoolExecutor.runWorker(ThreadPoolExecutor.java:1134)
        at java.util.concurrent.ThreadPoolExecutor$Worker.run(ThreadPoolExecutor.java:624)
        at java.lang.Thread.run(Thread.java:748)
"Datanode ReportManager Thread - 0" daemon prio=5 tid=2177 in Object.wait()
java.lang.Thread.State: WAITING (on object monitor)
        at sun.misc.Unsafe.park(Native Method)
        at java.util.concurrent.locks.LockSupport.park(LockSupport.java:175)
        at java.util.concurrent.locks.AbstractQueuedSynchronizer$ConditionObject.await(AbstractQueuedSynchronizer.java:2039)
        at java.util.concurrent.ScheduledThreadPoolExecutor$DelayedWorkQueue.take(ScheduledThreadPoolExecutor.java:1088)
        at java.util.concurrent.ScheduledThreadPoolExecutor$DelayedWorkQueue.take(ScheduledThreadPoolExecutor.java:809)
        at java.util.concurrent.ThreadPoolExecutor.getTask(ThreadPoolExecutor.java:1074)
        at java.util.concurrent.ThreadPoolExecutor.runWorker(ThreadPoolExecutor.java:1134)
        at java.util.concurrent.ThreadPoolExecutor$Worker.run(ThreadPoolExecutor.java:624)
        at java.lang.Thread.run(Thread.java:748)
"qtp254416915-2142" daemon prio=5 tid=2142 timed_waiting
java.lang.Thread.State: TIMED_WAITING
        at sun.misc.Unsafe.park(Native Method)
        at java.util.concurrent.locks.LockSupport.parkNanos(LockSupport.java:215)
        at java.util.concurrent.locks.AbstractQueuedSynchronizer$ConditionObject.awaitNanos(AbstractQueuedSynchronizer.java:2078)
        at org.eclipse.jetty.util.BlockingArrayQueue.poll(BlockingArrayQueue.java:392)
        at org.eclipse.jetty.util.thread.QueuedThreadPool.idleJobPoll(QueuedThreadPool.java:563)
        at org.eclipse.jetty.util.thread.QueuedThreadPool.access$800(QueuedThreadPool.java:48)
        at org.eclipse.jetty.util.thread.QueuedThreadPool$2.run(QueuedThreadPool.java:626)
        at java.lang.Thread.run(Thread.java:748)
"pool-168-thread-9"  prio=5 tid=2372 in Object.wait()
java.lang.Thread.State: WAITING (on object monitor)
        at sun.misc.Unsafe.park(Native Method)
        at java.util.concurrent.locks.LockSupport.park(LockSupport.java:175)
        at java.util.concurrent.locks.AbstractQueuedSynchronizer$ConditionObject.await(AbstractQueuedSynchronizer.java:2039)
        at java.util.concurrent.ArrayBlockingQueue.take(ArrayBlockingQueue.java:403)
        at java.util.concurrent.ThreadPoolExecutor.getTask(ThreadPoolExecutor.java:1074)
        at java.util.concurrent.ThreadPoolExecutor.runWorker(ThreadPoolExecutor.java:1134)
        at java.util.concurrent.ThreadPoolExecutor$Worker.run(ThreadPoolExecutor.java:624)
        at java.lang.Thread.run(Thread.java:748)
"org.apache.hadoop.util.JvmPauseMonitor$Monitor@40039efb" daemon prio=5 tid=2047 timed_waiting
java.lang.Thread.State: TIMED_WAITING
        at java.lang.Thread.sleep(Native Method)
        at org.apache.hadoop.util.JvmPauseMonitor$Monitor.run(JvmPauseMonitor.java:192)
        at java.lang.Thread.run(Thread.java:748)
"pool-208-thread-3"  prio=5 tid=2614 in Object.wait()
java.lang.Thread.State: WAITING (on object monitor)
        at sun.misc.Unsafe.park(Native Method)
        at java.util.concurrent.locks.LockSupport.park(LockSupport.java:175)
        at java.util.concurrent.locks.AbstractQueuedSynchronizer$ConditionObject.await(AbstractQueuedSynchronizer.java:2039)
        at java.util.concurrent.ArrayBlockingQueue.take(ArrayBlockingQueue.java:403)
        at java.util.concurrent.ThreadPoolExecutor.getTask(ThreadPoolExecutor.java:1074)
        at java.util.concurrent.ThreadPoolExecutor.runWorker(ThreadPoolExecutor.java:1134)
        at java.util.concurrent.ThreadPoolExecutor$Worker.run(ThreadPoolExecutor.java:624)
        at java.lang.Thread.run(Thread.java:748)
"a96edad4-0b0c-48cb-948a-93b2fbf7c409@group-BD9547C05093-StateMachineUpdater" daemon prio=5 tid=3153 in Object.wait()
java.lang.Thread.State: WAITING (on object monitor)
        at java.lang.Object.wait(Native Method)
        at java.lang.Object.wait(Object.java:502)
        at org.apache.ratis.server.impl.StateMachineUpdater.waitForCommit(StateMachineUpdater.java:194)
        at org.apache.ratis.server.impl.StateMachineUpdater.run(StateMachineUpdater.java:159)
        at java.lang.Thread.run(Thread.java:748)
"Datanode ReportManager Thread - 3" daemon prio=5 tid=174 in Object.wait()
java.lang.Thread.State: WAITING (on object monitor)
        at sun.misc.Unsafe.park(Native Method)
        at java.util.concurrent.locks.LockSupport.park(LockSupport.java:175)
        at java.util.concurrent.locks.AbstractQueuedSynchronizer$ConditionObject.await(AbstractQueuedSynchronizer.java:2039)
        at java.util.concurrent.ScheduledThreadPoolExecutor$DelayedWorkQueue.take(ScheduledThreadPoolExecutor.java:1088)
        at java.util.concurrent.ScheduledThreadPoolExecutor$DelayedWorkQueue.take(ScheduledThreadPoolExecutor.java:809)
        at java.util.concurrent.ThreadPoolExecutor.getTask(ThreadPoolExecutor.java:1074)
        at java.util.concurrent.ThreadPoolExecutor.runWorker(ThreadPoolExecutor.java:1134)
        at java.util.concurrent.ThreadPoolExecutor$Worker.run(ThreadPoolExecutor.java:624)
        at java.lang.Thread.run(Thread.java:748)
"pool-168-thread-57"  prio=5 tid=2420 in Object.wait()
java.lang.Thread.State: WAITING (on object monitor)
        at sun.misc.Unsafe.park(Native Method)
        at java.util.concurrent.locks.LockSupport.park(LockSupport.java:175)
        at java.util.concurrent.locks.AbstractQueuedSynchronizer$ConditionObject.await(AbstractQueuedSynchronizer.java:2039)
        at java.util.concurrent.ArrayBlockingQueue.take(ArrayBlockingQueue.java:403)
        at java.util.concurrent.ThreadPoolExecutor.getTask(ThreadPoolExecutor.java:1074)
        at java.util.concurrent.ThreadPoolExecutor.runWorker(ThreadPoolExecutor.java:1134)
        at java.util.concurrent.ThreadPoolExecutor$Worker.run(ThreadPoolExecutor.java:624)
        at java.lang.Thread.run(Thread.java:748)
"IPC Server handler 0 on 43737" daemon prio=5 tid=1872 timed_waiting
java.lang.Thread.State: TIMED_WAITING
        at sun.misc.Unsafe.park(Native Method)
        at java.util.concurrent.locks.LockSupport.parkNanos(LockSupport.java:215)
        at java.util.concurrent.locks.AbstractQueuedSynchronizer$ConditionObject.awaitNanos(AbstractQueuedSynchronizer.java:2078)
        at java.util.concurrent.LinkedBlockingQueue.poll(LinkedBlockingQueue.java:467)
        at org.apache.hadoop.ipc.CallQueueManager.take(CallQueueManager.java:288)
        at org.apache.hadoop.ipc.Server$Handler.run(Server.java:2668)
"IPC Server handler 5 on 42444" daemon prio=5 tid=1897 timed_waiting
java.lang.Thread.State: TIMED_WAITING
        at sun.misc.Unsafe.park(Native Method)
        at java.util.concurrent.locks.LockSupport.parkNanos(LockSupport.java:215)
        at java.util.concurrent.locks.AbstractQueuedSynchronizer$ConditionObject.awaitNanos(AbstractQueuedSynchronizer.java:2078)
        at java.util.concurrent.LinkedBlockingQueue.poll(LinkedBlockingQueue.java:467)
        at org.apache.hadoop.ipc.CallQueueManager.take(CallQueueManager.java:288)
        at org.apache.hadoop.ipc.Server$Handler.run(Server.java:2668)
"Datanode State Machine Thread - 0" daemon prio=5 tid=2237 timed_waiting
java.lang.Thread.State: TIMED_WAITING
        at sun.misc.Unsafe.park(Native Method)
        at java.util.concurrent.locks.LockSupport.parkNanos(LockSupport.java:215)
        at java.util.concurrent.SynchronousQueue$TransferStack.awaitFulfill(SynchronousQueue.java:460)
        at java.util.concurrent.SynchronousQueue$TransferStack.transfer(SynchronousQueue.java:362)
        at java.util.concurrent.SynchronousQueue.poll(SynchronousQueue.java:941)
        at java.util.concurrent.ThreadPoolExecutor.getTask(ThreadPoolExecutor.java:1073)
        at java.util.concurrent.ThreadPoolExecutor.runWorker(ThreadPoolExecutor.java:1134)
        at java.util.concurrent.ThreadPoolExecutor$Worker.run(ThreadPoolExecutor.java:624)
        at java.lang.Thread.run(Thread.java:748)
"pool-208-thread-27"  prio=5 tid=2638 in Object.wait()
java.lang.Thread.State: WAITING (on object monitor)
        at sun.misc.Unsafe.park(Native Method)
        at java.util.concurrent.locks.LockSupport.park(LockSupport.java:175)
        at java.util.concurrent.locks.AbstractQueuedSynchronizer$ConditionObject.await(AbstractQueuedSynchronizer.java:2039)
        at java.util.concurrent.ArrayBlockingQueue.take(ArrayBlockingQueue.java:403)
        at java.util.concurrent.ThreadPoolExecutor.getTask(ThreadPoolExecutor.java:1074)
        at java.util.concurrent.ThreadPoolExecutor.runWorker(ThreadPoolExecutor.java:1134)
        at java.util.concurrent.ThreadPoolExecutor$Worker.run(ThreadPoolExecutor.java:624)
        at java.lang.Thread.run(Thread.java:748)
"pool-168-thread-1"  prio=5 tid=2364 in Object.wait()
java.lang.Thread.State: WAITING (on object monitor)
        at sun.misc.Unsafe.park(Native Method)
        at java.util.concurrent.locks.LockSupport.park(LockSupport.java:175)
        at java.util.concurrent.locks.AbstractQueuedSynchronizer$ConditionObject.await(AbstractQueuedSynchronizer.java:2039)
        at java.util.concurrent.ArrayBlockingQueue.take(ArrayBlockingQueue.java:403)
        at java.util.concurrent.ThreadPoolExecutor.getTask(ThreadPoolExecutor.java:1074)
        at java.util.concurrent.ThreadPoolExecutor.runWorker(ThreadPoolExecutor.java:1134)
        at java.util.concurrent.ThreadPoolExecutor$Worker.run(ThreadPoolExecutor.java:624)
        at java.lang.Thread.run(Thread.java:748)
"Datanode ReportManager Thread - 1" daemon prio=5 tid=415 in Object.wait()
java.lang.Thread.State: WAITING (on object monitor)
        at sun.misc.Unsafe.park(Native Method)
        at java.util.concurrent.locks.LockSupport.park(LockSupport.java:175)
        at java.util.concurrent.locks.AbstractQueuedSynchronizer$ConditionObject.await(AbstractQueuedSynchronizer.java:2039)
        at java.util.concurrent.ScheduledThreadPoolExecutor$DelayedWorkQueue.take(ScheduledThreadPoolExecutor.java:1088)
        at java.util.concurrent.ScheduledThreadPoolExecutor$DelayedWorkQueue.take(ScheduledThreadPoolExecutor.java:809)
        at java.util.concurrent.ThreadPoolExecutor.getTask(ThreadPoolExecutor.java:1074)
        at java.util.concurrent.ThreadPoolExecutor.runWorker(ThreadPoolExecutor.java:1134)
        at java.util.concurrent.ThreadPoolExecutor$Worker.run(ThreadPoolExecutor.java:624)
        at java.lang.Thread.run(Thread.java:748)
"Datanode ReportManager Thread - 2" daemon prio=5 tid=254 timed_waiting
java.lang.Thread.State: TIMED_WAITING
        at sun.misc.Unsafe.park(Native Method)
        at java.util.concurrent.locks.LockSupport.parkNanos(LockSupport.java:215)
        at java.util.concurrent.locks.AbstractQueuedSynchronizer$ConditionObject.awaitNanos(AbstractQueuedSynchronizer.java:2078)
        at java.util.concurrent.ScheduledThreadPoolExecutor$DelayedWorkQueue.take(ScheduledThreadPoolExecutor.java:1093)
        at java.util.concurrent.ScheduledThreadPoolExecutor$DelayedWorkQueue.take(ScheduledThreadPoolExecutor.java:809)
        at java.util.concurrent.ThreadPoolExecutor.getTask(ThreadPoolExecutor.java:1074)
        at java.util.concurrent.ThreadPoolExecutor.runWorker(ThreadPoolExecutor.java:1134)
        at java.util.concurrent.ThreadPoolExecutor$Worker.run(ThreadPoolExecutor.java:624)
        at java.lang.Thread.run(Thread.java:748)
"pool-198-thread-23"  prio=5 tid=2572 in Object.wait()
java.lang.Thread.State: WAITING (on object monitor)
        at sun.misc.Unsafe.park(Native Method)
        at java.util.concurrent.locks.LockSupport.park(LockSupport.java:175)
        at java.util.concurrent.locks.AbstractQueuedSynchronizer$ConditionObject.await(AbstractQueuedSynchronizer.java:2039)
        at java.util.concurrent.ArrayBlockingQueue.take(ArrayBlockingQueue.java:403)
        at java.util.concurrent.ThreadPoolExecutor.getTask(ThreadPoolExecutor.java:1074)
        at java.util.concurrent.ThreadPoolExecutor.runWorker(ThreadPoolExecutor.java:1134)
        at java.util.concurrent.ThreadPoolExecutor$Worker.run(ThreadPoolExecutor.java:624)
        at java.lang.Thread.run(Thread.java:748)
"IPC Server handler 19 on 43737" daemon prio=5 tid=1891 timed_waiting
java.lang.Thread.State: TIMED_WAITING
        at sun.misc.Unsafe.park(Native Method)
        at java.util.concurrent.locks.LockSupport.parkNanos(LockSupport.java:215)
        at java.util.concurrent.locks.AbstractQueuedSynchronizer$ConditionObject.awaitNanos(AbstractQueuedSynchronizer.java:2078)
        at java.util.concurrent.LinkedBlockingQueue.poll(LinkedBlockingQueue.java:467)
        at org.apache.hadoop.ipc.CallQueueManager.take(CallQueueManager.java:288)
        at org.apache.hadoop.ipc.Server$Handler.run(Server.java:2668)
"pool-238-thread-33"  prio=5 tid=2830 in Object.wait()
java.lang.Thread.State: WAITING (on object monitor)
        at sun.misc.Unsafe.park(Native Method)
        at java.util.concurrent.locks.LockSupport.park(LockSupport.java:175)
        at java.util.concurrent.locks.AbstractQueuedSynchronizer$ConditionObject.await(AbstractQueuedSynchronizer.java:2039)
        at java.util.concurrent.ArrayBlockingQueue.take(ArrayBlockingQueue.java:403)
        at java.util.concurrent.ThreadPoolExecutor.getTask(ThreadPoolExecutor.java:1074)
        at java.util.concurrent.ThreadPoolExecutor.runWorker(ThreadPoolExecutor.java:1134)
        at java.util.concurrent.ThreadPoolExecutor$Worker.run(ThreadPoolExecutor.java:624)
        at java.lang.Thread.run(Thread.java:748)
"pool-218-thread-29"  prio=5 tid=2702 in Object.wait()
java.lang.Thread.State: WAITING (on object monitor)
        at sun.misc.Unsafe.park(Native Method)
        at java.util.concurrent.locks.LockSupport.park(LockSupport.java:175)
        at java.util.concurrent.locks.AbstractQueuedSynchronizer$ConditionObject.await(AbstractQueuedSynchronizer.java:2039)
        at java.util.concurrent.ArrayBlockingQueue.take(ArrayBlockingQueue.java:403)
        at java.util.concurrent.ThreadPoolExecutor.getTask(ThreadPoolExecutor.java:1074)
        at java.util.concurrent.ThreadPoolExecutor.runWorker(ThreadPoolExecutor.java:1134)
        at java.util.concurrent.ThreadPoolExecutor$Worker.run(ThreadPoolExecutor.java:624)
        at java.lang.Thread.run(Thread.java:748)
"Thread-1560" daemon prio=5 tid=3219 timed_waiting
java.lang.Thread.State: TIMED_WAITING
        at sun.misc.Unsafe.park(Native Method)
        at java.util.concurrent.locks.LockSupport.parkNanos(LockSupport.java:215)
        at java.util.concurrent.locks.AbstractQueuedSynchronizer$ConditionObject.awaitNanos(AbstractQueuedSynchronizer.java:2078)
        at java.util.concurrent.ArrayBlockingQueue.poll(ArrayBlockingQueue.java:418)
        at org.apache.ratis.server.impl.LeaderState$EventQueue.poll(LeaderState.java:115)
        at org.apache.ratis.server.impl.LeaderState$EventProcessor.run(LeaderState.java:467)
"pool-148-thread-19"  prio=5 tid=2257 in Object.wait()
java.lang.Thread.State: WAITING (on object monitor)
        at sun.misc.Unsafe.park(Native Method)
        at java.util.concurrent.locks.LockSupport.park(LockSupport.java:175)
        at java.util.concurrent.locks.AbstractQueuedSynchronizer$ConditionObject.await(AbstractQueuedSynchronizer.java:2039)
        at java.util.concurrent.ArrayBlockingQueue.take(ArrayBlockingQueue.java:403)
        at java.util.concurrent.ThreadPoolExecutor.getTask(ThreadPoolExecutor.java:1074)
        at java.util.concurrent.ThreadPoolExecutor.runWorker(ThreadPoolExecutor.java:1134)
        at java.util.concurrent.ThreadPoolExecutor$Worker.run(ThreadPoolExecutor.java:624)
        at java.lang.Thread.run(Thread.java:748)
"pool-148-thread-31"  prio=5 tid=2269 in Object.wait()
java.lang.Thread.State: WAITING (on object monitor)
        at sun.misc.Unsafe.park(Native Method)
        at java.util.concurrent.locks.LockSupport.park(LockSupport.java:175)
        at java.util.concurrent.locks.AbstractQueuedSynchronizer$ConditionObject.await(AbstractQueuedSynchronizer.java:2039)
        at java.util.concurrent.ArrayBlockingQueue.take(ArrayBlockingQueue.java:403)
        at java.util.concurrent.ThreadPoolExecutor.getTask(ThreadPoolExecutor.java:1074)
        at java.util.concurrent.ThreadPoolExecutor.runWorker(ThreadPoolExecutor.java:1134)
        at java.util.concurrent.ThreadPoolExecutor$Worker.run(ThreadPoolExecutor.java:624)
        at java.lang.Thread.run(Thread.java:748)
"pool-178-thread-45"  prio=5 tid=2470 in Object.wait()
java.lang.Thread.State: WAITING (on object monitor)
        at sun.misc.Unsafe.park(Native Method)
        at java.util.concurrent.locks.LockSupport.park(LockSupport.java:175)
        at java.util.concurrent.locks.AbstractQueuedSynchronizer$ConditionObject.await(AbstractQueuedSynchronizer.java:2039)
        at java.util.concurrent.ArrayBlockingQueue.take(ArrayBlockingQueue.java:403)
        at java.util.concurrent.ThreadPoolExecutor.getTask(ThreadPoolExecutor.java:1074)
        at java.util.concurrent.ThreadPoolExecutor.runWorker(ThreadPoolExecutor.java:1134)
        at java.util.concurrent.ThreadPoolExecutor$Worker.run(ThreadPoolExecutor.java:624)
        at java.lang.Thread.run(Thread.java:748)
"qtp1365611185-2165" daemon prio=5 tid=2165 runnable
java.lang.Thread.State: RUNNABLE
        at sun.nio.ch.EPollArrayWrapper.epollWait(Native Method)
        at sun.nio.ch.EPollArrayWrapper.poll(EPollArrayWrapper.java:269)
        at sun.nio.ch.EPollSelectorImpl.doSelect(EPollSelectorImpl.java:93)
        at sun.nio.ch.SelectorImpl.lockAndDoSelect(SelectorImpl.java:86)
        at sun.nio.ch.SelectorImpl.select(SelectorImpl.java:97)
        at sun.nio.ch.SelectorImpl.select(SelectorImpl.java:101)
        at org.eclipse.jetty.io.ManagedSelector$SelectorProducer.select(ManagedSelector.java:243)
        at org.eclipse.jetty.io.ManagedSelector$SelectorProducer.produce(ManagedSelector.java:191)
        at org.eclipse.jetty.util.thread.strategy.ExecuteProduceConsume.executeProduceConsume(ExecuteProduceConsume.java:249)
        at org.eclipse.jetty.util.thread.strategy.ExecuteProduceConsume.produceConsume(ExecuteProduceConsume.java:148)
        at org.eclipse.jetty.util.thread.strategy.ExecuteProduceConsume.execute(ExecuteProduceConsume.java:100)
        at org.eclipse.jetty.io.ManagedSelector.run(ManagedSelector.java:147)
        at org.eclipse.jetty.util.thread.QueuedThreadPool.runJob(QueuedThreadPool.java:671)
        at org.eclipse.jetty.util.thread.QueuedThreadPool$2.run(QueuedThreadPool.java:589)
        at java.lang.Thread.run(Thread.java:748)
"pool-244-thread-1"  prio=5 tid=3064 in Object.wait()
java.lang.Thread.State: WAITING (on object monitor)
        at sun.misc.Unsafe.park(Native Method)
        at java.util.concurrent.locks.LockSupport.park(LockSupport.java:175)
        at java.util.concurrent.locks.AbstractQueuedSynchronizer$ConditionObject.await(AbstractQueuedSynchronizer.java:2039)
        at java.util.concurrent.LinkedBlockingQueue.take(LinkedBlockingQueue.java:442)
        at java.util.concurrent.ThreadPoolExecutor.getTask(ThreadPoolExecutor.java:1074)
        at java.util.concurrent.ThreadPoolExecutor.runWorker(ThreadPoolExecutor.java:1134)
        at java.util.concurrent.ThreadPoolExecutor$Worker.run(ThreadPoolExecutor.java:624)
        at java.lang.Thread.run(Thread.java:748)
"pool-218-thread-60"  prio=5 tid=2733 in Object.wait()
java.lang.Thread.State: WAITING (on object monitor)
        at sun.misc.Unsafe.park(Native Method)
        at java.util.concurrent.locks.LockSupport.park(LockSupport.java:175)
        at java.util.concurrent.locks.AbstractQueuedSynchronizer$ConditionObject.await(AbstractQueuedSynchronizer.java:2039)
        at java.util.concurrent.ArrayBlockingQueue.take(ArrayBlockingQueue.java:403)
        at java.util.concurrent.ThreadPoolExecutor.getTask(ThreadPoolExecutor.java:1074)
        at java.util.concurrent.ThreadPoolExecutor.runWorker(ThreadPoolExecutor.java:1134)
        at java.util.concurrent.ThreadPoolExecutor$Worker.run(ThreadPoolExecutor.java:624)
        at java.lang.Thread.run(Thread.java:748)
"pool-198-thread-2"  prio=5 tid=2551 in Object.wait()
java.lang.Thread.State: WAITING (on object monitor)
        at sun.misc.Unsafe.park(Native Method)
        at java.util.concurrent.locks.LockSupport.park(LockSupport.java:175)
        at java.util.concurrent.locks.AbstractQueuedSynchronizer$ConditionObject.await(AbstractQueuedSynchronizer.java:2039)
        at java.util.concurrent.ArrayBlockingQueue.take(ArrayBlockingQueue.java:403)
        at java.util.concurrent.ThreadPoolExecutor.getTask(ThreadPoolExecutor.java:1074)
        at java.util.concurrent.ThreadPoolExecutor.runWorker(ThreadPoolExecutor.java:1134)
        at java.util.concurrent.ThreadPoolExecutor$Worker.run(ThreadPoolExecutor.java:624)
        at java.lang.Thread.run(Thread.java:748)
"pool-168-thread-3"  prio=5 tid=2366 in Object.wait()
java.lang.Thread.State: WAITING (on object monitor)
        at sun.misc.Unsafe.park(Native Method)
        at java.util.concurrent.locks.LockSupport.park(LockSupport.java:175)
        at java.util.concurrent.locks.AbstractQueuedSynchronizer$ConditionObject.await(AbstractQueuedSynchronizer.java:2039)
        at java.util.concurrent.ArrayBlockingQueue.take(ArrayBlockingQueue.java:403)
        at java.util.concurrent.ThreadPoolExecutor.getTask(ThreadPoolExecutor.java:1074)
        at java.util.concurrent.ThreadPoolExecutor.runWorker(ThreadPoolExecutor.java:1134)
        at java.util.concurrent.ThreadPoolExecutor$Worker.run(ThreadPoolExecutor.java:624)
        at java.lang.Thread.run(Thread.java:748)
"qtp1404150776-1978" daemon prio=5 tid=1978 timed_waiting
java.lang.Thread.State: TIMED_WAITING
        at sun.misc.Unsafe.park(Native Method)
        at java.util.concurrent.locks.LockSupport.parkNanos(LockSupport.java:215)
        at java.util.concurrent.locks.AbstractQueuedSynchronizer$ConditionObject.awaitNanos(AbstractQueuedSynchronizer.java:2078)
        at org.eclipse.jetty.util.BlockingArrayQueue.poll(BlockingArrayQueue.java:392)
        at org.eclipse.jetty.util.thread.QueuedThreadPool.idleJobPoll(QueuedThreadPool.java:563)
        at org.eclipse.jetty.util.thread.QueuedThreadPool.access$800(QueuedThreadPool.java:48)
        at org.eclipse.jetty.util.thread.QueuedThreadPool$2.run(QueuedThreadPool.java:626)
        at java.lang.Thread.run(Thread.java:748)
"IPC Server listener on 42444" daemon prio=5 tid=1837 runnable
java.lang.Thread.State: RUNNABLE
        at sun.nio.ch.EPollArrayWrapper.epollWait(Native Method)
        at sun.nio.ch.EPollArrayWrapper.poll(EPollArrayWrapper.java:269)
        at sun.nio.ch.EPollSelectorImpl.doSelect(EPollSelectorImpl.java:93)
        at sun.nio.ch.SelectorImpl.lockAndDoSelect(SelectorImpl.java:86)
        at sun.nio.ch.SelectorImpl.select(SelectorImpl.java:97)
        at sun.nio.ch.SelectorImpl.select(SelectorImpl.java:101)
        at org.apache.hadoop.ipc.Server$Listener.run(Server.java:1159)
"pool-218-thread-6"  prio=5 tid=2679 in Object.wait()
java.lang.Thread.State: WAITING (on object monitor)
        at sun.misc.Unsafe.park(Native Method)
        at java.util.concurrent.locks.LockSupport.park(LockSupport.java:175)
        at java.util.concurrent.locks.AbstractQueuedSynchronizer$ConditionObject.await(AbstractQueuedSynchronizer.java:2039)
        at java.util.concurrent.ArrayBlockingQueue.take(ArrayBlockingQueue.java:403)
        at java.util.concurrent.ThreadPoolExecutor.getTask(ThreadPoolExecutor.java:1074)
        at java.util.concurrent.ThreadPoolExecutor.runWorker(ThreadPoolExecutor.java:1134)
        at java.util.concurrent.ThreadPoolExecutor$Worker.run(ThreadPoolExecutor.java:624)
        at java.lang.Thread.run(Thread.java:748)
"pool-188-thread-55"  prio=5 tid=2542 in Object.wait()
java.lang.Thread.State: WAITING (on object monitor)
        at sun.misc.Unsafe.park(Native Method)
        at java.util.concurrent.locks.LockSupport.park(LockSupport.java:175)
        at java.util.concurrent.locks.AbstractQueuedSynchronizer$ConditionObject.await(AbstractQueuedSynchronizer.java:2039)
        at java.util.concurrent.ArrayBlockingQueue.take(ArrayBlockingQueue.java:403)
        at java.util.concurrent.ThreadPoolExecutor.getTask(ThreadPoolExecutor.java:1074)
        at java.util.concurrent.ThreadPoolExecutor.runWorker(ThreadPoolExecutor.java:1134)
        at java.util.concurrent.ThreadPoolExecutor$Worker.run(ThreadPoolExecutor.java:624)
        at java.lang.Thread.run(Thread.java:748)
"pool-168-thread-8"  prio=5 tid=2371 in Object.wait()
java.lang.Thread.State: WAITING (on object monitor)
        at sun.misc.Unsafe.park(Native Method)
        at java.util.concurrent.locks.LockSupport.park(LockSupport.java:175)
        at java.util.concurrent.locks.AbstractQueuedSynchronizer$ConditionObject.await(AbstractQueuedSynchronizer.java:2039)
        at java.util.concurrent.ArrayBlockingQueue.take(ArrayBlockingQueue.java:403)
        at java.util.concurrent.ThreadPoolExecutor.getTask(ThreadPoolExecutor.java:1074)
        at java.util.concurrent.ThreadPoolExecutor.runWorker(ThreadPoolExecutor.java:1134)
        at java.util.concurrent.ThreadPoolExecutor$Worker.run(ThreadPoolExecutor.java:624)
        at java.lang.Thread.run(Thread.java:748)
"qtp1768471788-2030" daemon prio=5 tid=2030 runnable
java.lang.Thread.State: RUNNABLE
        at sun.nio.ch.EPollArrayWrapper.epollWait(Native Method)
        at sun.nio.ch.EPollArrayWrapper.poll(EPollArrayWrapper.java:269)
        at sun.nio.ch.EPollSelectorImpl.doSelect(EPollSelectorImpl.java:93)
        at sun.nio.ch.SelectorImpl.lockAndDoSelect(SelectorImpl.java:86)
        at sun.nio.ch.SelectorImpl.select(SelectorImpl.java:97)
        at sun.nio.ch.SelectorImpl.select(SelectorImpl.java:101)
        at org.eclipse.jetty.io.ManagedSelector$SelectorProducer.select(ManagedSelector.java:243)
        at org.eclipse.jetty.io.ManagedSelector$SelectorProducer.produce(ManagedSelector.java:191)
        at org.eclipse.jetty.util.thread.strategy.ExecuteProduceConsume.executeProduceConsume(ExecuteProduceConsume.java:249)
        at org.eclipse.jetty.util.thread.strategy.ExecuteProduceConsume.produceConsume(ExecuteProduceConsume.java:148)
        at org.eclipse.jetty.util.thread.strategy.ExecuteProduceConsume.execute(ExecuteProduceConsume.java:100)
        at org.eclipse.jetty.io.ManagedSelector.run(ManagedSelector.java:147)
        at org.eclipse.jetty.util.thread.QueuedThreadPool.runJob(QueuedThreadPool.java:671)
        at org.eclipse.jetty.util.thread.QueuedThreadPool$2.run(QueuedThreadPool.java:589)
        at java.lang.Thread.run(Thread.java:748)
"pool-198-thread-12"  prio=5 tid=2561 in Object.wait()
java.lang.Thread.State: WAITING (on object monitor)
        at sun.misc.Unsafe.park(Native Method)
        at java.util.concurrent.locks.LockSupport.park(LockSupport.java:175)
        at java.util.concurrent.locks.AbstractQueuedSynchronizer$ConditionObject.await(AbstractQueuedSynchronizer.java:2039)
        at java.util.concurrent.ArrayBlockingQueue.take(ArrayBlockingQueue.java:403)
        at java.util.concurrent.ThreadPoolExecutor.getTask(ThreadPoolExecutor.java:1074)
        at java.util.concurrent.ThreadPoolExecutor.runWorker(ThreadPoolExecutor.java:1134)
        at java.util.concurrent.ThreadPoolExecutor$Worker.run(ThreadPoolExecutor.java:624)
        at java.lang.Thread.run(Thread.java:748)
"pool-148-thread-12"  prio=5 tid=2250 in Object.wait()
java.lang.Thread.State: WAITING (on object monitor)
        at sun.misc.Unsafe.park(Native Method)
        at java.util.concurrent.locks.LockSupport.park(LockSupport.java:175)
        at java.util.concurrent.locks.AbstractQueuedSynchronizer$ConditionObject.await(AbstractQueuedSynchronizer.java:2039)
        at java.util.concurrent.ArrayBlockingQueue.take(ArrayBlockingQueue.java:403)
        at java.util.concurrent.ThreadPoolExecutor.getTask(ThreadPoolExecutor.java:1074)
        at java.util.concurrent.ThreadPoolExecutor.runWorker(ThreadPoolExecutor.java:1134)
        at java.util.concurrent.ThreadPoolExecutor$Worker.run(ThreadPoolExecutor.java:624)
        at java.lang.Thread.run(Thread.java:748)
"pool-148-thread-24"  prio=5 tid=2262 in Object.wait()
java.lang.Thread.State: WAITING (on object monitor)
        at sun.misc.Unsafe.park(Native Method)
        at java.util.concurrent.locks.LockSupport.park(LockSupport.java:175)
        at java.util.concurrent.locks.AbstractQueuedSynchronizer$ConditionObject.await(AbstractQueuedSynchronizer.java:2039)
        at java.util.concurrent.ArrayBlockingQueue.take(ArrayBlockingQueue.java:403)
        at java.util.concurrent.ThreadPoolExecutor.getTask(ThreadPoolExecutor.java:1074)
        at java.util.concurrent.ThreadPoolExecutor.runWorker(ThreadPoolExecutor.java:1134)
        at java.util.concurrent.ThreadPoolExecutor$Worker.run(ThreadPoolExecutor.java:624)
        at java.lang.Thread.run(Thread.java:748)
"pool-208-thread-10"  prio=5 tid=2621 in Object.wait()
java.lang.Thread.State: WAITING (on object monitor)
        at sun.misc.Unsafe.park(Native Method)
        at java.util.concurrent.locks.LockSupport.park(LockSupport.java:175)
        at java.util.concurrent.locks.AbstractQueuedSynchronizer$ConditionObject.await(AbstractQueuedSynchronizer.java:2039)
        at java.util.concurrent.ArrayBlockingQueue.take(ArrayBlockingQueue.java:403)
        at java.util.concurrent.ThreadPoolExecutor.getTask(ThreadPoolExecutor.java:1074)
        at java.util.concurrent.ThreadPoolExecutor.runWorker(ThreadPoolExecutor.java:1134)
        at java.util.concurrent.ThreadPoolExecutor$Worker.run(ThreadPoolExecutor.java:624)
        at java.lang.Thread.run(Thread.java:748)
"DataNode DiskChecker thread 0" daemon prio=5 tid=1971 timed_waiting
java.lang.Thread.State: TIMED_WAITING
        at sun.misc.Unsafe.park(Native Method)
        at java.util.concurrent.locks.LockSupport.parkNanos(LockSupport.java:215)
        at java.util.concurrent.SynchronousQueue$TransferStack.awaitFulfill(SynchronousQueue.java:460)
        at java.util.concurrent.SynchronousQueue$TransferStack.transfer(SynchronousQueue.java:362)
        at java.util.concurrent.SynchronousQueue.poll(SynchronousQueue.java:941)
        at java.util.concurrent.ThreadPoolExecutor.getTask(ThreadPoolExecutor.java:1073)
        at java.util.concurrent.ThreadPoolExecutor.runWorker(ThreadPoolExecutor.java:1134)
        at java.util.concurrent.ThreadPoolExecutor$Worker.run(ThreadPoolExecutor.java:624)
        at java.lang.Thread.run(Thread.java:748)
"grpc-default-executor-0" daemon prio=5 tid=1053 timed_waiting
java.lang.Thread.State: TIMED_WAITING
        at sun.misc.Unsafe.park(Native Method)
        at java.util.concurrent.locks.LockSupport.parkNanos(LockSupport.java:215)
        at java.util.concurrent.SynchronousQueue$TransferStack.awaitFulfill(SynchronousQueue.java:460)
        at java.util.concurrent.SynchronousQueue$TransferStack.transfer(SynchronousQueue.java:362)
        at java.util.concurrent.SynchronousQueue.poll(SynchronousQueue.java:941)
        at java.util.concurrent.ThreadPoolExecutor.getTask(ThreadPoolExecutor.java:1073)
        at java.util.concurrent.ThreadPoolExecutor.runWorker(ThreadPoolExecutor.java:1134)
        at java.util.concurrent.ThreadPoolExecutor$Worker.run(ThreadPoolExecutor.java:624)
        at java.lang.Thread.run(Thread.java:748)
"pool-148-thread-16"  prio=5 tid=2254 in Object.wait()
java.lang.Thread.State: WAITING (on object monitor)
        at sun.misc.Unsafe.park(Native Method)
        at java.util.concurrent.locks.LockSupport.park(LockSupport.java:175)
        at java.util.concurrent.locks.AbstractQueuedSynchronizer$ConditionObject.await(AbstractQueuedSynchronizer.java:2039)
        at java.util.concurrent.ArrayBlockingQueue.take(ArrayBlockingQueue.java:403)
        at java.util.concurrent.ThreadPoolExecutor.getTask(ThreadPoolExecutor.java:1074)
        at java.util.concurrent.ThreadPoolExecutor.runWorker(ThreadPoolExecutor.java:1134)
        at java.util.concurrent.ThreadPoolExecutor$Worker.run(ThreadPoolExecutor.java:624)
        at java.lang.Thread.run(Thread.java:748)
"pool-238-thread-49"  prio=5 tid=2846 in Object.wait()
java.lang.Thread.State: WAITING (on object monitor)
        at sun.misc.Unsafe.park(Native Method)
        at java.util.concurrent.locks.LockSupport.park(LockSupport.java:175)
        at java.util.concurrent.locks.AbstractQueuedSynchronizer$ConditionObject.await(AbstractQueuedSynchronizer.java:2039)
        at java.util.concurrent.ArrayBlockingQueue.take(ArrayBlockingQueue.java:403)
        at java.util.concurrent.ThreadPoolExecutor.getTask(ThreadPoolExecutor.java:1074)
        at java.util.concurrent.ThreadPoolExecutor.runWorker(ThreadPoolExecutor.java:1134)
        at java.util.concurrent.ThreadPoolExecutor$Worker.run(ThreadPoolExecutor.java:624)
        at java.lang.Thread.run(Thread.java:748)
"pool-218-thread-7"  prio=5 tid=2680 in Object.wait()
java.lang.Thread.State: WAITING (on object monitor)
        at sun.misc.Unsafe.park(Native Method)
        at java.util.concurrent.locks.LockSupport.park(LockSupport.java:175)
        at java.util.concurrent.locks.AbstractQueuedSynchronizer$ConditionObject.await(AbstractQueuedSynchronizer.java:2039)
        at java.util.concurrent.ArrayBlockingQueue.take(ArrayBlockingQueue.java:403)
        at java.util.concurrent.ThreadPoolExecutor.getTask(ThreadPoolExecutor.java:1074)
        at java.util.concurrent.ThreadPoolExecutor.runWorker(ThreadPoolExecutor.java:1134)
        at java.util.concurrent.ThreadPoolExecutor$Worker.run(ThreadPoolExecutor.java:624)
        at java.lang.Thread.run(Thread.java:748)
"pool-148-thread-10"  prio=5 tid=2248 in Object.wait()
java.lang.Thread.State: WAITING (on object monitor)
        at sun.misc.Unsafe.park(Native Method)
        at java.util.concurrent.locks.LockSupport.park(LockSupport.java:175)
        at java.util.concurrent.locks.AbstractQueuedSynchronizer$ConditionObject.await(AbstractQueuedSynchronizer.java:2039)
        at java.util.concurrent.ArrayBlockingQueue.take(ArrayBlockingQueue.java:403)
        at java.util.concurrent.ThreadPoolExecutor.getTask(ThreadPoolExecutor.java:1074)
        at java.util.concurrent.ThreadPoolExecutor.runWorker(ThreadPoolExecutor.java:1134)
        at java.util.concurrent.ThreadPoolExecutor$Worker.run(ThreadPoolExecutor.java:624)
        at java.lang.Thread.run(Thread.java:748)
"Datanode ReportManager Thread - 3" daemon prio=5 tid=1991 in Object.wait()
java.lang.Thread.State: WAITING (on object monitor)
        at sun.misc.Unsafe.park(Native Method)
        at java.util.concurrent.locks.LockSupport.park(LockSupport.java:175)
        at java.util.concurrent.locks.AbstractQueuedSynchronizer$ConditionObject.await(AbstractQueuedSynchronizer.java:2039)
        at java.util.concurrent.ScheduledThreadPoolExecutor$DelayedWorkQueue.take(ScheduledThreadPoolExecutor.java:1088)
        at java.util.concurrent.ScheduledThreadPoolExecutor$DelayedWorkQueue.take(ScheduledThreadPoolExecutor.java:809)
        at java.util.concurrent.ThreadPoolExecutor.getTask(ThreadPoolExecutor.java:1074)
        at java.util.concurrent.ThreadPoolExecutor.runWorker(ThreadPoolExecutor.java:1134)
        at java.util.concurrent.ThreadPoolExecutor$Worker.run(ThreadPoolExecutor.java:624)
        at java.lang.Thread.run(Thread.java:748)
"pool-218-thread-38"  prio=5 tid=2711 in Object.wait()
java.lang.Thread.State: WAITING (on object monitor)
        at sun.misc.Unsafe.park(Native Method)
        at java.util.concurrent.locks.LockSupport.park(LockSupport.java:175)
        at java.util.concurrent.locks.AbstractQueuedSynchronizer$ConditionObject.await(AbstractQueuedSynchronizer.java:2039)
        at java.util.concurrent.ArrayBlockingQueue.take(ArrayBlockingQueue.java:403)
        at java.util.concurrent.ThreadPoolExecutor.getTask(ThreadPoolExecutor.java:1074)
        at java.util.concurrent.ThreadPoolExecutor.runWorker(ThreadPoolExecutor.java:1134)
        at java.util.concurrent.ThreadPoolExecutor$Worker.run(ThreadPoolExecutor.java:624)
        at java.lang.Thread.run(Thread.java:748)
"pool-188-thread-53"  prio=5 tid=2540 in Object.wait()
java.lang.Thread.State: WAITING (on object monitor)
        at sun.misc.Unsafe.park(Native Method)
        at java.util.concurrent.locks.LockSupport.park(LockSupport.java:175)
        at java.util.concurrent.locks.AbstractQueuedSynchronizer$ConditionObject.await(AbstractQueuedSynchronizer.java:2039)
        at java.util.concurrent.ArrayBlockingQueue.take(ArrayBlockingQueue.java:403)
        at java.util.concurrent.ThreadPoolExecutor.getTask(ThreadPoolExecutor.java:1074)
        at java.util.concurrent.ThreadPoolExecutor.runWorker(ThreadPoolExecutor.java:1134)
        at java.util.concurrent.ThreadPoolExecutor$Worker.run(ThreadPoolExecutor.java:624)
        at java.lang.Thread.run(Thread.java:748)
"pool-238-thread-45"  prio=5 tid=2842 in Object.wait()
java.lang.Thread.State: WAITING (on object monitor)
        at sun.misc.Unsafe.park(Native Method)
        at java.util.concurrent.locks.LockSupport.park(LockSupport.java:175)
        at java.util.concurrent.locks.AbstractQueuedSynchronizer$ConditionObject.await(AbstractQueuedSynchronizer.java:2039)
        at java.util.concurrent.ArrayBlockingQueue.take(ArrayBlockingQueue.java:403)
        at java.util.concurrent.ThreadPoolExecutor.getTask(ThreadPoolExecutor.java:1074)
        at java.util.concurrent.ThreadPoolExecutor.runWorker(ThreadPoolExecutor.java:1134)
        at java.util.concurrent.ThreadPoolExecutor$Worker.run(ThreadPoolExecutor.java:624)
        at java.lang.Thread.run(Thread.java:748)
"pool-208-thread-52"  prio=5 tid=2663 in Object.wait()
java.lang.Thread.State: WAITING (on object monitor)
        at sun.misc.Unsafe.park(Native Method)
        at java.util.concurrent.locks.LockSupport.park(LockSupport.java:175)
        at java.util.concurrent.locks.AbstractQueuedSynchronizer$ConditionObject.await(AbstractQueuedSynchronizer.java:2039)
        at java.util.concurrent.ArrayBlockingQueue.take(ArrayBlockingQueue.java:403)
        at java.util.concurrent.ThreadPoolExecutor.getTask(ThreadPoolExecutor.java:1074)
        at java.util.concurrent.ThreadPoolExecutor.runWorker(ThreadPoolExecutor.java:1134)
        at java.util.concurrent.ThreadPoolExecutor$Worker.run(ThreadPoolExecutor.java:624)
        at java.lang.Thread.run(Thread.java:748)
"pool-188-thread-3"  prio=5 tid=2490 in Object.wait()
java.lang.Thread.State: WAITING (on object monitor)
        at sun.misc.Unsafe.park(Native Method)
        at java.util.concurrent.locks.LockSupport.park(LockSupport.java:175)
        at java.util.concurrent.locks.AbstractQueuedSynchronizer$ConditionObject.await(AbstractQueuedSynchronizer.java:2039)
        at java.util.concurrent.ArrayBlockingQueue.take(ArrayBlockingQueue.java:403)
        at java.util.concurrent.ThreadPoolExecutor.getTask(ThreadPoolExecutor.java:1074)
        at java.util.concurrent.ThreadPoolExecutor.runWorker(ThreadPoolExecutor.java:1134)
        at java.util.concurrent.ThreadPoolExecutor$Worker.run(ThreadPoolExecutor.java:624)
        at java.lang.Thread.run(Thread.java:748)
"qtp141388791-2222" daemon prio=5 tid=2222 timed_waiting
java.lang.Thread.State: TIMED_WAITING
        at sun.misc.Unsafe.park(Native Method)
        at java.util.concurrent.locks.LockSupport.parkNanos(LockSupport.java:215)
        at java.util.concurrent.locks.AbstractQueuedSynchronizer$ConditionObject.awaitNanos(AbstractQueuedSynchronizer.java:2078)
        at org.eclipse.jetty.util.BlockingArrayQueue.poll(BlockingArrayQueue.java:392)
        at org.eclipse.jetty.util.thread.QueuedThreadPool.idleJobPoll(QueuedThreadPool.java:563)
        at org.eclipse.jetty.util.thread.QueuedThreadPool.access$800(QueuedThreadPool.java:48)
        at org.eclipse.jetty.util.thread.QueuedThreadPool$2.run(QueuedThreadPool.java:626)
        at java.lang.Thread.run(Thread.java:748)
"pool-178-thread-8"  prio=5 tid=2433 in Object.wait()
java.lang.Thread.State: WAITING (on object monitor)
        at sun.misc.Unsafe.park(Native Method)
        at java.util.concurrent.locks.LockSupport.park(LockSupport.java:175)
        at java.util.concurrent.locks.AbstractQueuedSynchronizer$ConditionObject.await(AbstractQueuedSynchronizer.java:2039)
        at java.util.concurrent.ArrayBlockingQueue.take(ArrayBlockingQueue.java:403)
        at java.util.concurrent.ThreadPoolExecutor.getTask(ThreadPoolExecutor.java:1074)
        at java.util.concurrent.ThreadPoolExecutor.runWorker(ThreadPoolExecutor.java:1134)
        at java.util.concurrent.ThreadPoolExecutor$Worker.run(ThreadPoolExecutor.java:624)
        at java.lang.Thread.run(Thread.java:748)
"Datanode ReportManager Thread - 0" daemon prio=5 tid=333 in Object.wait()
java.lang.Thread.State: WAITING (on object monitor)
        at sun.misc.Unsafe.park(Native Method)
        at java.util.concurrent.locks.LockSupport.park(LockSupport.java:175)
        at java.util.concurrent.locks.AbstractQueuedSynchronizer$ConditionObject.await(AbstractQueuedSynchronizer.java:2039)
        at java.util.concurrent.ScheduledThreadPoolExecutor$DelayedWorkQueue.take(ScheduledThreadPoolExecutor.java:1088)
        at java.util.concurrent.ScheduledThreadPoolExecutor$DelayedWorkQueue.take(ScheduledThreadPoolExecutor.java:809)
        at java.util.concurrent.ThreadPoolExecutor.getTask(ThreadPoolExecutor.java:1074)
        at java.util.concurrent.ThreadPoolExecutor.runWorker(ThreadPoolExecutor.java:1134)
        at java.util.concurrent.ThreadPoolExecutor$Worker.run(ThreadPoolExecutor.java:624)
        at java.lang.Thread.run(Thread.java:748)
"pool-178-thread-18"  prio=5 tid=2443 in Object.wait()
java.lang.Thread.State: WAITING (on object monitor)
        at sun.misc.Unsafe.park(Native Method)
        at java.util.concurrent.locks.LockSupport.park(LockSupport.java:175)
        at java.util.concurrent.locks.AbstractQueuedSynchronizer$ConditionObject.await(AbstractQueuedSynchronizer.java:2039)
        at java.util.concurrent.ArrayBlockingQueue.take(ArrayBlockingQueue.java:403)
        at java.util.concurrent.ThreadPoolExecutor.getTask(ThreadPoolExecutor.java:1074)
        at java.util.concurrent.ThreadPoolExecutor.runWorker(ThreadPoolExecutor.java:1134)
        at java.util.concurrent.ThreadPoolExecutor$Worker.run(ThreadPoolExecutor.java:624)
        at java.lang.Thread.run(Thread.java:748)
"pool-158-thread-43"  prio=5 tid=2344 in Object.wait()
java.lang.Thread.State: WAITING (on object monitor)
        at sun.misc.Unsafe.park(Native Method)
        at java.util.concurrent.locks.LockSupport.park(LockSupport.java:175)
        at java.util.concurrent.locks.AbstractQueuedSynchronizer$ConditionObject.await(AbstractQueuedSynchronizer.java:2039)
        at java.util.concurrent.ArrayBlockingQueue.take(ArrayBlockingQueue.java:403)
        at java.util.concurrent.ThreadPoolExecutor.getTask(ThreadPoolExecutor.java:1074)
        at java.util.concurrent.ThreadPoolExecutor.runWorker(ThreadPoolExecutor.java:1134)
        at java.util.concurrent.ThreadPoolExecutor$Worker.run(ThreadPoolExecutor.java:624)
        at java.lang.Thread.run(Thread.java:748)
"Periodic HDDS volume checker"  prio=5 tid=2023 timed_waiting
java.lang.Thread.State: TIMED_WAITING
        at sun.misc.Unsafe.park(Native Method)
        at java.util.concurrent.locks.LockSupport.parkNanos(LockSupport.java:215)
        at java.util.concurrent.locks.AbstractQueuedSynchronizer$ConditionObject.awaitNanos(AbstractQueuedSynchronizer.java:2078)
        at java.util.concurrent.ScheduledThreadPoolExecutor$DelayedWorkQueue.take(ScheduledThreadPoolExecutor.java:1093)
        at java.util.concurrent.ScheduledThreadPoolExecutor$DelayedWorkQueue.take(ScheduledThreadPoolExecutor.java:809)
        at java.util.concurrent.ThreadPoolExecutor.getTask(ThreadPoolExecutor.java:1074)
        at java.util.concurrent.ThreadPoolExecutor.runWorker(ThreadPoolExecutor.java:1134)
        at java.util.concurrent.ThreadPoolExecutor$Worker.run(ThreadPoolExecutor.java:624)
        at java.lang.Thread.run(Thread.java:748)
"pool-238-thread-12"  prio=5 tid=2809 in Object.wait()
java.lang.Thread.State: WAITING (on object monitor)
        at sun.misc.Unsafe.park(Native Method)
        at java.util.concurrent.locks.LockSupport.park(LockSupport.java:175)
        at java.util.concurrent.locks.AbstractQueuedSynchronizer$ConditionObject.await(AbstractQueuedSynchronizer.java:2039)
        at java.util.concurrent.ArrayBlockingQueue.take(ArrayBlockingQueue.java:403)
        at java.util.concurrent.ThreadPoolExecutor.getTask(ThreadPoolExecutor.java:1074)
        at java.util.concurrent.ThreadPoolExecutor.runWorker(ThreadPoolExecutor.java:1134)
        at java.util.concurrent.ThreadPoolExecutor$Worker.run(ThreadPoolExecutor.java:624)
        at java.lang.Thread.run(Thread.java:748)
"Datanode ReportManager Thread - 2" daemon prio=5 tid=1990 in Object.wait()
java.lang.Thread.State: WAITING (on object monitor)
        at sun.misc.Unsafe.park(Native Method)
        at java.util.concurrent.locks.LockSupport.park(LockSupport.java:175)
        at java.util.concurrent.locks.AbstractQueuedSynchronizer$ConditionObject.await(AbstractQueuedSynchronizer.java:2039)
        at java.util.concurrent.ScheduledThreadPoolExecutor$DelayedWorkQueue.take(ScheduledThreadPoolExecutor.java:1088)
        at java.util.concurrent.ScheduledThreadPoolExecutor$DelayedWorkQueue.take(ScheduledThreadPoolExecutor.java:809)
        at java.util.concurrent.ThreadPoolExecutor.getTask(ThreadPoolExecutor.java:1074)
        at java.util.concurrent.ThreadPoolExecutor.runWorker(ThreadPoolExecutor.java:1134)
        at java.util.concurrent.ThreadPoolExecutor$Worker.run(ThreadPoolExecutor.java:624)
        at java.lang.Thread.run(Thread.java:748)
"PartialTableCache Cleanup Thread - 0" daemon prio=5 tid=1358 in Object.wait()
java.lang.Thread.State: WAITING (on object monitor)
        at sun.misc.Unsafe.park(Native Method)
        at java.util.concurrent.locks.LockSupport.park(LockSupport.java:175)
        at java.util.concurrent.locks.AbstractQueuedSynchronizer$ConditionObject.await(AbstractQueuedSynchronizer.java:2039)
        at java.util.concurrent.LinkedBlockingQueue.take(LinkedBlockingQueue.java:442)
        at java.util.concurrent.ThreadPoolExecutor.getTask(ThreadPoolExecutor.java:1074)
        at java.util.concurrent.ThreadPoolExecutor.runWorker(ThreadPoolExecutor.java:1134)
        at java.util.concurrent.ThreadPoolExecutor$Worker.run(ThreadPoolExecutor.java:624)
        at java.lang.Thread.run(Thread.java:748)
"pool-158-thread-54"  prio=5 tid=2355 in Object.wait()
java.lang.Thread.State: WAITING (on object monitor)
        at sun.misc.Unsafe.park(Native Method)
        at java.util.concurrent.locks.LockSupport.park(LockSupport.java:175)
        at java.util.concurrent.locks.AbstractQueuedSynchronizer$ConditionObject.await(AbstractQueuedSynchronizer.java:2039)
        at java.util.concurrent.ArrayBlockingQueue.take(ArrayBlockingQueue.java:403)
        at java.util.concurrent.ThreadPoolExecutor.getTask(ThreadPoolExecutor.java:1074)
        at java.util.concurrent.ThreadPoolExecutor.runWorker(ThreadPoolExecutor.java:1134)
        at java.util.concurrent.ThreadPoolExecutor$Worker.run(ThreadPoolExecutor.java:624)
        at java.lang.Thread.run(Thread.java:748)
"pool-158-thread-35"  prio=5 tid=2336 in Object.wait()
java.lang.Thread.State: WAITING (on object monitor)
        at sun.misc.Unsafe.park(Native Method)
        at java.util.concurrent.locks.LockSupport.park(LockSupport.java:175)
        at java.util.concurrent.locks.AbstractQueuedSynchronizer$ConditionObject.await(AbstractQueuedSynchronizer.java:2039)
        at java.util.concurrent.ArrayBlockingQueue.take(ArrayBlockingQueue.java:403)
        at java.util.concurrent.ThreadPoolExecutor.getTask(ThreadPoolExecutor.java:1074)
        at java.util.concurrent.ThreadPoolExecutor.runWorker(ThreadPoolExecutor.java:1134)
        at java.util.concurrent.ThreadPoolExecutor$Worker.run(ThreadPoolExecutor.java:624)
        at java.lang.Thread.run(Thread.java:748)
"qtp141388791-2224" daemon prio=5 tid=2224 timed_waiting
java.lang.Thread.State: TIMED_WAITING
        at sun.misc.Unsafe.park(Native Method)
        at java.util.concurrent.locks.LockSupport.parkNanos(LockSupport.java:215)
        at java.util.concurrent.locks.AbstractQueuedSynchronizer$ConditionObject.awaitNanos(AbstractQueuedSynchronizer.java:2078)
        at org.eclipse.jetty.util.BlockingArrayQueue.poll(BlockingArrayQueue.java:392)
        at org.eclipse.jetty.util.thread.QueuedThreadPool.idleJobPoll(QueuedThreadPool.java:563)
        at org.eclipse.jetty.util.thread.QueuedThreadPool.access$800(QueuedThreadPool.java:48)
        at org.eclipse.jetty.util.thread.QueuedThreadPool$2.run(QueuedThreadPool.java:626)
        at java.lang.Thread.run(Thread.java:748)
"Thread-1543" daemon prio=5 tid=3202 timed_waiting
java.lang.Thread.State: TIMED_WAITING
        at java.lang.Thread.sleep(Native Method)
        at org.apache.ratis.util.JavaUtils.sleep(JavaUtils.java:243)
        at org.apache.ratis.server.impl.FollowerState.run(FollowerState.java:100)
"pool-168-thread-18"  prio=5 tid=2381 in Object.wait()
java.lang.Thread.State: WAITING (on object monitor)
        at sun.misc.Unsafe.park(Native Method)
        at java.util.concurrent.locks.LockSupport.park(LockSupport.java:175)
        at java.util.concurrent.locks.AbstractQueuedSynchronizer$ConditionObject.await(AbstractQueuedSynchronizer.java:2039)
        at java.util.concurrent.ArrayBlockingQueue.take(ArrayBlockingQueue.java:403)
        at java.util.concurrent.ThreadPoolExecutor.getTask(ThreadPoolExecutor.java:1074)
        at java.util.concurrent.ThreadPoolExecutor.runWorker(ThreadPoolExecutor.java:1134)
        at java.util.concurrent.ThreadPoolExecutor$Worker.run(ThreadPoolExecutor.java:624)
        at java.lang.Thread.run(Thread.java:748)
"pool-228-thread-9"  prio=5 tid=2744 in Object.wait()
java.lang.Thread.State: WAITING (on object monitor)
        at sun.misc.Unsafe.park(Native Method)
        at java.util.concurrent.locks.LockSupport.park(LockSupport.java:175)
        at java.util.concurrent.locks.AbstractQueuedSynchronizer$ConditionObject.await(AbstractQueuedSynchronizer.java:2039)
        at java.util.concurrent.ArrayBlockingQueue.take(ArrayBlockingQueue.java:403)
        at java.util.concurrent.ThreadPoolExecutor.getTask(ThreadPoolExecutor.java:1074)
        at java.util.concurrent.ThreadPoolExecutor.runWorker(ThreadPoolExecutor.java:1134)
        at java.util.concurrent.ThreadPoolExecutor$Worker.run(ThreadPoolExecutor.java:624)
        at java.lang.Thread.run(Thread.java:748)
"25c17e6e-60f2-43b7-8570-af6cc9981309@group-A7405D5AD40E-SegmentedRaftLogWorker"  prio=5 tid=3129 timed_waiting
java.lang.Thread.State: TIMED_WAITING
        at sun.misc.Unsafe.park(Native Method)
        at java.util.concurrent.locks.LockSupport.parkNanos(LockSupport.java:215)
        at java.util.concurrent.locks.AbstractQueuedSynchronizer$ConditionObject.awaitNanos(AbstractQueuedSynchronizer.java:2078)
        at org.apache.ratis.util.DataBlockingQueue.poll(DataBlockingQueue.java:137)
        at org.apache.ratis.server.raftlog.segmented.SegmentedRaftLogWorker.run(SegmentedRaftLogWorker.java:282)
        at java.lang.Thread.run(Thread.java:748)
"BlockDeletingService#0" daemon prio=5 tid=2610 timed_waiting
java.lang.Thread.State: TIMED_WAITING
        at sun.misc.Unsafe.park(Native Method)
        at java.util.concurrent.locks.LockSupport.parkNanos(LockSupport.java:215)
        at java.util.concurrent.locks.AbstractQueuedSynchronizer$ConditionObject.awaitNanos(AbstractQueuedSynchronizer.java:2078)
        at java.util.concurrent.ScheduledThreadPoolExecutor$DelayedWorkQueue.take(ScheduledThreadPoolExecutor.java:1093)
        at java.util.concurrent.ScheduledThreadPoolExecutor$DelayedWorkQueue.take(ScheduledThreadPoolExecutor.java:809)
        at java.util.concurrent.ThreadPoolExecutor.getTask(ThreadPoolExecutor.java:1074)
        at java.util.concurrent.ThreadPoolExecutor.runWorker(ThreadPoolExecutor.java:1134)
        at java.util.concurrent.ThreadPoolExecutor$Worker.run(ThreadPoolExecutor.java:624)
        at java.lang.Thread.run(Thread.java:748)
"pool-198-thread-20"  prio=5 tid=2569 in Object.wait()
java.lang.Thread.State: WAITING (on object monitor)
        at sun.misc.Unsafe.park(Native Method)
        at java.util.concurrent.locks.LockSupport.park(LockSupport.java:175)
        at java.util.concurrent.locks.AbstractQueuedSynchronizer$ConditionObject.await(AbstractQueuedSynchronizer.java:2039)
        at java.util.concurrent.ArrayBlockingQueue.take(ArrayBlockingQueue.java:403)
        at java.util.concurrent.ThreadPoolExecutor.getTask(ThreadPoolExecutor.java:1074)
        at java.util.concurrent.ThreadPoolExecutor.runWorker(ThreadPoolExecutor.java:1134)
        at java.util.concurrent.ThreadPoolExecutor$Worker.run(ThreadPoolExecutor.java:624)
        at java.lang.Thread.run(Thread.java:748)
"Datanode State Machine Thread - 0" daemon prio=5 tid=2149 timed_waiting
java.lang.Thread.State: TIMED_WAITING
        at java.lang.Thread.sleep(Native Method)
        at org.apache.hadoop.ozone.container.common.statemachine.DatanodeStateMachine.start(DatanodeStateMachine.java:191)
        at org.apache.hadoop.ozone.container.common.statemachine.DatanodeStateMachine.lambda$startDaemon$0(DatanodeStateMachine.java:349)
        at org.apache.hadoop.ozone.container.common.statemachine.DatanodeStateMachine$$Lambda$141/1594065480.run(Unknown Source)
        at java.lang.Thread.run(Thread.java:748)
"pool-168-thread-39"  prio=5 tid=2402 in Object.wait()
java.lang.Thread.State: WAITING (on object monitor)
        at sun.misc.Unsafe.park(Native Method)
        at java.util.concurrent.locks.LockSupport.park(LockSupport.java:175)
        at java.util.concurrent.locks.AbstractQueuedSynchronizer$ConditionObject.await(AbstractQueuedSynchronizer.java:2039)
        at java.util.concurrent.ArrayBlockingQueue.take(ArrayBlockingQueue.java:403)
        at java.util.concurrent.ThreadPoolExecutor.getTask(ThreadPoolExecutor.java:1074)
        at java.util.concurrent.ThreadPoolExecutor.runWorker(ThreadPoolExecutor.java:1134)
        at java.util.concurrent.ThreadPoolExecutor$Worker.run(ThreadPoolExecutor.java:624)
        at java.lang.Thread.run(Thread.java:748)
"qtp1553544410-2008" daemon prio=5 tid=2008 timed_waiting
java.lang.Thread.State: TIMED_WAITING
        at sun.misc.Unsafe.park(Native Method)
        at java.util.concurrent.locks.LockSupport.parkNanos(LockSupport.java:215)
        at java.util.concurrent.locks.AbstractQueuedSynchronizer$ConditionObject.awaitNanos(AbstractQueuedSynchronizer.java:2078)
        at org.eclipse.jetty.util.BlockingArrayQueue.poll(BlockingArrayQueue.java:392)
        at org.eclipse.jetty.util.thread.QueuedThreadPool.idleJobPoll(QueuedThreadPool.java:563)
        at org.eclipse.jetty.util.thread.QueuedThreadPool.access$800(QueuedThreadPool.java:48)
        at org.eclipse.jetty.util.thread.QueuedThreadPool$2.run(QueuedThreadPool.java:626)
        at java.lang.Thread.run(Thread.java:748)
"pool-218-thread-36"  prio=5 tid=2709 in Object.wait()
java.lang.Thread.State: WAITING (on object monitor)
        at sun.misc.Unsafe.park(Native Method)
        at java.util.concurrent.locks.LockSupport.park(LockSupport.java:175)
        at java.util.concurrent.locks.AbstractQueuedSynchronizer$ConditionObject.await(AbstractQueuedSynchronizer.java:2039)
        at java.util.concurrent.ArrayBlockingQueue.take(ArrayBlockingQueue.java:403)
        at java.util.concurrent.ThreadPoolExecutor.getTask(ThreadPoolExecutor.java:1074)
        at java.util.concurrent.ThreadPoolExecutor.runWorker(ThreadPoolExecutor.java:1134)
        at java.util.concurrent.ThreadPoolExecutor$Worker.run(ThreadPoolExecutor.java:624)
        at java.lang.Thread.run(Thread.java:748)
"DataNode DiskChecker thread 0" daemon prio=5 tid=2215 timed_waiting
java.lang.Thread.State: TIMED_WAITING
        at sun.misc.Unsafe.park(Native Method)
        at java.util.concurrent.locks.LockSupport.parkNanos(LockSupport.java:215)
        at java.util.concurrent.SynchronousQueue$TransferStack.awaitFulfill(SynchronousQueue.java:460)
        at java.util.concurrent.SynchronousQueue$TransferStack.transfer(SynchronousQueue.java:362)
        at java.util.concurrent.SynchronousQueue.poll(SynchronousQueue.java:941)
        at java.util.concurrent.ThreadPoolExecutor.getTask(ThreadPoolExecutor.java:1073)
        at java.util.concurrent.ThreadPoolExecutor.runWorker(ThreadPoolExecutor.java:1134)
        at java.util.concurrent.ThreadPoolExecutor$Worker.run(ThreadPoolExecutor.java:624)
        at java.lang.Thread.run(Thread.java:748)
"09f4ece9-71c1-4a5b-9b91-b2a8aadac043@group-877CB685509D-SegmentedRaftLogWorker"  prio=5 tid=3142 timed_waiting
java.lang.Thread.State: TIMED_WAITING
        at sun.misc.Unsafe.park(Native Method)
        at java.util.concurrent.locks.LockSupport.parkNanos(LockSupport.java:215)
        at java.util.concurrent.locks.AbstractQueuedSynchronizer$ConditionObject.awaitNanos(AbstractQueuedSynchronizer.java:2078)
        at org.apache.ratis.util.DataBlockingQueue.poll(DataBlockingQueue.java:137)
        at org.apache.ratis.server.raftlog.segmented.SegmentedRaftLogWorker.run(SegmentedRaftLogWorker.java:282)
        at java.lang.Thread.run(Thread.java:748)
"pool-238-thread-31"  prio=5 tid=2828 in Object.wait()
java.lang.Thread.State: WAITING (on object monitor)
        at sun.misc.Unsafe.park(Native Method)
        at java.util.concurrent.locks.LockSupport.park(LockSupport.java:175)
        at java.util.concurrent.locks.AbstractQueuedSynchronizer$ConditionObject.await(AbstractQueuedSynchronizer.java:2039)
        at java.util.concurrent.ArrayBlockingQueue.take(ArrayBlockingQueue.java:403)
        at java.util.concurrent.ThreadPoolExecutor.getTask(ThreadPoolExecutor.java:1074)
        at java.util.concurrent.ThreadPoolExecutor.runWorker(ThreadPoolExecutor.java:1134)
        at java.util.concurrent.ThreadPoolExecutor$Worker.run(ThreadPoolExecutor.java:624)
        at java.lang.Thread.run(Thread.java:748)
"org.eclipse.jetty.server.session.HashSessionManager@343fddd9Timer" daemon prio=5 tid=2227 timed_waiting
java.lang.Thread.State: TIMED_WAITING
        at sun.misc.Unsafe.park(Native Method)
        at java.util.concurrent.locks.LockSupport.parkNanos(LockSupport.java:215)
        at java.util.concurrent.locks.AbstractQueuedSynchronizer$ConditionObject.awaitNanos(AbstractQueuedSynchronizer.java:2078)
        at java.util.concurrent.ScheduledThreadPoolExecutor$DelayedWorkQueue.take(ScheduledThreadPoolExecutor.java:1093)
        at java.util.concurrent.ScheduledThreadPoolExecutor$DelayedWorkQueue.take(ScheduledThreadPoolExecutor.java:809)
        at java.util.concurrent.ThreadPoolExecutor.getTask(ThreadPoolExecutor.java:1074)
        at java.util.concurrent.ThreadPoolExecutor.runWorker(ThreadPoolExecutor.java:1134)
        at java.util.concurrent.ThreadPoolExecutor$Worker.run(ThreadPoolExecutor.java:624)
        at java.lang.Thread.run(Thread.java:748)
"pool-218-thread-26"  prio=5 tid=2699 in Object.wait()
java.lang.Thread.State: WAITING (on object monitor)
        at sun.misc.Unsafe.park(Native Method)
        at java.util.concurrent.locks.LockSupport.park(LockSupport.java:175)
        at java.util.concurrent.locks.AbstractQueuedSynchronizer$ConditionObject.await(AbstractQueuedSynchronizer.java:2039)
        at java.util.concurrent.ArrayBlockingQueue.take(ArrayBlockingQueue.java:403)
        at java.util.concurrent.ThreadPoolExecutor.getTask(ThreadPoolExecutor.java:1074)
        at java.util.concurrent.ThreadPoolExecutor.runWorker(ThreadPoolExecutor.java:1134)
        at java.util.concurrent.ThreadPoolExecutor$Worker.run(ThreadPoolExecutor.java:624)
        at java.lang.Thread.run(Thread.java:748)
"IPC Server idle connection scanner for port 35974" daemon prio=5 tid=1847 timed_waiting
java.lang.Thread.State: TIMED_WAITING
        at java.lang.Object.wait(Native Method)
        at java.util.TimerThread.mainLoop(Timer.java:552)
        at java.util.TimerThread.run(Timer.java:505)
"pool-168-thread-29"  prio=5 tid=2392 in Object.wait()
java.lang.Thread.State: WAITING (on object monitor)
        at sun.misc.Unsafe.park(Native Method)
        at java.util.concurrent.locks.LockSupport.park(LockSupport.java:175)
        at java.util.concurrent.locks.AbstractQueuedSynchronizer$ConditionObject.await(AbstractQueuedSynchronizer.java:2039)
        at java.util.concurrent.ArrayBlockingQueue.take(ArrayBlockingQueue.java:403)
        at java.util.concurrent.ThreadPoolExecutor.getTask(ThreadPoolExecutor.java:1074)
        at java.util.concurrent.ThreadPoolExecutor.runWorker(ThreadPoolExecutor.java:1134)
        at java.util.concurrent.ThreadPoolExecutor$Worker.run(ThreadPoolExecutor.java:624)
        at java.lang.Thread.run(Thread.java:748)
"EventQueue-ContainerReportForContainerReportHandler" daemon prio=5 tid=2862 in Object.wait()
java.lang.Thread.State: WAITING (on object monitor)
        at sun.misc.Unsafe.park(Native Method)
        at java.util.concurrent.locks.LockSupport.park(LockSupport.java:175)
        at java.util.concurrent.locks.AbstractQueuedSynchronizer$ConditionObject.await(AbstractQueuedSynchronizer.java:2039)
        at java.util.concurrent.LinkedBlockingQueue.take(LinkedBlockingQueue.java:442)
        at java.util.concurrent.ThreadPoolExecutor.getTask(ThreadPoolExecutor.java:1074)
        at java.util.concurrent.ThreadPoolExecutor.runWorker(ThreadPoolExecutor.java:1134)
        at java.util.concurrent.ThreadPoolExecutor$Worker.run(ThreadPoolExecutor.java:624)
        at java.lang.Thread.run(Thread.java:748)
"Thread-1528" daemon prio=5 tid=3187 timed_waiting
java.lang.Thread.State: TIMED_WAITING
        at java.lang.Thread.sleep(Native Method)
        at org.apache.ratis.util.JavaUtils.sleep(JavaUtils.java:243)
        at org.apache.ratis.server.impl.FollowerState.run(FollowerState.java:100)
"pool-198-thread-33"  prio=5 tid=2582 in Object.wait()
java.lang.Thread.State: WAITING (on object monitor)
        at sun.misc.Unsafe.park(Native Method)
        at java.util.concurrent.locks.LockSupport.park(LockSupport.java:175)
        at java.util.concurrent.locks.AbstractQueuedSynchronizer$ConditionObject.await(AbstractQueuedSynchronizer.java:2039)
        at java.util.concurrent.ArrayBlockingQueue.take(ArrayBlockingQueue.java:403)
        at java.util.concurrent.ThreadPoolExecutor.getTask(ThreadPoolExecutor.java:1074)
        at java.util.concurrent.ThreadPoolExecutor.runWorker(ThreadPoolExecutor.java:1134)
        at java.util.concurrent.ThreadPoolExecutor$Worker.run(ThreadPoolExecutor.java:624)
        at java.lang.Thread.run(Thread.java:748)
"qtp95553286-1957-acceptor-0@2d35bdc5-ServerConnector@21b6c9c2{HTTP/1.1,[http/1.1]}{0.0.0.0:35524}" daemon prio=3 tid=1957 runnable
java.lang.Thread.State: RUNNABLE
        at sun.nio.ch.ServerSocketChannelImpl.accept0(Native Method)
        at sun.nio.ch.ServerSocketChannelImpl.accept(ServerSocketChannelImpl.java:422)
        at sun.nio.ch.ServerSocketChannelImpl.accept(ServerSocketChannelImpl.java:250)
        at org.eclipse.jetty.server.ServerConnector.accept(ServerConnector.java:397)
        at org.eclipse.jetty.server.AbstractConnector$Acceptor.run(AbstractConnector.java:601)
        at org.eclipse.jetty.util.thread.QueuedThreadPool.runJob(QueuedThreadPool.java:671)
        at org.eclipse.jetty.util.thread.QueuedThreadPool$2.run(QueuedThreadPool.java:589)
        at java.lang.Thread.run(Thread.java:748)
"refreshUsed-/workdir/hadoop-ozone/integration-test/target/test-dir/MiniOzoneClusterImpl-6b3e2517-75a7-4dd9-8054-0b12e404e591/datanode-3/data/containers" daemon prio=5 tid=2052 timed_waiting
java.lang.Thread.State: TIMED_WAITING
        at java.lang.Thread.sleep(Native Method)
        at org.apache.hadoop.fs.CachingGetSpaceUsed$RefreshThread.run(CachingGetSpaceUsed.java:179)
        at java.lang.Thread.run(Thread.java:748)
"grpc-default-worker-ELG-3-1" daemon prio=5 tid=1052 runnable
java.lang.Thread.State: RUNNABLE
        at sun.nio.ch.EPollArrayWrapper.epollWait(Native Method)
        at sun.nio.ch.EPollArrayWrapper.poll(EPollArrayWrapper.java:269)
        at sun.nio.ch.EPollSelectorImpl.doSelect(EPollSelectorImpl.java:93)
        at sun.nio.ch.SelectorImpl.lockAndDoSelect(SelectorImpl.java:86)
        at sun.nio.ch.SelectorImpl.select(SelectorImpl.java:97)
        at org.apache.ratis.thirdparty.io.netty.channel.nio.SelectedSelectionKeySetSelector.select(SelectedSelectionKeySetSelector.java:62)
        at org.apache.ratis.thirdparty.io.netty.channel.nio.NioEventLoop.select(NioEventLoop.java:753)
        at org.apache.ratis.thirdparty.io.netty.channel.nio.NioEventLoop.run(NioEventLoop.java:408)
        at org.apache.ratis.thirdparty.io.netty.util.concurrent.SingleThreadEventExecutor$5.run(SingleThreadEventExecutor.java:897)
        at org.apache.ratis.thirdparty.io.netty.util.concurrent.FastThreadLocalRunnable.run(FastThreadLocalRunnable.java:30)
        at java.lang.Thread.run(Thread.java:748)
"pool-228-thread-34"  prio=5 tid=2769 in Object.wait()
java.lang.Thread.State: WAITING (on object monitor)
        at sun.misc.Unsafe.park(Native Method)
        at java.util.concurrent.locks.LockSupport.park(LockSupport.java:175)
        at java.util.concurrent.locks.AbstractQueuedSynchronizer$ConditionObject.await(AbstractQueuedSynchronizer.java:2039)
        at java.util.concurrent.ArrayBlockingQueue.take(ArrayBlockingQueue.java:403)
        at java.util.concurrent.ThreadPoolExecutor.getTask(ThreadPoolExecutor.java:1074)
        at java.util.concurrent.ThreadPoolExecutor.runWorker(ThreadPoolExecutor.java:1134)
        at java.util.concurrent.ThreadPoolExecutor$Worker.run(ThreadPoolExecutor.java:624)
        at java.lang.Thread.run(Thread.java:748)
"pool-168-thread-23"  prio=5 tid=2386 in Object.wait()
java.lang.Thread.State: WAITING (on object monitor)
        at sun.misc.Unsafe.park(Native Method)
        at java.util.concurrent.locks.LockSupport.park(LockSupport.java:175)
        at java.util.concurrent.locks.AbstractQueuedSynchronizer$ConditionObject.await(AbstractQueuedSynchronizer.java:2039)
        at java.util.concurrent.ArrayBlockingQueue.take(ArrayBlockingQueue.java:403)
        at java.util.concurrent.ThreadPoolExecutor.getTask(ThreadPoolExecutor.java:1074)
        at java.util.concurrent.ThreadPoolExecutor.runWorker(ThreadPoolExecutor.java:1134)
        at java.util.concurrent.ThreadPoolExecutor$Worker.run(ThreadPoolExecutor.java:624)
        at java.lang.Thread.run(Thread.java:748)
"org.eclipse.jetty.server.session.HashSessionManager@74834afdTimer" daemon prio=5 tid=2175 timed_waiting
java.lang.Thread.State: TIMED_WAITING
        at sun.misc.Unsafe.park(Native Method)
        at java.util.concurrent.locks.LockSupport.parkNanos(LockSupport.java:215)
        at java.util.concurrent.locks.AbstractQueuedSynchronizer$ConditionObject.awaitNanos(AbstractQueuedSynchronizer.java:2078)
        at java.util.concurrent.ScheduledThreadPoolExecutor$DelayedWorkQueue.take(ScheduledThreadPoolExecutor.java:1093)
        at java.util.concurrent.ScheduledThreadPoolExecutor$DelayedWorkQueue.take(ScheduledThreadPoolExecutor.java:809)
        at java.util.concurrent.ThreadPoolExecutor.getTask(ThreadPoolExecutor.java:1074)
        at java.util.concurrent.ThreadPoolExecutor.runWorker(ThreadPoolExecutor.java:1134)
        at java.util.concurrent.ThreadPoolExecutor$Worker.run(ThreadPoolExecutor.java:624)
        at java.lang.Thread.run(Thread.java:748)
"Datanode ReportManager Thread - 2" daemon prio=5 tid=281 in Object.wait()
java.lang.Thread.State: WAITING (on object monitor)
        at sun.misc.Unsafe.park(Native Method)
        at java.util.concurrent.locks.LockSupport.park(LockSupport.java:175)
        at java.util.concurrent.locks.AbstractQueuedSynchronizer$ConditionObject.await(AbstractQueuedSynchronizer.java:2039)
        at java.util.concurrent.ScheduledThreadPoolExecutor$DelayedWorkQueue.take(ScheduledThreadPoolExecutor.java:1088)
        at java.util.concurrent.ScheduledThreadPoolExecutor$DelayedWorkQueue.take(ScheduledThreadPoolExecutor.java:809)
        at java.util.concurrent.ThreadPoolExecutor.getTask(ThreadPoolExecutor.java:1074)
        at java.util.concurrent.ThreadPoolExecutor.runWorker(ThreadPoolExecutor.java:1134)
        at java.util.concurrent.ThreadPoolExecutor$Worker.run(ThreadPoolExecutor.java:624)
        at java.lang.Thread.run(Thread.java:748)
"pool-218-thread-3"  prio=5 tid=2676 in Object.wait()
java.lang.Thread.State: WAITING (on object monitor)
        at sun.misc.Unsafe.park(Native Method)
        at java.util.concurrent.locks.LockSupport.park(LockSupport.java:175)
        at java.util.concurrent.locks.AbstractQueuedSynchronizer$ConditionObject.await(AbstractQueuedSynchronizer.java:2039)
        at java.util.concurrent.ArrayBlockingQueue.take(ArrayBlockingQueue.java:403)
        at java.util.concurrent.ThreadPoolExecutor.getTask(ThreadPoolExecutor.java:1074)
        at java.util.concurrent.ThreadPoolExecutor.runWorker(ThreadPoolExecutor.java:1134)
        at java.util.concurrent.ThreadPoolExecutor$Worker.run(ThreadPoolExecutor.java:624)
        at java.lang.Thread.run(Thread.java:748)
"pool-143-thread-1"  prio=5 tid=1955 timed_waiting
java.lang.Thread.State: TIMED_WAITING
        at sun.misc.Unsafe.park(Native Method)
        at java.util.concurrent.locks.LockSupport.parkNanos(LockSupport.java:215)
        at java.util.concurrent.locks.AbstractQueuedSynchronizer$ConditionObject.awaitNanos(AbstractQueuedSynchronizer.java:2078)
        at java.util.concurrent.ScheduledThreadPoolExecutor$DelayedWorkQueue.take(ScheduledThreadPoolExecutor.java:1093)
        at java.util.concurrent.ScheduledThreadPoolExecutor$DelayedWorkQueue.take(ScheduledThreadPoolExecutor.java:809)
        at java.util.concurrent.ThreadPoolExecutor.getTask(ThreadPoolExecutor.java:1074)
        at java.util.concurrent.ThreadPoolExecutor.runWorker(ThreadPoolExecutor.java:1134)
        at java.util.concurrent.ThreadPoolExecutor$Worker.run(ThreadPoolExecutor.java:624)
        at java.lang.Thread.run(Thread.java:748)
"pool-208-thread-57"  prio=5 tid=2668 in Object.wait()
java.lang.Thread.State: WAITING (on object monitor)
        at sun.misc.Unsafe.park(Native Method)
        at java.util.concurrent.locks.LockSupport.park(LockSupport.java:175)
        at java.util.concurrent.locks.AbstractQueuedSynchronizer$ConditionObject.await(AbstractQueuedSynchronizer.java:2039)
        at java.util.concurrent.ArrayBlockingQueue.take(ArrayBlockingQueue.java:403)
        at java.util.concurrent.ThreadPoolExecutor.getTask(ThreadPoolExecutor.java:1074)
        at java.util.concurrent.ThreadPoolExecutor.runWorker(ThreadPoolExecutor.java:1134)
        at java.util.concurrent.ThreadPoolExecutor$Worker.run(ThreadPoolExecutor.java:624)
        at java.lang.Thread.run(Thread.java:748)
"pool-148-thread-15"  prio=5 tid=2253 in Object.wait()
java.lang.Thread.State: WAITING (on object monitor)
        at sun.misc.Unsafe.park(Native Method)
        at java.util.concurrent.locks.LockSupport.park(LockSupport.java:175)
        at java.util.concurrent.locks.AbstractQueuedSynchronizer$ConditionObject.await(AbstractQueuedSynchronizer.java:2039)
        at java.util.concurrent.ArrayBlockingQueue.take(ArrayBlockingQueue.java:403)
        at java.util.concurrent.ThreadPoolExecutor.getTask(ThreadPoolExecutor.java:1074)
        at java.util.concurrent.ThreadPoolExecutor.runWorker(ThreadPoolExecutor.java:1134)
        at java.util.concurrent.ThreadPoolExecutor$Worker.run(ThreadPoolExecutor.java:624)
        at java.lang.Thread.run(Thread.java:748)
"Datanode ReportManager Thread - 2" daemon prio=5 tid=308 in Object.wait()
java.lang.Thread.State: WAITING (on object monitor)
        at sun.misc.Unsafe.park(Native Method)
        at java.util.concurrent.locks.LockSupport.park(LockSupport.java:175)
        at java.util.concurrent.locks.AbstractQueuedSynchronizer$ConditionObject.await(AbstractQueuedSynchronizer.java:2039)
        at java.util.concurrent.ScheduledThreadPoolExecutor$DelayedWorkQueue.take(ScheduledThreadPoolExecutor.java:1088)
        at java.util.concurrent.ScheduledThreadPoolExecutor$DelayedWorkQueue.take(ScheduledThreadPoolExecutor.java:809)
        at java.util.concurrent.ThreadPoolExecutor.getTask(ThreadPoolExecutor.java:1074)
        at java.util.concurrent.ThreadPoolExecutor.runWorker(ThreadPoolExecutor.java:1134)
        at java.util.concurrent.ThreadPoolExecutor$Worker.run(ThreadPoolExecutor.java:624)
        at java.lang.Thread.run(Thread.java:748)
"59f802cb-c907-44a0-9069-e10bb38eff5d@group-185A7D32E5E0-SegmentedRaftLogWorker"  prio=5 tid=3087 timed_waiting
java.lang.Thread.State: TIMED_WAITING
        at sun.misc.Unsafe.park(Native Method)
        at java.util.concurrent.locks.LockSupport.parkNanos(LockSupport.java:215)
        at java.util.concurrent.locks.AbstractQueuedSynchronizer$ConditionObject.awaitNanos(AbstractQueuedSynchronizer.java:2078)
        at org.apache.ratis.util.DataBlockingQueue.poll(DataBlockingQueue.java:137)
        at org.apache.ratis.server.raftlog.segmented.SegmentedRaftLogWorker.run(SegmentedRaftLogWorker.java:282)
        at java.lang.Thread.run(Thread.java:748)
"pool-178-thread-54"  prio=5 tid=2479 in Object.wait()
java.lang.Thread.State: WAITING (on object monitor)
        at sun.misc.Unsafe.park(Native Method)
        at java.util.concurrent.locks.LockSupport.park(LockSupport.java:175)
        at java.util.concurrent.locks.AbstractQueuedSynchronizer$ConditionObject.await(AbstractQueuedSynchronizer.java:2039)
        at java.util.concurrent.ArrayBlockingQueue.take(ArrayBlockingQueue.java:403)
        at java.util.concurrent.ThreadPoolExecutor.getTask(ThreadPoolExecutor.java:1074)
        at java.util.concurrent.ThreadPoolExecutor.runWorker(ThreadPoolExecutor.java:1134)
        at java.util.concurrent.ThreadPoolExecutor$Worker.run(ThreadPoolExecutor.java:624)
        at java.lang.Thread.run(Thread.java:748)
"pool-176-thread-1" daemon prio=5 tid=2054 timed_waiting
java.lang.Thread.State: TIMED_WAITING
        at sun.misc.Unsafe.park(Native Method)
        at java.util.concurrent.locks.LockSupport.parkNanos(LockSupport.java:215)
        at java.util.concurrent.locks.AbstractQueuedSynchronizer$ConditionObject.awaitNanos(AbstractQueuedSynchronizer.java:2078)
        at java.util.concurrent.ScheduledThreadPoolExecutor$DelayedWorkQueue.take(ScheduledThreadPoolExecutor.java:1093)
        at java.util.concurrent.ScheduledThreadPoolExecutor$DelayedWorkQueue.take(ScheduledThreadPoolExecutor.java:809)
        at java.util.concurrent.ThreadPoolExecutor.getTask(ThreadPoolExecutor.java:1074)
        at java.util.concurrent.ThreadPoolExecutor.runWorker(ThreadPoolExecutor.java:1134)
        at java.util.concurrent.ThreadPoolExecutor$Worker.run(ThreadPoolExecutor.java:624)
        at java.lang.Thread.run(Thread.java:748)
"pool-218-thread-35"  prio=5 tid=2708 in Object.wait()
java.lang.Thread.State: WAITING (on object monitor)
        at sun.misc.Unsafe.park(Native Method)
        at java.util.concurrent.locks.LockSupport.park(LockSupport.java:175)
        at java.util.concurrent.locks.AbstractQueuedSynchronizer$ConditionObject.await(AbstractQueuedSynchronizer.java:2039)
        at java.util.concurrent.ArrayBlockingQueue.take(ArrayBlockingQueue.java:403)
        at java.util.concurrent.ThreadPoolExecutor.getTask(ThreadPoolExecutor.java:1074)
        at java.util.concurrent.ThreadPoolExecutor.runWorker(ThreadPoolExecutor.java:1134)
        at java.util.concurrent.ThreadPoolExecutor$Worker.run(ThreadPoolExecutor.java:624)
        at java.lang.Thread.run(Thread.java:748)
"pool-202-thread-1"  prio=5 tid=2110 timed_waiting
java.lang.Thread.State: TIMED_WAITING
        at sun.misc.Unsafe.park(Native Method)
        at java.util.concurrent.locks.LockSupport.parkNanos(LockSupport.java:215)
        at java.util.concurrent.locks.AbstractQueuedSynchronizer$ConditionObject.awaitNanos(AbstractQueuedSynchronizer.java:2078)
        at java.util.concurrent.ScheduledThreadPoolExecutor$DelayedWorkQueue.take(ScheduledThreadPoolExecutor.java:1093)
        at java.util.concurrent.ScheduledThreadPoolExecutor$DelayedWorkQueue.take(ScheduledThreadPoolExecutor.java:809)
        at java.util.concurrent.ThreadPoolExecutor.getTask(ThreadPoolExecutor.java:1074)
        at java.util.concurrent.ThreadPoolExecutor.runWorker(ThreadPoolExecutor.java:1134)
        at java.util.concurrent.ThreadPoolExecutor$Worker.run(ThreadPoolExecutor.java:624)
        at java.lang.Thread.run(Thread.java:748)
"IPC Server handler 7 on 42444" daemon prio=5 tid=1899 timed_waiting
java.lang.Thread.State: TIMED_WAITING
        at sun.misc.Unsafe.park(Native Method)
        at java.util.concurrent.locks.LockSupport.parkNanos(LockSupport.java:215)
        at java.util.concurrent.locks.AbstractQueuedSynchronizer$ConditionObject.awaitNanos(AbstractQueuedSynchronizer.java:2078)
        at java.util.concurrent.LinkedBlockingQueue.poll(LinkedBlockingQueue.java:467)
        at org.apache.hadoop.ipc.CallQueueManager.take(CallQueueManager.java:288)
        at org.apache.hadoop.ipc.Server$Handler.run(Server.java:2668)
"pool-228-thread-18"  prio=5 tid=2753 in Object.wait()
java.lang.Thread.State: WAITING (on object monitor)
        at sun.misc.Unsafe.park(Native Method)
        at java.util.concurrent.locks.LockSupport.park(LockSupport.java:175)
        at java.util.concurrent.locks.AbstractQueuedSynchronizer$ConditionObject.await(AbstractQueuedSynchronizer.java:2039)
        at java.util.concurrent.ArrayBlockingQueue.take(ArrayBlockingQueue.java:403)
        at java.util.concurrent.ThreadPoolExecutor.getTask(ThreadPoolExecutor.java:1074)
        at java.util.concurrent.ThreadPoolExecutor.runWorker(ThreadPoolExecutor.java:1134)
        at java.util.concurrent.ThreadPoolExecutor$Worker.run(ThreadPoolExecutor.java:624)
        at java.lang.Thread.run(Thread.java:748)
"pool-198-thread-47"  prio=5 tid=2596 in Object.wait()
java.lang.Thread.State: WAITING (on object monitor)
        at sun.misc.Unsafe.park(Native Method)
        at java.util.concurrent.locks.LockSupport.park(LockSupport.java:175)
        at java.util.concurrent.locks.AbstractQueuedSynchronizer$ConditionObject.await(AbstractQueuedSynchronizer.java:2039)
        at java.util.concurrent.ArrayBlockingQueue.take(ArrayBlockingQueue.java:403)
        at java.util.concurrent.ThreadPoolExecutor.getTask(ThreadPoolExecutor.java:1074)
        at java.util.concurrent.ThreadPoolExecutor.runWorker(ThreadPoolExecutor.java:1134)
        at java.util.concurrent.ThreadPoolExecutor$Worker.run(ThreadPoolExecutor.java:624)
        at java.lang.Thread.run(Thread.java:748)
"qtp254416915-2140" daemon prio=5 tid=2140 timed_waiting
java.lang.Thread.State: TIMED_WAITING
        at sun.misc.Unsafe.park(Native Method)
        at java.util.concurrent.locks.LockSupport.parkNanos(LockSupport.java:215)
        at java.util.concurrent.locks.AbstractQueuedSynchronizer$ConditionObject.awaitNanos(AbstractQueuedSynchronizer.java:2078)
        at org.eclipse.jetty.util.BlockingArrayQueue.poll(BlockingArrayQueue.java:392)
        at org.eclipse.jetty.util.thread.QueuedThreadPool.idleJobPoll(QueuedThreadPool.java:563)
        at org.eclipse.jetty.util.thread.QueuedThreadPool.access$800(QueuedThreadPool.java:48)
        at org.eclipse.jetty.util.thread.QueuedThreadPool$2.run(QueuedThreadPool.java:626)
        at java.lang.Thread.run(Thread.java:748)
"refreshUsed-/workdir/hadoop-ozone/integration-test/target/test-dir/MiniOzoneClusterImpl-6b3e2517-75a7-4dd9-8054-0b12e404e591/datanode-0/data/containers" daemon prio=5 tid=1970 timed_waiting
java.lang.Thread.State: TIMED_WAITING
        at java.lang.Thread.sleep(Native Method)
        at org.apache.hadoop.fs.CachingGetSpaceUsed$RefreshThread.run(CachingGetSpaceUsed.java:179)
        at java.lang.Thread.run(Thread.java:748)
"pool-148-thread-21"  prio=5 tid=2259 in Object.wait()
java.lang.Thread.State: WAITING (on object monitor)
        at sun.misc.Unsafe.park(Native Method)
        at java.util.concurrent.locks.LockSupport.park(LockSupport.java:175)
        at java.util.concurrent.locks.AbstractQueuedSynchronizer$ConditionObject.await(AbstractQueuedSynchronizer.java:2039)
        at java.util.concurrent.ArrayBlockingQueue.take(ArrayBlockingQueue.java:403)
        at java.util.concurrent.ThreadPoolExecutor.getTask(ThreadPoolExecutor.java:1074)
        at java.util.concurrent.ThreadPoolExecutor.runWorker(ThreadPoolExecutor.java:1134)
        at java.util.concurrent.ThreadPoolExecutor$Worker.run(ThreadPoolExecutor.java:624)
        at java.lang.Thread.run(Thread.java:748)
"java.util.concurrent.ThreadPoolExecutor$Worker@7a75f2e6[State = -1, empty queue]" daemon prio=5 tid=3198 runnable
java.lang.Thread.State: RUNNABLE
        at java.util.concurrent.ScheduledThreadPoolExecutor$DelayedWorkQueue.poll(ScheduledThreadPoolExecutor.java:809)
        at java.util.concurrent.ThreadPoolExecutor.getTask(ThreadPoolExecutor.java:1073)
        at java.util.concurrent.ThreadPoolExecutor.runWorker(ThreadPoolExecutor.java:1134)
        at java.util.concurrent.ThreadPoolExecutor$Worker.run(ThreadPoolExecutor.java:624)
        at java.lang.Thread.run(Thread.java:748)
"pool-188-thread-13"  prio=5 tid=2500 in Object.wait()
java.lang.Thread.State: WAITING (on object monitor)
        at sun.misc.Unsafe.park(Native Method)
        at java.util.concurrent.locks.LockSupport.park(LockSupport.java:175)
        at java.util.concurrent.locks.AbstractQueuedSynchronizer$ConditionObject.await(AbstractQueuedSynchronizer.java:2039)
        at java.util.concurrent.ArrayBlockingQueue.take(ArrayBlockingQueue.java:403)
        at java.util.concurrent.ThreadPoolExecutor.getTask(ThreadPoolExecutor.java:1074)
        at java.util.concurrent.ThreadPoolExecutor.runWorker(ThreadPoolExecutor.java:1134)
        at java.util.concurrent.ThreadPoolExecutor$Worker.run(ThreadPoolExecutor.java:624)
        at java.lang.Thread.run(Thread.java:748)
"pool-168-thread-31"  prio=5 tid=2394 in Object.wait()
java.lang.Thread.State: WAITING (on object monitor)
        at sun.misc.Unsafe.park(Native Method)
        at java.util.concurrent.locks.LockSupport.park(LockSupport.java:175)
        at java.util.concurrent.locks.AbstractQueuedSynchronizer$ConditionObject.await(AbstractQueuedSynchronizer.java:2039)
        at java.util.concurrent.ArrayBlockingQueue.take(ArrayBlockingQueue.java:403)
        at java.util.concurrent.ThreadPoolExecutor.getTask(ThreadPoolExecutor.java:1074)
        at java.util.concurrent.ThreadPoolExecutor.runWorker(ThreadPoolExecutor.java:1134)
        at java.util.concurrent.ThreadPoolExecutor$Worker.run(ThreadPoolExecutor.java:624)
        at java.lang.Thread.run(Thread.java:748)
"Datanode ReportManager Thread - 2" daemon prio=5 tid=2206 in Object.wait()
java.lang.Thread.State: WAITING (on object monitor)
        at sun.misc.Unsafe.park(Native Method)
        at java.util.concurrent.locks.LockSupport.park(LockSupport.java:175)
        at java.util.concurrent.locks.AbstractQueuedSynchronizer$ConditionObject.await(AbstractQueuedSynchronizer.java:2039)
        at java.util.concurrent.ScheduledThreadPoolExecutor$DelayedWorkQueue.take(ScheduledThreadPoolExecutor.java:1088)
        at java.util.concurrent.ScheduledThreadPoolExecutor$DelayedWorkQueue.take(ScheduledThreadPoolExecutor.java:809)
        at java.util.concurrent.ThreadPoolExecutor.getTask(ThreadPoolExecutor.java:1074)
        at java.util.concurrent.ThreadPoolExecutor.runWorker(ThreadPoolExecutor.java:1134)
        at java.util.concurrent.ThreadPoolExecutor$Worker.run(ThreadPoolExecutor.java:624)
        at java.lang.Thread.run(Thread.java:748)
"grpc-default-executor-3" daemon prio=5 tid=1177 timed_waiting
java.lang.Thread.State: TIMED_WAITING
        at sun.misc.Unsafe.park(Native Method)
        at java.util.concurrent.locks.LockSupport.parkNanos(LockSupport.java:215)
        at java.util.concurrent.SynchronousQueue$TransferStack.awaitFulfill(SynchronousQueue.java:460)
        at java.util.concurrent.SynchronousQueue$TransferStack.transfer(SynchronousQueue.java:362)
        at java.util.concurrent.SynchronousQueue.poll(SynchronousQueue.java:941)
        at java.util.concurrent.ThreadPoolExecutor.getTask(ThreadPoolExecutor.java:1073)
        at java.util.concurrent.ThreadPoolExecutor.runWorker(ThreadPoolExecutor.java:1134)
        at java.util.concurrent.ThreadPoolExecutor$Worker.run(ThreadPoolExecutor.java:624)
        at java.lang.Thread.run(Thread.java:748)
"qtp141388791-2226" daemon prio=5 tid=2226 timed_waiting
java.lang.Thread.State: TIMED_WAITING
        at sun.misc.Unsafe.park(Native Method)
        at java.util.concurrent.locks.LockSupport.parkNanos(LockSupport.java:215)
        at java.util.concurrent.locks.AbstractQueuedSynchronizer$ConditionObject.awaitNanos(AbstractQueuedSynchronizer.java:2078)
        at org.eclipse.jetty.util.BlockingArrayQueue.poll(BlockingArrayQueue.java:392)
        at org.eclipse.jetty.util.thread.QueuedThreadPool.idleJobPoll(QueuedThreadPool.java:563)
        at org.eclipse.jetty.util.thread.QueuedThreadPool.access$800(QueuedThreadPool.java:48)
        at org.eclipse.jetty.util.thread.QueuedThreadPool$2.run(QueuedThreadPool.java:626)
        at java.lang.Thread.run(Thread.java:748)
"pool-188-thread-54"  prio=5 tid=2541 in Object.wait()
java.lang.Thread.State: WAITING (on object monitor)
        at sun.misc.Unsafe.park(Native Method)
        at java.util.concurrent.locks.LockSupport.park(LockSupport.java:175)
        at java.util.concurrent.locks.AbstractQueuedSynchronizer$ConditionObject.await(AbstractQueuedSynchronizer.java:2039)
        at java.util.concurrent.ArrayBlockingQueue.take(ArrayBlockingQueue.java:403)
        at java.util.concurrent.ThreadPoolExecutor.getTask(ThreadPoolExecutor.java:1074)
        at java.util.concurrent.ThreadPoolExecutor.runWorker(ThreadPoolExecutor.java:1134)
        at java.util.concurrent.ThreadPoolExecutor$Worker.run(ThreadPoolExecutor.java:624)
        at java.lang.Thread.run(Thread.java:748)
"org.eclipse.jetty.server.session.HashSessionManager@456bcb74Timer" daemon prio=5 tid=2119 timed_waiting
java.lang.Thread.State: TIMED_WAITING
        at sun.misc.Unsafe.park(Native Method)
        at java.util.concurrent.locks.LockSupport.parkNanos(LockSupport.java:215)
        at java.util.concurrent.locks.AbstractQueuedSynchronizer$ConditionObject.awaitNanos(AbstractQueuedSynchronizer.java:2078)
        at java.util.concurrent.ScheduledThreadPoolExecutor$DelayedWorkQueue.take(ScheduledThreadPoolExecutor.java:1093)
        at java.util.concurrent.ScheduledThreadPoolExecutor$DelayedWorkQueue.take(ScheduledThreadPoolExecutor.java:809)
        at java.util.concurrent.ThreadPoolExecutor.getTask(ThreadPoolExecutor.java:1074)
        at java.util.concurrent.ThreadPoolExecutor.runWorker(ThreadPoolExecutor.java:1134)
        at java.util.concurrent.ThreadPoolExecutor$Worker.run(ThreadPoolExecutor.java:624)
        at java.lang.Thread.run(Thread.java:748)
"pool-228-thread-60"  prio=5 tid=2795 in Object.wait()
java.lang.Thread.State: WAITING (on object monitor)
        at sun.misc.Unsafe.park(Native Method)
        at java.util.concurrent.locks.LockSupport.park(LockSupport.java:175)
        at java.util.concurrent.locks.AbstractQueuedSynchronizer$ConditionObject.await(AbstractQueuedSynchronizer.java:2039)
        at java.util.concurrent.ArrayBlockingQueue.take(ArrayBlockingQueue.java:403)
        at java.util.concurrent.ThreadPoolExecutor.getTask(ThreadPoolExecutor.java:1074)
        at java.util.concurrent.ThreadPoolExecutor.runWorker(ThreadPoolExecutor.java:1134)
        at java.util.concurrent.ThreadPoolExecutor$Worker.run(ThreadPoolExecutor.java:624)
        at java.lang.Thread.run(Thread.java:748)
"pool-148-thread-30"  prio=5 tid=2268 in Object.wait()
java.lang.Thread.State: WAITING (on object monitor)
        at sun.misc.Unsafe.park(Native Method)
        at java.util.concurrent.locks.LockSupport.park(LockSupport.java:175)
        at java.util.concurrent.locks.AbstractQueuedSynchronizer$ConditionObject.await(AbstractQueuedSynchronizer.java:2039)
        at java.util.concurrent.ArrayBlockingQueue.take(ArrayBlockingQueue.java:403)
        at java.util.concurrent.ThreadPoolExecutor.getTask(ThreadPoolExecutor.java:1074)
        at java.util.concurrent.ThreadPoolExecutor.runWorker(ThreadPoolExecutor.java:1134)
        at java.util.concurrent.ThreadPoolExecutor$Worker.run(ThreadPoolExecutor.java:624)
        at java.lang.Thread.run(Thread.java:748)
"Datanode State Machine Thread - 0" daemon prio=5 tid=2102 timed_waiting
java.lang.Thread.State: TIMED_WAITING
        at sun.misc.Unsafe.park(Native Method)
        at java.util.concurrent.locks.LockSupport.parkNanos(LockSupport.java:215)
        at java.util.concurrent.SynchronousQueue$TransferStack.awaitFulfill(SynchronousQueue.java:460)
        at java.util.concurrent.SynchronousQueue$TransferStack.transfer(SynchronousQueue.java:362)
        at java.util.concurrent.SynchronousQueue.poll(SynchronousQueue.java:941)
        at java.util.concurrent.ThreadPoolExecutor.getTask(ThreadPoolExecutor.java:1073)
        at java.util.concurrent.ThreadPoolExecutor.runWorker(ThreadPoolExecutor.java:1134)
        at java.util.concurrent.ThreadPoolExecutor$Worker.run(ThreadPoolExecutor.java:624)
        at java.lang.Thread.run(Thread.java:748)
"pool-208-thread-51"  prio=5 tid=2662 in Object.wait()
java.lang.Thread.State: WAITING (on object monitor)
        at sun.misc.Unsafe.park(Native Method)
        at java.util.concurrent.locks.LockSupport.park(LockSupport.java:175)
        at java.util.concurrent.locks.AbstractQueuedSynchronizer$ConditionObject.await(AbstractQueuedSynchronizer.java:2039)
        at java.util.concurrent.ArrayBlockingQueue.take(ArrayBlockingQueue.java:403)
        at java.util.concurrent.ThreadPoolExecutor.getTask(ThreadPoolExecutor.java:1074)
        at java.util.concurrent.ThreadPoolExecutor.runWorker(ThreadPoolExecutor.java:1134)
        at java.util.concurrent.ThreadPoolExecutor$Worker.run(ThreadPoolExecutor.java:624)
        at java.lang.Thread.run(Thread.java:748)
"pool-218-thread-25"  prio=5 tid=2698 in Object.wait()
java.lang.Thread.State: WAITING (on object monitor)
        at sun.misc.Unsafe.park(Native Method)
        at java.util.concurrent.locks.LockSupport.park(LockSupport.java:175)
        at java.util.concurrent.locks.AbstractQueuedSynchronizer$ConditionObject.await(AbstractQueuedSynchronizer.java:2039)
        at java.util.concurrent.ArrayBlockingQueue.take(ArrayBlockingQueue.java:403)
        at java.util.concurrent.ThreadPoolExecutor.getTask(ThreadPoolExecutor.java:1074)
        at java.util.concurrent.ThreadPoolExecutor.runWorker(ThreadPoolExecutor.java:1134)
        at java.util.concurrent.ThreadPoolExecutor$Worker.run(ThreadPoolExecutor.java:624)
        at java.lang.Thread.run(Thread.java:748)
"pool-178-thread-24"  prio=5 tid=2449 in Object.wait()
java.lang.Thread.State: WAITING (on object monitor)
        at sun.misc.Unsafe.park(Native Method)
        at java.util.concurrent.locks.LockSupport.park(LockSupport.java:175)
        at java.util.concurrent.locks.AbstractQueuedSynchronizer$ConditionObject.await(AbstractQueuedSynchronizer.java:2039)
        at java.util.concurrent.ArrayBlockingQueue.take(ArrayBlockingQueue.java:403)
        at java.util.concurrent.ThreadPoolExecutor.getTask(ThreadPoolExecutor.java:1074)
        at java.util.concurrent.ThreadPoolExecutor.runWorker(ThreadPoolExecutor.java:1134)
        at java.util.concurrent.ThreadPoolExecutor$Worker.run(ThreadPoolExecutor.java:624)
        at java.lang.Thread.run(Thread.java:748)
"pool-168-thread-2"  prio=5 tid=2365 in Object.wait()
java.lang.Thread.State: WAITING (on object monitor)
        at sun.misc.Unsafe.park(Native Method)
        at java.util.concurrent.locks.LockSupport.park(LockSupport.java:175)
        at java.util.concurrent.locks.AbstractQueuedSynchronizer$ConditionObject.await(AbstractQueuedSynchronizer.java:2039)
        at java.util.concurrent.ArrayBlockingQueue.take(ArrayBlockingQueue.java:403)
        at java.util.concurrent.ThreadPoolExecutor.getTask(ThreadPoolExecutor.java:1074)
        at java.util.concurrent.ThreadPoolExecutor.runWorker(ThreadPoolExecutor.java:1134)
        at java.util.concurrent.ThreadPoolExecutor$Worker.run(ThreadPoolExecutor.java:624)
        at java.lang.Thread.run(Thread.java:748)
"PartialTableCache Cleanup Thread - 0" daemon prio=5 tid=3041 in Object.wait()
java.lang.Thread.State: WAITING (on object monitor)
        at sun.misc.Unsafe.park(Native Method)
        at java.util.concurrent.locks.LockSupport.park(LockSupport.java:175)
        at java.util.concurrent.locks.AbstractQueuedSynchronizer$ConditionObject.await(AbstractQueuedSynchronizer.java:2039)
        at java.util.concurrent.LinkedBlockingQueue.take(LinkedBlockingQueue.java:442)
        at java.util.concurrent.ThreadPoolExecutor.getTask(ThreadPoolExecutor.java:1074)
        at java.util.concurrent.ThreadPoolExecutor.runWorker(ThreadPoolExecutor.java:1134)
        at java.util.concurrent.ThreadPoolExecutor$Worker.run(ThreadPoolExecutor.java:624)
        at java.lang.Thread.run(Thread.java:748)
"pool-168-thread-10"  prio=5 tid=2373 in Object.wait()
java.lang.Thread.State: WAITING (on object monitor)
        at sun.misc.Unsafe.park(Native Method)
        at java.util.concurrent.locks.LockSupport.park(LockSupport.java:175)
        at java.util.concurrent.locks.AbstractQueuedSynchronizer$ConditionObject.await(AbstractQueuedSynchronizer.java:2039)
        at java.util.concurrent.ArrayBlockingQueue.take(ArrayBlockingQueue.java:403)
        at java.util.concurrent.ThreadPoolExecutor.getTask(ThreadPoolExecutor.java:1074)
        at java.util.concurrent.ThreadPoolExecutor.runWorker(ThreadPoolExecutor.java:1134)
        at java.util.concurrent.ThreadPoolExecutor$Worker.run(ThreadPoolExecutor.java:624)
        at java.lang.Thread.run(Thread.java:748)
"qtp1090160486-1912" daemon prio=5 tid=1912 runnable
java.lang.Thread.State: RUNNABLE
        at sun.nio.ch.EPollArrayWrapper.epollWait(Native Method)
        at sun.nio.ch.EPollArrayWrapper.poll(EPollArrayWrapper.java:269)
        at sun.nio.ch.EPollSelectorImpl.doSelect(EPollSelectorImpl.java:93)
        at sun.nio.ch.SelectorImpl.lockAndDoSelect(SelectorImpl.java:86)
        at sun.nio.ch.SelectorImpl.select(SelectorImpl.java:97)
        at sun.nio.ch.SelectorImpl.select(SelectorImpl.java:101)
        at org.eclipse.jetty.io.ManagedSelector$SelectorProducer.select(ManagedSelector.java:243)
        at org.eclipse.jetty.io.ManagedSelector$SelectorProducer.produce(ManagedSelector.java:191)
        at org.eclipse.jetty.util.thread.strategy.ExecuteProduceConsume.executeProduceConsume(ExecuteProduceConsume.java:249)
        at org.eclipse.jetty.util.thread.strategy.ExecuteProduceConsume.produceConsume(ExecuteProduceConsume.java:148)
        at org.eclipse.jetty.util.thread.strategy.ExecuteProduceConsume.execute(ExecuteProduceConsume.java:100)
        at org.eclipse.jetty.io.ManagedSelector.run(ManagedSelector.java:147)
        at org.eclipse.jetty.util.thread.QueuedThreadPool.runJob(QueuedThreadPool.java:671)
        at org.eclipse.jetty.util.thread.QueuedThreadPool$2.run(QueuedThreadPool.java:589)
        at java.lang.Thread.run(Thread.java:748)
"pool-188-thread-36"  prio=5 tid=2523 in Object.wait()
java.lang.Thread.State: WAITING (on object monitor)
        at sun.misc.Unsafe.park(Native Method)
        at java.util.concurrent.locks.LockSupport.park(LockSupport.java:175)
        at java.util.concurrent.locks.AbstractQueuedSynchronizer$ConditionObject.await(AbstractQueuedSynchronizer.java:2039)
        at java.util.concurrent.ArrayBlockingQueue.take(ArrayBlockingQueue.java:403)
        at java.util.concurrent.ThreadPoolExecutor.getTask(ThreadPoolExecutor.java:1074)
        at java.util.concurrent.ThreadPoolExecutor.runWorker(ThreadPoolExecutor.java:1134)
        at java.util.concurrent.ThreadPoolExecutor$Worker.run(ThreadPoolExecutor.java:624)
        at java.lang.Thread.run(Thread.java:748)
"org.eclipse.jetty.server.session.HashSessionManager@5dc769f9Timer" daemon prio=5 tid=2202 timed_waiting
java.lang.Thread.State: TIMED_WAITING
        at sun.misc.Unsafe.park(Native Method)
        at java.util.concurrent.locks.LockSupport.parkNanos(LockSupport.java:215)
        at java.util.concurrent.locks.AbstractQueuedSynchronizer$ConditionObject.awaitNanos(AbstractQueuedSynchronizer.java:2078)
        at java.util.concurrent.ScheduledThreadPoolExecutor$DelayedWorkQueue.take(ScheduledThreadPoolExecutor.java:1093)
        at java.util.concurrent.ScheduledThreadPoolExecutor$DelayedWorkQueue.take(ScheduledThreadPoolExecutor.java:809)
        at java.util.concurrent.ThreadPoolExecutor.getTask(ThreadPoolExecutor.java:1074)
        at java.util.concurrent.ThreadPoolExecutor.runWorker(ThreadPoolExecutor.java:1134)
        at java.util.concurrent.ThreadPoolExecutor$Worker.run(ThreadPoolExecutor.java:624)
        at java.lang.Thread.run(Thread.java:748)
"pool-208-thread-39"  prio=5 tid=2650 in Object.wait()
java.lang.Thread.State: WAITING (on object monitor)
        at sun.misc.Unsafe.park(Native Method)
        at java.util.concurrent.locks.LockSupport.park(LockSupport.java:175)
        at java.util.concurrent.locks.AbstractQueuedSynchronizer$ConditionObject.await(AbstractQueuedSynchronizer.java:2039)
        at java.util.concurrent.ArrayBlockingQueue.take(ArrayBlockingQueue.java:403)
        at java.util.concurrent.ThreadPoolExecutor.getTask(ThreadPoolExecutor.java:1074)
        at java.util.concurrent.ThreadPoolExecutor.runWorker(ThreadPoolExecutor.java:1134)
        at java.util.concurrent.ThreadPoolExecutor$Worker.run(ThreadPoolExecutor.java:624)
        at java.lang.Thread.run(Thread.java:748)
"pool-178-thread-56"  prio=5 tid=2481 in Object.wait()
java.lang.Thread.State: WAITING (on object monitor)
        at sun.misc.Unsafe.park(Native Method)
        at java.util.concurrent.locks.LockSupport.park(LockSupport.java:175)
        at java.util.concurrent.locks.AbstractQueuedSynchronizer$ConditionObject.await(AbstractQueuedSynchronizer.java:2039)
        at java.util.concurrent.ArrayBlockingQueue.take(ArrayBlockingQueue.java:403)
        at java.util.concurrent.ThreadPoolExecutor.getTask(ThreadPoolExecutor.java:1074)
        at java.util.concurrent.ThreadPoolExecutor.runWorker(ThreadPoolExecutor.java:1134)
        at java.util.concurrent.ThreadPoolExecutor$Worker.run(ThreadPoolExecutor.java:624)
        at java.lang.Thread.run(Thread.java:748)
"pool-238-thread-29"  prio=5 tid=2826 in Object.wait()
java.lang.Thread.State: WAITING (on object monitor)
        at sun.misc.Unsafe.park(Native Method)
        at java.util.concurrent.locks.LockSupport.park(LockSupport.java:175)
        at java.util.concurrent.locks.AbstractQueuedSynchronizer$ConditionObject.await(AbstractQueuedSynchronizer.java:2039)
        at java.util.concurrent.ArrayBlockingQueue.take(ArrayBlockingQueue.java:403)
        at java.util.concurrent.ThreadPoolExecutor.getTask(ThreadPoolExecutor.java:1074)
        at java.util.concurrent.ThreadPoolExecutor.runWorker(ThreadPoolExecutor.java:1134)
        at java.util.concurrent.ThreadPoolExecutor$Worker.run(ThreadPoolExecutor.java:624)
        at java.lang.Thread.run(Thread.java:748)
"pool-158-thread-25"  prio=5 tid=2326 in Object.wait()
java.lang.Thread.State: WAITING (on object monitor)
        at sun.misc.Unsafe.park(Native Method)
        at java.util.concurrent.locks.LockSupport.park(LockSupport.java:175)
        at java.util.concurrent.locks.AbstractQueuedSynchronizer$ConditionObject.await(AbstractQueuedSynchronizer.java:2039)
        at java.util.concurrent.ArrayBlockingQueue.take(ArrayBlockingQueue.java:403)
        at java.util.concurrent.ThreadPoolExecutor.getTask(ThreadPoolExecutor.java:1074)
        at java.util.concurrent.ThreadPoolExecutor.runWorker(ThreadPoolExecutor.java:1134)
        at java.util.concurrent.ThreadPoolExecutor$Worker.run(ThreadPoolExecutor.java:624)
        at java.lang.Thread.run(Thread.java:748)
"IPC Server handler 12 on 43737" daemon prio=5 tid=1884 timed_waiting
java.lang.Thread.State: TIMED_WAITING
        at sun.misc.Unsafe.park(Native Method)
        at java.util.concurrent.locks.LockSupport.parkNanos(LockSupport.java:215)
        at java.util.concurrent.locks.AbstractQueuedSynchronizer$ConditionObject.awaitNanos(AbstractQueuedSynchronizer.java:2078)
        at java.util.concurrent.LinkedBlockingQueue.poll(LinkedBlockingQueue.java:467)
        at org.apache.hadoop.ipc.CallQueueManager.take(CallQueueManager.java:288)
        at org.apache.hadoop.ipc.Server$Handler.run(Server.java:2668)
"pool-188-thread-59"  prio=5 tid=2546 in Object.wait()
java.lang.Thread.State: WAITING (on object monitor)
        at sun.misc.Unsafe.park(Native Method)
        at java.util.concurrent.locks.LockSupport.park(LockSupport.java:175)
        at java.util.concurrent.locks.AbstractQueuedSynchronizer$ConditionObject.await(AbstractQueuedSynchronizer.java:2039)
        at java.util.concurrent.ArrayBlockingQueue.take(ArrayBlockingQueue.java:403)
        at java.util.concurrent.ThreadPoolExecutor.getTask(ThreadPoolExecutor.java:1074)
        at java.util.concurrent.ThreadPoolExecutor.runWorker(ThreadPoolExecutor.java:1134)
        at java.util.concurrent.ThreadPoolExecutor$Worker.run(ThreadPoolExecutor.java:624)
        at java.lang.Thread.run(Thread.java:748)
"pool-198-thread-49"  prio=5 tid=2598 in Object.wait()
java.lang.Thread.State: WAITING (on object monitor)
        at sun.misc.Unsafe.park(Native Method)
        at java.util.concurrent.locks.LockSupport.park(LockSupport.java:175)
        at java.util.concurrent.locks.AbstractQueuedSynchronizer$ConditionObject.await(AbstractQueuedSynchronizer.java:2039)
        at java.util.concurrent.ArrayBlockingQueue.take(ArrayBlockingQueue.java:403)
        at java.util.concurrent.ThreadPoolExecutor.getTask(ThreadPoolExecutor.java:1074)
        at java.util.concurrent.ThreadPoolExecutor.runWorker(ThreadPoolExecutor.java:1134)
        at java.util.concurrent.ThreadPoolExecutor$Worker.run(ThreadPoolExecutor.java:624)
        at java.lang.Thread.run(Thread.java:748)
"pool-198-thread-43"  prio=5 tid=2592 in Object.wait()
java.lang.Thread.State: WAITING (on object monitor)
        at sun.misc.Unsafe.park(Native Method)
        at java.util.concurrent.locks.LockSupport.park(LockSupport.java:175)
        at java.util.concurrent.locks.AbstractQueuedSynchronizer$ConditionObject.await(AbstractQueuedSynchronizer.java:2039)
        at java.util.concurrent.ArrayBlockingQueue.take(ArrayBlockingQueue.java:403)
        at java.util.concurrent.ThreadPoolExecutor.getTask(ThreadPoolExecutor.java:1074)
        at java.util.concurrent.ThreadPoolExecutor.runWorker(ThreadPoolExecutor.java:1134)
        at java.util.concurrent.ThreadPoolExecutor$Worker.run(ThreadPoolExecutor.java:624)
        at java.lang.Thread.run(Thread.java:748)
"pool-228-thread-30"  prio=5 tid=2765 in Object.wait()
java.lang.Thread.State: WAITING (on object monitor)
        at sun.misc.Unsafe.park(Native Method)
        at java.util.concurrent.locks.LockSupport.park(LockSupport.java:175)
        at java.util.concurrent.locks.AbstractQueuedSynchronizer$ConditionObject.await(AbstractQueuedSynchronizer.java:2039)
        at java.util.concurrent.ArrayBlockingQueue.take(ArrayBlockingQueue.java:403)
        at java.util.concurrent.ThreadPoolExecutor.getTask(ThreadPoolExecutor.java:1074)
        at java.util.concurrent.ThreadPoolExecutor.runWorker(ThreadPoolExecutor.java:1134)
        at java.util.concurrent.ThreadPoolExecutor$Worker.run(ThreadPoolExecutor.java:624)
        at java.lang.Thread.run(Thread.java:748)
"pool-218-thread-17"  prio=5 tid=2690 in Object.wait()
java.lang.Thread.State: WAITING (on object monitor)
        at sun.misc.Unsafe.park(Native Method)
        at java.util.concurrent.locks.LockSupport.park(LockSupport.java:175)
        at java.util.concurrent.locks.AbstractQueuedSynchronizer$ConditionObject.await(AbstractQueuedSynchronizer.java:2039)
        at java.util.concurrent.ArrayBlockingQueue.take(ArrayBlockingQueue.java:403)
        at java.util.concurrent.ThreadPoolExecutor.getTask(ThreadPoolExecutor.java:1074)
        at java.util.concurrent.ThreadPoolExecutor.runWorker(ThreadPoolExecutor.java:1134)
        at java.util.concurrent.ThreadPoolExecutor$Worker.run(ThreadPoolExecutor.java:624)
        at java.lang.Thread.run(Thread.java:748)
"pool-158-thread-37"  prio=5 tid=2338 in Object.wait()
java.lang.Thread.State: WAITING (on object monitor)
        at sun.misc.Unsafe.park(Native Method)
        at java.util.concurrent.locks.LockSupport.park(LockSupport.java:175)
        at java.util.concurrent.locks.AbstractQueuedSynchronizer$ConditionObject.await(AbstractQueuedSynchronizer.java:2039)
        at java.util.concurrent.ArrayBlockingQueue.take(ArrayBlockingQueue.java:403)
        at java.util.concurrent.ThreadPoolExecutor.getTask(ThreadPoolExecutor.java:1074)
        at java.util.concurrent.ThreadPoolExecutor.runWorker(ThreadPoolExecutor.java:1134)
        at java.util.concurrent.ThreadPoolExecutor$Worker.run(ThreadPoolExecutor.java:624)
        at java.lang.Thread.run(Thread.java:748)
"pool-218-thread-13"  prio=5 tid=2686 in Object.wait()
java.lang.Thread.State: WAITING (on object monitor)
        at sun.misc.Unsafe.park(Native Method)
        at java.util.concurrent.locks.LockSupport.park(LockSupport.java:175)
        at java.util.concurrent.locks.AbstractQueuedSynchronizer$ConditionObject.await(AbstractQueuedSynchronizer.java:2039)
        at java.util.concurrent.ArrayBlockingQueue.take(ArrayBlockingQueue.java:403)
        at java.util.concurrent.ThreadPoolExecutor.getTask(ThreadPoolExecutor.java:1074)
        at java.util.concurrent.ThreadPoolExecutor.runWorker(ThreadPoolExecutor.java:1134)
        at java.util.concurrent.ThreadPoolExecutor$Worker.run(ThreadPoolExecutor.java:624)
        at java.lang.Thread.run(Thread.java:748)
"pool-148-thread-42"  prio=5 tid=2280 in Object.wait()
java.lang.Thread.State: WAITING (on object monitor)
        at sun.misc.Unsafe.park(Native Method)
        at java.util.concurrent.locks.LockSupport.park(LockSupport.java:175)
        at java.util.concurrent.locks.AbstractQueuedSynchronizer$ConditionObject.await(AbstractQueuedSynchronizer.java:2039)
        at java.util.concurrent.ArrayBlockingQueue.take(ArrayBlockingQueue.java:403)
        at java.util.concurrent.ThreadPoolExecutor.getTask(ThreadPoolExecutor.java:1074)
        at java.util.concurrent.ThreadPoolExecutor.runWorker(ThreadPoolExecutor.java:1134)
        at java.util.concurrent.ThreadPoolExecutor$Worker.run(ThreadPoolExecutor.java:624)
        at java.lang.Thread.run(Thread.java:748)
"Socket Reader #1 for port 43737"  prio=5 tid=1842 runnable
java.lang.Thread.State: RUNNABLE
        at sun.nio.ch.EPollArrayWrapper.epollWait(Native Method)
        at sun.nio.ch.EPollArrayWrapper.poll(EPollArrayWrapper.java:269)
        at sun.nio.ch.EPollSelectorImpl.doSelect(EPollSelectorImpl.java:93)
        at sun.nio.ch.SelectorImpl.lockAndDoSelect(SelectorImpl.java:86)
        at sun.nio.ch.SelectorImpl.select(SelectorImpl.java:97)
        at sun.nio.ch.SelectorImpl.select(SelectorImpl.java:101)
        at org.apache.hadoop.ipc.Server$Listener$Reader.doRunLoop(Server.java:1097)
        at org.apache.hadoop.ipc.Server$Listener$Reader.run(Server.java:1076)
"BlockDeletingService#1" daemon prio=5 tid=2673 in Object.wait()
java.lang.Thread.State: WAITING (on object monitor)
        at sun.misc.Unsafe.park(Native Method)
        at java.util.concurrent.locks.LockSupport.park(LockSupport.java:175)
        at java.util.concurrent.locks.AbstractQueuedSynchronizer$ConditionObject.await(AbstractQueuedSynchronizer.java:2039)
        at java.util.concurrent.ScheduledThreadPoolExecutor$DelayedWorkQueue.take(ScheduledThreadPoolExecutor.java:1088)
        at java.util.concurrent.ScheduledThreadPoolExecutor$DelayedWorkQueue.take(ScheduledThreadPoolExecutor.java:809)
        at java.util.concurrent.ThreadPoolExecutor.getTask(ThreadPoolExecutor.java:1074)
        at java.util.concurrent.ThreadPoolExecutor.runWorker(ThreadPoolExecutor.java:1134)
        at java.util.concurrent.ThreadPoolExecutor$Worker.run(ThreadPoolExecutor.java:624)
        at java.lang.Thread.run(Thread.java:748)
"pool-238-thread-9"  prio=5 tid=2806 in Object.wait()
java.lang.Thread.State: WAITING (on object monitor)
        at sun.misc.Unsafe.park(Native Method)
        at java.util.concurrent.locks.LockSupport.park(LockSupport.java:175)
        at java.util.concurrent.locks.AbstractQueuedSynchronizer$ConditionObject.await(AbstractQueuedSynchronizer.java:2039)
        at java.util.concurrent.ArrayBlockingQueue.take(ArrayBlockingQueue.java:403)
        at java.util.concurrent.ThreadPoolExecutor.getTask(ThreadPoolExecutor.java:1074)
        at java.util.concurrent.ThreadPoolExecutor.runWorker(ThreadPoolExecutor.java:1134)
        at java.util.concurrent.ThreadPoolExecutor$Worker.run(ThreadPoolExecutor.java:624)
        at java.lang.Thread.run(Thread.java:748)
"pool-228-thread-15"  prio=5 tid=2750 in Object.wait()
java.lang.Thread.State: WAITING (on object monitor)
        at sun.misc.Unsafe.park(Native Method)
        at java.util.concurrent.locks.LockSupport.park(LockSupport.java:175)
        at java.util.concurrent.locks.AbstractQueuedSynchronizer$ConditionObject.await(AbstractQueuedSynchronizer.java:2039)
        at java.util.concurrent.ArrayBlockingQueue.take(ArrayBlockingQueue.java:403)
        at java.util.concurrent.ThreadPoolExecutor.getTask(ThreadPoolExecutor.java:1074)
        at java.util.concurrent.ThreadPoolExecutor.runWorker(ThreadPoolExecutor.java:1134)
        at java.util.concurrent.ThreadPoolExecutor$Worker.run(ThreadPoolExecutor.java:624)
        at java.lang.Thread.run(Thread.java:748)
"org.eclipse.jetty.server.session.HashSessionManager@40de8f93Timer" daemon prio=5 tid=2013 timed_waiting
java.lang.Thread.State: TIMED_WAITING
        at sun.misc.Unsafe.park(Native Method)
        at java.util.concurrent.locks.LockSupport.parkNanos(LockSupport.java:215)
        at java.util.concurrent.locks.AbstractQueuedSynchronizer$ConditionObject.awaitNanos(AbstractQueuedSynchronizer.java:2078)
        at java.util.concurrent.ScheduledThreadPoolExecutor$DelayedWorkQueue.take(ScheduledThreadPoolExecutor.java:1093)
        at java.util.concurrent.ScheduledThreadPoolExecutor$DelayedWorkQueue.take(ScheduledThreadPoolExecutor.java:809)
        at java.util.concurrent.ThreadPoolExecutor.getTask(ThreadPoolExecutor.java:1074)
        at java.util.concurrent.ThreadPoolExecutor.runWorker(ThreadPoolExecutor.java:1134)
        at java.util.concurrent.ThreadPoolExecutor$Worker.run(ThreadPoolExecutor.java:624)
        at java.lang.Thread.run(Thread.java:748)
"org.eclipse.jetty.server.session.HashSessionManager@4b1ec694Timer" daemon prio=5 tid=2200 timed_waiting
java.lang.Thread.State: TIMED_WAITING
        at sun.misc.Unsafe.park(Native Method)
        at java.util.concurrent.locks.LockSupport.parkNanos(LockSupport.java:215)
        at java.util.concurrent.locks.AbstractQueuedSynchronizer$ConditionObject.awaitNanos(AbstractQueuedSynchronizer.java:2078)
        at java.util.concurrent.ScheduledThreadPoolExecutor$DelayedWorkQueue.take(ScheduledThreadPoolExecutor.java:1093)
        at java.util.concurrent.ScheduledThreadPoolExecutor$DelayedWorkQueue.take(ScheduledThreadPoolExecutor.java:809)
        at java.util.concurrent.ThreadPoolExecutor.getTask(ThreadPoolExecutor.java:1074)
        at java.util.concurrent.ThreadPoolExecutor.runWorker(ThreadPoolExecutor.java:1134)
        at java.util.concurrent.ThreadPoolExecutor$Worker.run(ThreadPoolExecutor.java:624)
        at java.lang.Thread.run(Thread.java:748)
"pool-228-thread-4"  prio=5 tid=2739 in Object.wait()
java.lang.Thread.State: WAITING (on object monitor)
        at sun.misc.Unsafe.park(Native Method)
        at java.util.concurrent.locks.LockSupport.park(LockSupport.java:175)
        at java.util.concurrent.locks.AbstractQueuedSynchronizer$ConditionObject.await(AbstractQueuedSynchronizer.java:2039)
        at java.util.concurrent.ArrayBlockingQueue.take(ArrayBlockingQueue.java:403)
        at java.util.concurrent.ThreadPoolExecutor.getTask(ThreadPoolExecutor.java:1074)
        at java.util.concurrent.ThreadPoolExecutor.runWorker(ThreadPoolExecutor.java:1134)
        at java.util.concurrent.ThreadPoolExecutor$Worker.run(ThreadPoolExecutor.java:624)
        at java.lang.Thread.run(Thread.java:748)
"pool-188-thread-14"  prio=5 tid=2501 in Object.wait()
java.lang.Thread.State: WAITING (on object monitor)
        at sun.misc.Unsafe.park(Native Method)
        at java.util.concurrent.locks.LockSupport.park(LockSupport.java:175)
        at java.util.concurrent.locks.AbstractQueuedSynchronizer$ConditionObject.await(AbstractQueuedSynchronizer.java:2039)
        at java.util.concurrent.ArrayBlockingQueue.take(ArrayBlockingQueue.java:403)
        at java.util.concurrent.ThreadPoolExecutor.getTask(ThreadPoolExecutor.java:1074)
        at java.util.concurrent.ThreadPoolExecutor.runWorker(ThreadPoolExecutor.java:1134)
        at java.util.concurrent.ThreadPoolExecutor$Worker.run(ThreadPoolExecutor.java:624)
        at java.lang.Thread.run(Thread.java:748)
"pool-178-thread-38"  prio=5 tid=2463 in Object.wait()
java.lang.Thread.State: WAITING (on object monitor)
        at sun.misc.Unsafe.park(Native Method)
        at java.util.concurrent.locks.LockSupport.park(LockSupport.java:175)
        at java.util.concurrent.locks.AbstractQueuedSynchronizer$ConditionObject.await(AbstractQueuedSynchronizer.java:2039)
        at java.util.concurrent.ArrayBlockingQueue.take(ArrayBlockingQueue.java:403)
        at java.util.concurrent.ThreadPoolExecutor.getTask(ThreadPoolExecutor.java:1074)
        at java.util.concurrent.ThreadPoolExecutor.runWorker(ThreadPoolExecutor.java:1134)
        at java.util.concurrent.ThreadPoolExecutor$Worker.run(ThreadPoolExecutor.java:624)
        at java.lang.Thread.run(Thread.java:748)
"pool-238-thread-32"  prio=5 tid=2829 in Object.wait()
java.lang.Thread.State: WAITING (on object monitor)
        at sun.misc.Unsafe.park(Native Method)
        at java.util.concurrent.locks.LockSupport.park(LockSupport.java:175)
        at java.util.concurrent.locks.AbstractQueuedSynchronizer$ConditionObject.await(AbstractQueuedSynchronizer.java:2039)
        at java.util.concurrent.ArrayBlockingQueue.take(ArrayBlockingQueue.java:403)
        at java.util.concurrent.ThreadPoolExecutor.getTask(ThreadPoolExecutor.java:1074)
        at java.util.concurrent.ThreadPoolExecutor.runWorker(ThreadPoolExecutor.java:1134)
        at java.util.concurrent.ThreadPoolExecutor$Worker.run(ThreadPoolExecutor.java:624)
        at java.lang.Thread.run(Thread.java:748)
"BlockDeletingService#1" daemon prio=5 tid=2301 in Object.wait()
java.lang.Thread.State: WAITING (on object monitor)
        at sun.misc.Unsafe.park(Native Method)
        at java.util.concurrent.locks.LockSupport.park(LockSupport.java:175)
        at java.util.concurrent.locks.AbstractQueuedSynchronizer$ConditionObject.await(AbstractQueuedSynchronizer.java:2039)
        at java.util.concurrent.ScheduledThreadPoolExecutor$DelayedWorkQueue.take(ScheduledThreadPoolExecutor.java:1088)
        at java.util.concurrent.ScheduledThreadPoolExecutor$DelayedWorkQueue.take(ScheduledThreadPoolExecutor.java:809)
        at java.util.concurrent.ThreadPoolExecutor.getTask(ThreadPoolExecutor.java:1074)
        at java.util.concurrent.ThreadPoolExecutor.runWorker(ThreadPoolExecutor.java:1134)
        at java.util.concurrent.ThreadPoolExecutor$Worker.run(ThreadPoolExecutor.java:624)
        at java.lang.Thread.run(Thread.java:748)
"pool-198-thread-15"  prio=5 tid=2564 in Object.wait()
java.lang.Thread.State: WAITING (on object monitor)
        at sun.misc.Unsafe.park(Native Method)
        at java.util.concurrent.locks.LockSupport.park(LockSupport.java:175)
        at java.util.concurrent.locks.AbstractQueuedSynchronizer$ConditionObject.await(AbstractQueuedSynchronizer.java:2039)
        at java.util.concurrent.ArrayBlockingQueue.take(ArrayBlockingQueue.java:403)
        at java.util.concurrent.ThreadPoolExecutor.getTask(ThreadPoolExecutor.java:1074)
        at java.util.concurrent.ThreadPoolExecutor.runWorker(ThreadPoolExecutor.java:1134)
        at java.util.concurrent.ThreadPoolExecutor$Worker.run(ThreadPoolExecutor.java:624)
        at java.lang.Thread.run(Thread.java:748)
"IPC Server Responder" daemon prio=5 tid=1848 runnable
java.lang.Thread.State: RUNNABLE
        at sun.nio.ch.EPollArrayWrapper.epollWait(Native Method)
        at sun.nio.ch.EPollArrayWrapper.poll(EPollArrayWrapper.java:269)
        at sun.nio.ch.EPollSelectorImpl.doSelect(EPollSelectorImpl.java:93)
        at sun.nio.ch.SelectorImpl.lockAndDoSelect(SelectorImpl.java:86)
        at sun.nio.ch.SelectorImpl.select(SelectorImpl.java:97)
        at org.apache.hadoop.ipc.Server$Responder.doRunLoop(Server.java:1334)
        at org.apache.hadoop.ipc.Server$Responder.run(Server.java:1317)
"pool-218-thread-15"  prio=5 tid=2688 in Object.wait()
java.lang.Thread.State: WAITING (on object monitor)
        at sun.misc.Unsafe.park(Native Method)
        at java.util.concurrent.locks.LockSupport.park(LockSupport.java:175)
        at java.util.concurrent.locks.AbstractQueuedSynchronizer$ConditionObject.await(AbstractQueuedSynchronizer.java:2039)
        at java.util.concurrent.ArrayBlockingQueue.take(ArrayBlockingQueue.java:403)
        at java.util.concurrent.ThreadPoolExecutor.getTask(ThreadPoolExecutor.java:1074)
        at java.util.concurrent.ThreadPoolExecutor.runWorker(ThreadPoolExecutor.java:1134)
        at java.util.concurrent.ThreadPoolExecutor$Worker.run(ThreadPoolExecutor.java:624)
        at java.lang.Thread.run(Thread.java:748)
"pool-168-thread-5"  prio=5 tid=2368 in Object.wait()
java.lang.Thread.State: WAITING (on object monitor)
        at sun.misc.Unsafe.park(Native Method)
        at java.util.concurrent.locks.LockSupport.park(LockSupport.java:175)
        at java.util.concurrent.locks.AbstractQueuedSynchronizer$ConditionObject.await(AbstractQueuedSynchronizer.java:2039)
        at java.util.concurrent.ArrayBlockingQueue.take(ArrayBlockingQueue.java:403)
        at java.util.concurrent.ThreadPoolExecutor.getTask(ThreadPoolExecutor.java:1074)
        at java.util.concurrent.ThreadPoolExecutor.runWorker(ThreadPoolExecutor.java:1134)
        at java.util.concurrent.ThreadPoolExecutor$Worker.run(ThreadPoolExecutor.java:624)
        at java.lang.Thread.run(Thread.java:748)
"pool-208-thread-19"  prio=5 tid=2630 in Object.wait()
java.lang.Thread.State: WAITING (on object monitor)
        at sun.misc.Unsafe.park(Native Method)
        at java.util.concurrent.locks.LockSupport.park(LockSupport.java:175)
        at java.util.concurrent.locks.AbstractQueuedSynchronizer$ConditionObject.await(AbstractQueuedSynchronizer.java:2039)
        at java.util.concurrent.ArrayBlockingQueue.take(ArrayBlockingQueue.java:403)
        at java.util.concurrent.ThreadPoolExecutor.getTask(ThreadPoolExecutor.java:1074)
        at java.util.concurrent.ThreadPoolExecutor.runWorker(ThreadPoolExecutor.java:1134)
        at java.util.concurrent.ThreadPoolExecutor$Worker.run(ThreadPoolExecutor.java:624)
        at java.lang.Thread.run(Thread.java:748)
"pool-228-thread-54"  prio=5 tid=2789 in Object.wait()
java.lang.Thread.State: WAITING (on object monitor)
        at sun.misc.Unsafe.park(Native Method)
        at java.util.concurrent.locks.LockSupport.park(LockSupport.java:175)
        at java.util.concurrent.locks.AbstractQueuedSynchronizer$ConditionObject.await(AbstractQueuedSynchronizer.java:2039)
        at java.util.concurrent.ArrayBlockingQueue.take(ArrayBlockingQueue.java:403)
        at java.util.concurrent.ThreadPoolExecutor.getTask(ThreadPoolExecutor.java:1074)
        at java.util.concurrent.ThreadPoolExecutor.runWorker(ThreadPoolExecutor.java:1134)
        at java.util.concurrent.ThreadPoolExecutor$Worker.run(ThreadPoolExecutor.java:624)
        at java.lang.Thread.run(Thread.java:748)
"pool-168-thread-38"  prio=5 tid=2401 in Object.wait()
java.lang.Thread.State: WAITING (on object monitor)
        at sun.misc.Unsafe.park(Native Method)
        at java.util.concurrent.locks.LockSupport.park(LockSupport.java:175)
        at java.util.concurrent.locks.AbstractQueuedSynchronizer$ConditionObject.await(AbstractQueuedSynchronizer.java:2039)
        at java.util.concurrent.ArrayBlockingQueue.take(ArrayBlockingQueue.java:403)
        at java.util.concurrent.ThreadPoolExecutor.getTask(ThreadPoolExecutor.java:1074)
        at java.util.concurrent.ThreadPoolExecutor.runWorker(ThreadPoolExecutor.java:1134)
        at java.util.concurrent.ThreadPoolExecutor$Worker.run(ThreadPoolExecutor.java:624)
        at java.lang.Thread.run(Thread.java:748)
"Datanode ReportManager Thread - 2" daemon prio=5 tid=2044 in Object.wait()
java.lang.Thread.State: WAITING (on object monitor)
        at sun.misc.Unsafe.park(Native Method)
        at java.util.concurrent.locks.LockSupport.park(LockSupport.java:175)
        at java.util.concurrent.locks.AbstractQueuedSynchronizer$ConditionObject.await(AbstractQueuedSynchronizer.java:2039)
        at java.util.concurrent.ScheduledThreadPoolExecutor$DelayedWorkQueue.take(ScheduledThreadPoolExecutor.java:1088)
        at java.util.concurrent.ScheduledThreadPoolExecutor$DelayedWorkQueue.take(ScheduledThreadPoolExecutor.java:809)
        at java.util.concurrent.ThreadPoolExecutor.getTask(ThreadPoolExecutor.java:1074)
        at java.util.concurrent.ThreadPoolExecutor.runWorker(ThreadPoolExecutor.java:1134)
        at java.util.concurrent.ThreadPoolExecutor$Worker.run(ThreadPoolExecutor.java:624)
        at java.lang.Thread.run(Thread.java:748)
"pool-148-thread-26"  prio=5 tid=2264 in Object.wait()
java.lang.Thread.State: WAITING (on object monitor)
        at sun.misc.Unsafe.park(Native Method)
        at java.util.concurrent.locks.LockSupport.park(LockSupport.java:175)
        at java.util.concurrent.locks.AbstractQueuedSynchronizer$ConditionObject.await(AbstractQueuedSynchronizer.java:2039)
        at java.util.concurrent.ArrayBlockingQueue.take(ArrayBlockingQueue.java:403)
        at java.util.concurrent.ThreadPoolExecutor.getTask(ThreadPoolExecutor.java:1074)
        at java.util.concurrent.ThreadPoolExecutor.runWorker(ThreadPoolExecutor.java:1134)
        at java.util.concurrent.ThreadPoolExecutor$Worker.run(ThreadPoolExecutor.java:624)
        at java.lang.Thread.run(Thread.java:748)
"59f802cb-c907-44a0-9069-e10bb38eff5d@group-185A7D32E5E0-StateMachineUpdater" daemon prio=5 tid=3088 in Object.wait()
java.lang.Thread.State: WAITING (on object monitor)
        at java.lang.Object.wait(Native Method)
        at java.lang.Object.wait(Object.java:502)
        at org.apache.ratis.server.impl.StateMachineUpdater.waitForCommit(StateMachineUpdater.java:194)
        at org.apache.ratis.server.impl.StateMachineUpdater.run(StateMachineUpdater.java:159)
        at java.lang.Thread.run(Thread.java:748)
"pool-148-thread-28"  prio=5 tid=2266 in Object.wait()
java.lang.Thread.State: WAITING (on object monitor)
        at sun.misc.Unsafe.park(Native Method)
        at java.util.concurrent.locks.LockSupport.park(LockSupport.java:175)
        at java.util.concurrent.locks.AbstractQueuedSynchronizer$ConditionObject.await(AbstractQueuedSynchronizer.java:2039)
        at java.util.concurrent.ArrayBlockingQueue.take(ArrayBlockingQueue.java:403)
        at java.util.concurrent.ThreadPoolExecutor.getTask(ThreadPoolExecutor.java:1074)
        at java.util.concurrent.ThreadPoolExecutor.runWorker(ThreadPoolExecutor.java:1134)
        at java.util.concurrent.ThreadPoolExecutor$Worker.run(ThreadPoolExecutor.java:624)
        at java.lang.Thread.run(Thread.java:748)
"pool-168-thread-35"  prio=5 tid=2398 in Object.wait()
java.lang.Thread.State: WAITING (on object monitor)
        at sun.misc.Unsafe.park(Native Method)
        at java.util.concurrent.locks.LockSupport.park(LockSupport.java:175)
        at java.util.concurrent.locks.AbstractQueuedSynchronizer$ConditionObject.await(AbstractQueuedSynchronizer.java:2039)
        at java.util.concurrent.ArrayBlockingQueue.take(ArrayBlockingQueue.java:403)
        at java.util.concurrent.ThreadPoolExecutor.getTask(ThreadPoolExecutor.java:1074)
        at java.util.concurrent.ThreadPoolExecutor.runWorker(ThreadPoolExecutor.java:1134)
        at java.util.concurrent.ThreadPoolExecutor$Worker.run(ThreadPoolExecutor.java:624)
        at java.lang.Thread.run(Thread.java:748)
"pool-238-thread-47"  prio=5 tid=2844 in Object.wait()
java.lang.Thread.State: WAITING (on object monitor)
        at sun.misc.Unsafe.park(Native Method)
        at java.util.concurrent.locks.LockSupport.park(LockSupport.java:175)
        at java.util.concurrent.locks.AbstractQueuedSynchronizer$ConditionObject.await(AbstractQueuedSynchronizer.java:2039)
        at java.util.concurrent.ArrayBlockingQueue.take(ArrayBlockingQueue.java:403)
        at java.util.concurrent.ThreadPoolExecutor.getTask(ThreadPoolExecutor.java:1074)
        at java.util.concurrent.ThreadPoolExecutor.runWorker(ThreadPoolExecutor.java:1134)
        at java.util.concurrent.ThreadPoolExecutor$Worker.run(ThreadPoolExecutor.java:624)
        at java.lang.Thread.run(Thread.java:748)
"pool-238-thread-57"  prio=5 tid=2854 in Object.wait()
java.lang.Thread.State: WAITING (on object monitor)
        at sun.misc.Unsafe.park(Native Method)
        at java.util.concurrent.locks.LockSupport.park(LockSupport.java:175)
        at java.util.concurrent.locks.AbstractQueuedSynchronizer$ConditionObject.await(AbstractQueuedSynchronizer.java:2039)
        at java.util.concurrent.ArrayBlockingQueue.take(ArrayBlockingQueue.java:403)
        at java.util.concurrent.ThreadPoolExecutor.getTask(ThreadPoolExecutor.java:1074)
        at java.util.concurrent.ThreadPoolExecutor.runWorker(ThreadPoolExecutor.java:1134)
        at java.util.concurrent.ThreadPoolExecutor$Worker.run(ThreadPoolExecutor.java:624)
        at java.lang.Thread.run(Thread.java:748)
"qtp1553544410-2007" daemon prio=5 tid=2007 timed_waiting
java.lang.Thread.State: TIMED_WAITING
        at sun.misc.Unsafe.park(Native Method)
        at java.util.concurrent.locks.LockSupport.parkNanos(LockSupport.java:215)
        at java.util.concurrent.locks.AbstractQueuedSynchronizer$ConditionObject.awaitNanos(AbstractQueuedSynchronizer.java:2078)
        at org.eclipse.jetty.util.BlockingArrayQueue.poll(BlockingArrayQueue.java:392)
        at org.eclipse.jetty.util.thread.QueuedThreadPool.idleJobPoll(QueuedThreadPool.java:563)
        at org.eclipse.jetty.util.thread.QueuedThreadPool.access$800(QueuedThreadPool.java:48)
        at org.eclipse.jetty.util.thread.QueuedThreadPool$2.run(QueuedThreadPool.java:626)
        at java.lang.Thread.run(Thread.java:748)
"pool-188-thread-42"  prio=5 tid=2529 in Object.wait()
java.lang.Thread.State: WAITING (on object monitor)
        at sun.misc.Unsafe.park(Native Method)
        at java.util.concurrent.locks.LockSupport.park(LockSupport.java:175)
        at java.util.concurrent.locks.AbstractQueuedSynchronizer$ConditionObject.await(AbstractQueuedSynchronizer.java:2039)
        at java.util.concurrent.ArrayBlockingQueue.take(ArrayBlockingQueue.java:403)
        at java.util.concurrent.ThreadPoolExecutor.getTask(ThreadPoolExecutor.java:1074)
        at java.util.concurrent.ThreadPoolExecutor.runWorker(ThreadPoolExecutor.java:1134)
        at java.util.concurrent.ThreadPoolExecutor$Worker.run(ThreadPoolExecutor.java:624)
        at java.lang.Thread.run(Thread.java:748)
"KeyDeletingService#1" daemon prio=5 tid=1939 in Object.wait()
java.lang.Thread.State: WAITING (on object monitor)
        at sun.misc.Unsafe.park(Native Method)
        at java.util.concurrent.locks.LockSupport.park(LockSupport.java:175)
        at java.util.concurrent.locks.AbstractQueuedSynchronizer$ConditionObject.await(AbstractQueuedSynchronizer.java:2039)
        at java.util.concurrent.ScheduledThreadPoolExecutor$DelayedWorkQueue.take(ScheduledThreadPoolExecutor.java:1088)
        at java.util.concurrent.ScheduledThreadPoolExecutor$DelayedWorkQueue.take(ScheduledThreadPoolExecutor.java:809)
        at java.util.concurrent.ThreadPoolExecutor.getTask(ThreadPoolExecutor.java:1074)
        at java.util.concurrent.ThreadPoolExecutor.runWorker(ThreadPoolExecutor.java:1134)
        at java.util.concurrent.ThreadPoolExecutor$Worker.run(ThreadPoolExecutor.java:624)
        at java.lang.Thread.run(Thread.java:748)
"pool-208-thread-2"  prio=5 tid=2613 in Object.wait()
java.lang.Thread.State: WAITING (on object monitor)
        at sun.misc.Unsafe.park(Native Method)
        at java.util.concurrent.locks.LockSupport.park(LockSupport.java:175)
        at java.util.concurrent.locks.AbstractQueuedSynchronizer$ConditionObject.await(AbstractQueuedSynchronizer.java:2039)
        at java.util.concurrent.ArrayBlockingQueue.take(ArrayBlockingQueue.java:403)
        at java.util.concurrent.ThreadPoolExecutor.getTask(ThreadPoolExecutor.java:1074)
        at java.util.concurrent.ThreadPoolExecutor.runWorker(ThreadPoolExecutor.java:1134)
        at java.util.concurrent.ThreadPoolExecutor$Worker.run(ThreadPoolExecutor.java:624)
        at java.lang.Thread.run(Thread.java:748)
"pool-228-thread-24"  prio=5 tid=2759 in Object.wait()
java.lang.Thread.State: WAITING (on object monitor)
        at sun.misc.Unsafe.park(Native Method)
        at java.util.concurrent.locks.LockSupport.park(LockSupport.java:175)
        at java.util.concurrent.locks.AbstractQueuedSynchronizer$ConditionObject.await(AbstractQueuedSynchronizer.java:2039)
        at java.util.concurrent.ArrayBlockingQueue.take(ArrayBlockingQueue.java:403)
        at java.util.concurrent.ThreadPoolExecutor.getTask(ThreadPoolExecutor.java:1074)
        at java.util.concurrent.ThreadPoolExecutor.runWorker(ThreadPoolExecutor.java:1134)
        at java.util.concurrent.ThreadPoolExecutor$Worker.run(ThreadPoolExecutor.java:624)
        at java.lang.Thread.run(Thread.java:748)
"org.apache.ratis.server.impl.LogAppender$AppenderDaemon$$Lambda$463/184788748@6a47afca" daemon prio=5 tid=3197 timed_waiting
java.lang.Thread.State: TIMED_WAITING
        at java.lang.Object.wait(Native Method)
        at org.apache.ratis.grpc.server.GrpcLogAppender.mayWait(GrpcLogAppender.java:149)
        at org.apache.ratis.grpc.server.GrpcLogAppender.runAppenderImpl(GrpcLogAppender.java:103)
        at org.apache.ratis.server.impl.LogAppender$AppenderDaemon.run(LogAppender.java:76)
        at org.apache.ratis.server.impl.LogAppender$AppenderDaemon$$Lambda$463/184788748.run(Unknown Source)
        at java.lang.Thread.run(Thread.java:748)
"org.eclipse.jetty.server.session.HashSessionManager@4b432e53Timer" daemon prio=5 tid=2147 timed_waiting
java.lang.Thread.State: TIMED_WAITING
        at sun.misc.Unsafe.park(Native Method)
        at java.util.concurrent.locks.LockSupport.parkNanos(LockSupport.java:215)
        at java.util.concurrent.locks.AbstractQueuedSynchronizer$ConditionObject.awaitNanos(AbstractQueuedSynchronizer.java:2078)
        at java.util.concurrent.ScheduledThreadPoolExecutor$DelayedWorkQueue.take(ScheduledThreadPoolExecutor.java:1093)
        at java.util.concurrent.ScheduledThreadPoolExecutor$DelayedWorkQueue.take(ScheduledThreadPoolExecutor.java:809)
        at java.util.concurrent.ThreadPoolExecutor.getTask(ThreadPoolExecutor.java:1074)
        at java.util.concurrent.ThreadPoolExecutor.runWorker(ThreadPoolExecutor.java:1134)
        at java.util.concurrent.ThreadPoolExecutor$Worker.run(ThreadPoolExecutor.java:624)
        at java.lang.Thread.run(Thread.java:748)
"PartialTableCache Cleanup Thread - 0" daemon prio=5 tid=3042 in Object.wait()
java.lang.Thread.State: WAITING (on object monitor)
        at sun.misc.Unsafe.park(Native Method)
        at java.util.concurrent.locks.LockSupport.park(LockSupport.java:175)
        at java.util.concurrent.locks.AbstractQueuedSynchronizer$ConditionObject.await(AbstractQueuedSynchronizer.java:2039)
        at java.util.concurrent.LinkedBlockingQueue.take(LinkedBlockingQueue.java:442)
        at java.util.concurrent.ThreadPoolExecutor.getTask(ThreadPoolExecutor.java:1074)
        at java.util.concurrent.ThreadPoolExecutor.runWorker(ThreadPoolExecutor.java:1134)
        at java.util.concurrent.ThreadPoolExecutor$Worker.run(ThreadPoolExecutor.java:624)
        at java.lang.Thread.run(Thread.java:748)
"pool-238-thread-16"  prio=5 tid=2813 in Object.wait()
java.lang.Thread.State: WAITING (on object monitor)
        at sun.misc.Unsafe.park(Native Method)
        at java.util.concurrent.locks.LockSupport.park(LockSupport.java:175)
        at java.util.concurrent.locks.AbstractQueuedSynchronizer$ConditionObject.await(AbstractQueuedSynchronizer.java:2039)
        at java.util.concurrent.ArrayBlockingQueue.take(ArrayBlockingQueue.java:403)
        at java.util.concurrent.ThreadPoolExecutor.getTask(ThreadPoolExecutor.java:1074)
        at java.util.concurrent.ThreadPoolExecutor.runWorker(ThreadPoolExecutor.java:1134)
        at java.util.concurrent.ThreadPoolExecutor$Worker.run(ThreadPoolExecutor.java:624)
        at java.lang.Thread.run(Thread.java:748)
"pool-188-thread-17"  prio=5 tid=2504 in Object.wait()
java.lang.Thread.State: WAITING (on object monitor)
        at sun.misc.Unsafe.park(Native Method)
        at java.util.concurrent.locks.LockSupport.park(LockSupport.java:175)
        at java.util.concurrent.locks.AbstractQueuedSynchronizer$ConditionObject.await(AbstractQueuedSynchronizer.java:2039)
        at java.util.concurrent.ArrayBlockingQueue.take(ArrayBlockingQueue.java:403)
        at java.util.concurrent.ThreadPoolExecutor.getTask(ThreadPoolExecutor.java:1074)
        at java.util.concurrent.ThreadPoolExecutor.runWorker(ThreadPoolExecutor.java:1134)
        at java.util.concurrent.ThreadPoolExecutor$Worker.run(ThreadPoolExecutor.java:624)
        at java.lang.Thread.run(Thread.java:748)
"PartialTableCache Cleanup Thread - 0" daemon prio=5 tid=1355 in Object.wait()
java.lang.Thread.State: WAITING (on object monitor)
        at sun.misc.Unsafe.park(Native Method)
        at java.util.concurrent.locks.LockSupport.park(LockSupport.java:175)
        at java.util.concurrent.locks.AbstractQueuedSynchronizer$ConditionObject.await(AbstractQueuedSynchronizer.java:2039)
        at java.util.concurrent.LinkedBlockingQueue.take(LinkedBlockingQueue.java:442)
        at java.util.concurrent.ThreadPoolExecutor.getTask(ThreadPoolExecutor.java:1074)
        at java.util.concurrent.ThreadPoolExecutor.runWorker(ThreadPoolExecutor.java:1134)
        at java.util.concurrent.ThreadPoolExecutor$Worker.run(ThreadPoolExecutor.java:624)
        at java.lang.Thread.run(Thread.java:748)
"BlockDeletingService#1" daemon prio=5 tid=2549 in Object.wait()
java.lang.Thread.State: WAITING (on object monitor)
        at sun.misc.Unsafe.park(Native Method)
        at java.util.concurrent.locks.LockSupport.park(LockSupport.java:175)
        at java.util.concurrent.locks.AbstractQueuedSynchronizer$ConditionObject.await(AbstractQueuedSynchronizer.java:2039)
        at java.util.concurrent.ScheduledThreadPoolExecutor$DelayedWorkQueue.take(ScheduledThreadPoolExecutor.java:1088)
        at java.util.concurrent.ScheduledThreadPoolExecutor$DelayedWorkQueue.take(ScheduledThreadPoolExecutor.java:809)
        at java.util.concurrent.ThreadPoolExecutor.getTask(ThreadPoolExecutor.java:1074)
        at java.util.concurrent.ThreadPoolExecutor.runWorker(ThreadPoolExecutor.java:1134)
        at java.util.concurrent.ThreadPoolExecutor$Worker.run(ThreadPoolExecutor.java:624)
        at java.lang.Thread.run(Thread.java:748)
"Datanode ReportManager Thread - 3" daemon prio=5 tid=363 timed_waiting
java.lang.Thread.State: TIMED_WAITING
        at sun.misc.Unsafe.park(Native Method)
        at java.util.concurrent.locks.LockSupport.parkNanos(LockSupport.java:215)
        at java.util.concurrent.locks.AbstractQueuedSynchronizer$ConditionObject.awaitNanos(AbstractQueuedSynchronizer.java:2078)
        at java.util.concurrent.ScheduledThreadPoolExecutor$DelayedWorkQueue.take(ScheduledThreadPoolExecutor.java:1093)
        at java.util.concurrent.ScheduledThreadPoolExecutor$DelayedWorkQueue.take(ScheduledThreadPoolExecutor.java:809)
        at java.util.concurrent.ThreadPoolExecutor.getTask(ThreadPoolExecutor.java:1074)
        at java.util.concurrent.ThreadPoolExecutor.runWorker(ThreadPoolExecutor.java:1134)
        at java.util.concurrent.ThreadPoolExecutor$Worker.run(ThreadPoolExecutor.java:624)
        at java.lang.Thread.run(Thread.java:748)
"IPC Server handler 13 on 42444" daemon prio=5 tid=1905 timed_waiting
java.lang.Thread.State: TIMED_WAITING
        at sun.misc.Unsafe.park(Native Method)
        at java.util.concurrent.locks.LockSupport.parkNanos(LockSupport.java:215)
        at java.util.concurrent.locks.AbstractQueuedSynchronizer$ConditionObject.awaitNanos(AbstractQueuedSynchronizer.java:2078)
        at java.util.concurrent.LinkedBlockingQueue.poll(LinkedBlockingQueue.java:467)
        at org.apache.hadoop.ipc.CallQueueManager.take(CallQueueManager.java:288)
        at org.apache.hadoop.ipc.Server$Handler.run(Server.java:2668)
"pool-238-thread-38"  prio=5 tid=2835 in Object.wait()
java.lang.Thread.State: WAITING (on object monitor)
        at sun.misc.Unsafe.park(Native Method)
        at java.util.concurrent.locks.LockSupport.park(LockSupport.java:175)
        at java.util.concurrent.locks.AbstractQueuedSynchronizer$ConditionObject.await(AbstractQueuedSynchronizer.java:2039)
        at java.util.concurrent.ArrayBlockingQueue.take(ArrayBlockingQueue.java:403)
        at java.util.concurrent.ThreadPoolExecutor.getTask(ThreadPoolExecutor.java:1074)
        at java.util.concurrent.ThreadPoolExecutor.runWorker(ThreadPoolExecutor.java:1134)
        at java.util.concurrent.ThreadPoolExecutor$Worker.run(ThreadPoolExecutor.java:624)
        at java.lang.Thread.run(Thread.java:748)
"pool-218-thread-47"  prio=5 tid=2720 in Object.wait()
java.lang.Thread.State: WAITING (on object monitor)
        at sun.misc.Unsafe.park(Native Method)
        at java.util.concurrent.locks.LockSupport.park(LockSupport.java:175)
        at java.util.concurrent.locks.AbstractQueuedSynchronizer$ConditionObject.await(AbstractQueuedSynchronizer.java:2039)
        at java.util.concurrent.ArrayBlockingQueue.take(ArrayBlockingQueue.java:403)
        at java.util.concurrent.ThreadPoolExecutor.getTask(ThreadPoolExecutor.java:1074)
        at java.util.concurrent.ThreadPoolExecutor.runWorker(ThreadPoolExecutor.java:1134)
        at java.util.concurrent.ThreadPoolExecutor$Worker.run(ThreadPoolExecutor.java:624)
        at java.lang.Thread.run(Thread.java:748)
"pool-228-thread-20"  prio=5 tid=2755 in Object.wait()
java.lang.Thread.State: WAITING (on object monitor)
        at sun.misc.Unsafe.park(Native Method)
        at java.util.concurrent.locks.LockSupport.park(LockSupport.java:175)
        at java.util.concurrent.locks.AbstractQueuedSynchronizer$ConditionObject.await(AbstractQueuedSynchronizer.java:2039)
        at java.util.concurrent.ArrayBlockingQueue.take(ArrayBlockingQueue.java:403)
        at java.util.concurrent.ThreadPoolExecutor.getTask(ThreadPoolExecutor.java:1074)
        at java.util.concurrent.ThreadPoolExecutor.runWorker(ThreadPoolExecutor.java:1134)
        at java.util.concurrent.ThreadPoolExecutor$Worker.run(ThreadPoolExecutor.java:624)
        at java.lang.Thread.run(Thread.java:748)
"Command processor thread" daemon prio=5 tid=1992 timed_waiting
java.lang.Thread.State: TIMED_WAITING
        at java.lang.Thread.sleep(Native Method)
        at org.apache.hadoop.ozone.container.common.statemachine.DatanodeStateMachine.lambda$initCommandHandlerThread$1(DatanodeStateMachine.java:439)
        at org.apache.hadoop.ozone.container.common.statemachine.DatanodeStateMachine$$Lambda$142/1603672614.run(Unknown Source)
        at java.lang.Thread.run(Thread.java:748)
"pool-198-thread-27"  prio=5 tid=2576 in Object.wait()
java.lang.Thread.State: WAITING (on object monitor)
        at sun.misc.Unsafe.park(Native Method)
        at java.util.concurrent.locks.LockSupport.park(LockSupport.java:175)
        at java.util.concurrent.locks.AbstractQueuedSynchronizer$ConditionObject.await(AbstractQueuedSynchronizer.java:2039)
        at java.util.concurrent.ArrayBlockingQueue.take(ArrayBlockingQueue.java:403)
        at java.util.concurrent.ThreadPoolExecutor.getTask(ThreadPoolExecutor.java:1074)
        at java.util.concurrent.ThreadPoolExecutor.runWorker(ThreadPoolExecutor.java:1134)
        at java.util.concurrent.ThreadPoolExecutor$Worker.run(ThreadPoolExecutor.java:624)
        at java.lang.Thread.run(Thread.java:748)
"IPC Server handler 0 on 42444" daemon prio=5 tid=1892 timed_waiting
java.lang.Thread.State: TIMED_WAITING
        at sun.misc.Unsafe.park(Native Method)
        at java.util.concurrent.locks.LockSupport.parkNanos(LockSupport.java:215)
        at java.util.concurrent.locks.AbstractQueuedSynchronizer$ConditionObject.awaitNanos(AbstractQueuedSynchronizer.java:2078)
        at java.util.concurrent.LinkedBlockingQueue.poll(LinkedBlockingQueue.java:467)
        at org.apache.hadoop.ipc.CallQueueManager.take(CallQueueManager.java:288)
        at org.apache.hadoop.ipc.Server$Handler.run(Server.java:2668)
"SCMBlockDeletingService#1" daemon prio=5 tid=1925 in Object.wait()
java.lang.Thread.State: WAITING (on object monitor)
        at sun.misc.Unsafe.park(Native Method)
        at java.util.concurrent.locks.LockSupport.park(LockSupport.java:175)
        at java.util.concurrent.locks.AbstractQueuedSynchronizer$ConditionObject.await(AbstractQueuedSynchronizer.java:2039)
        at java.util.concurrent.ScheduledThreadPoolExecutor$DelayedWorkQueue.take(ScheduledThreadPoolExecutor.java:1088)
        at java.util.concurrent.ScheduledThreadPoolExecutor$DelayedWorkQueue.take(ScheduledThreadPoolExecutor.java:809)
        at java.util.concurrent.ThreadPoolExecutor.getTask(ThreadPoolExecutor.java:1074)
        at java.util.concurrent.ThreadPoolExecutor.runWorker(ThreadPoolExecutor.java:1134)
        at java.util.concurrent.ThreadPoolExecutor$Worker.run(ThreadPoolExecutor.java:624)
        at java.lang.Thread.run(Thread.java:748)
"pool-158-thread-20"  prio=5 tid=2321 in Object.wait()
java.lang.Thread.State: WAITING (on object monitor)
        at sun.misc.Unsafe.park(Native Method)
        at java.util.concurrent.locks.LockSupport.park(LockSupport.java:175)
        at java.util.concurrent.locks.AbstractQueuedSynchronizer$ConditionObject.await(AbstractQueuedSynchronizer.java:2039)
        at java.util.concurrent.ArrayBlockingQueue.take(ArrayBlockingQueue.java:403)
        at java.util.concurrent.ThreadPoolExecutor.getTask(ThreadPoolExecutor.java:1074)
        at java.util.concurrent.ThreadPoolExecutor.runWorker(ThreadPoolExecutor.java:1134)
        at java.util.concurrent.ThreadPoolExecutor$Worker.run(ThreadPoolExecutor.java:624)
        at java.lang.Thread.run(Thread.java:748)
"pool-198-thread-38"  prio=5 tid=2587 in Object.wait()
java.lang.Thread.State: WAITING (on object monitor)
        at sun.misc.Unsafe.park(Native Method)
        at java.util.concurrent.locks.LockSupport.park(LockSupport.java:175)
        at java.util.concurrent.locks.AbstractQueuedSynchronizer$ConditionObject.await(AbstractQueuedSynchronizer.java:2039)
        at java.util.concurrent.ArrayBlockingQueue.take(ArrayBlockingQueue.java:403)
        at java.util.concurrent.ThreadPoolExecutor.getTask(ThreadPoolExecutor.java:1074)
        at java.util.concurrent.ThreadPoolExecutor.runWorker(ThreadPoolExecutor.java:1134)
        at java.util.concurrent.ThreadPoolExecutor$Worker.run(ThreadPoolExecutor.java:624)
        at java.lang.Thread.run(Thread.java:748)
"pool-228-thread-12"  prio=5 tid=2747 in Object.wait()
java.lang.Thread.State: WAITING (on object monitor)
        at sun.misc.Unsafe.park(Native Method)
        at java.util.concurrent.locks.LockSupport.park(LockSupport.java:175)
        at java.util.concurrent.locks.AbstractQueuedSynchronizer$ConditionObject.await(AbstractQueuedSynchronizer.java:2039)
        at java.util.concurrent.ArrayBlockingQueue.take(ArrayBlockingQueue.java:403)
        at java.util.concurrent.ThreadPoolExecutor.getTask(ThreadPoolExecutor.java:1074)
        at java.util.concurrent.ThreadPoolExecutor.runWorker(ThreadPoolExecutor.java:1134)
        at java.util.concurrent.ThreadPoolExecutor$Worker.run(ThreadPoolExecutor.java:624)
        at java.lang.Thread.run(Thread.java:748)
"pool-208-thread-45"  prio=5 tid=2656 in Object.wait()
java.lang.Thread.State: WAITING (on object monitor)
        at sun.misc.Unsafe.park(Native Method)
        at java.util.concurrent.locks.LockSupport.park(LockSupport.java:175)
        at java.util.concurrent.locks.AbstractQueuedSynchronizer$ConditionObject.await(AbstractQueuedSynchronizer.java:2039)
        at java.util.concurrent.ArrayBlockingQueue.take(ArrayBlockingQueue.java:403)
        at java.util.concurrent.ThreadPoolExecutor.getTask(ThreadPoolExecutor.java:1074)
        at java.util.concurrent.ThreadPoolExecutor.runWorker(ThreadPoolExecutor.java:1134)
        at java.util.concurrent.ThreadPoolExecutor$Worker.run(ThreadPoolExecutor.java:624)
        at java.lang.Thread.run(Thread.java:748)
"IPC Server handler 16 on 45554" daemon prio=5 tid=1951 timed_waiting
java.lang.Thread.State: TIMED_WAITING
        at sun.misc.Unsafe.park(Native Method)
        at java.util.concurrent.locks.LockSupport.parkNanos(LockSupport.java:215)
        at java.util.concurrent.locks.AbstractQueuedSynchronizer$ConditionObject.awaitNanos(AbstractQueuedSynchronizer.java:2078)
        at java.util.concurrent.LinkedBlockingQueue.poll(LinkedBlockingQueue.java:467)
        at org.apache.hadoop.ipc.CallQueueManager.take(CallQueueManager.java:288)
        at org.apache.hadoop.ipc.Server$Handler.run(Server.java:2668)
"pool-178-thread-15"  prio=5 tid=2440 in Object.wait()
java.lang.Thread.State: WAITING (on object monitor)
        at sun.misc.Unsafe.park(Native Method)
        at java.util.concurrent.locks.LockSupport.park(LockSupport.java:175)
        at java.util.concurrent.locks.AbstractQueuedSynchronizer$ConditionObject.await(AbstractQueuedSynchronizer.java:2039)
        at java.util.concurrent.ArrayBlockingQueue.take(ArrayBlockingQueue.java:403)
        at java.util.concurrent.ThreadPoolExecutor.getTask(ThreadPoolExecutor.java:1074)
        at java.util.concurrent.ThreadPoolExecutor.runWorker(ThreadPoolExecutor.java:1134)
        at java.util.concurrent.ThreadPoolExecutor$Worker.run(ThreadPoolExecutor.java:624)
        at java.lang.Thread.run(Thread.java:748)
"pool-238-thread-42"  prio=5 tid=2839 in Object.wait()
java.lang.Thread.State: WAITING (on object monitor)
        at sun.misc.Unsafe.park(Native Method)
        at java.util.concurrent.locks.LockSupport.park(LockSupport.java:175)
        at java.util.concurrent.locks.AbstractQueuedSynchronizer$ConditionObject.await(AbstractQueuedSynchronizer.java:2039)
        at java.util.concurrent.ArrayBlockingQueue.take(ArrayBlockingQueue.java:403)
        at java.util.concurrent.ThreadPoolExecutor.getTask(ThreadPoolExecutor.java:1074)
        at java.util.concurrent.ThreadPoolExecutor.runWorker(ThreadPoolExecutor.java:1134)
        at java.util.concurrent.ThreadPoolExecutor$Worker.run(ThreadPoolExecutor.java:624)
        at java.lang.Thread.run(Thread.java:748)
"Command processor thread" daemon prio=5 tid=2235 timed_waiting
java.lang.Thread.State: TIMED_WAITING
        at java.lang.Thread.sleep(Native Method)
        at org.apache.hadoop.ozone.container.common.statemachine.DatanodeStateMachine.lambda$initCommandHandlerThread$1(DatanodeStateMachine.java:439)
        at org.apache.hadoop.ozone.container.common.statemachine.DatanodeStateMachine$$Lambda$142/1603672614.run(Unknown Source)
        at java.lang.Thread.run(Thread.java:748)
"Timer for 'StorageContainerManager' metrics system" daemon prio=5 tid=1850 timed_waiting
java.lang.Thread.State: TIMED_WAITING
        at java.lang.Object.wait(Native Method)
        at java.util.TimerThread.mainLoop(Timer.java:552)
        at java.util.TimerThread.run(Timer.java:505)
"pool-168-thread-36"  prio=5 tid=2399 in Object.wait()
java.lang.Thread.State: WAITING (on object monitor)
        at sun.misc.Unsafe.park(Native Method)
        at java.util.concurrent.locks.LockSupport.park(LockSupport.java:175)
        at java.util.concurrent.locks.AbstractQueuedSynchronizer$ConditionObject.await(AbstractQueuedSynchronizer.java:2039)
        at java.util.concurrent.ArrayBlockingQueue.take(ArrayBlockingQueue.java:403)
        at java.util.concurrent.ThreadPoolExecutor.getTask(ThreadPoolExecutor.java:1074)
        at java.util.concurrent.ThreadPoolExecutor.runWorker(ThreadPoolExecutor.java:1134)
        at java.util.concurrent.ThreadPoolExecutor$Worker.run(ThreadPoolExecutor.java:624)
        at java.lang.Thread.run(Thread.java:748)
"pool-168-thread-58"  prio=5 tid=2421 in Object.wait()
java.lang.Thread.State: WAITING (on object monitor)
        at sun.misc.Unsafe.park(Native Method)
        at java.util.concurrent.locks.LockSupport.park(LockSupport.java:175)
        at java.util.concurrent.locks.AbstractQueuedSynchronizer$ConditionObject.await(AbstractQueuedSynchronizer.java:2039)
        at java.util.concurrent.ArrayBlockingQueue.take(ArrayBlockingQueue.java:403)
        at java.util.concurrent.ThreadPoolExecutor.getTask(ThreadPoolExecutor.java:1074)
        at java.util.concurrent.ThreadPoolExecutor.runWorker(ThreadPoolExecutor.java:1134)
        at java.util.concurrent.ThreadPoolExecutor$Worker.run(ThreadPoolExecutor.java:624)
        at java.lang.Thread.run(Thread.java:748)
"pool-168-thread-47"  prio=5 tid=2410 in Object.wait()
java.lang.Thread.State: WAITING (on object monitor)
        at sun.misc.Unsafe.park(Native Method)
        at java.util.concurrent.locks.LockSupport.park(LockSupport.java:175)
        at java.util.concurrent.locks.AbstractQueuedSynchronizer$ConditionObject.await(AbstractQueuedSynchronizer.java:2039)
        at java.util.concurrent.ArrayBlockingQueue.take(ArrayBlockingQueue.java:403)
        at java.util.concurrent.ThreadPoolExecutor.getTask(ThreadPoolExecutor.java:1074)
        at java.util.concurrent.ThreadPoolExecutor.runWorker(ThreadPoolExecutor.java:1134)
        at java.util.concurrent.ThreadPoolExecutor$Worker.run(ThreadPoolExecutor.java:624)
        at java.lang.Thread.run(Thread.java:748)
"pool-238-thread-37"  prio=5 tid=2834 in Object.wait()
java.lang.Thread.State: WAITING (on object monitor)
        at sun.misc.Unsafe.park(Native Method)
        at java.util.concurrent.locks.LockSupport.park(LockSupport.java:175)
        at java.util.concurrent.locks.AbstractQueuedSynchronizer$ConditionObject.await(AbstractQueuedSynchronizer.java:2039)
        at java.util.concurrent.ArrayBlockingQueue.take(ArrayBlockingQueue.java:403)
        at java.util.concurrent.ThreadPoolExecutor.getTask(ThreadPoolExecutor.java:1074)
        at java.util.concurrent.ThreadPoolExecutor.runWorker(ThreadPoolExecutor.java:1134)
        at java.util.concurrent.ThreadPoolExecutor$Worker.run(ThreadPoolExecutor.java:624)
        at java.lang.Thread.run(Thread.java:748)
"grpc-default-worker-ELG-3-3" daemon prio=5 tid=1055 runnable
java.lang.Thread.State: RUNNABLE
        at sun.nio.ch.EPollArrayWrapper.epollWait(Native Method)
        at sun.nio.ch.EPollArrayWrapper.poll(EPollArrayWrapper.java:269)
        at sun.nio.ch.EPollSelectorImpl.doSelect(EPollSelectorImpl.java:93)
        at sun.nio.ch.SelectorImpl.lockAndDoSelect(SelectorImpl.java:86)
        at sun.nio.ch.SelectorImpl.select(SelectorImpl.java:97)
        at org.apache.ratis.thirdparty.io.netty.channel.nio.SelectedSelectionKeySetSelector.select(SelectedSelectionKeySetSelector.java:62)
        at org.apache.ratis.thirdparty.io.netty.channel.nio.NioEventLoop.select(NioEventLoop.java:753)
        at org.apache.ratis.thirdparty.io.netty.channel.nio.NioEventLoop.run(NioEventLoop.java:408)
        at org.apache.ratis.thirdparty.io.netty.util.concurrent.SingleThreadEventExecutor$5.run(SingleThreadEventExecutor.java:897)
        at org.apache.ratis.thirdparty.io.netty.util.concurrent.FastThreadLocalRunnable.run(FastThreadLocalRunnable.java:30)
        at java.lang.Thread.run(Thread.java:748)
"pool-158-thread-48"  prio=5 tid=2349 in Object.wait()
java.lang.Thread.State: WAITING (on object monitor)
        at sun.misc.Unsafe.park(Native Method)
        at java.util.concurrent.locks.LockSupport.park(LockSupport.java:175)
        at java.util.concurrent.locks.AbstractQueuedSynchronizer$ConditionObject.await(AbstractQueuedSynchronizer.java:2039)
        at java.util.concurrent.ArrayBlockingQueue.take(ArrayBlockingQueue.java:403)
        at java.util.concurrent.ThreadPoolExecutor.getTask(ThreadPoolExecutor.java:1074)
        at java.util.concurrent.ThreadPoolExecutor.runWorker(ThreadPoolExecutor.java:1134)
        at java.util.concurrent.ThreadPoolExecutor$Worker.run(ThreadPoolExecutor.java:624)
        at java.lang.Thread.run(Thread.java:748)
"IPC Server handler 8 on 35974" daemon prio=5 tid=1860 timed_waiting
java.lang.Thread.State: TIMED_WAITING
        at sun.misc.Unsafe.park(Native Method)
        at java.util.concurrent.locks.LockSupport.parkNanos(LockSupport.java:215)
        at java.util.concurrent.locks.AbstractQueuedSynchronizer$ConditionObject.awaitNanos(AbstractQueuedSynchronizer.java:2078)
        at java.util.concurrent.LinkedBlockingQueue.poll(LinkedBlockingQueue.java:467)
        at org.apache.hadoop.ipc.CallQueueManager.take(CallQueueManager.java:288)
        at org.apache.hadoop.ipc.Server$Handler.run(Server.java:2668)
"8344cb33-ae61-4ff3-97f7-00b91742683d@group-A7405D5AD40E-StateMachineUpdater" daemon prio=5 tid=3125 in Object.wait()
java.lang.Thread.State: WAITING (on object monitor)
        at java.lang.Object.wait(Native Method)
        at java.lang.Object.wait(Object.java:502)
        at org.apache.ratis.server.impl.StateMachineUpdater.waitForCommit(StateMachineUpdater.java:194)
        at org.apache.ratis.server.impl.StateMachineUpdater.run(StateMachineUpdater.java:159)
        at java.lang.Thread.run(Thread.java:748)
"pool-188-thread-30"  prio=5 tid=2517 in Object.wait()
java.lang.Thread.State: WAITING (on object monitor)
        at sun.misc.Unsafe.park(Native Method)
        at java.util.concurrent.locks.LockSupport.park(LockSupport.java:175)
        at java.util.concurrent.locks.AbstractQueuedSynchronizer$ConditionObject.await(AbstractQueuedSynchronizer.java:2039)
        at java.util.concurrent.ArrayBlockingQueue.take(ArrayBlockingQueue.java:403)
        at java.util.concurrent.ThreadPoolExecutor.getTask(ThreadPoolExecutor.java:1074)
        at java.util.concurrent.ThreadPoolExecutor.runWorker(ThreadPoolExecutor.java:1134)
        at java.util.concurrent.ThreadPoolExecutor$Worker.run(ThreadPoolExecutor.java:624)
        at java.lang.Thread.run(Thread.java:748)
"pool-178-thread-51"  prio=5 tid=2476 in Object.wait()
java.lang.Thread.State: WAITING (on object monitor)
        at sun.misc.Unsafe.park(Native Method)
        at java.util.concurrent.locks.LockSupport.park(LockSupport.java:175)
        at java.util.concurrent.locks.AbstractQueuedSynchronizer$ConditionObject.await(AbstractQueuedSynchronizer.java:2039)
        at java.util.concurrent.ArrayBlockingQueue.take(ArrayBlockingQueue.java:403)
        at java.util.concurrent.ThreadPoolExecutor.getTask(ThreadPoolExecutor.java:1074)
        at java.util.concurrent.ThreadPoolExecutor.runWorker(ThreadPoolExecutor.java:1134)
        at java.util.concurrent.ThreadPoolExecutor$Worker.run(ThreadPoolExecutor.java:624)
        at java.lang.Thread.run(Thread.java:748)
"Datanode ReportManager Thread - 0" daemon prio=5 tid=360 in Object.wait()
java.lang.Thread.State: WAITING (on object monitor)
        at sun.misc.Unsafe.park(Native Method)
        at java.util.concurrent.locks.LockSupport.park(LockSupport.java:175)
        at java.util.concurrent.locks.AbstractQueuedSynchronizer$ConditionObject.await(AbstractQueuedSynchronizer.java:2039)
        at java.util.concurrent.ScheduledThreadPoolExecutor$DelayedWorkQueue.take(ScheduledThreadPoolExecutor.java:1088)
        at java.util.concurrent.ScheduledThreadPoolExecutor$DelayedWorkQueue.take(ScheduledThreadPoolExecutor.java:809)
        at java.util.concurrent.ThreadPoolExecutor.getTask(ThreadPoolExecutor.java:1074)
        at java.util.concurrent.ThreadPoolExecutor.runWorker(ThreadPoolExecutor.java:1134)
        at java.util.concurrent.ThreadPoolExecutor$Worker.run(ThreadPoolExecutor.java:624)
        at java.lang.Thread.run(Thread.java:748)
"pool-228-thread-1"  prio=5 tid=2736 in Object.wait()
java.lang.Thread.State: WAITING (on object monitor)
        at sun.misc.Unsafe.park(Native Method)
        at java.util.concurrent.locks.LockSupport.park(LockSupport.java:175)
        at java.util.concurrent.locks.AbstractQueuedSynchronizer$ConditionObject.await(AbstractQueuedSynchronizer.java:2039)
        at java.util.concurrent.ArrayBlockingQueue.take(ArrayBlockingQueue.java:403)
        at java.util.concurrent.ThreadPoolExecutor.getTask(ThreadPoolExecutor.java:1074)
        at java.util.concurrent.ThreadPoolExecutor.runWorker(ThreadPoolExecutor.java:1134)
        at java.util.concurrent.ThreadPoolExecutor$Worker.run(ThreadPoolExecutor.java:624)
        at java.lang.Thread.run(Thread.java:748)
"pool-158-thread-21"  prio=5 tid=2322 in Object.wait()
java.lang.Thread.State: WAITING (on object monitor)
        at sun.misc.Unsafe.park(Native Method)
        at java.util.concurrent.locks.LockSupport.park(LockSupport.java:175)
        at java.util.concurrent.locks.AbstractQueuedSynchronizer$ConditionObject.await(AbstractQueuedSynchronizer.java:2039)
        at java.util.concurrent.ArrayBlockingQueue.take(ArrayBlockingQueue.java:403)
        at java.util.concurrent.ThreadPoolExecutor.getTask(ThreadPoolExecutor.java:1074)
        at java.util.concurrent.ThreadPoolExecutor.runWorker(ThreadPoolExecutor.java:1134)
        at java.util.concurrent.ThreadPoolExecutor$Worker.run(ThreadPoolExecutor.java:624)
        at java.lang.Thread.run(Thread.java:748)
"pool-218-thread-51"  prio=5 tid=2724 in Object.wait()
java.lang.Thread.State: WAITING (on object monitor)
        at sun.misc.Unsafe.park(Native Method)
        at java.util.concurrent.locks.LockSupport.park(LockSupport.java:175)
        at java.util.concurrent.locks.AbstractQueuedSynchronizer$ConditionObject.await(AbstractQueuedSynchronizer.java:2039)
        at java.util.concurrent.ArrayBlockingQueue.take(ArrayBlockingQueue.java:403)
        at java.util.concurrent.ThreadPoolExecutor.getTask(ThreadPoolExecutor.java:1074)
        at java.util.concurrent.ThreadPoolExecutor.runWorker(ThreadPoolExecutor.java:1134)
        at java.util.concurrent.ThreadPoolExecutor$Worker.run(ThreadPoolExecutor.java:624)
        at java.lang.Thread.run(Thread.java:748)
"pool-232-thread-1"  prio=5 tid=2191 timed_waiting
java.lang.Thread.State: TIMED_WAITING
        at sun.misc.Unsafe.park(Native Method)
        at java.util.concurrent.locks.LockSupport.parkNanos(LockSupport.java:215)
        at java.util.concurrent.locks.AbstractQueuedSynchronizer$ConditionObject.awaitNanos(AbstractQueuedSynchronizer.java:2078)
        at java.util.concurrent.ScheduledThreadPoolExecutor$DelayedWorkQueue.take(ScheduledThreadPoolExecutor.java:1093)
        at java.util.concurrent.ScheduledThreadPoolExecutor$DelayedWorkQueue.take(ScheduledThreadPoolExecutor.java:809)
        at java.util.concurrent.ThreadPoolExecutor.getTask(ThreadPoolExecutor.java:1074)
        at java.util.concurrent.ThreadPoolExecutor.runWorker(ThreadPoolExecutor.java:1134)
        at java.util.concurrent.ThreadPoolExecutor$Worker.run(ThreadPoolExecutor.java:624)
        at java.lang.Thread.run(Thread.java:748)
"pool-228-thread-42"  prio=5 tid=2777 in Object.wait()
java.lang.Thread.State: WAITING (on object monitor)
        at sun.misc.Unsafe.park(Native Method)
        at java.util.concurrent.locks.LockSupport.park(LockSupport.java:175)
        at java.util.concurrent.locks.AbstractQueuedSynchronizer$ConditionObject.await(AbstractQueuedSynchronizer.java:2039)
        at java.util.concurrent.ArrayBlockingQueue.take(ArrayBlockingQueue.java:403)
        at java.util.concurrent.ThreadPoolExecutor.getTask(ThreadPoolExecutor.java:1074)
        at java.util.concurrent.ThreadPoolExecutor.runWorker(ThreadPoolExecutor.java:1134)
        at java.util.concurrent.ThreadPoolExecutor$Worker.run(ThreadPoolExecutor.java:624)
        at java.lang.Thread.run(Thread.java:748)
"pool-198-thread-60"  prio=5 tid=2609 in Object.wait()
java.lang.Thread.State: WAITING (on object monitor)
        at sun.misc.Unsafe.park(Native Method)
        at java.util.concurrent.locks.LockSupport.park(LockSupport.java:175)
        at java.util.concurrent.locks.AbstractQueuedSynchronizer$ConditionObject.await(AbstractQueuedSynchronizer.java:2039)
        at java.util.concurrent.ArrayBlockingQueue.take(ArrayBlockingQueue.java:403)
        at java.util.concurrent.ThreadPoolExecutor.getTask(ThreadPoolExecutor.java:1074)
        at java.util.concurrent.ThreadPoolExecutor.runWorker(ThreadPoolExecutor.java:1134)
        at java.util.concurrent.ThreadPoolExecutor$Worker.run(ThreadPoolExecutor.java:624)
        at java.lang.Thread.run(Thread.java:748)
"pool-158-thread-22"  prio=5 tid=2323 in Object.wait()
java.lang.Thread.State: WAITING (on object monitor)
        at sun.misc.Unsafe.park(Native Method)
        at java.util.concurrent.locks.LockSupport.park(LockSupport.java:175)
        at java.util.concurrent.locks.AbstractQueuedSynchronizer$ConditionObject.await(AbstractQueuedSynchronizer.java:2039)
        at java.util.concurrent.ArrayBlockingQueue.take(ArrayBlockingQueue.java:403)
        at java.util.concurrent.ThreadPoolExecutor.getTask(ThreadPoolExecutor.java:1074)
        at java.util.concurrent.ThreadPoolExecutor.runWorker(ThreadPoolExecutor.java:1134)
        at java.util.concurrent.ThreadPoolExecutor$Worker.run(ThreadPoolExecutor.java:624)
        at java.lang.Thread.run(Thread.java:748)
"Thread-1534" daemon prio=5 tid=3193 timed_waiting
java.lang.Thread.State: TIMED_WAITING
        at sun.misc.Unsafe.park(Native Method)
        at java.util.concurrent.locks.LockSupport.parkNanos(LockSupport.java:215)
        at java.util.concurrent.locks.AbstractQueuedSynchronizer$ConditionObject.awaitNanos(AbstractQueuedSynchronizer.java:2078)
        at java.util.concurrent.ArrayBlockingQueue.poll(ArrayBlockingQueue.java:418)
        at org.apache.ratis.server.impl.LeaderState$EventQueue.poll(LeaderState.java:115)
        at org.apache.ratis.server.impl.LeaderState$EventProcessor.run(LeaderState.java:467)
"pool-208-thread-41"  prio=5 tid=2652 in Object.wait()
java.lang.Thread.State: WAITING (on object monitor)
        at sun.misc.Unsafe.park(Native Method)
        at java.util.concurrent.locks.LockSupport.park(LockSupport.java:175)
        at java.util.concurrent.locks.AbstractQueuedSynchronizer$ConditionObject.await(AbstractQueuedSynchronizer.java:2039)
        at java.util.concurrent.ArrayBlockingQueue.take(ArrayBlockingQueue.java:403)
        at java.util.concurrent.ThreadPoolExecutor.getTask(ThreadPoolExecutor.java:1074)
        at java.util.concurrent.ThreadPoolExecutor.runWorker(ThreadPoolExecutor.java:1134)
        at java.util.concurrent.ThreadPoolExecutor$Worker.run(ThreadPoolExecutor.java:624)
        at java.lang.Thread.run(Thread.java:748)
"pool-218-thread-21"  prio=5 tid=2694 in Object.wait()
java.lang.Thread.State: WAITING (on object monitor)
        at sun.misc.Unsafe.park(Native Method)
        at java.util.concurrent.locks.LockSupport.park(LockSupport.java:175)
        at java.util.concurrent.locks.AbstractQueuedSynchronizer$ConditionObject.await(AbstractQueuedSynchronizer.java:2039)
        at java.util.concurrent.ArrayBlockingQueue.take(ArrayBlockingQueue.java:403)
        at java.util.concurrent.ThreadPoolExecutor.getTask(ThreadPoolExecutor.java:1074)
        at java.util.concurrent.ThreadPoolExecutor.runWorker(ThreadPoolExecutor.java:1134)
        at java.util.concurrent.ThreadPoolExecutor$Worker.run(ThreadPoolExecutor.java:624)
        at java.lang.Thread.run(Thread.java:748)
"pool-218-thread-56"  prio=5 tid=2729 in Object.wait()
java.lang.Thread.State: WAITING (on object monitor)
        at sun.misc.Unsafe.park(Native Method)
        at java.util.concurrent.locks.LockSupport.park(LockSupport.java:175)
        at java.util.concurrent.locks.AbstractQueuedSynchronizer$ConditionObject.await(AbstractQueuedSynchronizer.java:2039)
        at java.util.concurrent.ArrayBlockingQueue.take(ArrayBlockingQueue.java:403)
        at java.util.concurrent.ThreadPoolExecutor.getTask(ThreadPoolExecutor.java:1074)
        at java.util.concurrent.ThreadPoolExecutor.runWorker(ThreadPoolExecutor.java:1134)
        at java.util.concurrent.ThreadPoolExecutor$Worker.run(ThreadPoolExecutor.java:624)
        at java.lang.Thread.run(Thread.java:748)
"pool-239-thread-1"  prio=5 tid=2936 in Object.wait()
java.lang.Thread.State: WAITING (on object monitor)
        at sun.misc.Unsafe.park(Native Method)
        at java.util.concurrent.locks.LockSupport.park(LockSupport.java:175)
        at java.util.concurrent.locks.AbstractQueuedSynchronizer$ConditionObject.await(AbstractQueuedSynchronizer.java:2039)
        at java.util.concurrent.LinkedBlockingQueue.take(LinkedBlockingQueue.java:442)
        at java.util.concurrent.ThreadPoolExecutor.getTask(ThreadPoolExecutor.java:1074)
        at java.util.concurrent.ThreadPoolExecutor.runWorker(ThreadPoolExecutor.java:1134)
        at java.util.concurrent.ThreadPoolExecutor$Worker.run(ThreadPoolExecutor.java:624)
        at java.lang.Thread.run(Thread.java:748)
"Periodic HDDS volume checker"  prio=5 tid=2050 timed_waiting
java.lang.Thread.State: TIMED_WAITING
        at sun.misc.Unsafe.park(Native Method)
        at java.util.concurrent.locks.LockSupport.parkNanos(LockSupport.java:215)
        at java.util.concurrent.locks.AbstractQueuedSynchronizer$ConditionObject.awaitNanos(AbstractQueuedSynchronizer.java:2078)
        at java.util.concurrent.ScheduledThreadPoolExecutor$DelayedWorkQueue.take(ScheduledThreadPoolExecutor.java:1093)
        at java.util.concurrent.ScheduledThreadPoolExecutor$DelayedWorkQueue.take(ScheduledThreadPoolExecutor.java:809)
        at java.util.concurrent.ThreadPoolExecutor.getTask(ThreadPoolExecutor.java:1074)
        at java.util.concurrent.ThreadPoolExecutor.runWorker(ThreadPoolExecutor.java:1134)
        at java.util.concurrent.ThreadPoolExecutor$Worker.run(ThreadPoolExecutor.java:624)
        at java.lang.Thread.run(Thread.java:748)
"pool-208-thread-5"  prio=5 tid=2616 in Object.wait()
java.lang.Thread.State: WAITING (on object monitor)
        at sun.misc.Unsafe.park(Native Method)
        at java.util.concurrent.locks.LockSupport.park(LockSupport.java:175)
        at java.util.concurrent.locks.AbstractQueuedSynchronizer$ConditionObject.await(AbstractQueuedSynchronizer.java:2039)
        at java.util.concurrent.ArrayBlockingQueue.take(ArrayBlockingQueue.java:403)
        at java.util.concurrent.ThreadPoolExecutor.getTask(ThreadPoolExecutor.java:1074)
        at java.util.concurrent.ThreadPoolExecutor.runWorker(ThreadPoolExecutor.java:1134)
        at java.util.concurrent.ThreadPoolExecutor$Worker.run(ThreadPoolExecutor.java:624)
        at java.lang.Thread.run(Thread.java:748)
"pool-188-thread-26"  prio=5 tid=2513 in Object.wait()
java.lang.Thread.State: WAITING (on object monitor)
        at sun.misc.Unsafe.park(Native Method)
        at java.util.concurrent.locks.LockSupport.park(LockSupport.java:175)
        at java.util.concurrent.locks.AbstractQueuedSynchronizer$ConditionObject.await(AbstractQueuedSynchronizer.java:2039)
        at java.util.concurrent.ArrayBlockingQueue.take(ArrayBlockingQueue.java:403)
        at java.util.concurrent.ThreadPoolExecutor.getTask(ThreadPoolExecutor.java:1074)
        at java.util.concurrent.ThreadPoolExecutor.runWorker(ThreadPoolExecutor.java:1134)
        at java.util.concurrent.ThreadPoolExecutor$Worker.run(ThreadPoolExecutor.java:624)
        at java.lang.Thread.run(Thread.java:748)
"pool-158-thread-38"  prio=5 tid=2339 in Object.wait()
java.lang.Thread.State: WAITING (on object monitor)
        at sun.misc.Unsafe.park(Native Method)
        at java.util.concurrent.locks.LockSupport.park(LockSupport.java:175)
        at java.util.concurrent.locks.AbstractQueuedSynchronizer$ConditionObject.await(AbstractQueuedSynchronizer.java:2039)
        at java.util.concurrent.ArrayBlockingQueue.take(ArrayBlockingQueue.java:403)
        at java.util.concurrent.ThreadPoolExecutor.getTask(ThreadPoolExecutor.java:1074)
        at java.util.concurrent.ThreadPoolExecutor.runWorker(ThreadPoolExecutor.java:1134)
        at java.util.concurrent.ThreadPoolExecutor$Worker.run(ThreadPoolExecutor.java:624)
        at java.lang.Thread.run(Thread.java:748)
"qtp1553544410-2004-acceptor-0@6e4bf69c-ServerConnector@f3560d4{HTTP/1.1,[http/1.1]}{0.0.0.0:42210}" daemon prio=3 tid=2004 runnable
java.lang.Thread.State: RUNNABLE
        at sun.nio.ch.ServerSocketChannelImpl.accept0(Native Method)
        at sun.nio.ch.ServerSocketChannelImpl.accept(ServerSocketChannelImpl.java:422)
        at sun.nio.ch.ServerSocketChannelImpl.accept(ServerSocketChannelImpl.java:250)
        at org.eclipse.jetty.server.ServerConnector.accept(ServerConnector.java:397)
        at org.eclipse.jetty.server.AbstractConnector$Acceptor.run(AbstractConnector.java:601)
        at org.eclipse.jetty.util.thread.QueuedThreadPool.runJob(QueuedThreadPool.java:671)
        at org.eclipse.jetty.util.thread.QueuedThreadPool$2.run(QueuedThreadPool.java:589)
        at java.lang.Thread.run(Thread.java:748)
"Datanode ReportManager Thread - 2" daemon prio=5 tid=362 in Object.wait()
java.lang.Thread.State: WAITING (on object monitor)
        at sun.misc.Unsafe.park(Native Method)
        at java.util.concurrent.locks.LockSupport.park(LockSupport.java:175)
        at java.util.concurrent.locks.AbstractQueuedSynchronizer$ConditionObject.await(AbstractQueuedSynchronizer.java:2039)
        at java.util.concurrent.ScheduledThreadPoolExecutor$DelayedWorkQueue.take(ScheduledThreadPoolExecutor.java:1088)
        at java.util.concurrent.ScheduledThreadPoolExecutor$DelayedWorkQueue.take(ScheduledThreadPoolExecutor.java:809)
        at java.util.concurrent.ThreadPoolExecutor.getTask(ThreadPoolExecutor.java:1074)
        at java.util.concurrent.ThreadPoolExecutor.runWorker(ThreadPoolExecutor.java:1134)
        at java.util.concurrent.ThreadPoolExecutor$Worker.run(ThreadPoolExecutor.java:624)
        at java.lang.Thread.run(Thread.java:748)
"pool-178-thread-58"  prio=5 tid=2483 in Object.wait()
java.lang.Thread.State: WAITING (on object monitor)
        at sun.misc.Unsafe.park(Native Method)
        at java.util.concurrent.locks.LockSupport.park(LockSupport.java:175)
        at java.util.concurrent.locks.AbstractQueuedSynchronizer$ConditionObject.await(AbstractQueuedSynchronizer.java:2039)
        at java.util.concurrent.ArrayBlockingQueue.take(ArrayBlockingQueue.java:403)
        at java.util.concurrent.ThreadPoolExecutor.getTask(ThreadPoolExecutor.java:1074)
        at java.util.concurrent.ThreadPoolExecutor.runWorker(ThreadPoolExecutor.java:1134)
        at java.util.concurrent.ThreadPoolExecutor$Worker.run(ThreadPoolExecutor.java:624)
        at java.lang.Thread.run(Thread.java:748)
"pool-158-thread-49"  prio=5 tid=2350 in Object.wait()
java.lang.Thread.State: WAITING (on object monitor)
        at sun.misc.Unsafe.park(Native Method)
        at java.util.concurrent.locks.LockSupport.park(LockSupport.java:175)
        at java.util.concurrent.locks.AbstractQueuedSynchronizer$ConditionObject.await(AbstractQueuedSynchronizer.java:2039)
        at java.util.concurrent.ArrayBlockingQueue.take(ArrayBlockingQueue.java:403)
        at java.util.concurrent.ThreadPoolExecutor.getTask(ThreadPoolExecutor.java:1074)
        at java.util.concurrent.ThreadPoolExecutor.runWorker(ThreadPoolExecutor.java:1134)
        at java.util.concurrent.ThreadPoolExecutor$Worker.run(ThreadPoolExecutor.java:624)
        at java.lang.Thread.run(Thread.java:748)
"Periodic HDDS volume checker"  prio=5 tid=2104 timed_waiting
java.lang.Thread.State: TIMED_WAITING
        at sun.misc.Unsafe.park(Native Method)
        at java.util.concurrent.locks.LockSupport.parkNanos(LockSupport.java:215)
        at java.util.concurrent.locks.AbstractQueuedSynchronizer$ConditionObject.awaitNanos(AbstractQueuedSynchronizer.java:2078)
        at java.util.concurrent.ScheduledThreadPoolExecutor$DelayedWorkQueue.take(ScheduledThreadPoolExecutor.java:1093)
        at java.util.concurrent.ScheduledThreadPoolExecutor$DelayedWorkQueue.take(ScheduledThreadPoolExecutor.java:809)
        at java.util.concurrent.ThreadPoolExecutor.getTask(ThreadPoolExecutor.java:1074)
        at java.util.concurrent.ThreadPoolExecutor.runWorker(ThreadPoolExecutor.java:1134)
        at java.util.concurrent.ThreadPoolExecutor$Worker.run(ThreadPoolExecutor.java:624)
        at java.lang.Thread.run(Thread.java:748)
"PartialTableCache Cleanup Thread - 0" daemon prio=5 tid=1356 in Object.wait()
java.lang.Thread.State: WAITING (on object monitor)
        at sun.misc.Unsafe.park(Native Method)
        at java.util.concurrent.locks.LockSupport.park(LockSupport.java:175)
        at java.util.concurrent.locks.AbstractQueuedSynchronizer$ConditionObject.await(AbstractQueuedSynchronizer.java:2039)
        at java.util.concurrent.LinkedBlockingQueue.take(LinkedBlockingQueue.java:442)
        at java.util.concurrent.ThreadPoolExecutor.getTask(ThreadPoolExecutor.java:1074)
        at java.util.concurrent.ThreadPoolExecutor.runWorker(ThreadPoolExecutor.java:1134)
        at java.util.concurrent.ThreadPoolExecutor$Worker.run(ThreadPoolExecutor.java:624)
        at java.lang.Thread.run(Thread.java:748)
"pool-158-thread-30"  prio=5 tid=2331 in Object.wait()
java.lang.Thread.State: WAITING (on object monitor)
        at sun.misc.Unsafe.park(Native Method)
        at java.util.concurrent.locks.LockSupport.park(LockSupport.java:175)
        at java.util.concurrent.locks.AbstractQueuedSynchronizer$ConditionObject.await(AbstractQueuedSynchronizer.java:2039)
        at java.util.concurrent.ArrayBlockingQueue.take(ArrayBlockingQueue.java:403)
        at java.util.concurrent.ThreadPoolExecutor.getTask(ThreadPoolExecutor.java:1074)
        at java.util.concurrent.ThreadPoolExecutor.runWorker(ThreadPoolExecutor.java:1134)
        at java.util.concurrent.ThreadPoolExecutor$Worker.run(ThreadPoolExecutor.java:624)
        at java.lang.Thread.run(Thread.java:748)
"IPC Server handler 5 on 43737" daemon prio=5 tid=1877 timed_waiting
java.lang.Thread.State: TIMED_WAITING
        at sun.misc.Unsafe.park(Native Method)
        at java.util.concurrent.locks.LockSupport.parkNanos(LockSupport.java:215)
        at java.util.concurrent.locks.AbstractQueuedSynchronizer$ConditionObject.awaitNanos(AbstractQueuedSynchronizer.java:2078)
        at java.util.concurrent.LinkedBlockingQueue.poll(LinkedBlockingQueue.java:467)
        at org.apache.hadoop.ipc.CallQueueManager.take(CallQueueManager.java:288)
        at org.apache.hadoop.ipc.Server$Handler.run(Server.java:2668)
"19d9f0ed-7324-40ce-9ded-4f2ae42bdb1f@group-513E606754AA-StateMachineUpdater" daemon prio=5 tid=3081 in Object.wait()
java.lang.Thread.State: WAITING (on object monitor)
        at java.lang.Object.wait(Native Method)
        at java.lang.Object.wait(Object.java:502)
        at org.apache.ratis.server.impl.StateMachineUpdater.waitForCommit(StateMachineUpdater.java:194)
        at org.apache.ratis.server.impl.StateMachineUpdater.run(StateMachineUpdater.java:159)
        at java.lang.Thread.run(Thread.java:748)
"86084ec4-dae7-4808-81c8-289a21d6f4dc@group-877CB685509D-StateMachineUpdater" daemon prio=5 tid=3144 in Object.wait()
java.lang.Thread.State: WAITING (on object monitor)
        at java.lang.Object.wait(Native Method)
        at java.lang.Object.wait(Object.java:502)
        at org.apache.ratis.server.impl.StateMachineUpdater.waitForCommit(StateMachineUpdater.java:194)
        at org.apache.ratis.server.impl.StateMachineUpdater.run(StateMachineUpdater.java:159)
        at java.lang.Thread.run(Thread.java:748)
"pool-178-thread-29"  prio=5 tid=2454 in Object.wait()
java.lang.Thread.State: WAITING (on object monitor)
        at sun.misc.Unsafe.park(Native Method)
        at java.util.concurrent.locks.LockSupport.park(LockSupport.java:175)
        at java.util.concurrent.locks.AbstractQueuedSynchronizer$ConditionObject.await(AbstractQueuedSynchronizer.java:2039)
        at java.util.concurrent.ArrayBlockingQueue.take(ArrayBlockingQueue.java:403)
        at java.util.concurrent.ThreadPoolExecutor.getTask(ThreadPoolExecutor.java:1074)
        at java.util.concurrent.ThreadPoolExecutor.runWorker(ThreadPoolExecutor.java:1134)
        at java.util.concurrent.ThreadPoolExecutor$Worker.run(ThreadPoolExecutor.java:624)
        at java.lang.Thread.run(Thread.java:748)
"org.eclipse.jetty.server.session.HashSessionManager@4dac121dTimer" daemon prio=5 tid=2120 timed_waiting
java.lang.Thread.State: TIMED_WAITING
        at sun.misc.Unsafe.park(Native Method)
        at java.util.concurrent.locks.LockSupport.parkNanos(LockSupport.java:215)
        at java.util.concurrent.locks.AbstractQueuedSynchronizer$ConditionObject.awaitNanos(AbstractQueuedSynchronizer.java:2078)
        at java.util.concurrent.ScheduledThreadPoolExecutor$DelayedWorkQueue.take(ScheduledThreadPoolExecutor.java:1093)
        at java.util.concurrent.ScheduledThreadPoolExecutor$DelayedWorkQueue.take(ScheduledThreadPoolExecutor.java:809)
        at java.util.concurrent.ThreadPoolExecutor.getTask(ThreadPoolExecutor.java:1074)
        at java.util.concurrent.ThreadPoolExecutor.runWorker(ThreadPoolExecutor.java:1134)
        at java.util.concurrent.ThreadPoolExecutor$Worker.run(ThreadPoolExecutor.java:624)
        at java.lang.Thread.run(Thread.java:748)
"pool-208-thread-11"  prio=5 tid=2622 in Object.wait()
java.lang.Thread.State: WAITING (on object monitor)
        at sun.misc.Unsafe.park(Native Method)
        at java.util.concurrent.locks.LockSupport.park(LockSupport.java:175)
        at java.util.concurrent.locks.AbstractQueuedSynchronizer$ConditionObject.await(AbstractQueuedSynchronizer.java:2039)
        at java.util.concurrent.ArrayBlockingQueue.take(ArrayBlockingQueue.java:403)
        at java.util.concurrent.ThreadPoolExecutor.getTask(ThreadPoolExecutor.java:1074)
        at java.util.concurrent.ThreadPoolExecutor.runWorker(ThreadPoolExecutor.java:1134)
        at java.util.concurrent.ThreadPoolExecutor$Worker.run(ThreadPoolExecutor.java:624)
        at java.lang.Thread.run(Thread.java:748)
"pool-198-thread-3"  prio=5 tid=2552 in Object.wait()
java.lang.Thread.State: WAITING (on object monitor)
        at sun.misc.Unsafe.park(Native Method)
        at java.util.concurrent.locks.LockSupport.park(LockSupport.java:175)
        at java.util.concurrent.locks.AbstractQueuedSynchronizer$ConditionObject.await(AbstractQueuedSynchronizer.java:2039)
        at java.util.concurrent.ArrayBlockingQueue.take(ArrayBlockingQueue.java:403)
        at java.util.concurrent.ThreadPoolExecutor.getTask(ThreadPoolExecutor.java:1074)
        at java.util.concurrent.ThreadPoolExecutor.runWorker(ThreadPoolExecutor.java:1134)
        at java.util.concurrent.ThreadPoolExecutor$Worker.run(ThreadPoolExecutor.java:624)
        at java.lang.Thread.run(Thread.java:748)
"pool-178-thread-14"  prio=5 tid=2439 in Object.wait()
java.lang.Thread.State: WAITING (on object monitor)
        at sun.misc.Unsafe.park(Native Method)
        at java.util.concurrent.locks.LockSupport.park(LockSupport.java:175)
        at java.util.concurrent.locks.AbstractQueuedSynchronizer$ConditionObject.await(AbstractQueuedSynchronizer.java:2039)
        at java.util.concurrent.ArrayBlockingQueue.take(ArrayBlockingQueue.java:403)
        at java.util.concurrent.ThreadPoolExecutor.getTask(ThreadPoolExecutor.java:1074)
        at java.util.concurrent.ThreadPoolExecutor.runWorker(ThreadPoolExecutor.java:1134)
        at java.util.concurrent.ThreadPoolExecutor$Worker.run(ThreadPoolExecutor.java:624)
        at java.lang.Thread.run(Thread.java:748)
"IPC Server handler 3 on 43737" daemon prio=5 tid=1875 timed_waiting
java.lang.Thread.State: TIMED_WAITING
        at sun.misc.Unsafe.park(Native Method)
        at java.util.concurrent.locks.LockSupport.parkNanos(LockSupport.java:215)
        at java.util.concurrent.locks.AbstractQueuedSynchronizer$ConditionObject.awaitNanos(AbstractQueuedSynchronizer.java:2078)
        at java.util.concurrent.LinkedBlockingQueue.poll(LinkedBlockingQueue.java:467)
        at org.apache.hadoop.ipc.CallQueueManager.take(CallQueueManager.java:288)
        at org.apache.hadoop.ipc.Server$Handler.run(Server.java:2668)
"qtp141388791-2221" daemon prio=5 tid=2221 timed_waiting
java.lang.Thread.State: TIMED_WAITING
        at sun.misc.Unsafe.park(Native Method)
        at java.util.concurrent.locks.LockSupport.parkNanos(LockSupport.java:215)
        at java.util.concurrent.locks.AbstractQueuedSynchronizer$ConditionObject.awaitNanos(AbstractQueuedSynchronizer.java:2078)
        at org.eclipse.jetty.util.BlockingArrayQueue.poll(BlockingArrayQueue.java:392)
        at org.eclipse.jetty.util.thread.QueuedThreadPool.idleJobPoll(QueuedThreadPool.java:563)
        at org.eclipse.jetty.util.thread.QueuedThreadPool.access$800(QueuedThreadPool.java:48)
        at org.eclipse.jetty.util.thread.QueuedThreadPool$2.run(QueuedThreadPool.java:626)
        at java.lang.Thread.run(Thread.java:748)
"pool-208-thread-23"  prio=5 tid=2634 in Object.wait()
java.lang.Thread.State: WAITING (on object monitor)
        at sun.misc.Unsafe.park(Native Method)
        at java.util.concurrent.locks.LockSupport.park(LockSupport.java:175)
        at java.util.concurrent.locks.AbstractQueuedSynchronizer$ConditionObject.await(AbstractQueuedSynchronizer.java:2039)
        at java.util.concurrent.ArrayBlockingQueue.take(ArrayBlockingQueue.java:403)
        at java.util.concurrent.ThreadPoolExecutor.getTask(ThreadPoolExecutor.java:1074)
        at java.util.concurrent.ThreadPoolExecutor.runWorker(ThreadPoolExecutor.java:1134)
        at java.util.concurrent.ThreadPoolExecutor$Worker.run(ThreadPoolExecutor.java:624)
        at java.lang.Thread.run(Thread.java:748)
"SCM Heartbeat Processing Thread - 0" daemon prio=5 tid=1836 timed_waiting
java.lang.Thread.State: TIMED_WAITING
        at sun.misc.Unsafe.park(Native Method)
        at java.util.concurrent.locks.LockSupport.parkNanos(LockSupport.java:215)
        at java.util.concurrent.locks.AbstractQueuedSynchronizer$ConditionObject.awaitNanos(AbstractQueuedSynchronizer.java:2078)
        at java.util.concurrent.ScheduledThreadPoolExecutor$DelayedWorkQueue.take(ScheduledThreadPoolExecutor.java:1093)
        at java.util.concurrent.ScheduledThreadPoolExecutor$DelayedWorkQueue.take(ScheduledThreadPoolExecutor.java:809)
        at java.util.concurrent.ThreadPoolExecutor.getTask(ThreadPoolExecutor.java:1074)
        at java.util.concurrent.ThreadPoolExecutor.runWorker(ThreadPoolExecutor.java:1134)
        at java.util.concurrent.ThreadPoolExecutor$Worker.run(ThreadPoolExecutor.java:624)
        at java.lang.Thread.run(Thread.java:748)
"pool-198-thread-39"  prio=5 tid=2588 in Object.wait()
java.lang.Thread.State: WAITING (on object monitor)
        at sun.misc.Unsafe.park(Native Method)
        at java.util.concurrent.locks.LockSupport.park(LockSupport.java:175)
        at java.util.concurrent.locks.AbstractQueuedSynchronizer$ConditionObject.await(AbstractQueuedSynchronizer.java:2039)
        at java.util.concurrent.ArrayBlockingQueue.take(ArrayBlockingQueue.java:403)
        at java.util.concurrent.ThreadPoolExecutor.getTask(ThreadPoolExecutor.java:1074)
        at java.util.concurrent.ThreadPoolExecutor.runWorker(ThreadPoolExecutor.java:1134)
        at java.util.concurrent.ThreadPoolExecutor$Worker.run(ThreadPoolExecutor.java:624)
        at java.lang.Thread.run(Thread.java:748)
"IPC Server listener on 35974" daemon prio=5 tid=1845 runnable
java.lang.Thread.State: RUNNABLE
        at sun.nio.ch.EPollArrayWrapper.epollWait(Native Method)
        at sun.nio.ch.EPollArrayWrapper.poll(EPollArrayWrapper.java:269)
        at sun.nio.ch.EPollSelectorImpl.doSelect(EPollSelectorImpl.java:93)
        at sun.nio.ch.SelectorImpl.lockAndDoSelect(SelectorImpl.java:86)
        at sun.nio.ch.SelectorImpl.select(SelectorImpl.java:97)
        at sun.nio.ch.SelectorImpl.select(SelectorImpl.java:101)
        at org.apache.hadoop.ipc.Server$Listener.run(Server.java:1159)
"pool-228-thread-29"  prio=5 tid=2764 in Object.wait()
java.lang.Thread.State: WAITING (on object monitor)
        at sun.misc.Unsafe.park(Native Method)
        at java.util.concurrent.locks.LockSupport.park(LockSupport.java:175)
        at java.util.concurrent.locks.AbstractQueuedSynchronizer$ConditionObject.await(AbstractQueuedSynchronizer.java:2039)
        at java.util.concurrent.ArrayBlockingQueue.take(ArrayBlockingQueue.java:403)
        at java.util.concurrent.ThreadPoolExecutor.getTask(ThreadPoolExecutor.java:1074)
        at java.util.concurrent.ThreadPoolExecutor.runWorker(ThreadPoolExecutor.java:1134)
        at java.util.concurrent.ThreadPoolExecutor$Worker.run(ThreadPoolExecutor.java:624)
        at java.lang.Thread.run(Thread.java:748)
"pool-198-thread-48"  prio=5 tid=2597 in Object.wait()
java.lang.Thread.State: WAITING (on object monitor)
        at sun.misc.Unsafe.park(Native Method)
        at java.util.concurrent.locks.LockSupport.park(LockSupport.java:175)
        at java.util.concurrent.locks.AbstractQueuedSynchronizer$ConditionObject.await(AbstractQueuedSynchronizer.java:2039)
        at java.util.concurrent.ArrayBlockingQueue.take(ArrayBlockingQueue.java:403)
        at java.util.concurrent.ThreadPoolExecutor.getTask(ThreadPoolExecutor.java:1074)
        at java.util.concurrent.ThreadPoolExecutor.runWorker(ThreadPoolExecutor.java:1134)
        at java.util.concurrent.ThreadPoolExecutor$Worker.run(ThreadPoolExecutor.java:624)
        at java.lang.Thread.run(Thread.java:748)
"pool-208-thread-31"  prio=5 tid=2642 in Object.wait()
java.lang.Thread.State: WAITING (on object monitor)
        at sun.misc.Unsafe.park(Native Method)
        at java.util.concurrent.locks.LockSupport.park(LockSupport.java:175)
        at java.util.concurrent.locks.AbstractQueuedSynchronizer$ConditionObject.await(AbstractQueuedSynchronizer.java:2039)
        at java.util.concurrent.ArrayBlockingQueue.take(ArrayBlockingQueue.java:403)
        at java.util.concurrent.ThreadPoolExecutor.getTask(ThreadPoolExecutor.java:1074)
        at java.util.concurrent.ThreadPoolExecutor.runWorker(ThreadPoolExecutor.java:1134)
        at java.util.concurrent.ThreadPoolExecutor$Worker.run(ThreadPoolExecutor.java:624)
        at java.lang.Thread.run(Thread.java:748)
"BlockDeletingService#1" daemon prio=5 tid=2797 in Object.wait()
java.lang.Thread.State: WAITING (on object monitor)
        at sun.misc.Unsafe.park(Native Method)
        at java.util.concurrent.locks.LockSupport.park(LockSupport.java:175)
        at java.util.concurrent.locks.AbstractQueuedSynchronizer$ConditionObject.await(AbstractQueuedSynchronizer.java:2039)
        at java.util.concurrent.ScheduledThreadPoolExecutor$DelayedWorkQueue.take(ScheduledThreadPoolExecutor.java:1088)
        at java.util.concurrent.ScheduledThreadPoolExecutor$DelayedWorkQueue.take(ScheduledThreadPoolExecutor.java:809)
        at java.util.concurrent.ThreadPoolExecutor.getTask(ThreadPoolExecutor.java:1074)
        at java.util.concurrent.ThreadPoolExecutor.runWorker(ThreadPoolExecutor.java:1134)
        at java.util.concurrent.ThreadPoolExecutor$Worker.run(ThreadPoolExecutor.java:624)
        at java.lang.Thread.run(Thread.java:748)
"Datanode State Machine Thread - 0" daemon prio=5 tid=2095 timed_waiting
java.lang.Thread.State: TIMED_WAITING
        at java.lang.Thread.sleep(Native Method)
        at org.apache.hadoop.ozone.container.common.statemachine.DatanodeStateMachine.start(DatanodeStateMachine.java:191)
        at org.apache.hadoop.ozone.container.common.statemachine.DatanodeStateMachine.lambda$startDaemon$0(DatanodeStateMachine.java:349)
        at org.apache.hadoop.ozone.container.common.statemachine.DatanodeStateMachine$$Lambda$141/1594065480.run(Unknown Source)
        at java.lang.Thread.run(Thread.java:748)
"pool-238-thread-56"  prio=5 tid=2853 in Object.wait()
java.lang.Thread.State: WAITING (on object monitor)
        at sun.misc.Unsafe.park(Native Method)
        at java.util.concurrent.locks.LockSupport.park(LockSupport.java:175)
        at java.util.concurrent.locks.AbstractQueuedSynchronizer$ConditionObject.await(AbstractQueuedSynchronizer.java:2039)
        at java.util.concurrent.ArrayBlockingQueue.take(ArrayBlockingQueue.java:403)
        at java.util.concurrent.ThreadPoolExecutor.getTask(ThreadPoolExecutor.java:1074)
        at java.util.concurrent.ThreadPoolExecutor.runWorker(ThreadPoolExecutor.java:1134)
        at java.util.concurrent.ThreadPoolExecutor$Worker.run(ThreadPoolExecutor.java:624)
        at java.lang.Thread.run(Thread.java:748)
"pool-188-thread-22"  prio=5 tid=2509 in Object.wait()
java.lang.Thread.State: WAITING (on object monitor)
        at sun.misc.Unsafe.park(Native Method)
        at java.util.concurrent.locks.LockSupport.park(LockSupport.java:175)
        at java.util.concurrent.locks.AbstractQueuedSynchronizer$ConditionObject.await(AbstractQueuedSynchronizer.java:2039)
        at java.util.concurrent.ArrayBlockingQueue.take(ArrayBlockingQueue.java:403)
        at java.util.concurrent.ThreadPoolExecutor.getTask(ThreadPoolExecutor.java:1074)
        at java.util.concurrent.ThreadPoolExecutor.runWorker(ThreadPoolExecutor.java:1134)
        at java.util.concurrent.ThreadPoolExecutor$Worker.run(ThreadPoolExecutor.java:624)
        at java.lang.Thread.run(Thread.java:748)
"pool-228-thread-21"  prio=5 tid=2756 in Object.wait()
java.lang.Thread.State: WAITING (on object monitor)
        at sun.misc.Unsafe.park(Native Method)
        at java.util.concurrent.locks.LockSupport.park(LockSupport.java:175)
        at java.util.concurrent.locks.AbstractQueuedSynchronizer$ConditionObject.await(AbstractQueuedSynchronizer.java:2039)
        at java.util.concurrent.ArrayBlockingQueue.take(ArrayBlockingQueue.java:403)
        at java.util.concurrent.ThreadPoolExecutor.getTask(ThreadPoolExecutor.java:1074)
        at java.util.concurrent.ThreadPoolExecutor.runWorker(ThreadPoolExecutor.java:1134)
        at java.util.concurrent.ThreadPoolExecutor$Worker.run(ThreadPoolExecutor.java:624)
        at java.lang.Thread.run(Thread.java:748)
"pool-168-thread-24"  prio=5 tid=2387 in Object.wait()
java.lang.Thread.State: WAITING (on object monitor)
        at sun.misc.Unsafe.park(Native Method)
        at java.util.concurrent.locks.LockSupport.park(LockSupport.java:175)
        at java.util.concurrent.locks.AbstractQueuedSynchronizer$ConditionObject.await(AbstractQueuedSynchronizer.java:2039)
        at java.util.concurrent.ArrayBlockingQueue.take(ArrayBlockingQueue.java:403)
        at java.util.concurrent.ThreadPoolExecutor.getTask(ThreadPoolExecutor.java:1074)
        at java.util.concurrent.ThreadPoolExecutor.runWorker(ThreadPoolExecutor.java:1134)
        at java.util.concurrent.ThreadPoolExecutor$Worker.run(ThreadPoolExecutor.java:624)
        at java.lang.Thread.run(Thread.java:748)
"Datanode ReportManager Thread - 1" daemon prio=5 tid=2097 timed_waiting
java.lang.Thread.State: TIMED_WAITING
        at sun.misc.Unsafe.park(Native Method)
        at java.util.concurrent.locks.LockSupport.parkNanos(LockSupport.java:215)
        at java.util.concurrent.locks.AbstractQueuedSynchronizer$ConditionObject.awaitNanos(AbstractQueuedSynchronizer.java:2078)
        at java.util.concurrent.ScheduledThreadPoolExecutor$DelayedWorkQueue.take(ScheduledThreadPoolExecutor.java:1093)
        at java.util.concurrent.ScheduledThreadPoolExecutor$DelayedWorkQueue.take(ScheduledThreadPoolExecutor.java:809)
        at java.util.concurrent.ThreadPoolExecutor.getTask(ThreadPoolExecutor.java:1074)
        at java.util.concurrent.ThreadPoolExecutor.runWorker(ThreadPoolExecutor.java:1134)
        at java.util.concurrent.ThreadPoolExecutor$Worker.run(ThreadPoolExecutor.java:624)
        at java.lang.Thread.run(Thread.java:748)
"IPC Server handler 13 on 35974" daemon prio=5 tid=1865 timed_waiting
java.lang.Thread.State: TIMED_WAITING
        at sun.misc.Unsafe.park(Native Method)
        at java.util.concurrent.locks.LockSupport.parkNanos(LockSupport.java:215)
        at java.util.concurrent.locks.AbstractQueuedSynchronizer$ConditionObject.awaitNanos(AbstractQueuedSynchronizer.java:2078)
        at java.util.concurrent.LinkedBlockingQueue.poll(LinkedBlockingQueue.java:467)
        at org.apache.hadoop.ipc.CallQueueManager.take(CallQueueManager.java:288)
        at org.apache.hadoop.ipc.Server$Handler.run(Server.java:2668)
"Thread-1530" daemon prio=5 tid=3189 timed_waiting
java.lang.Thread.State: TIMED_WAITING
        at java.lang.Thread.sleep(Native Method)
        at org.apache.ratis.util.JavaUtils.sleep(JavaUtils.java:243)
        at org.apache.ratis.server.impl.FollowerState.run(FollowerState.java:100)
"IPC Server handler 2 on 35974" daemon prio=5 tid=1854 timed_waiting
java.lang.Thread.State: TIMED_WAITING
        at sun.misc.Unsafe.park(Native Method)
        at java.util.concurrent.locks.LockSupport.parkNanos(LockSupport.java:215)
        at java.util.concurrent.locks.AbstractQueuedSynchronizer$ConditionObject.awaitNanos(AbstractQueuedSynchronizer.java:2078)
        at java.util.concurrent.LinkedBlockingQueue.poll(LinkedBlockingQueue.java:467)
        at org.apache.hadoop.ipc.CallQueueManager.take(CallQueueManager.java:288)
        at org.apache.hadoop.ipc.Server$Handler.run(Server.java:2668)
"pool-148-thread-23"  prio=5 tid=2261 in Object.wait()
java.lang.Thread.State: WAITING (on object monitor)
        at sun.misc.Unsafe.park(Native Method)
        at java.util.concurrent.locks.LockSupport.park(LockSupport.java:175)
        at java.util.concurrent.locks.AbstractQueuedSynchronizer$ConditionObject.await(AbstractQueuedSynchronizer.java:2039)
        at java.util.concurrent.ArrayBlockingQueue.take(ArrayBlockingQueue.java:403)
        at java.util.concurrent.ThreadPoolExecutor.getTask(ThreadPoolExecutor.java:1074)
        at java.util.concurrent.ThreadPoolExecutor.runWorker(ThreadPoolExecutor.java:1134)
        at java.util.concurrent.ThreadPoolExecutor$Worker.run(ThreadPoolExecutor.java:624)
        at java.lang.Thread.run(Thread.java:748)
"Command processor thread" daemon prio=5 tid=2127 timed_waiting
java.lang.Thread.State: TIMED_WAITING
        at java.lang.Thread.sleep(Native Method)
        at org.apache.hadoop.ozone.container.common.statemachine.DatanodeStateMachine.lambda$initCommandHandlerThread$1(DatanodeStateMachine.java:439)
        at org.apache.hadoop.ozone.container.common.statemachine.DatanodeStateMachine$$Lambda$142/1603672614.run(Unknown Source)
        at java.lang.Thread.run(Thread.java:748)
"25c17e6e-60f2-43b7-8570-af6cc9981309@group-21F3445B4761-SegmentedRaftLogWorker"  prio=5 tid=3065 timed_waiting
java.lang.Thread.State: TIMED_WAITING
        at sun.misc.Unsafe.park(Native Method)
        at java.util.concurrent.locks.LockSupport.parkNanos(LockSupport.java:215)
        at java.util.concurrent.locks.AbstractQueuedSynchronizer$ConditionObject.awaitNanos(AbstractQueuedSynchronizer.java:2078)
        at org.apache.ratis.util.DataBlockingQueue.poll(DataBlockingQueue.java:137)
        at org.apache.ratis.server.raftlog.segmented.SegmentedRaftLogWorker.run(SegmentedRaftLogWorker.java:282)
        at java.lang.Thread.run(Thread.java:748)
"pool-178-thread-20"  prio=5 tid=2445 in Object.wait()
java.lang.Thread.State: WAITING (on object monitor)
        at sun.misc.Unsafe.park(Native Method)
        at java.util.concurrent.locks.LockSupport.park(LockSupport.java:175)
        at java.util.concurrent.locks.AbstractQueuedSynchronizer$ConditionObject.await(AbstractQueuedSynchronizer.java:2039)
        at java.util.concurrent.ArrayBlockingQueue.take(ArrayBlockingQueue.java:403)
        at java.util.concurrent.ThreadPoolExecutor.getTask(ThreadPoolExecutor.java:1074)
        at java.util.concurrent.ThreadPoolExecutor.runWorker(ThreadPoolExecutor.java:1134)
        at java.util.concurrent.ThreadPoolExecutor$Worker.run(ThreadPoolExecutor.java:624)
        at java.lang.Thread.run(Thread.java:748)
"pool-208-thread-34"  prio=5 tid=2645 in Object.wait()
java.lang.Thread.State: WAITING (on object monitor)
        at sun.misc.Unsafe.park(Native Method)
        at java.util.concurrent.locks.LockSupport.park(LockSupport.java:175)
        at java.util.concurrent.locks.AbstractQueuedSynchronizer$ConditionObject.await(AbstractQueuedSynchronizer.java:2039)
        at java.util.concurrent.ArrayBlockingQueue.take(ArrayBlockingQueue.java:403)
        at java.util.concurrent.ThreadPoolExecutor.getTask(ThreadPoolExecutor.java:1074)
        at java.util.concurrent.ThreadPoolExecutor.runWorker(ThreadPoolExecutor.java:1134)
        at java.util.concurrent.ThreadPoolExecutor$Worker.run(ThreadPoolExecutor.java:624)
        at java.lang.Thread.run(Thread.java:748)
"pool-168-thread-42"  prio=5 tid=2405 in Object.wait()
java.lang.Thread.State: WAITING (on object monitor)
        at sun.misc.Unsafe.park(Native Method)
        at java.util.concurrent.locks.LockSupport.park(LockSupport.java:175)
        at java.util.concurrent.locks.AbstractQueuedSynchronizer$ConditionObject.await(AbstractQueuedSynchronizer.java:2039)
        at java.util.concurrent.ArrayBlockingQueue.take(ArrayBlockingQueue.java:403)
        at java.util.concurrent.ThreadPoolExecutor.getTask(ThreadPoolExecutor.java:1074)
        at java.util.concurrent.ThreadPoolExecutor.runWorker(ThreadPoolExecutor.java:1134)
        at java.util.concurrent.ThreadPoolExecutor$Worker.run(ThreadPoolExecutor.java:624)
        at java.lang.Thread.run(Thread.java:748)
"pool-218-thread-58"  prio=5 tid=2731 in Object.wait()
java.lang.Thread.State: WAITING (on object monitor)
        at sun.misc.Unsafe.park(Native Method)
        at java.util.concurrent.locks.LockSupport.park(LockSupport.java:175)
        at java.util.concurrent.locks.AbstractQueuedSynchronizer$ConditionObject.await(AbstractQueuedSynchronizer.java:2039)
        at java.util.concurrent.ArrayBlockingQueue.take(ArrayBlockingQueue.java:403)
        at java.util.concurrent.ThreadPoolExecutor.getTask(ThreadPoolExecutor.java:1074)
        at java.util.concurrent.ThreadPoolExecutor.runWorker(ThreadPoolExecutor.java:1134)
        at java.util.concurrent.ThreadPoolExecutor$Worker.run(ThreadPoolExecutor.java:624)
        at java.lang.Thread.run(Thread.java:748)
"qtp2077150966-2088" daemon prio=5 tid=2088 timed_waiting
java.lang.Thread.State: TIMED_WAITING
        at sun.misc.Unsafe.park(Native Method)
        at java.util.concurrent.locks.LockSupport.parkNanos(LockSupport.java:215)
        at java.util.concurrent.locks.AbstractQueuedSynchronizer$ConditionObject.awaitNanos(AbstractQueuedSynchronizer.java:2078)
        at org.eclipse.jetty.util.BlockingArrayQueue.poll(BlockingArrayQueue.java:392)
        at org.eclipse.jetty.util.thread.QueuedThreadPool.idleJobPoll(QueuedThreadPool.java:563)
        at org.eclipse.jetty.util.thread.QueuedThreadPool.access$800(QueuedThreadPool.java:48)
        at org.eclipse.jetty.util.thread.QueuedThreadPool$2.run(QueuedThreadPool.java:626)
        at java.lang.Thread.run(Thread.java:748)
"pool-208-thread-46"  prio=5 tid=2657 in Object.wait()
java.lang.Thread.State: WAITING (on object monitor)
        at sun.misc.Unsafe.park(Native Method)
        at java.util.concurrent.locks.LockSupport.park(LockSupport.java:175)
        at java.util.concurrent.locks.AbstractQueuedSynchronizer$ConditionObject.await(AbstractQueuedSynchronizer.java:2039)
        at java.util.concurrent.ArrayBlockingQueue.take(ArrayBlockingQueue.java:403)
        at java.util.concurrent.ThreadPoolExecutor.getTask(ThreadPoolExecutor.java:1074)
        at java.util.concurrent.ThreadPoolExecutor.runWorker(ThreadPoolExecutor.java:1134)
        at java.util.concurrent.ThreadPoolExecutor$Worker.run(ThreadPoolExecutor.java:624)
        at java.lang.Thread.run(Thread.java:748)
"pool-228-thread-38"  prio=5 tid=2773 in Object.wait()
java.lang.Thread.State: WAITING (on object monitor)
        at sun.misc.Unsafe.park(Native Method)
        at java.util.concurrent.locks.LockSupport.park(LockSupport.java:175)
        at java.util.concurrent.locks.AbstractQueuedSynchronizer$ConditionObject.await(AbstractQueuedSynchronizer.java:2039)
        at java.util.concurrent.ArrayBlockingQueue.take(ArrayBlockingQueue.java:403)
        at java.util.concurrent.ThreadPoolExecutor.getTask(ThreadPoolExecutor.java:1074)
        at java.util.concurrent.ThreadPoolExecutor.runWorker(ThreadPoolExecutor.java:1134)
        at java.util.concurrent.ThreadPoolExecutor$Worker.run(ThreadPoolExecutor.java:624)
        at java.lang.Thread.run(Thread.java:748)
"qtp1365611185-2168" daemon prio=5 tid=2168 timed_waiting
java.lang.Thread.State: TIMED_WAITING
        at sun.misc.Unsafe.park(Native Method)
        at java.util.concurrent.locks.LockSupport.parkNanos(LockSupport.java:215)
        at java.util.concurrent.locks.AbstractQueuedSynchronizer$ConditionObject.awaitNanos(AbstractQueuedSynchronizer.java:2078)
        at org.eclipse.jetty.util.BlockingArrayQueue.poll(BlockingArrayQueue.java:392)
        at org.eclipse.jetty.util.thread.QueuedThreadPool.idleJobPoll(QueuedThreadPool.java:563)
        at org.eclipse.jetty.util.thread.QueuedThreadPool.access$800(QueuedThreadPool.java:48)
        at org.eclipse.jetty.util.thread.QueuedThreadPool$2.run(QueuedThreadPool.java:626)
        at java.lang.Thread.run(Thread.java:748)
"pool-168-thread-60"  prio=5 tid=2423 in Object.wait()
java.lang.Thread.State: WAITING (on object monitor)
        at sun.misc.Unsafe.park(Native Method)
        at java.util.concurrent.locks.LockSupport.park(LockSupport.java:175)
        at java.util.concurrent.locks.AbstractQueuedSynchronizer$ConditionObject.await(AbstractQueuedSynchronizer.java:2039)
        at java.util.concurrent.ArrayBlockingQueue.take(ArrayBlockingQueue.java:403)
        at java.util.concurrent.ThreadPoolExecutor.getTask(ThreadPoolExecutor.java:1074)
        at java.util.concurrent.ThreadPoolExecutor.runWorker(ThreadPoolExecutor.java:1134)
        at java.util.concurrent.ThreadPoolExecutor$Worker.run(ThreadPoolExecutor.java:624)
        at java.lang.Thread.run(Thread.java:748)
"pool-148-thread-11"  prio=5 tid=2249 in Object.wait()
java.lang.Thread.State: WAITING (on object monitor)
        at sun.misc.Unsafe.park(Native Method)
        at java.util.concurrent.locks.LockSupport.park(LockSupport.java:175)
        at java.util.concurrent.locks.AbstractQueuedSynchronizer$ConditionObject.await(AbstractQueuedSynchronizer.java:2039)
        at java.util.concurrent.ArrayBlockingQueue.take(ArrayBlockingQueue.java:403)
        at java.util.concurrent.ThreadPoolExecutor.getTask(ThreadPoolExecutor.java:1074)
        at java.util.concurrent.ThreadPoolExecutor.runWorker(ThreadPoolExecutor.java:1134)
        at java.util.concurrent.ThreadPoolExecutor$Worker.run(ThreadPoolExecutor.java:624)
        at java.lang.Thread.run(Thread.java:748)
"pool-198-thread-34"  prio=5 tid=2583 in Object.wait()
java.lang.Thread.State: WAITING (on object monitor)
        at sun.misc.Unsafe.park(Native Method)
        at java.util.concurrent.locks.LockSupport.park(LockSupport.java:175)
        at java.util.concurrent.locks.AbstractQueuedSynchronizer$ConditionObject.await(AbstractQueuedSynchronizer.java:2039)
        at java.util.concurrent.ArrayBlockingQueue.take(ArrayBlockingQueue.java:403)
        at java.util.concurrent.ThreadPoolExecutor.getTask(ThreadPoolExecutor.java:1074)
        at java.util.concurrent.ThreadPoolExecutor.runWorker(ThreadPoolExecutor.java:1134)
        at java.util.concurrent.ThreadPoolExecutor$Worker.run(ThreadPoolExecutor.java:624)
        at java.lang.Thread.run(Thread.java:748)
"pool-228-thread-59"  prio=5 tid=2794 in Object.wait()
java.lang.Thread.State: WAITING (on object monitor)
        at sun.misc.Unsafe.park(Native Method)
        at java.util.concurrent.locks.LockSupport.park(LockSupport.java:175)
        at java.util.concurrent.locks.AbstractQueuedSynchronizer$ConditionObject.await(AbstractQueuedSynchronizer.java:2039)
        at java.util.concurrent.ArrayBlockingQueue.take(ArrayBlockingQueue.java:403)
        at java.util.concurrent.ThreadPoolExecutor.getTask(ThreadPoolExecutor.java:1074)
        at java.util.concurrent.ThreadPoolExecutor.runWorker(ThreadPoolExecutor.java:1134)
        at java.util.concurrent.ThreadPoolExecutor$Worker.run(ThreadPoolExecutor.java:624)
        at java.lang.Thread.run(Thread.java:748)
"pool-218-thread-30"  prio=5 tid=2703 in Object.wait()
java.lang.Thread.State: WAITING (on object monitor)
        at sun.misc.Unsafe.park(Native Method)
        at java.util.concurrent.locks.LockSupport.park(LockSupport.java:175)
        at java.util.concurrent.locks.AbstractQueuedSynchronizer$ConditionObject.await(AbstractQueuedSynchronizer.java:2039)
        at java.util.concurrent.ArrayBlockingQueue.take(ArrayBlockingQueue.java:403)
        at java.util.concurrent.ThreadPoolExecutor.getTask(ThreadPoolExecutor.java:1074)
        at java.util.concurrent.ThreadPoolExecutor.runWorker(ThreadPoolExecutor.java:1134)
        at java.util.concurrent.ThreadPoolExecutor$Worker.run(ThreadPoolExecutor.java:624)
        at java.lang.Thread.run(Thread.java:748)
"59f802cb-c907-44a0-9069-e10bb38eff5d@group-A7405D5AD40E-StateMachineUpdater" daemon prio=5 tid=3130 in Object.wait()
java.lang.Thread.State: WAITING (on object monitor)
        at java.lang.Object.wait(Native Method)
        at java.lang.Object.wait(Object.java:502)
        at org.apache.ratis.server.impl.StateMachineUpdater.waitForCommit(StateMachineUpdater.java:194)
        at org.apache.ratis.server.impl.StateMachineUpdater.run(StateMachineUpdater.java:159)
        at java.lang.Thread.run(Thread.java:748)
"qtp1090160486-1918" daemon prio=5 tid=1918 timed_waiting
java.lang.Thread.State: TIMED_WAITING
        at sun.misc.Unsafe.park(Native Method)
        at java.util.concurrent.locks.LockSupport.parkNanos(LockSupport.java:215)
        at java.util.concurrent.locks.AbstractQueuedSynchronizer$ConditionObject.awaitNanos(AbstractQueuedSynchronizer.java:2078)
        at org.eclipse.jetty.util.BlockingArrayQueue.poll(BlockingArrayQueue.java:392)
        at org.eclipse.jetty.util.thread.QueuedThreadPool.idleJobPoll(QueuedThreadPool.java:563)
        at org.eclipse.jetty.util.thread.QueuedThreadPool.access$800(QueuedThreadPool.java:48)
        at org.eclipse.jetty.util.thread.QueuedThreadPool$2.run(QueuedThreadPool.java:626)
        at java.lang.Thread.run(Thread.java:748)
"IPC Server handler 12 on 35974" daemon prio=5 tid=1864 timed_waiting
java.lang.Thread.State: TIMED_WAITING
        at sun.misc.Unsafe.park(Native Method)
        at java.util.concurrent.locks.LockSupport.parkNanos(LockSupport.java:215)
        at java.util.concurrent.locks.AbstractQueuedSynchronizer$ConditionObject.awaitNanos(AbstractQueuedSynchronizer.java:2078)
        at java.util.concurrent.LinkedBlockingQueue.poll(LinkedBlockingQueue.java:467)
        at org.apache.hadoop.ipc.CallQueueManager.take(CallQueueManager.java:288)
        at org.apache.hadoop.ipc.Server$Handler.run(Server.java:2668)
"IPC Server handler 15 on 45554" daemon prio=5 tid=1950 timed_waiting
java.lang.Thread.State: TIMED_WAITING
        at sun.misc.Unsafe.park(Native Method)
        at java.util.concurrent.locks.LockSupport.parkNanos(LockSupport.java:215)
        at java.util.concurrent.locks.AbstractQueuedSynchronizer$ConditionObject.awaitNanos(AbstractQueuedSynchronizer.java:2078)
        at java.util.concurrent.LinkedBlockingQueue.poll(LinkedBlockingQueue.java:467)
        at org.apache.hadoop.ipc.CallQueueManager.take(CallQueueManager.java:288)
        at org.apache.hadoop.ipc.Server$Handler.run(Server.java:2668)
"pool-148-thread-57"  prio=5 tid=2295 in Object.wait()
java.lang.Thread.State: WAITING (on object monitor)
        at sun.misc.Unsafe.park(Native Method)
        at java.util.concurrent.locks.LockSupport.park(LockSupport.java:175)
        at java.util.concurrent.locks.AbstractQueuedSynchronizer$ConditionObject.await(AbstractQueuedSynchronizer.java:2039)
        at java.util.concurrent.ArrayBlockingQueue.take(ArrayBlockingQueue.java:403)
        at java.util.concurrent.ThreadPoolExecutor.getTask(ThreadPoolExecutor.java:1074)
        at java.util.concurrent.ThreadPoolExecutor.runWorker(ThreadPoolExecutor.java:1134)
        at java.util.concurrent.ThreadPoolExecutor$Worker.run(ThreadPoolExecutor.java:624)
        at java.lang.Thread.run(Thread.java:748)
"pool-158-thread-36"  prio=5 tid=2337 in Object.wait()
java.lang.Thread.State: WAITING (on object monitor)
        at sun.misc.Unsafe.park(Native Method)
        at java.util.concurrent.locks.LockSupport.park(LockSupport.java:175)
        at java.util.concurrent.locks.AbstractQueuedSynchronizer$ConditionObject.await(AbstractQueuedSynchronizer.java:2039)
        at java.util.concurrent.ArrayBlockingQueue.take(ArrayBlockingQueue.java:403)
        at java.util.concurrent.ThreadPoolExecutor.getTask(ThreadPoolExecutor.java:1074)
        at java.util.concurrent.ThreadPoolExecutor.runWorker(ThreadPoolExecutor.java:1134)
        at java.util.concurrent.ThreadPoolExecutor$Worker.run(ThreadPoolExecutor.java:624)
        at java.lang.Thread.run(Thread.java:748)
"dadbf9b0-b155-425e-bdd4-f6aced2428ca@group-08FF9A873941-StateMachineUpdater" daemon prio=5 tid=3118 in Object.wait()
java.lang.Thread.State: WAITING (on object monitor)
        at java.lang.Object.wait(Native Method)
        at java.lang.Object.wait(Object.java:502)
        at org.apache.ratis.server.impl.StateMachineUpdater.waitForCommit(StateMachineUpdater.java:194)
        at org.apache.ratis.server.impl.StateMachineUpdater.run(StateMachineUpdater.java:159)
        at java.lang.Thread.run(Thread.java:748)
"pool-158-thread-29"  prio=5 tid=2330 in Object.wait()
java.lang.Thread.State: WAITING (on object monitor)
        at sun.misc.Unsafe.park(Native Method)
        at java.util.concurrent.locks.LockSupport.park(LockSupport.java:175)
        at java.util.concurrent.locks.AbstractQueuedSynchronizer$ConditionObject.await(AbstractQueuedSynchronizer.java:2039)
        at java.util.concurrent.ArrayBlockingQueue.take(ArrayBlockingQueue.java:403)
        at java.util.concurrent.ThreadPoolExecutor.getTask(ThreadPoolExecutor.java:1074)
        at java.util.concurrent.ThreadPoolExecutor.runWorker(ThreadPoolExecutor.java:1134)
        at java.util.concurrent.ThreadPoolExecutor$Worker.run(ThreadPoolExecutor.java:624)
        at java.lang.Thread.run(Thread.java:748)
"BlockDeletingService#0" daemon prio=5 tid=2796 timed_waiting
java.lang.Thread.State: TIMED_WAITING
        at sun.misc.Unsafe.park(Native Method)
        at java.util.concurrent.locks.LockSupport.parkNanos(LockSupport.java:215)
        at java.util.concurrent.locks.AbstractQueuedSynchronizer$ConditionObject.awaitNanos(AbstractQueuedSynchronizer.java:2078)
        at java.util.concurrent.ScheduledThreadPoolExecutor$DelayedWorkQueue.take(ScheduledThreadPoolExecutor.java:1093)
        at java.util.concurrent.ScheduledThreadPoolExecutor$DelayedWorkQueue.take(ScheduledThreadPoolExecutor.java:809)
        at java.util.concurrent.ThreadPoolExecutor.getTask(ThreadPoolExecutor.java:1074)
        at java.util.concurrent.ThreadPoolExecutor.runWorker(ThreadPoolExecutor.java:1134)
        at java.util.concurrent.ThreadPoolExecutor$Worker.run(ThreadPoolExecutor.java:624)
        at java.lang.Thread.run(Thread.java:748)
"pool-228-thread-19"  prio=5 tid=2754 in Object.wait()
java.lang.Thread.State: WAITING (on object monitor)
        at sun.misc.Unsafe.park(Native Method)
        at java.util.concurrent.locks.LockSupport.park(LockSupport.java:175)
        at java.util.concurrent.locks.AbstractQueuedSynchronizer$ConditionObject.await(AbstractQueuedSynchronizer.java:2039)
        at java.util.concurrent.ArrayBlockingQueue.take(ArrayBlockingQueue.java:403)
        at java.util.concurrent.ThreadPoolExecutor.getTask(ThreadPoolExecutor.java:1074)
        at java.util.concurrent.ThreadPoolExecutor.runWorker(ThreadPoolExecutor.java:1134)
        at java.util.concurrent.ThreadPoolExecutor$Worker.run(ThreadPoolExecutor.java:624)
        at java.lang.Thread.run(Thread.java:748)
"dd0e1198-6ba1-4c32-9ce2-054c25212f92@group-031444766508-SegmentedRaftLogWorker"  prio=5 tid=3093 timed_waiting
java.lang.Thread.State: TIMED_WAITING
        at sun.misc.Unsafe.park(Native Method)
        at java.util.concurrent.locks.LockSupport.parkNanos(LockSupport.java:215)
        at java.util.concurrent.locks.AbstractQueuedSynchronizer$ConditionObject.awaitNanos(AbstractQueuedSynchronizer.java:2078)
        at org.apache.ratis.util.DataBlockingQueue.poll(DataBlockingQueue.java:137)
        at org.apache.ratis.server.raftlog.segmented.SegmentedRaftLogWorker.run(SegmentedRaftLogWorker.java:282)
        at java.lang.Thread.run(Thread.java:748)
"pool-218-thread-8"  prio=5 tid=2681 in Object.wait()
java.lang.Thread.State: WAITING (on object monitor)
        at sun.misc.Unsafe.park(Native Method)
        at java.util.concurrent.locks.LockSupport.park(LockSupport.java:175)
        at java.util.concurrent.locks.AbstractQueuedSynchronizer$ConditionObject.await(AbstractQueuedSynchronizer.java:2039)
        at java.util.concurrent.ArrayBlockingQueue.take(ArrayBlockingQueue.java:403)
        at java.util.concurrent.ThreadPoolExecutor.getTask(ThreadPoolExecutor.java:1074)
        at java.util.concurrent.ThreadPoolExecutor.runWorker(ThreadPoolExecutor.java:1134)
        at java.util.concurrent.ThreadPoolExecutor$Worker.run(ThreadPoolExecutor.java:624)
        at java.lang.Thread.run(Thread.java:748)
"pool-208-thread-43"  prio=5 tid=2654 in Object.wait()
java.lang.Thread.State: WAITING (on object monitor)
        at sun.misc.Unsafe.park(Native Method)
        at java.util.concurrent.locks.LockSupport.park(LockSupport.java:175)
        at java.util.concurrent.locks.AbstractQueuedSynchronizer$ConditionObject.await(AbstractQueuedSynchronizer.java:2039)
        at java.util.concurrent.ArrayBlockingQueue.take(ArrayBlockingQueue.java:403)
        at java.util.concurrent.ThreadPoolExecutor.getTask(ThreadPoolExecutor.java:1074)
        at java.util.concurrent.ThreadPoolExecutor.runWorker(ThreadPoolExecutor.java:1134)
        at java.util.concurrent.ThreadPoolExecutor$Worker.run(ThreadPoolExecutor.java:624)
        at java.lang.Thread.run(Thread.java:748)
"DataNode DiskChecker thread 0" daemon prio=5 tid=2107 timed_waiting
java.lang.Thread.State: TIMED_WAITING
        at sun.misc.Unsafe.park(Native Method)
        at java.util.concurrent.locks.LockSupport.parkNanos(LockSupport.java:215)
        at java.util.concurrent.SynchronousQueue$TransferStack.awaitFulfill(SynchronousQueue.java:460)
        at java.util.concurrent.SynchronousQueue$TransferStack.transfer(SynchronousQueue.java:362)
        at java.util.concurrent.SynchronousQueue.poll(SynchronousQueue.java:941)
        at java.util.concurrent.ThreadPoolExecutor.getTask(ThreadPoolExecutor.java:1073)
        at java.util.concurrent.ThreadPoolExecutor.runWorker(ThreadPoolExecutor.java:1134)
        at java.util.concurrent.ThreadPoolExecutor$Worker.run(ThreadPoolExecutor.java:624)
        at java.lang.Thread.run(Thread.java:748)
"Datanode ReportManager Thread - 0" daemon prio=5 tid=414 in Object.wait()
java.lang.Thread.State: WAITING (on object monitor)
        at sun.misc.Unsafe.park(Native Method)
        at java.util.concurrent.locks.LockSupport.park(LockSupport.java:175)
        at java.util.concurrent.locks.AbstractQueuedSynchronizer$ConditionObject.await(AbstractQueuedSynchronizer.java:2039)
        at java.util.concurrent.ScheduledThreadPoolExecutor$DelayedWorkQueue.take(ScheduledThreadPoolExecutor.java:1088)
        at java.util.concurrent.ScheduledThreadPoolExecutor$DelayedWorkQueue.take(ScheduledThreadPoolExecutor.java:809)
        at java.util.concurrent.ThreadPoolExecutor.getTask(ThreadPoolExecutor.java:1074)
        at java.util.concurrent.ThreadPoolExecutor.runWorker(ThreadPoolExecutor.java:1134)
        at java.util.concurrent.ThreadPoolExecutor$Worker.run(ThreadPoolExecutor.java:624)
        at java.lang.Thread.run(Thread.java:748)
"pool-238-thread-36"  prio=5 tid=2833 in Object.wait()
java.lang.Thread.State: WAITING (on object monitor)
        at sun.misc.Unsafe.park(Native Method)
        at java.util.concurrent.locks.LockSupport.park(LockSupport.java:175)
        at java.util.concurrent.locks.AbstractQueuedSynchronizer$ConditionObject.await(AbstractQueuedSynchronizer.java:2039)
        at java.util.concurrent.ArrayBlockingQueue.take(ArrayBlockingQueue.java:403)
        at java.util.concurrent.ThreadPoolExecutor.getTask(ThreadPoolExecutor.java:1074)
        at java.util.concurrent.ThreadPoolExecutor.runWorker(ThreadPoolExecutor.java:1134)
        at java.util.concurrent.ThreadPoolExecutor$Worker.run(ThreadPoolExecutor.java:624)
        at java.lang.Thread.run(Thread.java:748)
"pool-198-thread-57"  prio=5 tid=2606 in Object.wait()
java.lang.Thread.State: WAITING (on object monitor)
        at sun.misc.Unsafe.park(Native Method)
        at java.util.concurrent.locks.LockSupport.park(LockSupport.java:175)
        at java.util.concurrent.locks.AbstractQueuedSynchronizer$ConditionObject.await(AbstractQueuedSynchronizer.java:2039)
        at java.util.concurrent.ArrayBlockingQueue.take(ArrayBlockingQueue.java:403)
        at java.util.concurrent.ThreadPoolExecutor.getTask(ThreadPoolExecutor.java:1074)
        at java.util.concurrent.ThreadPoolExecutor.runWorker(ThreadPoolExecutor.java:1134)
        at java.util.concurrent.ThreadPoolExecutor$Worker.run(ThreadPoolExecutor.java:624)
        at java.lang.Thread.run(Thread.java:748)
"pool-198-thread-53"  prio=5 tid=2602 in Object.wait()
java.lang.Thread.State: WAITING (on object monitor)
        at sun.misc.Unsafe.park(Native Method)
        at java.util.concurrent.locks.LockSupport.park(LockSupport.java:175)
        at java.util.concurrent.locks.AbstractQueuedSynchronizer$ConditionObject.await(AbstractQueuedSynchronizer.java:2039)
        at java.util.concurrent.ArrayBlockingQueue.take(ArrayBlockingQueue.java:403)
        at java.util.concurrent.ThreadPoolExecutor.getTask(ThreadPoolExecutor.java:1074)
        at java.util.concurrent.ThreadPoolExecutor.runWorker(ThreadPoolExecutor.java:1134)
        at java.util.concurrent.ThreadPoolExecutor$Worker.run(ThreadPoolExecutor.java:624)
        at java.lang.Thread.run(Thread.java:748)
"pool-148-thread-45"  prio=5 tid=2283 in Object.wait()
java.lang.Thread.State: WAITING (on object monitor)
        at sun.misc.Unsafe.park(Native Method)
        at java.util.concurrent.locks.LockSupport.park(LockSupport.java:175)
        at java.util.concurrent.locks.AbstractQueuedSynchronizer$ConditionObject.await(AbstractQueuedSynchronizer.java:2039)
        at java.util.concurrent.ArrayBlockingQueue.take(ArrayBlockingQueue.java:403)
        at java.util.concurrent.ThreadPoolExecutor.getTask(ThreadPoolExecutor.java:1074)
        at java.util.concurrent.ThreadPoolExecutor.runWorker(ThreadPoolExecutor.java:1134)
        at java.util.concurrent.ThreadPoolExecutor$Worker.run(ThreadPoolExecutor.java:624)
        at java.lang.Thread.run(Thread.java:748)
"pool-148-thread-6"  prio=5 tid=2244 in Object.wait()
java.lang.Thread.State: WAITING (on object monitor)
        at sun.misc.Unsafe.park(Native Method)
        at java.util.concurrent.locks.LockSupport.park(LockSupport.java:175)
        at java.util.concurrent.locks.AbstractQueuedSynchronizer$ConditionObject.await(AbstractQueuedSynchronizer.java:2039)
        at java.util.concurrent.ArrayBlockingQueue.take(ArrayBlockingQueue.java:403)
        at java.util.concurrent.ThreadPoolExecutor.getTask(ThreadPoolExecutor.java:1074)
        at java.util.concurrent.ThreadPoolExecutor.runWorker(ThreadPoolExecutor.java:1134)
        at java.util.concurrent.ThreadPoolExecutor$Worker.run(ThreadPoolExecutor.java:624)
        at java.lang.Thread.run(Thread.java:748)
"pool-208-thread-24"  prio=5 tid=2635 in Object.wait()
java.lang.Thread.State: WAITING (on object monitor)
        at sun.misc.Unsafe.park(Native Method)
        at java.util.concurrent.locks.LockSupport.park(LockSupport.java:175)
        at java.util.concurrent.locks.AbstractQueuedSynchronizer$ConditionObject.await(AbstractQueuedSynchronizer.java:2039)
        at java.util.concurrent.ArrayBlockingQueue.take(ArrayBlockingQueue.java:403)
        at java.util.concurrent.ThreadPoolExecutor.getTask(ThreadPoolExecutor.java:1074)
        at java.util.concurrent.ThreadPoolExecutor.runWorker(ThreadPoolExecutor.java:1134)
        at java.util.concurrent.ThreadPoolExecutor$Worker.run(ThreadPoolExecutor.java:624)
        at java.lang.Thread.run(Thread.java:748)
"pool-198-thread-14"  prio=5 tid=2563 in Object.wait()
java.lang.Thread.State: WAITING (on object monitor)
        at sun.misc.Unsafe.park(Native Method)
        at java.util.concurrent.locks.LockSupport.park(LockSupport.java:175)
        at java.util.concurrent.locks.AbstractQueuedSynchronizer$ConditionObject.await(AbstractQueuedSynchronizer.java:2039)
        at java.util.concurrent.ArrayBlockingQueue.take(ArrayBlockingQueue.java:403)
        at java.util.concurrent.ThreadPoolExecutor.getTask(ThreadPoolExecutor.java:1074)
        at java.util.concurrent.ThreadPoolExecutor.runWorker(ThreadPoolExecutor.java:1134)
        at java.util.concurrent.ThreadPoolExecutor$Worker.run(ThreadPoolExecutor.java:624)
        at java.lang.Thread.run(Thread.java:748)
"KeyDeletingService#0" daemon prio=5 tid=1933 timed_waiting
java.lang.Thread.State: TIMED_WAITING
        at sun.misc.Unsafe.park(Native Method)
        at java.util.concurrent.locks.LockSupport.parkNanos(LockSupport.java:215)
        at java.util.concurrent.locks.AbstractQueuedSynchronizer$ConditionObject.awaitNanos(AbstractQueuedSynchronizer.java:2078)
        at java.util.concurrent.ScheduledThreadPoolExecutor$DelayedWorkQueue.take(ScheduledThreadPoolExecutor.java:1093)
        at java.util.concurrent.ScheduledThreadPoolExecutor$DelayedWorkQueue.take(ScheduledThreadPoolExecutor.java:809)
        at java.util.concurrent.ThreadPoolExecutor.getTask(ThreadPoolExecutor.java:1074)
        at java.util.concurrent.ThreadPoolExecutor.runWorker(ThreadPoolExecutor.java:1134)
        at java.util.concurrent.ThreadPoolExecutor$Worker.run(ThreadPoolExecutor.java:624)
        at java.lang.Thread.run(Thread.java:748)
"09f4ece9-71c1-4a5b-9b91-b2a8aadac043@group-4CFD150B493F-StateMachineUpdater" daemon prio=5 tid=3074 in Object.wait()
java.lang.Thread.State: WAITING (on object monitor)
        at java.lang.Object.wait(Native Method)
        at java.lang.Object.wait(Object.java:502)
        at org.apache.ratis.server.impl.StateMachineUpdater.waitForCommit(StateMachineUpdater.java:194)
        at org.apache.ratis.server.impl.StateMachineUpdater.run(StateMachineUpdater.java:159)
        at java.lang.Thread.run(Thread.java:748)
"pool-178-thread-50"  prio=5 tid=2475 in Object.wait()
java.lang.Thread.State: WAITING (on object monitor)
        at sun.misc.Unsafe.park(Native Method)
        at java.util.concurrent.locks.LockSupport.park(LockSupport.java:175)
        at java.util.concurrent.locks.AbstractQueuedSynchronizer$ConditionObject.await(AbstractQueuedSynchronizer.java:2039)
        at java.util.concurrent.ArrayBlockingQueue.take(ArrayBlockingQueue.java:403)
        at java.util.concurrent.ThreadPoolExecutor.getTask(ThreadPoolExecutor.java:1074)
        at java.util.concurrent.ThreadPoolExecutor.runWorker(ThreadPoolExecutor.java:1134)
        at java.util.concurrent.ThreadPoolExecutor$Worker.run(ThreadPoolExecutor.java:624)
        at java.lang.Thread.run(Thread.java:748)
"org.eclipse.jetty.server.session.HashSessionManager@580fd26bTimer" daemon prio=5 tid=2148 timed_waiting
java.lang.Thread.State: TIMED_WAITING
        at sun.misc.Unsafe.park(Native Method)
        at java.util.concurrent.locks.LockSupport.parkNanos(LockSupport.java:215)
        at java.util.concurrent.locks.AbstractQueuedSynchronizer$ConditionObject.awaitNanos(AbstractQueuedSynchronizer.java:2078)
        at java.util.concurrent.ScheduledThreadPoolExecutor$DelayedWorkQueue.take(ScheduledThreadPoolExecutor.java:1093)
        at java.util.concurrent.ScheduledThreadPoolExecutor$DelayedWorkQueue.take(ScheduledThreadPoolExecutor.java:809)
        at java.util.concurrent.ThreadPoolExecutor.getTask(ThreadPoolExecutor.java:1074)
        at java.util.concurrent.ThreadPoolExecutor.runWorker(ThreadPoolExecutor.java:1134)
        at java.util.concurrent.ThreadPoolExecutor$Worker.run(ThreadPoolExecutor.java:624)
        at java.lang.Thread.run(Thread.java:748)
"org.eclipse.jetty.server.session.HashSessionManager@3b332962Timer" daemon prio=5 tid=2121 timed_waiting
java.lang.Thread.State: TIMED_WAITING
        at sun.misc.Unsafe.park(Native Method)
        at java.util.concurrent.locks.LockSupport.parkNanos(LockSupport.java:215)
        at java.util.concurrent.locks.AbstractQueuedSynchronizer$ConditionObject.awaitNanos(AbstractQueuedSynchronizer.java:2078)
        at java.util.concurrent.ScheduledThreadPoolExecutor$DelayedWorkQueue.take(ScheduledThreadPoolExecutor.java:1093)
        at java.util.concurrent.ScheduledThreadPoolExecutor$DelayedWorkQueue.take(ScheduledThreadPoolExecutor.java:809)
        at java.util.concurrent.ThreadPoolExecutor.getTask(ThreadPoolExecutor.java:1074)
        at java.util.concurrent.ThreadPoolExecutor.runWorker(ThreadPoolExecutor.java:1134)
        at java.util.concurrent.ThreadPoolExecutor$Worker.run(ThreadPoolExecutor.java:624)
        at java.lang.Thread.run(Thread.java:748)
"pool-208-thread-13"  prio=5 tid=2624 in Object.wait()
java.lang.Thread.State: WAITING (on object monitor)
        at sun.misc.Unsafe.park(Native Method)
        at java.util.concurrent.locks.LockSupport.park(LockSupport.java:175)
        at java.util.concurrent.locks.AbstractQueuedSynchronizer$ConditionObject.await(AbstractQueuedSynchronizer.java:2039)
        at java.util.concurrent.ArrayBlockingQueue.take(ArrayBlockingQueue.java:403)
        at java.util.concurrent.ThreadPoolExecutor.getTask(ThreadPoolExecutor.java:1074)
        at java.util.concurrent.ThreadPoolExecutor.runWorker(ThreadPoolExecutor.java:1134)
        at java.util.concurrent.ThreadPoolExecutor$Worker.run(ThreadPoolExecutor.java:624)
        at java.lang.Thread.run(Thread.java:748)
"Datanode ReportManager Thread - 1" daemon prio=5 tid=280 timed_waiting
java.lang.Thread.State: TIMED_WAITING
        at sun.misc.Unsafe.park(Native Method)
        at java.util.concurrent.locks.LockSupport.parkNanos(LockSupport.java:215)
        at java.util.concurrent.locks.AbstractQueuedSynchronizer$ConditionObject.awaitNanos(AbstractQueuedSynchronizer.java:2078)
        at java.util.concurrent.ScheduledThreadPoolExecutor$DelayedWorkQueue.take(ScheduledThreadPoolExecutor.java:1093)
        at java.util.concurrent.ScheduledThreadPoolExecutor$DelayedWorkQueue.take(ScheduledThreadPoolExecutor.java:809)
        at java.util.concurrent.ThreadPoolExecutor.getTask(ThreadPoolExecutor.java:1074)
        at java.util.concurrent.ThreadPoolExecutor.runWorker(ThreadPoolExecutor.java:1134)
        at java.util.concurrent.ThreadPoolExecutor$Worker.run(ThreadPoolExecutor.java:624)
        at java.lang.Thread.run(Thread.java:748)
"org.eclipse.jetty.server.session.HashSessionManager@6215366aTimer" daemon prio=5 tid=2040 timed_waiting
java.lang.Thread.State: TIMED_WAITING
        at sun.misc.Unsafe.park(Native Method)
        at java.util.concurrent.locks.LockSupport.parkNanos(LockSupport.java:215)
        at java.util.concurrent.locks.AbstractQueuedSynchronizer$ConditionObject.awaitNanos(AbstractQueuedSynchronizer.java:2078)
        at java.util.concurrent.ScheduledThreadPoolExecutor$DelayedWorkQueue.take(ScheduledThreadPoolExecutor.java:1093)
        at java.util.concurrent.ScheduledThreadPoolExecutor$DelayedWorkQueue.take(ScheduledThreadPoolExecutor.java:809)
        at java.util.concurrent.ThreadPoolExecutor.getTask(ThreadPoolExecutor.java:1074)
        at java.util.concurrent.ThreadPoolExecutor.runWorker(ThreadPoolExecutor.java:1134)
        at java.util.concurrent.ThreadPoolExecutor$Worker.run(ThreadPoolExecutor.java:624)
        at java.lang.Thread.run(Thread.java:748)
"pool-238-thread-4"  prio=5 tid=2801 in Object.wait()
java.lang.Thread.State: WAITING (on object monitor)
        at sun.misc.Unsafe.park(Native Method)
        at java.util.concurrent.locks.LockSupport.park(LockSupport.java:175)
        at java.util.concurrent.locks.AbstractQueuedSynchronizer$ConditionObject.await(AbstractQueuedSynchronizer.java:2039)
        at java.util.concurrent.ArrayBlockingQueue.take(ArrayBlockingQueue.java:403)
        at java.util.concurrent.ThreadPoolExecutor.getTask(ThreadPoolExecutor.java:1074)
        at java.util.concurrent.ThreadPoolExecutor.runWorker(ThreadPoolExecutor.java:1134)
        at java.util.concurrent.ThreadPoolExecutor$Worker.run(ThreadPoolExecutor.java:624)
        at java.lang.Thread.run(Thread.java:748)
"pool-208-thread-29"  prio=5 tid=2640 in Object.wait()
java.lang.Thread.State: WAITING (on object monitor)
        at sun.misc.Unsafe.park(Native Method)
        at java.util.concurrent.locks.LockSupport.park(LockSupport.java:175)
        at java.util.concurrent.locks.AbstractQueuedSynchronizer$ConditionObject.await(AbstractQueuedSynchronizer.java:2039)
        at java.util.concurrent.ArrayBlockingQueue.take(ArrayBlockingQueue.java:403)
        at java.util.concurrent.ThreadPoolExecutor.getTask(ThreadPoolExecutor.java:1074)
        at java.util.concurrent.ThreadPoolExecutor.runWorker(ThreadPoolExecutor.java:1134)
        at java.util.concurrent.ThreadPoolExecutor$Worker.run(ThreadPoolExecutor.java:624)
        at java.lang.Thread.run(Thread.java:748)
"Command processor thread" daemon prio=5 tid=2073 timed_waiting
java.lang.Thread.State: TIMED_WAITING
        at java.lang.Thread.sleep(Native Method)
        at org.apache.hadoop.ozone.container.common.statemachine.DatanodeStateMachine.lambda$initCommandHandlerThread$1(DatanodeStateMachine.java:439)
        at org.apache.hadoop.ozone.container.common.statemachine.DatanodeStateMachine$$Lambda$142/1603672614.run(Unknown Source)
        at java.lang.Thread.run(Thread.java:748)
"IPC Server idle connection scanner for port 42444" daemon prio=5 tid=1839 timed_waiting
java.lang.Thread.State: TIMED_WAITING
        at java.lang.Object.wait(Native Method)
        at java.util.TimerThread.mainLoop(Timer.java:552)
        at java.util.TimerThread.run(Timer.java:505)
"Thread-1504" daemon prio=5 tid=3163 timed_waiting
java.lang.Thread.State: TIMED_WAITING
        at sun.misc.Unsafe.park(Native Method)
        at java.util.concurrent.locks.LockSupport.parkNanos(LockSupport.java:215)
        at java.util.concurrent.locks.AbstractQueuedSynchronizer$ConditionObject.awaitNanos(AbstractQueuedSynchronizer.java:2078)
        at java.util.concurrent.ArrayBlockingQueue.poll(ArrayBlockingQueue.java:418)
        at org.apache.ratis.server.impl.LeaderState$EventQueue.poll(LeaderState.java:115)
        at org.apache.ratis.server.impl.LeaderState$EventProcessor.run(LeaderState.java:467)
"pool-178-thread-5"  prio=5 tid=2430 in Object.wait()
java.lang.Thread.State: WAITING (on object monitor)
        at sun.misc.Unsafe.park(Native Method)
        at java.util.concurrent.locks.LockSupport.park(LockSupport.java:175)
        at java.util.concurrent.locks.AbstractQueuedSynchronizer$ConditionObject.await(AbstractQueuedSynchronizer.java:2039)
        at java.util.concurrent.ArrayBlockingQueue.take(ArrayBlockingQueue.java:403)
        at java.util.concurrent.ThreadPoolExecutor.getTask(ThreadPoolExecutor.java:1074)
        at java.util.concurrent.ThreadPoolExecutor.runWorker(ThreadPoolExecutor.java:1134)
        at java.util.concurrent.ThreadPoolExecutor$Worker.run(ThreadPoolExecutor.java:624)
        at java.lang.Thread.run(Thread.java:748)
"pool-169-thread-1"  prio=5 tid=2880 in Object.wait()
java.lang.Thread.State: WAITING (on object monitor)
        at sun.misc.Unsafe.park(Native Method)
        at java.util.concurrent.locks.LockSupport.park(LockSupport.java:175)
        at java.util.concurrent.locks.AbstractQueuedSynchronizer$ConditionObject.await(AbstractQueuedSynchronizer.java:2039)
        at java.util.concurrent.LinkedBlockingQueue.take(LinkedBlockingQueue.java:442)
        at java.util.concurrent.ThreadPoolExecutor.getTask(ThreadPoolExecutor.java:1074)
        at java.util.concurrent.ThreadPoolExecutor.runWorker(ThreadPoolExecutor.java:1134)
        at java.util.concurrent.ThreadPoolExecutor$Worker.run(ThreadPoolExecutor.java:624)
        at java.lang.Thread.run(Thread.java:748)
"IPC Server handler 8 on 43737" daemon prio=5 tid=1880 timed_waiting
java.lang.Thread.State: TIMED_WAITING
        at sun.misc.Unsafe.park(Native Method)
        at java.util.concurrent.locks.LockSupport.parkNanos(LockSupport.java:215)
        at java.util.concurrent.locks.AbstractQueuedSynchronizer$ConditionObject.awaitNanos(AbstractQueuedSynchronizer.java:2078)
        at java.util.concurrent.LinkedBlockingQueue.poll(LinkedBlockingQueue.java:467)
        at org.apache.hadoop.ipc.CallQueueManager.take(CallQueueManager.java:288)
        at org.apache.hadoop.ipc.Server$Handler.run(Server.java:2668)
"refreshUsed-/workdir/hadoop-ozone/integration-test/target/test-dir/MiniOzoneClusterImpl-6b3e2517-75a7-4dd9-8054-0b12e404e591/datanode-4/data/containers" daemon prio=5 tid=2079 timed_waiting
java.lang.Thread.State: TIMED_WAITING
        at java.lang.Thread.sleep(Native Method)
        at org.apache.hadoop.fs.CachingGetSpaceUsed$RefreshThread.run(CachingGetSpaceUsed.java:179)
        at java.lang.Thread.run(Thread.java:748)
"Datanode ReportManager Thread - 2" daemon prio=5 tid=335 in Object.wait()
java.lang.Thread.State: WAITING (on object monitor)
        at sun.misc.Unsafe.park(Native Method)
        at java.util.concurrent.locks.LockSupport.park(LockSupport.java:175)
        at java.util.concurrent.locks.AbstractQueuedSynchronizer$ConditionObject.await(AbstractQueuedSynchronizer.java:2039)
        at java.util.concurrent.ScheduledThreadPoolExecutor$DelayedWorkQueue.take(ScheduledThreadPoolExecutor.java:1088)
        at java.util.concurrent.ScheduledThreadPoolExecutor$DelayedWorkQueue.take(ScheduledThreadPoolExecutor.java:809)
        at java.util.concurrent.ThreadPoolExecutor.getTask(ThreadPoolExecutor.java:1074)
        at java.util.concurrent.ThreadPoolExecutor.runWorker(ThreadPoolExecutor.java:1134)
        at java.util.concurrent.ThreadPoolExecutor$Worker.run(ThreadPoolExecutor.java:624)
        at java.lang.Thread.run(Thread.java:748)
"pool-188-thread-5"  prio=5 tid=2492 in Object.wait()
java.lang.Thread.State: WAITING (on object monitor)
        at sun.misc.Unsafe.park(Native Method)
        at java.util.concurrent.locks.LockSupport.park(LockSupport.java:175)
        at java.util.concurrent.locks.AbstractQueuedSynchronizer$ConditionObject.await(AbstractQueuedSynchronizer.java:2039)
        at java.util.concurrent.ArrayBlockingQueue.take(ArrayBlockingQueue.java:403)
        at java.util.concurrent.ThreadPoolExecutor.getTask(ThreadPoolExecutor.java:1074)
        at java.util.concurrent.ThreadPoolExecutor.runWorker(ThreadPoolExecutor.java:1134)
        at java.util.concurrent.ThreadPoolExecutor$Worker.run(ThreadPoolExecutor.java:624)
        at java.lang.Thread.run(Thread.java:748)
"Thread-1529" daemon prio=5 tid=3188 timed_waiting
java.lang.Thread.State: TIMED_WAITING
        at java.lang.Thread.sleep(Native Method)
        at org.apache.ratis.util.JavaUtils.sleep(JavaUtils.java:243)
        at org.apache.ratis.server.impl.FollowerState.run(FollowerState.java:100)
"PartialTableCache Cleanup Thread - 0" daemon prio=5 tid=1359 in Object.wait()
java.lang.Thread.State: WAITING (on object monitor)
        at sun.misc.Unsafe.park(Native Method)
        at java.util.concurrent.locks.LockSupport.park(LockSupport.java:175)
        at java.util.concurrent.locks.AbstractQueuedSynchronizer$ConditionObject.await(AbstractQueuedSynchronizer.java:2039)
        at java.util.concurrent.LinkedBlockingQueue.take(LinkedBlockingQueue.java:442)
        at java.util.concurrent.ThreadPoolExecutor.getTask(ThreadPoolExecutor.java:1074)
        at java.util.concurrent.ThreadPoolExecutor.runWorker(ThreadPoolExecutor.java:1134)
        at java.util.concurrent.ThreadPoolExecutor$Worker.run(ThreadPoolExecutor.java:624)
        at java.lang.Thread.run(Thread.java:748)
"pool-158-thread-41"  prio=5 tid=2342 in Object.wait()
java.lang.Thread.State: WAITING (on object monitor)
        at sun.misc.Unsafe.park(Native Method)
        at java.util.concurrent.locks.LockSupport.park(LockSupport.java:175)
        at java.util.concurrent.locks.AbstractQueuedSynchronizer$ConditionObject.await(AbstractQueuedSynchronizer.java:2039)
        at java.util.concurrent.ArrayBlockingQueue.take(ArrayBlockingQueue.java:403)
        at java.util.concurrent.ThreadPoolExecutor.getTask(ThreadPoolExecutor.java:1074)
        at java.util.concurrent.ThreadPoolExecutor.runWorker(ThreadPoolExecutor.java:1134)
        at java.util.concurrent.ThreadPoolExecutor$Worker.run(ThreadPoolExecutor.java:624)
        at java.lang.Thread.run(Thread.java:748)
"org.apache.hadoop.util.JvmPauseMonitor$Monitor@736f48f4" daemon prio=5 tid=2155 timed_waiting
java.lang.Thread.State: TIMED_WAITING
        at java.lang.Thread.sleep(Native Method)
        at org.apache.hadoop.util.JvmPauseMonitor$Monitor.run(JvmPauseMonitor.java:192)
        at java.lang.Thread.run(Thread.java:748)
"IPC Server idle connection scanner for port 45554" daemon prio=5 tid=1930 timed_waiting
java.lang.Thread.State: TIMED_WAITING
        at java.lang.Object.wait(Native Method)
        at java.util.TimerThread.mainLoop(Timer.java:552)
        at java.util.TimerThread.run(Timer.java:505)
"pool-228-thread-36"  prio=5 tid=2771 in Object.wait()
java.lang.Thread.State: WAITING (on object monitor)
        at sun.misc.Unsafe.park(Native Method)
        at java.util.concurrent.locks.LockSupport.park(LockSupport.java:175)
        at java.util.concurrent.locks.AbstractQueuedSynchronizer$ConditionObject.await(AbstractQueuedSynchronizer.java:2039)
        at java.util.concurrent.ArrayBlockingQueue.take(ArrayBlockingQueue.java:403)
        at java.util.concurrent.ThreadPoolExecutor.getTask(ThreadPoolExecutor.java:1074)
        at java.util.concurrent.ThreadPoolExecutor.runWorker(ThreadPoolExecutor.java:1134)
        at java.util.concurrent.ThreadPoolExecutor$Worker.run(ThreadPoolExecutor.java:624)
        at java.lang.Thread.run(Thread.java:748)
"pool-208-thread-16"  prio=5 tid=2627 in Object.wait()
java.lang.Thread.State: WAITING (on object monitor)
        at sun.misc.Unsafe.park(Native Method)
        at java.util.concurrent.locks.LockSupport.park(LockSupport.java:175)
        at java.util.concurrent.locks.AbstractQueuedSynchronizer$ConditionObject.await(AbstractQueuedSynchronizer.java:2039)
        at java.util.concurrent.ArrayBlockingQueue.take(ArrayBlockingQueue.java:403)
        at java.util.concurrent.ThreadPoolExecutor.getTask(ThreadPoolExecutor.java:1074)
        at java.util.concurrent.ThreadPoolExecutor.runWorker(ThreadPoolExecutor.java:1134)
        at java.util.concurrent.ThreadPoolExecutor$Worker.run(ThreadPoolExecutor.java:624)
        at java.lang.Thread.run(Thread.java:748)
"pool-158-thread-52"  prio=5 tid=2353 in Object.wait()
java.lang.Thread.State: WAITING (on object monitor)
        at sun.misc.Unsafe.park(Native Method)
        at java.util.concurrent.locks.LockSupport.park(LockSupport.java:175)
        at java.util.concurrent.locks.AbstractQueuedSynchronizer$ConditionObject.await(AbstractQueuedSynchronizer.java:2039)
        at java.util.concurrent.ArrayBlockingQueue.take(ArrayBlockingQueue.java:403)
        at java.util.concurrent.ThreadPoolExecutor.getTask(ThreadPoolExecutor.java:1074)
        at java.util.concurrent.ThreadPoolExecutor.runWorker(ThreadPoolExecutor.java:1134)
        at java.util.concurrent.ThreadPoolExecutor$Worker.run(ThreadPoolExecutor.java:624)
        at java.lang.Thread.run(Thread.java:748)
"pool-188-thread-1"  prio=5 tid=2488 in Object.wait()
java.lang.Thread.State: WAITING (on object monitor)
        at sun.misc.Unsafe.park(Native Method)
        at java.util.concurrent.locks.LockSupport.park(LockSupport.java:175)
        at java.util.concurrent.locks.AbstractQueuedSynchronizer$ConditionObject.await(AbstractQueuedSynchronizer.java:2039)
        at java.util.concurrent.ArrayBlockingQueue.take(ArrayBlockingQueue.java:403)
        at java.util.concurrent.ThreadPoolExecutor.getTask(ThreadPoolExecutor.java:1074)
        at java.util.concurrent.ThreadPoolExecutor.runWorker(ThreadPoolExecutor.java:1134)
        at java.util.concurrent.ThreadPoolExecutor$Worker.run(ThreadPoolExecutor.java:624)
        at java.lang.Thread.run(Thread.java:748)
"IPC Server handler 5 on 45554" daemon prio=5 tid=1940 timed_waiting
java.lang.Thread.State: TIMED_WAITING
        at sun.misc.Unsafe.park(Native Method)
        at java.util.concurrent.locks.LockSupport.parkNanos(LockSupport.java:215)
        at java.util.concurrent.locks.AbstractQueuedSynchronizer$ConditionObject.awaitNanos(AbstractQueuedSynchronizer.java:2078)
        at java.util.concurrent.LinkedBlockingQueue.poll(LinkedBlockingQueue.java:467)
        at org.apache.hadoop.ipc.CallQueueManager.take(CallQueueManager.java:288)
        at org.apache.hadoop.ipc.Server$Handler.run(Server.java:2668)
"2f24271a-73a2-4678-8a2d-efde1b9a7c05@group-09AE756F24A7-SegmentedRaftLogWorker"  prio=5 tid=2932 timed_waiting
java.lang.Thread.State: TIMED_WAITING
        at sun.misc.Unsafe.park(Native Method)
        at java.util.concurrent.locks.LockSupport.parkNanos(LockSupport.java:215)
        at java.util.concurrent.locks.AbstractQueuedSynchronizer$ConditionObject.awaitNanos(AbstractQueuedSynchronizer.java:2078)
        at org.apache.ratis.util.DataBlockingQueue.poll(DataBlockingQueue.java:137)
        at org.apache.ratis.server.raftlog.segmented.SegmentedRaftLogWorker.run(SegmentedRaftLogWorker.java:282)
        at java.lang.Thread.run(Thread.java:748)
"IPC Server handler 1 on 45554" daemon prio=5 tid=1935 timed_waiting
java.lang.Thread.State: TIMED_WAITING
        at sun.misc.Unsafe.park(Native Method)
        at java.util.concurrent.locks.LockSupport.parkNanos(LockSupport.java:215)
        at java.util.concurrent.locks.AbstractQueuedSynchronizer$ConditionObject.awaitNanos(AbstractQueuedSynchronizer.java:2078)
        at java.util.concurrent.LinkedBlockingQueue.poll(LinkedBlockingQueue.java:467)
        at org.apache.hadoop.ipc.CallQueueManager.take(CallQueueManager.java:288)
        at org.apache.hadoop.ipc.Server$Handler.run(Server.java:2668)
"Socket Reader #1 for port 35974"  prio=5 tid=1846 runnable
java.lang.Thread.State: RUNNABLE
        at sun.nio.ch.EPollArrayWrapper.epollWait(Native Method)
        at sun.nio.ch.EPollArrayWrapper.poll(EPollArrayWrapper.java:269)
        at sun.nio.ch.EPollSelectorImpl.doSelect(EPollSelectorImpl.java:93)
        at sun.nio.ch.SelectorImpl.lockAndDoSelect(SelectorImpl.java:86)
        at sun.nio.ch.SelectorImpl.select(SelectorImpl.java:97)
        at sun.nio.ch.SelectorImpl.select(SelectorImpl.java:101)
        at org.apache.hadoop.ipc.Server$Listener$Reader.doRunLoop(Server.java:1097)
        at org.apache.hadoop.ipc.Server$Listener$Reader.run(Server.java:1076)
"pool-208-thread-55"  prio=5 tid=2666 in Object.wait()
java.lang.Thread.State: WAITING (on object monitor)
        at sun.misc.Unsafe.park(Native Method)
        at java.util.concurrent.locks.LockSupport.park(LockSupport.java:175)
        at java.util.concurrent.locks.AbstractQueuedSynchronizer$ConditionObject.await(AbstractQueuedSynchronizer.java:2039)
        at java.util.concurrent.ArrayBlockingQueue.take(ArrayBlockingQueue.java:403)
        at java.util.concurrent.ThreadPoolExecutor.getTask(ThreadPoolExecutor.java:1074)
        at java.util.concurrent.ThreadPoolExecutor.runWorker(ThreadPoolExecutor.java:1134)
        at java.util.concurrent.ThreadPoolExecutor$Worker.run(ThreadPoolExecutor.java:624)
        at java.lang.Thread.run(Thread.java:748)
"pool-188-thread-32"  prio=5 tid=2519 in Object.wait()
java.lang.Thread.State: WAITING (on object monitor)
        at sun.misc.Unsafe.park(Native Method)
        at java.util.concurrent.locks.LockSupport.park(LockSupport.java:175)
        at java.util.concurrent.locks.AbstractQueuedSynchronizer$ConditionObject.await(AbstractQueuedSynchronizer.java:2039)
        at java.util.concurrent.ArrayBlockingQueue.take(ArrayBlockingQueue.java:403)
        at java.util.concurrent.ThreadPoolExecutor.getTask(ThreadPoolExecutor.java:1074)
        at java.util.concurrent.ThreadPoolExecutor.runWorker(ThreadPoolExecutor.java:1134)
        at java.util.concurrent.ThreadPoolExecutor$Worker.run(ThreadPoolExecutor.java:624)
        at java.lang.Thread.run(Thread.java:748)
"pool-168-thread-22"  prio=5 tid=2385 in Object.wait()
java.lang.Thread.State: WAITING (on object monitor)
        at sun.misc.Unsafe.park(Native Method)
        at java.util.concurrent.locks.LockSupport.park(LockSupport.java:175)
        at java.util.concurrent.locks.AbstractQueuedSynchronizer$ConditionObject.await(AbstractQueuedSynchronizer.java:2039)
        at java.util.concurrent.ArrayBlockingQueue.take(ArrayBlockingQueue.java:403)
        at java.util.concurrent.ThreadPoolExecutor.getTask(ThreadPoolExecutor.java:1074)
        at java.util.concurrent.ThreadPoolExecutor.runWorker(ThreadPoolExecutor.java:1134)
        at java.util.concurrent.ThreadPoolExecutor$Worker.run(ThreadPoolExecutor.java:624)
        at java.lang.Thread.run(Thread.java:748)
"Datanode ReportManager Thread - 3" daemon prio=5 tid=2126 in Object.wait()
java.lang.Thread.State: WAITING (on object monitor)
        at sun.misc.Unsafe.park(Native Method)
        at java.util.concurrent.locks.LockSupport.park(LockSupport.java:175)
        at java.util.concurrent.locks.AbstractQueuedSynchronizer$ConditionObject.await(AbstractQueuedSynchronizer.java:2039)
        at java.util.concurrent.ScheduledThreadPoolExecutor$DelayedWorkQueue.take(ScheduledThreadPoolExecutor.java:1088)
        at java.util.concurrent.ScheduledThreadPoolExecutor$DelayedWorkQueue.take(ScheduledThreadPoolExecutor.java:809)
        at java.util.concurrent.ThreadPoolExecutor.getTask(ThreadPoolExecutor.java:1074)
        at java.util.concurrent.ThreadPoolExecutor.runWorker(ThreadPoolExecutor.java:1134)
        at java.util.concurrent.ThreadPoolExecutor$Worker.run(ThreadPoolExecutor.java:624)
        at java.lang.Thread.run(Thread.java:748)
"pool-188-thread-11"  prio=5 tid=2498 in Object.wait()
java.lang.Thread.State: WAITING (on object monitor)
        at sun.misc.Unsafe.park(Native Method)
        at java.util.concurrent.locks.LockSupport.park(LockSupport.java:175)
        at java.util.concurrent.locks.AbstractQueuedSynchronizer$ConditionObject.await(AbstractQueuedSynchronizer.java:2039)
        at java.util.concurrent.ArrayBlockingQueue.take(ArrayBlockingQueue.java:403)
        at java.util.concurrent.ThreadPoolExecutor.getTask(ThreadPoolExecutor.java:1074)
        at java.util.concurrent.ThreadPoolExecutor.runWorker(ThreadPoolExecutor.java:1134)
        at java.util.concurrent.ThreadPoolExecutor$Worker.run(ThreadPoolExecutor.java:624)
        at java.lang.Thread.run(Thread.java:748)
"pool-218-thread-44"  prio=5 tid=2717 in Object.wait()
java.lang.Thread.State: WAITING (on object monitor)
        at sun.misc.Unsafe.park(Native Method)
        at java.util.concurrent.locks.LockSupport.park(LockSupport.java:175)
        at java.util.concurrent.locks.AbstractQueuedSynchronizer$ConditionObject.await(AbstractQueuedSynchronizer.java:2039)
        at java.util.concurrent.ArrayBlockingQueue.take(ArrayBlockingQueue.java:403)
        at java.util.concurrent.ThreadPoolExecutor.getTask(ThreadPoolExecutor.java:1074)
        at java.util.concurrent.ThreadPoolExecutor.runWorker(ThreadPoolExecutor.java:1134)
        at java.util.concurrent.ThreadPoolExecutor$Worker.run(ThreadPoolExecutor.java:624)
        at java.lang.Thread.run(Thread.java:748)
"pool-178-thread-49"  prio=5 tid=2474 in Object.wait()
java.lang.Thread.State: WAITING (on object monitor)
        at sun.misc.Unsafe.park(Native Method)
        at java.util.concurrent.locks.LockSupport.park(LockSupport.java:175)
        at java.util.concurrent.locks.AbstractQueuedSynchronizer$ConditionObject.await(AbstractQueuedSynchronizer.java:2039)
        at java.util.concurrent.ArrayBlockingQueue.take(ArrayBlockingQueue.java:403)
        at java.util.concurrent.ThreadPoolExecutor.getTask(ThreadPoolExecutor.java:1074)
        at java.util.concurrent.ThreadPoolExecutor.runWorker(ThreadPoolExecutor.java:1134)
        at java.util.concurrent.ThreadPoolExecutor$Worker.run(ThreadPoolExecutor.java:624)
        at java.lang.Thread.run(Thread.java:748)
"Datanode ReportManager Thread - 3" daemon prio=5 tid=336 timed_waiting
java.lang.Thread.State: TIMED_WAITING
        at sun.misc.Unsafe.park(Native Method)
        at java.util.concurrent.locks.LockSupport.parkNanos(LockSupport.java:215)
        at java.util.concurrent.locks.AbstractQueuedSynchronizer$ConditionObject.awaitNanos(AbstractQueuedSynchronizer.java:2078)
        at java.util.concurrent.ScheduledThreadPoolExecutor$DelayedWorkQueue.take(ScheduledThreadPoolExecutor.java:1093)
        at java.util.concurrent.ScheduledThreadPoolExecutor$DelayedWorkQueue.take(ScheduledThreadPoolExecutor.java:809)
        at java.util.concurrent.ThreadPoolExecutor.getTask(ThreadPoolExecutor.java:1074)
        at java.util.concurrent.ThreadPoolExecutor.runWorker(ThreadPoolExecutor.java:1134)
        at java.util.concurrent.ThreadPoolExecutor$Worker.run(ThreadPoolExecutor.java:624)
        at java.lang.Thread.run(Thread.java:748)
"qtp229318537-2118" daemon prio=5 tid=2118 timed_waiting
java.lang.Thread.State: TIMED_WAITING
        at sun.misc.Unsafe.park(Native Method)
        at java.util.concurrent.locks.LockSupport.parkNanos(LockSupport.java:215)
        at java.util.concurrent.locks.AbstractQueuedSynchronizer$ConditionObject.awaitNanos(AbstractQueuedSynchronizer.java:2078)
        at org.eclipse.jetty.util.BlockingArrayQueue.poll(BlockingArrayQueue.java:392)
        at org.eclipse.jetty.util.thread.QueuedThreadPool.idleJobPoll(QueuedThreadPool.java:563)
        at org.eclipse.jetty.util.thread.QueuedThreadPool.access$800(QueuedThreadPool.java:48)
        at org.eclipse.jetty.util.thread.QueuedThreadPool$2.run(QueuedThreadPool.java:626)
        at java.lang.Thread.run(Thread.java:748)
"IPC Server handler 17 on 35974" daemon prio=5 tid=1869 timed_waiting
java.lang.Thread.State: TIMED_WAITING
        at sun.misc.Unsafe.park(Native Method)
        at java.util.concurrent.locks.LockSupport.parkNanos(LockSupport.java:215)
        at java.util.concurrent.locks.AbstractQueuedSynchronizer$ConditionObject.awaitNanos(AbstractQueuedSynchronizer.java:2078)
        at java.util.concurrent.LinkedBlockingQueue.poll(LinkedBlockingQueue.java:467)
        at org.apache.hadoop.ipc.CallQueueManager.take(CallQueueManager.java:288)
        at org.apache.hadoop.ipc.Server$Handler.run(Server.java:2668)
"dd0e1198-6ba1-4c32-9ce2-054c25212f92@group-877CB685509D-StateMachineUpdater" daemon prio=5 tid=3140 in Object.wait()
java.lang.Thread.State: WAITING (on object monitor)
        at java.lang.Object.wait(Native Method)
        at java.lang.Object.wait(Object.java:502)
        at org.apache.ratis.server.impl.StateMachineUpdater.waitForCommit(StateMachineUpdater.java:194)
        at org.apache.ratis.server.impl.StateMachineUpdater.run(StateMachineUpdater.java:159)
        at java.lang.Thread.run(Thread.java:748)
"pool-168-thread-48"  prio=5 tid=2411 in Object.wait()
java.lang.Thread.State: WAITING (on object monitor)
        at sun.misc.Unsafe.park(Native Method)
        at java.util.concurrent.locks.LockSupport.park(LockSupport.java:175)
        at java.util.concurrent.locks.AbstractQueuedSynchronizer$ConditionObject.await(AbstractQueuedSynchronizer.java:2039)
        at java.util.concurrent.ArrayBlockingQueue.take(ArrayBlockingQueue.java:403)
        at java.util.concurrent.ThreadPoolExecutor.getTask(ThreadPoolExecutor.java:1074)
        at java.util.concurrent.ThreadPoolExecutor.runWorker(ThreadPoolExecutor.java:1134)
        at java.util.concurrent.ThreadPoolExecutor$Worker.run(ThreadPoolExecutor.java:624)
        at java.lang.Thread.run(Thread.java:748)
"pool-168-thread-17"  prio=5 tid=2380 in Object.wait()
java.lang.Thread.State: WAITING (on object monitor)
        at sun.misc.Unsafe.park(Native Method)
        at java.util.concurrent.locks.LockSupport.park(LockSupport.java:175)
        at java.util.concurrent.locks.AbstractQueuedSynchronizer$ConditionObject.await(AbstractQueuedSynchronizer.java:2039)
        at java.util.concurrent.ArrayBlockingQueue.take(ArrayBlockingQueue.java:403)
        at java.util.concurrent.ThreadPoolExecutor.getTask(ThreadPoolExecutor.java:1074)
        at java.util.concurrent.ThreadPoolExecutor.runWorker(ThreadPoolExecutor.java:1134)
        at java.util.concurrent.ThreadPoolExecutor$Worker.run(ThreadPoolExecutor.java:624)
        at java.lang.Thread.run(Thread.java:748)
"pool-238-thread-39"  prio=5 tid=2836 in Object.wait()
java.lang.Thread.State: WAITING (on object monitor)
        at sun.misc.Unsafe.park(Native Method)
        at java.util.concurrent.locks.LockSupport.park(LockSupport.java:175)
        at java.util.concurrent.locks.AbstractQueuedSynchronizer$ConditionObject.await(AbstractQueuedSynchronizer.java:2039)
        at java.util.concurrent.ArrayBlockingQueue.take(ArrayBlockingQueue.java:403)
        at java.util.concurrent.ThreadPoolExecutor.getTask(ThreadPoolExecutor.java:1074)
        at java.util.concurrent.ThreadPoolExecutor.runWorker(ThreadPoolExecutor.java:1134)
        at java.util.concurrent.ThreadPoolExecutor$Worker.run(ThreadPoolExecutor.java:624)
        at java.lang.Thread.run(Thread.java:748)
"pool-218-thread-45"  prio=5 tid=2718 in Object.wait()
java.lang.Thread.State: WAITING (on object monitor)
        at sun.misc.Unsafe.park(Native Method)
        at java.util.concurrent.locks.LockSupport.park(LockSupport.java:175)
        at java.util.concurrent.locks.AbstractQueuedSynchronizer$ConditionObject.await(AbstractQueuedSynchronizer.java:2039)
        at java.util.concurrent.ArrayBlockingQueue.take(ArrayBlockingQueue.java:403)
        at java.util.concurrent.ThreadPoolExecutor.getTask(ThreadPoolExecutor.java:1074)
        at java.util.concurrent.ThreadPoolExecutor.runWorker(ThreadPoolExecutor.java:1134)
        at java.util.concurrent.ThreadPoolExecutor$Worker.run(ThreadPoolExecutor.java:624)
        at java.lang.Thread.run(Thread.java:748)
"qtp229318537-2116" daemon prio=5 tid=2116 timed_waiting
java.lang.Thread.State: TIMED_WAITING
        at sun.misc.Unsafe.park(Native Method)
        at java.util.concurrent.locks.LockSupport.parkNanos(LockSupport.java:215)
        at java.util.concurrent.locks.AbstractQueuedSynchronizer$ConditionObject.awaitNanos(AbstractQueuedSynchronizer.java:2078)
        at org.eclipse.jetty.util.BlockingArrayQueue.poll(BlockingArrayQueue.java:392)
        at org.eclipse.jetty.util.thread.QueuedThreadPool.idleJobPoll(QueuedThreadPool.java:563)
        at org.eclipse.jetty.util.thread.QueuedThreadPool.access$800(QueuedThreadPool.java:48)
        at org.eclipse.jetty.util.thread.QueuedThreadPool$2.run(QueuedThreadPool.java:626)
        at java.lang.Thread.run(Thread.java:748)
"pool-168-thread-21"  prio=5 tid=2384 in Object.wait()
java.lang.Thread.State: WAITING (on object monitor)
        at sun.misc.Unsafe.park(Native Method)
        at java.util.concurrent.locks.LockSupport.park(LockSupport.java:175)
        at java.util.concurrent.locks.AbstractQueuedSynchronizer$ConditionObject.await(AbstractQueuedSynchronizer.java:2039)
        at java.util.concurrent.ArrayBlockingQueue.take(ArrayBlockingQueue.java:403)
        at java.util.concurrent.ThreadPoolExecutor.getTask(ThreadPoolExecutor.java:1074)
        at java.util.concurrent.ThreadPoolExecutor.runWorker(ThreadPoolExecutor.java:1134)
        at java.util.concurrent.ThreadPoolExecutor$Worker.run(ThreadPoolExecutor.java:624)
        at java.lang.Thread.run(Thread.java:748)
"IPC Server handler 13 on 43737" daemon prio=5 tid=1885 timed_waiting
java.lang.Thread.State: TIMED_WAITING
        at sun.misc.Unsafe.park(Native Method)
        at java.util.concurrent.locks.LockSupport.parkNanos(LockSupport.java:215)
        at java.util.concurrent.locks.AbstractQueuedSynchronizer$ConditionObject.awaitNanos(AbstractQueuedSynchronizer.java:2078)
        at java.util.concurrent.LinkedBlockingQueue.poll(LinkedBlockingQueue.java:467)
        at org.apache.hadoop.ipc.CallQueueManager.take(CallQueueManager.java:288)
        at org.apache.hadoop.ipc.Server$Handler.run(Server.java:2668)
"Periodic HDDS volume checker"  prio=5 tid=2158 timed_waiting
java.lang.Thread.State: TIMED_WAITING
        at sun.misc.Unsafe.park(Native Method)
        at java.util.concurrent.locks.LockSupport.parkNanos(LockSupport.java:215)
        at java.util.concurrent.locks.AbstractQueuedSynchronizer$ConditionObject.awaitNanos(AbstractQueuedSynchronizer.java:2078)
        at java.util.concurrent.ScheduledThreadPoolExecutor$DelayedWorkQueue.take(ScheduledThreadPoolExecutor.java:1093)
        at java.util.concurrent.ScheduledThreadPoolExecutor$DelayedWorkQueue.take(ScheduledThreadPoolExecutor.java:809)
        at java.util.concurrent.ThreadPoolExecutor.getTask(ThreadPoolExecutor.java:1074)
        at java.util.concurrent.ThreadPoolExecutor.runWorker(ThreadPoolExecutor.java:1134)
        at java.util.concurrent.ThreadPoolExecutor$Worker.run(ThreadPoolExecutor.java:624)
        at java.lang.Thread.run(Thread.java:748)
"pool-238-thread-10"  prio=5 tid=2807 in Object.wait()
java.lang.Thread.State: WAITING (on object monitor)
        at sun.misc.Unsafe.park(Native Method)
        at java.util.concurrent.locks.LockSupport.park(LockSupport.java:175)
        at java.util.concurrent.locks.AbstractQueuedSynchronizer$ConditionObject.await(AbstractQueuedSynchronizer.java:2039)
        at java.util.concurrent.ArrayBlockingQueue.take(ArrayBlockingQueue.java:403)
        at java.util.concurrent.ThreadPoolExecutor.getTask(ThreadPoolExecutor.java:1074)
        at java.util.concurrent.ThreadPoolExecutor.runWorker(ThreadPoolExecutor.java:1134)
        at java.util.concurrent.ThreadPoolExecutor$Worker.run(ThreadPoolExecutor.java:624)
        at java.lang.Thread.run(Thread.java:748)
"Datanode State Machine Thread - 0" daemon prio=5 tid=2014 timed_waiting
java.lang.Thread.State: TIMED_WAITING
        at java.lang.Thread.sleep(Native Method)
        at org.apache.hadoop.ozone.container.common.statemachine.DatanodeStateMachine.start(DatanodeStateMachine.java:191)
        at org.apache.hadoop.ozone.container.common.statemachine.DatanodeStateMachine.lambda$startDaemon$0(DatanodeStateMachine.java:349)
        at org.apache.hadoop.ozone.container.common.statemachine.DatanodeStateMachine$$Lambda$141/1594065480.run(Unknown Source)
        at java.lang.Thread.run(Thread.java:748)
"pool-188-thread-52"  prio=5 tid=2539 in Object.wait()
java.lang.Thread.State: WAITING (on object monitor)
        at sun.misc.Unsafe.park(Native Method)
        at java.util.concurrent.locks.LockSupport.park(LockSupport.java:175)
        at java.util.concurrent.locks.AbstractQueuedSynchronizer$ConditionObject.await(AbstractQueuedSynchronizer.java:2039)
        at java.util.concurrent.ArrayBlockingQueue.take(ArrayBlockingQueue.java:403)
        at java.util.concurrent.ThreadPoolExecutor.getTask(ThreadPoolExecutor.java:1074)
        at java.util.concurrent.ThreadPoolExecutor.runWorker(ThreadPoolExecutor.java:1134)
        at java.util.concurrent.ThreadPoolExecutor$Worker.run(ThreadPoolExecutor.java:624)
        at java.lang.Thread.run(Thread.java:748)
"pool-158-thread-7"  prio=5 tid=2308 in Object.wait()
java.lang.Thread.State: WAITING (on object monitor)
        at sun.misc.Unsafe.park(Native Method)
        at java.util.concurrent.locks.LockSupport.park(LockSupport.java:175)
        at java.util.concurrent.locks.AbstractQueuedSynchronizer$ConditionObject.await(AbstractQueuedSynchronizer.java:2039)
        at java.util.concurrent.ArrayBlockingQueue.take(ArrayBlockingQueue.java:403)
        at java.util.concurrent.ThreadPoolExecutor.getTask(ThreadPoolExecutor.java:1074)
        at java.util.concurrent.ThreadPoolExecutor.runWorker(ThreadPoolExecutor.java:1134)
        at java.util.concurrent.ThreadPoolExecutor$Worker.run(ThreadPoolExecutor.java:624)
        at java.lang.Thread.run(Thread.java:748)
"pool-148-thread-59"  prio=5 tid=2297 in Object.wait()
java.lang.Thread.State: WAITING (on object monitor)
        at sun.misc.Unsafe.park(Native Method)
        at java.util.concurrent.locks.LockSupport.park(LockSupport.java:175)
        at java.util.concurrent.locks.AbstractQueuedSynchronizer$ConditionObject.await(AbstractQueuedSynchronizer.java:2039)
        at java.util.concurrent.ArrayBlockingQueue.take(ArrayBlockingQueue.java:403)
        at java.util.concurrent.ThreadPoolExecutor.getTask(ThreadPoolExecutor.java:1074)
        at java.util.concurrent.ThreadPoolExecutor.runWorker(ThreadPoolExecutor.java:1134)
        at java.util.concurrent.ThreadPoolExecutor$Worker.run(ThreadPoolExecutor.java:624)
        at java.lang.Thread.run(Thread.java:748)
"pool-148-thread-25"  prio=5 tid=2263 in Object.wait()
java.lang.Thread.State: WAITING (on object monitor)
        at sun.misc.Unsafe.park(Native Method)
        at java.util.concurrent.locks.LockSupport.park(LockSupport.java:175)
        at java.util.concurrent.locks.AbstractQueuedSynchronizer$ConditionObject.await(AbstractQueuedSynchronizer.java:2039)
        at java.util.concurrent.ArrayBlockingQueue.take(ArrayBlockingQueue.java:403)
        at java.util.concurrent.ThreadPoolExecutor.getTask(ThreadPoolExecutor.java:1074)
        at java.util.concurrent.ThreadPoolExecutor.runWorker(ThreadPoolExecutor.java:1134)
        at java.util.concurrent.ThreadPoolExecutor$Worker.run(ThreadPoolExecutor.java:624)
        at java.lang.Thread.run(Thread.java:748)
"qtp1365611185-2172" daemon prio=5 tid=2172 timed_waiting
java.lang.Thread.State: TIMED_WAITING
        at sun.misc.Unsafe.park(Native Method)
        at java.util.concurrent.locks.LockSupport.parkNanos(LockSupport.java:215)
        at java.util.concurrent.locks.AbstractQueuedSynchronizer$ConditionObject.awaitNanos(AbstractQueuedSynchronizer.java:2078)
        at org.eclipse.jetty.util.BlockingArrayQueue.poll(BlockingArrayQueue.java:392)
        at org.eclipse.jetty.util.thread.QueuedThreadPool.idleJobPoll(QueuedThreadPool.java:563)
        at org.eclipse.jetty.util.thread.QueuedThreadPool.access$800(QueuedThreadPool.java:48)
        at org.eclipse.jetty.util.thread.QueuedThreadPool$2.run(QueuedThreadPool.java:626)
        at java.lang.Thread.run(Thread.java:748)
"IPC Server listener on 43737" daemon prio=5 tid=1841 runnable
java.lang.Thread.State: RUNNABLE
        at sun.nio.ch.EPollArrayWrapper.epollWait(Native Method)
        at sun.nio.ch.EPollArrayWrapper.poll(EPollArrayWrapper.java:269)
        at sun.nio.ch.EPollSelectorImpl.doSelect(EPollSelectorImpl.java:93)
        at sun.nio.ch.SelectorImpl.lockAndDoSelect(SelectorImpl.java:86)
        at sun.nio.ch.SelectorImpl.select(SelectorImpl.java:97)
        at sun.nio.ch.SelectorImpl.select(SelectorImpl.java:101)
        at org.apache.hadoop.ipc.Server$Listener.run(Server.java:1159)
"pool-168-thread-6"  prio=5 tid=2369 in Object.wait()
java.lang.Thread.State: WAITING (on object monitor)
        at sun.misc.Unsafe.park(Native Method)
        at java.util.concurrent.locks.LockSupport.park(LockSupport.java:175)
        at java.util.concurrent.locks.AbstractQueuedSynchronizer$ConditionObject.await(AbstractQueuedSynchronizer.java:2039)
        at java.util.concurrent.ArrayBlockingQueue.take(ArrayBlockingQueue.java:403)
        at java.util.concurrent.ThreadPoolExecutor.getTask(ThreadPoolExecutor.java:1074)
        at java.util.concurrent.ThreadPoolExecutor.runWorker(ThreadPoolExecutor.java:1134)
        at java.util.concurrent.ThreadPoolExecutor$Worker.run(ThreadPoolExecutor.java:624)
        at java.lang.Thread.run(Thread.java:748)
"pool-178-thread-39"  prio=5 tid=2464 in Object.wait()
java.lang.Thread.State: WAITING (on object monitor)
        at sun.misc.Unsafe.park(Native Method)
        at java.util.concurrent.locks.LockSupport.park(LockSupport.java:175)
        at java.util.concurrent.locks.AbstractQueuedSynchronizer$ConditionObject.await(AbstractQueuedSynchronizer.java:2039)
        at java.util.concurrent.ArrayBlockingQueue.take(ArrayBlockingQueue.java:403)
        at java.util.concurrent.ThreadPoolExecutor.getTask(ThreadPoolExecutor.java:1074)
        at java.util.concurrent.ThreadPoolExecutor.runWorker(ThreadPoolExecutor.java:1134)
        at java.util.concurrent.ThreadPoolExecutor$Worker.run(ThreadPoolExecutor.java:624)
        at java.lang.Thread.run(Thread.java:748)
"pool-178-thread-25"  prio=5 tid=2450 in Object.wait()
java.lang.Thread.State: WAITING (on object monitor)
        at sun.misc.Unsafe.park(Native Method)
        at java.util.concurrent.locks.LockSupport.park(LockSupport.java:175)
        at java.util.concurrent.locks.AbstractQueuedSynchronizer$ConditionObject.await(AbstractQueuedSynchronizer.java:2039)
        at java.util.concurrent.ArrayBlockingQueue.take(ArrayBlockingQueue.java:403)
        at java.util.concurrent.ThreadPoolExecutor.getTask(ThreadPoolExecutor.java:1074)
        at java.util.concurrent.ThreadPoolExecutor.runWorker(ThreadPoolExecutor.java:1134)
        at java.util.concurrent.ThreadPoolExecutor$Worker.run(ThreadPoolExecutor.java:624)
        at java.lang.Thread.run(Thread.java:748)
"pool-238-thread-19"  prio=5 tid=2816 in Object.wait()
java.lang.Thread.State: WAITING (on object monitor)
        at sun.misc.Unsafe.park(Native Method)
        at java.util.concurrent.locks.LockSupport.park(LockSupport.java:175)
        at java.util.concurrent.locks.AbstractQueuedSynchronizer$ConditionObject.await(AbstractQueuedSynchronizer.java:2039)
        at java.util.concurrent.ArrayBlockingQueue.take(ArrayBlockingQueue.java:403)
        at java.util.concurrent.ThreadPoolExecutor.getTask(ThreadPoolExecutor.java:1074)
        at java.util.concurrent.ThreadPoolExecutor.runWorker(ThreadPoolExecutor.java:1134)
        at java.util.concurrent.ThreadPoolExecutor$Worker.run(ThreadPoolExecutor.java:624)
        at java.lang.Thread.run(Thread.java:748)
"pool-228-thread-33"  prio=5 tid=2768 in Object.wait()
java.lang.Thread.State: WAITING (on object monitor)
        at sun.misc.Unsafe.park(Native Method)
        at java.util.concurrent.locks.LockSupport.park(LockSupport.java:175)
        at java.util.concurrent.locks.AbstractQueuedSynchronizer$ConditionObject.await(AbstractQueuedSynchronizer.java:2039)
        at java.util.concurrent.ArrayBlockingQueue.take(ArrayBlockingQueue.java:403)
        at java.util.concurrent.ThreadPoolExecutor.getTask(ThreadPoolExecutor.java:1074)
        at java.util.concurrent.ThreadPoolExecutor.runWorker(ThreadPoolExecutor.java:1134)
        at java.util.concurrent.ThreadPoolExecutor$Worker.run(ThreadPoolExecutor.java:624)
        at java.lang.Thread.run(Thread.java:748)
"a96edad4-0b0c-48cb-948a-93b2fbf7c409@group-CE93C81AF12A-SegmentedRaftLogWorker"  prio=5 tid=3107 timed_waiting
java.lang.Thread.State: TIMED_WAITING
        at sun.misc.Unsafe.park(Native Method)
        at java.util.concurrent.locks.LockSupport.parkNanos(LockSupport.java:215)
        at java.util.concurrent.locks.AbstractQueuedSynchronizer$ConditionObject.awaitNanos(AbstractQueuedSynchronizer.java:2078)
        at org.apache.ratis.util.DataBlockingQueue.poll(DataBlockingQueue.java:137)
        at org.apache.ratis.server.raftlog.segmented.SegmentedRaftLogWorker.run(SegmentedRaftLogWorker.java:282)
        at java.lang.Thread.run(Thread.java:748)
"pool-228-thread-10"  prio=5 tid=2745 in Object.wait()
java.lang.Thread.State: WAITING (on object monitor)
        at sun.misc.Unsafe.park(Native Method)
        at java.util.concurrent.locks.LockSupport.park(LockSupport.java:175)
        at java.util.concurrent.locks.AbstractQueuedSynchronizer$ConditionObject.await(AbstractQueuedSynchronizer.java:2039)
        at java.util.concurrent.ArrayBlockingQueue.take(ArrayBlockingQueue.java:403)
        at java.util.concurrent.ThreadPoolExecutor.getTask(ThreadPoolExecutor.java:1074)
        at java.util.concurrent.ThreadPoolExecutor.runWorker(ThreadPoolExecutor.java:1134)
        at java.util.concurrent.ThreadPoolExecutor$Worker.run(ThreadPoolExecutor.java:624)
        at java.lang.Thread.run(Thread.java:748)
"qtp1365611185-2167" daemon prio=5 tid=2167 timed_waiting
java.lang.Thread.State: TIMED_WAITING
        at sun.misc.Unsafe.park(Native Method)
        at java.util.concurrent.locks.LockSupport.parkNanos(LockSupport.java:215)
        at java.util.concurrent.locks.AbstractQueuedSynchronizer$ConditionObject.awaitNanos(AbstractQueuedSynchronizer.java:2078)
        at org.eclipse.jetty.util.BlockingArrayQueue.poll(BlockingArrayQueue.java:392)
        at org.eclipse.jetty.util.thread.QueuedThreadPool.idleJobPoll(QueuedThreadPool.java:563)
        at org.eclipse.jetty.util.thread.QueuedThreadPool.access$800(QueuedThreadPool.java:48)
        at org.eclipse.jetty.util.thread.QueuedThreadPool$2.run(QueuedThreadPool.java:626)
        at java.lang.Thread.run(Thread.java:748)
"pool-218-thread-32"  prio=5 tid=2705 in Object.wait()
java.lang.Thread.State: WAITING (on object monitor)
        at sun.misc.Unsafe.park(Native Method)
        at java.util.concurrent.locks.LockSupport.park(LockSupport.java:175)
        at java.util.concurrent.locks.AbstractQueuedSynchronizer$ConditionObject.await(AbstractQueuedSynchronizer.java:2039)
        at java.util.concurrent.ArrayBlockingQueue.take(ArrayBlockingQueue.java:403)
        at java.util.concurrent.ThreadPoolExecutor.getTask(ThreadPoolExecutor.java:1074)
        at java.util.concurrent.ThreadPoolExecutor.runWorker(ThreadPoolExecutor.java:1134)
        at java.util.concurrent.ThreadPoolExecutor$Worker.run(ThreadPoolExecutor.java:624)
        at java.lang.Thread.run(Thread.java:748)
"EventQueue-DatanodeCommandForSCMNodeManager"  prio=5 tid=3078 in Object.wait()
java.lang.Thread.State: WAITING (on object monitor)
        at sun.misc.Unsafe.park(Native Method)
        at java.util.concurrent.locks.LockSupport.park(LockSupport.java:175)
        at java.util.concurrent.locks.AbstractQueuedSynchronizer$ConditionObject.await(AbstractQueuedSynchronizer.java:2039)
        at java.util.concurrent.LinkedBlockingQueue.take(LinkedBlockingQueue.java:442)
        at java.util.concurrent.ThreadPoolExecutor.getTask(ThreadPoolExecutor.java:1074)
        at java.util.concurrent.ThreadPoolExecutor.runWorker(ThreadPoolExecutor.java:1134)
        at java.util.concurrent.ThreadPoolExecutor$Worker.run(ThreadPoolExecutor.java:624)
        at java.lang.Thread.run(Thread.java:748)
"org.apache.hadoop.util.JvmPauseMonitor$Monitor@6cbdea54" daemon prio=5 tid=2128 timed_waiting
java.lang.Thread.State: TIMED_WAITING
        at java.lang.Thread.sleep(Native Method)
        at org.apache.hadoop.util.JvmPauseMonitor$Monitor.run(JvmPauseMonitor.java:192)
        at java.lang.Thread.run(Thread.java:748)
"pool-208-thread-50"  prio=5 tid=2661 in Object.wait()
java.lang.Thread.State: WAITING (on object monitor)
        at sun.misc.Unsafe.park(Native Method)
        at java.util.concurrent.locks.LockSupport.park(LockSupport.java:175)
        at java.util.concurrent.locks.AbstractQueuedSynchronizer$ConditionObject.await(AbstractQueuedSynchronizer.java:2039)
        at java.util.concurrent.ArrayBlockingQueue.take(ArrayBlockingQueue.java:403)
        at java.util.concurrent.ThreadPoolExecutor.getTask(ThreadPoolExecutor.java:1074)
        at java.util.concurrent.ThreadPoolExecutor.runWorker(ThreadPoolExecutor.java:1134)
        at java.util.concurrent.ThreadPoolExecutor$Worker.run(ThreadPoolExecutor.java:624)
        at java.lang.Thread.run(Thread.java:748)
"qtp229318537-2112-acceptor-0@55a6fb0f-ServerConnector@2fb25f4c{HTTP/1.1,[http/1.1]}{0.0.0.0:36542}" daemon prio=3 tid=2112 runnable
java.lang.Thread.State: RUNNABLE
        at sun.nio.ch.ServerSocketChannelImpl.accept0(Native Method)
        at sun.nio.ch.ServerSocketChannelImpl.accept(ServerSocketChannelImpl.java:422)
        at sun.nio.ch.ServerSocketChannelImpl.accept(ServerSocketChannelImpl.java:250)
        at org.eclipse.jetty.server.ServerConnector.accept(ServerConnector.java:397)
        at org.eclipse.jetty.server.AbstractConnector$Acceptor.run(AbstractConnector.java:601)
        at org.eclipse.jetty.util.thread.QueuedThreadPool.runJob(QueuedThreadPool.java:671)
        at org.eclipse.jetty.util.thread.QueuedThreadPool$2.run(QueuedThreadPool.java:589)
        at java.lang.Thread.run(Thread.java:748)
"86084ec4-dae7-4808-81c8-289a21d6f4dc@group-B20D901B3385-StateMachineUpdater" daemon prio=5 tid=2882 in Object.wait()
java.lang.Thread.State: WAITING (on object monitor)
        at java.lang.Object.wait(Native Method)
        at java.lang.Object.wait(Object.java:502)
        at org.apache.ratis.server.impl.StateMachineUpdater.waitForCommit(StateMachineUpdater.java:194)
        at org.apache.ratis.server.impl.StateMachineUpdater.run(StateMachineUpdater.java:159)
        at java.lang.Thread.run(Thread.java:748)
"pool-238-thread-20"  prio=5 tid=2817 in Object.wait()
java.lang.Thread.State: WAITING (on object monitor)
        at sun.misc.Unsafe.park(Native Method)
        at java.util.concurrent.locks.LockSupport.park(LockSupport.java:175)
        at java.util.concurrent.locks.AbstractQueuedSynchronizer$ConditionObject.await(AbstractQueuedSynchronizer.java:2039)
        at java.util.concurrent.ArrayBlockingQueue.take(ArrayBlockingQueue.java:403)
        at java.util.concurrent.ThreadPoolExecutor.getTask(ThreadPoolExecutor.java:1074)
        at java.util.concurrent.ThreadPoolExecutor.runWorker(ThreadPoolExecutor.java:1134)
        at java.util.concurrent.ThreadPoolExecutor$Worker.run(ThreadPoolExecutor.java:624)
        at java.lang.Thread.run(Thread.java:748)
"qtp95553286-1960" daemon prio=5 tid=1960 timed_waiting
java.lang.Thread.State: TIMED_WAITING
        at sun.misc.Unsafe.park(Native Method)
        at java.util.concurrent.locks.LockSupport.parkNanos(LockSupport.java:215)
        at java.util.concurrent.locks.AbstractQueuedSynchronizer$ConditionObject.awaitNanos(AbstractQueuedSynchronizer.java:2078)
        at org.eclipse.jetty.util.BlockingArrayQueue.poll(BlockingArrayQueue.java:392)
        at org.eclipse.jetty.util.thread.QueuedThreadPool.idleJobPoll(QueuedThreadPool.java:563)
        at org.eclipse.jetty.util.thread.QueuedThreadPool.access$800(QueuedThreadPool.java:48)
        at org.eclipse.jetty.util.thread.QueuedThreadPool$2.run(QueuedThreadPool.java:626)
        at java.lang.Thread.run(Thread.java:748)
"pool-238-thread-58"  prio=5 tid=2855 in Object.wait()
java.lang.Thread.State: WAITING (on object monitor)
        at sun.misc.Unsafe.park(Native Method)
        at java.util.concurrent.locks.LockSupport.park(LockSupport.java:175)
        at java.util.concurrent.locks.AbstractQueuedSynchronizer$ConditionObject.await(AbstractQueuedSynchronizer.java:2039)
        at java.util.concurrent.ArrayBlockingQueue.take(ArrayBlockingQueue.java:403)
        at java.util.concurrent.ThreadPoolExecutor.getTask(ThreadPoolExecutor.java:1074)
        at java.util.concurrent.ThreadPoolExecutor.runWorker(ThreadPoolExecutor.java:1134)
        at java.util.concurrent.ThreadPoolExecutor$Worker.run(ThreadPoolExecutor.java:624)
        at java.lang.Thread.run(Thread.java:748)
"surefire-forkedjvm-ping-30s" daemon prio=5 tid=9 timed_waiting
java.lang.Thread.State: TIMED_WAITING
        at sun.misc.Unsafe.park(Native Method)
        at java.util.concurrent.locks.LockSupport.parkNanos(LockSupport.java:215)
        at java.util.concurrent.locks.AbstractQueuedSynchronizer$ConditionObject.awaitNanos(AbstractQueuedSynchronizer.java:2078)
        at java.util.concurrent.ScheduledThreadPoolExecutor$DelayedWorkQueue.take(ScheduledThreadPoolExecutor.java:1093)
        at java.util.concurrent.ScheduledThreadPoolExecutor$DelayedWorkQueue.take(ScheduledThreadPoolExecutor.java:809)
        at java.util.concurrent.ThreadPoolExecutor.getTask(ThreadPoolExecutor.java:1074)
        at java.util.concurrent.ThreadPoolExecutor.runWorker(ThreadPoolExecutor.java:1134)
        at java.util.concurrent.ThreadPoolExecutor$Worker.run(ThreadPoolExecutor.java:624)
        at java.lang.Thread.run(Thread.java:748)
"dadbf9b0-b155-425e-bdd4-f6aced2428ca@group-CE93C81AF12A-StateMachineUpdater" daemon prio=5 tid=3105 in Object.wait()
java.lang.Thread.State: WAITING (on object monitor)
        at java.lang.Object.wait(Native Method)
        at java.lang.Object.wait(Object.java:502)
        at org.apache.ratis.server.impl.StateMachineUpdater.waitForCommit(StateMachineUpdater.java:194)
        at org.apache.ratis.server.impl.StateMachineUpdater.run(StateMachineUpdater.java:159)
        at java.lang.Thread.run(Thread.java:748)
"org.apache.hadoop.util.JvmPauseMonitor$Monitor@50913f08" daemon prio=5 tid=2101 timed_waiting
java.lang.Thread.State: TIMED_WAITING
        at java.lang.Thread.sleep(Native Method)
        at org.apache.hadoop.util.JvmPauseMonitor$Monitor.run(JvmPauseMonitor.java:192)
        at java.lang.Thread.run(Thread.java:748)
"pool-208-thread-6"  prio=5 tid=2617 in Object.wait()
java.lang.Thread.State: WAITING (on object monitor)
        at sun.misc.Unsafe.park(Native Method)
        at java.util.concurrent.locks.LockSupport.park(LockSupport.java:175)
        at java.util.concurrent.locks.AbstractQueuedSynchronizer$ConditionObject.await(AbstractQueuedSynchronizer.java:2039)
        at java.util.concurrent.ArrayBlockingQueue.take(ArrayBlockingQueue.java:403)
        at java.util.concurrent.ThreadPoolExecutor.getTask(ThreadPoolExecutor.java:1074)
        at java.util.concurrent.ThreadPoolExecutor.runWorker(ThreadPoolExecutor.java:1134)
        at java.util.concurrent.ThreadPoolExecutor$Worker.run(ThreadPoolExecutor.java:624)
        at java.lang.Thread.run(Thread.java:748)
"pool-178-thread-23"  prio=5 tid=2448 in Object.wait()
java.lang.Thread.State: WAITING (on object monitor)
        at sun.misc.Unsafe.park(Native Method)
        at java.util.concurrent.locks.LockSupport.park(LockSupport.java:175)
        at java.util.concurrent.locks.AbstractQueuedSynchronizer$ConditionObject.await(AbstractQueuedSynchronizer.java:2039)
        at java.util.concurrent.ArrayBlockingQueue.take(ArrayBlockingQueue.java:403)
        at java.util.concurrent.ThreadPoolExecutor.getTask(ThreadPoolExecutor.java:1074)
        at java.util.concurrent.ThreadPoolExecutor.runWorker(ThreadPoolExecutor.java:1134)
        at java.util.concurrent.ThreadPoolExecutor$Worker.run(ThreadPoolExecutor.java:624)
        at java.lang.Thread.run(Thread.java:748)
"pool-222-thread-1"  prio=5 tid=2164 timed_waiting
java.lang.Thread.State: TIMED_WAITING
        at sun.misc.Unsafe.park(Native Method)
        at java.util.concurrent.locks.LockSupport.parkNanos(LockSupport.java:215)
        at java.util.concurrent.locks.AbstractQueuedSynchronizer$ConditionObject.awaitNanos(AbstractQueuedSynchronizer.java:2078)
        at java.util.concurrent.ScheduledThreadPoolExecutor$DelayedWorkQueue.take(ScheduledThreadPoolExecutor.java:1093)
        at java.util.concurrent.ScheduledThreadPoolExecutor$DelayedWorkQueue.take(ScheduledThreadPoolExecutor.java:809)
        at java.util.concurrent.ThreadPoolExecutor.getTask(ThreadPoolExecutor.java:1074)
        at java.util.concurrent.ThreadPoolExecutor.runWorker(ThreadPoolExecutor.java:1134)
        at java.util.concurrent.ThreadPoolExecutor$Worker.run(ThreadPoolExecutor.java:624)
        at java.lang.Thread.run(Thread.java:748)
"PartialTableCache Cleanup Thread - 0" daemon prio=5 tid=1365 in Object.wait()
java.lang.Thread.State: WAITING (on object monitor)
        at sun.misc.Unsafe.park(Native Method)
        at java.util.concurrent.locks.LockSupport.park(LockSupport.java:175)
        at java.util.concurrent.locks.AbstractQueuedSynchronizer$ConditionObject.await(AbstractQueuedSynchronizer.java:2039)
        at java.util.concurrent.LinkedBlockingQueue.take(LinkedBlockingQueue.java:442)
        at java.util.concurrent.ThreadPoolExecutor.getTask(ThreadPoolExecutor.java:1074)
        at java.util.concurrent.ThreadPoolExecutor.runWorker(ThreadPoolExecutor.java:1134)
        at java.util.concurrent.ThreadPoolExecutor$Worker.run(ThreadPoolExecutor.java:624)
        at java.lang.Thread.run(Thread.java:748)
"qtp955153053-2195" daemon prio=5 tid=2195 timed_waiting
java.lang.Thread.State: TIMED_WAITING
        at sun.misc.Unsafe.park(Native Method)
        at java.util.concurrent.locks.LockSupport.parkNanos(LockSupport.java:215)
        at java.util.concurrent.locks.AbstractQueuedSynchronizer$ConditionObject.awaitNanos(AbstractQueuedSynchronizer.java:2078)
        at org.eclipse.jetty.util.BlockingArrayQueue.poll(BlockingArrayQueue.java:392)
        at org.eclipse.jetty.util.thread.QueuedThreadPool.idleJobPoll(QueuedThreadPool.java:563)
        at org.eclipse.jetty.util.thread.QueuedThreadPool.access$800(QueuedThreadPool.java:48)
        at org.eclipse.jetty.util.thread.QueuedThreadPool$2.run(QueuedThreadPool.java:626)
        at java.lang.Thread.run(Thread.java:748)
"qtp81705968-2059" daemon prio=5 tid=2059 timed_waiting
java.lang.Thread.State: TIMED_WAITING
        at sun.misc.Unsafe.park(Native Method)
        at java.util.concurrent.locks.LockSupport.parkNanos(LockSupport.java:215)
        at java.util.concurrent.locks.AbstractQueuedSynchronizer$ConditionObject.awaitNanos(AbstractQueuedSynchronizer.java:2078)
        at org.eclipse.jetty.util.BlockingArrayQueue.poll(BlockingArrayQueue.java:392)
        at org.eclipse.jetty.util.thread.QueuedThreadPool.idleJobPoll(QueuedThreadPool.java:563)
        at org.eclipse.jetty.util.thread.QueuedThreadPool.access$800(QueuedThreadPool.java:48)
        at org.eclipse.jetty.util.thread.QueuedThreadPool$2.run(QueuedThreadPool.java:626)
        at java.lang.Thread.run(Thread.java:748)
"pool-178-thread-55"  prio=5 tid=2480 in Object.wait()
java.lang.Thread.State: WAITING (on object monitor)
        at sun.misc.Unsafe.park(Native Method)
        at java.util.concurrent.locks.LockSupport.park(LockSupport.java:175)
        at java.util.concurrent.locks.AbstractQueuedSynchronizer$ConditionObject.await(AbstractQueuedSynchronizer.java:2039)
        at java.util.concurrent.ArrayBlockingQueue.take(ArrayBlockingQueue.java:403)
        at java.util.concurrent.ThreadPoolExecutor.getTask(ThreadPoolExecutor.java:1074)
        at java.util.concurrent.ThreadPoolExecutor.runWorker(ThreadPoolExecutor.java:1134)
        at java.util.concurrent.ThreadPoolExecutor$Worker.run(ThreadPoolExecutor.java:624)
        at java.lang.Thread.run(Thread.java:748)
"pool-178-thread-47"  prio=5 tid=2472 in Object.wait()
java.lang.Thread.State: WAITING (on object monitor)
        at sun.misc.Unsafe.park(Native Method)
        at java.util.concurrent.locks.LockSupport.park(LockSupport.java:175)
        at java.util.concurrent.locks.AbstractQueuedSynchronizer$ConditionObject.await(AbstractQueuedSynchronizer.java:2039)
        at java.util.concurrent.ArrayBlockingQueue.take(ArrayBlockingQueue.java:403)
        at java.util.concurrent.ThreadPoolExecutor.getTask(ThreadPoolExecutor.java:1074)
        at java.util.concurrent.ThreadPoolExecutor.runWorker(ThreadPoolExecutor.java:1134)
        at java.util.concurrent.ThreadPoolExecutor$Worker.run(ThreadPoolExecutor.java:624)
        at java.lang.Thread.run(Thread.java:748)
"pool-158-thread-31"  prio=5 tid=2332 in Object.wait()
java.lang.Thread.State: WAITING (on object monitor)
        at sun.misc.Unsafe.park(Native Method)
        at java.util.concurrent.locks.LockSupport.park(LockSupport.java:175)
        at java.util.concurrent.locks.AbstractQueuedSynchronizer$ConditionObject.await(AbstractQueuedSynchronizer.java:2039)
        at java.util.concurrent.ArrayBlockingQueue.take(ArrayBlockingQueue.java:403)
        at java.util.concurrent.ThreadPoolExecutor.getTask(ThreadPoolExecutor.java:1074)
        at java.util.concurrent.ThreadPoolExecutor.runWorker(ThreadPoolExecutor.java:1134)
        at java.util.concurrent.ThreadPoolExecutor$Worker.run(ThreadPoolExecutor.java:624)
        at java.lang.Thread.run(Thread.java:748)
"pool-178-thread-31"  prio=5 tid=2456 in Object.wait()
java.lang.Thread.State: WAITING (on object monitor)
        at sun.misc.Unsafe.park(Native Method)
        at java.util.concurrent.locks.LockSupport.park(LockSupport.java:175)
        at java.util.concurrent.locks.AbstractQueuedSynchronizer$ConditionObject.await(AbstractQueuedSynchronizer.java:2039)
        at java.util.concurrent.ArrayBlockingQueue.take(ArrayBlockingQueue.java:403)
        at java.util.concurrent.ThreadPoolExecutor.getTask(ThreadPoolExecutor.java:1074)
        at java.util.concurrent.ThreadPoolExecutor.runWorker(ThreadPoolExecutor.java:1134)
        at java.util.concurrent.ThreadPoolExecutor$Worker.run(ThreadPoolExecutor.java:624)
        at java.lang.Thread.run(Thread.java:748)
"Periodic HDDS volume checker"  prio=5 tid=2077 timed_waiting
java.lang.Thread.State: TIMED_WAITING
        at sun.misc.Unsafe.park(Native Method)
        at java.util.concurrent.locks.LockSupport.parkNanos(LockSupport.java:215)
        at java.util.concurrent.locks.AbstractQueuedSynchronizer$ConditionObject.awaitNanos(AbstractQueuedSynchronizer.java:2078)
        at java.util.concurrent.ScheduledThreadPoolExecutor$DelayedWorkQueue.take(ScheduledThreadPoolExecutor.java:1093)
        at java.util.concurrent.ScheduledThreadPoolExecutor$DelayedWorkQueue.take(ScheduledThreadPoolExecutor.java:809)
        at java.util.concurrent.ThreadPoolExecutor.getTask(ThreadPoolExecutor.java:1074)
        at java.util.concurrent.ThreadPoolExecutor.runWorker(ThreadPoolExecutor.java:1134)
        at java.util.concurrent.ThreadPoolExecutor$Worker.run(ThreadPoolExecutor.java:624)
        at java.lang.Thread.run(Thread.java:748)
"qtp229318537-2114" daemon prio=5 tid=2114 timed_waiting
java.lang.Thread.State: TIMED_WAITING
        at sun.misc.Unsafe.park(Native Method)
        at java.util.concurrent.locks.LockSupport.parkNanos(LockSupport.java:215)
        at java.util.concurrent.locks.AbstractQueuedSynchronizer$ConditionObject.awaitNanos(AbstractQueuedSynchronizer.java:2078)
        at org.eclipse.jetty.util.BlockingArrayQueue.poll(BlockingArrayQueue.java:392)
        at org.eclipse.jetty.util.thread.QueuedThreadPool.idleJobPoll(QueuedThreadPool.java:563)
        at org.eclipse.jetty.util.thread.QueuedThreadPool.access$800(QueuedThreadPool.java:48)
        at org.eclipse.jetty.util.thread.QueuedThreadPool$2.run(QueuedThreadPool.java:626)
        at java.lang.Thread.run(Thread.java:748)
"PartialTableCache Cleanup Thread - 0" daemon prio=5 tid=1357 in Object.wait()
java.lang.Thread.State: WAITING (on object monitor)
        at sun.misc.Unsafe.park(Native Method)
        at java.util.concurrent.locks.LockSupport.park(LockSupport.java:175)
        at java.util.concurrent.locks.AbstractQueuedSynchronizer$ConditionObject.await(AbstractQueuedSynchronizer.java:2039)
        at java.util.concurrent.LinkedBlockingQueue.take(LinkedBlockingQueue.java:442)
        at java.util.concurrent.ThreadPoolExecutor.getTask(ThreadPoolExecutor.java:1074)
        at java.util.concurrent.ThreadPoolExecutor.runWorker(ThreadPoolExecutor.java:1134)
        at java.util.concurrent.ThreadPoolExecutor$Worker.run(ThreadPoolExecutor.java:624)
        at java.lang.Thread.run(Thread.java:748)
"pool-208-thread-17"  prio=5 tid=2628 in Object.wait()
java.lang.Thread.State: WAITING (on object monitor)
        at sun.misc.Unsafe.park(Native Method)
        at java.util.concurrent.locks.LockSupport.park(LockSupport.java:175)
        at java.util.concurrent.locks.AbstractQueuedSynchronizer$ConditionObject.await(AbstractQueuedSynchronizer.java:2039)
        at java.util.concurrent.ArrayBlockingQueue.take(ArrayBlockingQueue.java:403)
        at java.util.concurrent.ThreadPoolExecutor.getTask(ThreadPoolExecutor.java:1074)
        at java.util.concurrent.ThreadPoolExecutor.runWorker(ThreadPoolExecutor.java:1134)
        at java.util.concurrent.ThreadPoolExecutor$Worker.run(ThreadPoolExecutor.java:624)
        at java.lang.Thread.run(Thread.java:748)
"qtp1553544410-2005" daemon prio=5 tid=2005 timed_waiting
java.lang.Thread.State: TIMED_WAITING
        at sun.misc.Unsafe.park(Native Method)
        at java.util.concurrent.locks.LockSupport.parkNanos(LockSupport.java:215)
        at java.util.concurrent.locks.AbstractQueuedSynchronizer$ConditionObject.awaitNanos(AbstractQueuedSynchronizer.java:2078)
        at org.eclipse.jetty.util.BlockingArrayQueue.poll(BlockingArrayQueue.java:392)
        at org.eclipse.jetty.util.thread.QueuedThreadPool.idleJobPoll(QueuedThreadPool.java:563)
        at org.eclipse.jetty.util.thread.QueuedThreadPool.access$800(QueuedThreadPool.java:48)
        at org.eclipse.jetty.util.thread.QueuedThreadPool$2.run(QueuedThreadPool.java:626)
        at java.lang.Thread.run(Thread.java:748)
"qtp955153053-2197" daemon prio=5 tid=2197 timed_waiting
java.lang.Thread.State: TIMED_WAITING
        at sun.misc.Unsafe.park(Native Method)
        at java.util.concurrent.locks.LockSupport.parkNanos(LockSupport.java:215)
        at java.util.concurrent.locks.AbstractQueuedSynchronizer$ConditionObject.awaitNanos(AbstractQueuedSynchronizer.java:2078)
        at org.eclipse.jetty.util.BlockingArrayQueue.poll(BlockingArrayQueue.java:392)
        at org.eclipse.jetty.util.thread.QueuedThreadPool.idleJobPoll(QueuedThreadPool.java:563)
        at org.eclipse.jetty.util.thread.QueuedThreadPool.access$800(QueuedThreadPool.java:48)
        at org.eclipse.jetty.util.thread.QueuedThreadPool$2.run(QueuedThreadPool.java:626)
        at java.lang.Thread.run(Thread.java:748)
"org.eclipse.jetty.server.session.HashSessionManager@6e0e5decTimer" daemon prio=5 tid=1920 timed_waiting
java.lang.Thread.State: TIMED_WAITING
        at sun.misc.Unsafe.park(Native Method)
        at java.util.concurrent.locks.LockSupport.parkNanos(LockSupport.java:215)
        at java.util.concurrent.locks.AbstractQueuedSynchronizer$ConditionObject.awaitNanos(AbstractQueuedSynchronizer.java:2078)
        at java.util.concurrent.ScheduledThreadPoolExecutor$DelayedWorkQueue.take(ScheduledThreadPoolExecutor.java:1093)
        at java.util.concurrent.ScheduledThreadPoolExecutor$DelayedWorkQueue.take(ScheduledThreadPoolExecutor.java:809)
        at java.util.concurrent.ThreadPoolExecutor.getTask(ThreadPoolExecutor.java:1074)
        at java.util.concurrent.ThreadPoolExecutor.runWorker(ThreadPoolExecutor.java:1134)
        at java.util.concurrent.ThreadPoolExecutor$Worker.run(ThreadPoolExecutor.java:624)
        at java.lang.Thread.run(Thread.java:748)
"IPC Server handler 17 on 42444" daemon prio=5 tid=1909 timed_waiting
java.lang.Thread.State: TIMED_WAITING
        at sun.misc.Unsafe.park(Native Method)
        at java.util.concurrent.locks.LockSupport.parkNanos(LockSupport.java:215)
        at java.util.concurrent.locks.AbstractQueuedSynchronizer$ConditionObject.awaitNanos(AbstractQueuedSynchronizer.java:2078)
        at java.util.concurrent.LinkedBlockingQueue.poll(LinkedBlockingQueue.java:467)
        at org.apache.hadoop.ipc.CallQueueManager.take(CallQueueManager.java:288)
        at org.apache.hadoop.ipc.Server$Handler.run(Server.java:2668)
"8344cb33-ae61-4ff3-97f7-00b91742683d@group-DC40EABEC771-StateMachineUpdater" daemon prio=5 tid=2916 in Object.wait()
java.lang.Thread.State: WAITING (on object monitor)
        at java.lang.Object.wait(Native Method)
        at java.lang.Object.wait(Object.java:502)
        at org.apache.ratis.server.impl.StateMachineUpdater.waitForCommit(StateMachineUpdater.java:194)
        at org.apache.ratis.server.impl.StateMachineUpdater.run(StateMachineUpdater.java:159)
        at java.lang.Thread.run(Thread.java:748)
"pool-168-thread-12"  prio=5 tid=2375 in Object.wait()
java.lang.Thread.State: WAITING (on object monitor)
        at sun.misc.Unsafe.park(Native Method)
        at java.util.concurrent.locks.LockSupport.park(LockSupport.java:175)
        at java.util.concurrent.locks.AbstractQueuedSynchronizer$ConditionObject.await(AbstractQueuedSynchronizer.java:2039)
        at java.util.concurrent.ArrayBlockingQueue.take(ArrayBlockingQueue.java:403)
        at java.util.concurrent.ThreadPoolExecutor.getTask(ThreadPoolExecutor.java:1074)
        at java.util.concurrent.ThreadPoolExecutor.runWorker(ThreadPoolExecutor.java:1134)
        at java.util.concurrent.ThreadPoolExecutor$Worker.run(ThreadPoolExecutor.java:624)
        at java.lang.Thread.run(Thread.java:748)
"pool-158-thread-24"  prio=5 tid=2325 in Object.wait()
java.lang.Thread.State: WAITING (on object monitor)
        at sun.misc.Unsafe.park(Native Method)
        at java.util.concurrent.locks.LockSupport.park(LockSupport.java:175)
        at java.util.concurrent.locks.AbstractQueuedSynchronizer$ConditionObject.await(AbstractQueuedSynchronizer.java:2039)
        at java.util.concurrent.ArrayBlockingQueue.take(ArrayBlockingQueue.java:403)
        at java.util.concurrent.ThreadPoolExecutor.getTask(ThreadPoolExecutor.java:1074)
        at java.util.concurrent.ThreadPoolExecutor.runWorker(ThreadPoolExecutor.java:1134)
        at java.util.concurrent.ThreadPoolExecutor$Worker.run(ThreadPoolExecutor.java:624)
        at java.lang.Thread.run(Thread.java:748)
"pool-178-thread-27"  prio=5 tid=2452 in Object.wait()
java.lang.Thread.State: WAITING (on object monitor)
        at sun.misc.Unsafe.park(Native Method)
        at java.util.concurrent.locks.LockSupport.park(LockSupport.java:175)
        at java.util.concurrent.locks.AbstractQueuedSynchronizer$ConditionObject.await(AbstractQueuedSynchronizer.java:2039)
        at java.util.concurrent.ArrayBlockingQueue.take(ArrayBlockingQueue.java:403)
        at java.util.concurrent.ThreadPoolExecutor.getTask(ThreadPoolExecutor.java:1074)
        at java.util.concurrent.ThreadPoolExecutor.runWorker(ThreadPoolExecutor.java:1134)
        at java.util.concurrent.ThreadPoolExecutor$Worker.run(ThreadPoolExecutor.java:624)
        at java.lang.Thread.run(Thread.java:748)
"Datanode State Machine Thread - 0" daemon prio=5 tid=2230 timed_waiting
java.lang.Thread.State: TIMED_WAITING
        at java.lang.Thread.sleep(Native Method)
        at org.apache.hadoop.ozone.container.common.statemachine.DatanodeStateMachine.start(DatanodeStateMachine.java:191)
        at org.apache.hadoop.ozone.container.common.statemachine.DatanodeStateMachine.lambda$startDaemon$0(DatanodeStateMachine.java:349)
        at org.apache.hadoop.ozone.container.common.statemachine.DatanodeStateMachine$$Lambda$141/1594065480.run(Unknown Source)
        at java.lang.Thread.run(Thread.java:748)
"qtp1553544410-2003" daemon prio=5 tid=2003 runnable
java.lang.Thread.State: RUNNABLE
        at sun.nio.ch.EPollArrayWrapper.epollWait(Native Method)
        at sun.nio.ch.EPollArrayWrapper.poll(EPollArrayWrapper.java:269)
        at sun.nio.ch.EPollSelectorImpl.doSelect(EPollSelectorImpl.java:93)
        at sun.nio.ch.SelectorImpl.lockAndDoSelect(SelectorImpl.java:86)
        at sun.nio.ch.SelectorImpl.select(SelectorImpl.java:97)
        at sun.nio.ch.SelectorImpl.select(SelectorImpl.java:101)
        at org.eclipse.jetty.io.ManagedSelector$SelectorProducer.select(ManagedSelector.java:243)
        at org.eclipse.jetty.io.ManagedSelector$SelectorProducer.produce(ManagedSelector.java:191)
        at org.eclipse.jetty.util.thread.strategy.ExecuteProduceConsume.executeProduceConsume(ExecuteProduceConsume.java:249)
        at org.eclipse.jetty.util.thread.strategy.ExecuteProduceConsume.produceConsume(ExecuteProduceConsume.java:148)
        at org.eclipse.jetty.util.thread.strategy.ExecuteProduceConsume.execute(ExecuteProduceConsume.java:100)
        at org.eclipse.jetty.io.ManagedSelector.run(ManagedSelector.java:147)
        at org.eclipse.jetty.util.thread.QueuedThreadPool.runJob(QueuedThreadPool.java:671)
        at org.eclipse.jetty.util.thread.QueuedThreadPool$2.run(QueuedThreadPool.java:589)
        at java.lang.Thread.run(Thread.java:748)
"pool-228-thread-31"  prio=5 tid=2766 in Object.wait()
java.lang.Thread.State: WAITING (on object monitor)
        at sun.misc.Unsafe.park(Native Method)
        at java.util.concurrent.locks.LockSupport.park(LockSupport.java:175)
        at java.util.concurrent.locks.AbstractQueuedSynchronizer$ConditionObject.await(AbstractQueuedSynchronizer.java:2039)
        at java.util.concurrent.ArrayBlockingQueue.take(ArrayBlockingQueue.java:403)
        at java.util.concurrent.ThreadPoolExecutor.getTask(ThreadPoolExecutor.java:1074)
        at java.util.concurrent.ThreadPoolExecutor.runWorker(ThreadPoolExecutor.java:1134)
        at java.util.concurrent.ThreadPoolExecutor$Worker.run(ThreadPoolExecutor.java:624)
        at java.lang.Thread.run(Thread.java:748)
"pool-208-thread-56"  prio=5 tid=2667 in Object.wait()
java.lang.Thread.State: WAITING (on object monitor)
        at sun.misc.Unsafe.park(Native Method)
        at java.util.concurrent.locks.LockSupport.park(LockSupport.java:175)
        at java.util.concurrent.locks.AbstractQueuedSynchronizer$ConditionObject.await(AbstractQueuedSynchronizer.java:2039)
        at java.util.concurrent.ArrayBlockingQueue.take(ArrayBlockingQueue.java:403)
        at java.util.concurrent.ThreadPoolExecutor.getTask(ThreadPoolExecutor.java:1074)
        at java.util.concurrent.ThreadPoolExecutor.runWorker(ThreadPoolExecutor.java:1134)
        at java.util.concurrent.ThreadPoolExecutor$Worker.run(ThreadPoolExecutor.java:624)
        at java.lang.Thread.run(Thread.java:748)
"Datanode ReportManager Thread - 1" daemon prio=5 tid=334 in Object.wait()
java.lang.Thread.State: WAITING (on object monitor)
        at sun.misc.Unsafe.park(Native Method)
        at java.util.concurrent.locks.LockSupport.park(LockSupport.java:175)
        at java.util.concurrent.locks.AbstractQueuedSynchronizer$ConditionObject.await(AbstractQueuedSynchronizer.java:2039)
        at java.util.concurrent.ScheduledThreadPoolExecutor$DelayedWorkQueue.take(ScheduledThreadPoolExecutor.java:1088)
        at java.util.concurrent.ScheduledThreadPoolExecutor$DelayedWorkQueue.take(ScheduledThreadPoolExecutor.java:809)
        at java.util.concurrent.ThreadPoolExecutor.getTask(ThreadPoolExecutor.java:1074)
        at java.util.concurrent.ThreadPoolExecutor.runWorker(ThreadPoolExecutor.java:1134)
        at java.util.concurrent.ThreadPoolExecutor$Worker.run(ThreadPoolExecutor.java:624)
        at java.lang.Thread.run(Thread.java:748)
"IPC Parameter Sending Thread #0" daemon prio=5 tid=105 timed_waiting
java.lang.Thread.State: TIMED_WAITING
        at sun.misc.Unsafe.park(Native Method)
        at java.util.concurrent.locks.LockSupport.parkNanos(LockSupport.java:215)
        at java.util.concurrent.SynchronousQueue$TransferStack.awaitFulfill(SynchronousQueue.java:460)
        at java.util.concurrent.SynchronousQueue$TransferStack.transfer(SynchronousQueue.java:362)
        at java.util.concurrent.SynchronousQueue.poll(SynchronousQueue.java:941)
        at java.util.concurrent.ThreadPoolExecutor.getTask(ThreadPoolExecutor.java:1073)
        at java.util.concurrent.ThreadPoolExecutor.runWorker(ThreadPoolExecutor.java:1134)
        at java.util.concurrent.ThreadPoolExecutor$Worker.run(ThreadPoolExecutor.java:624)
        at java.lang.Thread.run(Thread.java:748)
"pool-198-thread-42"  prio=5 tid=2591 in Object.wait()
java.lang.Thread.State: WAITING (on object monitor)
        at sun.misc.Unsafe.park(Native Method)
        at java.util.concurrent.locks.LockSupport.park(LockSupport.java:175)
        at java.util.concurrent.locks.AbstractQueuedSynchronizer$ConditionObject.await(AbstractQueuedSynchronizer.java:2039)
        at java.util.concurrent.ArrayBlockingQueue.take(ArrayBlockingQueue.java:403)
        at java.util.concurrent.ThreadPoolExecutor.getTask(ThreadPoolExecutor.java:1074)
        at java.util.concurrent.ThreadPoolExecutor.runWorker(ThreadPoolExecutor.java:1134)
        at java.util.concurrent.ThreadPoolExecutor$Worker.run(ThreadPoolExecutor.java:624)
        at java.lang.Thread.run(Thread.java:748)
"pool-168-thread-56"  prio=5 tid=2419 in Object.wait()
java.lang.Thread.State: WAITING (on object monitor)
        at sun.misc.Unsafe.park(Native Method)
        at java.util.concurrent.locks.LockSupport.park(LockSupport.java:175)
        at java.util.concurrent.locks.AbstractQueuedSynchronizer$ConditionObject.await(AbstractQueuedSynchronizer.java:2039)
        at java.util.concurrent.ArrayBlockingQueue.take(ArrayBlockingQueue.java:403)
        at java.util.concurrent.ThreadPoolExecutor.getTask(ThreadPoolExecutor.java:1074)
        at java.util.concurrent.ThreadPoolExecutor.runWorker(ThreadPoolExecutor.java:1134)
        at java.util.concurrent.ThreadPoolExecutor$Worker.run(ThreadPoolExecutor.java:624)
        at java.lang.Thread.run(Thread.java:748)
"pool-188-thread-39"  prio=5 tid=2526 in Object.wait()
java.lang.Thread.State: WAITING (on object monitor)
        at sun.misc.Unsafe.park(Native Method)
        at java.util.concurrent.locks.LockSupport.park(LockSupport.java:175)
        at java.util.concurrent.locks.AbstractQueuedSynchronizer$ConditionObject.await(AbstractQueuedSynchronizer.java:2039)
        at java.util.concurrent.ArrayBlockingQueue.take(ArrayBlockingQueue.java:403)
        at java.util.concurrent.ThreadPoolExecutor.getTask(ThreadPoolExecutor.java:1074)
        at java.util.concurrent.ThreadPoolExecutor.runWorker(ThreadPoolExecutor.java:1134)
        at java.util.concurrent.ThreadPoolExecutor$Worker.run(ThreadPoolExecutor.java:624)
        at java.lang.Thread.run(Thread.java:748)
"org.eclipse.jetty.server.session.HashSessionManager@4f654ceeTimer" daemon prio=5 tid=2012 timed_waiting
java.lang.Thread.State: TIMED_WAITING
        at sun.misc.Unsafe.park(Native Method)
        at java.util.concurrent.locks.LockSupport.parkNanos(LockSupport.java:215)
        at java.util.concurrent.locks.AbstractQueuedSynchronizer$ConditionObject.awaitNanos(AbstractQueuedSynchronizer.java:2078)
        at java.util.concurrent.ScheduledThreadPoolExecutor$DelayedWorkQueue.take(ScheduledThreadPoolExecutor.java:1093)
        at java.util.concurrent.ScheduledThreadPoolExecutor$DelayedWorkQueue.take(ScheduledThreadPoolExecutor.java:809)
        at java.util.concurrent.ThreadPoolExecutor.getTask(ThreadPoolExecutor.java:1074)
        at java.util.concurrent.ThreadPoolExecutor.runWorker(ThreadPoolExecutor.java:1134)
        at java.util.concurrent.ThreadPoolExecutor$Worker.run(ThreadPoolExecutor.java:624)
        at java.lang.Thread.run(Thread.java:748)
"pool-188-thread-28"  prio=5 tid=2515 in Object.wait()
java.lang.Thread.State: WAITING (on object monitor)
        at sun.misc.Unsafe.park(Native Method)
        at java.util.concurrent.locks.LockSupport.park(LockSupport.java:175)
        at java.util.concurrent.locks.AbstractQueuedSynchronizer$ConditionObject.await(AbstractQueuedSynchronizer.java:2039)
        at java.util.concurrent.ArrayBlockingQueue.take(ArrayBlockingQueue.java:403)
        at java.util.concurrent.ThreadPoolExecutor.getTask(ThreadPoolExecutor.java:1074)
        at java.util.concurrent.ThreadPoolExecutor.runWorker(ThreadPoolExecutor.java:1134)
        at java.util.concurrent.ThreadPoolExecutor$Worker.run(ThreadPoolExecutor.java:624)
        at java.lang.Thread.run(Thread.java:748)
"pool-228-thread-23"  prio=5 tid=2758 in Object.wait()
java.lang.Thread.State: WAITING (on object monitor)
        at sun.misc.Unsafe.park(Native Method)
        at java.util.concurrent.locks.LockSupport.park(LockSupport.java:175)
        at java.util.concurrent.locks.AbstractQueuedSynchronizer$ConditionObject.await(AbstractQueuedSynchronizer.java:2039)
        at java.util.concurrent.ArrayBlockingQueue.take(ArrayBlockingQueue.java:403)
        at java.util.concurrent.ThreadPoolExecutor.getTask(ThreadPoolExecutor.java:1074)
        at java.util.concurrent.ThreadPoolExecutor.runWorker(ThreadPoolExecutor.java:1134)
        at java.util.concurrent.ThreadPoolExecutor$Worker.run(ThreadPoolExecutor.java:624)
        at java.lang.Thread.run(Thread.java:748)
"Datanode State Machine Thread - 0" daemon prio=5 tid=1994 in Object.wait()
java.lang.Thread.State: WAITING (on object monitor)
        at sun.misc.Unsafe.park(Native Method)
        at java.util.concurrent.locks.LockSupport.parkNanos(LockSupport.java:215)
        at java.util.concurrent.SynchronousQueue$TransferStack.awaitFulfill(SynchronousQueue.java:460)
        at java.util.concurrent.SynchronousQueue$TransferStack.transfer(SynchronousQueue.java:362)
        at java.util.concurrent.SynchronousQueue.poll(SynchronousQueue.java:941)
        at java.util.concurrent.ThreadPoolExecutor.getTask(ThreadPoolExecutor.java:1073)
        at java.util.concurrent.ThreadPoolExecutor.runWorker(ThreadPoolExecutor.java:1134)
        at java.util.concurrent.ThreadPoolExecutor$Worker.run(ThreadPoolExecutor.java:624)
        at java.lang.Thread.run(Thread.java:748)
"org.eclipse.jetty.server.session.HashSessionManager@2b4d4327Timer" daemon prio=5 tid=2201 timed_waiting
java.lang.Thread.State: TIMED_WAITING
        at sun.misc.Unsafe.park(Native Method)
        at java.util.concurrent.locks.LockSupport.parkNanos(LockSupport.java:215)
        at java.util.concurrent.locks.AbstractQueuedSynchronizer$ConditionObject.awaitNanos(AbstractQueuedSynchronizer.java:2078)
        at java.util.concurrent.ScheduledThreadPoolExecutor$DelayedWorkQueue.take(ScheduledThreadPoolExecutor.java:1093)
        at java.util.concurrent.ScheduledThreadPoolExecutor$DelayedWorkQueue.take(ScheduledThreadPoolExecutor.java:809)
        at java.util.concurrent.ThreadPoolExecutor.getTask(ThreadPoolExecutor.java:1074)
        at java.util.concurrent.ThreadPoolExecutor.runWorker(ThreadPoolExecutor.java:1134)
        at java.util.concurrent.ThreadPoolExecutor$Worker.run(ThreadPoolExecutor.java:624)
        at java.lang.Thread.run(Thread.java:748)
"qtp95553286-1962" daemon prio=5 tid=1962 timed_waiting
java.lang.Thread.State: TIMED_WAITING
        at sun.misc.Unsafe.park(Native Method)
        at java.util.concurrent.locks.LockSupport.parkNanos(LockSupport.java:215)
        at java.util.concurrent.locks.AbstractQueuedSynchronizer$ConditionObject.awaitNanos(AbstractQueuedSynchronizer.java:2078)
        at org.eclipse.jetty.util.BlockingArrayQueue.poll(BlockingArrayQueue.java:392)
        at org.eclipse.jetty.util.thread.QueuedThreadPool.idleJobPoll(QueuedThreadPool.java:563)
        at org.eclipse.jetty.util.thread.QueuedThreadPool.access$800(QueuedThreadPool.java:48)
        at org.eclipse.jetty.util.thread.QueuedThreadPool$2.run(QueuedThreadPool.java:626)
        at java.lang.Thread.run(Thread.java:748)
"qtp1553544410-2006" daemon prio=5 tid=2006 timed_waiting
java.lang.Thread.State: TIMED_WAITING
        at sun.misc.Unsafe.park(Native Method)
        at java.util.concurrent.locks.LockSupport.parkNanos(LockSupport.java:215)
        at java.util.concurrent.locks.AbstractQueuedSynchronizer$ConditionObject.awaitNanos(AbstractQueuedSynchronizer.java:2078)
        at org.eclipse.jetty.util.BlockingArrayQueue.poll(BlockingArrayQueue.java:392)
        at org.eclipse.jetty.util.thread.QueuedThreadPool.idleJobPoll(QueuedThreadPool.java:563)
        at org.eclipse.jetty.util.thread.QueuedThreadPool.access$800(QueuedThreadPool.java:48)
        at org.eclipse.jetty.util.thread.QueuedThreadPool$2.run(QueuedThreadPool.java:626)
        at java.lang.Thread.run(Thread.java:748)
"IPC Server handler 18 on 43737" daemon prio=5 tid=1890 timed_waiting
java.lang.Thread.State: TIMED_WAITING
        at sun.misc.Unsafe.park(Native Method)
        at java.util.concurrent.locks.LockSupport.parkNanos(LockSupport.java:215)
        at java.util.concurrent.locks.AbstractQueuedSynchronizer$ConditionObject.awaitNanos(AbstractQueuedSynchronizer.java:2078)
        at java.util.concurrent.LinkedBlockingQueue.poll(LinkedBlockingQueue.java:467)
        at org.apache.hadoop.ipc.CallQueueManager.take(CallQueueManager.java:288)
        at org.apache.hadoop.ipc.Server$Handler.run(Server.java:2668)
"Datanode ReportManager Thread - 0" daemon prio=5 tid=225 timed_waiting
java.lang.Thread.State: TIMED_WAITING
        at sun.misc.Unsafe.park(Native Method)
        at java.util.concurrent.locks.LockSupport.parkNanos(LockSupport.java:215)
        at java.util.concurrent.locks.AbstractQueuedSynchronizer$ConditionObject.awaitNanos(AbstractQueuedSynchronizer.java:2078)
        at java.util.concurrent.ScheduledThreadPoolExecutor$DelayedWorkQueue.take(ScheduledThreadPoolExecutor.java:1093)
        at java.util.concurrent.ScheduledThreadPoolExecutor$DelayedWorkQueue.take(ScheduledThreadPoolExecutor.java:809)
        at java.util.concurrent.ThreadPoolExecutor.getTask(ThreadPoolExecutor.java:1074)
        at java.util.concurrent.ThreadPoolExecutor.runWorker(ThreadPoolExecutor.java:1134)
        at java.util.concurrent.ThreadPoolExecutor$Worker.run(ThreadPoolExecutor.java:624)
        at java.lang.Thread.run(Thread.java:748)
"pool-208-thread-25"  prio=5 tid=2636 in Object.wait()
java.lang.Thread.State: WAITING (on object monitor)
        at sun.misc.Unsafe.park(Native Method)
        at java.util.concurrent.locks.LockSupport.park(LockSupport.java:175)
        at java.util.concurrent.locks.AbstractQueuedSynchronizer$ConditionObject.await(AbstractQueuedSynchronizer.java:2039)
        at java.util.concurrent.ArrayBlockingQueue.take(ArrayBlockingQueue.java:403)
        at java.util.concurrent.ThreadPoolExecutor.getTask(ThreadPoolExecutor.java:1074)
        at java.util.concurrent.ThreadPoolExecutor.runWorker(ThreadPoolExecutor.java:1134)
        at java.util.concurrent.ThreadPoolExecutor$Worker.run(ThreadPoolExecutor.java:624)
        at java.lang.Thread.run(Thread.java:748)
"pool-208-thread-58"  prio=5 tid=2669 in Object.wait()
java.lang.Thread.State: WAITING (on object monitor)
        at sun.misc.Unsafe.park(Native Method)
        at java.util.concurrent.locks.LockSupport.park(LockSupport.java:175)
        at java.util.concurrent.locks.AbstractQueuedSynchronizer$ConditionObject.await(AbstractQueuedSynchronizer.java:2039)
        at java.util.concurrent.ArrayBlockingQueue.take(ArrayBlockingQueue.java:403)
        at java.util.concurrent.ThreadPoolExecutor.getTask(ThreadPoolExecutor.java:1074)
        at java.util.concurrent.ThreadPoolExecutor.runWorker(ThreadPoolExecutor.java:1134)
        at java.util.concurrent.ThreadPoolExecutor$Worker.run(ThreadPoolExecutor.java:624)
        at java.lang.Thread.run(Thread.java:748)
"pool-148-thread-1"  prio=5 tid=2239 in Object.wait()
java.lang.Thread.State: WAITING (on object monitor)
        at sun.misc.Unsafe.park(Native Method)
        at java.util.concurrent.locks.LockSupport.park(LockSupport.java:175)
        at java.util.concurrent.locks.AbstractQueuedSynchronizer$ConditionObject.await(AbstractQueuedSynchronizer.java:2039)
        at java.util.concurrent.ArrayBlockingQueue.take(ArrayBlockingQueue.java:403)
        at java.util.concurrent.ThreadPoolExecutor.getTask(ThreadPoolExecutor.java:1074)
        at java.util.concurrent.ThreadPoolExecutor.runWorker(ThreadPoolExecutor.java:1134)
        at java.util.concurrent.ThreadPoolExecutor$Worker.run(ThreadPoolExecutor.java:624)
        at java.lang.Thread.run(Thread.java:748)
"pool-218-thread-9"  prio=5 tid=2682 in Object.wait()
java.lang.Thread.State: WAITING (on object monitor)
        at sun.misc.Unsafe.park(Native Method)
        at java.util.concurrent.locks.LockSupport.park(LockSupport.java:175)
        at java.util.concurrent.locks.AbstractQueuedSynchronizer$ConditionObject.await(AbstractQueuedSynchronizer.java:2039)
        at java.util.concurrent.ArrayBlockingQueue.take(ArrayBlockingQueue.java:403)
        at java.util.concurrent.ThreadPoolExecutor.getTask(ThreadPoolExecutor.java:1074)
        at java.util.concurrent.ThreadPoolExecutor.runWorker(ThreadPoolExecutor.java:1134)
        at java.util.concurrent.ThreadPoolExecutor$Worker.run(ThreadPoolExecutor.java:624)
        at java.lang.Thread.run(Thread.java:748)
"pool-238-thread-17"  prio=5 tid=2814 in Object.wait()
java.lang.Thread.State: WAITING (on object monitor)
        at sun.misc.Unsafe.park(Native Method)
        at java.util.concurrent.locks.LockSupport.park(LockSupport.java:175)
        at java.util.concurrent.locks.AbstractQueuedSynchronizer$ConditionObject.await(AbstractQueuedSynchronizer.java:2039)
        at java.util.concurrent.ArrayBlockingQueue.take(ArrayBlockingQueue.java:403)
        at java.util.concurrent.ThreadPoolExecutor.getTask(ThreadPoolExecutor.java:1074)
        at java.util.concurrent.ThreadPoolExecutor.runWorker(ThreadPoolExecutor.java:1134)
        at java.util.concurrent.ThreadPoolExecutor$Worker.run(ThreadPoolExecutor.java:624)
        at java.lang.Thread.run(Thread.java:748)
"Datanode ReportManager Thread - 3" daemon prio=5 tid=390 in Object.wait()
java.lang.Thread.State: WAITING (on object monitor)
        at sun.misc.Unsafe.park(Native Method)
        at java.util.concurrent.locks.LockSupport.park(LockSupport.java:175)
        at java.util.concurrent.locks.AbstractQueuedSynchronizer$ConditionObject.await(AbstractQueuedSynchronizer.java:2039)
        at java.util.concurrent.ScheduledThreadPoolExecutor$DelayedWorkQueue.take(ScheduledThreadPoolExecutor.java:1088)
        at java.util.concurrent.ScheduledThreadPoolExecutor$DelayedWorkQueue.take(ScheduledThreadPoolExecutor.java:809)
        at java.util.concurrent.ThreadPoolExecutor.getTask(ThreadPoolExecutor.java:1074)
        at java.util.concurrent.ThreadPoolExecutor.runWorker(ThreadPoolExecutor.java:1134)
        at java.util.concurrent.ThreadPoolExecutor$Worker.run(ThreadPoolExecutor.java:624)
        at java.lang.Thread.run(Thread.java:748)
"BlockDeletingService#1" daemon prio=5 tid=2487 in Object.wait()
java.lang.Thread.State: WAITING (on object monitor)
        at sun.misc.Unsafe.park(Native Method)
        at java.util.concurrent.locks.LockSupport.park(LockSupport.java:175)
        at java.util.concurrent.locks.AbstractQueuedSynchronizer$ConditionObject.await(AbstractQueuedSynchronizer.java:2039)
        at java.util.concurrent.ScheduledThreadPoolExecutor$DelayedWorkQueue.take(ScheduledThreadPoolExecutor.java:1088)
        at java.util.concurrent.ScheduledThreadPoolExecutor$DelayedWorkQueue.take(ScheduledThreadPoolExecutor.java:809)
        at java.util.concurrent.ThreadPoolExecutor.getTask(ThreadPoolExecutor.java:1074)
        at java.util.concurrent.ThreadPoolExecutor.runWorker(ThreadPoolExecutor.java:1134)
        at java.util.concurrent.ThreadPoolExecutor$Worker.run(ThreadPoolExecutor.java:624)
        at java.lang.Thread.run(Thread.java:748)
"pool-168-thread-59"  prio=5 tid=2422 in Object.wait()
java.lang.Thread.State: WAITING (on object monitor)
        at sun.misc.Unsafe.park(Native Method)
        at java.util.concurrent.locks.LockSupport.park(LockSupport.java:175)
        at java.util.concurrent.locks.AbstractQueuedSynchronizer$ConditionObject.await(AbstractQueuedSynchronizer.java:2039)
        at java.util.concurrent.ArrayBlockingQueue.take(ArrayBlockingQueue.java:403)
        at java.util.concurrent.ThreadPoolExecutor.getTask(ThreadPoolExecutor.java:1074)
        at java.util.concurrent.ThreadPoolExecutor.runWorker(ThreadPoolExecutor.java:1134)
        at java.util.concurrent.ThreadPoolExecutor$Worker.run(ThreadPoolExecutor.java:624)
        at java.lang.Thread.run(Thread.java:748)
"pool-168-thread-13"  prio=5 tid=2376 in Object.wait()
java.lang.Thread.State: WAITING (on object monitor)
        at sun.misc.Unsafe.park(Native Method)
        at java.util.concurrent.locks.LockSupport.park(LockSupport.java:175)
        at java.util.concurrent.locks.AbstractQueuedSynchronizer$ConditionObject.await(AbstractQueuedSynchronizer.java:2039)
        at java.util.concurrent.ArrayBlockingQueue.take(ArrayBlockingQueue.java:403)
        at java.util.concurrent.ThreadPoolExecutor.getTask(ThreadPoolExecutor.java:1074)
        at java.util.concurrent.ThreadPoolExecutor.runWorker(ThreadPoolExecutor.java:1134)
        at java.util.concurrent.ThreadPoolExecutor$Worker.run(ThreadPoolExecutor.java:624)
        at java.lang.Thread.run(Thread.java:748)
"IPC Server handler 15 on 43737" daemon prio=5 tid=1887 timed_waiting
java.lang.Thread.State: TIMED_WAITING
        at sun.misc.Unsafe.park(Native Method)
        at java.util.concurrent.locks.LockSupport.parkNanos(LockSupport.java:215)
        at java.util.concurrent.locks.AbstractQueuedSynchronizer$ConditionObject.awaitNanos(AbstractQueuedSynchronizer.java:2078)
        at java.util.concurrent.LinkedBlockingQueue.poll(LinkedBlockingQueue.java:467)
        at org.apache.hadoop.ipc.CallQueueManager.take(CallQueueManager.java:288)
        at org.apache.hadoop.ipc.Server$Handler.run(Server.java:2668)
"qtp2077150966-2087" daemon prio=5 tid=2087 timed_waiting
java.lang.Thread.State: TIMED_WAITING
        at sun.misc.Unsafe.park(Native Method)
        at java.util.concurrent.locks.LockSupport.parkNanos(LockSupport.java:215)
        at java.util.concurrent.locks.AbstractQueuedSynchronizer$ConditionObject.awaitNanos(AbstractQueuedSynchronizer.java:2078)
        at org.eclipse.jetty.util.BlockingArrayQueue.poll(BlockingArrayQueue.java:392)
        at org.eclipse.jetty.util.thread.QueuedThreadPool.idleJobPoll(QueuedThreadPool.java:563)
        at org.eclipse.jetty.util.thread.QueuedThreadPool.access$800(QueuedThreadPool.java:48)
        at org.eclipse.jetty.util.thread.QueuedThreadPool$2.run(QueuedThreadPool.java:626)
        at java.lang.Thread.run(Thread.java:748)
"pool-148-thread-7"  prio=5 tid=2245 in Object.wait()
java.lang.Thread.State: WAITING (on object monitor)
        at sun.misc.Unsafe.park(Native Method)
        at java.util.concurrent.locks.LockSupport.park(LockSupport.java:175)
        at java.util.concurrent.locks.AbstractQueuedSynchronizer$ConditionObject.await(AbstractQueuedSynchronizer.java:2039)
        at java.util.concurrent.ArrayBlockingQueue.take(ArrayBlockingQueue.java:403)
        at java.util.concurrent.ThreadPoolExecutor.getTask(ThreadPoolExecutor.java:1074)
        at java.util.concurrent.ThreadPoolExecutor.runWorker(ThreadPoolExecutor.java:1134)
        at java.util.concurrent.ThreadPoolExecutor$Worker.run(ThreadPoolExecutor.java:624)
        at java.lang.Thread.run(Thread.java:748)
"IPC Server handler 15 on 42444" daemon prio=5 tid=1907 timed_waiting
java.lang.Thread.State: TIMED_WAITING
        at sun.misc.Unsafe.park(Native Method)
        at java.util.concurrent.locks.LockSupport.parkNanos(LockSupport.java:215)
        at java.util.concurrent.locks.AbstractQueuedSynchronizer$ConditionObject.awaitNanos(AbstractQueuedSynchronizer.java:2078)
        at java.util.concurrent.LinkedBlockingQueue.poll(LinkedBlockingQueue.java:467)
        at org.apache.hadoop.ipc.CallQueueManager.take(CallQueueManager.java:288)
        at org.apache.hadoop.ipc.Server$Handler.run(Server.java:2668)
"PartialTableCache Cleanup Thread - 0" daemon prio=5 tid=3039 in Object.wait()
java.lang.Thread.State: WAITING (on object monitor)
        at sun.misc.Unsafe.park(Native Method)
        at java.util.concurrent.locks.LockSupport.park(LockSupport.java:175)
        at java.util.concurrent.locks.AbstractQueuedSynchronizer$ConditionObject.await(AbstractQueuedSynchronizer.java:2039)
        at java.util.concurrent.LinkedBlockingQueue.take(LinkedBlockingQueue.java:442)
        at java.util.concurrent.ThreadPoolExecutor.getTask(ThreadPoolExecutor.java:1074)
        at java.util.concurrent.ThreadPoolExecutor.runWorker(ThreadPoolExecutor.java:1134)
        at java.util.concurrent.ThreadPoolExecutor$Worker.run(ThreadPoolExecutor.java:624)
        at java.lang.Thread.run(Thread.java:748)
"pool-188-thread-23"  prio=5 tid=2510 in Object.wait()
java.lang.Thread.State: WAITING (on object monitor)
        at sun.misc.Unsafe.park(Native Method)
        at java.util.concurrent.locks.LockSupport.park(LockSupport.java:175)
        at java.util.concurrent.locks.AbstractQueuedSynchronizer$ConditionObject.await(AbstractQueuedSynchronizer.java:2039)
        at java.util.concurrent.ArrayBlockingQueue.take(ArrayBlockingQueue.java:403)
        at java.util.concurrent.ThreadPoolExecutor.getTask(ThreadPoolExecutor.java:1074)
        at java.util.concurrent.ThreadPoolExecutor.runWorker(ThreadPoolExecutor.java:1134)
        at java.util.concurrent.ThreadPoolExecutor$Worker.run(ThreadPoolExecutor.java:624)
        at java.lang.Thread.run(Thread.java:748)
"IPC Server handler 14 on 43737" daemon prio=5 tid=1886 timed_waiting
java.lang.Thread.State: TIMED_WAITING
        at sun.misc.Unsafe.park(Native Method)
        at java.util.concurrent.locks.LockSupport.parkNanos(LockSupport.java:215)
        at java.util.concurrent.locks.AbstractQueuedSynchronizer$ConditionObject.awaitNanos(AbstractQueuedSynchronizer.java:2078)
        at java.util.concurrent.LinkedBlockingQueue.poll(LinkedBlockingQueue.java:467)
        at org.apache.hadoop.ipc.CallQueueManager.take(CallQueueManager.java:288)
        at org.apache.hadoop.ipc.Server$Handler.run(Server.java:2668)
"pool-208-thread-38"  prio=5 tid=2649 in Object.wait()
java.lang.Thread.State: WAITING (on object monitor)
        at sun.misc.Unsafe.park(Native Method)
        at java.util.concurrent.locks.LockSupport.park(LockSupport.java:175)
        at java.util.concurrent.locks.AbstractQueuedSynchronizer$ConditionObject.await(AbstractQueuedSynchronizer.java:2039)
        at java.util.concurrent.ArrayBlockingQueue.take(ArrayBlockingQueue.java:403)
        at java.util.concurrent.ThreadPoolExecutor.getTask(ThreadPoolExecutor.java:1074)
        at java.util.concurrent.ThreadPoolExecutor.runWorker(ThreadPoolExecutor.java:1134)
        at java.util.concurrent.ThreadPoolExecutor$Worker.run(ThreadPoolExecutor.java:624)
        at java.lang.Thread.run(Thread.java:748)
"ReplicationMonitor" daemon prio=5 tid=3047 timed_waiting
java.lang.Thread.State: TIMED_WAITING
        at java.lang.Object.wait(Native Method)
        at org.apache.hadoop.hdds.scm.container.ReplicationManager.run(ReplicationManager.java:229)
        at org.apache.hadoop.hdds.scm.container.ReplicationManager$$Lambda$535/1808895004.run(Unknown Source)
        at java.lang.Thread.run(Thread.java:748)
"pool-208-thread-35"  prio=5 tid=2646 in Object.wait()
java.lang.Thread.State: WAITING (on object monitor)
        at sun.misc.Unsafe.park(Native Method)
        at java.util.concurrent.locks.LockSupport.park(LockSupport.java:175)
        at java.util.concurrent.locks.AbstractQueuedSynchronizer$ConditionObject.await(AbstractQueuedSynchronizer.java:2039)
        at java.util.concurrent.ArrayBlockingQueue.take(ArrayBlockingQueue.java:403)
        at java.util.concurrent.ThreadPoolExecutor.getTask(ThreadPoolExecutor.java:1074)
        at java.util.concurrent.ThreadPoolExecutor.runWorker(ThreadPoolExecutor.java:1134)
        at java.util.concurrent.ThreadPoolExecutor$Worker.run(ThreadPoolExecutor.java:624)
        at java.lang.Thread.run(Thread.java:748)
"IPC Server handler 18 on 42444" daemon prio=5 tid=1910 timed_waiting
java.lang.Thread.State: TIMED_WAITING
        at sun.misc.Unsafe.park(Native Method)
        at java.util.concurrent.locks.LockSupport.parkNanos(LockSupport.java:215)
        at java.util.concurrent.locks.AbstractQueuedSynchronizer$ConditionObject.awaitNanos(AbstractQueuedSynchronizer.java:2078)
        at java.util.concurrent.LinkedBlockingQueue.poll(LinkedBlockingQueue.java:467)
        at org.apache.hadoop.ipc.CallQueueManager.take(CallQueueManager.java:288)
        at org.apache.hadoop.ipc.Server$Handler.run(Server.java:2668)
"DataNode DiskChecker thread 0" daemon prio=5 tid=2026 timed_waiting
java.lang.Thread.State: TIMED_WAITING
        at sun.misc.Unsafe.park(Native Method)
        at java.util.concurrent.locks.LockSupport.parkNanos(LockSupport.java:215)
        at java.util.concurrent.SynchronousQueue$TransferStack.awaitFulfill(SynchronousQueue.java:460)
        at java.util.concurrent.SynchronousQueue$TransferStack.transfer(SynchronousQueue.java:362)
        at java.util.concurrent.SynchronousQueue.poll(SynchronousQueue.java:941)
        at java.util.concurrent.ThreadPoolExecutor.getTask(ThreadPoolExecutor.java:1073)
        at java.util.concurrent.ThreadPoolExecutor.runWorker(ThreadPoolExecutor.java:1134)
        at java.util.concurrent.ThreadPoolExecutor$Worker.run(ThreadPoolExecutor.java:624)
        at java.lang.Thread.run(Thread.java:748)
"pool-188-thread-16"  prio=5 tid=2503 in Object.wait()
java.lang.Thread.State: WAITING (on object monitor)
        at sun.misc.Unsafe.park(Native Method)
        at java.util.concurrent.locks.LockSupport.park(LockSupport.java:175)
        at java.util.concurrent.locks.AbstractQueuedSynchronizer$ConditionObject.await(AbstractQueuedSynchronizer.java:2039)
        at java.util.concurrent.ArrayBlockingQueue.take(ArrayBlockingQueue.java:403)
        at java.util.concurrent.ThreadPoolExecutor.getTask(ThreadPoolExecutor.java:1074)
        at java.util.concurrent.ThreadPoolExecutor.runWorker(ThreadPoolExecutor.java:1134)
        at java.util.concurrent.ThreadPoolExecutor$Worker.run(ThreadPoolExecutor.java:624)
        at java.lang.Thread.run(Thread.java:748)
"org.eclipse.jetty.server.session.HashSessionManager@fb49fdfTimer" daemon prio=5 tid=1965 timed_waiting
java.lang.Thread.State: TIMED_WAITING
        at sun.misc.Unsafe.park(Native Method)
        at java.util.concurrent.locks.LockSupport.parkNanos(LockSupport.java:215)
        at java.util.concurrent.locks.AbstractQueuedSynchronizer$ConditionObject.awaitNanos(AbstractQueuedSynchronizer.java:2078)
        at java.util.concurrent.ScheduledThreadPoolExecutor$DelayedWorkQueue.take(ScheduledThreadPoolExecutor.java:1093)
        at java.util.concurrent.ScheduledThreadPoolExecutor$DelayedWorkQueue.take(ScheduledThreadPoolExecutor.java:809)
        at java.util.concurrent.ThreadPoolExecutor.getTask(ThreadPoolExecutor.java:1074)
        at java.util.concurrent.ThreadPoolExecutor.runWorker(ThreadPoolExecutor.java:1134)
        at java.util.concurrent.ThreadPoolExecutor$Worker.run(ThreadPoolExecutor.java:624)
        at java.lang.Thread.run(Thread.java:748)
"pool-228-thread-2"  prio=5 tid=2737 in Object.wait()
java.lang.Thread.State: WAITING (on object monitor)
        at sun.misc.Unsafe.park(Native Method)
        at java.util.concurrent.locks.LockSupport.park(LockSupport.java:175)
        at java.util.concurrent.locks.AbstractQueuedSynchronizer$ConditionObject.await(AbstractQueuedSynchronizer.java:2039)
        at java.util.concurrent.ArrayBlockingQueue.take(ArrayBlockingQueue.java:403)
        at java.util.concurrent.ThreadPoolExecutor.getTask(ThreadPoolExecutor.java:1074)
        at java.util.concurrent.ThreadPoolExecutor.runWorker(ThreadPoolExecutor.java:1134)
        at java.util.concurrent.ThreadPoolExecutor$Worker.run(ThreadPoolExecutor.java:624)
        at java.lang.Thread.run(Thread.java:748)
"Datanode ReportManager Thread - 1" daemon prio=5 tid=388 in Object.wait()
java.lang.Thread.State: WAITING (on object monitor)
        at sun.misc.Unsafe.park(Native Method)
        at java.util.concurrent.locks.LockSupport.park(LockSupport.java:175)
        at java.util.concurrent.locks.AbstractQueuedSynchronizer$ConditionObject.await(AbstractQueuedSynchronizer.java:2039)
        at java.util.concurrent.ScheduledThreadPoolExecutor$DelayedWorkQueue.take(ScheduledThreadPoolExecutor.java:1088)
        at java.util.concurrent.ScheduledThreadPoolExecutor$DelayedWorkQueue.take(ScheduledThreadPoolExecutor.java:809)
        at java.util.concurrent.ThreadPoolExecutor.getTask(ThreadPoolExecutor.java:1074)
        at java.util.concurrent.ThreadPoolExecutor.runWorker(ThreadPoolExecutor.java:1134)
        at java.util.concurrent.ThreadPoolExecutor$Worker.run(ThreadPoolExecutor.java:624)
        at java.lang.Thread.run(Thread.java:748)
"pool-206-thread-1" daemon prio=5 tid=2135 timed_waiting
java.lang.Thread.State: TIMED_WAITING
        at sun.misc.Unsafe.park(Native Method)
        at java.util.concurrent.locks.LockSupport.parkNanos(LockSupport.java:215)
        at java.util.concurrent.locks.AbstractQueuedSynchronizer$ConditionObject.awaitNanos(AbstractQueuedSynchronizer.java:2078)
        at java.util.concurrent.ScheduledThreadPoolExecutor$DelayedWorkQueue.take(ScheduledThreadPoolExecutor.java:1093)
        at java.util.concurrent.ScheduledThreadPoolExecutor$DelayedWorkQueue.take(ScheduledThreadPoolExecutor.java:809)
        at java.util.concurrent.ThreadPoolExecutor.getTask(ThreadPoolExecutor.java:1074)
        at java.util.concurrent.ThreadPoolExecutor.runWorker(ThreadPoolExecutor.java:1134)
        at java.util.concurrent.ThreadPoolExecutor$Worker.run(ThreadPoolExecutor.java:624)
        at java.lang.Thread.run(Thread.java:748)
"qtp1768471788-2032" daemon prio=5 tid=2032 timed_waiting
java.lang.Thread.State: TIMED_WAITING
        at sun.misc.Unsafe.park(Native Method)
        at java.util.concurrent.locks.LockSupport.parkNanos(LockSupport.java:215)
        at java.util.concurrent.locks.AbstractQueuedSynchronizer$ConditionObject.awaitNanos(AbstractQueuedSynchronizer.java:2078)
        at org.eclipse.jetty.util.BlockingArrayQueue.poll(BlockingArrayQueue.java:392)
        at org.eclipse.jetty.util.thread.QueuedThreadPool.idleJobPoll(QueuedThreadPool.java:563)
        at org.eclipse.jetty.util.thread.QueuedThreadPool.access$800(QueuedThreadPool.java:48)
        at org.eclipse.jetty.util.thread.QueuedThreadPool$2.run(QueuedThreadPool.java:626)
        at java.lang.Thread.run(Thread.java:748)
"Datanode ReportManager Thread - 0" daemon prio=5 tid=2150 in Object.wait()
java.lang.Thread.State: WAITING (on object monitor)
        at sun.misc.Unsafe.park(Native Method)
        at java.util.concurrent.locks.LockSupport.park(LockSupport.java:175)
        at java.util.concurrent.locks.AbstractQueuedSynchronizer$ConditionObject.await(AbstractQueuedSynchronizer.java:2039)
        at java.util.concurrent.ScheduledThreadPoolExecutor$DelayedWorkQueue.take(ScheduledThreadPoolExecutor.java:1088)
        at java.util.concurrent.ScheduledThreadPoolExecutor$DelayedWorkQueue.take(ScheduledThreadPoolExecutor.java:809)
        at java.util.concurrent.ThreadPoolExecutor.getTask(ThreadPoolExecutor.java:1074)
        at java.util.concurrent.ThreadPoolExecutor.runWorker(ThreadPoolExecutor.java:1134)
        at java.util.concurrent.ThreadPoolExecutor$Worker.run(ThreadPoolExecutor.java:624)
        at java.lang.Thread.run(Thread.java:748)
"pool-198-thread-25"  prio=5 tid=2574 in Object.wait()
java.lang.Thread.State: WAITING (on object monitor)
        at sun.misc.Unsafe.park(Native Method)
        at java.util.concurrent.locks.LockSupport.park(LockSupport.java:175)
        at java.util.concurrent.locks.AbstractQueuedSynchronizer$ConditionObject.await(AbstractQueuedSynchronizer.java:2039)
        at java.util.concurrent.ArrayBlockingQueue.take(ArrayBlockingQueue.java:403)
        at java.util.concurrent.ThreadPoolExecutor.getTask(ThreadPoolExecutor.java:1074)
        at java.util.concurrent.ThreadPoolExecutor.runWorker(ThreadPoolExecutor.java:1134)
        at java.util.concurrent.ThreadPoolExecutor$Worker.run(ThreadPoolExecutor.java:624)
        at java.lang.Thread.run(Thread.java:748)
"pool-238-thread-30"  prio=5 tid=2827 in Object.wait()
java.lang.Thread.State: WAITING (on object monitor)
        at sun.misc.Unsafe.park(Native Method)
        at java.util.concurrent.locks.LockSupport.park(LockSupport.java:175)
        at java.util.concurrent.locks.AbstractQueuedSynchronizer$ConditionObject.await(AbstractQueuedSynchronizer.java:2039)
        at java.util.concurrent.ArrayBlockingQueue.take(ArrayBlockingQueue.java:403)
        at java.util.concurrent.ThreadPoolExecutor.getTask(ThreadPoolExecutor.java:1074)
        at java.util.concurrent.ThreadPoolExecutor.runWorker(ThreadPoolExecutor.java:1134)
        at java.util.concurrent.ThreadPoolExecutor$Worker.run(ThreadPoolExecutor.java:624)
        at java.lang.Thread.run(Thread.java:748)
"qtp1090160486-1916" daemon prio=5 tid=1916 timed_waiting
java.lang.Thread.State: TIMED_WAITING
        at sun.misc.Unsafe.park(Native Method)
        at java.util.concurrent.locks.LockSupport.parkNanos(LockSupport.java:215)
        at java.util.concurrent.locks.AbstractQueuedSynchronizer$ConditionObject.awaitNanos(AbstractQueuedSynchronizer.java:2078)
        at org.eclipse.jetty.util.BlockingArrayQueue.poll(BlockingArrayQueue.java:392)
        at org.eclipse.jetty.util.thread.QueuedThreadPool.idleJobPoll(QueuedThreadPool.java:563)
        at org.eclipse.jetty.util.thread.QueuedThreadPool.access$800(QueuedThreadPool.java:48)
        at org.eclipse.jetty.util.thread.QueuedThreadPool$2.run(QueuedThreadPool.java:626)
        at java.lang.Thread.run(Thread.java:748)
"pool-212-thread-1"  prio=5 tid=2137 timed_waiting
java.lang.Thread.State: TIMED_WAITING
        at sun.misc.Unsafe.park(Native Method)
        at java.util.concurrent.locks.LockSupport.parkNanos(LockSupport.java:215)
        at java.util.concurrent.locks.AbstractQueuedSynchronizer$ConditionObject.awaitNanos(AbstractQueuedSynchronizer.java:2078)
        at java.util.concurrent.ScheduledThreadPoolExecutor$DelayedWorkQueue.take(ScheduledThreadPoolExecutor.java:1093)
        at java.util.concurrent.ScheduledThreadPoolExecutor$DelayedWorkQueue.take(ScheduledThreadPoolExecutor.java:809)
        at java.util.concurrent.ThreadPoolExecutor.getTask(ThreadPoolExecutor.java:1074)
        at java.util.concurrent.ThreadPoolExecutor.runWorker(ThreadPoolExecutor.java:1134)
        at java.util.concurrent.ThreadPoolExecutor$Worker.run(ThreadPoolExecutor.java:624)
        at java.lang.Thread.run(Thread.java:748)
"Datanode ReportManager Thread - 0" daemon prio=5 tid=171 in Object.wait()
java.lang.Thread.State: WAITING (on object monitor)
        at sun.misc.Unsafe.park(Native Method)
        at java.util.concurrent.locks.LockSupport.park(LockSupport.java:175)
        at java.util.concurrent.locks.AbstractQueuedSynchronizer$ConditionObject.await(AbstractQueuedSynchronizer.java:2039)
        at java.util.concurrent.ScheduledThreadPoolExecutor$DelayedWorkQueue.take(ScheduledThreadPoolExecutor.java:1088)
        at java.util.concurrent.ScheduledThreadPoolExecutor$DelayedWorkQueue.take(ScheduledThreadPoolExecutor.java:809)
        at java.util.concurrent.ThreadPoolExecutor.getTask(ThreadPoolExecutor.java:1074)
        at java.util.concurrent.ThreadPoolExecutor.runWorker(ThreadPoolExecutor.java:1134)
        at java.util.concurrent.ThreadPoolExecutor$Worker.run(ThreadPoolExecutor.java:624)
        at java.lang.Thread.run(Thread.java:748)
"pool-178-thread-4"  prio=5 tid=2429 in Object.wait()
java.lang.Thread.State: WAITING (on object monitor)
        at sun.misc.Unsafe.park(Native Method)
        at java.util.concurrent.locks.LockSupport.park(LockSupport.java:175)
        at java.util.concurrent.locks.AbstractQueuedSynchronizer$ConditionObject.await(AbstractQueuedSynchronizer.java:2039)
        at java.util.concurrent.ArrayBlockingQueue.take(ArrayBlockingQueue.java:403)
        at java.util.concurrent.ThreadPoolExecutor.getTask(ThreadPoolExecutor.java:1074)
        at java.util.concurrent.ThreadPoolExecutor.runWorker(ThreadPoolExecutor.java:1134)
        at java.util.concurrent.ThreadPoolExecutor$Worker.run(ThreadPoolExecutor.java:624)
        at java.lang.Thread.run(Thread.java:748)
"Datanode ReportManager Thread - 1" daemon prio=5 tid=2043 timed_waiting
java.lang.Thread.State: TIMED_WAITING
        at sun.misc.Unsafe.park(Native Method)
        at java.util.concurrent.locks.LockSupport.parkNanos(LockSupport.java:215)
        at java.util.concurrent.locks.AbstractQueuedSynchronizer$ConditionObject.awaitNanos(AbstractQueuedSynchronizer.java:2078)
        at java.util.concurrent.ScheduledThreadPoolExecutor$DelayedWorkQueue.take(ScheduledThreadPoolExecutor.java:1093)
        at java.util.concurrent.ScheduledThreadPoolExecutor$DelayedWorkQueue.take(ScheduledThreadPoolExecutor.java:809)
        at java.util.concurrent.ThreadPoolExecutor.getTask(ThreadPoolExecutor.java:1074)
        at java.util.concurrent.ThreadPoolExecutor.runWorker(ThreadPoolExecutor.java:1134)
        at java.util.concurrent.ThreadPoolExecutor$Worker.run(ThreadPoolExecutor.java:624)
        at java.lang.Thread.run(Thread.java:748)
"pool-148-thread-4"  prio=5 tid=2242 in Object.wait()
java.lang.Thread.State: WAITING (on object monitor)
        at sun.misc.Unsafe.park(Native Method)
        at java.util.concurrent.locks.LockSupport.park(LockSupport.java:175)
        at java.util.concurrent.locks.AbstractQueuedSynchronizer$ConditionObject.await(AbstractQueuedSynchronizer.java:2039)
        at java.util.concurrent.ArrayBlockingQueue.take(ArrayBlockingQueue.java:403)
        at java.util.concurrent.ThreadPoolExecutor.getTask(ThreadPoolExecutor.java:1074)
        at java.util.concurrent.ThreadPoolExecutor.runWorker(ThreadPoolExecutor.java:1134)
        at java.util.concurrent.ThreadPoolExecutor$Worker.run(ThreadPoolExecutor.java:624)
        at java.lang.Thread.run(Thread.java:748)
"pool-228-thread-55"  prio=5 tid=2790 in Object.wait()
java.lang.Thread.State: WAITING (on object monitor)
        at sun.misc.Unsafe.park(Native Method)
        at java.util.concurrent.locks.LockSupport.park(LockSupport.java:175)
        at java.util.concurrent.locks.AbstractQueuedSynchronizer$ConditionObject.await(AbstractQueuedSynchronizer.java:2039)
        at java.util.concurrent.ArrayBlockingQueue.take(ArrayBlockingQueue.java:403)
        at java.util.concurrent.ThreadPoolExecutor.getTask(ThreadPoolExecutor.java:1074)
        at java.util.concurrent.ThreadPoolExecutor.runWorker(ThreadPoolExecutor.java:1134)
        at java.util.concurrent.ThreadPoolExecutor$Worker.run(ThreadPoolExecutor.java:624)
        at java.lang.Thread.run(Thread.java:748)
"pool-228-thread-14"  prio=5 tid=2749 in Object.wait()
java.lang.Thread.State: WAITING (on object monitor)
        at sun.misc.Unsafe.park(Native Method)
        at java.util.concurrent.locks.LockSupport.park(LockSupport.java:175)
        at java.util.concurrent.locks.AbstractQueuedSynchronizer$ConditionObject.await(AbstractQueuedSynchronizer.java:2039)
        at java.util.concurrent.ArrayBlockingQueue.take(ArrayBlockingQueue.java:403)
        at java.util.concurrent.ThreadPoolExecutor.getTask(ThreadPoolExecutor.java:1074)
        at java.util.concurrent.ThreadPoolExecutor.runWorker(ThreadPoolExecutor.java:1134)
        at java.util.concurrent.ThreadPoolExecutor$Worker.run(ThreadPoolExecutor.java:624)
        at java.lang.Thread.run(Thread.java:748)
"Datanode ReportManager Thread - 1" daemon prio=5 tid=2124 timed_waiting
java.lang.Thread.State: TIMED_WAITING
        at sun.misc.Unsafe.park(Native Method)
        at java.util.concurrent.locks.LockSupport.parkNanos(LockSupport.java:215)
        at java.util.concurrent.locks.AbstractQueuedSynchronizer$ConditionObject.awaitNanos(AbstractQueuedSynchronizer.java:2078)
        at java.util.concurrent.ScheduledThreadPoolExecutor$DelayedWorkQueue.take(ScheduledThreadPoolExecutor.java:1093)
        at java.util.concurrent.ScheduledThreadPoolExecutor$DelayedWorkQueue.take(ScheduledThreadPoolExecutor.java:809)
        at java.util.concurrent.ThreadPoolExecutor.getTask(ThreadPoolExecutor.java:1074)
        at java.util.concurrent.ThreadPoolExecutor.runWorker(ThreadPoolExecutor.java:1134)
        at java.util.concurrent.ThreadPoolExecutor$Worker.run(ThreadPoolExecutor.java:624)
        at java.lang.Thread.run(Thread.java:748)
"pool-168-thread-14"  prio=5 tid=2377 in Object.wait()
java.lang.Thread.State: WAITING (on object monitor)
        at sun.misc.Unsafe.park(Native Method)
        at java.util.concurrent.locks.LockSupport.park(LockSupport.java:175)
        at java.util.concurrent.locks.AbstractQueuedSynchronizer$ConditionObject.await(AbstractQueuedSynchronizer.java:2039)
        at java.util.concurrent.ArrayBlockingQueue.take(ArrayBlockingQueue.java:403)
        at java.util.concurrent.ThreadPoolExecutor.getTask(ThreadPoolExecutor.java:1074)
        at java.util.concurrent.ThreadPoolExecutor.runWorker(ThreadPoolExecutor.java:1134)
        at java.util.concurrent.ThreadPoolExecutor$Worker.run(ThreadPoolExecutor.java:624)
        at java.lang.Thread.run(Thread.java:748)
"pool-218-thread-39"  prio=5 tid=2712 in Object.wait()
java.lang.Thread.State: WAITING (on object monitor)
        at sun.misc.Unsafe.park(Native Method)
        at java.util.concurrent.locks.LockSupport.park(LockSupport.java:175)
        at java.util.concurrent.locks.AbstractQueuedSynchronizer$ConditionObject.await(AbstractQueuedSynchronizer.java:2039)
        at java.util.concurrent.ArrayBlockingQueue.take(ArrayBlockingQueue.java:403)
        at java.util.concurrent.ThreadPoolExecutor.getTask(ThreadPoolExecutor.java:1074)
        at java.util.concurrent.ThreadPoolExecutor.runWorker(ThreadPoolExecutor.java:1134)
        at java.util.concurrent.ThreadPoolExecutor$Worker.run(ThreadPoolExecutor.java:624)
        at java.lang.Thread.run(Thread.java:748)
"org.eclipse.jetty.server.session.HashSessionManager@713ec32dTimer" daemon prio=5 tid=2092 timed_waiting
java.lang.Thread.State: TIMED_WAITING
        at sun.misc.Unsafe.park(Native Method)
        at java.util.concurrent.locks.LockSupport.parkNanos(LockSupport.java:215)
        at java.util.concurrent.locks.AbstractQueuedSynchronizer$ConditionObject.awaitNanos(AbstractQueuedSynchronizer.java:2078)
        at java.util.concurrent.ScheduledThreadPoolExecutor$DelayedWorkQueue.take(ScheduledThreadPoolExecutor.java:1093)
        at java.util.concurrent.ScheduledThreadPoolExecutor$DelayedWorkQueue.take(ScheduledThreadPoolExecutor.java:809)
        at java.util.concurrent.ThreadPoolExecutor.getTask(ThreadPoolExecutor.java:1074)
        at java.util.concurrent.ThreadPoolExecutor.runWorker(ThreadPoolExecutor.java:1134)
        at java.util.concurrent.ThreadPoolExecutor$Worker.run(ThreadPoolExecutor.java:624)
        at java.lang.Thread.run(Thread.java:748)
"pool-168-thread-45"  prio=5 tid=2408 in Object.wait()
java.lang.Thread.State: WAITING (on object monitor)
        at sun.misc.Unsafe.park(Native Method)
        at java.util.concurrent.locks.LockSupport.park(LockSupport.java:175)
        at java.util.concurrent.locks.AbstractQueuedSynchronizer$ConditionObject.await(AbstractQueuedSynchronizer.java:2039)
        at java.util.concurrent.ArrayBlockingQueue.take(ArrayBlockingQueue.java:403)
        at java.util.concurrent.ThreadPoolExecutor.getTask(ThreadPoolExecutor.java:1074)
        at java.util.concurrent.ThreadPoolExecutor.runWorker(ThreadPoolExecutor.java:1134)
        at java.util.concurrent.ThreadPoolExecutor$Worker.run(ThreadPoolExecutor.java:624)
        at java.lang.Thread.run(Thread.java:748)
"2f24271a-73a2-4678-8a2d-efde1b9a7c05@group-CE93C81AF12A-SegmentedRaftLogWorker"  prio=5 tid=3106 timed_waiting
java.lang.Thread.State: TIMED_WAITING
        at sun.misc.Unsafe.park(Native Method)
        at java.util.concurrent.locks.LockSupport.parkNanos(LockSupport.java:215)
        at java.util.concurrent.locks.AbstractQueuedSynchronizer$ConditionObject.awaitNanos(AbstractQueuedSynchronizer.java:2078)
        at org.apache.ratis.util.DataBlockingQueue.poll(DataBlockingQueue.java:137)
        at org.apache.ratis.server.raftlog.segmented.SegmentedRaftLogWorker.run(SegmentedRaftLogWorker.java:282)
        at java.lang.Thread.run(Thread.java:748)
"pool-188-thread-6"  prio=5 tid=2493 in Object.wait()
java.lang.Thread.State: WAITING (on object monitor)
        at sun.misc.Unsafe.park(Native Method)
        at java.util.concurrent.locks.LockSupport.park(LockSupport.java:175)
        at java.util.concurrent.locks.AbstractQueuedSynchronizer$ConditionObject.await(AbstractQueuedSynchronizer.java:2039)
        at java.util.concurrent.ArrayBlockingQueue.take(ArrayBlockingQueue.java:403)
        at java.util.concurrent.ThreadPoolExecutor.getTask(ThreadPoolExecutor.java:1074)
        at java.util.concurrent.ThreadPoolExecutor.runWorker(ThreadPoolExecutor.java:1134)
        at java.util.concurrent.ThreadPoolExecutor$Worker.run(ThreadPoolExecutor.java:624)
        at java.lang.Thread.run(Thread.java:748)
"Datanode ReportManager Thread - 2" daemon prio=5 tid=416 timed_waiting
java.lang.Thread.State: TIMED_WAITING
        at sun.misc.Unsafe.park(Native Method)
        at java.util.concurrent.locks.LockSupport.parkNanos(LockSupport.java:215)
        at java.util.concurrent.locks.AbstractQueuedSynchronizer$ConditionObject.awaitNanos(AbstractQueuedSynchronizer.java:2078)
        at java.util.concurrent.ScheduledThreadPoolExecutor$DelayedWorkQueue.take(ScheduledThreadPoolExecutor.java:1093)
        at java.util.concurrent.ScheduledThreadPoolExecutor$DelayedWorkQueue.take(ScheduledThreadPoolExecutor.java:809)
        at java.util.concurrent.ThreadPoolExecutor.getTask(ThreadPoolExecutor.java:1074)
        at java.util.concurrent.ThreadPoolExecutor.runWorker(ThreadPoolExecutor.java:1134)
        at java.util.concurrent.ThreadPoolExecutor$Worker.run(ThreadPoolExecutor.java:624)
        at java.lang.Thread.run(Thread.java:748)
"BlockDeletingService#0" daemon prio=5 tid=2300 timed_waiting
java.lang.Thread.State: TIMED_WAITING
        at sun.misc.Unsafe.park(Native Method)
        at java.util.concurrent.locks.LockSupport.parkNanos(LockSupport.java:215)
        at java.util.concurrent.locks.AbstractQueuedSynchronizer$ConditionObject.awaitNanos(AbstractQueuedSynchronizer.java:2078)
        at java.util.concurrent.ScheduledThreadPoolExecutor$DelayedWorkQueue.take(ScheduledThreadPoolExecutor.java:1093)
        at java.util.concurrent.ScheduledThreadPoolExecutor$DelayedWorkQueue.take(ScheduledThreadPoolExecutor.java:809)
        at java.util.concurrent.ThreadPoolExecutor.getTask(ThreadPoolExecutor.java:1074)
        at java.util.concurrent.ThreadPoolExecutor.runWorker(ThreadPoolExecutor.java:1134)
        at java.util.concurrent.ThreadPoolExecutor$Worker.run(ThreadPoolExecutor.java:624)
        at java.lang.Thread.run(Thread.java:748)
"pool-188-thread-58"  prio=5 tid=2545 in Object.wait()
java.lang.Thread.State: WAITING (on object monitor)
        at sun.misc.Unsafe.park(Native Method)
        at java.util.concurrent.locks.LockSupport.park(LockSupport.java:175)
        at java.util.concurrent.locks.AbstractQueuedSynchronizer$ConditionObject.await(AbstractQueuedSynchronizer.java:2039)
        at java.util.concurrent.ArrayBlockingQueue.take(ArrayBlockingQueue.java:403)
        at java.util.concurrent.ThreadPoolExecutor.getTask(ThreadPoolExecutor.java:1074)
        at java.util.concurrent.ThreadPoolExecutor.runWorker(ThreadPoolExecutor.java:1134)
        at java.util.concurrent.ThreadPoolExecutor$Worker.run(ThreadPoolExecutor.java:624)
        at java.lang.Thread.run(Thread.java:748)
"qtp141388791-2223" daemon prio=5 tid=2223 timed_waiting
java.lang.Thread.State: TIMED_WAITING
        at sun.misc.Unsafe.park(Native Method)
        at java.util.concurrent.locks.LockSupport.parkNanos(LockSupport.java:215)
        at java.util.concurrent.locks.AbstractQueuedSynchronizer$ConditionObject.awaitNanos(AbstractQueuedSynchronizer.java:2078)
        at org.eclipse.jetty.util.BlockingArrayQueue.poll(BlockingArrayQueue.java:392)
        at org.eclipse.jetty.util.thread.QueuedThreadPool.idleJobPoll(QueuedThreadPool.java:563)
        at org.eclipse.jetty.util.thread.QueuedThreadPool.access$800(QueuedThreadPool.java:48)
        at org.eclipse.jetty.util.thread.QueuedThreadPool$2.run(QueuedThreadPool.java:626)
        at java.lang.Thread.run(Thread.java:748)
"grpc-default-boss-ELG-4-1" daemon prio=5 tid=2299 runnable
java.lang.Thread.State: RUNNABLE
        at sun.nio.ch.EPollArrayWrapper.epollWait(Native Method)
        at sun.nio.ch.EPollArrayWrapper.poll(EPollArrayWrapper.java:269)
        at sun.nio.ch.EPollSelectorImpl.doSelect(EPollSelectorImpl.java:93)
        at sun.nio.ch.SelectorImpl.lockAndDoSelect(SelectorImpl.java:86)
        at sun.nio.ch.SelectorImpl.select(SelectorImpl.java:97)
        at org.apache.ratis.thirdparty.io.netty.channel.nio.SelectedSelectionKeySetSelector.select(SelectedSelectionKeySetSelector.java:62)
        at org.apache.ratis.thirdparty.io.netty.channel.nio.NioEventLoop.select(NioEventLoop.java:753)
        at org.apache.ratis.thirdparty.io.netty.channel.nio.NioEventLoop.run(NioEventLoop.java:408)
        at org.apache.ratis.thirdparty.io.netty.util.concurrent.SingleThreadEventExecutor$5.run(SingleThreadEventExecutor.java:897)
        at org.apache.ratis.thirdparty.io.netty.util.concurrent.FastThreadLocalRunnable.run(FastThreadLocalRunnable.java:30)
        at java.lang.Thread.run(Thread.java:748)
"BlockDeletingService#0" daemon prio=5 tid=2548 timed_waiting
java.lang.Thread.State: TIMED_WAITING
        at sun.misc.Unsafe.park(Native Method)
        at java.util.concurrent.locks.LockSupport.parkNanos(LockSupport.java:215)
        at java.util.concurrent.locks.AbstractQueuedSynchronizer$ConditionObject.awaitNanos(AbstractQueuedSynchronizer.java:2078)
        at java.util.concurrent.ScheduledThreadPoolExecutor$DelayedWorkQueue.take(ScheduledThreadPoolExecutor.java:1093)
        at java.util.concurrent.ScheduledThreadPoolExecutor$DelayedWorkQueue.take(ScheduledThreadPoolExecutor.java:809)
        at java.util.concurrent.ThreadPoolExecutor.getTask(ThreadPoolExecutor.java:1074)
        at java.util.concurrent.ThreadPoolExecutor.runWorker(ThreadPoolExecutor.java:1134)
        at java.util.concurrent.ThreadPoolExecutor$Worker.run(ThreadPoolExecutor.java:624)
        at java.lang.Thread.run(Thread.java:748)
"qtp955153053-2192" daemon prio=5 tid=2192 runnable
java.lang.Thread.State: RUNNABLE
        at sun.nio.ch.EPollArrayWrapper.epollWait(Native Method)
        at sun.nio.ch.EPollArrayWrapper.poll(EPollArrayWrapper.java:269)
        at sun.nio.ch.EPollSelectorImpl.doSelect(EPollSelectorImpl.java:93)
        at sun.nio.ch.SelectorImpl.lockAndDoSelect(SelectorImpl.java:86)
        at sun.nio.ch.SelectorImpl.select(SelectorImpl.java:97)
        at sun.nio.ch.SelectorImpl.select(SelectorImpl.java:101)
        at org.eclipse.jetty.io.ManagedSelector$SelectorProducer.select(ManagedSelector.java:243)
        at org.eclipse.jetty.io.ManagedSelector$SelectorProducer.produce(ManagedSelector.java:191)
        at org.eclipse.jetty.util.thread.strategy.ExecuteProduceConsume.executeProduceConsume(ExecuteProduceConsume.java:249)
        at org.eclipse.jetty.util.thread.strategy.ExecuteProduceConsume.produceConsume(ExecuteProduceConsume.java:148)
        at org.eclipse.jetty.util.thread.strategy.ExecuteProduceConsume.execute(ExecuteProduceConsume.java:100)
        at org.eclipse.jetty.io.ManagedSelector.run(ManagedSelector.java:147)
        at org.eclipse.jetty.util.thread.QueuedThreadPool.runJob(QueuedThreadPool.java:671)
        at org.eclipse.jetty.util.thread.QueuedThreadPool$2.run(QueuedThreadPool.java:589)
        at java.lang.Thread.run(Thread.java:748)
"org.eclipse.jetty.server.session.HashSessionManager@5b5dce5cTimer" daemon prio=5 tid=1964 timed_waiting
java.lang.Thread.State: TIMED_WAITING
        at sun.misc.Unsafe.park(Native Method)
        at java.util.concurrent.locks.LockSupport.parkNanos(LockSupport.java:215)
        at java.util.concurrent.locks.AbstractQueuedSynchronizer$ConditionObject.awaitNanos(AbstractQueuedSynchronizer.java:2078)
        at java.util.concurrent.ScheduledThreadPoolExecutor$DelayedWorkQueue.take(ScheduledThreadPoolExecutor.java:1093)
        at java.util.concurrent.ScheduledThreadPoolExecutor$DelayedWorkQueue.take(ScheduledThreadPoolExecutor.java:809)
        at java.util.concurrent.ThreadPoolExecutor.getTask(ThreadPoolExecutor.java:1074)
        at java.util.concurrent.ThreadPoolExecutor.runWorker(ThreadPoolExecutor.java:1134)
        at java.util.concurrent.ThreadPoolExecutor$Worker.run(ThreadPoolExecutor.java:624)
        at java.lang.Thread.run(Thread.java:748)
"pool-178-thread-10"  prio=5 tid=2435 in Object.wait()
java.lang.Thread.State: WAITING (on object monitor)
        at sun.misc.Unsafe.park(Native Method)
        at java.util.concurrent.locks.LockSupport.park(LockSupport.java:175)
        at java.util.concurrent.locks.AbstractQueuedSynchronizer$ConditionObject.await(AbstractQueuedSynchronizer.java:2039)
        at java.util.concurrent.ArrayBlockingQueue.take(ArrayBlockingQueue.java:403)
        at java.util.concurrent.ThreadPoolExecutor.getTask(ThreadPoolExecutor.java:1074)
        at java.util.concurrent.ThreadPoolExecutor.runWorker(ThreadPoolExecutor.java:1134)
        at java.util.concurrent.ThreadPoolExecutor$Worker.run(ThreadPoolExecutor.java:624)
        at java.lang.Thread.run(Thread.java:748)
"SCMBlockDeletingService#0" daemon prio=5 tid=1923 timed_waiting
java.lang.Thread.State: TIMED_WAITING
        at sun.misc.Unsafe.park(Native Method)
        at java.util.concurrent.locks.LockSupport.parkNanos(LockSupport.java:215)
        at java.util.concurrent.locks.AbstractQueuedSynchronizer$ConditionObject.awaitNanos(AbstractQueuedSynchronizer.java:2078)
        at java.util.concurrent.ScheduledThreadPoolExecutor$DelayedWorkQueue.take(ScheduledThreadPoolExecutor.java:1093)
        at java.util.concurrent.ScheduledThreadPoolExecutor$DelayedWorkQueue.take(ScheduledThreadPoolExecutor.java:809)
        at java.util.concurrent.ThreadPoolExecutor.getTask(ThreadPoolExecutor.java:1074)
        at java.util.concurrent.ThreadPoolExecutor.runWorker(ThreadPoolExecutor.java:1134)
        at java.util.concurrent.ThreadPoolExecutor$Worker.run(ThreadPoolExecutor.java:624)
        at java.lang.Thread.run(Thread.java:748)
"pool-188-thread-27"  prio=5 tid=2514 in Object.wait()
java.lang.Thread.State: WAITING (on object monitor)
        at sun.misc.Unsafe.park(Native Method)
        at java.util.concurrent.locks.LockSupport.park(LockSupport.java:175)
        at java.util.concurrent.locks.AbstractQueuedSynchronizer$ConditionObject.await(AbstractQueuedSynchronizer.java:2039)
        at java.util.concurrent.ArrayBlockingQueue.take(ArrayBlockingQueue.java:403)
        at java.util.concurrent.ThreadPoolExecutor.getTask(ThreadPoolExecutor.java:1074)
        at java.util.concurrent.ThreadPoolExecutor.runWorker(ThreadPoolExecutor.java:1134)
        at java.util.concurrent.ThreadPoolExecutor$Worker.run(ThreadPoolExecutor.java:624)
        at java.lang.Thread.run(Thread.java:748)
"pool-178-thread-57"  prio=5 tid=2482 in Object.wait()
java.lang.Thread.State: WAITING (on object monitor)
        at sun.misc.Unsafe.park(Native Method)
        at java.util.concurrent.locks.LockSupport.park(LockSupport.java:175)
        at java.util.concurrent.locks.AbstractQueuedSynchronizer$ConditionObject.await(AbstractQueuedSynchronizer.java:2039)
        at java.util.concurrent.ArrayBlockingQueue.take(ArrayBlockingQueue.java:403)
        at java.util.concurrent.ThreadPoolExecutor.getTask(ThreadPoolExecutor.java:1074)
        at java.util.concurrent.ThreadPoolExecutor.runWorker(ThreadPoolExecutor.java:1134)
        at java.util.concurrent.ThreadPoolExecutor$Worker.run(ThreadPoolExecutor.java:624)
        at java.lang.Thread.run(Thread.java:748)
"Thread-1500" daemon prio=5 tid=3159 timed_waiting
java.lang.Thread.State: TIMED_WAITING
        at sun.misc.Unsafe.park(Native Method)
        at java.util.concurrent.locks.LockSupport.parkNanos(LockSupport.java:215)
        at java.util.concurrent.locks.AbstractQueuedSynchronizer$ConditionObject.awaitNanos(AbstractQueuedSynchronizer.java:2078)
        at java.util.concurrent.ArrayBlockingQueue.poll(ArrayBlockingQueue.java:418)
        at org.apache.ratis.server.impl.LeaderState$EventQueue.poll(LeaderState.java:115)
        at org.apache.ratis.server.impl.LeaderState$EventProcessor.run(LeaderState.java:467)
"pool-188-thread-57"  prio=5 tid=2544 in Object.wait()
java.lang.Thread.State: WAITING (on object monitor)
        at sun.misc.Unsafe.park(Native Method)
        at java.util.concurrent.locks.LockSupport.park(LockSupport.java:175)
        at java.util.concurrent.locks.AbstractQueuedSynchronizer$ConditionObject.await(AbstractQueuedSynchronizer.java:2039)
        at java.util.concurrent.ArrayBlockingQueue.take(ArrayBlockingQueue.java:403)
        at java.util.concurrent.ThreadPoolExecutor.getTask(ThreadPoolExecutor.java:1074)
        at java.util.concurrent.ThreadPoolExecutor.runWorker(ThreadPoolExecutor.java:1134)
        at java.util.concurrent.ThreadPoolExecutor$Worker.run(ThreadPoolExecutor.java:624)
        at java.lang.Thread.run(Thread.java:748)
"pool-148-thread-39"  prio=5 tid=2277 in Object.wait()
java.lang.Thread.State: WAITING (on object monitor)
        at sun.misc.Unsafe.park(Native Method)
        at java.util.concurrent.locks.LockSupport.park(LockSupport.java:175)
        at java.util.concurrent.locks.AbstractQueuedSynchronizer$ConditionObject.await(AbstractQueuedSynchronizer.java:2039)
        at java.util.concurrent.ArrayBlockingQueue.take(ArrayBlockingQueue.java:403)
        at java.util.concurrent.ThreadPoolExecutor.getTask(ThreadPoolExecutor.java:1074)
        at java.util.concurrent.ThreadPoolExecutor.runWorker(ThreadPoolExecutor.java:1134)
        at java.util.concurrent.ThreadPoolExecutor$Worker.run(ThreadPoolExecutor.java:624)
        at java.lang.Thread.run(Thread.java:748)
"qtp254416915-2141" daemon prio=5 tid=2141 timed_waiting
java.lang.Thread.State: TIMED_WAITING
        at sun.misc.Unsafe.park(Native Method)
        at java.util.concurrent.locks.LockSupport.parkNanos(LockSupport.java:215)
        at java.util.concurrent.locks.AbstractQueuedSynchronizer$ConditionObject.awaitNanos(AbstractQueuedSynchronizer.java:2078)
        at org.eclipse.jetty.util.BlockingArrayQueue.poll(BlockingArrayQueue.java:392)
        at org.eclipse.jetty.util.thread.QueuedThreadPool.idleJobPoll(QueuedThreadPool.java:563)
        at org.eclipse.jetty.util.thread.QueuedThreadPool.access$800(QueuedThreadPool.java:48)
        at org.eclipse.jetty.util.thread.QueuedThreadPool$2.run(QueuedThreadPool.java:626)
        at java.lang.Thread.run(Thread.java:748)
"Datanode State Machine Thread - 0" daemon prio=5 tid=2129 timed_waiting
java.lang.Thread.State: TIMED_WAITING
        at sun.misc.Unsafe.park(Native Method)
        at java.util.concurrent.locks.LockSupport.parkNanos(LockSupport.java:215)
        at java.util.concurrent.SynchronousQueue$TransferStack.awaitFulfill(SynchronousQueue.java:460)
        at java.util.concurrent.SynchronousQueue$TransferStack.transfer(SynchronousQueue.java:362)
        at java.util.concurrent.SynchronousQueue.poll(SynchronousQueue.java:941)
        at java.util.concurrent.ThreadPoolExecutor.getTask(ThreadPoolExecutor.java:1073)
        at java.util.concurrent.ThreadPoolExecutor.runWorker(ThreadPoolExecutor.java:1134)
        at java.util.concurrent.ThreadPoolExecutor$Worker.run(ThreadPoolExecutor.java:624)
        at java.lang.Thread.run(Thread.java:748)
"IPC Server handler 0 on 35974" daemon prio=5 tid=1852 timed_waiting
java.lang.Thread.State: TIMED_WAITING
        at sun.misc.Unsafe.park(Native Method)
        at java.util.concurrent.locks.LockSupport.parkNanos(LockSupport.java:215)
        at java.util.concurrent.locks.AbstractQueuedSynchronizer$ConditionObject.awaitNanos(AbstractQueuedSynchronizer.java:2078)
        at java.util.concurrent.LinkedBlockingQueue.poll(LinkedBlockingQueue.java:467)
        at org.apache.hadoop.ipc.CallQueueManager.take(CallQueueManager.java:288)
        at org.apache.hadoop.ipc.Server$Handler.run(Server.java:2668)
"pool-159-thread-1"  prio=5 tid=2875 in Object.wait()
java.lang.Thread.State: WAITING (on object monitor)
        at sun.misc.Unsafe.park(Native Method)
        at java.util.concurrent.locks.LockSupport.park(LockSupport.java:175)
        at java.util.concurrent.locks.AbstractQueuedSynchronizer$ConditionObject.await(AbstractQueuedSynchronizer.java:2039)
        at java.util.concurrent.LinkedBlockingQueue.take(LinkedBlockingQueue.java:442)
        at java.util.concurrent.ThreadPoolExecutor.getTask(ThreadPoolExecutor.java:1074)
        at java.util.concurrent.ThreadPoolExecutor.runWorker(ThreadPoolExecutor.java:1134)
        at java.util.concurrent.ThreadPoolExecutor$Worker.run(ThreadPoolExecutor.java:624)
        at java.lang.Thread.run(Thread.java:748)
"Datanode State Machine Thread - 0" daemon prio=5 tid=1987 timed_waiting
java.lang.Thread.State: TIMED_WAITING
        at java.lang.Thread.sleep(Native Method)
        at org.apache.hadoop.ozone.container.common.statemachine.DatanodeStateMachine.start(DatanodeStateMachine.java:191)
        at org.apache.hadoop.ozone.container.common.statemachine.DatanodeStateMachine.lambda$startDaemon$0(DatanodeStateMachine.java:349)
        at org.apache.hadoop.ozone.container.common.statemachine.DatanodeStateMachine$$Lambda$141/1594065480.run(Unknown Source)
        at java.lang.Thread.run(Thread.java:748)
"IPC Server Responder" daemon prio=5 tid=1844 runnable
java.lang.Thread.State: RUNNABLE
        at sun.nio.ch.EPollArrayWrapper.epollWait(Native Method)
        at sun.nio.ch.EPollArrayWrapper.poll(EPollArrayWrapper.java:269)
        at sun.nio.ch.EPollSelectorImpl.doSelect(EPollSelectorImpl.java:93)
        at sun.nio.ch.SelectorImpl.lockAndDoSelect(SelectorImpl.java:86)
        at sun.nio.ch.SelectorImpl.select(SelectorImpl.java:97)
        at org.apache.hadoop.ipc.Server$Responder.doRunLoop(Server.java:1334)
        at org.apache.hadoop.ipc.Server$Responder.run(Server.java:1317)
"pool-148-thread-14"  prio=5 tid=2252 in Object.wait()
java.lang.Thread.State: WAITING (on object monitor)
        at sun.misc.Unsafe.park(Native Method)
        at java.util.concurrent.locks.LockSupport.park(LockSupport.java:175)
        at java.util.concurrent.locks.AbstractQueuedSynchronizer$ConditionObject.await(AbstractQueuedSynchronizer.java:2039)
        at java.util.concurrent.ArrayBlockingQueue.take(ArrayBlockingQueue.java:403)
        at java.util.concurrent.ThreadPoolExecutor.getTask(ThreadPoolExecutor.java:1074)
        at java.util.concurrent.ThreadPoolExecutor.runWorker(ThreadPoolExecutor.java:1134)
        at java.util.concurrent.ThreadPoolExecutor$Worker.run(ThreadPoolExecutor.java:624)
        at java.lang.Thread.run(Thread.java:748)
"pool-238-thread-14"  prio=5 tid=2811 in Object.wait()
java.lang.Thread.State: WAITING (on object monitor)
        at sun.misc.Unsafe.park(Native Method)
        at java.util.concurrent.locks.LockSupport.park(LockSupport.java:175)
        at java.util.concurrent.locks.AbstractQueuedSynchronizer$ConditionObject.await(AbstractQueuedSynchronizer.java:2039)
        at java.util.concurrent.ArrayBlockingQueue.take(ArrayBlockingQueue.java:403)
        at java.util.concurrent.ThreadPoolExecutor.getTask(ThreadPoolExecutor.java:1074)
        at java.util.concurrent.ThreadPoolExecutor.runWorker(ThreadPoolExecutor.java:1134)
        at java.util.concurrent.ThreadPoolExecutor$Worker.run(ThreadPoolExecutor.java:624)
        at java.lang.Thread.run(Thread.java:748)
"qtp95553286-1958" daemon prio=5 tid=1958 timed_waiting
java.lang.Thread.State: TIMED_WAITING
        at sun.misc.Unsafe.park(Native Method)
        at java.util.concurrent.locks.LockSupport.parkNanos(LockSupport.java:215)
        at java.util.concurrent.locks.AbstractQueuedSynchronizer$ConditionObject.awaitNanos(AbstractQueuedSynchronizer.java:2078)
        at org.eclipse.jetty.util.BlockingArrayQueue.poll(BlockingArrayQueue.java:392)
        at org.eclipse.jetty.util.thread.QueuedThreadPool.idleJobPoll(QueuedThreadPool.java:563)
        at org.eclipse.jetty.util.thread.QueuedThreadPool.access$800(QueuedThreadPool.java:48)
        at org.eclipse.jetty.util.thread.QueuedThreadPool$2.run(QueuedThreadPool.java:626)
        at java.lang.Thread.run(Thread.java:748)
"pool-168-thread-34"  prio=5 tid=2397 in Object.wait()
java.lang.Thread.State: WAITING (on object monitor)
        at sun.misc.Unsafe.park(Native Method)
        at java.util.concurrent.locks.LockSupport.park(LockSupport.java:175)
        at java.util.concurrent.locks.AbstractQueuedSynchronizer$ConditionObject.await(AbstractQueuedSynchronizer.java:2039)
        at java.util.concurrent.ArrayBlockingQueue.take(ArrayBlockingQueue.java:403)
        at java.util.concurrent.ThreadPoolExecutor.getTask(ThreadPoolExecutor.java:1074)
        at java.util.concurrent.ThreadPoolExecutor.runWorker(ThreadPoolExecutor.java:1134)
        at java.util.concurrent.ThreadPoolExecutor$Worker.run(ThreadPoolExecutor.java:624)
        at java.lang.Thread.run(Thread.java:748)
"org.eclipse.jetty.server.session.HashSessionManager@d70f722Timer" daemon prio=5 tid=1986 timed_waiting
java.lang.Thread.State: TIMED_WAITING
        at sun.misc.Unsafe.park(Native Method)
        at java.util.concurrent.locks.LockSupport.parkNanos(LockSupport.java:215)
        at java.util.concurrent.locks.AbstractQueuedSynchronizer$ConditionObject.awaitNanos(AbstractQueuedSynchronizer.java:2078)
        at java.util.concurrent.ScheduledThreadPoolExecutor$DelayedWorkQueue.take(ScheduledThreadPoolExecutor.java:1093)
        at java.util.concurrent.ScheduledThreadPoolExecutor$DelayedWorkQueue.take(ScheduledThreadPoolExecutor.java:809)
        at java.util.concurrent.ThreadPoolExecutor.getTask(ThreadPoolExecutor.java:1074)
        at java.util.concurrent.ThreadPoolExecutor.runWorker(ThreadPoolExecutor.java:1134)
        at java.util.concurrent.ThreadPoolExecutor$Worker.run(ThreadPoolExecutor.java:624)
        at java.lang.Thread.run(Thread.java:748)
"a96edad4-0b0c-48cb-948a-93b2fbf7c409@group-BD9547C05093-SegmentedRaftLogWorker"  prio=5 tid=3152 timed_waiting
java.lang.Thread.State: TIMED_WAITING
        at sun.misc.Unsafe.park(Native Method)
        at java.util.concurrent.locks.LockSupport.parkNanos(LockSupport.java:215)
        at java.util.concurrent.locks.AbstractQueuedSynchronizer$ConditionObject.awaitNanos(AbstractQueuedSynchronizer.java:2078)
        at org.apache.ratis.util.DataBlockingQueue.poll(DataBlockingQueue.java:137)
        at org.apache.ratis.server.raftlog.segmented.SegmentedRaftLogWorker.run(SegmentedRaftLogWorker.java:282)
        at java.lang.Thread.run(Thread.java:748)
"pool-208-thread-44"  prio=5 tid=2655 in Object.wait()
java.lang.Thread.State: WAITING (on object monitor)
        at sun.misc.Unsafe.park(Native Method)
        at java.util.concurrent.locks.LockSupport.park(LockSupport.java:175)
        at java.util.concurrent.locks.AbstractQueuedSynchronizer$ConditionObject.await(AbstractQueuedSynchronizer.java:2039)
        at java.util.concurrent.ArrayBlockingQueue.take(ArrayBlockingQueue.java:403)
        at java.util.concurrent.ThreadPoolExecutor.getTask(ThreadPoolExecutor.java:1074)
        at java.util.concurrent.ThreadPoolExecutor.runWorker(ThreadPoolExecutor.java:1134)
        at java.util.concurrent.ThreadPoolExecutor$Worker.run(ThreadPoolExecutor.java:624)
        at java.lang.Thread.run(Thread.java:748)
"BlockDeletingService#1" daemon prio=5 tid=2859 in Object.wait()
java.lang.Thread.State: WAITING (on object monitor)
        at sun.misc.Unsafe.park(Native Method)
        at java.util.concurrent.locks.LockSupport.park(LockSupport.java:175)
        at java.util.concurrent.locks.AbstractQueuedSynchronizer$ConditionObject.await(AbstractQueuedSynchronizer.java:2039)
        at java.util.concurrent.ScheduledThreadPoolExecutor$DelayedWorkQueue.take(ScheduledThreadPoolExecutor.java:1088)
        at java.util.concurrent.ScheduledThreadPoolExecutor$DelayedWorkQueue.take(ScheduledThreadPoolExecutor.java:809)
        at java.util.concurrent.ThreadPoolExecutor.getTask(ThreadPoolExecutor.java:1074)
        at java.util.concurrent.ThreadPoolExecutor.runWorker(ThreadPoolExecutor.java:1134)
        at java.util.concurrent.ThreadPoolExecutor$Worker.run(ThreadPoolExecutor.java:624)
        at java.lang.Thread.run(Thread.java:748)
"IPC Server handler 14 on 42444" daemon prio=5 tid=1906 timed_waiting
java.lang.Thread.State: TIMED_WAITING
        at sun.misc.Unsafe.park(Native Method)
        at java.util.concurrent.locks.LockSupport.parkNanos(LockSupport.java:215)
        at java.util.concurrent.locks.AbstractQueuedSynchronizer$ConditionObject.awaitNanos(AbstractQueuedSynchronizer.java:2078)
        at java.util.concurrent.LinkedBlockingQueue.poll(LinkedBlockingQueue.java:467)
        at org.apache.hadoop.ipc.CallQueueManager.take(CallQueueManager.java:288)
        at org.apache.hadoop.ipc.Server$Handler.run(Server.java:2668)
"IPC Server handler 5 on 35974" daemon prio=5 tid=1857 timed_waiting
java.lang.Thread.State: TIMED_WAITING
        at sun.misc.Unsafe.park(Native Method)
        at java.util.concurrent.locks.LockSupport.parkNanos(LockSupport.java:215)
        at java.util.concurrent.locks.AbstractQueuedSynchronizer$ConditionObject.awaitNanos(AbstractQueuedSynchronizer.java:2078)
        at java.util.concurrent.LinkedBlockingQueue.poll(LinkedBlockingQueue.java:467)
        at org.apache.hadoop.ipc.CallQueueManager.take(CallQueueManager.java:288)
        at org.apache.hadoop.ipc.Server$Handler.run(Server.java:2668)
"pool-228-thread-26"  prio=5 tid=2761 in Object.wait()
java.lang.Thread.State: WAITING (on object monitor)
        at sun.misc.Unsafe.park(Native Method)
        at java.util.concurrent.locks.LockSupport.park(LockSupport.java:175)
        at java.util.concurrent.locks.AbstractQueuedSynchronizer$ConditionObject.await(AbstractQueuedSynchronizer.java:2039)
        at java.util.concurrent.ArrayBlockingQueue.take(ArrayBlockingQueue.java:403)
        at java.util.concurrent.ThreadPoolExecutor.getTask(ThreadPoolExecutor.java:1074)
        at java.util.concurrent.ThreadPoolExecutor.runWorker(ThreadPoolExecutor.java:1134)
        at java.util.concurrent.ThreadPoolExecutor$Worker.run(ThreadPoolExecutor.java:624)
        at java.lang.Thread.run(Thread.java:748)
"dadbf9b0-b155-425e-bdd4-f6aced2428ca@group-08FF9A873941-SegmentedRaftLogWorker"  prio=5 tid=3117 timed_waiting
java.lang.Thread.State: TIMED_WAITING
        at sun.misc.Unsafe.park(Native Method)
        at java.util.concurrent.locks.LockSupport.parkNanos(LockSupport.java:215)
        at java.util.concurrent.locks.AbstractQueuedSynchronizer$ConditionObject.awaitNanos(AbstractQueuedSynchronizer.java:2078)
        at org.apache.ratis.util.DataBlockingQueue.poll(DataBlockingQueue.java:137)
        at org.apache.ratis.server.raftlog.segmented.SegmentedRaftLogWorker.run(SegmentedRaftLogWorker.java:282)
        at java.lang.Thread.run(Thread.java:748)
"pool-208-thread-48"  prio=5 tid=2659 in Object.wait()
java.lang.Thread.State: WAITING (on object monitor)
        at sun.misc.Unsafe.park(Native Method)
        at java.util.concurrent.locks.LockSupport.park(LockSupport.java:175)
        at java.util.concurrent.locks.AbstractQueuedSynchronizer$ConditionObject.await(AbstractQueuedSynchronizer.java:2039)
        at java.util.concurrent.ArrayBlockingQueue.take(ArrayBlockingQueue.java:403)
        at java.util.concurrent.ThreadPoolExecutor.getTask(ThreadPoolExecutor.java:1074)
        at java.util.concurrent.ThreadPoolExecutor.runWorker(ThreadPoolExecutor.java:1134)
        at java.util.concurrent.ThreadPoolExecutor$Worker.run(ThreadPoolExecutor.java:624)
        at java.lang.Thread.run(Thread.java:748)
"qtp95553286-1956" daemon prio=5 tid=1956 runnable
java.lang.Thread.State: RUNNABLE
        at sun.nio.ch.EPollArrayWrapper.epollWait(Native Method)
        at sun.nio.ch.EPollArrayWrapper.poll(EPollArrayWrapper.java:269)
        at sun.nio.ch.EPollSelectorImpl.doSelect(EPollSelectorImpl.java:93)
        at sun.nio.ch.SelectorImpl.lockAndDoSelect(SelectorImpl.java:86)
        at sun.nio.ch.SelectorImpl.select(SelectorImpl.java:97)
        at sun.nio.ch.SelectorImpl.select(SelectorImpl.java:101)
        at org.eclipse.jetty.io.ManagedSelector$SelectorProducer.select(ManagedSelector.java:243)
        at org.eclipse.jetty.io.ManagedSelector$SelectorProducer.produce(ManagedSelector.java:191)
        at org.eclipse.jetty.util.thread.strategy.ExecuteProduceConsume.executeProduceConsume(ExecuteProduceConsume.java:249)
        at org.eclipse.jetty.util.thread.strategy.ExecuteProduceConsume.produceConsume(ExecuteProduceConsume.java:148)
        at org.eclipse.jetty.util.thread.strategy.ExecuteProduceConsume.execute(ExecuteProduceConsume.java:100)
        at org.eclipse.jetty.io.ManagedSelector.run(ManagedSelector.java:147)
        at org.eclipse.jetty.util.thread.QueuedThreadPool.runJob(QueuedThreadPool.java:671)
        at org.eclipse.jetty.util.thread.QueuedThreadPool$2.run(QueuedThreadPool.java:589)
        at java.lang.Thread.run(Thread.java:748)
"pool-188-thread-46"  prio=5 tid=2533 in Object.wait()
java.lang.Thread.State: WAITING (on object monitor)
        at sun.misc.Unsafe.park(Native Method)
        at java.util.concurrent.locks.LockSupport.park(LockSupport.java:175)
        at java.util.concurrent.locks.AbstractQueuedSynchronizer$ConditionObject.await(AbstractQueuedSynchronizer.java:2039)
        at java.util.concurrent.ArrayBlockingQueue.take(ArrayBlockingQueue.java:403)
        at java.util.concurrent.ThreadPoolExecutor.getTask(ThreadPoolExecutor.java:1074)
        at java.util.concurrent.ThreadPoolExecutor.runWorker(ThreadPoolExecutor.java:1134)
        at java.util.concurrent.ThreadPoolExecutor$Worker.run(ThreadPoolExecutor.java:624)
        at java.lang.Thread.run(Thread.java:748)
"IPC Server handler 7 on 45554" daemon prio=5 tid=1942 timed_waiting
java.lang.Thread.State: TIMED_WAITING
        at sun.misc.Unsafe.park(Native Method)
        at java.util.concurrent.locks.LockSupport.parkNanos(LockSupport.java:215)
        at java.util.concurrent.locks.AbstractQueuedSynchronizer$ConditionObject.awaitNanos(AbstractQueuedSynchronizer.java:2078)
        at java.util.concurrent.LinkedBlockingQueue.poll(LinkedBlockingQueue.java:467)
        at org.apache.hadoop.ipc.CallQueueManager.take(CallQueueManager.java:288)
        at org.apache.hadoop.ipc.Server$Handler.run(Server.java:2668)
"pool-189-thread-1"  prio=5 tid=2904 in Object.wait()
java.lang.Thread.State: WAITING (on object monitor)
        at sun.misc.Unsafe.park(Native Method)
        at java.util.concurrent.locks.LockSupport.park(LockSupport.java:175)
        at java.util.concurrent.locks.AbstractQueuedSynchronizer$ConditionObject.await(AbstractQueuedSynchronizer.java:2039)
        at java.util.concurrent.LinkedBlockingQueue.take(LinkedBlockingQueue.java:442)
        at java.util.concurrent.ThreadPoolExecutor.getTask(ThreadPoolExecutor.java:1074)
        at java.util.concurrent.ThreadPoolExecutor.runWorker(ThreadPoolExecutor.java:1134)
        at java.util.concurrent.ThreadPoolExecutor$Worker.run(ThreadPoolExecutor.java:624)
        at java.lang.Thread.run(Thread.java:748)
"jaeger.RemoteReporter-FlushTimer" daemon prio=5 tid=148 timed_waiting
java.lang.Thread.State: TIMED_WAITING
        at java.lang.Object.wait(Native Method)
        at java.util.TimerThread.mainLoop(Timer.java:552)
        at java.util.TimerThread.run(Timer.java:505)
"pool-178-thread-12"  prio=5 tid=2437 in Object.wait()
java.lang.Thread.State: WAITING (on object monitor)
        at sun.misc.Unsafe.park(Native Method)
        at java.util.concurrent.locks.LockSupport.park(LockSupport.java:175)
        at java.util.concurrent.locks.AbstractQueuedSynchronizer$ConditionObject.await(AbstractQueuedSynchronizer.java:2039)
        at java.util.concurrent.ArrayBlockingQueue.take(ArrayBlockingQueue.java:403)
        at java.util.concurrent.ThreadPoolExecutor.getTask(ThreadPoolExecutor.java:1074)
        at java.util.concurrent.ThreadPoolExecutor.runWorker(ThreadPoolExecutor.java:1134)
        at java.util.concurrent.ThreadPoolExecutor$Worker.run(ThreadPoolExecutor.java:624)
        at java.lang.Thread.run(Thread.java:748)
"pool-148-thread-53"  prio=5 tid=2291 in Object.wait()
java.lang.Thread.State: WAITING (on object monitor)
        at sun.misc.Unsafe.park(Native Method)
        at java.util.concurrent.locks.LockSupport.park(LockSupport.java:175)
        at java.util.concurrent.locks.AbstractQueuedSynchronizer$ConditionObject.await(AbstractQueuedSynchronizer.java:2039)
        at java.util.concurrent.ArrayBlockingQueue.take(ArrayBlockingQueue.java:403)
        at java.util.concurrent.ThreadPoolExecutor.getTask(ThreadPoolExecutor.java:1074)
        at java.util.concurrent.ThreadPoolExecutor.runWorker(ThreadPoolExecutor.java:1134)
        at java.util.concurrent.ThreadPoolExecutor$Worker.run(ThreadPoolExecutor.java:624)
        at java.lang.Thread.run(Thread.java:748)
"Command processor thread" daemon prio=5 tid=2100 timed_waiting
java.lang.Thread.State: TIMED_WAITING
        at java.lang.Thread.sleep(Native Method)
        at org.apache.hadoop.ozone.container.common.statemachine.DatanodeStateMachine.lambda$initCommandHandlerThread$1(DatanodeStateMachine.java:439)
        at org.apache.hadoop.ozone.container.common.statemachine.DatanodeStateMachine$$Lambda$142/1603672614.run(Unknown Source)
        at java.lang.Thread.run(Thread.java:748)
"pool-216-thread-1" daemon prio=5 tid=2162 timed_waiting
java.lang.Thread.State: TIMED_WAITING
        at sun.misc.Unsafe.park(Native Method)
        at java.util.concurrent.locks.LockSupport.parkNanos(LockSupport.java:215)
        at java.util.concurrent.locks.AbstractQueuedSynchronizer$ConditionObject.awaitNanos(AbstractQueuedSynchronizer.java:2078)
        at java.util.concurrent.ScheduledThreadPoolExecutor$DelayedWorkQueue.take(ScheduledThreadPoolExecutor.java:1093)
        at java.util.concurrent.ScheduledThreadPoolExecutor$DelayedWorkQueue.take(ScheduledThreadPoolExecutor.java:809)
        at java.util.concurrent.ThreadPoolExecutor.getTask(ThreadPoolExecutor.java:1074)
        at java.util.concurrent.ThreadPoolExecutor.runWorker(ThreadPoolExecutor.java:1134)
        at java.util.concurrent.ThreadPoolExecutor$Worker.run(ThreadPoolExecutor.java:624)
        at java.lang.Thread.run(Thread.java:748)
"qtp229318537-2111" daemon prio=5 tid=2111 runnable
java.lang.Thread.State: RUNNABLE
        at sun.nio.ch.EPollArrayWrapper.epollWait(Native Method)
        at sun.nio.ch.EPollArrayWrapper.poll(EPollArrayWrapper.java:269)
        at sun.nio.ch.EPollSelectorImpl.doSelect(EPollSelectorImpl.java:93)
        at sun.nio.ch.SelectorImpl.lockAndDoSelect(SelectorImpl.java:86)
        at sun.nio.ch.SelectorImpl.select(SelectorImpl.java:97)
        at sun.nio.ch.SelectorImpl.select(SelectorImpl.java:101)
        at org.eclipse.jetty.io.ManagedSelector$SelectorProducer.select(ManagedSelector.java:243)
        at org.eclipse.jetty.io.ManagedSelector$SelectorProducer.produce(ManagedSelector.java:191)
        at org.eclipse.jetty.util.thread.strategy.ExecuteProduceConsume.executeProduceConsume(ExecuteProduceConsume.java:249)
        at org.eclipse.jetty.util.thread.strategy.ExecuteProduceConsume.produceConsume(ExecuteProduceConsume.java:148)
        at org.eclipse.jetty.util.thread.strategy.ExecuteProduceConsume.execute(ExecuteProduceConsume.java:100)
        at org.eclipse.jetty.io.ManagedSelector.run(ManagedSelector.java:147)
        at org.eclipse.jetty.util.thread.QueuedThreadPool.runJob(QueuedThreadPool.java:671)
        at org.eclipse.jetty.util.thread.QueuedThreadPool$2.run(QueuedThreadPool.java:589)
        at java.lang.Thread.run(Thread.java:748)
"pool-158-thread-14"  prio=5 tid=2315 in Object.wait()
java.lang.Thread.State: WAITING (on object monitor)
        at sun.misc.Unsafe.park(Native Method)
        at java.util.concurrent.locks.LockSupport.park(LockSupport.java:175)
        at java.util.concurrent.locks.AbstractQueuedSynchronizer$ConditionObject.await(AbstractQueuedSynchronizer.java:2039)
        at java.util.concurrent.ArrayBlockingQueue.take(ArrayBlockingQueue.java:403)
        at java.util.concurrent.ThreadPoolExecutor.getTask(ThreadPoolExecutor.java:1074)
        at java.util.concurrent.ThreadPoolExecutor.runWorker(ThreadPoolExecutor.java:1134)
        at java.util.concurrent.ThreadPoolExecutor$Worker.run(ThreadPoolExecutor.java:624)
        at java.lang.Thread.run(Thread.java:748)
"pool-198-thread-37"  prio=5 tid=2586 in Object.wait()
java.lang.Thread.State: WAITING (on object monitor)
        at sun.misc.Unsafe.park(Native Method)
        at java.util.concurrent.locks.LockSupport.park(LockSupport.java:175)
        at java.util.concurrent.locks.AbstractQueuedSynchronizer$ConditionObject.await(AbstractQueuedSynchronizer.java:2039)
        at java.util.concurrent.ArrayBlockingQueue.take(ArrayBlockingQueue.java:403)
        at java.util.concurrent.ThreadPoolExecutor.getTask(ThreadPoolExecutor.java:1074)
        at java.util.concurrent.ThreadPoolExecutor.runWorker(ThreadPoolExecutor.java:1134)
        at java.util.concurrent.ThreadPoolExecutor$Worker.run(ThreadPoolExecutor.java:624)
        at java.lang.Thread.run(Thread.java:748)
"jaeger.RemoteReporter-QueueProcessor" daemon prio=5 tid=147 in Object.wait()
java.lang.Thread.State: WAITING (on object monitor)
        at sun.misc.Unsafe.park(Native Method)
        at java.util.concurrent.locks.LockSupport.park(LockSupport.java:175)
        at java.util.concurrent.locks.AbstractQueuedSynchronizer$ConditionObject.await(AbstractQueuedSynchronizer.java:2039)
        at java.util.concurrent.ArrayBlockingQueue.take(ArrayBlockingQueue.java:403)
        at io.jaegertracing.internal.reporters.RemoteReporter$QueueProcessor.run(RemoteReporter.java:173)
        at java.lang.Thread.run(Thread.java:748)
"pool-238-thread-46"  prio=5 tid=2843 in Object.wait()
java.lang.Thread.State: WAITING (on object monitor)
        at sun.misc.Unsafe.park(Native Method)
        at java.util.concurrent.locks.LockSupport.park(LockSupport.java:175)
        at java.util.concurrent.locks.AbstractQueuedSynchronizer$ConditionObject.await(AbstractQueuedSynchronizer.java:2039)
        at java.util.concurrent.ArrayBlockingQueue.take(ArrayBlockingQueue.java:403)
        at java.util.concurrent.ThreadPoolExecutor.getTask(ThreadPoolExecutor.java:1074)
        at java.util.concurrent.ThreadPoolExecutor.runWorker(ThreadPoolExecutor.java:1134)
        at java.util.concurrent.ThreadPoolExecutor$Worker.run(ThreadPoolExecutor.java:624)
        at java.lang.Thread.run(Thread.java:748)
"pool-218-thread-5"  prio=5 tid=2678 in Object.wait()
java.lang.Thread.State: WAITING (on object monitor)
        at sun.misc.Unsafe.park(Native Method)
        at java.util.concurrent.locks.LockSupport.park(LockSupport.java:175)
        at java.util.concurrent.locks.AbstractQueuedSynchronizer$ConditionObject.await(AbstractQueuedSynchronizer.java:2039)
        at java.util.concurrent.ArrayBlockingQueue.take(ArrayBlockingQueue.java:403)
        at java.util.concurrent.ThreadPoolExecutor.getTask(ThreadPoolExecutor.java:1074)
        at java.util.concurrent.ThreadPoolExecutor.runWorker(ThreadPoolExecutor.java:1134)
        at java.util.concurrent.ThreadPoolExecutor$Worker.run(ThreadPoolExecutor.java:624)
        at java.lang.Thread.run(Thread.java:748)
"pool-168-thread-55"  prio=5 tid=2418 in Object.wait()
java.lang.Thread.State: WAITING (on object monitor)
        at sun.misc.Unsafe.park(Native Method)
        at java.util.concurrent.locks.LockSupport.park(LockSupport.java:175)
        at java.util.concurrent.locks.AbstractQueuedSynchronizer$ConditionObject.await(AbstractQueuedSynchronizer.java:2039)
        at java.util.concurrent.ArrayBlockingQueue.take(ArrayBlockingQueue.java:403)
        at java.util.concurrent.ThreadPoolExecutor.getTask(ThreadPoolExecutor.java:1074)
        at java.util.concurrent.ThreadPoolExecutor.runWorker(ThreadPoolExecutor.java:1134)
        at java.util.concurrent.ThreadPoolExecutor$Worker.run(ThreadPoolExecutor.java:624)
        at java.lang.Thread.run(Thread.java:748)
"pool-198-thread-51"  prio=5 tid=2600 in Object.wait()
java.lang.Thread.State: WAITING (on object monitor)
        at sun.misc.Unsafe.park(Native Method)
        at java.util.concurrent.locks.LockSupport.park(LockSupport.java:175)
        at java.util.concurrent.locks.AbstractQueuedSynchronizer$ConditionObject.await(AbstractQueuedSynchronizer.java:2039)
        at java.util.concurrent.ArrayBlockingQueue.take(ArrayBlockingQueue.java:403)
        at java.util.concurrent.ThreadPoolExecutor.getTask(ThreadPoolExecutor.java:1074)
        at java.util.concurrent.ThreadPoolExecutor.runWorker(ThreadPoolExecutor.java:1134)
        at java.util.concurrent.ThreadPoolExecutor$Worker.run(ThreadPoolExecutor.java:624)
        at java.lang.Thread.run(Thread.java:748)
"surefire-forkedjvm-command-thread" daemon prio=5 tid=8 runnable
java.lang.Thread.State: RUNNABLE
        at java.io.FileInputStream.readBytes(Native Method)
        at java.io.FileInputStream.read(FileInputStream.java:255)
        at java.io.BufferedInputStream.fill(BufferedInputStream.java:246)
        at java.io.BufferedInputStream.read(BufferedInputStream.java:265)
        at java.io.DataInputStream.readInt(DataInputStream.java:387)
        at org.apache.maven.surefire.booter.MasterProcessCommand.decode(MasterProcessCommand.java:115)
        at org.apache.maven.surefire.booter.CommandReader$CommandRunnable.run(CommandReader.java:390)
        at java.lang.Thread.run(Thread.java:748)
"Datanode ReportManager Thread - 3" daemon prio=5 tid=2234 in Object.wait()
java.lang.Thread.State: WAITING (on object monitor)
        at sun.misc.Unsafe.park(Native Method)
        at java.util.concurrent.locks.LockSupport.park(LockSupport.java:175)
        at java.util.concurrent.locks.AbstractQueuedSynchronizer$ConditionObject.await(AbstractQueuedSynchronizer.java:2039)
        at java.util.concurrent.ScheduledThreadPoolExecutor$DelayedWorkQueue.take(ScheduledThreadPoolExecutor.java:1088)
        at java.util.concurrent.ScheduledThreadPoolExecutor$DelayedWorkQueue.take(ScheduledThreadPoolExecutor.java:809)
        at java.util.concurrent.ThreadPoolExecutor.getTask(ThreadPoolExecutor.java:1074)
        at java.util.concurrent.ThreadPoolExecutor.runWorker(ThreadPoolExecutor.java:1134)
        at java.util.concurrent.ThreadPoolExecutor$Worker.run(ThreadPoolExecutor.java:624)
        at java.lang.Thread.run(Thread.java:748)
"qtp2077150966-2091" daemon prio=5 tid=2091 timed_waiting
java.lang.Thread.State: TIMED_WAITING
        at sun.misc.Unsafe.park(Native Method)
        at java.util.concurrent.locks.LockSupport.parkNanos(LockSupport.java:215)
        at java.util.concurrent.locks.AbstractQueuedSynchronizer$ConditionObject.awaitNanos(AbstractQueuedSynchronizer.java:2078)
        at org.eclipse.jetty.util.BlockingArrayQueue.poll(BlockingArrayQueue.java:392)
        at org.eclipse.jetty.util.thread.QueuedThreadPool.idleJobPoll(QueuedThreadPool.java:563)
        at org.eclipse.jetty.util.thread.QueuedThreadPool.access$800(QueuedThreadPool.java:48)
        at org.eclipse.jetty.util.thread.QueuedThreadPool$2.run(QueuedThreadPool.java:626)
        at java.lang.Thread.run(Thread.java:748)
"qtp2077150966-2089" daemon prio=5 tid=2089 timed_waiting
java.lang.Thread.State: TIMED_WAITING
        at sun.misc.Unsafe.park(Native Method)
        at java.util.concurrent.locks.LockSupport.parkNanos(LockSupport.java:215)
        at java.util.concurrent.locks.AbstractQueuedSynchronizer$ConditionObject.awaitNanos(AbstractQueuedSynchronizer.java:2078)
        at org.eclipse.jetty.util.BlockingArrayQueue.poll(BlockingArrayQueue.java:392)
        at org.eclipse.jetty.util.thread.QueuedThreadPool.idleJobPoll(QueuedThreadPool.java:563)
        at org.eclipse.jetty.util.thread.QueuedThreadPool.access$800(QueuedThreadPool.java:48)
        at org.eclipse.jetty.util.thread.QueuedThreadPool$2.run(QueuedThreadPool.java:626)
        at java.lang.Thread.run(Thread.java:748)
"pool-228-thread-58"  prio=5 tid=2793 in Object.wait()
java.lang.Thread.State: WAITING (on object monitor)
        at sun.misc.Unsafe.park(Native Method)
        at java.util.concurrent.locks.LockSupport.park(LockSupport.java:175)
        at java.util.concurrent.locks.AbstractQueuedSynchronizer$ConditionObject.await(AbstractQueuedSynchronizer.java:2039)
        at java.util.concurrent.ArrayBlockingQueue.take(ArrayBlockingQueue.java:403)
        at java.util.concurrent.ThreadPoolExecutor.getTask(ThreadPoolExecutor.java:1074)
        at java.util.concurrent.ThreadPoolExecutor.runWorker(ThreadPoolExecutor.java:1134)
        at java.util.concurrent.ThreadPoolExecutor$Worker.run(ThreadPoolExecutor.java:624)
        at java.lang.Thread.run(Thread.java:748)
"Datanode ReportManager Thread - 2" daemon prio=5 tid=2233 in Object.wait()
java.lang.Thread.State: WAITING (on object monitor)
        at sun.misc.Unsafe.park(Native Method)
        at java.util.concurrent.locks.LockSupport.park(LockSupport.java:175)
        at java.util.concurrent.locks.AbstractQueuedSynchronizer$ConditionObject.await(AbstractQueuedSynchronizer.java:2039)
        at java.util.concurrent.ScheduledThreadPoolExecutor$DelayedWorkQueue.take(ScheduledThreadPoolExecutor.java:1088)
        at java.util.concurrent.ScheduledThreadPoolExecutor$DelayedWorkQueue.take(ScheduledThreadPoolExecutor.java:809)
        at java.util.concurrent.ThreadPoolExecutor.getTask(ThreadPoolExecutor.java:1074)
        at java.util.concurrent.ThreadPoolExecutor.runWorker(ThreadPoolExecutor.java:1134)
        at java.util.concurrent.ThreadPoolExecutor$Worker.run(ThreadPoolExecutor.java:624)
        at java.lang.Thread.run(Thread.java:748)
"IPC Server handler 13 on 45554" daemon prio=5 tid=1948 timed_waiting
java.lang.Thread.State: TIMED_WAITING
        at sun.misc.Unsafe.park(Native Method)
        at java.util.concurrent.locks.LockSupport.parkNanos(LockSupport.java:215)
        at java.util.concurrent.locks.AbstractQueuedSynchronizer$ConditionObject.awaitNanos(AbstractQueuedSynchronizer.java:2078)
        at java.util.concurrent.LinkedBlockingQueue.poll(LinkedBlockingQueue.java:467)
        at org.apache.hadoop.ipc.CallQueueManager.take(CallQueueManager.java:288)
        at org.apache.hadoop.ipc.Server$Handler.run(Server.java:2668)
"pool-238-thread-50"  prio=5 tid=2847 in Object.wait()
java.lang.Thread.State: WAITING (on object monitor)
        at sun.misc.Unsafe.park(Native Method)
        at java.util.concurrent.locks.LockSupport.park(LockSupport.java:175)
        at java.util.concurrent.locks.AbstractQueuedSynchronizer$ConditionObject.await(AbstractQueuedSynchronizer.java:2039)
        at java.util.concurrent.ArrayBlockingQueue.take(ArrayBlockingQueue.java:403)
        at java.util.concurrent.ThreadPoolExecutor.getTask(ThreadPoolExecutor.java:1074)
        at java.util.concurrent.ThreadPoolExecutor.runWorker(ThreadPoolExecutor.java:1134)
        at java.util.concurrent.ThreadPoolExecutor$Worker.run(ThreadPoolExecutor.java:624)
        at java.lang.Thread.run(Thread.java:748)
"Datanode ReportManager Thread - 0" daemon prio=5 tid=2042 in Object.wait()
java.lang.Thread.State: WAITING (on object monitor)
        at sun.misc.Unsafe.park(Native Method)
        at java.util.concurrent.locks.LockSupport.park(LockSupport.java:175)
        at java.util.concurrent.locks.AbstractQueuedSynchronizer$ConditionObject.await(AbstractQueuedSynchronizer.java:2039)
        at java.util.concurrent.ScheduledThreadPoolExecutor$DelayedWorkQueue.take(ScheduledThreadPoolExecutor.java:1088)
        at java.util.concurrent.ScheduledThreadPoolExecutor$DelayedWorkQueue.take(ScheduledThreadPoolExecutor.java:809)
        at java.util.concurrent.ThreadPoolExecutor.getTask(ThreadPoolExecutor.java:1074)
        at java.util.concurrent.ThreadPoolExecutor.runWorker(ThreadPoolExecutor.java:1134)
        at java.util.concurrent.ThreadPoolExecutor$Worker.run(ThreadPoolExecutor.java:624)
        at java.lang.Thread.run(Thread.java:748)
"Datanode State Machine Thread - 0" daemon prio=5 tid=2156 timed_waiting
java.lang.Thread.State: TIMED_WAITING
        at sun.misc.Unsafe.park(Native Method)
        at java.util.concurrent.locks.LockSupport.parkNanos(LockSupport.java:215)
        at java.util.concurrent.SynchronousQueue$TransferStack.awaitFulfill(SynchronousQueue.java:460)
        at java.util.concurrent.SynchronousQueue$TransferStack.transfer(SynchronousQueue.java:362)
        at java.util.concurrent.SynchronousQueue.poll(SynchronousQueue.java:941)
        at java.util.concurrent.ThreadPoolExecutor.getTask(ThreadPoolExecutor.java:1073)
        at java.util.concurrent.ThreadPoolExecutor.runWorker(ThreadPoolExecutor.java:1134)
        at java.util.concurrent.ThreadPoolExecutor$Worker.run(ThreadPoolExecutor.java:624)
        at java.lang.Thread.run(Thread.java:748)
"pool-178-thread-59"  prio=5 tid=2484 in Object.wait()
java.lang.Thread.State: WAITING (on object monitor)
        at sun.misc.Unsafe.park(Native Method)
        at java.util.concurrent.locks.LockSupport.park(LockSupport.java:175)
        at java.util.concurrent.locks.AbstractQueuedSynchronizer$ConditionObject.await(AbstractQueuedSynchronizer.java:2039)
        at java.util.concurrent.ArrayBlockingQueue.take(ArrayBlockingQueue.java:403)
        at java.util.concurrent.ThreadPoolExecutor.getTask(ThreadPoolExecutor.java:1074)
        at java.util.concurrent.ThreadPoolExecutor.runWorker(ThreadPoolExecutor.java:1134)
        at java.util.concurrent.ThreadPoolExecutor$Worker.run(ThreadPoolExecutor.java:624)
        at java.lang.Thread.run(Thread.java:748)
"qtp1090160486-1919" daemon prio=5 tid=1919 timed_waiting
java.lang.Thread.State: TIMED_WAITING
        at sun.misc.Unsafe.park(Native Method)
        at java.util.concurrent.locks.LockSupport.parkNanos(LockSupport.java:215)
        at java.util.concurrent.locks.AbstractQueuedSynchronizer$ConditionObject.awaitNanos(AbstractQueuedSynchronizer.java:2078)
        at org.eclipse.jetty.util.BlockingArrayQueue.poll(BlockingArrayQueue.java:392)
        at org.eclipse.jetty.util.thread.QueuedThreadPool.idleJobPoll(QueuedThreadPool.java:563)
        at org.eclipse.jetty.util.thread.QueuedThreadPool.access$800(QueuedThreadPool.java:48)
        at org.eclipse.jetty.util.thread.QueuedThreadPool$2.run(QueuedThreadPool.java:626)
        at java.lang.Thread.run(Thread.java:748)
"pool-218-thread-23"  prio=5 tid=2696 in Object.wait()
java.lang.Thread.State: WAITING (on object monitor)
        at sun.misc.Unsafe.park(Native Method)
        at java.util.concurrent.locks.LockSupport.park(LockSupport.java:175)
        at java.util.concurrent.locks.AbstractQueuedSynchronizer$ConditionObject.await(AbstractQueuedSynchronizer.java:2039)
        at java.util.concurrent.ArrayBlockingQueue.take(ArrayBlockingQueue.java:403)
        at java.util.concurrent.ThreadPoolExecutor.getTask(ThreadPoolExecutor.java:1074)
        at java.util.concurrent.ThreadPoolExecutor.runWorker(ThreadPoolExecutor.java:1134)
        at java.util.concurrent.ThreadPoolExecutor$Worker.run(ThreadPoolExecutor.java:624)
        at java.lang.Thread.run(Thread.java:748)
"IPC Server handler 11 on 35974" daemon prio=5 tid=1863 timed_waiting
java.lang.Thread.State: TIMED_WAITING
        at sun.misc.Unsafe.park(Native Method)
        at java.util.concurrent.locks.LockSupport.parkNanos(LockSupport.java:215)
        at java.util.concurrent.locks.AbstractQueuedSynchronizer$ConditionObject.awaitNanos(AbstractQueuedSynchronizer.java:2078)
        at java.util.concurrent.LinkedBlockingQueue.poll(LinkedBlockingQueue.java:467)
        at org.apache.hadoop.ipc.CallQueueManager.take(CallQueueManager.java:288)
        at org.apache.hadoop.ipc.Server$Handler.run(Server.java:2668)
"Datanode ReportManager Thread - 3" daemon prio=5 tid=255 in Object.wait()
java.lang.Thread.State: WAITING (on object monitor)
        at sun.misc.Unsafe.park(Native Method)
        at java.util.concurrent.locks.LockSupport.park(LockSupport.java:175)
        at java.util.concurrent.locks.AbstractQueuedSynchronizer$ConditionObject.await(AbstractQueuedSynchronizer.java:2039)
        at java.util.concurrent.ScheduledThreadPoolExecutor$DelayedWorkQueue.take(ScheduledThreadPoolExecutor.java:1088)
        at java.util.concurrent.ScheduledThreadPoolExecutor$DelayedWorkQueue.take(ScheduledThreadPoolExecutor.java:809)
        at java.util.concurrent.ThreadPoolExecutor.getTask(ThreadPoolExecutor.java:1074)
        at java.util.concurrent.ThreadPoolExecutor.runWorker(ThreadPoolExecutor.java:1134)
        at java.util.concurrent.ThreadPoolExecutor$Worker.run(ThreadPoolExecutor.java:624)
        at java.lang.Thread.run(Thread.java:748)
"86084ec4-dae7-4808-81c8-289a21d6f4dc@group-877CB685509D-SegmentedRaftLogWorker"  prio=5 tid=3141 timed_waiting
java.lang.Thread.State: TIMED_WAITING
        at sun.misc.Unsafe.park(Native Method)
        at java.util.concurrent.locks.LockSupport.parkNanos(LockSupport.java:215)
        at java.util.concurrent.locks.AbstractQueuedSynchronizer$ConditionObject.awaitNanos(AbstractQueuedSynchronizer.java:2078)
        at org.apache.ratis.util.DataBlockingQueue.poll(DataBlockingQueue.java:137)
        at org.apache.ratis.server.raftlog.segmented.SegmentedRaftLogWorker.run(SegmentedRaftLogWorker.java:282)
        at java.lang.Thread.run(Thread.java:748)
"pool-158-thread-39"  prio=5 tid=2340 in Object.wait()
java.lang.Thread.State: WAITING (on object monitor)
        at sun.misc.Unsafe.park(Native Method)
        at java.util.concurrent.locks.LockSupport.park(LockSupport.java:175)
        at java.util.concurrent.locks.AbstractQueuedSynchronizer$ConditionObject.await(AbstractQueuedSynchronizer.java:2039)
        at java.util.concurrent.ArrayBlockingQueue.take(ArrayBlockingQueue.java:403)
        at java.util.concurrent.ThreadPoolExecutor.getTask(ThreadPoolExecutor.java:1074)
        at java.util.concurrent.ThreadPoolExecutor.runWorker(ThreadPoolExecutor.java:1134)
        at java.util.concurrent.ThreadPoolExecutor$Worker.run(ThreadPoolExecutor.java:624)
        at java.lang.Thread.run(Thread.java:748)
"IPC Server handler 4 on 43737" daemon prio=5 tid=1876 timed_waiting
java.lang.Thread.State: TIMED_WAITING
        at sun.misc.Unsafe.park(Native Method)
        at java.util.concurrent.locks.LockSupport.parkNanos(LockSupport.java:215)
        at java.util.concurrent.locks.AbstractQueuedSynchronizer$ConditionObject.awaitNanos(AbstractQueuedSynchronizer.java:2078)
        at java.util.concurrent.LinkedBlockingQueue.poll(LinkedBlockingQueue.java:467)
        at org.apache.hadoop.ipc.CallQueueManager.take(CallQueueManager.java:288)
        at org.apache.hadoop.ipc.Server$Handler.run(Server.java:2668)
"org.eclipse.jetty.server.session.HashSessionManager@3178219aTimer" daemon prio=5 tid=1921 timed_waiting
java.lang.Thread.State: TIMED_WAITING
        at sun.misc.Unsafe.park(Native Method)
        at java.util.concurrent.locks.LockSupport.parkNanos(LockSupport.java:215)
        at java.util.concurrent.locks.AbstractQueuedSynchronizer$ConditionObject.awaitNanos(AbstractQueuedSynchronizer.java:2078)
        at java.util.concurrent.ScheduledThreadPoolExecutor$DelayedWorkQueue.take(ScheduledThreadPoolExecutor.java:1093)
        at java.util.concurrent.ScheduledThreadPoolExecutor$DelayedWorkQueue.take(ScheduledThreadPoolExecutor.java:809)
        at java.util.concurrent.ThreadPoolExecutor.getTask(ThreadPoolExecutor.java:1074)
        at java.util.concurrent.ThreadPoolExecutor.runWorker(ThreadPoolExecutor.java:1134)
        at java.util.concurrent.ThreadPoolExecutor$Worker.run(ThreadPoolExecutor.java:624)
        at java.lang.Thread.run(Thread.java:748)
"Datanode ReportManager Thread - 1" daemon prio=5 tid=253 in Object.wait()
java.lang.Thread.State: WAITING (on object monitor)
        at sun.misc.Unsafe.park(Native Method)
        at java.util.concurrent.locks.LockSupport.park(LockSupport.java:175)
        at java.util.concurrent.locks.AbstractQueuedSynchronizer$ConditionObject.await(AbstractQueuedSynchronizer.java:2039)
        at java.util.concurrent.ScheduledThreadPoolExecutor$DelayedWorkQueue.take(ScheduledThreadPoolExecutor.java:1088)
        at java.util.concurrent.ScheduledThreadPoolExecutor$DelayedWorkQueue.take(ScheduledThreadPoolExecutor.java:809)
        at java.util.concurrent.ThreadPoolExecutor.getTask(ThreadPoolExecutor.java:1074)
        at java.util.concurrent.ThreadPoolExecutor.runWorker(ThreadPoolExecutor.java:1134)
        at java.util.concurrent.ThreadPoolExecutor$Worker.run(ThreadPoolExecutor.java:624)
        at java.lang.Thread.run(Thread.java:748)
"IPC Server handler 3 on 42444" daemon prio=5 tid=1895 timed_waiting
java.lang.Thread.State: TIMED_WAITING
        at sun.misc.Unsafe.park(Native Method)
        at java.util.concurrent.locks.LockSupport.parkNanos(LockSupport.java:215)
        at java.util.concurrent.locks.AbstractQueuedSynchronizer$ConditionObject.awaitNanos(AbstractQueuedSynchronizer.java:2078)
        at java.util.concurrent.LinkedBlockingQueue.poll(LinkedBlockingQueue.java:467)
        at org.apache.hadoop.ipc.CallQueueManager.take(CallQueueManager.java:288)
        at org.apache.hadoop.ipc.Server$Handler.run(Server.java:2668)
"pool-228-thread-44"  prio=5 tid=2779 in Object.wait()
java.lang.Thread.State: WAITING (on object monitor)
        at sun.misc.Unsafe.park(Native Method)
        at java.util.concurrent.locks.LockSupport.park(LockSupport.java:175)
        at java.util.concurrent.locks.AbstractQueuedSynchronizer$ConditionObject.await(AbstractQueuedSynchronizer.java:2039)
        at java.util.concurrent.ArrayBlockingQueue.take(ArrayBlockingQueue.java:403)
        at java.util.concurrent.ThreadPoolExecutor.getTask(ThreadPoolExecutor.java:1074)
        at java.util.concurrent.ThreadPoolExecutor.runWorker(ThreadPoolExecutor.java:1134)
        at java.util.concurrent.ThreadPoolExecutor$Worker.run(ThreadPoolExecutor.java:624)
        at java.lang.Thread.run(Thread.java:748)
"RatisPipelineUtilsThread"  prio=5 tid=2861 timed_waiting
java.lang.Thread.State: TIMED_WAITING
        at sun.misc.Unsafe.park(Native Method)
        at java.util.concurrent.locks.LockSupport.parkNanos(LockSupport.java:215)
        at java.util.concurrent.locks.AbstractQueuedSynchronizer$ConditionObject.awaitNanos(AbstractQueuedSynchronizer.java:2078)
        at java.util.concurrent.ScheduledThreadPoolExecutor$DelayedWorkQueue.take(ScheduledThreadPoolExecutor.java:1093)
        at java.util.concurrent.ScheduledThreadPoolExecutor$DelayedWorkQueue.take(ScheduledThreadPoolExecutor.java:809)
        at java.util.concurrent.ThreadPoolExecutor.getTask(ThreadPoolExecutor.java:1074)
        at java.util.concurrent.ThreadPoolExecutor.runWorker(ThreadPoolExecutor.java:1134)
        at java.util.concurrent.ThreadPoolExecutor$Worker.run(ThreadPoolExecutor.java:624)
        at java.lang.Thread.run(Thread.java:748)
"IPC Server handler 10 on 43737" daemon prio=5 tid=1882 timed_waiting
java.lang.Thread.State: TIMED_WAITING
        at sun.misc.Unsafe.park(Native Method)
        at java.util.concurrent.locks.LockSupport.parkNanos(LockSupport.java:215)
        at java.util.concurrent.locks.AbstractQueuedSynchronizer$ConditionObject.awaitNanos(AbstractQueuedSynchronizer.java:2078)
        at java.util.concurrent.LinkedBlockingQueue.poll(LinkedBlockingQueue.java:467)
        at org.apache.hadoop.ipc.CallQueueManager.take(CallQueueManager.java:288)
        at org.apache.hadoop.ipc.Server$Handler.run(Server.java:2668)
"pool-238-thread-51"  prio=5 tid=2848 in Object.wait()
java.lang.Thread.State: WAITING (on object monitor)
        at sun.misc.Unsafe.park(Native Method)
        at java.util.concurrent.locks.LockSupport.park(LockSupport.java:175)
        at java.util.concurrent.locks.AbstractQueuedSynchronizer$ConditionObject.await(AbstractQueuedSynchronizer.java:2039)
        at java.util.concurrent.ArrayBlockingQueue.take(ArrayBlockingQueue.java:403)
        at java.util.concurrent.ThreadPoolExecutor.getTask(ThreadPoolExecutor.java:1074)
        at java.util.concurrent.ThreadPoolExecutor.runWorker(ThreadPoolExecutor.java:1134)
        at java.util.concurrent.ThreadPoolExecutor$Worker.run(ThreadPoolExecutor.java:624)
        at java.lang.Thread.run(Thread.java:748)
"qtp955153053-2196" daemon prio=5 tid=2196 timed_waiting
java.lang.Thread.State: TIMED_WAITING
        at sun.misc.Unsafe.park(Native Method)
        at java.util.concurrent.locks.LockSupport.parkNanos(LockSupport.java:215)
        at java.util.concurrent.locks.AbstractQueuedSynchronizer$ConditionObject.awaitNanos(AbstractQueuedSynchronizer.java:2078)
        at org.eclipse.jetty.util.BlockingArrayQueue.poll(BlockingArrayQueue.java:392)
        at org.eclipse.jetty.util.thread.QueuedThreadPool.idleJobPoll(QueuedThreadPool.java:563)
        at org.eclipse.jetty.util.thread.QueuedThreadPool.access$800(QueuedThreadPool.java:48)
        at org.eclipse.jetty.util.thread.QueuedThreadPool$2.run(QueuedThreadPool.java:626)
        at java.lang.Thread.run(Thread.java:748)
"pool-238-thread-48"  prio=5 tid=2845 in Object.wait()
java.lang.Thread.State: WAITING (on object monitor)
        at sun.misc.Unsafe.park(Native Method)
        at java.util.concurrent.locks.LockSupport.park(LockSupport.java:175)
        at java.util.concurrent.locks.AbstractQueuedSynchronizer$ConditionObject.await(AbstractQueuedSynchronizer.java:2039)
        at java.util.concurrent.ArrayBlockingQueue.take(ArrayBlockingQueue.java:403)
        at java.util.concurrent.ThreadPoolExecutor.getTask(ThreadPoolExecutor.java:1074)
        at java.util.concurrent.ThreadPoolExecutor.runWorker(ThreadPoolExecutor.java:1134)
        at java.util.concurrent.ThreadPoolExecutor$Worker.run(ThreadPoolExecutor.java:624)
        at java.lang.Thread.run(Thread.java:748)
"pool-158-thread-17"  prio=5 tid=2318 in Object.wait()
java.lang.Thread.State: WAITING (on object monitor)
        at sun.misc.Unsafe.park(Native Method)
        at java.util.concurrent.locks.LockSupport.park(LockSupport.java:175)
        at java.util.concurrent.locks.AbstractQueuedSynchronizer$ConditionObject.await(AbstractQueuedSynchronizer.java:2039)
        at java.util.concurrent.ArrayBlockingQueue.take(ArrayBlockingQueue.java:403)
        at java.util.concurrent.ThreadPoolExecutor.getTask(ThreadPoolExecutor.java:1074)
        at java.util.concurrent.ThreadPoolExecutor.runWorker(ThreadPoolExecutor.java:1134)
        at java.util.concurrent.ThreadPoolExecutor$Worker.run(ThreadPoolExecutor.java:624)
        at java.lang.Thread.run(Thread.java:748)
"grpc-shared-destroyer-0" daemon prio=5 tid=1835 in Object.wait()
java.lang.Thread.State: WAITING (on object monitor)
        at sun.misc.Unsafe.park(Native Method)
        at java.util.concurrent.locks.LockSupport.park(LockSupport.java:175)
        at java.util.concurrent.locks.AbstractQueuedSynchronizer$ConditionObject.await(AbstractQueuedSynchronizer.java:2039)
        at java.util.concurrent.ScheduledThreadPoolExecutor$DelayedWorkQueue.take(ScheduledThreadPoolExecutor.java:1081)
        at java.util.concurrent.ScheduledThreadPoolExecutor$DelayedWorkQueue.take(ScheduledThreadPoolExecutor.java:809)
        at java.util.concurrent.ThreadPoolExecutor.getTask(ThreadPoolExecutor.java:1074)
        at java.util.concurrent.ThreadPoolExecutor.runWorker(ThreadPoolExecutor.java:1134)
        at java.util.concurrent.ThreadPoolExecutor$Worker.run(ThreadPoolExecutor.java:624)
        at java.lang.Thread.run(Thread.java:748)
"Datanode ReportManager Thread - 3" daemon prio=5 tid=417 in Object.wait()
java.lang.Thread.State: WAITING (on object monitor)
        at sun.misc.Unsafe.park(Native Method)
        at java.util.concurrent.locks.LockSupport.park(LockSupport.java:175)
        at java.util.concurrent.locks.AbstractQueuedSynchronizer$ConditionObject.await(AbstractQueuedSynchronizer.java:2039)
        at java.util.concurrent.ScheduledThreadPoolExecutor$DelayedWorkQueue.take(ScheduledThreadPoolExecutor.java:1088)
        at java.util.concurrent.ScheduledThreadPoolExecutor$DelayedWorkQueue.take(ScheduledThreadPoolExecutor.java:809)
        at java.util.concurrent.ThreadPoolExecutor.getTask(ThreadPoolExecutor.java:1074)
        at java.util.concurrent.ThreadPoolExecutor.runWorker(ThreadPoolExecutor.java:1134)
        at java.util.concurrent.ThreadPoolExecutor$Worker.run(ThreadPoolExecutor.java:624)
        at java.lang.Thread.run(Thread.java:748)
"Datanode ReportManager Thread - 2" daemon prio=5 tid=227 in Object.wait()
java.lang.Thread.State: WAITING (on object monitor)
        at sun.misc.Unsafe.park(Native Method)
        at java.util.concurrent.locks.LockSupport.park(LockSupport.java:175)
        at java.util.concurrent.locks.AbstractQueuedSynchronizer$ConditionObject.await(AbstractQueuedSynchronizer.java:2039)
        at java.util.concurrent.ScheduledThreadPoolExecutor$DelayedWorkQueue.take(ScheduledThreadPoolExecutor.java:1088)
        at java.util.concurrent.ScheduledThreadPoolExecutor$DelayedWorkQueue.take(ScheduledThreadPoolExecutor.java:809)
        at java.util.concurrent.ThreadPoolExecutor.getTask(ThreadPoolExecutor.java:1074)
        at java.util.concurrent.ThreadPoolExecutor.runWorker(ThreadPoolExecutor.java:1134)
        at java.util.concurrent.ThreadPoolExecutor$Worker.run(ThreadPoolExecutor.java:624)
        at java.lang.Thread.run(Thread.java:748)
"IPC Server handler 7 on 43737" daemon prio=5 tid=1879 timed_waiting
java.lang.Thread.State: TIMED_WAITING
        at sun.misc.Unsafe.park(Native Method)
        at java.util.concurrent.locks.LockSupport.parkNanos(LockSupport.java:215)
        at java.util.concurrent.locks.AbstractQueuedSynchronizer$ConditionObject.awaitNanos(AbstractQueuedSynchronizer.java:2078)
        at java.util.concurrent.LinkedBlockingQueue.poll(LinkedBlockingQueue.java:467)
        at org.apache.hadoop.ipc.CallQueueManager.take(CallQueueManager.java:288)
        at org.apache.hadoop.ipc.Server$Handler.run(Server.java:2668)
"Datanode State Machine Thread - 0" daemon prio=5 tid=2210 timed_waiting
java.lang.Thread.State: TIMED_WAITING
        at sun.misc.Unsafe.park(Native Method)
        at java.util.concurrent.locks.LockSupport.parkNanos(LockSupport.java:215)
        at java.util.concurrent.SynchronousQueue$TransferStack.awaitFulfill(SynchronousQueue.java:460)
        at java.util.concurrent.SynchronousQueue$TransferStack.transfer(SynchronousQueue.java:362)
        at java.util.concurrent.SynchronousQueue.poll(SynchronousQueue.java:941)
        at java.util.concurrent.ThreadPoolExecutor.getTask(ThreadPoolExecutor.java:1073)
        at java.util.concurrent.ThreadPoolExecutor.runWorker(ThreadPoolExecutor.java:1134)
        at java.util.concurrent.ThreadPoolExecutor$Worker.run(ThreadPoolExecutor.java:624)
        at java.lang.Thread.run(Thread.java:748)
"pool-178-thread-2"  prio=5 tid=2427 in Object.wait()
java.lang.Thread.State: WAITING (on object monitor)
        at sun.misc.Unsafe.park(Native Method)
        at java.util.concurrent.locks.LockSupport.park(LockSupport.java:175)
        at java.util.concurrent.locks.AbstractQueuedSynchronizer$ConditionObject.await(AbstractQueuedSynchronizer.java:2039)
        at java.util.concurrent.ArrayBlockingQueue.take(ArrayBlockingQueue.java:403)
        at java.util.concurrent.ThreadPoolExecutor.getTask(ThreadPoolExecutor.java:1074)
        at java.util.concurrent.ThreadPoolExecutor.runWorker(ThreadPoolExecutor.java:1134)
        at java.util.concurrent.ThreadPoolExecutor$Worker.run(ThreadPoolExecutor.java:624)
        at java.lang.Thread.run(Thread.java:748)
"pool-218-thread-46"  prio=5 tid=2719 in Object.wait()
java.lang.Thread.State: WAITING (on object monitor)
        at sun.misc.Unsafe.park(Native Method)
        at java.util.concurrent.locks.LockSupport.park(LockSupport.java:175)
        at java.util.concurrent.locks.AbstractQueuedSynchronizer$ConditionObject.await(AbstractQueuedSynchronizer.java:2039)
        at java.util.concurrent.ArrayBlockingQueue.take(ArrayBlockingQueue.java:403)
        at java.util.concurrent.ThreadPoolExecutor.getTask(ThreadPoolExecutor.java:1074)
        at java.util.concurrent.ThreadPoolExecutor.runWorker(ThreadPoolExecutor.java:1134)
        at java.util.concurrent.ThreadPoolExecutor$Worker.run(ThreadPoolExecutor.java:624)
        at java.lang.Thread.run(Thread.java:748)
"pool-218-thread-37"  prio=5 tid=2710 in Object.wait()
java.lang.Thread.State: WAITING (on object monitor)
        at sun.misc.Unsafe.park(Native Method)
        at java.util.concurrent.locks.LockSupport.park(LockSupport.java:175)
        at java.util.concurrent.locks.AbstractQueuedSynchronizer$ConditionObject.await(AbstractQueuedSynchronizer.java:2039)
        at java.util.concurrent.ArrayBlockingQueue.take(ArrayBlockingQueue.java:403)
        at java.util.concurrent.ThreadPoolExecutor.getTask(ThreadPoolExecutor.java:1074)
        at java.util.concurrent.ThreadPoolExecutor.runWorker(ThreadPoolExecutor.java:1134)
        at java.util.concurrent.ThreadPoolExecutor$Worker.run(ThreadPoolExecutor.java:624)
        at java.lang.Thread.run(Thread.java:748)
"pool-208-thread-42"  prio=5 tid=2653 in Object.wait()
java.lang.Thread.State: WAITING (on object monitor)
        at sun.misc.Unsafe.park(Native Method)
        at java.util.concurrent.locks.LockSupport.park(LockSupport.java:175)
        at java.util.concurrent.locks.AbstractQueuedSynchronizer$ConditionObject.await(AbstractQueuedSynchronizer.java:2039)
        at java.util.concurrent.ArrayBlockingQueue.take(ArrayBlockingQueue.java:403)
        at java.util.concurrent.ThreadPoolExecutor.getTask(ThreadPoolExecutor.java:1074)
        at java.util.concurrent.ThreadPoolExecutor.runWorker(ThreadPoolExecutor.java:1134)
        at java.util.concurrent.ThreadPoolExecutor$Worker.run(ThreadPoolExecutor.java:624)
        at java.lang.Thread.run(Thread.java:748)
"pool-158-thread-57"  prio=5 tid=2358 in Object.wait()
java.lang.Thread.State: WAITING (on object monitor)
        at sun.misc.Unsafe.park(Native Method)
        at java.util.concurrent.locks.LockSupport.park(LockSupport.java:175)
        at java.util.concurrent.locks.AbstractQueuedSynchronizer$ConditionObject.await(AbstractQueuedSynchronizer.java:2039)
        at java.util.concurrent.ArrayBlockingQueue.take(ArrayBlockingQueue.java:403)
        at java.util.concurrent.ThreadPoolExecutor.getTask(ThreadPoolExecutor.java:1074)
        at java.util.concurrent.ThreadPoolExecutor.runWorker(ThreadPoolExecutor.java:1134)
        at java.util.concurrent.ThreadPoolExecutor$Worker.run(ThreadPoolExecutor.java:624)
        at java.lang.Thread.run(Thread.java:748)
"qtp1768471788-2034" daemon prio=5 tid=2034 timed_waiting
java.lang.Thread.State: TIMED_WAITING
        at sun.misc.Unsafe.park(Native Method)
        at java.util.concurrent.locks.LockSupport.parkNanos(LockSupport.java:215)
        at java.util.concurrent.locks.AbstractQueuedSynchronizer$ConditionObject.awaitNanos(AbstractQueuedSynchronizer.java:2078)
        at org.eclipse.jetty.util.BlockingArrayQueue.poll(BlockingArrayQueue.java:392)
        at org.eclipse.jetty.util.thread.QueuedThreadPool.idleJobPoll(QueuedThreadPool.java:563)
        at org.eclipse.jetty.util.thread.QueuedThreadPool.access$800(QueuedThreadPool.java:48)
        at org.eclipse.jetty.util.thread.QueuedThreadPool$2.run(QueuedThreadPool.java:626)
        at java.lang.Thread.run(Thread.java:748)
"Reference Handler" daemon prio=10 tid=2 in Object.wait()
java.lang.Thread.State: WAITING (on object monitor)
        at java.lang.Object.wait(Native Method)
        at java.lang.Object.wait(Object.java:502)
        at java.lang.ref.Reference.tryHandlePending(Reference.java:191)
        at java.lang.ref.Reference$ReferenceHandler.run(Reference.java:153)
"pool-228-thread-43"  prio=5 tid=2778 in Object.wait()
java.lang.Thread.State: WAITING (on object monitor)
        at sun.misc.Unsafe.park(Native Method)
        at java.util.concurrent.locks.LockSupport.park(LockSupport.java:175)
        at java.util.concurrent.locks.AbstractQueuedSynchronizer$ConditionObject.await(AbstractQueuedSynchronizer.java:2039)
        at java.util.concurrent.ArrayBlockingQueue.take(ArrayBlockingQueue.java:403)
        at java.util.concurrent.ThreadPoolExecutor.getTask(ThreadPoolExecutor.java:1074)
        at java.util.concurrent.ThreadPoolExecutor.runWorker(ThreadPoolExecutor.java:1134)
        at java.util.concurrent.ThreadPoolExecutor$Worker.run(ThreadPoolExecutor.java:624)
        at java.lang.Thread.run(Thread.java:748)
"org.apache.ratis.server.impl.LogAppender$AppenderDaemon$$Lambda$463/184788748@1d5a7639" daemon prio=5 tid=3220 timed_waiting
java.lang.Thread.State: TIMED_WAITING
        at java.lang.Object.wait(Native Method)
        at org.apache.ratis.grpc.server.GrpcLogAppender.mayWait(GrpcLogAppender.java:149)
        at org.apache.ratis.grpc.server.GrpcLogAppender.runAppenderImpl(GrpcLogAppender.java:103)
        at org.apache.ratis.server.impl.LogAppender$AppenderDaemon.run(LogAppender.java:76)
        at org.apache.ratis.server.impl.LogAppender$AppenderDaemon$$Lambda$463/184788748.run(Unknown Source)
        at java.lang.Thread.run(Thread.java:748)
"pool-178-thread-17"  prio=5 tid=2442 in Object.wait()
java.lang.Thread.State: WAITING (on object monitor)
        at sun.misc.Unsafe.park(Native Method)
        at java.util.concurrent.locks.LockSupport.park(LockSupport.java:175)
        at java.util.concurrent.locks.AbstractQueuedSynchronizer$ConditionObject.await(AbstractQueuedSynchronizer.java:2039)
        at java.util.concurrent.ArrayBlockingQueue.take(ArrayBlockingQueue.java:403)
        at java.util.concurrent.ThreadPoolExecutor.getTask(ThreadPoolExecutor.java:1074)
        at java.util.concurrent.ThreadPoolExecutor.runWorker(ThreadPoolExecutor.java:1134)
        at java.util.concurrent.ThreadPoolExecutor$Worker.run(ThreadPoolExecutor.java:624)
        at java.lang.Thread.run(Thread.java:748)
"qtp1404150776-1976-acceptor-0@3be1e74c-ServerConnector@7ec95456{HTTP/1.1,[http/1.1]}{0.0.0.0:43467}" daemon prio=3 tid=1976 runnable
java.lang.Thread.State: RUNNABLE
        at sun.nio.ch.ServerSocketChannelImpl.accept0(Native Method)
        at sun.nio.ch.ServerSocketChannelImpl.accept(ServerSocketChannelImpl.java:422)
        at sun.nio.ch.ServerSocketChannelImpl.accept(ServerSocketChannelImpl.java:250)
        at org.eclipse.jetty.server.ServerConnector.accept(ServerConnector.java:397)
        at org.eclipse.jetty.server.AbstractConnector$Acceptor.run(AbstractConnector.java:601)
        at org.eclipse.jetty.util.thread.QueuedThreadPool.runJob(QueuedThreadPool.java:671)
        at org.eclipse.jetty.util.thread.QueuedThreadPool$2.run(QueuedThreadPool.java:589)
        at java.lang.Thread.run(Thread.java:748)
"pool-208-thread-8"  prio=5 tid=2619 in Object.wait()
java.lang.Thread.State: WAITING (on object monitor)
        at sun.misc.Unsafe.park(Native Method)
        at java.util.concurrent.locks.LockSupport.park(LockSupport.java:175)
        at java.util.concurrent.locks.AbstractQueuedSynchronizer$ConditionObject.await(AbstractQueuedSynchronizer.java:2039)
        at java.util.concurrent.ArrayBlockingQueue.take(ArrayBlockingQueue.java:403)
        at java.util.concurrent.ThreadPoolExecutor.getTask(ThreadPoolExecutor.java:1074)
        at java.util.concurrent.ThreadPoolExecutor.runWorker(ThreadPoolExecutor.java:1134)
        at java.util.concurrent.ThreadPoolExecutor$Worker.run(ThreadPoolExecutor.java:624)
        at java.lang.Thread.run(Thread.java:748)
"pool-228-thread-11"  prio=5 tid=2746 in Object.wait()
java.lang.Thread.State: WAITING (on object monitor)
        at sun.misc.Unsafe.park(Native Method)
        at java.util.concurrent.locks.LockSupport.park(LockSupport.java:175)
        at java.util.concurrent.locks.AbstractQueuedSynchronizer$ConditionObject.await(AbstractQueuedSynchronizer.java:2039)
        at java.util.concurrent.ArrayBlockingQueue.take(ArrayBlockingQueue.java:403)
        at java.util.concurrent.ThreadPoolExecutor.getTask(ThreadPoolExecutor.java:1074)
        at java.util.concurrent.ThreadPoolExecutor.runWorker(ThreadPoolExecutor.java:1134)
        at java.util.concurrent.ThreadPoolExecutor$Worker.run(ThreadPoolExecutor.java:624)
        at java.lang.Thread.run(Thread.java:748)
"pool-198-thread-26"  prio=5 tid=2575 in Object.wait()
java.lang.Thread.State: WAITING (on object monitor)
        at sun.misc.Unsafe.park(Native Method)
        at java.util.concurrent.locks.LockSupport.park(LockSupport.java:175)
        at java.util.concurrent.locks.AbstractQueuedSynchronizer$ConditionObject.await(AbstractQueuedSynchronizer.java:2039)
        at java.util.concurrent.ArrayBlockingQueue.take(ArrayBlockingQueue.java:403)
        at java.util.concurrent.ThreadPoolExecutor.getTask(ThreadPoolExecutor.java:1074)
        at java.util.concurrent.ThreadPoolExecutor.runWorker(ThreadPoolExecutor.java:1134)
        at java.util.concurrent.ThreadPoolExecutor$Worker.run(ThreadPoolExecutor.java:624)
        at java.lang.Thread.run(Thread.java:748)
"IPC Server listener on 45554" daemon prio=5 tid=1928 runnable
java.lang.Thread.State: RUNNABLE
        at sun.nio.ch.EPollArrayWrapper.epollWait(Native Method)
        at sun.nio.ch.EPollArrayWrapper.poll(EPollArrayWrapper.java:269)
        at sun.nio.ch.EPollSelectorImpl.doSelect(EPollSelectorImpl.java:93)
        at sun.nio.ch.SelectorImpl.lockAndDoSelect(SelectorImpl.java:86)
        at sun.nio.ch.SelectorImpl.select(SelectorImpl.java:97)
        at sun.nio.ch.SelectorImpl.select(SelectorImpl.java:101)
        at org.apache.hadoop.ipc.Server$Listener.run(Server.java:1159)
"Socket Reader #1 for port 42444"  prio=5 tid=1838 runnable
java.lang.Thread.State: RUNNABLE
        at sun.nio.ch.EPollArrayWrapper.epollWait(Native Method)
        at sun.nio.ch.EPollArrayWrapper.poll(EPollArrayWrapper.java:269)
        at sun.nio.ch.EPollSelectorImpl.doSelect(EPollSelectorImpl.java:93)
        at sun.nio.ch.SelectorImpl.lockAndDoSelect(SelectorImpl.java:86)
        at sun.nio.ch.SelectorImpl.select(SelectorImpl.java:97)
        at sun.nio.ch.SelectorImpl.select(SelectorImpl.java:101)
        at org.apache.hadoop.ipc.Server$Listener$Reader.doRunLoop(Server.java:1097)
        at org.apache.hadoop.ipc.Server$Listener$Reader.run(Server.java:1076)
"Timer-2"  prio=5 tid=1932 timed_waiting
java.lang.Thread.State: TIMED_WAITING
        at java.lang.Object.wait(Native Method)
        at java.util.TimerThread.mainLoop(Timer.java:552)
        at java.util.TimerThread.run(Timer.java:505)
"pool-218-thread-12"  prio=5 tid=2685 in Object.wait()
java.lang.Thread.State: WAITING (on object monitor)
        at sun.misc.Unsafe.park(Native Method)
        at java.util.concurrent.locks.LockSupport.park(LockSupport.java:175)
        at java.util.concurrent.locks.AbstractQueuedSynchronizer$ConditionObject.await(AbstractQueuedSynchronizer.java:2039)
        at java.util.concurrent.ArrayBlockingQueue.take(ArrayBlockingQueue.java:403)
        at java.util.concurrent.ThreadPoolExecutor.getTask(ThreadPoolExecutor.java:1074)
        at java.util.concurrent.ThreadPoolExecutor.runWorker(ThreadPoolExecutor.java:1134)
        at java.util.concurrent.ThreadPoolExecutor$Worker.run(ThreadPoolExecutor.java:624)
        at java.lang.Thread.run(Thread.java:748)
"pool-188-thread-31"  prio=5 tid=2518 in Object.wait()
java.lang.Thread.State: WAITING (on object monitor)
        at sun.misc.Unsafe.park(Native Method)
        at java.util.concurrent.locks.LockSupport.park(LockSupport.java:175)
        at java.util.concurrent.locks.AbstractQueuedSynchronizer$ConditionObject.await(AbstractQueuedSynchronizer.java:2039)
        at java.util.concurrent.ArrayBlockingQueue.take(ArrayBlockingQueue.java:403)
        at java.util.concurrent.ThreadPoolExecutor.getTask(ThreadPoolExecutor.java:1074)
        at java.util.concurrent.ThreadPoolExecutor.runWorker(ThreadPoolExecutor.java:1134)
        at java.util.concurrent.ThreadPoolExecutor$Worker.run(ThreadPoolExecutor.java:624)
        at java.lang.Thread.run(Thread.java:748)
"pool-158-thread-10"  prio=5 tid=2311 in Object.wait()
java.lang.Thread.State: WAITING (on object monitor)
        at sun.misc.Unsafe.park(Native Method)
        at java.util.concurrent.locks.LockSupport.park(LockSupport.java:175)
        at java.util.concurrent.locks.AbstractQueuedSynchronizer$ConditionObject.await(AbstractQueuedSynchronizer.java:2039)
        at java.util.concurrent.ArrayBlockingQueue.take(ArrayBlockingQueue.java:403)
        at java.util.concurrent.ThreadPoolExecutor.getTask(ThreadPoolExecutor.java:1074)
        at java.util.concurrent.ThreadPoolExecutor.runWorker(ThreadPoolExecutor.java:1134)
        at java.util.concurrent.ThreadPoolExecutor$Worker.run(ThreadPoolExecutor.java:624)
        at java.lang.Thread.run(Thread.java:748)
"pool-178-thread-3"  prio=5 tid=2428 in Object.wait()
java.lang.Thread.State: WAITING (on object monitor)
        at sun.misc.Unsafe.park(Native Method)
        at java.util.concurrent.locks.LockSupport.park(LockSupport.java:175)
        at java.util.concurrent.locks.AbstractQueuedSynchronizer$ConditionObject.await(AbstractQueuedSynchronizer.java:2039)
        at java.util.concurrent.ArrayBlockingQueue.take(ArrayBlockingQueue.java:403)
        at java.util.concurrent.ThreadPoolExecutor.getTask(ThreadPoolExecutor.java:1074)
        at java.util.concurrent.ThreadPoolExecutor.runWorker(ThreadPoolExecutor.java:1134)
        at java.util.concurrent.ThreadPoolExecutor$Worker.run(ThreadPoolExecutor.java:624)
        at java.lang.Thread.run(Thread.java:748)
"qtp229318537-2115" daemon prio=5 tid=2115 timed_waiting
java.lang.Thread.State: TIMED_WAITING
        at sun.misc.Unsafe.park(Native Method)
        at java.util.concurrent.locks.LockSupport.parkNanos(LockSupport.java:215)
        at java.util.concurrent.locks.AbstractQueuedSynchronizer$ConditionObject.awaitNanos(AbstractQueuedSynchronizer.java:2078)
        at org.eclipse.jetty.util.BlockingArrayQueue.poll(BlockingArrayQueue.java:392)
        at org.eclipse.jetty.util.thread.QueuedThreadPool.idleJobPoll(QueuedThreadPool.java:563)
        at org.eclipse.jetty.util.thread.QueuedThreadPool.access$800(QueuedThreadPool.java:48)
        at org.eclipse.jetty.util.thread.QueuedThreadPool$2.run(QueuedThreadPool.java:626)
        at java.lang.Thread.run(Thread.java:748)
"qtp95553286-1959" daemon prio=5 tid=1959 timed_waiting
java.lang.Thread.State: TIMED_WAITING
        at sun.misc.Unsafe.park(Native Method)
        at java.util.concurrent.locks.LockSupport.parkNanos(LockSupport.java:215)
        at java.util.concurrent.locks.AbstractQueuedSynchronizer$ConditionObject.awaitNanos(AbstractQueuedSynchronizer.java:2078)
        at org.eclipse.jetty.util.BlockingArrayQueue.poll(BlockingArrayQueue.java:392)
        at org.eclipse.jetty.util.thread.QueuedThreadPool.idleJobPoll(QueuedThreadPool.java:563)
        at org.eclipse.jetty.util.thread.QueuedThreadPool.access$800(QueuedThreadPool.java:48)
        at org.eclipse.jetty.util.thread.QueuedThreadPool$2.run(QueuedThreadPool.java:626)
        at java.lang.Thread.run(Thread.java:748)
"qtp1768471788-2037" daemon prio=5 tid=2037 timed_waiting
java.lang.Thread.State: TIMED_WAITING
        at sun.misc.Unsafe.park(Native Method)
        at java.util.concurrent.locks.LockSupport.parkNanos(LockSupport.java:215)
        at java.util.concurrent.locks.AbstractQueuedSynchronizer$ConditionObject.awaitNanos(AbstractQueuedSynchronizer.java:2078)
        at org.eclipse.jetty.util.BlockingArrayQueue.poll(BlockingArrayQueue.java:392)
        at org.eclipse.jetty.util.thread.QueuedThreadPool.idleJobPoll(QueuedThreadPool.java:563)
        at org.eclipse.jetty.util.thread.QueuedThreadPool.access$800(QueuedThreadPool.java:48)
        at org.eclipse.jetty.util.thread.QueuedThreadPool$2.run(QueuedThreadPool.java:626)
        at java.lang.Thread.run(Thread.java:748)
"86084ec4-dae7-4808-81c8-289a21d6f4dc@group-B20D901B3385-SegmentedRaftLogWorker"  prio=5 tid=2881 timed_waiting
java.lang.Thread.State: TIMED_WAITING
        at sun.misc.Unsafe.park(Native Method)
        at java.util.concurrent.locks.LockSupport.parkNanos(LockSupport.java:215)
        at java.util.concurrent.locks.AbstractQueuedSynchronizer$ConditionObject.awaitNanos(AbstractQueuedSynchronizer.java:2078)
        at org.apache.ratis.util.DataBlockingQueue.poll(DataBlockingQueue.java:137)
        at org.apache.ratis.server.raftlog.segmented.SegmentedRaftLogWorker.run(SegmentedRaftLogWorker.java:282)
        at java.lang.Thread.run(Thread.java:748)
"BlockDeletingService#0" daemon prio=5 tid=2424 timed_waiting
java.lang.Thread.State: TIMED_WAITING
        at sun.misc.Unsafe.park(Native Method)
        at java.util.concurrent.locks.LockSupport.parkNanos(LockSupport.java:215)
        at java.util.concurrent.locks.AbstractQueuedSynchronizer$ConditionObject.awaitNanos(AbstractQueuedSynchronizer.java:2078)
        at java.util.concurrent.ScheduledThreadPoolExecutor$DelayedWorkQueue.take(ScheduledThreadPoolExecutor.java:1093)
        at java.util.concurrent.ScheduledThreadPoolExecutor$DelayedWorkQueue.take(ScheduledThreadPoolExecutor.java:809)
        at java.util.concurrent.ThreadPoolExecutor.getTask(ThreadPoolExecutor.java:1074)
        at java.util.concurrent.ThreadPoolExecutor.runWorker(ThreadPoolExecutor.java:1134)
        at java.util.concurrent.ThreadPoolExecutor$Worker.run(ThreadPoolExecutor.java:624)
        at java.lang.Thread.run(Thread.java:748)
"pool-208-thread-47"  prio=5 tid=2658 in Object.wait()
java.lang.Thread.State: WAITING (on object monitor)
        at sun.misc.Unsafe.park(Native Method)
        at java.util.concurrent.locks.LockSupport.park(LockSupport.java:175)
        at java.util.concurrent.locks.AbstractQueuedSynchronizer$ConditionObject.await(AbstractQueuedSynchronizer.java:2039)
        at java.util.concurrent.ArrayBlockingQueue.take(ArrayBlockingQueue.java:403)
        at java.util.concurrent.ThreadPoolExecutor.getTask(ThreadPoolExecutor.java:1074)
        at java.util.concurrent.ThreadPoolExecutor.runWorker(ThreadPoolExecutor.java:1134)
        at java.util.concurrent.ThreadPoolExecutor$Worker.run(ThreadPoolExecutor.java:624)
        at java.lang.Thread.run(Thread.java:748)
"pool-178-thread-42"  prio=5 tid=2467 in Object.wait()
java.lang.Thread.State: WAITING (on object monitor)
        at sun.misc.Unsafe.park(Native Method)
        at java.util.concurrent.locks.LockSupport.park(LockSupport.java:175)
        at java.util.concurrent.locks.AbstractQueuedSynchronizer$ConditionObject.await(AbstractQueuedSynchronizer.java:2039)
        at java.util.concurrent.ArrayBlockingQueue.take(ArrayBlockingQueue.java:403)
        at java.util.concurrent.ThreadPoolExecutor.getTask(ThreadPoolExecutor.java:1074)
        at java.util.concurrent.ThreadPoolExecutor.runWorker(ThreadPoolExecutor.java:1134)
        at java.util.concurrent.ThreadPoolExecutor$Worker.run(ThreadPoolExecutor.java:624)
        at java.lang.Thread.run(Thread.java:748)
"pool-238-thread-18"  prio=5 tid=2815 in Object.wait()
java.lang.Thread.State: WAITING (on object monitor)
        at sun.misc.Unsafe.park(Native Method)
        at java.util.concurrent.locks.LockSupport.park(LockSupport.java:175)
        at java.util.concurrent.locks.AbstractQueuedSynchronizer$ConditionObject.await(AbstractQueuedSynchronizer.java:2039)
        at java.util.concurrent.ArrayBlockingQueue.take(ArrayBlockingQueue.java:403)
        at java.util.concurrent.ThreadPoolExecutor.getTask(ThreadPoolExecutor.java:1074)
        at java.util.concurrent.ThreadPoolExecutor.runWorker(ThreadPoolExecutor.java:1134)
        at java.util.concurrent.ThreadPoolExecutor$Worker.run(ThreadPoolExecutor.java:624)
        at java.lang.Thread.run(Thread.java:748)
"pool-168-thread-52"  prio=5 tid=2415 in Object.wait()
java.lang.Thread.State: WAITING (on object monitor)
        at sun.misc.Unsafe.park(Native Method)
        at java.util.concurrent.locks.LockSupport.park(LockSupport.java:175)
        at java.util.concurrent.locks.AbstractQueuedSynchronizer$ConditionObject.await(AbstractQueuedSynchronizer.java:2039)
        at java.util.concurrent.ArrayBlockingQueue.take(ArrayBlockingQueue.java:403)
        at java.util.concurrent.ThreadPoolExecutor.getTask(ThreadPoolExecutor.java:1074)
        at java.util.concurrent.ThreadPoolExecutor.runWorker(ThreadPoolExecutor.java:1134)
        at java.util.concurrent.ThreadPoolExecutor$Worker.run(ThreadPoolExecutor.java:624)
        at java.lang.Thread.run(Thread.java:748)
"IPC Server handler 10 on 45554" daemon prio=5 tid=1945 timed_waiting
java.lang.Thread.State: TIMED_WAITING
        at sun.misc.Unsafe.park(Native Method)
        at java.util.concurrent.locks.LockSupport.parkNanos(LockSupport.java:215)
        at java.util.concurrent.locks.AbstractQueuedSynchronizer$ConditionObject.awaitNanos(AbstractQueuedSynchronizer.java:2078)
        at java.util.concurrent.LinkedBlockingQueue.poll(LinkedBlockingQueue.java:467)
        at org.apache.hadoop.ipc.CallQueueManager.take(CallQueueManager.java:288)
        at org.apache.hadoop.ipc.Server$Handler.run(Server.java:2668)
"IPC Server handler 16 on 42444" daemon prio=5 tid=1908 timed_waiting
java.lang.Thread.State: TIMED_WAITING
        at sun.misc.Unsafe.park(Native Method)
        at java.util.concurrent.locks.LockSupport.parkNanos(LockSupport.java:215)
        at java.util.concurrent.locks.AbstractQueuedSynchronizer$ConditionObject.awaitNanos(AbstractQueuedSynchronizer.java:2078)
        at java.util.concurrent.LinkedBlockingQueue.poll(LinkedBlockingQueue.java:467)
        at org.apache.hadoop.ipc.CallQueueManager.take(CallQueueManager.java:288)
        at org.apache.hadoop.ipc.Server$Handler.run(Server.java:2668)
"pool-158-thread-51"  prio=5 tid=2352 in Object.wait()
java.lang.Thread.State: WAITING (on object monitor)
        at sun.misc.Unsafe.park(Native Method)
        at java.util.concurrent.locks.LockSupport.park(LockSupport.java:175)
        at java.util.concurrent.locks.AbstractQueuedSynchronizer$ConditionObject.await(AbstractQueuedSynchronizer.java:2039)
        at java.util.concurrent.ArrayBlockingQueue.take(ArrayBlockingQueue.java:403)
        at java.util.concurrent.ThreadPoolExecutor.getTask(ThreadPoolExecutor.java:1074)
        at java.util.concurrent.ThreadPoolExecutor.runWorker(ThreadPoolExecutor.java:1134)
        at java.util.concurrent.ThreadPoolExecutor$Worker.run(ThreadPoolExecutor.java:624)
        at java.lang.Thread.run(Thread.java:748)
"Datanode ReportManager Thread - 1" daemon prio=5 tid=307 in Object.wait()
java.lang.Thread.State: WAITING (on object monitor)
        at sun.misc.Unsafe.park(Native Method)
        at java.util.concurrent.locks.LockSupport.park(LockSupport.java:175)
        at java.util.concurrent.locks.AbstractQueuedSynchronizer$ConditionObject.await(AbstractQueuedSynchronizer.java:2039)
        at java.util.concurrent.ScheduledThreadPoolExecutor$DelayedWorkQueue.take(ScheduledThreadPoolExecutor.java:1088)
        at java.util.concurrent.ScheduledThreadPoolExecutor$DelayedWorkQueue.take(ScheduledThreadPoolExecutor.java:809)
        at java.util.concurrent.ThreadPoolExecutor.getTask(ThreadPoolExecutor.java:1074)
        at java.util.concurrent.ThreadPoolExecutor.runWorker(ThreadPoolExecutor.java:1134)
        at java.util.concurrent.ThreadPoolExecutor$Worker.run(ThreadPoolExecutor.java:624)
        at java.lang.Thread.run(Thread.java:748)
"PartialTableCache Cleanup Thread - 0" daemon prio=5 tid=3043 in Object.wait()
java.lang.Thread.State: WAITING (on object monitor)
        at sun.misc.Unsafe.park(Native Method)
        at java.util.concurrent.locks.LockSupport.park(LockSupport.java:175)
        at java.util.concurrent.locks.AbstractQueuedSynchronizer$ConditionObject.await(AbstractQueuedSynchronizer.java:2039)
        at java.util.concurrent.LinkedBlockingQueue.take(LinkedBlockingQueue.java:442)
        at java.util.concurrent.ThreadPoolExecutor.getTask(ThreadPoolExecutor.java:1074)
        at java.util.concurrent.ThreadPoolExecutor.runWorker(ThreadPoolExecutor.java:1134)
        at java.util.concurrent.ThreadPoolExecutor$Worker.run(ThreadPoolExecutor.java:624)
        at java.lang.Thread.run(Thread.java:748)
"pool-188-thread-7"  prio=5 tid=2494 in Object.wait()
java.lang.Thread.State: WAITING (on object monitor)
        at sun.misc.Unsafe.park(Native Method)
        at java.util.concurrent.locks.LockSupport.park(LockSupport.java:175)
        at java.util.concurrent.locks.AbstractQueuedSynchronizer$ConditionObject.await(AbstractQueuedSynchronizer.java:2039)
        at java.util.concurrent.ArrayBlockingQueue.take(ArrayBlockingQueue.java:403)
        at java.util.concurrent.ThreadPoolExecutor.getTask(ThreadPoolExecutor.java:1074)
        at java.util.concurrent.ThreadPoolExecutor.runWorker(ThreadPoolExecutor.java:1134)
        at java.util.concurrent.ThreadPoolExecutor$Worker.run(ThreadPoolExecutor.java:624)
        at java.lang.Thread.run(Thread.java:748)
"org.eclipse.jetty.server.session.HashSessionManager@1860f3beTimer" daemon prio=5 tid=2066 timed_waiting
java.lang.Thread.State: TIMED_WAITING
        at sun.misc.Unsafe.park(Native Method)
        at java.util.concurrent.locks.LockSupport.parkNanos(LockSupport.java:215)
        at java.util.concurrent.locks.AbstractQueuedSynchronizer$ConditionObject.awaitNanos(AbstractQueuedSynchronizer.java:2078)
        at java.util.concurrent.ScheduledThreadPoolExecutor$DelayedWorkQueue.take(ScheduledThreadPoolExecutor.java:1093)
        at java.util.concurrent.ScheduledThreadPoolExecutor$DelayedWorkQueue.take(ScheduledThreadPoolExecutor.java:809)
        at java.util.concurrent.ThreadPoolExecutor.getTask(ThreadPoolExecutor.java:1074)
        at java.util.concurrent.ThreadPoolExecutor.runWorker(ThreadPoolExecutor.java:1134)
        at java.util.concurrent.ThreadPoolExecutor$Worker.run(ThreadPoolExecutor.java:624)
        at java.lang.Thread.run(Thread.java:748)
"pool-168-thread-16"  prio=5 tid=2379 in Object.wait()
java.lang.Thread.State: WAITING (on object monitor)
        at sun.misc.Unsafe.park(Native Method)
        at java.util.concurrent.locks.LockSupport.park(LockSupport.java:175)
        at java.util.concurrent.locks.AbstractQueuedSynchronizer$ConditionObject.await(AbstractQueuedSynchronizer.java:2039)
        at java.util.concurrent.ArrayBlockingQueue.take(ArrayBlockingQueue.java:403)
        at java.util.concurrent.ThreadPoolExecutor.getTask(ThreadPoolExecutor.java:1074)
        at java.util.concurrent.ThreadPoolExecutor.runWorker(ThreadPoolExecutor.java:1134)
        at java.util.concurrent.ThreadPoolExecutor$Worker.run(ThreadPoolExecutor.java:624)
        at java.lang.Thread.run(Thread.java:748)
"Datanode ReportManager Thread - 1" daemon prio=5 tid=2178 timed_waiting
java.lang.Thread.State: TIMED_WAITING
        at sun.misc.Unsafe.park(Native Method)
        at java.util.concurrent.locks.LockSupport.parkNanos(LockSupport.java:215)
        at java.util.concurrent.locks.AbstractQueuedSynchronizer$ConditionObject.awaitNanos(AbstractQueuedSynchronizer.java:2078)
        at java.util.concurrent.ScheduledThreadPoolExecutor$DelayedWorkQueue.take(ScheduledThreadPoolExecutor.java:1093)
        at java.util.concurrent.ScheduledThreadPoolExecutor$DelayedWorkQueue.take(ScheduledThreadPoolExecutor.java:809)
        at java.util.concurrent.ThreadPoolExecutor.getTask(ThreadPoolExecutor.java:1074)
        at java.util.concurrent.ThreadPoolExecutor.runWorker(ThreadPoolExecutor.java:1134)
        at java.util.concurrent.ThreadPoolExecutor$Worker.run(ThreadPoolExecutor.java:624)
        at java.lang.Thread.run(Thread.java:748)
"pool-188-thread-51"  prio=5 tid=2538 in Object.wait()
java.lang.Thread.State: WAITING (on object monitor)
        at sun.misc.Unsafe.park(Native Method)
        at java.util.concurrent.locks.LockSupport.park(LockSupport.java:175)
        at java.util.concurrent.locks.AbstractQueuedSynchronizer$ConditionObject.await(AbstractQueuedSynchronizer.java:2039)
        at java.util.concurrent.ArrayBlockingQueue.take(ArrayBlockingQueue.java:403)
        at java.util.concurrent.ThreadPoolExecutor.getTask(ThreadPoolExecutor.java:1074)
        at java.util.concurrent.ThreadPoolExecutor.runWorker(ThreadPoolExecutor.java:1134)
        at java.util.concurrent.ThreadPoolExecutor$Worker.run(ThreadPoolExecutor.java:624)
        at java.lang.Thread.run(Thread.java:748)
"pool-218-thread-1"  prio=5 tid=2674 in Object.wait()
java.lang.Thread.State: WAITING (on object monitor)
        at sun.misc.Unsafe.park(Native Method)
        at java.util.concurrent.locks.LockSupport.park(LockSupport.java:175)
        at java.util.concurrent.locks.AbstractQueuedSynchronizer$ConditionObject.await(AbstractQueuedSynchronizer.java:2039)
        at java.util.concurrent.ArrayBlockingQueue.take(ArrayBlockingQueue.java:403)
        at java.util.concurrent.ThreadPoolExecutor.getTask(ThreadPoolExecutor.java:1074)
        at java.util.concurrent.ThreadPoolExecutor.runWorker(ThreadPoolExecutor.java:1134)
        at java.util.concurrent.ThreadPoolExecutor$Worker.run(ThreadPoolExecutor.java:624)
        at java.lang.Thread.run(Thread.java:748)
"pool-228-thread-39"  prio=5 tid=2774 in Object.wait()
java.lang.Thread.State: WAITING (on object monitor)
        at sun.misc.Unsafe.park(Native Method)
        at java.util.concurrent.locks.LockSupport.park(LockSupport.java:175)
        at java.util.concurrent.locks.AbstractQueuedSynchronizer$ConditionObject.await(AbstractQueuedSynchronizer.java:2039)
        at java.util.concurrent.ArrayBlockingQueue.take(ArrayBlockingQueue.java:403)
        at java.util.concurrent.ThreadPoolExecutor.getTask(ThreadPoolExecutor.java:1074)
        at java.util.concurrent.ThreadPoolExecutor.runWorker(ThreadPoolExecutor.java:1134)
        at java.util.concurrent.ThreadPoolExecutor$Worker.run(ThreadPoolExecutor.java:624)
        at java.lang.Thread.run(Thread.java:748)
"pool-228-thread-17"  prio=5 tid=2752 in Object.wait()
java.lang.Thread.State: WAITING (on object monitor)
        at sun.misc.Unsafe.park(Native Method)
        at java.util.concurrent.locks.LockSupport.park(LockSupport.java:175)
        at java.util.concurrent.locks.AbstractQueuedSynchronizer$ConditionObject.await(AbstractQueuedSynchronizer.java:2039)
        at java.util.concurrent.ArrayBlockingQueue.take(ArrayBlockingQueue.java:403)
        at java.util.concurrent.ThreadPoolExecutor.getTask(ThreadPoolExecutor.java:1074)
        at java.util.concurrent.ThreadPoolExecutor.runWorker(ThreadPoolExecutor.java:1134)
        at java.util.concurrent.ThreadPoolExecutor$Worker.run(ThreadPoolExecutor.java:624)
        at java.lang.Thread.run(Thread.java:748)
"pool-218-thread-31"  prio=5 tid=2704 in Object.wait()
java.lang.Thread.State: WAITING (on object monitor)
        at sun.misc.Unsafe.park(Native Method)
        at java.util.concurrent.locks.LockSupport.park(LockSupport.java:175)
        at java.util.concurrent.locks.AbstractQueuedSynchronizer$ConditionObject.await(AbstractQueuedSynchronizer.java:2039)
        at java.util.concurrent.ArrayBlockingQueue.take(ArrayBlockingQueue.java:403)
        at java.util.concurrent.ThreadPoolExecutor.getTask(ThreadPoolExecutor.java:1074)
        at java.util.concurrent.ThreadPoolExecutor.runWorker(ThreadPoolExecutor.java:1134)
        at java.util.concurrent.ThreadPoolExecutor$Worker.run(ThreadPoolExecutor.java:624)
        at java.lang.Thread.run(Thread.java:748)
"org.eclipse.jetty.server.session.HashSessionManager@5d5a51b1Timer" daemon prio=5 tid=2174 timed_waiting
java.lang.Thread.State: TIMED_WAITING
        at sun.misc.Unsafe.park(Native Method)
        at java.util.concurrent.locks.LockSupport.parkNanos(LockSupport.java:215)
        at java.util.concurrent.locks.AbstractQueuedSynchronizer$ConditionObject.awaitNanos(AbstractQueuedSynchronizer.java:2078)
        at java.util.concurrent.ScheduledThreadPoolExecutor$DelayedWorkQueue.take(ScheduledThreadPoolExecutor.java:1093)
        at java.util.concurrent.ScheduledThreadPoolExecutor$DelayedWorkQueue.take(ScheduledThreadPoolExecutor.java:809)
        at java.util.concurrent.ThreadPoolExecutor.getTask(ThreadPoolExecutor.java:1074)
        at java.util.concurrent.ThreadPoolExecutor.runWorker(ThreadPoolExecutor.java:1134)
        at java.util.concurrent.ThreadPoolExecutor$Worker.run(ThreadPoolExecutor.java:624)
        at java.lang.Thread.run(Thread.java:748)
"pool-218-thread-27"  prio=5 tid=2700 in Object.wait()
java.lang.Thread.State: WAITING (on object monitor)
        at sun.misc.Unsafe.park(Native Method)
        at java.util.concurrent.locks.LockSupport.park(LockSupport.java:175)
        at java.util.concurrent.locks.AbstractQueuedSynchronizer$ConditionObject.await(AbstractQueuedSynchronizer.java:2039)
        at java.util.concurrent.ArrayBlockingQueue.take(ArrayBlockingQueue.java:403)
        at java.util.concurrent.ThreadPoolExecutor.getTask(ThreadPoolExecutor.java:1074)
        at java.util.concurrent.ThreadPoolExecutor.runWorker(ThreadPoolExecutor.java:1134)
        at java.util.concurrent.ThreadPoolExecutor$Worker.run(ThreadPoolExecutor.java:624)
        at java.lang.Thread.run(Thread.java:748)
"org.eclipse.jetty.server.session.HashSessionManager@4eaa375cTimer" daemon prio=5 tid=2038 timed_waiting
java.lang.Thread.State: TIMED_WAITING
        at sun.misc.Unsafe.park(Native Method)
        at java.util.concurrent.locks.LockSupport.parkNanos(LockSupport.java:215)
        at java.util.concurrent.locks.AbstractQueuedSynchronizer$ConditionObject.awaitNanos(AbstractQueuedSynchronizer.java:2078)
        at java.util.concurrent.ScheduledThreadPoolExecutor$DelayedWorkQueue.take(ScheduledThreadPoolExecutor.java:1093)
        at java.util.concurrent.ScheduledThreadPoolExecutor$DelayedWorkQueue.take(ScheduledThreadPoolExecutor.java:809)
        at java.util.concurrent.ThreadPoolExecutor.getTask(ThreadPoolExecutor.java:1074)
        at java.util.concurrent.ThreadPoolExecutor.runWorker(ThreadPoolExecutor.java:1134)
        at java.util.concurrent.ThreadPoolExecutor$Worker.run(ThreadPoolExecutor.java:624)
        at java.lang.Thread.run(Thread.java:748)
"Datanode State Machine Thread - 0" daemon prio=5 tid=2122 timed_waiting
java.lang.Thread.State: TIMED_WAITING
        at java.lang.Thread.sleep(Native Method)
        at org.apache.hadoop.ozone.container.common.statemachine.DatanodeStateMachine.start(DatanodeStateMachine.java:191)
        at org.apache.hadoop.ozone.container.common.statemachine.DatanodeStateMachine.lambda$startDaemon$0(DatanodeStateMachine.java:349)
        at org.apache.hadoop.ozone.container.common.statemachine.DatanodeStateMachine$$Lambda$141/1594065480.run(Unknown Source)
        at java.lang.Thread.run(Thread.java:748)
"pool-219-thread-1"  prio=5 tid=2941 in Object.wait()
java.lang.Thread.State: WAITING (on object monitor)
        at sun.misc.Unsafe.park(Native Method)
        at java.util.concurrent.locks.LockSupport.park(LockSupport.java:175)
        at java.util.concurrent.locks.AbstractQueuedSynchronizer$ConditionObject.await(AbstractQueuedSynchronizer.java:2039)
        at java.util.concurrent.LinkedBlockingQueue.take(LinkedBlockingQueue.java:442)
        at java.util.concurrent.ThreadPoolExecutor.getTask(ThreadPoolExecutor.java:1074)
        at java.util.concurrent.ThreadPoolExecutor.runWorker(ThreadPoolExecutor.java:1134)
        at java.util.concurrent.ThreadPoolExecutor$Worker.run(ThreadPoolExecutor.java:624)
        at java.lang.Thread.run(Thread.java:748)
"09f4ece9-71c1-4a5b-9b91-b2a8aadac043@group-877CB685509D-StateMachineUpdater" daemon prio=5 tid=3146 in Object.wait()
java.lang.Thread.State: WAITING (on object monitor)
        at java.lang.Object.wait(Native Method)
        at java.lang.Object.wait(Object.java:502)
        at org.apache.ratis.server.impl.StateMachineUpdater.waitForCommit(StateMachineUpdater.java:194)
        at org.apache.ratis.server.impl.StateMachineUpdater.run(StateMachineUpdater.java:159)
        at java.lang.Thread.run(Thread.java:748)
"pool-218-thread-54"  prio=5 tid=2727 in Object.wait()
java.lang.Thread.State: WAITING (on object monitor)
        at sun.misc.Unsafe.park(Native Method)
        at java.util.concurrent.locks.LockSupport.park(LockSupport.java:175)
        at java.util.concurrent.locks.AbstractQueuedSynchronizer$ConditionObject.await(AbstractQueuedSynchronizer.java:2039)
        at java.util.concurrent.ArrayBlockingQueue.take(ArrayBlockingQueue.java:403)
        at java.util.concurrent.ThreadPoolExecutor.getTask(ThreadPoolExecutor.java:1074)
        at java.util.concurrent.ThreadPoolExecutor.runWorker(ThreadPoolExecutor.java:1134)
        at java.util.concurrent.ThreadPoolExecutor$Worker.run(ThreadPoolExecutor.java:624)
        at java.lang.Thread.run(Thread.java:748)
"Datanode ReportManager Thread - 3" daemon prio=5 tid=282 in Object.wait()
java.lang.Thread.State: WAITING (on object monitor)
        at sun.misc.Unsafe.park(Native Method)
        at java.util.concurrent.locks.LockSupport.park(LockSupport.java:175)
        at java.util.concurrent.locks.AbstractQueuedSynchronizer$ConditionObject.await(AbstractQueuedSynchronizer.java:2039)
        at java.util.concurrent.ScheduledThreadPoolExecutor$DelayedWorkQueue.take(ScheduledThreadPoolExecutor.java:1088)
        at java.util.concurrent.ScheduledThreadPoolExecutor$DelayedWorkQueue.take(ScheduledThreadPoolExecutor.java:809)
        at java.util.concurrent.ThreadPoolExecutor.getTask(ThreadPoolExecutor.java:1074)
        at java.util.concurrent.ThreadPoolExecutor.runWorker(ThreadPoolExecutor.java:1134)
        at java.util.concurrent.ThreadPoolExecutor$Worker.run(ThreadPoolExecutor.java:624)
        at java.lang.Thread.run(Thread.java:748)
"pool-158-thread-5"  prio=5 tid=2306 in Object.wait()
java.lang.Thread.State: WAITING (on object monitor)
        at sun.misc.Unsafe.park(Native Method)
        at java.util.concurrent.locks.LockSupport.park(LockSupport.java:175)
        at java.util.concurrent.locks.AbstractQueuedSynchronizer$ConditionObject.await(AbstractQueuedSynchronizer.java:2039)
        at java.util.concurrent.ArrayBlockingQueue.take(ArrayBlockingQueue.java:403)
        at java.util.concurrent.ThreadPoolExecutor.getTask(ThreadPoolExecutor.java:1074)
        at java.util.concurrent.ThreadPoolExecutor.runWorker(ThreadPoolExecutor.java:1134)
        at java.util.concurrent.ThreadPoolExecutor$Worker.run(ThreadPoolExecutor.java:624)
        at java.lang.Thread.run(Thread.java:748)
"Thread-1533" daemon prio=5 tid=3192 timed_waiting
java.lang.Thread.State: TIMED_WAITING
        at sun.misc.Unsafe.park(Native Method)
        at java.util.concurrent.locks.LockSupport.parkNanos(LockSupport.java:215)
        at java.util.concurrent.locks.AbstractQueuedSynchronizer$ConditionObject.awaitNanos(AbstractQueuedSynchronizer.java:2078)
        at java.util.concurrent.ArrayBlockingQueue.poll(ArrayBlockingQueue.java:418)
        at org.apache.ratis.server.impl.LeaderState$EventQueue.poll(LeaderState.java:115)
        at org.apache.ratis.server.impl.LeaderState$EventProcessor.run(LeaderState.java:467)
"qtp955153053-2198" daemon prio=5 tid=2198 timed_waiting
java.lang.Thread.State: TIMED_WAITING
        at sun.misc.Unsafe.park(Native Method)
        at java.util.concurrent.locks.LockSupport.parkNanos(LockSupport.java:215)
        at java.util.concurrent.locks.AbstractQueuedSynchronizer$ConditionObject.awaitNanos(AbstractQueuedSynchronizer.java:2078)
        at org.eclipse.jetty.util.BlockingArrayQueue.poll(BlockingArrayQueue.java:392)
        at org.eclipse.jetty.util.thread.QueuedThreadPool.idleJobPoll(QueuedThreadPool.java:563)
        at org.eclipse.jetty.util.thread.QueuedThreadPool.access$800(QueuedThreadPool.java:48)
        at org.eclipse.jetty.util.thread.QueuedThreadPool$2.run(QueuedThreadPool.java:626)
        at java.lang.Thread.run(Thread.java:748)
"IPC Server handler 9 on 45554" daemon prio=5 tid=1944 timed_waiting
java.lang.Thread.State: TIMED_WAITING
        at sun.misc.Unsafe.park(Native Method)
        at java.util.concurrent.locks.LockSupport.parkNanos(LockSupport.java:215)
        at java.util.concurrent.locks.AbstractQueuedSynchronizer$ConditionObject.awaitNanos(AbstractQueuedSynchronizer.java:2078)
        at java.util.concurrent.LinkedBlockingQueue.poll(LinkedBlockingQueue.java:467)
        at org.apache.hadoop.ipc.CallQueueManager.take(CallQueueManager.java:288)
        at org.apache.hadoop.ipc.Server$Handler.run(Server.java:2668)
"pool-208-thread-53"  prio=5 tid=2664 in Object.wait()
java.lang.Thread.State: WAITING (on object monitor)
        at sun.misc.Unsafe.park(Native Method)
        at java.util.concurrent.locks.LockSupport.park(LockSupport.java:175)
        at java.util.concurrent.locks.AbstractQueuedSynchronizer$ConditionObject.await(AbstractQueuedSynchronizer.java:2039)
        at java.util.concurrent.ArrayBlockingQueue.take(ArrayBlockingQueue.java:403)
        at java.util.concurrent.ThreadPoolExecutor.getTask(ThreadPoolExecutor.java:1074)
        at java.util.concurrent.ThreadPoolExecutor.runWorker(ThreadPoolExecutor.java:1134)
        at java.util.concurrent.ThreadPoolExecutor$Worker.run(ThreadPoolExecutor.java:624)
        at java.lang.Thread.run(Thread.java:748)
"pool-188-thread-29"  prio=5 tid=2516 in Object.wait()
java.lang.Thread.State: WAITING (on object monitor)
        at sun.misc.Unsafe.park(Native Method)
        at java.util.concurrent.locks.LockSupport.park(LockSupport.java:175)
        at java.util.concurrent.locks.AbstractQueuedSynchronizer$ConditionObject.await(AbstractQueuedSynchronizer.java:2039)
        at java.util.concurrent.ArrayBlockingQueue.take(ArrayBlockingQueue.java:403)
        at java.util.concurrent.ThreadPoolExecutor.getTask(ThreadPoolExecutor.java:1074)
        at java.util.concurrent.ThreadPoolExecutor.runWorker(ThreadPoolExecutor.java:1134)
        at java.util.concurrent.ThreadPoolExecutor$Worker.run(ThreadPoolExecutor.java:624)
        at java.lang.Thread.run(Thread.java:748)
"pool-198-thread-22"  prio=5 tid=2571 in Object.wait()
java.lang.Thread.State: WAITING (on object monitor)
        at sun.misc.Unsafe.park(Native Method)
        at java.util.concurrent.locks.LockSupport.park(LockSupport.java:175)
        at java.util.concurrent.locks.AbstractQueuedSynchronizer$ConditionObject.await(AbstractQueuedSynchronizer.java:2039)
        at java.util.concurrent.ArrayBlockingQueue.take(ArrayBlockingQueue.java:403)
        at java.util.concurrent.ThreadPoolExecutor.getTask(ThreadPoolExecutor.java:1074)
        at java.util.concurrent.ThreadPoolExecutor.runWorker(ThreadPoolExecutor.java:1134)
        at java.util.concurrent.ThreadPoolExecutor$Worker.run(ThreadPoolExecutor.java:624)
        at java.lang.Thread.run(Thread.java:748)
"pool-188-thread-43"  prio=5 tid=2530 in Object.wait()
java.lang.Thread.State: WAITING (on object monitor)
        at sun.misc.Unsafe.park(Native Method)
        at java.util.concurrent.locks.LockSupport.park(LockSupport.java:175)
        at java.util.concurrent.locks.AbstractQueuedSynchronizer$ConditionObject.await(AbstractQueuedSynchronizer.java:2039)
        at java.util.concurrent.ArrayBlockingQueue.take(ArrayBlockingQueue.java:403)
        at java.util.concurrent.ThreadPoolExecutor.getTask(ThreadPoolExecutor.java:1074)
        at java.util.concurrent.ThreadPoolExecutor.runWorker(ThreadPoolExecutor.java:1134)
        at java.util.concurrent.ThreadPoolExecutor$Worker.run(ThreadPoolExecutor.java:624)
        at java.lang.Thread.run(Thread.java:748)
"pool-168-thread-54"  prio=5 tid=2417 in Object.wait()
java.lang.Thread.State: WAITING (on object monitor)
        at sun.misc.Unsafe.park(Native Method)
        at java.util.concurrent.locks.LockSupport.park(LockSupport.java:175)
        at java.util.concurrent.locks.AbstractQueuedSynchronizer$ConditionObject.await(AbstractQueuedSynchronizer.java:2039)
        at java.util.concurrent.ArrayBlockingQueue.take(ArrayBlockingQueue.java:403)
        at java.util.concurrent.ThreadPoolExecutor.getTask(ThreadPoolExecutor.java:1074)
        at java.util.concurrent.ThreadPoolExecutor.runWorker(ThreadPoolExecutor.java:1134)
        at java.util.concurrent.ThreadPoolExecutor$Worker.run(ThreadPoolExecutor.java:624)
        at java.lang.Thread.run(Thread.java:748)
"Thread-1364" daemon prio=5 tid=2993 timed_waiting
java.lang.Thread.State: TIMED_WAITING
        at sun.misc.Unsafe.park(Native Method)
        at java.util.concurrent.locks.LockSupport.parkNanos(LockSupport.java:215)
        at java.util.concurrent.locks.AbstractQueuedSynchronizer$ConditionObject.awaitNanos(AbstractQueuedSynchronizer.java:2078)
        at java.util.concurrent.ArrayBlockingQueue.poll(ArrayBlockingQueue.java:418)
        at org.apache.ratis.server.impl.LeaderState$EventQueue.poll(LeaderState.java:115)
        at org.apache.ratis.server.impl.LeaderState$EventProcessor.run(LeaderState.java:467)
"Datanode State Machine Thread - 0" daemon prio=5 tid=2021 timed_waiting
java.lang.Thread.State: TIMED_WAITING
        at sun.misc.Unsafe.park(Native Method)
        at java.util.concurrent.locks.LockSupport.parkNanos(LockSupport.java:215)
        at java.util.concurrent.SynchronousQueue$TransferStack.awaitFulfill(SynchronousQueue.java:460)
        at java.util.concurrent.SynchronousQueue$TransferStack.transfer(SynchronousQueue.java:362)
        at java.util.concurrent.SynchronousQueue.poll(SynchronousQueue.java:941)
        at java.util.concurrent.ThreadPoolExecutor.getTask(ThreadPoolExecutor.java:1073)
        at java.util.concurrent.ThreadPoolExecutor.runWorker(ThreadPoolExecutor.java:1134)
        at java.util.concurrent.ThreadPoolExecutor$Worker.run(ThreadPoolExecutor.java:624)
        at java.lang.Thread.run(Thread.java:748)
"Datanode State Machine Thread - 0" daemon prio=5 tid=2068 timed_waiting
java.lang.Thread.State: TIMED_WAITING
        at java.lang.Thread.sleep(Native Method)
        at org.apache.hadoop.ozone.container.common.statemachine.DatanodeStateMachine.start(DatanodeStateMachine.java:191)
        at org.apache.hadoop.ozone.container.common.statemachine.DatanodeStateMachine.lambda$startDaemon$0(DatanodeStateMachine.java:349)
        at org.apache.hadoop.ozone.container.common.statemachine.DatanodeStateMachine$$Lambda$141/1594065480.run(Unknown Source)
        at java.lang.Thread.run(Thread.java:748)
"qtp254416915-2145" daemon prio=5 tid=2145 timed_waiting
java.lang.Thread.State: TIMED_WAITING
        at sun.misc.Unsafe.park(Native Method)
        at java.util.concurrent.locks.LockSupport.parkNanos(LockSupport.java:215)
        at java.util.concurrent.locks.AbstractQueuedSynchronizer$ConditionObject.awaitNanos(AbstractQueuedSynchronizer.java:2078)
        at org.eclipse.jetty.util.BlockingArrayQueue.poll(BlockingArrayQueue.java:392)
        at org.eclipse.jetty.util.thread.QueuedThreadPool.idleJobPoll(QueuedThreadPool.java:563)
        at org.eclipse.jetty.util.thread.QueuedThreadPool.access$800(QueuedThreadPool.java:48)
        at org.eclipse.jetty.util.thread.QueuedThreadPool$2.run(QueuedThreadPool.java:626)
        at java.lang.Thread.run(Thread.java:748)
"pool-168-thread-46"  prio=5 tid=2409 in Object.wait()
java.lang.Thread.State: WAITING (on object monitor)
        at sun.misc.Unsafe.park(Native Method)
        at java.util.concurrent.locks.LockSupport.park(LockSupport.java:175)
        at java.util.concurrent.locks.AbstractQueuedSynchronizer$ConditionObject.await(AbstractQueuedSynchronizer.java:2039)
        at java.util.concurrent.ArrayBlockingQueue.take(ArrayBlockingQueue.java:403)
        at java.util.concurrent.ThreadPoolExecutor.getTask(ThreadPoolExecutor.java:1074)
        at java.util.concurrent.ThreadPoolExecutor.runWorker(ThreadPoolExecutor.java:1134)
        at java.util.concurrent.ThreadPoolExecutor$Worker.run(ThreadPoolExecutor.java:624)
        at java.lang.Thread.run(Thread.java:748)
"pool-238-thread-43"  prio=5 tid=2840 in Object.wait()
java.lang.Thread.State: WAITING (on object monitor)
        at sun.misc.Unsafe.park(Native Method)
        at java.util.concurrent.locks.LockSupport.park(LockSupport.java:175)
        at java.util.concurrent.locks.AbstractQueuedSynchronizer$ConditionObject.await(AbstractQueuedSynchronizer.java:2039)
        at java.util.concurrent.ArrayBlockingQueue.take(ArrayBlockingQueue.java:403)
        at java.util.concurrent.ThreadPoolExecutor.getTask(ThreadPoolExecutor.java:1074)
        at java.util.concurrent.ThreadPoolExecutor.runWorker(ThreadPoolExecutor.java:1134)
        at java.util.concurrent.ThreadPoolExecutor$Worker.run(ThreadPoolExecutor.java:624)
        at java.lang.Thread.run(Thread.java:748)
"pool-188-thread-38"  prio=5 tid=2525 in Object.wait()
java.lang.Thread.State: WAITING (on object monitor)
        at sun.misc.Unsafe.park(Native Method)
        at java.util.concurrent.locks.LockSupport.park(LockSupport.java:175)
        at java.util.concurrent.locks.AbstractQueuedSynchronizer$ConditionObject.await(AbstractQueuedSynchronizer.java:2039)
        at java.util.concurrent.ArrayBlockingQueue.take(ArrayBlockingQueue.java:403)
        at java.util.concurrent.ThreadPoolExecutor.getTask(ThreadPoolExecutor.java:1074)
        at java.util.concurrent.ThreadPoolExecutor.runWorker(ThreadPoolExecutor.java:1134)
        at java.util.concurrent.ThreadPoolExecutor$Worker.run(ThreadPoolExecutor.java:624)
        at java.lang.Thread.run(Thread.java:748)
"pool-228-thread-47"  prio=5 tid=2782 in Object.wait()
java.lang.Thread.State: WAITING (on object monitor)
        at sun.misc.Unsafe.park(Native Method)
        at java.util.concurrent.locks.LockSupport.park(LockSupport.java:175)
        at java.util.concurrent.locks.AbstractQueuedSynchronizer$ConditionObject.await(AbstractQueuedSynchronizer.java:2039)
        at java.util.concurrent.ArrayBlockingQueue.take(ArrayBlockingQueue.java:403)
        at java.util.concurrent.ThreadPoolExecutor.getTask(ThreadPoolExecutor.java:1074)
        at java.util.concurrent.ThreadPoolExecutor.runWorker(ThreadPoolExecutor.java:1134)
        at java.util.concurrent.ThreadPoolExecutor$Worker.run(ThreadPoolExecutor.java:624)
        at java.lang.Thread.run(Thread.java:748)
"pool-168-thread-27"  prio=5 tid=2390 in Object.wait()
java.lang.Thread.State: WAITING (on object monitor)
        at sun.misc.Unsafe.park(Native Method)
        at java.util.concurrent.locks.LockSupport.park(LockSupport.java:175)
        at java.util.concurrent.locks.AbstractQueuedSynchronizer$ConditionObject.await(AbstractQueuedSynchronizer.java:2039)
        at java.util.concurrent.ArrayBlockingQueue.take(ArrayBlockingQueue.java:403)
        at java.util.concurrent.ThreadPoolExecutor.getTask(ThreadPoolExecutor.java:1074)
        at java.util.concurrent.ThreadPoolExecutor.runWorker(ThreadPoolExecutor.java:1134)
        at java.util.concurrent.ThreadPoolExecutor$Worker.run(ThreadPoolExecutor.java:624)
        at java.lang.Thread.run(Thread.java:748)
"Thread-1512" daemon prio=5 tid=3171 timed_waiting
java.lang.Thread.State: TIMED_WAITING
        at sun.misc.Unsafe.park(Native Method)
        at java.util.concurrent.locks.LockSupport.parkNanos(LockSupport.java:215)
        at java.util.concurrent.locks.AbstractQueuedSynchronizer$ConditionObject.awaitNanos(AbstractQueuedSynchronizer.java:2078)
        at java.util.concurrent.ArrayBlockingQueue.poll(ArrayBlockingQueue.java:418)
        at org.apache.ratis.server.impl.LeaderState$EventQueue.poll(LeaderState.java:115)
        at org.apache.ratis.server.impl.LeaderState$EventProcessor.run(LeaderState.java:467)
"org.eclipse.jetty.server.session.HashSessionManager@4816ee24Timer" daemon prio=5 tid=2228 timed_waiting
java.lang.Thread.State: TIMED_WAITING
        at sun.misc.Unsafe.park(Native Method)
        at java.util.concurrent.locks.LockSupport.parkNanos(LockSupport.java:215)
        at java.util.concurrent.locks.AbstractQueuedSynchronizer$ConditionObject.awaitNanos(AbstractQueuedSynchronizer.java:2078)
        at java.util.concurrent.ScheduledThreadPoolExecutor$DelayedWorkQueue.take(ScheduledThreadPoolExecutor.java:1093)
        at java.util.concurrent.ScheduledThreadPoolExecutor$DelayedWorkQueue.take(ScheduledThreadPoolExecutor.java:809)
        at java.util.concurrent.ThreadPoolExecutor.getTask(ThreadPoolExecutor.java:1074)
        at java.util.concurrent.ThreadPoolExecutor.runWorker(ThreadPoolExecutor.java:1134)
        at java.util.concurrent.ThreadPoolExecutor$Worker.run(ThreadPoolExecutor.java:624)
        at java.lang.Thread.run(Thread.java:748)
"Datanode ReportManager Thread - 2" daemon prio=5 tid=173 in Object.wait()
java.lang.Thread.State: WAITING (on object monitor)
        at sun.misc.Unsafe.park(Native Method)
        at java.util.concurrent.locks.LockSupport.park(LockSupport.java:175)
        at java.util.concurrent.locks.AbstractQueuedSynchronizer$ConditionObject.await(AbstractQueuedSynchronizer.java:2039)
        at java.util.concurrent.ScheduledThreadPoolExecutor$DelayedWorkQueue.take(ScheduledThreadPoolExecutor.java:1088)
        at java.util.concurrent.ScheduledThreadPoolExecutor$DelayedWorkQueue.take(ScheduledThreadPoolExecutor.java:809)
        at java.util.concurrent.ThreadPoolExecutor.getTask(ThreadPoolExecutor.java:1074)
        at java.util.concurrent.ThreadPoolExecutor.runWorker(ThreadPoolExecutor.java:1134)
        at java.util.concurrent.ThreadPoolExecutor$Worker.run(ThreadPoolExecutor.java:624)
        at java.lang.Thread.run(Thread.java:748)
"pool-198-thread-30"  prio=5 tid=2579 in Object.wait()
java.lang.Thread.State: WAITING (on object monitor)
        at sun.misc.Unsafe.park(Native Method)
        at java.util.concurrent.locks.LockSupport.park(LockSupport.java:175)
        at java.util.concurrent.locks.AbstractQueuedSynchronizer$ConditionObject.await(AbstractQueuedSynchronizer.java:2039)
        at java.util.concurrent.ArrayBlockingQueue.take(ArrayBlockingQueue.java:403)
        at java.util.concurrent.ThreadPoolExecutor.getTask(ThreadPoolExecutor.java:1074)
        at java.util.concurrent.ThreadPoolExecutor.runWorker(ThreadPoolExecutor.java:1134)
        at java.util.concurrent.ThreadPoolExecutor$Worker.run(ThreadPoolExecutor.java:624)
        at java.lang.Thread.run(Thread.java:748)
"qtp81705968-2058-acceptor-0@41b1f15d-ServerConnector@3b4825f0{HTTP/1.1,[http/1.1]}{0.0.0.0:33507}" daemon prio=3 tid=2058 runnable
java.lang.Thread.State: RUNNABLE
        at sun.nio.ch.ServerSocketChannelImpl.accept0(Native Method)
        at sun.nio.ch.ServerSocketChannelImpl.accept(ServerSocketChannelImpl.java:422)
        at sun.nio.ch.ServerSocketChannelImpl.accept(ServerSocketChannelImpl.java:250)
        at org.eclipse.jetty.server.ServerConnector.accept(ServerConnector.java:397)
        at org.eclipse.jetty.server.AbstractConnector$Acceptor.run(AbstractConnector.java:601)
        at org.eclipse.jetty.util.thread.QueuedThreadPool.runJob(QueuedThreadPool.java:671)
        at org.eclipse.jetty.util.thread.QueuedThreadPool$2.run(QueuedThreadPool.java:589)
        at java.lang.Thread.run(Thread.java:748)
"BlockDeletingService#1" daemon prio=5 tid=2363 in Object.wait()
java.lang.Thread.State: WAITING (on object monitor)
        at sun.misc.Unsafe.park(Native Method)
        at java.util.concurrent.locks.LockSupport.park(LockSupport.java:175)
        at java.util.concurrent.locks.AbstractQueuedSynchronizer$ConditionObject.await(AbstractQueuedSynchronizer.java:2039)
        at java.util.concurrent.ScheduledThreadPoolExecutor$DelayedWorkQueue.take(ScheduledThreadPoolExecutor.java:1088)
        at java.util.concurrent.ScheduledThreadPoolExecutor$DelayedWorkQueue.take(ScheduledThreadPoolExecutor.java:809)
        at java.util.concurrent.ThreadPoolExecutor.getTask(ThreadPoolExecutor.java:1074)
        at java.util.concurrent.ThreadPoolExecutor.runWorker(ThreadPoolExecutor.java:1134)
        at java.util.concurrent.ThreadPoolExecutor$Worker.run(ThreadPoolExecutor.java:624)
        at java.lang.Thread.run(Thread.java:748)
"pool-158-thread-60"  prio=5 tid=2361 in Object.wait()
java.lang.Thread.State: WAITING (on object monitor)
        at sun.misc.Unsafe.park(Native Method)
        at java.util.concurrent.locks.LockSupport.park(LockSupport.java:175)
        at java.util.concurrent.locks.AbstractQueuedSynchronizer$ConditionObject.await(AbstractQueuedSynchronizer.java:2039)
        at java.util.concurrent.ArrayBlockingQueue.take(ArrayBlockingQueue.java:403)
        at java.util.concurrent.ThreadPoolExecutor.getTask(ThreadPoolExecutor.java:1074)
        at java.util.concurrent.ThreadPoolExecutor.runWorker(ThreadPoolExecutor.java:1134)
        at java.util.concurrent.ThreadPoolExecutor$Worker.run(ThreadPoolExecutor.java:624)
        at java.lang.Thread.run(Thread.java:748)
"pool-198-thread-21"  prio=5 tid=2570 in Object.wait()
java.lang.Thread.State: WAITING (on object monitor)
        at sun.misc.Unsafe.park(Native Method)
        at java.util.concurrent.locks.LockSupport.park(LockSupport.java:175)
        at java.util.concurrent.locks.AbstractQueuedSynchronizer$ConditionObject.await(AbstractQueuedSynchronizer.java:2039)
        at java.util.concurrent.ArrayBlockingQueue.take(ArrayBlockingQueue.java:403)
        at java.util.concurrent.ThreadPoolExecutor.getTask(ThreadPoolExecutor.java:1074)
        at java.util.concurrent.ThreadPoolExecutor.runWorker(ThreadPoolExecutor.java:1134)
        at java.util.concurrent.ThreadPoolExecutor$Worker.run(ThreadPoolExecutor.java:624)
        at java.lang.Thread.run(Thread.java:748)
"IPC Server handler 1 on 35974" daemon prio=5 tid=1853 timed_waiting
java.lang.Thread.State: TIMED_WAITING
        at sun.misc.Unsafe.park(Native Method)
        at java.util.concurrent.locks.LockSupport.parkNanos(LockSupport.java:215)
        at java.util.concurrent.locks.AbstractQueuedSynchronizer$ConditionObject.awaitNanos(AbstractQueuedSynchronizer.java:2078)
        at java.util.concurrent.LinkedBlockingQueue.poll(LinkedBlockingQueue.java:467)
        at org.apache.hadoop.ipc.CallQueueManager.take(CallQueueManager.java:288)
        at org.apache.hadoop.ipc.Server$Handler.run(Server.java:2668)
"pool-178-thread-41"  prio=5 tid=2466 in Object.wait()
java.lang.Thread.State: WAITING (on object monitor)
        at sun.misc.Unsafe.park(Native Method)
        at java.util.concurrent.locks.LockSupport.park(LockSupport.java:175)
        at java.util.concurrent.locks.AbstractQueuedSynchronizer$ConditionObject.await(AbstractQueuedSynchronizer.java:2039)
        at java.util.concurrent.ArrayBlockingQueue.take(ArrayBlockingQueue.java:403)
        at java.util.concurrent.ThreadPoolExecutor.getTask(ThreadPoolExecutor.java:1074)
        at java.util.concurrent.ThreadPoolExecutor.runWorker(ThreadPoolExecutor.java:1134)
        at java.util.concurrent.ThreadPoolExecutor$Worker.run(ThreadPoolExecutor.java:624)
        at java.lang.Thread.run(Thread.java:748)
"pool-178-thread-9"  prio=5 tid=2434 in Object.wait()
java.lang.Thread.State: WAITING (on object monitor)
        at sun.misc.Unsafe.park(Native Method)
        at java.util.concurrent.locks.LockSupport.park(LockSupport.java:175)
        at java.util.concurrent.locks.AbstractQueuedSynchronizer$ConditionObject.await(AbstractQueuedSynchronizer.java:2039)
        at java.util.concurrent.ArrayBlockingQueue.take(ArrayBlockingQueue.java:403)
        at java.util.concurrent.ThreadPoolExecutor.getTask(ThreadPoolExecutor.java:1074)
        at java.util.concurrent.ThreadPoolExecutor.runWorker(ThreadPoolExecutor.java:1134)
        at java.util.concurrent.ThreadPoolExecutor$Worker.run(ThreadPoolExecutor.java:624)
        at java.lang.Thread.run(Thread.java:748)
"pool-158-thread-8"  prio=5 tid=2309 in Object.wait()
java.lang.Thread.State: WAITING (on object monitor)
        at sun.misc.Unsafe.park(Native Method)
        at java.util.concurrent.locks.LockSupport.park(LockSupport.java:175)
        at java.util.concurrent.locks.AbstractQueuedSynchronizer$ConditionObject.await(AbstractQueuedSynchronizer.java:2039)
        at java.util.concurrent.ArrayBlockingQueue.take(ArrayBlockingQueue.java:403)
        at java.util.concurrent.ThreadPoolExecutor.getTask(ThreadPoolExecutor.java:1074)
        at java.util.concurrent.ThreadPoolExecutor.runWorker(ThreadPoolExecutor.java:1134)
        at java.util.concurrent.ThreadPoolExecutor$Worker.run(ThreadPoolExecutor.java:624)
        at java.lang.Thread.run(Thread.java:748)
"pool-198-thread-8"  prio=5 tid=2557 in Object.wait()
java.lang.Thread.State: WAITING (on object monitor)
        at sun.misc.Unsafe.park(Native Method)
        at java.util.concurrent.locks.LockSupport.park(LockSupport.java:175)
        at java.util.concurrent.locks.AbstractQueuedSynchronizer$ConditionObject.await(AbstractQueuedSynchronizer.java:2039)
        at java.util.concurrent.ArrayBlockingQueue.take(ArrayBlockingQueue.java:403)
        at java.util.concurrent.ThreadPoolExecutor.getTask(ThreadPoolExecutor.java:1074)
        at java.util.concurrent.ThreadPoolExecutor.runWorker(ThreadPoolExecutor.java:1134)
        at java.util.concurrent.ThreadPoolExecutor$Worker.run(ThreadPoolExecutor.java:624)
        at java.lang.Thread.run(Thread.java:748)
"qtp229318537-2113" daemon prio=5 tid=2113 timed_waiting
java.lang.Thread.State: TIMED_WAITING
        at sun.misc.Unsafe.park(Native Method)
        at java.util.concurrent.locks.LockSupport.parkNanos(LockSupport.java:215)
        at java.util.concurrent.locks.AbstractQueuedSynchronizer$ConditionObject.awaitNanos(AbstractQueuedSynchronizer.java:2078)
        at org.eclipse.jetty.util.BlockingArrayQueue.poll(BlockingArrayQueue.java:392)
        at org.eclipse.jetty.util.thread.QueuedThreadPool.idleJobPoll(QueuedThreadPool.java:563)
        at org.eclipse.jetty.util.thread.QueuedThreadPool.access$800(QueuedThreadPool.java:48)
        at org.eclipse.jetty.util.thread.QueuedThreadPool$2.run(QueuedThreadPool.java:626)
        at java.lang.Thread.run(Thread.java:748)
"EventQueue-PipelineReportForPipelineReportHandler" daemon prio=5 tid=2865 in Object.wait()
java.lang.Thread.State: WAITING (on object monitor)
        at sun.misc.Unsafe.park(Native Method)
        at java.util.concurrent.locks.LockSupport.park(LockSupport.java:175)
        at java.util.concurrent.locks.AbstractQueuedSynchronizer$ConditionObject.await(AbstractQueuedSynchronizer.java:2039)
        at java.util.concurrent.LinkedBlockingQueue.take(LinkedBlockingQueue.java:442)
        at java.util.concurrent.ThreadPoolExecutor.getTask(ThreadPoolExecutor.java:1074)
        at java.util.concurrent.ThreadPoolExecutor.runWorker(ThreadPoolExecutor.java:1134)
        at java.util.concurrent.ThreadPoolExecutor$Worker.run(ThreadPoolExecutor.java:624)
        at java.lang.Thread.run(Thread.java:748)
"pool-168-thread-53"  prio=5 tid=2416 in Object.wait()
java.lang.Thread.State: WAITING (on object monitor)
        at sun.misc.Unsafe.park(Native Method)
        at java.util.concurrent.locks.LockSupport.park(LockSupport.java:175)
        at java.util.concurrent.locks.AbstractQueuedSynchronizer$ConditionObject.await(AbstractQueuedSynchronizer.java:2039)
        at java.util.concurrent.ArrayBlockingQueue.take(ArrayBlockingQueue.java:403)
        at java.util.concurrent.ThreadPoolExecutor.getTask(ThreadPoolExecutor.java:1074)
        at java.util.concurrent.ThreadPoolExecutor.runWorker(ThreadPoolExecutor.java:1134)
        at java.util.concurrent.ThreadPoolExecutor$Worker.run(ThreadPoolExecutor.java:624)
        at java.lang.Thread.run(Thread.java:748)
"BlockDeletingService#0" daemon prio=5 tid=2672 timed_waiting
java.lang.Thread.State: TIMED_WAITING
        at sun.misc.Unsafe.park(Native Method)
        at java.util.concurrent.locks.LockSupport.parkNanos(LockSupport.java:215)
        at java.util.concurrent.locks.AbstractQueuedSynchronizer$ConditionObject.awaitNanos(AbstractQueuedSynchronizer.java:2078)
        at java.util.concurrent.ScheduledThreadPoolExecutor$DelayedWorkQueue.take(ScheduledThreadPoolExecutor.java:1093)
        at java.util.concurrent.ScheduledThreadPoolExecutor$DelayedWorkQueue.take(ScheduledThreadPoolExecutor.java:809)
        at java.util.concurrent.ThreadPoolExecutor.getTask(ThreadPoolExecutor.java:1074)
        at java.util.concurrent.ThreadPoolExecutor.runWorker(ThreadPoolExecutor.java:1134)
        at java.util.concurrent.ThreadPoolExecutor$Worker.run(ThreadPoolExecutor.java:624)
        at java.lang.Thread.run(Thread.java:748)
"pool-238-thread-13"  prio=5 tid=2810 in Object.wait()
java.lang.Thread.State: WAITING (on object monitor)
        at sun.misc.Unsafe.park(Native Method)
        at java.util.concurrent.locks.LockSupport.park(LockSupport.java:175)
        at java.util.concurrent.locks.AbstractQueuedSynchronizer$ConditionObject.await(AbstractQueuedSynchronizer.java:2039)
        at java.util.concurrent.ArrayBlockingQueue.take(ArrayBlockingQueue.java:403)
        at java.util.concurrent.ThreadPoolExecutor.getTask(ThreadPoolExecutor.java:1074)
        at java.util.concurrent.ThreadPoolExecutor.runWorker(ThreadPoolExecutor.java:1134)
        at java.util.concurrent.ThreadPoolExecutor$Worker.run(ThreadPoolExecutor.java:624)
        at java.lang.Thread.run(Thread.java:748)
"org.apache.hadoop.util.JvmPauseMonitor$Monitor@239f017e" daemon prio=5 tid=1924 timed_waiting
java.lang.Thread.State: TIMED_WAITING
        at java.lang.Thread.sleep(Native Method)
        at org.apache.hadoop.util.JvmPauseMonitor$Monitor.run(JvmPauseMonitor.java:192)
        at java.lang.Thread.run(Thread.java:748)
"pool-198-thread-32"  prio=5 tid=2581 in Object.wait()
java.lang.Thread.State: WAITING (on object monitor)
        at sun.misc.Unsafe.park(Native Method)
        at java.util.concurrent.locks.LockSupport.park(LockSupport.java:175)
        at java.util.concurrent.locks.AbstractQueuedSynchronizer$ConditionObject.await(AbstractQueuedSynchronizer.java:2039)
        at java.util.concurrent.ArrayBlockingQueue.take(ArrayBlockingQueue.java:403)
        at java.util.concurrent.ThreadPoolExecutor.getTask(ThreadPoolExecutor.java:1074)
        at java.util.concurrent.ThreadPoolExecutor.runWorker(ThreadPoolExecutor.java:1134)
        at java.util.concurrent.ThreadPoolExecutor$Worker.run(ThreadPoolExecutor.java:624)
        at java.lang.Thread.run(Thread.java:748)
"pool-158-thread-4"  prio=5 tid=2305 in Object.wait()
java.lang.Thread.State: WAITING (on object monitor)
        at sun.misc.Unsafe.park(Native Method)
        at java.util.concurrent.locks.LockSupport.park(LockSupport.java:175)
        at java.util.concurrent.locks.AbstractQueuedSynchronizer$ConditionObject.await(AbstractQueuedSynchronizer.java:2039)
        at java.util.concurrent.ArrayBlockingQueue.take(ArrayBlockingQueue.java:403)
        at java.util.concurrent.ThreadPoolExecutor.getTask(ThreadPoolExecutor.java:1074)
        at java.util.concurrent.ThreadPoolExecutor.runWorker(ThreadPoolExecutor.java:1134)
        at java.util.concurrent.ThreadPoolExecutor$Worker.run(ThreadPoolExecutor.java:624)
        at java.lang.Thread.run(Thread.java:748)
"pool-158-thread-11"  prio=5 tid=2312 in Object.wait()
java.lang.Thread.State: WAITING (on object monitor)
        at sun.misc.Unsafe.park(Native Method)
        at java.util.concurrent.locks.LockSupport.park(LockSupport.java:175)
        at java.util.concurrent.locks.AbstractQueuedSynchronizer$ConditionObject.await(AbstractQueuedSynchronizer.java:2039)
        at java.util.concurrent.ArrayBlockingQueue.take(ArrayBlockingQueue.java:403)
        at java.util.concurrent.ThreadPoolExecutor.getTask(ThreadPoolExecutor.java:1074)
        at java.util.concurrent.ThreadPoolExecutor.runWorker(ThreadPoolExecutor.java:1134)
        at java.util.concurrent.ThreadPoolExecutor$Worker.run(ThreadPoolExecutor.java:624)
        at java.lang.Thread.run(Thread.java:748)
"pool-188-thread-45"  prio=5 tid=2532 in Object.wait()
java.lang.Thread.State: WAITING (on object monitor)
        at sun.misc.Unsafe.park(Native Method)
        at java.util.concurrent.locks.LockSupport.park(LockSupport.java:175)
        at java.util.concurrent.locks.AbstractQueuedSynchronizer$ConditionObject.await(AbstractQueuedSynchronizer.java:2039)
        at java.util.concurrent.ArrayBlockingQueue.take(ArrayBlockingQueue.java:403)
        at java.util.concurrent.ThreadPoolExecutor.getTask(ThreadPoolExecutor.java:1074)
        at java.util.concurrent.ThreadPoolExecutor.runWorker(ThreadPoolExecutor.java:1134)
        at java.util.concurrent.ThreadPoolExecutor$Worker.run(ThreadPoolExecutor.java:624)
        at java.lang.Thread.run(Thread.java:748)
"org.apache.hadoop.util.JvmPauseMonitor$Monitor@5644953f" daemon prio=5 tid=1993 timed_waiting
java.lang.Thread.State: TIMED_WAITING
        at java.lang.Thread.sleep(Native Method)
        at org.apache.hadoop.util.JvmPauseMonitor$Monitor.run(JvmPauseMonitor.java:192)
        at java.lang.Thread.run(Thread.java:748)
"pool-238-thread-7"  prio=5 tid=2804 in Object.wait()
java.lang.Thread.State: WAITING (on object monitor)
        at sun.misc.Unsafe.park(Native Method)
        at java.util.concurrent.locks.LockSupport.park(LockSupport.java:175)
        at java.util.concurrent.locks.AbstractQueuedSynchronizer$ConditionObject.await(AbstractQueuedSynchronizer.java:2039)
        at java.util.concurrent.ArrayBlockingQueue.take(ArrayBlockingQueue.java:403)
        at java.util.concurrent.ThreadPoolExecutor.getTask(ThreadPoolExecutor.java:1074)
        at java.util.concurrent.ThreadPoolExecutor.runWorker(ThreadPoolExecutor.java:1134)
        at java.util.concurrent.ThreadPoolExecutor$Worker.run(ThreadPoolExecutor.java:624)
        at java.lang.Thread.run(Thread.java:748)
"qtp955153053-2194" daemon prio=5 tid=2194 timed_waiting
java.lang.Thread.State: TIMED_WAITING
        at sun.misc.Unsafe.park(Native Method)
        at java.util.concurrent.locks.LockSupport.parkNanos(LockSupport.java:215)
        at java.util.concurrent.locks.AbstractQueuedSynchronizer$ConditionObject.awaitNanos(AbstractQueuedSynchronizer.java:2078)
        at org.eclipse.jetty.util.BlockingArrayQueue.poll(BlockingArrayQueue.java:392)
        at org.eclipse.jetty.util.thread.QueuedThreadPool.idleJobPoll(QueuedThreadPool.java:563)
        at org.eclipse.jetty.util.thread.QueuedThreadPool.access$800(QueuedThreadPool.java:48)
        at org.eclipse.jetty.util.thread.QueuedThreadPool$2.run(QueuedThreadPool.java:626)
        at java.lang.Thread.run(Thread.java:748)
"qtp1404150776-1982" daemon prio=5 tid=1982 timed_waiting
java.lang.Thread.State: TIMED_WAITING
        at sun.misc.Unsafe.park(Native Method)
        at java.util.concurrent.locks.LockSupport.parkNanos(LockSupport.java:215)
        at java.util.concurrent.locks.AbstractQueuedSynchronizer$ConditionObject.awaitNanos(AbstractQueuedSynchronizer.java:2078)
        at org.eclipse.jetty.util.BlockingArrayQueue.poll(BlockingArrayQueue.java:392)
        at org.eclipse.jetty.util.thread.QueuedThreadPool.idleJobPoll(QueuedThreadPool.java:563)
        at org.eclipse.jetty.util.thread.QueuedThreadPool.access$800(QueuedThreadPool.java:48)
        at org.eclipse.jetty.util.thread.QueuedThreadPool$2.run(QueuedThreadPool.java:626)
        at java.lang.Thread.run(Thread.java:748)
"org.eclipse.jetty.server.session.HashSessionManager@111d5c97Timer" daemon prio=5 tid=2011 timed_waiting
java.lang.Thread.State: TIMED_WAITING
        at sun.misc.Unsafe.park(Native Method)
        at java.util.concurrent.locks.LockSupport.parkNanos(LockSupport.java:215)
        at java.util.concurrent.locks.AbstractQueuedSynchronizer$ConditionObject.awaitNanos(AbstractQueuedSynchronizer.java:2078)
        at java.util.concurrent.ScheduledThreadPoolExecutor$DelayedWorkQueue.take(ScheduledThreadPoolExecutor.java:1093)
        at java.util.concurrent.ScheduledThreadPoolExecutor$DelayedWorkQueue.take(ScheduledThreadPoolExecutor.java:809)
        at java.util.concurrent.ThreadPoolExecutor.getTask(ThreadPoolExecutor.java:1074)
        at java.util.concurrent.ThreadPoolExecutor.runWorker(ThreadPoolExecutor.java:1134)
        at java.util.concurrent.ThreadPoolExecutor$Worker.run(ThreadPoolExecutor.java:624)
        at java.lang.Thread.run(Thread.java:748)
"pool-238-thread-15"  prio=5 tid=2812 in Object.wait()
java.lang.Thread.State: WAITING (on object monitor)
        at sun.misc.Unsafe.park(Native Method)
        at java.util.concurrent.locks.LockSupport.park(LockSupport.java:175)
        at java.util.concurrent.locks.AbstractQueuedSynchronizer$ConditionObject.await(AbstractQueuedSynchronizer.java:2039)
        at java.util.concurrent.ArrayBlockingQueue.take(ArrayBlockingQueue.java:403)
        at java.util.concurrent.ThreadPoolExecutor.getTask(ThreadPoolExecutor.java:1074)
        at java.util.concurrent.ThreadPoolExecutor.runWorker(ThreadPoolExecutor.java:1134)
        at java.util.concurrent.ThreadPoolExecutor$Worker.run(ThreadPoolExecutor.java:624)
        at java.lang.Thread.run(Thread.java:748)
"Command processor thread" daemon prio=5 tid=2154 timed_waiting
java.lang.Thread.State: TIMED_WAITING
        at java.lang.Thread.sleep(Native Method)
        at org.apache.hadoop.ozone.container.common.statemachine.DatanodeStateMachine.lambda$initCommandHandlerThread$1(DatanodeStateMachine.java:439)
        at org.apache.hadoop.ozone.container.common.statemachine.DatanodeStateMachine$$Lambda$142/1603672614.run(Unknown Source)
        at java.lang.Thread.run(Thread.java:748)
"pool-158-thread-12"  prio=5 tid=2313 in Object.wait()
java.lang.Thread.State: WAITING (on object monitor)
        at sun.misc.Unsafe.park(Native Method)
        at java.util.concurrent.locks.LockSupport.park(LockSupport.java:175)
        at java.util.concurrent.locks.AbstractQueuedSynchronizer$ConditionObject.await(AbstractQueuedSynchronizer.java:2039)
        at java.util.concurrent.ArrayBlockingQueue.take(ArrayBlockingQueue.java:403)
        at java.util.concurrent.ThreadPoolExecutor.getTask(ThreadPoolExecutor.java:1074)
        at java.util.concurrent.ThreadPoolExecutor.runWorker(ThreadPoolExecutor.java:1134)
        at java.util.concurrent.ThreadPoolExecutor$Worker.run(ThreadPoolExecutor.java:624)
        at java.lang.Thread.run(Thread.java:748)
"IPC Server handler 10 on 35974" daemon prio=5 tid=1862 timed_waiting
java.lang.Thread.State: TIMED_WAITING
        at sun.misc.Unsafe.park(Native Method)
        at java.util.concurrent.locks.LockSupport.parkNanos(LockSupport.java:215)
        at java.util.concurrent.locks.AbstractQueuedSynchronizer$ConditionObject.awaitNanos(AbstractQueuedSynchronizer.java:2078)
        at java.util.concurrent.LinkedBlockingQueue.poll(LinkedBlockingQueue.java:467)
        at org.apache.hadoop.ipc.CallQueueManager.take(CallQueueManager.java:288)
        at org.apache.hadoop.ipc.Server$Handler.run(Server.java:2668)
"Datanode ReportManager Thread - 2" daemon prio=5 tid=2017 in Object.wait()
java.lang.Thread.State: WAITING (on object monitor)
        at sun.misc.Unsafe.park(Native Method)
        at java.util.concurrent.locks.LockSupport.park(LockSupport.java:175)
        at java.util.concurrent.locks.AbstractQueuedSynchronizer$ConditionObject.await(AbstractQueuedSynchronizer.java:2039)
        at java.util.concurrent.ScheduledThreadPoolExecutor$DelayedWorkQueue.take(ScheduledThreadPoolExecutor.java:1088)
        at java.util.concurrent.ScheduledThreadPoolExecutor$DelayedWorkQueue.take(ScheduledThreadPoolExecutor.java:809)
        at java.util.concurrent.ThreadPoolExecutor.getTask(ThreadPoolExecutor.java:1074)
        at java.util.concurrent.ThreadPoolExecutor.runWorker(ThreadPoolExecutor.java:1134)
        at java.util.concurrent.ThreadPoolExecutor$Worker.run(ThreadPoolExecutor.java:624)
        at java.lang.Thread.run(Thread.java:748)
"IPC Server handler 1 on 42444" daemon prio=5 tid=1893 timed_waiting
java.lang.Thread.State: TIMED_WAITING
        at sun.misc.Unsafe.park(Native Method)
        at java.util.concurrent.locks.LockSupport.parkNanos(LockSupport.java:215)
        at java.util.concurrent.locks.AbstractQueuedSynchronizer$ConditionObject.awaitNanos(AbstractQueuedSynchronizer.java:2078)
        at java.util.concurrent.LinkedBlockingQueue.poll(LinkedBlockingQueue.java:467)
        at org.apache.hadoop.ipc.CallQueueManager.take(CallQueueManager.java:288)
        at org.apache.hadoop.ipc.Server$Handler.run(Server.java:2668)
"EventQueue-NodeRegistrationContainerReportForContainerSafeModeRule" daemon prio=5 tid=2863 in Object.wait()
java.lang.Thread.State: WAITING (on object monitor)
        at sun.misc.Unsafe.park(Native Method)
        at java.util.concurrent.locks.LockSupport.park(LockSupport.java:175)
        at java.util.concurrent.locks.AbstractQueuedSynchronizer$ConditionObject.await(AbstractQueuedSynchronizer.java:2039)
        at java.util.concurrent.LinkedBlockingQueue.take(LinkedBlockingQueue.java:442)
        at java.util.concurrent.ThreadPoolExecutor.getTask(ThreadPoolExecutor.java:1074)
        at java.util.concurrent.ThreadPoolExecutor.runWorker(ThreadPoolExecutor.java:1134)
        at java.util.concurrent.ThreadPoolExecutor$Worker.run(ThreadPoolExecutor.java:624)
        at java.lang.Thread.run(Thread.java:748)
"pool-228-thread-53"  prio=5 tid=2788 in Object.wait()
java.lang.Thread.State: WAITING (on object monitor)
        at sun.misc.Unsafe.park(Native Method)
        at java.util.concurrent.locks.LockSupport.park(LockSupport.java:175)
        at java.util.concurrent.locks.AbstractQueuedSynchronizer$ConditionObject.await(AbstractQueuedSynchronizer.java:2039)
        at java.util.concurrent.ArrayBlockingQueue.take(ArrayBlockingQueue.java:403)
        at java.util.concurrent.ThreadPoolExecutor.getTask(ThreadPoolExecutor.java:1074)
        at java.util.concurrent.ThreadPoolExecutor.runWorker(ThreadPoolExecutor.java:1134)
        at java.util.concurrent.ThreadPoolExecutor$Worker.run(ThreadPoolExecutor.java:624)
        at java.lang.Thread.run(Thread.java:748)
"pool-218-thread-18"  prio=5 tid=2691 in Object.wait()
java.lang.Thread.State: WAITING (on object monitor)
        at sun.misc.Unsafe.park(Native Method)
        at java.util.concurrent.locks.LockSupport.park(LockSupport.java:175)
        at java.util.concurrent.locks.AbstractQueuedSynchronizer$ConditionObject.await(AbstractQueuedSynchronizer.java:2039)
        at java.util.concurrent.ArrayBlockingQueue.take(ArrayBlockingQueue.java:403)
        at java.util.concurrent.ThreadPoolExecutor.getTask(ThreadPoolExecutor.java:1074)
        at java.util.concurrent.ThreadPoolExecutor.runWorker(ThreadPoolExecutor.java:1134)
        at java.util.concurrent.ThreadPoolExecutor$Worker.run(ThreadPoolExecutor.java:624)
        at java.lang.Thread.run(Thread.java:748)
"CommandWatcher-LeaseManager#LeaseMonitor" daemon prio=5 tid=1851 timed_waiting
java.lang.Thread.State: TIMED_WAITING
        at java.lang.Thread.sleep(Native Method)
        at org.apache.hadoop.ozone.lease.LeaseManager$LeaseMonitor.run(LeaseManager.java:234)
        at java.lang.Thread.run(Thread.java:748)
"pool-208-thread-28"  prio=5 tid=2639 in Object.wait()
java.lang.Thread.State: WAITING (on object monitor)
        at sun.misc.Unsafe.park(Native Method)
        at java.util.concurrent.locks.LockSupport.park(LockSupport.java:175)
        at java.util.concurrent.locks.AbstractQueuedSynchronizer$ConditionObject.await(AbstractQueuedSynchronizer.java:2039)
        at java.util.concurrent.ArrayBlockingQueue.take(ArrayBlockingQueue.java:403)
        at java.util.concurrent.ThreadPoolExecutor.getTask(ThreadPoolExecutor.java:1074)
        at java.util.concurrent.ThreadPoolExecutor.runWorker(ThreadPoolExecutor.java:1134)
        at java.util.concurrent.ThreadPoolExecutor$Worker.run(ThreadPoolExecutor.java:624)
        at java.lang.Thread.run(Thread.java:748)
"pool-188-thread-60"  prio=5 tid=2547 in Object.wait()
java.lang.Thread.State: WAITING (on object monitor)
        at sun.misc.Unsafe.park(Native Method)
        at java.util.concurrent.locks.LockSupport.park(LockSupport.java:175)
        at java.util.concurrent.locks.AbstractQueuedSynchronizer$ConditionObject.await(AbstractQueuedSynchronizer.java:2039)
        at java.util.concurrent.ArrayBlockingQueue.take(ArrayBlockingQueue.java:403)
        at java.util.concurrent.ThreadPoolExecutor.getTask(ThreadPoolExecutor.java:1074)
        at java.util.concurrent.ThreadPoolExecutor.runWorker(ThreadPoolExecutor.java:1134)
        at java.util.concurrent.ThreadPoolExecutor$Worker.run(ThreadPoolExecutor.java:624)
        at java.lang.Thread.run(Thread.java:748)
"pool-158-thread-44"  prio=5 tid=2345 in Object.wait()
java.lang.Thread.State: WAITING (on object monitor)
        at sun.misc.Unsafe.park(Native Method)
        at java.util.concurrent.locks.LockSupport.park(LockSupport.java:175)
        at java.util.concurrent.locks.AbstractQueuedSynchronizer$ConditionObject.await(AbstractQueuedSynchronizer.java:2039)
        at java.util.concurrent.ArrayBlockingQueue.take(ArrayBlockingQueue.java:403)
        at java.util.concurrent.ThreadPoolExecutor.getTask(ThreadPoolExecutor.java:1074)
        at java.util.concurrent.ThreadPoolExecutor.runWorker(ThreadPoolExecutor.java:1134)
        at java.util.concurrent.ThreadPoolExecutor$Worker.run(ThreadPoolExecutor.java:624)
        at java.lang.Thread.run(Thread.java:748)
"org.eclipse.jetty.server.session.HashSessionManager@5f59ea8cTimer" daemon prio=5 tid=2173 timed_waiting
java.lang.Thread.State: TIMED_WAITING
        at sun.misc.Unsafe.park(Native Method)
        at java.util.concurrent.locks.LockSupport.parkNanos(LockSupport.java:215)
        at java.util.concurrent.locks.AbstractQueuedSynchronizer$ConditionObject.awaitNanos(AbstractQueuedSynchronizer.java:2078)
        at java.util.concurrent.ScheduledThreadPoolExecutor$DelayedWorkQueue.take(ScheduledThreadPoolExecutor.java:1093)
        at java.util.concurrent.ScheduledThreadPoolExecutor$DelayedWorkQueue.take(ScheduledThreadPoolExecutor.java:809)
        at java.util.concurrent.ThreadPoolExecutor.getTask(ThreadPoolExecutor.java:1074)
        at java.util.concurrent.ThreadPoolExecutor.runWorker(ThreadPoolExecutor.java:1134)
        at java.util.concurrent.ThreadPoolExecutor$Worker.run(ThreadPoolExecutor.java:624)
        at java.lang.Thread.run(Thread.java:748)
"pool-198-thread-4"  prio=5 tid=2553 in Object.wait()
java.lang.Thread.State: WAITING (on object monitor)
        at sun.misc.Unsafe.park(Native Method)
        at java.util.concurrent.locks.LockSupport.park(LockSupport.java:175)
        at java.util.concurrent.locks.AbstractQueuedSynchronizer$ConditionObject.await(AbstractQueuedSynchronizer.java:2039)
        at java.util.concurrent.ArrayBlockingQueue.take(ArrayBlockingQueue.java:403)
        at java.util.concurrent.ThreadPoolExecutor.getTask(ThreadPoolExecutor.java:1074)
        at java.util.concurrent.ThreadPoolExecutor.runWorker(ThreadPoolExecutor.java:1134)
        at java.util.concurrent.ThreadPoolExecutor$Worker.run(ThreadPoolExecutor.java:624)
        at java.lang.Thread.run(Thread.java:748)
"pool-218-thread-11"  prio=5 tid=2684 in Object.wait()
java.lang.Thread.State: WAITING (on object monitor)
        at sun.misc.Unsafe.park(Native Method)
        at java.util.concurrent.locks.LockSupport.park(LockSupport.java:175)
        at java.util.concurrent.locks.AbstractQueuedSynchronizer$ConditionObject.await(AbstractQueuedSynchronizer.java:2039)
        at java.util.concurrent.ArrayBlockingQueue.take(ArrayBlockingQueue.java:403)
        at java.util.concurrent.ThreadPoolExecutor.getTask(ThreadPoolExecutor.java:1074)
        at java.util.concurrent.ThreadPoolExecutor.runWorker(ThreadPoolExecutor.java:1134)
        at java.util.concurrent.ThreadPoolExecutor$Worker.run(ThreadPoolExecutor.java:624)
        at java.lang.Thread.run(Thread.java:748)
"pool-158-thread-1"  prio=5 tid=2302 in Object.wait()
java.lang.Thread.State: WAITING (on object monitor)
        at sun.misc.Unsafe.park(Native Method)
        at java.util.concurrent.locks.LockSupport.park(LockSupport.java:175)
        at java.util.concurrent.locks.AbstractQueuedSynchronizer$ConditionObject.await(AbstractQueuedSynchronizer.java:2039)
        at java.util.concurrent.ArrayBlockingQueue.take(ArrayBlockingQueue.java:403)
        at java.util.concurrent.ThreadPoolExecutor.getTask(ThreadPoolExecutor.java:1074)
        at java.util.concurrent.ThreadPoolExecutor.runWorker(ThreadPoolExecutor.java:1134)
        at java.util.concurrent.ThreadPoolExecutor$Worker.run(ThreadPoolExecutor.java:624)
        at java.lang.Thread.run(Thread.java:748)
"pool-228-thread-25"  prio=5 tid=2760 in Object.wait()
java.lang.Thread.State: WAITING (on object monitor)
        at sun.misc.Unsafe.park(Native Method)
        at java.util.concurrent.locks.LockSupport.park(LockSupport.java:175)
        at java.util.concurrent.locks.AbstractQueuedSynchronizer$ConditionObject.await(AbstractQueuedSynchronizer.java:2039)
        at java.util.concurrent.ArrayBlockingQueue.take(ArrayBlockingQueue.java:403)
        at java.util.concurrent.ThreadPoolExecutor.getTask(ThreadPoolExecutor.java:1074)
        at java.util.concurrent.ThreadPoolExecutor.runWorker(ThreadPoolExecutor.java:1134)
        at java.util.concurrent.ThreadPoolExecutor$Worker.run(ThreadPoolExecutor.java:624)
        at java.lang.Thread.run(Thread.java:748)
"pool-168-thread-51"  prio=5 tid=2414 in Object.wait()
java.lang.Thread.State: WAITING (on object monitor)
        at sun.misc.Unsafe.park(Native Method)
        at java.util.concurrent.locks.LockSupport.park(LockSupport.java:175)
        at java.util.concurrent.locks.AbstractQueuedSynchronizer$ConditionObject.await(AbstractQueuedSynchronizer.java:2039)
        at java.util.concurrent.ArrayBlockingQueue.take(ArrayBlockingQueue.java:403)
        at java.util.concurrent.ThreadPoolExecutor.getTask(ThreadPoolExecutor.java:1074)
        at java.util.concurrent.ThreadPoolExecutor.runWorker(ThreadPoolExecutor.java:1134)
        at java.util.concurrent.ThreadPoolExecutor$Worker.run(ThreadPoolExecutor.java:624)
        at java.lang.Thread.run(Thread.java:748)
"Periodic HDDS volume checker"  prio=5 tid=2185 timed_waiting
java.lang.Thread.State: TIMED_WAITING
        at sun.misc.Unsafe.park(Native Method)
        at java.util.concurrent.locks.LockSupport.parkNanos(LockSupport.java:215)
        at java.util.concurrent.locks.AbstractQueuedSynchronizer$ConditionObject.awaitNanos(AbstractQueuedSynchronizer.java:2078)
        at java.util.concurrent.ScheduledThreadPoolExecutor$DelayedWorkQueue.take(ScheduledThreadPoolExecutor.java:1093)
        at java.util.concurrent.ScheduledThreadPoolExecutor$DelayedWorkQueue.take(ScheduledThreadPoolExecutor.java:809)
        at java.util.concurrent.ThreadPoolExecutor.getTask(ThreadPoolExecutor.java:1074)
        at java.util.concurrent.ThreadPoolExecutor.runWorker(ThreadPoolExecutor.java:1134)
        at java.util.concurrent.ThreadPoolExecutor$Worker.run(ThreadPoolExecutor.java:624)
        at java.lang.Thread.run(Thread.java:748)
"pool-148-thread-44"  prio=5 tid=2282 in Object.wait()
java.lang.Thread.State: WAITING (on object monitor)
        at sun.misc.Unsafe.park(Native Method)
        at java.util.concurrent.locks.LockSupport.park(LockSupport.java:175)
        at java.util.concurrent.locks.AbstractQueuedSynchronizer$ConditionObject.await(AbstractQueuedSynchronizer.java:2039)
        at java.util.concurrent.ArrayBlockingQueue.take(ArrayBlockingQueue.java:403)
        at java.util.concurrent.ThreadPoolExecutor.getTask(ThreadPoolExecutor.java:1074)
        at java.util.concurrent.ThreadPoolExecutor.runWorker(ThreadPoolExecutor.java:1134)
        at java.util.concurrent.ThreadPoolExecutor$Worker.run(ThreadPoolExecutor.java:624)
        at java.lang.Thread.run(Thread.java:748)
"Datanode ReportManager Thread - 0" daemon prio=5 tid=1988 timed_waiting
java.lang.Thread.State: TIMED_WAITING
        at sun.misc.Unsafe.park(Native Method)
        at java.util.concurrent.locks.LockSupport.parkNanos(LockSupport.java:215)
        at java.util.concurrent.locks.AbstractQueuedSynchronizer$ConditionObject.awaitNanos(AbstractQueuedSynchronizer.java:2078)
        at java.util.concurrent.ScheduledThreadPoolExecutor$DelayedWorkQueue.take(ScheduledThreadPoolExecutor.java:1093)
        at java.util.concurrent.ScheduledThreadPoolExecutor$DelayedWorkQueue.take(ScheduledThreadPoolExecutor.java:809)
        at java.util.concurrent.ThreadPoolExecutor.getTask(ThreadPoolExecutor.java:1074)
        at java.util.concurrent.ThreadPoolExecutor.runWorker(ThreadPoolExecutor.java:1134)
        at java.util.concurrent.ThreadPoolExecutor$Worker.run(ThreadPoolExecutor.java:624)
        at java.lang.Thread.run(Thread.java:748)
"pool-218-thread-14"  prio=5 tid=2687 in Object.wait()
java.lang.Thread.State: WAITING (on object monitor)
        at sun.misc.Unsafe.park(Native Method)
        at java.util.concurrent.locks.LockSupport.park(LockSupport.java:175)
        at java.util.concurrent.locks.AbstractQueuedSynchronizer$ConditionObject.await(AbstractQueuedSynchronizer.java:2039)
        at java.util.concurrent.ArrayBlockingQueue.take(ArrayBlockingQueue.java:403)
        at java.util.concurrent.ThreadPoolExecutor.getTask(ThreadPoolExecutor.java:1074)
        at java.util.concurrent.ThreadPoolExecutor.runWorker(ThreadPoolExecutor.java:1134)
        at java.util.concurrent.ThreadPoolExecutor$Worker.run(ThreadPoolExecutor.java:624)
        at java.lang.Thread.run(Thread.java:748)
"pool-208-thread-21"  prio=5 tid=2632 in Object.wait()
java.lang.Thread.State: WAITING (on object monitor)
        at sun.misc.Unsafe.park(Native Method)
        at java.util.concurrent.locks.LockSupport.park(LockSupport.java:175)
        at java.util.concurrent.locks.AbstractQueuedSynchronizer$ConditionObject.await(AbstractQueuedSynchronizer.java:2039)
        at java.util.concurrent.ArrayBlockingQueue.take(ArrayBlockingQueue.java:403)
        at java.util.concurrent.ThreadPoolExecutor.getTask(ThreadPoolExecutor.java:1074)
        at java.util.concurrent.ThreadPoolExecutor.runWorker(ThreadPoolExecutor.java:1134)
        at java.util.concurrent.ThreadPoolExecutor$Worker.run(ThreadPoolExecutor.java:624)
        at java.lang.Thread.run(Thread.java:748)
"pool-228-thread-5"  prio=5 tid=2740 in Object.wait()
java.lang.Thread.State: WAITING (on object monitor)
        at sun.misc.Unsafe.park(Native Method)
        at java.util.concurrent.locks.LockSupport.park(LockSupport.java:175)
        at java.util.concurrent.locks.AbstractQueuedSynchronizer$ConditionObject.await(AbstractQueuedSynchronizer.java:2039)
        at java.util.concurrent.ArrayBlockingQueue.take(ArrayBlockingQueue.java:403)
        at java.util.concurrent.ThreadPoolExecutor.getTask(ThreadPoolExecutor.java:1074)
        at java.util.concurrent.ThreadPoolExecutor.runWorker(ThreadPoolExecutor.java:1134)
        at java.util.concurrent.ThreadPoolExecutor$Worker.run(ThreadPoolExecutor.java:624)
        at java.lang.Thread.run(Thread.java:748)
"pool-148-thread-37"  prio=5 tid=2275 in Object.wait()
java.lang.Thread.State: WAITING (on object monitor)
        at sun.misc.Unsafe.park(Native Method)
        at java.util.concurrent.locks.LockSupport.park(LockSupport.java:175)
        at java.util.concurrent.locks.AbstractQueuedSynchronizer$ConditionObject.await(AbstractQueuedSynchronizer.java:2039)
        at java.util.concurrent.ArrayBlockingQueue.take(ArrayBlockingQueue.java:403)
        at java.util.concurrent.ThreadPoolExecutor.getTask(ThreadPoolExecutor.java:1074)
        at java.util.concurrent.ThreadPoolExecutor.runWorker(ThreadPoolExecutor.java:1134)
        at java.util.concurrent.ThreadPoolExecutor$Worker.run(ThreadPoolExecutor.java:624)
        at java.lang.Thread.run(Thread.java:748)
"grpc-default-executor-4" daemon prio=5 tid=1178 timed_waiting
java.lang.Thread.State: TIMED_WAITING
        at sun.misc.Unsafe.park(Native Method)
        at java.util.concurrent.locks.LockSupport.parkNanos(LockSupport.java:215)
        at java.util.concurrent.SynchronousQueue$TransferStack.awaitFulfill(SynchronousQueue.java:460)
        at java.util.concurrent.SynchronousQueue$TransferStack.transfer(SynchronousQueue.java:362)
        at java.util.concurrent.SynchronousQueue.poll(SynchronousQueue.java:941)
        at java.util.concurrent.ThreadPoolExecutor.getTask(ThreadPoolExecutor.java:1073)
        at java.util.concurrent.ThreadPoolExecutor.runWorker(ThreadPoolExecutor.java:1134)
        at java.util.concurrent.ThreadPoolExecutor$Worker.run(ThreadPoolExecutor.java:624)
        at java.lang.Thread.run(Thread.java:748)
"grpc-default-executor-1" daemon prio=5 tid=1110 timed_waiting
java.lang.Thread.State: TIMED_WAITING
        at sun.misc.Unsafe.park(Native Method)
        at java.util.concurrent.locks.LockSupport.parkNanos(LockSupport.java:215)
        at java.util.concurrent.SynchronousQueue$TransferStack.awaitFulfill(SynchronousQueue.java:460)
        at java.util.concurrent.SynchronousQueue$TransferStack.transfer(SynchronousQueue.java:362)
        at java.util.concurrent.SynchronousQueue.poll(SynchronousQueue.java:941)
        at java.util.concurrent.ThreadPoolExecutor.getTask(ThreadPoolExecutor.java:1073)
        at java.util.concurrent.ThreadPoolExecutor.runWorker(ThreadPoolExecutor.java:1134)
        at java.util.concurrent.ThreadPoolExecutor$Worker.run(ThreadPoolExecutor.java:624)
        at java.lang.Thread.run(Thread.java:748)
"pool-198-thread-52"  prio=5 tid=2601 in Object.wait()
java.lang.Thread.State: WAITING (on object monitor)
        at sun.misc.Unsafe.park(Native Method)
        at java.util.concurrent.locks.LockSupport.park(LockSupport.java:175)
        at java.util.concurrent.locks.AbstractQueuedSynchronizer$ConditionObject.await(AbstractQueuedSynchronizer.java:2039)
        at java.util.concurrent.ArrayBlockingQueue.take(ArrayBlockingQueue.java:403)
        at java.util.concurrent.ThreadPoolExecutor.getTask(ThreadPoolExecutor.java:1074)
        at java.util.concurrent.ThreadPoolExecutor.runWorker(ThreadPoolExecutor.java:1134)
        at java.util.concurrent.ThreadPoolExecutor$Worker.run(ThreadPoolExecutor.java:624)
        at java.lang.Thread.run(Thread.java:748)
"refreshUsed-/workdir/hadoop-ozone/integration-test/target/test-dir/MiniOzoneClusterImpl-6b3e2517-75a7-4dd9-8054-0b12e404e591/datanode-7/data/containers" daemon prio=5 tid=2160 timed_waiting
java.lang.Thread.State: TIMED_WAITING
        at java.lang.Thread.sleep(Native Method)
        at org.apache.hadoop.fs.CachingGetSpaceUsed$RefreshThread.run(CachingGetSpaceUsed.java:179)
        at java.lang.Thread.run(Thread.java:748)
"pool-228-thread-50"  prio=5 tid=2785 in Object.wait()
java.lang.Thread.State: WAITING (on object monitor)
        at sun.misc.Unsafe.park(Native Method)
        at java.util.concurrent.locks.LockSupport.park(LockSupport.java:175)
        at java.util.concurrent.locks.AbstractQueuedSynchronizer$ConditionObject.await(AbstractQueuedSynchronizer.java:2039)
        at java.util.concurrent.ArrayBlockingQueue.take(ArrayBlockingQueue.java:403)
        at java.util.concurrent.ThreadPoolExecutor.getTask(ThreadPoolExecutor.java:1074)
        at java.util.concurrent.ThreadPoolExecutor.runWorker(ThreadPoolExecutor.java:1134)
        at java.util.concurrent.ThreadPoolExecutor$Worker.run(ThreadPoolExecutor.java:624)
        at java.lang.Thread.run(Thread.java:748)
"pool-238-thread-11"  prio=5 tid=2808 in Object.wait()
java.lang.Thread.State: WAITING (on object monitor)
        at sun.misc.Unsafe.park(Native Method)
        at java.util.concurrent.locks.LockSupport.park(LockSupport.java:175)
        at java.util.concurrent.locks.AbstractQueuedSynchronizer$ConditionObject.await(AbstractQueuedSynchronizer.java:2039)
        at java.util.concurrent.ArrayBlockingQueue.take(ArrayBlockingQueue.java:403)
        at java.util.concurrent.ThreadPoolExecutor.getTask(ThreadPoolExecutor.java:1074)
        at java.util.concurrent.ThreadPoolExecutor.runWorker(ThreadPoolExecutor.java:1134)
        at java.util.concurrent.ThreadPoolExecutor$Worker.run(ThreadPoolExecutor.java:624)
        at java.lang.Thread.run(Thread.java:748)
"Datanode ReportManager Thread - 0" daemon prio=5 tid=2069 in Object.wait()
java.lang.Thread.State: WAITING (on object monitor)
        at sun.misc.Unsafe.park(Native Method)
        at java.util.concurrent.locks.LockSupport.park(LockSupport.java:175)
        at java.util.concurrent.locks.AbstractQueuedSynchronizer$ConditionObject.await(AbstractQueuedSynchronizer.java:2039)
        at java.util.concurrent.ScheduledThreadPoolExecutor$DelayedWorkQueue.take(ScheduledThreadPoolExecutor.java:1088)
        at java.util.concurrent.ScheduledThreadPoolExecutor$DelayedWorkQueue.take(ScheduledThreadPoolExecutor.java:809)
        at java.util.concurrent.ThreadPoolExecutor.getTask(ThreadPoolExecutor.java:1074)
        at java.util.concurrent.ThreadPoolExecutor.runWorker(ThreadPoolExecutor.java:1134)
        at java.util.concurrent.ThreadPoolExecutor$Worker.run(ThreadPoolExecutor.java:624)
        at java.lang.Thread.run(Thread.java:748)
"pool-208-thread-37"  prio=5 tid=2648 in Object.wait()
java.lang.Thread.State: WAITING (on object monitor)
        at sun.misc.Unsafe.park(Native Method)
        at java.util.concurrent.locks.LockSupport.park(LockSupport.java:175)
        at java.util.concurrent.locks.AbstractQueuedSynchronizer$ConditionObject.await(AbstractQueuedSynchronizer.java:2039)
        at java.util.concurrent.ArrayBlockingQueue.take(ArrayBlockingQueue.java:403)
        at java.util.concurrent.ThreadPoolExecutor.getTask(ThreadPoolExecutor.java:1074)
        at java.util.concurrent.ThreadPoolExecutor.runWorker(ThreadPoolExecutor.java:1134)
        at java.util.concurrent.ThreadPoolExecutor$Worker.run(ThreadPoolExecutor.java:624)
        at java.lang.Thread.run(Thread.java:748)
"pool-158-thread-32"  prio=5 tid=2333 in Object.wait()
java.lang.Thread.State: WAITING (on object monitor)
        at sun.misc.Unsafe.park(Native Method)
        at java.util.concurrent.locks.LockSupport.park(LockSupport.java:175)
        at java.util.concurrent.locks.AbstractQueuedSynchronizer$ConditionObject.await(AbstractQueuedSynchronizer.java:2039)
        at java.util.concurrent.ArrayBlockingQueue.take(ArrayBlockingQueue.java:403)
        at java.util.concurrent.ThreadPoolExecutor.getTask(ThreadPoolExecutor.java:1074)
        at java.util.concurrent.ThreadPoolExecutor.runWorker(ThreadPoolExecutor.java:1134)
        at java.util.concurrent.ThreadPoolExecutor$Worker.run(ThreadPoolExecutor.java:624)
        at java.lang.Thread.run(Thread.java:748)
"pool-218-thread-57"  prio=5 tid=2730 in Object.wait()
java.lang.Thread.State: WAITING (on object monitor)
        at sun.misc.Unsafe.park(Native Method)
        at java.util.concurrent.locks.LockSupport.park(LockSupport.java:175)
        at java.util.concurrent.locks.AbstractQueuedSynchronizer$ConditionObject.await(AbstractQueuedSynchronizer.java:2039)
        at java.util.concurrent.ArrayBlockingQueue.take(ArrayBlockingQueue.java:403)
        at java.util.concurrent.ThreadPoolExecutor.getTask(ThreadPoolExecutor.java:1074)
        at java.util.concurrent.ThreadPoolExecutor.runWorker(ThreadPoolExecutor.java:1134)
        at java.util.concurrent.ThreadPoolExecutor$Worker.run(ThreadPoolExecutor.java:624)
        at java.lang.Thread.run(Thread.java:748)
"pool-148-thread-32"  prio=5 tid=2270 in Object.wait()
java.lang.Thread.State: WAITING (on object monitor)
        at sun.misc.Unsafe.park(Native Method)
        at java.util.concurrent.locks.LockSupport.park(LockSupport.java:175)
        at java.util.concurrent.locks.AbstractQueuedSynchronizer$ConditionObject.await(AbstractQueuedSynchronizer.java:2039)
        at java.util.concurrent.ArrayBlockingQueue.take(ArrayBlockingQueue.java:403)
        at java.util.concurrent.ThreadPoolExecutor.getTask(ThreadPoolExecutor.java:1074)
        at java.util.concurrent.ThreadPoolExecutor.runWorker(ThreadPoolExecutor.java:1134)
        at java.util.concurrent.ThreadPoolExecutor$Worker.run(ThreadPoolExecutor.java:624)
        at java.lang.Thread.run(Thread.java:748)
"pool-158-thread-3"  prio=5 tid=2304 in Object.wait()
java.lang.Thread.State: WAITING (on object monitor)
        at sun.misc.Unsafe.park(Native Method)
        at java.util.concurrent.locks.LockSupport.park(LockSupport.java:175)
        at java.util.concurrent.locks.AbstractQueuedSynchronizer$ConditionObject.await(AbstractQueuedSynchronizer.java:2039)
        at java.util.concurrent.ArrayBlockingQueue.take(ArrayBlockingQueue.java:403)
        at java.util.concurrent.ThreadPoolExecutor.getTask(ThreadPoolExecutor.java:1074)
        at java.util.concurrent.ThreadPoolExecutor.runWorker(ThreadPoolExecutor.java:1134)
        at java.util.concurrent.ThreadPoolExecutor$Worker.run(ThreadPoolExecutor.java:624)
        at java.lang.Thread.run(Thread.java:748)
"pool-168-thread-28"  prio=5 tid=2391 in Object.wait()
java.lang.Thread.State: WAITING (on object monitor)
        at sun.misc.Unsafe.park(Native Method)
        at java.util.concurrent.locks.LockSupport.park(LockSupport.java:175)
        at java.util.concurrent.locks.AbstractQueuedSynchronizer$ConditionObject.await(AbstractQueuedSynchronizer.java:2039)
        at java.util.concurrent.ArrayBlockingQueue.take(ArrayBlockingQueue.java:403)
        at java.util.concurrent.ThreadPoolExecutor.getTask(ThreadPoolExecutor.java:1074)
        at java.util.concurrent.ThreadPoolExecutor.runWorker(ThreadPoolExecutor.java:1134)
        at java.util.concurrent.ThreadPoolExecutor$Worker.run(ThreadPoolExecutor.java:624)
        at java.lang.Thread.run(Thread.java:748)
"Periodic HDDS volume checker"  prio=5 tid=2212 timed_waiting
java.lang.Thread.State: TIMED_WAITING
        at sun.misc.Unsafe.park(Native Method)
        at java.util.concurrent.locks.LockSupport.parkNanos(LockSupport.java:215)
        at java.util.concurrent.locks.AbstractQueuedSynchronizer$ConditionObject.awaitNanos(AbstractQueuedSynchronizer.java:2078)
        at java.util.concurrent.ScheduledThreadPoolExecutor$DelayedWorkQueue.take(ScheduledThreadPoolExecutor.java:1093)
        at java.util.concurrent.ScheduledThreadPoolExecutor$DelayedWorkQueue.take(ScheduledThreadPoolExecutor.java:809)
        at java.util.concurrent.ThreadPoolExecutor.getTask(ThreadPoolExecutor.java:1074)
        at java.util.concurrent.ThreadPoolExecutor.runWorker(ThreadPoolExecutor.java:1134)
        at java.util.concurrent.ThreadPoolExecutor$Worker.run(ThreadPoolExecutor.java:624)
        at java.lang.Thread.run(Thread.java:748)
"qtp1365611185-2169" daemon prio=5 tid=2169 timed_waiting
java.lang.Thread.State: TIMED_WAITING
        at sun.misc.Unsafe.park(Native Method)
        at java.util.concurrent.locks.LockSupport.parkNanos(LockSupport.java:215)
        at java.util.concurrent.locks.AbstractQueuedSynchronizer$ConditionObject.awaitNanos(AbstractQueuedSynchronizer.java:2078)
        at org.eclipse.jetty.util.BlockingArrayQueue.poll(BlockingArrayQueue.java:392)
        at org.eclipse.jetty.util.thread.QueuedThreadPool.idleJobPoll(QueuedThreadPool.java:563)
        at org.eclipse.jetty.util.thread.QueuedThreadPool.access$800(QueuedThreadPool.java:48)
        at org.eclipse.jetty.util.thread.QueuedThreadPool$2.run(QueuedThreadPool.java:626)
        at java.lang.Thread.run(Thread.java:748)
"Datanode ReportManager Thread - 2" daemon prio=5 tid=2125 in Object.wait()
java.lang.Thread.State: WAITING (on object monitor)
        at sun.misc.Unsafe.park(Native Method)
        at java.util.concurrent.locks.LockSupport.park(LockSupport.java:175)
        at java.util.concurrent.locks.AbstractQueuedSynchronizer$ConditionObject.await(AbstractQueuedSynchronizer.java:2039)
        at java.util.concurrent.ScheduledThreadPoolExecutor$DelayedWorkQueue.take(ScheduledThreadPoolExecutor.java:1088)
        at java.util.concurrent.ScheduledThreadPoolExecutor$DelayedWorkQueue.take(ScheduledThreadPoolExecutor.java:809)
        at java.util.concurrent.ThreadPoolExecutor.getTask(ThreadPoolExecutor.java:1074)
        at java.util.concurrent.ThreadPoolExecutor.runWorker(ThreadPoolExecutor.java:1134)
        at java.util.concurrent.ThreadPoolExecutor$Worker.run(ThreadPoolExecutor.java:624)
        at java.lang.Thread.run(Thread.java:748)
"pool-238-thread-26"  prio=5 tid=2823 in Object.wait()
java.lang.Thread.State: WAITING (on object monitor)
        at sun.misc.Unsafe.park(Native Method)
        at java.util.concurrent.locks.LockSupport.park(LockSupport.java:175)
        at java.util.concurrent.locks.AbstractQueuedSynchronizer$ConditionObject.await(AbstractQueuedSynchronizer.java:2039)
        at java.util.concurrent.ArrayBlockingQueue.take(ArrayBlockingQueue.java:403)
        at java.util.concurrent.ThreadPoolExecutor.getTask(ThreadPoolExecutor.java:1074)
        at java.util.concurrent.ThreadPoolExecutor.runWorker(ThreadPoolExecutor.java:1134)
        at java.util.concurrent.ThreadPoolExecutor$Worker.run(ThreadPoolExecutor.java:624)
        at java.lang.Thread.run(Thread.java:748)
"2f24271a-73a2-4678-8a2d-efde1b9a7c05@group-CE93C81AF12A-StateMachineUpdater" daemon prio=5 tid=3108 in Object.wait()
java.lang.Thread.State: WAITING (on object monitor)
        at java.lang.Object.wait(Native Method)
        at java.lang.Object.wait(Object.java:502)
        at org.apache.ratis.server.impl.StateMachineUpdater.waitForCommit(StateMachineUpdater.java:194)
        at org.apache.ratis.server.impl.StateMachineUpdater.run(StateMachineUpdater.java:159)
        at java.lang.Thread.run(Thread.java:748)
"pool-166-thread-1" daemon prio=5 tid=2027 timed_waiting
java.lang.Thread.State: TIMED_WAITING
        at sun.misc.Unsafe.park(Native Method)
        at java.util.concurrent.locks.LockSupport.parkNanos(LockSupport.java:215)
        at java.util.concurrent.locks.AbstractQueuedSynchronizer$ConditionObject.awaitNanos(AbstractQueuedSynchronizer.java:2078)
        at java.util.concurrent.ScheduledThreadPoolExecutor$DelayedWorkQueue.take(ScheduledThreadPoolExecutor.java:1093)
        at java.util.concurrent.ScheduledThreadPoolExecutor$DelayedWorkQueue.take(ScheduledThreadPoolExecutor.java:809)
        at java.util.concurrent.ThreadPoolExecutor.getTask(ThreadPoolExecutor.java:1074)
        at java.util.concurrent.ThreadPoolExecutor.runWorker(ThreadPoolExecutor.java:1134)
        at java.util.concurrent.ThreadPoolExecutor$Worker.run(ThreadPoolExecutor.java:624)
        at java.lang.Thread.run(Thread.java:748)
"Timer-1" daemon prio=5 tid=149 timed_waiting
java.lang.Thread.State: TIMED_WAITING
        at java.lang.Object.wait(Native Method)
        at java.util.TimerThread.mainLoop(Timer.java:552)
        at java.util.TimerThread.run(Timer.java:505)
"pool-188-thread-47"  prio=5 tid=2534 in Object.wait()
java.lang.Thread.State: WAITING (on object monitor)
        at sun.misc.Unsafe.park(Native Method)
        at java.util.concurrent.locks.LockSupport.park(LockSupport.java:175)
        at java.util.concurrent.locks.AbstractQueuedSynchronizer$ConditionObject.await(AbstractQueuedSynchronizer.java:2039)
        at java.util.concurrent.ArrayBlockingQueue.take(ArrayBlockingQueue.java:403)
        at java.util.concurrent.ThreadPoolExecutor.getTask(ThreadPoolExecutor.java:1074)
        at java.util.concurrent.ThreadPoolExecutor.runWorker(ThreadPoolExecutor.java:1134)
        at java.util.concurrent.ThreadPoolExecutor$Worker.run(ThreadPoolExecutor.java:624)
        at java.lang.Thread.run(Thread.java:748)
"pool-188-thread-24"  prio=5 tid=2511 in Object.wait()
java.lang.Thread.State: WAITING (on object monitor)
        at sun.misc.Unsafe.park(Native Method)
        at java.util.concurrent.locks.LockSupport.park(LockSupport.java:175)
        at java.util.concurrent.locks.AbstractQueuedSynchronizer$ConditionObject.await(AbstractQueuedSynchronizer.java:2039)
        at java.util.concurrent.ArrayBlockingQueue.take(ArrayBlockingQueue.java:403)
        at java.util.concurrent.ThreadPoolExecutor.getTask(ThreadPoolExecutor.java:1074)
        at java.util.concurrent.ThreadPoolExecutor.runWorker(ThreadPoolExecutor.java:1134)
        at java.util.concurrent.ThreadPoolExecutor$Worker.run(ThreadPoolExecutor.java:624)
        at java.lang.Thread.run(Thread.java:748)
"pool-208-thread-40"  prio=5 tid=2651 in Object.wait()
java.lang.Thread.State: WAITING (on object monitor)
        at sun.misc.Unsafe.park(Native Method)
        at java.util.concurrent.locks.LockSupport.park(LockSupport.java:175)
        at java.util.concurrent.locks.AbstractQueuedSynchronizer$ConditionObject.await(AbstractQueuedSynchronizer.java:2039)
        at java.util.concurrent.ArrayBlockingQueue.take(ArrayBlockingQueue.java:403)
        at java.util.concurrent.ThreadPoolExecutor.getTask(ThreadPoolExecutor.java:1074)
        at java.util.concurrent.ThreadPoolExecutor.runWorker(ThreadPoolExecutor.java:1134)
        at java.util.concurrent.ThreadPoolExecutor$Worker.run(ThreadPoolExecutor.java:624)
        at java.lang.Thread.run(Thread.java:748)
"qtp2077150966-2084" daemon prio=5 tid=2084 runnable
java.lang.Thread.State: RUNNABLE
        at sun.nio.ch.EPollArrayWrapper.epollWait(Native Method)
        at sun.nio.ch.EPollArrayWrapper.poll(EPollArrayWrapper.java:269)
        at sun.nio.ch.EPollSelectorImpl.doSelect(EPollSelectorImpl.java:93)
        at sun.nio.ch.SelectorImpl.lockAndDoSelect(SelectorImpl.java:86)
        at sun.nio.ch.SelectorImpl.select(SelectorImpl.java:97)
        at sun.nio.ch.SelectorImpl.select(SelectorImpl.java:101)
        at org.eclipse.jetty.io.ManagedSelector$SelectorProducer.select(ManagedSelector.java:243)
        at org.eclipse.jetty.io.ManagedSelector$SelectorProducer.produce(ManagedSelector.java:191)
        at org.eclipse.jetty.util.thread.strategy.ExecuteProduceConsume.executeProduceConsume(ExecuteProduceConsume.java:249)
        at org.eclipse.jetty.util.thread.strategy.ExecuteProduceConsume.produceConsume(ExecuteProduceConsume.java:148)
        at org.eclipse.jetty.util.thread.strategy.ExecuteProduceConsume.execute(ExecuteProduceConsume.java:100)
        at org.eclipse.jetty.io.ManagedSelector.run(ManagedSelector.java:147)
        at org.eclipse.jetty.util.thread.QueuedThreadPool.runJob(QueuedThreadPool.java:671)
        at org.eclipse.jetty.util.thread.QueuedThreadPool$2.run(QueuedThreadPool.java:589)
        at java.lang.Thread.run(Thread.java:748)
"Datanode ReportManager Thread - 0" daemon prio=5 tid=252 in Object.wait()
java.lang.Thread.State: WAITING (on object monitor)
        at sun.misc.Unsafe.park(Native Method)
        at java.util.concurrent.locks.LockSupport.park(LockSupport.java:175)
        at java.util.concurrent.locks.AbstractQueuedSynchronizer$ConditionObject.await(AbstractQueuedSynchronizer.java:2039)
        at java.util.concurrent.ScheduledThreadPoolExecutor$DelayedWorkQueue.take(ScheduledThreadPoolExecutor.java:1088)
        at java.util.concurrent.ScheduledThreadPoolExecutor$DelayedWorkQueue.take(ScheduledThreadPoolExecutor.java:809)
        at java.util.concurrent.ThreadPoolExecutor.getTask(ThreadPoolExecutor.java:1074)
        at java.util.concurrent.ThreadPoolExecutor.runWorker(ThreadPoolExecutor.java:1134)
        at java.util.concurrent.ThreadPoolExecutor$Worker.run(ThreadPoolExecutor.java:624)
        at java.lang.Thread.run(Thread.java:748)
"Command processor thread" daemon prio=5 tid=2208 timed_waiting
java.lang.Thread.State: TIMED_WAITING
        at java.lang.Thread.sleep(Native Method)
        at org.apache.hadoop.ozone.container.common.statemachine.DatanodeStateMachine.lambda$initCommandHandlerThread$1(DatanodeStateMachine.java:439)
        at org.apache.hadoop.ozone.container.common.statemachine.DatanodeStateMachine$$Lambda$142/1603672614.run(Unknown Source)
        at java.lang.Thread.run(Thread.java:748)
"pool-198-thread-28"  prio=5 tid=2577 in Object.wait()
java.lang.Thread.State: WAITING (on object monitor)
        at sun.misc.Unsafe.park(Native Method)
        at java.util.concurrent.locks.LockSupport.park(LockSupport.java:175)
        at java.util.concurrent.locks.AbstractQueuedSynchronizer$ConditionObject.await(AbstractQueuedSynchronizer.java:2039)
        at java.util.concurrent.ArrayBlockingQueue.take(ArrayBlockingQueue.java:403)
        at java.util.concurrent.ThreadPoolExecutor.getTask(ThreadPoolExecutor.java:1074)
        at java.util.concurrent.ThreadPoolExecutor.runWorker(ThreadPoolExecutor.java:1134)
        at java.util.concurrent.ThreadPoolExecutor$Worker.run(ThreadPoolExecutor.java:624)
        at java.lang.Thread.run(Thread.java:748)
"2f24271a-73a2-4678-8a2d-efde1b9a7c05@group-09AE756F24A7-StateMachineUpdater" daemon prio=5 tid=2933 in Object.wait()
java.lang.Thread.State: WAITING (on object monitor)
        at java.lang.Object.wait(Native Method)
        at java.lang.Object.wait(Object.java:502)
        at org.apache.ratis.server.impl.StateMachineUpdater.waitForCommit(StateMachineUpdater.java:194)
        at org.apache.ratis.server.impl.StateMachineUpdater.run(StateMachineUpdater.java:159)
        at java.lang.Thread.run(Thread.java:748)
"Datanode ReportManager Thread - 3" daemon prio=5 tid=309 in Object.wait()
java.lang.Thread.State: WAITING (on object monitor)
        at sun.misc.Unsafe.park(Native Method)
        at java.util.concurrent.locks.LockSupport.park(LockSupport.java:175)
        at java.util.concurrent.locks.AbstractQueuedSynchronizer$ConditionObject.await(AbstractQueuedSynchronizer.java:2039)
        at java.util.concurrent.ScheduledThreadPoolExecutor$DelayedWorkQueue.take(ScheduledThreadPoolExecutor.java:1088)
        at java.util.concurrent.ScheduledThreadPoolExecutor$DelayedWorkQueue.take(ScheduledThreadPoolExecutor.java:809)
        at java.util.concurrent.ThreadPoolExecutor.getTask(ThreadPoolExecutor.java:1074)
        at java.util.concurrent.ThreadPoolExecutor.runWorker(ThreadPoolExecutor.java:1134)
        at java.util.concurrent.ThreadPoolExecutor$Worker.run(ThreadPoolExecutor.java:624)
        at java.lang.Thread.run(Thread.java:748)
"pool-238-thread-54"  prio=5 tid=2851 in Object.wait()
java.lang.Thread.State: WAITING (on object monitor)
        at sun.misc.Unsafe.park(Native Method)
        at java.util.concurrent.locks.LockSupport.park(LockSupport.java:175)
        at java.util.concurrent.locks.AbstractQueuedSynchronizer$ConditionObject.await(AbstractQueuedSynchronizer.java:2039)
        at java.util.concurrent.ArrayBlockingQueue.take(ArrayBlockingQueue.java:403)
        at java.util.concurrent.ThreadPoolExecutor.getTask(ThreadPoolExecutor.java:1074)
        at java.util.concurrent.ThreadPoolExecutor.runWorker(ThreadPoolExecutor.java:1134)
        at java.util.concurrent.ThreadPoolExecutor$Worker.run(ThreadPoolExecutor.java:624)
        at java.lang.Thread.run(Thread.java:748)
"pool-208-thread-1"  prio=5 tid=2612 in Object.wait()
java.lang.Thread.State: WAITING (on object monitor)
        at sun.misc.Unsafe.park(Native Method)
        at java.util.concurrent.locks.LockSupport.park(LockSupport.java:175)
        at java.util.concurrent.locks.AbstractQueuedSynchronizer$ConditionObject.await(AbstractQueuedSynchronizer.java:2039)
        at java.util.concurrent.ArrayBlockingQueue.take(ArrayBlockingQueue.java:403)
        at java.util.concurrent.ThreadPoolExecutor.getTask(ThreadPoolExecutor.java:1074)
        at java.util.concurrent.ThreadPoolExecutor.runWorker(ThreadPoolExecutor.java:1134)
        at java.util.concurrent.ThreadPoolExecutor$Worker.run(ThreadPoolExecutor.java:624)
        at java.lang.Thread.run(Thread.java:748)
"pool-198-thread-24"  prio=5 tid=2573 in Object.wait()
java.lang.Thread.State: WAITING (on object monitor)
        at sun.misc.Unsafe.park(Native Method)
        at java.util.concurrent.locks.LockSupport.park(LockSupport.java:175)
        at java.util.concurrent.locks.AbstractQueuedSynchronizer$ConditionObject.await(AbstractQueuedSynchronizer.java:2039)
        at java.util.concurrent.ArrayBlockingQueue.take(ArrayBlockingQueue.java:403)
        at java.util.concurrent.ThreadPoolExecutor.getTask(ThreadPoolExecutor.java:1074)
        at java.util.concurrent.ThreadPoolExecutor.runWorker(ThreadPoolExecutor.java:1134)
        at java.util.concurrent.ThreadPoolExecutor$Worker.run(ThreadPoolExecutor.java:624)
        at java.lang.Thread.run(Thread.java:748)
"qtp141388791-2219" daemon prio=5 tid=2219 runnable
java.lang.Thread.State: RUNNABLE
        at sun.nio.ch.EPollArrayWrapper.epollWait(Native Method)
        at sun.nio.ch.EPollArrayWrapper.poll(EPollArrayWrapper.java:269)
        at sun.nio.ch.EPollSelectorImpl.doSelect(EPollSelectorImpl.java:93)
        at sun.nio.ch.SelectorImpl.lockAndDoSelect(SelectorImpl.java:86)
        at sun.nio.ch.SelectorImpl.select(SelectorImpl.java:97)
        at sun.nio.ch.SelectorImpl.select(SelectorImpl.java:101)
        at org.eclipse.jetty.io.ManagedSelector$SelectorProducer.select(ManagedSelector.java:243)
        at org.eclipse.jetty.io.ManagedSelector$SelectorProducer.produce(ManagedSelector.java:191)
        at org.eclipse.jetty.util.thread.strategy.ExecuteProduceConsume.executeProduceConsume(ExecuteProduceConsume.java:249)
        at org.eclipse.jetty.util.thread.strategy.ExecuteProduceConsume.produceConsume(ExecuteProduceConsume.java:148)
        at org.eclipse.jetty.util.thread.strategy.ExecuteProduceConsume.execute(ExecuteProduceConsume.java:100)
        at org.eclipse.jetty.io.ManagedSelector.run(ManagedSelector.java:147)
        at org.eclipse.jetty.util.thread.QueuedThreadPool.runJob(QueuedThreadPool.java:671)
        at org.eclipse.jetty.util.thread.QueuedThreadPool$2.run(QueuedThreadPool.java:589)
        at java.lang.Thread.run(Thread.java:748)
"pool-228-thread-51"  prio=5 tid=2786 in Object.wait()
java.lang.Thread.State: WAITING (on object monitor)
        at sun.misc.Unsafe.park(Native Method)
        at java.util.concurrent.locks.LockSupport.park(LockSupport.java:175)
        at java.util.concurrent.locks.AbstractQueuedSynchronizer$ConditionObject.await(AbstractQueuedSynchronizer.java:2039)
        at java.util.concurrent.ArrayBlockingQueue.take(ArrayBlockingQueue.java:403)
        at java.util.concurrent.ThreadPoolExecutor.getTask(ThreadPoolExecutor.java:1074)
        at java.util.concurrent.ThreadPoolExecutor.runWorker(ThreadPoolExecutor.java:1134)
        at java.util.concurrent.ThreadPoolExecutor$Worker.run(ThreadPoolExecutor.java:624)
        at java.lang.Thread.run(Thread.java:748)
"pool-148-thread-5"  prio=5 tid=2243 in Object.wait()
java.lang.Thread.State: WAITING (on object monitor)
        at sun.misc.Unsafe.park(Native Method)
        at java.util.concurrent.locks.LockSupport.park(LockSupport.java:175)
        at java.util.concurrent.locks.AbstractQueuedSynchronizer$ConditionObject.await(AbstractQueuedSynchronizer.java:2039)
        at java.util.concurrent.ArrayBlockingQueue.take(ArrayBlockingQueue.java:403)
        at java.util.concurrent.ThreadPoolExecutor.getTask(ThreadPoolExecutor.java:1074)
        at java.util.concurrent.ThreadPoolExecutor.runWorker(ThreadPoolExecutor.java:1134)
        at java.util.concurrent.ThreadPoolExecutor$Worker.run(ThreadPoolExecutor.java:624)
        at java.lang.Thread.run(Thread.java:748)
"pool-148-thread-29"  prio=5 tid=2267 in Object.wait()
java.lang.Thread.State: WAITING (on object monitor)
        at sun.misc.Unsafe.park(Native Method)
        at java.util.concurrent.locks.LockSupport.park(LockSupport.java:175)
        at java.util.concurrent.locks.AbstractQueuedSynchronizer$ConditionObject.await(AbstractQueuedSynchronizer.java:2039)
        at java.util.concurrent.ArrayBlockingQueue.take(ArrayBlockingQueue.java:403)
        at java.util.concurrent.ThreadPoolExecutor.getTask(ThreadPoolExecutor.java:1074)
        at java.util.concurrent.ThreadPoolExecutor.runWorker(ThreadPoolExecutor.java:1134)
        at java.util.concurrent.ThreadPoolExecutor$Worker.run(ThreadPoolExecutor.java:624)
        at java.lang.Thread.run(Thread.java:748)
"pool-168-thread-4"  prio=5 tid=2367 in Object.wait()
java.lang.Thread.State: WAITING (on object monitor)
        at sun.misc.Unsafe.park(Native Method)
        at java.util.concurrent.locks.LockSupport.park(LockSupport.java:175)
        at java.util.concurrent.locks.AbstractQueuedSynchronizer$ConditionObject.await(AbstractQueuedSynchronizer.java:2039)
        at java.util.concurrent.ArrayBlockingQueue.take(ArrayBlockingQueue.java:403)
        at java.util.concurrent.ThreadPoolExecutor.getTask(ThreadPoolExecutor.java:1074)
        at java.util.concurrent.ThreadPoolExecutor.runWorker(ThreadPoolExecutor.java:1134)
        at java.util.concurrent.ThreadPoolExecutor$Worker.run(ThreadPoolExecutor.java:624)
        at java.lang.Thread.run(Thread.java:748)
"pool-238-thread-44"  prio=5 tid=2841 in Object.wait()
java.lang.Thread.State: WAITING (on object monitor)
        at sun.misc.Unsafe.park(Native Method)
        at java.util.concurrent.locks.LockSupport.park(LockSupport.java:175)
        at java.util.concurrent.locks.AbstractQueuedSynchronizer$ConditionObject.await(AbstractQueuedSynchronizer.java:2039)
        at java.util.concurrent.ArrayBlockingQueue.take(ArrayBlockingQueue.java:403)
        at java.util.concurrent.ThreadPoolExecutor.getTask(ThreadPoolExecutor.java:1074)
        at java.util.concurrent.ThreadPoolExecutor.runWorker(ThreadPoolExecutor.java:1134)
        at java.util.concurrent.ThreadPoolExecutor$Worker.run(ThreadPoolExecutor.java:624)
        at java.lang.Thread.run(Thread.java:748)
"pool-198-thread-17"  prio=5 tid=2566 in Object.wait()
java.lang.Thread.State: WAITING (on object monitor)
        at sun.misc.Unsafe.park(Native Method)
        at java.util.concurrent.locks.LockSupport.park(LockSupport.java:175)
        at java.util.concurrent.locks.AbstractQueuedSynchronizer$ConditionObject.await(AbstractQueuedSynchronizer.java:2039)
        at java.util.concurrent.ArrayBlockingQueue.take(ArrayBlockingQueue.java:403)
        at java.util.concurrent.ThreadPoolExecutor.getTask(ThreadPoolExecutor.java:1074)
        at java.util.concurrent.ThreadPoolExecutor.runWorker(ThreadPoolExecutor.java:1134)
        at java.util.concurrent.ThreadPoolExecutor$Worker.run(ThreadPoolExecutor.java:624)
        at java.lang.Thread.run(Thread.java:748)
"qtp254416915-2138" daemon prio=5 tid=2138 runnable
java.lang.Thread.State: RUNNABLE
        at sun.nio.ch.EPollArrayWrapper.epollWait(Native Method)
        at sun.nio.ch.EPollArrayWrapper.poll(EPollArrayWrapper.java:269)
        at sun.nio.ch.EPollSelectorImpl.doSelect(EPollSelectorImpl.java:93)
        at sun.nio.ch.SelectorImpl.lockAndDoSelect(SelectorImpl.java:86)
        at sun.nio.ch.SelectorImpl.select(SelectorImpl.java:97)
        at sun.nio.ch.SelectorImpl.select(SelectorImpl.java:101)
        at org.eclipse.jetty.io.ManagedSelector$SelectorProducer.select(ManagedSelector.java:243)
        at org.eclipse.jetty.io.ManagedSelector$SelectorProducer.produce(ManagedSelector.java:191)
        at org.eclipse.jetty.util.thread.strategy.ExecuteProduceConsume.executeProduceConsume(ExecuteProduceConsume.java:249)
        at org.eclipse.jetty.util.thread.strategy.ExecuteProduceConsume.produceConsume(ExecuteProduceConsume.java:148)
        at org.eclipse.jetty.util.thread.strategy.ExecuteProduceConsume.execute(ExecuteProduceConsume.java:100)
        at org.eclipse.jetty.io.ManagedSelector.run(ManagedSelector.java:147)
        at org.eclipse.jetty.util.thread.QueuedThreadPool.runJob(QueuedThreadPool.java:671)
        at org.eclipse.jetty.util.thread.QueuedThreadPool$2.run(QueuedThreadPool.java:589)
        at java.lang.Thread.run(Thread.java:748)
"Socket Reader #1 for port 45554"  prio=5 tid=1929 runnable
java.lang.Thread.State: RUNNABLE
        at sun.nio.ch.EPollArrayWrapper.epollWait(Native Method)
        at sun.nio.ch.EPollArrayWrapper.poll(EPollArrayWrapper.java:269)
        at sun.nio.ch.EPollSelectorImpl.doSelect(EPollSelectorImpl.java:93)
        at sun.nio.ch.SelectorImpl.lockAndDoSelect(SelectorImpl.java:86)
        at sun.nio.ch.SelectorImpl.select(SelectorImpl.java:97)
        at sun.nio.ch.SelectorImpl.select(SelectorImpl.java:101)
        at org.apache.hadoop.ipc.Server$Listener$Reader.doRunLoop(Server.java:1097)
        at org.apache.hadoop.ipc.Server$Listener$Reader.run(Server.java:1076)
"Datanode ReportManager Thread - 3" daemon prio=5 tid=228 in Object.wait()
java.lang.Thread.State: WAITING (on object monitor)
        at sun.misc.Unsafe.park(Native Method)
        at java.util.concurrent.locks.LockSupport.park(LockSupport.java:175)
        at java.util.concurrent.locks.AbstractQueuedSynchronizer$ConditionObject.await(AbstractQueuedSynchronizer.java:2039)
        at java.util.concurrent.ScheduledThreadPoolExecutor$DelayedWorkQueue.take(ScheduledThreadPoolExecutor.java:1088)
        at java.util.concurrent.ScheduledThreadPoolExecutor$DelayedWorkQueue.take(ScheduledThreadPoolExecutor.java:809)
        at java.util.concurrent.ThreadPoolExecutor.getTask(ThreadPoolExecutor.java:1074)
        at java.util.concurrent.ThreadPoolExecutor.runWorker(ThreadPoolExecutor.java:1134)
        at java.util.concurrent.ThreadPoolExecutor$Worker.run(ThreadPoolExecutor.java:624)
        at java.lang.Thread.run(Thread.java:748)
"pool-198-thread-10"  prio=5 tid=2559 in Object.wait()
java.lang.Thread.State: WAITING (on object monitor)
        at sun.misc.Unsafe.park(Native Method)
        at java.util.concurrent.locks.LockSupport.park(LockSupport.java:175)
        at java.util.concurrent.locks.AbstractQueuedSynchronizer$ConditionObject.await(AbstractQueuedSynchronizer.java:2039)
        at java.util.concurrent.ArrayBlockingQueue.take(ArrayBlockingQueue.java:403)
        at java.util.concurrent.ThreadPoolExecutor.getTask(ThreadPoolExecutor.java:1074)
        at java.util.concurrent.ThreadPoolExecutor.runWorker(ThreadPoolExecutor.java:1134)
        at java.util.concurrent.ThreadPoolExecutor$Worker.run(ThreadPoolExecutor.java:624)
        at java.lang.Thread.run(Thread.java:748)
"pool-188-thread-10"  prio=5 tid=2497 in Object.wait()
java.lang.Thread.State: WAITING (on object monitor)
        at sun.misc.Unsafe.park(Native Method)
        at java.util.concurrent.locks.LockSupport.park(LockSupport.java:175)
        at java.util.concurrent.locks.AbstractQueuedSynchronizer$ConditionObject.await(AbstractQueuedSynchronizer.java:2039)
        at java.util.concurrent.ArrayBlockingQueue.take(ArrayBlockingQueue.java:403)
        at java.util.concurrent.ThreadPoolExecutor.getTask(ThreadPoolExecutor.java:1074)
        at java.util.concurrent.ThreadPoolExecutor.runWorker(ThreadPoolExecutor.java:1134)
        at java.util.concurrent.ThreadPoolExecutor$Worker.run(ThreadPoolExecutor.java:624)
        at java.lang.Thread.run(Thread.java:748)
"pool-208-thread-26"  prio=5 tid=2637 in Object.wait()
java.lang.Thread.State: WAITING (on object monitor)
        at sun.misc.Unsafe.park(Native Method)
        at java.util.concurrent.locks.LockSupport.park(LockSupport.java:175)
        at java.util.concurrent.locks.AbstractQueuedSynchronizer$ConditionObject.await(AbstractQueuedSynchronizer.java:2039)
        at java.util.concurrent.ArrayBlockingQueue.take(ArrayBlockingQueue.java:403)
        at java.util.concurrent.ThreadPoolExecutor.getTask(ThreadPoolExecutor.java:1074)
        at java.util.concurrent.ThreadPoolExecutor.runWorker(ThreadPoolExecutor.java:1134)
        at java.util.concurrent.ThreadPoolExecutor$Worker.run(ThreadPoolExecutor.java:624)
        at java.lang.Thread.run(Thread.java:748)
"pool-228-thread-7"  prio=5 tid=2742 in Object.wait()
java.lang.Thread.State: WAITING (on object monitor)
        at sun.misc.Unsafe.park(Native Method)
        at java.util.concurrent.locks.LockSupport.park(LockSupport.java:175)
        at java.util.concurrent.locks.AbstractQueuedSynchronizer$ConditionObject.await(AbstractQueuedSynchronizer.java:2039)
        at java.util.concurrent.ArrayBlockingQueue.take(ArrayBlockingQueue.java:403)
        at java.util.concurrent.ThreadPoolExecutor.getTask(ThreadPoolExecutor.java:1074)
        at java.util.concurrent.ThreadPoolExecutor.runWorker(ThreadPoolExecutor.java:1134)
        at java.util.concurrent.ThreadPoolExecutor$Worker.run(ThreadPoolExecutor.java:624)
        at java.lang.Thread.run(Thread.java:748)
"org.apache.hadoop.util.JvmPauseMonitor$Monitor@3e083f1b" daemon prio=5 tid=2074 timed_waiting
java.lang.Thread.State: TIMED_WAITING
        at java.lang.Thread.sleep(Native Method)
        at org.apache.hadoop.util.JvmPauseMonitor$Monitor.run(JvmPauseMonitor.java:192)
        at java.lang.Thread.run(Thread.java:748)
"IPC Server handler 15 on 35974" daemon prio=5 tid=1867 timed_waiting
java.lang.Thread.State: TIMED_WAITING
        at sun.misc.Unsafe.park(Native Method)
        at java.util.concurrent.locks.LockSupport.parkNanos(LockSupport.java:215)
        at java.util.concurrent.locks.AbstractQueuedSynchronizer$ConditionObject.awaitNanos(AbstractQueuedSynchronizer.java:2078)
        at java.util.concurrent.LinkedBlockingQueue.poll(LinkedBlockingQueue.java:467)
        at org.apache.hadoop.ipc.CallQueueManager.take(CallQueueManager.java:288)
        at org.apache.hadoop.ipc.Server$Handler.run(Server.java:2668)
"pool-198-thread-16"  prio=5 tid=2565 in Object.wait()
java.lang.Thread.State: WAITING (on object monitor)
        at sun.misc.Unsafe.park(Native Method)
        at java.util.concurrent.locks.LockSupport.park(LockSupport.java:175)
        at java.util.concurrent.locks.AbstractQueuedSynchronizer$ConditionObject.await(AbstractQueuedSynchronizer.java:2039)
        at java.util.concurrent.ArrayBlockingQueue.take(ArrayBlockingQueue.java:403)
        at java.util.concurrent.ThreadPoolExecutor.getTask(ThreadPoolExecutor.java:1074)
        at java.util.concurrent.ThreadPoolExecutor.runWorker(ThreadPoolExecutor.java:1134)
        at java.util.concurrent.ThreadPoolExecutor$Worker.run(ThreadPoolExecutor.java:624)
        at java.lang.Thread.run(Thread.java:748)
"pool-218-thread-42"  prio=5 tid=2715 in Object.wait()
java.lang.Thread.State: WAITING (on object monitor)
        at sun.misc.Unsafe.park(Native Method)
        at java.util.concurrent.locks.LockSupport.park(LockSupport.java:175)
        at java.util.concurrent.locks.AbstractQueuedSynchronizer$ConditionObject.await(AbstractQueuedSynchronizer.java:2039)
        at java.util.concurrent.ArrayBlockingQueue.take(ArrayBlockingQueue.java:403)
        at java.util.concurrent.ThreadPoolExecutor.getTask(ThreadPoolExecutor.java:1074)
        at java.util.concurrent.ThreadPoolExecutor.runWorker(ThreadPoolExecutor.java:1134)
        at java.util.concurrent.ThreadPoolExecutor$Worker.run(ThreadPoolExecutor.java:624)
        at java.lang.Thread.run(Thread.java:748)
"pool-146-thread-1" daemon prio=5 tid=1972 timed_waiting
java.lang.Thread.State: TIMED_WAITING
        at sun.misc.Unsafe.park(Native Method)
        at java.util.concurrent.locks.LockSupport.parkNanos(LockSupport.java:215)
        at java.util.concurrent.locks.AbstractQueuedSynchronizer$ConditionObject.awaitNanos(AbstractQueuedSynchronizer.java:2078)
        at java.util.concurrent.ScheduledThreadPoolExecutor$DelayedWorkQueue.take(ScheduledThreadPoolExecutor.java:1093)
        at java.util.concurrent.ScheduledThreadPoolExecutor$DelayedWorkQueue.take(ScheduledThreadPoolExecutor.java:809)
        at java.util.concurrent.ThreadPoolExecutor.getTask(ThreadPoolExecutor.java:1074)
        at java.util.concurrent.ThreadPoolExecutor.runWorker(ThreadPoolExecutor.java:1134)
        at java.util.concurrent.ThreadPoolExecutor$Worker.run(ThreadPoolExecutor.java:624)
        at java.lang.Thread.run(Thread.java:748)
"org.apache.ratis.server.impl.LogAppender$AppenderDaemon$$Lambda$463/184788748@46cc3b95" daemon prio=5 tid=3196 timed_waiting
java.lang.Thread.State: TIMED_WAITING
        at java.lang.Object.wait(Native Method)
        at org.apache.ratis.grpc.server.GrpcLogAppender.mayWait(GrpcLogAppender.java:149)
        at org.apache.ratis.grpc.server.GrpcLogAppender.runAppenderImpl(GrpcLogAppender.java:103)
        at org.apache.ratis.server.impl.LogAppender$AppenderDaemon.run(LogAppender.java:76)
        at org.apache.ratis.server.impl.LogAppender$AppenderDaemon$$Lambda$463/184788748.run(Unknown Source)
        at java.lang.Thread.run(Thread.java:748)
"refreshUsed-/workdir/hadoop-ozone/integration-test/target/test-dir/MiniOzoneClusterImpl-6b3e2517-75a7-4dd9-8054-0b12e404e591/datanode-6/data/containers" daemon prio=5 tid=2133 timed_waiting
java.lang.Thread.State: TIMED_WAITING
        at java.lang.Thread.sleep(Native Method)
        at org.apache.hadoop.fs.CachingGetSpaceUsed$RefreshThread.run(CachingGetSpaceUsed.java:179)
        at java.lang.Thread.run(Thread.java:748)
"qtp1404150776-1981" daemon prio=5 tid=1981 timed_waiting
java.lang.Thread.State: TIMED_WAITING
        at sun.misc.Unsafe.park(Native Method)
        at java.util.concurrent.locks.LockSupport.parkNanos(LockSupport.java:215)
        at java.util.concurrent.locks.AbstractQueuedSynchronizer$ConditionObject.awaitNanos(AbstractQueuedSynchronizer.java:2078)
        at org.eclipse.jetty.util.BlockingArrayQueue.poll(BlockingArrayQueue.java:392)
        at org.eclipse.jetty.util.thread.QueuedThreadPool.idleJobPoll(QueuedThreadPool.java:563)
        at org.eclipse.jetty.util.thread.QueuedThreadPool.access$800(QueuedThreadPool.java:48)
        at org.eclipse.jetty.util.thread.QueuedThreadPool$2.run(QueuedThreadPool.java:626)
        at java.lang.Thread.run(Thread.java:748)
"IPC Server Responder" daemon prio=5 tid=1931 runnable
java.lang.Thread.State: RUNNABLE
        at sun.nio.ch.EPollArrayWrapper.epollWait(Native Method)
        at sun.nio.ch.EPollArrayWrapper.poll(EPollArrayWrapper.java:269)
        at sun.nio.ch.EPollSelectorImpl.doSelect(EPollSelectorImpl.java:93)
        at sun.nio.ch.SelectorImpl.lockAndDoSelect(SelectorImpl.java:86)
        at sun.nio.ch.SelectorImpl.select(SelectorImpl.java:97)
        at org.apache.hadoop.ipc.Server$Responder.doRunLoop(Server.java:1334)
        at org.apache.hadoop.ipc.Server$Responder.run(Server.java:1317)
"pool-238-thread-3"  prio=5 tid=2800 in Object.wait()
java.lang.Thread.State: WAITING (on object monitor)
        at sun.misc.Unsafe.park(Native Method)
        at java.util.concurrent.locks.LockSupport.park(LockSupport.java:175)
        at java.util.concurrent.locks.AbstractQueuedSynchronizer$ConditionObject.await(AbstractQueuedSynchronizer.java:2039)
        at java.util.concurrent.ArrayBlockingQueue.take(ArrayBlockingQueue.java:403)
        at java.util.concurrent.ThreadPoolExecutor.getTask(ThreadPoolExecutor.java:1074)
        at java.util.concurrent.ThreadPoolExecutor.runWorker(ThreadPoolExecutor.java:1134)
        at java.util.concurrent.ThreadPoolExecutor$Worker.run(ThreadPoolExecutor.java:624)
        at java.lang.Thread.run(Thread.java:748)
"org.eclipse.jetty.server.session.HashSessionManager@889a8a8Timer" daemon prio=5 tid=2093 timed_waiting
java.lang.Thread.State: TIMED_WAITING
        at sun.misc.Unsafe.park(Native Method)
        at java.util.concurrent.locks.LockSupport.parkNanos(LockSupport.java:215)
        at java.util.concurrent.locks.AbstractQueuedSynchronizer$ConditionObject.awaitNanos(AbstractQueuedSynchronizer.java:2078)
        at java.util.concurrent.ScheduledThreadPoolExecutor$DelayedWorkQueue.take(ScheduledThreadPoolExecutor.java:1093)
        at java.util.concurrent.ScheduledThreadPoolExecutor$DelayedWorkQueue.take(ScheduledThreadPoolExecutor.java:809)
        at java.util.concurrent.ThreadPoolExecutor.getTask(ThreadPoolExecutor.java:1074)
        at java.util.concurrent.ThreadPoolExecutor.runWorker(ThreadPoolExecutor.java:1134)
        at java.util.concurrent.ThreadPoolExecutor$Worker.run(ThreadPoolExecutor.java:624)
        at java.lang.Thread.run(Thread.java:748)
"IPC Server handler 18 on 45554" daemon prio=5 tid=1953 timed_waiting
java.lang.Thread.State: TIMED_WAITING
        at sun.misc.Unsafe.park(Native Method)
        at java.util.concurrent.locks.LockSupport.parkNanos(LockSupport.java:215)
        at java.util.concurrent.locks.AbstractQueuedSynchronizer$ConditionObject.awaitNanos(AbstractQueuedSynchronizer.java:2078)
        at java.util.concurrent.LinkedBlockingQueue.poll(LinkedBlockingQueue.java:467)
        at org.apache.hadoop.ipc.CallQueueManager.take(CallQueueManager.java:288)
        at org.apache.hadoop.ipc.Server$Handler.run(Server.java:2668)
"IPC Client (465909321) connection to /0.0.0.0:42444 from jenkins1000" daemon prio=5 tid=2238 timed_waiting
java.lang.Thread.State: TIMED_WAITING
        at java.lang.Object.wait(Native Method)
        at org.apache.hadoop.ipc.Client$Connection.waitForWork(Client.java:1024)
        at org.apache.hadoop.ipc.Client$Connection.run(Client.java:1068)
"qtp1768471788-2031-acceptor-0@7b89ca56-ServerConnector@152c4495{HTTP/1.1,[http/1.1]}{0.0.0.0:35317}" daemon prio=3 tid=2031 runnable
java.lang.Thread.State: RUNNABLE
        at sun.nio.ch.ServerSocketChannelImpl.accept0(Native Method)
        at sun.nio.ch.ServerSocketChannelImpl.accept(ServerSocketChannelImpl.java:422)
        at sun.nio.ch.ServerSocketChannelImpl.accept(ServerSocketChannelImpl.java:250)
        at org.eclipse.jetty.server.ServerConnector.accept(ServerConnector.java:397)
        at org.eclipse.jetty.server.AbstractConnector$Acceptor.run(AbstractConnector.java:601)
        at org.eclipse.jetty.util.thread.QueuedThreadPool.runJob(QueuedThreadPool.java:671)
        at org.eclipse.jetty.util.thread.QueuedThreadPool$2.run(QueuedThreadPool.java:589)
        at java.lang.Thread.run(Thread.java:748)
"IPC Server handler 11 on 42444" daemon prio=5 tid=1903 timed_waiting
java.lang.Thread.State: TIMED_WAITING
        at sun.misc.Unsafe.park(Native Method)
        at java.util.concurrent.locks.LockSupport.parkNanos(LockSupport.java:215)
        at java.util.concurrent.locks.AbstractQueuedSynchronizer$ConditionObject.awaitNanos(AbstractQueuedSynchronizer.java:2078)
        at java.util.concurrent.LinkedBlockingQueue.poll(LinkedBlockingQueue.java:467)
        at org.apache.hadoop.ipc.CallQueueManager.take(CallQueueManager.java:288)
        at org.apache.hadoop.ipc.Server$Handler.run(Server.java:2668)
"pool-208-thread-9"  prio=5 tid=2620 in Object.wait()
java.lang.Thread.State: WAITING (on object monitor)
        at sun.misc.Unsafe.park(Native Method)
        at java.util.concurrent.locks.LockSupport.park(LockSupport.java:175)
        at java.util.concurrent.locks.AbstractQueuedSynchronizer$ConditionObject.await(AbstractQueuedSynchronizer.java:2039)
        at java.util.concurrent.ArrayBlockingQueue.take(ArrayBlockingQueue.java:403)
        at java.util.concurrent.ThreadPoolExecutor.getTask(ThreadPoolExecutor.java:1074)
        at java.util.concurrent.ThreadPoolExecutor.runWorker(ThreadPoolExecutor.java:1134)
        at java.util.concurrent.ThreadPoolExecutor$Worker.run(ThreadPoolExecutor.java:624)
        at java.lang.Thread.run(Thread.java:748)
"pool-228-thread-6"  prio=5 tid=2741 in Object.wait()
java.lang.Thread.State: WAITING (on object monitor)
        at sun.misc.Unsafe.park(Native Method)
        at java.util.concurrent.locks.LockSupport.park(LockSupport.java:175)
        at java.util.concurrent.locks.AbstractQueuedSynchronizer$ConditionObject.await(AbstractQueuedSynchronizer.java:2039)
        at java.util.concurrent.ArrayBlockingQueue.take(ArrayBlockingQueue.java:403)
        at java.util.concurrent.ThreadPoolExecutor.getTask(ThreadPoolExecutor.java:1074)
        at java.util.concurrent.ThreadPoolExecutor.runWorker(ThreadPoolExecutor.java:1134)
        at java.util.concurrent.ThreadPoolExecutor$Worker.run(ThreadPoolExecutor.java:624)
        at java.lang.Thread.run(Thread.java:748)
"IPC Server handler 16 on 35974" daemon prio=5 tid=1868 timed_waiting
java.lang.Thread.State: TIMED_WAITING
        at sun.misc.Unsafe.park(Native Method)
        at java.util.concurrent.locks.LockSupport.parkNanos(LockSupport.java:215)
        at java.util.concurrent.locks.AbstractQueuedSynchronizer$ConditionObject.awaitNanos(AbstractQueuedSynchronizer.java:2078)
        at java.util.concurrent.LinkedBlockingQueue.poll(LinkedBlockingQueue.java:467)
        at org.apache.hadoop.ipc.CallQueueManager.take(CallQueueManager.java:288)
        at org.apache.hadoop.ipc.Server$Handler.run(Server.java:2668)
"pool-218-thread-2"  prio=5 tid=2675 in Object.wait()
java.lang.Thread.State: WAITING (on object monitor)
        at sun.misc.Unsafe.park(Native Method)
        at java.util.concurrent.locks.LockSupport.park(LockSupport.java:175)
        at java.util.concurrent.locks.AbstractQueuedSynchronizer$ConditionObject.await(AbstractQueuedSynchronizer.java:2039)
        at java.util.concurrent.ArrayBlockingQueue.take(ArrayBlockingQueue.java:403)
        at java.util.concurrent.ThreadPoolExecutor.getTask(ThreadPoolExecutor.java:1074)
        at java.util.concurrent.ThreadPoolExecutor.runWorker(ThreadPoolExecutor.java:1134)
        at java.util.concurrent.ThreadPoolExecutor$Worker.run(ThreadPoolExecutor.java:624)
        at java.lang.Thread.run(Thread.java:748)
"pool-158-thread-13"  prio=5 tid=2314 in Object.wait()
java.lang.Thread.State: WAITING (on object monitor)
        at sun.misc.Unsafe.park(Native Method)
        at java.util.concurrent.locks.LockSupport.park(LockSupport.java:175)
        at java.util.concurrent.locks.AbstractQueuedSynchronizer$ConditionObject.await(AbstractQueuedSynchronizer.java:2039)
        at java.util.concurrent.ArrayBlockingQueue.take(ArrayBlockingQueue.java:403)
        at java.util.concurrent.ThreadPoolExecutor.getTask(ThreadPoolExecutor.java:1074)
        at java.util.concurrent.ThreadPoolExecutor.runWorker(ThreadPoolExecutor.java:1134)
        at java.util.concurrent.ThreadPoolExecutor$Worker.run(ThreadPoolExecutor.java:624)
        at java.lang.Thread.run(Thread.java:748)
"pool-130-thread-1"  prio=5 tid=1849 timed_waiting
java.lang.Thread.State: TIMED_WAITING
        at sun.misc.Unsafe.park(Native Method)
        at java.util.concurrent.locks.LockSupport.parkNanos(LockSupport.java:215)
        at java.util.concurrent.locks.AbstractQueuedSynchronizer$ConditionObject.awaitNanos(AbstractQueuedSynchronizer.java:2078)
        at java.util.concurrent.ScheduledThreadPoolExecutor$DelayedWorkQueue.take(ScheduledThreadPoolExecutor.java:1093)
        at java.util.concurrent.ScheduledThreadPoolExecutor$DelayedWorkQueue.take(ScheduledThreadPoolExecutor.java:809)
        at java.util.concurrent.ThreadPoolExecutor.getTask(ThreadPoolExecutor.java:1074)
        at java.util.concurrent.ThreadPoolExecutor.runWorker(ThreadPoolExecutor.java:1134)
        at java.util.concurrent.ThreadPoolExecutor$Worker.run(ThreadPoolExecutor.java:624)
        at java.lang.Thread.run(Thread.java:748)


	at org.apache.hadoop.test.GenericTestUtils.waitFor(GenericTestUtils.java:389)
	at org.apache.hadoop.ozone.container.ContainerTestHelper.waitForContainerClose(ContainerTestHelper.java:903)
	at org.apache.hadoop.ozone.client.rpc.TestFailureHandlingByClient.testContainerExclusionWithClosedContainerException(TestFailureHandlingByClient.java:249)
	at sun.reflect.NativeMethodAccessorImpl.invoke0(Native Method)
	at sun.reflect.NativeMethodAccessorImpl.invoke(NativeMethodAccessorImpl.java:62)
	at sun.reflect.DelegatingMethodAccessorImpl.invoke(DelegatingMethodAccessorImpl.java:43)
	at java.lang.reflect.Method.invoke(Method.java:498)
	at org.junit.runners.model.FrameworkMethod$1.runReflectiveCall(FrameworkMethod.java:47)
	at org.junit.internal.runners.model.ReflectiveCallable.run(ReflectiveCallable.java:12)
	at org.junit.runners.model.FrameworkMethod.invokeExplosively(FrameworkMethod.java:44)
	at org.junit.internal.runners.statements.InvokeMethod.evaluate(InvokeMethod.java:17)
	at org.junit.internal.runners.statements.RunAfters.evaluate(RunAfters.java:27)
	at org.junit.runners.ParentRunner.runLeaf(ParentRunner.java:271)
	at org.junit.runners.BlockJUnit4ClassRunner.runChild(BlockJUnit4ClassRunner.java:70)
	at org.junit.runners.BlockJUnit4ClassRunner.runChild(BlockJUnit4ClassRunner.java:50)
	at org.junit.runners.ParentRunner$3.run(ParentRunner.java:238)
	at org.junit.runners.ParentRunner$1.schedule(ParentRunner.java:63)
	at org.junit.runners.ParentRunner.runChildren(ParentRunner.java:236)
	at org.junit.runners.ParentRunner.access$000(ParentRunner.java:53)
	at org.junit.runners.ParentRunner$2.evaluate(ParentRunner.java:229)
	at org.junit.runners.ParentRunner.run(ParentRunner.java:309)
	at org.apache.maven.surefire.junit4.JUnit4Provider.execute(JUnit4Provider.java:365)
	at org.apache.maven.surefire.junit4.JUnit4Provider.executeWithRerun(JUnit4Provider.java:273)
	at org.apache.maven.surefire.junit4.JUnit4Provider.executeTestSet(JUnit4Provider.java:238)
	at org.apache.maven.surefire.junit4.JUnit4Provider.invoke(JUnit4Provider.java:159)
	at org.apache.maven.surefire.booter.ForkedBooter.invokeProviderInSameClassLoader(ForkedBooter.java:384)
	at org.apache.maven.surefire.booter.ForkedBooter.runSuitesInProcess(ForkedBooter.java:345)
	at org.apache.maven.surefire.booter.ForkedBooter.execute(ForkedBooter.java:126)
	at org.apache.maven.surefire.booter.ForkedBooter.main(ForkedBooter.java:418)
</error>
    <system-out><![CDATA[2019-11-14 15:08:01,736 [main] WARN  server.ServerUtils (ServerUtils.java:getScmDbDir(145)) - ozone.scm.db.dirs is not configured. We recommend adding this setting. Falling back to ozone.metadata.dirs instead.
2019-11-14 15:08:01,761 [main] WARN  server.ServerUtils (ServerUtils.java:getScmDbDir(145)) - ozone.scm.db.dirs is not configured. We recommend adding this setting. Falling back to ozone.metadata.dirs instead.
2019-11-14 15:08:01,762 [main] WARN  server.ServerUtils (ServerUtils.java:getScmDbDir(145)) - ozone.scm.db.dirs is not configured. We recommend adding this setting. Falling back to ozone.metadata.dirs instead.
2019-11-14 15:08:01,762 [main] INFO  db.DBStoreBuilder (DBStoreBuilder.java:addTable(127)) - using custom profile for table: deletedBlocks
2019-11-14 15:08:01,762 [main] INFO  db.DBStoreBuilder (DBStoreBuilder.java:processTables(183)) - Using default column profile:DBProfile.DISK for Table:deletedBlocks
2019-11-14 15:08:01,763 [main] INFO  db.DBStoreBuilder (DBStoreBuilder.java:addTable(127)) - using custom profile for table: validCerts
2019-11-14 15:08:01,763 [main] INFO  db.DBStoreBuilder (DBStoreBuilder.java:processTables(183)) - Using default column profile:DBProfile.DISK for Table:validCerts
2019-11-14 15:08:01,763 [main] INFO  db.DBStoreBuilder (DBStoreBuilder.java:addTable(127)) - using custom profile for table: revokedCerts
2019-11-14 15:08:01,763 [main] INFO  db.DBStoreBuilder (DBStoreBuilder.java:processTables(183)) - Using default column profile:DBProfile.DISK for Table:revokedCerts
2019-11-14 15:08:01,763 [main] INFO  db.DBStoreBuilder (DBStoreBuilder.java:addTable(127)) - using custom profile for table: default
2019-11-14 15:08:01,763 [main] INFO  db.DBStoreBuilder (DBStoreBuilder.java:processTables(189)) - Using default column profile:DBProfile.DISK for Table:default
2019-11-14 15:08:01,764 [main] INFO  db.DBStoreBuilder (DBStoreBuilder.java:getDbProfile(220)) - Using default options. DBProfile.DISK
2019-11-14 15:08:01,901 [main] INFO  net.NodeSchemaLoader (NodeSchemaLoader.java:loadSchemaFromFile(125)) - Loading file from sun.misc.CompoundEnumeration@7eb200ce
2019-11-14 15:08:01,901 [main] INFO  net.NodeSchemaLoader (NodeSchemaLoader.java:loadSchema(171)) - Loading network topology layer schema file
2019-11-14 15:08:01,905 [main] INFO  node.SCMNodeManager (SCMNodeManager.java:<init>(116)) - Entering startup safe mode.
2019-11-14 15:08:01,906 [main] INFO  algorithms.ContainerPlacementPolicyFactory (ContainerPlacementPolicyFactory.java:getPolicy(57)) - Create container placement policy of type org.apache.hadoop.hdds.scm.container.placement.algorithms.SCMContainerPlacementRandom
2019-11-14 15:08:01,906 [main] WARN  server.ServerUtils (ServerUtils.java:getScmDbDir(145)) - ozone.scm.db.dirs is not configured. We recommend adding this setting. Falling back to ozone.metadata.dirs instead.
2019-11-14 15:08:01,933 [main] INFO  pipeline.SCMPipelineManager (SCMPipelineManager.java:initializePipelineState(132)) - No pipeline exists in current db
2019-11-14 15:08:01,933 [main] WARN  server.ServerUtils (ServerUtils.java:getScmDbDir(145)) - ozone.scm.db.dirs is not configured. We recommend adding this setting. Falling back to ozone.metadata.dirs instead.
2019-11-14 15:08:01,994 [main] WARN  events.EventQueue (EventQueue.java:fireEvent(183)) - No event handler registered for event TypedEvent{payloadType=SafeModeStatus, name='SafeModeStatus'}
2019-11-14 15:08:01,995 [main] INFO  ipc.CallQueueManager (CallQueueManager.java:<init>(84)) - Using callQueue: class java.util.concurrent.LinkedBlockingQueue, queueCapacity: 2000, scheduler: class org.apache.hadoop.ipc.DefaultRpcScheduler, ipcBackoff: false.
2019-11-14 15:08:01,996 [Socket Reader #1 for port 42444] INFO  ipc.Server (Server.java:run(1074)) - Starting Socket Reader #1 for port 42444
2019-11-14 15:08:01,997 [main] INFO  ipc.CallQueueManager (CallQueueManager.java:<init>(84)) - Using callQueue: class java.util.concurrent.LinkedBlockingQueue, queueCapacity: 2000, scheduler: class org.apache.hadoop.ipc.DefaultRpcScheduler, ipcBackoff: false.
2019-11-14 15:08:01,998 [Socket Reader #1 for port 43737] INFO  ipc.Server (Server.java:run(1074)) - Starting Socket Reader #1 for port 43737
2019-11-14 15:08:01,999 [main] INFO  ipc.CallQueueManager (CallQueueManager.java:<init>(84)) - Using callQueue: class java.util.concurrent.LinkedBlockingQueue, queueCapacity: 2000, scheduler: class org.apache.hadoop.ipc.DefaultRpcScheduler, ipcBackoff: false.
2019-11-14 15:08:01,999 [Socket Reader #1 for port 35974] INFO  ipc.Server (Server.java:run(1074)) - Starting Socket Reader #1 for port 35974
2019-11-14 15:08:02,001 [main] INFO  hdfs.DFSUtil (DFSUtil.java:httpServerTemplateForNNAndJN(1641)) - Starting Web-server for scm at: http://0.0.0.0:0
2019-11-14 15:08:02,003 [main] INFO  server.AuthenticationFilter (AuthenticationFilter.java:constructSecretProvider(240)) - Unable to initialize FileSignerSecretProvider, falling back to use random secrets.
2019-11-14 15:08:02,004 [main] WARN  http.HttpRequestLog (HttpRequestLog.java:getRequestLog(97)) - Jetty request log can only be enabled using Log4j
2019-11-14 15:08:02,005 [main] INFO  http.HttpServer2 (HttpServer2.java:addGlobalFilter(975)) - Added global filter 'safety' (class=org.apache.hadoop.http.HttpServer2$QuotingInputFilter)
2019-11-14 15:08:02,006 [main] INFO  http.HttpServer2 (HttpServer2.java:addFilter(948)) - Added filter static_user_filter (class=org.apache.hadoop.http.lib.StaticUserWebFilter$StaticUserFilter) to context scm
2019-11-14 15:08:02,006 [main] INFO  http.HttpServer2 (HttpServer2.java:addFilter(958)) - Added filter static_user_filter (class=org.apache.hadoop.http.lib.StaticUserWebFilter$StaticUserFilter) to context logs
2019-11-14 15:08:02,006 [main] INFO  http.HttpServer2 (HttpServer2.java:addFilter(958)) - Added filter static_user_filter (class=org.apache.hadoop.http.lib.StaticUserWebFilter$StaticUserFilter) to context static
2019-11-14 15:08:02,008 [main] INFO  server.StorageContainerManager (StorageContainerManager.java:start(766)) - StorageContainerLocationProtocol RPC server is listening at /0.0.0.0:35974
2019-11-14 15:08:02,010 [main] WARN  impl.MetricsConfig (MetricsConfig.java:loadFirst(134)) - Cannot locate configuration: tried hadoop-metrics2-storagecontainermanager.properties,hadoop-metrics2.properties
2019-11-14 15:08:02,011 [main] INFO  impl.MetricsSystemImpl (MetricsSystemImpl.java:startTimer(374)) - Scheduled Metric snapshot period at 10 second(s).
2019-11-14 15:08:02,011 [main] INFO  impl.MetricsSystemImpl (MetricsSystemImpl.java:start(191)) - StorageContainerManager metrics system started
2019-11-14 15:08:02,042 [main] WARN  impl.MetricsSystemImpl (MetricsSystemImpl.java:register(276)) - Sink prometheus already exists!
2019-11-14 15:08:02,051 [main] INFO  server.SCMClientProtocolServer (SCMClientProtocolServer.java:start(160)) - RPC server for Client  is listening at /0.0.0.0:35974
2019-11-14 15:08:02,051 [IPC Server Responder] INFO  ipc.Server (Server.java:run(1314)) - IPC Server Responder: starting
2019-11-14 15:08:02,051 [IPC Server listener on 35974] INFO  ipc.Server (Server.java:run(1153)) - IPC Server listener on 35974: starting
2019-11-14 15:08:02,056 [main] INFO  server.StorageContainerManager (StorageContainerManager.java:start(776)) - ScmBlockLocationProtocol RPC server is listening at /0.0.0.0:43737
2019-11-14 15:08:02,056 [main] INFO  server.SCMBlockProtocolServer (SCMBlockProtocolServer.java:start(146)) - RPC server for Block Protocol is listening at /0.0.0.0:43737
2019-11-14 15:08:02,057 [IPC Server listener on 43737] INFO  ipc.Server (Server.java:run(1153)) - IPC Server listener on 43737: starting
2019-11-14 15:08:02,057 [IPC Server Responder] INFO  ipc.Server (Server.java:run(1314)) - IPC Server Responder: starting
2019-11-14 15:08:02,060 [main] INFO  server.StorageContainerManager (StorageContainerManager.java:start(780)) - ScmDatanodeProtocl RPC server is listening at /0.0.0.0:42444
2019-11-14 15:08:02,061 [main] INFO  server.SCMDatanodeProtocolServer (SCMDatanodeProtocolServer.java:start(169)) - RPC server for DataNodes is listening at /0.0.0.0:42444
2019-11-14 15:08:02,061 [IPC Server Responder] INFO  ipc.Server (Server.java:run(1314)) - IPC Server Responder: starting
2019-11-14 15:08:02,061 [IPC Server listener on 42444] INFO  ipc.Server (Server.java:run(1153)) - IPC Server listener on 42444: starting
2019-11-14 15:08:02,064 [main] INFO  http.HttpServer2 (HttpServer2.java:bindListener(1191)) - Jetty bound to port 36637
2019-11-14 15:08:02,065 [main] INFO  server.Server (Server.java:doStart(351)) - jetty-9.3.25.v20180904, build timestamp: 2018-09-04T21:11:46Z, git hash: 3ce520221d0240229c862b122d2b06c12a625732
2019-11-14 15:08:02,066 [main] INFO  handler.ContextHandler (ContextHandler.java:doStart(781)) - Started o.e.j.s.ServletContextHandler@49a6f486{/logs,file:///workdir/hadoop-ozone/integration-test/target/log,AVAILABLE}
2019-11-14 15:08:02,067 [main] INFO  handler.ContextHandler (ContextHandler.java:doStart(781)) - Started o.e.j.s.ServletContextHandler@bc6288b{/static,file:///workdir/hadoop-ozone/integration-test/target/test-classes/webapps/static,AVAILABLE}
2019-11-14 15:08:02,071 [main] INFO  handler.ContextHandler (ContextHandler.java:doStart(781)) - Started o.e.j.w.WebAppContext@56e9a474{/,file:///workdir/hadoop-ozone/integration-test/target/test-classes/webapps/scm/,AVAILABLE}{/scm}
2019-11-14 15:08:02,071 [main] INFO  server.AbstractConnector (AbstractConnector.java:doStart(278)) - Started ServerConnector@45b15381{HTTP/1.1,[http/1.1]}{0.0.0.0:36637}
2019-11-14 15:08:02,072 [main] INFO  server.Server (Server.java:doStart(419)) - Started @57667ms
2019-11-14 15:08:02,072 [main] WARN  impl.MetricsSystemImpl (MetricsSystemImpl.java:register(276)) - Sink prometheus already exists!
2019-11-14 15:08:02,073 [main] INFO  server.BaseHttpServer (BaseHttpServer.java:updateConnectorAddress(215)) - HTTP server of SCM is listening at http://0.0.0.0:36637
2019-11-14 15:08:02,074 [main] WARN  server.ServerUtils (ServerUtils.java:getDBPath(222)) - ozone.om.db.dirs is not configured. We recommend adding this setting. Falling back to ozone.metadata.dirs instead.
2019-11-14 15:08:02,074 [org.apache.hadoop.util.JvmPauseMonitor$Monitor@239f017e] INFO  util.JvmPauseMonitor (JvmPauseMonitor.java:run(188)) - Starting JVM pause monitor
2019-11-14 15:08:02,089 [main] INFO  ha.OMHANodeDetails (OMHANodeDetails.java:loadOMHAConfig(190)) - Configuration either no ozone.om.address set. Falling back to the default OM address /127.0.0.1:0
2019-11-14 15:08:02,089 [main] INFO  ha.OMHANodeDetails (OMHANodeDetails.java:getOMNodeDetails(220)) - OM Service ID is not set. Setting it to the default ID: omServiceIdDefault
2019-11-14 15:08:02,090 [main] WARN  server.ServerUtils (ServerUtils.java:getDBPath(222)) - ozone.om.db.dirs is not configured. We recommend adding this setting. Falling back to ozone.metadata.dirs instead.
2019-11-14 15:08:02,090 [main] WARN  server.ServerUtils (ServerUtils.java:getDBPath(222)) - ozone.om.db.dirs is not configured. We recommend adding this setting. Falling back to ozone.metadata.dirs instead.
2019-11-14 15:08:02,098 [main] WARN  server.ServerUtils (ServerUtils.java:getDBPath(222)) - ozone.om.db.dirs is not configured. We recommend adding this setting. Falling back to ozone.metadata.dirs instead.
2019-11-14 15:08:02,098 [main] INFO  db.DBStoreBuilder (DBStoreBuilder.java:addTable(127)) - using custom profile for table: userTable
2019-11-14 15:08:02,098 [main] INFO  db.DBStoreBuilder (DBStoreBuilder.java:processTables(183)) - Using default column profile:DBProfile.DISK for Table:userTable
2019-11-14 15:08:02,098 [main] INFO  db.DBStoreBuilder (DBStoreBuilder.java:addTable(127)) - using custom profile for table: volumeTable
2019-11-14 15:08:02,099 [main] INFO  db.DBStoreBuilder (DBStoreBuilder.java:processTables(183)) - Using default column profile:DBProfile.DISK for Table:volumeTable
2019-11-14 15:08:02,099 [main] INFO  db.DBStoreBuilder (DBStoreBuilder.java:addTable(127)) - using custom profile for table: bucketTable
2019-11-14 15:08:02,099 [main] INFO  db.DBStoreBuilder (DBStoreBuilder.java:processTables(183)) - Using default column profile:DBProfile.DISK for Table:bucketTable
2019-11-14 15:08:02,099 [main] INFO  db.DBStoreBuilder (DBStoreBuilder.java:addTable(127)) - using custom profile for table: keyTable
2019-11-14 15:08:02,099 [main] INFO  db.DBStoreBuilder (DBStoreBuilder.java:processTables(183)) - Using default column profile:DBProfile.DISK for Table:keyTable
2019-11-14 15:08:02,100 [main] INFO  db.DBStoreBuilder (DBStoreBuilder.java:addTable(127)) - using custom profile for table: deletedTable
2019-11-14 15:08:02,100 [main] INFO  db.DBStoreBuilder (DBStoreBuilder.java:processTables(183)) - Using default column profile:DBProfile.DISK for Table:deletedTable
2019-11-14 15:08:02,100 [main] INFO  db.DBStoreBuilder (DBStoreBuilder.java:addTable(127)) - using custom profile for table: openKeyTable
2019-11-14 15:08:02,100 [main] INFO  db.DBStoreBuilder (DBStoreBuilder.java:processTables(183)) - Using default column profile:DBProfile.DISK for Table:openKeyTable
2019-11-14 15:08:02,101 [main] INFO  db.DBStoreBuilder (DBStoreBuilder.java:addTable(127)) - using custom profile for table: s3Table
2019-11-14 15:08:02,101 [main] INFO  db.DBStoreBuilder (DBStoreBuilder.java:processTables(183)) - Using default column profile:DBProfile.DISK for Table:s3Table
2019-11-14 15:08:02,101 [main] INFO  db.DBStoreBuilder (DBStoreBuilder.java:addTable(127)) - using custom profile for table: multipartInfoTable
2019-11-14 15:08:02,101 [main] INFO  db.DBStoreBuilder (DBStoreBuilder.java:processTables(183)) - Using default column profile:DBProfile.DISK for Table:multipartInfoTable
2019-11-14 15:08:02,101 [main] INFO  db.DBStoreBuilder (DBStoreBuilder.java:addTable(127)) - using custom profile for table: dTokenTable
2019-11-14 15:08:02,101 [main] INFO  db.DBStoreBuilder (DBStoreBuilder.java:processTables(183)) - Using default column profile:DBProfile.DISK for Table:dTokenTable
2019-11-14 15:08:02,102 [main] INFO  db.DBStoreBuilder (DBStoreBuilder.java:addTable(127)) - using custom profile for table: s3SecretTable
2019-11-14 15:08:02,102 [main] INFO  db.DBStoreBuilder (DBStoreBuilder.java:processTables(183)) - Using default column profile:DBProfile.DISK for Table:s3SecretTable
2019-11-14 15:08:02,102 [main] INFO  db.DBStoreBuilder (DBStoreBuilder.java:addTable(127)) - using custom profile for table: prefixTable
2019-11-14 15:08:02,102 [main] INFO  db.DBStoreBuilder (DBStoreBuilder.java:processTables(183)) - Using default column profile:DBProfile.DISK for Table:prefixTable
2019-11-14 15:08:02,103 [main] INFO  db.DBStoreBuilder (DBStoreBuilder.java:addTable(127)) - using custom profile for table: default
2019-11-14 15:08:02,103 [main] INFO  db.DBStoreBuilder (DBStoreBuilder.java:processTables(189)) - Using default column profile:DBProfile.DISK for Table:default
2019-11-14 15:08:02,103 [main] INFO  db.DBStoreBuilder (DBStoreBuilder.java:getDbProfile(220)) - Using default options. DBProfile.DISK
2019-11-14 15:08:02,496 [main] INFO  ipc.CallQueueManager (CallQueueManager.java:<init>(84)) - Using callQueue: class java.util.concurrent.LinkedBlockingQueue, queueCapacity: 2000, scheduler: class org.apache.hadoop.ipc.DefaultRpcScheduler, ipcBackoff: false.
2019-11-14 15:08:02,497 [Socket Reader #1 for port 45554] INFO  ipc.Server (Server.java:run(1074)) - Starting Socket Reader #1 for port 45554
2019-11-14 15:08:02,516 [main] INFO  om.OzoneManager (OzoneManager.java:start(1077)) - OzoneManager RPC server is listening at localhost/127.0.0.1:45554
2019-11-14 15:08:02,516 [main] INFO  impl.MetricsSystemImpl (MetricsSystemImpl.java:init(158)) - OzoneManager metrics system started (again)
2019-11-14 15:08:02,518 [IPC Server listener on 45554] INFO  ipc.Server (Server.java:run(1153)) - IPC Server listener on 45554: starting
2019-11-14 15:08:02,518 [IPC Server Responder] INFO  ipc.Server (Server.java:run(1314)) - IPC Server Responder: starting
2019-11-14 15:08:02,524 [main] INFO  hdfs.DFSUtil (DFSUtil.java:httpServerTemplateForNNAndJN(1641)) - Starting Web-server for ozoneManager at: http://0.0.0.0:0
2019-11-14 15:08:02,526 [main] INFO  server.AuthenticationFilter (AuthenticationFilter.java:constructSecretProvider(240)) - Unable to initialize FileSignerSecretProvider, falling back to use random secrets.
2019-11-14 15:08:02,526 [main] WARN  http.HttpRequestLog (HttpRequestLog.java:getRequestLog(97)) - Jetty request log can only be enabled using Log4j
2019-11-14 15:08:02,528 [main] INFO  http.HttpServer2 (HttpServer2.java:addGlobalFilter(975)) - Added global filter 'safety' (class=org.apache.hadoop.http.HttpServer2$QuotingInputFilter)
2019-11-14 15:08:02,529 [main] INFO  http.HttpServer2 (HttpServer2.java:addFilter(948)) - Added filter static_user_filter (class=org.apache.hadoop.http.lib.StaticUserWebFilter$StaticUserFilter) to context ozoneManager
2019-11-14 15:08:02,530 [main] INFO  http.HttpServer2 (HttpServer2.java:addFilter(958)) - Added filter static_user_filter (class=org.apache.hadoop.http.lib.StaticUserWebFilter$StaticUserFilter) to context static
2019-11-14 15:08:02,530 [main] INFO  http.HttpServer2 (HttpServer2.java:addFilter(958)) - Added filter static_user_filter (class=org.apache.hadoop.http.lib.StaticUserWebFilter$StaticUserFilter) to context logs
2019-11-14 15:08:02,531 [main] INFO  http.HttpServer2 (HttpServer2.java:bindListener(1191)) - Jetty bound to port 35524
2019-11-14 15:08:02,531 [main] INFO  server.Server (Server.java:doStart(351)) - jetty-9.3.25.v20180904, build timestamp: 2018-09-04T21:11:46Z, git hash: 3ce520221d0240229c862b122d2b06c12a625732
2019-11-14 15:08:02,533 [main] INFO  handler.ContextHandler (ContextHandler.java:doStart(781)) - Started o.e.j.s.ServletContextHandler@79d82f66{/logs,file:///workdir/hadoop-ozone/integration-test/target/log,AVAILABLE}
2019-11-14 15:08:02,534 [main] INFO  handler.ContextHandler (ContextHandler.java:doStart(781)) - Started o.e.j.s.ServletContextHandler@ffd4cba{/static,file:///workdir/hadoop-ozone/integration-test/target/test-classes/webapps/static,AVAILABLE}
2019-11-14 15:08:02,539 [main] INFO  handler.ContextHandler (ContextHandler.java:doStart(781)) - Started o.e.j.w.WebAppContext@12a2585b{/,file:///workdir/hadoop-ozone/integration-test/target/test-classes/webapps/ozoneManager/,AVAILABLE}{/ozoneManager}
2019-11-14 15:08:02,540 [main] INFO  server.AbstractConnector (AbstractConnector.java:doStart(278)) - Started ServerConnector@21b6c9c2{HTTP/1.1,[http/1.1]}{0.0.0.0:35524}
2019-11-14 15:08:02,540 [main] INFO  server.Server (Server.java:doStart(419)) - Started @58135ms
2019-11-14 15:08:02,541 [main] WARN  impl.MetricsSystemImpl (MetricsSystemImpl.java:register(276)) - Sink prometheus already exists!
2019-11-14 15:08:02,542 [main] INFO  server.BaseHttpServer (BaseHttpServer.java:updateConnectorAddress(215)) - HTTP server of OZONEMANAGER is listening at http://0.0.0.0:35524
2019-11-14 15:08:02,569 [main] INFO  impl.MetricsSystemImpl (MetricsSystemImpl.java:init(158)) - HddsDatanode metrics system started (again)
2019-11-14 15:08:02,571 [main] INFO  ozone.HddsDatanodeService (HddsDatanodeService.java:start(186)) - HddsDatanodeService host:pr-hdds-2480-6qkg9-608321763 ip:192.168.34.62
2019-11-14 15:08:02,579 [main] INFO  volume.HddsVolume (HddsVolume.java:<init>(176)) - Creating Volume: /workdir/hadoop-ozone/integration-test/target/test-dir/MiniOzoneClusterImpl-6b3e2517-75a7-4dd9-8054-0b12e404e591/datanode-0/data/containers/hdds of  storage type : DISK and capacity : 1482555576320
2019-11-14 15:08:02,579 [main] INFO  volume.VolumeSet (VolumeSet.java:initializeVolumeSet(170)) - Added Volume : /workdir/hadoop-ozone/integration-test/target/test-dir/MiniOzoneClusterImpl-6b3e2517-75a7-4dd9-8054-0b12e404e591/datanode-0/data/containers/hdds to VolumeSet
2019-11-14 15:08:02,579 [main] INFO  volume.ThrottledAsyncChecker (ThrottledAsyncChecker.java:schedule(141)) - Scheduling a check for /workdir/hadoop-ozone/integration-test/target/test-dir/MiniOzoneClusterImpl-6b3e2517-75a7-4dd9-8054-0b12e404e591/datanode-0/data/containers/hdds
2019-11-14 15:08:02,580 [main] INFO  volume.HddsVolumeChecker (HddsVolumeChecker.java:checkAllVolumes(204)) - Scheduled health check for volume /workdir/hadoop-ozone/integration-test/target/test-dir/MiniOzoneClusterImpl-6b3e2517-75a7-4dd9-8054-0b12e404e591/datanode-0/data/containers/hdds
2019-11-14 15:08:02,594 [main] INFO  impl.RaftServerProxy (ConfUtils.java:logGet(43)) - raft.rpc.type = GRPC (default)
2019-11-14 15:08:02,595 [main] INFO  grpc.GrpcFactory (GrpcFactory.java:checkPooledByteBufAllocatorUseCacheForAllThreads(45)) - PERFORMANCE WARNING: useCacheForAllThreads is true that may cause Netty to create a lot garbage objects and, as a result, trigger GC.
	It is recommended to disable useCacheForAllThreads by setting -Dorg.apache.ratis.thirdparty.io.netty.allocator.useCacheForAllThreads=false in command line.
2019-11-14 15:08:02,595 [main] INFO  grpc.GrpcConfigKeys$Server (ConfUtils.java:logGet(43)) - raft.grpc.server.port = 0 (default)
2019-11-14 15:08:02,595 [main] INFO  server.GrpcService (ConfUtils.java:logGet(43)) - raft.grpc.message.size.max = 33570816 (custom)
2019-11-14 15:08:02,595 [main] INFO  server.RaftServerConfigKeys (ConfUtils.java:logGet(43)) - raft.server.log.appender.buffer.byte-limit = 33554432 (custom)
2019-11-14 15:08:02,596 [main] INFO  server.GrpcService (ConfUtils.java:logGet(43)) - raft.grpc.flow.control.window = 1MB (=1048576) (default)
2019-11-14 15:08:02,596 [main] INFO  server.RaftServerConfigKeys (ConfUtils.java:logGet(43)) - raft.server.rpc.request.timeout = 3000ms (default)
2019-11-14 15:08:02,596 [main] INFO  server.RaftServerConfigKeys (ConfUtils.java:logGet(43)) - raft.server.storage.dir = [/workdir/hadoop-ozone/integration-test/target/test-dir/MiniOzoneClusterImpl-6b3e2517-75a7-4dd9-8054-0b12e404e591/datanode-0/data/ratis] (custom)
2019-11-14 15:08:02,598 [main] INFO  hdfs.DFSUtil (DFSUtil.java:httpServerTemplateForNNAndJN(1641)) - Starting Web-server for hddsDatanode at: http://0.0.0.0:0
2019-11-14 15:08:02,600 [main] INFO  server.AuthenticationFilter (AuthenticationFilter.java:constructSecretProvider(240)) - Unable to initialize FileSignerSecretProvider, falling back to use random secrets.
2019-11-14 15:08:02,600 [main] WARN  http.HttpRequestLog (HttpRequestLog.java:getRequestLog(97)) - Jetty request log can only be enabled using Log4j
2019-11-14 15:08:02,601 [main] INFO  http.HttpServer2 (HttpServer2.java:addGlobalFilter(975)) - Added global filter 'safety' (class=org.apache.hadoop.http.HttpServer2$QuotingInputFilter)
2019-11-14 15:08:02,602 [main] INFO  http.HttpServer2 (HttpServer2.java:addFilter(948)) - Added filter static_user_filter (class=org.apache.hadoop.http.lib.StaticUserWebFilter$StaticUserFilter) to context hddsDatanode
2019-11-14 15:08:02,602 [main] INFO  http.HttpServer2 (HttpServer2.java:addFilter(958)) - Added filter static_user_filter (class=org.apache.hadoop.http.lib.StaticUserWebFilter$StaticUserFilter) to context static
2019-11-14 15:08:02,602 [main] INFO  http.HttpServer2 (HttpServer2.java:addFilter(958)) - Added filter static_user_filter (class=org.apache.hadoop.http.lib.StaticUserWebFilter$StaticUserFilter) to context logs
2019-11-14 15:08:02,603 [main] INFO  http.HttpServer2 (HttpServer2.java:bindListener(1191)) - Jetty bound to port 43467
2019-11-14 15:08:02,603 [main] INFO  server.Server (Server.java:doStart(351)) - jetty-9.3.25.v20180904, build timestamp: 2018-09-04T21:11:46Z, git hash: 3ce520221d0240229c862b122d2b06c12a625732
2019-11-14 15:08:02,605 [main] INFO  handler.ContextHandler (ContextHandler.java:doStart(781)) - Started o.e.j.s.ServletContextHandler@65bad087{/logs,file:///workdir/hadoop-ozone/integration-test/target/log,AVAILABLE}
2019-11-14 15:08:02,605 [main] INFO  handler.ContextHandler (ContextHandler.java:doStart(781)) - Started o.e.j.s.ServletContextHandler@66cd621b{/static,jar:file:/home/user/.m2/repository/org/apache/hadoop/hadoop-hdds-container-service/0.5.0-SNAPSHOT/hadoop-hdds-container-service-0.5.0-SNAPSHOT.jar!/webapps/static,AVAILABLE}
2019-11-14 15:08:02,637 [main] INFO  handler.ContextHandler (ContextHandler.java:doStart(781)) - Started o.e.j.w.WebAppContext@798256c5{/,file:///tmp/jetty-0.0.0.0-43467-hddsDatanode-_-any-6164330655315249973.dir/webapp/,AVAILABLE}{/hddsDatanode}
2019-11-14 15:08:02,638 [main] INFO  server.AbstractConnector (AbstractConnector.java:doStart(278)) - Started ServerConnector@7ec95456{HTTP/1.1,[http/1.1]}{0.0.0.0:43467}
2019-11-14 15:08:02,639 [main] INFO  server.Server (Server.java:doStart(419)) - Started @58234ms
2019-11-14 15:08:02,639 [main] WARN  impl.MetricsSystemImpl (MetricsSystemImpl.java:register(276)) - Sink prometheus already exists!
2019-11-14 15:08:02,640 [main] INFO  server.BaseHttpServer (BaseHttpServer.java:updateConnectorAddress(215)) - HTTP server of HDDSDATANODE is listening at http://0.0.0.0:43467
2019-11-14 15:08:02,640 [main] INFO  impl.MetricsSystemImpl (MetricsSystemImpl.java:init(158)) - HddsDatanode metrics system started (again)
2019-11-14 15:08:02,642 [main] INFO  ozone.HddsDatanodeService (HddsDatanodeService.java:start(186)) - HddsDatanodeService host:pr-hdds-2480-6qkg9-608321763 ip:192.168.34.62
2019-11-14 15:08:02,643 [org.apache.hadoop.util.JvmPauseMonitor$Monitor@5644953f] INFO  util.JvmPauseMonitor (JvmPauseMonitor.java:run(188)) - Starting JVM pause monitor
2019-11-14 15:08:02,645 [Datanode State Machine Thread - 0] INFO  datanode.InitDatanodeState (InitDatanodeState.java:persistContainerDatanodeDetails(140)) - DatanodeDetails is persisted to /workdir/hadoop-ozone/integration-test/target/test-dir/MiniOzoneClusterImpl-6b3e2517-75a7-4dd9-8054-0b12e404e591/datanode-0/meta/datanode.id
2019-11-14 15:08:02,649 [main] INFO  volume.HddsVolume (HddsVolume.java:<init>(176)) - Creating Volume: /workdir/hadoop-ozone/integration-test/target/test-dir/MiniOzoneClusterImpl-6b3e2517-75a7-4dd9-8054-0b12e404e591/datanode-1/data/containers/hdds of  storage type : DISK and capacity : 1482555576320
2019-11-14 15:08:02,650 [main] INFO  volume.VolumeSet (VolumeSet.java:initializeVolumeSet(170)) - Added Volume : /workdir/hadoop-ozone/integration-test/target/test-dir/MiniOzoneClusterImpl-6b3e2517-75a7-4dd9-8054-0b12e404e591/datanode-1/data/containers/hdds to VolumeSet
2019-11-14 15:08:02,650 [main] INFO  volume.ThrottledAsyncChecker (ThrottledAsyncChecker.java:schedule(141)) - Scheduling a check for /workdir/hadoop-ozone/integration-test/target/test-dir/MiniOzoneClusterImpl-6b3e2517-75a7-4dd9-8054-0b12e404e591/datanode-1/data/containers/hdds
2019-11-14 15:08:02,650 [main] INFO  volume.HddsVolumeChecker (HddsVolumeChecker.java:checkAllVolumes(204)) - Scheduled health check for volume /workdir/hadoop-ozone/integration-test/target/test-dir/MiniOzoneClusterImpl-6b3e2517-75a7-4dd9-8054-0b12e404e591/datanode-1/data/containers/hdds
2019-11-14 15:08:02,664 [main] INFO  impl.RaftServerProxy (ConfUtils.java:logGet(43)) - raft.rpc.type = GRPC (default)
2019-11-14 15:08:02,665 [main] INFO  grpc.GrpcFactory (GrpcFactory.java:checkPooledByteBufAllocatorUseCacheForAllThreads(45)) - PERFORMANCE WARNING: useCacheForAllThreads is true that may cause Netty to create a lot garbage objects and, as a result, trigger GC.
	It is recommended to disable useCacheForAllThreads by setting -Dorg.apache.ratis.thirdparty.io.netty.allocator.useCacheForAllThreads=false in command line.
2019-11-14 15:08:02,665 [main] INFO  grpc.GrpcConfigKeys$Server (ConfUtils.java:logGet(43)) - raft.grpc.server.port = 0 (default)
2019-11-14 15:08:02,665 [main] INFO  server.GrpcService (ConfUtils.java:logGet(43)) - raft.grpc.message.size.max = 33570816 (custom)
2019-11-14 15:08:02,665 [main] INFO  server.RaftServerConfigKeys (ConfUtils.java:logGet(43)) - raft.server.log.appender.buffer.byte-limit = 33554432 (custom)
2019-11-14 15:08:02,665 [main] INFO  server.GrpcService (ConfUtils.java:logGet(43)) - raft.grpc.flow.control.window = 1MB (=1048576) (default)
2019-11-14 15:08:02,665 [main] INFO  server.RaftServerConfigKeys (ConfUtils.java:logGet(43)) - raft.server.rpc.request.timeout = 3000ms (default)
2019-11-14 15:08:02,666 [main] INFO  server.RaftServerConfigKeys (ConfUtils.java:logGet(43)) - raft.server.storage.dir = [/workdir/hadoop-ozone/integration-test/target/test-dir/MiniOzoneClusterImpl-6b3e2517-75a7-4dd9-8054-0b12e404e591/datanode-1/data/ratis] (custom)
2019-11-14 15:08:02,667 [main] INFO  hdfs.DFSUtil (DFSUtil.java:httpServerTemplateForNNAndJN(1641)) - Starting Web-server for hddsDatanode at: http://0.0.0.0:0
2019-11-14 15:08:02,669 [main] INFO  server.AuthenticationFilter (AuthenticationFilter.java:constructSecretProvider(240)) - Unable to initialize FileSignerSecretProvider, falling back to use random secrets.
2019-11-14 15:08:02,669 [main] WARN  http.HttpRequestLog (HttpRequestLog.java:getRequestLog(97)) - Jetty request log can only be enabled using Log4j
2019-11-14 15:08:02,670 [main] INFO  http.HttpServer2 (HttpServer2.java:addGlobalFilter(975)) - Added global filter 'safety' (class=org.apache.hadoop.http.HttpServer2$QuotingInputFilter)
2019-11-14 15:08:02,671 [main] INFO  http.HttpServer2 (HttpServer2.java:addFilter(948)) - Added filter static_user_filter (class=org.apache.hadoop.http.lib.StaticUserWebFilter$StaticUserFilter) to context hddsDatanode
2019-11-14 15:08:02,671 [main] INFO  http.HttpServer2 (HttpServer2.java:addFilter(958)) - Added filter static_user_filter (class=org.apache.hadoop.http.lib.StaticUserWebFilter$StaticUserFilter) to context static
2019-11-14 15:08:02,671 [main] INFO  http.HttpServer2 (HttpServer2.java:addFilter(958)) - Added filter static_user_filter (class=org.apache.hadoop.http.lib.StaticUserWebFilter$StaticUserFilter) to context logs
2019-11-14 15:08:02,672 [main] INFO  http.HttpServer2 (HttpServer2.java:bindListener(1191)) - Jetty bound to port 42210
2019-11-14 15:08:02,672 [main] INFO  server.Server (Server.java:doStart(351)) - jetty-9.3.25.v20180904, build timestamp: 2018-09-04T21:11:46Z, git hash: 3ce520221d0240229c862b122d2b06c12a625732
2019-11-14 15:08:02,675 [main] INFO  handler.ContextHandler (ContextHandler.java:doStart(781)) - Started o.e.j.s.ServletContextHandler@5b88b8e{/logs,file:///workdir/hadoop-ozone/integration-test/target/log,AVAILABLE}
2019-11-14 15:08:02,676 [main] INFO  handler.ContextHandler (ContextHandler.java:doStart(781)) - Started o.e.j.s.ServletContextHandler@b73433{/static,jar:file:/home/user/.m2/repository/org/apache/hadoop/hadoop-hdds-container-service/0.5.0-SNAPSHOT/hadoop-hdds-container-service-0.5.0-SNAPSHOT.jar!/webapps/static,AVAILABLE}
2019-11-14 15:08:02,723 [main] INFO  handler.ContextHandler (ContextHandler.java:doStart(781)) - Started o.e.j.w.WebAppContext@3b55dd15{/,file:///tmp/jetty-0.0.0.0-42210-hddsDatanode-_-any-1653615889459448264.dir/webapp/,AVAILABLE}{/hddsDatanode}
2019-11-14 15:08:02,724 [main] INFO  server.AbstractConnector (AbstractConnector.java:doStart(278)) - Started ServerConnector@f3560d4{HTTP/1.1,[http/1.1]}{0.0.0.0:42210}
2019-11-14 15:08:02,725 [main] INFO  server.Server (Server.java:doStart(419)) - Started @58320ms
2019-11-14 15:08:02,725 [main] WARN  impl.MetricsSystemImpl (MetricsSystemImpl.java:register(276)) - Sink prometheus already exists!
2019-11-14 15:08:02,727 [main] INFO  server.BaseHttpServer (BaseHttpServer.java:updateConnectorAddress(215)) - HTTP server of HDDSDATANODE is listening at http://0.0.0.0:42210
2019-11-14 15:08:02,727 [main] INFO  impl.MetricsSystemImpl (MetricsSystemImpl.java:init(158)) - HddsDatanode metrics system started (again)
2019-11-14 15:08:02,729 [org.apache.hadoop.util.JvmPauseMonitor$Monitor@681cbfaf] INFO  util.JvmPauseMonitor (JvmPauseMonitor.java:run(188)) - Starting JVM pause monitor
2019-11-14 15:08:02,729 [main] INFO  ozone.HddsDatanodeService (HddsDatanodeService.java:start(186)) - HddsDatanodeService host:pr-hdds-2480-6qkg9-608321763 ip:192.168.34.62
2019-11-14 15:08:02,731 [Datanode State Machine Thread - 0] INFO  datanode.InitDatanodeState (InitDatanodeState.java:persistContainerDatanodeDetails(140)) - DatanodeDetails is persisted to /workdir/hadoop-ozone/integration-test/target/test-dir/MiniOzoneClusterImpl-6b3e2517-75a7-4dd9-8054-0b12e404e591/datanode-1/meta/datanode.id
2019-11-14 15:08:02,735 [main] INFO  volume.HddsVolume (HddsVolume.java:<init>(176)) - Creating Volume: /workdir/hadoop-ozone/integration-test/target/test-dir/MiniOzoneClusterImpl-6b3e2517-75a7-4dd9-8054-0b12e404e591/datanode-2/data/containers/hdds of  storage type : DISK and capacity : 1482555576320
2019-11-14 15:08:02,736 [main] INFO  volume.VolumeSet (VolumeSet.java:initializeVolumeSet(170)) - Added Volume : /workdir/hadoop-ozone/integration-test/target/test-dir/MiniOzoneClusterImpl-6b3e2517-75a7-4dd9-8054-0b12e404e591/datanode-2/data/containers/hdds to VolumeSet
2019-11-14 15:08:02,736 [main] INFO  volume.ThrottledAsyncChecker (ThrottledAsyncChecker.java:schedule(141)) - Scheduling a check for /workdir/hadoop-ozone/integration-test/target/test-dir/MiniOzoneClusterImpl-6b3e2517-75a7-4dd9-8054-0b12e404e591/datanode-2/data/containers/hdds
2019-11-14 15:08:02,736 [main] INFO  volume.HddsVolumeChecker (HddsVolumeChecker.java:checkAllVolumes(204)) - Scheduled health check for volume /workdir/hadoop-ozone/integration-test/target/test-dir/MiniOzoneClusterImpl-6b3e2517-75a7-4dd9-8054-0b12e404e591/datanode-2/data/containers/hdds
2019-11-14 15:08:02,750 [main] INFO  impl.RaftServerProxy (ConfUtils.java:logGet(43)) - raft.rpc.type = GRPC (default)
2019-11-14 15:08:02,750 [main] INFO  grpc.GrpcFactory (GrpcFactory.java:checkPooledByteBufAllocatorUseCacheForAllThreads(45)) - PERFORMANCE WARNING: useCacheForAllThreads is true that may cause Netty to create a lot garbage objects and, as a result, trigger GC.
	It is recommended to disable useCacheForAllThreads by setting -Dorg.apache.ratis.thirdparty.io.netty.allocator.useCacheForAllThreads=false in command line.
2019-11-14 15:08:02,750 [main] INFO  grpc.GrpcConfigKeys$Server (ConfUtils.java:logGet(43)) - raft.grpc.server.port = 0 (default)
2019-11-14 15:08:02,750 [main] INFO  server.GrpcService (ConfUtils.java:logGet(43)) - raft.grpc.message.size.max = 33570816 (custom)
2019-11-14 15:08:02,750 [main] INFO  server.RaftServerConfigKeys (ConfUtils.java:logGet(43)) - raft.server.log.appender.buffer.byte-limit = 33554432 (custom)
2019-11-14 15:08:02,750 [main] INFO  server.GrpcService (ConfUtils.java:logGet(43)) - raft.grpc.flow.control.window = 1MB (=1048576) (default)
2019-11-14 15:08:02,751 [main] INFO  server.RaftServerConfigKeys (ConfUtils.java:logGet(43)) - raft.server.rpc.request.timeout = 3000ms (default)
2019-11-14 15:08:02,751 [main] INFO  server.RaftServerConfigKeys (ConfUtils.java:logGet(43)) - raft.server.storage.dir = [/workdir/hadoop-ozone/integration-test/target/test-dir/MiniOzoneClusterImpl-6b3e2517-75a7-4dd9-8054-0b12e404e591/datanode-2/data/ratis] (custom)
2019-11-14 15:08:02,753 [main] INFO  hdfs.DFSUtil (DFSUtil.java:httpServerTemplateForNNAndJN(1641)) - Starting Web-server for hddsDatanode at: http://0.0.0.0:0
2019-11-14 15:08:02,754 [main] INFO  server.AuthenticationFilter (AuthenticationFilter.java:constructSecretProvider(240)) - Unable to initialize FileSignerSecretProvider, falling back to use random secrets.
2019-11-14 15:08:02,754 [main] WARN  http.HttpRequestLog (HttpRequestLog.java:getRequestLog(97)) - Jetty request log can only be enabled using Log4j
2019-11-14 15:08:02,756 [main] INFO  http.HttpServer2 (HttpServer2.java:addGlobalFilter(975)) - Added global filter 'safety' (class=org.apache.hadoop.http.HttpServer2$QuotingInputFilter)
2019-11-14 15:08:02,756 [main] INFO  http.HttpServer2 (HttpServer2.java:addFilter(948)) - Added filter static_user_filter (class=org.apache.hadoop.http.lib.StaticUserWebFilter$StaticUserFilter) to context hddsDatanode
2019-11-14 15:08:02,756 [main] INFO  http.HttpServer2 (HttpServer2.java:addFilter(958)) - Added filter static_user_filter (class=org.apache.hadoop.http.lib.StaticUserWebFilter$StaticUserFilter) to context static
2019-11-14 15:08:02,756 [main] INFO  http.HttpServer2 (HttpServer2.java:addFilter(958)) - Added filter static_user_filter (class=org.apache.hadoop.http.lib.StaticUserWebFilter$StaticUserFilter) to context logs
2019-11-14 15:08:02,757 [main] INFO  http.HttpServer2 (HttpServer2.java:bindListener(1191)) - Jetty bound to port 35317
2019-11-14 15:08:02,757 [main] INFO  server.Server (Server.java:doStart(351)) - jetty-9.3.25.v20180904, build timestamp: 2018-09-04T21:11:46Z, git hash: 3ce520221d0240229c862b122d2b06c12a625732
2019-11-14 15:08:02,760 [main] INFO  handler.ContextHandler (ContextHandler.java:doStart(781)) - Started o.e.j.s.ServletContextHandler@13c8ac77{/logs,file:///workdir/hadoop-ozone/integration-test/target/log,AVAILABLE}
2019-11-14 15:08:02,761 [main] INFO  handler.ContextHandler (ContextHandler.java:doStart(781)) - Started o.e.j.s.ServletContextHandler@4cad79bc{/static,jar:file:/home/user/.m2/repository/org/apache/hadoop/hadoop-hdds-container-service/0.5.0-SNAPSHOT/hadoop-hdds-container-service-0.5.0-SNAPSHOT.jar!/webapps/static,AVAILABLE}
2019-11-14 15:08:02,809 [main] INFO  handler.ContextHandler (ContextHandler.java:doStart(781)) - Started o.e.j.w.WebAppContext@36e43829{/,file:///tmp/jetty-0.0.0.0-35317-hddsDatanode-_-any-6916550890138214614.dir/webapp/,AVAILABLE}{/hddsDatanode}
2019-11-14 15:08:02,810 [main] INFO  server.AbstractConnector (AbstractConnector.java:doStart(278)) - Started ServerConnector@152c4495{HTTP/1.1,[http/1.1]}{0.0.0.0:35317}
2019-11-14 15:08:02,811 [main] INFO  server.Server (Server.java:doStart(419)) - Started @58406ms
2019-11-14 15:08:02,811 [main] WARN  impl.MetricsSystemImpl (MetricsSystemImpl.java:register(276)) - Sink prometheus already exists!
2019-11-14 15:08:02,812 [main] INFO  server.BaseHttpServer (BaseHttpServer.java:updateConnectorAddress(215)) - HTTP server of HDDSDATANODE is listening at http://0.0.0.0:35317
2019-11-14 15:08:02,813 [main] INFO  impl.MetricsSystemImpl (MetricsSystemImpl.java:init(158)) - HddsDatanode metrics system started (again)
2019-11-14 15:08:02,815 [org.apache.hadoop.util.JvmPauseMonitor$Monitor@40039efb] INFO  util.JvmPauseMonitor (JvmPauseMonitor.java:run(188)) - Starting JVM pause monitor
2019-11-14 15:08:02,815 [main] INFO  ozone.HddsDatanodeService (HddsDatanodeService.java:start(186)) - HddsDatanodeService host:pr-hdds-2480-6qkg9-608321763 ip:192.168.34.62
2019-11-14 15:08:02,817 [Datanode State Machine Thread - 0] INFO  datanode.InitDatanodeState (InitDatanodeState.java:persistContainerDatanodeDetails(140)) - DatanodeDetails is persisted to /workdir/hadoop-ozone/integration-test/target/test-dir/MiniOzoneClusterImpl-6b3e2517-75a7-4dd9-8054-0b12e404e591/datanode-2/meta/datanode.id
2019-11-14 15:08:02,822 [main] INFO  volume.HddsVolume (HddsVolume.java:<init>(176)) - Creating Volume: /workdir/hadoop-ozone/integration-test/target/test-dir/MiniOzoneClusterImpl-6b3e2517-75a7-4dd9-8054-0b12e404e591/datanode-3/data/containers/hdds of  storage type : DISK and capacity : 1482555576320
2019-11-14 15:08:02,822 [main] INFO  volume.VolumeSet (VolumeSet.java:initializeVolumeSet(170)) - Added Volume : /workdir/hadoop-ozone/integration-test/target/test-dir/MiniOzoneClusterImpl-6b3e2517-75a7-4dd9-8054-0b12e404e591/datanode-3/data/containers/hdds to VolumeSet
2019-11-14 15:08:02,822 [main] INFO  volume.ThrottledAsyncChecker (ThrottledAsyncChecker.java:schedule(141)) - Scheduling a check for /workdir/hadoop-ozone/integration-test/target/test-dir/MiniOzoneClusterImpl-6b3e2517-75a7-4dd9-8054-0b12e404e591/datanode-3/data/containers/hdds
2019-11-14 15:08:02,822 [main] INFO  volume.HddsVolumeChecker (HddsVolumeChecker.java:checkAllVolumes(204)) - Scheduled health check for volume /workdir/hadoop-ozone/integration-test/target/test-dir/MiniOzoneClusterImpl-6b3e2517-75a7-4dd9-8054-0b12e404e591/datanode-3/data/containers/hdds
2019-11-14 15:08:02,834 [main] INFO  impl.RaftServerProxy (ConfUtils.java:logGet(43)) - raft.rpc.type = GRPC (default)
2019-11-14 15:08:02,834 [main] INFO  grpc.GrpcFactory (GrpcFactory.java:checkPooledByteBufAllocatorUseCacheForAllThreads(45)) - PERFORMANCE WARNING: useCacheForAllThreads is true that may cause Netty to create a lot garbage objects and, as a result, trigger GC.
	It is recommended to disable useCacheForAllThreads by setting -Dorg.apache.ratis.thirdparty.io.netty.allocator.useCacheForAllThreads=false in command line.
2019-11-14 15:08:02,834 [main] INFO  grpc.GrpcConfigKeys$Server (ConfUtils.java:logGet(43)) - raft.grpc.server.port = 0 (default)
2019-11-14 15:08:02,834 [main] INFO  server.GrpcService (ConfUtils.java:logGet(43)) - raft.grpc.message.size.max = 33570816 (custom)
2019-11-14 15:08:02,835 [main] INFO  server.RaftServerConfigKeys (ConfUtils.java:logGet(43)) - raft.server.log.appender.buffer.byte-limit = 33554432 (custom)
2019-11-14 15:08:02,835 [main] INFO  server.GrpcService (ConfUtils.java:logGet(43)) - raft.grpc.flow.control.window = 1MB (=1048576) (default)
2019-11-14 15:08:02,835 [main] INFO  server.RaftServerConfigKeys (ConfUtils.java:logGet(43)) - raft.server.rpc.request.timeout = 3000ms (default)
2019-11-14 15:08:02,835 [main] INFO  server.RaftServerConfigKeys (ConfUtils.java:logGet(43)) - raft.server.storage.dir = [/workdir/hadoop-ozone/integration-test/target/test-dir/MiniOzoneClusterImpl-6b3e2517-75a7-4dd9-8054-0b12e404e591/datanode-3/data/ratis] (custom)
2019-11-14 15:08:02,837 [main] INFO  hdfs.DFSUtil (DFSUtil.java:httpServerTemplateForNNAndJN(1641)) - Starting Web-server for hddsDatanode at: http://0.0.0.0:0
2019-11-14 15:08:02,838 [main] INFO  server.AuthenticationFilter (AuthenticationFilter.java:constructSecretProvider(240)) - Unable to initialize FileSignerSecretProvider, falling back to use random secrets.
2019-11-14 15:08:02,838 [main] WARN  http.HttpRequestLog (HttpRequestLog.java:getRequestLog(97)) - Jetty request log can only be enabled using Log4j
2019-11-14 15:08:02,840 [main] INFO  http.HttpServer2 (HttpServer2.java:addGlobalFilter(975)) - Added global filter 'safety' (class=org.apache.hadoop.http.HttpServer2$QuotingInputFilter)
2019-11-14 15:08:02,841 [main] INFO  http.HttpServer2 (HttpServer2.java:addFilter(948)) - Added filter static_user_filter (class=org.apache.hadoop.http.lib.StaticUserWebFilter$StaticUserFilter) to context hddsDatanode
2019-11-14 15:08:02,841 [main] INFO  http.HttpServer2 (HttpServer2.java:addFilter(958)) - Added filter static_user_filter (class=org.apache.hadoop.http.lib.StaticUserWebFilter$StaticUserFilter) to context logs
2019-11-14 15:08:02,841 [main] INFO  http.HttpServer2 (HttpServer2.java:addFilter(958)) - Added filter static_user_filter (class=org.apache.hadoop.http.lib.StaticUserWebFilter$StaticUserFilter) to context static
2019-11-14 15:08:02,842 [main] INFO  http.HttpServer2 (HttpServer2.java:bindListener(1191)) - Jetty bound to port 33507
2019-11-14 15:08:02,842 [main] INFO  server.Server (Server.java:doStart(351)) - jetty-9.3.25.v20180904, build timestamp: 2018-09-04T21:11:46Z, git hash: 3ce520221d0240229c862b122d2b06c12a625732
2019-11-14 15:08:02,844 [main] INFO  handler.ContextHandler (ContextHandler.java:doStart(781)) - Started o.e.j.s.ServletContextHandler@771a7d53{/logs,file:///workdir/hadoop-ozone/integration-test/target/log,AVAILABLE}
2019-11-14 15:08:02,844 [main] INFO  handler.ContextHandler (ContextHandler.java:doStart(781)) - Started o.e.j.s.ServletContextHandler@e95595b{/static,jar:file:/home/user/.m2/repository/org/apache/hadoop/hadoop-hdds-container-service/0.5.0-SNAPSHOT/hadoop-hdds-container-service-0.5.0-SNAPSHOT.jar!/webapps/static,AVAILABLE}
2019-11-14 15:08:02,876 [main] INFO  handler.ContextHandler (ContextHandler.java:doStart(781)) - Started o.e.j.w.WebAppContext@4887de2b{/,file:///tmp/jetty-0.0.0.0-33507-hddsDatanode-_-any-458977294506226912.dir/webapp/,AVAILABLE}{/hddsDatanode}
2019-11-14 15:08:02,876 [main] INFO  server.AbstractConnector (AbstractConnector.java:doStart(278)) - Started ServerConnector@3b4825f0{HTTP/1.1,[http/1.1]}{0.0.0.0:33507}
2019-11-14 15:08:02,877 [main] INFO  server.Server (Server.java:doStart(419)) - Started @58473ms
2019-11-14 15:08:02,878 [main] WARN  impl.MetricsSystemImpl (MetricsSystemImpl.java:register(276)) - Sink prometheus already exists!
2019-11-14 15:08:02,878 [main] INFO  server.BaseHttpServer (BaseHttpServer.java:updateConnectorAddress(215)) - HTTP server of HDDSDATANODE is listening at http://0.0.0.0:33507
2019-11-14 15:08:02,879 [main] INFO  impl.MetricsSystemImpl (MetricsSystemImpl.java:init(158)) - HddsDatanode metrics system started (again)
2019-11-14 15:08:02,881 [org.apache.hadoop.util.JvmPauseMonitor$Monitor@3e083f1b] INFO  util.JvmPauseMonitor (JvmPauseMonitor.java:run(188)) - Starting JVM pause monitor
2019-11-14 15:08:02,882 [main] INFO  ozone.HddsDatanodeService (HddsDatanodeService.java:start(186)) - HddsDatanodeService host:pr-hdds-2480-6qkg9-608321763 ip:192.168.34.62
2019-11-14 15:08:02,883 [Datanode State Machine Thread - 0] INFO  datanode.InitDatanodeState (InitDatanodeState.java:persistContainerDatanodeDetails(140)) - DatanodeDetails is persisted to /workdir/hadoop-ozone/integration-test/target/test-dir/MiniOzoneClusterImpl-6b3e2517-75a7-4dd9-8054-0b12e404e591/datanode-3/meta/datanode.id
2019-11-14 15:08:02,889 [main] INFO  volume.HddsVolume (HddsVolume.java:<init>(176)) - Creating Volume: /workdir/hadoop-ozone/integration-test/target/test-dir/MiniOzoneClusterImpl-6b3e2517-75a7-4dd9-8054-0b12e404e591/datanode-4/data/containers/hdds of  storage type : DISK and capacity : 1482555576320
2019-11-14 15:08:02,889 [main] INFO  volume.VolumeSet (VolumeSet.java:initializeVolumeSet(170)) - Added Volume : /workdir/hadoop-ozone/integration-test/target/test-dir/MiniOzoneClusterImpl-6b3e2517-75a7-4dd9-8054-0b12e404e591/datanode-4/data/containers/hdds to VolumeSet
2019-11-14 15:08:02,889 [main] INFO  volume.ThrottledAsyncChecker (ThrottledAsyncChecker.java:schedule(141)) - Scheduling a check for /workdir/hadoop-ozone/integration-test/target/test-dir/MiniOzoneClusterImpl-6b3e2517-75a7-4dd9-8054-0b12e404e591/datanode-4/data/containers/hdds
2019-11-14 15:08:02,889 [main] INFO  volume.HddsVolumeChecker (HddsVolumeChecker.java:checkAllVolumes(204)) - Scheduled health check for volume /workdir/hadoop-ozone/integration-test/target/test-dir/MiniOzoneClusterImpl-6b3e2517-75a7-4dd9-8054-0b12e404e591/datanode-4/data/containers/hdds
2019-11-14 15:08:02,901 [main] INFO  impl.RaftServerProxy (ConfUtils.java:logGet(43)) - raft.rpc.type = GRPC (default)
2019-11-14 15:08:02,902 [main] INFO  grpc.GrpcFactory (GrpcFactory.java:checkPooledByteBufAllocatorUseCacheForAllThreads(45)) - PERFORMANCE WARNING: useCacheForAllThreads is true that may cause Netty to create a lot garbage objects and, as a result, trigger GC.
	It is recommended to disable useCacheForAllThreads by setting -Dorg.apache.ratis.thirdparty.io.netty.allocator.useCacheForAllThreads=false in command line.
2019-11-14 15:08:02,902 [main] INFO  grpc.GrpcConfigKeys$Server (ConfUtils.java:logGet(43)) - raft.grpc.server.port = 0 (default)
2019-11-14 15:08:02,902 [main] INFO  server.GrpcService (ConfUtils.java:logGet(43)) - raft.grpc.message.size.max = 33570816 (custom)
2019-11-14 15:08:02,902 [main] INFO  server.RaftServerConfigKeys (ConfUtils.java:logGet(43)) - raft.server.log.appender.buffer.byte-limit = 33554432 (custom)
2019-11-14 15:08:02,902 [main] INFO  server.GrpcService (ConfUtils.java:logGet(43)) - raft.grpc.flow.control.window = 1MB (=1048576) (default)
2019-11-14 15:08:02,903 [main] INFO  server.RaftServerConfigKeys (ConfUtils.java:logGet(43)) - raft.server.rpc.request.timeout = 3000ms (default)
2019-11-14 15:08:02,903 [main] INFO  server.RaftServerConfigKeys (ConfUtils.java:logGet(43)) - raft.server.storage.dir = [/workdir/hadoop-ozone/integration-test/target/test-dir/MiniOzoneClusterImpl-6b3e2517-75a7-4dd9-8054-0b12e404e591/datanode-4/data/ratis] (custom)
2019-11-14 15:08:02,905 [main] INFO  hdfs.DFSUtil (DFSUtil.java:httpServerTemplateForNNAndJN(1641)) - Starting Web-server for hddsDatanode at: http://0.0.0.0:0
2019-11-14 15:08:02,906 [main] INFO  server.AuthenticationFilter (AuthenticationFilter.java:constructSecretProvider(240)) - Unable to initialize FileSignerSecretProvider, falling back to use random secrets.
2019-11-14 15:08:02,906 [main] WARN  http.HttpRequestLog (HttpRequestLog.java:getRequestLog(97)) - Jetty request log can only be enabled using Log4j
2019-11-14 15:08:02,907 [main] INFO  http.HttpServer2 (HttpServer2.java:addGlobalFilter(975)) - Added global filter 'safety' (class=org.apache.hadoop.http.HttpServer2$QuotingInputFilter)
2019-11-14 15:08:02,908 [main] INFO  http.HttpServer2 (HttpServer2.java:addFilter(948)) - Added filter static_user_filter (class=org.apache.hadoop.http.lib.StaticUserWebFilter$StaticUserFilter) to context hddsDatanode
2019-11-14 15:08:02,908 [main] INFO  http.HttpServer2 (HttpServer2.java:addFilter(958)) - Added filter static_user_filter (class=org.apache.hadoop.http.lib.StaticUserWebFilter$StaticUserFilter) to context logs
2019-11-14 15:08:02,908 [main] INFO  http.HttpServer2 (HttpServer2.java:addFilter(958)) - Added filter static_user_filter (class=org.apache.hadoop.http.lib.StaticUserWebFilter$StaticUserFilter) to context static
2019-11-14 15:08:02,909 [main] INFO  http.HttpServer2 (HttpServer2.java:bindListener(1191)) - Jetty bound to port 38607
2019-11-14 15:08:02,909 [main] INFO  server.Server (Server.java:doStart(351)) - jetty-9.3.25.v20180904, build timestamp: 2018-09-04T21:11:46Z, git hash: 3ce520221d0240229c862b122d2b06c12a625732
2019-11-14 15:08:02,911 [main] INFO  handler.ContextHandler (ContextHandler.java:doStart(781)) - Started o.e.j.s.ServletContextHandler@77c1e611{/logs,file:///workdir/hadoop-ozone/integration-test/target/log,AVAILABLE}
2019-11-14 15:08:02,911 [main] INFO  handler.ContextHandler (ContextHandler.java:doStart(781)) - Started o.e.j.s.ServletContextHandler@5a97b17c{/static,jar:file:/home/user/.m2/repository/org/apache/hadoop/hadoop-hdds-container-service/0.5.0-SNAPSHOT/hadoop-hdds-container-service-0.5.0-SNAPSHOT.jar!/webapps/static,AVAILABLE}
2019-11-14 15:08:02,940 [main] INFO  handler.ContextHandler (ContextHandler.java:doStart(781)) - Started o.e.j.w.WebAppContext@1b9d9a2b{/,file:///tmp/jetty-0.0.0.0-38607-hddsDatanode-_-any-9216237628386320360.dir/webapp/,AVAILABLE}{/hddsDatanode}
2019-11-14 15:08:02,941 [main] INFO  server.AbstractConnector (AbstractConnector.java:doStart(278)) - Started ServerConnector@d919544{HTTP/1.1,[http/1.1]}{0.0.0.0:38607}
2019-11-14 15:08:02,942 [main] INFO  server.Server (Server.java:doStart(419)) - Started @58537ms
2019-11-14 15:08:02,942 [main] WARN  impl.MetricsSystemImpl (MetricsSystemImpl.java:register(276)) - Sink prometheus already exists!
2019-11-14 15:08:02,943 [main] INFO  server.BaseHttpServer (BaseHttpServer.java:updateConnectorAddress(215)) - HTTP server of HDDSDATANODE is listening at http://0.0.0.0:38607
2019-11-14 15:08:02,943 [main] INFO  impl.MetricsSystemImpl (MetricsSystemImpl.java:init(158)) - HddsDatanode metrics system started (again)
2019-11-14 15:08:02,946 [main] INFO  ozone.HddsDatanodeService (HddsDatanodeService.java:start(186)) - HddsDatanodeService host:pr-hdds-2480-6qkg9-608321763 ip:192.168.34.62
2019-11-14 15:08:02,947 [org.apache.hadoop.util.JvmPauseMonitor$Monitor@50913f08] INFO  util.JvmPauseMonitor (JvmPauseMonitor.java:run(188)) - Starting JVM pause monitor
2019-11-14 15:08:02,949 [Datanode State Machine Thread - 0] INFO  datanode.InitDatanodeState (InitDatanodeState.java:persistContainerDatanodeDetails(140)) - DatanodeDetails is persisted to /workdir/hadoop-ozone/integration-test/target/test-dir/MiniOzoneClusterImpl-6b3e2517-75a7-4dd9-8054-0b12e404e591/datanode-4/meta/datanode.id
2019-11-14 15:08:02,955 [main] INFO  volume.HddsVolume (HddsVolume.java:<init>(176)) - Creating Volume: /workdir/hadoop-ozone/integration-test/target/test-dir/MiniOzoneClusterImpl-6b3e2517-75a7-4dd9-8054-0b12e404e591/datanode-5/data/containers/hdds of  storage type : DISK and capacity : 1482555576320
2019-11-14 15:08:02,955 [main] INFO  volume.VolumeSet (VolumeSet.java:initializeVolumeSet(170)) - Added Volume : /workdir/hadoop-ozone/integration-test/target/test-dir/MiniOzoneClusterImpl-6b3e2517-75a7-4dd9-8054-0b12e404e591/datanode-5/data/containers/hdds to VolumeSet
2019-11-14 15:08:02,955 [main] INFO  volume.ThrottledAsyncChecker (ThrottledAsyncChecker.java:schedule(141)) - Scheduling a check for /workdir/hadoop-ozone/integration-test/target/test-dir/MiniOzoneClusterImpl-6b3e2517-75a7-4dd9-8054-0b12e404e591/datanode-5/data/containers/hdds
2019-11-14 15:08:02,956 [main] INFO  volume.HddsVolumeChecker (HddsVolumeChecker.java:checkAllVolumes(204)) - Scheduled health check for volume /workdir/hadoop-ozone/integration-test/target/test-dir/MiniOzoneClusterImpl-6b3e2517-75a7-4dd9-8054-0b12e404e591/datanode-5/data/containers/hdds
2019-11-14 15:08:02,968 [main] INFO  impl.RaftServerProxy (ConfUtils.java:logGet(43)) - raft.rpc.type = GRPC (default)
2019-11-14 15:08:02,968 [main] INFO  grpc.GrpcFactory (GrpcFactory.java:checkPooledByteBufAllocatorUseCacheForAllThreads(45)) - PERFORMANCE WARNING: useCacheForAllThreads is true that may cause Netty to create a lot garbage objects and, as a result, trigger GC.
	It is recommended to disable useCacheForAllThreads by setting -Dorg.apache.ratis.thirdparty.io.netty.allocator.useCacheForAllThreads=false in command line.
2019-11-14 15:08:02,969 [main] INFO  grpc.GrpcConfigKeys$Server (ConfUtils.java:logGet(43)) - raft.grpc.server.port = 0 (default)
2019-11-14 15:08:02,969 [main] INFO  server.GrpcService (ConfUtils.java:logGet(43)) - raft.grpc.message.size.max = 33570816 (custom)
2019-11-14 15:08:02,969 [main] INFO  server.RaftServerConfigKeys (ConfUtils.java:logGet(43)) - raft.server.log.appender.buffer.byte-limit = 33554432 (custom)
2019-11-14 15:08:02,969 [main] INFO  server.GrpcService (ConfUtils.java:logGet(43)) - raft.grpc.flow.control.window = 1MB (=1048576) (default)
2019-11-14 15:08:02,969 [main] INFO  server.RaftServerConfigKeys (ConfUtils.java:logGet(43)) - raft.server.rpc.request.timeout = 3000ms (default)
2019-11-14 15:08:02,970 [main] INFO  server.RaftServerConfigKeys (ConfUtils.java:logGet(43)) - raft.server.storage.dir = [/workdir/hadoop-ozone/integration-test/target/test-dir/MiniOzoneClusterImpl-6b3e2517-75a7-4dd9-8054-0b12e404e591/datanode-5/data/ratis] (custom)
2019-11-14 15:08:02,972 [main] INFO  hdfs.DFSUtil (DFSUtil.java:httpServerTemplateForNNAndJN(1641)) - Starting Web-server for hddsDatanode at: http://0.0.0.0:0
2019-11-14 15:08:02,973 [main] INFO  server.AuthenticationFilter (AuthenticationFilter.java:constructSecretProvider(240)) - Unable to initialize FileSignerSecretProvider, falling back to use random secrets.
2019-11-14 15:08:02,974 [main] WARN  http.HttpRequestLog (HttpRequestLog.java:getRequestLog(97)) - Jetty request log can only be enabled using Log4j
2019-11-14 15:08:02,975 [main] INFO  http.HttpServer2 (HttpServer2.java:addGlobalFilter(975)) - Added global filter 'safety' (class=org.apache.hadoop.http.HttpServer2$QuotingInputFilter)
2019-11-14 15:08:02,976 [main] INFO  http.HttpServer2 (HttpServer2.java:addFilter(948)) - Added filter static_user_filter (class=org.apache.hadoop.http.lib.StaticUserWebFilter$StaticUserFilter) to context hddsDatanode
2019-11-14 15:08:02,976 [main] INFO  http.HttpServer2 (HttpServer2.java:addFilter(958)) - Added filter static_user_filter (class=org.apache.hadoop.http.lib.StaticUserWebFilter$StaticUserFilter) to context static
2019-11-14 15:08:02,976 [main] INFO  http.HttpServer2 (HttpServer2.java:addFilter(958)) - Added filter static_user_filter (class=org.apache.hadoop.http.lib.StaticUserWebFilter$StaticUserFilter) to context logs
2019-11-14 15:08:02,977 [main] INFO  http.HttpServer2 (HttpServer2.java:bindListener(1191)) - Jetty bound to port 36542
2019-11-14 15:08:02,977 [main] INFO  server.Server (Server.java:doStart(351)) - jetty-9.3.25.v20180904, build timestamp: 2018-09-04T21:11:46Z, git hash: 3ce520221d0240229c862b122d2b06c12a625732
2019-11-14 15:08:02,979 [main] INFO  handler.ContextHandler (ContextHandler.java:doStart(781)) - Started o.e.j.s.ServletContextHandler@640cc04b{/logs,file:///workdir/hadoop-ozone/integration-test/target/log,AVAILABLE}
2019-11-14 15:08:02,979 [main] INFO  handler.ContextHandler (ContextHandler.java:doStart(781)) - Started o.e.j.s.ServletContextHandler@22d322f5{/static,jar:file:/home/user/.m2/repository/org/apache/hadoop/hadoop-hdds-container-service/0.5.0-SNAPSHOT/hadoop-hdds-container-service-0.5.0-SNAPSHOT.jar!/webapps/static,AVAILABLE}
2019-11-14 15:08:03,008 [main] INFO  handler.ContextHandler (ContextHandler.java:doStart(781)) - Started o.e.j.w.WebAppContext@2e7bf7b7{/,file:///tmp/jetty-0.0.0.0-36542-hddsDatanode-_-any-2490572874406824397.dir/webapp/,AVAILABLE}{/hddsDatanode}
2019-11-14 15:08:03,009 [main] INFO  server.AbstractConnector (AbstractConnector.java:doStart(278)) - Started ServerConnector@2fb25f4c{HTTP/1.1,[http/1.1]}{0.0.0.0:36542}
2019-11-14 15:08:03,010 [main] INFO  server.Server (Server.java:doStart(419)) - Started @58605ms
2019-11-14 15:08:03,010 [main] WARN  impl.MetricsSystemImpl (MetricsSystemImpl.java:register(276)) - Sink prometheus already exists!
2019-11-14 15:08:03,011 [main] INFO  server.BaseHttpServer (BaseHttpServer.java:updateConnectorAddress(215)) - HTTP server of HDDSDATANODE is listening at http://0.0.0.0:36542
2019-11-14 15:08:03,011 [main] INFO  impl.MetricsSystemImpl (MetricsSystemImpl.java:init(158)) - HddsDatanode metrics system started (again)
2019-11-14 15:08:03,014 [main] INFO  ozone.HddsDatanodeService (HddsDatanodeService.java:start(186)) - HddsDatanodeService host:pr-hdds-2480-6qkg9-608321763 ip:192.168.34.62
2019-11-14 15:08:03,014 [org.apache.hadoop.util.JvmPauseMonitor$Monitor@6cbdea54] INFO  util.JvmPauseMonitor (JvmPauseMonitor.java:run(188)) - Starting JVM pause monitor
2019-11-14 15:08:03,019 [Datanode State Machine Thread - 0] INFO  datanode.InitDatanodeState (InitDatanodeState.java:persistContainerDatanodeDetails(140)) - DatanodeDetails is persisted to /workdir/hadoop-ozone/integration-test/target/test-dir/MiniOzoneClusterImpl-6b3e2517-75a7-4dd9-8054-0b12e404e591/datanode-5/meta/datanode.id
2019-11-14 15:08:03,022 [main] INFO  volume.HddsVolume (HddsVolume.java:<init>(176)) - Creating Volume: /workdir/hadoop-ozone/integration-test/target/test-dir/MiniOzoneClusterImpl-6b3e2517-75a7-4dd9-8054-0b12e404e591/datanode-6/data/containers/hdds of  storage type : DISK and capacity : 1482555576320
2019-11-14 15:08:03,023 [main] INFO  volume.VolumeSet (VolumeSet.java:initializeVolumeSet(170)) - Added Volume : /workdir/hadoop-ozone/integration-test/target/test-dir/MiniOzoneClusterImpl-6b3e2517-75a7-4dd9-8054-0b12e404e591/datanode-6/data/containers/hdds to VolumeSet
2019-11-14 15:08:03,023 [main] INFO  volume.ThrottledAsyncChecker (ThrottledAsyncChecker.java:schedule(141)) - Scheduling a check for /workdir/hadoop-ozone/integration-test/target/test-dir/MiniOzoneClusterImpl-6b3e2517-75a7-4dd9-8054-0b12e404e591/datanode-6/data/containers/hdds
2019-11-14 15:08:03,023 [main] INFO  volume.HddsVolumeChecker (HddsVolumeChecker.java:checkAllVolumes(204)) - Scheduled health check for volume /workdir/hadoop-ozone/integration-test/target/test-dir/MiniOzoneClusterImpl-6b3e2517-75a7-4dd9-8054-0b12e404e591/datanode-6/data/containers/hdds
2019-11-14 15:08:03,036 [main] INFO  impl.RaftServerProxy (ConfUtils.java:logGet(43)) - raft.rpc.type = GRPC (default)
2019-11-14 15:08:03,036 [main] INFO  grpc.GrpcFactory (GrpcFactory.java:checkPooledByteBufAllocatorUseCacheForAllThreads(45)) - PERFORMANCE WARNING: useCacheForAllThreads is true that may cause Netty to create a lot garbage objects and, as a result, trigger GC.
	It is recommended to disable useCacheForAllThreads by setting -Dorg.apache.ratis.thirdparty.io.netty.allocator.useCacheForAllThreads=false in command line.
2019-11-14 15:08:03,037 [main] INFO  grpc.GrpcConfigKeys$Server (ConfUtils.java:logGet(43)) - raft.grpc.server.port = 0 (default)
2019-11-14 15:08:03,037 [main] INFO  server.GrpcService (ConfUtils.java:logGet(43)) - raft.grpc.message.size.max = 33570816 (custom)
2019-11-14 15:08:03,037 [main] INFO  server.RaftServerConfigKeys (ConfUtils.java:logGet(43)) - raft.server.log.appender.buffer.byte-limit = 33554432 (custom)
2019-11-14 15:08:03,037 [main] INFO  server.GrpcService (ConfUtils.java:logGet(43)) - raft.grpc.flow.control.window = 1MB (=1048576) (default)
2019-11-14 15:08:03,037 [main] INFO  server.RaftServerConfigKeys (ConfUtils.java:logGet(43)) - raft.server.rpc.request.timeout = 3000ms (default)
2019-11-14 15:08:03,038 [main] INFO  server.RaftServerConfigKeys (ConfUtils.java:logGet(43)) - raft.server.storage.dir = [/workdir/hadoop-ozone/integration-test/target/test-dir/MiniOzoneClusterImpl-6b3e2517-75a7-4dd9-8054-0b12e404e591/datanode-6/data/ratis] (custom)
2019-11-14 15:08:03,040 [main] INFO  hdfs.DFSUtil (DFSUtil.java:httpServerTemplateForNNAndJN(1641)) - Starting Web-server for hddsDatanode at: http://0.0.0.0:0
2019-11-14 15:08:03,045 [main] INFO  server.AuthenticationFilter (AuthenticationFilter.java:constructSecretProvider(240)) - Unable to initialize FileSignerSecretProvider, falling back to use random secrets.
2019-11-14 15:08:03,045 [main] WARN  http.HttpRequestLog (HttpRequestLog.java:getRequestLog(97)) - Jetty request log can only be enabled using Log4j
2019-11-14 15:08:03,047 [main] INFO  http.HttpServer2 (HttpServer2.java:addGlobalFilter(975)) - Added global filter 'safety' (class=org.apache.hadoop.http.HttpServer2$QuotingInputFilter)
2019-11-14 15:08:03,047 [main] INFO  http.HttpServer2 (HttpServer2.java:addFilter(948)) - Added filter static_user_filter (class=org.apache.hadoop.http.lib.StaticUserWebFilter$StaticUserFilter) to context hddsDatanode
2019-11-14 15:08:03,047 [main] INFO  http.HttpServer2 (HttpServer2.java:addFilter(958)) - Added filter static_user_filter (class=org.apache.hadoop.http.lib.StaticUserWebFilter$StaticUserFilter) to context logs
2019-11-14 15:08:03,048 [main] INFO  http.HttpServer2 (HttpServer2.java:addFilter(958)) - Added filter static_user_filter (class=org.apache.hadoop.http.lib.StaticUserWebFilter$StaticUserFilter) to context static
2019-11-14 15:08:03,048 [main] INFO  http.HttpServer2 (HttpServer2.java:bindListener(1191)) - Jetty bound to port 38363
2019-11-14 15:08:03,048 [main] INFO  server.Server (Server.java:doStart(351)) - jetty-9.3.25.v20180904, build timestamp: 2018-09-04T21:11:46Z, git hash: 3ce520221d0240229c862b122d2b06c12a625732
2019-11-14 15:08:03,050 [main] INFO  handler.ContextHandler (ContextHandler.java:doStart(781)) - Started o.e.j.s.ServletContextHandler@388623ad{/logs,file:///workdir/hadoop-ozone/integration-test/target/log,AVAILABLE}
2019-11-14 15:08:03,051 [main] INFO  handler.ContextHandler (ContextHandler.java:doStart(781)) - Started o.e.j.s.ServletContextHandler@46e3559f{/static,jar:file:/home/user/.m2/repository/org/apache/hadoop/hadoop-hdds-container-service/0.5.0-SNAPSHOT/hadoop-hdds-container-service-0.5.0-SNAPSHOT.jar!/webapps/static,AVAILABLE}
2019-11-14 15:08:03,079 [main] INFO  handler.ContextHandler (ContextHandler.java:doStart(781)) - Started o.e.j.w.WebAppContext@1290ed28{/,file:///tmp/jetty-0.0.0.0-38363-hddsDatanode-_-any-7496431072640497905.dir/webapp/,AVAILABLE}{/hddsDatanode}
2019-11-14 15:08:03,080 [main] INFO  server.AbstractConnector (AbstractConnector.java:doStart(278)) - Started ServerConnector@7a3269f5{HTTP/1.1,[http/1.1]}{0.0.0.0:38363}
2019-11-14 15:08:03,082 [main] INFO  server.Server (Server.java:doStart(419)) - Started @58678ms
2019-11-14 15:08:03,083 [main] WARN  impl.MetricsSystemImpl (MetricsSystemImpl.java:register(276)) - Sink prometheus already exists!
2019-11-14 15:08:03,084 [main] INFO  server.BaseHttpServer (BaseHttpServer.java:updateConnectorAddress(215)) - HTTP server of HDDSDATANODE is listening at http://0.0.0.0:38363
2019-11-14 15:08:03,084 [main] INFO  impl.MetricsSystemImpl (MetricsSystemImpl.java:init(158)) - HddsDatanode metrics system started (again)
2019-11-14 15:08:03,087 [org.apache.hadoop.util.JvmPauseMonitor$Monitor@736f48f4] INFO  util.JvmPauseMonitor (JvmPauseMonitor.java:run(188)) - Starting JVM pause monitor
2019-11-14 15:08:03,087 [main] INFO  ozone.HddsDatanodeService (HddsDatanodeService.java:start(186)) - HddsDatanodeService host:pr-hdds-2480-6qkg9-608321763 ip:192.168.34.62
2019-11-14 15:08:03,089 [Datanode State Machine Thread - 0] INFO  datanode.InitDatanodeState (InitDatanodeState.java:persistContainerDatanodeDetails(140)) - DatanodeDetails is persisted to /workdir/hadoop-ozone/integration-test/target/test-dir/MiniOzoneClusterImpl-6b3e2517-75a7-4dd9-8054-0b12e404e591/datanode-6/meta/datanode.id
2019-11-14 15:08:03,093 [main] INFO  volume.HddsVolume (HddsVolume.java:<init>(176)) - Creating Volume: /workdir/hadoop-ozone/integration-test/target/test-dir/MiniOzoneClusterImpl-6b3e2517-75a7-4dd9-8054-0b12e404e591/datanode-7/data/containers/hdds of  storage type : DISK and capacity : 1482555576320
2019-11-14 15:08:03,093 [main] INFO  volume.VolumeSet (VolumeSet.java:initializeVolumeSet(170)) - Added Volume : /workdir/hadoop-ozone/integration-test/target/test-dir/MiniOzoneClusterImpl-6b3e2517-75a7-4dd9-8054-0b12e404e591/datanode-7/data/containers/hdds to VolumeSet
2019-11-14 15:08:03,093 [main] INFO  volume.ThrottledAsyncChecker (ThrottledAsyncChecker.java:schedule(141)) - Scheduling a check for /workdir/hadoop-ozone/integration-test/target/test-dir/MiniOzoneClusterImpl-6b3e2517-75a7-4dd9-8054-0b12e404e591/datanode-7/data/containers/hdds
2019-11-14 15:08:03,094 [main] INFO  volume.HddsVolumeChecker (HddsVolumeChecker.java:checkAllVolumes(204)) - Scheduled health check for volume /workdir/hadoop-ozone/integration-test/target/test-dir/MiniOzoneClusterImpl-6b3e2517-75a7-4dd9-8054-0b12e404e591/datanode-7/data/containers/hdds
2019-11-14 15:08:03,105 [main] INFO  impl.RaftServerProxy (ConfUtils.java:logGet(43)) - raft.rpc.type = GRPC (default)
2019-11-14 15:08:03,106 [main] INFO  grpc.GrpcFactory (GrpcFactory.java:checkPooledByteBufAllocatorUseCacheForAllThreads(45)) - PERFORMANCE WARNING: useCacheForAllThreads is true that may cause Netty to create a lot garbage objects and, as a result, trigger GC.
	It is recommended to disable useCacheForAllThreads by setting -Dorg.apache.ratis.thirdparty.io.netty.allocator.useCacheForAllThreads=false in command line.
2019-11-14 15:08:03,106 [main] INFO  grpc.GrpcConfigKeys$Server (ConfUtils.java:logGet(43)) - raft.grpc.server.port = 0 (default)
2019-11-14 15:08:03,106 [main] INFO  server.GrpcService (ConfUtils.java:logGet(43)) - raft.grpc.message.size.max = 33570816 (custom)
2019-11-14 15:08:03,106 [main] INFO  server.RaftServerConfigKeys (ConfUtils.java:logGet(43)) - raft.server.log.appender.buffer.byte-limit = 33554432 (custom)
2019-11-14 15:08:03,106 [main] INFO  server.GrpcService (ConfUtils.java:logGet(43)) - raft.grpc.flow.control.window = 1MB (=1048576) (default)
2019-11-14 15:08:03,106 [main] INFO  server.RaftServerConfigKeys (ConfUtils.java:logGet(43)) - raft.server.rpc.request.timeout = 3000ms (default)
2019-11-14 15:08:03,107 [main] INFO  server.RaftServerConfigKeys (ConfUtils.java:logGet(43)) - raft.server.storage.dir = [/workdir/hadoop-ozone/integration-test/target/test-dir/MiniOzoneClusterImpl-6b3e2517-75a7-4dd9-8054-0b12e404e591/datanode-7/data/ratis] (custom)
2019-11-14 15:08:03,108 [main] INFO  hdfs.DFSUtil (DFSUtil.java:httpServerTemplateForNNAndJN(1641)) - Starting Web-server for hddsDatanode at: http://0.0.0.0:0
2019-11-14 15:08:03,109 [main] INFO  server.AuthenticationFilter (AuthenticationFilter.java:constructSecretProvider(240)) - Unable to initialize FileSignerSecretProvider, falling back to use random secrets.
2019-11-14 15:08:03,110 [main] WARN  http.HttpRequestLog (HttpRequestLog.java:getRequestLog(97)) - Jetty request log can only be enabled using Log4j
2019-11-14 15:08:03,111 [main] INFO  http.HttpServer2 (HttpServer2.java:addGlobalFilter(975)) - Added global filter 'safety' (class=org.apache.hadoop.http.HttpServer2$QuotingInputFilter)
2019-11-14 15:08:03,112 [main] INFO  http.HttpServer2 (HttpServer2.java:addFilter(948)) - Added filter static_user_filter (class=org.apache.hadoop.http.lib.StaticUserWebFilter$StaticUserFilter) to context hddsDatanode
2019-11-14 15:08:03,112 [main] INFO  http.HttpServer2 (HttpServer2.java:addFilter(958)) - Added filter static_user_filter (class=org.apache.hadoop.http.lib.StaticUserWebFilter$StaticUserFilter) to context static
2019-11-14 15:08:03,112 [main] INFO  http.HttpServer2 (HttpServer2.java:addFilter(958)) - Added filter static_user_filter (class=org.apache.hadoop.http.lib.StaticUserWebFilter$StaticUserFilter) to context logs
2019-11-14 15:08:03,113 [main] INFO  http.HttpServer2 (HttpServer2.java:bindListener(1191)) - Jetty bound to port 41576
2019-11-14 15:08:03,113 [main] INFO  server.Server (Server.java:doStart(351)) - jetty-9.3.25.v20180904, build timestamp: 2018-09-04T21:11:46Z, git hash: 3ce520221d0240229c862b122d2b06c12a625732
2019-11-14 15:08:03,114 [main] INFO  handler.ContextHandler (ContextHandler.java:doStart(781)) - Started o.e.j.s.ServletContextHandler@44114b9f{/logs,file:///workdir/hadoop-ozone/integration-test/target/log,AVAILABLE}
2019-11-14 15:08:03,115 [main] INFO  handler.ContextHandler (ContextHandler.java:doStart(781)) - Started o.e.j.s.ServletContextHandler@2a235b8e{/static,jar:file:/home/user/.m2/repository/org/apache/hadoop/hadoop-hdds-container-service/0.5.0-SNAPSHOT/hadoop-hdds-container-service-0.5.0-SNAPSHOT.jar!/webapps/static,AVAILABLE}
2019-11-14 15:08:03,143 [main] INFO  handler.ContextHandler (ContextHandler.java:doStart(781)) - Started o.e.j.w.WebAppContext@d499c13{/,file:///tmp/jetty-0.0.0.0-41576-hddsDatanode-_-any-4964845783687537328.dir/webapp/,AVAILABLE}{/hddsDatanode}
2019-11-14 15:08:03,144 [main] INFO  server.AbstractConnector (AbstractConnector.java:doStart(278)) - Started ServerConnector@2ceca2ef{HTTP/1.1,[http/1.1]}{0.0.0.0:41576}
2019-11-14 15:08:03,145 [main] INFO  server.Server (Server.java:doStart(419)) - Started @58740ms
2019-11-14 15:08:03,145 [main] WARN  impl.MetricsSystemImpl (MetricsSystemImpl.java:register(276)) - Sink prometheus already exists!
2019-11-14 15:08:03,146 [main] INFO  server.BaseHttpServer (BaseHttpServer.java:updateConnectorAddress(215)) - HTTP server of HDDSDATANODE is listening at http://0.0.0.0:41576
2019-11-14 15:08:03,146 [main] INFO  impl.MetricsSystemImpl (MetricsSystemImpl.java:init(158)) - HddsDatanode metrics system started (again)
2019-11-14 15:08:03,150 [main] INFO  ozone.HddsDatanodeService (HddsDatanodeService.java:start(186)) - HddsDatanodeService host:pr-hdds-2480-6qkg9-608321763 ip:192.168.34.62
2019-11-14 15:08:03,150 [org.apache.hadoop.util.JvmPauseMonitor$Monitor@456ed6bc] INFO  util.JvmPauseMonitor (JvmPauseMonitor.java:run(188)) - Starting JVM pause monitor
2019-11-14 15:08:03,152 [Datanode State Machine Thread - 0] INFO  datanode.InitDatanodeState (InitDatanodeState.java:persistContainerDatanodeDetails(140)) - DatanodeDetails is persisted to /workdir/hadoop-ozone/integration-test/target/test-dir/MiniOzoneClusterImpl-6b3e2517-75a7-4dd9-8054-0b12e404e591/datanode-7/meta/datanode.id
2019-11-14 15:08:03,160 [main] INFO  volume.HddsVolume (HddsVolume.java:<init>(176)) - Creating Volume: /workdir/hadoop-ozone/integration-test/target/test-dir/MiniOzoneClusterImpl-6b3e2517-75a7-4dd9-8054-0b12e404e591/datanode-8/data/containers/hdds of  storage type : DISK and capacity : 1482555576320
2019-11-14 15:08:03,161 [main] INFO  volume.VolumeSet (VolumeSet.java:initializeVolumeSet(170)) - Added Volume : /workdir/hadoop-ozone/integration-test/target/test-dir/MiniOzoneClusterImpl-6b3e2517-75a7-4dd9-8054-0b12e404e591/datanode-8/data/containers/hdds to VolumeSet
2019-11-14 15:08:03,161 [main] INFO  volume.ThrottledAsyncChecker (ThrottledAsyncChecker.java:schedule(141)) - Scheduling a check for /workdir/hadoop-ozone/integration-test/target/test-dir/MiniOzoneClusterImpl-6b3e2517-75a7-4dd9-8054-0b12e404e591/datanode-8/data/containers/hdds
2019-11-14 15:08:03,161 [main] INFO  volume.HddsVolumeChecker (HddsVolumeChecker.java:checkAllVolumes(204)) - Scheduled health check for volume /workdir/hadoop-ozone/integration-test/target/test-dir/MiniOzoneClusterImpl-6b3e2517-75a7-4dd9-8054-0b12e404e591/datanode-8/data/containers/hdds
2019-11-14 15:08:03,173 [main] INFO  impl.RaftServerProxy (ConfUtils.java:logGet(43)) - raft.rpc.type = GRPC (default)
2019-11-14 15:08:03,173 [main] INFO  grpc.GrpcFactory (GrpcFactory.java:checkPooledByteBufAllocatorUseCacheForAllThreads(45)) - PERFORMANCE WARNING: useCacheForAllThreads is true that may cause Netty to create a lot garbage objects and, as a result, trigger GC.
	It is recommended to disable useCacheForAllThreads by setting -Dorg.apache.ratis.thirdparty.io.netty.allocator.useCacheForAllThreads=false in command line.
2019-11-14 15:08:03,173 [main] INFO  grpc.GrpcConfigKeys$Server (ConfUtils.java:logGet(43)) - raft.grpc.server.port = 0 (default)
2019-11-14 15:08:03,173 [main] INFO  server.GrpcService (ConfUtils.java:logGet(43)) - raft.grpc.message.size.max = 33570816 (custom)
2019-11-14 15:08:03,173 [main] INFO  server.RaftServerConfigKeys (ConfUtils.java:logGet(43)) - raft.server.log.appender.buffer.byte-limit = 33554432 (custom)
2019-11-14 15:08:03,174 [main] INFO  server.GrpcService (ConfUtils.java:logGet(43)) - raft.grpc.flow.control.window = 1MB (=1048576) (default)
2019-11-14 15:08:03,174 [main] INFO  server.RaftServerConfigKeys (ConfUtils.java:logGet(43)) - raft.server.rpc.request.timeout = 3000ms (default)
2019-11-14 15:08:03,174 [main] INFO  server.RaftServerConfigKeys (ConfUtils.java:logGet(43)) - raft.server.storage.dir = [/workdir/hadoop-ozone/integration-test/target/test-dir/MiniOzoneClusterImpl-6b3e2517-75a7-4dd9-8054-0b12e404e591/datanode-8/data/ratis] (custom)
2019-11-14 15:08:03,176 [main] INFO  hdfs.DFSUtil (DFSUtil.java:httpServerTemplateForNNAndJN(1641)) - Starting Web-server for hddsDatanode at: http://0.0.0.0:0
2019-11-14 15:08:03,177 [main] INFO  server.AuthenticationFilter (AuthenticationFilter.java:constructSecretProvider(240)) - Unable to initialize FileSignerSecretProvider, falling back to use random secrets.
2019-11-14 15:08:03,177 [main] WARN  http.HttpRequestLog (HttpRequestLog.java:getRequestLog(97)) - Jetty request log can only be enabled using Log4j
2019-11-14 15:08:03,178 [main] INFO  http.HttpServer2 (HttpServer2.java:addGlobalFilter(975)) - Added global filter 'safety' (class=org.apache.hadoop.http.HttpServer2$QuotingInputFilter)
2019-11-14 15:08:03,179 [main] INFO  http.HttpServer2 (HttpServer2.java:addFilter(948)) - Added filter static_user_filter (class=org.apache.hadoop.http.lib.StaticUserWebFilter$StaticUserFilter) to context hddsDatanode
2019-11-14 15:08:03,179 [main] INFO  http.HttpServer2 (HttpServer2.java:addFilter(958)) - Added filter static_user_filter (class=org.apache.hadoop.http.lib.StaticUserWebFilter$StaticUserFilter) to context logs
2019-11-14 15:08:03,179 [main] INFO  http.HttpServer2 (HttpServer2.java:addFilter(958)) - Added filter static_user_filter (class=org.apache.hadoop.http.lib.StaticUserWebFilter$StaticUserFilter) to context static
2019-11-14 15:08:03,180 [main] INFO  http.HttpServer2 (HttpServer2.java:bindListener(1191)) - Jetty bound to port 38272
2019-11-14 15:08:03,180 [main] INFO  server.Server (Server.java:doStart(351)) - jetty-9.3.25.v20180904, build timestamp: 2018-09-04T21:11:46Z, git hash: 3ce520221d0240229c862b122d2b06c12a625732
2019-11-14 15:08:03,182 [main] INFO  handler.ContextHandler (ContextHandler.java:doStart(781)) - Started o.e.j.s.ServletContextHandler@76cf841{/logs,file:///workdir/hadoop-ozone/integration-test/target/log,AVAILABLE}
2019-11-14 15:08:03,182 [main] INFO  handler.ContextHandler (ContextHandler.java:doStart(781)) - Started o.e.j.s.ServletContextHandler@20999517{/static,jar:file:/home/user/.m2/repository/org/apache/hadoop/hadoop-hdds-container-service/0.5.0-SNAPSHOT/hadoop-hdds-container-service-0.5.0-SNAPSHOT.jar!/webapps/static,AVAILABLE}
2019-11-14 15:08:03,211 [main] INFO  handler.ContextHandler (ContextHandler.java:doStart(781)) - Started o.e.j.w.WebAppContext@9b5f3c7{/,file:///tmp/jetty-0.0.0.0-38272-hddsDatanode-_-any-1232319151893137072.dir/webapp/,AVAILABLE}{/hddsDatanode}
2019-11-14 15:08:03,212 [main] INFO  server.AbstractConnector (AbstractConnector.java:doStart(278)) - Started ServerConnector@74024f3{HTTP/1.1,[http/1.1]}{0.0.0.0:38272}
2019-11-14 15:08:03,213 [main] INFO  server.Server (Server.java:doStart(419)) - Started @58808ms
2019-11-14 15:08:03,213 [main] WARN  impl.MetricsSystemImpl (MetricsSystemImpl.java:register(276)) - Sink prometheus already exists!
2019-11-14 15:08:03,214 [main] INFO  server.BaseHttpServer (BaseHttpServer.java:updateConnectorAddress(215)) - HTTP server of HDDSDATANODE is listening at http://0.0.0.0:38272
2019-11-14 15:08:03,214 [main] INFO  impl.MetricsSystemImpl (MetricsSystemImpl.java:init(158)) - HddsDatanode metrics system started (again)
2019-11-14 15:08:03,218 [org.apache.hadoop.util.JvmPauseMonitor$Monitor@706c2654] INFO  util.JvmPauseMonitor (JvmPauseMonitor.java:run(188)) - Starting JVM pause monitor
2019-11-14 15:08:03,218 [main] INFO  ozone.HddsDatanodeService (HddsDatanodeService.java:start(186)) - HddsDatanodeService host:pr-hdds-2480-6qkg9-608321763 ip:192.168.34.62
2019-11-14 15:08:03,219 [Datanode State Machine Thread - 0] INFO  datanode.InitDatanodeState (InitDatanodeState.java:persistContainerDatanodeDetails(140)) - DatanodeDetails is persisted to /workdir/hadoop-ozone/integration-test/target/test-dir/MiniOzoneClusterImpl-6b3e2517-75a7-4dd9-8054-0b12e404e591/datanode-8/meta/datanode.id
2019-11-14 15:08:03,224 [main] INFO  volume.HddsVolume (HddsVolume.java:<init>(176)) - Creating Volume: /workdir/hadoop-ozone/integration-test/target/test-dir/MiniOzoneClusterImpl-6b3e2517-75a7-4dd9-8054-0b12e404e591/datanode-9/data/containers/hdds of  storage type : DISK and capacity : 1482555576320
2019-11-14 15:08:03,225 [main] INFO  volume.VolumeSet (VolumeSet.java:initializeVolumeSet(170)) - Added Volume : /workdir/hadoop-ozone/integration-test/target/test-dir/MiniOzoneClusterImpl-6b3e2517-75a7-4dd9-8054-0b12e404e591/datanode-9/data/containers/hdds to VolumeSet
2019-11-14 15:08:03,225 [main] INFO  volume.ThrottledAsyncChecker (ThrottledAsyncChecker.java:schedule(141)) - Scheduling a check for /workdir/hadoop-ozone/integration-test/target/test-dir/MiniOzoneClusterImpl-6b3e2517-75a7-4dd9-8054-0b12e404e591/datanode-9/data/containers/hdds
2019-11-14 15:08:03,225 [main] INFO  volume.HddsVolumeChecker (HddsVolumeChecker.java:checkAllVolumes(204)) - Scheduled health check for volume /workdir/hadoop-ozone/integration-test/target/test-dir/MiniOzoneClusterImpl-6b3e2517-75a7-4dd9-8054-0b12e404e591/datanode-9/data/containers/hdds
2019-11-14 15:08:03,236 [main] INFO  impl.RaftServerProxy (ConfUtils.java:logGet(43)) - raft.rpc.type = GRPC (default)
2019-11-14 15:08:03,236 [main] INFO  grpc.GrpcFactory (GrpcFactory.java:checkPooledByteBufAllocatorUseCacheForAllThreads(45)) - PERFORMANCE WARNING: useCacheForAllThreads is true that may cause Netty to create a lot garbage objects and, as a result, trigger GC.
	It is recommended to disable useCacheForAllThreads by setting -Dorg.apache.ratis.thirdparty.io.netty.allocator.useCacheForAllThreads=false in command line.
2019-11-14 15:08:03,237 [main] INFO  grpc.GrpcConfigKeys$Server (ConfUtils.java:logGet(43)) - raft.grpc.server.port = 0 (default)
2019-11-14 15:08:03,237 [main] INFO  server.GrpcService (ConfUtils.java:logGet(43)) - raft.grpc.message.size.max = 33570816 (custom)
2019-11-14 15:08:03,237 [main] INFO  server.RaftServerConfigKeys (ConfUtils.java:logGet(43)) - raft.server.log.appender.buffer.byte-limit = 33554432 (custom)
2019-11-14 15:08:03,237 [main] INFO  server.GrpcService (ConfUtils.java:logGet(43)) - raft.grpc.flow.control.window = 1MB (=1048576) (default)
2019-11-14 15:08:03,237 [main] INFO  server.RaftServerConfigKeys (ConfUtils.java:logGet(43)) - raft.server.rpc.request.timeout = 3000ms (default)
2019-11-14 15:08:03,238 [main] INFO  server.RaftServerConfigKeys (ConfUtils.java:logGet(43)) - raft.server.storage.dir = [/workdir/hadoop-ozone/integration-test/target/test-dir/MiniOzoneClusterImpl-6b3e2517-75a7-4dd9-8054-0b12e404e591/datanode-9/data/ratis] (custom)
2019-11-14 15:08:03,239 [main] INFO  hdfs.DFSUtil (DFSUtil.java:httpServerTemplateForNNAndJN(1641)) - Starting Web-server for hddsDatanode at: http://0.0.0.0:0
2019-11-14 15:08:03,240 [main] INFO  server.AuthenticationFilter (AuthenticationFilter.java:constructSecretProvider(240)) - Unable to initialize FileSignerSecretProvider, falling back to use random secrets.
2019-11-14 15:08:03,241 [main] WARN  http.HttpRequestLog (HttpRequestLog.java:getRequestLog(97)) - Jetty request log can only be enabled using Log4j
2019-11-14 15:08:03,242 [main] INFO  http.HttpServer2 (HttpServer2.java:addGlobalFilter(975)) - Added global filter 'safety' (class=org.apache.hadoop.http.HttpServer2$QuotingInputFilter)
2019-11-14 15:08:03,242 [main] INFO  http.HttpServer2 (HttpServer2.java:addFilter(948)) - Added filter static_user_filter (class=org.apache.hadoop.http.lib.StaticUserWebFilter$StaticUserFilter) to context hddsDatanode
2019-11-14 15:08:03,242 [main] INFO  http.HttpServer2 (HttpServer2.java:addFilter(958)) - Added filter static_user_filter (class=org.apache.hadoop.http.lib.StaticUserWebFilter$StaticUserFilter) to context static
2019-11-14 15:08:03,242 [main] INFO  http.HttpServer2 (HttpServer2.java:addFilter(958)) - Added filter static_user_filter (class=org.apache.hadoop.http.lib.StaticUserWebFilter$StaticUserFilter) to context logs
2019-11-14 15:08:03,243 [main] INFO  http.HttpServer2 (HttpServer2.java:bindListener(1191)) - Jetty bound to port 43453
2019-11-14 15:08:03,243 [main] INFO  server.Server (Server.java:doStart(351)) - jetty-9.3.25.v20180904, build timestamp: 2018-09-04T21:11:46Z, git hash: 3ce520221d0240229c862b122d2b06c12a625732
2019-11-14 15:08:03,245 [main] INFO  handler.ContextHandler (ContextHandler.java:doStart(781)) - Started o.e.j.s.ServletContextHandler@ab24484{/logs,file:///workdir/hadoop-ozone/integration-test/target/log,AVAILABLE}
2019-11-14 15:08:03,245 [main] INFO  handler.ContextHandler (ContextHandler.java:doStart(781)) - Started o.e.j.s.ServletContextHandler@106b014e{/static,jar:file:/home/user/.m2/repository/org/apache/hadoop/hadoop-hdds-container-service/0.5.0-SNAPSHOT/hadoop-hdds-container-service-0.5.0-SNAPSHOT.jar!/webapps/static,AVAILABLE}
2019-11-14 15:08:03,274 [main] INFO  handler.ContextHandler (ContextHandler.java:doStart(781)) - Started o.e.j.w.WebAppContext@34be065a{/,file:///tmp/jetty-0.0.0.0-43453-hddsDatanode-_-any-6398340556854859003.dir/webapp/,AVAILABLE}{/hddsDatanode}
2019-11-14 15:08:03,275 [main] INFO  server.AbstractConnector (AbstractConnector.java:doStart(278)) - Started ServerConnector@718f805a{HTTP/1.1,[http/1.1]}{0.0.0.0:43453}
2019-11-14 15:08:03,276 [main] INFO  server.Server (Server.java:doStart(419)) - Started @58871ms
2019-11-14 15:08:03,276 [main] WARN  impl.MetricsSystemImpl (MetricsSystemImpl.java:register(276)) - Sink prometheus already exists!
2019-11-14 15:08:03,277 [main] INFO  server.BaseHttpServer (BaseHttpServer.java:updateConnectorAddress(215)) - HTTP server of HDDSDATANODE is listening at http://0.0.0.0:43453
2019-11-14 15:08:03,277 [main] INFO  ozone.MiniOzoneClusterImpl (MiniOzoneClusterImpl.java:lambda$waitForClusterToBeReady$2(171)) - Waiting for cluster to be ready. Got 0 of 10 DN Heartbeats.
2019-11-14 15:08:03,278 [org.apache.hadoop.util.JvmPauseMonitor$Monitor@f9096d6] INFO  util.JvmPauseMonitor (JvmPauseMonitor.java:run(188)) - Starting JVM pause monitor
2019-11-14 15:08:03,280 [Datanode State Machine Thread - 0] INFO  datanode.InitDatanodeState (InitDatanodeState.java:persistContainerDatanodeDetails(140)) - DatanodeDetails is persisted to /workdir/hadoop-ozone/integration-test/target/test-dir/MiniOzoneClusterImpl-6b3e2517-75a7-4dd9-8054-0b12e404e591/datanode-9/meta/datanode.id
2019-11-14 15:08:04,277 [main] INFO  ozone.MiniOzoneClusterImpl (MiniOzoneClusterImpl.java:lambda$waitForClusterToBeReady$2(171)) - Waiting for cluster to be ready. Got 0 of 10 DN Heartbeats.
2019-11-14 15:08:04,675 [Datanode State Machine Thread - 0] INFO  ozoneimpl.OzoneContainer (OzoneContainer.java:start(230)) - Attempting to start container services.
2019-11-14 15:08:04,675 [Datanode State Machine Thread - 0] INFO  ozoneimpl.OzoneContainer (OzoneContainer.java:startContainerScrub(194)) - Background container scanner has been disabled.
2019-11-14 15:08:04,675 [Datanode State Machine Thread - 0] INFO  ratis.XceiverServerRatis (XceiverServerRatis.java:start(421)) - Starting XceiverServerRatis 09f4ece9-71c1-4a5b-9b91-b2a8aadac043 at port 0
2019-11-14 15:08:04,684 [Datanode State Machine Thread - 0] INFO  impl.RaftServerProxy (RaftServerProxy.java:lambda$start$3(299)) - 09f4ece9-71c1-4a5b-9b91-b2a8aadac043: start RPC server
2019-11-14 15:08:04,687 [Datanode State Machine Thread - 0] INFO  server.GrpcService (GrpcService.java:startImpl(158)) - 09f4ece9-71c1-4a5b-9b91-b2a8aadac043: GrpcService started, listening on 0.0.0.0/0.0.0.0:45559
2019-11-14 15:08:04,688 [Datanode State Machine Thread - 0] INFO  ratis.XceiverServerRatis (XceiverServerRatis.java:start(431)) - XceiverServerRatis 09f4ece9-71c1-4a5b-9b91-b2a8aadac043 is started using port 45559
2019-11-14 15:08:04,688 [Datanode State Machine Thread - 0] INFO  server.XceiverServerGrpc (XceiverServerGrpc.java:start(145)) - XceiverServerGrpc 09f4ece9-71c1-4a5b-9b91-b2a8aadac043 is started using port 43970
2019-11-14 15:08:04,745 [Datanode State Machine Thread - 0] INFO  ozoneimpl.OzoneContainer (OzoneContainer.java:start(230)) - Attempting to start container services.
2019-11-14 15:08:04,746 [Datanode State Machine Thread - 0] INFO  ozoneimpl.OzoneContainer (OzoneContainer.java:startContainerScrub(194)) - Background container scanner has been disabled.
2019-11-14 15:08:04,746 [Datanode State Machine Thread - 0] INFO  ratis.XceiverServerRatis (XceiverServerRatis.java:start(421)) - Starting XceiverServerRatis dd0e1198-6ba1-4c32-9ce2-054c25212f92 at port 0
2019-11-14 15:08:04,753 [Datanode State Machine Thread - 0] INFO  impl.RaftServerProxy (RaftServerProxy.java:lambda$start$3(299)) - dd0e1198-6ba1-4c32-9ce2-054c25212f92: start RPC server
2019-11-14 15:08:04,755 [Datanode State Machine Thread - 0] INFO  server.GrpcService (GrpcService.java:startImpl(158)) - dd0e1198-6ba1-4c32-9ce2-054c25212f92: GrpcService started, listening on 0.0.0.0/0.0.0.0:42382
2019-11-14 15:08:04,755 [Datanode State Machine Thread - 0] INFO  ratis.XceiverServerRatis (XceiverServerRatis.java:start(431)) - XceiverServerRatis dd0e1198-6ba1-4c32-9ce2-054c25212f92 is started using port 42382
2019-11-14 15:08:04,755 [Datanode State Machine Thread - 0] INFO  server.XceiverServerGrpc (XceiverServerGrpc.java:start(145)) - XceiverServerGrpc dd0e1198-6ba1-4c32-9ce2-054c25212f92 is started using port 40751
2019-11-14 15:08:04,835 [Datanode State Machine Thread - 0] INFO  ozoneimpl.OzoneContainer (OzoneContainer.java:start(230)) - Attempting to start container services.
2019-11-14 15:08:04,835 [Datanode State Machine Thread - 0] INFO  ozoneimpl.OzoneContainer (OzoneContainer.java:startContainerScrub(194)) - Background container scanner has been disabled.
2019-11-14 15:08:04,835 [Datanode State Machine Thread - 0] INFO  ratis.XceiverServerRatis (XceiverServerRatis.java:start(421)) - Starting XceiverServerRatis 86084ec4-dae7-4808-81c8-289a21d6f4dc at port 0
2019-11-14 15:08:04,842 [Datanode State Machine Thread - 0] INFO  impl.RaftServerProxy (RaftServerProxy.java:lambda$start$3(299)) - 86084ec4-dae7-4808-81c8-289a21d6f4dc: start RPC server
2019-11-14 15:08:04,843 [Datanode State Machine Thread - 0] INFO  server.GrpcService (GrpcService.java:startImpl(158)) - 86084ec4-dae7-4808-81c8-289a21d6f4dc: GrpcService started, listening on 0.0.0.0/0.0.0.0:33180
2019-11-14 15:08:04,843 [Datanode State Machine Thread - 0] INFO  ratis.XceiverServerRatis (XceiverServerRatis.java:start(431)) - XceiverServerRatis 86084ec4-dae7-4808-81c8-289a21d6f4dc is started using port 33180
2019-11-14 15:08:04,844 [Datanode State Machine Thread - 0] INFO  server.XceiverServerGrpc (XceiverServerGrpc.java:start(145)) - XceiverServerGrpc 86084ec4-dae7-4808-81c8-289a21d6f4dc is started using port 37763
2019-11-14 15:08:04,896 [Datanode State Machine Thread - 0] INFO  ozoneimpl.OzoneContainer (OzoneContainer.java:start(230)) - Attempting to start container services.
2019-11-14 15:08:04,897 [Datanode State Machine Thread - 0] INFO  ozoneimpl.OzoneContainer (OzoneContainer.java:startContainerScrub(194)) - Background container scanner has been disabled.
2019-11-14 15:08:04,897 [Datanode State Machine Thread - 0] INFO  ratis.XceiverServerRatis (XceiverServerRatis.java:start(421)) - Starting XceiverServerRatis 59f802cb-c907-44a0-9069-e10bb38eff5d at port 0
2019-11-14 15:08:04,905 [Datanode State Machine Thread - 0] INFO  impl.RaftServerProxy (RaftServerProxy.java:lambda$start$3(299)) - 59f802cb-c907-44a0-9069-e10bb38eff5d: start RPC server
2019-11-14 15:08:04,906 [Datanode State Machine Thread - 0] INFO  server.GrpcService (GrpcService.java:startImpl(158)) - 59f802cb-c907-44a0-9069-e10bb38eff5d: GrpcService started, listening on 0.0.0.0/0.0.0.0:41183
2019-11-14 15:08:04,906 [Datanode State Machine Thread - 0] INFO  ratis.XceiverServerRatis (XceiverServerRatis.java:start(431)) - XceiverServerRatis 59f802cb-c907-44a0-9069-e10bb38eff5d is started using port 41183
2019-11-14 15:08:04,908 [Datanode State Machine Thread - 0] INFO  server.XceiverServerGrpc (XceiverServerGrpc.java:start(145)) - XceiverServerGrpc 59f802cb-c907-44a0-9069-e10bb38eff5d is started using port 38202
2019-11-14 15:08:04,962 [Datanode State Machine Thread - 0] INFO  ozoneimpl.OzoneContainer (OzoneContainer.java:start(230)) - Attempting to start container services.
2019-11-14 15:08:04,963 [Datanode State Machine Thread - 0] INFO  ozoneimpl.OzoneContainer (OzoneContainer.java:startContainerScrub(194)) - Background container scanner has been disabled.
2019-11-14 15:08:04,963 [Datanode State Machine Thread - 0] INFO  ratis.XceiverServerRatis (XceiverServerRatis.java:start(421)) - Starting XceiverServerRatis 25c17e6e-60f2-43b7-8570-af6cc9981309 at port 0
2019-11-14 15:08:04,971 [Datanode State Machine Thread - 0] INFO  impl.RaftServerProxy (RaftServerProxy.java:lambda$start$3(299)) - 25c17e6e-60f2-43b7-8570-af6cc9981309: start RPC server
2019-11-14 15:08:04,971 [Datanode State Machine Thread - 0] INFO  server.GrpcService (GrpcService.java:startImpl(158)) - 25c17e6e-60f2-43b7-8570-af6cc9981309: GrpcService started, listening on 0.0.0.0/0.0.0.0:41260
2019-11-14 15:08:04,972 [Datanode State Machine Thread - 0] INFO  ratis.XceiverServerRatis (XceiverServerRatis.java:start(431)) - XceiverServerRatis 25c17e6e-60f2-43b7-8570-af6cc9981309 is started using port 41260
2019-11-14 15:08:04,972 [Datanode State Machine Thread - 0] INFO  server.XceiverServerGrpc (XceiverServerGrpc.java:start(145)) - XceiverServerGrpc 25c17e6e-60f2-43b7-8570-af6cc9981309 is started using port 38183
2019-11-14 15:08:05,031 [Datanode State Machine Thread - 0] INFO  ozoneimpl.OzoneContainer (OzoneContainer.java:start(230)) - Attempting to start container services.
2019-11-14 15:08:05,034 [Datanode State Machine Thread - 0] INFO  ozoneimpl.OzoneContainer (OzoneContainer.java:startContainerScrub(194)) - Background container scanner has been disabled.
2019-11-14 15:08:05,035 [Datanode State Machine Thread - 0] INFO  ratis.XceiverServerRatis (XceiverServerRatis.java:start(421)) - Starting XceiverServerRatis 19d9f0ed-7324-40ce-9ded-4f2ae42bdb1f at port 0
2019-11-14 15:08:05,044 [Datanode State Machine Thread - 0] INFO  impl.RaftServerProxy (RaftServerProxy.java:lambda$start$3(299)) - 19d9f0ed-7324-40ce-9ded-4f2ae42bdb1f: start RPC server
2019-11-14 15:08:05,044 [Datanode State Machine Thread - 0] INFO  server.GrpcService (GrpcService.java:startImpl(158)) - 19d9f0ed-7324-40ce-9ded-4f2ae42bdb1f: GrpcService started, listening on 0.0.0.0/0.0.0.0:46177
2019-11-14 15:08:05,045 [Datanode State Machine Thread - 0] INFO  ratis.XceiverServerRatis (XceiverServerRatis.java:start(431)) - XceiverServerRatis 19d9f0ed-7324-40ce-9ded-4f2ae42bdb1f is started using port 46177
2019-11-14 15:08:05,047 [Datanode State Machine Thread - 0] INFO  server.XceiverServerGrpc (XceiverServerGrpc.java:start(145)) - XceiverServerGrpc 19d9f0ed-7324-40ce-9ded-4f2ae42bdb1f is started using port 37971
2019-11-14 15:08:05,103 [Datanode State Machine Thread - 0] INFO  ozoneimpl.OzoneContainer (OzoneContainer.java:start(230)) - Attempting to start container services.
2019-11-14 15:08:05,103 [Datanode State Machine Thread - 0] INFO  ozoneimpl.OzoneContainer (OzoneContainer.java:startContainerScrub(194)) - Background container scanner has been disabled.
2019-11-14 15:08:05,103 [Datanode State Machine Thread - 0] INFO  ratis.XceiverServerRatis (XceiverServerRatis.java:start(421)) - Starting XceiverServerRatis 8344cb33-ae61-4ff3-97f7-00b91742683d at port 0
2019-11-14 15:08:05,112 [Datanode State Machine Thread - 0] INFO  impl.RaftServerProxy (RaftServerProxy.java:lambda$start$3(299)) - 8344cb33-ae61-4ff3-97f7-00b91742683d: start RPC server
2019-11-14 15:08:05,114 [Datanode State Machine Thread - 0] INFO  server.GrpcService (GrpcService.java:startImpl(158)) - 8344cb33-ae61-4ff3-97f7-00b91742683d: GrpcService started, listening on 0.0.0.0/0.0.0.0:40021
2019-11-14 15:08:05,114 [Datanode State Machine Thread - 0] INFO  ratis.XceiverServerRatis (XceiverServerRatis.java:start(431)) - XceiverServerRatis 8344cb33-ae61-4ff3-97f7-00b91742683d is started using port 40021
2019-11-14 15:08:05,114 [Datanode State Machine Thread - 0] INFO  server.XceiverServerGrpc (XceiverServerGrpc.java:start(145)) - XceiverServerGrpc 8344cb33-ae61-4ff3-97f7-00b91742683d is started using port 41825
2019-11-14 15:08:05,164 [Datanode State Machine Thread - 0] INFO  ozoneimpl.OzoneContainer (OzoneContainer.java:start(230)) - Attempting to start container services.
2019-11-14 15:08:05,165 [Datanode State Machine Thread - 0] INFO  ozoneimpl.OzoneContainer (OzoneContainer.java:startContainerScrub(194)) - Background container scanner has been disabled.
2019-11-14 15:08:05,165 [Datanode State Machine Thread - 0] INFO  ratis.XceiverServerRatis (XceiverServerRatis.java:start(421)) - Starting XceiverServerRatis a96edad4-0b0c-48cb-948a-93b2fbf7c409 at port 0
2019-11-14 15:08:05,173 [Datanode State Machine Thread - 0] INFO  impl.RaftServerProxy (RaftServerProxy.java:lambda$start$3(299)) - a96edad4-0b0c-48cb-948a-93b2fbf7c409: start RPC server
2019-11-14 15:08:05,173 [Datanode State Machine Thread - 0] INFO  server.GrpcService (GrpcService.java:startImpl(158)) - a96edad4-0b0c-48cb-948a-93b2fbf7c409: GrpcService started, listening on 0.0.0.0/0.0.0.0:43006
2019-11-14 15:08:05,174 [Datanode State Machine Thread - 0] INFO  ratis.XceiverServerRatis (XceiverServerRatis.java:start(431)) - XceiverServerRatis a96edad4-0b0c-48cb-948a-93b2fbf7c409 is started using port 43006
2019-11-14 15:08:05,181 [Datanode State Machine Thread - 0] INFO  server.XceiverServerGrpc (XceiverServerGrpc.java:start(145)) - XceiverServerGrpc a96edad4-0b0c-48cb-948a-93b2fbf7c409 is started using port 37781
2019-11-14 15:08:05,233 [Datanode State Machine Thread - 0] INFO  ozoneimpl.OzoneContainer (OzoneContainer.java:start(230)) - Attempting to start container services.
2019-11-14 15:08:05,233 [Datanode State Machine Thread - 0] INFO  ozoneimpl.OzoneContainer (OzoneContainer.java:startContainerScrub(194)) - Background container scanner has been disabled.
2019-11-14 15:08:05,233 [Datanode State Machine Thread - 0] INFO  ratis.XceiverServerRatis (XceiverServerRatis.java:start(421)) - Starting XceiverServerRatis 2f24271a-73a2-4678-8a2d-efde1b9a7c05 at port 0
2019-11-14 15:08:05,243 [Datanode State Machine Thread - 0] INFO  impl.RaftServerProxy (RaftServerProxy.java:lambda$start$3(299)) - 2f24271a-73a2-4678-8a2d-efde1b9a7c05: start RPC server
2019-11-14 15:08:05,244 [Datanode State Machine Thread - 0] INFO  server.GrpcService (GrpcService.java:startImpl(158)) - 2f24271a-73a2-4678-8a2d-efde1b9a7c05: GrpcService started, listening on 0.0.0.0/0.0.0.0:38626
2019-11-14 15:08:05,244 [Datanode State Machine Thread - 0] INFO  ratis.XceiverServerRatis (XceiverServerRatis.java:start(431)) - XceiverServerRatis 2f24271a-73a2-4678-8a2d-efde1b9a7c05 is started using port 38626
2019-11-14 15:08:05,246 [Datanode State Machine Thread - 0] INFO  server.XceiverServerGrpc (XceiverServerGrpc.java:start(145)) - XceiverServerGrpc 2f24271a-73a2-4678-8a2d-efde1b9a7c05 is started using port 35605
2019-11-14 15:08:05,278 [main] INFO  ozone.MiniOzoneClusterImpl (MiniOzoneClusterImpl.java:lambda$waitForClusterToBeReady$2(171)) - Waiting for cluster to be ready. Got 0 of 10 DN Heartbeats.
2019-11-14 15:08:05,294 [Datanode State Machine Thread - 0] INFO  ozoneimpl.OzoneContainer (OzoneContainer.java:start(230)) - Attempting to start container services.
2019-11-14 15:08:05,294 [Datanode State Machine Thread - 0] INFO  ozoneimpl.OzoneContainer (OzoneContainer.java:startContainerScrub(194)) - Background container scanner has been disabled.
2019-11-14 15:08:05,294 [Datanode State Machine Thread - 0] INFO  ratis.XceiverServerRatis (XceiverServerRatis.java:start(421)) - Starting XceiverServerRatis dadbf9b0-b155-425e-bdd4-f6aced2428ca at port 0
2019-11-14 15:08:05,304 [Datanode State Machine Thread - 0] INFO  impl.RaftServerProxy (RaftServerProxy.java:lambda$start$3(299)) - dadbf9b0-b155-425e-bdd4-f6aced2428ca: start RPC server
2019-11-14 15:08:05,305 [Datanode State Machine Thread - 0] INFO  server.GrpcService (GrpcService.java:startImpl(158)) - dadbf9b0-b155-425e-bdd4-f6aced2428ca: GrpcService started, listening on 0.0.0.0/0.0.0.0:40592
2019-11-14 15:08:05,306 [Datanode State Machine Thread - 0] INFO  ratis.XceiverServerRatis (XceiverServerRatis.java:start(431)) - XceiverServerRatis dadbf9b0-b155-425e-bdd4-f6aced2428ca is started using port 40592
2019-11-14 15:08:05,307 [Datanode State Machine Thread - 0] INFO  server.XceiverServerGrpc (XceiverServerGrpc.java:start(145)) - XceiverServerGrpc dadbf9b0-b155-425e-bdd4-f6aced2428ca is started using port 38527
2019-11-14 15:08:06,279 [main] INFO  ozone.MiniOzoneClusterImpl (MiniOzoneClusterImpl.java:lambda$waitForClusterToBeReady$2(171)) - Waiting for cluster to be ready. Got 0 of 10 DN Heartbeats.
2019-11-14 15:08:06,649 [IPC Server handler 3 on 42444] INFO  net.NetworkTopology (NetworkTopologyImpl.java:add(111)) - Added a new node: /rack1/09f4ece9-71c1-4a5b-9b91-b2a8aadac043
2019-11-14 15:08:06,652 [IPC Server handler 3 on 42444] INFO  node.SCMNodeManager (SCMNodeManager.java:register(267)) - Registered Data node : 09f4ece9-71c1-4a5b-9b91-b2a8aadac043{ip: 192.168.34.62, host: pr-hdds-2480-6qkg9-608321763, networkLocation: /rack1, certSerialId: null}
2019-11-14 15:08:06,653 [EventQueue-NodeRegistrationContainerReportForDataNodeSafeModeRule] INFO  safemode.SCMSafeModeManager (DataNodeSafeModeRule.java:process(71)) - SCM in safe mode. 1 DataNodes registered, 1 required.
2019-11-14 15:08:06,655 [EventQueue-NodeRegistrationContainerReportForDataNodeSafeModeRule] INFO  safemode.SCMSafeModeManager (SCMSafeModeManager.java:validateSafeModeExitRules(177)) - ScmSafeModeManager, all rules are successfully validated
2019-11-14 15:08:06,655 [EventQueue-NodeRegistrationContainerReportForDataNodeSafeModeRule] INFO  safemode.SCMSafeModeManager (SCMSafeModeManager.java:exitSafeMode(193)) - SCM exiting safe mode.
2019-11-14 15:08:06,667 [grpc-default-executor-1] INFO  impl.RaftServerProxy (RaftServerProxy.java:addNew(89)) - 09f4ece9-71c1-4a5b-9b91-b2a8aadac043: addNew group-D037E40E1E66:[09f4ece9-71c1-4a5b-9b91-b2a8aadac043:192.168.34.62:45559] returns group-D037E40E1E66:java.util.concurrent.CompletableFuture@e8be9fb[Not completed]
2019-11-14 15:08:06,671 [pool-149-thread-1] INFO  impl.RaftServerImpl (RaftServerImpl.java:<init>(98)) - 09f4ece9-71c1-4a5b-9b91-b2a8aadac043: new RaftServerImpl for group-D037E40E1E66:[09f4ece9-71c1-4a5b-9b91-b2a8aadac043:192.168.34.62:45559] with ContainerStateMachine:uninitialized
2019-11-14 15:08:06,671 [pool-149-thread-1] INFO  server.RaftServerConfigKeys (ConfUtils.java:logGet(43)) - raft.server.rpc.timeout.min = 1s (custom)
2019-11-14 15:08:06,671 [pool-149-thread-1] INFO  server.RaftServerConfigKeys (ConfUtils.java:logGet(43)) - raft.server.rpc.timeout.max = 1200ms (custom)
2019-11-14 15:08:06,671 [pool-149-thread-1] INFO  server.RaftServerConfigKeys (ConfUtils.java:logGet(43)) - raft.server.rpcslowness.timeout = 120s (custom)
2019-11-14 15:08:06,672 [pool-149-thread-1] INFO  server.RaftServerConfigKeys (ConfUtils.java:logGet(43)) - raft.server.sleep.deviation.threshold = 300 (default)
2019-11-14 15:08:06,672 [pool-149-thread-1] INFO  server.RaftServerConfigKeys (ConfUtils.java:logGet(43)) - raft.server.log.appender.install.snapshot.enabled = false (custom)
2019-11-14 15:08:06,672 [pool-149-thread-1] INFO  impl.RaftServerImpl (ServerState.java:<init>(103)) - 09f4ece9-71c1-4a5b-9b91-b2a8aadac043@group-D037E40E1E66: ConfigurationManager, init=-1: [09f4ece9-71c1-4a5b-9b91-b2a8aadac043:192.168.34.62:45559], old=null, confs=<EMPTY_MAP>
2019-11-14 15:08:06,672 [pool-149-thread-1] INFO  server.RaftServerConfigKeys (ConfUtils.java:logGet(43)) - raft.server.storage.dir = [/workdir/hadoop-ozone/integration-test/target/test-dir/MiniOzoneClusterImpl-6b3e2517-75a7-4dd9-8054-0b12e404e591/datanode-0/data/ratis] (custom)
2019-11-14 15:08:06,673 [pool-149-thread-1] INFO  server.RaftServerConfigKeys (ConfUtils.java:logGet(43)) - raft.server.log.corruption.policy = EXCEPTION (default)
2019-11-14 15:08:06,673 [pool-149-thread-1] INFO  storage.RaftStorageDirectory (RaftStorageDirectory.java:analyzeStorage(246)) - The storage directory /workdir/hadoop-ozone/integration-test/target/test-dir/MiniOzoneClusterImpl-6b3e2517-75a7-4dd9-8054-0b12e404e591/datanode-0/data/ratis/1e1ba27d-94c8-43ad-a7df-d037e40e1e66 does not exist. Creating ...
2019-11-14 15:08:06,687 [pool-149-thread-1] INFO  storage.RaftStorageDirectory (RaftStorageDirectory.java:tryLock(328)) - Lock on /workdir/hadoop-ozone/integration-test/target/test-dir/MiniOzoneClusterImpl-6b3e2517-75a7-4dd9-8054-0b12e404e591/datanode-0/data/ratis/1e1ba27d-94c8-43ad-a7df-d037e40e1e66/in_use.lock acquired by nodename 23875@pr-hdds-2480-6qkg9-608321763
2019-11-14 15:08:06,700 [pool-149-thread-1] INFO  storage.RaftStorage (RaftStorage.java:format(84)) - Storage directory /workdir/hadoop-ozone/integration-test/target/test-dir/MiniOzoneClusterImpl-6b3e2517-75a7-4dd9-8054-0b12e404e591/datanode-0/data/ratis/1e1ba27d-94c8-43ad-a7df-d037e40e1e66 has been successfully formatted.
2019-11-14 15:08:06,701 [pool-149-thread-1] INFO  ratis.ContainerStateMachine (ContainerStateMachine.java:loadSnapshot(223)) - group-D037E40E1E66: The snapshot info is null. Setting the last applied indexto:(t:0, i:~)
2019-11-14 15:08:06,701 [pool-149-thread-1] INFO  server.RaftServerConfigKeys (ConfUtils.java:logGet(43)) - raft.server.notification.no-leader.timeout = 120s (custom)
2019-11-14 15:08:06,701 [pool-149-thread-1] INFO  server.RaftServerConfigKeys (ConfUtils.java:logGet(43)) - raft.server.log.use.memory = false (default)
2019-11-14 15:08:06,701 [pool-149-thread-1] INFO  server.RaftServerConfigKeys (ConfUtils.java:logGet(43)) - raft.server.log.purge.gap = 1000000 (custom)
2019-11-14 15:08:06,701 [pool-149-thread-1] INFO  server.RaftServerConfigKeys (ConfUtils.java:logGet(43)) - raft.server.log.appender.buffer.byte-limit = 33554432 (custom)
2019-11-14 15:08:06,701 [pool-149-thread-1] INFO  server.RaftServerConfigKeys (ConfUtils.java:logGet(43)) - raft.server.log.segment.size.max = 1048576 (custom)
2019-11-14 15:08:06,702 [pool-149-thread-1] WARN  impl.MetricRegistriesImpl (MetricRegistriesImpl.java:lambda$create$1(61)) - First MetricRegistry has been created without registering reporters. You may need to call MetricRegistries.global().addReportRegistration(...) before.
2019-11-14 15:08:06,702 [pool-149-thread-1] INFO  server.RaftServerConfigKeys (ConfUtils.java:logGet(43)) - raft.server.log.segment.cache.num.max = 2 (custom)
2019-11-14 15:08:06,702 [pool-149-thread-1] INFO  segmented.SegmentedRaftLogWorker (SegmentedRaftLogWorker.java:<init>(173)) - new 09f4ece9-71c1-4a5b-9b91-b2a8aadac043@group-D037E40E1E66-SegmentedRaftLogWorker for RaftStorage:Storage Directory /workdir/hadoop-ozone/integration-test/target/test-dir/MiniOzoneClusterImpl-6b3e2517-75a7-4dd9-8054-0b12e404e591/datanode-0/data/ratis/1e1ba27d-94c8-43ad-a7df-d037e40e1e66
2019-11-14 15:08:06,702 [pool-149-thread-1] INFO  server.RaftServerConfigKeys (ConfUtils.java:logGet(43)) - raft.server.log.queue.byte-limit = 2147483647 (custom)
2019-11-14 15:08:06,702 [pool-149-thread-1] INFO  server.RaftServerConfigKeys (ConfUtils.java:logGet(43)) - raft.server.log.queue.element-limit = 1024 (custom)
2019-11-14 15:08:06,703 [pool-149-thread-1] INFO  server.RaftServerConfigKeys (ConfUtils.java:logGet(43)) - raft.server.log.segment.size.max = 1048576 (custom)
2019-11-14 15:08:06,703 [pool-149-thread-1] INFO  server.RaftServerConfigKeys (ConfUtils.java:logGet(43)) - raft.server.log.preallocated.size = 16384 (custom)
2019-11-14 15:08:06,703 [pool-149-thread-1] INFO  server.RaftServerConfigKeys (ConfUtils.java:logGet(43)) - raft.server.log.write.buffer.size = 33554432 (custom)
2019-11-14 15:08:06,703 [pool-149-thread-1] INFO  server.RaftServerConfigKeys (ConfUtils.java:logGet(43)) - raft.server.log.force.sync.num = 128 (default)
2019-11-14 15:08:06,703 [pool-149-thread-1] INFO  server.RaftServerConfigKeys (ConfUtils.java:logGet(43)) - raft.server.log.statemachine.data.sync = true (default)
2019-11-14 15:08:06,703 [pool-149-thread-1] INFO  server.RaftServerConfigKeys (ConfUtils.java:logGet(43)) - raft.server.log.statemachine.data.sync.timeout = 10s (default)
2019-11-14 15:08:06,703 [pool-149-thread-1] INFO  server.RaftServerConfigKeys (ConfUtils.java:logGet(43)) - raft.server.log.statemachine.data.sync.timeout.retry = -1 (default)
2019-11-14 15:08:06,704 [pool-149-thread-1] INFO  server.RaftServerConfigKeys (ConfUtils.java:logGet(43)) - raft.server.log.statemachine.data.caching.enabled = true (custom)
2019-11-14 15:08:06,704 [pool-149-thread-1] INFO  segmented.SegmentedRaftLogWorker (SegmentedRaftLogWorker.java:lambda$new$0(128)) - 09f4ece9-71c1-4a5b-9b91-b2a8aadac043@group-D037E40E1E66-SegmentedRaftLogWorker: flushIndex: setUnconditionally 0 -> -1
2019-11-14 15:08:06,705 [pool-149-thread-1] INFO  server.RaftServerConfigKeys (ConfUtils.java:logGet(43)) - raft.server.snapshot.auto.trigger.enabled = true (custom)
2019-11-14 15:08:06,705 [pool-149-thread-1] INFO  server.RaftServerConfigKeys (ConfUtils.java:logGet(43)) - raft.server.snapshot.auto.trigger.threshold = 10000 (custom)
2019-11-14 15:08:06,705 [pool-149-thread-1] INFO  server.RaftServerConfigKeys (ConfUtils.java:logGet(43)) - raft.server.snapshot.retention.file.num = 5 (custom)
2019-11-14 15:08:06,705 [pool-149-thread-1] INFO  server.RaftServerConfigKeys (ConfUtils.java:logGet(43)) - raft.server.retrycache.expirytime = 600000ms (custom)
2019-11-14 15:08:06,706 [pool-149-thread-1] WARN  impl.MetricRegistriesImpl (MetricRegistriesImpl.java:lambda$create$1(61)) - First MetricRegistry has been created without registering reporters. You may need to call MetricRegistries.global().addReportRegistration(...) before.
2019-11-14 15:08:06,706 [pool-149-thread-1] WARN  impl.MetricRegistriesImpl (MetricRegistriesImpl.java:lambda$create$1(61)) - First MetricRegistry has been created without registering reporters. You may need to call MetricRegistries.global().addReportRegistration(...) before.
2019-11-14 15:08:06,706 [pool-149-thread-1] INFO  impl.RaftServerImpl (RaftServerImpl.java:start(184)) - 09f4ece9-71c1-4a5b-9b91-b2a8aadac043@group-D037E40E1E66: start as a follower, conf=-1: [09f4ece9-71c1-4a5b-9b91-b2a8aadac043:192.168.34.62:45559], old=null
2019-11-14 15:08:06,706 [pool-149-thread-1] INFO  impl.RaftServerImpl (RaftServerImpl.java:setRole(173)) - 09f4ece9-71c1-4a5b-9b91-b2a8aadac043@group-D037E40E1E66: changes role from      null to FOLLOWER at term 0 for startAsFollower
2019-11-14 15:08:06,707 [pool-149-thread-1] INFO  impl.RoleInfo (RoleInfo.java:updateAndGet(143)) - 09f4ece9-71c1-4a5b-9b91-b2a8aadac043: start FollowerState
2019-11-14 15:08:06,707 [pool-149-thread-1] INFO  util.JmxRegister (JmxRegister.java:tryRegister(44)) - Successfully registered JMX Bean with object name Ratis:service=RaftServer,group=group-D037E40E1E66,id=09f4ece9-71c1-4a5b-9b91-b2a8aadac043
2019-11-14 15:08:06,707 [pool-149-thread-1] WARN  impl.MetricRegistriesImpl (MetricRegistriesImpl.java:lambda$create$1(61)) - First MetricRegistry has been created without registering reporters. You may need to call MetricRegistries.global().addReportRegistration(...) before.
2019-11-14 15:08:06,711 [RatisPipelineUtilsThread] INFO  pipeline.PipelineStateManager (PipelineStateManager.java:addPipeline(55)) - Created pipeline Pipeline[ Id: 1e1ba27d-94c8-43ad-a7df-d037e40e1e66, Nodes: 09f4ece9-71c1-4a5b-9b91-b2a8aadac043{ip: 192.168.34.62, host: pr-hdds-2480-6qkg9-608321763, networkLocation: /rack1, certSerialId: null}, Type:RATIS, Factor:ONE, State:ALLOCATED]
2019-11-14 15:08:06,730 [IPC Server handler 6 on 42444] INFO  net.NetworkTopology (NetworkTopologyImpl.java:add(111)) - Added a new node: /rack1/dd0e1198-6ba1-4c32-9ce2-054c25212f92
2019-11-14 15:08:06,731 [IPC Server handler 6 on 42444] INFO  node.SCMNodeManager (SCMNodeManager.java:register(267)) - Registered Data node : dd0e1198-6ba1-4c32-9ce2-054c25212f92{ip: 192.168.34.62, host: pr-hdds-2480-6qkg9-608321763, networkLocation: /rack1, certSerialId: null}
2019-11-14 15:08:06,739 [grpc-default-executor-1] INFO  impl.RaftServerProxy (RaftServerProxy.java:addNew(89)) - dd0e1198-6ba1-4c32-9ce2-054c25212f92: addNew group-EDA3048234DD:[dd0e1198-6ba1-4c32-9ce2-054c25212f92:192.168.34.62:42382] returns group-EDA3048234DD:java.util.concurrent.CompletableFuture@3cc9b0f2[Not completed]
2019-11-14 15:08:06,741 [pool-159-thread-1] INFO  impl.RaftServerImpl (RaftServerImpl.java:<init>(98)) - dd0e1198-6ba1-4c32-9ce2-054c25212f92: new RaftServerImpl for group-EDA3048234DD:[dd0e1198-6ba1-4c32-9ce2-054c25212f92:192.168.34.62:42382] with ContainerStateMachine:uninitialized
2019-11-14 15:08:06,741 [pool-159-thread-1] INFO  server.RaftServerConfigKeys (ConfUtils.java:logGet(43)) - raft.server.rpc.timeout.min = 1s (custom)
2019-11-14 15:08:06,741 [pool-159-thread-1] INFO  server.RaftServerConfigKeys (ConfUtils.java:logGet(43)) - raft.server.rpc.timeout.max = 1200ms (custom)
2019-11-14 15:08:06,741 [pool-159-thread-1] INFO  server.RaftServerConfigKeys (ConfUtils.java:logGet(43)) - raft.server.rpcslowness.timeout = 120s (custom)
2019-11-14 15:08:06,741 [pool-159-thread-1] INFO  server.RaftServerConfigKeys (ConfUtils.java:logGet(43)) - raft.server.sleep.deviation.threshold = 300 (default)
2019-11-14 15:08:06,741 [pool-159-thread-1] INFO  server.RaftServerConfigKeys (ConfUtils.java:logGet(43)) - raft.server.log.appender.install.snapshot.enabled = false (custom)
2019-11-14 15:08:06,742 [pool-159-thread-1] INFO  impl.RaftServerImpl (ServerState.java:<init>(103)) - dd0e1198-6ba1-4c32-9ce2-054c25212f92@group-EDA3048234DD: ConfigurationManager, init=-1: [dd0e1198-6ba1-4c32-9ce2-054c25212f92:192.168.34.62:42382], old=null, confs=<EMPTY_MAP>
2019-11-14 15:08:06,742 [pool-159-thread-1] INFO  server.RaftServerConfigKeys (ConfUtils.java:logGet(43)) - raft.server.storage.dir = [/workdir/hadoop-ozone/integration-test/target/test-dir/MiniOzoneClusterImpl-6b3e2517-75a7-4dd9-8054-0b12e404e591/datanode-1/data/ratis] (custom)
2019-11-14 15:08:06,742 [pool-159-thread-1] INFO  server.RaftServerConfigKeys (ConfUtils.java:logGet(43)) - raft.server.log.corruption.policy = EXCEPTION (default)
2019-11-14 15:08:06,742 [pool-159-thread-1] INFO  storage.RaftStorageDirectory (RaftStorageDirectory.java:analyzeStorage(246)) - The storage directory /workdir/hadoop-ozone/integration-test/target/test-dir/MiniOzoneClusterImpl-6b3e2517-75a7-4dd9-8054-0b12e404e591/datanode-1/data/ratis/81125719-861e-4a33-8cd0-eda3048234dd does not exist. Creating ...
2019-11-14 15:08:06,756 [pool-159-thread-1] INFO  storage.RaftStorageDirectory (RaftStorageDirectory.java:tryLock(328)) - Lock on /workdir/hadoop-ozone/integration-test/target/test-dir/MiniOzoneClusterImpl-6b3e2517-75a7-4dd9-8054-0b12e404e591/datanode-1/data/ratis/81125719-861e-4a33-8cd0-eda3048234dd/in_use.lock acquired by nodename 23875@pr-hdds-2480-6qkg9-608321763
2019-11-14 15:08:06,769 [pool-159-thread-1] INFO  storage.RaftStorage (RaftStorage.java:format(84)) - Storage directory /workdir/hadoop-ozone/integration-test/target/test-dir/MiniOzoneClusterImpl-6b3e2517-75a7-4dd9-8054-0b12e404e591/datanode-1/data/ratis/81125719-861e-4a33-8cd0-eda3048234dd has been successfully formatted.
2019-11-14 15:08:06,769 [pool-159-thread-1] INFO  ratis.ContainerStateMachine (ContainerStateMachine.java:loadSnapshot(223)) - group-EDA3048234DD: The snapshot info is null. Setting the last applied indexto:(t:0, i:~)
2019-11-14 15:08:06,770 [pool-159-thread-1] INFO  server.RaftServerConfigKeys (ConfUtils.java:logGet(43)) - raft.server.notification.no-leader.timeout = 120s (custom)
2019-11-14 15:08:06,770 [pool-159-thread-1] INFO  server.RaftServerConfigKeys (ConfUtils.java:logGet(43)) - raft.server.log.use.memory = false (default)
2019-11-14 15:08:06,770 [pool-159-thread-1] INFO  server.RaftServerConfigKeys (ConfUtils.java:logGet(43)) - raft.server.log.purge.gap = 1000000 (custom)
2019-11-14 15:08:06,770 [pool-159-thread-1] INFO  server.RaftServerConfigKeys (ConfUtils.java:logGet(43)) - raft.server.log.appender.buffer.byte-limit = 33554432 (custom)
2019-11-14 15:08:06,770 [pool-159-thread-1] INFO  server.RaftServerConfigKeys (ConfUtils.java:logGet(43)) - raft.server.log.segment.size.max = 1048576 (custom)
2019-11-14 15:08:06,770 [pool-159-thread-1] WARN  impl.MetricRegistriesImpl (MetricRegistriesImpl.java:lambda$create$1(61)) - First MetricRegistry has been created without registering reporters. You may need to call MetricRegistries.global().addReportRegistration(...) before.
2019-11-14 15:08:06,770 [pool-159-thread-1] INFO  server.RaftServerConfigKeys (ConfUtils.java:logGet(43)) - raft.server.log.segment.cache.num.max = 2 (custom)
2019-11-14 15:08:06,771 [pool-159-thread-1] INFO  segmented.SegmentedRaftLogWorker (SegmentedRaftLogWorker.java:<init>(173)) - new dd0e1198-6ba1-4c32-9ce2-054c25212f92@group-EDA3048234DD-SegmentedRaftLogWorker for RaftStorage:Storage Directory /workdir/hadoop-ozone/integration-test/target/test-dir/MiniOzoneClusterImpl-6b3e2517-75a7-4dd9-8054-0b12e404e591/datanode-1/data/ratis/81125719-861e-4a33-8cd0-eda3048234dd
2019-11-14 15:08:06,771 [pool-159-thread-1] INFO  server.RaftServerConfigKeys (ConfUtils.java:logGet(43)) - raft.server.log.queue.byte-limit = 2147483647 (custom)
2019-11-14 15:08:06,771 [pool-159-thread-1] INFO  server.RaftServerConfigKeys (ConfUtils.java:logGet(43)) - raft.server.log.queue.element-limit = 1024 (custom)
2019-11-14 15:08:06,771 [pool-159-thread-1] INFO  server.RaftServerConfigKeys (ConfUtils.java:logGet(43)) - raft.server.log.segment.size.max = 1048576 (custom)
2019-11-14 15:08:06,771 [pool-159-thread-1] INFO  server.RaftServerConfigKeys (ConfUtils.java:logGet(43)) - raft.server.log.preallocated.size = 16384 (custom)
2019-11-14 15:08:06,771 [pool-159-thread-1] INFO  server.RaftServerConfigKeys (ConfUtils.java:logGet(43)) - raft.server.log.write.buffer.size = 33554432 (custom)
2019-11-14 15:08:06,771 [pool-159-thread-1] INFO  server.RaftServerConfigKeys (ConfUtils.java:logGet(43)) - raft.server.log.force.sync.num = 128 (default)
2019-11-14 15:08:06,771 [pool-159-thread-1] INFO  server.RaftServerConfigKeys (ConfUtils.java:logGet(43)) - raft.server.log.statemachine.data.sync = true (default)
2019-11-14 15:08:06,771 [pool-159-thread-1] INFO  server.RaftServerConfigKeys (ConfUtils.java:logGet(43)) - raft.server.log.statemachine.data.sync.timeout = 10s (default)
2019-11-14 15:08:06,772 [pool-159-thread-1] INFO  server.RaftServerConfigKeys (ConfUtils.java:logGet(43)) - raft.server.log.statemachine.data.sync.timeout.retry = -1 (default)
2019-11-14 15:08:06,772 [pool-159-thread-1] INFO  server.RaftServerConfigKeys (ConfUtils.java:logGet(43)) - raft.server.log.statemachine.data.caching.enabled = true (custom)
2019-11-14 15:08:06,772 [pool-159-thread-1] INFO  segmented.SegmentedRaftLogWorker (SegmentedRaftLogWorker.java:lambda$new$0(128)) - dd0e1198-6ba1-4c32-9ce2-054c25212f92@group-EDA3048234DD-SegmentedRaftLogWorker: flushIndex: setUnconditionally 0 -> -1
2019-11-14 15:08:06,772 [pool-159-thread-1] INFO  server.RaftServerConfigKeys (ConfUtils.java:logGet(43)) - raft.server.snapshot.auto.trigger.enabled = true (custom)
2019-11-14 15:08:06,773 [pool-159-thread-1] INFO  server.RaftServerConfigKeys (ConfUtils.java:logGet(43)) - raft.server.snapshot.auto.trigger.threshold = 10000 (custom)
2019-11-14 15:08:06,773 [pool-159-thread-1] INFO  server.RaftServerConfigKeys (ConfUtils.java:logGet(43)) - raft.server.snapshot.retention.file.num = 5 (custom)
2019-11-14 15:08:06,773 [pool-159-thread-1] INFO  server.RaftServerConfigKeys (ConfUtils.java:logGet(43)) - raft.server.retrycache.expirytime = 600000ms (custom)
2019-11-14 15:08:06,773 [pool-159-thread-1] WARN  impl.MetricRegistriesImpl (MetricRegistriesImpl.java:lambda$create$1(61)) - First MetricRegistry has been created without registering reporters. You may need to call MetricRegistries.global().addReportRegistration(...) before.
2019-11-14 15:08:06,773 [pool-159-thread-1] WARN  impl.MetricRegistriesImpl (MetricRegistriesImpl.java:lambda$create$1(61)) - First MetricRegistry has been created without registering reporters. You may need to call MetricRegistries.global().addReportRegistration(...) before.
2019-11-14 15:08:06,773 [pool-159-thread-1] INFO  impl.RaftServerImpl (RaftServerImpl.java:start(184)) - dd0e1198-6ba1-4c32-9ce2-054c25212f92@group-EDA3048234DD: start as a follower, conf=-1: [dd0e1198-6ba1-4c32-9ce2-054c25212f92:192.168.34.62:42382], old=null
2019-11-14 15:08:06,773 [pool-159-thread-1] INFO  impl.RaftServerImpl (RaftServerImpl.java:setRole(173)) - dd0e1198-6ba1-4c32-9ce2-054c25212f92@group-EDA3048234DD: changes role from      null to FOLLOWER at term 0 for startAsFollower
2019-11-14 15:08:06,774 [pool-159-thread-1] INFO  impl.RoleInfo (RoleInfo.java:updateAndGet(143)) - dd0e1198-6ba1-4c32-9ce2-054c25212f92: start FollowerState
2019-11-14 15:08:06,774 [pool-159-thread-1] INFO  util.JmxRegister (JmxRegister.java:tryRegister(44)) - Successfully registered JMX Bean with object name Ratis:service=RaftServer,group=group-EDA3048234DD,id=dd0e1198-6ba1-4c32-9ce2-054c25212f92
2019-11-14 15:08:06,774 [pool-159-thread-1] WARN  impl.MetricRegistriesImpl (MetricRegistriesImpl.java:lambda$create$1(61)) - First MetricRegistry has been created without registering reporters. You may need to call MetricRegistries.global().addReportRegistration(...) before.
2019-11-14 15:08:06,777 [RatisPipelineUtilsThread] INFO  pipeline.PipelineStateManager (PipelineStateManager.java:addPipeline(55)) - Created pipeline Pipeline[ Id: 81125719-861e-4a33-8cd0-eda3048234dd, Nodes: dd0e1198-6ba1-4c32-9ce2-054c25212f92{ip: 192.168.34.62, host: pr-hdds-2480-6qkg9-608321763, networkLocation: /rack1, certSerialId: null}, Type:RATIS, Factor:ONE, State:ALLOCATED]
2019-11-14 15:08:06,817 [IPC Server handler 5 on 42444] INFO  net.NetworkTopology (NetworkTopologyImpl.java:add(111)) - Added a new node: /rack1/86084ec4-dae7-4808-81c8-289a21d6f4dc
2019-11-14 15:08:06,818 [IPC Server handler 5 on 42444] INFO  node.SCMNodeManager (SCMNodeManager.java:register(267)) - Registered Data node : 86084ec4-dae7-4808-81c8-289a21d6f4dc{ip: 192.168.34.62, host: pr-hdds-2480-6qkg9-608321763, networkLocation: /rack1, certSerialId: null}
2019-11-14 15:08:06,827 [grpc-default-executor-1] INFO  impl.RaftServerProxy (RaftServerProxy.java:addNew(89)) - 86084ec4-dae7-4808-81c8-289a21d6f4dc: addNew group-B20D901B3385:[86084ec4-dae7-4808-81c8-289a21d6f4dc:192.168.34.62:33180] returns group-B20D901B3385:java.util.concurrent.CompletableFuture@4ed2328c[Not completed]
2019-11-14 15:08:06,829 [pool-169-thread-1] INFO  impl.RaftServerImpl (RaftServerImpl.java:<init>(98)) - 86084ec4-dae7-4808-81c8-289a21d6f4dc: new RaftServerImpl for group-B20D901B3385:[86084ec4-dae7-4808-81c8-289a21d6f4dc:192.168.34.62:33180] with ContainerStateMachine:uninitialized
2019-11-14 15:08:06,829 [pool-169-thread-1] INFO  server.RaftServerConfigKeys (ConfUtils.java:logGet(43)) - raft.server.rpc.timeout.min = 1s (custom)
2019-11-14 15:08:06,829 [pool-169-thread-1] INFO  server.RaftServerConfigKeys (ConfUtils.java:logGet(43)) - raft.server.rpc.timeout.max = 1200ms (custom)
2019-11-14 15:08:06,829 [pool-169-thread-1] INFO  server.RaftServerConfigKeys (ConfUtils.java:logGet(43)) - raft.server.rpcslowness.timeout = 120s (custom)
2019-11-14 15:08:06,830 [pool-169-thread-1] INFO  server.RaftServerConfigKeys (ConfUtils.java:logGet(43)) - raft.server.sleep.deviation.threshold = 300 (default)
2019-11-14 15:08:06,830 [pool-169-thread-1] INFO  server.RaftServerConfigKeys (ConfUtils.java:logGet(43)) - raft.server.log.appender.install.snapshot.enabled = false (custom)
2019-11-14 15:08:06,830 [pool-169-thread-1] INFO  impl.RaftServerImpl (ServerState.java:<init>(103)) - 86084ec4-dae7-4808-81c8-289a21d6f4dc@group-B20D901B3385: ConfigurationManager, init=-1: [86084ec4-dae7-4808-81c8-289a21d6f4dc:192.168.34.62:33180], old=null, confs=<EMPTY_MAP>
2019-11-14 15:08:06,830 [pool-169-thread-1] INFO  server.RaftServerConfigKeys (ConfUtils.java:logGet(43)) - raft.server.storage.dir = [/workdir/hadoop-ozone/integration-test/target/test-dir/MiniOzoneClusterImpl-6b3e2517-75a7-4dd9-8054-0b12e404e591/datanode-2/data/ratis] (custom)
2019-11-14 15:08:06,830 [pool-169-thread-1] INFO  server.RaftServerConfigKeys (ConfUtils.java:logGet(43)) - raft.server.log.corruption.policy = EXCEPTION (default)
2019-11-14 15:08:06,831 [pool-169-thread-1] INFO  storage.RaftStorageDirectory (RaftStorageDirectory.java:analyzeStorage(246)) - The storage directory /workdir/hadoop-ozone/integration-test/target/test-dir/MiniOzoneClusterImpl-6b3e2517-75a7-4dd9-8054-0b12e404e591/datanode-2/data/ratis/586e21db-d2ed-4172-aa69-b20d901b3385 does not exist. Creating ...
2019-11-14 15:08:06,844 [pool-169-thread-1] INFO  storage.RaftStorageDirectory (RaftStorageDirectory.java:tryLock(328)) - Lock on /workdir/hadoop-ozone/integration-test/target/test-dir/MiniOzoneClusterImpl-6b3e2517-75a7-4dd9-8054-0b12e404e591/datanode-2/data/ratis/586e21db-d2ed-4172-aa69-b20d901b3385/in_use.lock acquired by nodename 23875@pr-hdds-2480-6qkg9-608321763
2019-11-14 15:08:06,857 [pool-169-thread-1] INFO  storage.RaftStorage (RaftStorage.java:format(84)) - Storage directory /workdir/hadoop-ozone/integration-test/target/test-dir/MiniOzoneClusterImpl-6b3e2517-75a7-4dd9-8054-0b12e404e591/datanode-2/data/ratis/586e21db-d2ed-4172-aa69-b20d901b3385 has been successfully formatted.
2019-11-14 15:08:06,857 [pool-169-thread-1] INFO  ratis.ContainerStateMachine (ContainerStateMachine.java:loadSnapshot(223)) - group-B20D901B3385: The snapshot info is null. Setting the last applied indexto:(t:0, i:~)
2019-11-14 15:08:06,858 [pool-169-thread-1] INFO  server.RaftServerConfigKeys (ConfUtils.java:logGet(43)) - raft.server.notification.no-leader.timeout = 120s (custom)
2019-11-14 15:08:06,858 [pool-169-thread-1] INFO  server.RaftServerConfigKeys (ConfUtils.java:logGet(43)) - raft.server.log.use.memory = false (default)
2019-11-14 15:08:06,858 [pool-169-thread-1] INFO  server.RaftServerConfigKeys (ConfUtils.java:logGet(43)) - raft.server.log.purge.gap = 1000000 (custom)
2019-11-14 15:08:06,858 [pool-169-thread-1] INFO  server.RaftServerConfigKeys (ConfUtils.java:logGet(43)) - raft.server.log.appender.buffer.byte-limit = 33554432 (custom)
2019-11-14 15:08:06,858 [pool-169-thread-1] INFO  server.RaftServerConfigKeys (ConfUtils.java:logGet(43)) - raft.server.log.segment.size.max = 1048576 (custom)
2019-11-14 15:08:06,858 [pool-169-thread-1] WARN  impl.MetricRegistriesImpl (MetricRegistriesImpl.java:lambda$create$1(61)) - First MetricRegistry has been created without registering reporters. You may need to call MetricRegistries.global().addReportRegistration(...) before.
2019-11-14 15:08:06,859 [pool-169-thread-1] INFO  server.RaftServerConfigKeys (ConfUtils.java:logGet(43)) - raft.server.log.segment.cache.num.max = 2 (custom)
2019-11-14 15:08:06,859 [pool-169-thread-1] INFO  segmented.SegmentedRaftLogWorker (SegmentedRaftLogWorker.java:<init>(173)) - new 86084ec4-dae7-4808-81c8-289a21d6f4dc@group-B20D901B3385-SegmentedRaftLogWorker for RaftStorage:Storage Directory /workdir/hadoop-ozone/integration-test/target/test-dir/MiniOzoneClusterImpl-6b3e2517-75a7-4dd9-8054-0b12e404e591/datanode-2/data/ratis/586e21db-d2ed-4172-aa69-b20d901b3385
2019-11-14 15:08:06,859 [pool-169-thread-1] INFO  server.RaftServerConfigKeys (ConfUtils.java:logGet(43)) - raft.server.log.queue.byte-limit = 2147483647 (custom)
2019-11-14 15:08:06,859 [pool-169-thread-1] INFO  server.RaftServerConfigKeys (ConfUtils.java:logGet(43)) - raft.server.log.queue.element-limit = 1024 (custom)
2019-11-14 15:08:06,859 [pool-169-thread-1] INFO  server.RaftServerConfigKeys (ConfUtils.java:logGet(43)) - raft.server.log.segment.size.max = 1048576 (custom)
2019-11-14 15:08:06,859 [pool-169-thread-1] INFO  server.RaftServerConfigKeys (ConfUtils.java:logGet(43)) - raft.server.log.preallocated.size = 16384 (custom)
2019-11-14 15:08:06,859 [pool-169-thread-1] INFO  server.RaftServerConfigKeys (ConfUtils.java:logGet(43)) - raft.server.log.write.buffer.size = 33554432 (custom)
2019-11-14 15:08:06,859 [pool-169-thread-1] INFO  server.RaftServerConfigKeys (ConfUtils.java:logGet(43)) - raft.server.log.force.sync.num = 128 (default)
2019-11-14 15:08:06,860 [pool-169-thread-1] INFO  server.RaftServerConfigKeys (ConfUtils.java:logGet(43)) - raft.server.log.statemachine.data.sync = true (default)
2019-11-14 15:08:06,860 [pool-169-thread-1] INFO  server.RaftServerConfigKeys (ConfUtils.java:logGet(43)) - raft.server.log.statemachine.data.sync.timeout = 10s (default)
2019-11-14 15:08:06,860 [pool-169-thread-1] INFO  server.RaftServerConfigKeys (ConfUtils.java:logGet(43)) - raft.server.log.statemachine.data.sync.timeout.retry = -1 (default)
2019-11-14 15:08:06,860 [pool-169-thread-1] INFO  server.RaftServerConfigKeys (ConfUtils.java:logGet(43)) - raft.server.log.statemachine.data.caching.enabled = true (custom)
2019-11-14 15:08:06,860 [pool-169-thread-1] INFO  segmented.SegmentedRaftLogWorker (SegmentedRaftLogWorker.java:lambda$new$0(128)) - 86084ec4-dae7-4808-81c8-289a21d6f4dc@group-B20D901B3385-SegmentedRaftLogWorker: flushIndex: setUnconditionally 0 -> -1
2019-11-14 15:08:06,861 [pool-169-thread-1] INFO  server.RaftServerConfigKeys (ConfUtils.java:logGet(43)) - raft.server.snapshot.auto.trigger.enabled = true (custom)
2019-11-14 15:08:06,861 [pool-169-thread-1] INFO  server.RaftServerConfigKeys (ConfUtils.java:logGet(43)) - raft.server.snapshot.auto.trigger.threshold = 10000 (custom)
2019-11-14 15:08:06,861 [pool-169-thread-1] INFO  server.RaftServerConfigKeys (ConfUtils.java:logGet(43)) - raft.server.snapshot.retention.file.num = 5 (custom)
2019-11-14 15:08:06,861 [pool-169-thread-1] INFO  server.RaftServerConfigKeys (ConfUtils.java:logGet(43)) - raft.server.retrycache.expirytime = 600000ms (custom)
2019-11-14 15:08:06,861 [pool-169-thread-1] WARN  impl.MetricRegistriesImpl (MetricRegistriesImpl.java:lambda$create$1(61)) - First MetricRegistry has been created without registering reporters. You may need to call MetricRegistries.global().addReportRegistration(...) before.
2019-11-14 15:08:06,862 [pool-169-thread-1] WARN  impl.MetricRegistriesImpl (MetricRegistriesImpl.java:lambda$create$1(61)) - First MetricRegistry has been created without registering reporters. You may need to call MetricRegistries.global().addReportRegistration(...) before.
2019-11-14 15:08:06,862 [pool-169-thread-1] INFO  impl.RaftServerImpl (RaftServerImpl.java:start(184)) - 86084ec4-dae7-4808-81c8-289a21d6f4dc@group-B20D901B3385: start as a follower, conf=-1: [86084ec4-dae7-4808-81c8-289a21d6f4dc:192.168.34.62:33180], old=null
2019-11-14 15:08:06,862 [pool-169-thread-1] INFO  impl.RaftServerImpl (RaftServerImpl.java:setRole(173)) - 86084ec4-dae7-4808-81c8-289a21d6f4dc@group-B20D901B3385: changes role from      null to FOLLOWER at term 0 for startAsFollower
2019-11-14 15:08:06,862 [pool-169-thread-1] INFO  impl.RoleInfo (RoleInfo.java:updateAndGet(143)) - 86084ec4-dae7-4808-81c8-289a21d6f4dc: start FollowerState
2019-11-14 15:08:06,862 [pool-169-thread-1] INFO  util.JmxRegister (JmxRegister.java:tryRegister(44)) - Successfully registered JMX Bean with object name Ratis:service=RaftServer,group=group-B20D901B3385,id=86084ec4-dae7-4808-81c8-289a21d6f4dc
2019-11-14 15:08:06,863 [pool-169-thread-1] WARN  impl.MetricRegistriesImpl (MetricRegistriesImpl.java:lambda$create$1(61)) - First MetricRegistry has been created without registering reporters. You may need to call MetricRegistries.global().addReportRegistration(...) before.
2019-11-14 15:08:06,866 [RatisPipelineUtilsThread] INFO  pipeline.PipelineStateManager (PipelineStateManager.java:addPipeline(55)) - Created pipeline Pipeline[ Id: 586e21db-d2ed-4172-aa69-b20d901b3385, Nodes: 86084ec4-dae7-4808-81c8-289a21d6f4dc{ip: 192.168.34.62, host: pr-hdds-2480-6qkg9-608321763, networkLocation: /rack1, certSerialId: null}, Type:RATIS, Factor:ONE, State:ALLOCATED]
2019-11-14 15:08:06,878 [grpc-default-executor-3] INFO  impl.RaftServerProxy (RaftServerProxy.java:addNew(89)) - dd0e1198-6ba1-4c32-9ce2-054c25212f92: addNew group-99BB9EF96312:[09f4ece9-71c1-4a5b-9b91-b2a8aadac043:192.168.34.62:45559, 86084ec4-dae7-4808-81c8-289a21d6f4dc:192.168.34.62:33180, dd0e1198-6ba1-4c32-9ce2-054c25212f92:192.168.34.62:42382] returns group-99BB9EF96312:java.util.concurrent.CompletableFuture@1eae6d87[Not completed]
2019-11-14 15:08:06,878 [grpc-default-executor-0] INFO  impl.RaftServerProxy (RaftServerProxy.java:addNew(89)) - 86084ec4-dae7-4808-81c8-289a21d6f4dc: addNew group-99BB9EF96312:[09f4ece9-71c1-4a5b-9b91-b2a8aadac043:192.168.34.62:45559, 86084ec4-dae7-4808-81c8-289a21d6f4dc:192.168.34.62:33180, dd0e1198-6ba1-4c32-9ce2-054c25212f92:192.168.34.62:42382] returns group-99BB9EF96312:java.util.concurrent.CompletableFuture@1d8f01a7[Not completed]
2019-11-14 15:08:06,878 [grpc-default-executor-3] INFO  impl.RaftServerProxy (RaftServerProxy.java:addNew(89)) - 09f4ece9-71c1-4a5b-9b91-b2a8aadac043: addNew group-99BB9EF96312:[09f4ece9-71c1-4a5b-9b91-b2a8aadac043:192.168.34.62:45559, 86084ec4-dae7-4808-81c8-289a21d6f4dc:192.168.34.62:33180, dd0e1198-6ba1-4c32-9ce2-054c25212f92:192.168.34.62:42382] returns group-99BB9EF96312:java.util.concurrent.CompletableFuture@1342f472[Not completed]
2019-11-14 15:08:06,879 [pool-159-thread-1] INFO  impl.RaftServerImpl (RaftServerImpl.java:<init>(98)) - dd0e1198-6ba1-4c32-9ce2-054c25212f92: new RaftServerImpl for group-99BB9EF96312:[09f4ece9-71c1-4a5b-9b91-b2a8aadac043:192.168.34.62:45559, 86084ec4-dae7-4808-81c8-289a21d6f4dc:192.168.34.62:33180, dd0e1198-6ba1-4c32-9ce2-054c25212f92:192.168.34.62:42382] with ContainerStateMachine:uninitialized
2019-11-14 15:08:06,879 [pool-159-thread-1] INFO  server.RaftServerConfigKeys (ConfUtils.java:logGet(43)) - raft.server.rpc.timeout.min = 1s (custom)
2019-11-14 15:08:06,879 [pool-159-thread-1] INFO  server.RaftServerConfigKeys (ConfUtils.java:logGet(43)) - raft.server.rpc.timeout.max = 1200ms (custom)
2019-11-14 15:08:06,879 [pool-159-thread-1] INFO  server.RaftServerConfigKeys (ConfUtils.java:logGet(43)) - raft.server.rpcslowness.timeout = 120s (custom)
2019-11-14 15:08:06,879 [pool-159-thread-1] INFO  server.RaftServerConfigKeys (ConfUtils.java:logGet(43)) - raft.server.sleep.deviation.threshold = 300 (default)
2019-11-14 15:08:06,880 [pool-159-thread-1] INFO  server.RaftServerConfigKeys (ConfUtils.java:logGet(43)) - raft.server.log.appender.install.snapshot.enabled = false (custom)
2019-11-14 15:08:06,880 [pool-159-thread-1] INFO  impl.RaftServerImpl (ServerState.java:<init>(103)) - dd0e1198-6ba1-4c32-9ce2-054c25212f92@group-99BB9EF96312: ConfigurationManager, init=-1: [09f4ece9-71c1-4a5b-9b91-b2a8aadac043:192.168.34.62:45559, 86084ec4-dae7-4808-81c8-289a21d6f4dc:192.168.34.62:33180, dd0e1198-6ba1-4c32-9ce2-054c25212f92:192.168.34.62:42382], old=null, confs=<EMPTY_MAP>
2019-11-14 15:08:06,880 [pool-169-thread-1] INFO  impl.RaftServerImpl (RaftServerImpl.java:<init>(98)) - 86084ec4-dae7-4808-81c8-289a21d6f4dc: new RaftServerImpl for group-99BB9EF96312:[09f4ece9-71c1-4a5b-9b91-b2a8aadac043:192.168.34.62:45559, 86084ec4-dae7-4808-81c8-289a21d6f4dc:192.168.34.62:33180, dd0e1198-6ba1-4c32-9ce2-054c25212f92:192.168.34.62:42382] with ContainerStateMachine:uninitialized
2019-11-14 15:08:06,880 [pool-159-thread-1] INFO  server.RaftServerConfigKeys (ConfUtils.java:logGet(43)) - raft.server.storage.dir = [/workdir/hadoop-ozone/integration-test/target/test-dir/MiniOzoneClusterImpl-6b3e2517-75a7-4dd9-8054-0b12e404e591/datanode-1/data/ratis] (custom)
2019-11-14 15:08:06,880 [pool-169-thread-1] INFO  server.RaftServerConfigKeys (ConfUtils.java:logGet(43)) - raft.server.rpc.timeout.min = 1s (custom)
2019-11-14 15:08:06,880 [pool-169-thread-1] INFO  server.RaftServerConfigKeys (ConfUtils.java:logGet(43)) - raft.server.rpc.timeout.max = 1200ms (custom)
2019-11-14 15:08:06,880 [pool-159-thread-1] INFO  server.RaftServerConfigKeys (ConfUtils.java:logGet(43)) - raft.server.log.corruption.policy = EXCEPTION (default)
2019-11-14 15:08:06,880 [pool-169-thread-1] INFO  server.RaftServerConfigKeys (ConfUtils.java:logGet(43)) - raft.server.rpcslowness.timeout = 120s (custom)
2019-11-14 15:08:06,880 [pool-149-thread-1] INFO  impl.RaftServerImpl (RaftServerImpl.java:<init>(98)) - 09f4ece9-71c1-4a5b-9b91-b2a8aadac043: new RaftServerImpl for group-99BB9EF96312:[09f4ece9-71c1-4a5b-9b91-b2a8aadac043:192.168.34.62:45559, 86084ec4-dae7-4808-81c8-289a21d6f4dc:192.168.34.62:33180, dd0e1198-6ba1-4c32-9ce2-054c25212f92:192.168.34.62:42382] with ContainerStateMachine:uninitialized
2019-11-14 15:08:06,881 [pool-159-thread-1] INFO  storage.RaftStorageDirectory (RaftStorageDirectory.java:analyzeStorage(246)) - The storage directory /workdir/hadoop-ozone/integration-test/target/test-dir/MiniOzoneClusterImpl-6b3e2517-75a7-4dd9-8054-0b12e404e591/datanode-1/data/ratis/72356d3b-f206-441a-b3f8-99bb9ef96312 does not exist. Creating ...
2019-11-14 15:08:06,881 [pool-169-thread-1] INFO  server.RaftServerConfigKeys (ConfUtils.java:logGet(43)) - raft.server.sleep.deviation.threshold = 300 (default)
2019-11-14 15:08:06,881 [pool-149-thread-1] INFO  server.RaftServerConfigKeys (ConfUtils.java:logGet(43)) - raft.server.rpc.timeout.min = 1s (custom)
2019-11-14 15:08:06,881 [pool-169-thread-1] INFO  server.RaftServerConfigKeys (ConfUtils.java:logGet(43)) - raft.server.log.appender.install.snapshot.enabled = false (custom)
2019-11-14 15:08:06,881 [pool-149-thread-1] INFO  server.RaftServerConfigKeys (ConfUtils.java:logGet(43)) - raft.server.rpc.timeout.max = 1200ms (custom)
2019-11-14 15:08:06,881 [pool-169-thread-1] INFO  impl.RaftServerImpl (ServerState.java:<init>(103)) - 86084ec4-dae7-4808-81c8-289a21d6f4dc@group-99BB9EF96312: ConfigurationManager, init=-1: [09f4ece9-71c1-4a5b-9b91-b2a8aadac043:192.168.34.62:45559, 86084ec4-dae7-4808-81c8-289a21d6f4dc:192.168.34.62:33180, dd0e1198-6ba1-4c32-9ce2-054c25212f92:192.168.34.62:42382], old=null, confs=<EMPTY_MAP>
2019-11-14 15:08:06,881 [pool-149-thread-1] INFO  server.RaftServerConfigKeys (ConfUtils.java:logGet(43)) - raft.server.rpcslowness.timeout = 120s (custom)
2019-11-14 15:08:06,882 [pool-169-thread-1] INFO  server.RaftServerConfigKeys (ConfUtils.java:logGet(43)) - raft.server.storage.dir = [/workdir/hadoop-ozone/integration-test/target/test-dir/MiniOzoneClusterImpl-6b3e2517-75a7-4dd9-8054-0b12e404e591/datanode-2/data/ratis] (custom)
2019-11-14 15:08:06,882 [pool-149-thread-1] INFO  server.RaftServerConfigKeys (ConfUtils.java:logGet(43)) - raft.server.sleep.deviation.threshold = 300 (default)
2019-11-14 15:08:06,882 [pool-149-thread-1] INFO  server.RaftServerConfigKeys (ConfUtils.java:logGet(43)) - raft.server.log.appender.install.snapshot.enabled = false (custom)
2019-11-14 15:08:06,882 [pool-169-thread-1] INFO  server.RaftServerConfigKeys (ConfUtils.java:logGet(43)) - raft.server.log.corruption.policy = EXCEPTION (default)
2019-11-14 15:08:06,882 [pool-149-thread-1] INFO  impl.RaftServerImpl (ServerState.java:<init>(103)) - 09f4ece9-71c1-4a5b-9b91-b2a8aadac043@group-99BB9EF96312: ConfigurationManager, init=-1: [09f4ece9-71c1-4a5b-9b91-b2a8aadac043:192.168.34.62:45559, 86084ec4-dae7-4808-81c8-289a21d6f4dc:192.168.34.62:33180, dd0e1198-6ba1-4c32-9ce2-054c25212f92:192.168.34.62:42382], old=null, confs=<EMPTY_MAP>
2019-11-14 15:08:06,882 [pool-169-thread-1] INFO  storage.RaftStorageDirectory (RaftStorageDirectory.java:analyzeStorage(246)) - The storage directory /workdir/hadoop-ozone/integration-test/target/test-dir/MiniOzoneClusterImpl-6b3e2517-75a7-4dd9-8054-0b12e404e591/datanode-2/data/ratis/72356d3b-f206-441a-b3f8-99bb9ef96312 does not exist. Creating ...
2019-11-14 15:08:06,882 [pool-149-thread-1] INFO  server.RaftServerConfigKeys (ConfUtils.java:logGet(43)) - raft.server.storage.dir = [/workdir/hadoop-ozone/integration-test/target/test-dir/MiniOzoneClusterImpl-6b3e2517-75a7-4dd9-8054-0b12e404e591/datanode-0/data/ratis] (custom)
2019-11-14 15:08:06,883 [pool-149-thread-1] INFO  server.RaftServerConfigKeys (ConfUtils.java:logGet(43)) - raft.server.log.corruption.policy = EXCEPTION (default)
2019-11-14 15:08:06,883 [IPC Server handler 7 on 42444] INFO  net.NetworkTopology (NetworkTopologyImpl.java:add(111)) - Added a new node: /rack1/59f802cb-c907-44a0-9069-e10bb38eff5d
2019-11-14 15:08:06,883 [pool-149-thread-1] INFO  storage.RaftStorageDirectory (RaftStorageDirectory.java:analyzeStorage(246)) - The storage directory /workdir/hadoop-ozone/integration-test/target/test-dir/MiniOzoneClusterImpl-6b3e2517-75a7-4dd9-8054-0b12e404e591/datanode-0/data/ratis/72356d3b-f206-441a-b3f8-99bb9ef96312 does not exist. Creating ...
2019-11-14 15:08:06,883 [IPC Server handler 7 on 42444] INFO  node.SCMNodeManager (SCMNodeManager.java:register(267)) - Registered Data node : 59f802cb-c907-44a0-9069-e10bb38eff5d{ip: 192.168.34.62, host: pr-hdds-2480-6qkg9-608321763, networkLocation: /rack1, certSerialId: null}
2019-11-14 15:08:06,894 [pool-149-thread-1] INFO  storage.RaftStorageDirectory (RaftStorageDirectory.java:tryLock(328)) - Lock on /workdir/hadoop-ozone/integration-test/target/test-dir/MiniOzoneClusterImpl-6b3e2517-75a7-4dd9-8054-0b12e404e591/datanode-0/data/ratis/72356d3b-f206-441a-b3f8-99bb9ef96312/in_use.lock acquired by nodename 23875@pr-hdds-2480-6qkg9-608321763
2019-11-14 15:08:06,894 [pool-159-thread-1] INFO  storage.RaftStorageDirectory (RaftStorageDirectory.java:tryLock(328)) - Lock on /workdir/hadoop-ozone/integration-test/target/test-dir/MiniOzoneClusterImpl-6b3e2517-75a7-4dd9-8054-0b12e404e591/datanode-1/data/ratis/72356d3b-f206-441a-b3f8-99bb9ef96312/in_use.lock acquired by nodename 23875@pr-hdds-2480-6qkg9-608321763
2019-11-14 15:08:06,894 [pool-169-thread-1] INFO  storage.RaftStorageDirectory (RaftStorageDirectory.java:tryLock(328)) - Lock on /workdir/hadoop-ozone/integration-test/target/test-dir/MiniOzoneClusterImpl-6b3e2517-75a7-4dd9-8054-0b12e404e591/datanode-2/data/ratis/72356d3b-f206-441a-b3f8-99bb9ef96312/in_use.lock acquired by nodename 23875@pr-hdds-2480-6qkg9-608321763
2019-11-14 15:08:06,908 [pool-159-thread-1] INFO  storage.RaftStorage (RaftStorage.java:format(84)) - Storage directory /workdir/hadoop-ozone/integration-test/target/test-dir/MiniOzoneClusterImpl-6b3e2517-75a7-4dd9-8054-0b12e404e591/datanode-1/data/ratis/72356d3b-f206-441a-b3f8-99bb9ef96312 has been successfully formatted.
2019-11-14 15:08:06,908 [pool-149-thread-1] INFO  storage.RaftStorage (RaftStorage.java:format(84)) - Storage directory /workdir/hadoop-ozone/integration-test/target/test-dir/MiniOzoneClusterImpl-6b3e2517-75a7-4dd9-8054-0b12e404e591/datanode-0/data/ratis/72356d3b-f206-441a-b3f8-99bb9ef96312 has been successfully formatted.
2019-11-14 15:08:06,908 [pool-169-thread-1] INFO  storage.RaftStorage (RaftStorage.java:format(84)) - Storage directory /workdir/hadoop-ozone/integration-test/target/test-dir/MiniOzoneClusterImpl-6b3e2517-75a7-4dd9-8054-0b12e404e591/datanode-2/data/ratis/72356d3b-f206-441a-b3f8-99bb9ef96312 has been successfully formatted.
2019-11-14 15:08:06,908 [pool-159-thread-1] INFO  ratis.ContainerStateMachine (ContainerStateMachine.java:loadSnapshot(223)) - group-99BB9EF96312: The snapshot info is null. Setting the last applied indexto:(t:0, i:~)
2019-11-14 15:08:06,908 [pool-149-thread-1] INFO  ratis.ContainerStateMachine (ContainerStateMachine.java:loadSnapshot(223)) - group-99BB9EF96312: The snapshot info is null. Setting the last applied indexto:(t:0, i:~)
2019-11-14 15:08:06,909 [pool-159-thread-1] INFO  server.RaftServerConfigKeys (ConfUtils.java:logGet(43)) - raft.server.notification.no-leader.timeout = 120s (custom)
2019-11-14 15:08:06,908 [pool-169-thread-1] INFO  ratis.ContainerStateMachine (ContainerStateMachine.java:loadSnapshot(223)) - group-99BB9EF96312: The snapshot info is null. Setting the last applied indexto:(t:0, i:~)
2019-11-14 15:08:06,909 [pool-159-thread-1] INFO  server.RaftServerConfigKeys (ConfUtils.java:logGet(43)) - raft.server.log.use.memory = false (default)
2019-11-14 15:08:06,909 [pool-149-thread-1] INFO  server.RaftServerConfigKeys (ConfUtils.java:logGet(43)) - raft.server.notification.no-leader.timeout = 120s (custom)
2019-11-14 15:08:06,909 [pool-159-thread-1] INFO  server.RaftServerConfigKeys (ConfUtils.java:logGet(43)) - raft.server.log.purge.gap = 1000000 (custom)
2019-11-14 15:08:06,909 [pool-169-thread-1] INFO  server.RaftServerConfigKeys (ConfUtils.java:logGet(43)) - raft.server.notification.no-leader.timeout = 120s (custom)
2019-11-14 15:08:06,909 [pool-159-thread-1] INFO  server.RaftServerConfigKeys (ConfUtils.java:logGet(43)) - raft.server.log.appender.buffer.byte-limit = 33554432 (custom)
2019-11-14 15:08:06,909 [pool-149-thread-1] INFO  server.RaftServerConfigKeys (ConfUtils.java:logGet(43)) - raft.server.log.use.memory = false (default)
2019-11-14 15:08:06,909 [pool-159-thread-1] INFO  server.RaftServerConfigKeys (ConfUtils.java:logGet(43)) - raft.server.log.segment.size.max = 1048576 (custom)
2019-11-14 15:08:06,909 [pool-169-thread-1] INFO  server.RaftServerConfigKeys (ConfUtils.java:logGet(43)) - raft.server.log.use.memory = false (default)
2019-11-14 15:08:06,910 [pool-159-thread-1] INFO  server.RaftServerConfigKeys (ConfUtils.java:logGet(43)) - raft.server.log.segment.cache.num.max = 2 (custom)
2019-11-14 15:08:06,910 [pool-149-thread-1] INFO  server.RaftServerConfigKeys (ConfUtils.java:logGet(43)) - raft.server.log.purge.gap = 1000000 (custom)
2019-11-14 15:08:06,910 [pool-159-thread-1] INFO  segmented.SegmentedRaftLogWorker (SegmentedRaftLogWorker.java:<init>(173)) - new dd0e1198-6ba1-4c32-9ce2-054c25212f92@group-99BB9EF96312-SegmentedRaftLogWorker for RaftStorage:Storage Directory /workdir/hadoop-ozone/integration-test/target/test-dir/MiniOzoneClusterImpl-6b3e2517-75a7-4dd9-8054-0b12e404e591/datanode-1/data/ratis/72356d3b-f206-441a-b3f8-99bb9ef96312
2019-11-14 15:08:06,910 [pool-169-thread-1] INFO  server.RaftServerConfigKeys (ConfUtils.java:logGet(43)) - raft.server.log.purge.gap = 1000000 (custom)
2019-11-14 15:08:06,910 [pool-159-thread-1] INFO  server.RaftServerConfigKeys (ConfUtils.java:logGet(43)) - raft.server.log.queue.byte-limit = 2147483647 (custom)
2019-11-14 15:08:06,910 [pool-149-thread-1] INFO  server.RaftServerConfigKeys (ConfUtils.java:logGet(43)) - raft.server.log.appender.buffer.byte-limit = 33554432 (custom)
2019-11-14 15:08:06,910 [pool-159-thread-1] INFO  server.RaftServerConfigKeys (ConfUtils.java:logGet(43)) - raft.server.log.queue.element-limit = 1024 (custom)
2019-11-14 15:08:06,910 [pool-169-thread-1] INFO  server.RaftServerConfigKeys (ConfUtils.java:logGet(43)) - raft.server.log.appender.buffer.byte-limit = 33554432 (custom)
2019-11-14 15:08:06,911 [pool-159-thread-1] INFO  server.RaftServerConfigKeys (ConfUtils.java:logGet(43)) - raft.server.log.segment.size.max = 1048576 (custom)
2019-11-14 15:08:06,910 [pool-149-thread-1] INFO  server.RaftServerConfigKeys (ConfUtils.java:logGet(43)) - raft.server.log.segment.size.max = 1048576 (custom)
2019-11-14 15:08:06,911 [pool-149-thread-1] INFO  server.RaftServerConfigKeys (ConfUtils.java:logGet(43)) - raft.server.log.segment.cache.num.max = 2 (custom)
2019-11-14 15:08:06,911 [pool-149-thread-1] INFO  segmented.SegmentedRaftLogWorker (SegmentedRaftLogWorker.java:<init>(173)) - new 09f4ece9-71c1-4a5b-9b91-b2a8aadac043@group-99BB9EF96312-SegmentedRaftLogWorker for RaftStorage:Storage Directory /workdir/hadoop-ozone/integration-test/target/test-dir/MiniOzoneClusterImpl-6b3e2517-75a7-4dd9-8054-0b12e404e591/datanode-0/data/ratis/72356d3b-f206-441a-b3f8-99bb9ef96312
2019-11-14 15:08:06,911 [pool-159-thread-1] INFO  server.RaftServerConfigKeys (ConfUtils.java:logGet(43)) - raft.server.log.preallocated.size = 16384 (custom)
2019-11-14 15:08:06,911 [pool-169-thread-1] INFO  server.RaftServerConfigKeys (ConfUtils.java:logGet(43)) - raft.server.log.segment.size.max = 1048576 (custom)
2019-11-14 15:08:06,911 [pool-159-thread-1] INFO  server.RaftServerConfigKeys (ConfUtils.java:logGet(43)) - raft.server.log.write.buffer.size = 33554432 (custom)
2019-11-14 15:08:06,911 [pool-149-thread-1] INFO  server.RaftServerConfigKeys (ConfUtils.java:logGet(43)) - raft.server.log.queue.byte-limit = 2147483647 (custom)
2019-11-14 15:08:06,912 [pool-159-thread-1] INFO  server.RaftServerConfigKeys (ConfUtils.java:logGet(43)) - raft.server.log.force.sync.num = 128 (default)
2019-11-14 15:08:06,912 [pool-169-thread-1] INFO  server.RaftServerConfigKeys (ConfUtils.java:logGet(43)) - raft.server.log.segment.cache.num.max = 2 (custom)
2019-11-14 15:08:06,912 [pool-159-thread-1] INFO  server.RaftServerConfigKeys (ConfUtils.java:logGet(43)) - raft.server.log.statemachine.data.sync = true (default)
2019-11-14 15:08:06,912 [pool-149-thread-1] INFO  server.RaftServerConfigKeys (ConfUtils.java:logGet(43)) - raft.server.log.queue.element-limit = 1024 (custom)
2019-11-14 15:08:06,912 [pool-159-thread-1] INFO  server.RaftServerConfigKeys (ConfUtils.java:logGet(43)) - raft.server.log.statemachine.data.sync.timeout = 10s (default)
2019-11-14 15:08:06,912 [pool-169-thread-1] INFO  segmented.SegmentedRaftLogWorker (SegmentedRaftLogWorker.java:<init>(173)) - new 86084ec4-dae7-4808-81c8-289a21d6f4dc@group-99BB9EF96312-SegmentedRaftLogWorker for RaftStorage:Storage Directory /workdir/hadoop-ozone/integration-test/target/test-dir/MiniOzoneClusterImpl-6b3e2517-75a7-4dd9-8054-0b12e404e591/datanode-2/data/ratis/72356d3b-f206-441a-b3f8-99bb9ef96312
2019-11-14 15:08:06,912 [pool-159-thread-1] INFO  server.RaftServerConfigKeys (ConfUtils.java:logGet(43)) - raft.server.log.statemachine.data.sync.timeout.retry = -1 (default)
2019-11-14 15:08:06,912 [pool-149-thread-1] INFO  server.RaftServerConfigKeys (ConfUtils.java:logGet(43)) - raft.server.log.segment.size.max = 1048576 (custom)
2019-11-14 15:08:06,913 [pool-159-thread-1] INFO  server.RaftServerConfigKeys (ConfUtils.java:logGet(43)) - raft.server.log.statemachine.data.caching.enabled = true (custom)
2019-11-14 15:08:06,913 [pool-169-thread-1] INFO  server.RaftServerConfigKeys (ConfUtils.java:logGet(43)) - raft.server.log.queue.byte-limit = 2147483647 (custom)
2019-11-14 15:08:06,913 [pool-149-thread-1] INFO  server.RaftServerConfigKeys (ConfUtils.java:logGet(43)) - raft.server.log.preallocated.size = 16384 (custom)
2019-11-14 15:08:06,913 [pool-159-thread-1] INFO  segmented.SegmentedRaftLogWorker (SegmentedRaftLogWorker.java:lambda$new$0(128)) - dd0e1198-6ba1-4c32-9ce2-054c25212f92@group-99BB9EF96312-SegmentedRaftLogWorker: flushIndex: setUnconditionally 0 -> -1
2019-11-14 15:08:06,913 [pool-169-thread-1] INFO  server.RaftServerConfigKeys (ConfUtils.java:logGet(43)) - raft.server.log.queue.element-limit = 1024 (custom)
2019-11-14 15:08:06,913 [pool-149-thread-1] INFO  server.RaftServerConfigKeys (ConfUtils.java:logGet(43)) - raft.server.log.write.buffer.size = 33554432 (custom)
2019-11-14 15:08:06,914 [pool-159-thread-1] INFO  server.RaftServerConfigKeys (ConfUtils.java:logGet(43)) - raft.server.snapshot.auto.trigger.enabled = true (custom)
2019-11-14 15:08:06,913 [pool-169-thread-1] INFO  server.RaftServerConfigKeys (ConfUtils.java:logGet(43)) - raft.server.log.segment.size.max = 1048576 (custom)
2019-11-14 15:08:06,914 [pool-159-thread-1] INFO  server.RaftServerConfigKeys (ConfUtils.java:logGet(43)) - raft.server.snapshot.auto.trigger.threshold = 10000 (custom)
2019-11-14 15:08:06,914 [pool-149-thread-1] INFO  server.RaftServerConfigKeys (ConfUtils.java:logGet(43)) - raft.server.log.force.sync.num = 128 (default)
2019-11-14 15:08:06,914 [pool-159-thread-1] INFO  server.RaftServerConfigKeys (ConfUtils.java:logGet(43)) - raft.server.snapshot.retention.file.num = 5 (custom)
2019-11-14 15:08:06,914 [pool-169-thread-1] INFO  server.RaftServerConfigKeys (ConfUtils.java:logGet(43)) - raft.server.log.preallocated.size = 16384 (custom)
2019-11-14 15:08:06,914 [pool-159-thread-1] INFO  server.RaftServerConfigKeys (ConfUtils.java:logGet(43)) - raft.server.retrycache.expirytime = 600000ms (custom)
2019-11-14 15:08:06,914 [pool-149-thread-1] INFO  server.RaftServerConfigKeys (ConfUtils.java:logGet(43)) - raft.server.log.statemachine.data.sync = true (default)
2019-11-14 15:08:06,914 [pool-159-thread-1] WARN  impl.MetricRegistriesImpl (MetricRegistriesImpl.java:lambda$create$1(61)) - First MetricRegistry has been created without registering reporters. You may need to call MetricRegistries.global().addReportRegistration(...) before.
2019-11-14 15:08:06,914 [pool-169-thread-1] INFO  server.RaftServerConfigKeys (ConfUtils.java:logGet(43)) - raft.server.log.write.buffer.size = 33554432 (custom)
2019-11-14 15:08:06,915 [pool-159-thread-1] WARN  impl.MetricRegistriesImpl (MetricRegistriesImpl.java:lambda$create$1(61)) - First MetricRegistry has been created without registering reporters. You may need to call MetricRegistries.global().addReportRegistration(...) before.
2019-11-14 15:08:06,915 [pool-149-thread-1] INFO  server.RaftServerConfigKeys (ConfUtils.java:logGet(43)) - raft.server.log.statemachine.data.sync.timeout = 10s (default)
2019-11-14 15:08:06,915 [pool-159-thread-1] INFO  impl.RaftServerImpl (RaftServerImpl.java:start(184)) - dd0e1198-6ba1-4c32-9ce2-054c25212f92@group-99BB9EF96312: start as a follower, conf=-1: [09f4ece9-71c1-4a5b-9b91-b2a8aadac043:192.168.34.62:45559, 86084ec4-dae7-4808-81c8-289a21d6f4dc:192.168.34.62:33180, dd0e1198-6ba1-4c32-9ce2-054c25212f92:192.168.34.62:42382], old=null
2019-11-14 15:08:06,915 [pool-169-thread-1] INFO  server.RaftServerConfigKeys (ConfUtils.java:logGet(43)) - raft.server.log.force.sync.num = 128 (default)
2019-11-14 15:08:06,915 [pool-159-thread-1] INFO  impl.RaftServerImpl (RaftServerImpl.java:setRole(173)) - dd0e1198-6ba1-4c32-9ce2-054c25212f92@group-99BB9EF96312: changes role from      null to FOLLOWER at term 0 for startAsFollower
2019-11-14 15:08:06,915 [pool-149-thread-1] INFO  server.RaftServerConfigKeys (ConfUtils.java:logGet(43)) - raft.server.log.statemachine.data.sync.timeout.retry = -1 (default)
2019-11-14 15:08:06,915 [pool-159-thread-1] INFO  impl.RoleInfo (RoleInfo.java:updateAndGet(143)) - dd0e1198-6ba1-4c32-9ce2-054c25212f92: start FollowerState
2019-11-14 15:08:06,915 [pool-169-thread-1] INFO  server.RaftServerConfigKeys (ConfUtils.java:logGet(43)) - raft.server.log.statemachine.data.sync = true (default)
2019-11-14 15:08:06,916 [pool-149-thread-1] INFO  server.RaftServerConfigKeys (ConfUtils.java:logGet(43)) - raft.server.log.statemachine.data.caching.enabled = true (custom)
2019-11-14 15:08:06,916 [pool-169-thread-1] INFO  server.RaftServerConfigKeys (ConfUtils.java:logGet(43)) - raft.server.log.statemachine.data.sync.timeout = 10s (default)
2019-11-14 15:08:06,916 [pool-169-thread-1] INFO  server.RaftServerConfigKeys (ConfUtils.java:logGet(43)) - raft.server.log.statemachine.data.sync.timeout.retry = -1 (default)
2019-11-14 15:08:06,916 [pool-159-thread-1] INFO  util.JmxRegister (JmxRegister.java:tryRegister(44)) - Successfully registered JMX Bean with object name Ratis:service=RaftServer,group=group-99BB9EF96312,id=dd0e1198-6ba1-4c32-9ce2-054c25212f92
2019-11-14 15:08:06,916 [pool-149-thread-1] INFO  segmented.SegmentedRaftLogWorker (SegmentedRaftLogWorker.java:lambda$new$0(128)) - 09f4ece9-71c1-4a5b-9b91-b2a8aadac043@group-99BB9EF96312-SegmentedRaftLogWorker: flushIndex: setUnconditionally 0 -> -1
2019-11-14 15:08:06,916 [pool-159-thread-1] WARN  impl.MetricRegistriesImpl (MetricRegistriesImpl.java:lambda$create$1(61)) - First MetricRegistry has been created without registering reporters. You may need to call MetricRegistries.global().addReportRegistration(...) before.
2019-11-14 15:08:06,916 [pool-169-thread-1] INFO  server.RaftServerConfigKeys (ConfUtils.java:logGet(43)) - raft.server.log.statemachine.data.caching.enabled = true (custom)
2019-11-14 15:08:06,917 [pool-149-thread-1] INFO  server.RaftServerConfigKeys (ConfUtils.java:logGet(43)) - raft.server.snapshot.auto.trigger.enabled = true (custom)
2019-11-14 15:08:06,917 [pool-149-thread-1] INFO  server.RaftServerConfigKeys (ConfUtils.java:logGet(43)) - raft.server.snapshot.auto.trigger.threshold = 10000 (custom)
2019-11-14 15:08:06,917 [pool-169-thread-1] INFO  segmented.SegmentedRaftLogWorker (SegmentedRaftLogWorker.java:lambda$new$0(128)) - 86084ec4-dae7-4808-81c8-289a21d6f4dc@group-99BB9EF96312-SegmentedRaftLogWorker: flushIndex: setUnconditionally 0 -> -1
2019-11-14 15:08:06,917 [pool-149-thread-1] INFO  server.RaftServerConfigKeys (ConfUtils.java:logGet(43)) - raft.server.snapshot.retention.file.num = 5 (custom)
2019-11-14 15:08:06,917 [pool-169-thread-1] INFO  server.RaftServerConfigKeys (ConfUtils.java:logGet(43)) - raft.server.snapshot.auto.trigger.enabled = true (custom)
2019-11-14 15:08:06,917 [pool-149-thread-1] INFO  server.RaftServerConfigKeys (ConfUtils.java:logGet(43)) - raft.server.retrycache.expirytime = 600000ms (custom)
2019-11-14 15:08:06,917 [pool-169-thread-1] INFO  server.RaftServerConfigKeys (ConfUtils.java:logGet(43)) - raft.server.snapshot.auto.trigger.threshold = 10000 (custom)
2019-11-14 15:08:06,917 [pool-149-thread-1] WARN  impl.MetricRegistriesImpl (MetricRegistriesImpl.java:lambda$create$1(61)) - First MetricRegistry has been created without registering reporters. You may need to call MetricRegistries.global().addReportRegistration(...) before.
2019-11-14 15:08:06,918 [pool-169-thread-1] INFO  server.RaftServerConfigKeys (ConfUtils.java:logGet(43)) - raft.server.snapshot.retention.file.num = 5 (custom)
2019-11-14 15:08:06,918 [pool-149-thread-1] WARN  impl.MetricRegistriesImpl (MetricRegistriesImpl.java:lambda$create$1(61)) - First MetricRegistry has been created without registering reporters. You may need to call MetricRegistries.global().addReportRegistration(...) before.
2019-11-14 15:08:06,918 [pool-169-thread-1] INFO  server.RaftServerConfigKeys (ConfUtils.java:logGet(43)) - raft.server.retrycache.expirytime = 600000ms (custom)
2019-11-14 15:08:06,918 [pool-149-thread-1] INFO  impl.RaftServerImpl (RaftServerImpl.java:start(184)) - 09f4ece9-71c1-4a5b-9b91-b2a8aadac043@group-99BB9EF96312: start as a follower, conf=-1: [09f4ece9-71c1-4a5b-9b91-b2a8aadac043:192.168.34.62:45559, 86084ec4-dae7-4808-81c8-289a21d6f4dc:192.168.34.62:33180, dd0e1198-6ba1-4c32-9ce2-054c25212f92:192.168.34.62:42382], old=null
2019-11-14 15:08:06,918 [pool-169-thread-1] WARN  impl.MetricRegistriesImpl (MetricRegistriesImpl.java:lambda$create$1(61)) - First MetricRegistry has been created without registering reporters. You may need to call MetricRegistries.global().addReportRegistration(...) before.
2019-11-14 15:08:06,918 [pool-149-thread-1] INFO  impl.RaftServerImpl (RaftServerImpl.java:setRole(173)) - 09f4ece9-71c1-4a5b-9b91-b2a8aadac043@group-99BB9EF96312: changes role from      null to FOLLOWER at term 0 for startAsFollower
2019-11-14 15:08:06,918 [pool-169-thread-1] WARN  impl.MetricRegistriesImpl (MetricRegistriesImpl.java:lambda$create$1(61)) - First MetricRegistry has been created without registering reporters. You may need to call MetricRegistries.global().addReportRegistration(...) before.
2019-11-14 15:08:06,918 [pool-149-thread-1] INFO  impl.RoleInfo (RoleInfo.java:updateAndGet(143)) - 09f4ece9-71c1-4a5b-9b91-b2a8aadac043: start FollowerState
2019-11-14 15:08:06,919 [pool-169-thread-1] INFO  impl.RaftServerImpl (RaftServerImpl.java:start(184)) - 86084ec4-dae7-4808-81c8-289a21d6f4dc@group-99BB9EF96312: start as a follower, conf=-1: [09f4ece9-71c1-4a5b-9b91-b2a8aadac043:192.168.34.62:45559, 86084ec4-dae7-4808-81c8-289a21d6f4dc:192.168.34.62:33180, dd0e1198-6ba1-4c32-9ce2-054c25212f92:192.168.34.62:42382], old=null
2019-11-14 15:08:06,919 [pool-169-thread-1] INFO  impl.RaftServerImpl (RaftServerImpl.java:setRole(173)) - 86084ec4-dae7-4808-81c8-289a21d6f4dc@group-99BB9EF96312: changes role from      null to FOLLOWER at term 0 for startAsFollower
2019-11-14 15:08:06,919 [pool-169-thread-1] INFO  impl.RoleInfo (RoleInfo.java:updateAndGet(143)) - 86084ec4-dae7-4808-81c8-289a21d6f4dc: start FollowerState
2019-11-14 15:08:06,919 [pool-149-thread-1] INFO  util.JmxRegister (JmxRegister.java:tryRegister(44)) - Successfully registered JMX Bean with object name Ratis:service=RaftServer,group=group-99BB9EF96312,id=09f4ece9-71c1-4a5b-9b91-b2a8aadac043
2019-11-14 15:08:06,919 [pool-149-thread-1] WARN  impl.MetricRegistriesImpl (MetricRegistriesImpl.java:lambda$create$1(61)) - First MetricRegistry has been created without registering reporters. You may need to call MetricRegistries.global().addReportRegistration(...) before.
2019-11-14 15:08:06,919 [pool-169-thread-1] INFO  util.JmxRegister (JmxRegister.java:tryRegister(44)) - Successfully registered JMX Bean with object name Ratis:service=RaftServer,group=group-99BB9EF96312,id=86084ec4-dae7-4808-81c8-289a21d6f4dc
2019-11-14 15:08:06,919 [pool-169-thread-1] WARN  impl.MetricRegistriesImpl (MetricRegistriesImpl.java:lambda$create$1(61)) - First MetricRegistry has been created without registering reporters. You may need to call MetricRegistries.global().addReportRegistration(...) before.
2019-11-14 15:08:06,922 [RatisPipelineUtilsThread] INFO  pipeline.PipelineStateManager (PipelineStateManager.java:addPipeline(55)) - Created pipeline Pipeline[ Id: 72356d3b-f206-441a-b3f8-99bb9ef96312, Nodes: 09f4ece9-71c1-4a5b-9b91-b2a8aadac043{ip: 192.168.34.62, host: pr-hdds-2480-6qkg9-608321763, networkLocation: /rack1, certSerialId: null}dd0e1198-6ba1-4c32-9ce2-054c25212f92{ip: 192.168.34.62, host: pr-hdds-2480-6qkg9-608321763, networkLocation: /rack1, certSerialId: null}86084ec4-dae7-4808-81c8-289a21d6f4dc{ip: 192.168.34.62, host: pr-hdds-2480-6qkg9-608321763, networkLocation: /rack1, certSerialId: null}, Type:RATIS, Factor:THREE, State:ALLOCATED]
2019-11-14 15:08:06,948 [IPC Server handler 8 on 42444] INFO  net.NetworkTopology (NetworkTopologyImpl.java:add(111)) - Added a new node: /rack1/25c17e6e-60f2-43b7-8570-af6cc9981309
2019-11-14 15:08:06,949 [IPC Server handler 8 on 42444] INFO  node.SCMNodeManager (SCMNodeManager.java:register(267)) - Registered Data node : 25c17e6e-60f2-43b7-8570-af6cc9981309{ip: 192.168.34.62, host: pr-hdds-2480-6qkg9-608321763, networkLocation: /rack1, certSerialId: null}
2019-11-14 15:08:06,958 [grpc-default-executor-3] INFO  impl.RaftServerProxy (RaftServerProxy.java:addNew(89)) - 59f802cb-c907-44a0-9069-e10bb38eff5d: addNew group-C6CC9600584E:[59f802cb-c907-44a0-9069-e10bb38eff5d:192.168.34.62:41183] returns group-C6CC9600584E:java.util.concurrent.CompletableFuture@2927d936[Not completed]
2019-11-14 15:08:06,962 [pool-179-thread-1] INFO  impl.RaftServerImpl (RaftServerImpl.java:<init>(98)) - 59f802cb-c907-44a0-9069-e10bb38eff5d: new RaftServerImpl for group-C6CC9600584E:[59f802cb-c907-44a0-9069-e10bb38eff5d:192.168.34.62:41183] with ContainerStateMachine:uninitialized
2019-11-14 15:08:06,962 [pool-179-thread-1] INFO  server.RaftServerConfigKeys (ConfUtils.java:logGet(43)) - raft.server.rpc.timeout.min = 1s (custom)
2019-11-14 15:08:06,962 [pool-179-thread-1] INFO  server.RaftServerConfigKeys (ConfUtils.java:logGet(43)) - raft.server.rpc.timeout.max = 1200ms (custom)
2019-11-14 15:08:06,962 [pool-179-thread-1] INFO  server.RaftServerConfigKeys (ConfUtils.java:logGet(43)) - raft.server.rpcslowness.timeout = 120s (custom)
2019-11-14 15:08:06,962 [pool-179-thread-1] INFO  server.RaftServerConfigKeys (ConfUtils.java:logGet(43)) - raft.server.sleep.deviation.threshold = 300 (default)
2019-11-14 15:08:06,962 [pool-179-thread-1] INFO  server.RaftServerConfigKeys (ConfUtils.java:logGet(43)) - raft.server.log.appender.install.snapshot.enabled = false (custom)
2019-11-14 15:08:06,962 [pool-179-thread-1] INFO  impl.RaftServerImpl (ServerState.java:<init>(103)) - 59f802cb-c907-44a0-9069-e10bb38eff5d@group-C6CC9600584E: ConfigurationManager, init=-1: [59f802cb-c907-44a0-9069-e10bb38eff5d:192.168.34.62:41183], old=null, confs=<EMPTY_MAP>
2019-11-14 15:08:06,963 [pool-179-thread-1] INFO  server.RaftServerConfigKeys (ConfUtils.java:logGet(43)) - raft.server.storage.dir = [/workdir/hadoop-ozone/integration-test/target/test-dir/MiniOzoneClusterImpl-6b3e2517-75a7-4dd9-8054-0b12e404e591/datanode-3/data/ratis] (custom)
2019-11-14 15:08:06,963 [pool-179-thread-1] INFO  server.RaftServerConfigKeys (ConfUtils.java:logGet(43)) - raft.server.log.corruption.policy = EXCEPTION (default)
2019-11-14 15:08:06,963 [pool-179-thread-1] INFO  storage.RaftStorageDirectory (RaftStorageDirectory.java:analyzeStorage(246)) - The storage directory /workdir/hadoop-ozone/integration-test/target/test-dir/MiniOzoneClusterImpl-6b3e2517-75a7-4dd9-8054-0b12e404e591/datanode-3/data/ratis/e11161de-0673-4c55-9f8c-c6cc9600584e does not exist. Creating ...
2019-11-14 15:08:06,987 [pool-179-thread-1] INFO  storage.RaftStorageDirectory (RaftStorageDirectory.java:tryLock(328)) - Lock on /workdir/hadoop-ozone/integration-test/target/test-dir/MiniOzoneClusterImpl-6b3e2517-75a7-4dd9-8054-0b12e404e591/datanode-3/data/ratis/e11161de-0673-4c55-9f8c-c6cc9600584e/in_use.lock acquired by nodename 23875@pr-hdds-2480-6qkg9-608321763
2019-11-14 15:08:06,996 [pool-179-thread-1] INFO  storage.RaftStorage (RaftStorage.java:format(84)) - Storage directory /workdir/hadoop-ozone/integration-test/target/test-dir/MiniOzoneClusterImpl-6b3e2517-75a7-4dd9-8054-0b12e404e591/datanode-3/data/ratis/e11161de-0673-4c55-9f8c-c6cc9600584e has been successfully formatted.
2019-11-14 15:08:06,996 [pool-179-thread-1] INFO  ratis.ContainerStateMachine (ContainerStateMachine.java:loadSnapshot(223)) - group-C6CC9600584E: The snapshot info is null. Setting the last applied indexto:(t:0, i:~)
2019-11-14 15:08:06,997 [pool-179-thread-1] INFO  server.RaftServerConfigKeys (ConfUtils.java:logGet(43)) - raft.server.notification.no-leader.timeout = 120s (custom)
2019-11-14 15:08:06,997 [pool-179-thread-1] INFO  server.RaftServerConfigKeys (ConfUtils.java:logGet(43)) - raft.server.log.use.memory = false (default)
2019-11-14 15:08:06,997 [pool-179-thread-1] INFO  server.RaftServerConfigKeys (ConfUtils.java:logGet(43)) - raft.server.log.purge.gap = 1000000 (custom)
2019-11-14 15:08:06,997 [pool-179-thread-1] INFO  server.RaftServerConfigKeys (ConfUtils.java:logGet(43)) - raft.server.log.appender.buffer.byte-limit = 33554432 (custom)
2019-11-14 15:08:06,997 [pool-179-thread-1] INFO  server.RaftServerConfigKeys (ConfUtils.java:logGet(43)) - raft.server.log.segment.size.max = 1048576 (custom)
2019-11-14 15:08:06,997 [pool-179-thread-1] WARN  impl.MetricRegistriesImpl (MetricRegistriesImpl.java:lambda$create$1(61)) - First MetricRegistry has been created without registering reporters. You may need to call MetricRegistries.global().addReportRegistration(...) before.
2019-11-14 15:08:06,998 [pool-179-thread-1] INFO  server.RaftServerConfigKeys (ConfUtils.java:logGet(43)) - raft.server.log.segment.cache.num.max = 2 (custom)
2019-11-14 15:08:06,998 [pool-179-thread-1] INFO  segmented.SegmentedRaftLogWorker (SegmentedRaftLogWorker.java:<init>(173)) - new 59f802cb-c907-44a0-9069-e10bb38eff5d@group-C6CC9600584E-SegmentedRaftLogWorker for RaftStorage:Storage Directory /workdir/hadoop-ozone/integration-test/target/test-dir/MiniOzoneClusterImpl-6b3e2517-75a7-4dd9-8054-0b12e404e591/datanode-3/data/ratis/e11161de-0673-4c55-9f8c-c6cc9600584e
2019-11-14 15:08:06,998 [pool-179-thread-1] INFO  server.RaftServerConfigKeys (ConfUtils.java:logGet(43)) - raft.server.log.queue.byte-limit = 2147483647 (custom)
2019-11-14 15:08:06,998 [pool-179-thread-1] INFO  server.RaftServerConfigKeys (ConfUtils.java:logGet(43)) - raft.server.log.queue.element-limit = 1024 (custom)
2019-11-14 15:08:06,998 [pool-179-thread-1] INFO  server.RaftServerConfigKeys (ConfUtils.java:logGet(43)) - raft.server.log.segment.size.max = 1048576 (custom)
2019-11-14 15:08:06,998 [pool-179-thread-1] INFO  server.RaftServerConfigKeys (ConfUtils.java:logGet(43)) - raft.server.log.preallocated.size = 16384 (custom)
2019-11-14 15:08:06,998 [pool-179-thread-1] INFO  server.RaftServerConfigKeys (ConfUtils.java:logGet(43)) - raft.server.log.write.buffer.size = 33554432 (custom)
2019-11-14 15:08:06,998 [pool-179-thread-1] INFO  server.RaftServerConfigKeys (ConfUtils.java:logGet(43)) - raft.server.log.force.sync.num = 128 (default)
2019-11-14 15:08:06,999 [pool-179-thread-1] INFO  server.RaftServerConfigKeys (ConfUtils.java:logGet(43)) - raft.server.log.statemachine.data.sync = true (default)
2019-11-14 15:08:06,999 [pool-179-thread-1] INFO  server.RaftServerConfigKeys (ConfUtils.java:logGet(43)) - raft.server.log.statemachine.data.sync.timeout = 10s (default)
2019-11-14 15:08:06,999 [pool-179-thread-1] INFO  server.RaftServerConfigKeys (ConfUtils.java:logGet(43)) - raft.server.log.statemachine.data.sync.timeout.retry = -1 (default)
2019-11-14 15:08:06,999 [pool-179-thread-1] INFO  server.RaftServerConfigKeys (ConfUtils.java:logGet(43)) - raft.server.log.statemachine.data.caching.enabled = true (custom)
2019-11-14 15:08:06,999 [pool-179-thread-1] INFO  segmented.SegmentedRaftLogWorker (SegmentedRaftLogWorker.java:lambda$new$0(128)) - 59f802cb-c907-44a0-9069-e10bb38eff5d@group-C6CC9600584E-SegmentedRaftLogWorker: flushIndex: setUnconditionally 0 -> -1
2019-11-14 15:08:07,000 [pool-179-thread-1] INFO  server.RaftServerConfigKeys (ConfUtils.java:logGet(43)) - raft.server.snapshot.auto.trigger.enabled = true (custom)
2019-11-14 15:08:07,000 [pool-179-thread-1] INFO  server.RaftServerConfigKeys (ConfUtils.java:logGet(43)) - raft.server.snapshot.auto.trigger.threshold = 10000 (custom)
2019-11-14 15:08:07,000 [pool-179-thread-1] INFO  server.RaftServerConfigKeys (ConfUtils.java:logGet(43)) - raft.server.snapshot.retention.file.num = 5 (custom)
2019-11-14 15:08:07,000 [pool-179-thread-1] INFO  server.RaftServerConfigKeys (ConfUtils.java:logGet(43)) - raft.server.retrycache.expirytime = 600000ms (custom)
2019-11-14 15:08:07,000 [pool-179-thread-1] WARN  impl.MetricRegistriesImpl (MetricRegistriesImpl.java:lambda$create$1(61)) - First MetricRegistry has been created without registering reporters. You may need to call MetricRegistries.global().addReportRegistration(...) before.
2019-11-14 15:08:07,001 [pool-179-thread-1] WARN  impl.MetricRegistriesImpl (MetricRegistriesImpl.java:lambda$create$1(61)) - First MetricRegistry has been created without registering reporters. You may need to call MetricRegistries.global().addReportRegistration(...) before.
2019-11-14 15:08:07,001 [pool-179-thread-1] INFO  impl.RaftServerImpl (RaftServerImpl.java:start(184)) - 59f802cb-c907-44a0-9069-e10bb38eff5d@group-C6CC9600584E: start as a follower, conf=-1: [59f802cb-c907-44a0-9069-e10bb38eff5d:192.168.34.62:41183], old=null
2019-11-14 15:08:07,001 [pool-179-thread-1] INFO  impl.RaftServerImpl (RaftServerImpl.java:setRole(173)) - 59f802cb-c907-44a0-9069-e10bb38eff5d@group-C6CC9600584E: changes role from      null to FOLLOWER at term 0 for startAsFollower
2019-11-14 15:08:07,001 [pool-179-thread-1] INFO  impl.RoleInfo (RoleInfo.java:updateAndGet(143)) - 59f802cb-c907-44a0-9069-e10bb38eff5d: start FollowerState
2019-11-14 15:08:07,002 [pool-179-thread-1] INFO  util.JmxRegister (JmxRegister.java:tryRegister(44)) - Successfully registered JMX Bean with object name Ratis:service=RaftServer,group=group-C6CC9600584E,id=59f802cb-c907-44a0-9069-e10bb38eff5d
2019-11-14 15:08:07,002 [pool-179-thread-1] WARN  impl.MetricRegistriesImpl (MetricRegistriesImpl.java:lambda$create$1(61)) - First MetricRegistry has been created without registering reporters. You may need to call MetricRegistries.global().addReportRegistration(...) before.
2019-11-14 15:08:07,005 [RatisPipelineUtilsThread] INFO  pipeline.PipelineStateManager (PipelineStateManager.java:addPipeline(55)) - Created pipeline Pipeline[ Id: e11161de-0673-4c55-9f8c-c6cc9600584e, Nodes: 59f802cb-c907-44a0-9069-e10bb38eff5d{ip: 192.168.34.62, host: pr-hdds-2480-6qkg9-608321763, networkLocation: /rack1, certSerialId: null}, Type:RATIS, Factor:ONE, State:ALLOCATED]
2019-11-14 15:08:07,013 [grpc-default-executor-3] INFO  impl.RaftServerProxy (RaftServerProxy.java:addNew(89)) - 25c17e6e-60f2-43b7-8570-af6cc9981309: addNew group-5E1F6FA2FD85:[25c17e6e-60f2-43b7-8570-af6cc9981309:192.168.34.62:41260] returns group-5E1F6FA2FD85:java.util.concurrent.CompletableFuture@22a093fc[Not completed]
2019-11-14 15:08:07,015 [pool-189-thread-1] INFO  impl.RaftServerImpl (RaftServerImpl.java:<init>(98)) - 25c17e6e-60f2-43b7-8570-af6cc9981309: new RaftServerImpl for group-5E1F6FA2FD85:[25c17e6e-60f2-43b7-8570-af6cc9981309:192.168.34.62:41260] with ContainerStateMachine:uninitialized
2019-11-14 15:08:07,015 [pool-189-thread-1] INFO  server.RaftServerConfigKeys (ConfUtils.java:logGet(43)) - raft.server.rpc.timeout.min = 1s (custom)
2019-11-14 15:08:07,015 [pool-189-thread-1] INFO  server.RaftServerConfigKeys (ConfUtils.java:logGet(43)) - raft.server.rpc.timeout.max = 1200ms (custom)
2019-11-14 15:08:07,015 [pool-189-thread-1] INFO  server.RaftServerConfigKeys (ConfUtils.java:logGet(43)) - raft.server.rpcslowness.timeout = 120s (custom)
2019-11-14 15:08:07,015 [pool-189-thread-1] INFO  server.RaftServerConfigKeys (ConfUtils.java:logGet(43)) - raft.server.sleep.deviation.threshold = 300 (default)
2019-11-14 15:08:07,016 [IPC Server handler 9 on 42444] INFO  net.NetworkTopology (NetworkTopologyImpl.java:add(111)) - Added a new node: /rack1/19d9f0ed-7324-40ce-9ded-4f2ae42bdb1f
2019-11-14 15:08:07,016 [pool-189-thread-1] INFO  server.RaftServerConfigKeys (ConfUtils.java:logGet(43)) - raft.server.log.appender.install.snapshot.enabled = false (custom)
2019-11-14 15:08:07,016 [IPC Server handler 9 on 42444] INFO  node.SCMNodeManager (SCMNodeManager.java:register(267)) - Registered Data node : 19d9f0ed-7324-40ce-9ded-4f2ae42bdb1f{ip: 192.168.34.62, host: pr-hdds-2480-6qkg9-608321763, networkLocation: /rack1, certSerialId: null}
2019-11-14 15:08:07,016 [pool-189-thread-1] INFO  impl.RaftServerImpl (ServerState.java:<init>(103)) - 25c17e6e-60f2-43b7-8570-af6cc9981309@group-5E1F6FA2FD85: ConfigurationManager, init=-1: [25c17e6e-60f2-43b7-8570-af6cc9981309:192.168.34.62:41260], old=null, confs=<EMPTY_MAP>
2019-11-14 15:08:07,016 [pool-189-thread-1] INFO  server.RaftServerConfigKeys (ConfUtils.java:logGet(43)) - raft.server.storage.dir = [/workdir/hadoop-ozone/integration-test/target/test-dir/MiniOzoneClusterImpl-6b3e2517-75a7-4dd9-8054-0b12e404e591/datanode-4/data/ratis] (custom)
2019-11-14 15:08:07,016 [pool-189-thread-1] INFO  server.RaftServerConfigKeys (ConfUtils.java:logGet(43)) - raft.server.log.corruption.policy = EXCEPTION (default)
2019-11-14 15:08:07,017 [pool-189-thread-1] INFO  storage.RaftStorageDirectory (RaftStorageDirectory.java:analyzeStorage(246)) - The storage directory /workdir/hadoop-ozone/integration-test/target/test-dir/MiniOzoneClusterImpl-6b3e2517-75a7-4dd9-8054-0b12e404e591/datanode-4/data/ratis/364f8a31-2172-485b-92ad-5e1f6fa2fd85 does not exist. Creating ...
2019-11-14 15:08:07,030 [pool-189-thread-1] INFO  storage.RaftStorageDirectory (RaftStorageDirectory.java:tryLock(328)) - Lock on /workdir/hadoop-ozone/integration-test/target/test-dir/MiniOzoneClusterImpl-6b3e2517-75a7-4dd9-8054-0b12e404e591/datanode-4/data/ratis/364f8a31-2172-485b-92ad-5e1f6fa2fd85/in_use.lock acquired by nodename 23875@pr-hdds-2480-6qkg9-608321763
2019-11-14 15:08:07,044 [pool-189-thread-1] INFO  storage.RaftStorage (RaftStorage.java:format(84)) - Storage directory /workdir/hadoop-ozone/integration-test/target/test-dir/MiniOzoneClusterImpl-6b3e2517-75a7-4dd9-8054-0b12e404e591/datanode-4/data/ratis/364f8a31-2172-485b-92ad-5e1f6fa2fd85 has been successfully formatted.
2019-11-14 15:08:07,044 [pool-189-thread-1] INFO  ratis.ContainerStateMachine (ContainerStateMachine.java:loadSnapshot(223)) - group-5E1F6FA2FD85: The snapshot info is null. Setting the last applied indexto:(t:0, i:~)
2019-11-14 15:08:07,044 [pool-189-thread-1] INFO  server.RaftServerConfigKeys (ConfUtils.java:logGet(43)) - raft.server.notification.no-leader.timeout = 120s (custom)
2019-11-14 15:08:07,044 [pool-189-thread-1] INFO  server.RaftServerConfigKeys (ConfUtils.java:logGet(43)) - raft.server.log.use.memory = false (default)
2019-11-14 15:08:07,044 [pool-189-thread-1] INFO  server.RaftServerConfigKeys (ConfUtils.java:logGet(43)) - raft.server.log.purge.gap = 1000000 (custom)
2019-11-14 15:08:07,045 [pool-189-thread-1] INFO  server.RaftServerConfigKeys (ConfUtils.java:logGet(43)) - raft.server.log.appender.buffer.byte-limit = 33554432 (custom)
2019-11-14 15:08:07,045 [pool-189-thread-1] INFO  server.RaftServerConfigKeys (ConfUtils.java:logGet(43)) - raft.server.log.segment.size.max = 1048576 (custom)
2019-11-14 15:08:07,045 [pool-189-thread-1] WARN  impl.MetricRegistriesImpl (MetricRegistriesImpl.java:lambda$create$1(61)) - First MetricRegistry has been created without registering reporters. You may need to call MetricRegistries.global().addReportRegistration(...) before.
2019-11-14 15:08:07,045 [pool-189-thread-1] INFO  server.RaftServerConfigKeys (ConfUtils.java:logGet(43)) - raft.server.log.segment.cache.num.max = 2 (custom)
2019-11-14 15:08:07,045 [pool-189-thread-1] INFO  segmented.SegmentedRaftLogWorker (SegmentedRaftLogWorker.java:<init>(173)) - new 25c17e6e-60f2-43b7-8570-af6cc9981309@group-5E1F6FA2FD85-SegmentedRaftLogWorker for RaftStorage:Storage Directory /workdir/hadoop-ozone/integration-test/target/test-dir/MiniOzoneClusterImpl-6b3e2517-75a7-4dd9-8054-0b12e404e591/datanode-4/data/ratis/364f8a31-2172-485b-92ad-5e1f6fa2fd85
2019-11-14 15:08:07,045 [pool-189-thread-1] INFO  server.RaftServerConfigKeys (ConfUtils.java:logGet(43)) - raft.server.log.queue.byte-limit = 2147483647 (custom)
2019-11-14 15:08:07,045 [pool-189-thread-1] INFO  server.RaftServerConfigKeys (ConfUtils.java:logGet(43)) - raft.server.log.queue.element-limit = 1024 (custom)
2019-11-14 15:08:07,046 [pool-189-thread-1] INFO  server.RaftServerConfigKeys (ConfUtils.java:logGet(43)) - raft.server.log.segment.size.max = 1048576 (custom)
2019-11-14 15:08:07,046 [pool-189-thread-1] INFO  server.RaftServerConfigKeys (ConfUtils.java:logGet(43)) - raft.server.log.preallocated.size = 16384 (custom)
2019-11-14 15:08:07,046 [pool-189-thread-1] INFO  server.RaftServerConfigKeys (ConfUtils.java:logGet(43)) - raft.server.log.write.buffer.size = 33554432 (custom)
2019-11-14 15:08:07,046 [pool-189-thread-1] INFO  server.RaftServerConfigKeys (ConfUtils.java:logGet(43)) - raft.server.log.force.sync.num = 128 (default)
2019-11-14 15:08:07,046 [pool-189-thread-1] INFO  server.RaftServerConfigKeys (ConfUtils.java:logGet(43)) - raft.server.log.statemachine.data.sync = true (default)
2019-11-14 15:08:07,046 [pool-189-thread-1] INFO  server.RaftServerConfigKeys (ConfUtils.java:logGet(43)) - raft.server.log.statemachine.data.sync.timeout = 10s (default)
2019-11-14 15:08:07,046 [pool-189-thread-1] INFO  server.RaftServerConfigKeys (ConfUtils.java:logGet(43)) - raft.server.log.statemachine.data.sync.timeout.retry = -1 (default)
2019-11-14 15:08:07,047 [pool-189-thread-1] INFO  server.RaftServerConfigKeys (ConfUtils.java:logGet(43)) - raft.server.log.statemachine.data.caching.enabled = true (custom)
2019-11-14 15:08:07,047 [pool-189-thread-1] INFO  segmented.SegmentedRaftLogWorker (SegmentedRaftLogWorker.java:lambda$new$0(128)) - 25c17e6e-60f2-43b7-8570-af6cc9981309@group-5E1F6FA2FD85-SegmentedRaftLogWorker: flushIndex: setUnconditionally 0 -> -1
2019-11-14 15:08:07,047 [pool-189-thread-1] INFO  server.RaftServerConfigKeys (ConfUtils.java:logGet(43)) - raft.server.snapshot.auto.trigger.enabled = true (custom)
2019-11-14 15:08:07,047 [pool-189-thread-1] INFO  server.RaftServerConfigKeys (ConfUtils.java:logGet(43)) - raft.server.snapshot.auto.trigger.threshold = 10000 (custom)
2019-11-14 15:08:07,048 [pool-189-thread-1] INFO  server.RaftServerConfigKeys (ConfUtils.java:logGet(43)) - raft.server.snapshot.retention.file.num = 5 (custom)
2019-11-14 15:08:07,048 [pool-189-thread-1] INFO  server.RaftServerConfigKeys (ConfUtils.java:logGet(43)) - raft.server.retrycache.expirytime = 600000ms (custom)
2019-11-14 15:08:07,048 [pool-189-thread-1] WARN  impl.MetricRegistriesImpl (MetricRegistriesImpl.java:lambda$create$1(61)) - First MetricRegistry has been created without registering reporters. You may need to call MetricRegistries.global().addReportRegistration(...) before.
2019-11-14 15:08:07,048 [pool-189-thread-1] WARN  impl.MetricRegistriesImpl (MetricRegistriesImpl.java:lambda$create$1(61)) - First MetricRegistry has been created without registering reporters. You may need to call MetricRegistries.global().addReportRegistration(...) before.
2019-11-14 15:08:07,048 [pool-189-thread-1] INFO  impl.RaftServerImpl (RaftServerImpl.java:start(184)) - 25c17e6e-60f2-43b7-8570-af6cc9981309@group-5E1F6FA2FD85: start as a follower, conf=-1: [25c17e6e-60f2-43b7-8570-af6cc9981309:192.168.34.62:41260], old=null
2019-11-14 15:08:07,048 [pool-189-thread-1] INFO  impl.RaftServerImpl (RaftServerImpl.java:setRole(173)) - 25c17e6e-60f2-43b7-8570-af6cc9981309@group-5E1F6FA2FD85: changes role from      null to FOLLOWER at term 0 for startAsFollower
2019-11-14 15:08:07,049 [pool-189-thread-1] INFO  impl.RoleInfo (RoleInfo.java:updateAndGet(143)) - 25c17e6e-60f2-43b7-8570-af6cc9981309: start FollowerState
2019-11-14 15:08:07,049 [pool-189-thread-1] INFO  util.JmxRegister (JmxRegister.java:tryRegister(44)) - Successfully registered JMX Bean with object name Ratis:service=RaftServer,group=group-5E1F6FA2FD85,id=25c17e6e-60f2-43b7-8570-af6cc9981309
2019-11-14 15:08:07,049 [pool-189-thread-1] WARN  impl.MetricRegistriesImpl (MetricRegistriesImpl.java:lambda$create$1(61)) - First MetricRegistry has been created without registering reporters. You may need to call MetricRegistries.global().addReportRegistration(...) before.
2019-11-14 15:08:07,052 [RatisPipelineUtilsThread] INFO  pipeline.PipelineStateManager (PipelineStateManager.java:addPipeline(55)) - Created pipeline Pipeline[ Id: 364f8a31-2172-485b-92ad-5e1f6fa2fd85, Nodes: 25c17e6e-60f2-43b7-8570-af6cc9981309{ip: 192.168.34.62, host: pr-hdds-2480-6qkg9-608321763, networkLocation: /rack1, certSerialId: null}, Type:RATIS, Factor:ONE, State:ALLOCATED]
2019-11-14 15:08:07,061 [grpc-default-executor-3] INFO  impl.RaftServerProxy (RaftServerProxy.java:addNew(89)) - 19d9f0ed-7324-40ce-9ded-4f2ae42bdb1f: addNew group-69EFDD73C694:[19d9f0ed-7324-40ce-9ded-4f2ae42bdb1f:192.168.34.62:46177] returns group-69EFDD73C694:java.util.concurrent.CompletableFuture@40ac8c6a[Not completed]
2019-11-14 15:08:07,062 [pool-199-thread-1] INFO  impl.RaftServerImpl (RaftServerImpl.java:<init>(98)) - 19d9f0ed-7324-40ce-9ded-4f2ae42bdb1f: new RaftServerImpl for group-69EFDD73C694:[19d9f0ed-7324-40ce-9ded-4f2ae42bdb1f:192.168.34.62:46177] with ContainerStateMachine:uninitialized
2019-11-14 15:08:07,062 [pool-199-thread-1] INFO  server.RaftServerConfigKeys (ConfUtils.java:logGet(43)) - raft.server.rpc.timeout.min = 1s (custom)
2019-11-14 15:08:07,062 [pool-199-thread-1] INFO  server.RaftServerConfigKeys (ConfUtils.java:logGet(43)) - raft.server.rpc.timeout.max = 1200ms (custom)
2019-11-14 15:08:07,062 [pool-199-thread-1] INFO  server.RaftServerConfigKeys (ConfUtils.java:logGet(43)) - raft.server.rpcslowness.timeout = 120s (custom)
2019-11-14 15:08:07,062 [pool-199-thread-1] INFO  server.RaftServerConfigKeys (ConfUtils.java:logGet(43)) - raft.server.sleep.deviation.threshold = 300 (default)
2019-11-14 15:08:07,062 [pool-199-thread-1] INFO  server.RaftServerConfigKeys (ConfUtils.java:logGet(43)) - raft.server.log.appender.install.snapshot.enabled = false (custom)
2019-11-14 15:08:07,063 [pool-199-thread-1] INFO  impl.RaftServerImpl (ServerState.java:<init>(103)) - 19d9f0ed-7324-40ce-9ded-4f2ae42bdb1f@group-69EFDD73C694: ConfigurationManager, init=-1: [19d9f0ed-7324-40ce-9ded-4f2ae42bdb1f:192.168.34.62:46177], old=null, confs=<EMPTY_MAP>
2019-11-14 15:08:07,063 [pool-199-thread-1] INFO  server.RaftServerConfigKeys (ConfUtils.java:logGet(43)) - raft.server.storage.dir = [/workdir/hadoop-ozone/integration-test/target/test-dir/MiniOzoneClusterImpl-6b3e2517-75a7-4dd9-8054-0b12e404e591/datanode-5/data/ratis] (custom)
2019-11-14 15:08:07,063 [pool-199-thread-1] INFO  server.RaftServerConfigKeys (ConfUtils.java:logGet(43)) - raft.server.log.corruption.policy = EXCEPTION (default)
2019-11-14 15:08:07,063 [pool-199-thread-1] INFO  storage.RaftStorageDirectory (RaftStorageDirectory.java:analyzeStorage(246)) - The storage directory /workdir/hadoop-ozone/integration-test/target/test-dir/MiniOzoneClusterImpl-6b3e2517-75a7-4dd9-8054-0b12e404e591/datanode-5/data/ratis/67cb3793-8f69-4b46-9419-69efdd73c694 does not exist. Creating ...
2019-11-14 15:08:07,076 [pool-199-thread-1] INFO  storage.RaftStorageDirectory (RaftStorageDirectory.java:tryLock(328)) - Lock on /workdir/hadoop-ozone/integration-test/target/test-dir/MiniOzoneClusterImpl-6b3e2517-75a7-4dd9-8054-0b12e404e591/datanode-5/data/ratis/67cb3793-8f69-4b46-9419-69efdd73c694/in_use.lock acquired by nodename 23875@pr-hdds-2480-6qkg9-608321763
2019-11-14 15:08:07,088 [IPC Server handler 0 on 42444] INFO  net.NetworkTopology (NetworkTopologyImpl.java:add(111)) - Added a new node: /rack1/8344cb33-ae61-4ff3-97f7-00b91742683d
2019-11-14 15:08:07,088 [IPC Server handler 0 on 42444] INFO  node.SCMNodeManager (SCMNodeManager.java:register(267)) - Registered Data node : 8344cb33-ae61-4ff3-97f7-00b91742683d{ip: 192.168.34.62, host: pr-hdds-2480-6qkg9-608321763, networkLocation: /rack1, certSerialId: null}
2019-11-14 15:08:07,089 [pool-199-thread-1] INFO  storage.RaftStorage (RaftStorage.java:format(84)) - Storage directory /workdir/hadoop-ozone/integration-test/target/test-dir/MiniOzoneClusterImpl-6b3e2517-75a7-4dd9-8054-0b12e404e591/datanode-5/data/ratis/67cb3793-8f69-4b46-9419-69efdd73c694 has been successfully formatted.
2019-11-14 15:08:07,090 [pool-199-thread-1] INFO  ratis.ContainerStateMachine (ContainerStateMachine.java:loadSnapshot(223)) - group-69EFDD73C694: The snapshot info is null. Setting the last applied indexto:(t:0, i:~)
2019-11-14 15:08:07,090 [pool-199-thread-1] INFO  server.RaftServerConfigKeys (ConfUtils.java:logGet(43)) - raft.server.notification.no-leader.timeout = 120s (custom)
2019-11-14 15:08:07,090 [pool-199-thread-1] INFO  server.RaftServerConfigKeys (ConfUtils.java:logGet(43)) - raft.server.log.use.memory = false (default)
2019-11-14 15:08:07,090 [pool-199-thread-1] INFO  server.RaftServerConfigKeys (ConfUtils.java:logGet(43)) - raft.server.log.purge.gap = 1000000 (custom)
2019-11-14 15:08:07,090 [pool-199-thread-1] INFO  server.RaftServerConfigKeys (ConfUtils.java:logGet(43)) - raft.server.log.appender.buffer.byte-limit = 33554432 (custom)
2019-11-14 15:08:07,090 [pool-199-thread-1] INFO  server.RaftServerConfigKeys (ConfUtils.java:logGet(43)) - raft.server.log.segment.size.max = 1048576 (custom)
2019-11-14 15:08:07,091 [pool-199-thread-1] WARN  impl.MetricRegistriesImpl (MetricRegistriesImpl.java:lambda$create$1(61)) - First MetricRegistry has been created without registering reporters. You may need to call MetricRegistries.global().addReportRegistration(...) before.
2019-11-14 15:08:07,091 [pool-199-thread-1] INFO  server.RaftServerConfigKeys (ConfUtils.java:logGet(43)) - raft.server.log.segment.cache.num.max = 2 (custom)
2019-11-14 15:08:07,091 [pool-199-thread-1] INFO  segmented.SegmentedRaftLogWorker (SegmentedRaftLogWorker.java:<init>(173)) - new 19d9f0ed-7324-40ce-9ded-4f2ae42bdb1f@group-69EFDD73C694-SegmentedRaftLogWorker for RaftStorage:Storage Directory /workdir/hadoop-ozone/integration-test/target/test-dir/MiniOzoneClusterImpl-6b3e2517-75a7-4dd9-8054-0b12e404e591/datanode-5/data/ratis/67cb3793-8f69-4b46-9419-69efdd73c694
2019-11-14 15:08:07,091 [pool-199-thread-1] INFO  server.RaftServerConfigKeys (ConfUtils.java:logGet(43)) - raft.server.log.queue.byte-limit = 2147483647 (custom)
2019-11-14 15:08:07,091 [pool-199-thread-1] INFO  server.RaftServerConfigKeys (ConfUtils.java:logGet(43)) - raft.server.log.queue.element-limit = 1024 (custom)
2019-11-14 15:08:07,091 [pool-199-thread-1] INFO  server.RaftServerConfigKeys (ConfUtils.java:logGet(43)) - raft.server.log.segment.size.max = 1048576 (custom)
2019-11-14 15:08:07,091 [pool-199-thread-1] INFO  server.RaftServerConfigKeys (ConfUtils.java:logGet(43)) - raft.server.log.preallocated.size = 16384 (custom)
2019-11-14 15:08:07,092 [pool-199-thread-1] INFO  server.RaftServerConfigKeys (ConfUtils.java:logGet(43)) - raft.server.log.write.buffer.size = 33554432 (custom)
2019-11-14 15:08:07,092 [pool-199-thread-1] INFO  server.RaftServerConfigKeys (ConfUtils.java:logGet(43)) - raft.server.log.force.sync.num = 128 (default)
2019-11-14 15:08:07,092 [pool-199-thread-1] INFO  server.RaftServerConfigKeys (ConfUtils.java:logGet(43)) - raft.server.log.statemachine.data.sync = true (default)
2019-11-14 15:08:07,092 [pool-199-thread-1] INFO  server.RaftServerConfigKeys (ConfUtils.java:logGet(43)) - raft.server.log.statemachine.data.sync.timeout = 10s (default)
2019-11-14 15:08:07,092 [pool-199-thread-1] INFO  server.RaftServerConfigKeys (ConfUtils.java:logGet(43)) - raft.server.log.statemachine.data.sync.timeout.retry = -1 (default)
2019-11-14 15:08:07,093 [pool-199-thread-1] INFO  server.RaftServerConfigKeys (ConfUtils.java:logGet(43)) - raft.server.log.statemachine.data.caching.enabled = true (custom)
2019-11-14 15:08:07,093 [pool-199-thread-1] INFO  segmented.SegmentedRaftLogWorker (SegmentedRaftLogWorker.java:lambda$new$0(128)) - 19d9f0ed-7324-40ce-9ded-4f2ae42bdb1f@group-69EFDD73C694-SegmentedRaftLogWorker: flushIndex: setUnconditionally 0 -> -1
2019-11-14 15:08:07,093 [pool-199-thread-1] INFO  server.RaftServerConfigKeys (ConfUtils.java:logGet(43)) - raft.server.snapshot.auto.trigger.enabled = true (custom)
2019-11-14 15:08:07,093 [pool-199-thread-1] INFO  server.RaftServerConfigKeys (ConfUtils.java:logGet(43)) - raft.server.snapshot.auto.trigger.threshold = 10000 (custom)
2019-11-14 15:08:07,094 [pool-199-thread-1] INFO  server.RaftServerConfigKeys (ConfUtils.java:logGet(43)) - raft.server.snapshot.retention.file.num = 5 (custom)
2019-11-14 15:08:07,094 [pool-199-thread-1] INFO  server.RaftServerConfigKeys (ConfUtils.java:logGet(43)) - raft.server.retrycache.expirytime = 600000ms (custom)
2019-11-14 15:08:07,094 [pool-199-thread-1] WARN  impl.MetricRegistriesImpl (MetricRegistriesImpl.java:lambda$create$1(61)) - First MetricRegistry has been created without registering reporters. You may need to call MetricRegistries.global().addReportRegistration(...) before.
2019-11-14 15:08:07,094 [pool-199-thread-1] WARN  impl.MetricRegistriesImpl (MetricRegistriesImpl.java:lambda$create$1(61)) - First MetricRegistry has been created without registering reporters. You may need to call MetricRegistries.global().addReportRegistration(...) before.
2019-11-14 15:08:07,094 [pool-199-thread-1] INFO  impl.RaftServerImpl (RaftServerImpl.java:start(184)) - 19d9f0ed-7324-40ce-9ded-4f2ae42bdb1f@group-69EFDD73C694: start as a follower, conf=-1: [19d9f0ed-7324-40ce-9ded-4f2ae42bdb1f:192.168.34.62:46177], old=null
2019-11-14 15:08:07,094 [pool-199-thread-1] INFO  impl.RaftServerImpl (RaftServerImpl.java:setRole(173)) - 19d9f0ed-7324-40ce-9ded-4f2ae42bdb1f@group-69EFDD73C694: changes role from      null to FOLLOWER at term 0 for startAsFollower
2019-11-14 15:08:07,095 [pool-199-thread-1] INFO  impl.RoleInfo (RoleInfo.java:updateAndGet(143)) - 19d9f0ed-7324-40ce-9ded-4f2ae42bdb1f: start FollowerState
2019-11-14 15:08:07,095 [pool-199-thread-1] INFO  util.JmxRegister (JmxRegister.java:tryRegister(44)) - Successfully registered JMX Bean with object name Ratis:service=RaftServer,group=group-69EFDD73C694,id=19d9f0ed-7324-40ce-9ded-4f2ae42bdb1f
2019-11-14 15:08:07,095 [pool-199-thread-1] WARN  impl.MetricRegistriesImpl (MetricRegistriesImpl.java:lambda$create$1(61)) - First MetricRegistry has been created without registering reporters. You may need to call MetricRegistries.global().addReportRegistration(...) before.
2019-11-14 15:08:07,099 [RatisPipelineUtilsThread] INFO  pipeline.PipelineStateManager (PipelineStateManager.java:addPipeline(55)) - Created pipeline Pipeline[ Id: 67cb3793-8f69-4b46-9419-69efdd73c694, Nodes: 19d9f0ed-7324-40ce-9ded-4f2ae42bdb1f{ip: 192.168.34.62, host: pr-hdds-2480-6qkg9-608321763, networkLocation: /rack1, certSerialId: null}, Type:RATIS, Factor:ONE, State:ALLOCATED]
2019-11-14 15:08:07,108 [grpc-default-executor-3] INFO  impl.RaftServerProxy (RaftServerProxy.java:addNew(89)) - 8344cb33-ae61-4ff3-97f7-00b91742683d: addNew group-DC40EABEC771:[8344cb33-ae61-4ff3-97f7-00b91742683d:192.168.34.62:40021] returns group-DC40EABEC771:java.util.concurrent.CompletableFuture@72ba9947[Not completed]
2019-11-14 15:08:07,109 [pool-209-thread-1] INFO  impl.RaftServerImpl (RaftServerImpl.java:<init>(98)) - 8344cb33-ae61-4ff3-97f7-00b91742683d: new RaftServerImpl for group-DC40EABEC771:[8344cb33-ae61-4ff3-97f7-00b91742683d:192.168.34.62:40021] with ContainerStateMachine:uninitialized
2019-11-14 15:08:07,109 [pool-209-thread-1] INFO  server.RaftServerConfigKeys (ConfUtils.java:logGet(43)) - raft.server.rpc.timeout.min = 1s (custom)
2019-11-14 15:08:07,109 [pool-209-thread-1] INFO  server.RaftServerConfigKeys (ConfUtils.java:logGet(43)) - raft.server.rpc.timeout.max = 1200ms (custom)
2019-11-14 15:08:07,109 [pool-209-thread-1] INFO  server.RaftServerConfigKeys (ConfUtils.java:logGet(43)) - raft.server.rpcslowness.timeout = 120s (custom)
2019-11-14 15:08:07,110 [pool-209-thread-1] INFO  server.RaftServerConfigKeys (ConfUtils.java:logGet(43)) - raft.server.sleep.deviation.threshold = 300 (default)
2019-11-14 15:08:07,110 [pool-209-thread-1] INFO  server.RaftServerConfigKeys (ConfUtils.java:logGet(43)) - raft.server.log.appender.install.snapshot.enabled = false (custom)
2019-11-14 15:08:07,110 [pool-209-thread-1] INFO  impl.RaftServerImpl (ServerState.java:<init>(103)) - 8344cb33-ae61-4ff3-97f7-00b91742683d@group-DC40EABEC771: ConfigurationManager, init=-1: [8344cb33-ae61-4ff3-97f7-00b91742683d:192.168.34.62:40021], old=null, confs=<EMPTY_MAP>
2019-11-14 15:08:07,110 [pool-209-thread-1] INFO  server.RaftServerConfigKeys (ConfUtils.java:logGet(43)) - raft.server.storage.dir = [/workdir/hadoop-ozone/integration-test/target/test-dir/MiniOzoneClusterImpl-6b3e2517-75a7-4dd9-8054-0b12e404e591/datanode-6/data/ratis] (custom)
2019-11-14 15:08:07,110 [pool-209-thread-1] INFO  server.RaftServerConfigKeys (ConfUtils.java:logGet(43)) - raft.server.log.corruption.policy = EXCEPTION (default)
2019-11-14 15:08:07,110 [pool-209-thread-1] INFO  storage.RaftStorageDirectory (RaftStorageDirectory.java:analyzeStorage(246)) - The storage directory /workdir/hadoop-ozone/integration-test/target/test-dir/MiniOzoneClusterImpl-6b3e2517-75a7-4dd9-8054-0b12e404e591/datanode-6/data/ratis/1f4bfe3b-7154-4f9c-8803-dc40eabec771 does not exist. Creating ...
2019-11-14 15:08:07,123 [pool-209-thread-1] INFO  storage.RaftStorageDirectory (RaftStorageDirectory.java:tryLock(328)) - Lock on /workdir/hadoop-ozone/integration-test/target/test-dir/MiniOzoneClusterImpl-6b3e2517-75a7-4dd9-8054-0b12e404e591/datanode-6/data/ratis/1f4bfe3b-7154-4f9c-8803-dc40eabec771/in_use.lock acquired by nodename 23875@pr-hdds-2480-6qkg9-608321763
2019-11-14 15:08:07,136 [pool-209-thread-1] INFO  storage.RaftStorage (RaftStorage.java:format(84)) - Storage directory /workdir/hadoop-ozone/integration-test/target/test-dir/MiniOzoneClusterImpl-6b3e2517-75a7-4dd9-8054-0b12e404e591/datanode-6/data/ratis/1f4bfe3b-7154-4f9c-8803-dc40eabec771 has been successfully formatted.
2019-11-14 15:08:07,137 [pool-209-thread-1] INFO  ratis.ContainerStateMachine (ContainerStateMachine.java:loadSnapshot(223)) - group-DC40EABEC771: The snapshot info is null. Setting the last applied indexto:(t:0, i:~)
2019-11-14 15:08:07,137 [pool-209-thread-1] INFO  server.RaftServerConfigKeys (ConfUtils.java:logGet(43)) - raft.server.notification.no-leader.timeout = 120s (custom)
2019-11-14 15:08:07,137 [pool-209-thread-1] INFO  server.RaftServerConfigKeys (ConfUtils.java:logGet(43)) - raft.server.log.use.memory = false (default)
2019-11-14 15:08:07,137 [pool-209-thread-1] INFO  server.RaftServerConfigKeys (ConfUtils.java:logGet(43)) - raft.server.log.purge.gap = 1000000 (custom)
2019-11-14 15:08:07,137 [pool-209-thread-1] INFO  server.RaftServerConfigKeys (ConfUtils.java:logGet(43)) - raft.server.log.appender.buffer.byte-limit = 33554432 (custom)
2019-11-14 15:08:07,137 [pool-209-thread-1] INFO  server.RaftServerConfigKeys (ConfUtils.java:logGet(43)) - raft.server.log.segment.size.max = 1048576 (custom)
2019-11-14 15:08:07,137 [pool-209-thread-1] WARN  impl.MetricRegistriesImpl (MetricRegistriesImpl.java:lambda$create$1(61)) - First MetricRegistry has been created without registering reporters. You may need to call MetricRegistries.global().addReportRegistration(...) before.
2019-11-14 15:08:07,137 [pool-209-thread-1] INFO  server.RaftServerConfigKeys (ConfUtils.java:logGet(43)) - raft.server.log.segment.cache.num.max = 2 (custom)
2019-11-14 15:08:07,137 [pool-209-thread-1] INFO  segmented.SegmentedRaftLogWorker (SegmentedRaftLogWorker.java:<init>(173)) - new 8344cb33-ae61-4ff3-97f7-00b91742683d@group-DC40EABEC771-SegmentedRaftLogWorker for RaftStorage:Storage Directory /workdir/hadoop-ozone/integration-test/target/test-dir/MiniOzoneClusterImpl-6b3e2517-75a7-4dd9-8054-0b12e404e591/datanode-6/data/ratis/1f4bfe3b-7154-4f9c-8803-dc40eabec771
2019-11-14 15:08:07,138 [pool-209-thread-1] INFO  server.RaftServerConfigKeys (ConfUtils.java:logGet(43)) - raft.server.log.queue.byte-limit = 2147483647 (custom)
2019-11-14 15:08:07,138 [pool-209-thread-1] INFO  server.RaftServerConfigKeys (ConfUtils.java:logGet(43)) - raft.server.log.queue.element-limit = 1024 (custom)
2019-11-14 15:08:07,138 [pool-209-thread-1] INFO  server.RaftServerConfigKeys (ConfUtils.java:logGet(43)) - raft.server.log.segment.size.max = 1048576 (custom)
2019-11-14 15:08:07,138 [pool-209-thread-1] INFO  server.RaftServerConfigKeys (ConfUtils.java:logGet(43)) - raft.server.log.preallocated.size = 16384 (custom)
2019-11-14 15:08:07,138 [pool-209-thread-1] INFO  server.RaftServerConfigKeys (ConfUtils.java:logGet(43)) - raft.server.log.write.buffer.size = 33554432 (custom)
2019-11-14 15:08:07,138 [pool-209-thread-1] INFO  server.RaftServerConfigKeys (ConfUtils.java:logGet(43)) - raft.server.log.force.sync.num = 128 (default)
2019-11-14 15:08:07,138 [pool-209-thread-1] INFO  server.RaftServerConfigKeys (ConfUtils.java:logGet(43)) - raft.server.log.statemachine.data.sync = true (default)
2019-11-14 15:08:07,138 [pool-209-thread-1] INFO  server.RaftServerConfigKeys (ConfUtils.java:logGet(43)) - raft.server.log.statemachine.data.sync.timeout = 10s (default)
2019-11-14 15:08:07,138 [pool-209-thread-1] INFO  server.RaftServerConfigKeys (ConfUtils.java:logGet(43)) - raft.server.log.statemachine.data.sync.timeout.retry = -1 (default)
2019-11-14 15:08:07,138 [pool-209-thread-1] INFO  server.RaftServerConfigKeys (ConfUtils.java:logGet(43)) - raft.server.log.statemachine.data.caching.enabled = true (custom)
2019-11-14 15:08:07,139 [pool-209-thread-1] INFO  segmented.SegmentedRaftLogWorker (SegmentedRaftLogWorker.java:lambda$new$0(128)) - 8344cb33-ae61-4ff3-97f7-00b91742683d@group-DC40EABEC771-SegmentedRaftLogWorker: flushIndex: setUnconditionally 0 -> -1
2019-11-14 15:08:07,139 [pool-209-thread-1] INFO  server.RaftServerConfigKeys (ConfUtils.java:logGet(43)) - raft.server.snapshot.auto.trigger.enabled = true (custom)
2019-11-14 15:08:07,139 [pool-209-thread-1] INFO  server.RaftServerConfigKeys (ConfUtils.java:logGet(43)) - raft.server.snapshot.auto.trigger.threshold = 10000 (custom)
2019-11-14 15:08:07,139 [pool-209-thread-1] INFO  server.RaftServerConfigKeys (ConfUtils.java:logGet(43)) - raft.server.snapshot.retention.file.num = 5 (custom)
2019-11-14 15:08:07,139 [pool-209-thread-1] INFO  server.RaftServerConfigKeys (ConfUtils.java:logGet(43)) - raft.server.retrycache.expirytime = 600000ms (custom)
2019-11-14 15:08:07,139 [pool-209-thread-1] WARN  impl.MetricRegistriesImpl (MetricRegistriesImpl.java:lambda$create$1(61)) - First MetricRegistry has been created without registering reporters. You may need to call MetricRegistries.global().addReportRegistration(...) before.
2019-11-14 15:08:07,139 [pool-209-thread-1] WARN  impl.MetricRegistriesImpl (MetricRegistriesImpl.java:lambda$create$1(61)) - First MetricRegistry has been created without registering reporters. You may need to call MetricRegistries.global().addReportRegistration(...) before.
2019-11-14 15:08:07,140 [pool-209-thread-1] INFO  impl.RaftServerImpl (RaftServerImpl.java:start(184)) - 8344cb33-ae61-4ff3-97f7-00b91742683d@group-DC40EABEC771: start as a follower, conf=-1: [8344cb33-ae61-4ff3-97f7-00b91742683d:192.168.34.62:40021], old=null
2019-11-14 15:08:07,140 [pool-209-thread-1] INFO  impl.RaftServerImpl (RaftServerImpl.java:setRole(173)) - 8344cb33-ae61-4ff3-97f7-00b91742683d@group-DC40EABEC771: changes role from      null to FOLLOWER at term 0 for startAsFollower
2019-11-14 15:08:07,140 [pool-209-thread-1] INFO  impl.RoleInfo (RoleInfo.java:updateAndGet(143)) - 8344cb33-ae61-4ff3-97f7-00b91742683d: start FollowerState
2019-11-14 15:08:07,140 [pool-209-thread-1] INFO  util.JmxRegister (JmxRegister.java:tryRegister(44)) - Successfully registered JMX Bean with object name Ratis:service=RaftServer,group=group-DC40EABEC771,id=8344cb33-ae61-4ff3-97f7-00b91742683d
2019-11-14 15:08:07,140 [pool-209-thread-1] WARN  impl.MetricRegistriesImpl (MetricRegistriesImpl.java:lambda$create$1(61)) - First MetricRegistry has been created without registering reporters. You may need to call MetricRegistries.global().addReportRegistration(...) before.
2019-11-14 15:08:07,143 [RatisPipelineUtilsThread] INFO  pipeline.PipelineStateManager (PipelineStateManager.java:addPipeline(55)) - Created pipeline Pipeline[ Id: 1f4bfe3b-7154-4f9c-8803-dc40eabec771, Nodes: 8344cb33-ae61-4ff3-97f7-00b91742683d{ip: 192.168.34.62, host: pr-hdds-2480-6qkg9-608321763, networkLocation: /rack1, certSerialId: null}, Type:RATIS, Factor:ONE, State:ALLOCATED]
2019-11-14 15:08:07,152 [IPC Server handler 2 on 42444] INFO  net.NetworkTopology (NetworkTopologyImpl.java:add(111)) - Added a new node: /rack1/a96edad4-0b0c-48cb-948a-93b2fbf7c409
2019-11-14 15:08:07,152 [IPC Server handler 2 on 42444] INFO  node.SCMNodeManager (SCMNodeManager.java:register(267)) - Registered Data node : a96edad4-0b0c-48cb-948a-93b2fbf7c409{ip: 192.168.34.62, host: pr-hdds-2480-6qkg9-608321763, networkLocation: /rack1, certSerialId: null}
2019-11-14 15:08:07,153 [grpc-default-executor-1] INFO  impl.RaftServerProxy (RaftServerProxy.java:addNew(89)) - 59f802cb-c907-44a0-9069-e10bb38eff5d: addNew group-1CFC7A090C1A:[8344cb33-ae61-4ff3-97f7-00b91742683d:192.168.34.62:40021, 25c17e6e-60f2-43b7-8570-af6cc9981309:192.168.34.62:41260, 59f802cb-c907-44a0-9069-e10bb38eff5d:192.168.34.62:41183] returns group-1CFC7A090C1A:java.util.concurrent.CompletableFuture@d551a31[Not completed]
2019-11-14 15:08:07,153 [grpc-default-executor-3] INFO  impl.RaftServerProxy (RaftServerProxy.java:addNew(89)) - 8344cb33-ae61-4ff3-97f7-00b91742683d: addNew group-1CFC7A090C1A:[8344cb33-ae61-4ff3-97f7-00b91742683d:192.168.34.62:40021, 25c17e6e-60f2-43b7-8570-af6cc9981309:192.168.34.62:41260, 59f802cb-c907-44a0-9069-e10bb38eff5d:192.168.34.62:41183] returns group-1CFC7A090C1A:java.util.concurrent.CompletableFuture@1eebb4d4[Not completed]
2019-11-14 15:08:07,153 [grpc-default-executor-0] INFO  impl.RaftServerProxy (RaftServerProxy.java:addNew(89)) - 25c17e6e-60f2-43b7-8570-af6cc9981309: addNew group-1CFC7A090C1A:[8344cb33-ae61-4ff3-97f7-00b91742683d:192.168.34.62:40021, 25c17e6e-60f2-43b7-8570-af6cc9981309:192.168.34.62:41260, 59f802cb-c907-44a0-9069-e10bb38eff5d:192.168.34.62:41183] returns group-1CFC7A090C1A:java.util.concurrent.CompletableFuture@74c1cb1[Not completed]
2019-11-14 15:08:07,154 [pool-179-thread-1] INFO  impl.RaftServerImpl (RaftServerImpl.java:<init>(98)) - 59f802cb-c907-44a0-9069-e10bb38eff5d: new RaftServerImpl for group-1CFC7A090C1A:[8344cb33-ae61-4ff3-97f7-00b91742683d:192.168.34.62:40021, 25c17e6e-60f2-43b7-8570-af6cc9981309:192.168.34.62:41260, 59f802cb-c907-44a0-9069-e10bb38eff5d:192.168.34.62:41183] with ContainerStateMachine:uninitialized
2019-11-14 15:08:07,154 [pool-179-thread-1] INFO  server.RaftServerConfigKeys (ConfUtils.java:logGet(43)) - raft.server.rpc.timeout.min = 1s (custom)
2019-11-14 15:08:07,154 [pool-179-thread-1] INFO  server.RaftServerConfigKeys (ConfUtils.java:logGet(43)) - raft.server.rpc.timeout.max = 1200ms (custom)
2019-11-14 15:08:07,155 [pool-179-thread-1] INFO  server.RaftServerConfigKeys (ConfUtils.java:logGet(43)) - raft.server.rpcslowness.timeout = 120s (custom)
2019-11-14 15:08:07,155 [pool-179-thread-1] INFO  server.RaftServerConfigKeys (ConfUtils.java:logGet(43)) - raft.server.sleep.deviation.threshold = 300 (default)
2019-11-14 15:08:07,155 [pool-209-thread-1] INFO  impl.RaftServerImpl (RaftServerImpl.java:<init>(98)) - 8344cb33-ae61-4ff3-97f7-00b91742683d: new RaftServerImpl for group-1CFC7A090C1A:[8344cb33-ae61-4ff3-97f7-00b91742683d:192.168.34.62:40021, 25c17e6e-60f2-43b7-8570-af6cc9981309:192.168.34.62:41260, 59f802cb-c907-44a0-9069-e10bb38eff5d:192.168.34.62:41183] with ContainerStateMachine:uninitialized
2019-11-14 15:08:07,155 [pool-179-thread-1] INFO  server.RaftServerConfigKeys (ConfUtils.java:logGet(43)) - raft.server.log.appender.install.snapshot.enabled = false (custom)
2019-11-14 15:08:07,155 [pool-209-thread-1] INFO  server.RaftServerConfigKeys (ConfUtils.java:logGet(43)) - raft.server.rpc.timeout.min = 1s (custom)
2019-11-14 15:08:07,155 [pool-179-thread-1] INFO  impl.RaftServerImpl (ServerState.java:<init>(103)) - 59f802cb-c907-44a0-9069-e10bb38eff5d@group-1CFC7A090C1A: ConfigurationManager, init=-1: [8344cb33-ae61-4ff3-97f7-00b91742683d:192.168.34.62:40021, 25c17e6e-60f2-43b7-8570-af6cc9981309:192.168.34.62:41260, 59f802cb-c907-44a0-9069-e10bb38eff5d:192.168.34.62:41183], old=null, confs=<EMPTY_MAP>
2019-11-14 15:08:07,155 [pool-209-thread-1] INFO  server.RaftServerConfigKeys (ConfUtils.java:logGet(43)) - raft.server.rpc.timeout.max = 1200ms (custom)
2019-11-14 15:08:07,155 [pool-209-thread-1] INFO  server.RaftServerConfigKeys (ConfUtils.java:logGet(43)) - raft.server.rpcslowness.timeout = 120s (custom)
2019-11-14 15:08:07,155 [pool-179-thread-1] INFO  server.RaftServerConfigKeys (ConfUtils.java:logGet(43)) - raft.server.storage.dir = [/workdir/hadoop-ozone/integration-test/target/test-dir/MiniOzoneClusterImpl-6b3e2517-75a7-4dd9-8054-0b12e404e591/datanode-3/data/ratis] (custom)
2019-11-14 15:08:07,155 [pool-209-thread-1] INFO  server.RaftServerConfigKeys (ConfUtils.java:logGet(43)) - raft.server.sleep.deviation.threshold = 300 (default)
2019-11-14 15:08:07,155 [pool-209-thread-1] INFO  server.RaftServerConfigKeys (ConfUtils.java:logGet(43)) - raft.server.log.appender.install.snapshot.enabled = false (custom)
2019-11-14 15:08:07,156 [pool-209-thread-1] INFO  impl.RaftServerImpl (ServerState.java:<init>(103)) - 8344cb33-ae61-4ff3-97f7-00b91742683d@group-1CFC7A090C1A: ConfigurationManager, init=-1: [8344cb33-ae61-4ff3-97f7-00b91742683d:192.168.34.62:40021, 25c17e6e-60f2-43b7-8570-af6cc9981309:192.168.34.62:41260, 59f802cb-c907-44a0-9069-e10bb38eff5d:192.168.34.62:41183], old=null, confs=<EMPTY_MAP>
2019-11-14 15:08:07,156 [pool-179-thread-1] INFO  server.RaftServerConfigKeys (ConfUtils.java:logGet(43)) - raft.server.log.corruption.policy = EXCEPTION (default)
2019-11-14 15:08:07,156 [pool-209-thread-1] INFO  server.RaftServerConfigKeys (ConfUtils.java:logGet(43)) - raft.server.storage.dir = [/workdir/hadoop-ozone/integration-test/target/test-dir/MiniOzoneClusterImpl-6b3e2517-75a7-4dd9-8054-0b12e404e591/datanode-6/data/ratis] (custom)
2019-11-14 15:08:07,156 [pool-189-thread-1] INFO  impl.RaftServerImpl (RaftServerImpl.java:<init>(98)) - 25c17e6e-60f2-43b7-8570-af6cc9981309: new RaftServerImpl for group-1CFC7A090C1A:[8344cb33-ae61-4ff3-97f7-00b91742683d:192.168.34.62:40021, 25c17e6e-60f2-43b7-8570-af6cc9981309:192.168.34.62:41260, 59f802cb-c907-44a0-9069-e10bb38eff5d:192.168.34.62:41183] with ContainerStateMachine:uninitialized
2019-11-14 15:08:07,156 [pool-209-thread-1] INFO  server.RaftServerConfigKeys (ConfUtils.java:logGet(43)) - raft.server.log.corruption.policy = EXCEPTION (default)
2019-11-14 15:08:07,156 [pool-179-thread-1] INFO  storage.RaftStorageDirectory (RaftStorageDirectory.java:analyzeStorage(246)) - The storage directory /workdir/hadoop-ozone/integration-test/target/test-dir/MiniOzoneClusterImpl-6b3e2517-75a7-4dd9-8054-0b12e404e591/datanode-3/data/ratis/2d1af546-7659-4147-8f18-1cfc7a090c1a does not exist. Creating ...
2019-11-14 15:08:07,156 [pool-209-thread-1] INFO  storage.RaftStorageDirectory (RaftStorageDirectory.java:analyzeStorage(246)) - The storage directory /workdir/hadoop-ozone/integration-test/target/test-dir/MiniOzoneClusterImpl-6b3e2517-75a7-4dd9-8054-0b12e404e591/datanode-6/data/ratis/2d1af546-7659-4147-8f18-1cfc7a090c1a does not exist. Creating ...
2019-11-14 15:08:07,156 [pool-189-thread-1] INFO  server.RaftServerConfigKeys (ConfUtils.java:logGet(43)) - raft.server.rpc.timeout.min = 1s (custom)
2019-11-14 15:08:07,156 [pool-189-thread-1] INFO  server.RaftServerConfigKeys (ConfUtils.java:logGet(43)) - raft.server.rpc.timeout.max = 1200ms (custom)
2019-11-14 15:08:07,156 [pool-189-thread-1] INFO  server.RaftServerConfigKeys (ConfUtils.java:logGet(43)) - raft.server.rpcslowness.timeout = 120s (custom)
2019-11-14 15:08:07,157 [pool-189-thread-1] INFO  server.RaftServerConfigKeys (ConfUtils.java:logGet(43)) - raft.server.sleep.deviation.threshold = 300 (default)
2019-11-14 15:08:07,157 [pool-189-thread-1] INFO  server.RaftServerConfigKeys (ConfUtils.java:logGet(43)) - raft.server.log.appender.install.snapshot.enabled = false (custom)
2019-11-14 15:08:07,157 [pool-189-thread-1] INFO  impl.RaftServerImpl (ServerState.java:<init>(103)) - 25c17e6e-60f2-43b7-8570-af6cc9981309@group-1CFC7A090C1A: ConfigurationManager, init=-1: [8344cb33-ae61-4ff3-97f7-00b91742683d:192.168.34.62:40021, 25c17e6e-60f2-43b7-8570-af6cc9981309:192.168.34.62:41260, 59f802cb-c907-44a0-9069-e10bb38eff5d:192.168.34.62:41183], old=null, confs=<EMPTY_MAP>
2019-11-14 15:08:07,157 [pool-189-thread-1] INFO  server.RaftServerConfigKeys (ConfUtils.java:logGet(43)) - raft.server.storage.dir = [/workdir/hadoop-ozone/integration-test/target/test-dir/MiniOzoneClusterImpl-6b3e2517-75a7-4dd9-8054-0b12e404e591/datanode-4/data/ratis] (custom)
2019-11-14 15:08:07,157 [pool-189-thread-1] INFO  server.RaftServerConfigKeys (ConfUtils.java:logGet(43)) - raft.server.log.corruption.policy = EXCEPTION (default)
2019-11-14 15:08:07,157 [pool-189-thread-1] INFO  storage.RaftStorageDirectory (RaftStorageDirectory.java:analyzeStorage(246)) - The storage directory /workdir/hadoop-ozone/integration-test/target/test-dir/MiniOzoneClusterImpl-6b3e2517-75a7-4dd9-8054-0b12e404e591/datanode-4/data/ratis/2d1af546-7659-4147-8f18-1cfc7a090c1a does not exist. Creating ...
2019-11-14 15:08:07,170 [pool-189-thread-1] INFO  storage.RaftStorageDirectory (RaftStorageDirectory.java:tryLock(328)) - Lock on /workdir/hadoop-ozone/integration-test/target/test-dir/MiniOzoneClusterImpl-6b3e2517-75a7-4dd9-8054-0b12e404e591/datanode-4/data/ratis/2d1af546-7659-4147-8f18-1cfc7a090c1a/in_use.lock acquired by nodename 23875@pr-hdds-2480-6qkg9-608321763
2019-11-14 15:08:07,170 [pool-209-thread-1] INFO  storage.RaftStorageDirectory (RaftStorageDirectory.java:tryLock(328)) - Lock on /workdir/hadoop-ozone/integration-test/target/test-dir/MiniOzoneClusterImpl-6b3e2517-75a7-4dd9-8054-0b12e404e591/datanode-6/data/ratis/2d1af546-7659-4147-8f18-1cfc7a090c1a/in_use.lock acquired by nodename 23875@pr-hdds-2480-6qkg9-608321763
2019-11-14 15:08:07,170 [pool-179-thread-1] INFO  storage.RaftStorageDirectory (RaftStorageDirectory.java:tryLock(328)) - Lock on /workdir/hadoop-ozone/integration-test/target/test-dir/MiniOzoneClusterImpl-6b3e2517-75a7-4dd9-8054-0b12e404e591/datanode-3/data/ratis/2d1af546-7659-4147-8f18-1cfc7a090c1a/in_use.lock acquired by nodename 23875@pr-hdds-2480-6qkg9-608321763
2019-11-14 15:08:07,184 [pool-189-thread-1] INFO  storage.RaftStorage (RaftStorage.java:format(84)) - Storage directory /workdir/hadoop-ozone/integration-test/target/test-dir/MiniOzoneClusterImpl-6b3e2517-75a7-4dd9-8054-0b12e404e591/datanode-4/data/ratis/2d1af546-7659-4147-8f18-1cfc7a090c1a has been successfully formatted.
2019-11-14 15:08:07,184 [pool-179-thread-1] INFO  storage.RaftStorage (RaftStorage.java:format(84)) - Storage directory /workdir/hadoop-ozone/integration-test/target/test-dir/MiniOzoneClusterImpl-6b3e2517-75a7-4dd9-8054-0b12e404e591/datanode-3/data/ratis/2d1af546-7659-4147-8f18-1cfc7a090c1a has been successfully formatted.
2019-11-14 15:08:07,184 [pool-209-thread-1] INFO  storage.RaftStorage (RaftStorage.java:format(84)) - Storage directory /workdir/hadoop-ozone/integration-test/target/test-dir/MiniOzoneClusterImpl-6b3e2517-75a7-4dd9-8054-0b12e404e591/datanode-6/data/ratis/2d1af546-7659-4147-8f18-1cfc7a090c1a has been successfully formatted.
2019-11-14 15:08:07,185 [pool-189-thread-1] INFO  ratis.ContainerStateMachine (ContainerStateMachine.java:loadSnapshot(223)) - group-1CFC7A090C1A: The snapshot info is null. Setting the last applied indexto:(t:0, i:~)
2019-11-14 15:08:07,185 [pool-179-thread-1] INFO  ratis.ContainerStateMachine (ContainerStateMachine.java:loadSnapshot(223)) - group-1CFC7A090C1A: The snapshot info is null. Setting the last applied indexto:(t:0, i:~)
2019-11-14 15:08:07,185 [pool-189-thread-1] INFO  server.RaftServerConfigKeys (ConfUtils.java:logGet(43)) - raft.server.notification.no-leader.timeout = 120s (custom)
2019-11-14 15:08:07,185 [pool-209-thread-1] INFO  ratis.ContainerStateMachine (ContainerStateMachine.java:loadSnapshot(223)) - group-1CFC7A090C1A: The snapshot info is null. Setting the last applied indexto:(t:0, i:~)
2019-11-14 15:08:07,185 [pool-189-thread-1] INFO  server.RaftServerConfigKeys (ConfUtils.java:logGet(43)) - raft.server.log.use.memory = false (default)
2019-11-14 15:08:07,185 [pool-179-thread-1] INFO  server.RaftServerConfigKeys (ConfUtils.java:logGet(43)) - raft.server.notification.no-leader.timeout = 120s (custom)
2019-11-14 15:08:07,185 [pool-189-thread-1] INFO  server.RaftServerConfigKeys (ConfUtils.java:logGet(43)) - raft.server.log.purge.gap = 1000000 (custom)
2019-11-14 15:08:07,185 [pool-209-thread-1] INFO  server.RaftServerConfigKeys (ConfUtils.java:logGet(43)) - raft.server.notification.no-leader.timeout = 120s (custom)
2019-11-14 15:08:07,185 [pool-189-thread-1] INFO  server.RaftServerConfigKeys (ConfUtils.java:logGet(43)) - raft.server.log.appender.buffer.byte-limit = 33554432 (custom)
2019-11-14 15:08:07,185 [pool-179-thread-1] INFO  server.RaftServerConfigKeys (ConfUtils.java:logGet(43)) - raft.server.log.use.memory = false (default)
2019-11-14 15:08:07,185 [pool-189-thread-1] INFO  server.RaftServerConfigKeys (ConfUtils.java:logGet(43)) - raft.server.log.segment.size.max = 1048576 (custom)
2019-11-14 15:08:07,185 [pool-209-thread-1] INFO  server.RaftServerConfigKeys (ConfUtils.java:logGet(43)) - raft.server.log.use.memory = false (default)
2019-11-14 15:08:07,186 [pool-189-thread-1] INFO  server.RaftServerConfigKeys (ConfUtils.java:logGet(43)) - raft.server.log.segment.cache.num.max = 2 (custom)
2019-11-14 15:08:07,186 [pool-179-thread-1] INFO  server.RaftServerConfigKeys (ConfUtils.java:logGet(43)) - raft.server.log.purge.gap = 1000000 (custom)
2019-11-14 15:08:07,186 [pool-189-thread-1] INFO  segmented.SegmentedRaftLogWorker (SegmentedRaftLogWorker.java:<init>(173)) - new 25c17e6e-60f2-43b7-8570-af6cc9981309@group-1CFC7A090C1A-SegmentedRaftLogWorker for RaftStorage:Storage Directory /workdir/hadoop-ozone/integration-test/target/test-dir/MiniOzoneClusterImpl-6b3e2517-75a7-4dd9-8054-0b12e404e591/datanode-4/data/ratis/2d1af546-7659-4147-8f18-1cfc7a090c1a
2019-11-14 15:08:07,186 [pool-209-thread-1] INFO  server.RaftServerConfigKeys (ConfUtils.java:logGet(43)) - raft.server.log.purge.gap = 1000000 (custom)
2019-11-14 15:08:07,186 [pool-189-thread-1] INFO  server.RaftServerConfigKeys (ConfUtils.java:logGet(43)) - raft.server.log.queue.byte-limit = 2147483647 (custom)
2019-11-14 15:08:07,186 [pool-179-thread-1] INFO  server.RaftServerConfigKeys (ConfUtils.java:logGet(43)) - raft.server.log.appender.buffer.byte-limit = 33554432 (custom)
2019-11-14 15:08:07,186 [pool-189-thread-1] INFO  server.RaftServerConfigKeys (ConfUtils.java:logGet(43)) - raft.server.log.queue.element-limit = 1024 (custom)
2019-11-14 15:08:07,186 [pool-209-thread-1] INFO  server.RaftServerConfigKeys (ConfUtils.java:logGet(43)) - raft.server.log.appender.buffer.byte-limit = 33554432 (custom)
2019-11-14 15:08:07,186 [pool-189-thread-1] INFO  server.RaftServerConfigKeys (ConfUtils.java:logGet(43)) - raft.server.log.segment.size.max = 1048576 (custom)
2019-11-14 15:08:07,186 [pool-179-thread-1] INFO  server.RaftServerConfigKeys (ConfUtils.java:logGet(43)) - raft.server.log.segment.size.max = 1048576 (custom)
2019-11-14 15:08:07,186 [pool-189-thread-1] INFO  server.RaftServerConfigKeys (ConfUtils.java:logGet(43)) - raft.server.log.preallocated.size = 16384 (custom)
2019-11-14 15:08:07,186 [pool-209-thread-1] INFO  server.RaftServerConfigKeys (ConfUtils.java:logGet(43)) - raft.server.log.segment.size.max = 1048576 (custom)
2019-11-14 15:08:07,187 [pool-189-thread-1] INFO  server.RaftServerConfigKeys (ConfUtils.java:logGet(43)) - raft.server.log.write.buffer.size = 33554432 (custom)
2019-11-14 15:08:07,187 [pool-179-thread-1] INFO  server.RaftServerConfigKeys (ConfUtils.java:logGet(43)) - raft.server.log.segment.cache.num.max = 2 (custom)
2019-11-14 15:08:07,187 [pool-189-thread-1] INFO  server.RaftServerConfigKeys (ConfUtils.java:logGet(43)) - raft.server.log.force.sync.num = 128 (default)
2019-11-14 15:08:07,187 [pool-209-thread-1] INFO  server.RaftServerConfigKeys (ConfUtils.java:logGet(43)) - raft.server.log.segment.cache.num.max = 2 (custom)
2019-11-14 15:08:07,187 [pool-189-thread-1] INFO  server.RaftServerConfigKeys (ConfUtils.java:logGet(43)) - raft.server.log.statemachine.data.sync = true (default)
2019-11-14 15:08:07,187 [pool-179-thread-1] INFO  segmented.SegmentedRaftLogWorker (SegmentedRaftLogWorker.java:<init>(173)) - new 59f802cb-c907-44a0-9069-e10bb38eff5d@group-1CFC7A090C1A-SegmentedRaftLogWorker for RaftStorage:Storage Directory /workdir/hadoop-ozone/integration-test/target/test-dir/MiniOzoneClusterImpl-6b3e2517-75a7-4dd9-8054-0b12e404e591/datanode-3/data/ratis/2d1af546-7659-4147-8f18-1cfc7a090c1a
2019-11-14 15:08:07,187 [pool-179-thread-1] INFO  server.RaftServerConfigKeys (ConfUtils.java:logGet(43)) - raft.server.log.queue.byte-limit = 2147483647 (custom)
2019-11-14 15:08:07,187 [pool-189-thread-1] INFO  server.RaftServerConfigKeys (ConfUtils.java:logGet(43)) - raft.server.log.statemachine.data.sync.timeout = 10s (default)
2019-11-14 15:08:07,187 [pool-209-thread-1] INFO  segmented.SegmentedRaftLogWorker (SegmentedRaftLogWorker.java:<init>(173)) - new 8344cb33-ae61-4ff3-97f7-00b91742683d@group-1CFC7A090C1A-SegmentedRaftLogWorker for RaftStorage:Storage Directory /workdir/hadoop-ozone/integration-test/target/test-dir/MiniOzoneClusterImpl-6b3e2517-75a7-4dd9-8054-0b12e404e591/datanode-6/data/ratis/2d1af546-7659-4147-8f18-1cfc7a090c1a
2019-11-14 15:08:07,188 [pool-189-thread-1] INFO  server.RaftServerConfigKeys (ConfUtils.java:logGet(43)) - raft.server.log.statemachine.data.sync.timeout.retry = -1 (default)
2019-11-14 15:08:07,187 [pool-179-thread-1] INFO  server.RaftServerConfigKeys (ConfUtils.java:logGet(43)) - raft.server.log.queue.element-limit = 1024 (custom)
2019-11-14 15:08:07,188 [pool-209-thread-1] INFO  server.RaftServerConfigKeys (ConfUtils.java:logGet(43)) - raft.server.log.queue.byte-limit = 2147483647 (custom)
2019-11-14 15:08:07,188 [pool-179-thread-1] INFO  server.RaftServerConfigKeys (ConfUtils.java:logGet(43)) - raft.server.log.segment.size.max = 1048576 (custom)
2019-11-14 15:08:07,188 [pool-189-thread-1] INFO  server.RaftServerConfigKeys (ConfUtils.java:logGet(43)) - raft.server.log.statemachine.data.caching.enabled = true (custom)
2019-11-14 15:08:07,188 [pool-179-thread-1] INFO  server.RaftServerConfigKeys (ConfUtils.java:logGet(43)) - raft.server.log.preallocated.size = 16384 (custom)
2019-11-14 15:08:07,188 [pool-209-thread-1] INFO  server.RaftServerConfigKeys (ConfUtils.java:logGet(43)) - raft.server.log.queue.element-limit = 1024 (custom)
2019-11-14 15:08:07,188 [pool-179-thread-1] INFO  server.RaftServerConfigKeys (ConfUtils.java:logGet(43)) - raft.server.log.write.buffer.size = 33554432 (custom)
2019-11-14 15:08:07,188 [pool-189-thread-1] INFO  segmented.SegmentedRaftLogWorker (SegmentedRaftLogWorker.java:lambda$new$0(128)) - 25c17e6e-60f2-43b7-8570-af6cc9981309@group-1CFC7A090C1A-SegmentedRaftLogWorker: flushIndex: setUnconditionally 0 -> -1
2019-11-14 15:08:07,188 [pool-209-thread-1] INFO  server.RaftServerConfigKeys (ConfUtils.java:logGet(43)) - raft.server.log.segment.size.max = 1048576 (custom)
2019-11-14 15:08:07,189 [pool-179-thread-1] INFO  server.RaftServerConfigKeys (ConfUtils.java:logGet(43)) - raft.server.log.force.sync.num = 128 (default)
2019-11-14 15:08:07,189 [pool-209-thread-1] INFO  server.RaftServerConfigKeys (ConfUtils.java:logGet(43)) - raft.server.log.preallocated.size = 16384 (custom)
2019-11-14 15:08:07,189 [pool-189-thread-1] INFO  server.RaftServerConfigKeys (ConfUtils.java:logGet(43)) - raft.server.snapshot.auto.trigger.enabled = true (custom)
2019-11-14 15:08:07,189 [pool-179-thread-1] INFO  server.RaftServerConfigKeys (ConfUtils.java:logGet(43)) - raft.server.log.statemachine.data.sync = true (default)
2019-11-14 15:08:07,189 [pool-189-thread-1] INFO  server.RaftServerConfigKeys (ConfUtils.java:logGet(43)) - raft.server.snapshot.auto.trigger.threshold = 10000 (custom)
2019-11-14 15:08:07,189 [pool-209-thread-1] INFO  server.RaftServerConfigKeys (ConfUtils.java:logGet(43)) - raft.server.log.write.buffer.size = 33554432 (custom)
2019-11-14 15:08:07,189 [pool-189-thread-1] INFO  server.RaftServerConfigKeys (ConfUtils.java:logGet(43)) - raft.server.snapshot.retention.file.num = 5 (custom)
2019-11-14 15:08:07,189 [pool-179-thread-1] INFO  server.RaftServerConfigKeys (ConfUtils.java:logGet(43)) - raft.server.log.statemachine.data.sync.timeout = 10s (default)
2019-11-14 15:08:07,190 [pool-189-thread-1] INFO  server.RaftServerConfigKeys (ConfUtils.java:logGet(43)) - raft.server.retrycache.expirytime = 600000ms (custom)
2019-11-14 15:08:07,189 [pool-209-thread-1] INFO  server.RaftServerConfigKeys (ConfUtils.java:logGet(43)) - raft.server.log.force.sync.num = 128 (default)
2019-11-14 15:08:07,190 [pool-179-thread-1] INFO  server.RaftServerConfigKeys (ConfUtils.java:logGet(43)) - raft.server.log.statemachine.data.sync.timeout.retry = -1 (default)
2019-11-14 15:08:07,190 [pool-189-thread-1] WARN  impl.MetricRegistriesImpl (MetricRegistriesImpl.java:lambda$create$1(61)) - First MetricRegistry has been created without registering reporters. You may need to call MetricRegistries.global().addReportRegistration(...) before.
2019-11-14 15:08:07,190 [pool-209-thread-1] INFO  server.RaftServerConfigKeys (ConfUtils.java:logGet(43)) - raft.server.log.statemachine.data.sync = true (default)
2019-11-14 15:08:07,190 [pool-189-thread-1] WARN  impl.MetricRegistriesImpl (MetricRegistriesImpl.java:lambda$create$1(61)) - First MetricRegistry has been created without registering reporters. You may need to call MetricRegistries.global().addReportRegistration(...) before.
2019-11-14 15:08:07,190 [pool-179-thread-1] INFO  server.RaftServerConfigKeys (ConfUtils.java:logGet(43)) - raft.server.log.statemachine.data.caching.enabled = true (custom)
2019-11-14 15:08:07,190 [pool-189-thread-1] INFO  impl.RaftServerImpl (RaftServerImpl.java:start(184)) - 25c17e6e-60f2-43b7-8570-af6cc9981309@group-1CFC7A090C1A: start as a follower, conf=-1: [8344cb33-ae61-4ff3-97f7-00b91742683d:192.168.34.62:40021, 25c17e6e-60f2-43b7-8570-af6cc9981309:192.168.34.62:41260, 59f802cb-c907-44a0-9069-e10bb38eff5d:192.168.34.62:41183], old=null
2019-11-14 15:08:07,190 [pool-209-thread-1] INFO  server.RaftServerConfigKeys (ConfUtils.java:logGet(43)) - raft.server.log.statemachine.data.sync.timeout = 10s (default)
2019-11-14 15:08:07,191 [pool-179-thread-1] INFO  segmented.SegmentedRaftLogWorker (SegmentedRaftLogWorker.java:lambda$new$0(128)) - 59f802cb-c907-44a0-9069-e10bb38eff5d@group-1CFC7A090C1A-SegmentedRaftLogWorker: flushIndex: setUnconditionally 0 -> -1
2019-11-14 15:08:07,191 [pool-189-thread-1] INFO  impl.RaftServerImpl (RaftServerImpl.java:setRole(173)) - 25c17e6e-60f2-43b7-8570-af6cc9981309@group-1CFC7A090C1A: changes role from      null to FOLLOWER at term 0 for startAsFollower
2019-11-14 15:08:07,191 [pool-209-thread-1] INFO  server.RaftServerConfigKeys (ConfUtils.java:logGet(43)) - raft.server.log.statemachine.data.sync.timeout.retry = -1 (default)
2019-11-14 15:08:07,191 [pool-179-thread-1] INFO  server.RaftServerConfigKeys (ConfUtils.java:logGet(43)) - raft.server.snapshot.auto.trigger.enabled = true (custom)
2019-11-14 15:08:07,191 [pool-209-thread-1] INFO  server.RaftServerConfigKeys (ConfUtils.java:logGet(43)) - raft.server.log.statemachine.data.caching.enabled = true (custom)
2019-11-14 15:08:07,191 [pool-189-thread-1] INFO  impl.RoleInfo (RoleInfo.java:updateAndGet(143)) - 25c17e6e-60f2-43b7-8570-af6cc9981309: start FollowerState
2019-11-14 15:08:07,191 [pool-209-thread-1] INFO  segmented.SegmentedRaftLogWorker (SegmentedRaftLogWorker.java:lambda$new$0(128)) - 8344cb33-ae61-4ff3-97f7-00b91742683d@group-1CFC7A090C1A-SegmentedRaftLogWorker: flushIndex: setUnconditionally 0 -> -1
2019-11-14 15:08:07,191 [pool-179-thread-1] INFO  server.RaftServerConfigKeys (ConfUtils.java:logGet(43)) - raft.server.snapshot.auto.trigger.threshold = 10000 (custom)
2019-11-14 15:08:07,192 [pool-179-thread-1] INFO  server.RaftServerConfigKeys (ConfUtils.java:logGet(43)) - raft.server.snapshot.retention.file.num = 5 (custom)
2019-11-14 15:08:07,192 [pool-209-thread-1] INFO  server.RaftServerConfigKeys (ConfUtils.java:logGet(43)) - raft.server.snapshot.auto.trigger.enabled = true (custom)
2019-11-14 15:08:07,192 [pool-179-thread-1] INFO  server.RaftServerConfigKeys (ConfUtils.java:logGet(43)) - raft.server.retrycache.expirytime = 600000ms (custom)
2019-11-14 15:08:07,192 [pool-189-thread-1] INFO  util.JmxRegister (JmxRegister.java:tryRegister(44)) - Successfully registered JMX Bean with object name Ratis:service=RaftServer,group=group-1CFC7A090C1A,id=25c17e6e-60f2-43b7-8570-af6cc9981309
2019-11-14 15:08:07,192 [pool-179-thread-1] WARN  impl.MetricRegistriesImpl (MetricRegistriesImpl.java:lambda$create$1(61)) - First MetricRegistry has been created without registering reporters. You may need to call MetricRegistries.global().addReportRegistration(...) before.
2019-11-14 15:08:07,192 [pool-209-thread-1] INFO  server.RaftServerConfigKeys (ConfUtils.java:logGet(43)) - raft.server.snapshot.auto.trigger.threshold = 10000 (custom)
2019-11-14 15:08:07,193 [pool-179-thread-1] WARN  impl.MetricRegistriesImpl (MetricRegistriesImpl.java:lambda$create$1(61)) - First MetricRegistry has been created without registering reporters. You may need to call MetricRegistries.global().addReportRegistration(...) before.
2019-11-14 15:08:07,192 [pool-189-thread-1] WARN  impl.MetricRegistriesImpl (MetricRegistriesImpl.java:lambda$create$1(61)) - First MetricRegistry has been created without registering reporters. You may need to call MetricRegistries.global().addReportRegistration(...) before.
2019-11-14 15:08:07,193 [pool-179-thread-1] INFO  impl.RaftServerImpl (RaftServerImpl.java:start(184)) - 59f802cb-c907-44a0-9069-e10bb38eff5d@group-1CFC7A090C1A: start as a follower, conf=-1: [8344cb33-ae61-4ff3-97f7-00b91742683d:192.168.34.62:40021, 25c17e6e-60f2-43b7-8570-af6cc9981309:192.168.34.62:41260, 59f802cb-c907-44a0-9069-e10bb38eff5d:192.168.34.62:41183], old=null
2019-11-14 15:08:07,193 [pool-209-thread-1] INFO  server.RaftServerConfigKeys (ConfUtils.java:logGet(43)) - raft.server.snapshot.retention.file.num = 5 (custom)
2019-11-14 15:08:07,193 [pool-179-thread-1] INFO  impl.RaftServerImpl (RaftServerImpl.java:setRole(173)) - 59f802cb-c907-44a0-9069-e10bb38eff5d@group-1CFC7A090C1A: changes role from      null to FOLLOWER at term 0 for startAsFollower
2019-11-14 15:08:07,193 [pool-209-thread-1] INFO  server.RaftServerConfigKeys (ConfUtils.java:logGet(43)) - raft.server.retrycache.expirytime = 600000ms (custom)
2019-11-14 15:08:07,193 [pool-209-thread-1] WARN  impl.MetricRegistriesImpl (MetricRegistriesImpl.java:lambda$create$1(61)) - First MetricRegistry has been created without registering reporters. You may need to call MetricRegistries.global().addReportRegistration(...) before.
2019-11-14 15:08:07,193 [pool-179-thread-1] INFO  impl.RoleInfo (RoleInfo.java:updateAndGet(143)) - 59f802cb-c907-44a0-9069-e10bb38eff5d: start FollowerState
2019-11-14 15:08:07,194 [pool-209-thread-1] WARN  impl.MetricRegistriesImpl (MetricRegistriesImpl.java:lambda$create$1(61)) - First MetricRegistry has been created without registering reporters. You may need to call MetricRegistries.global().addReportRegistration(...) before.
2019-11-14 15:08:07,194 [pool-209-thread-1] INFO  impl.RaftServerImpl (RaftServerImpl.java:start(184)) - 8344cb33-ae61-4ff3-97f7-00b91742683d@group-1CFC7A090C1A: start as a follower, conf=-1: [8344cb33-ae61-4ff3-97f7-00b91742683d:192.168.34.62:40021, 25c17e6e-60f2-43b7-8570-af6cc9981309:192.168.34.62:41260, 59f802cb-c907-44a0-9069-e10bb38eff5d:192.168.34.62:41183], old=null
2019-11-14 15:08:07,194 [pool-209-thread-1] INFO  impl.RaftServerImpl (RaftServerImpl.java:setRole(173)) - 8344cb33-ae61-4ff3-97f7-00b91742683d@group-1CFC7A090C1A: changes role from      null to FOLLOWER at term 0 for startAsFollower
2019-11-14 15:08:07,194 [pool-179-thread-1] INFO  util.JmxRegister (JmxRegister.java:tryRegister(44)) - Successfully registered JMX Bean with object name Ratis:service=RaftServer,group=group-1CFC7A090C1A,id=59f802cb-c907-44a0-9069-e10bb38eff5d
2019-11-14 15:08:07,194 [pool-209-thread-1] INFO  impl.RoleInfo (RoleInfo.java:updateAndGet(143)) - 8344cb33-ae61-4ff3-97f7-00b91742683d: start FollowerState
2019-11-14 15:08:07,194 [pool-179-thread-1] WARN  impl.MetricRegistriesImpl (MetricRegistriesImpl.java:lambda$create$1(61)) - First MetricRegistry has been created without registering reporters. You may need to call MetricRegistries.global().addReportRegistration(...) before.
2019-11-14 15:08:07,195 [pool-209-thread-1] INFO  util.JmxRegister (JmxRegister.java:tryRegister(44)) - Successfully registered JMX Bean with object name Ratis:service=RaftServer,group=group-1CFC7A090C1A,id=8344cb33-ae61-4ff3-97f7-00b91742683d
2019-11-14 15:08:07,195 [pool-209-thread-1] WARN  impl.MetricRegistriesImpl (MetricRegistriesImpl.java:lambda$create$1(61)) - First MetricRegistry has been created without registering reporters. You may need to call MetricRegistries.global().addReportRegistration(...) before.
2019-11-14 15:08:07,199 [RatisPipelineUtilsThread] INFO  pipeline.PipelineStateManager (PipelineStateManager.java:addPipeline(55)) - Created pipeline Pipeline[ Id: 2d1af546-7659-4147-8f18-1cfc7a090c1a, Nodes: 8344cb33-ae61-4ff3-97f7-00b91742683d{ip: 192.168.34.62, host: pr-hdds-2480-6qkg9-608321763, networkLocation: /rack1, certSerialId: null}59f802cb-c907-44a0-9069-e10bb38eff5d{ip: 192.168.34.62, host: pr-hdds-2480-6qkg9-608321763, networkLocation: /rack1, certSerialId: null}25c17e6e-60f2-43b7-8570-af6cc9981309{ip: 192.168.34.62, host: pr-hdds-2480-6qkg9-608321763, networkLocation: /rack1, certSerialId: null}, Type:RATIS, Factor:THREE, State:ALLOCATED]
2019-11-14 15:08:07,219 [IPC Server handler 4 on 42444] INFO  net.NetworkTopology (NetworkTopologyImpl.java:add(111)) - Added a new node: /rack1/2f24271a-73a2-4678-8a2d-efde1b9a7c05
2019-11-14 15:08:07,219 [IPC Server handler 4 on 42444] INFO  node.SCMNodeManager (SCMNodeManager.java:register(267)) - Registered Data node : 2f24271a-73a2-4678-8a2d-efde1b9a7c05{ip: 192.168.34.62, host: pr-hdds-2480-6qkg9-608321763, networkLocation: /rack1, certSerialId: null}
2019-11-14 15:08:07,228 [grpc-default-executor-0] INFO  impl.RaftServerProxy (RaftServerProxy.java:addNew(89)) - 2f24271a-73a2-4678-8a2d-efde1b9a7c05: addNew group-09AE756F24A7:[2f24271a-73a2-4678-8a2d-efde1b9a7c05:192.168.34.62:38626] returns group-09AE756F24A7:java.util.concurrent.CompletableFuture@79c7b04a[Not completed]
2019-11-14 15:08:07,232 [pool-229-thread-1] INFO  impl.RaftServerImpl (RaftServerImpl.java:<init>(98)) - 2f24271a-73a2-4678-8a2d-efde1b9a7c05: new RaftServerImpl for group-09AE756F24A7:[2f24271a-73a2-4678-8a2d-efde1b9a7c05:192.168.34.62:38626] with ContainerStateMachine:uninitialized
2019-11-14 15:08:07,232 [pool-229-thread-1] INFO  server.RaftServerConfigKeys (ConfUtils.java:logGet(43)) - raft.server.rpc.timeout.min = 1s (custom)
2019-11-14 15:08:07,232 [pool-229-thread-1] INFO  server.RaftServerConfigKeys (ConfUtils.java:logGet(43)) - raft.server.rpc.timeout.max = 1200ms (custom)
2019-11-14 15:08:07,232 [pool-229-thread-1] INFO  server.RaftServerConfigKeys (ConfUtils.java:logGet(43)) - raft.server.rpcslowness.timeout = 120s (custom)
2019-11-14 15:08:07,233 [pool-229-thread-1] INFO  server.RaftServerConfigKeys (ConfUtils.java:logGet(43)) - raft.server.sleep.deviation.threshold = 300 (default)
2019-11-14 15:08:07,233 [pool-229-thread-1] INFO  server.RaftServerConfigKeys (ConfUtils.java:logGet(43)) - raft.server.log.appender.install.snapshot.enabled = false (custom)
2019-11-14 15:08:07,233 [pool-229-thread-1] INFO  impl.RaftServerImpl (ServerState.java:<init>(103)) - 2f24271a-73a2-4678-8a2d-efde1b9a7c05@group-09AE756F24A7: ConfigurationManager, init=-1: [2f24271a-73a2-4678-8a2d-efde1b9a7c05:192.168.34.62:38626], old=null, confs=<EMPTY_MAP>
2019-11-14 15:08:07,233 [pool-229-thread-1] INFO  server.RaftServerConfigKeys (ConfUtils.java:logGet(43)) - raft.server.storage.dir = [/workdir/hadoop-ozone/integration-test/target/test-dir/MiniOzoneClusterImpl-6b3e2517-75a7-4dd9-8054-0b12e404e591/datanode-8/data/ratis] (custom)
2019-11-14 15:08:07,234 [pool-229-thread-1] INFO  server.RaftServerConfigKeys (ConfUtils.java:logGet(43)) - raft.server.log.corruption.policy = EXCEPTION (default)
2019-11-14 15:08:07,234 [pool-229-thread-1] INFO  storage.RaftStorageDirectory (RaftStorageDirectory.java:analyzeStorage(246)) - The storage directory /workdir/hadoop-ozone/integration-test/target/test-dir/MiniOzoneClusterImpl-6b3e2517-75a7-4dd9-8054-0b12e404e591/datanode-8/data/ratis/ba92b5e2-fa4b-4d9a-8e6a-09ae756f24a7 does not exist. Creating ...
2019-11-14 15:08:07,247 [pool-229-thread-1] INFO  storage.RaftStorageDirectory (RaftStorageDirectory.java:tryLock(328)) - Lock on /workdir/hadoop-ozone/integration-test/target/test-dir/MiniOzoneClusterImpl-6b3e2517-75a7-4dd9-8054-0b12e404e591/datanode-8/data/ratis/ba92b5e2-fa4b-4d9a-8e6a-09ae756f24a7/in_use.lock acquired by nodename 23875@pr-hdds-2480-6qkg9-608321763
2019-11-14 15:08:07,272 [pool-229-thread-1] INFO  storage.RaftStorage (RaftStorage.java:format(84)) - Storage directory /workdir/hadoop-ozone/integration-test/target/test-dir/MiniOzoneClusterImpl-6b3e2517-75a7-4dd9-8054-0b12e404e591/datanode-8/data/ratis/ba92b5e2-fa4b-4d9a-8e6a-09ae756f24a7 has been successfully formatted.
2019-11-14 15:08:07,272 [pool-229-thread-1] INFO  ratis.ContainerStateMachine (ContainerStateMachine.java:loadSnapshot(223)) - group-09AE756F24A7: The snapshot info is null. Setting the last applied indexto:(t:0, i:~)
2019-11-14 15:08:07,273 [pool-229-thread-1] INFO  server.RaftServerConfigKeys (ConfUtils.java:logGet(43)) - raft.server.notification.no-leader.timeout = 120s (custom)
2019-11-14 15:08:07,273 [pool-229-thread-1] INFO  server.RaftServerConfigKeys (ConfUtils.java:logGet(43)) - raft.server.log.use.memory = false (default)
2019-11-14 15:08:07,273 [pool-229-thread-1] INFO  server.RaftServerConfigKeys (ConfUtils.java:logGet(43)) - raft.server.log.purge.gap = 1000000 (custom)
2019-11-14 15:08:07,273 [pool-229-thread-1] INFO  server.RaftServerConfigKeys (ConfUtils.java:logGet(43)) - raft.server.log.appender.buffer.byte-limit = 33554432 (custom)
2019-11-14 15:08:07,273 [pool-229-thread-1] INFO  server.RaftServerConfigKeys (ConfUtils.java:logGet(43)) - raft.server.log.segment.size.max = 1048576 (custom)
2019-11-14 15:08:07,273 [pool-229-thread-1] WARN  impl.MetricRegistriesImpl (MetricRegistriesImpl.java:lambda$create$1(61)) - First MetricRegistry has been created without registering reporters. You may need to call MetricRegistries.global().addReportRegistration(...) before.
2019-11-14 15:08:07,274 [pool-229-thread-1] INFO  server.RaftServerConfigKeys (ConfUtils.java:logGet(43)) - raft.server.log.segment.cache.num.max = 2 (custom)
2019-11-14 15:08:07,274 [pool-229-thread-1] INFO  segmented.SegmentedRaftLogWorker (SegmentedRaftLogWorker.java:<init>(173)) - new 2f24271a-73a2-4678-8a2d-efde1b9a7c05@group-09AE756F24A7-SegmentedRaftLogWorker for RaftStorage:Storage Directory /workdir/hadoop-ozone/integration-test/target/test-dir/MiniOzoneClusterImpl-6b3e2517-75a7-4dd9-8054-0b12e404e591/datanode-8/data/ratis/ba92b5e2-fa4b-4d9a-8e6a-09ae756f24a7
2019-11-14 15:08:07,274 [pool-229-thread-1] INFO  server.RaftServerConfigKeys (ConfUtils.java:logGet(43)) - raft.server.log.queue.byte-limit = 2147483647 (custom)
2019-11-14 15:08:07,274 [pool-229-thread-1] INFO  server.RaftServerConfigKeys (ConfUtils.java:logGet(43)) - raft.server.log.queue.element-limit = 1024 (custom)
2019-11-14 15:08:07,274 [pool-229-thread-1] INFO  server.RaftServerConfigKeys (ConfUtils.java:logGet(43)) - raft.server.log.segment.size.max = 1048576 (custom)
2019-11-14 15:08:07,274 [pool-229-thread-1] INFO  server.RaftServerConfigKeys (ConfUtils.java:logGet(43)) - raft.server.log.preallocated.size = 16384 (custom)
2019-11-14 15:08:07,274 [pool-229-thread-1] INFO  server.RaftServerConfigKeys (ConfUtils.java:logGet(43)) - raft.server.log.write.buffer.size = 33554432 (custom)
2019-11-14 15:08:07,274 [pool-229-thread-1] INFO  server.RaftServerConfigKeys (ConfUtils.java:logGet(43)) - raft.server.log.force.sync.num = 128 (default)
2019-11-14 15:08:07,275 [pool-229-thread-1] INFO  server.RaftServerConfigKeys (ConfUtils.java:logGet(43)) - raft.server.log.statemachine.data.sync = true (default)
2019-11-14 15:08:07,275 [pool-229-thread-1] INFO  server.RaftServerConfigKeys (ConfUtils.java:logGet(43)) - raft.server.log.statemachine.data.sync.timeout = 10s (default)
2019-11-14 15:08:07,275 [pool-229-thread-1] INFO  server.RaftServerConfigKeys (ConfUtils.java:logGet(43)) - raft.server.log.statemachine.data.sync.timeout.retry = -1 (default)
2019-11-14 15:08:07,275 [pool-229-thread-1] INFO  server.RaftServerConfigKeys (ConfUtils.java:logGet(43)) - raft.server.log.statemachine.data.caching.enabled = true (custom)
2019-11-14 15:08:07,275 [pool-229-thread-1] INFO  segmented.SegmentedRaftLogWorker (SegmentedRaftLogWorker.java:lambda$new$0(128)) - 2f24271a-73a2-4678-8a2d-efde1b9a7c05@group-09AE756F24A7-SegmentedRaftLogWorker: flushIndex: setUnconditionally 0 -> -1
2019-11-14 15:08:07,276 [pool-229-thread-1] INFO  server.RaftServerConfigKeys (ConfUtils.java:logGet(43)) - raft.server.snapshot.auto.trigger.enabled = true (custom)
2019-11-14 15:08:07,276 [pool-229-thread-1] INFO  server.RaftServerConfigKeys (ConfUtils.java:logGet(43)) - raft.server.snapshot.auto.trigger.threshold = 10000 (custom)
2019-11-14 15:08:07,276 [pool-229-thread-1] INFO  server.RaftServerConfigKeys (ConfUtils.java:logGet(43)) - raft.server.snapshot.retention.file.num = 5 (custom)
2019-11-14 15:08:07,276 [pool-229-thread-1] INFO  server.RaftServerConfigKeys (ConfUtils.java:logGet(43)) - raft.server.retrycache.expirytime = 600000ms (custom)
2019-11-14 15:08:07,276 [pool-229-thread-1] WARN  impl.MetricRegistriesImpl (MetricRegistriesImpl.java:lambda$create$1(61)) - First MetricRegistry has been created without registering reporters. You may need to call MetricRegistries.global().addReportRegistration(...) before.
2019-11-14 15:08:07,277 [pool-229-thread-1] WARN  impl.MetricRegistriesImpl (MetricRegistriesImpl.java:lambda$create$1(61)) - First MetricRegistry has been created without registering reporters. You may need to call MetricRegistries.global().addReportRegistration(...) before.
2019-11-14 15:08:07,277 [pool-229-thread-1] INFO  impl.RaftServerImpl (RaftServerImpl.java:start(184)) - 2f24271a-73a2-4678-8a2d-efde1b9a7c05@group-09AE756F24A7: start as a follower, conf=-1: [2f24271a-73a2-4678-8a2d-efde1b9a7c05:192.168.34.62:38626], old=null
2019-11-14 15:08:07,277 [pool-229-thread-1] INFO  impl.RaftServerImpl (RaftServerImpl.java:setRole(173)) - 2f24271a-73a2-4678-8a2d-efde1b9a7c05@group-09AE756F24A7: changes role from      null to FOLLOWER at term 0 for startAsFollower
2019-11-14 15:08:07,277 [pool-229-thread-1] INFO  impl.RoleInfo (RoleInfo.java:updateAndGet(143)) - 2f24271a-73a2-4678-8a2d-efde1b9a7c05: start FollowerState
2019-11-14 15:08:07,278 [pool-229-thread-1] INFO  util.JmxRegister (JmxRegister.java:tryRegister(44)) - Successfully registered JMX Bean with object name Ratis:service=RaftServer,group=group-09AE756F24A7,id=2f24271a-73a2-4678-8a2d-efde1b9a7c05
2019-11-14 15:08:07,278 [pool-229-thread-1] WARN  impl.MetricRegistriesImpl (MetricRegistriesImpl.java:lambda$create$1(61)) - First MetricRegistry has been created without registering reporters. You may need to call MetricRegistries.global().addReportRegistration(...) before.
2019-11-14 15:08:07,281 [IPC Server handler 3 on 42444] INFO  net.NetworkTopology (NetworkTopologyImpl.java:add(111)) - Added a new node: /rack1/dadbf9b0-b155-425e-bdd4-f6aced2428ca
2019-11-14 15:08:07,281 [IPC Server handler 3 on 42444] INFO  node.SCMNodeManager (SCMNodeManager.java:register(267)) - Registered Data node : dadbf9b0-b155-425e-bdd4-f6aced2428ca{ip: 192.168.34.62, host: pr-hdds-2480-6qkg9-608321763, networkLocation: /rack1, certSerialId: null}
2019-11-14 15:08:07,281 [RatisPipelineUtilsThread] INFO  pipeline.PipelineStateManager (PipelineStateManager.java:addPipeline(55)) - Created pipeline Pipeline[ Id: ba92b5e2-fa4b-4d9a-8e6a-09ae756f24a7, Nodes: 2f24271a-73a2-4678-8a2d-efde1b9a7c05{ip: 192.168.34.62, host: pr-hdds-2480-6qkg9-608321763, networkLocation: /rack1, certSerialId: null}, Type:RATIS, Factor:ONE, State:ALLOCATED]
2019-11-14 15:08:07,290 [grpc-default-executor-0] INFO  impl.RaftServerProxy (RaftServerProxy.java:addNew(89)) - dadbf9b0-b155-425e-bdd4-f6aced2428ca: addNew group-DB67BF62A5E8:[dadbf9b0-b155-425e-bdd4-f6aced2428ca:192.168.34.62:40592] returns group-DB67BF62A5E8:java.util.concurrent.CompletableFuture@46ad3706[Not completed]
2019-11-14 15:08:07,292 [pool-239-thread-1] INFO  impl.RaftServerImpl (RaftServerImpl.java:<init>(98)) - dadbf9b0-b155-425e-bdd4-f6aced2428ca: new RaftServerImpl for group-DB67BF62A5E8:[dadbf9b0-b155-425e-bdd4-f6aced2428ca:192.168.34.62:40592] with ContainerStateMachine:uninitialized
2019-11-14 15:08:07,292 [pool-239-thread-1] INFO  server.RaftServerConfigKeys (ConfUtils.java:logGet(43)) - raft.server.rpc.timeout.min = 1s (custom)
2019-11-14 15:08:07,292 [pool-239-thread-1] INFO  server.RaftServerConfigKeys (ConfUtils.java:logGet(43)) - raft.server.rpc.timeout.max = 1200ms (custom)
2019-11-14 15:08:07,292 [pool-239-thread-1] INFO  server.RaftServerConfigKeys (ConfUtils.java:logGet(43)) - raft.server.rpcslowness.timeout = 120s (custom)
2019-11-14 15:08:07,293 [pool-239-thread-1] INFO  server.RaftServerConfigKeys (ConfUtils.java:logGet(43)) - raft.server.sleep.deviation.threshold = 300 (default)
2019-11-14 15:08:07,293 [pool-239-thread-1] INFO  server.RaftServerConfigKeys (ConfUtils.java:logGet(43)) - raft.server.log.appender.install.snapshot.enabled = false (custom)
2019-11-14 15:08:07,293 [pool-239-thread-1] INFO  impl.RaftServerImpl (ServerState.java:<init>(103)) - dadbf9b0-b155-425e-bdd4-f6aced2428ca@group-DB67BF62A5E8: ConfigurationManager, init=-1: [dadbf9b0-b155-425e-bdd4-f6aced2428ca:192.168.34.62:40592], old=null, confs=<EMPTY_MAP>
2019-11-14 15:08:07,293 [pool-239-thread-1] INFO  server.RaftServerConfigKeys (ConfUtils.java:logGet(43)) - raft.server.storage.dir = [/workdir/hadoop-ozone/integration-test/target/test-dir/MiniOzoneClusterImpl-6b3e2517-75a7-4dd9-8054-0b12e404e591/datanode-9/data/ratis] (custom)
2019-11-14 15:08:07,293 [pool-239-thread-1] INFO  server.RaftServerConfigKeys (ConfUtils.java:logGet(43)) - raft.server.log.corruption.policy = EXCEPTION (default)
2019-11-14 15:08:07,293 [pool-239-thread-1] INFO  storage.RaftStorageDirectory (RaftStorageDirectory.java:analyzeStorage(246)) - The storage directory /workdir/hadoop-ozone/integration-test/target/test-dir/MiniOzoneClusterImpl-6b3e2517-75a7-4dd9-8054-0b12e404e591/datanode-9/data/ratis/85b4431e-b4e3-4809-bf80-db67bf62a5e8 does not exist. Creating ...
2019-11-14 15:08:07,307 [pool-239-thread-1] INFO  storage.RaftStorageDirectory (RaftStorageDirectory.java:tryLock(328)) - Lock on /workdir/hadoop-ozone/integration-test/target/test-dir/MiniOzoneClusterImpl-6b3e2517-75a7-4dd9-8054-0b12e404e591/datanode-9/data/ratis/85b4431e-b4e3-4809-bf80-db67bf62a5e8/in_use.lock acquired by nodename 23875@pr-hdds-2480-6qkg9-608321763
2019-11-14 15:08:07,321 [pool-239-thread-1] INFO  storage.RaftStorage (RaftStorage.java:format(84)) - Storage directory /workdir/hadoop-ozone/integration-test/target/test-dir/MiniOzoneClusterImpl-6b3e2517-75a7-4dd9-8054-0b12e404e591/datanode-9/data/ratis/85b4431e-b4e3-4809-bf80-db67bf62a5e8 has been successfully formatted.
2019-11-14 15:08:07,321 [pool-239-thread-1] INFO  ratis.ContainerStateMachine (ContainerStateMachine.java:loadSnapshot(223)) - group-DB67BF62A5E8: The snapshot info is null. Setting the last applied indexto:(t:0, i:~)
2019-11-14 15:08:07,321 [pool-239-thread-1] INFO  server.RaftServerConfigKeys (ConfUtils.java:logGet(43)) - raft.server.notification.no-leader.timeout = 120s (custom)
2019-11-14 15:08:07,321 [pool-239-thread-1] INFO  server.RaftServerConfigKeys (ConfUtils.java:logGet(43)) - raft.server.log.use.memory = false (default)
2019-11-14 15:08:07,321 [pool-239-thread-1] INFO  server.RaftServerConfigKeys (ConfUtils.java:logGet(43)) - raft.server.log.purge.gap = 1000000 (custom)
2019-11-14 15:08:07,321 [pool-239-thread-1] INFO  server.RaftServerConfigKeys (ConfUtils.java:logGet(43)) - raft.server.log.appender.buffer.byte-limit = 33554432 (custom)
2019-11-14 15:08:07,321 [pool-239-thread-1] INFO  server.RaftServerConfigKeys (ConfUtils.java:logGet(43)) - raft.server.log.segment.size.max = 1048576 (custom)
2019-11-14 15:08:07,322 [pool-239-thread-1] WARN  impl.MetricRegistriesImpl (MetricRegistriesImpl.java:lambda$create$1(61)) - First MetricRegistry has been created without registering reporters. You may need to call MetricRegistries.global().addReportRegistration(...) before.
2019-11-14 15:08:07,322 [pool-239-thread-1] INFO  server.RaftServerConfigKeys (ConfUtils.java:logGet(43)) - raft.server.log.segment.cache.num.max = 2 (custom)
2019-11-14 15:08:07,322 [pool-239-thread-1] INFO  segmented.SegmentedRaftLogWorker (SegmentedRaftLogWorker.java:<init>(173)) - new dadbf9b0-b155-425e-bdd4-f6aced2428ca@group-DB67BF62A5E8-SegmentedRaftLogWorker for RaftStorage:Storage Directory /workdir/hadoop-ozone/integration-test/target/test-dir/MiniOzoneClusterImpl-6b3e2517-75a7-4dd9-8054-0b12e404e591/datanode-9/data/ratis/85b4431e-b4e3-4809-bf80-db67bf62a5e8
2019-11-14 15:08:07,322 [pool-239-thread-1] INFO  server.RaftServerConfigKeys (ConfUtils.java:logGet(43)) - raft.server.log.queue.byte-limit = 2147483647 (custom)
2019-11-14 15:08:07,322 [pool-239-thread-1] INFO  server.RaftServerConfigKeys (ConfUtils.java:logGet(43)) - raft.server.log.queue.element-limit = 1024 (custom)
2019-11-14 15:08:07,322 [pool-239-thread-1] INFO  server.RaftServerConfigKeys (ConfUtils.java:logGet(43)) - raft.server.log.segment.size.max = 1048576 (custom)
2019-11-14 15:08:07,322 [pool-239-thread-1] INFO  server.RaftServerConfigKeys (ConfUtils.java:logGet(43)) - raft.server.log.preallocated.size = 16384 (custom)
2019-11-14 15:08:07,322 [pool-239-thread-1] INFO  server.RaftServerConfigKeys (ConfUtils.java:logGet(43)) - raft.server.log.write.buffer.size = 33554432 (custom)
2019-11-14 15:08:07,323 [pool-239-thread-1] INFO  server.RaftServerConfigKeys (ConfUtils.java:logGet(43)) - raft.server.log.force.sync.num = 128 (default)
2019-11-14 15:08:07,323 [pool-239-thread-1] INFO  server.RaftServerConfigKeys (ConfUtils.java:logGet(43)) - raft.server.log.statemachine.data.sync = true (default)
2019-11-14 15:08:07,323 [pool-239-thread-1] INFO  server.RaftServerConfigKeys (ConfUtils.java:logGet(43)) - raft.server.log.statemachine.data.sync.timeout = 10s (default)
2019-11-14 15:08:07,323 [pool-239-thread-1] INFO  server.RaftServerConfigKeys (ConfUtils.java:logGet(43)) - raft.server.log.statemachine.data.sync.timeout.retry = -1 (default)
2019-11-14 15:08:07,323 [pool-239-thread-1] INFO  server.RaftServerConfigKeys (ConfUtils.java:logGet(43)) - raft.server.log.statemachine.data.caching.enabled = true (custom)
2019-11-14 15:08:07,324 [pool-239-thread-1] INFO  segmented.SegmentedRaftLogWorker (SegmentedRaftLogWorker.java:lambda$new$0(128)) - dadbf9b0-b155-425e-bdd4-f6aced2428ca@group-DB67BF62A5E8-SegmentedRaftLogWorker: flushIndex: setUnconditionally 0 -> -1
2019-11-14 15:08:07,324 [pool-239-thread-1] INFO  server.RaftServerConfigKeys (ConfUtils.java:logGet(43)) - raft.server.snapshot.auto.trigger.enabled = true (custom)
2019-11-14 15:08:07,324 [pool-239-thread-1] INFO  server.RaftServerConfigKeys (ConfUtils.java:logGet(43)) - raft.server.snapshot.auto.trigger.threshold = 10000 (custom)
2019-11-14 15:08:07,324 [pool-239-thread-1] INFO  server.RaftServerConfigKeys (ConfUtils.java:logGet(43)) - raft.server.snapshot.retention.file.num = 5 (custom)
2019-11-14 15:08:07,324 [pool-239-thread-1] INFO  server.RaftServerConfigKeys (ConfUtils.java:logGet(43)) - raft.server.retrycache.expirytime = 600000ms (custom)
2019-11-14 15:08:07,324 [pool-239-thread-1] WARN  impl.MetricRegistriesImpl (MetricRegistriesImpl.java:lambda$create$1(61)) - First MetricRegistry has been created without registering reporters. You may need to call MetricRegistries.global().addReportRegistration(...) before.
2019-11-14 15:08:07,325 [pool-239-thread-1] WARN  impl.MetricRegistriesImpl (MetricRegistriesImpl.java:lambda$create$1(61)) - First MetricRegistry has been created without registering reporters. You may need to call MetricRegistries.global().addReportRegistration(...) before.
2019-11-14 15:08:07,325 [pool-239-thread-1] INFO  impl.RaftServerImpl (RaftServerImpl.java:start(184)) - dadbf9b0-b155-425e-bdd4-f6aced2428ca@group-DB67BF62A5E8: start as a follower, conf=-1: [dadbf9b0-b155-425e-bdd4-f6aced2428ca:192.168.34.62:40592], old=null
2019-11-14 15:08:07,325 [pool-239-thread-1] INFO  impl.RaftServerImpl (RaftServerImpl.java:setRole(173)) - dadbf9b0-b155-425e-bdd4-f6aced2428ca@group-DB67BF62A5E8: changes role from      null to FOLLOWER at term 0 for startAsFollower
2019-11-14 15:08:07,325 [pool-239-thread-1] INFO  impl.RoleInfo (RoleInfo.java:updateAndGet(143)) - dadbf9b0-b155-425e-bdd4-f6aced2428ca: start FollowerState
2019-11-14 15:08:07,326 [pool-239-thread-1] INFO  util.JmxRegister (JmxRegister.java:tryRegister(44)) - Successfully registered JMX Bean with object name Ratis:service=RaftServer,group=group-DB67BF62A5E8,id=dadbf9b0-b155-425e-bdd4-f6aced2428ca
2019-11-14 15:08:07,326 [pool-239-thread-1] WARN  impl.MetricRegistriesImpl (MetricRegistriesImpl.java:lambda$create$1(61)) - First MetricRegistry has been created without registering reporters. You may need to call MetricRegistries.global().addReportRegistration(...) before.
2019-11-14 15:08:07,329 [RatisPipelineUtilsThread] INFO  pipeline.PipelineStateManager (PipelineStateManager.java:addPipeline(55)) - Created pipeline Pipeline[ Id: 85b4431e-b4e3-4809-bf80-db67bf62a5e8, Nodes: dadbf9b0-b155-425e-bdd4-f6aced2428ca{ip: 192.168.34.62, host: pr-hdds-2480-6qkg9-608321763, networkLocation: /rack1, certSerialId: null}, Type:RATIS, Factor:ONE, State:ALLOCATED]
2019-11-14 15:08:07,353 [grpc-default-executor-0] INFO  impl.RaftServerProxy (RaftServerProxy.java:addNew(89)) - a96edad4-0b0c-48cb-948a-93b2fbf7c409: addNew group-BF045E2C2D3F:[a96edad4-0b0c-48cb-948a-93b2fbf7c409:192.168.34.62:43006] returns group-BF045E2C2D3F:java.util.concurrent.CompletableFuture@6731786b[Not completed]
2019-11-14 15:08:07,354 [pool-219-thread-1] INFO  impl.RaftServerImpl (RaftServerImpl.java:<init>(98)) - a96edad4-0b0c-48cb-948a-93b2fbf7c409: new RaftServerImpl for group-BF045E2C2D3F:[a96edad4-0b0c-48cb-948a-93b2fbf7c409:192.168.34.62:43006] with ContainerStateMachine:uninitialized
2019-11-14 15:08:07,354 [pool-219-thread-1] INFO  server.RaftServerConfigKeys (ConfUtils.java:logGet(43)) - raft.server.rpc.timeout.min = 1s (custom)
2019-11-14 15:08:07,354 [pool-219-thread-1] INFO  server.RaftServerConfigKeys (ConfUtils.java:logGet(43)) - raft.server.rpc.timeout.max = 1200ms (custom)
2019-11-14 15:08:07,354 [pool-219-thread-1] INFO  server.RaftServerConfigKeys (ConfUtils.java:logGet(43)) - raft.server.rpcslowness.timeout = 120s (custom)
2019-11-14 15:08:07,354 [pool-219-thread-1] INFO  server.RaftServerConfigKeys (ConfUtils.java:logGet(43)) - raft.server.sleep.deviation.threshold = 300 (default)
2019-11-14 15:08:07,355 [pool-219-thread-1] INFO  server.RaftServerConfigKeys (ConfUtils.java:logGet(43)) - raft.server.log.appender.install.snapshot.enabled = false (custom)
2019-11-14 15:08:07,355 [pool-219-thread-1] INFO  impl.RaftServerImpl (ServerState.java:<init>(103)) - a96edad4-0b0c-48cb-948a-93b2fbf7c409@group-BF045E2C2D3F: ConfigurationManager, init=-1: [a96edad4-0b0c-48cb-948a-93b2fbf7c409:192.168.34.62:43006], old=null, confs=<EMPTY_MAP>
2019-11-14 15:08:07,355 [pool-219-thread-1] INFO  server.RaftServerConfigKeys (ConfUtils.java:logGet(43)) - raft.server.storage.dir = [/workdir/hadoop-ozone/integration-test/target/test-dir/MiniOzoneClusterImpl-6b3e2517-75a7-4dd9-8054-0b12e404e591/datanode-7/data/ratis] (custom)
2019-11-14 15:08:07,355 [pool-219-thread-1] INFO  server.RaftServerConfigKeys (ConfUtils.java:logGet(43)) - raft.server.log.corruption.policy = EXCEPTION (default)
2019-11-14 15:08:07,355 [pool-219-thread-1] INFO  storage.RaftStorageDirectory (RaftStorageDirectory.java:analyzeStorage(246)) - The storage directory /workdir/hadoop-ozone/integration-test/target/test-dir/MiniOzoneClusterImpl-6b3e2517-75a7-4dd9-8054-0b12e404e591/datanode-7/data/ratis/1ea1b5cd-1e7b-406e-b195-bf045e2c2d3f does not exist. Creating ...
2019-11-14 15:08:07,368 [pool-219-thread-1] INFO  storage.RaftStorageDirectory (RaftStorageDirectory.java:tryLock(328)) - Lock on /workdir/hadoop-ozone/integration-test/target/test-dir/MiniOzoneClusterImpl-6b3e2517-75a7-4dd9-8054-0b12e404e591/datanode-7/data/ratis/1ea1b5cd-1e7b-406e-b195-bf045e2c2d3f/in_use.lock acquired by nodename 23875@pr-hdds-2480-6qkg9-608321763
2019-11-14 15:08:07,381 [pool-219-thread-1] INFO  storage.RaftStorage (RaftStorage.java:format(84)) - Storage directory /workdir/hadoop-ozone/integration-test/target/test-dir/MiniOzoneClusterImpl-6b3e2517-75a7-4dd9-8054-0b12e404e591/datanode-7/data/ratis/1ea1b5cd-1e7b-406e-b195-bf045e2c2d3f has been successfully formatted.
2019-11-14 15:08:07,381 [pool-219-thread-1] INFO  ratis.ContainerStateMachine (ContainerStateMachine.java:loadSnapshot(223)) - group-BF045E2C2D3F: The snapshot info is null. Setting the last applied indexto:(t:0, i:~)
2019-11-14 15:08:07,382 [pool-219-thread-1] INFO  server.RaftServerConfigKeys (ConfUtils.java:logGet(43)) - raft.server.notification.no-leader.timeout = 120s (custom)
2019-11-14 15:08:07,382 [pool-219-thread-1] INFO  server.RaftServerConfigKeys (ConfUtils.java:logGet(43)) - raft.server.log.use.memory = false (default)
2019-11-14 15:08:07,382 [pool-219-thread-1] INFO  server.RaftServerConfigKeys (ConfUtils.java:logGet(43)) - raft.server.log.purge.gap = 1000000 (custom)
2019-11-14 15:08:07,382 [pool-219-thread-1] INFO  server.RaftServerConfigKeys (ConfUtils.java:logGet(43)) - raft.server.log.appender.buffer.byte-limit = 33554432 (custom)
2019-11-14 15:08:07,382 [pool-219-thread-1] INFO  server.RaftServerConfigKeys (ConfUtils.java:logGet(43)) - raft.server.log.segment.size.max = 1048576 (custom)
2019-11-14 15:08:07,382 [pool-219-thread-1] WARN  impl.MetricRegistriesImpl (MetricRegistriesImpl.java:lambda$create$1(61)) - First MetricRegistry has been created without registering reporters. You may need to call MetricRegistries.global().addReportRegistration(...) before.
2019-11-14 15:08:07,382 [pool-219-thread-1] INFO  server.RaftServerConfigKeys (ConfUtils.java:logGet(43)) - raft.server.log.segment.cache.num.max = 2 (custom)
2019-11-14 15:08:07,382 [pool-219-thread-1] INFO  segmented.SegmentedRaftLogWorker (SegmentedRaftLogWorker.java:<init>(173)) - new a96edad4-0b0c-48cb-948a-93b2fbf7c409@group-BF045E2C2D3F-SegmentedRaftLogWorker for RaftStorage:Storage Directory /workdir/hadoop-ozone/integration-test/target/test-dir/MiniOzoneClusterImpl-6b3e2517-75a7-4dd9-8054-0b12e404e591/datanode-7/data/ratis/1ea1b5cd-1e7b-406e-b195-bf045e2c2d3f
2019-11-14 15:08:07,382 [pool-219-thread-1] INFO  server.RaftServerConfigKeys (ConfUtils.java:logGet(43)) - raft.server.log.queue.byte-limit = 2147483647 (custom)
2019-11-14 15:08:07,382 [pool-219-thread-1] INFO  server.RaftServerConfigKeys (ConfUtils.java:logGet(43)) - raft.server.log.queue.element-limit = 1024 (custom)
2019-11-14 15:08:07,382 [pool-219-thread-1] INFO  server.RaftServerConfigKeys (ConfUtils.java:logGet(43)) - raft.server.log.segment.size.max = 1048576 (custom)
2019-11-14 15:08:07,383 [pool-219-thread-1] INFO  server.RaftServerConfigKeys (ConfUtils.java:logGet(43)) - raft.server.log.preallocated.size = 16384 (custom)
2019-11-14 15:08:07,383 [pool-219-thread-1] INFO  server.RaftServerConfigKeys (ConfUtils.java:logGet(43)) - raft.server.log.write.buffer.size = 33554432 (custom)
2019-11-14 15:08:07,383 [pool-219-thread-1] INFO  server.RaftServerConfigKeys (ConfUtils.java:logGet(43)) - raft.server.log.force.sync.num = 128 (default)
2019-11-14 15:08:07,383 [pool-219-thread-1] INFO  server.RaftServerConfigKeys (ConfUtils.java:logGet(43)) - raft.server.log.statemachine.data.sync = true (default)
2019-11-14 15:08:07,383 [pool-219-thread-1] INFO  server.RaftServerConfigKeys (ConfUtils.java:logGet(43)) - raft.server.log.statemachine.data.sync.timeout = 10s (default)
2019-11-14 15:08:07,383 [pool-219-thread-1] INFO  server.RaftServerConfigKeys (ConfUtils.java:logGet(43)) - raft.server.log.statemachine.data.sync.timeout.retry = -1 (default)
2019-11-14 15:08:07,383 [pool-219-thread-1] INFO  server.RaftServerConfigKeys (ConfUtils.java:logGet(43)) - raft.server.log.statemachine.data.caching.enabled = true (custom)
2019-11-14 15:08:07,383 [pool-219-thread-1] INFO  segmented.SegmentedRaftLogWorker (SegmentedRaftLogWorker.java:lambda$new$0(128)) - a96edad4-0b0c-48cb-948a-93b2fbf7c409@group-BF045E2C2D3F-SegmentedRaftLogWorker: flushIndex: setUnconditionally 0 -> -1
2019-11-14 15:08:07,384 [pool-219-thread-1] INFO  server.RaftServerConfigKeys (ConfUtils.java:logGet(43)) - raft.server.snapshot.auto.trigger.enabled = true (custom)
2019-11-14 15:08:07,384 [pool-219-thread-1] INFO  server.RaftServerConfigKeys (ConfUtils.java:logGet(43)) - raft.server.snapshot.auto.trigger.threshold = 10000 (custom)
2019-11-14 15:08:07,384 [pool-219-thread-1] INFO  server.RaftServerConfigKeys (ConfUtils.java:logGet(43)) - raft.server.snapshot.retention.file.num = 5 (custom)
2019-11-14 15:08:07,384 [pool-219-thread-1] INFO  server.RaftServerConfigKeys (ConfUtils.java:logGet(43)) - raft.server.retrycache.expirytime = 600000ms (custom)
2019-11-14 15:08:07,384 [pool-219-thread-1] WARN  impl.MetricRegistriesImpl (MetricRegistriesImpl.java:lambda$create$1(61)) - First MetricRegistry has been created without registering reporters. You may need to call MetricRegistries.global().addReportRegistration(...) before.
2019-11-14 15:08:07,384 [pool-219-thread-1] WARN  impl.MetricRegistriesImpl (MetricRegistriesImpl.java:lambda$create$1(61)) - First MetricRegistry has been created without registering reporters. You may need to call MetricRegistries.global().addReportRegistration(...) before.
2019-11-14 15:08:07,384 [pool-219-thread-1] INFO  impl.RaftServerImpl (RaftServerImpl.java:start(184)) - a96edad4-0b0c-48cb-948a-93b2fbf7c409@group-BF045E2C2D3F: start as a follower, conf=-1: [a96edad4-0b0c-48cb-948a-93b2fbf7c409:192.168.34.62:43006], old=null
2019-11-14 15:08:07,384 [pool-219-thread-1] INFO  impl.RaftServerImpl (RaftServerImpl.java:setRole(173)) - a96edad4-0b0c-48cb-948a-93b2fbf7c409@group-BF045E2C2D3F: changes role from      null to FOLLOWER at term 0 for startAsFollower
2019-11-14 15:08:07,384 [pool-219-thread-1] INFO  impl.RoleInfo (RoleInfo.java:updateAndGet(143)) - a96edad4-0b0c-48cb-948a-93b2fbf7c409: start FollowerState
2019-11-14 15:08:07,385 [pool-219-thread-1] INFO  util.JmxRegister (JmxRegister.java:tryRegister(44)) - Successfully registered JMX Bean with object name Ratis:service=RaftServer,group=group-BF045E2C2D3F,id=a96edad4-0b0c-48cb-948a-93b2fbf7c409
2019-11-14 15:08:07,385 [pool-219-thread-1] WARN  impl.MetricRegistriesImpl (MetricRegistriesImpl.java:lambda$create$1(61)) - First MetricRegistry has been created without registering reporters. You may need to call MetricRegistries.global().addReportRegistration(...) before.
2019-11-14 15:08:07,388 [RatisPipelineUtilsThread] INFO  pipeline.PipelineStateManager (PipelineStateManager.java:addPipeline(55)) - Created pipeline Pipeline[ Id: 1ea1b5cd-1e7b-406e-b195-bf045e2c2d3f, Nodes: a96edad4-0b0c-48cb-948a-93b2fbf7c409{ip: 192.168.34.62, host: pr-hdds-2480-6qkg9-608321763, networkLocation: /rack1, certSerialId: null}, Type:RATIS, Factor:ONE, State:ALLOCATED]
2019-11-14 15:08:07,403 [grpc-default-executor-1] INFO  impl.RaftServerProxy (RaftServerProxy.java:addNew(89)) - dadbf9b0-b155-425e-bdd4-f6aced2428ca: addNew group-3F175BF73E13:[a96edad4-0b0c-48cb-948a-93b2fbf7c409:192.168.34.62:43006, 2f24271a-73a2-4678-8a2d-efde1b9a7c05:192.168.34.62:38626, dadbf9b0-b155-425e-bdd4-f6aced2428ca:192.168.34.62:40592] returns group-3F175BF73E13:java.util.concurrent.CompletableFuture@7d821ed[Not completed]
2019-11-14 15:08:07,403 [grpc-default-executor-3] INFO  impl.RaftServerProxy (RaftServerProxy.java:addNew(89)) - 2f24271a-73a2-4678-8a2d-efde1b9a7c05: addNew group-3F175BF73E13:[a96edad4-0b0c-48cb-948a-93b2fbf7c409:192.168.34.62:43006, 2f24271a-73a2-4678-8a2d-efde1b9a7c05:192.168.34.62:38626, dadbf9b0-b155-425e-bdd4-f6aced2428ca:192.168.34.62:40592] returns group-3F175BF73E13:java.util.concurrent.CompletableFuture@16960fe4[Not completed]
2019-11-14 15:08:07,403 [grpc-default-executor-0] INFO  impl.RaftServerProxy (RaftServerProxy.java:addNew(89)) - a96edad4-0b0c-48cb-948a-93b2fbf7c409: addNew group-3F175BF73E13:[a96edad4-0b0c-48cb-948a-93b2fbf7c409:192.168.34.62:43006, 2f24271a-73a2-4678-8a2d-efde1b9a7c05:192.168.34.62:38626, dadbf9b0-b155-425e-bdd4-f6aced2428ca:192.168.34.62:40592] returns group-3F175BF73E13:java.util.concurrent.CompletableFuture@2e1242a6[Not completed]
2019-11-14 15:08:07,405 [pool-239-thread-1] INFO  impl.RaftServerImpl (RaftServerImpl.java:<init>(98)) - dadbf9b0-b155-425e-bdd4-f6aced2428ca: new RaftServerImpl for group-3F175BF73E13:[a96edad4-0b0c-48cb-948a-93b2fbf7c409:192.168.34.62:43006, 2f24271a-73a2-4678-8a2d-efde1b9a7c05:192.168.34.62:38626, dadbf9b0-b155-425e-bdd4-f6aced2428ca:192.168.34.62:40592] with ContainerStateMachine:uninitialized
2019-11-14 15:08:07,405 [pool-239-thread-1] INFO  server.RaftServerConfigKeys (ConfUtils.java:logGet(43)) - raft.server.rpc.timeout.min = 1s (custom)
2019-11-14 15:08:07,405 [pool-239-thread-1] INFO  server.RaftServerConfigKeys (ConfUtils.java:logGet(43)) - raft.server.rpc.timeout.max = 1200ms (custom)
2019-11-14 15:08:07,405 [pool-239-thread-1] INFO  server.RaftServerConfigKeys (ConfUtils.java:logGet(43)) - raft.server.rpcslowness.timeout = 120s (custom)
2019-11-14 15:08:07,405 [pool-239-thread-1] INFO  server.RaftServerConfigKeys (ConfUtils.java:logGet(43)) - raft.server.sleep.deviation.threshold = 300 (default)
2019-11-14 15:08:07,405 [pool-239-thread-1] INFO  server.RaftServerConfigKeys (ConfUtils.java:logGet(43)) - raft.server.log.appender.install.snapshot.enabled = false (custom)
2019-11-14 15:08:07,405 [pool-239-thread-1] INFO  impl.RaftServerImpl (ServerState.java:<init>(103)) - dadbf9b0-b155-425e-bdd4-f6aced2428ca@group-3F175BF73E13: ConfigurationManager, init=-1: [a96edad4-0b0c-48cb-948a-93b2fbf7c409:192.168.34.62:43006, 2f24271a-73a2-4678-8a2d-efde1b9a7c05:192.168.34.62:38626, dadbf9b0-b155-425e-bdd4-f6aced2428ca:192.168.34.62:40592], old=null, confs=<EMPTY_MAP>
2019-11-14 15:08:07,405 [pool-229-thread-1] INFO  impl.RaftServerImpl (RaftServerImpl.java:<init>(98)) - 2f24271a-73a2-4678-8a2d-efde1b9a7c05: new RaftServerImpl for group-3F175BF73E13:[a96edad4-0b0c-48cb-948a-93b2fbf7c409:192.168.34.62:43006, 2f24271a-73a2-4678-8a2d-efde1b9a7c05:192.168.34.62:38626, dadbf9b0-b155-425e-bdd4-f6aced2428ca:192.168.34.62:40592] with ContainerStateMachine:uninitialized
2019-11-14 15:08:07,405 [pool-239-thread-1] INFO  server.RaftServerConfigKeys (ConfUtils.java:logGet(43)) - raft.server.storage.dir = [/workdir/hadoop-ozone/integration-test/target/test-dir/MiniOzoneClusterImpl-6b3e2517-75a7-4dd9-8054-0b12e404e591/datanode-9/data/ratis] (custom)
2019-11-14 15:08:07,406 [pool-229-thread-1] INFO  server.RaftServerConfigKeys (ConfUtils.java:logGet(43)) - raft.server.rpc.timeout.min = 1s (custom)
2019-11-14 15:08:07,406 [pool-229-thread-1] INFO  server.RaftServerConfigKeys (ConfUtils.java:logGet(43)) - raft.server.rpc.timeout.max = 1200ms (custom)
2019-11-14 15:08:07,406 [pool-239-thread-1] INFO  server.RaftServerConfigKeys (ConfUtils.java:logGet(43)) - raft.server.log.corruption.policy = EXCEPTION (default)
2019-11-14 15:08:07,406 [pool-229-thread-1] INFO  server.RaftServerConfigKeys (ConfUtils.java:logGet(43)) - raft.server.rpcslowness.timeout = 120s (custom)
2019-11-14 15:08:07,406 [pool-229-thread-1] INFO  server.RaftServerConfigKeys (ConfUtils.java:logGet(43)) - raft.server.sleep.deviation.threshold = 300 (default)
2019-11-14 15:08:07,406 [pool-219-thread-1] INFO  impl.RaftServerImpl (RaftServerImpl.java:<init>(98)) - a96edad4-0b0c-48cb-948a-93b2fbf7c409: new RaftServerImpl for group-3F175BF73E13:[a96edad4-0b0c-48cb-948a-93b2fbf7c409:192.168.34.62:43006, 2f24271a-73a2-4678-8a2d-efde1b9a7c05:192.168.34.62:38626, dadbf9b0-b155-425e-bdd4-f6aced2428ca:192.168.34.62:40592] with ContainerStateMachine:uninitialized
2019-11-14 15:08:07,406 [pool-239-thread-1] INFO  storage.RaftStorageDirectory (RaftStorageDirectory.java:analyzeStorage(246)) - The storage directory /workdir/hadoop-ozone/integration-test/target/test-dir/MiniOzoneClusterImpl-6b3e2517-75a7-4dd9-8054-0b12e404e591/datanode-9/data/ratis/1fe51cd9-4844-458e-bc8e-3f175bf73e13 does not exist. Creating ...
2019-11-14 15:08:07,406 [pool-219-thread-1] INFO  server.RaftServerConfigKeys (ConfUtils.java:logGet(43)) - raft.server.rpc.timeout.min = 1s (custom)
2019-11-14 15:08:07,406 [pool-229-thread-1] INFO  server.RaftServerConfigKeys (ConfUtils.java:logGet(43)) - raft.server.log.appender.install.snapshot.enabled = false (custom)
2019-11-14 15:08:07,407 [pool-219-thread-1] INFO  server.RaftServerConfigKeys (ConfUtils.java:logGet(43)) - raft.server.rpc.timeout.max = 1200ms (custom)
2019-11-14 15:08:07,407 [pool-219-thread-1] INFO  server.RaftServerConfigKeys (ConfUtils.java:logGet(43)) - raft.server.rpcslowness.timeout = 120s (custom)
2019-11-14 15:08:07,407 [pool-229-thread-1] INFO  impl.RaftServerImpl (ServerState.java:<init>(103)) - 2f24271a-73a2-4678-8a2d-efde1b9a7c05@group-3F175BF73E13: ConfigurationManager, init=-1: [a96edad4-0b0c-48cb-948a-93b2fbf7c409:192.168.34.62:43006, 2f24271a-73a2-4678-8a2d-efde1b9a7c05:192.168.34.62:38626, dadbf9b0-b155-425e-bdd4-f6aced2428ca:192.168.34.62:40592], old=null, confs=<EMPTY_MAP>
2019-11-14 15:08:07,407 [pool-219-thread-1] INFO  server.RaftServerConfigKeys (ConfUtils.java:logGet(43)) - raft.server.sleep.deviation.threshold = 300 (default)
2019-11-14 15:08:07,407 [pool-229-thread-1] INFO  server.RaftServerConfigKeys (ConfUtils.java:logGet(43)) - raft.server.storage.dir = [/workdir/hadoop-ozone/integration-test/target/test-dir/MiniOzoneClusterImpl-6b3e2517-75a7-4dd9-8054-0b12e404e591/datanode-8/data/ratis] (custom)
2019-11-14 15:08:07,407 [pool-219-thread-1] INFO  server.RaftServerConfigKeys (ConfUtils.java:logGet(43)) - raft.server.log.appender.install.snapshot.enabled = false (custom)
2019-11-14 15:08:07,407 [pool-219-thread-1] INFO  impl.RaftServerImpl (ServerState.java:<init>(103)) - a96edad4-0b0c-48cb-948a-93b2fbf7c409@group-3F175BF73E13: ConfigurationManager, init=-1: [a96edad4-0b0c-48cb-948a-93b2fbf7c409:192.168.34.62:43006, 2f24271a-73a2-4678-8a2d-efde1b9a7c05:192.168.34.62:38626, dadbf9b0-b155-425e-bdd4-f6aced2428ca:192.168.34.62:40592], old=null, confs=<EMPTY_MAP>
2019-11-14 15:08:07,407 [pool-229-thread-1] INFO  server.RaftServerConfigKeys (ConfUtils.java:logGet(43)) - raft.server.log.corruption.policy = EXCEPTION (default)
2019-11-14 15:08:07,407 [pool-219-thread-1] INFO  server.RaftServerConfigKeys (ConfUtils.java:logGet(43)) - raft.server.storage.dir = [/workdir/hadoop-ozone/integration-test/target/test-dir/MiniOzoneClusterImpl-6b3e2517-75a7-4dd9-8054-0b12e404e591/datanode-7/data/ratis] (custom)
2019-11-14 15:08:07,408 [pool-229-thread-1] INFO  storage.RaftStorageDirectory (RaftStorageDirectory.java:analyzeStorage(246)) - The storage directory /workdir/hadoop-ozone/integration-test/target/test-dir/MiniOzoneClusterImpl-6b3e2517-75a7-4dd9-8054-0b12e404e591/datanode-8/data/ratis/1fe51cd9-4844-458e-bc8e-3f175bf73e13 does not exist. Creating ...
2019-11-14 15:08:07,408 [pool-219-thread-1] INFO  server.RaftServerConfigKeys (ConfUtils.java:logGet(43)) - raft.server.log.corruption.policy = EXCEPTION (default)
2019-11-14 15:08:07,408 [pool-219-thread-1] INFO  storage.RaftStorageDirectory (RaftStorageDirectory.java:analyzeStorage(246)) - The storage directory /workdir/hadoop-ozone/integration-test/target/test-dir/MiniOzoneClusterImpl-6b3e2517-75a7-4dd9-8054-0b12e404e591/datanode-7/data/ratis/1fe51cd9-4844-458e-bc8e-3f175bf73e13 does not exist. Creating ...
2019-11-14 15:08:07,421 [pool-219-thread-1] INFO  storage.RaftStorageDirectory (RaftStorageDirectory.java:tryLock(328)) - Lock on /workdir/hadoop-ozone/integration-test/target/test-dir/MiniOzoneClusterImpl-6b3e2517-75a7-4dd9-8054-0b12e404e591/datanode-7/data/ratis/1fe51cd9-4844-458e-bc8e-3f175bf73e13/in_use.lock acquired by nodename 23875@pr-hdds-2480-6qkg9-608321763
2019-11-14 15:08:07,421 [pool-229-thread-1] INFO  storage.RaftStorageDirectory (RaftStorageDirectory.java:tryLock(328)) - Lock on /workdir/hadoop-ozone/integration-test/target/test-dir/MiniOzoneClusterImpl-6b3e2517-75a7-4dd9-8054-0b12e404e591/datanode-8/data/ratis/1fe51cd9-4844-458e-bc8e-3f175bf73e13/in_use.lock acquired by nodename 23875@pr-hdds-2480-6qkg9-608321763
2019-11-14 15:08:07,421 [pool-239-thread-1] INFO  storage.RaftStorageDirectory (RaftStorageDirectory.java:tryLock(328)) - Lock on /workdir/hadoop-ozone/integration-test/target/test-dir/MiniOzoneClusterImpl-6b3e2517-75a7-4dd9-8054-0b12e404e591/datanode-9/data/ratis/1fe51cd9-4844-458e-bc8e-3f175bf73e13/in_use.lock acquired by nodename 23875@pr-hdds-2480-6qkg9-608321763
2019-11-14 15:08:07,435 [pool-219-thread-1] INFO  storage.RaftStorage (RaftStorage.java:format(84)) - Storage directory /workdir/hadoop-ozone/integration-test/target/test-dir/MiniOzoneClusterImpl-6b3e2517-75a7-4dd9-8054-0b12e404e591/datanode-7/data/ratis/1fe51cd9-4844-458e-bc8e-3f175bf73e13 has been successfully formatted.
2019-11-14 15:08:07,435 [pool-229-thread-1] INFO  storage.RaftStorage (RaftStorage.java:format(84)) - Storage directory /workdir/hadoop-ozone/integration-test/target/test-dir/MiniOzoneClusterImpl-6b3e2517-75a7-4dd9-8054-0b12e404e591/datanode-8/data/ratis/1fe51cd9-4844-458e-bc8e-3f175bf73e13 has been successfully formatted.
2019-11-14 15:08:07,435 [pool-219-thread-1] INFO  ratis.ContainerStateMachine (ContainerStateMachine.java:loadSnapshot(223)) - group-3F175BF73E13: The snapshot info is null. Setting the last applied indexto:(t:0, i:~)
2019-11-14 15:08:07,435 [pool-229-thread-1] INFO  ratis.ContainerStateMachine (ContainerStateMachine.java:loadSnapshot(223)) - group-3F175BF73E13: The snapshot info is null. Setting the last applied indexto:(t:0, i:~)
2019-11-14 15:08:07,435 [pool-239-thread-1] INFO  storage.RaftStorage (RaftStorage.java:format(84)) - Storage directory /workdir/hadoop-ozone/integration-test/target/test-dir/MiniOzoneClusterImpl-6b3e2517-75a7-4dd9-8054-0b12e404e591/datanode-9/data/ratis/1fe51cd9-4844-458e-bc8e-3f175bf73e13 has been successfully formatted.
2019-11-14 15:08:07,435 [pool-229-thread-1] INFO  server.RaftServerConfigKeys (ConfUtils.java:logGet(43)) - raft.server.notification.no-leader.timeout = 120s (custom)
2019-11-14 15:08:07,436 [pool-229-thread-1] INFO  server.RaftServerConfigKeys (ConfUtils.java:logGet(43)) - raft.server.log.use.memory = false (default)
2019-11-14 15:08:07,435 [pool-219-thread-1] INFO  server.RaftServerConfigKeys (ConfUtils.java:logGet(43)) - raft.server.notification.no-leader.timeout = 120s (custom)
2019-11-14 15:08:07,436 [pool-229-thread-1] INFO  server.RaftServerConfigKeys (ConfUtils.java:logGet(43)) - raft.server.log.purge.gap = 1000000 (custom)
2019-11-14 15:08:07,436 [pool-239-thread-1] INFO  ratis.ContainerStateMachine (ContainerStateMachine.java:loadSnapshot(223)) - group-3F175BF73E13: The snapshot info is null. Setting the last applied indexto:(t:0, i:~)
2019-11-14 15:08:07,436 [pool-229-thread-1] INFO  server.RaftServerConfigKeys (ConfUtils.java:logGet(43)) - raft.server.log.appender.buffer.byte-limit = 33554432 (custom)
2019-11-14 15:08:07,436 [pool-219-thread-1] INFO  server.RaftServerConfigKeys (ConfUtils.java:logGet(43)) - raft.server.log.use.memory = false (default)
2019-11-14 15:08:07,436 [pool-229-thread-1] INFO  server.RaftServerConfigKeys (ConfUtils.java:logGet(43)) - raft.server.log.segment.size.max = 1048576 (custom)
2019-11-14 15:08:07,436 [pool-239-thread-1] INFO  server.RaftServerConfigKeys (ConfUtils.java:logGet(43)) - raft.server.notification.no-leader.timeout = 120s (custom)
2019-11-14 15:08:07,436 [pool-229-thread-1] INFO  server.RaftServerConfigKeys (ConfUtils.java:logGet(43)) - raft.server.log.segment.cache.num.max = 2 (custom)
2019-11-14 15:08:07,437 [pool-229-thread-1] INFO  segmented.SegmentedRaftLogWorker (SegmentedRaftLogWorker.java:<init>(173)) - new 2f24271a-73a2-4678-8a2d-efde1b9a7c05@group-3F175BF73E13-SegmentedRaftLogWorker for RaftStorage:Storage Directory /workdir/hadoop-ozone/integration-test/target/test-dir/MiniOzoneClusterImpl-6b3e2517-75a7-4dd9-8054-0b12e404e591/datanode-8/data/ratis/1fe51cd9-4844-458e-bc8e-3f175bf73e13
2019-11-14 15:08:07,436 [pool-219-thread-1] INFO  server.RaftServerConfigKeys (ConfUtils.java:logGet(43)) - raft.server.log.purge.gap = 1000000 (custom)
2019-11-14 15:08:07,437 [pool-229-thread-1] INFO  server.RaftServerConfigKeys (ConfUtils.java:logGet(43)) - raft.server.log.queue.byte-limit = 2147483647 (custom)
2019-11-14 15:08:07,437 [pool-239-thread-1] INFO  server.RaftServerConfigKeys (ConfUtils.java:logGet(43)) - raft.server.log.use.memory = false (default)
2019-11-14 15:08:07,437 [pool-229-thread-1] INFO  server.RaftServerConfigKeys (ConfUtils.java:logGet(43)) - raft.server.log.queue.element-limit = 1024 (custom)
2019-11-14 15:08:07,437 [pool-229-thread-1] INFO  server.RaftServerConfigKeys (ConfUtils.java:logGet(43)) - raft.server.log.segment.size.max = 1048576 (custom)
2019-11-14 15:08:07,437 [pool-219-thread-1] INFO  server.RaftServerConfigKeys (ConfUtils.java:logGet(43)) - raft.server.log.appender.buffer.byte-limit = 33554432 (custom)
2019-11-14 15:08:07,438 [pool-229-thread-1] INFO  server.RaftServerConfigKeys (ConfUtils.java:logGet(43)) - raft.server.log.preallocated.size = 16384 (custom)
2019-11-14 15:08:07,438 [pool-229-thread-1] INFO  server.RaftServerConfigKeys (ConfUtils.java:logGet(43)) - raft.server.log.write.buffer.size = 33554432 (custom)
2019-11-14 15:08:07,437 [pool-239-thread-1] INFO  server.RaftServerConfigKeys (ConfUtils.java:logGet(43)) - raft.server.log.purge.gap = 1000000 (custom)
2019-11-14 15:08:07,438 [pool-229-thread-1] INFO  server.RaftServerConfigKeys (ConfUtils.java:logGet(43)) - raft.server.log.force.sync.num = 128 (default)
2019-11-14 15:08:07,438 [pool-219-thread-1] INFO  server.RaftServerConfigKeys (ConfUtils.java:logGet(43)) - raft.server.log.segment.size.max = 1048576 (custom)
2019-11-14 15:08:07,438 [pool-229-thread-1] INFO  server.RaftServerConfigKeys (ConfUtils.java:logGet(43)) - raft.server.log.statemachine.data.sync = true (default)
2019-11-14 15:08:07,438 [pool-239-thread-1] INFO  server.RaftServerConfigKeys (ConfUtils.java:logGet(43)) - raft.server.log.appender.buffer.byte-limit = 33554432 (custom)
2019-11-14 15:08:07,438 [pool-229-thread-1] INFO  server.RaftServerConfigKeys (ConfUtils.java:logGet(43)) - raft.server.log.statemachine.data.sync.timeout = 10s (default)
2019-11-14 15:08:07,438 [pool-219-thread-1] INFO  server.RaftServerConfigKeys (ConfUtils.java:logGet(43)) - raft.server.log.segment.cache.num.max = 2 (custom)
2019-11-14 15:08:07,439 [pool-229-thread-1] INFO  server.RaftServerConfigKeys (ConfUtils.java:logGet(43)) - raft.server.log.statemachine.data.sync.timeout.retry = -1 (default)
2019-11-14 15:08:07,439 [pool-239-thread-1] INFO  server.RaftServerConfigKeys (ConfUtils.java:logGet(43)) - raft.server.log.segment.size.max = 1048576 (custom)
2019-11-14 15:08:07,439 [pool-229-thread-1] INFO  server.RaftServerConfigKeys (ConfUtils.java:logGet(43)) - raft.server.log.statemachine.data.caching.enabled = true (custom)
2019-11-14 15:08:07,439 [pool-219-thread-1] INFO  segmented.SegmentedRaftLogWorker (SegmentedRaftLogWorker.java:<init>(173)) - new a96edad4-0b0c-48cb-948a-93b2fbf7c409@group-3F175BF73E13-SegmentedRaftLogWorker for RaftStorage:Storage Directory /workdir/hadoop-ozone/integration-test/target/test-dir/MiniOzoneClusterImpl-6b3e2517-75a7-4dd9-8054-0b12e404e591/datanode-7/data/ratis/1fe51cd9-4844-458e-bc8e-3f175bf73e13
2019-11-14 15:08:07,439 [pool-239-thread-1] INFO  server.RaftServerConfigKeys (ConfUtils.java:logGet(43)) - raft.server.log.segment.cache.num.max = 2 (custom)
2019-11-14 15:08:07,439 [pool-229-thread-1] INFO  segmented.SegmentedRaftLogWorker (SegmentedRaftLogWorker.java:lambda$new$0(128)) - 2f24271a-73a2-4678-8a2d-efde1b9a7c05@group-3F175BF73E13-SegmentedRaftLogWorker: flushIndex: setUnconditionally 0 -> -1
2019-11-14 15:08:07,439 [pool-219-thread-1] INFO  server.RaftServerConfigKeys (ConfUtils.java:logGet(43)) - raft.server.log.queue.byte-limit = 2147483647 (custom)
2019-11-14 15:08:07,439 [pool-239-thread-1] INFO  segmented.SegmentedRaftLogWorker (SegmentedRaftLogWorker.java:<init>(173)) - new dadbf9b0-b155-425e-bdd4-f6aced2428ca@group-3F175BF73E13-SegmentedRaftLogWorker for RaftStorage:Storage Directory /workdir/hadoop-ozone/integration-test/target/test-dir/MiniOzoneClusterImpl-6b3e2517-75a7-4dd9-8054-0b12e404e591/datanode-9/data/ratis/1fe51cd9-4844-458e-bc8e-3f175bf73e13
2019-11-14 15:08:07,440 [pool-229-thread-1] INFO  server.RaftServerConfigKeys (ConfUtils.java:logGet(43)) - raft.server.snapshot.auto.trigger.enabled = true (custom)
2019-11-14 15:08:07,440 [pool-219-thread-1] INFO  server.RaftServerConfigKeys (ConfUtils.java:logGet(43)) - raft.server.log.queue.element-limit = 1024 (custom)
2019-11-14 15:08:07,440 [pool-229-thread-1] INFO  server.RaftServerConfigKeys (ConfUtils.java:logGet(43)) - raft.server.snapshot.auto.trigger.threshold = 10000 (custom)
2019-11-14 15:08:07,440 [pool-239-thread-1] INFO  server.RaftServerConfigKeys (ConfUtils.java:logGet(43)) - raft.server.log.queue.byte-limit = 2147483647 (custom)
2019-11-14 15:08:07,440 [pool-229-thread-1] INFO  server.RaftServerConfigKeys (ConfUtils.java:logGet(43)) - raft.server.snapshot.retention.file.num = 5 (custom)
2019-11-14 15:08:07,440 [pool-219-thread-1] INFO  server.RaftServerConfigKeys (ConfUtils.java:logGet(43)) - raft.server.log.segment.size.max = 1048576 (custom)
2019-11-14 15:08:07,441 [pool-229-thread-1] INFO  server.RaftServerConfigKeys (ConfUtils.java:logGet(43)) - raft.server.retrycache.expirytime = 600000ms (custom)
2019-11-14 15:08:07,440 [pool-239-thread-1] INFO  server.RaftServerConfigKeys (ConfUtils.java:logGet(43)) - raft.server.log.queue.element-limit = 1024 (custom)
2019-11-14 15:08:07,441 [pool-229-thread-1] WARN  impl.MetricRegistriesImpl (MetricRegistriesImpl.java:lambda$create$1(61)) - First MetricRegistry has been created without registering reporters. You may need to call MetricRegistries.global().addReportRegistration(...) before.
2019-11-14 15:08:07,441 [pool-219-thread-1] INFO  server.RaftServerConfigKeys (ConfUtils.java:logGet(43)) - raft.server.log.preallocated.size = 16384 (custom)
2019-11-14 15:08:07,441 [pool-229-thread-1] WARN  impl.MetricRegistriesImpl (MetricRegistriesImpl.java:lambda$create$1(61)) - First MetricRegistry has been created without registering reporters. You may need to call MetricRegistries.global().addReportRegistration(...) before.
2019-11-14 15:08:07,441 [pool-239-thread-1] INFO  server.RaftServerConfigKeys (ConfUtils.java:logGet(43)) - raft.server.log.segment.size.max = 1048576 (custom)
2019-11-14 15:08:07,441 [pool-229-thread-1] INFO  impl.RaftServerImpl (RaftServerImpl.java:start(184)) - 2f24271a-73a2-4678-8a2d-efde1b9a7c05@group-3F175BF73E13: start as a follower, conf=-1: [a96edad4-0b0c-48cb-948a-93b2fbf7c409:192.168.34.62:43006, 2f24271a-73a2-4678-8a2d-efde1b9a7c05:192.168.34.62:38626, dadbf9b0-b155-425e-bdd4-f6aced2428ca:192.168.34.62:40592], old=null
2019-11-14 15:08:07,441 [pool-219-thread-1] INFO  server.RaftServerConfigKeys (ConfUtils.java:logGet(43)) - raft.server.log.write.buffer.size = 33554432 (custom)
2019-11-14 15:08:07,442 [pool-229-thread-1] INFO  impl.RaftServerImpl (RaftServerImpl.java:setRole(173)) - 2f24271a-73a2-4678-8a2d-efde1b9a7c05@group-3F175BF73E13: changes role from      null to FOLLOWER at term 0 for startAsFollower
2019-11-14 15:08:07,441 [pool-239-thread-1] INFO  server.RaftServerConfigKeys (ConfUtils.java:logGet(43)) - raft.server.log.preallocated.size = 16384 (custom)
2019-11-14 15:08:07,442 [pool-229-thread-1] INFO  impl.RoleInfo (RoleInfo.java:updateAndGet(143)) - 2f24271a-73a2-4678-8a2d-efde1b9a7c05: start FollowerState
2019-11-14 15:08:07,442 [pool-219-thread-1] INFO  server.RaftServerConfigKeys (ConfUtils.java:logGet(43)) - raft.server.log.force.sync.num = 128 (default)
2019-11-14 15:08:07,442 [pool-239-thread-1] INFO  server.RaftServerConfigKeys (ConfUtils.java:logGet(43)) - raft.server.log.write.buffer.size = 33554432 (custom)
2019-11-14 15:08:07,442 [pool-219-thread-1] INFO  server.RaftServerConfigKeys (ConfUtils.java:logGet(43)) - raft.server.log.statemachine.data.sync = true (default)
2019-11-14 15:08:07,442 [pool-229-thread-1] INFO  util.JmxRegister (JmxRegister.java:tryRegister(44)) - Successfully registered JMX Bean with object name Ratis:service=RaftServer,group=group-3F175BF73E13,id=2f24271a-73a2-4678-8a2d-efde1b9a7c05
2019-11-14 15:08:07,442 [pool-239-thread-1] INFO  server.RaftServerConfigKeys (ConfUtils.java:logGet(43)) - raft.server.log.force.sync.num = 128 (default)
2019-11-14 15:08:07,443 [pool-229-thread-1] WARN  impl.MetricRegistriesImpl (MetricRegistriesImpl.java:lambda$create$1(61)) - First MetricRegistry has been created without registering reporters. You may need to call MetricRegistries.global().addReportRegistration(...) before.
2019-11-14 15:08:07,442 [pool-219-thread-1] INFO  server.RaftServerConfigKeys (ConfUtils.java:logGet(43)) - raft.server.log.statemachine.data.sync.timeout = 10s (default)
2019-11-14 15:08:07,443 [pool-239-thread-1] INFO  server.RaftServerConfigKeys (ConfUtils.java:logGet(43)) - raft.server.log.statemachine.data.sync = true (default)
2019-11-14 15:08:07,443 [pool-219-thread-1] INFO  server.RaftServerConfigKeys (ConfUtils.java:logGet(43)) - raft.server.log.statemachine.data.sync.timeout.retry = -1 (default)
2019-11-14 15:08:07,443 [pool-239-thread-1] INFO  server.RaftServerConfigKeys (ConfUtils.java:logGet(43)) - raft.server.log.statemachine.data.sync.timeout = 10s (default)
2019-11-14 15:08:07,443 [pool-219-thread-1] INFO  server.RaftServerConfigKeys (ConfUtils.java:logGet(43)) - raft.server.log.statemachine.data.caching.enabled = true (custom)
2019-11-14 15:08:07,443 [pool-239-thread-1] INFO  server.RaftServerConfigKeys (ConfUtils.java:logGet(43)) - raft.server.log.statemachine.data.sync.timeout.retry = -1 (default)
2019-11-14 15:08:07,444 [pool-219-thread-1] INFO  segmented.SegmentedRaftLogWorker (SegmentedRaftLogWorker.java:lambda$new$0(128)) - a96edad4-0b0c-48cb-948a-93b2fbf7c409@group-3F175BF73E13-SegmentedRaftLogWorker: flushIndex: setUnconditionally 0 -> -1
2019-11-14 15:08:07,444 [pool-239-thread-1] INFO  server.RaftServerConfigKeys (ConfUtils.java:logGet(43)) - raft.server.log.statemachine.data.caching.enabled = true (custom)
2019-11-14 15:08:07,444 [pool-219-thread-1] INFO  server.RaftServerConfigKeys (ConfUtils.java:logGet(43)) - raft.server.snapshot.auto.trigger.enabled = true (custom)
2019-11-14 15:08:07,444 [pool-239-thread-1] INFO  segmented.SegmentedRaftLogWorker (SegmentedRaftLogWorker.java:lambda$new$0(128)) - dadbf9b0-b155-425e-bdd4-f6aced2428ca@group-3F175BF73E13-SegmentedRaftLogWorker: flushIndex: setUnconditionally 0 -> -1
2019-11-14 15:08:07,444 [pool-219-thread-1] INFO  server.RaftServerConfigKeys (ConfUtils.java:logGet(43)) - raft.server.snapshot.auto.trigger.threshold = 10000 (custom)
2019-11-14 15:08:07,444 [pool-219-thread-1] INFO  server.RaftServerConfigKeys (ConfUtils.java:logGet(43)) - raft.server.snapshot.retention.file.num = 5 (custom)
2019-11-14 15:08:07,444 [pool-239-thread-1] INFO  server.RaftServerConfigKeys (ConfUtils.java:logGet(43)) - raft.server.snapshot.auto.trigger.enabled = true (custom)
2019-11-14 15:08:07,444 [pool-219-thread-1] INFO  server.RaftServerConfigKeys (ConfUtils.java:logGet(43)) - raft.server.retrycache.expirytime = 600000ms (custom)
2019-11-14 15:08:07,445 [pool-239-thread-1] INFO  server.RaftServerConfigKeys (ConfUtils.java:logGet(43)) - raft.server.snapshot.auto.trigger.threshold = 10000 (custom)
2019-11-14 15:08:07,445 [pool-219-thread-1] WARN  impl.MetricRegistriesImpl (MetricRegistriesImpl.java:lambda$create$1(61)) - First MetricRegistry has been created without registering reporters. You may need to call MetricRegistries.global().addReportRegistration(...) before.
2019-11-14 15:08:07,445 [pool-239-thread-1] INFO  server.RaftServerConfigKeys (ConfUtils.java:logGet(43)) - raft.server.snapshot.retention.file.num = 5 (custom)
2019-11-14 15:08:07,445 [pool-219-thread-1] WARN  impl.MetricRegistriesImpl (MetricRegistriesImpl.java:lambda$create$1(61)) - First MetricRegistry has been created without registering reporters. You may need to call MetricRegistries.global().addReportRegistration(...) before.
2019-11-14 15:08:07,445 [pool-239-thread-1] INFO  server.RaftServerConfigKeys (ConfUtils.java:logGet(43)) - raft.server.retrycache.expirytime = 600000ms (custom)
2019-11-14 15:08:07,445 [pool-219-thread-1] INFO  impl.RaftServerImpl (RaftServerImpl.java:start(184)) - a96edad4-0b0c-48cb-948a-93b2fbf7c409@group-3F175BF73E13: start as a follower, conf=-1: [a96edad4-0b0c-48cb-948a-93b2fbf7c409:192.168.34.62:43006, 2f24271a-73a2-4678-8a2d-efde1b9a7c05:192.168.34.62:38626, dadbf9b0-b155-425e-bdd4-f6aced2428ca:192.168.34.62:40592], old=null
2019-11-14 15:08:07,445 [pool-239-thread-1] WARN  impl.MetricRegistriesImpl (MetricRegistriesImpl.java:lambda$create$1(61)) - First MetricRegistry has been created without registering reporters. You may need to call MetricRegistries.global().addReportRegistration(...) before.
2019-11-14 15:08:07,445 [pool-219-thread-1] INFO  impl.RaftServerImpl (RaftServerImpl.java:setRole(173)) - a96edad4-0b0c-48cb-948a-93b2fbf7c409@group-3F175BF73E13: changes role from      null to FOLLOWER at term 0 for startAsFollower
2019-11-14 15:08:07,446 [pool-239-thread-1] WARN  impl.MetricRegistriesImpl (MetricRegistriesImpl.java:lambda$create$1(61)) - First MetricRegistry has been created without registering reporters. You may need to call MetricRegistries.global().addReportRegistration(...) before.
2019-11-14 15:08:07,446 [pool-219-thread-1] INFO  impl.RoleInfo (RoleInfo.java:updateAndGet(143)) - a96edad4-0b0c-48cb-948a-93b2fbf7c409: start FollowerState
2019-11-14 15:08:07,446 [pool-239-thread-1] INFO  impl.RaftServerImpl (RaftServerImpl.java:start(184)) - dadbf9b0-b155-425e-bdd4-f6aced2428ca@group-3F175BF73E13: start as a follower, conf=-1: [a96edad4-0b0c-48cb-948a-93b2fbf7c409:192.168.34.62:43006, 2f24271a-73a2-4678-8a2d-efde1b9a7c05:192.168.34.62:38626, dadbf9b0-b155-425e-bdd4-f6aced2428ca:192.168.34.62:40592], old=null
2019-11-14 15:08:07,446 [pool-239-thread-1] INFO  impl.RaftServerImpl (RaftServerImpl.java:setRole(173)) - dadbf9b0-b155-425e-bdd4-f6aced2428ca@group-3F175BF73E13: changes role from      null to FOLLOWER at term 0 for startAsFollower
2019-11-14 15:08:07,446 [pool-239-thread-1] INFO  impl.RoleInfo (RoleInfo.java:updateAndGet(143)) - dadbf9b0-b155-425e-bdd4-f6aced2428ca: start FollowerState
2019-11-14 15:08:07,446 [pool-219-thread-1] INFO  util.JmxRegister (JmxRegister.java:tryRegister(44)) - Successfully registered JMX Bean with object name Ratis:service=RaftServer,group=group-3F175BF73E13,id=a96edad4-0b0c-48cb-948a-93b2fbf7c409
2019-11-14 15:08:07,446 [pool-219-thread-1] WARN  impl.MetricRegistriesImpl (MetricRegistriesImpl.java:lambda$create$1(61)) - First MetricRegistry has been created without registering reporters. You may need to call MetricRegistries.global().addReportRegistration(...) before.
2019-11-14 15:08:07,447 [pool-239-thread-1] INFO  util.JmxRegister (JmxRegister.java:tryRegister(44)) - Successfully registered JMX Bean with object name Ratis:service=RaftServer,group=group-3F175BF73E13,id=dadbf9b0-b155-425e-bdd4-f6aced2428ca
2019-11-14 15:08:07,447 [pool-239-thread-1] WARN  impl.MetricRegistriesImpl (MetricRegistriesImpl.java:lambda$create$1(61)) - First MetricRegistry has been created without registering reporters. You may need to call MetricRegistries.global().addReportRegistration(...) before.
2019-11-14 15:08:07,449 [RatisPipelineUtilsThread] INFO  pipeline.PipelineStateManager (PipelineStateManager.java:addPipeline(55)) - Created pipeline Pipeline[ Id: 1fe51cd9-4844-458e-bc8e-3f175bf73e13, Nodes: dadbf9b0-b155-425e-bdd4-f6aced2428ca{ip: 192.168.34.62, host: pr-hdds-2480-6qkg9-608321763, networkLocation: /rack1, certSerialId: null}2f24271a-73a2-4678-8a2d-efde1b9a7c05{ip: 192.168.34.62, host: pr-hdds-2480-6qkg9-608321763, networkLocation: /rack1, certSerialId: null}a96edad4-0b0c-48cb-948a-93b2fbf7c409{ip: 192.168.34.62, host: pr-hdds-2480-6qkg9-608321763, networkLocation: /rack1, certSerialId: null}, Type:RATIS, Factor:THREE, State:ALLOCATED]
2019-11-14 15:08:07,452 [main] INFO  ozone.MiniOzoneClusterImpl (MiniOzoneClusterImpl.java:lambda$waitForClusterToBeReady$2(163)) - Waiting for 13 number of pipelines out of 13, to report a leader.
2019-11-14 15:08:07,829 [Thread-1273] INFO  impl.FollowerState (FollowerState.java:run(111)) - 09f4ece9-71c1-4a5b-9b91-b2a8aadac043@group-D037E40E1E66-FollowerState: change to CANDIDATE, lastRpcTime:1122ms, electionTimeout:1122ms
2019-11-14 15:08:07,832 [Thread-1273] INFO  impl.RoleInfo (RoleInfo.java:shutdownFollowerState(121)) - 09f4ece9-71c1-4a5b-9b91-b2a8aadac043: shutdown FollowerState
2019-11-14 15:08:07,832 [Thread-1273] INFO  impl.RaftServerImpl (RaftServerImpl.java:setRole(173)) - 09f4ece9-71c1-4a5b-9b91-b2a8aadac043@group-D037E40E1E66: changes role from  FOLLOWER to CANDIDATE at term 0 for changeToCandidate
2019-11-14 15:08:07,833 [Thread-1273] INFO  impl.RoleInfo (RoleInfo.java:updateAndGet(143)) - 09f4ece9-71c1-4a5b-9b91-b2a8aadac043: start LeaderElection
2019-11-14 15:08:07,850 [09f4ece9-71c1-4a5b-9b91-b2a8aadac043@group-D037E40E1E66-LeaderElection66] INFO  impl.LeaderElection (LeaderElection.java:askForVotes(178)) - 09f4ece9-71c1-4a5b-9b91-b2a8aadac043@group-D037E40E1E66-LeaderElection66: begin an election at term 1 for -1: [09f4ece9-71c1-4a5b-9b91-b2a8aadac043:192.168.34.62:45559], old=null
2019-11-14 15:08:07,850 [09f4ece9-71c1-4a5b-9b91-b2a8aadac043@group-D037E40E1E66-LeaderElection66] INFO  impl.RoleInfo (RoleInfo.java:shutdownLeaderElection(134)) - 09f4ece9-71c1-4a5b-9b91-b2a8aadac043: shutdown LeaderElection
2019-11-14 15:08:07,851 [09f4ece9-71c1-4a5b-9b91-b2a8aadac043@group-D037E40E1E66-LeaderElection66] INFO  impl.RaftServerImpl (RaftServerImpl.java:setRole(173)) - 09f4ece9-71c1-4a5b-9b91-b2a8aadac043@group-D037E40E1E66: changes role from CANDIDATE to LEADER at term 1 for changeToLeader
2019-11-14 15:08:07,851 [09f4ece9-71c1-4a5b-9b91-b2a8aadac043@group-D037E40E1E66-LeaderElection66] INFO  ratis.XceiverServerRatis (XceiverServerRatis.java:handleLeaderChangedNotification(697)) - Leader change notification received for group: group-D037E40E1E66 with new leaderId: 09f4ece9-71c1-4a5b-9b91-b2a8aadac043
2019-11-14 15:08:07,851 [09f4ece9-71c1-4a5b-9b91-b2a8aadac043@group-D037E40E1E66-LeaderElection66] INFO  impl.RaftServerImpl (ServerState.java:setLeader(255)) - 09f4ece9-71c1-4a5b-9b91-b2a8aadac043@group-D037E40E1E66: change Leader from null to 09f4ece9-71c1-4a5b-9b91-b2a8aadac043 at term 1 for becomeLeader, leader elected after 1149ms
2019-11-14 15:08:07,851 [09f4ece9-71c1-4a5b-9b91-b2a8aadac043@group-D037E40E1E66-LeaderElection66] INFO  server.RaftServerConfigKeys (ConfUtils.java:logGet(43)) - raft.server.staging.catchup.gap = 1000 (default)
2019-11-14 15:08:07,853 [09f4ece9-71c1-4a5b-9b91-b2a8aadac043@group-D037E40E1E66-LeaderElection66] INFO  server.RaftServerConfigKeys (ConfUtils.java:logGet(43)) - raft.server.rpc.sleep.time = 25ms (default)
2019-11-14 15:08:07,854 [09f4ece9-71c1-4a5b-9b91-b2a8aadac043@group-D037E40E1E66-LeaderElection66] INFO  server.RaftServerConfigKeys (ConfUtils.java:logGet(43)) - raft.server.write.element-limit = 4096 (default)
2019-11-14 15:08:07,854 [09f4ece9-71c1-4a5b-9b91-b2a8aadac043@group-D037E40E1E66-LeaderElection66] INFO  server.RaftServerConfigKeys (ConfUtils.java:logGet(43)) - raft.server.watch.timeout = 10s (default)
2019-11-14 15:08:07,854 [09f4ece9-71c1-4a5b-9b91-b2a8aadac043@group-D037E40E1E66-LeaderElection66] INFO  server.RaftServerConfigKeys (ConfUtils.java:logGet(43)) - raft.server.watch.timeout.denomination = 1s (default)
2019-11-14 15:08:07,854 [09f4ece9-71c1-4a5b-9b91-b2a8aadac043@group-D037E40E1E66-LeaderElection66] INFO  server.RaftServerConfigKeys (ConfUtils.java:logGet(43)) - raft.server.watch.element-limit = 65536 (default)
2019-11-14 15:08:07,854 [09f4ece9-71c1-4a5b-9b91-b2a8aadac043@group-D037E40E1E66-LeaderElection66] INFO  impl.RoleInfo (RoleInfo.java:updateAndGet(143)) - 09f4ece9-71c1-4a5b-9b91-b2a8aadac043: start LeaderState
2019-11-14 15:08:07,855 [09f4ece9-71c1-4a5b-9b91-b2a8aadac043@group-D037E40E1E66-LeaderElection66] INFO  segmented.SegmentedRaftLogWorker (SegmentedRaftLogWorker.java:startLogSegment(385)) - 09f4ece9-71c1-4a5b-9b91-b2a8aadac043@group-D037E40E1E66-SegmentedRaftLogWorker: Starting segment from index:0
2019-11-14 15:08:07,855 [EventQueue-PipelineReportForPipelineReportHandler] INFO  pipeline.PipelineStateManager (PipelineStateManager.java:openPipeline(134)) - Pipeline Pipeline[ Id: 1e1ba27d-94c8-43ad-a7df-d037e40e1e66, Nodes: 09f4ece9-71c1-4a5b-9b91-b2a8aadac043{ip: 192.168.34.62, host: pr-hdds-2480-6qkg9-608321763, networkLocation: /rack1, certSerialId: null}, Type:RATIS, Factor:ONE, State:OPEN] moved to OPEN state
2019-11-14 15:08:07,855 [09f4ece9-71c1-4a5b-9b91-b2a8aadac043@group-D037E40E1E66-LeaderElection66] INFO  impl.RaftServerImpl (ServerState.java:setRaftConf(356)) - 09f4ece9-71c1-4a5b-9b91-b2a8aadac043@group-D037E40E1E66: set configuration 0: [09f4ece9-71c1-4a5b-9b91-b2a8aadac043:192.168.34.62:45559], old=null at 0
2019-11-14 15:08:07,860 [Thread-1276] INFO  impl.FollowerState (FollowerState.java:run(111)) - dd0e1198-6ba1-4c32-9ce2-054c25212f92@group-EDA3048234DD-FollowerState: change to CANDIDATE, lastRpcTime:1086ms, electionTimeout:1086ms
2019-11-14 15:08:07,860 [Thread-1276] INFO  impl.RoleInfo (RoleInfo.java:shutdownFollowerState(121)) - dd0e1198-6ba1-4c32-9ce2-054c25212f92: shutdown FollowerState
2019-11-14 15:08:07,860 [Thread-1276] INFO  impl.RaftServerImpl (RaftServerImpl.java:setRole(173)) - dd0e1198-6ba1-4c32-9ce2-054c25212f92@group-EDA3048234DD: changes role from  FOLLOWER to CANDIDATE at term 0 for changeToCandidate
2019-11-14 15:08:07,861 [Thread-1276] INFO  impl.RoleInfo (RoleInfo.java:updateAndGet(143)) - dd0e1198-6ba1-4c32-9ce2-054c25212f92: start LeaderElection
2019-11-14 15:08:07,905 [09f4ece9-71c1-4a5b-9b91-b2a8aadac043@group-D037E40E1E66-SegmentedRaftLogWorker] INFO  segmented.SegmentedRaftLogWorker (SegmentedRaftLogWorker.java:execute(576)) - 09f4ece9-71c1-4a5b-9b91-b2a8aadac043@group-D037E40E1E66-SegmentedRaftLogWorker: created new log segment /workdir/hadoop-ozone/integration-test/target/test-dir/MiniOzoneClusterImpl-6b3e2517-75a7-4dd9-8054-0b12e404e591/datanode-0/data/ratis/1e1ba27d-94c8-43ad-a7df-d037e40e1e66/current/log_inprogress_0
2019-11-14 15:08:07,905 [dd0e1198-6ba1-4c32-9ce2-054c25212f92@group-EDA3048234DD-LeaderElection67] INFO  impl.LeaderElection (LeaderElection.java:askForVotes(178)) - dd0e1198-6ba1-4c32-9ce2-054c25212f92@group-EDA3048234DD-LeaderElection67: begin an election at term 1 for -1: [dd0e1198-6ba1-4c32-9ce2-054c25212f92:192.168.34.62:42382], old=null
2019-11-14 15:08:07,905 [dd0e1198-6ba1-4c32-9ce2-054c25212f92@group-EDA3048234DD-LeaderElection67] INFO  impl.RoleInfo (RoleInfo.java:shutdownLeaderElection(134)) - dd0e1198-6ba1-4c32-9ce2-054c25212f92: shutdown LeaderElection
2019-11-14 15:08:07,905 [dd0e1198-6ba1-4c32-9ce2-054c25212f92@group-EDA3048234DD-LeaderElection67] INFO  impl.RaftServerImpl (RaftServerImpl.java:setRole(173)) - dd0e1198-6ba1-4c32-9ce2-054c25212f92@group-EDA3048234DD: changes role from CANDIDATE to LEADER at term 1 for changeToLeader
2019-11-14 15:08:07,905 [dd0e1198-6ba1-4c32-9ce2-054c25212f92@group-EDA3048234DD-LeaderElection67] INFO  ratis.XceiverServerRatis (XceiverServerRatis.java:handleLeaderChangedNotification(697)) - Leader change notification received for group: group-EDA3048234DD with new leaderId: dd0e1198-6ba1-4c32-9ce2-054c25212f92
2019-11-14 15:08:07,905 [dd0e1198-6ba1-4c32-9ce2-054c25212f92@group-EDA3048234DD-LeaderElection67] INFO  impl.RaftServerImpl (ServerState.java:setLeader(255)) - dd0e1198-6ba1-4c32-9ce2-054c25212f92@group-EDA3048234DD: change Leader from null to dd0e1198-6ba1-4c32-9ce2-054c25212f92 at term 1 for becomeLeader, leader elected after 1135ms
2019-11-14 15:08:07,906 [dd0e1198-6ba1-4c32-9ce2-054c25212f92@group-EDA3048234DD-LeaderElection67] INFO  server.RaftServerConfigKeys (ConfUtils.java:logGet(43)) - raft.server.staging.catchup.gap = 1000 (default)
2019-11-14 15:08:07,908 [dd0e1198-6ba1-4c32-9ce2-054c25212f92@group-EDA3048234DD-LeaderElection67] INFO  server.RaftServerConfigKeys (ConfUtils.java:logGet(43)) - raft.server.rpc.sleep.time = 25ms (default)
2019-11-14 15:08:07,908 [dd0e1198-6ba1-4c32-9ce2-054c25212f92@group-EDA3048234DD-LeaderElection67] INFO  server.RaftServerConfigKeys (ConfUtils.java:logGet(43)) - raft.server.write.element-limit = 4096 (default)
2019-11-14 15:08:07,908 [dd0e1198-6ba1-4c32-9ce2-054c25212f92@group-EDA3048234DD-LeaderElection67] INFO  server.RaftServerConfigKeys (ConfUtils.java:logGet(43)) - raft.server.watch.timeout = 10s (default)
2019-11-14 15:08:07,908 [dd0e1198-6ba1-4c32-9ce2-054c25212f92@group-EDA3048234DD-LeaderElection67] INFO  server.RaftServerConfigKeys (ConfUtils.java:logGet(43)) - raft.server.watch.timeout.denomination = 1s (default)
2019-11-14 15:08:07,908 [dd0e1198-6ba1-4c32-9ce2-054c25212f92@group-EDA3048234DD-LeaderElection67] INFO  server.RaftServerConfigKeys (ConfUtils.java:logGet(43)) - raft.server.watch.element-limit = 65536 (default)
2019-11-14 15:08:07,909 [dd0e1198-6ba1-4c32-9ce2-054c25212f92@group-EDA3048234DD-LeaderElection67] INFO  impl.RoleInfo (RoleInfo.java:updateAndGet(143)) - dd0e1198-6ba1-4c32-9ce2-054c25212f92: start LeaderState
2019-11-14 15:08:07,909 [dd0e1198-6ba1-4c32-9ce2-054c25212f92@group-EDA3048234DD-LeaderElection67] INFO  segmented.SegmentedRaftLogWorker (SegmentedRaftLogWorker.java:startLogSegment(385)) - dd0e1198-6ba1-4c32-9ce2-054c25212f92@group-EDA3048234DD-SegmentedRaftLogWorker: Starting segment from index:0
2019-11-14 15:08:07,909 [EventQueue-PipelineReportForPipelineReportHandler] INFO  pipeline.PipelineStateManager (PipelineStateManager.java:openPipeline(134)) - Pipeline Pipeline[ Id: 81125719-861e-4a33-8cd0-eda3048234dd, Nodes: dd0e1198-6ba1-4c32-9ce2-054c25212f92{ip: 192.168.34.62, host: pr-hdds-2480-6qkg9-608321763, networkLocation: /rack1, certSerialId: null}, Type:RATIS, Factor:ONE, State:OPEN] moved to OPEN state
2019-11-14 15:08:07,909 [dd0e1198-6ba1-4c32-9ce2-054c25212f92@group-EDA3048234DD-LeaderElection67] INFO  impl.RaftServerImpl (ServerState.java:setRaftConf(356)) - dd0e1198-6ba1-4c32-9ce2-054c25212f92@group-EDA3048234DD: set configuration 0: [dd0e1198-6ba1-4c32-9ce2-054c25212f92:192.168.34.62:42382], old=null at 0
2019-11-14 15:08:07,955 [dd0e1198-6ba1-4c32-9ce2-054c25212f92@group-EDA3048234DD-SegmentedRaftLogWorker] INFO  segmented.SegmentedRaftLogWorker (SegmentedRaftLogWorker.java:execute(576)) - dd0e1198-6ba1-4c32-9ce2-054c25212f92@group-EDA3048234DD-SegmentedRaftLogWorker: created new log segment /workdir/hadoop-ozone/integration-test/target/test-dir/MiniOzoneClusterImpl-6b3e2517-75a7-4dd9-8054-0b12e404e591/datanode-1/data/ratis/81125719-861e-4a33-8cd0-eda3048234dd/current/log_inprogress_0
2019-11-14 15:08:07,968 [Thread-1279] INFO  impl.FollowerState (FollowerState.java:run(111)) - 86084ec4-dae7-4808-81c8-289a21d6f4dc@group-B20D901B3385-FollowerState: change to CANDIDATE, lastRpcTime:1106ms, electionTimeout:1106ms
2019-11-14 15:08:07,969 [Thread-1279] INFO  impl.RoleInfo (RoleInfo.java:shutdownFollowerState(121)) - 86084ec4-dae7-4808-81c8-289a21d6f4dc: shutdown FollowerState
2019-11-14 15:08:07,969 [Thread-1279] INFO  impl.RaftServerImpl (RaftServerImpl.java:setRole(173)) - 86084ec4-dae7-4808-81c8-289a21d6f4dc@group-B20D901B3385: changes role from  FOLLOWER to CANDIDATE at term 0 for changeToCandidate
2019-11-14 15:08:07,969 [Thread-1279] INFO  impl.RoleInfo (RoleInfo.java:updateAndGet(143)) - 86084ec4-dae7-4808-81c8-289a21d6f4dc: start LeaderElection
2019-11-14 15:08:07,987 [86084ec4-dae7-4808-81c8-289a21d6f4dc@group-B20D901B3385-LeaderElection68] INFO  impl.LeaderElection (LeaderElection.java:askForVotes(178)) - 86084ec4-dae7-4808-81c8-289a21d6f4dc@group-B20D901B3385-LeaderElection68: begin an election at term 1 for -1: [86084ec4-dae7-4808-81c8-289a21d6f4dc:192.168.34.62:33180], old=null
2019-11-14 15:08:07,987 [86084ec4-dae7-4808-81c8-289a21d6f4dc@group-B20D901B3385-LeaderElection68] INFO  impl.RoleInfo (RoleInfo.java:shutdownLeaderElection(134)) - 86084ec4-dae7-4808-81c8-289a21d6f4dc: shutdown LeaderElection
2019-11-14 15:08:07,987 [86084ec4-dae7-4808-81c8-289a21d6f4dc@group-B20D901B3385-LeaderElection68] INFO  impl.RaftServerImpl (RaftServerImpl.java:setRole(173)) - 86084ec4-dae7-4808-81c8-289a21d6f4dc@group-B20D901B3385: changes role from CANDIDATE to LEADER at term 1 for changeToLeader
2019-11-14 15:08:07,987 [86084ec4-dae7-4808-81c8-289a21d6f4dc@group-B20D901B3385-LeaderElection68] INFO  ratis.XceiverServerRatis (XceiverServerRatis.java:handleLeaderChangedNotification(697)) - Leader change notification received for group: group-B20D901B3385 with new leaderId: 86084ec4-dae7-4808-81c8-289a21d6f4dc
2019-11-14 15:08:07,987 [86084ec4-dae7-4808-81c8-289a21d6f4dc@group-B20D901B3385-LeaderElection68] INFO  impl.RaftServerImpl (ServerState.java:setLeader(255)) - 86084ec4-dae7-4808-81c8-289a21d6f4dc@group-B20D901B3385: change Leader from null to 86084ec4-dae7-4808-81c8-289a21d6f4dc at term 1 for becomeLeader, leader elected after 1129ms
2019-11-14 15:08:07,987 [86084ec4-dae7-4808-81c8-289a21d6f4dc@group-B20D901B3385-LeaderElection68] INFO  server.RaftServerConfigKeys (ConfUtils.java:logGet(43)) - raft.server.staging.catchup.gap = 1000 (default)
2019-11-14 15:08:07,988 [86084ec4-dae7-4808-81c8-289a21d6f4dc@group-B20D901B3385-LeaderElection68] INFO  server.RaftServerConfigKeys (ConfUtils.java:logGet(43)) - raft.server.rpc.sleep.time = 25ms (default)
2019-11-14 15:08:07,990 [86084ec4-dae7-4808-81c8-289a21d6f4dc@group-B20D901B3385-LeaderElection68] INFO  server.RaftServerConfigKeys (ConfUtils.java:logGet(43)) - raft.server.write.element-limit = 4096 (default)
2019-11-14 15:08:07,990 [86084ec4-dae7-4808-81c8-289a21d6f4dc@group-B20D901B3385-LeaderElection68] INFO  server.RaftServerConfigKeys (ConfUtils.java:logGet(43)) - raft.server.watch.timeout = 10s (default)
2019-11-14 15:08:07,990 [86084ec4-dae7-4808-81c8-289a21d6f4dc@group-B20D901B3385-LeaderElection68] INFO  server.RaftServerConfigKeys (ConfUtils.java:logGet(43)) - raft.server.watch.timeout.denomination = 1s (default)
2019-11-14 15:08:07,990 [86084ec4-dae7-4808-81c8-289a21d6f4dc@group-B20D901B3385-LeaderElection68] INFO  server.RaftServerConfigKeys (ConfUtils.java:logGet(43)) - raft.server.watch.element-limit = 65536 (default)
2019-11-14 15:08:07,991 [86084ec4-dae7-4808-81c8-289a21d6f4dc@group-B20D901B3385-LeaderElection68] INFO  impl.RoleInfo (RoleInfo.java:updateAndGet(143)) - 86084ec4-dae7-4808-81c8-289a21d6f4dc: start LeaderState
2019-11-14 15:08:07,991 [86084ec4-dae7-4808-81c8-289a21d6f4dc@group-B20D901B3385-LeaderElection68] INFO  segmented.SegmentedRaftLogWorker (SegmentedRaftLogWorker.java:startLogSegment(385)) - 86084ec4-dae7-4808-81c8-289a21d6f4dc@group-B20D901B3385-SegmentedRaftLogWorker: Starting segment from index:0
2019-11-14 15:08:07,991 [EventQueue-PipelineReportForPipelineReportHandler] INFO  pipeline.PipelineStateManager (PipelineStateManager.java:openPipeline(134)) - Pipeline Pipeline[ Id: 586e21db-d2ed-4172-aa69-b20d901b3385, Nodes: 86084ec4-dae7-4808-81c8-289a21d6f4dc{ip: 192.168.34.62, host: pr-hdds-2480-6qkg9-608321763, networkLocation: /rack1, certSerialId: null}, Type:RATIS, Factor:ONE, State:OPEN] moved to OPEN state
2019-11-14 15:08:07,991 [86084ec4-dae7-4808-81c8-289a21d6f4dc@group-B20D901B3385-LeaderElection68] INFO  impl.RaftServerImpl (ServerState.java:setRaftConf(356)) - 86084ec4-dae7-4808-81c8-289a21d6f4dc@group-B20D901B3385: set configuration 0: [86084ec4-dae7-4808-81c8-289a21d6f4dc:192.168.34.62:33180], old=null at 0
2019-11-14 15:08:08,018 [Thread-1287] INFO  impl.FollowerState (FollowerState.java:run(111)) - 86084ec4-dae7-4808-81c8-289a21d6f4dc@group-99BB9EF96312-FollowerState: change to CANDIDATE, lastRpcTime:1099ms, electionTimeout:1099ms
2019-11-14 15:08:08,019 [Thread-1287] INFO  impl.RoleInfo (RoleInfo.java:shutdownFollowerState(121)) - 86084ec4-dae7-4808-81c8-289a21d6f4dc: shutdown FollowerState
2019-11-14 15:08:08,019 [Thread-1287] INFO  impl.RaftServerImpl (RaftServerImpl.java:setRole(173)) - 86084ec4-dae7-4808-81c8-289a21d6f4dc@group-99BB9EF96312: changes role from  FOLLOWER to CANDIDATE at term 0 for changeToCandidate
2019-11-14 15:08:08,019 [Thread-1287] INFO  impl.RoleInfo (RoleInfo.java:updateAndGet(143)) - 86084ec4-dae7-4808-81c8-289a21d6f4dc: start LeaderElection
2019-11-14 15:08:08,026 [Thread-1291] INFO  impl.FollowerState (FollowerState.java:run(111)) - 59f802cb-c907-44a0-9069-e10bb38eff5d@group-C6CC9600584E-FollowerState: change to CANDIDATE, lastRpcTime:1024ms, electionTimeout:1024ms
2019-11-14 15:08:08,026 [Thread-1291] INFO  impl.RoleInfo (RoleInfo.java:shutdownFollowerState(121)) - 59f802cb-c907-44a0-9069-e10bb38eff5d: shutdown FollowerState
2019-11-14 15:08:08,026 [Thread-1291] INFO  impl.RaftServerImpl (RaftServerImpl.java:setRole(173)) - 59f802cb-c907-44a0-9069-e10bb38eff5d@group-C6CC9600584E: changes role from  FOLLOWER to CANDIDATE at term 0 for changeToCandidate
2019-11-14 15:08:08,026 [Thread-1291] INFO  impl.RoleInfo (RoleInfo.java:updateAndGet(143)) - 59f802cb-c907-44a0-9069-e10bb38eff5d: start LeaderElection
2019-11-14 15:08:08,037 [86084ec4-dae7-4808-81c8-289a21d6f4dc@group-B20D901B3385-SegmentedRaftLogWorker] INFO  segmented.SegmentedRaftLogWorker (SegmentedRaftLogWorker.java:execute(576)) - 86084ec4-dae7-4808-81c8-289a21d6f4dc@group-B20D901B3385-SegmentedRaftLogWorker: created new log segment /workdir/hadoop-ozone/integration-test/target/test-dir/MiniOzoneClusterImpl-6b3e2517-75a7-4dd9-8054-0b12e404e591/datanode-2/data/ratis/586e21db-d2ed-4172-aa69-b20d901b3385/current/log_inprogress_0
2019-11-14 15:08:08,037 [86084ec4-dae7-4808-81c8-289a21d6f4dc@group-99BB9EF96312-LeaderElection69] INFO  impl.LeaderElection (LeaderElection.java:askForVotes(178)) - 86084ec4-dae7-4808-81c8-289a21d6f4dc@group-99BB9EF96312-LeaderElection69: begin an election at term 1 for -1: [09f4ece9-71c1-4a5b-9b91-b2a8aadac043:192.168.34.62:45559, 86084ec4-dae7-4808-81c8-289a21d6f4dc:192.168.34.62:33180, dd0e1198-6ba1-4c32-9ce2-054c25212f92:192.168.34.62:42382], old=null
2019-11-14 15:08:08,037 [59f802cb-c907-44a0-9069-e10bb38eff5d@group-C6CC9600584E-LeaderElection70] INFO  impl.LeaderElection (LeaderElection.java:askForVotes(178)) - 59f802cb-c907-44a0-9069-e10bb38eff5d@group-C6CC9600584E-LeaderElection70: begin an election at term 1 for -1: [59f802cb-c907-44a0-9069-e10bb38eff5d:192.168.34.62:41183], old=null
2019-11-14 15:08:08,037 [59f802cb-c907-44a0-9069-e10bb38eff5d@group-C6CC9600584E-LeaderElection70] INFO  impl.RoleInfo (RoleInfo.java:shutdownLeaderElection(134)) - 59f802cb-c907-44a0-9069-e10bb38eff5d: shutdown LeaderElection
2019-11-14 15:08:08,037 [59f802cb-c907-44a0-9069-e10bb38eff5d@group-C6CC9600584E-LeaderElection70] INFO  impl.RaftServerImpl (RaftServerImpl.java:setRole(173)) - 59f802cb-c907-44a0-9069-e10bb38eff5d@group-C6CC9600584E: changes role from CANDIDATE to LEADER at term 1 for changeToLeader
2019-11-14 15:08:08,038 [59f802cb-c907-44a0-9069-e10bb38eff5d@group-C6CC9600584E-LeaderElection70] INFO  ratis.XceiverServerRatis (XceiverServerRatis.java:handleLeaderChangedNotification(697)) - Leader change notification received for group: group-C6CC9600584E with new leaderId: 59f802cb-c907-44a0-9069-e10bb38eff5d
2019-11-14 15:08:08,038 [59f802cb-c907-44a0-9069-e10bb38eff5d@group-C6CC9600584E-LeaderElection70] INFO  impl.RaftServerImpl (ServerState.java:setLeader(255)) - 59f802cb-c907-44a0-9069-e10bb38eff5d@group-C6CC9600584E: change Leader from null to 59f802cb-c907-44a0-9069-e10bb38eff5d at term 1 for becomeLeader, leader elected after 1040ms
2019-11-14 15:08:08,038 [59f802cb-c907-44a0-9069-e10bb38eff5d@group-C6CC9600584E-LeaderElection70] INFO  server.RaftServerConfigKeys (ConfUtils.java:logGet(43)) - raft.server.staging.catchup.gap = 1000 (default)
2019-11-14 15:08:08,038 [59f802cb-c907-44a0-9069-e10bb38eff5d@group-C6CC9600584E-LeaderElection70] INFO  server.RaftServerConfigKeys (ConfUtils.java:logGet(43)) - raft.server.rpc.sleep.time = 25ms (default)
2019-11-14 15:08:08,040 [59f802cb-c907-44a0-9069-e10bb38eff5d@group-C6CC9600584E-LeaderElection70] INFO  server.RaftServerConfigKeys (ConfUtils.java:logGet(43)) - raft.server.write.element-limit = 4096 (default)
2019-11-14 15:08:08,041 [59f802cb-c907-44a0-9069-e10bb38eff5d@group-C6CC9600584E-LeaderElection70] INFO  server.RaftServerConfigKeys (ConfUtils.java:logGet(43)) - raft.server.watch.timeout = 10s (default)
2019-11-14 15:08:08,041 [59f802cb-c907-44a0-9069-e10bb38eff5d@group-C6CC9600584E-LeaderElection70] INFO  server.RaftServerConfigKeys (ConfUtils.java:logGet(43)) - raft.server.watch.timeout.denomination = 1s (default)
2019-11-14 15:08:08,041 [59f802cb-c907-44a0-9069-e10bb38eff5d@group-C6CC9600584E-LeaderElection70] INFO  server.RaftServerConfigKeys (ConfUtils.java:logGet(43)) - raft.server.watch.element-limit = 65536 (default)
2019-11-14 15:08:08,041 [59f802cb-c907-44a0-9069-e10bb38eff5d@group-C6CC9600584E-LeaderElection70] INFO  impl.RoleInfo (RoleInfo.java:updateAndGet(143)) - 59f802cb-c907-44a0-9069-e10bb38eff5d: start LeaderState
2019-11-14 15:08:08,042 [EventQueue-PipelineReportForPipelineReportHandler] INFO  pipeline.PipelineStateManager (PipelineStateManager.java:openPipeline(134)) - Pipeline Pipeline[ Id: e11161de-0673-4c55-9f8c-c6cc9600584e, Nodes: 59f802cb-c907-44a0-9069-e10bb38eff5d{ip: 192.168.34.62, host: pr-hdds-2480-6qkg9-608321763, networkLocation: /rack1, certSerialId: null}, Type:RATIS, Factor:ONE, State:OPEN] moved to OPEN state
2019-11-14 15:08:08,042 [59f802cb-c907-44a0-9069-e10bb38eff5d@group-C6CC9600584E-LeaderElection70] INFO  segmented.SegmentedRaftLogWorker (SegmentedRaftLogWorker.java:startLogSegment(385)) - 59f802cb-c907-44a0-9069-e10bb38eff5d@group-C6CC9600584E-SegmentedRaftLogWorker: Starting segment from index:0
2019-11-14 15:08:08,042 [59f802cb-c907-44a0-9069-e10bb38eff5d@group-C6CC9600584E-LeaderElection70] INFO  impl.RaftServerImpl (ServerState.java:setRaftConf(356)) - 59f802cb-c907-44a0-9069-e10bb38eff5d@group-C6CC9600584E: set configuration 0: [59f802cb-c907-44a0-9069-e10bb38eff5d:192.168.34.62:41183], old=null at 0
2019-11-14 15:08:08,078 [grpc-default-executor-0] INFO  impl.RaftServerImpl (RaftServerImpl.java:setRole(173)) - 09f4ece9-71c1-4a5b-9b91-b2a8aadac043@group-99BB9EF96312: changes role from  FOLLOWER to FOLLOWER at term 1 for recognizeCandidate:86084ec4-dae7-4808-81c8-289a21d6f4dc
2019-11-14 15:08:08,084 [grpc-default-executor-3] INFO  impl.RaftServerImpl (RaftServerImpl.java:setRole(173)) - dd0e1198-6ba1-4c32-9ce2-054c25212f92@group-99BB9EF96312: changes role from  FOLLOWER to FOLLOWER at term 1 for recognizeCandidate:86084ec4-dae7-4808-81c8-289a21d6f4dc
2019-11-14 15:08:08,084 [grpc-default-executor-0] INFO  impl.RoleInfo (RoleInfo.java:shutdownFollowerState(121)) - 09f4ece9-71c1-4a5b-9b91-b2a8aadac043: shutdown FollowerState
2019-11-14 15:08:08,084 [grpc-default-executor-3] INFO  impl.RoleInfo (RoleInfo.java:shutdownFollowerState(121)) - dd0e1198-6ba1-4c32-9ce2-054c25212f92: shutdown FollowerState
2019-11-14 15:08:08,084 [grpc-default-executor-0] INFO  impl.RoleInfo (RoleInfo.java:updateAndGet(143)) - 09f4ece9-71c1-4a5b-9b91-b2a8aadac043: start FollowerState
2019-11-14 15:08:08,085 [grpc-default-executor-3] INFO  impl.RoleInfo (RoleInfo.java:updateAndGet(143)) - dd0e1198-6ba1-4c32-9ce2-054c25212f92: start FollowerState
2019-11-14 15:08:08,097 [59f802cb-c907-44a0-9069-e10bb38eff5d@group-C6CC9600584E-SegmentedRaftLogWorker] INFO  segmented.SegmentedRaftLogWorker (SegmentedRaftLogWorker.java:execute(576)) - 59f802cb-c907-44a0-9069-e10bb38eff5d@group-C6CC9600584E-SegmentedRaftLogWorker: created new log segment /workdir/hadoop-ozone/integration-test/target/test-dir/MiniOzoneClusterImpl-6b3e2517-75a7-4dd9-8054-0b12e404e591/datanode-3/data/ratis/e11161de-0673-4c55-9f8c-c6cc9600584e/current/log_inprogress_0
2019-11-14 15:08:08,098 [86084ec4-dae7-4808-81c8-289a21d6f4dc@group-99BB9EF96312-LeaderElection69] INFO  impl.LeaderElection (LeaderElection.java:logAndReturn(56)) - 86084ec4-dae7-4808-81c8-289a21d6f4dc@group-99BB9EF96312-LeaderElection69: Election PASSED; received 1 response(s) [86084ec4-dae7-4808-81c8-289a21d6f4dc<-09f4ece9-71c1-4a5b-9b91-b2a8aadac043#0:OK-t1] and 0 exception(s); 86084ec4-dae7-4808-81c8-289a21d6f4dc@group-99BB9EF96312:t1, leader=null, voted=86084ec4-dae7-4808-81c8-289a21d6f4dc, raftlog=86084ec4-dae7-4808-81c8-289a21d6f4dc@group-99BB9EF96312-SegmentedRaftLog:OPENED:c-1,f-1,i0, conf=-1: [09f4ece9-71c1-4a5b-9b91-b2a8aadac043:192.168.34.62:45559, 86084ec4-dae7-4808-81c8-289a21d6f4dc:192.168.34.62:33180, dd0e1198-6ba1-4c32-9ce2-054c25212f92:192.168.34.62:42382], old=null
2019-11-14 15:08:08,098 [86084ec4-dae7-4808-81c8-289a21d6f4dc@group-99BB9EF96312-LeaderElection69] INFO  impl.RoleInfo (RoleInfo.java:shutdownLeaderElection(134)) - 86084ec4-dae7-4808-81c8-289a21d6f4dc: shutdown LeaderElection
2019-11-14 15:08:08,098 [86084ec4-dae7-4808-81c8-289a21d6f4dc@group-99BB9EF96312-LeaderElection69] INFO  impl.RaftServerImpl (RaftServerImpl.java:setRole(173)) - 86084ec4-dae7-4808-81c8-289a21d6f4dc@group-99BB9EF96312: changes role from CANDIDATE to LEADER at term 1 for changeToLeader
2019-11-14 15:08:08,099 [86084ec4-dae7-4808-81c8-289a21d6f4dc@group-99BB9EF96312-LeaderElection69] INFO  ratis.XceiverServerRatis (XceiverServerRatis.java:handleLeaderChangedNotification(697)) - Leader change notification received for group: group-99BB9EF96312 with new leaderId: 86084ec4-dae7-4808-81c8-289a21d6f4dc
2019-11-14 15:08:08,099 [86084ec4-dae7-4808-81c8-289a21d6f4dc@group-99BB9EF96312-LeaderElection69] INFO  impl.RaftServerImpl (ServerState.java:setLeader(255)) - 86084ec4-dae7-4808-81c8-289a21d6f4dc@group-99BB9EF96312: change Leader from null to 86084ec4-dae7-4808-81c8-289a21d6f4dc at term 1 for becomeLeader, leader elected after 1189ms
2019-11-14 15:08:08,099 [86084ec4-dae7-4808-81c8-289a21d6f4dc@group-99BB9EF96312-LeaderElection69] INFO  server.RaftServerConfigKeys (ConfUtils.java:logGet(43)) - raft.server.staging.catchup.gap = 1000 (default)
2019-11-14 15:08:08,099 [86084ec4-dae7-4808-81c8-289a21d6f4dc@group-99BB9EF96312-LeaderElection69] INFO  server.RaftServerConfigKeys (ConfUtils.java:logGet(43)) - raft.server.rpc.sleep.time = 25ms (default)
2019-11-14 15:08:08,099 [86084ec4-dae7-4808-81c8-289a21d6f4dc@group-99BB9EF96312-LeaderElection69] INFO  server.RaftServerConfigKeys (ConfUtils.java:logGet(43)) - raft.server.write.element-limit = 4096 (default)
2019-11-14 15:08:08,099 [86084ec4-dae7-4808-81c8-289a21d6f4dc@group-99BB9EF96312-LeaderElection69] INFO  server.RaftServerConfigKeys (ConfUtils.java:logGet(43)) - raft.server.watch.timeout = 10s (default)
2019-11-14 15:08:08,099 [86084ec4-dae7-4808-81c8-289a21d6f4dc@group-99BB9EF96312-LeaderElection69] INFO  server.RaftServerConfigKeys (ConfUtils.java:logGet(43)) - raft.server.watch.timeout.denomination = 1s (default)
2019-11-14 15:08:08,100 [86084ec4-dae7-4808-81c8-289a21d6f4dc@group-99BB9EF96312-LeaderElection69] INFO  server.RaftServerConfigKeys (ConfUtils.java:logGet(43)) - raft.server.watch.element-limit = 65536 (default)
2019-11-14 15:08:08,100 [86084ec4-dae7-4808-81c8-289a21d6f4dc@group-99BB9EF96312-LeaderElection69] INFO  server.RaftServerConfigKeys (ConfUtils.java:logGet(43)) - raft.server.log.appender.snapshot.chunk.size.max = 16MB (=16777216) (default)
2019-11-14 15:08:08,100 [86084ec4-dae7-4808-81c8-289a21d6f4dc@group-99BB9EF96312-LeaderElection69] INFO  server.RaftServerConfigKeys (ConfUtils.java:logGet(43)) - raft.server.log.appender.buffer.byte-limit = 33554432 (custom)
2019-11-14 15:08:08,100 [EventQueue-PipelineReportForPipelineReportHandler] INFO  pipeline.PipelineStateManager (PipelineStateManager.java:openPipeline(134)) - Pipeline Pipeline[ Id: 72356d3b-f206-441a-b3f8-99bb9ef96312, Nodes: 09f4ece9-71c1-4a5b-9b91-b2a8aadac043{ip: 192.168.34.62, host: pr-hdds-2480-6qkg9-608321763, networkLocation: /rack1, certSerialId: null}dd0e1198-6ba1-4c32-9ce2-054c25212f92{ip: 192.168.34.62, host: pr-hdds-2480-6qkg9-608321763, networkLocation: /rack1, certSerialId: null}86084ec4-dae7-4808-81c8-289a21d6f4dc{ip: 192.168.34.62, host: pr-hdds-2480-6qkg9-608321763, networkLocation: /rack1, certSerialId: null}, Type:RATIS, Factor:THREE, State:OPEN] moved to OPEN state
2019-11-14 15:08:08,100 [86084ec4-dae7-4808-81c8-289a21d6f4dc@group-99BB9EF96312-LeaderElection69] INFO  server.RaftServerConfigKeys (ConfUtils.java:logGet(43)) - raft.server.log.appender.buffer.element-limit = 1 (custom)
2019-11-14 15:08:08,103 [86084ec4-dae7-4808-81c8-289a21d6f4dc@group-99BB9EF96312-LeaderElection69] INFO  grpc.GrpcConfigKeys$Server (ConfUtils.java:logGet(43)) - raft.grpc.server.leader.outstanding.appends.max = 128 (default)
2019-11-14 15:08:08,103 [86084ec4-dae7-4808-81c8-289a21d6f4dc@group-99BB9EF96312-LeaderElection69] INFO  server.RaftServerConfigKeys (ConfUtils.java:logGet(43)) - raft.server.rpc.request.timeout = 3000ms (default)
2019-11-14 15:08:08,103 [86084ec4-dae7-4808-81c8-289a21d6f4dc@group-99BB9EF96312-LeaderElection69] INFO  server.RaftServerConfigKeys (ConfUtils.java:logGet(43)) - raft.server.log.appender.install.snapshot.enabled = false (custom)
2019-11-14 15:08:08,104 [86084ec4-dae7-4808-81c8-289a21d6f4dc@group-99BB9EF96312-LeaderElection69] WARN  impl.MetricRegistriesImpl (MetricRegistriesImpl.java:lambda$create$1(61)) - First MetricRegistry has been created without registering reporters. You may need to call MetricRegistries.global().addReportRegistration(...) before.
2019-11-14 15:08:08,104 [86084ec4-dae7-4808-81c8-289a21d6f4dc@group-99BB9EF96312-LeaderElection69] INFO  server.RaftServerConfigKeys (ConfUtils.java:logGet(43)) - raft.server.log.appender.snapshot.chunk.size.max = 16MB (=16777216) (default)
2019-11-14 15:08:08,104 [86084ec4-dae7-4808-81c8-289a21d6f4dc@group-99BB9EF96312-LeaderElection69] INFO  server.RaftServerConfigKeys (ConfUtils.java:logGet(43)) - raft.server.log.appender.buffer.byte-limit = 33554432 (custom)
2019-11-14 15:08:08,104 [86084ec4-dae7-4808-81c8-289a21d6f4dc@group-99BB9EF96312-LeaderElection69] INFO  server.RaftServerConfigKeys (ConfUtils.java:logGet(43)) - raft.server.log.appender.buffer.element-limit = 1 (custom)
2019-11-14 15:08:08,104 [86084ec4-dae7-4808-81c8-289a21d6f4dc@group-99BB9EF96312-LeaderElection69] INFO  grpc.GrpcConfigKeys$Server (ConfUtils.java:logGet(43)) - raft.grpc.server.leader.outstanding.appends.max = 128 (default)
2019-11-14 15:08:08,105 [86084ec4-dae7-4808-81c8-289a21d6f4dc@group-99BB9EF96312-LeaderElection69] INFO  server.RaftServerConfigKeys (ConfUtils.java:logGet(43)) - raft.server.rpc.request.timeout = 3000ms (default)
2019-11-14 15:08:08,105 [86084ec4-dae7-4808-81c8-289a21d6f4dc@group-99BB9EF96312-LeaderElection69] INFO  server.RaftServerConfigKeys (ConfUtils.java:logGet(43)) - raft.server.log.appender.install.snapshot.enabled = false (custom)
2019-11-14 15:08:08,105 [86084ec4-dae7-4808-81c8-289a21d6f4dc@group-99BB9EF96312-LeaderElection69] INFO  impl.RoleInfo (RoleInfo.java:updateAndGet(143)) - 86084ec4-dae7-4808-81c8-289a21d6f4dc: start LeaderState
2019-11-14 15:08:08,105 [86084ec4-dae7-4808-81c8-289a21d6f4dc@group-99BB9EF96312-LeaderElection69] INFO  segmented.SegmentedRaftLogWorker (SegmentedRaftLogWorker.java:startLogSegment(385)) - 86084ec4-dae7-4808-81c8-289a21d6f4dc@group-99BB9EF96312-SegmentedRaftLogWorker: Starting segment from index:0
2019-11-14 15:08:08,106 [86084ec4-dae7-4808-81c8-289a21d6f4dc@group-99BB9EF96312-LeaderElection69] INFO  impl.RaftServerImpl (ServerState.java:setRaftConf(356)) - 86084ec4-dae7-4808-81c8-289a21d6f4dc@group-99BB9EF96312: set configuration 0: [09f4ece9-71c1-4a5b-9b91-b2a8aadac043:192.168.34.62:45559, 86084ec4-dae7-4808-81c8-289a21d6f4dc:192.168.34.62:33180, dd0e1198-6ba1-4c32-9ce2-054c25212f92:192.168.34.62:42382], old=null at 0
2019-11-14 15:08:08,136 [Thread-1294] INFO  impl.FollowerState (FollowerState.java:run(111)) - 25c17e6e-60f2-43b7-8570-af6cc9981309@group-5E1F6FA2FD85-FollowerState: change to CANDIDATE, lastRpcTime:1087ms, electionTimeout:1084ms
2019-11-14 15:08:08,137 [Thread-1294] INFO  impl.RoleInfo (RoleInfo.java:shutdownFollowerState(121)) - 25c17e6e-60f2-43b7-8570-af6cc9981309: shutdown FollowerState
2019-11-14 15:08:08,138 [Thread-1294] INFO  impl.RaftServerImpl (RaftServerImpl.java:setRole(173)) - 25c17e6e-60f2-43b7-8570-af6cc9981309@group-5E1F6FA2FD85: changes role from  FOLLOWER to CANDIDATE at term 0 for changeToCandidate
2019-11-14 15:08:08,138 [Thread-1294] INFO  impl.RoleInfo (RoleInfo.java:updateAndGet(143)) - 25c17e6e-60f2-43b7-8570-af6cc9981309: start LeaderElection
2019-11-14 15:08:08,143 [grpc-default-executor-3] INFO  ratis.XceiverServerRatis (XceiverServerRatis.java:handleLeaderChangedNotification(697)) - Leader change notification received for group: group-99BB9EF96312 with new leaderId: 86084ec4-dae7-4808-81c8-289a21d6f4dc
2019-11-14 15:08:08,143 [grpc-default-executor-0] INFO  ratis.XceiverServerRatis (XceiverServerRatis.java:handleLeaderChangedNotification(697)) - Leader change notification received for group: group-99BB9EF96312 with new leaderId: 86084ec4-dae7-4808-81c8-289a21d6f4dc
2019-11-14 15:08:08,143 [grpc-default-executor-3] INFO  impl.RaftServerImpl (ServerState.java:setLeader(255)) - 09f4ece9-71c1-4a5b-9b91-b2a8aadac043@group-99BB9EF96312: change Leader from null to 86084ec4-dae7-4808-81c8-289a21d6f4dc at term 1 for appendEntries, leader elected after 1234ms
2019-11-14 15:08:08,144 [grpc-default-executor-0] INFO  impl.RaftServerImpl (ServerState.java:setLeader(255)) - dd0e1198-6ba1-4c32-9ce2-054c25212f92@group-99BB9EF96312: change Leader from null to 86084ec4-dae7-4808-81c8-289a21d6f4dc at term 1 for appendEntries, leader elected after 1234ms
2019-11-14 15:08:08,146 [grpc-default-executor-0] INFO  impl.RaftServerImpl (ServerState.java:setRaftConf(356)) - 09f4ece9-71c1-4a5b-9b91-b2a8aadac043@group-99BB9EF96312: set configuration 0: [09f4ece9-71c1-4a5b-9b91-b2a8aadac043:192.168.34.62:45559, 86084ec4-dae7-4808-81c8-289a21d6f4dc:192.168.34.62:33180, dd0e1198-6ba1-4c32-9ce2-054c25212f92:192.168.34.62:42382], old=null at 0
2019-11-14 15:08:08,147 [grpc-default-executor-3] INFO  impl.RaftServerImpl (ServerState.java:setRaftConf(356)) - dd0e1198-6ba1-4c32-9ce2-054c25212f92@group-99BB9EF96312: set configuration 0: [09f4ece9-71c1-4a5b-9b91-b2a8aadac043:192.168.34.62:45559, 86084ec4-dae7-4808-81c8-289a21d6f4dc:192.168.34.62:33180, dd0e1198-6ba1-4c32-9ce2-054c25212f92:192.168.34.62:42382], old=null at 0
2019-11-14 15:08:08,147 [grpc-default-executor-0] INFO  segmented.SegmentedRaftLogWorker (SegmentedRaftLogWorker.java:startLogSegment(385)) - 09f4ece9-71c1-4a5b-9b91-b2a8aadac043@group-99BB9EF96312-SegmentedRaftLogWorker: Starting segment from index:0
2019-11-14 15:08:08,147 [grpc-default-executor-3] INFO  segmented.SegmentedRaftLogWorker (SegmentedRaftLogWorker.java:startLogSegment(385)) - dd0e1198-6ba1-4c32-9ce2-054c25212f92@group-99BB9EF96312-SegmentedRaftLogWorker: Starting segment from index:0
2019-11-14 15:08:08,151 [86084ec4-dae7-4808-81c8-289a21d6f4dc@group-99BB9EF96312-SegmentedRaftLogWorker] INFO  segmented.SegmentedRaftLogWorker (SegmentedRaftLogWorker.java:execute(576)) - 86084ec4-dae7-4808-81c8-289a21d6f4dc@group-99BB9EF96312-SegmentedRaftLogWorker: created new log segment /workdir/hadoop-ozone/integration-test/target/test-dir/MiniOzoneClusterImpl-6b3e2517-75a7-4dd9-8054-0b12e404e591/datanode-2/data/ratis/72356d3b-f206-441a-b3f8-99bb9ef96312/current/log_inprogress_0
2019-11-14 15:08:08,151 [25c17e6e-60f2-43b7-8570-af6cc9981309@group-5E1F6FA2FD85-LeaderElection71] INFO  impl.LeaderElection (LeaderElection.java:askForVotes(178)) - 25c17e6e-60f2-43b7-8570-af6cc9981309@group-5E1F6FA2FD85-LeaderElection71: begin an election at term 1 for -1: [25c17e6e-60f2-43b7-8570-af6cc9981309:192.168.34.62:41260], old=null
2019-11-14 15:08:08,151 [25c17e6e-60f2-43b7-8570-af6cc9981309@group-5E1F6FA2FD85-LeaderElection71] INFO  impl.RoleInfo (RoleInfo.java:shutdownLeaderElection(134)) - 25c17e6e-60f2-43b7-8570-af6cc9981309: shutdown LeaderElection
2019-11-14 15:08:08,152 [25c17e6e-60f2-43b7-8570-af6cc9981309@group-5E1F6FA2FD85-LeaderElection71] INFO  impl.RaftServerImpl (RaftServerImpl.java:setRole(173)) - 25c17e6e-60f2-43b7-8570-af6cc9981309@group-5E1F6FA2FD85: changes role from CANDIDATE to LEADER at term 1 for changeToLeader
2019-11-14 15:08:08,152 [25c17e6e-60f2-43b7-8570-af6cc9981309@group-5E1F6FA2FD85-LeaderElection71] INFO  ratis.XceiverServerRatis (XceiverServerRatis.java:handleLeaderChangedNotification(697)) - Leader change notification received for group: group-5E1F6FA2FD85 with new leaderId: 25c17e6e-60f2-43b7-8570-af6cc9981309
2019-11-14 15:08:08,152 [25c17e6e-60f2-43b7-8570-af6cc9981309@group-5E1F6FA2FD85-LeaderElection71] INFO  impl.RaftServerImpl (ServerState.java:setLeader(255)) - 25c17e6e-60f2-43b7-8570-af6cc9981309@group-5E1F6FA2FD85: change Leader from null to 25c17e6e-60f2-43b7-8570-af6cc9981309 at term 1 for becomeLeader, leader elected after 1107ms
2019-11-14 15:08:08,152 [25c17e6e-60f2-43b7-8570-af6cc9981309@group-5E1F6FA2FD85-LeaderElection71] INFO  server.RaftServerConfigKeys (ConfUtils.java:logGet(43)) - raft.server.staging.catchup.gap = 1000 (default)
2019-11-14 15:08:08,187 [25c17e6e-60f2-43b7-8570-af6cc9981309@group-5E1F6FA2FD85-LeaderElection71] INFO  server.RaftServerConfigKeys (ConfUtils.java:logGet(43)) - raft.server.rpc.sleep.time = 25ms (default)
2019-11-14 15:08:08,187 [25c17e6e-60f2-43b7-8570-af6cc9981309@group-5E1F6FA2FD85-LeaderElection71] INFO  server.RaftServerConfigKeys (ConfUtils.java:logGet(43)) - raft.server.write.element-limit = 4096 (default)
2019-11-14 15:08:08,188 [25c17e6e-60f2-43b7-8570-af6cc9981309@group-5E1F6FA2FD85-LeaderElection71] INFO  server.RaftServerConfigKeys (ConfUtils.java:logGet(43)) - raft.server.watch.timeout = 10s (default)
2019-11-14 15:08:08,188 [25c17e6e-60f2-43b7-8570-af6cc9981309@group-5E1F6FA2FD85-LeaderElection71] INFO  server.RaftServerConfigKeys (ConfUtils.java:logGet(43)) - raft.server.watch.timeout.denomination = 1s (default)
2019-11-14 15:08:08,188 [25c17e6e-60f2-43b7-8570-af6cc9981309@group-5E1F6FA2FD85-LeaderElection71] INFO  server.RaftServerConfigKeys (ConfUtils.java:logGet(43)) - raft.server.watch.element-limit = 65536 (default)
2019-11-14 15:08:08,188 [25c17e6e-60f2-43b7-8570-af6cc9981309@group-5E1F6FA2FD85-LeaderElection71] INFO  impl.RoleInfo (RoleInfo.java:updateAndGet(143)) - 25c17e6e-60f2-43b7-8570-af6cc9981309: start LeaderState
2019-11-14 15:08:08,188 [EventQueue-PipelineReportForPipelineReportHandler] INFO  pipeline.PipelineStateManager (PipelineStateManager.java:openPipeline(134)) - Pipeline Pipeline[ Id: 364f8a31-2172-485b-92ad-5e1f6fa2fd85, Nodes: 25c17e6e-60f2-43b7-8570-af6cc9981309{ip: 192.168.34.62, host: pr-hdds-2480-6qkg9-608321763, networkLocation: /rack1, certSerialId: null}, Type:RATIS, Factor:ONE, State:OPEN] moved to OPEN state
2019-11-14 15:08:08,189 [25c17e6e-60f2-43b7-8570-af6cc9981309@group-5E1F6FA2FD85-LeaderElection71] INFO  segmented.SegmentedRaftLogWorker (SegmentedRaftLogWorker.java:startLogSegment(385)) - 25c17e6e-60f2-43b7-8570-af6cc9981309@group-5E1F6FA2FD85-SegmentedRaftLogWorker: Starting segment from index:0
2019-11-14 15:08:08,189 [25c17e6e-60f2-43b7-8570-af6cc9981309@group-5E1F6FA2FD85-LeaderElection71] INFO  impl.RaftServerImpl (ServerState.java:setRaftConf(356)) - 25c17e6e-60f2-43b7-8570-af6cc9981309@group-5E1F6FA2FD85: set configuration 0: [25c17e6e-60f2-43b7-8570-af6cc9981309:192.168.34.62:41260], old=null at 0
2019-11-14 15:08:08,200 [09f4ece9-71c1-4a5b-9b91-b2a8aadac043@group-99BB9EF96312-SegmentedRaftLogWorker] INFO  segmented.SegmentedRaftLogWorker (SegmentedRaftLogWorker.java:execute(576)) - 09f4ece9-71c1-4a5b-9b91-b2a8aadac043@group-99BB9EF96312-SegmentedRaftLogWorker: created new log segment /workdir/hadoop-ozone/integration-test/target/test-dir/MiniOzoneClusterImpl-6b3e2517-75a7-4dd9-8054-0b12e404e591/datanode-0/data/ratis/72356d3b-f206-441a-b3f8-99bb9ef96312/current/log_inprogress_0
2019-11-14 15:08:08,200 [dd0e1198-6ba1-4c32-9ce2-054c25212f92@group-99BB9EF96312-SegmentedRaftLogWorker] INFO  segmented.SegmentedRaftLogWorker (SegmentedRaftLogWorker.java:execute(576)) - dd0e1198-6ba1-4c32-9ce2-054c25212f92@group-99BB9EF96312-SegmentedRaftLogWorker: created new log segment /workdir/hadoop-ozone/integration-test/target/test-dir/MiniOzoneClusterImpl-6b3e2517-75a7-4dd9-8054-0b12e404e591/datanode-1/data/ratis/72356d3b-f206-441a-b3f8-99bb9ef96312/current/log_inprogress_0
2019-11-14 15:08:08,220 [Thread-1300] INFO  impl.FollowerState (FollowerState.java:run(111)) - 8344cb33-ae61-4ff3-97f7-00b91742683d@group-DC40EABEC771-FollowerState: change to CANDIDATE, lastRpcTime:1080ms, electionTimeout:1080ms
2019-11-14 15:08:08,220 [Thread-1300] INFO  impl.RoleInfo (RoleInfo.java:shutdownFollowerState(121)) - 8344cb33-ae61-4ff3-97f7-00b91742683d: shutdown FollowerState
2019-11-14 15:08:08,220 [Thread-1300] INFO  impl.RaftServerImpl (RaftServerImpl.java:setRole(173)) - 8344cb33-ae61-4ff3-97f7-00b91742683d@group-DC40EABEC771: changes role from  FOLLOWER to CANDIDATE at term 0 for changeToCandidate
2019-11-14 15:08:08,221 [Thread-1300] INFO  impl.RoleInfo (RoleInfo.java:updateAndGet(143)) - 8344cb33-ae61-4ff3-97f7-00b91742683d: start LeaderElection
2019-11-14 15:08:08,240 [25c17e6e-60f2-43b7-8570-af6cc9981309@group-5E1F6FA2FD85-SegmentedRaftLogWorker] INFO  segmented.SegmentedRaftLogWorker (SegmentedRaftLogWorker.java:execute(576)) - 25c17e6e-60f2-43b7-8570-af6cc9981309@group-5E1F6FA2FD85-SegmentedRaftLogWorker: created new log segment /workdir/hadoop-ozone/integration-test/target/test-dir/MiniOzoneClusterImpl-6b3e2517-75a7-4dd9-8054-0b12e404e591/datanode-4/data/ratis/364f8a31-2172-485b-92ad-5e1f6fa2fd85/current/log_inprogress_0
2019-11-14 15:08:08,240 [8344cb33-ae61-4ff3-97f7-00b91742683d@group-DC40EABEC771-LeaderElection72] INFO  impl.LeaderElection (LeaderElection.java:askForVotes(178)) - 8344cb33-ae61-4ff3-97f7-00b91742683d@group-DC40EABEC771-LeaderElection72: begin an election at term 1 for -1: [8344cb33-ae61-4ff3-97f7-00b91742683d:192.168.34.62:40021], old=null
2019-11-14 15:08:08,240 [8344cb33-ae61-4ff3-97f7-00b91742683d@group-DC40EABEC771-LeaderElection72] INFO  impl.RoleInfo (RoleInfo.java:shutdownLeaderElection(134)) - 8344cb33-ae61-4ff3-97f7-00b91742683d: shutdown LeaderElection
2019-11-14 15:08:08,240 [8344cb33-ae61-4ff3-97f7-00b91742683d@group-DC40EABEC771-LeaderElection72] INFO  impl.RaftServerImpl (RaftServerImpl.java:setRole(173)) - 8344cb33-ae61-4ff3-97f7-00b91742683d@group-DC40EABEC771: changes role from CANDIDATE to LEADER at term 1 for changeToLeader
2019-11-14 15:08:08,240 [8344cb33-ae61-4ff3-97f7-00b91742683d@group-DC40EABEC771-LeaderElection72] INFO  ratis.XceiverServerRatis (XceiverServerRatis.java:handleLeaderChangedNotification(697)) - Leader change notification received for group: group-DC40EABEC771 with new leaderId: 8344cb33-ae61-4ff3-97f7-00b91742683d
2019-11-14 15:08:08,240 [8344cb33-ae61-4ff3-97f7-00b91742683d@group-DC40EABEC771-LeaderElection72] INFO  impl.RaftServerImpl (ServerState.java:setLeader(255)) - 8344cb33-ae61-4ff3-97f7-00b91742683d@group-DC40EABEC771: change Leader from null to 8344cb33-ae61-4ff3-97f7-00b91742683d at term 1 for becomeLeader, leader elected after 1103ms
2019-11-14 15:08:08,240 [8344cb33-ae61-4ff3-97f7-00b91742683d@group-DC40EABEC771-LeaderElection72] INFO  server.RaftServerConfigKeys (ConfUtils.java:logGet(43)) - raft.server.staging.catchup.gap = 1000 (default)
2019-11-14 15:08:08,240 [8344cb33-ae61-4ff3-97f7-00b91742683d@group-DC40EABEC771-LeaderElection72] INFO  server.RaftServerConfigKeys (ConfUtils.java:logGet(43)) - raft.server.rpc.sleep.time = 25ms (default)
2019-11-14 15:08:08,242 [8344cb33-ae61-4ff3-97f7-00b91742683d@group-DC40EABEC771-LeaderElection72] INFO  server.RaftServerConfigKeys (ConfUtils.java:logGet(43)) - raft.server.write.element-limit = 4096 (default)
2019-11-14 15:08:08,242 [8344cb33-ae61-4ff3-97f7-00b91742683d@group-DC40EABEC771-LeaderElection72] INFO  server.RaftServerConfigKeys (ConfUtils.java:logGet(43)) - raft.server.watch.timeout = 10s (default)
2019-11-14 15:08:08,243 [8344cb33-ae61-4ff3-97f7-00b91742683d@group-DC40EABEC771-LeaderElection72] INFO  server.RaftServerConfigKeys (ConfUtils.java:logGet(43)) - raft.server.watch.timeout.denomination = 1s (default)
2019-11-14 15:08:08,243 [8344cb33-ae61-4ff3-97f7-00b91742683d@group-DC40EABEC771-LeaderElection72] INFO  server.RaftServerConfigKeys (ConfUtils.java:logGet(43)) - raft.server.watch.element-limit = 65536 (default)
2019-11-14 15:08:08,243 [8344cb33-ae61-4ff3-97f7-00b91742683d@group-DC40EABEC771-LeaderElection72] INFO  impl.RoleInfo (RoleInfo.java:updateAndGet(143)) - 8344cb33-ae61-4ff3-97f7-00b91742683d: start LeaderState
2019-11-14 15:08:08,243 [8344cb33-ae61-4ff3-97f7-00b91742683d@group-DC40EABEC771-LeaderElection72] INFO  segmented.SegmentedRaftLogWorker (SegmentedRaftLogWorker.java:startLogSegment(385)) - 8344cb33-ae61-4ff3-97f7-00b91742683d@group-DC40EABEC771-SegmentedRaftLogWorker: Starting segment from index:0
2019-11-14 15:08:08,243 [EventQueue-PipelineReportForPipelineReportHandler] INFO  pipeline.PipelineStateManager (PipelineStateManager.java:openPipeline(134)) - Pipeline Pipeline[ Id: 1f4bfe3b-7154-4f9c-8803-dc40eabec771, Nodes: 8344cb33-ae61-4ff3-97f7-00b91742683d{ip: 192.168.34.62, host: pr-hdds-2480-6qkg9-608321763, networkLocation: /rack1, certSerialId: null}, Type:RATIS, Factor:ONE, State:OPEN] moved to OPEN state
2019-11-14 15:08:08,244 [8344cb33-ae61-4ff3-97f7-00b91742683d@group-DC40EABEC771-LeaderElection72] INFO  impl.RaftServerImpl (ServerState.java:setRaftConf(356)) - 8344cb33-ae61-4ff3-97f7-00b91742683d@group-DC40EABEC771: set configuration 0: [8344cb33-ae61-4ff3-97f7-00b91742683d:192.168.34.62:40021], old=null at 0
2019-11-14 15:08:08,246 [Thread-1297] INFO  impl.FollowerState (FollowerState.java:run(111)) - 19d9f0ed-7324-40ce-9ded-4f2ae42bdb1f@group-69EFDD73C694-FollowerState: change to CANDIDATE, lastRpcTime:1151ms, electionTimeout:1151ms
2019-11-14 15:08:08,246 [Thread-1297] INFO  impl.RoleInfo (RoleInfo.java:shutdownFollowerState(121)) - 19d9f0ed-7324-40ce-9ded-4f2ae42bdb1f: shutdown FollowerState
2019-11-14 15:08:08,246 [Thread-1297] INFO  impl.RaftServerImpl (RaftServerImpl.java:setRole(173)) - 19d9f0ed-7324-40ce-9ded-4f2ae42bdb1f@group-69EFDD73C694: changes role from  FOLLOWER to CANDIDATE at term 0 for changeToCandidate
2019-11-14 15:08:08,246 [Thread-1297] INFO  impl.RoleInfo (RoleInfo.java:updateAndGet(143)) - 19d9f0ed-7324-40ce-9ded-4f2ae42bdb1f: start LeaderElection
2019-11-14 15:08:08,271 [Thread-1308] INFO  impl.FollowerState (FollowerState.java:run(111)) - 8344cb33-ae61-4ff3-97f7-00b91742683d@group-1CFC7A090C1A-FollowerState: change to CANDIDATE, lastRpcTime:1077ms, electionTimeout:1075ms
2019-11-14 15:08:08,273 [Thread-1308] INFO  impl.RoleInfo (RoleInfo.java:shutdownFollowerState(121)) - 8344cb33-ae61-4ff3-97f7-00b91742683d: shutdown FollowerState
2019-11-14 15:08:08,273 [Thread-1308] INFO  impl.RaftServerImpl (RaftServerImpl.java:setRole(173)) - 8344cb33-ae61-4ff3-97f7-00b91742683d@group-1CFC7A090C1A: changes role from  FOLLOWER to CANDIDATE at term 0 for changeToCandidate
2019-11-14 15:08:08,274 [Thread-1308] INFO  impl.RoleInfo (RoleInfo.java:updateAndGet(143)) - 8344cb33-ae61-4ff3-97f7-00b91742683d: start LeaderElection
2019-11-14 15:08:08,286 [8344cb33-ae61-4ff3-97f7-00b91742683d@group-DC40EABEC771-SegmentedRaftLogWorker] INFO  segmented.SegmentedRaftLogWorker (SegmentedRaftLogWorker.java:execute(576)) - 8344cb33-ae61-4ff3-97f7-00b91742683d@group-DC40EABEC771-SegmentedRaftLogWorker: created new log segment /workdir/hadoop-ozone/integration-test/target/test-dir/MiniOzoneClusterImpl-6b3e2517-75a7-4dd9-8054-0b12e404e591/datanode-6/data/ratis/1f4bfe3b-7154-4f9c-8803-dc40eabec771/current/log_inprogress_0
2019-11-14 15:08:08,286 [8344cb33-ae61-4ff3-97f7-00b91742683d@group-1CFC7A090C1A-LeaderElection74] INFO  impl.LeaderElection (LeaderElection.java:askForVotes(178)) - 8344cb33-ae61-4ff3-97f7-00b91742683d@group-1CFC7A090C1A-LeaderElection74: begin an election at term 1 for -1: [8344cb33-ae61-4ff3-97f7-00b91742683d:192.168.34.62:40021, 25c17e6e-60f2-43b7-8570-af6cc9981309:192.168.34.62:41260, 59f802cb-c907-44a0-9069-e10bb38eff5d:192.168.34.62:41183], old=null
2019-11-14 15:08:08,287 [19d9f0ed-7324-40ce-9ded-4f2ae42bdb1f@group-69EFDD73C694-LeaderElection73] INFO  impl.LeaderElection (LeaderElection.java:askForVotes(178)) - 19d9f0ed-7324-40ce-9ded-4f2ae42bdb1f@group-69EFDD73C694-LeaderElection73: begin an election at term 1 for -1: [19d9f0ed-7324-40ce-9ded-4f2ae42bdb1f:192.168.34.62:46177], old=null
2019-11-14 15:08:08,287 [19d9f0ed-7324-40ce-9ded-4f2ae42bdb1f@group-69EFDD73C694-LeaderElection73] INFO  impl.RoleInfo (RoleInfo.java:shutdownLeaderElection(134)) - 19d9f0ed-7324-40ce-9ded-4f2ae42bdb1f: shutdown LeaderElection
2019-11-14 15:08:08,287 [19d9f0ed-7324-40ce-9ded-4f2ae42bdb1f@group-69EFDD73C694-LeaderElection73] INFO  impl.RaftServerImpl (RaftServerImpl.java:setRole(173)) - 19d9f0ed-7324-40ce-9ded-4f2ae42bdb1f@group-69EFDD73C694: changes role from CANDIDATE to LEADER at term 1 for changeToLeader
2019-11-14 15:08:08,287 [19d9f0ed-7324-40ce-9ded-4f2ae42bdb1f@group-69EFDD73C694-LeaderElection73] INFO  ratis.XceiverServerRatis (XceiverServerRatis.java:handleLeaderChangedNotification(697)) - Leader change notification received for group: group-69EFDD73C694 with new leaderId: 19d9f0ed-7324-40ce-9ded-4f2ae42bdb1f
2019-11-14 15:08:08,287 [19d9f0ed-7324-40ce-9ded-4f2ae42bdb1f@group-69EFDD73C694-LeaderElection73] INFO  impl.RaftServerImpl (ServerState.java:setLeader(255)) - 19d9f0ed-7324-40ce-9ded-4f2ae42bdb1f@group-69EFDD73C694: change Leader from null to 19d9f0ed-7324-40ce-9ded-4f2ae42bdb1f at term 1 for becomeLeader, leader elected after 1197ms
2019-11-14 15:08:08,287 [19d9f0ed-7324-40ce-9ded-4f2ae42bdb1f@group-69EFDD73C694-LeaderElection73] INFO  server.RaftServerConfigKeys (ConfUtils.java:logGet(43)) - raft.server.staging.catchup.gap = 1000 (default)
2019-11-14 15:08:08,288 [19d9f0ed-7324-40ce-9ded-4f2ae42bdb1f@group-69EFDD73C694-LeaderElection73] INFO  server.RaftServerConfigKeys (ConfUtils.java:logGet(43)) - raft.server.rpc.sleep.time = 25ms (default)
2019-11-14 15:08:08,289 [Thread-1303] INFO  impl.FollowerState (FollowerState.java:run(111)) - 25c17e6e-60f2-43b7-8570-af6cc9981309@group-1CFC7A090C1A-FollowerState: change to CANDIDATE, lastRpcTime:1098ms, electionTimeout:1097ms
2019-11-14 15:08:08,289 [Thread-1303] INFO  impl.RoleInfo (RoleInfo.java:shutdownFollowerState(121)) - 25c17e6e-60f2-43b7-8570-af6cc9981309: shutdown FollowerState
2019-11-14 15:08:08,290 [Thread-1303] INFO  impl.RaftServerImpl (RaftServerImpl.java:setRole(173)) - 25c17e6e-60f2-43b7-8570-af6cc9981309@group-1CFC7A090C1A: changes role from  FOLLOWER to CANDIDATE at term 0 for changeToCandidate
2019-11-14 15:08:08,290 [Thread-1303] INFO  impl.RoleInfo (RoleInfo.java:updateAndGet(143)) - 25c17e6e-60f2-43b7-8570-af6cc9981309: start LeaderElection
2019-11-14 15:08:08,290 [19d9f0ed-7324-40ce-9ded-4f2ae42bdb1f@group-69EFDD73C694-LeaderElection73] INFO  server.RaftServerConfigKeys (ConfUtils.java:logGet(43)) - raft.server.write.element-limit = 4096 (default)
2019-11-14 15:08:08,290 [19d9f0ed-7324-40ce-9ded-4f2ae42bdb1f@group-69EFDD73C694-LeaderElection73] INFO  server.RaftServerConfigKeys (ConfUtils.java:logGet(43)) - raft.server.watch.timeout = 10s (default)
2019-11-14 15:08:08,290 [19d9f0ed-7324-40ce-9ded-4f2ae42bdb1f@group-69EFDD73C694-LeaderElection73] INFO  server.RaftServerConfigKeys (ConfUtils.java:logGet(43)) - raft.server.watch.timeout.denomination = 1s (default)
2019-11-14 15:08:08,294 [19d9f0ed-7324-40ce-9ded-4f2ae42bdb1f@group-69EFDD73C694-LeaderElection73] INFO  server.RaftServerConfigKeys (ConfUtils.java:logGet(43)) - raft.server.watch.element-limit = 65536 (default)
2019-11-14 15:08:08,294 [EventQueue-PipelineReportForPipelineReportHandler] INFO  pipeline.PipelineStateManager (PipelineStateManager.java:openPipeline(134)) - Pipeline Pipeline[ Id: 67cb3793-8f69-4b46-9419-69efdd73c694, Nodes: 19d9f0ed-7324-40ce-9ded-4f2ae42bdb1f{ip: 192.168.34.62, host: pr-hdds-2480-6qkg9-608321763, networkLocation: /rack1, certSerialId: null}, Type:RATIS, Factor:ONE, State:OPEN] moved to OPEN state
2019-11-14 15:08:08,294 [19d9f0ed-7324-40ce-9ded-4f2ae42bdb1f@group-69EFDD73C694-LeaderElection73] INFO  impl.RoleInfo (RoleInfo.java:updateAndGet(143)) - 19d9f0ed-7324-40ce-9ded-4f2ae42bdb1f: start LeaderState
2019-11-14 15:08:08,294 [19d9f0ed-7324-40ce-9ded-4f2ae42bdb1f@group-69EFDD73C694-LeaderElection73] INFO  segmented.SegmentedRaftLogWorker (SegmentedRaftLogWorker.java:startLogSegment(385)) - 19d9f0ed-7324-40ce-9ded-4f2ae42bdb1f@group-69EFDD73C694-SegmentedRaftLogWorker: Starting segment from index:0
2019-11-14 15:08:08,295 [19d9f0ed-7324-40ce-9ded-4f2ae42bdb1f@group-69EFDD73C694-LeaderElection73] INFO  impl.RaftServerImpl (ServerState.java:setRaftConf(356)) - 19d9f0ed-7324-40ce-9ded-4f2ae42bdb1f@group-69EFDD73C694: set configuration 0: [19d9f0ed-7324-40ce-9ded-4f2ae42bdb1f:192.168.34.62:46177], old=null at 0
2019-11-14 15:08:08,329 [Thread-1312] INFO  impl.FollowerState (FollowerState.java:run(111)) - 2f24271a-73a2-4678-8a2d-efde1b9a7c05@group-09AE756F24A7-FollowerState: change to CANDIDATE, lastRpcTime:1051ms, electionTimeout:1036ms
2019-11-14 15:08:08,331 [Thread-1312] INFO  impl.RoleInfo (RoleInfo.java:shutdownFollowerState(121)) - 2f24271a-73a2-4678-8a2d-efde1b9a7c05: shutdown FollowerState
2019-11-14 15:08:08,329 [grpc-default-executor-3] INFO  impl.RaftServerImpl (RaftServerImpl.java:setRole(173)) - 59f802cb-c907-44a0-9069-e10bb38eff5d@group-1CFC7A090C1A: changes role from  FOLLOWER to FOLLOWER at term 1 for recognizeCandidate:8344cb33-ae61-4ff3-97f7-00b91742683d
2019-11-14 15:08:08,331 [Thread-1312] INFO  impl.RaftServerImpl (RaftServerImpl.java:setRole(173)) - 2f24271a-73a2-4678-8a2d-efde1b9a7c05@group-09AE756F24A7: changes role from  FOLLOWER to CANDIDATE at term 0 for changeToCandidate
2019-11-14 15:08:08,331 [25c17e6e-60f2-43b7-8570-af6cc9981309@group-1CFC7A090C1A-LeaderElection75] INFO  impl.LeaderElection (LeaderElection.java:askForVotes(178)) - 25c17e6e-60f2-43b7-8570-af6cc9981309@group-1CFC7A090C1A-LeaderElection75: begin an election at term 1 for -1: [8344cb33-ae61-4ff3-97f7-00b91742683d:192.168.34.62:40021, 25c17e6e-60f2-43b7-8570-af6cc9981309:192.168.34.62:41260, 59f802cb-c907-44a0-9069-e10bb38eff5d:192.168.34.62:41183], old=null
2019-11-14 15:08:08,332 [Thread-1312] INFO  impl.RoleInfo (RoleInfo.java:updateAndGet(143)) - 2f24271a-73a2-4678-8a2d-efde1b9a7c05: start LeaderElection
2019-11-14 15:08:08,331 [grpc-default-executor-3] INFO  impl.RoleInfo (RoleInfo.java:shutdownFollowerState(121)) - 59f802cb-c907-44a0-9069-e10bb38eff5d: shutdown FollowerState
2019-11-14 15:08:08,333 [grpc-default-executor-3] INFO  impl.RoleInfo (RoleInfo.java:updateAndGet(143)) - 59f802cb-c907-44a0-9069-e10bb38eff5d: start FollowerState
2019-11-14 15:08:08,343 [19d9f0ed-7324-40ce-9ded-4f2ae42bdb1f@group-69EFDD73C694-SegmentedRaftLogWorker] INFO  segmented.SegmentedRaftLogWorker (SegmentedRaftLogWorker.java:execute(576)) - 19d9f0ed-7324-40ce-9ded-4f2ae42bdb1f@group-69EFDD73C694-SegmentedRaftLogWorker: created new log segment /workdir/hadoop-ozone/integration-test/target/test-dir/MiniOzoneClusterImpl-6b3e2517-75a7-4dd9-8054-0b12e404e591/datanode-5/data/ratis/67cb3793-8f69-4b46-9419-69efdd73c694/current/log_inprogress_0
2019-11-14 15:08:08,343 [2f24271a-73a2-4678-8a2d-efde1b9a7c05@group-09AE756F24A7-LeaderElection76] INFO  impl.LeaderElection (LeaderElection.java:askForVotes(178)) - 2f24271a-73a2-4678-8a2d-efde1b9a7c05@group-09AE756F24A7-LeaderElection76: begin an election at term 1 for -1: [2f24271a-73a2-4678-8a2d-efde1b9a7c05:192.168.34.62:38626], old=null
2019-11-14 15:08:08,343 [2f24271a-73a2-4678-8a2d-efde1b9a7c05@group-09AE756F24A7-LeaderElection76] INFO  impl.RoleInfo (RoleInfo.java:shutdownLeaderElection(134)) - 2f24271a-73a2-4678-8a2d-efde1b9a7c05: shutdown LeaderElection
2019-11-14 15:08:08,343 [2f24271a-73a2-4678-8a2d-efde1b9a7c05@group-09AE756F24A7-LeaderElection76] INFO  impl.RaftServerImpl (RaftServerImpl.java:setRole(173)) - 2f24271a-73a2-4678-8a2d-efde1b9a7c05@group-09AE756F24A7: changes role from CANDIDATE to LEADER at term 1 for changeToLeader
2019-11-14 15:08:08,344 [2f24271a-73a2-4678-8a2d-efde1b9a7c05@group-09AE756F24A7-LeaderElection76] INFO  ratis.XceiverServerRatis (XceiverServerRatis.java:handleLeaderChangedNotification(697)) - Leader change notification received for group: group-09AE756F24A7 with new leaderId: 2f24271a-73a2-4678-8a2d-efde1b9a7c05
2019-11-14 15:08:08,344 [2f24271a-73a2-4678-8a2d-efde1b9a7c05@group-09AE756F24A7-LeaderElection76] INFO  impl.RaftServerImpl (ServerState.java:setLeader(255)) - 2f24271a-73a2-4678-8a2d-efde1b9a7c05@group-09AE756F24A7: change Leader from null to 2f24271a-73a2-4678-8a2d-efde1b9a7c05 at term 1 for becomeLeader, leader elected after 1071ms
2019-11-14 15:08:08,344 [2f24271a-73a2-4678-8a2d-efde1b9a7c05@group-09AE756F24A7-LeaderElection76] INFO  server.RaftServerConfigKeys (ConfUtils.java:logGet(43)) - raft.server.staging.catchup.gap = 1000 (default)
2019-11-14 15:08:08,344 [2f24271a-73a2-4678-8a2d-efde1b9a7c05@group-09AE756F24A7-LeaderElection76] INFO  server.RaftServerConfigKeys (ConfUtils.java:logGet(43)) - raft.server.rpc.sleep.time = 25ms (default)
2019-11-14 15:08:08,346 [2f24271a-73a2-4678-8a2d-efde1b9a7c05@group-09AE756F24A7-LeaderElection76] INFO  server.RaftServerConfigKeys (ConfUtils.java:logGet(43)) - raft.server.write.element-limit = 4096 (default)
2019-11-14 15:08:08,346 [8344cb33-ae61-4ff3-97f7-00b91742683d@group-1CFC7A090C1A-LeaderElection74] INFO  impl.LeaderElection (LeaderElection.java:logAndReturn(56)) - 8344cb33-ae61-4ff3-97f7-00b91742683d@group-1CFC7A090C1A-LeaderElection74: Election PASSED; received 2 response(s) [8344cb33-ae61-4ff3-97f7-00b91742683d<-25c17e6e-60f2-43b7-8570-af6cc9981309#0:FAIL-t1, 8344cb33-ae61-4ff3-97f7-00b91742683d<-59f802cb-c907-44a0-9069-e10bb38eff5d#0:OK-t1] and 0 exception(s); 8344cb33-ae61-4ff3-97f7-00b91742683d@group-1CFC7A090C1A:t1, leader=null, voted=8344cb33-ae61-4ff3-97f7-00b91742683d, raftlog=8344cb33-ae61-4ff3-97f7-00b91742683d@group-1CFC7A090C1A-SegmentedRaftLog:OPENED:c-1,f-1,i0, conf=-1: [8344cb33-ae61-4ff3-97f7-00b91742683d:192.168.34.62:40021, 25c17e6e-60f2-43b7-8570-af6cc9981309:192.168.34.62:41260, 59f802cb-c907-44a0-9069-e10bb38eff5d:192.168.34.62:41183], old=null
2019-11-14 15:08:08,347 [2f24271a-73a2-4678-8a2d-efde1b9a7c05@group-09AE756F24A7-LeaderElection76] INFO  server.RaftServerConfigKeys (ConfUtils.java:logGet(43)) - raft.server.watch.timeout = 10s (default)
2019-11-14 15:08:08,347 [8344cb33-ae61-4ff3-97f7-00b91742683d@group-1CFC7A090C1A-LeaderElection74] INFO  impl.RoleInfo (RoleInfo.java:shutdownLeaderElection(134)) - 8344cb33-ae61-4ff3-97f7-00b91742683d: shutdown LeaderElection
2019-11-14 15:08:08,347 [2f24271a-73a2-4678-8a2d-efde1b9a7c05@group-09AE756F24A7-LeaderElection76] INFO  server.RaftServerConfigKeys (ConfUtils.java:logGet(43)) - raft.server.watch.timeout.denomination = 1s (default)
2019-11-14 15:08:08,348 [8344cb33-ae61-4ff3-97f7-00b91742683d@group-1CFC7A090C1A-LeaderElection74] INFO  impl.RaftServerImpl (RaftServerImpl.java:setRole(173)) - 8344cb33-ae61-4ff3-97f7-00b91742683d@group-1CFC7A090C1A: changes role from CANDIDATE to LEADER at term 1 for changeToLeader
2019-11-14 15:08:08,349 [2f24271a-73a2-4678-8a2d-efde1b9a7c05@group-09AE756F24A7-LeaderElection76] INFO  server.RaftServerConfigKeys (ConfUtils.java:logGet(43)) - raft.server.watch.element-limit = 65536 (default)
2019-11-14 15:08:08,349 [8344cb33-ae61-4ff3-97f7-00b91742683d@group-1CFC7A090C1A-LeaderElection74] INFO  ratis.XceiverServerRatis (XceiverServerRatis.java:handleLeaderChangedNotification(697)) - Leader change notification received for group: group-1CFC7A090C1A with new leaderId: 8344cb33-ae61-4ff3-97f7-00b91742683d
2019-11-14 15:08:08,349 [EventQueue-PipelineReportForPipelineReportHandler] INFO  pipeline.PipelineStateManager (PipelineStateManager.java:openPipeline(134)) - Pipeline Pipeline[ Id: ba92b5e2-fa4b-4d9a-8e6a-09ae756f24a7, Nodes: 2f24271a-73a2-4678-8a2d-efde1b9a7c05{ip: 192.168.34.62, host: pr-hdds-2480-6qkg9-608321763, networkLocation: /rack1, certSerialId: null}, Type:RATIS, Factor:ONE, State:OPEN] moved to OPEN state
2019-11-14 15:08:08,349 [8344cb33-ae61-4ff3-97f7-00b91742683d@group-1CFC7A090C1A-LeaderElection74] INFO  impl.RaftServerImpl (ServerState.java:setLeader(255)) - 8344cb33-ae61-4ff3-97f7-00b91742683d@group-1CFC7A090C1A: change Leader from null to 8344cb33-ae61-4ff3-97f7-00b91742683d at term 1 for becomeLeader, leader elected after 1163ms
2019-11-14 15:08:08,349 [2f24271a-73a2-4678-8a2d-efde1b9a7c05@group-09AE756F24A7-LeaderElection76] INFO  impl.RoleInfo (RoleInfo.java:updateAndGet(143)) - 2f24271a-73a2-4678-8a2d-efde1b9a7c05: start LeaderState
2019-11-14 15:08:08,349 [8344cb33-ae61-4ff3-97f7-00b91742683d@group-1CFC7A090C1A-LeaderElection74] INFO  server.RaftServerConfigKeys (ConfUtils.java:logGet(43)) - raft.server.staging.catchup.gap = 1000 (default)
2019-11-14 15:08:08,349 [25c17e6e-60f2-43b7-8570-af6cc9981309@group-1CFC7A090C1A-LeaderElection75] INFO  impl.LeaderElection (LeaderElection.java:logAndReturn(56)) - 25c17e6e-60f2-43b7-8570-af6cc9981309@group-1CFC7A090C1A-LeaderElection75: Election REJECTED; received 2 response(s) [25c17e6e-60f2-43b7-8570-af6cc9981309<-8344cb33-ae61-4ff3-97f7-00b91742683d#0:FAIL-t1, 25c17e6e-60f2-43b7-8570-af6cc9981309<-59f802cb-c907-44a0-9069-e10bb38eff5d#0:FAIL-t1] and 0 exception(s); 25c17e6e-60f2-43b7-8570-af6cc9981309@group-1CFC7A090C1A:t1, leader=null, voted=25c17e6e-60f2-43b7-8570-af6cc9981309, raftlog=25c17e6e-60f2-43b7-8570-af6cc9981309@group-1CFC7A090C1A-SegmentedRaftLog:OPENED:c-1,f-1,i0, conf=-1: [8344cb33-ae61-4ff3-97f7-00b91742683d:192.168.34.62:40021, 25c17e6e-60f2-43b7-8570-af6cc9981309:192.168.34.62:41260, 59f802cb-c907-44a0-9069-e10bb38eff5d:192.168.34.62:41183], old=null
2019-11-14 15:08:08,349 [2f24271a-73a2-4678-8a2d-efde1b9a7c05@group-09AE756F24A7-LeaderElection76] INFO  segmented.SegmentedRaftLogWorker (SegmentedRaftLogWorker.java:startLogSegment(385)) - 2f24271a-73a2-4678-8a2d-efde1b9a7c05@group-09AE756F24A7-SegmentedRaftLogWorker: Starting segment from index:0
2019-11-14 15:08:08,349 [8344cb33-ae61-4ff3-97f7-00b91742683d@group-1CFC7A090C1A-LeaderElection74] INFO  server.RaftServerConfigKeys (ConfUtils.java:logGet(43)) - raft.server.rpc.sleep.time = 25ms (default)
2019-11-14 15:08:08,350 [25c17e6e-60f2-43b7-8570-af6cc9981309@group-1CFC7A090C1A-LeaderElection75] INFO  impl.RaftServerImpl (RaftServerImpl.java:setRole(173)) - 25c17e6e-60f2-43b7-8570-af6cc9981309@group-1CFC7A090C1A: changes role from CANDIDATE to FOLLOWER at term 1 for DISCOVERED_A_NEW_TERM
2019-11-14 15:08:08,352 [8344cb33-ae61-4ff3-97f7-00b91742683d@group-1CFC7A090C1A-LeaderElection74] INFO  server.RaftServerConfigKeys (ConfUtils.java:logGet(43)) - raft.server.write.element-limit = 4096 (default)
2019-11-14 15:08:08,352 [25c17e6e-60f2-43b7-8570-af6cc9981309@group-1CFC7A090C1A-LeaderElection75] INFO  impl.RoleInfo (RoleInfo.java:shutdownLeaderElection(134)) - 25c17e6e-60f2-43b7-8570-af6cc9981309: shutdown LeaderElection
2019-11-14 15:08:08,352 [2f24271a-73a2-4678-8a2d-efde1b9a7c05@group-09AE756F24A7-LeaderElection76] INFO  impl.RaftServerImpl (ServerState.java:setRaftConf(356)) - 2f24271a-73a2-4678-8a2d-efde1b9a7c05@group-09AE756F24A7: set configuration 0: [2f24271a-73a2-4678-8a2d-efde1b9a7c05:192.168.34.62:38626], old=null at 0
2019-11-14 15:08:08,352 [25c17e6e-60f2-43b7-8570-af6cc9981309@group-1CFC7A090C1A-LeaderElection75] INFO  impl.RoleInfo (RoleInfo.java:updateAndGet(143)) - 25c17e6e-60f2-43b7-8570-af6cc9981309: start FollowerState
2019-11-14 15:08:08,352 [EventQueue-PipelineReportForPipelineReportHandler] INFO  pipeline.PipelineStateManager (PipelineStateManager.java:openPipeline(134)) - Pipeline Pipeline[ Id: 2d1af546-7659-4147-8f18-1cfc7a090c1a, Nodes: 8344cb33-ae61-4ff3-97f7-00b91742683d{ip: 192.168.34.62, host: pr-hdds-2480-6qkg9-608321763, networkLocation: /rack1, certSerialId: null}59f802cb-c907-44a0-9069-e10bb38eff5d{ip: 192.168.34.62, host: pr-hdds-2480-6qkg9-608321763, networkLocation: /rack1, certSerialId: null}25c17e6e-60f2-43b7-8570-af6cc9981309{ip: 192.168.34.62, host: pr-hdds-2480-6qkg9-608321763, networkLocation: /rack1, certSerialId: null}, Type:RATIS, Factor:THREE, State:OPEN] moved to OPEN state
2019-11-14 15:08:08,352 [8344cb33-ae61-4ff3-97f7-00b91742683d@group-1CFC7A090C1A-LeaderElection74] INFO  server.RaftServerConfigKeys (ConfUtils.java:logGet(43)) - raft.server.watch.timeout = 10s (default)
2019-11-14 15:08:08,353 [8344cb33-ae61-4ff3-97f7-00b91742683d@group-1CFC7A090C1A-LeaderElection74] INFO  server.RaftServerConfigKeys (ConfUtils.java:logGet(43)) - raft.server.watch.timeout.denomination = 1s (default)
2019-11-14 15:08:08,353 [8344cb33-ae61-4ff3-97f7-00b91742683d@group-1CFC7A090C1A-LeaderElection74] INFO  server.RaftServerConfigKeys (ConfUtils.java:logGet(43)) - raft.server.watch.element-limit = 65536 (default)
2019-11-14 15:08:08,353 [8344cb33-ae61-4ff3-97f7-00b91742683d@group-1CFC7A090C1A-LeaderElection74] INFO  server.RaftServerConfigKeys (ConfUtils.java:logGet(43)) - raft.server.log.appender.snapshot.chunk.size.max = 16MB (=16777216) (default)
2019-11-14 15:08:08,353 [8344cb33-ae61-4ff3-97f7-00b91742683d@group-1CFC7A090C1A-LeaderElection74] INFO  server.RaftServerConfigKeys (ConfUtils.java:logGet(43)) - raft.server.log.appender.buffer.byte-limit = 33554432 (custom)
2019-11-14 15:08:08,353 [8344cb33-ae61-4ff3-97f7-00b91742683d@group-1CFC7A090C1A-LeaderElection74] INFO  server.RaftServerConfigKeys (ConfUtils.java:logGet(43)) - raft.server.log.appender.buffer.element-limit = 1 (custom)
2019-11-14 15:08:08,354 [8344cb33-ae61-4ff3-97f7-00b91742683d@group-1CFC7A090C1A-LeaderElection74] INFO  grpc.GrpcConfigKeys$Server (ConfUtils.java:logGet(43)) - raft.grpc.server.leader.outstanding.appends.max = 128 (default)
2019-11-14 15:08:08,354 [8344cb33-ae61-4ff3-97f7-00b91742683d@group-1CFC7A090C1A-LeaderElection74] INFO  server.RaftServerConfigKeys (ConfUtils.java:logGet(43)) - raft.server.rpc.request.timeout = 3000ms (default)
2019-11-14 15:08:08,354 [8344cb33-ae61-4ff3-97f7-00b91742683d@group-1CFC7A090C1A-LeaderElection74] INFO  server.RaftServerConfigKeys (ConfUtils.java:logGet(43)) - raft.server.log.appender.install.snapshot.enabled = false (custom)
2019-11-14 15:08:08,354 [8344cb33-ae61-4ff3-97f7-00b91742683d@group-1CFC7A090C1A-LeaderElection74] WARN  impl.MetricRegistriesImpl (MetricRegistriesImpl.java:lambda$create$1(61)) - First MetricRegistry has been created without registering reporters. You may need to call MetricRegistries.global().addReportRegistration(...) before.
2019-11-14 15:08:08,354 [8344cb33-ae61-4ff3-97f7-00b91742683d@group-1CFC7A090C1A-LeaderElection74] INFO  server.RaftServerConfigKeys (ConfUtils.java:logGet(43)) - raft.server.log.appender.snapshot.chunk.size.max = 16MB (=16777216) (default)
2019-11-14 15:08:08,355 [8344cb33-ae61-4ff3-97f7-00b91742683d@group-1CFC7A090C1A-LeaderElection74] INFO  server.RaftServerConfigKeys (ConfUtils.java:logGet(43)) - raft.server.log.appender.buffer.byte-limit = 33554432 (custom)
2019-11-14 15:08:08,355 [8344cb33-ae61-4ff3-97f7-00b91742683d@group-1CFC7A090C1A-LeaderElection74] INFO  server.RaftServerConfigKeys (ConfUtils.java:logGet(43)) - raft.server.log.appender.buffer.element-limit = 1 (custom)
2019-11-14 15:08:08,355 [8344cb33-ae61-4ff3-97f7-00b91742683d@group-1CFC7A090C1A-LeaderElection74] INFO  grpc.GrpcConfigKeys$Server (ConfUtils.java:logGet(43)) - raft.grpc.server.leader.outstanding.appends.max = 128 (default)
2019-11-14 15:08:08,355 [8344cb33-ae61-4ff3-97f7-00b91742683d@group-1CFC7A090C1A-LeaderElection74] INFO  server.RaftServerConfigKeys (ConfUtils.java:logGet(43)) - raft.server.rpc.request.timeout = 3000ms (default)
2019-11-14 15:08:08,355 [8344cb33-ae61-4ff3-97f7-00b91742683d@group-1CFC7A090C1A-LeaderElection74] INFO  server.RaftServerConfigKeys (ConfUtils.java:logGet(43)) - raft.server.log.appender.install.snapshot.enabled = false (custom)
2019-11-14 15:08:08,355 [8344cb33-ae61-4ff3-97f7-00b91742683d@group-1CFC7A090C1A-LeaderElection74] INFO  impl.RoleInfo (RoleInfo.java:updateAndGet(143)) - 8344cb33-ae61-4ff3-97f7-00b91742683d: start LeaderState
2019-11-14 15:08:08,356 [8344cb33-ae61-4ff3-97f7-00b91742683d@group-1CFC7A090C1A-LeaderElection74] INFO  segmented.SegmentedRaftLogWorker (SegmentedRaftLogWorker.java:startLogSegment(385)) - 8344cb33-ae61-4ff3-97f7-00b91742683d@group-1CFC7A090C1A-SegmentedRaftLogWorker: Starting segment from index:0
2019-11-14 15:08:08,357 [8344cb33-ae61-4ff3-97f7-00b91742683d@group-1CFC7A090C1A-LeaderElection74] INFO  impl.RaftServerImpl (ServerState.java:setRaftConf(356)) - 8344cb33-ae61-4ff3-97f7-00b91742683d@group-1CFC7A090C1A: set configuration 0: [8344cb33-ae61-4ff3-97f7-00b91742683d:192.168.34.62:40021, 25c17e6e-60f2-43b7-8570-af6cc9981309:192.168.34.62:41260, 59f802cb-c907-44a0-9069-e10bb38eff5d:192.168.34.62:41183], old=null at 0
2019-11-14 15:08:08,359 [grpc-default-executor-0] INFO  ratis.XceiverServerRatis (XceiverServerRatis.java:handleLeaderChangedNotification(697)) - Leader change notification received for group: group-1CFC7A090C1A with new leaderId: 8344cb33-ae61-4ff3-97f7-00b91742683d
2019-11-14 15:08:08,394 [grpc-default-executor-0] INFO  impl.RaftServerImpl (ServerState.java:setLeader(255)) - 59f802cb-c907-44a0-9069-e10bb38eff5d@group-1CFC7A090C1A: change Leader from null to 8344cb33-ae61-4ff3-97f7-00b91742683d at term 1 for appendEntries, leader elected after 1174ms
2019-11-14 15:08:08,395 [grpc-default-executor-0] INFO  ratis.XceiverServerRatis (XceiverServerRatis.java:handleLeaderChangedNotification(697)) - Leader change notification received for group: group-1CFC7A090C1A with new leaderId: 8344cb33-ae61-4ff3-97f7-00b91742683d
2019-11-14 15:08:08,395 [grpc-default-executor-0] INFO  impl.RaftServerImpl (ServerState.java:setLeader(255)) - 25c17e6e-60f2-43b7-8570-af6cc9981309@group-1CFC7A090C1A: change Leader from null to 8344cb33-ae61-4ff3-97f7-00b91742683d at term 1 for appendEntries, leader elected after 1210ms
2019-11-14 15:08:08,397 [grpc-default-executor-0] INFO  impl.RaftServerImpl (ServerState.java:setRaftConf(356)) - 59f802cb-c907-44a0-9069-e10bb38eff5d@group-1CFC7A090C1A: set configuration 0: [8344cb33-ae61-4ff3-97f7-00b91742683d:192.168.34.62:40021, 25c17e6e-60f2-43b7-8570-af6cc9981309:192.168.34.62:41260, 59f802cb-c907-44a0-9069-e10bb38eff5d:192.168.34.62:41183], old=null at 0
2019-11-14 15:08:08,397 [grpc-default-executor-0] INFO  segmented.SegmentedRaftLogWorker (SegmentedRaftLogWorker.java:startLogSegment(385)) - 59f802cb-c907-44a0-9069-e10bb38eff5d@group-1CFC7A090C1A-SegmentedRaftLogWorker: Starting segment from index:0
2019-11-14 15:08:08,398 [grpc-default-executor-3] INFO  impl.RaftServerImpl (ServerState.java:setRaftConf(356)) - 25c17e6e-60f2-43b7-8570-af6cc9981309@group-1CFC7A090C1A: set configuration 0: [8344cb33-ae61-4ff3-97f7-00b91742683d:192.168.34.62:40021, 25c17e6e-60f2-43b7-8570-af6cc9981309:192.168.34.62:41260, 59f802cb-c907-44a0-9069-e10bb38eff5d:192.168.34.62:41183], old=null at 0
2019-11-14 15:08:08,398 [grpc-default-executor-3] INFO  segmented.SegmentedRaftLogWorker (SegmentedRaftLogWorker.java:startLogSegment(385)) - 25c17e6e-60f2-43b7-8570-af6cc9981309@group-1CFC7A090C1A-SegmentedRaftLogWorker: Starting segment from index:0
2019-11-14 15:08:08,424 [2f24271a-73a2-4678-8a2d-efde1b9a7c05@group-09AE756F24A7-SegmentedRaftLogWorker] INFO  segmented.SegmentedRaftLogWorker (SegmentedRaftLogWorker.java:execute(576)) - 2f24271a-73a2-4678-8a2d-efde1b9a7c05@group-09AE756F24A7-SegmentedRaftLogWorker: created new log segment /workdir/hadoop-ozone/integration-test/target/test-dir/MiniOzoneClusterImpl-6b3e2517-75a7-4dd9-8054-0b12e404e591/datanode-8/data/ratis/ba92b5e2-fa4b-4d9a-8e6a-09ae756f24a7/current/log_inprogress_0
2019-11-14 15:08:08,424 [8344cb33-ae61-4ff3-97f7-00b91742683d@group-1CFC7A090C1A-SegmentedRaftLogWorker] INFO  segmented.SegmentedRaftLogWorker (SegmentedRaftLogWorker.java:execute(576)) - 8344cb33-ae61-4ff3-97f7-00b91742683d@group-1CFC7A090C1A-SegmentedRaftLogWorker: created new log segment /workdir/hadoop-ozone/integration-test/target/test-dir/MiniOzoneClusterImpl-6b3e2517-75a7-4dd9-8054-0b12e404e591/datanode-6/data/ratis/2d1af546-7659-4147-8f18-1cfc7a090c1a/current/log_inprogress_0
2019-11-14 15:08:08,428 [25c17e6e-60f2-43b7-8570-af6cc9981309@group-1CFC7A090C1A-SegmentedRaftLogWorker] INFO  segmented.SegmentedRaftLogWorker (SegmentedRaftLogWorker.java:execute(576)) - 25c17e6e-60f2-43b7-8570-af6cc9981309@group-1CFC7A090C1A-SegmentedRaftLogWorker: created new log segment /workdir/hadoop-ozone/integration-test/target/test-dir/MiniOzoneClusterImpl-6b3e2517-75a7-4dd9-8054-0b12e404e591/datanode-4/data/ratis/2d1af546-7659-4147-8f18-1cfc7a090c1a/current/log_inprogress_0
2019-11-14 15:08:08,432 [59f802cb-c907-44a0-9069-e10bb38eff5d@group-1CFC7A090C1A-SegmentedRaftLogWorker] INFO  segmented.SegmentedRaftLogWorker (SegmentedRaftLogWorker.java:execute(576)) - 59f802cb-c907-44a0-9069-e10bb38eff5d@group-1CFC7A090C1A-SegmentedRaftLogWorker: created new log segment /workdir/hadoop-ozone/integration-test/target/test-dir/MiniOzoneClusterImpl-6b3e2517-75a7-4dd9-8054-0b12e404e591/datanode-3/data/ratis/2d1af546-7659-4147-8f18-1cfc7a090c1a/current/log_inprogress_0
2019-11-14 15:08:08,453 [main] INFO  ozone.MiniOzoneClusterImpl (MiniOzoneClusterImpl.java:lambda$waitForClusterToBeReady$2(163)) - Waiting for 3 number of pipelines out of 13, to report a leader.
2019-11-14 15:08:08,478 [Thread-1321] INFO  impl.FollowerState (FollowerState.java:run(111)) - 2f24271a-73a2-4678-8a2d-efde1b9a7c05@group-3F175BF73E13-FollowerState: change to CANDIDATE, lastRpcTime:1036ms, electionTimeout:1036ms
2019-11-14 15:08:08,479 [Thread-1321] INFO  impl.RoleInfo (RoleInfo.java:shutdownFollowerState(121)) - 2f24271a-73a2-4678-8a2d-efde1b9a7c05: shutdown FollowerState
2019-11-14 15:08:08,479 [Thread-1321] INFO  impl.RaftServerImpl (RaftServerImpl.java:setRole(173)) - 2f24271a-73a2-4678-8a2d-efde1b9a7c05@group-3F175BF73E13: changes role from  FOLLOWER to CANDIDATE at term 0 for changeToCandidate
2019-11-14 15:08:08,479 [Thread-1321] INFO  impl.RoleInfo (RoleInfo.java:updateAndGet(143)) - 2f24271a-73a2-4678-8a2d-efde1b9a7c05: start LeaderElection
2019-11-14 15:08:08,496 [Thread-1325] INFO  impl.FollowerState (FollowerState.java:run(111)) - a96edad4-0b0c-48cb-948a-93b2fbf7c409@group-3F175BF73E13-FollowerState: change to CANDIDATE, lastRpcTime:1050ms, electionTimeout:1050ms
2019-11-14 15:08:08,496 [Thread-1325] INFO  impl.RoleInfo (RoleInfo.java:shutdownFollowerState(121)) - a96edad4-0b0c-48cb-948a-93b2fbf7c409: shutdown FollowerState
2019-11-14 15:08:08,497 [Thread-1325] INFO  impl.RaftServerImpl (RaftServerImpl.java:setRole(173)) - a96edad4-0b0c-48cb-948a-93b2fbf7c409@group-3F175BF73E13: changes role from  FOLLOWER to CANDIDATE at term 0 for changeToCandidate
2019-11-14 15:08:08,497 [2f24271a-73a2-4678-8a2d-efde1b9a7c05@group-3F175BF73E13-LeaderElection77] INFO  impl.LeaderElection (LeaderElection.java:askForVotes(178)) - 2f24271a-73a2-4678-8a2d-efde1b9a7c05@group-3F175BF73E13-LeaderElection77: begin an election at term 1 for -1: [a96edad4-0b0c-48cb-948a-93b2fbf7c409:192.168.34.62:43006, 2f24271a-73a2-4678-8a2d-efde1b9a7c05:192.168.34.62:38626, dadbf9b0-b155-425e-bdd4-f6aced2428ca:192.168.34.62:40592], old=null
2019-11-14 15:08:08,497 [Thread-1325] INFO  impl.RoleInfo (RoleInfo.java:updateAndGet(143)) - a96edad4-0b0c-48cb-948a-93b2fbf7c409: start LeaderElection
2019-11-14 15:08:08,515 [Thread-1315] INFO  impl.FollowerState (FollowerState.java:run(111)) - dadbf9b0-b155-425e-bdd4-f6aced2428ca@group-DB67BF62A5E8-FollowerState: change to CANDIDATE, lastRpcTime:1190ms, electionTimeout:1184ms
2019-11-14 15:08:08,515 [Thread-1315] INFO  impl.RoleInfo (RoleInfo.java:shutdownFollowerState(121)) - dadbf9b0-b155-425e-bdd4-f6aced2428ca: shutdown FollowerState
2019-11-14 15:08:08,515 [a96edad4-0b0c-48cb-948a-93b2fbf7c409@group-3F175BF73E13-LeaderElection78] INFO  impl.LeaderElection (LeaderElection.java:askForVotes(178)) - a96edad4-0b0c-48cb-948a-93b2fbf7c409@group-3F175BF73E13-LeaderElection78: begin an election at term 1 for -1: [a96edad4-0b0c-48cb-948a-93b2fbf7c409:192.168.34.62:43006, 2f24271a-73a2-4678-8a2d-efde1b9a7c05:192.168.34.62:38626, dadbf9b0-b155-425e-bdd4-f6aced2428ca:192.168.34.62:40592], old=null
2019-11-14 15:08:08,516 [Thread-1315] INFO  impl.RaftServerImpl (RaftServerImpl.java:setRole(173)) - dadbf9b0-b155-425e-bdd4-f6aced2428ca@group-DB67BF62A5E8: changes role from  FOLLOWER to CANDIDATE at term 0 for changeToCandidate
2019-11-14 15:08:08,516 [Thread-1315] INFO  impl.RoleInfo (RoleInfo.java:updateAndGet(143)) - dadbf9b0-b155-425e-bdd4-f6aced2428ca: start LeaderElection
2019-11-14 15:08:08,523 [grpc-default-executor-0] INFO  impl.RaftServerImpl (RaftServerImpl.java:setRole(173)) - dadbf9b0-b155-425e-bdd4-f6aced2428ca@group-3F175BF73E13: changes role from  FOLLOWER to FOLLOWER at term 1 for recognizeCandidate:2f24271a-73a2-4678-8a2d-efde1b9a7c05
2019-11-14 15:08:08,523 [grpc-default-executor-0] INFO  impl.RoleInfo (RoleInfo.java:shutdownFollowerState(121)) - dadbf9b0-b155-425e-bdd4-f6aced2428ca: shutdown FollowerState
2019-11-14 15:08:08,523 [dadbf9b0-b155-425e-bdd4-f6aced2428ca@group-DB67BF62A5E8-LeaderElection79] INFO  impl.LeaderElection (LeaderElection.java:askForVotes(178)) - dadbf9b0-b155-425e-bdd4-f6aced2428ca@group-DB67BF62A5E8-LeaderElection79: begin an election at term 1 for -1: [dadbf9b0-b155-425e-bdd4-f6aced2428ca:192.168.34.62:40592], old=null
2019-11-14 15:08:08,524 [grpc-default-executor-0] INFO  impl.RoleInfo (RoleInfo.java:updateAndGet(143)) - dadbf9b0-b155-425e-bdd4-f6aced2428ca: start FollowerState
2019-11-14 15:08:08,524 [Thread-1326] INFO  impl.FollowerState (FollowerState.java:run(120)) - dadbf9b0-b155-425e-bdd4-f6aced2428ca@group-3F175BF73E13-FollowerState was interrupted: java.lang.InterruptedException: sleep interrupted
2019-11-14 15:08:08,524 [dadbf9b0-b155-425e-bdd4-f6aced2428ca@group-DB67BF62A5E8-LeaderElection79] INFO  impl.RoleInfo (RoleInfo.java:shutdownLeaderElection(134)) - dadbf9b0-b155-425e-bdd4-f6aced2428ca: shutdown LeaderElection
2019-11-14 15:08:08,524 [dadbf9b0-b155-425e-bdd4-f6aced2428ca@group-DB67BF62A5E8-LeaderElection79] INFO  impl.RaftServerImpl (RaftServerImpl.java:setRole(173)) - dadbf9b0-b155-425e-bdd4-f6aced2428ca@group-DB67BF62A5E8: changes role from CANDIDATE to LEADER at term 1 for changeToLeader
2019-11-14 15:08:08,524 [dadbf9b0-b155-425e-bdd4-f6aced2428ca@group-DB67BF62A5E8-LeaderElection79] INFO  ratis.XceiverServerRatis (XceiverServerRatis.java:handleLeaderChangedNotification(697)) - Leader change notification received for group: group-DB67BF62A5E8 with new leaderId: dadbf9b0-b155-425e-bdd4-f6aced2428ca
2019-11-14 15:08:08,525 [dadbf9b0-b155-425e-bdd4-f6aced2428ca@group-DB67BF62A5E8-LeaderElection79] INFO  impl.RaftServerImpl (ServerState.java:setLeader(255)) - dadbf9b0-b155-425e-bdd4-f6aced2428ca@group-DB67BF62A5E8: change Leader from null to dadbf9b0-b155-425e-bdd4-f6aced2428ca at term 1 for becomeLeader, leader elected after 1203ms
2019-11-14 15:08:08,525 [dadbf9b0-b155-425e-bdd4-f6aced2428ca@group-DB67BF62A5E8-LeaderElection79] INFO  server.RaftServerConfigKeys (ConfUtils.java:logGet(43)) - raft.server.staging.catchup.gap = 1000 (default)
2019-11-14 15:08:08,532 [dadbf9b0-b155-425e-bdd4-f6aced2428ca@group-DB67BF62A5E8-LeaderElection79] INFO  server.RaftServerConfigKeys (ConfUtils.java:logGet(43)) - raft.server.rpc.sleep.time = 25ms (default)
2019-11-14 15:08:08,532 [dadbf9b0-b155-425e-bdd4-f6aced2428ca@group-DB67BF62A5E8-LeaderElection79] INFO  server.RaftServerConfigKeys (ConfUtils.java:logGet(43)) - raft.server.write.element-limit = 4096 (default)
2019-11-14 15:08:08,532 [dadbf9b0-b155-425e-bdd4-f6aced2428ca@group-DB67BF62A5E8-LeaderElection79] INFO  server.RaftServerConfigKeys (ConfUtils.java:logGet(43)) - raft.server.watch.timeout = 10s (default)
2019-11-14 15:08:08,534 [dadbf9b0-b155-425e-bdd4-f6aced2428ca@group-DB67BF62A5E8-LeaderElection79] INFO  server.RaftServerConfigKeys (ConfUtils.java:logGet(43)) - raft.server.watch.timeout.denomination = 1s (default)
2019-11-14 15:08:08,534 [dadbf9b0-b155-425e-bdd4-f6aced2428ca@group-DB67BF62A5E8-LeaderElection79] INFO  server.RaftServerConfigKeys (ConfUtils.java:logGet(43)) - raft.server.watch.element-limit = 65536 (default)
2019-11-14 15:08:08,534 [EventQueue-PipelineReportForPipelineReportHandler] INFO  pipeline.PipelineStateManager (PipelineStateManager.java:openPipeline(134)) - Pipeline Pipeline[ Id: 85b4431e-b4e3-4809-bf80-db67bf62a5e8, Nodes: dadbf9b0-b155-425e-bdd4-f6aced2428ca{ip: 192.168.34.62, host: pr-hdds-2480-6qkg9-608321763, networkLocation: /rack1, certSerialId: null}, Type:RATIS, Factor:ONE, State:OPEN] moved to OPEN state
2019-11-14 15:08:08,535 [dadbf9b0-b155-425e-bdd4-f6aced2428ca@group-DB67BF62A5E8-LeaderElection79] INFO  impl.RoleInfo (RoleInfo.java:updateAndGet(143)) - dadbf9b0-b155-425e-bdd4-f6aced2428ca: start LeaderState
2019-11-14 15:08:08,535 [dadbf9b0-b155-425e-bdd4-f6aced2428ca@group-DB67BF62A5E8-LeaderElection79] INFO  segmented.SegmentedRaftLogWorker (SegmentedRaftLogWorker.java:startLogSegment(385)) - dadbf9b0-b155-425e-bdd4-f6aced2428ca@group-DB67BF62A5E8-SegmentedRaftLogWorker: Starting segment from index:0
2019-11-14 15:08:08,535 [dadbf9b0-b155-425e-bdd4-f6aced2428ca@group-DB67BF62A5E8-LeaderElection79] INFO  impl.RaftServerImpl (ServerState.java:setRaftConf(356)) - dadbf9b0-b155-425e-bdd4-f6aced2428ca@group-DB67BF62A5E8: set configuration 0: [dadbf9b0-b155-425e-bdd4-f6aced2428ca:192.168.34.62:40592], old=null at 0
2019-11-14 15:08:08,538 [2f24271a-73a2-4678-8a2d-efde1b9a7c05@group-3F175BF73E13-LeaderElection77] INFO  impl.LeaderElection (LeaderElection.java:logAndReturn(56)) - 2f24271a-73a2-4678-8a2d-efde1b9a7c05@group-3F175BF73E13-LeaderElection77: Election PASSED; received 2 response(s) [2f24271a-73a2-4678-8a2d-efde1b9a7c05<-a96edad4-0b0c-48cb-948a-93b2fbf7c409#0:FAIL-t1, 2f24271a-73a2-4678-8a2d-efde1b9a7c05<-dadbf9b0-b155-425e-bdd4-f6aced2428ca#0:OK-t1] and 0 exception(s); 2f24271a-73a2-4678-8a2d-efde1b9a7c05@group-3F175BF73E13:t1, leader=null, voted=2f24271a-73a2-4678-8a2d-efde1b9a7c05, raftlog=2f24271a-73a2-4678-8a2d-efde1b9a7c05@group-3F175BF73E13-SegmentedRaftLog:OPENED:c-1,f-1,i0, conf=-1: [a96edad4-0b0c-48cb-948a-93b2fbf7c409:192.168.34.62:43006, 2f24271a-73a2-4678-8a2d-efde1b9a7c05:192.168.34.62:38626, dadbf9b0-b155-425e-bdd4-f6aced2428ca:192.168.34.62:40592], old=null
2019-11-14 15:08:08,539 [2f24271a-73a2-4678-8a2d-efde1b9a7c05@group-3F175BF73E13-LeaderElection77] INFO  impl.RoleInfo (RoleInfo.java:shutdownLeaderElection(134)) - 2f24271a-73a2-4678-8a2d-efde1b9a7c05: shutdown LeaderElection
2019-11-14 15:08:08,539 [a96edad4-0b0c-48cb-948a-93b2fbf7c409@group-3F175BF73E13-LeaderElection78] INFO  impl.LeaderElection (LeaderElection.java:logAndReturn(56)) - a96edad4-0b0c-48cb-948a-93b2fbf7c409@group-3F175BF73E13-LeaderElection78: Election REJECTED; received 2 response(s) [a96edad4-0b0c-48cb-948a-93b2fbf7c409<-2f24271a-73a2-4678-8a2d-efde1b9a7c05#0:FAIL-t1, a96edad4-0b0c-48cb-948a-93b2fbf7c409<-dadbf9b0-b155-425e-bdd4-f6aced2428ca#0:FAIL-t1] and 0 exception(s); a96edad4-0b0c-48cb-948a-93b2fbf7c409@group-3F175BF73E13:t1, leader=null, voted=a96edad4-0b0c-48cb-948a-93b2fbf7c409, raftlog=a96edad4-0b0c-48cb-948a-93b2fbf7c409@group-3F175BF73E13-SegmentedRaftLog:OPENED:c-1,f-1,i0, conf=-1: [a96edad4-0b0c-48cb-948a-93b2fbf7c409:192.168.34.62:43006, 2f24271a-73a2-4678-8a2d-efde1b9a7c05:192.168.34.62:38626, dadbf9b0-b155-425e-bdd4-f6aced2428ca:192.168.34.62:40592], old=null
2019-11-14 15:08:08,579 [Thread-1318] INFO  impl.FollowerState (FollowerState.java:run(111)) - a96edad4-0b0c-48cb-948a-93b2fbf7c409@group-BF045E2C2D3F-FollowerState: change to CANDIDATE, lastRpcTime:1194ms, electionTimeout:1156ms
2019-11-14 15:08:08,539 [2f24271a-73a2-4678-8a2d-efde1b9a7c05@group-3F175BF73E13-LeaderElection77] INFO  impl.RaftServerImpl (RaftServerImpl.java:setRole(173)) - 2f24271a-73a2-4678-8a2d-efde1b9a7c05@group-3F175BF73E13: changes role from CANDIDATE to LEADER at term 1 for changeToLeader
2019-11-14 15:08:08,579 [a96edad4-0b0c-48cb-948a-93b2fbf7c409@group-3F175BF73E13-LeaderElection78] INFO  impl.RaftServerImpl (RaftServerImpl.java:setRole(173)) - a96edad4-0b0c-48cb-948a-93b2fbf7c409@group-3F175BF73E13: changes role from CANDIDATE to FOLLOWER at term 1 for DISCOVERED_A_NEW_TERM
2019-11-14 15:08:08,579 [Thread-1318] INFO  impl.RoleInfo (RoleInfo.java:shutdownFollowerState(121)) - a96edad4-0b0c-48cb-948a-93b2fbf7c409: shutdown FollowerState
2019-11-14 15:08:08,580 [a96edad4-0b0c-48cb-948a-93b2fbf7c409@group-3F175BF73E13-LeaderElection78] INFO  impl.RoleInfo (RoleInfo.java:shutdownLeaderElection(134)) - a96edad4-0b0c-48cb-948a-93b2fbf7c409: shutdown LeaderElection
2019-11-14 15:08:08,579 [2f24271a-73a2-4678-8a2d-efde1b9a7c05@group-3F175BF73E13-LeaderElection77] INFO  ratis.XceiverServerRatis (XceiverServerRatis.java:handleLeaderChangedNotification(697)) - Leader change notification received for group: group-3F175BF73E13 with new leaderId: 2f24271a-73a2-4678-8a2d-efde1b9a7c05
2019-11-14 15:08:08,580 [a96edad4-0b0c-48cb-948a-93b2fbf7c409@group-3F175BF73E13-LeaderElection78] INFO  impl.RoleInfo (RoleInfo.java:updateAndGet(143)) - a96edad4-0b0c-48cb-948a-93b2fbf7c409: start FollowerState
2019-11-14 15:08:08,580 [2f24271a-73a2-4678-8a2d-efde1b9a7c05@group-3F175BF73E13-LeaderElection77] INFO  impl.RaftServerImpl (ServerState.java:setLeader(255)) - 2f24271a-73a2-4678-8a2d-efde1b9a7c05@group-3F175BF73E13: change Leader from null to 2f24271a-73a2-4678-8a2d-efde1b9a7c05 at term 1 for becomeLeader, leader elected after 1144ms
2019-11-14 15:08:08,580 [Thread-1318] INFO  impl.RaftServerImpl (RaftServerImpl.java:setRole(173)) - a96edad4-0b0c-48cb-948a-93b2fbf7c409@group-BF045E2C2D3F: changes role from  FOLLOWER to CANDIDATE at term 0 for changeToCandidate
2019-11-14 15:08:08,580 [2f24271a-73a2-4678-8a2d-efde1b9a7c05@group-3F175BF73E13-LeaderElection77] INFO  server.RaftServerConfigKeys (ConfUtils.java:logGet(43)) - raft.server.staging.catchup.gap = 1000 (default)
2019-11-14 15:08:08,580 [Thread-1318] INFO  impl.RoleInfo (RoleInfo.java:updateAndGet(143)) - a96edad4-0b0c-48cb-948a-93b2fbf7c409: start LeaderElection
2019-11-14 15:08:08,580 [2f24271a-73a2-4678-8a2d-efde1b9a7c05@group-3F175BF73E13-LeaderElection77] INFO  server.RaftServerConfigKeys (ConfUtils.java:logGet(43)) - raft.server.rpc.sleep.time = 25ms (default)
2019-11-14 15:08:08,581 [2f24271a-73a2-4678-8a2d-efde1b9a7c05@group-3F175BF73E13-LeaderElection77] INFO  server.RaftServerConfigKeys (ConfUtils.java:logGet(43)) - raft.server.write.element-limit = 4096 (default)
2019-11-14 15:08:08,585 [2f24271a-73a2-4678-8a2d-efde1b9a7c05@group-3F175BF73E13-LeaderElection77] INFO  server.RaftServerConfigKeys (ConfUtils.java:logGet(43)) - raft.server.watch.timeout = 10s (default)
2019-11-14 15:08:08,585 [2f24271a-73a2-4678-8a2d-efde1b9a7c05@group-3F175BF73E13-LeaderElection77] INFO  server.RaftServerConfigKeys (ConfUtils.java:logGet(43)) - raft.server.watch.timeout.denomination = 1s (default)
2019-11-14 15:08:08,586 [2f24271a-73a2-4678-8a2d-efde1b9a7c05@group-3F175BF73E13-LeaderElection77] INFO  server.RaftServerConfigKeys (ConfUtils.java:logGet(43)) - raft.server.watch.element-limit = 65536 (default)
2019-11-14 15:08:08,586 [EventQueue-PipelineReportForPipelineReportHandler] INFO  pipeline.PipelineStateManager (PipelineStateManager.java:openPipeline(134)) - Pipeline Pipeline[ Id: 1fe51cd9-4844-458e-bc8e-3f175bf73e13, Nodes: dadbf9b0-b155-425e-bdd4-f6aced2428ca{ip: 192.168.34.62, host: pr-hdds-2480-6qkg9-608321763, networkLocation: /rack1, certSerialId: null}2f24271a-73a2-4678-8a2d-efde1b9a7c05{ip: 192.168.34.62, host: pr-hdds-2480-6qkg9-608321763, networkLocation: /rack1, certSerialId: null}a96edad4-0b0c-48cb-948a-93b2fbf7c409{ip: 192.168.34.62, host: pr-hdds-2480-6qkg9-608321763, networkLocation: /rack1, certSerialId: null}, Type:RATIS, Factor:THREE, State:OPEN] moved to OPEN state
2019-11-14 15:08:08,586 [2f24271a-73a2-4678-8a2d-efde1b9a7c05@group-3F175BF73E13-LeaderElection77] INFO  server.RaftServerConfigKeys (ConfUtils.java:logGet(43)) - raft.server.log.appender.snapshot.chunk.size.max = 16MB (=16777216) (default)
2019-11-14 15:08:08,586 [2f24271a-73a2-4678-8a2d-efde1b9a7c05@group-3F175BF73E13-LeaderElection77] INFO  server.RaftServerConfigKeys (ConfUtils.java:logGet(43)) - raft.server.log.appender.buffer.byte-limit = 33554432 (custom)
2019-11-14 15:08:08,586 [2f24271a-73a2-4678-8a2d-efde1b9a7c05@group-3F175BF73E13-LeaderElection77] INFO  server.RaftServerConfigKeys (ConfUtils.java:logGet(43)) - raft.server.log.appender.buffer.element-limit = 1 (custom)
2019-11-14 15:08:08,586 [2f24271a-73a2-4678-8a2d-efde1b9a7c05@group-3F175BF73E13-LeaderElection77] INFO  grpc.GrpcConfigKeys$Server (ConfUtils.java:logGet(43)) - raft.grpc.server.leader.outstanding.appends.max = 128 (default)
2019-11-14 15:08:08,587 [2f24271a-73a2-4678-8a2d-efde1b9a7c05@group-3F175BF73E13-LeaderElection77] INFO  server.RaftServerConfigKeys (ConfUtils.java:logGet(43)) - raft.server.rpc.request.timeout = 3000ms (default)
2019-11-14 15:08:08,587 [2f24271a-73a2-4678-8a2d-efde1b9a7c05@group-3F175BF73E13-LeaderElection77] INFO  server.RaftServerConfigKeys (ConfUtils.java:logGet(43)) - raft.server.log.appender.install.snapshot.enabled = false (custom)
2019-11-14 15:08:08,587 [2f24271a-73a2-4678-8a2d-efde1b9a7c05@group-3F175BF73E13-LeaderElection77] WARN  impl.MetricRegistriesImpl (MetricRegistriesImpl.java:lambda$create$1(61)) - First MetricRegistry has been created without registering reporters. You may need to call MetricRegistries.global().addReportRegistration(...) before.
2019-11-14 15:08:08,587 [2f24271a-73a2-4678-8a2d-efde1b9a7c05@group-3F175BF73E13-LeaderElection77] INFO  server.RaftServerConfigKeys (ConfUtils.java:logGet(43)) - raft.server.log.appender.snapshot.chunk.size.max = 16MB (=16777216) (default)
2019-11-14 15:08:08,587 [2f24271a-73a2-4678-8a2d-efde1b9a7c05@group-3F175BF73E13-LeaderElection77] INFO  server.RaftServerConfigKeys (ConfUtils.java:logGet(43)) - raft.server.log.appender.buffer.byte-limit = 33554432 (custom)
2019-11-14 15:08:08,587 [2f24271a-73a2-4678-8a2d-efde1b9a7c05@group-3F175BF73E13-LeaderElection77] INFO  server.RaftServerConfigKeys (ConfUtils.java:logGet(43)) - raft.server.log.appender.buffer.element-limit = 1 (custom)
2019-11-14 15:08:08,588 [2f24271a-73a2-4678-8a2d-efde1b9a7c05@group-3F175BF73E13-LeaderElection77] INFO  grpc.GrpcConfigKeys$Server (ConfUtils.java:logGet(43)) - raft.grpc.server.leader.outstanding.appends.max = 128 (default)
2019-11-14 15:08:08,588 [2f24271a-73a2-4678-8a2d-efde1b9a7c05@group-3F175BF73E13-LeaderElection77] INFO  server.RaftServerConfigKeys (ConfUtils.java:logGet(43)) - raft.server.rpc.request.timeout = 3000ms (default)
2019-11-14 15:08:08,588 [2f24271a-73a2-4678-8a2d-efde1b9a7c05@group-3F175BF73E13-LeaderElection77] INFO  server.RaftServerConfigKeys (ConfUtils.java:logGet(43)) - raft.server.log.appender.install.snapshot.enabled = false (custom)
2019-11-14 15:08:08,588 [2f24271a-73a2-4678-8a2d-efde1b9a7c05@group-3F175BF73E13-LeaderElection77] INFO  impl.RoleInfo (RoleInfo.java:updateAndGet(143)) - 2f24271a-73a2-4678-8a2d-efde1b9a7c05: start LeaderState
2019-11-14 15:08:08,588 [2f24271a-73a2-4678-8a2d-efde1b9a7c05@group-3F175BF73E13-LeaderElection77] INFO  segmented.SegmentedRaftLogWorker (SegmentedRaftLogWorker.java:startLogSegment(385)) - 2f24271a-73a2-4678-8a2d-efde1b9a7c05@group-3F175BF73E13-SegmentedRaftLogWorker: Starting segment from index:0
2019-11-14 15:08:08,589 [2f24271a-73a2-4678-8a2d-efde1b9a7c05@group-3F175BF73E13-LeaderElection77] INFO  impl.RaftServerImpl (ServerState.java:setRaftConf(356)) - 2f24271a-73a2-4678-8a2d-efde1b9a7c05@group-3F175BF73E13: set configuration 0: [a96edad4-0b0c-48cb-948a-93b2fbf7c409:192.168.34.62:43006, 2f24271a-73a2-4678-8a2d-efde1b9a7c05:192.168.34.62:38626, dadbf9b0-b155-425e-bdd4-f6aced2428ca:192.168.34.62:40592], old=null at 0
2019-11-14 15:08:08,622 [dadbf9b0-b155-425e-bdd4-f6aced2428ca@group-DB67BF62A5E8-SegmentedRaftLogWorker] INFO  segmented.SegmentedRaftLogWorker (SegmentedRaftLogWorker.java:execute(576)) - dadbf9b0-b155-425e-bdd4-f6aced2428ca@group-DB67BF62A5E8-SegmentedRaftLogWorker: created new log segment /workdir/hadoop-ozone/integration-test/target/test-dir/MiniOzoneClusterImpl-6b3e2517-75a7-4dd9-8054-0b12e404e591/datanode-9/data/ratis/85b4431e-b4e3-4809-bf80-db67bf62a5e8/current/log_inprogress_0
2019-11-14 15:08:08,622 [a96edad4-0b0c-48cb-948a-93b2fbf7c409@group-BF045E2C2D3F-LeaderElection80] INFO  impl.LeaderElection (LeaderElection.java:askForVotes(178)) - a96edad4-0b0c-48cb-948a-93b2fbf7c409@group-BF045E2C2D3F-LeaderElection80: begin an election at term 1 for -1: [a96edad4-0b0c-48cb-948a-93b2fbf7c409:192.168.34.62:43006], old=null
2019-11-14 15:08:08,622 [a96edad4-0b0c-48cb-948a-93b2fbf7c409@group-BF045E2C2D3F-LeaderElection80] INFO  impl.RoleInfo (RoleInfo.java:shutdownLeaderElection(134)) - a96edad4-0b0c-48cb-948a-93b2fbf7c409: shutdown LeaderElection
2019-11-14 15:08:08,623 [a96edad4-0b0c-48cb-948a-93b2fbf7c409@group-BF045E2C2D3F-LeaderElection80] INFO  impl.RaftServerImpl (RaftServerImpl.java:setRole(173)) - a96edad4-0b0c-48cb-948a-93b2fbf7c409@group-BF045E2C2D3F: changes role from CANDIDATE to LEADER at term 1 for changeToLeader
2019-11-14 15:08:08,623 [a96edad4-0b0c-48cb-948a-93b2fbf7c409@group-BF045E2C2D3F-LeaderElection80] INFO  ratis.XceiverServerRatis (XceiverServerRatis.java:handleLeaderChangedNotification(697)) - Leader change notification received for group: group-BF045E2C2D3F with new leaderId: a96edad4-0b0c-48cb-948a-93b2fbf7c409
2019-11-14 15:08:08,625 [a96edad4-0b0c-48cb-948a-93b2fbf7c409@group-BF045E2C2D3F-LeaderElection80] INFO  impl.RaftServerImpl (ServerState.java:setLeader(255)) - a96edad4-0b0c-48cb-948a-93b2fbf7c409@group-BF045E2C2D3F: change Leader from null to a96edad4-0b0c-48cb-948a-93b2fbf7c409 at term 1 for becomeLeader, leader elected after 1241ms
2019-11-14 15:08:08,626 [a96edad4-0b0c-48cb-948a-93b2fbf7c409@group-BF045E2C2D3F-LeaderElection80] INFO  server.RaftServerConfigKeys (ConfUtils.java:logGet(43)) - raft.server.staging.catchup.gap = 1000 (default)
2019-11-14 15:08:08,628 [a96edad4-0b0c-48cb-948a-93b2fbf7c409@group-BF045E2C2D3F-LeaderElection80] INFO  server.RaftServerConfigKeys (ConfUtils.java:logGet(43)) - raft.server.rpc.sleep.time = 25ms (default)
2019-11-14 15:08:08,628 [a96edad4-0b0c-48cb-948a-93b2fbf7c409@group-BF045E2C2D3F-LeaderElection80] INFO  server.RaftServerConfigKeys (ConfUtils.java:logGet(43)) - raft.server.write.element-limit = 4096 (default)
2019-11-14 15:08:08,628 [a96edad4-0b0c-48cb-948a-93b2fbf7c409@group-BF045E2C2D3F-LeaderElection80] INFO  server.RaftServerConfigKeys (ConfUtils.java:logGet(43)) - raft.server.watch.timeout = 10s (default)
2019-11-14 15:08:08,629 [a96edad4-0b0c-48cb-948a-93b2fbf7c409@group-BF045E2C2D3F-LeaderElection80] INFO  server.RaftServerConfigKeys (ConfUtils.java:logGet(43)) - raft.server.watch.timeout.denomination = 1s (default)
2019-11-14 15:08:08,629 [a96edad4-0b0c-48cb-948a-93b2fbf7c409@group-BF045E2C2D3F-LeaderElection80] INFO  server.RaftServerConfigKeys (ConfUtils.java:logGet(43)) - raft.server.watch.element-limit = 65536 (default)
2019-11-14 15:08:08,629 [grpc-default-executor-3] INFO  ratis.XceiverServerRatis (XceiverServerRatis.java:handleLeaderChangedNotification(697)) - Leader change notification received for group: group-3F175BF73E13 with new leaderId: 2f24271a-73a2-4678-8a2d-efde1b9a7c05
2019-11-14 15:08:08,629 [a96edad4-0b0c-48cb-948a-93b2fbf7c409@group-BF045E2C2D3F-LeaderElection80] INFO  impl.RoleInfo (RoleInfo.java:updateAndGet(143)) - a96edad4-0b0c-48cb-948a-93b2fbf7c409: start LeaderState
2019-11-14 15:08:08,629 [grpc-default-executor-3] INFO  impl.RaftServerImpl (ServerState.java:setLeader(255)) - dadbf9b0-b155-425e-bdd4-f6aced2428ca@group-3F175BF73E13: change Leader from null to 2f24271a-73a2-4678-8a2d-efde1b9a7c05 at term 1 for appendEntries, leader elected after 1193ms
2019-11-14 15:08:08,629 [EventQueue-PipelineReportForPipelineReportHandler] INFO  pipeline.PipelineStateManager (PipelineStateManager.java:openPipeline(134)) - Pipeline Pipeline[ Id: 1ea1b5cd-1e7b-406e-b195-bf045e2c2d3f, Nodes: a96edad4-0b0c-48cb-948a-93b2fbf7c409{ip: 192.168.34.62, host: pr-hdds-2480-6qkg9-608321763, networkLocation: /rack1, certSerialId: null}, Type:RATIS, Factor:ONE, State:OPEN] moved to OPEN state
2019-11-14 15:08:08,630 [grpc-default-executor-0] INFO  ratis.XceiverServerRatis (XceiverServerRatis.java:handleLeaderChangedNotification(697)) - Leader change notification received for group: group-3F175BF73E13 with new leaderId: 2f24271a-73a2-4678-8a2d-efde1b9a7c05
2019-11-14 15:08:08,630 [a96edad4-0b0c-48cb-948a-93b2fbf7c409@group-BF045E2C2D3F-LeaderElection80] INFO  segmented.SegmentedRaftLogWorker (SegmentedRaftLogWorker.java:startLogSegment(385)) - a96edad4-0b0c-48cb-948a-93b2fbf7c409@group-BF045E2C2D3F-SegmentedRaftLogWorker: Starting segment from index:0
2019-11-14 15:08:08,630 [grpc-default-executor-0] INFO  impl.RaftServerImpl (ServerState.java:setLeader(255)) - a96edad4-0b0c-48cb-948a-93b2fbf7c409@group-3F175BF73E13: change Leader from null to 2f24271a-73a2-4678-8a2d-efde1b9a7c05 at term 1 for appendEntries, leader elected after 1194ms
2019-11-14 15:08:08,631 [a96edad4-0b0c-48cb-948a-93b2fbf7c409@group-BF045E2C2D3F-LeaderElection80] INFO  impl.RaftServerImpl (ServerState.java:setRaftConf(356)) - a96edad4-0b0c-48cb-948a-93b2fbf7c409@group-BF045E2C2D3F: set configuration 0: [a96edad4-0b0c-48cb-948a-93b2fbf7c409:192.168.34.62:43006], old=null at 0
2019-11-14 15:08:08,632 [grpc-default-executor-0] INFO  impl.RaftServerImpl (ServerState.java:setRaftConf(356)) - dadbf9b0-b155-425e-bdd4-f6aced2428ca@group-3F175BF73E13: set configuration 0: [a96edad4-0b0c-48cb-948a-93b2fbf7c409:192.168.34.62:43006, 2f24271a-73a2-4678-8a2d-efde1b9a7c05:192.168.34.62:38626, dadbf9b0-b155-425e-bdd4-f6aced2428ca:192.168.34.62:40592], old=null at 0
2019-11-14 15:08:08,633 [grpc-default-executor-0] INFO  segmented.SegmentedRaftLogWorker (SegmentedRaftLogWorker.java:startLogSegment(385)) - dadbf9b0-b155-425e-bdd4-f6aced2428ca@group-3F175BF73E13-SegmentedRaftLogWorker: Starting segment from index:0
2019-11-14 15:08:08,633 [grpc-default-executor-3] INFO  impl.RaftServerImpl (ServerState.java:setRaftConf(356)) - a96edad4-0b0c-48cb-948a-93b2fbf7c409@group-3F175BF73E13: set configuration 0: [a96edad4-0b0c-48cb-948a-93b2fbf7c409:192.168.34.62:43006, 2f24271a-73a2-4678-8a2d-efde1b9a7c05:192.168.34.62:38626, dadbf9b0-b155-425e-bdd4-f6aced2428ca:192.168.34.62:40592], old=null at 0
2019-11-14 15:08:08,633 [grpc-default-executor-3] INFO  segmented.SegmentedRaftLogWorker (SegmentedRaftLogWorker.java:startLogSegment(385)) - a96edad4-0b0c-48cb-948a-93b2fbf7c409@group-3F175BF73E13-SegmentedRaftLogWorker: Starting segment from index:0
2019-11-14 15:08:08,647 [2f24271a-73a2-4678-8a2d-efde1b9a7c05@group-3F175BF73E13-SegmentedRaftLogWorker] INFO  segmented.SegmentedRaftLogWorker (SegmentedRaftLogWorker.java:execute(576)) - 2f24271a-73a2-4678-8a2d-efde1b9a7c05@group-3F175BF73E13-SegmentedRaftLogWorker: created new log segment /workdir/hadoop-ozone/integration-test/target/test-dir/MiniOzoneClusterImpl-6b3e2517-75a7-4dd9-8054-0b12e404e591/datanode-8/data/ratis/1fe51cd9-4844-458e-bc8e-3f175bf73e13/current/log_inprogress_0
2019-11-14 15:08:08,679 [a96edad4-0b0c-48cb-948a-93b2fbf7c409@group-3F175BF73E13-SegmentedRaftLogWorker] INFO  segmented.SegmentedRaftLogWorker (SegmentedRaftLogWorker.java:execute(576)) - a96edad4-0b0c-48cb-948a-93b2fbf7c409@group-3F175BF73E13-SegmentedRaftLogWorker: created new log segment /workdir/hadoop-ozone/integration-test/target/test-dir/MiniOzoneClusterImpl-6b3e2517-75a7-4dd9-8054-0b12e404e591/datanode-7/data/ratis/1fe51cd9-4844-458e-bc8e-3f175bf73e13/current/log_inprogress_0
2019-11-14 15:08:08,679 [dadbf9b0-b155-425e-bdd4-f6aced2428ca@group-3F175BF73E13-SegmentedRaftLogWorker] INFO  segmented.SegmentedRaftLogWorker (SegmentedRaftLogWorker.java:execute(576)) - dadbf9b0-b155-425e-bdd4-f6aced2428ca@group-3F175BF73E13-SegmentedRaftLogWorker: created new log segment /workdir/hadoop-ozone/integration-test/target/test-dir/MiniOzoneClusterImpl-6b3e2517-75a7-4dd9-8054-0b12e404e591/datanode-9/data/ratis/1fe51cd9-4844-458e-bc8e-3f175bf73e13/current/log_inprogress_0
2019-11-14 15:08:08,679 [a96edad4-0b0c-48cb-948a-93b2fbf7c409@group-BF045E2C2D3F-SegmentedRaftLogWorker] INFO  segmented.SegmentedRaftLogWorker (SegmentedRaftLogWorker.java:execute(576)) - a96edad4-0b0c-48cb-948a-93b2fbf7c409@group-BF045E2C2D3F-SegmentedRaftLogWorker: created new log segment /workdir/hadoop-ozone/integration-test/target/test-dir/MiniOzoneClusterImpl-6b3e2517-75a7-4dd9-8054-0b12e404e591/datanode-7/data/ratis/1ea1b5cd-1e7b-406e-b195-bf045e2c2d3f/current/log_inprogress_0
2019-11-14 15:08:09,455 [main] INFO  ozone.MiniOzoneClusterImpl (MiniOzoneClusterImpl.java:lambda$waitForClusterToBeReady$2(171)) - Cluster is ready. Got 10 of 10 DN Heartbeats.
2019-11-14 15:08:09,491 [main] INFO  rpc.RpcClient (RpcClient.java:createVolume(292)) - Creating Volume: datanodefailurehandlingtest, with jenkins1000 as owner.
2019-11-14 15:08:09,494 [IPC Server handler 1 on 45554] INFO  volume.OMVolumeCreateRequest (OMVolumeCreateRequest.java:validateAndUpdateCache(193)) - created volume:datanodefailurehandlingtest for user:jenkins1000
2019-11-14 15:08:09,522 [main] INFO  rpc.RpcClient (RpcClient.java:createBucket(431)) - Creating Bucket: datanodefailurehandlingtest/datanodefailurehandlingtest, with Versioning false and Storage Type set to DISK and Encryption set to false 
2019-11-14 15:08:09,681 [Thread-1271] INFO  container.ReplicationManager (ReplicationManager.java:start(162)) - Starting Replication Monitor Thread.
2019-11-14 15:08:09,681 [Thread-1271] INFO  pipeline.SCMPipelineManager (SCMPipelineManager.java:finalizeAndDestroyPipeline(315)) - destroying pipeline:Pipeline[ Id: 364f8a31-2172-485b-92ad-5e1f6fa2fd85, Nodes: 25c17e6e-60f2-43b7-8570-af6cc9981309{ip: 192.168.34.62, host: pr-hdds-2480-6qkg9-608321763, networkLocation: /rack1, certSerialId: null}, Type:RATIS, Factor:ONE, State:OPEN]
2019-11-14 15:08:09,683 [Thread-1271] INFO  pipeline.PipelineStateManager (PipelineStateManager.java:finalizePipeline(121)) - Pipeline Pipeline[ Id: 364f8a31-2172-485b-92ad-5e1f6fa2fd85, Nodes: 25c17e6e-60f2-43b7-8570-af6cc9981309{ip: 192.168.34.62, host: pr-hdds-2480-6qkg9-608321763, networkLocation: /rack1, certSerialId: null}, Type:RATIS, Factor:ONE, State:CLOSED] moved to CLOSED state
2019-11-14 15:08:09,684 [ReplicationMonitor] INFO  container.ReplicationManager (ReplicationManager.java:run(225)) - Replication Monitor Thread took 0 milliseconds for processing 1 containers.
2019-11-14 15:08:09,689 [grpc-default-executor-0] INFO  impl.RaftServerProxy (RaftServerProxy.java:remove(95)) - 25c17e6e-60f2-43b7-8570-af6cc9981309: remove    LEADER 25c17e6e-60f2-43b7-8570-af6cc9981309@group-5E1F6FA2FD85:t1, leader=25c17e6e-60f2-43b7-8570-af6cc9981309, voted=25c17e6e-60f2-43b7-8570-af6cc9981309, raftlog=25c17e6e-60f2-43b7-8570-af6cc9981309@group-5E1F6FA2FD85-SegmentedRaftLog:OPENED:c0,f0,i0, conf=0: [25c17e6e-60f2-43b7-8570-af6cc9981309:192.168.34.62:41260], old=null RUNNING
2019-11-14 15:08:09,690 [grpc-default-executor-0] INFO  impl.RaftServerImpl (RaftServerImpl.java:lambda$shutdown$3(250)) - 25c17e6e-60f2-43b7-8570-af6cc9981309@group-5E1F6FA2FD85: shutdown
2019-11-14 15:08:09,690 [grpc-default-executor-0] INFO  util.JmxRegister (JmxRegister.java:unregister(73)) - Successfully un-registered JMX Bean with object name Ratis:service=RaftServer,group=group-5E1F6FA2FD85,id=25c17e6e-60f2-43b7-8570-af6cc9981309
2019-11-14 15:08:09,690 [grpc-default-executor-0] INFO  impl.RoleInfo (RoleInfo.java:shutdownLeaderState(104)) - 25c17e6e-60f2-43b7-8570-af6cc9981309: shutdown LeaderState
2019-11-14 15:08:09,690 [grpc-default-executor-0] INFO  impl.PendingRequests (PendingRequests.java:sendNotLeaderResponses(206)) - 25c17e6e-60f2-43b7-8570-af6cc9981309@group-5E1F6FA2FD85-PendingRequests: sendNotLeaderResponses
2019-11-14 15:08:09,691 [grpc-default-executor-0] INFO  impl.StateMachineUpdater (StateMachineUpdater.java:stopAndJoin(136)) - 25c17e6e-60f2-43b7-8570-af6cc9981309@group-5E1F6FA2FD85-StateMachineUpdater: set stopIndex = 0
2019-11-14 15:08:09,691 [grpc-default-executor-0] INFO  impl.RaftServerImpl (ServerState.java:close(387)) - 25c17e6e-60f2-43b7-8570-af6cc9981309@group-5E1F6FA2FD85: closes. applyIndex: 0
2019-11-14 15:08:09,691 [25c17e6e-60f2-43b7-8570-af6cc9981309@group-5E1F6FA2FD85-SegmentedRaftLogWorker] INFO  segmented.SegmentedRaftLogWorker (SegmentedRaftLogWorker.java:run(316)) - 25c17e6e-60f2-43b7-8570-af6cc9981309@group-5E1F6FA2FD85-SegmentedRaftLogWorker was interrupted, exiting. There are 0 tasks remaining in the queue.
2019-11-14 15:08:09,700 [grpc-default-executor-0] INFO  segmented.SegmentedRaftLogWorker (SegmentedRaftLogWorker.java:close(224)) - 25c17e6e-60f2-43b7-8570-af6cc9981309@group-5E1F6FA2FD85-SegmentedRaftLogWorker close()
2019-11-14 15:08:09,707 [Thread-1271] INFO  pipeline.PipelineStateManager (PipelineStateManager.java:removePipeline(106)) - Pipeline Pipeline[ Id: 364f8a31-2172-485b-92ad-5e1f6fa2fd85, Nodes: 25c17e6e-60f2-43b7-8570-af6cc9981309{ip: 192.168.34.62, host: pr-hdds-2480-6qkg9-608321763, networkLocation: /rack1, certSerialId: null}, Type:RATIS, Factor:ONE, State:CLOSED] removed from db
2019-11-14 15:08:09,710 [Thread-1271] INFO  pipeline.SCMPipelineManager (SCMPipelineManager.java:finalizeAndDestroyPipeline(315)) - destroying pipeline:Pipeline[ Id: 1e1ba27d-94c8-43ad-a7df-d037e40e1e66, Nodes: 09f4ece9-71c1-4a5b-9b91-b2a8aadac043{ip: 192.168.34.62, host: pr-hdds-2480-6qkg9-608321763, networkLocation: /rack1, certSerialId: null}, Type:RATIS, Factor:ONE, State:OPEN]
2019-11-14 15:08:09,715 [grpc-default-executor-0] INFO  impl.RaftServerProxy (RaftServerProxy.java:addNew(89)) - 25c17e6e-60f2-43b7-8570-af6cc9981309: addNew group-21F3445B4761:[25c17e6e-60f2-43b7-8570-af6cc9981309:192.168.34.62:41260] returns group-21F3445B4761:java.util.concurrent.CompletableFuture@45f347b4[Not completed]
2019-11-14 15:08:09,717 [pool-189-thread-1] INFO  impl.RaftServerImpl (RaftServerImpl.java:<init>(98)) - 25c17e6e-60f2-43b7-8570-af6cc9981309: new RaftServerImpl for group-21F3445B4761:[25c17e6e-60f2-43b7-8570-af6cc9981309:192.168.34.62:41260] with ContainerStateMachine:uninitialized
2019-11-14 15:08:09,717 [pool-189-thread-1] INFO  server.RaftServerConfigKeys (ConfUtils.java:logGet(43)) - raft.server.rpc.timeout.min = 1s (custom)
2019-11-14 15:08:09,717 [pool-189-thread-1] INFO  server.RaftServerConfigKeys (ConfUtils.java:logGet(43)) - raft.server.rpc.timeout.max = 1200ms (custom)
2019-11-14 15:08:09,717 [pool-189-thread-1] INFO  server.RaftServerConfigKeys (ConfUtils.java:logGet(43)) - raft.server.rpcslowness.timeout = 120s (custom)
2019-11-14 15:08:09,717 [pool-189-thread-1] INFO  server.RaftServerConfigKeys (ConfUtils.java:logGet(43)) - raft.server.sleep.deviation.threshold = 300 (default)
2019-11-14 15:08:09,718 [pool-189-thread-1] INFO  server.RaftServerConfigKeys (ConfUtils.java:logGet(43)) - raft.server.log.appender.install.snapshot.enabled = false (custom)
2019-11-14 15:08:09,718 [pool-189-thread-1] INFO  impl.RaftServerImpl (ServerState.java:<init>(103)) - 25c17e6e-60f2-43b7-8570-af6cc9981309@group-21F3445B4761: ConfigurationManager, init=-1: [25c17e6e-60f2-43b7-8570-af6cc9981309:192.168.34.62:41260], old=null, confs=<EMPTY_MAP>
2019-11-14 15:08:09,718 [pool-189-thread-1] INFO  server.RaftServerConfigKeys (ConfUtils.java:logGet(43)) - raft.server.storage.dir = [/workdir/hadoop-ozone/integration-test/target/test-dir/MiniOzoneClusterImpl-6b3e2517-75a7-4dd9-8054-0b12e404e591/datanode-4/data/ratis] (custom)
2019-11-14 15:08:09,718 [pool-189-thread-1] INFO  server.RaftServerConfigKeys (ConfUtils.java:logGet(43)) - raft.server.log.corruption.policy = EXCEPTION (default)
2019-11-14 15:08:09,719 [pool-189-thread-1] INFO  storage.RaftStorageDirectory (RaftStorageDirectory.java:analyzeStorage(246)) - The storage directory /workdir/hadoop-ozone/integration-test/target/test-dir/MiniOzoneClusterImpl-6b3e2517-75a7-4dd9-8054-0b12e404e591/datanode-4/data/ratis/972d15c4-30ec-4154-9c81-21f3445b4761 does not exist. Creating ...
2019-11-14 15:08:09,725 [pool-189-thread-1] INFO  storage.RaftStorageDirectory (RaftStorageDirectory.java:tryLock(328)) - Lock on /workdir/hadoop-ozone/integration-test/target/test-dir/MiniOzoneClusterImpl-6b3e2517-75a7-4dd9-8054-0b12e404e591/datanode-4/data/ratis/972d15c4-30ec-4154-9c81-21f3445b4761/in_use.lock acquired by nodename 23875@pr-hdds-2480-6qkg9-608321763
2019-11-14 15:08:09,742 [pool-189-thread-1] INFO  storage.RaftStorage (RaftStorage.java:format(84)) - Storage directory /workdir/hadoop-ozone/integration-test/target/test-dir/MiniOzoneClusterImpl-6b3e2517-75a7-4dd9-8054-0b12e404e591/datanode-4/data/ratis/972d15c4-30ec-4154-9c81-21f3445b4761 has been successfully formatted.
2019-11-14 15:08:09,742 [pool-189-thread-1] INFO  ratis.ContainerStateMachine (ContainerStateMachine.java:loadSnapshot(223)) - group-21F3445B4761: The snapshot info is null. Setting the last applied indexto:(t:0, i:~)
2019-11-14 15:08:09,743 [pool-189-thread-1] INFO  server.RaftServerConfigKeys (ConfUtils.java:logGet(43)) - raft.server.notification.no-leader.timeout = 120s (custom)
2019-11-14 15:08:09,743 [pool-189-thread-1] INFO  server.RaftServerConfigKeys (ConfUtils.java:logGet(43)) - raft.server.log.use.memory = false (default)
2019-11-14 15:08:09,743 [pool-189-thread-1] INFO  server.RaftServerConfigKeys (ConfUtils.java:logGet(43)) - raft.server.log.purge.gap = 1000000 (custom)
2019-11-14 15:08:09,746 [pool-189-thread-1] INFO  server.RaftServerConfigKeys (ConfUtils.java:logGet(43)) - raft.server.log.appender.buffer.byte-limit = 33554432 (custom)
2019-11-14 15:08:09,746 [pool-189-thread-1] INFO  server.RaftServerConfigKeys (ConfUtils.java:logGet(43)) - raft.server.log.segment.size.max = 1048576 (custom)
2019-11-14 15:08:09,746 [pool-189-thread-1] INFO  server.RaftServerConfigKeys (ConfUtils.java:logGet(43)) - raft.server.log.segment.cache.num.max = 2 (custom)
2019-11-14 15:08:09,747 [pool-189-thread-1] INFO  segmented.SegmentedRaftLogWorker (SegmentedRaftLogWorker.java:<init>(173)) - new 25c17e6e-60f2-43b7-8570-af6cc9981309@group-21F3445B4761-SegmentedRaftLogWorker for RaftStorage:Storage Directory /workdir/hadoop-ozone/integration-test/target/test-dir/MiniOzoneClusterImpl-6b3e2517-75a7-4dd9-8054-0b12e404e591/datanode-4/data/ratis/972d15c4-30ec-4154-9c81-21f3445b4761
2019-11-14 15:08:09,747 [pool-189-thread-1] INFO  server.RaftServerConfigKeys (ConfUtils.java:logGet(43)) - raft.server.log.queue.byte-limit = 2147483647 (custom)
2019-11-14 15:08:09,747 [pool-189-thread-1] INFO  server.RaftServerConfigKeys (ConfUtils.java:logGet(43)) - raft.server.log.queue.element-limit = 1024 (custom)
2019-11-14 15:08:09,747 [pool-189-thread-1] INFO  server.RaftServerConfigKeys (ConfUtils.java:logGet(43)) - raft.server.log.segment.size.max = 1048576 (custom)
2019-11-14 15:08:09,747 [pool-189-thread-1] INFO  server.RaftServerConfigKeys (ConfUtils.java:logGet(43)) - raft.server.log.preallocated.size = 16384 (custom)
2019-11-14 15:08:09,747 [pool-189-thread-1] INFO  server.RaftServerConfigKeys (ConfUtils.java:logGet(43)) - raft.server.log.write.buffer.size = 33554432 (custom)
2019-11-14 15:08:09,748 [pool-189-thread-1] INFO  server.RaftServerConfigKeys (ConfUtils.java:logGet(43)) - raft.server.log.force.sync.num = 128 (default)
2019-11-14 15:08:09,748 [pool-189-thread-1] INFO  server.RaftServerConfigKeys (ConfUtils.java:logGet(43)) - raft.server.log.statemachine.data.sync = true (default)
2019-11-14 15:08:09,748 [pool-189-thread-1] INFO  server.RaftServerConfigKeys (ConfUtils.java:logGet(43)) - raft.server.log.statemachine.data.sync.timeout = 10s (default)
2019-11-14 15:08:09,748 [pool-189-thread-1] INFO  server.RaftServerConfigKeys (ConfUtils.java:logGet(43)) - raft.server.log.statemachine.data.sync.timeout.retry = -1 (default)
2019-11-14 15:08:09,748 [pool-189-thread-1] INFO  server.RaftServerConfigKeys (ConfUtils.java:logGet(43)) - raft.server.log.statemachine.data.caching.enabled = true (custom)
2019-11-14 15:08:09,749 [pool-189-thread-1] INFO  segmented.SegmentedRaftLogWorker (SegmentedRaftLogWorker.java:lambda$new$0(128)) - 25c17e6e-60f2-43b7-8570-af6cc9981309@group-21F3445B4761-SegmentedRaftLogWorker: flushIndex: setUnconditionally 0 -> -1
2019-11-14 15:08:09,749 [pool-189-thread-1] INFO  server.RaftServerConfigKeys (ConfUtils.java:logGet(43)) - raft.server.snapshot.auto.trigger.enabled = true (custom)
2019-11-14 15:08:09,749 [pool-189-thread-1] INFO  server.RaftServerConfigKeys (ConfUtils.java:logGet(43)) - raft.server.snapshot.auto.trigger.threshold = 10000 (custom)
2019-11-14 15:08:09,749 [pool-189-thread-1] INFO  server.RaftServerConfigKeys (ConfUtils.java:logGet(43)) - raft.server.snapshot.retention.file.num = 5 (custom)
2019-11-14 15:08:09,749 [pool-189-thread-1] INFO  server.RaftServerConfigKeys (ConfUtils.java:logGet(43)) - raft.server.retrycache.expirytime = 600000ms (custom)
2019-11-14 15:08:09,750 [pool-189-thread-1] WARN  impl.MetricRegistriesImpl (MetricRegistriesImpl.java:lambda$create$1(61)) - First MetricRegistry has been created without registering reporters. You may need to call MetricRegistries.global().addReportRegistration(...) before.
2019-11-14 15:08:09,750 [pool-189-thread-1] WARN  impl.MetricRegistriesImpl (MetricRegistriesImpl.java:lambda$create$1(61)) - First MetricRegistry has been created without registering reporters. You may need to call MetricRegistries.global().addReportRegistration(...) before.
2019-11-14 15:08:09,750 [pool-189-thread-1] INFO  impl.RaftServerImpl (RaftServerImpl.java:start(184)) - 25c17e6e-60f2-43b7-8570-af6cc9981309@group-21F3445B4761: start as a follower, conf=-1: [25c17e6e-60f2-43b7-8570-af6cc9981309:192.168.34.62:41260], old=null
2019-11-14 15:08:09,750 [pool-189-thread-1] INFO  impl.RaftServerImpl (RaftServerImpl.java:setRole(173)) - 25c17e6e-60f2-43b7-8570-af6cc9981309@group-21F3445B4761: changes role from      null to FOLLOWER at term 0 for startAsFollower
2019-11-14 15:08:09,750 [pool-189-thread-1] INFO  impl.RoleInfo (RoleInfo.java:updateAndGet(143)) - 25c17e6e-60f2-43b7-8570-af6cc9981309: start FollowerState
2019-11-14 15:08:09,761 [pool-189-thread-1] INFO  util.JmxRegister (JmxRegister.java:tryRegister(44)) - Successfully registered JMX Bean with object name Ratis:service=RaftServer,group=group-21F3445B4761,id=25c17e6e-60f2-43b7-8570-af6cc9981309
2019-11-14 15:08:09,761 [pool-189-thread-1] WARN  impl.MetricRegistriesImpl (MetricRegistriesImpl.java:lambda$create$1(61)) - First MetricRegistry has been created without registering reporters. You may need to call MetricRegistries.global().addReportRegistration(...) before.
2019-11-14 15:08:09,770 [RatisPipelineUtilsThread] INFO  pipeline.PipelineStateManager (PipelineStateManager.java:addPipeline(55)) - Created pipeline Pipeline[ Id: 972d15c4-30ec-4154-9c81-21f3445b4761, Nodes: 25c17e6e-60f2-43b7-8570-af6cc9981309{ip: 192.168.34.62, host: pr-hdds-2480-6qkg9-608321763, networkLocation: /rack1, certSerialId: null}, Type:RATIS, Factor:ONE, State:ALLOCATED]
2019-11-14 15:08:09,771 [Thread-1271] INFO  pipeline.PipelineStateManager (PipelineStateManager.java:finalizePipeline(121)) - Pipeline Pipeline[ Id: 1e1ba27d-94c8-43ad-a7df-d037e40e1e66, Nodes: 09f4ece9-71c1-4a5b-9b91-b2a8aadac043{ip: 192.168.34.62, host: pr-hdds-2480-6qkg9-608321763, networkLocation: /rack1, certSerialId: null}, Type:RATIS, Factor:ONE, State:CLOSED] moved to CLOSED state
2019-11-14 15:08:09,775 [grpc-default-executor-0] INFO  impl.RaftServerProxy (RaftServerProxy.java:remove(95)) - 09f4ece9-71c1-4a5b-9b91-b2a8aadac043: remove    LEADER 09f4ece9-71c1-4a5b-9b91-b2a8aadac043@group-D037E40E1E66:t1, leader=09f4ece9-71c1-4a5b-9b91-b2a8aadac043, voted=09f4ece9-71c1-4a5b-9b91-b2a8aadac043, raftlog=09f4ece9-71c1-4a5b-9b91-b2a8aadac043@group-D037E40E1E66-SegmentedRaftLog:OPENED:c0,f0,i0, conf=0: [09f4ece9-71c1-4a5b-9b91-b2a8aadac043:192.168.34.62:45559], old=null RUNNING
2019-11-14 15:08:09,775 [grpc-default-executor-0] INFO  impl.RaftServerImpl (RaftServerImpl.java:lambda$shutdown$3(250)) - 09f4ece9-71c1-4a5b-9b91-b2a8aadac043@group-D037E40E1E66: shutdown
2019-11-14 15:08:09,775 [grpc-default-executor-0] INFO  util.JmxRegister (JmxRegister.java:unregister(73)) - Successfully un-registered JMX Bean with object name Ratis:service=RaftServer,group=group-D037E40E1E66,id=09f4ece9-71c1-4a5b-9b91-b2a8aadac043
2019-11-14 15:08:09,775 [grpc-default-executor-0] INFO  impl.RoleInfo (RoleInfo.java:shutdownLeaderState(104)) - 09f4ece9-71c1-4a5b-9b91-b2a8aadac043: shutdown LeaderState
2019-11-14 15:08:09,776 [grpc-default-executor-0] INFO  impl.PendingRequests (PendingRequests.java:sendNotLeaderResponses(206)) - 09f4ece9-71c1-4a5b-9b91-b2a8aadac043@group-D037E40E1E66-PendingRequests: sendNotLeaderResponses
2019-11-14 15:08:09,776 [grpc-default-executor-0] INFO  impl.StateMachineUpdater (StateMachineUpdater.java:stopAndJoin(136)) - 09f4ece9-71c1-4a5b-9b91-b2a8aadac043@group-D037E40E1E66-StateMachineUpdater: set stopIndex = 0
2019-11-14 15:08:09,776 [grpc-default-executor-0] INFO  impl.RaftServerImpl (ServerState.java:close(387)) - 09f4ece9-71c1-4a5b-9b91-b2a8aadac043@group-D037E40E1E66: closes. applyIndex: 0
2019-11-14 15:08:09,776 [09f4ece9-71c1-4a5b-9b91-b2a8aadac043@group-D037E40E1E66-SegmentedRaftLogWorker] INFO  segmented.SegmentedRaftLogWorker (SegmentedRaftLogWorker.java:run(316)) - 09f4ece9-71c1-4a5b-9b91-b2a8aadac043@group-D037E40E1E66-SegmentedRaftLogWorker was interrupted, exiting. There are 0 tasks remaining in the queue.
2019-11-14 15:08:09,782 [grpc-default-executor-0] INFO  segmented.SegmentedRaftLogWorker (SegmentedRaftLogWorker.java:close(224)) - 09f4ece9-71c1-4a5b-9b91-b2a8aadac043@group-D037E40E1E66-SegmentedRaftLogWorker close()
2019-11-14 15:08:09,793 [Thread-1271] INFO  pipeline.PipelineStateManager (PipelineStateManager.java:removePipeline(106)) - Pipeline Pipeline[ Id: 1e1ba27d-94c8-43ad-a7df-d037e40e1e66, Nodes: 09f4ece9-71c1-4a5b-9b91-b2a8aadac043{ip: 192.168.34.62, host: pr-hdds-2480-6qkg9-608321763, networkLocation: /rack1, certSerialId: null}, Type:RATIS, Factor:ONE, State:CLOSED] removed from db
2019-11-14 15:08:09,793 [Thread-1271] INFO  pipeline.SCMPipelineManager (SCMPipelineManager.java:finalizeAndDestroyPipeline(315)) - destroying pipeline:Pipeline[ Id: 67cb3793-8f69-4b46-9419-69efdd73c694, Nodes: 19d9f0ed-7324-40ce-9ded-4f2ae42bdb1f{ip: 192.168.34.62, host: pr-hdds-2480-6qkg9-608321763, networkLocation: /rack1, certSerialId: null}, Type:RATIS, Factor:ONE, State:OPEN]
2019-11-14 15:08:09,797 [grpc-default-executor-0] INFO  impl.RaftServerProxy (RaftServerProxy.java:addNew(89)) - 09f4ece9-71c1-4a5b-9b91-b2a8aadac043: addNew group-4CFD150B493F:[09f4ece9-71c1-4a5b-9b91-b2a8aadac043:192.168.34.62:45559] returns group-4CFD150B493F:java.util.concurrent.CompletableFuture@1e3b62a5[Not completed]
2019-11-14 15:08:09,798 [pool-149-thread-1] INFO  impl.RaftServerImpl (RaftServerImpl.java:<init>(98)) - 09f4ece9-71c1-4a5b-9b91-b2a8aadac043: new RaftServerImpl for group-4CFD150B493F:[09f4ece9-71c1-4a5b-9b91-b2a8aadac043:192.168.34.62:45559] with ContainerStateMachine:uninitialized
2019-11-14 15:08:09,798 [pool-149-thread-1] INFO  server.RaftServerConfigKeys (ConfUtils.java:logGet(43)) - raft.server.rpc.timeout.min = 1s (custom)
2019-11-14 15:08:09,798 [pool-149-thread-1] INFO  server.RaftServerConfigKeys (ConfUtils.java:logGet(43)) - raft.server.rpc.timeout.max = 1200ms (custom)
2019-11-14 15:08:09,798 [pool-149-thread-1] INFO  server.RaftServerConfigKeys (ConfUtils.java:logGet(43)) - raft.server.rpcslowness.timeout = 120s (custom)
2019-11-14 15:08:09,798 [pool-149-thread-1] INFO  server.RaftServerConfigKeys (ConfUtils.java:logGet(43)) - raft.server.sleep.deviation.threshold = 300 (default)
2019-11-14 15:08:09,798 [pool-149-thread-1] INFO  server.RaftServerConfigKeys (ConfUtils.java:logGet(43)) - raft.server.log.appender.install.snapshot.enabled = false (custom)
2019-11-14 15:08:09,799 [pool-149-thread-1] INFO  impl.RaftServerImpl (ServerState.java:<init>(103)) - 09f4ece9-71c1-4a5b-9b91-b2a8aadac043@group-4CFD150B493F: ConfigurationManager, init=-1: [09f4ece9-71c1-4a5b-9b91-b2a8aadac043:192.168.34.62:45559], old=null, confs=<EMPTY_MAP>
2019-11-14 15:08:09,799 [pool-149-thread-1] INFO  server.RaftServerConfigKeys (ConfUtils.java:logGet(43)) - raft.server.storage.dir = [/workdir/hadoop-ozone/integration-test/target/test-dir/MiniOzoneClusterImpl-6b3e2517-75a7-4dd9-8054-0b12e404e591/datanode-0/data/ratis] (custom)
2019-11-14 15:08:09,799 [pool-149-thread-1] INFO  server.RaftServerConfigKeys (ConfUtils.java:logGet(43)) - raft.server.log.corruption.policy = EXCEPTION (default)
2019-11-14 15:08:09,799 [pool-149-thread-1] INFO  storage.RaftStorageDirectory (RaftStorageDirectory.java:analyzeStorage(246)) - The storage directory /workdir/hadoop-ozone/integration-test/target/test-dir/MiniOzoneClusterImpl-6b3e2517-75a7-4dd9-8054-0b12e404e591/datanode-0/data/ratis/d810633e-3db5-435b-b1bc-4cfd150b493f does not exist. Creating ...
2019-11-14 15:08:09,810 [pool-149-thread-1] INFO  storage.RaftStorageDirectory (RaftStorageDirectory.java:tryLock(328)) - Lock on /workdir/hadoop-ozone/integration-test/target/test-dir/MiniOzoneClusterImpl-6b3e2517-75a7-4dd9-8054-0b12e404e591/datanode-0/data/ratis/d810633e-3db5-435b-b1bc-4cfd150b493f/in_use.lock acquired by nodename 23875@pr-hdds-2480-6qkg9-608321763
2019-11-14 15:08:09,814 [pool-149-thread-1] INFO  storage.RaftStorage (RaftStorage.java:format(84)) - Storage directory /workdir/hadoop-ozone/integration-test/target/test-dir/MiniOzoneClusterImpl-6b3e2517-75a7-4dd9-8054-0b12e404e591/datanode-0/data/ratis/d810633e-3db5-435b-b1bc-4cfd150b493f has been successfully formatted.
2019-11-14 15:08:09,814 [pool-149-thread-1] INFO  ratis.ContainerStateMachine (ContainerStateMachine.java:loadSnapshot(223)) - group-4CFD150B493F: The snapshot info is null. Setting the last applied indexto:(t:0, i:~)
2019-11-14 15:08:09,814 [pool-149-thread-1] INFO  server.RaftServerConfigKeys (ConfUtils.java:logGet(43)) - raft.server.notification.no-leader.timeout = 120s (custom)
2019-11-14 15:08:09,814 [pool-149-thread-1] INFO  server.RaftServerConfigKeys (ConfUtils.java:logGet(43)) - raft.server.log.use.memory = false (default)
2019-11-14 15:08:09,814 [pool-149-thread-1] INFO  server.RaftServerConfigKeys (ConfUtils.java:logGet(43)) - raft.server.log.purge.gap = 1000000 (custom)
2019-11-14 15:08:09,814 [pool-149-thread-1] INFO  server.RaftServerConfigKeys (ConfUtils.java:logGet(43)) - raft.server.log.appender.buffer.byte-limit = 33554432 (custom)
2019-11-14 15:08:09,814 [pool-149-thread-1] INFO  server.RaftServerConfigKeys (ConfUtils.java:logGet(43)) - raft.server.log.segment.size.max = 1048576 (custom)
2019-11-14 15:08:09,815 [pool-149-thread-1] INFO  server.RaftServerConfigKeys (ConfUtils.java:logGet(43)) - raft.server.log.segment.cache.num.max = 2 (custom)
2019-11-14 15:08:09,815 [pool-149-thread-1] INFO  segmented.SegmentedRaftLogWorker (SegmentedRaftLogWorker.java:<init>(173)) - new 09f4ece9-71c1-4a5b-9b91-b2a8aadac043@group-4CFD150B493F-SegmentedRaftLogWorker for RaftStorage:Storage Directory /workdir/hadoop-ozone/integration-test/target/test-dir/MiniOzoneClusterImpl-6b3e2517-75a7-4dd9-8054-0b12e404e591/datanode-0/data/ratis/d810633e-3db5-435b-b1bc-4cfd150b493f
2019-11-14 15:08:09,815 [pool-149-thread-1] INFO  server.RaftServerConfigKeys (ConfUtils.java:logGet(43)) - raft.server.log.queue.byte-limit = 2147483647 (custom)
2019-11-14 15:08:09,815 [pool-149-thread-1] INFO  server.RaftServerConfigKeys (ConfUtils.java:logGet(43)) - raft.server.log.queue.element-limit = 1024 (custom)
2019-11-14 15:08:09,815 [pool-149-thread-1] INFO  server.RaftServerConfigKeys (ConfUtils.java:logGet(43)) - raft.server.log.segment.size.max = 1048576 (custom)
2019-11-14 15:08:09,815 [pool-149-thread-1] INFO  server.RaftServerConfigKeys (ConfUtils.java:logGet(43)) - raft.server.log.preallocated.size = 16384 (custom)
2019-11-14 15:08:09,815 [pool-149-thread-1] INFO  server.RaftServerConfigKeys (ConfUtils.java:logGet(43)) - raft.server.log.write.buffer.size = 33554432 (custom)
2019-11-14 15:08:09,815 [pool-149-thread-1] INFO  server.RaftServerConfigKeys (ConfUtils.java:logGet(43)) - raft.server.log.force.sync.num = 128 (default)
2019-11-14 15:08:09,815 [pool-149-thread-1] INFO  server.RaftServerConfigKeys (ConfUtils.java:logGet(43)) - raft.server.log.statemachine.data.sync = true (default)
2019-11-14 15:08:09,815 [pool-149-thread-1] INFO  server.RaftServerConfigKeys (ConfUtils.java:logGet(43)) - raft.server.log.statemachine.data.sync.timeout = 10s (default)
2019-11-14 15:08:09,815 [pool-149-thread-1] INFO  server.RaftServerConfigKeys (ConfUtils.java:logGet(43)) - raft.server.log.statemachine.data.sync.timeout.retry = -1 (default)
2019-11-14 15:08:09,815 [pool-149-thread-1] INFO  server.RaftServerConfigKeys (ConfUtils.java:logGet(43)) - raft.server.log.statemachine.data.caching.enabled = true (custom)
2019-11-14 15:08:09,826 [pool-149-thread-1] INFO  segmented.SegmentedRaftLogWorker (SegmentedRaftLogWorker.java:lambda$new$0(128)) - 09f4ece9-71c1-4a5b-9b91-b2a8aadac043@group-4CFD150B493F-SegmentedRaftLogWorker: flushIndex: setUnconditionally 0 -> -1
2019-11-14 15:08:09,826 [pool-149-thread-1] INFO  server.RaftServerConfigKeys (ConfUtils.java:logGet(43)) - raft.server.snapshot.auto.trigger.enabled = true (custom)
2019-11-14 15:08:09,826 [pool-149-thread-1] INFO  server.RaftServerConfigKeys (ConfUtils.java:logGet(43)) - raft.server.snapshot.auto.trigger.threshold = 10000 (custom)
2019-11-14 15:08:09,826 [pool-149-thread-1] INFO  server.RaftServerConfigKeys (ConfUtils.java:logGet(43)) - raft.server.snapshot.retention.file.num = 5 (custom)
2019-11-14 15:08:09,827 [pool-149-thread-1] INFO  server.RaftServerConfigKeys (ConfUtils.java:logGet(43)) - raft.server.retrycache.expirytime = 600000ms (custom)
2019-11-14 15:08:09,827 [pool-149-thread-1] WARN  impl.MetricRegistriesImpl (MetricRegistriesImpl.java:lambda$create$1(61)) - First MetricRegistry has been created without registering reporters. You may need to call MetricRegistries.global().addReportRegistration(...) before.
2019-11-14 15:08:09,827 [pool-149-thread-1] WARN  impl.MetricRegistriesImpl (MetricRegistriesImpl.java:lambda$create$1(61)) - First MetricRegistry has been created without registering reporters. You may need to call MetricRegistries.global().addReportRegistration(...) before.
2019-11-14 15:08:09,827 [pool-149-thread-1] INFO  impl.RaftServerImpl (RaftServerImpl.java:start(184)) - 09f4ece9-71c1-4a5b-9b91-b2a8aadac043@group-4CFD150B493F: start as a follower, conf=-1: [09f4ece9-71c1-4a5b-9b91-b2a8aadac043:192.168.34.62:45559], old=null
2019-11-14 15:08:09,827 [pool-149-thread-1] INFO  impl.RaftServerImpl (RaftServerImpl.java:setRole(173)) - 09f4ece9-71c1-4a5b-9b91-b2a8aadac043@group-4CFD150B493F: changes role from      null to FOLLOWER at term 0 for startAsFollower
2019-11-14 15:08:09,827 [pool-149-thread-1] INFO  impl.RoleInfo (RoleInfo.java:updateAndGet(143)) - 09f4ece9-71c1-4a5b-9b91-b2a8aadac043: start FollowerState
2019-11-14 15:08:09,828 [pool-149-thread-1] INFO  util.JmxRegister (JmxRegister.java:tryRegister(44)) - Successfully registered JMX Bean with object name Ratis:service=RaftServer,group=group-4CFD150B493F,id=09f4ece9-71c1-4a5b-9b91-b2a8aadac043
2019-11-14 15:08:09,828 [pool-149-thread-1] WARN  impl.MetricRegistriesImpl (MetricRegistriesImpl.java:lambda$create$1(61)) - First MetricRegistry has been created without registering reporters. You may need to call MetricRegistries.global().addReportRegistration(...) before.
2019-11-14 15:08:09,830 [RatisPipelineUtilsThread] INFO  pipeline.PipelineStateManager (PipelineStateManager.java:addPipeline(55)) - Created pipeline Pipeline[ Id: d810633e-3db5-435b-b1bc-4cfd150b493f, Nodes: 09f4ece9-71c1-4a5b-9b91-b2a8aadac043{ip: 192.168.34.62, host: pr-hdds-2480-6qkg9-608321763, networkLocation: /rack1, certSerialId: null}, Type:RATIS, Factor:ONE, State:ALLOCATED]
2019-11-14 15:08:09,834 [Thread-1271] INFO  pipeline.PipelineStateManager (PipelineStateManager.java:finalizePipeline(121)) - Pipeline Pipeline[ Id: 67cb3793-8f69-4b46-9419-69efdd73c694, Nodes: 19d9f0ed-7324-40ce-9ded-4f2ae42bdb1f{ip: 192.168.34.62, host: pr-hdds-2480-6qkg9-608321763, networkLocation: /rack1, certSerialId: null}, Type:RATIS, Factor:ONE, State:CLOSED] moved to CLOSED state
2019-11-14 15:08:09,836 [EventQueue-CloseContainerForCloseContainerEventHandler] INFO  container.CloseContainerEventHandler (CloseContainerEventHandler.java:onMessage(61)) - Close container Event triggered for container : #1
2019-11-14 15:08:09,838 [grpc-default-executor-0] INFO  impl.RaftServerProxy (RaftServerProxy.java:remove(95)) - 19d9f0ed-7324-40ce-9ded-4f2ae42bdb1f: remove    LEADER 19d9f0ed-7324-40ce-9ded-4f2ae42bdb1f@group-69EFDD73C694:t1, leader=19d9f0ed-7324-40ce-9ded-4f2ae42bdb1f, voted=19d9f0ed-7324-40ce-9ded-4f2ae42bdb1f, raftlog=19d9f0ed-7324-40ce-9ded-4f2ae42bdb1f@group-69EFDD73C694-SegmentedRaftLog:OPENED:c0,f0,i0, conf=0: [19d9f0ed-7324-40ce-9ded-4f2ae42bdb1f:192.168.34.62:46177], old=null RUNNING
2019-11-14 15:08:09,838 [grpc-default-executor-0] INFO  impl.RaftServerImpl (RaftServerImpl.java:lambda$shutdown$3(250)) - 19d9f0ed-7324-40ce-9ded-4f2ae42bdb1f@group-69EFDD73C694: shutdown
2019-11-14 15:08:09,839 [grpc-default-executor-0] INFO  util.JmxRegister (JmxRegister.java:unregister(73)) - Successfully un-registered JMX Bean with object name Ratis:service=RaftServer,group=group-69EFDD73C694,id=19d9f0ed-7324-40ce-9ded-4f2ae42bdb1f
2019-11-14 15:08:09,839 [grpc-default-executor-0] INFO  impl.RoleInfo (RoleInfo.java:shutdownLeaderState(104)) - 19d9f0ed-7324-40ce-9ded-4f2ae42bdb1f: shutdown LeaderState
2019-11-14 15:08:09,839 [grpc-default-executor-0] INFO  impl.PendingRequests (PendingRequests.java:sendNotLeaderResponses(206)) - 19d9f0ed-7324-40ce-9ded-4f2ae42bdb1f@group-69EFDD73C694-PendingRequests: sendNotLeaderResponses
2019-11-14 15:08:09,839 [grpc-default-executor-0] INFO  impl.StateMachineUpdater (StateMachineUpdater.java:stopAndJoin(136)) - 19d9f0ed-7324-40ce-9ded-4f2ae42bdb1f@group-69EFDD73C694-StateMachineUpdater: set stopIndex = 0
2019-11-14 15:08:09,839 [EventQueue-CloseContainerForCloseContainerEventHandler] INFO  container.CloseContainerEventHandler (CloseContainerEventHandler.java:onMessage(61)) - Close container Event triggered for container : #1
2019-11-14 15:08:09,839 [grpc-default-executor-0] INFO  impl.RaftServerImpl (ServerState.java:close(387)) - 19d9f0ed-7324-40ce-9ded-4f2ae42bdb1f@group-69EFDD73C694: closes. applyIndex: 0
2019-11-14 15:08:09,840 [EventQueue-CloseContainerForCloseContainerEventHandler] INFO  container.CloseContainerEventHandler (CloseContainerEventHandler.java:onMessage(61)) - Close container Event triggered for container : #1
2019-11-14 15:08:09,840 [19d9f0ed-7324-40ce-9ded-4f2ae42bdb1f@group-69EFDD73C694-SegmentedRaftLogWorker] INFO  segmented.SegmentedRaftLogWorker (SegmentedRaftLogWorker.java:run(316)) - 19d9f0ed-7324-40ce-9ded-4f2ae42bdb1f@group-69EFDD73C694-SegmentedRaftLogWorker was interrupted, exiting. There are 0 tasks remaining in the queue.
2019-11-14 15:08:09,840 [grpc-default-executor-0] INFO  segmented.SegmentedRaftLogWorker (SegmentedRaftLogWorker.java:close(224)) - 19d9f0ed-7324-40ce-9ded-4f2ae42bdb1f@group-69EFDD73C694-SegmentedRaftLogWorker close()
2019-11-14 15:08:09,845 [Thread-1271] INFO  pipeline.PipelineStateManager (PipelineStateManager.java:removePipeline(106)) - Pipeline Pipeline[ Id: 67cb3793-8f69-4b46-9419-69efdd73c694, Nodes: 19d9f0ed-7324-40ce-9ded-4f2ae42bdb1f{ip: 192.168.34.62, host: pr-hdds-2480-6qkg9-608321763, networkLocation: /rack1, certSerialId: null}, Type:RATIS, Factor:ONE, State:CLOSED] removed from db
2019-11-14 15:08:09,845 [Thread-1271] INFO  pipeline.SCMPipelineManager (SCMPipelineManager.java:finalizeAndDestroyPipeline(315)) - destroying pipeline:Pipeline[ Id: e11161de-0673-4c55-9f8c-c6cc9600584e, Nodes: 59f802cb-c907-44a0-9069-e10bb38eff5d{ip: 192.168.34.62, host: pr-hdds-2480-6qkg9-608321763, networkLocation: /rack1, certSerialId: null}, Type:RATIS, Factor:ONE, State:OPEN]
2019-11-14 15:08:09,857 [grpc-default-executor-0] INFO  impl.RaftServerProxy (RaftServerProxy.java:addNew(89)) - 19d9f0ed-7324-40ce-9ded-4f2ae42bdb1f: addNew group-513E606754AA:[19d9f0ed-7324-40ce-9ded-4f2ae42bdb1f:192.168.34.62:46177] returns group-513E606754AA:java.util.concurrent.CompletableFuture@3d9dc819[Not completed]
2019-11-14 15:08:09,860 [pool-199-thread-1] INFO  impl.RaftServerImpl (RaftServerImpl.java:<init>(98)) - 19d9f0ed-7324-40ce-9ded-4f2ae42bdb1f: new RaftServerImpl for group-513E606754AA:[19d9f0ed-7324-40ce-9ded-4f2ae42bdb1f:192.168.34.62:46177] with ContainerStateMachine:uninitialized
2019-11-14 15:08:09,860 [pool-199-thread-1] INFO  server.RaftServerConfigKeys (ConfUtils.java:logGet(43)) - raft.server.rpc.timeout.min = 1s (custom)
2019-11-14 15:08:09,860 [pool-199-thread-1] INFO  server.RaftServerConfigKeys (ConfUtils.java:logGet(43)) - raft.server.rpc.timeout.max = 1200ms (custom)
2019-11-14 15:08:09,860 [pool-199-thread-1] INFO  server.RaftServerConfigKeys (ConfUtils.java:logGet(43)) - raft.server.rpcslowness.timeout = 120s (custom)
2019-11-14 15:08:09,860 [pool-199-thread-1] INFO  server.RaftServerConfigKeys (ConfUtils.java:logGet(43)) - raft.server.sleep.deviation.threshold = 300 (default)
2019-11-14 15:08:09,860 [pool-199-thread-1] INFO  server.RaftServerConfigKeys (ConfUtils.java:logGet(43)) - raft.server.log.appender.install.snapshot.enabled = false (custom)
2019-11-14 15:08:09,861 [pool-199-thread-1] INFO  impl.RaftServerImpl (ServerState.java:<init>(103)) - 19d9f0ed-7324-40ce-9ded-4f2ae42bdb1f@group-513E606754AA: ConfigurationManager, init=-1: [19d9f0ed-7324-40ce-9ded-4f2ae42bdb1f:192.168.34.62:46177], old=null, confs=<EMPTY_MAP>
2019-11-14 15:08:09,861 [pool-199-thread-1] INFO  server.RaftServerConfigKeys (ConfUtils.java:logGet(43)) - raft.server.storage.dir = [/workdir/hadoop-ozone/integration-test/target/test-dir/MiniOzoneClusterImpl-6b3e2517-75a7-4dd9-8054-0b12e404e591/datanode-5/data/ratis] (custom)
2019-11-14 15:08:09,861 [pool-199-thread-1] INFO  server.RaftServerConfigKeys (ConfUtils.java:logGet(43)) - raft.server.log.corruption.policy = EXCEPTION (default)
2019-11-14 15:08:09,861 [pool-199-thread-1] INFO  storage.RaftStorageDirectory (RaftStorageDirectory.java:analyzeStorage(246)) - The storage directory /workdir/hadoop-ozone/integration-test/target/test-dir/MiniOzoneClusterImpl-6b3e2517-75a7-4dd9-8054-0b12e404e591/datanode-5/data/ratis/4fef3607-1bda-4d4a-87cd-513e606754aa does not exist. Creating ...
2019-11-14 15:08:09,876 [pool-199-thread-1] INFO  storage.RaftStorageDirectory (RaftStorageDirectory.java:tryLock(328)) - Lock on /workdir/hadoop-ozone/integration-test/target/test-dir/MiniOzoneClusterImpl-6b3e2517-75a7-4dd9-8054-0b12e404e591/datanode-5/data/ratis/4fef3607-1bda-4d4a-87cd-513e606754aa/in_use.lock acquired by nodename 23875@pr-hdds-2480-6qkg9-608321763
2019-11-14 15:08:09,879 [pool-199-thread-1] INFO  storage.RaftStorage (RaftStorage.java:format(84)) - Storage directory /workdir/hadoop-ozone/integration-test/target/test-dir/MiniOzoneClusterImpl-6b3e2517-75a7-4dd9-8054-0b12e404e591/datanode-5/data/ratis/4fef3607-1bda-4d4a-87cd-513e606754aa has been successfully formatted.
2019-11-14 15:08:09,880 [pool-199-thread-1] INFO  ratis.ContainerStateMachine (ContainerStateMachine.java:loadSnapshot(223)) - group-513E606754AA: The snapshot info is null. Setting the last applied indexto:(t:0, i:~)
2019-11-14 15:08:09,880 [pool-199-thread-1] INFO  server.RaftServerConfigKeys (ConfUtils.java:logGet(43)) - raft.server.notification.no-leader.timeout = 120s (custom)
2019-11-14 15:08:09,880 [pool-199-thread-1] INFO  server.RaftServerConfigKeys (ConfUtils.java:logGet(43)) - raft.server.log.use.memory = false (default)
2019-11-14 15:08:09,880 [pool-199-thread-1] INFO  server.RaftServerConfigKeys (ConfUtils.java:logGet(43)) - raft.server.log.purge.gap = 1000000 (custom)
2019-11-14 15:08:09,880 [pool-199-thread-1] INFO  server.RaftServerConfigKeys (ConfUtils.java:logGet(43)) - raft.server.log.appender.buffer.byte-limit = 33554432 (custom)
2019-11-14 15:08:09,881 [pool-199-thread-1] INFO  server.RaftServerConfigKeys (ConfUtils.java:logGet(43)) - raft.server.log.segment.size.max = 1048576 (custom)
2019-11-14 15:08:09,881 [pool-199-thread-1] INFO  server.RaftServerConfigKeys (ConfUtils.java:logGet(43)) - raft.server.log.segment.cache.num.max = 2 (custom)
2019-11-14 15:08:09,881 [pool-199-thread-1] INFO  segmented.SegmentedRaftLogWorker (SegmentedRaftLogWorker.java:<init>(173)) - new 19d9f0ed-7324-40ce-9ded-4f2ae42bdb1f@group-513E606754AA-SegmentedRaftLogWorker for RaftStorage:Storage Directory /workdir/hadoop-ozone/integration-test/target/test-dir/MiniOzoneClusterImpl-6b3e2517-75a7-4dd9-8054-0b12e404e591/datanode-5/data/ratis/4fef3607-1bda-4d4a-87cd-513e606754aa
2019-11-14 15:08:09,881 [pool-199-thread-1] INFO  server.RaftServerConfigKeys (ConfUtils.java:logGet(43)) - raft.server.log.queue.byte-limit = 2147483647 (custom)
2019-11-14 15:08:09,881 [pool-199-thread-1] INFO  server.RaftServerConfigKeys (ConfUtils.java:logGet(43)) - raft.server.log.queue.element-limit = 1024 (custom)
2019-11-14 15:08:09,881 [pool-199-thread-1] INFO  server.RaftServerConfigKeys (ConfUtils.java:logGet(43)) - raft.server.log.segment.size.max = 1048576 (custom)
2019-11-14 15:08:09,881 [pool-199-thread-1] INFO  server.RaftServerConfigKeys (ConfUtils.java:logGet(43)) - raft.server.log.preallocated.size = 16384 (custom)
2019-11-14 15:08:09,882 [pool-199-thread-1] INFO  server.RaftServerConfigKeys (ConfUtils.java:logGet(43)) - raft.server.log.write.buffer.size = 33554432 (custom)
2019-11-14 15:08:09,882 [pool-199-thread-1] INFO  server.RaftServerConfigKeys (ConfUtils.java:logGet(43)) - raft.server.log.force.sync.num = 128 (default)
2019-11-14 15:08:09,882 [pool-199-thread-1] INFO  server.RaftServerConfigKeys (ConfUtils.java:logGet(43)) - raft.server.log.statemachine.data.sync = true (default)
2019-11-14 15:08:09,882 [pool-199-thread-1] INFO  server.RaftServerConfigKeys (ConfUtils.java:logGet(43)) - raft.server.log.statemachine.data.sync.timeout = 10s (default)
2019-11-14 15:08:09,882 [pool-199-thread-1] INFO  server.RaftServerConfigKeys (ConfUtils.java:logGet(43)) - raft.server.log.statemachine.data.sync.timeout.retry = -1 (default)
2019-11-14 15:08:09,882 [pool-199-thread-1] INFO  server.RaftServerConfigKeys (ConfUtils.java:logGet(43)) - raft.server.log.statemachine.data.caching.enabled = true (custom)
2019-11-14 15:08:09,883 [pool-199-thread-1] INFO  segmented.SegmentedRaftLogWorker (SegmentedRaftLogWorker.java:lambda$new$0(128)) - 19d9f0ed-7324-40ce-9ded-4f2ae42bdb1f@group-513E606754AA-SegmentedRaftLogWorker: flushIndex: setUnconditionally 0 -> -1
2019-11-14 15:08:09,883 [pool-199-thread-1] INFO  server.RaftServerConfigKeys (ConfUtils.java:logGet(43)) - raft.server.snapshot.auto.trigger.enabled = true (custom)
2019-11-14 15:08:09,883 [pool-199-thread-1] INFO  server.RaftServerConfigKeys (ConfUtils.java:logGet(43)) - raft.server.snapshot.auto.trigger.threshold = 10000 (custom)
2019-11-14 15:08:09,883 [pool-199-thread-1] INFO  server.RaftServerConfigKeys (ConfUtils.java:logGet(43)) - raft.server.snapshot.retention.file.num = 5 (custom)
2019-11-14 15:08:09,883 [pool-199-thread-1] INFO  server.RaftServerConfigKeys (ConfUtils.java:logGet(43)) - raft.server.retrycache.expirytime = 600000ms (custom)
2019-11-14 15:08:09,883 [pool-199-thread-1] WARN  impl.MetricRegistriesImpl (MetricRegistriesImpl.java:lambda$create$1(61)) - First MetricRegistry has been created without registering reporters. You may need to call MetricRegistries.global().addReportRegistration(...) before.
2019-11-14 15:08:09,884 [pool-199-thread-1] WARN  impl.MetricRegistriesImpl (MetricRegistriesImpl.java:lambda$create$1(61)) - First MetricRegistry has been created without registering reporters. You may need to call MetricRegistries.global().addReportRegistration(...) before.
2019-11-14 15:08:09,884 [pool-199-thread-1] INFO  impl.RaftServerImpl (RaftServerImpl.java:start(184)) - 19d9f0ed-7324-40ce-9ded-4f2ae42bdb1f@group-513E606754AA: start as a follower, conf=-1: [19d9f0ed-7324-40ce-9ded-4f2ae42bdb1f:192.168.34.62:46177], old=null
2019-11-14 15:08:09,884 [pool-199-thread-1] INFO  impl.RaftServerImpl (RaftServerImpl.java:setRole(173)) - 19d9f0ed-7324-40ce-9ded-4f2ae42bdb1f@group-513E606754AA: changes role from      null to FOLLOWER at term 0 for startAsFollower
2019-11-14 15:08:09,884 [pool-199-thread-1] INFO  impl.RoleInfo (RoleInfo.java:updateAndGet(143)) - 19d9f0ed-7324-40ce-9ded-4f2ae42bdb1f: start FollowerState
2019-11-14 15:08:09,885 [pool-199-thread-1] INFO  util.JmxRegister (JmxRegister.java:tryRegister(44)) - Successfully registered JMX Bean with object name Ratis:service=RaftServer,group=group-513E606754AA,id=19d9f0ed-7324-40ce-9ded-4f2ae42bdb1f
2019-11-14 15:08:09,885 [pool-199-thread-1] WARN  impl.MetricRegistriesImpl (MetricRegistriesImpl.java:lambda$create$1(61)) - First MetricRegistry has been created without registering reporters. You may need to call MetricRegistries.global().addReportRegistration(...) before.
2019-11-14 15:08:09,888 [RatisPipelineUtilsThread] INFO  pipeline.PipelineStateManager (PipelineStateManager.java:addPipeline(55)) - Created pipeline Pipeline[ Id: 4fef3607-1bda-4d4a-87cd-513e606754aa, Nodes: 19d9f0ed-7324-40ce-9ded-4f2ae42bdb1f{ip: 192.168.34.62, host: pr-hdds-2480-6qkg9-608321763, networkLocation: /rack1, certSerialId: null}, Type:RATIS, Factor:ONE, State:ALLOCATED]
2019-11-14 15:08:09,888 [Thread-1271] INFO  pipeline.PipelineStateManager (PipelineStateManager.java:finalizePipeline(121)) - Pipeline Pipeline[ Id: e11161de-0673-4c55-9f8c-c6cc9600584e, Nodes: 59f802cb-c907-44a0-9069-e10bb38eff5d{ip: 192.168.34.62, host: pr-hdds-2480-6qkg9-608321763, networkLocation: /rack1, certSerialId: null}, Type:RATIS, Factor:ONE, State:CLOSED] moved to CLOSED state
2019-11-14 15:08:09,892 [grpc-default-executor-0] INFO  impl.RaftServerProxy (RaftServerProxy.java:remove(95)) - 59f802cb-c907-44a0-9069-e10bb38eff5d: remove    LEADER 59f802cb-c907-44a0-9069-e10bb38eff5d@group-C6CC9600584E:t1, leader=59f802cb-c907-44a0-9069-e10bb38eff5d, voted=59f802cb-c907-44a0-9069-e10bb38eff5d, raftlog=59f802cb-c907-44a0-9069-e10bb38eff5d@group-C6CC9600584E-SegmentedRaftLog:OPENED:c0,f0,i0, conf=0: [59f802cb-c907-44a0-9069-e10bb38eff5d:192.168.34.62:41183], old=null RUNNING
2019-11-14 15:08:09,892 [grpc-default-executor-0] INFO  impl.RaftServerImpl (RaftServerImpl.java:lambda$shutdown$3(250)) - 59f802cb-c907-44a0-9069-e10bb38eff5d@group-C6CC9600584E: shutdown
2019-11-14 15:08:09,892 [grpc-default-executor-0] INFO  util.JmxRegister (JmxRegister.java:unregister(73)) - Successfully un-registered JMX Bean with object name Ratis:service=RaftServer,group=group-C6CC9600584E,id=59f802cb-c907-44a0-9069-e10bb38eff5d
2019-11-14 15:08:09,893 [grpc-default-executor-0] INFO  impl.RoleInfo (RoleInfo.java:shutdownLeaderState(104)) - 59f802cb-c907-44a0-9069-e10bb38eff5d: shutdown LeaderState
2019-11-14 15:08:09,893 [grpc-default-executor-0] INFO  impl.PendingRequests (PendingRequests.java:sendNotLeaderResponses(206)) - 59f802cb-c907-44a0-9069-e10bb38eff5d@group-C6CC9600584E-PendingRequests: sendNotLeaderResponses
2019-11-14 15:08:09,893 [grpc-default-executor-0] INFO  impl.StateMachineUpdater (StateMachineUpdater.java:stopAndJoin(136)) - 59f802cb-c907-44a0-9069-e10bb38eff5d@group-C6CC9600584E-StateMachineUpdater: set stopIndex = 0
2019-11-14 15:08:09,893 [grpc-default-executor-0] INFO  impl.RaftServerImpl (ServerState.java:close(387)) - 59f802cb-c907-44a0-9069-e10bb38eff5d@group-C6CC9600584E: closes. applyIndex: 0
2019-11-14 15:08:09,893 [59f802cb-c907-44a0-9069-e10bb38eff5d@group-C6CC9600584E-SegmentedRaftLogWorker] INFO  segmented.SegmentedRaftLogWorker (SegmentedRaftLogWorker.java:run(316)) - 59f802cb-c907-44a0-9069-e10bb38eff5d@group-C6CC9600584E-SegmentedRaftLogWorker was interrupted, exiting. There are 0 tasks remaining in the queue.
2019-11-14 15:08:09,894 [grpc-default-executor-0] INFO  segmented.SegmentedRaftLogWorker (SegmentedRaftLogWorker.java:close(224)) - 59f802cb-c907-44a0-9069-e10bb38eff5d@group-C6CC9600584E-SegmentedRaftLogWorker close()
2019-11-14 15:08:09,900 [Thread-1271] INFO  pipeline.PipelineStateManager (PipelineStateManager.java:removePipeline(106)) - Pipeline Pipeline[ Id: e11161de-0673-4c55-9f8c-c6cc9600584e, Nodes: 59f802cb-c907-44a0-9069-e10bb38eff5d{ip: 192.168.34.62, host: pr-hdds-2480-6qkg9-608321763, networkLocation: /rack1, certSerialId: null}, Type:RATIS, Factor:ONE, State:CLOSED] removed from db
2019-11-14 15:08:09,900 [Thread-1271] INFO  pipeline.SCMPipelineManager (SCMPipelineManager.java:finalizeAndDestroyPipeline(315)) - destroying pipeline:Pipeline[ Id: 81125719-861e-4a33-8cd0-eda3048234dd, Nodes: dd0e1198-6ba1-4c32-9ce2-054c25212f92{ip: 192.168.34.62, host: pr-hdds-2480-6qkg9-608321763, networkLocation: /rack1, certSerialId: null}, Type:RATIS, Factor:ONE, State:OPEN]
2019-11-14 15:08:09,904 [grpc-default-executor-0] INFO  impl.RaftServerProxy (RaftServerProxy.java:addNew(89)) - 59f802cb-c907-44a0-9069-e10bb38eff5d: addNew group-185A7D32E5E0:[59f802cb-c907-44a0-9069-e10bb38eff5d:192.168.34.62:41183] returns group-185A7D32E5E0:java.util.concurrent.CompletableFuture@65b5f4ac[Not completed]
2019-11-14 15:08:09,906 [pool-179-thread-1] INFO  impl.RaftServerImpl (RaftServerImpl.java:<init>(98)) - 59f802cb-c907-44a0-9069-e10bb38eff5d: new RaftServerImpl for group-185A7D32E5E0:[59f802cb-c907-44a0-9069-e10bb38eff5d:192.168.34.62:41183] with ContainerStateMachine:uninitialized
2019-11-14 15:08:09,906 [pool-179-thread-1] INFO  server.RaftServerConfigKeys (ConfUtils.java:logGet(43)) - raft.server.rpc.timeout.min = 1s (custom)
2019-11-14 15:08:09,906 [pool-179-thread-1] INFO  server.RaftServerConfigKeys (ConfUtils.java:logGet(43)) - raft.server.rpc.timeout.max = 1200ms (custom)
2019-11-14 15:08:09,906 [pool-179-thread-1] INFO  server.RaftServerConfigKeys (ConfUtils.java:logGet(43)) - raft.server.rpcslowness.timeout = 120s (custom)
2019-11-14 15:08:09,906 [pool-179-thread-1] INFO  server.RaftServerConfigKeys (ConfUtils.java:logGet(43)) - raft.server.sleep.deviation.threshold = 300 (default)
2019-11-14 15:08:09,906 [pool-179-thread-1] INFO  server.RaftServerConfigKeys (ConfUtils.java:logGet(43)) - raft.server.log.appender.install.snapshot.enabled = false (custom)
2019-11-14 15:08:09,906 [pool-179-thread-1] INFO  impl.RaftServerImpl (ServerState.java:<init>(103)) - 59f802cb-c907-44a0-9069-e10bb38eff5d@group-185A7D32E5E0: ConfigurationManager, init=-1: [59f802cb-c907-44a0-9069-e10bb38eff5d:192.168.34.62:41183], old=null, confs=<EMPTY_MAP>
2019-11-14 15:08:09,906 [pool-179-thread-1] INFO  server.RaftServerConfigKeys (ConfUtils.java:logGet(43)) - raft.server.storage.dir = [/workdir/hadoop-ozone/integration-test/target/test-dir/MiniOzoneClusterImpl-6b3e2517-75a7-4dd9-8054-0b12e404e591/datanode-3/data/ratis] (custom)
2019-11-14 15:08:09,907 [pool-179-thread-1] INFO  server.RaftServerConfigKeys (ConfUtils.java:logGet(43)) - raft.server.log.corruption.policy = EXCEPTION (default)
2019-11-14 15:08:09,907 [pool-179-thread-1] INFO  storage.RaftStorageDirectory (RaftStorageDirectory.java:analyzeStorage(246)) - The storage directory /workdir/hadoop-ozone/integration-test/target/test-dir/MiniOzoneClusterImpl-6b3e2517-75a7-4dd9-8054-0b12e404e591/datanode-3/data/ratis/e219b3ad-5192-43a9-b889-185a7d32e5e0 does not exist. Creating ...
2019-11-14 15:08:09,931 [pool-179-thread-1] INFO  storage.RaftStorageDirectory (RaftStorageDirectory.java:tryLock(328)) - Lock on /workdir/hadoop-ozone/integration-test/target/test-dir/MiniOzoneClusterImpl-6b3e2517-75a7-4dd9-8054-0b12e404e591/datanode-3/data/ratis/e219b3ad-5192-43a9-b889-185a7d32e5e0/in_use.lock acquired by nodename 23875@pr-hdds-2480-6qkg9-608321763
2019-11-14 15:08:09,944 [pool-179-thread-1] INFO  storage.RaftStorage (RaftStorage.java:format(84)) - Storage directory /workdir/hadoop-ozone/integration-test/target/test-dir/MiniOzoneClusterImpl-6b3e2517-75a7-4dd9-8054-0b12e404e591/datanode-3/data/ratis/e219b3ad-5192-43a9-b889-185a7d32e5e0 has been successfully formatted.
2019-11-14 15:08:09,945 [pool-179-thread-1] INFO  ratis.ContainerStateMachine (ContainerStateMachine.java:loadSnapshot(223)) - group-185A7D32E5E0: The snapshot info is null. Setting the last applied indexto:(t:0, i:~)
2019-11-14 15:08:09,945 [pool-179-thread-1] INFO  server.RaftServerConfigKeys (ConfUtils.java:logGet(43)) - raft.server.notification.no-leader.timeout = 120s (custom)
2019-11-14 15:08:09,945 [pool-179-thread-1] INFO  server.RaftServerConfigKeys (ConfUtils.java:logGet(43)) - raft.server.log.use.memory = false (default)
2019-11-14 15:08:09,945 [pool-179-thread-1] INFO  server.RaftServerConfigKeys (ConfUtils.java:logGet(43)) - raft.server.log.purge.gap = 1000000 (custom)
2019-11-14 15:08:09,946 [pool-179-thread-1] INFO  server.RaftServerConfigKeys (ConfUtils.java:logGet(43)) - raft.server.log.appender.buffer.byte-limit = 33554432 (custom)
2019-11-14 15:08:09,946 [pool-179-thread-1] INFO  server.RaftServerConfigKeys (ConfUtils.java:logGet(43)) - raft.server.log.segment.size.max = 1048576 (custom)
2019-11-14 15:08:09,946 [pool-179-thread-1] INFO  server.RaftServerConfigKeys (ConfUtils.java:logGet(43)) - raft.server.log.segment.cache.num.max = 2 (custom)
2019-11-14 15:08:09,946 [pool-179-thread-1] INFO  segmented.SegmentedRaftLogWorker (SegmentedRaftLogWorker.java:<init>(173)) - new 59f802cb-c907-44a0-9069-e10bb38eff5d@group-185A7D32E5E0-SegmentedRaftLogWorker for RaftStorage:Storage Directory /workdir/hadoop-ozone/integration-test/target/test-dir/MiniOzoneClusterImpl-6b3e2517-75a7-4dd9-8054-0b12e404e591/datanode-3/data/ratis/e219b3ad-5192-43a9-b889-185a7d32e5e0
2019-11-14 15:08:09,946 [pool-179-thread-1] INFO  server.RaftServerConfigKeys (ConfUtils.java:logGet(43)) - raft.server.log.queue.byte-limit = 2147483647 (custom)
2019-11-14 15:08:09,946 [pool-179-thread-1] INFO  server.RaftServerConfigKeys (ConfUtils.java:logGet(43)) - raft.server.log.queue.element-limit = 1024 (custom)
2019-11-14 15:08:09,947 [pool-179-thread-1] INFO  server.RaftServerConfigKeys (ConfUtils.java:logGet(43)) - raft.server.log.segment.size.max = 1048576 (custom)
2019-11-14 15:08:09,947 [pool-179-thread-1] INFO  server.RaftServerConfigKeys (ConfUtils.java:logGet(43)) - raft.server.log.preallocated.size = 16384 (custom)
2019-11-14 15:08:09,947 [pool-179-thread-1] INFO  server.RaftServerConfigKeys (ConfUtils.java:logGet(43)) - raft.server.log.write.buffer.size = 33554432 (custom)
2019-11-14 15:08:09,947 [pool-179-thread-1] INFO  server.RaftServerConfigKeys (ConfUtils.java:logGet(43)) - raft.server.log.force.sync.num = 128 (default)
2019-11-14 15:08:09,947 [pool-179-thread-1] INFO  server.RaftServerConfigKeys (ConfUtils.java:logGet(43)) - raft.server.log.statemachine.data.sync = true (default)
2019-11-14 15:08:09,947 [pool-179-thread-1] INFO  server.RaftServerConfigKeys (ConfUtils.java:logGet(43)) - raft.server.log.statemachine.data.sync.timeout = 10s (default)
2019-11-14 15:08:09,947 [pool-179-thread-1] INFO  server.RaftServerConfigKeys (ConfUtils.java:logGet(43)) - raft.server.log.statemachine.data.sync.timeout.retry = -1 (default)
2019-11-14 15:08:09,948 [pool-179-thread-1] INFO  server.RaftServerConfigKeys (ConfUtils.java:logGet(43)) - raft.server.log.statemachine.data.caching.enabled = true (custom)
2019-11-14 15:08:09,948 [pool-179-thread-1] INFO  segmented.SegmentedRaftLogWorker (SegmentedRaftLogWorker.java:lambda$new$0(128)) - 59f802cb-c907-44a0-9069-e10bb38eff5d@group-185A7D32E5E0-SegmentedRaftLogWorker: flushIndex: setUnconditionally 0 -> -1
2019-11-14 15:08:09,948 [pool-179-thread-1] INFO  server.RaftServerConfigKeys (ConfUtils.java:logGet(43)) - raft.server.snapshot.auto.trigger.enabled = true (custom)
2019-11-14 15:08:09,948 [pool-179-thread-1] INFO  server.RaftServerConfigKeys (ConfUtils.java:logGet(43)) - raft.server.snapshot.auto.trigger.threshold = 10000 (custom)
2019-11-14 15:08:09,948 [pool-179-thread-1] INFO  server.RaftServerConfigKeys (ConfUtils.java:logGet(43)) - raft.server.snapshot.retention.file.num = 5 (custom)
2019-11-14 15:08:09,949 [pool-179-thread-1] INFO  server.RaftServerConfigKeys (ConfUtils.java:logGet(43)) - raft.server.retrycache.expirytime = 600000ms (custom)
2019-11-14 15:08:09,949 [pool-179-thread-1] WARN  impl.MetricRegistriesImpl (MetricRegistriesImpl.java:lambda$create$1(61)) - First MetricRegistry has been created without registering reporters. You may need to call MetricRegistries.global().addReportRegistration(...) before.
2019-11-14 15:08:09,949 [pool-179-thread-1] WARN  impl.MetricRegistriesImpl (MetricRegistriesImpl.java:lambda$create$1(61)) - First MetricRegistry has been created without registering reporters. You may need to call MetricRegistries.global().addReportRegistration(...) before.
2019-11-14 15:08:09,949 [pool-179-thread-1] INFO  impl.RaftServerImpl (RaftServerImpl.java:start(184)) - 59f802cb-c907-44a0-9069-e10bb38eff5d@group-185A7D32E5E0: start as a follower, conf=-1: [59f802cb-c907-44a0-9069-e10bb38eff5d:192.168.34.62:41183], old=null
2019-11-14 15:08:09,950 [pool-179-thread-1] INFO  impl.RaftServerImpl (RaftServerImpl.java:setRole(173)) - 59f802cb-c907-44a0-9069-e10bb38eff5d@group-185A7D32E5E0: changes role from      null to FOLLOWER at term 0 for startAsFollower
2019-11-14 15:08:09,950 [pool-179-thread-1] INFO  impl.RoleInfo (RoleInfo.java:updateAndGet(143)) - 59f802cb-c907-44a0-9069-e10bb38eff5d: start FollowerState
2019-11-14 15:08:09,950 [pool-179-thread-1] INFO  util.JmxRegister (JmxRegister.java:tryRegister(44)) - Successfully registered JMX Bean with object name Ratis:service=RaftServer,group=group-185A7D32E5E0,id=59f802cb-c907-44a0-9069-e10bb38eff5d
2019-11-14 15:08:09,950 [pool-179-thread-1] WARN  impl.MetricRegistriesImpl (MetricRegistriesImpl.java:lambda$create$1(61)) - First MetricRegistry has been created without registering reporters. You may need to call MetricRegistries.global().addReportRegistration(...) before.
2019-11-14 15:08:09,955 [RatisPipelineUtilsThread] INFO  pipeline.PipelineStateManager (PipelineStateManager.java:addPipeline(55)) - Created pipeline Pipeline[ Id: e219b3ad-5192-43a9-b889-185a7d32e5e0, Nodes: 59f802cb-c907-44a0-9069-e10bb38eff5d{ip: 192.168.34.62, host: pr-hdds-2480-6qkg9-608321763, networkLocation: /rack1, certSerialId: null}, Type:RATIS, Factor:ONE, State:ALLOCATED]
2019-11-14 15:08:09,960 [Thread-1271] INFO  pipeline.PipelineStateManager (PipelineStateManager.java:finalizePipeline(121)) - Pipeline Pipeline[ Id: 81125719-861e-4a33-8cd0-eda3048234dd, Nodes: dd0e1198-6ba1-4c32-9ce2-054c25212f92{ip: 192.168.34.62, host: pr-hdds-2480-6qkg9-608321763, networkLocation: /rack1, certSerialId: null}, Type:RATIS, Factor:ONE, State:CLOSED] moved to CLOSED state
2019-11-14 15:08:09,968 [grpc-default-executor-0] INFO  impl.RaftServerProxy (RaftServerProxy.java:remove(95)) - dd0e1198-6ba1-4c32-9ce2-054c25212f92: remove    LEADER dd0e1198-6ba1-4c32-9ce2-054c25212f92@group-EDA3048234DD:t1, leader=dd0e1198-6ba1-4c32-9ce2-054c25212f92, voted=dd0e1198-6ba1-4c32-9ce2-054c25212f92, raftlog=dd0e1198-6ba1-4c32-9ce2-054c25212f92@group-EDA3048234DD-SegmentedRaftLog:OPENED:c0,f0,i0, conf=0: [dd0e1198-6ba1-4c32-9ce2-054c25212f92:192.168.34.62:42382], old=null RUNNING
2019-11-14 15:08:09,969 [grpc-default-executor-0] INFO  impl.RaftServerImpl (RaftServerImpl.java:lambda$shutdown$3(250)) - dd0e1198-6ba1-4c32-9ce2-054c25212f92@group-EDA3048234DD: shutdown
2019-11-14 15:08:09,969 [grpc-default-executor-0] INFO  util.JmxRegister (JmxRegister.java:unregister(73)) - Successfully un-registered JMX Bean with object name Ratis:service=RaftServer,group=group-EDA3048234DD,id=dd0e1198-6ba1-4c32-9ce2-054c25212f92
2019-11-14 15:08:09,969 [grpc-default-executor-0] INFO  impl.RoleInfo (RoleInfo.java:shutdownLeaderState(104)) - dd0e1198-6ba1-4c32-9ce2-054c25212f92: shutdown LeaderState
2019-11-14 15:08:09,969 [grpc-default-executor-0] INFO  impl.PendingRequests (PendingRequests.java:sendNotLeaderResponses(206)) - dd0e1198-6ba1-4c32-9ce2-054c25212f92@group-EDA3048234DD-PendingRequests: sendNotLeaderResponses
2019-11-14 15:08:09,970 [grpc-default-executor-0] INFO  impl.StateMachineUpdater (StateMachineUpdater.java:stopAndJoin(136)) - dd0e1198-6ba1-4c32-9ce2-054c25212f92@group-EDA3048234DD-StateMachineUpdater: set stopIndex = 0
2019-11-14 15:08:09,970 [grpc-default-executor-0] INFO  impl.RaftServerImpl (ServerState.java:close(387)) - dd0e1198-6ba1-4c32-9ce2-054c25212f92@group-EDA3048234DD: closes. applyIndex: 0
2019-11-14 15:08:09,970 [dd0e1198-6ba1-4c32-9ce2-054c25212f92@group-EDA3048234DD-SegmentedRaftLogWorker] INFO  segmented.SegmentedRaftLogWorker (SegmentedRaftLogWorker.java:run(316)) - dd0e1198-6ba1-4c32-9ce2-054c25212f92@group-EDA3048234DD-SegmentedRaftLogWorker was interrupted, exiting. There are 0 tasks remaining in the queue.
2019-11-14 15:08:09,971 [grpc-default-executor-0] INFO  segmented.SegmentedRaftLogWorker (SegmentedRaftLogWorker.java:close(224)) - dd0e1198-6ba1-4c32-9ce2-054c25212f92@group-EDA3048234DD-SegmentedRaftLogWorker close()
2019-11-14 15:08:09,979 [Thread-1271] INFO  pipeline.PipelineStateManager (PipelineStateManager.java:removePipeline(106)) - Pipeline Pipeline[ Id: 81125719-861e-4a33-8cd0-eda3048234dd, Nodes: dd0e1198-6ba1-4c32-9ce2-054c25212f92{ip: 192.168.34.62, host: pr-hdds-2480-6qkg9-608321763, networkLocation: /rack1, certSerialId: null}, Type:RATIS, Factor:ONE, State:CLOSED] removed from db
2019-11-14 15:08:09,979 [Thread-1271] INFO  pipeline.SCMPipelineManager (SCMPipelineManager.java:finalizeAndDestroyPipeline(315)) - destroying pipeline:Pipeline[ Id: 1fe51cd9-4844-458e-bc8e-3f175bf73e13, Nodes: dadbf9b0-b155-425e-bdd4-f6aced2428ca{ip: 192.168.34.62, host: pr-hdds-2480-6qkg9-608321763, networkLocation: /rack1, certSerialId: null}2f24271a-73a2-4678-8a2d-efde1b9a7c05{ip: 192.168.34.62, host: pr-hdds-2480-6qkg9-608321763, networkLocation: /rack1, certSerialId: null}a96edad4-0b0c-48cb-948a-93b2fbf7c409{ip: 192.168.34.62, host: pr-hdds-2480-6qkg9-608321763, networkLocation: /rack1, certSerialId: null}, Type:RATIS, Factor:THREE, State:OPEN]
2019-11-14 15:08:09,985 [grpc-default-executor-0] INFO  impl.RaftServerProxy (RaftServerProxy.java:addNew(89)) - dd0e1198-6ba1-4c32-9ce2-054c25212f92: addNew group-031444766508:[dd0e1198-6ba1-4c32-9ce2-054c25212f92:192.168.34.62:42382] returns group-031444766508:java.util.concurrent.CompletableFuture@73fd45a4[Not completed]
2019-11-14 15:08:09,986 [pool-159-thread-1] INFO  impl.RaftServerImpl (RaftServerImpl.java:<init>(98)) - dd0e1198-6ba1-4c32-9ce2-054c25212f92: new RaftServerImpl for group-031444766508:[dd0e1198-6ba1-4c32-9ce2-054c25212f92:192.168.34.62:42382] with ContainerStateMachine:uninitialized
2019-11-14 15:08:09,986 [pool-159-thread-1] INFO  server.RaftServerConfigKeys (ConfUtils.java:logGet(43)) - raft.server.rpc.timeout.min = 1s (custom)
2019-11-14 15:08:09,986 [pool-159-thread-1] INFO  server.RaftServerConfigKeys (ConfUtils.java:logGet(43)) - raft.server.rpc.timeout.max = 1200ms (custom)
2019-11-14 15:08:09,986 [pool-159-thread-1] INFO  server.RaftServerConfigKeys (ConfUtils.java:logGet(43)) - raft.server.rpcslowness.timeout = 120s (custom)
2019-11-14 15:08:09,986 [pool-159-thread-1] INFO  server.RaftServerConfigKeys (ConfUtils.java:logGet(43)) - raft.server.sleep.deviation.threshold = 300 (default)
2019-11-14 15:08:09,986 [pool-159-thread-1] INFO  server.RaftServerConfigKeys (ConfUtils.java:logGet(43)) - raft.server.log.appender.install.snapshot.enabled = false (custom)
2019-11-14 15:08:09,987 [pool-159-thread-1] INFO  impl.RaftServerImpl (ServerState.java:<init>(103)) - dd0e1198-6ba1-4c32-9ce2-054c25212f92@group-031444766508: ConfigurationManager, init=-1: [dd0e1198-6ba1-4c32-9ce2-054c25212f92:192.168.34.62:42382], old=null, confs=<EMPTY_MAP>
2019-11-14 15:08:09,987 [pool-159-thread-1] INFO  server.RaftServerConfigKeys (ConfUtils.java:logGet(43)) - raft.server.storage.dir = [/workdir/hadoop-ozone/integration-test/target/test-dir/MiniOzoneClusterImpl-6b3e2517-75a7-4dd9-8054-0b12e404e591/datanode-1/data/ratis] (custom)
2019-11-14 15:08:09,987 [pool-159-thread-1] INFO  server.RaftServerConfigKeys (ConfUtils.java:logGet(43)) - raft.server.log.corruption.policy = EXCEPTION (default)
2019-11-14 15:08:09,987 [pool-159-thread-1] INFO  storage.RaftStorageDirectory (RaftStorageDirectory.java:analyzeStorage(246)) - The storage directory /workdir/hadoop-ozone/integration-test/target/test-dir/MiniOzoneClusterImpl-6b3e2517-75a7-4dd9-8054-0b12e404e591/datanode-1/data/ratis/d61afcd9-208b-4312-ac3f-031444766508 does not exist. Creating ...
2019-11-14 15:08:10,000 [pool-159-thread-1] INFO  storage.RaftStorageDirectory (RaftStorageDirectory.java:tryLock(328)) - Lock on /workdir/hadoop-ozone/integration-test/target/test-dir/MiniOzoneClusterImpl-6b3e2517-75a7-4dd9-8054-0b12e404e591/datanode-1/data/ratis/d61afcd9-208b-4312-ac3f-031444766508/in_use.lock acquired by nodename 23875@pr-hdds-2480-6qkg9-608321763
2019-11-14 15:08:10,013 [pool-159-thread-1] INFO  storage.RaftStorage (RaftStorage.java:format(84)) - Storage directory /workdir/hadoop-ozone/integration-test/target/test-dir/MiniOzoneClusterImpl-6b3e2517-75a7-4dd9-8054-0b12e404e591/datanode-1/data/ratis/d61afcd9-208b-4312-ac3f-031444766508 has been successfully formatted.
2019-11-14 15:08:10,013 [pool-159-thread-1] INFO  ratis.ContainerStateMachine (ContainerStateMachine.java:loadSnapshot(223)) - group-031444766508: The snapshot info is null. Setting the last applied indexto:(t:0, i:~)
2019-11-14 15:08:10,013 [pool-159-thread-1] INFO  server.RaftServerConfigKeys (ConfUtils.java:logGet(43)) - raft.server.notification.no-leader.timeout = 120s (custom)
2019-11-14 15:08:10,013 [pool-159-thread-1] INFO  server.RaftServerConfigKeys (ConfUtils.java:logGet(43)) - raft.server.log.use.memory = false (default)
2019-11-14 15:08:10,013 [pool-159-thread-1] INFO  server.RaftServerConfigKeys (ConfUtils.java:logGet(43)) - raft.server.log.purge.gap = 1000000 (custom)
2019-11-14 15:08:10,013 [pool-159-thread-1] INFO  server.RaftServerConfigKeys (ConfUtils.java:logGet(43)) - raft.server.log.appender.buffer.byte-limit = 33554432 (custom)
2019-11-14 15:08:10,013 [pool-159-thread-1] INFO  server.RaftServerConfigKeys (ConfUtils.java:logGet(43)) - raft.server.log.segment.size.max = 1048576 (custom)
2019-11-14 15:08:10,014 [pool-159-thread-1] INFO  server.RaftServerConfigKeys (ConfUtils.java:logGet(43)) - raft.server.log.segment.cache.num.max = 2 (custom)
2019-11-14 15:08:10,014 [pool-159-thread-1] INFO  segmented.SegmentedRaftLogWorker (SegmentedRaftLogWorker.java:<init>(173)) - new dd0e1198-6ba1-4c32-9ce2-054c25212f92@group-031444766508-SegmentedRaftLogWorker for RaftStorage:Storage Directory /workdir/hadoop-ozone/integration-test/target/test-dir/MiniOzoneClusterImpl-6b3e2517-75a7-4dd9-8054-0b12e404e591/datanode-1/data/ratis/d61afcd9-208b-4312-ac3f-031444766508
2019-11-14 15:08:10,014 [pool-159-thread-1] INFO  server.RaftServerConfigKeys (ConfUtils.java:logGet(43)) - raft.server.log.queue.byte-limit = 2147483647 (custom)
2019-11-14 15:08:10,014 [pool-159-thread-1] INFO  server.RaftServerConfigKeys (ConfUtils.java:logGet(43)) - raft.server.log.queue.element-limit = 1024 (custom)
2019-11-14 15:08:10,014 [pool-159-thread-1] INFO  server.RaftServerConfigKeys (ConfUtils.java:logGet(43)) - raft.server.log.segment.size.max = 1048576 (custom)
2019-11-14 15:08:10,014 [pool-159-thread-1] INFO  server.RaftServerConfigKeys (ConfUtils.java:logGet(43)) - raft.server.log.preallocated.size = 16384 (custom)
2019-11-14 15:08:10,014 [pool-159-thread-1] INFO  server.RaftServerConfigKeys (ConfUtils.java:logGet(43)) - raft.server.log.write.buffer.size = 33554432 (custom)
2019-11-14 15:08:10,014 [pool-159-thread-1] INFO  server.RaftServerConfigKeys (ConfUtils.java:logGet(43)) - raft.server.log.force.sync.num = 128 (default)
2019-11-14 15:08:10,014 [pool-159-thread-1] INFO  server.RaftServerConfigKeys (ConfUtils.java:logGet(43)) - raft.server.log.statemachine.data.sync = true (default)
2019-11-14 15:08:10,014 [pool-159-thread-1] INFO  server.RaftServerConfigKeys (ConfUtils.java:logGet(43)) - raft.server.log.statemachine.data.sync.timeout = 10s (default)
2019-11-14 15:08:10,014 [pool-159-thread-1] INFO  server.RaftServerConfigKeys (ConfUtils.java:logGet(43)) - raft.server.log.statemachine.data.sync.timeout.retry = -1 (default)
2019-11-14 15:08:10,015 [pool-159-thread-1] INFO  server.RaftServerConfigKeys (ConfUtils.java:logGet(43)) - raft.server.log.statemachine.data.caching.enabled = true (custom)
2019-11-14 15:08:10,015 [pool-159-thread-1] INFO  segmented.SegmentedRaftLogWorker (SegmentedRaftLogWorker.java:lambda$new$0(128)) - dd0e1198-6ba1-4c32-9ce2-054c25212f92@group-031444766508-SegmentedRaftLogWorker: flushIndex: setUnconditionally 0 -> -1
2019-11-14 15:08:10,016 [pool-159-thread-1] INFO  server.RaftServerConfigKeys (ConfUtils.java:logGet(43)) - raft.server.snapshot.auto.trigger.enabled = true (custom)
2019-11-14 15:08:10,016 [pool-159-thread-1] INFO  server.RaftServerConfigKeys (ConfUtils.java:logGet(43)) - raft.server.snapshot.auto.trigger.threshold = 10000 (custom)
2019-11-14 15:08:10,016 [pool-159-thread-1] INFO  server.RaftServerConfigKeys (ConfUtils.java:logGet(43)) - raft.server.snapshot.retention.file.num = 5 (custom)
2019-11-14 15:08:10,016 [pool-159-thread-1] INFO  server.RaftServerConfigKeys (ConfUtils.java:logGet(43)) - raft.server.retrycache.expirytime = 600000ms (custom)
2019-11-14 15:08:10,016 [pool-159-thread-1] WARN  impl.MetricRegistriesImpl (MetricRegistriesImpl.java:lambda$create$1(61)) - First MetricRegistry has been created without registering reporters. You may need to call MetricRegistries.global().addReportRegistration(...) before.
2019-11-14 15:08:10,016 [pool-159-thread-1] WARN  impl.MetricRegistriesImpl (MetricRegistriesImpl.java:lambda$create$1(61)) - First MetricRegistry has been created without registering reporters. You may need to call MetricRegistries.global().addReportRegistration(...) before.
2019-11-14 15:08:10,016 [pool-159-thread-1] INFO  impl.RaftServerImpl (RaftServerImpl.java:start(184)) - dd0e1198-6ba1-4c32-9ce2-054c25212f92@group-031444766508: start as a follower, conf=-1: [dd0e1198-6ba1-4c32-9ce2-054c25212f92:192.168.34.62:42382], old=null
2019-11-14 15:08:10,017 [pool-159-thread-1] INFO  impl.RaftServerImpl (RaftServerImpl.java:setRole(173)) - dd0e1198-6ba1-4c32-9ce2-054c25212f92@group-031444766508: changes role from      null to FOLLOWER at term 0 for startAsFollower
2019-11-14 15:08:10,017 [pool-159-thread-1] INFO  impl.RoleInfo (RoleInfo.java:updateAndGet(143)) - dd0e1198-6ba1-4c32-9ce2-054c25212f92: start FollowerState
2019-11-14 15:08:10,017 [pool-159-thread-1] INFO  util.JmxRegister (JmxRegister.java:tryRegister(44)) - Successfully registered JMX Bean with object name Ratis:service=RaftServer,group=group-031444766508,id=dd0e1198-6ba1-4c32-9ce2-054c25212f92
2019-11-14 15:08:10,017 [pool-159-thread-1] WARN  impl.MetricRegistriesImpl (MetricRegistriesImpl.java:lambda$create$1(61)) - First MetricRegistry has been created without registering reporters. You may need to call MetricRegistries.global().addReportRegistration(...) before.
2019-11-14 15:08:10,019 [RatisPipelineUtilsThread] INFO  pipeline.PipelineStateManager (PipelineStateManager.java:addPipeline(55)) - Created pipeline Pipeline[ Id: d61afcd9-208b-4312-ac3f-031444766508, Nodes: dd0e1198-6ba1-4c32-9ce2-054c25212f92{ip: 192.168.34.62, host: pr-hdds-2480-6qkg9-608321763, networkLocation: /rack1, certSerialId: null}, Type:RATIS, Factor:ONE, State:ALLOCATED]
2019-11-14 15:08:10,023 [Thread-1271] INFO  pipeline.PipelineStateManager (PipelineStateManager.java:finalizePipeline(121)) - Pipeline Pipeline[ Id: 1fe51cd9-4844-458e-bc8e-3f175bf73e13, Nodes: dadbf9b0-b155-425e-bdd4-f6aced2428ca{ip: 192.168.34.62, host: pr-hdds-2480-6qkg9-608321763, networkLocation: /rack1, certSerialId: null}2f24271a-73a2-4678-8a2d-efde1b9a7c05{ip: 192.168.34.62, host: pr-hdds-2480-6qkg9-608321763, networkLocation: /rack1, certSerialId: null}a96edad4-0b0c-48cb-948a-93b2fbf7c409{ip: 192.168.34.62, host: pr-hdds-2480-6qkg9-608321763, networkLocation: /rack1, certSerialId: null}, Type:RATIS, Factor:THREE, State:CLOSED] moved to CLOSED state
2019-11-14 15:08:10,027 [grpc-default-executor-0] INFO  impl.RaftServerProxy (RaftServerProxy.java:remove(95)) - dadbf9b0-b155-425e-bdd4-f6aced2428ca: remove  FOLLOWER dadbf9b0-b155-425e-bdd4-f6aced2428ca@group-3F175BF73E13:t1, leader=2f24271a-73a2-4678-8a2d-efde1b9a7c05, voted=2f24271a-73a2-4678-8a2d-efde1b9a7c05, raftlog=dadbf9b0-b155-425e-bdd4-f6aced2428ca@group-3F175BF73E13-SegmentedRaftLog:OPENED:c2,f4,i4, conf=0: [a96edad4-0b0c-48cb-948a-93b2fbf7c409:192.168.34.62:43006, 2f24271a-73a2-4678-8a2d-efde1b9a7c05:192.168.34.62:38626, dadbf9b0-b155-425e-bdd4-f6aced2428ca:192.168.34.62:40592], old=null RUNNING
2019-11-14 15:08:10,027 [grpc-default-executor-0] INFO  impl.RaftServerImpl (RaftServerImpl.java:lambda$shutdown$3(250)) - dadbf9b0-b155-425e-bdd4-f6aced2428ca@group-3F175BF73E13: shutdown
2019-11-14 15:08:10,028 [grpc-default-executor-0] INFO  util.JmxRegister (JmxRegister.java:unregister(73)) - Successfully un-registered JMX Bean with object name Ratis:service=RaftServer,group=group-3F175BF73E13,id=dadbf9b0-b155-425e-bdd4-f6aced2428ca
2019-11-14 15:08:10,028 [grpc-default-executor-0] INFO  impl.RoleInfo (RoleInfo.java:shutdownFollowerState(121)) - dadbf9b0-b155-425e-bdd4-f6aced2428ca: shutdown FollowerState
2019-11-14 15:08:10,028 [grpc-default-executor-0] INFO  impl.StateMachineUpdater (StateMachineUpdater.java:stopAndJoin(136)) - dadbf9b0-b155-425e-bdd4-f6aced2428ca@group-3F175BF73E13-StateMachineUpdater: set stopIndex = 2
2019-11-14 15:08:10,028 [Thread-1380] INFO  impl.FollowerState (FollowerState.java:run(120)) - dadbf9b0-b155-425e-bdd4-f6aced2428ca@group-3F175BF73E13-FollowerState was interrupted: java.lang.InterruptedException: sleep interrupted
2019-11-14 15:08:10,028 [dadbf9b0-b155-425e-bdd4-f6aced2428ca@group-3F175BF73E13-StateMachineUpdater] INFO  ratis.ContainerStateMachine (ContainerStateMachine.java:takeSnapshot(285)) - group-3F175BF73E13: Taking a snapshot at:(t:1, i:2) file /workdir/hadoop-ozone/integration-test/target/test-dir/MiniOzoneClusterImpl-6b3e2517-75a7-4dd9-8054-0b12e404e591/datanode-9/data/ratis/1fe51cd9-4844-458e-bc8e-3f175bf73e13/sm/snapshot.1_2
2019-11-14 15:08:10,039 [dadbf9b0-b155-425e-bdd4-f6aced2428ca@group-3F175BF73E13-StateMachineUpdater] INFO  ratis.ContainerStateMachine (ContainerStateMachine.java:takeSnapshot(296)) - group-3F175BF73E13: Finished taking a snapshot at:(t:1, i:2) file:/workdir/hadoop-ozone/integration-test/target/test-dir/MiniOzoneClusterImpl-6b3e2517-75a7-4dd9-8054-0b12e404e591/datanode-9/data/ratis/1fe51cd9-4844-458e-bc8e-3f175bf73e13/sm/snapshot.1_2 time:11
2019-11-14 15:08:10,039 [dadbf9b0-b155-425e-bdd4-f6aced2428ca@group-3F175BF73E13-StateMachineUpdater] INFO  impl.StateMachineUpdater (StateMachineUpdater.java:takeSnapshot(269)) - dadbf9b0-b155-425e-bdd4-f6aced2428ca@group-3F175BF73E13-StateMachineUpdater: Took a snapshot at index 2
2019-11-14 15:08:10,039 [dadbf9b0-b155-425e-bdd4-f6aced2428ca@group-3F175BF73E13-StateMachineUpdater] INFO  impl.StateMachineUpdater (StateMachineUpdater.java:lambda$new$0(84)) - dadbf9b0-b155-425e-bdd4-f6aced2428ca@group-3F175BF73E13-StateMachineUpdater: snapshotIndex: updateIncreasingly -1 -> 2
2019-11-14 15:08:10,039 [grpc-default-executor-0] INFO  impl.RaftServerImpl (ServerState.java:close(387)) - dadbf9b0-b155-425e-bdd4-f6aced2428ca@group-3F175BF73E13: closes. applyIndex: 2
2019-11-14 15:08:10,040 [dadbf9b0-b155-425e-bdd4-f6aced2428ca@group-3F175BF73E13-SegmentedRaftLogWorker] INFO  segmented.SegmentedRaftLogWorker (SegmentedRaftLogWorker.java:run(316)) - dadbf9b0-b155-425e-bdd4-f6aced2428ca@group-3F175BF73E13-SegmentedRaftLogWorker was interrupted, exiting. There are 0 tasks remaining in the queue.
2019-11-14 15:08:10,040 [grpc-default-executor-0] INFO  segmented.SegmentedRaftLogWorker (SegmentedRaftLogWorker.java:close(224)) - dadbf9b0-b155-425e-bdd4-f6aced2428ca@group-3F175BF73E13-SegmentedRaftLogWorker close()
2019-11-14 15:08:10,066 [grpc-default-executor-0] INFO  interfaces.Container (KeyValueContainer.java:flushAndSyncDB(400)) - Container 1 is synced with bcsId 2.
2019-11-14 15:08:10,066 [grpc-default-executor-0] INFO  interfaces.Container (KeyValueContainer.java:flushAndSyncDB(400)) - Container 1 is synced with bcsId 2.
2019-11-14 15:08:10,083 [EventQueue-IncrementalContainerReportForIncrementalContainerReportHandler] INFO  container.IncrementalContainerReportHandler (AbstractContainerReportHandler.java:updateContainerState(171)) - Moving container #1 to QUASI_CLOSED state, datanode dadbf9b0-b155-425e-bdd4-f6aced2428ca{ip: 192.168.34.62, host: pr-hdds-2480-6qkg9-608321763, networkLocation: /rack1, certSerialId: null} reported QUASI_CLOSED replica.
2019-11-14 15:08:10,088 [grpc-default-executor-0] INFO  impl.RaftServerProxy (RaftServerProxy.java:remove(95)) - 2f24271a-73a2-4678-8a2d-efde1b9a7c05: remove    LEADER 2f24271a-73a2-4678-8a2d-efde1b9a7c05@group-3F175BF73E13:t1, leader=2f24271a-73a2-4678-8a2d-efde1b9a7c05, voted=2f24271a-73a2-4678-8a2d-efde1b9a7c05, raftlog=2f24271a-73a2-4678-8a2d-efde1b9a7c05@group-3F175BF73E13-SegmentedRaftLog:OPENED:c4,f4,i4, conf=0: [a96edad4-0b0c-48cb-948a-93b2fbf7c409:192.168.34.62:43006, 2f24271a-73a2-4678-8a2d-efde1b9a7c05:192.168.34.62:38626, dadbf9b0-b155-425e-bdd4-f6aced2428ca:192.168.34.62:40592], old=null RUNNING
2019-11-14 15:08:10,088 [grpc-default-executor-0] INFO  impl.RaftServerImpl (RaftServerImpl.java:lambda$shutdown$3(250)) - 2f24271a-73a2-4678-8a2d-efde1b9a7c05@group-3F175BF73E13: shutdown
2019-11-14 15:08:10,088 [grpc-default-executor-0] INFO  util.JmxRegister (JmxRegister.java:unregister(73)) - Successfully un-registered JMX Bean with object name Ratis:service=RaftServer,group=group-3F175BF73E13,id=2f24271a-73a2-4678-8a2d-efde1b9a7c05
2019-11-14 15:08:10,088 [grpc-default-executor-0] INFO  impl.RoleInfo (RoleInfo.java:shutdownLeaderState(104)) - 2f24271a-73a2-4678-8a2d-efde1b9a7c05: shutdown LeaderState
2019-11-14 15:08:10,092 [grpc-default-executor-0] INFO  impl.PendingRequests (PendingRequests.java:sendNotLeaderResponses(206)) - 2f24271a-73a2-4678-8a2d-efde1b9a7c05@group-3F175BF73E13-PendingRequests: sendNotLeaderResponses
2019-11-14 15:08:10,092 [org.apache.ratis.server.impl.LogAppender$AppenderDaemon$$Lambda$463/184788748@37025951] WARN  server.GrpcLogAppender (GrpcLogAppender.java:mayWait(151)) - 2f24271a-73a2-4678-8a2d-efde1b9a7c05@group-3F175BF73E13->dadbf9b0-b155-425e-bdd4-f6aced2428ca-GrpcLogAppender: Wait interrupted by java.lang.InterruptedException
2019-11-14 15:08:10,092 [org.apache.ratis.server.impl.LogAppender$AppenderDaemon$$Lambda$463/184788748@7200c975] WARN  server.GrpcLogAppender (GrpcLogAppender.java:mayWait(151)) - 2f24271a-73a2-4678-8a2d-efde1b9a7c05@group-3F175BF73E13->a96edad4-0b0c-48cb-948a-93b2fbf7c409-GrpcLogAppender: Wait interrupted by java.lang.InterruptedException
2019-11-14 15:08:10,098 [grpc-default-executor-0] INFO  impl.StateMachineUpdater (StateMachineUpdater.java:stopAndJoin(136)) - 2f24271a-73a2-4678-8a2d-efde1b9a7c05@group-3F175BF73E13-StateMachineUpdater: set stopIndex = 4
2019-11-14 15:08:10,098 [2f24271a-73a2-4678-8a2d-efde1b9a7c05@group-3F175BF73E13-StateMachineUpdater] INFO  ratis.ContainerStateMachine (ContainerStateMachine.java:takeSnapshot(285)) - group-3F175BF73E13: Taking a snapshot at:(t:1, i:4) file /workdir/hadoop-ozone/integration-test/target/test-dir/MiniOzoneClusterImpl-6b3e2517-75a7-4dd9-8054-0b12e404e591/datanode-8/data/ratis/1fe51cd9-4844-458e-bc8e-3f175bf73e13/sm/snapshot.1_4
2019-11-14 15:08:10,098 [grpc-default-executor-3] INFO  server.GrpcServerProtocolService (GrpcServerProtocolService.java:onCompleted(113)) - dadbf9b0-b155-425e-bdd4-f6aced2428ca: Completed APPEND_ENTRIES, lastRequest: 2f24271a-73a2-4678-8a2d-efde1b9a7c05->dadbf9b0-b155-425e-bdd4-f6aced2428ca#6-t1, previous=(t:1, i:3), leaderCommit=2, initializing? false, entries: size=1, first=(t:1, i:4), METADATAENTRY(c2)
2019-11-14 15:08:10,098 [grpc-default-executor-4] INFO  server.GrpcServerProtocolService (GrpcServerProtocolService.java:onCompleted(113)) - a96edad4-0b0c-48cb-948a-93b2fbf7c409: Completed APPEND_ENTRIES, lastRequest: 2f24271a-73a2-4678-8a2d-efde1b9a7c05->a96edad4-0b0c-48cb-948a-93b2fbf7c409#6-t1, previous=(t:1, i:3), leaderCommit=2, initializing? false, entries: size=1, first=(t:1, i:4), METADATAENTRY(c2)
2019-11-14 15:08:10,098 [grpc-default-executor-4] INFO  server.GrpcLogAppender (GrpcLogAppender.java:onCompleted(308)) - 2f24271a-73a2-4678-8a2d-efde1b9a7c05@group-3F175BF73E13->dadbf9b0-b155-425e-bdd4-f6aced2428ca-AppendLogResponseHandler: follower responses appendEntries COMPLETED
2019-11-14 15:08:10,098 [grpc-default-executor-3] INFO  server.GrpcLogAppender (GrpcLogAppender.java:onCompleted(308)) - 2f24271a-73a2-4678-8a2d-efde1b9a7c05@group-3F175BF73E13->a96edad4-0b0c-48cb-948a-93b2fbf7c409-AppendLogResponseHandler: follower responses appendEntries COMPLETED
2019-11-14 15:08:10,099 [grpc-default-executor-4] INFO  impl.FollowerInfo (FollowerInfo.java:lambda$new$0(51)) - 2f24271a-73a2-4678-8a2d-efde1b9a7c05@group-3F175BF73E13->dadbf9b0-b155-425e-bdd4-f6aced2428ca: nextIndex: updateUnconditionally 5 -> 4
2019-11-14 15:08:10,099 [grpc-default-executor-3] INFO  impl.FollowerInfo (FollowerInfo.java:lambda$new$0(51)) - 2f24271a-73a2-4678-8a2d-efde1b9a7c05@group-3F175BF73E13->a96edad4-0b0c-48cb-948a-93b2fbf7c409: nextIndex: updateUnconditionally 5 -> 4
2019-11-14 15:08:10,110 [2f24271a-73a2-4678-8a2d-efde1b9a7c05@group-3F175BF73E13-StateMachineUpdater] INFO  ratis.ContainerStateMachine (ContainerStateMachine.java:takeSnapshot(296)) - group-3F175BF73E13: Finished taking a snapshot at:(t:1, i:4) file:/workdir/hadoop-ozone/integration-test/target/test-dir/MiniOzoneClusterImpl-6b3e2517-75a7-4dd9-8054-0b12e404e591/datanode-8/data/ratis/1fe51cd9-4844-458e-bc8e-3f175bf73e13/sm/snapshot.1_4 time:13
2019-11-14 15:08:10,111 [2f24271a-73a2-4678-8a2d-efde1b9a7c05@group-3F175BF73E13-StateMachineUpdater] INFO  impl.StateMachineUpdater (StateMachineUpdater.java:takeSnapshot(269)) - 2f24271a-73a2-4678-8a2d-efde1b9a7c05@group-3F175BF73E13-StateMachineUpdater: Took a snapshot at index 4
2019-11-14 15:08:10,111 [2f24271a-73a2-4678-8a2d-efde1b9a7c05@group-3F175BF73E13-StateMachineUpdater] INFO  impl.StateMachineUpdater (StateMachineUpdater.java:lambda$new$0(84)) - 2f24271a-73a2-4678-8a2d-efde1b9a7c05@group-3F175BF73E13-StateMachineUpdater: snapshotIndex: updateIncreasingly -1 -> 4
2019-11-14 15:08:10,111 [grpc-default-executor-0] INFO  impl.RaftServerImpl (ServerState.java:close(387)) - 2f24271a-73a2-4678-8a2d-efde1b9a7c05@group-3F175BF73E13: closes. applyIndex: 4
2019-11-14 15:08:10,111 [2f24271a-73a2-4678-8a2d-efde1b9a7c05@group-3F175BF73E13-SegmentedRaftLogWorker] INFO  segmented.SegmentedRaftLogWorker (SegmentedRaftLogWorker.java:run(316)) - 2f24271a-73a2-4678-8a2d-efde1b9a7c05@group-3F175BF73E13-SegmentedRaftLogWorker was interrupted, exiting. There are 0 tasks remaining in the queue.
2019-11-14 15:08:10,112 [grpc-default-executor-0] INFO  segmented.SegmentedRaftLogWorker (SegmentedRaftLogWorker.java:close(224)) - 2f24271a-73a2-4678-8a2d-efde1b9a7c05@group-3F175BF73E13-SegmentedRaftLogWorker close()
2019-11-14 15:08:10,143 [grpc-default-executor-0] INFO  interfaces.Container (KeyValueContainer.java:flushAndSyncDB(400)) - Container 1 is synced with bcsId 2.
2019-11-14 15:08:10,143 [grpc-default-executor-0] INFO  interfaces.Container (KeyValueContainer.java:flushAndSyncDB(400)) - Container 1 is synced with bcsId 2.
2019-11-14 15:08:10,164 [grpc-default-executor-0] INFO  impl.RaftServerProxy (RaftServerProxy.java:remove(95)) - a96edad4-0b0c-48cb-948a-93b2fbf7c409: remove  FOLLOWER a96edad4-0b0c-48cb-948a-93b2fbf7c409@group-3F175BF73E13:t1, leader=2f24271a-73a2-4678-8a2d-efde1b9a7c05, voted=a96edad4-0b0c-48cb-948a-93b2fbf7c409, raftlog=a96edad4-0b0c-48cb-948a-93b2fbf7c409@group-3F175BF73E13-SegmentedRaftLog:OPENED:c2,f4,i4, conf=0: [a96edad4-0b0c-48cb-948a-93b2fbf7c409:192.168.34.62:43006, 2f24271a-73a2-4678-8a2d-efde1b9a7c05:192.168.34.62:38626, dadbf9b0-b155-425e-bdd4-f6aced2428ca:192.168.34.62:40592], old=null RUNNING
2019-11-14 15:08:10,164 [grpc-default-executor-0] INFO  impl.RaftServerImpl (RaftServerImpl.java:lambda$shutdown$3(250)) - a96edad4-0b0c-48cb-948a-93b2fbf7c409@group-3F175BF73E13: shutdown
2019-11-14 15:08:10,164 [grpc-default-executor-0] INFO  util.JmxRegister (JmxRegister.java:unregister(73)) - Successfully un-registered JMX Bean with object name Ratis:service=RaftServer,group=group-3F175BF73E13,id=a96edad4-0b0c-48cb-948a-93b2fbf7c409
2019-11-14 15:08:10,164 [grpc-default-executor-0] INFO  impl.RoleInfo (RoleInfo.java:shutdownFollowerState(121)) - a96edad4-0b0c-48cb-948a-93b2fbf7c409: shutdown FollowerState
2019-11-14 15:08:10,165 [grpc-default-executor-0] INFO  impl.StateMachineUpdater (StateMachineUpdater.java:stopAndJoin(136)) - a96edad4-0b0c-48cb-948a-93b2fbf7c409@group-3F175BF73E13-StateMachineUpdater: set stopIndex = 2
2019-11-14 15:08:10,165 [Thread-1382] INFO  impl.FollowerState (FollowerState.java:run(120)) - a96edad4-0b0c-48cb-948a-93b2fbf7c409@group-3F175BF73E13-FollowerState was interrupted: java.lang.InterruptedException: sleep interrupted
2019-11-14 15:08:10,165 [a96edad4-0b0c-48cb-948a-93b2fbf7c409@group-3F175BF73E13-StateMachineUpdater] INFO  ratis.ContainerStateMachine (ContainerStateMachine.java:takeSnapshot(285)) - group-3F175BF73E13: Taking a snapshot at:(t:1, i:2) file /workdir/hadoop-ozone/integration-test/target/test-dir/MiniOzoneClusterImpl-6b3e2517-75a7-4dd9-8054-0b12e404e591/datanode-7/data/ratis/1fe51cd9-4844-458e-bc8e-3f175bf73e13/sm/snapshot.1_2
2019-11-14 15:08:10,178 [a96edad4-0b0c-48cb-948a-93b2fbf7c409@group-3F175BF73E13-StateMachineUpdater] INFO  ratis.ContainerStateMachine (ContainerStateMachine.java:takeSnapshot(296)) - group-3F175BF73E13: Finished taking a snapshot at:(t:1, i:2) file:/workdir/hadoop-ozone/integration-test/target/test-dir/MiniOzoneClusterImpl-6b3e2517-75a7-4dd9-8054-0b12e404e591/datanode-7/data/ratis/1fe51cd9-4844-458e-bc8e-3f175bf73e13/sm/snapshot.1_2 time:13
2019-11-14 15:08:10,178 [a96edad4-0b0c-48cb-948a-93b2fbf7c409@group-3F175BF73E13-StateMachineUpdater] INFO  impl.StateMachineUpdater (StateMachineUpdater.java:takeSnapshot(269)) - a96edad4-0b0c-48cb-948a-93b2fbf7c409@group-3F175BF73E13-StateMachineUpdater: Took a snapshot at index 2
2019-11-14 15:08:10,178 [a96edad4-0b0c-48cb-948a-93b2fbf7c409@group-3F175BF73E13-StateMachineUpdater] INFO  impl.StateMachineUpdater (StateMachineUpdater.java:lambda$new$0(84)) - a96edad4-0b0c-48cb-948a-93b2fbf7c409@group-3F175BF73E13-StateMachineUpdater: snapshotIndex: updateIncreasingly -1 -> 2
2019-11-14 15:08:10,179 [grpc-default-executor-0] INFO  impl.RaftServerImpl (ServerState.java:close(387)) - a96edad4-0b0c-48cb-948a-93b2fbf7c409@group-3F175BF73E13: closes. applyIndex: 2
2019-11-14 15:08:10,179 [a96edad4-0b0c-48cb-948a-93b2fbf7c409@group-3F175BF73E13-SegmentedRaftLogWorker] INFO  segmented.SegmentedRaftLogWorker (SegmentedRaftLogWorker.java:run(316)) - a96edad4-0b0c-48cb-948a-93b2fbf7c409@group-3F175BF73E13-SegmentedRaftLogWorker was interrupted, exiting. There are 0 tasks remaining in the queue.
2019-11-14 15:08:10,179 [grpc-default-executor-0] INFO  segmented.SegmentedRaftLogWorker (SegmentedRaftLogWorker.java:close(224)) - a96edad4-0b0c-48cb-948a-93b2fbf7c409@group-3F175BF73E13-SegmentedRaftLogWorker close()
2019-11-14 15:08:10,210 [grpc-default-executor-0] INFO  interfaces.Container (KeyValueContainer.java:flushAndSyncDB(400)) - Container 1 is synced with bcsId 2.
2019-11-14 15:08:10,210 [grpc-default-executor-0] INFO  interfaces.Container (KeyValueContainer.java:flushAndSyncDB(400)) - Container 1 is synced with bcsId 2.
2019-11-14 15:08:10,238 [Thread-1271] INFO  pipeline.PipelineStateManager (PipelineStateManager.java:removePipeline(106)) - Pipeline Pipeline[ Id: 1fe51cd9-4844-458e-bc8e-3f175bf73e13, Nodes: dadbf9b0-b155-425e-bdd4-f6aced2428ca{ip: 192.168.34.62, host: pr-hdds-2480-6qkg9-608321763, networkLocation: /rack1, certSerialId: null}2f24271a-73a2-4678-8a2d-efde1b9a7c05{ip: 192.168.34.62, host: pr-hdds-2480-6qkg9-608321763, networkLocation: /rack1, certSerialId: null}a96edad4-0b0c-48cb-948a-93b2fbf7c409{ip: 192.168.34.62, host: pr-hdds-2480-6qkg9-608321763, networkLocation: /rack1, certSerialId: null}, Type:RATIS, Factor:THREE, State:CLOSED] removed from db
2019-11-14 15:08:10,238 [Thread-1271] INFO  pipeline.SCMPipelineManager (SCMPipelineManager.java:finalizeAndDestroyPipeline(315)) - destroying pipeline:Pipeline[ Id: 85b4431e-b4e3-4809-bf80-db67bf62a5e8, Nodes: dadbf9b0-b155-425e-bdd4-f6aced2428ca{ip: 192.168.34.62, host: pr-hdds-2480-6qkg9-608321763, networkLocation: /rack1, certSerialId: null}, Type:RATIS, Factor:ONE, State:OPEN]
2019-11-14 15:08:10,246 [grpc-default-executor-4] INFO  impl.RaftServerProxy (RaftServerProxy.java:addNew(89)) - dadbf9b0-b155-425e-bdd4-f6aced2428ca: addNew group-CE93C81AF12A:[a96edad4-0b0c-48cb-948a-93b2fbf7c409:192.168.34.62:43006, 2f24271a-73a2-4678-8a2d-efde1b9a7c05:192.168.34.62:38626, dadbf9b0-b155-425e-bdd4-f6aced2428ca:192.168.34.62:40592] returns group-CE93C81AF12A:java.util.concurrent.CompletableFuture@62d2cfa1[Not completed]
2019-11-14 15:08:10,249 [grpc-default-executor-4] INFO  impl.RaftServerProxy (RaftServerProxy.java:addNew(89)) - 2f24271a-73a2-4678-8a2d-efde1b9a7c05: addNew group-CE93C81AF12A:[a96edad4-0b0c-48cb-948a-93b2fbf7c409:192.168.34.62:43006, 2f24271a-73a2-4678-8a2d-efde1b9a7c05:192.168.34.62:38626, dadbf9b0-b155-425e-bdd4-f6aced2428ca:192.168.34.62:40592] returns group-CE93C81AF12A:java.util.concurrent.CompletableFuture@9a68084[Not completed]
2019-11-14 15:08:10,249 [grpc-default-executor-4] INFO  impl.RaftServerProxy (RaftServerProxy.java:addNew(89)) - a96edad4-0b0c-48cb-948a-93b2fbf7c409: addNew group-CE93C81AF12A:[a96edad4-0b0c-48cb-948a-93b2fbf7c409:192.168.34.62:43006, 2f24271a-73a2-4678-8a2d-efde1b9a7c05:192.168.34.62:38626, dadbf9b0-b155-425e-bdd4-f6aced2428ca:192.168.34.62:40592] returns group-CE93C81AF12A:java.util.concurrent.CompletableFuture@3ba58b88[Not completed]
2019-11-14 15:08:10,250 [pool-239-thread-1] INFO  impl.RaftServerImpl (RaftServerImpl.java:<init>(98)) - dadbf9b0-b155-425e-bdd4-f6aced2428ca: new RaftServerImpl for group-CE93C81AF12A:[a96edad4-0b0c-48cb-948a-93b2fbf7c409:192.168.34.62:43006, 2f24271a-73a2-4678-8a2d-efde1b9a7c05:192.168.34.62:38626, dadbf9b0-b155-425e-bdd4-f6aced2428ca:192.168.34.62:40592] with ContainerStateMachine:uninitialized
2019-11-14 15:08:10,250 [pool-239-thread-1] INFO  server.RaftServerConfigKeys (ConfUtils.java:logGet(43)) - raft.server.rpc.timeout.min = 1s (custom)
2019-11-14 15:08:10,250 [pool-239-thread-1] INFO  server.RaftServerConfigKeys (ConfUtils.java:logGet(43)) - raft.server.rpc.timeout.max = 1200ms (custom)
2019-11-14 15:08:10,251 [pool-239-thread-1] INFO  server.RaftServerConfigKeys (ConfUtils.java:logGet(43)) - raft.server.rpcslowness.timeout = 120s (custom)
2019-11-14 15:08:10,251 [pool-239-thread-1] INFO  server.RaftServerConfigKeys (ConfUtils.java:logGet(43)) - raft.server.sleep.deviation.threshold = 300 (default)
2019-11-14 15:08:10,251 [pool-239-thread-1] INFO  server.RaftServerConfigKeys (ConfUtils.java:logGet(43)) - raft.server.log.appender.install.snapshot.enabled = false (custom)
2019-11-14 15:08:10,251 [pool-239-thread-1] INFO  impl.RaftServerImpl (ServerState.java:<init>(103)) - dadbf9b0-b155-425e-bdd4-f6aced2428ca@group-CE93C81AF12A: ConfigurationManager, init=-1: [a96edad4-0b0c-48cb-948a-93b2fbf7c409:192.168.34.62:43006, 2f24271a-73a2-4678-8a2d-efde1b9a7c05:192.168.34.62:38626, dadbf9b0-b155-425e-bdd4-f6aced2428ca:192.168.34.62:40592], old=null, confs=<EMPTY_MAP>
2019-11-14 15:08:10,251 [pool-219-thread-1] INFO  impl.RaftServerImpl (RaftServerImpl.java:<init>(98)) - a96edad4-0b0c-48cb-948a-93b2fbf7c409: new RaftServerImpl for group-CE93C81AF12A:[a96edad4-0b0c-48cb-948a-93b2fbf7c409:192.168.34.62:43006, 2f24271a-73a2-4678-8a2d-efde1b9a7c05:192.168.34.62:38626, dadbf9b0-b155-425e-bdd4-f6aced2428ca:192.168.34.62:40592] with ContainerStateMachine:uninitialized
2019-11-14 15:08:10,251 [pool-239-thread-1] INFO  server.RaftServerConfigKeys (ConfUtils.java:logGet(43)) - raft.server.storage.dir = [/workdir/hadoop-ozone/integration-test/target/test-dir/MiniOzoneClusterImpl-6b3e2517-75a7-4dd9-8054-0b12e404e591/datanode-9/data/ratis] (custom)
2019-11-14 15:08:10,251 [pool-219-thread-1] INFO  server.RaftServerConfigKeys (ConfUtils.java:logGet(43)) - raft.server.rpc.timeout.min = 1s (custom)
2019-11-14 15:08:10,251 [pool-219-thread-1] INFO  server.RaftServerConfigKeys (ConfUtils.java:logGet(43)) - raft.server.rpc.timeout.max = 1200ms (custom)
2019-11-14 15:08:10,251 [pool-239-thread-1] INFO  server.RaftServerConfigKeys (ConfUtils.java:logGet(43)) - raft.server.log.corruption.policy = EXCEPTION (default)
2019-11-14 15:08:10,252 [pool-219-thread-1] INFO  server.RaftServerConfigKeys (ConfUtils.java:logGet(43)) - raft.server.rpcslowness.timeout = 120s (custom)
2019-11-14 15:08:10,252 [pool-219-thread-1] INFO  server.RaftServerConfigKeys (ConfUtils.java:logGet(43)) - raft.server.sleep.deviation.threshold = 300 (default)
2019-11-14 15:08:10,252 [pool-229-thread-1] INFO  impl.RaftServerImpl (RaftServerImpl.java:<init>(98)) - 2f24271a-73a2-4678-8a2d-efde1b9a7c05: new RaftServerImpl for group-CE93C81AF12A:[a96edad4-0b0c-48cb-948a-93b2fbf7c409:192.168.34.62:43006, 2f24271a-73a2-4678-8a2d-efde1b9a7c05:192.168.34.62:38626, dadbf9b0-b155-425e-bdd4-f6aced2428ca:192.168.34.62:40592] with ContainerStateMachine:uninitialized
2019-11-14 15:08:10,252 [pool-239-thread-1] INFO  storage.RaftStorageDirectory (RaftStorageDirectory.java:analyzeStorage(246)) - The storage directory /workdir/hadoop-ozone/integration-test/target/test-dir/MiniOzoneClusterImpl-6b3e2517-75a7-4dd9-8054-0b12e404e591/datanode-9/data/ratis/450f841a-3050-47d5-9842-ce93c81af12a does not exist. Creating ...
2019-11-14 15:08:10,252 [pool-229-thread-1] INFO  server.RaftServerConfigKeys (ConfUtils.java:logGet(43)) - raft.server.rpc.timeout.min = 1s (custom)
2019-11-14 15:08:10,252 [pool-229-thread-1] INFO  server.RaftServerConfigKeys (ConfUtils.java:logGet(43)) - raft.server.rpc.timeout.max = 1200ms (custom)
2019-11-14 15:08:10,252 [pool-219-thread-1] INFO  server.RaftServerConfigKeys (ConfUtils.java:logGet(43)) - raft.server.log.appender.install.snapshot.enabled = false (custom)
2019-11-14 15:08:10,252 [pool-229-thread-1] INFO  server.RaftServerConfigKeys (ConfUtils.java:logGet(43)) - raft.server.rpcslowness.timeout = 120s (custom)
2019-11-14 15:08:10,253 [pool-219-thread-1] INFO  impl.RaftServerImpl (ServerState.java:<init>(103)) - a96edad4-0b0c-48cb-948a-93b2fbf7c409@group-CE93C81AF12A: ConfigurationManager, init=-1: [a96edad4-0b0c-48cb-948a-93b2fbf7c409:192.168.34.62:43006, 2f24271a-73a2-4678-8a2d-efde1b9a7c05:192.168.34.62:38626, dadbf9b0-b155-425e-bdd4-f6aced2428ca:192.168.34.62:40592], old=null, confs=<EMPTY_MAP>
2019-11-14 15:08:10,253 [pool-229-thread-1] INFO  server.RaftServerConfigKeys (ConfUtils.java:logGet(43)) - raft.server.sleep.deviation.threshold = 300 (default)
2019-11-14 15:08:10,253 [pool-219-thread-1] INFO  server.RaftServerConfigKeys (ConfUtils.java:logGet(43)) - raft.server.storage.dir = [/workdir/hadoop-ozone/integration-test/target/test-dir/MiniOzoneClusterImpl-6b3e2517-75a7-4dd9-8054-0b12e404e591/datanode-7/data/ratis] (custom)
2019-11-14 15:08:10,253 [pool-229-thread-1] INFO  server.RaftServerConfigKeys (ConfUtils.java:logGet(43)) - raft.server.log.appender.install.snapshot.enabled = false (custom)
2019-11-14 15:08:10,253 [pool-229-thread-1] INFO  impl.RaftServerImpl (ServerState.java:<init>(103)) - 2f24271a-73a2-4678-8a2d-efde1b9a7c05@group-CE93C81AF12A: ConfigurationManager, init=-1: [a96edad4-0b0c-48cb-948a-93b2fbf7c409:192.168.34.62:43006, 2f24271a-73a2-4678-8a2d-efde1b9a7c05:192.168.34.62:38626, dadbf9b0-b155-425e-bdd4-f6aced2428ca:192.168.34.62:40592], old=null, confs=<EMPTY_MAP>
2019-11-14 15:08:10,253 [pool-219-thread-1] INFO  server.RaftServerConfigKeys (ConfUtils.java:logGet(43)) - raft.server.log.corruption.policy = EXCEPTION (default)
2019-11-14 15:08:10,253 [pool-229-thread-1] INFO  server.RaftServerConfigKeys (ConfUtils.java:logGet(43)) - raft.server.storage.dir = [/workdir/hadoop-ozone/integration-test/target/test-dir/MiniOzoneClusterImpl-6b3e2517-75a7-4dd9-8054-0b12e404e591/datanode-8/data/ratis] (custom)
2019-11-14 15:08:10,253 [pool-219-thread-1] INFO  storage.RaftStorageDirectory (RaftStorageDirectory.java:analyzeStorage(246)) - The storage directory /workdir/hadoop-ozone/integration-test/target/test-dir/MiniOzoneClusterImpl-6b3e2517-75a7-4dd9-8054-0b12e404e591/datanode-7/data/ratis/450f841a-3050-47d5-9842-ce93c81af12a does not exist. Creating ...
2019-11-14 15:08:10,254 [pool-229-thread-1] INFO  server.RaftServerConfigKeys (ConfUtils.java:logGet(43)) - raft.server.log.corruption.policy = EXCEPTION (default)
2019-11-14 15:08:10,254 [pool-229-thread-1] INFO  storage.RaftStorageDirectory (RaftStorageDirectory.java:analyzeStorage(246)) - The storage directory /workdir/hadoop-ozone/integration-test/target/test-dir/MiniOzoneClusterImpl-6b3e2517-75a7-4dd9-8054-0b12e404e591/datanode-8/data/ratis/450f841a-3050-47d5-9842-ce93c81af12a does not exist. Creating ...
2019-11-14 15:08:10,266 [pool-239-thread-1] INFO  storage.RaftStorageDirectory (RaftStorageDirectory.java:tryLock(328)) - Lock on /workdir/hadoop-ozone/integration-test/target/test-dir/MiniOzoneClusterImpl-6b3e2517-75a7-4dd9-8054-0b12e404e591/datanode-9/data/ratis/450f841a-3050-47d5-9842-ce93c81af12a/in_use.lock acquired by nodename 23875@pr-hdds-2480-6qkg9-608321763
2019-11-14 15:08:10,266 [pool-229-thread-1] INFO  storage.RaftStorageDirectory (RaftStorageDirectory.java:tryLock(328)) - Lock on /workdir/hadoop-ozone/integration-test/target/test-dir/MiniOzoneClusterImpl-6b3e2517-75a7-4dd9-8054-0b12e404e591/datanode-8/data/ratis/450f841a-3050-47d5-9842-ce93c81af12a/in_use.lock acquired by nodename 23875@pr-hdds-2480-6qkg9-608321763
2019-11-14 15:08:10,266 [pool-219-thread-1] INFO  storage.RaftStorageDirectory (RaftStorageDirectory.java:tryLock(328)) - Lock on /workdir/hadoop-ozone/integration-test/target/test-dir/MiniOzoneClusterImpl-6b3e2517-75a7-4dd9-8054-0b12e404e591/datanode-7/data/ratis/450f841a-3050-47d5-9842-ce93c81af12a/in_use.lock acquired by nodename 23875@pr-hdds-2480-6qkg9-608321763
2019-11-14 15:08:10,280 [pool-219-thread-1] INFO  storage.RaftStorage (RaftStorage.java:format(84)) - Storage directory /workdir/hadoop-ozone/integration-test/target/test-dir/MiniOzoneClusterImpl-6b3e2517-75a7-4dd9-8054-0b12e404e591/datanode-7/data/ratis/450f841a-3050-47d5-9842-ce93c81af12a has been successfully formatted.
2019-11-14 15:08:10,280 [pool-229-thread-1] INFO  storage.RaftStorage (RaftStorage.java:format(84)) - Storage directory /workdir/hadoop-ozone/integration-test/target/test-dir/MiniOzoneClusterImpl-6b3e2517-75a7-4dd9-8054-0b12e404e591/datanode-8/data/ratis/450f841a-3050-47d5-9842-ce93c81af12a has been successfully formatted.
2019-11-14 15:08:10,280 [pool-239-thread-1] INFO  storage.RaftStorage (RaftStorage.java:format(84)) - Storage directory /workdir/hadoop-ozone/integration-test/target/test-dir/MiniOzoneClusterImpl-6b3e2517-75a7-4dd9-8054-0b12e404e591/datanode-9/data/ratis/450f841a-3050-47d5-9842-ce93c81af12a has been successfully formatted.
2019-11-14 15:08:10,280 [pool-229-thread-1] INFO  ratis.ContainerStateMachine (ContainerStateMachine.java:loadSnapshot(223)) - group-CE93C81AF12A: The snapshot info is null. Setting the last applied indexto:(t:0, i:~)
2019-11-14 15:08:10,280 [pool-219-thread-1] INFO  ratis.ContainerStateMachine (ContainerStateMachine.java:loadSnapshot(223)) - group-CE93C81AF12A: The snapshot info is null. Setting the last applied indexto:(t:0, i:~)
2019-11-14 15:08:10,280 [pool-239-thread-1] INFO  ratis.ContainerStateMachine (ContainerStateMachine.java:loadSnapshot(223)) - group-CE93C81AF12A: The snapshot info is null. Setting the last applied indexto:(t:0, i:~)
2019-11-14 15:08:10,280 [pool-229-thread-1] INFO  server.RaftServerConfigKeys (ConfUtils.java:logGet(43)) - raft.server.notification.no-leader.timeout = 120s (custom)
2019-11-14 15:08:10,281 [pool-239-thread-1] INFO  server.RaftServerConfigKeys (ConfUtils.java:logGet(43)) - raft.server.notification.no-leader.timeout = 120s (custom)
2019-11-14 15:08:10,281 [pool-219-thread-1] INFO  server.RaftServerConfigKeys (ConfUtils.java:logGet(43)) - raft.server.notification.no-leader.timeout = 120s (custom)
2019-11-14 15:08:10,281 [pool-239-thread-1] INFO  server.RaftServerConfigKeys (ConfUtils.java:logGet(43)) - raft.server.log.use.memory = false (default)
2019-11-14 15:08:10,281 [pool-229-thread-1] INFO  server.RaftServerConfigKeys (ConfUtils.java:logGet(43)) - raft.server.log.use.memory = false (default)
2019-11-14 15:08:10,281 [pool-239-thread-1] INFO  server.RaftServerConfigKeys (ConfUtils.java:logGet(43)) - raft.server.log.purge.gap = 1000000 (custom)
2019-11-14 15:08:10,281 [pool-219-thread-1] INFO  server.RaftServerConfigKeys (ConfUtils.java:logGet(43)) - raft.server.log.use.memory = false (default)
2019-11-14 15:08:10,281 [pool-239-thread-1] INFO  server.RaftServerConfigKeys (ConfUtils.java:logGet(43)) - raft.server.log.appender.buffer.byte-limit = 33554432 (custom)
2019-11-14 15:08:10,281 [pool-229-thread-1] INFO  server.RaftServerConfigKeys (ConfUtils.java:logGet(43)) - raft.server.log.purge.gap = 1000000 (custom)
2019-11-14 15:08:10,282 [pool-239-thread-1] INFO  server.RaftServerConfigKeys (ConfUtils.java:logGet(43)) - raft.server.log.segment.size.max = 1048576 (custom)
2019-11-14 15:08:10,281 [pool-219-thread-1] INFO  server.RaftServerConfigKeys (ConfUtils.java:logGet(43)) - raft.server.log.purge.gap = 1000000 (custom)
2019-11-14 15:08:10,282 [pool-239-thread-1] INFO  server.RaftServerConfigKeys (ConfUtils.java:logGet(43)) - raft.server.log.segment.cache.num.max = 2 (custom)
2019-11-14 15:08:10,282 [pool-229-thread-1] INFO  server.RaftServerConfigKeys (ConfUtils.java:logGet(43)) - raft.server.log.appender.buffer.byte-limit = 33554432 (custom)
2019-11-14 15:08:10,282 [pool-239-thread-1] INFO  segmented.SegmentedRaftLogWorker (SegmentedRaftLogWorker.java:<init>(173)) - new dadbf9b0-b155-425e-bdd4-f6aced2428ca@group-CE93C81AF12A-SegmentedRaftLogWorker for RaftStorage:Storage Directory /workdir/hadoop-ozone/integration-test/target/test-dir/MiniOzoneClusterImpl-6b3e2517-75a7-4dd9-8054-0b12e404e591/datanode-9/data/ratis/450f841a-3050-47d5-9842-ce93c81af12a
2019-11-14 15:08:10,282 [pool-219-thread-1] INFO  server.RaftServerConfigKeys (ConfUtils.java:logGet(43)) - raft.server.log.appender.buffer.byte-limit = 33554432 (custom)
2019-11-14 15:08:10,282 [pool-239-thread-1] INFO  server.RaftServerConfigKeys (ConfUtils.java:logGet(43)) - raft.server.log.queue.byte-limit = 2147483647 (custom)
2019-11-14 15:08:10,283 [pool-239-thread-1] INFO  server.RaftServerConfigKeys (ConfUtils.java:logGet(43)) - raft.server.log.queue.element-limit = 1024 (custom)
2019-11-14 15:08:10,282 [pool-229-thread-1] INFO  server.RaftServerConfigKeys (ConfUtils.java:logGet(43)) - raft.server.log.segment.size.max = 1048576 (custom)
2019-11-14 15:08:10,283 [pool-239-thread-1] INFO  server.RaftServerConfigKeys (ConfUtils.java:logGet(43)) - raft.server.log.segment.size.max = 1048576 (custom)
2019-11-14 15:08:10,282 [pool-219-thread-1] INFO  server.RaftServerConfigKeys (ConfUtils.java:logGet(43)) - raft.server.log.segment.size.max = 1048576 (custom)
2019-11-14 15:08:10,283 [pool-239-thread-1] INFO  server.RaftServerConfigKeys (ConfUtils.java:logGet(43)) - raft.server.log.preallocated.size = 16384 (custom)
2019-11-14 15:08:10,283 [pool-229-thread-1] INFO  server.RaftServerConfigKeys (ConfUtils.java:logGet(43)) - raft.server.log.segment.cache.num.max = 2 (custom)
2019-11-14 15:08:10,283 [pool-239-thread-1] INFO  server.RaftServerConfigKeys (ConfUtils.java:logGet(43)) - raft.server.log.write.buffer.size = 33554432 (custom)
2019-11-14 15:08:10,283 [pool-219-thread-1] INFO  server.RaftServerConfigKeys (ConfUtils.java:logGet(43)) - raft.server.log.segment.cache.num.max = 2 (custom)
2019-11-14 15:08:10,283 [pool-239-thread-1] INFO  server.RaftServerConfigKeys (ConfUtils.java:logGet(43)) - raft.server.log.force.sync.num = 128 (default)
2019-11-14 15:08:10,283 [pool-229-thread-1] INFO  segmented.SegmentedRaftLogWorker (SegmentedRaftLogWorker.java:<init>(173)) - new 2f24271a-73a2-4678-8a2d-efde1b9a7c05@group-CE93C81AF12A-SegmentedRaftLogWorker for RaftStorage:Storage Directory /workdir/hadoop-ozone/integration-test/target/test-dir/MiniOzoneClusterImpl-6b3e2517-75a7-4dd9-8054-0b12e404e591/datanode-8/data/ratis/450f841a-3050-47d5-9842-ce93c81af12a
2019-11-14 15:08:10,284 [pool-239-thread-1] INFO  server.RaftServerConfigKeys (ConfUtils.java:logGet(43)) - raft.server.log.statemachine.data.sync = true (default)
2019-11-14 15:08:10,284 [pool-219-thread-1] INFO  segmented.SegmentedRaftLogWorker (SegmentedRaftLogWorker.java:<init>(173)) - new a96edad4-0b0c-48cb-948a-93b2fbf7c409@group-CE93C81AF12A-SegmentedRaftLogWorker for RaftStorage:Storage Directory /workdir/hadoop-ozone/integration-test/target/test-dir/MiniOzoneClusterImpl-6b3e2517-75a7-4dd9-8054-0b12e404e591/datanode-7/data/ratis/450f841a-3050-47d5-9842-ce93c81af12a
2019-11-14 15:08:10,284 [pool-239-thread-1] INFO  server.RaftServerConfigKeys (ConfUtils.java:logGet(43)) - raft.server.log.statemachine.data.sync.timeout = 10s (default)
2019-11-14 15:08:10,284 [pool-229-thread-1] INFO  server.RaftServerConfigKeys (ConfUtils.java:logGet(43)) - raft.server.log.queue.byte-limit = 2147483647 (custom)
2019-11-14 15:08:10,284 [pool-239-thread-1] INFO  server.RaftServerConfigKeys (ConfUtils.java:logGet(43)) - raft.server.log.statemachine.data.sync.timeout.retry = -1 (default)
2019-11-14 15:08:10,284 [pool-219-thread-1] INFO  server.RaftServerConfigKeys (ConfUtils.java:logGet(43)) - raft.server.log.queue.byte-limit = 2147483647 (custom)
2019-11-14 15:08:10,285 [pool-239-thread-1] INFO  server.RaftServerConfigKeys (ConfUtils.java:logGet(43)) - raft.server.log.statemachine.data.caching.enabled = true (custom)
2019-11-14 15:08:10,284 [pool-229-thread-1] INFO  server.RaftServerConfigKeys (ConfUtils.java:logGet(43)) - raft.server.log.queue.element-limit = 1024 (custom)
2019-11-14 15:08:10,285 [pool-219-thread-1] INFO  server.RaftServerConfigKeys (ConfUtils.java:logGet(43)) - raft.server.log.queue.element-limit = 1024 (custom)
2019-11-14 15:08:10,285 [pool-239-thread-1] INFO  segmented.SegmentedRaftLogWorker (SegmentedRaftLogWorker.java:lambda$new$0(128)) - dadbf9b0-b155-425e-bdd4-f6aced2428ca@group-CE93C81AF12A-SegmentedRaftLogWorker: flushIndex: setUnconditionally 0 -> -1
2019-11-14 15:08:10,285 [pool-229-thread-1] INFO  server.RaftServerConfigKeys (ConfUtils.java:logGet(43)) - raft.server.log.segment.size.max = 1048576 (custom)
2019-11-14 15:08:10,285 [pool-219-thread-1] INFO  server.RaftServerConfigKeys (ConfUtils.java:logGet(43)) - raft.server.log.segment.size.max = 1048576 (custom)
2019-11-14 15:08:10,285 [pool-229-thread-1] INFO  server.RaftServerConfigKeys (ConfUtils.java:logGet(43)) - raft.server.log.preallocated.size = 16384 (custom)
2019-11-14 15:08:10,285 [pool-239-thread-1] INFO  server.RaftServerConfigKeys (ConfUtils.java:logGet(43)) - raft.server.snapshot.auto.trigger.enabled = true (custom)
2019-11-14 15:08:10,286 [pool-229-thread-1] INFO  server.RaftServerConfigKeys (ConfUtils.java:logGet(43)) - raft.server.log.write.buffer.size = 33554432 (custom)
2019-11-14 15:08:10,285 [pool-219-thread-1] INFO  server.RaftServerConfigKeys (ConfUtils.java:logGet(43)) - raft.server.log.preallocated.size = 16384 (custom)
2019-11-14 15:08:10,286 [pool-229-thread-1] INFO  server.RaftServerConfigKeys (ConfUtils.java:logGet(43)) - raft.server.log.force.sync.num = 128 (default)
2019-11-14 15:08:10,286 [pool-239-thread-1] INFO  server.RaftServerConfigKeys (ConfUtils.java:logGet(43)) - raft.server.snapshot.auto.trigger.threshold = 10000 (custom)
2019-11-14 15:08:10,286 [pool-229-thread-1] INFO  server.RaftServerConfigKeys (ConfUtils.java:logGet(43)) - raft.server.log.statemachine.data.sync = true (default)
2019-11-14 15:08:10,286 [pool-219-thread-1] INFO  server.RaftServerConfigKeys (ConfUtils.java:logGet(43)) - raft.server.log.write.buffer.size = 33554432 (custom)
2019-11-14 15:08:10,286 [pool-229-thread-1] INFO  server.RaftServerConfigKeys (ConfUtils.java:logGet(43)) - raft.server.log.statemachine.data.sync.timeout = 10s (default)
2019-11-14 15:08:10,286 [pool-239-thread-1] INFO  server.RaftServerConfigKeys (ConfUtils.java:logGet(43)) - raft.server.snapshot.retention.file.num = 5 (custom)
2019-11-14 15:08:10,287 [pool-229-thread-1] INFO  server.RaftServerConfigKeys (ConfUtils.java:logGet(43)) - raft.server.log.statemachine.data.sync.timeout.retry = -1 (default)
2019-11-14 15:08:10,286 [pool-219-thread-1] INFO  server.RaftServerConfigKeys (ConfUtils.java:logGet(43)) - raft.server.log.force.sync.num = 128 (default)
2019-11-14 15:08:10,287 [pool-229-thread-1] INFO  server.RaftServerConfigKeys (ConfUtils.java:logGet(43)) - raft.server.log.statemachine.data.caching.enabled = true (custom)
2019-11-14 15:08:10,287 [pool-239-thread-1] INFO  server.RaftServerConfigKeys (ConfUtils.java:logGet(43)) - raft.server.retrycache.expirytime = 600000ms (custom)
2019-11-14 15:08:10,287 [pool-219-thread-1] INFO  server.RaftServerConfigKeys (ConfUtils.java:logGet(43)) - raft.server.log.statemachine.data.sync = true (default)
2019-11-14 15:08:10,287 [pool-229-thread-1] INFO  segmented.SegmentedRaftLogWorker (SegmentedRaftLogWorker.java:lambda$new$0(128)) - 2f24271a-73a2-4678-8a2d-efde1b9a7c05@group-CE93C81AF12A-SegmentedRaftLogWorker: flushIndex: setUnconditionally 0 -> -1
2019-11-14 15:08:10,287 [pool-219-thread-1] INFO  server.RaftServerConfigKeys (ConfUtils.java:logGet(43)) - raft.server.log.statemachine.data.sync.timeout = 10s (default)
2019-11-14 15:08:10,287 [pool-239-thread-1] WARN  impl.MetricRegistriesImpl (MetricRegistriesImpl.java:lambda$create$1(61)) - First MetricRegistry has been created without registering reporters. You may need to call MetricRegistries.global().addReportRegistration(...) before.
2019-11-14 15:08:10,288 [pool-229-thread-1] INFO  server.RaftServerConfigKeys (ConfUtils.java:logGet(43)) - raft.server.snapshot.auto.trigger.enabled = true (custom)
2019-11-14 15:08:10,288 [pool-219-thread-1] INFO  server.RaftServerConfigKeys (ConfUtils.java:logGet(43)) - raft.server.log.statemachine.data.sync.timeout.retry = -1 (default)
2019-11-14 15:08:10,288 [pool-229-thread-1] INFO  server.RaftServerConfigKeys (ConfUtils.java:logGet(43)) - raft.server.snapshot.auto.trigger.threshold = 10000 (custom)
2019-11-14 15:08:10,288 [pool-239-thread-1] WARN  impl.MetricRegistriesImpl (MetricRegistriesImpl.java:lambda$create$1(61)) - First MetricRegistry has been created without registering reporters. You may need to call MetricRegistries.global().addReportRegistration(...) before.
2019-11-14 15:08:10,288 [pool-229-thread-1] INFO  server.RaftServerConfigKeys (ConfUtils.java:logGet(43)) - raft.server.snapshot.retention.file.num = 5 (custom)
2019-11-14 15:08:10,288 [pool-219-thread-1] INFO  server.RaftServerConfigKeys (ConfUtils.java:logGet(43)) - raft.server.log.statemachine.data.caching.enabled = true (custom)
2019-11-14 15:08:10,289 [pool-229-thread-1] INFO  server.RaftServerConfigKeys (ConfUtils.java:logGet(43)) - raft.server.retrycache.expirytime = 600000ms (custom)
2019-11-14 15:08:10,289 [pool-239-thread-1] INFO  impl.RaftServerImpl (RaftServerImpl.java:start(184)) - dadbf9b0-b155-425e-bdd4-f6aced2428ca@group-CE93C81AF12A: start as a follower, conf=-1: [a96edad4-0b0c-48cb-948a-93b2fbf7c409:192.168.34.62:43006, 2f24271a-73a2-4678-8a2d-efde1b9a7c05:192.168.34.62:38626, dadbf9b0-b155-425e-bdd4-f6aced2428ca:192.168.34.62:40592], old=null
2019-11-14 15:08:10,289 [pool-219-thread-1] INFO  segmented.SegmentedRaftLogWorker (SegmentedRaftLogWorker.java:lambda$new$0(128)) - a96edad4-0b0c-48cb-948a-93b2fbf7c409@group-CE93C81AF12A-SegmentedRaftLogWorker: flushIndex: setUnconditionally 0 -> -1
2019-11-14 15:08:10,289 [pool-229-thread-1] WARN  impl.MetricRegistriesImpl (MetricRegistriesImpl.java:lambda$create$1(61)) - First MetricRegistry has been created without registering reporters. You may need to call MetricRegistries.global().addReportRegistration(...) before.
2019-11-14 15:08:10,289 [pool-239-thread-1] INFO  impl.RaftServerImpl (RaftServerImpl.java:setRole(173)) - dadbf9b0-b155-425e-bdd4-f6aced2428ca@group-CE93C81AF12A: changes role from      null to FOLLOWER at term 0 for startAsFollower
2019-11-14 15:08:10,289 [pool-229-thread-1] WARN  impl.MetricRegistriesImpl (MetricRegistriesImpl.java:lambda$create$1(61)) - First MetricRegistry has been created without registering reporters. You may need to call MetricRegistries.global().addReportRegistration(...) before.
2019-11-14 15:08:10,289 [pool-219-thread-1] INFO  server.RaftServerConfigKeys (ConfUtils.java:logGet(43)) - raft.server.snapshot.auto.trigger.enabled = true (custom)
2019-11-14 15:08:10,290 [pool-239-thread-1] INFO  impl.RoleInfo (RoleInfo.java:updateAndGet(143)) - dadbf9b0-b155-425e-bdd4-f6aced2428ca: start FollowerState
2019-11-14 15:08:10,290 [pool-219-thread-1] INFO  server.RaftServerConfigKeys (ConfUtils.java:logGet(43)) - raft.server.snapshot.auto.trigger.threshold = 10000 (custom)
2019-11-14 15:08:10,290 [pool-229-thread-1] INFO  impl.RaftServerImpl (RaftServerImpl.java:start(184)) - 2f24271a-73a2-4678-8a2d-efde1b9a7c05@group-CE93C81AF12A: start as a follower, conf=-1: [a96edad4-0b0c-48cb-948a-93b2fbf7c409:192.168.34.62:43006, 2f24271a-73a2-4678-8a2d-efde1b9a7c05:192.168.34.62:38626, dadbf9b0-b155-425e-bdd4-f6aced2428ca:192.168.34.62:40592], old=null
2019-11-14 15:08:10,290 [pool-219-thread-1] INFO  server.RaftServerConfigKeys (ConfUtils.java:logGet(43)) - raft.server.snapshot.retention.file.num = 5 (custom)
2019-11-14 15:08:10,290 [pool-229-thread-1] INFO  impl.RaftServerImpl (RaftServerImpl.java:setRole(173)) - 2f24271a-73a2-4678-8a2d-efde1b9a7c05@group-CE93C81AF12A: changes role from      null to FOLLOWER at term 0 for startAsFollower
2019-11-14 15:08:10,290 [pool-219-thread-1] INFO  server.RaftServerConfigKeys (ConfUtils.java:logGet(43)) - raft.server.retrycache.expirytime = 600000ms (custom)
2019-11-14 15:08:10,290 [pool-239-thread-1] INFO  util.JmxRegister (JmxRegister.java:tryRegister(44)) - Successfully registered JMX Bean with object name Ratis:service=RaftServer,group=group-CE93C81AF12A,id=dadbf9b0-b155-425e-bdd4-f6aced2428ca
2019-11-14 15:08:10,291 [pool-219-thread-1] WARN  impl.MetricRegistriesImpl (MetricRegistriesImpl.java:lambda$create$1(61)) - First MetricRegistry has been created without registering reporters. You may need to call MetricRegistries.global().addReportRegistration(...) before.
2019-11-14 15:08:10,291 [pool-229-thread-1] INFO  impl.RoleInfo (RoleInfo.java:updateAndGet(143)) - 2f24271a-73a2-4678-8a2d-efde1b9a7c05: start FollowerState
2019-11-14 15:08:10,291 [pool-219-thread-1] WARN  impl.MetricRegistriesImpl (MetricRegistriesImpl.java:lambda$create$1(61)) - First MetricRegistry has been created without registering reporters. You may need to call MetricRegistries.global().addReportRegistration(...) before.
2019-11-14 15:08:10,291 [pool-239-thread-1] WARN  impl.MetricRegistriesImpl (MetricRegistriesImpl.java:lambda$create$1(61)) - First MetricRegistry has been created without registering reporters. You may need to call MetricRegistries.global().addReportRegistration(...) before.
2019-11-14 15:08:10,291 [pool-229-thread-1] INFO  util.JmxRegister (JmxRegister.java:tryRegister(44)) - Successfully registered JMX Bean with object name Ratis:service=RaftServer,group=group-CE93C81AF12A,id=2f24271a-73a2-4678-8a2d-efde1b9a7c05
2019-11-14 15:08:10,291 [pool-219-thread-1] INFO  impl.RaftServerImpl (RaftServerImpl.java:start(184)) - a96edad4-0b0c-48cb-948a-93b2fbf7c409@group-CE93C81AF12A: start as a follower, conf=-1: [a96edad4-0b0c-48cb-948a-93b2fbf7c409:192.168.34.62:43006, 2f24271a-73a2-4678-8a2d-efde1b9a7c05:192.168.34.62:38626, dadbf9b0-b155-425e-bdd4-f6aced2428ca:192.168.34.62:40592], old=null
2019-11-14 15:08:10,292 [pool-229-thread-1] WARN  impl.MetricRegistriesImpl (MetricRegistriesImpl.java:lambda$create$1(61)) - First MetricRegistry has been created without registering reporters. You may need to call MetricRegistries.global().addReportRegistration(...) before.
2019-11-14 15:08:10,292 [pool-219-thread-1] INFO  impl.RaftServerImpl (RaftServerImpl.java:setRole(173)) - a96edad4-0b0c-48cb-948a-93b2fbf7c409@group-CE93C81AF12A: changes role from      null to FOLLOWER at term 0 for startAsFollower
2019-11-14 15:08:10,292 [pool-219-thread-1] INFO  impl.RoleInfo (RoleInfo.java:updateAndGet(143)) - a96edad4-0b0c-48cb-948a-93b2fbf7c409: start FollowerState
2019-11-14 15:08:10,292 [pool-219-thread-1] INFO  util.JmxRegister (JmxRegister.java:tryRegister(44)) - Successfully registered JMX Bean with object name Ratis:service=RaftServer,group=group-CE93C81AF12A,id=a96edad4-0b0c-48cb-948a-93b2fbf7c409
2019-11-14 15:08:10,293 [pool-219-thread-1] WARN  impl.MetricRegistriesImpl (MetricRegistriesImpl.java:lambda$create$1(61)) - First MetricRegistry has been created without registering reporters. You may need to call MetricRegistries.global().addReportRegistration(...) before.
2019-11-14 15:08:10,295 [RatisPipelineUtilsThread] INFO  pipeline.PipelineStateManager (PipelineStateManager.java:addPipeline(55)) - Created pipeline Pipeline[ Id: 450f841a-3050-47d5-9842-ce93c81af12a, Nodes: dadbf9b0-b155-425e-bdd4-f6aced2428ca{ip: 192.168.34.62, host: pr-hdds-2480-6qkg9-608321763, networkLocation: /rack1, certSerialId: null}2f24271a-73a2-4678-8a2d-efde1b9a7c05{ip: 192.168.34.62, host: pr-hdds-2480-6qkg9-608321763, networkLocation: /rack1, certSerialId: null}a96edad4-0b0c-48cb-948a-93b2fbf7c409{ip: 192.168.34.62, host: pr-hdds-2480-6qkg9-608321763, networkLocation: /rack1, certSerialId: null}, Type:RATIS, Factor:THREE, State:ALLOCATED]
2019-11-14 15:08:10,298 [Thread-1271] INFO  pipeline.PipelineStateManager (PipelineStateManager.java:finalizePipeline(121)) - Pipeline Pipeline[ Id: 85b4431e-b4e3-4809-bf80-db67bf62a5e8, Nodes: dadbf9b0-b155-425e-bdd4-f6aced2428ca{ip: 192.168.34.62, host: pr-hdds-2480-6qkg9-608321763, networkLocation: /rack1, certSerialId: null}, Type:RATIS, Factor:ONE, State:CLOSED] moved to CLOSED state
2019-11-14 15:08:10,302 [grpc-default-executor-4] INFO  impl.RaftServerProxy (RaftServerProxy.java:remove(95)) - dadbf9b0-b155-425e-bdd4-f6aced2428ca: remove    LEADER dadbf9b0-b155-425e-bdd4-f6aced2428ca@group-DB67BF62A5E8:t1, leader=dadbf9b0-b155-425e-bdd4-f6aced2428ca, voted=dadbf9b0-b155-425e-bdd4-f6aced2428ca, raftlog=dadbf9b0-b155-425e-bdd4-f6aced2428ca@group-DB67BF62A5E8-SegmentedRaftLog:OPENED:c0,f0,i0, conf=0: [dadbf9b0-b155-425e-bdd4-f6aced2428ca:192.168.34.62:40592], old=null RUNNING
2019-11-14 15:08:10,302 [grpc-default-executor-4] INFO  impl.RaftServerImpl (RaftServerImpl.java:lambda$shutdown$3(250)) - dadbf9b0-b155-425e-bdd4-f6aced2428ca@group-DB67BF62A5E8: shutdown
2019-11-14 15:08:10,302 [grpc-default-executor-4] INFO  util.JmxRegister (JmxRegister.java:unregister(73)) - Successfully un-registered JMX Bean with object name Ratis:service=RaftServer,group=group-DB67BF62A5E8,id=dadbf9b0-b155-425e-bdd4-f6aced2428ca
2019-11-14 15:08:10,302 [grpc-default-executor-4] INFO  impl.RoleInfo (RoleInfo.java:shutdownLeaderState(104)) - dadbf9b0-b155-425e-bdd4-f6aced2428ca: shutdown LeaderState
2019-11-14 15:08:10,302 [grpc-default-executor-4] INFO  impl.PendingRequests (PendingRequests.java:sendNotLeaderResponses(206)) - dadbf9b0-b155-425e-bdd4-f6aced2428ca@group-DB67BF62A5E8-PendingRequests: sendNotLeaderResponses
2019-11-14 15:08:10,302 [grpc-default-executor-4] INFO  impl.StateMachineUpdater (StateMachineUpdater.java:stopAndJoin(136)) - dadbf9b0-b155-425e-bdd4-f6aced2428ca@group-DB67BF62A5E8-StateMachineUpdater: set stopIndex = 0
2019-11-14 15:08:10,303 [grpc-default-executor-4] INFO  impl.RaftServerImpl (ServerState.java:close(387)) - dadbf9b0-b155-425e-bdd4-f6aced2428ca@group-DB67BF62A5E8: closes. applyIndex: 0
2019-11-14 15:08:10,303 [dadbf9b0-b155-425e-bdd4-f6aced2428ca@group-DB67BF62A5E8-SegmentedRaftLogWorker] INFO  segmented.SegmentedRaftLogWorker (SegmentedRaftLogWorker.java:run(316)) - dadbf9b0-b155-425e-bdd4-f6aced2428ca@group-DB67BF62A5E8-SegmentedRaftLogWorker was interrupted, exiting. There are 0 tasks remaining in the queue.
2019-11-14 15:08:10,303 [grpc-default-executor-4] INFO  segmented.SegmentedRaftLogWorker (SegmentedRaftLogWorker.java:close(224)) - dadbf9b0-b155-425e-bdd4-f6aced2428ca@group-DB67BF62A5E8-SegmentedRaftLogWorker close()
2019-11-14 15:08:10,308 [Thread-1271] INFO  pipeline.PipelineStateManager (PipelineStateManager.java:removePipeline(106)) - Pipeline Pipeline[ Id: 85b4431e-b4e3-4809-bf80-db67bf62a5e8, Nodes: dadbf9b0-b155-425e-bdd4-f6aced2428ca{ip: 192.168.34.62, host: pr-hdds-2480-6qkg9-608321763, networkLocation: /rack1, certSerialId: null}, Type:RATIS, Factor:ONE, State:CLOSED] removed from db
2019-11-14 15:08:10,308 [Thread-1271] INFO  pipeline.SCMPipelineManager (SCMPipelineManager.java:finalizeAndDestroyPipeline(315)) - destroying pipeline:Pipeline[ Id: 2d1af546-7659-4147-8f18-1cfc7a090c1a, Nodes: 8344cb33-ae61-4ff3-97f7-00b91742683d{ip: 192.168.34.62, host: pr-hdds-2480-6qkg9-608321763, networkLocation: /rack1, certSerialId: null}59f802cb-c907-44a0-9069-e10bb38eff5d{ip: 192.168.34.62, host: pr-hdds-2480-6qkg9-608321763, networkLocation: /rack1, certSerialId: null}25c17e6e-60f2-43b7-8570-af6cc9981309{ip: 192.168.34.62, host: pr-hdds-2480-6qkg9-608321763, networkLocation: /rack1, certSerialId: null}, Type:RATIS, Factor:THREE, State:OPEN]
2019-11-14 15:08:10,322 [grpc-default-executor-4] INFO  impl.RaftServerProxy (RaftServerProxy.java:addNew(89)) - dadbf9b0-b155-425e-bdd4-f6aced2428ca: addNew group-08FF9A873941:[dadbf9b0-b155-425e-bdd4-f6aced2428ca:192.168.34.62:40592] returns group-08FF9A873941:java.util.concurrent.CompletableFuture@2912bb3[Not completed]
2019-11-14 15:08:10,324 [pool-239-thread-1] INFO  impl.RaftServerImpl (RaftServerImpl.java:<init>(98)) - dadbf9b0-b155-425e-bdd4-f6aced2428ca: new RaftServerImpl for group-08FF9A873941:[dadbf9b0-b155-425e-bdd4-f6aced2428ca:192.168.34.62:40592] with ContainerStateMachine:uninitialized
2019-11-14 15:08:10,324 [pool-239-thread-1] INFO  server.RaftServerConfigKeys (ConfUtils.java:logGet(43)) - raft.server.rpc.timeout.min = 1s (custom)
2019-11-14 15:08:10,325 [pool-239-thread-1] INFO  server.RaftServerConfigKeys (ConfUtils.java:logGet(43)) - raft.server.rpc.timeout.max = 1200ms (custom)
2019-11-14 15:08:10,325 [pool-239-thread-1] INFO  server.RaftServerConfigKeys (ConfUtils.java:logGet(43)) - raft.server.rpcslowness.timeout = 120s (custom)
2019-11-14 15:08:10,325 [pool-239-thread-1] INFO  server.RaftServerConfigKeys (ConfUtils.java:logGet(43)) - raft.server.sleep.deviation.threshold = 300 (default)
2019-11-14 15:08:10,325 [pool-239-thread-1] INFO  server.RaftServerConfigKeys (ConfUtils.java:logGet(43)) - raft.server.log.appender.install.snapshot.enabled = false (custom)
2019-11-14 15:08:10,325 [pool-239-thread-1] INFO  impl.RaftServerImpl (ServerState.java:<init>(103)) - dadbf9b0-b155-425e-bdd4-f6aced2428ca@group-08FF9A873941: ConfigurationManager, init=-1: [dadbf9b0-b155-425e-bdd4-f6aced2428ca:192.168.34.62:40592], old=null, confs=<EMPTY_MAP>
2019-11-14 15:08:10,325 [pool-239-thread-1] INFO  server.RaftServerConfigKeys (ConfUtils.java:logGet(43)) - raft.server.storage.dir = [/workdir/hadoop-ozone/integration-test/target/test-dir/MiniOzoneClusterImpl-6b3e2517-75a7-4dd9-8054-0b12e404e591/datanode-9/data/ratis] (custom)
2019-11-14 15:08:10,326 [pool-239-thread-1] INFO  server.RaftServerConfigKeys (ConfUtils.java:logGet(43)) - raft.server.log.corruption.policy = EXCEPTION (default)
2019-11-14 15:08:10,326 [pool-239-thread-1] INFO  storage.RaftStorageDirectory (RaftStorageDirectory.java:analyzeStorage(246)) - The storage directory /workdir/hadoop-ozone/integration-test/target/test-dir/MiniOzoneClusterImpl-6b3e2517-75a7-4dd9-8054-0b12e404e591/datanode-9/data/ratis/4d985fc6-26e1-42ed-8eea-08ff9a873941 does not exist. Creating ...
2019-11-14 15:08:10,339 [pool-239-thread-1] INFO  storage.RaftStorageDirectory (RaftStorageDirectory.java:tryLock(328)) - Lock on /workdir/hadoop-ozone/integration-test/target/test-dir/MiniOzoneClusterImpl-6b3e2517-75a7-4dd9-8054-0b12e404e591/datanode-9/data/ratis/4d985fc6-26e1-42ed-8eea-08ff9a873941/in_use.lock acquired by nodename 23875@pr-hdds-2480-6qkg9-608321763
2019-11-14 15:08:10,352 [pool-239-thread-1] INFO  storage.RaftStorage (RaftStorage.java:format(84)) - Storage directory /workdir/hadoop-ozone/integration-test/target/test-dir/MiniOzoneClusterImpl-6b3e2517-75a7-4dd9-8054-0b12e404e591/datanode-9/data/ratis/4d985fc6-26e1-42ed-8eea-08ff9a873941 has been successfully formatted.
2019-11-14 15:08:10,352 [pool-239-thread-1] INFO  ratis.ContainerStateMachine (ContainerStateMachine.java:loadSnapshot(223)) - group-08FF9A873941: The snapshot info is null. Setting the last applied indexto:(t:0, i:~)
2019-11-14 15:08:10,352 [pool-239-thread-1] INFO  server.RaftServerConfigKeys (ConfUtils.java:logGet(43)) - raft.server.notification.no-leader.timeout = 120s (custom)
2019-11-14 15:08:10,352 [pool-239-thread-1] INFO  server.RaftServerConfigKeys (ConfUtils.java:logGet(43)) - raft.server.log.use.memory = false (default)
2019-11-14 15:08:10,352 [pool-239-thread-1] INFO  server.RaftServerConfigKeys (ConfUtils.java:logGet(43)) - raft.server.log.purge.gap = 1000000 (custom)
2019-11-14 15:08:10,352 [pool-239-thread-1] INFO  server.RaftServerConfigKeys (ConfUtils.java:logGet(43)) - raft.server.log.appender.buffer.byte-limit = 33554432 (custom)
2019-11-14 15:08:10,352 [pool-239-thread-1] INFO  server.RaftServerConfigKeys (ConfUtils.java:logGet(43)) - raft.server.log.segment.size.max = 1048576 (custom)
2019-11-14 15:08:10,352 [pool-239-thread-1] INFO  server.RaftServerConfigKeys (ConfUtils.java:logGet(43)) - raft.server.log.segment.cache.num.max = 2 (custom)
2019-11-14 15:08:10,353 [pool-239-thread-1] INFO  segmented.SegmentedRaftLogWorker (SegmentedRaftLogWorker.java:<init>(173)) - new dadbf9b0-b155-425e-bdd4-f6aced2428ca@group-08FF9A873941-SegmentedRaftLogWorker for RaftStorage:Storage Directory /workdir/hadoop-ozone/integration-test/target/test-dir/MiniOzoneClusterImpl-6b3e2517-75a7-4dd9-8054-0b12e404e591/datanode-9/data/ratis/4d985fc6-26e1-42ed-8eea-08ff9a873941
2019-11-14 15:08:10,353 [pool-239-thread-1] INFO  server.RaftServerConfigKeys (ConfUtils.java:logGet(43)) - raft.server.log.queue.byte-limit = 2147483647 (custom)
2019-11-14 15:08:10,353 [pool-239-thread-1] INFO  server.RaftServerConfigKeys (ConfUtils.java:logGet(43)) - raft.server.log.queue.element-limit = 1024 (custom)
2019-11-14 15:08:10,353 [pool-239-thread-1] INFO  server.RaftServerConfigKeys (ConfUtils.java:logGet(43)) - raft.server.log.segment.size.max = 1048576 (custom)
2019-11-14 15:08:10,353 [pool-239-thread-1] INFO  server.RaftServerConfigKeys (ConfUtils.java:logGet(43)) - raft.server.log.preallocated.size = 16384 (custom)
2019-11-14 15:08:10,353 [pool-239-thread-1] INFO  server.RaftServerConfigKeys (ConfUtils.java:logGet(43)) - raft.server.log.write.buffer.size = 33554432 (custom)
2019-11-14 15:08:10,353 [pool-239-thread-1] INFO  server.RaftServerConfigKeys (ConfUtils.java:logGet(43)) - raft.server.log.force.sync.num = 128 (default)
2019-11-14 15:08:10,353 [pool-239-thread-1] INFO  server.RaftServerConfigKeys (ConfUtils.java:logGet(43)) - raft.server.log.statemachine.data.sync = true (default)
2019-11-14 15:08:10,353 [pool-239-thread-1] INFO  server.RaftServerConfigKeys (ConfUtils.java:logGet(43)) - raft.server.log.statemachine.data.sync.timeout = 10s (default)
2019-11-14 15:08:10,353 [pool-239-thread-1] INFO  server.RaftServerConfigKeys (ConfUtils.java:logGet(43)) - raft.server.log.statemachine.data.sync.timeout.retry = -1 (default)
2019-11-14 15:08:10,354 [pool-239-thread-1] INFO  server.RaftServerConfigKeys (ConfUtils.java:logGet(43)) - raft.server.log.statemachine.data.caching.enabled = true (custom)
2019-11-14 15:08:10,354 [pool-239-thread-1] INFO  segmented.SegmentedRaftLogWorker (SegmentedRaftLogWorker.java:lambda$new$0(128)) - dadbf9b0-b155-425e-bdd4-f6aced2428ca@group-08FF9A873941-SegmentedRaftLogWorker: flushIndex: setUnconditionally 0 -> -1
2019-11-14 15:08:10,354 [pool-239-thread-1] INFO  server.RaftServerConfigKeys (ConfUtils.java:logGet(43)) - raft.server.snapshot.auto.trigger.enabled = true (custom)
2019-11-14 15:08:10,354 [pool-239-thread-1] INFO  server.RaftServerConfigKeys (ConfUtils.java:logGet(43)) - raft.server.snapshot.auto.trigger.threshold = 10000 (custom)
2019-11-14 15:08:10,354 [pool-239-thread-1] INFO  server.RaftServerConfigKeys (ConfUtils.java:logGet(43)) - raft.server.snapshot.retention.file.num = 5 (custom)
2019-11-14 15:08:10,354 [pool-239-thread-1] INFO  server.RaftServerConfigKeys (ConfUtils.java:logGet(43)) - raft.server.retrycache.expirytime = 600000ms (custom)
2019-11-14 15:08:10,354 [pool-239-thread-1] WARN  impl.MetricRegistriesImpl (MetricRegistriesImpl.java:lambda$create$1(61)) - First MetricRegistry has been created without registering reporters. You may need to call MetricRegistries.global().addReportRegistration(...) before.
2019-11-14 15:08:10,354 [pool-239-thread-1] WARN  impl.MetricRegistriesImpl (MetricRegistriesImpl.java:lambda$create$1(61)) - First MetricRegistry has been created without registering reporters. You may need to call MetricRegistries.global().addReportRegistration(...) before.
2019-11-14 15:08:10,355 [pool-239-thread-1] INFO  impl.RaftServerImpl (RaftServerImpl.java:start(184)) - dadbf9b0-b155-425e-bdd4-f6aced2428ca@group-08FF9A873941: start as a follower, conf=-1: [dadbf9b0-b155-425e-bdd4-f6aced2428ca:192.168.34.62:40592], old=null
2019-11-14 15:08:10,355 [pool-239-thread-1] INFO  impl.RaftServerImpl (RaftServerImpl.java:setRole(173)) - dadbf9b0-b155-425e-bdd4-f6aced2428ca@group-08FF9A873941: changes role from      null to FOLLOWER at term 0 for startAsFollower
2019-11-14 15:08:10,355 [pool-239-thread-1] INFO  impl.RoleInfo (RoleInfo.java:updateAndGet(143)) - dadbf9b0-b155-425e-bdd4-f6aced2428ca: start FollowerState
2019-11-14 15:08:10,355 [pool-239-thread-1] INFO  util.JmxRegister (JmxRegister.java:tryRegister(44)) - Successfully registered JMX Bean with object name Ratis:service=RaftServer,group=group-08FF9A873941,id=dadbf9b0-b155-425e-bdd4-f6aced2428ca
2019-11-14 15:08:10,356 [pool-239-thread-1] WARN  impl.MetricRegistriesImpl (MetricRegistriesImpl.java:lambda$create$1(61)) - First MetricRegistry has been created without registering reporters. You may need to call MetricRegistries.global().addReportRegistration(...) before.
2019-11-14 15:08:10,358 [RatisPipelineUtilsThread] INFO  pipeline.PipelineStateManager (PipelineStateManager.java:addPipeline(55)) - Created pipeline Pipeline[ Id: 4d985fc6-26e1-42ed-8eea-08ff9a873941, Nodes: dadbf9b0-b155-425e-bdd4-f6aced2428ca{ip: 192.168.34.62, host: pr-hdds-2480-6qkg9-608321763, networkLocation: /rack1, certSerialId: null}, Type:RATIS, Factor:ONE, State:ALLOCATED]
2019-11-14 15:08:10,359 [Thread-1271] INFO  pipeline.PipelineStateManager (PipelineStateManager.java:finalizePipeline(121)) - Pipeline Pipeline[ Id: 2d1af546-7659-4147-8f18-1cfc7a090c1a, Nodes: 8344cb33-ae61-4ff3-97f7-00b91742683d{ip: 192.168.34.62, host: pr-hdds-2480-6qkg9-608321763, networkLocation: /rack1, certSerialId: null}59f802cb-c907-44a0-9069-e10bb38eff5d{ip: 192.168.34.62, host: pr-hdds-2480-6qkg9-608321763, networkLocation: /rack1, certSerialId: null}25c17e6e-60f2-43b7-8570-af6cc9981309{ip: 192.168.34.62, host: pr-hdds-2480-6qkg9-608321763, networkLocation: /rack1, certSerialId: null}, Type:RATIS, Factor:THREE, State:CLOSED] moved to CLOSED state
2019-11-14 15:08:10,362 [grpc-default-executor-4] INFO  impl.RaftServerProxy (RaftServerProxy.java:remove(95)) - 8344cb33-ae61-4ff3-97f7-00b91742683d: remove    LEADER 8344cb33-ae61-4ff3-97f7-00b91742683d@group-1CFC7A090C1A:t1, leader=8344cb33-ae61-4ff3-97f7-00b91742683d, voted=8344cb33-ae61-4ff3-97f7-00b91742683d, raftlog=8344cb33-ae61-4ff3-97f7-00b91742683d@group-1CFC7A090C1A-SegmentedRaftLog:OPENED:c0,f0,i0, conf=0: [8344cb33-ae61-4ff3-97f7-00b91742683d:192.168.34.62:40021, 25c17e6e-60f2-43b7-8570-af6cc9981309:192.168.34.62:41260, 59f802cb-c907-44a0-9069-e10bb38eff5d:192.168.34.62:41183], old=null RUNNING
2019-11-14 15:08:10,362 [grpc-default-executor-4] INFO  impl.RaftServerImpl (RaftServerImpl.java:lambda$shutdown$3(250)) - 8344cb33-ae61-4ff3-97f7-00b91742683d@group-1CFC7A090C1A: shutdown
2019-11-14 15:08:10,363 [grpc-default-executor-4] INFO  util.JmxRegister (JmxRegister.java:unregister(73)) - Successfully un-registered JMX Bean with object name Ratis:service=RaftServer,group=group-1CFC7A090C1A,id=8344cb33-ae61-4ff3-97f7-00b91742683d
2019-11-14 15:08:10,363 [grpc-default-executor-4] INFO  impl.RoleInfo (RoleInfo.java:shutdownLeaderState(104)) - 8344cb33-ae61-4ff3-97f7-00b91742683d: shutdown LeaderState
2019-11-14 15:08:10,368 [grpc-default-executor-4] INFO  impl.PendingRequests (PendingRequests.java:sendNotLeaderResponses(206)) - 8344cb33-ae61-4ff3-97f7-00b91742683d@group-1CFC7A090C1A-PendingRequests: sendNotLeaderResponses
2019-11-14 15:08:10,368 [org.apache.ratis.server.impl.LogAppender$AppenderDaemon$$Lambda$463/184788748@6fd79ebb] WARN  server.GrpcLogAppender (GrpcLogAppender.java:mayWait(151)) - 8344cb33-ae61-4ff3-97f7-00b91742683d@group-1CFC7A090C1A->59f802cb-c907-44a0-9069-e10bb38eff5d-GrpcLogAppender: Wait interrupted by java.lang.InterruptedException
2019-11-14 15:08:10,370 [org.apache.ratis.server.impl.LogAppender$AppenderDaemon$$Lambda$463/184788748@2ad50585] WARN  server.GrpcLogAppender (GrpcLogAppender.java:mayWait(151)) - 8344cb33-ae61-4ff3-97f7-00b91742683d@group-1CFC7A090C1A->25c17e6e-60f2-43b7-8570-af6cc9981309-GrpcLogAppender: Wait interrupted by java.lang.InterruptedException
2019-11-14 15:08:10,370 [grpc-default-executor-4] INFO  impl.StateMachineUpdater (StateMachineUpdater.java:stopAndJoin(136)) - 8344cb33-ae61-4ff3-97f7-00b91742683d@group-1CFC7A090C1A-StateMachineUpdater: set stopIndex = 0
2019-11-14 15:08:10,371 [grpc-default-executor-4] INFO  impl.RaftServerImpl (ServerState.java:close(387)) - 8344cb33-ae61-4ff3-97f7-00b91742683d@group-1CFC7A090C1A: closes. applyIndex: 0
2019-11-14 15:08:10,371 [grpc-default-executor-0] INFO  server.GrpcServerProtocolService (GrpcServerProtocolService.java:onCompleted(113)) - 59f802cb-c907-44a0-9069-e10bb38eff5d: Completed APPEND_ENTRIES, lastRequest: 8344cb33-ae61-4ff3-97f7-00b91742683d->59f802cb-c907-44a0-9069-e10bb38eff5d#4-t1, previous=(t:1, i:0), leaderCommit=0, initializing? false, entries: <empty>
2019-11-14 15:08:10,371 [grpc-default-executor-3] INFO  server.GrpcServerProtocolService (GrpcServerProtocolService.java:onCompleted(113)) - 25c17e6e-60f2-43b7-8570-af6cc9981309: Completed APPEND_ENTRIES, lastRequest: 8344cb33-ae61-4ff3-97f7-00b91742683d->25c17e6e-60f2-43b7-8570-af6cc9981309#4-t1, previous=(t:1, i:0), leaderCommit=0, initializing? false, entries: <empty>
2019-11-14 15:08:10,371 [8344cb33-ae61-4ff3-97f7-00b91742683d@group-1CFC7A090C1A-SegmentedRaftLogWorker] INFO  segmented.SegmentedRaftLogWorker (SegmentedRaftLogWorker.java:run(316)) - 8344cb33-ae61-4ff3-97f7-00b91742683d@group-1CFC7A090C1A-SegmentedRaftLogWorker was interrupted, exiting. There are 0 tasks remaining in the queue.
2019-11-14 15:08:10,372 [grpc-default-executor-3] INFO  server.GrpcLogAppender (GrpcLogAppender.java:onCompleted(308)) - 8344cb33-ae61-4ff3-97f7-00b91742683d@group-1CFC7A090C1A->59f802cb-c907-44a0-9069-e10bb38eff5d-AppendLogResponseHandler: follower responses appendEntries COMPLETED
2019-11-14 15:08:10,372 [grpc-default-executor-4] INFO  segmented.SegmentedRaftLogWorker (SegmentedRaftLogWorker.java:close(224)) - 8344cb33-ae61-4ff3-97f7-00b91742683d@group-1CFC7A090C1A-SegmentedRaftLogWorker close()
2019-11-14 15:08:10,372 [grpc-default-executor-0] INFO  server.GrpcLogAppender (GrpcLogAppender.java:onCompleted(308)) - 8344cb33-ae61-4ff3-97f7-00b91742683d@group-1CFC7A090C1A->25c17e6e-60f2-43b7-8570-af6cc9981309-AppendLogResponseHandler: follower responses appendEntries COMPLETED
2019-11-14 15:08:10,375 [grpc-default-executor-3] INFO  impl.FollowerInfo (FollowerInfo.java:lambda$new$0(51)) - 8344cb33-ae61-4ff3-97f7-00b91742683d@group-1CFC7A090C1A->59f802cb-c907-44a0-9069-e10bb38eff5d: nextIndex: updateUnconditionally 1 -> 0
2019-11-14 15:08:10,375 [grpc-default-executor-0] INFO  impl.FollowerInfo (FollowerInfo.java:lambda$new$0(51)) - 8344cb33-ae61-4ff3-97f7-00b91742683d@group-1CFC7A090C1A->25c17e6e-60f2-43b7-8570-af6cc9981309: nextIndex: updateUnconditionally 1 -> 0
2019-11-14 15:08:10,379 [grpc-default-executor-4] INFO  impl.RaftServerProxy (RaftServerProxy.java:remove(95)) - 59f802cb-c907-44a0-9069-e10bb38eff5d: remove  FOLLOWER 59f802cb-c907-44a0-9069-e10bb38eff5d@group-1CFC7A090C1A:t1, leader=8344cb33-ae61-4ff3-97f7-00b91742683d, voted=8344cb33-ae61-4ff3-97f7-00b91742683d, raftlog=59f802cb-c907-44a0-9069-e10bb38eff5d@group-1CFC7A090C1A-SegmentedRaftLog:OPENED:c0,f0,i0, conf=0: [8344cb33-ae61-4ff3-97f7-00b91742683d:192.168.34.62:40021, 25c17e6e-60f2-43b7-8570-af6cc9981309:192.168.34.62:41260, 59f802cb-c907-44a0-9069-e10bb38eff5d:192.168.34.62:41183], old=null RUNNING
2019-11-14 15:08:10,380 [grpc-default-executor-4] INFO  impl.RaftServerImpl (RaftServerImpl.java:lambda$shutdown$3(250)) - 59f802cb-c907-44a0-9069-e10bb38eff5d@group-1CFC7A090C1A: shutdown
2019-11-14 15:08:10,380 [grpc-default-executor-4] INFO  util.JmxRegister (JmxRegister.java:unregister(73)) - Successfully un-registered JMX Bean with object name Ratis:service=RaftServer,group=group-1CFC7A090C1A,id=59f802cb-c907-44a0-9069-e10bb38eff5d
2019-11-14 15:08:10,380 [grpc-default-executor-4] INFO  impl.RoleInfo (RoleInfo.java:shutdownFollowerState(121)) - 59f802cb-c907-44a0-9069-e10bb38eff5d: shutdown FollowerState
2019-11-14 15:08:10,380 [grpc-default-executor-4] INFO  impl.StateMachineUpdater (StateMachineUpdater.java:stopAndJoin(136)) - 59f802cb-c907-44a0-9069-e10bb38eff5d@group-1CFC7A090C1A-StateMachineUpdater: set stopIndex = 0
2019-11-14 15:08:10,380 [Thread-1362] INFO  impl.FollowerState (FollowerState.java:run(120)) - 59f802cb-c907-44a0-9069-e10bb38eff5d@group-1CFC7A090C1A-FollowerState was interrupted: java.lang.InterruptedException: sleep interrupted
2019-11-14 15:08:10,380 [grpc-default-executor-4] INFO  impl.RaftServerImpl (ServerState.java:close(387)) - 59f802cb-c907-44a0-9069-e10bb38eff5d@group-1CFC7A090C1A: closes. applyIndex: 0
2019-11-14 15:08:10,381 [59f802cb-c907-44a0-9069-e10bb38eff5d@group-1CFC7A090C1A-SegmentedRaftLogWorker] INFO  segmented.SegmentedRaftLogWorker (SegmentedRaftLogWorker.java:run(316)) - 59f802cb-c907-44a0-9069-e10bb38eff5d@group-1CFC7A090C1A-SegmentedRaftLogWorker was interrupted, exiting. There are 0 tasks remaining in the queue.
2019-11-14 15:08:10,381 [grpc-default-executor-4] INFO  segmented.SegmentedRaftLogWorker (SegmentedRaftLogWorker.java:close(224)) - 59f802cb-c907-44a0-9069-e10bb38eff5d@group-1CFC7A090C1A-SegmentedRaftLogWorker close()
2019-11-14 15:08:10,388 [grpc-default-executor-4] INFO  impl.RaftServerProxy (RaftServerProxy.java:remove(95)) - 25c17e6e-60f2-43b7-8570-af6cc9981309: remove  FOLLOWER 25c17e6e-60f2-43b7-8570-af6cc9981309@group-1CFC7A090C1A:t1, leader=8344cb33-ae61-4ff3-97f7-00b91742683d, voted=25c17e6e-60f2-43b7-8570-af6cc9981309, raftlog=25c17e6e-60f2-43b7-8570-af6cc9981309@group-1CFC7A090C1A-SegmentedRaftLog:OPENED:c0,f0,i0, conf=0: [8344cb33-ae61-4ff3-97f7-00b91742683d:192.168.34.62:40021, 25c17e6e-60f2-43b7-8570-af6cc9981309:192.168.34.62:41260, 59f802cb-c907-44a0-9069-e10bb38eff5d:192.168.34.62:41183], old=null RUNNING
2019-11-14 15:08:10,388 [grpc-default-executor-4] INFO  impl.RaftServerImpl (RaftServerImpl.java:lambda$shutdown$3(250)) - 25c17e6e-60f2-43b7-8570-af6cc9981309@group-1CFC7A090C1A: shutdown
2019-11-14 15:08:10,389 [grpc-default-executor-4] INFO  util.JmxRegister (JmxRegister.java:unregister(73)) - Successfully un-registered JMX Bean with object name Ratis:service=RaftServer,group=group-1CFC7A090C1A,id=25c17e6e-60f2-43b7-8570-af6cc9981309
2019-11-14 15:08:10,389 [grpc-default-executor-4] INFO  impl.RoleInfo (RoleInfo.java:shutdownFollowerState(121)) - 25c17e6e-60f2-43b7-8570-af6cc9981309: shutdown FollowerState
2019-11-14 15:08:10,389 [grpc-default-executor-4] INFO  impl.StateMachineUpdater (StateMachineUpdater.java:stopAndJoin(136)) - 25c17e6e-60f2-43b7-8570-af6cc9981309@group-1CFC7A090C1A-StateMachineUpdater: set stopIndex = 0
2019-11-14 15:08:10,389 [Thread-1366] INFO  impl.FollowerState (FollowerState.java:run(120)) - 25c17e6e-60f2-43b7-8570-af6cc9981309@group-1CFC7A090C1A-FollowerState was interrupted: java.lang.InterruptedException: sleep interrupted
2019-11-14 15:08:10,389 [grpc-default-executor-4] INFO  impl.RaftServerImpl (ServerState.java:close(387)) - 25c17e6e-60f2-43b7-8570-af6cc9981309@group-1CFC7A090C1A: closes. applyIndex: 0
2019-11-14 15:08:10,389 [25c17e6e-60f2-43b7-8570-af6cc9981309@group-1CFC7A090C1A-SegmentedRaftLogWorker] INFO  segmented.SegmentedRaftLogWorker (SegmentedRaftLogWorker.java:run(316)) - 25c17e6e-60f2-43b7-8570-af6cc9981309@group-1CFC7A090C1A-SegmentedRaftLogWorker was interrupted, exiting. There are 0 tasks remaining in the queue.
2019-11-14 15:08:10,389 [grpc-default-executor-4] INFO  segmented.SegmentedRaftLogWorker (SegmentedRaftLogWorker.java:close(224)) - 25c17e6e-60f2-43b7-8570-af6cc9981309@group-1CFC7A090C1A-SegmentedRaftLogWorker close()
2019-11-14 15:08:10,394 [Thread-1271] INFO  pipeline.PipelineStateManager (PipelineStateManager.java:removePipeline(106)) - Pipeline Pipeline[ Id: 2d1af546-7659-4147-8f18-1cfc7a090c1a, Nodes: 8344cb33-ae61-4ff3-97f7-00b91742683d{ip: 192.168.34.62, host: pr-hdds-2480-6qkg9-608321763, networkLocation: /rack1, certSerialId: null}59f802cb-c907-44a0-9069-e10bb38eff5d{ip: 192.168.34.62, host: pr-hdds-2480-6qkg9-608321763, networkLocation: /rack1, certSerialId: null}25c17e6e-60f2-43b7-8570-af6cc9981309{ip: 192.168.34.62, host: pr-hdds-2480-6qkg9-608321763, networkLocation: /rack1, certSerialId: null}, Type:RATIS, Factor:THREE, State:CLOSED] removed from db
2019-11-14 15:08:10,394 [Thread-1271] INFO  pipeline.SCMPipelineManager (SCMPipelineManager.java:finalizeAndDestroyPipeline(315)) - destroying pipeline:Pipeline[ Id: 72356d3b-f206-441a-b3f8-99bb9ef96312, Nodes: 09f4ece9-71c1-4a5b-9b91-b2a8aadac043{ip: 192.168.34.62, host: pr-hdds-2480-6qkg9-608321763, networkLocation: /rack1, certSerialId: null}dd0e1198-6ba1-4c32-9ce2-054c25212f92{ip: 192.168.34.62, host: pr-hdds-2480-6qkg9-608321763, networkLocation: /rack1, certSerialId: null}86084ec4-dae7-4808-81c8-289a21d6f4dc{ip: 192.168.34.62, host: pr-hdds-2480-6qkg9-608321763, networkLocation: /rack1, certSerialId: null}, Type:RATIS, Factor:THREE, State:OPEN]
2019-11-14 15:08:10,398 [grpc-default-executor-0] INFO  impl.RaftServerProxy (RaftServerProxy.java:addNew(89)) - 8344cb33-ae61-4ff3-97f7-00b91742683d: addNew group-A7405D5AD40E:[8344cb33-ae61-4ff3-97f7-00b91742683d:192.168.34.62:40021, 25c17e6e-60f2-43b7-8570-af6cc9981309:192.168.34.62:41260, 59f802cb-c907-44a0-9069-e10bb38eff5d:192.168.34.62:41183] returns group-A7405D5AD40E:java.util.concurrent.CompletableFuture@806bb6a[Not completed]
2019-11-14 15:08:10,398 [grpc-default-executor-4] INFO  impl.RaftServerProxy (RaftServerProxy.java:addNew(89)) - 25c17e6e-60f2-43b7-8570-af6cc9981309: addNew group-A7405D5AD40E:[8344cb33-ae61-4ff3-97f7-00b91742683d:192.168.34.62:40021, 25c17e6e-60f2-43b7-8570-af6cc9981309:192.168.34.62:41260, 59f802cb-c907-44a0-9069-e10bb38eff5d:192.168.34.62:41183] returns group-A7405D5AD40E:java.util.concurrent.CompletableFuture@5c9b1245[Not completed]
2019-11-14 15:08:10,398 [grpc-default-executor-3] INFO  impl.RaftServerProxy (RaftServerProxy.java:addNew(89)) - 59f802cb-c907-44a0-9069-e10bb38eff5d: addNew group-A7405D5AD40E:[8344cb33-ae61-4ff3-97f7-00b91742683d:192.168.34.62:40021, 25c17e6e-60f2-43b7-8570-af6cc9981309:192.168.34.62:41260, 59f802cb-c907-44a0-9069-e10bb38eff5d:192.168.34.62:41183] returns group-A7405D5AD40E:java.util.concurrent.CompletableFuture@30a460a3[Not completed]
2019-11-14 15:08:10,400 [pool-209-thread-1] INFO  impl.RaftServerImpl (RaftServerImpl.java:<init>(98)) - 8344cb33-ae61-4ff3-97f7-00b91742683d: new RaftServerImpl for group-A7405D5AD40E:[8344cb33-ae61-4ff3-97f7-00b91742683d:192.168.34.62:40021, 25c17e6e-60f2-43b7-8570-af6cc9981309:192.168.34.62:41260, 59f802cb-c907-44a0-9069-e10bb38eff5d:192.168.34.62:41183] with ContainerStateMachine:uninitialized
2019-11-14 15:08:10,400 [pool-209-thread-1] INFO  server.RaftServerConfigKeys (ConfUtils.java:logGet(43)) - raft.server.rpc.timeout.min = 1s (custom)
2019-11-14 15:08:10,401 [pool-209-thread-1] INFO  server.RaftServerConfigKeys (ConfUtils.java:logGet(43)) - raft.server.rpc.timeout.max = 1200ms (custom)
2019-11-14 15:08:10,401 [pool-209-thread-1] INFO  server.RaftServerConfigKeys (ConfUtils.java:logGet(43)) - raft.server.rpcslowness.timeout = 120s (custom)
2019-11-14 15:08:10,401 [pool-209-thread-1] INFO  server.RaftServerConfigKeys (ConfUtils.java:logGet(43)) - raft.server.sleep.deviation.threshold = 300 (default)
2019-11-14 15:08:10,401 [pool-209-thread-1] INFO  server.RaftServerConfigKeys (ConfUtils.java:logGet(43)) - raft.server.log.appender.install.snapshot.enabled = false (custom)
2019-11-14 15:08:10,401 [pool-209-thread-1] INFO  impl.RaftServerImpl (ServerState.java:<init>(103)) - 8344cb33-ae61-4ff3-97f7-00b91742683d@group-A7405D5AD40E: ConfigurationManager, init=-1: [8344cb33-ae61-4ff3-97f7-00b91742683d:192.168.34.62:40021, 25c17e6e-60f2-43b7-8570-af6cc9981309:192.168.34.62:41260, 59f802cb-c907-44a0-9069-e10bb38eff5d:192.168.34.62:41183], old=null, confs=<EMPTY_MAP>
2019-11-14 15:08:10,401 [pool-209-thread-1] INFO  server.RaftServerConfigKeys (ConfUtils.java:logGet(43)) - raft.server.storage.dir = [/workdir/hadoop-ozone/integration-test/target/test-dir/MiniOzoneClusterImpl-6b3e2517-75a7-4dd9-8054-0b12e404e591/datanode-6/data/ratis] (custom)
2019-11-14 15:08:10,402 [pool-179-thread-1] INFO  impl.RaftServerImpl (RaftServerImpl.java:<init>(98)) - 59f802cb-c907-44a0-9069-e10bb38eff5d: new RaftServerImpl for group-A7405D5AD40E:[8344cb33-ae61-4ff3-97f7-00b91742683d:192.168.34.62:40021, 25c17e6e-60f2-43b7-8570-af6cc9981309:192.168.34.62:41260, 59f802cb-c907-44a0-9069-e10bb38eff5d:192.168.34.62:41183] with ContainerStateMachine:uninitialized
2019-11-14 15:08:10,402 [pool-209-thread-1] INFO  server.RaftServerConfigKeys (ConfUtils.java:logGet(43)) - raft.server.log.corruption.policy = EXCEPTION (default)
2019-11-14 15:08:10,402 [pool-179-thread-1] INFO  server.RaftServerConfigKeys (ConfUtils.java:logGet(43)) - raft.server.rpc.timeout.min = 1s (custom)
2019-11-14 15:08:10,402 [pool-209-thread-1] INFO  storage.RaftStorageDirectory (RaftStorageDirectory.java:analyzeStorage(246)) - The storage directory /workdir/hadoop-ozone/integration-test/target/test-dir/MiniOzoneClusterImpl-6b3e2517-75a7-4dd9-8054-0b12e404e591/datanode-6/data/ratis/be14135c-37c8-4b8b-856b-a7405d5ad40e does not exist. Creating ...
2019-11-14 15:08:10,402 [pool-179-thread-1] INFO  server.RaftServerConfigKeys (ConfUtils.java:logGet(43)) - raft.server.rpc.timeout.max = 1200ms (custom)
2019-11-14 15:08:10,402 [pool-179-thread-1] INFO  server.RaftServerConfigKeys (ConfUtils.java:logGet(43)) - raft.server.rpcslowness.timeout = 120s (custom)
2019-11-14 15:08:10,402 [pool-179-thread-1] INFO  server.RaftServerConfigKeys (ConfUtils.java:logGet(43)) - raft.server.sleep.deviation.threshold = 300 (default)
2019-11-14 15:08:10,403 [pool-179-thread-1] INFO  server.RaftServerConfigKeys (ConfUtils.java:logGet(43)) - raft.server.log.appender.install.snapshot.enabled = false (custom)
2019-11-14 15:08:10,403 [pool-179-thread-1] INFO  impl.RaftServerImpl (ServerState.java:<init>(103)) - 59f802cb-c907-44a0-9069-e10bb38eff5d@group-A7405D5AD40E: ConfigurationManager, init=-1: [8344cb33-ae61-4ff3-97f7-00b91742683d:192.168.34.62:40021, 25c17e6e-60f2-43b7-8570-af6cc9981309:192.168.34.62:41260, 59f802cb-c907-44a0-9069-e10bb38eff5d:192.168.34.62:41183], old=null, confs=<EMPTY_MAP>
2019-11-14 15:08:10,403 [pool-179-thread-1] INFO  server.RaftServerConfigKeys (ConfUtils.java:logGet(43)) - raft.server.storage.dir = [/workdir/hadoop-ozone/integration-test/target/test-dir/MiniOzoneClusterImpl-6b3e2517-75a7-4dd9-8054-0b12e404e591/datanode-3/data/ratis] (custom)
2019-11-14 15:08:10,403 [pool-189-thread-1] INFO  impl.RaftServerImpl (RaftServerImpl.java:<init>(98)) - 25c17e6e-60f2-43b7-8570-af6cc9981309: new RaftServerImpl for group-A7405D5AD40E:[8344cb33-ae61-4ff3-97f7-00b91742683d:192.168.34.62:40021, 25c17e6e-60f2-43b7-8570-af6cc9981309:192.168.34.62:41260, 59f802cb-c907-44a0-9069-e10bb38eff5d:192.168.34.62:41183] with ContainerStateMachine:uninitialized
2019-11-14 15:08:10,403 [pool-179-thread-1] INFO  server.RaftServerConfigKeys (ConfUtils.java:logGet(43)) - raft.server.log.corruption.policy = EXCEPTION (default)
2019-11-14 15:08:10,403 [pool-189-thread-1] INFO  server.RaftServerConfigKeys (ConfUtils.java:logGet(43)) - raft.server.rpc.timeout.min = 1s (custom)
2019-11-14 15:08:10,403 [pool-179-thread-1] INFO  storage.RaftStorageDirectory (RaftStorageDirectory.java:analyzeStorage(246)) - The storage directory /workdir/hadoop-ozone/integration-test/target/test-dir/MiniOzoneClusterImpl-6b3e2517-75a7-4dd9-8054-0b12e404e591/datanode-3/data/ratis/be14135c-37c8-4b8b-856b-a7405d5ad40e does not exist. Creating ...
2019-11-14 15:08:10,403 [pool-189-thread-1] INFO  server.RaftServerConfigKeys (ConfUtils.java:logGet(43)) - raft.server.rpc.timeout.max = 1200ms (custom)
2019-11-14 15:08:10,404 [pool-189-thread-1] INFO  server.RaftServerConfigKeys (ConfUtils.java:logGet(43)) - raft.server.rpcslowness.timeout = 120s (custom)
2019-11-14 15:08:10,404 [pool-189-thread-1] INFO  server.RaftServerConfigKeys (ConfUtils.java:logGet(43)) - raft.server.sleep.deviation.threshold = 300 (default)
2019-11-14 15:08:10,404 [pool-189-thread-1] INFO  server.RaftServerConfigKeys (ConfUtils.java:logGet(43)) - raft.server.log.appender.install.snapshot.enabled = false (custom)
2019-11-14 15:08:10,404 [pool-189-thread-1] INFO  impl.RaftServerImpl (ServerState.java:<init>(103)) - 25c17e6e-60f2-43b7-8570-af6cc9981309@group-A7405D5AD40E: ConfigurationManager, init=-1: [8344cb33-ae61-4ff3-97f7-00b91742683d:192.168.34.62:40021, 25c17e6e-60f2-43b7-8570-af6cc9981309:192.168.34.62:41260, 59f802cb-c907-44a0-9069-e10bb38eff5d:192.168.34.62:41183], old=null, confs=<EMPTY_MAP>
2019-11-14 15:08:10,404 [pool-189-thread-1] INFO  server.RaftServerConfigKeys (ConfUtils.java:logGet(43)) - raft.server.storage.dir = [/workdir/hadoop-ozone/integration-test/target/test-dir/MiniOzoneClusterImpl-6b3e2517-75a7-4dd9-8054-0b12e404e591/datanode-4/data/ratis] (custom)
2019-11-14 15:08:10,404 [pool-189-thread-1] INFO  server.RaftServerConfigKeys (ConfUtils.java:logGet(43)) - raft.server.log.corruption.policy = EXCEPTION (default)
2019-11-14 15:08:10,404 [pool-189-thread-1] INFO  storage.RaftStorageDirectory (RaftStorageDirectory.java:analyzeStorage(246)) - The storage directory /workdir/hadoop-ozone/integration-test/target/test-dir/MiniOzoneClusterImpl-6b3e2517-75a7-4dd9-8054-0b12e404e591/datanode-4/data/ratis/be14135c-37c8-4b8b-856b-a7405d5ad40e does not exist. Creating ...
2019-11-14 15:08:10,415 [pool-209-thread-1] INFO  storage.RaftStorageDirectory (RaftStorageDirectory.java:tryLock(328)) - Lock on /workdir/hadoop-ozone/integration-test/target/test-dir/MiniOzoneClusterImpl-6b3e2517-75a7-4dd9-8054-0b12e404e591/datanode-6/data/ratis/be14135c-37c8-4b8b-856b-a7405d5ad40e/in_use.lock acquired by nodename 23875@pr-hdds-2480-6qkg9-608321763
2019-11-14 15:08:10,415 [pool-189-thread-1] INFO  storage.RaftStorageDirectory (RaftStorageDirectory.java:tryLock(328)) - Lock on /workdir/hadoop-ozone/integration-test/target/test-dir/MiniOzoneClusterImpl-6b3e2517-75a7-4dd9-8054-0b12e404e591/datanode-4/data/ratis/be14135c-37c8-4b8b-856b-a7405d5ad40e/in_use.lock acquired by nodename 23875@pr-hdds-2480-6qkg9-608321763
2019-11-14 15:08:10,415 [pool-179-thread-1] INFO  storage.RaftStorageDirectory (RaftStorageDirectory.java:tryLock(328)) - Lock on /workdir/hadoop-ozone/integration-test/target/test-dir/MiniOzoneClusterImpl-6b3e2517-75a7-4dd9-8054-0b12e404e591/datanode-3/data/ratis/be14135c-37c8-4b8b-856b-a7405d5ad40e/in_use.lock acquired by nodename 23875@pr-hdds-2480-6qkg9-608321763
2019-11-14 15:08:10,429 [pool-209-thread-1] INFO  storage.RaftStorage (RaftStorage.java:format(84)) - Storage directory /workdir/hadoop-ozone/integration-test/target/test-dir/MiniOzoneClusterImpl-6b3e2517-75a7-4dd9-8054-0b12e404e591/datanode-6/data/ratis/be14135c-37c8-4b8b-856b-a7405d5ad40e has been successfully formatted.
2019-11-14 15:08:10,429 [pool-179-thread-1] INFO  storage.RaftStorage (RaftStorage.java:format(84)) - Storage directory /workdir/hadoop-ozone/integration-test/target/test-dir/MiniOzoneClusterImpl-6b3e2517-75a7-4dd9-8054-0b12e404e591/datanode-3/data/ratis/be14135c-37c8-4b8b-856b-a7405d5ad40e has been successfully formatted.
2019-11-14 15:08:10,429 [pool-209-thread-1] INFO  ratis.ContainerStateMachine (ContainerStateMachine.java:loadSnapshot(223)) - group-A7405D5AD40E: The snapshot info is null. Setting the last applied indexto:(t:0, i:~)
2019-11-14 15:08:10,429 [pool-189-thread-1] INFO  storage.RaftStorage (RaftStorage.java:format(84)) - Storage directory /workdir/hadoop-ozone/integration-test/target/test-dir/MiniOzoneClusterImpl-6b3e2517-75a7-4dd9-8054-0b12e404e591/datanode-4/data/ratis/be14135c-37c8-4b8b-856b-a7405d5ad40e has been successfully formatted.
2019-11-14 15:08:10,429 [pool-209-thread-1] INFO  server.RaftServerConfigKeys (ConfUtils.java:logGet(43)) - raft.server.notification.no-leader.timeout = 120s (custom)
2019-11-14 15:08:10,429 [pool-179-thread-1] INFO  ratis.ContainerStateMachine (ContainerStateMachine.java:loadSnapshot(223)) - group-A7405D5AD40E: The snapshot info is null. Setting the last applied indexto:(t:0, i:~)
2019-11-14 15:08:10,429 [pool-209-thread-1] INFO  server.RaftServerConfigKeys (ConfUtils.java:logGet(43)) - raft.server.log.use.memory = false (default)
2019-11-14 15:08:10,429 [pool-189-thread-1] INFO  ratis.ContainerStateMachine (ContainerStateMachine.java:loadSnapshot(223)) - group-A7405D5AD40E: The snapshot info is null. Setting the last applied indexto:(t:0, i:~)
2019-11-14 15:08:10,429 [pool-209-thread-1] INFO  server.RaftServerConfigKeys (ConfUtils.java:logGet(43)) - raft.server.log.purge.gap = 1000000 (custom)
2019-11-14 15:08:10,429 [pool-179-thread-1] INFO  server.RaftServerConfigKeys (ConfUtils.java:logGet(43)) - raft.server.notification.no-leader.timeout = 120s (custom)
2019-11-14 15:08:10,430 [pool-209-thread-1] INFO  server.RaftServerConfigKeys (ConfUtils.java:logGet(43)) - raft.server.log.appender.buffer.byte-limit = 33554432 (custom)
2019-11-14 15:08:10,429 [pool-189-thread-1] INFO  server.RaftServerConfigKeys (ConfUtils.java:logGet(43)) - raft.server.notification.no-leader.timeout = 120s (custom)
2019-11-14 15:08:10,430 [pool-209-thread-1] INFO  server.RaftServerConfigKeys (ConfUtils.java:logGet(43)) - raft.server.log.segment.size.max = 1048576 (custom)
2019-11-14 15:08:10,430 [pool-179-thread-1] INFO  server.RaftServerConfigKeys (ConfUtils.java:logGet(43)) - raft.server.log.use.memory = false (default)
2019-11-14 15:08:10,430 [pool-209-thread-1] INFO  server.RaftServerConfigKeys (ConfUtils.java:logGet(43)) - raft.server.log.segment.cache.num.max = 2 (custom)
2019-11-14 15:08:10,430 [pool-189-thread-1] INFO  server.RaftServerConfigKeys (ConfUtils.java:logGet(43)) - raft.server.log.use.memory = false (default)
2019-11-14 15:08:10,430 [pool-209-thread-1] INFO  segmented.SegmentedRaftLogWorker (SegmentedRaftLogWorker.java:<init>(173)) - new 8344cb33-ae61-4ff3-97f7-00b91742683d@group-A7405D5AD40E-SegmentedRaftLogWorker for RaftStorage:Storage Directory /workdir/hadoop-ozone/integration-test/target/test-dir/MiniOzoneClusterImpl-6b3e2517-75a7-4dd9-8054-0b12e404e591/datanode-6/data/ratis/be14135c-37c8-4b8b-856b-a7405d5ad40e
2019-11-14 15:08:10,430 [pool-179-thread-1] INFO  server.RaftServerConfigKeys (ConfUtils.java:logGet(43)) - raft.server.log.purge.gap = 1000000 (custom)
2019-11-14 15:08:10,430 [pool-209-thread-1] INFO  server.RaftServerConfigKeys (ConfUtils.java:logGet(43)) - raft.server.log.queue.byte-limit = 2147483647 (custom)
2019-11-14 15:08:10,430 [pool-189-thread-1] INFO  server.RaftServerConfigKeys (ConfUtils.java:logGet(43)) - raft.server.log.purge.gap = 1000000 (custom)
2019-11-14 15:08:10,430 [pool-209-thread-1] INFO  server.RaftServerConfigKeys (ConfUtils.java:logGet(43)) - raft.server.log.queue.element-limit = 1024 (custom)
2019-11-14 15:08:10,430 [pool-179-thread-1] INFO  server.RaftServerConfigKeys (ConfUtils.java:logGet(43)) - raft.server.log.appender.buffer.byte-limit = 33554432 (custom)
2019-11-14 15:08:10,431 [pool-209-thread-1] INFO  server.RaftServerConfigKeys (ConfUtils.java:logGet(43)) - raft.server.log.segment.size.max = 1048576 (custom)
2019-11-14 15:08:10,430 [pool-189-thread-1] INFO  server.RaftServerConfigKeys (ConfUtils.java:logGet(43)) - raft.server.log.appender.buffer.byte-limit = 33554432 (custom)
2019-11-14 15:08:10,431 [pool-209-thread-1] INFO  server.RaftServerConfigKeys (ConfUtils.java:logGet(43)) - raft.server.log.preallocated.size = 16384 (custom)
2019-11-14 15:08:10,431 [pool-179-thread-1] INFO  server.RaftServerConfigKeys (ConfUtils.java:logGet(43)) - raft.server.log.segment.size.max = 1048576 (custom)
2019-11-14 15:08:10,431 [pool-209-thread-1] INFO  server.RaftServerConfigKeys (ConfUtils.java:logGet(43)) - raft.server.log.write.buffer.size = 33554432 (custom)
2019-11-14 15:08:10,431 [pool-189-thread-1] INFO  server.RaftServerConfigKeys (ConfUtils.java:logGet(43)) - raft.server.log.segment.size.max = 1048576 (custom)
2019-11-14 15:08:10,431 [pool-209-thread-1] INFO  server.RaftServerConfigKeys (ConfUtils.java:logGet(43)) - raft.server.log.force.sync.num = 128 (default)
2019-11-14 15:08:10,431 [pool-179-thread-1] INFO  server.RaftServerConfigKeys (ConfUtils.java:logGet(43)) - raft.server.log.segment.cache.num.max = 2 (custom)
2019-11-14 15:08:10,431 [pool-209-thread-1] INFO  server.RaftServerConfigKeys (ConfUtils.java:logGet(43)) - raft.server.log.statemachine.data.sync = true (default)
2019-11-14 15:08:10,431 [pool-189-thread-1] INFO  server.RaftServerConfigKeys (ConfUtils.java:logGet(43)) - raft.server.log.segment.cache.num.max = 2 (custom)
2019-11-14 15:08:10,431 [pool-209-thread-1] INFO  server.RaftServerConfigKeys (ConfUtils.java:logGet(43)) - raft.server.log.statemachine.data.sync.timeout = 10s (default)
2019-11-14 15:08:10,431 [pool-179-thread-1] INFO  segmented.SegmentedRaftLogWorker (SegmentedRaftLogWorker.java:<init>(173)) - new 59f802cb-c907-44a0-9069-e10bb38eff5d@group-A7405D5AD40E-SegmentedRaftLogWorker for RaftStorage:Storage Directory /workdir/hadoop-ozone/integration-test/target/test-dir/MiniOzoneClusterImpl-6b3e2517-75a7-4dd9-8054-0b12e404e591/datanode-3/data/ratis/be14135c-37c8-4b8b-856b-a7405d5ad40e
2019-11-14 15:08:10,432 [pool-209-thread-1] INFO  server.RaftServerConfigKeys (ConfUtils.java:logGet(43)) - raft.server.log.statemachine.data.sync.timeout.retry = -1 (default)
2019-11-14 15:08:10,432 [pool-189-thread-1] INFO  segmented.SegmentedRaftLogWorker (SegmentedRaftLogWorker.java:<init>(173)) - new 25c17e6e-60f2-43b7-8570-af6cc9981309@group-A7405D5AD40E-SegmentedRaftLogWorker for RaftStorage:Storage Directory /workdir/hadoop-ozone/integration-test/target/test-dir/MiniOzoneClusterImpl-6b3e2517-75a7-4dd9-8054-0b12e404e591/datanode-4/data/ratis/be14135c-37c8-4b8b-856b-a7405d5ad40e
2019-11-14 15:08:10,432 [pool-209-thread-1] INFO  server.RaftServerConfigKeys (ConfUtils.java:logGet(43)) - raft.server.log.statemachine.data.caching.enabled = true (custom)
2019-11-14 15:08:10,432 [pool-179-thread-1] INFO  server.RaftServerConfigKeys (ConfUtils.java:logGet(43)) - raft.server.log.queue.byte-limit = 2147483647 (custom)
2019-11-14 15:08:10,432 [pool-209-thread-1] INFO  segmented.SegmentedRaftLogWorker (SegmentedRaftLogWorker.java:lambda$new$0(128)) - 8344cb33-ae61-4ff3-97f7-00b91742683d@group-A7405D5AD40E-SegmentedRaftLogWorker: flushIndex: setUnconditionally 0 -> -1
2019-11-14 15:08:10,432 [pool-189-thread-1] INFO  server.RaftServerConfigKeys (ConfUtils.java:logGet(43)) - raft.server.log.queue.byte-limit = 2147483647 (custom)
2019-11-14 15:08:10,432 [pool-179-thread-1] INFO  server.RaftServerConfigKeys (ConfUtils.java:logGet(43)) - raft.server.log.queue.element-limit = 1024 (custom)
2019-11-14 15:08:10,432 [pool-209-thread-1] INFO  server.RaftServerConfigKeys (ConfUtils.java:logGet(43)) - raft.server.snapshot.auto.trigger.enabled = true (custom)
2019-11-14 15:08:10,432 [pool-189-thread-1] INFO  server.RaftServerConfigKeys (ConfUtils.java:logGet(43)) - raft.server.log.queue.element-limit = 1024 (custom)
2019-11-14 15:08:10,433 [pool-209-thread-1] INFO  server.RaftServerConfigKeys (ConfUtils.java:logGet(43)) - raft.server.snapshot.auto.trigger.threshold = 10000 (custom)
2019-11-14 15:08:10,433 [pool-209-thread-1] INFO  server.RaftServerConfigKeys (ConfUtils.java:logGet(43)) - raft.server.snapshot.retention.file.num = 5 (custom)
2019-11-14 15:08:10,432 [pool-179-thread-1] INFO  server.RaftServerConfigKeys (ConfUtils.java:logGet(43)) - raft.server.log.segment.size.max = 1048576 (custom)
2019-11-14 15:08:10,433 [pool-209-thread-1] INFO  server.RaftServerConfigKeys (ConfUtils.java:logGet(43)) - raft.server.retrycache.expirytime = 600000ms (custom)
2019-11-14 15:08:10,433 [pool-189-thread-1] INFO  server.RaftServerConfigKeys (ConfUtils.java:logGet(43)) - raft.server.log.segment.size.max = 1048576 (custom)
2019-11-14 15:08:10,433 [pool-209-thread-1] WARN  impl.MetricRegistriesImpl (MetricRegistriesImpl.java:lambda$create$1(61)) - First MetricRegistry has been created without registering reporters. You may need to call MetricRegistries.global().addReportRegistration(...) before.
2019-11-14 15:08:10,433 [pool-179-thread-1] INFO  server.RaftServerConfigKeys (ConfUtils.java:logGet(43)) - raft.server.log.preallocated.size = 16384 (custom)
2019-11-14 15:08:10,433 [pool-209-thread-1] WARN  impl.MetricRegistriesImpl (MetricRegistriesImpl.java:lambda$create$1(61)) - First MetricRegistry has been created without registering reporters. You may need to call MetricRegistries.global().addReportRegistration(...) before.
2019-11-14 15:08:10,433 [pool-189-thread-1] INFO  server.RaftServerConfigKeys (ConfUtils.java:logGet(43)) - raft.server.log.preallocated.size = 16384 (custom)
2019-11-14 15:08:10,433 [pool-209-thread-1] INFO  impl.RaftServerImpl (RaftServerImpl.java:start(184)) - 8344cb33-ae61-4ff3-97f7-00b91742683d@group-A7405D5AD40E: start as a follower, conf=-1: [8344cb33-ae61-4ff3-97f7-00b91742683d:192.168.34.62:40021, 25c17e6e-60f2-43b7-8570-af6cc9981309:192.168.34.62:41260, 59f802cb-c907-44a0-9069-e10bb38eff5d:192.168.34.62:41183], old=null
2019-11-14 15:08:10,434 [pool-209-thread-1] INFO  impl.RaftServerImpl (RaftServerImpl.java:setRole(173)) - 8344cb33-ae61-4ff3-97f7-00b91742683d@group-A7405D5AD40E: changes role from      null to FOLLOWER at term 0 for startAsFollower
2019-11-14 15:08:10,433 [pool-179-thread-1] INFO  server.RaftServerConfigKeys (ConfUtils.java:logGet(43)) - raft.server.log.write.buffer.size = 33554432 (custom)
2019-11-14 15:08:10,434 [pool-209-thread-1] INFO  impl.RoleInfo (RoleInfo.java:updateAndGet(143)) - 8344cb33-ae61-4ff3-97f7-00b91742683d: start FollowerState
2019-11-14 15:08:10,433 [pool-189-thread-1] INFO  server.RaftServerConfigKeys (ConfUtils.java:logGet(43)) - raft.server.log.write.buffer.size = 33554432 (custom)
2019-11-14 15:08:10,434 [pool-179-thread-1] INFO  server.RaftServerConfigKeys (ConfUtils.java:logGet(43)) - raft.server.log.force.sync.num = 128 (default)
2019-11-14 15:08:10,434 [pool-189-thread-1] INFO  server.RaftServerConfigKeys (ConfUtils.java:logGet(43)) - raft.server.log.force.sync.num = 128 (default)
2019-11-14 15:08:10,434 [pool-209-thread-1] INFO  util.JmxRegister (JmxRegister.java:tryRegister(44)) - Successfully registered JMX Bean with object name Ratis:service=RaftServer,group=group-A7405D5AD40E,id=8344cb33-ae61-4ff3-97f7-00b91742683d
2019-11-14 15:08:10,434 [pool-179-thread-1] INFO  server.RaftServerConfigKeys (ConfUtils.java:logGet(43)) - raft.server.log.statemachine.data.sync = true (default)
2019-11-14 15:08:10,434 [pool-209-thread-1] WARN  impl.MetricRegistriesImpl (MetricRegistriesImpl.java:lambda$create$1(61)) - First MetricRegistry has been created without registering reporters. You may need to call MetricRegistries.global().addReportRegistration(...) before.
2019-11-14 15:08:10,434 [pool-189-thread-1] INFO  server.RaftServerConfigKeys (ConfUtils.java:logGet(43)) - raft.server.log.statemachine.data.sync = true (default)
2019-11-14 15:08:10,434 [pool-179-thread-1] INFO  server.RaftServerConfigKeys (ConfUtils.java:logGet(43)) - raft.server.log.statemachine.data.sync.timeout = 10s (default)
2019-11-14 15:08:10,434 [pool-189-thread-1] INFO  server.RaftServerConfigKeys (ConfUtils.java:logGet(43)) - raft.server.log.statemachine.data.sync.timeout = 10s (default)
2019-11-14 15:08:10,435 [pool-179-thread-1] INFO  server.RaftServerConfigKeys (ConfUtils.java:logGet(43)) - raft.server.log.statemachine.data.sync.timeout.retry = -1 (default)
2019-11-14 15:08:10,435 [pool-189-thread-1] INFO  server.RaftServerConfigKeys (ConfUtils.java:logGet(43)) - raft.server.log.statemachine.data.sync.timeout.retry = -1 (default)
2019-11-14 15:08:10,435 [pool-179-thread-1] INFO  server.RaftServerConfigKeys (ConfUtils.java:logGet(43)) - raft.server.log.statemachine.data.caching.enabled = true (custom)
2019-11-14 15:08:10,435 [pool-189-thread-1] INFO  server.RaftServerConfigKeys (ConfUtils.java:logGet(43)) - raft.server.log.statemachine.data.caching.enabled = true (custom)
2019-11-14 15:08:10,435 [pool-179-thread-1] INFO  segmented.SegmentedRaftLogWorker (SegmentedRaftLogWorker.java:lambda$new$0(128)) - 59f802cb-c907-44a0-9069-e10bb38eff5d@group-A7405D5AD40E-SegmentedRaftLogWorker: flushIndex: setUnconditionally 0 -> -1
2019-11-14 15:08:10,435 [pool-189-thread-1] INFO  segmented.SegmentedRaftLogWorker (SegmentedRaftLogWorker.java:lambda$new$0(128)) - 25c17e6e-60f2-43b7-8570-af6cc9981309@group-A7405D5AD40E-SegmentedRaftLogWorker: flushIndex: setUnconditionally 0 -> -1
2019-11-14 15:08:10,435 [pool-179-thread-1] INFO  server.RaftServerConfigKeys (ConfUtils.java:logGet(43)) - raft.server.snapshot.auto.trigger.enabled = true (custom)
2019-11-14 15:08:10,435 [pool-179-thread-1] INFO  server.RaftServerConfigKeys (ConfUtils.java:logGet(43)) - raft.server.snapshot.auto.trigger.threshold = 10000 (custom)
2019-11-14 15:08:10,435 [pool-189-thread-1] INFO  server.RaftServerConfigKeys (ConfUtils.java:logGet(43)) - raft.server.snapshot.auto.trigger.enabled = true (custom)
2019-11-14 15:08:10,435 [pool-179-thread-1] INFO  server.RaftServerConfigKeys (ConfUtils.java:logGet(43)) - raft.server.snapshot.retention.file.num = 5 (custom)
2019-11-14 15:08:10,435 [pool-189-thread-1] INFO  server.RaftServerConfigKeys (ConfUtils.java:logGet(43)) - raft.server.snapshot.auto.trigger.threshold = 10000 (custom)
2019-11-14 15:08:10,436 [pool-189-thread-1] INFO  server.RaftServerConfigKeys (ConfUtils.java:logGet(43)) - raft.server.snapshot.retention.file.num = 5 (custom)
2019-11-14 15:08:10,436 [pool-179-thread-1] INFO  server.RaftServerConfigKeys (ConfUtils.java:logGet(43)) - raft.server.retrycache.expirytime = 600000ms (custom)
2019-11-14 15:08:10,436 [pool-189-thread-1] INFO  server.RaftServerConfigKeys (ConfUtils.java:logGet(43)) - raft.server.retrycache.expirytime = 600000ms (custom)
2019-11-14 15:08:10,436 [pool-179-thread-1] WARN  impl.MetricRegistriesImpl (MetricRegistriesImpl.java:lambda$create$1(61)) - First MetricRegistry has been created without registering reporters. You may need to call MetricRegistries.global().addReportRegistration(...) before.
2019-11-14 15:08:10,436 [pool-189-thread-1] WARN  impl.MetricRegistriesImpl (MetricRegistriesImpl.java:lambda$create$1(61)) - First MetricRegistry has been created without registering reporters. You may need to call MetricRegistries.global().addReportRegistration(...) before.
2019-11-14 15:08:10,436 [pool-189-thread-1] WARN  impl.MetricRegistriesImpl (MetricRegistriesImpl.java:lambda$create$1(61)) - First MetricRegistry has been created without registering reporters. You may need to call MetricRegistries.global().addReportRegistration(...) before.
2019-11-14 15:08:10,436 [pool-179-thread-1] WARN  impl.MetricRegistriesImpl (MetricRegistriesImpl.java:lambda$create$1(61)) - First MetricRegistry has been created without registering reporters. You may need to call MetricRegistries.global().addReportRegistration(...) before.
2019-11-14 15:08:10,436 [pool-189-thread-1] INFO  impl.RaftServerImpl (RaftServerImpl.java:start(184)) - 25c17e6e-60f2-43b7-8570-af6cc9981309@group-A7405D5AD40E: start as a follower, conf=-1: [8344cb33-ae61-4ff3-97f7-00b91742683d:192.168.34.62:40021, 25c17e6e-60f2-43b7-8570-af6cc9981309:192.168.34.62:41260, 59f802cb-c907-44a0-9069-e10bb38eff5d:192.168.34.62:41183], old=null
2019-11-14 15:08:10,436 [pool-179-thread-1] INFO  impl.RaftServerImpl (RaftServerImpl.java:start(184)) - 59f802cb-c907-44a0-9069-e10bb38eff5d@group-A7405D5AD40E: start as a follower, conf=-1: [8344cb33-ae61-4ff3-97f7-00b91742683d:192.168.34.62:40021, 25c17e6e-60f2-43b7-8570-af6cc9981309:192.168.34.62:41260, 59f802cb-c907-44a0-9069-e10bb38eff5d:192.168.34.62:41183], old=null
2019-11-14 15:08:10,436 [pool-189-thread-1] INFO  impl.RaftServerImpl (RaftServerImpl.java:setRole(173)) - 25c17e6e-60f2-43b7-8570-af6cc9981309@group-A7405D5AD40E: changes role from      null to FOLLOWER at term 0 for startAsFollower
2019-11-14 15:08:10,437 [pool-179-thread-1] INFO  impl.RaftServerImpl (RaftServerImpl.java:setRole(173)) - 59f802cb-c907-44a0-9069-e10bb38eff5d@group-A7405D5AD40E: changes role from      null to FOLLOWER at term 0 for startAsFollower
2019-11-14 15:08:10,437 [pool-189-thread-1] INFO  impl.RoleInfo (RoleInfo.java:updateAndGet(143)) - 25c17e6e-60f2-43b7-8570-af6cc9981309: start FollowerState
2019-11-14 15:08:10,437 [pool-179-thread-1] INFO  impl.RoleInfo (RoleInfo.java:updateAndGet(143)) - 59f802cb-c907-44a0-9069-e10bb38eff5d: start FollowerState
2019-11-14 15:08:10,437 [pool-189-thread-1] INFO  util.JmxRegister (JmxRegister.java:tryRegister(44)) - Successfully registered JMX Bean with object name Ratis:service=RaftServer,group=group-A7405D5AD40E,id=25c17e6e-60f2-43b7-8570-af6cc9981309
2019-11-14 15:08:10,437 [pool-189-thread-1] WARN  impl.MetricRegistriesImpl (MetricRegistriesImpl.java:lambda$create$1(61)) - First MetricRegistry has been created without registering reporters. You may need to call MetricRegistries.global().addReportRegistration(...) before.
2019-11-14 15:08:10,437 [pool-179-thread-1] INFO  util.JmxRegister (JmxRegister.java:tryRegister(44)) - Successfully registered JMX Bean with object name Ratis:service=RaftServer,group=group-A7405D5AD40E,id=59f802cb-c907-44a0-9069-e10bb38eff5d
2019-11-14 15:08:10,437 [pool-179-thread-1] WARN  impl.MetricRegistriesImpl (MetricRegistriesImpl.java:lambda$create$1(61)) - First MetricRegistry has been created without registering reporters. You may need to call MetricRegistries.global().addReportRegistration(...) before.
2019-11-14 15:08:10,440 [RatisPipelineUtilsThread] INFO  pipeline.PipelineStateManager (PipelineStateManager.java:addPipeline(55)) - Created pipeline Pipeline[ Id: be14135c-37c8-4b8b-856b-a7405d5ad40e, Nodes: 8344cb33-ae61-4ff3-97f7-00b91742683d{ip: 192.168.34.62, host: pr-hdds-2480-6qkg9-608321763, networkLocation: /rack1, certSerialId: null}59f802cb-c907-44a0-9069-e10bb38eff5d{ip: 192.168.34.62, host: pr-hdds-2480-6qkg9-608321763, networkLocation: /rack1, certSerialId: null}25c17e6e-60f2-43b7-8570-af6cc9981309{ip: 192.168.34.62, host: pr-hdds-2480-6qkg9-608321763, networkLocation: /rack1, certSerialId: null}, Type:RATIS, Factor:THREE, State:ALLOCATED]
2019-11-14 15:08:10,443 [Thread-1271] INFO  pipeline.PipelineStateManager (PipelineStateManager.java:finalizePipeline(121)) - Pipeline Pipeline[ Id: 72356d3b-f206-441a-b3f8-99bb9ef96312, Nodes: 09f4ece9-71c1-4a5b-9b91-b2a8aadac043{ip: 192.168.34.62, host: pr-hdds-2480-6qkg9-608321763, networkLocation: /rack1, certSerialId: null}dd0e1198-6ba1-4c32-9ce2-054c25212f92{ip: 192.168.34.62, host: pr-hdds-2480-6qkg9-608321763, networkLocation: /rack1, certSerialId: null}86084ec4-dae7-4808-81c8-289a21d6f4dc{ip: 192.168.34.62, host: pr-hdds-2480-6qkg9-608321763, networkLocation: /rack1, certSerialId: null}, Type:RATIS, Factor:THREE, State:CLOSED] moved to CLOSED state
2019-11-14 15:08:10,446 [grpc-default-executor-3] INFO  impl.RaftServerProxy (RaftServerProxy.java:remove(95)) - 09f4ece9-71c1-4a5b-9b91-b2a8aadac043: remove  FOLLOWER 09f4ece9-71c1-4a5b-9b91-b2a8aadac043@group-99BB9EF96312:t1, leader=86084ec4-dae7-4808-81c8-289a21d6f4dc, voted=86084ec4-dae7-4808-81c8-289a21d6f4dc, raftlog=09f4ece9-71c1-4a5b-9b91-b2a8aadac043@group-99BB9EF96312-SegmentedRaftLog:OPENED:c0,f0,i0, conf=0: [09f4ece9-71c1-4a5b-9b91-b2a8aadac043:192.168.34.62:45559, 86084ec4-dae7-4808-81c8-289a21d6f4dc:192.168.34.62:33180, dd0e1198-6ba1-4c32-9ce2-054c25212f92:192.168.34.62:42382], old=null RUNNING
2019-11-14 15:08:10,446 [grpc-default-executor-3] INFO  impl.RaftServerImpl (RaftServerImpl.java:lambda$shutdown$3(250)) - 09f4ece9-71c1-4a5b-9b91-b2a8aadac043@group-99BB9EF96312: shutdown
2019-11-14 15:08:10,447 [grpc-default-executor-3] INFO  util.JmxRegister (JmxRegister.java:unregister(73)) - Successfully un-registered JMX Bean with object name Ratis:service=RaftServer,group=group-99BB9EF96312,id=09f4ece9-71c1-4a5b-9b91-b2a8aadac043
2019-11-14 15:08:10,447 [grpc-default-executor-3] INFO  impl.RoleInfo (RoleInfo.java:shutdownFollowerState(121)) - 09f4ece9-71c1-4a5b-9b91-b2a8aadac043: shutdown FollowerState
2019-11-14 15:08:10,447 [grpc-default-executor-3] INFO  impl.StateMachineUpdater (StateMachineUpdater.java:stopAndJoin(136)) - 09f4ece9-71c1-4a5b-9b91-b2a8aadac043@group-99BB9EF96312-StateMachineUpdater: set stopIndex = 0
2019-11-14 15:08:10,447 [Thread-1340] INFO  impl.FollowerState (FollowerState.java:run(120)) - 09f4ece9-71c1-4a5b-9b91-b2a8aadac043@group-99BB9EF96312-FollowerState was interrupted: java.lang.InterruptedException: sleep interrupted
2019-11-14 15:08:10,447 [grpc-default-executor-3] INFO  impl.RaftServerImpl (ServerState.java:close(387)) - 09f4ece9-71c1-4a5b-9b91-b2a8aadac043@group-99BB9EF96312: closes. applyIndex: 0
2019-11-14 15:08:10,447 [09f4ece9-71c1-4a5b-9b91-b2a8aadac043@group-99BB9EF96312-SegmentedRaftLogWorker] INFO  segmented.SegmentedRaftLogWorker (SegmentedRaftLogWorker.java:run(316)) - 09f4ece9-71c1-4a5b-9b91-b2a8aadac043@group-99BB9EF96312-SegmentedRaftLogWorker was interrupted, exiting. There are 0 tasks remaining in the queue.
2019-11-14 15:08:10,447 [grpc-default-executor-3] INFO  segmented.SegmentedRaftLogWorker (SegmentedRaftLogWorker.java:close(224)) - 09f4ece9-71c1-4a5b-9b91-b2a8aadac043@group-99BB9EF96312-SegmentedRaftLogWorker close()
2019-11-14 15:08:10,456 [grpc-default-executor-3] INFO  impl.RaftServerProxy (RaftServerProxy.java:remove(95)) - dd0e1198-6ba1-4c32-9ce2-054c25212f92: remove  FOLLOWER dd0e1198-6ba1-4c32-9ce2-054c25212f92@group-99BB9EF96312:t1, leader=86084ec4-dae7-4808-81c8-289a21d6f4dc, voted=86084ec4-dae7-4808-81c8-289a21d6f4dc, raftlog=dd0e1198-6ba1-4c32-9ce2-054c25212f92@group-99BB9EF96312-SegmentedRaftLog:OPENED:c0,f0,i0, conf=0: [09f4ece9-71c1-4a5b-9b91-b2a8aadac043:192.168.34.62:45559, 86084ec4-dae7-4808-81c8-289a21d6f4dc:192.168.34.62:33180, dd0e1198-6ba1-4c32-9ce2-054c25212f92:192.168.34.62:42382], old=null RUNNING
2019-11-14 15:08:10,456 [grpc-default-executor-3] INFO  impl.RaftServerImpl (RaftServerImpl.java:lambda$shutdown$3(250)) - dd0e1198-6ba1-4c32-9ce2-054c25212f92@group-99BB9EF96312: shutdown
2019-11-14 15:08:10,456 [grpc-default-executor-3] INFO  util.JmxRegister (JmxRegister.java:unregister(73)) - Successfully un-registered JMX Bean with object name Ratis:service=RaftServer,group=group-99BB9EF96312,id=dd0e1198-6ba1-4c32-9ce2-054c25212f92
2019-11-14 15:08:10,456 [grpc-default-executor-3] INFO  impl.RoleInfo (RoleInfo.java:shutdownFollowerState(121)) - dd0e1198-6ba1-4c32-9ce2-054c25212f92: shutdown FollowerState
2019-11-14 15:08:10,456 [grpc-default-executor-3] INFO  impl.StateMachineUpdater (StateMachineUpdater.java:stopAndJoin(136)) - dd0e1198-6ba1-4c32-9ce2-054c25212f92@group-99BB9EF96312-StateMachineUpdater: set stopIndex = 0
2019-11-14 15:08:10,456 [Thread-1341] INFO  impl.FollowerState (FollowerState.java:run(120)) - dd0e1198-6ba1-4c32-9ce2-054c25212f92@group-99BB9EF96312-FollowerState was interrupted: java.lang.InterruptedException: sleep interrupted
2019-11-14 15:08:10,456 [grpc-default-executor-3] INFO  impl.RaftServerImpl (ServerState.java:close(387)) - dd0e1198-6ba1-4c32-9ce2-054c25212f92@group-99BB9EF96312: closes. applyIndex: 0
2019-11-14 15:08:10,457 [dd0e1198-6ba1-4c32-9ce2-054c25212f92@group-99BB9EF96312-SegmentedRaftLogWorker] INFO  segmented.SegmentedRaftLogWorker (SegmentedRaftLogWorker.java:run(316)) - dd0e1198-6ba1-4c32-9ce2-054c25212f92@group-99BB9EF96312-SegmentedRaftLogWorker was interrupted, exiting. There are 0 tasks remaining in the queue.
2019-11-14 15:08:10,457 [grpc-default-executor-3] INFO  segmented.SegmentedRaftLogWorker (SegmentedRaftLogWorker.java:close(224)) - dd0e1198-6ba1-4c32-9ce2-054c25212f92@group-99BB9EF96312-SegmentedRaftLogWorker close()
2019-11-14 15:08:10,464 [grpc-default-executor-3] INFO  impl.RaftServerProxy (RaftServerProxy.java:remove(95)) - 86084ec4-dae7-4808-81c8-289a21d6f4dc: remove    LEADER 86084ec4-dae7-4808-81c8-289a21d6f4dc@group-99BB9EF96312:t1, leader=86084ec4-dae7-4808-81c8-289a21d6f4dc, voted=86084ec4-dae7-4808-81c8-289a21d6f4dc, raftlog=86084ec4-dae7-4808-81c8-289a21d6f4dc@group-99BB9EF96312-SegmentedRaftLog:OPENED:c0,f0,i0, conf=0: [09f4ece9-71c1-4a5b-9b91-b2a8aadac043:192.168.34.62:45559, 86084ec4-dae7-4808-81c8-289a21d6f4dc:192.168.34.62:33180, dd0e1198-6ba1-4c32-9ce2-054c25212f92:192.168.34.62:42382], old=null RUNNING
2019-11-14 15:08:10,464 [grpc-default-executor-3] INFO  impl.RaftServerImpl (RaftServerImpl.java:lambda$shutdown$3(250)) - 86084ec4-dae7-4808-81c8-289a21d6f4dc@group-99BB9EF96312: shutdown
2019-11-14 15:08:10,465 [grpc-default-executor-3] INFO  util.JmxRegister (JmxRegister.java:unregister(73)) - Successfully un-registered JMX Bean with object name Ratis:service=RaftServer,group=group-99BB9EF96312,id=86084ec4-dae7-4808-81c8-289a21d6f4dc
2019-11-14 15:08:10,465 [grpc-default-executor-3] INFO  impl.RoleInfo (RoleInfo.java:shutdownLeaderState(104)) - 86084ec4-dae7-4808-81c8-289a21d6f4dc: shutdown LeaderState
2019-11-14 15:08:10,469 [grpc-default-executor-3] INFO  impl.PendingRequests (PendingRequests.java:sendNotLeaderResponses(206)) - 86084ec4-dae7-4808-81c8-289a21d6f4dc@group-99BB9EF96312-PendingRequests: sendNotLeaderResponses
2019-11-14 15:08:10,469 [org.apache.ratis.server.impl.LogAppender$AppenderDaemon$$Lambda$463/184788748@6fedb6ab] WARN  server.GrpcLogAppender (GrpcLogAppender.java:mayWait(151)) - 86084ec4-dae7-4808-81c8-289a21d6f4dc@group-99BB9EF96312->09f4ece9-71c1-4a5b-9b91-b2a8aadac043-GrpcLogAppender: Wait interrupted by java.lang.InterruptedException
2019-11-14 15:08:10,469 [grpc-default-executor-3] INFO  impl.StateMachineUpdater (StateMachineUpdater.java:stopAndJoin(136)) - 86084ec4-dae7-4808-81c8-289a21d6f4dc@group-99BB9EF96312-StateMachineUpdater: set stopIndex = 0
2019-11-14 15:08:10,469 [org.apache.ratis.server.impl.LogAppender$AppenderDaemon$$Lambda$463/184788748@2aef2532] WARN  server.GrpcLogAppender (GrpcLogAppender.java:mayWait(151)) - 86084ec4-dae7-4808-81c8-289a21d6f4dc@group-99BB9EF96312->dd0e1198-6ba1-4c32-9ce2-054c25212f92-GrpcLogAppender: Wait interrupted by java.lang.InterruptedException
2019-11-14 15:08:10,469 [grpc-default-executor-3] INFO  impl.RaftServerImpl (ServerState.java:close(387)) - 86084ec4-dae7-4808-81c8-289a21d6f4dc@group-99BB9EF96312: closes. applyIndex: 0
2019-11-14 15:08:10,469 [grpc-default-executor-4] INFO  server.GrpcServerProtocolService (GrpcServerProtocolService.java:onCompleted(113)) - 09f4ece9-71c1-4a5b-9b91-b2a8aadac043: Completed APPEND_ENTRIES, lastRequest: 86084ec4-dae7-4808-81c8-289a21d6f4dc->09f4ece9-71c1-4a5b-9b91-b2a8aadac043#5-t1, previous=(t:1, i:0), leaderCommit=0, initializing? false, entries: <empty>
2019-11-14 15:08:10,469 [86084ec4-dae7-4808-81c8-289a21d6f4dc@group-99BB9EF96312-SegmentedRaftLogWorker] INFO  segmented.SegmentedRaftLogWorker (SegmentedRaftLogWorker.java:run(316)) - 86084ec4-dae7-4808-81c8-289a21d6f4dc@group-99BB9EF96312-SegmentedRaftLogWorker was interrupted, exiting. There are 0 tasks remaining in the queue.
2019-11-14 15:08:10,469 [grpc-default-executor-0] INFO  server.GrpcServerProtocolService (GrpcServerProtocolService.java:onCompleted(113)) - dd0e1198-6ba1-4c32-9ce2-054c25212f92: Completed APPEND_ENTRIES, lastRequest: 86084ec4-dae7-4808-81c8-289a21d6f4dc->dd0e1198-6ba1-4c32-9ce2-054c25212f92#5-t1, previous=(t:1, i:0), leaderCommit=0, initializing? false, entries: <empty>
2019-11-14 15:08:10,470 [grpc-default-executor-3] INFO  segmented.SegmentedRaftLogWorker (SegmentedRaftLogWorker.java:close(224)) - 86084ec4-dae7-4808-81c8-289a21d6f4dc@group-99BB9EF96312-SegmentedRaftLogWorker close()
2019-11-14 15:08:10,470 [grpc-default-executor-4] INFO  server.GrpcLogAppender (GrpcLogAppender.java:onCompleted(308)) - 86084ec4-dae7-4808-81c8-289a21d6f4dc@group-99BB9EF96312->09f4ece9-71c1-4a5b-9b91-b2a8aadac043-AppendLogResponseHandler: follower responses appendEntries COMPLETED
2019-11-14 15:08:10,471 [grpc-default-executor-0] INFO  server.GrpcLogAppender (GrpcLogAppender.java:onCompleted(308)) - 86084ec4-dae7-4808-81c8-289a21d6f4dc@group-99BB9EF96312->dd0e1198-6ba1-4c32-9ce2-054c25212f92-AppendLogResponseHandler: follower responses appendEntries COMPLETED
2019-11-14 15:08:10,472 [grpc-default-executor-4] INFO  impl.FollowerInfo (FollowerInfo.java:lambda$new$0(51)) - 86084ec4-dae7-4808-81c8-289a21d6f4dc@group-99BB9EF96312->09f4ece9-71c1-4a5b-9b91-b2a8aadac043: nextIndex: updateUnconditionally 1 -> 0
2019-11-14 15:08:10,472 [grpc-default-executor-0] INFO  impl.FollowerInfo (FollowerInfo.java:lambda$new$0(51)) - 86084ec4-dae7-4808-81c8-289a21d6f4dc@group-99BB9EF96312->dd0e1198-6ba1-4c32-9ce2-054c25212f92: nextIndex: updateUnconditionally 1 -> 0
2019-11-14 15:08:10,473 [Thread-1271] INFO  pipeline.PipelineStateManager (PipelineStateManager.java:removePipeline(106)) - Pipeline Pipeline[ Id: 72356d3b-f206-441a-b3f8-99bb9ef96312, Nodes: 09f4ece9-71c1-4a5b-9b91-b2a8aadac043{ip: 192.168.34.62, host: pr-hdds-2480-6qkg9-608321763, networkLocation: /rack1, certSerialId: null}dd0e1198-6ba1-4c32-9ce2-054c25212f92{ip: 192.168.34.62, host: pr-hdds-2480-6qkg9-608321763, networkLocation: /rack1, certSerialId: null}86084ec4-dae7-4808-81c8-289a21d6f4dc{ip: 192.168.34.62, host: pr-hdds-2480-6qkg9-608321763, networkLocation: /rack1, certSerialId: null}, Type:RATIS, Factor:THREE, State:CLOSED] removed from db
2019-11-14 15:08:10,474 [Thread-1271] INFO  pipeline.SCMPipelineManager (SCMPipelineManager.java:finalizeAndDestroyPipeline(315)) - destroying pipeline:Pipeline[ Id: 1ea1b5cd-1e7b-406e-b195-bf045e2c2d3f, Nodes: a96edad4-0b0c-48cb-948a-93b2fbf7c409{ip: 192.168.34.62, host: pr-hdds-2480-6qkg9-608321763, networkLocation: /rack1, certSerialId: null}, Type:RATIS, Factor:ONE, State:OPEN]
2019-11-14 15:08:10,481 [grpc-default-executor-4] INFO  impl.RaftServerProxy (RaftServerProxy.java:addNew(89)) - 86084ec4-dae7-4808-81c8-289a21d6f4dc: addNew group-877CB685509D:[09f4ece9-71c1-4a5b-9b91-b2a8aadac043:192.168.34.62:45559, 86084ec4-dae7-4808-81c8-289a21d6f4dc:192.168.34.62:33180, dd0e1198-6ba1-4c32-9ce2-054c25212f92:192.168.34.62:42382] returns group-877CB685509D:java.util.concurrent.CompletableFuture@9165914[Not completed]
2019-11-14 15:08:10,481 [grpc-default-executor-0] INFO  impl.RaftServerProxy (RaftServerProxy.java:addNew(89)) - 09f4ece9-71c1-4a5b-9b91-b2a8aadac043: addNew group-877CB685509D:[09f4ece9-71c1-4a5b-9b91-b2a8aadac043:192.168.34.62:45559, 86084ec4-dae7-4808-81c8-289a21d6f4dc:192.168.34.62:33180, dd0e1198-6ba1-4c32-9ce2-054c25212f92:192.168.34.62:42382] returns group-877CB685509D:java.util.concurrent.CompletableFuture@69466283[Not completed]
2019-11-14 15:08:10,481 [grpc-default-executor-3] INFO  impl.RaftServerProxy (RaftServerProxy.java:addNew(89)) - dd0e1198-6ba1-4c32-9ce2-054c25212f92: addNew group-877CB685509D:[09f4ece9-71c1-4a5b-9b91-b2a8aadac043:192.168.34.62:45559, 86084ec4-dae7-4808-81c8-289a21d6f4dc:192.168.34.62:33180, dd0e1198-6ba1-4c32-9ce2-054c25212f92:192.168.34.62:42382] returns group-877CB685509D:java.util.concurrent.CompletableFuture@67c9a68f[Not completed]
2019-11-14 15:08:10,482 [pool-169-thread-1] INFO  impl.RaftServerImpl (RaftServerImpl.java:<init>(98)) - 86084ec4-dae7-4808-81c8-289a21d6f4dc: new RaftServerImpl for group-877CB685509D:[09f4ece9-71c1-4a5b-9b91-b2a8aadac043:192.168.34.62:45559, 86084ec4-dae7-4808-81c8-289a21d6f4dc:192.168.34.62:33180, dd0e1198-6ba1-4c32-9ce2-054c25212f92:192.168.34.62:42382] with ContainerStateMachine:uninitialized
2019-11-14 15:08:10,482 [pool-169-thread-1] INFO  server.RaftServerConfigKeys (ConfUtils.java:logGet(43)) - raft.server.rpc.timeout.min = 1s (custom)
2019-11-14 15:08:10,482 [pool-169-thread-1] INFO  server.RaftServerConfigKeys (ConfUtils.java:logGet(43)) - raft.server.rpc.timeout.max = 1200ms (custom)
2019-11-14 15:08:10,482 [pool-169-thread-1] INFO  server.RaftServerConfigKeys (ConfUtils.java:logGet(43)) - raft.server.rpcslowness.timeout = 120s (custom)
2019-11-14 15:08:10,482 [pool-169-thread-1] INFO  server.RaftServerConfigKeys (ConfUtils.java:logGet(43)) - raft.server.sleep.deviation.threshold = 300 (default)
2019-11-14 15:08:10,483 [pool-169-thread-1] INFO  server.RaftServerConfigKeys (ConfUtils.java:logGet(43)) - raft.server.log.appender.install.snapshot.enabled = false (custom)
2019-11-14 15:08:10,483 [pool-169-thread-1] INFO  impl.RaftServerImpl (ServerState.java:<init>(103)) - 86084ec4-dae7-4808-81c8-289a21d6f4dc@group-877CB685509D: ConfigurationManager, init=-1: [09f4ece9-71c1-4a5b-9b91-b2a8aadac043:192.168.34.62:45559, 86084ec4-dae7-4808-81c8-289a21d6f4dc:192.168.34.62:33180, dd0e1198-6ba1-4c32-9ce2-054c25212f92:192.168.34.62:42382], old=null, confs=<EMPTY_MAP>
2019-11-14 15:08:10,483 [pool-169-thread-1] INFO  server.RaftServerConfigKeys (ConfUtils.java:logGet(43)) - raft.server.storage.dir = [/workdir/hadoop-ozone/integration-test/target/test-dir/MiniOzoneClusterImpl-6b3e2517-75a7-4dd9-8054-0b12e404e591/datanode-2/data/ratis] (custom)
2019-11-14 15:08:10,483 [pool-169-thread-1] INFO  server.RaftServerConfigKeys (ConfUtils.java:logGet(43)) - raft.server.log.corruption.policy = EXCEPTION (default)
2019-11-14 15:08:10,483 [pool-169-thread-1] INFO  storage.RaftStorageDirectory (RaftStorageDirectory.java:analyzeStorage(246)) - The storage directory /workdir/hadoop-ozone/integration-test/target/test-dir/MiniOzoneClusterImpl-6b3e2517-75a7-4dd9-8054-0b12e404e591/datanode-2/data/ratis/d50fec5e-8dd9-477a-936a-877cb685509d does not exist. Creating ...
2019-11-14 15:08:10,483 [pool-149-thread-1] INFO  impl.RaftServerImpl (RaftServerImpl.java:<init>(98)) - 09f4ece9-71c1-4a5b-9b91-b2a8aadac043: new RaftServerImpl for group-877CB685509D:[09f4ece9-71c1-4a5b-9b91-b2a8aadac043:192.168.34.62:45559, 86084ec4-dae7-4808-81c8-289a21d6f4dc:192.168.34.62:33180, dd0e1198-6ba1-4c32-9ce2-054c25212f92:192.168.34.62:42382] with ContainerStateMachine:uninitialized
2019-11-14 15:08:10,483 [pool-149-thread-1] INFO  server.RaftServerConfigKeys (ConfUtils.java:logGet(43)) - raft.server.rpc.timeout.min = 1s (custom)
2019-11-14 15:08:10,484 [pool-149-thread-1] INFO  server.RaftServerConfigKeys (ConfUtils.java:logGet(43)) - raft.server.rpc.timeout.max = 1200ms (custom)
2019-11-14 15:08:10,484 [pool-149-thread-1] INFO  server.RaftServerConfigKeys (ConfUtils.java:logGet(43)) - raft.server.rpcslowness.timeout = 120s (custom)
2019-11-14 15:08:10,484 [pool-149-thread-1] INFO  server.RaftServerConfigKeys (ConfUtils.java:logGet(43)) - raft.server.sleep.deviation.threshold = 300 (default)
2019-11-14 15:08:10,484 [pool-149-thread-1] INFO  server.RaftServerConfigKeys (ConfUtils.java:logGet(43)) - raft.server.log.appender.install.snapshot.enabled = false (custom)
2019-11-14 15:08:10,484 [pool-149-thread-1] INFO  impl.RaftServerImpl (ServerState.java:<init>(103)) - 09f4ece9-71c1-4a5b-9b91-b2a8aadac043@group-877CB685509D: ConfigurationManager, init=-1: [09f4ece9-71c1-4a5b-9b91-b2a8aadac043:192.168.34.62:45559, 86084ec4-dae7-4808-81c8-289a21d6f4dc:192.168.34.62:33180, dd0e1198-6ba1-4c32-9ce2-054c25212f92:192.168.34.62:42382], old=null, confs=<EMPTY_MAP>
2019-11-14 15:08:10,484 [pool-149-thread-1] INFO  server.RaftServerConfigKeys (ConfUtils.java:logGet(43)) - raft.server.storage.dir = [/workdir/hadoop-ozone/integration-test/target/test-dir/MiniOzoneClusterImpl-6b3e2517-75a7-4dd9-8054-0b12e404e591/datanode-0/data/ratis] (custom)
2019-11-14 15:08:10,484 [pool-159-thread-1] INFO  impl.RaftServerImpl (RaftServerImpl.java:<init>(98)) - dd0e1198-6ba1-4c32-9ce2-054c25212f92: new RaftServerImpl for group-877CB685509D:[09f4ece9-71c1-4a5b-9b91-b2a8aadac043:192.168.34.62:45559, 86084ec4-dae7-4808-81c8-289a21d6f4dc:192.168.34.62:33180, dd0e1198-6ba1-4c32-9ce2-054c25212f92:192.168.34.62:42382] with ContainerStateMachine:uninitialized
2019-11-14 15:08:10,484 [pool-149-thread-1] INFO  server.RaftServerConfigKeys (ConfUtils.java:logGet(43)) - raft.server.log.corruption.policy = EXCEPTION (default)
2019-11-14 15:08:10,484 [pool-159-thread-1] INFO  server.RaftServerConfigKeys (ConfUtils.java:logGet(43)) - raft.server.rpc.timeout.min = 1s (custom)
2019-11-14 15:08:10,484 [pool-149-thread-1] INFO  storage.RaftStorageDirectory (RaftStorageDirectory.java:analyzeStorage(246)) - The storage directory /workdir/hadoop-ozone/integration-test/target/test-dir/MiniOzoneClusterImpl-6b3e2517-75a7-4dd9-8054-0b12e404e591/datanode-0/data/ratis/d50fec5e-8dd9-477a-936a-877cb685509d does not exist. Creating ...
2019-11-14 15:08:10,485 [pool-159-thread-1] INFO  server.RaftServerConfigKeys (ConfUtils.java:logGet(43)) - raft.server.rpc.timeout.max = 1200ms (custom)
2019-11-14 15:08:10,485 [pool-159-thread-1] INFO  server.RaftServerConfigKeys (ConfUtils.java:logGet(43)) - raft.server.rpcslowness.timeout = 120s (custom)
2019-11-14 15:08:10,485 [pool-159-thread-1] INFO  server.RaftServerConfigKeys (ConfUtils.java:logGet(43)) - raft.server.sleep.deviation.threshold = 300 (default)
2019-11-14 15:08:10,485 [pool-159-thread-1] INFO  server.RaftServerConfigKeys (ConfUtils.java:logGet(43)) - raft.server.log.appender.install.snapshot.enabled = false (custom)
2019-11-14 15:08:10,485 [pool-159-thread-1] INFO  impl.RaftServerImpl (ServerState.java:<init>(103)) - dd0e1198-6ba1-4c32-9ce2-054c25212f92@group-877CB685509D: ConfigurationManager, init=-1: [09f4ece9-71c1-4a5b-9b91-b2a8aadac043:192.168.34.62:45559, 86084ec4-dae7-4808-81c8-289a21d6f4dc:192.168.34.62:33180, dd0e1198-6ba1-4c32-9ce2-054c25212f92:192.168.34.62:42382], old=null, confs=<EMPTY_MAP>
2019-11-14 15:08:10,485 [pool-159-thread-1] INFO  server.RaftServerConfigKeys (ConfUtils.java:logGet(43)) - raft.server.storage.dir = [/workdir/hadoop-ozone/integration-test/target/test-dir/MiniOzoneClusterImpl-6b3e2517-75a7-4dd9-8054-0b12e404e591/datanode-1/data/ratis] (custom)
2019-11-14 15:08:10,485 [pool-159-thread-1] INFO  server.RaftServerConfigKeys (ConfUtils.java:logGet(43)) - raft.server.log.corruption.policy = EXCEPTION (default)
2019-11-14 15:08:10,485 [pool-159-thread-1] INFO  storage.RaftStorageDirectory (RaftStorageDirectory.java:analyzeStorage(246)) - The storage directory /workdir/hadoop-ozone/integration-test/target/test-dir/MiniOzoneClusterImpl-6b3e2517-75a7-4dd9-8054-0b12e404e591/datanode-1/data/ratis/d50fec5e-8dd9-477a-936a-877cb685509d does not exist. Creating ...
2019-11-14 15:08:10,506 [pool-159-thread-1] INFO  storage.RaftStorageDirectory (RaftStorageDirectory.java:tryLock(328)) - Lock on /workdir/hadoop-ozone/integration-test/target/test-dir/MiniOzoneClusterImpl-6b3e2517-75a7-4dd9-8054-0b12e404e591/datanode-1/data/ratis/d50fec5e-8dd9-477a-936a-877cb685509d/in_use.lock acquired by nodename 23875@pr-hdds-2480-6qkg9-608321763
2019-11-14 15:08:10,506 [pool-149-thread-1] INFO  storage.RaftStorageDirectory (RaftStorageDirectory.java:tryLock(328)) - Lock on /workdir/hadoop-ozone/integration-test/target/test-dir/MiniOzoneClusterImpl-6b3e2517-75a7-4dd9-8054-0b12e404e591/datanode-0/data/ratis/d50fec5e-8dd9-477a-936a-877cb685509d/in_use.lock acquired by nodename 23875@pr-hdds-2480-6qkg9-608321763
2019-11-14 15:08:10,506 [pool-169-thread-1] INFO  storage.RaftStorageDirectory (RaftStorageDirectory.java:tryLock(328)) - Lock on /workdir/hadoop-ozone/integration-test/target/test-dir/MiniOzoneClusterImpl-6b3e2517-75a7-4dd9-8054-0b12e404e591/datanode-2/data/ratis/d50fec5e-8dd9-477a-936a-877cb685509d/in_use.lock acquired by nodename 23875@pr-hdds-2480-6qkg9-608321763
2019-11-14 15:08:10,521 [pool-149-thread-1] INFO  storage.RaftStorage (RaftStorage.java:format(84)) - Storage directory /workdir/hadoop-ozone/integration-test/target/test-dir/MiniOzoneClusterImpl-6b3e2517-75a7-4dd9-8054-0b12e404e591/datanode-0/data/ratis/d50fec5e-8dd9-477a-936a-877cb685509d has been successfully formatted.
2019-11-14 15:08:10,521 [pool-159-thread-1] INFO  storage.RaftStorage (RaftStorage.java:format(84)) - Storage directory /workdir/hadoop-ozone/integration-test/target/test-dir/MiniOzoneClusterImpl-6b3e2517-75a7-4dd9-8054-0b12e404e591/datanode-1/data/ratis/d50fec5e-8dd9-477a-936a-877cb685509d has been successfully formatted.
2019-11-14 15:08:10,521 [pool-169-thread-1] INFO  storage.RaftStorage (RaftStorage.java:format(84)) - Storage directory /workdir/hadoop-ozone/integration-test/target/test-dir/MiniOzoneClusterImpl-6b3e2517-75a7-4dd9-8054-0b12e404e591/datanode-2/data/ratis/d50fec5e-8dd9-477a-936a-877cb685509d has been successfully formatted.
2019-11-14 15:08:10,521 [pool-149-thread-1] INFO  ratis.ContainerStateMachine (ContainerStateMachine.java:loadSnapshot(223)) - group-877CB685509D: The snapshot info is null. Setting the last applied indexto:(t:0, i:~)
2019-11-14 15:08:10,521 [pool-159-thread-1] INFO  ratis.ContainerStateMachine (ContainerStateMachine.java:loadSnapshot(223)) - group-877CB685509D: The snapshot info is null. Setting the last applied indexto:(t:0, i:~)
2019-11-14 15:08:10,521 [pool-169-thread-1] INFO  ratis.ContainerStateMachine (ContainerStateMachine.java:loadSnapshot(223)) - group-877CB685509D: The snapshot info is null. Setting the last applied indexto:(t:0, i:~)
2019-11-14 15:08:10,522 [pool-159-thread-1] INFO  server.RaftServerConfigKeys (ConfUtils.java:logGet(43)) - raft.server.notification.no-leader.timeout = 120s (custom)
2019-11-14 15:08:10,521 [pool-149-thread-1] INFO  server.RaftServerConfigKeys (ConfUtils.java:logGet(43)) - raft.server.notification.no-leader.timeout = 120s (custom)
2019-11-14 15:08:10,522 [pool-159-thread-1] INFO  server.RaftServerConfigKeys (ConfUtils.java:logGet(43)) - raft.server.log.use.memory = false (default)
2019-11-14 15:08:10,522 [pool-169-thread-1] INFO  server.RaftServerConfigKeys (ConfUtils.java:logGet(43)) - raft.server.notification.no-leader.timeout = 120s (custom)
2019-11-14 15:08:10,522 [pool-159-thread-1] INFO  server.RaftServerConfigKeys (ConfUtils.java:logGet(43)) - raft.server.log.purge.gap = 1000000 (custom)
2019-11-14 15:08:10,522 [pool-149-thread-1] INFO  server.RaftServerConfigKeys (ConfUtils.java:logGet(43)) - raft.server.log.use.memory = false (default)
2019-11-14 15:08:10,522 [pool-159-thread-1] INFO  server.RaftServerConfigKeys (ConfUtils.java:logGet(43)) - raft.server.log.appender.buffer.byte-limit = 33554432 (custom)
2019-11-14 15:08:10,522 [pool-169-thread-1] INFO  server.RaftServerConfigKeys (ConfUtils.java:logGet(43)) - raft.server.log.use.memory = false (default)
2019-11-14 15:08:10,522 [pool-159-thread-1] INFO  server.RaftServerConfigKeys (ConfUtils.java:logGet(43)) - raft.server.log.segment.size.max = 1048576 (custom)
2019-11-14 15:08:10,522 [pool-149-thread-1] INFO  server.RaftServerConfigKeys (ConfUtils.java:logGet(43)) - raft.server.log.purge.gap = 1000000 (custom)
2019-11-14 15:08:10,523 [pool-159-thread-1] INFO  server.RaftServerConfigKeys (ConfUtils.java:logGet(43)) - raft.server.log.segment.cache.num.max = 2 (custom)
2019-11-14 15:08:10,522 [pool-169-thread-1] INFO  server.RaftServerConfigKeys (ConfUtils.java:logGet(43)) - raft.server.log.purge.gap = 1000000 (custom)
2019-11-14 15:08:10,523 [pool-159-thread-1] INFO  segmented.SegmentedRaftLogWorker (SegmentedRaftLogWorker.java:<init>(173)) - new dd0e1198-6ba1-4c32-9ce2-054c25212f92@group-877CB685509D-SegmentedRaftLogWorker for RaftStorage:Storage Directory /workdir/hadoop-ozone/integration-test/target/test-dir/MiniOzoneClusterImpl-6b3e2517-75a7-4dd9-8054-0b12e404e591/datanode-1/data/ratis/d50fec5e-8dd9-477a-936a-877cb685509d
2019-11-14 15:08:10,523 [pool-159-thread-1] INFO  server.RaftServerConfigKeys (ConfUtils.java:logGet(43)) - raft.server.log.queue.byte-limit = 2147483647 (custom)
2019-11-14 15:08:10,523 [pool-149-thread-1] INFO  server.RaftServerConfigKeys (ConfUtils.java:logGet(43)) - raft.server.log.appender.buffer.byte-limit = 33554432 (custom)
2019-11-14 15:08:10,523 [pool-159-thread-1] INFO  server.RaftServerConfigKeys (ConfUtils.java:logGet(43)) - raft.server.log.queue.element-limit = 1024 (custom)
2019-11-14 15:08:10,523 [pool-169-thread-1] INFO  server.RaftServerConfigKeys (ConfUtils.java:logGet(43)) - raft.server.log.appender.buffer.byte-limit = 33554432 (custom)
2019-11-14 15:08:10,523 [pool-159-thread-1] INFO  server.RaftServerConfigKeys (ConfUtils.java:logGet(43)) - raft.server.log.segment.size.max = 1048576 (custom)
2019-11-14 15:08:10,523 [pool-149-thread-1] INFO  server.RaftServerConfigKeys (ConfUtils.java:logGet(43)) - raft.server.log.segment.size.max = 1048576 (custom)
2019-11-14 15:08:10,523 [pool-159-thread-1] INFO  server.RaftServerConfigKeys (ConfUtils.java:logGet(43)) - raft.server.log.preallocated.size = 16384 (custom)
2019-11-14 15:08:10,523 [pool-169-thread-1] INFO  server.RaftServerConfigKeys (ConfUtils.java:logGet(43)) - raft.server.log.segment.size.max = 1048576 (custom)
2019-11-14 15:08:10,524 [pool-159-thread-1] INFO  server.RaftServerConfigKeys (ConfUtils.java:logGet(43)) - raft.server.log.write.buffer.size = 33554432 (custom)
2019-11-14 15:08:10,524 [pool-149-thread-1] INFO  server.RaftServerConfigKeys (ConfUtils.java:logGet(43)) - raft.server.log.segment.cache.num.max = 2 (custom)
2019-11-14 15:08:10,524 [pool-159-thread-1] INFO  server.RaftServerConfigKeys (ConfUtils.java:logGet(43)) - raft.server.log.force.sync.num = 128 (default)
2019-11-14 15:08:10,524 [pool-169-thread-1] INFO  server.RaftServerConfigKeys (ConfUtils.java:logGet(43)) - raft.server.log.segment.cache.num.max = 2 (custom)
2019-11-14 15:08:10,524 [pool-159-thread-1] INFO  server.RaftServerConfigKeys (ConfUtils.java:logGet(43)) - raft.server.log.statemachine.data.sync = true (default)
2019-11-14 15:08:10,524 [pool-149-thread-1] INFO  segmented.SegmentedRaftLogWorker (SegmentedRaftLogWorker.java:<init>(173)) - new 09f4ece9-71c1-4a5b-9b91-b2a8aadac043@group-877CB685509D-SegmentedRaftLogWorker for RaftStorage:Storage Directory /workdir/hadoop-ozone/integration-test/target/test-dir/MiniOzoneClusterImpl-6b3e2517-75a7-4dd9-8054-0b12e404e591/datanode-0/data/ratis/d50fec5e-8dd9-477a-936a-877cb685509d
2019-11-14 15:08:10,524 [pool-159-thread-1] INFO  server.RaftServerConfigKeys (ConfUtils.java:logGet(43)) - raft.server.log.statemachine.data.sync.timeout = 10s (default)
2019-11-14 15:08:10,524 [pool-169-thread-1] INFO  segmented.SegmentedRaftLogWorker (SegmentedRaftLogWorker.java:<init>(173)) - new 86084ec4-dae7-4808-81c8-289a21d6f4dc@group-877CB685509D-SegmentedRaftLogWorker for RaftStorage:Storage Directory /workdir/hadoop-ozone/integration-test/target/test-dir/MiniOzoneClusterImpl-6b3e2517-75a7-4dd9-8054-0b12e404e591/datanode-2/data/ratis/d50fec5e-8dd9-477a-936a-877cb685509d
2019-11-14 15:08:10,525 [pool-159-thread-1] INFO  server.RaftServerConfigKeys (ConfUtils.java:logGet(43)) - raft.server.log.statemachine.data.sync.timeout.retry = -1 (default)
2019-11-14 15:08:10,524 [pool-149-thread-1] INFO  server.RaftServerConfigKeys (ConfUtils.java:logGet(43)) - raft.server.log.queue.byte-limit = 2147483647 (custom)
2019-11-14 15:08:10,525 [pool-159-thread-1] INFO  server.RaftServerConfigKeys (ConfUtils.java:logGet(43)) - raft.server.log.statemachine.data.caching.enabled = true (custom)
2019-11-14 15:08:10,525 [pool-169-thread-1] INFO  server.RaftServerConfigKeys (ConfUtils.java:logGet(43)) - raft.server.log.queue.byte-limit = 2147483647 (custom)
2019-11-14 15:08:10,525 [pool-149-thread-1] INFO  server.RaftServerConfigKeys (ConfUtils.java:logGet(43)) - raft.server.log.queue.element-limit = 1024 (custom)
2019-11-14 15:08:10,525 [pool-169-thread-1] INFO  server.RaftServerConfigKeys (ConfUtils.java:logGet(43)) - raft.server.log.queue.element-limit = 1024 (custom)
2019-11-14 15:08:10,525 [pool-149-thread-1] INFO  server.RaftServerConfigKeys (ConfUtils.java:logGet(43)) - raft.server.log.segment.size.max = 1048576 (custom)
2019-11-14 15:08:10,525 [pool-159-thread-1] INFO  segmented.SegmentedRaftLogWorker (SegmentedRaftLogWorker.java:lambda$new$0(128)) - dd0e1198-6ba1-4c32-9ce2-054c25212f92@group-877CB685509D-SegmentedRaftLogWorker: flushIndex: setUnconditionally 0 -> -1
2019-11-14 15:08:10,525 [pool-149-thread-1] INFO  server.RaftServerConfigKeys (ConfUtils.java:logGet(43)) - raft.server.log.preallocated.size = 16384 (custom)
2019-11-14 15:08:10,525 [pool-169-thread-1] INFO  server.RaftServerConfigKeys (ConfUtils.java:logGet(43)) - raft.server.log.segment.size.max = 1048576 (custom)
2019-11-14 15:08:10,525 [pool-159-thread-1] INFO  server.RaftServerConfigKeys (ConfUtils.java:logGet(43)) - raft.server.snapshot.auto.trigger.enabled = true (custom)
2019-11-14 15:08:10,525 [pool-149-thread-1] INFO  server.RaftServerConfigKeys (ConfUtils.java:logGet(43)) - raft.server.log.write.buffer.size = 33554432 (custom)
2019-11-14 15:08:10,526 [pool-159-thread-1] INFO  server.RaftServerConfigKeys (ConfUtils.java:logGet(43)) - raft.server.snapshot.auto.trigger.threshold = 10000 (custom)
2019-11-14 15:08:10,526 [pool-169-thread-1] INFO  server.RaftServerConfigKeys (ConfUtils.java:logGet(43)) - raft.server.log.preallocated.size = 16384 (custom)
2019-11-14 15:08:10,526 [pool-159-thread-1] INFO  server.RaftServerConfigKeys (ConfUtils.java:logGet(43)) - raft.server.snapshot.retention.file.num = 5 (custom)
2019-11-14 15:08:10,526 [pool-149-thread-1] INFO  server.RaftServerConfigKeys (ConfUtils.java:logGet(43)) - raft.server.log.force.sync.num = 128 (default)
2019-11-14 15:08:10,526 [pool-159-thread-1] INFO  server.RaftServerConfigKeys (ConfUtils.java:logGet(43)) - raft.server.retrycache.expirytime = 600000ms (custom)
2019-11-14 15:08:10,526 [pool-169-thread-1] INFO  server.RaftServerConfigKeys (ConfUtils.java:logGet(43)) - raft.server.log.write.buffer.size = 33554432 (custom)
2019-11-14 15:08:10,526 [pool-149-thread-1] INFO  server.RaftServerConfigKeys (ConfUtils.java:logGet(43)) - raft.server.log.statemachine.data.sync = true (default)
2019-11-14 15:08:10,526 [pool-169-thread-1] INFO  server.RaftServerConfigKeys (ConfUtils.java:logGet(43)) - raft.server.log.force.sync.num = 128 (default)
2019-11-14 15:08:10,526 [pool-159-thread-1] WARN  impl.MetricRegistriesImpl (MetricRegistriesImpl.java:lambda$create$1(61)) - First MetricRegistry has been created without registering reporters. You may need to call MetricRegistries.global().addReportRegistration(...) before.
2019-11-14 15:08:10,526 [pool-169-thread-1] INFO  server.RaftServerConfigKeys (ConfUtils.java:logGet(43)) - raft.server.log.statemachine.data.sync = true (default)
2019-11-14 15:08:10,526 [pool-149-thread-1] INFO  server.RaftServerConfigKeys (ConfUtils.java:logGet(43)) - raft.server.log.statemachine.data.sync.timeout = 10s (default)
2019-11-14 15:08:10,527 [pool-169-thread-1] INFO  server.RaftServerConfigKeys (ConfUtils.java:logGet(43)) - raft.server.log.statemachine.data.sync.timeout = 10s (default)
2019-11-14 15:08:10,527 [pool-159-thread-1] WARN  impl.MetricRegistriesImpl (MetricRegistriesImpl.java:lambda$create$1(61)) - First MetricRegistry has been created without registering reporters. You may need to call MetricRegistries.global().addReportRegistration(...) before.
2019-11-14 15:08:10,527 [pool-169-thread-1] INFO  server.RaftServerConfigKeys (ConfUtils.java:logGet(43)) - raft.server.log.statemachine.data.sync.timeout.retry = -1 (default)
2019-11-14 15:08:10,527 [pool-149-thread-1] INFO  server.RaftServerConfigKeys (ConfUtils.java:logGet(43)) - raft.server.log.statemachine.data.sync.timeout.retry = -1 (default)
2019-11-14 15:08:10,527 [pool-159-thread-1] INFO  impl.RaftServerImpl (RaftServerImpl.java:start(184)) - dd0e1198-6ba1-4c32-9ce2-054c25212f92@group-877CB685509D: start as a follower, conf=-1: [09f4ece9-71c1-4a5b-9b91-b2a8aadac043:192.168.34.62:45559, 86084ec4-dae7-4808-81c8-289a21d6f4dc:192.168.34.62:33180, dd0e1198-6ba1-4c32-9ce2-054c25212f92:192.168.34.62:42382], old=null
2019-11-14 15:08:10,527 [pool-169-thread-1] INFO  server.RaftServerConfigKeys (ConfUtils.java:logGet(43)) - raft.server.log.statemachine.data.caching.enabled = true (custom)
2019-11-14 15:08:10,527 [pool-159-thread-1] INFO  impl.RaftServerImpl (RaftServerImpl.java:setRole(173)) - dd0e1198-6ba1-4c32-9ce2-054c25212f92@group-877CB685509D: changes role from      null to FOLLOWER at term 0 for startAsFollower
2019-11-14 15:08:10,527 [pool-149-thread-1] INFO  server.RaftServerConfigKeys (ConfUtils.java:logGet(43)) - raft.server.log.statemachine.data.caching.enabled = true (custom)
2019-11-14 15:08:10,527 [pool-169-thread-1] INFO  segmented.SegmentedRaftLogWorker (SegmentedRaftLogWorker.java:lambda$new$0(128)) - 86084ec4-dae7-4808-81c8-289a21d6f4dc@group-877CB685509D-SegmentedRaftLogWorker: flushIndex: setUnconditionally 0 -> -1
2019-11-14 15:08:10,527 [pool-159-thread-1] INFO  impl.RoleInfo (RoleInfo.java:updateAndGet(143)) - dd0e1198-6ba1-4c32-9ce2-054c25212f92: start FollowerState
2019-11-14 15:08:10,528 [pool-149-thread-1] INFO  segmented.SegmentedRaftLogWorker (SegmentedRaftLogWorker.java:lambda$new$0(128)) - 09f4ece9-71c1-4a5b-9b91-b2a8aadac043@group-877CB685509D-SegmentedRaftLogWorker: flushIndex: setUnconditionally 0 -> -1
2019-11-14 15:08:10,528 [pool-169-thread-1] INFO  server.RaftServerConfigKeys (ConfUtils.java:logGet(43)) - raft.server.snapshot.auto.trigger.enabled = true (custom)
2019-11-14 15:08:10,528 [pool-169-thread-1] INFO  server.RaftServerConfigKeys (ConfUtils.java:logGet(43)) - raft.server.snapshot.auto.trigger.threshold = 10000 (custom)
2019-11-14 15:08:10,528 [pool-149-thread-1] INFO  server.RaftServerConfigKeys (ConfUtils.java:logGet(43)) - raft.server.snapshot.auto.trigger.enabled = true (custom)
2019-11-14 15:08:10,528 [pool-159-thread-1] INFO  util.JmxRegister (JmxRegister.java:tryRegister(44)) - Successfully registered JMX Bean with object name Ratis:service=RaftServer,group=group-877CB685509D,id=dd0e1198-6ba1-4c32-9ce2-054c25212f92
2019-11-14 15:08:10,528 [pool-169-thread-1] INFO  server.RaftServerConfigKeys (ConfUtils.java:logGet(43)) - raft.server.snapshot.retention.file.num = 5 (custom)
2019-11-14 15:08:10,528 [pool-159-thread-1] WARN  impl.MetricRegistriesImpl (MetricRegistriesImpl.java:lambda$create$1(61)) - First MetricRegistry has been created without registering reporters. You may need to call MetricRegistries.global().addReportRegistration(...) before.
2019-11-14 15:08:10,528 [pool-149-thread-1] INFO  server.RaftServerConfigKeys (ConfUtils.java:logGet(43)) - raft.server.snapshot.auto.trigger.threshold = 10000 (custom)
2019-11-14 15:08:10,528 [pool-169-thread-1] INFO  server.RaftServerConfigKeys (ConfUtils.java:logGet(43)) - raft.server.retrycache.expirytime = 600000ms (custom)
2019-11-14 15:08:10,528 [pool-149-thread-1] INFO  server.RaftServerConfigKeys (ConfUtils.java:logGet(43)) - raft.server.snapshot.retention.file.num = 5 (custom)
2019-11-14 15:08:10,528 [pool-169-thread-1] WARN  impl.MetricRegistriesImpl (MetricRegistriesImpl.java:lambda$create$1(61)) - First MetricRegistry has been created without registering reporters. You may need to call MetricRegistries.global().addReportRegistration(...) before.
2019-11-14 15:08:10,528 [pool-149-thread-1] INFO  server.RaftServerConfigKeys (ConfUtils.java:logGet(43)) - raft.server.retrycache.expirytime = 600000ms (custom)
2019-11-14 15:08:10,529 [pool-169-thread-1] WARN  impl.MetricRegistriesImpl (MetricRegistriesImpl.java:lambda$create$1(61)) - First MetricRegistry has been created without registering reporters. You may need to call MetricRegistries.global().addReportRegistration(...) before.
2019-11-14 15:08:10,529 [pool-149-thread-1] WARN  impl.MetricRegistriesImpl (MetricRegistriesImpl.java:lambda$create$1(61)) - First MetricRegistry has been created without registering reporters. You may need to call MetricRegistries.global().addReportRegistration(...) before.
2019-11-14 15:08:10,529 [pool-169-thread-1] INFO  impl.RaftServerImpl (RaftServerImpl.java:start(184)) - 86084ec4-dae7-4808-81c8-289a21d6f4dc@group-877CB685509D: start as a follower, conf=-1: [09f4ece9-71c1-4a5b-9b91-b2a8aadac043:192.168.34.62:45559, 86084ec4-dae7-4808-81c8-289a21d6f4dc:192.168.34.62:33180, dd0e1198-6ba1-4c32-9ce2-054c25212f92:192.168.34.62:42382], old=null
2019-11-14 15:08:10,529 [pool-149-thread-1] WARN  impl.MetricRegistriesImpl (MetricRegistriesImpl.java:lambda$create$1(61)) - First MetricRegistry has been created without registering reporters. You may need to call MetricRegistries.global().addReportRegistration(...) before.
2019-11-14 15:08:10,529 [pool-169-thread-1] INFO  impl.RaftServerImpl (RaftServerImpl.java:setRole(173)) - 86084ec4-dae7-4808-81c8-289a21d6f4dc@group-877CB685509D: changes role from      null to FOLLOWER at term 0 for startAsFollower
2019-11-14 15:08:10,529 [pool-149-thread-1] INFO  impl.RaftServerImpl (RaftServerImpl.java:start(184)) - 09f4ece9-71c1-4a5b-9b91-b2a8aadac043@group-877CB685509D: start as a follower, conf=-1: [09f4ece9-71c1-4a5b-9b91-b2a8aadac043:192.168.34.62:45559, 86084ec4-dae7-4808-81c8-289a21d6f4dc:192.168.34.62:33180, dd0e1198-6ba1-4c32-9ce2-054c25212f92:192.168.34.62:42382], old=null
2019-11-14 15:08:10,529 [pool-169-thread-1] INFO  impl.RoleInfo (RoleInfo.java:updateAndGet(143)) - 86084ec4-dae7-4808-81c8-289a21d6f4dc: start FollowerState
2019-11-14 15:08:10,529 [pool-149-thread-1] INFO  impl.RaftServerImpl (RaftServerImpl.java:setRole(173)) - 09f4ece9-71c1-4a5b-9b91-b2a8aadac043@group-877CB685509D: changes role from      null to FOLLOWER at term 0 for startAsFollower
2019-11-14 15:08:10,529 [pool-149-thread-1] INFO  impl.RoleInfo (RoleInfo.java:updateAndGet(143)) - 09f4ece9-71c1-4a5b-9b91-b2a8aadac043: start FollowerState
2019-11-14 15:08:10,529 [pool-169-thread-1] INFO  util.JmxRegister (JmxRegister.java:tryRegister(44)) - Successfully registered JMX Bean with object name Ratis:service=RaftServer,group=group-877CB685509D,id=86084ec4-dae7-4808-81c8-289a21d6f4dc
2019-11-14 15:08:10,529 [pool-169-thread-1] WARN  impl.MetricRegistriesImpl (MetricRegistriesImpl.java:lambda$create$1(61)) - First MetricRegistry has been created without registering reporters. You may need to call MetricRegistries.global().addReportRegistration(...) before.
2019-11-14 15:08:10,530 [pool-149-thread-1] INFO  util.JmxRegister (JmxRegister.java:tryRegister(44)) - Successfully registered JMX Bean with object name Ratis:service=RaftServer,group=group-877CB685509D,id=09f4ece9-71c1-4a5b-9b91-b2a8aadac043
2019-11-14 15:08:10,530 [pool-149-thread-1] WARN  impl.MetricRegistriesImpl (MetricRegistriesImpl.java:lambda$create$1(61)) - First MetricRegistry has been created without registering reporters. You may need to call MetricRegistries.global().addReportRegistration(...) before.
2019-11-14 15:08:10,531 [RatisPipelineUtilsThread] INFO  pipeline.PipelineStateManager (PipelineStateManager.java:addPipeline(55)) - Created pipeline Pipeline[ Id: d50fec5e-8dd9-477a-936a-877cb685509d, Nodes: 09f4ece9-71c1-4a5b-9b91-b2a8aadac043{ip: 192.168.34.62, host: pr-hdds-2480-6qkg9-608321763, networkLocation: /rack1, certSerialId: null}dd0e1198-6ba1-4c32-9ce2-054c25212f92{ip: 192.168.34.62, host: pr-hdds-2480-6qkg9-608321763, networkLocation: /rack1, certSerialId: null}86084ec4-dae7-4808-81c8-289a21d6f4dc{ip: 192.168.34.62, host: pr-hdds-2480-6qkg9-608321763, networkLocation: /rack1, certSerialId: null}, Type:RATIS, Factor:THREE, State:ALLOCATED]
2019-11-14 15:08:10,532 [Thread-1271] INFO  pipeline.PipelineStateManager (PipelineStateManager.java:finalizePipeline(121)) - Pipeline Pipeline[ Id: 1ea1b5cd-1e7b-406e-b195-bf045e2c2d3f, Nodes: a96edad4-0b0c-48cb-948a-93b2fbf7c409{ip: 192.168.34.62, host: pr-hdds-2480-6qkg9-608321763, networkLocation: /rack1, certSerialId: null}, Type:RATIS, Factor:ONE, State:CLOSED] moved to CLOSED state
2019-11-14 15:08:10,535 [grpc-default-executor-3] INFO  impl.RaftServerProxy (RaftServerProxy.java:remove(95)) - a96edad4-0b0c-48cb-948a-93b2fbf7c409: remove    LEADER a96edad4-0b0c-48cb-948a-93b2fbf7c409@group-BF045E2C2D3F:t1, leader=a96edad4-0b0c-48cb-948a-93b2fbf7c409, voted=a96edad4-0b0c-48cb-948a-93b2fbf7c409, raftlog=a96edad4-0b0c-48cb-948a-93b2fbf7c409@group-BF045E2C2D3F-SegmentedRaftLog:OPENED:c0,f0,i0, conf=0: [a96edad4-0b0c-48cb-948a-93b2fbf7c409:192.168.34.62:43006], old=null RUNNING
2019-11-14 15:08:10,535 [grpc-default-executor-3] INFO  impl.RaftServerImpl (RaftServerImpl.java:lambda$shutdown$3(250)) - a96edad4-0b0c-48cb-948a-93b2fbf7c409@group-BF045E2C2D3F: shutdown
2019-11-14 15:08:10,536 [grpc-default-executor-3] INFO  util.JmxRegister (JmxRegister.java:unregister(73)) - Successfully un-registered JMX Bean with object name Ratis:service=RaftServer,group=group-BF045E2C2D3F,id=a96edad4-0b0c-48cb-948a-93b2fbf7c409
2019-11-14 15:08:10,536 [grpc-default-executor-3] INFO  impl.RoleInfo (RoleInfo.java:shutdownLeaderState(104)) - a96edad4-0b0c-48cb-948a-93b2fbf7c409: shutdown LeaderState
2019-11-14 15:08:10,536 [grpc-default-executor-3] INFO  impl.PendingRequests (PendingRequests.java:sendNotLeaderResponses(206)) - a96edad4-0b0c-48cb-948a-93b2fbf7c409@group-BF045E2C2D3F-PendingRequests: sendNotLeaderResponses
2019-11-14 15:08:10,536 [grpc-default-executor-3] INFO  impl.StateMachineUpdater (StateMachineUpdater.java:stopAndJoin(136)) - a96edad4-0b0c-48cb-948a-93b2fbf7c409@group-BF045E2C2D3F-StateMachineUpdater: set stopIndex = 0
2019-11-14 15:08:10,536 [grpc-default-executor-3] INFO  impl.RaftServerImpl (ServerState.java:close(387)) - a96edad4-0b0c-48cb-948a-93b2fbf7c409@group-BF045E2C2D3F: closes. applyIndex: 0
2019-11-14 15:08:10,536 [a96edad4-0b0c-48cb-948a-93b2fbf7c409@group-BF045E2C2D3F-SegmentedRaftLogWorker] INFO  segmented.SegmentedRaftLogWorker (SegmentedRaftLogWorker.java:run(316)) - a96edad4-0b0c-48cb-948a-93b2fbf7c409@group-BF045E2C2D3F-SegmentedRaftLogWorker was interrupted, exiting. There are 0 tasks remaining in the queue.
2019-11-14 15:08:10,537 [grpc-default-executor-3] INFO  segmented.SegmentedRaftLogWorker (SegmentedRaftLogWorker.java:close(224)) - a96edad4-0b0c-48cb-948a-93b2fbf7c409@group-BF045E2C2D3F-SegmentedRaftLogWorker close()
2019-11-14 15:08:10,544 [Thread-1271] INFO  pipeline.PipelineStateManager (PipelineStateManager.java:removePipeline(106)) - Pipeline Pipeline[ Id: 1ea1b5cd-1e7b-406e-b195-bf045e2c2d3f, Nodes: a96edad4-0b0c-48cb-948a-93b2fbf7c409{ip: 192.168.34.62, host: pr-hdds-2480-6qkg9-608321763, networkLocation: /rack1, certSerialId: null}, Type:RATIS, Factor:ONE, State:CLOSED] removed from db
2019-11-14 15:08:10,550 [grpc-default-executor-3] INFO  impl.RaftServerProxy (RaftServerProxy.java:addNew(89)) - a96edad4-0b0c-48cb-948a-93b2fbf7c409: addNew group-BD9547C05093:[a96edad4-0b0c-48cb-948a-93b2fbf7c409:192.168.34.62:43006] returns group-BD9547C05093:java.util.concurrent.CompletableFuture@68bb9495[Not completed]
2019-11-14 15:08:10,551 [pool-219-thread-1] INFO  impl.RaftServerImpl (RaftServerImpl.java:<init>(98)) - a96edad4-0b0c-48cb-948a-93b2fbf7c409: new RaftServerImpl for group-BD9547C05093:[a96edad4-0b0c-48cb-948a-93b2fbf7c409:192.168.34.62:43006] with ContainerStateMachine:uninitialized
2019-11-14 15:08:10,551 [pool-219-thread-1] INFO  server.RaftServerConfigKeys (ConfUtils.java:logGet(43)) - raft.server.rpc.timeout.min = 1s (custom)
2019-11-14 15:08:10,551 [pool-219-thread-1] INFO  server.RaftServerConfigKeys (ConfUtils.java:logGet(43)) - raft.server.rpc.timeout.max = 1200ms (custom)
2019-11-14 15:08:10,551 [pool-219-thread-1] INFO  server.RaftServerConfigKeys (ConfUtils.java:logGet(43)) - raft.server.rpcslowness.timeout = 120s (custom)
2019-11-14 15:08:10,552 [pool-219-thread-1] INFO  server.RaftServerConfigKeys (ConfUtils.java:logGet(43)) - raft.server.sleep.deviation.threshold = 300 (default)
2019-11-14 15:08:10,552 [pool-219-thread-1] INFO  server.RaftServerConfigKeys (ConfUtils.java:logGet(43)) - raft.server.log.appender.install.snapshot.enabled = false (custom)
2019-11-14 15:08:10,552 [pool-219-thread-1] INFO  impl.RaftServerImpl (ServerState.java:<init>(103)) - a96edad4-0b0c-48cb-948a-93b2fbf7c409@group-BD9547C05093: ConfigurationManager, init=-1: [a96edad4-0b0c-48cb-948a-93b2fbf7c409:192.168.34.62:43006], old=null, confs=<EMPTY_MAP>
2019-11-14 15:08:10,552 [pool-219-thread-1] INFO  server.RaftServerConfigKeys (ConfUtils.java:logGet(43)) - raft.server.storage.dir = [/workdir/hadoop-ozone/integration-test/target/test-dir/MiniOzoneClusterImpl-6b3e2517-75a7-4dd9-8054-0b12e404e591/datanode-7/data/ratis] (custom)
2019-11-14 15:08:10,552 [pool-219-thread-1] INFO  server.RaftServerConfigKeys (ConfUtils.java:logGet(43)) - raft.server.log.corruption.policy = EXCEPTION (default)
2019-11-14 15:08:10,552 [pool-219-thread-1] INFO  storage.RaftStorageDirectory (RaftStorageDirectory.java:analyzeStorage(246)) - The storage directory /workdir/hadoop-ozone/integration-test/target/test-dir/MiniOzoneClusterImpl-6b3e2517-75a7-4dd9-8054-0b12e404e591/datanode-7/data/ratis/b705a0d2-da23-4efa-b669-bd9547c05093 does not exist. Creating ...
2019-11-14 15:08:10,565 [pool-219-thread-1] INFO  storage.RaftStorageDirectory (RaftStorageDirectory.java:tryLock(328)) - Lock on /workdir/hadoop-ozone/integration-test/target/test-dir/MiniOzoneClusterImpl-6b3e2517-75a7-4dd9-8054-0b12e404e591/datanode-7/data/ratis/b705a0d2-da23-4efa-b669-bd9547c05093/in_use.lock acquired by nodename 23875@pr-hdds-2480-6qkg9-608321763
2019-11-14 15:08:10,577 [pool-219-thread-1] INFO  storage.RaftStorage (RaftStorage.java:format(84)) - Storage directory /workdir/hadoop-ozone/integration-test/target/test-dir/MiniOzoneClusterImpl-6b3e2517-75a7-4dd9-8054-0b12e404e591/datanode-7/data/ratis/b705a0d2-da23-4efa-b669-bd9547c05093 has been successfully formatted.
2019-11-14 15:08:10,578 [pool-219-thread-1] INFO  ratis.ContainerStateMachine (ContainerStateMachine.java:loadSnapshot(223)) - group-BD9547C05093: The snapshot info is null. Setting the last applied indexto:(t:0, i:~)
2019-11-14 15:08:10,578 [pool-219-thread-1] INFO  server.RaftServerConfigKeys (ConfUtils.java:logGet(43)) - raft.server.notification.no-leader.timeout = 120s (custom)
2019-11-14 15:08:10,578 [pool-219-thread-1] INFO  server.RaftServerConfigKeys (ConfUtils.java:logGet(43)) - raft.server.log.use.memory = false (default)
2019-11-14 15:08:10,578 [pool-219-thread-1] INFO  server.RaftServerConfigKeys (ConfUtils.java:logGet(43)) - raft.server.log.purge.gap = 1000000 (custom)
2019-11-14 15:08:10,578 [pool-219-thread-1] INFO  server.RaftServerConfigKeys (ConfUtils.java:logGet(43)) - raft.server.log.appender.buffer.byte-limit = 33554432 (custom)
2019-11-14 15:08:10,578 [pool-219-thread-1] INFO  server.RaftServerConfigKeys (ConfUtils.java:logGet(43)) - raft.server.log.segment.size.max = 1048576 (custom)
2019-11-14 15:08:10,578 [pool-219-thread-1] INFO  server.RaftServerConfigKeys (ConfUtils.java:logGet(43)) - raft.server.log.segment.cache.num.max = 2 (custom)
2019-11-14 15:08:10,578 [pool-219-thread-1] INFO  segmented.SegmentedRaftLogWorker (SegmentedRaftLogWorker.java:<init>(173)) - new a96edad4-0b0c-48cb-948a-93b2fbf7c409@group-BD9547C05093-SegmentedRaftLogWorker for RaftStorage:Storage Directory /workdir/hadoop-ozone/integration-test/target/test-dir/MiniOzoneClusterImpl-6b3e2517-75a7-4dd9-8054-0b12e404e591/datanode-7/data/ratis/b705a0d2-da23-4efa-b669-bd9547c05093
2019-11-14 15:08:10,578 [pool-219-thread-1] INFO  server.RaftServerConfigKeys (ConfUtils.java:logGet(43)) - raft.server.log.queue.byte-limit = 2147483647 (custom)
2019-11-14 15:08:10,578 [pool-219-thread-1] INFO  server.RaftServerConfigKeys (ConfUtils.java:logGet(43)) - raft.server.log.queue.element-limit = 1024 (custom)
2019-11-14 15:08:10,578 [pool-219-thread-1] INFO  server.RaftServerConfigKeys (ConfUtils.java:logGet(43)) - raft.server.log.segment.size.max = 1048576 (custom)
2019-11-14 15:08:10,578 [pool-219-thread-1] INFO  server.RaftServerConfigKeys (ConfUtils.java:logGet(43)) - raft.server.log.preallocated.size = 16384 (custom)
2019-11-14 15:08:10,579 [pool-219-thread-1] INFO  server.RaftServerConfigKeys (ConfUtils.java:logGet(43)) - raft.server.log.write.buffer.size = 33554432 (custom)
2019-11-14 15:08:10,579 [pool-219-thread-1] INFO  server.RaftServerConfigKeys (ConfUtils.java:logGet(43)) - raft.server.log.force.sync.num = 128 (default)
2019-11-14 15:08:10,579 [pool-219-thread-1] INFO  server.RaftServerConfigKeys (ConfUtils.java:logGet(43)) - raft.server.log.statemachine.data.sync = true (default)
2019-11-14 15:08:10,579 [pool-219-thread-1] INFO  server.RaftServerConfigKeys (ConfUtils.java:logGet(43)) - raft.server.log.statemachine.data.sync.timeout = 10s (default)
2019-11-14 15:08:10,579 [pool-219-thread-1] INFO  server.RaftServerConfigKeys (ConfUtils.java:logGet(43)) - raft.server.log.statemachine.data.sync.timeout.retry = -1 (default)
2019-11-14 15:08:10,579 [pool-219-thread-1] INFO  server.RaftServerConfigKeys (ConfUtils.java:logGet(43)) - raft.server.log.statemachine.data.caching.enabled = true (custom)
2019-11-14 15:08:10,579 [pool-219-thread-1] INFO  segmented.SegmentedRaftLogWorker (SegmentedRaftLogWorker.java:lambda$new$0(128)) - a96edad4-0b0c-48cb-948a-93b2fbf7c409@group-BD9547C05093-SegmentedRaftLogWorker: flushIndex: setUnconditionally 0 -> -1
2019-11-14 15:08:10,579 [pool-219-thread-1] INFO  server.RaftServerConfigKeys (ConfUtils.java:logGet(43)) - raft.server.snapshot.auto.trigger.enabled = true (custom)
2019-11-14 15:08:10,579 [pool-219-thread-1] INFO  server.RaftServerConfigKeys (ConfUtils.java:logGet(43)) - raft.server.snapshot.auto.trigger.threshold = 10000 (custom)
2019-11-14 15:08:10,579 [pool-219-thread-1] INFO  server.RaftServerConfigKeys (ConfUtils.java:logGet(43)) - raft.server.snapshot.retention.file.num = 5 (custom)
2019-11-14 15:08:10,580 [pool-219-thread-1] INFO  server.RaftServerConfigKeys (ConfUtils.java:logGet(43)) - raft.server.retrycache.expirytime = 600000ms (custom)
2019-11-14 15:08:10,580 [pool-219-thread-1] WARN  impl.MetricRegistriesImpl (MetricRegistriesImpl.java:lambda$create$1(61)) - First MetricRegistry has been created without registering reporters. You may need to call MetricRegistries.global().addReportRegistration(...) before.
2019-11-14 15:08:10,580 [pool-219-thread-1] WARN  impl.MetricRegistriesImpl (MetricRegistriesImpl.java:lambda$create$1(61)) - First MetricRegistry has been created without registering reporters. You may need to call MetricRegistries.global().addReportRegistration(...) before.
2019-11-14 15:08:10,580 [pool-219-thread-1] INFO  impl.RaftServerImpl (RaftServerImpl.java:start(184)) - a96edad4-0b0c-48cb-948a-93b2fbf7c409@group-BD9547C05093: start as a follower, conf=-1: [a96edad4-0b0c-48cb-948a-93b2fbf7c409:192.168.34.62:43006], old=null
2019-11-14 15:08:10,580 [pool-219-thread-1] INFO  impl.RaftServerImpl (RaftServerImpl.java:setRole(173)) - a96edad4-0b0c-48cb-948a-93b2fbf7c409@group-BD9547C05093: changes role from      null to FOLLOWER at term 0 for startAsFollower
2019-11-14 15:08:10,580 [pool-219-thread-1] INFO  impl.RoleInfo (RoleInfo.java:updateAndGet(143)) - a96edad4-0b0c-48cb-948a-93b2fbf7c409: start FollowerState
2019-11-14 15:08:10,580 [pool-219-thread-1] INFO  util.JmxRegister (JmxRegister.java:tryRegister(44)) - Successfully registered JMX Bean with object name Ratis:service=RaftServer,group=group-BD9547C05093,id=a96edad4-0b0c-48cb-948a-93b2fbf7c409
2019-11-14 15:08:10,580 [pool-219-thread-1] WARN  impl.MetricRegistriesImpl (MetricRegistriesImpl.java:lambda$create$1(61)) - First MetricRegistry has been created without registering reporters. You may need to call MetricRegistries.global().addReportRegistration(...) before.
2019-11-14 15:08:10,582 [RatisPipelineUtilsThread] INFO  pipeline.PipelineStateManager (PipelineStateManager.java:addPipeline(55)) - Created pipeline Pipeline[ Id: b705a0d2-da23-4efa-b669-bd9547c05093, Nodes: a96edad4-0b0c-48cb-948a-93b2fbf7c409{ip: 192.168.34.62, host: pr-hdds-2480-6qkg9-608321763, networkLocation: /rack1, certSerialId: null}, Type:RATIS, Factor:ONE, State:ALLOCATED]
2019-11-14 15:08:10,932 [Thread-1437] INFO  impl.FollowerState (FollowerState.java:run(111)) - 19d9f0ed-7324-40ce-9ded-4f2ae42bdb1f@group-513E606754AA-FollowerState: change to CANDIDATE, lastRpcTime:1047ms, electionTimeout:1047ms
2019-11-14 15:08:10,932 [Thread-1437] INFO  impl.RoleInfo (RoleInfo.java:shutdownFollowerState(121)) - 19d9f0ed-7324-40ce-9ded-4f2ae42bdb1f: shutdown FollowerState
2019-11-14 15:08:10,932 [Thread-1437] INFO  impl.RaftServerImpl (RaftServerImpl.java:setRole(173)) - 19d9f0ed-7324-40ce-9ded-4f2ae42bdb1f@group-513E606754AA: changes role from  FOLLOWER to CANDIDATE at term 0 for changeToCandidate
2019-11-14 15:08:10,932 [Thread-1437] INFO  impl.RoleInfo (RoleInfo.java:updateAndGet(143)) - 19d9f0ed-7324-40ce-9ded-4f2ae42bdb1f: start LeaderElection
2019-11-14 15:08:10,949 [Thread-1431] INFO  impl.FollowerState (FollowerState.java:run(111)) - 09f4ece9-71c1-4a5b-9b91-b2a8aadac043@group-4CFD150B493F-FollowerState: change to CANDIDATE, lastRpcTime:1121ms, electionTimeout:1114ms
2019-11-14 15:08:10,949 [Thread-1424] INFO  impl.FollowerState (FollowerState.java:run(111)) - 25c17e6e-60f2-43b7-8570-af6cc9981309@group-21F3445B4761-FollowerState: change to CANDIDATE, lastRpcTime:1198ms, electionTimeout:1196ms
2019-11-14 15:08:10,949 [Thread-1431] INFO  impl.RoleInfo (RoleInfo.java:shutdownFollowerState(121)) - 09f4ece9-71c1-4a5b-9b91-b2a8aadac043: shutdown FollowerState
2019-11-14 15:08:10,949 [Thread-1424] INFO  impl.RoleInfo (RoleInfo.java:shutdownFollowerState(121)) - 25c17e6e-60f2-43b7-8570-af6cc9981309: shutdown FollowerState
2019-11-14 15:08:10,950 [Thread-1431] INFO  impl.RaftServerImpl (RaftServerImpl.java:setRole(173)) - 09f4ece9-71c1-4a5b-9b91-b2a8aadac043@group-4CFD150B493F: changes role from  FOLLOWER to CANDIDATE at term 0 for changeToCandidate
2019-11-14 15:08:10,950 [Thread-1424] INFO  impl.RaftServerImpl (RaftServerImpl.java:setRole(173)) - 25c17e6e-60f2-43b7-8570-af6cc9981309@group-21F3445B4761: changes role from  FOLLOWER to CANDIDATE at term 0 for changeToCandidate
2019-11-14 15:08:10,950 [Thread-1431] INFO  impl.RoleInfo (RoleInfo.java:updateAndGet(143)) - 09f4ece9-71c1-4a5b-9b91-b2a8aadac043: start LeaderElection
2019-11-14 15:08:10,950 [Thread-1424] INFO  impl.RoleInfo (RoleInfo.java:updateAndGet(143)) - 25c17e6e-60f2-43b7-8570-af6cc9981309: start LeaderElection
2019-11-14 15:08:10,963 [19d9f0ed-7324-40ce-9ded-4f2ae42bdb1f@group-513E606754AA-LeaderElection81] INFO  impl.LeaderElection (LeaderElection.java:askForVotes(178)) - 19d9f0ed-7324-40ce-9ded-4f2ae42bdb1f@group-513E606754AA-LeaderElection81: begin an election at term 1 for -1: [19d9f0ed-7324-40ce-9ded-4f2ae42bdb1f:192.168.34.62:46177], old=null
2019-11-14 15:08:10,963 [09f4ece9-71c1-4a5b-9b91-b2a8aadac043@group-4CFD150B493F-LeaderElection82] INFO  impl.LeaderElection (LeaderElection.java:askForVotes(178)) - 09f4ece9-71c1-4a5b-9b91-b2a8aadac043@group-4CFD150B493F-LeaderElection82: begin an election at term 1 for -1: [09f4ece9-71c1-4a5b-9b91-b2a8aadac043:192.168.34.62:45559], old=null
2019-11-14 15:08:10,963 [19d9f0ed-7324-40ce-9ded-4f2ae42bdb1f@group-513E606754AA-LeaderElection81] INFO  impl.RoleInfo (RoleInfo.java:shutdownLeaderElection(134)) - 19d9f0ed-7324-40ce-9ded-4f2ae42bdb1f: shutdown LeaderElection
2019-11-14 15:08:10,963 [25c17e6e-60f2-43b7-8570-af6cc9981309@group-21F3445B4761-LeaderElection83] INFO  impl.LeaderElection (LeaderElection.java:askForVotes(178)) - 25c17e6e-60f2-43b7-8570-af6cc9981309@group-21F3445B4761-LeaderElection83: begin an election at term 1 for -1: [25c17e6e-60f2-43b7-8570-af6cc9981309:192.168.34.62:41260], old=null
2019-11-14 15:08:10,963 [19d9f0ed-7324-40ce-9ded-4f2ae42bdb1f@group-513E606754AA-LeaderElection81] INFO  impl.RaftServerImpl (RaftServerImpl.java:setRole(173)) - 19d9f0ed-7324-40ce-9ded-4f2ae42bdb1f@group-513E606754AA: changes role from CANDIDATE to LEADER at term 1 for changeToLeader
2019-11-14 15:08:10,963 [09f4ece9-71c1-4a5b-9b91-b2a8aadac043@group-4CFD150B493F-LeaderElection82] INFO  impl.RoleInfo (RoleInfo.java:shutdownLeaderElection(134)) - 09f4ece9-71c1-4a5b-9b91-b2a8aadac043: shutdown LeaderElection
2019-11-14 15:08:10,964 [19d9f0ed-7324-40ce-9ded-4f2ae42bdb1f@group-513E606754AA-LeaderElection81] INFO  ratis.XceiverServerRatis (XceiverServerRatis.java:handleLeaderChangedNotification(697)) - Leader change notification received for group: group-513E606754AA with new leaderId: 19d9f0ed-7324-40ce-9ded-4f2ae42bdb1f
2019-11-14 15:08:10,963 [25c17e6e-60f2-43b7-8570-af6cc9981309@group-21F3445B4761-LeaderElection83] INFO  impl.RoleInfo (RoleInfo.java:shutdownLeaderElection(134)) - 25c17e6e-60f2-43b7-8570-af6cc9981309: shutdown LeaderElection
2019-11-14 15:08:10,964 [19d9f0ed-7324-40ce-9ded-4f2ae42bdb1f@group-513E606754AA-LeaderElection81] INFO  impl.RaftServerImpl (ServerState.java:setLeader(255)) - 19d9f0ed-7324-40ce-9ded-4f2ae42bdb1f@group-513E606754AA: change Leader from null to 19d9f0ed-7324-40ce-9ded-4f2ae42bdb1f at term 1 for becomeLeader, leader elected after 1083ms
2019-11-14 15:08:10,964 [09f4ece9-71c1-4a5b-9b91-b2a8aadac043@group-4CFD150B493F-LeaderElection82] INFO  impl.RaftServerImpl (RaftServerImpl.java:setRole(173)) - 09f4ece9-71c1-4a5b-9b91-b2a8aadac043@group-4CFD150B493F: changes role from CANDIDATE to LEADER at term 1 for changeToLeader
2019-11-14 15:08:10,964 [19d9f0ed-7324-40ce-9ded-4f2ae42bdb1f@group-513E606754AA-LeaderElection81] INFO  server.RaftServerConfigKeys (ConfUtils.java:logGet(43)) - raft.server.staging.catchup.gap = 1000 (default)
2019-11-14 15:08:10,964 [25c17e6e-60f2-43b7-8570-af6cc9981309@group-21F3445B4761-LeaderElection83] INFO  impl.RaftServerImpl (RaftServerImpl.java:setRole(173)) - 25c17e6e-60f2-43b7-8570-af6cc9981309@group-21F3445B4761: changes role from CANDIDATE to LEADER at term 1 for changeToLeader
2019-11-14 15:08:10,964 [19d9f0ed-7324-40ce-9ded-4f2ae42bdb1f@group-513E606754AA-LeaderElection81] INFO  server.RaftServerConfigKeys (ConfUtils.java:logGet(43)) - raft.server.rpc.sleep.time = 25ms (default)
2019-11-14 15:08:10,964 [09f4ece9-71c1-4a5b-9b91-b2a8aadac043@group-4CFD150B493F-LeaderElection82] INFO  ratis.XceiverServerRatis (XceiverServerRatis.java:handleLeaderChangedNotification(697)) - Leader change notification received for group: group-4CFD150B493F with new leaderId: 09f4ece9-71c1-4a5b-9b91-b2a8aadac043
2019-11-14 15:08:10,964 [19d9f0ed-7324-40ce-9ded-4f2ae42bdb1f@group-513E606754AA-LeaderElection81] INFO  server.RaftServerConfigKeys (ConfUtils.java:logGet(43)) - raft.server.write.element-limit = 4096 (default)
2019-11-14 15:08:10,964 [25c17e6e-60f2-43b7-8570-af6cc9981309@group-21F3445B4761-LeaderElection83] INFO  ratis.XceiverServerRatis (XceiverServerRatis.java:handleLeaderChangedNotification(697)) - Leader change notification received for group: group-21F3445B4761 with new leaderId: 25c17e6e-60f2-43b7-8570-af6cc9981309
2019-11-14 15:08:10,964 [19d9f0ed-7324-40ce-9ded-4f2ae42bdb1f@group-513E606754AA-LeaderElection81] INFO  server.RaftServerConfigKeys (ConfUtils.java:logGet(43)) - raft.server.watch.timeout = 10s (default)
2019-11-14 15:08:10,964 [09f4ece9-71c1-4a5b-9b91-b2a8aadac043@group-4CFD150B493F-LeaderElection82] INFO  impl.RaftServerImpl (ServerState.java:setLeader(255)) - 09f4ece9-71c1-4a5b-9b91-b2a8aadac043@group-4CFD150B493F: change Leader from null to 09f4ece9-71c1-4a5b-9b91-b2a8aadac043 at term 1 for becomeLeader, leader elected after 1149ms
2019-11-14 15:08:10,965 [19d9f0ed-7324-40ce-9ded-4f2ae42bdb1f@group-513E606754AA-LeaderElection81] INFO  server.RaftServerConfigKeys (ConfUtils.java:logGet(43)) - raft.server.watch.timeout.denomination = 1s (default)
2019-11-14 15:08:10,965 [25c17e6e-60f2-43b7-8570-af6cc9981309@group-21F3445B4761-LeaderElection83] INFO  impl.RaftServerImpl (ServerState.java:setLeader(255)) - 25c17e6e-60f2-43b7-8570-af6cc9981309@group-21F3445B4761: change Leader from null to 25c17e6e-60f2-43b7-8570-af6cc9981309 at term 1 for becomeLeader, leader elected after 1221ms
2019-11-14 15:08:10,965 [19d9f0ed-7324-40ce-9ded-4f2ae42bdb1f@group-513E606754AA-LeaderElection81] INFO  server.RaftServerConfigKeys (ConfUtils.java:logGet(43)) - raft.server.watch.element-limit = 65536 (default)
2019-11-14 15:08:10,965 [09f4ece9-71c1-4a5b-9b91-b2a8aadac043@group-4CFD150B493F-LeaderElection82] INFO  server.RaftServerConfigKeys (ConfUtils.java:logGet(43)) - raft.server.staging.catchup.gap = 1000 (default)
2019-11-14 15:08:10,965 [19d9f0ed-7324-40ce-9ded-4f2ae42bdb1f@group-513E606754AA-LeaderElection81] INFO  impl.RoleInfo (RoleInfo.java:updateAndGet(143)) - 19d9f0ed-7324-40ce-9ded-4f2ae42bdb1f: start LeaderState
2019-11-14 15:08:10,965 [25c17e6e-60f2-43b7-8570-af6cc9981309@group-21F3445B4761-LeaderElection83] INFO  server.RaftServerConfigKeys (ConfUtils.java:logGet(43)) - raft.server.staging.catchup.gap = 1000 (default)
2019-11-14 15:08:10,965 [EventQueue-PipelineReportForPipelineReportHandler] INFO  pipeline.PipelineStateManager (PipelineStateManager.java:openPipeline(134)) - Pipeline Pipeline[ Id: 4fef3607-1bda-4d4a-87cd-513e606754aa, Nodes: 19d9f0ed-7324-40ce-9ded-4f2ae42bdb1f{ip: 192.168.34.62, host: pr-hdds-2480-6qkg9-608321763, networkLocation: /rack1, certSerialId: null}, Type:RATIS, Factor:ONE, State:OPEN] moved to OPEN state
2019-11-14 15:08:10,965 [09f4ece9-71c1-4a5b-9b91-b2a8aadac043@group-4CFD150B493F-LeaderElection82] INFO  server.RaftServerConfigKeys (ConfUtils.java:logGet(43)) - raft.server.rpc.sleep.time = 25ms (default)
2019-11-14 15:08:10,965 [19d9f0ed-7324-40ce-9ded-4f2ae42bdb1f@group-513E606754AA-LeaderElection81] INFO  segmented.SegmentedRaftLogWorker (SegmentedRaftLogWorker.java:startLogSegment(385)) - 19d9f0ed-7324-40ce-9ded-4f2ae42bdb1f@group-513E606754AA-SegmentedRaftLogWorker: Starting segment from index:0
2019-11-14 15:08:10,965 [25c17e6e-60f2-43b7-8570-af6cc9981309@group-21F3445B4761-LeaderElection83] INFO  server.RaftServerConfigKeys (ConfUtils.java:logGet(43)) - raft.server.rpc.sleep.time = 25ms (default)
2019-11-14 15:08:10,966 [09f4ece9-71c1-4a5b-9b91-b2a8aadac043@group-4CFD150B493F-LeaderElection82] INFO  server.RaftServerConfigKeys (ConfUtils.java:logGet(43)) - raft.server.write.element-limit = 4096 (default)
2019-11-14 15:08:10,966 [19d9f0ed-7324-40ce-9ded-4f2ae42bdb1f@group-513E606754AA-LeaderElection81] INFO  impl.RaftServerImpl (ServerState.java:setRaftConf(356)) - 19d9f0ed-7324-40ce-9ded-4f2ae42bdb1f@group-513E606754AA: set configuration 0: [19d9f0ed-7324-40ce-9ded-4f2ae42bdb1f:192.168.34.62:46177], old=null at 0
2019-11-14 15:08:10,966 [09f4ece9-71c1-4a5b-9b91-b2a8aadac043@group-4CFD150B493F-LeaderElection82] INFO  server.RaftServerConfigKeys (ConfUtils.java:logGet(43)) - raft.server.watch.timeout = 10s (default)
2019-11-14 15:08:10,966 [EventQueue-PipelineReportForPipelineReportHandler] INFO  pipeline.PipelineStateManager (PipelineStateManager.java:openPipeline(134)) - Pipeline Pipeline[ Id: d810633e-3db5-435b-b1bc-4cfd150b493f, Nodes: 09f4ece9-71c1-4a5b-9b91-b2a8aadac043{ip: 192.168.34.62, host: pr-hdds-2480-6qkg9-608321763, networkLocation: /rack1, certSerialId: null}, Type:RATIS, Factor:ONE, State:OPEN] moved to OPEN state
2019-11-14 15:08:10,999 [09f4ece9-71c1-4a5b-9b91-b2a8aadac043@group-4CFD150B493F-LeaderElection82] INFO  server.RaftServerConfigKeys (ConfUtils.java:logGet(43)) - raft.server.watch.timeout.denomination = 1s (default)
2019-11-14 15:08:10,966 [25c17e6e-60f2-43b7-8570-af6cc9981309@group-21F3445B4761-LeaderElection83] INFO  server.RaftServerConfigKeys (ConfUtils.java:logGet(43)) - raft.server.write.element-limit = 4096 (default)
2019-11-14 15:08:11,000 [09f4ece9-71c1-4a5b-9b91-b2a8aadac043@group-4CFD150B493F-LeaderElection82] INFO  server.RaftServerConfigKeys (ConfUtils.java:logGet(43)) - raft.server.watch.element-limit = 65536 (default)
2019-11-14 15:08:11,000 [25c17e6e-60f2-43b7-8570-af6cc9981309@group-21F3445B4761-LeaderElection83] INFO  server.RaftServerConfigKeys (ConfUtils.java:logGet(43)) - raft.server.watch.timeout = 10s (default)
2019-11-14 15:08:11,000 [EventQueue-PipelineReportForPipelineReportHandler] INFO  pipeline.PipelineStateManager (PipelineStateManager.java:openPipeline(134)) - Pipeline Pipeline[ Id: 972d15c4-30ec-4154-9c81-21f3445b4761, Nodes: 25c17e6e-60f2-43b7-8570-af6cc9981309{ip: 192.168.34.62, host: pr-hdds-2480-6qkg9-608321763, networkLocation: /rack1, certSerialId: null}, Type:RATIS, Factor:ONE, State:OPEN] moved to OPEN state
2019-11-14 15:08:11,000 [09f4ece9-71c1-4a5b-9b91-b2a8aadac043@group-4CFD150B493F-LeaderElection82] INFO  impl.RoleInfo (RoleInfo.java:updateAndGet(143)) - 09f4ece9-71c1-4a5b-9b91-b2a8aadac043: start LeaderState
2019-11-14 15:08:11,000 [25c17e6e-60f2-43b7-8570-af6cc9981309@group-21F3445B4761-LeaderElection83] INFO  server.RaftServerConfigKeys (ConfUtils.java:logGet(43)) - raft.server.watch.timeout.denomination = 1s (default)
2019-11-14 15:08:11,000 [25c17e6e-60f2-43b7-8570-af6cc9981309@group-21F3445B4761-LeaderElection83] INFO  server.RaftServerConfigKeys (ConfUtils.java:logGet(43)) - raft.server.watch.element-limit = 65536 (default)
2019-11-14 15:08:11,000 [09f4ece9-71c1-4a5b-9b91-b2a8aadac043@group-4CFD150B493F-LeaderElection82] INFO  segmented.SegmentedRaftLogWorker (SegmentedRaftLogWorker.java:startLogSegment(385)) - 09f4ece9-71c1-4a5b-9b91-b2a8aadac043@group-4CFD150B493F-SegmentedRaftLogWorker: Starting segment from index:0
2019-11-14 15:08:11,000 [25c17e6e-60f2-43b7-8570-af6cc9981309@group-21F3445B4761-LeaderElection83] INFO  impl.RoleInfo (RoleInfo.java:updateAndGet(143)) - 25c17e6e-60f2-43b7-8570-af6cc9981309: start LeaderState
2019-11-14 15:08:11,001 [25c17e6e-60f2-43b7-8570-af6cc9981309@group-21F3445B4761-LeaderElection83] INFO  segmented.SegmentedRaftLogWorker (SegmentedRaftLogWorker.java:startLogSegment(385)) - 25c17e6e-60f2-43b7-8570-af6cc9981309@group-21F3445B4761-SegmentedRaftLogWorker: Starting segment from index:0
2019-11-14 15:08:11,001 [09f4ece9-71c1-4a5b-9b91-b2a8aadac043@group-4CFD150B493F-LeaderElection82] INFO  impl.RaftServerImpl (ServerState.java:setRaftConf(356)) - 09f4ece9-71c1-4a5b-9b91-b2a8aadac043@group-4CFD150B493F: set configuration 0: [09f4ece9-71c1-4a5b-9b91-b2a8aadac043:192.168.34.62:45559], old=null at 0
2019-11-14 15:08:11,035 [19d9f0ed-7324-40ce-9ded-4f2ae42bdb1f@group-513E606754AA-SegmentedRaftLogWorker] INFO  segmented.SegmentedRaftLogWorker (SegmentedRaftLogWorker.java:execute(576)) - 19d9f0ed-7324-40ce-9ded-4f2ae42bdb1f@group-513E606754AA-SegmentedRaftLogWorker: created new log segment /workdir/hadoop-ozone/integration-test/target/test-dir/MiniOzoneClusterImpl-6b3e2517-75a7-4dd9-8054-0b12e404e591/datanode-5/data/ratis/4fef3607-1bda-4d4a-87cd-513e606754aa/current/log_inprogress_0
2019-11-14 15:08:11,035 [25c17e6e-60f2-43b7-8570-af6cc9981309@group-21F3445B4761-LeaderElection83] INFO  impl.RaftServerImpl (ServerState.java:setRaftConf(356)) - 25c17e6e-60f2-43b7-8570-af6cc9981309@group-21F3445B4761: set configuration 0: [25c17e6e-60f2-43b7-8570-af6cc9981309:192.168.34.62:41260], old=null at 0
2019-11-14 15:08:11,078 [Thread-1448] INFO  impl.FollowerState (FollowerState.java:run(111)) - dd0e1198-6ba1-4c32-9ce2-054c25212f92@group-031444766508-FollowerState: change to CANDIDATE, lastRpcTime:1061ms, electionTimeout:1019ms
2019-11-14 15:08:11,078 [Thread-1448] INFO  impl.RoleInfo (RoleInfo.java:shutdownFollowerState(121)) - dd0e1198-6ba1-4c32-9ce2-054c25212f92: shutdown FollowerState
2019-11-14 15:08:11,078 [09f4ece9-71c1-4a5b-9b91-b2a8aadac043@group-4CFD150B493F-SegmentedRaftLogWorker] INFO  segmented.SegmentedRaftLogWorker (SegmentedRaftLogWorker.java:execute(576)) - 09f4ece9-71c1-4a5b-9b91-b2a8aadac043@group-4CFD150B493F-SegmentedRaftLogWorker: created new log segment /workdir/hadoop-ozone/integration-test/target/test-dir/MiniOzoneClusterImpl-6b3e2517-75a7-4dd9-8054-0b12e404e591/datanode-0/data/ratis/d810633e-3db5-435b-b1bc-4cfd150b493f/current/log_inprogress_0
2019-11-14 15:08:11,079 [Thread-1448] INFO  impl.RaftServerImpl (RaftServerImpl.java:setRole(173)) - dd0e1198-6ba1-4c32-9ce2-054c25212f92@group-031444766508: changes role from  FOLLOWER to CANDIDATE at term 0 for changeToCandidate
2019-11-14 15:08:11,079 [Thread-1448] INFO  impl.RoleInfo (RoleInfo.java:updateAndGet(143)) - dd0e1198-6ba1-4c32-9ce2-054c25212f92: start LeaderElection
2019-11-14 15:08:11,094 [25c17e6e-60f2-43b7-8570-af6cc9981309@group-21F3445B4761-SegmentedRaftLogWorker] INFO  segmented.SegmentedRaftLogWorker (SegmentedRaftLogWorker.java:execute(576)) - 25c17e6e-60f2-43b7-8570-af6cc9981309@group-21F3445B4761-SegmentedRaftLogWorker: created new log segment /workdir/hadoop-ozone/integration-test/target/test-dir/MiniOzoneClusterImpl-6b3e2517-75a7-4dd9-8054-0b12e404e591/datanode-4/data/ratis/972d15c4-30ec-4154-9c81-21f3445b4761/current/log_inprogress_0
2019-11-14 15:08:11,094 [dd0e1198-6ba1-4c32-9ce2-054c25212f92@group-031444766508-LeaderElection84] INFO  impl.LeaderElection (LeaderElection.java:askForVotes(178)) - dd0e1198-6ba1-4c32-9ce2-054c25212f92@group-031444766508-LeaderElection84: begin an election at term 1 for -1: [dd0e1198-6ba1-4c32-9ce2-054c25212f92:192.168.34.62:42382], old=null
2019-11-14 15:08:11,095 [dd0e1198-6ba1-4c32-9ce2-054c25212f92@group-031444766508-LeaderElection84] INFO  impl.RoleInfo (RoleInfo.java:shutdownLeaderElection(134)) - dd0e1198-6ba1-4c32-9ce2-054c25212f92: shutdown LeaderElection
2019-11-14 15:08:11,095 [dd0e1198-6ba1-4c32-9ce2-054c25212f92@group-031444766508-LeaderElection84] INFO  impl.RaftServerImpl (RaftServerImpl.java:setRole(173)) - dd0e1198-6ba1-4c32-9ce2-054c25212f92@group-031444766508: changes role from CANDIDATE to LEADER at term 1 for changeToLeader
2019-11-14 15:08:11,095 [dd0e1198-6ba1-4c32-9ce2-054c25212f92@group-031444766508-LeaderElection84] INFO  ratis.XceiverServerRatis (XceiverServerRatis.java:handleLeaderChangedNotification(697)) - Leader change notification received for group: group-031444766508 with new leaderId: dd0e1198-6ba1-4c32-9ce2-054c25212f92
2019-11-14 15:08:11,095 [dd0e1198-6ba1-4c32-9ce2-054c25212f92@group-031444766508-LeaderElection84] INFO  impl.RaftServerImpl (ServerState.java:setLeader(255)) - dd0e1198-6ba1-4c32-9ce2-054c25212f92@group-031444766508: change Leader from null to dd0e1198-6ba1-4c32-9ce2-054c25212f92 at term 1 for becomeLeader, leader elected after 1081ms
2019-11-14 15:08:11,095 [dd0e1198-6ba1-4c32-9ce2-054c25212f92@group-031444766508-LeaderElection84] INFO  server.RaftServerConfigKeys (ConfUtils.java:logGet(43)) - raft.server.staging.catchup.gap = 1000 (default)
2019-11-14 15:08:11,095 [dd0e1198-6ba1-4c32-9ce2-054c25212f92@group-031444766508-LeaderElection84] INFO  server.RaftServerConfigKeys (ConfUtils.java:logGet(43)) - raft.server.rpc.sleep.time = 25ms (default)
2019-11-14 15:08:11,095 [dd0e1198-6ba1-4c32-9ce2-054c25212f92@group-031444766508-LeaderElection84] INFO  server.RaftServerConfigKeys (ConfUtils.java:logGet(43)) - raft.server.write.element-limit = 4096 (default)
2019-11-14 15:08:11,096 [dd0e1198-6ba1-4c32-9ce2-054c25212f92@group-031444766508-LeaderElection84] INFO  server.RaftServerConfigKeys (ConfUtils.java:logGet(43)) - raft.server.watch.timeout = 10s (default)
2019-11-14 15:08:11,096 [dd0e1198-6ba1-4c32-9ce2-054c25212f92@group-031444766508-LeaderElection84] INFO  server.RaftServerConfigKeys (ConfUtils.java:logGet(43)) - raft.server.watch.timeout.denomination = 1s (default)
2019-11-14 15:08:11,096 [dd0e1198-6ba1-4c32-9ce2-054c25212f92@group-031444766508-LeaderElection84] INFO  server.RaftServerConfigKeys (ConfUtils.java:logGet(43)) - raft.server.watch.element-limit = 65536 (default)
2019-11-14 15:08:11,096 [dd0e1198-6ba1-4c32-9ce2-054c25212f92@group-031444766508-LeaderElection84] INFO  impl.RoleInfo (RoleInfo.java:updateAndGet(143)) - dd0e1198-6ba1-4c32-9ce2-054c25212f92: start LeaderState
2019-11-14 15:08:11,096 [dd0e1198-6ba1-4c32-9ce2-054c25212f92@group-031444766508-LeaderElection84] INFO  segmented.SegmentedRaftLogWorker (SegmentedRaftLogWorker.java:startLogSegment(385)) - dd0e1198-6ba1-4c32-9ce2-054c25212f92@group-031444766508-SegmentedRaftLogWorker: Starting segment from index:0
2019-11-14 15:08:11,097 [EventQueue-PipelineReportForPipelineReportHandler] INFO  pipeline.PipelineStateManager (PipelineStateManager.java:openPipeline(134)) - Pipeline Pipeline[ Id: d61afcd9-208b-4312-ac3f-031444766508, Nodes: dd0e1198-6ba1-4c32-9ce2-054c25212f92{ip: 192.168.34.62, host: pr-hdds-2480-6qkg9-608321763, networkLocation: /rack1, certSerialId: null}, Type:RATIS, Factor:ONE, State:OPEN] moved to OPEN state
2019-11-14 15:08:11,097 [dd0e1198-6ba1-4c32-9ce2-054c25212f92@group-031444766508-LeaderElection84] INFO  impl.RaftServerImpl (ServerState.java:setRaftConf(356)) - dd0e1198-6ba1-4c32-9ce2-054c25212f92@group-031444766508: set configuration 0: [dd0e1198-6ba1-4c32-9ce2-054c25212f92:192.168.34.62:42382], old=null at 0
2019-11-14 15:08:11,134 [Thread-1443] INFO  impl.FollowerState (FollowerState.java:run(111)) - 59f802cb-c907-44a0-9069-e10bb38eff5d@group-185A7D32E5E0-FollowerState: change to CANDIDATE, lastRpcTime:1184ms, electionTimeout:1184ms
2019-11-14 15:08:11,134 [Thread-1443] INFO  impl.RoleInfo (RoleInfo.java:shutdownFollowerState(121)) - 59f802cb-c907-44a0-9069-e10bb38eff5d: shutdown FollowerState
2019-11-14 15:08:11,135 [Thread-1443] INFO  impl.RaftServerImpl (RaftServerImpl.java:setRole(173)) - 59f802cb-c907-44a0-9069-e10bb38eff5d@group-185A7D32E5E0: changes role from  FOLLOWER to CANDIDATE at term 0 for changeToCandidate
2019-11-14 15:08:11,135 [Thread-1443] INFO  impl.RoleInfo (RoleInfo.java:updateAndGet(143)) - 59f802cb-c907-44a0-9069-e10bb38eff5d: start LeaderElection
2019-11-14 15:08:11,139 [dd0e1198-6ba1-4c32-9ce2-054c25212f92@group-031444766508-SegmentedRaftLogWorker] INFO  segmented.SegmentedRaftLogWorker (SegmentedRaftLogWorker.java:execute(576)) - dd0e1198-6ba1-4c32-9ce2-054c25212f92@group-031444766508-SegmentedRaftLogWorker: created new log segment /workdir/hadoop-ozone/integration-test/target/test-dir/MiniOzoneClusterImpl-6b3e2517-75a7-4dd9-8054-0b12e404e591/datanode-1/data/ratis/d61afcd9-208b-4312-ac3f-031444766508/current/log_inprogress_0
2019-11-14 15:08:11,142 [59f802cb-c907-44a0-9069-e10bb38eff5d@group-185A7D32E5E0-LeaderElection85] INFO  impl.LeaderElection (LeaderElection.java:askForVotes(178)) - 59f802cb-c907-44a0-9069-e10bb38eff5d@group-185A7D32E5E0-LeaderElection85: begin an election at term 1 for -1: [59f802cb-c907-44a0-9069-e10bb38eff5d:192.168.34.62:41183], old=null
2019-11-14 15:08:11,142 [59f802cb-c907-44a0-9069-e10bb38eff5d@group-185A7D32E5E0-LeaderElection85] INFO  impl.RoleInfo (RoleInfo.java:shutdownLeaderElection(134)) - 59f802cb-c907-44a0-9069-e10bb38eff5d: shutdown LeaderElection
2019-11-14 15:08:11,142 [59f802cb-c907-44a0-9069-e10bb38eff5d@group-185A7D32E5E0-LeaderElection85] INFO  impl.RaftServerImpl (RaftServerImpl.java:setRole(173)) - 59f802cb-c907-44a0-9069-e10bb38eff5d@group-185A7D32E5E0: changes role from CANDIDATE to LEADER at term 1 for changeToLeader
2019-11-14 15:08:11,142 [59f802cb-c907-44a0-9069-e10bb38eff5d@group-185A7D32E5E0-LeaderElection85] INFO  ratis.XceiverServerRatis (XceiverServerRatis.java:handleLeaderChangedNotification(697)) - Leader change notification received for group: group-185A7D32E5E0 with new leaderId: 59f802cb-c907-44a0-9069-e10bb38eff5d
2019-11-14 15:08:11,142 [59f802cb-c907-44a0-9069-e10bb38eff5d@group-185A7D32E5E0-LeaderElection85] INFO  impl.RaftServerImpl (ServerState.java:setLeader(255)) - 59f802cb-c907-44a0-9069-e10bb38eff5d@group-185A7D32E5E0: change Leader from null to 59f802cb-c907-44a0-9069-e10bb38eff5d at term 1 for becomeLeader, leader elected after 1196ms
2019-11-14 15:08:11,142 [59f802cb-c907-44a0-9069-e10bb38eff5d@group-185A7D32E5E0-LeaderElection85] INFO  server.RaftServerConfigKeys (ConfUtils.java:logGet(43)) - raft.server.staging.catchup.gap = 1000 (default)
2019-11-14 15:08:11,142 [59f802cb-c907-44a0-9069-e10bb38eff5d@group-185A7D32E5E0-LeaderElection85] INFO  server.RaftServerConfigKeys (ConfUtils.java:logGet(43)) - raft.server.rpc.sleep.time = 25ms (default)
2019-11-14 15:08:11,142 [59f802cb-c907-44a0-9069-e10bb38eff5d@group-185A7D32E5E0-LeaderElection85] INFO  server.RaftServerConfigKeys (ConfUtils.java:logGet(43)) - raft.server.write.element-limit = 4096 (default)
2019-11-14 15:08:11,143 [59f802cb-c907-44a0-9069-e10bb38eff5d@group-185A7D32E5E0-LeaderElection85] INFO  server.RaftServerConfigKeys (ConfUtils.java:logGet(43)) - raft.server.watch.timeout = 10s (default)
2019-11-14 15:08:11,143 [59f802cb-c907-44a0-9069-e10bb38eff5d@group-185A7D32E5E0-LeaderElection85] INFO  server.RaftServerConfigKeys (ConfUtils.java:logGet(43)) - raft.server.watch.timeout.denomination = 1s (default)
2019-11-14 15:08:11,143 [59f802cb-c907-44a0-9069-e10bb38eff5d@group-185A7D32E5E0-LeaderElection85] INFO  server.RaftServerConfigKeys (ConfUtils.java:logGet(43)) - raft.server.watch.element-limit = 65536 (default)
2019-11-14 15:08:11,143 [59f802cb-c907-44a0-9069-e10bb38eff5d@group-185A7D32E5E0-LeaderElection85] INFO  impl.RoleInfo (RoleInfo.java:updateAndGet(143)) - 59f802cb-c907-44a0-9069-e10bb38eff5d: start LeaderState
2019-11-14 15:08:11,143 [59f802cb-c907-44a0-9069-e10bb38eff5d@group-185A7D32E5E0-LeaderElection85] INFO  segmented.SegmentedRaftLogWorker (SegmentedRaftLogWorker.java:startLogSegment(385)) - 59f802cb-c907-44a0-9069-e10bb38eff5d@group-185A7D32E5E0-SegmentedRaftLogWorker: Starting segment from index:0
2019-11-14 15:08:11,143 [EventQueue-PipelineReportForPipelineReportHandler] INFO  pipeline.PipelineStateManager (PipelineStateManager.java:openPipeline(134)) - Pipeline Pipeline[ Id: e219b3ad-5192-43a9-b889-185a7d32e5e0, Nodes: 59f802cb-c907-44a0-9069-e10bb38eff5d{ip: 192.168.34.62, host: pr-hdds-2480-6qkg9-608321763, networkLocation: /rack1, certSerialId: null}, Type:RATIS, Factor:ONE, State:OPEN] moved to OPEN state
2019-11-14 15:08:11,144 [59f802cb-c907-44a0-9069-e10bb38eff5d@group-185A7D32E5E0-LeaderElection85] INFO  impl.RaftServerImpl (ServerState.java:setRaftConf(356)) - 59f802cb-c907-44a0-9069-e10bb38eff5d@group-185A7D32E5E0: set configuration 0: [59f802cb-c907-44a0-9069-e10bb38eff5d:192.168.34.62:41183], old=null at 0
2019-11-14 15:08:11,195 [59f802cb-c907-44a0-9069-e10bb38eff5d@group-185A7D32E5E0-SegmentedRaftLogWorker] INFO  segmented.SegmentedRaftLogWorker (SegmentedRaftLogWorker.java:execute(576)) - 59f802cb-c907-44a0-9069-e10bb38eff5d@group-185A7D32E5E0-SegmentedRaftLogWorker: created new log segment /workdir/hadoop-ozone/integration-test/target/test-dir/MiniOzoneClusterImpl-6b3e2517-75a7-4dd9-8054-0b12e404e591/datanode-3/data/ratis/e219b3ad-5192-43a9-b889-185a7d32e5e0/current/log_inprogress_0
2019-11-14 15:08:11,339 [Thread-1458] INFO  impl.FollowerState (FollowerState.java:run(111)) - dadbf9b0-b155-425e-bdd4-f6aced2428ca@group-CE93C81AF12A-FollowerState: change to CANDIDATE, lastRpcTime:1049ms, electionTimeout:1049ms
2019-11-14 15:08:11,339 [Thread-1458] INFO  impl.RoleInfo (RoleInfo.java:shutdownFollowerState(121)) - dadbf9b0-b155-425e-bdd4-f6aced2428ca: shutdown FollowerState
2019-11-14 15:08:11,339 [Thread-1458] INFO  impl.RaftServerImpl (RaftServerImpl.java:setRole(173)) - dadbf9b0-b155-425e-bdd4-f6aced2428ca@group-CE93C81AF12A: changes role from  FOLLOWER to CANDIDATE at term 0 for changeToCandidate
2019-11-14 15:08:11,340 [Thread-1458] INFO  impl.RoleInfo (RoleInfo.java:updateAndGet(143)) - dadbf9b0-b155-425e-bdd4-f6aced2428ca: start LeaderElection
2019-11-14 15:08:11,363 [Thread-1467] INFO  impl.FollowerState (FollowerState.java:run(111)) - dadbf9b0-b155-425e-bdd4-f6aced2428ca@group-08FF9A873941-FollowerState: change to CANDIDATE, lastRpcTime:1008ms, electionTimeout:1008ms
2019-11-14 15:08:11,364 [Thread-1467] INFO  impl.RoleInfo (RoleInfo.java:shutdownFollowerState(121)) - dadbf9b0-b155-425e-bdd4-f6aced2428ca: shutdown FollowerState
2019-11-14 15:08:11,364 [Thread-1467] INFO  impl.RaftServerImpl (RaftServerImpl.java:setRole(173)) - dadbf9b0-b155-425e-bdd4-f6aced2428ca@group-08FF9A873941: changes role from  FOLLOWER to CANDIDATE at term 0 for changeToCandidate
2019-11-14 15:08:11,364 [Thread-1467] INFO  impl.RoleInfo (RoleInfo.java:updateAndGet(143)) - dadbf9b0-b155-425e-bdd4-f6aced2428ca: start LeaderElection
2019-11-14 15:08:11,384 [Thread-1460] INFO  impl.FollowerState (FollowerState.java:run(111)) - 2f24271a-73a2-4678-8a2d-efde1b9a7c05@group-CE93C81AF12A-FollowerState: change to CANDIDATE, lastRpcTime:1093ms, electionTimeout:1093ms
2019-11-14 15:08:11,384 [Thread-1460] INFO  impl.RoleInfo (RoleInfo.java:shutdownFollowerState(121)) - 2f24271a-73a2-4678-8a2d-efde1b9a7c05: shutdown FollowerState
2019-11-14 15:08:11,385 [Thread-1460] INFO  impl.RaftServerImpl (RaftServerImpl.java:setRole(173)) - 2f24271a-73a2-4678-8a2d-efde1b9a7c05@group-CE93C81AF12A: changes role from  FOLLOWER to CANDIDATE at term 0 for changeToCandidate
2019-11-14 15:08:11,385 [Thread-1460] INFO  impl.RoleInfo (RoleInfo.java:updateAndGet(143)) - 2f24271a-73a2-4678-8a2d-efde1b9a7c05: start LeaderElection
2019-11-14 15:08:11,430 [dadbf9b0-b155-425e-bdd4-f6aced2428ca@group-CE93C81AF12A-LeaderElection86] INFO  impl.LeaderElection (LeaderElection.java:askForVotes(178)) - dadbf9b0-b155-425e-bdd4-f6aced2428ca@group-CE93C81AF12A-LeaderElection86: begin an election at term 1 for -1: [a96edad4-0b0c-48cb-948a-93b2fbf7c409:192.168.34.62:43006, 2f24271a-73a2-4678-8a2d-efde1b9a7c05:192.168.34.62:38626, dadbf9b0-b155-425e-bdd4-f6aced2428ca:192.168.34.62:40592], old=null
2019-11-14 15:08:11,430 [dadbf9b0-b155-425e-bdd4-f6aced2428ca@group-08FF9A873941-LeaderElection87] INFO  impl.LeaderElection (LeaderElection.java:askForVotes(178)) - dadbf9b0-b155-425e-bdd4-f6aced2428ca@group-08FF9A873941-LeaderElection87: begin an election at term 1 for -1: [dadbf9b0-b155-425e-bdd4-f6aced2428ca:192.168.34.62:40592], old=null
2019-11-14 15:08:11,430 [dadbf9b0-b155-425e-bdd4-f6aced2428ca@group-08FF9A873941-LeaderElection87] INFO  impl.RoleInfo (RoleInfo.java:shutdownLeaderElection(134)) - dadbf9b0-b155-425e-bdd4-f6aced2428ca: shutdown LeaderElection
2019-11-14 15:08:11,431 [dadbf9b0-b155-425e-bdd4-f6aced2428ca@group-08FF9A873941-LeaderElection87] INFO  impl.RaftServerImpl (RaftServerImpl.java:setRole(173)) - dadbf9b0-b155-425e-bdd4-f6aced2428ca@group-08FF9A873941: changes role from CANDIDATE to LEADER at term 1 for changeToLeader
2019-11-14 15:08:11,431 [dadbf9b0-b155-425e-bdd4-f6aced2428ca@group-08FF9A873941-LeaderElection87] INFO  ratis.XceiverServerRatis (XceiverServerRatis.java:handleLeaderChangedNotification(697)) - Leader change notification received for group: group-08FF9A873941 with new leaderId: dadbf9b0-b155-425e-bdd4-f6aced2428ca
2019-11-14 15:08:11,431 [dadbf9b0-b155-425e-bdd4-f6aced2428ca@group-08FF9A873941-LeaderElection87] INFO  impl.RaftServerImpl (ServerState.java:setLeader(255)) - dadbf9b0-b155-425e-bdd4-f6aced2428ca@group-08FF9A873941: change Leader from null to dadbf9b0-b155-425e-bdd4-f6aced2428ca at term 1 for becomeLeader, leader elected after 1078ms
2019-11-14 15:08:11,431 [dadbf9b0-b155-425e-bdd4-f6aced2428ca@group-08FF9A873941-LeaderElection87] INFO  server.RaftServerConfigKeys (ConfUtils.java:logGet(43)) - raft.server.staging.catchup.gap = 1000 (default)
2019-11-14 15:08:11,431 [dadbf9b0-b155-425e-bdd4-f6aced2428ca@group-08FF9A873941-LeaderElection87] INFO  server.RaftServerConfigKeys (ConfUtils.java:logGet(43)) - raft.server.rpc.sleep.time = 25ms (default)
2019-11-14 15:08:11,432 [dadbf9b0-b155-425e-bdd4-f6aced2428ca@group-08FF9A873941-LeaderElection87] INFO  server.RaftServerConfigKeys (ConfUtils.java:logGet(43)) - raft.server.write.element-limit = 4096 (default)
2019-11-14 15:08:11,432 [dadbf9b0-b155-425e-bdd4-f6aced2428ca@group-08FF9A873941-LeaderElection87] INFO  server.RaftServerConfigKeys (ConfUtils.java:logGet(43)) - raft.server.watch.timeout = 10s (default)
2019-11-14 15:08:11,432 [dadbf9b0-b155-425e-bdd4-f6aced2428ca@group-08FF9A873941-LeaderElection87] INFO  server.RaftServerConfigKeys (ConfUtils.java:logGet(43)) - raft.server.watch.timeout.denomination = 1s (default)
2019-11-14 15:08:11,432 [dadbf9b0-b155-425e-bdd4-f6aced2428ca@group-08FF9A873941-LeaderElection87] INFO  server.RaftServerConfigKeys (ConfUtils.java:logGet(43)) - raft.server.watch.element-limit = 65536 (default)
2019-11-14 15:08:11,433 [dadbf9b0-b155-425e-bdd4-f6aced2428ca@group-08FF9A873941-LeaderElection87] INFO  impl.RoleInfo (RoleInfo.java:updateAndGet(143)) - dadbf9b0-b155-425e-bdd4-f6aced2428ca: start LeaderState
2019-11-14 15:08:11,433 [EventQueue-PipelineReportForPipelineReportHandler] INFO  pipeline.PipelineStateManager (PipelineStateManager.java:openPipeline(134)) - Pipeline Pipeline[ Id: 4d985fc6-26e1-42ed-8eea-08ff9a873941, Nodes: dadbf9b0-b155-425e-bdd4-f6aced2428ca{ip: 192.168.34.62, host: pr-hdds-2480-6qkg9-608321763, networkLocation: /rack1, certSerialId: null}, Type:RATIS, Factor:ONE, State:OPEN] moved to OPEN state
2019-11-14 15:08:11,433 [2f24271a-73a2-4678-8a2d-efde1b9a7c05@group-CE93C81AF12A-LeaderElection88] INFO  impl.LeaderElection (LeaderElection.java:askForVotes(178)) - 2f24271a-73a2-4678-8a2d-efde1b9a7c05@group-CE93C81AF12A-LeaderElection88: begin an election at term 1 for -1: [a96edad4-0b0c-48cb-948a-93b2fbf7c409:192.168.34.62:43006, 2f24271a-73a2-4678-8a2d-efde1b9a7c05:192.168.34.62:38626, dadbf9b0-b155-425e-bdd4-f6aced2428ca:192.168.34.62:40592], old=null
2019-11-14 15:08:11,433 [dadbf9b0-b155-425e-bdd4-f6aced2428ca@group-08FF9A873941-LeaderElection87] INFO  segmented.SegmentedRaftLogWorker (SegmentedRaftLogWorker.java:startLogSegment(385)) - dadbf9b0-b155-425e-bdd4-f6aced2428ca@group-08FF9A873941-SegmentedRaftLogWorker: Starting segment from index:0
2019-11-14 15:08:11,434 [dadbf9b0-b155-425e-bdd4-f6aced2428ca@group-08FF9A873941-LeaderElection87] INFO  impl.RaftServerImpl (ServerState.java:setRaftConf(356)) - dadbf9b0-b155-425e-bdd4-f6aced2428ca@group-08FF9A873941: set configuration 0: [dadbf9b0-b155-425e-bdd4-f6aced2428ca:192.168.34.62:40592], old=null at 0
2019-11-14 15:08:11,461 [Thread-1462] INFO  impl.FollowerState (FollowerState.java:run(111)) - a96edad4-0b0c-48cb-948a-93b2fbf7c409@group-CE93C81AF12A-FollowerState: change to CANDIDATE, lastRpcTime:1169ms, electionTimeout:1169ms
2019-11-14 15:08:11,462 [Thread-1462] INFO  impl.RoleInfo (RoleInfo.java:shutdownFollowerState(121)) - a96edad4-0b0c-48cb-948a-93b2fbf7c409: shutdown FollowerState
2019-11-14 15:08:11,462 [Thread-1462] INFO  impl.RaftServerImpl (RaftServerImpl.java:setRole(173)) - a96edad4-0b0c-48cb-948a-93b2fbf7c409@group-CE93C81AF12A: changes role from  FOLLOWER to CANDIDATE at term 0 for changeToCandidate
2019-11-14 15:08:11,462 [Thread-1462] INFO  impl.RoleInfo (RoleInfo.java:updateAndGet(143)) - a96edad4-0b0c-48cb-948a-93b2fbf7c409: start LeaderElection
2019-11-14 15:08:11,467 [dadbf9b0-b155-425e-bdd4-f6aced2428ca@group-08FF9A873941-SegmentedRaftLogWorker] INFO  segmented.SegmentedRaftLogWorker (SegmentedRaftLogWorker.java:execute(576)) - dadbf9b0-b155-425e-bdd4-f6aced2428ca@group-08FF9A873941-SegmentedRaftLogWorker: created new log segment /workdir/hadoop-ozone/integration-test/target/test-dir/MiniOzoneClusterImpl-6b3e2517-75a7-4dd9-8054-0b12e404e591/datanode-9/data/ratis/4d985fc6-26e1-42ed-8eea-08ff9a873941/current/log_inprogress_0
2019-11-14 15:08:11,469 [a96edad4-0b0c-48cb-948a-93b2fbf7c409@group-CE93C81AF12A-LeaderElection89] INFO  impl.LeaderElection (LeaderElection.java:askForVotes(178)) - a96edad4-0b0c-48cb-948a-93b2fbf7c409@group-CE93C81AF12A-LeaderElection89: begin an election at term 1 for -1: [a96edad4-0b0c-48cb-948a-93b2fbf7c409:192.168.34.62:43006, 2f24271a-73a2-4678-8a2d-efde1b9a7c05:192.168.34.62:38626, dadbf9b0-b155-425e-bdd4-f6aced2428ca:192.168.34.62:40592], old=null
2019-11-14 15:08:11,475 [dadbf9b0-b155-425e-bdd4-f6aced2428ca@group-CE93C81AF12A-LeaderElection86] INFO  impl.LeaderElection (LeaderElection.java:logAndReturn(56)) - dadbf9b0-b155-425e-bdd4-f6aced2428ca@group-CE93C81AF12A-LeaderElection86: Election REJECTED; received 2 response(s) [dadbf9b0-b155-425e-bdd4-f6aced2428ca<-a96edad4-0b0c-48cb-948a-93b2fbf7c409#0:FAIL-t1, dadbf9b0-b155-425e-bdd4-f6aced2428ca<-2f24271a-73a2-4678-8a2d-efde1b9a7c05#0:FAIL-t1] and 0 exception(s); dadbf9b0-b155-425e-bdd4-f6aced2428ca@group-CE93C81AF12A:t1, leader=null, voted=dadbf9b0-b155-425e-bdd4-f6aced2428ca, raftlog=dadbf9b0-b155-425e-bdd4-f6aced2428ca@group-CE93C81AF12A-SegmentedRaftLog:OPENED:c-1,f-1,i0, conf=-1: [a96edad4-0b0c-48cb-948a-93b2fbf7c409:192.168.34.62:43006, 2f24271a-73a2-4678-8a2d-efde1b9a7c05:192.168.34.62:38626, dadbf9b0-b155-425e-bdd4-f6aced2428ca:192.168.34.62:40592], old=null
2019-11-14 15:08:11,475 [dadbf9b0-b155-425e-bdd4-f6aced2428ca@group-CE93C81AF12A-LeaderElection86] INFO  impl.RaftServerImpl (RaftServerImpl.java:setRole(173)) - dadbf9b0-b155-425e-bdd4-f6aced2428ca@group-CE93C81AF12A: changes role from CANDIDATE to FOLLOWER at term 1 for DISCOVERED_A_NEW_TERM
2019-11-14 15:08:11,475 [dadbf9b0-b155-425e-bdd4-f6aced2428ca@group-CE93C81AF12A-LeaderElection86] INFO  impl.RoleInfo (RoleInfo.java:shutdownLeaderElection(134)) - dadbf9b0-b155-425e-bdd4-f6aced2428ca: shutdown LeaderElection
2019-11-14 15:08:11,475 [dadbf9b0-b155-425e-bdd4-f6aced2428ca@group-CE93C81AF12A-LeaderElection86] INFO  impl.RoleInfo (RoleInfo.java:updateAndGet(143)) - dadbf9b0-b155-425e-bdd4-f6aced2428ca: start FollowerState
2019-11-14 15:08:11,477 [2f24271a-73a2-4678-8a2d-efde1b9a7c05@group-CE93C81AF12A-LeaderElection88] INFO  impl.LeaderElection (LeaderElection.java:logAndReturn(56)) - 2f24271a-73a2-4678-8a2d-efde1b9a7c05@group-CE93C81AF12A-LeaderElection88: Election REJECTED; received 2 response(s) [2f24271a-73a2-4678-8a2d-efde1b9a7c05<-a96edad4-0b0c-48cb-948a-93b2fbf7c409#0:FAIL-t1, 2f24271a-73a2-4678-8a2d-efde1b9a7c05<-dadbf9b0-b155-425e-bdd4-f6aced2428ca#0:FAIL-t1] and 0 exception(s); 2f24271a-73a2-4678-8a2d-efde1b9a7c05@group-CE93C81AF12A:t1, leader=null, voted=2f24271a-73a2-4678-8a2d-efde1b9a7c05, raftlog=2f24271a-73a2-4678-8a2d-efde1b9a7c05@group-CE93C81AF12A-SegmentedRaftLog:OPENED:c-1,f-1,i0, conf=-1: [a96edad4-0b0c-48cb-948a-93b2fbf7c409:192.168.34.62:43006, 2f24271a-73a2-4678-8a2d-efde1b9a7c05:192.168.34.62:38626, dadbf9b0-b155-425e-bdd4-f6aced2428ca:192.168.34.62:40592], old=null
2019-11-14 15:08:11,477 [2f24271a-73a2-4678-8a2d-efde1b9a7c05@group-CE93C81AF12A-LeaderElection88] INFO  impl.RaftServerImpl (RaftServerImpl.java:setRole(173)) - 2f24271a-73a2-4678-8a2d-efde1b9a7c05@group-CE93C81AF12A: changes role from CANDIDATE to FOLLOWER at term 1 for DISCOVERED_A_NEW_TERM
2019-11-14 15:08:11,477 [2f24271a-73a2-4678-8a2d-efde1b9a7c05@group-CE93C81AF12A-LeaderElection88] INFO  impl.RoleInfo (RoleInfo.java:shutdownLeaderElection(134)) - 2f24271a-73a2-4678-8a2d-efde1b9a7c05: shutdown LeaderElection
2019-11-14 15:08:11,477 [2f24271a-73a2-4678-8a2d-efde1b9a7c05@group-CE93C81AF12A-LeaderElection88] INFO  impl.RoleInfo (RoleInfo.java:updateAndGet(143)) - 2f24271a-73a2-4678-8a2d-efde1b9a7c05: start FollowerState
2019-11-14 15:08:11,478 [a96edad4-0b0c-48cb-948a-93b2fbf7c409@group-CE93C81AF12A-LeaderElection89] INFO  impl.LeaderElection (LeaderElection.java:logAndReturn(56)) - a96edad4-0b0c-48cb-948a-93b2fbf7c409@group-CE93C81AF12A-LeaderElection89: Election REJECTED; received 2 response(s) [a96edad4-0b0c-48cb-948a-93b2fbf7c409<-2f24271a-73a2-4678-8a2d-efde1b9a7c05#0:FAIL-t1, a96edad4-0b0c-48cb-948a-93b2fbf7c409<-dadbf9b0-b155-425e-bdd4-f6aced2428ca#0:FAIL-t1] and 0 exception(s); a96edad4-0b0c-48cb-948a-93b2fbf7c409@group-CE93C81AF12A:t1, leader=null, voted=a96edad4-0b0c-48cb-948a-93b2fbf7c409, raftlog=a96edad4-0b0c-48cb-948a-93b2fbf7c409@group-CE93C81AF12A-SegmentedRaftLog:OPENED:c-1,f-1,i0, conf=-1: [a96edad4-0b0c-48cb-948a-93b2fbf7c409:192.168.34.62:43006, 2f24271a-73a2-4678-8a2d-efde1b9a7c05:192.168.34.62:38626, dadbf9b0-b155-425e-bdd4-f6aced2428ca:192.168.34.62:40592], old=null
2019-11-14 15:08:11,478 [a96edad4-0b0c-48cb-948a-93b2fbf7c409@group-CE93C81AF12A-LeaderElection89] INFO  impl.RaftServerImpl (RaftServerImpl.java:setRole(173)) - a96edad4-0b0c-48cb-948a-93b2fbf7c409@group-CE93C81AF12A: changes role from CANDIDATE to FOLLOWER at term 1 for DISCOVERED_A_NEW_TERM
2019-11-14 15:08:11,478 [a96edad4-0b0c-48cb-948a-93b2fbf7c409@group-CE93C81AF12A-LeaderElection89] INFO  impl.RoleInfo (RoleInfo.java:shutdownLeaderElection(134)) - a96edad4-0b0c-48cb-948a-93b2fbf7c409: shutdown LeaderElection
2019-11-14 15:08:11,479 [a96edad4-0b0c-48cb-948a-93b2fbf7c409@group-CE93C81AF12A-LeaderElection89] INFO  impl.RoleInfo (RoleInfo.java:updateAndGet(143)) - a96edad4-0b0c-48cb-948a-93b2fbf7c409: start FollowerState
2019-11-14 15:08:11,536 [Thread-1477] INFO  impl.FollowerState (FollowerState.java:run(111)) - 25c17e6e-60f2-43b7-8570-af6cc9981309@group-A7405D5AD40E-FollowerState: change to CANDIDATE, lastRpcTime:1099ms, electionTimeout:1099ms
2019-11-14 15:08:11,536 [Thread-1477] INFO  impl.RoleInfo (RoleInfo.java:shutdownFollowerState(121)) - 25c17e6e-60f2-43b7-8570-af6cc9981309: shutdown FollowerState
2019-11-14 15:08:11,536 [Thread-1477] INFO  impl.RaftServerImpl (RaftServerImpl.java:setRole(173)) - 25c17e6e-60f2-43b7-8570-af6cc9981309@group-A7405D5AD40E: changes role from  FOLLOWER to CANDIDATE at term 0 for changeToCandidate
2019-11-14 15:08:11,536 [Thread-1477] INFO  impl.RoleInfo (RoleInfo.java:updateAndGet(143)) - 25c17e6e-60f2-43b7-8570-af6cc9981309: start LeaderElection
2019-11-14 15:08:11,541 [Thread-1485] INFO  impl.FollowerState (FollowerState.java:run(111)) - dd0e1198-6ba1-4c32-9ce2-054c25212f92@group-877CB685509D-FollowerState: change to CANDIDATE, lastRpcTime:1013ms, electionTimeout:1013ms
2019-11-14 15:08:11,541 [Thread-1485] INFO  impl.RoleInfo (RoleInfo.java:shutdownFollowerState(121)) - dd0e1198-6ba1-4c32-9ce2-054c25212f92: shutdown FollowerState
2019-11-14 15:08:11,541 [Thread-1485] INFO  impl.RaftServerImpl (RaftServerImpl.java:setRole(173)) - dd0e1198-6ba1-4c32-9ce2-054c25212f92@group-877CB685509D: changes role from  FOLLOWER to CANDIDATE at term 0 for changeToCandidate
2019-11-14 15:08:11,541 [Thread-1485] INFO  impl.RoleInfo (RoleInfo.java:updateAndGet(143)) - dd0e1198-6ba1-4c32-9ce2-054c25212f92: start LeaderElection
2019-11-14 15:08:11,548 [25c17e6e-60f2-43b7-8570-af6cc9981309@group-A7405D5AD40E-LeaderElection90] INFO  impl.LeaderElection (LeaderElection.java:askForVotes(178)) - 25c17e6e-60f2-43b7-8570-af6cc9981309@group-A7405D5AD40E-LeaderElection90: begin an election at term 1 for -1: [8344cb33-ae61-4ff3-97f7-00b91742683d:192.168.34.62:40021, 25c17e6e-60f2-43b7-8570-af6cc9981309:192.168.34.62:41260, 59f802cb-c907-44a0-9069-e10bb38eff5d:192.168.34.62:41183], old=null
2019-11-14 15:08:11,548 [dd0e1198-6ba1-4c32-9ce2-054c25212f92@group-877CB685509D-LeaderElection91] INFO  impl.LeaderElection (LeaderElection.java:askForVotes(178)) - dd0e1198-6ba1-4c32-9ce2-054c25212f92@group-877CB685509D-LeaderElection91: begin an election at term 1 for -1: [09f4ece9-71c1-4a5b-9b91-b2a8aadac043:192.168.34.62:45559, 86084ec4-dae7-4808-81c8-289a21d6f4dc:192.168.34.62:33180, dd0e1198-6ba1-4c32-9ce2-054c25212f92:192.168.34.62:42382], old=null
2019-11-14 15:08:11,551 [Thread-1473] INFO  impl.FollowerState (FollowerState.java:run(111)) - 8344cb33-ae61-4ff3-97f7-00b91742683d@group-A7405D5AD40E-FollowerState: change to CANDIDATE, lastRpcTime:1117ms, electionTimeout:1117ms
2019-11-14 15:08:11,551 [Thread-1473] INFO  impl.RoleInfo (RoleInfo.java:shutdownFollowerState(121)) - 8344cb33-ae61-4ff3-97f7-00b91742683d: shutdown FollowerState
2019-11-14 15:08:11,551 [Thread-1473] INFO  impl.RaftServerImpl (RaftServerImpl.java:setRole(173)) - 8344cb33-ae61-4ff3-97f7-00b91742683d@group-A7405D5AD40E: changes role from  FOLLOWER to CANDIDATE at term 0 for changeToCandidate
2019-11-14 15:08:11,551 [Thread-1473] INFO  impl.RoleInfo (RoleInfo.java:updateAndGet(143)) - 8344cb33-ae61-4ff3-97f7-00b91742683d: start LeaderElection
2019-11-14 15:08:11,554 [grpc-default-executor-0] INFO  impl.RaftServerImpl (RaftServerImpl.java:setRole(173)) - 59f802cb-c907-44a0-9069-e10bb38eff5d@group-A7405D5AD40E: changes role from  FOLLOWER to FOLLOWER at term 1 for recognizeCandidate:25c17e6e-60f2-43b7-8570-af6cc9981309
2019-11-14 15:08:11,554 [grpc-default-executor-0] INFO  impl.RoleInfo (RoleInfo.java:shutdownFollowerState(121)) - 59f802cb-c907-44a0-9069-e10bb38eff5d: shutdown FollowerState
2019-11-14 15:08:11,554 [grpc-default-executor-0] INFO  impl.RoleInfo (RoleInfo.java:updateAndGet(143)) - 59f802cb-c907-44a0-9069-e10bb38eff5d: start FollowerState
2019-11-14 15:08:11,555 [Thread-1478] INFO  impl.FollowerState (FollowerState.java:run(120)) - 59f802cb-c907-44a0-9069-e10bb38eff5d@group-A7405D5AD40E-FollowerState was interrupted: java.lang.InterruptedException: sleep interrupted
2019-11-14 15:08:11,555 [grpc-default-executor-4] INFO  impl.RaftServerImpl (RaftServerImpl.java:setRole(173)) - 86084ec4-dae7-4808-81c8-289a21d6f4dc@group-877CB685509D: changes role from  FOLLOWER to FOLLOWER at term 1 for recognizeCandidate:dd0e1198-6ba1-4c32-9ce2-054c25212f92
2019-11-14 15:08:11,555 [grpc-default-executor-4] INFO  impl.RoleInfo (RoleInfo.java:shutdownFollowerState(121)) - 86084ec4-dae7-4808-81c8-289a21d6f4dc: shutdown FollowerState
2019-11-14 15:08:11,555 [grpc-default-executor-4] INFO  impl.RoleInfo (RoleInfo.java:updateAndGet(143)) - 86084ec4-dae7-4808-81c8-289a21d6f4dc: start FollowerState
2019-11-14 15:08:11,556 [Thread-1489] INFO  impl.FollowerState (FollowerState.java:run(120)) - 86084ec4-dae7-4808-81c8-289a21d6f4dc@group-877CB685509D-FollowerState was interrupted: java.lang.InterruptedException: sleep interrupted
2019-11-14 15:08:11,556 [grpc-default-executor-1] INFO  impl.RaftServerImpl (RaftServerImpl.java:setRole(173)) - 09f4ece9-71c1-4a5b-9b91-b2a8aadac043@group-877CB685509D: changes role from  FOLLOWER to FOLLOWER at term 1 for recognizeCandidate:dd0e1198-6ba1-4c32-9ce2-054c25212f92
2019-11-14 15:08:11,556 [grpc-default-executor-1] INFO  impl.RoleInfo (RoleInfo.java:shutdownFollowerState(121)) - 09f4ece9-71c1-4a5b-9b91-b2a8aadac043: shutdown FollowerState
2019-11-14 15:08:11,556 [Thread-1490] INFO  impl.FollowerState (FollowerState.java:run(120)) - 09f4ece9-71c1-4a5b-9b91-b2a8aadac043@group-877CB685509D-FollowerState was interrupted: java.lang.InterruptedException: sleep interrupted
2019-11-14 15:08:11,556 [grpc-default-executor-1] INFO  impl.RoleInfo (RoleInfo.java:updateAndGet(143)) - 09f4ece9-71c1-4a5b-9b91-b2a8aadac043: start FollowerState
2019-11-14 15:08:11,577 [8344cb33-ae61-4ff3-97f7-00b91742683d@group-A7405D5AD40E-LeaderElection92] INFO  impl.LeaderElection (LeaderElection.java:askForVotes(178)) - 8344cb33-ae61-4ff3-97f7-00b91742683d@group-A7405D5AD40E-LeaderElection92: begin an election at term 1 for -1: [8344cb33-ae61-4ff3-97f7-00b91742683d:192.168.34.62:40021, 25c17e6e-60f2-43b7-8570-af6cc9981309:192.168.34.62:41260, 59f802cb-c907-44a0-9069-e10bb38eff5d:192.168.34.62:41183], old=null
2019-11-14 15:08:11,581 [25c17e6e-60f2-43b7-8570-af6cc9981309@group-A7405D5AD40E-LeaderElection90] INFO  impl.LeaderElection (LeaderElection.java:logAndReturn(56)) - 25c17e6e-60f2-43b7-8570-af6cc9981309@group-A7405D5AD40E-LeaderElection90: Election PASSED; received 1 response(s) [25c17e6e-60f2-43b7-8570-af6cc9981309<-59f802cb-c907-44a0-9069-e10bb38eff5d#0:OK-t1] and 0 exception(s); 25c17e6e-60f2-43b7-8570-af6cc9981309@group-A7405D5AD40E:t1, leader=null, voted=25c17e6e-60f2-43b7-8570-af6cc9981309, raftlog=25c17e6e-60f2-43b7-8570-af6cc9981309@group-A7405D5AD40E-SegmentedRaftLog:OPENED:c-1,f-1,i0, conf=-1: [8344cb33-ae61-4ff3-97f7-00b91742683d:192.168.34.62:40021, 25c17e6e-60f2-43b7-8570-af6cc9981309:192.168.34.62:41260, 59f802cb-c907-44a0-9069-e10bb38eff5d:192.168.34.62:41183], old=null
2019-11-14 15:08:11,581 [dd0e1198-6ba1-4c32-9ce2-054c25212f92@group-877CB685509D-LeaderElection91] INFO  impl.LeaderElection (LeaderElection.java:logAndReturn(56)) - dd0e1198-6ba1-4c32-9ce2-054c25212f92@group-877CB685509D-LeaderElection91: Election PASSED; received 1 response(s) [dd0e1198-6ba1-4c32-9ce2-054c25212f92<-86084ec4-dae7-4808-81c8-289a21d6f4dc#0:OK-t1] and 0 exception(s); dd0e1198-6ba1-4c32-9ce2-054c25212f92@group-877CB685509D:t1, leader=null, voted=dd0e1198-6ba1-4c32-9ce2-054c25212f92, raftlog=dd0e1198-6ba1-4c32-9ce2-054c25212f92@group-877CB685509D-SegmentedRaftLog:OPENED:c-1,f-1,i0, conf=-1: [09f4ece9-71c1-4a5b-9b91-b2a8aadac043:192.168.34.62:45559, 86084ec4-dae7-4808-81c8-289a21d6f4dc:192.168.34.62:33180, dd0e1198-6ba1-4c32-9ce2-054c25212f92:192.168.34.62:42382], old=null
2019-11-14 15:08:11,581 [25c17e6e-60f2-43b7-8570-af6cc9981309@group-A7405D5AD40E-LeaderElection90] INFO  impl.RoleInfo (RoleInfo.java:shutdownLeaderElection(134)) - 25c17e6e-60f2-43b7-8570-af6cc9981309: shutdown LeaderElection
2019-11-14 15:08:11,581 [dd0e1198-6ba1-4c32-9ce2-054c25212f92@group-877CB685509D-LeaderElection91] INFO  impl.RoleInfo (RoleInfo.java:shutdownLeaderElection(134)) - dd0e1198-6ba1-4c32-9ce2-054c25212f92: shutdown LeaderElection
2019-11-14 15:08:11,581 [25c17e6e-60f2-43b7-8570-af6cc9981309@group-A7405D5AD40E-LeaderElection90] INFO  impl.RaftServerImpl (RaftServerImpl.java:setRole(173)) - 25c17e6e-60f2-43b7-8570-af6cc9981309@group-A7405D5AD40E: changes role from CANDIDATE to LEADER at term 1 for changeToLeader
2019-11-14 15:08:11,582 [dd0e1198-6ba1-4c32-9ce2-054c25212f92@group-877CB685509D-LeaderElection91] INFO  impl.RaftServerImpl (RaftServerImpl.java:setRole(173)) - dd0e1198-6ba1-4c32-9ce2-054c25212f92@group-877CB685509D: changes role from CANDIDATE to LEADER at term 1 for changeToLeader
2019-11-14 15:08:11,582 [dd0e1198-6ba1-4c32-9ce2-054c25212f92@group-877CB685509D-LeaderElection91] INFO  ratis.XceiverServerRatis (XceiverServerRatis.java:handleLeaderChangedNotification(697)) - Leader change notification received for group: group-877CB685509D with new leaderId: dd0e1198-6ba1-4c32-9ce2-054c25212f92
2019-11-14 15:08:11,582 [25c17e6e-60f2-43b7-8570-af6cc9981309@group-A7405D5AD40E-LeaderElection90] INFO  ratis.XceiverServerRatis (XceiverServerRatis.java:handleLeaderChangedNotification(697)) - Leader change notification received for group: group-A7405D5AD40E with new leaderId: 25c17e6e-60f2-43b7-8570-af6cc9981309
2019-11-14 15:08:11,582 [dd0e1198-6ba1-4c32-9ce2-054c25212f92@group-877CB685509D-LeaderElection91] INFO  impl.RaftServerImpl (ServerState.java:setLeader(255)) - dd0e1198-6ba1-4c32-9ce2-054c25212f92@group-877CB685509D: change Leader from null to dd0e1198-6ba1-4c32-9ce2-054c25212f92 at term 1 for becomeLeader, leader elected after 1060ms
2019-11-14 15:08:11,582 [dd0e1198-6ba1-4c32-9ce2-054c25212f92@group-877CB685509D-LeaderElection91] INFO  server.RaftServerConfigKeys (ConfUtils.java:logGet(43)) - raft.server.staging.catchup.gap = 1000 (default)
2019-11-14 15:08:11,582 [25c17e6e-60f2-43b7-8570-af6cc9981309@group-A7405D5AD40E-LeaderElection90] INFO  impl.RaftServerImpl (ServerState.java:setLeader(255)) - 25c17e6e-60f2-43b7-8570-af6cc9981309@group-A7405D5AD40E: change Leader from null to 25c17e6e-60f2-43b7-8570-af6cc9981309 at term 1 for becomeLeader, leader elected after 1152ms
2019-11-14 15:08:11,582 [dd0e1198-6ba1-4c32-9ce2-054c25212f92@group-877CB685509D-LeaderElection91] INFO  server.RaftServerConfigKeys (ConfUtils.java:logGet(43)) - raft.server.rpc.sleep.time = 25ms (default)
2019-11-14 15:08:11,582 [25c17e6e-60f2-43b7-8570-af6cc9981309@group-A7405D5AD40E-LeaderElection90] INFO  server.RaftServerConfigKeys (ConfUtils.java:logGet(43)) - raft.server.staging.catchup.gap = 1000 (default)
2019-11-14 15:08:11,582 [dd0e1198-6ba1-4c32-9ce2-054c25212f92@group-877CB685509D-LeaderElection91] INFO  server.RaftServerConfigKeys (ConfUtils.java:logGet(43)) - raft.server.write.element-limit = 4096 (default)
2019-11-14 15:08:11,583 [25c17e6e-60f2-43b7-8570-af6cc9981309@group-A7405D5AD40E-LeaderElection90] INFO  server.RaftServerConfigKeys (ConfUtils.java:logGet(43)) - raft.server.rpc.sleep.time = 25ms (default)
2019-11-14 15:08:11,583 [dd0e1198-6ba1-4c32-9ce2-054c25212f92@group-877CB685509D-LeaderElection91] INFO  server.RaftServerConfigKeys (ConfUtils.java:logGet(43)) - raft.server.watch.timeout = 10s (default)
2019-11-14 15:08:11,583 [dd0e1198-6ba1-4c32-9ce2-054c25212f92@group-877CB685509D-LeaderElection91] INFO  server.RaftServerConfigKeys (ConfUtils.java:logGet(43)) - raft.server.watch.timeout.denomination = 1s (default)
2019-11-14 15:08:11,583 [25c17e6e-60f2-43b7-8570-af6cc9981309@group-A7405D5AD40E-LeaderElection90] INFO  server.RaftServerConfigKeys (ConfUtils.java:logGet(43)) - raft.server.write.element-limit = 4096 (default)
2019-11-14 15:08:11,583 [dd0e1198-6ba1-4c32-9ce2-054c25212f92@group-877CB685509D-LeaderElection91] INFO  server.RaftServerConfigKeys (ConfUtils.java:logGet(43)) - raft.server.watch.element-limit = 65536 (default)
2019-11-14 15:08:11,583 [EventQueue-PipelineReportForPipelineReportHandler] INFO  pipeline.PipelineStateManager (PipelineStateManager.java:openPipeline(134)) - Pipeline Pipeline[ Id: d50fec5e-8dd9-477a-936a-877cb685509d, Nodes: 09f4ece9-71c1-4a5b-9b91-b2a8aadac043{ip: 192.168.34.62, host: pr-hdds-2480-6qkg9-608321763, networkLocation: /rack1, certSerialId: null}dd0e1198-6ba1-4c32-9ce2-054c25212f92{ip: 192.168.34.62, host: pr-hdds-2480-6qkg9-608321763, networkLocation: /rack1, certSerialId: null}86084ec4-dae7-4808-81c8-289a21d6f4dc{ip: 192.168.34.62, host: pr-hdds-2480-6qkg9-608321763, networkLocation: /rack1, certSerialId: null}, Type:RATIS, Factor:THREE, State:OPEN] moved to OPEN state
2019-11-14 15:08:11,583 [25c17e6e-60f2-43b7-8570-af6cc9981309@group-A7405D5AD40E-LeaderElection90] INFO  server.RaftServerConfigKeys (ConfUtils.java:logGet(43)) - raft.server.watch.timeout = 10s (default)
2019-11-14 15:08:11,583 [EventQueue-PipelineReportForPipelineReportHandler] INFO  pipeline.PipelineStateManager (PipelineStateManager.java:openPipeline(134)) - Pipeline Pipeline[ Id: be14135c-37c8-4b8b-856b-a7405d5ad40e, Nodes: 8344cb33-ae61-4ff3-97f7-00b91742683d{ip: 192.168.34.62, host: pr-hdds-2480-6qkg9-608321763, networkLocation: /rack1, certSerialId: null}59f802cb-c907-44a0-9069-e10bb38eff5d{ip: 192.168.34.62, host: pr-hdds-2480-6qkg9-608321763, networkLocation: /rack1, certSerialId: null}25c17e6e-60f2-43b7-8570-af6cc9981309{ip: 192.168.34.62, host: pr-hdds-2480-6qkg9-608321763, networkLocation: /rack1, certSerialId: null}, Type:RATIS, Factor:THREE, State:OPEN] moved to OPEN state
2019-11-14 15:08:11,583 [dd0e1198-6ba1-4c32-9ce2-054c25212f92@group-877CB685509D-LeaderElection91] INFO  server.RaftServerConfigKeys (ConfUtils.java:logGet(43)) - raft.server.log.appender.snapshot.chunk.size.max = 16MB (=16777216) (default)
2019-11-14 15:08:11,584 [25c17e6e-60f2-43b7-8570-af6cc9981309@group-A7405D5AD40E-LeaderElection90] INFO  server.RaftServerConfigKeys (ConfUtils.java:logGet(43)) - raft.server.watch.timeout.denomination = 1s (default)
2019-11-14 15:08:11,584 [dd0e1198-6ba1-4c32-9ce2-054c25212f92@group-877CB685509D-LeaderElection91] INFO  server.RaftServerConfigKeys (ConfUtils.java:logGet(43)) - raft.server.log.appender.buffer.byte-limit = 33554432 (custom)
2019-11-14 15:08:11,589 [dd0e1198-6ba1-4c32-9ce2-054c25212f92@group-877CB685509D-LeaderElection91] INFO  server.RaftServerConfigKeys (ConfUtils.java:logGet(43)) - raft.server.log.appender.buffer.element-limit = 1 (custom)
2019-11-14 15:08:11,584 [25c17e6e-60f2-43b7-8570-af6cc9981309@group-A7405D5AD40E-LeaderElection90] INFO  server.RaftServerConfigKeys (ConfUtils.java:logGet(43)) - raft.server.watch.element-limit = 65536 (default)
2019-11-14 15:08:11,589 [dd0e1198-6ba1-4c32-9ce2-054c25212f92@group-877CB685509D-LeaderElection91] INFO  grpc.GrpcConfigKeys$Server (ConfUtils.java:logGet(43)) - raft.grpc.server.leader.outstanding.appends.max = 128 (default)
2019-11-14 15:08:11,589 [dd0e1198-6ba1-4c32-9ce2-054c25212f92@group-877CB685509D-LeaderElection91] INFO  server.RaftServerConfigKeys (ConfUtils.java:logGet(43)) - raft.server.rpc.request.timeout = 3000ms (default)
2019-11-14 15:08:11,589 [25c17e6e-60f2-43b7-8570-af6cc9981309@group-A7405D5AD40E-LeaderElection90] INFO  server.RaftServerConfigKeys (ConfUtils.java:logGet(43)) - raft.server.log.appender.snapshot.chunk.size.max = 16MB (=16777216) (default)
2019-11-14 15:08:11,589 [dd0e1198-6ba1-4c32-9ce2-054c25212f92@group-877CB685509D-LeaderElection91] INFO  server.RaftServerConfigKeys (ConfUtils.java:logGet(43)) - raft.server.log.appender.install.snapshot.enabled = false (custom)
2019-11-14 15:08:11,589 [25c17e6e-60f2-43b7-8570-af6cc9981309@group-A7405D5AD40E-LeaderElection90] INFO  server.RaftServerConfigKeys (ConfUtils.java:logGet(43)) - raft.server.log.appender.buffer.byte-limit = 33554432 (custom)
2019-11-14 15:08:11,590 [dd0e1198-6ba1-4c32-9ce2-054c25212f92@group-877CB685509D-LeaderElection91] WARN  impl.MetricRegistriesImpl (MetricRegistriesImpl.java:lambda$create$1(61)) - First MetricRegistry has been created without registering reporters. You may need to call MetricRegistries.global().addReportRegistration(...) before.
2019-11-14 15:08:11,590 [25c17e6e-60f2-43b7-8570-af6cc9981309@group-A7405D5AD40E-LeaderElection90] INFO  server.RaftServerConfigKeys (ConfUtils.java:logGet(43)) - raft.server.log.appender.buffer.element-limit = 1 (custom)
2019-11-14 15:08:11,590 [dd0e1198-6ba1-4c32-9ce2-054c25212f92@group-877CB685509D-LeaderElection91] INFO  server.RaftServerConfigKeys (ConfUtils.java:logGet(43)) - raft.server.log.appender.snapshot.chunk.size.max = 16MB (=16777216) (default)
2019-11-14 15:08:11,590 [25c17e6e-60f2-43b7-8570-af6cc9981309@group-A7405D5AD40E-LeaderElection90] INFO  grpc.GrpcConfigKeys$Server (ConfUtils.java:logGet(43)) - raft.grpc.server.leader.outstanding.appends.max = 128 (default)
2019-11-14 15:08:11,590 [dd0e1198-6ba1-4c32-9ce2-054c25212f92@group-877CB685509D-LeaderElection91] INFO  server.RaftServerConfigKeys (ConfUtils.java:logGet(43)) - raft.server.log.appender.buffer.byte-limit = 33554432 (custom)
2019-11-14 15:08:11,590 [25c17e6e-60f2-43b7-8570-af6cc9981309@group-A7405D5AD40E-LeaderElection90] INFO  server.RaftServerConfigKeys (ConfUtils.java:logGet(43)) - raft.server.rpc.request.timeout = 3000ms (default)
2019-11-14 15:08:11,590 [dd0e1198-6ba1-4c32-9ce2-054c25212f92@group-877CB685509D-LeaderElection91] INFO  server.RaftServerConfigKeys (ConfUtils.java:logGet(43)) - raft.server.log.appender.buffer.element-limit = 1 (custom)
2019-11-14 15:08:11,590 [25c17e6e-60f2-43b7-8570-af6cc9981309@group-A7405D5AD40E-LeaderElection90] INFO  server.RaftServerConfigKeys (ConfUtils.java:logGet(43)) - raft.server.log.appender.install.snapshot.enabled = false (custom)
2019-11-14 15:08:11,591 [dd0e1198-6ba1-4c32-9ce2-054c25212f92@group-877CB685509D-LeaderElection91] INFO  grpc.GrpcConfigKeys$Server (ConfUtils.java:logGet(43)) - raft.grpc.server.leader.outstanding.appends.max = 128 (default)
2019-11-14 15:08:11,591 [25c17e6e-60f2-43b7-8570-af6cc9981309@group-A7405D5AD40E-LeaderElection90] WARN  impl.MetricRegistriesImpl (MetricRegistriesImpl.java:lambda$create$1(61)) - First MetricRegistry has been created without registering reporters. You may need to call MetricRegistries.global().addReportRegistration(...) before.
2019-11-14 15:08:11,591 [dd0e1198-6ba1-4c32-9ce2-054c25212f92@group-877CB685509D-LeaderElection91] INFO  server.RaftServerConfigKeys (ConfUtils.java:logGet(43)) - raft.server.rpc.request.timeout = 3000ms (default)
2019-11-14 15:08:11,591 [25c17e6e-60f2-43b7-8570-af6cc9981309@group-A7405D5AD40E-LeaderElection90] INFO  server.RaftServerConfigKeys (ConfUtils.java:logGet(43)) - raft.server.log.appender.snapshot.chunk.size.max = 16MB (=16777216) (default)
2019-11-14 15:08:11,591 [dd0e1198-6ba1-4c32-9ce2-054c25212f92@group-877CB685509D-LeaderElection91] INFO  server.RaftServerConfigKeys (ConfUtils.java:logGet(43)) - raft.server.log.appender.install.snapshot.enabled = false (custom)
2019-11-14 15:08:11,591 [25c17e6e-60f2-43b7-8570-af6cc9981309@group-A7405D5AD40E-LeaderElection90] INFO  server.RaftServerConfigKeys (ConfUtils.java:logGet(43)) - raft.server.log.appender.buffer.byte-limit = 33554432 (custom)
2019-11-14 15:08:11,591 [dd0e1198-6ba1-4c32-9ce2-054c25212f92@group-877CB685509D-LeaderElection91] INFO  impl.RoleInfo (RoleInfo.java:updateAndGet(143)) - dd0e1198-6ba1-4c32-9ce2-054c25212f92: start LeaderState
2019-11-14 15:08:11,591 [25c17e6e-60f2-43b7-8570-af6cc9981309@group-A7405D5AD40E-LeaderElection90] INFO  server.RaftServerConfigKeys (ConfUtils.java:logGet(43)) - raft.server.log.appender.buffer.element-limit = 1 (custom)
2019-11-14 15:08:11,592 [dd0e1198-6ba1-4c32-9ce2-054c25212f92@group-877CB685509D-LeaderElection91] INFO  segmented.SegmentedRaftLogWorker (SegmentedRaftLogWorker.java:startLogSegment(385)) - dd0e1198-6ba1-4c32-9ce2-054c25212f92@group-877CB685509D-SegmentedRaftLogWorker: Starting segment from index:0
2019-11-14 15:08:11,592 [25c17e6e-60f2-43b7-8570-af6cc9981309@group-A7405D5AD40E-LeaderElection90] INFO  grpc.GrpcConfigKeys$Server (ConfUtils.java:logGet(43)) - raft.grpc.server.leader.outstanding.appends.max = 128 (default)
2019-11-14 15:08:11,592 [25c17e6e-60f2-43b7-8570-af6cc9981309@group-A7405D5AD40E-LeaderElection90] INFO  server.RaftServerConfigKeys (ConfUtils.java:logGet(43)) - raft.server.rpc.request.timeout = 3000ms (default)
2019-11-14 15:08:11,592 [25c17e6e-60f2-43b7-8570-af6cc9981309@group-A7405D5AD40E-LeaderElection90] INFO  server.RaftServerConfigKeys (ConfUtils.java:logGet(43)) - raft.server.log.appender.install.snapshot.enabled = false (custom)
2019-11-14 15:08:11,592 [dd0e1198-6ba1-4c32-9ce2-054c25212f92@group-877CB685509D-LeaderElection91] INFO  impl.RaftServerImpl (ServerState.java:setRaftConf(356)) - dd0e1198-6ba1-4c32-9ce2-054c25212f92@group-877CB685509D: set configuration 0: [09f4ece9-71c1-4a5b-9b91-b2a8aadac043:192.168.34.62:45559, 86084ec4-dae7-4808-81c8-289a21d6f4dc:192.168.34.62:33180, dd0e1198-6ba1-4c32-9ce2-054c25212f92:192.168.34.62:42382], old=null at 0
2019-11-14 15:08:11,592 [25c17e6e-60f2-43b7-8570-af6cc9981309@group-A7405D5AD40E-LeaderElection90] INFO  impl.RoleInfo (RoleInfo.java:updateAndGet(143)) - 25c17e6e-60f2-43b7-8570-af6cc9981309: start LeaderState
2019-11-14 15:08:11,618 [25c17e6e-60f2-43b7-8570-af6cc9981309@group-A7405D5AD40E-LeaderElection90] INFO  segmented.SegmentedRaftLogWorker (SegmentedRaftLogWorker.java:startLogSegment(385)) - 25c17e6e-60f2-43b7-8570-af6cc9981309@group-A7405D5AD40E-SegmentedRaftLogWorker: Starting segment from index:0
2019-11-14 15:08:11,619 [25c17e6e-60f2-43b7-8570-af6cc9981309@group-A7405D5AD40E-LeaderElection90] INFO  impl.RaftServerImpl (ServerState.java:setRaftConf(356)) - 25c17e6e-60f2-43b7-8570-af6cc9981309@group-A7405D5AD40E: set configuration 0: [8344cb33-ae61-4ff3-97f7-00b91742683d:192.168.34.62:40021, 25c17e6e-60f2-43b7-8570-af6cc9981309:192.168.34.62:41260, 59f802cb-c907-44a0-9069-e10bb38eff5d:192.168.34.62:41183], old=null at 0
2019-11-14 15:08:11,657 [dd0e1198-6ba1-4c32-9ce2-054c25212f92@group-877CB685509D-SegmentedRaftLogWorker] INFO  segmented.SegmentedRaftLogWorker (SegmentedRaftLogWorker.java:execute(576)) - dd0e1198-6ba1-4c32-9ce2-054c25212f92@group-877CB685509D-SegmentedRaftLogWorker: created new log segment /workdir/hadoop-ozone/integration-test/target/test-dir/MiniOzoneClusterImpl-6b3e2517-75a7-4dd9-8054-0b12e404e591/datanode-1/data/ratis/d50fec5e-8dd9-477a-936a-877cb685509d/current/log_inprogress_0
2019-11-14 15:08:11,657 [grpc-default-executor-1] INFO  impl.RaftServerImpl (RaftServerImpl.java:requestVote(776)) - 25c17e6e-60f2-43b7-8570-af6cc9981309@group-A7405D5AD40E-   LEADER: Withhold vote from candidate 8344cb33-ae61-4ff3-97f7-00b91742683d with term 1. State: leader=25c17e6e-60f2-43b7-8570-af6cc9981309, term=1, lastRpcElapsed=null
2019-11-14 15:08:11,658 [grpc-default-executor-1] INFO  ratis.XceiverServerRatis (XceiverServerRatis.java:handleLeaderChangedNotification(697)) - Leader change notification received for group: group-877CB685509D with new leaderId: dd0e1198-6ba1-4c32-9ce2-054c25212f92
2019-11-14 15:08:11,658 [grpc-default-executor-1] INFO  impl.RaftServerImpl (ServerState.java:setLeader(255)) - 09f4ece9-71c1-4a5b-9b91-b2a8aadac043@group-877CB685509D: change Leader from null to dd0e1198-6ba1-4c32-9ce2-054c25212f92 at term 1 for appendEntries, leader elected after 1136ms
2019-11-14 15:08:11,658 [grpc-default-executor-4] INFO  impl.RaftServerImpl (RaftServerImpl.java:setRole(173)) - 8344cb33-ae61-4ff3-97f7-00b91742683d@group-A7405D5AD40E: changes role from CANDIDATE to FOLLOWER at term 1 for appendEntries
2019-11-14 15:08:11,661 [grpc-default-executor-0] INFO  ratis.XceiverServerRatis (XceiverServerRatis.java:handleLeaderChangedNotification(697)) - Leader change notification received for group: group-877CB685509D with new leaderId: dd0e1198-6ba1-4c32-9ce2-054c25212f92
2019-11-14 15:08:11,662 [grpc-default-executor-0] INFO  impl.RaftServerImpl (ServerState.java:setLeader(255)) - 86084ec4-dae7-4808-81c8-289a21d6f4dc@group-877CB685509D: change Leader from null to dd0e1198-6ba1-4c32-9ce2-054c25212f92 at term 1 for appendEntries, leader elected after 1139ms
2019-11-14 15:08:11,659 [8344cb33-ae61-4ff3-97f7-00b91742683d@group-A7405D5AD40E-LeaderElection92] INFO  impl.LeaderElection (LeaderElection.java:logAndReturn(56)) - 8344cb33-ae61-4ff3-97f7-00b91742683d@group-A7405D5AD40E-LeaderElection92: Election REJECTED; received 2 response(s) [8344cb33-ae61-4ff3-97f7-00b91742683d<-25c17e6e-60f2-43b7-8570-af6cc9981309#0:FAIL-t1, 8344cb33-ae61-4ff3-97f7-00b91742683d<-59f802cb-c907-44a0-9069-e10bb38eff5d#0:FAIL-t1] and 0 exception(s); 8344cb33-ae61-4ff3-97f7-00b91742683d@group-A7405D5AD40E:t1, leader=null, voted=8344cb33-ae61-4ff3-97f7-00b91742683d, raftlog=8344cb33-ae61-4ff3-97f7-00b91742683d@group-A7405D5AD40E-SegmentedRaftLog:OPENED:c-1,f-1,i0, conf=-1: [8344cb33-ae61-4ff3-97f7-00b91742683d:192.168.34.62:40021, 25c17e6e-60f2-43b7-8570-af6cc9981309:192.168.34.62:41260, 59f802cb-c907-44a0-9069-e10bb38eff5d:192.168.34.62:41183], old=null
2019-11-14 15:08:11,658 [grpc-default-executor-3] INFO  ratis.XceiverServerRatis (XceiverServerRatis.java:handleLeaderChangedNotification(697)) - Leader change notification received for group: group-A7405D5AD40E with new leaderId: 25c17e6e-60f2-43b7-8570-af6cc9981309
2019-11-14 15:08:11,662 [grpc-default-executor-3] INFO  impl.RaftServerImpl (ServerState.java:setLeader(255)) - 59f802cb-c907-44a0-9069-e10bb38eff5d@group-A7405D5AD40E: change Leader from null to 25c17e6e-60f2-43b7-8570-af6cc9981309 at term 1 for appendEntries, leader elected after 1229ms
2019-11-14 15:08:11,661 [grpc-default-executor-4] INFO  impl.RoleInfo (RoleInfo.java:shutdownLeaderElection(134)) - 8344cb33-ae61-4ff3-97f7-00b91742683d: shutdown LeaderElection
2019-11-14 15:08:11,663 [grpc-default-executor-4] INFO  impl.RoleInfo (RoleInfo.java:updateAndGet(143)) - 8344cb33-ae61-4ff3-97f7-00b91742683d: start FollowerState
2019-11-14 15:08:11,663 [grpc-default-executor-4] INFO  ratis.XceiverServerRatis (XceiverServerRatis.java:handleLeaderChangedNotification(697)) - Leader change notification received for group: group-A7405D5AD40E with new leaderId: 25c17e6e-60f2-43b7-8570-af6cc9981309
2019-11-14 15:08:11,666 [grpc-default-executor-3] INFO  impl.RaftServerImpl (ServerState.java:setRaftConf(356)) - 09f4ece9-71c1-4a5b-9b91-b2a8aadac043@group-877CB685509D: set configuration 0: [09f4ece9-71c1-4a5b-9b91-b2a8aadac043:192.168.34.62:45559, 86084ec4-dae7-4808-81c8-289a21d6f4dc:192.168.34.62:33180, dd0e1198-6ba1-4c32-9ce2-054c25212f92:192.168.34.62:42382], old=null at 0
2019-11-14 15:08:11,666 [25c17e6e-60f2-43b7-8570-af6cc9981309@group-A7405D5AD40E-SegmentedRaftLogWorker] INFO  segmented.SegmentedRaftLogWorker (SegmentedRaftLogWorker.java:execute(576)) - 25c17e6e-60f2-43b7-8570-af6cc9981309@group-A7405D5AD40E-SegmentedRaftLogWorker: created new log segment /workdir/hadoop-ozone/integration-test/target/test-dir/MiniOzoneClusterImpl-6b3e2517-75a7-4dd9-8054-0b12e404e591/datanode-4/data/ratis/be14135c-37c8-4b8b-856b-a7405d5ad40e/current/log_inprogress_0
2019-11-14 15:08:11,666 [grpc-default-executor-3] INFO  segmented.SegmentedRaftLogWorker (SegmentedRaftLogWorker.java:startLogSegment(385)) - 09f4ece9-71c1-4a5b-9b91-b2a8aadac043@group-877CB685509D-SegmentedRaftLogWorker: Starting segment from index:0
2019-11-14 15:08:11,666 [grpc-default-executor-4] INFO  impl.RaftServerImpl (ServerState.java:setLeader(255)) - 8344cb33-ae61-4ff3-97f7-00b91742683d@group-A7405D5AD40E: change Leader from null to 25c17e6e-60f2-43b7-8570-af6cc9981309 at term 1 for appendEntries, leader elected after 1234ms
2019-11-14 15:08:11,700 [Thread-1495] INFO  impl.FollowerState (FollowerState.java:run(111)) - a96edad4-0b0c-48cb-948a-93b2fbf7c409@group-BD9547C05093-FollowerState: change to CANDIDATE, lastRpcTime:1120ms, electionTimeout:1118ms
2019-11-14 15:08:11,700 [grpc-default-executor-0] INFO  impl.RaftServerImpl (ServerState.java:setRaftConf(356)) - 86084ec4-dae7-4808-81c8-289a21d6f4dc@group-877CB685509D: set configuration 0: [09f4ece9-71c1-4a5b-9b91-b2a8aadac043:192.168.34.62:45559, 86084ec4-dae7-4808-81c8-289a21d6f4dc:192.168.34.62:33180, dd0e1198-6ba1-4c32-9ce2-054c25212f92:192.168.34.62:42382], old=null at 0
2019-11-14 15:08:11,700 [Thread-1495] INFO  impl.RoleInfo (RoleInfo.java:shutdownFollowerState(121)) - a96edad4-0b0c-48cb-948a-93b2fbf7c409: shutdown FollowerState
2019-11-14 15:08:11,701 [grpc-default-executor-0] INFO  segmented.SegmentedRaftLogWorker (SegmentedRaftLogWorker.java:startLogSegment(385)) - 86084ec4-dae7-4808-81c8-289a21d6f4dc@group-877CB685509D-SegmentedRaftLogWorker: Starting segment from index:0
2019-11-14 15:08:11,701 [Thread-1495] INFO  impl.RaftServerImpl (RaftServerImpl.java:setRole(173)) - a96edad4-0b0c-48cb-948a-93b2fbf7c409@group-BD9547C05093: changes role from  FOLLOWER to CANDIDATE at term 0 for changeToCandidate
2019-11-14 15:08:11,701 [grpc-default-executor-4] INFO  impl.RaftServerImpl (ServerState.java:setRaftConf(356)) - 59f802cb-c907-44a0-9069-e10bb38eff5d@group-A7405D5AD40E: set configuration 0: [8344cb33-ae61-4ff3-97f7-00b91742683d:192.168.34.62:40021, 25c17e6e-60f2-43b7-8570-af6cc9981309:192.168.34.62:41260, 59f802cb-c907-44a0-9069-e10bb38eff5d:192.168.34.62:41183], old=null at 0
2019-11-14 15:08:11,701 [Thread-1495] INFO  impl.RoleInfo (RoleInfo.java:updateAndGet(143)) - a96edad4-0b0c-48cb-948a-93b2fbf7c409: start LeaderElection
2019-11-14 15:08:11,702 [grpc-default-executor-4] INFO  segmented.SegmentedRaftLogWorker (SegmentedRaftLogWorker.java:startLogSegment(385)) - 59f802cb-c907-44a0-9069-e10bb38eff5d@group-A7405D5AD40E-SegmentedRaftLogWorker: Starting segment from index:0
2019-11-14 15:08:11,738 [09f4ece9-71c1-4a5b-9b91-b2a8aadac043@group-877CB685509D-SegmentedRaftLogWorker] INFO  segmented.SegmentedRaftLogWorker (SegmentedRaftLogWorker.java:execute(576)) - 09f4ece9-71c1-4a5b-9b91-b2a8aadac043@group-877CB685509D-SegmentedRaftLogWorker: created new log segment /workdir/hadoop-ozone/integration-test/target/test-dir/MiniOzoneClusterImpl-6b3e2517-75a7-4dd9-8054-0b12e404e591/datanode-0/data/ratis/d50fec5e-8dd9-477a-936a-877cb685509d/current/log_inprogress_0
2019-11-14 15:08:11,739 [grpc-default-executor-4] INFO  impl.RaftServerImpl (ServerState.java:setRaftConf(356)) - 8344cb33-ae61-4ff3-97f7-00b91742683d@group-A7405D5AD40E: set configuration 0: [8344cb33-ae61-4ff3-97f7-00b91742683d:192.168.34.62:40021, 25c17e6e-60f2-43b7-8570-af6cc9981309:192.168.34.62:41260, 59f802cb-c907-44a0-9069-e10bb38eff5d:192.168.34.62:41183], old=null at 0
2019-11-14 15:08:11,739 [grpc-default-executor-4] INFO  segmented.SegmentedRaftLogWorker (SegmentedRaftLogWorker.java:startLogSegment(385)) - 8344cb33-ae61-4ff3-97f7-00b91742683d@group-A7405D5AD40E-SegmentedRaftLogWorker: Starting segment from index:0
2019-11-14 15:08:11,747 [86084ec4-dae7-4808-81c8-289a21d6f4dc@group-877CB685509D-SegmentedRaftLogWorker] INFO  segmented.SegmentedRaftLogWorker (SegmentedRaftLogWorker.java:execute(576)) - 86084ec4-dae7-4808-81c8-289a21d6f4dc@group-877CB685509D-SegmentedRaftLogWorker: created new log segment /workdir/hadoop-ozone/integration-test/target/test-dir/MiniOzoneClusterImpl-6b3e2517-75a7-4dd9-8054-0b12e404e591/datanode-2/data/ratis/d50fec5e-8dd9-477a-936a-877cb685509d/current/log_inprogress_0
2019-11-14 15:08:11,747 [a96edad4-0b0c-48cb-948a-93b2fbf7c409@group-BD9547C05093-LeaderElection93] INFO  impl.LeaderElection (LeaderElection.java:askForVotes(178)) - a96edad4-0b0c-48cb-948a-93b2fbf7c409@group-BD9547C05093-LeaderElection93: begin an election at term 1 for -1: [a96edad4-0b0c-48cb-948a-93b2fbf7c409:192.168.34.62:43006], old=null
2019-11-14 15:08:11,747 [a96edad4-0b0c-48cb-948a-93b2fbf7c409@group-BD9547C05093-LeaderElection93] INFO  impl.RoleInfo (RoleInfo.java:shutdownLeaderElection(134)) - a96edad4-0b0c-48cb-948a-93b2fbf7c409: shutdown LeaderElection
2019-11-14 15:08:11,747 [a96edad4-0b0c-48cb-948a-93b2fbf7c409@group-BD9547C05093-LeaderElection93] INFO  impl.RaftServerImpl (RaftServerImpl.java:setRole(173)) - a96edad4-0b0c-48cb-948a-93b2fbf7c409@group-BD9547C05093: changes role from CANDIDATE to LEADER at term 1 for changeToLeader
2019-11-14 15:08:11,747 [a96edad4-0b0c-48cb-948a-93b2fbf7c409@group-BD9547C05093-LeaderElection93] INFO  ratis.XceiverServerRatis (XceiverServerRatis.java:handleLeaderChangedNotification(697)) - Leader change notification received for group: group-BD9547C05093 with new leaderId: a96edad4-0b0c-48cb-948a-93b2fbf7c409
2019-11-14 15:08:11,747 [a96edad4-0b0c-48cb-948a-93b2fbf7c409@group-BD9547C05093-LeaderElection93] INFO  impl.RaftServerImpl (ServerState.java:setLeader(255)) - a96edad4-0b0c-48cb-948a-93b2fbf7c409@group-BD9547C05093: change Leader from null to a96edad4-0b0c-48cb-948a-93b2fbf7c409 at term 1 for becomeLeader, leader elected after 1169ms
2019-11-14 15:08:11,748 [a96edad4-0b0c-48cb-948a-93b2fbf7c409@group-BD9547C05093-LeaderElection93] INFO  server.RaftServerConfigKeys (ConfUtils.java:logGet(43)) - raft.server.staging.catchup.gap = 1000 (default)
2019-11-14 15:08:11,748 [a96edad4-0b0c-48cb-948a-93b2fbf7c409@group-BD9547C05093-LeaderElection93] INFO  server.RaftServerConfigKeys (ConfUtils.java:logGet(43)) - raft.server.rpc.sleep.time = 25ms (default)
2019-11-14 15:08:11,748 [a96edad4-0b0c-48cb-948a-93b2fbf7c409@group-BD9547C05093-LeaderElection93] INFO  server.RaftServerConfigKeys (ConfUtils.java:logGet(43)) - raft.server.write.element-limit = 4096 (default)
2019-11-14 15:08:11,748 [a96edad4-0b0c-48cb-948a-93b2fbf7c409@group-BD9547C05093-LeaderElection93] INFO  server.RaftServerConfigKeys (ConfUtils.java:logGet(43)) - raft.server.watch.timeout = 10s (default)
2019-11-14 15:08:11,748 [a96edad4-0b0c-48cb-948a-93b2fbf7c409@group-BD9547C05093-LeaderElection93] INFO  server.RaftServerConfigKeys (ConfUtils.java:logGet(43)) - raft.server.watch.timeout.denomination = 1s (default)
2019-11-14 15:08:11,748 [a96edad4-0b0c-48cb-948a-93b2fbf7c409@group-BD9547C05093-LeaderElection93] INFO  server.RaftServerConfigKeys (ConfUtils.java:logGet(43)) - raft.server.watch.element-limit = 65536 (default)
2019-11-14 15:08:11,749 [a96edad4-0b0c-48cb-948a-93b2fbf7c409@group-BD9547C05093-LeaderElection93] INFO  impl.RoleInfo (RoleInfo.java:updateAndGet(143)) - a96edad4-0b0c-48cb-948a-93b2fbf7c409: start LeaderState
2019-11-14 15:08:11,749 [a96edad4-0b0c-48cb-948a-93b2fbf7c409@group-BD9547C05093-LeaderElection93] INFO  segmented.SegmentedRaftLogWorker (SegmentedRaftLogWorker.java:startLogSegment(385)) - a96edad4-0b0c-48cb-948a-93b2fbf7c409@group-BD9547C05093-SegmentedRaftLogWorker: Starting segment from index:0
2019-11-14 15:08:11,749 [EventQueue-PipelineReportForPipelineReportHandler] INFO  pipeline.PipelineStateManager (PipelineStateManager.java:openPipeline(134)) - Pipeline Pipeline[ Id: b705a0d2-da23-4efa-b669-bd9547c05093, Nodes: a96edad4-0b0c-48cb-948a-93b2fbf7c409{ip: 192.168.34.62, host: pr-hdds-2480-6qkg9-608321763, networkLocation: /rack1, certSerialId: null}, Type:RATIS, Factor:ONE, State:OPEN] moved to OPEN state
2019-11-14 15:08:11,749 [a96edad4-0b0c-48cb-948a-93b2fbf7c409@group-BD9547C05093-LeaderElection93] INFO  impl.RaftServerImpl (ServerState.java:setRaftConf(356)) - a96edad4-0b0c-48cb-948a-93b2fbf7c409@group-BD9547C05093: set configuration 0: [a96edad4-0b0c-48cb-948a-93b2fbf7c409:192.168.34.62:43006], old=null at 0
2019-11-14 15:08:11,806 [a96edad4-0b0c-48cb-948a-93b2fbf7c409@group-BD9547C05093-SegmentedRaftLogWorker] INFO  segmented.SegmentedRaftLogWorker (SegmentedRaftLogWorker.java:execute(576)) - a96edad4-0b0c-48cb-948a-93b2fbf7c409@group-BD9547C05093-SegmentedRaftLogWorker: created new log segment /workdir/hadoop-ozone/integration-test/target/test-dir/MiniOzoneClusterImpl-6b3e2517-75a7-4dd9-8054-0b12e404e591/datanode-7/data/ratis/b705a0d2-da23-4efa-b669-bd9547c05093/current/log_inprogress_0
2019-11-14 15:08:11,806 [8344cb33-ae61-4ff3-97f7-00b91742683d@group-A7405D5AD40E-SegmentedRaftLogWorker] INFO  segmented.SegmentedRaftLogWorker (SegmentedRaftLogWorker.java:execute(576)) - 8344cb33-ae61-4ff3-97f7-00b91742683d@group-A7405D5AD40E-SegmentedRaftLogWorker: created new log segment /workdir/hadoop-ozone/integration-test/target/test-dir/MiniOzoneClusterImpl-6b3e2517-75a7-4dd9-8054-0b12e404e591/datanode-6/data/ratis/be14135c-37c8-4b8b-856b-a7405d5ad40e/current/log_inprogress_0
2019-11-14 15:08:11,806 [59f802cb-c907-44a0-9069-e10bb38eff5d@group-A7405D5AD40E-SegmentedRaftLogWorker] INFO  segmented.SegmentedRaftLogWorker (SegmentedRaftLogWorker.java:execute(576)) - 59f802cb-c907-44a0-9069-e10bb38eff5d@group-A7405D5AD40E-SegmentedRaftLogWorker: created new log segment /workdir/hadoop-ozone/integration-test/target/test-dir/MiniOzoneClusterImpl-6b3e2517-75a7-4dd9-8054-0b12e404e591/datanode-3/data/ratis/be14135c-37c8-4b8b-856b-a7405d5ad40e/current/log_inprogress_0
2019-11-14 15:08:12,476 [Thread-1518] INFO  impl.FollowerState (FollowerState.java:run(111)) - dadbf9b0-b155-425e-bdd4-f6aced2428ca@group-CE93C81AF12A-FollowerState: change to CANDIDATE, lastRpcTime:1000ms, electionTimeout:1000ms
2019-11-14 15:08:12,476 [Thread-1518] INFO  impl.RoleInfo (RoleInfo.java:shutdownFollowerState(121)) - dadbf9b0-b155-425e-bdd4-f6aced2428ca: shutdown FollowerState
2019-11-14 15:08:12,476 [Thread-1518] INFO  impl.RaftServerImpl (RaftServerImpl.java:setRole(173)) - dadbf9b0-b155-425e-bdd4-f6aced2428ca@group-CE93C81AF12A: changes role from  FOLLOWER to CANDIDATE at term 1 for changeToCandidate
2019-11-14 15:08:12,476 [Thread-1518] INFO  impl.RoleInfo (RoleInfo.java:updateAndGet(143)) - dadbf9b0-b155-425e-bdd4-f6aced2428ca: start LeaderElection
2019-11-14 15:08:12,490 [dadbf9b0-b155-425e-bdd4-f6aced2428ca@group-CE93C81AF12A-LeaderElection94] INFO  impl.LeaderElection (LeaderElection.java:askForVotes(178)) - dadbf9b0-b155-425e-bdd4-f6aced2428ca@group-CE93C81AF12A-LeaderElection94: begin an election at term 2 for -1: [a96edad4-0b0c-48cb-948a-93b2fbf7c409:192.168.34.62:43006, 2f24271a-73a2-4678-8a2d-efde1b9a7c05:192.168.34.62:38626, dadbf9b0-b155-425e-bdd4-f6aced2428ca:192.168.34.62:40592], old=null
2019-11-14 15:08:12,492 [grpc-default-executor-0] INFO  impl.RaftServerImpl (RaftServerImpl.java:setRole(173)) - 2f24271a-73a2-4678-8a2d-efde1b9a7c05@group-CE93C81AF12A: changes role from  FOLLOWER to FOLLOWER at term 2 for recognizeCandidate:dadbf9b0-b155-425e-bdd4-f6aced2428ca
2019-11-14 15:08:12,492 [grpc-default-executor-4] INFO  impl.RaftServerImpl (RaftServerImpl.java:setRole(173)) - a96edad4-0b0c-48cb-948a-93b2fbf7c409@group-CE93C81AF12A: changes role from  FOLLOWER to FOLLOWER at term 2 for recognizeCandidate:dadbf9b0-b155-425e-bdd4-f6aced2428ca
2019-11-14 15:08:12,492 [grpc-default-executor-0] INFO  impl.RoleInfo (RoleInfo.java:shutdownFollowerState(121)) - 2f24271a-73a2-4678-8a2d-efde1b9a7c05: shutdown FollowerState
2019-11-14 15:08:12,492 [grpc-default-executor-4] INFO  impl.RoleInfo (RoleInfo.java:shutdownFollowerState(121)) - a96edad4-0b0c-48cb-948a-93b2fbf7c409: shutdown FollowerState
2019-11-14 15:08:12,493 [Thread-1519] INFO  impl.FollowerState (FollowerState.java:run(120)) - 2f24271a-73a2-4678-8a2d-efde1b9a7c05@group-CE93C81AF12A-FollowerState was interrupted: java.lang.InterruptedException: sleep interrupted
2019-11-14 15:08:12,492 [grpc-default-executor-0] INFO  impl.RoleInfo (RoleInfo.java:updateAndGet(143)) - 2f24271a-73a2-4678-8a2d-efde1b9a7c05: start FollowerState
2019-11-14 15:08:12,493 [grpc-default-executor-4] INFO  impl.RoleInfo (RoleInfo.java:updateAndGet(143)) - a96edad4-0b0c-48cb-948a-93b2fbf7c409: start FollowerState
2019-11-14 15:08:12,493 [Thread-1520] INFO  impl.FollowerState (FollowerState.java:run(120)) - a96edad4-0b0c-48cb-948a-93b2fbf7c409@group-CE93C81AF12A-FollowerState was interrupted: java.lang.InterruptedException: sleep interrupted
2019-11-14 15:08:12,508 [dadbf9b0-b155-425e-bdd4-f6aced2428ca@group-CE93C81AF12A-LeaderElection94] INFO  impl.LeaderElection (LeaderElection.java:logAndReturn(56)) - dadbf9b0-b155-425e-bdd4-f6aced2428ca@group-CE93C81AF12A-LeaderElection94: Election PASSED; received 1 response(s) [dadbf9b0-b155-425e-bdd4-f6aced2428ca<-2f24271a-73a2-4678-8a2d-efde1b9a7c05#0:OK-t2] and 0 exception(s); dadbf9b0-b155-425e-bdd4-f6aced2428ca@group-CE93C81AF12A:t2, leader=null, voted=dadbf9b0-b155-425e-bdd4-f6aced2428ca, raftlog=dadbf9b0-b155-425e-bdd4-f6aced2428ca@group-CE93C81AF12A-SegmentedRaftLog:OPENED:c-1,f-1,i0, conf=-1: [a96edad4-0b0c-48cb-948a-93b2fbf7c409:192.168.34.62:43006, 2f24271a-73a2-4678-8a2d-efde1b9a7c05:192.168.34.62:38626, dadbf9b0-b155-425e-bdd4-f6aced2428ca:192.168.34.62:40592], old=null
2019-11-14 15:08:12,508 [dadbf9b0-b155-425e-bdd4-f6aced2428ca@group-CE93C81AF12A-LeaderElection94] INFO  impl.RoleInfo (RoleInfo.java:shutdownLeaderElection(134)) - dadbf9b0-b155-425e-bdd4-f6aced2428ca: shutdown LeaderElection
2019-11-14 15:08:12,508 [dadbf9b0-b155-425e-bdd4-f6aced2428ca@group-CE93C81AF12A-LeaderElection94] INFO  impl.RaftServerImpl (RaftServerImpl.java:setRole(173)) - dadbf9b0-b155-425e-bdd4-f6aced2428ca@group-CE93C81AF12A: changes role from CANDIDATE to LEADER at term 2 for changeToLeader
2019-11-14 15:08:12,508 [dadbf9b0-b155-425e-bdd4-f6aced2428ca@group-CE93C81AF12A-LeaderElection94] INFO  ratis.XceiverServerRatis (XceiverServerRatis.java:handleLeaderChangedNotification(697)) - Leader change notification received for group: group-CE93C81AF12A with new leaderId: dadbf9b0-b155-425e-bdd4-f6aced2428ca
2019-11-14 15:08:12,508 [dadbf9b0-b155-425e-bdd4-f6aced2428ca@group-CE93C81AF12A-LeaderElection94] INFO  impl.RaftServerImpl (ServerState.java:setLeader(255)) - dadbf9b0-b155-425e-bdd4-f6aced2428ca@group-CE93C81AF12A: change Leader from null to dadbf9b0-b155-425e-bdd4-f6aced2428ca at term 2 for becomeLeader, leader elected after 2227ms
2019-11-14 15:08:12,508 [dadbf9b0-b155-425e-bdd4-f6aced2428ca@group-CE93C81AF12A-LeaderElection94] INFO  server.RaftServerConfigKeys (ConfUtils.java:logGet(43)) - raft.server.staging.catchup.gap = 1000 (default)
2019-11-14 15:08:12,508 [dadbf9b0-b155-425e-bdd4-f6aced2428ca@group-CE93C81AF12A-LeaderElection94] INFO  server.RaftServerConfigKeys (ConfUtils.java:logGet(43)) - raft.server.rpc.sleep.time = 25ms (default)
2019-11-14 15:08:12,508 [dadbf9b0-b155-425e-bdd4-f6aced2428ca@group-CE93C81AF12A-LeaderElection94] INFO  server.RaftServerConfigKeys (ConfUtils.java:logGet(43)) - raft.server.write.element-limit = 4096 (default)
2019-11-14 15:08:12,509 [dadbf9b0-b155-425e-bdd4-f6aced2428ca@group-CE93C81AF12A-LeaderElection94] INFO  server.RaftServerConfigKeys (ConfUtils.java:logGet(43)) - raft.server.watch.timeout = 10s (default)
2019-11-14 15:08:12,509 [dadbf9b0-b155-425e-bdd4-f6aced2428ca@group-CE93C81AF12A-LeaderElection94] INFO  server.RaftServerConfigKeys (ConfUtils.java:logGet(43)) - raft.server.watch.timeout.denomination = 1s (default)
2019-11-14 15:08:12,509 [dadbf9b0-b155-425e-bdd4-f6aced2428ca@group-CE93C81AF12A-LeaderElection94] INFO  server.RaftServerConfigKeys (ConfUtils.java:logGet(43)) - raft.server.watch.element-limit = 65536 (default)
2019-11-14 15:08:12,509 [dadbf9b0-b155-425e-bdd4-f6aced2428ca@group-CE93C81AF12A-LeaderElection94] INFO  server.RaftServerConfigKeys (ConfUtils.java:logGet(43)) - raft.server.log.appender.snapshot.chunk.size.max = 16MB (=16777216) (default)
2019-11-14 15:08:12,509 [dadbf9b0-b155-425e-bdd4-f6aced2428ca@group-CE93C81AF12A-LeaderElection94] INFO  server.RaftServerConfigKeys (ConfUtils.java:logGet(43)) - raft.server.log.appender.buffer.byte-limit = 33554432 (custom)
2019-11-14 15:08:12,509 [dadbf9b0-b155-425e-bdd4-f6aced2428ca@group-CE93C81AF12A-LeaderElection94] INFO  server.RaftServerConfigKeys (ConfUtils.java:logGet(43)) - raft.server.log.appender.buffer.element-limit = 1 (custom)
2019-11-14 15:08:12,509 [EventQueue-PipelineReportForPipelineReportHandler] INFO  pipeline.PipelineStateManager (PipelineStateManager.java:openPipeline(134)) - Pipeline Pipeline[ Id: 450f841a-3050-47d5-9842-ce93c81af12a, Nodes: dadbf9b0-b155-425e-bdd4-f6aced2428ca{ip: 192.168.34.62, host: pr-hdds-2480-6qkg9-608321763, networkLocation: /rack1, certSerialId: null}2f24271a-73a2-4678-8a2d-efde1b9a7c05{ip: 192.168.34.62, host: pr-hdds-2480-6qkg9-608321763, networkLocation: /rack1, certSerialId: null}a96edad4-0b0c-48cb-948a-93b2fbf7c409{ip: 192.168.34.62, host: pr-hdds-2480-6qkg9-608321763, networkLocation: /rack1, certSerialId: null}, Type:RATIS, Factor:THREE, State:OPEN] moved to OPEN state
2019-11-14 15:08:12,509 [dadbf9b0-b155-425e-bdd4-f6aced2428ca@group-CE93C81AF12A-LeaderElection94] INFO  grpc.GrpcConfigKeys$Server (ConfUtils.java:logGet(43)) - raft.grpc.server.leader.outstanding.appends.max = 128 (default)
2019-11-14 15:08:12,510 [dadbf9b0-b155-425e-bdd4-f6aced2428ca@group-CE93C81AF12A-LeaderElection94] INFO  server.RaftServerConfigKeys (ConfUtils.java:logGet(43)) - raft.server.rpc.request.timeout = 3000ms (default)
2019-11-14 15:08:12,510 [dadbf9b0-b155-425e-bdd4-f6aced2428ca@group-CE93C81AF12A-LeaderElection94] INFO  server.RaftServerConfigKeys (ConfUtils.java:logGet(43)) - raft.server.log.appender.install.snapshot.enabled = false (custom)
2019-11-14 15:08:12,510 [dadbf9b0-b155-425e-bdd4-f6aced2428ca@group-CE93C81AF12A-LeaderElection94] WARN  impl.MetricRegistriesImpl (MetricRegistriesImpl.java:lambda$create$1(61)) - First MetricRegistry has been created without registering reporters. You may need to call MetricRegistries.global().addReportRegistration(...) before.
2019-11-14 15:08:12,510 [dadbf9b0-b155-425e-bdd4-f6aced2428ca@group-CE93C81AF12A-LeaderElection94] INFO  server.RaftServerConfigKeys (ConfUtils.java:logGet(43)) - raft.server.log.appender.snapshot.chunk.size.max = 16MB (=16777216) (default)
2019-11-14 15:08:12,510 [dadbf9b0-b155-425e-bdd4-f6aced2428ca@group-CE93C81AF12A-LeaderElection94] INFO  server.RaftServerConfigKeys (ConfUtils.java:logGet(43)) - raft.server.log.appender.buffer.byte-limit = 33554432 (custom)
2019-11-14 15:08:12,510 [dadbf9b0-b155-425e-bdd4-f6aced2428ca@group-CE93C81AF12A-LeaderElection94] INFO  server.RaftServerConfigKeys (ConfUtils.java:logGet(43)) - raft.server.log.appender.buffer.element-limit = 1 (custom)
2019-11-14 15:08:12,510 [dadbf9b0-b155-425e-bdd4-f6aced2428ca@group-CE93C81AF12A-LeaderElection94] INFO  grpc.GrpcConfigKeys$Server (ConfUtils.java:logGet(43)) - raft.grpc.server.leader.outstanding.appends.max = 128 (default)
2019-11-14 15:08:12,510 [dadbf9b0-b155-425e-bdd4-f6aced2428ca@group-CE93C81AF12A-LeaderElection94] INFO  server.RaftServerConfigKeys (ConfUtils.java:logGet(43)) - raft.server.rpc.request.timeout = 3000ms (default)
2019-11-14 15:08:12,510 [dadbf9b0-b155-425e-bdd4-f6aced2428ca@group-CE93C81AF12A-LeaderElection94] INFO  server.RaftServerConfigKeys (ConfUtils.java:logGet(43)) - raft.server.log.appender.install.snapshot.enabled = false (custom)
2019-11-14 15:08:12,510 [dadbf9b0-b155-425e-bdd4-f6aced2428ca@group-CE93C81AF12A-LeaderElection94] INFO  impl.RoleInfo (RoleInfo.java:updateAndGet(143)) - dadbf9b0-b155-425e-bdd4-f6aced2428ca: start LeaderState
2019-11-14 15:08:12,511 [dadbf9b0-b155-425e-bdd4-f6aced2428ca@group-CE93C81AF12A-LeaderElection94] INFO  segmented.SegmentedRaftLogWorker (SegmentedRaftLogWorker.java:startLogSegment(385)) - dadbf9b0-b155-425e-bdd4-f6aced2428ca@group-CE93C81AF12A-SegmentedRaftLogWorker: Starting segment from index:0
2019-11-14 15:08:12,511 [dadbf9b0-b155-425e-bdd4-f6aced2428ca@group-CE93C81AF12A-LeaderElection94] INFO  impl.RaftServerImpl (ServerState.java:setRaftConf(356)) - dadbf9b0-b155-425e-bdd4-f6aced2428ca@group-CE93C81AF12A: set configuration 0: [a96edad4-0b0c-48cb-948a-93b2fbf7c409:192.168.34.62:43006, 2f24271a-73a2-4678-8a2d-efde1b9a7c05:192.168.34.62:38626, dadbf9b0-b155-425e-bdd4-f6aced2428ca:192.168.34.62:40592], old=null at 0
2019-11-14 15:08:12,512 [grpc-default-executor-4] INFO  ratis.XceiverServerRatis (XceiverServerRatis.java:handleLeaderChangedNotification(697)) - Leader change notification received for group: group-CE93C81AF12A with new leaderId: dadbf9b0-b155-425e-bdd4-f6aced2428ca
2019-11-14 15:08:12,544 [grpc-default-executor-4] INFO  impl.RaftServerImpl (ServerState.java:setLeader(255)) - 2f24271a-73a2-4678-8a2d-efde1b9a7c05@group-CE93C81AF12A: change Leader from null to dadbf9b0-b155-425e-bdd4-f6aced2428ca at term 2 for appendEntries, leader elected after 2232ms
2019-11-14 15:08:12,544 [grpc-default-executor-0] INFO  ratis.XceiverServerRatis (XceiverServerRatis.java:handleLeaderChangedNotification(697)) - Leader change notification received for group: group-CE93C81AF12A with new leaderId: dadbf9b0-b155-425e-bdd4-f6aced2428ca
2019-11-14 15:08:12,544 [grpc-default-executor-0] INFO  impl.RaftServerImpl (ServerState.java:setLeader(255)) - a96edad4-0b0c-48cb-948a-93b2fbf7c409@group-CE93C81AF12A: change Leader from null to dadbf9b0-b155-425e-bdd4-f6aced2428ca at term 2 for appendEntries, leader elected after 2263ms
2019-11-14 15:08:12,547 [grpc-default-executor-0] INFO  impl.RaftServerImpl (ServerState.java:setRaftConf(356)) - 2f24271a-73a2-4678-8a2d-efde1b9a7c05@group-CE93C81AF12A: set configuration 0: [a96edad4-0b0c-48cb-948a-93b2fbf7c409:192.168.34.62:43006, 2f24271a-73a2-4678-8a2d-efde1b9a7c05:192.168.34.62:38626, dadbf9b0-b155-425e-bdd4-f6aced2428ca:192.168.34.62:40592], old=null at 0
2019-11-14 15:08:12,547 [grpc-default-executor-4] INFO  impl.RaftServerImpl (ServerState.java:setRaftConf(356)) - a96edad4-0b0c-48cb-948a-93b2fbf7c409@group-CE93C81AF12A: set configuration 0: [a96edad4-0b0c-48cb-948a-93b2fbf7c409:192.168.34.62:43006, 2f24271a-73a2-4678-8a2d-efde1b9a7c05:192.168.34.62:38626, dadbf9b0-b155-425e-bdd4-f6aced2428ca:192.168.34.62:40592], old=null at 0
2019-11-14 15:08:12,547 [grpc-default-executor-0] INFO  segmented.SegmentedRaftLogWorker (SegmentedRaftLogWorker.java:startLogSegment(385)) - 2f24271a-73a2-4678-8a2d-efde1b9a7c05@group-CE93C81AF12A-SegmentedRaftLogWorker: Starting segment from index:0
2019-11-14 15:08:12,547 [grpc-default-executor-4] INFO  segmented.SegmentedRaftLogWorker (SegmentedRaftLogWorker.java:startLogSegment(385)) - a96edad4-0b0c-48cb-948a-93b2fbf7c409@group-CE93C81AF12A-SegmentedRaftLogWorker: Starting segment from index:0
2019-11-14 15:08:12,555 [dadbf9b0-b155-425e-bdd4-f6aced2428ca@group-CE93C81AF12A-SegmentedRaftLogWorker] INFO  segmented.SegmentedRaftLogWorker (SegmentedRaftLogWorker.java:execute(576)) - dadbf9b0-b155-425e-bdd4-f6aced2428ca@group-CE93C81AF12A-SegmentedRaftLogWorker: created new log segment /workdir/hadoop-ozone/integration-test/target/test-dir/MiniOzoneClusterImpl-6b3e2517-75a7-4dd9-8054-0b12e404e591/datanode-9/data/ratis/450f841a-3050-47d5-9842-ce93c81af12a/current/log_inprogress_0
2019-11-14 15:08:12,592 [a96edad4-0b0c-48cb-948a-93b2fbf7c409@group-CE93C81AF12A-SegmentedRaftLogWorker] INFO  segmented.SegmentedRaftLogWorker (SegmentedRaftLogWorker.java:execute(576)) - a96edad4-0b0c-48cb-948a-93b2fbf7c409@group-CE93C81AF12A-SegmentedRaftLogWorker: created new log segment /workdir/hadoop-ozone/integration-test/target/test-dir/MiniOzoneClusterImpl-6b3e2517-75a7-4dd9-8054-0b12e404e591/datanode-7/data/ratis/450f841a-3050-47d5-9842-ce93c81af12a/current/log_inprogress_0
2019-11-14 15:08:12,592 [2f24271a-73a2-4678-8a2d-efde1b9a7c05@group-CE93C81AF12A-SegmentedRaftLogWorker] INFO  segmented.SegmentedRaftLogWorker (SegmentedRaftLogWorker.java:execute(576)) - 2f24271a-73a2-4678-8a2d-efde1b9a7c05@group-CE93C81AF12A-SegmentedRaftLogWorker: created new log segment /workdir/hadoop-ozone/integration-test/target/test-dir/MiniOzoneClusterImpl-6b3e2517-75a7-4dd9-8054-0b12e404e591/datanode-8/data/ratis/450f841a-3050-47d5-9842-ce93c81af12a/current/log_inprogress_0
2019-11-14 15:08:24,998 [main] INFO  ozone.MiniOzoneClusterImpl (MiniOzoneClusterImpl.java:shutdown(352)) - Shutting down the Mini Ozone Cluster
2019-11-14 15:08:24,999 [main] INFO  ozone.MiniOzoneClusterImpl (MiniOzoneClusterImpl.java:stop(368)) - Stopping the Mini Ozone Cluster
2019-11-14 15:08:24,999 [main] INFO  ozone.MiniOzoneClusterImpl (MiniOzoneClusterImpl.java:stopOM(438)) - Stopping the OzoneManager
2019-11-14 15:08:24,999 [main] INFO  ipc.Server (Server.java:stop(3082)) - Stopping server on 45554
2019-11-14 15:08:25,002 [IPC Server listener on 45554] INFO  ipc.Server (Server.java:run(1185)) - Stopping IPC Server listener on 45554
2019-11-14 15:08:25,002 [IPC Server Responder] INFO  ipc.Server (Server.java:run(1319)) - Stopping IPC Server Responder
2019-11-14 15:08:25,002 [main] INFO  ratis.OzoneManagerDoubleBuffer (OzoneManagerDoubleBuffer.java:stop(261)) - Stopping OMDoubleBuffer flush thread
2019-11-14 15:08:25,003 [OMDoubleBufferFlushThread] INFO  ratis.OzoneManagerDoubleBuffer (OzoneManagerDoubleBuffer.java:flushTransactions(199)) - OMDoubleBuffer flush thread OMDoubleBufferFlushThread is interrupted and will exit. OMDoubleBufferFlushThread
2019-11-14 15:08:25,004 [main] INFO  utils.BackgroundService (BackgroundService.java:shutdown(151)) - Shutting down service KeyDeletingService
2019-11-14 15:08:25,005 [main] INFO  handler.ContextHandler (ContextHandler.java:doStop(910)) - Stopped o.e.j.w.WebAppContext@12a2585b{/,null,UNAVAILABLE}{/ozoneManager}
2019-11-14 15:08:25,006 [main] INFO  server.AbstractConnector (AbstractConnector.java:doStop(318)) - Stopped ServerConnector@21b6c9c2{HTTP/1.1,[http/1.1]}{0.0.0.0:0}
2019-11-14 15:08:25,006 [main] INFO  handler.ContextHandler (ContextHandler.java:doStop(910)) - Stopped o.e.j.s.ServletContextHandler@ffd4cba{/static,file:///workdir/hadoop-ozone/integration-test/target/test-classes/webapps/static,UNAVAILABLE}
2019-11-14 15:08:25,007 [main] INFO  handler.ContextHandler (ContextHandler.java:doStop(910)) - Stopped o.e.j.s.ServletContextHandler@79d82f66{/logs,file:///workdir/hadoop-ozone/integration-test/target/log,UNAVAILABLE}
2019-11-14 15:08:25,010 [main] INFO  ozone.MiniOzoneClusterImpl (MiniOzoneClusterImpl.java:stopDatanodes(415)) - Stopping the HddsDatanodes
2019-11-14 15:08:25,128 [Datanode State Machine Thread - 0] INFO  statemachine.DatanodeStateMachine (DatanodeStateMachine.java:lambda$startDaemon$0(350)) - Ozone container server started.
2019-11-14 15:08:25,966 [Datanode State Machine Thread - 0] INFO  statemachine.DatanodeStateMachine (DatanodeStateMachine.java:lambda$startDaemon$0(350)) - Ozone container server started.
2019-11-14 15:08:30,012 [ForkJoinPool.commonPool-worker-0] INFO  ozoneimpl.OzoneContainer (OzoneContainer.java:stop(244)) - Attempting to stop container services.
2019-11-14 15:08:30,012 [main] INFO  ozoneimpl.OzoneContainer (OzoneContainer.java:stop(244)) - Attempting to stop container services.
2019-11-14 15:08:30,014 [ForkJoinPool.commonPool-worker-0] INFO  impl.RaftServerProxy (RaftServerProxy.java:lambda$close$4(314)) - 86084ec4-dae7-4808-81c8-289a21d6f4dc: close
2019-11-14 15:08:30,014 [main] INFO  impl.RaftServerProxy (RaftServerProxy.java:lambda$close$4(314)) - 19d9f0ed-7324-40ce-9ded-4f2ae42bdb1f: close
2019-11-14 15:08:30,015 [ForkJoinPool.commonPool-worker-0] INFO  impl.RaftServerImpl (RaftServerImpl.java:lambda$shutdown$3(250)) - 86084ec4-dae7-4808-81c8-289a21d6f4dc@group-B20D901B3385: shutdown
2019-11-14 15:08:30,015 [main] INFO  impl.RaftServerImpl (RaftServerImpl.java:lambda$shutdown$3(250)) - 19d9f0ed-7324-40ce-9ded-4f2ae42bdb1f@group-513E606754AA: shutdown
2019-11-14 15:08:30,015 [ForkJoinPool.commonPool-worker-0] INFO  util.JmxRegister (JmxRegister.java:unregister(73)) - Successfully un-registered JMX Bean with object name Ratis:service=RaftServer,group=group-B20D901B3385,id=86084ec4-dae7-4808-81c8-289a21d6f4dc
2019-11-14 15:08:30,016 [main] INFO  util.JmxRegister (JmxRegister.java:unregister(73)) - Successfully un-registered JMX Bean with object name Ratis:service=RaftServer,group=group-513E606754AA,id=19d9f0ed-7324-40ce-9ded-4f2ae42bdb1f
2019-11-14 15:08:30,016 [ForkJoinPool.commonPool-worker-0] INFO  impl.RoleInfo (RoleInfo.java:shutdownLeaderState(104)) - 86084ec4-dae7-4808-81c8-289a21d6f4dc: shutdown LeaderState
2019-11-14 15:08:30,016 [main] INFO  impl.RoleInfo (RoleInfo.java:shutdownLeaderState(104)) - 19d9f0ed-7324-40ce-9ded-4f2ae42bdb1f: shutdown LeaderState
2019-11-14 15:08:30,017 [ForkJoinPool.commonPool-worker-0] INFO  impl.PendingRequests (PendingRequests.java:sendNotLeaderResponses(206)) - 86084ec4-dae7-4808-81c8-289a21d6f4dc@group-B20D901B3385-PendingRequests: sendNotLeaderResponses
2019-11-14 15:08:30,017 [main] INFO  impl.PendingRequests (PendingRequests.java:sendNotLeaderResponses(206)) - 19d9f0ed-7324-40ce-9ded-4f2ae42bdb1f@group-513E606754AA-PendingRequests: sendNotLeaderResponses
2019-11-14 15:08:30,018 [ForkJoinPool.commonPool-worker-0] INFO  impl.StateMachineUpdater (StateMachineUpdater.java:stopAndJoin(136)) - 86084ec4-dae7-4808-81c8-289a21d6f4dc@group-B20D901B3385-StateMachineUpdater: set stopIndex = 0
2019-11-14 15:08:30,018 [main] INFO  impl.StateMachineUpdater (StateMachineUpdater.java:stopAndJoin(136)) - 19d9f0ed-7324-40ce-9ded-4f2ae42bdb1f@group-513E606754AA-StateMachineUpdater: set stopIndex = 0
2019-11-14 15:08:30,019 [ForkJoinPool.commonPool-worker-0] INFO  impl.RaftServerImpl (ServerState.java:close(387)) - 86084ec4-dae7-4808-81c8-289a21d6f4dc@group-B20D901B3385: closes. applyIndex: 0
2019-11-14 15:08:30,019 [main] INFO  impl.RaftServerImpl (ServerState.java:close(387)) - 19d9f0ed-7324-40ce-9ded-4f2ae42bdb1f@group-513E606754AA: closes. applyIndex: 0
2019-11-14 15:08:30,020 [86084ec4-dae7-4808-81c8-289a21d6f4dc@group-B20D901B3385-SegmentedRaftLogWorker] INFO  segmented.SegmentedRaftLogWorker (SegmentedRaftLogWorker.java:run(316)) - 86084ec4-dae7-4808-81c8-289a21d6f4dc@group-B20D901B3385-SegmentedRaftLogWorker was interrupted, exiting. There are 0 tasks remaining in the queue.
2019-11-14 15:08:30,020 [19d9f0ed-7324-40ce-9ded-4f2ae42bdb1f@group-513E606754AA-SegmentedRaftLogWorker] INFO  segmented.SegmentedRaftLogWorker (SegmentedRaftLogWorker.java:run(316)) - 19d9f0ed-7324-40ce-9ded-4f2ae42bdb1f@group-513E606754AA-SegmentedRaftLogWorker was interrupted, exiting. There are 0 tasks remaining in the queue.
2019-11-14 15:08:30,020 [ForkJoinPool.commonPool-worker-0] INFO  segmented.SegmentedRaftLogWorker (SegmentedRaftLogWorker.java:close(224)) - 86084ec4-dae7-4808-81c8-289a21d6f4dc@group-B20D901B3385-SegmentedRaftLogWorker close()
2019-11-14 15:08:30,023 [main] INFO  segmented.SegmentedRaftLogWorker (SegmentedRaftLogWorker.java:close(224)) - 19d9f0ed-7324-40ce-9ded-4f2ae42bdb1f@group-513E606754AA-SegmentedRaftLogWorker close()
2019-11-14 15:08:30,025 [ForkJoinPool.commonPool-worker-0] INFO  impl.RaftServerImpl (RaftServerImpl.java:lambda$shutdown$3(250)) - 86084ec4-dae7-4808-81c8-289a21d6f4dc@group-877CB685509D: shutdown
2019-11-14 15:08:30,029 [main] INFO  server.GrpcService (GrpcService.java:closeImpl(164)) - 19d9f0ed-7324-40ce-9ded-4f2ae42bdb1f: shutdown server with port 46177 now
2019-11-14 15:08:30,029 [ForkJoinPool.commonPool-worker-0] INFO  util.JmxRegister (JmxRegister.java:unregister(73)) - Successfully un-registered JMX Bean with object name Ratis:service=RaftServer,group=group-877CB685509D,id=86084ec4-dae7-4808-81c8-289a21d6f4dc
2019-11-14 15:08:30,029 [ForkJoinPool.commonPool-worker-0] INFO  impl.RoleInfo (RoleInfo.java:shutdownFollowerState(121)) - 86084ec4-dae7-4808-81c8-289a21d6f4dc: shutdown FollowerState
2019-11-14 15:08:30,031 [ForkJoinPool.commonPool-worker-0] INFO  impl.StateMachineUpdater (StateMachineUpdater.java:stopAndJoin(136)) - 86084ec4-dae7-4808-81c8-289a21d6f4dc@group-877CB685509D-StateMachineUpdater: set stopIndex = 0
2019-11-14 15:08:30,032 [Thread-1529] INFO  impl.FollowerState (FollowerState.java:run(120)) - 86084ec4-dae7-4808-81c8-289a21d6f4dc@group-877CB685509D-FollowerState was interrupted: java.lang.InterruptedException: sleep interrupted
2019-11-14 15:08:30,032 [ForkJoinPool.commonPool-worker-0] INFO  impl.RaftServerImpl (ServerState.java:close(387)) - 86084ec4-dae7-4808-81c8-289a21d6f4dc@group-877CB685509D: closes. applyIndex: 0
2019-11-14 15:08:30,031 [main] INFO  server.GrpcService (GrpcService.java:closeImpl(172)) - 19d9f0ed-7324-40ce-9ded-4f2ae42bdb1f: shutdown server with port 46177 successfully
2019-11-14 15:08:30,032 [86084ec4-dae7-4808-81c8-289a21d6f4dc@group-877CB685509D-SegmentedRaftLogWorker] INFO  segmented.SegmentedRaftLogWorker (SegmentedRaftLogWorker.java:run(316)) - 86084ec4-dae7-4808-81c8-289a21d6f4dc@group-877CB685509D-SegmentedRaftLogWorker was interrupted, exiting. There are 0 tasks remaining in the queue.
2019-11-14 15:08:30,035 [ForkJoinPool.commonPool-worker-0] INFO  segmented.SegmentedRaftLogWorker (SegmentedRaftLogWorker.java:close(224)) - 86084ec4-dae7-4808-81c8-289a21d6f4dc@group-877CB685509D-SegmentedRaftLogWorker close()
2019-11-14 15:08:30,040 [ForkJoinPool.commonPool-worker-0] INFO  server.GrpcService (GrpcService.java:closeImpl(164)) - 86084ec4-dae7-4808-81c8-289a21d6f4dc: shutdown server with port 33180 now
2019-11-14 15:08:30,041 [refreshUsed-/workdir/hadoop-ozone/integration-test/target/test-dir/MiniOzoneClusterImpl-6b3e2517-75a7-4dd9-8054-0b12e404e591/datanode-5/data/containers] WARN  fs.CachingGetSpaceUsed (CachingGetSpaceUsed.java:run(183)) - Thread Interrupted waiting to refresh disk information: sleep interrupted
2019-11-14 15:08:30,047 [grpc-default-executor-0] WARN  server.GrpcServerProtocolService (LogUtils.java:warn(134)) - 86084ec4-dae7-4808-81c8-289a21d6f4dc: installSnapshot onError, lastRequest: dd0e1198-6ba1-4c32-9ce2-054c25212f92->86084ec4-dae7-4808-81c8-289a21d6f4dc#37-t1, previous=(t:1, i:0), leaderCommit=0, initializing? false, entries: <empty>: org.apache.ratis.thirdparty.io.grpc.StatusRuntimeException: CANCELLED: cancelled before receiving half close
2019-11-14 15:08:30,047 [grpc-default-executor-3] WARN  server.GrpcLogAppender (LogUtils.java:warn(134)) - dd0e1198-6ba1-4c32-9ce2-054c25212f92@group-877CB685509D->86084ec4-dae7-4808-81c8-289a21d6f4dc-AppendLogResponseHandler: Failed appendEntries: org.apache.ratis.thirdparty.io.grpc.StatusRuntimeException: CANCELLED: HTTP/2 error code: CANCEL
Received Rst Stream
2019-11-14 15:08:30,047 [ForkJoinPool.commonPool-worker-0] INFO  server.GrpcService (GrpcService.java:closeImpl(172)) - 86084ec4-dae7-4808-81c8-289a21d6f4dc: shutdown server with port 33180 successfully
2019-11-14 15:08:30,051 [grpc-default-executor-3] INFO  impl.FollowerInfo (FollowerInfo.java:lambda$new$0(51)) - dd0e1198-6ba1-4c32-9ce2-054c25212f92@group-877CB685509D->86084ec4-dae7-4808-81c8-289a21d6f4dc: nextIndex: updateUnconditionally 1 -> 0
2019-11-14 15:08:30,052 [refreshUsed-/workdir/hadoop-ozone/integration-test/target/test-dir/MiniOzoneClusterImpl-6b3e2517-75a7-4dd9-8054-0b12e404e591/datanode-2/data/containers] WARN  fs.CachingGetSpaceUsed (CachingGetSpaceUsed.java:run(183)) - Thread Interrupted waiting to refresh disk information: sleep interrupted
2019-11-14 15:08:30,067 [main] INFO  utils.BackgroundService (BackgroundService.java:shutdown(151)) - Shutting down service BlockDeletingService
2019-11-14 15:08:30,072 [main] INFO  statemachine.DatanodeStateMachine (DatanodeStateMachine.java:stopDaemon(395)) - Ozone container server stopped.
2019-11-14 15:08:30,074 [main] INFO  handler.ContextHandler (ContextHandler.java:doStop(910)) - Stopped o.e.j.w.WebAppContext@2e7bf7b7{/,null,UNAVAILABLE}{/hddsDatanode}
2019-11-14 15:08:30,074 [main] INFO  server.AbstractConnector (AbstractConnector.java:doStop(318)) - Stopped ServerConnector@2fb25f4c{HTTP/1.1,[http/1.1]}{0.0.0.0:0}
2019-11-14 15:08:30,075 [main] INFO  handler.ContextHandler (ContextHandler.java:doStop(910)) - Stopped o.e.j.s.ServletContextHandler@22d322f5{/static,jar:file:/home/user/.m2/repository/org/apache/hadoop/hadoop-hdds-container-service/0.5.0-SNAPSHOT/hadoop-hdds-container-service-0.5.0-SNAPSHOT.jar!/webapps/static,UNAVAILABLE}
2019-11-14 15:08:30,075 [main] INFO  handler.ContextHandler (ContextHandler.java:doStop(910)) - Stopped o.e.j.s.ServletContextHandler@640cc04b{/logs,file:///workdir/hadoop-ozone/integration-test/target/log,UNAVAILABLE}
2019-11-14 15:08:30,075 [ForkJoinPool.commonPool-worker-0] INFO  utils.BackgroundService (BackgroundService.java:shutdown(151)) - Shutting down service BlockDeletingService
2019-11-14 15:08:30,079 [ForkJoinPool.commonPool-worker-0] INFO  statemachine.DatanodeStateMachine (DatanodeStateMachine.java:stopDaemon(395)) - Ozone container server stopped.
2019-11-14 15:08:30,085 [ForkJoinPool.commonPool-worker-0] INFO  handler.ContextHandler (ContextHandler.java:doStop(910)) - Stopped o.e.j.w.WebAppContext@36e43829{/,null,UNAVAILABLE}{/hddsDatanode}
2019-11-14 15:08:30,086 [ForkJoinPool.commonPool-worker-0] INFO  server.AbstractConnector (AbstractConnector.java:doStop(318)) - Stopped ServerConnector@152c4495{HTTP/1.1,[http/1.1]}{0.0.0.0:0}
2019-11-14 15:08:30,088 [ForkJoinPool.commonPool-worker-0] INFO  handler.ContextHandler (ContextHandler.java:doStop(910)) - Stopped o.e.j.s.ServletContextHandler@4cad79bc{/static,jar:file:/home/user/.m2/repository/org/apache/hadoop/hadoop-hdds-container-service/0.5.0-SNAPSHOT/hadoop-hdds-container-service-0.5.0-SNAPSHOT.jar!/webapps/static,UNAVAILABLE}
2019-11-14 15:08:30,090 [ForkJoinPool.commonPool-worker-0] INFO  handler.ContextHandler (ContextHandler.java:doStop(910)) - Stopped o.e.j.s.ServletContextHandler@13c8ac77{/logs,file:///workdir/hadoop-ozone/integration-test/target/log,UNAVAILABLE}
2019-11-14 15:08:30,143 [Datanode State Machine Thread - 0] INFO  statemachine.DatanodeStateMachine (DatanodeStateMachine.java:lambda$startDaemon$0(350)) - Ozone container server started.
2019-11-14 15:08:30,350 [Datanode State Machine Thread - 0] INFO  statemachine.DatanodeStateMachine (DatanodeStateMachine.java:lambda$startDaemon$0(350)) - Ozone container server started.
2019-11-14 15:08:30,430 [grpc-default-executor-3] WARN  server.GrpcLogAppender (LogUtils.java:warn(134)) - dd0e1198-6ba1-4c32-9ce2-054c25212f92@group-877CB685509D->86084ec4-dae7-4808-81c8-289a21d6f4dc-AppendLogResponseHandler: Failed appendEntries: org.apache.ratis.thirdparty.io.grpc.StatusRuntimeException: UNAVAILABLE: io exception
2019-11-14 15:08:30,431 [grpc-default-executor-3] INFO  impl.FollowerInfo (FollowerInfo.java:lambda$new$0(51)) - dd0e1198-6ba1-4c32-9ce2-054c25212f92@group-877CB685509D->86084ec4-dae7-4808-81c8-289a21d6f4dc: nextIndex: updateUnconditionally 0 -> 0
2019-11-14 15:08:30,930 [grpc-default-executor-4] WARN  server.GrpcLogAppender (LogUtils.java:warn(134)) - dd0e1198-6ba1-4c32-9ce2-054c25212f92@group-877CB685509D->86084ec4-dae7-4808-81c8-289a21d6f4dc-AppendLogResponseHandler: Failed appendEntries: org.apache.ratis.thirdparty.io.grpc.StatusRuntimeException: UNAVAILABLE: io exception
2019-11-14 15:08:30,930 [grpc-default-executor-4] INFO  impl.FollowerInfo (FollowerInfo.java:lambda$new$0(51)) - dd0e1198-6ba1-4c32-9ce2-054c25212f92@group-877CB685509D->86084ec4-dae7-4808-81c8-289a21d6f4dc: nextIndex: updateUnconditionally 0 -> 0
2019-11-14 15:08:31,431 [grpc-default-executor-0] WARN  server.GrpcLogAppender (LogUtils.java:warn(134)) - dd0e1198-6ba1-4c32-9ce2-054c25212f92@group-877CB685509D->86084ec4-dae7-4808-81c8-289a21d6f4dc-AppendLogResponseHandler: Failed appendEntries: org.apache.ratis.thirdparty.io.grpc.StatusRuntimeException: UNAVAILABLE: io exception
2019-11-14 15:08:31,431 [grpc-default-executor-0] INFO  impl.FollowerInfo (FollowerInfo.java:lambda$new$0(51)) - dd0e1198-6ba1-4c32-9ce2-054c25212f92@group-877CB685509D->86084ec4-dae7-4808-81c8-289a21d6f4dc: nextIndex: updateUnconditionally 0 -> 0
2019-11-14 15:08:31,931 [grpc-default-executor-3] WARN  server.GrpcLogAppender (LogUtils.java:warn(134)) - dd0e1198-6ba1-4c32-9ce2-054c25212f92@group-877CB685509D->86084ec4-dae7-4808-81c8-289a21d6f4dc-AppendLogResponseHandler: Failed appendEntries: org.apache.ratis.thirdparty.io.grpc.StatusRuntimeException: UNAVAILABLE: io exception
2019-11-14 15:08:31,932 [grpc-default-executor-3] INFO  impl.FollowerInfo (FollowerInfo.java:lambda$new$0(51)) - dd0e1198-6ba1-4c32-9ce2-054c25212f92@group-877CB685509D->86084ec4-dae7-4808-81c8-289a21d6f4dc: nextIndex: updateUnconditionally 0 -> 0
2019-11-14 15:08:32,435 [grpc-default-executor-0] WARN  server.GrpcLogAppender (LogUtils.java:warn(134)) - dd0e1198-6ba1-4c32-9ce2-054c25212f92@group-877CB685509D->86084ec4-dae7-4808-81c8-289a21d6f4dc-AppendLogResponseHandler: Failed appendEntries: org.apache.ratis.thirdparty.io.grpc.StatusRuntimeException: UNAVAILABLE: io exception
2019-11-14 15:08:32,436 [grpc-default-executor-0] INFO  impl.FollowerInfo (FollowerInfo.java:lambda$new$0(51)) - dd0e1198-6ba1-4c32-9ce2-054c25212f92@group-877CB685509D->86084ec4-dae7-4808-81c8-289a21d6f4dc: nextIndex: updateUnconditionally 0 -> 0
2019-11-14 15:08:32,950 [grpc-default-executor-0] WARN  server.GrpcLogAppender (LogUtils.java:warn(134)) - dd0e1198-6ba1-4c32-9ce2-054c25212f92@group-877CB685509D->86084ec4-dae7-4808-81c8-289a21d6f4dc-AppendLogResponseHandler: Failed appendEntries: org.apache.ratis.thirdparty.io.grpc.StatusRuntimeException: UNAVAILABLE: io exception
2019-11-14 15:08:32,951 [grpc-default-executor-0] INFO  impl.FollowerInfo (FollowerInfo.java:lambda$new$0(51)) - dd0e1198-6ba1-4c32-9ce2-054c25212f92@group-877CB685509D->86084ec4-dae7-4808-81c8-289a21d6f4dc: nextIndex: updateUnconditionally 0 -> 0
2019-11-14 15:08:33,438 [grpc-default-executor-3] WARN  server.GrpcLogAppender (LogUtils.java:warn(134)) - dd0e1198-6ba1-4c32-9ce2-054c25212f92@group-877CB685509D->86084ec4-dae7-4808-81c8-289a21d6f4dc-AppendLogResponseHandler: Failed appendEntries: org.apache.ratis.thirdparty.io.grpc.StatusRuntimeException: UNAVAILABLE: io exception
2019-11-14 15:08:33,439 [grpc-default-executor-3] INFO  impl.FollowerInfo (FollowerInfo.java:lambda$new$0(51)) - dd0e1198-6ba1-4c32-9ce2-054c25212f92@group-877CB685509D->86084ec4-dae7-4808-81c8-289a21d6f4dc: nextIndex: updateUnconditionally 0 -> 0
2019-11-14 15:08:33,939 [grpc-default-executor-4] WARN  server.GrpcLogAppender (LogUtils.java:warn(134)) - dd0e1198-6ba1-4c32-9ce2-054c25212f92@group-877CB685509D->86084ec4-dae7-4808-81c8-289a21d6f4dc-AppendLogResponseHandler: Failed appendEntries: org.apache.ratis.thirdparty.io.grpc.StatusRuntimeException: UNAVAILABLE: io exception
2019-11-14 15:08:33,940 [grpc-default-executor-4] INFO  impl.FollowerInfo (FollowerInfo.java:lambda$new$0(51)) - dd0e1198-6ba1-4c32-9ce2-054c25212f92@group-877CB685509D->86084ec4-dae7-4808-81c8-289a21d6f4dc: nextIndex: updateUnconditionally 0 -> 0
2019-11-14 15:08:34,440 [grpc-default-executor-3] WARN  server.GrpcLogAppender (LogUtils.java:warn(134)) - dd0e1198-6ba1-4c32-9ce2-054c25212f92@group-877CB685509D->86084ec4-dae7-4808-81c8-289a21d6f4dc-AppendLogResponseHandler: Failed appendEntries: org.apache.ratis.thirdparty.io.grpc.StatusRuntimeException: UNAVAILABLE: io exception
2019-11-14 15:08:34,441 [grpc-default-executor-3] INFO  impl.FollowerInfo (FollowerInfo.java:lambda$new$0(51)) - dd0e1198-6ba1-4c32-9ce2-054c25212f92@group-877CB685509D->86084ec4-dae7-4808-81c8-289a21d6f4dc: nextIndex: updateUnconditionally 0 -> 0
2019-11-14 15:08:34,941 [grpc-default-executor-0] WARN  server.GrpcLogAppender (LogUtils.java:warn(134)) - dd0e1198-6ba1-4c32-9ce2-054c25212f92@group-877CB685509D->86084ec4-dae7-4808-81c8-289a21d6f4dc-AppendLogResponseHandler: Failed appendEntries: org.apache.ratis.thirdparty.io.grpc.StatusRuntimeException: UNAVAILABLE: io exception
2019-11-14 15:08:34,941 [grpc-default-executor-0] INFO  impl.FollowerInfo (FollowerInfo.java:lambda$new$0(51)) - dd0e1198-6ba1-4c32-9ce2-054c25212f92@group-877CB685509D->86084ec4-dae7-4808-81c8-289a21d6f4dc: nextIndex: updateUnconditionally 0 -> 0
2019-11-14 15:08:35,089 [main] INFO  ozoneimpl.OzoneContainer (OzoneContainer.java:stop(244)) - Attempting to stop container services.
2019-11-14 15:08:35,090 [main] INFO  impl.RaftServerProxy (RaftServerProxy.java:lambda$close$4(314)) - 8344cb33-ae61-4ff3-97f7-00b91742683d: close
2019-11-14 15:08:35,090 [main] INFO  impl.RaftServerImpl (RaftServerImpl.java:lambda$shutdown$3(250)) - 8344cb33-ae61-4ff3-97f7-00b91742683d@group-DC40EABEC771: shutdown
2019-11-14 15:08:35,091 [main] INFO  util.JmxRegister (JmxRegister.java:unregister(73)) - Successfully un-registered JMX Bean with object name Ratis:service=RaftServer,group=group-DC40EABEC771,id=8344cb33-ae61-4ff3-97f7-00b91742683d
2019-11-14 15:08:35,091 [main] INFO  impl.RoleInfo (RoleInfo.java:shutdownLeaderState(104)) - 8344cb33-ae61-4ff3-97f7-00b91742683d: shutdown LeaderState
2019-11-14 15:08:35,091 [main] INFO  impl.PendingRequests (PendingRequests.java:sendNotLeaderResponses(206)) - 8344cb33-ae61-4ff3-97f7-00b91742683d@group-DC40EABEC771-PendingRequests: sendNotLeaderResponses
2019-11-14 15:08:35,092 [ForkJoinPool.commonPool-worker-0] INFO  ozoneimpl.OzoneContainer (OzoneContainer.java:stop(244)) - Attempting to stop container services.
2019-11-14 15:08:35,092 [main] INFO  impl.StateMachineUpdater (StateMachineUpdater.java:stopAndJoin(136)) - 8344cb33-ae61-4ff3-97f7-00b91742683d@group-DC40EABEC771-StateMachineUpdater: set stopIndex = 0
2019-11-14 15:08:35,092 [ForkJoinPool.commonPool-worker-0] INFO  impl.RaftServerProxy (RaftServerProxy.java:lambda$close$4(314)) - 59f802cb-c907-44a0-9069-e10bb38eff5d: close
2019-11-14 15:08:35,093 [ForkJoinPool.commonPool-worker-0] INFO  impl.RaftServerImpl (RaftServerImpl.java:lambda$shutdown$3(250)) - 59f802cb-c907-44a0-9069-e10bb38eff5d@group-A7405D5AD40E: shutdown
2019-11-14 15:08:35,093 [main] INFO  impl.RaftServerImpl (ServerState.java:close(387)) - 8344cb33-ae61-4ff3-97f7-00b91742683d@group-DC40EABEC771: closes. applyIndex: 0
2019-11-14 15:08:35,093 [ForkJoinPool.commonPool-worker-0] INFO  util.JmxRegister (JmxRegister.java:unregister(73)) - Successfully un-registered JMX Bean with object name Ratis:service=RaftServer,group=group-A7405D5AD40E,id=59f802cb-c907-44a0-9069-e10bb38eff5d
2019-11-14 15:08:35,093 [8344cb33-ae61-4ff3-97f7-00b91742683d@group-DC40EABEC771-SegmentedRaftLogWorker] INFO  segmented.SegmentedRaftLogWorker (SegmentedRaftLogWorker.java:run(316)) - 8344cb33-ae61-4ff3-97f7-00b91742683d@group-DC40EABEC771-SegmentedRaftLogWorker was interrupted, exiting. There are 0 tasks remaining in the queue.
2019-11-14 15:08:35,094 [ForkJoinPool.commonPool-worker-0] INFO  impl.RoleInfo (RoleInfo.java:shutdownFollowerState(121)) - 59f802cb-c907-44a0-9069-e10bb38eff5d: shutdown FollowerState
2019-11-14 15:08:35,094 [main] INFO  segmented.SegmentedRaftLogWorker (SegmentedRaftLogWorker.java:close(224)) - 8344cb33-ae61-4ff3-97f7-00b91742683d@group-DC40EABEC771-SegmentedRaftLogWorker close()
2019-11-14 15:08:35,094 [Thread-1528] INFO  impl.FollowerState (FollowerState.java:run(120)) - 59f802cb-c907-44a0-9069-e10bb38eff5d@group-A7405D5AD40E-FollowerState was interrupted: java.lang.InterruptedException: sleep interrupted
2019-11-14 15:08:35,094 [ForkJoinPool.commonPool-worker-0] INFO  impl.StateMachineUpdater (StateMachineUpdater.java:stopAndJoin(136)) - 59f802cb-c907-44a0-9069-e10bb38eff5d@group-A7405D5AD40E-StateMachineUpdater: set stopIndex = 0
2019-11-14 15:08:35,099 [main] INFO  impl.RaftServerImpl (RaftServerImpl.java:lambda$shutdown$3(250)) - 8344cb33-ae61-4ff3-97f7-00b91742683d@group-A7405D5AD40E: shutdown
2019-11-14 15:08:35,099 [ForkJoinPool.commonPool-worker-0] INFO  impl.RaftServerImpl (ServerState.java:close(387)) - 59f802cb-c907-44a0-9069-e10bb38eff5d@group-A7405D5AD40E: closes. applyIndex: 0
2019-11-14 15:08:35,099 [main] INFO  util.JmxRegister (JmxRegister.java:unregister(73)) - Successfully un-registered JMX Bean with object name Ratis:service=RaftServer,group=group-A7405D5AD40E,id=8344cb33-ae61-4ff3-97f7-00b91742683d
2019-11-14 15:08:35,100 [59f802cb-c907-44a0-9069-e10bb38eff5d@group-A7405D5AD40E-SegmentedRaftLogWorker] INFO  segmented.SegmentedRaftLogWorker (SegmentedRaftLogWorker.java:run(316)) - 59f802cb-c907-44a0-9069-e10bb38eff5d@group-A7405D5AD40E-SegmentedRaftLogWorker was interrupted, exiting. There are 0 tasks remaining in the queue.
2019-11-14 15:08:35,100 [main] INFO  impl.RoleInfo (RoleInfo.java:shutdownFollowerState(121)) - 8344cb33-ae61-4ff3-97f7-00b91742683d: shutdown FollowerState
2019-11-14 15:08:35,111 [main] INFO  impl.StateMachineUpdater (StateMachineUpdater.java:stopAndJoin(136)) - 8344cb33-ae61-4ff3-97f7-00b91742683d@group-A7405D5AD40E-StateMachineUpdater: set stopIndex = 0
2019-11-14 15:08:35,108 [ForkJoinPool.commonPool-worker-0] INFO  segmented.SegmentedRaftLogWorker (SegmentedRaftLogWorker.java:close(224)) - 59f802cb-c907-44a0-9069-e10bb38eff5d@group-A7405D5AD40E-SegmentedRaftLogWorker close()
2019-11-14 15:08:35,111 [Thread-1543] INFO  impl.FollowerState (FollowerState.java:run(120)) - 8344cb33-ae61-4ff3-97f7-00b91742683d@group-A7405D5AD40E-FollowerState was interrupted: java.lang.InterruptedException: sleep interrupted
2019-11-14 15:08:35,117 [ForkJoinPool.commonPool-worker-0] INFO  impl.RaftServerImpl (RaftServerImpl.java:lambda$shutdown$3(250)) - 59f802cb-c907-44a0-9069-e10bb38eff5d@group-185A7D32E5E0: shutdown
2019-11-14 15:08:35,111 [main] INFO  impl.RaftServerImpl (ServerState.java:close(387)) - 8344cb33-ae61-4ff3-97f7-00b91742683d@group-A7405D5AD40E: closes. applyIndex: 0
2019-11-14 15:08:35,117 [ForkJoinPool.commonPool-worker-0] INFO  util.JmxRegister (JmxRegister.java:unregister(73)) - Successfully un-registered JMX Bean with object name Ratis:service=RaftServer,group=group-185A7D32E5E0,id=59f802cb-c907-44a0-9069-e10bb38eff5d
2019-11-14 15:08:35,118 [ForkJoinPool.commonPool-worker-0] INFO  impl.RoleInfo (RoleInfo.java:shutdownLeaderState(104)) - 59f802cb-c907-44a0-9069-e10bb38eff5d: shutdown LeaderState
2019-11-14 15:08:35,118 [8344cb33-ae61-4ff3-97f7-00b91742683d@group-A7405D5AD40E-SegmentedRaftLogWorker] INFO  segmented.SegmentedRaftLogWorker (SegmentedRaftLogWorker.java:run(316)) - 8344cb33-ae61-4ff3-97f7-00b91742683d@group-A7405D5AD40E-SegmentedRaftLogWorker was interrupted, exiting. There are 0 tasks remaining in the queue.
2019-11-14 15:08:35,118 [ForkJoinPool.commonPool-worker-0] INFO  impl.PendingRequests (PendingRequests.java:sendNotLeaderResponses(206)) - 59f802cb-c907-44a0-9069-e10bb38eff5d@group-185A7D32E5E0-PendingRequests: sendNotLeaderResponses
2019-11-14 15:08:35,120 [main] INFO  segmented.SegmentedRaftLogWorker (SegmentedRaftLogWorker.java:close(224)) - 8344cb33-ae61-4ff3-97f7-00b91742683d@group-A7405D5AD40E-SegmentedRaftLogWorker close()
2019-11-14 15:08:35,120 [ForkJoinPool.commonPool-worker-0] INFO  impl.StateMachineUpdater (StateMachineUpdater.java:stopAndJoin(136)) - 59f802cb-c907-44a0-9069-e10bb38eff5d@group-185A7D32E5E0-StateMachineUpdater: set stopIndex = 0
2019-11-14 15:08:35,123 [ForkJoinPool.commonPool-worker-0] INFO  impl.RaftServerImpl (ServerState.java:close(387)) - 59f802cb-c907-44a0-9069-e10bb38eff5d@group-185A7D32E5E0: closes. applyIndex: 0
2019-11-14 15:08:35,123 [main] INFO  server.GrpcService (GrpcService.java:closeImpl(164)) - 8344cb33-ae61-4ff3-97f7-00b91742683d: shutdown server with port 40021 now
2019-11-14 15:08:35,123 [59f802cb-c907-44a0-9069-e10bb38eff5d@group-185A7D32E5E0-SegmentedRaftLogWorker] INFO  segmented.SegmentedRaftLogWorker (SegmentedRaftLogWorker.java:run(316)) - 59f802cb-c907-44a0-9069-e10bb38eff5d@group-185A7D32E5E0-SegmentedRaftLogWorker was interrupted, exiting. There are 0 tasks remaining in the queue.
2019-11-14 15:08:35,125 [ForkJoinPool.commonPool-worker-0] INFO  segmented.SegmentedRaftLogWorker (SegmentedRaftLogWorker.java:close(224)) - 59f802cb-c907-44a0-9069-e10bb38eff5d@group-185A7D32E5E0-SegmentedRaftLogWorker close()
2019-11-14 15:08:35,129 [ForkJoinPool.commonPool-worker-0] INFO  server.GrpcService (GrpcService.java:closeImpl(164)) - 59f802cb-c907-44a0-9069-e10bb38eff5d: shutdown server with port 41183 now
2019-11-14 15:08:35,129 [grpc-default-executor-0] WARN  server.GrpcServerProtocolService (LogUtils.java:warn(134)) - 8344cb33-ae61-4ff3-97f7-00b91742683d: installSnapshot onError, lastRequest: 25c17e6e-60f2-43b7-8570-af6cc9981309->8344cb33-ae61-4ff3-97f7-00b91742683d#47-t1, previous=(t:1, i:0), leaderCommit=0, initializing? false, entries: <empty>: org.apache.ratis.thirdparty.io.grpc.StatusRuntimeException: CANCELLED: cancelled before receiving half close
2019-11-14 15:08:35,129 [grpc-default-executor-4] WARN  server.GrpcLogAppender (LogUtils.java:warn(134)) - 25c17e6e-60f2-43b7-8570-af6cc9981309@group-A7405D5AD40E->8344cb33-ae61-4ff3-97f7-00b91742683d-AppendLogResponseHandler: Failed appendEntries: org.apache.ratis.thirdparty.io.grpc.StatusRuntimeException: CANCELLED: HTTP/2 error code: CANCEL
Received Rst Stream
2019-11-14 15:08:35,129 [main] INFO  server.GrpcService (GrpcService.java:closeImpl(172)) - 8344cb33-ae61-4ff3-97f7-00b91742683d: shutdown server with port 40021 successfully
2019-11-14 15:08:35,130 [grpc-default-executor-4] INFO  impl.FollowerInfo (FollowerInfo.java:lambda$new$0(51)) - 25c17e6e-60f2-43b7-8570-af6cc9981309@group-A7405D5AD40E->8344cb33-ae61-4ff3-97f7-00b91742683d: nextIndex: updateUnconditionally 1 -> 0
2019-11-14 15:08:35,129 [grpc-default-executor-1] WARN  server.GrpcServerProtocolService (LogUtils.java:warn(134)) - 59f802cb-c907-44a0-9069-e10bb38eff5d: installSnapshot onError, lastRequest: 25c17e6e-60f2-43b7-8570-af6cc9981309->59f802cb-c907-44a0-9069-e10bb38eff5d#47-t1, previous=(t:1, i:0), leaderCommit=0, initializing? false, entries: <empty>: org.apache.ratis.thirdparty.io.grpc.StatusRuntimeException: CANCELLED: cancelled before receiving half close
2019-11-14 15:08:35,129 [ForkJoinPool.commonPool-worker-0] INFO  server.GrpcService (GrpcService.java:closeImpl(172)) - 59f802cb-c907-44a0-9069-e10bb38eff5d: shutdown server with port 41183 successfully
2019-11-14 15:08:35,131 [grpc-default-executor-5] WARN  server.GrpcLogAppender (LogUtils.java:warn(134)) - 25c17e6e-60f2-43b7-8570-af6cc9981309@group-A7405D5AD40E->59f802cb-c907-44a0-9069-e10bb38eff5d-AppendLogResponseHandler: Failed appendEntries: org.apache.ratis.thirdparty.io.grpc.StatusRuntimeException: CANCELLED: HTTP/2 error code: CANCEL
Received Rst Stream
2019-11-14 15:08:35,131 [grpc-default-executor-5] INFO  impl.FollowerInfo (FollowerInfo.java:lambda$new$0(51)) - 25c17e6e-60f2-43b7-8570-af6cc9981309@group-A7405D5AD40E->59f802cb-c907-44a0-9069-e10bb38eff5d: nextIndex: updateUnconditionally 1 -> 0
2019-11-14 15:08:35,133 [refreshUsed-/workdir/hadoop-ozone/integration-test/target/test-dir/MiniOzoneClusterImpl-6b3e2517-75a7-4dd9-8054-0b12e404e591/datanode-6/data/containers] WARN  fs.CachingGetSpaceUsed (CachingGetSpaceUsed.java:run(183)) - Thread Interrupted waiting to refresh disk information: sleep interrupted
2019-11-14 15:08:35,139 [refreshUsed-/workdir/hadoop-ozone/integration-test/target/test-dir/MiniOzoneClusterImpl-6b3e2517-75a7-4dd9-8054-0b12e404e591/datanode-3/data/containers] WARN  fs.CachingGetSpaceUsed (CachingGetSpaceUsed.java:run(183)) - Thread Interrupted waiting to refresh disk information: sleep interrupted
2019-11-14 15:08:35,152 [main] INFO  utils.BackgroundService (BackgroundService.java:shutdown(151)) - Shutting down service BlockDeletingService
2019-11-14 15:08:35,156 [ForkJoinPool.commonPool-worker-0] INFO  utils.BackgroundService (BackgroundService.java:shutdown(151)) - Shutting down service BlockDeletingService
2019-11-14 15:08:35,157 [main] INFO  statemachine.DatanodeStateMachine (DatanodeStateMachine.java:stopDaemon(395)) - Ozone container server stopped.
2019-11-14 15:08:35,160 [ForkJoinPool.commonPool-worker-0] INFO  statemachine.DatanodeStateMachine (DatanodeStateMachine.java:stopDaemon(395)) - Ozone container server stopped.
2019-11-14 15:08:35,163 [main] INFO  handler.ContextHandler (ContextHandler.java:doStop(910)) - Stopped o.e.j.w.WebAppContext@1290ed28{/,null,UNAVAILABLE}{/hddsDatanode}
2019-11-14 15:08:35,165 [ForkJoinPool.commonPool-worker-0] INFO  handler.ContextHandler (ContextHandler.java:doStop(910)) - Stopped o.e.j.w.WebAppContext@4887de2b{/,null,UNAVAILABLE}{/hddsDatanode}
2019-11-14 15:08:35,167 [main] INFO  server.AbstractConnector (AbstractConnector.java:doStop(318)) - Stopped ServerConnector@7a3269f5{HTTP/1.1,[http/1.1]}{0.0.0.0:0}
2019-11-14 15:08:35,167 [ForkJoinPool.commonPool-worker-0] INFO  server.AbstractConnector (AbstractConnector.java:doStop(318)) - Stopped ServerConnector@3b4825f0{HTTP/1.1,[http/1.1]}{0.0.0.0:0}
2019-11-14 15:08:35,168 [ForkJoinPool.commonPool-worker-0] INFO  handler.ContextHandler (ContextHandler.java:doStop(910)) - Stopped o.e.j.s.ServletContextHandler@e95595b{/static,jar:file:/home/user/.m2/repository/org/apache/hadoop/hadoop-hdds-container-service/0.5.0-SNAPSHOT/hadoop-hdds-container-service-0.5.0-SNAPSHOT.jar!/webapps/static,UNAVAILABLE}
2019-11-14 15:08:35,168 [main] INFO  handler.ContextHandler (ContextHandler.java:doStop(910)) - Stopped o.e.j.s.ServletContextHandler@46e3559f{/static,jar:file:/home/user/.m2/repository/org/apache/hadoop/hadoop-hdds-container-service/0.5.0-SNAPSHOT/hadoop-hdds-container-service-0.5.0-SNAPSHOT.jar!/webapps/static,UNAVAILABLE}
2019-11-14 15:08:35,170 [ForkJoinPool.commonPool-worker-0] INFO  handler.ContextHandler (ContextHandler.java:doStop(910)) - Stopped o.e.j.s.ServletContextHandler@771a7d53{/logs,file:///workdir/hadoop-ozone/integration-test/target/log,UNAVAILABLE}
2019-11-14 15:08:35,170 [main] INFO  handler.ContextHandler (ContextHandler.java:doStop(910)) - Stopped o.e.j.s.ServletContextHandler@388623ad{/logs,file:///workdir/hadoop-ozone/integration-test/target/log,UNAVAILABLE}
2019-11-14 15:08:35,182 [Datanode State Machine Thread - 0] INFO  statemachine.DatanodeStateMachine (DatanodeStateMachine.java:lambda$startDaemon$0(350)) - Ozone container server started.
2019-11-14 15:08:35,443 [grpc-default-executor-4] WARN  server.GrpcLogAppender (LogUtils.java:warn(134)) - dd0e1198-6ba1-4c32-9ce2-054c25212f92@group-877CB685509D->86084ec4-dae7-4808-81c8-289a21d6f4dc-AppendLogResponseHandler: Failed appendEntries: org.apache.ratis.thirdparty.io.grpc.StatusRuntimeException: UNAVAILABLE: io exception
2019-11-14 15:08:35,443 [grpc-default-executor-4] INFO  impl.FollowerInfo (FollowerInfo.java:lambda$new$0(51)) - dd0e1198-6ba1-4c32-9ce2-054c25212f92@group-877CB685509D->86084ec4-dae7-4808-81c8-289a21d6f4dc: nextIndex: updateUnconditionally 0 -> 0
2019-11-14 15:08:35,466 [grpc-default-executor-3] WARN  server.GrpcLogAppender (LogUtils.java:warn(134)) - 25c17e6e-60f2-43b7-8570-af6cc9981309@group-A7405D5AD40E->59f802cb-c907-44a0-9069-e10bb38eff5d-AppendLogResponseHandler: Failed appendEntries: org.apache.ratis.thirdparty.io.grpc.StatusRuntimeException: UNAVAILABLE: io exception
2019-11-14 15:08:35,466 [grpc-default-executor-3] INFO  impl.FollowerInfo (FollowerInfo.java:lambda$new$0(51)) - 25c17e6e-60f2-43b7-8570-af6cc9981309@group-A7405D5AD40E->59f802cb-c907-44a0-9069-e10bb38eff5d: nextIndex: updateUnconditionally 0 -> 0
2019-11-14 15:08:35,466 [grpc-default-executor-6] WARN  server.GrpcLogAppender (LogUtils.java:warn(134)) - 25c17e6e-60f2-43b7-8570-af6cc9981309@group-A7405D5AD40E->8344cb33-ae61-4ff3-97f7-00b91742683d-AppendLogResponseHandler: Failed appendEntries: org.apache.ratis.thirdparty.io.grpc.StatusRuntimeException: UNAVAILABLE: io exception
2019-11-14 15:08:35,467 [grpc-default-executor-6] INFO  impl.FollowerInfo (FollowerInfo.java:lambda$new$0(51)) - 25c17e6e-60f2-43b7-8570-af6cc9981309@group-A7405D5AD40E->8344cb33-ae61-4ff3-97f7-00b91742683d: nextIndex: updateUnconditionally 0 -> 0
2019-11-14 15:08:35,607 [Datanode State Machine Thread - 0] INFO  statemachine.DatanodeStateMachine (DatanodeStateMachine.java:lambda$startDaemon$0(350)) - Ozone container server started.
2019-11-14 15:08:35,943 [grpc-default-executor-0] WARN  server.GrpcLogAppender (LogUtils.java:warn(134)) - dd0e1198-6ba1-4c32-9ce2-054c25212f92@group-877CB685509D->86084ec4-dae7-4808-81c8-289a21d6f4dc-AppendLogResponseHandler: Failed appendEntries: org.apache.ratis.thirdparty.io.grpc.StatusRuntimeException: UNAVAILABLE: io exception
2019-11-14 15:08:35,944 [grpc-default-executor-0] INFO  impl.FollowerInfo (FollowerInfo.java:lambda$new$0(51)) - dd0e1198-6ba1-4c32-9ce2-054c25212f92@group-877CB685509D->86084ec4-dae7-4808-81c8-289a21d6f4dc: nextIndex: updateUnconditionally 0 -> 0
2019-11-14 15:08:35,966 [grpc-default-executor-3] WARN  server.GrpcLogAppender (LogUtils.java:warn(134)) - 25c17e6e-60f2-43b7-8570-af6cc9981309@group-A7405D5AD40E->8344cb33-ae61-4ff3-97f7-00b91742683d-AppendLogResponseHandler: Failed appendEntries: org.apache.ratis.thirdparty.io.grpc.StatusRuntimeException: UNAVAILABLE: io exception
2019-11-14 15:08:35,966 [grpc-default-executor-4] WARN  server.GrpcLogAppender (LogUtils.java:warn(134)) - 25c17e6e-60f2-43b7-8570-af6cc9981309@group-A7405D5AD40E->59f802cb-c907-44a0-9069-e10bb38eff5d-AppendLogResponseHandler: Failed appendEntries: org.apache.ratis.thirdparty.io.grpc.StatusRuntimeException: UNAVAILABLE: io exception
2019-11-14 15:08:35,966 [grpc-default-executor-3] INFO  impl.FollowerInfo (FollowerInfo.java:lambda$new$0(51)) - 25c17e6e-60f2-43b7-8570-af6cc9981309@group-A7405D5AD40E->8344cb33-ae61-4ff3-97f7-00b91742683d: nextIndex: updateUnconditionally 0 -> 0
2019-11-14 15:08:35,966 [grpc-default-executor-4] INFO  impl.FollowerInfo (FollowerInfo.java:lambda$new$0(51)) - 25c17e6e-60f2-43b7-8570-af6cc9981309@group-A7405D5AD40E->59f802cb-c907-44a0-9069-e10bb38eff5d: nextIndex: updateUnconditionally 0 -> 0
2019-11-14 15:08:36,444 [grpc-default-executor-6] WARN  server.GrpcLogAppender (LogUtils.java:warn(134)) - dd0e1198-6ba1-4c32-9ce2-054c25212f92@group-877CB685509D->86084ec4-dae7-4808-81c8-289a21d6f4dc-AppendLogResponseHandler: Failed appendEntries: org.apache.ratis.thirdparty.io.grpc.StatusRuntimeException: UNAVAILABLE: io exception
2019-11-14 15:08:36,444 [grpc-default-executor-6] INFO  impl.FollowerInfo (FollowerInfo.java:lambda$new$0(51)) - dd0e1198-6ba1-4c32-9ce2-054c25212f92@group-877CB685509D->86084ec4-dae7-4808-81c8-289a21d6f4dc: nextIndex: updateUnconditionally 0 -> 0
2019-11-14 15:08:36,466 [grpc-default-executor-4] WARN  server.GrpcLogAppender (LogUtils.java:warn(134)) - 25c17e6e-60f2-43b7-8570-af6cc9981309@group-A7405D5AD40E->59f802cb-c907-44a0-9069-e10bb38eff5d-AppendLogResponseHandler: Failed appendEntries: org.apache.ratis.thirdparty.io.grpc.StatusRuntimeException: UNAVAILABLE: io exception
2019-11-14 15:08:36,466 [grpc-default-executor-0] WARN  server.GrpcLogAppender (LogUtils.java:warn(134)) - 25c17e6e-60f2-43b7-8570-af6cc9981309@group-A7405D5AD40E->8344cb33-ae61-4ff3-97f7-00b91742683d-AppendLogResponseHandler: Failed appendEntries: org.apache.ratis.thirdparty.io.grpc.StatusRuntimeException: UNAVAILABLE: io exception
2019-11-14 15:08:36,467 [grpc-default-executor-4] INFO  impl.FollowerInfo (FollowerInfo.java:lambda$new$0(51)) - 25c17e6e-60f2-43b7-8570-af6cc9981309@group-A7405D5AD40E->59f802cb-c907-44a0-9069-e10bb38eff5d: nextIndex: updateUnconditionally 0 -> 0
2019-11-14 15:08:36,467 [grpc-default-executor-0] INFO  impl.FollowerInfo (FollowerInfo.java:lambda$new$0(51)) - 25c17e6e-60f2-43b7-8570-af6cc9981309@group-A7405D5AD40E->8344cb33-ae61-4ff3-97f7-00b91742683d: nextIndex: updateUnconditionally 0 -> 0
2019-11-14 15:08:36,945 [grpc-default-executor-3] WARN  server.GrpcLogAppender (LogUtils.java:warn(134)) - dd0e1198-6ba1-4c32-9ce2-054c25212f92@group-877CB685509D->86084ec4-dae7-4808-81c8-289a21d6f4dc-AppendLogResponseHandler: Failed appendEntries: org.apache.ratis.thirdparty.io.grpc.StatusRuntimeException: UNAVAILABLE: io exception
2019-11-14 15:08:36,945 [grpc-default-executor-3] INFO  impl.FollowerInfo (FollowerInfo.java:lambda$new$0(51)) - dd0e1198-6ba1-4c32-9ce2-054c25212f92@group-877CB685509D->86084ec4-dae7-4808-81c8-289a21d6f4dc: nextIndex: updateUnconditionally 0 -> 0
2019-11-14 15:08:36,967 [grpc-default-executor-0] WARN  server.GrpcLogAppender (LogUtils.java:warn(134)) - 25c17e6e-60f2-43b7-8570-af6cc9981309@group-A7405D5AD40E->59f802cb-c907-44a0-9069-e10bb38eff5d-AppendLogResponseHandler: Failed appendEntries: org.apache.ratis.thirdparty.io.grpc.StatusRuntimeException: UNAVAILABLE: io exception
2019-11-14 15:08:36,967 [grpc-default-executor-6] WARN  server.GrpcLogAppender (LogUtils.java:warn(134)) - 25c17e6e-60f2-43b7-8570-af6cc9981309@group-A7405D5AD40E->8344cb33-ae61-4ff3-97f7-00b91742683d-AppendLogResponseHandler: Failed appendEntries: org.apache.ratis.thirdparty.io.grpc.StatusRuntimeException: UNAVAILABLE: io exception
2019-11-14 15:08:36,967 [grpc-default-executor-0] INFO  impl.FollowerInfo (FollowerInfo.java:lambda$new$0(51)) - 25c17e6e-60f2-43b7-8570-af6cc9981309@group-A7405D5AD40E->59f802cb-c907-44a0-9069-e10bb38eff5d: nextIndex: updateUnconditionally 0 -> 0
2019-11-14 15:08:36,968 [grpc-default-executor-6] INFO  impl.FollowerInfo (FollowerInfo.java:lambda$new$0(51)) - 25c17e6e-60f2-43b7-8570-af6cc9981309@group-A7405D5AD40E->8344cb33-ae61-4ff3-97f7-00b91742683d: nextIndex: updateUnconditionally 0 -> 0
2019-11-14 15:08:37,447 [grpc-default-executor-6] WARN  server.GrpcLogAppender (LogUtils.java:warn(134)) - dd0e1198-6ba1-4c32-9ce2-054c25212f92@group-877CB685509D->86084ec4-dae7-4808-81c8-289a21d6f4dc-AppendLogResponseHandler: Failed appendEntries: org.apache.ratis.thirdparty.io.grpc.StatusRuntimeException: UNAVAILABLE: io exception
2019-11-14 15:08:37,447 [grpc-default-executor-6] INFO  impl.FollowerInfo (FollowerInfo.java:lambda$new$0(51)) - dd0e1198-6ba1-4c32-9ce2-054c25212f92@group-877CB685509D->86084ec4-dae7-4808-81c8-289a21d6f4dc: nextIndex: updateUnconditionally 0 -> 0
2019-11-14 15:08:37,468 [grpc-default-executor-4] WARN  server.GrpcLogAppender (LogUtils.java:warn(134)) - 25c17e6e-60f2-43b7-8570-af6cc9981309@group-A7405D5AD40E->59f802cb-c907-44a0-9069-e10bb38eff5d-AppendLogResponseHandler: Failed appendEntries: org.apache.ratis.thirdparty.io.grpc.StatusRuntimeException: UNAVAILABLE: io exception
2019-11-14 15:08:37,468 [grpc-default-executor-4] INFO  impl.FollowerInfo (FollowerInfo.java:lambda$new$0(51)) - 25c17e6e-60f2-43b7-8570-af6cc9981309@group-A7405D5AD40E->59f802cb-c907-44a0-9069-e10bb38eff5d: nextIndex: updateUnconditionally 0 -> 0
2019-11-14 15:08:37,468 [grpc-default-executor-3] WARN  server.GrpcLogAppender (LogUtils.java:warn(134)) - 25c17e6e-60f2-43b7-8570-af6cc9981309@group-A7405D5AD40E->8344cb33-ae61-4ff3-97f7-00b91742683d-AppendLogResponseHandler: Failed appendEntries: org.apache.ratis.thirdparty.io.grpc.StatusRuntimeException: UNAVAILABLE: io exception
2019-11-14 15:08:37,469 [grpc-default-executor-3] INFO  impl.FollowerInfo (FollowerInfo.java:lambda$new$0(51)) - 25c17e6e-60f2-43b7-8570-af6cc9981309@group-A7405D5AD40E->8344cb33-ae61-4ff3-97f7-00b91742683d: nextIndex: updateUnconditionally 0 -> 0
2019-11-14 15:08:37,949 [grpc-default-executor-0] WARN  server.GrpcLogAppender (LogUtils.java:warn(134)) - dd0e1198-6ba1-4c32-9ce2-054c25212f92@group-877CB685509D->86084ec4-dae7-4808-81c8-289a21d6f4dc-AppendLogResponseHandler: Failed appendEntries: org.apache.ratis.thirdparty.io.grpc.StatusRuntimeException: UNAVAILABLE: io exception
2019-11-14 15:08:37,949 [grpc-default-executor-0] INFO  impl.FollowerInfo (FollowerInfo.java:lambda$new$0(51)) - dd0e1198-6ba1-4c32-9ce2-054c25212f92@group-877CB685509D->86084ec4-dae7-4808-81c8-289a21d6f4dc: nextIndex: updateUnconditionally 0 -> 0
2019-11-14 15:08:37,969 [grpc-default-executor-4] WARN  server.GrpcLogAppender (LogUtils.java:warn(134)) - 25c17e6e-60f2-43b7-8570-af6cc9981309@group-A7405D5AD40E->59f802cb-c907-44a0-9069-e10bb38eff5d-AppendLogResponseHandler: Failed appendEntries: org.apache.ratis.thirdparty.io.grpc.StatusRuntimeException: UNAVAILABLE: io exception
2019-11-14 15:08:37,969 [grpc-default-executor-6] WARN  server.GrpcLogAppender (LogUtils.java:warn(134)) - 25c17e6e-60f2-43b7-8570-af6cc9981309@group-A7405D5AD40E->8344cb33-ae61-4ff3-97f7-00b91742683d-AppendLogResponseHandler: Failed appendEntries: org.apache.ratis.thirdparty.io.grpc.StatusRuntimeException: UNAVAILABLE: io exception
2019-11-14 15:08:37,969 [grpc-default-executor-4] INFO  impl.FollowerInfo (FollowerInfo.java:lambda$new$0(51)) - 25c17e6e-60f2-43b7-8570-af6cc9981309@group-A7405D5AD40E->59f802cb-c907-44a0-9069-e10bb38eff5d: nextIndex: updateUnconditionally 0 -> 0
2019-11-14 15:08:37,969 [grpc-default-executor-6] INFO  impl.FollowerInfo (FollowerInfo.java:lambda$new$0(51)) - 25c17e6e-60f2-43b7-8570-af6cc9981309@group-A7405D5AD40E->8344cb33-ae61-4ff3-97f7-00b91742683d: nextIndex: updateUnconditionally 0 -> 0
2019-11-14 15:08:38,455 [grpc-default-executor-4] WARN  server.GrpcLogAppender (LogUtils.java:warn(134)) - dd0e1198-6ba1-4c32-9ce2-054c25212f92@group-877CB685509D->86084ec4-dae7-4808-81c8-289a21d6f4dc-AppendLogResponseHandler: Failed appendEntries: org.apache.ratis.thirdparty.io.grpc.StatusRuntimeException: UNAVAILABLE: io exception
2019-11-14 15:08:38,456 [grpc-default-executor-4] INFO  impl.FollowerInfo (FollowerInfo.java:lambda$new$0(51)) - dd0e1198-6ba1-4c32-9ce2-054c25212f92@group-877CB685509D->86084ec4-dae7-4808-81c8-289a21d6f4dc: nextIndex: updateUnconditionally 0 -> 0
2019-11-14 15:08:38,469 [grpc-default-executor-4] WARN  server.GrpcLogAppender (LogUtils.java:warn(134)) - 25c17e6e-60f2-43b7-8570-af6cc9981309@group-A7405D5AD40E->59f802cb-c907-44a0-9069-e10bb38eff5d-AppendLogResponseHandler: Failed appendEntries: org.apache.ratis.thirdparty.io.grpc.StatusRuntimeException: UNAVAILABLE: io exception
2019-11-14 15:08:38,470 [grpc-default-executor-1] WARN  server.GrpcLogAppender (LogUtils.java:warn(134)) - 25c17e6e-60f2-43b7-8570-af6cc9981309@group-A7405D5AD40E->8344cb33-ae61-4ff3-97f7-00b91742683d-AppendLogResponseHandler: Failed appendEntries: org.apache.ratis.thirdparty.io.grpc.StatusRuntimeException: UNAVAILABLE: io exception
2019-11-14 15:08:38,470 [grpc-default-executor-4] INFO  impl.FollowerInfo (FollowerInfo.java:lambda$new$0(51)) - 25c17e6e-60f2-43b7-8570-af6cc9981309@group-A7405D5AD40E->59f802cb-c907-44a0-9069-e10bb38eff5d: nextIndex: updateUnconditionally 0 -> 0
2019-11-14 15:08:38,470 [grpc-default-executor-1] INFO  impl.FollowerInfo (FollowerInfo.java:lambda$new$0(51)) - 25c17e6e-60f2-43b7-8570-af6cc9981309@group-A7405D5AD40E->8344cb33-ae61-4ff3-97f7-00b91742683d: nextIndex: updateUnconditionally 0 -> 0
2019-11-14 15:08:38,954 [grpc-default-executor-3] WARN  server.GrpcLogAppender (LogUtils.java:warn(134)) - dd0e1198-6ba1-4c32-9ce2-054c25212f92@group-877CB685509D->86084ec4-dae7-4808-81c8-289a21d6f4dc-AppendLogResponseHandler: Failed appendEntries: org.apache.ratis.thirdparty.io.grpc.StatusRuntimeException: UNAVAILABLE: io exception
2019-11-14 15:08:38,955 [grpc-default-executor-3] INFO  impl.FollowerInfo (FollowerInfo.java:lambda$new$0(51)) - dd0e1198-6ba1-4c32-9ce2-054c25212f92@group-877CB685509D->86084ec4-dae7-4808-81c8-289a21d6f4dc: nextIndex: updateUnconditionally 0 -> 0
2019-11-14 15:08:38,971 [grpc-default-executor-1] WARN  server.GrpcLogAppender (LogUtils.java:warn(134)) - 25c17e6e-60f2-43b7-8570-af6cc9981309@group-A7405D5AD40E->59f802cb-c907-44a0-9069-e10bb38eff5d-AppendLogResponseHandler: Failed appendEntries: org.apache.ratis.thirdparty.io.grpc.StatusRuntimeException: UNAVAILABLE: io exception
2019-11-14 15:08:38,971 [grpc-default-executor-0] WARN  server.GrpcLogAppender (LogUtils.java:warn(134)) - 25c17e6e-60f2-43b7-8570-af6cc9981309@group-A7405D5AD40E->8344cb33-ae61-4ff3-97f7-00b91742683d-AppendLogResponseHandler: Failed appendEntries: org.apache.ratis.thirdparty.io.grpc.StatusRuntimeException: UNAVAILABLE: io exception
2019-11-14 15:08:38,971 [grpc-default-executor-1] INFO  impl.FollowerInfo (FollowerInfo.java:lambda$new$0(51)) - 25c17e6e-60f2-43b7-8570-af6cc9981309@group-A7405D5AD40E->59f802cb-c907-44a0-9069-e10bb38eff5d: nextIndex: updateUnconditionally 0 -> 0
2019-11-14 15:08:38,971 [grpc-default-executor-0] INFO  impl.FollowerInfo (FollowerInfo.java:lambda$new$0(51)) - 25c17e6e-60f2-43b7-8570-af6cc9981309@group-A7405D5AD40E->8344cb33-ae61-4ff3-97f7-00b91742683d: nextIndex: updateUnconditionally 0 -> 0
2019-11-14 15:08:39,456 [grpc-default-executor-4] WARN  server.GrpcLogAppender (LogUtils.java:warn(134)) - dd0e1198-6ba1-4c32-9ce2-054c25212f92@group-877CB685509D->86084ec4-dae7-4808-81c8-289a21d6f4dc-AppendLogResponseHandler: Failed appendEntries: org.apache.ratis.thirdparty.io.grpc.StatusRuntimeException: UNAVAILABLE: io exception
2019-11-14 15:08:39,457 [grpc-default-executor-4] INFO  impl.FollowerInfo (FollowerInfo.java:lambda$new$0(51)) - dd0e1198-6ba1-4c32-9ce2-054c25212f92@group-877CB685509D->86084ec4-dae7-4808-81c8-289a21d6f4dc: nextIndex: updateUnconditionally 0 -> 0
2019-11-14 15:08:39,471 [grpc-default-executor-1] WARN  server.GrpcLogAppender (LogUtils.java:warn(134)) - 25c17e6e-60f2-43b7-8570-af6cc9981309@group-A7405D5AD40E->8344cb33-ae61-4ff3-97f7-00b91742683d-AppendLogResponseHandler: Failed appendEntries: org.apache.ratis.thirdparty.io.grpc.StatusRuntimeException: UNAVAILABLE: io exception
2019-11-14 15:08:39,471 [grpc-default-executor-6] WARN  server.GrpcLogAppender (LogUtils.java:warn(134)) - 25c17e6e-60f2-43b7-8570-af6cc9981309@group-A7405D5AD40E->59f802cb-c907-44a0-9069-e10bb38eff5d-AppendLogResponseHandler: Failed appendEntries: org.apache.ratis.thirdparty.io.grpc.StatusRuntimeException: UNAVAILABLE: io exception
2019-11-14 15:08:39,472 [grpc-default-executor-1] INFO  impl.FollowerInfo (FollowerInfo.java:lambda$new$0(51)) - 25c17e6e-60f2-43b7-8570-af6cc9981309@group-A7405D5AD40E->8344cb33-ae61-4ff3-97f7-00b91742683d: nextIndex: updateUnconditionally 0 -> 0
2019-11-14 15:08:39,472 [grpc-default-executor-6] INFO  impl.FollowerInfo (FollowerInfo.java:lambda$new$0(51)) - 25c17e6e-60f2-43b7-8570-af6cc9981309@group-A7405D5AD40E->59f802cb-c907-44a0-9069-e10bb38eff5d: nextIndex: updateUnconditionally 0 -> 0
2019-11-14 15:08:39,959 [grpc-default-executor-6] WARN  server.GrpcLogAppender (LogUtils.java:warn(134)) - dd0e1198-6ba1-4c32-9ce2-054c25212f92@group-877CB685509D->86084ec4-dae7-4808-81c8-289a21d6f4dc-AppendLogResponseHandler: Failed appendEntries: org.apache.ratis.thirdparty.io.grpc.StatusRuntimeException: UNAVAILABLE: io exception
2019-11-14 15:08:39,959 [grpc-default-executor-6] INFO  impl.FollowerInfo (FollowerInfo.java:lambda$new$0(51)) - dd0e1198-6ba1-4c32-9ce2-054c25212f92@group-877CB685509D->86084ec4-dae7-4808-81c8-289a21d6f4dc: nextIndex: updateUnconditionally 0 -> 0
2019-11-14 15:08:39,972 [grpc-default-executor-0] WARN  server.GrpcLogAppender (LogUtils.java:warn(134)) - 25c17e6e-60f2-43b7-8570-af6cc9981309@group-A7405D5AD40E->59f802cb-c907-44a0-9069-e10bb38eff5d-AppendLogResponseHandler: Failed appendEntries: org.apache.ratis.thirdparty.io.grpc.StatusRuntimeException: UNAVAILABLE: io exception
2019-11-14 15:08:39,972 [grpc-default-executor-0] INFO  impl.FollowerInfo (FollowerInfo.java:lambda$new$0(51)) - 25c17e6e-60f2-43b7-8570-af6cc9981309@group-A7405D5AD40E->59f802cb-c907-44a0-9069-e10bb38eff5d: nextIndex: updateUnconditionally 0 -> 0
2019-11-14 15:08:39,972 [grpc-default-executor-0] WARN  server.GrpcLogAppender (LogUtils.java:warn(134)) - 25c17e6e-60f2-43b7-8570-af6cc9981309@group-A7405D5AD40E->8344cb33-ae61-4ff3-97f7-00b91742683d-AppendLogResponseHandler: Failed appendEntries: org.apache.ratis.thirdparty.io.grpc.StatusRuntimeException: UNAVAILABLE: io exception
2019-11-14 15:08:39,973 [grpc-default-executor-0] INFO  impl.FollowerInfo (FollowerInfo.java:lambda$new$0(51)) - 25c17e6e-60f2-43b7-8570-af6cc9981309@group-A7405D5AD40E->8344cb33-ae61-4ff3-97f7-00b91742683d: nextIndex: updateUnconditionally 0 -> 0
2019-11-14 15:08:40,173 [main] INFO  ozoneimpl.OzoneContainer (OzoneContainer.java:stop(244)) - Attempting to stop container services.
2019-11-14 15:08:40,173 [ForkJoinPool.commonPool-worker-0] INFO  ozoneimpl.OzoneContainer (OzoneContainer.java:stop(244)) - Attempting to stop container services.
2019-11-14 15:08:40,174 [main] INFO  impl.RaftServerProxy (RaftServerProxy.java:lambda$close$4(314)) - 2f24271a-73a2-4678-8a2d-efde1b9a7c05: close
2019-11-14 15:08:40,174 [ForkJoinPool.commonPool-worker-0] INFO  impl.RaftServerProxy (RaftServerProxy.java:lambda$close$4(314)) - 25c17e6e-60f2-43b7-8570-af6cc9981309: close
2019-11-14 15:08:40,174 [main] INFO  impl.RaftServerImpl (RaftServerImpl.java:lambda$shutdown$3(250)) - 2f24271a-73a2-4678-8a2d-efde1b9a7c05@group-CE93C81AF12A: shutdown
2019-11-14 15:08:40,174 [ForkJoinPool.commonPool-worker-0] INFO  impl.RaftServerImpl (RaftServerImpl.java:lambda$shutdown$3(250)) - 25c17e6e-60f2-43b7-8570-af6cc9981309@group-A7405D5AD40E: shutdown
2019-11-14 15:08:40,175 [main] INFO  util.JmxRegister (JmxRegister.java:unregister(73)) - Successfully un-registered JMX Bean with object name Ratis:service=RaftServer,group=group-CE93C81AF12A,id=2f24271a-73a2-4678-8a2d-efde1b9a7c05
2019-11-14 15:08:40,175 [ForkJoinPool.commonPool-worker-0] INFO  util.JmxRegister (JmxRegister.java:unregister(73)) - Successfully un-registered JMX Bean with object name Ratis:service=RaftServer,group=group-A7405D5AD40E,id=25c17e6e-60f2-43b7-8570-af6cc9981309
2019-11-14 15:08:40,175 [main] INFO  impl.RoleInfo (RoleInfo.java:shutdownFollowerState(121)) - 2f24271a-73a2-4678-8a2d-efde1b9a7c05: shutdown FollowerState
2019-11-14 15:08:40,175 [ForkJoinPool.commonPool-worker-0] INFO  impl.RoleInfo (RoleInfo.java:shutdownLeaderState(104)) - 25c17e6e-60f2-43b7-8570-af6cc9981309: shutdown LeaderState
2019-11-14 15:08:40,176 [main] INFO  impl.StateMachineUpdater (StateMachineUpdater.java:stopAndJoin(136)) - 2f24271a-73a2-4678-8a2d-efde1b9a7c05@group-CE93C81AF12A-StateMachineUpdater: set stopIndex = 0
2019-11-14 15:08:40,181 [org.apache.ratis.server.impl.LogAppender$AppenderDaemon$$Lambda$463/184788748@6a47afca] WARN  server.GrpcLogAppender (GrpcLogAppender.java:mayWait(151)) - 25c17e6e-60f2-43b7-8570-af6cc9981309@group-A7405D5AD40E->59f802cb-c907-44a0-9069-e10bb38eff5d-GrpcLogAppender: Wait interrupted by java.lang.InterruptedException
2019-11-14 15:08:40,181 [ForkJoinPool.commonPool-worker-0] INFO  impl.PendingRequests (PendingRequests.java:sendNotLeaderResponses(206)) - 25c17e6e-60f2-43b7-8570-af6cc9981309@group-A7405D5AD40E-PendingRequests: sendNotLeaderResponses
2019-11-14 15:08:40,180 [org.apache.ratis.server.impl.LogAppender$AppenderDaemon$$Lambda$463/184788748@2f452446] WARN  server.GrpcLogAppender (GrpcLogAppender.java:mayWait(151)) - 25c17e6e-60f2-43b7-8570-af6cc9981309@group-A7405D5AD40E->8344cb33-ae61-4ff3-97f7-00b91742683d-GrpcLogAppender: Wait interrupted by java.lang.InterruptedException
2019-11-14 15:08:40,176 [Thread-1558] INFO  impl.FollowerState (FollowerState.java:run(120)) - 2f24271a-73a2-4678-8a2d-efde1b9a7c05@group-CE93C81AF12A-FollowerState was interrupted: java.lang.InterruptedException: sleep interrupted
2019-11-14 15:08:40,182 [main] INFO  impl.RaftServerImpl (ServerState.java:close(387)) - 2f24271a-73a2-4678-8a2d-efde1b9a7c05@group-CE93C81AF12A: closes. applyIndex: 0
2019-11-14 15:08:40,182 [ForkJoinPool.commonPool-worker-0] INFO  impl.StateMachineUpdater (StateMachineUpdater.java:stopAndJoin(136)) - 25c17e6e-60f2-43b7-8570-af6cc9981309@group-A7405D5AD40E-StateMachineUpdater: set stopIndex = 0
2019-11-14 15:08:40,183 [2f24271a-73a2-4678-8a2d-efde1b9a7c05@group-CE93C81AF12A-SegmentedRaftLogWorker] INFO  segmented.SegmentedRaftLogWorker (SegmentedRaftLogWorker.java:run(316)) - 2f24271a-73a2-4678-8a2d-efde1b9a7c05@group-CE93C81AF12A-SegmentedRaftLogWorker was interrupted, exiting. There are 0 tasks remaining in the queue.
2019-11-14 15:08:40,183 [ForkJoinPool.commonPool-worker-0] INFO  impl.RaftServerImpl (ServerState.java:close(387)) - 25c17e6e-60f2-43b7-8570-af6cc9981309@group-A7405D5AD40E: closes. applyIndex: 0
2019-11-14 15:08:40,185 [main] INFO  segmented.SegmentedRaftLogWorker (SegmentedRaftLogWorker.java:close(224)) - 2f24271a-73a2-4678-8a2d-efde1b9a7c05@group-CE93C81AF12A-SegmentedRaftLogWorker close()
2019-11-14 15:08:40,185 [25c17e6e-60f2-43b7-8570-af6cc9981309@group-A7405D5AD40E-SegmentedRaftLogWorker] INFO  segmented.SegmentedRaftLogWorker (SegmentedRaftLogWorker.java:run(316)) - 25c17e6e-60f2-43b7-8570-af6cc9981309@group-A7405D5AD40E-SegmentedRaftLogWorker was interrupted, exiting. There are 0 tasks remaining in the queue.
2019-11-14 15:08:40,187 [main] INFO  impl.RaftServerImpl (RaftServerImpl.java:lambda$shutdown$3(250)) - 2f24271a-73a2-4678-8a2d-efde1b9a7c05@group-09AE756F24A7: shutdown
2019-11-14 15:08:40,189 [main] INFO  util.JmxRegister (JmxRegister.java:unregister(73)) - Successfully un-registered JMX Bean with object name Ratis:service=RaftServer,group=group-09AE756F24A7,id=2f24271a-73a2-4678-8a2d-efde1b9a7c05
2019-11-14 15:08:40,189 [main] INFO  impl.RoleInfo (RoleInfo.java:shutdownLeaderState(104)) - 2f24271a-73a2-4678-8a2d-efde1b9a7c05: shutdown LeaderState
2019-11-14 15:08:40,189 [ForkJoinPool.commonPool-worker-0] INFO  segmented.SegmentedRaftLogWorker (SegmentedRaftLogWorker.java:close(224)) - 25c17e6e-60f2-43b7-8570-af6cc9981309@group-A7405D5AD40E-SegmentedRaftLogWorker close()
2019-11-14 15:08:40,189 [main] INFO  impl.PendingRequests (PendingRequests.java:sendNotLeaderResponses(206)) - 2f24271a-73a2-4678-8a2d-efde1b9a7c05@group-09AE756F24A7-PendingRequests: sendNotLeaderResponses
2019-11-14 15:08:40,192 [ForkJoinPool.commonPool-worker-0] INFO  impl.RaftServerImpl (RaftServerImpl.java:lambda$shutdown$3(250)) - 25c17e6e-60f2-43b7-8570-af6cc9981309@group-21F3445B4761: shutdown
2019-11-14 15:08:40,192 [main] INFO  impl.StateMachineUpdater (StateMachineUpdater.java:stopAndJoin(136)) - 2f24271a-73a2-4678-8a2d-efde1b9a7c05@group-09AE756F24A7-StateMachineUpdater: set stopIndex = 0
2019-11-14 15:08:40,193 [main] INFO  impl.RaftServerImpl (ServerState.java:close(387)) - 2f24271a-73a2-4678-8a2d-efde1b9a7c05@group-09AE756F24A7: closes. applyIndex: 0
2019-11-14 15:08:40,192 [ForkJoinPool.commonPool-worker-0] INFO  util.JmxRegister (JmxRegister.java:unregister(73)) - Successfully un-registered JMX Bean with object name Ratis:service=RaftServer,group=group-21F3445B4761,id=25c17e6e-60f2-43b7-8570-af6cc9981309
2019-11-14 15:08:40,193 [ForkJoinPool.commonPool-worker-0] INFO  impl.RoleInfo (RoleInfo.java:shutdownLeaderState(104)) - 25c17e6e-60f2-43b7-8570-af6cc9981309: shutdown LeaderState
2019-11-14 15:08:40,193 [2f24271a-73a2-4678-8a2d-efde1b9a7c05@group-09AE756F24A7-SegmentedRaftLogWorker] INFO  segmented.SegmentedRaftLogWorker (SegmentedRaftLogWorker.java:run(316)) - 2f24271a-73a2-4678-8a2d-efde1b9a7c05@group-09AE756F24A7-SegmentedRaftLogWorker was interrupted, exiting. There are 0 tasks remaining in the queue.
2019-11-14 15:08:40,193 [ForkJoinPool.commonPool-worker-0] INFO  impl.PendingRequests (PendingRequests.java:sendNotLeaderResponses(206)) - 25c17e6e-60f2-43b7-8570-af6cc9981309@group-21F3445B4761-PendingRequests: sendNotLeaderResponses
2019-11-14 15:08:40,193 [main] INFO  segmented.SegmentedRaftLogWorker (SegmentedRaftLogWorker.java:close(224)) - 2f24271a-73a2-4678-8a2d-efde1b9a7c05@group-09AE756F24A7-SegmentedRaftLogWorker close()
2019-11-14 15:08:40,194 [ForkJoinPool.commonPool-worker-0] INFO  impl.StateMachineUpdater (StateMachineUpdater.java:stopAndJoin(136)) - 25c17e6e-60f2-43b7-8570-af6cc9981309@group-21F3445B4761-StateMachineUpdater: set stopIndex = 0
2019-11-14 15:08:40,195 [main] INFO  server.GrpcService (GrpcService.java:closeImpl(164)) - 2f24271a-73a2-4678-8a2d-efde1b9a7c05: shutdown server with port 38626 now
2019-11-14 15:08:40,195 [ForkJoinPool.commonPool-worker-0] INFO  impl.RaftServerImpl (ServerState.java:close(387)) - 25c17e6e-60f2-43b7-8570-af6cc9981309@group-21F3445B4761: closes. applyIndex: 0
2019-11-14 15:08:40,196 [25c17e6e-60f2-43b7-8570-af6cc9981309@group-21F3445B4761-SegmentedRaftLogWorker] INFO  segmented.SegmentedRaftLogWorker (SegmentedRaftLogWorker.java:run(316)) - 25c17e6e-60f2-43b7-8570-af6cc9981309@group-21F3445B4761-SegmentedRaftLogWorker was interrupted, exiting. There are 0 tasks remaining in the queue.
2019-11-14 15:08:40,198 [ForkJoinPool.commonPool-worker-0] INFO  segmented.SegmentedRaftLogWorker (SegmentedRaftLogWorker.java:close(224)) - 25c17e6e-60f2-43b7-8570-af6cc9981309@group-21F3445B4761-SegmentedRaftLogWorker close()
2019-11-14 15:08:40,200 [ForkJoinPool.commonPool-worker-0] INFO  server.GrpcService (GrpcService.java:closeImpl(164)) - 25c17e6e-60f2-43b7-8570-af6cc9981309: shutdown server with port 41260 now
2019-11-14 15:08:40,200 [ForkJoinPool.commonPool-worker-0] INFO  server.GrpcService (GrpcService.java:closeImpl(172)) - 25c17e6e-60f2-43b7-8570-af6cc9981309: shutdown server with port 41260 successfully
2019-11-14 15:08:40,200 [main] INFO  server.GrpcService (GrpcService.java:closeImpl(172)) - 2f24271a-73a2-4678-8a2d-efde1b9a7c05: shutdown server with port 38626 successfully
2019-11-14 15:08:40,201 [grpc-default-executor-1] WARN  server.GrpcLogAppender (LogUtils.java:warn(134)) - dadbf9b0-b155-425e-bdd4-f6aced2428ca@group-CE93C81AF12A->2f24271a-73a2-4678-8a2d-efde1b9a7c05-AppendLogResponseHandler: Failed appendEntries: org.apache.ratis.thirdparty.io.grpc.StatusRuntimeException: CANCELLED: HTTP/2 error code: CANCEL
Received Rst Stream
2019-11-14 15:08:40,200 [grpc-default-executor-6] WARN  server.GrpcServerProtocolService (LogUtils.java:warn(134)) - 2f24271a-73a2-4678-8a2d-efde1b9a7c05: installSnapshot onError, lastRequest: dadbf9b0-b155-425e-bdd4-f6aced2428ca->2f24271a-73a2-4678-8a2d-efde1b9a7c05#55-t2, previous=(t:2, i:0), leaderCommit=0, initializing? false, entries: <empty>: org.apache.ratis.thirdparty.io.grpc.StatusRuntimeException: CANCELLED: cancelled before receiving half close
2019-11-14 15:08:40,203 [grpc-default-executor-1] INFO  impl.FollowerInfo (FollowerInfo.java:lambda$new$0(51)) - dadbf9b0-b155-425e-bdd4-f6aced2428ca@group-CE93C81AF12A->2f24271a-73a2-4678-8a2d-efde1b9a7c05: nextIndex: updateUnconditionally 1 -> 0
2019-11-14 15:08:40,204 [refreshUsed-/workdir/hadoop-ozone/integration-test/target/test-dir/MiniOzoneClusterImpl-6b3e2517-75a7-4dd9-8054-0b12e404e591/datanode-4/data/containers] WARN  fs.CachingGetSpaceUsed (CachingGetSpaceUsed.java:run(183)) - Thread Interrupted waiting to refresh disk information: sleep interrupted
2019-11-14 15:08:40,207 [refreshUsed-/workdir/hadoop-ozone/integration-test/target/test-dir/MiniOzoneClusterImpl-6b3e2517-75a7-4dd9-8054-0b12e404e591/datanode-8/data/containers] WARN  fs.CachingGetSpaceUsed (CachingGetSpaceUsed.java:run(183)) - Thread Interrupted waiting to refresh disk information: sleep interrupted
2019-11-14 15:08:40,227 [ForkJoinPool.commonPool-worker-0] INFO  utils.BackgroundService (BackgroundService.java:shutdown(151)) - Shutting down service BlockDeletingService
2019-11-14 15:08:40,227 [main] INFO  utils.BackgroundService (BackgroundService.java:shutdown(151)) - Shutting down service BlockDeletingService
2019-11-14 15:08:40,231 [ForkJoinPool.commonPool-worker-0] INFO  statemachine.DatanodeStateMachine (DatanodeStateMachine.java:stopDaemon(395)) - Ozone container server stopped.
2019-11-14 15:08:40,232 [main] INFO  statemachine.DatanodeStateMachine (DatanodeStateMachine.java:stopDaemon(395)) - Ozone container server stopped.
2019-11-14 15:08:40,237 [ForkJoinPool.commonPool-worker-0] INFO  handler.ContextHandler (ContextHandler.java:doStop(910)) - Stopped o.e.j.w.WebAppContext@1b9d9a2b{/,null,UNAVAILABLE}{/hddsDatanode}
2019-11-14 15:08:40,237 [main] INFO  handler.ContextHandler (ContextHandler.java:doStop(910)) - Stopped o.e.j.w.WebAppContext@9b5f3c7{/,null,UNAVAILABLE}{/hddsDatanode}
2019-11-14 15:08:40,238 [ForkJoinPool.commonPool-worker-0] INFO  server.AbstractConnector (AbstractConnector.java:doStop(318)) - Stopped ServerConnector@d919544{HTTP/1.1,[http/1.1]}{0.0.0.0:0}
2019-11-14 15:08:40,238 [main] INFO  server.AbstractConnector (AbstractConnector.java:doStop(318)) - Stopped ServerConnector@74024f3{HTTP/1.1,[http/1.1]}{0.0.0.0:0}
2019-11-14 15:08:40,246 [ForkJoinPool.commonPool-worker-0] INFO  handler.ContextHandler (ContextHandler.java:doStop(910)) - Stopped o.e.j.s.ServletContextHandler@5a97b17c{/static,jar:file:/home/user/.m2/repository/org/apache/hadoop/hadoop-hdds-container-service/0.5.0-SNAPSHOT/hadoop-hdds-container-service-0.5.0-SNAPSHOT.jar!/webapps/static,UNAVAILABLE}
2019-11-14 15:08:40,246 [main] INFO  handler.ContextHandler (ContextHandler.java:doStop(910)) - Stopped o.e.j.s.ServletContextHandler@20999517{/static,jar:file:/home/user/.m2/repository/org/apache/hadoop/hadoop-hdds-container-service/0.5.0-SNAPSHOT/hadoop-hdds-container-service-0.5.0-SNAPSHOT.jar!/webapps/static,UNAVAILABLE}
2019-11-14 15:08:40,247 [ForkJoinPool.commonPool-worker-0] INFO  handler.ContextHandler (ContextHandler.java:doStop(910)) - Stopped o.e.j.s.ServletContextHandler@77c1e611{/logs,file:///workdir/hadoop-ozone/integration-test/target/log,UNAVAILABLE}
2019-11-14 15:08:40,247 [main] INFO  handler.ContextHandler (ContextHandler.java:doStop(910)) - Stopped o.e.j.s.ServletContextHandler@76cf841{/logs,file:///workdir/hadoop-ozone/integration-test/target/log,UNAVAILABLE}
2019-11-14 15:08:40,250 [grpc-default-executor-3] WARN  server.GrpcLogAppender (LogUtils.java:warn(134)) - dadbf9b0-b155-425e-bdd4-f6aced2428ca@group-CE93C81AF12A->2f24271a-73a2-4678-8a2d-efde1b9a7c05-AppendLogResponseHandler: Failed appendEntries: org.apache.ratis.thirdparty.io.grpc.StatusRuntimeException: UNAVAILABLE: io exception
2019-11-14 15:08:40,250 [grpc-default-executor-3] INFO  impl.FollowerInfo (FollowerInfo.java:lambda$new$0(51)) - dadbf9b0-b155-425e-bdd4-f6aced2428ca@group-CE93C81AF12A->2f24271a-73a2-4678-8a2d-efde1b9a7c05: nextIndex: updateUnconditionally 0 -> 0
2019-11-14 15:08:40,459 [grpc-default-executor-3] WARN  server.GrpcLogAppender (LogUtils.java:warn(134)) - dd0e1198-6ba1-4c32-9ce2-054c25212f92@group-877CB685509D->86084ec4-dae7-4808-81c8-289a21d6f4dc-AppendLogResponseHandler: Failed appendEntries: org.apache.ratis.thirdparty.io.grpc.StatusRuntimeException: UNAVAILABLE: io exception
2019-11-14 15:08:40,459 [grpc-default-executor-3] INFO  impl.FollowerInfo (FollowerInfo.java:lambda$new$0(51)) - dd0e1198-6ba1-4c32-9ce2-054c25212f92@group-877CB685509D->86084ec4-dae7-4808-81c8-289a21d6f4dc: nextIndex: updateUnconditionally 0 -> 0
2019-11-14 15:08:40,511 [Datanode State Machine Thread - 0] INFO  statemachine.DatanodeStateMachine (DatanodeStateMachine.java:lambda$startDaemon$0(350)) - Ozone container server started.
2019-11-14 15:08:40,750 [grpc-default-executor-1] WARN  server.GrpcLogAppender (LogUtils.java:warn(134)) - dadbf9b0-b155-425e-bdd4-f6aced2428ca@group-CE93C81AF12A->2f24271a-73a2-4678-8a2d-efde1b9a7c05-AppendLogResponseHandler: Failed appendEntries: org.apache.ratis.thirdparty.io.grpc.StatusRuntimeException: UNAVAILABLE: io exception
2019-11-14 15:08:40,750 [grpc-default-executor-1] INFO  impl.FollowerInfo (FollowerInfo.java:lambda$new$0(51)) - dadbf9b0-b155-425e-bdd4-f6aced2428ca@group-CE93C81AF12A->2f24271a-73a2-4678-8a2d-efde1b9a7c05: nextIndex: updateUnconditionally 0 -> 0
2019-11-14 15:08:40,960 [grpc-default-executor-6] WARN  server.GrpcLogAppender (LogUtils.java:warn(134)) - dd0e1198-6ba1-4c32-9ce2-054c25212f92@group-877CB685509D->86084ec4-dae7-4808-81c8-289a21d6f4dc-AppendLogResponseHandler: Failed appendEntries: org.apache.ratis.thirdparty.io.grpc.StatusRuntimeException: UNAVAILABLE: io exception
2019-11-14 15:08:40,960 [grpc-default-executor-6] INFO  impl.FollowerInfo (FollowerInfo.java:lambda$new$0(51)) - dd0e1198-6ba1-4c32-9ce2-054c25212f92@group-877CB685509D->86084ec4-dae7-4808-81c8-289a21d6f4dc: nextIndex: updateUnconditionally 0 -> 0
2019-11-14 15:08:40,969 [Datanode State Machine Thread - 0] INFO  statemachine.DatanodeStateMachine (DatanodeStateMachine.java:lambda$startDaemon$0(350)) - Ozone container server started.
2019-11-14 15:08:41,251 [grpc-default-executor-1] WARN  server.GrpcLogAppender (LogUtils.java:warn(134)) - dadbf9b0-b155-425e-bdd4-f6aced2428ca@group-CE93C81AF12A->2f24271a-73a2-4678-8a2d-efde1b9a7c05-AppendLogResponseHandler: Failed appendEntries: org.apache.ratis.thirdparty.io.grpc.StatusRuntimeException: UNAVAILABLE: io exception
2019-11-14 15:08:41,251 [grpc-default-executor-1] INFO  impl.FollowerInfo (FollowerInfo.java:lambda$new$0(51)) - dadbf9b0-b155-425e-bdd4-f6aced2428ca@group-CE93C81AF12A->2f24271a-73a2-4678-8a2d-efde1b9a7c05: nextIndex: updateUnconditionally 0 -> 0
2019-11-14 15:08:41,460 [grpc-default-executor-3] WARN  server.GrpcLogAppender (LogUtils.java:warn(134)) - dd0e1198-6ba1-4c32-9ce2-054c25212f92@group-877CB685509D->86084ec4-dae7-4808-81c8-289a21d6f4dc-AppendLogResponseHandler: Failed appendEntries: org.apache.ratis.thirdparty.io.grpc.StatusRuntimeException: UNAVAILABLE: io exception
2019-11-14 15:08:41,461 [grpc-default-executor-3] INFO  impl.FollowerInfo (FollowerInfo.java:lambda$new$0(51)) - dd0e1198-6ba1-4c32-9ce2-054c25212f92@group-877CB685509D->86084ec4-dae7-4808-81c8-289a21d6f4dc: nextIndex: updateUnconditionally 0 -> 0
2019-11-14 15:08:41,752 [grpc-default-executor-6] WARN  server.GrpcLogAppender (LogUtils.java:warn(134)) - dadbf9b0-b155-425e-bdd4-f6aced2428ca@group-CE93C81AF12A->2f24271a-73a2-4678-8a2d-efde1b9a7c05-AppendLogResponseHandler: Failed appendEntries: org.apache.ratis.thirdparty.io.grpc.StatusRuntimeException: UNAVAILABLE: io exception
2019-11-14 15:08:41,752 [grpc-default-executor-6] INFO  impl.FollowerInfo (FollowerInfo.java:lambda$new$0(51)) - dadbf9b0-b155-425e-bdd4-f6aced2428ca@group-CE93C81AF12A->2f24271a-73a2-4678-8a2d-efde1b9a7c05: nextIndex: updateUnconditionally 0 -> 0
2019-11-14 15:08:41,962 [grpc-default-executor-1] WARN  server.GrpcLogAppender (LogUtils.java:warn(134)) - dd0e1198-6ba1-4c32-9ce2-054c25212f92@group-877CB685509D->86084ec4-dae7-4808-81c8-289a21d6f4dc-AppendLogResponseHandler: Failed appendEntries: org.apache.ratis.thirdparty.io.grpc.StatusRuntimeException: UNAVAILABLE: io exception
2019-11-14 15:08:41,962 [grpc-default-executor-1] INFO  impl.FollowerInfo (FollowerInfo.java:lambda$new$0(51)) - dd0e1198-6ba1-4c32-9ce2-054c25212f92@group-877CB685509D->86084ec4-dae7-4808-81c8-289a21d6f4dc: nextIndex: updateUnconditionally 0 -> 0
2019-11-14 15:08:42,252 [grpc-default-executor-3] WARN  server.GrpcLogAppender (LogUtils.java:warn(134)) - dadbf9b0-b155-425e-bdd4-f6aced2428ca@group-CE93C81AF12A->2f24271a-73a2-4678-8a2d-efde1b9a7c05-AppendLogResponseHandler: Failed appendEntries: org.apache.ratis.thirdparty.io.grpc.StatusRuntimeException: UNAVAILABLE: io exception
2019-11-14 15:08:42,253 [grpc-default-executor-3] INFO  impl.FollowerInfo (FollowerInfo.java:lambda$new$0(51)) - dadbf9b0-b155-425e-bdd4-f6aced2428ca@group-CE93C81AF12A->2f24271a-73a2-4678-8a2d-efde1b9a7c05: nextIndex: updateUnconditionally 0 -> 0
2019-11-14 15:08:42,465 [grpc-default-executor-3] WARN  server.GrpcLogAppender (LogUtils.java:warn(134)) - dd0e1198-6ba1-4c32-9ce2-054c25212f92@group-877CB685509D->86084ec4-dae7-4808-81c8-289a21d6f4dc-AppendLogResponseHandler: Failed appendEntries: org.apache.ratis.thirdparty.io.grpc.StatusRuntimeException: UNAVAILABLE: io exception
2019-11-14 15:08:42,466 [grpc-default-executor-3] INFO  impl.FollowerInfo (FollowerInfo.java:lambda$new$0(51)) - dd0e1198-6ba1-4c32-9ce2-054c25212f92@group-877CB685509D->86084ec4-dae7-4808-81c8-289a21d6f4dc: nextIndex: updateUnconditionally 0 -> 0
2019-11-14 15:08:42,754 [grpc-default-executor-3] WARN  server.GrpcLogAppender (LogUtils.java:warn(134)) - dadbf9b0-b155-425e-bdd4-f6aced2428ca@group-CE93C81AF12A->2f24271a-73a2-4678-8a2d-efde1b9a7c05-AppendLogResponseHandler: Failed appendEntries: org.apache.ratis.thirdparty.io.grpc.StatusRuntimeException: UNAVAILABLE: io exception
2019-11-14 15:08:42,754 [grpc-default-executor-3] INFO  impl.FollowerInfo (FollowerInfo.java:lambda$new$0(51)) - dadbf9b0-b155-425e-bdd4-f6aced2428ca@group-CE93C81AF12A->2f24271a-73a2-4678-8a2d-efde1b9a7c05: nextIndex: updateUnconditionally 0 -> 0
2019-11-14 15:08:42,965 [grpc-default-executor-6] WARN  server.GrpcLogAppender (LogUtils.java:warn(134)) - dd0e1198-6ba1-4c32-9ce2-054c25212f92@group-877CB685509D->86084ec4-dae7-4808-81c8-289a21d6f4dc-AppendLogResponseHandler: Failed appendEntries: org.apache.ratis.thirdparty.io.grpc.StatusRuntimeException: UNAVAILABLE: io exception
2019-11-14 15:08:42,965 [grpc-default-executor-6] INFO  impl.FollowerInfo (FollowerInfo.java:lambda$new$0(51)) - dd0e1198-6ba1-4c32-9ce2-054c25212f92@group-877CB685509D->86084ec4-dae7-4808-81c8-289a21d6f4dc: nextIndex: updateUnconditionally 0 -> 0
2019-11-14 15:08:43,255 [grpc-default-executor-6] WARN  server.GrpcLogAppender (LogUtils.java:warn(134)) - dadbf9b0-b155-425e-bdd4-f6aced2428ca@group-CE93C81AF12A->2f24271a-73a2-4678-8a2d-efde1b9a7c05-AppendLogResponseHandler: Failed appendEntries: org.apache.ratis.thirdparty.io.grpc.StatusRuntimeException: UNAVAILABLE: io exception
2019-11-14 15:08:43,256 [grpc-default-executor-6] INFO  impl.FollowerInfo (FollowerInfo.java:lambda$new$0(51)) - dadbf9b0-b155-425e-bdd4-f6aced2428ca@group-CE93C81AF12A->2f24271a-73a2-4678-8a2d-efde1b9a7c05: nextIndex: updateUnconditionally 0 -> 0
2019-11-14 15:08:43,465 [grpc-default-executor-1] WARN  server.GrpcLogAppender (LogUtils.java:warn(134)) - dd0e1198-6ba1-4c32-9ce2-054c25212f92@group-877CB685509D->86084ec4-dae7-4808-81c8-289a21d6f4dc-AppendLogResponseHandler: Failed appendEntries: org.apache.ratis.thirdparty.io.grpc.StatusRuntimeException: UNAVAILABLE: io exception
2019-11-14 15:08:43,465 [grpc-default-executor-1] INFO  impl.FollowerInfo (FollowerInfo.java:lambda$new$0(51)) - dd0e1198-6ba1-4c32-9ce2-054c25212f92@group-877CB685509D->86084ec4-dae7-4808-81c8-289a21d6f4dc: nextIndex: updateUnconditionally 0 -> 0
2019-11-14 15:08:43,758 [grpc-default-executor-3] WARN  server.GrpcLogAppender (LogUtils.java:warn(134)) - dadbf9b0-b155-425e-bdd4-f6aced2428ca@group-CE93C81AF12A->2f24271a-73a2-4678-8a2d-efde1b9a7c05-AppendLogResponseHandler: Failed appendEntries: org.apache.ratis.thirdparty.io.grpc.StatusRuntimeException: UNAVAILABLE: io exception
2019-11-14 15:08:43,758 [grpc-default-executor-3] INFO  impl.FollowerInfo (FollowerInfo.java:lambda$new$0(51)) - dadbf9b0-b155-425e-bdd4-f6aced2428ca@group-CE93C81AF12A->2f24271a-73a2-4678-8a2d-efde1b9a7c05: nextIndex: updateUnconditionally 0 -> 0
2019-11-14 15:08:43,967 [grpc-default-executor-3] WARN  server.GrpcLogAppender (LogUtils.java:warn(134)) - dd0e1198-6ba1-4c32-9ce2-054c25212f92@group-877CB685509D->86084ec4-dae7-4808-81c8-289a21d6f4dc-AppendLogResponseHandler: Failed appendEntries: org.apache.ratis.thirdparty.io.grpc.StatusRuntimeException: UNAVAILABLE: io exception
2019-11-14 15:08:43,967 [grpc-default-executor-3] INFO  impl.FollowerInfo (FollowerInfo.java:lambda$new$0(51)) - dd0e1198-6ba1-4c32-9ce2-054c25212f92@group-877CB685509D->86084ec4-dae7-4808-81c8-289a21d6f4dc: nextIndex: updateUnconditionally 0 -> 0
2019-11-14 15:08:44,266 [grpc-default-executor-3] WARN  server.GrpcLogAppender (LogUtils.java:warn(134)) - dadbf9b0-b155-425e-bdd4-f6aced2428ca@group-CE93C81AF12A->2f24271a-73a2-4678-8a2d-efde1b9a7c05-AppendLogResponseHandler: Failed appendEntries: org.apache.ratis.thirdparty.io.grpc.StatusRuntimeException: UNAVAILABLE: io exception
2019-11-14 15:08:44,267 [grpc-default-executor-3] INFO  impl.FollowerInfo (FollowerInfo.java:lambda$new$0(51)) - dadbf9b0-b155-425e-bdd4-f6aced2428ca@group-CE93C81AF12A->2f24271a-73a2-4678-8a2d-efde1b9a7c05: nextIndex: updateUnconditionally 0 -> 0
2019-11-14 15:08:44,468 [grpc-default-executor-6] WARN  server.GrpcLogAppender (LogUtils.java:warn(134)) - dd0e1198-6ba1-4c32-9ce2-054c25212f92@group-877CB685509D->86084ec4-dae7-4808-81c8-289a21d6f4dc-AppendLogResponseHandler: Failed appendEntries: org.apache.ratis.thirdparty.io.grpc.StatusRuntimeException: UNAVAILABLE: io exception
2019-11-14 15:08:44,469 [grpc-default-executor-6] INFO  impl.FollowerInfo (FollowerInfo.java:lambda$new$0(51)) - dd0e1198-6ba1-4c32-9ce2-054c25212f92@group-877CB685509D->86084ec4-dae7-4808-81c8-289a21d6f4dc: nextIndex: updateUnconditionally 0 -> 0
2019-11-14 15:08:44,765 [grpc-default-executor-1] WARN  server.GrpcLogAppender (LogUtils.java:warn(134)) - dadbf9b0-b155-425e-bdd4-f6aced2428ca@group-CE93C81AF12A->2f24271a-73a2-4678-8a2d-efde1b9a7c05-AppendLogResponseHandler: Failed appendEntries: org.apache.ratis.thirdparty.io.grpc.StatusRuntimeException: UNAVAILABLE: io exception
2019-11-14 15:08:44,765 [grpc-default-executor-1] INFO  impl.FollowerInfo (FollowerInfo.java:lambda$new$0(51)) - dadbf9b0-b155-425e-bdd4-f6aced2428ca@group-CE93C81AF12A->2f24271a-73a2-4678-8a2d-efde1b9a7c05: nextIndex: updateUnconditionally 0 -> 0
2019-11-14 15:08:44,969 [grpc-default-executor-3] WARN  server.GrpcLogAppender (LogUtils.java:warn(134)) - dd0e1198-6ba1-4c32-9ce2-054c25212f92@group-877CB685509D->86084ec4-dae7-4808-81c8-289a21d6f4dc-AppendLogResponseHandler: Failed appendEntries: org.apache.ratis.thirdparty.io.grpc.StatusRuntimeException: UNAVAILABLE: io exception
2019-11-14 15:08:44,969 [grpc-default-executor-3] INFO  impl.FollowerInfo (FollowerInfo.java:lambda$new$0(51)) - dd0e1198-6ba1-4c32-9ce2-054c25212f92@group-877CB685509D->86084ec4-dae7-4808-81c8-289a21d6f4dc: nextIndex: updateUnconditionally 0 -> 0
2019-11-14 15:08:45,250 [main] INFO  ozoneimpl.OzoneContainer (OzoneContainer.java:stop(244)) - Attempting to stop container services.
2019-11-14 15:08:45,250 [ForkJoinPool.commonPool-worker-0] INFO  ozoneimpl.OzoneContainer (OzoneContainer.java:stop(244)) - Attempting to stop container services.
2019-11-14 15:08:45,251 [main] INFO  impl.RaftServerProxy (RaftServerProxy.java:lambda$close$4(314)) - dadbf9b0-b155-425e-bdd4-f6aced2428ca: close
2019-11-14 15:08:45,251 [ForkJoinPool.commonPool-worker-0] INFO  impl.RaftServerProxy (RaftServerProxy.java:lambda$close$4(314)) - 09f4ece9-71c1-4a5b-9b91-b2a8aadac043: close
2019-11-14 15:08:45,251 [main] INFO  impl.RaftServerImpl (RaftServerImpl.java:lambda$shutdown$3(250)) - dadbf9b0-b155-425e-bdd4-f6aced2428ca@group-CE93C81AF12A: shutdown
2019-11-14 15:08:45,251 [ForkJoinPool.commonPool-worker-0] INFO  impl.RaftServerImpl (RaftServerImpl.java:lambda$shutdown$3(250)) - 09f4ece9-71c1-4a5b-9b91-b2a8aadac043@group-4CFD150B493F: shutdown
2019-11-14 15:08:45,252 [main] INFO  util.JmxRegister (JmxRegister.java:unregister(73)) - Successfully un-registered JMX Bean with object name Ratis:service=RaftServer,group=group-CE93C81AF12A,id=dadbf9b0-b155-425e-bdd4-f6aced2428ca
2019-11-14 15:08:45,252 [ForkJoinPool.commonPool-worker-0] INFO  util.JmxRegister (JmxRegister.java:unregister(73)) - Successfully un-registered JMX Bean with object name Ratis:service=RaftServer,group=group-4CFD150B493F,id=09f4ece9-71c1-4a5b-9b91-b2a8aadac043
2019-11-14 15:08:45,252 [main] INFO  impl.RoleInfo (RoleInfo.java:shutdownLeaderState(104)) - dadbf9b0-b155-425e-bdd4-f6aced2428ca: shutdown LeaderState
2019-11-14 15:08:45,252 [ForkJoinPool.commonPool-worker-0] INFO  impl.RoleInfo (RoleInfo.java:shutdownLeaderState(104)) - 09f4ece9-71c1-4a5b-9b91-b2a8aadac043: shutdown LeaderState
2019-11-14 15:08:45,255 [main] INFO  impl.PendingRequests (PendingRequests.java:sendNotLeaderResponses(206)) - dadbf9b0-b155-425e-bdd4-f6aced2428ca@group-CE93C81AF12A-PendingRequests: sendNotLeaderResponses
2019-11-14 15:08:45,255 [ForkJoinPool.commonPool-worker-0] INFO  impl.PendingRequests (PendingRequests.java:sendNotLeaderResponses(206)) - 09f4ece9-71c1-4a5b-9b91-b2a8aadac043@group-4CFD150B493F-PendingRequests: sendNotLeaderResponses
2019-11-14 15:08:45,255 [org.apache.ratis.server.impl.LogAppender$AppenderDaemon$$Lambda$463/184788748@1d5a7639] WARN  server.GrpcLogAppender (GrpcLogAppender.java:mayWait(151)) - dadbf9b0-b155-425e-bdd4-f6aced2428ca@group-CE93C81AF12A->a96edad4-0b0c-48cb-948a-93b2fbf7c409-GrpcLogAppender: Wait interrupted by java.lang.InterruptedException
2019-11-14 15:08:45,255 [org.apache.ratis.server.impl.LogAppender$AppenderDaemon$$Lambda$463/184788748@5858ebf6] WARN  server.GrpcLogAppender (GrpcLogAppender.java:mayWait(151)) - dadbf9b0-b155-425e-bdd4-f6aced2428ca@group-CE93C81AF12A->2f24271a-73a2-4678-8a2d-efde1b9a7c05-GrpcLogAppender: Wait interrupted by java.lang.InterruptedException
2019-11-14 15:08:45,256 [main] INFO  impl.StateMachineUpdater (StateMachineUpdater.java:stopAndJoin(136)) - dadbf9b0-b155-425e-bdd4-f6aced2428ca@group-CE93C81AF12A-StateMachineUpdater: set stopIndex = 0
2019-11-14 15:08:45,256 [ForkJoinPool.commonPool-worker-0] INFO  impl.StateMachineUpdater (StateMachineUpdater.java:stopAndJoin(136)) - 09f4ece9-71c1-4a5b-9b91-b2a8aadac043@group-4CFD150B493F-StateMachineUpdater: set stopIndex = 0
2019-11-14 15:08:45,256 [ForkJoinPool.commonPool-worker-0] INFO  impl.RaftServerImpl (ServerState.java:close(387)) - 09f4ece9-71c1-4a5b-9b91-b2a8aadac043@group-4CFD150B493F: closes. applyIndex: 0
2019-11-14 15:08:45,256 [main] INFO  impl.RaftServerImpl (ServerState.java:close(387)) - dadbf9b0-b155-425e-bdd4-f6aced2428ca@group-CE93C81AF12A: closes. applyIndex: 0
2019-11-14 15:08:45,257 [grpc-default-executor-3] INFO  server.GrpcServerProtocolService (GrpcServerProtocolService.java:onCompleted(113)) - a96edad4-0b0c-48cb-948a-93b2fbf7c409: Completed APPEND_ENTRIES, lastRequest: dadbf9b0-b155-425e-bdd4-f6aced2428ca->a96edad4-0b0c-48cb-948a-93b2fbf7c409#65-t2, previous=(t:2, i:0), leaderCommit=0, initializing? false, entries: <empty>
2019-11-14 15:08:45,257 [09f4ece9-71c1-4a5b-9b91-b2a8aadac043@group-4CFD150B493F-SegmentedRaftLogWorker] INFO  segmented.SegmentedRaftLogWorker (SegmentedRaftLogWorker.java:run(316)) - 09f4ece9-71c1-4a5b-9b91-b2a8aadac043@group-4CFD150B493F-SegmentedRaftLogWorker was interrupted, exiting. There are 0 tasks remaining in the queue.
2019-11-14 15:08:45,257 [dadbf9b0-b155-425e-bdd4-f6aced2428ca@group-CE93C81AF12A-SegmentedRaftLogWorker] INFO  segmented.SegmentedRaftLogWorker (SegmentedRaftLogWorker.java:run(316)) - dadbf9b0-b155-425e-bdd4-f6aced2428ca@group-CE93C81AF12A-SegmentedRaftLogWorker was interrupted, exiting. There are 0 tasks remaining in the queue.
2019-11-14 15:08:45,259 [ForkJoinPool.commonPool-worker-0] INFO  segmented.SegmentedRaftLogWorker (SegmentedRaftLogWorker.java:close(224)) - 09f4ece9-71c1-4a5b-9b91-b2a8aadac043@group-4CFD150B493F-SegmentedRaftLogWorker close()
2019-11-14 15:08:45,259 [main] INFO  segmented.SegmentedRaftLogWorker (SegmentedRaftLogWorker.java:close(224)) - dadbf9b0-b155-425e-bdd4-f6aced2428ca@group-CE93C81AF12A-SegmentedRaftLogWorker close()
2019-11-14 15:08:45,261 [ForkJoinPool.commonPool-worker-0] INFO  impl.RaftServerImpl (RaftServerImpl.java:lambda$shutdown$3(250)) - 09f4ece9-71c1-4a5b-9b91-b2a8aadac043@group-877CB685509D: shutdown
2019-11-14 15:08:45,263 [main] INFO  impl.RaftServerImpl (RaftServerImpl.java:lambda$shutdown$3(250)) - dadbf9b0-b155-425e-bdd4-f6aced2428ca@group-08FF9A873941: shutdown
2019-11-14 15:08:45,263 [ForkJoinPool.commonPool-worker-0] INFO  util.JmxRegister (JmxRegister.java:unregister(73)) - Successfully un-registered JMX Bean with object name Ratis:service=RaftServer,group=group-877CB685509D,id=09f4ece9-71c1-4a5b-9b91-b2a8aadac043
2019-11-14 15:08:45,263 [grpc-default-executor-3] INFO  server.GrpcLogAppender (GrpcLogAppender.java:onCompleted(308)) - dadbf9b0-b155-425e-bdd4-f6aced2428ca@group-CE93C81AF12A->a96edad4-0b0c-48cb-948a-93b2fbf7c409-AppendLogResponseHandler: follower responses appendEntries COMPLETED
2019-11-14 15:08:45,263 [ForkJoinPool.commonPool-worker-0] INFO  impl.RoleInfo (RoleInfo.java:shutdownFollowerState(121)) - 09f4ece9-71c1-4a5b-9b91-b2a8aadac043: shutdown FollowerState
2019-11-14 15:08:45,263 [main] INFO  util.JmxRegister (JmxRegister.java:unregister(73)) - Successfully un-registered JMX Bean with object name Ratis:service=RaftServer,group=group-08FF9A873941,id=dadbf9b0-b155-425e-bdd4-f6aced2428ca
2019-11-14 15:08:45,264 [main] INFO  impl.RoleInfo (RoleInfo.java:shutdownLeaderState(104)) - dadbf9b0-b155-425e-bdd4-f6aced2428ca: shutdown LeaderState
2019-11-14 15:08:45,264 [Thread-1530] INFO  impl.FollowerState (FollowerState.java:run(120)) - 09f4ece9-71c1-4a5b-9b91-b2a8aadac043@group-877CB685509D-FollowerState was interrupted: java.lang.InterruptedException: sleep interrupted
2019-11-14 15:08:45,264 [ForkJoinPool.commonPool-worker-0] INFO  impl.StateMachineUpdater (StateMachineUpdater.java:stopAndJoin(136)) - 09f4ece9-71c1-4a5b-9b91-b2a8aadac043@group-877CB685509D-StateMachineUpdater: set stopIndex = 0
2019-11-14 15:08:45,264 [main] INFO  impl.PendingRequests (PendingRequests.java:sendNotLeaderResponses(206)) - dadbf9b0-b155-425e-bdd4-f6aced2428ca@group-08FF9A873941-PendingRequests: sendNotLeaderResponses
2019-11-14 15:08:45,264 [grpc-default-executor-3] INFO  impl.FollowerInfo (FollowerInfo.java:lambda$new$0(51)) - dadbf9b0-b155-425e-bdd4-f6aced2428ca@group-CE93C81AF12A->a96edad4-0b0c-48cb-948a-93b2fbf7c409: nextIndex: updateUnconditionally 1 -> 0
2019-11-14 15:08:45,265 [main] INFO  impl.StateMachineUpdater (StateMachineUpdater.java:stopAndJoin(136)) - dadbf9b0-b155-425e-bdd4-f6aced2428ca@group-08FF9A873941-StateMachineUpdater: set stopIndex = 0
2019-11-14 15:08:45,265 [ForkJoinPool.commonPool-worker-0] INFO  impl.RaftServerImpl (ServerState.java:close(387)) - 09f4ece9-71c1-4a5b-9b91-b2a8aadac043@group-877CB685509D: closes. applyIndex: 0
2019-11-14 15:08:45,265 [main] INFO  impl.RaftServerImpl (ServerState.java:close(387)) - dadbf9b0-b155-425e-bdd4-f6aced2428ca@group-08FF9A873941: closes. applyIndex: 0
2019-11-14 15:08:45,266 [09f4ece9-71c1-4a5b-9b91-b2a8aadac043@group-877CB685509D-SegmentedRaftLogWorker] INFO  segmented.SegmentedRaftLogWorker (SegmentedRaftLogWorker.java:run(316)) - 09f4ece9-71c1-4a5b-9b91-b2a8aadac043@group-877CB685509D-SegmentedRaftLogWorker was interrupted, exiting. There are 0 tasks remaining in the queue.
2019-11-14 15:08:45,266 [dadbf9b0-b155-425e-bdd4-f6aced2428ca@group-08FF9A873941-SegmentedRaftLogWorker] INFO  segmented.SegmentedRaftLogWorker (SegmentedRaftLogWorker.java:run(316)) - dadbf9b0-b155-425e-bdd4-f6aced2428ca@group-08FF9A873941-SegmentedRaftLogWorker was interrupted, exiting. There are 0 tasks remaining in the queue.
2019-11-14 15:08:45,267 [ForkJoinPool.commonPool-worker-0] INFO  segmented.SegmentedRaftLogWorker (SegmentedRaftLogWorker.java:close(224)) - 09f4ece9-71c1-4a5b-9b91-b2a8aadac043@group-877CB685509D-SegmentedRaftLogWorker close()
2019-11-14 15:08:45,268 [main] INFO  segmented.SegmentedRaftLogWorker (SegmentedRaftLogWorker.java:close(224)) - dadbf9b0-b155-425e-bdd4-f6aced2428ca@group-08FF9A873941-SegmentedRaftLogWorker close()
2019-11-14 15:08:45,269 [ForkJoinPool.commonPool-worker-0] INFO  server.GrpcService (GrpcService.java:closeImpl(164)) - 09f4ece9-71c1-4a5b-9b91-b2a8aadac043: shutdown server with port 45559 now
2019-11-14 15:08:45,271 [main] INFO  server.GrpcService (GrpcService.java:closeImpl(164)) - dadbf9b0-b155-425e-bdd4-f6aced2428ca: shutdown server with port 40592 now
2019-11-14 15:08:45,272 [main] INFO  server.GrpcService (GrpcService.java:closeImpl(172)) - dadbf9b0-b155-425e-bdd4-f6aced2428ca: shutdown server with port 40592 successfully
2019-11-14 15:08:45,272 [grpc-default-executor-1] WARN  server.GrpcServerProtocolService (LogUtils.java:warn(134)) - 09f4ece9-71c1-4a5b-9b91-b2a8aadac043: installSnapshot onError, lastRequest: dd0e1198-6ba1-4c32-9ce2-054c25212f92->09f4ece9-71c1-4a5b-9b91-b2a8aadac043#67-t1, previous=(t:1, i:0), leaderCommit=0, initializing? false, entries: <empty>: org.apache.ratis.thirdparty.io.grpc.StatusRuntimeException: CANCELLED: cancelled before receiving half close
2019-11-14 15:08:45,272 [ForkJoinPool.commonPool-worker-0] INFO  server.GrpcService (GrpcService.java:closeImpl(172)) - 09f4ece9-71c1-4a5b-9b91-b2a8aadac043: shutdown server with port 45559 successfully
2019-11-14 15:08:45,272 [grpc-default-executor-3] WARN  server.GrpcLogAppender (LogUtils.java:warn(134)) - dd0e1198-6ba1-4c32-9ce2-054c25212f92@group-877CB685509D->09f4ece9-71c1-4a5b-9b91-b2a8aadac043-AppendLogResponseHandler: Failed appendEntries: org.apache.ratis.thirdparty.io.grpc.StatusRuntimeException: CANCELLED: HTTP/2 error code: CANCEL
Received Rst Stream
2019-11-14 15:08:45,273 [grpc-default-executor-3] INFO  impl.FollowerInfo (FollowerInfo.java:lambda$new$0(51)) - dd0e1198-6ba1-4c32-9ce2-054c25212f92@group-877CB685509D->09f4ece9-71c1-4a5b-9b91-b2a8aadac043: nextIndex: updateUnconditionally 1 -> 0
2019-11-14 15:08:45,274 [refreshUsed-/workdir/hadoop-ozone/integration-test/target/test-dir/MiniOzoneClusterImpl-6b3e2517-75a7-4dd9-8054-0b12e404e591/datanode-9/data/containers] WARN  fs.CachingGetSpaceUsed (CachingGetSpaceUsed.java:run(183)) - Thread Interrupted waiting to refresh disk information: sleep interrupted
2019-11-14 15:08:45,275 [refreshUsed-/workdir/hadoop-ozone/integration-test/target/test-dir/MiniOzoneClusterImpl-6b3e2517-75a7-4dd9-8054-0b12e404e591/datanode-0/data/containers] WARN  fs.CachingGetSpaceUsed (CachingGetSpaceUsed.java:run(183)) - Thread Interrupted waiting to refresh disk information: sleep interrupted
2019-11-14 15:08:45,293 [main] INFO  utils.BackgroundService (BackgroundService.java:shutdown(151)) - Shutting down service BlockDeletingService
2019-11-14 15:08:45,295 [main] INFO  statemachine.DatanodeStateMachine (DatanodeStateMachine.java:stopDaemon(395)) - Ozone container server stopped.
2019-11-14 15:08:45,296 [main] INFO  handler.ContextHandler (ContextHandler.java:doStop(910)) - Stopped o.e.j.w.WebAppContext@34be065a{/,null,UNAVAILABLE}{/hddsDatanode}
2019-11-14 15:08:45,297 [ForkJoinPool.commonPool-worker-0] INFO  utils.BackgroundService (BackgroundService.java:shutdown(151)) - Shutting down service BlockDeletingService
2019-11-14 15:08:45,297 [main] INFO  server.AbstractConnector (AbstractConnector.java:doStop(318)) - Stopped ServerConnector@718f805a{HTTP/1.1,[http/1.1]}{0.0.0.0:0}
2019-11-14 15:08:45,299 [ForkJoinPool.commonPool-worker-0] INFO  statemachine.DatanodeStateMachine (DatanodeStateMachine.java:stopDaemon(395)) - Ozone container server stopped.
2019-11-14 15:08:45,299 [main] INFO  handler.ContextHandler (ContextHandler.java:doStop(910)) - Stopped o.e.j.s.ServletContextHandler@106b014e{/static,jar:file:/home/user/.m2/repository/org/apache/hadoop/hadoop-hdds-container-service/0.5.0-SNAPSHOT/hadoop-hdds-container-service-0.5.0-SNAPSHOT.jar!/webapps/static,UNAVAILABLE}
2019-11-14 15:08:45,300 [main] INFO  handler.ContextHandler (ContextHandler.java:doStop(910)) - Stopped o.e.j.s.ServletContextHandler@ab24484{/logs,file:///workdir/hadoop-ozone/integration-test/target/log,UNAVAILABLE}
2019-11-14 15:08:45,301 [ForkJoinPool.commonPool-worker-0] INFO  handler.ContextHandler (ContextHandler.java:doStop(910)) - Stopped o.e.j.w.WebAppContext@798256c5{/,null,UNAVAILABLE}{/hddsDatanode}
2019-11-14 15:08:45,302 [ForkJoinPool.commonPool-worker-0] INFO  server.AbstractConnector (AbstractConnector.java:doStop(318)) - Stopped ServerConnector@7ec95456{HTTP/1.1,[http/1.1]}{0.0.0.0:0}
2019-11-14 15:08:45,302 [ForkJoinPool.commonPool-worker-0] INFO  handler.ContextHandler (ContextHandler.java:doStop(910)) - Stopped o.e.j.s.ServletContextHandler@66cd621b{/static,jar:file:/home/user/.m2/repository/org/apache/hadoop/hadoop-hdds-container-service/0.5.0-SNAPSHOT/hadoop-hdds-container-service-0.5.0-SNAPSHOT.jar!/webapps/static,UNAVAILABLE}
2019-11-14 15:08:45,302 [ForkJoinPool.commonPool-worker-0] INFO  handler.ContextHandler (ContextHandler.java:doStop(910)) - Stopped o.e.j.s.ServletContextHandler@65bad087{/logs,file:///workdir/hadoop-ozone/integration-test/target/log,UNAVAILABLE}
2019-11-14 15:08:45,418 [grpc-default-executor-6] WARN  server.GrpcLogAppender (LogUtils.java:warn(134)) - dd0e1198-6ba1-4c32-9ce2-054c25212f92@group-877CB685509D->09f4ece9-71c1-4a5b-9b91-b2a8aadac043-AppendLogResponseHandler: Failed appendEntries: org.apache.ratis.thirdparty.io.grpc.StatusRuntimeException: UNAVAILABLE: io exception
2019-11-14 15:08:45,418 [grpc-default-executor-6] INFO  impl.FollowerInfo (FollowerInfo.java:lambda$new$0(51)) - dd0e1198-6ba1-4c32-9ce2-054c25212f92@group-877CB685509D->09f4ece9-71c1-4a5b-9b91-b2a8aadac043: nextIndex: updateUnconditionally 0 -> 0
2019-11-14 15:08:45,469 [grpc-default-executor-6] WARN  server.GrpcLogAppender (LogUtils.java:warn(134)) - dd0e1198-6ba1-4c32-9ce2-054c25212f92@group-877CB685509D->86084ec4-dae7-4808-81c8-289a21d6f4dc-AppendLogResponseHandler: Failed appendEntries: org.apache.ratis.thirdparty.io.grpc.StatusRuntimeException: UNAVAILABLE: io exception
2019-11-14 15:08:45,469 [grpc-default-executor-6] INFO  impl.FollowerInfo (FollowerInfo.java:lambda$new$0(51)) - dd0e1198-6ba1-4c32-9ce2-054c25212f92@group-877CB685509D->86084ec4-dae7-4808-81c8-289a21d6f4dc: nextIndex: updateUnconditionally 0 -> 0
2019-11-14 15:08:45,607 [Datanode State Machine Thread - 0] INFO  statemachine.DatanodeStateMachine (DatanodeStateMachine.java:lambda$startDaemon$0(350)) - Ozone container server started.
2019-11-14 15:08:45,749 [Datanode State Machine Thread - 0] INFO  statemachine.DatanodeStateMachine (DatanodeStateMachine.java:lambda$startDaemon$0(350)) - Ozone container server started.
2019-11-14 15:08:45,918 [grpc-default-executor-3] WARN  server.GrpcLogAppender (LogUtils.java:warn(134)) - dd0e1198-6ba1-4c32-9ce2-054c25212f92@group-877CB685509D->09f4ece9-71c1-4a5b-9b91-b2a8aadac043-AppendLogResponseHandler: Failed appendEntries: org.apache.ratis.thirdparty.io.grpc.StatusRuntimeException: UNAVAILABLE: io exception
2019-11-14 15:08:45,919 [grpc-default-executor-3] INFO  impl.FollowerInfo (FollowerInfo.java:lambda$new$0(51)) - dd0e1198-6ba1-4c32-9ce2-054c25212f92@group-877CB685509D->09f4ece9-71c1-4a5b-9b91-b2a8aadac043: nextIndex: updateUnconditionally 0 -> 0
2019-11-14 15:08:45,970 [grpc-default-executor-1] WARN  server.GrpcLogAppender (LogUtils.java:warn(134)) - dd0e1198-6ba1-4c32-9ce2-054c25212f92@group-877CB685509D->86084ec4-dae7-4808-81c8-289a21d6f4dc-AppendLogResponseHandler: Failed appendEntries: org.apache.ratis.thirdparty.io.grpc.StatusRuntimeException: UNAVAILABLE: io exception
2019-11-14 15:08:45,971 [grpc-default-executor-1] INFO  impl.FollowerInfo (FollowerInfo.java:lambda$new$0(51)) - dd0e1198-6ba1-4c32-9ce2-054c25212f92@group-877CB685509D->86084ec4-dae7-4808-81c8-289a21d6f4dc: nextIndex: updateUnconditionally 0 -> 0
2019-11-14 15:08:46,419 [grpc-default-executor-6] WARN  server.GrpcLogAppender (LogUtils.java:warn(134)) - dd0e1198-6ba1-4c32-9ce2-054c25212f92@group-877CB685509D->09f4ece9-71c1-4a5b-9b91-b2a8aadac043-AppendLogResponseHandler: Failed appendEntries: org.apache.ratis.thirdparty.io.grpc.StatusRuntimeException: UNAVAILABLE: io exception
2019-11-14 15:08:46,420 [grpc-default-executor-6] INFO  impl.FollowerInfo (FollowerInfo.java:lambda$new$0(51)) - dd0e1198-6ba1-4c32-9ce2-054c25212f92@group-877CB685509D->09f4ece9-71c1-4a5b-9b91-b2a8aadac043: nextIndex: updateUnconditionally 0 -> 0
2019-11-14 15:08:46,471 [grpc-default-executor-3] WARN  server.GrpcLogAppender (LogUtils.java:warn(134)) - dd0e1198-6ba1-4c32-9ce2-054c25212f92@group-877CB685509D->86084ec4-dae7-4808-81c8-289a21d6f4dc-AppendLogResponseHandler: Failed appendEntries: org.apache.ratis.thirdparty.io.grpc.StatusRuntimeException: UNAVAILABLE: io exception
2019-11-14 15:08:46,471 [grpc-default-executor-3] INFO  impl.FollowerInfo (FollowerInfo.java:lambda$new$0(51)) - dd0e1198-6ba1-4c32-9ce2-054c25212f92@group-877CB685509D->86084ec4-dae7-4808-81c8-289a21d6f4dc: nextIndex: updateUnconditionally 0 -> 0
2019-11-14 15:08:46,920 [grpc-default-executor-1] WARN  server.GrpcLogAppender (LogUtils.java:warn(134)) - dd0e1198-6ba1-4c32-9ce2-054c25212f92@group-877CB685509D->09f4ece9-71c1-4a5b-9b91-b2a8aadac043-AppendLogResponseHandler: Failed appendEntries: org.apache.ratis.thirdparty.io.grpc.StatusRuntimeException: UNAVAILABLE: io exception
2019-11-14 15:08:46,920 [grpc-default-executor-1] INFO  impl.FollowerInfo (FollowerInfo.java:lambda$new$0(51)) - dd0e1198-6ba1-4c32-9ce2-054c25212f92@group-877CB685509D->09f4ece9-71c1-4a5b-9b91-b2a8aadac043: nextIndex: updateUnconditionally 0 -> 0
2019-11-14 15:08:46,936 [Thread-1559] INFO  impl.FollowerState (FollowerState.java:run(111)) - a96edad4-0b0c-48cb-948a-93b2fbf7c409@group-CE93C81AF12A-FollowerState: change to CANDIDATE, lastRpcTime:2166ms, electionTimeout:1045ms
2019-11-14 15:08:46,937 [Thread-1559] INFO  impl.RoleInfo (RoleInfo.java:shutdownFollowerState(121)) - a96edad4-0b0c-48cb-948a-93b2fbf7c409: shutdown FollowerState
2019-11-14 15:08:46,937 [Thread-1559] INFO  impl.RaftServerImpl (RaftServerImpl.java:setRole(173)) - a96edad4-0b0c-48cb-948a-93b2fbf7c409@group-CE93C81AF12A: changes role from  FOLLOWER to CANDIDATE at term 2 for changeToCandidate
2019-11-14 15:08:46,937 [Thread-1559] INFO  impl.RoleInfo (RoleInfo.java:updateAndGet(143)) - a96edad4-0b0c-48cb-948a-93b2fbf7c409: start LeaderElection
2019-11-14 15:08:46,937 [a96edad4-0b0c-48cb-948a-93b2fbf7c409@group-CE93C81AF12A-LeaderElection95] INFO  impl.RaftServerImpl (ServerState.java:setLeader(255)) - a96edad4-0b0c-48cb-948a-93b2fbf7c409@group-CE93C81AF12A: change Leader from dadbf9b0-b155-425e-bdd4-f6aced2428ca to null at term 2 for initElection
2019-11-14 15:08:46,952 [a96edad4-0b0c-48cb-948a-93b2fbf7c409@group-CE93C81AF12A-LeaderElection95] INFO  impl.LeaderElection (LeaderElection.java:askForVotes(178)) - a96edad4-0b0c-48cb-948a-93b2fbf7c409@group-CE93C81AF12A-LeaderElection95: begin an election at term 3 for 0: [a96edad4-0b0c-48cb-948a-93b2fbf7c409:192.168.34.62:43006, 2f24271a-73a2-4678-8a2d-efde1b9a7c05:192.168.34.62:38626, dadbf9b0-b155-425e-bdd4-f6aced2428ca:192.168.34.62:40592], old=null
2019-11-14 15:08:46,954 [a96edad4-0b0c-48cb-948a-93b2fbf7c409@group-CE93C81AF12A-LeaderElection95] INFO  impl.LeaderElection (LogUtils.java:infoOrTrace(149)) - a96edad4-0b0c-48cb-948a-93b2fbf7c409@group-CE93C81AF12A-LeaderElection95 got exception when requesting votes: {}
java.util.concurrent.ExecutionException: org.apache.ratis.thirdparty.io.grpc.StatusRuntimeException: UNAVAILABLE: io exception
	at java.util.concurrent.FutureTask.report(FutureTask.java:122)
	at java.util.concurrent.FutureTask.get(FutureTask.java:192)
	at org.apache.ratis.server.impl.LeaderElection.waitForResults(LeaderElection.java:259)
	at org.apache.ratis.server.impl.LeaderElection.askForVotes(LeaderElection.java:197)
	at org.apache.ratis.server.impl.LeaderElection.run(LeaderElection.java:133)
	at java.lang.Thread.run(Thread.java:748)
Caused by: org.apache.ratis.thirdparty.io.grpc.StatusRuntimeException: UNAVAILABLE: io exception
	at org.apache.ratis.thirdparty.io.grpc.stub.ClientCalls.toStatusRuntimeException(ClientCalls.java:233)
	at org.apache.ratis.thirdparty.io.grpc.stub.ClientCalls.getUnchecked(ClientCalls.java:214)
	at org.apache.ratis.thirdparty.io.grpc.stub.ClientCalls.blockingUnaryCall(ClientCalls.java:139)
	at org.apache.ratis.proto.grpc.RaftServerProtocolServiceGrpc$RaftServerProtocolServiceBlockingStub.requestVote(RaftServerProtocolServiceGrpc.java:265)
	at org.apache.ratis.grpc.server.GrpcServerProtocolClient.requestVote(GrpcServerProtocolClient.java:99)
	at org.apache.ratis.grpc.server.GrpcService.requestVote(GrpcService.java:204)
	at org.apache.ratis.server.impl.LeaderElection.lambda$submitRequests$1(LeaderElection.java:234)
	at java.util.concurrent.FutureTask.run(FutureTask.java:266)
	at java.util.concurrent.Executors$RunnableAdapter.call(Executors.java:511)
	at java.util.concurrent.FutureTask.run(FutureTask.java:266)
	at java.util.concurrent.ThreadPoolExecutor.runWorker(ThreadPoolExecutor.java:1149)
	at java.util.concurrent.ThreadPoolExecutor$Worker.run(ThreadPoolExecutor.java:624)
	... 1 more
Caused by: org.apache.ratis.thirdparty.io.netty.channel.AbstractChannel$AnnotatedConnectException: Connection refused: /192.168.34.62:38626
	at sun.nio.ch.SocketChannelImpl.checkConnect(Native Method)
	at sun.nio.ch.SocketChannelImpl.finishConnect(SocketChannelImpl.java:717)
	at org.apache.ratis.thirdparty.io.netty.channel.socket.nio.NioSocketChannel.doFinishConnect(NioSocketChannel.java:327)
	at org.apache.ratis.thirdparty.io.netty.channel.nio.AbstractNioChannel$AbstractNioUnsafe.finishConnect(AbstractNioChannel.java:340)
	at org.apache.ratis.thirdparty.io.netty.channel.nio.NioEventLoop.processSelectedKey(NioEventLoop.java:632)
	at org.apache.ratis.thirdparty.io.netty.channel.nio.NioEventLoop.processSelectedKeysOptimized(NioEventLoop.java:579)
	at org.apache.ratis.thirdparty.io.netty.channel.nio.NioEventLoop.processSelectedKeys(NioEventLoop.java:496)
	at org.apache.ratis.thirdparty.io.netty.channel.nio.NioEventLoop.run(NioEventLoop.java:458)
	at org.apache.ratis.thirdparty.io.netty.util.concurrent.SingleThreadEventExecutor$5.run(SingleThreadEventExecutor.java:897)
	at org.apache.ratis.thirdparty.io.netty.util.concurrent.FastThreadLocalRunnable.run(FastThreadLocalRunnable.java:30)
	... 1 more
Caused by: java.net.ConnectException: Connection refused
	... 11 more
2019-11-14 15:08:46,955 [a96edad4-0b0c-48cb-948a-93b2fbf7c409@group-CE93C81AF12A-LeaderElection95] INFO  impl.LeaderElection (LogUtils.java:infoOrTrace(149)) - a96edad4-0b0c-48cb-948a-93b2fbf7c409@group-CE93C81AF12A-LeaderElection95 got exception when requesting votes: {}
java.util.concurrent.ExecutionException: org.apache.ratis.thirdparty.io.grpc.StatusRuntimeException: UNAVAILABLE: io exception
	at java.util.concurrent.FutureTask.report(FutureTask.java:122)
	at java.util.concurrent.FutureTask.get(FutureTask.java:192)
	at org.apache.ratis.server.impl.LeaderElection.waitForResults(LeaderElection.java:259)
	at org.apache.ratis.server.impl.LeaderElection.askForVotes(LeaderElection.java:197)
	at org.apache.ratis.server.impl.LeaderElection.run(LeaderElection.java:133)
	at java.lang.Thread.run(Thread.java:748)
Caused by: org.apache.ratis.thirdparty.io.grpc.StatusRuntimeException: UNAVAILABLE: io exception
	at org.apache.ratis.thirdparty.io.grpc.stub.ClientCalls.toStatusRuntimeException(ClientCalls.java:233)
	at org.apache.ratis.thirdparty.io.grpc.stub.ClientCalls.getUnchecked(ClientCalls.java:214)
	at org.apache.ratis.thirdparty.io.grpc.stub.ClientCalls.blockingUnaryCall(ClientCalls.java:139)
	at org.apache.ratis.proto.grpc.RaftServerProtocolServiceGrpc$RaftServerProtocolServiceBlockingStub.requestVote(RaftServerProtocolServiceGrpc.java:265)
	at org.apache.ratis.grpc.server.GrpcServerProtocolClient.requestVote(GrpcServerProtocolClient.java:99)
	at org.apache.ratis.grpc.server.GrpcService.requestVote(GrpcService.java:204)
	at org.apache.ratis.server.impl.LeaderElection.lambda$submitRequests$1(LeaderElection.java:234)
	at java.util.concurrent.FutureTask.run(FutureTask.java:266)
	at java.util.concurrent.Executors$RunnableAdapter.call(Executors.java:511)
	at java.util.concurrent.FutureTask.run(FutureTask.java:266)
	at java.util.concurrent.ThreadPoolExecutor.runWorker(ThreadPoolExecutor.java:1149)
	at java.util.concurrent.ThreadPoolExecutor$Worker.run(ThreadPoolExecutor.java:624)
	... 1 more
Caused by: org.apache.ratis.thirdparty.io.netty.channel.AbstractChannel$AnnotatedConnectException: Connection refused: /192.168.34.62:40592
	at sun.nio.ch.SocketChannelImpl.checkConnect(Native Method)
	at sun.nio.ch.SocketChannelImpl.finishConnect(SocketChannelImpl.java:717)
	at org.apache.ratis.thirdparty.io.netty.channel.socket.nio.NioSocketChannel.doFinishConnect(NioSocketChannel.java:327)
	at org.apache.ratis.thirdparty.io.netty.channel.nio.AbstractNioChannel$AbstractNioUnsafe.finishConnect(AbstractNioChannel.java:340)
	at org.apache.ratis.thirdparty.io.netty.channel.nio.NioEventLoop.processSelectedKey(NioEventLoop.java:632)
	at org.apache.ratis.thirdparty.io.netty.channel.nio.NioEventLoop.processSelectedKeysOptimized(NioEventLoop.java:579)
	at org.apache.ratis.thirdparty.io.netty.channel.nio.NioEventLoop.processSelectedKeys(NioEventLoop.java:496)
	at org.apache.ratis.thirdparty.io.netty.channel.nio.NioEventLoop.run(NioEventLoop.java:458)
	at org.apache.ratis.thirdparty.io.netty.util.concurrent.SingleThreadEventExecutor$5.run(SingleThreadEventExecutor.java:897)
	at org.apache.ratis.thirdparty.io.netty.util.concurrent.FastThreadLocalRunnable.run(FastThreadLocalRunnable.java:30)
	... 1 more
Caused by: java.net.ConnectException: Connection refused
	... 11 more
2019-11-14 15:08:46,956 [a96edad4-0b0c-48cb-948a-93b2fbf7c409@group-CE93C81AF12A-LeaderElection95] INFO  impl.LeaderElection (LeaderElection.java:logAndReturn(56)) - a96edad4-0b0c-48cb-948a-93b2fbf7c409@group-CE93C81AF12A-LeaderElection95: Election REJECTED; received 0 response(s) [] and 2 exception(s); a96edad4-0b0c-48cb-948a-93b2fbf7c409@group-CE93C81AF12A:t3, leader=null, voted=a96edad4-0b0c-48cb-948a-93b2fbf7c409, raftlog=a96edad4-0b0c-48cb-948a-93b2fbf7c409@group-CE93C81AF12A-SegmentedRaftLog:OPENED:c0,f0,i0, conf=0: [a96edad4-0b0c-48cb-948a-93b2fbf7c409:192.168.34.62:43006, 2f24271a-73a2-4678-8a2d-efde1b9a7c05:192.168.34.62:38626, dadbf9b0-b155-425e-bdd4-f6aced2428ca:192.168.34.62:40592], old=null
2019-11-14 15:08:46,956 [a96edad4-0b0c-48cb-948a-93b2fbf7c409@group-CE93C81AF12A-LeaderElection95] INFO  impl.LeaderElection (LogUtils.java:infoOrTrace(149)) -   Exception 0: {}
java.util.concurrent.ExecutionException: org.apache.ratis.thirdparty.io.grpc.StatusRuntimeException: UNAVAILABLE: io exception
	at java.util.concurrent.FutureTask.report(FutureTask.java:122)
	at java.util.concurrent.FutureTask.get(FutureTask.java:192)
	at org.apache.ratis.server.impl.LeaderElection.waitForResults(LeaderElection.java:259)
	at org.apache.ratis.server.impl.LeaderElection.askForVotes(LeaderElection.java:197)
	at org.apache.ratis.server.impl.LeaderElection.run(LeaderElection.java:133)
	at java.lang.Thread.run(Thread.java:748)
Caused by: org.apache.ratis.thirdparty.io.grpc.StatusRuntimeException: UNAVAILABLE: io exception
	at org.apache.ratis.thirdparty.io.grpc.stub.ClientCalls.toStatusRuntimeException(ClientCalls.java:233)
	at org.apache.ratis.thirdparty.io.grpc.stub.ClientCalls.getUnchecked(ClientCalls.java:214)
	at org.apache.ratis.thirdparty.io.grpc.stub.ClientCalls.blockingUnaryCall(ClientCalls.java:139)
	at org.apache.ratis.proto.grpc.RaftServerProtocolServiceGrpc$RaftServerProtocolServiceBlockingStub.requestVote(RaftServerProtocolServiceGrpc.java:265)
	at org.apache.ratis.grpc.server.GrpcServerProtocolClient.requestVote(GrpcServerProtocolClient.java:99)
	at org.apache.ratis.grpc.server.GrpcService.requestVote(GrpcService.java:204)
	at org.apache.ratis.server.impl.LeaderElection.lambda$submitRequests$1(LeaderElection.java:234)
	at java.util.concurrent.FutureTask.run(FutureTask.java:266)
	at java.util.concurrent.Executors$RunnableAdapter.call(Executors.java:511)
	at java.util.concurrent.FutureTask.run(FutureTask.java:266)
	at java.util.concurrent.ThreadPoolExecutor.runWorker(ThreadPoolExecutor.java:1149)
	at java.util.concurrent.ThreadPoolExecutor$Worker.run(ThreadPoolExecutor.java:624)
	... 1 more
Caused by: org.apache.ratis.thirdparty.io.netty.channel.AbstractChannel$AnnotatedConnectException: Connection refused: /192.168.34.62:38626
	at sun.nio.ch.SocketChannelImpl.checkConnect(Native Method)
	at sun.nio.ch.SocketChannelImpl.finishConnect(SocketChannelImpl.java:717)
	at org.apache.ratis.thirdparty.io.netty.channel.socket.nio.NioSocketChannel.doFinishConnect(NioSocketChannel.java:327)
	at org.apache.ratis.thirdparty.io.netty.channel.nio.AbstractNioChannel$AbstractNioUnsafe.finishConnect(AbstractNioChannel.java:340)
	at org.apache.ratis.thirdparty.io.netty.channel.nio.NioEventLoop.processSelectedKey(NioEventLoop.java:632)
	at org.apache.ratis.thirdparty.io.netty.channel.nio.NioEventLoop.processSelectedKeysOptimized(NioEventLoop.java:579)
	at org.apache.ratis.thirdparty.io.netty.channel.nio.NioEventLoop.processSelectedKeys(NioEventLoop.java:496)
	at org.apache.ratis.thirdparty.io.netty.channel.nio.NioEventLoop.run(NioEventLoop.java:458)
	at org.apache.ratis.thirdparty.io.netty.util.concurrent.SingleThreadEventExecutor$5.run(SingleThreadEventExecutor.java:897)
	at org.apache.ratis.thirdparty.io.netty.util.concurrent.FastThreadLocalRunnable.run(FastThreadLocalRunnable.java:30)
	... 1 more
Caused by: java.net.ConnectException: Connection refused
	... 11 more
2019-11-14 15:08:46,956 [a96edad4-0b0c-48cb-948a-93b2fbf7c409@group-CE93C81AF12A-LeaderElection95] INFO  impl.LeaderElection (LogUtils.java:infoOrTrace(149)) -   Exception 1: {}
java.util.concurrent.ExecutionException: org.apache.ratis.thirdparty.io.grpc.StatusRuntimeException: UNAVAILABLE: io exception
	at java.util.concurrent.FutureTask.report(FutureTask.java:122)
	at java.util.concurrent.FutureTask.get(FutureTask.java:192)
	at org.apache.ratis.server.impl.LeaderElection.waitForResults(LeaderElection.java:259)
	at org.apache.ratis.server.impl.LeaderElection.askForVotes(LeaderElection.java:197)
	at org.apache.ratis.server.impl.LeaderElection.run(LeaderElection.java:133)
	at java.lang.Thread.run(Thread.java:748)
Caused by: org.apache.ratis.thirdparty.io.grpc.StatusRuntimeException: UNAVAILABLE: io exception
	at org.apache.ratis.thirdparty.io.grpc.stub.ClientCalls.toStatusRuntimeException(ClientCalls.java:233)
	at org.apache.ratis.thirdparty.io.grpc.stub.ClientCalls.getUnchecked(ClientCalls.java:214)
	at org.apache.ratis.thirdparty.io.grpc.stub.ClientCalls.blockingUnaryCall(ClientCalls.java:139)
	at org.apache.ratis.proto.grpc.RaftServerProtocolServiceGrpc$RaftServerProtocolServiceBlockingStub.requestVote(RaftServerProtocolServiceGrpc.java:265)
	at org.apache.ratis.grpc.server.GrpcServerProtocolClient.requestVote(GrpcServerProtocolClient.java:99)
	at org.apache.ratis.grpc.server.GrpcService.requestVote(GrpcService.java:204)
	at org.apache.ratis.server.impl.LeaderElection.lambda$submitRequests$1(LeaderElection.java:234)
	at java.util.concurrent.FutureTask.run(FutureTask.java:266)
	at java.util.concurrent.Executors$RunnableAdapter.call(Executors.java:511)
	at java.util.concurrent.FutureTask.run(FutureTask.java:266)
	at java.util.concurrent.ThreadPoolExecutor.runWorker(ThreadPoolExecutor.java:1149)
	at java.util.concurrent.ThreadPoolExecutor$Worker.run(ThreadPoolExecutor.java:624)
	... 1 more
Caused by: org.apache.ratis.thirdparty.io.netty.channel.AbstractChannel$AnnotatedConnectException: Connection refused: /192.168.34.62:40592
	at sun.nio.ch.SocketChannelImpl.checkConnect(Native Method)
	at sun.nio.ch.SocketChannelImpl.finishConnect(SocketChannelImpl.java:717)
	at org.apache.ratis.thirdparty.io.netty.channel.socket.nio.NioSocketChannel.doFinishConnect(NioSocketChannel.java:327)
	at org.apache.ratis.thirdparty.io.netty.channel.nio.AbstractNioChannel$AbstractNioUnsafe.finishConnect(AbstractNioChannel.java:340)
	at org.apache.ratis.thirdparty.io.netty.channel.nio.NioEventLoop.processSelectedKey(NioEventLoop.java:632)
	at org.apache.ratis.thirdparty.io.netty.channel.nio.NioEventLoop.processSelectedKeysOptimized(NioEventLoop.java:579)
	at org.apache.ratis.thirdparty.io.netty.channel.nio.NioEventLoop.processSelectedKeys(NioEventLoop.java:496)
	at org.apache.ratis.thirdparty.io.netty.channel.nio.NioEventLoop.run(NioEventLoop.java:458)
	at org.apache.ratis.thirdparty.io.netty.util.concurrent.SingleThreadEventExecutor$5.run(SingleThreadEventExecutor.java:897)
	at org.apache.ratis.thirdparty.io.netty.util.concurrent.FastThreadLocalRunnable.run(FastThreadLocalRunnable.java:30)
	... 1 more
Caused by: java.net.ConnectException: Connection refused
	... 11 more
2019-11-14 15:08:46,956 [a96edad4-0b0c-48cb-948a-93b2fbf7c409@group-CE93C81AF12A-LeaderElection95] INFO  impl.RaftServerImpl (RaftServerImpl.java:setRole(173)) - a96edad4-0b0c-48cb-948a-93b2fbf7c409@group-CE93C81AF12A: changes role from CANDIDATE to FOLLOWER at term 3 for DISCOVERED_A_NEW_TERM
2019-11-14 15:08:46,956 [a96edad4-0b0c-48cb-948a-93b2fbf7c409@group-CE93C81AF12A-LeaderElection95] INFO  impl.RoleInfo (RoleInfo.java:shutdownLeaderElection(134)) - a96edad4-0b0c-48cb-948a-93b2fbf7c409: shutdown LeaderElection
2019-11-14 15:08:46,957 [a96edad4-0b0c-48cb-948a-93b2fbf7c409@group-CE93C81AF12A-LeaderElection95] INFO  impl.RoleInfo (RoleInfo.java:updateAndGet(143)) - a96edad4-0b0c-48cb-948a-93b2fbf7c409: start FollowerState
2019-11-14 15:08:46,972 [grpc-default-executor-3] WARN  server.GrpcLogAppender (LogUtils.java:warn(134)) - dd0e1198-6ba1-4c32-9ce2-054c25212f92@group-877CB685509D->86084ec4-dae7-4808-81c8-289a21d6f4dc-AppendLogResponseHandler: Failed appendEntries: org.apache.ratis.thirdparty.io.grpc.StatusRuntimeException: UNAVAILABLE: io exception
2019-11-14 15:08:46,972 [grpc-default-executor-3] INFO  impl.FollowerInfo (FollowerInfo.java:lambda$new$0(51)) - dd0e1198-6ba1-4c32-9ce2-054c25212f92@group-877CB685509D->86084ec4-dae7-4808-81c8-289a21d6f4dc: nextIndex: updateUnconditionally 0 -> 0
2019-11-14 15:08:47,421 [grpc-default-executor-3] WARN  server.GrpcLogAppender (LogUtils.java:warn(134)) - dd0e1198-6ba1-4c32-9ce2-054c25212f92@group-877CB685509D->09f4ece9-71c1-4a5b-9b91-b2a8aadac043-AppendLogResponseHandler: Failed appendEntries: org.apache.ratis.thirdparty.io.grpc.StatusRuntimeException: UNAVAILABLE: io exception
2019-11-14 15:08:47,422 [grpc-default-executor-3] INFO  impl.FollowerInfo (FollowerInfo.java:lambda$new$0(51)) - dd0e1198-6ba1-4c32-9ce2-054c25212f92@group-877CB685509D->09f4ece9-71c1-4a5b-9b91-b2a8aadac043: nextIndex: updateUnconditionally 0 -> 0
2019-11-14 15:08:47,472 [grpc-default-executor-3] WARN  server.GrpcLogAppender (LogUtils.java:warn(134)) - dd0e1198-6ba1-4c32-9ce2-054c25212f92@group-877CB685509D->86084ec4-dae7-4808-81c8-289a21d6f4dc-AppendLogResponseHandler: Failed appendEntries: org.apache.ratis.thirdparty.io.grpc.StatusRuntimeException: UNAVAILABLE: io exception
2019-11-14 15:08:47,473 [grpc-default-executor-3] INFO  impl.FollowerInfo (FollowerInfo.java:lambda$new$0(51)) - dd0e1198-6ba1-4c32-9ce2-054c25212f92@group-877CB685509D->86084ec4-dae7-4808-81c8-289a21d6f4dc: nextIndex: updateUnconditionally 0 -> 0
2019-11-14 15:08:47,925 [grpc-default-executor-3] WARN  server.GrpcLogAppender (LogUtils.java:warn(134)) - dd0e1198-6ba1-4c32-9ce2-054c25212f92@group-877CB685509D->09f4ece9-71c1-4a5b-9b91-b2a8aadac043-AppendLogResponseHandler: Failed appendEntries: org.apache.ratis.thirdparty.io.grpc.StatusRuntimeException: UNAVAILABLE: io exception
2019-11-14 15:08:47,926 [grpc-default-executor-3] INFO  impl.FollowerInfo (FollowerInfo.java:lambda$new$0(51)) - dd0e1198-6ba1-4c32-9ce2-054c25212f92@group-877CB685509D->09f4ece9-71c1-4a5b-9b91-b2a8aadac043: nextIndex: updateUnconditionally 0 -> 0
2019-11-14 15:08:47,973 [grpc-default-executor-3] WARN  server.GrpcLogAppender (LogUtils.java:warn(134)) - dd0e1198-6ba1-4c32-9ce2-054c25212f92@group-877CB685509D->86084ec4-dae7-4808-81c8-289a21d6f4dc-AppendLogResponseHandler: Failed appendEntries: org.apache.ratis.thirdparty.io.grpc.StatusRuntimeException: UNAVAILABLE: io exception
2019-11-14 15:08:47,974 [grpc-default-executor-3] INFO  impl.FollowerInfo (FollowerInfo.java:lambda$new$0(51)) - dd0e1198-6ba1-4c32-9ce2-054c25212f92@group-877CB685509D->86084ec4-dae7-4808-81c8-289a21d6f4dc: nextIndex: updateUnconditionally 0 -> 0
2019-11-14 15:08:48,023 [Thread-1878] INFO  impl.FollowerState (FollowerState.java:run(111)) - a96edad4-0b0c-48cb-948a-93b2fbf7c409@group-CE93C81AF12A-FollowerState: change to CANDIDATE, lastRpcTime:1066ms, electionTimeout:1066ms
2019-11-14 15:08:48,024 [Thread-1878] INFO  impl.RoleInfo (RoleInfo.java:shutdownFollowerState(121)) - a96edad4-0b0c-48cb-948a-93b2fbf7c409: shutdown FollowerState
2019-11-14 15:08:48,024 [Thread-1878] INFO  impl.RaftServerImpl (RaftServerImpl.java:setRole(173)) - a96edad4-0b0c-48cb-948a-93b2fbf7c409@group-CE93C81AF12A: changes role from  FOLLOWER to CANDIDATE at term 3 for changeToCandidate
2019-11-14 15:08:48,025 [Thread-1878] INFO  impl.RoleInfo (RoleInfo.java:updateAndGet(143)) - a96edad4-0b0c-48cb-948a-93b2fbf7c409: start LeaderElection
2019-11-14 15:08:48,040 [a96edad4-0b0c-48cb-948a-93b2fbf7c409@group-CE93C81AF12A-LeaderElection96] INFO  impl.LeaderElection (LeaderElection.java:askForVotes(178)) - a96edad4-0b0c-48cb-948a-93b2fbf7c409@group-CE93C81AF12A-LeaderElection96: begin an election at term 4 for 0: [a96edad4-0b0c-48cb-948a-93b2fbf7c409:192.168.34.62:43006, 2f24271a-73a2-4678-8a2d-efde1b9a7c05:192.168.34.62:38626, dadbf9b0-b155-425e-bdd4-f6aced2428ca:192.168.34.62:40592], old=null
2019-11-14 15:08:48,043 [a96edad4-0b0c-48cb-948a-93b2fbf7c409@group-CE93C81AF12A-LeaderElection96] INFO  impl.LeaderElection (LogUtils.java:infoOrTrace(149)) - a96edad4-0b0c-48cb-948a-93b2fbf7c409@group-CE93C81AF12A-LeaderElection96 got exception when requesting votes: {}
java.util.concurrent.ExecutionException: org.apache.ratis.thirdparty.io.grpc.StatusRuntimeException: UNAVAILABLE: io exception
	at java.util.concurrent.FutureTask.report(FutureTask.java:122)
	at java.util.concurrent.FutureTask.get(FutureTask.java:192)
	at org.apache.ratis.server.impl.LeaderElection.waitForResults(LeaderElection.java:259)
	at org.apache.ratis.server.impl.LeaderElection.askForVotes(LeaderElection.java:197)
	at org.apache.ratis.server.impl.LeaderElection.run(LeaderElection.java:133)
	at java.lang.Thread.run(Thread.java:748)
Caused by: org.apache.ratis.thirdparty.io.grpc.StatusRuntimeException: UNAVAILABLE: io exception
	at org.apache.ratis.thirdparty.io.grpc.stub.ClientCalls.toStatusRuntimeException(ClientCalls.java:233)
	at org.apache.ratis.thirdparty.io.grpc.stub.ClientCalls.getUnchecked(ClientCalls.java:214)
	at org.apache.ratis.thirdparty.io.grpc.stub.ClientCalls.blockingUnaryCall(ClientCalls.java:139)
	at org.apache.ratis.proto.grpc.RaftServerProtocolServiceGrpc$RaftServerProtocolServiceBlockingStub.requestVote(RaftServerProtocolServiceGrpc.java:265)
	at org.apache.ratis.grpc.server.GrpcServerProtocolClient.requestVote(GrpcServerProtocolClient.java:99)
	at org.apache.ratis.grpc.server.GrpcService.requestVote(GrpcService.java:204)
	at org.apache.ratis.server.impl.LeaderElection.lambda$submitRequests$1(LeaderElection.java:234)
	at java.util.concurrent.FutureTask.run(FutureTask.java:266)
	at java.util.concurrent.Executors$RunnableAdapter.call(Executors.java:511)
	at java.util.concurrent.FutureTask.run(FutureTask.java:266)
	at java.util.concurrent.ThreadPoolExecutor.runWorker(ThreadPoolExecutor.java:1149)
	at java.util.concurrent.ThreadPoolExecutor$Worker.run(ThreadPoolExecutor.java:624)
	... 1 more
Caused by: org.apache.ratis.thirdparty.io.netty.channel.AbstractChannel$AnnotatedConnectException: Connection refused: /192.168.34.62:38626
	at sun.nio.ch.SocketChannelImpl.checkConnect(Native Method)
	at sun.nio.ch.SocketChannelImpl.finishConnect(SocketChannelImpl.java:717)
	at org.apache.ratis.thirdparty.io.netty.channel.socket.nio.NioSocketChannel.doFinishConnect(NioSocketChannel.java:327)
	at org.apache.ratis.thirdparty.io.netty.channel.nio.AbstractNioChannel$AbstractNioUnsafe.finishConnect(AbstractNioChannel.java:340)
	at org.apache.ratis.thirdparty.io.netty.channel.nio.NioEventLoop.processSelectedKey(NioEventLoop.java:632)
	at org.apache.ratis.thirdparty.io.netty.channel.nio.NioEventLoop.processSelectedKeysOptimized(NioEventLoop.java:579)
	at org.apache.ratis.thirdparty.io.netty.channel.nio.NioEventLoop.processSelectedKeys(NioEventLoop.java:496)
	at org.apache.ratis.thirdparty.io.netty.channel.nio.NioEventLoop.run(NioEventLoop.java:458)
	at org.apache.ratis.thirdparty.io.netty.util.concurrent.SingleThreadEventExecutor$5.run(SingleThreadEventExecutor.java:897)
	at org.apache.ratis.thirdparty.io.netty.util.concurrent.FastThreadLocalRunnable.run(FastThreadLocalRunnable.java:30)
	... 1 more
Caused by: java.net.ConnectException: Connection refused
	... 11 more
2019-11-14 15:08:48,044 [a96edad4-0b0c-48cb-948a-93b2fbf7c409@group-CE93C81AF12A-LeaderElection96] INFO  impl.LeaderElection (LogUtils.java:infoOrTrace(149)) - a96edad4-0b0c-48cb-948a-93b2fbf7c409@group-CE93C81AF12A-LeaderElection96 got exception when requesting votes: {}
java.util.concurrent.ExecutionException: org.apache.ratis.thirdparty.io.grpc.StatusRuntimeException: UNAVAILABLE: io exception
	at java.util.concurrent.FutureTask.report(FutureTask.java:122)
	at java.util.concurrent.FutureTask.get(FutureTask.java:192)
	at org.apache.ratis.server.impl.LeaderElection.waitForResults(LeaderElection.java:259)
	at org.apache.ratis.server.impl.LeaderElection.askForVotes(LeaderElection.java:197)
	at org.apache.ratis.server.impl.LeaderElection.run(LeaderElection.java:133)
	at java.lang.Thread.run(Thread.java:748)
Caused by: org.apache.ratis.thirdparty.io.grpc.StatusRuntimeException: UNAVAILABLE: io exception
	at org.apache.ratis.thirdparty.io.grpc.stub.ClientCalls.toStatusRuntimeException(ClientCalls.java:233)
	at org.apache.ratis.thirdparty.io.grpc.stub.ClientCalls.getUnchecked(ClientCalls.java:214)
	at org.apache.ratis.thirdparty.io.grpc.stub.ClientCalls.blockingUnaryCall(ClientCalls.java:139)
	at org.apache.ratis.proto.grpc.RaftServerProtocolServiceGrpc$RaftServerProtocolServiceBlockingStub.requestVote(RaftServerProtocolServiceGrpc.java:265)
	at org.apache.ratis.grpc.server.GrpcServerProtocolClient.requestVote(GrpcServerProtocolClient.java:99)
	at org.apache.ratis.grpc.server.GrpcService.requestVote(GrpcService.java:204)
	at org.apache.ratis.server.impl.LeaderElection.lambda$submitRequests$1(LeaderElection.java:234)
	at java.util.concurrent.FutureTask.run(FutureTask.java:266)
	at java.util.concurrent.Executors$RunnableAdapter.call(Executors.java:511)
	at java.util.concurrent.FutureTask.run(FutureTask.java:266)
	at java.util.concurrent.ThreadPoolExecutor.runWorker(ThreadPoolExecutor.java:1149)
	at java.util.concurrent.ThreadPoolExecutor$Worker.run(ThreadPoolExecutor.java:624)
	... 1 more
Caused by: org.apache.ratis.thirdparty.io.netty.channel.AbstractChannel$AnnotatedConnectException: Connection refused: /192.168.34.62:40592
	at sun.nio.ch.SocketChannelImpl.checkConnect(Native Method)
	at sun.nio.ch.SocketChannelImpl.finishConnect(SocketChannelImpl.java:717)
	at org.apache.ratis.thirdparty.io.netty.channel.socket.nio.NioSocketChannel.doFinishConnect(NioSocketChannel.java:327)
	at org.apache.ratis.thirdparty.io.netty.channel.nio.AbstractNioChannel$AbstractNioUnsafe.finishConnect(AbstractNioChannel.java:340)
	at org.apache.ratis.thirdparty.io.netty.channel.nio.NioEventLoop.processSelectedKey(NioEventLoop.java:632)
	at org.apache.ratis.thirdparty.io.netty.channel.nio.NioEventLoop.processSelectedKeysOptimized(NioEventLoop.java:579)
	at org.apache.ratis.thirdparty.io.netty.channel.nio.NioEventLoop.processSelectedKeys(NioEventLoop.java:496)
	at org.apache.ratis.thirdparty.io.netty.channel.nio.NioEventLoop.run(NioEventLoop.java:458)
	at org.apache.ratis.thirdparty.io.netty.util.concurrent.SingleThreadEventExecutor$5.run(SingleThreadEventExecutor.java:897)
	at org.apache.ratis.thirdparty.io.netty.util.concurrent.FastThreadLocalRunnable.run(FastThreadLocalRunnable.java:30)
	... 1 more
Caused by: java.net.ConnectException: Connection refused
	... 11 more
2019-11-14 15:08:48,045 [a96edad4-0b0c-48cb-948a-93b2fbf7c409@group-CE93C81AF12A-LeaderElection96] INFO  impl.LeaderElection (LeaderElection.java:logAndReturn(56)) - a96edad4-0b0c-48cb-948a-93b2fbf7c409@group-CE93C81AF12A-LeaderElection96: Election REJECTED; received 0 response(s) [] and 2 exception(s); a96edad4-0b0c-48cb-948a-93b2fbf7c409@group-CE93C81AF12A:t4, leader=null, voted=a96edad4-0b0c-48cb-948a-93b2fbf7c409, raftlog=a96edad4-0b0c-48cb-948a-93b2fbf7c409@group-CE93C81AF12A-SegmentedRaftLog:OPENED:c0,f0,i0, conf=0: [a96edad4-0b0c-48cb-948a-93b2fbf7c409:192.168.34.62:43006, 2f24271a-73a2-4678-8a2d-efde1b9a7c05:192.168.34.62:38626, dadbf9b0-b155-425e-bdd4-f6aced2428ca:192.168.34.62:40592], old=null
2019-11-14 15:08:48,045 [a96edad4-0b0c-48cb-948a-93b2fbf7c409@group-CE93C81AF12A-LeaderElection96] INFO  impl.LeaderElection (LogUtils.java:infoOrTrace(149)) -   Exception 0: {}
java.util.concurrent.ExecutionException: org.apache.ratis.thirdparty.io.grpc.StatusRuntimeException: UNAVAILABLE: io exception
	at java.util.concurrent.FutureTask.report(FutureTask.java:122)
	at java.util.concurrent.FutureTask.get(FutureTask.java:192)
	at org.apache.ratis.server.impl.LeaderElection.waitForResults(LeaderElection.java:259)
	at org.apache.ratis.server.impl.LeaderElection.askForVotes(LeaderElection.java:197)
	at org.apache.ratis.server.impl.LeaderElection.run(LeaderElection.java:133)
	at java.lang.Thread.run(Thread.java:748)
Caused by: org.apache.ratis.thirdparty.io.grpc.StatusRuntimeException: UNAVAILABLE: io exception
	at org.apache.ratis.thirdparty.io.grpc.stub.ClientCalls.toStatusRuntimeException(ClientCalls.java:233)
	at org.apache.ratis.thirdparty.io.grpc.stub.ClientCalls.getUnchecked(ClientCalls.java:214)
	at org.apache.ratis.thirdparty.io.grpc.stub.ClientCalls.blockingUnaryCall(ClientCalls.java:139)
	at org.apache.ratis.proto.grpc.RaftServerProtocolServiceGrpc$RaftServerProtocolServiceBlockingStub.requestVote(RaftServerProtocolServiceGrpc.java:265)
	at org.apache.ratis.grpc.server.GrpcServerProtocolClient.requestVote(GrpcServerProtocolClient.java:99)
	at org.apache.ratis.grpc.server.GrpcService.requestVote(GrpcService.java:204)
	at org.apache.ratis.server.impl.LeaderElection.lambda$submitRequests$1(LeaderElection.java:234)
	at java.util.concurrent.FutureTask.run(FutureTask.java:266)
	at java.util.concurrent.Executors$RunnableAdapter.call(Executors.java:511)
	at java.util.concurrent.FutureTask.run(FutureTask.java:266)
	at java.util.concurrent.ThreadPoolExecutor.runWorker(ThreadPoolExecutor.java:1149)
	at java.util.concurrent.ThreadPoolExecutor$Worker.run(ThreadPoolExecutor.java:624)
	... 1 more
Caused by: org.apache.ratis.thirdparty.io.netty.channel.AbstractChannel$AnnotatedConnectException: Connection refused: /192.168.34.62:38626
	at sun.nio.ch.SocketChannelImpl.checkConnect(Native Method)
	at sun.nio.ch.SocketChannelImpl.finishConnect(SocketChannelImpl.java:717)
	at org.apache.ratis.thirdparty.io.netty.channel.socket.nio.NioSocketChannel.doFinishConnect(NioSocketChannel.java:327)
	at org.apache.ratis.thirdparty.io.netty.channel.nio.AbstractNioChannel$AbstractNioUnsafe.finishConnect(AbstractNioChannel.java:340)
	at org.apache.ratis.thirdparty.io.netty.channel.nio.NioEventLoop.processSelectedKey(NioEventLoop.java:632)
	at org.apache.ratis.thirdparty.io.netty.channel.nio.NioEventLoop.processSelectedKeysOptimized(NioEventLoop.java:579)
	at org.apache.ratis.thirdparty.io.netty.channel.nio.NioEventLoop.processSelectedKeys(NioEventLoop.java:496)
	at org.apache.ratis.thirdparty.io.netty.channel.nio.NioEventLoop.run(NioEventLoop.java:458)
	at org.apache.ratis.thirdparty.io.netty.util.concurrent.SingleThreadEventExecutor$5.run(SingleThreadEventExecutor.java:897)
	at org.apache.ratis.thirdparty.io.netty.util.concurrent.FastThreadLocalRunnable.run(FastThreadLocalRunnable.java:30)
	... 1 more
Caused by: java.net.ConnectException: Connection refused
	... 11 more
2019-11-14 15:08:48,045 [a96edad4-0b0c-48cb-948a-93b2fbf7c409@group-CE93C81AF12A-LeaderElection96] INFO  impl.LeaderElection (LogUtils.java:infoOrTrace(149)) -   Exception 1: {}
java.util.concurrent.ExecutionException: org.apache.ratis.thirdparty.io.grpc.StatusRuntimeException: UNAVAILABLE: io exception
	at java.util.concurrent.FutureTask.report(FutureTask.java:122)
	at java.util.concurrent.FutureTask.get(FutureTask.java:192)
	at org.apache.ratis.server.impl.LeaderElection.waitForResults(LeaderElection.java:259)
	at org.apache.ratis.server.impl.LeaderElection.askForVotes(LeaderElection.java:197)
	at org.apache.ratis.server.impl.LeaderElection.run(LeaderElection.java:133)
	at java.lang.Thread.run(Thread.java:748)
Caused by: org.apache.ratis.thirdparty.io.grpc.StatusRuntimeException: UNAVAILABLE: io exception
	at org.apache.ratis.thirdparty.io.grpc.stub.ClientCalls.toStatusRuntimeException(ClientCalls.java:233)
	at org.apache.ratis.thirdparty.io.grpc.stub.ClientCalls.getUnchecked(ClientCalls.java:214)
	at org.apache.ratis.thirdparty.io.grpc.stub.ClientCalls.blockingUnaryCall(ClientCalls.java:139)
	at org.apache.ratis.proto.grpc.RaftServerProtocolServiceGrpc$RaftServerProtocolServiceBlockingStub.requestVote(RaftServerProtocolServiceGrpc.java:265)
	at org.apache.ratis.grpc.server.GrpcServerProtocolClient.requestVote(GrpcServerProtocolClient.java:99)
	at org.apache.ratis.grpc.server.GrpcService.requestVote(GrpcService.java:204)
	at org.apache.ratis.server.impl.LeaderElection.lambda$submitRequests$1(LeaderElection.java:234)
	at java.util.concurrent.FutureTask.run(FutureTask.java:266)
	at java.util.concurrent.Executors$RunnableAdapter.call(Executors.java:511)
	at java.util.concurrent.FutureTask.run(FutureTask.java:266)
	at java.util.concurrent.ThreadPoolExecutor.runWorker(ThreadPoolExecutor.java:1149)
	at java.util.concurrent.ThreadPoolExecutor$Worker.run(ThreadPoolExecutor.java:624)
	... 1 more
Caused by: org.apache.ratis.thirdparty.io.netty.channel.AbstractChannel$AnnotatedConnectException: Connection refused: /192.168.34.62:40592
	at sun.nio.ch.SocketChannelImpl.checkConnect(Native Method)
	at sun.nio.ch.SocketChannelImpl.finishConnect(SocketChannelImpl.java:717)
	at org.apache.ratis.thirdparty.io.netty.channel.socket.nio.NioSocketChannel.doFinishConnect(NioSocketChannel.java:327)
	at org.apache.ratis.thirdparty.io.netty.channel.nio.AbstractNioChannel$AbstractNioUnsafe.finishConnect(AbstractNioChannel.java:340)
	at org.apache.ratis.thirdparty.io.netty.channel.nio.NioEventLoop.processSelectedKey(NioEventLoop.java:632)
	at org.apache.ratis.thirdparty.io.netty.channel.nio.NioEventLoop.processSelectedKeysOptimized(NioEventLoop.java:579)
	at org.apache.ratis.thirdparty.io.netty.channel.nio.NioEventLoop.processSelectedKeys(NioEventLoop.java:496)
	at org.apache.ratis.thirdparty.io.netty.channel.nio.NioEventLoop.run(NioEventLoop.java:458)
	at org.apache.ratis.thirdparty.io.netty.util.concurrent.SingleThreadEventExecutor$5.run(SingleThreadEventExecutor.java:897)
	at org.apache.ratis.thirdparty.io.netty.util.concurrent.FastThreadLocalRunnable.run(FastThreadLocalRunnable.java:30)
	... 1 more
Caused by: java.net.ConnectException: Connection refused
	... 11 more
2019-11-14 15:08:48,046 [a96edad4-0b0c-48cb-948a-93b2fbf7c409@group-CE93C81AF12A-LeaderElection96] INFO  impl.RaftServerImpl (RaftServerImpl.java:setRole(173)) - a96edad4-0b0c-48cb-948a-93b2fbf7c409@group-CE93C81AF12A: changes role from CANDIDATE to FOLLOWER at term 4 for DISCOVERED_A_NEW_TERM
2019-11-14 15:08:48,046 [a96edad4-0b0c-48cb-948a-93b2fbf7c409@group-CE93C81AF12A-LeaderElection96] INFO  impl.RoleInfo (RoleInfo.java:shutdownLeaderElection(134)) - a96edad4-0b0c-48cb-948a-93b2fbf7c409: shutdown LeaderElection
2019-11-14 15:08:48,046 [a96edad4-0b0c-48cb-948a-93b2fbf7c409@group-CE93C81AF12A-LeaderElection96] INFO  impl.RoleInfo (RoleInfo.java:updateAndGet(143)) - a96edad4-0b0c-48cb-948a-93b2fbf7c409: start FollowerState
2019-11-14 15:08:48,428 [grpc-default-executor-3] WARN  server.GrpcLogAppender (LogUtils.java:warn(134)) - dd0e1198-6ba1-4c32-9ce2-054c25212f92@group-877CB685509D->09f4ece9-71c1-4a5b-9b91-b2a8aadac043-AppendLogResponseHandler: Failed appendEntries: org.apache.ratis.thirdparty.io.grpc.StatusRuntimeException: UNAVAILABLE: io exception
2019-11-14 15:08:48,429 [grpc-default-executor-3] INFO  impl.FollowerInfo (FollowerInfo.java:lambda$new$0(51)) - dd0e1198-6ba1-4c32-9ce2-054c25212f92@group-877CB685509D->09f4ece9-71c1-4a5b-9b91-b2a8aadac043: nextIndex: updateUnconditionally 0 -> 0
2019-11-14 15:08:48,474 [grpc-default-executor-3] WARN  server.GrpcLogAppender (LogUtils.java:warn(134)) - dd0e1198-6ba1-4c32-9ce2-054c25212f92@group-877CB685509D->86084ec4-dae7-4808-81c8-289a21d6f4dc-AppendLogResponseHandler: Failed appendEntries: org.apache.ratis.thirdparty.io.grpc.StatusRuntimeException: UNAVAILABLE: io exception
2019-11-14 15:08:48,475 [grpc-default-executor-3] INFO  impl.FollowerInfo (FollowerInfo.java:lambda$new$0(51)) - dd0e1198-6ba1-4c32-9ce2-054c25212f92@group-877CB685509D->86084ec4-dae7-4808-81c8-289a21d6f4dc: nextIndex: updateUnconditionally 0 -> 0
2019-11-14 15:08:48,929 [grpc-default-executor-3] WARN  server.GrpcLogAppender (LogUtils.java:warn(134)) - dd0e1198-6ba1-4c32-9ce2-054c25212f92@group-877CB685509D->09f4ece9-71c1-4a5b-9b91-b2a8aadac043-AppendLogResponseHandler: Failed appendEntries: org.apache.ratis.thirdparty.io.grpc.StatusRuntimeException: UNAVAILABLE: io exception
2019-11-14 15:08:48,929 [grpc-default-executor-3] INFO  impl.FollowerInfo (FollowerInfo.java:lambda$new$0(51)) - dd0e1198-6ba1-4c32-9ce2-054c25212f92@group-877CB685509D->09f4ece9-71c1-4a5b-9b91-b2a8aadac043: nextIndex: updateUnconditionally 0 -> 0
2019-11-14 15:08:48,976 [grpc-default-executor-3] WARN  server.GrpcLogAppender (LogUtils.java:warn(134)) - dd0e1198-6ba1-4c32-9ce2-054c25212f92@group-877CB685509D->86084ec4-dae7-4808-81c8-289a21d6f4dc-AppendLogResponseHandler: Failed appendEntries: org.apache.ratis.thirdparty.io.grpc.StatusRuntimeException: UNAVAILABLE: io exception
2019-11-14 15:08:48,977 [grpc-default-executor-3] INFO  impl.FollowerInfo (FollowerInfo.java:lambda$new$0(51)) - dd0e1198-6ba1-4c32-9ce2-054c25212f92@group-877CB685509D->86084ec4-dae7-4808-81c8-289a21d6f4dc: nextIndex: updateUnconditionally 0 -> 0
2019-11-14 15:08:49,198 [Thread-1882] INFO  impl.FollowerState (FollowerState.java:run(111)) - a96edad4-0b0c-48cb-948a-93b2fbf7c409@group-CE93C81AF12A-FollowerState: change to CANDIDATE, lastRpcTime:1151ms, electionTimeout:1151ms
2019-11-14 15:08:49,199 [Thread-1882] INFO  impl.RoleInfo (RoleInfo.java:shutdownFollowerState(121)) - a96edad4-0b0c-48cb-948a-93b2fbf7c409: shutdown FollowerState
2019-11-14 15:08:49,199 [Thread-1882] INFO  impl.RaftServerImpl (RaftServerImpl.java:setRole(173)) - a96edad4-0b0c-48cb-948a-93b2fbf7c409@group-CE93C81AF12A: changes role from  FOLLOWER to CANDIDATE at term 4 for changeToCandidate
2019-11-14 15:08:49,199 [Thread-1882] INFO  impl.RoleInfo (RoleInfo.java:updateAndGet(143)) - a96edad4-0b0c-48cb-948a-93b2fbf7c409: start LeaderElection
2019-11-14 15:08:49,214 [a96edad4-0b0c-48cb-948a-93b2fbf7c409@group-CE93C81AF12A-LeaderElection97] INFO  impl.LeaderElection (LeaderElection.java:askForVotes(178)) - a96edad4-0b0c-48cb-948a-93b2fbf7c409@group-CE93C81AF12A-LeaderElection97: begin an election at term 5 for 0: [a96edad4-0b0c-48cb-948a-93b2fbf7c409:192.168.34.62:43006, 2f24271a-73a2-4678-8a2d-efde1b9a7c05:192.168.34.62:38626, dadbf9b0-b155-425e-bdd4-f6aced2428ca:192.168.34.62:40592], old=null
2019-11-14 15:08:49,216 [a96edad4-0b0c-48cb-948a-93b2fbf7c409@group-CE93C81AF12A-LeaderElection97] INFO  impl.LeaderElection (LogUtils.java:infoOrTrace(149)) - a96edad4-0b0c-48cb-948a-93b2fbf7c409@group-CE93C81AF12A-LeaderElection97 got exception when requesting votes: {}
java.util.concurrent.ExecutionException: org.apache.ratis.thirdparty.io.grpc.StatusRuntimeException: UNAVAILABLE: io exception
	at java.util.concurrent.FutureTask.report(FutureTask.java:122)
	at java.util.concurrent.FutureTask.get(FutureTask.java:192)
	at org.apache.ratis.server.impl.LeaderElection.waitForResults(LeaderElection.java:259)
	at org.apache.ratis.server.impl.LeaderElection.askForVotes(LeaderElection.java:197)
	at org.apache.ratis.server.impl.LeaderElection.run(LeaderElection.java:133)
	at java.lang.Thread.run(Thread.java:748)
Caused by: org.apache.ratis.thirdparty.io.grpc.StatusRuntimeException: UNAVAILABLE: io exception
	at org.apache.ratis.thirdparty.io.grpc.stub.ClientCalls.toStatusRuntimeException(ClientCalls.java:233)
	at org.apache.ratis.thirdparty.io.grpc.stub.ClientCalls.getUnchecked(ClientCalls.java:214)
	at org.apache.ratis.thirdparty.io.grpc.stub.ClientCalls.blockingUnaryCall(ClientCalls.java:139)
	at org.apache.ratis.proto.grpc.RaftServerProtocolServiceGrpc$RaftServerProtocolServiceBlockingStub.requestVote(RaftServerProtocolServiceGrpc.java:265)
	at org.apache.ratis.grpc.server.GrpcServerProtocolClient.requestVote(GrpcServerProtocolClient.java:99)
	at org.apache.ratis.grpc.server.GrpcService.requestVote(GrpcService.java:204)
	at org.apache.ratis.server.impl.LeaderElection.lambda$submitRequests$1(LeaderElection.java:234)
	at java.util.concurrent.FutureTask.run(FutureTask.java:266)
	at java.util.concurrent.Executors$RunnableAdapter.call(Executors.java:511)
	at java.util.concurrent.FutureTask.run(FutureTask.java:266)
	at java.util.concurrent.ThreadPoolExecutor.runWorker(ThreadPoolExecutor.java:1149)
	at java.util.concurrent.ThreadPoolExecutor$Worker.run(ThreadPoolExecutor.java:624)
	... 1 more
Caused by: org.apache.ratis.thirdparty.io.netty.channel.AbstractChannel$AnnotatedConnectException: Connection refused: /192.168.34.62:40592
	at sun.nio.ch.SocketChannelImpl.checkConnect(Native Method)
	at sun.nio.ch.SocketChannelImpl.finishConnect(SocketChannelImpl.java:717)
	at org.apache.ratis.thirdparty.io.netty.channel.socket.nio.NioSocketChannel.doFinishConnect(NioSocketChannel.java:327)
	at org.apache.ratis.thirdparty.io.netty.channel.nio.AbstractNioChannel$AbstractNioUnsafe.finishConnect(AbstractNioChannel.java:340)
	at org.apache.ratis.thirdparty.io.netty.channel.nio.NioEventLoop.processSelectedKey(NioEventLoop.java:632)
	at org.apache.ratis.thirdparty.io.netty.channel.nio.NioEventLoop.processSelectedKeysOptimized(NioEventLoop.java:579)
	at org.apache.ratis.thirdparty.io.netty.channel.nio.NioEventLoop.processSelectedKeys(NioEventLoop.java:496)
	at org.apache.ratis.thirdparty.io.netty.channel.nio.NioEventLoop.run(NioEventLoop.java:458)
	at org.apache.ratis.thirdparty.io.netty.util.concurrent.SingleThreadEventExecutor$5.run(SingleThreadEventExecutor.java:897)
	at org.apache.ratis.thirdparty.io.netty.util.concurrent.FastThreadLocalRunnable.run(FastThreadLocalRunnable.java:30)
	... 1 more
Caused by: java.net.ConnectException: Connection refused
	... 11 more
2019-11-14 15:08:49,217 [a96edad4-0b0c-48cb-948a-93b2fbf7c409@group-CE93C81AF12A-LeaderElection97] INFO  impl.LeaderElection (LogUtils.java:infoOrTrace(149)) - a96edad4-0b0c-48cb-948a-93b2fbf7c409@group-CE93C81AF12A-LeaderElection97 got exception when requesting votes: {}
java.util.concurrent.ExecutionException: org.apache.ratis.thirdparty.io.grpc.StatusRuntimeException: UNAVAILABLE: io exception
	at java.util.concurrent.FutureTask.report(FutureTask.java:122)
	at java.util.concurrent.FutureTask.get(FutureTask.java:192)
	at org.apache.ratis.server.impl.LeaderElection.waitForResults(LeaderElection.java:259)
	at org.apache.ratis.server.impl.LeaderElection.askForVotes(LeaderElection.java:197)
	at org.apache.ratis.server.impl.LeaderElection.run(LeaderElection.java:133)
	at java.lang.Thread.run(Thread.java:748)
Caused by: org.apache.ratis.thirdparty.io.grpc.StatusRuntimeException: UNAVAILABLE: io exception
	at org.apache.ratis.thirdparty.io.grpc.stub.ClientCalls.toStatusRuntimeException(ClientCalls.java:233)
	at org.apache.ratis.thirdparty.io.grpc.stub.ClientCalls.getUnchecked(ClientCalls.java:214)
	at org.apache.ratis.thirdparty.io.grpc.stub.ClientCalls.blockingUnaryCall(ClientCalls.java:139)
	at org.apache.ratis.proto.grpc.RaftServerProtocolServiceGrpc$RaftServerProtocolServiceBlockingStub.requestVote(RaftServerProtocolServiceGrpc.java:265)
	at org.apache.ratis.grpc.server.GrpcServerProtocolClient.requestVote(GrpcServerProtocolClient.java:99)
	at org.apache.ratis.grpc.server.GrpcService.requestVote(GrpcService.java:204)
	at org.apache.ratis.server.impl.LeaderElection.lambda$submitRequests$1(LeaderElection.java:234)
	at java.util.concurrent.FutureTask.run(FutureTask.java:266)
	at java.util.concurrent.Executors$RunnableAdapter.call(Executors.java:511)
	at java.util.concurrent.FutureTask.run(FutureTask.java:266)
	at java.util.concurrent.ThreadPoolExecutor.runWorker(ThreadPoolExecutor.java:1149)
	at java.util.concurrent.ThreadPoolExecutor$Worker.run(ThreadPoolExecutor.java:624)
	... 1 more
Caused by: org.apache.ratis.thirdparty.io.netty.channel.AbstractChannel$AnnotatedConnectException: Connection refused: /192.168.34.62:38626
	at sun.nio.ch.SocketChannelImpl.checkConnect(Native Method)
	at sun.nio.ch.SocketChannelImpl.finishConnect(SocketChannelImpl.java:717)
	at org.apache.ratis.thirdparty.io.netty.channel.socket.nio.NioSocketChannel.doFinishConnect(NioSocketChannel.java:327)
	at org.apache.ratis.thirdparty.io.netty.channel.nio.AbstractNioChannel$AbstractNioUnsafe.finishConnect(AbstractNioChannel.java:340)
	at org.apache.ratis.thirdparty.io.netty.channel.nio.NioEventLoop.processSelectedKey(NioEventLoop.java:632)
	at org.apache.ratis.thirdparty.io.netty.channel.nio.NioEventLoop.processSelectedKeysOptimized(NioEventLoop.java:579)
	at org.apache.ratis.thirdparty.io.netty.channel.nio.NioEventLoop.processSelectedKeys(NioEventLoop.java:496)
	at org.apache.ratis.thirdparty.io.netty.channel.nio.NioEventLoop.run(NioEventLoop.java:458)
	at org.apache.ratis.thirdparty.io.netty.util.concurrent.SingleThreadEventExecutor$5.run(SingleThreadEventExecutor.java:897)
	at org.apache.ratis.thirdparty.io.netty.util.concurrent.FastThreadLocalRunnable.run(FastThreadLocalRunnable.java:30)
	... 1 more
Caused by: java.net.ConnectException: Connection refused
	... 11 more
2019-11-14 15:08:49,218 [a96edad4-0b0c-48cb-948a-93b2fbf7c409@group-CE93C81AF12A-LeaderElection97] INFO  impl.LeaderElection (LeaderElection.java:logAndReturn(56)) - a96edad4-0b0c-48cb-948a-93b2fbf7c409@group-CE93C81AF12A-LeaderElection97: Election REJECTED; received 0 response(s) [] and 2 exception(s); a96edad4-0b0c-48cb-948a-93b2fbf7c409@group-CE93C81AF12A:t5, leader=null, voted=a96edad4-0b0c-48cb-948a-93b2fbf7c409, raftlog=a96edad4-0b0c-48cb-948a-93b2fbf7c409@group-CE93C81AF12A-SegmentedRaftLog:OPENED:c0,f0,i0, conf=0: [a96edad4-0b0c-48cb-948a-93b2fbf7c409:192.168.34.62:43006, 2f24271a-73a2-4678-8a2d-efde1b9a7c05:192.168.34.62:38626, dadbf9b0-b155-425e-bdd4-f6aced2428ca:192.168.34.62:40592], old=null
2019-11-14 15:08:49,218 [a96edad4-0b0c-48cb-948a-93b2fbf7c409@group-CE93C81AF12A-LeaderElection97] INFO  impl.LeaderElection (LogUtils.java:infoOrTrace(149)) -   Exception 0: {}
java.util.concurrent.ExecutionException: org.apache.ratis.thirdparty.io.grpc.StatusRuntimeException: UNAVAILABLE: io exception
	at java.util.concurrent.FutureTask.report(FutureTask.java:122)
	at java.util.concurrent.FutureTask.get(FutureTask.java:192)
	at org.apache.ratis.server.impl.LeaderElection.waitForResults(LeaderElection.java:259)
	at org.apache.ratis.server.impl.LeaderElection.askForVotes(LeaderElection.java:197)
	at org.apache.ratis.server.impl.LeaderElection.run(LeaderElection.java:133)
	at java.lang.Thread.run(Thread.java:748)
Caused by: org.apache.ratis.thirdparty.io.grpc.StatusRuntimeException: UNAVAILABLE: io exception
	at org.apache.ratis.thirdparty.io.grpc.stub.ClientCalls.toStatusRuntimeException(ClientCalls.java:233)
	at org.apache.ratis.thirdparty.io.grpc.stub.ClientCalls.getUnchecked(ClientCalls.java:214)
	at org.apache.ratis.thirdparty.io.grpc.stub.ClientCalls.blockingUnaryCall(ClientCalls.java:139)
	at org.apache.ratis.proto.grpc.RaftServerProtocolServiceGrpc$RaftServerProtocolServiceBlockingStub.requestVote(RaftServerProtocolServiceGrpc.java:265)
	at org.apache.ratis.grpc.server.GrpcServerProtocolClient.requestVote(GrpcServerProtocolClient.java:99)
	at org.apache.ratis.grpc.server.GrpcService.requestVote(GrpcService.java:204)
	at org.apache.ratis.server.impl.LeaderElection.lambda$submitRequests$1(LeaderElection.java:234)
	at java.util.concurrent.FutureTask.run(FutureTask.java:266)
	at java.util.concurrent.Executors$RunnableAdapter.call(Executors.java:511)
	at java.util.concurrent.FutureTask.run(FutureTask.java:266)
	at java.util.concurrent.ThreadPoolExecutor.runWorker(ThreadPoolExecutor.java:1149)
	at java.util.concurrent.ThreadPoolExecutor$Worker.run(ThreadPoolExecutor.java:624)
	... 1 more
Caused by: org.apache.ratis.thirdparty.io.netty.channel.AbstractChannel$AnnotatedConnectException: Connection refused: /192.168.34.62:40592
	at sun.nio.ch.SocketChannelImpl.checkConnect(Native Method)
	at sun.nio.ch.SocketChannelImpl.finishConnect(SocketChannelImpl.java:717)
	at org.apache.ratis.thirdparty.io.netty.channel.socket.nio.NioSocketChannel.doFinishConnect(NioSocketChannel.java:327)
	at org.apache.ratis.thirdparty.io.netty.channel.nio.AbstractNioChannel$AbstractNioUnsafe.finishConnect(AbstractNioChannel.java:340)
	at org.apache.ratis.thirdparty.io.netty.channel.nio.NioEventLoop.processSelectedKey(NioEventLoop.java:632)
	at org.apache.ratis.thirdparty.io.netty.channel.nio.NioEventLoop.processSelectedKeysOptimized(NioEventLoop.java:579)
	at org.apache.ratis.thirdparty.io.netty.channel.nio.NioEventLoop.processSelectedKeys(NioEventLoop.java:496)
	at org.apache.ratis.thirdparty.io.netty.channel.nio.NioEventLoop.run(NioEventLoop.java:458)
	at org.apache.ratis.thirdparty.io.netty.util.concurrent.SingleThreadEventExecutor$5.run(SingleThreadEventExecutor.java:897)
	at org.apache.ratis.thirdparty.io.netty.util.concurrent.FastThreadLocalRunnable.run(FastThreadLocalRunnable.java:30)
	... 1 more
Caused by: java.net.ConnectException: Connection refused
	... 11 more
2019-11-14 15:08:49,219 [a96edad4-0b0c-48cb-948a-93b2fbf7c409@group-CE93C81AF12A-LeaderElection97] INFO  impl.LeaderElection (LogUtils.java:infoOrTrace(149)) -   Exception 1: {}
java.util.concurrent.ExecutionException: org.apache.ratis.thirdparty.io.grpc.StatusRuntimeException: UNAVAILABLE: io exception
	at java.util.concurrent.FutureTask.report(FutureTask.java:122)
	at java.util.concurrent.FutureTask.get(FutureTask.java:192)
	at org.apache.ratis.server.impl.LeaderElection.waitForResults(LeaderElection.java:259)
	at org.apache.ratis.server.impl.LeaderElection.askForVotes(LeaderElection.java:197)
	at org.apache.ratis.server.impl.LeaderElection.run(LeaderElection.java:133)
	at java.lang.Thread.run(Thread.java:748)
Caused by: org.apache.ratis.thirdparty.io.grpc.StatusRuntimeException: UNAVAILABLE: io exception
	at org.apache.ratis.thirdparty.io.grpc.stub.ClientCalls.toStatusRuntimeException(ClientCalls.java:233)
	at org.apache.ratis.thirdparty.io.grpc.stub.ClientCalls.getUnchecked(ClientCalls.java:214)
	at org.apache.ratis.thirdparty.io.grpc.stub.ClientCalls.blockingUnaryCall(ClientCalls.java:139)
	at org.apache.ratis.proto.grpc.RaftServerProtocolServiceGrpc$RaftServerProtocolServiceBlockingStub.requestVote(RaftServerProtocolServiceGrpc.java:265)
	at org.apache.ratis.grpc.server.GrpcServerProtocolClient.requestVote(GrpcServerProtocolClient.java:99)
	at org.apache.ratis.grpc.server.GrpcService.requestVote(GrpcService.java:204)
	at org.apache.ratis.server.impl.LeaderElection.lambda$submitRequests$1(LeaderElection.java:234)
	at java.util.concurrent.FutureTask.run(FutureTask.java:266)
	at java.util.concurrent.Executors$RunnableAdapter.call(Executors.java:511)
	at java.util.concurrent.FutureTask.run(FutureTask.java:266)
	at java.util.concurrent.ThreadPoolExecutor.runWorker(ThreadPoolExecutor.java:1149)
	at java.util.concurrent.ThreadPoolExecutor$Worker.run(ThreadPoolExecutor.java:624)
	... 1 more
Caused by: org.apache.ratis.thirdparty.io.netty.channel.AbstractChannel$AnnotatedConnectException: Connection refused: /192.168.34.62:38626
	at sun.nio.ch.SocketChannelImpl.checkConnect(Native Method)
	at sun.nio.ch.SocketChannelImpl.finishConnect(SocketChannelImpl.java:717)
	at org.apache.ratis.thirdparty.io.netty.channel.socket.nio.NioSocketChannel.doFinishConnect(NioSocketChannel.java:327)
	at org.apache.ratis.thirdparty.io.netty.channel.nio.AbstractNioChannel$AbstractNioUnsafe.finishConnect(AbstractNioChannel.java:340)
	at org.apache.ratis.thirdparty.io.netty.channel.nio.NioEventLoop.processSelectedKey(NioEventLoop.java:632)
	at org.apache.ratis.thirdparty.io.netty.channel.nio.NioEventLoop.processSelectedKeysOptimized(NioEventLoop.java:579)
	at org.apache.ratis.thirdparty.io.netty.channel.nio.NioEventLoop.processSelectedKeys(NioEventLoop.java:496)
	at org.apache.ratis.thirdparty.io.netty.channel.nio.NioEventLoop.run(NioEventLoop.java:458)
	at org.apache.ratis.thirdparty.io.netty.util.concurrent.SingleThreadEventExecutor$5.run(SingleThreadEventExecutor.java:897)
	at org.apache.ratis.thirdparty.io.netty.util.concurrent.FastThreadLocalRunnable.run(FastThreadLocalRunnable.java:30)
	... 1 more
Caused by: java.net.ConnectException: Connection refused
	... 11 more
2019-11-14 15:08:49,219 [a96edad4-0b0c-48cb-948a-93b2fbf7c409@group-CE93C81AF12A-LeaderElection97] INFO  impl.RaftServerImpl (RaftServerImpl.java:setRole(173)) - a96edad4-0b0c-48cb-948a-93b2fbf7c409@group-CE93C81AF12A: changes role from CANDIDATE to FOLLOWER at term 5 for DISCOVERED_A_NEW_TERM
2019-11-14 15:08:49,219 [a96edad4-0b0c-48cb-948a-93b2fbf7c409@group-CE93C81AF12A-LeaderElection97] INFO  impl.RoleInfo (RoleInfo.java:shutdownLeaderElection(134)) - a96edad4-0b0c-48cb-948a-93b2fbf7c409: shutdown LeaderElection
2019-11-14 15:08:49,220 [a96edad4-0b0c-48cb-948a-93b2fbf7c409@group-CE93C81AF12A-LeaderElection97] INFO  impl.RoleInfo (RoleInfo.java:updateAndGet(143)) - a96edad4-0b0c-48cb-948a-93b2fbf7c409: start FollowerState
2019-11-14 15:08:49,433 [grpc-default-executor-3] WARN  server.GrpcLogAppender (LogUtils.java:warn(134)) - dd0e1198-6ba1-4c32-9ce2-054c25212f92@group-877CB685509D->09f4ece9-71c1-4a5b-9b91-b2a8aadac043-AppendLogResponseHandler: Failed appendEntries: org.apache.ratis.thirdparty.io.grpc.StatusRuntimeException: UNAVAILABLE: io exception
2019-11-14 15:08:49,434 [grpc-default-executor-3] INFO  impl.FollowerInfo (FollowerInfo.java:lambda$new$0(51)) - dd0e1198-6ba1-4c32-9ce2-054c25212f92@group-877CB685509D->09f4ece9-71c1-4a5b-9b91-b2a8aadac043: nextIndex: updateUnconditionally 0 -> 0
2019-11-14 15:08:49,477 [grpc-default-executor-1] WARN  server.GrpcLogAppender (LogUtils.java:warn(134)) - dd0e1198-6ba1-4c32-9ce2-054c25212f92@group-877CB685509D->86084ec4-dae7-4808-81c8-289a21d6f4dc-AppendLogResponseHandler: Failed appendEntries: org.apache.ratis.thirdparty.io.grpc.StatusRuntimeException: UNAVAILABLE: io exception
2019-11-14 15:08:49,478 [grpc-default-executor-1] INFO  impl.FollowerInfo (FollowerInfo.java:lambda$new$0(51)) - dd0e1198-6ba1-4c32-9ce2-054c25212f92@group-877CB685509D->86084ec4-dae7-4808-81c8-289a21d6f4dc: nextIndex: updateUnconditionally 0 -> 0
2019-11-14 15:08:49,933 [grpc-default-executor-1] WARN  server.GrpcLogAppender (LogUtils.java:warn(134)) - dd0e1198-6ba1-4c32-9ce2-054c25212f92@group-877CB685509D->09f4ece9-71c1-4a5b-9b91-b2a8aadac043-AppendLogResponseHandler: Failed appendEntries: org.apache.ratis.thirdparty.io.grpc.StatusRuntimeException: UNAVAILABLE: io exception
2019-11-14 15:08:49,935 [grpc-default-executor-1] INFO  impl.FollowerInfo (FollowerInfo.java:lambda$new$0(51)) - dd0e1198-6ba1-4c32-9ce2-054c25212f92@group-877CB685509D->09f4ece9-71c1-4a5b-9b91-b2a8aadac043: nextIndex: updateUnconditionally 0 -> 0
2019-11-14 15:08:49,978 [grpc-default-executor-6] WARN  server.GrpcLogAppender (LogUtils.java:warn(134)) - dd0e1198-6ba1-4c32-9ce2-054c25212f92@group-877CB685509D->86084ec4-dae7-4808-81c8-289a21d6f4dc-AppendLogResponseHandler: Failed appendEntries: org.apache.ratis.thirdparty.io.grpc.StatusRuntimeException: UNAVAILABLE: io exception
2019-11-14 15:08:49,978 [grpc-default-executor-6] INFO  impl.FollowerInfo (FollowerInfo.java:lambda$new$0(51)) - dd0e1198-6ba1-4c32-9ce2-054c25212f92@group-877CB685509D->86084ec4-dae7-4808-81c8-289a21d6f4dc: nextIndex: updateUnconditionally 0 -> 0
2019-11-14 15:08:50,303 [main] INFO  ozoneimpl.OzoneContainer (OzoneContainer.java:stop(244)) - Attempting to stop container services.
2019-11-14 15:08:50,304 [ForkJoinPool.commonPool-worker-0] INFO  ozoneimpl.OzoneContainer (OzoneContainer.java:stop(244)) - Attempting to stop container services.
2019-11-14 15:08:50,304 [main] INFO  impl.RaftServerProxy (RaftServerProxy.java:lambda$close$4(314)) - a96edad4-0b0c-48cb-948a-93b2fbf7c409: close
2019-11-14 15:08:50,305 [ForkJoinPool.commonPool-worker-0] INFO  impl.RaftServerProxy (RaftServerProxy.java:lambda$close$4(314)) - dd0e1198-6ba1-4c32-9ce2-054c25212f92: close
2019-11-14 15:08:50,305 [main] INFO  impl.RaftServerImpl (RaftServerImpl.java:lambda$shutdown$3(250)) - a96edad4-0b0c-48cb-948a-93b2fbf7c409@group-CE93C81AF12A: shutdown
2019-11-14 15:08:50,305 [ForkJoinPool.commonPool-worker-0] INFO  impl.RaftServerImpl (RaftServerImpl.java:lambda$shutdown$3(250)) - dd0e1198-6ba1-4c32-9ce2-054c25212f92@group-877CB685509D: shutdown
2019-11-14 15:08:50,306 [main] INFO  util.JmxRegister (JmxRegister.java:unregister(73)) - Successfully un-registered JMX Bean with object name Ratis:service=RaftServer,group=group-CE93C81AF12A,id=a96edad4-0b0c-48cb-948a-93b2fbf7c409
2019-11-14 15:08:50,306 [ForkJoinPool.commonPool-worker-0] INFO  util.JmxRegister (JmxRegister.java:unregister(73)) - Successfully un-registered JMX Bean with object name Ratis:service=RaftServer,group=group-877CB685509D,id=dd0e1198-6ba1-4c32-9ce2-054c25212f92
2019-11-14 15:08:50,306 [main] INFO  impl.RoleInfo (RoleInfo.java:shutdownFollowerState(121)) - a96edad4-0b0c-48cb-948a-93b2fbf7c409: shutdown FollowerState
2019-11-14 15:08:50,306 [ForkJoinPool.commonPool-worker-0] INFO  impl.RoleInfo (RoleInfo.java:shutdownLeaderState(104)) - dd0e1198-6ba1-4c32-9ce2-054c25212f92: shutdown LeaderState
2019-11-14 15:08:50,307 [main] INFO  impl.StateMachineUpdater (StateMachineUpdater.java:stopAndJoin(136)) - a96edad4-0b0c-48cb-948a-93b2fbf7c409@group-CE93C81AF12A-StateMachineUpdater: set stopIndex = 0
2019-11-14 15:08:50,317 [org.apache.ratis.server.impl.LogAppender$AppenderDaemon$$Lambda$463/184788748@3cea588] WARN  server.GrpcLogAppender (GrpcLogAppender.java:mayWait(151)) - dd0e1198-6ba1-4c32-9ce2-054c25212f92@group-877CB685509D->09f4ece9-71c1-4a5b-9b91-b2a8aadac043-GrpcLogAppender: Wait interrupted by java.lang.InterruptedException
2019-11-14 15:08:50,317 [org.apache.ratis.server.impl.LogAppender$AppenderDaemon$$Lambda$463/184788748@46cc3b95] WARN  server.GrpcLogAppender (GrpcLogAppender.java:mayWait(151)) - dd0e1198-6ba1-4c32-9ce2-054c25212f92@group-877CB685509D->86084ec4-dae7-4808-81c8-289a21d6f4dc-GrpcLogAppender: Wait interrupted by java.lang.InterruptedException
2019-11-14 15:08:50,317 [ForkJoinPool.commonPool-worker-0] INFO  impl.PendingRequests (PendingRequests.java:sendNotLeaderResponses(206)) - dd0e1198-6ba1-4c32-9ce2-054c25212f92@group-877CB685509D-PendingRequests: sendNotLeaderResponses
2019-11-14 15:08:50,310 [Thread-1886] INFO  impl.FollowerState (FollowerState.java:run(120)) - a96edad4-0b0c-48cb-948a-93b2fbf7c409@group-CE93C81AF12A-FollowerState was interrupted: java.lang.InterruptedException: sleep interrupted
2019-11-14 15:08:50,317 [main] INFO  impl.RaftServerImpl (ServerState.java:close(387)) - a96edad4-0b0c-48cb-948a-93b2fbf7c409@group-CE93C81AF12A: closes. applyIndex: 0
2019-11-14 15:08:50,318 [ForkJoinPool.commonPool-worker-0] INFO  impl.StateMachineUpdater (StateMachineUpdater.java:stopAndJoin(136)) - dd0e1198-6ba1-4c32-9ce2-054c25212f92@group-877CB685509D-StateMachineUpdater: set stopIndex = 0
2019-11-14 15:08:50,318 [ForkJoinPool.commonPool-worker-0] INFO  impl.RaftServerImpl (ServerState.java:close(387)) - dd0e1198-6ba1-4c32-9ce2-054c25212f92@group-877CB685509D: closes. applyIndex: 0
2019-11-14 15:08:50,318 [a96edad4-0b0c-48cb-948a-93b2fbf7c409@group-CE93C81AF12A-SegmentedRaftLogWorker] INFO  segmented.SegmentedRaftLogWorker (SegmentedRaftLogWorker.java:run(316)) - a96edad4-0b0c-48cb-948a-93b2fbf7c409@group-CE93C81AF12A-SegmentedRaftLogWorker was interrupted, exiting. There are 0 tasks remaining in the queue.
2019-11-14 15:08:50,319 [dd0e1198-6ba1-4c32-9ce2-054c25212f92@group-877CB685509D-SegmentedRaftLogWorker] INFO  segmented.SegmentedRaftLogWorker (SegmentedRaftLogWorker.java:run(316)) - dd0e1198-6ba1-4c32-9ce2-054c25212f92@group-877CB685509D-SegmentedRaftLogWorker was interrupted, exiting. There are 0 tasks remaining in the queue.
2019-11-14 15:08:50,322 [main] INFO  segmented.SegmentedRaftLogWorker (SegmentedRaftLogWorker.java:close(224)) - a96edad4-0b0c-48cb-948a-93b2fbf7c409@group-CE93C81AF12A-SegmentedRaftLogWorker close()
2019-11-14 15:08:50,322 [ForkJoinPool.commonPool-worker-0] INFO  segmented.SegmentedRaftLogWorker (SegmentedRaftLogWorker.java:close(224)) - dd0e1198-6ba1-4c32-9ce2-054c25212f92@group-877CB685509D-SegmentedRaftLogWorker close()
2019-11-14 15:08:50,323 [main] INFO  impl.RaftServerImpl (RaftServerImpl.java:lambda$shutdown$3(250)) - a96edad4-0b0c-48cb-948a-93b2fbf7c409@group-BD9547C05093: shutdown
2019-11-14 15:08:50,324 [ForkJoinPool.commonPool-worker-0] INFO  impl.RaftServerImpl (RaftServerImpl.java:lambda$shutdown$3(250)) - dd0e1198-6ba1-4c32-9ce2-054c25212f92@group-031444766508: shutdown
2019-11-14 15:08:50,324 [main] INFO  util.JmxRegister (JmxRegister.java:unregister(73)) - Successfully un-registered JMX Bean with object name Ratis:service=RaftServer,group=group-BD9547C05093,id=a96edad4-0b0c-48cb-948a-93b2fbf7c409
2019-11-14 15:08:50,324 [ForkJoinPool.commonPool-worker-0] INFO  util.JmxRegister (JmxRegister.java:unregister(73)) - Successfully un-registered JMX Bean with object name Ratis:service=RaftServer,group=group-031444766508,id=dd0e1198-6ba1-4c32-9ce2-054c25212f92
2019-11-14 15:08:50,325 [main] INFO  impl.RoleInfo (RoleInfo.java:shutdownLeaderState(104)) - a96edad4-0b0c-48cb-948a-93b2fbf7c409: shutdown LeaderState
2019-11-14 15:08:50,325 [ForkJoinPool.commonPool-worker-0] INFO  impl.RoleInfo (RoleInfo.java:shutdownLeaderState(104)) - dd0e1198-6ba1-4c32-9ce2-054c25212f92: shutdown LeaderState
2019-11-14 15:08:50,325 [main] INFO  impl.PendingRequests (PendingRequests.java:sendNotLeaderResponses(206)) - a96edad4-0b0c-48cb-948a-93b2fbf7c409@group-BD9547C05093-PendingRequests: sendNotLeaderResponses
2019-11-14 15:08:50,325 [ForkJoinPool.commonPool-worker-0] INFO  impl.PendingRequests (PendingRequests.java:sendNotLeaderResponses(206)) - dd0e1198-6ba1-4c32-9ce2-054c25212f92@group-031444766508-PendingRequests: sendNotLeaderResponses
2019-11-14 15:08:50,326 [main] INFO  impl.StateMachineUpdater (StateMachineUpdater.java:stopAndJoin(136)) - a96edad4-0b0c-48cb-948a-93b2fbf7c409@group-BD9547C05093-StateMachineUpdater: set stopIndex = 0
2019-11-14 15:08:50,326 [ForkJoinPool.commonPool-worker-0] INFO  impl.StateMachineUpdater (StateMachineUpdater.java:stopAndJoin(136)) - dd0e1198-6ba1-4c32-9ce2-054c25212f92@group-031444766508-StateMachineUpdater: set stopIndex = 0
2019-11-14 15:08:50,326 [main] INFO  impl.RaftServerImpl (ServerState.java:close(387)) - a96edad4-0b0c-48cb-948a-93b2fbf7c409@group-BD9547C05093: closes. applyIndex: 0
2019-11-14 15:08:50,327 [ForkJoinPool.commonPool-worker-0] INFO  impl.RaftServerImpl (ServerState.java:close(387)) - dd0e1198-6ba1-4c32-9ce2-054c25212f92@group-031444766508: closes. applyIndex: 0
2019-11-14 15:08:50,327 [a96edad4-0b0c-48cb-948a-93b2fbf7c409@group-BD9547C05093-SegmentedRaftLogWorker] INFO  segmented.SegmentedRaftLogWorker (SegmentedRaftLogWorker.java:run(316)) - a96edad4-0b0c-48cb-948a-93b2fbf7c409@group-BD9547C05093-SegmentedRaftLogWorker was interrupted, exiting. There are 0 tasks remaining in the queue.
2019-11-14 15:08:50,327 [dd0e1198-6ba1-4c32-9ce2-054c25212f92@group-031444766508-SegmentedRaftLogWorker] INFO  segmented.SegmentedRaftLogWorker (SegmentedRaftLogWorker.java:run(316)) - dd0e1198-6ba1-4c32-9ce2-054c25212f92@group-031444766508-SegmentedRaftLogWorker was interrupted, exiting. There are 0 tasks remaining in the queue.
2019-11-14 15:08:50,327 [main] INFO  segmented.SegmentedRaftLogWorker (SegmentedRaftLogWorker.java:close(224)) - a96edad4-0b0c-48cb-948a-93b2fbf7c409@group-BD9547C05093-SegmentedRaftLogWorker close()
2019-11-14 15:08:50,328 [ForkJoinPool.commonPool-worker-0] INFO  segmented.SegmentedRaftLogWorker (SegmentedRaftLogWorker.java:close(224)) - dd0e1198-6ba1-4c32-9ce2-054c25212f92@group-031444766508-SegmentedRaftLogWorker close()
2019-11-14 15:08:50,329 [main] INFO  server.GrpcService (GrpcService.java:closeImpl(164)) - a96edad4-0b0c-48cb-948a-93b2fbf7c409: shutdown server with port 43006 now
2019-11-14 15:08:50,330 [ForkJoinPool.commonPool-worker-0] INFO  server.GrpcService (GrpcService.java:closeImpl(164)) - dd0e1198-6ba1-4c32-9ce2-054c25212f92: shutdown server with port 42382 now
2019-11-14 15:08:50,331 [ForkJoinPool.commonPool-worker-0] INFO  server.GrpcService (GrpcService.java:closeImpl(172)) - dd0e1198-6ba1-4c32-9ce2-054c25212f92: shutdown server with port 42382 successfully
2019-11-14 15:08:50,331 [main] INFO  server.GrpcService (GrpcService.java:closeImpl(172)) - a96edad4-0b0c-48cb-948a-93b2fbf7c409: shutdown server with port 43006 successfully
2019-11-14 15:08:50,334 [refreshUsed-/workdir/hadoop-ozone/integration-test/target/test-dir/MiniOzoneClusterImpl-6b3e2517-75a7-4dd9-8054-0b12e404e591/datanode-1/data/containers] WARN  fs.CachingGetSpaceUsed (CachingGetSpaceUsed.java:run(183)) - Thread Interrupted waiting to refresh disk information: sleep interrupted
2019-11-14 15:08:50,342 [refreshUsed-/workdir/hadoop-ozone/integration-test/target/test-dir/MiniOzoneClusterImpl-6b3e2517-75a7-4dd9-8054-0b12e404e591/datanode-7/data/containers] WARN  fs.CachingGetSpaceUsed (CachingGetSpaceUsed.java:run(183)) - Thread Interrupted waiting to refresh disk information: sleep interrupted
2019-11-14 15:08:50,353 [main] INFO  utils.BackgroundService (BackgroundService.java:shutdown(151)) - Shutting down service BlockDeletingService
2019-11-14 15:08:50,355 [main] INFO  statemachine.DatanodeStateMachine (DatanodeStateMachine.java:stopDaemon(395)) - Ozone container server stopped.
2019-11-14 15:08:50,356 [main] INFO  handler.ContextHandler (ContextHandler.java:doStop(910)) - Stopped o.e.j.w.WebAppContext@d499c13{/,null,UNAVAILABLE}{/hddsDatanode}
2019-11-14 15:08:50,357 [main] INFO  server.AbstractConnector (AbstractConnector.java:doStop(318)) - Stopped ServerConnector@2ceca2ef{HTTP/1.1,[http/1.1]}{0.0.0.0:0}
2019-11-14 15:08:50,358 [main] INFO  handler.ContextHandler (ContextHandler.java:doStop(910)) - Stopped o.e.j.s.ServletContextHandler@2a235b8e{/static,jar:file:/home/user/.m2/repository/org/apache/hadoop/hadoop-hdds-container-service/0.5.0-SNAPSHOT/hadoop-hdds-container-service-0.5.0-SNAPSHOT.jar!/webapps/static,UNAVAILABLE}
2019-11-14 15:08:50,358 [main] INFO  handler.ContextHandler (ContextHandler.java:doStop(910)) - Stopped o.e.j.s.ServletContextHandler@44114b9f{/logs,file:///workdir/hadoop-ozone/integration-test/target/log,UNAVAILABLE}
2019-11-14 15:08:50,361 [ForkJoinPool.commonPool-worker-0] INFO  utils.BackgroundService (BackgroundService.java:shutdown(151)) - Shutting down service BlockDeletingService
2019-11-14 15:08:50,365 [ForkJoinPool.commonPool-worker-0] INFO  statemachine.DatanodeStateMachine (DatanodeStateMachine.java:stopDaemon(395)) - Ozone container server stopped.
2019-11-14 15:08:50,368 [ForkJoinPool.commonPool-worker-0] INFO  handler.ContextHandler (ContextHandler.java:doStop(910)) - Stopped o.e.j.w.WebAppContext@3b55dd15{/,null,UNAVAILABLE}{/hddsDatanode}
2019-11-14 15:08:50,368 [ForkJoinPool.commonPool-worker-0] INFO  server.AbstractConnector (AbstractConnector.java:doStop(318)) - Stopped ServerConnector@f3560d4{HTTP/1.1,[http/1.1]}{0.0.0.0:0}
2019-11-14 15:08:50,369 [ForkJoinPool.commonPool-worker-0] INFO  handler.ContextHandler (ContextHandler.java:doStop(910)) - Stopped o.e.j.s.ServletContextHandler@b73433{/static,jar:file:/home/user/.m2/repository/org/apache/hadoop/hadoop-hdds-container-service/0.5.0-SNAPSHOT/hadoop-hdds-container-service-0.5.0-SNAPSHOT.jar!/webapps/static,UNAVAILABLE}
2019-11-14 15:08:50,369 [ForkJoinPool.commonPool-worker-0] INFO  handler.ContextHandler (ContextHandler.java:doStop(910)) - Stopped o.e.j.s.ServletContextHandler@5b88b8e{/logs,file:///workdir/hadoop-ozone/integration-test/target/log,UNAVAILABLE}
2019-11-14 15:08:50,370 [main] INFO  ozone.MiniOzoneClusterImpl (MiniOzoneClusterImpl.java:stopSCM(430)) - Stopping the StorageContainerManager
2019-11-14 15:08:50,371 [main] INFO  server.StorageContainerManager (StorageContainerManager.java:stop(804)) - Stopping Replication Manager Service.
2019-11-14 15:08:50,371 [main] INFO  container.ReplicationManager (ReplicationManager.java:stop(203)) - Stopping Replication Monitor Thread.
2019-11-14 15:08:50,371 [main] INFO  server.StorageContainerManager (StorageContainerManager.java:stop(811)) - Stopping Lease Manager of the command watchers
2019-11-14 15:08:50,371 [main] INFO  server.StorageContainerManager (StorageContainerManager.java:stop(818)) - Stopping datanode service RPC server
2019-11-14 15:08:50,371 [main] INFO  server.SCMDatanodeProtocolServer (SCMDatanodeProtocolServer.java:stop(346)) - Stopping the RPC server for DataNodes
2019-11-14 15:08:50,371 [main] INFO  ipc.Server (Server.java:stop(3082)) - Stopping server on 42444
2019-11-14 15:08:50,373 [IPC Server listener on 42444] INFO  ipc.Server (Server.java:run(1185)) - Stopping IPC Server listener on 42444
2019-11-14 15:08:50,374 [IPC Server Responder] INFO  ipc.Server (Server.java:run(1319)) - Stopping IPC Server Responder
2019-11-14 15:08:50,377 [SCM Heartbeat Processing Thread - 0] WARN  node.NodeStateManager (NodeStateManager.java:scheduleNextHealthCheck(646)) - Current Thread is interrupted, shutting down HB processing thread for Node Manager.
2019-11-14 15:08:50,377 [main] INFO  server.StorageContainerManager (StorageContainerManager.java:stop(826)) - Stopping block service RPC server
2019-11-14 15:08:50,378 [main] INFO  server.SCMBlockProtocolServer (SCMBlockProtocolServer.java:stop(155)) - Stopping the RPC server for Block Protocol
2019-11-14 15:08:50,378 [main] INFO  ipc.Server (Server.java:stop(3082)) - Stopping server on 43737
2019-11-14 15:08:50,379 [IPC Server listener on 43737] INFO  ipc.Server (Server.java:run(1185)) - Stopping IPC Server listener on 43737
2019-11-14 15:08:50,379 [main] INFO  server.StorageContainerManager (StorageContainerManager.java:stop(833)) - Stopping the StorageContainerLocationProtocol RPC server
2019-11-14 15:08:50,379 [IPC Server Responder] INFO  ipc.Server (Server.java:run(1319)) - Stopping IPC Server Responder
2019-11-14 15:08:50,380 [main] INFO  server.SCMClientProtocolServer (SCMClientProtocolServer.java:stop(169)) - Stopping the RPC server for Client Protocol
2019-11-14 15:08:50,380 [main] INFO  ipc.Server (Server.java:stop(3082)) - Stopping server on 35974
2019-11-14 15:08:50,382 [IPC Server listener on 35974] INFO  ipc.Server (Server.java:run(1185)) - Stopping IPC Server listener on 35974
2019-11-14 15:08:50,382 [main] INFO  server.StorageContainerManager (StorageContainerManager.java:stop(840)) - Stopping Storage Container Manager HTTP server.
2019-11-14 15:08:50,382 [IPC Server Responder] INFO  ipc.Server (Server.java:run(1319)) - Stopping IPC Server Responder
2019-11-14 15:08:50,383 [main] INFO  handler.ContextHandler (ContextHandler.java:doStop(910)) - Stopped o.e.j.w.WebAppContext@56e9a474{/,null,UNAVAILABLE}{/scm}
2019-11-14 15:08:50,384 [main] INFO  server.AbstractConnector (AbstractConnector.java:doStop(318)) - Stopped ServerConnector@45b15381{HTTP/1.1,[http/1.1]}{0.0.0.0:0}
2019-11-14 15:08:50,384 [main] INFO  handler.ContextHandler (ContextHandler.java:doStop(910)) - Stopped o.e.j.s.ServletContextHandler@bc6288b{/static,file:///workdir/hadoop-ozone/integration-test/target/test-classes/webapps/static,UNAVAILABLE}
2019-11-14 15:08:50,384 [main] INFO  handler.ContextHandler (ContextHandler.java:doStop(910)) - Stopped o.e.j.s.ServletContextHandler@49a6f486{/logs,file:///workdir/hadoop-ozone/integration-test/target/log,UNAVAILABLE}
2019-11-14 15:08:50,385 [main] INFO  server.StorageContainerManager (StorageContainerManager.java:stop(851)) - Stopping Block Manager Service.
2019-11-14 15:08:50,385 [main] INFO  utils.BackgroundService (BackgroundService.java:shutdown(151)) - Shutting down service SCMBlockDeletingService
2019-11-14 15:08:50,386 [main] INFO  utils.BackgroundService (BackgroundService.java:shutdown(151)) - Shutting down service SCMBlockDeletingService
2019-11-14 15:08:50,386 [main] INFO  server.StorageContainerManager (StorageContainerManager.java:stop(873)) - Stopping SCM Event Queue.
2019-11-14 15:08:50,390 [main] INFO  impl.MetricsSystemImpl (MetricsSystemImpl.java:stop(210)) - Stopping HddsDatanode metrics system...
2019-11-14 15:08:50,401 [main] INFO  impl.MetricsSystemImpl (MetricsSystemImpl.java:stop(216)) - HddsDatanode metrics system stopped.
]]></system-out>
    <system-err><![CDATA[Nov 14, 2019 3:08:30 PM org.apache.ratis.thirdparty.io.grpc.internal.SerializingExecutor run
SEVERE: Exception while executing runnable org.apache.ratis.thirdparty.io.grpc.internal.ServerImpl$JumpToApplicationThreadServerStreamListener$1Closed@16e7c64c
org.apache.ratis.thirdparty.io.grpc.StatusRuntimeException: CANCELLED: call already cancelled
	at org.apache.ratis.thirdparty.io.grpc.Status.asRuntimeException(Status.java:517)
	at org.apache.ratis.thirdparty.io.grpc.stub.ServerCalls$ServerCallStreamObserverImpl.onCompleted(ServerCalls.java:356)
	at org.apache.ratis.grpc.server.GrpcServerProtocolService$ServerRequestStreamObserver.onError(GrpcServerProtocolService.java:121)
	at org.apache.ratis.thirdparty.io.grpc.stub.ServerCalls$StreamingServerCallHandler$StreamingServerCallListener.onCancel(ServerCalls.java:269)
	at org.apache.ratis.thirdparty.io.grpc.internal.ServerCallImpl$ServerStreamListenerImpl.closed(ServerCallImpl.java:293)
	at org.apache.ratis.thirdparty.io.grpc.internal.ServerImpl$JumpToApplicationThreadServerStreamListener$1Closed.runInContext(ServerImpl.java:741)
	at org.apache.ratis.thirdparty.io.grpc.internal.ContextRunnable.run(ContextRunnable.java:37)
	at org.apache.ratis.thirdparty.io.grpc.internal.SerializingExecutor.run(SerializingExecutor.java:123)
	at java.util.concurrent.ThreadPoolExecutor.runWorker(ThreadPoolExecutor.java:1149)
	at java.util.concurrent.ThreadPoolExecutor$Worker.run(ThreadPoolExecutor.java:624)
	at java.lang.Thread.run(Thread.java:748)

Nov 14, 2019 3:08:35 PM org.apache.ratis.thirdparty.io.grpc.internal.SerializingExecutor run
SEVERE: Exception while executing runnable org.apache.ratis.thirdparty.io.grpc.internal.ServerImpl$JumpToApplicationThreadServerStreamListener$1Closed@51debe4a
org.apache.ratis.thirdparty.io.grpc.StatusRuntimeException: CANCELLED: call already cancelled
	at org.apache.ratis.thirdparty.io.grpc.Status.asRuntimeException(Status.java:517)
	at org.apache.ratis.thirdparty.io.grpc.stub.ServerCalls$ServerCallStreamObserverImpl.onCompleted(ServerCalls.java:356)
	at org.apache.ratis.grpc.server.GrpcServerProtocolService$ServerRequestStreamObserver.onError(GrpcServerProtocolService.java:121)
	at org.apache.ratis.thirdparty.io.grpc.stub.ServerCalls$StreamingServerCallHandler$StreamingServerCallListener.onCancel(ServerCalls.java:269)
	at org.apache.ratis.thirdparty.io.grpc.internal.ServerCallImpl$ServerStreamListenerImpl.closed(ServerCallImpl.java:293)
	at org.apache.ratis.thirdparty.io.grpc.internal.ServerImpl$JumpToApplicationThreadServerStreamListener$1Closed.runInContext(ServerImpl.java:741)
	at org.apache.ratis.thirdparty.io.grpc.internal.ContextRunnable.run(ContextRunnable.java:37)
	at org.apache.ratis.thirdparty.io.grpc.internal.SerializingExecutor.run(SerializingExecutor.java:123)
	at java.util.concurrent.ThreadPoolExecutor.runWorker(ThreadPoolExecutor.java:1149)
	at java.util.concurrent.ThreadPoolExecutor$Worker.run(ThreadPoolExecutor.java:624)
	at java.lang.Thread.run(Thread.java:748)

Nov 14, 2019 3:08:35 PM org.apache.ratis.thirdparty.io.grpc.internal.SerializingExecutor run
SEVERE: Exception while executing runnable org.apache.ratis.thirdparty.io.grpc.internal.ServerImpl$JumpToApplicationThreadServerStreamListener$1Closed@7ab0c420
org.apache.ratis.thirdparty.io.grpc.StatusRuntimeException: CANCELLED: call already cancelled
	at org.apache.ratis.thirdparty.io.grpc.Status.asRuntimeException(Status.java:517)
	at org.apache.ratis.thirdparty.io.grpc.stub.ServerCalls$ServerCallStreamObserverImpl.onCompleted(ServerCalls.java:356)
	at org.apache.ratis.grpc.server.GrpcServerProtocolService$ServerRequestStreamObserver.onError(GrpcServerProtocolService.java:121)
	at org.apache.ratis.thirdparty.io.grpc.stub.ServerCalls$StreamingServerCallHandler$StreamingServerCallListener.onCancel(ServerCalls.java:269)
	at org.apache.ratis.thirdparty.io.grpc.internal.ServerCallImpl$ServerStreamListenerImpl.closed(ServerCallImpl.java:293)
	at org.apache.ratis.thirdparty.io.grpc.internal.ServerImpl$JumpToApplicationThreadServerStreamListener$1Closed.runInContext(ServerImpl.java:741)
	at org.apache.ratis.thirdparty.io.grpc.internal.ContextRunnable.run(ContextRunnable.java:37)
	at org.apache.ratis.thirdparty.io.grpc.internal.SerializingExecutor.run(SerializingExecutor.java:123)
	at java.util.concurrent.ThreadPoolExecutor.runWorker(ThreadPoolExecutor.java:1149)
	at java.util.concurrent.ThreadPoolExecutor$Worker.run(ThreadPoolExecutor.java:624)
	at java.lang.Thread.run(Thread.java:748)

Nov 14, 2019 3:08:40 PM org.apache.ratis.thirdparty.io.grpc.internal.SerializingExecutor run
SEVERE: Exception while executing runnable org.apache.ratis.thirdparty.io.grpc.internal.ServerImpl$JumpToApplicationThreadServerStreamListener$1Closed@16b2109b
org.apache.ratis.thirdparty.io.grpc.StatusRuntimeException: CANCELLED: call already cancelled
	at org.apache.ratis.thirdparty.io.grpc.Status.asRuntimeException(Status.java:517)
	at org.apache.ratis.thirdparty.io.grpc.stub.ServerCalls$ServerCallStreamObserverImpl.onCompleted(ServerCalls.java:356)
	at org.apache.ratis.grpc.server.GrpcServerProtocolService$ServerRequestStreamObserver.onError(GrpcServerProtocolService.java:121)
	at org.apache.ratis.thirdparty.io.grpc.stub.ServerCalls$StreamingServerCallHandler$StreamingServerCallListener.onCancel(ServerCalls.java:269)
	at org.apache.ratis.thirdparty.io.grpc.internal.ServerCallImpl$ServerStreamListenerImpl.closed(ServerCallImpl.java:293)
	at org.apache.ratis.thirdparty.io.grpc.internal.ServerImpl$JumpToApplicationThreadServerStreamListener$1Closed.runInContext(ServerImpl.java:741)
	at org.apache.ratis.thirdparty.io.grpc.internal.ContextRunnable.run(ContextRunnable.java:37)
	at org.apache.ratis.thirdparty.io.grpc.internal.SerializingExecutor.run(SerializingExecutor.java:123)
	at java.util.concurrent.ThreadPoolExecutor.runWorker(ThreadPoolExecutor.java:1149)
	at java.util.concurrent.ThreadPoolExecutor$Worker.run(ThreadPoolExecutor.java:624)
	at java.lang.Thread.run(Thread.java:748)

Nov 14, 2019 3:08:45 PM org.apache.ratis.thirdparty.io.grpc.internal.SerializingExecutor run
SEVERE: Exception while executing runnable org.apache.ratis.thirdparty.io.grpc.internal.ServerImpl$JumpToApplicationThreadServerStreamListener$1Closed@14df8876
org.apache.ratis.thirdparty.io.grpc.StatusRuntimeException: CANCELLED: call already cancelled
	at org.apache.ratis.thirdparty.io.grpc.Status.asRuntimeException(Status.java:517)
	at org.apache.ratis.thirdparty.io.grpc.stub.ServerCalls$ServerCallStreamObserverImpl.onCompleted(ServerCalls.java:356)
	at org.apache.ratis.grpc.server.GrpcServerProtocolService$ServerRequestStreamObserver.onError(GrpcServerProtocolService.java:121)
	at org.apache.ratis.thirdparty.io.grpc.stub.ServerCalls$StreamingServerCallHandler$StreamingServerCallListener.onCancel(ServerCalls.java:269)
	at org.apache.ratis.thirdparty.io.grpc.internal.ServerCallImpl$ServerStreamListenerImpl.closed(ServerCallImpl.java:293)
	at org.apache.ratis.thirdparty.io.grpc.internal.ServerImpl$JumpToApplicationThreadServerStreamListener$1Closed.runInContext(ServerImpl.java:741)
	at org.apache.ratis.thirdparty.io.grpc.internal.ContextRunnable.run(ContextRunnable.java:37)
	at org.apache.ratis.thirdparty.io.grpc.internal.SerializingExecutor.run(SerializingExecutor.java:123)
	at java.util.concurrent.ThreadPoolExecutor.runWorker(ThreadPoolExecutor.java:1149)
	at java.util.concurrent.ThreadPoolExecutor$Worker.run(ThreadPoolExecutor.java:624)
	at java.lang.Thread.run(Thread.java:748)

]]></system-err>
  </testcase>
  <testcase name="testWriteSmallFile" classname="org.apache.hadoop.ozone.client.rpc.TestFailureHandlingByClient" time="90.733"/>
  <testcase name="testBlockWritesWithDnFailures" classname="org.apache.hadoop.ozone.client.rpc.TestFailureHandlingByClient" time="41.197"/>
  <testcase name="testDatanodeExclusionWithMajorityCommit" classname="org.apache.hadoop.ozone.client.rpc.TestFailureHandlingByClient" time="40.207">
    <failure type="java.lang.AssertionError">java.lang.AssertionError
	at org.junit.Assert.fail(Assert.java:86)
	at org.junit.Assert.assertTrue(Assert.java:41)
	at org.junit.Assert.assertTrue(Assert.java:52)
	at org.apache.hadoop.ozone.client.rpc.TestFailureHandlingByClient.testDatanodeExclusionWithMajorityCommit(TestFailureHandlingByClient.java:318)
	at sun.reflect.NativeMethodAccessorImpl.invoke0(Native Method)
	at sun.reflect.NativeMethodAccessorImpl.invoke(NativeMethodAccessorImpl.java:62)
	at sun.reflect.DelegatingMethodAccessorImpl.invoke(DelegatingMethodAccessorImpl.java:43)
	at java.lang.reflect.Method.invoke(Method.java:498)
	at org.junit.runners.model.FrameworkMethod$1.runReflectiveCall(FrameworkMethod.java:47)
	at org.junit.internal.runners.model.ReflectiveCallable.run(ReflectiveCallable.java:12)
	at org.junit.runners.model.FrameworkMethod.invokeExplosively(FrameworkMethod.java:44)
	at org.junit.internal.runners.statements.InvokeMethod.evaluate(InvokeMethod.java:17)
	at org.junit.internal.runners.statements.RunAfters.evaluate(RunAfters.java:27)
	at org.junit.runners.ParentRunner.runLeaf(ParentRunner.java:271)
	at org.junit.runners.BlockJUnit4ClassRunner.runChild(BlockJUnit4ClassRunner.java:70)
	at org.junit.runners.BlockJUnit4ClassRunner.runChild(BlockJUnit4ClassRunner.java:50)
	at org.junit.runners.ParentRunner$3.run(ParentRunner.java:238)
	at org.junit.runners.ParentRunner$1.schedule(ParentRunner.java:63)
	at org.junit.runners.ParentRunner.runChildren(ParentRunner.java:236)
	at org.junit.runners.ParentRunner.access$000(ParentRunner.java:53)
	at org.junit.runners.ParentRunner$2.evaluate(ParentRunner.java:229)
	at org.junit.runners.ParentRunner.run(ParentRunner.java:309)
	at org.apache.maven.surefire.junit4.JUnit4Provider.execute(JUnit4Provider.java:365)
	at org.apache.maven.surefire.junit4.JUnit4Provider.executeWithRerun(JUnit4Provider.java:273)
	at org.apache.maven.surefire.junit4.JUnit4Provider.executeTestSet(JUnit4Provider.java:238)
	at org.apache.maven.surefire.junit4.JUnit4Provider.invoke(JUnit4Provider.java:159)
	at org.apache.maven.surefire.booter.ForkedBooter.invokeProviderInSameClassLoader(ForkedBooter.java:384)
	at org.apache.maven.surefire.booter.ForkedBooter.runSuitesInProcess(ForkedBooter.java:345)
	at org.apache.maven.surefire.booter.ForkedBooter.execute(ForkedBooter.java:126)
	at org.apache.maven.surefire.booter.ForkedBooter.main(ForkedBooter.java:418)
</failure>
    <system-out><![CDATA[2019-11-14 15:11:03,066 [main] WARN  server.ServerUtils (ServerUtils.java:getScmDbDir(145)) - ozone.scm.db.dirs is not configured. We recommend adding this setting. Falling back to ozone.metadata.dirs instead.
2019-11-14 15:11:03,100 [main] WARN  server.ServerUtils (ServerUtils.java:getScmDbDir(145)) - ozone.scm.db.dirs is not configured. We recommend adding this setting. Falling back to ozone.metadata.dirs instead.
2019-11-14 15:11:03,100 [main] WARN  server.ServerUtils (ServerUtils.java:getScmDbDir(145)) - ozone.scm.db.dirs is not configured. We recommend adding this setting. Falling back to ozone.metadata.dirs instead.
2019-11-14 15:11:03,101 [main] INFO  db.DBStoreBuilder (DBStoreBuilder.java:addTable(127)) - using custom profile for table: deletedBlocks
2019-11-14 15:11:03,101 [main] INFO  db.DBStoreBuilder (DBStoreBuilder.java:processTables(183)) - Using default column profile:DBProfile.DISK for Table:deletedBlocks
2019-11-14 15:11:03,101 [main] INFO  db.DBStoreBuilder (DBStoreBuilder.java:addTable(127)) - using custom profile for table: validCerts
2019-11-14 15:11:03,101 [main] INFO  db.DBStoreBuilder (DBStoreBuilder.java:processTables(183)) - Using default column profile:DBProfile.DISK for Table:validCerts
2019-11-14 15:11:03,102 [main] INFO  db.DBStoreBuilder (DBStoreBuilder.java:addTable(127)) - using custom profile for table: revokedCerts
2019-11-14 15:11:03,102 [main] INFO  db.DBStoreBuilder (DBStoreBuilder.java:processTables(183)) - Using default column profile:DBProfile.DISK for Table:revokedCerts
2019-11-14 15:11:03,102 [main] INFO  db.DBStoreBuilder (DBStoreBuilder.java:addTable(127)) - using custom profile for table: default
2019-11-14 15:11:03,102 [main] INFO  db.DBStoreBuilder (DBStoreBuilder.java:processTables(189)) - Using default column profile:DBProfile.DISK for Table:default
2019-11-14 15:11:03,102 [main] INFO  db.DBStoreBuilder (DBStoreBuilder.java:getDbProfile(220)) - Using default options. DBProfile.DISK
2019-11-14 15:11:03,273 [main] INFO  net.NodeSchemaLoader (NodeSchemaLoader.java:loadSchemaFromFile(125)) - Loading file from sun.misc.CompoundEnumeration@16d41725
2019-11-14 15:11:03,273 [main] INFO  net.NodeSchemaLoader (NodeSchemaLoader.java:loadSchema(171)) - Loading network topology layer schema file
2019-11-14 15:11:03,280 [main] INFO  node.SCMNodeManager (SCMNodeManager.java:<init>(116)) - Entering startup safe mode.
2019-11-14 15:11:03,282 [main] INFO  algorithms.ContainerPlacementPolicyFactory (ContainerPlacementPolicyFactory.java:getPolicy(57)) - Create container placement policy of type org.apache.hadoop.hdds.scm.container.placement.algorithms.SCMContainerPlacementRandom
2019-11-14 15:11:03,282 [main] WARN  server.ServerUtils (ServerUtils.java:getScmDbDir(145)) - ozone.scm.db.dirs is not configured. We recommend adding this setting. Falling back to ozone.metadata.dirs instead.
2019-11-14 15:11:03,320 [main] INFO  pipeline.SCMPipelineManager (SCMPipelineManager.java:initializePipelineState(132)) - No pipeline exists in current db
2019-11-14 15:11:03,320 [main] WARN  server.ServerUtils (ServerUtils.java:getScmDbDir(145)) - ozone.scm.db.dirs is not configured. We recommend adding this setting. Falling back to ozone.metadata.dirs instead.
2019-11-14 15:11:03,378 [main] WARN  events.EventQueue (EventQueue.java:fireEvent(183)) - No event handler registered for event TypedEvent{payloadType=SafeModeStatus, name='SafeModeStatus'}
2019-11-14 15:11:03,379 [main] INFO  ipc.CallQueueManager (CallQueueManager.java:<init>(84)) - Using callQueue: class java.util.concurrent.LinkedBlockingQueue, queueCapacity: 2000, scheduler: class org.apache.hadoop.ipc.DefaultRpcScheduler, ipcBackoff: false.
2019-11-14 15:11:03,380 [Socket Reader #1 for port 43819] INFO  ipc.Server (Server.java:run(1074)) - Starting Socket Reader #1 for port 43819
2019-11-14 15:11:03,382 [main] INFO  ipc.CallQueueManager (CallQueueManager.java:<init>(84)) - Using callQueue: class java.util.concurrent.LinkedBlockingQueue, queueCapacity: 2000, scheduler: class org.apache.hadoop.ipc.DefaultRpcScheduler, ipcBackoff: false.
2019-11-14 15:11:03,383 [Socket Reader #1 for port 35574] INFO  ipc.Server (Server.java:run(1074)) - Starting Socket Reader #1 for port 35574
2019-11-14 15:11:03,384 [main] INFO  ipc.CallQueueManager (CallQueueManager.java:<init>(84)) - Using callQueue: class java.util.concurrent.LinkedBlockingQueue, queueCapacity: 2000, scheduler: class org.apache.hadoop.ipc.DefaultRpcScheduler, ipcBackoff: false.
2019-11-14 15:11:03,385 [Socket Reader #1 for port 35850] INFO  ipc.Server (Server.java:run(1074)) - Starting Socket Reader #1 for port 35850
2019-11-14 15:11:03,387 [main] INFO  hdfs.DFSUtil (DFSUtil.java:httpServerTemplateForNNAndJN(1641)) - Starting Web-server for scm at: http://0.0.0.0:0
2019-11-14 15:11:03,389 [main] INFO  server.AuthenticationFilter (AuthenticationFilter.java:constructSecretProvider(240)) - Unable to initialize FileSignerSecretProvider, falling back to use random secrets.
2019-11-14 15:11:03,390 [main] WARN  http.HttpRequestLog (HttpRequestLog.java:getRequestLog(97)) - Jetty request log can only be enabled using Log4j
2019-11-14 15:11:03,392 [main] INFO  http.HttpServer2 (HttpServer2.java:addGlobalFilter(975)) - Added global filter 'safety' (class=org.apache.hadoop.http.HttpServer2$QuotingInputFilter)
2019-11-14 15:11:03,393 [main] INFO  http.HttpServer2 (HttpServer2.java:addFilter(948)) - Added filter static_user_filter (class=org.apache.hadoop.http.lib.StaticUserWebFilter$StaticUserFilter) to context scm
2019-11-14 15:11:03,393 [main] INFO  http.HttpServer2 (HttpServer2.java:addFilter(958)) - Added filter static_user_filter (class=org.apache.hadoop.http.lib.StaticUserWebFilter$StaticUserFilter) to context logs
2019-11-14 15:11:03,393 [main] INFO  http.HttpServer2 (HttpServer2.java:addFilter(958)) - Added filter static_user_filter (class=org.apache.hadoop.http.lib.StaticUserWebFilter$StaticUserFilter) to context static
2019-11-14 15:11:03,396 [main] INFO  server.StorageContainerManager (StorageContainerManager.java:start(766)) - StorageContainerLocationProtocol RPC server is listening at /0.0.0.0:35850
2019-11-14 15:11:03,399 [main] WARN  impl.MetricsConfig (MetricsConfig.java:loadFirst(134)) - Cannot locate configuration: tried hadoop-metrics2-storagecontainermanager.properties,hadoop-metrics2.properties
2019-11-14 15:11:03,400 [main] INFO  impl.MetricsSystemImpl (MetricsSystemImpl.java:startTimer(374)) - Scheduled Metric snapshot period at 10 second(s).
2019-11-14 15:11:03,400 [main] INFO  impl.MetricsSystemImpl (MetricsSystemImpl.java:start(191)) - StorageContainerManager metrics system started
2019-11-14 15:11:03,457 [main] WARN  impl.MetricsSystemImpl (MetricsSystemImpl.java:register(276)) - Sink prometheus already exists!
2019-11-14 15:11:03,508 [main] INFO  server.SCMClientProtocolServer (SCMClientProtocolServer.java:start(160)) - RPC server for Client  is listening at /0.0.0.0:35850
2019-11-14 15:11:03,509 [IPC Server Responder] INFO  ipc.Server (Server.java:run(1314)) - IPC Server Responder: starting
2019-11-14 15:11:03,509 [IPC Server listener on 35850] INFO  ipc.Server (Server.java:run(1153)) - IPC Server listener on 35850: starting
2019-11-14 15:11:03,513 [main] INFO  server.StorageContainerManager (StorageContainerManager.java:start(776)) - ScmBlockLocationProtocol RPC server is listening at /0.0.0.0:35574
2019-11-14 15:11:03,513 [main] INFO  server.SCMBlockProtocolServer (SCMBlockProtocolServer.java:start(146)) - RPC server for Block Protocol is listening at /0.0.0.0:35574
2019-11-14 15:11:03,513 [IPC Server Responder] INFO  ipc.Server (Server.java:run(1314)) - IPC Server Responder: starting
2019-11-14 15:11:03,513 [IPC Server listener on 35574] INFO  ipc.Server (Server.java:run(1153)) - IPC Server listener on 35574: starting
2019-11-14 15:11:03,517 [main] INFO  server.StorageContainerManager (StorageContainerManager.java:start(780)) - ScmDatanodeProtocl RPC server is listening at /0.0.0.0:43819
2019-11-14 15:11:03,517 [main] INFO  server.SCMDatanodeProtocolServer (SCMDatanodeProtocolServer.java:start(169)) - RPC server for DataNodes is listening at /0.0.0.0:43819
2019-11-14 15:11:03,517 [IPC Server Responder] INFO  ipc.Server (Server.java:run(1314)) - IPC Server Responder: starting
2019-11-14 15:11:03,517 [IPC Server listener on 43819] INFO  ipc.Server (Server.java:run(1153)) - IPC Server listener on 43819: starting
2019-11-14 15:11:03,520 [main] INFO  http.HttpServer2 (HttpServer2.java:bindListener(1191)) - Jetty bound to port 37726
2019-11-14 15:11:03,521 [main] INFO  server.Server (Server.java:doStart(351)) - jetty-9.3.25.v20180904, build timestamp: 2018-09-04T21:11:46Z, git hash: 3ce520221d0240229c862b122d2b06c12a625732
2019-11-14 15:11:03,522 [main] INFO  handler.ContextHandler (ContextHandler.java:doStart(781)) - Started o.e.j.s.ServletContextHandler@5e67a490{/logs,file:///workdir/hadoop-ozone/integration-test/target/log,AVAILABLE}
2019-11-14 15:11:03,523 [main] INFO  handler.ContextHandler (ContextHandler.java:doStart(781)) - Started o.e.j.s.ServletContextHandler@38c761e9{/static,file:///workdir/hadoop-ozone/integration-test/target/test-classes/webapps/static,AVAILABLE}
2019-11-14 15:11:03,527 [main] INFO  handler.ContextHandler (ContextHandler.java:doStart(781)) - Started o.e.j.w.WebAppContext@987a0bb{/,file:///workdir/hadoop-ozone/integration-test/target/test-classes/webapps/scm/,AVAILABLE}{/scm}
2019-11-14 15:11:03,527 [main] INFO  server.AbstractConnector (AbstractConnector.java:doStart(278)) - Started ServerConnector@1f949ab9{HTTP/1.1,[http/1.1]}{0.0.0.0:37726}
2019-11-14 15:11:03,528 [main] INFO  server.Server (Server.java:doStart(419)) - Started @239122ms
2019-11-14 15:11:03,528 [main] WARN  impl.MetricsSystemImpl (MetricsSystemImpl.java:register(276)) - Sink prometheus already exists!
2019-11-14 15:11:03,529 [main] INFO  server.BaseHttpServer (BaseHttpServer.java:updateConnectorAddress(215)) - HTTP server of SCM is listening at http://0.0.0.0:37726
2019-11-14 15:11:03,530 [main] WARN  server.ServerUtils (ServerUtils.java:getDBPath(222)) - ozone.om.db.dirs is not configured. We recommend adding this setting. Falling back to ozone.metadata.dirs instead.
2019-11-14 15:11:03,531 [org.apache.hadoop.util.JvmPauseMonitor$Monitor@3719360c] INFO  util.JvmPauseMonitor (JvmPauseMonitor.java:run(188)) - Starting JVM pause monitor
2019-11-14 15:11:03,544 [main] INFO  ha.OMHANodeDetails (OMHANodeDetails.java:loadOMHAConfig(190)) - Configuration either no ozone.om.address set. Falling back to the default OM address /127.0.0.1:0
2019-11-14 15:11:03,544 [main] INFO  ha.OMHANodeDetails (OMHANodeDetails.java:getOMNodeDetails(220)) - OM Service ID is not set. Setting it to the default ID: omServiceIdDefault
2019-11-14 15:11:03,545 [main] WARN  server.ServerUtils (ServerUtils.java:getDBPath(222)) - ozone.om.db.dirs is not configured. We recommend adding this setting. Falling back to ozone.metadata.dirs instead.
2019-11-14 15:11:03,545 [main] WARN  server.ServerUtils (ServerUtils.java:getDBPath(222)) - ozone.om.db.dirs is not configured. We recommend adding this setting. Falling back to ozone.metadata.dirs instead.
2019-11-14 15:11:03,551 [main] WARN  server.ServerUtils (ServerUtils.java:getDBPath(222)) - ozone.om.db.dirs is not configured. We recommend adding this setting. Falling back to ozone.metadata.dirs instead.
2019-11-14 15:11:03,552 [main] INFO  db.DBStoreBuilder (DBStoreBuilder.java:addTable(127)) - using custom profile for table: userTable
2019-11-14 15:11:03,552 [main] INFO  db.DBStoreBuilder (DBStoreBuilder.java:processTables(183)) - Using default column profile:DBProfile.DISK for Table:userTable
2019-11-14 15:11:03,552 [main] INFO  db.DBStoreBuilder (DBStoreBuilder.java:addTable(127)) - using custom profile for table: volumeTable
2019-11-14 15:11:03,552 [main] INFO  db.DBStoreBuilder (DBStoreBuilder.java:processTables(183)) - Using default column profile:DBProfile.DISK for Table:volumeTable
2019-11-14 15:11:03,553 [main] INFO  db.DBStoreBuilder (DBStoreBuilder.java:addTable(127)) - using custom profile for table: bucketTable
2019-11-14 15:11:03,553 [main] INFO  db.DBStoreBuilder (DBStoreBuilder.java:processTables(183)) - Using default column profile:DBProfile.DISK for Table:bucketTable
2019-11-14 15:11:03,553 [main] INFO  db.DBStoreBuilder (DBStoreBuilder.java:addTable(127)) - using custom profile for table: keyTable
2019-11-14 15:11:03,553 [main] INFO  db.DBStoreBuilder (DBStoreBuilder.java:processTables(183)) - Using default column profile:DBProfile.DISK for Table:keyTable
2019-11-14 15:11:03,553 [main] INFO  db.DBStoreBuilder (DBStoreBuilder.java:addTable(127)) - using custom profile for table: deletedTable
2019-11-14 15:11:03,554 [main] INFO  db.DBStoreBuilder (DBStoreBuilder.java:processTables(183)) - Using default column profile:DBProfile.DISK for Table:deletedTable
2019-11-14 15:11:03,554 [main] INFO  db.DBStoreBuilder (DBStoreBuilder.java:addTable(127)) - using custom profile for table: openKeyTable
2019-11-14 15:11:03,554 [main] INFO  db.DBStoreBuilder (DBStoreBuilder.java:processTables(183)) - Using default column profile:DBProfile.DISK for Table:openKeyTable
2019-11-14 15:11:03,554 [main] INFO  db.DBStoreBuilder (DBStoreBuilder.java:addTable(127)) - using custom profile for table: s3Table
2019-11-14 15:11:03,554 [main] INFO  db.DBStoreBuilder (DBStoreBuilder.java:processTables(183)) - Using default column profile:DBProfile.DISK for Table:s3Table
2019-11-14 15:11:03,554 [main] INFO  db.DBStoreBuilder (DBStoreBuilder.java:addTable(127)) - using custom profile for table: multipartInfoTable
2019-11-14 15:11:03,555 [main] INFO  db.DBStoreBuilder (DBStoreBuilder.java:processTables(183)) - Using default column profile:DBProfile.DISK for Table:multipartInfoTable
2019-11-14 15:11:03,555 [main] INFO  db.DBStoreBuilder (DBStoreBuilder.java:addTable(127)) - using custom profile for table: dTokenTable
2019-11-14 15:11:03,555 [main] INFO  db.DBStoreBuilder (DBStoreBuilder.java:processTables(183)) - Using default column profile:DBProfile.DISK for Table:dTokenTable
2019-11-14 15:11:03,555 [main] INFO  db.DBStoreBuilder (DBStoreBuilder.java:addTable(127)) - using custom profile for table: s3SecretTable
2019-11-14 15:11:03,555 [main] INFO  db.DBStoreBuilder (DBStoreBuilder.java:processTables(183)) - Using default column profile:DBProfile.DISK for Table:s3SecretTable
2019-11-14 15:11:03,556 [main] INFO  db.DBStoreBuilder (DBStoreBuilder.java:addTable(127)) - using custom profile for table: prefixTable
2019-11-14 15:11:03,556 [main] INFO  db.DBStoreBuilder (DBStoreBuilder.java:processTables(183)) - Using default column profile:DBProfile.DISK for Table:prefixTable
2019-11-14 15:11:03,556 [main] INFO  db.DBStoreBuilder (DBStoreBuilder.java:addTable(127)) - using custom profile for table: default
2019-11-14 15:11:03,556 [main] INFO  db.DBStoreBuilder (DBStoreBuilder.java:processTables(189)) - Using default column profile:DBProfile.DISK for Table:default
2019-11-14 15:11:03,556 [main] INFO  db.DBStoreBuilder (DBStoreBuilder.java:getDbProfile(220)) - Using default options. DBProfile.DISK
2019-11-14 15:11:03,969 [main] INFO  ipc.CallQueueManager (CallQueueManager.java:<init>(84)) - Using callQueue: class java.util.concurrent.LinkedBlockingQueue, queueCapacity: 2000, scheduler: class org.apache.hadoop.ipc.DefaultRpcScheduler, ipcBackoff: false.
2019-11-14 15:11:03,969 [Socket Reader #1 for port 45527] INFO  ipc.Server (Server.java:run(1074)) - Starting Socket Reader #1 for port 45527
2019-11-14 15:11:03,980 [main] INFO  om.OzoneManager (OzoneManager.java:start(1077)) - OzoneManager RPC server is listening at localhost/127.0.0.1:45527
2019-11-14 15:11:03,980 [main] INFO  impl.MetricsSystemImpl (MetricsSystemImpl.java:init(158)) - OzoneManager metrics system started (again)
2019-11-14 15:11:03,981 [IPC Server Responder] INFO  ipc.Server (Server.java:run(1314)) - IPC Server Responder: starting
2019-11-14 15:11:03,983 [IPC Server listener on 45527] INFO  ipc.Server (Server.java:run(1153)) - IPC Server listener on 45527: starting
2019-11-14 15:11:03,986 [main] INFO  hdfs.DFSUtil (DFSUtil.java:httpServerTemplateForNNAndJN(1641)) - Starting Web-server for ozoneManager at: http://0.0.0.0:0
2019-11-14 15:11:03,988 [main] INFO  server.AuthenticationFilter (AuthenticationFilter.java:constructSecretProvider(240)) - Unable to initialize FileSignerSecretProvider, falling back to use random secrets.
2019-11-14 15:11:03,988 [main] WARN  http.HttpRequestLog (HttpRequestLog.java:getRequestLog(97)) - Jetty request log can only be enabled using Log4j
2019-11-14 15:11:03,990 [main] INFO  http.HttpServer2 (HttpServer2.java:addGlobalFilter(975)) - Added global filter 'safety' (class=org.apache.hadoop.http.HttpServer2$QuotingInputFilter)
2019-11-14 15:11:03,990 [main] INFO  http.HttpServer2 (HttpServer2.java:addFilter(948)) - Added filter static_user_filter (class=org.apache.hadoop.http.lib.StaticUserWebFilter$StaticUserFilter) to context ozoneManager
2019-11-14 15:11:03,991 [main] INFO  http.HttpServer2 (HttpServer2.java:addFilter(958)) - Added filter static_user_filter (class=org.apache.hadoop.http.lib.StaticUserWebFilter$StaticUserFilter) to context logs
2019-11-14 15:11:03,991 [main] INFO  http.HttpServer2 (HttpServer2.java:addFilter(958)) - Added filter static_user_filter (class=org.apache.hadoop.http.lib.StaticUserWebFilter$StaticUserFilter) to context static
2019-11-14 15:11:03,992 [main] INFO  http.HttpServer2 (HttpServer2.java:bindListener(1191)) - Jetty bound to port 34678
2019-11-14 15:11:03,992 [main] INFO  server.Server (Server.java:doStart(351)) - jetty-9.3.25.v20180904, build timestamp: 2018-09-04T21:11:46Z, git hash: 3ce520221d0240229c862b122d2b06c12a625732
2019-11-14 15:11:03,993 [main] INFO  handler.ContextHandler (ContextHandler.java:doStart(781)) - Started o.e.j.s.ServletContextHandler@120350eb{/logs,file:///workdir/hadoop-ozone/integration-test/target/log,AVAILABLE}
2019-11-14 15:11:03,994 [main] INFO  handler.ContextHandler (ContextHandler.java:doStart(781)) - Started o.e.j.s.ServletContextHandler@7d401cdc{/static,file:///workdir/hadoop-ozone/integration-test/target/test-classes/webapps/static,AVAILABLE}
2019-11-14 15:11:03,998 [main] INFO  handler.ContextHandler (ContextHandler.java:doStart(781)) - Started o.e.j.w.WebAppContext@33627576{/,file:///workdir/hadoop-ozone/integration-test/target/test-classes/webapps/ozoneManager/,AVAILABLE}{/ozoneManager}
2019-11-14 15:11:03,998 [main] INFO  server.AbstractConnector (AbstractConnector.java:doStart(278)) - Started ServerConnector@27bc1d44{HTTP/1.1,[http/1.1]}{0.0.0.0:34678}
2019-11-14 15:11:03,999 [main] INFO  server.Server (Server.java:doStart(419)) - Started @239594ms
2019-11-14 15:11:03,999 [main] WARN  impl.MetricsSystemImpl (MetricsSystemImpl.java:register(276)) - Sink prometheus already exists!
2019-11-14 15:11:04,000 [main] INFO  server.BaseHttpServer (BaseHttpServer.java:updateConnectorAddress(215)) - HTTP server of OZONEMANAGER is listening at http://0.0.0.0:34678
2019-11-14 15:11:04,020 [main] INFO  impl.MetricsSystemImpl (MetricsSystemImpl.java:init(158)) - HddsDatanode metrics system started (again)
2019-11-14 15:11:04,023 [main] INFO  ozone.HddsDatanodeService (HddsDatanodeService.java:start(186)) - HddsDatanodeService host:pr-hdds-2480-6qkg9-608321763 ip:192.168.34.62
2019-11-14 15:11:04,028 [main] INFO  volume.HddsVolume (HddsVolume.java:<init>(176)) - Creating Volume: /workdir/hadoop-ozone/integration-test/target/test-dir/MiniOzoneClusterImpl-5901a962-94ba-4a8b-ba12-ae811e713c7a/datanode-0/data/containers/hdds of  storage type : DISK and capacity : 1482555576320
2019-11-14 15:11:04,029 [main] INFO  volume.VolumeSet (VolumeSet.java:initializeVolumeSet(170)) - Added Volume : /workdir/hadoop-ozone/integration-test/target/test-dir/MiniOzoneClusterImpl-5901a962-94ba-4a8b-ba12-ae811e713c7a/datanode-0/data/containers/hdds to VolumeSet
2019-11-14 15:11:04,029 [main] INFO  volume.ThrottledAsyncChecker (ThrottledAsyncChecker.java:schedule(141)) - Scheduling a check for /workdir/hadoop-ozone/integration-test/target/test-dir/MiniOzoneClusterImpl-5901a962-94ba-4a8b-ba12-ae811e713c7a/datanode-0/data/containers/hdds
2019-11-14 15:11:04,029 [main] INFO  volume.HddsVolumeChecker (HddsVolumeChecker.java:checkAllVolumes(204)) - Scheduled health check for volume /workdir/hadoop-ozone/integration-test/target/test-dir/MiniOzoneClusterImpl-5901a962-94ba-4a8b-ba12-ae811e713c7a/datanode-0/data/containers/hdds
2019-11-14 15:11:04,042 [main] INFO  impl.RaftServerProxy (ConfUtils.java:logGet(43)) - raft.rpc.type = GRPC (default)
2019-11-14 15:11:04,042 [main] INFO  grpc.GrpcFactory (GrpcFactory.java:checkPooledByteBufAllocatorUseCacheForAllThreads(45)) - PERFORMANCE WARNING: useCacheForAllThreads is true that may cause Netty to create a lot garbage objects and, as a result, trigger GC.
	It is recommended to disable useCacheForAllThreads by setting -Dorg.apache.ratis.thirdparty.io.netty.allocator.useCacheForAllThreads=false in command line.
2019-11-14 15:11:04,043 [main] INFO  grpc.GrpcConfigKeys$Server (ConfUtils.java:logGet(43)) - raft.grpc.server.port = 0 (default)
2019-11-14 15:11:04,043 [main] INFO  server.GrpcService (ConfUtils.java:logGet(43)) - raft.grpc.message.size.max = 33570816 (custom)
2019-11-14 15:11:04,043 [main] INFO  server.RaftServerConfigKeys (ConfUtils.java:logGet(43)) - raft.server.log.appender.buffer.byte-limit = 33554432 (custom)
2019-11-14 15:11:04,043 [main] INFO  server.GrpcService (ConfUtils.java:logGet(43)) - raft.grpc.flow.control.window = 1MB (=1048576) (default)
2019-11-14 15:11:04,043 [main] INFO  server.RaftServerConfigKeys (ConfUtils.java:logGet(43)) - raft.server.rpc.request.timeout = 3000ms (default)
2019-11-14 15:11:04,044 [main] INFO  server.RaftServerConfigKeys (ConfUtils.java:logGet(43)) - raft.server.storage.dir = [/workdir/hadoop-ozone/integration-test/target/test-dir/MiniOzoneClusterImpl-5901a962-94ba-4a8b-ba12-ae811e713c7a/datanode-0/data/ratis] (custom)
2019-11-14 15:11:04,045 [main] INFO  hdfs.DFSUtil (DFSUtil.java:httpServerTemplateForNNAndJN(1641)) - Starting Web-server for hddsDatanode at: http://0.0.0.0:0
2019-11-14 15:11:04,047 [main] INFO  server.AuthenticationFilter (AuthenticationFilter.java:constructSecretProvider(240)) - Unable to initialize FileSignerSecretProvider, falling back to use random secrets.
2019-11-14 15:11:04,047 [main] WARN  http.HttpRequestLog (HttpRequestLog.java:getRequestLog(97)) - Jetty request log can only be enabled using Log4j
2019-11-14 15:11:04,048 [main] INFO  http.HttpServer2 (HttpServer2.java:addGlobalFilter(975)) - Added global filter 'safety' (class=org.apache.hadoop.http.HttpServer2$QuotingInputFilter)
2019-11-14 15:11:04,049 [main] INFO  http.HttpServer2 (HttpServer2.java:addFilter(948)) - Added filter static_user_filter (class=org.apache.hadoop.http.lib.StaticUserWebFilter$StaticUserFilter) to context hddsDatanode
2019-11-14 15:11:04,049 [main] INFO  http.HttpServer2 (HttpServer2.java:addFilter(958)) - Added filter static_user_filter (class=org.apache.hadoop.http.lib.StaticUserWebFilter$StaticUserFilter) to context logs
2019-11-14 15:11:04,049 [main] INFO  http.HttpServer2 (HttpServer2.java:addFilter(958)) - Added filter static_user_filter (class=org.apache.hadoop.http.lib.StaticUserWebFilter$StaticUserFilter) to context static
2019-11-14 15:11:04,049 [main] INFO  http.HttpServer2 (HttpServer2.java:bindListener(1191)) - Jetty bound to port 40135
2019-11-14 15:11:04,050 [main] INFO  server.Server (Server.java:doStart(351)) - jetty-9.3.25.v20180904, build timestamp: 2018-09-04T21:11:46Z, git hash: 3ce520221d0240229c862b122d2b06c12a625732
2019-11-14 15:11:04,051 [main] INFO  handler.ContextHandler (ContextHandler.java:doStart(781)) - Started o.e.j.s.ServletContextHandler@f95d64d{/logs,file:///workdir/hadoop-ozone/integration-test/target/log,AVAILABLE}
2019-11-14 15:11:04,051 [main] INFO  handler.ContextHandler (ContextHandler.java:doStart(781)) - Started o.e.j.s.ServletContextHandler@b7d2d51{/static,jar:file:/home/user/.m2/repository/org/apache/hadoop/hadoop-hdds-container-service/0.5.0-SNAPSHOT/hadoop-hdds-container-service-0.5.0-SNAPSHOT.jar!/webapps/static,AVAILABLE}
2019-11-14 15:11:04,080 [main] INFO  handler.ContextHandler (ContextHandler.java:doStart(781)) - Started o.e.j.w.WebAppContext@59262a90{/,file:///tmp/jetty-0.0.0.0-40135-hddsDatanode-_-any-2066333569102146031.dir/webapp/,AVAILABLE}{/hddsDatanode}
2019-11-14 15:11:04,081 [main] INFO  server.AbstractConnector (AbstractConnector.java:doStart(278)) - Started ServerConnector@78479f2b{HTTP/1.1,[http/1.1]}{0.0.0.0:40135}
2019-11-14 15:11:04,082 [main] INFO  server.Server (Server.java:doStart(419)) - Started @239677ms
2019-11-14 15:11:04,082 [main] WARN  impl.MetricsSystemImpl (MetricsSystemImpl.java:register(276)) - Sink prometheus already exists!
2019-11-14 15:11:04,083 [main] INFO  server.BaseHttpServer (BaseHttpServer.java:updateConnectorAddress(215)) - HTTP server of HDDSDATANODE is listening at http://0.0.0.0:40135
2019-11-14 15:11:04,083 [main] INFO  impl.MetricsSystemImpl (MetricsSystemImpl.java:init(158)) - HddsDatanode metrics system started (again)
2019-11-14 15:11:04,085 [main] INFO  ozone.HddsDatanodeService (HddsDatanodeService.java:start(186)) - HddsDatanodeService host:pr-hdds-2480-6qkg9-608321763 ip:192.168.34.62
2019-11-14 15:11:04,085 [org.apache.hadoop.util.JvmPauseMonitor$Monitor@6ca27db] INFO  util.JvmPauseMonitor (JvmPauseMonitor.java:run(188)) - Starting JVM pause monitor
2019-11-14 15:11:04,087 [Datanode State Machine Thread - 0] INFO  datanode.InitDatanodeState (InitDatanodeState.java:persistContainerDatanodeDetails(140)) - DatanodeDetails is persisted to /workdir/hadoop-ozone/integration-test/target/test-dir/MiniOzoneClusterImpl-5901a962-94ba-4a8b-ba12-ae811e713c7a/datanode-0/meta/datanode.id
2019-11-14 15:11:04,091 [main] INFO  volume.HddsVolume (HddsVolume.java:<init>(176)) - Creating Volume: /workdir/hadoop-ozone/integration-test/target/test-dir/MiniOzoneClusterImpl-5901a962-94ba-4a8b-ba12-ae811e713c7a/datanode-1/data/containers/hdds of  storage type : DISK and capacity : 1482555576320
2019-11-14 15:11:04,092 [main] INFO  volume.VolumeSet (VolumeSet.java:initializeVolumeSet(170)) - Added Volume : /workdir/hadoop-ozone/integration-test/target/test-dir/MiniOzoneClusterImpl-5901a962-94ba-4a8b-ba12-ae811e713c7a/datanode-1/data/containers/hdds to VolumeSet
2019-11-14 15:11:04,092 [main] INFO  volume.ThrottledAsyncChecker (ThrottledAsyncChecker.java:schedule(141)) - Scheduling a check for /workdir/hadoop-ozone/integration-test/target/test-dir/MiniOzoneClusterImpl-5901a962-94ba-4a8b-ba12-ae811e713c7a/datanode-1/data/containers/hdds
2019-11-14 15:11:04,092 [main] INFO  volume.HddsVolumeChecker (HddsVolumeChecker.java:checkAllVolumes(204)) - Scheduled health check for volume /workdir/hadoop-ozone/integration-test/target/test-dir/MiniOzoneClusterImpl-5901a962-94ba-4a8b-ba12-ae811e713c7a/datanode-1/data/containers/hdds
2019-11-14 15:11:04,103 [main] INFO  impl.RaftServerProxy (ConfUtils.java:logGet(43)) - raft.rpc.type = GRPC (default)
2019-11-14 15:11:04,103 [main] INFO  grpc.GrpcFactory (GrpcFactory.java:checkPooledByteBufAllocatorUseCacheForAllThreads(45)) - PERFORMANCE WARNING: useCacheForAllThreads is true that may cause Netty to create a lot garbage objects and, as a result, trigger GC.
	It is recommended to disable useCacheForAllThreads by setting -Dorg.apache.ratis.thirdparty.io.netty.allocator.useCacheForAllThreads=false in command line.
2019-11-14 15:11:04,104 [main] INFO  grpc.GrpcConfigKeys$Server (ConfUtils.java:logGet(43)) - raft.grpc.server.port = 0 (default)
2019-11-14 15:11:04,104 [main] INFO  server.GrpcService (ConfUtils.java:logGet(43)) - raft.grpc.message.size.max = 33570816 (custom)
2019-11-14 15:11:04,104 [main] INFO  server.RaftServerConfigKeys (ConfUtils.java:logGet(43)) - raft.server.log.appender.buffer.byte-limit = 33554432 (custom)
2019-11-14 15:11:04,104 [main] INFO  server.GrpcService (ConfUtils.java:logGet(43)) - raft.grpc.flow.control.window = 1MB (=1048576) (default)
2019-11-14 15:11:04,104 [main] INFO  server.RaftServerConfigKeys (ConfUtils.java:logGet(43)) - raft.server.rpc.request.timeout = 3000ms (default)
2019-11-14 15:11:04,105 [main] INFO  server.RaftServerConfigKeys (ConfUtils.java:logGet(43)) - raft.server.storage.dir = [/workdir/hadoop-ozone/integration-test/target/test-dir/MiniOzoneClusterImpl-5901a962-94ba-4a8b-ba12-ae811e713c7a/datanode-1/data/ratis] (custom)
2019-11-14 15:11:04,106 [main] INFO  hdfs.DFSUtil (DFSUtil.java:httpServerTemplateForNNAndJN(1641)) - Starting Web-server for hddsDatanode at: http://0.0.0.0:0
2019-11-14 15:11:04,107 [main] INFO  server.AuthenticationFilter (AuthenticationFilter.java:constructSecretProvider(240)) - Unable to initialize FileSignerSecretProvider, falling back to use random secrets.
2019-11-14 15:11:04,107 [main] WARN  http.HttpRequestLog (HttpRequestLog.java:getRequestLog(97)) - Jetty request log can only be enabled using Log4j
2019-11-14 15:11:04,109 [main] INFO  http.HttpServer2 (HttpServer2.java:addGlobalFilter(975)) - Added global filter 'safety' (class=org.apache.hadoop.http.HttpServer2$QuotingInputFilter)
2019-11-14 15:11:04,109 [main] INFO  http.HttpServer2 (HttpServer2.java:addFilter(948)) - Added filter static_user_filter (class=org.apache.hadoop.http.lib.StaticUserWebFilter$StaticUserFilter) to context hddsDatanode
2019-11-14 15:11:04,109 [main] INFO  http.HttpServer2 (HttpServer2.java:addFilter(958)) - Added filter static_user_filter (class=org.apache.hadoop.http.lib.StaticUserWebFilter$StaticUserFilter) to context static
2019-11-14 15:11:04,109 [main] INFO  http.HttpServer2 (HttpServer2.java:addFilter(958)) - Added filter static_user_filter (class=org.apache.hadoop.http.lib.StaticUserWebFilter$StaticUserFilter) to context logs
2019-11-14 15:11:04,110 [main] INFO  http.HttpServer2 (HttpServer2.java:bindListener(1191)) - Jetty bound to port 37960
2019-11-14 15:11:04,110 [main] INFO  server.Server (Server.java:doStart(351)) - jetty-9.3.25.v20180904, build timestamp: 2018-09-04T21:11:46Z, git hash: 3ce520221d0240229c862b122d2b06c12a625732
2019-11-14 15:11:04,111 [main] INFO  handler.ContextHandler (ContextHandler.java:doStart(781)) - Started o.e.j.s.ServletContextHandler@63e4484d{/logs,file:///workdir/hadoop-ozone/integration-test/target/log,AVAILABLE}
2019-11-14 15:11:04,112 [main] INFO  handler.ContextHandler (ContextHandler.java:doStart(781)) - Started o.e.j.s.ServletContextHandler@77663cd7{/static,jar:file:/home/user/.m2/repository/org/apache/hadoop/hadoop-hdds-container-service/0.5.0-SNAPSHOT/hadoop-hdds-container-service-0.5.0-SNAPSHOT.jar!/webapps/static,AVAILABLE}
2019-11-14 15:11:04,140 [main] INFO  handler.ContextHandler (ContextHandler.java:doStart(781)) - Started o.e.j.w.WebAppContext@58164e9a{/,file:///tmp/jetty-0.0.0.0-37960-hddsDatanode-_-any-1188298449662321079.dir/webapp/,AVAILABLE}{/hddsDatanode}
2019-11-14 15:11:04,140 [main] INFO  server.AbstractConnector (AbstractConnector.java:doStart(278)) - Started ServerConnector@11bfffb3{HTTP/1.1,[http/1.1]}{0.0.0.0:37960}
2019-11-14 15:11:04,141 [main] INFO  server.Server (Server.java:doStart(419)) - Started @239736ms
2019-11-14 15:11:04,141 [main] WARN  impl.MetricsSystemImpl (MetricsSystemImpl.java:register(276)) - Sink prometheus already exists!
2019-11-14 15:11:04,142 [main] INFO  server.BaseHttpServer (BaseHttpServer.java:updateConnectorAddress(215)) - HTTP server of HDDSDATANODE is listening at http://0.0.0.0:37960
2019-11-14 15:11:04,142 [main] INFO  impl.MetricsSystemImpl (MetricsSystemImpl.java:init(158)) - HddsDatanode metrics system started (again)
2019-11-14 15:11:04,145 [org.apache.hadoop.util.JvmPauseMonitor$Monitor@2caf7930] INFO  util.JvmPauseMonitor (JvmPauseMonitor.java:run(188)) - Starting JVM pause monitor
2019-11-14 15:11:04,145 [main] INFO  ozone.HddsDatanodeService (HddsDatanodeService.java:start(186)) - HddsDatanodeService host:pr-hdds-2480-6qkg9-608321763 ip:192.168.34.62
2019-11-14 15:11:04,146 [Datanode State Machine Thread - 0] INFO  datanode.InitDatanodeState (InitDatanodeState.java:persistContainerDatanodeDetails(140)) - DatanodeDetails is persisted to /workdir/hadoop-ozone/integration-test/target/test-dir/MiniOzoneClusterImpl-5901a962-94ba-4a8b-ba12-ae811e713c7a/datanode-1/meta/datanode.id
2019-11-14 15:11:04,150 [main] INFO  volume.HddsVolume (HddsVolume.java:<init>(176)) - Creating Volume: /workdir/hadoop-ozone/integration-test/target/test-dir/MiniOzoneClusterImpl-5901a962-94ba-4a8b-ba12-ae811e713c7a/datanode-2/data/containers/hdds of  storage type : DISK and capacity : 1482555576320
2019-11-14 15:11:04,151 [main] INFO  volume.VolumeSet (VolumeSet.java:initializeVolumeSet(170)) - Added Volume : /workdir/hadoop-ozone/integration-test/target/test-dir/MiniOzoneClusterImpl-5901a962-94ba-4a8b-ba12-ae811e713c7a/datanode-2/data/containers/hdds to VolumeSet
2019-11-14 15:11:04,151 [main] INFO  volume.ThrottledAsyncChecker (ThrottledAsyncChecker.java:schedule(141)) - Scheduling a check for /workdir/hadoop-ozone/integration-test/target/test-dir/MiniOzoneClusterImpl-5901a962-94ba-4a8b-ba12-ae811e713c7a/datanode-2/data/containers/hdds
2019-11-14 15:11:04,151 [main] INFO  volume.HddsVolumeChecker (HddsVolumeChecker.java:checkAllVolumes(204)) - Scheduled health check for volume /workdir/hadoop-ozone/integration-test/target/test-dir/MiniOzoneClusterImpl-5901a962-94ba-4a8b-ba12-ae811e713c7a/datanode-2/data/containers/hdds
2019-11-14 15:11:04,162 [main] INFO  impl.RaftServerProxy (ConfUtils.java:logGet(43)) - raft.rpc.type = GRPC (default)
2019-11-14 15:11:04,162 [main] INFO  grpc.GrpcFactory (GrpcFactory.java:checkPooledByteBufAllocatorUseCacheForAllThreads(45)) - PERFORMANCE WARNING: useCacheForAllThreads is true that may cause Netty to create a lot garbage objects and, as a result, trigger GC.
	It is recommended to disable useCacheForAllThreads by setting -Dorg.apache.ratis.thirdparty.io.netty.allocator.useCacheForAllThreads=false in command line.
2019-11-14 15:11:04,162 [main] INFO  grpc.GrpcConfigKeys$Server (ConfUtils.java:logGet(43)) - raft.grpc.server.port = 0 (default)
2019-11-14 15:11:04,163 [main] INFO  server.GrpcService (ConfUtils.java:logGet(43)) - raft.grpc.message.size.max = 33570816 (custom)
2019-11-14 15:11:04,163 [main] INFO  server.RaftServerConfigKeys (ConfUtils.java:logGet(43)) - raft.server.log.appender.buffer.byte-limit = 33554432 (custom)
2019-11-14 15:11:04,163 [main] INFO  server.GrpcService (ConfUtils.java:logGet(43)) - raft.grpc.flow.control.window = 1MB (=1048576) (default)
2019-11-14 15:11:04,163 [main] INFO  server.RaftServerConfigKeys (ConfUtils.java:logGet(43)) - raft.server.rpc.request.timeout = 3000ms (default)
2019-11-14 15:11:04,163 [main] INFO  server.RaftServerConfigKeys (ConfUtils.java:logGet(43)) - raft.server.storage.dir = [/workdir/hadoop-ozone/integration-test/target/test-dir/MiniOzoneClusterImpl-5901a962-94ba-4a8b-ba12-ae811e713c7a/datanode-2/data/ratis] (custom)
2019-11-14 15:11:04,165 [main] INFO  hdfs.DFSUtil (DFSUtil.java:httpServerTemplateForNNAndJN(1641)) - Starting Web-server for hddsDatanode at: http://0.0.0.0:0
2019-11-14 15:11:04,166 [main] INFO  server.AuthenticationFilter (AuthenticationFilter.java:constructSecretProvider(240)) - Unable to initialize FileSignerSecretProvider, falling back to use random secrets.
2019-11-14 15:11:04,166 [main] WARN  http.HttpRequestLog (HttpRequestLog.java:getRequestLog(97)) - Jetty request log can only be enabled using Log4j
2019-11-14 15:11:04,168 [main] INFO  http.HttpServer2 (HttpServer2.java:addGlobalFilter(975)) - Added global filter 'safety' (class=org.apache.hadoop.http.HttpServer2$QuotingInputFilter)
2019-11-14 15:11:04,168 [main] INFO  http.HttpServer2 (HttpServer2.java:addFilter(948)) - Added filter static_user_filter (class=org.apache.hadoop.http.lib.StaticUserWebFilter$StaticUserFilter) to context hddsDatanode
2019-11-14 15:11:04,168 [main] INFO  http.HttpServer2 (HttpServer2.java:addFilter(958)) - Added filter static_user_filter (class=org.apache.hadoop.http.lib.StaticUserWebFilter$StaticUserFilter) to context static
2019-11-14 15:11:04,168 [main] INFO  http.HttpServer2 (HttpServer2.java:addFilter(958)) - Added filter static_user_filter (class=org.apache.hadoop.http.lib.StaticUserWebFilter$StaticUserFilter) to context logs
2019-11-14 15:11:04,169 [main] INFO  http.HttpServer2 (HttpServer2.java:bindListener(1191)) - Jetty bound to port 32887
2019-11-14 15:11:04,169 [main] INFO  server.Server (Server.java:doStart(351)) - jetty-9.3.25.v20180904, build timestamp: 2018-09-04T21:11:46Z, git hash: 3ce520221d0240229c862b122d2b06c12a625732
2019-11-14 15:11:04,170 [main] INFO  handler.ContextHandler (ContextHandler.java:doStart(781)) - Started o.e.j.s.ServletContextHandler@74500e4f{/logs,file:///workdir/hadoop-ozone/integration-test/target/log,AVAILABLE}
2019-11-14 15:11:04,171 [main] INFO  handler.ContextHandler (ContextHandler.java:doStart(781)) - Started o.e.j.s.ServletContextHandler@7fc7152e{/static,jar:file:/home/user/.m2/repository/org/apache/hadoop/hadoop-hdds-container-service/0.5.0-SNAPSHOT/hadoop-hdds-container-service-0.5.0-SNAPSHOT.jar!/webapps/static,AVAILABLE}
2019-11-14 15:11:04,199 [main] INFO  handler.ContextHandler (ContextHandler.java:doStart(781)) - Started o.e.j.w.WebAppContext@7cdb7fc{/,file:///tmp/jetty-0.0.0.0-32887-hddsDatanode-_-any-578446650700321557.dir/webapp/,AVAILABLE}{/hddsDatanode}
2019-11-14 15:11:04,199 [main] INFO  server.AbstractConnector (AbstractConnector.java:doStart(278)) - Started ServerConnector@524f5ea5{HTTP/1.1,[http/1.1]}{0.0.0.0:32887}
2019-11-14 15:11:04,201 [main] INFO  server.Server (Server.java:doStart(419)) - Started @239796ms
2019-11-14 15:11:04,201 [main] WARN  impl.MetricsSystemImpl (MetricsSystemImpl.java:register(276)) - Sink prometheus already exists!
2019-11-14 15:11:04,202 [main] INFO  server.BaseHttpServer (BaseHttpServer.java:updateConnectorAddress(215)) - HTTP server of HDDSDATANODE is listening at http://0.0.0.0:32887
2019-11-14 15:11:04,202 [main] INFO  impl.MetricsSystemImpl (MetricsSystemImpl.java:init(158)) - HddsDatanode metrics system started (again)
2019-11-14 15:11:04,204 [org.apache.hadoop.util.JvmPauseMonitor$Monitor@332b1368] INFO  util.JvmPauseMonitor (JvmPauseMonitor.java:run(188)) - Starting JVM pause monitor
2019-11-14 15:11:04,205 [main] INFO  ozone.HddsDatanodeService (HddsDatanodeService.java:start(186)) - HddsDatanodeService host:pr-hdds-2480-6qkg9-608321763 ip:192.168.34.62
2019-11-14 15:11:04,205 [Datanode State Machine Thread - 0] INFO  datanode.InitDatanodeState (InitDatanodeState.java:persistContainerDatanodeDetails(140)) - DatanodeDetails is persisted to /workdir/hadoop-ozone/integration-test/target/test-dir/MiniOzoneClusterImpl-5901a962-94ba-4a8b-ba12-ae811e713c7a/datanode-2/meta/datanode.id
2019-11-14 15:11:04,210 [main] INFO  volume.HddsVolume (HddsVolume.java:<init>(176)) - Creating Volume: /workdir/hadoop-ozone/integration-test/target/test-dir/MiniOzoneClusterImpl-5901a962-94ba-4a8b-ba12-ae811e713c7a/datanode-3/data/containers/hdds of  storage type : DISK and capacity : 1482555576320
2019-11-14 15:11:04,211 [main] INFO  volume.VolumeSet (VolumeSet.java:initializeVolumeSet(170)) - Added Volume : /workdir/hadoop-ozone/integration-test/target/test-dir/MiniOzoneClusterImpl-5901a962-94ba-4a8b-ba12-ae811e713c7a/datanode-3/data/containers/hdds to VolumeSet
2019-11-14 15:11:04,211 [main] INFO  volume.ThrottledAsyncChecker (ThrottledAsyncChecker.java:schedule(141)) - Scheduling a check for /workdir/hadoop-ozone/integration-test/target/test-dir/MiniOzoneClusterImpl-5901a962-94ba-4a8b-ba12-ae811e713c7a/datanode-3/data/containers/hdds
2019-11-14 15:11:04,211 [main] INFO  volume.HddsVolumeChecker (HddsVolumeChecker.java:checkAllVolumes(204)) - Scheduled health check for volume /workdir/hadoop-ozone/integration-test/target/test-dir/MiniOzoneClusterImpl-5901a962-94ba-4a8b-ba12-ae811e713c7a/datanode-3/data/containers/hdds
2019-11-14 15:11:04,222 [main] INFO  impl.RaftServerProxy (ConfUtils.java:logGet(43)) - raft.rpc.type = GRPC (default)
2019-11-14 15:11:04,223 [main] INFO  grpc.GrpcFactory (GrpcFactory.java:checkPooledByteBufAllocatorUseCacheForAllThreads(45)) - PERFORMANCE WARNING: useCacheForAllThreads is true that may cause Netty to create a lot garbage objects and, as a result, trigger GC.
	It is recommended to disable useCacheForAllThreads by setting -Dorg.apache.ratis.thirdparty.io.netty.allocator.useCacheForAllThreads=false in command line.
2019-11-14 15:11:04,223 [main] INFO  grpc.GrpcConfigKeys$Server (ConfUtils.java:logGet(43)) - raft.grpc.server.port = 0 (default)
2019-11-14 15:11:04,223 [main] INFO  server.GrpcService (ConfUtils.java:logGet(43)) - raft.grpc.message.size.max = 33570816 (custom)
2019-11-14 15:11:04,223 [main] INFO  server.RaftServerConfigKeys (ConfUtils.java:logGet(43)) - raft.server.log.appender.buffer.byte-limit = 33554432 (custom)
2019-11-14 15:11:04,223 [main] INFO  server.GrpcService (ConfUtils.java:logGet(43)) - raft.grpc.flow.control.window = 1MB (=1048576) (default)
2019-11-14 15:11:04,223 [main] INFO  server.RaftServerConfigKeys (ConfUtils.java:logGet(43)) - raft.server.rpc.request.timeout = 3000ms (default)
2019-11-14 15:11:04,224 [main] INFO  server.RaftServerConfigKeys (ConfUtils.java:logGet(43)) - raft.server.storage.dir = [/workdir/hadoop-ozone/integration-test/target/test-dir/MiniOzoneClusterImpl-5901a962-94ba-4a8b-ba12-ae811e713c7a/datanode-3/data/ratis] (custom)
2019-11-14 15:11:04,225 [main] INFO  hdfs.DFSUtil (DFSUtil.java:httpServerTemplateForNNAndJN(1641)) - Starting Web-server for hddsDatanode at: http://0.0.0.0:0
2019-11-14 15:11:04,226 [main] INFO  server.AuthenticationFilter (AuthenticationFilter.java:constructSecretProvider(240)) - Unable to initialize FileSignerSecretProvider, falling back to use random secrets.
2019-11-14 15:11:04,227 [main] WARN  http.HttpRequestLog (HttpRequestLog.java:getRequestLog(97)) - Jetty request log can only be enabled using Log4j
2019-11-14 15:11:04,228 [main] INFO  http.HttpServer2 (HttpServer2.java:addGlobalFilter(975)) - Added global filter 'safety' (class=org.apache.hadoop.http.HttpServer2$QuotingInputFilter)
2019-11-14 15:11:04,228 [main] INFO  http.HttpServer2 (HttpServer2.java:addFilter(948)) - Added filter static_user_filter (class=org.apache.hadoop.http.lib.StaticUserWebFilter$StaticUserFilter) to context hddsDatanode
2019-11-14 15:11:04,228 [main] INFO  http.HttpServer2 (HttpServer2.java:addFilter(958)) - Added filter static_user_filter (class=org.apache.hadoop.http.lib.StaticUserWebFilter$StaticUserFilter) to context logs
2019-11-14 15:11:04,229 [main] INFO  http.HttpServer2 (HttpServer2.java:addFilter(958)) - Added filter static_user_filter (class=org.apache.hadoop.http.lib.StaticUserWebFilter$StaticUserFilter) to context static
2019-11-14 15:11:04,229 [main] INFO  http.HttpServer2 (HttpServer2.java:bindListener(1191)) - Jetty bound to port 37027
2019-11-14 15:11:04,229 [main] INFO  server.Server (Server.java:doStart(351)) - jetty-9.3.25.v20180904, build timestamp: 2018-09-04T21:11:46Z, git hash: 3ce520221d0240229c862b122d2b06c12a625732
2019-11-14 15:11:04,231 [main] INFO  handler.ContextHandler (ContextHandler.java:doStart(781)) - Started o.e.j.s.ServletContextHandler@650a1aff{/logs,file:///workdir/hadoop-ozone/integration-test/target/log,AVAILABLE}
2019-11-14 15:11:04,231 [main] INFO  handler.ContextHandler (ContextHandler.java:doStart(781)) - Started o.e.j.s.ServletContextHandler@2b9e69fb{/static,jar:file:/home/user/.m2/repository/org/apache/hadoop/hadoop-hdds-container-service/0.5.0-SNAPSHOT/hadoop-hdds-container-service-0.5.0-SNAPSHOT.jar!/webapps/static,AVAILABLE}
2019-11-14 15:11:04,260 [main] INFO  handler.ContextHandler (ContextHandler.java:doStart(781)) - Started o.e.j.w.WebAppContext@5d829ef0{/,file:///tmp/jetty-0.0.0.0-37027-hddsDatanode-_-any-7440570086043891444.dir/webapp/,AVAILABLE}{/hddsDatanode}
2019-11-14 15:11:04,260 [main] INFO  server.AbstractConnector (AbstractConnector.java:doStart(278)) - Started ServerConnector@4416e18d{HTTP/1.1,[http/1.1]}{0.0.0.0:37027}
2019-11-14 15:11:04,261 [main] INFO  server.Server (Server.java:doStart(419)) - Started @239856ms
2019-11-14 15:11:04,261 [main] WARN  impl.MetricsSystemImpl (MetricsSystemImpl.java:register(276)) - Sink prometheus already exists!
2019-11-14 15:11:04,262 [main] INFO  server.BaseHttpServer (BaseHttpServer.java:updateConnectorAddress(215)) - HTTP server of HDDSDATANODE is listening at http://0.0.0.0:37027
2019-11-14 15:11:04,262 [main] INFO  impl.MetricsSystemImpl (MetricsSystemImpl.java:init(158)) - HddsDatanode metrics system started (again)
2019-11-14 15:11:04,265 [org.apache.hadoop.util.JvmPauseMonitor$Monitor@4e6c267b] INFO  util.JvmPauseMonitor (JvmPauseMonitor.java:run(188)) - Starting JVM pause monitor
2019-11-14 15:11:04,265 [main] INFO  ozone.HddsDatanodeService (HddsDatanodeService.java:start(186)) - HddsDatanodeService host:pr-hdds-2480-6qkg9-608321763 ip:192.168.34.62
2019-11-14 15:11:04,266 [Datanode State Machine Thread - 0] INFO  datanode.InitDatanodeState (InitDatanodeState.java:persistContainerDatanodeDetails(140)) - DatanodeDetails is persisted to /workdir/hadoop-ozone/integration-test/target/test-dir/MiniOzoneClusterImpl-5901a962-94ba-4a8b-ba12-ae811e713c7a/datanode-3/meta/datanode.id
2019-11-14 15:11:04,271 [main] INFO  volume.HddsVolume (HddsVolume.java:<init>(176)) - Creating Volume: /workdir/hadoop-ozone/integration-test/target/test-dir/MiniOzoneClusterImpl-5901a962-94ba-4a8b-ba12-ae811e713c7a/datanode-4/data/containers/hdds of  storage type : DISK and capacity : 1482555576320
2019-11-14 15:11:04,271 [main] INFO  volume.VolumeSet (VolumeSet.java:initializeVolumeSet(170)) - Added Volume : /workdir/hadoop-ozone/integration-test/target/test-dir/MiniOzoneClusterImpl-5901a962-94ba-4a8b-ba12-ae811e713c7a/datanode-4/data/containers/hdds to VolumeSet
2019-11-14 15:11:04,272 [main] INFO  volume.ThrottledAsyncChecker (ThrottledAsyncChecker.java:schedule(141)) - Scheduling a check for /workdir/hadoop-ozone/integration-test/target/test-dir/MiniOzoneClusterImpl-5901a962-94ba-4a8b-ba12-ae811e713c7a/datanode-4/data/containers/hdds
2019-11-14 15:11:04,272 [main] INFO  volume.HddsVolumeChecker (HddsVolumeChecker.java:checkAllVolumes(204)) - Scheduled health check for volume /workdir/hadoop-ozone/integration-test/target/test-dir/MiniOzoneClusterImpl-5901a962-94ba-4a8b-ba12-ae811e713c7a/datanode-4/data/containers/hdds
2019-11-14 15:11:04,284 [main] INFO  impl.RaftServerProxy (ConfUtils.java:logGet(43)) - raft.rpc.type = GRPC (default)
2019-11-14 15:11:04,284 [main] INFO  grpc.GrpcFactory (GrpcFactory.java:checkPooledByteBufAllocatorUseCacheForAllThreads(45)) - PERFORMANCE WARNING: useCacheForAllThreads is true that may cause Netty to create a lot garbage objects and, as a result, trigger GC.
	It is recommended to disable useCacheForAllThreads by setting -Dorg.apache.ratis.thirdparty.io.netty.allocator.useCacheForAllThreads=false in command line.
2019-11-14 15:11:04,284 [main] INFO  grpc.GrpcConfigKeys$Server (ConfUtils.java:logGet(43)) - raft.grpc.server.port = 0 (default)
2019-11-14 15:11:04,284 [main] INFO  server.GrpcService (ConfUtils.java:logGet(43)) - raft.grpc.message.size.max = 33570816 (custom)
2019-11-14 15:11:04,284 [main] INFO  server.RaftServerConfigKeys (ConfUtils.java:logGet(43)) - raft.server.log.appender.buffer.byte-limit = 33554432 (custom)
2019-11-14 15:11:04,285 [main] INFO  server.GrpcService (ConfUtils.java:logGet(43)) - raft.grpc.flow.control.window = 1MB (=1048576) (default)
2019-11-14 15:11:04,285 [main] INFO  server.RaftServerConfigKeys (ConfUtils.java:logGet(43)) - raft.server.rpc.request.timeout = 3000ms (default)
2019-11-14 15:11:04,285 [main] INFO  server.RaftServerConfigKeys (ConfUtils.java:logGet(43)) - raft.server.storage.dir = [/workdir/hadoop-ozone/integration-test/target/test-dir/MiniOzoneClusterImpl-5901a962-94ba-4a8b-ba12-ae811e713c7a/datanode-4/data/ratis] (custom)
2019-11-14 15:11:04,286 [main] INFO  hdfs.DFSUtil (DFSUtil.java:httpServerTemplateForNNAndJN(1641)) - Starting Web-server for hddsDatanode at: http://0.0.0.0:0
2019-11-14 15:11:04,288 [main] INFO  server.AuthenticationFilter (AuthenticationFilter.java:constructSecretProvider(240)) - Unable to initialize FileSignerSecretProvider, falling back to use random secrets.
2019-11-14 15:11:04,288 [main] WARN  http.HttpRequestLog (HttpRequestLog.java:getRequestLog(97)) - Jetty request log can only be enabled using Log4j
2019-11-14 15:11:04,289 [main] INFO  http.HttpServer2 (HttpServer2.java:addGlobalFilter(975)) - Added global filter 'safety' (class=org.apache.hadoop.http.HttpServer2$QuotingInputFilter)
2019-11-14 15:11:04,289 [main] INFO  http.HttpServer2 (HttpServer2.java:addFilter(948)) - Added filter static_user_filter (class=org.apache.hadoop.http.lib.StaticUserWebFilter$StaticUserFilter) to context hddsDatanode
2019-11-14 15:11:04,290 [main] INFO  http.HttpServer2 (HttpServer2.java:addFilter(958)) - Added filter static_user_filter (class=org.apache.hadoop.http.lib.StaticUserWebFilter$StaticUserFilter) to context static
2019-11-14 15:11:04,290 [main] INFO  http.HttpServer2 (HttpServer2.java:addFilter(958)) - Added filter static_user_filter (class=org.apache.hadoop.http.lib.StaticUserWebFilter$StaticUserFilter) to context logs
2019-11-14 15:11:04,290 [main] INFO  http.HttpServer2 (HttpServer2.java:bindListener(1191)) - Jetty bound to port 39684
2019-11-14 15:11:04,291 [main] INFO  server.Server (Server.java:doStart(351)) - jetty-9.3.25.v20180904, build timestamp: 2018-09-04T21:11:46Z, git hash: 3ce520221d0240229c862b122d2b06c12a625732
2019-11-14 15:11:04,292 [main] INFO  handler.ContextHandler (ContextHandler.java:doStart(781)) - Started o.e.j.s.ServletContextHandler@516195cf{/logs,file:///workdir/hadoop-ozone/integration-test/target/log,AVAILABLE}
2019-11-14 15:11:04,292 [main] INFO  handler.ContextHandler (ContextHandler.java:doStart(781)) - Started o.e.j.s.ServletContextHandler@26ca12a2{/static,jar:file:/home/user/.m2/repository/org/apache/hadoop/hadoop-hdds-container-service/0.5.0-SNAPSHOT/hadoop-hdds-container-service-0.5.0-SNAPSHOT.jar!/webapps/static,AVAILABLE}
2019-11-14 15:11:04,320 [main] INFO  handler.ContextHandler (ContextHandler.java:doStart(781)) - Started o.e.j.w.WebAppContext@2fba0dac{/,file:///tmp/jetty-0.0.0.0-39684-hddsDatanode-_-any-1233397748734499112.dir/webapp/,AVAILABLE}{/hddsDatanode}
2019-11-14 15:11:04,320 [main] INFO  server.AbstractConnector (AbstractConnector.java:doStart(278)) - Started ServerConnector@2b2a4332{HTTP/1.1,[http/1.1]}{0.0.0.0:39684}
2019-11-14 15:11:04,321 [main] INFO  server.Server (Server.java:doStart(419)) - Started @239916ms
2019-11-14 15:11:04,321 [main] WARN  impl.MetricsSystemImpl (MetricsSystemImpl.java:register(276)) - Sink prometheus already exists!
2019-11-14 15:11:04,322 [main] INFO  server.BaseHttpServer (BaseHttpServer.java:updateConnectorAddress(215)) - HTTP server of HDDSDATANODE is listening at http://0.0.0.0:39684
2019-11-14 15:11:04,323 [main] INFO  impl.MetricsSystemImpl (MetricsSystemImpl.java:init(158)) - HddsDatanode metrics system started (again)
2019-11-14 15:11:04,325 [org.apache.hadoop.util.JvmPauseMonitor$Monitor@676d6dd] INFO  util.JvmPauseMonitor (JvmPauseMonitor.java:run(188)) - Starting JVM pause monitor
2019-11-14 15:11:04,326 [main] INFO  ozone.HddsDatanodeService (HddsDatanodeService.java:start(186)) - HddsDatanodeService host:pr-hdds-2480-6qkg9-608321763 ip:192.168.34.62
2019-11-14 15:11:04,326 [Datanode State Machine Thread - 0] INFO  datanode.InitDatanodeState (InitDatanodeState.java:persistContainerDatanodeDetails(140)) - DatanodeDetails is persisted to /workdir/hadoop-ozone/integration-test/target/test-dir/MiniOzoneClusterImpl-5901a962-94ba-4a8b-ba12-ae811e713c7a/datanode-4/meta/datanode.id
2019-11-14 15:11:04,331 [main] INFO  volume.HddsVolume (HddsVolume.java:<init>(176)) - Creating Volume: /workdir/hadoop-ozone/integration-test/target/test-dir/MiniOzoneClusterImpl-5901a962-94ba-4a8b-ba12-ae811e713c7a/datanode-5/data/containers/hdds of  storage type : DISK and capacity : 1482555576320
2019-11-14 15:11:04,331 [main] INFO  volume.VolumeSet (VolumeSet.java:initializeVolumeSet(170)) - Added Volume : /workdir/hadoop-ozone/integration-test/target/test-dir/MiniOzoneClusterImpl-5901a962-94ba-4a8b-ba12-ae811e713c7a/datanode-5/data/containers/hdds to VolumeSet
2019-11-14 15:11:04,331 [main] INFO  volume.ThrottledAsyncChecker (ThrottledAsyncChecker.java:schedule(141)) - Scheduling a check for /workdir/hadoop-ozone/integration-test/target/test-dir/MiniOzoneClusterImpl-5901a962-94ba-4a8b-ba12-ae811e713c7a/datanode-5/data/containers/hdds
2019-11-14 15:11:04,331 [main] INFO  volume.HddsVolumeChecker (HddsVolumeChecker.java:checkAllVolumes(204)) - Scheduled health check for volume /workdir/hadoop-ozone/integration-test/target/test-dir/MiniOzoneClusterImpl-5901a962-94ba-4a8b-ba12-ae811e713c7a/datanode-5/data/containers/hdds
2019-11-14 15:11:04,341 [main] INFO  impl.RaftServerProxy (ConfUtils.java:logGet(43)) - raft.rpc.type = GRPC (default)
2019-11-14 15:11:04,342 [main] INFO  grpc.GrpcFactory (GrpcFactory.java:checkPooledByteBufAllocatorUseCacheForAllThreads(45)) - PERFORMANCE WARNING: useCacheForAllThreads is true that may cause Netty to create a lot garbage objects and, as a result, trigger GC.
	It is recommended to disable useCacheForAllThreads by setting -Dorg.apache.ratis.thirdparty.io.netty.allocator.useCacheForAllThreads=false in command line.
2019-11-14 15:11:04,342 [main] INFO  grpc.GrpcConfigKeys$Server (ConfUtils.java:logGet(43)) - raft.grpc.server.port = 0 (default)
2019-11-14 15:11:04,342 [main] INFO  server.GrpcService (ConfUtils.java:logGet(43)) - raft.grpc.message.size.max = 33570816 (custom)
2019-11-14 15:11:04,342 [main] INFO  server.RaftServerConfigKeys (ConfUtils.java:logGet(43)) - raft.server.log.appender.buffer.byte-limit = 33554432 (custom)
2019-11-14 15:11:04,342 [main] INFO  server.GrpcService (ConfUtils.java:logGet(43)) - raft.grpc.flow.control.window = 1MB (=1048576) (default)
2019-11-14 15:11:04,342 [main] INFO  server.RaftServerConfigKeys (ConfUtils.java:logGet(43)) - raft.server.rpc.request.timeout = 3000ms (default)
2019-11-14 15:11:04,343 [main] INFO  server.RaftServerConfigKeys (ConfUtils.java:logGet(43)) - raft.server.storage.dir = [/workdir/hadoop-ozone/integration-test/target/test-dir/MiniOzoneClusterImpl-5901a962-94ba-4a8b-ba12-ae811e713c7a/datanode-5/data/ratis] (custom)
2019-11-14 15:11:04,344 [main] INFO  hdfs.DFSUtil (DFSUtil.java:httpServerTemplateForNNAndJN(1641)) - Starting Web-server for hddsDatanode at: http://0.0.0.0:0
2019-11-14 15:11:04,345 [main] INFO  server.AuthenticationFilter (AuthenticationFilter.java:constructSecretProvider(240)) - Unable to initialize FileSignerSecretProvider, falling back to use random secrets.
2019-11-14 15:11:04,345 [main] WARN  http.HttpRequestLog (HttpRequestLog.java:getRequestLog(97)) - Jetty request log can only be enabled using Log4j
2019-11-14 15:11:04,346 [main] INFO  http.HttpServer2 (HttpServer2.java:addGlobalFilter(975)) - Added global filter 'safety' (class=org.apache.hadoop.http.HttpServer2$QuotingInputFilter)
2019-11-14 15:11:04,346 [main] INFO  http.HttpServer2 (HttpServer2.java:addFilter(948)) - Added filter static_user_filter (class=org.apache.hadoop.http.lib.StaticUserWebFilter$StaticUserFilter) to context hddsDatanode
2019-11-14 15:11:04,347 [main] INFO  http.HttpServer2 (HttpServer2.java:addFilter(958)) - Added filter static_user_filter (class=org.apache.hadoop.http.lib.StaticUserWebFilter$StaticUserFilter) to context logs
2019-11-14 15:11:04,347 [main] INFO  http.HttpServer2 (HttpServer2.java:addFilter(958)) - Added filter static_user_filter (class=org.apache.hadoop.http.lib.StaticUserWebFilter$StaticUserFilter) to context static
2019-11-14 15:11:04,347 [main] INFO  http.HttpServer2 (HttpServer2.java:bindListener(1191)) - Jetty bound to port 34935
2019-11-14 15:11:04,347 [main] INFO  server.Server (Server.java:doStart(351)) - jetty-9.3.25.v20180904, build timestamp: 2018-09-04T21:11:46Z, git hash: 3ce520221d0240229c862b122d2b06c12a625732
2019-11-14 15:11:04,348 [main] INFO  handler.ContextHandler (ContextHandler.java:doStart(781)) - Started o.e.j.s.ServletContextHandler@64c8fcfb{/logs,file:///workdir/hadoop-ozone/integration-test/target/log,AVAILABLE}
2019-11-14 15:11:04,349 [main] INFO  handler.ContextHandler (ContextHandler.java:doStart(781)) - Started o.e.j.s.ServletContextHandler@19105a87{/static,jar:file:/home/user/.m2/repository/org/apache/hadoop/hadoop-hdds-container-service/0.5.0-SNAPSHOT/hadoop-hdds-container-service-0.5.0-SNAPSHOT.jar!/webapps/static,AVAILABLE}
2019-11-14 15:11:04,376 [main] INFO  handler.ContextHandler (ContextHandler.java:doStart(781)) - Started o.e.j.w.WebAppContext@57e4b86c{/,file:///tmp/jetty-0.0.0.0-34935-hddsDatanode-_-any-1495206482688496102.dir/webapp/,AVAILABLE}{/hddsDatanode}
2019-11-14 15:11:04,376 [main] INFO  server.AbstractConnector (AbstractConnector.java:doStart(278)) - Started ServerConnector@632241f5{HTTP/1.1,[http/1.1]}{0.0.0.0:34935}
2019-11-14 15:11:04,377 [main] INFO  server.Server (Server.java:doStart(419)) - Started @239972ms
2019-11-14 15:11:04,377 [main] WARN  impl.MetricsSystemImpl (MetricsSystemImpl.java:register(276)) - Sink prometheus already exists!
2019-11-14 15:11:04,378 [main] INFO  server.BaseHttpServer (BaseHttpServer.java:updateConnectorAddress(215)) - HTTP server of HDDSDATANODE is listening at http://0.0.0.0:34935
2019-11-14 15:11:04,378 [main] INFO  impl.MetricsSystemImpl (MetricsSystemImpl.java:init(158)) - HddsDatanode metrics system started (again)
2019-11-14 15:11:04,381 [org.apache.hadoop.util.JvmPauseMonitor$Monitor@2535c4bb] INFO  util.JvmPauseMonitor (JvmPauseMonitor.java:run(188)) - Starting JVM pause monitor
2019-11-14 15:11:04,381 [main] INFO  ozone.HddsDatanodeService (HddsDatanodeService.java:start(186)) - HddsDatanodeService host:pr-hdds-2480-6qkg9-608321763 ip:192.168.34.62
2019-11-14 15:11:04,382 [Datanode State Machine Thread - 0] INFO  datanode.InitDatanodeState (InitDatanodeState.java:persistContainerDatanodeDetails(140)) - DatanodeDetails is persisted to /workdir/hadoop-ozone/integration-test/target/test-dir/MiniOzoneClusterImpl-5901a962-94ba-4a8b-ba12-ae811e713c7a/datanode-5/meta/datanode.id
2019-11-14 15:11:04,386 [main] INFO  volume.HddsVolume (HddsVolume.java:<init>(176)) - Creating Volume: /workdir/hadoop-ozone/integration-test/target/test-dir/MiniOzoneClusterImpl-5901a962-94ba-4a8b-ba12-ae811e713c7a/datanode-6/data/containers/hdds of  storage type : DISK and capacity : 1482555576320
2019-11-14 15:11:04,386 [main] INFO  volume.VolumeSet (VolumeSet.java:initializeVolumeSet(170)) - Added Volume : /workdir/hadoop-ozone/integration-test/target/test-dir/MiniOzoneClusterImpl-5901a962-94ba-4a8b-ba12-ae811e713c7a/datanode-6/data/containers/hdds to VolumeSet
2019-11-14 15:11:04,386 [main] INFO  volume.ThrottledAsyncChecker (ThrottledAsyncChecker.java:schedule(141)) - Scheduling a check for /workdir/hadoop-ozone/integration-test/target/test-dir/MiniOzoneClusterImpl-5901a962-94ba-4a8b-ba12-ae811e713c7a/datanode-6/data/containers/hdds
2019-11-14 15:11:04,387 [main] INFO  volume.HddsVolumeChecker (HddsVolumeChecker.java:checkAllVolumes(204)) - Scheduled health check for volume /workdir/hadoop-ozone/integration-test/target/test-dir/MiniOzoneClusterImpl-5901a962-94ba-4a8b-ba12-ae811e713c7a/datanode-6/data/containers/hdds
2019-11-14 15:11:04,397 [main] INFO  impl.RaftServerProxy (ConfUtils.java:logGet(43)) - raft.rpc.type = GRPC (default)
2019-11-14 15:11:04,397 [main] INFO  grpc.GrpcFactory (GrpcFactory.java:checkPooledByteBufAllocatorUseCacheForAllThreads(45)) - PERFORMANCE WARNING: useCacheForAllThreads is true that may cause Netty to create a lot garbage objects and, as a result, trigger GC.
	It is recommended to disable useCacheForAllThreads by setting -Dorg.apache.ratis.thirdparty.io.netty.allocator.useCacheForAllThreads=false in command line.
2019-11-14 15:11:04,397 [main] INFO  grpc.GrpcConfigKeys$Server (ConfUtils.java:logGet(43)) - raft.grpc.server.port = 0 (default)
2019-11-14 15:11:04,397 [main] INFO  server.GrpcService (ConfUtils.java:logGet(43)) - raft.grpc.message.size.max = 33570816 (custom)
2019-11-14 15:11:04,397 [main] INFO  server.RaftServerConfigKeys (ConfUtils.java:logGet(43)) - raft.server.log.appender.buffer.byte-limit = 33554432 (custom)
2019-11-14 15:11:04,398 [main] INFO  server.GrpcService (ConfUtils.java:logGet(43)) - raft.grpc.flow.control.window = 1MB (=1048576) (default)
2019-11-14 15:11:04,398 [main] INFO  server.RaftServerConfigKeys (ConfUtils.java:logGet(43)) - raft.server.rpc.request.timeout = 3000ms (default)
2019-11-14 15:11:04,398 [main] INFO  server.RaftServerConfigKeys (ConfUtils.java:logGet(43)) - raft.server.storage.dir = [/workdir/hadoop-ozone/integration-test/target/test-dir/MiniOzoneClusterImpl-5901a962-94ba-4a8b-ba12-ae811e713c7a/datanode-6/data/ratis] (custom)
2019-11-14 15:11:04,399 [main] INFO  hdfs.DFSUtil (DFSUtil.java:httpServerTemplateForNNAndJN(1641)) - Starting Web-server for hddsDatanode at: http://0.0.0.0:0
2019-11-14 15:11:04,400 [main] INFO  server.AuthenticationFilter (AuthenticationFilter.java:constructSecretProvider(240)) - Unable to initialize FileSignerSecretProvider, falling back to use random secrets.
2019-11-14 15:11:04,401 [main] WARN  http.HttpRequestLog (HttpRequestLog.java:getRequestLog(97)) - Jetty request log can only be enabled using Log4j
2019-11-14 15:11:04,402 [main] INFO  http.HttpServer2 (HttpServer2.java:addGlobalFilter(975)) - Added global filter 'safety' (class=org.apache.hadoop.http.HttpServer2$QuotingInputFilter)
2019-11-14 15:11:04,402 [main] INFO  http.HttpServer2 (HttpServer2.java:addFilter(948)) - Added filter static_user_filter (class=org.apache.hadoop.http.lib.StaticUserWebFilter$StaticUserFilter) to context hddsDatanode
2019-11-14 15:11:04,402 [main] INFO  http.HttpServer2 (HttpServer2.java:addFilter(958)) - Added filter static_user_filter (class=org.apache.hadoop.http.lib.StaticUserWebFilter$StaticUserFilter) to context logs
2019-11-14 15:11:04,402 [main] INFO  http.HttpServer2 (HttpServer2.java:addFilter(958)) - Added filter static_user_filter (class=org.apache.hadoop.http.lib.StaticUserWebFilter$StaticUserFilter) to context static
2019-11-14 15:11:04,403 [main] INFO  http.HttpServer2 (HttpServer2.java:bindListener(1191)) - Jetty bound to port 36027
2019-11-14 15:11:04,403 [main] INFO  server.Server (Server.java:doStart(351)) - jetty-9.3.25.v20180904, build timestamp: 2018-09-04T21:11:46Z, git hash: 3ce520221d0240229c862b122d2b06c12a625732
2019-11-14 15:11:04,404 [main] INFO  handler.ContextHandler (ContextHandler.java:doStart(781)) - Started o.e.j.s.ServletContextHandler@7103745{/logs,file:///workdir/hadoop-ozone/integration-test/target/log,AVAILABLE}
2019-11-14 15:11:04,404 [main] INFO  handler.ContextHandler (ContextHandler.java:doStart(781)) - Started o.e.j.s.ServletContextHandler@25de8898{/static,jar:file:/home/user/.m2/repository/org/apache/hadoop/hadoop-hdds-container-service/0.5.0-SNAPSHOT/hadoop-hdds-container-service-0.5.0-SNAPSHOT.jar!/webapps/static,AVAILABLE}
2019-11-14 15:11:04,432 [main] INFO  handler.ContextHandler (ContextHandler.java:doStart(781)) - Started o.e.j.w.WebAppContext@68d6f48e{/,file:///tmp/jetty-0.0.0.0-36027-hddsDatanode-_-any-709885152341665664.dir/webapp/,AVAILABLE}{/hddsDatanode}
2019-11-14 15:11:04,432 [main] INFO  server.AbstractConnector (AbstractConnector.java:doStart(278)) - Started ServerConnector@6c96403e{HTTP/1.1,[http/1.1]}{0.0.0.0:36027}
2019-11-14 15:11:04,433 [main] INFO  server.Server (Server.java:doStart(419)) - Started @240028ms
2019-11-14 15:11:04,433 [main] WARN  impl.MetricsSystemImpl (MetricsSystemImpl.java:register(276)) - Sink prometheus already exists!
2019-11-14 15:11:04,434 [main] INFO  server.BaseHttpServer (BaseHttpServer.java:updateConnectorAddress(215)) - HTTP server of HDDSDATANODE is listening at http://0.0.0.0:36027
2019-11-14 15:11:04,434 [main] INFO  impl.MetricsSystemImpl (MetricsSystemImpl.java:init(158)) - HddsDatanode metrics system started (again)
2019-11-14 15:11:04,438 [org.apache.hadoop.util.JvmPauseMonitor$Monitor@1e59d563] INFO  util.JvmPauseMonitor (JvmPauseMonitor.java:run(188)) - Starting JVM pause monitor
2019-11-14 15:11:04,438 [main] INFO  ozone.HddsDatanodeService (HddsDatanodeService.java:start(186)) - HddsDatanodeService host:pr-hdds-2480-6qkg9-608321763 ip:192.168.34.62
2019-11-14 15:11:04,439 [Datanode State Machine Thread - 0] INFO  datanode.InitDatanodeState (InitDatanodeState.java:persistContainerDatanodeDetails(140)) - DatanodeDetails is persisted to /workdir/hadoop-ozone/integration-test/target/test-dir/MiniOzoneClusterImpl-5901a962-94ba-4a8b-ba12-ae811e713c7a/datanode-6/meta/datanode.id
2019-11-14 15:11:04,445 [main] INFO  volume.HddsVolume (HddsVolume.java:<init>(176)) - Creating Volume: /workdir/hadoop-ozone/integration-test/target/test-dir/MiniOzoneClusterImpl-5901a962-94ba-4a8b-ba12-ae811e713c7a/datanode-7/data/containers/hdds of  storage type : DISK and capacity : 1482555576320
2019-11-14 15:11:04,445 [main] INFO  volume.VolumeSet (VolumeSet.java:initializeVolumeSet(170)) - Added Volume : /workdir/hadoop-ozone/integration-test/target/test-dir/MiniOzoneClusterImpl-5901a962-94ba-4a8b-ba12-ae811e713c7a/datanode-7/data/containers/hdds to VolumeSet
2019-11-14 15:11:04,445 [main] INFO  volume.ThrottledAsyncChecker (ThrottledAsyncChecker.java:schedule(141)) - Scheduling a check for /workdir/hadoop-ozone/integration-test/target/test-dir/MiniOzoneClusterImpl-5901a962-94ba-4a8b-ba12-ae811e713c7a/datanode-7/data/containers/hdds
2019-11-14 15:11:04,445 [main] INFO  volume.HddsVolumeChecker (HddsVolumeChecker.java:checkAllVolumes(204)) - Scheduled health check for volume /workdir/hadoop-ozone/integration-test/target/test-dir/MiniOzoneClusterImpl-5901a962-94ba-4a8b-ba12-ae811e713c7a/datanode-7/data/containers/hdds
2019-11-14 15:11:04,459 [main] INFO  impl.RaftServerProxy (ConfUtils.java:logGet(43)) - raft.rpc.type = GRPC (default)
2019-11-14 15:11:04,459 [main] INFO  grpc.GrpcFactory (GrpcFactory.java:checkPooledByteBufAllocatorUseCacheForAllThreads(45)) - PERFORMANCE WARNING: useCacheForAllThreads is true that may cause Netty to create a lot garbage objects and, as a result, trigger GC.
	It is recommended to disable useCacheForAllThreads by setting -Dorg.apache.ratis.thirdparty.io.netty.allocator.useCacheForAllThreads=false in command line.
2019-11-14 15:11:04,459 [main] INFO  grpc.GrpcConfigKeys$Server (ConfUtils.java:logGet(43)) - raft.grpc.server.port = 0 (default)
2019-11-14 15:11:04,459 [main] INFO  server.GrpcService (ConfUtils.java:logGet(43)) - raft.grpc.message.size.max = 33570816 (custom)
2019-11-14 15:11:04,460 [main] INFO  server.RaftServerConfigKeys (ConfUtils.java:logGet(43)) - raft.server.log.appender.buffer.byte-limit = 33554432 (custom)
2019-11-14 15:11:04,460 [main] INFO  server.GrpcService (ConfUtils.java:logGet(43)) - raft.grpc.flow.control.window = 1MB (=1048576) (default)
2019-11-14 15:11:04,460 [main] INFO  server.RaftServerConfigKeys (ConfUtils.java:logGet(43)) - raft.server.rpc.request.timeout = 3000ms (default)
2019-11-14 15:11:04,460 [main] INFO  server.RaftServerConfigKeys (ConfUtils.java:logGet(43)) - raft.server.storage.dir = [/workdir/hadoop-ozone/integration-test/target/test-dir/MiniOzoneClusterImpl-5901a962-94ba-4a8b-ba12-ae811e713c7a/datanode-7/data/ratis] (custom)
2019-11-14 15:11:04,462 [main] INFO  hdfs.DFSUtil (DFSUtil.java:httpServerTemplateForNNAndJN(1641)) - Starting Web-server for hddsDatanode at: http://0.0.0.0:0
2019-11-14 15:11:04,463 [main] INFO  server.AuthenticationFilter (AuthenticationFilter.java:constructSecretProvider(240)) - Unable to initialize FileSignerSecretProvider, falling back to use random secrets.
2019-11-14 15:11:04,463 [main] WARN  http.HttpRequestLog (HttpRequestLog.java:getRequestLog(97)) - Jetty request log can only be enabled using Log4j
2019-11-14 15:11:04,465 [main] INFO  http.HttpServer2 (HttpServer2.java:addGlobalFilter(975)) - Added global filter 'safety' (class=org.apache.hadoop.http.HttpServer2$QuotingInputFilter)
2019-11-14 15:11:04,465 [main] INFO  http.HttpServer2 (HttpServer2.java:addFilter(948)) - Added filter static_user_filter (class=org.apache.hadoop.http.lib.StaticUserWebFilter$StaticUserFilter) to context hddsDatanode
2019-11-14 15:11:04,465 [main] INFO  http.HttpServer2 (HttpServer2.java:addFilter(958)) - Added filter static_user_filter (class=org.apache.hadoop.http.lib.StaticUserWebFilter$StaticUserFilter) to context static
2019-11-14 15:11:04,465 [main] INFO  http.HttpServer2 (HttpServer2.java:addFilter(958)) - Added filter static_user_filter (class=org.apache.hadoop.http.lib.StaticUserWebFilter$StaticUserFilter) to context logs
2019-11-14 15:11:04,466 [main] INFO  http.HttpServer2 (HttpServer2.java:bindListener(1191)) - Jetty bound to port 41492
2019-11-14 15:11:04,466 [main] INFO  server.Server (Server.java:doStart(351)) - jetty-9.3.25.v20180904, build timestamp: 2018-09-04T21:11:46Z, git hash: 3ce520221d0240229c862b122d2b06c12a625732
2019-11-14 15:11:04,467 [main] INFO  handler.ContextHandler (ContextHandler.java:doStart(781)) - Started o.e.j.s.ServletContextHandler@37b1149b{/logs,file:///workdir/hadoop-ozone/integration-test/target/log,AVAILABLE}
2019-11-14 15:11:04,468 [main] INFO  handler.ContextHandler (ContextHandler.java:doStart(781)) - Started o.e.j.s.ServletContextHandler@6fd1ea75{/static,jar:file:/home/user/.m2/repository/org/apache/hadoop/hadoop-hdds-container-service/0.5.0-SNAPSHOT/hadoop-hdds-container-service-0.5.0-SNAPSHOT.jar!/webapps/static,AVAILABLE}
2019-11-14 15:11:04,495 [main] INFO  handler.ContextHandler (ContextHandler.java:doStart(781)) - Started o.e.j.w.WebAppContext@6c9bf3b5{/,file:///tmp/jetty-0.0.0.0-41492-hddsDatanode-_-any-2746100982296136951.dir/webapp/,AVAILABLE}{/hddsDatanode}
2019-11-14 15:11:04,496 [main] INFO  server.AbstractConnector (AbstractConnector.java:doStart(278)) - Started ServerConnector@6f07d414{HTTP/1.1,[http/1.1]}{0.0.0.0:41492}
2019-11-14 15:11:04,497 [main] INFO  server.Server (Server.java:doStart(419)) - Started @240092ms
2019-11-14 15:11:04,497 [main] WARN  impl.MetricsSystemImpl (MetricsSystemImpl.java:register(276)) - Sink prometheus already exists!
2019-11-14 15:11:04,498 [main] INFO  server.BaseHttpServer (BaseHttpServer.java:updateConnectorAddress(215)) - HTTP server of HDDSDATANODE is listening at http://0.0.0.0:41492
2019-11-14 15:11:04,498 [main] INFO  impl.MetricsSystemImpl (MetricsSystemImpl.java:init(158)) - HddsDatanode metrics system started (again)
2019-11-14 15:11:04,501 [org.apache.hadoop.util.JvmPauseMonitor$Monitor@7130a628] INFO  util.JvmPauseMonitor (JvmPauseMonitor.java:run(188)) - Starting JVM pause monitor
2019-11-14 15:11:04,502 [main] INFO  ozone.HddsDatanodeService (HddsDatanodeService.java:start(186)) - HddsDatanodeService host:pr-hdds-2480-6qkg9-608321763 ip:192.168.34.62
2019-11-14 15:11:04,502 [Datanode State Machine Thread - 0] INFO  datanode.InitDatanodeState (InitDatanodeState.java:persistContainerDatanodeDetails(140)) - DatanodeDetails is persisted to /workdir/hadoop-ozone/integration-test/target/test-dir/MiniOzoneClusterImpl-5901a962-94ba-4a8b-ba12-ae811e713c7a/datanode-7/meta/datanode.id
2019-11-14 15:11:04,507 [main] INFO  volume.HddsVolume (HddsVolume.java:<init>(176)) - Creating Volume: /workdir/hadoop-ozone/integration-test/target/test-dir/MiniOzoneClusterImpl-5901a962-94ba-4a8b-ba12-ae811e713c7a/datanode-8/data/containers/hdds of  storage type : DISK and capacity : 1482555576320
2019-11-14 15:11:04,508 [main] INFO  volume.VolumeSet (VolumeSet.java:initializeVolumeSet(170)) - Added Volume : /workdir/hadoop-ozone/integration-test/target/test-dir/MiniOzoneClusterImpl-5901a962-94ba-4a8b-ba12-ae811e713c7a/datanode-8/data/containers/hdds to VolumeSet
2019-11-14 15:11:04,508 [main] INFO  volume.ThrottledAsyncChecker (ThrottledAsyncChecker.java:schedule(141)) - Scheduling a check for /workdir/hadoop-ozone/integration-test/target/test-dir/MiniOzoneClusterImpl-5901a962-94ba-4a8b-ba12-ae811e713c7a/datanode-8/data/containers/hdds
2019-11-14 15:11:04,508 [main] INFO  volume.HddsVolumeChecker (HddsVolumeChecker.java:checkAllVolumes(204)) - Scheduled health check for volume /workdir/hadoop-ozone/integration-test/target/test-dir/MiniOzoneClusterImpl-5901a962-94ba-4a8b-ba12-ae811e713c7a/datanode-8/data/containers/hdds
2019-11-14 15:11:04,521 [main] INFO  impl.RaftServerProxy (ConfUtils.java:logGet(43)) - raft.rpc.type = GRPC (default)
2019-11-14 15:11:04,521 [main] INFO  grpc.GrpcFactory (GrpcFactory.java:checkPooledByteBufAllocatorUseCacheForAllThreads(45)) - PERFORMANCE WARNING: useCacheForAllThreads is true that may cause Netty to create a lot garbage objects and, as a result, trigger GC.
	It is recommended to disable useCacheForAllThreads by setting -Dorg.apache.ratis.thirdparty.io.netty.allocator.useCacheForAllThreads=false in command line.
2019-11-14 15:11:04,521 [main] INFO  grpc.GrpcConfigKeys$Server (ConfUtils.java:logGet(43)) - raft.grpc.server.port = 0 (default)
2019-11-14 15:11:04,521 [main] INFO  server.GrpcService (ConfUtils.java:logGet(43)) - raft.grpc.message.size.max = 33570816 (custom)
2019-11-14 15:11:04,521 [main] INFO  server.RaftServerConfigKeys (ConfUtils.java:logGet(43)) - raft.server.log.appender.buffer.byte-limit = 33554432 (custom)
2019-11-14 15:11:04,521 [main] INFO  server.GrpcService (ConfUtils.java:logGet(43)) - raft.grpc.flow.control.window = 1MB (=1048576) (default)
2019-11-14 15:11:04,522 [main] INFO  server.RaftServerConfigKeys (ConfUtils.java:logGet(43)) - raft.server.rpc.request.timeout = 3000ms (default)
2019-11-14 15:11:04,522 [main] INFO  server.RaftServerConfigKeys (ConfUtils.java:logGet(43)) - raft.server.storage.dir = [/workdir/hadoop-ozone/integration-test/target/test-dir/MiniOzoneClusterImpl-5901a962-94ba-4a8b-ba12-ae811e713c7a/datanode-8/data/ratis] (custom)
2019-11-14 15:11:04,523 [main] INFO  hdfs.DFSUtil (DFSUtil.java:httpServerTemplateForNNAndJN(1641)) - Starting Web-server for hddsDatanode at: http://0.0.0.0:0
2019-11-14 15:11:04,524 [main] INFO  server.AuthenticationFilter (AuthenticationFilter.java:constructSecretProvider(240)) - Unable to initialize FileSignerSecretProvider, falling back to use random secrets.
2019-11-14 15:11:04,524 [main] WARN  http.HttpRequestLog (HttpRequestLog.java:getRequestLog(97)) - Jetty request log can only be enabled using Log4j
2019-11-14 15:11:04,526 [main] INFO  http.HttpServer2 (HttpServer2.java:addGlobalFilter(975)) - Added global filter 'safety' (class=org.apache.hadoop.http.HttpServer2$QuotingInputFilter)
2019-11-14 15:11:04,526 [main] INFO  http.HttpServer2 (HttpServer2.java:addFilter(948)) - Added filter static_user_filter (class=org.apache.hadoop.http.lib.StaticUserWebFilter$StaticUserFilter) to context hddsDatanode
2019-11-14 15:11:04,526 [main] INFO  http.HttpServer2 (HttpServer2.java:addFilter(958)) - Added filter static_user_filter (class=org.apache.hadoop.http.lib.StaticUserWebFilter$StaticUserFilter) to context static
2019-11-14 15:11:04,526 [main] INFO  http.HttpServer2 (HttpServer2.java:addFilter(958)) - Added filter static_user_filter (class=org.apache.hadoop.http.lib.StaticUserWebFilter$StaticUserFilter) to context logs
2019-11-14 15:11:04,527 [main] INFO  http.HttpServer2 (HttpServer2.java:bindListener(1191)) - Jetty bound to port 34403
2019-11-14 15:11:04,527 [main] INFO  server.Server (Server.java:doStart(351)) - jetty-9.3.25.v20180904, build timestamp: 2018-09-04T21:11:46Z, git hash: 3ce520221d0240229c862b122d2b06c12a625732
2019-11-14 15:11:04,528 [main] INFO  handler.ContextHandler (ContextHandler.java:doStart(781)) - Started o.e.j.s.ServletContextHandler@9e33a6a{/logs,file:///workdir/hadoop-ozone/integration-test/target/log,AVAILABLE}
2019-11-14 15:11:04,529 [main] INFO  handler.ContextHandler (ContextHandler.java:doStart(781)) - Started o.e.j.s.ServletContextHandler@7493d937{/static,jar:file:/home/user/.m2/repository/org/apache/hadoop/hadoop-hdds-container-service/0.5.0-SNAPSHOT/hadoop-hdds-container-service-0.5.0-SNAPSHOT.jar!/webapps/static,AVAILABLE}
2019-11-14 15:11:04,556 [main] INFO  handler.ContextHandler (ContextHandler.java:doStart(781)) - Started o.e.j.w.WebAppContext@e2b3026{/,file:///tmp/jetty-0.0.0.0-34403-hddsDatanode-_-any-1132577120490418704.dir/webapp/,AVAILABLE}{/hddsDatanode}
2019-11-14 15:11:04,556 [main] INFO  server.AbstractConnector (AbstractConnector.java:doStart(278)) - Started ServerConnector@38bc5ac0{HTTP/1.1,[http/1.1]}{0.0.0.0:34403}
2019-11-14 15:11:04,557 [main] INFO  server.Server (Server.java:doStart(419)) - Started @240152ms
2019-11-14 15:11:04,557 [main] WARN  impl.MetricsSystemImpl (MetricsSystemImpl.java:register(276)) - Sink prometheus already exists!
2019-11-14 15:11:04,558 [main] INFO  server.BaseHttpServer (BaseHttpServer.java:updateConnectorAddress(215)) - HTTP server of HDDSDATANODE is listening at http://0.0.0.0:34403
2019-11-14 15:11:04,558 [main] INFO  impl.MetricsSystemImpl (MetricsSystemImpl.java:init(158)) - HddsDatanode metrics system started (again)
2019-11-14 15:11:04,773 [org.apache.hadoop.util.JvmPauseMonitor$Monitor@34a7aaf8] INFO  util.JvmPauseMonitor (JvmPauseMonitor.java:run(188)) - Starting JVM pause monitor
2019-11-14 15:11:04,816 [Datanode State Machine Thread - 0] INFO  datanode.InitDatanodeState (InitDatanodeState.java:persistContainerDatanodeDetails(140)) - DatanodeDetails is persisted to /workdir/hadoop-ozone/integration-test/target/test-dir/MiniOzoneClusterImpl-5901a962-94ba-4a8b-ba12-ae811e713c7a/datanode-8/meta/datanode.id
2019-11-14 15:11:04,868 [main] INFO  ozone.HddsDatanodeService (HddsDatanodeService.java:start(186)) - HddsDatanodeService host:pr-hdds-2480-6qkg9-608321763 ip:192.168.34.62
2019-11-14 15:11:04,973 [main] INFO  volume.HddsVolume (HddsVolume.java:<init>(176)) - Creating Volume: /workdir/hadoop-ozone/integration-test/target/test-dir/MiniOzoneClusterImpl-5901a962-94ba-4a8b-ba12-ae811e713c7a/datanode-9/data/containers/hdds of  storage type : DISK and capacity : 1482555576320
2019-11-14 15:11:04,974 [main] INFO  volume.VolumeSet (VolumeSet.java:initializeVolumeSet(170)) - Added Volume : /workdir/hadoop-ozone/integration-test/target/test-dir/MiniOzoneClusterImpl-5901a962-94ba-4a8b-ba12-ae811e713c7a/datanode-9/data/containers/hdds to VolumeSet
2019-11-14 15:11:04,974 [main] INFO  volume.ThrottledAsyncChecker (ThrottledAsyncChecker.java:schedule(141)) - Scheduling a check for /workdir/hadoop-ozone/integration-test/target/test-dir/MiniOzoneClusterImpl-5901a962-94ba-4a8b-ba12-ae811e713c7a/datanode-9/data/containers/hdds
2019-11-14 15:11:04,975 [main] INFO  volume.HddsVolumeChecker (HddsVolumeChecker.java:checkAllVolumes(204)) - Scheduled health check for volume /workdir/hadoop-ozone/integration-test/target/test-dir/MiniOzoneClusterImpl-5901a962-94ba-4a8b-ba12-ae811e713c7a/datanode-9/data/containers/hdds
2019-11-14 15:11:04,990 [main] INFO  impl.RaftServerProxy (ConfUtils.java:logGet(43)) - raft.rpc.type = GRPC (default)
2019-11-14 15:11:04,990 [main] INFO  grpc.GrpcFactory (GrpcFactory.java:checkPooledByteBufAllocatorUseCacheForAllThreads(45)) - PERFORMANCE WARNING: useCacheForAllThreads is true that may cause Netty to create a lot garbage objects and, as a result, trigger GC.
	It is recommended to disable useCacheForAllThreads by setting -Dorg.apache.ratis.thirdparty.io.netty.allocator.useCacheForAllThreads=false in command line.
2019-11-14 15:11:04,991 [main] INFO  grpc.GrpcConfigKeys$Server (ConfUtils.java:logGet(43)) - raft.grpc.server.port = 0 (default)
2019-11-14 15:11:04,991 [main] INFO  server.GrpcService (ConfUtils.java:logGet(43)) - raft.grpc.message.size.max = 33570816 (custom)
2019-11-14 15:11:04,991 [main] INFO  server.RaftServerConfigKeys (ConfUtils.java:logGet(43)) - raft.server.log.appender.buffer.byte-limit = 33554432 (custom)
2019-11-14 15:11:04,991 [main] INFO  server.GrpcService (ConfUtils.java:logGet(43)) - raft.grpc.flow.control.window = 1MB (=1048576) (default)
2019-11-14 15:11:04,991 [main] INFO  server.RaftServerConfigKeys (ConfUtils.java:logGet(43)) - raft.server.rpc.request.timeout = 3000ms (default)
2019-11-14 15:11:04,992 [main] INFO  server.RaftServerConfigKeys (ConfUtils.java:logGet(43)) - raft.server.storage.dir = [/workdir/hadoop-ozone/integration-test/target/test-dir/MiniOzoneClusterImpl-5901a962-94ba-4a8b-ba12-ae811e713c7a/datanode-9/data/ratis] (custom)
2019-11-14 15:11:04,993 [main] INFO  hdfs.DFSUtil (DFSUtil.java:httpServerTemplateForNNAndJN(1641)) - Starting Web-server for hddsDatanode at: http://0.0.0.0:0
2019-11-14 15:11:04,995 [main] INFO  server.AuthenticationFilter (AuthenticationFilter.java:constructSecretProvider(240)) - Unable to initialize FileSignerSecretProvider, falling back to use random secrets.
2019-11-14 15:11:04,995 [main] WARN  http.HttpRequestLog (HttpRequestLog.java:getRequestLog(97)) - Jetty request log can only be enabled using Log4j
2019-11-14 15:11:04,997 [main] INFO  http.HttpServer2 (HttpServer2.java:addGlobalFilter(975)) - Added global filter 'safety' (class=org.apache.hadoop.http.HttpServer2$QuotingInputFilter)
2019-11-14 15:11:04,997 [main] INFO  http.HttpServer2 (HttpServer2.java:addFilter(948)) - Added filter static_user_filter (class=org.apache.hadoop.http.lib.StaticUserWebFilter$StaticUserFilter) to context hddsDatanode
2019-11-14 15:11:04,998 [main] INFO  http.HttpServer2 (HttpServer2.java:addFilter(958)) - Added filter static_user_filter (class=org.apache.hadoop.http.lib.StaticUserWebFilter$StaticUserFilter) to context static
2019-11-14 15:11:04,998 [main] INFO  http.HttpServer2 (HttpServer2.java:addFilter(958)) - Added filter static_user_filter (class=org.apache.hadoop.http.lib.StaticUserWebFilter$StaticUserFilter) to context logs
2019-11-14 15:11:04,998 [main] INFO  http.HttpServer2 (HttpServer2.java:bindListener(1191)) - Jetty bound to port 42362
2019-11-14 15:11:04,999 [main] INFO  server.Server (Server.java:doStart(351)) - jetty-9.3.25.v20180904, build timestamp: 2018-09-04T21:11:46Z, git hash: 3ce520221d0240229c862b122d2b06c12a625732
2019-11-14 15:11:05,000 [main] INFO  handler.ContextHandler (ContextHandler.java:doStart(781)) - Started o.e.j.s.ServletContextHandler@5d3f99d7{/logs,file:///workdir/hadoop-ozone/integration-test/target/log,AVAILABLE}
2019-11-14 15:11:05,001 [main] INFO  handler.ContextHandler (ContextHandler.java:doStart(781)) - Started o.e.j.s.ServletContextHandler@2c34402{/static,jar:file:/home/user/.m2/repository/org/apache/hadoop/hadoop-hdds-container-service/0.5.0-SNAPSHOT/hadoop-hdds-container-service-0.5.0-SNAPSHOT.jar!/webapps/static,AVAILABLE}
2019-11-14 15:11:05,036 [main] INFO  handler.ContextHandler (ContextHandler.java:doStart(781)) - Started o.e.j.w.WebAppContext@46ea78f0{/,file:///tmp/jetty-0.0.0.0-42362-hddsDatanode-_-any-6142722565438799232.dir/webapp/,AVAILABLE}{/hddsDatanode}
2019-11-14 15:11:05,037 [main] INFO  server.AbstractConnector (AbstractConnector.java:doStart(278)) - Started ServerConnector@5889fc44{HTTP/1.1,[http/1.1]}{0.0.0.0:42362}
2019-11-14 15:11:05,037 [main] INFO  server.Server (Server.java:doStart(419)) - Started @240632ms
2019-11-14 15:11:05,038 [main] WARN  impl.MetricsSystemImpl (MetricsSystemImpl.java:register(276)) - Sink prometheus already exists!
2019-11-14 15:11:05,039 [main] INFO  server.BaseHttpServer (BaseHttpServer.java:updateConnectorAddress(215)) - HTTP server of HDDSDATANODE is listening at http://0.0.0.0:42362
2019-11-14 15:11:05,040 [main] INFO  ozone.MiniOzoneClusterImpl (MiniOzoneClusterImpl.java:lambda$waitForClusterToBeReady$2(171)) - Waiting for cluster to be ready. Got 0 of 10 DN Heartbeats.
2019-11-14 15:11:05,041 [org.apache.hadoop.util.JvmPauseMonitor$Monitor@1925e656] INFO  util.JvmPauseMonitor (JvmPauseMonitor.java:run(188)) - Starting JVM pause monitor
2019-11-14 15:11:05,043 [Datanode State Machine Thread - 0] INFO  datanode.InitDatanodeState (InitDatanodeState.java:persistContainerDatanodeDetails(140)) - DatanodeDetails is persisted to /workdir/hadoop-ozone/integration-test/target/test-dir/MiniOzoneClusterImpl-5901a962-94ba-4a8b-ba12-ae811e713c7a/datanode-9/meta/datanode.id
2019-11-14 15:11:06,040 [main] INFO  ozone.MiniOzoneClusterImpl (MiniOzoneClusterImpl.java:lambda$waitForClusterToBeReady$2(171)) - Waiting for cluster to be ready. Got 0 of 10 DN Heartbeats.
2019-11-14 15:11:06,108 [Datanode State Machine Thread - 0] INFO  ozoneimpl.OzoneContainer (OzoneContainer.java:start(230)) - Attempting to start container services.
2019-11-14 15:11:06,109 [Datanode State Machine Thread - 0] INFO  ozoneimpl.OzoneContainer (OzoneContainer.java:startContainerScrub(194)) - Background container scanner has been disabled.
2019-11-14 15:11:06,109 [Datanode State Machine Thread - 0] INFO  ratis.XceiverServerRatis (XceiverServerRatis.java:start(421)) - Starting XceiverServerRatis 0687b932-fcaf-4ed2-b562-2cd2e9cca79c at port 0
2019-11-14 15:11:06,118 [Datanode State Machine Thread - 0] INFO  impl.RaftServerProxy (RaftServerProxy.java:lambda$start$3(299)) - 0687b932-fcaf-4ed2-b562-2cd2e9cca79c: start RPC server
2019-11-14 15:11:06,121 [Datanode State Machine Thread - 0] INFO  server.GrpcService (GrpcService.java:startImpl(158)) - 0687b932-fcaf-4ed2-b562-2cd2e9cca79c: GrpcService started, listening on 0.0.0.0/0.0.0.0:39060
2019-11-14 15:11:06,121 [Datanode State Machine Thread - 0] INFO  ratis.XceiverServerRatis (XceiverServerRatis.java:start(431)) - XceiverServerRatis 0687b932-fcaf-4ed2-b562-2cd2e9cca79c is started using port 39060
2019-11-14 15:11:06,121 [Datanode State Machine Thread - 0] INFO  server.XceiverServerGrpc (XceiverServerGrpc.java:start(145)) - XceiverServerGrpc 0687b932-fcaf-4ed2-b562-2cd2e9cca79c is started using port 41106
2019-11-14 15:11:06,164 [Datanode State Machine Thread - 0] INFO  ozoneimpl.OzoneContainer (OzoneContainer.java:start(230)) - Attempting to start container services.
2019-11-14 15:11:06,164 [Datanode State Machine Thread - 0] INFO  ozoneimpl.OzoneContainer (OzoneContainer.java:startContainerScrub(194)) - Background container scanner has been disabled.
2019-11-14 15:11:06,164 [Datanode State Machine Thread - 0] INFO  ratis.XceiverServerRatis (XceiverServerRatis.java:start(421)) - Starting XceiverServerRatis 51e91b80-82a5-4e26-a62a-ce423dc7e82c at port 0
2019-11-14 15:11:06,170 [Datanode State Machine Thread - 0] INFO  impl.RaftServerProxy (RaftServerProxy.java:lambda$start$3(299)) - 51e91b80-82a5-4e26-a62a-ce423dc7e82c: start RPC server
2019-11-14 15:11:06,171 [Datanode State Machine Thread - 0] INFO  server.GrpcService (GrpcService.java:startImpl(158)) - 51e91b80-82a5-4e26-a62a-ce423dc7e82c: GrpcService started, listening on 0.0.0.0/0.0.0.0:43216
2019-11-14 15:11:06,171 [Datanode State Machine Thread - 0] INFO  ratis.XceiverServerRatis (XceiverServerRatis.java:start(431)) - XceiverServerRatis 51e91b80-82a5-4e26-a62a-ce423dc7e82c is started using port 43216
2019-11-14 15:11:06,171 [Datanode State Machine Thread - 0] INFO  server.XceiverServerGrpc (XceiverServerGrpc.java:start(145)) - XceiverServerGrpc 51e91b80-82a5-4e26-a62a-ce423dc7e82c is started using port 42367
2019-11-14 15:11:06,218 [Datanode State Machine Thread - 0] INFO  ozoneimpl.OzoneContainer (OzoneContainer.java:start(230)) - Attempting to start container services.
2019-11-14 15:11:06,218 [Datanode State Machine Thread - 0] INFO  ozoneimpl.OzoneContainer (OzoneContainer.java:startContainerScrub(194)) - Background container scanner has been disabled.
2019-11-14 15:11:06,218 [Datanode State Machine Thread - 0] INFO  ratis.XceiverServerRatis (XceiverServerRatis.java:start(421)) - Starting XceiverServerRatis ee222113-7cfa-4d93-ae35-60587bc46978 at port 0
2019-11-14 15:11:06,224 [Datanode State Machine Thread - 0] INFO  impl.RaftServerProxy (RaftServerProxy.java:lambda$start$3(299)) - ee222113-7cfa-4d93-ae35-60587bc46978: start RPC server
2019-11-14 15:11:06,224 [Datanode State Machine Thread - 0] INFO  server.GrpcService (GrpcService.java:startImpl(158)) - ee222113-7cfa-4d93-ae35-60587bc46978: GrpcService started, listening on 0.0.0.0/0.0.0.0:36461
2019-11-14 15:11:06,225 [Datanode State Machine Thread - 0] INFO  ratis.XceiverServerRatis (XceiverServerRatis.java:start(431)) - XceiverServerRatis ee222113-7cfa-4d93-ae35-60587bc46978 is started using port 36461
2019-11-14 15:11:06,225 [Datanode State Machine Thread - 0] INFO  server.XceiverServerGrpc (XceiverServerGrpc.java:start(145)) - XceiverServerGrpc ee222113-7cfa-4d93-ae35-60587bc46978 is started using port 44909
2019-11-14 15:11:06,279 [Datanode State Machine Thread - 0] INFO  ozoneimpl.OzoneContainer (OzoneContainer.java:start(230)) - Attempting to start container services.
2019-11-14 15:11:06,280 [Datanode State Machine Thread - 0] INFO  ozoneimpl.OzoneContainer (OzoneContainer.java:startContainerScrub(194)) - Background container scanner has been disabled.
2019-11-14 15:11:06,280 [Datanode State Machine Thread - 0] INFO  ratis.XceiverServerRatis (XceiverServerRatis.java:start(421)) - Starting XceiverServerRatis 69447648-1360-460f-862e-b843b6813c61 at port 0
2019-11-14 15:11:06,286 [Datanode State Machine Thread - 0] INFO  impl.RaftServerProxy (RaftServerProxy.java:lambda$start$3(299)) - 69447648-1360-460f-862e-b843b6813c61: start RPC server
2019-11-14 15:11:06,288 [Datanode State Machine Thread - 0] INFO  server.GrpcService (GrpcService.java:startImpl(158)) - 69447648-1360-460f-862e-b843b6813c61: GrpcService started, listening on 0.0.0.0/0.0.0.0:43196
2019-11-14 15:11:06,288 [Datanode State Machine Thread - 0] INFO  ratis.XceiverServerRatis (XceiverServerRatis.java:start(431)) - XceiverServerRatis 69447648-1360-460f-862e-b843b6813c61 is started using port 43196
2019-11-14 15:11:06,288 [Datanode State Machine Thread - 0] INFO  server.XceiverServerGrpc (XceiverServerGrpc.java:start(145)) - XceiverServerGrpc 69447648-1360-460f-862e-b843b6813c61 is started using port 35481
2019-11-14 15:11:06,338 [Datanode State Machine Thread - 0] INFO  ozoneimpl.OzoneContainer (OzoneContainer.java:start(230)) - Attempting to start container services.
2019-11-14 15:11:06,338 [Datanode State Machine Thread - 0] INFO  ozoneimpl.OzoneContainer (OzoneContainer.java:startContainerScrub(194)) - Background container scanner has been disabled.
2019-11-14 15:11:06,338 [Datanode State Machine Thread - 0] INFO  ratis.XceiverServerRatis (XceiverServerRatis.java:start(421)) - Starting XceiverServerRatis de889d2b-5891-48f1-89d7-805f59e22d6d at port 0
2019-11-14 15:11:06,344 [Datanode State Machine Thread - 0] INFO  impl.RaftServerProxy (RaftServerProxy.java:lambda$start$3(299)) - de889d2b-5891-48f1-89d7-805f59e22d6d: start RPC server
2019-11-14 15:11:06,346 [Datanode State Machine Thread - 0] INFO  server.GrpcService (GrpcService.java:startImpl(158)) - de889d2b-5891-48f1-89d7-805f59e22d6d: GrpcService started, listening on 0.0.0.0/0.0.0.0:42999
2019-11-14 15:11:06,346 [Datanode State Machine Thread - 0] INFO  ratis.XceiverServerRatis (XceiverServerRatis.java:start(431)) - XceiverServerRatis de889d2b-5891-48f1-89d7-805f59e22d6d is started using port 42999
2019-11-14 15:11:06,347 [Datanode State Machine Thread - 0] INFO  server.XceiverServerGrpc (XceiverServerGrpc.java:start(145)) - XceiverServerGrpc de889d2b-5891-48f1-89d7-805f59e22d6d is started using port 34585
2019-11-14 15:11:06,395 [Datanode State Machine Thread - 0] INFO  ozoneimpl.OzoneContainer (OzoneContainer.java:start(230)) - Attempting to start container services.
2019-11-14 15:11:06,395 [Datanode State Machine Thread - 0] INFO  ozoneimpl.OzoneContainer (OzoneContainer.java:startContainerScrub(194)) - Background container scanner has been disabled.
2019-11-14 15:11:06,395 [Datanode State Machine Thread - 0] INFO  ratis.XceiverServerRatis (XceiverServerRatis.java:start(421)) - Starting XceiverServerRatis 34d60e7e-1049-4636-b4f7-69f15bd98c31 at port 0
2019-11-14 15:11:06,402 [Datanode State Machine Thread - 0] INFO  impl.RaftServerProxy (RaftServerProxy.java:lambda$start$3(299)) - 34d60e7e-1049-4636-b4f7-69f15bd98c31: start RPC server
2019-11-14 15:11:06,403 [Datanode State Machine Thread - 0] INFO  server.GrpcService (GrpcService.java:startImpl(158)) - 34d60e7e-1049-4636-b4f7-69f15bd98c31: GrpcService started, listening on 0.0.0.0/0.0.0.0:39382
2019-11-14 15:11:06,403 [Datanode State Machine Thread - 0] INFO  ratis.XceiverServerRatis (XceiverServerRatis.java:start(431)) - XceiverServerRatis 34d60e7e-1049-4636-b4f7-69f15bd98c31 is started using port 39382
2019-11-14 15:11:06,413 [Datanode State Machine Thread - 0] INFO  server.XceiverServerGrpc (XceiverServerGrpc.java:start(145)) - XceiverServerGrpc 34d60e7e-1049-4636-b4f7-69f15bd98c31 is started using port 42952
2019-11-14 15:11:06,453 [Datanode State Machine Thread - 0] INFO  ozoneimpl.OzoneContainer (OzoneContainer.java:start(230)) - Attempting to start container services.
2019-11-14 15:11:06,453 [Datanode State Machine Thread - 0] INFO  ozoneimpl.OzoneContainer (OzoneContainer.java:startContainerScrub(194)) - Background container scanner has been disabled.
2019-11-14 15:11:06,453 [Datanode State Machine Thread - 0] INFO  ratis.XceiverServerRatis (XceiverServerRatis.java:start(421)) - Starting XceiverServerRatis fdb64a2a-711d-4b74-a4a4-cacd6c2cad61 at port 0
2019-11-14 15:11:06,459 [Datanode State Machine Thread - 0] INFO  impl.RaftServerProxy (RaftServerProxy.java:lambda$start$3(299)) - fdb64a2a-711d-4b74-a4a4-cacd6c2cad61: start RPC server
2019-11-14 15:11:06,459 [Datanode State Machine Thread - 0] INFO  server.GrpcService (GrpcService.java:startImpl(158)) - fdb64a2a-711d-4b74-a4a4-cacd6c2cad61: GrpcService started, listening on 0.0.0.0/0.0.0.0:37913
2019-11-14 15:11:06,459 [Datanode State Machine Thread - 0] INFO  ratis.XceiverServerRatis (XceiverServerRatis.java:start(431)) - XceiverServerRatis fdb64a2a-711d-4b74-a4a4-cacd6c2cad61 is started using port 37913
2019-11-14 15:11:06,460 [Datanode State Machine Thread - 0] INFO  server.XceiverServerGrpc (XceiverServerGrpc.java:start(145)) - XceiverServerGrpc fdb64a2a-711d-4b74-a4a4-cacd6c2cad61 is started using port 46351
2019-11-14 15:11:06,515 [Datanode State Machine Thread - 0] INFO  ozoneimpl.OzoneContainer (OzoneContainer.java:start(230)) - Attempting to start container services.
2019-11-14 15:11:06,515 [Datanode State Machine Thread - 0] INFO  ozoneimpl.OzoneContainer (OzoneContainer.java:startContainerScrub(194)) - Background container scanner has been disabled.
2019-11-14 15:11:06,515 [Datanode State Machine Thread - 0] INFO  ratis.XceiverServerRatis (XceiverServerRatis.java:start(421)) - Starting XceiverServerRatis c45d92cd-1d84-4e39-b22b-e775d9180271 at port 0
2019-11-14 15:11:06,522 [Datanode State Machine Thread - 0] INFO  impl.RaftServerProxy (RaftServerProxy.java:lambda$start$3(299)) - c45d92cd-1d84-4e39-b22b-e775d9180271: start RPC server
2019-11-14 15:11:06,522 [Datanode State Machine Thread - 0] INFO  server.GrpcService (GrpcService.java:startImpl(158)) - c45d92cd-1d84-4e39-b22b-e775d9180271: GrpcService started, listening on 0.0.0.0/0.0.0.0:37954
2019-11-14 15:11:06,522 [Datanode State Machine Thread - 0] INFO  ratis.XceiverServerRatis (XceiverServerRatis.java:start(431)) - XceiverServerRatis c45d92cd-1d84-4e39-b22b-e775d9180271 is started using port 37954
2019-11-14 15:11:06,523 [Datanode State Machine Thread - 0] INFO  server.XceiverServerGrpc (XceiverServerGrpc.java:start(145)) - XceiverServerGrpc c45d92cd-1d84-4e39-b22b-e775d9180271 is started using port 33237
2019-11-14 15:11:06,575 [Datanode State Machine Thread - 0] INFO  ozoneimpl.OzoneContainer (OzoneContainer.java:start(230)) - Attempting to start container services.
2019-11-14 15:11:06,575 [Datanode State Machine Thread - 0] INFO  ozoneimpl.OzoneContainer (OzoneContainer.java:startContainerScrub(194)) - Background container scanner has been disabled.
2019-11-14 15:11:06,575 [Datanode State Machine Thread - 0] INFO  ratis.XceiverServerRatis (XceiverServerRatis.java:start(421)) - Starting XceiverServerRatis 9ce1968d-df6d-4251-8f68-caf53c6f1d3e at port 0
2019-11-14 15:11:06,581 [Datanode State Machine Thread - 0] INFO  impl.RaftServerProxy (RaftServerProxy.java:lambda$start$3(299)) - 9ce1968d-df6d-4251-8f68-caf53c6f1d3e: start RPC server
2019-11-14 15:11:06,581 [Datanode State Machine Thread - 0] INFO  server.GrpcService (GrpcService.java:startImpl(158)) - 9ce1968d-df6d-4251-8f68-caf53c6f1d3e: GrpcService started, listening on 0.0.0.0/0.0.0.0:35975
2019-11-14 15:11:06,581 [Datanode State Machine Thread - 0] INFO  ratis.XceiverServerRatis (XceiverServerRatis.java:start(431)) - XceiverServerRatis 9ce1968d-df6d-4251-8f68-caf53c6f1d3e is started using port 35975
2019-11-14 15:11:06,582 [Datanode State Machine Thread - 0] INFO  server.XceiverServerGrpc (XceiverServerGrpc.java:start(145)) - XceiverServerGrpc 9ce1968d-df6d-4251-8f68-caf53c6f1d3e is started using port 44779
2019-11-14 15:11:07,041 [main] INFO  ozone.MiniOzoneClusterImpl (MiniOzoneClusterImpl.java:lambda$waitForClusterToBeReady$2(171)) - Waiting for cluster to be ready. Got 0 of 10 DN Heartbeats.
2019-11-14 15:11:07,056 [Datanode State Machine Thread - 0] INFO  ozoneimpl.OzoneContainer (OzoneContainer.java:start(230)) - Attempting to start container services.
2019-11-14 15:11:07,056 [Datanode State Machine Thread - 0] INFO  ozoneimpl.OzoneContainer (OzoneContainer.java:startContainerScrub(194)) - Background container scanner has been disabled.
2019-11-14 15:11:07,057 [Datanode State Machine Thread - 0] INFO  ratis.XceiverServerRatis (XceiverServerRatis.java:start(421)) - Starting XceiverServerRatis 452ed320-102d-439c-a110-659d2656f893 at port 0
2019-11-14 15:11:07,070 [Datanode State Machine Thread - 0] INFO  impl.RaftServerProxy (RaftServerProxy.java:lambda$start$3(299)) - 452ed320-102d-439c-a110-659d2656f893: start RPC server
2019-11-14 15:11:07,071 [Datanode State Machine Thread - 0] INFO  server.GrpcService (GrpcService.java:startImpl(158)) - 452ed320-102d-439c-a110-659d2656f893: GrpcService started, listening on 0.0.0.0/0.0.0.0:34711
2019-11-14 15:11:07,071 [Datanode State Machine Thread - 0] INFO  ratis.XceiverServerRatis (XceiverServerRatis.java:start(431)) - XceiverServerRatis 452ed320-102d-439c-a110-659d2656f893 is started using port 34711
2019-11-14 15:11:07,083 [Datanode State Machine Thread - 0] INFO  server.XceiverServerGrpc (XceiverServerGrpc.java:start(145)) - XceiverServerGrpc 452ed320-102d-439c-a110-659d2656f893 is started using port 45095
2019-11-14 15:11:08,042 [main] INFO  ozone.MiniOzoneClusterImpl (MiniOzoneClusterImpl.java:lambda$waitForClusterToBeReady$2(171)) - Waiting for cluster to be ready. Got 0 of 10 DN Heartbeats.
2019-11-14 15:11:08,097 [IPC Server handler 1 on 43819] INFO  net.NetworkTopology (NetworkTopologyImpl.java:add(111)) - Added a new node: /rack1/0687b932-fcaf-4ed2-b562-2cd2e9cca79c
2019-11-14 15:11:08,099 [IPC Server handler 1 on 43819] INFO  node.SCMNodeManager (SCMNodeManager.java:register(267)) - Registered Data node : 0687b932-fcaf-4ed2-b562-2cd2e9cca79c{ip: 192.168.34.62, host: pr-hdds-2480-6qkg9-608321763, networkLocation: /rack1, certSerialId: null}
2019-11-14 15:11:08,101 [EventQueue-NodeRegistrationContainerReportForDataNodeSafeModeRule] INFO  safemode.SCMSafeModeManager (DataNodeSafeModeRule.java:process(71)) - SCM in safe mode. 1 DataNodes registered, 1 required.
2019-11-14 15:11:08,102 [EventQueue-NodeRegistrationContainerReportForDataNodeSafeModeRule] INFO  safemode.SCMSafeModeManager (SCMSafeModeManager.java:validateSafeModeExitRules(177)) - ScmSafeModeManager, all rules are successfully validated
2019-11-14 15:11:08,103 [EventQueue-NodeRegistrationContainerReportForDataNodeSafeModeRule] INFO  safemode.SCMSafeModeManager (SCMSafeModeManager.java:exitSafeMode(193)) - SCM exiting safe mode.
2019-11-14 15:11:08,126 [grpc-default-executor-4] INFO  impl.RaftServerProxy (RaftServerProxy.java:addNew(89)) - 0687b932-fcaf-4ed2-b562-2cd2e9cca79c: addNew group-C72608899C07:[0687b932-fcaf-4ed2-b562-2cd2e9cca79c:192.168.34.62:39060] returns group-C72608899C07:java.util.concurrent.CompletableFuture@6548ea8d[Not completed]
2019-11-14 15:11:08,129 [pool-509-thread-1] INFO  impl.RaftServerImpl (RaftServerImpl.java:<init>(98)) - 0687b932-fcaf-4ed2-b562-2cd2e9cca79c: new RaftServerImpl for group-C72608899C07:[0687b932-fcaf-4ed2-b562-2cd2e9cca79c:192.168.34.62:39060] with ContainerStateMachine:uninitialized
2019-11-14 15:11:08,129 [pool-509-thread-1] INFO  server.RaftServerConfigKeys (ConfUtils.java:logGet(43)) - raft.server.rpc.timeout.min = 1s (custom)
2019-11-14 15:11:08,129 [pool-509-thread-1] INFO  server.RaftServerConfigKeys (ConfUtils.java:logGet(43)) - raft.server.rpc.timeout.max = 1200ms (custom)
2019-11-14 15:11:08,129 [pool-509-thread-1] INFO  server.RaftServerConfigKeys (ConfUtils.java:logGet(43)) - raft.server.rpcslowness.timeout = 120s (custom)
2019-11-14 15:11:08,129 [pool-509-thread-1] INFO  server.RaftServerConfigKeys (ConfUtils.java:logGet(43)) - raft.server.sleep.deviation.threshold = 300 (default)
2019-11-14 15:11:08,129 [pool-509-thread-1] INFO  server.RaftServerConfigKeys (ConfUtils.java:logGet(43)) - raft.server.log.appender.install.snapshot.enabled = false (custom)
2019-11-14 15:11:08,130 [pool-509-thread-1] INFO  impl.RaftServerImpl (ServerState.java:<init>(103)) - 0687b932-fcaf-4ed2-b562-2cd2e9cca79c@group-C72608899C07: ConfigurationManager, init=-1: [0687b932-fcaf-4ed2-b562-2cd2e9cca79c:192.168.34.62:39060], old=null, confs=<EMPTY_MAP>
2019-11-14 15:11:08,130 [pool-509-thread-1] INFO  server.RaftServerConfigKeys (ConfUtils.java:logGet(43)) - raft.server.storage.dir = [/workdir/hadoop-ozone/integration-test/target/test-dir/MiniOzoneClusterImpl-5901a962-94ba-4a8b-ba12-ae811e713c7a/datanode-0/data/ratis] (custom)
2019-11-14 15:11:08,130 [pool-509-thread-1] INFO  server.RaftServerConfigKeys (ConfUtils.java:logGet(43)) - raft.server.log.corruption.policy = EXCEPTION (default)
2019-11-14 15:11:08,130 [pool-509-thread-1] INFO  storage.RaftStorageDirectory (RaftStorageDirectory.java:analyzeStorage(246)) - The storage directory /workdir/hadoop-ozone/integration-test/target/test-dir/MiniOzoneClusterImpl-5901a962-94ba-4a8b-ba12-ae811e713c7a/datanode-0/data/ratis/e989cb31-a4c1-4ff9-b56b-c72608899c07 does not exist. Creating ...
2019-11-14 15:11:08,144 [pool-509-thread-1] INFO  storage.RaftStorageDirectory (RaftStorageDirectory.java:tryLock(328)) - Lock on /workdir/hadoop-ozone/integration-test/target/test-dir/MiniOzoneClusterImpl-5901a962-94ba-4a8b-ba12-ae811e713c7a/datanode-0/data/ratis/e989cb31-a4c1-4ff9-b56b-c72608899c07/in_use.lock acquired by nodename 23875@pr-hdds-2480-6qkg9-608321763
2019-11-14 15:11:08,146 [IPC Server handler 3 on 43819] INFO  net.NetworkTopology (NetworkTopologyImpl.java:add(111)) - Added a new node: /rack1/51e91b80-82a5-4e26-a62a-ce423dc7e82c
2019-11-14 15:11:08,146 [IPC Server handler 3 on 43819] INFO  node.SCMNodeManager (SCMNodeManager.java:register(267)) - Registered Data node : 51e91b80-82a5-4e26-a62a-ce423dc7e82c{ip: 192.168.34.62, host: pr-hdds-2480-6qkg9-608321763, networkLocation: /rack1, certSerialId: null}
2019-11-14 15:11:08,158 [pool-509-thread-1] INFO  storage.RaftStorage (RaftStorage.java:format(84)) - Storage directory /workdir/hadoop-ozone/integration-test/target/test-dir/MiniOzoneClusterImpl-5901a962-94ba-4a8b-ba12-ae811e713c7a/datanode-0/data/ratis/e989cb31-a4c1-4ff9-b56b-c72608899c07 has been successfully formatted.
2019-11-14 15:11:08,158 [pool-509-thread-1] INFO  ratis.ContainerStateMachine (ContainerStateMachine.java:loadSnapshot(223)) - group-C72608899C07: The snapshot info is null. Setting the last applied indexto:(t:0, i:~)
2019-11-14 15:11:08,158 [pool-509-thread-1] INFO  server.RaftServerConfigKeys (ConfUtils.java:logGet(43)) - raft.server.notification.no-leader.timeout = 120s (custom)
2019-11-14 15:11:08,158 [pool-509-thread-1] INFO  server.RaftServerConfigKeys (ConfUtils.java:logGet(43)) - raft.server.log.use.memory = false (default)
2019-11-14 15:11:08,158 [pool-509-thread-1] INFO  server.RaftServerConfigKeys (ConfUtils.java:logGet(43)) - raft.server.log.purge.gap = 1000000 (custom)
2019-11-14 15:11:08,158 [pool-509-thread-1] INFO  server.RaftServerConfigKeys (ConfUtils.java:logGet(43)) - raft.server.log.appender.buffer.byte-limit = 33554432 (custom)
2019-11-14 15:11:08,159 [pool-509-thread-1] INFO  server.RaftServerConfigKeys (ConfUtils.java:logGet(43)) - raft.server.log.segment.size.max = 1048576 (custom)
2019-11-14 15:11:08,159 [pool-509-thread-1] WARN  impl.MetricRegistriesImpl (MetricRegistriesImpl.java:lambda$create$1(61)) - First MetricRegistry has been created without registering reporters. You may need to call MetricRegistries.global().addReportRegistration(...) before.
2019-11-14 15:11:08,159 [pool-509-thread-1] INFO  server.RaftServerConfigKeys (ConfUtils.java:logGet(43)) - raft.server.log.segment.cache.num.max = 2 (custom)
2019-11-14 15:11:08,159 [pool-509-thread-1] INFO  segmented.SegmentedRaftLogWorker (SegmentedRaftLogWorker.java:<init>(173)) - new 0687b932-fcaf-4ed2-b562-2cd2e9cca79c@group-C72608899C07-SegmentedRaftLogWorker for RaftStorage:Storage Directory /workdir/hadoop-ozone/integration-test/target/test-dir/MiniOzoneClusterImpl-5901a962-94ba-4a8b-ba12-ae811e713c7a/datanode-0/data/ratis/e989cb31-a4c1-4ff9-b56b-c72608899c07
2019-11-14 15:11:08,159 [pool-509-thread-1] INFO  server.RaftServerConfigKeys (ConfUtils.java:logGet(43)) - raft.server.log.queue.byte-limit = 2147483647 (custom)
2019-11-14 15:11:08,159 [pool-509-thread-1] INFO  server.RaftServerConfigKeys (ConfUtils.java:logGet(43)) - raft.server.log.queue.element-limit = 1024 (custom)
2019-11-14 15:11:08,159 [pool-509-thread-1] INFO  server.RaftServerConfigKeys (ConfUtils.java:logGet(43)) - raft.server.log.segment.size.max = 1048576 (custom)
2019-11-14 15:11:08,159 [pool-509-thread-1] INFO  server.RaftServerConfigKeys (ConfUtils.java:logGet(43)) - raft.server.log.preallocated.size = 16384 (custom)
2019-11-14 15:11:08,160 [pool-509-thread-1] INFO  server.RaftServerConfigKeys (ConfUtils.java:logGet(43)) - raft.server.log.write.buffer.size = 33554432 (custom)
2019-11-14 15:11:08,160 [pool-509-thread-1] INFO  server.RaftServerConfigKeys (ConfUtils.java:logGet(43)) - raft.server.log.force.sync.num = 128 (default)
2019-11-14 15:11:08,160 [pool-509-thread-1] INFO  server.RaftServerConfigKeys (ConfUtils.java:logGet(43)) - raft.server.log.statemachine.data.sync = true (default)
2019-11-14 15:11:08,160 [pool-509-thread-1] INFO  server.RaftServerConfigKeys (ConfUtils.java:logGet(43)) - raft.server.log.statemachine.data.sync.timeout = 10s (default)
2019-11-14 15:11:08,160 [pool-509-thread-1] INFO  server.RaftServerConfigKeys (ConfUtils.java:logGet(43)) - raft.server.log.statemachine.data.sync.timeout.retry = -1 (default)
2019-11-14 15:11:08,160 [pool-509-thread-1] INFO  server.RaftServerConfigKeys (ConfUtils.java:logGet(43)) - raft.server.log.statemachine.data.caching.enabled = true (custom)
2019-11-14 15:11:08,161 [pool-509-thread-1] INFO  segmented.SegmentedRaftLogWorker (SegmentedRaftLogWorker.java:lambda$new$0(128)) - 0687b932-fcaf-4ed2-b562-2cd2e9cca79c@group-C72608899C07-SegmentedRaftLogWorker: flushIndex: setUnconditionally 0 -> -1
2019-11-14 15:11:08,161 [pool-509-thread-1] INFO  server.RaftServerConfigKeys (ConfUtils.java:logGet(43)) - raft.server.snapshot.auto.trigger.enabled = true (custom)
2019-11-14 15:11:08,161 [pool-509-thread-1] INFO  server.RaftServerConfigKeys (ConfUtils.java:logGet(43)) - raft.server.snapshot.auto.trigger.threshold = 10000 (custom)
2019-11-14 15:11:08,161 [pool-509-thread-1] INFO  server.RaftServerConfigKeys (ConfUtils.java:logGet(43)) - raft.server.snapshot.retention.file.num = 5 (custom)
2019-11-14 15:11:08,161 [pool-509-thread-1] INFO  server.RaftServerConfigKeys (ConfUtils.java:logGet(43)) - raft.server.retrycache.expirytime = 600000ms (custom)
2019-11-14 15:11:08,162 [pool-509-thread-1] WARN  impl.MetricRegistriesImpl (MetricRegistriesImpl.java:lambda$create$1(61)) - First MetricRegistry has been created without registering reporters. You may need to call MetricRegistries.global().addReportRegistration(...) before.
2019-11-14 15:11:08,162 [pool-509-thread-1] WARN  impl.MetricRegistriesImpl (MetricRegistriesImpl.java:lambda$create$1(61)) - First MetricRegistry has been created without registering reporters. You may need to call MetricRegistries.global().addReportRegistration(...) before.
2019-11-14 15:11:08,162 [pool-509-thread-1] INFO  impl.RaftServerImpl (RaftServerImpl.java:start(184)) - 0687b932-fcaf-4ed2-b562-2cd2e9cca79c@group-C72608899C07: start as a follower, conf=-1: [0687b932-fcaf-4ed2-b562-2cd2e9cca79c:192.168.34.62:39060], old=null
2019-11-14 15:11:08,162 [pool-509-thread-1] INFO  impl.RaftServerImpl (RaftServerImpl.java:setRole(173)) - 0687b932-fcaf-4ed2-b562-2cd2e9cca79c@group-C72608899C07: changes role from      null to FOLLOWER at term 0 for startAsFollower
2019-11-14 15:11:08,162 [pool-509-thread-1] INFO  impl.RoleInfo (RoleInfo.java:updateAndGet(143)) - 0687b932-fcaf-4ed2-b562-2cd2e9cca79c: start FollowerState
2019-11-14 15:11:08,163 [pool-509-thread-1] INFO  util.JmxRegister (JmxRegister.java:tryRegister(44)) - Successfully registered JMX Bean with object name Ratis:service=RaftServer,group=group-C72608899C07,id=0687b932-fcaf-4ed2-b562-2cd2e9cca79c
2019-11-14 15:11:08,163 [pool-509-thread-1] WARN  impl.MetricRegistriesImpl (MetricRegistriesImpl.java:lambda$create$1(61)) - First MetricRegistry has been created without registering reporters. You may need to call MetricRegistries.global().addReportRegistration(...) before.
2019-11-14 15:11:08,167 [RatisPipelineUtilsThread] INFO  pipeline.PipelineStateManager (PipelineStateManager.java:addPipeline(55)) - Created pipeline Pipeline[ Id: e989cb31-a4c1-4ff9-b56b-c72608899c07, Nodes: 0687b932-fcaf-4ed2-b562-2cd2e9cca79c{ip: 192.168.34.62, host: pr-hdds-2480-6qkg9-608321763, networkLocation: /rack1, certSerialId: null}, Type:RATIS, Factor:ONE, State:ALLOCATED]
2019-11-14 15:11:08,172 [grpc-default-executor-4] INFO  impl.RaftServerProxy (RaftServerProxy.java:addNew(89)) - 51e91b80-82a5-4e26-a62a-ce423dc7e82c: addNew group-743484FDFED3:[51e91b80-82a5-4e26-a62a-ce423dc7e82c:192.168.34.62:43216] returns group-743484FDFED3:java.util.concurrent.CompletableFuture@6d725e47[Not completed]
2019-11-14 15:11:08,173 [pool-519-thread-1] INFO  impl.RaftServerImpl (RaftServerImpl.java:<init>(98)) - 51e91b80-82a5-4e26-a62a-ce423dc7e82c: new RaftServerImpl for group-743484FDFED3:[51e91b80-82a5-4e26-a62a-ce423dc7e82c:192.168.34.62:43216] with ContainerStateMachine:uninitialized
2019-11-14 15:11:08,174 [pool-519-thread-1] INFO  server.RaftServerConfigKeys (ConfUtils.java:logGet(43)) - raft.server.rpc.timeout.min = 1s (custom)
2019-11-14 15:11:08,174 [pool-519-thread-1] INFO  server.RaftServerConfigKeys (ConfUtils.java:logGet(43)) - raft.server.rpc.timeout.max = 1200ms (custom)
2019-11-14 15:11:08,174 [pool-519-thread-1] INFO  server.RaftServerConfigKeys (ConfUtils.java:logGet(43)) - raft.server.rpcslowness.timeout = 120s (custom)
2019-11-14 15:11:08,174 [pool-519-thread-1] INFO  server.RaftServerConfigKeys (ConfUtils.java:logGet(43)) - raft.server.sleep.deviation.threshold = 300 (default)
2019-11-14 15:11:08,174 [pool-519-thread-1] INFO  server.RaftServerConfigKeys (ConfUtils.java:logGet(43)) - raft.server.log.appender.install.snapshot.enabled = false (custom)
2019-11-14 15:11:08,174 [pool-519-thread-1] INFO  impl.RaftServerImpl (ServerState.java:<init>(103)) - 51e91b80-82a5-4e26-a62a-ce423dc7e82c@group-743484FDFED3: ConfigurationManager, init=-1: [51e91b80-82a5-4e26-a62a-ce423dc7e82c:192.168.34.62:43216], old=null, confs=<EMPTY_MAP>
2019-11-14 15:11:08,174 [pool-519-thread-1] INFO  server.RaftServerConfigKeys (ConfUtils.java:logGet(43)) - raft.server.storage.dir = [/workdir/hadoop-ozone/integration-test/target/test-dir/MiniOzoneClusterImpl-5901a962-94ba-4a8b-ba12-ae811e713c7a/datanode-1/data/ratis] (custom)
2019-11-14 15:11:08,174 [pool-519-thread-1] INFO  server.RaftServerConfigKeys (ConfUtils.java:logGet(43)) - raft.server.log.corruption.policy = EXCEPTION (default)
2019-11-14 15:11:08,175 [pool-519-thread-1] INFO  storage.RaftStorageDirectory (RaftStorageDirectory.java:analyzeStorage(246)) - The storage directory /workdir/hadoop-ozone/integration-test/target/test-dir/MiniOzoneClusterImpl-5901a962-94ba-4a8b-ba12-ae811e713c7a/datanode-1/data/ratis/f70543dd-cc5f-41b5-ae30-743484fdfed3 does not exist. Creating ...
2019-11-14 15:11:08,188 [pool-519-thread-1] INFO  storage.RaftStorageDirectory (RaftStorageDirectory.java:tryLock(328)) - Lock on /workdir/hadoop-ozone/integration-test/target/test-dir/MiniOzoneClusterImpl-5901a962-94ba-4a8b-ba12-ae811e713c7a/datanode-1/data/ratis/f70543dd-cc5f-41b5-ae30-743484fdfed3/in_use.lock acquired by nodename 23875@pr-hdds-2480-6qkg9-608321763
2019-11-14 15:11:08,200 [pool-519-thread-1] INFO  storage.RaftStorage (RaftStorage.java:format(84)) - Storage directory /workdir/hadoop-ozone/integration-test/target/test-dir/MiniOzoneClusterImpl-5901a962-94ba-4a8b-ba12-ae811e713c7a/datanode-1/data/ratis/f70543dd-cc5f-41b5-ae30-743484fdfed3 has been successfully formatted.
2019-11-14 15:11:08,201 [pool-519-thread-1] INFO  ratis.ContainerStateMachine (ContainerStateMachine.java:loadSnapshot(223)) - group-743484FDFED3: The snapshot info is null. Setting the last applied indexto:(t:0, i:~)
2019-11-14 15:11:08,201 [pool-519-thread-1] INFO  server.RaftServerConfigKeys (ConfUtils.java:logGet(43)) - raft.server.notification.no-leader.timeout = 120s (custom)
2019-11-14 15:11:08,201 [pool-519-thread-1] INFO  server.RaftServerConfigKeys (ConfUtils.java:logGet(43)) - raft.server.log.use.memory = false (default)
2019-11-14 15:11:08,201 [pool-519-thread-1] INFO  server.RaftServerConfigKeys (ConfUtils.java:logGet(43)) - raft.server.log.purge.gap = 1000000 (custom)
2019-11-14 15:11:08,201 [pool-519-thread-1] INFO  server.RaftServerConfigKeys (ConfUtils.java:logGet(43)) - raft.server.log.appender.buffer.byte-limit = 33554432 (custom)
2019-11-14 15:11:08,201 [pool-519-thread-1] INFO  server.RaftServerConfigKeys (ConfUtils.java:logGet(43)) - raft.server.log.segment.size.max = 1048576 (custom)
2019-11-14 15:11:08,201 [pool-519-thread-1] WARN  impl.MetricRegistriesImpl (MetricRegistriesImpl.java:lambda$create$1(61)) - First MetricRegistry has been created without registering reporters. You may need to call MetricRegistries.global().addReportRegistration(...) before.
2019-11-14 15:11:08,201 [pool-519-thread-1] INFO  server.RaftServerConfigKeys (ConfUtils.java:logGet(43)) - raft.server.log.segment.cache.num.max = 2 (custom)
2019-11-14 15:11:08,201 [pool-519-thread-1] INFO  segmented.SegmentedRaftLogWorker (SegmentedRaftLogWorker.java:<init>(173)) - new 51e91b80-82a5-4e26-a62a-ce423dc7e82c@group-743484FDFED3-SegmentedRaftLogWorker for RaftStorage:Storage Directory /workdir/hadoop-ozone/integration-test/target/test-dir/MiniOzoneClusterImpl-5901a962-94ba-4a8b-ba12-ae811e713c7a/datanode-1/data/ratis/f70543dd-cc5f-41b5-ae30-743484fdfed3
2019-11-14 15:11:08,201 [pool-519-thread-1] INFO  server.RaftServerConfigKeys (ConfUtils.java:logGet(43)) - raft.server.log.queue.byte-limit = 2147483647 (custom)
2019-11-14 15:11:08,202 [pool-519-thread-1] INFO  server.RaftServerConfigKeys (ConfUtils.java:logGet(43)) - raft.server.log.queue.element-limit = 1024 (custom)
2019-11-14 15:11:08,202 [pool-519-thread-1] INFO  server.RaftServerConfigKeys (ConfUtils.java:logGet(43)) - raft.server.log.segment.size.max = 1048576 (custom)
2019-11-14 15:11:08,202 [pool-519-thread-1] INFO  server.RaftServerConfigKeys (ConfUtils.java:logGet(43)) - raft.server.log.preallocated.size = 16384 (custom)
2019-11-14 15:11:08,202 [pool-519-thread-1] INFO  server.RaftServerConfigKeys (ConfUtils.java:logGet(43)) - raft.server.log.write.buffer.size = 33554432 (custom)
2019-11-14 15:11:08,202 [pool-519-thread-1] INFO  server.RaftServerConfigKeys (ConfUtils.java:logGet(43)) - raft.server.log.force.sync.num = 128 (default)
2019-11-14 15:11:08,202 [pool-519-thread-1] INFO  server.RaftServerConfigKeys (ConfUtils.java:logGet(43)) - raft.server.log.statemachine.data.sync = true (default)
2019-11-14 15:11:08,202 [pool-519-thread-1] INFO  server.RaftServerConfigKeys (ConfUtils.java:logGet(43)) - raft.server.log.statemachine.data.sync.timeout = 10s (default)
2019-11-14 15:11:08,202 [pool-519-thread-1] INFO  server.RaftServerConfigKeys (ConfUtils.java:logGet(43)) - raft.server.log.statemachine.data.sync.timeout.retry = -1 (default)
2019-11-14 15:11:08,202 [pool-519-thread-1] INFO  server.RaftServerConfigKeys (ConfUtils.java:logGet(43)) - raft.server.log.statemachine.data.caching.enabled = true (custom)
2019-11-14 15:11:08,202 [pool-519-thread-1] INFO  segmented.SegmentedRaftLogWorker (SegmentedRaftLogWorker.java:lambda$new$0(128)) - 51e91b80-82a5-4e26-a62a-ce423dc7e82c@group-743484FDFED3-SegmentedRaftLogWorker: flushIndex: setUnconditionally 0 -> -1
2019-11-14 15:11:08,203 [pool-519-thread-1] INFO  server.RaftServerConfigKeys (ConfUtils.java:logGet(43)) - raft.server.snapshot.auto.trigger.enabled = true (custom)
2019-11-14 15:11:08,203 [pool-519-thread-1] INFO  server.RaftServerConfigKeys (ConfUtils.java:logGet(43)) - raft.server.snapshot.auto.trigger.threshold = 10000 (custom)
2019-11-14 15:11:08,203 [pool-519-thread-1] INFO  server.RaftServerConfigKeys (ConfUtils.java:logGet(43)) - raft.server.snapshot.retention.file.num = 5 (custom)
2019-11-14 15:11:08,203 [pool-519-thread-1] INFO  server.RaftServerConfigKeys (ConfUtils.java:logGet(43)) - raft.server.retrycache.expirytime = 600000ms (custom)
2019-11-14 15:11:08,203 [pool-519-thread-1] WARN  impl.MetricRegistriesImpl (MetricRegistriesImpl.java:lambda$create$1(61)) - First MetricRegistry has been created without registering reporters. You may need to call MetricRegistries.global().addReportRegistration(...) before.
2019-11-14 15:11:08,203 [pool-519-thread-1] WARN  impl.MetricRegistriesImpl (MetricRegistriesImpl.java:lambda$create$1(61)) - First MetricRegistry has been created without registering reporters. You may need to call MetricRegistries.global().addReportRegistration(...) before.
2019-11-14 15:11:08,203 [pool-519-thread-1] INFO  impl.RaftServerImpl (RaftServerImpl.java:start(184)) - 51e91b80-82a5-4e26-a62a-ce423dc7e82c@group-743484FDFED3: start as a follower, conf=-1: [51e91b80-82a5-4e26-a62a-ce423dc7e82c:192.168.34.62:43216], old=null
2019-11-14 15:11:08,203 [pool-519-thread-1] INFO  impl.RaftServerImpl (RaftServerImpl.java:setRole(173)) - 51e91b80-82a5-4e26-a62a-ce423dc7e82c@group-743484FDFED3: changes role from      null to FOLLOWER at term 0 for startAsFollower
2019-11-14 15:11:08,203 [pool-519-thread-1] INFO  impl.RoleInfo (RoleInfo.java:updateAndGet(143)) - 51e91b80-82a5-4e26-a62a-ce423dc7e82c: start FollowerState
2019-11-14 15:11:08,204 [pool-519-thread-1] INFO  util.JmxRegister (JmxRegister.java:tryRegister(44)) - Successfully registered JMX Bean with object name Ratis:service=RaftServer,group=group-743484FDFED3,id=51e91b80-82a5-4e26-a62a-ce423dc7e82c
2019-11-14 15:11:08,204 [pool-519-thread-1] WARN  impl.MetricRegistriesImpl (MetricRegistriesImpl.java:lambda$create$1(61)) - First MetricRegistry has been created without registering reporters. You may need to call MetricRegistries.global().addReportRegistration(...) before.
2019-11-14 15:11:08,206 [RatisPipelineUtilsThread] INFO  pipeline.PipelineStateManager (PipelineStateManager.java:addPipeline(55)) - Created pipeline Pipeline[ Id: f70543dd-cc5f-41b5-ae30-743484fdfed3, Nodes: 51e91b80-82a5-4e26-a62a-ce423dc7e82c{ip: 192.168.34.62, host: pr-hdds-2480-6qkg9-608321763, networkLocation: /rack1, certSerialId: null}, Type:RATIS, Factor:ONE, State:ALLOCATED]
2019-11-14 15:11:08,206 [IPC Server handler 4 on 43819] INFO  net.NetworkTopology (NetworkTopologyImpl.java:add(111)) - Added a new node: /rack1/ee222113-7cfa-4d93-ae35-60587bc46978
2019-11-14 15:11:08,206 [IPC Server handler 4 on 43819] INFO  node.SCMNodeManager (SCMNodeManager.java:register(267)) - Registered Data node : ee222113-7cfa-4d93-ae35-60587bc46978{ip: 192.168.34.62, host: pr-hdds-2480-6qkg9-608321763, networkLocation: /rack1, certSerialId: null}
2019-11-14 15:11:08,211 [grpc-default-executor-4] INFO  impl.RaftServerProxy (RaftServerProxy.java:addNew(89)) - ee222113-7cfa-4d93-ae35-60587bc46978: addNew group-BB41574FA3A7:[ee222113-7cfa-4d93-ae35-60587bc46978:192.168.34.62:36461] returns group-BB41574FA3A7:java.util.concurrent.CompletableFuture@4416a765[Not completed]
2019-11-14 15:11:08,213 [pool-529-thread-1] INFO  impl.RaftServerImpl (RaftServerImpl.java:<init>(98)) - ee222113-7cfa-4d93-ae35-60587bc46978: new RaftServerImpl for group-BB41574FA3A7:[ee222113-7cfa-4d93-ae35-60587bc46978:192.168.34.62:36461] with ContainerStateMachine:uninitialized
2019-11-14 15:11:08,213 [pool-529-thread-1] INFO  server.RaftServerConfigKeys (ConfUtils.java:logGet(43)) - raft.server.rpc.timeout.min = 1s (custom)
2019-11-14 15:11:08,213 [pool-529-thread-1] INFO  server.RaftServerConfigKeys (ConfUtils.java:logGet(43)) - raft.server.rpc.timeout.max = 1200ms (custom)
2019-11-14 15:11:08,213 [pool-529-thread-1] INFO  server.RaftServerConfigKeys (ConfUtils.java:logGet(43)) - raft.server.rpcslowness.timeout = 120s (custom)
2019-11-14 15:11:08,213 [pool-529-thread-1] INFO  server.RaftServerConfigKeys (ConfUtils.java:logGet(43)) - raft.server.sleep.deviation.threshold = 300 (default)
2019-11-14 15:11:08,213 [pool-529-thread-1] INFO  server.RaftServerConfigKeys (ConfUtils.java:logGet(43)) - raft.server.log.appender.install.snapshot.enabled = false (custom)
2019-11-14 15:11:08,213 [pool-529-thread-1] INFO  impl.RaftServerImpl (ServerState.java:<init>(103)) - ee222113-7cfa-4d93-ae35-60587bc46978@group-BB41574FA3A7: ConfigurationManager, init=-1: [ee222113-7cfa-4d93-ae35-60587bc46978:192.168.34.62:36461], old=null, confs=<EMPTY_MAP>
2019-11-14 15:11:08,213 [pool-529-thread-1] INFO  server.RaftServerConfigKeys (ConfUtils.java:logGet(43)) - raft.server.storage.dir = [/workdir/hadoop-ozone/integration-test/target/test-dir/MiniOzoneClusterImpl-5901a962-94ba-4a8b-ba12-ae811e713c7a/datanode-2/data/ratis] (custom)
2019-11-14 15:11:08,214 [pool-529-thread-1] INFO  server.RaftServerConfigKeys (ConfUtils.java:logGet(43)) - raft.server.log.corruption.policy = EXCEPTION (default)
2019-11-14 15:11:08,214 [pool-529-thread-1] INFO  storage.RaftStorageDirectory (RaftStorageDirectory.java:analyzeStorage(246)) - The storage directory /workdir/hadoop-ozone/integration-test/target/test-dir/MiniOzoneClusterImpl-5901a962-94ba-4a8b-ba12-ae811e713c7a/datanode-2/data/ratis/b8352750-da6a-4984-be33-bb41574fa3a7 does not exist. Creating ...
2019-11-14 15:11:08,227 [pool-529-thread-1] INFO  storage.RaftStorageDirectory (RaftStorageDirectory.java:tryLock(328)) - Lock on /workdir/hadoop-ozone/integration-test/target/test-dir/MiniOzoneClusterImpl-5901a962-94ba-4a8b-ba12-ae811e713c7a/datanode-2/data/ratis/b8352750-da6a-4984-be33-bb41574fa3a7/in_use.lock acquired by nodename 23875@pr-hdds-2480-6qkg9-608321763
2019-11-14 15:11:08,248 [pool-529-thread-1] INFO  storage.RaftStorage (RaftStorage.java:format(84)) - Storage directory /workdir/hadoop-ozone/integration-test/target/test-dir/MiniOzoneClusterImpl-5901a962-94ba-4a8b-ba12-ae811e713c7a/datanode-2/data/ratis/b8352750-da6a-4984-be33-bb41574fa3a7 has been successfully formatted.
2019-11-14 15:11:08,248 [pool-529-thread-1] INFO  ratis.ContainerStateMachine (ContainerStateMachine.java:loadSnapshot(223)) - group-BB41574FA3A7: The snapshot info is null. Setting the last applied indexto:(t:0, i:~)
2019-11-14 15:11:08,248 [pool-529-thread-1] INFO  server.RaftServerConfigKeys (ConfUtils.java:logGet(43)) - raft.server.notification.no-leader.timeout = 120s (custom)
2019-11-14 15:11:08,248 [pool-529-thread-1] INFO  server.RaftServerConfigKeys (ConfUtils.java:logGet(43)) - raft.server.log.use.memory = false (default)
2019-11-14 15:11:08,248 [pool-529-thread-1] INFO  server.RaftServerConfigKeys (ConfUtils.java:logGet(43)) - raft.server.log.purge.gap = 1000000 (custom)
2019-11-14 15:11:08,249 [pool-529-thread-1] INFO  server.RaftServerConfigKeys (ConfUtils.java:logGet(43)) - raft.server.log.appender.buffer.byte-limit = 33554432 (custom)
2019-11-14 15:11:08,249 [pool-529-thread-1] INFO  server.RaftServerConfigKeys (ConfUtils.java:logGet(43)) - raft.server.log.segment.size.max = 1048576 (custom)
2019-11-14 15:11:08,249 [pool-529-thread-1] WARN  impl.MetricRegistriesImpl (MetricRegistriesImpl.java:lambda$create$1(61)) - First MetricRegistry has been created without registering reporters. You may need to call MetricRegistries.global().addReportRegistration(...) before.
2019-11-14 15:11:08,249 [pool-529-thread-1] INFO  server.RaftServerConfigKeys (ConfUtils.java:logGet(43)) - raft.server.log.segment.cache.num.max = 2 (custom)
2019-11-14 15:11:08,249 [pool-529-thread-1] INFO  segmented.SegmentedRaftLogWorker (SegmentedRaftLogWorker.java:<init>(173)) - new ee222113-7cfa-4d93-ae35-60587bc46978@group-BB41574FA3A7-SegmentedRaftLogWorker for RaftStorage:Storage Directory /workdir/hadoop-ozone/integration-test/target/test-dir/MiniOzoneClusterImpl-5901a962-94ba-4a8b-ba12-ae811e713c7a/datanode-2/data/ratis/b8352750-da6a-4984-be33-bb41574fa3a7
2019-11-14 15:11:08,249 [pool-529-thread-1] INFO  server.RaftServerConfigKeys (ConfUtils.java:logGet(43)) - raft.server.log.queue.byte-limit = 2147483647 (custom)
2019-11-14 15:11:08,249 [pool-529-thread-1] INFO  server.RaftServerConfigKeys (ConfUtils.java:logGet(43)) - raft.server.log.queue.element-limit = 1024 (custom)
2019-11-14 15:11:08,249 [pool-529-thread-1] INFO  server.RaftServerConfigKeys (ConfUtils.java:logGet(43)) - raft.server.log.segment.size.max = 1048576 (custom)
2019-11-14 15:11:08,249 [pool-529-thread-1] INFO  server.RaftServerConfigKeys (ConfUtils.java:logGet(43)) - raft.server.log.preallocated.size = 16384 (custom)
2019-11-14 15:11:08,249 [pool-529-thread-1] INFO  server.RaftServerConfigKeys (ConfUtils.java:logGet(43)) - raft.server.log.write.buffer.size = 33554432 (custom)
2019-11-14 15:11:08,250 [pool-529-thread-1] INFO  server.RaftServerConfigKeys (ConfUtils.java:logGet(43)) - raft.server.log.force.sync.num = 128 (default)
2019-11-14 15:11:08,250 [pool-529-thread-1] INFO  server.RaftServerConfigKeys (ConfUtils.java:logGet(43)) - raft.server.log.statemachine.data.sync = true (default)
2019-11-14 15:11:08,250 [pool-529-thread-1] INFO  server.RaftServerConfigKeys (ConfUtils.java:logGet(43)) - raft.server.log.statemachine.data.sync.timeout = 10s (default)
2019-11-14 15:11:08,250 [pool-529-thread-1] INFO  server.RaftServerConfigKeys (ConfUtils.java:logGet(43)) - raft.server.log.statemachine.data.sync.timeout.retry = -1 (default)
2019-11-14 15:11:08,250 [pool-529-thread-1] INFO  server.RaftServerConfigKeys (ConfUtils.java:logGet(43)) - raft.server.log.statemachine.data.caching.enabled = true (custom)
2019-11-14 15:11:08,250 [pool-529-thread-1] INFO  segmented.SegmentedRaftLogWorker (SegmentedRaftLogWorker.java:lambda$new$0(128)) - ee222113-7cfa-4d93-ae35-60587bc46978@group-BB41574FA3A7-SegmentedRaftLogWorker: flushIndex: setUnconditionally 0 -> -1
2019-11-14 15:11:08,250 [pool-529-thread-1] INFO  server.RaftServerConfigKeys (ConfUtils.java:logGet(43)) - raft.server.snapshot.auto.trigger.enabled = true (custom)
2019-11-14 15:11:08,251 [pool-529-thread-1] INFO  server.RaftServerConfigKeys (ConfUtils.java:logGet(43)) - raft.server.snapshot.auto.trigger.threshold = 10000 (custom)
2019-11-14 15:11:08,251 [pool-529-thread-1] INFO  server.RaftServerConfigKeys (ConfUtils.java:logGet(43)) - raft.server.snapshot.retention.file.num = 5 (custom)
2019-11-14 15:11:08,251 [pool-529-thread-1] INFO  server.RaftServerConfigKeys (ConfUtils.java:logGet(43)) - raft.server.retrycache.expirytime = 600000ms (custom)
2019-11-14 15:11:08,251 [pool-529-thread-1] WARN  impl.MetricRegistriesImpl (MetricRegistriesImpl.java:lambda$create$1(61)) - First MetricRegistry has been created without registering reporters. You may need to call MetricRegistries.global().addReportRegistration(...) before.
2019-11-14 15:11:08,251 [pool-529-thread-1] WARN  impl.MetricRegistriesImpl (MetricRegistriesImpl.java:lambda$create$1(61)) - First MetricRegistry has been created without registering reporters. You may need to call MetricRegistries.global().addReportRegistration(...) before.
2019-11-14 15:11:08,251 [pool-529-thread-1] INFO  impl.RaftServerImpl (RaftServerImpl.java:start(184)) - ee222113-7cfa-4d93-ae35-60587bc46978@group-BB41574FA3A7: start as a follower, conf=-1: [ee222113-7cfa-4d93-ae35-60587bc46978:192.168.34.62:36461], old=null
2019-11-14 15:11:08,251 [pool-529-thread-1] INFO  impl.RaftServerImpl (RaftServerImpl.java:setRole(173)) - ee222113-7cfa-4d93-ae35-60587bc46978@group-BB41574FA3A7: changes role from      null to FOLLOWER at term 0 for startAsFollower
2019-11-14 15:11:08,251 [pool-529-thread-1] INFO  impl.RoleInfo (RoleInfo.java:updateAndGet(143)) - ee222113-7cfa-4d93-ae35-60587bc46978: start FollowerState
2019-11-14 15:11:08,252 [pool-529-thread-1] INFO  util.JmxRegister (JmxRegister.java:tryRegister(44)) - Successfully registered JMX Bean with object name Ratis:service=RaftServer,group=group-BB41574FA3A7,id=ee222113-7cfa-4d93-ae35-60587bc46978
2019-11-14 15:11:08,252 [pool-529-thread-1] WARN  impl.MetricRegistriesImpl (MetricRegistriesImpl.java:lambda$create$1(61)) - First MetricRegistry has been created without registering reporters. You may need to call MetricRegistries.global().addReportRegistration(...) before.
2019-11-14 15:11:08,254 [RatisPipelineUtilsThread] INFO  pipeline.PipelineStateManager (PipelineStateManager.java:addPipeline(55)) - Created pipeline Pipeline[ Id: b8352750-da6a-4984-be33-bb41574fa3a7, Nodes: ee222113-7cfa-4d93-ae35-60587bc46978{ip: 192.168.34.62, host: pr-hdds-2480-6qkg9-608321763, networkLocation: /rack1, certSerialId: null}, Type:RATIS, Factor:ONE, State:ALLOCATED]
2019-11-14 15:11:08,261 [grpc-default-executor-6] INFO  impl.RaftServerProxy (RaftServerProxy.java:addNew(89)) - 51e91b80-82a5-4e26-a62a-ce423dc7e82c: addNew group-149EF8762377:[ee222113-7cfa-4d93-ae35-60587bc46978:192.168.34.62:36461, 0687b932-fcaf-4ed2-b562-2cd2e9cca79c:192.168.34.62:39060, 51e91b80-82a5-4e26-a62a-ce423dc7e82c:192.168.34.62:43216] returns group-149EF8762377:java.util.concurrent.CompletableFuture@7f143447[Not completed]
2019-11-14 15:11:08,261 [grpc-default-executor-4] INFO  impl.RaftServerProxy (RaftServerProxy.java:addNew(89)) - 0687b932-fcaf-4ed2-b562-2cd2e9cca79c: addNew group-149EF8762377:[ee222113-7cfa-4d93-ae35-60587bc46978:192.168.34.62:36461, 0687b932-fcaf-4ed2-b562-2cd2e9cca79c:192.168.34.62:39060, 51e91b80-82a5-4e26-a62a-ce423dc7e82c:192.168.34.62:43216] returns group-149EF8762377:java.util.concurrent.CompletableFuture@12e300b0[Not completed]
2019-11-14 15:11:08,261 [grpc-default-executor-0] INFO  impl.RaftServerProxy (RaftServerProxy.java:addNew(89)) - ee222113-7cfa-4d93-ae35-60587bc46978: addNew group-149EF8762377:[ee222113-7cfa-4d93-ae35-60587bc46978:192.168.34.62:36461, 0687b932-fcaf-4ed2-b562-2cd2e9cca79c:192.168.34.62:39060, 51e91b80-82a5-4e26-a62a-ce423dc7e82c:192.168.34.62:43216] returns group-149EF8762377:java.util.concurrent.CompletableFuture@42b7df62[Not completed]
2019-11-14 15:11:08,262 [pool-509-thread-1] INFO  impl.RaftServerImpl (RaftServerImpl.java:<init>(98)) - 0687b932-fcaf-4ed2-b562-2cd2e9cca79c: new RaftServerImpl for group-149EF8762377:[ee222113-7cfa-4d93-ae35-60587bc46978:192.168.34.62:36461, 0687b932-fcaf-4ed2-b562-2cd2e9cca79c:192.168.34.62:39060, 51e91b80-82a5-4e26-a62a-ce423dc7e82c:192.168.34.62:43216] with ContainerStateMachine:uninitialized
2019-11-14 15:11:08,262 [pool-509-thread-1] INFO  server.RaftServerConfigKeys (ConfUtils.java:logGet(43)) - raft.server.rpc.timeout.min = 1s (custom)
2019-11-14 15:11:08,262 [pool-509-thread-1] INFO  server.RaftServerConfigKeys (ConfUtils.java:logGet(43)) - raft.server.rpc.timeout.max = 1200ms (custom)
2019-11-14 15:11:08,262 [pool-509-thread-1] INFO  server.RaftServerConfigKeys (ConfUtils.java:logGet(43)) - raft.server.rpcslowness.timeout = 120s (custom)
2019-11-14 15:11:08,262 [pool-509-thread-1] INFO  server.RaftServerConfigKeys (ConfUtils.java:logGet(43)) - raft.server.sleep.deviation.threshold = 300 (default)
2019-11-14 15:11:08,263 [pool-509-thread-1] INFO  server.RaftServerConfigKeys (ConfUtils.java:logGet(43)) - raft.server.log.appender.install.snapshot.enabled = false (custom)
2019-11-14 15:11:08,263 [pool-509-thread-1] INFO  impl.RaftServerImpl (ServerState.java:<init>(103)) - 0687b932-fcaf-4ed2-b562-2cd2e9cca79c@group-149EF8762377: ConfigurationManager, init=-1: [ee222113-7cfa-4d93-ae35-60587bc46978:192.168.34.62:36461, 0687b932-fcaf-4ed2-b562-2cd2e9cca79c:192.168.34.62:39060, 51e91b80-82a5-4e26-a62a-ce423dc7e82c:192.168.34.62:43216], old=null, confs=<EMPTY_MAP>
2019-11-14 15:11:08,263 [pool-509-thread-1] INFO  server.RaftServerConfigKeys (ConfUtils.java:logGet(43)) - raft.server.storage.dir = [/workdir/hadoop-ozone/integration-test/target/test-dir/MiniOzoneClusterImpl-5901a962-94ba-4a8b-ba12-ae811e713c7a/datanode-0/data/ratis] (custom)
2019-11-14 15:11:08,263 [pool-529-thread-1] INFO  impl.RaftServerImpl (RaftServerImpl.java:<init>(98)) - ee222113-7cfa-4d93-ae35-60587bc46978: new RaftServerImpl for group-149EF8762377:[ee222113-7cfa-4d93-ae35-60587bc46978:192.168.34.62:36461, 0687b932-fcaf-4ed2-b562-2cd2e9cca79c:192.168.34.62:39060, 51e91b80-82a5-4e26-a62a-ce423dc7e82c:192.168.34.62:43216] with ContainerStateMachine:uninitialized
2019-11-14 15:11:08,263 [pool-509-thread-1] INFO  server.RaftServerConfigKeys (ConfUtils.java:logGet(43)) - raft.server.log.corruption.policy = EXCEPTION (default)
2019-11-14 15:11:08,263 [pool-529-thread-1] INFO  server.RaftServerConfigKeys (ConfUtils.java:logGet(43)) - raft.server.rpc.timeout.min = 1s (custom)
2019-11-14 15:11:08,263 [pool-509-thread-1] INFO  storage.RaftStorageDirectory (RaftStorageDirectory.java:analyzeStorage(246)) - The storage directory /workdir/hadoop-ozone/integration-test/target/test-dir/MiniOzoneClusterImpl-5901a962-94ba-4a8b-ba12-ae811e713c7a/datanode-0/data/ratis/5a2a0619-c7a2-4787-a7cd-149ef8762377 does not exist. Creating ...
2019-11-14 15:11:08,263 [pool-529-thread-1] INFO  server.RaftServerConfigKeys (ConfUtils.java:logGet(43)) - raft.server.rpc.timeout.max = 1200ms (custom)
2019-11-14 15:11:08,263 [pool-529-thread-1] INFO  server.RaftServerConfigKeys (ConfUtils.java:logGet(43)) - raft.server.rpcslowness.timeout = 120s (custom)
2019-11-14 15:11:08,263 [pool-519-thread-1] INFO  impl.RaftServerImpl (RaftServerImpl.java:<init>(98)) - 51e91b80-82a5-4e26-a62a-ce423dc7e82c: new RaftServerImpl for group-149EF8762377:[ee222113-7cfa-4d93-ae35-60587bc46978:192.168.34.62:36461, 0687b932-fcaf-4ed2-b562-2cd2e9cca79c:192.168.34.62:39060, 51e91b80-82a5-4e26-a62a-ce423dc7e82c:192.168.34.62:43216] with ContainerStateMachine:uninitialized
2019-11-14 15:11:08,264 [pool-529-thread-1] INFO  server.RaftServerConfigKeys (ConfUtils.java:logGet(43)) - raft.server.sleep.deviation.threshold = 300 (default)
2019-11-14 15:11:08,264 [pool-519-thread-1] INFO  server.RaftServerConfigKeys (ConfUtils.java:logGet(43)) - raft.server.rpc.timeout.min = 1s (custom)
2019-11-14 15:11:08,264 [pool-529-thread-1] INFO  server.RaftServerConfigKeys (ConfUtils.java:logGet(43)) - raft.server.log.appender.install.snapshot.enabled = false (custom)
2019-11-14 15:11:08,264 [pool-519-thread-1] INFO  server.RaftServerConfigKeys (ConfUtils.java:logGet(43)) - raft.server.rpc.timeout.max = 1200ms (custom)
2019-11-14 15:11:08,264 [pool-529-thread-1] INFO  impl.RaftServerImpl (ServerState.java:<init>(103)) - ee222113-7cfa-4d93-ae35-60587bc46978@group-149EF8762377: ConfigurationManager, init=-1: [ee222113-7cfa-4d93-ae35-60587bc46978:192.168.34.62:36461, 0687b932-fcaf-4ed2-b562-2cd2e9cca79c:192.168.34.62:39060, 51e91b80-82a5-4e26-a62a-ce423dc7e82c:192.168.34.62:43216], old=null, confs=<EMPTY_MAP>
2019-11-14 15:11:08,264 [pool-519-thread-1] INFO  server.RaftServerConfigKeys (ConfUtils.java:logGet(43)) - raft.server.rpcslowness.timeout = 120s (custom)
2019-11-14 15:11:08,264 [pool-529-thread-1] INFO  server.RaftServerConfigKeys (ConfUtils.java:logGet(43)) - raft.server.storage.dir = [/workdir/hadoop-ozone/integration-test/target/test-dir/MiniOzoneClusterImpl-5901a962-94ba-4a8b-ba12-ae811e713c7a/datanode-2/data/ratis] (custom)
2019-11-14 15:11:08,265 [pool-519-thread-1] INFO  server.RaftServerConfigKeys (ConfUtils.java:logGet(43)) - raft.server.sleep.deviation.threshold = 300 (default)
2019-11-14 15:11:08,265 [pool-519-thread-1] INFO  server.RaftServerConfigKeys (ConfUtils.java:logGet(43)) - raft.server.log.appender.install.snapshot.enabled = false (custom)
2019-11-14 15:11:08,265 [pool-529-thread-1] INFO  server.RaftServerConfigKeys (ConfUtils.java:logGet(43)) - raft.server.log.corruption.policy = EXCEPTION (default)
2019-11-14 15:11:08,265 [pool-519-thread-1] INFO  impl.RaftServerImpl (ServerState.java:<init>(103)) - 51e91b80-82a5-4e26-a62a-ce423dc7e82c@group-149EF8762377: ConfigurationManager, init=-1: [ee222113-7cfa-4d93-ae35-60587bc46978:192.168.34.62:36461, 0687b932-fcaf-4ed2-b562-2cd2e9cca79c:192.168.34.62:39060, 51e91b80-82a5-4e26-a62a-ce423dc7e82c:192.168.34.62:43216], old=null, confs=<EMPTY_MAP>
2019-11-14 15:11:08,265 [pool-519-thread-1] INFO  server.RaftServerConfigKeys (ConfUtils.java:logGet(43)) - raft.server.storage.dir = [/workdir/hadoop-ozone/integration-test/target/test-dir/MiniOzoneClusterImpl-5901a962-94ba-4a8b-ba12-ae811e713c7a/datanode-1/data/ratis] (custom)
2019-11-14 15:11:08,265 [pool-529-thread-1] INFO  storage.RaftStorageDirectory (RaftStorageDirectory.java:analyzeStorage(246)) - The storage directory /workdir/hadoop-ozone/integration-test/target/test-dir/MiniOzoneClusterImpl-5901a962-94ba-4a8b-ba12-ae811e713c7a/datanode-2/data/ratis/5a2a0619-c7a2-4787-a7cd-149ef8762377 does not exist. Creating ...
2019-11-14 15:11:08,265 [pool-519-thread-1] INFO  server.RaftServerConfigKeys (ConfUtils.java:logGet(43)) - raft.server.log.corruption.policy = EXCEPTION (default)
2019-11-14 15:11:08,266 [pool-519-thread-1] INFO  storage.RaftStorageDirectory (RaftStorageDirectory.java:analyzeStorage(246)) - The storage directory /workdir/hadoop-ozone/integration-test/target/test-dir/MiniOzoneClusterImpl-5901a962-94ba-4a8b-ba12-ae811e713c7a/datanode-1/data/ratis/5a2a0619-c7a2-4787-a7cd-149ef8762377 does not exist. Creating ...
2019-11-14 15:11:08,267 [IPC Server handler 6 on 43819] INFO  net.NetworkTopology (NetworkTopologyImpl.java:add(111)) - Added a new node: /rack1/69447648-1360-460f-862e-b843b6813c61
2019-11-14 15:11:08,267 [IPC Server handler 6 on 43819] INFO  node.SCMNodeManager (SCMNodeManager.java:register(267)) - Registered Data node : 69447648-1360-460f-862e-b843b6813c61{ip: 192.168.34.62, host: pr-hdds-2480-6qkg9-608321763, networkLocation: /rack1, certSerialId: null}
2019-11-14 15:11:08,277 [pool-529-thread-1] INFO  storage.RaftStorageDirectory (RaftStorageDirectory.java:tryLock(328)) - Lock on /workdir/hadoop-ozone/integration-test/target/test-dir/MiniOzoneClusterImpl-5901a962-94ba-4a8b-ba12-ae811e713c7a/datanode-2/data/ratis/5a2a0619-c7a2-4787-a7cd-149ef8762377/in_use.lock acquired by nodename 23875@pr-hdds-2480-6qkg9-608321763
2019-11-14 15:11:08,277 [pool-509-thread-1] INFO  storage.RaftStorageDirectory (RaftStorageDirectory.java:tryLock(328)) - Lock on /workdir/hadoop-ozone/integration-test/target/test-dir/MiniOzoneClusterImpl-5901a962-94ba-4a8b-ba12-ae811e713c7a/datanode-0/data/ratis/5a2a0619-c7a2-4787-a7cd-149ef8762377/in_use.lock acquired by nodename 23875@pr-hdds-2480-6qkg9-608321763
2019-11-14 15:11:08,277 [pool-519-thread-1] INFO  storage.RaftStorageDirectory (RaftStorageDirectory.java:tryLock(328)) - Lock on /workdir/hadoop-ozone/integration-test/target/test-dir/MiniOzoneClusterImpl-5901a962-94ba-4a8b-ba12-ae811e713c7a/datanode-1/data/ratis/5a2a0619-c7a2-4787-a7cd-149ef8762377/in_use.lock acquired by nodename 23875@pr-hdds-2480-6qkg9-608321763
2019-11-14 15:11:08,291 [pool-519-thread-1] INFO  storage.RaftStorage (RaftStorage.java:format(84)) - Storage directory /workdir/hadoop-ozone/integration-test/target/test-dir/MiniOzoneClusterImpl-5901a962-94ba-4a8b-ba12-ae811e713c7a/datanode-1/data/ratis/5a2a0619-c7a2-4787-a7cd-149ef8762377 has been successfully formatted.
2019-11-14 15:11:08,291 [pool-509-thread-1] INFO  storage.RaftStorage (RaftStorage.java:format(84)) - Storage directory /workdir/hadoop-ozone/integration-test/target/test-dir/MiniOzoneClusterImpl-5901a962-94ba-4a8b-ba12-ae811e713c7a/datanode-0/data/ratis/5a2a0619-c7a2-4787-a7cd-149ef8762377 has been successfully formatted.
2019-11-14 15:11:08,291 [pool-529-thread-1] INFO  storage.RaftStorage (RaftStorage.java:format(84)) - Storage directory /workdir/hadoop-ozone/integration-test/target/test-dir/MiniOzoneClusterImpl-5901a962-94ba-4a8b-ba12-ae811e713c7a/datanode-2/data/ratis/5a2a0619-c7a2-4787-a7cd-149ef8762377 has been successfully formatted.
2019-11-14 15:11:08,291 [pool-509-thread-1] INFO  ratis.ContainerStateMachine (ContainerStateMachine.java:loadSnapshot(223)) - group-149EF8762377: The snapshot info is null. Setting the last applied indexto:(t:0, i:~)
2019-11-14 15:11:08,291 [pool-519-thread-1] INFO  ratis.ContainerStateMachine (ContainerStateMachine.java:loadSnapshot(223)) - group-149EF8762377: The snapshot info is null. Setting the last applied indexto:(t:0, i:~)
2019-11-14 15:11:08,292 [pool-509-thread-1] INFO  server.RaftServerConfigKeys (ConfUtils.java:logGet(43)) - raft.server.notification.no-leader.timeout = 120s (custom)
2019-11-14 15:11:08,292 [pool-529-thread-1] INFO  ratis.ContainerStateMachine (ContainerStateMachine.java:loadSnapshot(223)) - group-149EF8762377: The snapshot info is null. Setting the last applied indexto:(t:0, i:~)
2019-11-14 15:11:08,292 [pool-509-thread-1] INFO  server.RaftServerConfigKeys (ConfUtils.java:logGet(43)) - raft.server.log.use.memory = false (default)
2019-11-14 15:11:08,292 [pool-519-thread-1] INFO  server.RaftServerConfigKeys (ConfUtils.java:logGet(43)) - raft.server.notification.no-leader.timeout = 120s (custom)
2019-11-14 15:11:08,292 [pool-509-thread-1] INFO  server.RaftServerConfigKeys (ConfUtils.java:logGet(43)) - raft.server.log.purge.gap = 1000000 (custom)
2019-11-14 15:11:08,292 [pool-529-thread-1] INFO  server.RaftServerConfigKeys (ConfUtils.java:logGet(43)) - raft.server.notification.no-leader.timeout = 120s (custom)
2019-11-14 15:11:08,292 [pool-509-thread-1] INFO  server.RaftServerConfigKeys (ConfUtils.java:logGet(43)) - raft.server.log.appender.buffer.byte-limit = 33554432 (custom)
2019-11-14 15:11:08,292 [pool-519-thread-1] INFO  server.RaftServerConfigKeys (ConfUtils.java:logGet(43)) - raft.server.log.use.memory = false (default)
2019-11-14 15:11:08,293 [pool-509-thread-1] INFO  server.RaftServerConfigKeys (ConfUtils.java:logGet(43)) - raft.server.log.segment.size.max = 1048576 (custom)
2019-11-14 15:11:08,292 [pool-529-thread-1] INFO  server.RaftServerConfigKeys (ConfUtils.java:logGet(43)) - raft.server.log.use.memory = false (default)
2019-11-14 15:11:08,293 [pool-509-thread-1] INFO  server.RaftServerConfigKeys (ConfUtils.java:logGet(43)) - raft.server.log.segment.cache.num.max = 2 (custom)
2019-11-14 15:11:08,293 [pool-519-thread-1] INFO  server.RaftServerConfigKeys (ConfUtils.java:logGet(43)) - raft.server.log.purge.gap = 1000000 (custom)
2019-11-14 15:11:08,293 [pool-509-thread-1] INFO  segmented.SegmentedRaftLogWorker (SegmentedRaftLogWorker.java:<init>(173)) - new 0687b932-fcaf-4ed2-b562-2cd2e9cca79c@group-149EF8762377-SegmentedRaftLogWorker for RaftStorage:Storage Directory /workdir/hadoop-ozone/integration-test/target/test-dir/MiniOzoneClusterImpl-5901a962-94ba-4a8b-ba12-ae811e713c7a/datanode-0/data/ratis/5a2a0619-c7a2-4787-a7cd-149ef8762377
2019-11-14 15:11:08,293 [pool-529-thread-1] INFO  server.RaftServerConfigKeys (ConfUtils.java:logGet(43)) - raft.server.log.purge.gap = 1000000 (custom)
2019-11-14 15:11:08,293 [pool-509-thread-1] INFO  server.RaftServerConfigKeys (ConfUtils.java:logGet(43)) - raft.server.log.queue.byte-limit = 2147483647 (custom)
2019-11-14 15:11:08,293 [pool-519-thread-1] INFO  server.RaftServerConfigKeys (ConfUtils.java:logGet(43)) - raft.server.log.appender.buffer.byte-limit = 33554432 (custom)
2019-11-14 15:11:08,293 [pool-509-thread-1] INFO  server.RaftServerConfigKeys (ConfUtils.java:logGet(43)) - raft.server.log.queue.element-limit = 1024 (custom)
2019-11-14 15:11:08,293 [pool-529-thread-1] INFO  server.RaftServerConfigKeys (ConfUtils.java:logGet(43)) - raft.server.log.appender.buffer.byte-limit = 33554432 (custom)
2019-11-14 15:11:08,294 [pool-509-thread-1] INFO  server.RaftServerConfigKeys (ConfUtils.java:logGet(43)) - raft.server.log.segment.size.max = 1048576 (custom)
2019-11-14 15:11:08,294 [pool-519-thread-1] INFO  server.RaftServerConfigKeys (ConfUtils.java:logGet(43)) - raft.server.log.segment.size.max = 1048576 (custom)
2019-11-14 15:11:08,294 [pool-509-thread-1] INFO  server.RaftServerConfigKeys (ConfUtils.java:logGet(43)) - raft.server.log.preallocated.size = 16384 (custom)
2019-11-14 15:11:08,294 [pool-529-thread-1] INFO  server.RaftServerConfigKeys (ConfUtils.java:logGet(43)) - raft.server.log.segment.size.max = 1048576 (custom)
2019-11-14 15:11:08,294 [pool-509-thread-1] INFO  server.RaftServerConfigKeys (ConfUtils.java:logGet(43)) - raft.server.log.write.buffer.size = 33554432 (custom)
2019-11-14 15:11:08,294 [pool-519-thread-1] INFO  server.RaftServerConfigKeys (ConfUtils.java:logGet(43)) - raft.server.log.segment.cache.num.max = 2 (custom)
2019-11-14 15:11:08,295 [pool-509-thread-1] INFO  server.RaftServerConfigKeys (ConfUtils.java:logGet(43)) - raft.server.log.force.sync.num = 128 (default)
2019-11-14 15:11:08,294 [pool-529-thread-1] INFO  server.RaftServerConfigKeys (ConfUtils.java:logGet(43)) - raft.server.log.segment.cache.num.max = 2 (custom)
2019-11-14 15:11:08,295 [pool-509-thread-1] INFO  server.RaftServerConfigKeys (ConfUtils.java:logGet(43)) - raft.server.log.statemachine.data.sync = true (default)
2019-11-14 15:11:08,295 [pool-519-thread-1] INFO  segmented.SegmentedRaftLogWorker (SegmentedRaftLogWorker.java:<init>(173)) - new 51e91b80-82a5-4e26-a62a-ce423dc7e82c@group-149EF8762377-SegmentedRaftLogWorker for RaftStorage:Storage Directory /workdir/hadoop-ozone/integration-test/target/test-dir/MiniOzoneClusterImpl-5901a962-94ba-4a8b-ba12-ae811e713c7a/datanode-1/data/ratis/5a2a0619-c7a2-4787-a7cd-149ef8762377
2019-11-14 15:11:08,295 [pool-509-thread-1] INFO  server.RaftServerConfigKeys (ConfUtils.java:logGet(43)) - raft.server.log.statemachine.data.sync.timeout = 10s (default)
2019-11-14 15:11:08,295 [pool-529-thread-1] INFO  segmented.SegmentedRaftLogWorker (SegmentedRaftLogWorker.java:<init>(173)) - new ee222113-7cfa-4d93-ae35-60587bc46978@group-149EF8762377-SegmentedRaftLogWorker for RaftStorage:Storage Directory /workdir/hadoop-ozone/integration-test/target/test-dir/MiniOzoneClusterImpl-5901a962-94ba-4a8b-ba12-ae811e713c7a/datanode-2/data/ratis/5a2a0619-c7a2-4787-a7cd-149ef8762377
2019-11-14 15:11:08,295 [pool-509-thread-1] INFO  server.RaftServerConfigKeys (ConfUtils.java:logGet(43)) - raft.server.log.statemachine.data.sync.timeout.retry = -1 (default)
2019-11-14 15:11:08,295 [pool-519-thread-1] INFO  server.RaftServerConfigKeys (ConfUtils.java:logGet(43)) - raft.server.log.queue.byte-limit = 2147483647 (custom)
2019-11-14 15:11:08,296 [pool-509-thread-1] INFO  server.RaftServerConfigKeys (ConfUtils.java:logGet(43)) - raft.server.log.statemachine.data.caching.enabled = true (custom)
2019-11-14 15:11:08,295 [pool-529-thread-1] INFO  server.RaftServerConfigKeys (ConfUtils.java:logGet(43)) - raft.server.log.queue.byte-limit = 2147483647 (custom)
2019-11-14 15:11:08,296 [pool-509-thread-1] INFO  segmented.SegmentedRaftLogWorker (SegmentedRaftLogWorker.java:lambda$new$0(128)) - 0687b932-fcaf-4ed2-b562-2cd2e9cca79c@group-149EF8762377-SegmentedRaftLogWorker: flushIndex: setUnconditionally 0 -> -1
2019-11-14 15:11:08,296 [pool-519-thread-1] INFO  server.RaftServerConfigKeys (ConfUtils.java:logGet(43)) - raft.server.log.queue.element-limit = 1024 (custom)
2019-11-14 15:11:08,296 [pool-529-thread-1] INFO  server.RaftServerConfigKeys (ConfUtils.java:logGet(43)) - raft.server.log.queue.element-limit = 1024 (custom)
2019-11-14 15:11:08,296 [pool-509-thread-1] INFO  server.RaftServerConfigKeys (ConfUtils.java:logGet(43)) - raft.server.snapshot.auto.trigger.enabled = true (custom)
2019-11-14 15:11:08,296 [pool-519-thread-1] INFO  server.RaftServerConfigKeys (ConfUtils.java:logGet(43)) - raft.server.log.segment.size.max = 1048576 (custom)
2019-11-14 15:11:08,296 [pool-509-thread-1] INFO  server.RaftServerConfigKeys (ConfUtils.java:logGet(43)) - raft.server.snapshot.auto.trigger.threshold = 10000 (custom)
2019-11-14 15:11:08,296 [pool-529-thread-1] INFO  server.RaftServerConfigKeys (ConfUtils.java:logGet(43)) - raft.server.log.segment.size.max = 1048576 (custom)
2019-11-14 15:11:08,297 [pool-509-thread-1] INFO  server.RaftServerConfigKeys (ConfUtils.java:logGet(43)) - raft.server.snapshot.retention.file.num = 5 (custom)
2019-11-14 15:11:08,296 [pool-519-thread-1] INFO  server.RaftServerConfigKeys (ConfUtils.java:logGet(43)) - raft.server.log.preallocated.size = 16384 (custom)
2019-11-14 15:11:08,297 [pool-509-thread-1] INFO  server.RaftServerConfigKeys (ConfUtils.java:logGet(43)) - raft.server.retrycache.expirytime = 600000ms (custom)
2019-11-14 15:11:08,297 [pool-529-thread-1] INFO  server.RaftServerConfigKeys (ConfUtils.java:logGet(43)) - raft.server.log.preallocated.size = 16384 (custom)
2019-11-14 15:11:08,297 [pool-509-thread-1] WARN  impl.MetricRegistriesImpl (MetricRegistriesImpl.java:lambda$create$1(61)) - First MetricRegistry has been created without registering reporters. You may need to call MetricRegistries.global().addReportRegistration(...) before.
2019-11-14 15:11:08,297 [pool-519-thread-1] INFO  server.RaftServerConfigKeys (ConfUtils.java:logGet(43)) - raft.server.log.write.buffer.size = 33554432 (custom)
2019-11-14 15:11:08,297 [pool-509-thread-1] WARN  impl.MetricRegistriesImpl (MetricRegistriesImpl.java:lambda$create$1(61)) - First MetricRegistry has been created without registering reporters. You may need to call MetricRegistries.global().addReportRegistration(...) before.
2019-11-14 15:11:08,297 [pool-529-thread-1] INFO  server.RaftServerConfigKeys (ConfUtils.java:logGet(43)) - raft.server.log.write.buffer.size = 33554432 (custom)
2019-11-14 15:11:08,298 [pool-509-thread-1] INFO  impl.RaftServerImpl (RaftServerImpl.java:start(184)) - 0687b932-fcaf-4ed2-b562-2cd2e9cca79c@group-149EF8762377: start as a follower, conf=-1: [ee222113-7cfa-4d93-ae35-60587bc46978:192.168.34.62:36461, 0687b932-fcaf-4ed2-b562-2cd2e9cca79c:192.168.34.62:39060, 51e91b80-82a5-4e26-a62a-ce423dc7e82c:192.168.34.62:43216], old=null
2019-11-14 15:11:08,297 [pool-519-thread-1] INFO  server.RaftServerConfigKeys (ConfUtils.java:logGet(43)) - raft.server.log.force.sync.num = 128 (default)
2019-11-14 15:11:08,298 [pool-509-thread-1] INFO  impl.RaftServerImpl (RaftServerImpl.java:setRole(173)) - 0687b932-fcaf-4ed2-b562-2cd2e9cca79c@group-149EF8762377: changes role from      null to FOLLOWER at term 0 for startAsFollower
2019-11-14 15:11:08,298 [pool-529-thread-1] INFO  server.RaftServerConfigKeys (ConfUtils.java:logGet(43)) - raft.server.log.force.sync.num = 128 (default)
2019-11-14 15:11:08,298 [pool-509-thread-1] INFO  impl.RoleInfo (RoleInfo.java:updateAndGet(143)) - 0687b932-fcaf-4ed2-b562-2cd2e9cca79c: start FollowerState
2019-11-14 15:11:08,298 [pool-519-thread-1] INFO  server.RaftServerConfigKeys (ConfUtils.java:logGet(43)) - raft.server.log.statemachine.data.sync = true (default)
2019-11-14 15:11:08,298 [pool-529-thread-1] INFO  server.RaftServerConfigKeys (ConfUtils.java:logGet(43)) - raft.server.log.statemachine.data.sync = true (default)
2019-11-14 15:11:08,298 [pool-509-thread-1] INFO  util.JmxRegister (JmxRegister.java:tryRegister(44)) - Successfully registered JMX Bean with object name Ratis:service=RaftServer,group=group-149EF8762377,id=0687b932-fcaf-4ed2-b562-2cd2e9cca79c
2019-11-14 15:11:08,298 [pool-519-thread-1] INFO  server.RaftServerConfigKeys (ConfUtils.java:logGet(43)) - raft.server.log.statemachine.data.sync.timeout = 10s (default)
2019-11-14 15:11:08,299 [pool-509-thread-1] WARN  impl.MetricRegistriesImpl (MetricRegistriesImpl.java:lambda$create$1(61)) - First MetricRegistry has been created without registering reporters. You may need to call MetricRegistries.global().addReportRegistration(...) before.
2019-11-14 15:11:08,298 [pool-529-thread-1] INFO  server.RaftServerConfigKeys (ConfUtils.java:logGet(43)) - raft.server.log.statemachine.data.sync.timeout = 10s (default)
2019-11-14 15:11:08,299 [pool-519-thread-1] INFO  server.RaftServerConfigKeys (ConfUtils.java:logGet(43)) - raft.server.log.statemachine.data.sync.timeout.retry = -1 (default)
2019-11-14 15:11:08,299 [pool-529-thread-1] INFO  server.RaftServerConfigKeys (ConfUtils.java:logGet(43)) - raft.server.log.statemachine.data.sync.timeout.retry = -1 (default)
2019-11-14 15:11:08,299 [pool-519-thread-1] INFO  server.RaftServerConfigKeys (ConfUtils.java:logGet(43)) - raft.server.log.statemachine.data.caching.enabled = true (custom)
2019-11-14 15:11:08,299 [pool-529-thread-1] INFO  server.RaftServerConfigKeys (ConfUtils.java:logGet(43)) - raft.server.log.statemachine.data.caching.enabled = true (custom)
2019-11-14 15:11:08,299 [pool-519-thread-1] INFO  segmented.SegmentedRaftLogWorker (SegmentedRaftLogWorker.java:lambda$new$0(128)) - 51e91b80-82a5-4e26-a62a-ce423dc7e82c@group-149EF8762377-SegmentedRaftLogWorker: flushIndex: setUnconditionally 0 -> -1
2019-11-14 15:11:08,299 [pool-529-thread-1] INFO  segmented.SegmentedRaftLogWorker (SegmentedRaftLogWorker.java:lambda$new$0(128)) - ee222113-7cfa-4d93-ae35-60587bc46978@group-149EF8762377-SegmentedRaftLogWorker: flushIndex: setUnconditionally 0 -> -1
2019-11-14 15:11:08,300 [pool-519-thread-1] INFO  server.RaftServerConfigKeys (ConfUtils.java:logGet(43)) - raft.server.snapshot.auto.trigger.enabled = true (custom)
2019-11-14 15:11:08,300 [pool-519-thread-1] INFO  server.RaftServerConfigKeys (ConfUtils.java:logGet(43)) - raft.server.snapshot.auto.trigger.threshold = 10000 (custom)
2019-11-14 15:11:08,300 [pool-529-thread-1] INFO  server.RaftServerConfigKeys (ConfUtils.java:logGet(43)) - raft.server.snapshot.auto.trigger.enabled = true (custom)
2019-11-14 15:11:08,300 [pool-519-thread-1] INFO  server.RaftServerConfigKeys (ConfUtils.java:logGet(43)) - raft.server.snapshot.retention.file.num = 5 (custom)
2019-11-14 15:11:08,300 [pool-529-thread-1] INFO  server.RaftServerConfigKeys (ConfUtils.java:logGet(43)) - raft.server.snapshot.auto.trigger.threshold = 10000 (custom)
2019-11-14 15:11:08,300 [pool-519-thread-1] INFO  server.RaftServerConfigKeys (ConfUtils.java:logGet(43)) - raft.server.retrycache.expirytime = 600000ms (custom)
2019-11-14 15:11:08,300 [pool-529-thread-1] INFO  server.RaftServerConfigKeys (ConfUtils.java:logGet(43)) - raft.server.snapshot.retention.file.num = 5 (custom)
2019-11-14 15:11:08,300 [pool-519-thread-1] WARN  impl.MetricRegistriesImpl (MetricRegistriesImpl.java:lambda$create$1(61)) - First MetricRegistry has been created without registering reporters. You may need to call MetricRegistries.global().addReportRegistration(...) before.
2019-11-14 15:11:08,300 [pool-529-thread-1] INFO  server.RaftServerConfigKeys (ConfUtils.java:logGet(43)) - raft.server.retrycache.expirytime = 600000ms (custom)
2019-11-14 15:11:08,300 [pool-519-thread-1] WARN  impl.MetricRegistriesImpl (MetricRegistriesImpl.java:lambda$create$1(61)) - First MetricRegistry has been created without registering reporters. You may need to call MetricRegistries.global().addReportRegistration(...) before.
2019-11-14 15:11:08,301 [pool-529-thread-1] WARN  impl.MetricRegistriesImpl (MetricRegistriesImpl.java:lambda$create$1(61)) - First MetricRegistry has been created without registering reporters. You may need to call MetricRegistries.global().addReportRegistration(...) before.
2019-11-14 15:11:08,301 [pool-519-thread-1] INFO  impl.RaftServerImpl (RaftServerImpl.java:start(184)) - 51e91b80-82a5-4e26-a62a-ce423dc7e82c@group-149EF8762377: start as a follower, conf=-1: [ee222113-7cfa-4d93-ae35-60587bc46978:192.168.34.62:36461, 0687b932-fcaf-4ed2-b562-2cd2e9cca79c:192.168.34.62:39060, 51e91b80-82a5-4e26-a62a-ce423dc7e82c:192.168.34.62:43216], old=null
2019-11-14 15:11:08,301 [pool-529-thread-1] WARN  impl.MetricRegistriesImpl (MetricRegistriesImpl.java:lambda$create$1(61)) - First MetricRegistry has been created without registering reporters. You may need to call MetricRegistries.global().addReportRegistration(...) before.
2019-11-14 15:11:08,301 [pool-519-thread-1] INFO  impl.RaftServerImpl (RaftServerImpl.java:setRole(173)) - 51e91b80-82a5-4e26-a62a-ce423dc7e82c@group-149EF8762377: changes role from      null to FOLLOWER at term 0 for startAsFollower
2019-11-14 15:11:08,301 [pool-529-thread-1] INFO  impl.RaftServerImpl (RaftServerImpl.java:start(184)) - ee222113-7cfa-4d93-ae35-60587bc46978@group-149EF8762377: start as a follower, conf=-1: [ee222113-7cfa-4d93-ae35-60587bc46978:192.168.34.62:36461, 0687b932-fcaf-4ed2-b562-2cd2e9cca79c:192.168.34.62:39060, 51e91b80-82a5-4e26-a62a-ce423dc7e82c:192.168.34.62:43216], old=null
2019-11-14 15:11:08,301 [pool-519-thread-1] INFO  impl.RoleInfo (RoleInfo.java:updateAndGet(143)) - 51e91b80-82a5-4e26-a62a-ce423dc7e82c: start FollowerState
2019-11-14 15:11:08,301 [pool-529-thread-1] INFO  impl.RaftServerImpl (RaftServerImpl.java:setRole(173)) - ee222113-7cfa-4d93-ae35-60587bc46978@group-149EF8762377: changes role from      null to FOLLOWER at term 0 for startAsFollower
2019-11-14 15:11:08,301 [pool-529-thread-1] INFO  impl.RoleInfo (RoleInfo.java:updateAndGet(143)) - ee222113-7cfa-4d93-ae35-60587bc46978: start FollowerState
2019-11-14 15:11:08,301 [pool-519-thread-1] INFO  util.JmxRegister (JmxRegister.java:tryRegister(44)) - Successfully registered JMX Bean with object name Ratis:service=RaftServer,group=group-149EF8762377,id=51e91b80-82a5-4e26-a62a-ce423dc7e82c
2019-11-14 15:11:08,302 [pool-519-thread-1] WARN  impl.MetricRegistriesImpl (MetricRegistriesImpl.java:lambda$create$1(61)) - First MetricRegistry has been created without registering reporters. You may need to call MetricRegistries.global().addReportRegistration(...) before.
2019-11-14 15:11:08,302 [pool-529-thread-1] INFO  util.JmxRegister (JmxRegister.java:tryRegister(44)) - Successfully registered JMX Bean with object name Ratis:service=RaftServer,group=group-149EF8762377,id=ee222113-7cfa-4d93-ae35-60587bc46978
2019-11-14 15:11:08,302 [pool-529-thread-1] WARN  impl.MetricRegistriesImpl (MetricRegistriesImpl.java:lambda$create$1(61)) - First MetricRegistry has been created without registering reporters. You may need to call MetricRegistries.global().addReportRegistration(...) before.
2019-11-14 15:11:08,304 [RatisPipelineUtilsThread] INFO  pipeline.PipelineStateManager (PipelineStateManager.java:addPipeline(55)) - Created pipeline Pipeline[ Id: 5a2a0619-c7a2-4787-a7cd-149ef8762377, Nodes: 0687b932-fcaf-4ed2-b562-2cd2e9cca79c{ip: 192.168.34.62, host: pr-hdds-2480-6qkg9-608321763, networkLocation: /rack1, certSerialId: null}51e91b80-82a5-4e26-a62a-ce423dc7e82c{ip: 192.168.34.62, host: pr-hdds-2480-6qkg9-608321763, networkLocation: /rack1, certSerialId: null}ee222113-7cfa-4d93-ae35-60587bc46978{ip: 192.168.34.62, host: pr-hdds-2480-6qkg9-608321763, networkLocation: /rack1, certSerialId: null}, Type:RATIS, Factor:THREE, State:ALLOCATED]
2019-11-14 15:11:08,326 [IPC Server handler 5 on 43819] INFO  net.NetworkTopology (NetworkTopologyImpl.java:add(111)) - Added a new node: /rack1/de889d2b-5891-48f1-89d7-805f59e22d6d
2019-11-14 15:11:08,326 [IPC Server handler 5 on 43819] INFO  node.SCMNodeManager (SCMNodeManager.java:register(267)) - Registered Data node : de889d2b-5891-48f1-89d7-805f59e22d6d{ip: 192.168.34.62, host: pr-hdds-2480-6qkg9-608321763, networkLocation: /rack1, certSerialId: null}
2019-11-14 15:11:08,332 [grpc-default-executor-0] INFO  impl.RaftServerProxy (RaftServerProxy.java:addNew(89)) - de889d2b-5891-48f1-89d7-805f59e22d6d: addNew group-85924F944E96:[de889d2b-5891-48f1-89d7-805f59e22d6d:192.168.34.62:42999] returns group-85924F944E96:java.util.concurrent.CompletableFuture@56147b75[Not completed]
2019-11-14 15:11:08,333 [pool-549-thread-1] INFO  impl.RaftServerImpl (RaftServerImpl.java:<init>(98)) - de889d2b-5891-48f1-89d7-805f59e22d6d: new RaftServerImpl for group-85924F944E96:[de889d2b-5891-48f1-89d7-805f59e22d6d:192.168.34.62:42999] with ContainerStateMachine:uninitialized
2019-11-14 15:11:08,333 [pool-549-thread-1] INFO  server.RaftServerConfigKeys (ConfUtils.java:logGet(43)) - raft.server.rpc.timeout.min = 1s (custom)
2019-11-14 15:11:08,333 [pool-549-thread-1] INFO  server.RaftServerConfigKeys (ConfUtils.java:logGet(43)) - raft.server.rpc.timeout.max = 1200ms (custom)
2019-11-14 15:11:08,333 [pool-549-thread-1] INFO  server.RaftServerConfigKeys (ConfUtils.java:logGet(43)) - raft.server.rpcslowness.timeout = 120s (custom)
2019-11-14 15:11:08,333 [pool-549-thread-1] INFO  server.RaftServerConfigKeys (ConfUtils.java:logGet(43)) - raft.server.sleep.deviation.threshold = 300 (default)
2019-11-14 15:11:08,333 [pool-549-thread-1] INFO  server.RaftServerConfigKeys (ConfUtils.java:logGet(43)) - raft.server.log.appender.install.snapshot.enabled = false (custom)
2019-11-14 15:11:08,333 [pool-549-thread-1] INFO  impl.RaftServerImpl (ServerState.java:<init>(103)) - de889d2b-5891-48f1-89d7-805f59e22d6d@group-85924F944E96: ConfigurationManager, init=-1: [de889d2b-5891-48f1-89d7-805f59e22d6d:192.168.34.62:42999], old=null, confs=<EMPTY_MAP>
2019-11-14 15:11:08,333 [pool-549-thread-1] INFO  server.RaftServerConfigKeys (ConfUtils.java:logGet(43)) - raft.server.storage.dir = [/workdir/hadoop-ozone/integration-test/target/test-dir/MiniOzoneClusterImpl-5901a962-94ba-4a8b-ba12-ae811e713c7a/datanode-4/data/ratis] (custom)
2019-11-14 15:11:08,333 [pool-549-thread-1] INFO  server.RaftServerConfigKeys (ConfUtils.java:logGet(43)) - raft.server.log.corruption.policy = EXCEPTION (default)
2019-11-14 15:11:08,334 [pool-549-thread-1] INFO  storage.RaftStorageDirectory (RaftStorageDirectory.java:analyzeStorage(246)) - The storage directory /workdir/hadoop-ozone/integration-test/target/test-dir/MiniOzoneClusterImpl-5901a962-94ba-4a8b-ba12-ae811e713c7a/datanode-4/data/ratis/af54f0ef-5bb2-4a24-ac28-85924f944e96 does not exist. Creating ...
2019-11-14 15:11:08,347 [pool-549-thread-1] INFO  storage.RaftStorageDirectory (RaftStorageDirectory.java:tryLock(328)) - Lock on /workdir/hadoop-ozone/integration-test/target/test-dir/MiniOzoneClusterImpl-5901a962-94ba-4a8b-ba12-ae811e713c7a/datanode-4/data/ratis/af54f0ef-5bb2-4a24-ac28-85924f944e96/in_use.lock acquired by nodename 23875@pr-hdds-2480-6qkg9-608321763
2019-11-14 15:11:08,360 [pool-549-thread-1] INFO  storage.RaftStorage (RaftStorage.java:format(84)) - Storage directory /workdir/hadoop-ozone/integration-test/target/test-dir/MiniOzoneClusterImpl-5901a962-94ba-4a8b-ba12-ae811e713c7a/datanode-4/data/ratis/af54f0ef-5bb2-4a24-ac28-85924f944e96 has been successfully formatted.
2019-11-14 15:11:08,360 [pool-549-thread-1] INFO  ratis.ContainerStateMachine (ContainerStateMachine.java:loadSnapshot(223)) - group-85924F944E96: The snapshot info is null. Setting the last applied indexto:(t:0, i:~)
2019-11-14 15:11:08,360 [pool-549-thread-1] INFO  server.RaftServerConfigKeys (ConfUtils.java:logGet(43)) - raft.server.notification.no-leader.timeout = 120s (custom)
2019-11-14 15:11:08,360 [pool-549-thread-1] INFO  server.RaftServerConfigKeys (ConfUtils.java:logGet(43)) - raft.server.log.use.memory = false (default)
2019-11-14 15:11:08,360 [pool-549-thread-1] INFO  server.RaftServerConfigKeys (ConfUtils.java:logGet(43)) - raft.server.log.purge.gap = 1000000 (custom)
2019-11-14 15:11:08,360 [pool-549-thread-1] INFO  server.RaftServerConfigKeys (ConfUtils.java:logGet(43)) - raft.server.log.appender.buffer.byte-limit = 33554432 (custom)
2019-11-14 15:11:08,360 [pool-549-thread-1] INFO  server.RaftServerConfigKeys (ConfUtils.java:logGet(43)) - raft.server.log.segment.size.max = 1048576 (custom)
2019-11-14 15:11:08,360 [pool-549-thread-1] WARN  impl.MetricRegistriesImpl (MetricRegistriesImpl.java:lambda$create$1(61)) - First MetricRegistry has been created without registering reporters. You may need to call MetricRegistries.global().addReportRegistration(...) before.
2019-11-14 15:11:08,361 [pool-549-thread-1] INFO  server.RaftServerConfigKeys (ConfUtils.java:logGet(43)) - raft.server.log.segment.cache.num.max = 2 (custom)
2019-11-14 15:11:08,361 [pool-549-thread-1] INFO  segmented.SegmentedRaftLogWorker (SegmentedRaftLogWorker.java:<init>(173)) - new de889d2b-5891-48f1-89d7-805f59e22d6d@group-85924F944E96-SegmentedRaftLogWorker for RaftStorage:Storage Directory /workdir/hadoop-ozone/integration-test/target/test-dir/MiniOzoneClusterImpl-5901a962-94ba-4a8b-ba12-ae811e713c7a/datanode-4/data/ratis/af54f0ef-5bb2-4a24-ac28-85924f944e96
2019-11-14 15:11:08,361 [pool-549-thread-1] INFO  server.RaftServerConfigKeys (ConfUtils.java:logGet(43)) - raft.server.log.queue.byte-limit = 2147483647 (custom)
2019-11-14 15:11:08,361 [pool-549-thread-1] INFO  server.RaftServerConfigKeys (ConfUtils.java:logGet(43)) - raft.server.log.queue.element-limit = 1024 (custom)
2019-11-14 15:11:08,361 [pool-549-thread-1] INFO  server.RaftServerConfigKeys (ConfUtils.java:logGet(43)) - raft.server.log.segment.size.max = 1048576 (custom)
2019-11-14 15:11:08,361 [pool-549-thread-1] INFO  server.RaftServerConfigKeys (ConfUtils.java:logGet(43)) - raft.server.log.preallocated.size = 16384 (custom)
2019-11-14 15:11:08,361 [pool-549-thread-1] INFO  server.RaftServerConfigKeys (ConfUtils.java:logGet(43)) - raft.server.log.write.buffer.size = 33554432 (custom)
2019-11-14 15:11:08,361 [pool-549-thread-1] INFO  server.RaftServerConfigKeys (ConfUtils.java:logGet(43)) - raft.server.log.force.sync.num = 128 (default)
2019-11-14 15:11:08,361 [pool-549-thread-1] INFO  server.RaftServerConfigKeys (ConfUtils.java:logGet(43)) - raft.server.log.statemachine.data.sync = true (default)
2019-11-14 15:11:08,361 [pool-549-thread-1] INFO  server.RaftServerConfigKeys (ConfUtils.java:logGet(43)) - raft.server.log.statemachine.data.sync.timeout = 10s (default)
2019-11-14 15:11:08,361 [pool-549-thread-1] INFO  server.RaftServerConfigKeys (ConfUtils.java:logGet(43)) - raft.server.log.statemachine.data.sync.timeout.retry = -1 (default)
2019-11-14 15:11:08,361 [pool-549-thread-1] INFO  server.RaftServerConfigKeys (ConfUtils.java:logGet(43)) - raft.server.log.statemachine.data.caching.enabled = true (custom)
2019-11-14 15:11:08,362 [pool-549-thread-1] INFO  segmented.SegmentedRaftLogWorker (SegmentedRaftLogWorker.java:lambda$new$0(128)) - de889d2b-5891-48f1-89d7-805f59e22d6d@group-85924F944E96-SegmentedRaftLogWorker: flushIndex: setUnconditionally 0 -> -1
2019-11-14 15:11:08,362 [pool-549-thread-1] INFO  server.RaftServerConfigKeys (ConfUtils.java:logGet(43)) - raft.server.snapshot.auto.trigger.enabled = true (custom)
2019-11-14 15:11:08,362 [pool-549-thread-1] INFO  server.RaftServerConfigKeys (ConfUtils.java:logGet(43)) - raft.server.snapshot.auto.trigger.threshold = 10000 (custom)
2019-11-14 15:11:08,362 [pool-549-thread-1] INFO  server.RaftServerConfigKeys (ConfUtils.java:logGet(43)) - raft.server.snapshot.retention.file.num = 5 (custom)
2019-11-14 15:11:08,362 [pool-549-thread-1] INFO  server.RaftServerConfigKeys (ConfUtils.java:logGet(43)) - raft.server.retrycache.expirytime = 600000ms (custom)
2019-11-14 15:11:08,362 [pool-549-thread-1] WARN  impl.MetricRegistriesImpl (MetricRegistriesImpl.java:lambda$create$1(61)) - First MetricRegistry has been created without registering reporters. You may need to call MetricRegistries.global().addReportRegistration(...) before.
2019-11-14 15:11:08,362 [pool-549-thread-1] WARN  impl.MetricRegistriesImpl (MetricRegistriesImpl.java:lambda$create$1(61)) - First MetricRegistry has been created without registering reporters. You may need to call MetricRegistries.global().addReportRegistration(...) before.
2019-11-14 15:11:08,362 [pool-549-thread-1] INFO  impl.RaftServerImpl (RaftServerImpl.java:start(184)) - de889d2b-5891-48f1-89d7-805f59e22d6d@group-85924F944E96: start as a follower, conf=-1: [de889d2b-5891-48f1-89d7-805f59e22d6d:192.168.34.62:42999], old=null
2019-11-14 15:11:08,363 [pool-549-thread-1] INFO  impl.RaftServerImpl (RaftServerImpl.java:setRole(173)) - de889d2b-5891-48f1-89d7-805f59e22d6d@group-85924F944E96: changes role from      null to FOLLOWER at term 0 for startAsFollower
2019-11-14 15:11:08,363 [pool-549-thread-1] INFO  impl.RoleInfo (RoleInfo.java:updateAndGet(143)) - de889d2b-5891-48f1-89d7-805f59e22d6d: start FollowerState
2019-11-14 15:11:08,363 [pool-549-thread-1] INFO  util.JmxRegister (JmxRegister.java:tryRegister(44)) - Successfully registered JMX Bean with object name Ratis:service=RaftServer,group=group-85924F944E96,id=de889d2b-5891-48f1-89d7-805f59e22d6d
2019-11-14 15:11:08,364 [pool-549-thread-1] WARN  impl.MetricRegistriesImpl (MetricRegistriesImpl.java:lambda$create$1(61)) - First MetricRegistry has been created without registering reporters. You may need to call MetricRegistries.global().addReportRegistration(...) before.
2019-11-14 15:11:08,365 [RatisPipelineUtilsThread] INFO  pipeline.PipelineStateManager (PipelineStateManager.java:addPipeline(55)) - Created pipeline Pipeline[ Id: af54f0ef-5bb2-4a24-ac28-85924f944e96, Nodes: de889d2b-5891-48f1-89d7-805f59e22d6d{ip: 192.168.34.62, host: pr-hdds-2480-6qkg9-608321763, networkLocation: /rack1, certSerialId: null}, Type:RATIS, Factor:ONE, State:ALLOCATED]
2019-11-14 15:11:08,371 [grpc-default-executor-0] INFO  impl.RaftServerProxy (RaftServerProxy.java:addNew(89)) - 69447648-1360-460f-862e-b843b6813c61: addNew group-226267BD06F8:[69447648-1360-460f-862e-b843b6813c61:192.168.34.62:43196] returns group-226267BD06F8:java.util.concurrent.CompletableFuture@31d33709[Not completed]
2019-11-14 15:11:08,372 [pool-539-thread-1] INFO  impl.RaftServerImpl (RaftServerImpl.java:<init>(98)) - 69447648-1360-460f-862e-b843b6813c61: new RaftServerImpl for group-226267BD06F8:[69447648-1360-460f-862e-b843b6813c61:192.168.34.62:43196] with ContainerStateMachine:uninitialized
2019-11-14 15:11:08,372 [pool-539-thread-1] INFO  server.RaftServerConfigKeys (ConfUtils.java:logGet(43)) - raft.server.rpc.timeout.min = 1s (custom)
2019-11-14 15:11:08,372 [pool-539-thread-1] INFO  server.RaftServerConfigKeys (ConfUtils.java:logGet(43)) - raft.server.rpc.timeout.max = 1200ms (custom)
2019-11-14 15:11:08,372 [pool-539-thread-1] INFO  server.RaftServerConfigKeys (ConfUtils.java:logGet(43)) - raft.server.rpcslowness.timeout = 120s (custom)
2019-11-14 15:11:08,372 [pool-539-thread-1] INFO  server.RaftServerConfigKeys (ConfUtils.java:logGet(43)) - raft.server.sleep.deviation.threshold = 300 (default)
2019-11-14 15:11:08,372 [pool-539-thread-1] INFO  server.RaftServerConfigKeys (ConfUtils.java:logGet(43)) - raft.server.log.appender.install.snapshot.enabled = false (custom)
2019-11-14 15:11:08,372 [pool-539-thread-1] INFO  impl.RaftServerImpl (ServerState.java:<init>(103)) - 69447648-1360-460f-862e-b843b6813c61@group-226267BD06F8: ConfigurationManager, init=-1: [69447648-1360-460f-862e-b843b6813c61:192.168.34.62:43196], old=null, confs=<EMPTY_MAP>
2019-11-14 15:11:08,372 [pool-539-thread-1] INFO  server.RaftServerConfigKeys (ConfUtils.java:logGet(43)) - raft.server.storage.dir = [/workdir/hadoop-ozone/integration-test/target/test-dir/MiniOzoneClusterImpl-5901a962-94ba-4a8b-ba12-ae811e713c7a/datanode-3/data/ratis] (custom)
2019-11-14 15:11:08,373 [pool-539-thread-1] INFO  server.RaftServerConfigKeys (ConfUtils.java:logGet(43)) - raft.server.log.corruption.policy = EXCEPTION (default)
2019-11-14 15:11:08,373 [pool-539-thread-1] INFO  storage.RaftStorageDirectory (RaftStorageDirectory.java:analyzeStorage(246)) - The storage directory /workdir/hadoop-ozone/integration-test/target/test-dir/MiniOzoneClusterImpl-5901a962-94ba-4a8b-ba12-ae811e713c7a/datanode-3/data/ratis/16b40f4c-2224-48eb-924f-226267bd06f8 does not exist. Creating ...
2019-11-14 15:11:08,382 [IPC Server handler 7 on 43819] INFO  net.NetworkTopology (NetworkTopologyImpl.java:add(111)) - Added a new node: /rack1/34d60e7e-1049-4636-b4f7-69f15bd98c31
2019-11-14 15:11:08,382 [IPC Server handler 7 on 43819] INFO  node.SCMNodeManager (SCMNodeManager.java:register(267)) - Registered Data node : 34d60e7e-1049-4636-b4f7-69f15bd98c31{ip: 192.168.34.62, host: pr-hdds-2480-6qkg9-608321763, networkLocation: /rack1, certSerialId: null}
2019-11-14 15:11:08,385 [pool-539-thread-1] INFO  storage.RaftStorageDirectory (RaftStorageDirectory.java:tryLock(328)) - Lock on /workdir/hadoop-ozone/integration-test/target/test-dir/MiniOzoneClusterImpl-5901a962-94ba-4a8b-ba12-ae811e713c7a/datanode-3/data/ratis/16b40f4c-2224-48eb-924f-226267bd06f8/in_use.lock acquired by nodename 23875@pr-hdds-2480-6qkg9-608321763
2019-11-14 15:11:08,407 [pool-539-thread-1] INFO  storage.RaftStorage (RaftStorage.java:format(84)) - Storage directory /workdir/hadoop-ozone/integration-test/target/test-dir/MiniOzoneClusterImpl-5901a962-94ba-4a8b-ba12-ae811e713c7a/datanode-3/data/ratis/16b40f4c-2224-48eb-924f-226267bd06f8 has been successfully formatted.
2019-11-14 15:11:08,407 [pool-539-thread-1] INFO  ratis.ContainerStateMachine (ContainerStateMachine.java:loadSnapshot(223)) - group-226267BD06F8: The snapshot info is null. Setting the last applied indexto:(t:0, i:~)
2019-11-14 15:11:08,408 [pool-539-thread-1] INFO  server.RaftServerConfigKeys (ConfUtils.java:logGet(43)) - raft.server.notification.no-leader.timeout = 120s (custom)
2019-11-14 15:11:08,408 [pool-539-thread-1] INFO  server.RaftServerConfigKeys (ConfUtils.java:logGet(43)) - raft.server.log.use.memory = false (default)
2019-11-14 15:11:08,408 [pool-539-thread-1] INFO  server.RaftServerConfigKeys (ConfUtils.java:logGet(43)) - raft.server.log.purge.gap = 1000000 (custom)
2019-11-14 15:11:08,408 [pool-539-thread-1] INFO  server.RaftServerConfigKeys (ConfUtils.java:logGet(43)) - raft.server.log.appender.buffer.byte-limit = 33554432 (custom)
2019-11-14 15:11:08,408 [pool-539-thread-1] INFO  server.RaftServerConfigKeys (ConfUtils.java:logGet(43)) - raft.server.log.segment.size.max = 1048576 (custom)
2019-11-14 15:11:08,408 [pool-539-thread-1] WARN  impl.MetricRegistriesImpl (MetricRegistriesImpl.java:lambda$create$1(61)) - First MetricRegistry has been created without registering reporters. You may need to call MetricRegistries.global().addReportRegistration(...) before.
2019-11-14 15:11:08,408 [pool-539-thread-1] INFO  server.RaftServerConfigKeys (ConfUtils.java:logGet(43)) - raft.server.log.segment.cache.num.max = 2 (custom)
2019-11-14 15:11:08,408 [pool-539-thread-1] INFO  segmented.SegmentedRaftLogWorker (SegmentedRaftLogWorker.java:<init>(173)) - new 69447648-1360-460f-862e-b843b6813c61@group-226267BD06F8-SegmentedRaftLogWorker for RaftStorage:Storage Directory /workdir/hadoop-ozone/integration-test/target/test-dir/MiniOzoneClusterImpl-5901a962-94ba-4a8b-ba12-ae811e713c7a/datanode-3/data/ratis/16b40f4c-2224-48eb-924f-226267bd06f8
2019-11-14 15:11:08,409 [pool-539-thread-1] INFO  server.RaftServerConfigKeys (ConfUtils.java:logGet(43)) - raft.server.log.queue.byte-limit = 2147483647 (custom)
2019-11-14 15:11:08,409 [pool-539-thread-1] INFO  server.RaftServerConfigKeys (ConfUtils.java:logGet(43)) - raft.server.log.queue.element-limit = 1024 (custom)
2019-11-14 15:11:08,409 [pool-539-thread-1] INFO  server.RaftServerConfigKeys (ConfUtils.java:logGet(43)) - raft.server.log.segment.size.max = 1048576 (custom)
2019-11-14 15:11:08,409 [pool-539-thread-1] INFO  server.RaftServerConfigKeys (ConfUtils.java:logGet(43)) - raft.server.log.preallocated.size = 16384 (custom)
2019-11-14 15:11:08,409 [pool-539-thread-1] INFO  server.RaftServerConfigKeys (ConfUtils.java:logGet(43)) - raft.server.log.write.buffer.size = 33554432 (custom)
2019-11-14 15:11:08,409 [pool-539-thread-1] INFO  server.RaftServerConfigKeys (ConfUtils.java:logGet(43)) - raft.server.log.force.sync.num = 128 (default)
2019-11-14 15:11:08,409 [pool-539-thread-1] INFO  server.RaftServerConfigKeys (ConfUtils.java:logGet(43)) - raft.server.log.statemachine.data.sync = true (default)
2019-11-14 15:11:08,409 [pool-539-thread-1] INFO  server.RaftServerConfigKeys (ConfUtils.java:logGet(43)) - raft.server.log.statemachine.data.sync.timeout = 10s (default)
2019-11-14 15:11:08,409 [pool-539-thread-1] INFO  server.RaftServerConfigKeys (ConfUtils.java:logGet(43)) - raft.server.log.statemachine.data.sync.timeout.retry = -1 (default)
2019-11-14 15:11:08,410 [pool-539-thread-1] INFO  server.RaftServerConfigKeys (ConfUtils.java:logGet(43)) - raft.server.log.statemachine.data.caching.enabled = true (custom)
2019-11-14 15:11:08,410 [pool-539-thread-1] INFO  segmented.SegmentedRaftLogWorker (SegmentedRaftLogWorker.java:lambda$new$0(128)) - 69447648-1360-460f-862e-b843b6813c61@group-226267BD06F8-SegmentedRaftLogWorker: flushIndex: setUnconditionally 0 -> -1
2019-11-14 15:11:08,410 [pool-539-thread-1] INFO  server.RaftServerConfigKeys (ConfUtils.java:logGet(43)) - raft.server.snapshot.auto.trigger.enabled = true (custom)
2019-11-14 15:11:08,410 [pool-539-thread-1] INFO  server.RaftServerConfigKeys (ConfUtils.java:logGet(43)) - raft.server.snapshot.auto.trigger.threshold = 10000 (custom)
2019-11-14 15:11:08,410 [pool-539-thread-1] INFO  server.RaftServerConfigKeys (ConfUtils.java:logGet(43)) - raft.server.snapshot.retention.file.num = 5 (custom)
2019-11-14 15:11:08,410 [pool-539-thread-1] INFO  server.RaftServerConfigKeys (ConfUtils.java:logGet(43)) - raft.server.retrycache.expirytime = 600000ms (custom)
2019-11-14 15:11:08,411 [pool-539-thread-1] WARN  impl.MetricRegistriesImpl (MetricRegistriesImpl.java:lambda$create$1(61)) - First MetricRegistry has been created without registering reporters. You may need to call MetricRegistries.global().addReportRegistration(...) before.
2019-11-14 15:11:08,411 [pool-539-thread-1] WARN  impl.MetricRegistriesImpl (MetricRegistriesImpl.java:lambda$create$1(61)) - First MetricRegistry has been created without registering reporters. You may need to call MetricRegistries.global().addReportRegistration(...) before.
2019-11-14 15:11:08,411 [pool-539-thread-1] INFO  impl.RaftServerImpl (RaftServerImpl.java:start(184)) - 69447648-1360-460f-862e-b843b6813c61@group-226267BD06F8: start as a follower, conf=-1: [69447648-1360-460f-862e-b843b6813c61:192.168.34.62:43196], old=null
2019-11-14 15:11:08,411 [pool-539-thread-1] INFO  impl.RaftServerImpl (RaftServerImpl.java:setRole(173)) - 69447648-1360-460f-862e-b843b6813c61@group-226267BD06F8: changes role from      null to FOLLOWER at term 0 for startAsFollower
2019-11-14 15:11:08,411 [pool-539-thread-1] INFO  impl.RoleInfo (RoleInfo.java:updateAndGet(143)) - 69447648-1360-460f-862e-b843b6813c61: start FollowerState
2019-11-14 15:11:08,411 [pool-539-thread-1] INFO  util.JmxRegister (JmxRegister.java:tryRegister(44)) - Successfully registered JMX Bean with object name Ratis:service=RaftServer,group=group-226267BD06F8,id=69447648-1360-460f-862e-b843b6813c61
2019-11-14 15:11:08,411 [pool-539-thread-1] WARN  impl.MetricRegistriesImpl (MetricRegistriesImpl.java:lambda$create$1(61)) - First MetricRegistry has been created without registering reporters. You may need to call MetricRegistries.global().addReportRegistration(...) before.
2019-11-14 15:11:08,414 [RatisPipelineUtilsThread] INFO  pipeline.PipelineStateManager (PipelineStateManager.java:addPipeline(55)) - Created pipeline Pipeline[ Id: 16b40f4c-2224-48eb-924f-226267bd06f8, Nodes: 69447648-1360-460f-862e-b843b6813c61{ip: 192.168.34.62, host: pr-hdds-2480-6qkg9-608321763, networkLocation: /rack1, certSerialId: null}, Type:RATIS, Factor:ONE, State:ALLOCATED]
2019-11-14 15:11:08,419 [grpc-default-executor-0] INFO  impl.RaftServerProxy (RaftServerProxy.java:addNew(89)) - 34d60e7e-1049-4636-b4f7-69f15bd98c31: addNew group-6D96205D0741:[34d60e7e-1049-4636-b4f7-69f15bd98c31:192.168.34.62:39382] returns group-6D96205D0741:java.util.concurrent.CompletableFuture@6e85df9e[Not completed]
2019-11-14 15:11:08,421 [pool-559-thread-1] INFO  impl.RaftServerImpl (RaftServerImpl.java:<init>(98)) - 34d60e7e-1049-4636-b4f7-69f15bd98c31: new RaftServerImpl for group-6D96205D0741:[34d60e7e-1049-4636-b4f7-69f15bd98c31:192.168.34.62:39382] with ContainerStateMachine:uninitialized
2019-11-14 15:11:08,421 [pool-559-thread-1] INFO  server.RaftServerConfigKeys (ConfUtils.java:logGet(43)) - raft.server.rpc.timeout.min = 1s (custom)
2019-11-14 15:11:08,421 [pool-559-thread-1] INFO  server.RaftServerConfigKeys (ConfUtils.java:logGet(43)) - raft.server.rpc.timeout.max = 1200ms (custom)
2019-11-14 15:11:08,421 [pool-559-thread-1] INFO  server.RaftServerConfigKeys (ConfUtils.java:logGet(43)) - raft.server.rpcslowness.timeout = 120s (custom)
2019-11-14 15:11:08,421 [pool-559-thread-1] INFO  server.RaftServerConfigKeys (ConfUtils.java:logGet(43)) - raft.server.sleep.deviation.threshold = 300 (default)
2019-11-14 15:11:08,421 [pool-559-thread-1] INFO  server.RaftServerConfigKeys (ConfUtils.java:logGet(43)) - raft.server.log.appender.install.snapshot.enabled = false (custom)
2019-11-14 15:11:08,421 [pool-559-thread-1] INFO  impl.RaftServerImpl (ServerState.java:<init>(103)) - 34d60e7e-1049-4636-b4f7-69f15bd98c31@group-6D96205D0741: ConfigurationManager, init=-1: [34d60e7e-1049-4636-b4f7-69f15bd98c31:192.168.34.62:39382], old=null, confs=<EMPTY_MAP>
2019-11-14 15:11:08,422 [pool-559-thread-1] INFO  server.RaftServerConfigKeys (ConfUtils.java:logGet(43)) - raft.server.storage.dir = [/workdir/hadoop-ozone/integration-test/target/test-dir/MiniOzoneClusterImpl-5901a962-94ba-4a8b-ba12-ae811e713c7a/datanode-5/data/ratis] (custom)
2019-11-14 15:11:08,422 [pool-559-thread-1] INFO  server.RaftServerConfigKeys (ConfUtils.java:logGet(43)) - raft.server.log.corruption.policy = EXCEPTION (default)
2019-11-14 15:11:08,422 [pool-559-thread-1] INFO  storage.RaftStorageDirectory (RaftStorageDirectory.java:analyzeStorage(246)) - The storage directory /workdir/hadoop-ozone/integration-test/target/test-dir/MiniOzoneClusterImpl-5901a962-94ba-4a8b-ba12-ae811e713c7a/datanode-5/data/ratis/7bf251c5-ce7d-4514-bd23-6d96205d0741 does not exist. Creating ...
2019-11-14 15:11:08,435 [pool-559-thread-1] INFO  storage.RaftStorageDirectory (RaftStorageDirectory.java:tryLock(328)) - Lock on /workdir/hadoop-ozone/integration-test/target/test-dir/MiniOzoneClusterImpl-5901a962-94ba-4a8b-ba12-ae811e713c7a/datanode-5/data/ratis/7bf251c5-ce7d-4514-bd23-6d96205d0741/in_use.lock acquired by nodename 23875@pr-hdds-2480-6qkg9-608321763
2019-11-14 15:11:08,439 [IPC Server handler 8 on 43819] INFO  net.NetworkTopology (NetworkTopologyImpl.java:add(111)) - Added a new node: /rack1/fdb64a2a-711d-4b74-a4a4-cacd6c2cad61
2019-11-14 15:11:08,439 [IPC Server handler 8 on 43819] INFO  node.SCMNodeManager (SCMNodeManager.java:register(267)) - Registered Data node : fdb64a2a-711d-4b74-a4a4-cacd6c2cad61{ip: 192.168.34.62, host: pr-hdds-2480-6qkg9-608321763, networkLocation: /rack1, certSerialId: null}
2019-11-14 15:11:08,449 [pool-559-thread-1] INFO  storage.RaftStorage (RaftStorage.java:format(84)) - Storage directory /workdir/hadoop-ozone/integration-test/target/test-dir/MiniOzoneClusterImpl-5901a962-94ba-4a8b-ba12-ae811e713c7a/datanode-5/data/ratis/7bf251c5-ce7d-4514-bd23-6d96205d0741 has been successfully formatted.
2019-11-14 15:11:08,449 [pool-559-thread-1] INFO  ratis.ContainerStateMachine (ContainerStateMachine.java:loadSnapshot(223)) - group-6D96205D0741: The snapshot info is null. Setting the last applied indexto:(t:0, i:~)
2019-11-14 15:11:08,449 [pool-559-thread-1] INFO  server.RaftServerConfigKeys (ConfUtils.java:logGet(43)) - raft.server.notification.no-leader.timeout = 120s (custom)
2019-11-14 15:11:08,449 [pool-559-thread-1] INFO  server.RaftServerConfigKeys (ConfUtils.java:logGet(43)) - raft.server.log.use.memory = false (default)
2019-11-14 15:11:08,449 [pool-559-thread-1] INFO  server.RaftServerConfigKeys (ConfUtils.java:logGet(43)) - raft.server.log.purge.gap = 1000000 (custom)
2019-11-14 15:11:08,450 [pool-559-thread-1] INFO  server.RaftServerConfigKeys (ConfUtils.java:logGet(43)) - raft.server.log.appender.buffer.byte-limit = 33554432 (custom)
2019-11-14 15:11:08,450 [pool-559-thread-1] INFO  server.RaftServerConfigKeys (ConfUtils.java:logGet(43)) - raft.server.log.segment.size.max = 1048576 (custom)
2019-11-14 15:11:08,450 [pool-559-thread-1] WARN  impl.MetricRegistriesImpl (MetricRegistriesImpl.java:lambda$create$1(61)) - First MetricRegistry has been created without registering reporters. You may need to call MetricRegistries.global().addReportRegistration(...) before.
2019-11-14 15:11:08,450 [pool-559-thread-1] INFO  server.RaftServerConfigKeys (ConfUtils.java:logGet(43)) - raft.server.log.segment.cache.num.max = 2 (custom)
2019-11-14 15:11:08,450 [pool-559-thread-1] INFO  segmented.SegmentedRaftLogWorker (SegmentedRaftLogWorker.java:<init>(173)) - new 34d60e7e-1049-4636-b4f7-69f15bd98c31@group-6D96205D0741-SegmentedRaftLogWorker for RaftStorage:Storage Directory /workdir/hadoop-ozone/integration-test/target/test-dir/MiniOzoneClusterImpl-5901a962-94ba-4a8b-ba12-ae811e713c7a/datanode-5/data/ratis/7bf251c5-ce7d-4514-bd23-6d96205d0741
2019-11-14 15:11:08,450 [pool-559-thread-1] INFO  server.RaftServerConfigKeys (ConfUtils.java:logGet(43)) - raft.server.log.queue.byte-limit = 2147483647 (custom)
2019-11-14 15:11:08,450 [pool-559-thread-1] INFO  server.RaftServerConfigKeys (ConfUtils.java:logGet(43)) - raft.server.log.queue.element-limit = 1024 (custom)
2019-11-14 15:11:08,450 [pool-559-thread-1] INFO  server.RaftServerConfigKeys (ConfUtils.java:logGet(43)) - raft.server.log.segment.size.max = 1048576 (custom)
2019-11-14 15:11:08,450 [pool-559-thread-1] INFO  server.RaftServerConfigKeys (ConfUtils.java:logGet(43)) - raft.server.log.preallocated.size = 16384 (custom)
2019-11-14 15:11:08,451 [pool-559-thread-1] INFO  server.RaftServerConfigKeys (ConfUtils.java:logGet(43)) - raft.server.log.write.buffer.size = 33554432 (custom)
2019-11-14 15:11:08,451 [pool-559-thread-1] INFO  server.RaftServerConfigKeys (ConfUtils.java:logGet(43)) - raft.server.log.force.sync.num = 128 (default)
2019-11-14 15:11:08,451 [pool-559-thread-1] INFO  server.RaftServerConfigKeys (ConfUtils.java:logGet(43)) - raft.server.log.statemachine.data.sync = true (default)
2019-11-14 15:11:08,451 [pool-559-thread-1] INFO  server.RaftServerConfigKeys (ConfUtils.java:logGet(43)) - raft.server.log.statemachine.data.sync.timeout = 10s (default)
2019-11-14 15:11:08,451 [pool-559-thread-1] INFO  server.RaftServerConfigKeys (ConfUtils.java:logGet(43)) - raft.server.log.statemachine.data.sync.timeout.retry = -1 (default)
2019-11-14 15:11:08,451 [pool-559-thread-1] INFO  server.RaftServerConfigKeys (ConfUtils.java:logGet(43)) - raft.server.log.statemachine.data.caching.enabled = true (custom)
2019-11-14 15:11:08,451 [pool-559-thread-1] INFO  segmented.SegmentedRaftLogWorker (SegmentedRaftLogWorker.java:lambda$new$0(128)) - 34d60e7e-1049-4636-b4f7-69f15bd98c31@group-6D96205D0741-SegmentedRaftLogWorker: flushIndex: setUnconditionally 0 -> -1
2019-11-14 15:11:08,452 [pool-559-thread-1] INFO  server.RaftServerConfigKeys (ConfUtils.java:logGet(43)) - raft.server.snapshot.auto.trigger.enabled = true (custom)
2019-11-14 15:11:08,452 [pool-559-thread-1] INFO  server.RaftServerConfigKeys (ConfUtils.java:logGet(43)) - raft.server.snapshot.auto.trigger.threshold = 10000 (custom)
2019-11-14 15:11:08,452 [pool-559-thread-1] INFO  server.RaftServerConfigKeys (ConfUtils.java:logGet(43)) - raft.server.snapshot.retention.file.num = 5 (custom)
2019-11-14 15:11:08,452 [pool-559-thread-1] INFO  server.RaftServerConfigKeys (ConfUtils.java:logGet(43)) - raft.server.retrycache.expirytime = 600000ms (custom)
2019-11-14 15:11:08,452 [pool-559-thread-1] WARN  impl.MetricRegistriesImpl (MetricRegistriesImpl.java:lambda$create$1(61)) - First MetricRegistry has been created without registering reporters. You may need to call MetricRegistries.global().addReportRegistration(...) before.
2019-11-14 15:11:08,452 [pool-559-thread-1] WARN  impl.MetricRegistriesImpl (MetricRegistriesImpl.java:lambda$create$1(61)) - First MetricRegistry has been created without registering reporters. You may need to call MetricRegistries.global().addReportRegistration(...) before.
2019-11-14 15:11:08,452 [pool-559-thread-1] INFO  impl.RaftServerImpl (RaftServerImpl.java:start(184)) - 34d60e7e-1049-4636-b4f7-69f15bd98c31@group-6D96205D0741: start as a follower, conf=-1: [34d60e7e-1049-4636-b4f7-69f15bd98c31:192.168.34.62:39382], old=null
2019-11-14 15:11:08,453 [pool-559-thread-1] INFO  impl.RaftServerImpl (RaftServerImpl.java:setRole(173)) - 34d60e7e-1049-4636-b4f7-69f15bd98c31@group-6D96205D0741: changes role from      null to FOLLOWER at term 0 for startAsFollower
2019-11-14 15:11:08,453 [pool-559-thread-1] INFO  impl.RoleInfo (RoleInfo.java:updateAndGet(143)) - 34d60e7e-1049-4636-b4f7-69f15bd98c31: start FollowerState
2019-11-14 15:11:08,453 [pool-559-thread-1] INFO  util.JmxRegister (JmxRegister.java:tryRegister(44)) - Successfully registered JMX Bean with object name Ratis:service=RaftServer,group=group-6D96205D0741,id=34d60e7e-1049-4636-b4f7-69f15bd98c31
2019-11-14 15:11:08,453 [pool-559-thread-1] WARN  impl.MetricRegistriesImpl (MetricRegistriesImpl.java:lambda$create$1(61)) - First MetricRegistry has been created without registering reporters. You may need to call MetricRegistries.global().addReportRegistration(...) before.
2019-11-14 15:11:08,455 [RatisPipelineUtilsThread] INFO  pipeline.PipelineStateManager (PipelineStateManager.java:addPipeline(55)) - Created pipeline Pipeline[ Id: 7bf251c5-ce7d-4514-bd23-6d96205d0741, Nodes: 34d60e7e-1049-4636-b4f7-69f15bd98c31{ip: 192.168.34.62, host: pr-hdds-2480-6qkg9-608321763, networkLocation: /rack1, certSerialId: null}, Type:RATIS, Factor:ONE, State:ALLOCATED]
2019-11-14 15:11:08,461 [grpc-default-executor-0] INFO  impl.RaftServerProxy (RaftServerProxy.java:addNew(89)) - fdb64a2a-711d-4b74-a4a4-cacd6c2cad61: addNew group-CCF71F033618:[fdb64a2a-711d-4b74-a4a4-cacd6c2cad61:192.168.34.62:37913] returns group-CCF71F033618:java.util.concurrent.CompletableFuture@3cfad0a[Not completed]
2019-11-14 15:11:08,462 [pool-569-thread-1] INFO  impl.RaftServerImpl (RaftServerImpl.java:<init>(98)) - fdb64a2a-711d-4b74-a4a4-cacd6c2cad61: new RaftServerImpl for group-CCF71F033618:[fdb64a2a-711d-4b74-a4a4-cacd6c2cad61:192.168.34.62:37913] with ContainerStateMachine:uninitialized
2019-11-14 15:11:08,462 [pool-569-thread-1] INFO  server.RaftServerConfigKeys (ConfUtils.java:logGet(43)) - raft.server.rpc.timeout.min = 1s (custom)
2019-11-14 15:11:08,462 [pool-569-thread-1] INFO  server.RaftServerConfigKeys (ConfUtils.java:logGet(43)) - raft.server.rpc.timeout.max = 1200ms (custom)
2019-11-14 15:11:08,462 [pool-569-thread-1] INFO  server.RaftServerConfigKeys (ConfUtils.java:logGet(43)) - raft.server.rpcslowness.timeout = 120s (custom)
2019-11-14 15:11:08,462 [pool-569-thread-1] INFO  server.RaftServerConfigKeys (ConfUtils.java:logGet(43)) - raft.server.sleep.deviation.threshold = 300 (default)
2019-11-14 15:11:08,462 [pool-569-thread-1] INFO  server.RaftServerConfigKeys (ConfUtils.java:logGet(43)) - raft.server.log.appender.install.snapshot.enabled = false (custom)
2019-11-14 15:11:08,462 [pool-569-thread-1] INFO  impl.RaftServerImpl (ServerState.java:<init>(103)) - fdb64a2a-711d-4b74-a4a4-cacd6c2cad61@group-CCF71F033618: ConfigurationManager, init=-1: [fdb64a2a-711d-4b74-a4a4-cacd6c2cad61:192.168.34.62:37913], old=null, confs=<EMPTY_MAP>
2019-11-14 15:11:08,462 [pool-569-thread-1] INFO  server.RaftServerConfigKeys (ConfUtils.java:logGet(43)) - raft.server.storage.dir = [/workdir/hadoop-ozone/integration-test/target/test-dir/MiniOzoneClusterImpl-5901a962-94ba-4a8b-ba12-ae811e713c7a/datanode-6/data/ratis] (custom)
2019-11-14 15:11:08,463 [pool-569-thread-1] INFO  server.RaftServerConfigKeys (ConfUtils.java:logGet(43)) - raft.server.log.corruption.policy = EXCEPTION (default)
2019-11-14 15:11:08,463 [pool-569-thread-1] INFO  storage.RaftStorageDirectory (RaftStorageDirectory.java:analyzeStorage(246)) - The storage directory /workdir/hadoop-ozone/integration-test/target/test-dir/MiniOzoneClusterImpl-5901a962-94ba-4a8b-ba12-ae811e713c7a/datanode-6/data/ratis/d19ec923-e7a2-442b-9a54-ccf71f033618 does not exist. Creating ...
2019-11-14 15:11:08,475 [pool-569-thread-1] INFO  storage.RaftStorageDirectory (RaftStorageDirectory.java:tryLock(328)) - Lock on /workdir/hadoop-ozone/integration-test/target/test-dir/MiniOzoneClusterImpl-5901a962-94ba-4a8b-ba12-ae811e713c7a/datanode-6/data/ratis/d19ec923-e7a2-442b-9a54-ccf71f033618/in_use.lock acquired by nodename 23875@pr-hdds-2480-6qkg9-608321763
2019-11-14 15:11:08,478 [pool-569-thread-1] INFO  storage.RaftStorage (RaftStorage.java:format(84)) - Storage directory /workdir/hadoop-ozone/integration-test/target/test-dir/MiniOzoneClusterImpl-5901a962-94ba-4a8b-ba12-ae811e713c7a/datanode-6/data/ratis/d19ec923-e7a2-442b-9a54-ccf71f033618 has been successfully formatted.
2019-11-14 15:11:08,478 [pool-569-thread-1] INFO  ratis.ContainerStateMachine (ContainerStateMachine.java:loadSnapshot(223)) - group-CCF71F033618: The snapshot info is null. Setting the last applied indexto:(t:0, i:~)
2019-11-14 15:11:08,478 [pool-569-thread-1] INFO  server.RaftServerConfigKeys (ConfUtils.java:logGet(43)) - raft.server.notification.no-leader.timeout = 120s (custom)
2019-11-14 15:11:08,479 [pool-569-thread-1] INFO  server.RaftServerConfigKeys (ConfUtils.java:logGet(43)) - raft.server.log.use.memory = false (default)
2019-11-14 15:11:08,479 [pool-569-thread-1] INFO  server.RaftServerConfigKeys (ConfUtils.java:logGet(43)) - raft.server.log.purge.gap = 1000000 (custom)
2019-11-14 15:11:08,479 [pool-569-thread-1] INFO  server.RaftServerConfigKeys (ConfUtils.java:logGet(43)) - raft.server.log.appender.buffer.byte-limit = 33554432 (custom)
2019-11-14 15:11:08,479 [pool-569-thread-1] INFO  server.RaftServerConfigKeys (ConfUtils.java:logGet(43)) - raft.server.log.segment.size.max = 1048576 (custom)
2019-11-14 15:11:08,479 [pool-569-thread-1] WARN  impl.MetricRegistriesImpl (MetricRegistriesImpl.java:lambda$create$1(61)) - First MetricRegistry has been created without registering reporters. You may need to call MetricRegistries.global().addReportRegistration(...) before.
2019-11-14 15:11:08,479 [pool-569-thread-1] INFO  server.RaftServerConfigKeys (ConfUtils.java:logGet(43)) - raft.server.log.segment.cache.num.max = 2 (custom)
2019-11-14 15:11:08,479 [pool-569-thread-1] INFO  segmented.SegmentedRaftLogWorker (SegmentedRaftLogWorker.java:<init>(173)) - new fdb64a2a-711d-4b74-a4a4-cacd6c2cad61@group-CCF71F033618-SegmentedRaftLogWorker for RaftStorage:Storage Directory /workdir/hadoop-ozone/integration-test/target/test-dir/MiniOzoneClusterImpl-5901a962-94ba-4a8b-ba12-ae811e713c7a/datanode-6/data/ratis/d19ec923-e7a2-442b-9a54-ccf71f033618
2019-11-14 15:11:08,479 [pool-569-thread-1] INFO  server.RaftServerConfigKeys (ConfUtils.java:logGet(43)) - raft.server.log.queue.byte-limit = 2147483647 (custom)
2019-11-14 15:11:08,479 [pool-569-thread-1] INFO  server.RaftServerConfigKeys (ConfUtils.java:logGet(43)) - raft.server.log.queue.element-limit = 1024 (custom)
2019-11-14 15:11:08,479 [pool-569-thread-1] INFO  server.RaftServerConfigKeys (ConfUtils.java:logGet(43)) - raft.server.log.segment.size.max = 1048576 (custom)
2019-11-14 15:11:08,479 [pool-569-thread-1] INFO  server.RaftServerConfigKeys (ConfUtils.java:logGet(43)) - raft.server.log.preallocated.size = 16384 (custom)
2019-11-14 15:11:08,479 [pool-569-thread-1] INFO  server.RaftServerConfigKeys (ConfUtils.java:logGet(43)) - raft.server.log.write.buffer.size = 33554432 (custom)
2019-11-14 15:11:08,479 [pool-569-thread-1] INFO  server.RaftServerConfigKeys (ConfUtils.java:logGet(43)) - raft.server.log.force.sync.num = 128 (default)
2019-11-14 15:11:08,479 [pool-569-thread-1] INFO  server.RaftServerConfigKeys (ConfUtils.java:logGet(43)) - raft.server.log.statemachine.data.sync = true (default)
2019-11-14 15:11:08,479 [pool-569-thread-1] INFO  server.RaftServerConfigKeys (ConfUtils.java:logGet(43)) - raft.server.log.statemachine.data.sync.timeout = 10s (default)
2019-11-14 15:11:08,479 [pool-569-thread-1] INFO  server.RaftServerConfigKeys (ConfUtils.java:logGet(43)) - raft.server.log.statemachine.data.sync.timeout.retry = -1 (default)
2019-11-14 15:11:08,480 [pool-569-thread-1] INFO  server.RaftServerConfigKeys (ConfUtils.java:logGet(43)) - raft.server.log.statemachine.data.caching.enabled = true (custom)
2019-11-14 15:11:08,480 [pool-569-thread-1] INFO  segmented.SegmentedRaftLogWorker (SegmentedRaftLogWorker.java:lambda$new$0(128)) - fdb64a2a-711d-4b74-a4a4-cacd6c2cad61@group-CCF71F033618-SegmentedRaftLogWorker: flushIndex: setUnconditionally 0 -> -1
2019-11-14 15:11:08,480 [pool-569-thread-1] INFO  server.RaftServerConfigKeys (ConfUtils.java:logGet(43)) - raft.server.snapshot.auto.trigger.enabled = true (custom)
2019-11-14 15:11:08,480 [pool-569-thread-1] INFO  server.RaftServerConfigKeys (ConfUtils.java:logGet(43)) - raft.server.snapshot.auto.trigger.threshold = 10000 (custom)
2019-11-14 15:11:08,480 [pool-569-thread-1] INFO  server.RaftServerConfigKeys (ConfUtils.java:logGet(43)) - raft.server.snapshot.retention.file.num = 5 (custom)
2019-11-14 15:11:08,480 [pool-569-thread-1] INFO  server.RaftServerConfigKeys (ConfUtils.java:logGet(43)) - raft.server.retrycache.expirytime = 600000ms (custom)
2019-11-14 15:11:08,480 [pool-569-thread-1] WARN  impl.MetricRegistriesImpl (MetricRegistriesImpl.java:lambda$create$1(61)) - First MetricRegistry has been created without registering reporters. You may need to call MetricRegistries.global().addReportRegistration(...) before.
2019-11-14 15:11:08,480 [pool-569-thread-1] WARN  impl.MetricRegistriesImpl (MetricRegistriesImpl.java:lambda$create$1(61)) - First MetricRegistry has been created without registering reporters. You may need to call MetricRegistries.global().addReportRegistration(...) before.
2019-11-14 15:11:08,480 [pool-569-thread-1] INFO  impl.RaftServerImpl (RaftServerImpl.java:start(184)) - fdb64a2a-711d-4b74-a4a4-cacd6c2cad61@group-CCF71F033618: start as a follower, conf=-1: [fdb64a2a-711d-4b74-a4a4-cacd6c2cad61:192.168.34.62:37913], old=null
2019-11-14 15:11:08,480 [pool-569-thread-1] INFO  impl.RaftServerImpl (RaftServerImpl.java:setRole(173)) - fdb64a2a-711d-4b74-a4a4-cacd6c2cad61@group-CCF71F033618: changes role from      null to FOLLOWER at term 0 for startAsFollower
2019-11-14 15:11:08,481 [pool-569-thread-1] INFO  impl.RoleInfo (RoleInfo.java:updateAndGet(143)) - fdb64a2a-711d-4b74-a4a4-cacd6c2cad61: start FollowerState
2019-11-14 15:11:08,481 [pool-569-thread-1] INFO  util.JmxRegister (JmxRegister.java:tryRegister(44)) - Successfully registered JMX Bean with object name Ratis:service=RaftServer,group=group-CCF71F033618,id=fdb64a2a-711d-4b74-a4a4-cacd6c2cad61
2019-11-14 15:11:08,481 [pool-569-thread-1] WARN  impl.MetricRegistriesImpl (MetricRegistriesImpl.java:lambda$create$1(61)) - First MetricRegistry has been created without registering reporters. You may need to call MetricRegistries.global().addReportRegistration(...) before.
2019-11-14 15:11:08,482 [RatisPipelineUtilsThread] INFO  pipeline.PipelineStateManager (PipelineStateManager.java:addPipeline(55)) - Created pipeline Pipeline[ Id: d19ec923-e7a2-442b-9a54-ccf71f033618, Nodes: fdb64a2a-711d-4b74-a4a4-cacd6c2cad61{ip: 192.168.34.62, host: pr-hdds-2480-6qkg9-608321763, networkLocation: /rack1, certSerialId: null}, Type:RATIS, Factor:ONE, State:ALLOCATED]
2019-11-14 15:11:08,491 [grpc-default-executor-4] INFO  impl.RaftServerProxy (RaftServerProxy.java:addNew(89)) - fdb64a2a-711d-4b74-a4a4-cacd6c2cad61: addNew group-C03AABED6DCB:[fdb64a2a-711d-4b74-a4a4-cacd6c2cad61:192.168.34.62:37913, 34d60e7e-1049-4636-b4f7-69f15bd98c31:192.168.34.62:39382, de889d2b-5891-48f1-89d7-805f59e22d6d:192.168.34.62:42999] returns group-C03AABED6DCB:java.util.concurrent.CompletableFuture@351678d8[Not completed]
2019-11-14 15:11:08,491 [grpc-default-executor-0] INFO  impl.RaftServerProxy (RaftServerProxy.java:addNew(89)) - 34d60e7e-1049-4636-b4f7-69f15bd98c31: addNew group-C03AABED6DCB:[fdb64a2a-711d-4b74-a4a4-cacd6c2cad61:192.168.34.62:37913, 34d60e7e-1049-4636-b4f7-69f15bd98c31:192.168.34.62:39382, de889d2b-5891-48f1-89d7-805f59e22d6d:192.168.34.62:42999] returns group-C03AABED6DCB:java.util.concurrent.CompletableFuture@33f18282[Not completed]
2019-11-14 15:11:08,491 [grpc-default-executor-6] INFO  impl.RaftServerProxy (RaftServerProxy.java:addNew(89)) - de889d2b-5891-48f1-89d7-805f59e22d6d: addNew group-C03AABED6DCB:[fdb64a2a-711d-4b74-a4a4-cacd6c2cad61:192.168.34.62:37913, 34d60e7e-1049-4636-b4f7-69f15bd98c31:192.168.34.62:39382, de889d2b-5891-48f1-89d7-805f59e22d6d:192.168.34.62:42999] returns group-C03AABED6DCB:java.util.concurrent.CompletableFuture@560f2db6[Not completed]
2019-11-14 15:11:08,493 [pool-569-thread-1] INFO  impl.RaftServerImpl (RaftServerImpl.java:<init>(98)) - fdb64a2a-711d-4b74-a4a4-cacd6c2cad61: new RaftServerImpl for group-C03AABED6DCB:[fdb64a2a-711d-4b74-a4a4-cacd6c2cad61:192.168.34.62:37913, 34d60e7e-1049-4636-b4f7-69f15bd98c31:192.168.34.62:39382, de889d2b-5891-48f1-89d7-805f59e22d6d:192.168.34.62:42999] with ContainerStateMachine:uninitialized
2019-11-14 15:11:08,493 [pool-569-thread-1] INFO  server.RaftServerConfigKeys (ConfUtils.java:logGet(43)) - raft.server.rpc.timeout.min = 1s (custom)
2019-11-14 15:11:08,493 [pool-569-thread-1] INFO  server.RaftServerConfigKeys (ConfUtils.java:logGet(43)) - raft.server.rpc.timeout.max = 1200ms (custom)
2019-11-14 15:11:08,493 [pool-569-thread-1] INFO  server.RaftServerConfigKeys (ConfUtils.java:logGet(43)) - raft.server.rpcslowness.timeout = 120s (custom)
2019-11-14 15:11:08,493 [pool-569-thread-1] INFO  server.RaftServerConfigKeys (ConfUtils.java:logGet(43)) - raft.server.sleep.deviation.threshold = 300 (default)
2019-11-14 15:11:08,493 [pool-569-thread-1] INFO  server.RaftServerConfigKeys (ConfUtils.java:logGet(43)) - raft.server.log.appender.install.snapshot.enabled = false (custom)
2019-11-14 15:11:08,493 [pool-569-thread-1] INFO  impl.RaftServerImpl (ServerState.java:<init>(103)) - fdb64a2a-711d-4b74-a4a4-cacd6c2cad61@group-C03AABED6DCB: ConfigurationManager, init=-1: [fdb64a2a-711d-4b74-a4a4-cacd6c2cad61:192.168.34.62:37913, 34d60e7e-1049-4636-b4f7-69f15bd98c31:192.168.34.62:39382, de889d2b-5891-48f1-89d7-805f59e22d6d:192.168.34.62:42999], old=null, confs=<EMPTY_MAP>
2019-11-14 15:11:08,493 [pool-549-thread-1] INFO  impl.RaftServerImpl (RaftServerImpl.java:<init>(98)) - de889d2b-5891-48f1-89d7-805f59e22d6d: new RaftServerImpl for group-C03AABED6DCB:[fdb64a2a-711d-4b74-a4a4-cacd6c2cad61:192.168.34.62:37913, 34d60e7e-1049-4636-b4f7-69f15bd98c31:192.168.34.62:39382, de889d2b-5891-48f1-89d7-805f59e22d6d:192.168.34.62:42999] with ContainerStateMachine:uninitialized
2019-11-14 15:11:08,493 [pool-569-thread-1] INFO  server.RaftServerConfigKeys (ConfUtils.java:logGet(43)) - raft.server.storage.dir = [/workdir/hadoop-ozone/integration-test/target/test-dir/MiniOzoneClusterImpl-5901a962-94ba-4a8b-ba12-ae811e713c7a/datanode-6/data/ratis] (custom)
2019-11-14 15:11:08,493 [pool-549-thread-1] INFO  server.RaftServerConfigKeys (ConfUtils.java:logGet(43)) - raft.server.rpc.timeout.min = 1s (custom)
2019-11-14 15:11:08,494 [pool-549-thread-1] INFO  server.RaftServerConfigKeys (ConfUtils.java:logGet(43)) - raft.server.rpc.timeout.max = 1200ms (custom)
2019-11-14 15:11:08,494 [pool-559-thread-1] INFO  impl.RaftServerImpl (RaftServerImpl.java:<init>(98)) - 34d60e7e-1049-4636-b4f7-69f15bd98c31: new RaftServerImpl for group-C03AABED6DCB:[fdb64a2a-711d-4b74-a4a4-cacd6c2cad61:192.168.34.62:37913, 34d60e7e-1049-4636-b4f7-69f15bd98c31:192.168.34.62:39382, de889d2b-5891-48f1-89d7-805f59e22d6d:192.168.34.62:42999] with ContainerStateMachine:uninitialized
2019-11-14 15:11:08,494 [pool-569-thread-1] INFO  server.RaftServerConfigKeys (ConfUtils.java:logGet(43)) - raft.server.log.corruption.policy = EXCEPTION (default)
2019-11-14 15:11:08,494 [pool-559-thread-1] INFO  server.RaftServerConfigKeys (ConfUtils.java:logGet(43)) - raft.server.rpc.timeout.min = 1s (custom)
2019-11-14 15:11:08,494 [pool-549-thread-1] INFO  server.RaftServerConfigKeys (ConfUtils.java:logGet(43)) - raft.server.rpcslowness.timeout = 120s (custom)
2019-11-14 15:11:08,494 [pool-559-thread-1] INFO  server.RaftServerConfigKeys (ConfUtils.java:logGet(43)) - raft.server.rpc.timeout.max = 1200ms (custom)
2019-11-14 15:11:08,494 [pool-569-thread-1] INFO  storage.RaftStorageDirectory (RaftStorageDirectory.java:analyzeStorage(246)) - The storage directory /workdir/hadoop-ozone/integration-test/target/test-dir/MiniOzoneClusterImpl-5901a962-94ba-4a8b-ba12-ae811e713c7a/datanode-6/data/ratis/307b61df-646c-4a2e-90a9-c03aabed6dcb does not exist. Creating ...
2019-11-14 15:11:08,494 [pool-559-thread-1] INFO  server.RaftServerConfigKeys (ConfUtils.java:logGet(43)) - raft.server.rpcslowness.timeout = 120s (custom)
2019-11-14 15:11:08,494 [pool-549-thread-1] INFO  server.RaftServerConfigKeys (ConfUtils.java:logGet(43)) - raft.server.sleep.deviation.threshold = 300 (default)
2019-11-14 15:11:08,494 [pool-559-thread-1] INFO  server.RaftServerConfigKeys (ConfUtils.java:logGet(43)) - raft.server.sleep.deviation.threshold = 300 (default)
2019-11-14 15:11:08,494 [pool-549-thread-1] INFO  server.RaftServerConfigKeys (ConfUtils.java:logGet(43)) - raft.server.log.appender.install.snapshot.enabled = false (custom)
2019-11-14 15:11:08,495 [pool-559-thread-1] INFO  server.RaftServerConfigKeys (ConfUtils.java:logGet(43)) - raft.server.log.appender.install.snapshot.enabled = false (custom)
2019-11-14 15:11:08,495 [pool-549-thread-1] INFO  impl.RaftServerImpl (ServerState.java:<init>(103)) - de889d2b-5891-48f1-89d7-805f59e22d6d@group-C03AABED6DCB: ConfigurationManager, init=-1: [fdb64a2a-711d-4b74-a4a4-cacd6c2cad61:192.168.34.62:37913, 34d60e7e-1049-4636-b4f7-69f15bd98c31:192.168.34.62:39382, de889d2b-5891-48f1-89d7-805f59e22d6d:192.168.34.62:42999], old=null, confs=<EMPTY_MAP>
2019-11-14 15:11:08,495 [pool-559-thread-1] INFO  impl.RaftServerImpl (ServerState.java:<init>(103)) - 34d60e7e-1049-4636-b4f7-69f15bd98c31@group-C03AABED6DCB: ConfigurationManager, init=-1: [fdb64a2a-711d-4b74-a4a4-cacd6c2cad61:192.168.34.62:37913, 34d60e7e-1049-4636-b4f7-69f15bd98c31:192.168.34.62:39382, de889d2b-5891-48f1-89d7-805f59e22d6d:192.168.34.62:42999], old=null, confs=<EMPTY_MAP>
2019-11-14 15:11:08,495 [pool-549-thread-1] INFO  server.RaftServerConfigKeys (ConfUtils.java:logGet(43)) - raft.server.storage.dir = [/workdir/hadoop-ozone/integration-test/target/test-dir/MiniOzoneClusterImpl-5901a962-94ba-4a8b-ba12-ae811e713c7a/datanode-4/data/ratis] (custom)
2019-11-14 15:11:08,495 [pool-559-thread-1] INFO  server.RaftServerConfigKeys (ConfUtils.java:logGet(43)) - raft.server.storage.dir = [/workdir/hadoop-ozone/integration-test/target/test-dir/MiniOzoneClusterImpl-5901a962-94ba-4a8b-ba12-ae811e713c7a/datanode-5/data/ratis] (custom)
2019-11-14 15:11:08,495 [pool-549-thread-1] INFO  server.RaftServerConfigKeys (ConfUtils.java:logGet(43)) - raft.server.log.corruption.policy = EXCEPTION (default)
2019-11-14 15:11:08,495 [pool-559-thread-1] INFO  server.RaftServerConfigKeys (ConfUtils.java:logGet(43)) - raft.server.log.corruption.policy = EXCEPTION (default)
2019-11-14 15:11:08,495 [pool-549-thread-1] INFO  storage.RaftStorageDirectory (RaftStorageDirectory.java:analyzeStorage(246)) - The storage directory /workdir/hadoop-ozone/integration-test/target/test-dir/MiniOzoneClusterImpl-5901a962-94ba-4a8b-ba12-ae811e713c7a/datanode-4/data/ratis/307b61df-646c-4a2e-90a9-c03aabed6dcb does not exist. Creating ...
2019-11-14 15:11:08,495 [pool-559-thread-1] INFO  storage.RaftStorageDirectory (RaftStorageDirectory.java:analyzeStorage(246)) - The storage directory /workdir/hadoop-ozone/integration-test/target/test-dir/MiniOzoneClusterImpl-5901a962-94ba-4a8b-ba12-ae811e713c7a/datanode-5/data/ratis/307b61df-646c-4a2e-90a9-c03aabed6dcb does not exist. Creating ...
2019-11-14 15:11:08,503 [IPC Server handler 9 on 43819] INFO  net.NetworkTopology (NetworkTopologyImpl.java:add(111)) - Added a new node: /rack1/c45d92cd-1d84-4e39-b22b-e775d9180271
2019-11-14 15:11:08,503 [IPC Server handler 9 on 43819] INFO  node.SCMNodeManager (SCMNodeManager.java:register(267)) - Registered Data node : c45d92cd-1d84-4e39-b22b-e775d9180271{ip: 192.168.34.62, host: pr-hdds-2480-6qkg9-608321763, networkLocation: /rack1, certSerialId: null}
2019-11-14 15:11:08,507 [pool-549-thread-1] INFO  storage.RaftStorageDirectory (RaftStorageDirectory.java:tryLock(328)) - Lock on /workdir/hadoop-ozone/integration-test/target/test-dir/MiniOzoneClusterImpl-5901a962-94ba-4a8b-ba12-ae811e713c7a/datanode-4/data/ratis/307b61df-646c-4a2e-90a9-c03aabed6dcb/in_use.lock acquired by nodename 23875@pr-hdds-2480-6qkg9-608321763
2019-11-14 15:11:08,507 [pool-559-thread-1] INFO  storage.RaftStorageDirectory (RaftStorageDirectory.java:tryLock(328)) - Lock on /workdir/hadoop-ozone/integration-test/target/test-dir/MiniOzoneClusterImpl-5901a962-94ba-4a8b-ba12-ae811e713c7a/datanode-5/data/ratis/307b61df-646c-4a2e-90a9-c03aabed6dcb/in_use.lock acquired by nodename 23875@pr-hdds-2480-6qkg9-608321763
2019-11-14 15:11:08,507 [pool-569-thread-1] INFO  storage.RaftStorageDirectory (RaftStorageDirectory.java:tryLock(328)) - Lock on /workdir/hadoop-ozone/integration-test/target/test-dir/MiniOzoneClusterImpl-5901a962-94ba-4a8b-ba12-ae811e713c7a/datanode-6/data/ratis/307b61df-646c-4a2e-90a9-c03aabed6dcb/in_use.lock acquired by nodename 23875@pr-hdds-2480-6qkg9-608321763
2019-11-14 15:11:08,532 [pool-569-thread-1] INFO  storage.RaftStorage (RaftStorage.java:format(84)) - Storage directory /workdir/hadoop-ozone/integration-test/target/test-dir/MiniOzoneClusterImpl-5901a962-94ba-4a8b-ba12-ae811e713c7a/datanode-6/data/ratis/307b61df-646c-4a2e-90a9-c03aabed6dcb has been successfully formatted.
2019-11-14 15:11:08,532 [pool-549-thread-1] INFO  storage.RaftStorage (RaftStorage.java:format(84)) - Storage directory /workdir/hadoop-ozone/integration-test/target/test-dir/MiniOzoneClusterImpl-5901a962-94ba-4a8b-ba12-ae811e713c7a/datanode-4/data/ratis/307b61df-646c-4a2e-90a9-c03aabed6dcb has been successfully formatted.
2019-11-14 15:11:08,533 [pool-569-thread-1] INFO  ratis.ContainerStateMachine (ContainerStateMachine.java:loadSnapshot(223)) - group-C03AABED6DCB: The snapshot info is null. Setting the last applied indexto:(t:0, i:~)
2019-11-14 15:11:08,532 [pool-559-thread-1] INFO  storage.RaftStorage (RaftStorage.java:format(84)) - Storage directory /workdir/hadoop-ozone/integration-test/target/test-dir/MiniOzoneClusterImpl-5901a962-94ba-4a8b-ba12-ae811e713c7a/datanode-5/data/ratis/307b61df-646c-4a2e-90a9-c03aabed6dcb has been successfully formatted.
2019-11-14 15:11:08,533 [pool-569-thread-1] INFO  server.RaftServerConfigKeys (ConfUtils.java:logGet(43)) - raft.server.notification.no-leader.timeout = 120s (custom)
2019-11-14 15:11:08,533 [pool-549-thread-1] INFO  ratis.ContainerStateMachine (ContainerStateMachine.java:loadSnapshot(223)) - group-C03AABED6DCB: The snapshot info is null. Setting the last applied indexto:(t:0, i:~)
2019-11-14 15:11:08,533 [pool-569-thread-1] INFO  server.RaftServerConfigKeys (ConfUtils.java:logGet(43)) - raft.server.log.use.memory = false (default)
2019-11-14 15:11:08,533 [pool-559-thread-1] INFO  ratis.ContainerStateMachine (ContainerStateMachine.java:loadSnapshot(223)) - group-C03AABED6DCB: The snapshot info is null. Setting the last applied indexto:(t:0, i:~)
2019-11-14 15:11:08,533 [pool-569-thread-1] INFO  server.RaftServerConfigKeys (ConfUtils.java:logGet(43)) - raft.server.log.purge.gap = 1000000 (custom)
2019-11-14 15:11:08,533 [pool-549-thread-1] INFO  server.RaftServerConfigKeys (ConfUtils.java:logGet(43)) - raft.server.notification.no-leader.timeout = 120s (custom)
2019-11-14 15:11:08,533 [pool-569-thread-1] INFO  server.RaftServerConfigKeys (ConfUtils.java:logGet(43)) - raft.server.log.appender.buffer.byte-limit = 33554432 (custom)
2019-11-14 15:11:08,534 [pool-569-thread-1] INFO  server.RaftServerConfigKeys (ConfUtils.java:logGet(43)) - raft.server.log.segment.size.max = 1048576 (custom)
2019-11-14 15:11:08,533 [pool-559-thread-1] INFO  server.RaftServerConfigKeys (ConfUtils.java:logGet(43)) - raft.server.notification.no-leader.timeout = 120s (custom)
2019-11-14 15:11:08,534 [pool-569-thread-1] INFO  server.RaftServerConfigKeys (ConfUtils.java:logGet(43)) - raft.server.log.segment.cache.num.max = 2 (custom)
2019-11-14 15:11:08,534 [pool-549-thread-1] INFO  server.RaftServerConfigKeys (ConfUtils.java:logGet(43)) - raft.server.log.use.memory = false (default)
2019-11-14 15:11:08,534 [pool-569-thread-1] INFO  segmented.SegmentedRaftLogWorker (SegmentedRaftLogWorker.java:<init>(173)) - new fdb64a2a-711d-4b74-a4a4-cacd6c2cad61@group-C03AABED6DCB-SegmentedRaftLogWorker for RaftStorage:Storage Directory /workdir/hadoop-ozone/integration-test/target/test-dir/MiniOzoneClusterImpl-5901a962-94ba-4a8b-ba12-ae811e713c7a/datanode-6/data/ratis/307b61df-646c-4a2e-90a9-c03aabed6dcb
2019-11-14 15:11:08,534 [pool-559-thread-1] INFO  server.RaftServerConfigKeys (ConfUtils.java:logGet(43)) - raft.server.log.use.memory = false (default)
2019-11-14 15:11:08,534 [pool-569-thread-1] INFO  server.RaftServerConfigKeys (ConfUtils.java:logGet(43)) - raft.server.log.queue.byte-limit = 2147483647 (custom)
2019-11-14 15:11:08,534 [pool-549-thread-1] INFO  server.RaftServerConfigKeys (ConfUtils.java:logGet(43)) - raft.server.log.purge.gap = 1000000 (custom)
2019-11-14 15:11:08,534 [pool-569-thread-1] INFO  server.RaftServerConfigKeys (ConfUtils.java:logGet(43)) - raft.server.log.queue.element-limit = 1024 (custom)
2019-11-14 15:11:08,534 [pool-559-thread-1] INFO  server.RaftServerConfigKeys (ConfUtils.java:logGet(43)) - raft.server.log.purge.gap = 1000000 (custom)
2019-11-14 15:11:08,534 [pool-569-thread-1] INFO  server.RaftServerConfigKeys (ConfUtils.java:logGet(43)) - raft.server.log.segment.size.max = 1048576 (custom)
2019-11-14 15:11:08,534 [pool-549-thread-1] INFO  server.RaftServerConfigKeys (ConfUtils.java:logGet(43)) - raft.server.log.appender.buffer.byte-limit = 33554432 (custom)
2019-11-14 15:11:08,535 [pool-569-thread-1] INFO  server.RaftServerConfigKeys (ConfUtils.java:logGet(43)) - raft.server.log.preallocated.size = 16384 (custom)
2019-11-14 15:11:08,534 [pool-559-thread-1] INFO  server.RaftServerConfigKeys (ConfUtils.java:logGet(43)) - raft.server.log.appender.buffer.byte-limit = 33554432 (custom)
2019-11-14 15:11:08,535 [pool-569-thread-1] INFO  server.RaftServerConfigKeys (ConfUtils.java:logGet(43)) - raft.server.log.write.buffer.size = 33554432 (custom)
2019-11-14 15:11:08,535 [pool-549-thread-1] INFO  server.RaftServerConfigKeys (ConfUtils.java:logGet(43)) - raft.server.log.segment.size.max = 1048576 (custom)
2019-11-14 15:11:08,535 [pool-569-thread-1] INFO  server.RaftServerConfigKeys (ConfUtils.java:logGet(43)) - raft.server.log.force.sync.num = 128 (default)
2019-11-14 15:11:08,535 [pool-559-thread-1] INFO  server.RaftServerConfigKeys (ConfUtils.java:logGet(43)) - raft.server.log.segment.size.max = 1048576 (custom)
2019-11-14 15:11:08,535 [pool-569-thread-1] INFO  server.RaftServerConfigKeys (ConfUtils.java:logGet(43)) - raft.server.log.statemachine.data.sync = true (default)
2019-11-14 15:11:08,535 [pool-549-thread-1] INFO  server.RaftServerConfigKeys (ConfUtils.java:logGet(43)) - raft.server.log.segment.cache.num.max = 2 (custom)
2019-11-14 15:11:08,535 [pool-569-thread-1] INFO  server.RaftServerConfigKeys (ConfUtils.java:logGet(43)) - raft.server.log.statemachine.data.sync.timeout = 10s (default)
2019-11-14 15:11:08,535 [pool-559-thread-1] INFO  server.RaftServerConfigKeys (ConfUtils.java:logGet(43)) - raft.server.log.segment.cache.num.max = 2 (custom)
2019-11-14 15:11:08,535 [pool-569-thread-1] INFO  server.RaftServerConfigKeys (ConfUtils.java:logGet(43)) - raft.server.log.statemachine.data.sync.timeout.retry = -1 (default)
2019-11-14 15:11:08,535 [pool-549-thread-1] INFO  segmented.SegmentedRaftLogWorker (SegmentedRaftLogWorker.java:<init>(173)) - new de889d2b-5891-48f1-89d7-805f59e22d6d@group-C03AABED6DCB-SegmentedRaftLogWorker for RaftStorage:Storage Directory /workdir/hadoop-ozone/integration-test/target/test-dir/MiniOzoneClusterImpl-5901a962-94ba-4a8b-ba12-ae811e713c7a/datanode-4/data/ratis/307b61df-646c-4a2e-90a9-c03aabed6dcb
2019-11-14 15:11:08,536 [pool-569-thread-1] INFO  server.RaftServerConfigKeys (ConfUtils.java:logGet(43)) - raft.server.log.statemachine.data.caching.enabled = true (custom)
2019-11-14 15:11:08,536 [pool-559-thread-1] INFO  segmented.SegmentedRaftLogWorker (SegmentedRaftLogWorker.java:<init>(173)) - new 34d60e7e-1049-4636-b4f7-69f15bd98c31@group-C03AABED6DCB-SegmentedRaftLogWorker for RaftStorage:Storage Directory /workdir/hadoop-ozone/integration-test/target/test-dir/MiniOzoneClusterImpl-5901a962-94ba-4a8b-ba12-ae811e713c7a/datanode-5/data/ratis/307b61df-646c-4a2e-90a9-c03aabed6dcb
2019-11-14 15:11:08,536 [pool-569-thread-1] INFO  segmented.SegmentedRaftLogWorker (SegmentedRaftLogWorker.java:lambda$new$0(128)) - fdb64a2a-711d-4b74-a4a4-cacd6c2cad61@group-C03AABED6DCB-SegmentedRaftLogWorker: flushIndex: setUnconditionally 0 -> -1
2019-11-14 15:11:08,536 [pool-549-thread-1] INFO  server.RaftServerConfigKeys (ConfUtils.java:logGet(43)) - raft.server.log.queue.byte-limit = 2147483647 (custom)
2019-11-14 15:11:08,536 [pool-559-thread-1] INFO  server.RaftServerConfigKeys (ConfUtils.java:logGet(43)) - raft.server.log.queue.byte-limit = 2147483647 (custom)
2019-11-14 15:11:08,536 [pool-569-thread-1] INFO  server.RaftServerConfigKeys (ConfUtils.java:logGet(43)) - raft.server.snapshot.auto.trigger.enabled = true (custom)
2019-11-14 15:11:08,536 [pool-549-thread-1] INFO  server.RaftServerConfigKeys (ConfUtils.java:logGet(43)) - raft.server.log.queue.element-limit = 1024 (custom)
2019-11-14 15:11:08,536 [pool-569-thread-1] INFO  server.RaftServerConfigKeys (ConfUtils.java:logGet(43)) - raft.server.snapshot.auto.trigger.threshold = 10000 (custom)
2019-11-14 15:11:08,536 [pool-559-thread-1] INFO  server.RaftServerConfigKeys (ConfUtils.java:logGet(43)) - raft.server.log.queue.element-limit = 1024 (custom)
2019-11-14 15:11:08,536 [pool-569-thread-1] INFO  server.RaftServerConfigKeys (ConfUtils.java:logGet(43)) - raft.server.snapshot.retention.file.num = 5 (custom)
2019-11-14 15:11:08,536 [pool-549-thread-1] INFO  server.RaftServerConfigKeys (ConfUtils.java:logGet(43)) - raft.server.log.segment.size.max = 1048576 (custom)
2019-11-14 15:11:08,537 [pool-569-thread-1] INFO  server.RaftServerConfigKeys (ConfUtils.java:logGet(43)) - raft.server.retrycache.expirytime = 600000ms (custom)
2019-11-14 15:11:08,536 [pool-559-thread-1] INFO  server.RaftServerConfigKeys (ConfUtils.java:logGet(43)) - raft.server.log.segment.size.max = 1048576 (custom)
2019-11-14 15:11:08,537 [pool-569-thread-1] WARN  impl.MetricRegistriesImpl (MetricRegistriesImpl.java:lambda$create$1(61)) - First MetricRegistry has been created without registering reporters. You may need to call MetricRegistries.global().addReportRegistration(...) before.
2019-11-14 15:11:08,537 [pool-549-thread-1] INFO  server.RaftServerConfigKeys (ConfUtils.java:logGet(43)) - raft.server.log.preallocated.size = 16384 (custom)
2019-11-14 15:11:08,537 [pool-569-thread-1] WARN  impl.MetricRegistriesImpl (MetricRegistriesImpl.java:lambda$create$1(61)) - First MetricRegistry has been created without registering reporters. You may need to call MetricRegistries.global().addReportRegistration(...) before.
2019-11-14 15:11:08,537 [pool-559-thread-1] INFO  server.RaftServerConfigKeys (ConfUtils.java:logGet(43)) - raft.server.log.preallocated.size = 16384 (custom)
2019-11-14 15:11:08,537 [pool-569-thread-1] INFO  impl.RaftServerImpl (RaftServerImpl.java:start(184)) - fdb64a2a-711d-4b74-a4a4-cacd6c2cad61@group-C03AABED6DCB: start as a follower, conf=-1: [fdb64a2a-711d-4b74-a4a4-cacd6c2cad61:192.168.34.62:37913, 34d60e7e-1049-4636-b4f7-69f15bd98c31:192.168.34.62:39382, de889d2b-5891-48f1-89d7-805f59e22d6d:192.168.34.62:42999], old=null
2019-11-14 15:11:08,537 [pool-549-thread-1] INFO  server.RaftServerConfigKeys (ConfUtils.java:logGet(43)) - raft.server.log.write.buffer.size = 33554432 (custom)
2019-11-14 15:11:08,537 [pool-569-thread-1] INFO  impl.RaftServerImpl (RaftServerImpl.java:setRole(173)) - fdb64a2a-711d-4b74-a4a4-cacd6c2cad61@group-C03AABED6DCB: changes role from      null to FOLLOWER at term 0 for startAsFollower
2019-11-14 15:11:08,537 [pool-559-thread-1] INFO  server.RaftServerConfigKeys (ConfUtils.java:logGet(43)) - raft.server.log.write.buffer.size = 33554432 (custom)
2019-11-14 15:11:08,537 [pool-569-thread-1] INFO  impl.RoleInfo (RoleInfo.java:updateAndGet(143)) - fdb64a2a-711d-4b74-a4a4-cacd6c2cad61: start FollowerState
2019-11-14 15:11:08,537 [pool-549-thread-1] INFO  server.RaftServerConfigKeys (ConfUtils.java:logGet(43)) - raft.server.log.force.sync.num = 128 (default)
2019-11-14 15:11:08,538 [pool-559-thread-1] INFO  server.RaftServerConfigKeys (ConfUtils.java:logGet(43)) - raft.server.log.force.sync.num = 128 (default)
2019-11-14 15:11:08,538 [pool-549-thread-1] INFO  server.RaftServerConfigKeys (ConfUtils.java:logGet(43)) - raft.server.log.statemachine.data.sync = true (default)
2019-11-14 15:11:08,538 [pool-569-thread-1] INFO  util.JmxRegister (JmxRegister.java:tryRegister(44)) - Successfully registered JMX Bean with object name Ratis:service=RaftServer,group=group-C03AABED6DCB,id=fdb64a2a-711d-4b74-a4a4-cacd6c2cad61
2019-11-14 15:11:08,538 [pool-559-thread-1] INFO  server.RaftServerConfigKeys (ConfUtils.java:logGet(43)) - raft.server.log.statemachine.data.sync = true (default)
2019-11-14 15:11:08,538 [pool-569-thread-1] WARN  impl.MetricRegistriesImpl (MetricRegistriesImpl.java:lambda$create$1(61)) - First MetricRegistry has been created without registering reporters. You may need to call MetricRegistries.global().addReportRegistration(...) before.
2019-11-14 15:11:08,538 [pool-549-thread-1] INFO  server.RaftServerConfigKeys (ConfUtils.java:logGet(43)) - raft.server.log.statemachine.data.sync.timeout = 10s (default)
2019-11-14 15:11:08,538 [pool-559-thread-1] INFO  server.RaftServerConfigKeys (ConfUtils.java:logGet(43)) - raft.server.log.statemachine.data.sync.timeout = 10s (default)
2019-11-14 15:11:08,538 [pool-549-thread-1] INFO  server.RaftServerConfigKeys (ConfUtils.java:logGet(43)) - raft.server.log.statemachine.data.sync.timeout.retry = -1 (default)
2019-11-14 15:11:08,538 [pool-559-thread-1] INFO  server.RaftServerConfigKeys (ConfUtils.java:logGet(43)) - raft.server.log.statemachine.data.sync.timeout.retry = -1 (default)
2019-11-14 15:11:08,539 [pool-549-thread-1] INFO  server.RaftServerConfigKeys (ConfUtils.java:logGet(43)) - raft.server.log.statemachine.data.caching.enabled = true (custom)
2019-11-14 15:11:08,539 [pool-559-thread-1] INFO  server.RaftServerConfigKeys (ConfUtils.java:logGet(43)) - raft.server.log.statemachine.data.caching.enabled = true (custom)
2019-11-14 15:11:08,539 [pool-549-thread-1] INFO  segmented.SegmentedRaftLogWorker (SegmentedRaftLogWorker.java:lambda$new$0(128)) - de889d2b-5891-48f1-89d7-805f59e22d6d@group-C03AABED6DCB-SegmentedRaftLogWorker: flushIndex: setUnconditionally 0 -> -1
2019-11-14 15:11:08,539 [pool-559-thread-1] INFO  segmented.SegmentedRaftLogWorker (SegmentedRaftLogWorker.java:lambda$new$0(128)) - 34d60e7e-1049-4636-b4f7-69f15bd98c31@group-C03AABED6DCB-SegmentedRaftLogWorker: flushIndex: setUnconditionally 0 -> -1
2019-11-14 15:11:08,539 [pool-549-thread-1] INFO  server.RaftServerConfigKeys (ConfUtils.java:logGet(43)) - raft.server.snapshot.auto.trigger.enabled = true (custom)
2019-11-14 15:11:08,539 [pool-549-thread-1] INFO  server.RaftServerConfigKeys (ConfUtils.java:logGet(43)) - raft.server.snapshot.auto.trigger.threshold = 10000 (custom)
2019-11-14 15:11:08,539 [pool-559-thread-1] INFO  server.RaftServerConfigKeys (ConfUtils.java:logGet(43)) - raft.server.snapshot.auto.trigger.enabled = true (custom)
2019-11-14 15:11:08,540 [pool-549-thread-1] INFO  server.RaftServerConfigKeys (ConfUtils.java:logGet(43)) - raft.server.snapshot.retention.file.num = 5 (custom)
2019-11-14 15:11:08,540 [pool-559-thread-1] INFO  server.RaftServerConfigKeys (ConfUtils.java:logGet(43)) - raft.server.snapshot.auto.trigger.threshold = 10000 (custom)
2019-11-14 15:11:08,540 [pool-549-thread-1] INFO  server.RaftServerConfigKeys (ConfUtils.java:logGet(43)) - raft.server.retrycache.expirytime = 600000ms (custom)
2019-11-14 15:11:08,540 [pool-559-thread-1] INFO  server.RaftServerConfigKeys (ConfUtils.java:logGet(43)) - raft.server.snapshot.retention.file.num = 5 (custom)
2019-11-14 15:11:08,540 [pool-549-thread-1] WARN  impl.MetricRegistriesImpl (MetricRegistriesImpl.java:lambda$create$1(61)) - First MetricRegistry has been created without registering reporters. You may need to call MetricRegistries.global().addReportRegistration(...) before.
2019-11-14 15:11:08,540 [pool-549-thread-1] WARN  impl.MetricRegistriesImpl (MetricRegistriesImpl.java:lambda$create$1(61)) - First MetricRegistry has been created without registering reporters. You may need to call MetricRegistries.global().addReportRegistration(...) before.
2019-11-14 15:11:08,540 [pool-559-thread-1] INFO  server.RaftServerConfigKeys (ConfUtils.java:logGet(43)) - raft.server.retrycache.expirytime = 600000ms (custom)
2019-11-14 15:11:08,540 [pool-549-thread-1] INFO  impl.RaftServerImpl (RaftServerImpl.java:start(184)) - de889d2b-5891-48f1-89d7-805f59e22d6d@group-C03AABED6DCB: start as a follower, conf=-1: [fdb64a2a-711d-4b74-a4a4-cacd6c2cad61:192.168.34.62:37913, 34d60e7e-1049-4636-b4f7-69f15bd98c31:192.168.34.62:39382, de889d2b-5891-48f1-89d7-805f59e22d6d:192.168.34.62:42999], old=null
2019-11-14 15:11:08,540 [pool-559-thread-1] WARN  impl.MetricRegistriesImpl (MetricRegistriesImpl.java:lambda$create$1(61)) - First MetricRegistry has been created without registering reporters. You may need to call MetricRegistries.global().addReportRegistration(...) before.
2019-11-14 15:11:08,541 [pool-549-thread-1] INFO  impl.RaftServerImpl (RaftServerImpl.java:setRole(173)) - de889d2b-5891-48f1-89d7-805f59e22d6d@group-C03AABED6DCB: changes role from      null to FOLLOWER at term 0 for startAsFollower
2019-11-14 15:11:08,541 [pool-559-thread-1] WARN  impl.MetricRegistriesImpl (MetricRegistriesImpl.java:lambda$create$1(61)) - First MetricRegistry has been created without registering reporters. You may need to call MetricRegistries.global().addReportRegistration(...) before.
2019-11-14 15:11:08,541 [pool-549-thread-1] INFO  impl.RoleInfo (RoleInfo.java:updateAndGet(143)) - de889d2b-5891-48f1-89d7-805f59e22d6d: start FollowerState
2019-11-14 15:11:08,541 [pool-559-thread-1] INFO  impl.RaftServerImpl (RaftServerImpl.java:start(184)) - 34d60e7e-1049-4636-b4f7-69f15bd98c31@group-C03AABED6DCB: start as a follower, conf=-1: [fdb64a2a-711d-4b74-a4a4-cacd6c2cad61:192.168.34.62:37913, 34d60e7e-1049-4636-b4f7-69f15bd98c31:192.168.34.62:39382, de889d2b-5891-48f1-89d7-805f59e22d6d:192.168.34.62:42999], old=null
2019-11-14 15:11:08,541 [pool-559-thread-1] INFO  impl.RaftServerImpl (RaftServerImpl.java:setRole(173)) - 34d60e7e-1049-4636-b4f7-69f15bd98c31@group-C03AABED6DCB: changes role from      null to FOLLOWER at term 0 for startAsFollower
2019-11-14 15:11:08,541 [pool-559-thread-1] INFO  impl.RoleInfo (RoleInfo.java:updateAndGet(143)) - 34d60e7e-1049-4636-b4f7-69f15bd98c31: start FollowerState
2019-11-14 15:11:08,541 [pool-549-thread-1] INFO  util.JmxRegister (JmxRegister.java:tryRegister(44)) - Successfully registered JMX Bean with object name Ratis:service=RaftServer,group=group-C03AABED6DCB,id=de889d2b-5891-48f1-89d7-805f59e22d6d
2019-11-14 15:11:08,541 [pool-549-thread-1] WARN  impl.MetricRegistriesImpl (MetricRegistriesImpl.java:lambda$create$1(61)) - First MetricRegistry has been created without registering reporters. You may need to call MetricRegistries.global().addReportRegistration(...) before.
2019-11-14 15:11:08,541 [pool-559-thread-1] INFO  util.JmxRegister (JmxRegister.java:tryRegister(44)) - Successfully registered JMX Bean with object name Ratis:service=RaftServer,group=group-C03AABED6DCB,id=34d60e7e-1049-4636-b4f7-69f15bd98c31
2019-11-14 15:11:08,542 [pool-559-thread-1] WARN  impl.MetricRegistriesImpl (MetricRegistriesImpl.java:lambda$create$1(61)) - First MetricRegistry has been created without registering reporters. You may need to call MetricRegistries.global().addReportRegistration(...) before.
2019-11-14 15:11:08,544 [RatisPipelineUtilsThread] INFO  pipeline.PipelineStateManager (PipelineStateManager.java:addPipeline(55)) - Created pipeline Pipeline[ Id: 307b61df-646c-4a2e-90a9-c03aabed6dcb, Nodes: fdb64a2a-711d-4b74-a4a4-cacd6c2cad61{ip: 192.168.34.62, host: pr-hdds-2480-6qkg9-608321763, networkLocation: /rack1, certSerialId: null}de889d2b-5891-48f1-89d7-805f59e22d6d{ip: 192.168.34.62, host: pr-hdds-2480-6qkg9-608321763, networkLocation: /rack1, certSerialId: null}34d60e7e-1049-4636-b4f7-69f15bd98c31{ip: 192.168.34.62, host: pr-hdds-2480-6qkg9-608321763, networkLocation: /rack1, certSerialId: null}, Type:RATIS, Factor:THREE, State:ALLOCATED]
2019-11-14 15:11:08,563 [IPC Server handler 0 on 43819] INFO  net.NetworkTopology (NetworkTopologyImpl.java:add(111)) - Added a new node: /rack1/9ce1968d-df6d-4251-8f68-caf53c6f1d3e
2019-11-14 15:11:08,563 [IPC Server handler 0 on 43819] INFO  node.SCMNodeManager (SCMNodeManager.java:register(267)) - Registered Data node : 9ce1968d-df6d-4251-8f68-caf53c6f1d3e{ip: 192.168.34.62, host: pr-hdds-2480-6qkg9-608321763, networkLocation: /rack1, certSerialId: null}
2019-11-14 15:11:08,568 [grpc-default-executor-6] INFO  impl.RaftServerProxy (RaftServerProxy.java:addNew(89)) - c45d92cd-1d84-4e39-b22b-e775d9180271: addNew group-36F92B50241A:[c45d92cd-1d84-4e39-b22b-e775d9180271:192.168.34.62:37954] returns group-36F92B50241A:java.util.concurrent.CompletableFuture@19f2bac7[Not completed]
2019-11-14 15:11:08,569 [pool-579-thread-1] INFO  impl.RaftServerImpl (RaftServerImpl.java:<init>(98)) - c45d92cd-1d84-4e39-b22b-e775d9180271: new RaftServerImpl for group-36F92B50241A:[c45d92cd-1d84-4e39-b22b-e775d9180271:192.168.34.62:37954] with ContainerStateMachine:uninitialized
2019-11-14 15:11:08,569 [pool-579-thread-1] INFO  server.RaftServerConfigKeys (ConfUtils.java:logGet(43)) - raft.server.rpc.timeout.min = 1s (custom)
2019-11-14 15:11:08,569 [pool-579-thread-1] INFO  server.RaftServerConfigKeys (ConfUtils.java:logGet(43)) - raft.server.rpc.timeout.max = 1200ms (custom)
2019-11-14 15:11:08,570 [pool-579-thread-1] INFO  server.RaftServerConfigKeys (ConfUtils.java:logGet(43)) - raft.server.rpcslowness.timeout = 120s (custom)
2019-11-14 15:11:08,570 [pool-579-thread-1] INFO  server.RaftServerConfigKeys (ConfUtils.java:logGet(43)) - raft.server.sleep.deviation.threshold = 300 (default)
2019-11-14 15:11:08,570 [pool-579-thread-1] INFO  server.RaftServerConfigKeys (ConfUtils.java:logGet(43)) - raft.server.log.appender.install.snapshot.enabled = false (custom)
2019-11-14 15:11:08,570 [pool-579-thread-1] INFO  impl.RaftServerImpl (ServerState.java:<init>(103)) - c45d92cd-1d84-4e39-b22b-e775d9180271@group-36F92B50241A: ConfigurationManager, init=-1: [c45d92cd-1d84-4e39-b22b-e775d9180271:192.168.34.62:37954], old=null, confs=<EMPTY_MAP>
2019-11-14 15:11:08,570 [pool-579-thread-1] INFO  server.RaftServerConfigKeys (ConfUtils.java:logGet(43)) - raft.server.storage.dir = [/workdir/hadoop-ozone/integration-test/target/test-dir/MiniOzoneClusterImpl-5901a962-94ba-4a8b-ba12-ae811e713c7a/datanode-7/data/ratis] (custom)
2019-11-14 15:11:08,570 [pool-579-thread-1] INFO  server.RaftServerConfigKeys (ConfUtils.java:logGet(43)) - raft.server.log.corruption.policy = EXCEPTION (default)
2019-11-14 15:11:08,571 [pool-579-thread-1] INFO  storage.RaftStorageDirectory (RaftStorageDirectory.java:analyzeStorage(246)) - The storage directory /workdir/hadoop-ozone/integration-test/target/test-dir/MiniOzoneClusterImpl-5901a962-94ba-4a8b-ba12-ae811e713c7a/datanode-7/data/ratis/8d721de6-ee96-4b25-8e9b-36f92b50241a does not exist. Creating ...
2019-11-14 15:11:08,601 [pool-579-thread-1] INFO  storage.RaftStorageDirectory (RaftStorageDirectory.java:tryLock(328)) - Lock on /workdir/hadoop-ozone/integration-test/target/test-dir/MiniOzoneClusterImpl-5901a962-94ba-4a8b-ba12-ae811e713c7a/datanode-7/data/ratis/8d721de6-ee96-4b25-8e9b-36f92b50241a/in_use.lock acquired by nodename 23875@pr-hdds-2480-6qkg9-608321763
2019-11-14 15:11:08,627 [pool-579-thread-1] INFO  storage.RaftStorage (RaftStorage.java:format(84)) - Storage directory /workdir/hadoop-ozone/integration-test/target/test-dir/MiniOzoneClusterImpl-5901a962-94ba-4a8b-ba12-ae811e713c7a/datanode-7/data/ratis/8d721de6-ee96-4b25-8e9b-36f92b50241a has been successfully formatted.
2019-11-14 15:11:08,627 [pool-579-thread-1] INFO  ratis.ContainerStateMachine (ContainerStateMachine.java:loadSnapshot(223)) - group-36F92B50241A: The snapshot info is null. Setting the last applied indexto:(t:0, i:~)
2019-11-14 15:11:08,628 [pool-579-thread-1] INFO  server.RaftServerConfigKeys (ConfUtils.java:logGet(43)) - raft.server.notification.no-leader.timeout = 120s (custom)
2019-11-14 15:11:08,628 [pool-579-thread-1] INFO  server.RaftServerConfigKeys (ConfUtils.java:logGet(43)) - raft.server.log.use.memory = false (default)
2019-11-14 15:11:08,628 [pool-579-thread-1] INFO  server.RaftServerConfigKeys (ConfUtils.java:logGet(43)) - raft.server.log.purge.gap = 1000000 (custom)
2019-11-14 15:11:08,628 [pool-579-thread-1] INFO  server.RaftServerConfigKeys (ConfUtils.java:logGet(43)) - raft.server.log.appender.buffer.byte-limit = 33554432 (custom)
2019-11-14 15:11:08,628 [pool-579-thread-1] INFO  server.RaftServerConfigKeys (ConfUtils.java:logGet(43)) - raft.server.log.segment.size.max = 1048576 (custom)
2019-11-14 15:11:08,628 [pool-579-thread-1] WARN  impl.MetricRegistriesImpl (MetricRegistriesImpl.java:lambda$create$1(61)) - First MetricRegistry has been created without registering reporters. You may need to call MetricRegistries.global().addReportRegistration(...) before.
2019-11-14 15:11:08,628 [pool-579-thread-1] INFO  server.RaftServerConfigKeys (ConfUtils.java:logGet(43)) - raft.server.log.segment.cache.num.max = 2 (custom)
2019-11-14 15:11:08,629 [pool-579-thread-1] INFO  segmented.SegmentedRaftLogWorker (SegmentedRaftLogWorker.java:<init>(173)) - new c45d92cd-1d84-4e39-b22b-e775d9180271@group-36F92B50241A-SegmentedRaftLogWorker for RaftStorage:Storage Directory /workdir/hadoop-ozone/integration-test/target/test-dir/MiniOzoneClusterImpl-5901a962-94ba-4a8b-ba12-ae811e713c7a/datanode-7/data/ratis/8d721de6-ee96-4b25-8e9b-36f92b50241a
2019-11-14 15:11:08,629 [pool-579-thread-1] INFO  server.RaftServerConfigKeys (ConfUtils.java:logGet(43)) - raft.server.log.queue.byte-limit = 2147483647 (custom)
2019-11-14 15:11:08,629 [pool-579-thread-1] INFO  server.RaftServerConfigKeys (ConfUtils.java:logGet(43)) - raft.server.log.queue.element-limit = 1024 (custom)
2019-11-14 15:11:08,629 [pool-579-thread-1] INFO  server.RaftServerConfigKeys (ConfUtils.java:logGet(43)) - raft.server.log.segment.size.max = 1048576 (custom)
2019-11-14 15:11:08,629 [pool-579-thread-1] INFO  server.RaftServerConfigKeys (ConfUtils.java:logGet(43)) - raft.server.log.preallocated.size = 16384 (custom)
2019-11-14 15:11:08,629 [pool-579-thread-1] INFO  server.RaftServerConfigKeys (ConfUtils.java:logGet(43)) - raft.server.log.write.buffer.size = 33554432 (custom)
2019-11-14 15:11:08,629 [pool-579-thread-1] INFO  server.RaftServerConfigKeys (ConfUtils.java:logGet(43)) - raft.server.log.force.sync.num = 128 (default)
2019-11-14 15:11:08,629 [pool-579-thread-1] INFO  server.RaftServerConfigKeys (ConfUtils.java:logGet(43)) - raft.server.log.statemachine.data.sync = true (default)
2019-11-14 15:11:08,629 [pool-579-thread-1] INFO  server.RaftServerConfigKeys (ConfUtils.java:logGet(43)) - raft.server.log.statemachine.data.sync.timeout = 10s (default)
2019-11-14 15:11:08,630 [pool-579-thread-1] INFO  server.RaftServerConfigKeys (ConfUtils.java:logGet(43)) - raft.server.log.statemachine.data.sync.timeout.retry = -1 (default)
2019-11-14 15:11:08,630 [pool-579-thread-1] INFO  server.RaftServerConfigKeys (ConfUtils.java:logGet(43)) - raft.server.log.statemachine.data.caching.enabled = true (custom)
2019-11-14 15:11:08,630 [pool-579-thread-1] INFO  segmented.SegmentedRaftLogWorker (SegmentedRaftLogWorker.java:lambda$new$0(128)) - c45d92cd-1d84-4e39-b22b-e775d9180271@group-36F92B50241A-SegmentedRaftLogWorker: flushIndex: setUnconditionally 0 -> -1
2019-11-14 15:11:08,630 [pool-579-thread-1] INFO  server.RaftServerConfigKeys (ConfUtils.java:logGet(43)) - raft.server.snapshot.auto.trigger.enabled = true (custom)
2019-11-14 15:11:08,630 [pool-579-thread-1] INFO  server.RaftServerConfigKeys (ConfUtils.java:logGet(43)) - raft.server.snapshot.auto.trigger.threshold = 10000 (custom)
2019-11-14 15:11:08,631 [pool-579-thread-1] INFO  server.RaftServerConfigKeys (ConfUtils.java:logGet(43)) - raft.server.snapshot.retention.file.num = 5 (custom)
2019-11-14 15:11:08,631 [pool-579-thread-1] INFO  server.RaftServerConfigKeys (ConfUtils.java:logGet(43)) - raft.server.retrycache.expirytime = 600000ms (custom)
2019-11-14 15:11:08,631 [pool-579-thread-1] WARN  impl.MetricRegistriesImpl (MetricRegistriesImpl.java:lambda$create$1(61)) - First MetricRegistry has been created without registering reporters. You may need to call MetricRegistries.global().addReportRegistration(...) before.
2019-11-14 15:11:08,631 [pool-579-thread-1] WARN  impl.MetricRegistriesImpl (MetricRegistriesImpl.java:lambda$create$1(61)) - First MetricRegistry has been created without registering reporters. You may need to call MetricRegistries.global().addReportRegistration(...) before.
2019-11-14 15:11:08,631 [pool-579-thread-1] INFO  impl.RaftServerImpl (RaftServerImpl.java:start(184)) - c45d92cd-1d84-4e39-b22b-e775d9180271@group-36F92B50241A: start as a follower, conf=-1: [c45d92cd-1d84-4e39-b22b-e775d9180271:192.168.34.62:37954], old=null
2019-11-14 15:11:08,631 [pool-579-thread-1] INFO  impl.RaftServerImpl (RaftServerImpl.java:setRole(173)) - c45d92cd-1d84-4e39-b22b-e775d9180271@group-36F92B50241A: changes role from      null to FOLLOWER at term 0 for startAsFollower
2019-11-14 15:11:08,631 [pool-579-thread-1] INFO  impl.RoleInfo (RoleInfo.java:updateAndGet(143)) - c45d92cd-1d84-4e39-b22b-e775d9180271: start FollowerState
2019-11-14 15:11:08,632 [pool-579-thread-1] INFO  util.JmxRegister (JmxRegister.java:tryRegister(44)) - Successfully registered JMX Bean with object name Ratis:service=RaftServer,group=group-36F92B50241A,id=c45d92cd-1d84-4e39-b22b-e775d9180271
2019-11-14 15:11:08,632 [pool-579-thread-1] WARN  impl.MetricRegistriesImpl (MetricRegistriesImpl.java:lambda$create$1(61)) - First MetricRegistry has been created without registering reporters. You may need to call MetricRegistries.global().addReportRegistration(...) before.
2019-11-14 15:11:08,634 [RatisPipelineUtilsThread] INFO  pipeline.PipelineStateManager (PipelineStateManager.java:addPipeline(55)) - Created pipeline Pipeline[ Id: 8d721de6-ee96-4b25-8e9b-36f92b50241a, Nodes: c45d92cd-1d84-4e39-b22b-e775d9180271{ip: 192.168.34.62, host: pr-hdds-2480-6qkg9-608321763, networkLocation: /rack1, certSerialId: null}, Type:RATIS, Factor:ONE, State:ALLOCATED]
2019-11-14 15:11:08,639 [grpc-default-executor-6] INFO  impl.RaftServerProxy (RaftServerProxy.java:addNew(89)) - 9ce1968d-df6d-4251-8f68-caf53c6f1d3e: addNew group-6B84596190FA:[9ce1968d-df6d-4251-8f68-caf53c6f1d3e:192.168.34.62:35975] returns group-6B84596190FA:java.util.concurrent.CompletableFuture@2dafeba0[Not completed]
2019-11-14 15:11:08,640 [pool-589-thread-1] INFO  impl.RaftServerImpl (RaftServerImpl.java:<init>(98)) - 9ce1968d-df6d-4251-8f68-caf53c6f1d3e: new RaftServerImpl for group-6B84596190FA:[9ce1968d-df6d-4251-8f68-caf53c6f1d3e:192.168.34.62:35975] with ContainerStateMachine:uninitialized
2019-11-14 15:11:08,641 [pool-589-thread-1] INFO  server.RaftServerConfigKeys (ConfUtils.java:logGet(43)) - raft.server.rpc.timeout.min = 1s (custom)
2019-11-14 15:11:08,641 [pool-589-thread-1] INFO  server.RaftServerConfigKeys (ConfUtils.java:logGet(43)) - raft.server.rpc.timeout.max = 1200ms (custom)
2019-11-14 15:11:08,641 [pool-589-thread-1] INFO  server.RaftServerConfigKeys (ConfUtils.java:logGet(43)) - raft.server.rpcslowness.timeout = 120s (custom)
2019-11-14 15:11:08,641 [pool-589-thread-1] INFO  server.RaftServerConfigKeys (ConfUtils.java:logGet(43)) - raft.server.sleep.deviation.threshold = 300 (default)
2019-11-14 15:11:08,641 [pool-589-thread-1] INFO  server.RaftServerConfigKeys (ConfUtils.java:logGet(43)) - raft.server.log.appender.install.snapshot.enabled = false (custom)
2019-11-14 15:11:08,641 [pool-589-thread-1] INFO  impl.RaftServerImpl (ServerState.java:<init>(103)) - 9ce1968d-df6d-4251-8f68-caf53c6f1d3e@group-6B84596190FA: ConfigurationManager, init=-1: [9ce1968d-df6d-4251-8f68-caf53c6f1d3e:192.168.34.62:35975], old=null, confs=<EMPTY_MAP>
2019-11-14 15:11:08,641 [pool-589-thread-1] INFO  server.RaftServerConfigKeys (ConfUtils.java:logGet(43)) - raft.server.storage.dir = [/workdir/hadoop-ozone/integration-test/target/test-dir/MiniOzoneClusterImpl-5901a962-94ba-4a8b-ba12-ae811e713c7a/datanode-8/data/ratis] (custom)
2019-11-14 15:11:08,642 [pool-589-thread-1] INFO  server.RaftServerConfigKeys (ConfUtils.java:logGet(43)) - raft.server.log.corruption.policy = EXCEPTION (default)
2019-11-14 15:11:08,642 [pool-589-thread-1] INFO  storage.RaftStorageDirectory (RaftStorageDirectory.java:analyzeStorage(246)) - The storage directory /workdir/hadoop-ozone/integration-test/target/test-dir/MiniOzoneClusterImpl-5901a962-94ba-4a8b-ba12-ae811e713c7a/datanode-8/data/ratis/1f0736fe-b32b-489f-88ae-6b84596190fa does not exist. Creating ...
2019-11-14 15:11:08,655 [pool-589-thread-1] INFO  storage.RaftStorageDirectory (RaftStorageDirectory.java:tryLock(328)) - Lock on /workdir/hadoop-ozone/integration-test/target/test-dir/MiniOzoneClusterImpl-5901a962-94ba-4a8b-ba12-ae811e713c7a/datanode-8/data/ratis/1f0736fe-b32b-489f-88ae-6b84596190fa/in_use.lock acquired by nodename 23875@pr-hdds-2480-6qkg9-608321763
2019-11-14 15:11:08,669 [pool-589-thread-1] INFO  storage.RaftStorage (RaftStorage.java:format(84)) - Storage directory /workdir/hadoop-ozone/integration-test/target/test-dir/MiniOzoneClusterImpl-5901a962-94ba-4a8b-ba12-ae811e713c7a/datanode-8/data/ratis/1f0736fe-b32b-489f-88ae-6b84596190fa has been successfully formatted.
2019-11-14 15:11:08,669 [pool-589-thread-1] INFO  ratis.ContainerStateMachine (ContainerStateMachine.java:loadSnapshot(223)) - group-6B84596190FA: The snapshot info is null. Setting the last applied indexto:(t:0, i:~)
2019-11-14 15:11:08,669 [pool-589-thread-1] INFO  server.RaftServerConfigKeys (ConfUtils.java:logGet(43)) - raft.server.notification.no-leader.timeout = 120s (custom)
2019-11-14 15:11:08,670 [pool-589-thread-1] INFO  server.RaftServerConfigKeys (ConfUtils.java:logGet(43)) - raft.server.log.use.memory = false (default)
2019-11-14 15:11:08,670 [pool-589-thread-1] INFO  server.RaftServerConfigKeys (ConfUtils.java:logGet(43)) - raft.server.log.purge.gap = 1000000 (custom)
2019-11-14 15:11:08,670 [pool-589-thread-1] INFO  server.RaftServerConfigKeys (ConfUtils.java:logGet(43)) - raft.server.log.appender.buffer.byte-limit = 33554432 (custom)
2019-11-14 15:11:08,670 [pool-589-thread-1] INFO  server.RaftServerConfigKeys (ConfUtils.java:logGet(43)) - raft.server.log.segment.size.max = 1048576 (custom)
2019-11-14 15:11:08,670 [pool-589-thread-1] WARN  impl.MetricRegistriesImpl (MetricRegistriesImpl.java:lambda$create$1(61)) - First MetricRegistry has been created without registering reporters. You may need to call MetricRegistries.global().addReportRegistration(...) before.
2019-11-14 15:11:08,670 [pool-589-thread-1] INFO  server.RaftServerConfigKeys (ConfUtils.java:logGet(43)) - raft.server.log.segment.cache.num.max = 2 (custom)
2019-11-14 15:11:08,671 [pool-589-thread-1] INFO  segmented.SegmentedRaftLogWorker (SegmentedRaftLogWorker.java:<init>(173)) - new 9ce1968d-df6d-4251-8f68-caf53c6f1d3e@group-6B84596190FA-SegmentedRaftLogWorker for RaftStorage:Storage Directory /workdir/hadoop-ozone/integration-test/target/test-dir/MiniOzoneClusterImpl-5901a962-94ba-4a8b-ba12-ae811e713c7a/datanode-8/data/ratis/1f0736fe-b32b-489f-88ae-6b84596190fa
2019-11-14 15:11:08,671 [pool-589-thread-1] INFO  server.RaftServerConfigKeys (ConfUtils.java:logGet(43)) - raft.server.log.queue.byte-limit = 2147483647 (custom)
2019-11-14 15:11:08,671 [pool-589-thread-1] INFO  server.RaftServerConfigKeys (ConfUtils.java:logGet(43)) - raft.server.log.queue.element-limit = 1024 (custom)
2019-11-14 15:11:08,671 [pool-589-thread-1] INFO  server.RaftServerConfigKeys (ConfUtils.java:logGet(43)) - raft.server.log.segment.size.max = 1048576 (custom)
2019-11-14 15:11:08,671 [pool-589-thread-1] INFO  server.RaftServerConfigKeys (ConfUtils.java:logGet(43)) - raft.server.log.preallocated.size = 16384 (custom)
2019-11-14 15:11:08,671 [pool-589-thread-1] INFO  server.RaftServerConfigKeys (ConfUtils.java:logGet(43)) - raft.server.log.write.buffer.size = 33554432 (custom)
2019-11-14 15:11:08,671 [pool-589-thread-1] INFO  server.RaftServerConfigKeys (ConfUtils.java:logGet(43)) - raft.server.log.force.sync.num = 128 (default)
2019-11-14 15:11:08,671 [pool-589-thread-1] INFO  server.RaftServerConfigKeys (ConfUtils.java:logGet(43)) - raft.server.log.statemachine.data.sync = true (default)
2019-11-14 15:11:08,671 [pool-589-thread-1] INFO  server.RaftServerConfigKeys (ConfUtils.java:logGet(43)) - raft.server.log.statemachine.data.sync.timeout = 10s (default)
2019-11-14 15:11:08,672 [pool-589-thread-1] INFO  server.RaftServerConfigKeys (ConfUtils.java:logGet(43)) - raft.server.log.statemachine.data.sync.timeout.retry = -1 (default)
2019-11-14 15:11:08,672 [pool-589-thread-1] INFO  server.RaftServerConfigKeys (ConfUtils.java:logGet(43)) - raft.server.log.statemachine.data.caching.enabled = true (custom)
2019-11-14 15:11:08,672 [pool-589-thread-1] INFO  segmented.SegmentedRaftLogWorker (SegmentedRaftLogWorker.java:lambda$new$0(128)) - 9ce1968d-df6d-4251-8f68-caf53c6f1d3e@group-6B84596190FA-SegmentedRaftLogWorker: flushIndex: setUnconditionally 0 -> -1
2019-11-14 15:11:08,672 [pool-589-thread-1] INFO  server.RaftServerConfigKeys (ConfUtils.java:logGet(43)) - raft.server.snapshot.auto.trigger.enabled = true (custom)
2019-11-14 15:11:08,672 [pool-589-thread-1] INFO  server.RaftServerConfigKeys (ConfUtils.java:logGet(43)) - raft.server.snapshot.auto.trigger.threshold = 10000 (custom)
2019-11-14 15:11:08,673 [pool-589-thread-1] INFO  server.RaftServerConfigKeys (ConfUtils.java:logGet(43)) - raft.server.snapshot.retention.file.num = 5 (custom)
2019-11-14 15:11:08,673 [pool-589-thread-1] INFO  server.RaftServerConfigKeys (ConfUtils.java:logGet(43)) - raft.server.retrycache.expirytime = 600000ms (custom)
2019-11-14 15:11:08,673 [pool-589-thread-1] WARN  impl.MetricRegistriesImpl (MetricRegistriesImpl.java:lambda$create$1(61)) - First MetricRegistry has been created without registering reporters. You may need to call MetricRegistries.global().addReportRegistration(...) before.
2019-11-14 15:11:08,673 [pool-589-thread-1] WARN  impl.MetricRegistriesImpl (MetricRegistriesImpl.java:lambda$create$1(61)) - First MetricRegistry has been created without registering reporters. You may need to call MetricRegistries.global().addReportRegistration(...) before.
2019-11-14 15:11:08,673 [pool-589-thread-1] INFO  impl.RaftServerImpl (RaftServerImpl.java:start(184)) - 9ce1968d-df6d-4251-8f68-caf53c6f1d3e@group-6B84596190FA: start as a follower, conf=-1: [9ce1968d-df6d-4251-8f68-caf53c6f1d3e:192.168.34.62:35975], old=null
2019-11-14 15:11:08,673 [pool-589-thread-1] INFO  impl.RaftServerImpl (RaftServerImpl.java:setRole(173)) - 9ce1968d-df6d-4251-8f68-caf53c6f1d3e@group-6B84596190FA: changes role from      null to FOLLOWER at term 0 for startAsFollower
2019-11-14 15:11:08,673 [pool-589-thread-1] INFO  impl.RoleInfo (RoleInfo.java:updateAndGet(143)) - 9ce1968d-df6d-4251-8f68-caf53c6f1d3e: start FollowerState
2019-11-14 15:11:08,674 [pool-589-thread-1] INFO  util.JmxRegister (JmxRegister.java:tryRegister(44)) - Successfully registered JMX Bean with object name Ratis:service=RaftServer,group=group-6B84596190FA,id=9ce1968d-df6d-4251-8f68-caf53c6f1d3e
2019-11-14 15:11:08,674 [pool-589-thread-1] WARN  impl.MetricRegistriesImpl (MetricRegistriesImpl.java:lambda$create$1(61)) - First MetricRegistry has been created without registering reporters. You may need to call MetricRegistries.global().addReportRegistration(...) before.
2019-11-14 15:11:08,676 [RatisPipelineUtilsThread] INFO  pipeline.PipelineStateManager (PipelineStateManager.java:addPipeline(55)) - Created pipeline Pipeline[ Id: 1f0736fe-b32b-489f-88ae-6b84596190fa, Nodes: 9ce1968d-df6d-4251-8f68-caf53c6f1d3e{ip: 192.168.34.62, host: pr-hdds-2480-6qkg9-608321763, networkLocation: /rack1, certSerialId: null}, Type:RATIS, Factor:ONE, State:ALLOCATED]
2019-11-14 15:11:08,683 [grpc-default-executor-0] INFO  impl.RaftServerProxy (RaftServerProxy.java:addNew(89)) - 69447648-1360-460f-862e-b843b6813c61: addNew group-D41C583FE8EC:[69447648-1360-460f-862e-b843b6813c61:192.168.34.62:43196, 9ce1968d-df6d-4251-8f68-caf53c6f1d3e:192.168.34.62:35975, c45d92cd-1d84-4e39-b22b-e775d9180271:192.168.34.62:37954] returns group-D41C583FE8EC:java.util.concurrent.CompletableFuture@7428a8fb[Not completed]
2019-11-14 15:11:08,684 [grpc-default-executor-0] INFO  impl.RaftServerProxy (RaftServerProxy.java:addNew(89)) - c45d92cd-1d84-4e39-b22b-e775d9180271: addNew group-D41C583FE8EC:[69447648-1360-460f-862e-b843b6813c61:192.168.34.62:43196, 9ce1968d-df6d-4251-8f68-caf53c6f1d3e:192.168.34.62:35975, c45d92cd-1d84-4e39-b22b-e775d9180271:192.168.34.62:37954] returns group-D41C583FE8EC:java.util.concurrent.CompletableFuture@f46547[Not completed]
2019-11-14 15:11:08,684 [grpc-default-executor-4] INFO  impl.RaftServerProxy (RaftServerProxy.java:addNew(89)) - 9ce1968d-df6d-4251-8f68-caf53c6f1d3e: addNew group-D41C583FE8EC:[69447648-1360-460f-862e-b843b6813c61:192.168.34.62:43196, 9ce1968d-df6d-4251-8f68-caf53c6f1d3e:192.168.34.62:35975, c45d92cd-1d84-4e39-b22b-e775d9180271:192.168.34.62:37954] returns group-D41C583FE8EC:java.util.concurrent.CompletableFuture@4e2c4e7d[Not completed]
2019-11-14 15:11:08,684 [pool-539-thread-1] INFO  impl.RaftServerImpl (RaftServerImpl.java:<init>(98)) - 69447648-1360-460f-862e-b843b6813c61: new RaftServerImpl for group-D41C583FE8EC:[69447648-1360-460f-862e-b843b6813c61:192.168.34.62:43196, 9ce1968d-df6d-4251-8f68-caf53c6f1d3e:192.168.34.62:35975, c45d92cd-1d84-4e39-b22b-e775d9180271:192.168.34.62:37954] with ContainerStateMachine:uninitialized
2019-11-14 15:11:08,684 [pool-539-thread-1] INFO  server.RaftServerConfigKeys (ConfUtils.java:logGet(43)) - raft.server.rpc.timeout.min = 1s (custom)
2019-11-14 15:11:08,685 [pool-539-thread-1] INFO  server.RaftServerConfigKeys (ConfUtils.java:logGet(43)) - raft.server.rpc.timeout.max = 1200ms (custom)
2019-11-14 15:11:08,685 [pool-539-thread-1] INFO  server.RaftServerConfigKeys (ConfUtils.java:logGet(43)) - raft.server.rpcslowness.timeout = 120s (custom)
2019-11-14 15:11:08,685 [pool-539-thread-1] INFO  server.RaftServerConfigKeys (ConfUtils.java:logGet(43)) - raft.server.sleep.deviation.threshold = 300 (default)
2019-11-14 15:11:08,685 [pool-539-thread-1] INFO  server.RaftServerConfigKeys (ConfUtils.java:logGet(43)) - raft.server.log.appender.install.snapshot.enabled = false (custom)
2019-11-14 15:11:08,685 [pool-539-thread-1] INFO  impl.RaftServerImpl (ServerState.java:<init>(103)) - 69447648-1360-460f-862e-b843b6813c61@group-D41C583FE8EC: ConfigurationManager, init=-1: [69447648-1360-460f-862e-b843b6813c61:192.168.34.62:43196, 9ce1968d-df6d-4251-8f68-caf53c6f1d3e:192.168.34.62:35975, c45d92cd-1d84-4e39-b22b-e775d9180271:192.168.34.62:37954], old=null, confs=<EMPTY_MAP>
2019-11-14 15:11:08,685 [pool-589-thread-1] INFO  impl.RaftServerImpl (RaftServerImpl.java:<init>(98)) - 9ce1968d-df6d-4251-8f68-caf53c6f1d3e: new RaftServerImpl for group-D41C583FE8EC:[69447648-1360-460f-862e-b843b6813c61:192.168.34.62:43196, 9ce1968d-df6d-4251-8f68-caf53c6f1d3e:192.168.34.62:35975, c45d92cd-1d84-4e39-b22b-e775d9180271:192.168.34.62:37954] with ContainerStateMachine:uninitialized
2019-11-14 15:11:08,685 [pool-539-thread-1] INFO  server.RaftServerConfigKeys (ConfUtils.java:logGet(43)) - raft.server.storage.dir = [/workdir/hadoop-ozone/integration-test/target/test-dir/MiniOzoneClusterImpl-5901a962-94ba-4a8b-ba12-ae811e713c7a/datanode-3/data/ratis] (custom)
2019-11-14 15:11:08,685 [pool-589-thread-1] INFO  server.RaftServerConfigKeys (ConfUtils.java:logGet(43)) - raft.server.rpc.timeout.min = 1s (custom)
2019-11-14 15:11:08,686 [pool-589-thread-1] INFO  server.RaftServerConfigKeys (ConfUtils.java:logGet(43)) - raft.server.rpc.timeout.max = 1200ms (custom)
2019-11-14 15:11:08,686 [pool-539-thread-1] INFO  server.RaftServerConfigKeys (ConfUtils.java:logGet(43)) - raft.server.log.corruption.policy = EXCEPTION (default)
2019-11-14 15:11:08,686 [pool-589-thread-1] INFO  server.RaftServerConfigKeys (ConfUtils.java:logGet(43)) - raft.server.rpcslowness.timeout = 120s (custom)
2019-11-14 15:11:08,686 [pool-589-thread-1] INFO  server.RaftServerConfigKeys (ConfUtils.java:logGet(43)) - raft.server.sleep.deviation.threshold = 300 (default)
2019-11-14 15:11:08,686 [pool-539-thread-1] INFO  storage.RaftStorageDirectory (RaftStorageDirectory.java:analyzeStorage(246)) - The storage directory /workdir/hadoop-ozone/integration-test/target/test-dir/MiniOzoneClusterImpl-5901a962-94ba-4a8b-ba12-ae811e713c7a/datanode-3/data/ratis/fbd092a1-625e-4a8b-b267-d41c583fe8ec does not exist. Creating ...
2019-11-14 15:11:08,686 [pool-579-thread-1] INFO  impl.RaftServerImpl (RaftServerImpl.java:<init>(98)) - c45d92cd-1d84-4e39-b22b-e775d9180271: new RaftServerImpl for group-D41C583FE8EC:[69447648-1360-460f-862e-b843b6813c61:192.168.34.62:43196, 9ce1968d-df6d-4251-8f68-caf53c6f1d3e:192.168.34.62:35975, c45d92cd-1d84-4e39-b22b-e775d9180271:192.168.34.62:37954] with ContainerStateMachine:uninitialized
2019-11-14 15:11:08,686 [pool-589-thread-1] INFO  server.RaftServerConfigKeys (ConfUtils.java:logGet(43)) - raft.server.log.appender.install.snapshot.enabled = false (custom)
2019-11-14 15:11:08,686 [pool-579-thread-1] INFO  server.RaftServerConfigKeys (ConfUtils.java:logGet(43)) - raft.server.rpc.timeout.min = 1s (custom)
2019-11-14 15:11:08,686 [pool-589-thread-1] INFO  impl.RaftServerImpl (ServerState.java:<init>(103)) - 9ce1968d-df6d-4251-8f68-caf53c6f1d3e@group-D41C583FE8EC: ConfigurationManager, init=-1: [69447648-1360-460f-862e-b843b6813c61:192.168.34.62:43196, 9ce1968d-df6d-4251-8f68-caf53c6f1d3e:192.168.34.62:35975, c45d92cd-1d84-4e39-b22b-e775d9180271:192.168.34.62:37954], old=null, confs=<EMPTY_MAP>
2019-11-14 15:11:08,687 [pool-579-thread-1] INFO  server.RaftServerConfigKeys (ConfUtils.java:logGet(43)) - raft.server.rpc.timeout.max = 1200ms (custom)
2019-11-14 15:11:08,687 [pool-589-thread-1] INFO  server.RaftServerConfigKeys (ConfUtils.java:logGet(43)) - raft.server.storage.dir = [/workdir/hadoop-ozone/integration-test/target/test-dir/MiniOzoneClusterImpl-5901a962-94ba-4a8b-ba12-ae811e713c7a/datanode-8/data/ratis] (custom)
2019-11-14 15:11:08,687 [pool-579-thread-1] INFO  server.RaftServerConfigKeys (ConfUtils.java:logGet(43)) - raft.server.rpcslowness.timeout = 120s (custom)
2019-11-14 15:11:08,687 [pool-589-thread-1] INFO  server.RaftServerConfigKeys (ConfUtils.java:logGet(43)) - raft.server.log.corruption.policy = EXCEPTION (default)
2019-11-14 15:11:08,687 [pool-579-thread-1] INFO  server.RaftServerConfigKeys (ConfUtils.java:logGet(43)) - raft.server.sleep.deviation.threshold = 300 (default)
2019-11-14 15:11:08,687 [pool-589-thread-1] INFO  storage.RaftStorageDirectory (RaftStorageDirectory.java:analyzeStorage(246)) - The storage directory /workdir/hadoop-ozone/integration-test/target/test-dir/MiniOzoneClusterImpl-5901a962-94ba-4a8b-ba12-ae811e713c7a/datanode-8/data/ratis/fbd092a1-625e-4a8b-b267-d41c583fe8ec does not exist. Creating ...
2019-11-14 15:11:08,687 [pool-579-thread-1] INFO  server.RaftServerConfigKeys (ConfUtils.java:logGet(43)) - raft.server.log.appender.install.snapshot.enabled = false (custom)
2019-11-14 15:11:08,687 [pool-579-thread-1] INFO  impl.RaftServerImpl (ServerState.java:<init>(103)) - c45d92cd-1d84-4e39-b22b-e775d9180271@group-D41C583FE8EC: ConfigurationManager, init=-1: [69447648-1360-460f-862e-b843b6813c61:192.168.34.62:43196, 9ce1968d-df6d-4251-8f68-caf53c6f1d3e:192.168.34.62:35975, c45d92cd-1d84-4e39-b22b-e775d9180271:192.168.34.62:37954], old=null, confs=<EMPTY_MAP>
2019-11-14 15:11:08,688 [pool-579-thread-1] INFO  server.RaftServerConfigKeys (ConfUtils.java:logGet(43)) - raft.server.storage.dir = [/workdir/hadoop-ozone/integration-test/target/test-dir/MiniOzoneClusterImpl-5901a962-94ba-4a8b-ba12-ae811e713c7a/datanode-7/data/ratis] (custom)
2019-11-14 15:11:08,688 [pool-579-thread-1] INFO  server.RaftServerConfigKeys (ConfUtils.java:logGet(43)) - raft.server.log.corruption.policy = EXCEPTION (default)
2019-11-14 15:11:08,688 [pool-579-thread-1] INFO  storage.RaftStorageDirectory (RaftStorageDirectory.java:analyzeStorage(246)) - The storage directory /workdir/hadoop-ozone/integration-test/target/test-dir/MiniOzoneClusterImpl-5901a962-94ba-4a8b-ba12-ae811e713c7a/datanode-7/data/ratis/fbd092a1-625e-4a8b-b267-d41c583fe8ec does not exist. Creating ...
2019-11-14 15:11:08,699 [pool-579-thread-1] INFO  storage.RaftStorageDirectory (RaftStorageDirectory.java:tryLock(328)) - Lock on /workdir/hadoop-ozone/integration-test/target/test-dir/MiniOzoneClusterImpl-5901a962-94ba-4a8b-ba12-ae811e713c7a/datanode-7/data/ratis/fbd092a1-625e-4a8b-b267-d41c583fe8ec/in_use.lock acquired by nodename 23875@pr-hdds-2480-6qkg9-608321763
2019-11-14 15:11:08,699 [pool-589-thread-1] INFO  storage.RaftStorageDirectory (RaftStorageDirectory.java:tryLock(328)) - Lock on /workdir/hadoop-ozone/integration-test/target/test-dir/MiniOzoneClusterImpl-5901a962-94ba-4a8b-ba12-ae811e713c7a/datanode-8/data/ratis/fbd092a1-625e-4a8b-b267-d41c583fe8ec/in_use.lock acquired by nodename 23875@pr-hdds-2480-6qkg9-608321763
2019-11-14 15:11:08,699 [pool-539-thread-1] INFO  storage.RaftStorageDirectory (RaftStorageDirectory.java:tryLock(328)) - Lock on /workdir/hadoop-ozone/integration-test/target/test-dir/MiniOzoneClusterImpl-5901a962-94ba-4a8b-ba12-ae811e713c7a/datanode-3/data/ratis/fbd092a1-625e-4a8b-b267-d41c583fe8ec/in_use.lock acquired by nodename 23875@pr-hdds-2480-6qkg9-608321763
2019-11-14 15:11:08,713 [pool-589-thread-1] INFO  storage.RaftStorage (RaftStorage.java:format(84)) - Storage directory /workdir/hadoop-ozone/integration-test/target/test-dir/MiniOzoneClusterImpl-5901a962-94ba-4a8b-ba12-ae811e713c7a/datanode-8/data/ratis/fbd092a1-625e-4a8b-b267-d41c583fe8ec has been successfully formatted.
2019-11-14 15:11:08,713 [pool-579-thread-1] INFO  storage.RaftStorage (RaftStorage.java:format(84)) - Storage directory /workdir/hadoop-ozone/integration-test/target/test-dir/MiniOzoneClusterImpl-5901a962-94ba-4a8b-ba12-ae811e713c7a/datanode-7/data/ratis/fbd092a1-625e-4a8b-b267-d41c583fe8ec has been successfully formatted.
2019-11-14 15:11:08,713 [pool-539-thread-1] INFO  storage.RaftStorage (RaftStorage.java:format(84)) - Storage directory /workdir/hadoop-ozone/integration-test/target/test-dir/MiniOzoneClusterImpl-5901a962-94ba-4a8b-ba12-ae811e713c7a/datanode-3/data/ratis/fbd092a1-625e-4a8b-b267-d41c583fe8ec has been successfully formatted.
2019-11-14 15:11:08,713 [pool-589-thread-1] INFO  ratis.ContainerStateMachine (ContainerStateMachine.java:loadSnapshot(223)) - group-D41C583FE8EC: The snapshot info is null. Setting the last applied indexto:(t:0, i:~)
2019-11-14 15:11:08,713 [pool-539-thread-1] INFO  ratis.ContainerStateMachine (ContainerStateMachine.java:loadSnapshot(223)) - group-D41C583FE8EC: The snapshot info is null. Setting the last applied indexto:(t:0, i:~)
2019-11-14 15:11:08,713 [pool-579-thread-1] INFO  ratis.ContainerStateMachine (ContainerStateMachine.java:loadSnapshot(223)) - group-D41C583FE8EC: The snapshot info is null. Setting the last applied indexto:(t:0, i:~)
2019-11-14 15:11:08,714 [pool-539-thread-1] INFO  server.RaftServerConfigKeys (ConfUtils.java:logGet(43)) - raft.server.notification.no-leader.timeout = 120s (custom)
2019-11-14 15:11:08,714 [pool-589-thread-1] INFO  server.RaftServerConfigKeys (ConfUtils.java:logGet(43)) - raft.server.notification.no-leader.timeout = 120s (custom)
2019-11-14 15:11:08,714 [pool-539-thread-1] INFO  server.RaftServerConfigKeys (ConfUtils.java:logGet(43)) - raft.server.log.use.memory = false (default)
2019-11-14 15:11:08,714 [pool-579-thread-1] INFO  server.RaftServerConfigKeys (ConfUtils.java:logGet(43)) - raft.server.notification.no-leader.timeout = 120s (custom)
2019-11-14 15:11:08,714 [pool-539-thread-1] INFO  server.RaftServerConfigKeys (ConfUtils.java:logGet(43)) - raft.server.log.purge.gap = 1000000 (custom)
2019-11-14 15:11:08,714 [pool-589-thread-1] INFO  server.RaftServerConfigKeys (ConfUtils.java:logGet(43)) - raft.server.log.use.memory = false (default)
2019-11-14 15:11:08,714 [pool-539-thread-1] INFO  server.RaftServerConfigKeys (ConfUtils.java:logGet(43)) - raft.server.log.appender.buffer.byte-limit = 33554432 (custom)
2019-11-14 15:11:08,714 [pool-579-thread-1] INFO  server.RaftServerConfigKeys (ConfUtils.java:logGet(43)) - raft.server.log.use.memory = false (default)
2019-11-14 15:11:08,715 [pool-539-thread-1] INFO  server.RaftServerConfigKeys (ConfUtils.java:logGet(43)) - raft.server.log.segment.size.max = 1048576 (custom)
2019-11-14 15:11:08,715 [pool-579-thread-1] INFO  server.RaftServerConfigKeys (ConfUtils.java:logGet(43)) - raft.server.log.purge.gap = 1000000 (custom)
2019-11-14 15:11:08,714 [pool-589-thread-1] INFO  server.RaftServerConfigKeys (ConfUtils.java:logGet(43)) - raft.server.log.purge.gap = 1000000 (custom)
2019-11-14 15:11:08,715 [pool-579-thread-1] INFO  server.RaftServerConfigKeys (ConfUtils.java:logGet(43)) - raft.server.log.appender.buffer.byte-limit = 33554432 (custom)
2019-11-14 15:11:08,715 [pool-539-thread-1] INFO  server.RaftServerConfigKeys (ConfUtils.java:logGet(43)) - raft.server.log.segment.cache.num.max = 2 (custom)
2019-11-14 15:11:08,715 [pool-579-thread-1] INFO  server.RaftServerConfigKeys (ConfUtils.java:logGet(43)) - raft.server.log.segment.size.max = 1048576 (custom)
2019-11-14 15:11:08,715 [pool-589-thread-1] INFO  server.RaftServerConfigKeys (ConfUtils.java:logGet(43)) - raft.server.log.appender.buffer.byte-limit = 33554432 (custom)
2019-11-14 15:11:08,716 [pool-579-thread-1] INFO  server.RaftServerConfigKeys (ConfUtils.java:logGet(43)) - raft.server.log.segment.cache.num.max = 2 (custom)
2019-11-14 15:11:08,715 [pool-539-thread-1] INFO  segmented.SegmentedRaftLogWorker (SegmentedRaftLogWorker.java:<init>(173)) - new 69447648-1360-460f-862e-b843b6813c61@group-D41C583FE8EC-SegmentedRaftLogWorker for RaftStorage:Storage Directory /workdir/hadoop-ozone/integration-test/target/test-dir/MiniOzoneClusterImpl-5901a962-94ba-4a8b-ba12-ae811e713c7a/datanode-3/data/ratis/fbd092a1-625e-4a8b-b267-d41c583fe8ec
2019-11-14 15:11:08,716 [pool-579-thread-1] INFO  segmented.SegmentedRaftLogWorker (SegmentedRaftLogWorker.java:<init>(173)) - new c45d92cd-1d84-4e39-b22b-e775d9180271@group-D41C583FE8EC-SegmentedRaftLogWorker for RaftStorage:Storage Directory /workdir/hadoop-ozone/integration-test/target/test-dir/MiniOzoneClusterImpl-5901a962-94ba-4a8b-ba12-ae811e713c7a/datanode-7/data/ratis/fbd092a1-625e-4a8b-b267-d41c583fe8ec
2019-11-14 15:11:08,716 [pool-589-thread-1] INFO  server.RaftServerConfigKeys (ConfUtils.java:logGet(43)) - raft.server.log.segment.size.max = 1048576 (custom)
2019-11-14 15:11:08,716 [pool-579-thread-1] INFO  server.RaftServerConfigKeys (ConfUtils.java:logGet(43)) - raft.server.log.queue.byte-limit = 2147483647 (custom)
2019-11-14 15:11:08,716 [pool-539-thread-1] INFO  server.RaftServerConfigKeys (ConfUtils.java:logGet(43)) - raft.server.log.queue.byte-limit = 2147483647 (custom)
2019-11-14 15:11:08,716 [pool-539-thread-1] INFO  server.RaftServerConfigKeys (ConfUtils.java:logGet(43)) - raft.server.log.queue.element-limit = 1024 (custom)
2019-11-14 15:11:08,716 [pool-579-thread-1] INFO  server.RaftServerConfigKeys (ConfUtils.java:logGet(43)) - raft.server.log.queue.element-limit = 1024 (custom)
2019-11-14 15:11:08,716 [pool-589-thread-1] INFO  server.RaftServerConfigKeys (ConfUtils.java:logGet(43)) - raft.server.log.segment.cache.num.max = 2 (custom)
2019-11-14 15:11:08,717 [pool-579-thread-1] INFO  server.RaftServerConfigKeys (ConfUtils.java:logGet(43)) - raft.server.log.segment.size.max = 1048576 (custom)
2019-11-14 15:11:08,717 [pool-579-thread-1] INFO  server.RaftServerConfigKeys (ConfUtils.java:logGet(43)) - raft.server.log.preallocated.size = 16384 (custom)
2019-11-14 15:11:08,716 [pool-539-thread-1] INFO  server.RaftServerConfigKeys (ConfUtils.java:logGet(43)) - raft.server.log.segment.size.max = 1048576 (custom)
2019-11-14 15:11:08,717 [pool-579-thread-1] INFO  server.RaftServerConfigKeys (ConfUtils.java:logGet(43)) - raft.server.log.write.buffer.size = 33554432 (custom)
2019-11-14 15:11:08,717 [pool-589-thread-1] INFO  segmented.SegmentedRaftLogWorker (SegmentedRaftLogWorker.java:<init>(173)) - new 9ce1968d-df6d-4251-8f68-caf53c6f1d3e@group-D41C583FE8EC-SegmentedRaftLogWorker for RaftStorage:Storage Directory /workdir/hadoop-ozone/integration-test/target/test-dir/MiniOzoneClusterImpl-5901a962-94ba-4a8b-ba12-ae811e713c7a/datanode-8/data/ratis/fbd092a1-625e-4a8b-b267-d41c583fe8ec
2019-11-14 15:11:08,717 [pool-579-thread-1] INFO  server.RaftServerConfigKeys (ConfUtils.java:logGet(43)) - raft.server.log.force.sync.num = 128 (default)
2019-11-14 15:11:08,717 [pool-539-thread-1] INFO  server.RaftServerConfigKeys (ConfUtils.java:logGet(43)) - raft.server.log.preallocated.size = 16384 (custom)
2019-11-14 15:11:08,717 [pool-579-thread-1] INFO  server.RaftServerConfigKeys (ConfUtils.java:logGet(43)) - raft.server.log.statemachine.data.sync = true (default)
2019-11-14 15:11:08,717 [pool-589-thread-1] INFO  server.RaftServerConfigKeys (ConfUtils.java:logGet(43)) - raft.server.log.queue.byte-limit = 2147483647 (custom)
2019-11-14 15:11:08,718 [pool-579-thread-1] INFO  server.RaftServerConfigKeys (ConfUtils.java:logGet(43)) - raft.server.log.statemachine.data.sync.timeout = 10s (default)
2019-11-14 15:11:08,718 [pool-539-thread-1] INFO  server.RaftServerConfigKeys (ConfUtils.java:logGet(43)) - raft.server.log.write.buffer.size = 33554432 (custom)
2019-11-14 15:11:08,718 [pool-579-thread-1] INFO  server.RaftServerConfigKeys (ConfUtils.java:logGet(43)) - raft.server.log.statemachine.data.sync.timeout.retry = -1 (default)
2019-11-14 15:11:08,718 [pool-589-thread-1] INFO  server.RaftServerConfigKeys (ConfUtils.java:logGet(43)) - raft.server.log.queue.element-limit = 1024 (custom)
2019-11-14 15:11:08,718 [pool-579-thread-1] INFO  server.RaftServerConfigKeys (ConfUtils.java:logGet(43)) - raft.server.log.statemachine.data.caching.enabled = true (custom)
2019-11-14 15:11:08,718 [pool-539-thread-1] INFO  server.RaftServerConfigKeys (ConfUtils.java:logGet(43)) - raft.server.log.force.sync.num = 128 (default)
2019-11-14 15:11:08,718 [pool-589-thread-1] INFO  server.RaftServerConfigKeys (ConfUtils.java:logGet(43)) - raft.server.log.segment.size.max = 1048576 (custom)
2019-11-14 15:11:08,718 [pool-579-thread-1] INFO  segmented.SegmentedRaftLogWorker (SegmentedRaftLogWorker.java:lambda$new$0(128)) - c45d92cd-1d84-4e39-b22b-e775d9180271@group-D41C583FE8EC-SegmentedRaftLogWorker: flushIndex: setUnconditionally 0 -> -1
2019-11-14 15:11:08,718 [pool-539-thread-1] INFO  server.RaftServerConfigKeys (ConfUtils.java:logGet(43)) - raft.server.log.statemachine.data.sync = true (default)
2019-11-14 15:11:08,718 [pool-589-thread-1] INFO  server.RaftServerConfigKeys (ConfUtils.java:logGet(43)) - raft.server.log.preallocated.size = 16384 (custom)
2019-11-14 15:11:08,719 [pool-579-thread-1] INFO  server.RaftServerConfigKeys (ConfUtils.java:logGet(43)) - raft.server.snapshot.auto.trigger.enabled = true (custom)
2019-11-14 15:11:08,719 [pool-539-thread-1] INFO  server.RaftServerConfigKeys (ConfUtils.java:logGet(43)) - raft.server.log.statemachine.data.sync.timeout = 10s (default)
2019-11-14 15:11:08,719 [pool-579-thread-1] INFO  server.RaftServerConfigKeys (ConfUtils.java:logGet(43)) - raft.server.snapshot.auto.trigger.threshold = 10000 (custom)
2019-11-14 15:11:08,719 [pool-589-thread-1] INFO  server.RaftServerConfigKeys (ConfUtils.java:logGet(43)) - raft.server.log.write.buffer.size = 33554432 (custom)
2019-11-14 15:11:08,719 [pool-579-thread-1] INFO  server.RaftServerConfigKeys (ConfUtils.java:logGet(43)) - raft.server.snapshot.retention.file.num = 5 (custom)
2019-11-14 15:11:08,719 [pool-539-thread-1] INFO  server.RaftServerConfigKeys (ConfUtils.java:logGet(43)) - raft.server.log.statemachine.data.sync.timeout.retry = -1 (default)
2019-11-14 15:11:08,719 [pool-579-thread-1] INFO  server.RaftServerConfigKeys (ConfUtils.java:logGet(43)) - raft.server.retrycache.expirytime = 600000ms (custom)
2019-11-14 15:11:08,719 [pool-589-thread-1] INFO  server.RaftServerConfigKeys (ConfUtils.java:logGet(43)) - raft.server.log.force.sync.num = 128 (default)
2019-11-14 15:11:08,720 [pool-579-thread-1] WARN  impl.MetricRegistriesImpl (MetricRegistriesImpl.java:lambda$create$1(61)) - First MetricRegistry has been created without registering reporters. You may need to call MetricRegistries.global().addReportRegistration(...) before.
2019-11-14 15:11:08,720 [pool-579-thread-1] WARN  impl.MetricRegistriesImpl (MetricRegistriesImpl.java:lambda$create$1(61)) - First MetricRegistry has been created without registering reporters. You may need to call MetricRegistries.global().addReportRegistration(...) before.
2019-11-14 15:11:08,720 [pool-539-thread-1] INFO  server.RaftServerConfigKeys (ConfUtils.java:logGet(43)) - raft.server.log.statemachine.data.caching.enabled = true (custom)
2019-11-14 15:11:08,720 [pool-579-thread-1] INFO  impl.RaftServerImpl (RaftServerImpl.java:start(184)) - c45d92cd-1d84-4e39-b22b-e775d9180271@group-D41C583FE8EC: start as a follower, conf=-1: [69447648-1360-460f-862e-b843b6813c61:192.168.34.62:43196, 9ce1968d-df6d-4251-8f68-caf53c6f1d3e:192.168.34.62:35975, c45d92cd-1d84-4e39-b22b-e775d9180271:192.168.34.62:37954], old=null
2019-11-14 15:11:08,720 [pool-589-thread-1] INFO  server.RaftServerConfigKeys (ConfUtils.java:logGet(43)) - raft.server.log.statemachine.data.sync = true (default)
2019-11-14 15:11:08,720 [pool-539-thread-1] INFO  segmented.SegmentedRaftLogWorker (SegmentedRaftLogWorker.java:lambda$new$0(128)) - 69447648-1360-460f-862e-b843b6813c61@group-D41C583FE8EC-SegmentedRaftLogWorker: flushIndex: setUnconditionally 0 -> -1
2019-11-14 15:11:08,720 [pool-579-thread-1] INFO  impl.RaftServerImpl (RaftServerImpl.java:setRole(173)) - c45d92cd-1d84-4e39-b22b-e775d9180271@group-D41C583FE8EC: changes role from      null to FOLLOWER at term 0 for startAsFollower
2019-11-14 15:11:08,720 [pool-589-thread-1] INFO  server.RaftServerConfigKeys (ConfUtils.java:logGet(43)) - raft.server.log.statemachine.data.sync.timeout = 10s (default)
2019-11-14 15:11:08,721 [pool-539-thread-1] INFO  server.RaftServerConfigKeys (ConfUtils.java:logGet(43)) - raft.server.snapshot.auto.trigger.enabled = true (custom)
2019-11-14 15:11:08,721 [pool-579-thread-1] INFO  impl.RoleInfo (RoleInfo.java:updateAndGet(143)) - c45d92cd-1d84-4e39-b22b-e775d9180271: start FollowerState
2019-11-14 15:11:08,721 [pool-539-thread-1] INFO  server.RaftServerConfigKeys (ConfUtils.java:logGet(43)) - raft.server.snapshot.auto.trigger.threshold = 10000 (custom)
2019-11-14 15:11:08,721 [pool-539-thread-1] INFO  server.RaftServerConfigKeys (ConfUtils.java:logGet(43)) - raft.server.snapshot.retention.file.num = 5 (custom)
2019-11-14 15:11:08,721 [pool-589-thread-1] INFO  server.RaftServerConfigKeys (ConfUtils.java:logGet(43)) - raft.server.log.statemachine.data.sync.timeout.retry = -1 (default)
2019-11-14 15:11:08,721 [pool-579-thread-1] INFO  util.JmxRegister (JmxRegister.java:tryRegister(44)) - Successfully registered JMX Bean with object name Ratis:service=RaftServer,group=group-D41C583FE8EC,id=c45d92cd-1d84-4e39-b22b-e775d9180271
2019-11-14 15:11:08,721 [pool-539-thread-1] INFO  server.RaftServerConfigKeys (ConfUtils.java:logGet(43)) - raft.server.retrycache.expirytime = 600000ms (custom)
2019-11-14 15:11:08,721 [pool-579-thread-1] WARN  impl.MetricRegistriesImpl (MetricRegistriesImpl.java:lambda$create$1(61)) - First MetricRegistry has been created without registering reporters. You may need to call MetricRegistries.global().addReportRegistration(...) before.
2019-11-14 15:11:08,721 [pool-589-thread-1] INFO  server.RaftServerConfigKeys (ConfUtils.java:logGet(43)) - raft.server.log.statemachine.data.caching.enabled = true (custom)
2019-11-14 15:11:08,721 [pool-539-thread-1] WARN  impl.MetricRegistriesImpl (MetricRegistriesImpl.java:lambda$create$1(61)) - First MetricRegistry has been created without registering reporters. You may need to call MetricRegistries.global().addReportRegistration(...) before.
2019-11-14 15:11:08,722 [pool-589-thread-1] INFO  segmented.SegmentedRaftLogWorker (SegmentedRaftLogWorker.java:lambda$new$0(128)) - 9ce1968d-df6d-4251-8f68-caf53c6f1d3e@group-D41C583FE8EC-SegmentedRaftLogWorker: flushIndex: setUnconditionally 0 -> -1
2019-11-14 15:11:08,722 [pool-539-thread-1] WARN  impl.MetricRegistriesImpl (MetricRegistriesImpl.java:lambda$create$1(61)) - First MetricRegistry has been created without registering reporters. You may need to call MetricRegistries.global().addReportRegistration(...) before.
2019-11-14 15:11:08,722 [pool-589-thread-1] INFO  server.RaftServerConfigKeys (ConfUtils.java:logGet(43)) - raft.server.snapshot.auto.trigger.enabled = true (custom)
2019-11-14 15:11:08,722 [pool-539-thread-1] INFO  impl.RaftServerImpl (RaftServerImpl.java:start(184)) - 69447648-1360-460f-862e-b843b6813c61@group-D41C583FE8EC: start as a follower, conf=-1: [69447648-1360-460f-862e-b843b6813c61:192.168.34.62:43196, 9ce1968d-df6d-4251-8f68-caf53c6f1d3e:192.168.34.62:35975, c45d92cd-1d84-4e39-b22b-e775d9180271:192.168.34.62:37954], old=null
2019-11-14 15:11:08,722 [pool-589-thread-1] INFO  server.RaftServerConfigKeys (ConfUtils.java:logGet(43)) - raft.server.snapshot.auto.trigger.threshold = 10000 (custom)
2019-11-14 15:11:08,722 [pool-539-thread-1] INFO  impl.RaftServerImpl (RaftServerImpl.java:setRole(173)) - 69447648-1360-460f-862e-b843b6813c61@group-D41C583FE8EC: changes role from      null to FOLLOWER at term 0 for startAsFollower
2019-11-14 15:11:08,723 [pool-589-thread-1] INFO  server.RaftServerConfigKeys (ConfUtils.java:logGet(43)) - raft.server.snapshot.retention.file.num = 5 (custom)
2019-11-14 15:11:08,723 [pool-539-thread-1] INFO  impl.RoleInfo (RoleInfo.java:updateAndGet(143)) - 69447648-1360-460f-862e-b843b6813c61: start FollowerState
2019-11-14 15:11:08,723 [pool-589-thread-1] INFO  server.RaftServerConfigKeys (ConfUtils.java:logGet(43)) - raft.server.retrycache.expirytime = 600000ms (custom)
2019-11-14 15:11:08,723 [pool-589-thread-1] WARN  impl.MetricRegistriesImpl (MetricRegistriesImpl.java:lambda$create$1(61)) - First MetricRegistry has been created without registering reporters. You may need to call MetricRegistries.global().addReportRegistration(...) before.
2019-11-14 15:11:08,723 [pool-539-thread-1] INFO  util.JmxRegister (JmxRegister.java:tryRegister(44)) - Successfully registered JMX Bean with object name Ratis:service=RaftServer,group=group-D41C583FE8EC,id=69447648-1360-460f-862e-b843b6813c61
2019-11-14 15:11:08,723 [pool-589-thread-1] WARN  impl.MetricRegistriesImpl (MetricRegistriesImpl.java:lambda$create$1(61)) - First MetricRegistry has been created without registering reporters. You may need to call MetricRegistries.global().addReportRegistration(...) before.
2019-11-14 15:11:08,723 [pool-539-thread-1] WARN  impl.MetricRegistriesImpl (MetricRegistriesImpl.java:lambda$create$1(61)) - First MetricRegistry has been created without registering reporters. You may need to call MetricRegistries.global().addReportRegistration(...) before.
2019-11-14 15:11:08,723 [pool-589-thread-1] INFO  impl.RaftServerImpl (RaftServerImpl.java:start(184)) - 9ce1968d-df6d-4251-8f68-caf53c6f1d3e@group-D41C583FE8EC: start as a follower, conf=-1: [69447648-1360-460f-862e-b843b6813c61:192.168.34.62:43196, 9ce1968d-df6d-4251-8f68-caf53c6f1d3e:192.168.34.62:35975, c45d92cd-1d84-4e39-b22b-e775d9180271:192.168.34.62:37954], old=null
2019-11-14 15:11:08,724 [pool-589-thread-1] INFO  impl.RaftServerImpl (RaftServerImpl.java:setRole(173)) - 9ce1968d-df6d-4251-8f68-caf53c6f1d3e@group-D41C583FE8EC: changes role from      null to FOLLOWER at term 0 for startAsFollower
2019-11-14 15:11:08,724 [pool-589-thread-1] INFO  impl.RoleInfo (RoleInfo.java:updateAndGet(143)) - 9ce1968d-df6d-4251-8f68-caf53c6f1d3e: start FollowerState
2019-11-14 15:11:08,724 [pool-589-thread-1] INFO  util.JmxRegister (JmxRegister.java:tryRegister(44)) - Successfully registered JMX Bean with object name Ratis:service=RaftServer,group=group-D41C583FE8EC,id=9ce1968d-df6d-4251-8f68-caf53c6f1d3e
2019-11-14 15:11:08,724 [pool-589-thread-1] WARN  impl.MetricRegistriesImpl (MetricRegistriesImpl.java:lambda$create$1(61)) - First MetricRegistry has been created without registering reporters. You may need to call MetricRegistries.global().addReportRegistration(...) before.
2019-11-14 15:11:08,726 [RatisPipelineUtilsThread] INFO  pipeline.PipelineStateManager (PipelineStateManager.java:addPipeline(55)) - Created pipeline Pipeline[ Id: fbd092a1-625e-4a8b-b267-d41c583fe8ec, Nodes: c45d92cd-1d84-4e39-b22b-e775d9180271{ip: 192.168.34.62, host: pr-hdds-2480-6qkg9-608321763, networkLocation: /rack1, certSerialId: null}9ce1968d-df6d-4251-8f68-caf53c6f1d3e{ip: 192.168.34.62, host: pr-hdds-2480-6qkg9-608321763, networkLocation: /rack1, certSerialId: null}69447648-1360-460f-862e-b843b6813c61{ip: 192.168.34.62, host: pr-hdds-2480-6qkg9-608321763, networkLocation: /rack1, certSerialId: null}, Type:RATIS, Factor:THREE, State:ALLOCATED]
2019-11-14 15:11:09,043 [main] INFO  ozone.MiniOzoneClusterImpl (MiniOzoneClusterImpl.java:lambda$waitForClusterToBeReady$2(163)) - Waiting for 12 number of pipelines out of 12, to report a leader.
2019-11-14 15:11:09,044 [IPC Server handler 1 on 43819] INFO  net.NetworkTopology (NetworkTopologyImpl.java:add(111)) - Added a new node: /rack1/452ed320-102d-439c-a110-659d2656f893
2019-11-14 15:11:09,044 [IPC Server handler 1 on 43819] INFO  node.SCMNodeManager (SCMNodeManager.java:register(267)) - Registered Data node : 452ed320-102d-439c-a110-659d2656f893{ip: 192.168.34.62, host: pr-hdds-2480-6qkg9-608321763, networkLocation: /rack1, certSerialId: null}
2019-11-14 15:11:09,050 [grpc-default-executor-4] INFO  impl.RaftServerProxy (RaftServerProxy.java:addNew(89)) - 452ed320-102d-439c-a110-659d2656f893: addNew group-6C8A5E410DA8:[452ed320-102d-439c-a110-659d2656f893:192.168.34.62:34711] returns group-6C8A5E410DA8:java.util.concurrent.CompletableFuture@1f3424ee[Not completed]
2019-11-14 15:11:09,052 [pool-599-thread-1] INFO  impl.RaftServerImpl (RaftServerImpl.java:<init>(98)) - 452ed320-102d-439c-a110-659d2656f893: new RaftServerImpl for group-6C8A5E410DA8:[452ed320-102d-439c-a110-659d2656f893:192.168.34.62:34711] with ContainerStateMachine:uninitialized
2019-11-14 15:11:09,052 [pool-599-thread-1] INFO  server.RaftServerConfigKeys (ConfUtils.java:logGet(43)) - raft.server.rpc.timeout.min = 1s (custom)
2019-11-14 15:11:09,052 [pool-599-thread-1] INFO  server.RaftServerConfigKeys (ConfUtils.java:logGet(43)) - raft.server.rpc.timeout.max = 1200ms (custom)
2019-11-14 15:11:09,052 [pool-599-thread-1] INFO  server.RaftServerConfigKeys (ConfUtils.java:logGet(43)) - raft.server.rpcslowness.timeout = 120s (custom)
2019-11-14 15:11:09,053 [pool-599-thread-1] INFO  server.RaftServerConfigKeys (ConfUtils.java:logGet(43)) - raft.server.sleep.deviation.threshold = 300 (default)
2019-11-14 15:11:09,053 [pool-599-thread-1] INFO  server.RaftServerConfigKeys (ConfUtils.java:logGet(43)) - raft.server.log.appender.install.snapshot.enabled = false (custom)
2019-11-14 15:11:09,053 [pool-599-thread-1] INFO  impl.RaftServerImpl (ServerState.java:<init>(103)) - 452ed320-102d-439c-a110-659d2656f893@group-6C8A5E410DA8: ConfigurationManager, init=-1: [452ed320-102d-439c-a110-659d2656f893:192.168.34.62:34711], old=null, confs=<EMPTY_MAP>
2019-11-14 15:11:09,053 [pool-599-thread-1] INFO  server.RaftServerConfigKeys (ConfUtils.java:logGet(43)) - raft.server.storage.dir = [/workdir/hadoop-ozone/integration-test/target/test-dir/MiniOzoneClusterImpl-5901a962-94ba-4a8b-ba12-ae811e713c7a/datanode-9/data/ratis] (custom)
2019-11-14 15:11:09,053 [pool-599-thread-1] INFO  server.RaftServerConfigKeys (ConfUtils.java:logGet(43)) - raft.server.log.corruption.policy = EXCEPTION (default)
2019-11-14 15:11:09,054 [pool-599-thread-1] INFO  storage.RaftStorageDirectory (RaftStorageDirectory.java:analyzeStorage(246)) - The storage directory /workdir/hadoop-ozone/integration-test/target/test-dir/MiniOzoneClusterImpl-5901a962-94ba-4a8b-ba12-ae811e713c7a/datanode-9/data/ratis/1f641f8b-b6ab-4f1c-a1b0-6c8a5e410da8 does not exist. Creating ...
2019-11-14 15:11:09,066 [pool-599-thread-1] INFO  storage.RaftStorageDirectory (RaftStorageDirectory.java:tryLock(328)) - Lock on /workdir/hadoop-ozone/integration-test/target/test-dir/MiniOzoneClusterImpl-5901a962-94ba-4a8b-ba12-ae811e713c7a/datanode-9/data/ratis/1f641f8b-b6ab-4f1c-a1b0-6c8a5e410da8/in_use.lock acquired by nodename 23875@pr-hdds-2480-6qkg9-608321763
2019-11-14 15:11:09,080 [pool-599-thread-1] INFO  storage.RaftStorage (RaftStorage.java:format(84)) - Storage directory /workdir/hadoop-ozone/integration-test/target/test-dir/MiniOzoneClusterImpl-5901a962-94ba-4a8b-ba12-ae811e713c7a/datanode-9/data/ratis/1f641f8b-b6ab-4f1c-a1b0-6c8a5e410da8 has been successfully formatted.
2019-11-14 15:11:09,081 [pool-599-thread-1] INFO  ratis.ContainerStateMachine (ContainerStateMachine.java:loadSnapshot(223)) - group-6C8A5E410DA8: The snapshot info is null. Setting the last applied indexto:(t:0, i:~)
2019-11-14 15:11:09,081 [pool-599-thread-1] INFO  server.RaftServerConfigKeys (ConfUtils.java:logGet(43)) - raft.server.notification.no-leader.timeout = 120s (custom)
2019-11-14 15:11:09,081 [pool-599-thread-1] INFO  server.RaftServerConfigKeys (ConfUtils.java:logGet(43)) - raft.server.log.use.memory = false (default)
2019-11-14 15:11:09,081 [pool-599-thread-1] INFO  server.RaftServerConfigKeys (ConfUtils.java:logGet(43)) - raft.server.log.purge.gap = 1000000 (custom)
2019-11-14 15:11:09,081 [pool-599-thread-1] INFO  server.RaftServerConfigKeys (ConfUtils.java:logGet(43)) - raft.server.log.appender.buffer.byte-limit = 33554432 (custom)
2019-11-14 15:11:09,081 [pool-599-thread-1] INFO  server.RaftServerConfigKeys (ConfUtils.java:logGet(43)) - raft.server.log.segment.size.max = 1048576 (custom)
2019-11-14 15:11:09,081 [pool-599-thread-1] WARN  impl.MetricRegistriesImpl (MetricRegistriesImpl.java:lambda$create$1(61)) - First MetricRegistry has been created without registering reporters. You may need to call MetricRegistries.global().addReportRegistration(...) before.
2019-11-14 15:11:09,082 [pool-599-thread-1] INFO  server.RaftServerConfigKeys (ConfUtils.java:logGet(43)) - raft.server.log.segment.cache.num.max = 2 (custom)
2019-11-14 15:11:09,082 [pool-599-thread-1] INFO  segmented.SegmentedRaftLogWorker (SegmentedRaftLogWorker.java:<init>(173)) - new 452ed320-102d-439c-a110-659d2656f893@group-6C8A5E410DA8-SegmentedRaftLogWorker for RaftStorage:Storage Directory /workdir/hadoop-ozone/integration-test/target/test-dir/MiniOzoneClusterImpl-5901a962-94ba-4a8b-ba12-ae811e713c7a/datanode-9/data/ratis/1f641f8b-b6ab-4f1c-a1b0-6c8a5e410da8
2019-11-14 15:11:09,082 [pool-599-thread-1] INFO  server.RaftServerConfigKeys (ConfUtils.java:logGet(43)) - raft.server.log.queue.byte-limit = 2147483647 (custom)
2019-11-14 15:11:09,082 [pool-599-thread-1] INFO  server.RaftServerConfigKeys (ConfUtils.java:logGet(43)) - raft.server.log.queue.element-limit = 1024 (custom)
2019-11-14 15:11:09,082 [pool-599-thread-1] INFO  server.RaftServerConfigKeys (ConfUtils.java:logGet(43)) - raft.server.log.segment.size.max = 1048576 (custom)
2019-11-14 15:11:09,082 [pool-599-thread-1] INFO  server.RaftServerConfigKeys (ConfUtils.java:logGet(43)) - raft.server.log.preallocated.size = 16384 (custom)
2019-11-14 15:11:09,082 [pool-599-thread-1] INFO  server.RaftServerConfigKeys (ConfUtils.java:logGet(43)) - raft.server.log.write.buffer.size = 33554432 (custom)
2019-11-14 15:11:09,082 [pool-599-thread-1] INFO  server.RaftServerConfigKeys (ConfUtils.java:logGet(43)) - raft.server.log.force.sync.num = 128 (default)
2019-11-14 15:11:09,082 [pool-599-thread-1] INFO  server.RaftServerConfigKeys (ConfUtils.java:logGet(43)) - raft.server.log.statemachine.data.sync = true (default)
2019-11-14 15:11:09,082 [pool-599-thread-1] INFO  server.RaftServerConfigKeys (ConfUtils.java:logGet(43)) - raft.server.log.statemachine.data.sync.timeout = 10s (default)
2019-11-14 15:11:09,083 [pool-599-thread-1] INFO  server.RaftServerConfigKeys (ConfUtils.java:logGet(43)) - raft.server.log.statemachine.data.sync.timeout.retry = -1 (default)
2019-11-14 15:11:09,083 [pool-599-thread-1] INFO  server.RaftServerConfigKeys (ConfUtils.java:logGet(43)) - raft.server.log.statemachine.data.caching.enabled = true (custom)
2019-11-14 15:11:09,083 [pool-599-thread-1] INFO  segmented.SegmentedRaftLogWorker (SegmentedRaftLogWorker.java:lambda$new$0(128)) - 452ed320-102d-439c-a110-659d2656f893@group-6C8A5E410DA8-SegmentedRaftLogWorker: flushIndex: setUnconditionally 0 -> -1
2019-11-14 15:11:09,083 [pool-599-thread-1] INFO  server.RaftServerConfigKeys (ConfUtils.java:logGet(43)) - raft.server.snapshot.auto.trigger.enabled = true (custom)
2019-11-14 15:11:09,083 [pool-599-thread-1] INFO  server.RaftServerConfigKeys (ConfUtils.java:logGet(43)) - raft.server.snapshot.auto.trigger.threshold = 10000 (custom)
2019-11-14 15:11:09,084 [pool-599-thread-1] INFO  server.RaftServerConfigKeys (ConfUtils.java:logGet(43)) - raft.server.snapshot.retention.file.num = 5 (custom)
2019-11-14 15:11:09,084 [pool-599-thread-1] INFO  server.RaftServerConfigKeys (ConfUtils.java:logGet(43)) - raft.server.retrycache.expirytime = 600000ms (custom)
2019-11-14 15:11:09,084 [pool-599-thread-1] WARN  impl.MetricRegistriesImpl (MetricRegistriesImpl.java:lambda$create$1(61)) - First MetricRegistry has been created without registering reporters. You may need to call MetricRegistries.global().addReportRegistration(...) before.
2019-11-14 15:11:09,084 [pool-599-thread-1] WARN  impl.MetricRegistriesImpl (MetricRegistriesImpl.java:lambda$create$1(61)) - First MetricRegistry has been created without registering reporters. You may need to call MetricRegistries.global().addReportRegistration(...) before.
2019-11-14 15:11:09,084 [pool-599-thread-1] INFO  impl.RaftServerImpl (RaftServerImpl.java:start(184)) - 452ed320-102d-439c-a110-659d2656f893@group-6C8A5E410DA8: start as a follower, conf=-1: [452ed320-102d-439c-a110-659d2656f893:192.168.34.62:34711], old=null
2019-11-14 15:11:09,084 [pool-599-thread-1] INFO  impl.RaftServerImpl (RaftServerImpl.java:setRole(173)) - 452ed320-102d-439c-a110-659d2656f893@group-6C8A5E410DA8: changes role from      null to FOLLOWER at term 0 for startAsFollower
2019-11-14 15:11:09,084 [pool-599-thread-1] INFO  impl.RoleInfo (RoleInfo.java:updateAndGet(143)) - 452ed320-102d-439c-a110-659d2656f893: start FollowerState
2019-11-14 15:11:09,085 [pool-599-thread-1] INFO  util.JmxRegister (JmxRegister.java:tryRegister(44)) - Successfully registered JMX Bean with object name Ratis:service=RaftServer,group=group-6C8A5E410DA8,id=452ed320-102d-439c-a110-659d2656f893
2019-11-14 15:11:09,085 [pool-599-thread-1] WARN  impl.MetricRegistriesImpl (MetricRegistriesImpl.java:lambda$create$1(61)) - First MetricRegistry has been created without registering reporters. You may need to call MetricRegistries.global().addReportRegistration(...) before.
2019-11-14 15:11:09,087 [RatisPipelineUtilsThread] INFO  pipeline.PipelineStateManager (PipelineStateManager.java:addPipeline(55)) - Created pipeline Pipeline[ Id: 1f641f8b-b6ab-4f1c-a1b0-6c8a5e410da8, Nodes: 452ed320-102d-439c-a110-659d2656f893{ip: 192.168.34.62, host: pr-hdds-2480-6qkg9-608321763, networkLocation: /rack1, certSerialId: null}, Type:RATIS, Factor:ONE, State:ALLOCATED]
2019-11-14 15:11:09,237 [Thread-4177] INFO  impl.FollowerState (FollowerState.java:run(111)) - 0687b932-fcaf-4ed2-b562-2cd2e9cca79c@group-C72608899C07-FollowerState: change to CANDIDATE, lastRpcTime:1074ms, electionTimeout:1074ms
2019-11-14 15:11:09,237 [Thread-4177] INFO  impl.RoleInfo (RoleInfo.java:shutdownFollowerState(121)) - 0687b932-fcaf-4ed2-b562-2cd2e9cca79c: shutdown FollowerState
2019-11-14 15:11:09,237 [Thread-4177] INFO  impl.RaftServerImpl (RaftServerImpl.java:setRole(173)) - 0687b932-fcaf-4ed2-b562-2cd2e9cca79c@group-C72608899C07: changes role from  FOLLOWER to CANDIDATE at term 0 for changeToCandidate
2019-11-14 15:11:09,237 [Thread-4177] INFO  impl.RoleInfo (RoleInfo.java:updateAndGet(143)) - 0687b932-fcaf-4ed2-b562-2cd2e9cca79c: start LeaderElection
2019-11-14 15:11:09,257 [0687b932-fcaf-4ed2-b562-2cd2e9cca79c@group-C72608899C07-LeaderElection175] INFO  impl.LeaderElection (LeaderElection.java:askForVotes(178)) - 0687b932-fcaf-4ed2-b562-2cd2e9cca79c@group-C72608899C07-LeaderElection175: begin an election at term 1 for -1: [0687b932-fcaf-4ed2-b562-2cd2e9cca79c:192.168.34.62:39060], old=null
2019-11-14 15:11:09,257 [0687b932-fcaf-4ed2-b562-2cd2e9cca79c@group-C72608899C07-LeaderElection175] INFO  impl.RoleInfo (RoleInfo.java:shutdownLeaderElection(134)) - 0687b932-fcaf-4ed2-b562-2cd2e9cca79c: shutdown LeaderElection
2019-11-14 15:11:09,257 [0687b932-fcaf-4ed2-b562-2cd2e9cca79c@group-C72608899C07-LeaderElection175] INFO  impl.RaftServerImpl (RaftServerImpl.java:setRole(173)) - 0687b932-fcaf-4ed2-b562-2cd2e9cca79c@group-C72608899C07: changes role from CANDIDATE to LEADER at term 1 for changeToLeader
2019-11-14 15:11:09,257 [0687b932-fcaf-4ed2-b562-2cd2e9cca79c@group-C72608899C07-LeaderElection175] INFO  ratis.XceiverServerRatis (XceiverServerRatis.java:handleLeaderChangedNotification(697)) - Leader change notification received for group: group-C72608899C07 with new leaderId: 0687b932-fcaf-4ed2-b562-2cd2e9cca79c
2019-11-14 15:11:09,257 [0687b932-fcaf-4ed2-b562-2cd2e9cca79c@group-C72608899C07-LeaderElection175] INFO  impl.RaftServerImpl (ServerState.java:setLeader(255)) - 0687b932-fcaf-4ed2-b562-2cd2e9cca79c@group-C72608899C07: change Leader from null to 0687b932-fcaf-4ed2-b562-2cd2e9cca79c at term 1 for becomeLeader, leader elected after 1099ms
2019-11-14 15:11:09,258 [0687b932-fcaf-4ed2-b562-2cd2e9cca79c@group-C72608899C07-LeaderElection175] INFO  server.RaftServerConfigKeys (ConfUtils.java:logGet(43)) - raft.server.staging.catchup.gap = 1000 (default)
2019-11-14 15:11:09,260 [0687b932-fcaf-4ed2-b562-2cd2e9cca79c@group-C72608899C07-LeaderElection175] INFO  server.RaftServerConfigKeys (ConfUtils.java:logGet(43)) - raft.server.rpc.sleep.time = 25ms (default)
2019-11-14 15:11:09,260 [0687b932-fcaf-4ed2-b562-2cd2e9cca79c@group-C72608899C07-LeaderElection175] INFO  server.RaftServerConfigKeys (ConfUtils.java:logGet(43)) - raft.server.write.element-limit = 4096 (default)
2019-11-14 15:11:09,261 [0687b932-fcaf-4ed2-b562-2cd2e9cca79c@group-C72608899C07-LeaderElection175] INFO  server.RaftServerConfigKeys (ConfUtils.java:logGet(43)) - raft.server.watch.timeout = 10s (default)
2019-11-14 15:11:09,261 [0687b932-fcaf-4ed2-b562-2cd2e9cca79c@group-C72608899C07-LeaderElection175] INFO  server.RaftServerConfigKeys (ConfUtils.java:logGet(43)) - raft.server.watch.timeout.denomination = 1s (default)
2019-11-14 15:11:09,261 [0687b932-fcaf-4ed2-b562-2cd2e9cca79c@group-C72608899C07-LeaderElection175] INFO  server.RaftServerConfigKeys (ConfUtils.java:logGet(43)) - raft.server.watch.element-limit = 65536 (default)
2019-11-14 15:11:09,261 [EventQueue-PipelineReportForPipelineReportHandler] INFO  pipeline.PipelineStateManager (PipelineStateManager.java:openPipeline(134)) - Pipeline Pipeline[ Id: e989cb31-a4c1-4ff9-b56b-c72608899c07, Nodes: 0687b932-fcaf-4ed2-b562-2cd2e9cca79c{ip: 192.168.34.62, host: pr-hdds-2480-6qkg9-608321763, networkLocation: /rack1, certSerialId: null}, Type:RATIS, Factor:ONE, State:OPEN] moved to OPEN state
2019-11-14 15:11:09,261 [0687b932-fcaf-4ed2-b562-2cd2e9cca79c@group-C72608899C07-LeaderElection175] INFO  impl.RoleInfo (RoleInfo.java:updateAndGet(143)) - 0687b932-fcaf-4ed2-b562-2cd2e9cca79c: start LeaderState
2019-11-14 15:11:09,262 [0687b932-fcaf-4ed2-b562-2cd2e9cca79c@group-C72608899C07-LeaderElection175] INFO  segmented.SegmentedRaftLogWorker (SegmentedRaftLogWorker.java:startLogSegment(385)) - 0687b932-fcaf-4ed2-b562-2cd2e9cca79c@group-C72608899C07-SegmentedRaftLogWorker: Starting segment from index:0
2019-11-14 15:11:09,262 [0687b932-fcaf-4ed2-b562-2cd2e9cca79c@group-C72608899C07-LeaderElection175] INFO  impl.RaftServerImpl (ServerState.java:setRaftConf(356)) - 0687b932-fcaf-4ed2-b562-2cd2e9cca79c@group-C72608899C07: set configuration 0: [0687b932-fcaf-4ed2-b562-2cd2e9cca79c:192.168.34.62:39060], old=null at 0
2019-11-14 15:11:09,307 [0687b932-fcaf-4ed2-b562-2cd2e9cca79c@group-C72608899C07-SegmentedRaftLogWorker] INFO  segmented.SegmentedRaftLogWorker (SegmentedRaftLogWorker.java:execute(576)) - 0687b932-fcaf-4ed2-b562-2cd2e9cca79c@group-C72608899C07-SegmentedRaftLogWorker: created new log segment /workdir/hadoop-ozone/integration-test/target/test-dir/MiniOzoneClusterImpl-5901a962-94ba-4a8b-ba12-ae811e713c7a/datanode-0/data/ratis/e989cb31-a4c1-4ff9-b56b-c72608899c07/current/log_inprogress_0
2019-11-14 15:11:09,307 [Thread-4180] INFO  impl.FollowerState (FollowerState.java:run(111)) - 51e91b80-82a5-4e26-a62a-ce423dc7e82c@group-743484FDFED3-FollowerState: change to CANDIDATE, lastRpcTime:1103ms, electionTimeout:1103ms
2019-11-14 15:11:09,307 [Thread-4180] INFO  impl.RoleInfo (RoleInfo.java:shutdownFollowerState(121)) - 51e91b80-82a5-4e26-a62a-ce423dc7e82c: shutdown FollowerState
2019-11-14 15:11:09,307 [Thread-4180] INFO  impl.RaftServerImpl (RaftServerImpl.java:setRole(173)) - 51e91b80-82a5-4e26-a62a-ce423dc7e82c@group-743484FDFED3: changes role from  FOLLOWER to CANDIDATE at term 0 for changeToCandidate
2019-11-14 15:11:09,307 [Thread-4180] INFO  impl.RoleInfo (RoleInfo.java:updateAndGet(143)) - 51e91b80-82a5-4e26-a62a-ce423dc7e82c: start LeaderElection
2019-11-14 15:11:09,317 [Thread-4186] INFO  impl.FollowerState (FollowerState.java:run(111)) - 0687b932-fcaf-4ed2-b562-2cd2e9cca79c@group-149EF8762377-FollowerState: change to CANDIDATE, lastRpcTime:1019ms, electionTimeout:1019ms
2019-11-14 15:11:09,318 [Thread-4186] INFO  impl.RoleInfo (RoleInfo.java:shutdownFollowerState(121)) - 0687b932-fcaf-4ed2-b562-2cd2e9cca79c: shutdown FollowerState
2019-11-14 15:11:09,318 [Thread-4186] INFO  impl.RaftServerImpl (RaftServerImpl.java:setRole(173)) - 0687b932-fcaf-4ed2-b562-2cd2e9cca79c@group-149EF8762377: changes role from  FOLLOWER to CANDIDATE at term 0 for changeToCandidate
2019-11-14 15:11:09,318 [Thread-4186] INFO  impl.RoleInfo (RoleInfo.java:updateAndGet(143)) - 0687b932-fcaf-4ed2-b562-2cd2e9cca79c: start LeaderElection
2019-11-14 15:11:09,322 [51e91b80-82a5-4e26-a62a-ce423dc7e82c@group-743484FDFED3-LeaderElection176] INFO  impl.LeaderElection (LeaderElection.java:askForVotes(178)) - 51e91b80-82a5-4e26-a62a-ce423dc7e82c@group-743484FDFED3-LeaderElection176: begin an election at term 1 for -1: [51e91b80-82a5-4e26-a62a-ce423dc7e82c:192.168.34.62:43216], old=null
2019-11-14 15:11:09,322 [51e91b80-82a5-4e26-a62a-ce423dc7e82c@group-743484FDFED3-LeaderElection176] INFO  impl.RoleInfo (RoleInfo.java:shutdownLeaderElection(134)) - 51e91b80-82a5-4e26-a62a-ce423dc7e82c: shutdown LeaderElection
2019-11-14 15:11:09,322 [51e91b80-82a5-4e26-a62a-ce423dc7e82c@group-743484FDFED3-LeaderElection176] INFO  impl.RaftServerImpl (RaftServerImpl.java:setRole(173)) - 51e91b80-82a5-4e26-a62a-ce423dc7e82c@group-743484FDFED3: changes role from CANDIDATE to LEADER at term 1 for changeToLeader
2019-11-14 15:11:09,322 [51e91b80-82a5-4e26-a62a-ce423dc7e82c@group-743484FDFED3-LeaderElection176] INFO  ratis.XceiverServerRatis (XceiverServerRatis.java:handleLeaderChangedNotification(697)) - Leader change notification received for group: group-743484FDFED3 with new leaderId: 51e91b80-82a5-4e26-a62a-ce423dc7e82c
2019-11-14 15:11:09,322 [51e91b80-82a5-4e26-a62a-ce423dc7e82c@group-743484FDFED3-LeaderElection176] INFO  impl.RaftServerImpl (ServerState.java:setLeader(255)) - 51e91b80-82a5-4e26-a62a-ce423dc7e82c@group-743484FDFED3: change Leader from null to 51e91b80-82a5-4e26-a62a-ce423dc7e82c at term 1 for becomeLeader, leader elected after 1121ms
2019-11-14 15:11:09,322 [51e91b80-82a5-4e26-a62a-ce423dc7e82c@group-743484FDFED3-LeaderElection176] INFO  server.RaftServerConfigKeys (ConfUtils.java:logGet(43)) - raft.server.staging.catchup.gap = 1000 (default)
2019-11-14 15:11:09,324 [51e91b80-82a5-4e26-a62a-ce423dc7e82c@group-743484FDFED3-LeaderElection176] INFO  server.RaftServerConfigKeys (ConfUtils.java:logGet(43)) - raft.server.rpc.sleep.time = 25ms (default)
2019-11-14 15:11:09,324 [51e91b80-82a5-4e26-a62a-ce423dc7e82c@group-743484FDFED3-LeaderElection176] INFO  server.RaftServerConfigKeys (ConfUtils.java:logGet(43)) - raft.server.write.element-limit = 4096 (default)
2019-11-14 15:11:09,325 [51e91b80-82a5-4e26-a62a-ce423dc7e82c@group-743484FDFED3-LeaderElection176] INFO  server.RaftServerConfigKeys (ConfUtils.java:logGet(43)) - raft.server.watch.timeout = 10s (default)
2019-11-14 15:11:09,325 [51e91b80-82a5-4e26-a62a-ce423dc7e82c@group-743484FDFED3-LeaderElection176] INFO  server.RaftServerConfigKeys (ConfUtils.java:logGet(43)) - raft.server.watch.timeout.denomination = 1s (default)
2019-11-14 15:11:09,325 [EventQueue-PipelineReportForPipelineReportHandler] INFO  pipeline.PipelineStateManager (PipelineStateManager.java:openPipeline(134)) - Pipeline Pipeline[ Id: f70543dd-cc5f-41b5-ae30-743484fdfed3, Nodes: 51e91b80-82a5-4e26-a62a-ce423dc7e82c{ip: 192.168.34.62, host: pr-hdds-2480-6qkg9-608321763, networkLocation: /rack1, certSerialId: null}, Type:RATIS, Factor:ONE, State:OPEN] moved to OPEN state
2019-11-14 15:11:09,325 [51e91b80-82a5-4e26-a62a-ce423dc7e82c@group-743484FDFED3-LeaderElection176] INFO  server.RaftServerConfigKeys (ConfUtils.java:logGet(43)) - raft.server.watch.element-limit = 65536 (default)
2019-11-14 15:11:09,325 [51e91b80-82a5-4e26-a62a-ce423dc7e82c@group-743484FDFED3-LeaderElection176] INFO  impl.RoleInfo (RoleInfo.java:updateAndGet(143)) - 51e91b80-82a5-4e26-a62a-ce423dc7e82c: start LeaderState
2019-11-14 15:11:09,325 [51e91b80-82a5-4e26-a62a-ce423dc7e82c@group-743484FDFED3-LeaderElection176] INFO  segmented.SegmentedRaftLogWorker (SegmentedRaftLogWorker.java:startLogSegment(385)) - 51e91b80-82a5-4e26-a62a-ce423dc7e82c@group-743484FDFED3-SegmentedRaftLogWorker: Starting segment from index:0
2019-11-14 15:11:09,326 [51e91b80-82a5-4e26-a62a-ce423dc7e82c@group-743484FDFED3-LeaderElection176] INFO  impl.RaftServerImpl (ServerState.java:setRaftConf(356)) - 51e91b80-82a5-4e26-a62a-ce423dc7e82c@group-743484FDFED3: set configuration 0: [51e91b80-82a5-4e26-a62a-ce423dc7e82c:192.168.34.62:43216], old=null at 0
2019-11-14 15:11:09,336 [0687b932-fcaf-4ed2-b562-2cd2e9cca79c@group-149EF8762377-LeaderElection177] INFO  impl.LeaderElection (LeaderElection.java:askForVotes(178)) - 0687b932-fcaf-4ed2-b562-2cd2e9cca79c@group-149EF8762377-LeaderElection177: begin an election at term 1 for -1: [ee222113-7cfa-4d93-ae35-60587bc46978:192.168.34.62:36461, 0687b932-fcaf-4ed2-b562-2cd2e9cca79c:192.168.34.62:39060, 51e91b80-82a5-4e26-a62a-ce423dc7e82c:192.168.34.62:43216], old=null
2019-11-14 15:11:09,351 [grpc-default-executor-0] INFO  impl.RaftServerImpl (RaftServerImpl.java:setRole(173)) - ee222113-7cfa-4d93-ae35-60587bc46978@group-149EF8762377: changes role from  FOLLOWER to FOLLOWER at term 1 for recognizeCandidate:0687b932-fcaf-4ed2-b562-2cd2e9cca79c
2019-11-14 15:11:09,352 [grpc-default-executor-0] INFO  impl.RoleInfo (RoleInfo.java:shutdownFollowerState(121)) - ee222113-7cfa-4d93-ae35-60587bc46978: shutdown FollowerState
2019-11-14 15:11:09,351 [grpc-default-executor-4] INFO  impl.RaftServerImpl (RaftServerImpl.java:setRole(173)) - 51e91b80-82a5-4e26-a62a-ce423dc7e82c@group-149EF8762377: changes role from  FOLLOWER to FOLLOWER at term 1 for recognizeCandidate:0687b932-fcaf-4ed2-b562-2cd2e9cca79c
2019-11-14 15:11:09,352 [grpc-default-executor-4] INFO  impl.RoleInfo (RoleInfo.java:shutdownFollowerState(121)) - 51e91b80-82a5-4e26-a62a-ce423dc7e82c: shutdown FollowerState
2019-11-14 15:11:09,352 [grpc-default-executor-0] INFO  impl.RoleInfo (RoleInfo.java:updateAndGet(143)) - ee222113-7cfa-4d93-ae35-60587bc46978: start FollowerState
2019-11-14 15:11:09,352 [Thread-4190] INFO  impl.FollowerState (FollowerState.java:run(120)) - 51e91b80-82a5-4e26-a62a-ce423dc7e82c@group-149EF8762377-FollowerState was interrupted: java.lang.InterruptedException: sleep interrupted
2019-11-14 15:11:09,352 [grpc-default-executor-4] INFO  impl.RoleInfo (RoleInfo.java:updateAndGet(143)) - 51e91b80-82a5-4e26-a62a-ce423dc7e82c: start FollowerState
2019-11-14 15:11:09,352 [Thread-4191] INFO  impl.FollowerState (FollowerState.java:run(120)) - ee222113-7cfa-4d93-ae35-60587bc46978@group-149EF8762377-FollowerState was interrupted: java.lang.InterruptedException: sleep interrupted
2019-11-14 15:11:09,363 [Thread-4183] INFO  impl.FollowerState (FollowerState.java:run(111)) - ee222113-7cfa-4d93-ae35-60587bc46978@group-BB41574FA3A7-FollowerState: change to CANDIDATE, lastRpcTime:1111ms, electionTimeout:1111ms
2019-11-14 15:11:09,363 [Thread-4183] INFO  impl.RoleInfo (RoleInfo.java:shutdownFollowerState(121)) - ee222113-7cfa-4d93-ae35-60587bc46978: shutdown FollowerState
2019-11-14 15:11:09,363 [Thread-4183] INFO  impl.RaftServerImpl (RaftServerImpl.java:setRole(173)) - ee222113-7cfa-4d93-ae35-60587bc46978@group-BB41574FA3A7: changes role from  FOLLOWER to CANDIDATE at term 0 for changeToCandidate
2019-11-14 15:11:09,363 [Thread-4183] INFO  impl.RoleInfo (RoleInfo.java:updateAndGet(143)) - ee222113-7cfa-4d93-ae35-60587bc46978: start LeaderElection
2019-11-14 15:11:09,365 [51e91b80-82a5-4e26-a62a-ce423dc7e82c@group-743484FDFED3-SegmentedRaftLogWorker] INFO  segmented.SegmentedRaftLogWorker (SegmentedRaftLogWorker.java:execute(576)) - 51e91b80-82a5-4e26-a62a-ce423dc7e82c@group-743484FDFED3-SegmentedRaftLogWorker: created new log segment /workdir/hadoop-ozone/integration-test/target/test-dir/MiniOzoneClusterImpl-5901a962-94ba-4a8b-ba12-ae811e713c7a/datanode-1/data/ratis/f70543dd-cc5f-41b5-ae30-743484fdfed3/current/log_inprogress_0
2019-11-14 15:11:09,367 [0687b932-fcaf-4ed2-b562-2cd2e9cca79c@group-149EF8762377-LeaderElection177] INFO  impl.LeaderElection (LeaderElection.java:logAndReturn(56)) - 0687b932-fcaf-4ed2-b562-2cd2e9cca79c@group-149EF8762377-LeaderElection177: Election PASSED; received 1 response(s) [0687b932-fcaf-4ed2-b562-2cd2e9cca79c<-ee222113-7cfa-4d93-ae35-60587bc46978#0:OK-t1] and 0 exception(s); 0687b932-fcaf-4ed2-b562-2cd2e9cca79c@group-149EF8762377:t1, leader=null, voted=0687b932-fcaf-4ed2-b562-2cd2e9cca79c, raftlog=0687b932-fcaf-4ed2-b562-2cd2e9cca79c@group-149EF8762377-SegmentedRaftLog:OPENED:c-1,f-1,i0, conf=-1: [ee222113-7cfa-4d93-ae35-60587bc46978:192.168.34.62:36461, 0687b932-fcaf-4ed2-b562-2cd2e9cca79c:192.168.34.62:39060, 51e91b80-82a5-4e26-a62a-ce423dc7e82c:192.168.34.62:43216], old=null
2019-11-14 15:11:09,367 [0687b932-fcaf-4ed2-b562-2cd2e9cca79c@group-149EF8762377-LeaderElection177] INFO  impl.RoleInfo (RoleInfo.java:shutdownLeaderElection(134)) - 0687b932-fcaf-4ed2-b562-2cd2e9cca79c: shutdown LeaderElection
2019-11-14 15:11:09,367 [0687b932-fcaf-4ed2-b562-2cd2e9cca79c@group-149EF8762377-LeaderElection177] INFO  impl.RaftServerImpl (RaftServerImpl.java:setRole(173)) - 0687b932-fcaf-4ed2-b562-2cd2e9cca79c@group-149EF8762377: changes role from CANDIDATE to LEADER at term 1 for changeToLeader
2019-11-14 15:11:09,367 [0687b932-fcaf-4ed2-b562-2cd2e9cca79c@group-149EF8762377-LeaderElection177] INFO  ratis.XceiverServerRatis (XceiverServerRatis.java:handleLeaderChangedNotification(697)) - Leader change notification received for group: group-149EF8762377 with new leaderId: 0687b932-fcaf-4ed2-b562-2cd2e9cca79c
2019-11-14 15:11:09,367 [0687b932-fcaf-4ed2-b562-2cd2e9cca79c@group-149EF8762377-LeaderElection177] INFO  impl.RaftServerImpl (ServerState.java:setLeader(255)) - 0687b932-fcaf-4ed2-b562-2cd2e9cca79c@group-149EF8762377: change Leader from null to 0687b932-fcaf-4ed2-b562-2cd2e9cca79c at term 1 for becomeLeader, leader elected after 1075ms
2019-11-14 15:11:09,367 [0687b932-fcaf-4ed2-b562-2cd2e9cca79c@group-149EF8762377-LeaderElection177] INFO  server.RaftServerConfigKeys (ConfUtils.java:logGet(43)) - raft.server.staging.catchup.gap = 1000 (default)
2019-11-14 15:11:09,368 [0687b932-fcaf-4ed2-b562-2cd2e9cca79c@group-149EF8762377-LeaderElection177] INFO  server.RaftServerConfigKeys (ConfUtils.java:logGet(43)) - raft.server.rpc.sleep.time = 25ms (default)
2019-11-14 15:11:09,368 [0687b932-fcaf-4ed2-b562-2cd2e9cca79c@group-149EF8762377-LeaderElection177] INFO  server.RaftServerConfigKeys (ConfUtils.java:logGet(43)) - raft.server.write.element-limit = 4096 (default)
2019-11-14 15:11:09,368 [0687b932-fcaf-4ed2-b562-2cd2e9cca79c@group-149EF8762377-LeaderElection177] INFO  server.RaftServerConfigKeys (ConfUtils.java:logGet(43)) - raft.server.watch.timeout = 10s (default)
2019-11-14 15:11:09,368 [0687b932-fcaf-4ed2-b562-2cd2e9cca79c@group-149EF8762377-LeaderElection177] INFO  server.RaftServerConfigKeys (ConfUtils.java:logGet(43)) - raft.server.watch.timeout.denomination = 1s (default)
2019-11-14 15:11:09,368 [0687b932-fcaf-4ed2-b562-2cd2e9cca79c@group-149EF8762377-LeaderElection177] INFO  server.RaftServerConfigKeys (ConfUtils.java:logGet(43)) - raft.server.watch.element-limit = 65536 (default)
2019-11-14 15:11:09,368 [0687b932-fcaf-4ed2-b562-2cd2e9cca79c@group-149EF8762377-LeaderElection177] INFO  server.RaftServerConfigKeys (ConfUtils.java:logGet(43)) - raft.server.log.appender.snapshot.chunk.size.max = 16MB (=16777216) (default)
2019-11-14 15:11:09,368 [EventQueue-PipelineReportForPipelineReportHandler] INFO  pipeline.PipelineStateManager (PipelineStateManager.java:openPipeline(134)) - Pipeline Pipeline[ Id: 5a2a0619-c7a2-4787-a7cd-149ef8762377, Nodes: 0687b932-fcaf-4ed2-b562-2cd2e9cca79c{ip: 192.168.34.62, host: pr-hdds-2480-6qkg9-608321763, networkLocation: /rack1, certSerialId: null}51e91b80-82a5-4e26-a62a-ce423dc7e82c{ip: 192.168.34.62, host: pr-hdds-2480-6qkg9-608321763, networkLocation: /rack1, certSerialId: null}ee222113-7cfa-4d93-ae35-60587bc46978{ip: 192.168.34.62, host: pr-hdds-2480-6qkg9-608321763, networkLocation: /rack1, certSerialId: null}, Type:RATIS, Factor:THREE, State:OPEN] moved to OPEN state
2019-11-14 15:11:09,368 [0687b932-fcaf-4ed2-b562-2cd2e9cca79c@group-149EF8762377-LeaderElection177] INFO  server.RaftServerConfigKeys (ConfUtils.java:logGet(43)) - raft.server.log.appender.buffer.byte-limit = 33554432 (custom)
2019-11-14 15:11:09,369 [0687b932-fcaf-4ed2-b562-2cd2e9cca79c@group-149EF8762377-LeaderElection177] INFO  server.RaftServerConfigKeys (ConfUtils.java:logGet(43)) - raft.server.log.appender.buffer.element-limit = 1 (custom)
2019-11-14 15:11:09,369 [0687b932-fcaf-4ed2-b562-2cd2e9cca79c@group-149EF8762377-LeaderElection177] INFO  grpc.GrpcConfigKeys$Server (ConfUtils.java:logGet(43)) - raft.grpc.server.leader.outstanding.appends.max = 128 (default)
2019-11-14 15:11:09,369 [0687b932-fcaf-4ed2-b562-2cd2e9cca79c@group-149EF8762377-LeaderElection177] INFO  server.RaftServerConfigKeys (ConfUtils.java:logGet(43)) - raft.server.rpc.request.timeout = 3000ms (default)
2019-11-14 15:11:09,369 [0687b932-fcaf-4ed2-b562-2cd2e9cca79c@group-149EF8762377-LeaderElection177] INFO  server.RaftServerConfigKeys (ConfUtils.java:logGet(43)) - raft.server.log.appender.install.snapshot.enabled = false (custom)
2019-11-14 15:11:09,369 [0687b932-fcaf-4ed2-b562-2cd2e9cca79c@group-149EF8762377-LeaderElection177] WARN  impl.MetricRegistriesImpl (MetricRegistriesImpl.java:lambda$create$1(61)) - First MetricRegistry has been created without registering reporters. You may need to call MetricRegistries.global().addReportRegistration(...) before.
2019-11-14 15:11:09,369 [0687b932-fcaf-4ed2-b562-2cd2e9cca79c@group-149EF8762377-LeaderElection177] INFO  server.RaftServerConfigKeys (ConfUtils.java:logGet(43)) - raft.server.log.appender.snapshot.chunk.size.max = 16MB (=16777216) (default)
2019-11-14 15:11:09,370 [0687b932-fcaf-4ed2-b562-2cd2e9cca79c@group-149EF8762377-LeaderElection177] INFO  server.RaftServerConfigKeys (ConfUtils.java:logGet(43)) - raft.server.log.appender.buffer.byte-limit = 33554432 (custom)
2019-11-14 15:11:09,370 [0687b932-fcaf-4ed2-b562-2cd2e9cca79c@group-149EF8762377-LeaderElection177] INFO  server.RaftServerConfigKeys (ConfUtils.java:logGet(43)) - raft.server.log.appender.buffer.element-limit = 1 (custom)
2019-11-14 15:11:09,370 [0687b932-fcaf-4ed2-b562-2cd2e9cca79c@group-149EF8762377-LeaderElection177] INFO  grpc.GrpcConfigKeys$Server (ConfUtils.java:logGet(43)) - raft.grpc.server.leader.outstanding.appends.max = 128 (default)
2019-11-14 15:11:09,370 [0687b932-fcaf-4ed2-b562-2cd2e9cca79c@group-149EF8762377-LeaderElection177] INFO  server.RaftServerConfigKeys (ConfUtils.java:logGet(43)) - raft.server.rpc.request.timeout = 3000ms (default)
2019-11-14 15:11:09,370 [0687b932-fcaf-4ed2-b562-2cd2e9cca79c@group-149EF8762377-LeaderElection177] INFO  server.RaftServerConfigKeys (ConfUtils.java:logGet(43)) - raft.server.log.appender.install.snapshot.enabled = false (custom)
2019-11-14 15:11:09,370 [0687b932-fcaf-4ed2-b562-2cd2e9cca79c@group-149EF8762377-LeaderElection177] INFO  impl.RoleInfo (RoleInfo.java:updateAndGet(143)) - 0687b932-fcaf-4ed2-b562-2cd2e9cca79c: start LeaderState
2019-11-14 15:11:09,370 [0687b932-fcaf-4ed2-b562-2cd2e9cca79c@group-149EF8762377-LeaderElection177] INFO  segmented.SegmentedRaftLogWorker (SegmentedRaftLogWorker.java:startLogSegment(385)) - 0687b932-fcaf-4ed2-b562-2cd2e9cca79c@group-149EF8762377-SegmentedRaftLogWorker: Starting segment from index:0
2019-11-14 15:11:09,371 [0687b932-fcaf-4ed2-b562-2cd2e9cca79c@group-149EF8762377-LeaderElection177] INFO  impl.RaftServerImpl (ServerState.java:setRaftConf(356)) - 0687b932-fcaf-4ed2-b562-2cd2e9cca79c@group-149EF8762377: set configuration 0: [ee222113-7cfa-4d93-ae35-60587bc46978:192.168.34.62:36461, 0687b932-fcaf-4ed2-b562-2cd2e9cca79c:192.168.34.62:39060, 51e91b80-82a5-4e26-a62a-ce423dc7e82c:192.168.34.62:43216], old=null at 0
2019-11-14 15:11:09,402 [grpc-default-executor-0] INFO  ratis.XceiverServerRatis (XceiverServerRatis.java:handleLeaderChangedNotification(697)) - Leader change notification received for group: group-149EF8762377 with new leaderId: 0687b932-fcaf-4ed2-b562-2cd2e9cca79c
2019-11-14 15:11:09,402 [ee222113-7cfa-4d93-ae35-60587bc46978@group-BB41574FA3A7-LeaderElection178] INFO  impl.LeaderElection (LeaderElection.java:askForVotes(178)) - ee222113-7cfa-4d93-ae35-60587bc46978@group-BB41574FA3A7-LeaderElection178: begin an election at term 1 for -1: [ee222113-7cfa-4d93-ae35-60587bc46978:192.168.34.62:36461], old=null
2019-11-14 15:11:09,402 [grpc-default-executor-0] INFO  impl.RaftServerImpl (ServerState.java:setLeader(255)) - 51e91b80-82a5-4e26-a62a-ce423dc7e82c@group-149EF8762377: change Leader from null to 0687b932-fcaf-4ed2-b562-2cd2e9cca79c at term 1 for appendEntries, leader elected after 1110ms
2019-11-14 15:11:09,404 [grpc-default-executor-4] INFO  ratis.XceiverServerRatis (XceiverServerRatis.java:handleLeaderChangedNotification(697)) - Leader change notification received for group: group-149EF8762377 with new leaderId: 0687b932-fcaf-4ed2-b562-2cd2e9cca79c
2019-11-14 15:11:09,405 [grpc-default-executor-4] INFO  impl.RaftServerImpl (ServerState.java:setLeader(255)) - ee222113-7cfa-4d93-ae35-60587bc46978@group-149EF8762377: change Leader from null to 0687b932-fcaf-4ed2-b562-2cd2e9cca79c at term 1 for appendEntries, leader elected after 1112ms
2019-11-14 15:11:09,402 [ee222113-7cfa-4d93-ae35-60587bc46978@group-BB41574FA3A7-LeaderElection178] INFO  impl.RoleInfo (RoleInfo.java:shutdownLeaderElection(134)) - ee222113-7cfa-4d93-ae35-60587bc46978: shutdown LeaderElection
2019-11-14 15:11:09,405 [ee222113-7cfa-4d93-ae35-60587bc46978@group-BB41574FA3A7-LeaderElection178] INFO  impl.RaftServerImpl (RaftServerImpl.java:setRole(173)) - ee222113-7cfa-4d93-ae35-60587bc46978@group-BB41574FA3A7: changes role from CANDIDATE to LEADER at term 1 for changeToLeader
2019-11-14 15:11:09,405 [ee222113-7cfa-4d93-ae35-60587bc46978@group-BB41574FA3A7-LeaderElection178] INFO  ratis.XceiverServerRatis (XceiverServerRatis.java:handleLeaderChangedNotification(697)) - Leader change notification received for group: group-BB41574FA3A7 with new leaderId: ee222113-7cfa-4d93-ae35-60587bc46978
2019-11-14 15:11:09,405 [ee222113-7cfa-4d93-ae35-60587bc46978@group-BB41574FA3A7-LeaderElection178] INFO  impl.RaftServerImpl (ServerState.java:setLeader(255)) - ee222113-7cfa-4d93-ae35-60587bc46978@group-BB41574FA3A7: change Leader from null to ee222113-7cfa-4d93-ae35-60587bc46978 at term 1 for becomeLeader, leader elected after 1156ms
2019-11-14 15:11:09,405 [ee222113-7cfa-4d93-ae35-60587bc46978@group-BB41574FA3A7-LeaderElection178] INFO  server.RaftServerConfigKeys (ConfUtils.java:logGet(43)) - raft.server.staging.catchup.gap = 1000 (default)
2019-11-14 15:11:09,408 [ee222113-7cfa-4d93-ae35-60587bc46978@group-BB41574FA3A7-LeaderElection178] INFO  server.RaftServerConfigKeys (ConfUtils.java:logGet(43)) - raft.server.rpc.sleep.time = 25ms (default)
2019-11-14 15:11:09,408 [ee222113-7cfa-4d93-ae35-60587bc46978@group-BB41574FA3A7-LeaderElection178] INFO  server.RaftServerConfigKeys (ConfUtils.java:logGet(43)) - raft.server.write.element-limit = 4096 (default)
2019-11-14 15:11:09,408 [ee222113-7cfa-4d93-ae35-60587bc46978@group-BB41574FA3A7-LeaderElection178] INFO  server.RaftServerConfigKeys (ConfUtils.java:logGet(43)) - raft.server.watch.timeout = 10s (default)
2019-11-14 15:11:09,408 [grpc-default-executor-4] INFO  impl.RaftServerImpl (ServerState.java:setRaftConf(356)) - 51e91b80-82a5-4e26-a62a-ce423dc7e82c@group-149EF8762377: set configuration 0: [ee222113-7cfa-4d93-ae35-60587bc46978:192.168.34.62:36461, 0687b932-fcaf-4ed2-b562-2cd2e9cca79c:192.168.34.62:39060, 51e91b80-82a5-4e26-a62a-ce423dc7e82c:192.168.34.62:43216], old=null at 0
2019-11-14 15:11:09,408 [grpc-default-executor-0] INFO  impl.RaftServerImpl (ServerState.java:setRaftConf(356)) - ee222113-7cfa-4d93-ae35-60587bc46978@group-149EF8762377: set configuration 0: [ee222113-7cfa-4d93-ae35-60587bc46978:192.168.34.62:36461, 0687b932-fcaf-4ed2-b562-2cd2e9cca79c:192.168.34.62:39060, 51e91b80-82a5-4e26-a62a-ce423dc7e82c:192.168.34.62:43216], old=null at 0
2019-11-14 15:11:09,409 [grpc-default-executor-4] INFO  segmented.SegmentedRaftLogWorker (SegmentedRaftLogWorker.java:startLogSegment(385)) - 51e91b80-82a5-4e26-a62a-ce423dc7e82c@group-149EF8762377-SegmentedRaftLogWorker: Starting segment from index:0
2019-11-14 15:11:09,408 [EventQueue-PipelineReportForPipelineReportHandler] INFO  pipeline.PipelineStateManager (PipelineStateManager.java:openPipeline(134)) - Pipeline Pipeline[ Id: b8352750-da6a-4984-be33-bb41574fa3a7, Nodes: ee222113-7cfa-4d93-ae35-60587bc46978{ip: 192.168.34.62, host: pr-hdds-2480-6qkg9-608321763, networkLocation: /rack1, certSerialId: null}, Type:RATIS, Factor:ONE, State:OPEN] moved to OPEN state
2019-11-14 15:11:09,408 [ee222113-7cfa-4d93-ae35-60587bc46978@group-BB41574FA3A7-LeaderElection178] INFO  server.RaftServerConfigKeys (ConfUtils.java:logGet(43)) - raft.server.watch.timeout.denomination = 1s (default)
2019-11-14 15:11:09,409 [grpc-default-executor-0] INFO  segmented.SegmentedRaftLogWorker (SegmentedRaftLogWorker.java:startLogSegment(385)) - ee222113-7cfa-4d93-ae35-60587bc46978@group-149EF8762377-SegmentedRaftLogWorker: Starting segment from index:0
2019-11-14 15:11:09,409 [ee222113-7cfa-4d93-ae35-60587bc46978@group-BB41574FA3A7-LeaderElection178] INFO  server.RaftServerConfigKeys (ConfUtils.java:logGet(43)) - raft.server.watch.element-limit = 65536 (default)
2019-11-14 15:11:09,409 [ee222113-7cfa-4d93-ae35-60587bc46978@group-BB41574FA3A7-LeaderElection178] INFO  impl.RoleInfo (RoleInfo.java:updateAndGet(143)) - ee222113-7cfa-4d93-ae35-60587bc46978: start LeaderState
2019-11-14 15:11:09,410 [ee222113-7cfa-4d93-ae35-60587bc46978@group-BB41574FA3A7-LeaderElection178] INFO  segmented.SegmentedRaftLogWorker (SegmentedRaftLogWorker.java:startLogSegment(385)) - ee222113-7cfa-4d93-ae35-60587bc46978@group-BB41574FA3A7-SegmentedRaftLogWorker: Starting segment from index:0
2019-11-14 15:11:09,410 [ee222113-7cfa-4d93-ae35-60587bc46978@group-BB41574FA3A7-LeaderElection178] INFO  impl.RaftServerImpl (ServerState.java:setRaftConf(356)) - ee222113-7cfa-4d93-ae35-60587bc46978@group-BB41574FA3A7: set configuration 0: [ee222113-7cfa-4d93-ae35-60587bc46978:192.168.34.62:36461], old=null at 0
2019-11-14 15:11:09,415 [0687b932-fcaf-4ed2-b562-2cd2e9cca79c@group-149EF8762377-SegmentedRaftLogWorker] INFO  segmented.SegmentedRaftLogWorker (SegmentedRaftLogWorker.java:execute(576)) - 0687b932-fcaf-4ed2-b562-2cd2e9cca79c@group-149EF8762377-SegmentedRaftLogWorker: created new log segment /workdir/hadoop-ozone/integration-test/target/test-dir/MiniOzoneClusterImpl-5901a962-94ba-4a8b-ba12-ae811e713c7a/datanode-0/data/ratis/5a2a0619-c7a2-4787-a7cd-149ef8762377/current/log_inprogress_0
2019-11-14 15:11:09,449 [51e91b80-82a5-4e26-a62a-ce423dc7e82c@group-149EF8762377-SegmentedRaftLogWorker] INFO  segmented.SegmentedRaftLogWorker (SegmentedRaftLogWorker.java:execute(576)) - 51e91b80-82a5-4e26-a62a-ce423dc7e82c@group-149EF8762377-SegmentedRaftLogWorker: created new log segment /workdir/hadoop-ozone/integration-test/target/test-dir/MiniOzoneClusterImpl-5901a962-94ba-4a8b-ba12-ae811e713c7a/datanode-1/data/ratis/5a2a0619-c7a2-4787-a7cd-149ef8762377/current/log_inprogress_0
2019-11-14 15:11:09,449 [ee222113-7cfa-4d93-ae35-60587bc46978@group-149EF8762377-SegmentedRaftLogWorker] INFO  segmented.SegmentedRaftLogWorker (SegmentedRaftLogWorker.java:execute(576)) - ee222113-7cfa-4d93-ae35-60587bc46978@group-149EF8762377-SegmentedRaftLogWorker: created new log segment /workdir/hadoop-ozone/integration-test/target/test-dir/MiniOzoneClusterImpl-5901a962-94ba-4a8b-ba12-ae811e713c7a/datanode-2/data/ratis/5a2a0619-c7a2-4787-a7cd-149ef8762377/current/log_inprogress_0
2019-11-14 15:11:09,449 [ee222113-7cfa-4d93-ae35-60587bc46978@group-BB41574FA3A7-SegmentedRaftLogWorker] INFO  segmented.SegmentedRaftLogWorker (SegmentedRaftLogWorker.java:execute(576)) - ee222113-7cfa-4d93-ae35-60587bc46978@group-BB41574FA3A7-SegmentedRaftLogWorker: created new log segment /workdir/hadoop-ozone/integration-test/target/test-dir/MiniOzoneClusterImpl-5901a962-94ba-4a8b-ba12-ae811e713c7a/datanode-2/data/ratis/b8352750-da6a-4984-be33-bb41574fa3a7/current/log_inprogress_0
2019-11-14 15:11:09,474 [Thread-4201] INFO  impl.FollowerState (FollowerState.java:run(111)) - 34d60e7e-1049-4636-b4f7-69f15bd98c31@group-6D96205D0741-FollowerState: change to CANDIDATE, lastRpcTime:1021ms, electionTimeout:1021ms
2019-11-14 15:11:09,474 [Thread-4201] INFO  impl.RoleInfo (RoleInfo.java:shutdownFollowerState(121)) - 34d60e7e-1049-4636-b4f7-69f15bd98c31: shutdown FollowerState
2019-11-14 15:11:09,474 [Thread-4201] INFO  impl.RaftServerImpl (RaftServerImpl.java:setRole(173)) - 34d60e7e-1049-4636-b4f7-69f15bd98c31@group-6D96205D0741: changes role from  FOLLOWER to CANDIDATE at term 0 for changeToCandidate
2019-11-14 15:11:09,474 [Thread-4201] INFO  impl.RoleInfo (RoleInfo.java:updateAndGet(143)) - 34d60e7e-1049-4636-b4f7-69f15bd98c31: start LeaderElection
2019-11-14 15:11:09,492 [34d60e7e-1049-4636-b4f7-69f15bd98c31@group-6D96205D0741-LeaderElection179] INFO  impl.LeaderElection (LeaderElection.java:askForVotes(178)) - 34d60e7e-1049-4636-b4f7-69f15bd98c31@group-6D96205D0741-LeaderElection179: begin an election at term 1 for -1: [34d60e7e-1049-4636-b4f7-69f15bd98c31:192.168.34.62:39382], old=null
2019-11-14 15:11:09,493 [34d60e7e-1049-4636-b4f7-69f15bd98c31@group-6D96205D0741-LeaderElection179] INFO  impl.RoleInfo (RoleInfo.java:shutdownLeaderElection(134)) - 34d60e7e-1049-4636-b4f7-69f15bd98c31: shutdown LeaderElection
2019-11-14 15:11:09,493 [34d60e7e-1049-4636-b4f7-69f15bd98c31@group-6D96205D0741-LeaderElection179] INFO  impl.RaftServerImpl (RaftServerImpl.java:setRole(173)) - 34d60e7e-1049-4636-b4f7-69f15bd98c31@group-6D96205D0741: changes role from CANDIDATE to LEADER at term 1 for changeToLeader
2019-11-14 15:11:09,493 [34d60e7e-1049-4636-b4f7-69f15bd98c31@group-6D96205D0741-LeaderElection179] INFO  ratis.XceiverServerRatis (XceiverServerRatis.java:handleLeaderChangedNotification(697)) - Leader change notification received for group: group-6D96205D0741 with new leaderId: 34d60e7e-1049-4636-b4f7-69f15bd98c31
2019-11-14 15:11:09,493 [34d60e7e-1049-4636-b4f7-69f15bd98c31@group-6D96205D0741-LeaderElection179] INFO  impl.RaftServerImpl (ServerState.java:setLeader(255)) - 34d60e7e-1049-4636-b4f7-69f15bd98c31@group-6D96205D0741: change Leader from null to 34d60e7e-1049-4636-b4f7-69f15bd98c31 at term 1 for becomeLeader, leader elected after 1043ms
2019-11-14 15:11:09,493 [34d60e7e-1049-4636-b4f7-69f15bd98c31@group-6D96205D0741-LeaderElection179] INFO  server.RaftServerConfigKeys (ConfUtils.java:logGet(43)) - raft.server.staging.catchup.gap = 1000 (default)
2019-11-14 15:11:09,493 [34d60e7e-1049-4636-b4f7-69f15bd98c31@group-6D96205D0741-LeaderElection179] INFO  server.RaftServerConfigKeys (ConfUtils.java:logGet(43)) - raft.server.rpc.sleep.time = 25ms (default)
2019-11-14 15:11:09,495 [34d60e7e-1049-4636-b4f7-69f15bd98c31@group-6D96205D0741-LeaderElection179] INFO  server.RaftServerConfigKeys (ConfUtils.java:logGet(43)) - raft.server.write.element-limit = 4096 (default)
2019-11-14 15:11:09,496 [34d60e7e-1049-4636-b4f7-69f15bd98c31@group-6D96205D0741-LeaderElection179] INFO  server.RaftServerConfigKeys (ConfUtils.java:logGet(43)) - raft.server.watch.timeout = 10s (default)
2019-11-14 15:11:09,496 [34d60e7e-1049-4636-b4f7-69f15bd98c31@group-6D96205D0741-LeaderElection179] INFO  server.RaftServerConfigKeys (ConfUtils.java:logGet(43)) - raft.server.watch.timeout.denomination = 1s (default)
2019-11-14 15:11:09,496 [34d60e7e-1049-4636-b4f7-69f15bd98c31@group-6D96205D0741-LeaderElection179] INFO  server.RaftServerConfigKeys (ConfUtils.java:logGet(43)) - raft.server.watch.element-limit = 65536 (default)
2019-11-14 15:11:09,496 [34d60e7e-1049-4636-b4f7-69f15bd98c31@group-6D96205D0741-LeaderElection179] INFO  impl.RoleInfo (RoleInfo.java:updateAndGet(143)) - 34d60e7e-1049-4636-b4f7-69f15bd98c31: start LeaderState
2019-11-14 15:11:09,496 [34d60e7e-1049-4636-b4f7-69f15bd98c31@group-6D96205D0741-LeaderElection179] INFO  segmented.SegmentedRaftLogWorker (SegmentedRaftLogWorker.java:startLogSegment(385)) - 34d60e7e-1049-4636-b4f7-69f15bd98c31@group-6D96205D0741-SegmentedRaftLogWorker: Starting segment from index:0
2019-11-14 15:11:09,496 [EventQueue-PipelineReportForPipelineReportHandler] INFO  pipeline.PipelineStateManager (PipelineStateManager.java:openPipeline(134)) - Pipeline Pipeline[ Id: 7bf251c5-ce7d-4514-bd23-6d96205d0741, Nodes: 34d60e7e-1049-4636-b4f7-69f15bd98c31{ip: 192.168.34.62, host: pr-hdds-2480-6qkg9-608321763, networkLocation: /rack1, certSerialId: null}, Type:RATIS, Factor:ONE, State:OPEN] moved to OPEN state
2019-11-14 15:11:09,496 [34d60e7e-1049-4636-b4f7-69f15bd98c31@group-6D96205D0741-LeaderElection179] INFO  impl.RaftServerImpl (ServerState.java:setRaftConf(356)) - 34d60e7e-1049-4636-b4f7-69f15bd98c31@group-6D96205D0741: set configuration 0: [34d60e7e-1049-4636-b4f7-69f15bd98c31:192.168.34.62:39382], old=null at 0
2019-11-14 15:11:09,522 [Thread-4198] INFO  impl.FollowerState (FollowerState.java:run(111)) - 69447648-1360-460f-862e-b843b6813c61@group-226267BD06F8-FollowerState: change to CANDIDATE, lastRpcTime:1111ms, electionTimeout:1111ms
2019-11-14 15:11:09,523 [Thread-4198] INFO  impl.RoleInfo (RoleInfo.java:shutdownFollowerState(121)) - 69447648-1360-460f-862e-b843b6813c61: shutdown FollowerState
2019-11-14 15:11:09,523 [Thread-4198] INFO  impl.RaftServerImpl (RaftServerImpl.java:setRole(173)) - 69447648-1360-460f-862e-b843b6813c61@group-226267BD06F8: changes role from  FOLLOWER to CANDIDATE at term 0 for changeToCandidate
2019-11-14 15:11:09,523 [Thread-4198] INFO  impl.RoleInfo (RoleInfo.java:updateAndGet(143)) - 69447648-1360-460f-862e-b843b6813c61: start LeaderElection
2019-11-14 15:11:09,540 [Thread-4195] INFO  impl.FollowerState (FollowerState.java:run(111)) - de889d2b-5891-48f1-89d7-805f59e22d6d@group-85924F944E96-FollowerState: change to CANDIDATE, lastRpcTime:1177ms, electionTimeout:1177ms
2019-11-14 15:11:09,541 [Thread-4195] INFO  impl.RoleInfo (RoleInfo.java:shutdownFollowerState(121)) - de889d2b-5891-48f1-89d7-805f59e22d6d: shutdown FollowerState
2019-11-14 15:11:09,541 [Thread-4195] INFO  impl.RaftServerImpl (RaftServerImpl.java:setRole(173)) - de889d2b-5891-48f1-89d7-805f59e22d6d@group-85924F944E96: changes role from  FOLLOWER to CANDIDATE at term 0 for changeToCandidate
2019-11-14 15:11:09,541 [Thread-4195] INFO  impl.RoleInfo (RoleInfo.java:updateAndGet(143)) - de889d2b-5891-48f1-89d7-805f59e22d6d: start LeaderElection
2019-11-14 15:11:09,545 [34d60e7e-1049-4636-b4f7-69f15bd98c31@group-6D96205D0741-SegmentedRaftLogWorker] INFO  segmented.SegmentedRaftLogWorker (SegmentedRaftLogWorker.java:execute(576)) - 34d60e7e-1049-4636-b4f7-69f15bd98c31@group-6D96205D0741-SegmentedRaftLogWorker: created new log segment /workdir/hadoop-ozone/integration-test/target/test-dir/MiniOzoneClusterImpl-5901a962-94ba-4a8b-ba12-ae811e713c7a/datanode-5/data/ratis/7bf251c5-ce7d-4514-bd23-6d96205d0741/current/log_inprogress_0
2019-11-14 15:11:09,545 [69447648-1360-460f-862e-b843b6813c61@group-226267BD06F8-LeaderElection180] INFO  impl.LeaderElection (LeaderElection.java:askForVotes(178)) - 69447648-1360-460f-862e-b843b6813c61@group-226267BD06F8-LeaderElection180: begin an election at term 1 for -1: [69447648-1360-460f-862e-b843b6813c61:192.168.34.62:43196], old=null
2019-11-14 15:11:09,545 [69447648-1360-460f-862e-b843b6813c61@group-226267BD06F8-LeaderElection180] INFO  impl.RoleInfo (RoleInfo.java:shutdownLeaderElection(134)) - 69447648-1360-460f-862e-b843b6813c61: shutdown LeaderElection
2019-11-14 15:11:09,545 [69447648-1360-460f-862e-b843b6813c61@group-226267BD06F8-LeaderElection180] INFO  impl.RaftServerImpl (RaftServerImpl.java:setRole(173)) - 69447648-1360-460f-862e-b843b6813c61@group-226267BD06F8: changes role from CANDIDATE to LEADER at term 1 for changeToLeader
2019-11-14 15:11:09,545 [69447648-1360-460f-862e-b843b6813c61@group-226267BD06F8-LeaderElection180] INFO  ratis.XceiverServerRatis (XceiverServerRatis.java:handleLeaderChangedNotification(697)) - Leader change notification received for group: group-226267BD06F8 with new leaderId: 69447648-1360-460f-862e-b843b6813c61
2019-11-14 15:11:09,545 [69447648-1360-460f-862e-b843b6813c61@group-226267BD06F8-LeaderElection180] INFO  impl.RaftServerImpl (ServerState.java:setLeader(255)) - 69447648-1360-460f-862e-b843b6813c61@group-226267BD06F8: change Leader from null to 69447648-1360-460f-862e-b843b6813c61 at term 1 for becomeLeader, leader elected after 1137ms
2019-11-14 15:11:09,546 [69447648-1360-460f-862e-b843b6813c61@group-226267BD06F8-LeaderElection180] INFO  server.RaftServerConfigKeys (ConfUtils.java:logGet(43)) - raft.server.staging.catchup.gap = 1000 (default)
2019-11-14 15:11:09,548 [69447648-1360-460f-862e-b843b6813c61@group-226267BD06F8-LeaderElection180] INFO  server.RaftServerConfigKeys (ConfUtils.java:logGet(43)) - raft.server.rpc.sleep.time = 25ms (default)
2019-11-14 15:11:09,548 [69447648-1360-460f-862e-b843b6813c61@group-226267BD06F8-LeaderElection180] INFO  server.RaftServerConfigKeys (ConfUtils.java:logGet(43)) - raft.server.write.element-limit = 4096 (default)
2019-11-14 15:11:09,548 [69447648-1360-460f-862e-b843b6813c61@group-226267BD06F8-LeaderElection180] INFO  server.RaftServerConfigKeys (ConfUtils.java:logGet(43)) - raft.server.watch.timeout = 10s (default)
2019-11-14 15:11:09,548 [69447648-1360-460f-862e-b843b6813c61@group-226267BD06F8-LeaderElection180] INFO  server.RaftServerConfigKeys (ConfUtils.java:logGet(43)) - raft.server.watch.timeout.denomination = 1s (default)
2019-11-14 15:11:09,548 [69447648-1360-460f-862e-b843b6813c61@group-226267BD06F8-LeaderElection180] INFO  server.RaftServerConfigKeys (ConfUtils.java:logGet(43)) - raft.server.watch.element-limit = 65536 (default)
2019-11-14 15:11:09,548 [EventQueue-PipelineReportForPipelineReportHandler] INFO  pipeline.PipelineStateManager (PipelineStateManager.java:openPipeline(134)) - Pipeline Pipeline[ Id: 16b40f4c-2224-48eb-924f-226267bd06f8, Nodes: 69447648-1360-460f-862e-b843b6813c61{ip: 192.168.34.62, host: pr-hdds-2480-6qkg9-608321763, networkLocation: /rack1, certSerialId: null}, Type:RATIS, Factor:ONE, State:OPEN] moved to OPEN state
2019-11-14 15:11:09,549 [69447648-1360-460f-862e-b843b6813c61@group-226267BD06F8-LeaderElection180] INFO  impl.RoleInfo (RoleInfo.java:updateAndGet(143)) - 69447648-1360-460f-862e-b843b6813c61: start LeaderState
2019-11-14 15:11:09,549 [69447648-1360-460f-862e-b843b6813c61@group-226267BD06F8-LeaderElection180] INFO  segmented.SegmentedRaftLogWorker (SegmentedRaftLogWorker.java:startLogSegment(385)) - 69447648-1360-460f-862e-b843b6813c61@group-226267BD06F8-SegmentedRaftLogWorker: Starting segment from index:0
2019-11-14 15:11:09,550 [69447648-1360-460f-862e-b843b6813c61@group-226267BD06F8-LeaderElection180] INFO  impl.RaftServerImpl (ServerState.java:setRaftConf(356)) - 69447648-1360-460f-862e-b843b6813c61@group-226267BD06F8: set configuration 0: [69447648-1360-460f-862e-b843b6813c61:192.168.34.62:43196], old=null at 0
2019-11-14 15:11:09,554 [Thread-4212] INFO  impl.FollowerState (FollowerState.java:run(111)) - 34d60e7e-1049-4636-b4f7-69f15bd98c31@group-C03AABED6DCB-FollowerState: change to CANDIDATE, lastRpcTime:1012ms, electionTimeout:1012ms
2019-11-14 15:11:09,554 [Thread-4212] INFO  impl.RoleInfo (RoleInfo.java:shutdownFollowerState(121)) - 34d60e7e-1049-4636-b4f7-69f15bd98c31: shutdown FollowerState
2019-11-14 15:11:09,554 [Thread-4212] INFO  impl.RaftServerImpl (RaftServerImpl.java:setRole(173)) - 34d60e7e-1049-4636-b4f7-69f15bd98c31@group-C03AABED6DCB: changes role from  FOLLOWER to CANDIDATE at term 0 for changeToCandidate
2019-11-14 15:11:09,554 [Thread-4212] INFO  impl.RoleInfo (RoleInfo.java:updateAndGet(143)) - 34d60e7e-1049-4636-b4f7-69f15bd98c31: start LeaderElection
2019-11-14 15:11:09,589 [Thread-4204] INFO  impl.FollowerState (FollowerState.java:run(111)) - fdb64a2a-711d-4b74-a4a4-cacd6c2cad61@group-CCF71F033618-FollowerState: change to CANDIDATE, lastRpcTime:1108ms, electionTimeout:1098ms
2019-11-14 15:11:09,589 [Thread-4207] INFO  impl.FollowerState (FollowerState.java:run(111)) - fdb64a2a-711d-4b74-a4a4-cacd6c2cad61@group-C03AABED6DCB-FollowerState: change to CANDIDATE, lastRpcTime:1051ms, electionTimeout:1030ms
2019-11-14 15:11:09,589 [de889d2b-5891-48f1-89d7-805f59e22d6d@group-85924F944E96-LeaderElection181] INFO  impl.LeaderElection (LeaderElection.java:askForVotes(178)) - de889d2b-5891-48f1-89d7-805f59e22d6d@group-85924F944E96-LeaderElection181: begin an election at term 1 for -1: [de889d2b-5891-48f1-89d7-805f59e22d6d:192.168.34.62:42999], old=null
2019-11-14 15:11:09,590 [Thread-4207] INFO  impl.RoleInfo (RoleInfo.java:shutdownFollowerState(121)) - fdb64a2a-711d-4b74-a4a4-cacd6c2cad61: shutdown FollowerState
2019-11-14 15:11:09,590 [de889d2b-5891-48f1-89d7-805f59e22d6d@group-85924F944E96-LeaderElection181] INFO  impl.RoleInfo (RoleInfo.java:shutdownLeaderElection(134)) - de889d2b-5891-48f1-89d7-805f59e22d6d: shutdown LeaderElection
2019-11-14 15:11:09,590 [Thread-4204] INFO  impl.RoleInfo (RoleInfo.java:shutdownFollowerState(121)) - fdb64a2a-711d-4b74-a4a4-cacd6c2cad61: shutdown FollowerState
2019-11-14 15:11:09,590 [de889d2b-5891-48f1-89d7-805f59e22d6d@group-85924F944E96-LeaderElection181] INFO  impl.RaftServerImpl (RaftServerImpl.java:setRole(173)) - de889d2b-5891-48f1-89d7-805f59e22d6d@group-85924F944E96: changes role from CANDIDATE to LEADER at term 1 for changeToLeader
2019-11-14 15:11:09,590 [de889d2b-5891-48f1-89d7-805f59e22d6d@group-85924F944E96-LeaderElection181] INFO  ratis.XceiverServerRatis (XceiverServerRatis.java:handleLeaderChangedNotification(697)) - Leader change notification received for group: group-85924F944E96 with new leaderId: de889d2b-5891-48f1-89d7-805f59e22d6d
2019-11-14 15:11:09,590 [Thread-4207] INFO  impl.RaftServerImpl (RaftServerImpl.java:setRole(173)) - fdb64a2a-711d-4b74-a4a4-cacd6c2cad61@group-C03AABED6DCB: changes role from  FOLLOWER to CANDIDATE at term 0 for changeToCandidate
2019-11-14 15:11:09,590 [de889d2b-5891-48f1-89d7-805f59e22d6d@group-85924F944E96-LeaderElection181] INFO  impl.RaftServerImpl (ServerState.java:setLeader(255)) - de889d2b-5891-48f1-89d7-805f59e22d6d@group-85924F944E96: change Leader from null to de889d2b-5891-48f1-89d7-805f59e22d6d at term 1 for becomeLeader, leader elected after 1230ms
2019-11-14 15:11:09,590 [de889d2b-5891-48f1-89d7-805f59e22d6d@group-85924F944E96-LeaderElection181] INFO  server.RaftServerConfigKeys (ConfUtils.java:logGet(43)) - raft.server.staging.catchup.gap = 1000 (default)
2019-11-14 15:11:09,593 [de889d2b-5891-48f1-89d7-805f59e22d6d@group-85924F944E96-LeaderElection181] INFO  server.RaftServerConfigKeys (ConfUtils.java:logGet(43)) - raft.server.rpc.sleep.time = 25ms (default)
2019-11-14 15:11:09,590 [Thread-4204] INFO  impl.RaftServerImpl (RaftServerImpl.java:setRole(173)) - fdb64a2a-711d-4b74-a4a4-cacd6c2cad61@group-CCF71F033618: changes role from  FOLLOWER to CANDIDATE at term 0 for changeToCandidate
2019-11-14 15:11:09,593 [de889d2b-5891-48f1-89d7-805f59e22d6d@group-85924F944E96-LeaderElection181] INFO  server.RaftServerConfigKeys (ConfUtils.java:logGet(43)) - raft.server.write.element-limit = 4096 (default)
2019-11-14 15:11:09,590 [Thread-4207] INFO  impl.RoleInfo (RoleInfo.java:updateAndGet(143)) - fdb64a2a-711d-4b74-a4a4-cacd6c2cad61: start LeaderElection
2019-11-14 15:11:09,594 [de889d2b-5891-48f1-89d7-805f59e22d6d@group-85924F944E96-LeaderElection181] INFO  server.RaftServerConfigKeys (ConfUtils.java:logGet(43)) - raft.server.watch.timeout = 10s (default)
2019-11-14 15:11:09,594 [Thread-4204] INFO  impl.RoleInfo (RoleInfo.java:updateAndGet(143)) - fdb64a2a-711d-4b74-a4a4-cacd6c2cad61: start LeaderElection
2019-11-14 15:11:09,594 [EventQueue-PipelineReportForPipelineReportHandler] INFO  pipeline.PipelineStateManager (PipelineStateManager.java:openPipeline(134)) - Pipeline Pipeline[ Id: af54f0ef-5bb2-4a24-ac28-85924f944e96, Nodes: de889d2b-5891-48f1-89d7-805f59e22d6d{ip: 192.168.34.62, host: pr-hdds-2480-6qkg9-608321763, networkLocation: /rack1, certSerialId: null}, Type:RATIS, Factor:ONE, State:OPEN] moved to OPEN state
2019-11-14 15:11:09,594 [de889d2b-5891-48f1-89d7-805f59e22d6d@group-85924F944E96-LeaderElection181] INFO  server.RaftServerConfigKeys (ConfUtils.java:logGet(43)) - raft.server.watch.timeout.denomination = 1s (default)
2019-11-14 15:11:09,602 [de889d2b-5891-48f1-89d7-805f59e22d6d@group-85924F944E96-LeaderElection181] INFO  server.RaftServerConfigKeys (ConfUtils.java:logGet(43)) - raft.server.watch.element-limit = 65536 (default)
2019-11-14 15:11:09,602 [de889d2b-5891-48f1-89d7-805f59e22d6d@group-85924F944E96-LeaderElection181] INFO  impl.RoleInfo (RoleInfo.java:updateAndGet(143)) - de889d2b-5891-48f1-89d7-805f59e22d6d: start LeaderState
2019-11-14 15:11:09,602 [de889d2b-5891-48f1-89d7-805f59e22d6d@group-85924F944E96-LeaderElection181] INFO  segmented.SegmentedRaftLogWorker (SegmentedRaftLogWorker.java:startLogSegment(385)) - de889d2b-5891-48f1-89d7-805f59e22d6d@group-85924F944E96-SegmentedRaftLogWorker: Starting segment from index:0
2019-11-14 15:11:09,603 [69447648-1360-460f-862e-b843b6813c61@group-226267BD06F8-SegmentedRaftLogWorker] INFO  segmented.SegmentedRaftLogWorker (SegmentedRaftLogWorker.java:execute(576)) - 69447648-1360-460f-862e-b843b6813c61@group-226267BD06F8-SegmentedRaftLogWorker: created new log segment /workdir/hadoop-ozone/integration-test/target/test-dir/MiniOzoneClusterImpl-5901a962-94ba-4a8b-ba12-ae811e713c7a/datanode-3/data/ratis/16b40f4c-2224-48eb-924f-226267bd06f8/current/log_inprogress_0
2019-11-14 15:11:09,603 [34d60e7e-1049-4636-b4f7-69f15bd98c31@group-C03AABED6DCB-LeaderElection182] INFO  impl.LeaderElection (LeaderElection.java:askForVotes(178)) - 34d60e7e-1049-4636-b4f7-69f15bd98c31@group-C03AABED6DCB-LeaderElection182: begin an election at term 1 for -1: [fdb64a2a-711d-4b74-a4a4-cacd6c2cad61:192.168.34.62:37913, 34d60e7e-1049-4636-b4f7-69f15bd98c31:192.168.34.62:39382, de889d2b-5891-48f1-89d7-805f59e22d6d:192.168.34.62:42999], old=null
2019-11-14 15:11:09,603 [de889d2b-5891-48f1-89d7-805f59e22d6d@group-85924F944E96-LeaderElection181] INFO  impl.RaftServerImpl (ServerState.java:setRaftConf(356)) - de889d2b-5891-48f1-89d7-805f59e22d6d@group-85924F944E96: set configuration 0: [de889d2b-5891-48f1-89d7-805f59e22d6d:192.168.34.62:42999], old=null at 0
2019-11-14 15:11:09,606 [fdb64a2a-711d-4b74-a4a4-cacd6c2cad61@group-C03AABED6DCB-LeaderElection183] INFO  impl.LeaderElection (LeaderElection.java:askForVotes(178)) - fdb64a2a-711d-4b74-a4a4-cacd6c2cad61@group-C03AABED6DCB-LeaderElection183: begin an election at term 1 for -1: [fdb64a2a-711d-4b74-a4a4-cacd6c2cad61:192.168.34.62:37913, 34d60e7e-1049-4636-b4f7-69f15bd98c31:192.168.34.62:39382, de889d2b-5891-48f1-89d7-805f59e22d6d:192.168.34.62:42999], old=null
2019-11-14 15:11:09,606 [fdb64a2a-711d-4b74-a4a4-cacd6c2cad61@group-CCF71F033618-LeaderElection184] INFO  impl.LeaderElection (LeaderElection.java:askForVotes(178)) - fdb64a2a-711d-4b74-a4a4-cacd6c2cad61@group-CCF71F033618-LeaderElection184: begin an election at term 1 for -1: [fdb64a2a-711d-4b74-a4a4-cacd6c2cad61:192.168.34.62:37913], old=null
2019-11-14 15:11:09,606 [fdb64a2a-711d-4b74-a4a4-cacd6c2cad61@group-CCF71F033618-LeaderElection184] INFO  impl.RoleInfo (RoleInfo.java:shutdownLeaderElection(134)) - fdb64a2a-711d-4b74-a4a4-cacd6c2cad61: shutdown LeaderElection
2019-11-14 15:11:09,606 [fdb64a2a-711d-4b74-a4a4-cacd6c2cad61@group-CCF71F033618-LeaderElection184] INFO  impl.RaftServerImpl (RaftServerImpl.java:setRole(173)) - fdb64a2a-711d-4b74-a4a4-cacd6c2cad61@group-CCF71F033618: changes role from CANDIDATE to LEADER at term 1 for changeToLeader
2019-11-14 15:11:09,606 [fdb64a2a-711d-4b74-a4a4-cacd6c2cad61@group-CCF71F033618-LeaderElection184] INFO  ratis.XceiverServerRatis (XceiverServerRatis.java:handleLeaderChangedNotification(697)) - Leader change notification received for group: group-CCF71F033618 with new leaderId: fdb64a2a-711d-4b74-a4a4-cacd6c2cad61
2019-11-14 15:11:09,641 [grpc-default-executor-0] INFO  impl.RaftServerImpl (RaftServerImpl.java:setRole(173)) - de889d2b-5891-48f1-89d7-805f59e22d6d@group-C03AABED6DCB: changes role from  FOLLOWER to FOLLOWER at term 1 for recognizeCandidate:34d60e7e-1049-4636-b4f7-69f15bd98c31
2019-11-14 15:11:09,641 [grpc-default-executor-0] INFO  impl.RoleInfo (RoleInfo.java:shutdownFollowerState(121)) - de889d2b-5891-48f1-89d7-805f59e22d6d: shutdown FollowerState
2019-11-14 15:11:09,641 [fdb64a2a-711d-4b74-a4a4-cacd6c2cad61@group-CCF71F033618-LeaderElection184] INFO  impl.RaftServerImpl (ServerState.java:setLeader(255)) - fdb64a2a-711d-4b74-a4a4-cacd6c2cad61@group-CCF71F033618: change Leader from null to fdb64a2a-711d-4b74-a4a4-cacd6c2cad61 at term 1 for becomeLeader, leader elected after 1127ms
2019-11-14 15:11:09,641 [grpc-default-executor-0] INFO  impl.RoleInfo (RoleInfo.java:updateAndGet(143)) - de889d2b-5891-48f1-89d7-805f59e22d6d: start FollowerState
2019-11-14 15:11:09,644 [fdb64a2a-711d-4b74-a4a4-cacd6c2cad61@group-CCF71F033618-LeaderElection184] INFO  server.RaftServerConfigKeys (ConfUtils.java:logGet(43)) - raft.server.staging.catchup.gap = 1000 (default)
2019-11-14 15:11:09,641 [Thread-4211] INFO  impl.FollowerState (FollowerState.java:run(120)) - de889d2b-5891-48f1-89d7-805f59e22d6d@group-C03AABED6DCB-FollowerState was interrupted: java.lang.InterruptedException: sleep interrupted
2019-11-14 15:11:09,644 [fdb64a2a-711d-4b74-a4a4-cacd6c2cad61@group-CCF71F033618-LeaderElection184] INFO  server.RaftServerConfigKeys (ConfUtils.java:logGet(43)) - raft.server.rpc.sleep.time = 25ms (default)
2019-11-14 15:11:09,645 [fdb64a2a-711d-4b74-a4a4-cacd6c2cad61@group-CCF71F033618-LeaderElection184] INFO  server.RaftServerConfigKeys (ConfUtils.java:logGet(43)) - raft.server.write.element-limit = 4096 (default)
2019-11-14 15:11:09,645 [fdb64a2a-711d-4b74-a4a4-cacd6c2cad61@group-CCF71F033618-LeaderElection184] INFO  server.RaftServerConfigKeys (ConfUtils.java:logGet(43)) - raft.server.watch.timeout = 10s (default)
2019-11-14 15:11:09,645 [fdb64a2a-711d-4b74-a4a4-cacd6c2cad61@group-CCF71F033618-LeaderElection184] INFO  server.RaftServerConfigKeys (ConfUtils.java:logGet(43)) - raft.server.watch.timeout.denomination = 1s (default)
2019-11-14 15:11:09,645 [EventQueue-PipelineReportForPipelineReportHandler] INFO  pipeline.PipelineStateManager (PipelineStateManager.java:openPipeline(134)) - Pipeline Pipeline[ Id: d19ec923-e7a2-442b-9a54-ccf71f033618, Nodes: fdb64a2a-711d-4b74-a4a4-cacd6c2cad61{ip: 192.168.34.62, host: pr-hdds-2480-6qkg9-608321763, networkLocation: /rack1, certSerialId: null}, Type:RATIS, Factor:ONE, State:OPEN] moved to OPEN state
2019-11-14 15:11:09,645 [fdb64a2a-711d-4b74-a4a4-cacd6c2cad61@group-CCF71F033618-LeaderElection184] INFO  server.RaftServerConfigKeys (ConfUtils.java:logGet(43)) - raft.server.watch.element-limit = 65536 (default)
2019-11-14 15:11:09,645 [fdb64a2a-711d-4b74-a4a4-cacd6c2cad61@group-CCF71F033618-LeaderElection184] INFO  impl.RoleInfo (RoleInfo.java:updateAndGet(143)) - fdb64a2a-711d-4b74-a4a4-cacd6c2cad61: start LeaderState
2019-11-14 15:11:09,646 [fdb64a2a-711d-4b74-a4a4-cacd6c2cad61@group-CCF71F033618-LeaderElection184] INFO  segmented.SegmentedRaftLogWorker (SegmentedRaftLogWorker.java:startLogSegment(385)) - fdb64a2a-711d-4b74-a4a4-cacd6c2cad61@group-CCF71F033618-SegmentedRaftLogWorker: Starting segment from index:0
2019-11-14 15:11:09,646 [fdb64a2a-711d-4b74-a4a4-cacd6c2cad61@group-CCF71F033618-LeaderElection184] INFO  impl.RaftServerImpl (ServerState.java:setRaftConf(356)) - fdb64a2a-711d-4b74-a4a4-cacd6c2cad61@group-CCF71F033618: set configuration 0: [fdb64a2a-711d-4b74-a4a4-cacd6c2cad61:192.168.34.62:37913], old=null at 0
2019-11-14 15:11:09,682 [de889d2b-5891-48f1-89d7-805f59e22d6d@group-85924F944E96-SegmentedRaftLogWorker] INFO  segmented.SegmentedRaftLogWorker (SegmentedRaftLogWorker.java:execute(576)) - de889d2b-5891-48f1-89d7-805f59e22d6d@group-85924F944E96-SegmentedRaftLogWorker: created new log segment /workdir/hadoop-ozone/integration-test/target/test-dir/MiniOzoneClusterImpl-5901a962-94ba-4a8b-ba12-ae811e713c7a/datanode-4/data/ratis/af54f0ef-5bb2-4a24-ac28-85924f944e96/current/log_inprogress_0
2019-11-14 15:11:09,683 [34d60e7e-1049-4636-b4f7-69f15bd98c31@group-C03AABED6DCB-LeaderElection182] INFO  impl.LeaderElection (LeaderElection.java:logAndReturn(56)) - 34d60e7e-1049-4636-b4f7-69f15bd98c31@group-C03AABED6DCB-LeaderElection182: Election PASSED; received 2 response(s) [34d60e7e-1049-4636-b4f7-69f15bd98c31<-fdb64a2a-711d-4b74-a4a4-cacd6c2cad61#0:FAIL-t1, 34d60e7e-1049-4636-b4f7-69f15bd98c31<-de889d2b-5891-48f1-89d7-805f59e22d6d#0:OK-t1] and 0 exception(s); 34d60e7e-1049-4636-b4f7-69f15bd98c31@group-C03AABED6DCB:t1, leader=null, voted=34d60e7e-1049-4636-b4f7-69f15bd98c31, raftlog=34d60e7e-1049-4636-b4f7-69f15bd98c31@group-C03AABED6DCB-SegmentedRaftLog:OPENED:c-1,f-1,i0, conf=-1: [fdb64a2a-711d-4b74-a4a4-cacd6c2cad61:192.168.34.62:37913, 34d60e7e-1049-4636-b4f7-69f15bd98c31:192.168.34.62:39382, de889d2b-5891-48f1-89d7-805f59e22d6d:192.168.34.62:42999], old=null
2019-11-14 15:11:09,683 [fdb64a2a-711d-4b74-a4a4-cacd6c2cad61@group-C03AABED6DCB-LeaderElection183] INFO  impl.LeaderElection (LeaderElection.java:logAndReturn(56)) - fdb64a2a-711d-4b74-a4a4-cacd6c2cad61@group-C03AABED6DCB-LeaderElection183: Election REJECTED; received 2 response(s) [fdb64a2a-711d-4b74-a4a4-cacd6c2cad61<-34d60e7e-1049-4636-b4f7-69f15bd98c31#0:FAIL-t1, fdb64a2a-711d-4b74-a4a4-cacd6c2cad61<-de889d2b-5891-48f1-89d7-805f59e22d6d#0:FAIL-t1] and 0 exception(s); fdb64a2a-711d-4b74-a4a4-cacd6c2cad61@group-C03AABED6DCB:t1, leader=null, voted=fdb64a2a-711d-4b74-a4a4-cacd6c2cad61, raftlog=fdb64a2a-711d-4b74-a4a4-cacd6c2cad61@group-C03AABED6DCB-SegmentedRaftLog:OPENED:c-1,f-1,i0, conf=-1: [fdb64a2a-711d-4b74-a4a4-cacd6c2cad61:192.168.34.62:37913, 34d60e7e-1049-4636-b4f7-69f15bd98c31:192.168.34.62:39382, de889d2b-5891-48f1-89d7-805f59e22d6d:192.168.34.62:42999], old=null
2019-11-14 15:11:09,683 [34d60e7e-1049-4636-b4f7-69f15bd98c31@group-C03AABED6DCB-LeaderElection182] INFO  impl.RoleInfo (RoleInfo.java:shutdownLeaderElection(134)) - 34d60e7e-1049-4636-b4f7-69f15bd98c31: shutdown LeaderElection
2019-11-14 15:11:09,684 [fdb64a2a-711d-4b74-a4a4-cacd6c2cad61@group-C03AABED6DCB-LeaderElection183] INFO  impl.RaftServerImpl (RaftServerImpl.java:setRole(173)) - fdb64a2a-711d-4b74-a4a4-cacd6c2cad61@group-C03AABED6DCB: changes role from CANDIDATE to FOLLOWER at term 1 for DISCOVERED_A_NEW_TERM
2019-11-14 15:11:09,684 [34d60e7e-1049-4636-b4f7-69f15bd98c31@group-C03AABED6DCB-LeaderElection182] INFO  impl.RaftServerImpl (RaftServerImpl.java:setRole(173)) - 34d60e7e-1049-4636-b4f7-69f15bd98c31@group-C03AABED6DCB: changes role from CANDIDATE to LEADER at term 1 for changeToLeader
2019-11-14 15:11:09,684 [fdb64a2a-711d-4b74-a4a4-cacd6c2cad61@group-C03AABED6DCB-LeaderElection183] INFO  impl.RoleInfo (RoleInfo.java:shutdownLeaderElection(134)) - fdb64a2a-711d-4b74-a4a4-cacd6c2cad61: shutdown LeaderElection
2019-11-14 15:11:09,684 [34d60e7e-1049-4636-b4f7-69f15bd98c31@group-C03AABED6DCB-LeaderElection182] INFO  ratis.XceiverServerRatis (XceiverServerRatis.java:handleLeaderChangedNotification(697)) - Leader change notification received for group: group-C03AABED6DCB with new leaderId: 34d60e7e-1049-4636-b4f7-69f15bd98c31
2019-11-14 15:11:09,684 [fdb64a2a-711d-4b74-a4a4-cacd6c2cad61@group-C03AABED6DCB-LeaderElection183] INFO  impl.RoleInfo (RoleInfo.java:updateAndGet(143)) - fdb64a2a-711d-4b74-a4a4-cacd6c2cad61: start FollowerState
2019-11-14 15:11:09,684 [34d60e7e-1049-4636-b4f7-69f15bd98c31@group-C03AABED6DCB-LeaderElection182] INFO  impl.RaftServerImpl (ServerState.java:setLeader(255)) - 34d60e7e-1049-4636-b4f7-69f15bd98c31@group-C03AABED6DCB: change Leader from null to 34d60e7e-1049-4636-b4f7-69f15bd98c31 at term 1 for becomeLeader, leader elected after 1150ms
2019-11-14 15:11:09,684 [34d60e7e-1049-4636-b4f7-69f15bd98c31@group-C03AABED6DCB-LeaderElection182] INFO  server.RaftServerConfigKeys (ConfUtils.java:logGet(43)) - raft.server.staging.catchup.gap = 1000 (default)
2019-11-14 15:11:09,685 [34d60e7e-1049-4636-b4f7-69f15bd98c31@group-C03AABED6DCB-LeaderElection182] INFO  server.RaftServerConfigKeys (ConfUtils.java:logGet(43)) - raft.server.rpc.sleep.time = 25ms (default)
2019-11-14 15:11:09,685 [34d60e7e-1049-4636-b4f7-69f15bd98c31@group-C03AABED6DCB-LeaderElection182] INFO  server.RaftServerConfigKeys (ConfUtils.java:logGet(43)) - raft.server.write.element-limit = 4096 (default)
2019-11-14 15:11:09,685 [34d60e7e-1049-4636-b4f7-69f15bd98c31@group-C03AABED6DCB-LeaderElection182] INFO  server.RaftServerConfigKeys (ConfUtils.java:logGet(43)) - raft.server.watch.timeout = 10s (default)
2019-11-14 15:11:09,685 [34d60e7e-1049-4636-b4f7-69f15bd98c31@group-C03AABED6DCB-LeaderElection182] INFO  server.RaftServerConfigKeys (ConfUtils.java:logGet(43)) - raft.server.watch.timeout.denomination = 1s (default)
2019-11-14 15:11:09,685 [34d60e7e-1049-4636-b4f7-69f15bd98c31@group-C03AABED6DCB-LeaderElection182] INFO  server.RaftServerConfigKeys (ConfUtils.java:logGet(43)) - raft.server.watch.element-limit = 65536 (default)
2019-11-14 15:11:09,685 [EventQueue-PipelineReportForPipelineReportHandler] INFO  pipeline.PipelineStateManager (PipelineStateManager.java:openPipeline(134)) - Pipeline Pipeline[ Id: 307b61df-646c-4a2e-90a9-c03aabed6dcb, Nodes: fdb64a2a-711d-4b74-a4a4-cacd6c2cad61{ip: 192.168.34.62, host: pr-hdds-2480-6qkg9-608321763, networkLocation: /rack1, certSerialId: null}de889d2b-5891-48f1-89d7-805f59e22d6d{ip: 192.168.34.62, host: pr-hdds-2480-6qkg9-608321763, networkLocation: /rack1, certSerialId: null}34d60e7e-1049-4636-b4f7-69f15bd98c31{ip: 192.168.34.62, host: pr-hdds-2480-6qkg9-608321763, networkLocation: /rack1, certSerialId: null}, Type:RATIS, Factor:THREE, State:OPEN] moved to OPEN state
2019-11-14 15:11:09,686 [34d60e7e-1049-4636-b4f7-69f15bd98c31@group-C03AABED6DCB-LeaderElection182] INFO  server.RaftServerConfigKeys (ConfUtils.java:logGet(43)) - raft.server.log.appender.snapshot.chunk.size.max = 16MB (=16777216) (default)
2019-11-14 15:11:09,686 [34d60e7e-1049-4636-b4f7-69f15bd98c31@group-C03AABED6DCB-LeaderElection182] INFO  server.RaftServerConfigKeys (ConfUtils.java:logGet(43)) - raft.server.log.appender.buffer.byte-limit = 33554432 (custom)
2019-11-14 15:11:09,686 [34d60e7e-1049-4636-b4f7-69f15bd98c31@group-C03AABED6DCB-LeaderElection182] INFO  server.RaftServerConfigKeys (ConfUtils.java:logGet(43)) - raft.server.log.appender.buffer.element-limit = 1 (custom)
2019-11-14 15:11:09,686 [34d60e7e-1049-4636-b4f7-69f15bd98c31@group-C03AABED6DCB-LeaderElection182] INFO  grpc.GrpcConfigKeys$Server (ConfUtils.java:logGet(43)) - raft.grpc.server.leader.outstanding.appends.max = 128 (default)
2019-11-14 15:11:09,686 [34d60e7e-1049-4636-b4f7-69f15bd98c31@group-C03AABED6DCB-LeaderElection182] INFO  server.RaftServerConfigKeys (ConfUtils.java:logGet(43)) - raft.server.rpc.request.timeout = 3000ms (default)
2019-11-14 15:11:09,687 [34d60e7e-1049-4636-b4f7-69f15bd98c31@group-C03AABED6DCB-LeaderElection182] INFO  server.RaftServerConfigKeys (ConfUtils.java:logGet(43)) - raft.server.log.appender.install.snapshot.enabled = false (custom)
2019-11-14 15:11:09,687 [34d60e7e-1049-4636-b4f7-69f15bd98c31@group-C03AABED6DCB-LeaderElection182] WARN  impl.MetricRegistriesImpl (MetricRegistriesImpl.java:lambda$create$1(61)) - First MetricRegistry has been created without registering reporters. You may need to call MetricRegistries.global().addReportRegistration(...) before.
2019-11-14 15:11:09,687 [34d60e7e-1049-4636-b4f7-69f15bd98c31@group-C03AABED6DCB-LeaderElection182] INFO  server.RaftServerConfigKeys (ConfUtils.java:logGet(43)) - raft.server.log.appender.snapshot.chunk.size.max = 16MB (=16777216) (default)
2019-11-14 15:11:09,687 [34d60e7e-1049-4636-b4f7-69f15bd98c31@group-C03AABED6DCB-LeaderElection182] INFO  server.RaftServerConfigKeys (ConfUtils.java:logGet(43)) - raft.server.log.appender.buffer.byte-limit = 33554432 (custom)
2019-11-14 15:11:09,687 [34d60e7e-1049-4636-b4f7-69f15bd98c31@group-C03AABED6DCB-LeaderElection182] INFO  server.RaftServerConfigKeys (ConfUtils.java:logGet(43)) - raft.server.log.appender.buffer.element-limit = 1 (custom)
2019-11-14 15:11:09,687 [34d60e7e-1049-4636-b4f7-69f15bd98c31@group-C03AABED6DCB-LeaderElection182] INFO  grpc.GrpcConfigKeys$Server (ConfUtils.java:logGet(43)) - raft.grpc.server.leader.outstanding.appends.max = 128 (default)
2019-11-14 15:11:09,688 [34d60e7e-1049-4636-b4f7-69f15bd98c31@group-C03AABED6DCB-LeaderElection182] INFO  server.RaftServerConfigKeys (ConfUtils.java:logGet(43)) - raft.server.rpc.request.timeout = 3000ms (default)
2019-11-14 15:11:09,688 [34d60e7e-1049-4636-b4f7-69f15bd98c31@group-C03AABED6DCB-LeaderElection182] INFO  server.RaftServerConfigKeys (ConfUtils.java:logGet(43)) - raft.server.log.appender.install.snapshot.enabled = false (custom)
2019-11-14 15:11:09,688 [34d60e7e-1049-4636-b4f7-69f15bd98c31@group-C03AABED6DCB-LeaderElection182] INFO  impl.RoleInfo (RoleInfo.java:updateAndGet(143)) - 34d60e7e-1049-4636-b4f7-69f15bd98c31: start LeaderState
2019-11-14 15:11:09,688 [34d60e7e-1049-4636-b4f7-69f15bd98c31@group-C03AABED6DCB-LeaderElection182] INFO  segmented.SegmentedRaftLogWorker (SegmentedRaftLogWorker.java:startLogSegment(385)) - 34d60e7e-1049-4636-b4f7-69f15bd98c31@group-C03AABED6DCB-SegmentedRaftLogWorker: Starting segment from index:0
2019-11-14 15:11:09,689 [34d60e7e-1049-4636-b4f7-69f15bd98c31@group-C03AABED6DCB-LeaderElection182] INFO  impl.RaftServerImpl (ServerState.java:setRaftConf(356)) - 34d60e7e-1049-4636-b4f7-69f15bd98c31@group-C03AABED6DCB: set configuration 0: [fdb64a2a-711d-4b74-a4a4-cacd6c2cad61:192.168.34.62:37913, 34d60e7e-1049-4636-b4f7-69f15bd98c31:192.168.34.62:39382, de889d2b-5891-48f1-89d7-805f59e22d6d:192.168.34.62:42999], old=null at 0
2019-11-14 15:11:09,690 [grpc-default-executor-0] INFO  ratis.XceiverServerRatis (XceiverServerRatis.java:handleLeaderChangedNotification(697)) - Leader change notification received for group: group-C03AABED6DCB with new leaderId: 34d60e7e-1049-4636-b4f7-69f15bd98c31
2019-11-14 15:11:09,691 [grpc-default-executor-0] INFO  impl.RaftServerImpl (ServerState.java:setLeader(255)) - de889d2b-5891-48f1-89d7-805f59e22d6d@group-C03AABED6DCB: change Leader from null to 34d60e7e-1049-4636-b4f7-69f15bd98c31 at term 1 for appendEntries, leader elected after 1157ms
2019-11-14 15:11:09,691 [grpc-default-executor-6] INFO  ratis.XceiverServerRatis (XceiverServerRatis.java:handleLeaderChangedNotification(697)) - Leader change notification received for group: group-C03AABED6DCB with new leaderId: 34d60e7e-1049-4636-b4f7-69f15bd98c31
2019-11-14 15:11:09,691 [grpc-default-executor-6] INFO  impl.RaftServerImpl (ServerState.java:setLeader(255)) - fdb64a2a-711d-4b74-a4a4-cacd6c2cad61@group-C03AABED6DCB: change Leader from null to 34d60e7e-1049-4636-b4f7-69f15bd98c31 at term 1 for appendEntries, leader elected after 1158ms
2019-11-14 15:11:09,693 [grpc-default-executor-6] INFO  impl.RaftServerImpl (ServerState.java:setRaftConf(356)) - de889d2b-5891-48f1-89d7-805f59e22d6d@group-C03AABED6DCB: set configuration 0: [fdb64a2a-711d-4b74-a4a4-cacd6c2cad61:192.168.34.62:37913, 34d60e7e-1049-4636-b4f7-69f15bd98c31:192.168.34.62:39382, de889d2b-5891-48f1-89d7-805f59e22d6d:192.168.34.62:42999], old=null at 0
2019-11-14 15:11:09,693 [grpc-default-executor-6] INFO  segmented.SegmentedRaftLogWorker (SegmentedRaftLogWorker.java:startLogSegment(385)) - de889d2b-5891-48f1-89d7-805f59e22d6d@group-C03AABED6DCB-SegmentedRaftLogWorker: Starting segment from index:0
2019-11-14 15:11:09,693 [grpc-default-executor-0] INFO  impl.RaftServerImpl (ServerState.java:setRaftConf(356)) - fdb64a2a-711d-4b74-a4a4-cacd6c2cad61@group-C03AABED6DCB: set configuration 0: [fdb64a2a-711d-4b74-a4a4-cacd6c2cad61:192.168.34.62:37913, 34d60e7e-1049-4636-b4f7-69f15bd98c31:192.168.34.62:39382, de889d2b-5891-48f1-89d7-805f59e22d6d:192.168.34.62:42999], old=null at 0
2019-11-14 15:11:09,694 [grpc-default-executor-0] INFO  segmented.SegmentedRaftLogWorker (SegmentedRaftLogWorker.java:startLogSegment(385)) - fdb64a2a-711d-4b74-a4a4-cacd6c2cad61@group-C03AABED6DCB-SegmentedRaftLogWorker: Starting segment from index:0
2019-11-14 15:11:09,695 [fdb64a2a-711d-4b74-a4a4-cacd6c2cad61@group-CCF71F033618-SegmentedRaftLogWorker] INFO  segmented.SegmentedRaftLogWorker (SegmentedRaftLogWorker.java:execute(576)) - fdb64a2a-711d-4b74-a4a4-cacd6c2cad61@group-CCF71F033618-SegmentedRaftLogWorker: created new log segment /workdir/hadoop-ozone/integration-test/target/test-dir/MiniOzoneClusterImpl-5901a962-94ba-4a8b-ba12-ae811e713c7a/datanode-6/data/ratis/d19ec923-e7a2-442b-9a54-ccf71f033618/current/log_inprogress_0
2019-11-14 15:11:09,720 [Thread-4216] INFO  impl.FollowerState (FollowerState.java:run(111)) - c45d92cd-1d84-4e39-b22b-e775d9180271@group-36F92B50241A-FollowerState: change to CANDIDATE, lastRpcTime:1088ms, electionTimeout:1088ms
2019-11-14 15:11:09,720 [Thread-4216] INFO  impl.RoleInfo (RoleInfo.java:shutdownFollowerState(121)) - c45d92cd-1d84-4e39-b22b-e775d9180271: shutdown FollowerState
2019-11-14 15:11:09,720 [Thread-4216] INFO  impl.RaftServerImpl (RaftServerImpl.java:setRole(173)) - c45d92cd-1d84-4e39-b22b-e775d9180271@group-36F92B50241A: changes role from  FOLLOWER to CANDIDATE at term 0 for changeToCandidate
2019-11-14 15:11:09,721 [Thread-4216] INFO  impl.RoleInfo (RoleInfo.java:updateAndGet(143)) - c45d92cd-1d84-4e39-b22b-e775d9180271: start LeaderElection
2019-11-14 15:11:09,736 [Thread-4225] INFO  impl.FollowerState (FollowerState.java:run(111)) - 69447648-1360-460f-862e-b843b6813c61@group-D41C583FE8EC-FollowerState: change to CANDIDATE, lastRpcTime:1013ms, electionTimeout:1013ms
2019-11-14 15:11:09,736 [Thread-4225] INFO  impl.RoleInfo (RoleInfo.java:shutdownFollowerState(121)) - 69447648-1360-460f-862e-b843b6813c61: shutdown FollowerState
2019-11-14 15:11:09,736 [Thread-4225] INFO  impl.RaftServerImpl (RaftServerImpl.java:setRole(173)) - 69447648-1360-460f-862e-b843b6813c61@group-D41C583FE8EC: changes role from  FOLLOWER to CANDIDATE at term 0 for changeToCandidate
2019-11-14 15:11:09,737 [Thread-4225] INFO  impl.RoleInfo (RoleInfo.java:updateAndGet(143)) - 69447648-1360-460f-862e-b843b6813c61: start LeaderElection
2019-11-14 15:11:09,746 [Thread-4228] INFO  impl.FollowerState (FollowerState.java:run(111)) - 9ce1968d-df6d-4251-8f68-caf53c6f1d3e@group-D41C583FE8EC-FollowerState: change to CANDIDATE, lastRpcTime:1022ms, electionTimeout:1022ms
2019-11-14 15:11:09,746 [Thread-4228] INFO  impl.RoleInfo (RoleInfo.java:shutdownFollowerState(121)) - 9ce1968d-df6d-4251-8f68-caf53c6f1d3e: shutdown FollowerState
2019-11-14 15:11:09,747 [Thread-4228] INFO  impl.RaftServerImpl (RaftServerImpl.java:setRole(173)) - 9ce1968d-df6d-4251-8f68-caf53c6f1d3e@group-D41C583FE8EC: changes role from  FOLLOWER to CANDIDATE at term 0 for changeToCandidate
2019-11-14 15:11:09,747 [Thread-4228] INFO  impl.RoleInfo (RoleInfo.java:updateAndGet(143)) - 9ce1968d-df6d-4251-8f68-caf53c6f1d3e: start LeaderElection
2019-11-14 15:11:09,750 [de889d2b-5891-48f1-89d7-805f59e22d6d@group-C03AABED6DCB-SegmentedRaftLogWorker] INFO  segmented.SegmentedRaftLogWorker (SegmentedRaftLogWorker.java:execute(576)) - de889d2b-5891-48f1-89d7-805f59e22d6d@group-C03AABED6DCB-SegmentedRaftLogWorker: created new log segment /workdir/hadoop-ozone/integration-test/target/test-dir/MiniOzoneClusterImpl-5901a962-94ba-4a8b-ba12-ae811e713c7a/datanode-4/data/ratis/307b61df-646c-4a2e-90a9-c03aabed6dcb/current/log_inprogress_0
2019-11-14 15:11:09,750 [34d60e7e-1049-4636-b4f7-69f15bd98c31@group-C03AABED6DCB-SegmentedRaftLogWorker] INFO  segmented.SegmentedRaftLogWorker (SegmentedRaftLogWorker.java:execute(576)) - 34d60e7e-1049-4636-b4f7-69f15bd98c31@group-C03AABED6DCB-SegmentedRaftLogWorker: created new log segment /workdir/hadoop-ozone/integration-test/target/test-dir/MiniOzoneClusterImpl-5901a962-94ba-4a8b-ba12-ae811e713c7a/datanode-5/data/ratis/307b61df-646c-4a2e-90a9-c03aabed6dcb/current/log_inprogress_0
2019-11-14 15:11:09,751 [fdb64a2a-711d-4b74-a4a4-cacd6c2cad61@group-C03AABED6DCB-SegmentedRaftLogWorker] INFO  segmented.SegmentedRaftLogWorker (SegmentedRaftLogWorker.java:execute(576)) - fdb64a2a-711d-4b74-a4a4-cacd6c2cad61@group-C03AABED6DCB-SegmentedRaftLogWorker: created new log segment /workdir/hadoop-ozone/integration-test/target/test-dir/MiniOzoneClusterImpl-5901a962-94ba-4a8b-ba12-ae811e713c7a/datanode-6/data/ratis/307b61df-646c-4a2e-90a9-c03aabed6dcb/current/log_inprogress_0
2019-11-14 15:11:09,751 [c45d92cd-1d84-4e39-b22b-e775d9180271@group-36F92B50241A-LeaderElection185] INFO  impl.LeaderElection (LeaderElection.java:askForVotes(178)) - c45d92cd-1d84-4e39-b22b-e775d9180271@group-36F92B50241A-LeaderElection185: begin an election at term 1 for -1: [c45d92cd-1d84-4e39-b22b-e775d9180271:192.168.34.62:37954], old=null
2019-11-14 15:11:09,751 [69447648-1360-460f-862e-b843b6813c61@group-D41C583FE8EC-LeaderElection186] INFO  impl.LeaderElection (LeaderElection.java:askForVotes(178)) - 69447648-1360-460f-862e-b843b6813c61@group-D41C583FE8EC-LeaderElection186: begin an election at term 1 for -1: [69447648-1360-460f-862e-b843b6813c61:192.168.34.62:43196, 9ce1968d-df6d-4251-8f68-caf53c6f1d3e:192.168.34.62:35975, c45d92cd-1d84-4e39-b22b-e775d9180271:192.168.34.62:37954], old=null
2019-11-14 15:11:09,751 [c45d92cd-1d84-4e39-b22b-e775d9180271@group-36F92B50241A-LeaderElection185] INFO  impl.RoleInfo (RoleInfo.java:shutdownLeaderElection(134)) - c45d92cd-1d84-4e39-b22b-e775d9180271: shutdown LeaderElection
2019-11-14 15:11:09,751 [c45d92cd-1d84-4e39-b22b-e775d9180271@group-36F92B50241A-LeaderElection185] INFO  impl.RaftServerImpl (RaftServerImpl.java:setRole(173)) - c45d92cd-1d84-4e39-b22b-e775d9180271@group-36F92B50241A: changes role from CANDIDATE to LEADER at term 1 for changeToLeader
2019-11-14 15:11:09,751 [c45d92cd-1d84-4e39-b22b-e775d9180271@group-36F92B50241A-LeaderElection185] INFO  ratis.XceiverServerRatis (XceiverServerRatis.java:handleLeaderChangedNotification(697)) - Leader change notification received for group: group-36F92B50241A with new leaderId: c45d92cd-1d84-4e39-b22b-e775d9180271
2019-11-14 15:11:09,751 [c45d92cd-1d84-4e39-b22b-e775d9180271@group-36F92B50241A-LeaderElection185] INFO  impl.RaftServerImpl (ServerState.java:setLeader(255)) - c45d92cd-1d84-4e39-b22b-e775d9180271@group-36F92B50241A: change Leader from null to c45d92cd-1d84-4e39-b22b-e775d9180271 at term 1 for becomeLeader, leader elected after 1123ms
2019-11-14 15:11:09,751 [c45d92cd-1d84-4e39-b22b-e775d9180271@group-36F92B50241A-LeaderElection185] INFO  server.RaftServerConfigKeys (ConfUtils.java:logGet(43)) - raft.server.staging.catchup.gap = 1000 (default)
2019-11-14 15:11:09,751 [c45d92cd-1d84-4e39-b22b-e775d9180271@group-36F92B50241A-LeaderElection185] INFO  server.RaftServerConfigKeys (ConfUtils.java:logGet(43)) - raft.server.rpc.sleep.time = 25ms (default)
2019-11-14 15:11:09,753 [c45d92cd-1d84-4e39-b22b-e775d9180271@group-36F92B50241A-LeaderElection185] INFO  server.RaftServerConfigKeys (ConfUtils.java:logGet(43)) - raft.server.write.element-limit = 4096 (default)
2019-11-14 15:11:09,753 [c45d92cd-1d84-4e39-b22b-e775d9180271@group-36F92B50241A-LeaderElection185] INFO  server.RaftServerConfigKeys (ConfUtils.java:logGet(43)) - raft.server.watch.timeout = 10s (default)
2019-11-14 15:11:09,753 [c45d92cd-1d84-4e39-b22b-e775d9180271@group-36F92B50241A-LeaderElection185] INFO  server.RaftServerConfigKeys (ConfUtils.java:logGet(43)) - raft.server.watch.timeout.denomination = 1s (default)
2019-11-14 15:11:09,754 [c45d92cd-1d84-4e39-b22b-e775d9180271@group-36F92B50241A-LeaderElection185] INFO  server.RaftServerConfigKeys (ConfUtils.java:logGet(43)) - raft.server.watch.element-limit = 65536 (default)
2019-11-14 15:11:09,754 [c45d92cd-1d84-4e39-b22b-e775d9180271@group-36F92B50241A-LeaderElection185] INFO  impl.RoleInfo (RoleInfo.java:updateAndGet(143)) - c45d92cd-1d84-4e39-b22b-e775d9180271: start LeaderState
2019-11-14 15:11:09,754 [c45d92cd-1d84-4e39-b22b-e775d9180271@group-36F92B50241A-LeaderElection185] INFO  segmented.SegmentedRaftLogWorker (SegmentedRaftLogWorker.java:startLogSegment(385)) - c45d92cd-1d84-4e39-b22b-e775d9180271@group-36F92B50241A-SegmentedRaftLogWorker: Starting segment from index:0
2019-11-14 15:11:09,754 [EventQueue-PipelineReportForPipelineReportHandler] INFO  pipeline.PipelineStateManager (PipelineStateManager.java:openPipeline(134)) - Pipeline Pipeline[ Id: 8d721de6-ee96-4b25-8e9b-36f92b50241a, Nodes: c45d92cd-1d84-4e39-b22b-e775d9180271{ip: 192.168.34.62, host: pr-hdds-2480-6qkg9-608321763, networkLocation: /rack1, certSerialId: null}, Type:RATIS, Factor:ONE, State:OPEN] moved to OPEN state
2019-11-14 15:11:09,756 [c45d92cd-1d84-4e39-b22b-e775d9180271@group-36F92B50241A-LeaderElection185] INFO  impl.RaftServerImpl (ServerState.java:setRaftConf(356)) - c45d92cd-1d84-4e39-b22b-e775d9180271@group-36F92B50241A: set configuration 0: [c45d92cd-1d84-4e39-b22b-e775d9180271:192.168.34.62:37954], old=null at 0
2019-11-14 15:11:09,787 [grpc-default-executor-6] INFO  impl.RaftServerImpl (RaftServerImpl.java:setRole(173)) - c45d92cd-1d84-4e39-b22b-e775d9180271@group-D41C583FE8EC: changes role from  FOLLOWER to FOLLOWER at term 1 for recognizeCandidate:69447648-1360-460f-862e-b843b6813c61
2019-11-14 15:11:09,787 [grpc-default-executor-6] INFO  impl.RoleInfo (RoleInfo.java:shutdownFollowerState(121)) - c45d92cd-1d84-4e39-b22b-e775d9180271: shutdown FollowerState
2019-11-14 15:11:09,787 [9ce1968d-df6d-4251-8f68-caf53c6f1d3e@group-D41C583FE8EC-LeaderElection187] INFO  impl.LeaderElection (LeaderElection.java:askForVotes(178)) - 9ce1968d-df6d-4251-8f68-caf53c6f1d3e@group-D41C583FE8EC-LeaderElection187: begin an election at term 1 for -1: [69447648-1360-460f-862e-b843b6813c61:192.168.34.62:43196, 9ce1968d-df6d-4251-8f68-caf53c6f1d3e:192.168.34.62:35975, c45d92cd-1d84-4e39-b22b-e775d9180271:192.168.34.62:37954], old=null
2019-11-14 15:11:09,787 [Thread-4222] INFO  impl.FollowerState (FollowerState.java:run(120)) - c45d92cd-1d84-4e39-b22b-e775d9180271@group-D41C583FE8EC-FollowerState was interrupted: java.lang.InterruptedException: sleep interrupted
2019-11-14 15:11:09,787 [grpc-default-executor-6] INFO  impl.RoleInfo (RoleInfo.java:updateAndGet(143)) - c45d92cd-1d84-4e39-b22b-e775d9180271: start FollowerState
2019-11-14 15:11:09,800 [c45d92cd-1d84-4e39-b22b-e775d9180271@group-36F92B50241A-SegmentedRaftLogWorker] INFO  segmented.SegmentedRaftLogWorker (SegmentedRaftLogWorker.java:execute(576)) - c45d92cd-1d84-4e39-b22b-e775d9180271@group-36F92B50241A-SegmentedRaftLogWorker: created new log segment /workdir/hadoop-ozone/integration-test/target/test-dir/MiniOzoneClusterImpl-5901a962-94ba-4a8b-ba12-ae811e713c7a/datanode-7/data/ratis/8d721de6-ee96-4b25-8e9b-36f92b50241a/current/log_inprogress_0
2019-11-14 15:11:09,801 [69447648-1360-460f-862e-b843b6813c61@group-D41C583FE8EC-LeaderElection186] INFO  impl.LeaderElection (LeaderElection.java:logAndReturn(56)) - 69447648-1360-460f-862e-b843b6813c61@group-D41C583FE8EC-LeaderElection186: Election PASSED; received 2 response(s) [69447648-1360-460f-862e-b843b6813c61<-9ce1968d-df6d-4251-8f68-caf53c6f1d3e#0:FAIL-t1, 69447648-1360-460f-862e-b843b6813c61<-c45d92cd-1d84-4e39-b22b-e775d9180271#0:OK-t1] and 0 exception(s); 69447648-1360-460f-862e-b843b6813c61@group-D41C583FE8EC:t1, leader=null, voted=69447648-1360-460f-862e-b843b6813c61, raftlog=69447648-1360-460f-862e-b843b6813c61@group-D41C583FE8EC-SegmentedRaftLog:OPENED:c-1,f-1,i0, conf=-1: [69447648-1360-460f-862e-b843b6813c61:192.168.34.62:43196, 9ce1968d-df6d-4251-8f68-caf53c6f1d3e:192.168.34.62:35975, c45d92cd-1d84-4e39-b22b-e775d9180271:192.168.34.62:37954], old=null
2019-11-14 15:11:09,801 [9ce1968d-df6d-4251-8f68-caf53c6f1d3e@group-D41C583FE8EC-LeaderElection187] INFO  impl.LeaderElection (LeaderElection.java:logAndReturn(56)) - 9ce1968d-df6d-4251-8f68-caf53c6f1d3e@group-D41C583FE8EC-LeaderElection187: Election REJECTED; received 2 response(s) [9ce1968d-df6d-4251-8f68-caf53c6f1d3e<-69447648-1360-460f-862e-b843b6813c61#0:FAIL-t1, 9ce1968d-df6d-4251-8f68-caf53c6f1d3e<-c45d92cd-1d84-4e39-b22b-e775d9180271#0:FAIL-t1] and 0 exception(s); 9ce1968d-df6d-4251-8f68-caf53c6f1d3e@group-D41C583FE8EC:t1, leader=null, voted=9ce1968d-df6d-4251-8f68-caf53c6f1d3e, raftlog=9ce1968d-df6d-4251-8f68-caf53c6f1d3e@group-D41C583FE8EC-SegmentedRaftLog:OPENED:c-1,f-1,i0, conf=-1: [69447648-1360-460f-862e-b843b6813c61:192.168.34.62:43196, 9ce1968d-df6d-4251-8f68-caf53c6f1d3e:192.168.34.62:35975, c45d92cd-1d84-4e39-b22b-e775d9180271:192.168.34.62:37954], old=null
2019-11-14 15:11:09,801 [69447648-1360-460f-862e-b843b6813c61@group-D41C583FE8EC-LeaderElection186] INFO  impl.RoleInfo (RoleInfo.java:shutdownLeaderElection(134)) - 69447648-1360-460f-862e-b843b6813c61: shutdown LeaderElection
2019-11-14 15:11:09,801 [9ce1968d-df6d-4251-8f68-caf53c6f1d3e@group-D41C583FE8EC-LeaderElection187] INFO  impl.RaftServerImpl (RaftServerImpl.java:setRole(173)) - 9ce1968d-df6d-4251-8f68-caf53c6f1d3e@group-D41C583FE8EC: changes role from CANDIDATE to FOLLOWER at term 1 for DISCOVERED_A_NEW_TERM
2019-11-14 15:11:09,801 [9ce1968d-df6d-4251-8f68-caf53c6f1d3e@group-D41C583FE8EC-LeaderElection187] INFO  impl.RoleInfo (RoleInfo.java:shutdownLeaderElection(134)) - 9ce1968d-df6d-4251-8f68-caf53c6f1d3e: shutdown LeaderElection
2019-11-14 15:11:09,801 [69447648-1360-460f-862e-b843b6813c61@group-D41C583FE8EC-LeaderElection186] INFO  impl.RaftServerImpl (RaftServerImpl.java:setRole(173)) - 69447648-1360-460f-862e-b843b6813c61@group-D41C583FE8EC: changes role from CANDIDATE to LEADER at term 1 for changeToLeader
2019-11-14 15:11:09,801 [9ce1968d-df6d-4251-8f68-caf53c6f1d3e@group-D41C583FE8EC-LeaderElection187] INFO  impl.RoleInfo (RoleInfo.java:updateAndGet(143)) - 9ce1968d-df6d-4251-8f68-caf53c6f1d3e: start FollowerState
2019-11-14 15:11:09,801 [69447648-1360-460f-862e-b843b6813c61@group-D41C583FE8EC-LeaderElection186] INFO  ratis.XceiverServerRatis (XceiverServerRatis.java:handleLeaderChangedNotification(697)) - Leader change notification received for group: group-D41C583FE8EC with new leaderId: 69447648-1360-460f-862e-b843b6813c61
2019-11-14 15:11:09,802 [69447648-1360-460f-862e-b843b6813c61@group-D41C583FE8EC-LeaderElection186] INFO  impl.RaftServerImpl (ServerState.java:setLeader(255)) - 69447648-1360-460f-862e-b843b6813c61@group-D41C583FE8EC: change Leader from null to 69447648-1360-460f-862e-b843b6813c61 at term 1 for becomeLeader, leader elected after 1087ms
2019-11-14 15:11:09,802 [69447648-1360-460f-862e-b843b6813c61@group-D41C583FE8EC-LeaderElection186] INFO  server.RaftServerConfigKeys (ConfUtils.java:logGet(43)) - raft.server.staging.catchup.gap = 1000 (default)
2019-11-14 15:11:09,802 [69447648-1360-460f-862e-b843b6813c61@group-D41C583FE8EC-LeaderElection186] INFO  server.RaftServerConfigKeys (ConfUtils.java:logGet(43)) - raft.server.rpc.sleep.time = 25ms (default)
2019-11-14 15:11:09,802 [69447648-1360-460f-862e-b843b6813c61@group-D41C583FE8EC-LeaderElection186] INFO  server.RaftServerConfigKeys (ConfUtils.java:logGet(43)) - raft.server.write.element-limit = 4096 (default)
2019-11-14 15:11:09,802 [69447648-1360-460f-862e-b843b6813c61@group-D41C583FE8EC-LeaderElection186] INFO  server.RaftServerConfigKeys (ConfUtils.java:logGet(43)) - raft.server.watch.timeout = 10s (default)
2019-11-14 15:11:09,802 [69447648-1360-460f-862e-b843b6813c61@group-D41C583FE8EC-LeaderElection186] INFO  server.RaftServerConfigKeys (ConfUtils.java:logGet(43)) - raft.server.watch.timeout.denomination = 1s (default)
2019-11-14 15:11:09,802 [69447648-1360-460f-862e-b843b6813c61@group-D41C583FE8EC-LeaderElection186] INFO  server.RaftServerConfigKeys (ConfUtils.java:logGet(43)) - raft.server.watch.element-limit = 65536 (default)
2019-11-14 15:11:09,802 [EventQueue-PipelineReportForPipelineReportHandler] INFO  pipeline.PipelineStateManager (PipelineStateManager.java:openPipeline(134)) - Pipeline Pipeline[ Id: fbd092a1-625e-4a8b-b267-d41c583fe8ec, Nodes: c45d92cd-1d84-4e39-b22b-e775d9180271{ip: 192.168.34.62, host: pr-hdds-2480-6qkg9-608321763, networkLocation: /rack1, certSerialId: null}9ce1968d-df6d-4251-8f68-caf53c6f1d3e{ip: 192.168.34.62, host: pr-hdds-2480-6qkg9-608321763, networkLocation: /rack1, certSerialId: null}69447648-1360-460f-862e-b843b6813c61{ip: 192.168.34.62, host: pr-hdds-2480-6qkg9-608321763, networkLocation: /rack1, certSerialId: null}, Type:RATIS, Factor:THREE, State:OPEN] moved to OPEN state
2019-11-14 15:11:09,802 [69447648-1360-460f-862e-b843b6813c61@group-D41C583FE8EC-LeaderElection186] INFO  server.RaftServerConfigKeys (ConfUtils.java:logGet(43)) - raft.server.log.appender.snapshot.chunk.size.max = 16MB (=16777216) (default)
2019-11-14 15:11:09,803 [69447648-1360-460f-862e-b843b6813c61@group-D41C583FE8EC-LeaderElection186] INFO  server.RaftServerConfigKeys (ConfUtils.java:logGet(43)) - raft.server.log.appender.buffer.byte-limit = 33554432 (custom)
2019-11-14 15:11:09,803 [69447648-1360-460f-862e-b843b6813c61@group-D41C583FE8EC-LeaderElection186] INFO  server.RaftServerConfigKeys (ConfUtils.java:logGet(43)) - raft.server.log.appender.buffer.element-limit = 1 (custom)
2019-11-14 15:11:09,803 [69447648-1360-460f-862e-b843b6813c61@group-D41C583FE8EC-LeaderElection186] INFO  grpc.GrpcConfigKeys$Server (ConfUtils.java:logGet(43)) - raft.grpc.server.leader.outstanding.appends.max = 128 (default)
2019-11-14 15:11:09,803 [69447648-1360-460f-862e-b843b6813c61@group-D41C583FE8EC-LeaderElection186] INFO  server.RaftServerConfigKeys (ConfUtils.java:logGet(43)) - raft.server.rpc.request.timeout = 3000ms (default)
2019-11-14 15:11:09,803 [69447648-1360-460f-862e-b843b6813c61@group-D41C583FE8EC-LeaderElection186] INFO  server.RaftServerConfigKeys (ConfUtils.java:logGet(43)) - raft.server.log.appender.install.snapshot.enabled = false (custom)
2019-11-14 15:11:09,804 [69447648-1360-460f-862e-b843b6813c61@group-D41C583FE8EC-LeaderElection186] WARN  impl.MetricRegistriesImpl (MetricRegistriesImpl.java:lambda$create$1(61)) - First MetricRegistry has been created without registering reporters. You may need to call MetricRegistries.global().addReportRegistration(...) before.
2019-11-14 15:11:09,804 [69447648-1360-460f-862e-b843b6813c61@group-D41C583FE8EC-LeaderElection186] INFO  server.RaftServerConfigKeys (ConfUtils.java:logGet(43)) - raft.server.log.appender.snapshot.chunk.size.max = 16MB (=16777216) (default)
2019-11-14 15:11:09,804 [69447648-1360-460f-862e-b843b6813c61@group-D41C583FE8EC-LeaderElection186] INFO  server.RaftServerConfigKeys (ConfUtils.java:logGet(43)) - raft.server.log.appender.buffer.byte-limit = 33554432 (custom)
2019-11-14 15:11:09,804 [69447648-1360-460f-862e-b843b6813c61@group-D41C583FE8EC-LeaderElection186] INFO  server.RaftServerConfigKeys (ConfUtils.java:logGet(43)) - raft.server.log.appender.buffer.element-limit = 1 (custom)
2019-11-14 15:11:09,804 [69447648-1360-460f-862e-b843b6813c61@group-D41C583FE8EC-LeaderElection186] INFO  grpc.GrpcConfigKeys$Server (ConfUtils.java:logGet(43)) - raft.grpc.server.leader.outstanding.appends.max = 128 (default)
2019-11-14 15:11:09,804 [69447648-1360-460f-862e-b843b6813c61@group-D41C583FE8EC-LeaderElection186] INFO  server.RaftServerConfigKeys (ConfUtils.java:logGet(43)) - raft.server.rpc.request.timeout = 3000ms (default)
2019-11-14 15:11:09,805 [69447648-1360-460f-862e-b843b6813c61@group-D41C583FE8EC-LeaderElection186] INFO  server.RaftServerConfigKeys (ConfUtils.java:logGet(43)) - raft.server.log.appender.install.snapshot.enabled = false (custom)
2019-11-14 15:11:09,805 [69447648-1360-460f-862e-b843b6813c61@group-D41C583FE8EC-LeaderElection186] INFO  impl.RoleInfo (RoleInfo.java:updateAndGet(143)) - 69447648-1360-460f-862e-b843b6813c61: start LeaderState
2019-11-14 15:11:09,805 [69447648-1360-460f-862e-b843b6813c61@group-D41C583FE8EC-LeaderElection186] INFO  segmented.SegmentedRaftLogWorker (SegmentedRaftLogWorker.java:startLogSegment(385)) - 69447648-1360-460f-862e-b843b6813c61@group-D41C583FE8EC-SegmentedRaftLogWorker: Starting segment from index:0
2019-11-14 15:11:09,806 [69447648-1360-460f-862e-b843b6813c61@group-D41C583FE8EC-LeaderElection186] INFO  impl.RaftServerImpl (ServerState.java:setRaftConf(356)) - 69447648-1360-460f-862e-b843b6813c61@group-D41C583FE8EC: set configuration 0: [69447648-1360-460f-862e-b843b6813c61:192.168.34.62:43196, 9ce1968d-df6d-4251-8f68-caf53c6f1d3e:192.168.34.62:35975, c45d92cd-1d84-4e39-b22b-e775d9180271:192.168.34.62:37954], old=null at 0
2019-11-14 15:11:09,807 [grpc-default-executor-0] INFO  ratis.XceiverServerRatis (XceiverServerRatis.java:handleLeaderChangedNotification(697)) - Leader change notification received for group: group-D41C583FE8EC with new leaderId: 69447648-1360-460f-862e-b843b6813c61
2019-11-14 15:11:09,807 [grpc-default-executor-6] INFO  ratis.XceiverServerRatis (XceiverServerRatis.java:handleLeaderChangedNotification(697)) - Leader change notification received for group: group-D41C583FE8EC with new leaderId: 69447648-1360-460f-862e-b843b6813c61
2019-11-14 15:11:09,807 [grpc-default-executor-0] INFO  impl.RaftServerImpl (ServerState.java:setLeader(255)) - 9ce1968d-df6d-4251-8f68-caf53c6f1d3e@group-D41C583FE8EC: change Leader from null to 69447648-1360-460f-862e-b843b6813c61 at term 1 for appendEntries, leader elected after 1093ms
2019-11-14 15:11:09,807 [grpc-default-executor-6] INFO  impl.RaftServerImpl (ServerState.java:setLeader(255)) - c45d92cd-1d84-4e39-b22b-e775d9180271@group-D41C583FE8EC: change Leader from null to 69447648-1360-460f-862e-b843b6813c61 at term 1 for appendEntries, leader elected after 1093ms
2019-11-14 15:11:09,809 [grpc-default-executor-6] INFO  impl.RaftServerImpl (ServerState.java:setRaftConf(356)) - 9ce1968d-df6d-4251-8f68-caf53c6f1d3e@group-D41C583FE8EC: set configuration 0: [69447648-1360-460f-862e-b843b6813c61:192.168.34.62:43196, 9ce1968d-df6d-4251-8f68-caf53c6f1d3e:192.168.34.62:35975, c45d92cd-1d84-4e39-b22b-e775d9180271:192.168.34.62:37954], old=null at 0
2019-11-14 15:11:09,809 [grpc-default-executor-6] INFO  segmented.SegmentedRaftLogWorker (SegmentedRaftLogWorker.java:startLogSegment(385)) - 9ce1968d-df6d-4251-8f68-caf53c6f1d3e@group-D41C583FE8EC-SegmentedRaftLogWorker: Starting segment from index:0
2019-11-14 15:11:09,809 [grpc-default-executor-0] INFO  impl.RaftServerImpl (ServerState.java:setRaftConf(356)) - c45d92cd-1d84-4e39-b22b-e775d9180271@group-D41C583FE8EC: set configuration 0: [69447648-1360-460f-862e-b843b6813c61:192.168.34.62:43196, 9ce1968d-df6d-4251-8f68-caf53c6f1d3e:192.168.34.62:35975, c45d92cd-1d84-4e39-b22b-e775d9180271:192.168.34.62:37954], old=null at 0
2019-11-14 15:11:09,809 [grpc-default-executor-0] INFO  segmented.SegmentedRaftLogWorker (SegmentedRaftLogWorker.java:startLogSegment(385)) - c45d92cd-1d84-4e39-b22b-e775d9180271@group-D41C583FE8EC-SegmentedRaftLogWorker: Starting segment from index:0
2019-11-14 15:11:09,818 [Thread-4219] INFO  impl.FollowerState (FollowerState.java:run(111)) - 9ce1968d-df6d-4251-8f68-caf53c6f1d3e@group-6B84596190FA-FollowerState: change to CANDIDATE, lastRpcTime:1144ms, electionTimeout:1144ms
2019-11-14 15:11:09,818 [Thread-4219] INFO  impl.RoleInfo (RoleInfo.java:shutdownFollowerState(121)) - 9ce1968d-df6d-4251-8f68-caf53c6f1d3e: shutdown FollowerState
2019-11-14 15:11:09,818 [Thread-4219] INFO  impl.RaftServerImpl (RaftServerImpl.java:setRole(173)) - 9ce1968d-df6d-4251-8f68-caf53c6f1d3e@group-6B84596190FA: changes role from  FOLLOWER to CANDIDATE at term 0 for changeToCandidate
2019-11-14 15:11:09,818 [Thread-4219] INFO  impl.RoleInfo (RoleInfo.java:updateAndGet(143)) - 9ce1968d-df6d-4251-8f68-caf53c6f1d3e: start LeaderElection
2019-11-14 15:11:09,857 [c45d92cd-1d84-4e39-b22b-e775d9180271@group-D41C583FE8EC-SegmentedRaftLogWorker] INFO  segmented.SegmentedRaftLogWorker (SegmentedRaftLogWorker.java:execute(576)) - c45d92cd-1d84-4e39-b22b-e775d9180271@group-D41C583FE8EC-SegmentedRaftLogWorker: created new log segment /workdir/hadoop-ozone/integration-test/target/test-dir/MiniOzoneClusterImpl-5901a962-94ba-4a8b-ba12-ae811e713c7a/datanode-7/data/ratis/fbd092a1-625e-4a8b-b267-d41c583fe8ec/current/log_inprogress_0
2019-11-14 15:11:09,857 [9ce1968d-df6d-4251-8f68-caf53c6f1d3e@group-6B84596190FA-LeaderElection188] INFO  impl.LeaderElection (LeaderElection.java:askForVotes(178)) - 9ce1968d-df6d-4251-8f68-caf53c6f1d3e@group-6B84596190FA-LeaderElection188: begin an election at term 1 for -1: [9ce1968d-df6d-4251-8f68-caf53c6f1d3e:192.168.34.62:35975], old=null
2019-11-14 15:11:09,857 [69447648-1360-460f-862e-b843b6813c61@group-D41C583FE8EC-SegmentedRaftLogWorker] INFO  segmented.SegmentedRaftLogWorker (SegmentedRaftLogWorker.java:execute(576)) - 69447648-1360-460f-862e-b843b6813c61@group-D41C583FE8EC-SegmentedRaftLogWorker: created new log segment /workdir/hadoop-ozone/integration-test/target/test-dir/MiniOzoneClusterImpl-5901a962-94ba-4a8b-ba12-ae811e713c7a/datanode-3/data/ratis/fbd092a1-625e-4a8b-b267-d41c583fe8ec/current/log_inprogress_0
2019-11-14 15:11:09,857 [9ce1968d-df6d-4251-8f68-caf53c6f1d3e@group-D41C583FE8EC-SegmentedRaftLogWorker] INFO  segmented.SegmentedRaftLogWorker (SegmentedRaftLogWorker.java:execute(576)) - 9ce1968d-df6d-4251-8f68-caf53c6f1d3e@group-D41C583FE8EC-SegmentedRaftLogWorker: created new log segment /workdir/hadoop-ozone/integration-test/target/test-dir/MiniOzoneClusterImpl-5901a962-94ba-4a8b-ba12-ae811e713c7a/datanode-8/data/ratis/fbd092a1-625e-4a8b-b267-d41c583fe8ec/current/log_inprogress_0
2019-11-14 15:11:09,857 [9ce1968d-df6d-4251-8f68-caf53c6f1d3e@group-6B84596190FA-LeaderElection188] INFO  impl.RoleInfo (RoleInfo.java:shutdownLeaderElection(134)) - 9ce1968d-df6d-4251-8f68-caf53c6f1d3e: shutdown LeaderElection
2019-11-14 15:11:09,857 [9ce1968d-df6d-4251-8f68-caf53c6f1d3e@group-6B84596190FA-LeaderElection188] INFO  impl.RaftServerImpl (RaftServerImpl.java:setRole(173)) - 9ce1968d-df6d-4251-8f68-caf53c6f1d3e@group-6B84596190FA: changes role from CANDIDATE to LEADER at term 1 for changeToLeader
2019-11-14 15:11:09,857 [9ce1968d-df6d-4251-8f68-caf53c6f1d3e@group-6B84596190FA-LeaderElection188] INFO  ratis.XceiverServerRatis (XceiverServerRatis.java:handleLeaderChangedNotification(697)) - Leader change notification received for group: group-6B84596190FA with new leaderId: 9ce1968d-df6d-4251-8f68-caf53c6f1d3e
2019-11-14 15:11:09,858 [9ce1968d-df6d-4251-8f68-caf53c6f1d3e@group-6B84596190FA-LeaderElection188] INFO  impl.RaftServerImpl (ServerState.java:setLeader(255)) - 9ce1968d-df6d-4251-8f68-caf53c6f1d3e@group-6B84596190FA: change Leader from null to 9ce1968d-df6d-4251-8f68-caf53c6f1d3e at term 1 for becomeLeader, leader elected after 1187ms
2019-11-14 15:11:09,858 [9ce1968d-df6d-4251-8f68-caf53c6f1d3e@group-6B84596190FA-LeaderElection188] INFO  server.RaftServerConfigKeys (ConfUtils.java:logGet(43)) - raft.server.staging.catchup.gap = 1000 (default)
2019-11-14 15:11:09,872 [9ce1968d-df6d-4251-8f68-caf53c6f1d3e@group-6B84596190FA-LeaderElection188] INFO  server.RaftServerConfigKeys (ConfUtils.java:logGet(43)) - raft.server.rpc.sleep.time = 25ms (default)
2019-11-14 15:11:09,872 [9ce1968d-df6d-4251-8f68-caf53c6f1d3e@group-6B84596190FA-LeaderElection188] INFO  server.RaftServerConfigKeys (ConfUtils.java:logGet(43)) - raft.server.write.element-limit = 4096 (default)
2019-11-14 15:11:09,873 [9ce1968d-df6d-4251-8f68-caf53c6f1d3e@group-6B84596190FA-LeaderElection188] INFO  server.RaftServerConfigKeys (ConfUtils.java:logGet(43)) - raft.server.watch.timeout = 10s (default)
2019-11-14 15:11:09,873 [EventQueue-PipelineReportForPipelineReportHandler] INFO  pipeline.PipelineStateManager (PipelineStateManager.java:openPipeline(134)) - Pipeline Pipeline[ Id: 1f0736fe-b32b-489f-88ae-6b84596190fa, Nodes: 9ce1968d-df6d-4251-8f68-caf53c6f1d3e{ip: 192.168.34.62, host: pr-hdds-2480-6qkg9-608321763, networkLocation: /rack1, certSerialId: null}, Type:RATIS, Factor:ONE, State:OPEN] moved to OPEN state
2019-11-14 15:11:09,873 [9ce1968d-df6d-4251-8f68-caf53c6f1d3e@group-6B84596190FA-LeaderElection188] INFO  server.RaftServerConfigKeys (ConfUtils.java:logGet(43)) - raft.server.watch.timeout.denomination = 1s (default)
2019-11-14 15:11:09,873 [9ce1968d-df6d-4251-8f68-caf53c6f1d3e@group-6B84596190FA-LeaderElection188] INFO  server.RaftServerConfigKeys (ConfUtils.java:logGet(43)) - raft.server.watch.element-limit = 65536 (default)
2019-11-14 15:11:09,873 [9ce1968d-df6d-4251-8f68-caf53c6f1d3e@group-6B84596190FA-LeaderElection188] INFO  impl.RoleInfo (RoleInfo.java:updateAndGet(143)) - 9ce1968d-df6d-4251-8f68-caf53c6f1d3e: start LeaderState
2019-11-14 15:11:09,873 [9ce1968d-df6d-4251-8f68-caf53c6f1d3e@group-6B84596190FA-LeaderElection188] INFO  segmented.SegmentedRaftLogWorker (SegmentedRaftLogWorker.java:startLogSegment(385)) - 9ce1968d-df6d-4251-8f68-caf53c6f1d3e@group-6B84596190FA-SegmentedRaftLogWorker: Starting segment from index:0
2019-11-14 15:11:09,874 [9ce1968d-df6d-4251-8f68-caf53c6f1d3e@group-6B84596190FA-LeaderElection188] INFO  impl.RaftServerImpl (ServerState.java:setRaftConf(356)) - 9ce1968d-df6d-4251-8f68-caf53c6f1d3e@group-6B84596190FA: set configuration 0: [9ce1968d-df6d-4251-8f68-caf53c6f1d3e:192.168.34.62:35975], old=null at 0
2019-11-14 15:11:09,913 [9ce1968d-df6d-4251-8f68-caf53c6f1d3e@group-6B84596190FA-SegmentedRaftLogWorker] INFO  segmented.SegmentedRaftLogWorker (SegmentedRaftLogWorker.java:execute(576)) - 9ce1968d-df6d-4251-8f68-caf53c6f1d3e@group-6B84596190FA-SegmentedRaftLogWorker: created new log segment /workdir/hadoop-ozone/integration-test/target/test-dir/MiniOzoneClusterImpl-5901a962-94ba-4a8b-ba12-ae811e713c7a/datanode-8/data/ratis/1f0736fe-b32b-489f-88ae-6b84596190fa/current/log_inprogress_0
2019-11-14 15:11:10,044 [main] INFO  ozone.MiniOzoneClusterImpl (MiniOzoneClusterImpl.java:lambda$waitForClusterToBeReady$2(163)) - Waiting for 1 number of pipelines out of 13, to report a leader.
2019-11-14 15:11:10,256 [Thread-4231] INFO  impl.FollowerState (FollowerState.java:run(111)) - 452ed320-102d-439c-a110-659d2656f893@group-6C8A5E410DA8-FollowerState: change to CANDIDATE, lastRpcTime:1171ms, electionTimeout:1171ms
2019-11-14 15:11:10,256 [Thread-4231] INFO  impl.RoleInfo (RoleInfo.java:shutdownFollowerState(121)) - 452ed320-102d-439c-a110-659d2656f893: shutdown FollowerState
2019-11-14 15:11:10,256 [Thread-4231] INFO  impl.RaftServerImpl (RaftServerImpl.java:setRole(173)) - 452ed320-102d-439c-a110-659d2656f893@group-6C8A5E410DA8: changes role from  FOLLOWER to CANDIDATE at term 0 for changeToCandidate
2019-11-14 15:11:10,256 [Thread-4231] INFO  impl.RoleInfo (RoleInfo.java:updateAndGet(143)) - 452ed320-102d-439c-a110-659d2656f893: start LeaderElection
2019-11-14 15:11:10,276 [452ed320-102d-439c-a110-659d2656f893@group-6C8A5E410DA8-LeaderElection189] INFO  impl.LeaderElection (LeaderElection.java:askForVotes(178)) - 452ed320-102d-439c-a110-659d2656f893@group-6C8A5E410DA8-LeaderElection189: begin an election at term 1 for -1: [452ed320-102d-439c-a110-659d2656f893:192.168.34.62:34711], old=null
2019-11-14 15:11:10,276 [452ed320-102d-439c-a110-659d2656f893@group-6C8A5E410DA8-LeaderElection189] INFO  impl.RoleInfo (RoleInfo.java:shutdownLeaderElection(134)) - 452ed320-102d-439c-a110-659d2656f893: shutdown LeaderElection
2019-11-14 15:11:10,276 [452ed320-102d-439c-a110-659d2656f893@group-6C8A5E410DA8-LeaderElection189] INFO  impl.RaftServerImpl (RaftServerImpl.java:setRole(173)) - 452ed320-102d-439c-a110-659d2656f893@group-6C8A5E410DA8: changes role from CANDIDATE to LEADER at term 1 for changeToLeader
2019-11-14 15:11:10,276 [452ed320-102d-439c-a110-659d2656f893@group-6C8A5E410DA8-LeaderElection189] INFO  ratis.XceiverServerRatis (XceiverServerRatis.java:handleLeaderChangedNotification(697)) - Leader change notification received for group: group-6C8A5E410DA8 with new leaderId: 452ed320-102d-439c-a110-659d2656f893
2019-11-14 15:11:10,276 [452ed320-102d-439c-a110-659d2656f893@group-6C8A5E410DA8-LeaderElection189] INFO  impl.RaftServerImpl (ServerState.java:setLeader(255)) - 452ed320-102d-439c-a110-659d2656f893@group-6C8A5E410DA8: change Leader from null to 452ed320-102d-439c-a110-659d2656f893 at term 1 for becomeLeader, leader elected after 1195ms
2019-11-14 15:11:10,276 [452ed320-102d-439c-a110-659d2656f893@group-6C8A5E410DA8-LeaderElection189] INFO  server.RaftServerConfigKeys (ConfUtils.java:logGet(43)) - raft.server.staging.catchup.gap = 1000 (default)
2019-11-14 15:11:10,276 [452ed320-102d-439c-a110-659d2656f893@group-6C8A5E410DA8-LeaderElection189] INFO  server.RaftServerConfigKeys (ConfUtils.java:logGet(43)) - raft.server.rpc.sleep.time = 25ms (default)
2019-11-14 15:11:10,279 [452ed320-102d-439c-a110-659d2656f893@group-6C8A5E410DA8-LeaderElection189] INFO  server.RaftServerConfigKeys (ConfUtils.java:logGet(43)) - raft.server.write.element-limit = 4096 (default)
2019-11-14 15:11:10,279 [452ed320-102d-439c-a110-659d2656f893@group-6C8A5E410DA8-LeaderElection189] INFO  server.RaftServerConfigKeys (ConfUtils.java:logGet(43)) - raft.server.watch.timeout = 10s (default)
2019-11-14 15:11:10,279 [452ed320-102d-439c-a110-659d2656f893@group-6C8A5E410DA8-LeaderElection189] INFO  server.RaftServerConfigKeys (ConfUtils.java:logGet(43)) - raft.server.watch.timeout.denomination = 1s (default)
2019-11-14 15:11:10,279 [452ed320-102d-439c-a110-659d2656f893@group-6C8A5E410DA8-LeaderElection189] INFO  server.RaftServerConfigKeys (ConfUtils.java:logGet(43)) - raft.server.watch.element-limit = 65536 (default)
2019-11-14 15:11:10,279 [EventQueue-PipelineReportForPipelineReportHandler] INFO  pipeline.PipelineStateManager (PipelineStateManager.java:openPipeline(134)) - Pipeline Pipeline[ Id: 1f641f8b-b6ab-4f1c-a1b0-6c8a5e410da8, Nodes: 452ed320-102d-439c-a110-659d2656f893{ip: 192.168.34.62, host: pr-hdds-2480-6qkg9-608321763, networkLocation: /rack1, certSerialId: null}, Type:RATIS, Factor:ONE, State:OPEN] moved to OPEN state
2019-11-14 15:11:10,280 [452ed320-102d-439c-a110-659d2656f893@group-6C8A5E410DA8-LeaderElection189] INFO  impl.RoleInfo (RoleInfo.java:updateAndGet(143)) - 452ed320-102d-439c-a110-659d2656f893: start LeaderState
2019-11-14 15:11:10,280 [452ed320-102d-439c-a110-659d2656f893@group-6C8A5E410DA8-LeaderElection189] INFO  segmented.SegmentedRaftLogWorker (SegmentedRaftLogWorker.java:startLogSegment(385)) - 452ed320-102d-439c-a110-659d2656f893@group-6C8A5E410DA8-SegmentedRaftLogWorker: Starting segment from index:0
2019-11-14 15:11:10,280 [452ed320-102d-439c-a110-659d2656f893@group-6C8A5E410DA8-LeaderElection189] INFO  impl.RaftServerImpl (ServerState.java:setRaftConf(356)) - 452ed320-102d-439c-a110-659d2656f893@group-6C8A5E410DA8: set configuration 0: [452ed320-102d-439c-a110-659d2656f893:192.168.34.62:34711], old=null at 0
2019-11-14 15:11:10,326 [452ed320-102d-439c-a110-659d2656f893@group-6C8A5E410DA8-SegmentedRaftLogWorker] INFO  segmented.SegmentedRaftLogWorker (SegmentedRaftLogWorker.java:execute(576)) - 452ed320-102d-439c-a110-659d2656f893@group-6C8A5E410DA8-SegmentedRaftLogWorker: created new log segment /workdir/hadoop-ozone/integration-test/target/test-dir/MiniOzoneClusterImpl-5901a962-94ba-4a8b-ba12-ae811e713c7a/datanode-9/data/ratis/1f641f8b-b6ab-4f1c-a1b0-6c8a5e410da8/current/log_inprogress_0
2019-11-14 15:11:11,044 [main] INFO  ozone.MiniOzoneClusterImpl (MiniOzoneClusterImpl.java:lambda$waitForClusterToBeReady$2(171)) - Cluster is ready. Got 10 of 10 DN Heartbeats.
2019-11-14 15:11:11,076 [main] INFO  rpc.RpcClient (RpcClient.java:createVolume(292)) - Creating Volume: datanodefailurehandlingtest, with jenkins1000 as owner.
2019-11-14 15:11:11,078 [IPC Server handler 4 on 45527] INFO  volume.OMVolumeCreateRequest (OMVolumeCreateRequest.java:validateAndUpdateCache(193)) - created volume:datanodefailurehandlingtest for user:jenkins1000
2019-11-14 15:11:11,115 [Thread-4175] INFO  container.ReplicationManager (ReplicationManager.java:start(162)) - Starting Replication Monitor Thread.
2019-11-14 15:11:11,115 [main] INFO  rpc.RpcClient (RpcClient.java:createBucket(431)) - Creating Bucket: datanodefailurehandlingtest/datanodefailurehandlingtest, with Versioning false and Storage Type set to DISK and Encryption set to false 
2019-11-14 15:11:11,122 [ReplicationMonitor] INFO  container.ReplicationManager (ReplicationManager.java:run(225)) - Replication Monitor Thread took 0 milliseconds for processing 0 containers.
2019-11-14 15:11:11,115 [Thread-4175] INFO  pipeline.SCMPipelineManager (SCMPipelineManager.java:finalizeAndDestroyPipeline(315)) - destroying pipeline:Pipeline[ Id: 5a2a0619-c7a2-4787-a7cd-149ef8762377, Nodes: 0687b932-fcaf-4ed2-b562-2cd2e9cca79c{ip: 192.168.34.62, host: pr-hdds-2480-6qkg9-608321763, networkLocation: /rack1, certSerialId: null}51e91b80-82a5-4e26-a62a-ce423dc7e82c{ip: 192.168.34.62, host: pr-hdds-2480-6qkg9-608321763, networkLocation: /rack1, certSerialId: null}ee222113-7cfa-4d93-ae35-60587bc46978{ip: 192.168.34.62, host: pr-hdds-2480-6qkg9-608321763, networkLocation: /rack1, certSerialId: null}, Type:RATIS, Factor:THREE, State:OPEN]
2019-11-14 15:11:11,123 [Thread-4175] INFO  pipeline.PipelineStateManager (PipelineStateManager.java:finalizePipeline(121)) - Pipeline Pipeline[ Id: 5a2a0619-c7a2-4787-a7cd-149ef8762377, Nodes: 0687b932-fcaf-4ed2-b562-2cd2e9cca79c{ip: 192.168.34.62, host: pr-hdds-2480-6qkg9-608321763, networkLocation: /rack1, certSerialId: null}51e91b80-82a5-4e26-a62a-ce423dc7e82c{ip: 192.168.34.62, host: pr-hdds-2480-6qkg9-608321763, networkLocation: /rack1, certSerialId: null}ee222113-7cfa-4d93-ae35-60587bc46978{ip: 192.168.34.62, host: pr-hdds-2480-6qkg9-608321763, networkLocation: /rack1, certSerialId: null}, Type:RATIS, Factor:THREE, State:CLOSED] moved to CLOSED state
2019-11-14 15:11:11,130 [grpc-default-executor-6] INFO  impl.RaftServerProxy (RaftServerProxy.java:remove(95)) - 0687b932-fcaf-4ed2-b562-2cd2e9cca79c: remove    LEADER 0687b932-fcaf-4ed2-b562-2cd2e9cca79c@group-149EF8762377:t1, leader=0687b932-fcaf-4ed2-b562-2cd2e9cca79c, voted=0687b932-fcaf-4ed2-b562-2cd2e9cca79c, raftlog=0687b932-fcaf-4ed2-b562-2cd2e9cca79c@group-149EF8762377-SegmentedRaftLog:OPENED:c0,f0,i0, conf=0: [ee222113-7cfa-4d93-ae35-60587bc46978:192.168.34.62:36461, 0687b932-fcaf-4ed2-b562-2cd2e9cca79c:192.168.34.62:39060, 51e91b80-82a5-4e26-a62a-ce423dc7e82c:192.168.34.62:43216], old=null RUNNING
2019-11-14 15:11:11,130 [grpc-default-executor-6] INFO  impl.RaftServerImpl (RaftServerImpl.java:lambda$shutdown$3(250)) - 0687b932-fcaf-4ed2-b562-2cd2e9cca79c@group-149EF8762377: shutdown
2019-11-14 15:11:11,130 [grpc-default-executor-6] INFO  util.JmxRegister (JmxRegister.java:unregister(73)) - Successfully un-registered JMX Bean with object name Ratis:service=RaftServer,group=group-149EF8762377,id=0687b932-fcaf-4ed2-b562-2cd2e9cca79c
2019-11-14 15:11:11,130 [grpc-default-executor-6] INFO  impl.RoleInfo (RoleInfo.java:shutdownLeaderState(104)) - 0687b932-fcaf-4ed2-b562-2cd2e9cca79c: shutdown LeaderState
2019-11-14 15:11:11,134 [org.apache.ratis.server.impl.LogAppender$AppenderDaemon$$Lambda$463/184788748@7a6fab9f] WARN  server.GrpcLogAppender (GrpcLogAppender.java:mayWait(151)) - 0687b932-fcaf-4ed2-b562-2cd2e9cca79c@group-149EF8762377->ee222113-7cfa-4d93-ae35-60587bc46978-GrpcLogAppender: Wait interrupted by java.lang.InterruptedException
2019-11-14 15:11:11,134 [org.apache.ratis.server.impl.LogAppender$AppenderDaemon$$Lambda$463/184788748@3f6d3ab6] WARN  server.GrpcLogAppender (GrpcLogAppender.java:mayWait(151)) - 0687b932-fcaf-4ed2-b562-2cd2e9cca79c@group-149EF8762377->51e91b80-82a5-4e26-a62a-ce423dc7e82c-GrpcLogAppender: Wait interrupted by java.lang.InterruptedException
2019-11-14 15:11:11,134 [grpc-default-executor-6] INFO  impl.PendingRequests (PendingRequests.java:sendNotLeaderResponses(206)) - 0687b932-fcaf-4ed2-b562-2cd2e9cca79c@group-149EF8762377-PendingRequests: sendNotLeaderResponses
2019-11-14 15:11:11,135 [grpc-default-executor-6] INFO  impl.StateMachineUpdater (StateMachineUpdater.java:stopAndJoin(136)) - 0687b932-fcaf-4ed2-b562-2cd2e9cca79c@group-149EF8762377-StateMachineUpdater: set stopIndex = 0
2019-11-14 15:11:11,135 [grpc-default-executor-1] INFO  server.GrpcServerProtocolService (GrpcServerProtocolService.java:onCompleted(113)) - 51e91b80-82a5-4e26-a62a-ce423dc7e82c: Completed APPEND_ENTRIES, lastRequest: 0687b932-fcaf-4ed2-b562-2cd2e9cca79c->51e91b80-82a5-4e26-a62a-ce423dc7e82c#4-t1, previous=(t:1, i:0), leaderCommit=0, initializing? false, entries: <empty>
2019-11-14 15:11:11,135 [grpc-default-executor-0] INFO  server.GrpcServerProtocolService (GrpcServerProtocolService.java:onCompleted(113)) - ee222113-7cfa-4d93-ae35-60587bc46978: Completed APPEND_ENTRIES, lastRequest: 0687b932-fcaf-4ed2-b562-2cd2e9cca79c->ee222113-7cfa-4d93-ae35-60587bc46978#4-t1, previous=(t:1, i:0), leaderCommit=0, initializing? false, entries: <empty>
2019-11-14 15:11:11,135 [grpc-default-executor-6] INFO  impl.RaftServerImpl (ServerState.java:close(387)) - 0687b932-fcaf-4ed2-b562-2cd2e9cca79c@group-149EF8762377: closes. applyIndex: 0
2019-11-14 15:11:11,135 [grpc-default-executor-0] INFO  server.GrpcLogAppender (GrpcLogAppender.java:onCompleted(308)) - 0687b932-fcaf-4ed2-b562-2cd2e9cca79c@group-149EF8762377->51e91b80-82a5-4e26-a62a-ce423dc7e82c-AppendLogResponseHandler: follower responses appendEntries COMPLETED
2019-11-14 15:11:11,135 [grpc-default-executor-3] INFO  server.GrpcLogAppender (GrpcLogAppender.java:onCompleted(308)) - 0687b932-fcaf-4ed2-b562-2cd2e9cca79c@group-149EF8762377->ee222113-7cfa-4d93-ae35-60587bc46978-AppendLogResponseHandler: follower responses appendEntries COMPLETED
2019-11-14 15:11:11,135 [0687b932-fcaf-4ed2-b562-2cd2e9cca79c@group-149EF8762377-SegmentedRaftLogWorker] INFO  segmented.SegmentedRaftLogWorker (SegmentedRaftLogWorker.java:run(316)) - 0687b932-fcaf-4ed2-b562-2cd2e9cca79c@group-149EF8762377-SegmentedRaftLogWorker was interrupted, exiting. There are 0 tasks remaining in the queue.
2019-11-14 15:11:11,136 [grpc-default-executor-0] INFO  impl.FollowerInfo (FollowerInfo.java:lambda$new$0(51)) - 0687b932-fcaf-4ed2-b562-2cd2e9cca79c@group-149EF8762377->51e91b80-82a5-4e26-a62a-ce423dc7e82c: nextIndex: updateUnconditionally 1 -> 0
2019-11-14 15:11:11,136 [grpc-default-executor-6] INFO  segmented.SegmentedRaftLogWorker (SegmentedRaftLogWorker.java:close(224)) - 0687b932-fcaf-4ed2-b562-2cd2e9cca79c@group-149EF8762377-SegmentedRaftLogWorker close()
2019-11-14 15:11:11,136 [grpc-default-executor-3] INFO  impl.FollowerInfo (FollowerInfo.java:lambda$new$0(51)) - 0687b932-fcaf-4ed2-b562-2cd2e9cca79c@group-149EF8762377->ee222113-7cfa-4d93-ae35-60587bc46978: nextIndex: updateUnconditionally 1 -> 0
2019-11-14 15:11:11,142 [grpc-default-executor-6] INFO  impl.RaftServerProxy (RaftServerProxy.java:remove(95)) - 51e91b80-82a5-4e26-a62a-ce423dc7e82c: remove  FOLLOWER 51e91b80-82a5-4e26-a62a-ce423dc7e82c@group-149EF8762377:t1, leader=0687b932-fcaf-4ed2-b562-2cd2e9cca79c, voted=0687b932-fcaf-4ed2-b562-2cd2e9cca79c, raftlog=51e91b80-82a5-4e26-a62a-ce423dc7e82c@group-149EF8762377-SegmentedRaftLog:OPENED:c0,f0,i0, conf=0: [ee222113-7cfa-4d93-ae35-60587bc46978:192.168.34.62:36461, 0687b932-fcaf-4ed2-b562-2cd2e9cca79c:192.168.34.62:39060, 51e91b80-82a5-4e26-a62a-ce423dc7e82c:192.168.34.62:43216], old=null RUNNING
2019-11-14 15:11:11,142 [grpc-default-executor-6] INFO  impl.RaftServerImpl (RaftServerImpl.java:lambda$shutdown$3(250)) - 51e91b80-82a5-4e26-a62a-ce423dc7e82c@group-149EF8762377: shutdown
2019-11-14 15:11:11,143 [grpc-default-executor-6] INFO  util.JmxRegister (JmxRegister.java:unregister(73)) - Successfully un-registered JMX Bean with object name Ratis:service=RaftServer,group=group-149EF8762377,id=51e91b80-82a5-4e26-a62a-ce423dc7e82c
2019-11-14 15:11:11,143 [grpc-default-executor-6] INFO  impl.RoleInfo (RoleInfo.java:shutdownFollowerState(121)) - 51e91b80-82a5-4e26-a62a-ce423dc7e82c: shutdown FollowerState
2019-11-14 15:11:11,143 [grpc-default-executor-6] INFO  impl.StateMachineUpdater (StateMachineUpdater.java:stopAndJoin(136)) - 51e91b80-82a5-4e26-a62a-ce423dc7e82c@group-149EF8762377-StateMachineUpdater: set stopIndex = 0
2019-11-14 15:11:11,143 [Thread-4241] INFO  impl.FollowerState (FollowerState.java:run(120)) - 51e91b80-82a5-4e26-a62a-ce423dc7e82c@group-149EF8762377-FollowerState was interrupted: java.lang.InterruptedException: sleep interrupted
2019-11-14 15:11:11,143 [grpc-default-executor-6] INFO  impl.RaftServerImpl (ServerState.java:close(387)) - 51e91b80-82a5-4e26-a62a-ce423dc7e82c@group-149EF8762377: closes. applyIndex: 0
2019-11-14 15:11:11,143 [51e91b80-82a5-4e26-a62a-ce423dc7e82c@group-149EF8762377-SegmentedRaftLogWorker] INFO  segmented.SegmentedRaftLogWorker (SegmentedRaftLogWorker.java:run(316)) - 51e91b80-82a5-4e26-a62a-ce423dc7e82c@group-149EF8762377-SegmentedRaftLogWorker was interrupted, exiting. There are 0 tasks remaining in the queue.
2019-11-14 15:11:11,143 [grpc-default-executor-6] INFO  segmented.SegmentedRaftLogWorker (SegmentedRaftLogWorker.java:close(224)) - 51e91b80-82a5-4e26-a62a-ce423dc7e82c@group-149EF8762377-SegmentedRaftLogWorker close()
2019-11-14 15:11:11,150 [grpc-default-executor-6] INFO  impl.RaftServerProxy (RaftServerProxy.java:remove(95)) - ee222113-7cfa-4d93-ae35-60587bc46978: remove  FOLLOWER ee222113-7cfa-4d93-ae35-60587bc46978@group-149EF8762377:t1, leader=0687b932-fcaf-4ed2-b562-2cd2e9cca79c, voted=0687b932-fcaf-4ed2-b562-2cd2e9cca79c, raftlog=ee222113-7cfa-4d93-ae35-60587bc46978@group-149EF8762377-SegmentedRaftLog:OPENED:c0,f0,i0, conf=0: [ee222113-7cfa-4d93-ae35-60587bc46978:192.168.34.62:36461, 0687b932-fcaf-4ed2-b562-2cd2e9cca79c:192.168.34.62:39060, 51e91b80-82a5-4e26-a62a-ce423dc7e82c:192.168.34.62:43216], old=null RUNNING
2019-11-14 15:11:11,150 [grpc-default-executor-6] INFO  impl.RaftServerImpl (RaftServerImpl.java:lambda$shutdown$3(250)) - ee222113-7cfa-4d93-ae35-60587bc46978@group-149EF8762377: shutdown
2019-11-14 15:11:11,150 [grpc-default-executor-6] INFO  util.JmxRegister (JmxRegister.java:unregister(73)) - Successfully un-registered JMX Bean with object name Ratis:service=RaftServer,group=group-149EF8762377,id=ee222113-7cfa-4d93-ae35-60587bc46978
2019-11-14 15:11:11,151 [grpc-default-executor-6] INFO  impl.RoleInfo (RoleInfo.java:shutdownFollowerState(121)) - ee222113-7cfa-4d93-ae35-60587bc46978: shutdown FollowerState
2019-11-14 15:11:11,151 [grpc-default-executor-6] INFO  impl.StateMachineUpdater (StateMachineUpdater.java:stopAndJoin(136)) - ee222113-7cfa-4d93-ae35-60587bc46978@group-149EF8762377-StateMachineUpdater: set stopIndex = 0
2019-11-14 15:11:11,151 [Thread-4240] INFO  impl.FollowerState (FollowerState.java:run(120)) - ee222113-7cfa-4d93-ae35-60587bc46978@group-149EF8762377-FollowerState was interrupted: java.lang.InterruptedException: sleep interrupted
2019-11-14 15:11:11,151 [grpc-default-executor-6] INFO  impl.RaftServerImpl (ServerState.java:close(387)) - ee222113-7cfa-4d93-ae35-60587bc46978@group-149EF8762377: closes. applyIndex: 0
2019-11-14 15:11:11,151 [ee222113-7cfa-4d93-ae35-60587bc46978@group-149EF8762377-SegmentedRaftLogWorker] INFO  segmented.SegmentedRaftLogWorker (SegmentedRaftLogWorker.java:run(316)) - ee222113-7cfa-4d93-ae35-60587bc46978@group-149EF8762377-SegmentedRaftLogWorker was interrupted, exiting. There are 0 tasks remaining in the queue.
2019-11-14 15:11:11,151 [grpc-default-executor-6] INFO  segmented.SegmentedRaftLogWorker (SegmentedRaftLogWorker.java:close(224)) - ee222113-7cfa-4d93-ae35-60587bc46978@group-149EF8762377-SegmentedRaftLogWorker close()
2019-11-14 15:11:11,156 [Thread-4175] INFO  pipeline.PipelineStateManager (PipelineStateManager.java:removePipeline(106)) - Pipeline Pipeline[ Id: 5a2a0619-c7a2-4787-a7cd-149ef8762377, Nodes: 0687b932-fcaf-4ed2-b562-2cd2e9cca79c{ip: 192.168.34.62, host: pr-hdds-2480-6qkg9-608321763, networkLocation: /rack1, certSerialId: null}51e91b80-82a5-4e26-a62a-ce423dc7e82c{ip: 192.168.34.62, host: pr-hdds-2480-6qkg9-608321763, networkLocation: /rack1, certSerialId: null}ee222113-7cfa-4d93-ae35-60587bc46978{ip: 192.168.34.62, host: pr-hdds-2480-6qkg9-608321763, networkLocation: /rack1, certSerialId: null}, Type:RATIS, Factor:THREE, State:CLOSED] removed from db
2019-11-14 15:11:11,158 [Thread-4175] INFO  pipeline.SCMPipelineManager (SCMPipelineManager.java:finalizeAndDestroyPipeline(315)) - destroying pipeline:Pipeline[ Id: 1f641f8b-b6ab-4f1c-a1b0-6c8a5e410da8, Nodes: 452ed320-102d-439c-a110-659d2656f893{ip: 192.168.34.62, host: pr-hdds-2480-6qkg9-608321763, networkLocation: /rack1, certSerialId: null}, Type:RATIS, Factor:ONE, State:OPEN]
2019-11-14 15:11:11,168 [grpc-default-executor-0] INFO  impl.RaftServerProxy (RaftServerProxy.java:addNew(89)) - 452ed320-102d-439c-a110-659d2656f893: addNew group-2BB691F7EE67:[452ed320-102d-439c-a110-659d2656f893:192.168.34.62:34711, 0687b932-fcaf-4ed2-b562-2cd2e9cca79c:192.168.34.62:39060, 51e91b80-82a5-4e26-a62a-ce423dc7e82c:192.168.34.62:43216] returns group-2BB691F7EE67:java.util.concurrent.CompletableFuture@5d02a532[Not completed]
2019-11-14 15:11:11,168 [grpc-default-executor-3] INFO  impl.RaftServerProxy (RaftServerProxy.java:addNew(89)) - 0687b932-fcaf-4ed2-b562-2cd2e9cca79c: addNew group-2BB691F7EE67:[452ed320-102d-439c-a110-659d2656f893:192.168.34.62:34711, 0687b932-fcaf-4ed2-b562-2cd2e9cca79c:192.168.34.62:39060, 51e91b80-82a5-4e26-a62a-ce423dc7e82c:192.168.34.62:43216] returns group-2BB691F7EE67:java.util.concurrent.CompletableFuture@763c1013[Not completed]
2019-11-14 15:11:11,168 [grpc-default-executor-6] INFO  impl.RaftServerProxy (RaftServerProxy.java:addNew(89)) - 51e91b80-82a5-4e26-a62a-ce423dc7e82c: addNew group-2BB691F7EE67:[452ed320-102d-439c-a110-659d2656f893:192.168.34.62:34711, 0687b932-fcaf-4ed2-b562-2cd2e9cca79c:192.168.34.62:39060, 51e91b80-82a5-4e26-a62a-ce423dc7e82c:192.168.34.62:43216] returns group-2BB691F7EE67:java.util.concurrent.CompletableFuture@2b3f83b4[Not completed]
2019-11-14 15:11:11,170 [pool-519-thread-1] INFO  impl.RaftServerImpl (RaftServerImpl.java:<init>(98)) - 51e91b80-82a5-4e26-a62a-ce423dc7e82c: new RaftServerImpl for group-2BB691F7EE67:[452ed320-102d-439c-a110-659d2656f893:192.168.34.62:34711, 0687b932-fcaf-4ed2-b562-2cd2e9cca79c:192.168.34.62:39060, 51e91b80-82a5-4e26-a62a-ce423dc7e82c:192.168.34.62:43216] with ContainerStateMachine:uninitialized
2019-11-14 15:11:11,170 [pool-519-thread-1] INFO  server.RaftServerConfigKeys (ConfUtils.java:logGet(43)) - raft.server.rpc.timeout.min = 1s (custom)
2019-11-14 15:11:11,170 [pool-519-thread-1] INFO  server.RaftServerConfigKeys (ConfUtils.java:logGet(43)) - raft.server.rpc.timeout.max = 1200ms (custom)
2019-11-14 15:11:11,171 [pool-519-thread-1] INFO  server.RaftServerConfigKeys (ConfUtils.java:logGet(43)) - raft.server.rpcslowness.timeout = 120s (custom)
2019-11-14 15:11:11,171 [pool-519-thread-1] INFO  server.RaftServerConfigKeys (ConfUtils.java:logGet(43)) - raft.server.sleep.deviation.threshold = 300 (default)
2019-11-14 15:11:11,171 [pool-519-thread-1] INFO  server.RaftServerConfigKeys (ConfUtils.java:logGet(43)) - raft.server.log.appender.install.snapshot.enabled = false (custom)
2019-11-14 15:11:11,171 [pool-599-thread-1] INFO  impl.RaftServerImpl (RaftServerImpl.java:<init>(98)) - 452ed320-102d-439c-a110-659d2656f893: new RaftServerImpl for group-2BB691F7EE67:[452ed320-102d-439c-a110-659d2656f893:192.168.34.62:34711, 0687b932-fcaf-4ed2-b562-2cd2e9cca79c:192.168.34.62:39060, 51e91b80-82a5-4e26-a62a-ce423dc7e82c:192.168.34.62:43216] with ContainerStateMachine:uninitialized
2019-11-14 15:11:11,171 [pool-519-thread-1] INFO  impl.RaftServerImpl (ServerState.java:<init>(103)) - 51e91b80-82a5-4e26-a62a-ce423dc7e82c@group-2BB691F7EE67: ConfigurationManager, init=-1: [452ed320-102d-439c-a110-659d2656f893:192.168.34.62:34711, 0687b932-fcaf-4ed2-b562-2cd2e9cca79c:192.168.34.62:39060, 51e91b80-82a5-4e26-a62a-ce423dc7e82c:192.168.34.62:43216], old=null, confs=<EMPTY_MAP>
2019-11-14 15:11:11,171 [pool-599-thread-1] INFO  server.RaftServerConfigKeys (ConfUtils.java:logGet(43)) - raft.server.rpc.timeout.min = 1s (custom)
2019-11-14 15:11:11,171 [pool-519-thread-1] INFO  server.RaftServerConfigKeys (ConfUtils.java:logGet(43)) - raft.server.storage.dir = [/workdir/hadoop-ozone/integration-test/target/test-dir/MiniOzoneClusterImpl-5901a962-94ba-4a8b-ba12-ae811e713c7a/datanode-1/data/ratis] (custom)
2019-11-14 15:11:11,172 [pool-509-thread-1] INFO  impl.RaftServerImpl (RaftServerImpl.java:<init>(98)) - 0687b932-fcaf-4ed2-b562-2cd2e9cca79c: new RaftServerImpl for group-2BB691F7EE67:[452ed320-102d-439c-a110-659d2656f893:192.168.34.62:34711, 0687b932-fcaf-4ed2-b562-2cd2e9cca79c:192.168.34.62:39060, 51e91b80-82a5-4e26-a62a-ce423dc7e82c:192.168.34.62:43216] with ContainerStateMachine:uninitialized
2019-11-14 15:11:11,171 [pool-599-thread-1] INFO  server.RaftServerConfigKeys (ConfUtils.java:logGet(43)) - raft.server.rpc.timeout.max = 1200ms (custom)
2019-11-14 15:11:11,172 [pool-519-thread-1] INFO  server.RaftServerConfigKeys (ConfUtils.java:logGet(43)) - raft.server.log.corruption.policy = EXCEPTION (default)
2019-11-14 15:11:11,172 [pool-509-thread-1] INFO  server.RaftServerConfigKeys (ConfUtils.java:logGet(43)) - raft.server.rpc.timeout.min = 1s (custom)
2019-11-14 15:11:11,172 [pool-599-thread-1] INFO  server.RaftServerConfigKeys (ConfUtils.java:logGet(43)) - raft.server.rpcslowness.timeout = 120s (custom)
2019-11-14 15:11:11,172 [pool-509-thread-1] INFO  server.RaftServerConfigKeys (ConfUtils.java:logGet(43)) - raft.server.rpc.timeout.max = 1200ms (custom)
2019-11-14 15:11:11,172 [pool-519-thread-1] INFO  storage.RaftStorageDirectory (RaftStorageDirectory.java:analyzeStorage(246)) - The storage directory /workdir/hadoop-ozone/integration-test/target/test-dir/MiniOzoneClusterImpl-5901a962-94ba-4a8b-ba12-ae811e713c7a/datanode-1/data/ratis/defb7391-dd1d-49e0-a0fb-2bb691f7ee67 does not exist. Creating ...
2019-11-14 15:11:11,172 [pool-509-thread-1] INFO  server.RaftServerConfigKeys (ConfUtils.java:logGet(43)) - raft.server.rpcslowness.timeout = 120s (custom)
2019-11-14 15:11:11,173 [pool-509-thread-1] INFO  server.RaftServerConfigKeys (ConfUtils.java:logGet(43)) - raft.server.sleep.deviation.threshold = 300 (default)
2019-11-14 15:11:11,172 [pool-599-thread-1] INFO  server.RaftServerConfigKeys (ConfUtils.java:logGet(43)) - raft.server.sleep.deviation.threshold = 300 (default)
2019-11-14 15:11:11,173 [pool-509-thread-1] INFO  server.RaftServerConfigKeys (ConfUtils.java:logGet(43)) - raft.server.log.appender.install.snapshot.enabled = false (custom)
2019-11-14 15:11:11,173 [pool-599-thread-1] INFO  server.RaftServerConfigKeys (ConfUtils.java:logGet(43)) - raft.server.log.appender.install.snapshot.enabled = false (custom)
2019-11-14 15:11:11,173 [pool-509-thread-1] INFO  impl.RaftServerImpl (ServerState.java:<init>(103)) - 0687b932-fcaf-4ed2-b562-2cd2e9cca79c@group-2BB691F7EE67: ConfigurationManager, init=-1: [452ed320-102d-439c-a110-659d2656f893:192.168.34.62:34711, 0687b932-fcaf-4ed2-b562-2cd2e9cca79c:192.168.34.62:39060, 51e91b80-82a5-4e26-a62a-ce423dc7e82c:192.168.34.62:43216], old=null, confs=<EMPTY_MAP>
2019-11-14 15:11:11,173 [pool-599-thread-1] INFO  impl.RaftServerImpl (ServerState.java:<init>(103)) - 452ed320-102d-439c-a110-659d2656f893@group-2BB691F7EE67: ConfigurationManager, init=-1: [452ed320-102d-439c-a110-659d2656f893:192.168.34.62:34711, 0687b932-fcaf-4ed2-b562-2cd2e9cca79c:192.168.34.62:39060, 51e91b80-82a5-4e26-a62a-ce423dc7e82c:192.168.34.62:43216], old=null, confs=<EMPTY_MAP>
2019-11-14 15:11:11,173 [pool-509-thread-1] INFO  server.RaftServerConfigKeys (ConfUtils.java:logGet(43)) - raft.server.storage.dir = [/workdir/hadoop-ozone/integration-test/target/test-dir/MiniOzoneClusterImpl-5901a962-94ba-4a8b-ba12-ae811e713c7a/datanode-0/data/ratis] (custom)
2019-11-14 15:11:11,173 [pool-599-thread-1] INFO  server.RaftServerConfigKeys (ConfUtils.java:logGet(43)) - raft.server.storage.dir = [/workdir/hadoop-ozone/integration-test/target/test-dir/MiniOzoneClusterImpl-5901a962-94ba-4a8b-ba12-ae811e713c7a/datanode-9/data/ratis] (custom)
2019-11-14 15:11:11,174 [pool-509-thread-1] INFO  server.RaftServerConfigKeys (ConfUtils.java:logGet(43)) - raft.server.log.corruption.policy = EXCEPTION (default)
2019-11-14 15:11:11,174 [pool-599-thread-1] INFO  server.RaftServerConfigKeys (ConfUtils.java:logGet(43)) - raft.server.log.corruption.policy = EXCEPTION (default)
2019-11-14 15:11:11,174 [pool-509-thread-1] INFO  storage.RaftStorageDirectory (RaftStorageDirectory.java:analyzeStorage(246)) - The storage directory /workdir/hadoop-ozone/integration-test/target/test-dir/MiniOzoneClusterImpl-5901a962-94ba-4a8b-ba12-ae811e713c7a/datanode-0/data/ratis/defb7391-dd1d-49e0-a0fb-2bb691f7ee67 does not exist. Creating ...
2019-11-14 15:11:11,174 [pool-599-thread-1] INFO  storage.RaftStorageDirectory (RaftStorageDirectory.java:analyzeStorage(246)) - The storage directory /workdir/hadoop-ozone/integration-test/target/test-dir/MiniOzoneClusterImpl-5901a962-94ba-4a8b-ba12-ae811e713c7a/datanode-9/data/ratis/defb7391-dd1d-49e0-a0fb-2bb691f7ee67 does not exist. Creating ...
2019-11-14 15:11:11,186 [pool-519-thread-1] INFO  storage.RaftStorageDirectory (RaftStorageDirectory.java:tryLock(328)) - Lock on /workdir/hadoop-ozone/integration-test/target/test-dir/MiniOzoneClusterImpl-5901a962-94ba-4a8b-ba12-ae811e713c7a/datanode-1/data/ratis/defb7391-dd1d-49e0-a0fb-2bb691f7ee67/in_use.lock acquired by nodename 23875@pr-hdds-2480-6qkg9-608321763
2019-11-14 15:11:11,186 [pool-599-thread-1] INFO  storage.RaftStorageDirectory (RaftStorageDirectory.java:tryLock(328)) - Lock on /workdir/hadoop-ozone/integration-test/target/test-dir/MiniOzoneClusterImpl-5901a962-94ba-4a8b-ba12-ae811e713c7a/datanode-9/data/ratis/defb7391-dd1d-49e0-a0fb-2bb691f7ee67/in_use.lock acquired by nodename 23875@pr-hdds-2480-6qkg9-608321763
2019-11-14 15:11:11,186 [pool-509-thread-1] INFO  storage.RaftStorageDirectory (RaftStorageDirectory.java:tryLock(328)) - Lock on /workdir/hadoop-ozone/integration-test/target/test-dir/MiniOzoneClusterImpl-5901a962-94ba-4a8b-ba12-ae811e713c7a/datanode-0/data/ratis/defb7391-dd1d-49e0-a0fb-2bb691f7ee67/in_use.lock acquired by nodename 23875@pr-hdds-2480-6qkg9-608321763
2019-11-14 15:11:11,203 [pool-599-thread-1] INFO  storage.RaftStorage (RaftStorage.java:format(84)) - Storage directory /workdir/hadoop-ozone/integration-test/target/test-dir/MiniOzoneClusterImpl-5901a962-94ba-4a8b-ba12-ae811e713c7a/datanode-9/data/ratis/defb7391-dd1d-49e0-a0fb-2bb691f7ee67 has been successfully formatted.
2019-11-14 15:11:11,203 [pool-519-thread-1] INFO  storage.RaftStorage (RaftStorage.java:format(84)) - Storage directory /workdir/hadoop-ozone/integration-test/target/test-dir/MiniOzoneClusterImpl-5901a962-94ba-4a8b-ba12-ae811e713c7a/datanode-1/data/ratis/defb7391-dd1d-49e0-a0fb-2bb691f7ee67 has been successfully formatted.
2019-11-14 15:11:11,205 [pool-599-thread-1] INFO  ratis.ContainerStateMachine (ContainerStateMachine.java:loadSnapshot(223)) - group-2BB691F7EE67: The snapshot info is null. Setting the last applied indexto:(t:0, i:~)
2019-11-14 15:11:11,203 [pool-509-thread-1] INFO  storage.RaftStorage (RaftStorage.java:format(84)) - Storage directory /workdir/hadoop-ozone/integration-test/target/test-dir/MiniOzoneClusterImpl-5901a962-94ba-4a8b-ba12-ae811e713c7a/datanode-0/data/ratis/defb7391-dd1d-49e0-a0fb-2bb691f7ee67 has been successfully formatted.
2019-11-14 15:11:11,205 [pool-599-thread-1] INFO  server.RaftServerConfigKeys (ConfUtils.java:logGet(43)) - raft.server.notification.no-leader.timeout = 120s (custom)
2019-11-14 15:11:11,205 [pool-519-thread-1] INFO  ratis.ContainerStateMachine (ContainerStateMachine.java:loadSnapshot(223)) - group-2BB691F7EE67: The snapshot info is null. Setting the last applied indexto:(t:0, i:~)
2019-11-14 15:11:11,205 [pool-599-thread-1] INFO  server.RaftServerConfigKeys (ConfUtils.java:logGet(43)) - raft.server.log.use.memory = false (default)
2019-11-14 15:11:11,205 [pool-509-thread-1] INFO  ratis.ContainerStateMachine (ContainerStateMachine.java:loadSnapshot(223)) - group-2BB691F7EE67: The snapshot info is null. Setting the last applied indexto:(t:0, i:~)
2019-11-14 15:11:11,205 [pool-599-thread-1] INFO  server.RaftServerConfigKeys (ConfUtils.java:logGet(43)) - raft.server.log.purge.gap = 1000000 (custom)
2019-11-14 15:11:11,205 [pool-519-thread-1] INFO  server.RaftServerConfigKeys (ConfUtils.java:logGet(43)) - raft.server.notification.no-leader.timeout = 120s (custom)
2019-11-14 15:11:11,205 [pool-599-thread-1] INFO  server.RaftServerConfigKeys (ConfUtils.java:logGet(43)) - raft.server.log.appender.buffer.byte-limit = 33554432 (custom)
2019-11-14 15:11:11,205 [pool-509-thread-1] INFO  server.RaftServerConfigKeys (ConfUtils.java:logGet(43)) - raft.server.notification.no-leader.timeout = 120s (custom)
2019-11-14 15:11:11,206 [pool-599-thread-1] INFO  server.RaftServerConfigKeys (ConfUtils.java:logGet(43)) - raft.server.log.segment.size.max = 1048576 (custom)
2019-11-14 15:11:11,205 [pool-519-thread-1] INFO  server.RaftServerConfigKeys (ConfUtils.java:logGet(43)) - raft.server.log.use.memory = false (default)
2019-11-14 15:11:11,206 [pool-599-thread-1] INFO  server.RaftServerConfigKeys (ConfUtils.java:logGet(43)) - raft.server.log.segment.cache.num.max = 2 (custom)
2019-11-14 15:11:11,206 [pool-509-thread-1] INFO  server.RaftServerConfigKeys (ConfUtils.java:logGet(43)) - raft.server.log.use.memory = false (default)
2019-11-14 15:11:11,206 [pool-599-thread-1] INFO  segmented.SegmentedRaftLogWorker (SegmentedRaftLogWorker.java:<init>(173)) - new 452ed320-102d-439c-a110-659d2656f893@group-2BB691F7EE67-SegmentedRaftLogWorker for RaftStorage:Storage Directory /workdir/hadoop-ozone/integration-test/target/test-dir/MiniOzoneClusterImpl-5901a962-94ba-4a8b-ba12-ae811e713c7a/datanode-9/data/ratis/defb7391-dd1d-49e0-a0fb-2bb691f7ee67
2019-11-14 15:11:11,206 [pool-519-thread-1] INFO  server.RaftServerConfigKeys (ConfUtils.java:logGet(43)) - raft.server.log.purge.gap = 1000000 (custom)
2019-11-14 15:11:11,206 [pool-599-thread-1] INFO  server.RaftServerConfigKeys (ConfUtils.java:logGet(43)) - raft.server.log.queue.byte-limit = 2147483647 (custom)
2019-11-14 15:11:11,206 [pool-509-thread-1] INFO  server.RaftServerConfigKeys (ConfUtils.java:logGet(43)) - raft.server.log.purge.gap = 1000000 (custom)
2019-11-14 15:11:11,206 [pool-599-thread-1] INFO  server.RaftServerConfigKeys (ConfUtils.java:logGet(43)) - raft.server.log.queue.element-limit = 1024 (custom)
2019-11-14 15:11:11,206 [pool-519-thread-1] INFO  server.RaftServerConfigKeys (ConfUtils.java:logGet(43)) - raft.server.log.appender.buffer.byte-limit = 33554432 (custom)
2019-11-14 15:11:11,206 [pool-599-thread-1] INFO  server.RaftServerConfigKeys (ConfUtils.java:logGet(43)) - raft.server.log.segment.size.max = 1048576 (custom)
2019-11-14 15:11:11,206 [pool-509-thread-1] INFO  server.RaftServerConfigKeys (ConfUtils.java:logGet(43)) - raft.server.log.appender.buffer.byte-limit = 33554432 (custom)
2019-11-14 15:11:11,207 [pool-599-thread-1] INFO  server.RaftServerConfigKeys (ConfUtils.java:logGet(43)) - raft.server.log.preallocated.size = 16384 (custom)
2019-11-14 15:11:11,206 [pool-519-thread-1] INFO  server.RaftServerConfigKeys (ConfUtils.java:logGet(43)) - raft.server.log.segment.size.max = 1048576 (custom)
2019-11-14 15:11:11,207 [pool-599-thread-1] INFO  server.RaftServerConfigKeys (ConfUtils.java:logGet(43)) - raft.server.log.write.buffer.size = 33554432 (custom)
2019-11-14 15:11:11,207 [pool-509-thread-1] INFO  server.RaftServerConfigKeys (ConfUtils.java:logGet(43)) - raft.server.log.segment.size.max = 1048576 (custom)
2019-11-14 15:11:11,207 [pool-599-thread-1] INFO  server.RaftServerConfigKeys (ConfUtils.java:logGet(43)) - raft.server.log.force.sync.num = 128 (default)
2019-11-14 15:11:11,207 [pool-519-thread-1] INFO  server.RaftServerConfigKeys (ConfUtils.java:logGet(43)) - raft.server.log.segment.cache.num.max = 2 (custom)
2019-11-14 15:11:11,207 [pool-599-thread-1] INFO  server.RaftServerConfigKeys (ConfUtils.java:logGet(43)) - raft.server.log.statemachine.data.sync = true (default)
2019-11-14 15:11:11,207 [pool-509-thread-1] INFO  server.RaftServerConfigKeys (ConfUtils.java:logGet(43)) - raft.server.log.segment.cache.num.max = 2 (custom)
2019-11-14 15:11:11,207 [pool-599-thread-1] INFO  server.RaftServerConfigKeys (ConfUtils.java:logGet(43)) - raft.server.log.statemachine.data.sync.timeout = 10s (default)
2019-11-14 15:11:11,207 [pool-519-thread-1] INFO  segmented.SegmentedRaftLogWorker (SegmentedRaftLogWorker.java:<init>(173)) - new 51e91b80-82a5-4e26-a62a-ce423dc7e82c@group-2BB691F7EE67-SegmentedRaftLogWorker for RaftStorage:Storage Directory /workdir/hadoop-ozone/integration-test/target/test-dir/MiniOzoneClusterImpl-5901a962-94ba-4a8b-ba12-ae811e713c7a/datanode-1/data/ratis/defb7391-dd1d-49e0-a0fb-2bb691f7ee67
2019-11-14 15:11:11,207 [pool-599-thread-1] INFO  server.RaftServerConfigKeys (ConfUtils.java:logGet(43)) - raft.server.log.statemachine.data.sync.timeout.retry = -1 (default)
2019-11-14 15:11:11,207 [pool-509-thread-1] INFO  segmented.SegmentedRaftLogWorker (SegmentedRaftLogWorker.java:<init>(173)) - new 0687b932-fcaf-4ed2-b562-2cd2e9cca79c@group-2BB691F7EE67-SegmentedRaftLogWorker for RaftStorage:Storage Directory /workdir/hadoop-ozone/integration-test/target/test-dir/MiniOzoneClusterImpl-5901a962-94ba-4a8b-ba12-ae811e713c7a/datanode-0/data/ratis/defb7391-dd1d-49e0-a0fb-2bb691f7ee67
2019-11-14 15:11:11,208 [pool-599-thread-1] INFO  server.RaftServerConfigKeys (ConfUtils.java:logGet(43)) - raft.server.log.statemachine.data.caching.enabled = true (custom)
2019-11-14 15:11:11,207 [pool-519-thread-1] INFO  server.RaftServerConfigKeys (ConfUtils.java:logGet(43)) - raft.server.log.queue.byte-limit = 2147483647 (custom)
2019-11-14 15:11:11,208 [pool-509-thread-1] INFO  server.RaftServerConfigKeys (ConfUtils.java:logGet(43)) - raft.server.log.queue.byte-limit = 2147483647 (custom)
2019-11-14 15:11:11,208 [pool-599-thread-1] INFO  segmented.SegmentedRaftLogWorker (SegmentedRaftLogWorker.java:lambda$new$0(128)) - 452ed320-102d-439c-a110-659d2656f893@group-2BB691F7EE67-SegmentedRaftLogWorker: flushIndex: setUnconditionally 0 -> -1
2019-11-14 15:11:11,208 [pool-519-thread-1] INFO  server.RaftServerConfigKeys (ConfUtils.java:logGet(43)) - raft.server.log.queue.element-limit = 1024 (custom)
2019-11-14 15:11:11,208 [pool-509-thread-1] INFO  server.RaftServerConfigKeys (ConfUtils.java:logGet(43)) - raft.server.log.queue.element-limit = 1024 (custom)
2019-11-14 15:11:11,208 [pool-599-thread-1] INFO  server.RaftServerConfigKeys (ConfUtils.java:logGet(43)) - raft.server.snapshot.auto.trigger.enabled = true (custom)
2019-11-14 15:11:11,208 [pool-519-thread-1] INFO  server.RaftServerConfigKeys (ConfUtils.java:logGet(43)) - raft.server.log.segment.size.max = 1048576 (custom)
2019-11-14 15:11:11,208 [pool-599-thread-1] INFO  server.RaftServerConfigKeys (ConfUtils.java:logGet(43)) - raft.server.snapshot.auto.trigger.threshold = 10000 (custom)
2019-11-14 15:11:11,208 [pool-509-thread-1] INFO  server.RaftServerConfigKeys (ConfUtils.java:logGet(43)) - raft.server.log.segment.size.max = 1048576 (custom)
2019-11-14 15:11:11,208 [pool-599-thread-1] INFO  server.RaftServerConfigKeys (ConfUtils.java:logGet(43)) - raft.server.snapshot.retention.file.num = 5 (custom)
2019-11-14 15:11:11,208 [pool-519-thread-1] INFO  server.RaftServerConfigKeys (ConfUtils.java:logGet(43)) - raft.server.log.preallocated.size = 16384 (custom)
2019-11-14 15:11:11,209 [pool-599-thread-1] INFO  server.RaftServerConfigKeys (ConfUtils.java:logGet(43)) - raft.server.retrycache.expirytime = 600000ms (custom)
2019-11-14 15:11:11,209 [pool-509-thread-1] INFO  server.RaftServerConfigKeys (ConfUtils.java:logGet(43)) - raft.server.log.preallocated.size = 16384 (custom)
2019-11-14 15:11:11,209 [pool-599-thread-1] WARN  impl.MetricRegistriesImpl (MetricRegistriesImpl.java:lambda$create$1(61)) - First MetricRegistry has been created without registering reporters. You may need to call MetricRegistries.global().addReportRegistration(...) before.
2019-11-14 15:11:11,209 [pool-519-thread-1] INFO  server.RaftServerConfigKeys (ConfUtils.java:logGet(43)) - raft.server.log.write.buffer.size = 33554432 (custom)
2019-11-14 15:11:11,209 [pool-599-thread-1] WARN  impl.MetricRegistriesImpl (MetricRegistriesImpl.java:lambda$create$1(61)) - First MetricRegistry has been created without registering reporters. You may need to call MetricRegistries.global().addReportRegistration(...) before.
2019-11-14 15:11:11,209 [pool-509-thread-1] INFO  server.RaftServerConfigKeys (ConfUtils.java:logGet(43)) - raft.server.log.write.buffer.size = 33554432 (custom)
2019-11-14 15:11:11,209 [pool-599-thread-1] INFO  impl.RaftServerImpl (RaftServerImpl.java:start(184)) - 452ed320-102d-439c-a110-659d2656f893@group-2BB691F7EE67: start as a follower, conf=-1: [452ed320-102d-439c-a110-659d2656f893:192.168.34.62:34711, 0687b932-fcaf-4ed2-b562-2cd2e9cca79c:192.168.34.62:39060, 51e91b80-82a5-4e26-a62a-ce423dc7e82c:192.168.34.62:43216], old=null
2019-11-14 15:11:11,209 [pool-519-thread-1] INFO  server.RaftServerConfigKeys (ConfUtils.java:logGet(43)) - raft.server.log.force.sync.num = 128 (default)
2019-11-14 15:11:11,209 [pool-599-thread-1] INFO  impl.RaftServerImpl (RaftServerImpl.java:setRole(173)) - 452ed320-102d-439c-a110-659d2656f893@group-2BB691F7EE67: changes role from      null to FOLLOWER at term 0 for startAsFollower
2019-11-14 15:11:11,209 [pool-509-thread-1] INFO  server.RaftServerConfigKeys (ConfUtils.java:logGet(43)) - raft.server.log.force.sync.num = 128 (default)
2019-11-14 15:11:11,210 [pool-599-thread-1] INFO  impl.RoleInfo (RoleInfo.java:updateAndGet(143)) - 452ed320-102d-439c-a110-659d2656f893: start FollowerState
2019-11-14 15:11:11,210 [pool-519-thread-1] INFO  server.RaftServerConfigKeys (ConfUtils.java:logGet(43)) - raft.server.log.statemachine.data.sync = true (default)
2019-11-14 15:11:11,210 [pool-509-thread-1] INFO  server.RaftServerConfigKeys (ConfUtils.java:logGet(43)) - raft.server.log.statemachine.data.sync = true (default)
2019-11-14 15:11:11,217 [pool-599-thread-1] INFO  util.JmxRegister (JmxRegister.java:tryRegister(44)) - Successfully registered JMX Bean with object name Ratis:service=RaftServer,group=group-2BB691F7EE67,id=452ed320-102d-439c-a110-659d2656f893
2019-11-14 15:11:11,210 [pool-519-thread-1] INFO  server.RaftServerConfigKeys (ConfUtils.java:logGet(43)) - raft.server.log.statemachine.data.sync.timeout = 10s (default)
2019-11-14 15:11:11,218 [pool-599-thread-1] WARN  impl.MetricRegistriesImpl (MetricRegistriesImpl.java:lambda$create$1(61)) - First MetricRegistry has been created without registering reporters. You may need to call MetricRegistries.global().addReportRegistration(...) before.
2019-11-14 15:11:11,217 [pool-509-thread-1] INFO  server.RaftServerConfigKeys (ConfUtils.java:logGet(43)) - raft.server.log.statemachine.data.sync.timeout = 10s (default)
2019-11-14 15:11:11,218 [pool-519-thread-1] INFO  server.RaftServerConfigKeys (ConfUtils.java:logGet(43)) - raft.server.log.statemachine.data.sync.timeout.retry = -1 (default)
2019-11-14 15:11:11,218 [pool-509-thread-1] INFO  server.RaftServerConfigKeys (ConfUtils.java:logGet(43)) - raft.server.log.statemachine.data.sync.timeout.retry = -1 (default)
2019-11-14 15:11:11,225 [pool-519-thread-1] INFO  server.RaftServerConfigKeys (ConfUtils.java:logGet(43)) - raft.server.log.statemachine.data.caching.enabled = true (custom)
2019-11-14 15:11:11,225 [pool-509-thread-1] INFO  server.RaftServerConfigKeys (ConfUtils.java:logGet(43)) - raft.server.log.statemachine.data.caching.enabled = true (custom)
2019-11-14 15:11:11,225 [pool-519-thread-1] INFO  segmented.SegmentedRaftLogWorker (SegmentedRaftLogWorker.java:lambda$new$0(128)) - 51e91b80-82a5-4e26-a62a-ce423dc7e82c@group-2BB691F7EE67-SegmentedRaftLogWorker: flushIndex: setUnconditionally 0 -> -1
2019-11-14 15:11:11,226 [pool-509-thread-1] INFO  segmented.SegmentedRaftLogWorker (SegmentedRaftLogWorker.java:lambda$new$0(128)) - 0687b932-fcaf-4ed2-b562-2cd2e9cca79c@group-2BB691F7EE67-SegmentedRaftLogWorker: flushIndex: setUnconditionally 0 -> -1
2019-11-14 15:11:11,226 [pool-519-thread-1] INFO  server.RaftServerConfigKeys (ConfUtils.java:logGet(43)) - raft.server.snapshot.auto.trigger.enabled = true (custom)
2019-11-14 15:11:11,226 [pool-519-thread-1] INFO  server.RaftServerConfigKeys (ConfUtils.java:logGet(43)) - raft.server.snapshot.auto.trigger.threshold = 10000 (custom)
2019-11-14 15:11:11,226 [pool-519-thread-1] INFO  server.RaftServerConfigKeys (ConfUtils.java:logGet(43)) - raft.server.snapshot.retention.file.num = 5 (custom)
2019-11-14 15:11:11,226 [pool-509-thread-1] INFO  server.RaftServerConfigKeys (ConfUtils.java:logGet(43)) - raft.server.snapshot.auto.trigger.enabled = true (custom)
2019-11-14 15:11:11,226 [pool-519-thread-1] INFO  server.RaftServerConfigKeys (ConfUtils.java:logGet(43)) - raft.server.retrycache.expirytime = 600000ms (custom)
2019-11-14 15:11:11,226 [pool-509-thread-1] INFO  server.RaftServerConfigKeys (ConfUtils.java:logGet(43)) - raft.server.snapshot.auto.trigger.threshold = 10000 (custom)
2019-11-14 15:11:11,226 [pool-519-thread-1] WARN  impl.MetricRegistriesImpl (MetricRegistriesImpl.java:lambda$create$1(61)) - First MetricRegistry has been created without registering reporters. You may need to call MetricRegistries.global().addReportRegistration(...) before.
2019-11-14 15:11:11,226 [pool-509-thread-1] INFO  server.RaftServerConfigKeys (ConfUtils.java:logGet(43)) - raft.server.snapshot.retention.file.num = 5 (custom)
2019-11-14 15:11:11,226 [pool-519-thread-1] WARN  impl.MetricRegistriesImpl (MetricRegistriesImpl.java:lambda$create$1(61)) - First MetricRegistry has been created without registering reporters. You may need to call MetricRegistries.global().addReportRegistration(...) before.
2019-11-14 15:11:11,227 [pool-509-thread-1] INFO  server.RaftServerConfigKeys (ConfUtils.java:logGet(43)) - raft.server.retrycache.expirytime = 600000ms (custom)
2019-11-14 15:11:11,227 [pool-519-thread-1] INFO  impl.RaftServerImpl (RaftServerImpl.java:start(184)) - 51e91b80-82a5-4e26-a62a-ce423dc7e82c@group-2BB691F7EE67: start as a follower, conf=-1: [452ed320-102d-439c-a110-659d2656f893:192.168.34.62:34711, 0687b932-fcaf-4ed2-b562-2cd2e9cca79c:192.168.34.62:39060, 51e91b80-82a5-4e26-a62a-ce423dc7e82c:192.168.34.62:43216], old=null
2019-11-14 15:11:11,227 [pool-509-thread-1] WARN  impl.MetricRegistriesImpl (MetricRegistriesImpl.java:lambda$create$1(61)) - First MetricRegistry has been created without registering reporters. You may need to call MetricRegistries.global().addReportRegistration(...) before.
2019-11-14 15:11:11,227 [pool-519-thread-1] INFO  impl.RaftServerImpl (RaftServerImpl.java:setRole(173)) - 51e91b80-82a5-4e26-a62a-ce423dc7e82c@group-2BB691F7EE67: changes role from      null to FOLLOWER at term 0 for startAsFollower
2019-11-14 15:11:11,227 [pool-509-thread-1] WARN  impl.MetricRegistriesImpl (MetricRegistriesImpl.java:lambda$create$1(61)) - First MetricRegistry has been created without registering reporters. You may need to call MetricRegistries.global().addReportRegistration(...) before.
2019-11-14 15:11:11,227 [pool-519-thread-1] INFO  impl.RoleInfo (RoleInfo.java:updateAndGet(143)) - 51e91b80-82a5-4e26-a62a-ce423dc7e82c: start FollowerState
2019-11-14 15:11:11,227 [pool-509-thread-1] INFO  impl.RaftServerImpl (RaftServerImpl.java:start(184)) - 0687b932-fcaf-4ed2-b562-2cd2e9cca79c@group-2BB691F7EE67: start as a follower, conf=-1: [452ed320-102d-439c-a110-659d2656f893:192.168.34.62:34711, 0687b932-fcaf-4ed2-b562-2cd2e9cca79c:192.168.34.62:39060, 51e91b80-82a5-4e26-a62a-ce423dc7e82c:192.168.34.62:43216], old=null
2019-11-14 15:11:11,228 [pool-509-thread-1] INFO  impl.RaftServerImpl (RaftServerImpl.java:setRole(173)) - 0687b932-fcaf-4ed2-b562-2cd2e9cca79c@group-2BB691F7EE67: changes role from      null to FOLLOWER at term 0 for startAsFollower
2019-11-14 15:11:11,228 [pool-509-thread-1] INFO  impl.RoleInfo (RoleInfo.java:updateAndGet(143)) - 0687b932-fcaf-4ed2-b562-2cd2e9cca79c: start FollowerState
2019-11-14 15:11:11,228 [pool-519-thread-1] INFO  util.JmxRegister (JmxRegister.java:tryRegister(44)) - Successfully registered JMX Bean with object name Ratis:service=RaftServer,group=group-2BB691F7EE67,id=51e91b80-82a5-4e26-a62a-ce423dc7e82c
2019-11-14 15:11:11,228 [pool-519-thread-1] WARN  impl.MetricRegistriesImpl (MetricRegistriesImpl.java:lambda$create$1(61)) - First MetricRegistry has been created without registering reporters. You may need to call MetricRegistries.global().addReportRegistration(...) before.
2019-11-14 15:11:11,228 [pool-509-thread-1] INFO  util.JmxRegister (JmxRegister.java:tryRegister(44)) - Successfully registered JMX Bean with object name Ratis:service=RaftServer,group=group-2BB691F7EE67,id=0687b932-fcaf-4ed2-b562-2cd2e9cca79c
2019-11-14 15:11:11,228 [pool-509-thread-1] WARN  impl.MetricRegistriesImpl (MetricRegistriesImpl.java:lambda$create$1(61)) - First MetricRegistry has been created without registering reporters. You may need to call MetricRegistries.global().addReportRegistration(...) before.
2019-11-14 15:11:11,230 [RatisPipelineUtilsThread] INFO  pipeline.PipelineStateManager (PipelineStateManager.java:addPipeline(55)) - Created pipeline Pipeline[ Id: defb7391-dd1d-49e0-a0fb-2bb691f7ee67, Nodes: 452ed320-102d-439c-a110-659d2656f893{ip: 192.168.34.62, host: pr-hdds-2480-6qkg9-608321763, networkLocation: /rack1, certSerialId: null}0687b932-fcaf-4ed2-b562-2cd2e9cca79c{ip: 192.168.34.62, host: pr-hdds-2480-6qkg9-608321763, networkLocation: /rack1, certSerialId: null}51e91b80-82a5-4e26-a62a-ce423dc7e82c{ip: 192.168.34.62, host: pr-hdds-2480-6qkg9-608321763, networkLocation: /rack1, certSerialId: null}, Type:RATIS, Factor:THREE, State:ALLOCATED]
2019-11-14 15:11:11,230 [Thread-4175] INFO  pipeline.PipelineStateManager (PipelineStateManager.java:finalizePipeline(121)) - Pipeline Pipeline[ Id: 1f641f8b-b6ab-4f1c-a1b0-6c8a5e410da8, Nodes: 452ed320-102d-439c-a110-659d2656f893{ip: 192.168.34.62, host: pr-hdds-2480-6qkg9-608321763, networkLocation: /rack1, certSerialId: null}, Type:RATIS, Factor:ONE, State:CLOSED] moved to CLOSED state
2019-11-14 15:11:11,233 [grpc-default-executor-3] INFO  impl.RaftServerProxy (RaftServerProxy.java:remove(95)) - 452ed320-102d-439c-a110-659d2656f893: remove    LEADER 452ed320-102d-439c-a110-659d2656f893@group-6C8A5E410DA8:t1, leader=452ed320-102d-439c-a110-659d2656f893, voted=452ed320-102d-439c-a110-659d2656f893, raftlog=452ed320-102d-439c-a110-659d2656f893@group-6C8A5E410DA8-SegmentedRaftLog:OPENED:c0,f0,i0, conf=0: [452ed320-102d-439c-a110-659d2656f893:192.168.34.62:34711], old=null RUNNING
2019-11-14 15:11:11,233 [grpc-default-executor-3] INFO  impl.RaftServerImpl (RaftServerImpl.java:lambda$shutdown$3(250)) - 452ed320-102d-439c-a110-659d2656f893@group-6C8A5E410DA8: shutdown
2019-11-14 15:11:11,233 [grpc-default-executor-3] INFO  util.JmxRegister (JmxRegister.java:unregister(73)) - Successfully un-registered JMX Bean with object name Ratis:service=RaftServer,group=group-6C8A5E410DA8,id=452ed320-102d-439c-a110-659d2656f893
2019-11-14 15:11:11,233 [grpc-default-executor-3] INFO  impl.RoleInfo (RoleInfo.java:shutdownLeaderState(104)) - 452ed320-102d-439c-a110-659d2656f893: shutdown LeaderState
2019-11-14 15:11:11,234 [grpc-default-executor-3] INFO  impl.PendingRequests (PendingRequests.java:sendNotLeaderResponses(206)) - 452ed320-102d-439c-a110-659d2656f893@group-6C8A5E410DA8-PendingRequests: sendNotLeaderResponses
2019-11-14 15:11:11,234 [grpc-default-executor-3] INFO  impl.StateMachineUpdater (StateMachineUpdater.java:stopAndJoin(136)) - 452ed320-102d-439c-a110-659d2656f893@group-6C8A5E410DA8-StateMachineUpdater: set stopIndex = 0
2019-11-14 15:11:11,234 [grpc-default-executor-3] INFO  impl.RaftServerImpl (ServerState.java:close(387)) - 452ed320-102d-439c-a110-659d2656f893@group-6C8A5E410DA8: closes. applyIndex: 0
2019-11-14 15:11:11,234 [452ed320-102d-439c-a110-659d2656f893@group-6C8A5E410DA8-SegmentedRaftLogWorker] INFO  segmented.SegmentedRaftLogWorker (SegmentedRaftLogWorker.java:run(316)) - 452ed320-102d-439c-a110-659d2656f893@group-6C8A5E410DA8-SegmentedRaftLogWorker was interrupted, exiting. There are 0 tasks remaining in the queue.
2019-11-14 15:11:11,234 [grpc-default-executor-3] INFO  segmented.SegmentedRaftLogWorker (SegmentedRaftLogWorker.java:close(224)) - 452ed320-102d-439c-a110-659d2656f893@group-6C8A5E410DA8-SegmentedRaftLogWorker close()
2019-11-14 15:11:11,240 [Thread-4175] INFO  pipeline.PipelineStateManager (PipelineStateManager.java:removePipeline(106)) - Pipeline Pipeline[ Id: 1f641f8b-b6ab-4f1c-a1b0-6c8a5e410da8, Nodes: 452ed320-102d-439c-a110-659d2656f893{ip: 192.168.34.62, host: pr-hdds-2480-6qkg9-608321763, networkLocation: /rack1, certSerialId: null}, Type:RATIS, Factor:ONE, State:CLOSED] removed from db
2019-11-14 15:11:11,240 [Thread-4175] INFO  pipeline.SCMPipelineManager (SCMPipelineManager.java:finalizeAndDestroyPipeline(315)) - destroying pipeline:Pipeline[ Id: d19ec923-e7a2-442b-9a54-ccf71f033618, Nodes: fdb64a2a-711d-4b74-a4a4-cacd6c2cad61{ip: 192.168.34.62, host: pr-hdds-2480-6qkg9-608321763, networkLocation: /rack1, certSerialId: null}, Type:RATIS, Factor:ONE, State:OPEN]
2019-11-14 15:11:11,243 [grpc-default-executor-3] INFO  impl.RaftServerProxy (RaftServerProxy.java:addNew(89)) - 452ed320-102d-439c-a110-659d2656f893: addNew group-6EB44D4CC0F9:[452ed320-102d-439c-a110-659d2656f893:192.168.34.62:34711] returns group-6EB44D4CC0F9:java.util.concurrent.CompletableFuture@53d4a3a1[Not completed]
2019-11-14 15:11:11,244 [pool-599-thread-1] INFO  impl.RaftServerImpl (RaftServerImpl.java:<init>(98)) - 452ed320-102d-439c-a110-659d2656f893: new RaftServerImpl for group-6EB44D4CC0F9:[452ed320-102d-439c-a110-659d2656f893:192.168.34.62:34711] with ContainerStateMachine:uninitialized
2019-11-14 15:11:11,244 [pool-599-thread-1] INFO  server.RaftServerConfigKeys (ConfUtils.java:logGet(43)) - raft.server.rpc.timeout.min = 1s (custom)
2019-11-14 15:11:11,244 [pool-599-thread-1] INFO  server.RaftServerConfigKeys (ConfUtils.java:logGet(43)) - raft.server.rpc.timeout.max = 1200ms (custom)
2019-11-14 15:11:11,244 [pool-599-thread-1] INFO  server.RaftServerConfigKeys (ConfUtils.java:logGet(43)) - raft.server.rpcslowness.timeout = 120s (custom)
2019-11-14 15:11:11,245 [pool-599-thread-1] INFO  server.RaftServerConfigKeys (ConfUtils.java:logGet(43)) - raft.server.sleep.deviation.threshold = 300 (default)
2019-11-14 15:11:11,245 [pool-599-thread-1] INFO  server.RaftServerConfigKeys (ConfUtils.java:logGet(43)) - raft.server.log.appender.install.snapshot.enabled = false (custom)
2019-11-14 15:11:11,245 [pool-599-thread-1] INFO  impl.RaftServerImpl (ServerState.java:<init>(103)) - 452ed320-102d-439c-a110-659d2656f893@group-6EB44D4CC0F9: ConfigurationManager, init=-1: [452ed320-102d-439c-a110-659d2656f893:192.168.34.62:34711], old=null, confs=<EMPTY_MAP>
2019-11-14 15:11:11,245 [pool-599-thread-1] INFO  server.RaftServerConfigKeys (ConfUtils.java:logGet(43)) - raft.server.storage.dir = [/workdir/hadoop-ozone/integration-test/target/test-dir/MiniOzoneClusterImpl-5901a962-94ba-4a8b-ba12-ae811e713c7a/datanode-9/data/ratis] (custom)
2019-11-14 15:11:11,245 [pool-599-thread-1] INFO  server.RaftServerConfigKeys (ConfUtils.java:logGet(43)) - raft.server.log.corruption.policy = EXCEPTION (default)
2019-11-14 15:11:11,245 [pool-599-thread-1] INFO  storage.RaftStorageDirectory (RaftStorageDirectory.java:analyzeStorage(246)) - The storage directory /workdir/hadoop-ozone/integration-test/target/test-dir/MiniOzoneClusterImpl-5901a962-94ba-4a8b-ba12-ae811e713c7a/datanode-9/data/ratis/9d80fe62-14e5-4030-8280-6eb44d4cc0f9 does not exist. Creating ...
2019-11-14 15:11:11,257 [pool-599-thread-1] INFO  storage.RaftStorageDirectory (RaftStorageDirectory.java:tryLock(328)) - Lock on /workdir/hadoop-ozone/integration-test/target/test-dir/MiniOzoneClusterImpl-5901a962-94ba-4a8b-ba12-ae811e713c7a/datanode-9/data/ratis/9d80fe62-14e5-4030-8280-6eb44d4cc0f9/in_use.lock acquired by nodename 23875@pr-hdds-2480-6qkg9-608321763
2019-11-14 15:11:11,271 [pool-599-thread-1] INFO  storage.RaftStorage (RaftStorage.java:format(84)) - Storage directory /workdir/hadoop-ozone/integration-test/target/test-dir/MiniOzoneClusterImpl-5901a962-94ba-4a8b-ba12-ae811e713c7a/datanode-9/data/ratis/9d80fe62-14e5-4030-8280-6eb44d4cc0f9 has been successfully formatted.
2019-11-14 15:11:11,271 [pool-599-thread-1] INFO  ratis.ContainerStateMachine (ContainerStateMachine.java:loadSnapshot(223)) - group-6EB44D4CC0F9: The snapshot info is null. Setting the last applied indexto:(t:0, i:~)
2019-11-14 15:11:11,271 [pool-599-thread-1] INFO  server.RaftServerConfigKeys (ConfUtils.java:logGet(43)) - raft.server.notification.no-leader.timeout = 120s (custom)
2019-11-14 15:11:11,272 [pool-599-thread-1] INFO  server.RaftServerConfigKeys (ConfUtils.java:logGet(43)) - raft.server.log.use.memory = false (default)
2019-11-14 15:11:11,272 [pool-599-thread-1] INFO  server.RaftServerConfigKeys (ConfUtils.java:logGet(43)) - raft.server.log.purge.gap = 1000000 (custom)
2019-11-14 15:11:11,272 [pool-599-thread-1] INFO  server.RaftServerConfigKeys (ConfUtils.java:logGet(43)) - raft.server.log.appender.buffer.byte-limit = 33554432 (custom)
2019-11-14 15:11:11,272 [pool-599-thread-1] INFO  server.RaftServerConfigKeys (ConfUtils.java:logGet(43)) - raft.server.log.segment.size.max = 1048576 (custom)
2019-11-14 15:11:11,273 [pool-599-thread-1] INFO  server.RaftServerConfigKeys (ConfUtils.java:logGet(43)) - raft.server.log.segment.cache.num.max = 2 (custom)
2019-11-14 15:11:11,273 [pool-599-thread-1] INFO  segmented.SegmentedRaftLogWorker (SegmentedRaftLogWorker.java:<init>(173)) - new 452ed320-102d-439c-a110-659d2656f893@group-6EB44D4CC0F9-SegmentedRaftLogWorker for RaftStorage:Storage Directory /workdir/hadoop-ozone/integration-test/target/test-dir/MiniOzoneClusterImpl-5901a962-94ba-4a8b-ba12-ae811e713c7a/datanode-9/data/ratis/9d80fe62-14e5-4030-8280-6eb44d4cc0f9
2019-11-14 15:11:11,273 [pool-599-thread-1] INFO  server.RaftServerConfigKeys (ConfUtils.java:logGet(43)) - raft.server.log.queue.byte-limit = 2147483647 (custom)
2019-11-14 15:11:11,273 [pool-599-thread-1] INFO  server.RaftServerConfigKeys (ConfUtils.java:logGet(43)) - raft.server.log.queue.element-limit = 1024 (custom)
2019-11-14 15:11:11,274 [pool-599-thread-1] INFO  server.RaftServerConfigKeys (ConfUtils.java:logGet(43)) - raft.server.log.segment.size.max = 1048576 (custom)
2019-11-14 15:11:11,274 [pool-599-thread-1] INFO  server.RaftServerConfigKeys (ConfUtils.java:logGet(43)) - raft.server.log.preallocated.size = 16384 (custom)
2019-11-14 15:11:11,274 [pool-599-thread-1] INFO  server.RaftServerConfigKeys (ConfUtils.java:logGet(43)) - raft.server.log.write.buffer.size = 33554432 (custom)
2019-11-14 15:11:11,274 [pool-599-thread-1] INFO  server.RaftServerConfigKeys (ConfUtils.java:logGet(43)) - raft.server.log.force.sync.num = 128 (default)
2019-11-14 15:11:11,274 [pool-599-thread-1] INFO  server.RaftServerConfigKeys (ConfUtils.java:logGet(43)) - raft.server.log.statemachine.data.sync = true (default)
2019-11-14 15:11:11,275 [pool-599-thread-1] INFO  server.RaftServerConfigKeys (ConfUtils.java:logGet(43)) - raft.server.log.statemachine.data.sync.timeout = 10s (default)
2019-11-14 15:11:11,275 [pool-599-thread-1] INFO  server.RaftServerConfigKeys (ConfUtils.java:logGet(43)) - raft.server.log.statemachine.data.sync.timeout.retry = -1 (default)
2019-11-14 15:11:11,275 [pool-599-thread-1] INFO  server.RaftServerConfigKeys (ConfUtils.java:logGet(43)) - raft.server.log.statemachine.data.caching.enabled = true (custom)
2019-11-14 15:11:11,275 [pool-599-thread-1] INFO  segmented.SegmentedRaftLogWorker (SegmentedRaftLogWorker.java:lambda$new$0(128)) - 452ed320-102d-439c-a110-659d2656f893@group-6EB44D4CC0F9-SegmentedRaftLogWorker: flushIndex: setUnconditionally 0 -> -1
2019-11-14 15:11:11,276 [pool-599-thread-1] INFO  server.RaftServerConfigKeys (ConfUtils.java:logGet(43)) - raft.server.snapshot.auto.trigger.enabled = true (custom)
2019-11-14 15:11:11,276 [pool-599-thread-1] INFO  server.RaftServerConfigKeys (ConfUtils.java:logGet(43)) - raft.server.snapshot.auto.trigger.threshold = 10000 (custom)
2019-11-14 15:11:11,276 [pool-599-thread-1] INFO  server.RaftServerConfigKeys (ConfUtils.java:logGet(43)) - raft.server.snapshot.retention.file.num = 5 (custom)
2019-11-14 15:11:11,276 [pool-599-thread-1] INFO  server.RaftServerConfigKeys (ConfUtils.java:logGet(43)) - raft.server.retrycache.expirytime = 600000ms (custom)
2019-11-14 15:11:11,276 [pool-599-thread-1] WARN  impl.MetricRegistriesImpl (MetricRegistriesImpl.java:lambda$create$1(61)) - First MetricRegistry has been created without registering reporters. You may need to call MetricRegistries.global().addReportRegistration(...) before.
2019-11-14 15:11:11,277 [pool-599-thread-1] WARN  impl.MetricRegistriesImpl (MetricRegistriesImpl.java:lambda$create$1(61)) - First MetricRegistry has been created without registering reporters. You may need to call MetricRegistries.global().addReportRegistration(...) before.
2019-11-14 15:11:11,277 [pool-599-thread-1] INFO  impl.RaftServerImpl (RaftServerImpl.java:start(184)) - 452ed320-102d-439c-a110-659d2656f893@group-6EB44D4CC0F9: start as a follower, conf=-1: [452ed320-102d-439c-a110-659d2656f893:192.168.34.62:34711], old=null
2019-11-14 15:11:11,277 [pool-599-thread-1] INFO  impl.RaftServerImpl (RaftServerImpl.java:setRole(173)) - 452ed320-102d-439c-a110-659d2656f893@group-6EB44D4CC0F9: changes role from      null to FOLLOWER at term 0 for startAsFollower
2019-11-14 15:11:11,277 [pool-599-thread-1] INFO  impl.RoleInfo (RoleInfo.java:updateAndGet(143)) - 452ed320-102d-439c-a110-659d2656f893: start FollowerState
2019-11-14 15:11:11,278 [pool-599-thread-1] INFO  util.JmxRegister (JmxRegister.java:tryRegister(44)) - Successfully registered JMX Bean with object name Ratis:service=RaftServer,group=group-6EB44D4CC0F9,id=452ed320-102d-439c-a110-659d2656f893
2019-11-14 15:11:11,278 [pool-599-thread-1] WARN  impl.MetricRegistriesImpl (MetricRegistriesImpl.java:lambda$create$1(61)) - First MetricRegistry has been created without registering reporters. You may need to call MetricRegistries.global().addReportRegistration(...) before.
2019-11-14 15:11:11,279 [RatisPipelineUtilsThread] INFO  pipeline.PipelineStateManager (PipelineStateManager.java:addPipeline(55)) - Created pipeline Pipeline[ Id: 9d80fe62-14e5-4030-8280-6eb44d4cc0f9, Nodes: 452ed320-102d-439c-a110-659d2656f893{ip: 192.168.34.62, host: pr-hdds-2480-6qkg9-608321763, networkLocation: /rack1, certSerialId: null}, Type:RATIS, Factor:ONE, State:ALLOCATED]
2019-11-14 15:11:11,280 [Thread-4175] INFO  pipeline.PipelineStateManager (PipelineStateManager.java:finalizePipeline(121)) - Pipeline Pipeline[ Id: d19ec923-e7a2-442b-9a54-ccf71f033618, Nodes: fdb64a2a-711d-4b74-a4a4-cacd6c2cad61{ip: 192.168.34.62, host: pr-hdds-2480-6qkg9-608321763, networkLocation: /rack1, certSerialId: null}, Type:RATIS, Factor:ONE, State:CLOSED] moved to CLOSED state
2019-11-14 15:11:11,285 [grpc-default-executor-3] INFO  impl.RaftServerProxy (RaftServerProxy.java:remove(95)) - fdb64a2a-711d-4b74-a4a4-cacd6c2cad61: remove    LEADER fdb64a2a-711d-4b74-a4a4-cacd6c2cad61@group-CCF71F033618:t1, leader=fdb64a2a-711d-4b74-a4a4-cacd6c2cad61, voted=fdb64a2a-711d-4b74-a4a4-cacd6c2cad61, raftlog=fdb64a2a-711d-4b74-a4a4-cacd6c2cad61@group-CCF71F033618-SegmentedRaftLog:OPENED:c0,f0,i0, conf=0: [fdb64a2a-711d-4b74-a4a4-cacd6c2cad61:192.168.34.62:37913], old=null RUNNING
2019-11-14 15:11:11,285 [grpc-default-executor-3] INFO  impl.RaftServerImpl (RaftServerImpl.java:lambda$shutdown$3(250)) - fdb64a2a-711d-4b74-a4a4-cacd6c2cad61@group-CCF71F033618: shutdown
2019-11-14 15:11:11,286 [grpc-default-executor-3] INFO  util.JmxRegister (JmxRegister.java:unregister(73)) - Successfully un-registered JMX Bean with object name Ratis:service=RaftServer,group=group-CCF71F033618,id=fdb64a2a-711d-4b74-a4a4-cacd6c2cad61
2019-11-14 15:11:11,286 [grpc-default-executor-3] INFO  impl.RoleInfo (RoleInfo.java:shutdownLeaderState(104)) - fdb64a2a-711d-4b74-a4a4-cacd6c2cad61: shutdown LeaderState
2019-11-14 15:11:11,286 [grpc-default-executor-3] INFO  impl.PendingRequests (PendingRequests.java:sendNotLeaderResponses(206)) - fdb64a2a-711d-4b74-a4a4-cacd6c2cad61@group-CCF71F033618-PendingRequests: sendNotLeaderResponses
2019-11-14 15:11:11,286 [grpc-default-executor-3] INFO  impl.StateMachineUpdater (StateMachineUpdater.java:stopAndJoin(136)) - fdb64a2a-711d-4b74-a4a4-cacd6c2cad61@group-CCF71F033618-StateMachineUpdater: set stopIndex = 0
2019-11-14 15:11:11,286 [grpc-default-executor-3] INFO  impl.RaftServerImpl (ServerState.java:close(387)) - fdb64a2a-711d-4b74-a4a4-cacd6c2cad61@group-CCF71F033618: closes. applyIndex: 0
2019-11-14 15:11:11,286 [fdb64a2a-711d-4b74-a4a4-cacd6c2cad61@group-CCF71F033618-SegmentedRaftLogWorker] INFO  segmented.SegmentedRaftLogWorker (SegmentedRaftLogWorker.java:run(316)) - fdb64a2a-711d-4b74-a4a4-cacd6c2cad61@group-CCF71F033618-SegmentedRaftLogWorker was interrupted, exiting. There are 0 tasks remaining in the queue.
2019-11-14 15:11:11,287 [grpc-default-executor-3] INFO  segmented.SegmentedRaftLogWorker (SegmentedRaftLogWorker.java:close(224)) - fdb64a2a-711d-4b74-a4a4-cacd6c2cad61@group-CCF71F033618-SegmentedRaftLogWorker close()
2019-11-14 15:11:11,292 [Thread-4175] INFO  pipeline.PipelineStateManager (PipelineStateManager.java:removePipeline(106)) - Pipeline Pipeline[ Id: d19ec923-e7a2-442b-9a54-ccf71f033618, Nodes: fdb64a2a-711d-4b74-a4a4-cacd6c2cad61{ip: 192.168.34.62, host: pr-hdds-2480-6qkg9-608321763, networkLocation: /rack1, certSerialId: null}, Type:RATIS, Factor:ONE, State:CLOSED] removed from db
2019-11-14 15:11:11,292 [Thread-4175] INFO  pipeline.SCMPipelineManager (SCMPipelineManager.java:finalizeAndDestroyPipeline(315)) - destroying pipeline:Pipeline[ Id: fbd092a1-625e-4a8b-b267-d41c583fe8ec, Nodes: c45d92cd-1d84-4e39-b22b-e775d9180271{ip: 192.168.34.62, host: pr-hdds-2480-6qkg9-608321763, networkLocation: /rack1, certSerialId: null}9ce1968d-df6d-4251-8f68-caf53c6f1d3e{ip: 192.168.34.62, host: pr-hdds-2480-6qkg9-608321763, networkLocation: /rack1, certSerialId: null}69447648-1360-460f-862e-b843b6813c61{ip: 192.168.34.62, host: pr-hdds-2480-6qkg9-608321763, networkLocation: /rack1, certSerialId: null}, Type:RATIS, Factor:THREE, State:OPEN]
2019-11-14 15:11:11,296 [grpc-default-executor-6] INFO  impl.RaftServerProxy (RaftServerProxy.java:addNew(89)) - fdb64a2a-711d-4b74-a4a4-cacd6c2cad61: addNew group-FFE93E8AA885:[fdb64a2a-711d-4b74-a4a4-cacd6c2cad61:192.168.34.62:37913] returns group-FFE93E8AA885:java.util.concurrent.CompletableFuture@5b5a6517[Not completed]
2019-11-14 15:11:11,297 [pool-569-thread-1] INFO  impl.RaftServerImpl (RaftServerImpl.java:<init>(98)) - fdb64a2a-711d-4b74-a4a4-cacd6c2cad61: new RaftServerImpl for group-FFE93E8AA885:[fdb64a2a-711d-4b74-a4a4-cacd6c2cad61:192.168.34.62:37913] with ContainerStateMachine:uninitialized
2019-11-14 15:11:11,297 [pool-569-thread-1] INFO  server.RaftServerConfigKeys (ConfUtils.java:logGet(43)) - raft.server.rpc.timeout.min = 1s (custom)
2019-11-14 15:11:11,297 [pool-569-thread-1] INFO  server.RaftServerConfigKeys (ConfUtils.java:logGet(43)) - raft.server.rpc.timeout.max = 1200ms (custom)
2019-11-14 15:11:11,297 [pool-569-thread-1] INFO  server.RaftServerConfigKeys (ConfUtils.java:logGet(43)) - raft.server.rpcslowness.timeout = 120s (custom)
2019-11-14 15:11:11,297 [pool-569-thread-1] INFO  server.RaftServerConfigKeys (ConfUtils.java:logGet(43)) - raft.server.sleep.deviation.threshold = 300 (default)
2019-11-14 15:11:11,297 [pool-569-thread-1] INFO  server.RaftServerConfigKeys (ConfUtils.java:logGet(43)) - raft.server.log.appender.install.snapshot.enabled = false (custom)
2019-11-14 15:11:11,297 [pool-569-thread-1] INFO  impl.RaftServerImpl (ServerState.java:<init>(103)) - fdb64a2a-711d-4b74-a4a4-cacd6c2cad61@group-FFE93E8AA885: ConfigurationManager, init=-1: [fdb64a2a-711d-4b74-a4a4-cacd6c2cad61:192.168.34.62:37913], old=null, confs=<EMPTY_MAP>
2019-11-14 15:11:11,297 [pool-569-thread-1] INFO  server.RaftServerConfigKeys (ConfUtils.java:logGet(43)) - raft.server.storage.dir = [/workdir/hadoop-ozone/integration-test/target/test-dir/MiniOzoneClusterImpl-5901a962-94ba-4a8b-ba12-ae811e713c7a/datanode-6/data/ratis] (custom)
2019-11-14 15:11:11,298 [pool-569-thread-1] INFO  server.RaftServerConfigKeys (ConfUtils.java:logGet(43)) - raft.server.log.corruption.policy = EXCEPTION (default)
2019-11-14 15:11:11,298 [pool-569-thread-1] INFO  storage.RaftStorageDirectory (RaftStorageDirectory.java:analyzeStorage(246)) - The storage directory /workdir/hadoop-ozone/integration-test/target/test-dir/MiniOzoneClusterImpl-5901a962-94ba-4a8b-ba12-ae811e713c7a/datanode-6/data/ratis/13d2fa82-8a9a-4fad-9bf5-ffe93e8aa885 does not exist. Creating ...
2019-11-14 15:11:11,305 [pool-569-thread-1] INFO  storage.RaftStorageDirectory (RaftStorageDirectory.java:tryLock(328)) - Lock on /workdir/hadoop-ozone/integration-test/target/test-dir/MiniOzoneClusterImpl-5901a962-94ba-4a8b-ba12-ae811e713c7a/datanode-6/data/ratis/13d2fa82-8a9a-4fad-9bf5-ffe93e8aa885/in_use.lock acquired by nodename 23875@pr-hdds-2480-6qkg9-608321763
2019-11-14 15:11:11,336 [pool-569-thread-1] INFO  storage.RaftStorage (RaftStorage.java:format(84)) - Storage directory /workdir/hadoop-ozone/integration-test/target/test-dir/MiniOzoneClusterImpl-5901a962-94ba-4a8b-ba12-ae811e713c7a/datanode-6/data/ratis/13d2fa82-8a9a-4fad-9bf5-ffe93e8aa885 has been successfully formatted.
2019-11-14 15:11:11,336 [pool-569-thread-1] INFO  ratis.ContainerStateMachine (ContainerStateMachine.java:loadSnapshot(223)) - group-FFE93E8AA885: The snapshot info is null. Setting the last applied indexto:(t:0, i:~)
2019-11-14 15:11:11,337 [pool-569-thread-1] INFO  server.RaftServerConfigKeys (ConfUtils.java:logGet(43)) - raft.server.notification.no-leader.timeout = 120s (custom)
2019-11-14 15:11:11,337 [pool-569-thread-1] INFO  server.RaftServerConfigKeys (ConfUtils.java:logGet(43)) - raft.server.log.use.memory = false (default)
2019-11-14 15:11:11,337 [pool-569-thread-1] INFO  server.RaftServerConfigKeys (ConfUtils.java:logGet(43)) - raft.server.log.purge.gap = 1000000 (custom)
2019-11-14 15:11:11,337 [pool-569-thread-1] INFO  server.RaftServerConfigKeys (ConfUtils.java:logGet(43)) - raft.server.log.appender.buffer.byte-limit = 33554432 (custom)
2019-11-14 15:11:11,337 [pool-569-thread-1] INFO  server.RaftServerConfigKeys (ConfUtils.java:logGet(43)) - raft.server.log.segment.size.max = 1048576 (custom)
2019-11-14 15:11:11,337 [pool-569-thread-1] INFO  server.RaftServerConfigKeys (ConfUtils.java:logGet(43)) - raft.server.log.segment.cache.num.max = 2 (custom)
2019-11-14 15:11:11,337 [pool-569-thread-1] INFO  segmented.SegmentedRaftLogWorker (SegmentedRaftLogWorker.java:<init>(173)) - new fdb64a2a-711d-4b74-a4a4-cacd6c2cad61@group-FFE93E8AA885-SegmentedRaftLogWorker for RaftStorage:Storage Directory /workdir/hadoop-ozone/integration-test/target/test-dir/MiniOzoneClusterImpl-5901a962-94ba-4a8b-ba12-ae811e713c7a/datanode-6/data/ratis/13d2fa82-8a9a-4fad-9bf5-ffe93e8aa885
2019-11-14 15:11:11,338 [pool-569-thread-1] INFO  server.RaftServerConfigKeys (ConfUtils.java:logGet(43)) - raft.server.log.queue.byte-limit = 2147483647 (custom)
2019-11-14 15:11:11,338 [pool-569-thread-1] INFO  server.RaftServerConfigKeys (ConfUtils.java:logGet(43)) - raft.server.log.queue.element-limit = 1024 (custom)
2019-11-14 15:11:11,338 [pool-569-thread-1] INFO  server.RaftServerConfigKeys (ConfUtils.java:logGet(43)) - raft.server.log.segment.size.max = 1048576 (custom)
2019-11-14 15:11:11,338 [pool-569-thread-1] INFO  server.RaftServerConfigKeys (ConfUtils.java:logGet(43)) - raft.server.log.preallocated.size = 16384 (custom)
2019-11-14 15:11:11,338 [pool-569-thread-1] INFO  server.RaftServerConfigKeys (ConfUtils.java:logGet(43)) - raft.server.log.write.buffer.size = 33554432 (custom)
2019-11-14 15:11:11,338 [pool-569-thread-1] INFO  server.RaftServerConfigKeys (ConfUtils.java:logGet(43)) - raft.server.log.force.sync.num = 128 (default)
2019-11-14 15:11:11,338 [pool-569-thread-1] INFO  server.RaftServerConfigKeys (ConfUtils.java:logGet(43)) - raft.server.log.statemachine.data.sync = true (default)
2019-11-14 15:11:11,338 [pool-569-thread-1] INFO  server.RaftServerConfigKeys (ConfUtils.java:logGet(43)) - raft.server.log.statemachine.data.sync.timeout = 10s (default)
2019-11-14 15:11:11,339 [pool-569-thread-1] INFO  server.RaftServerConfigKeys (ConfUtils.java:logGet(43)) - raft.server.log.statemachine.data.sync.timeout.retry = -1 (default)
2019-11-14 15:11:11,339 [pool-569-thread-1] INFO  server.RaftServerConfigKeys (ConfUtils.java:logGet(43)) - raft.server.log.statemachine.data.caching.enabled = true (custom)
2019-11-14 15:11:11,339 [pool-569-thread-1] INFO  segmented.SegmentedRaftLogWorker (SegmentedRaftLogWorker.java:lambda$new$0(128)) - fdb64a2a-711d-4b74-a4a4-cacd6c2cad61@group-FFE93E8AA885-SegmentedRaftLogWorker: flushIndex: setUnconditionally 0 -> -1
2019-11-14 15:11:11,339 [pool-569-thread-1] INFO  server.RaftServerConfigKeys (ConfUtils.java:logGet(43)) - raft.server.snapshot.auto.trigger.enabled = true (custom)
2019-11-14 15:11:11,339 [pool-569-thread-1] INFO  server.RaftServerConfigKeys (ConfUtils.java:logGet(43)) - raft.server.snapshot.auto.trigger.threshold = 10000 (custom)
2019-11-14 15:11:11,339 [pool-569-thread-1] INFO  server.RaftServerConfigKeys (ConfUtils.java:logGet(43)) - raft.server.snapshot.retention.file.num = 5 (custom)
2019-11-14 15:11:11,339 [pool-569-thread-1] INFO  server.RaftServerConfigKeys (ConfUtils.java:logGet(43)) - raft.server.retrycache.expirytime = 600000ms (custom)
2019-11-14 15:11:11,340 [pool-569-thread-1] WARN  impl.MetricRegistriesImpl (MetricRegistriesImpl.java:lambda$create$1(61)) - First MetricRegistry has been created without registering reporters. You may need to call MetricRegistries.global().addReportRegistration(...) before.
2019-11-14 15:11:11,340 [pool-569-thread-1] WARN  impl.MetricRegistriesImpl (MetricRegistriesImpl.java:lambda$create$1(61)) - First MetricRegistry has been created without registering reporters. You may need to call MetricRegistries.global().addReportRegistration(...) before.
2019-11-14 15:11:11,340 [pool-569-thread-1] INFO  impl.RaftServerImpl (RaftServerImpl.java:start(184)) - fdb64a2a-711d-4b74-a4a4-cacd6c2cad61@group-FFE93E8AA885: start as a follower, conf=-1: [fdb64a2a-711d-4b74-a4a4-cacd6c2cad61:192.168.34.62:37913], old=null
2019-11-14 15:11:11,340 [pool-569-thread-1] INFO  impl.RaftServerImpl (RaftServerImpl.java:setRole(173)) - fdb64a2a-711d-4b74-a4a4-cacd6c2cad61@group-FFE93E8AA885: changes role from      null to FOLLOWER at term 0 for startAsFollower
2019-11-14 15:11:11,340 [pool-569-thread-1] INFO  impl.RoleInfo (RoleInfo.java:updateAndGet(143)) - fdb64a2a-711d-4b74-a4a4-cacd6c2cad61: start FollowerState
2019-11-14 15:11:11,340 [pool-569-thread-1] INFO  util.JmxRegister (JmxRegister.java:tryRegister(44)) - Successfully registered JMX Bean with object name Ratis:service=RaftServer,group=group-FFE93E8AA885,id=fdb64a2a-711d-4b74-a4a4-cacd6c2cad61
2019-11-14 15:11:11,340 [pool-569-thread-1] WARN  impl.MetricRegistriesImpl (MetricRegistriesImpl.java:lambda$create$1(61)) - First MetricRegistry has been created without registering reporters. You may need to call MetricRegistries.global().addReportRegistration(...) before.
2019-11-14 15:11:11,342 [RatisPipelineUtilsThread] INFO  pipeline.PipelineStateManager (PipelineStateManager.java:addPipeline(55)) - Created pipeline Pipeline[ Id: 13d2fa82-8a9a-4fad-9bf5-ffe93e8aa885, Nodes: fdb64a2a-711d-4b74-a4a4-cacd6c2cad61{ip: 192.168.34.62, host: pr-hdds-2480-6qkg9-608321763, networkLocation: /rack1, certSerialId: null}, Type:RATIS, Factor:ONE, State:ALLOCATED]
2019-11-14 15:11:11,343 [Thread-4175] INFO  pipeline.PipelineStateManager (PipelineStateManager.java:finalizePipeline(121)) - Pipeline Pipeline[ Id: fbd092a1-625e-4a8b-b267-d41c583fe8ec, Nodes: c45d92cd-1d84-4e39-b22b-e775d9180271{ip: 192.168.34.62, host: pr-hdds-2480-6qkg9-608321763, networkLocation: /rack1, certSerialId: null}9ce1968d-df6d-4251-8f68-caf53c6f1d3e{ip: 192.168.34.62, host: pr-hdds-2480-6qkg9-608321763, networkLocation: /rack1, certSerialId: null}69447648-1360-460f-862e-b843b6813c61{ip: 192.168.34.62, host: pr-hdds-2480-6qkg9-608321763, networkLocation: /rack1, certSerialId: null}, Type:RATIS, Factor:THREE, State:CLOSED] moved to CLOSED state
2019-11-14 15:11:11,343 [EventQueue-CloseContainerForCloseContainerEventHandler] INFO  container.CloseContainerEventHandler (CloseContainerEventHandler.java:onMessage(61)) - Close container Event triggered for container : #1
2019-11-14 15:11:11,345 [grpc-default-executor-6] INFO  impl.RaftServerProxy (RaftServerProxy.java:remove(95)) - c45d92cd-1d84-4e39-b22b-e775d9180271: remove  FOLLOWER c45d92cd-1d84-4e39-b22b-e775d9180271@group-D41C583FE8EC:t1, leader=69447648-1360-460f-862e-b843b6813c61, voted=69447648-1360-460f-862e-b843b6813c61, raftlog=c45d92cd-1d84-4e39-b22b-e775d9180271@group-D41C583FE8EC-SegmentedRaftLog:OPENED:c2,f3,i4, conf=0: [69447648-1360-460f-862e-b843b6813c61:192.168.34.62:43196, 9ce1968d-df6d-4251-8f68-caf53c6f1d3e:192.168.34.62:35975, c45d92cd-1d84-4e39-b22b-e775d9180271:192.168.34.62:37954], old=null RUNNING
2019-11-14 15:11:11,345 [grpc-default-executor-6] INFO  impl.RaftServerImpl (RaftServerImpl.java:lambda$shutdown$3(250)) - c45d92cd-1d84-4e39-b22b-e775d9180271@group-D41C583FE8EC: shutdown
2019-11-14 15:11:11,346 [grpc-default-executor-6] INFO  util.JmxRegister (JmxRegister.java:unregister(73)) - Successfully un-registered JMX Bean with object name Ratis:service=RaftServer,group=group-D41C583FE8EC,id=c45d92cd-1d84-4e39-b22b-e775d9180271
2019-11-14 15:11:11,346 [grpc-default-executor-6] INFO  impl.RoleInfo (RoleInfo.java:shutdownFollowerState(121)) - c45d92cd-1d84-4e39-b22b-e775d9180271: shutdown FollowerState
2019-11-14 15:11:11,346 [grpc-default-executor-6] INFO  impl.StateMachineUpdater (StateMachineUpdater.java:stopAndJoin(136)) - c45d92cd-1d84-4e39-b22b-e775d9180271@group-D41C583FE8EC-StateMachineUpdater: set stopIndex = 2
2019-11-14 15:11:11,346 [c45d92cd-1d84-4e39-b22b-e775d9180271@group-D41C583FE8EC-StateMachineUpdater] INFO  ratis.ContainerStateMachine (ContainerStateMachine.java:takeSnapshot(285)) - group-D41C583FE8EC: Taking a snapshot at:(t:1, i:1) file /workdir/hadoop-ozone/integration-test/target/test-dir/MiniOzoneClusterImpl-5901a962-94ba-4a8b-ba12-ae811e713c7a/datanode-7/data/ratis/fbd092a1-625e-4a8b-b267-d41c583fe8ec/sm/snapshot.1_1
2019-11-14 15:11:11,346 [Thread-4280] INFO  impl.FollowerState (FollowerState.java:run(120)) - c45d92cd-1d84-4e39-b22b-e775d9180271@group-D41C583FE8EC-FollowerState was interrupted: java.lang.InterruptedException: sleep interrupted
2019-11-14 15:11:11,350 [c45d92cd-1d84-4e39-b22b-e775d9180271@group-D41C583FE8EC-StateMachineUpdater] INFO  ratis.ContainerStateMachine (ContainerStateMachine.java:takeSnapshot(296)) - group-D41C583FE8EC: Finished taking a snapshot at:(t:1, i:1) file:/workdir/hadoop-ozone/integration-test/target/test-dir/MiniOzoneClusterImpl-5901a962-94ba-4a8b-ba12-ae811e713c7a/datanode-7/data/ratis/fbd092a1-625e-4a8b-b267-d41c583fe8ec/sm/snapshot.1_1 time:5
2019-11-14 15:11:11,351 [c45d92cd-1d84-4e39-b22b-e775d9180271@group-D41C583FE8EC-StateMachineUpdater] INFO  impl.StateMachineUpdater (StateMachineUpdater.java:takeSnapshot(269)) - c45d92cd-1d84-4e39-b22b-e775d9180271@group-D41C583FE8EC-StateMachineUpdater: Took a snapshot at index 1
2019-11-14 15:11:11,351 [c45d92cd-1d84-4e39-b22b-e775d9180271@group-D41C583FE8EC-StateMachineUpdater] INFO  impl.StateMachineUpdater (StateMachineUpdater.java:lambda$new$0(84)) - c45d92cd-1d84-4e39-b22b-e775d9180271@group-D41C583FE8EC-StateMachineUpdater: snapshotIndex: updateIncreasingly -1 -> 1
2019-11-14 15:11:11,351 [c45d92cd-1d84-4e39-b22b-e775d9180271@group-D41C583FE8EC-StateMachineUpdater] INFO  ratis.ContainerStateMachine (ContainerStateMachine.java:takeSnapshot(285)) - group-D41C583FE8EC: Taking a snapshot at:(t:1, i:1) file /workdir/hadoop-ozone/integration-test/target/test-dir/MiniOzoneClusterImpl-5901a962-94ba-4a8b-ba12-ae811e713c7a/datanode-7/data/ratis/fbd092a1-625e-4a8b-b267-d41c583fe8ec/sm/snapshot.1_1
2019-11-14 15:11:11,364 [c45d92cd-1d84-4e39-b22b-e775d9180271@group-D41C583FE8EC-StateMachineUpdater] INFO  ratis.ContainerStateMachine (ContainerStateMachine.java:takeSnapshot(296)) - group-D41C583FE8EC: Finished taking a snapshot at:(t:1, i:1) file:/workdir/hadoop-ozone/integration-test/target/test-dir/MiniOzoneClusterImpl-5901a962-94ba-4a8b-ba12-ae811e713c7a/datanode-7/data/ratis/fbd092a1-625e-4a8b-b267-d41c583fe8ec/sm/snapshot.1_1 time:14
2019-11-14 15:11:11,364 [c45d92cd-1d84-4e39-b22b-e775d9180271@group-D41C583FE8EC-StateMachineUpdater] INFO  impl.StateMachineUpdater (StateMachineUpdater.java:takeSnapshot(269)) - c45d92cd-1d84-4e39-b22b-e775d9180271@group-D41C583FE8EC-StateMachineUpdater: Took a snapshot at index 1
2019-11-14 15:11:11,364 [c45d92cd-1d84-4e39-b22b-e775d9180271@group-D41C583FE8EC-StateMachineUpdater] INFO  impl.StateMachineUpdater (StateMachineUpdater.java:lambda$new$0(84)) - c45d92cd-1d84-4e39-b22b-e775d9180271@group-D41C583FE8EC-StateMachineUpdater: snapshotIndex: updateIncreasingly 1 -> 1
2019-11-14 15:11:11,365 [grpc-default-executor-6] INFO  impl.RaftServerImpl (ServerState.java:close(387)) - c45d92cd-1d84-4e39-b22b-e775d9180271@group-D41C583FE8EC: closes. applyIndex: 2
2019-11-14 15:11:11,365 [c45d92cd-1d84-4e39-b22b-e775d9180271@group-D41C583FE8EC-SegmentedRaftLogWorker] INFO  segmented.SegmentedRaftLogWorker (SegmentedRaftLogWorker.java:run(316)) - c45d92cd-1d84-4e39-b22b-e775d9180271@group-D41C583FE8EC-SegmentedRaftLogWorker was interrupted, exiting. There are 0 tasks remaining in the queue.
2019-11-14 15:11:11,365 [grpc-default-executor-6] INFO  segmented.SegmentedRaftLogWorker (SegmentedRaftLogWorker.java:close(224)) - c45d92cd-1d84-4e39-b22b-e775d9180271@group-D41C583FE8EC-SegmentedRaftLogWorker close()
2019-11-14 15:11:11,377 [Datanode State Machine Thread - 0] INFO  statemachine.DatanodeStateMachine (DatanodeStateMachine.java:lambda$startDaemon$0(350)) - Ozone container server started.
2019-11-14 15:11:11,432 [grpc-default-executor-6] INFO  interfaces.Container (KeyValueContainer.java:flushAndSyncDB(400)) - Container 1 is synced with bcsId 2.
2019-11-14 15:11:11,432 [grpc-default-executor-6] INFO  interfaces.Container (KeyValueContainer.java:flushAndSyncDB(400)) - Container 1 is synced with bcsId 2.
2019-11-14 15:11:11,445 [grpc-default-executor-6] INFO  impl.RaftServerProxy (RaftServerProxy.java:remove(95)) - 9ce1968d-df6d-4251-8f68-caf53c6f1d3e: remove  FOLLOWER 9ce1968d-df6d-4251-8f68-caf53c6f1d3e@group-D41C583FE8EC:t1, leader=69447648-1360-460f-862e-b843b6813c61, voted=9ce1968d-df6d-4251-8f68-caf53c6f1d3e, raftlog=9ce1968d-df6d-4251-8f68-caf53c6f1d3e@group-D41C583FE8EC-SegmentedRaftLog:OPENED:c2,f4,i4, conf=0: [69447648-1360-460f-862e-b843b6813c61:192.168.34.62:43196, 9ce1968d-df6d-4251-8f68-caf53c6f1d3e:192.168.34.62:35975, c45d92cd-1d84-4e39-b22b-e775d9180271:192.168.34.62:37954], old=null RUNNING
2019-11-14 15:11:11,445 [grpc-default-executor-6] INFO  impl.RaftServerImpl (RaftServerImpl.java:lambda$shutdown$3(250)) - 9ce1968d-df6d-4251-8f68-caf53c6f1d3e@group-D41C583FE8EC: shutdown
2019-11-14 15:11:11,445 [grpc-default-executor-6] INFO  util.JmxRegister (JmxRegister.java:unregister(73)) - Successfully un-registered JMX Bean with object name Ratis:service=RaftServer,group=group-D41C583FE8EC,id=9ce1968d-df6d-4251-8f68-caf53c6f1d3e
2019-11-14 15:11:11,445 [grpc-default-executor-6] INFO  impl.RoleInfo (RoleInfo.java:shutdownFollowerState(121)) - 9ce1968d-df6d-4251-8f68-caf53c6f1d3e: shutdown FollowerState
2019-11-14 15:11:11,446 [grpc-default-executor-6] INFO  impl.StateMachineUpdater (StateMachineUpdater.java:stopAndJoin(136)) - 9ce1968d-df6d-4251-8f68-caf53c6f1d3e@group-D41C583FE8EC-StateMachineUpdater: set stopIndex = 2
2019-11-14 15:11:11,446 [Thread-4284] INFO  impl.FollowerState (FollowerState.java:run(120)) - 9ce1968d-df6d-4251-8f68-caf53c6f1d3e@group-D41C583FE8EC-FollowerState was interrupted: java.lang.InterruptedException: sleep interrupted
2019-11-14 15:11:11,446 [9ce1968d-df6d-4251-8f68-caf53c6f1d3e@group-D41C583FE8EC-StateMachineUpdater] INFO  ratis.ContainerStateMachine (ContainerStateMachine.java:takeSnapshot(285)) - group-D41C583FE8EC: Taking a snapshot at:(t:1, i:2) file /workdir/hadoop-ozone/integration-test/target/test-dir/MiniOzoneClusterImpl-5901a962-94ba-4a8b-ba12-ae811e713c7a/datanode-8/data/ratis/fbd092a1-625e-4a8b-b267-d41c583fe8ec/sm/snapshot.1_2
2019-11-14 15:11:11,453 [9ce1968d-df6d-4251-8f68-caf53c6f1d3e@group-D41C583FE8EC-StateMachineUpdater] INFO  ratis.ContainerStateMachine (ContainerStateMachine.java:takeSnapshot(296)) - group-D41C583FE8EC: Finished taking a snapshot at:(t:1, i:2) file:/workdir/hadoop-ozone/integration-test/target/test-dir/MiniOzoneClusterImpl-5901a962-94ba-4a8b-ba12-ae811e713c7a/datanode-8/data/ratis/fbd092a1-625e-4a8b-b267-d41c583fe8ec/sm/snapshot.1_2 time:8
2019-11-14 15:11:11,454 [9ce1968d-df6d-4251-8f68-caf53c6f1d3e@group-D41C583FE8EC-StateMachineUpdater] INFO  impl.StateMachineUpdater (StateMachineUpdater.java:takeSnapshot(269)) - 9ce1968d-df6d-4251-8f68-caf53c6f1d3e@group-D41C583FE8EC-StateMachineUpdater: Took a snapshot at index 2
2019-11-14 15:11:11,454 [9ce1968d-df6d-4251-8f68-caf53c6f1d3e@group-D41C583FE8EC-StateMachineUpdater] INFO  impl.StateMachineUpdater (StateMachineUpdater.java:lambda$new$0(84)) - 9ce1968d-df6d-4251-8f68-caf53c6f1d3e@group-D41C583FE8EC-StateMachineUpdater: snapshotIndex: updateIncreasingly -1 -> 2
2019-11-14 15:11:11,454 [grpc-default-executor-6] INFO  impl.RaftServerImpl (ServerState.java:close(387)) - 9ce1968d-df6d-4251-8f68-caf53c6f1d3e@group-D41C583FE8EC: closes. applyIndex: 2
2019-11-14 15:11:11,454 [9ce1968d-df6d-4251-8f68-caf53c6f1d3e@group-D41C583FE8EC-SegmentedRaftLogWorker] INFO  segmented.SegmentedRaftLogWorker (SegmentedRaftLogWorker.java:run(316)) - 9ce1968d-df6d-4251-8f68-caf53c6f1d3e@group-D41C583FE8EC-SegmentedRaftLogWorker was interrupted, exiting. There are 0 tasks remaining in the queue.
2019-11-14 15:11:11,454 [grpc-default-executor-6] INFO  segmented.SegmentedRaftLogWorker (SegmentedRaftLogWorker.java:close(224)) - 9ce1968d-df6d-4251-8f68-caf53c6f1d3e@group-D41C583FE8EC-SegmentedRaftLogWorker close()
2019-11-14 15:11:11,478 [grpc-default-executor-6] INFO  interfaces.Container (KeyValueContainer.java:flushAndSyncDB(400)) - Container 1 is synced with bcsId 2.
2019-11-14 15:11:11,479 [grpc-default-executor-6] INFO  interfaces.Container (KeyValueContainer.java:flushAndSyncDB(400)) - Container 1 is synced with bcsId 2.
2019-11-14 15:11:11,493 [EventQueue-IncrementalContainerReportForIncrementalContainerReportHandler] INFO  container.IncrementalContainerReportHandler (AbstractContainerReportHandler.java:updateContainerState(171)) - Moving container #1 to QUASI_CLOSED state, datanode 9ce1968d-df6d-4251-8f68-caf53c6f1d3e{ip: 192.168.34.62, host: pr-hdds-2480-6qkg9-608321763, networkLocation: /rack1, certSerialId: null} reported QUASI_CLOSED replica.
2019-11-14 15:11:11,496 [grpc-default-executor-6] INFO  impl.RaftServerProxy (RaftServerProxy.java:remove(95)) - 69447648-1360-460f-862e-b843b6813c61: remove    LEADER 69447648-1360-460f-862e-b843b6813c61@group-D41C583FE8EC:t1, leader=69447648-1360-460f-862e-b843b6813c61, voted=69447648-1360-460f-862e-b843b6813c61, raftlog=69447648-1360-460f-862e-b843b6813c61@group-D41C583FE8EC-SegmentedRaftLog:OPENED:c4,f4,i4, conf=0: [69447648-1360-460f-862e-b843b6813c61:192.168.34.62:43196, 9ce1968d-df6d-4251-8f68-caf53c6f1d3e:192.168.34.62:35975, c45d92cd-1d84-4e39-b22b-e775d9180271:192.168.34.62:37954], old=null RUNNING
2019-11-14 15:11:11,496 [grpc-default-executor-6] INFO  impl.RaftServerImpl (RaftServerImpl.java:lambda$shutdown$3(250)) - 69447648-1360-460f-862e-b843b6813c61@group-D41C583FE8EC: shutdown
2019-11-14 15:11:11,496 [grpc-default-executor-6] INFO  util.JmxRegister (JmxRegister.java:unregister(73)) - Successfully un-registered JMX Bean with object name Ratis:service=RaftServer,group=group-D41C583FE8EC,id=69447648-1360-460f-862e-b843b6813c61
2019-11-14 15:11:11,496 [grpc-default-executor-6] INFO  impl.RoleInfo (RoleInfo.java:shutdownLeaderState(104)) - 69447648-1360-460f-862e-b843b6813c61: shutdown LeaderState
2019-11-14 15:11:11,500 [grpc-default-executor-6] INFO  impl.PendingRequests (PendingRequests.java:sendNotLeaderResponses(206)) - 69447648-1360-460f-862e-b843b6813c61@group-D41C583FE8EC-PendingRequests: sendNotLeaderResponses
2019-11-14 15:11:11,500 [org.apache.ratis.server.impl.LogAppender$AppenderDaemon$$Lambda$463/184788748@38f08e1e] WARN  server.GrpcLogAppender (GrpcLogAppender.java:mayWait(151)) - 69447648-1360-460f-862e-b843b6813c61@group-D41C583FE8EC->9ce1968d-df6d-4251-8f68-caf53c6f1d3e-GrpcLogAppender: Wait interrupted by java.lang.InterruptedException
2019-11-14 15:11:11,504 [69447648-1360-460f-862e-b843b6813c61@group-D41C583FE8EC-StateMachineUpdater] INFO  ratis.ContainerStateMachine (ContainerStateMachine.java:takeSnapshot(285)) - group-D41C583FE8EC: Taking a snapshot at:(t:1, i:4) file /workdir/hadoop-ozone/integration-test/target/test-dir/MiniOzoneClusterImpl-5901a962-94ba-4a8b-ba12-ae811e713c7a/datanode-3/data/ratis/fbd092a1-625e-4a8b-b267-d41c583fe8ec/sm/snapshot.1_4
2019-11-14 15:11:11,504 [grpc-default-executor-6] INFO  impl.StateMachineUpdater (StateMachineUpdater.java:stopAndJoin(136)) - 69447648-1360-460f-862e-b843b6813c61@group-D41C583FE8EC-StateMachineUpdater: set stopIndex = 4
2019-11-14 15:11:11,500 [org.apache.ratis.server.impl.LogAppender$AppenderDaemon$$Lambda$463/184788748@7df20764] WARN  server.GrpcLogAppender (GrpcLogAppender.java:mayWait(151)) - 69447648-1360-460f-862e-b843b6813c61@group-D41C583FE8EC->c45d92cd-1d84-4e39-b22b-e775d9180271-GrpcLogAppender: Wait interrupted by java.lang.InterruptedException
2019-11-14 15:11:11,504 [grpc-default-executor-3] INFO  server.GrpcServerProtocolService (GrpcServerProtocolService.java:onCompleted(113)) - 9ce1968d-df6d-4251-8f68-caf53c6f1d3e: Completed APPEND_ENTRIES, lastRequest: 69447648-1360-460f-862e-b843b6813c61->9ce1968d-df6d-4251-8f68-caf53c6f1d3e#7-t1, previous=(t:1, i:3), leaderCommit=2, initializing? false, entries: size=1, first=(t:1, i:4), METADATAENTRY(c2)
2019-11-14 15:11:11,505 [grpc-default-executor-3] INFO  server.GrpcServerProtocolService (GrpcServerProtocolService.java:onCompleted(113)) - c45d92cd-1d84-4e39-b22b-e775d9180271: Completed APPEND_ENTRIES, lastRequest: 69447648-1360-460f-862e-b843b6813c61->c45d92cd-1d84-4e39-b22b-e775d9180271#7-t1, previous=(t:1, i:3), leaderCommit=2, initializing? false, entries: size=1, first=(t:1, i:4), METADATAENTRY(c2)
2019-11-14 15:11:11,505 [grpc-default-executor-4] INFO  server.GrpcLogAppender (GrpcLogAppender.java:onCompleted(308)) - 69447648-1360-460f-862e-b843b6813c61@group-D41C583FE8EC->9ce1968d-df6d-4251-8f68-caf53c6f1d3e-AppendLogResponseHandler: follower responses appendEntries COMPLETED
2019-11-14 15:11:11,505 [grpc-default-executor-0] INFO  server.GrpcLogAppender (GrpcLogAppender.java:onCompleted(308)) - 69447648-1360-460f-862e-b843b6813c61@group-D41C583FE8EC->c45d92cd-1d84-4e39-b22b-e775d9180271-AppendLogResponseHandler: follower responses appendEntries COMPLETED
2019-11-14 15:11:11,505 [grpc-default-executor-4] INFO  impl.FollowerInfo (FollowerInfo.java:lambda$new$0(51)) - 69447648-1360-460f-862e-b843b6813c61@group-D41C583FE8EC->9ce1968d-df6d-4251-8f68-caf53c6f1d3e: nextIndex: updateUnconditionally 5 -> 4
2019-11-14 15:11:11,505 [grpc-default-executor-0] INFO  impl.FollowerInfo (FollowerInfo.java:lambda$new$0(51)) - 69447648-1360-460f-862e-b843b6813c61@group-D41C583FE8EC->c45d92cd-1d84-4e39-b22b-e775d9180271: nextIndex: updateUnconditionally 5 -> 4
2019-11-14 15:11:11,517 [69447648-1360-460f-862e-b843b6813c61@group-D41C583FE8EC-StateMachineUpdater] INFO  ratis.ContainerStateMachine (ContainerStateMachine.java:takeSnapshot(296)) - group-D41C583FE8EC: Finished taking a snapshot at:(t:1, i:4) file:/workdir/hadoop-ozone/integration-test/target/test-dir/MiniOzoneClusterImpl-5901a962-94ba-4a8b-ba12-ae811e713c7a/datanode-3/data/ratis/fbd092a1-625e-4a8b-b267-d41c583fe8ec/sm/snapshot.1_4 time:12
2019-11-14 15:11:11,517 [69447648-1360-460f-862e-b843b6813c61@group-D41C583FE8EC-StateMachineUpdater] INFO  impl.StateMachineUpdater (StateMachineUpdater.java:takeSnapshot(269)) - 69447648-1360-460f-862e-b843b6813c61@group-D41C583FE8EC-StateMachineUpdater: Took a snapshot at index 4
2019-11-14 15:11:11,517 [69447648-1360-460f-862e-b843b6813c61@group-D41C583FE8EC-StateMachineUpdater] INFO  impl.StateMachineUpdater (StateMachineUpdater.java:lambda$new$0(84)) - 69447648-1360-460f-862e-b843b6813c61@group-D41C583FE8EC-StateMachineUpdater: snapshotIndex: updateIncreasingly -1 -> 4
2019-11-14 15:11:11,517 [grpc-default-executor-6] INFO  impl.RaftServerImpl (ServerState.java:close(387)) - 69447648-1360-460f-862e-b843b6813c61@group-D41C583FE8EC: closes. applyIndex: 4
2019-11-14 15:11:11,517 [69447648-1360-460f-862e-b843b6813c61@group-D41C583FE8EC-SegmentedRaftLogWorker] INFO  segmented.SegmentedRaftLogWorker (SegmentedRaftLogWorker.java:run(316)) - 69447648-1360-460f-862e-b843b6813c61@group-D41C583FE8EC-SegmentedRaftLogWorker was interrupted, exiting. There are 0 tasks remaining in the queue.
2019-11-14 15:11:11,518 [grpc-default-executor-6] INFO  segmented.SegmentedRaftLogWorker (SegmentedRaftLogWorker.java:close(224)) - 69447648-1360-460f-862e-b843b6813c61@group-D41C583FE8EC-SegmentedRaftLogWorker close()
2019-11-14 15:11:11,547 [grpc-default-executor-6] INFO  interfaces.Container (KeyValueContainer.java:flushAndSyncDB(400)) - Container 1 is synced with bcsId 2.
2019-11-14 15:11:11,547 [grpc-default-executor-6] INFO  interfaces.Container (KeyValueContainer.java:flushAndSyncDB(400)) - Container 1 is synced with bcsId 2.
2019-11-14 15:11:11,564 [Thread-4175] INFO  pipeline.PipelineStateManager (PipelineStateManager.java:removePipeline(106)) - Pipeline Pipeline[ Id: fbd092a1-625e-4a8b-b267-d41c583fe8ec, Nodes: c45d92cd-1d84-4e39-b22b-e775d9180271{ip: 192.168.34.62, host: pr-hdds-2480-6qkg9-608321763, networkLocation: /rack1, certSerialId: null}9ce1968d-df6d-4251-8f68-caf53c6f1d3e{ip: 192.168.34.62, host: pr-hdds-2480-6qkg9-608321763, networkLocation: /rack1, certSerialId: null}69447648-1360-460f-862e-b843b6813c61{ip: 192.168.34.62, host: pr-hdds-2480-6qkg9-608321763, networkLocation: /rack1, certSerialId: null}, Type:RATIS, Factor:THREE, State:CLOSED] removed from db
2019-11-14 15:11:11,565 [Thread-4175] INFO  pipeline.SCMPipelineManager (SCMPipelineManager.java:finalizeAndDestroyPipeline(315)) - destroying pipeline:Pipeline[ Id: 8d721de6-ee96-4b25-8e9b-36f92b50241a, Nodes: c45d92cd-1d84-4e39-b22b-e775d9180271{ip: 192.168.34.62, host: pr-hdds-2480-6qkg9-608321763, networkLocation: /rack1, certSerialId: null}, Type:RATIS, Factor:ONE, State:OPEN]
2019-11-14 15:11:11,568 [grpc-default-executor-4] INFO  impl.RaftServerProxy (RaftServerProxy.java:addNew(89)) - 9ce1968d-df6d-4251-8f68-caf53c6f1d3e: addNew group-3EC9F60C7CC4:[ee222113-7cfa-4d93-ae35-60587bc46978:192.168.34.62:36461, 9ce1968d-df6d-4251-8f68-caf53c6f1d3e:192.168.34.62:35975, c45d92cd-1d84-4e39-b22b-e775d9180271:192.168.34.62:37954] returns group-3EC9F60C7CC4:java.util.concurrent.CompletableFuture@3816c9c5[Not completed]
2019-11-14 15:11:11,568 [grpc-default-executor-0] INFO  impl.RaftServerProxy (RaftServerProxy.java:addNew(89)) - c45d92cd-1d84-4e39-b22b-e775d9180271: addNew group-3EC9F60C7CC4:[ee222113-7cfa-4d93-ae35-60587bc46978:192.168.34.62:36461, 9ce1968d-df6d-4251-8f68-caf53c6f1d3e:192.168.34.62:35975, c45d92cd-1d84-4e39-b22b-e775d9180271:192.168.34.62:37954] returns group-3EC9F60C7CC4:java.util.concurrent.CompletableFuture@12231ee8[Not completed]
2019-11-14 15:11:11,568 [grpc-default-executor-6] INFO  impl.RaftServerProxy (RaftServerProxy.java:addNew(89)) - ee222113-7cfa-4d93-ae35-60587bc46978: addNew group-3EC9F60C7CC4:[ee222113-7cfa-4d93-ae35-60587bc46978:192.168.34.62:36461, 9ce1968d-df6d-4251-8f68-caf53c6f1d3e:192.168.34.62:35975, c45d92cd-1d84-4e39-b22b-e775d9180271:192.168.34.62:37954] returns group-3EC9F60C7CC4:java.util.concurrent.CompletableFuture@19e2f1a5[Not completed]
2019-11-14 15:11:11,569 [pool-589-thread-1] INFO  impl.RaftServerImpl (RaftServerImpl.java:<init>(98)) - 9ce1968d-df6d-4251-8f68-caf53c6f1d3e: new RaftServerImpl for group-3EC9F60C7CC4:[ee222113-7cfa-4d93-ae35-60587bc46978:192.168.34.62:36461, 9ce1968d-df6d-4251-8f68-caf53c6f1d3e:192.168.34.62:35975, c45d92cd-1d84-4e39-b22b-e775d9180271:192.168.34.62:37954] with ContainerStateMachine:uninitialized
2019-11-14 15:11:11,569 [pool-589-thread-1] INFO  server.RaftServerConfigKeys (ConfUtils.java:logGet(43)) - raft.server.rpc.timeout.min = 1s (custom)
2019-11-14 15:11:11,570 [pool-589-thread-1] INFO  server.RaftServerConfigKeys (ConfUtils.java:logGet(43)) - raft.server.rpc.timeout.max = 1200ms (custom)
2019-11-14 15:11:11,570 [pool-589-thread-1] INFO  server.RaftServerConfigKeys (ConfUtils.java:logGet(43)) - raft.server.rpcslowness.timeout = 120s (custom)
2019-11-14 15:11:11,570 [pool-589-thread-1] INFO  server.RaftServerConfigKeys (ConfUtils.java:logGet(43)) - raft.server.sleep.deviation.threshold = 300 (default)
2019-11-14 15:11:11,570 [pool-589-thread-1] INFO  server.RaftServerConfigKeys (ConfUtils.java:logGet(43)) - raft.server.log.appender.install.snapshot.enabled = false (custom)
2019-11-14 15:11:11,570 [pool-589-thread-1] INFO  impl.RaftServerImpl (ServerState.java:<init>(103)) - 9ce1968d-df6d-4251-8f68-caf53c6f1d3e@group-3EC9F60C7CC4: ConfigurationManager, init=-1: [ee222113-7cfa-4d93-ae35-60587bc46978:192.168.34.62:36461, 9ce1968d-df6d-4251-8f68-caf53c6f1d3e:192.168.34.62:35975, c45d92cd-1d84-4e39-b22b-e775d9180271:192.168.34.62:37954], old=null, confs=<EMPTY_MAP>
2019-11-14 15:11:11,570 [pool-589-thread-1] INFO  server.RaftServerConfigKeys (ConfUtils.java:logGet(43)) - raft.server.storage.dir = [/workdir/hadoop-ozone/integration-test/target/test-dir/MiniOzoneClusterImpl-5901a962-94ba-4a8b-ba12-ae811e713c7a/datanode-8/data/ratis] (custom)
2019-11-14 15:11:11,570 [pool-589-thread-1] INFO  server.RaftServerConfigKeys (ConfUtils.java:logGet(43)) - raft.server.log.corruption.policy = EXCEPTION (default)
2019-11-14 15:11:11,570 [pool-589-thread-1] INFO  storage.RaftStorageDirectory (RaftStorageDirectory.java:analyzeStorage(246)) - The storage directory /workdir/hadoop-ozone/integration-test/target/test-dir/MiniOzoneClusterImpl-5901a962-94ba-4a8b-ba12-ae811e713c7a/datanode-8/data/ratis/a0e51885-45bc-410a-82ac-3ec9f60c7cc4 does not exist. Creating ...
2019-11-14 15:11:11,570 [pool-529-thread-1] INFO  impl.RaftServerImpl (RaftServerImpl.java:<init>(98)) - ee222113-7cfa-4d93-ae35-60587bc46978: new RaftServerImpl for group-3EC9F60C7CC4:[ee222113-7cfa-4d93-ae35-60587bc46978:192.168.34.62:36461, 9ce1968d-df6d-4251-8f68-caf53c6f1d3e:192.168.34.62:35975, c45d92cd-1d84-4e39-b22b-e775d9180271:192.168.34.62:37954] with ContainerStateMachine:uninitialized
2019-11-14 15:11:11,571 [pool-529-thread-1] INFO  server.RaftServerConfigKeys (ConfUtils.java:logGet(43)) - raft.server.rpc.timeout.min = 1s (custom)
2019-11-14 15:11:11,571 [pool-529-thread-1] INFO  server.RaftServerConfigKeys (ConfUtils.java:logGet(43)) - raft.server.rpc.timeout.max = 1200ms (custom)
2019-11-14 15:11:11,571 [pool-529-thread-1] INFO  server.RaftServerConfigKeys (ConfUtils.java:logGet(43)) - raft.server.rpcslowness.timeout = 120s (custom)
2019-11-14 15:11:11,571 [pool-529-thread-1] INFO  server.RaftServerConfigKeys (ConfUtils.java:logGet(43)) - raft.server.sleep.deviation.threshold = 300 (default)
2019-11-14 15:11:11,571 [pool-529-thread-1] INFO  server.RaftServerConfigKeys (ConfUtils.java:logGet(43)) - raft.server.log.appender.install.snapshot.enabled = false (custom)
2019-11-14 15:11:11,571 [pool-579-thread-1] INFO  impl.RaftServerImpl (RaftServerImpl.java:<init>(98)) - c45d92cd-1d84-4e39-b22b-e775d9180271: new RaftServerImpl for group-3EC9F60C7CC4:[ee222113-7cfa-4d93-ae35-60587bc46978:192.168.34.62:36461, 9ce1968d-df6d-4251-8f68-caf53c6f1d3e:192.168.34.62:35975, c45d92cd-1d84-4e39-b22b-e775d9180271:192.168.34.62:37954] with ContainerStateMachine:uninitialized
2019-11-14 15:11:11,571 [pool-529-thread-1] INFO  impl.RaftServerImpl (ServerState.java:<init>(103)) - ee222113-7cfa-4d93-ae35-60587bc46978@group-3EC9F60C7CC4: ConfigurationManager, init=-1: [ee222113-7cfa-4d93-ae35-60587bc46978:192.168.34.62:36461, 9ce1968d-df6d-4251-8f68-caf53c6f1d3e:192.168.34.62:35975, c45d92cd-1d84-4e39-b22b-e775d9180271:192.168.34.62:37954], old=null, confs=<EMPTY_MAP>
2019-11-14 15:11:11,571 [pool-579-thread-1] INFO  server.RaftServerConfigKeys (ConfUtils.java:logGet(43)) - raft.server.rpc.timeout.min = 1s (custom)
2019-11-14 15:11:11,572 [pool-529-thread-1] INFO  server.RaftServerConfigKeys (ConfUtils.java:logGet(43)) - raft.server.storage.dir = [/workdir/hadoop-ozone/integration-test/target/test-dir/MiniOzoneClusterImpl-5901a962-94ba-4a8b-ba12-ae811e713c7a/datanode-2/data/ratis] (custom)
2019-11-14 15:11:11,572 [pool-579-thread-1] INFO  server.RaftServerConfigKeys (ConfUtils.java:logGet(43)) - raft.server.rpc.timeout.max = 1200ms (custom)
2019-11-14 15:11:11,572 [pool-579-thread-1] INFO  server.RaftServerConfigKeys (ConfUtils.java:logGet(43)) - raft.server.rpcslowness.timeout = 120s (custom)
2019-11-14 15:11:11,572 [pool-529-thread-1] INFO  server.RaftServerConfigKeys (ConfUtils.java:logGet(43)) - raft.server.log.corruption.policy = EXCEPTION (default)
2019-11-14 15:11:11,572 [pool-579-thread-1] INFO  server.RaftServerConfigKeys (ConfUtils.java:logGet(43)) - raft.server.sleep.deviation.threshold = 300 (default)
2019-11-14 15:11:11,572 [pool-529-thread-1] INFO  storage.RaftStorageDirectory (RaftStorageDirectory.java:analyzeStorage(246)) - The storage directory /workdir/hadoop-ozone/integration-test/target/test-dir/MiniOzoneClusterImpl-5901a962-94ba-4a8b-ba12-ae811e713c7a/datanode-2/data/ratis/a0e51885-45bc-410a-82ac-3ec9f60c7cc4 does not exist. Creating ...
2019-11-14 15:11:11,572 [pool-579-thread-1] INFO  server.RaftServerConfigKeys (ConfUtils.java:logGet(43)) - raft.server.log.appender.install.snapshot.enabled = false (custom)
2019-11-14 15:11:11,573 [pool-579-thread-1] INFO  impl.RaftServerImpl (ServerState.java:<init>(103)) - c45d92cd-1d84-4e39-b22b-e775d9180271@group-3EC9F60C7CC4: ConfigurationManager, init=-1: [ee222113-7cfa-4d93-ae35-60587bc46978:192.168.34.62:36461, 9ce1968d-df6d-4251-8f68-caf53c6f1d3e:192.168.34.62:35975, c45d92cd-1d84-4e39-b22b-e775d9180271:192.168.34.62:37954], old=null, confs=<EMPTY_MAP>
2019-11-14 15:11:11,573 [pool-579-thread-1] INFO  server.RaftServerConfigKeys (ConfUtils.java:logGet(43)) - raft.server.storage.dir = [/workdir/hadoop-ozone/integration-test/target/test-dir/MiniOzoneClusterImpl-5901a962-94ba-4a8b-ba12-ae811e713c7a/datanode-7/data/ratis] (custom)
2019-11-14 15:11:11,573 [pool-579-thread-1] INFO  server.RaftServerConfigKeys (ConfUtils.java:logGet(43)) - raft.server.log.corruption.policy = EXCEPTION (default)
2019-11-14 15:11:11,574 [pool-579-thread-1] INFO  storage.RaftStorageDirectory (RaftStorageDirectory.java:analyzeStorage(246)) - The storage directory /workdir/hadoop-ozone/integration-test/target/test-dir/MiniOzoneClusterImpl-5901a962-94ba-4a8b-ba12-ae811e713c7a/datanode-7/data/ratis/a0e51885-45bc-410a-82ac-3ec9f60c7cc4 does not exist. Creating ...
2019-11-14 15:11:11,577 [pool-589-thread-1] INFO  storage.RaftStorageDirectory (RaftStorageDirectory.java:tryLock(328)) - Lock on /workdir/hadoop-ozone/integration-test/target/test-dir/MiniOzoneClusterImpl-5901a962-94ba-4a8b-ba12-ae811e713c7a/datanode-8/data/ratis/a0e51885-45bc-410a-82ac-3ec9f60c7cc4/in_use.lock acquired by nodename 23875@pr-hdds-2480-6qkg9-608321763
2019-11-14 15:11:11,577 [pool-529-thread-1] INFO  storage.RaftStorageDirectory (RaftStorageDirectory.java:tryLock(328)) - Lock on /workdir/hadoop-ozone/integration-test/target/test-dir/MiniOzoneClusterImpl-5901a962-94ba-4a8b-ba12-ae811e713c7a/datanode-2/data/ratis/a0e51885-45bc-410a-82ac-3ec9f60c7cc4/in_use.lock acquired by nodename 23875@pr-hdds-2480-6qkg9-608321763
2019-11-14 15:11:11,579 [pool-579-thread-1] INFO  storage.RaftStorageDirectory (RaftStorageDirectory.java:tryLock(328)) - Lock on /workdir/hadoop-ozone/integration-test/target/test-dir/MiniOzoneClusterImpl-5901a962-94ba-4a8b-ba12-ae811e713c7a/datanode-7/data/ratis/a0e51885-45bc-410a-82ac-3ec9f60c7cc4/in_use.lock acquired by nodename 23875@pr-hdds-2480-6qkg9-608321763
2019-11-14 15:11:11,579 [pool-589-thread-1] INFO  storage.RaftStorage (RaftStorage.java:format(84)) - Storage directory /workdir/hadoop-ozone/integration-test/target/test-dir/MiniOzoneClusterImpl-5901a962-94ba-4a8b-ba12-ae811e713c7a/datanode-8/data/ratis/a0e51885-45bc-410a-82ac-3ec9f60c7cc4 has been successfully formatted.
2019-11-14 15:11:11,580 [pool-589-thread-1] INFO  ratis.ContainerStateMachine (ContainerStateMachine.java:loadSnapshot(223)) - group-3EC9F60C7CC4: The snapshot info is null. Setting the last applied indexto:(t:0, i:~)
2019-11-14 15:11:11,580 [pool-589-thread-1] INFO  server.RaftServerConfigKeys (ConfUtils.java:logGet(43)) - raft.server.notification.no-leader.timeout = 120s (custom)
2019-11-14 15:11:11,580 [pool-589-thread-1] INFO  server.RaftServerConfigKeys (ConfUtils.java:logGet(43)) - raft.server.log.use.memory = false (default)
2019-11-14 15:11:11,580 [pool-589-thread-1] INFO  server.RaftServerConfigKeys (ConfUtils.java:logGet(43)) - raft.server.log.purge.gap = 1000000 (custom)
2019-11-14 15:11:11,580 [pool-589-thread-1] INFO  server.RaftServerConfigKeys (ConfUtils.java:logGet(43)) - raft.server.log.appender.buffer.byte-limit = 33554432 (custom)
2019-11-14 15:11:11,580 [pool-589-thread-1] INFO  server.RaftServerConfigKeys (ConfUtils.java:logGet(43)) - raft.server.log.segment.size.max = 1048576 (custom)
2019-11-14 15:11:11,580 [pool-589-thread-1] INFO  server.RaftServerConfigKeys (ConfUtils.java:logGet(43)) - raft.server.log.segment.cache.num.max = 2 (custom)
2019-11-14 15:11:11,580 [pool-589-thread-1] INFO  segmented.SegmentedRaftLogWorker (SegmentedRaftLogWorker.java:<init>(173)) - new 9ce1968d-df6d-4251-8f68-caf53c6f1d3e@group-3EC9F60C7CC4-SegmentedRaftLogWorker for RaftStorage:Storage Directory /workdir/hadoop-ozone/integration-test/target/test-dir/MiniOzoneClusterImpl-5901a962-94ba-4a8b-ba12-ae811e713c7a/datanode-8/data/ratis/a0e51885-45bc-410a-82ac-3ec9f60c7cc4
2019-11-14 15:11:11,580 [pool-589-thread-1] INFO  server.RaftServerConfigKeys (ConfUtils.java:logGet(43)) - raft.server.log.queue.byte-limit = 2147483647 (custom)
2019-11-14 15:11:11,580 [pool-589-thread-1] INFO  server.RaftServerConfigKeys (ConfUtils.java:logGet(43)) - raft.server.log.queue.element-limit = 1024 (custom)
2019-11-14 15:11:11,580 [pool-589-thread-1] INFO  server.RaftServerConfigKeys (ConfUtils.java:logGet(43)) - raft.server.log.segment.size.max = 1048576 (custom)
2019-11-14 15:11:11,581 [pool-529-thread-1] INFO  storage.RaftStorage (RaftStorage.java:format(84)) - Storage directory /workdir/hadoop-ozone/integration-test/target/test-dir/MiniOzoneClusterImpl-5901a962-94ba-4a8b-ba12-ae811e713c7a/datanode-2/data/ratis/a0e51885-45bc-410a-82ac-3ec9f60c7cc4 has been successfully formatted.
2019-11-14 15:11:11,581 [pool-589-thread-1] INFO  server.RaftServerConfigKeys (ConfUtils.java:logGet(43)) - raft.server.log.preallocated.size = 16384 (custom)
2019-11-14 15:11:11,581 [pool-589-thread-1] INFO  server.RaftServerConfigKeys (ConfUtils.java:logGet(43)) - raft.server.log.write.buffer.size = 33554432 (custom)
2019-11-14 15:11:11,581 [pool-589-thread-1] INFO  server.RaftServerConfigKeys (ConfUtils.java:logGet(43)) - raft.server.log.force.sync.num = 128 (default)
2019-11-14 15:11:11,581 [pool-589-thread-1] INFO  server.RaftServerConfigKeys (ConfUtils.java:logGet(43)) - raft.server.log.statemachine.data.sync = true (default)
2019-11-14 15:11:11,581 [pool-589-thread-1] INFO  server.RaftServerConfigKeys (ConfUtils.java:logGet(43)) - raft.server.log.statemachine.data.sync.timeout = 10s (default)
2019-11-14 15:11:11,581 [pool-589-thread-1] INFO  server.RaftServerConfigKeys (ConfUtils.java:logGet(43)) - raft.server.log.statemachine.data.sync.timeout.retry = -1 (default)
2019-11-14 15:11:11,581 [pool-589-thread-1] INFO  server.RaftServerConfigKeys (ConfUtils.java:logGet(43)) - raft.server.log.statemachine.data.caching.enabled = true (custom)
2019-11-14 15:11:11,581 [pool-529-thread-1] INFO  ratis.ContainerStateMachine (ContainerStateMachine.java:loadSnapshot(223)) - group-3EC9F60C7CC4: The snapshot info is null. Setting the last applied indexto:(t:0, i:~)
2019-11-14 15:11:11,581 [pool-589-thread-1] INFO  segmented.SegmentedRaftLogWorker (SegmentedRaftLogWorker.java:lambda$new$0(128)) - 9ce1968d-df6d-4251-8f68-caf53c6f1d3e@group-3EC9F60C7CC4-SegmentedRaftLogWorker: flushIndex: setUnconditionally 0 -> -1
2019-11-14 15:11:11,582 [pool-529-thread-1] INFO  server.RaftServerConfigKeys (ConfUtils.java:logGet(43)) - raft.server.notification.no-leader.timeout = 120s (custom)
2019-11-14 15:11:11,582 [pool-529-thread-1] INFO  server.RaftServerConfigKeys (ConfUtils.java:logGet(43)) - raft.server.log.use.memory = false (default)
2019-11-14 15:11:11,582 [pool-589-thread-1] INFO  server.RaftServerConfigKeys (ConfUtils.java:logGet(43)) - raft.server.snapshot.auto.trigger.enabled = true (custom)
2019-11-14 15:11:11,582 [pool-529-thread-1] INFO  server.RaftServerConfigKeys (ConfUtils.java:logGet(43)) - raft.server.log.purge.gap = 1000000 (custom)
2019-11-14 15:11:11,582 [pool-589-thread-1] INFO  server.RaftServerConfigKeys (ConfUtils.java:logGet(43)) - raft.server.snapshot.auto.trigger.threshold = 10000 (custom)
2019-11-14 15:11:11,582 [pool-529-thread-1] INFO  server.RaftServerConfigKeys (ConfUtils.java:logGet(43)) - raft.server.log.appender.buffer.byte-limit = 33554432 (custom)
2019-11-14 15:11:11,582 [pool-589-thread-1] INFO  server.RaftServerConfigKeys (ConfUtils.java:logGet(43)) - raft.server.snapshot.retention.file.num = 5 (custom)
2019-11-14 15:11:11,582 [pool-529-thread-1] INFO  server.RaftServerConfigKeys (ConfUtils.java:logGet(43)) - raft.server.log.segment.size.max = 1048576 (custom)
2019-11-14 15:11:11,582 [pool-589-thread-1] INFO  server.RaftServerConfigKeys (ConfUtils.java:logGet(43)) - raft.server.retrycache.expirytime = 600000ms (custom)
2019-11-14 15:11:11,582 [pool-529-thread-1] INFO  server.RaftServerConfigKeys (ConfUtils.java:logGet(43)) - raft.server.log.segment.cache.num.max = 2 (custom)
2019-11-14 15:11:11,582 [pool-589-thread-1] WARN  impl.MetricRegistriesImpl (MetricRegistriesImpl.java:lambda$create$1(61)) - First MetricRegistry has been created without registering reporters. You may need to call MetricRegistries.global().addReportRegistration(...) before.
2019-11-14 15:11:11,582 [pool-579-thread-1] INFO  storage.RaftStorage (RaftStorage.java:format(84)) - Storage directory /workdir/hadoop-ozone/integration-test/target/test-dir/MiniOzoneClusterImpl-5901a962-94ba-4a8b-ba12-ae811e713c7a/datanode-7/data/ratis/a0e51885-45bc-410a-82ac-3ec9f60c7cc4 has been successfully formatted.
2019-11-14 15:11:11,582 [pool-529-thread-1] INFO  segmented.SegmentedRaftLogWorker (SegmentedRaftLogWorker.java:<init>(173)) - new ee222113-7cfa-4d93-ae35-60587bc46978@group-3EC9F60C7CC4-SegmentedRaftLogWorker for RaftStorage:Storage Directory /workdir/hadoop-ozone/integration-test/target/test-dir/MiniOzoneClusterImpl-5901a962-94ba-4a8b-ba12-ae811e713c7a/datanode-2/data/ratis/a0e51885-45bc-410a-82ac-3ec9f60c7cc4
2019-11-14 15:11:11,583 [pool-589-thread-1] WARN  impl.MetricRegistriesImpl (MetricRegistriesImpl.java:lambda$create$1(61)) - First MetricRegistry has been created without registering reporters. You may need to call MetricRegistries.global().addReportRegistration(...) before.
2019-11-14 15:11:11,583 [pool-529-thread-1] INFO  server.RaftServerConfigKeys (ConfUtils.java:logGet(43)) - raft.server.log.queue.byte-limit = 2147483647 (custom)
2019-11-14 15:11:11,583 [pool-579-thread-1] INFO  ratis.ContainerStateMachine (ContainerStateMachine.java:loadSnapshot(223)) - group-3EC9F60C7CC4: The snapshot info is null. Setting the last applied indexto:(t:0, i:~)
2019-11-14 15:11:11,583 [pool-529-thread-1] INFO  server.RaftServerConfigKeys (ConfUtils.java:logGet(43)) - raft.server.log.queue.element-limit = 1024 (custom)
2019-11-14 15:11:11,583 [pool-589-thread-1] INFO  impl.RaftServerImpl (RaftServerImpl.java:start(184)) - 9ce1968d-df6d-4251-8f68-caf53c6f1d3e@group-3EC9F60C7CC4: start as a follower, conf=-1: [ee222113-7cfa-4d93-ae35-60587bc46978:192.168.34.62:36461, 9ce1968d-df6d-4251-8f68-caf53c6f1d3e:192.168.34.62:35975, c45d92cd-1d84-4e39-b22b-e775d9180271:192.168.34.62:37954], old=null
2019-11-14 15:11:11,583 [pool-529-thread-1] INFO  server.RaftServerConfigKeys (ConfUtils.java:logGet(43)) - raft.server.log.segment.size.max = 1048576 (custom)
2019-11-14 15:11:11,583 [pool-579-thread-1] INFO  server.RaftServerConfigKeys (ConfUtils.java:logGet(43)) - raft.server.notification.no-leader.timeout = 120s (custom)
2019-11-14 15:11:11,583 [pool-529-thread-1] INFO  server.RaftServerConfigKeys (ConfUtils.java:logGet(43)) - raft.server.log.preallocated.size = 16384 (custom)
2019-11-14 15:11:11,583 [pool-589-thread-1] INFO  impl.RaftServerImpl (RaftServerImpl.java:setRole(173)) - 9ce1968d-df6d-4251-8f68-caf53c6f1d3e@group-3EC9F60C7CC4: changes role from      null to FOLLOWER at term 0 for startAsFollower
2019-11-14 15:11:11,583 [pool-529-thread-1] INFO  server.RaftServerConfigKeys (ConfUtils.java:logGet(43)) - raft.server.log.write.buffer.size = 33554432 (custom)
2019-11-14 15:11:11,583 [pool-579-thread-1] INFO  server.RaftServerConfigKeys (ConfUtils.java:logGet(43)) - raft.server.log.use.memory = false (default)
2019-11-14 15:11:11,583 [pool-529-thread-1] INFO  server.RaftServerConfigKeys (ConfUtils.java:logGet(43)) - raft.server.log.force.sync.num = 128 (default)
2019-11-14 15:11:11,583 [pool-589-thread-1] INFO  impl.RoleInfo (RoleInfo.java:updateAndGet(143)) - 9ce1968d-df6d-4251-8f68-caf53c6f1d3e: start FollowerState
2019-11-14 15:11:11,584 [pool-529-thread-1] INFO  server.RaftServerConfigKeys (ConfUtils.java:logGet(43)) - raft.server.log.statemachine.data.sync = true (default)
2019-11-14 15:11:11,584 [pool-579-thread-1] INFO  server.RaftServerConfigKeys (ConfUtils.java:logGet(43)) - raft.server.log.purge.gap = 1000000 (custom)
2019-11-14 15:11:11,584 [pool-529-thread-1] INFO  server.RaftServerConfigKeys (ConfUtils.java:logGet(43)) - raft.server.log.statemachine.data.sync.timeout = 10s (default)
2019-11-14 15:11:11,584 [pool-589-thread-1] INFO  util.JmxRegister (JmxRegister.java:tryRegister(44)) - Successfully registered JMX Bean with object name Ratis:service=RaftServer,group=group-3EC9F60C7CC4,id=9ce1968d-df6d-4251-8f68-caf53c6f1d3e
2019-11-14 15:11:11,584 [pool-579-thread-1] INFO  server.RaftServerConfigKeys (ConfUtils.java:logGet(43)) - raft.server.log.appender.buffer.byte-limit = 33554432 (custom)
2019-11-14 15:11:11,584 [pool-589-thread-1] WARN  impl.MetricRegistriesImpl (MetricRegistriesImpl.java:lambda$create$1(61)) - First MetricRegistry has been created without registering reporters. You may need to call MetricRegistries.global().addReportRegistration(...) before.
2019-11-14 15:11:11,584 [pool-529-thread-1] INFO  server.RaftServerConfigKeys (ConfUtils.java:logGet(43)) - raft.server.log.statemachine.data.sync.timeout.retry = -1 (default)
2019-11-14 15:11:11,584 [pool-579-thread-1] INFO  server.RaftServerConfigKeys (ConfUtils.java:logGet(43)) - raft.server.log.segment.size.max = 1048576 (custom)
2019-11-14 15:11:11,585 [pool-579-thread-1] INFO  server.RaftServerConfigKeys (ConfUtils.java:logGet(43)) - raft.server.log.segment.cache.num.max = 2 (custom)
2019-11-14 15:11:11,585 [pool-529-thread-1] INFO  server.RaftServerConfigKeys (ConfUtils.java:logGet(43)) - raft.server.log.statemachine.data.caching.enabled = true (custom)
2019-11-14 15:11:11,585 [pool-579-thread-1] INFO  segmented.SegmentedRaftLogWorker (SegmentedRaftLogWorker.java:<init>(173)) - new c45d92cd-1d84-4e39-b22b-e775d9180271@group-3EC9F60C7CC4-SegmentedRaftLogWorker for RaftStorage:Storage Directory /workdir/hadoop-ozone/integration-test/target/test-dir/MiniOzoneClusterImpl-5901a962-94ba-4a8b-ba12-ae811e713c7a/datanode-7/data/ratis/a0e51885-45bc-410a-82ac-3ec9f60c7cc4
2019-11-14 15:11:11,585 [pool-579-thread-1] INFO  server.RaftServerConfigKeys (ConfUtils.java:logGet(43)) - raft.server.log.queue.byte-limit = 2147483647 (custom)
2019-11-14 15:11:11,585 [pool-529-thread-1] INFO  segmented.SegmentedRaftLogWorker (SegmentedRaftLogWorker.java:lambda$new$0(128)) - ee222113-7cfa-4d93-ae35-60587bc46978@group-3EC9F60C7CC4-SegmentedRaftLogWorker: flushIndex: setUnconditionally 0 -> -1
2019-11-14 15:11:11,585 [pool-579-thread-1] INFO  server.RaftServerConfigKeys (ConfUtils.java:logGet(43)) - raft.server.log.queue.element-limit = 1024 (custom)
2019-11-14 15:11:11,585 [pool-579-thread-1] INFO  server.RaftServerConfigKeys (ConfUtils.java:logGet(43)) - raft.server.log.segment.size.max = 1048576 (custom)
2019-11-14 15:11:11,585 [pool-529-thread-1] INFO  server.RaftServerConfigKeys (ConfUtils.java:logGet(43)) - raft.server.snapshot.auto.trigger.enabled = true (custom)
2019-11-14 15:11:11,585 [pool-579-thread-1] INFO  server.RaftServerConfigKeys (ConfUtils.java:logGet(43)) - raft.server.log.preallocated.size = 16384 (custom)
2019-11-14 15:11:11,585 [pool-529-thread-1] INFO  server.RaftServerConfigKeys (ConfUtils.java:logGet(43)) - raft.server.snapshot.auto.trigger.threshold = 10000 (custom)
2019-11-14 15:11:11,585 [pool-579-thread-1] INFO  server.RaftServerConfigKeys (ConfUtils.java:logGet(43)) - raft.server.log.write.buffer.size = 33554432 (custom)
2019-11-14 15:11:11,586 [pool-529-thread-1] INFO  server.RaftServerConfigKeys (ConfUtils.java:logGet(43)) - raft.server.snapshot.retention.file.num = 5 (custom)
2019-11-14 15:11:11,586 [pool-579-thread-1] INFO  server.RaftServerConfigKeys (ConfUtils.java:logGet(43)) - raft.server.log.force.sync.num = 128 (default)
2019-11-14 15:11:11,586 [pool-529-thread-1] INFO  server.RaftServerConfigKeys (ConfUtils.java:logGet(43)) - raft.server.retrycache.expirytime = 600000ms (custom)
2019-11-14 15:11:11,586 [pool-579-thread-1] INFO  server.RaftServerConfigKeys (ConfUtils.java:logGet(43)) - raft.server.log.statemachine.data.sync = true (default)
2019-11-14 15:11:11,586 [pool-529-thread-1] WARN  impl.MetricRegistriesImpl (MetricRegistriesImpl.java:lambda$create$1(61)) - First MetricRegistry has been created without registering reporters. You may need to call MetricRegistries.global().addReportRegistration(...) before.
2019-11-14 15:11:11,586 [pool-579-thread-1] INFO  server.RaftServerConfigKeys (ConfUtils.java:logGet(43)) - raft.server.log.statemachine.data.sync.timeout = 10s (default)
2019-11-14 15:11:11,586 [pool-529-thread-1] WARN  impl.MetricRegistriesImpl (MetricRegistriesImpl.java:lambda$create$1(61)) - First MetricRegistry has been created without registering reporters. You may need to call MetricRegistries.global().addReportRegistration(...) before.
2019-11-14 15:11:11,586 [pool-579-thread-1] INFO  server.RaftServerConfigKeys (ConfUtils.java:logGet(43)) - raft.server.log.statemachine.data.sync.timeout.retry = -1 (default)
2019-11-14 15:11:11,586 [pool-529-thread-1] INFO  impl.RaftServerImpl (RaftServerImpl.java:start(184)) - ee222113-7cfa-4d93-ae35-60587bc46978@group-3EC9F60C7CC4: start as a follower, conf=-1: [ee222113-7cfa-4d93-ae35-60587bc46978:192.168.34.62:36461, 9ce1968d-df6d-4251-8f68-caf53c6f1d3e:192.168.34.62:35975, c45d92cd-1d84-4e39-b22b-e775d9180271:192.168.34.62:37954], old=null
2019-11-14 15:11:11,586 [pool-579-thread-1] INFO  server.RaftServerConfigKeys (ConfUtils.java:logGet(43)) - raft.server.log.statemachine.data.caching.enabled = true (custom)
2019-11-14 15:11:11,586 [pool-529-thread-1] INFO  impl.RaftServerImpl (RaftServerImpl.java:setRole(173)) - ee222113-7cfa-4d93-ae35-60587bc46978@group-3EC9F60C7CC4: changes role from      null to FOLLOWER at term 0 for startAsFollower
2019-11-14 15:11:11,586 [pool-579-thread-1] INFO  segmented.SegmentedRaftLogWorker (SegmentedRaftLogWorker.java:lambda$new$0(128)) - c45d92cd-1d84-4e39-b22b-e775d9180271@group-3EC9F60C7CC4-SegmentedRaftLogWorker: flushIndex: setUnconditionally 0 -> -1
2019-11-14 15:11:11,586 [pool-529-thread-1] INFO  impl.RoleInfo (RoleInfo.java:updateAndGet(143)) - ee222113-7cfa-4d93-ae35-60587bc46978: start FollowerState
2019-11-14 15:11:11,587 [pool-579-thread-1] INFO  server.RaftServerConfigKeys (ConfUtils.java:logGet(43)) - raft.server.snapshot.auto.trigger.enabled = true (custom)
2019-11-14 15:11:11,587 [pool-579-thread-1] INFO  server.RaftServerConfigKeys (ConfUtils.java:logGet(43)) - raft.server.snapshot.auto.trigger.threshold = 10000 (custom)
2019-11-14 15:11:11,587 [pool-579-thread-1] INFO  server.RaftServerConfigKeys (ConfUtils.java:logGet(43)) - raft.server.snapshot.retention.file.num = 5 (custom)
2019-11-14 15:11:11,587 [pool-529-thread-1] INFO  util.JmxRegister (JmxRegister.java:tryRegister(44)) - Successfully registered JMX Bean with object name Ratis:service=RaftServer,group=group-3EC9F60C7CC4,id=ee222113-7cfa-4d93-ae35-60587bc46978
2019-11-14 15:11:11,587 [pool-579-thread-1] INFO  server.RaftServerConfigKeys (ConfUtils.java:logGet(43)) - raft.server.retrycache.expirytime = 600000ms (custom)
2019-11-14 15:11:11,587 [pool-529-thread-1] WARN  impl.MetricRegistriesImpl (MetricRegistriesImpl.java:lambda$create$1(61)) - First MetricRegistry has been created without registering reporters. You may need to call MetricRegistries.global().addReportRegistration(...) before.
2019-11-14 15:11:11,587 [pool-579-thread-1] WARN  impl.MetricRegistriesImpl (MetricRegistriesImpl.java:lambda$create$1(61)) - First MetricRegistry has been created without registering reporters. You may need to call MetricRegistries.global().addReportRegistration(...) before.
2019-11-14 15:11:11,587 [pool-579-thread-1] WARN  impl.MetricRegistriesImpl (MetricRegistriesImpl.java:lambda$create$1(61)) - First MetricRegistry has been created without registering reporters. You may need to call MetricRegistries.global().addReportRegistration(...) before.
2019-11-14 15:11:11,587 [pool-579-thread-1] INFO  impl.RaftServerImpl (RaftServerImpl.java:start(184)) - c45d92cd-1d84-4e39-b22b-e775d9180271@group-3EC9F60C7CC4: start as a follower, conf=-1: [ee222113-7cfa-4d93-ae35-60587bc46978:192.168.34.62:36461, 9ce1968d-df6d-4251-8f68-caf53c6f1d3e:192.168.34.62:35975, c45d92cd-1d84-4e39-b22b-e775d9180271:192.168.34.62:37954], old=null
2019-11-14 15:11:11,587 [pool-579-thread-1] INFO  impl.RaftServerImpl (RaftServerImpl.java:setRole(173)) - c45d92cd-1d84-4e39-b22b-e775d9180271@group-3EC9F60C7CC4: changes role from      null to FOLLOWER at term 0 for startAsFollower
2019-11-14 15:11:11,587 [pool-579-thread-1] INFO  impl.RoleInfo (RoleInfo.java:updateAndGet(143)) - c45d92cd-1d84-4e39-b22b-e775d9180271: start FollowerState
2019-11-14 15:11:11,588 [pool-579-thread-1] INFO  util.JmxRegister (JmxRegister.java:tryRegister(44)) - Successfully registered JMX Bean with object name Ratis:service=RaftServer,group=group-3EC9F60C7CC4,id=c45d92cd-1d84-4e39-b22b-e775d9180271
2019-11-14 15:11:11,588 [pool-579-thread-1] WARN  impl.MetricRegistriesImpl (MetricRegistriesImpl.java:lambda$create$1(61)) - First MetricRegistry has been created without registering reporters. You may need to call MetricRegistries.global().addReportRegistration(...) before.
2019-11-14 15:11:11,589 [RatisPipelineUtilsThread] INFO  pipeline.PipelineStateManager (PipelineStateManager.java:addPipeline(55)) - Created pipeline Pipeline[ Id: a0e51885-45bc-410a-82ac-3ec9f60c7cc4, Nodes: ee222113-7cfa-4d93-ae35-60587bc46978{ip: 192.168.34.62, host: pr-hdds-2480-6qkg9-608321763, networkLocation: /rack1, certSerialId: null}c45d92cd-1d84-4e39-b22b-e775d9180271{ip: 192.168.34.62, host: pr-hdds-2480-6qkg9-608321763, networkLocation: /rack1, certSerialId: null}9ce1968d-df6d-4251-8f68-caf53c6f1d3e{ip: 192.168.34.62, host: pr-hdds-2480-6qkg9-608321763, networkLocation: /rack1, certSerialId: null}, Type:RATIS, Factor:THREE, State:ALLOCATED]
2019-11-14 15:11:11,590 [Thread-4175] INFO  pipeline.PipelineStateManager (PipelineStateManager.java:finalizePipeline(121)) - Pipeline Pipeline[ Id: 8d721de6-ee96-4b25-8e9b-36f92b50241a, Nodes: c45d92cd-1d84-4e39-b22b-e775d9180271{ip: 192.168.34.62, host: pr-hdds-2480-6qkg9-608321763, networkLocation: /rack1, certSerialId: null}, Type:RATIS, Factor:ONE, State:CLOSED] moved to CLOSED state
2019-11-14 15:11:11,592 [grpc-default-executor-6] INFO  impl.RaftServerProxy (RaftServerProxy.java:remove(95)) - c45d92cd-1d84-4e39-b22b-e775d9180271: remove    LEADER c45d92cd-1d84-4e39-b22b-e775d9180271@group-36F92B50241A:t1, leader=c45d92cd-1d84-4e39-b22b-e775d9180271, voted=c45d92cd-1d84-4e39-b22b-e775d9180271, raftlog=c45d92cd-1d84-4e39-b22b-e775d9180271@group-36F92B50241A-SegmentedRaftLog:OPENED:c0,f0,i0, conf=0: [c45d92cd-1d84-4e39-b22b-e775d9180271:192.168.34.62:37954], old=null RUNNING
2019-11-14 15:11:11,592 [grpc-default-executor-6] INFO  impl.RaftServerImpl (RaftServerImpl.java:lambda$shutdown$3(250)) - c45d92cd-1d84-4e39-b22b-e775d9180271@group-36F92B50241A: shutdown
2019-11-14 15:11:11,593 [grpc-default-executor-6] INFO  util.JmxRegister (JmxRegister.java:unregister(73)) - Successfully un-registered JMX Bean with object name Ratis:service=RaftServer,group=group-36F92B50241A,id=c45d92cd-1d84-4e39-b22b-e775d9180271
2019-11-14 15:11:11,593 [grpc-default-executor-6] INFO  impl.RoleInfo (RoleInfo.java:shutdownLeaderState(104)) - c45d92cd-1d84-4e39-b22b-e775d9180271: shutdown LeaderState
2019-11-14 15:11:11,593 [grpc-default-executor-6] INFO  impl.PendingRequests (PendingRequests.java:sendNotLeaderResponses(206)) - c45d92cd-1d84-4e39-b22b-e775d9180271@group-36F92B50241A-PendingRequests: sendNotLeaderResponses
2019-11-14 15:11:11,593 [grpc-default-executor-6] INFO  impl.StateMachineUpdater (StateMachineUpdater.java:stopAndJoin(136)) - c45d92cd-1d84-4e39-b22b-e775d9180271@group-36F92B50241A-StateMachineUpdater: set stopIndex = 0
2019-11-14 15:11:11,593 [grpc-default-executor-6] INFO  impl.RaftServerImpl (ServerState.java:close(387)) - c45d92cd-1d84-4e39-b22b-e775d9180271@group-36F92B50241A: closes. applyIndex: 0
2019-11-14 15:11:11,593 [c45d92cd-1d84-4e39-b22b-e775d9180271@group-36F92B50241A-SegmentedRaftLogWorker] INFO  segmented.SegmentedRaftLogWorker (SegmentedRaftLogWorker.java:run(316)) - c45d92cd-1d84-4e39-b22b-e775d9180271@group-36F92B50241A-SegmentedRaftLogWorker was interrupted, exiting. There are 0 tasks remaining in the queue.
2019-11-14 15:11:11,594 [grpc-default-executor-6] INFO  segmented.SegmentedRaftLogWorker (SegmentedRaftLogWorker.java:close(224)) - c45d92cd-1d84-4e39-b22b-e775d9180271@group-36F92B50241A-SegmentedRaftLogWorker close()
2019-11-14 15:11:11,598 [Thread-4175] INFO  pipeline.PipelineStateManager (PipelineStateManager.java:removePipeline(106)) - Pipeline Pipeline[ Id: 8d721de6-ee96-4b25-8e9b-36f92b50241a, Nodes: c45d92cd-1d84-4e39-b22b-e775d9180271{ip: 192.168.34.62, host: pr-hdds-2480-6qkg9-608321763, networkLocation: /rack1, certSerialId: null}, Type:RATIS, Factor:ONE, State:CLOSED] removed from db
2019-11-14 15:11:11,598 [Thread-4175] INFO  pipeline.SCMPipelineManager (SCMPipelineManager.java:finalizeAndDestroyPipeline(315)) - destroying pipeline:Pipeline[ Id: b8352750-da6a-4984-be33-bb41574fa3a7, Nodes: ee222113-7cfa-4d93-ae35-60587bc46978{ip: 192.168.34.62, host: pr-hdds-2480-6qkg9-608321763, networkLocation: /rack1, certSerialId: null}, Type:RATIS, Factor:ONE, State:OPEN]
2019-11-14 15:11:11,600 [grpc-default-executor-6] INFO  impl.RaftServerProxy (RaftServerProxy.java:addNew(89)) - c45d92cd-1d84-4e39-b22b-e775d9180271: addNew group-986B4BE192CE:[c45d92cd-1d84-4e39-b22b-e775d9180271:192.168.34.62:37954] returns group-986B4BE192CE:java.util.concurrent.CompletableFuture@3edbd365[Not completed]
2019-11-14 15:11:11,601 [pool-579-thread-1] INFO  impl.RaftServerImpl (RaftServerImpl.java:<init>(98)) - c45d92cd-1d84-4e39-b22b-e775d9180271: new RaftServerImpl for group-986B4BE192CE:[c45d92cd-1d84-4e39-b22b-e775d9180271:192.168.34.62:37954] with ContainerStateMachine:uninitialized
2019-11-14 15:11:11,601 [pool-579-thread-1] INFO  server.RaftServerConfigKeys (ConfUtils.java:logGet(43)) - raft.server.rpc.timeout.min = 1s (custom)
2019-11-14 15:11:11,601 [pool-579-thread-1] INFO  server.RaftServerConfigKeys (ConfUtils.java:logGet(43)) - raft.server.rpc.timeout.max = 1200ms (custom)
2019-11-14 15:11:11,601 [pool-579-thread-1] INFO  server.RaftServerConfigKeys (ConfUtils.java:logGet(43)) - raft.server.rpcslowness.timeout = 120s (custom)
2019-11-14 15:11:11,601 [pool-579-thread-1] INFO  server.RaftServerConfigKeys (ConfUtils.java:logGet(43)) - raft.server.sleep.deviation.threshold = 300 (default)
2019-11-14 15:11:11,601 [pool-579-thread-1] INFO  server.RaftServerConfigKeys (ConfUtils.java:logGet(43)) - raft.server.log.appender.install.snapshot.enabled = false (custom)
2019-11-14 15:11:11,601 [pool-579-thread-1] INFO  impl.RaftServerImpl (ServerState.java:<init>(103)) - c45d92cd-1d84-4e39-b22b-e775d9180271@group-986B4BE192CE: ConfigurationManager, init=-1: [c45d92cd-1d84-4e39-b22b-e775d9180271:192.168.34.62:37954], old=null, confs=<EMPTY_MAP>
2019-11-14 15:11:11,602 [pool-579-thread-1] INFO  server.RaftServerConfigKeys (ConfUtils.java:logGet(43)) - raft.server.storage.dir = [/workdir/hadoop-ozone/integration-test/target/test-dir/MiniOzoneClusterImpl-5901a962-94ba-4a8b-ba12-ae811e713c7a/datanode-7/data/ratis] (custom)
2019-11-14 15:11:11,602 [pool-579-thread-1] INFO  server.RaftServerConfigKeys (ConfUtils.java:logGet(43)) - raft.server.log.corruption.policy = EXCEPTION (default)
2019-11-14 15:11:11,602 [pool-579-thread-1] INFO  storage.RaftStorageDirectory (RaftStorageDirectory.java:analyzeStorage(246)) - The storage directory /workdir/hadoop-ozone/integration-test/target/test-dir/MiniOzoneClusterImpl-5901a962-94ba-4a8b-ba12-ae811e713c7a/datanode-7/data/ratis/218bcf23-ba14-411a-8cd0-986b4be192ce does not exist. Creating ...
2019-11-14 15:11:11,611 [pool-579-thread-1] INFO  storage.RaftStorageDirectory (RaftStorageDirectory.java:tryLock(328)) - Lock on /workdir/hadoop-ozone/integration-test/target/test-dir/MiniOzoneClusterImpl-5901a962-94ba-4a8b-ba12-ae811e713c7a/datanode-7/data/ratis/218bcf23-ba14-411a-8cd0-986b4be192ce/in_use.lock acquired by nodename 23875@pr-hdds-2480-6qkg9-608321763
2019-11-14 15:11:11,613 [pool-579-thread-1] INFO  storage.RaftStorage (RaftStorage.java:format(84)) - Storage directory /workdir/hadoop-ozone/integration-test/target/test-dir/MiniOzoneClusterImpl-5901a962-94ba-4a8b-ba12-ae811e713c7a/datanode-7/data/ratis/218bcf23-ba14-411a-8cd0-986b4be192ce has been successfully formatted.
2019-11-14 15:11:11,613 [pool-579-thread-1] INFO  ratis.ContainerStateMachine (ContainerStateMachine.java:loadSnapshot(223)) - group-986B4BE192CE: The snapshot info is null. Setting the last applied indexto:(t:0, i:~)
2019-11-14 15:11:11,613 [pool-579-thread-1] INFO  server.RaftServerConfigKeys (ConfUtils.java:logGet(43)) - raft.server.notification.no-leader.timeout = 120s (custom)
2019-11-14 15:11:11,613 [pool-579-thread-1] INFO  server.RaftServerConfigKeys (ConfUtils.java:logGet(43)) - raft.server.log.use.memory = false (default)
2019-11-14 15:11:11,613 [pool-579-thread-1] INFO  server.RaftServerConfigKeys (ConfUtils.java:logGet(43)) - raft.server.log.purge.gap = 1000000 (custom)
2019-11-14 15:11:11,614 [pool-579-thread-1] INFO  server.RaftServerConfigKeys (ConfUtils.java:logGet(43)) - raft.server.log.appender.buffer.byte-limit = 33554432 (custom)
2019-11-14 15:11:11,614 [pool-579-thread-1] INFO  server.RaftServerConfigKeys (ConfUtils.java:logGet(43)) - raft.server.log.segment.size.max = 1048576 (custom)
2019-11-14 15:11:11,614 [pool-579-thread-1] INFO  server.RaftServerConfigKeys (ConfUtils.java:logGet(43)) - raft.server.log.segment.cache.num.max = 2 (custom)
2019-11-14 15:11:11,614 [pool-579-thread-1] INFO  segmented.SegmentedRaftLogWorker (SegmentedRaftLogWorker.java:<init>(173)) - new c45d92cd-1d84-4e39-b22b-e775d9180271@group-986B4BE192CE-SegmentedRaftLogWorker for RaftStorage:Storage Directory /workdir/hadoop-ozone/integration-test/target/test-dir/MiniOzoneClusterImpl-5901a962-94ba-4a8b-ba12-ae811e713c7a/datanode-7/data/ratis/218bcf23-ba14-411a-8cd0-986b4be192ce
2019-11-14 15:11:11,614 [pool-579-thread-1] INFO  server.RaftServerConfigKeys (ConfUtils.java:logGet(43)) - raft.server.log.queue.byte-limit = 2147483647 (custom)
2019-11-14 15:11:11,614 [pool-579-thread-1] INFO  server.RaftServerConfigKeys (ConfUtils.java:logGet(43)) - raft.server.log.queue.element-limit = 1024 (custom)
2019-11-14 15:11:11,614 [pool-579-thread-1] INFO  server.RaftServerConfigKeys (ConfUtils.java:logGet(43)) - raft.server.log.segment.size.max = 1048576 (custom)
2019-11-14 15:11:11,614 [pool-579-thread-1] INFO  server.RaftServerConfigKeys (ConfUtils.java:logGet(43)) - raft.server.log.preallocated.size = 16384 (custom)
2019-11-14 15:11:11,614 [pool-579-thread-1] INFO  server.RaftServerConfigKeys (ConfUtils.java:logGet(43)) - raft.server.log.write.buffer.size = 33554432 (custom)
2019-11-14 15:11:11,614 [pool-579-thread-1] INFO  server.RaftServerConfigKeys (ConfUtils.java:logGet(43)) - raft.server.log.force.sync.num = 128 (default)
2019-11-14 15:11:11,614 [pool-579-thread-1] INFO  server.RaftServerConfigKeys (ConfUtils.java:logGet(43)) - raft.server.log.statemachine.data.sync = true (default)
2019-11-14 15:11:11,614 [pool-579-thread-1] INFO  server.RaftServerConfigKeys (ConfUtils.java:logGet(43)) - raft.server.log.statemachine.data.sync.timeout = 10s (default)
2019-11-14 15:11:11,614 [pool-579-thread-1] INFO  server.RaftServerConfigKeys (ConfUtils.java:logGet(43)) - raft.server.log.statemachine.data.sync.timeout.retry = -1 (default)
2019-11-14 15:11:11,614 [pool-579-thread-1] INFO  server.RaftServerConfigKeys (ConfUtils.java:logGet(43)) - raft.server.log.statemachine.data.caching.enabled = true (custom)
2019-11-14 15:11:11,615 [pool-579-thread-1] INFO  segmented.SegmentedRaftLogWorker (SegmentedRaftLogWorker.java:lambda$new$0(128)) - c45d92cd-1d84-4e39-b22b-e775d9180271@group-986B4BE192CE-SegmentedRaftLogWorker: flushIndex: setUnconditionally 0 -> -1
2019-11-14 15:11:11,615 [pool-579-thread-1] INFO  server.RaftServerConfigKeys (ConfUtils.java:logGet(43)) - raft.server.snapshot.auto.trigger.enabled = true (custom)
2019-11-14 15:11:11,615 [pool-579-thread-1] INFO  server.RaftServerConfigKeys (ConfUtils.java:logGet(43)) - raft.server.snapshot.auto.trigger.threshold = 10000 (custom)
2019-11-14 15:11:11,615 [pool-579-thread-1] INFO  server.RaftServerConfigKeys (ConfUtils.java:logGet(43)) - raft.server.snapshot.retention.file.num = 5 (custom)
2019-11-14 15:11:11,615 [pool-579-thread-1] INFO  server.RaftServerConfigKeys (ConfUtils.java:logGet(43)) - raft.server.retrycache.expirytime = 600000ms (custom)
2019-11-14 15:11:11,615 [pool-579-thread-1] WARN  impl.MetricRegistriesImpl (MetricRegistriesImpl.java:lambda$create$1(61)) - First MetricRegistry has been created without registering reporters. You may need to call MetricRegistries.global().addReportRegistration(...) before.
2019-11-14 15:11:11,615 [pool-579-thread-1] WARN  impl.MetricRegistriesImpl (MetricRegistriesImpl.java:lambda$create$1(61)) - First MetricRegistry has been created without registering reporters. You may need to call MetricRegistries.global().addReportRegistration(...) before.
2019-11-14 15:11:11,615 [pool-579-thread-1] INFO  impl.RaftServerImpl (RaftServerImpl.java:start(184)) - c45d92cd-1d84-4e39-b22b-e775d9180271@group-986B4BE192CE: start as a follower, conf=-1: [c45d92cd-1d84-4e39-b22b-e775d9180271:192.168.34.62:37954], old=null
2019-11-14 15:11:11,615 [pool-579-thread-1] INFO  impl.RaftServerImpl (RaftServerImpl.java:setRole(173)) - c45d92cd-1d84-4e39-b22b-e775d9180271@group-986B4BE192CE: changes role from      null to FOLLOWER at term 0 for startAsFollower
2019-11-14 15:11:11,615 [pool-579-thread-1] INFO  impl.RoleInfo (RoleInfo.java:updateAndGet(143)) - c45d92cd-1d84-4e39-b22b-e775d9180271: start FollowerState
2019-11-14 15:11:11,616 [pool-579-thread-1] INFO  util.JmxRegister (JmxRegister.java:tryRegister(44)) - Successfully registered JMX Bean with object name Ratis:service=RaftServer,group=group-986B4BE192CE,id=c45d92cd-1d84-4e39-b22b-e775d9180271
2019-11-14 15:11:11,616 [pool-579-thread-1] WARN  impl.MetricRegistriesImpl (MetricRegistriesImpl.java:lambda$create$1(61)) - First MetricRegistry has been created without registering reporters. You may need to call MetricRegistries.global().addReportRegistration(...) before.
2019-11-14 15:11:11,617 [RatisPipelineUtilsThread] INFO  pipeline.PipelineStateManager (PipelineStateManager.java:addPipeline(55)) - Created pipeline Pipeline[ Id: 218bcf23-ba14-411a-8cd0-986b4be192ce, Nodes: c45d92cd-1d84-4e39-b22b-e775d9180271{ip: 192.168.34.62, host: pr-hdds-2480-6qkg9-608321763, networkLocation: /rack1, certSerialId: null}, Type:RATIS, Factor:ONE, State:ALLOCATED]
2019-11-14 15:11:11,618 [Thread-4175] INFO  pipeline.PipelineStateManager (PipelineStateManager.java:finalizePipeline(121)) - Pipeline Pipeline[ Id: b8352750-da6a-4984-be33-bb41574fa3a7, Nodes: ee222113-7cfa-4d93-ae35-60587bc46978{ip: 192.168.34.62, host: pr-hdds-2480-6qkg9-608321763, networkLocation: /rack1, certSerialId: null}, Type:RATIS, Factor:ONE, State:CLOSED] moved to CLOSED state
2019-11-14 15:11:11,620 [grpc-default-executor-6] INFO  impl.RaftServerProxy (RaftServerProxy.java:remove(95)) - ee222113-7cfa-4d93-ae35-60587bc46978: remove    LEADER ee222113-7cfa-4d93-ae35-60587bc46978@group-BB41574FA3A7:t1, leader=ee222113-7cfa-4d93-ae35-60587bc46978, voted=ee222113-7cfa-4d93-ae35-60587bc46978, raftlog=ee222113-7cfa-4d93-ae35-60587bc46978@group-BB41574FA3A7-SegmentedRaftLog:OPENED:c0,f0,i0, conf=0: [ee222113-7cfa-4d93-ae35-60587bc46978:192.168.34.62:36461], old=null RUNNING
2019-11-14 15:11:11,620 [grpc-default-executor-6] INFO  impl.RaftServerImpl (RaftServerImpl.java:lambda$shutdown$3(250)) - ee222113-7cfa-4d93-ae35-60587bc46978@group-BB41574FA3A7: shutdown
2019-11-14 15:11:11,620 [grpc-default-executor-6] INFO  util.JmxRegister (JmxRegister.java:unregister(73)) - Successfully un-registered JMX Bean with object name Ratis:service=RaftServer,group=group-BB41574FA3A7,id=ee222113-7cfa-4d93-ae35-60587bc46978
2019-11-14 15:11:11,620 [grpc-default-executor-6] INFO  impl.RoleInfo (RoleInfo.java:shutdownLeaderState(104)) - ee222113-7cfa-4d93-ae35-60587bc46978: shutdown LeaderState
2019-11-14 15:11:11,620 [grpc-default-executor-6] INFO  impl.PendingRequests (PendingRequests.java:sendNotLeaderResponses(206)) - ee222113-7cfa-4d93-ae35-60587bc46978@group-BB41574FA3A7-PendingRequests: sendNotLeaderResponses
2019-11-14 15:11:11,620 [grpc-default-executor-6] INFO  impl.StateMachineUpdater (StateMachineUpdater.java:stopAndJoin(136)) - ee222113-7cfa-4d93-ae35-60587bc46978@group-BB41574FA3A7-StateMachineUpdater: set stopIndex = 0
2019-11-14 15:11:11,621 [grpc-default-executor-6] INFO  impl.RaftServerImpl (ServerState.java:close(387)) - ee222113-7cfa-4d93-ae35-60587bc46978@group-BB41574FA3A7: closes. applyIndex: 0
2019-11-14 15:11:11,621 [ee222113-7cfa-4d93-ae35-60587bc46978@group-BB41574FA3A7-SegmentedRaftLogWorker] INFO  segmented.SegmentedRaftLogWorker (SegmentedRaftLogWorker.java:run(316)) - ee222113-7cfa-4d93-ae35-60587bc46978@group-BB41574FA3A7-SegmentedRaftLogWorker was interrupted, exiting. There are 0 tasks remaining in the queue.
2019-11-14 15:11:11,621 [grpc-default-executor-6] INFO  segmented.SegmentedRaftLogWorker (SegmentedRaftLogWorker.java:close(224)) - ee222113-7cfa-4d93-ae35-60587bc46978@group-BB41574FA3A7-SegmentedRaftLogWorker close()
2019-11-14 15:11:11,625 [Thread-4175] INFO  pipeline.PipelineStateManager (PipelineStateManager.java:removePipeline(106)) - Pipeline Pipeline[ Id: b8352750-da6a-4984-be33-bb41574fa3a7, Nodes: ee222113-7cfa-4d93-ae35-60587bc46978{ip: 192.168.34.62, host: pr-hdds-2480-6qkg9-608321763, networkLocation: /rack1, certSerialId: null}, Type:RATIS, Factor:ONE, State:CLOSED] removed from db
2019-11-14 15:11:11,625 [Thread-4175] INFO  pipeline.SCMPipelineManager (SCMPipelineManager.java:finalizeAndDestroyPipeline(315)) - destroying pipeline:Pipeline[ Id: 307b61df-646c-4a2e-90a9-c03aabed6dcb, Nodes: fdb64a2a-711d-4b74-a4a4-cacd6c2cad61{ip: 192.168.34.62, host: pr-hdds-2480-6qkg9-608321763, networkLocation: /rack1, certSerialId: null}de889d2b-5891-48f1-89d7-805f59e22d6d{ip: 192.168.34.62, host: pr-hdds-2480-6qkg9-608321763, networkLocation: /rack1, certSerialId: null}34d60e7e-1049-4636-b4f7-69f15bd98c31{ip: 192.168.34.62, host: pr-hdds-2480-6qkg9-608321763, networkLocation: /rack1, certSerialId: null}, Type:RATIS, Factor:THREE, State:OPEN]
2019-11-14 15:11:11,628 [grpc-default-executor-6] INFO  impl.RaftServerProxy (RaftServerProxy.java:addNew(89)) - ee222113-7cfa-4d93-ae35-60587bc46978: addNew group-248A7E5D461E:[ee222113-7cfa-4d93-ae35-60587bc46978:192.168.34.62:36461] returns group-248A7E5D461E:java.util.concurrent.CompletableFuture@5897a471[Not completed]
2019-11-14 15:11:11,629 [pool-529-thread-1] INFO  impl.RaftServerImpl (RaftServerImpl.java:<init>(98)) - ee222113-7cfa-4d93-ae35-60587bc46978: new RaftServerImpl for group-248A7E5D461E:[ee222113-7cfa-4d93-ae35-60587bc46978:192.168.34.62:36461] with ContainerStateMachine:uninitialized
2019-11-14 15:11:11,629 [pool-529-thread-1] INFO  server.RaftServerConfigKeys (ConfUtils.java:logGet(43)) - raft.server.rpc.timeout.min = 1s (custom)
2019-11-14 15:11:11,629 [pool-529-thread-1] INFO  server.RaftServerConfigKeys (ConfUtils.java:logGet(43)) - raft.server.rpc.timeout.max = 1200ms (custom)
2019-11-14 15:11:11,629 [pool-529-thread-1] INFO  server.RaftServerConfigKeys (ConfUtils.java:logGet(43)) - raft.server.rpcslowness.timeout = 120s (custom)
2019-11-14 15:11:11,629 [pool-529-thread-1] INFO  server.RaftServerConfigKeys (ConfUtils.java:logGet(43)) - raft.server.sleep.deviation.threshold = 300 (default)
2019-11-14 15:11:11,629 [pool-529-thread-1] INFO  server.RaftServerConfigKeys (ConfUtils.java:logGet(43)) - raft.server.log.appender.install.snapshot.enabled = false (custom)
2019-11-14 15:11:11,629 [pool-529-thread-1] INFO  impl.RaftServerImpl (ServerState.java:<init>(103)) - ee222113-7cfa-4d93-ae35-60587bc46978@group-248A7E5D461E: ConfigurationManager, init=-1: [ee222113-7cfa-4d93-ae35-60587bc46978:192.168.34.62:36461], old=null, confs=<EMPTY_MAP>
2019-11-14 15:11:11,629 [pool-529-thread-1] INFO  server.RaftServerConfigKeys (ConfUtils.java:logGet(43)) - raft.server.storage.dir = [/workdir/hadoop-ozone/integration-test/target/test-dir/MiniOzoneClusterImpl-5901a962-94ba-4a8b-ba12-ae811e713c7a/datanode-2/data/ratis] (custom)
2019-11-14 15:11:11,629 [pool-529-thread-1] INFO  server.RaftServerConfigKeys (ConfUtils.java:logGet(43)) - raft.server.log.corruption.policy = EXCEPTION (default)
2019-11-14 15:11:11,629 [pool-529-thread-1] INFO  storage.RaftStorageDirectory (RaftStorageDirectory.java:analyzeStorage(246)) - The storage directory /workdir/hadoop-ozone/integration-test/target/test-dir/MiniOzoneClusterImpl-5901a962-94ba-4a8b-ba12-ae811e713c7a/datanode-2/data/ratis/84be8c3a-4ffd-4994-9f6e-248a7e5d461e does not exist. Creating ...
2019-11-14 15:11:11,642 [pool-529-thread-1] INFO  storage.RaftStorageDirectory (RaftStorageDirectory.java:tryLock(328)) - Lock on /workdir/hadoop-ozone/integration-test/target/test-dir/MiniOzoneClusterImpl-5901a962-94ba-4a8b-ba12-ae811e713c7a/datanode-2/data/ratis/84be8c3a-4ffd-4994-9f6e-248a7e5d461e/in_use.lock acquired by nodename 23875@pr-hdds-2480-6qkg9-608321763
2019-11-14 15:11:11,655 [pool-529-thread-1] INFO  storage.RaftStorage (RaftStorage.java:format(84)) - Storage directory /workdir/hadoop-ozone/integration-test/target/test-dir/MiniOzoneClusterImpl-5901a962-94ba-4a8b-ba12-ae811e713c7a/datanode-2/data/ratis/84be8c3a-4ffd-4994-9f6e-248a7e5d461e has been successfully formatted.
2019-11-14 15:11:11,655 [pool-529-thread-1] INFO  ratis.ContainerStateMachine (ContainerStateMachine.java:loadSnapshot(223)) - group-248A7E5D461E: The snapshot info is null. Setting the last applied indexto:(t:0, i:~)
2019-11-14 15:11:11,655 [pool-529-thread-1] INFO  server.RaftServerConfigKeys (ConfUtils.java:logGet(43)) - raft.server.notification.no-leader.timeout = 120s (custom)
2019-11-14 15:11:11,655 [pool-529-thread-1] INFO  server.RaftServerConfigKeys (ConfUtils.java:logGet(43)) - raft.server.log.use.memory = false (default)
2019-11-14 15:11:11,655 [pool-529-thread-1] INFO  server.RaftServerConfigKeys (ConfUtils.java:logGet(43)) - raft.server.log.purge.gap = 1000000 (custom)
2019-11-14 15:11:11,656 [pool-529-thread-1] INFO  server.RaftServerConfigKeys (ConfUtils.java:logGet(43)) - raft.server.log.appender.buffer.byte-limit = 33554432 (custom)
2019-11-14 15:11:11,656 [pool-529-thread-1] INFO  server.RaftServerConfigKeys (ConfUtils.java:logGet(43)) - raft.server.log.segment.size.max = 1048576 (custom)
2019-11-14 15:11:11,656 [pool-529-thread-1] INFO  server.RaftServerConfigKeys (ConfUtils.java:logGet(43)) - raft.server.log.segment.cache.num.max = 2 (custom)
2019-11-14 15:11:11,656 [pool-529-thread-1] INFO  segmented.SegmentedRaftLogWorker (SegmentedRaftLogWorker.java:<init>(173)) - new ee222113-7cfa-4d93-ae35-60587bc46978@group-248A7E5D461E-SegmentedRaftLogWorker for RaftStorage:Storage Directory /workdir/hadoop-ozone/integration-test/target/test-dir/MiniOzoneClusterImpl-5901a962-94ba-4a8b-ba12-ae811e713c7a/datanode-2/data/ratis/84be8c3a-4ffd-4994-9f6e-248a7e5d461e
2019-11-14 15:11:11,656 [pool-529-thread-1] INFO  server.RaftServerConfigKeys (ConfUtils.java:logGet(43)) - raft.server.log.queue.byte-limit = 2147483647 (custom)
2019-11-14 15:11:11,656 [pool-529-thread-1] INFO  server.RaftServerConfigKeys (ConfUtils.java:logGet(43)) - raft.server.log.queue.element-limit = 1024 (custom)
2019-11-14 15:11:11,656 [pool-529-thread-1] INFO  server.RaftServerConfigKeys (ConfUtils.java:logGet(43)) - raft.server.log.segment.size.max = 1048576 (custom)
2019-11-14 15:11:11,656 [pool-529-thread-1] INFO  server.RaftServerConfigKeys (ConfUtils.java:logGet(43)) - raft.server.log.preallocated.size = 16384 (custom)
2019-11-14 15:11:11,656 [pool-529-thread-1] INFO  server.RaftServerConfigKeys (ConfUtils.java:logGet(43)) - raft.server.log.write.buffer.size = 33554432 (custom)
2019-11-14 15:11:11,656 [pool-529-thread-1] INFO  server.RaftServerConfigKeys (ConfUtils.java:logGet(43)) - raft.server.log.force.sync.num = 128 (default)
2019-11-14 15:11:11,656 [pool-529-thread-1] INFO  server.RaftServerConfigKeys (ConfUtils.java:logGet(43)) - raft.server.log.statemachine.data.sync = true (default)
2019-11-14 15:11:11,656 [pool-529-thread-1] INFO  server.RaftServerConfigKeys (ConfUtils.java:logGet(43)) - raft.server.log.statemachine.data.sync.timeout = 10s (default)
2019-11-14 15:11:11,657 [pool-529-thread-1] INFO  server.RaftServerConfigKeys (ConfUtils.java:logGet(43)) - raft.server.log.statemachine.data.sync.timeout.retry = -1 (default)
2019-11-14 15:11:11,657 [pool-529-thread-1] INFO  server.RaftServerConfigKeys (ConfUtils.java:logGet(43)) - raft.server.log.statemachine.data.caching.enabled = true (custom)
2019-11-14 15:11:11,657 [pool-529-thread-1] INFO  segmented.SegmentedRaftLogWorker (SegmentedRaftLogWorker.java:lambda$new$0(128)) - ee222113-7cfa-4d93-ae35-60587bc46978@group-248A7E5D461E-SegmentedRaftLogWorker: flushIndex: setUnconditionally 0 -> -1
2019-11-14 15:11:11,657 [pool-529-thread-1] INFO  server.RaftServerConfigKeys (ConfUtils.java:logGet(43)) - raft.server.snapshot.auto.trigger.enabled = true (custom)
2019-11-14 15:11:11,657 [pool-529-thread-1] INFO  server.RaftServerConfigKeys (ConfUtils.java:logGet(43)) - raft.server.snapshot.auto.trigger.threshold = 10000 (custom)
2019-11-14 15:11:11,657 [pool-529-thread-1] INFO  server.RaftServerConfigKeys (ConfUtils.java:logGet(43)) - raft.server.snapshot.retention.file.num = 5 (custom)
2019-11-14 15:11:11,657 [pool-529-thread-1] INFO  server.RaftServerConfigKeys (ConfUtils.java:logGet(43)) - raft.server.retrycache.expirytime = 600000ms (custom)
2019-11-14 15:11:11,657 [pool-529-thread-1] WARN  impl.MetricRegistriesImpl (MetricRegistriesImpl.java:lambda$create$1(61)) - First MetricRegistry has been created without registering reporters. You may need to call MetricRegistries.global().addReportRegistration(...) before.
2019-11-14 15:11:11,657 [pool-529-thread-1] WARN  impl.MetricRegistriesImpl (MetricRegistriesImpl.java:lambda$create$1(61)) - First MetricRegistry has been created without registering reporters. You may need to call MetricRegistries.global().addReportRegistration(...) before.
2019-11-14 15:11:11,658 [pool-529-thread-1] INFO  impl.RaftServerImpl (RaftServerImpl.java:start(184)) - ee222113-7cfa-4d93-ae35-60587bc46978@group-248A7E5D461E: start as a follower, conf=-1: [ee222113-7cfa-4d93-ae35-60587bc46978:192.168.34.62:36461], old=null
2019-11-14 15:11:11,658 [pool-529-thread-1] INFO  impl.RaftServerImpl (RaftServerImpl.java:setRole(173)) - ee222113-7cfa-4d93-ae35-60587bc46978@group-248A7E5D461E: changes role from      null to FOLLOWER at term 0 for startAsFollower
2019-11-14 15:11:11,658 [pool-529-thread-1] INFO  impl.RoleInfo (RoleInfo.java:updateAndGet(143)) - ee222113-7cfa-4d93-ae35-60587bc46978: start FollowerState
2019-11-14 15:11:11,658 [pool-529-thread-1] INFO  util.JmxRegister (JmxRegister.java:tryRegister(44)) - Successfully registered JMX Bean with object name Ratis:service=RaftServer,group=group-248A7E5D461E,id=ee222113-7cfa-4d93-ae35-60587bc46978
2019-11-14 15:11:11,658 [pool-529-thread-1] WARN  impl.MetricRegistriesImpl (MetricRegistriesImpl.java:lambda$create$1(61)) - First MetricRegistry has been created without registering reporters. You may need to call MetricRegistries.global().addReportRegistration(...) before.
2019-11-14 15:11:11,660 [RatisPipelineUtilsThread] INFO  pipeline.PipelineStateManager (PipelineStateManager.java:addPipeline(55)) - Created pipeline Pipeline[ Id: 84be8c3a-4ffd-4994-9f6e-248a7e5d461e, Nodes: ee222113-7cfa-4d93-ae35-60587bc46978{ip: 192.168.34.62, host: pr-hdds-2480-6qkg9-608321763, networkLocation: /rack1, certSerialId: null}, Type:RATIS, Factor:ONE, State:ALLOCATED]
2019-11-14 15:11:11,660 [Thread-4175] INFO  pipeline.PipelineStateManager (PipelineStateManager.java:finalizePipeline(121)) - Pipeline Pipeline[ Id: 307b61df-646c-4a2e-90a9-c03aabed6dcb, Nodes: fdb64a2a-711d-4b74-a4a4-cacd6c2cad61{ip: 192.168.34.62, host: pr-hdds-2480-6qkg9-608321763, networkLocation: /rack1, certSerialId: null}de889d2b-5891-48f1-89d7-805f59e22d6d{ip: 192.168.34.62, host: pr-hdds-2480-6qkg9-608321763, networkLocation: /rack1, certSerialId: null}34d60e7e-1049-4636-b4f7-69f15bd98c31{ip: 192.168.34.62, host: pr-hdds-2480-6qkg9-608321763, networkLocation: /rack1, certSerialId: null}, Type:RATIS, Factor:THREE, State:CLOSED] moved to CLOSED state
2019-11-14 15:11:11,663 [grpc-default-executor-6] INFO  impl.RaftServerProxy (RaftServerProxy.java:remove(95)) - fdb64a2a-711d-4b74-a4a4-cacd6c2cad61: remove  FOLLOWER fdb64a2a-711d-4b74-a4a4-cacd6c2cad61@group-C03AABED6DCB:t1, leader=34d60e7e-1049-4636-b4f7-69f15bd98c31, voted=fdb64a2a-711d-4b74-a4a4-cacd6c2cad61, raftlog=fdb64a2a-711d-4b74-a4a4-cacd6c2cad61@group-C03AABED6DCB-SegmentedRaftLog:OPENED:c0,f0,i0, conf=0: [fdb64a2a-711d-4b74-a4a4-cacd6c2cad61:192.168.34.62:37913, 34d60e7e-1049-4636-b4f7-69f15bd98c31:192.168.34.62:39382, de889d2b-5891-48f1-89d7-805f59e22d6d:192.168.34.62:42999], old=null RUNNING
2019-11-14 15:11:11,663 [grpc-default-executor-6] INFO  impl.RaftServerImpl (RaftServerImpl.java:lambda$shutdown$3(250)) - fdb64a2a-711d-4b74-a4a4-cacd6c2cad61@group-C03AABED6DCB: shutdown
2019-11-14 15:11:11,663 [grpc-default-executor-6] INFO  util.JmxRegister (JmxRegister.java:unregister(73)) - Successfully un-registered JMX Bean with object name Ratis:service=RaftServer,group=group-C03AABED6DCB,id=fdb64a2a-711d-4b74-a4a4-cacd6c2cad61
2019-11-14 15:11:11,663 [grpc-default-executor-6] INFO  impl.RoleInfo (RoleInfo.java:shutdownFollowerState(121)) - fdb64a2a-711d-4b74-a4a4-cacd6c2cad61: shutdown FollowerState
2019-11-14 15:11:11,663 [grpc-default-executor-6] INFO  impl.StateMachineUpdater (StateMachineUpdater.java:stopAndJoin(136)) - fdb64a2a-711d-4b74-a4a4-cacd6c2cad61@group-C03AABED6DCB-StateMachineUpdater: set stopIndex = 0
2019-11-14 15:11:11,663 [Thread-4267] INFO  impl.FollowerState (FollowerState.java:run(120)) - fdb64a2a-711d-4b74-a4a4-cacd6c2cad61@group-C03AABED6DCB-FollowerState was interrupted: java.lang.InterruptedException: sleep interrupted
2019-11-14 15:11:11,664 [grpc-default-executor-6] INFO  impl.RaftServerImpl (ServerState.java:close(387)) - fdb64a2a-711d-4b74-a4a4-cacd6c2cad61@group-C03AABED6DCB: closes. applyIndex: 0
2019-11-14 15:11:11,664 [fdb64a2a-711d-4b74-a4a4-cacd6c2cad61@group-C03AABED6DCB-SegmentedRaftLogWorker] INFO  segmented.SegmentedRaftLogWorker (SegmentedRaftLogWorker.java:run(316)) - fdb64a2a-711d-4b74-a4a4-cacd6c2cad61@group-C03AABED6DCB-SegmentedRaftLogWorker was interrupted, exiting. There are 0 tasks remaining in the queue.
2019-11-14 15:11:11,664 [grpc-default-executor-6] INFO  segmented.SegmentedRaftLogWorker (SegmentedRaftLogWorker.java:close(224)) - fdb64a2a-711d-4b74-a4a4-cacd6c2cad61@group-C03AABED6DCB-SegmentedRaftLogWorker close()
2019-11-14 15:11:11,670 [grpc-default-executor-6] INFO  impl.RaftServerProxy (RaftServerProxy.java:remove(95)) - de889d2b-5891-48f1-89d7-805f59e22d6d: remove  FOLLOWER de889d2b-5891-48f1-89d7-805f59e22d6d@group-C03AABED6DCB:t1, leader=34d60e7e-1049-4636-b4f7-69f15bd98c31, voted=34d60e7e-1049-4636-b4f7-69f15bd98c31, raftlog=de889d2b-5891-48f1-89d7-805f59e22d6d@group-C03AABED6DCB-SegmentedRaftLog:OPENED:c0,f0,i0, conf=0: [fdb64a2a-711d-4b74-a4a4-cacd6c2cad61:192.168.34.62:37913, 34d60e7e-1049-4636-b4f7-69f15bd98c31:192.168.34.62:39382, de889d2b-5891-48f1-89d7-805f59e22d6d:192.168.34.62:42999], old=null RUNNING
2019-11-14 15:11:11,670 [grpc-default-executor-6] INFO  impl.RaftServerImpl (RaftServerImpl.java:lambda$shutdown$3(250)) - de889d2b-5891-48f1-89d7-805f59e22d6d@group-C03AABED6DCB: shutdown
2019-11-14 15:11:11,670 [grpc-default-executor-6] INFO  util.JmxRegister (JmxRegister.java:unregister(73)) - Successfully un-registered JMX Bean with object name Ratis:service=RaftServer,group=group-C03AABED6DCB,id=de889d2b-5891-48f1-89d7-805f59e22d6d
2019-11-14 15:11:11,670 [grpc-default-executor-6] INFO  impl.RoleInfo (RoleInfo.java:shutdownFollowerState(121)) - de889d2b-5891-48f1-89d7-805f59e22d6d: shutdown FollowerState
2019-11-14 15:11:11,670 [grpc-default-executor-6] INFO  impl.StateMachineUpdater (StateMachineUpdater.java:stopAndJoin(136)) - de889d2b-5891-48f1-89d7-805f59e22d6d@group-C03AABED6DCB-StateMachineUpdater: set stopIndex = 0
2019-11-14 15:11:11,671 [Thread-4265] INFO  impl.FollowerState (FollowerState.java:run(120)) - de889d2b-5891-48f1-89d7-805f59e22d6d@group-C03AABED6DCB-FollowerState was interrupted: java.lang.InterruptedException: sleep interrupted
2019-11-14 15:11:11,671 [grpc-default-executor-6] INFO  impl.RaftServerImpl (ServerState.java:close(387)) - de889d2b-5891-48f1-89d7-805f59e22d6d@group-C03AABED6DCB: closes. applyIndex: 0
2019-11-14 15:11:11,671 [de889d2b-5891-48f1-89d7-805f59e22d6d@group-C03AABED6DCB-SegmentedRaftLogWorker] INFO  segmented.SegmentedRaftLogWorker (SegmentedRaftLogWorker.java:run(316)) - de889d2b-5891-48f1-89d7-805f59e22d6d@group-C03AABED6DCB-SegmentedRaftLogWorker was interrupted, exiting. There are 0 tasks remaining in the queue.
2019-11-14 15:11:11,671 [grpc-default-executor-6] INFO  segmented.SegmentedRaftLogWorker (SegmentedRaftLogWorker.java:close(224)) - de889d2b-5891-48f1-89d7-805f59e22d6d@group-C03AABED6DCB-SegmentedRaftLogWorker close()
2019-11-14 15:11:11,676 [grpc-default-executor-6] INFO  impl.RaftServerProxy (RaftServerProxy.java:remove(95)) - 34d60e7e-1049-4636-b4f7-69f15bd98c31: remove    LEADER 34d60e7e-1049-4636-b4f7-69f15bd98c31@group-C03AABED6DCB:t1, leader=34d60e7e-1049-4636-b4f7-69f15bd98c31, voted=34d60e7e-1049-4636-b4f7-69f15bd98c31, raftlog=34d60e7e-1049-4636-b4f7-69f15bd98c31@group-C03AABED6DCB-SegmentedRaftLog:OPENED:c0,f0,i0, conf=0: [fdb64a2a-711d-4b74-a4a4-cacd6c2cad61:192.168.34.62:37913, 34d60e7e-1049-4636-b4f7-69f15bd98c31:192.168.34.62:39382, de889d2b-5891-48f1-89d7-805f59e22d6d:192.168.34.62:42999], old=null RUNNING
2019-11-14 15:11:11,676 [grpc-default-executor-6] INFO  impl.RaftServerImpl (RaftServerImpl.java:lambda$shutdown$3(250)) - 34d60e7e-1049-4636-b4f7-69f15bd98c31@group-C03AABED6DCB: shutdown
2019-11-14 15:11:11,676 [grpc-default-executor-6] INFO  util.JmxRegister (JmxRegister.java:unregister(73)) - Successfully un-registered JMX Bean with object name Ratis:service=RaftServer,group=group-C03AABED6DCB,id=34d60e7e-1049-4636-b4f7-69f15bd98c31
2019-11-14 15:11:11,677 [grpc-default-executor-6] INFO  impl.RoleInfo (RoleInfo.java:shutdownLeaderState(104)) - 34d60e7e-1049-4636-b4f7-69f15bd98c31: shutdown LeaderState
2019-11-14 15:11:11,680 [grpc-default-executor-6] INFO  impl.PendingRequests (PendingRequests.java:sendNotLeaderResponses(206)) - 34d60e7e-1049-4636-b4f7-69f15bd98c31@group-C03AABED6DCB-PendingRequests: sendNotLeaderResponses
2019-11-14 15:11:11,680 [org.apache.ratis.server.impl.LogAppender$AppenderDaemon$$Lambda$463/184788748@192f339f] WARN  server.GrpcLogAppender (GrpcLogAppender.java:mayWait(151)) - 34d60e7e-1049-4636-b4f7-69f15bd98c31@group-C03AABED6DCB->de889d2b-5891-48f1-89d7-805f59e22d6d-GrpcLogAppender: Wait interrupted by java.lang.InterruptedException
2019-11-14 15:11:11,680 [grpc-default-executor-6] INFO  impl.StateMachineUpdater (StateMachineUpdater.java:stopAndJoin(136)) - 34d60e7e-1049-4636-b4f7-69f15bd98c31@group-C03AABED6DCB-StateMachineUpdater: set stopIndex = 0
2019-11-14 15:11:11,680 [grpc-default-executor-6] INFO  impl.RaftServerImpl (ServerState.java:close(387)) - 34d60e7e-1049-4636-b4f7-69f15bd98c31@group-C03AABED6DCB: closes. applyIndex: 0
2019-11-14 15:11:11,680 [org.apache.ratis.server.impl.LogAppender$AppenderDaemon$$Lambda$463/184788748@5c2da67e] WARN  server.GrpcLogAppender (GrpcLogAppender.java:mayWait(151)) - 34d60e7e-1049-4636-b4f7-69f15bd98c31@group-C03AABED6DCB->fdb64a2a-711d-4b74-a4a4-cacd6c2cad61-GrpcLogAppender: Wait interrupted by java.lang.InterruptedException
2019-11-14 15:11:11,680 [34d60e7e-1049-4636-b4f7-69f15bd98c31@group-C03AABED6DCB-SegmentedRaftLogWorker] INFO  segmented.SegmentedRaftLogWorker (SegmentedRaftLogWorker.java:run(316)) - 34d60e7e-1049-4636-b4f7-69f15bd98c31@group-C03AABED6DCB-SegmentedRaftLogWorker was interrupted, exiting. There are 0 tasks remaining in the queue.
2019-11-14 15:11:11,680 [grpc-default-executor-0] INFO  server.GrpcServerProtocolService (GrpcServerProtocolService.java:onCompleted(113)) - de889d2b-5891-48f1-89d7-805f59e22d6d: Completed APPEND_ENTRIES, lastRequest: 34d60e7e-1049-4636-b4f7-69f15bd98c31->de889d2b-5891-48f1-89d7-805f59e22d6d#4-t1, previous=(t:1, i:0), leaderCommit=0, initializing? false, entries: <empty>
2019-11-14 15:11:11,680 [grpc-default-executor-6] INFO  segmented.SegmentedRaftLogWorker (SegmentedRaftLogWorker.java:close(224)) - 34d60e7e-1049-4636-b4f7-69f15bd98c31@group-C03AABED6DCB-SegmentedRaftLogWorker close()
2019-11-14 15:11:11,681 [grpc-default-executor-4] INFO  server.GrpcServerProtocolService (GrpcServerProtocolService.java:onCompleted(113)) - fdb64a2a-711d-4b74-a4a4-cacd6c2cad61: Completed APPEND_ENTRIES, lastRequest: 34d60e7e-1049-4636-b4f7-69f15bd98c31->fdb64a2a-711d-4b74-a4a4-cacd6c2cad61#4-t1, previous=(t:1, i:0), leaderCommit=0, initializing? false, entries: <empty>
2019-11-14 15:11:11,682 [grpc-default-executor-4] INFO  server.GrpcLogAppender (GrpcLogAppender.java:onCompleted(308)) - 34d60e7e-1049-4636-b4f7-69f15bd98c31@group-C03AABED6DCB->fdb64a2a-711d-4b74-a4a4-cacd6c2cad61-AppendLogResponseHandler: follower responses appendEntries COMPLETED
2019-11-14 15:11:11,682 [grpc-default-executor-0] INFO  server.GrpcLogAppender (GrpcLogAppender.java:onCompleted(308)) - 34d60e7e-1049-4636-b4f7-69f15bd98c31@group-C03AABED6DCB->de889d2b-5891-48f1-89d7-805f59e22d6d-AppendLogResponseHandler: follower responses appendEntries COMPLETED
2019-11-14 15:11:11,682 [grpc-default-executor-4] INFO  impl.FollowerInfo (FollowerInfo.java:lambda$new$0(51)) - 34d60e7e-1049-4636-b4f7-69f15bd98c31@group-C03AABED6DCB->fdb64a2a-711d-4b74-a4a4-cacd6c2cad61: nextIndex: updateUnconditionally 1 -> 0
2019-11-14 15:11:11,683 [grpc-default-executor-0] INFO  impl.FollowerInfo (FollowerInfo.java:lambda$new$0(51)) - 34d60e7e-1049-4636-b4f7-69f15bd98c31@group-C03AABED6DCB->de889d2b-5891-48f1-89d7-805f59e22d6d: nextIndex: updateUnconditionally 1 -> 0
2019-11-14 15:11:11,684 [Thread-4175] INFO  pipeline.PipelineStateManager (PipelineStateManager.java:removePipeline(106)) - Pipeline Pipeline[ Id: 307b61df-646c-4a2e-90a9-c03aabed6dcb, Nodes: fdb64a2a-711d-4b74-a4a4-cacd6c2cad61{ip: 192.168.34.62, host: pr-hdds-2480-6qkg9-608321763, networkLocation: /rack1, certSerialId: null}de889d2b-5891-48f1-89d7-805f59e22d6d{ip: 192.168.34.62, host: pr-hdds-2480-6qkg9-608321763, networkLocation: /rack1, certSerialId: null}34d60e7e-1049-4636-b4f7-69f15bd98c31{ip: 192.168.34.62, host: pr-hdds-2480-6qkg9-608321763, networkLocation: /rack1, certSerialId: null}, Type:RATIS, Factor:THREE, State:CLOSED] removed from db
2019-11-14 15:11:11,684 [Thread-4175] INFO  pipeline.SCMPipelineManager (SCMPipelineManager.java:finalizeAndDestroyPipeline(315)) - destroying pipeline:Pipeline[ Id: af54f0ef-5bb2-4a24-ac28-85924f944e96, Nodes: de889d2b-5891-48f1-89d7-805f59e22d6d{ip: 192.168.34.62, host: pr-hdds-2480-6qkg9-608321763, networkLocation: /rack1, certSerialId: null}, Type:RATIS, Factor:ONE, State:OPEN]
2019-11-14 15:11:11,696 [grpc-default-executor-0] INFO  impl.RaftServerProxy (RaftServerProxy.java:addNew(89)) - 34d60e7e-1049-4636-b4f7-69f15bd98c31: addNew group-81275DA7FAB4:[fdb64a2a-711d-4b74-a4a4-cacd6c2cad61:192.168.34.62:37913, 34d60e7e-1049-4636-b4f7-69f15bd98c31:192.168.34.62:39382, de889d2b-5891-48f1-89d7-805f59e22d6d:192.168.34.62:42999] returns group-81275DA7FAB4:java.util.concurrent.CompletableFuture@57e83921[Not completed]
2019-11-14 15:11:11,696 [grpc-default-executor-4] INFO  impl.RaftServerProxy (RaftServerProxy.java:addNew(89)) - fdb64a2a-711d-4b74-a4a4-cacd6c2cad61: addNew group-81275DA7FAB4:[fdb64a2a-711d-4b74-a4a4-cacd6c2cad61:192.168.34.62:37913, 34d60e7e-1049-4636-b4f7-69f15bd98c31:192.168.34.62:39382, de889d2b-5891-48f1-89d7-805f59e22d6d:192.168.34.62:42999] returns group-81275DA7FAB4:java.util.concurrent.CompletableFuture@6103e12c[Not completed]
2019-11-14 15:11:11,696 [grpc-default-executor-4] INFO  impl.RaftServerProxy (RaftServerProxy.java:addNew(89)) - de889d2b-5891-48f1-89d7-805f59e22d6d: addNew group-81275DA7FAB4:[fdb64a2a-711d-4b74-a4a4-cacd6c2cad61:192.168.34.62:37913, 34d60e7e-1049-4636-b4f7-69f15bd98c31:192.168.34.62:39382, de889d2b-5891-48f1-89d7-805f59e22d6d:192.168.34.62:42999] returns group-81275DA7FAB4:java.util.concurrent.CompletableFuture@3b97fdfa[Not completed]
2019-11-14 15:11:11,697 [pool-559-thread-1] INFO  impl.RaftServerImpl (RaftServerImpl.java:<init>(98)) - 34d60e7e-1049-4636-b4f7-69f15bd98c31: new RaftServerImpl for group-81275DA7FAB4:[fdb64a2a-711d-4b74-a4a4-cacd6c2cad61:192.168.34.62:37913, 34d60e7e-1049-4636-b4f7-69f15bd98c31:192.168.34.62:39382, de889d2b-5891-48f1-89d7-805f59e22d6d:192.168.34.62:42999] with ContainerStateMachine:uninitialized
2019-11-14 15:11:11,697 [pool-559-thread-1] INFO  server.RaftServerConfigKeys (ConfUtils.java:logGet(43)) - raft.server.rpc.timeout.min = 1s (custom)
2019-11-14 15:11:11,697 [pool-559-thread-1] INFO  server.RaftServerConfigKeys (ConfUtils.java:logGet(43)) - raft.server.rpc.timeout.max = 1200ms (custom)
2019-11-14 15:11:11,697 [pool-559-thread-1] INFO  server.RaftServerConfigKeys (ConfUtils.java:logGet(43)) - raft.server.rpcslowness.timeout = 120s (custom)
2019-11-14 15:11:11,697 [pool-559-thread-1] INFO  server.RaftServerConfigKeys (ConfUtils.java:logGet(43)) - raft.server.sleep.deviation.threshold = 300 (default)
2019-11-14 15:11:11,697 [pool-569-thread-1] INFO  impl.RaftServerImpl (RaftServerImpl.java:<init>(98)) - fdb64a2a-711d-4b74-a4a4-cacd6c2cad61: new RaftServerImpl for group-81275DA7FAB4:[fdb64a2a-711d-4b74-a4a4-cacd6c2cad61:192.168.34.62:37913, 34d60e7e-1049-4636-b4f7-69f15bd98c31:192.168.34.62:39382, de889d2b-5891-48f1-89d7-805f59e22d6d:192.168.34.62:42999] with ContainerStateMachine:uninitialized
2019-11-14 15:11:11,697 [pool-559-thread-1] INFO  server.RaftServerConfigKeys (ConfUtils.java:logGet(43)) - raft.server.log.appender.install.snapshot.enabled = false (custom)
2019-11-14 15:11:11,697 [pool-569-thread-1] INFO  server.RaftServerConfigKeys (ConfUtils.java:logGet(43)) - raft.server.rpc.timeout.min = 1s (custom)
2019-11-14 15:11:11,697 [pool-559-thread-1] INFO  impl.RaftServerImpl (ServerState.java:<init>(103)) - 34d60e7e-1049-4636-b4f7-69f15bd98c31@group-81275DA7FAB4: ConfigurationManager, init=-1: [fdb64a2a-711d-4b74-a4a4-cacd6c2cad61:192.168.34.62:37913, 34d60e7e-1049-4636-b4f7-69f15bd98c31:192.168.34.62:39382, de889d2b-5891-48f1-89d7-805f59e22d6d:192.168.34.62:42999], old=null, confs=<EMPTY_MAP>
2019-11-14 15:11:11,698 [pool-549-thread-1] INFO  impl.RaftServerImpl (RaftServerImpl.java:<init>(98)) - de889d2b-5891-48f1-89d7-805f59e22d6d: new RaftServerImpl for group-81275DA7FAB4:[fdb64a2a-711d-4b74-a4a4-cacd6c2cad61:192.168.34.62:37913, 34d60e7e-1049-4636-b4f7-69f15bd98c31:192.168.34.62:39382, de889d2b-5891-48f1-89d7-805f59e22d6d:192.168.34.62:42999] with ContainerStateMachine:uninitialized
2019-11-14 15:11:11,698 [pool-569-thread-1] INFO  server.RaftServerConfigKeys (ConfUtils.java:logGet(43)) - raft.server.rpc.timeout.max = 1200ms (custom)
2019-11-14 15:11:11,698 [pool-549-thread-1] INFO  server.RaftServerConfigKeys (ConfUtils.java:logGet(43)) - raft.server.rpc.timeout.min = 1s (custom)
2019-11-14 15:11:11,698 [pool-559-thread-1] INFO  server.RaftServerConfigKeys (ConfUtils.java:logGet(43)) - raft.server.storage.dir = [/workdir/hadoop-ozone/integration-test/target/test-dir/MiniOzoneClusterImpl-5901a962-94ba-4a8b-ba12-ae811e713c7a/datanode-5/data/ratis] (custom)
2019-11-14 15:11:11,698 [pool-549-thread-1] INFO  server.RaftServerConfigKeys (ConfUtils.java:logGet(43)) - raft.server.rpc.timeout.max = 1200ms (custom)
2019-11-14 15:11:11,698 [pool-569-thread-1] INFO  server.RaftServerConfigKeys (ConfUtils.java:logGet(43)) - raft.server.rpcslowness.timeout = 120s (custom)
2019-11-14 15:11:11,698 [pool-559-thread-1] INFO  server.RaftServerConfigKeys (ConfUtils.java:logGet(43)) - raft.server.log.corruption.policy = EXCEPTION (default)
2019-11-14 15:11:11,698 [pool-549-thread-1] INFO  server.RaftServerConfigKeys (ConfUtils.java:logGet(43)) - raft.server.rpcslowness.timeout = 120s (custom)
2019-11-14 15:11:11,698 [pool-569-thread-1] INFO  server.RaftServerConfigKeys (ConfUtils.java:logGet(43)) - raft.server.sleep.deviation.threshold = 300 (default)
2019-11-14 15:11:11,698 [pool-559-thread-1] INFO  storage.RaftStorageDirectory (RaftStorageDirectory.java:analyzeStorage(246)) - The storage directory /workdir/hadoop-ozone/integration-test/target/test-dir/MiniOzoneClusterImpl-5901a962-94ba-4a8b-ba12-ae811e713c7a/datanode-5/data/ratis/76eb025c-cb1f-4c58-8d9c-81275da7fab4 does not exist. Creating ...
2019-11-14 15:11:11,698 [pool-549-thread-1] INFO  server.RaftServerConfigKeys (ConfUtils.java:logGet(43)) - raft.server.sleep.deviation.threshold = 300 (default)
2019-11-14 15:11:11,698 [pool-569-thread-1] INFO  server.RaftServerConfigKeys (ConfUtils.java:logGet(43)) - raft.server.log.appender.install.snapshot.enabled = false (custom)
2019-11-14 15:11:11,699 [pool-549-thread-1] INFO  server.RaftServerConfigKeys (ConfUtils.java:logGet(43)) - raft.server.log.appender.install.snapshot.enabled = false (custom)
2019-11-14 15:11:11,699 [pool-569-thread-1] INFO  impl.RaftServerImpl (ServerState.java:<init>(103)) - fdb64a2a-711d-4b74-a4a4-cacd6c2cad61@group-81275DA7FAB4: ConfigurationManager, init=-1: [fdb64a2a-711d-4b74-a4a4-cacd6c2cad61:192.168.34.62:37913, 34d60e7e-1049-4636-b4f7-69f15bd98c31:192.168.34.62:39382, de889d2b-5891-48f1-89d7-805f59e22d6d:192.168.34.62:42999], old=null, confs=<EMPTY_MAP>
2019-11-14 15:11:11,699 [pool-549-thread-1] INFO  impl.RaftServerImpl (ServerState.java:<init>(103)) - de889d2b-5891-48f1-89d7-805f59e22d6d@group-81275DA7FAB4: ConfigurationManager, init=-1: [fdb64a2a-711d-4b74-a4a4-cacd6c2cad61:192.168.34.62:37913, 34d60e7e-1049-4636-b4f7-69f15bd98c31:192.168.34.62:39382, de889d2b-5891-48f1-89d7-805f59e22d6d:192.168.34.62:42999], old=null, confs=<EMPTY_MAP>
2019-11-14 15:11:11,699 [pool-569-thread-1] INFO  server.RaftServerConfigKeys (ConfUtils.java:logGet(43)) - raft.server.storage.dir = [/workdir/hadoop-ozone/integration-test/target/test-dir/MiniOzoneClusterImpl-5901a962-94ba-4a8b-ba12-ae811e713c7a/datanode-6/data/ratis] (custom)
2019-11-14 15:11:11,699 [pool-549-thread-1] INFO  server.RaftServerConfigKeys (ConfUtils.java:logGet(43)) - raft.server.storage.dir = [/workdir/hadoop-ozone/integration-test/target/test-dir/MiniOzoneClusterImpl-5901a962-94ba-4a8b-ba12-ae811e713c7a/datanode-4/data/ratis] (custom)
2019-11-14 15:11:11,699 [pool-569-thread-1] INFO  server.RaftServerConfigKeys (ConfUtils.java:logGet(43)) - raft.server.log.corruption.policy = EXCEPTION (default)
2019-11-14 15:11:11,699 [pool-549-thread-1] INFO  server.RaftServerConfigKeys (ConfUtils.java:logGet(43)) - raft.server.log.corruption.policy = EXCEPTION (default)
2019-11-14 15:11:11,699 [pool-569-thread-1] INFO  storage.RaftStorageDirectory (RaftStorageDirectory.java:analyzeStorage(246)) - The storage directory /workdir/hadoop-ozone/integration-test/target/test-dir/MiniOzoneClusterImpl-5901a962-94ba-4a8b-ba12-ae811e713c7a/datanode-6/data/ratis/76eb025c-cb1f-4c58-8d9c-81275da7fab4 does not exist. Creating ...
2019-11-14 15:11:11,699 [pool-549-thread-1] INFO  storage.RaftStorageDirectory (RaftStorageDirectory.java:analyzeStorage(246)) - The storage directory /workdir/hadoop-ozone/integration-test/target/test-dir/MiniOzoneClusterImpl-5901a962-94ba-4a8b-ba12-ae811e713c7a/datanode-4/data/ratis/76eb025c-cb1f-4c58-8d9c-81275da7fab4 does not exist. Creating ...
2019-11-14 15:11:11,712 [pool-549-thread-1] INFO  storage.RaftStorageDirectory (RaftStorageDirectory.java:tryLock(328)) - Lock on /workdir/hadoop-ozone/integration-test/target/test-dir/MiniOzoneClusterImpl-5901a962-94ba-4a8b-ba12-ae811e713c7a/datanode-4/data/ratis/76eb025c-cb1f-4c58-8d9c-81275da7fab4/in_use.lock acquired by nodename 23875@pr-hdds-2480-6qkg9-608321763
2019-11-14 15:11:11,712 [pool-569-thread-1] INFO  storage.RaftStorageDirectory (RaftStorageDirectory.java:tryLock(328)) - Lock on /workdir/hadoop-ozone/integration-test/target/test-dir/MiniOzoneClusterImpl-5901a962-94ba-4a8b-ba12-ae811e713c7a/datanode-6/data/ratis/76eb025c-cb1f-4c58-8d9c-81275da7fab4/in_use.lock acquired by nodename 23875@pr-hdds-2480-6qkg9-608321763
2019-11-14 15:11:11,712 [pool-559-thread-1] INFO  storage.RaftStorageDirectory (RaftStorageDirectory.java:tryLock(328)) - Lock on /workdir/hadoop-ozone/integration-test/target/test-dir/MiniOzoneClusterImpl-5901a962-94ba-4a8b-ba12-ae811e713c7a/datanode-5/data/ratis/76eb025c-cb1f-4c58-8d9c-81275da7fab4/in_use.lock acquired by nodename 23875@pr-hdds-2480-6qkg9-608321763
2019-11-14 15:11:11,726 [pool-569-thread-1] INFO  storage.RaftStorage (RaftStorage.java:format(84)) - Storage directory /workdir/hadoop-ozone/integration-test/target/test-dir/MiniOzoneClusterImpl-5901a962-94ba-4a8b-ba12-ae811e713c7a/datanode-6/data/ratis/76eb025c-cb1f-4c58-8d9c-81275da7fab4 has been successfully formatted.
2019-11-14 15:11:11,726 [pool-559-thread-1] INFO  storage.RaftStorage (RaftStorage.java:format(84)) - Storage directory /workdir/hadoop-ozone/integration-test/target/test-dir/MiniOzoneClusterImpl-5901a962-94ba-4a8b-ba12-ae811e713c7a/datanode-5/data/ratis/76eb025c-cb1f-4c58-8d9c-81275da7fab4 has been successfully formatted.
2019-11-14 15:11:11,726 [pool-549-thread-1] INFO  storage.RaftStorage (RaftStorage.java:format(84)) - Storage directory /workdir/hadoop-ozone/integration-test/target/test-dir/MiniOzoneClusterImpl-5901a962-94ba-4a8b-ba12-ae811e713c7a/datanode-4/data/ratis/76eb025c-cb1f-4c58-8d9c-81275da7fab4 has been successfully formatted.
2019-11-14 15:11:11,726 [pool-559-thread-1] INFO  ratis.ContainerStateMachine (ContainerStateMachine.java:loadSnapshot(223)) - group-81275DA7FAB4: The snapshot info is null. Setting the last applied indexto:(t:0, i:~)
2019-11-14 15:11:11,726 [pool-549-thread-1] INFO  ratis.ContainerStateMachine (ContainerStateMachine.java:loadSnapshot(223)) - group-81275DA7FAB4: The snapshot info is null. Setting the last applied indexto:(t:0, i:~)
2019-11-14 15:11:11,726 [pool-559-thread-1] INFO  server.RaftServerConfigKeys (ConfUtils.java:logGet(43)) - raft.server.notification.no-leader.timeout = 120s (custom)
2019-11-14 15:11:11,726 [pool-569-thread-1] INFO  ratis.ContainerStateMachine (ContainerStateMachine.java:loadSnapshot(223)) - group-81275DA7FAB4: The snapshot info is null. Setting the last applied indexto:(t:0, i:~)
2019-11-14 15:11:11,726 [pool-559-thread-1] INFO  server.RaftServerConfigKeys (ConfUtils.java:logGet(43)) - raft.server.log.use.memory = false (default)
2019-11-14 15:11:11,726 [pool-549-thread-1] INFO  server.RaftServerConfigKeys (ConfUtils.java:logGet(43)) - raft.server.notification.no-leader.timeout = 120s (custom)
2019-11-14 15:11:11,726 [pool-559-thread-1] INFO  server.RaftServerConfigKeys (ConfUtils.java:logGet(43)) - raft.server.log.purge.gap = 1000000 (custom)
2019-11-14 15:11:11,726 [pool-569-thread-1] INFO  server.RaftServerConfigKeys (ConfUtils.java:logGet(43)) - raft.server.notification.no-leader.timeout = 120s (custom)
2019-11-14 15:11:11,727 [pool-559-thread-1] INFO  server.RaftServerConfigKeys (ConfUtils.java:logGet(43)) - raft.server.log.appender.buffer.byte-limit = 33554432 (custom)
2019-11-14 15:11:11,727 [pool-549-thread-1] INFO  server.RaftServerConfigKeys (ConfUtils.java:logGet(43)) - raft.server.log.use.memory = false (default)
2019-11-14 15:11:11,727 [pool-559-thread-1] INFO  server.RaftServerConfigKeys (ConfUtils.java:logGet(43)) - raft.server.log.segment.size.max = 1048576 (custom)
2019-11-14 15:11:11,727 [pool-569-thread-1] INFO  server.RaftServerConfigKeys (ConfUtils.java:logGet(43)) - raft.server.log.use.memory = false (default)
2019-11-14 15:11:11,727 [pool-559-thread-1] INFO  server.RaftServerConfigKeys (ConfUtils.java:logGet(43)) - raft.server.log.segment.cache.num.max = 2 (custom)
2019-11-14 15:11:11,727 [pool-549-thread-1] INFO  server.RaftServerConfigKeys (ConfUtils.java:logGet(43)) - raft.server.log.purge.gap = 1000000 (custom)
2019-11-14 15:11:11,727 [pool-559-thread-1] INFO  segmented.SegmentedRaftLogWorker (SegmentedRaftLogWorker.java:<init>(173)) - new 34d60e7e-1049-4636-b4f7-69f15bd98c31@group-81275DA7FAB4-SegmentedRaftLogWorker for RaftStorage:Storage Directory /workdir/hadoop-ozone/integration-test/target/test-dir/MiniOzoneClusterImpl-5901a962-94ba-4a8b-ba12-ae811e713c7a/datanode-5/data/ratis/76eb025c-cb1f-4c58-8d9c-81275da7fab4
2019-11-14 15:11:11,727 [pool-569-thread-1] INFO  server.RaftServerConfigKeys (ConfUtils.java:logGet(43)) - raft.server.log.purge.gap = 1000000 (custom)
2019-11-14 15:11:11,727 [pool-559-thread-1] INFO  server.RaftServerConfigKeys (ConfUtils.java:logGet(43)) - raft.server.log.queue.byte-limit = 2147483647 (custom)
2019-11-14 15:11:11,727 [pool-549-thread-1] INFO  server.RaftServerConfigKeys (ConfUtils.java:logGet(43)) - raft.server.log.appender.buffer.byte-limit = 33554432 (custom)
2019-11-14 15:11:11,727 [pool-559-thread-1] INFO  server.RaftServerConfigKeys (ConfUtils.java:logGet(43)) - raft.server.log.queue.element-limit = 1024 (custom)
2019-11-14 15:11:11,727 [pool-569-thread-1] INFO  server.RaftServerConfigKeys (ConfUtils.java:logGet(43)) - raft.server.log.appender.buffer.byte-limit = 33554432 (custom)
2019-11-14 15:11:11,728 [pool-559-thread-1] INFO  server.RaftServerConfigKeys (ConfUtils.java:logGet(43)) - raft.server.log.segment.size.max = 1048576 (custom)
2019-11-14 15:11:11,728 [pool-549-thread-1] INFO  server.RaftServerConfigKeys (ConfUtils.java:logGet(43)) - raft.server.log.segment.size.max = 1048576 (custom)
2019-11-14 15:11:11,728 [pool-559-thread-1] INFO  server.RaftServerConfigKeys (ConfUtils.java:logGet(43)) - raft.server.log.preallocated.size = 16384 (custom)
2019-11-14 15:11:11,728 [pool-569-thread-1] INFO  server.RaftServerConfigKeys (ConfUtils.java:logGet(43)) - raft.server.log.segment.size.max = 1048576 (custom)
2019-11-14 15:11:11,728 [pool-559-thread-1] INFO  server.RaftServerConfigKeys (ConfUtils.java:logGet(43)) - raft.server.log.write.buffer.size = 33554432 (custom)
2019-11-14 15:11:11,728 [pool-549-thread-1] INFO  server.RaftServerConfigKeys (ConfUtils.java:logGet(43)) - raft.server.log.segment.cache.num.max = 2 (custom)
2019-11-14 15:11:11,728 [pool-559-thread-1] INFO  server.RaftServerConfigKeys (ConfUtils.java:logGet(43)) - raft.server.log.force.sync.num = 128 (default)
2019-11-14 15:11:11,728 [pool-569-thread-1] INFO  server.RaftServerConfigKeys (ConfUtils.java:logGet(43)) - raft.server.log.segment.cache.num.max = 2 (custom)
2019-11-14 15:11:11,728 [pool-559-thread-1] INFO  server.RaftServerConfigKeys (ConfUtils.java:logGet(43)) - raft.server.log.statemachine.data.sync = true (default)
2019-11-14 15:11:11,728 [pool-549-thread-1] INFO  segmented.SegmentedRaftLogWorker (SegmentedRaftLogWorker.java:<init>(173)) - new de889d2b-5891-48f1-89d7-805f59e22d6d@group-81275DA7FAB4-SegmentedRaftLogWorker for RaftStorage:Storage Directory /workdir/hadoop-ozone/integration-test/target/test-dir/MiniOzoneClusterImpl-5901a962-94ba-4a8b-ba12-ae811e713c7a/datanode-4/data/ratis/76eb025c-cb1f-4c58-8d9c-81275da7fab4
2019-11-14 15:11:11,728 [pool-559-thread-1] INFO  server.RaftServerConfigKeys (ConfUtils.java:logGet(43)) - raft.server.log.statemachine.data.sync.timeout = 10s (default)
2019-11-14 15:11:11,728 [pool-569-thread-1] INFO  segmented.SegmentedRaftLogWorker (SegmentedRaftLogWorker.java:<init>(173)) - new fdb64a2a-711d-4b74-a4a4-cacd6c2cad61@group-81275DA7FAB4-SegmentedRaftLogWorker for RaftStorage:Storage Directory /workdir/hadoop-ozone/integration-test/target/test-dir/MiniOzoneClusterImpl-5901a962-94ba-4a8b-ba12-ae811e713c7a/datanode-6/data/ratis/76eb025c-cb1f-4c58-8d9c-81275da7fab4
2019-11-14 15:11:11,729 [pool-559-thread-1] INFO  server.RaftServerConfigKeys (ConfUtils.java:logGet(43)) - raft.server.log.statemachine.data.sync.timeout.retry = -1 (default)
2019-11-14 15:11:11,729 [pool-549-thread-1] INFO  server.RaftServerConfigKeys (ConfUtils.java:logGet(43)) - raft.server.log.queue.byte-limit = 2147483647 (custom)
2019-11-14 15:11:11,729 [pool-559-thread-1] INFO  server.RaftServerConfigKeys (ConfUtils.java:logGet(43)) - raft.server.log.statemachine.data.caching.enabled = true (custom)
2019-11-14 15:11:11,729 [pool-569-thread-1] INFO  server.RaftServerConfigKeys (ConfUtils.java:logGet(43)) - raft.server.log.queue.byte-limit = 2147483647 (custom)
2019-11-14 15:11:11,729 [pool-569-thread-1] INFO  server.RaftServerConfigKeys (ConfUtils.java:logGet(43)) - raft.server.log.queue.element-limit = 1024 (custom)
2019-11-14 15:11:11,729 [pool-549-thread-1] INFO  server.RaftServerConfigKeys (ConfUtils.java:logGet(43)) - raft.server.log.queue.element-limit = 1024 (custom)
2019-11-14 15:11:11,729 [pool-569-thread-1] INFO  server.RaftServerConfigKeys (ConfUtils.java:logGet(43)) - raft.server.log.segment.size.max = 1048576 (custom)
2019-11-14 15:11:11,729 [pool-559-thread-1] INFO  segmented.SegmentedRaftLogWorker (SegmentedRaftLogWorker.java:lambda$new$0(128)) - 34d60e7e-1049-4636-b4f7-69f15bd98c31@group-81275DA7FAB4-SegmentedRaftLogWorker: flushIndex: setUnconditionally 0 -> -1
2019-11-14 15:11:11,729 [pool-569-thread-1] INFO  server.RaftServerConfigKeys (ConfUtils.java:logGet(43)) - raft.server.log.preallocated.size = 16384 (custom)
2019-11-14 15:11:11,729 [pool-549-thread-1] INFO  server.RaftServerConfigKeys (ConfUtils.java:logGet(43)) - raft.server.log.segment.size.max = 1048576 (custom)
2019-11-14 15:11:11,730 [pool-569-thread-1] INFO  server.RaftServerConfigKeys (ConfUtils.java:logGet(43)) - raft.server.log.write.buffer.size = 33554432 (custom)
2019-11-14 15:11:11,730 [pool-559-thread-1] INFO  server.RaftServerConfigKeys (ConfUtils.java:logGet(43)) - raft.server.snapshot.auto.trigger.enabled = true (custom)
2019-11-14 15:11:11,730 [pool-569-thread-1] INFO  server.RaftServerConfigKeys (ConfUtils.java:logGet(43)) - raft.server.log.force.sync.num = 128 (default)
2019-11-14 15:11:11,730 [pool-549-thread-1] INFO  server.RaftServerConfigKeys (ConfUtils.java:logGet(43)) - raft.server.log.preallocated.size = 16384 (custom)
2019-11-14 15:11:11,730 [pool-569-thread-1] INFO  server.RaftServerConfigKeys (ConfUtils.java:logGet(43)) - raft.server.log.statemachine.data.sync = true (default)
2019-11-14 15:11:11,730 [pool-559-thread-1] INFO  server.RaftServerConfigKeys (ConfUtils.java:logGet(43)) - raft.server.snapshot.auto.trigger.threshold = 10000 (custom)
2019-11-14 15:11:11,730 [pool-569-thread-1] INFO  server.RaftServerConfigKeys (ConfUtils.java:logGet(43)) - raft.server.log.statemachine.data.sync.timeout = 10s (default)
2019-11-14 15:11:11,730 [pool-549-thread-1] INFO  server.RaftServerConfigKeys (ConfUtils.java:logGet(43)) - raft.server.log.write.buffer.size = 33554432 (custom)
2019-11-14 15:11:11,730 [pool-569-thread-1] INFO  server.RaftServerConfigKeys (ConfUtils.java:logGet(43)) - raft.server.log.statemachine.data.sync.timeout.retry = -1 (default)
2019-11-14 15:11:11,730 [pool-559-thread-1] INFO  server.RaftServerConfigKeys (ConfUtils.java:logGet(43)) - raft.server.snapshot.retention.file.num = 5 (custom)
2019-11-14 15:11:11,731 [pool-569-thread-1] INFO  server.RaftServerConfigKeys (ConfUtils.java:logGet(43)) - raft.server.log.statemachine.data.caching.enabled = true (custom)
2019-11-14 15:11:11,731 [pool-549-thread-1] INFO  server.RaftServerConfigKeys (ConfUtils.java:logGet(43)) - raft.server.log.force.sync.num = 128 (default)
2019-11-14 15:11:11,731 [pool-559-thread-1] INFO  server.RaftServerConfigKeys (ConfUtils.java:logGet(43)) - raft.server.retrycache.expirytime = 600000ms (custom)
2019-11-14 15:11:11,731 [pool-549-thread-1] INFO  server.RaftServerConfigKeys (ConfUtils.java:logGet(43)) - raft.server.log.statemachine.data.sync = true (default)
2019-11-14 15:11:11,731 [pool-559-thread-1] WARN  impl.MetricRegistriesImpl (MetricRegistriesImpl.java:lambda$create$1(61)) - First MetricRegistry has been created without registering reporters. You may need to call MetricRegistries.global().addReportRegistration(...) before.
2019-11-14 15:11:11,731 [pool-569-thread-1] INFO  segmented.SegmentedRaftLogWorker (SegmentedRaftLogWorker.java:lambda$new$0(128)) - fdb64a2a-711d-4b74-a4a4-cacd6c2cad61@group-81275DA7FAB4-SegmentedRaftLogWorker: flushIndex: setUnconditionally 0 -> -1
2019-11-14 15:11:11,731 [pool-559-thread-1] WARN  impl.MetricRegistriesImpl (MetricRegistriesImpl.java:lambda$create$1(61)) - First MetricRegistry has been created without registering reporters. You may need to call MetricRegistries.global().addReportRegistration(...) before.
2019-11-14 15:11:11,731 [pool-549-thread-1] INFO  server.RaftServerConfigKeys (ConfUtils.java:logGet(43)) - raft.server.log.statemachine.data.sync.timeout = 10s (default)
2019-11-14 15:11:11,731 [pool-549-thread-1] INFO  server.RaftServerConfigKeys (ConfUtils.java:logGet(43)) - raft.server.log.statemachine.data.sync.timeout.retry = -1 (default)
2019-11-14 15:11:11,731 [pool-559-thread-1] INFO  impl.RaftServerImpl (RaftServerImpl.java:start(184)) - 34d60e7e-1049-4636-b4f7-69f15bd98c31@group-81275DA7FAB4: start as a follower, conf=-1: [fdb64a2a-711d-4b74-a4a4-cacd6c2cad61:192.168.34.62:37913, 34d60e7e-1049-4636-b4f7-69f15bd98c31:192.168.34.62:39382, de889d2b-5891-48f1-89d7-805f59e22d6d:192.168.34.62:42999], old=null
2019-11-14 15:11:11,731 [pool-569-thread-1] INFO  server.RaftServerConfigKeys (ConfUtils.java:logGet(43)) - raft.server.snapshot.auto.trigger.enabled = true (custom)
2019-11-14 15:11:11,732 [pool-559-thread-1] INFO  impl.RaftServerImpl (RaftServerImpl.java:setRole(173)) - 34d60e7e-1049-4636-b4f7-69f15bd98c31@group-81275DA7FAB4: changes role from      null to FOLLOWER at term 0 for startAsFollower
2019-11-14 15:11:11,732 [pool-549-thread-1] INFO  server.RaftServerConfigKeys (ConfUtils.java:logGet(43)) - raft.server.log.statemachine.data.caching.enabled = true (custom)
2019-11-14 15:11:11,732 [pool-559-thread-1] INFO  impl.RoleInfo (RoleInfo.java:updateAndGet(143)) - 34d60e7e-1049-4636-b4f7-69f15bd98c31: start FollowerState
2019-11-14 15:11:11,732 [pool-569-thread-1] INFO  server.RaftServerConfigKeys (ConfUtils.java:logGet(43)) - raft.server.snapshot.auto.trigger.threshold = 10000 (custom)
2019-11-14 15:11:11,732 [pool-549-thread-1] INFO  segmented.SegmentedRaftLogWorker (SegmentedRaftLogWorker.java:lambda$new$0(128)) - de889d2b-5891-48f1-89d7-805f59e22d6d@group-81275DA7FAB4-SegmentedRaftLogWorker: flushIndex: setUnconditionally 0 -> -1
2019-11-14 15:11:11,732 [pool-569-thread-1] INFO  server.RaftServerConfigKeys (ConfUtils.java:logGet(43)) - raft.server.snapshot.retention.file.num = 5 (custom)
2019-11-14 15:11:11,732 [pool-549-thread-1] INFO  server.RaftServerConfigKeys (ConfUtils.java:logGet(43)) - raft.server.snapshot.auto.trigger.enabled = true (custom)
2019-11-14 15:11:11,732 [pool-559-thread-1] INFO  util.JmxRegister (JmxRegister.java:tryRegister(44)) - Successfully registered JMX Bean with object name Ratis:service=RaftServer,group=group-81275DA7FAB4,id=34d60e7e-1049-4636-b4f7-69f15bd98c31
2019-11-14 15:11:11,732 [pool-549-thread-1] INFO  server.RaftServerConfigKeys (ConfUtils.java:logGet(43)) - raft.server.snapshot.auto.trigger.threshold = 10000 (custom)
2019-11-14 15:11:11,732 [pool-569-thread-1] INFO  server.RaftServerConfigKeys (ConfUtils.java:logGet(43)) - raft.server.retrycache.expirytime = 600000ms (custom)
2019-11-14 15:11:11,732 [pool-549-thread-1] INFO  server.RaftServerConfigKeys (ConfUtils.java:logGet(43)) - raft.server.snapshot.retention.file.num = 5 (custom)
2019-11-14 15:11:11,732 [pool-559-thread-1] WARN  impl.MetricRegistriesImpl (MetricRegistriesImpl.java:lambda$create$1(61)) - First MetricRegistry has been created without registering reporters. You may need to call MetricRegistries.global().addReportRegistration(...) before.
2019-11-14 15:11:11,733 [pool-549-thread-1] INFO  server.RaftServerConfigKeys (ConfUtils.java:logGet(43)) - raft.server.retrycache.expirytime = 600000ms (custom)
2019-11-14 15:11:11,733 [pool-569-thread-1] WARN  impl.MetricRegistriesImpl (MetricRegistriesImpl.java:lambda$create$1(61)) - First MetricRegistry has been created without registering reporters. You may need to call MetricRegistries.global().addReportRegistration(...) before.
2019-11-14 15:11:11,733 [pool-549-thread-1] WARN  impl.MetricRegistriesImpl (MetricRegistriesImpl.java:lambda$create$1(61)) - First MetricRegistry has been created without registering reporters. You may need to call MetricRegistries.global().addReportRegistration(...) before.
2019-11-14 15:11:11,733 [pool-569-thread-1] WARN  impl.MetricRegistriesImpl (MetricRegistriesImpl.java:lambda$create$1(61)) - First MetricRegistry has been created without registering reporters. You may need to call MetricRegistries.global().addReportRegistration(...) before.
2019-11-14 15:11:11,733 [pool-549-thread-1] WARN  impl.MetricRegistriesImpl (MetricRegistriesImpl.java:lambda$create$1(61)) - First MetricRegistry has been created without registering reporters. You may need to call MetricRegistries.global().addReportRegistration(...) before.
2019-11-14 15:11:11,733 [pool-569-thread-1] INFO  impl.RaftServerImpl (RaftServerImpl.java:start(184)) - fdb64a2a-711d-4b74-a4a4-cacd6c2cad61@group-81275DA7FAB4: start as a follower, conf=-1: [fdb64a2a-711d-4b74-a4a4-cacd6c2cad61:192.168.34.62:37913, 34d60e7e-1049-4636-b4f7-69f15bd98c31:192.168.34.62:39382, de889d2b-5891-48f1-89d7-805f59e22d6d:192.168.34.62:42999], old=null
2019-11-14 15:11:11,733 [pool-549-thread-1] INFO  impl.RaftServerImpl (RaftServerImpl.java:start(184)) - de889d2b-5891-48f1-89d7-805f59e22d6d@group-81275DA7FAB4: start as a follower, conf=-1: [fdb64a2a-711d-4b74-a4a4-cacd6c2cad61:192.168.34.62:37913, 34d60e7e-1049-4636-b4f7-69f15bd98c31:192.168.34.62:39382, de889d2b-5891-48f1-89d7-805f59e22d6d:192.168.34.62:42999], old=null
2019-11-14 15:11:11,733 [pool-569-thread-1] INFO  impl.RaftServerImpl (RaftServerImpl.java:setRole(173)) - fdb64a2a-711d-4b74-a4a4-cacd6c2cad61@group-81275DA7FAB4: changes role from      null to FOLLOWER at term 0 for startAsFollower
2019-11-14 15:11:11,733 [pool-549-thread-1] INFO  impl.RaftServerImpl (RaftServerImpl.java:setRole(173)) - de889d2b-5891-48f1-89d7-805f59e22d6d@group-81275DA7FAB4: changes role from      null to FOLLOWER at term 0 for startAsFollower
2019-11-14 15:11:11,734 [pool-569-thread-1] INFO  impl.RoleInfo (RoleInfo.java:updateAndGet(143)) - fdb64a2a-711d-4b74-a4a4-cacd6c2cad61: start FollowerState
2019-11-14 15:11:11,734 [pool-549-thread-1] INFO  impl.RoleInfo (RoleInfo.java:updateAndGet(143)) - de889d2b-5891-48f1-89d7-805f59e22d6d: start FollowerState
2019-11-14 15:11:11,734 [pool-569-thread-1] INFO  util.JmxRegister (JmxRegister.java:tryRegister(44)) - Successfully registered JMX Bean with object name Ratis:service=RaftServer,group=group-81275DA7FAB4,id=fdb64a2a-711d-4b74-a4a4-cacd6c2cad61
2019-11-14 15:11:11,734 [pool-549-thread-1] INFO  util.JmxRegister (JmxRegister.java:tryRegister(44)) - Successfully registered JMX Bean with object name Ratis:service=RaftServer,group=group-81275DA7FAB4,id=de889d2b-5891-48f1-89d7-805f59e22d6d
2019-11-14 15:11:11,734 [pool-569-thread-1] WARN  impl.MetricRegistriesImpl (MetricRegistriesImpl.java:lambda$create$1(61)) - First MetricRegistry has been created without registering reporters. You may need to call MetricRegistries.global().addReportRegistration(...) before.
2019-11-14 15:11:11,734 [pool-549-thread-1] WARN  impl.MetricRegistriesImpl (MetricRegistriesImpl.java:lambda$create$1(61)) - First MetricRegistry has been created without registering reporters. You may need to call MetricRegistries.global().addReportRegistration(...) before.
2019-11-14 15:11:11,736 [RatisPipelineUtilsThread] INFO  pipeline.PipelineStateManager (PipelineStateManager.java:addPipeline(55)) - Created pipeline Pipeline[ Id: 76eb025c-cb1f-4c58-8d9c-81275da7fab4, Nodes: fdb64a2a-711d-4b74-a4a4-cacd6c2cad61{ip: 192.168.34.62, host: pr-hdds-2480-6qkg9-608321763, networkLocation: /rack1, certSerialId: null}de889d2b-5891-48f1-89d7-805f59e22d6d{ip: 192.168.34.62, host: pr-hdds-2480-6qkg9-608321763, networkLocation: /rack1, certSerialId: null}34d60e7e-1049-4636-b4f7-69f15bd98c31{ip: 192.168.34.62, host: pr-hdds-2480-6qkg9-608321763, networkLocation: /rack1, certSerialId: null}, Type:RATIS, Factor:THREE, State:ALLOCATED]
2019-11-14 15:11:11,737 [Thread-4175] INFO  pipeline.PipelineStateManager (PipelineStateManager.java:finalizePipeline(121)) - Pipeline Pipeline[ Id: af54f0ef-5bb2-4a24-ac28-85924f944e96, Nodes: de889d2b-5891-48f1-89d7-805f59e22d6d{ip: 192.168.34.62, host: pr-hdds-2480-6qkg9-608321763, networkLocation: /rack1, certSerialId: null}, Type:RATIS, Factor:ONE, State:CLOSED] moved to CLOSED state
2019-11-14 15:11:11,739 [grpc-default-executor-4] INFO  impl.RaftServerProxy (RaftServerProxy.java:remove(95)) - de889d2b-5891-48f1-89d7-805f59e22d6d: remove    LEADER de889d2b-5891-48f1-89d7-805f59e22d6d@group-85924F944E96:t1, leader=de889d2b-5891-48f1-89d7-805f59e22d6d, voted=de889d2b-5891-48f1-89d7-805f59e22d6d, raftlog=de889d2b-5891-48f1-89d7-805f59e22d6d@group-85924F944E96-SegmentedRaftLog:OPENED:c0,f0,i0, conf=0: [de889d2b-5891-48f1-89d7-805f59e22d6d:192.168.34.62:42999], old=null RUNNING
2019-11-14 15:11:11,739 [grpc-default-executor-4] INFO  impl.RaftServerImpl (RaftServerImpl.java:lambda$shutdown$3(250)) - de889d2b-5891-48f1-89d7-805f59e22d6d@group-85924F944E96: shutdown
2019-11-14 15:11:11,739 [grpc-default-executor-4] INFO  util.JmxRegister (JmxRegister.java:unregister(73)) - Successfully un-registered JMX Bean with object name Ratis:service=RaftServer,group=group-85924F944E96,id=de889d2b-5891-48f1-89d7-805f59e22d6d
2019-11-14 15:11:11,739 [grpc-default-executor-4] INFO  impl.RoleInfo (RoleInfo.java:shutdownLeaderState(104)) - de889d2b-5891-48f1-89d7-805f59e22d6d: shutdown LeaderState
2019-11-14 15:11:11,739 [grpc-default-executor-4] INFO  impl.PendingRequests (PendingRequests.java:sendNotLeaderResponses(206)) - de889d2b-5891-48f1-89d7-805f59e22d6d@group-85924F944E96-PendingRequests: sendNotLeaderResponses
2019-11-14 15:11:11,740 [grpc-default-executor-4] INFO  impl.StateMachineUpdater (StateMachineUpdater.java:stopAndJoin(136)) - de889d2b-5891-48f1-89d7-805f59e22d6d@group-85924F944E96-StateMachineUpdater: set stopIndex = 0
2019-11-14 15:11:11,740 [grpc-default-executor-4] INFO  impl.RaftServerImpl (ServerState.java:close(387)) - de889d2b-5891-48f1-89d7-805f59e22d6d@group-85924F944E96: closes. applyIndex: 0
2019-11-14 15:11:11,740 [de889d2b-5891-48f1-89d7-805f59e22d6d@group-85924F944E96-SegmentedRaftLogWorker] INFO  segmented.SegmentedRaftLogWorker (SegmentedRaftLogWorker.java:run(316)) - de889d2b-5891-48f1-89d7-805f59e22d6d@group-85924F944E96-SegmentedRaftLogWorker was interrupted, exiting. There are 0 tasks remaining in the queue.
2019-11-14 15:11:11,740 [grpc-default-executor-4] INFO  segmented.SegmentedRaftLogWorker (SegmentedRaftLogWorker.java:close(224)) - de889d2b-5891-48f1-89d7-805f59e22d6d@group-85924F944E96-SegmentedRaftLogWorker close()
2019-11-14 15:11:11,745 [Thread-4175] INFO  pipeline.PipelineStateManager (PipelineStateManager.java:removePipeline(106)) - Pipeline Pipeline[ Id: af54f0ef-5bb2-4a24-ac28-85924f944e96, Nodes: de889d2b-5891-48f1-89d7-805f59e22d6d{ip: 192.168.34.62, host: pr-hdds-2480-6qkg9-608321763, networkLocation: /rack1, certSerialId: null}, Type:RATIS, Factor:ONE, State:CLOSED] removed from db
2019-11-14 15:11:11,745 [Thread-4175] INFO  pipeline.SCMPipelineManager (SCMPipelineManager.java:finalizeAndDestroyPipeline(315)) - destroying pipeline:Pipeline[ Id: f70543dd-cc5f-41b5-ae30-743484fdfed3, Nodes: 51e91b80-82a5-4e26-a62a-ce423dc7e82c{ip: 192.168.34.62, host: pr-hdds-2480-6qkg9-608321763, networkLocation: /rack1, certSerialId: null}, Type:RATIS, Factor:ONE, State:OPEN]
2019-11-14 15:11:11,747 [grpc-default-executor-4] INFO  impl.RaftServerProxy (RaftServerProxy.java:addNew(89)) - de889d2b-5891-48f1-89d7-805f59e22d6d: addNew group-993FCE1B7B62:[de889d2b-5891-48f1-89d7-805f59e22d6d:192.168.34.62:42999] returns group-993FCE1B7B62:java.util.concurrent.CompletableFuture@2f311dea[Not completed]
2019-11-14 15:11:11,748 [pool-549-thread-1] INFO  impl.RaftServerImpl (RaftServerImpl.java:<init>(98)) - de889d2b-5891-48f1-89d7-805f59e22d6d: new RaftServerImpl for group-993FCE1B7B62:[de889d2b-5891-48f1-89d7-805f59e22d6d:192.168.34.62:42999] with ContainerStateMachine:uninitialized
2019-11-14 15:11:11,748 [pool-549-thread-1] INFO  server.RaftServerConfigKeys (ConfUtils.java:logGet(43)) - raft.server.rpc.timeout.min = 1s (custom)
2019-11-14 15:11:11,748 [pool-549-thread-1] INFO  server.RaftServerConfigKeys (ConfUtils.java:logGet(43)) - raft.server.rpc.timeout.max = 1200ms (custom)
2019-11-14 15:11:11,748 [pool-549-thread-1] INFO  server.RaftServerConfigKeys (ConfUtils.java:logGet(43)) - raft.server.rpcslowness.timeout = 120s (custom)
2019-11-14 15:11:11,748 [pool-549-thread-1] INFO  server.RaftServerConfigKeys (ConfUtils.java:logGet(43)) - raft.server.sleep.deviation.threshold = 300 (default)
2019-11-14 15:11:11,748 [pool-549-thread-1] INFO  server.RaftServerConfigKeys (ConfUtils.java:logGet(43)) - raft.server.log.appender.install.snapshot.enabled = false (custom)
2019-11-14 15:11:11,748 [pool-549-thread-1] INFO  impl.RaftServerImpl (ServerState.java:<init>(103)) - de889d2b-5891-48f1-89d7-805f59e22d6d@group-993FCE1B7B62: ConfigurationManager, init=-1: [de889d2b-5891-48f1-89d7-805f59e22d6d:192.168.34.62:42999], old=null, confs=<EMPTY_MAP>
2019-11-14 15:11:11,748 [pool-549-thread-1] INFO  server.RaftServerConfigKeys (ConfUtils.java:logGet(43)) - raft.server.storage.dir = [/workdir/hadoop-ozone/integration-test/target/test-dir/MiniOzoneClusterImpl-5901a962-94ba-4a8b-ba12-ae811e713c7a/datanode-4/data/ratis] (custom)
2019-11-14 15:11:11,749 [pool-549-thread-1] INFO  server.RaftServerConfigKeys (ConfUtils.java:logGet(43)) - raft.server.log.corruption.policy = EXCEPTION (default)
2019-11-14 15:11:11,749 [pool-549-thread-1] INFO  storage.RaftStorageDirectory (RaftStorageDirectory.java:analyzeStorage(246)) - The storage directory /workdir/hadoop-ozone/integration-test/target/test-dir/MiniOzoneClusterImpl-5901a962-94ba-4a8b-ba12-ae811e713c7a/datanode-4/data/ratis/e5d7ed58-e96c-42e4-969b-993fce1b7b62 does not exist. Creating ...
2019-11-14 15:11:11,761 [pool-549-thread-1] INFO  storage.RaftStorageDirectory (RaftStorageDirectory.java:tryLock(328)) - Lock on /workdir/hadoop-ozone/integration-test/target/test-dir/MiniOzoneClusterImpl-5901a962-94ba-4a8b-ba12-ae811e713c7a/datanode-4/data/ratis/e5d7ed58-e96c-42e4-969b-993fce1b7b62/in_use.lock acquired by nodename 23875@pr-hdds-2480-6qkg9-608321763
2019-11-14 15:11:11,764 [pool-549-thread-1] INFO  storage.RaftStorage (RaftStorage.java:format(84)) - Storage directory /workdir/hadoop-ozone/integration-test/target/test-dir/MiniOzoneClusterImpl-5901a962-94ba-4a8b-ba12-ae811e713c7a/datanode-4/data/ratis/e5d7ed58-e96c-42e4-969b-993fce1b7b62 has been successfully formatted.
2019-11-14 15:11:11,764 [pool-549-thread-1] INFO  ratis.ContainerStateMachine (ContainerStateMachine.java:loadSnapshot(223)) - group-993FCE1B7B62: The snapshot info is null. Setting the last applied indexto:(t:0, i:~)
2019-11-14 15:11:11,764 [pool-549-thread-1] INFO  server.RaftServerConfigKeys (ConfUtils.java:logGet(43)) - raft.server.notification.no-leader.timeout = 120s (custom)
2019-11-14 15:11:11,764 [pool-549-thread-1] INFO  server.RaftServerConfigKeys (ConfUtils.java:logGet(43)) - raft.server.log.use.memory = false (default)
2019-11-14 15:11:11,764 [pool-549-thread-1] INFO  server.RaftServerConfigKeys (ConfUtils.java:logGet(43)) - raft.server.log.purge.gap = 1000000 (custom)
2019-11-14 15:11:11,764 [pool-549-thread-1] INFO  server.RaftServerConfigKeys (ConfUtils.java:logGet(43)) - raft.server.log.appender.buffer.byte-limit = 33554432 (custom)
2019-11-14 15:11:11,764 [pool-549-thread-1] INFO  server.RaftServerConfigKeys (ConfUtils.java:logGet(43)) - raft.server.log.segment.size.max = 1048576 (custom)
2019-11-14 15:11:11,764 [pool-549-thread-1] INFO  server.RaftServerConfigKeys (ConfUtils.java:logGet(43)) - raft.server.log.segment.cache.num.max = 2 (custom)
2019-11-14 15:11:11,764 [pool-549-thread-1] INFO  segmented.SegmentedRaftLogWorker (SegmentedRaftLogWorker.java:<init>(173)) - new de889d2b-5891-48f1-89d7-805f59e22d6d@group-993FCE1B7B62-SegmentedRaftLogWorker for RaftStorage:Storage Directory /workdir/hadoop-ozone/integration-test/target/test-dir/MiniOzoneClusterImpl-5901a962-94ba-4a8b-ba12-ae811e713c7a/datanode-4/data/ratis/e5d7ed58-e96c-42e4-969b-993fce1b7b62
2019-11-14 15:11:11,765 [pool-549-thread-1] INFO  server.RaftServerConfigKeys (ConfUtils.java:logGet(43)) - raft.server.log.queue.byte-limit = 2147483647 (custom)
2019-11-14 15:11:11,765 [pool-549-thread-1] INFO  server.RaftServerConfigKeys (ConfUtils.java:logGet(43)) - raft.server.log.queue.element-limit = 1024 (custom)
2019-11-14 15:11:11,765 [pool-549-thread-1] INFO  server.RaftServerConfigKeys (ConfUtils.java:logGet(43)) - raft.server.log.segment.size.max = 1048576 (custom)
2019-11-14 15:11:11,765 [pool-549-thread-1] INFO  server.RaftServerConfigKeys (ConfUtils.java:logGet(43)) - raft.server.log.preallocated.size = 16384 (custom)
2019-11-14 15:11:11,765 [pool-549-thread-1] INFO  server.RaftServerConfigKeys (ConfUtils.java:logGet(43)) - raft.server.log.write.buffer.size = 33554432 (custom)
2019-11-14 15:11:11,765 [pool-549-thread-1] INFO  server.RaftServerConfigKeys (ConfUtils.java:logGet(43)) - raft.server.log.force.sync.num = 128 (default)
2019-11-14 15:11:11,765 [pool-549-thread-1] INFO  server.RaftServerConfigKeys (ConfUtils.java:logGet(43)) - raft.server.log.statemachine.data.sync = true (default)
2019-11-14 15:11:11,765 [pool-549-thread-1] INFO  server.RaftServerConfigKeys (ConfUtils.java:logGet(43)) - raft.server.log.statemachine.data.sync.timeout = 10s (default)
2019-11-14 15:11:11,765 [pool-549-thread-1] INFO  server.RaftServerConfigKeys (ConfUtils.java:logGet(43)) - raft.server.log.statemachine.data.sync.timeout.retry = -1 (default)
2019-11-14 15:11:11,765 [pool-549-thread-1] INFO  server.RaftServerConfigKeys (ConfUtils.java:logGet(43)) - raft.server.log.statemachine.data.caching.enabled = true (custom)
2019-11-14 15:11:11,765 [pool-549-thread-1] INFO  segmented.SegmentedRaftLogWorker (SegmentedRaftLogWorker.java:lambda$new$0(128)) - de889d2b-5891-48f1-89d7-805f59e22d6d@group-993FCE1B7B62-SegmentedRaftLogWorker: flushIndex: setUnconditionally 0 -> -1
2019-11-14 15:11:11,766 [pool-549-thread-1] INFO  server.RaftServerConfigKeys (ConfUtils.java:logGet(43)) - raft.server.snapshot.auto.trigger.enabled = true (custom)
2019-11-14 15:11:11,766 [pool-549-thread-1] INFO  server.RaftServerConfigKeys (ConfUtils.java:logGet(43)) - raft.server.snapshot.auto.trigger.threshold = 10000 (custom)
2019-11-14 15:11:11,766 [pool-549-thread-1] INFO  server.RaftServerConfigKeys (ConfUtils.java:logGet(43)) - raft.server.snapshot.retention.file.num = 5 (custom)
2019-11-14 15:11:11,766 [pool-549-thread-1] INFO  server.RaftServerConfigKeys (ConfUtils.java:logGet(43)) - raft.server.retrycache.expirytime = 600000ms (custom)
2019-11-14 15:11:11,766 [pool-549-thread-1] WARN  impl.MetricRegistriesImpl (MetricRegistriesImpl.java:lambda$create$1(61)) - First MetricRegistry has been created without registering reporters. You may need to call MetricRegistries.global().addReportRegistration(...) before.
2019-11-14 15:11:11,766 [pool-549-thread-1] WARN  impl.MetricRegistriesImpl (MetricRegistriesImpl.java:lambda$create$1(61)) - First MetricRegistry has been created without registering reporters. You may need to call MetricRegistries.global().addReportRegistration(...) before.
2019-11-14 15:11:11,766 [pool-549-thread-1] INFO  impl.RaftServerImpl (RaftServerImpl.java:start(184)) - de889d2b-5891-48f1-89d7-805f59e22d6d@group-993FCE1B7B62: start as a follower, conf=-1: [de889d2b-5891-48f1-89d7-805f59e22d6d:192.168.34.62:42999], old=null
2019-11-14 15:11:11,766 [pool-549-thread-1] INFO  impl.RaftServerImpl (RaftServerImpl.java:setRole(173)) - de889d2b-5891-48f1-89d7-805f59e22d6d@group-993FCE1B7B62: changes role from      null to FOLLOWER at term 0 for startAsFollower
2019-11-14 15:11:11,766 [pool-549-thread-1] INFO  impl.RoleInfo (RoleInfo.java:updateAndGet(143)) - de889d2b-5891-48f1-89d7-805f59e22d6d: start FollowerState
2019-11-14 15:11:11,766 [pool-549-thread-1] INFO  util.JmxRegister (JmxRegister.java:tryRegister(44)) - Successfully registered JMX Bean with object name Ratis:service=RaftServer,group=group-993FCE1B7B62,id=de889d2b-5891-48f1-89d7-805f59e22d6d
2019-11-14 15:11:11,766 [pool-549-thread-1] WARN  impl.MetricRegistriesImpl (MetricRegistriesImpl.java:lambda$create$1(61)) - First MetricRegistry has been created without registering reporters. You may need to call MetricRegistries.global().addReportRegistration(...) before.
2019-11-14 15:11:11,768 [RatisPipelineUtilsThread] INFO  pipeline.PipelineStateManager (PipelineStateManager.java:addPipeline(55)) - Created pipeline Pipeline[ Id: e5d7ed58-e96c-42e4-969b-993fce1b7b62, Nodes: de889d2b-5891-48f1-89d7-805f59e22d6d{ip: 192.168.34.62, host: pr-hdds-2480-6qkg9-608321763, networkLocation: /rack1, certSerialId: null}, Type:RATIS, Factor:ONE, State:ALLOCATED]
2019-11-14 15:11:11,768 [Thread-4175] INFO  pipeline.PipelineStateManager (PipelineStateManager.java:finalizePipeline(121)) - Pipeline Pipeline[ Id: f70543dd-cc5f-41b5-ae30-743484fdfed3, Nodes: 51e91b80-82a5-4e26-a62a-ce423dc7e82c{ip: 192.168.34.62, host: pr-hdds-2480-6qkg9-608321763, networkLocation: /rack1, certSerialId: null}, Type:RATIS, Factor:ONE, State:CLOSED] moved to CLOSED state
2019-11-14 15:11:11,770 [grpc-default-executor-4] INFO  impl.RaftServerProxy (RaftServerProxy.java:remove(95)) - 51e91b80-82a5-4e26-a62a-ce423dc7e82c: remove    LEADER 51e91b80-82a5-4e26-a62a-ce423dc7e82c@group-743484FDFED3:t1, leader=51e91b80-82a5-4e26-a62a-ce423dc7e82c, voted=51e91b80-82a5-4e26-a62a-ce423dc7e82c, raftlog=51e91b80-82a5-4e26-a62a-ce423dc7e82c@group-743484FDFED3-SegmentedRaftLog:OPENED:c0,f0,i0, conf=0: [51e91b80-82a5-4e26-a62a-ce423dc7e82c:192.168.34.62:43216], old=null RUNNING
2019-11-14 15:11:11,770 [grpc-default-executor-4] INFO  impl.RaftServerImpl (RaftServerImpl.java:lambda$shutdown$3(250)) - 51e91b80-82a5-4e26-a62a-ce423dc7e82c@group-743484FDFED3: shutdown
2019-11-14 15:11:11,770 [grpc-default-executor-4] INFO  util.JmxRegister (JmxRegister.java:unregister(73)) - Successfully un-registered JMX Bean with object name Ratis:service=RaftServer,group=group-743484FDFED3,id=51e91b80-82a5-4e26-a62a-ce423dc7e82c
2019-11-14 15:11:11,770 [grpc-default-executor-4] INFO  impl.RoleInfo (RoleInfo.java:shutdownLeaderState(104)) - 51e91b80-82a5-4e26-a62a-ce423dc7e82c: shutdown LeaderState
2019-11-14 15:11:11,770 [grpc-default-executor-4] INFO  impl.PendingRequests (PendingRequests.java:sendNotLeaderResponses(206)) - 51e91b80-82a5-4e26-a62a-ce423dc7e82c@group-743484FDFED3-PendingRequests: sendNotLeaderResponses
2019-11-14 15:11:11,771 [grpc-default-executor-4] INFO  impl.StateMachineUpdater (StateMachineUpdater.java:stopAndJoin(136)) - 51e91b80-82a5-4e26-a62a-ce423dc7e82c@group-743484FDFED3-StateMachineUpdater: set stopIndex = 0
2019-11-14 15:11:11,771 [grpc-default-executor-4] INFO  impl.RaftServerImpl (ServerState.java:close(387)) - 51e91b80-82a5-4e26-a62a-ce423dc7e82c@group-743484FDFED3: closes. applyIndex: 0
2019-11-14 15:11:11,771 [51e91b80-82a5-4e26-a62a-ce423dc7e82c@group-743484FDFED3-SegmentedRaftLogWorker] INFO  segmented.SegmentedRaftLogWorker (SegmentedRaftLogWorker.java:run(316)) - 51e91b80-82a5-4e26-a62a-ce423dc7e82c@group-743484FDFED3-SegmentedRaftLogWorker was interrupted, exiting. There are 0 tasks remaining in the queue.
2019-11-14 15:11:11,771 [grpc-default-executor-4] INFO  segmented.SegmentedRaftLogWorker (SegmentedRaftLogWorker.java:close(224)) - 51e91b80-82a5-4e26-a62a-ce423dc7e82c@group-743484FDFED3-SegmentedRaftLogWorker close()
2019-11-14 15:11:11,775 [Thread-4175] INFO  pipeline.PipelineStateManager (PipelineStateManager.java:removePipeline(106)) - Pipeline Pipeline[ Id: f70543dd-cc5f-41b5-ae30-743484fdfed3, Nodes: 51e91b80-82a5-4e26-a62a-ce423dc7e82c{ip: 192.168.34.62, host: pr-hdds-2480-6qkg9-608321763, networkLocation: /rack1, certSerialId: null}, Type:RATIS, Factor:ONE, State:CLOSED] removed from db
2019-11-14 15:11:11,775 [Thread-4175] INFO  pipeline.SCMPipelineManager (SCMPipelineManager.java:finalizeAndDestroyPipeline(315)) - destroying pipeline:Pipeline[ Id: 1f0736fe-b32b-489f-88ae-6b84596190fa, Nodes: 9ce1968d-df6d-4251-8f68-caf53c6f1d3e{ip: 192.168.34.62, host: pr-hdds-2480-6qkg9-608321763, networkLocation: /rack1, certSerialId: null}, Type:RATIS, Factor:ONE, State:OPEN]
2019-11-14 15:11:11,777 [grpc-default-executor-4] INFO  impl.RaftServerProxy (RaftServerProxy.java:addNew(89)) - 51e91b80-82a5-4e26-a62a-ce423dc7e82c: addNew group-C546EDF61E36:[51e91b80-82a5-4e26-a62a-ce423dc7e82c:192.168.34.62:43216] returns group-C546EDF61E36:java.util.concurrent.CompletableFuture@6975f7a3[Not completed]
2019-11-14 15:11:11,778 [pool-519-thread-1] INFO  impl.RaftServerImpl (RaftServerImpl.java:<init>(98)) - 51e91b80-82a5-4e26-a62a-ce423dc7e82c: new RaftServerImpl for group-C546EDF61E36:[51e91b80-82a5-4e26-a62a-ce423dc7e82c:192.168.34.62:43216] with ContainerStateMachine:uninitialized
2019-11-14 15:11:11,778 [pool-519-thread-1] INFO  server.RaftServerConfigKeys (ConfUtils.java:logGet(43)) - raft.server.rpc.timeout.min = 1s (custom)
2019-11-14 15:11:11,778 [pool-519-thread-1] INFO  server.RaftServerConfigKeys (ConfUtils.java:logGet(43)) - raft.server.rpc.timeout.max = 1200ms (custom)
2019-11-14 15:11:11,778 [pool-519-thread-1] INFO  server.RaftServerConfigKeys (ConfUtils.java:logGet(43)) - raft.server.rpcslowness.timeout = 120s (custom)
2019-11-14 15:11:11,778 [pool-519-thread-1] INFO  server.RaftServerConfigKeys (ConfUtils.java:logGet(43)) - raft.server.sleep.deviation.threshold = 300 (default)
2019-11-14 15:11:11,778 [pool-519-thread-1] INFO  server.RaftServerConfigKeys (ConfUtils.java:logGet(43)) - raft.server.log.appender.install.snapshot.enabled = false (custom)
2019-11-14 15:11:11,778 [pool-519-thread-1] INFO  impl.RaftServerImpl (ServerState.java:<init>(103)) - 51e91b80-82a5-4e26-a62a-ce423dc7e82c@group-C546EDF61E36: ConfigurationManager, init=-1: [51e91b80-82a5-4e26-a62a-ce423dc7e82c:192.168.34.62:43216], old=null, confs=<EMPTY_MAP>
2019-11-14 15:11:11,778 [pool-519-thread-1] INFO  server.RaftServerConfigKeys (ConfUtils.java:logGet(43)) - raft.server.storage.dir = [/workdir/hadoop-ozone/integration-test/target/test-dir/MiniOzoneClusterImpl-5901a962-94ba-4a8b-ba12-ae811e713c7a/datanode-1/data/ratis] (custom)
2019-11-14 15:11:11,779 [pool-519-thread-1] INFO  server.RaftServerConfigKeys (ConfUtils.java:logGet(43)) - raft.server.log.corruption.policy = EXCEPTION (default)
2019-11-14 15:11:11,779 [pool-519-thread-1] INFO  storage.RaftStorageDirectory (RaftStorageDirectory.java:analyzeStorage(246)) - The storage directory /workdir/hadoop-ozone/integration-test/target/test-dir/MiniOzoneClusterImpl-5901a962-94ba-4a8b-ba12-ae811e713c7a/datanode-1/data/ratis/15ba2d5d-3c72-4097-b3dd-c546edf61e36 does not exist. Creating ...
2019-11-14 15:11:11,791 [pool-519-thread-1] INFO  storage.RaftStorageDirectory (RaftStorageDirectory.java:tryLock(328)) - Lock on /workdir/hadoop-ozone/integration-test/target/test-dir/MiniOzoneClusterImpl-5901a962-94ba-4a8b-ba12-ae811e713c7a/datanode-1/data/ratis/15ba2d5d-3c72-4097-b3dd-c546edf61e36/in_use.lock acquired by nodename 23875@pr-hdds-2480-6qkg9-608321763
2019-11-14 15:11:11,805 [pool-519-thread-1] INFO  storage.RaftStorage (RaftStorage.java:format(84)) - Storage directory /workdir/hadoop-ozone/integration-test/target/test-dir/MiniOzoneClusterImpl-5901a962-94ba-4a8b-ba12-ae811e713c7a/datanode-1/data/ratis/15ba2d5d-3c72-4097-b3dd-c546edf61e36 has been successfully formatted.
2019-11-14 15:11:11,805 [pool-519-thread-1] INFO  ratis.ContainerStateMachine (ContainerStateMachine.java:loadSnapshot(223)) - group-C546EDF61E36: The snapshot info is null. Setting the last applied indexto:(t:0, i:~)
2019-11-14 15:11:11,805 [pool-519-thread-1] INFO  server.RaftServerConfigKeys (ConfUtils.java:logGet(43)) - raft.server.notification.no-leader.timeout = 120s (custom)
2019-11-14 15:11:11,805 [pool-519-thread-1] INFO  server.RaftServerConfigKeys (ConfUtils.java:logGet(43)) - raft.server.log.use.memory = false (default)
2019-11-14 15:11:11,805 [pool-519-thread-1] INFO  server.RaftServerConfigKeys (ConfUtils.java:logGet(43)) - raft.server.log.purge.gap = 1000000 (custom)
2019-11-14 15:11:11,805 [pool-519-thread-1] INFO  server.RaftServerConfigKeys (ConfUtils.java:logGet(43)) - raft.server.log.appender.buffer.byte-limit = 33554432 (custom)
2019-11-14 15:11:11,806 [pool-519-thread-1] INFO  server.RaftServerConfigKeys (ConfUtils.java:logGet(43)) - raft.server.log.segment.size.max = 1048576 (custom)
2019-11-14 15:11:11,806 [pool-519-thread-1] INFO  server.RaftServerConfigKeys (ConfUtils.java:logGet(43)) - raft.server.log.segment.cache.num.max = 2 (custom)
2019-11-14 15:11:11,806 [pool-519-thread-1] INFO  segmented.SegmentedRaftLogWorker (SegmentedRaftLogWorker.java:<init>(173)) - new 51e91b80-82a5-4e26-a62a-ce423dc7e82c@group-C546EDF61E36-SegmentedRaftLogWorker for RaftStorage:Storage Directory /workdir/hadoop-ozone/integration-test/target/test-dir/MiniOzoneClusterImpl-5901a962-94ba-4a8b-ba12-ae811e713c7a/datanode-1/data/ratis/15ba2d5d-3c72-4097-b3dd-c546edf61e36
2019-11-14 15:11:11,806 [pool-519-thread-1] INFO  server.RaftServerConfigKeys (ConfUtils.java:logGet(43)) - raft.server.log.queue.byte-limit = 2147483647 (custom)
2019-11-14 15:11:11,806 [pool-519-thread-1] INFO  server.RaftServerConfigKeys (ConfUtils.java:logGet(43)) - raft.server.log.queue.element-limit = 1024 (custom)
2019-11-14 15:11:11,806 [pool-519-thread-1] INFO  server.RaftServerConfigKeys (ConfUtils.java:logGet(43)) - raft.server.log.segment.size.max = 1048576 (custom)
2019-11-14 15:11:11,806 [pool-519-thread-1] INFO  server.RaftServerConfigKeys (ConfUtils.java:logGet(43)) - raft.server.log.preallocated.size = 16384 (custom)
2019-11-14 15:11:11,806 [pool-519-thread-1] INFO  server.RaftServerConfigKeys (ConfUtils.java:logGet(43)) - raft.server.log.write.buffer.size = 33554432 (custom)
2019-11-14 15:11:11,806 [pool-519-thread-1] INFO  server.RaftServerConfigKeys (ConfUtils.java:logGet(43)) - raft.server.log.force.sync.num = 128 (default)
2019-11-14 15:11:11,806 [pool-519-thread-1] INFO  server.RaftServerConfigKeys (ConfUtils.java:logGet(43)) - raft.server.log.statemachine.data.sync = true (default)
2019-11-14 15:11:11,806 [pool-519-thread-1] INFO  server.RaftServerConfigKeys (ConfUtils.java:logGet(43)) - raft.server.log.statemachine.data.sync.timeout = 10s (default)
2019-11-14 15:11:11,806 [pool-519-thread-1] INFO  server.RaftServerConfigKeys (ConfUtils.java:logGet(43)) - raft.server.log.statemachine.data.sync.timeout.retry = -1 (default)
2019-11-14 15:11:11,806 [pool-519-thread-1] INFO  server.RaftServerConfigKeys (ConfUtils.java:logGet(43)) - raft.server.log.statemachine.data.caching.enabled = true (custom)
2019-11-14 15:11:11,807 [pool-519-thread-1] INFO  segmented.SegmentedRaftLogWorker (SegmentedRaftLogWorker.java:lambda$new$0(128)) - 51e91b80-82a5-4e26-a62a-ce423dc7e82c@group-C546EDF61E36-SegmentedRaftLogWorker: flushIndex: setUnconditionally 0 -> -1
2019-11-14 15:11:11,807 [pool-519-thread-1] INFO  server.RaftServerConfigKeys (ConfUtils.java:logGet(43)) - raft.server.snapshot.auto.trigger.enabled = true (custom)
2019-11-14 15:11:11,807 [pool-519-thread-1] INFO  server.RaftServerConfigKeys (ConfUtils.java:logGet(43)) - raft.server.snapshot.auto.trigger.threshold = 10000 (custom)
2019-11-14 15:11:11,807 [pool-519-thread-1] INFO  server.RaftServerConfigKeys (ConfUtils.java:logGet(43)) - raft.server.snapshot.retention.file.num = 5 (custom)
2019-11-14 15:11:11,807 [pool-519-thread-1] INFO  server.RaftServerConfigKeys (ConfUtils.java:logGet(43)) - raft.server.retrycache.expirytime = 600000ms (custom)
2019-11-14 15:11:11,807 [pool-519-thread-1] WARN  impl.MetricRegistriesImpl (MetricRegistriesImpl.java:lambda$create$1(61)) - First MetricRegistry has been created without registering reporters. You may need to call MetricRegistries.global().addReportRegistration(...) before.
2019-11-14 15:11:11,807 [pool-519-thread-1] WARN  impl.MetricRegistriesImpl (MetricRegistriesImpl.java:lambda$create$1(61)) - First MetricRegistry has been created without registering reporters. You may need to call MetricRegistries.global().addReportRegistration(...) before.
2019-11-14 15:11:11,807 [pool-519-thread-1] INFO  impl.RaftServerImpl (RaftServerImpl.java:start(184)) - 51e91b80-82a5-4e26-a62a-ce423dc7e82c@group-C546EDF61E36: start as a follower, conf=-1: [51e91b80-82a5-4e26-a62a-ce423dc7e82c:192.168.34.62:43216], old=null
2019-11-14 15:11:11,807 [pool-519-thread-1] INFO  impl.RaftServerImpl (RaftServerImpl.java:setRole(173)) - 51e91b80-82a5-4e26-a62a-ce423dc7e82c@group-C546EDF61E36: changes role from      null to FOLLOWER at term 0 for startAsFollower
2019-11-14 15:11:11,807 [pool-519-thread-1] INFO  impl.RoleInfo (RoleInfo.java:updateAndGet(143)) - 51e91b80-82a5-4e26-a62a-ce423dc7e82c: start FollowerState
2019-11-14 15:11:11,808 [pool-519-thread-1] INFO  util.JmxRegister (JmxRegister.java:tryRegister(44)) - Successfully registered JMX Bean with object name Ratis:service=RaftServer,group=group-C546EDF61E36,id=51e91b80-82a5-4e26-a62a-ce423dc7e82c
2019-11-14 15:11:11,808 [pool-519-thread-1] WARN  impl.MetricRegistriesImpl (MetricRegistriesImpl.java:lambda$create$1(61)) - First MetricRegistry has been created without registering reporters. You may need to call MetricRegistries.global().addReportRegistration(...) before.
2019-11-14 15:11:11,809 [RatisPipelineUtilsThread] INFO  pipeline.PipelineStateManager (PipelineStateManager.java:addPipeline(55)) - Created pipeline Pipeline[ Id: 15ba2d5d-3c72-4097-b3dd-c546edf61e36, Nodes: 51e91b80-82a5-4e26-a62a-ce423dc7e82c{ip: 192.168.34.62, host: pr-hdds-2480-6qkg9-608321763, networkLocation: /rack1, certSerialId: null}, Type:RATIS, Factor:ONE, State:ALLOCATED]
2019-11-14 15:11:11,809 [Thread-4175] INFO  pipeline.PipelineStateManager (PipelineStateManager.java:finalizePipeline(121)) - Pipeline Pipeline[ Id: 1f0736fe-b32b-489f-88ae-6b84596190fa, Nodes: 9ce1968d-df6d-4251-8f68-caf53c6f1d3e{ip: 192.168.34.62, host: pr-hdds-2480-6qkg9-608321763, networkLocation: /rack1, certSerialId: null}, Type:RATIS, Factor:ONE, State:CLOSED] moved to CLOSED state
2019-11-14 15:11:11,811 [grpc-default-executor-4] INFO  impl.RaftServerProxy (RaftServerProxy.java:addNew(89)) - 9ce1968d-df6d-4251-8f68-caf53c6f1d3e: addNew group-24059B9CDBAF:[9ce1968d-df6d-4251-8f68-caf53c6f1d3e:192.168.34.62:35975] returns group-24059B9CDBAF:java.util.concurrent.CompletableFuture@f6e46a5[Not completed]
2019-11-14 15:11:11,811 [grpc-default-executor-0] INFO  impl.RaftServerProxy (RaftServerProxy.java:remove(95)) - 9ce1968d-df6d-4251-8f68-caf53c6f1d3e: remove    LEADER 9ce1968d-df6d-4251-8f68-caf53c6f1d3e@group-6B84596190FA:t1, leader=9ce1968d-df6d-4251-8f68-caf53c6f1d3e, voted=9ce1968d-df6d-4251-8f68-caf53c6f1d3e, raftlog=9ce1968d-df6d-4251-8f68-caf53c6f1d3e@group-6B84596190FA-SegmentedRaftLog:OPENED:c0,f0,i0, conf=0: [9ce1968d-df6d-4251-8f68-caf53c6f1d3e:192.168.34.62:35975], old=null RUNNING
2019-11-14 15:11:11,812 [grpc-default-executor-0] INFO  impl.RaftServerImpl (RaftServerImpl.java:lambda$shutdown$3(250)) - 9ce1968d-df6d-4251-8f68-caf53c6f1d3e@group-6B84596190FA: shutdown
2019-11-14 15:11:11,812 [grpc-default-executor-0] INFO  util.JmxRegister (JmxRegister.java:unregister(73)) - Successfully un-registered JMX Bean with object name Ratis:service=RaftServer,group=group-6B84596190FA,id=9ce1968d-df6d-4251-8f68-caf53c6f1d3e
2019-11-14 15:11:11,812 [pool-589-thread-1] INFO  impl.RaftServerImpl (RaftServerImpl.java:<init>(98)) - 9ce1968d-df6d-4251-8f68-caf53c6f1d3e: new RaftServerImpl for group-24059B9CDBAF:[9ce1968d-df6d-4251-8f68-caf53c6f1d3e:192.168.34.62:35975] with ContainerStateMachine:uninitialized
2019-11-14 15:11:11,812 [grpc-default-executor-0] INFO  impl.RoleInfo (RoleInfo.java:shutdownLeaderState(104)) - 9ce1968d-df6d-4251-8f68-caf53c6f1d3e: shutdown LeaderState
2019-11-14 15:11:11,812 [pool-589-thread-1] INFO  server.RaftServerConfigKeys (ConfUtils.java:logGet(43)) - raft.server.rpc.timeout.min = 1s (custom)
2019-11-14 15:11:11,812 [grpc-default-executor-0] INFO  impl.PendingRequests (PendingRequests.java:sendNotLeaderResponses(206)) - 9ce1968d-df6d-4251-8f68-caf53c6f1d3e@group-6B84596190FA-PendingRequests: sendNotLeaderResponses
2019-11-14 15:11:11,812 [pool-589-thread-1] INFO  server.RaftServerConfigKeys (ConfUtils.java:logGet(43)) - raft.server.rpc.timeout.max = 1200ms (custom)
2019-11-14 15:11:11,812 [grpc-default-executor-0] INFO  impl.StateMachineUpdater (StateMachineUpdater.java:stopAndJoin(136)) - 9ce1968d-df6d-4251-8f68-caf53c6f1d3e@group-6B84596190FA-StateMachineUpdater: set stopIndex = 0
2019-11-14 15:11:11,812 [pool-589-thread-1] INFO  server.RaftServerConfigKeys (ConfUtils.java:logGet(43)) - raft.server.rpcslowness.timeout = 120s (custom)
2019-11-14 15:11:11,813 [grpc-default-executor-0] INFO  impl.RaftServerImpl (ServerState.java:close(387)) - 9ce1968d-df6d-4251-8f68-caf53c6f1d3e@group-6B84596190FA: closes. applyIndex: 0
2019-11-14 15:11:11,813 [pool-589-thread-1] INFO  server.RaftServerConfigKeys (ConfUtils.java:logGet(43)) - raft.server.sleep.deviation.threshold = 300 (default)
2019-11-14 15:11:11,813 [9ce1968d-df6d-4251-8f68-caf53c6f1d3e@group-6B84596190FA-SegmentedRaftLogWorker] INFO  segmented.SegmentedRaftLogWorker (SegmentedRaftLogWorker.java:run(316)) - 9ce1968d-df6d-4251-8f68-caf53c6f1d3e@group-6B84596190FA-SegmentedRaftLogWorker was interrupted, exiting. There are 0 tasks remaining in the queue.
2019-11-14 15:11:11,813 [pool-589-thread-1] INFO  server.RaftServerConfigKeys (ConfUtils.java:logGet(43)) - raft.server.log.appender.install.snapshot.enabled = false (custom)
2019-11-14 15:11:11,813 [grpc-default-executor-0] INFO  segmented.SegmentedRaftLogWorker (SegmentedRaftLogWorker.java:close(224)) - 9ce1968d-df6d-4251-8f68-caf53c6f1d3e@group-6B84596190FA-SegmentedRaftLogWorker close()
2019-11-14 15:11:11,813 [pool-589-thread-1] INFO  impl.RaftServerImpl (ServerState.java:<init>(103)) - 9ce1968d-df6d-4251-8f68-caf53c6f1d3e@group-24059B9CDBAF: ConfigurationManager, init=-1: [9ce1968d-df6d-4251-8f68-caf53c6f1d3e:192.168.34.62:35975], old=null, confs=<EMPTY_MAP>
2019-11-14 15:11:11,815 [pool-589-thread-1] INFO  server.RaftServerConfigKeys (ConfUtils.java:logGet(43)) - raft.server.storage.dir = [/workdir/hadoop-ozone/integration-test/target/test-dir/MiniOzoneClusterImpl-5901a962-94ba-4a8b-ba12-ae811e713c7a/datanode-8/data/ratis] (custom)
2019-11-14 15:11:11,815 [pool-589-thread-1] INFO  server.RaftServerConfigKeys (ConfUtils.java:logGet(43)) - raft.server.log.corruption.policy = EXCEPTION (default)
2019-11-14 15:11:11,816 [pool-589-thread-1] INFO  storage.RaftStorageDirectory (RaftStorageDirectory.java:analyzeStorage(246)) - The storage directory /workdir/hadoop-ozone/integration-test/target/test-dir/MiniOzoneClusterImpl-5901a962-94ba-4a8b-ba12-ae811e713c7a/datanode-8/data/ratis/8207353c-ad8c-4fdf-99e5-24059b9cdbaf does not exist. Creating ...
2019-11-14 15:11:11,818 [pool-589-thread-1] INFO  storage.RaftStorageDirectory (RaftStorageDirectory.java:tryLock(328)) - Lock on /workdir/hadoop-ozone/integration-test/target/test-dir/MiniOzoneClusterImpl-5901a962-94ba-4a8b-ba12-ae811e713c7a/datanode-8/data/ratis/8207353c-ad8c-4fdf-99e5-24059b9cdbaf/in_use.lock acquired by nodename 23875@pr-hdds-2480-6qkg9-608321763
2019-11-14 15:11:11,822 [pool-589-thread-1] INFO  storage.RaftStorage (RaftStorage.java:format(84)) - Storage directory /workdir/hadoop-ozone/integration-test/target/test-dir/MiniOzoneClusterImpl-5901a962-94ba-4a8b-ba12-ae811e713c7a/datanode-8/data/ratis/8207353c-ad8c-4fdf-99e5-24059b9cdbaf has been successfully formatted.
2019-11-14 15:11:11,822 [pool-589-thread-1] INFO  ratis.ContainerStateMachine (ContainerStateMachine.java:loadSnapshot(223)) - group-24059B9CDBAF: The snapshot info is null. Setting the last applied indexto:(t:0, i:~)
2019-11-14 15:11:11,822 [pool-589-thread-1] INFO  server.RaftServerConfigKeys (ConfUtils.java:logGet(43)) - raft.server.notification.no-leader.timeout = 120s (custom)
2019-11-14 15:11:11,822 [pool-589-thread-1] INFO  server.RaftServerConfigKeys (ConfUtils.java:logGet(43)) - raft.server.log.use.memory = false (default)
2019-11-14 15:11:11,823 [pool-589-thread-1] INFO  server.RaftServerConfigKeys (ConfUtils.java:logGet(43)) - raft.server.log.purge.gap = 1000000 (custom)
2019-11-14 15:11:11,823 [pool-589-thread-1] INFO  server.RaftServerConfigKeys (ConfUtils.java:logGet(43)) - raft.server.log.appender.buffer.byte-limit = 33554432 (custom)
2019-11-14 15:11:11,823 [pool-589-thread-1] INFO  server.RaftServerConfigKeys (ConfUtils.java:logGet(43)) - raft.server.log.segment.size.max = 1048576 (custom)
2019-11-14 15:11:11,823 [pool-589-thread-1] INFO  server.RaftServerConfigKeys (ConfUtils.java:logGet(43)) - raft.server.log.segment.cache.num.max = 2 (custom)
2019-11-14 15:11:11,823 [pool-589-thread-1] INFO  segmented.SegmentedRaftLogWorker (SegmentedRaftLogWorker.java:<init>(173)) - new 9ce1968d-df6d-4251-8f68-caf53c6f1d3e@group-24059B9CDBAF-SegmentedRaftLogWorker for RaftStorage:Storage Directory /workdir/hadoop-ozone/integration-test/target/test-dir/MiniOzoneClusterImpl-5901a962-94ba-4a8b-ba12-ae811e713c7a/datanode-8/data/ratis/8207353c-ad8c-4fdf-99e5-24059b9cdbaf
2019-11-14 15:11:11,823 [pool-589-thread-1] INFO  server.RaftServerConfigKeys (ConfUtils.java:logGet(43)) - raft.server.log.queue.byte-limit = 2147483647 (custom)
2019-11-14 15:11:11,823 [pool-589-thread-1] INFO  server.RaftServerConfigKeys (ConfUtils.java:logGet(43)) - raft.server.log.queue.element-limit = 1024 (custom)
2019-11-14 15:11:11,823 [pool-589-thread-1] INFO  server.RaftServerConfigKeys (ConfUtils.java:logGet(43)) - raft.server.log.segment.size.max = 1048576 (custom)
2019-11-14 15:11:11,823 [pool-589-thread-1] INFO  server.RaftServerConfigKeys (ConfUtils.java:logGet(43)) - raft.server.log.preallocated.size = 16384 (custom)
2019-11-14 15:11:11,823 [pool-589-thread-1] INFO  server.RaftServerConfigKeys (ConfUtils.java:logGet(43)) - raft.server.log.write.buffer.size = 33554432 (custom)
2019-11-14 15:11:11,823 [pool-589-thread-1] INFO  server.RaftServerConfigKeys (ConfUtils.java:logGet(43)) - raft.server.log.force.sync.num = 128 (default)
2019-11-14 15:11:11,823 [pool-589-thread-1] INFO  server.RaftServerConfigKeys (ConfUtils.java:logGet(43)) - raft.server.log.statemachine.data.sync = true (default)
2019-11-14 15:11:11,823 [pool-589-thread-1] INFO  server.RaftServerConfigKeys (ConfUtils.java:logGet(43)) - raft.server.log.statemachine.data.sync.timeout = 10s (default)
2019-11-14 15:11:11,823 [pool-589-thread-1] INFO  server.RaftServerConfigKeys (ConfUtils.java:logGet(43)) - raft.server.log.statemachine.data.sync.timeout.retry = -1 (default)
2019-11-14 15:11:11,824 [pool-589-thread-1] INFO  server.RaftServerConfigKeys (ConfUtils.java:logGet(43)) - raft.server.log.statemachine.data.caching.enabled = true (custom)
2019-11-14 15:11:11,824 [pool-589-thread-1] INFO  segmented.SegmentedRaftLogWorker (SegmentedRaftLogWorker.java:lambda$new$0(128)) - 9ce1968d-df6d-4251-8f68-caf53c6f1d3e@group-24059B9CDBAF-SegmentedRaftLogWorker: flushIndex: setUnconditionally 0 -> -1
2019-11-14 15:11:11,824 [pool-589-thread-1] INFO  server.RaftServerConfigKeys (ConfUtils.java:logGet(43)) - raft.server.snapshot.auto.trigger.enabled = true (custom)
2019-11-14 15:11:11,825 [pool-589-thread-1] INFO  server.RaftServerConfigKeys (ConfUtils.java:logGet(43)) - raft.server.snapshot.auto.trigger.threshold = 10000 (custom)
2019-11-14 15:11:11,825 [pool-589-thread-1] INFO  server.RaftServerConfigKeys (ConfUtils.java:logGet(43)) - raft.server.snapshot.retention.file.num = 5 (custom)
2019-11-14 15:11:11,825 [pool-589-thread-1] INFO  server.RaftServerConfigKeys (ConfUtils.java:logGet(43)) - raft.server.retrycache.expirytime = 600000ms (custom)
2019-11-14 15:11:11,825 [pool-589-thread-1] WARN  impl.MetricRegistriesImpl (MetricRegistriesImpl.java:lambda$create$1(61)) - First MetricRegistry has been created without registering reporters. You may need to call MetricRegistries.global().addReportRegistration(...) before.
2019-11-14 15:11:11,825 [pool-589-thread-1] WARN  impl.MetricRegistriesImpl (MetricRegistriesImpl.java:lambda$create$1(61)) - First MetricRegistry has been created without registering reporters. You may need to call MetricRegistries.global().addReportRegistration(...) before.
2019-11-14 15:11:11,825 [pool-589-thread-1] INFO  impl.RaftServerImpl (RaftServerImpl.java:start(184)) - 9ce1968d-df6d-4251-8f68-caf53c6f1d3e@group-24059B9CDBAF: start as a follower, conf=-1: [9ce1968d-df6d-4251-8f68-caf53c6f1d3e:192.168.34.62:35975], old=null
2019-11-14 15:11:11,826 [pool-589-thread-1] INFO  impl.RaftServerImpl (RaftServerImpl.java:setRole(173)) - 9ce1968d-df6d-4251-8f68-caf53c6f1d3e@group-24059B9CDBAF: changes role from      null to FOLLOWER at term 0 for startAsFollower
2019-11-14 15:11:11,826 [pool-589-thread-1] INFO  impl.RoleInfo (RoleInfo.java:updateAndGet(143)) - 9ce1968d-df6d-4251-8f68-caf53c6f1d3e: start FollowerState
2019-11-14 15:11:11,826 [pool-589-thread-1] INFO  util.JmxRegister (JmxRegister.java:tryRegister(44)) - Successfully registered JMX Bean with object name Ratis:service=RaftServer,group=group-24059B9CDBAF,id=9ce1968d-df6d-4251-8f68-caf53c6f1d3e
2019-11-14 15:11:11,826 [pool-589-thread-1] WARN  impl.MetricRegistriesImpl (MetricRegistriesImpl.java:lambda$create$1(61)) - First MetricRegistry has been created without registering reporters. You may need to call MetricRegistries.global().addReportRegistration(...) before.
2019-11-14 15:11:11,828 [RatisPipelineUtilsThread] INFO  pipeline.PipelineStateManager (PipelineStateManager.java:addPipeline(55)) - Created pipeline Pipeline[ Id: 8207353c-ad8c-4fdf-99e5-24059b9cdbaf, Nodes: 9ce1968d-df6d-4251-8f68-caf53c6f1d3e{ip: 192.168.34.62, host: pr-hdds-2480-6qkg9-608321763, networkLocation: /rack1, certSerialId: null}, Type:RATIS, Factor:ONE, State:ALLOCATED]
2019-11-14 15:11:11,828 [Thread-4175] INFO  pipeline.PipelineStateManager (PipelineStateManager.java:removePipeline(106)) - Pipeline Pipeline[ Id: 1f0736fe-b32b-489f-88ae-6b84596190fa, Nodes: 9ce1968d-df6d-4251-8f68-caf53c6f1d3e{ip: 192.168.34.62, host: pr-hdds-2480-6qkg9-608321763, networkLocation: /rack1, certSerialId: null}, Type:RATIS, Factor:ONE, State:CLOSED] removed from db
2019-11-14 15:11:12,247 [Thread-4326] INFO  impl.FollowerState (FollowerState.java:run(111)) - 51e91b80-82a5-4e26-a62a-ce423dc7e82c@group-2BB691F7EE67-FollowerState: change to CANDIDATE, lastRpcTime:1019ms, electionTimeout:1019ms
2019-11-14 15:11:12,247 [Thread-4326] INFO  impl.RoleInfo (RoleInfo.java:shutdownFollowerState(121)) - 51e91b80-82a5-4e26-a62a-ce423dc7e82c: shutdown FollowerState
2019-11-14 15:11:12,247 [Thread-4326] INFO  impl.RaftServerImpl (RaftServerImpl.java:setRole(173)) - 51e91b80-82a5-4e26-a62a-ce423dc7e82c@group-2BB691F7EE67: changes role from  FOLLOWER to CANDIDATE at term 0 for changeToCandidate
2019-11-14 15:11:12,247 [Thread-4326] INFO  impl.RoleInfo (RoleInfo.java:updateAndGet(143)) - 51e91b80-82a5-4e26-a62a-ce423dc7e82c: start LeaderElection
2019-11-14 15:11:12,263 [51e91b80-82a5-4e26-a62a-ce423dc7e82c@group-2BB691F7EE67-LeaderElection190] INFO  impl.LeaderElection (LeaderElection.java:askForVotes(178)) - 51e91b80-82a5-4e26-a62a-ce423dc7e82c@group-2BB691F7EE67-LeaderElection190: begin an election at term 1 for -1: [452ed320-102d-439c-a110-659d2656f893:192.168.34.62:34711, 0687b932-fcaf-4ed2-b562-2cd2e9cca79c:192.168.34.62:39060, 51e91b80-82a5-4e26-a62a-ce423dc7e82c:192.168.34.62:43216], old=null
2019-11-14 15:11:12,266 [grpc-default-executor-0] INFO  impl.RaftServerImpl (RaftServerImpl.java:setRole(173)) - 452ed320-102d-439c-a110-659d2656f893@group-2BB691F7EE67: changes role from  FOLLOWER to FOLLOWER at term 1 for recognizeCandidate:51e91b80-82a5-4e26-a62a-ce423dc7e82c
2019-11-14 15:11:12,266 [grpc-default-executor-0] INFO  impl.RoleInfo (RoleInfo.java:shutdownFollowerState(121)) - 452ed320-102d-439c-a110-659d2656f893: shutdown FollowerState
2019-11-14 15:11:12,266 [grpc-default-executor-4] INFO  impl.RaftServerImpl (RaftServerImpl.java:setRole(173)) - 0687b932-fcaf-4ed2-b562-2cd2e9cca79c@group-2BB691F7EE67: changes role from  FOLLOWER to FOLLOWER at term 1 for recognizeCandidate:51e91b80-82a5-4e26-a62a-ce423dc7e82c
2019-11-14 15:11:12,266 [Thread-4321] INFO  impl.FollowerState (FollowerState.java:run(120)) - 452ed320-102d-439c-a110-659d2656f893@group-2BB691F7EE67-FollowerState was interrupted: java.lang.InterruptedException: sleep interrupted
2019-11-14 15:11:12,266 [grpc-default-executor-0] INFO  impl.RoleInfo (RoleInfo.java:updateAndGet(143)) - 452ed320-102d-439c-a110-659d2656f893: start FollowerState
2019-11-14 15:11:12,266 [grpc-default-executor-4] INFO  impl.RoleInfo (RoleInfo.java:shutdownFollowerState(121)) - 0687b932-fcaf-4ed2-b562-2cd2e9cca79c: shutdown FollowerState
2019-11-14 15:11:12,267 [grpc-default-executor-4] INFO  impl.RoleInfo (RoleInfo.java:updateAndGet(143)) - 0687b932-fcaf-4ed2-b562-2cd2e9cca79c: start FollowerState
2019-11-14 15:11:12,267 [Thread-4327] INFO  impl.FollowerState (FollowerState.java:run(120)) - 0687b932-fcaf-4ed2-b562-2cd2e9cca79c@group-2BB691F7EE67-FollowerState was interrupted: java.lang.InterruptedException: sleep interrupted
2019-11-14 15:11:12,284 [51e91b80-82a5-4e26-a62a-ce423dc7e82c@group-2BB691F7EE67-LeaderElection190] INFO  impl.LeaderElection (LeaderElection.java:logAndReturn(56)) - 51e91b80-82a5-4e26-a62a-ce423dc7e82c@group-2BB691F7EE67-LeaderElection190: Election PASSED; received 1 response(s) [51e91b80-82a5-4e26-a62a-ce423dc7e82c<-0687b932-fcaf-4ed2-b562-2cd2e9cca79c#0:OK-t1] and 0 exception(s); 51e91b80-82a5-4e26-a62a-ce423dc7e82c@group-2BB691F7EE67:t1, leader=null, voted=51e91b80-82a5-4e26-a62a-ce423dc7e82c, raftlog=51e91b80-82a5-4e26-a62a-ce423dc7e82c@group-2BB691F7EE67-SegmentedRaftLog:OPENED:c-1,f-1,i0, conf=-1: [452ed320-102d-439c-a110-659d2656f893:192.168.34.62:34711, 0687b932-fcaf-4ed2-b562-2cd2e9cca79c:192.168.34.62:39060, 51e91b80-82a5-4e26-a62a-ce423dc7e82c:192.168.34.62:43216], old=null
2019-11-14 15:11:12,285 [51e91b80-82a5-4e26-a62a-ce423dc7e82c@group-2BB691F7EE67-LeaderElection190] INFO  impl.RoleInfo (RoleInfo.java:shutdownLeaderElection(134)) - 51e91b80-82a5-4e26-a62a-ce423dc7e82c: shutdown LeaderElection
2019-11-14 15:11:12,285 [51e91b80-82a5-4e26-a62a-ce423dc7e82c@group-2BB691F7EE67-LeaderElection190] INFO  impl.RaftServerImpl (RaftServerImpl.java:setRole(173)) - 51e91b80-82a5-4e26-a62a-ce423dc7e82c@group-2BB691F7EE67: changes role from CANDIDATE to LEADER at term 1 for changeToLeader
2019-11-14 15:11:12,285 [51e91b80-82a5-4e26-a62a-ce423dc7e82c@group-2BB691F7EE67-LeaderElection190] INFO  ratis.XceiverServerRatis (XceiverServerRatis.java:handleLeaderChangedNotification(697)) - Leader change notification received for group: group-2BB691F7EE67 with new leaderId: 51e91b80-82a5-4e26-a62a-ce423dc7e82c
2019-11-14 15:11:12,285 [51e91b80-82a5-4e26-a62a-ce423dc7e82c@group-2BB691F7EE67-LeaderElection190] INFO  impl.RaftServerImpl (ServerState.java:setLeader(255)) - 51e91b80-82a5-4e26-a62a-ce423dc7e82c@group-2BB691F7EE67: change Leader from null to 51e91b80-82a5-4e26-a62a-ce423dc7e82c at term 1 for becomeLeader, leader elected after 1079ms
2019-11-14 15:11:12,285 [51e91b80-82a5-4e26-a62a-ce423dc7e82c@group-2BB691F7EE67-LeaderElection190] INFO  server.RaftServerConfigKeys (ConfUtils.java:logGet(43)) - raft.server.staging.catchup.gap = 1000 (default)
2019-11-14 15:11:12,286 [51e91b80-82a5-4e26-a62a-ce423dc7e82c@group-2BB691F7EE67-LeaderElection190] INFO  server.RaftServerConfigKeys (ConfUtils.java:logGet(43)) - raft.server.rpc.sleep.time = 25ms (default)
2019-11-14 15:11:12,286 [EventQueue-PipelineReportForPipelineReportHandler] INFO  pipeline.PipelineStateManager (PipelineStateManager.java:openPipeline(134)) - Pipeline Pipeline[ Id: defb7391-dd1d-49e0-a0fb-2bb691f7ee67, Nodes: 452ed320-102d-439c-a110-659d2656f893{ip: 192.168.34.62, host: pr-hdds-2480-6qkg9-608321763, networkLocation: /rack1, certSerialId: null}0687b932-fcaf-4ed2-b562-2cd2e9cca79c{ip: 192.168.34.62, host: pr-hdds-2480-6qkg9-608321763, networkLocation: /rack1, certSerialId: null}51e91b80-82a5-4e26-a62a-ce423dc7e82c{ip: 192.168.34.62, host: pr-hdds-2480-6qkg9-608321763, networkLocation: /rack1, certSerialId: null}, Type:RATIS, Factor:THREE, State:OPEN] moved to OPEN state
2019-11-14 15:11:12,286 [51e91b80-82a5-4e26-a62a-ce423dc7e82c@group-2BB691F7EE67-LeaderElection190] INFO  server.RaftServerConfigKeys (ConfUtils.java:logGet(43)) - raft.server.write.element-limit = 4096 (default)
2019-11-14 15:11:12,286 [51e91b80-82a5-4e26-a62a-ce423dc7e82c@group-2BB691F7EE67-LeaderElection190] INFO  server.RaftServerConfigKeys (ConfUtils.java:logGet(43)) - raft.server.watch.timeout = 10s (default)
2019-11-14 15:11:12,287 [51e91b80-82a5-4e26-a62a-ce423dc7e82c@group-2BB691F7EE67-LeaderElection190] INFO  server.RaftServerConfigKeys (ConfUtils.java:logGet(43)) - raft.server.watch.timeout.denomination = 1s (default)
2019-11-14 15:11:12,287 [51e91b80-82a5-4e26-a62a-ce423dc7e82c@group-2BB691F7EE67-LeaderElection190] INFO  server.RaftServerConfigKeys (ConfUtils.java:logGet(43)) - raft.server.watch.element-limit = 65536 (default)
2019-11-14 15:11:12,287 [51e91b80-82a5-4e26-a62a-ce423dc7e82c@group-2BB691F7EE67-LeaderElection190] INFO  server.RaftServerConfigKeys (ConfUtils.java:logGet(43)) - raft.server.log.appender.snapshot.chunk.size.max = 16MB (=16777216) (default)
2019-11-14 15:11:12,287 [51e91b80-82a5-4e26-a62a-ce423dc7e82c@group-2BB691F7EE67-LeaderElection190] INFO  server.RaftServerConfigKeys (ConfUtils.java:logGet(43)) - raft.server.log.appender.buffer.byte-limit = 33554432 (custom)
2019-11-14 15:11:12,288 [51e91b80-82a5-4e26-a62a-ce423dc7e82c@group-2BB691F7EE67-LeaderElection190] INFO  server.RaftServerConfigKeys (ConfUtils.java:logGet(43)) - raft.server.log.appender.buffer.element-limit = 1 (custom)
2019-11-14 15:11:12,288 [51e91b80-82a5-4e26-a62a-ce423dc7e82c@group-2BB691F7EE67-LeaderElection190] INFO  grpc.GrpcConfigKeys$Server (ConfUtils.java:logGet(43)) - raft.grpc.server.leader.outstanding.appends.max = 128 (default)
2019-11-14 15:11:12,288 [51e91b80-82a5-4e26-a62a-ce423dc7e82c@group-2BB691F7EE67-LeaderElection190] INFO  server.RaftServerConfigKeys (ConfUtils.java:logGet(43)) - raft.server.rpc.request.timeout = 3000ms (default)
2019-11-14 15:11:12,288 [51e91b80-82a5-4e26-a62a-ce423dc7e82c@group-2BB691F7EE67-LeaderElection190] INFO  server.RaftServerConfigKeys (ConfUtils.java:logGet(43)) - raft.server.log.appender.install.snapshot.enabled = false (custom)
2019-11-14 15:11:12,289 [51e91b80-82a5-4e26-a62a-ce423dc7e82c@group-2BB691F7EE67-LeaderElection190] WARN  impl.MetricRegistriesImpl (MetricRegistriesImpl.java:lambda$create$1(61)) - First MetricRegistry has been created without registering reporters. You may need to call MetricRegistries.global().addReportRegistration(...) before.
2019-11-14 15:11:12,289 [51e91b80-82a5-4e26-a62a-ce423dc7e82c@group-2BB691F7EE67-LeaderElection190] INFO  server.RaftServerConfigKeys (ConfUtils.java:logGet(43)) - raft.server.log.appender.snapshot.chunk.size.max = 16MB (=16777216) (default)
2019-11-14 15:11:12,289 [51e91b80-82a5-4e26-a62a-ce423dc7e82c@group-2BB691F7EE67-LeaderElection190] INFO  server.RaftServerConfigKeys (ConfUtils.java:logGet(43)) - raft.server.log.appender.buffer.byte-limit = 33554432 (custom)
2019-11-14 15:11:12,289 [51e91b80-82a5-4e26-a62a-ce423dc7e82c@group-2BB691F7EE67-LeaderElection190] INFO  server.RaftServerConfigKeys (ConfUtils.java:logGet(43)) - raft.server.log.appender.buffer.element-limit = 1 (custom)
2019-11-14 15:11:12,290 [51e91b80-82a5-4e26-a62a-ce423dc7e82c@group-2BB691F7EE67-LeaderElection190] INFO  grpc.GrpcConfigKeys$Server (ConfUtils.java:logGet(43)) - raft.grpc.server.leader.outstanding.appends.max = 128 (default)
2019-11-14 15:11:12,290 [51e91b80-82a5-4e26-a62a-ce423dc7e82c@group-2BB691F7EE67-LeaderElection190] INFO  server.RaftServerConfigKeys (ConfUtils.java:logGet(43)) - raft.server.rpc.request.timeout = 3000ms (default)
2019-11-14 15:11:12,290 [51e91b80-82a5-4e26-a62a-ce423dc7e82c@group-2BB691F7EE67-LeaderElection190] INFO  server.RaftServerConfigKeys (ConfUtils.java:logGet(43)) - raft.server.log.appender.install.snapshot.enabled = false (custom)
2019-11-14 15:11:12,291 [51e91b80-82a5-4e26-a62a-ce423dc7e82c@group-2BB691F7EE67-LeaderElection190] INFO  impl.RoleInfo (RoleInfo.java:updateAndGet(143)) - 51e91b80-82a5-4e26-a62a-ce423dc7e82c: start LeaderState
2019-11-14 15:11:12,291 [51e91b80-82a5-4e26-a62a-ce423dc7e82c@group-2BB691F7EE67-LeaderElection190] INFO  segmented.SegmentedRaftLogWorker (SegmentedRaftLogWorker.java:startLogSegment(385)) - 51e91b80-82a5-4e26-a62a-ce423dc7e82c@group-2BB691F7EE67-SegmentedRaftLogWorker: Starting segment from index:0
2019-11-14 15:11:12,325 [51e91b80-82a5-4e26-a62a-ce423dc7e82c@group-2BB691F7EE67-LeaderElection190] INFO  impl.RaftServerImpl (ServerState.java:setRaftConf(356)) - 51e91b80-82a5-4e26-a62a-ce423dc7e82c@group-2BB691F7EE67: set configuration 0: [452ed320-102d-439c-a110-659d2656f893:192.168.34.62:34711, 0687b932-fcaf-4ed2-b562-2cd2e9cca79c:192.168.34.62:39060, 51e91b80-82a5-4e26-a62a-ce423dc7e82c:192.168.34.62:43216], old=null at 0
2019-11-14 15:11:12,328 [grpc-default-executor-0] INFO  ratis.XceiverServerRatis (XceiverServerRatis.java:handleLeaderChangedNotification(697)) - Leader change notification received for group: group-2BB691F7EE67 with new leaderId: 51e91b80-82a5-4e26-a62a-ce423dc7e82c
2019-11-14 15:11:12,328 [grpc-default-executor-0] INFO  impl.RaftServerImpl (ServerState.java:setLeader(255)) - 452ed320-102d-439c-a110-659d2656f893@group-2BB691F7EE67: change Leader from null to 51e91b80-82a5-4e26-a62a-ce423dc7e82c at term 1 for appendEntries, leader elected after 1123ms
2019-11-14 15:11:12,331 [grpc-default-executor-0] INFO  ratis.XceiverServerRatis (XceiverServerRatis.java:handleLeaderChangedNotification(697)) - Leader change notification received for group: group-2BB691F7EE67 with new leaderId: 51e91b80-82a5-4e26-a62a-ce423dc7e82c
2019-11-14 15:11:12,331 [grpc-default-executor-0] INFO  impl.RaftServerImpl (ServerState.java:setLeader(255)) - 0687b932-fcaf-4ed2-b562-2cd2e9cca79c@group-2BB691F7EE67: change Leader from null to 51e91b80-82a5-4e26-a62a-ce423dc7e82c at term 1 for appendEntries, leader elected after 1125ms
2019-11-14 15:11:12,333 [grpc-default-executor-0] INFO  impl.RaftServerImpl (ServerState.java:setRaftConf(356)) - 452ed320-102d-439c-a110-659d2656f893@group-2BB691F7EE67: set configuration 0: [452ed320-102d-439c-a110-659d2656f893:192.168.34.62:34711, 0687b932-fcaf-4ed2-b562-2cd2e9cca79c:192.168.34.62:39060, 51e91b80-82a5-4e26-a62a-ce423dc7e82c:192.168.34.62:43216], old=null at 0
2019-11-14 15:11:12,333 [grpc-default-executor-0] INFO  segmented.SegmentedRaftLogWorker (SegmentedRaftLogWorker.java:startLogSegment(385)) - 452ed320-102d-439c-a110-659d2656f893@group-2BB691F7EE67-SegmentedRaftLogWorker: Starting segment from index:0
2019-11-14 15:11:12,336 [grpc-default-executor-0] INFO  impl.RaftServerImpl (ServerState.java:setRaftConf(356)) - 0687b932-fcaf-4ed2-b562-2cd2e9cca79c@group-2BB691F7EE67: set configuration 0: [452ed320-102d-439c-a110-659d2656f893:192.168.34.62:34711, 0687b932-fcaf-4ed2-b562-2cd2e9cca79c:192.168.34.62:39060, 51e91b80-82a5-4e26-a62a-ce423dc7e82c:192.168.34.62:43216], old=null at 0
2019-11-14 15:11:12,338 [51e91b80-82a5-4e26-a62a-ce423dc7e82c@group-2BB691F7EE67-SegmentedRaftLogWorker] INFO  segmented.SegmentedRaftLogWorker (SegmentedRaftLogWorker.java:execute(576)) - 51e91b80-82a5-4e26-a62a-ce423dc7e82c@group-2BB691F7EE67-SegmentedRaftLogWorker: created new log segment /workdir/hadoop-ozone/integration-test/target/test-dir/MiniOzoneClusterImpl-5901a962-94ba-4a8b-ba12-ae811e713c7a/datanode-1/data/ratis/defb7391-dd1d-49e0-a0fb-2bb691f7ee67/current/log_inprogress_0
2019-11-14 15:11:12,339 [grpc-default-executor-0] INFO  segmented.SegmentedRaftLogWorker (SegmentedRaftLogWorker.java:startLogSegment(385)) - 0687b932-fcaf-4ed2-b562-2cd2e9cca79c@group-2BB691F7EE67-SegmentedRaftLogWorker: Starting segment from index:0
2019-11-14 15:11:12,381 [0687b932-fcaf-4ed2-b562-2cd2e9cca79c@group-2BB691F7EE67-SegmentedRaftLogWorker] INFO  segmented.SegmentedRaftLogWorker (SegmentedRaftLogWorker.java:execute(576)) - 0687b932-fcaf-4ed2-b562-2cd2e9cca79c@group-2BB691F7EE67-SegmentedRaftLogWorker: created new log segment /workdir/hadoop-ozone/integration-test/target/test-dir/MiniOzoneClusterImpl-5901a962-94ba-4a8b-ba12-ae811e713c7a/datanode-0/data/ratis/defb7391-dd1d-49e0-a0fb-2bb691f7ee67/current/log_inprogress_0
2019-11-14 15:11:12,381 [452ed320-102d-439c-a110-659d2656f893@group-2BB691F7EE67-SegmentedRaftLogWorker] INFO  segmented.SegmentedRaftLogWorker (SegmentedRaftLogWorker.java:execute(576)) - 452ed320-102d-439c-a110-659d2656f893@group-2BB691F7EE67-SegmentedRaftLogWorker: created new log segment /workdir/hadoop-ozone/integration-test/target/test-dir/MiniOzoneClusterImpl-5901a962-94ba-4a8b-ba12-ae811e713c7a/datanode-9/data/ratis/defb7391-dd1d-49e0-a0fb-2bb691f7ee67/current/log_inprogress_0
2019-11-14 15:11:12,455 [Thread-4332] INFO  impl.FollowerState (FollowerState.java:run(111)) - 452ed320-102d-439c-a110-659d2656f893@group-6EB44D4CC0F9-FollowerState: change to CANDIDATE, lastRpcTime:1178ms, electionTimeout:1178ms
2019-11-14 15:11:12,456 [Thread-4332] INFO  impl.RoleInfo (RoleInfo.java:shutdownFollowerState(121)) - 452ed320-102d-439c-a110-659d2656f893: shutdown FollowerState
2019-11-14 15:11:12,456 [Thread-4332] INFO  impl.RaftServerImpl (RaftServerImpl.java:setRole(173)) - 452ed320-102d-439c-a110-659d2656f893@group-6EB44D4CC0F9: changes role from  FOLLOWER to CANDIDATE at term 0 for changeToCandidate
2019-11-14 15:11:12,456 [Thread-4332] INFO  impl.RoleInfo (RoleInfo.java:updateAndGet(143)) - 452ed320-102d-439c-a110-659d2656f893: start LeaderElection
2019-11-14 15:11:12,473 [452ed320-102d-439c-a110-659d2656f893@group-6EB44D4CC0F9-LeaderElection191] INFO  impl.LeaderElection (LeaderElection.java:askForVotes(178)) - 452ed320-102d-439c-a110-659d2656f893@group-6EB44D4CC0F9-LeaderElection191: begin an election at term 1 for -1: [452ed320-102d-439c-a110-659d2656f893:192.168.34.62:34711], old=null
2019-11-14 15:11:12,473 [452ed320-102d-439c-a110-659d2656f893@group-6EB44D4CC0F9-LeaderElection191] INFO  impl.RoleInfo (RoleInfo.java:shutdownLeaderElection(134)) - 452ed320-102d-439c-a110-659d2656f893: shutdown LeaderElection
2019-11-14 15:11:12,473 [452ed320-102d-439c-a110-659d2656f893@group-6EB44D4CC0F9-LeaderElection191] INFO  impl.RaftServerImpl (RaftServerImpl.java:setRole(173)) - 452ed320-102d-439c-a110-659d2656f893@group-6EB44D4CC0F9: changes role from CANDIDATE to LEADER at term 1 for changeToLeader
2019-11-14 15:11:12,474 [452ed320-102d-439c-a110-659d2656f893@group-6EB44D4CC0F9-LeaderElection191] INFO  ratis.XceiverServerRatis (XceiverServerRatis.java:handleLeaderChangedNotification(697)) - Leader change notification received for group: group-6EB44D4CC0F9 with new leaderId: 452ed320-102d-439c-a110-659d2656f893
2019-11-14 15:11:12,474 [452ed320-102d-439c-a110-659d2656f893@group-6EB44D4CC0F9-LeaderElection191] INFO  impl.RaftServerImpl (ServerState.java:setLeader(255)) - 452ed320-102d-439c-a110-659d2656f893@group-6EB44D4CC0F9: change Leader from null to 452ed320-102d-439c-a110-659d2656f893 at term 1 for becomeLeader, leader elected after 1202ms
2019-11-14 15:11:12,474 [452ed320-102d-439c-a110-659d2656f893@group-6EB44D4CC0F9-LeaderElection191] INFO  server.RaftServerConfigKeys (ConfUtils.java:logGet(43)) - raft.server.staging.catchup.gap = 1000 (default)
2019-11-14 15:11:12,474 [452ed320-102d-439c-a110-659d2656f893@group-6EB44D4CC0F9-LeaderElection191] INFO  server.RaftServerConfigKeys (ConfUtils.java:logGet(43)) - raft.server.rpc.sleep.time = 25ms (default)
2019-11-14 15:11:12,474 [Thread-4350] INFO  impl.FollowerState (FollowerState.java:run(111)) - fdb64a2a-711d-4b74-a4a4-cacd6c2cad61@group-FFE93E8AA885-FollowerState: change to CANDIDATE, lastRpcTime:1134ms, electionTimeout:1134ms
2019-11-14 15:11:12,474 [452ed320-102d-439c-a110-659d2656f893@group-6EB44D4CC0F9-LeaderElection191] INFO  server.RaftServerConfigKeys (ConfUtils.java:logGet(43)) - raft.server.write.element-limit = 4096 (default)
2019-11-14 15:11:12,474 [Thread-4350] INFO  impl.RoleInfo (RoleInfo.java:shutdownFollowerState(121)) - fdb64a2a-711d-4b74-a4a4-cacd6c2cad61: shutdown FollowerState
2019-11-14 15:11:12,474 [EventQueue-PipelineReportForPipelineReportHandler] INFO  pipeline.PipelineStateManager (PipelineStateManager.java:openPipeline(134)) - Pipeline Pipeline[ Id: 9d80fe62-14e5-4030-8280-6eb44d4cc0f9, Nodes: 452ed320-102d-439c-a110-659d2656f893{ip: 192.168.34.62, host: pr-hdds-2480-6qkg9-608321763, networkLocation: /rack1, certSerialId: null}, Type:RATIS, Factor:ONE, State:OPEN] moved to OPEN state
2019-11-14 15:11:12,475 [Thread-4350] INFO  impl.RaftServerImpl (RaftServerImpl.java:setRole(173)) - fdb64a2a-711d-4b74-a4a4-cacd6c2cad61@group-FFE93E8AA885: changes role from  FOLLOWER to CANDIDATE at term 0 for changeToCandidate
2019-11-14 15:11:12,475 [452ed320-102d-439c-a110-659d2656f893@group-6EB44D4CC0F9-LeaderElection191] INFO  server.RaftServerConfigKeys (ConfUtils.java:logGet(43)) - raft.server.watch.timeout = 10s (default)
2019-11-14 15:11:12,475 [Thread-4350] INFO  impl.RoleInfo (RoleInfo.java:updateAndGet(143)) - fdb64a2a-711d-4b74-a4a4-cacd6c2cad61: start LeaderElection
2019-11-14 15:11:12,475 [452ed320-102d-439c-a110-659d2656f893@group-6EB44D4CC0F9-LeaderElection191] INFO  server.RaftServerConfigKeys (ConfUtils.java:logGet(43)) - raft.server.watch.timeout.denomination = 1s (default)
2019-11-14 15:11:12,475 [452ed320-102d-439c-a110-659d2656f893@group-6EB44D4CC0F9-LeaderElection191] INFO  server.RaftServerConfigKeys (ConfUtils.java:logGet(43)) - raft.server.watch.element-limit = 65536 (default)
2019-11-14 15:11:12,475 [452ed320-102d-439c-a110-659d2656f893@group-6EB44D4CC0F9-LeaderElection191] INFO  impl.RoleInfo (RoleInfo.java:updateAndGet(143)) - 452ed320-102d-439c-a110-659d2656f893: start LeaderState
2019-11-14 15:11:12,478 [452ed320-102d-439c-a110-659d2656f893@group-6EB44D4CC0F9-LeaderElection191] INFO  segmented.SegmentedRaftLogWorker (SegmentedRaftLogWorker.java:startLogSegment(385)) - 452ed320-102d-439c-a110-659d2656f893@group-6EB44D4CC0F9-SegmentedRaftLogWorker: Starting segment from index:0
2019-11-14 15:11:12,478 [452ed320-102d-439c-a110-659d2656f893@group-6EB44D4CC0F9-LeaderElection191] INFO  impl.RaftServerImpl (ServerState.java:setRaftConf(356)) - 452ed320-102d-439c-a110-659d2656f893@group-6EB44D4CC0F9: set configuration 0: [452ed320-102d-439c-a110-659d2656f893:192.168.34.62:34711], old=null at 0
2019-11-14 15:11:12,529 [fdb64a2a-711d-4b74-a4a4-cacd6c2cad61@group-FFE93E8AA885-LeaderElection192] INFO  impl.LeaderElection (LeaderElection.java:askForVotes(178)) - fdb64a2a-711d-4b74-a4a4-cacd6c2cad61@group-FFE93E8AA885-LeaderElection192: begin an election at term 1 for -1: [fdb64a2a-711d-4b74-a4a4-cacd6c2cad61:192.168.34.62:37913], old=null
2019-11-14 15:11:12,529 [fdb64a2a-711d-4b74-a4a4-cacd6c2cad61@group-FFE93E8AA885-LeaderElection192] INFO  impl.RoleInfo (RoleInfo.java:shutdownLeaderElection(134)) - fdb64a2a-711d-4b74-a4a4-cacd6c2cad61: shutdown LeaderElection
2019-11-14 15:11:12,529 [fdb64a2a-711d-4b74-a4a4-cacd6c2cad61@group-FFE93E8AA885-LeaderElection192] INFO  impl.RaftServerImpl (RaftServerImpl.java:setRole(173)) - fdb64a2a-711d-4b74-a4a4-cacd6c2cad61@group-FFE93E8AA885: changes role from CANDIDATE to LEADER at term 1 for changeToLeader
2019-11-14 15:11:12,529 [fdb64a2a-711d-4b74-a4a4-cacd6c2cad61@group-FFE93E8AA885-LeaderElection192] INFO  ratis.XceiverServerRatis (XceiverServerRatis.java:handleLeaderChangedNotification(697)) - Leader change notification received for group: group-FFE93E8AA885 with new leaderId: fdb64a2a-711d-4b74-a4a4-cacd6c2cad61
2019-11-14 15:11:12,529 [fdb64a2a-711d-4b74-a4a4-cacd6c2cad61@group-FFE93E8AA885-LeaderElection192] INFO  impl.RaftServerImpl (ServerState.java:setLeader(255)) - fdb64a2a-711d-4b74-a4a4-cacd6c2cad61@group-FFE93E8AA885: change Leader from null to fdb64a2a-711d-4b74-a4a4-cacd6c2cad61 at term 1 for becomeLeader, leader elected after 1192ms
2019-11-14 15:11:12,529 [fdb64a2a-711d-4b74-a4a4-cacd6c2cad61@group-FFE93E8AA885-LeaderElection192] INFO  server.RaftServerConfigKeys (ConfUtils.java:logGet(43)) - raft.server.staging.catchup.gap = 1000 (default)
2019-11-14 15:11:12,529 [fdb64a2a-711d-4b74-a4a4-cacd6c2cad61@group-FFE93E8AA885-LeaderElection192] INFO  server.RaftServerConfigKeys (ConfUtils.java:logGet(43)) - raft.server.rpc.sleep.time = 25ms (default)
2019-11-14 15:11:12,529 [fdb64a2a-711d-4b74-a4a4-cacd6c2cad61@group-FFE93E8AA885-LeaderElection192] INFO  server.RaftServerConfigKeys (ConfUtils.java:logGet(43)) - raft.server.write.element-limit = 4096 (default)
2019-11-14 15:11:12,530 [fdb64a2a-711d-4b74-a4a4-cacd6c2cad61@group-FFE93E8AA885-LeaderElection192] INFO  server.RaftServerConfigKeys (ConfUtils.java:logGet(43)) - raft.server.watch.timeout = 10s (default)
2019-11-14 15:11:12,530 [fdb64a2a-711d-4b74-a4a4-cacd6c2cad61@group-FFE93E8AA885-LeaderElection192] INFO  server.RaftServerConfigKeys (ConfUtils.java:logGet(43)) - raft.server.watch.timeout.denomination = 1s (default)
2019-11-14 15:11:12,530 [fdb64a2a-711d-4b74-a4a4-cacd6c2cad61@group-FFE93E8AA885-LeaderElection192] INFO  server.RaftServerConfigKeys (ConfUtils.java:logGet(43)) - raft.server.watch.element-limit = 65536 (default)
2019-11-14 15:11:12,530 [fdb64a2a-711d-4b74-a4a4-cacd6c2cad61@group-FFE93E8AA885-LeaderElection192] INFO  impl.RoleInfo (RoleInfo.java:updateAndGet(143)) - fdb64a2a-711d-4b74-a4a4-cacd6c2cad61: start LeaderState
2019-11-14 15:11:12,530 [EventQueue-PipelineReportForPipelineReportHandler] INFO  pipeline.PipelineStateManager (PipelineStateManager.java:openPipeline(134)) - Pipeline Pipeline[ Id: 13d2fa82-8a9a-4fad-9bf5-ffe93e8aa885, Nodes: fdb64a2a-711d-4b74-a4a4-cacd6c2cad61{ip: 192.168.34.62, host: pr-hdds-2480-6qkg9-608321763, networkLocation: /rack1, certSerialId: null}, Type:RATIS, Factor:ONE, State:OPEN] moved to OPEN state
2019-11-14 15:11:12,530 [fdb64a2a-711d-4b74-a4a4-cacd6c2cad61@group-FFE93E8AA885-LeaderElection192] INFO  segmented.SegmentedRaftLogWorker (SegmentedRaftLogWorker.java:startLogSegment(385)) - fdb64a2a-711d-4b74-a4a4-cacd6c2cad61@group-FFE93E8AA885-SegmentedRaftLogWorker: Starting segment from index:0
2019-11-14 15:11:12,531 [fdb64a2a-711d-4b74-a4a4-cacd6c2cad61@group-FFE93E8AA885-LeaderElection192] INFO  impl.RaftServerImpl (ServerState.java:setRaftConf(356)) - fdb64a2a-711d-4b74-a4a4-cacd6c2cad61@group-FFE93E8AA885: set configuration 0: [fdb64a2a-711d-4b74-a4a4-cacd6c2cad61:192.168.34.62:37913], old=null at 0
2019-11-14 15:11:12,605 [Thread-4367] INFO  impl.FollowerState (FollowerState.java:run(111)) - c45d92cd-1d84-4e39-b22b-e775d9180271@group-3EC9F60C7CC4-FollowerState: change to CANDIDATE, lastRpcTime:1017ms, electionTimeout:1017ms
2019-11-14 15:11:12,605 [Thread-4367] INFO  impl.RoleInfo (RoleInfo.java:shutdownFollowerState(121)) - c45d92cd-1d84-4e39-b22b-e775d9180271: shutdown FollowerState
2019-11-14 15:11:12,605 [Thread-4367] INFO  impl.RaftServerImpl (RaftServerImpl.java:setRole(173)) - c45d92cd-1d84-4e39-b22b-e775d9180271@group-3EC9F60C7CC4: changes role from  FOLLOWER to CANDIDATE at term 0 for changeToCandidate
2019-11-14 15:11:12,605 [Thread-4367] INFO  impl.RoleInfo (RoleInfo.java:updateAndGet(143)) - c45d92cd-1d84-4e39-b22b-e775d9180271: start LeaderElection
2019-11-14 15:11:12,611 [452ed320-102d-439c-a110-659d2656f893@group-6EB44D4CC0F9-SegmentedRaftLogWorker] INFO  segmented.SegmentedRaftLogWorker (SegmentedRaftLogWorker.java:execute(576)) - 452ed320-102d-439c-a110-659d2656f893@group-6EB44D4CC0F9-SegmentedRaftLogWorker: created new log segment /workdir/hadoop-ozone/integration-test/target/test-dir/MiniOzoneClusterImpl-5901a962-94ba-4a8b-ba12-ae811e713c7a/datanode-9/data/ratis/9d80fe62-14e5-4030-8280-6eb44d4cc0f9/current/log_inprogress_0
2019-11-14 15:11:12,615 [fdb64a2a-711d-4b74-a4a4-cacd6c2cad61@group-FFE93E8AA885-SegmentedRaftLogWorker] INFO  segmented.SegmentedRaftLogWorker (SegmentedRaftLogWorker.java:execute(576)) - fdb64a2a-711d-4b74-a4a4-cacd6c2cad61@group-FFE93E8AA885-SegmentedRaftLogWorker: created new log segment /workdir/hadoop-ozone/integration-test/target/test-dir/MiniOzoneClusterImpl-5901a962-94ba-4a8b-ba12-ae811e713c7a/datanode-6/data/ratis/13d2fa82-8a9a-4fad-9bf5-ffe93e8aa885/current/log_inprogress_0
2019-11-14 15:11:12,615 [c45d92cd-1d84-4e39-b22b-e775d9180271@group-3EC9F60C7CC4-LeaderElection193] INFO  impl.LeaderElection (LeaderElection.java:askForVotes(178)) - c45d92cd-1d84-4e39-b22b-e775d9180271@group-3EC9F60C7CC4-LeaderElection193: begin an election at term 1 for -1: [ee222113-7cfa-4d93-ae35-60587bc46978:192.168.34.62:36461, 9ce1968d-df6d-4251-8f68-caf53c6f1d3e:192.168.34.62:35975, c45d92cd-1d84-4e39-b22b-e775d9180271:192.168.34.62:37954], old=null
2019-11-14 15:11:12,618 [grpc-default-executor-0] INFO  impl.RaftServerImpl (RaftServerImpl.java:setRole(173)) - 9ce1968d-df6d-4251-8f68-caf53c6f1d3e@group-3EC9F60C7CC4: changes role from  FOLLOWER to FOLLOWER at term 1 for recognizeCandidate:c45d92cd-1d84-4e39-b22b-e775d9180271
2019-11-14 15:11:12,618 [grpc-default-executor-4] INFO  impl.RaftServerImpl (RaftServerImpl.java:setRole(173)) - ee222113-7cfa-4d93-ae35-60587bc46978@group-3EC9F60C7CC4: changes role from  FOLLOWER to FOLLOWER at term 1 for recognizeCandidate:c45d92cd-1d84-4e39-b22b-e775d9180271
2019-11-14 15:11:12,618 [grpc-default-executor-4] INFO  impl.RoleInfo (RoleInfo.java:shutdownFollowerState(121)) - ee222113-7cfa-4d93-ae35-60587bc46978: shutdown FollowerState
2019-11-14 15:11:12,618 [grpc-default-executor-0] INFO  impl.RoleInfo (RoleInfo.java:shutdownFollowerState(121)) - 9ce1968d-df6d-4251-8f68-caf53c6f1d3e: shutdown FollowerState
2019-11-14 15:11:12,618 [Thread-4364] INFO  impl.FollowerState (FollowerState.java:run(120)) - ee222113-7cfa-4d93-ae35-60587bc46978@group-3EC9F60C7CC4-FollowerState was interrupted: java.lang.InterruptedException: sleep interrupted
2019-11-14 15:11:12,618 [grpc-default-executor-4] INFO  impl.RoleInfo (RoleInfo.java:updateAndGet(143)) - ee222113-7cfa-4d93-ae35-60587bc46978: start FollowerState
2019-11-14 15:11:12,618 [grpc-default-executor-0] INFO  impl.RoleInfo (RoleInfo.java:updateAndGet(143)) - 9ce1968d-df6d-4251-8f68-caf53c6f1d3e: start FollowerState
2019-11-14 15:11:12,618 [Thread-4361] INFO  impl.FollowerState (FollowerState.java:run(120)) - 9ce1968d-df6d-4251-8f68-caf53c6f1d3e@group-3EC9F60C7CC4-FollowerState was interrupted: java.lang.InterruptedException: sleep interrupted
2019-11-14 15:11:12,628 [c45d92cd-1d84-4e39-b22b-e775d9180271@group-3EC9F60C7CC4-LeaderElection193] INFO  impl.LeaderElection (LeaderElection.java:logAndReturn(56)) - c45d92cd-1d84-4e39-b22b-e775d9180271@group-3EC9F60C7CC4-LeaderElection193: Election PASSED; received 1 response(s) [c45d92cd-1d84-4e39-b22b-e775d9180271<-ee222113-7cfa-4d93-ae35-60587bc46978#0:OK-t1] and 0 exception(s); c45d92cd-1d84-4e39-b22b-e775d9180271@group-3EC9F60C7CC4:t1, leader=null, voted=c45d92cd-1d84-4e39-b22b-e775d9180271, raftlog=c45d92cd-1d84-4e39-b22b-e775d9180271@group-3EC9F60C7CC4-SegmentedRaftLog:OPENED:c-1,f-1,i0, conf=-1: [ee222113-7cfa-4d93-ae35-60587bc46978:192.168.34.62:36461, 9ce1968d-df6d-4251-8f68-caf53c6f1d3e:192.168.34.62:35975, c45d92cd-1d84-4e39-b22b-e775d9180271:192.168.34.62:37954], old=null
2019-11-14 15:11:12,629 [c45d92cd-1d84-4e39-b22b-e775d9180271@group-3EC9F60C7CC4-LeaderElection193] INFO  impl.RoleInfo (RoleInfo.java:shutdownLeaderElection(134)) - c45d92cd-1d84-4e39-b22b-e775d9180271: shutdown LeaderElection
2019-11-14 15:11:12,629 [c45d92cd-1d84-4e39-b22b-e775d9180271@group-3EC9F60C7CC4-LeaderElection193] INFO  impl.RaftServerImpl (RaftServerImpl.java:setRole(173)) - c45d92cd-1d84-4e39-b22b-e775d9180271@group-3EC9F60C7CC4: changes role from CANDIDATE to LEADER at term 1 for changeToLeader
2019-11-14 15:11:12,629 [c45d92cd-1d84-4e39-b22b-e775d9180271@group-3EC9F60C7CC4-LeaderElection193] INFO  ratis.XceiverServerRatis (XceiverServerRatis.java:handleLeaderChangedNotification(697)) - Leader change notification received for group: group-3EC9F60C7CC4 with new leaderId: c45d92cd-1d84-4e39-b22b-e775d9180271
2019-11-14 15:11:12,629 [c45d92cd-1d84-4e39-b22b-e775d9180271@group-3EC9F60C7CC4-LeaderElection193] INFO  impl.RaftServerImpl (ServerState.java:setLeader(255)) - c45d92cd-1d84-4e39-b22b-e775d9180271@group-3EC9F60C7CC4: change Leader from null to c45d92cd-1d84-4e39-b22b-e775d9180271 at term 1 for becomeLeader, leader elected after 1045ms
2019-11-14 15:11:12,629 [c45d92cd-1d84-4e39-b22b-e775d9180271@group-3EC9F60C7CC4-LeaderElection193] INFO  server.RaftServerConfigKeys (ConfUtils.java:logGet(43)) - raft.server.staging.catchup.gap = 1000 (default)
2019-11-14 15:11:12,629 [c45d92cd-1d84-4e39-b22b-e775d9180271@group-3EC9F60C7CC4-LeaderElection193] INFO  server.RaftServerConfigKeys (ConfUtils.java:logGet(43)) - raft.server.rpc.sleep.time = 25ms (default)
2019-11-14 15:11:12,629 [c45d92cd-1d84-4e39-b22b-e775d9180271@group-3EC9F60C7CC4-LeaderElection193] INFO  server.RaftServerConfigKeys (ConfUtils.java:logGet(43)) - raft.server.write.element-limit = 4096 (default)
2019-11-14 15:11:12,630 [c45d92cd-1d84-4e39-b22b-e775d9180271@group-3EC9F60C7CC4-LeaderElection193] INFO  server.RaftServerConfigKeys (ConfUtils.java:logGet(43)) - raft.server.watch.timeout = 10s (default)
2019-11-14 15:11:12,630 [c45d92cd-1d84-4e39-b22b-e775d9180271@group-3EC9F60C7CC4-LeaderElection193] INFO  server.RaftServerConfigKeys (ConfUtils.java:logGet(43)) - raft.server.watch.timeout.denomination = 1s (default)
2019-11-14 15:11:12,630 [c45d92cd-1d84-4e39-b22b-e775d9180271@group-3EC9F60C7CC4-LeaderElection193] INFO  server.RaftServerConfigKeys (ConfUtils.java:logGet(43)) - raft.server.watch.element-limit = 65536 (default)
2019-11-14 15:11:12,630 [c45d92cd-1d84-4e39-b22b-e775d9180271@group-3EC9F60C7CC4-LeaderElection193] INFO  server.RaftServerConfigKeys (ConfUtils.java:logGet(43)) - raft.server.log.appender.snapshot.chunk.size.max = 16MB (=16777216) (default)
2019-11-14 15:11:12,630 [c45d92cd-1d84-4e39-b22b-e775d9180271@group-3EC9F60C7CC4-LeaderElection193] INFO  server.RaftServerConfigKeys (ConfUtils.java:logGet(43)) - raft.server.log.appender.buffer.byte-limit = 33554432 (custom)
2019-11-14 15:11:12,630 [c45d92cd-1d84-4e39-b22b-e775d9180271@group-3EC9F60C7CC4-LeaderElection193] INFO  server.RaftServerConfigKeys (ConfUtils.java:logGet(43)) - raft.server.log.appender.buffer.element-limit = 1 (custom)
2019-11-14 15:11:12,630 [c45d92cd-1d84-4e39-b22b-e775d9180271@group-3EC9F60C7CC4-LeaderElection193] INFO  grpc.GrpcConfigKeys$Server (ConfUtils.java:logGet(43)) - raft.grpc.server.leader.outstanding.appends.max = 128 (default)
2019-11-14 15:11:12,631 [c45d92cd-1d84-4e39-b22b-e775d9180271@group-3EC9F60C7CC4-LeaderElection193] INFO  server.RaftServerConfigKeys (ConfUtils.java:logGet(43)) - raft.server.rpc.request.timeout = 3000ms (default)
2019-11-14 15:11:12,631 [c45d92cd-1d84-4e39-b22b-e775d9180271@group-3EC9F60C7CC4-LeaderElection193] INFO  server.RaftServerConfigKeys (ConfUtils.java:logGet(43)) - raft.server.log.appender.install.snapshot.enabled = false (custom)
2019-11-14 15:11:12,631 [c45d92cd-1d84-4e39-b22b-e775d9180271@group-3EC9F60C7CC4-LeaderElection193] WARN  impl.MetricRegistriesImpl (MetricRegistriesImpl.java:lambda$create$1(61)) - First MetricRegistry has been created without registering reporters. You may need to call MetricRegistries.global().addReportRegistration(...) before.
2019-11-14 15:11:12,631 [c45d92cd-1d84-4e39-b22b-e775d9180271@group-3EC9F60C7CC4-LeaderElection193] INFO  server.RaftServerConfigKeys (ConfUtils.java:logGet(43)) - raft.server.log.appender.snapshot.chunk.size.max = 16MB (=16777216) (default)
2019-11-14 15:11:12,631 [c45d92cd-1d84-4e39-b22b-e775d9180271@group-3EC9F60C7CC4-LeaderElection193] INFO  server.RaftServerConfigKeys (ConfUtils.java:logGet(43)) - raft.server.log.appender.buffer.byte-limit = 33554432 (custom)
2019-11-14 15:11:12,631 [c45d92cd-1d84-4e39-b22b-e775d9180271@group-3EC9F60C7CC4-LeaderElection193] INFO  server.RaftServerConfigKeys (ConfUtils.java:logGet(43)) - raft.server.log.appender.buffer.element-limit = 1 (custom)
2019-11-14 15:11:12,632 [c45d92cd-1d84-4e39-b22b-e775d9180271@group-3EC9F60C7CC4-LeaderElection193] INFO  grpc.GrpcConfigKeys$Server (ConfUtils.java:logGet(43)) - raft.grpc.server.leader.outstanding.appends.max = 128 (default)
2019-11-14 15:11:12,632 [c45d92cd-1d84-4e39-b22b-e775d9180271@group-3EC9F60C7CC4-LeaderElection193] INFO  server.RaftServerConfigKeys (ConfUtils.java:logGet(43)) - raft.server.rpc.request.timeout = 3000ms (default)
2019-11-14 15:11:12,632 [c45d92cd-1d84-4e39-b22b-e775d9180271@group-3EC9F60C7CC4-LeaderElection193] INFO  server.RaftServerConfigKeys (ConfUtils.java:logGet(43)) - raft.server.log.appender.install.snapshot.enabled = false (custom)
2019-11-14 15:11:12,632 [c45d92cd-1d84-4e39-b22b-e775d9180271@group-3EC9F60C7CC4-LeaderElection193] INFO  impl.RoleInfo (RoleInfo.java:updateAndGet(143)) - c45d92cd-1d84-4e39-b22b-e775d9180271: start LeaderState
2019-11-14 15:11:12,632 [c45d92cd-1d84-4e39-b22b-e775d9180271@group-3EC9F60C7CC4-LeaderElection193] INFO  segmented.SegmentedRaftLogWorker (SegmentedRaftLogWorker.java:startLogSegment(385)) - c45d92cd-1d84-4e39-b22b-e775d9180271@group-3EC9F60C7CC4-SegmentedRaftLogWorker: Starting segment from index:0
2019-11-14 15:11:12,633 [c45d92cd-1d84-4e39-b22b-e775d9180271@group-3EC9F60C7CC4-LeaderElection193] INFO  impl.RaftServerImpl (ServerState.java:setRaftConf(356)) - c45d92cd-1d84-4e39-b22b-e775d9180271@group-3EC9F60C7CC4: set configuration 0: [ee222113-7cfa-4d93-ae35-60587bc46978:192.168.34.62:36461, 9ce1968d-df6d-4251-8f68-caf53c6f1d3e:192.168.34.62:35975, c45d92cd-1d84-4e39-b22b-e775d9180271:192.168.34.62:37954], old=null at 0
2019-11-14 15:11:12,665 [grpc-default-executor-4] INFO  ratis.XceiverServerRatis (XceiverServerRatis.java:handleLeaderChangedNotification(697)) - Leader change notification received for group: group-3EC9F60C7CC4 with new leaderId: c45d92cd-1d84-4e39-b22b-e775d9180271
2019-11-14 15:11:12,665 [grpc-default-executor-0] INFO  ratis.XceiverServerRatis (XceiverServerRatis.java:handleLeaderChangedNotification(697)) - Leader change notification received for group: group-3EC9F60C7CC4 with new leaderId: c45d92cd-1d84-4e39-b22b-e775d9180271
2019-11-14 15:11:12,665 [grpc-default-executor-4] INFO  impl.RaftServerImpl (ServerState.java:setLeader(255)) - ee222113-7cfa-4d93-ae35-60587bc46978@group-3EC9F60C7CC4: change Leader from null to c45d92cd-1d84-4e39-b22b-e775d9180271 at term 1 for appendEntries, leader elected after 1083ms
2019-11-14 15:11:12,665 [grpc-default-executor-0] INFO  impl.RaftServerImpl (ServerState.java:setLeader(255)) - 9ce1968d-df6d-4251-8f68-caf53c6f1d3e@group-3EC9F60C7CC4: change Leader from null to c45d92cd-1d84-4e39-b22b-e775d9180271 at term 1 for appendEntries, leader elected after 1085ms
2019-11-14 15:11:12,671 [c45d92cd-1d84-4e39-b22b-e775d9180271@group-3EC9F60C7CC4-SegmentedRaftLogWorker] INFO  segmented.SegmentedRaftLogWorker (SegmentedRaftLogWorker.java:execute(576)) - c45d92cd-1d84-4e39-b22b-e775d9180271@group-3EC9F60C7CC4-SegmentedRaftLogWorker: created new log segment /workdir/hadoop-ozone/integration-test/target/test-dir/MiniOzoneClusterImpl-5901a962-94ba-4a8b-ba12-ae811e713c7a/datanode-7/data/ratis/a0e51885-45bc-410a-82ac-3ec9f60c7cc4/current/log_inprogress_0
2019-11-14 15:11:12,676 [grpc-default-executor-4] INFO  impl.RaftServerImpl (ServerState.java:setRaftConf(356)) - 9ce1968d-df6d-4251-8f68-caf53c6f1d3e@group-3EC9F60C7CC4: set configuration 0: [ee222113-7cfa-4d93-ae35-60587bc46978:192.168.34.62:36461, 9ce1968d-df6d-4251-8f68-caf53c6f1d3e:192.168.34.62:35975, c45d92cd-1d84-4e39-b22b-e775d9180271:192.168.34.62:37954], old=null at 0
2019-11-14 15:11:12,676 [grpc-default-executor-0] INFO  impl.RaftServerImpl (ServerState.java:setRaftConf(356)) - ee222113-7cfa-4d93-ae35-60587bc46978@group-3EC9F60C7CC4: set configuration 0: [ee222113-7cfa-4d93-ae35-60587bc46978:192.168.34.62:36461, 9ce1968d-df6d-4251-8f68-caf53c6f1d3e:192.168.34.62:35975, c45d92cd-1d84-4e39-b22b-e775d9180271:192.168.34.62:37954], old=null at 0
2019-11-14 15:11:12,676 [grpc-default-executor-4] INFO  segmented.SegmentedRaftLogWorker (SegmentedRaftLogWorker.java:startLogSegment(385)) - 9ce1968d-df6d-4251-8f68-caf53c6f1d3e@group-3EC9F60C7CC4-SegmentedRaftLogWorker: Starting segment from index:0
2019-11-14 15:11:12,676 [grpc-default-executor-0] INFO  segmented.SegmentedRaftLogWorker (SegmentedRaftLogWorker.java:startLogSegment(385)) - ee222113-7cfa-4d93-ae35-60587bc46978@group-3EC9F60C7CC4-SegmentedRaftLogWorker: Starting segment from index:0
2019-11-14 15:11:12,706 [9ce1968d-df6d-4251-8f68-caf53c6f1d3e@group-3EC9F60C7CC4-SegmentedRaftLogWorker] INFO  segmented.SegmentedRaftLogWorker (SegmentedRaftLogWorker.java:execute(576)) - 9ce1968d-df6d-4251-8f68-caf53c6f1d3e@group-3EC9F60C7CC4-SegmentedRaftLogWorker: created new log segment /workdir/hadoop-ozone/integration-test/target/test-dir/MiniOzoneClusterImpl-5901a962-94ba-4a8b-ba12-ae811e713c7a/datanode-8/data/ratis/a0e51885-45bc-410a-82ac-3ec9f60c7cc4/current/log_inprogress_0
2019-11-14 15:11:12,706 [ee222113-7cfa-4d93-ae35-60587bc46978@group-3EC9F60C7CC4-SegmentedRaftLogWorker] INFO  segmented.SegmentedRaftLogWorker (SegmentedRaftLogWorker.java:execute(576)) - ee222113-7cfa-4d93-ae35-60587bc46978@group-3EC9F60C7CC4-SegmentedRaftLogWorker: created new log segment /workdir/hadoop-ozone/integration-test/target/test-dir/MiniOzoneClusterImpl-5901a962-94ba-4a8b-ba12-ae811e713c7a/datanode-2/data/ratis/a0e51885-45bc-410a-82ac-3ec9f60c7cc4/current/log_inprogress_0
2019-11-14 15:11:12,736 [Thread-4375] INFO  impl.FollowerState (FollowerState.java:run(111)) - ee222113-7cfa-4d93-ae35-60587bc46978@group-248A7E5D461E-FollowerState: change to CANDIDATE, lastRpcTime:1078ms, electionTimeout:1078ms
2019-11-14 15:11:12,736 [Thread-4375] INFO  impl.RoleInfo (RoleInfo.java:shutdownFollowerState(121)) - ee222113-7cfa-4d93-ae35-60587bc46978: shutdown FollowerState
2019-11-14 15:11:12,736 [Thread-4375] INFO  impl.RaftServerImpl (RaftServerImpl.java:setRole(173)) - ee222113-7cfa-4d93-ae35-60587bc46978@group-248A7E5D461E: changes role from  FOLLOWER to CANDIDATE at term 0 for changeToCandidate
2019-11-14 15:11:12,736 [Thread-4375] INFO  impl.RoleInfo (RoleInfo.java:updateAndGet(143)) - ee222113-7cfa-4d93-ae35-60587bc46978: start LeaderElection
2019-11-14 15:11:12,747 [ee222113-7cfa-4d93-ae35-60587bc46978@group-248A7E5D461E-LeaderElection194] INFO  impl.LeaderElection (LeaderElection.java:askForVotes(178)) - ee222113-7cfa-4d93-ae35-60587bc46978@group-248A7E5D461E-LeaderElection194: begin an election at term 1 for -1: [ee222113-7cfa-4d93-ae35-60587bc46978:192.168.34.62:36461], old=null
2019-11-14 15:11:12,747 [ee222113-7cfa-4d93-ae35-60587bc46978@group-248A7E5D461E-LeaderElection194] INFO  impl.RoleInfo (RoleInfo.java:shutdownLeaderElection(134)) - ee222113-7cfa-4d93-ae35-60587bc46978: shutdown LeaderElection
2019-11-14 15:11:12,748 [ee222113-7cfa-4d93-ae35-60587bc46978@group-248A7E5D461E-LeaderElection194] INFO  impl.RaftServerImpl (RaftServerImpl.java:setRole(173)) - ee222113-7cfa-4d93-ae35-60587bc46978@group-248A7E5D461E: changes role from CANDIDATE to LEADER at term 1 for changeToLeader
2019-11-14 15:11:12,748 [ee222113-7cfa-4d93-ae35-60587bc46978@group-248A7E5D461E-LeaderElection194] INFO  ratis.XceiverServerRatis (XceiverServerRatis.java:handleLeaderChangedNotification(697)) - Leader change notification received for group: group-248A7E5D461E with new leaderId: ee222113-7cfa-4d93-ae35-60587bc46978
2019-11-14 15:11:12,748 [ee222113-7cfa-4d93-ae35-60587bc46978@group-248A7E5D461E-LeaderElection194] INFO  impl.RaftServerImpl (ServerState.java:setLeader(255)) - ee222113-7cfa-4d93-ae35-60587bc46978@group-248A7E5D461E: change Leader from null to ee222113-7cfa-4d93-ae35-60587bc46978 at term 1 for becomeLeader, leader elected after 1092ms
2019-11-14 15:11:12,748 [Thread-4385] INFO  impl.FollowerState (FollowerState.java:run(111)) - fdb64a2a-711d-4b74-a4a4-cacd6c2cad61@group-81275DA7FAB4-FollowerState: change to CANDIDATE, lastRpcTime:1014ms, electionTimeout:1014ms
2019-11-14 15:11:12,748 [ee222113-7cfa-4d93-ae35-60587bc46978@group-248A7E5D461E-LeaderElection194] INFO  server.RaftServerConfigKeys (ConfUtils.java:logGet(43)) - raft.server.staging.catchup.gap = 1000 (default)
2019-11-14 15:11:12,748 [Thread-4385] INFO  impl.RoleInfo (RoleInfo.java:shutdownFollowerState(121)) - fdb64a2a-711d-4b74-a4a4-cacd6c2cad61: shutdown FollowerState
2019-11-14 15:11:12,748 [ee222113-7cfa-4d93-ae35-60587bc46978@group-248A7E5D461E-LeaderElection194] INFO  server.RaftServerConfigKeys (ConfUtils.java:logGet(43)) - raft.server.rpc.sleep.time = 25ms (default)
2019-11-14 15:11:12,748 [Thread-4385] INFO  impl.RaftServerImpl (RaftServerImpl.java:setRole(173)) - fdb64a2a-711d-4b74-a4a4-cacd6c2cad61@group-81275DA7FAB4: changes role from  FOLLOWER to CANDIDATE at term 0 for changeToCandidate
2019-11-14 15:11:12,748 [Thread-4385] INFO  impl.RoleInfo (RoleInfo.java:updateAndGet(143)) - fdb64a2a-711d-4b74-a4a4-cacd6c2cad61: start LeaderElection
2019-11-14 15:11:12,749 [ee222113-7cfa-4d93-ae35-60587bc46978@group-248A7E5D461E-LeaderElection194] INFO  server.RaftServerConfigKeys (ConfUtils.java:logGet(43)) - raft.server.write.element-limit = 4096 (default)
2019-11-14 15:11:12,749 [ee222113-7cfa-4d93-ae35-60587bc46978@group-248A7E5D461E-LeaderElection194] INFO  server.RaftServerConfigKeys (ConfUtils.java:logGet(43)) - raft.server.watch.timeout = 10s (default)
2019-11-14 15:11:12,749 [EventQueue-PipelineReportForPipelineReportHandler] INFO  pipeline.PipelineStateManager (PipelineStateManager.java:openPipeline(134)) - Pipeline Pipeline[ Id: 84be8c3a-4ffd-4994-9f6e-248a7e5d461e, Nodes: ee222113-7cfa-4d93-ae35-60587bc46978{ip: 192.168.34.62, host: pr-hdds-2480-6qkg9-608321763, networkLocation: /rack1, certSerialId: null}, Type:RATIS, Factor:ONE, State:OPEN] moved to OPEN state
2019-11-14 15:11:12,751 [ee222113-7cfa-4d93-ae35-60587bc46978@group-248A7E5D461E-LeaderElection194] INFO  server.RaftServerConfigKeys (ConfUtils.java:logGet(43)) - raft.server.watch.timeout.denomination = 1s (default)
2019-11-14 15:11:12,752 [ee222113-7cfa-4d93-ae35-60587bc46978@group-248A7E5D461E-LeaderElection194] INFO  server.RaftServerConfigKeys (ConfUtils.java:logGet(43)) - raft.server.watch.element-limit = 65536 (default)
2019-11-14 15:11:12,752 [ee222113-7cfa-4d93-ae35-60587bc46978@group-248A7E5D461E-LeaderElection194] INFO  impl.RoleInfo (RoleInfo.java:updateAndGet(143)) - ee222113-7cfa-4d93-ae35-60587bc46978: start LeaderState
2019-11-14 15:11:12,752 [ee222113-7cfa-4d93-ae35-60587bc46978@group-248A7E5D461E-LeaderElection194] INFO  segmented.SegmentedRaftLogWorker (SegmentedRaftLogWorker.java:startLogSegment(385)) - ee222113-7cfa-4d93-ae35-60587bc46978@group-248A7E5D461E-SegmentedRaftLogWorker: Starting segment from index:0
2019-11-14 15:11:12,753 [ee222113-7cfa-4d93-ae35-60587bc46978@group-248A7E5D461E-LeaderElection194] INFO  impl.RaftServerImpl (ServerState.java:setRaftConf(356)) - ee222113-7cfa-4d93-ae35-60587bc46978@group-248A7E5D461E: set configuration 0: [ee222113-7cfa-4d93-ae35-60587bc46978:192.168.34.62:36461], old=null at 0
2019-11-14 15:11:12,785 [fdb64a2a-711d-4b74-a4a4-cacd6c2cad61@group-81275DA7FAB4-LeaderElection195] INFO  impl.LeaderElection (LeaderElection.java:askForVotes(178)) - fdb64a2a-711d-4b74-a4a4-cacd6c2cad61@group-81275DA7FAB4-LeaderElection195: begin an election at term 1 for -1: [fdb64a2a-711d-4b74-a4a4-cacd6c2cad61:192.168.34.62:37913, 34d60e7e-1049-4636-b4f7-69f15bd98c31:192.168.34.62:39382, de889d2b-5891-48f1-89d7-805f59e22d6d:192.168.34.62:42999], old=null
2019-11-14 15:11:12,788 [grpc-default-executor-0] INFO  impl.RaftServerImpl (RaftServerImpl.java:setRole(173)) - de889d2b-5891-48f1-89d7-805f59e22d6d@group-81275DA7FAB4: changes role from  FOLLOWER to FOLLOWER at term 1 for recognizeCandidate:fdb64a2a-711d-4b74-a4a4-cacd6c2cad61
2019-11-14 15:11:12,788 [grpc-default-executor-0] INFO  impl.RoleInfo (RoleInfo.java:shutdownFollowerState(121)) - de889d2b-5891-48f1-89d7-805f59e22d6d: shutdown FollowerState
2019-11-14 15:11:12,788 [grpc-default-executor-4] INFO  impl.RaftServerImpl (RaftServerImpl.java:setRole(173)) - 34d60e7e-1049-4636-b4f7-69f15bd98c31@group-81275DA7FAB4: changes role from  FOLLOWER to FOLLOWER at term 1 for recognizeCandidate:fdb64a2a-711d-4b74-a4a4-cacd6c2cad61
2019-11-14 15:11:12,788 [grpc-default-executor-0] INFO  impl.RoleInfo (RoleInfo.java:updateAndGet(143)) - de889d2b-5891-48f1-89d7-805f59e22d6d: start FollowerState
2019-11-14 15:11:12,788 [Thread-4386] INFO  impl.FollowerState (FollowerState.java:run(120)) - de889d2b-5891-48f1-89d7-805f59e22d6d@group-81275DA7FAB4-FollowerState was interrupted: java.lang.InterruptedException: sleep interrupted
2019-11-14 15:11:12,788 [grpc-default-executor-4] INFO  impl.RoleInfo (RoleInfo.java:shutdownFollowerState(121)) - 34d60e7e-1049-4636-b4f7-69f15bd98c31: shutdown FollowerState
2019-11-14 15:11:12,788 [grpc-default-executor-4] INFO  impl.RoleInfo (RoleInfo.java:updateAndGet(143)) - 34d60e7e-1049-4636-b4f7-69f15bd98c31: start FollowerState
2019-11-14 15:11:12,788 [Thread-4381] INFO  impl.FollowerState (FollowerState.java:run(120)) - 34d60e7e-1049-4636-b4f7-69f15bd98c31@group-81275DA7FAB4-FollowerState was interrupted: java.lang.InterruptedException: sleep interrupted
2019-11-14 15:11:12,795 [Thread-4371] INFO  impl.FollowerState (FollowerState.java:run(111)) - c45d92cd-1d84-4e39-b22b-e775d9180271@group-986B4BE192CE-FollowerState: change to CANDIDATE, lastRpcTime:1179ms, electionTimeout:1179ms
2019-11-14 15:11:12,795 [Thread-4371] INFO  impl.RoleInfo (RoleInfo.java:shutdownFollowerState(121)) - c45d92cd-1d84-4e39-b22b-e775d9180271: shutdown FollowerState
2019-11-14 15:11:12,795 [Thread-4371] INFO  impl.RaftServerImpl (RaftServerImpl.java:setRole(173)) - c45d92cd-1d84-4e39-b22b-e775d9180271@group-986B4BE192CE: changes role from  FOLLOWER to CANDIDATE at term 0 for changeToCandidate
2019-11-14 15:11:12,795 [Thread-4371] INFO  impl.RoleInfo (RoleInfo.java:updateAndGet(143)) - c45d92cd-1d84-4e39-b22b-e775d9180271: start LeaderElection
2019-11-14 15:11:12,803 [ee222113-7cfa-4d93-ae35-60587bc46978@group-248A7E5D461E-SegmentedRaftLogWorker] INFO  segmented.SegmentedRaftLogWorker (SegmentedRaftLogWorker.java:execute(576)) - ee222113-7cfa-4d93-ae35-60587bc46978@group-248A7E5D461E-SegmentedRaftLogWorker: created new log segment /workdir/hadoop-ozone/integration-test/target/test-dir/MiniOzoneClusterImpl-5901a962-94ba-4a8b-ba12-ae811e713c7a/datanode-2/data/ratis/84be8c3a-4ffd-4994-9f6e-248a7e5d461e/current/log_inprogress_0
2019-11-14 15:11:12,803 [c45d92cd-1d84-4e39-b22b-e775d9180271@group-986B4BE192CE-LeaderElection196] INFO  impl.LeaderElection (LeaderElection.java:askForVotes(178)) - c45d92cd-1d84-4e39-b22b-e775d9180271@group-986B4BE192CE-LeaderElection196: begin an election at term 1 for -1: [c45d92cd-1d84-4e39-b22b-e775d9180271:192.168.34.62:37954], old=null
2019-11-14 15:11:12,803 [c45d92cd-1d84-4e39-b22b-e775d9180271@group-986B4BE192CE-LeaderElection196] INFO  impl.RoleInfo (RoleInfo.java:shutdownLeaderElection(134)) - c45d92cd-1d84-4e39-b22b-e775d9180271: shutdown LeaderElection
2019-11-14 15:11:12,803 [c45d92cd-1d84-4e39-b22b-e775d9180271@group-986B4BE192CE-LeaderElection196] INFO  impl.RaftServerImpl (RaftServerImpl.java:setRole(173)) - c45d92cd-1d84-4e39-b22b-e775d9180271@group-986B4BE192CE: changes role from CANDIDATE to LEADER at term 1 for changeToLeader
2019-11-14 15:11:12,804 [c45d92cd-1d84-4e39-b22b-e775d9180271@group-986B4BE192CE-LeaderElection196] INFO  ratis.XceiverServerRatis (XceiverServerRatis.java:handleLeaderChangedNotification(697)) - Leader change notification received for group: group-986B4BE192CE with new leaderId: c45d92cd-1d84-4e39-b22b-e775d9180271
2019-11-14 15:11:12,804 [fdb64a2a-711d-4b74-a4a4-cacd6c2cad61@group-81275DA7FAB4-LeaderElection195] INFO  impl.LeaderElection (LeaderElection.java:logAndReturn(56)) - fdb64a2a-711d-4b74-a4a4-cacd6c2cad61@group-81275DA7FAB4-LeaderElection195: Election PASSED; received 1 response(s) [fdb64a2a-711d-4b74-a4a4-cacd6c2cad61<-34d60e7e-1049-4636-b4f7-69f15bd98c31#0:OK-t1] and 0 exception(s); fdb64a2a-711d-4b74-a4a4-cacd6c2cad61@group-81275DA7FAB4:t1, leader=null, voted=fdb64a2a-711d-4b74-a4a4-cacd6c2cad61, raftlog=fdb64a2a-711d-4b74-a4a4-cacd6c2cad61@group-81275DA7FAB4-SegmentedRaftLog:OPENED:c-1,f-1,i0, conf=-1: [fdb64a2a-711d-4b74-a4a4-cacd6c2cad61:192.168.34.62:37913, 34d60e7e-1049-4636-b4f7-69f15bd98c31:192.168.34.62:39382, de889d2b-5891-48f1-89d7-805f59e22d6d:192.168.34.62:42999], old=null
2019-11-14 15:11:12,804 [c45d92cd-1d84-4e39-b22b-e775d9180271@group-986B4BE192CE-LeaderElection196] INFO  impl.RaftServerImpl (ServerState.java:setLeader(255)) - c45d92cd-1d84-4e39-b22b-e775d9180271@group-986B4BE192CE: change Leader from null to c45d92cd-1d84-4e39-b22b-e775d9180271 at term 1 for becomeLeader, leader elected after 1190ms
2019-11-14 15:11:12,804 [fdb64a2a-711d-4b74-a4a4-cacd6c2cad61@group-81275DA7FAB4-LeaderElection195] INFO  impl.RoleInfo (RoleInfo.java:shutdownLeaderElection(134)) - fdb64a2a-711d-4b74-a4a4-cacd6c2cad61: shutdown LeaderElection
2019-11-14 15:11:12,804 [c45d92cd-1d84-4e39-b22b-e775d9180271@group-986B4BE192CE-LeaderElection196] INFO  server.RaftServerConfigKeys (ConfUtils.java:logGet(43)) - raft.server.staging.catchup.gap = 1000 (default)
2019-11-14 15:11:12,804 [fdb64a2a-711d-4b74-a4a4-cacd6c2cad61@group-81275DA7FAB4-LeaderElection195] INFO  impl.RaftServerImpl (RaftServerImpl.java:setRole(173)) - fdb64a2a-711d-4b74-a4a4-cacd6c2cad61@group-81275DA7FAB4: changes role from CANDIDATE to LEADER at term 1 for changeToLeader
2019-11-14 15:11:12,804 [c45d92cd-1d84-4e39-b22b-e775d9180271@group-986B4BE192CE-LeaderElection196] INFO  server.RaftServerConfigKeys (ConfUtils.java:logGet(43)) - raft.server.rpc.sleep.time = 25ms (default)
2019-11-14 15:11:12,804 [fdb64a2a-711d-4b74-a4a4-cacd6c2cad61@group-81275DA7FAB4-LeaderElection195] INFO  ratis.XceiverServerRatis (XceiverServerRatis.java:handleLeaderChangedNotification(697)) - Leader change notification received for group: group-81275DA7FAB4 with new leaderId: fdb64a2a-711d-4b74-a4a4-cacd6c2cad61
2019-11-14 15:11:12,804 [c45d92cd-1d84-4e39-b22b-e775d9180271@group-986B4BE192CE-LeaderElection196] INFO  server.RaftServerConfigKeys (ConfUtils.java:logGet(43)) - raft.server.write.element-limit = 4096 (default)
2019-11-14 15:11:12,804 [fdb64a2a-711d-4b74-a4a4-cacd6c2cad61@group-81275DA7FAB4-LeaderElection195] INFO  impl.RaftServerImpl (ServerState.java:setLeader(255)) - fdb64a2a-711d-4b74-a4a4-cacd6c2cad61@group-81275DA7FAB4: change Leader from null to fdb64a2a-711d-4b74-a4a4-cacd6c2cad61 at term 1 for becomeLeader, leader elected after 1077ms
2019-11-14 15:11:12,805 [c45d92cd-1d84-4e39-b22b-e775d9180271@group-986B4BE192CE-LeaderElection196] INFO  server.RaftServerConfigKeys (ConfUtils.java:logGet(43)) - raft.server.watch.timeout = 10s (default)
2019-11-14 15:11:12,805 [fdb64a2a-711d-4b74-a4a4-cacd6c2cad61@group-81275DA7FAB4-LeaderElection195] INFO  server.RaftServerConfigKeys (ConfUtils.java:logGet(43)) - raft.server.staging.catchup.gap = 1000 (default)
2019-11-14 15:11:12,805 [c45d92cd-1d84-4e39-b22b-e775d9180271@group-986B4BE192CE-LeaderElection196] INFO  server.RaftServerConfigKeys (ConfUtils.java:logGet(43)) - raft.server.watch.timeout.denomination = 1s (default)
2019-11-14 15:11:12,805 [fdb64a2a-711d-4b74-a4a4-cacd6c2cad61@group-81275DA7FAB4-LeaderElection195] INFO  server.RaftServerConfigKeys (ConfUtils.java:logGet(43)) - raft.server.rpc.sleep.time = 25ms (default)
2019-11-14 15:11:12,805 [c45d92cd-1d84-4e39-b22b-e775d9180271@group-986B4BE192CE-LeaderElection196] INFO  server.RaftServerConfigKeys (ConfUtils.java:logGet(43)) - raft.server.watch.element-limit = 65536 (default)
2019-11-14 15:11:12,805 [fdb64a2a-711d-4b74-a4a4-cacd6c2cad61@group-81275DA7FAB4-LeaderElection195] INFO  server.RaftServerConfigKeys (ConfUtils.java:logGet(43)) - raft.server.write.element-limit = 4096 (default)
2019-11-14 15:11:12,805 [c45d92cd-1d84-4e39-b22b-e775d9180271@group-986B4BE192CE-LeaderElection196] INFO  impl.RoleInfo (RoleInfo.java:updateAndGet(143)) - c45d92cd-1d84-4e39-b22b-e775d9180271: start LeaderState
2019-11-14 15:11:12,805 [fdb64a2a-711d-4b74-a4a4-cacd6c2cad61@group-81275DA7FAB4-LeaderElection195] INFO  server.RaftServerConfigKeys (ConfUtils.java:logGet(43)) - raft.server.watch.timeout = 10s (default)
2019-11-14 15:11:12,805 [EventQueue-PipelineReportForPipelineReportHandler] INFO  pipeline.PipelineStateManager (PipelineStateManager.java:openPipeline(134)) - Pipeline Pipeline[ Id: 76eb025c-cb1f-4c58-8d9c-81275da7fab4, Nodes: fdb64a2a-711d-4b74-a4a4-cacd6c2cad61{ip: 192.168.34.62, host: pr-hdds-2480-6qkg9-608321763, networkLocation: /rack1, certSerialId: null}de889d2b-5891-48f1-89d7-805f59e22d6d{ip: 192.168.34.62, host: pr-hdds-2480-6qkg9-608321763, networkLocation: /rack1, certSerialId: null}34d60e7e-1049-4636-b4f7-69f15bd98c31{ip: 192.168.34.62, host: pr-hdds-2480-6qkg9-608321763, networkLocation: /rack1, certSerialId: null}, Type:RATIS, Factor:THREE, State:OPEN] moved to OPEN state
2019-11-14 15:11:12,805 [c45d92cd-1d84-4e39-b22b-e775d9180271@group-986B4BE192CE-LeaderElection196] INFO  segmented.SegmentedRaftLogWorker (SegmentedRaftLogWorker.java:startLogSegment(385)) - c45d92cd-1d84-4e39-b22b-e775d9180271@group-986B4BE192CE-SegmentedRaftLogWorker: Starting segment from index:0
2019-11-14 15:11:12,805 [fdb64a2a-711d-4b74-a4a4-cacd6c2cad61@group-81275DA7FAB4-LeaderElection195] INFO  server.RaftServerConfigKeys (ConfUtils.java:logGet(43)) - raft.server.watch.timeout.denomination = 1s (default)
2019-11-14 15:11:12,806 [fdb64a2a-711d-4b74-a4a4-cacd6c2cad61@group-81275DA7FAB4-LeaderElection195] INFO  server.RaftServerConfigKeys (ConfUtils.java:logGet(43)) - raft.server.watch.element-limit = 65536 (default)
2019-11-14 15:11:12,806 [c45d92cd-1d84-4e39-b22b-e775d9180271@group-986B4BE192CE-LeaderElection196] INFO  impl.RaftServerImpl (ServerState.java:setRaftConf(356)) - c45d92cd-1d84-4e39-b22b-e775d9180271@group-986B4BE192CE: set configuration 0: [c45d92cd-1d84-4e39-b22b-e775d9180271:192.168.34.62:37954], old=null at 0
2019-11-14 15:11:12,806 [fdb64a2a-711d-4b74-a4a4-cacd6c2cad61@group-81275DA7FAB4-LeaderElection195] INFO  server.RaftServerConfigKeys (ConfUtils.java:logGet(43)) - raft.server.log.appender.snapshot.chunk.size.max = 16MB (=16777216) (default)
2019-11-14 15:11:12,832 [fdb64a2a-711d-4b74-a4a4-cacd6c2cad61@group-81275DA7FAB4-LeaderElection195] INFO  server.RaftServerConfigKeys (ConfUtils.java:logGet(43)) - raft.server.log.appender.buffer.byte-limit = 33554432 (custom)
2019-11-14 15:11:12,832 [fdb64a2a-711d-4b74-a4a4-cacd6c2cad61@group-81275DA7FAB4-LeaderElection195] INFO  server.RaftServerConfigKeys (ConfUtils.java:logGet(43)) - raft.server.log.appender.buffer.element-limit = 1 (custom)
2019-11-14 15:11:12,832 [fdb64a2a-711d-4b74-a4a4-cacd6c2cad61@group-81275DA7FAB4-LeaderElection195] INFO  grpc.GrpcConfigKeys$Server (ConfUtils.java:logGet(43)) - raft.grpc.server.leader.outstanding.appends.max = 128 (default)
2019-11-14 15:11:12,832 [fdb64a2a-711d-4b74-a4a4-cacd6c2cad61@group-81275DA7FAB4-LeaderElection195] INFO  server.RaftServerConfigKeys (ConfUtils.java:logGet(43)) - raft.server.rpc.request.timeout = 3000ms (default)
2019-11-14 15:11:12,832 [fdb64a2a-711d-4b74-a4a4-cacd6c2cad61@group-81275DA7FAB4-LeaderElection195] INFO  server.RaftServerConfigKeys (ConfUtils.java:logGet(43)) - raft.server.log.appender.install.snapshot.enabled = false (custom)
2019-11-14 15:11:12,832 [fdb64a2a-711d-4b74-a4a4-cacd6c2cad61@group-81275DA7FAB4-LeaderElection195] WARN  impl.MetricRegistriesImpl (MetricRegistriesImpl.java:lambda$create$1(61)) - First MetricRegistry has been created without registering reporters. You may need to call MetricRegistries.global().addReportRegistration(...) before.
2019-11-14 15:11:12,833 [fdb64a2a-711d-4b74-a4a4-cacd6c2cad61@group-81275DA7FAB4-LeaderElection195] INFO  server.RaftServerConfigKeys (ConfUtils.java:logGet(43)) - raft.server.log.appender.snapshot.chunk.size.max = 16MB (=16777216) (default)
2019-11-14 15:11:12,833 [fdb64a2a-711d-4b74-a4a4-cacd6c2cad61@group-81275DA7FAB4-LeaderElection195] INFO  server.RaftServerConfigKeys (ConfUtils.java:logGet(43)) - raft.server.log.appender.buffer.byte-limit = 33554432 (custom)
2019-11-14 15:11:12,833 [fdb64a2a-711d-4b74-a4a4-cacd6c2cad61@group-81275DA7FAB4-LeaderElection195] INFO  server.RaftServerConfigKeys (ConfUtils.java:logGet(43)) - raft.server.log.appender.buffer.element-limit = 1 (custom)
2019-11-14 15:11:12,833 [fdb64a2a-711d-4b74-a4a4-cacd6c2cad61@group-81275DA7FAB4-LeaderElection195] INFO  grpc.GrpcConfigKeys$Server (ConfUtils.java:logGet(43)) - raft.grpc.server.leader.outstanding.appends.max = 128 (default)
2019-11-14 15:11:12,833 [fdb64a2a-711d-4b74-a4a4-cacd6c2cad61@group-81275DA7FAB4-LeaderElection195] INFO  server.RaftServerConfigKeys (ConfUtils.java:logGet(43)) - raft.server.rpc.request.timeout = 3000ms (default)
2019-11-14 15:11:12,833 [fdb64a2a-711d-4b74-a4a4-cacd6c2cad61@group-81275DA7FAB4-LeaderElection195] INFO  server.RaftServerConfigKeys (ConfUtils.java:logGet(43)) - raft.server.log.appender.install.snapshot.enabled = false (custom)
2019-11-14 15:11:12,833 [fdb64a2a-711d-4b74-a4a4-cacd6c2cad61@group-81275DA7FAB4-LeaderElection195] INFO  impl.RoleInfo (RoleInfo.java:updateAndGet(143)) - fdb64a2a-711d-4b74-a4a4-cacd6c2cad61: start LeaderState
2019-11-14 15:11:12,834 [fdb64a2a-711d-4b74-a4a4-cacd6c2cad61@group-81275DA7FAB4-LeaderElection195] INFO  segmented.SegmentedRaftLogWorker (SegmentedRaftLogWorker.java:startLogSegment(385)) - fdb64a2a-711d-4b74-a4a4-cacd6c2cad61@group-81275DA7FAB4-SegmentedRaftLogWorker: Starting segment from index:0
2019-11-14 15:11:12,834 [fdb64a2a-711d-4b74-a4a4-cacd6c2cad61@group-81275DA7FAB4-LeaderElection195] INFO  impl.RaftServerImpl (ServerState.java:setRaftConf(356)) - fdb64a2a-711d-4b74-a4a4-cacd6c2cad61@group-81275DA7FAB4: set configuration 0: [fdb64a2a-711d-4b74-a4a4-cacd6c2cad61:192.168.34.62:37913, 34d60e7e-1049-4636-b4f7-69f15bd98c31:192.168.34.62:39382, de889d2b-5891-48f1-89d7-805f59e22d6d:192.168.34.62:42999], old=null at 0
2019-11-14 15:11:12,859 [Thread-4391] INFO  impl.FollowerState (FollowerState.java:run(111)) - de889d2b-5891-48f1-89d7-805f59e22d6d@group-993FCE1B7B62-FollowerState: change to CANDIDATE, lastRpcTime:1093ms, electionTimeout:1085ms
2019-11-14 15:11:12,860 [c45d92cd-1d84-4e39-b22b-e775d9180271@group-986B4BE192CE-SegmentedRaftLogWorker] INFO  segmented.SegmentedRaftLogWorker (SegmentedRaftLogWorker.java:execute(576)) - c45d92cd-1d84-4e39-b22b-e775d9180271@group-986B4BE192CE-SegmentedRaftLogWorker: created new log segment /workdir/hadoop-ozone/integration-test/target/test-dir/MiniOzoneClusterImpl-5901a962-94ba-4a8b-ba12-ae811e713c7a/datanode-7/data/ratis/218bcf23-ba14-411a-8cd0-986b4be192ce/current/log_inprogress_0
2019-11-14 15:11:12,860 [Thread-4391] INFO  impl.RoleInfo (RoleInfo.java:shutdownFollowerState(121)) - de889d2b-5891-48f1-89d7-805f59e22d6d: shutdown FollowerState
2019-11-14 15:11:12,860 [Thread-4391] INFO  impl.RaftServerImpl (RaftServerImpl.java:setRole(173)) - de889d2b-5891-48f1-89d7-805f59e22d6d@group-993FCE1B7B62: changes role from  FOLLOWER to CANDIDATE at term 0 for changeToCandidate
2019-11-14 15:11:12,860 [Thread-4391] INFO  impl.RoleInfo (RoleInfo.java:updateAndGet(143)) - de889d2b-5891-48f1-89d7-805f59e22d6d: start LeaderElection
2019-11-14 15:11:12,863 [grpc-default-executor-4] INFO  ratis.XceiverServerRatis (XceiverServerRatis.java:handleLeaderChangedNotification(697)) - Leader change notification received for group: group-81275DA7FAB4 with new leaderId: fdb64a2a-711d-4b74-a4a4-cacd6c2cad61
2019-11-14 15:11:12,863 [grpc-default-executor-0] INFO  ratis.XceiverServerRatis (XceiverServerRatis.java:handleLeaderChangedNotification(697)) - Leader change notification received for group: group-81275DA7FAB4 with new leaderId: fdb64a2a-711d-4b74-a4a4-cacd6c2cad61
2019-11-14 15:11:12,863 [grpc-default-executor-4] INFO  impl.RaftServerImpl (ServerState.java:setLeader(255)) - 34d60e7e-1049-4636-b4f7-69f15bd98c31@group-81275DA7FAB4: change Leader from null to fdb64a2a-711d-4b74-a4a4-cacd6c2cad61 at term 1 for appendEntries, leader elected after 1136ms
2019-11-14 15:11:12,863 [grpc-default-executor-0] INFO  impl.RaftServerImpl (ServerState.java:setLeader(255)) - de889d2b-5891-48f1-89d7-805f59e22d6d@group-81275DA7FAB4: change Leader from null to fdb64a2a-711d-4b74-a4a4-cacd6c2cad61 at term 1 for appendEntries, leader elected after 1136ms
2019-11-14 15:11:12,867 [grpc-default-executor-4] INFO  impl.RaftServerImpl (ServerState.java:setRaftConf(356)) - 34d60e7e-1049-4636-b4f7-69f15bd98c31@group-81275DA7FAB4: set configuration 0: [fdb64a2a-711d-4b74-a4a4-cacd6c2cad61:192.168.34.62:37913, 34d60e7e-1049-4636-b4f7-69f15bd98c31:192.168.34.62:39382, de889d2b-5891-48f1-89d7-805f59e22d6d:192.168.34.62:42999], old=null at 0
2019-11-14 15:11:12,867 [grpc-default-executor-4] INFO  segmented.SegmentedRaftLogWorker (SegmentedRaftLogWorker.java:startLogSegment(385)) - 34d60e7e-1049-4636-b4f7-69f15bd98c31@group-81275DA7FAB4-SegmentedRaftLogWorker: Starting segment from index:0
2019-11-14 15:11:12,893 [grpc-default-executor-4] INFO  impl.RaftServerImpl (ServerState.java:setRaftConf(356)) - de889d2b-5891-48f1-89d7-805f59e22d6d@group-81275DA7FAB4: set configuration 0: [fdb64a2a-711d-4b74-a4a4-cacd6c2cad61:192.168.34.62:37913, 34d60e7e-1049-4636-b4f7-69f15bd98c31:192.168.34.62:39382, de889d2b-5891-48f1-89d7-805f59e22d6d:192.168.34.62:42999], old=null at 0
2019-11-14 15:11:12,893 [de889d2b-5891-48f1-89d7-805f59e22d6d@group-993FCE1B7B62-LeaderElection197] INFO  impl.LeaderElection (LeaderElection.java:askForVotes(178)) - de889d2b-5891-48f1-89d7-805f59e22d6d@group-993FCE1B7B62-LeaderElection197: begin an election at term 1 for -1: [de889d2b-5891-48f1-89d7-805f59e22d6d:192.168.34.62:42999], old=null
2019-11-14 15:11:12,893 [grpc-default-executor-4] INFO  segmented.SegmentedRaftLogWorker (SegmentedRaftLogWorker.java:startLogSegment(385)) - de889d2b-5891-48f1-89d7-805f59e22d6d@group-81275DA7FAB4-SegmentedRaftLogWorker: Starting segment from index:0
2019-11-14 15:11:12,893 [fdb64a2a-711d-4b74-a4a4-cacd6c2cad61@group-81275DA7FAB4-SegmentedRaftLogWorker] INFO  segmented.SegmentedRaftLogWorker (SegmentedRaftLogWorker.java:execute(576)) - fdb64a2a-711d-4b74-a4a4-cacd6c2cad61@group-81275DA7FAB4-SegmentedRaftLogWorker: created new log segment /workdir/hadoop-ozone/integration-test/target/test-dir/MiniOzoneClusterImpl-5901a962-94ba-4a8b-ba12-ae811e713c7a/datanode-6/data/ratis/76eb025c-cb1f-4c58-8d9c-81275da7fab4/current/log_inprogress_0
2019-11-14 15:11:12,894 [de889d2b-5891-48f1-89d7-805f59e22d6d@group-993FCE1B7B62-LeaderElection197] INFO  impl.RoleInfo (RoleInfo.java:shutdownLeaderElection(134)) - de889d2b-5891-48f1-89d7-805f59e22d6d: shutdown LeaderElection
2019-11-14 15:11:12,894 [de889d2b-5891-48f1-89d7-805f59e22d6d@group-993FCE1B7B62-LeaderElection197] INFO  impl.RaftServerImpl (RaftServerImpl.java:setRole(173)) - de889d2b-5891-48f1-89d7-805f59e22d6d@group-993FCE1B7B62: changes role from CANDIDATE to LEADER at term 1 for changeToLeader
2019-11-14 15:11:12,894 [de889d2b-5891-48f1-89d7-805f59e22d6d@group-993FCE1B7B62-LeaderElection197] INFO  ratis.XceiverServerRatis (XceiverServerRatis.java:handleLeaderChangedNotification(697)) - Leader change notification received for group: group-993FCE1B7B62 with new leaderId: de889d2b-5891-48f1-89d7-805f59e22d6d
2019-11-14 15:11:12,895 [de889d2b-5891-48f1-89d7-805f59e22d6d@group-993FCE1B7B62-LeaderElection197] INFO  impl.RaftServerImpl (ServerState.java:setLeader(255)) - de889d2b-5891-48f1-89d7-805f59e22d6d@group-993FCE1B7B62: change Leader from null to de889d2b-5891-48f1-89d7-805f59e22d6d at term 1 for becomeLeader, leader elected after 1130ms
2019-11-14 15:11:12,895 [de889d2b-5891-48f1-89d7-805f59e22d6d@group-993FCE1B7B62-LeaderElection197] INFO  server.RaftServerConfigKeys (ConfUtils.java:logGet(43)) - raft.server.staging.catchup.gap = 1000 (default)
2019-11-14 15:11:12,895 [de889d2b-5891-48f1-89d7-805f59e22d6d@group-993FCE1B7B62-LeaderElection197] INFO  server.RaftServerConfigKeys (ConfUtils.java:logGet(43)) - raft.server.rpc.sleep.time = 25ms (default)
2019-11-14 15:11:12,895 [de889d2b-5891-48f1-89d7-805f59e22d6d@group-993FCE1B7B62-LeaderElection197] INFO  server.RaftServerConfigKeys (ConfUtils.java:logGet(43)) - raft.server.write.element-limit = 4096 (default)
2019-11-14 15:11:12,895 [de889d2b-5891-48f1-89d7-805f59e22d6d@group-993FCE1B7B62-LeaderElection197] INFO  server.RaftServerConfigKeys (ConfUtils.java:logGet(43)) - raft.server.watch.timeout = 10s (default)
2019-11-14 15:11:12,895 [EventQueue-PipelineReportForPipelineReportHandler] INFO  pipeline.PipelineStateManager (PipelineStateManager.java:openPipeline(134)) - Pipeline Pipeline[ Id: e5d7ed58-e96c-42e4-969b-993fce1b7b62, Nodes: de889d2b-5891-48f1-89d7-805f59e22d6d{ip: 192.168.34.62, host: pr-hdds-2480-6qkg9-608321763, networkLocation: /rack1, certSerialId: null}, Type:RATIS, Factor:ONE, State:OPEN] moved to OPEN state
2019-11-14 15:11:12,895 [de889d2b-5891-48f1-89d7-805f59e22d6d@group-993FCE1B7B62-LeaderElection197] INFO  server.RaftServerConfigKeys (ConfUtils.java:logGet(43)) - raft.server.watch.timeout.denomination = 1s (default)
2019-11-14 15:11:12,896 [de889d2b-5891-48f1-89d7-805f59e22d6d@group-993FCE1B7B62-LeaderElection197] INFO  server.RaftServerConfigKeys (ConfUtils.java:logGet(43)) - raft.server.watch.element-limit = 65536 (default)
2019-11-14 15:11:12,896 [de889d2b-5891-48f1-89d7-805f59e22d6d@group-993FCE1B7B62-LeaderElection197] INFO  impl.RoleInfo (RoleInfo.java:updateAndGet(143)) - de889d2b-5891-48f1-89d7-805f59e22d6d: start LeaderState
2019-11-14 15:11:12,896 [de889d2b-5891-48f1-89d7-805f59e22d6d@group-993FCE1B7B62-LeaderElection197] INFO  segmented.SegmentedRaftLogWorker (SegmentedRaftLogWorker.java:startLogSegment(385)) - de889d2b-5891-48f1-89d7-805f59e22d6d@group-993FCE1B7B62-SegmentedRaftLogWorker: Starting segment from index:0
2019-11-14 15:11:12,897 [de889d2b-5891-48f1-89d7-805f59e22d6d@group-993FCE1B7B62-LeaderElection197] INFO  impl.RaftServerImpl (ServerState.java:setRaftConf(356)) - de889d2b-5891-48f1-89d7-805f59e22d6d@group-993FCE1B7B62: set configuration 0: [de889d2b-5891-48f1-89d7-805f59e22d6d:192.168.34.62:42999], old=null at 0
2019-11-14 15:11:12,929 [Thread-4395] INFO  impl.FollowerState (FollowerState.java:run(111)) - 51e91b80-82a5-4e26-a62a-ce423dc7e82c@group-C546EDF61E36-FollowerState: change to CANDIDATE, lastRpcTime:1121ms, electionTimeout:1120ms
2019-11-14 15:11:12,930 [Thread-4395] INFO  impl.RoleInfo (RoleInfo.java:shutdownFollowerState(121)) - 51e91b80-82a5-4e26-a62a-ce423dc7e82c: shutdown FollowerState
2019-11-14 15:11:12,930 [34d60e7e-1049-4636-b4f7-69f15bd98c31@group-81275DA7FAB4-SegmentedRaftLogWorker] INFO  segmented.SegmentedRaftLogWorker (SegmentedRaftLogWorker.java:execute(576)) - 34d60e7e-1049-4636-b4f7-69f15bd98c31@group-81275DA7FAB4-SegmentedRaftLogWorker: created new log segment /workdir/hadoop-ozone/integration-test/target/test-dir/MiniOzoneClusterImpl-5901a962-94ba-4a8b-ba12-ae811e713c7a/datanode-5/data/ratis/76eb025c-cb1f-4c58-8d9c-81275da7fab4/current/log_inprogress_0
2019-11-14 15:11:12,930 [Thread-4395] INFO  impl.RaftServerImpl (RaftServerImpl.java:setRole(173)) - 51e91b80-82a5-4e26-a62a-ce423dc7e82c@group-C546EDF61E36: changes role from  FOLLOWER to CANDIDATE at term 0 for changeToCandidate
2019-11-14 15:11:12,930 [Thread-4395] INFO  impl.RoleInfo (RoleInfo.java:updateAndGet(143)) - 51e91b80-82a5-4e26-a62a-ce423dc7e82c: start LeaderElection
2019-11-14 15:11:12,940 [Thread-4399] INFO  impl.FollowerState (FollowerState.java:run(111)) - 9ce1968d-df6d-4251-8f68-caf53c6f1d3e@group-24059B9CDBAF-FollowerState: change to CANDIDATE, lastRpcTime:1114ms, electionTimeout:1114ms
2019-11-14 15:11:12,940 [Thread-4399] INFO  impl.RoleInfo (RoleInfo.java:shutdownFollowerState(121)) - 9ce1968d-df6d-4251-8f68-caf53c6f1d3e: shutdown FollowerState
2019-11-14 15:11:12,940 [Thread-4399] INFO  impl.RaftServerImpl (RaftServerImpl.java:setRole(173)) - 9ce1968d-df6d-4251-8f68-caf53c6f1d3e@group-24059B9CDBAF: changes role from  FOLLOWER to CANDIDATE at term 0 for changeToCandidate
2019-11-14 15:11:12,940 [Thread-4399] INFO  impl.RoleInfo (RoleInfo.java:updateAndGet(143)) - 9ce1968d-df6d-4251-8f68-caf53c6f1d3e: start LeaderElection
2019-11-14 15:11:12,961 [de889d2b-5891-48f1-89d7-805f59e22d6d@group-993FCE1B7B62-SegmentedRaftLogWorker] INFO  segmented.SegmentedRaftLogWorker (SegmentedRaftLogWorker.java:execute(576)) - de889d2b-5891-48f1-89d7-805f59e22d6d@group-993FCE1B7B62-SegmentedRaftLogWorker: created new log segment /workdir/hadoop-ozone/integration-test/target/test-dir/MiniOzoneClusterImpl-5901a962-94ba-4a8b-ba12-ae811e713c7a/datanode-4/data/ratis/e5d7ed58-e96c-42e4-969b-993fce1b7b62/current/log_inprogress_0
2019-11-14 15:11:12,961 [de889d2b-5891-48f1-89d7-805f59e22d6d@group-81275DA7FAB4-SegmentedRaftLogWorker] INFO  segmented.SegmentedRaftLogWorker (SegmentedRaftLogWorker.java:execute(576)) - de889d2b-5891-48f1-89d7-805f59e22d6d@group-81275DA7FAB4-SegmentedRaftLogWorker: created new log segment /workdir/hadoop-ozone/integration-test/target/test-dir/MiniOzoneClusterImpl-5901a962-94ba-4a8b-ba12-ae811e713c7a/datanode-4/data/ratis/76eb025c-cb1f-4c58-8d9c-81275da7fab4/current/log_inprogress_0
2019-11-14 15:11:12,961 [9ce1968d-df6d-4251-8f68-caf53c6f1d3e@group-24059B9CDBAF-LeaderElection199] INFO  impl.LeaderElection (LeaderElection.java:askForVotes(178)) - 9ce1968d-df6d-4251-8f68-caf53c6f1d3e@group-24059B9CDBAF-LeaderElection199: begin an election at term 1 for -1: [9ce1968d-df6d-4251-8f68-caf53c6f1d3e:192.168.34.62:35975], old=null
2019-11-14 15:11:12,961 [51e91b80-82a5-4e26-a62a-ce423dc7e82c@group-C546EDF61E36-LeaderElection198] INFO  impl.LeaderElection (LeaderElection.java:askForVotes(178)) - 51e91b80-82a5-4e26-a62a-ce423dc7e82c@group-C546EDF61E36-LeaderElection198: begin an election at term 1 for -1: [51e91b80-82a5-4e26-a62a-ce423dc7e82c:192.168.34.62:43216], old=null
2019-11-14 15:11:12,961 [9ce1968d-df6d-4251-8f68-caf53c6f1d3e@group-24059B9CDBAF-LeaderElection199] INFO  impl.RoleInfo (RoleInfo.java:shutdownLeaderElection(134)) - 9ce1968d-df6d-4251-8f68-caf53c6f1d3e: shutdown LeaderElection
2019-11-14 15:11:12,962 [51e91b80-82a5-4e26-a62a-ce423dc7e82c@group-C546EDF61E36-LeaderElection198] INFO  impl.RoleInfo (RoleInfo.java:shutdownLeaderElection(134)) - 51e91b80-82a5-4e26-a62a-ce423dc7e82c: shutdown LeaderElection
2019-11-14 15:11:12,962 [9ce1968d-df6d-4251-8f68-caf53c6f1d3e@group-24059B9CDBAF-LeaderElection199] INFO  impl.RaftServerImpl (RaftServerImpl.java:setRole(173)) - 9ce1968d-df6d-4251-8f68-caf53c6f1d3e@group-24059B9CDBAF: changes role from CANDIDATE to LEADER at term 1 for changeToLeader
2019-11-14 15:11:12,962 [51e91b80-82a5-4e26-a62a-ce423dc7e82c@group-C546EDF61E36-LeaderElection198] INFO  impl.RaftServerImpl (RaftServerImpl.java:setRole(173)) - 51e91b80-82a5-4e26-a62a-ce423dc7e82c@group-C546EDF61E36: changes role from CANDIDATE to LEADER at term 1 for changeToLeader
2019-11-14 15:11:12,962 [9ce1968d-df6d-4251-8f68-caf53c6f1d3e@group-24059B9CDBAF-LeaderElection199] INFO  ratis.XceiverServerRatis (XceiverServerRatis.java:handleLeaderChangedNotification(697)) - Leader change notification received for group: group-24059B9CDBAF with new leaderId: 9ce1968d-df6d-4251-8f68-caf53c6f1d3e
2019-11-14 15:11:12,962 [51e91b80-82a5-4e26-a62a-ce423dc7e82c@group-C546EDF61E36-LeaderElection198] INFO  ratis.XceiverServerRatis (XceiverServerRatis.java:handleLeaderChangedNotification(697)) - Leader change notification received for group: group-C546EDF61E36 with new leaderId: 51e91b80-82a5-4e26-a62a-ce423dc7e82c
2019-11-14 15:11:12,962 [9ce1968d-df6d-4251-8f68-caf53c6f1d3e@group-24059B9CDBAF-LeaderElection199] INFO  impl.RaftServerImpl (ServerState.java:setLeader(255)) - 9ce1968d-df6d-4251-8f68-caf53c6f1d3e@group-24059B9CDBAF: change Leader from null to 9ce1968d-df6d-4251-8f68-caf53c6f1d3e at term 1 for becomeLeader, leader elected after 1139ms
2019-11-14 15:11:12,962 [51e91b80-82a5-4e26-a62a-ce423dc7e82c@group-C546EDF61E36-LeaderElection198] INFO  impl.RaftServerImpl (ServerState.java:setLeader(255)) - 51e91b80-82a5-4e26-a62a-ce423dc7e82c@group-C546EDF61E36: change Leader from null to 51e91b80-82a5-4e26-a62a-ce423dc7e82c at term 1 for becomeLeader, leader elected after 1156ms
2019-11-14 15:11:12,963 [51e91b80-82a5-4e26-a62a-ce423dc7e82c@group-C546EDF61E36-LeaderElection198] INFO  server.RaftServerConfigKeys (ConfUtils.java:logGet(43)) - raft.server.staging.catchup.gap = 1000 (default)
2019-11-14 15:11:12,963 [51e91b80-82a5-4e26-a62a-ce423dc7e82c@group-C546EDF61E36-LeaderElection198] INFO  server.RaftServerConfigKeys (ConfUtils.java:logGet(43)) - raft.server.rpc.sleep.time = 25ms (default)
2019-11-14 15:11:12,963 [51e91b80-82a5-4e26-a62a-ce423dc7e82c@group-C546EDF61E36-LeaderElection198] INFO  server.RaftServerConfigKeys (ConfUtils.java:logGet(43)) - raft.server.write.element-limit = 4096 (default)
2019-11-14 15:11:12,963 [EventQueue-PipelineReportForPipelineReportHandler] INFO  pipeline.PipelineStateManager (PipelineStateManager.java:openPipeline(134)) - Pipeline Pipeline[ Id: 8207353c-ad8c-4fdf-99e5-24059b9cdbaf, Nodes: 9ce1968d-df6d-4251-8f68-caf53c6f1d3e{ip: 192.168.34.62, host: pr-hdds-2480-6qkg9-608321763, networkLocation: /rack1, certSerialId: null}, Type:RATIS, Factor:ONE, State:OPEN] moved to OPEN state
2019-11-14 15:11:12,962 [9ce1968d-df6d-4251-8f68-caf53c6f1d3e@group-24059B9CDBAF-LeaderElection199] INFO  server.RaftServerConfigKeys (ConfUtils.java:logGet(43)) - raft.server.staging.catchup.gap = 1000 (default)
2019-11-14 15:11:12,963 [EventQueue-PipelineReportForPipelineReportHandler] INFO  pipeline.PipelineStateManager (PipelineStateManager.java:openPipeline(134)) - Pipeline Pipeline[ Id: 15ba2d5d-3c72-4097-b3dd-c546edf61e36, Nodes: 51e91b80-82a5-4e26-a62a-ce423dc7e82c{ip: 192.168.34.62, host: pr-hdds-2480-6qkg9-608321763, networkLocation: /rack1, certSerialId: null}, Type:RATIS, Factor:ONE, State:OPEN] moved to OPEN state
2019-11-14 15:11:12,963 [51e91b80-82a5-4e26-a62a-ce423dc7e82c@group-C546EDF61E36-LeaderElection198] INFO  server.RaftServerConfigKeys (ConfUtils.java:logGet(43)) - raft.server.watch.timeout = 10s (default)
2019-11-14 15:11:12,964 [51e91b80-82a5-4e26-a62a-ce423dc7e82c@group-C546EDF61E36-LeaderElection198] INFO  server.RaftServerConfigKeys (ConfUtils.java:logGet(43)) - raft.server.watch.timeout.denomination = 1s (default)
2019-11-14 15:11:12,964 [51e91b80-82a5-4e26-a62a-ce423dc7e82c@group-C546EDF61E36-LeaderElection198] INFO  server.RaftServerConfigKeys (ConfUtils.java:logGet(43)) - raft.server.watch.element-limit = 65536 (default)
2019-11-14 15:11:12,964 [51e91b80-82a5-4e26-a62a-ce423dc7e82c@group-C546EDF61E36-LeaderElection198] INFO  impl.RoleInfo (RoleInfo.java:updateAndGet(143)) - 51e91b80-82a5-4e26-a62a-ce423dc7e82c: start LeaderState
2019-11-14 15:11:12,964 [51e91b80-82a5-4e26-a62a-ce423dc7e82c@group-C546EDF61E36-LeaderElection198] INFO  segmented.SegmentedRaftLogWorker (SegmentedRaftLogWorker.java:startLogSegment(385)) - 51e91b80-82a5-4e26-a62a-ce423dc7e82c@group-C546EDF61E36-SegmentedRaftLogWorker: Starting segment from index:0
2019-11-14 15:11:12,964 [9ce1968d-df6d-4251-8f68-caf53c6f1d3e@group-24059B9CDBAF-LeaderElection199] INFO  server.RaftServerConfigKeys (ConfUtils.java:logGet(43)) - raft.server.rpc.sleep.time = 25ms (default)
2019-11-14 15:11:12,965 [51e91b80-82a5-4e26-a62a-ce423dc7e82c@group-C546EDF61E36-LeaderElection198] INFO  impl.RaftServerImpl (ServerState.java:setRaftConf(356)) - 51e91b80-82a5-4e26-a62a-ce423dc7e82c@group-C546EDF61E36: set configuration 0: [51e91b80-82a5-4e26-a62a-ce423dc7e82c:192.168.34.62:43216], old=null at 0
2019-11-14 15:11:12,965 [9ce1968d-df6d-4251-8f68-caf53c6f1d3e@group-24059B9CDBAF-LeaderElection199] INFO  server.RaftServerConfigKeys (ConfUtils.java:logGet(43)) - raft.server.write.element-limit = 4096 (default)
2019-11-14 15:11:12,992 [9ce1968d-df6d-4251-8f68-caf53c6f1d3e@group-24059B9CDBAF-LeaderElection199] INFO  server.RaftServerConfigKeys (ConfUtils.java:logGet(43)) - raft.server.watch.timeout = 10s (default)
2019-11-14 15:11:12,992 [9ce1968d-df6d-4251-8f68-caf53c6f1d3e@group-24059B9CDBAF-LeaderElection199] INFO  server.RaftServerConfigKeys (ConfUtils.java:logGet(43)) - raft.server.watch.timeout.denomination = 1s (default)
2019-11-14 15:11:12,992 [9ce1968d-df6d-4251-8f68-caf53c6f1d3e@group-24059B9CDBAF-LeaderElection199] INFO  server.RaftServerConfigKeys (ConfUtils.java:logGet(43)) - raft.server.watch.element-limit = 65536 (default)
2019-11-14 15:11:12,993 [9ce1968d-df6d-4251-8f68-caf53c6f1d3e@group-24059B9CDBAF-LeaderElection199] INFO  impl.RoleInfo (RoleInfo.java:updateAndGet(143)) - 9ce1968d-df6d-4251-8f68-caf53c6f1d3e: start LeaderState
2019-11-14 15:11:12,993 [9ce1968d-df6d-4251-8f68-caf53c6f1d3e@group-24059B9CDBAF-LeaderElection199] INFO  segmented.SegmentedRaftLogWorker (SegmentedRaftLogWorker.java:startLogSegment(385)) - 9ce1968d-df6d-4251-8f68-caf53c6f1d3e@group-24059B9CDBAF-SegmentedRaftLogWorker: Starting segment from index:0
2019-11-14 15:11:12,993 [9ce1968d-df6d-4251-8f68-caf53c6f1d3e@group-24059B9CDBAF-LeaderElection199] INFO  impl.RaftServerImpl (ServerState.java:setRaftConf(356)) - 9ce1968d-df6d-4251-8f68-caf53c6f1d3e@group-24059B9CDBAF: set configuration 0: [9ce1968d-df6d-4251-8f68-caf53c6f1d3e:192.168.34.62:35975], old=null at 0
2019-11-14 15:11:13,026 [51e91b80-82a5-4e26-a62a-ce423dc7e82c@group-C546EDF61E36-SegmentedRaftLogWorker] INFO  segmented.SegmentedRaftLogWorker (SegmentedRaftLogWorker.java:execute(576)) - 51e91b80-82a5-4e26-a62a-ce423dc7e82c@group-C546EDF61E36-SegmentedRaftLogWorker: created new log segment /workdir/hadoop-ozone/integration-test/target/test-dir/MiniOzoneClusterImpl-5901a962-94ba-4a8b-ba12-ae811e713c7a/datanode-1/data/ratis/15ba2d5d-3c72-4097-b3dd-c546edf61e36/current/log_inprogress_0
2019-11-14 15:11:13,026 [9ce1968d-df6d-4251-8f68-caf53c6f1d3e@group-24059B9CDBAF-SegmentedRaftLogWorker] INFO  segmented.SegmentedRaftLogWorker (SegmentedRaftLogWorker.java:execute(576)) - 9ce1968d-df6d-4251-8f68-caf53c6f1d3e@group-24059B9CDBAF-SegmentedRaftLogWorker: created new log segment /workdir/hadoop-ozone/integration-test/target/test-dir/MiniOzoneClusterImpl-5901a962-94ba-4a8b-ba12-ae811e713c7a/datanode-8/data/ratis/8207353c-ad8c-4fdf-99e5-24059b9cdbaf/current/log_inprogress_0
2019-11-14 15:11:16,370 [main] INFO  ozoneimpl.OzoneContainer (OzoneContainer.java:stop(244)) - Attempting to stop container services.
2019-11-14 15:11:16,371 [main] INFO  impl.RaftServerProxy (RaftServerProxy.java:lambda$close$4(314)) - c45d92cd-1d84-4e39-b22b-e775d9180271: close
2019-11-14 15:11:16,371 [main] INFO  impl.RaftServerImpl (RaftServerImpl.java:lambda$shutdown$3(250)) - c45d92cd-1d84-4e39-b22b-e775d9180271@group-986B4BE192CE: shutdown
2019-11-14 15:11:16,372 [ForkJoinPool.commonPool-worker-0] INFO  impl.RaftServerImpl (RaftServerImpl.java:lambda$shutdown$3(250)) - c45d92cd-1d84-4e39-b22b-e775d9180271@group-3EC9F60C7CC4: shutdown
2019-11-14 15:11:16,372 [main] INFO  util.JmxRegister (JmxRegister.java:unregister(73)) - Successfully un-registered JMX Bean with object name Ratis:service=RaftServer,group=group-986B4BE192CE,id=c45d92cd-1d84-4e39-b22b-e775d9180271
2019-11-14 15:11:16,372 [ForkJoinPool.commonPool-worker-0] INFO  util.JmxRegister (JmxRegister.java:unregister(73)) - Successfully un-registered JMX Bean with object name Ratis:service=RaftServer,group=group-3EC9F60C7CC4,id=c45d92cd-1d84-4e39-b22b-e775d9180271
2019-11-14 15:11:16,372 [main] INFO  impl.RoleInfo (RoleInfo.java:shutdownLeaderState(104)) - c45d92cd-1d84-4e39-b22b-e775d9180271: shutdown LeaderState
2019-11-14 15:11:16,372 [ForkJoinPool.commonPool-worker-0] INFO  impl.RoleInfo (RoleInfo.java:shutdownLeaderState(104)) - c45d92cd-1d84-4e39-b22b-e775d9180271: shutdown LeaderState
2019-11-14 15:11:16,373 [main] INFO  impl.PendingRequests (PendingRequests.java:sendNotLeaderResponses(206)) - c45d92cd-1d84-4e39-b22b-e775d9180271@group-986B4BE192CE-PendingRequests: sendNotLeaderResponses
2019-11-14 15:11:16,378 [org.apache.ratis.server.impl.LogAppender$AppenderDaemon$$Lambda$463/184788748@3bf6c09e] WARN  server.GrpcLogAppender (GrpcLogAppender.java:mayWait(151)) - c45d92cd-1d84-4e39-b22b-e775d9180271@group-3EC9F60C7CC4->ee222113-7cfa-4d93-ae35-60587bc46978-GrpcLogAppender: Wait interrupted by java.lang.InterruptedException
2019-11-14 15:11:16,378 [main] INFO  impl.StateMachineUpdater (StateMachineUpdater.java:stopAndJoin(136)) - c45d92cd-1d84-4e39-b22b-e775d9180271@group-986B4BE192CE-StateMachineUpdater: set stopIndex = 0
2019-11-14 15:11:16,378 [org.apache.ratis.server.impl.LogAppender$AppenderDaemon$$Lambda$463/184788748@7ef45984] WARN  server.GrpcLogAppender (GrpcLogAppender.java:mayWait(151)) - c45d92cd-1d84-4e39-b22b-e775d9180271@group-3EC9F60C7CC4->9ce1968d-df6d-4251-8f68-caf53c6f1d3e-GrpcLogAppender: Wait interrupted by java.lang.InterruptedException
2019-11-14 15:11:16,379 [grpc-default-executor-4] INFO  server.GrpcServerProtocolService (GrpcServerProtocolService.java:onCompleted(113)) - ee222113-7cfa-4d93-ae35-60587bc46978: Completed APPEND_ENTRIES, lastRequest: c45d92cd-1d84-4e39-b22b-e775d9180271->ee222113-7cfa-4d93-ae35-60587bc46978#8-t1, previous=(t:1, i:0), leaderCommit=0, initializing? false, entries: <empty>
2019-11-14 15:11:16,378 [ForkJoinPool.commonPool-worker-0] INFO  impl.PendingRequests (PendingRequests.java:sendNotLeaderResponses(206)) - c45d92cd-1d84-4e39-b22b-e775d9180271@group-3EC9F60C7CC4-PendingRequests: sendNotLeaderResponses
2019-11-14 15:11:16,379 [grpc-default-executor-6] INFO  server.GrpcServerProtocolService (GrpcServerProtocolService.java:onCompleted(113)) - 9ce1968d-df6d-4251-8f68-caf53c6f1d3e: Completed APPEND_ENTRIES, lastRequest: c45d92cd-1d84-4e39-b22b-e775d9180271->9ce1968d-df6d-4251-8f68-caf53c6f1d3e#8-t1, previous=(t:1, i:0), leaderCommit=0, initializing? false, entries: <empty>
2019-11-14 15:11:16,378 [main] INFO  impl.RaftServerImpl (ServerState.java:close(387)) - c45d92cd-1d84-4e39-b22b-e775d9180271@group-986B4BE192CE: closes. applyIndex: 0
2019-11-14 15:11:16,379 [grpc-default-executor-3] INFO  server.GrpcLogAppender (GrpcLogAppender.java:onCompleted(308)) - c45d92cd-1d84-4e39-b22b-e775d9180271@group-3EC9F60C7CC4->9ce1968d-df6d-4251-8f68-caf53c6f1d3e-AppendLogResponseHandler: follower responses appendEntries COMPLETED
2019-11-14 15:11:16,379 [grpc-default-executor-0] INFO  server.GrpcLogAppender (GrpcLogAppender.java:onCompleted(308)) - c45d92cd-1d84-4e39-b22b-e775d9180271@group-3EC9F60C7CC4->ee222113-7cfa-4d93-ae35-60587bc46978-AppendLogResponseHandler: follower responses appendEntries COMPLETED
2019-11-14 15:11:16,379 [ForkJoinPool.commonPool-worker-0] INFO  impl.StateMachineUpdater (StateMachineUpdater.java:stopAndJoin(136)) - c45d92cd-1d84-4e39-b22b-e775d9180271@group-3EC9F60C7CC4-StateMachineUpdater: set stopIndex = 0
2019-11-14 15:11:16,380 [grpc-default-executor-3] INFO  impl.FollowerInfo (FollowerInfo.java:lambda$new$0(51)) - c45d92cd-1d84-4e39-b22b-e775d9180271@group-3EC9F60C7CC4->9ce1968d-df6d-4251-8f68-caf53c6f1d3e: nextIndex: updateUnconditionally 1 -> 0
2019-11-14 15:11:16,379 [c45d92cd-1d84-4e39-b22b-e775d9180271@group-986B4BE192CE-SegmentedRaftLogWorker] INFO  segmented.SegmentedRaftLogWorker (SegmentedRaftLogWorker.java:run(316)) - c45d92cd-1d84-4e39-b22b-e775d9180271@group-986B4BE192CE-SegmentedRaftLogWorker was interrupted, exiting. There are 0 tasks remaining in the queue.
2019-11-14 15:11:16,380 [grpc-default-executor-0] INFO  impl.FollowerInfo (FollowerInfo.java:lambda$new$0(51)) - c45d92cd-1d84-4e39-b22b-e775d9180271@group-3EC9F60C7CC4->ee222113-7cfa-4d93-ae35-60587bc46978: nextIndex: updateUnconditionally 1 -> 0
2019-11-14 15:11:16,380 [main] INFO  segmented.SegmentedRaftLogWorker (SegmentedRaftLogWorker.java:close(224)) - c45d92cd-1d84-4e39-b22b-e775d9180271@group-986B4BE192CE-SegmentedRaftLogWorker close()
2019-11-14 15:11:16,380 [ForkJoinPool.commonPool-worker-0] INFO  impl.RaftServerImpl (ServerState.java:close(387)) - c45d92cd-1d84-4e39-b22b-e775d9180271@group-3EC9F60C7CC4: closes. applyIndex: 0
2019-11-14 15:11:16,383 [c45d92cd-1d84-4e39-b22b-e775d9180271@group-3EC9F60C7CC4-SegmentedRaftLogWorker] INFO  segmented.SegmentedRaftLogWorker (SegmentedRaftLogWorker.java:run(316)) - c45d92cd-1d84-4e39-b22b-e775d9180271@group-3EC9F60C7CC4-SegmentedRaftLogWorker was interrupted, exiting. There are 0 tasks remaining in the queue.
2019-11-14 15:11:16,383 [ForkJoinPool.commonPool-worker-0] INFO  segmented.SegmentedRaftLogWorker (SegmentedRaftLogWorker.java:close(224)) - c45d92cd-1d84-4e39-b22b-e775d9180271@group-3EC9F60C7CC4-SegmentedRaftLogWorker close()
2019-11-14 15:11:16,386 [main] INFO  server.GrpcService (GrpcService.java:closeImpl(164)) - c45d92cd-1d84-4e39-b22b-e775d9180271: shutdown server with port 37954 now
2019-11-14 15:11:16,389 [main] INFO  server.GrpcService (GrpcService.java:closeImpl(172)) - c45d92cd-1d84-4e39-b22b-e775d9180271: shutdown server with port 37954 successfully
2019-11-14 15:11:16,390 [refreshUsed-/workdir/hadoop-ozone/integration-test/target/test-dir/MiniOzoneClusterImpl-5901a962-94ba-4a8b-ba12-ae811e713c7a/datanode-7/data/containers] WARN  fs.CachingGetSpaceUsed (CachingGetSpaceUsed.java:run(183)) - Thread Interrupted waiting to refresh disk information: sleep interrupted
2019-11-14 15:11:16,404 [main] INFO  utils.BackgroundService (BackgroundService.java:shutdown(151)) - Shutting down service BlockDeletingService
2019-11-14 15:11:16,411 [main] INFO  statemachine.DatanodeStateMachine (DatanodeStateMachine.java:stopDaemon(395)) - Ozone container server stopped.
2019-11-14 15:11:16,412 [main] INFO  handler.ContextHandler (ContextHandler.java:doStop(910)) - Stopped o.e.j.w.WebAppContext@6c9bf3b5{/,null,UNAVAILABLE}{/hddsDatanode}
2019-11-14 15:11:16,412 [main] INFO  server.AbstractConnector (AbstractConnector.java:doStop(318)) - Stopped ServerConnector@6f07d414{HTTP/1.1,[http/1.1]}{0.0.0.0:0}
2019-11-14 15:11:16,413 [main] INFO  handler.ContextHandler (ContextHandler.java:doStop(910)) - Stopped o.e.j.s.ServletContextHandler@6fd1ea75{/static,jar:file:/home/user/.m2/repository/org/apache/hadoop/hadoop-hdds-container-service/0.5.0-SNAPSHOT/hadoop-hdds-container-service-0.5.0-SNAPSHOT.jar!/webapps/static,UNAVAILABLE}
2019-11-14 15:11:16,413 [main] INFO  handler.ContextHandler (ContextHandler.java:doStop(910)) - Stopped o.e.j.s.ServletContextHandler@37b1149b{/logs,file:///workdir/hadoop-ozone/integration-test/target/log,UNAVAILABLE}
2019-11-14 15:11:17,443 [main] WARN  io.KeyOutputStream (KeyOutputStream.java:handleException(274)) - Encountered exception java.io.IOException: Unexpected Storage Container Exception: java.util.concurrent.CompletionException: java.util.concurrent.CompletionException: org.apache.ratis.protocol.GroupMismatchException: 9ce1968d-df6d-4251-8f68-caf53c6f1d3e: group-D41C583FE8EC not found. on the pipeline Pipeline[ Id: fbd092a1-625e-4a8b-b267-d41c583fe8ec, Nodes: c45d92cd-1d84-4e39-b22b-e775d9180271{ip: 192.168.34.62, host: pr-hdds-2480-6qkg9-608321763, networkLocation: /rack1, certSerialId: null}9ce1968d-df6d-4251-8f68-caf53c6f1d3e{ip: 192.168.34.62, host: pr-hdds-2480-6qkg9-608321763, networkLocation: /rack1, certSerialId: null}69447648-1360-460f-862e-b843b6813c61{ip: 192.168.34.62, host: pr-hdds-2480-6qkg9-608321763, networkLocation: /rack1, certSerialId: null}, Type:RATIS, Factor:THREE, State:OPEN]. The last committed block length is 1048576, uncommitted data length is 2097152 retry count 0
2019-11-14 15:11:17,444 [main] INFO  io.BlockOutputStreamEntryPool (BlockOutputStreamEntryPool.java:allocateNewBlock(257)) - Allocating block with ExcludeList {datanodes = [], containerIds = [], pipelineIds = [PipelineID=fbd092a1-625e-4a8b-b267-d41c583fe8ec]}
2019-11-14 15:11:17,739 [main] INFO  ozone.MiniOzoneClusterImpl (MiniOzoneClusterImpl.java:shutdown(352)) - Shutting down the Mini Ozone Cluster
2019-11-14 15:11:17,739 [main] INFO  ozone.MiniOzoneClusterImpl (MiniOzoneClusterImpl.java:stop(368)) - Stopping the Mini Ozone Cluster
2019-11-14 15:11:17,739 [main] INFO  ozone.MiniOzoneClusterImpl (MiniOzoneClusterImpl.java:stopOM(438)) - Stopping the OzoneManager
2019-11-14 15:11:17,740 [main] INFO  ipc.Server (Server.java:stop(3082)) - Stopping server on 45527
2019-11-14 15:11:17,748 [main] INFO  ratis.OzoneManagerDoubleBuffer (OzoneManagerDoubleBuffer.java:stop(261)) - Stopping OMDoubleBuffer flush thread
2019-11-14 15:11:17,748 [IPC Server Responder] INFO  ipc.Server (Server.java:run(1319)) - Stopping IPC Server Responder
2019-11-14 15:11:17,748 [IPC Server listener on 45527] INFO  ipc.Server (Server.java:run(1185)) - Stopping IPC Server listener on 45527
2019-11-14 15:11:17,751 [OMDoubleBufferFlushThread] INFO  ratis.OzoneManagerDoubleBuffer (OzoneManagerDoubleBuffer.java:flushTransactions(199)) - OMDoubleBuffer flush thread OMDoubleBufferFlushThread is interrupted and will exit. OMDoubleBufferFlushThread
2019-11-14 15:11:17,757 [main] INFO  utils.BackgroundService (BackgroundService.java:shutdown(151)) - Shutting down service KeyDeletingService
2019-11-14 15:11:17,766 [main] INFO  handler.ContextHandler (ContextHandler.java:doStop(910)) - Stopped o.e.j.w.WebAppContext@33627576{/,null,UNAVAILABLE}{/ozoneManager}
2019-11-14 15:11:17,767 [main] INFO  server.AbstractConnector (AbstractConnector.java:doStop(318)) - Stopped ServerConnector@27bc1d44{HTTP/1.1,[http/1.1]}{0.0.0.0:0}
2019-11-14 15:11:17,767 [main] INFO  handler.ContextHandler (ContextHandler.java:doStop(910)) - Stopped o.e.j.s.ServletContextHandler@7d401cdc{/static,file:///workdir/hadoop-ozone/integration-test/target/test-classes/webapps/static,UNAVAILABLE}
2019-11-14 15:11:17,768 [main] INFO  handler.ContextHandler (ContextHandler.java:doStop(910)) - Stopped o.e.j.s.ServletContextHandler@120350eb{/logs,file:///workdir/hadoop-ozone/integration-test/target/log,UNAVAILABLE}
2019-11-14 15:11:17,770 [main] INFO  ozone.MiniOzoneClusterImpl (MiniOzoneClusterImpl.java:stopDatanodes(415)) - Stopping the HddsDatanodes
2019-11-14 15:11:18,084 [Thread-4421] INFO  impl.FollowerState (FollowerState.java:run(111)) - ee222113-7cfa-4d93-ae35-60587bc46978@group-3EC9F60C7CC4-FollowerState: change to CANDIDATE, lastRpcTime:1863ms, electionTimeout:1035ms
2019-11-14 15:11:18,085 [Thread-4421] INFO  impl.RoleInfo (RoleInfo.java:shutdownFollowerState(121)) - ee222113-7cfa-4d93-ae35-60587bc46978: shutdown FollowerState
2019-11-14 15:11:18,085 [Thread-4421] INFO  impl.RaftServerImpl (RaftServerImpl.java:setRole(173)) - ee222113-7cfa-4d93-ae35-60587bc46978@group-3EC9F60C7CC4: changes role from  FOLLOWER to CANDIDATE at term 1 for changeToCandidate
2019-11-14 15:11:18,085 [Thread-4421] INFO  impl.RoleInfo (RoleInfo.java:updateAndGet(143)) - ee222113-7cfa-4d93-ae35-60587bc46978: start LeaderElection
2019-11-14 15:11:18,085 [ee222113-7cfa-4d93-ae35-60587bc46978@group-3EC9F60C7CC4-LeaderElection200] INFO  impl.RaftServerImpl (ServerState.java:setLeader(255)) - ee222113-7cfa-4d93-ae35-60587bc46978@group-3EC9F60C7CC4: change Leader from c45d92cd-1d84-4e39-b22b-e775d9180271 to null at term 1 for initElection
2019-11-14 15:11:18,100 [ee222113-7cfa-4d93-ae35-60587bc46978@group-3EC9F60C7CC4-LeaderElection200] INFO  impl.LeaderElection (LeaderElection.java:askForVotes(178)) - ee222113-7cfa-4d93-ae35-60587bc46978@group-3EC9F60C7CC4-LeaderElection200: begin an election at term 2 for 0: [ee222113-7cfa-4d93-ae35-60587bc46978:192.168.34.62:36461, 9ce1968d-df6d-4251-8f68-caf53c6f1d3e:192.168.34.62:35975, c45d92cd-1d84-4e39-b22b-e775d9180271:192.168.34.62:37954], old=null
2019-11-14 15:11:18,102 [ee222113-7cfa-4d93-ae35-60587bc46978@group-3EC9F60C7CC4-LeaderElection200] INFO  impl.LeaderElection (LogUtils.java:infoOrTrace(149)) - ee222113-7cfa-4d93-ae35-60587bc46978@group-3EC9F60C7CC4-LeaderElection200 got exception when requesting votes: {}
java.util.concurrent.ExecutionException: org.apache.ratis.thirdparty.io.grpc.StatusRuntimeException: UNAVAILABLE: io exception
	at java.util.concurrent.FutureTask.report(FutureTask.java:122)
	at java.util.concurrent.FutureTask.get(FutureTask.java:192)
	at org.apache.ratis.server.impl.LeaderElection.waitForResults(LeaderElection.java:259)
	at org.apache.ratis.server.impl.LeaderElection.askForVotes(LeaderElection.java:197)
	at org.apache.ratis.server.impl.LeaderElection.run(LeaderElection.java:133)
	at java.lang.Thread.run(Thread.java:748)
Caused by: org.apache.ratis.thirdparty.io.grpc.StatusRuntimeException: UNAVAILABLE: io exception
	at org.apache.ratis.thirdparty.io.grpc.stub.ClientCalls.toStatusRuntimeException(ClientCalls.java:233)
	at org.apache.ratis.thirdparty.io.grpc.stub.ClientCalls.getUnchecked(ClientCalls.java:214)
	at org.apache.ratis.thirdparty.io.grpc.stub.ClientCalls.blockingUnaryCall(ClientCalls.java:139)
	at org.apache.ratis.proto.grpc.RaftServerProtocolServiceGrpc$RaftServerProtocolServiceBlockingStub.requestVote(RaftServerProtocolServiceGrpc.java:265)
	at org.apache.ratis.grpc.server.GrpcServerProtocolClient.requestVote(GrpcServerProtocolClient.java:99)
	at org.apache.ratis.grpc.server.GrpcService.requestVote(GrpcService.java:204)
	at org.apache.ratis.server.impl.LeaderElection.lambda$submitRequests$1(LeaderElection.java:234)
	at java.util.concurrent.FutureTask.run(FutureTask.java:266)
	at java.util.concurrent.Executors$RunnableAdapter.call(Executors.java:511)
	at java.util.concurrent.FutureTask.run(FutureTask.java:266)
	at java.util.concurrent.ThreadPoolExecutor.runWorker(ThreadPoolExecutor.java:1149)
	at java.util.concurrent.ThreadPoolExecutor$Worker.run(ThreadPoolExecutor.java:624)
	... 1 more
Caused by: org.apache.ratis.thirdparty.io.netty.channel.AbstractChannel$AnnotatedConnectException: Connection refused: /192.168.34.62:37954
	at sun.nio.ch.SocketChannelImpl.checkConnect(Native Method)
	at sun.nio.ch.SocketChannelImpl.finishConnect(SocketChannelImpl.java:717)
	at org.apache.ratis.thirdparty.io.netty.channel.socket.nio.NioSocketChannel.doFinishConnect(NioSocketChannel.java:327)
	at org.apache.ratis.thirdparty.io.netty.channel.nio.AbstractNioChannel$AbstractNioUnsafe.finishConnect(AbstractNioChannel.java:340)
	at org.apache.ratis.thirdparty.io.netty.channel.nio.NioEventLoop.processSelectedKey(NioEventLoop.java:632)
	at org.apache.ratis.thirdparty.io.netty.channel.nio.NioEventLoop.processSelectedKeysOptimized(NioEventLoop.java:579)
	at org.apache.ratis.thirdparty.io.netty.channel.nio.NioEventLoop.processSelectedKeys(NioEventLoop.java:496)
	at org.apache.ratis.thirdparty.io.netty.channel.nio.NioEventLoop.run(NioEventLoop.java:458)
	at org.apache.ratis.thirdparty.io.netty.util.concurrent.SingleThreadEventExecutor$5.run(SingleThreadEventExecutor.java:897)
	at org.apache.ratis.thirdparty.io.netty.util.concurrent.FastThreadLocalRunnable.run(FastThreadLocalRunnable.java:30)
	... 1 more
Caused by: java.net.ConnectException: Connection refused
	... 11 more
2019-11-14 15:11:18,103 [grpc-default-executor-0] INFO  impl.RaftServerImpl (ServerState.java:setLeader(255)) - 9ce1968d-df6d-4251-8f68-caf53c6f1d3e@group-3EC9F60C7CC4: change Leader from c45d92cd-1d84-4e39-b22b-e775d9180271 to null at term 2 for updateCurrentTerm
2019-11-14 15:11:18,103 [grpc-default-executor-0] INFO  impl.RaftServerImpl (RaftServerImpl.java:setRole(173)) - 9ce1968d-df6d-4251-8f68-caf53c6f1d3e@group-3EC9F60C7CC4: changes role from  FOLLOWER to FOLLOWER at term 2 for recognizeCandidate:ee222113-7cfa-4d93-ae35-60587bc46978
2019-11-14 15:11:18,103 [grpc-default-executor-0] INFO  impl.RoleInfo (RoleInfo.java:shutdownFollowerState(121)) - 9ce1968d-df6d-4251-8f68-caf53c6f1d3e: shutdown FollowerState
2019-11-14 15:11:18,104 [grpc-default-executor-0] INFO  impl.RoleInfo (RoleInfo.java:updateAndGet(143)) - 9ce1968d-df6d-4251-8f68-caf53c6f1d3e: start FollowerState
2019-11-14 15:11:18,104 [Thread-4422] INFO  impl.FollowerState (FollowerState.java:run(120)) - 9ce1968d-df6d-4251-8f68-caf53c6f1d3e@group-3EC9F60C7CC4-FollowerState was interrupted: java.lang.InterruptedException: sleep interrupted
2019-11-14 15:11:18,118 [ee222113-7cfa-4d93-ae35-60587bc46978@group-3EC9F60C7CC4-LeaderElection200] INFO  impl.LeaderElection (LeaderElection.java:logAndReturn(56)) - ee222113-7cfa-4d93-ae35-60587bc46978@group-3EC9F60C7CC4-LeaderElection200: Election PASSED; received 1 response(s) [ee222113-7cfa-4d93-ae35-60587bc46978<-9ce1968d-df6d-4251-8f68-caf53c6f1d3e#0:OK-t2] and 1 exception(s); ee222113-7cfa-4d93-ae35-60587bc46978@group-3EC9F60C7CC4:t2, leader=null, voted=ee222113-7cfa-4d93-ae35-60587bc46978, raftlog=ee222113-7cfa-4d93-ae35-60587bc46978@group-3EC9F60C7CC4-SegmentedRaftLog:OPENED:c0,f0,i0, conf=0: [ee222113-7cfa-4d93-ae35-60587bc46978:192.168.34.62:36461, 9ce1968d-df6d-4251-8f68-caf53c6f1d3e:192.168.34.62:35975, c45d92cd-1d84-4e39-b22b-e775d9180271:192.168.34.62:37954], old=null
2019-11-14 15:11:18,118 [ee222113-7cfa-4d93-ae35-60587bc46978@group-3EC9F60C7CC4-LeaderElection200] INFO  impl.LeaderElection (LogUtils.java:infoOrTrace(149)) -   Exception 0: {}
java.util.concurrent.ExecutionException: org.apache.ratis.thirdparty.io.grpc.StatusRuntimeException: UNAVAILABLE: io exception
	at java.util.concurrent.FutureTask.report(FutureTask.java:122)
	at java.util.concurrent.FutureTask.get(FutureTask.java:192)
	at org.apache.ratis.server.impl.LeaderElection.waitForResults(LeaderElection.java:259)
	at org.apache.ratis.server.impl.LeaderElection.askForVotes(LeaderElection.java:197)
	at org.apache.ratis.server.impl.LeaderElection.run(LeaderElection.java:133)
	at java.lang.Thread.run(Thread.java:748)
Caused by: org.apache.ratis.thirdparty.io.grpc.StatusRuntimeException: UNAVAILABLE: io exception
	at org.apache.ratis.thirdparty.io.grpc.stub.ClientCalls.toStatusRuntimeException(ClientCalls.java:233)
	at org.apache.ratis.thirdparty.io.grpc.stub.ClientCalls.getUnchecked(ClientCalls.java:214)
	at org.apache.ratis.thirdparty.io.grpc.stub.ClientCalls.blockingUnaryCall(ClientCalls.java:139)
	at org.apache.ratis.proto.grpc.RaftServerProtocolServiceGrpc$RaftServerProtocolServiceBlockingStub.requestVote(RaftServerProtocolServiceGrpc.java:265)
	at org.apache.ratis.grpc.server.GrpcServerProtocolClient.requestVote(GrpcServerProtocolClient.java:99)
	at org.apache.ratis.grpc.server.GrpcService.requestVote(GrpcService.java:204)
	at org.apache.ratis.server.impl.LeaderElection.lambda$submitRequests$1(LeaderElection.java:234)
	at java.util.concurrent.FutureTask.run(FutureTask.java:266)
	at java.util.concurrent.Executors$RunnableAdapter.call(Executors.java:511)
	at java.util.concurrent.FutureTask.run(FutureTask.java:266)
	at java.util.concurrent.ThreadPoolExecutor.runWorker(ThreadPoolExecutor.java:1149)
	at java.util.concurrent.ThreadPoolExecutor$Worker.run(ThreadPoolExecutor.java:624)
	... 1 more
Caused by: org.apache.ratis.thirdparty.io.netty.channel.AbstractChannel$AnnotatedConnectException: Connection refused: /192.168.34.62:37954
	at sun.nio.ch.SocketChannelImpl.checkConnect(Native Method)
	at sun.nio.ch.SocketChannelImpl.finishConnect(SocketChannelImpl.java:717)
	at org.apache.ratis.thirdparty.io.netty.channel.socket.nio.NioSocketChannel.doFinishConnect(NioSocketChannel.java:327)
	at org.apache.ratis.thirdparty.io.netty.channel.nio.AbstractNioChannel$AbstractNioUnsafe.finishConnect(AbstractNioChannel.java:340)
	at org.apache.ratis.thirdparty.io.netty.channel.nio.NioEventLoop.processSelectedKey(NioEventLoop.java:632)
	at org.apache.ratis.thirdparty.io.netty.channel.nio.NioEventLoop.processSelectedKeysOptimized(NioEventLoop.java:579)
	at org.apache.ratis.thirdparty.io.netty.channel.nio.NioEventLoop.processSelectedKeys(NioEventLoop.java:496)
	at org.apache.ratis.thirdparty.io.netty.channel.nio.NioEventLoop.run(NioEventLoop.java:458)
	at org.apache.ratis.thirdparty.io.netty.util.concurrent.SingleThreadEventExecutor$5.run(SingleThreadEventExecutor.java:897)
	at org.apache.ratis.thirdparty.io.netty.util.concurrent.FastThreadLocalRunnable.run(FastThreadLocalRunnable.java:30)
	... 1 more
Caused by: java.net.ConnectException: Connection refused
	... 11 more
2019-11-14 15:11:18,118 [ee222113-7cfa-4d93-ae35-60587bc46978@group-3EC9F60C7CC4-LeaderElection200] INFO  impl.RoleInfo (RoleInfo.java:shutdownLeaderElection(134)) - ee222113-7cfa-4d93-ae35-60587bc46978: shutdown LeaderElection
2019-11-14 15:11:18,118 [ee222113-7cfa-4d93-ae35-60587bc46978@group-3EC9F60C7CC4-LeaderElection200] INFO  impl.RaftServerImpl (RaftServerImpl.java:setRole(173)) - ee222113-7cfa-4d93-ae35-60587bc46978@group-3EC9F60C7CC4: changes role from CANDIDATE to LEADER at term 2 for changeToLeader
2019-11-14 15:11:18,118 [ee222113-7cfa-4d93-ae35-60587bc46978@group-3EC9F60C7CC4-LeaderElection200] INFO  ratis.XceiverServerRatis (XceiverServerRatis.java:handleLeaderChangedNotification(697)) - Leader change notification received for group: group-3EC9F60C7CC4 with new leaderId: ee222113-7cfa-4d93-ae35-60587bc46978
2019-11-14 15:11:18,118 [ee222113-7cfa-4d93-ae35-60587bc46978@group-3EC9F60C7CC4-LeaderElection200] INFO  impl.RaftServerImpl (ServerState.java:setLeader(255)) - ee222113-7cfa-4d93-ae35-60587bc46978@group-3EC9F60C7CC4: change Leader from null to ee222113-7cfa-4d93-ae35-60587bc46978 at term 2 for becomeLeader, leader elected after 33ms
2019-11-14 15:11:18,119 [Datanode State Machine Thread - 0] INFO  statemachine.DatanodeStateMachine (DatanodeStateMachine.java:lambda$startDaemon$0(350)) - Ozone container server started.
2019-11-14 15:11:18,119 [ee222113-7cfa-4d93-ae35-60587bc46978@group-3EC9F60C7CC4-LeaderElection200] INFO  server.RaftServerConfigKeys (ConfUtils.java:logGet(43)) - raft.server.staging.catchup.gap = 1000 (default)
2019-11-14 15:11:18,119 [ee222113-7cfa-4d93-ae35-60587bc46978@group-3EC9F60C7CC4-LeaderElection200] INFO  server.RaftServerConfigKeys (ConfUtils.java:logGet(43)) - raft.server.rpc.sleep.time = 25ms (default)
2019-11-14 15:11:18,119 [ee222113-7cfa-4d93-ae35-60587bc46978@group-3EC9F60C7CC4-LeaderElection200] INFO  server.RaftServerConfigKeys (ConfUtils.java:logGet(43)) - raft.server.write.element-limit = 4096 (default)
2019-11-14 15:11:18,119 [ee222113-7cfa-4d93-ae35-60587bc46978@group-3EC9F60C7CC4-LeaderElection200] INFO  server.RaftServerConfigKeys (ConfUtils.java:logGet(43)) - raft.server.watch.timeout = 10s (default)
2019-11-14 15:11:18,119 [ee222113-7cfa-4d93-ae35-60587bc46978@group-3EC9F60C7CC4-LeaderElection200] INFO  server.RaftServerConfigKeys (ConfUtils.java:logGet(43)) - raft.server.watch.timeout.denomination = 1s (default)
2019-11-14 15:11:18,119 [ee222113-7cfa-4d93-ae35-60587bc46978@group-3EC9F60C7CC4-LeaderElection200] INFO  server.RaftServerConfigKeys (ConfUtils.java:logGet(43)) - raft.server.watch.element-limit = 65536 (default)
2019-11-14 15:11:18,120 [ee222113-7cfa-4d93-ae35-60587bc46978@group-3EC9F60C7CC4-LeaderElection200] INFO  server.RaftServerConfigKeys (ConfUtils.java:logGet(43)) - raft.server.log.appender.snapshot.chunk.size.max = 16MB (=16777216) (default)
2019-11-14 15:11:18,120 [ee222113-7cfa-4d93-ae35-60587bc46978@group-3EC9F60C7CC4-LeaderElection200] INFO  server.RaftServerConfigKeys (ConfUtils.java:logGet(43)) - raft.server.log.appender.buffer.byte-limit = 33554432 (custom)
2019-11-14 15:11:18,120 [ee222113-7cfa-4d93-ae35-60587bc46978@group-3EC9F60C7CC4-LeaderElection200] INFO  server.RaftServerConfigKeys (ConfUtils.java:logGet(43)) - raft.server.log.appender.buffer.element-limit = 1 (custom)
2019-11-14 15:11:18,120 [ee222113-7cfa-4d93-ae35-60587bc46978@group-3EC9F60C7CC4-LeaderElection200] INFO  grpc.GrpcConfigKeys$Server (ConfUtils.java:logGet(43)) - raft.grpc.server.leader.outstanding.appends.max = 128 (default)
2019-11-14 15:11:18,120 [ee222113-7cfa-4d93-ae35-60587bc46978@group-3EC9F60C7CC4-LeaderElection200] INFO  server.RaftServerConfigKeys (ConfUtils.java:logGet(43)) - raft.server.rpc.request.timeout = 3000ms (default)
2019-11-14 15:11:18,120 [ee222113-7cfa-4d93-ae35-60587bc46978@group-3EC9F60C7CC4-LeaderElection200] INFO  server.RaftServerConfigKeys (ConfUtils.java:logGet(43)) - raft.server.log.appender.install.snapshot.enabled = false (custom)
2019-11-14 15:11:18,120 [ee222113-7cfa-4d93-ae35-60587bc46978@group-3EC9F60C7CC4-LeaderElection200] WARN  impl.MetricRegistriesImpl (MetricRegistriesImpl.java:lambda$create$1(61)) - First MetricRegistry has been created without registering reporters. You may need to call MetricRegistries.global().addReportRegistration(...) before.
2019-11-14 15:11:18,121 [ee222113-7cfa-4d93-ae35-60587bc46978@group-3EC9F60C7CC4-LeaderElection200] INFO  server.RaftServerConfigKeys (ConfUtils.java:logGet(43)) - raft.server.log.appender.snapshot.chunk.size.max = 16MB (=16777216) (default)
2019-11-14 15:11:18,121 [ee222113-7cfa-4d93-ae35-60587bc46978@group-3EC9F60C7CC4-LeaderElection200] INFO  server.RaftServerConfigKeys (ConfUtils.java:logGet(43)) - raft.server.log.appender.buffer.byte-limit = 33554432 (custom)
2019-11-14 15:11:18,121 [ee222113-7cfa-4d93-ae35-60587bc46978@group-3EC9F60C7CC4-LeaderElection200] INFO  server.RaftServerConfigKeys (ConfUtils.java:logGet(43)) - raft.server.log.appender.buffer.element-limit = 1 (custom)
2019-11-14 15:11:18,121 [ee222113-7cfa-4d93-ae35-60587bc46978@group-3EC9F60C7CC4-LeaderElection200] INFO  grpc.GrpcConfigKeys$Server (ConfUtils.java:logGet(43)) - raft.grpc.server.leader.outstanding.appends.max = 128 (default)
2019-11-14 15:11:18,121 [ee222113-7cfa-4d93-ae35-60587bc46978@group-3EC9F60C7CC4-LeaderElection200] INFO  server.RaftServerConfigKeys (ConfUtils.java:logGet(43)) - raft.server.rpc.request.timeout = 3000ms (default)
2019-11-14 15:11:18,121 [ee222113-7cfa-4d93-ae35-60587bc46978@group-3EC9F60C7CC4-LeaderElection200] INFO  server.RaftServerConfigKeys (ConfUtils.java:logGet(43)) - raft.server.log.appender.install.snapshot.enabled = false (custom)
2019-11-14 15:11:18,122 [ee222113-7cfa-4d93-ae35-60587bc46978@group-3EC9F60C7CC4-LeaderElection200] INFO  impl.RoleInfo (RoleInfo.java:updateAndGet(143)) - ee222113-7cfa-4d93-ae35-60587bc46978: start LeaderState
2019-11-14 15:11:18,122 [ee222113-7cfa-4d93-ae35-60587bc46978@group-3EC9F60C7CC4-LeaderElection200] INFO  segmented.SegmentedRaftLogWorker (SegmentedRaftLogWorker.java:rollLogSegment(390)) - ee222113-7cfa-4d93-ae35-60587bc46978@group-3EC9F60C7CC4-SegmentedRaftLogWorker: Rolling segment log-0_0 to index:0
2019-11-14 15:11:18,122 [ee222113-7cfa-4d93-ae35-60587bc46978@group-3EC9F60C7CC4-SegmentedRaftLogWorker] INFO  segmented.SegmentedRaftLogWorker (SegmentedRaftLogWorker.java:execute(533)) - ee222113-7cfa-4d93-ae35-60587bc46978@group-3EC9F60C7CC4-SegmentedRaftLogWorker: Rolled log segment from /workdir/hadoop-ozone/integration-test/target/test-dir/MiniOzoneClusterImpl-5901a962-94ba-4a8b-ba12-ae811e713c7a/datanode-2/data/ratis/a0e51885-45bc-410a-82ac-3ec9f60c7cc4/current/log_inprogress_0 to /workdir/hadoop-ozone/integration-test/target/test-dir/MiniOzoneClusterImpl-5901a962-94ba-4a8b-ba12-ae811e713c7a/datanode-2/data/ratis/a0e51885-45bc-410a-82ac-3ec9f60c7cc4/current/log_0-0
2019-11-14 15:11:18,123 [ee222113-7cfa-4d93-ae35-60587bc46978@group-3EC9F60C7CC4-LeaderElection200] INFO  impl.RaftServerImpl (ServerState.java:setRaftConf(356)) - ee222113-7cfa-4d93-ae35-60587bc46978@group-3EC9F60C7CC4: set configuration 1: [ee222113-7cfa-4d93-ae35-60587bc46978:192.168.34.62:36461, 9ce1968d-df6d-4251-8f68-caf53c6f1d3e:192.168.34.62:35975, c45d92cd-1d84-4e39-b22b-e775d9180271:192.168.34.62:37954], old=null at 1
2019-11-14 15:11:18,123 [grpc-default-executor-0] WARN  server.GrpcLogAppender (LogUtils.java:warn(134)) - ee222113-7cfa-4d93-ae35-60587bc46978@group-3EC9F60C7CC4->c45d92cd-1d84-4e39-b22b-e775d9180271-AppendLogResponseHandler: Failed appendEntries: org.apache.ratis.thirdparty.io.grpc.StatusRuntimeException: UNAVAILABLE: io exception
2019-11-14 15:11:18,123 [grpc-default-executor-0] INFO  impl.FollowerInfo (FollowerInfo.java:lambda$new$0(51)) - ee222113-7cfa-4d93-ae35-60587bc46978@group-3EC9F60C7CC4->c45d92cd-1d84-4e39-b22b-e775d9180271: nextIndex: updateUnconditionally 1 -> 0
2019-11-14 15:11:18,123 [grpc-default-executor-4] INFO  ratis.XceiverServerRatis (XceiverServerRatis.java:handleLeaderChangedNotification(697)) - Leader change notification received for group: group-3EC9F60C7CC4 with new leaderId: ee222113-7cfa-4d93-ae35-60587bc46978
2019-11-14 15:11:18,123 [grpc-default-executor-4] INFO  impl.RaftServerImpl (ServerState.java:setLeader(255)) - 9ce1968d-df6d-4251-8f68-caf53c6f1d3e@group-3EC9F60C7CC4: change Leader from null to ee222113-7cfa-4d93-ae35-60587bc46978 at term 2 for appendEntries, leader elected after 19ms
2019-11-14 15:11:18,125 [grpc-default-executor-4] INFO  impl.RaftServerImpl (ServerState.java:setRaftConf(356)) - 9ce1968d-df6d-4251-8f68-caf53c6f1d3e@group-3EC9F60C7CC4: set configuration 1: [ee222113-7cfa-4d93-ae35-60587bc46978:192.168.34.62:36461, 9ce1968d-df6d-4251-8f68-caf53c6f1d3e:192.168.34.62:35975, c45d92cd-1d84-4e39-b22b-e775d9180271:192.168.34.62:37954], old=null at 1
2019-11-14 15:11:18,125 [grpc-default-executor-4] INFO  segmented.SegmentedRaftLogWorker (SegmentedRaftLogWorker.java:rollLogSegment(390)) - 9ce1968d-df6d-4251-8f68-caf53c6f1d3e@group-3EC9F60C7CC4-SegmentedRaftLogWorker: Rolling segment log-0_0 to index:0
2019-11-14 15:11:18,126 [9ce1968d-df6d-4251-8f68-caf53c6f1d3e@group-3EC9F60C7CC4-SegmentedRaftLogWorker] INFO  segmented.SegmentedRaftLogWorker (SegmentedRaftLogWorker.java:execute(533)) - 9ce1968d-df6d-4251-8f68-caf53c6f1d3e@group-3EC9F60C7CC4-SegmentedRaftLogWorker: Rolled log segment from /workdir/hadoop-ozone/integration-test/target/test-dir/MiniOzoneClusterImpl-5901a962-94ba-4a8b-ba12-ae811e713c7a/datanode-8/data/ratis/a0e51885-45bc-410a-82ac-3ec9f60c7cc4/current/log_inprogress_0 to /workdir/hadoop-ozone/integration-test/target/test-dir/MiniOzoneClusterImpl-5901a962-94ba-4a8b-ba12-ae811e713c7a/datanode-8/data/ratis/a0e51885-45bc-410a-82ac-3ec9f60c7cc4/current/log_0-0
2019-11-14 15:11:18,171 [ee222113-7cfa-4d93-ae35-60587bc46978@group-3EC9F60C7CC4-SegmentedRaftLogWorker] INFO  segmented.SegmentedRaftLogWorker (SegmentedRaftLogWorker.java:execute(576)) - ee222113-7cfa-4d93-ae35-60587bc46978@group-3EC9F60C7CC4-SegmentedRaftLogWorker: created new log segment /workdir/hadoop-ozone/integration-test/target/test-dir/MiniOzoneClusterImpl-5901a962-94ba-4a8b-ba12-ae811e713c7a/datanode-2/data/ratis/a0e51885-45bc-410a-82ac-3ec9f60c7cc4/current/log_inprogress_1
2019-11-14 15:11:18,171 [9ce1968d-df6d-4251-8f68-caf53c6f1d3e@group-3EC9F60C7CC4-SegmentedRaftLogWorker] INFO  segmented.SegmentedRaftLogWorker (SegmentedRaftLogWorker.java:execute(576)) - 9ce1968d-df6d-4251-8f68-caf53c6f1d3e@group-3EC9F60C7CC4-SegmentedRaftLogWorker: created new log segment /workdir/hadoop-ozone/integration-test/target/test-dir/MiniOzoneClusterImpl-5901a962-94ba-4a8b-ba12-ae811e713c7a/datanode-8/data/ratis/a0e51885-45bc-410a-82ac-3ec9f60c7cc4/current/log_inprogress_1
2019-11-14 15:11:18,174 [grpc-default-executor-3] WARN  server.GrpcLogAppender (LogUtils.java:warn(134)) - ee222113-7cfa-4d93-ae35-60587bc46978@group-3EC9F60C7CC4->c45d92cd-1d84-4e39-b22b-e775d9180271-AppendLogResponseHandler: Failed appendEntries: org.apache.ratis.thirdparty.io.grpc.StatusRuntimeException: UNAVAILABLE: io exception
2019-11-14 15:11:18,175 [grpc-default-executor-3] INFO  impl.FollowerInfo (FollowerInfo.java:lambda$new$0(51)) - ee222113-7cfa-4d93-ae35-60587bc46978@group-3EC9F60C7CC4->c45d92cd-1d84-4e39-b22b-e775d9180271: nextIndex: updateUnconditionally 1 -> 0
2019-11-14 15:11:18,193 [grpc-default-executor-4] WARN  server.GrpcLogAppender (LogUtils.java:warn(134)) - ee222113-7cfa-4d93-ae35-60587bc46978@group-3EC9F60C7CC4->c45d92cd-1d84-4e39-b22b-e775d9180271-AppendLogResponseHandler: Failed appendEntries: org.apache.ratis.thirdparty.io.grpc.StatusRuntimeException: UNAVAILABLE: io exception
2019-11-14 15:11:18,193 [grpc-default-executor-4] INFO  impl.FollowerInfo (FollowerInfo.java:lambda$new$0(51)) - ee222113-7cfa-4d93-ae35-60587bc46978@group-3EC9F60C7CC4->c45d92cd-1d84-4e39-b22b-e775d9180271: nextIndex: updateUnconditionally 1 -> 0
2019-11-14 15:11:18,575 [Datanode State Machine Thread - 0] INFO  statemachine.DatanodeStateMachine (DatanodeStateMachine.java:lambda$startDaemon$0(350)) - Ozone container server started.
2019-11-14 15:11:18,693 [grpc-default-executor-0] WARN  server.GrpcLogAppender (LogUtils.java:warn(134)) - ee222113-7cfa-4d93-ae35-60587bc46978@group-3EC9F60C7CC4->c45d92cd-1d84-4e39-b22b-e775d9180271-AppendLogResponseHandler: Failed appendEntries: org.apache.ratis.thirdparty.io.grpc.StatusRuntimeException: UNAVAILABLE: io exception
2019-11-14 15:11:18,695 [grpc-default-executor-0] INFO  impl.FollowerInfo (FollowerInfo.java:lambda$new$0(51)) - ee222113-7cfa-4d93-ae35-60587bc46978@group-3EC9F60C7CC4->c45d92cd-1d84-4e39-b22b-e775d9180271: nextIndex: updateUnconditionally 0 -> 0
2019-11-14 15:11:19,194 [grpc-default-executor-0] WARN  server.GrpcLogAppender (LogUtils.java:warn(134)) - ee222113-7cfa-4d93-ae35-60587bc46978@group-3EC9F60C7CC4->c45d92cd-1d84-4e39-b22b-e775d9180271-AppendLogResponseHandler: Failed appendEntries: org.apache.ratis.thirdparty.io.grpc.StatusRuntimeException: UNAVAILABLE: io exception
2019-11-14 15:11:19,194 [grpc-default-executor-0] INFO  impl.FollowerInfo (FollowerInfo.java:lambda$new$0(51)) - ee222113-7cfa-4d93-ae35-60587bc46978@group-3EC9F60C7CC4->c45d92cd-1d84-4e39-b22b-e775d9180271: nextIndex: updateUnconditionally 0 -> 0
2019-11-14 15:11:19,695 [grpc-default-executor-3] WARN  server.GrpcLogAppender (LogUtils.java:warn(134)) - ee222113-7cfa-4d93-ae35-60587bc46978@group-3EC9F60C7CC4->c45d92cd-1d84-4e39-b22b-e775d9180271-AppendLogResponseHandler: Failed appendEntries: org.apache.ratis.thirdparty.io.grpc.StatusRuntimeException: UNAVAILABLE: io exception
2019-11-14 15:11:19,695 [grpc-default-executor-3] INFO  impl.FollowerInfo (FollowerInfo.java:lambda$new$0(51)) - ee222113-7cfa-4d93-ae35-60587bc46978@group-3EC9F60C7CC4->c45d92cd-1d84-4e39-b22b-e775d9180271: nextIndex: updateUnconditionally 0 -> 0
2019-11-14 15:11:20,195 [grpc-default-executor-4] WARN  server.GrpcLogAppender (LogUtils.java:warn(134)) - ee222113-7cfa-4d93-ae35-60587bc46978@group-3EC9F60C7CC4->c45d92cd-1d84-4e39-b22b-e775d9180271-AppendLogResponseHandler: Failed appendEntries: org.apache.ratis.thirdparty.io.grpc.StatusRuntimeException: UNAVAILABLE: io exception
2019-11-14 15:11:20,196 [grpc-default-executor-4] INFO  impl.FollowerInfo (FollowerInfo.java:lambda$new$0(51)) - ee222113-7cfa-4d93-ae35-60587bc46978@group-3EC9F60C7CC4->c45d92cd-1d84-4e39-b22b-e775d9180271: nextIndex: updateUnconditionally 0 -> 0
2019-11-14 15:11:20,696 [grpc-default-executor-0] WARN  server.GrpcLogAppender (LogUtils.java:warn(134)) - ee222113-7cfa-4d93-ae35-60587bc46978@group-3EC9F60C7CC4->c45d92cd-1d84-4e39-b22b-e775d9180271-AppendLogResponseHandler: Failed appendEntries: org.apache.ratis.thirdparty.io.grpc.StatusRuntimeException: UNAVAILABLE: io exception
2019-11-14 15:11:20,697 [grpc-default-executor-0] INFO  impl.FollowerInfo (FollowerInfo.java:lambda$new$0(51)) - ee222113-7cfa-4d93-ae35-60587bc46978@group-3EC9F60C7CC4->c45d92cd-1d84-4e39-b22b-e775d9180271: nextIndex: updateUnconditionally 0 -> 0
2019-11-14 15:11:21,197 [grpc-default-executor-4] WARN  server.GrpcLogAppender (LogUtils.java:warn(134)) - ee222113-7cfa-4d93-ae35-60587bc46978@group-3EC9F60C7CC4->c45d92cd-1d84-4e39-b22b-e775d9180271-AppendLogResponseHandler: Failed appendEntries: org.apache.ratis.thirdparty.io.grpc.StatusRuntimeException: UNAVAILABLE: io exception
2019-11-14 15:11:21,197 [grpc-default-executor-4] INFO  impl.FollowerInfo (FollowerInfo.java:lambda$new$0(51)) - ee222113-7cfa-4d93-ae35-60587bc46978@group-3EC9F60C7CC4->c45d92cd-1d84-4e39-b22b-e775d9180271: nextIndex: updateUnconditionally 0 -> 0
2019-11-14 15:11:21,707 [grpc-default-executor-0] WARN  server.GrpcLogAppender (LogUtils.java:warn(134)) - ee222113-7cfa-4d93-ae35-60587bc46978@group-3EC9F60C7CC4->c45d92cd-1d84-4e39-b22b-e775d9180271-AppendLogResponseHandler: Failed appendEntries: org.apache.ratis.thirdparty.io.grpc.StatusRuntimeException: UNAVAILABLE: io exception
2019-11-14 15:11:21,708 [grpc-default-executor-0] INFO  impl.FollowerInfo (FollowerInfo.java:lambda$new$0(51)) - ee222113-7cfa-4d93-ae35-60587bc46978@group-3EC9F60C7CC4->c45d92cd-1d84-4e39-b22b-e775d9180271: nextIndex: updateUnconditionally 0 -> 0
2019-11-14 15:11:22,206 [grpc-default-executor-3] WARN  server.GrpcLogAppender (LogUtils.java:warn(134)) - ee222113-7cfa-4d93-ae35-60587bc46978@group-3EC9F60C7CC4->c45d92cd-1d84-4e39-b22b-e775d9180271-AppendLogResponseHandler: Failed appendEntries: org.apache.ratis.thirdparty.io.grpc.StatusRuntimeException: UNAVAILABLE: io exception
2019-11-14 15:11:22,206 [grpc-default-executor-3] INFO  impl.FollowerInfo (FollowerInfo.java:lambda$new$0(51)) - ee222113-7cfa-4d93-ae35-60587bc46978@group-3EC9F60C7CC4->c45d92cd-1d84-4e39-b22b-e775d9180271: nextIndex: updateUnconditionally 0 -> 0
2019-11-14 15:11:22,706 [grpc-default-executor-4] WARN  server.GrpcLogAppender (LogUtils.java:warn(134)) - ee222113-7cfa-4d93-ae35-60587bc46978@group-3EC9F60C7CC4->c45d92cd-1d84-4e39-b22b-e775d9180271-AppendLogResponseHandler: Failed appendEntries: org.apache.ratis.thirdparty.io.grpc.StatusRuntimeException: UNAVAILABLE: io exception
2019-11-14 15:11:22,707 [grpc-default-executor-4] INFO  impl.FollowerInfo (FollowerInfo.java:lambda$new$0(51)) - ee222113-7cfa-4d93-ae35-60587bc46978@group-3EC9F60C7CC4->c45d92cd-1d84-4e39-b22b-e775d9180271: nextIndex: updateUnconditionally 0 -> 0
2019-11-14 15:11:22,772 [main] INFO  ozoneimpl.OzoneContainer (OzoneContainer.java:stop(244)) - Attempting to stop container services.
2019-11-14 15:11:22,772 [ForkJoinPool.commonPool-worker-0] INFO  ozoneimpl.OzoneContainer (OzoneContainer.java:stop(244)) - Attempting to stop container services.
2019-11-14 15:11:22,774 [main] INFO  impl.RaftServerProxy (RaftServerProxy.java:lambda$close$4(314)) - 34d60e7e-1049-4636-b4f7-69f15bd98c31: close
2019-11-14 15:11:22,774 [ForkJoinPool.commonPool-worker-0] INFO  impl.RaftServerProxy (RaftServerProxy.java:lambda$close$4(314)) - ee222113-7cfa-4d93-ae35-60587bc46978: close
2019-11-14 15:11:22,774 [main] INFO  impl.RaftServerImpl (RaftServerImpl.java:lambda$shutdown$3(250)) - 34d60e7e-1049-4636-b4f7-69f15bd98c31@group-6D96205D0741: shutdown
2019-11-14 15:11:22,774 [ForkJoinPool.commonPool-worker-0] INFO  impl.RaftServerImpl (RaftServerImpl.java:lambda$shutdown$3(250)) - ee222113-7cfa-4d93-ae35-60587bc46978@group-248A7E5D461E: shutdown
2019-11-14 15:11:22,775 [main] INFO  util.JmxRegister (JmxRegister.java:unregister(73)) - Successfully un-registered JMX Bean with object name Ratis:service=RaftServer,group=group-6D96205D0741,id=34d60e7e-1049-4636-b4f7-69f15bd98c31
2019-11-14 15:11:22,775 [ForkJoinPool.commonPool-worker-0] INFO  util.JmxRegister (JmxRegister.java:unregister(73)) - Successfully un-registered JMX Bean with object name Ratis:service=RaftServer,group=group-248A7E5D461E,id=ee222113-7cfa-4d93-ae35-60587bc46978
2019-11-14 15:11:22,775 [main] INFO  impl.RoleInfo (RoleInfo.java:shutdownLeaderState(104)) - 34d60e7e-1049-4636-b4f7-69f15bd98c31: shutdown LeaderState
2019-11-14 15:11:22,775 [ForkJoinPool.commonPool-worker-0] INFO  impl.RoleInfo (RoleInfo.java:shutdownLeaderState(104)) - ee222113-7cfa-4d93-ae35-60587bc46978: shutdown LeaderState
2019-11-14 15:11:22,776 [main] INFO  impl.PendingRequests (PendingRequests.java:sendNotLeaderResponses(206)) - 34d60e7e-1049-4636-b4f7-69f15bd98c31@group-6D96205D0741-PendingRequests: sendNotLeaderResponses
2019-11-14 15:11:22,776 [ForkJoinPool.commonPool-worker-0] INFO  impl.PendingRequests (PendingRequests.java:sendNotLeaderResponses(206)) - ee222113-7cfa-4d93-ae35-60587bc46978@group-248A7E5D461E-PendingRequests: sendNotLeaderResponses
2019-11-14 15:11:22,777 [main] INFO  impl.StateMachineUpdater (StateMachineUpdater.java:stopAndJoin(136)) - 34d60e7e-1049-4636-b4f7-69f15bd98c31@group-6D96205D0741-StateMachineUpdater: set stopIndex = 0
2019-11-14 15:11:22,777 [ForkJoinPool.commonPool-worker-0] INFO  impl.StateMachineUpdater (StateMachineUpdater.java:stopAndJoin(136)) - ee222113-7cfa-4d93-ae35-60587bc46978@group-248A7E5D461E-StateMachineUpdater: set stopIndex = 0
2019-11-14 15:11:22,777 [main] INFO  impl.RaftServerImpl (ServerState.java:close(387)) - 34d60e7e-1049-4636-b4f7-69f15bd98c31@group-6D96205D0741: closes. applyIndex: 0
2019-11-14 15:11:22,777 [ForkJoinPool.commonPool-worker-0] INFO  impl.RaftServerImpl (ServerState.java:close(387)) - ee222113-7cfa-4d93-ae35-60587bc46978@group-248A7E5D461E: closes. applyIndex: 0
2019-11-14 15:11:22,778 [ee222113-7cfa-4d93-ae35-60587bc46978@group-248A7E5D461E-SegmentedRaftLogWorker] INFO  segmented.SegmentedRaftLogWorker (SegmentedRaftLogWorker.java:run(316)) - ee222113-7cfa-4d93-ae35-60587bc46978@group-248A7E5D461E-SegmentedRaftLogWorker was interrupted, exiting. There are 0 tasks remaining in the queue.
2019-11-14 15:11:22,778 [34d60e7e-1049-4636-b4f7-69f15bd98c31@group-6D96205D0741-SegmentedRaftLogWorker] INFO  segmented.SegmentedRaftLogWorker (SegmentedRaftLogWorker.java:run(316)) - 34d60e7e-1049-4636-b4f7-69f15bd98c31@group-6D96205D0741-SegmentedRaftLogWorker was interrupted, exiting. There are 0 tasks remaining in the queue.
2019-11-14 15:11:22,778 [main] INFO  segmented.SegmentedRaftLogWorker (SegmentedRaftLogWorker.java:close(224)) - 34d60e7e-1049-4636-b4f7-69f15bd98c31@group-6D96205D0741-SegmentedRaftLogWorker close()
2019-11-14 15:11:22,778 [ForkJoinPool.commonPool-worker-0] INFO  segmented.SegmentedRaftLogWorker (SegmentedRaftLogWorker.java:close(224)) - ee222113-7cfa-4d93-ae35-60587bc46978@group-248A7E5D461E-SegmentedRaftLogWorker close()
2019-11-14 15:11:22,789 [main] INFO  impl.RaftServerImpl (RaftServerImpl.java:lambda$shutdown$3(250)) - 34d60e7e-1049-4636-b4f7-69f15bd98c31@group-81275DA7FAB4: shutdown
2019-11-14 15:11:22,789 [ForkJoinPool.commonPool-worker-0] INFO  impl.RaftServerImpl (RaftServerImpl.java:lambda$shutdown$3(250)) - ee222113-7cfa-4d93-ae35-60587bc46978@group-3EC9F60C7CC4: shutdown
2019-11-14 15:11:22,790 [main] INFO  util.JmxRegister (JmxRegister.java:unregister(73)) - Successfully un-registered JMX Bean with object name Ratis:service=RaftServer,group=group-81275DA7FAB4,id=34d60e7e-1049-4636-b4f7-69f15bd98c31
2019-11-14 15:11:22,790 [ForkJoinPool.commonPool-worker-0] INFO  util.JmxRegister (JmxRegister.java:unregister(73)) - Successfully un-registered JMX Bean with object name Ratis:service=RaftServer,group=group-3EC9F60C7CC4,id=ee222113-7cfa-4d93-ae35-60587bc46978
2019-11-14 15:11:22,790 [main] INFO  impl.RoleInfo (RoleInfo.java:shutdownFollowerState(121)) - 34d60e7e-1049-4636-b4f7-69f15bd98c31: shutdown FollowerState
2019-11-14 15:11:22,791 [ForkJoinPool.commonPool-worker-0] INFO  impl.RoleInfo (RoleInfo.java:shutdownLeaderState(104)) - ee222113-7cfa-4d93-ae35-60587bc46978: shutdown LeaderState
2019-11-14 15:11:22,792 [Thread-4436] INFO  impl.FollowerState (FollowerState.java:run(120)) - 34d60e7e-1049-4636-b4f7-69f15bd98c31@group-81275DA7FAB4-FollowerState was interrupted: java.lang.InterruptedException: sleep interrupted
2019-11-14 15:11:22,792 [main] INFO  impl.StateMachineUpdater (StateMachineUpdater.java:stopAndJoin(136)) - 34d60e7e-1049-4636-b4f7-69f15bd98c31@group-81275DA7FAB4-StateMachineUpdater: set stopIndex = 7
2019-11-14 15:11:22,796 [org.apache.ratis.server.impl.LogAppender$AppenderDaemon$$Lambda$463/184788748@2b094253] WARN  server.GrpcLogAppender (GrpcLogAppender.java:mayWait(151)) - ee222113-7cfa-4d93-ae35-60587bc46978@group-3EC9F60C7CC4->c45d92cd-1d84-4e39-b22b-e775d9180271-GrpcLogAppender: Wait interrupted by java.lang.InterruptedException
2019-11-14 15:11:22,796 [ForkJoinPool.commonPool-worker-0] INFO  impl.PendingRequests (PendingRequests.java:sendNotLeaderResponses(206)) - ee222113-7cfa-4d93-ae35-60587bc46978@group-3EC9F60C7CC4-PendingRequests: sendNotLeaderResponses
2019-11-14 15:11:22,794 [34d60e7e-1049-4636-b4f7-69f15bd98c31@group-81275DA7FAB4-StateMachineUpdater] INFO  ratis.ContainerStateMachine (ContainerStateMachine.java:takeSnapshot(285)) - group-81275DA7FAB4: Taking a snapshot at:(t:1, i:4) file /workdir/hadoop-ozone/integration-test/target/test-dir/MiniOzoneClusterImpl-5901a962-94ba-4a8b-ba12-ae811e713c7a/datanode-5/data/ratis/76eb025c-cb1f-4c58-8d9c-81275da7fab4/sm/snapshot.1_4
2019-11-14 15:11:22,794 [org.apache.ratis.server.impl.LogAppender$AppenderDaemon$$Lambda$463/184788748@53b742ac] WARN  server.GrpcLogAppender (GrpcLogAppender.java:mayWait(151)) - ee222113-7cfa-4d93-ae35-60587bc46978@group-3EC9F60C7CC4->9ce1968d-df6d-4251-8f68-caf53c6f1d3e-GrpcLogAppender: Wait interrupted by java.lang.InterruptedException
2019-11-14 15:11:22,798 [ForkJoinPool.commonPool-worker-0] INFO  impl.StateMachineUpdater (StateMachineUpdater.java:stopAndJoin(136)) - ee222113-7cfa-4d93-ae35-60587bc46978@group-3EC9F60C7CC4-StateMachineUpdater: set stopIndex = 2
2019-11-14 15:11:22,799 [ForkJoinPool.commonPool-worker-0] INFO  impl.RaftServerImpl (ServerState.java:close(387)) - ee222113-7cfa-4d93-ae35-60587bc46978@group-3EC9F60C7CC4: closes. applyIndex: 2
2019-11-14 15:11:22,799 [ee222113-7cfa-4d93-ae35-60587bc46978@group-3EC9F60C7CC4-SegmentedRaftLogWorker] INFO  segmented.SegmentedRaftLogWorker (SegmentedRaftLogWorker.java:run(316)) - ee222113-7cfa-4d93-ae35-60587bc46978@group-3EC9F60C7CC4-SegmentedRaftLogWorker was interrupted, exiting. There are 0 tasks remaining in the queue.
2019-11-14 15:11:22,800 [grpc-default-executor-4] INFO  server.GrpcServerProtocolService (GrpcServerProtocolService.java:onCompleted(113)) - 9ce1968d-df6d-4251-8f68-caf53c6f1d3e: Completed APPEND_ENTRIES, lastRequest: ee222113-7cfa-4d93-ae35-60587bc46978->9ce1968d-df6d-4251-8f68-caf53c6f1d3e#11-t2, previous=(t:2, i:2), leaderCommit=2, initializing? false, entries: <empty>
2019-11-14 15:11:22,800 [ForkJoinPool.commonPool-worker-0] INFO  segmented.SegmentedRaftLogWorker (SegmentedRaftLogWorker.java:close(224)) - ee222113-7cfa-4d93-ae35-60587bc46978@group-3EC9F60C7CC4-SegmentedRaftLogWorker close()
2019-11-14 15:11:22,800 [ForkJoinPool.commonPool-worker-0] INFO  server.GrpcService (GrpcService.java:closeImpl(164)) - ee222113-7cfa-4d93-ae35-60587bc46978: shutdown server with port 36461 now
2019-11-14 15:11:22,801 [grpc-default-executor-4] INFO  server.GrpcLogAppender (GrpcLogAppender.java:onCompleted(308)) - ee222113-7cfa-4d93-ae35-60587bc46978@group-3EC9F60C7CC4->9ce1968d-df6d-4251-8f68-caf53c6f1d3e-AppendLogResponseHandler: follower responses appendEntries COMPLETED
2019-11-14 15:11:22,801 [grpc-default-executor-4] INFO  impl.FollowerInfo (FollowerInfo.java:lambda$new$0(51)) - ee222113-7cfa-4d93-ae35-60587bc46978@group-3EC9F60C7CC4->9ce1968d-df6d-4251-8f68-caf53c6f1d3e: nextIndex: updateUnconditionally 3 -> 2
2019-11-14 15:11:22,801 [ForkJoinPool.commonPool-worker-0] INFO  server.GrpcService (GrpcService.java:closeImpl(172)) - ee222113-7cfa-4d93-ae35-60587bc46978: shutdown server with port 36461 successfully
2019-11-14 15:11:22,803 [refreshUsed-/workdir/hadoop-ozone/integration-test/target/test-dir/MiniOzoneClusterImpl-5901a962-94ba-4a8b-ba12-ae811e713c7a/datanode-2/data/containers] WARN  fs.CachingGetSpaceUsed (CachingGetSpaceUsed.java:run(183)) - Thread Interrupted waiting to refresh disk information: sleep interrupted
2019-11-14 15:11:22,809 [34d60e7e-1049-4636-b4f7-69f15bd98c31@group-81275DA7FAB4-StateMachineUpdater] INFO  ratis.ContainerStateMachine (ContainerStateMachine.java:takeSnapshot(296)) - group-81275DA7FAB4: Finished taking a snapshot at:(t:1, i:4) file:/workdir/hadoop-ozone/integration-test/target/test-dir/MiniOzoneClusterImpl-5901a962-94ba-4a8b-ba12-ae811e713c7a/datanode-5/data/ratis/76eb025c-cb1f-4c58-8d9c-81275da7fab4/sm/snapshot.1_4 time:16
2019-11-14 15:11:22,810 [34d60e7e-1049-4636-b4f7-69f15bd98c31@group-81275DA7FAB4-StateMachineUpdater] INFO  impl.StateMachineUpdater (StateMachineUpdater.java:takeSnapshot(269)) - 34d60e7e-1049-4636-b4f7-69f15bd98c31@group-81275DA7FAB4-StateMachineUpdater: Took a snapshot at index 4
2019-11-14 15:11:22,810 [34d60e7e-1049-4636-b4f7-69f15bd98c31@group-81275DA7FAB4-StateMachineUpdater] INFO  impl.StateMachineUpdater (StateMachineUpdater.java:lambda$new$0(84)) - 34d60e7e-1049-4636-b4f7-69f15bd98c31@group-81275DA7FAB4-StateMachineUpdater: snapshotIndex: updateIncreasingly -1 -> 4
2019-11-14 15:11:22,811 [34d60e7e-1049-4636-b4f7-69f15bd98c31@group-81275DA7FAB4-StateMachineUpdater] INFO  ratis.ContainerStateMachine (ContainerStateMachine.java:takeSnapshot(285)) - group-81275DA7FAB4: Taking a snapshot at:(t:1, i:4) file /workdir/hadoop-ozone/integration-test/target/test-dir/MiniOzoneClusterImpl-5901a962-94ba-4a8b-ba12-ae811e713c7a/datanode-5/data/ratis/76eb025c-cb1f-4c58-8d9c-81275da7fab4/sm/snapshot.1_4
2019-11-14 15:11:22,818 [34d60e7e-1049-4636-b4f7-69f15bd98c31@group-81275DA7FAB4-StateMachineUpdater] INFO  ratis.ContainerStateMachine (ContainerStateMachine.java:takeSnapshot(296)) - group-81275DA7FAB4: Finished taking a snapshot at:(t:1, i:4) file:/workdir/hadoop-ozone/integration-test/target/test-dir/MiniOzoneClusterImpl-5901a962-94ba-4a8b-ba12-ae811e713c7a/datanode-5/data/ratis/76eb025c-cb1f-4c58-8d9c-81275da7fab4/sm/snapshot.1_4 time:8
2019-11-14 15:11:22,818 [34d60e7e-1049-4636-b4f7-69f15bd98c31@group-81275DA7FAB4-StateMachineUpdater] INFO  impl.StateMachineUpdater (StateMachineUpdater.java:takeSnapshot(269)) - 34d60e7e-1049-4636-b4f7-69f15bd98c31@group-81275DA7FAB4-StateMachineUpdater: Took a snapshot at index 4
2019-11-14 15:11:22,819 [34d60e7e-1049-4636-b4f7-69f15bd98c31@group-81275DA7FAB4-StateMachineUpdater] INFO  impl.StateMachineUpdater (StateMachineUpdater.java:lambda$new$0(84)) - 34d60e7e-1049-4636-b4f7-69f15bd98c31@group-81275DA7FAB4-StateMachineUpdater: snapshotIndex: updateIncreasingly 4 -> 4
2019-11-14 15:11:22,819 [main] INFO  impl.RaftServerImpl (ServerState.java:close(387)) - 34d60e7e-1049-4636-b4f7-69f15bd98c31@group-81275DA7FAB4: closes. applyIndex: 7
2019-11-14 15:11:22,819 [34d60e7e-1049-4636-b4f7-69f15bd98c31@group-81275DA7FAB4-SegmentedRaftLogWorker] INFO  segmented.SegmentedRaftLogWorker (SegmentedRaftLogWorker.java:run(316)) - 34d60e7e-1049-4636-b4f7-69f15bd98c31@group-81275DA7FAB4-SegmentedRaftLogWorker was interrupted, exiting. There are 0 tasks remaining in the queue.
2019-11-14 15:11:22,820 [main] INFO  segmented.SegmentedRaftLogWorker (SegmentedRaftLogWorker.java:close(224)) - 34d60e7e-1049-4636-b4f7-69f15bd98c31@group-81275DA7FAB4-SegmentedRaftLogWorker close()
2019-11-14 15:11:22,820 [main] INFO  server.GrpcService (GrpcService.java:closeImpl(164)) - 34d60e7e-1049-4636-b4f7-69f15bd98c31: shutdown server with port 39382 now
2019-11-14 15:11:22,820 [grpc-default-executor-3] WARN  server.GrpcServerProtocolService (LogUtils.java:warn(134)) - 34d60e7e-1049-4636-b4f7-69f15bd98c31: installSnapshot onError, lastRequest: fdb64a2a-711d-4b74-a4a4-cacd6c2cad61->34d60e7e-1049-4636-b4f7-69f15bd98c31#27-t1, previous=(t:1, i:7), leaderCommit=7, initializing? false, entries: <empty>: org.apache.ratis.thirdparty.io.grpc.StatusRuntimeException: CANCELLED: cancelled before receiving half close
2019-11-14 15:11:22,821 [main] INFO  server.GrpcService (GrpcService.java:closeImpl(172)) - 34d60e7e-1049-4636-b4f7-69f15bd98c31: shutdown server with port 39382 successfully
2019-11-14 15:11:22,821 [grpc-default-executor-0] WARN  server.GrpcLogAppender (LogUtils.java:warn(134)) - fdb64a2a-711d-4b74-a4a4-cacd6c2cad61@group-81275DA7FAB4->34d60e7e-1049-4636-b4f7-69f15bd98c31-AppendLogResponseHandler: Failed appendEntries: org.apache.ratis.thirdparty.io.grpc.StatusRuntimeException: CANCELLED: HTTP/2 error code: CANCEL
Received Rst Stream
2019-11-14 15:11:22,821 [grpc-default-executor-0] INFO  impl.FollowerInfo (FollowerInfo.java:lambda$new$0(51)) - fdb64a2a-711d-4b74-a4a4-cacd6c2cad61@group-81275DA7FAB4->34d60e7e-1049-4636-b4f7-69f15bd98c31: nextIndex: updateUnconditionally 8 -> 7
2019-11-14 15:11:22,822 [refreshUsed-/workdir/hadoop-ozone/integration-test/target/test-dir/MiniOzoneClusterImpl-5901a962-94ba-4a8b-ba12-ae811e713c7a/datanode-5/data/containers] WARN  fs.CachingGetSpaceUsed (CachingGetSpaceUsed.java:run(183)) - Thread Interrupted waiting to refresh disk information: sleep interrupted
2019-11-14 15:11:22,832 [ForkJoinPool.commonPool-worker-0] INFO  utils.BackgroundService (BackgroundService.java:shutdown(151)) - Shutting down service BlockDeletingService
2019-11-14 15:11:22,845 [ForkJoinPool.commonPool-worker-0] INFO  statemachine.DatanodeStateMachine (DatanodeStateMachine.java:stopDaemon(395)) - Ozone container server stopped.
2019-11-14 15:11:22,852 [ForkJoinPool.commonPool-worker-0] INFO  handler.ContextHandler (ContextHandler.java:doStop(910)) - Stopped o.e.j.w.WebAppContext@7cdb7fc{/,null,UNAVAILABLE}{/hddsDatanode}
2019-11-14 15:11:22,853 [ForkJoinPool.commonPool-worker-0] INFO  server.AbstractConnector (AbstractConnector.java:doStop(318)) - Stopped ServerConnector@524f5ea5{HTTP/1.1,[http/1.1]}{0.0.0.0:0}
2019-11-14 15:11:22,855 [ForkJoinPool.commonPool-worker-0] INFO  handler.ContextHandler (ContextHandler.java:doStop(910)) - Stopped o.e.j.s.ServletContextHandler@7fc7152e{/static,jar:file:/home/user/.m2/repository/org/apache/hadoop/hadoop-hdds-container-service/0.5.0-SNAPSHOT/hadoop-hdds-container-service-0.5.0-SNAPSHOT.jar!/webapps/static,UNAVAILABLE}
2019-11-14 15:11:22,857 [ForkJoinPool.commonPool-worker-0] INFO  handler.ContextHandler (ContextHandler.java:doStop(910)) - Stopped o.e.j.s.ServletContextHandler@74500e4f{/logs,file:///workdir/hadoop-ozone/integration-test/target/log,UNAVAILABLE}
2019-11-14 15:11:22,860 [main] INFO  utils.BackgroundService (BackgroundService.java:shutdown(151)) - Shutting down service BlockDeletingService
2019-11-14 15:11:22,862 [main] INFO  statemachine.DatanodeStateMachine (DatanodeStateMachine.java:stopDaemon(395)) - Ozone container server stopped.
2019-11-14 15:11:22,863 [main] INFO  handler.ContextHandler (ContextHandler.java:doStop(910)) - Stopped o.e.j.w.WebAppContext@57e4b86c{/,null,UNAVAILABLE}{/hddsDatanode}
2019-11-14 15:11:22,863 [main] INFO  server.AbstractConnector (AbstractConnector.java:doStop(318)) - Stopped ServerConnector@632241f5{HTTP/1.1,[http/1.1]}{0.0.0.0:0}
2019-11-14 15:11:22,864 [main] INFO  handler.ContextHandler (ContextHandler.java:doStop(910)) - Stopped o.e.j.s.ServletContextHandler@19105a87{/static,jar:file:/home/user/.m2/repository/org/apache/hadoop/hadoop-hdds-container-service/0.5.0-SNAPSHOT/hadoop-hdds-container-service-0.5.0-SNAPSHOT.jar!/webapps/static,UNAVAILABLE}
2019-11-14 15:11:22,864 [main] INFO  handler.ContextHandler (ContextHandler.java:doStop(910)) - Stopped o.e.j.s.ServletContextHandler@64c8fcfb{/logs,file:///workdir/hadoop-ozone/integration-test/target/log,UNAVAILABLE}
2019-11-14 15:11:23,127 [grpc-default-executor-4] WARN  server.GrpcLogAppender (LogUtils.java:warn(134)) - fdb64a2a-711d-4b74-a4a4-cacd6c2cad61@group-81275DA7FAB4->34d60e7e-1049-4636-b4f7-69f15bd98c31-AppendLogResponseHandler: Failed appendEntries: org.apache.ratis.thirdparty.io.grpc.StatusRuntimeException: UNAVAILABLE: io exception
2019-11-14 15:11:23,127 [grpc-default-executor-4] INFO  impl.FollowerInfo (FollowerInfo.java:lambda$new$0(51)) - fdb64a2a-711d-4b74-a4a4-cacd6c2cad61@group-81275DA7FAB4->34d60e7e-1049-4636-b4f7-69f15bd98c31: nextIndex: updateUnconditionally 7 -> 6
2019-11-14 15:11:23,564 [Datanode State Machine Thread - 0] INFO  statemachine.DatanodeStateMachine (DatanodeStateMachine.java:lambda$startDaemon$0(350)) - Ozone container server started.
2019-11-14 15:11:23,576 [Datanode State Machine Thread - 0] INFO  statemachine.DatanodeStateMachine (DatanodeStateMachine.java:lambda$startDaemon$0(350)) - Ozone container server started.
2019-11-14 15:11:23,628 [grpc-default-executor-0] WARN  server.GrpcLogAppender (LogUtils.java:warn(134)) - fdb64a2a-711d-4b74-a4a4-cacd6c2cad61@group-81275DA7FAB4->34d60e7e-1049-4636-b4f7-69f15bd98c31-AppendLogResponseHandler: Failed appendEntries: org.apache.ratis.thirdparty.io.grpc.StatusRuntimeException: UNAVAILABLE: io exception
2019-11-14 15:11:23,628 [grpc-default-executor-0] INFO  impl.FollowerInfo (FollowerInfo.java:lambda$new$0(51)) - fdb64a2a-711d-4b74-a4a4-cacd6c2cad61@group-81275DA7FAB4->34d60e7e-1049-4636-b4f7-69f15bd98c31: nextIndex: updateUnconditionally 6 -> 5
2019-11-14 15:11:24,128 [grpc-default-executor-0] WARN  server.GrpcLogAppender (LogUtils.java:warn(134)) - fdb64a2a-711d-4b74-a4a4-cacd6c2cad61@group-81275DA7FAB4->34d60e7e-1049-4636-b4f7-69f15bd98c31-AppendLogResponseHandler: Failed appendEntries: org.apache.ratis.thirdparty.io.grpc.StatusRuntimeException: UNAVAILABLE: io exception
2019-11-14 15:11:24,128 [grpc-default-executor-0] INFO  impl.FollowerInfo (FollowerInfo.java:lambda$new$0(51)) - fdb64a2a-711d-4b74-a4a4-cacd6c2cad61@group-81275DA7FAB4->34d60e7e-1049-4636-b4f7-69f15bd98c31: nextIndex: updateUnconditionally 5 -> 4
2019-11-14 15:11:24,629 [grpc-default-executor-4] WARN  server.GrpcLogAppender (LogUtils.java:warn(134)) - fdb64a2a-711d-4b74-a4a4-cacd6c2cad61@group-81275DA7FAB4->34d60e7e-1049-4636-b4f7-69f15bd98c31-AppendLogResponseHandler: Failed appendEntries: org.apache.ratis.thirdparty.io.grpc.StatusRuntimeException: UNAVAILABLE: io exception
2019-11-14 15:11:24,629 [grpc-default-executor-4] INFO  impl.FollowerInfo (FollowerInfo.java:lambda$new$0(51)) - fdb64a2a-711d-4b74-a4a4-cacd6c2cad61@group-81275DA7FAB4->34d60e7e-1049-4636-b4f7-69f15bd98c31: nextIndex: updateUnconditionally 4 -> 3
2019-11-14 15:11:24,767 [Thread-4532] INFO  impl.FollowerState (FollowerState.java:run(111)) - 9ce1968d-df6d-4251-8f68-caf53c6f1d3e@group-3EC9F60C7CC4-FollowerState: change to CANDIDATE, lastRpcTime:2060ms, electionTimeout:1200ms
2019-11-14 15:11:24,767 [Thread-4532] INFO  impl.RoleInfo (RoleInfo.java:shutdownFollowerState(121)) - 9ce1968d-df6d-4251-8f68-caf53c6f1d3e: shutdown FollowerState
2019-11-14 15:11:24,767 [Thread-4532] INFO  impl.RaftServerImpl (RaftServerImpl.java:setRole(173)) - 9ce1968d-df6d-4251-8f68-caf53c6f1d3e@group-3EC9F60C7CC4: changes role from  FOLLOWER to CANDIDATE at term 2 for changeToCandidate
2019-11-14 15:11:24,767 [Thread-4532] INFO  impl.RoleInfo (RoleInfo.java:updateAndGet(143)) - 9ce1968d-df6d-4251-8f68-caf53c6f1d3e: start LeaderElection
2019-11-14 15:11:24,767 [9ce1968d-df6d-4251-8f68-caf53c6f1d3e@group-3EC9F60C7CC4-LeaderElection201] INFO  impl.RaftServerImpl (ServerState.java:setLeader(255)) - 9ce1968d-df6d-4251-8f68-caf53c6f1d3e@group-3EC9F60C7CC4: change Leader from ee222113-7cfa-4d93-ae35-60587bc46978 to null at term 2 for initElection
2019-11-14 15:11:24,781 [9ce1968d-df6d-4251-8f68-caf53c6f1d3e@group-3EC9F60C7CC4-LeaderElection201] INFO  impl.LeaderElection (LeaderElection.java:askForVotes(178)) - 9ce1968d-df6d-4251-8f68-caf53c6f1d3e@group-3EC9F60C7CC4-LeaderElection201: begin an election at term 3 for 1: [ee222113-7cfa-4d93-ae35-60587bc46978:192.168.34.62:36461, 9ce1968d-df6d-4251-8f68-caf53c6f1d3e:192.168.34.62:35975, c45d92cd-1d84-4e39-b22b-e775d9180271:192.168.34.62:37954], old=null
2019-11-14 15:11:24,783 [9ce1968d-df6d-4251-8f68-caf53c6f1d3e@group-3EC9F60C7CC4-LeaderElection201] INFO  impl.LeaderElection (LogUtils.java:infoOrTrace(149)) - 9ce1968d-df6d-4251-8f68-caf53c6f1d3e@group-3EC9F60C7CC4-LeaderElection201 got exception when requesting votes: {}
java.util.concurrent.ExecutionException: org.apache.ratis.thirdparty.io.grpc.StatusRuntimeException: UNAVAILABLE: io exception
	at java.util.concurrent.FutureTask.report(FutureTask.java:122)
	at java.util.concurrent.FutureTask.get(FutureTask.java:192)
	at org.apache.ratis.server.impl.LeaderElection.waitForResults(LeaderElection.java:259)
	at org.apache.ratis.server.impl.LeaderElection.askForVotes(LeaderElection.java:197)
	at org.apache.ratis.server.impl.LeaderElection.run(LeaderElection.java:133)
	at java.lang.Thread.run(Thread.java:748)
Caused by: org.apache.ratis.thirdparty.io.grpc.StatusRuntimeException: UNAVAILABLE: io exception
	at org.apache.ratis.thirdparty.io.grpc.stub.ClientCalls.toStatusRuntimeException(ClientCalls.java:233)
	at org.apache.ratis.thirdparty.io.grpc.stub.ClientCalls.getUnchecked(ClientCalls.java:214)
	at org.apache.ratis.thirdparty.io.grpc.stub.ClientCalls.blockingUnaryCall(ClientCalls.java:139)
	at org.apache.ratis.proto.grpc.RaftServerProtocolServiceGrpc$RaftServerProtocolServiceBlockingStub.requestVote(RaftServerProtocolServiceGrpc.java:265)
	at org.apache.ratis.grpc.server.GrpcServerProtocolClient.requestVote(GrpcServerProtocolClient.java:99)
	at org.apache.ratis.grpc.server.GrpcService.requestVote(GrpcService.java:204)
	at org.apache.ratis.server.impl.LeaderElection.lambda$submitRequests$1(LeaderElection.java:234)
	at java.util.concurrent.FutureTask.run(FutureTask.java:266)
	at java.util.concurrent.Executors$RunnableAdapter.call(Executors.java:511)
	at java.util.concurrent.FutureTask.run(FutureTask.java:266)
	at java.util.concurrent.ThreadPoolExecutor.runWorker(ThreadPoolExecutor.java:1149)
	at java.util.concurrent.ThreadPoolExecutor$Worker.run(ThreadPoolExecutor.java:624)
	... 1 more
Caused by: org.apache.ratis.thirdparty.io.netty.channel.AbstractChannel$AnnotatedConnectException: Connection refused: /192.168.34.62:36461
	at sun.nio.ch.SocketChannelImpl.checkConnect(Native Method)
	at sun.nio.ch.SocketChannelImpl.finishConnect(SocketChannelImpl.java:717)
	at org.apache.ratis.thirdparty.io.netty.channel.socket.nio.NioSocketChannel.doFinishConnect(NioSocketChannel.java:327)
	at org.apache.ratis.thirdparty.io.netty.channel.nio.AbstractNioChannel$AbstractNioUnsafe.finishConnect(AbstractNioChannel.java:340)
	at org.apache.ratis.thirdparty.io.netty.channel.nio.NioEventLoop.processSelectedKey(NioEventLoop.java:632)
	at org.apache.ratis.thirdparty.io.netty.channel.nio.NioEventLoop.processSelectedKeysOptimized(NioEventLoop.java:579)
	at org.apache.ratis.thirdparty.io.netty.channel.nio.NioEventLoop.processSelectedKeys(NioEventLoop.java:496)
	at org.apache.ratis.thirdparty.io.netty.channel.nio.NioEventLoop.run(NioEventLoop.java:458)
	at org.apache.ratis.thirdparty.io.netty.util.concurrent.SingleThreadEventExecutor$5.run(SingleThreadEventExecutor.java:897)
	at org.apache.ratis.thirdparty.io.netty.util.concurrent.FastThreadLocalRunnable.run(FastThreadLocalRunnable.java:30)
	... 1 more
Caused by: java.net.ConnectException: Connection refused
	... 11 more
2019-11-14 15:11:24,784 [9ce1968d-df6d-4251-8f68-caf53c6f1d3e@group-3EC9F60C7CC4-LeaderElection201] INFO  impl.LeaderElection (LogUtils.java:infoOrTrace(149)) - 9ce1968d-df6d-4251-8f68-caf53c6f1d3e@group-3EC9F60C7CC4-LeaderElection201 got exception when requesting votes: {}
java.util.concurrent.ExecutionException: org.apache.ratis.thirdparty.io.grpc.StatusRuntimeException: UNAVAILABLE: io exception
	at java.util.concurrent.FutureTask.report(FutureTask.java:122)
	at java.util.concurrent.FutureTask.get(FutureTask.java:192)
	at org.apache.ratis.server.impl.LeaderElection.waitForResults(LeaderElection.java:259)
	at org.apache.ratis.server.impl.LeaderElection.askForVotes(LeaderElection.java:197)
	at org.apache.ratis.server.impl.LeaderElection.run(LeaderElection.java:133)
	at java.lang.Thread.run(Thread.java:748)
Caused by: org.apache.ratis.thirdparty.io.grpc.StatusRuntimeException: UNAVAILABLE: io exception
	at org.apache.ratis.thirdparty.io.grpc.stub.ClientCalls.toStatusRuntimeException(ClientCalls.java:233)
	at org.apache.ratis.thirdparty.io.grpc.stub.ClientCalls.getUnchecked(ClientCalls.java:214)
	at org.apache.ratis.thirdparty.io.grpc.stub.ClientCalls.blockingUnaryCall(ClientCalls.java:139)
	at org.apache.ratis.proto.grpc.RaftServerProtocolServiceGrpc$RaftServerProtocolServiceBlockingStub.requestVote(RaftServerProtocolServiceGrpc.java:265)
	at org.apache.ratis.grpc.server.GrpcServerProtocolClient.requestVote(GrpcServerProtocolClient.java:99)
	at org.apache.ratis.grpc.server.GrpcService.requestVote(GrpcService.java:204)
	at org.apache.ratis.server.impl.LeaderElection.lambda$submitRequests$1(LeaderElection.java:234)
	at java.util.concurrent.FutureTask.run(FutureTask.java:266)
	at java.util.concurrent.Executors$RunnableAdapter.call(Executors.java:511)
	at java.util.concurrent.FutureTask.run(FutureTask.java:266)
	at java.util.concurrent.ThreadPoolExecutor.runWorker(ThreadPoolExecutor.java:1149)
	at java.util.concurrent.ThreadPoolExecutor$Worker.run(ThreadPoolExecutor.java:624)
	... 1 more
Caused by: org.apache.ratis.thirdparty.io.netty.channel.AbstractChannel$AnnotatedConnectException: Connection refused: /192.168.34.62:37954
	at sun.nio.ch.SocketChannelImpl.checkConnect(Native Method)
	at sun.nio.ch.SocketChannelImpl.finishConnect(SocketChannelImpl.java:717)
	at org.apache.ratis.thirdparty.io.netty.channel.socket.nio.NioSocketChannel.doFinishConnect(NioSocketChannel.java:327)
	at org.apache.ratis.thirdparty.io.netty.channel.nio.AbstractNioChannel$AbstractNioUnsafe.finishConnect(AbstractNioChannel.java:340)
	at org.apache.ratis.thirdparty.io.netty.channel.nio.NioEventLoop.processSelectedKey(NioEventLoop.java:632)
	at org.apache.ratis.thirdparty.io.netty.channel.nio.NioEventLoop.processSelectedKeysOptimized(NioEventLoop.java:579)
	at org.apache.ratis.thirdparty.io.netty.channel.nio.NioEventLoop.processSelectedKeys(NioEventLoop.java:496)
	at org.apache.ratis.thirdparty.io.netty.channel.nio.NioEventLoop.run(NioEventLoop.java:458)
	at org.apache.ratis.thirdparty.io.netty.util.concurrent.SingleThreadEventExecutor$5.run(SingleThreadEventExecutor.java:897)
	at org.apache.ratis.thirdparty.io.netty.util.concurrent.FastThreadLocalRunnable.run(FastThreadLocalRunnable.java:30)
	... 1 more
Caused by: java.net.ConnectException: Connection refused
	... 11 more
2019-11-14 15:11:24,784 [9ce1968d-df6d-4251-8f68-caf53c6f1d3e@group-3EC9F60C7CC4-LeaderElection201] INFO  impl.LeaderElection (LeaderElection.java:logAndReturn(56)) - 9ce1968d-df6d-4251-8f68-caf53c6f1d3e@group-3EC9F60C7CC4-LeaderElection201: Election REJECTED; received 0 response(s) [] and 2 exception(s); 9ce1968d-df6d-4251-8f68-caf53c6f1d3e@group-3EC9F60C7CC4:t3, leader=null, voted=9ce1968d-df6d-4251-8f68-caf53c6f1d3e, raftlog=9ce1968d-df6d-4251-8f68-caf53c6f1d3e@group-3EC9F60C7CC4-SegmentedRaftLog:OPENED:c2,f2,i2, conf=1: [ee222113-7cfa-4d93-ae35-60587bc46978:192.168.34.62:36461, 9ce1968d-df6d-4251-8f68-caf53c6f1d3e:192.168.34.62:35975, c45d92cd-1d84-4e39-b22b-e775d9180271:192.168.34.62:37954], old=null
2019-11-14 15:11:24,784 [9ce1968d-df6d-4251-8f68-caf53c6f1d3e@group-3EC9F60C7CC4-LeaderElection201] INFO  impl.LeaderElection (LogUtils.java:infoOrTrace(149)) -   Exception 0: {}
java.util.concurrent.ExecutionException: org.apache.ratis.thirdparty.io.grpc.StatusRuntimeException: UNAVAILABLE: io exception
	at java.util.concurrent.FutureTask.report(FutureTask.java:122)
	at java.util.concurrent.FutureTask.get(FutureTask.java:192)
	at org.apache.ratis.server.impl.LeaderElection.waitForResults(LeaderElection.java:259)
	at org.apache.ratis.server.impl.LeaderElection.askForVotes(LeaderElection.java:197)
	at org.apache.ratis.server.impl.LeaderElection.run(LeaderElection.java:133)
	at java.lang.Thread.run(Thread.java:748)
Caused by: org.apache.ratis.thirdparty.io.grpc.StatusRuntimeException: UNAVAILABLE: io exception
	at org.apache.ratis.thirdparty.io.grpc.stub.ClientCalls.toStatusRuntimeException(ClientCalls.java:233)
	at org.apache.ratis.thirdparty.io.grpc.stub.ClientCalls.getUnchecked(ClientCalls.java:214)
	at org.apache.ratis.thirdparty.io.grpc.stub.ClientCalls.blockingUnaryCall(ClientCalls.java:139)
	at org.apache.ratis.proto.grpc.RaftServerProtocolServiceGrpc$RaftServerProtocolServiceBlockingStub.requestVote(RaftServerProtocolServiceGrpc.java:265)
	at org.apache.ratis.grpc.server.GrpcServerProtocolClient.requestVote(GrpcServerProtocolClient.java:99)
	at org.apache.ratis.grpc.server.GrpcService.requestVote(GrpcService.java:204)
	at org.apache.ratis.server.impl.LeaderElection.lambda$submitRequests$1(LeaderElection.java:234)
	at java.util.concurrent.FutureTask.run(FutureTask.java:266)
	at java.util.concurrent.Executors$RunnableAdapter.call(Executors.java:511)
	at java.util.concurrent.FutureTask.run(FutureTask.java:266)
	at java.util.concurrent.ThreadPoolExecutor.runWorker(ThreadPoolExecutor.java:1149)
	at java.util.concurrent.ThreadPoolExecutor$Worker.run(ThreadPoolExecutor.java:624)
	... 1 more
Caused by: org.apache.ratis.thirdparty.io.netty.channel.AbstractChannel$AnnotatedConnectException: Connection refused: /192.168.34.62:36461
	at sun.nio.ch.SocketChannelImpl.checkConnect(Native Method)
	at sun.nio.ch.SocketChannelImpl.finishConnect(SocketChannelImpl.java:717)
	at org.apache.ratis.thirdparty.io.netty.channel.socket.nio.NioSocketChannel.doFinishConnect(NioSocketChannel.java:327)
	at org.apache.ratis.thirdparty.io.netty.channel.nio.AbstractNioChannel$AbstractNioUnsafe.finishConnect(AbstractNioChannel.java:340)
	at org.apache.ratis.thirdparty.io.netty.channel.nio.NioEventLoop.processSelectedKey(NioEventLoop.java:632)
	at org.apache.ratis.thirdparty.io.netty.channel.nio.NioEventLoop.processSelectedKeysOptimized(NioEventLoop.java:579)
	at org.apache.ratis.thirdparty.io.netty.channel.nio.NioEventLoop.processSelectedKeys(NioEventLoop.java:496)
	at org.apache.ratis.thirdparty.io.netty.channel.nio.NioEventLoop.run(NioEventLoop.java:458)
	at org.apache.ratis.thirdparty.io.netty.util.concurrent.SingleThreadEventExecutor$5.run(SingleThreadEventExecutor.java:897)
	at org.apache.ratis.thirdparty.io.netty.util.concurrent.FastThreadLocalRunnable.run(FastThreadLocalRunnable.java:30)
	... 1 more
Caused by: java.net.ConnectException: Connection refused
	... 11 more
2019-11-14 15:11:24,785 [9ce1968d-df6d-4251-8f68-caf53c6f1d3e@group-3EC9F60C7CC4-LeaderElection201] INFO  impl.LeaderElection (LogUtils.java:infoOrTrace(149)) -   Exception 1: {}
java.util.concurrent.ExecutionException: org.apache.ratis.thirdparty.io.grpc.StatusRuntimeException: UNAVAILABLE: io exception
	at java.util.concurrent.FutureTask.report(FutureTask.java:122)
	at java.util.concurrent.FutureTask.get(FutureTask.java:192)
	at org.apache.ratis.server.impl.LeaderElection.waitForResults(LeaderElection.java:259)
	at org.apache.ratis.server.impl.LeaderElection.askForVotes(LeaderElection.java:197)
	at org.apache.ratis.server.impl.LeaderElection.run(LeaderElection.java:133)
	at java.lang.Thread.run(Thread.java:748)
Caused by: org.apache.ratis.thirdparty.io.grpc.StatusRuntimeException: UNAVAILABLE: io exception
	at org.apache.ratis.thirdparty.io.grpc.stub.ClientCalls.toStatusRuntimeException(ClientCalls.java:233)
	at org.apache.ratis.thirdparty.io.grpc.stub.ClientCalls.getUnchecked(ClientCalls.java:214)
	at org.apache.ratis.thirdparty.io.grpc.stub.ClientCalls.blockingUnaryCall(ClientCalls.java:139)
	at org.apache.ratis.proto.grpc.RaftServerProtocolServiceGrpc$RaftServerProtocolServiceBlockingStub.requestVote(RaftServerProtocolServiceGrpc.java:265)
	at org.apache.ratis.grpc.server.GrpcServerProtocolClient.requestVote(GrpcServerProtocolClient.java:99)
	at org.apache.ratis.grpc.server.GrpcService.requestVote(GrpcService.java:204)
	at org.apache.ratis.server.impl.LeaderElection.lambda$submitRequests$1(LeaderElection.java:234)
	at java.util.concurrent.FutureTask.run(FutureTask.java:266)
	at java.util.concurrent.Executors$RunnableAdapter.call(Executors.java:511)
	at java.util.concurrent.FutureTask.run(FutureTask.java:266)
	at java.util.concurrent.ThreadPoolExecutor.runWorker(ThreadPoolExecutor.java:1149)
	at java.util.concurrent.ThreadPoolExecutor$Worker.run(ThreadPoolExecutor.java:624)
	... 1 more
Caused by: org.apache.ratis.thirdparty.io.netty.channel.AbstractChannel$AnnotatedConnectException: Connection refused: /192.168.34.62:37954
	at sun.nio.ch.SocketChannelImpl.checkConnect(Native Method)
	at sun.nio.ch.SocketChannelImpl.finishConnect(SocketChannelImpl.java:717)
	at org.apache.ratis.thirdparty.io.netty.channel.socket.nio.NioSocketChannel.doFinishConnect(NioSocketChannel.java:327)
	at org.apache.ratis.thirdparty.io.netty.channel.nio.AbstractNioChannel$AbstractNioUnsafe.finishConnect(AbstractNioChannel.java:340)
	at org.apache.ratis.thirdparty.io.netty.channel.nio.NioEventLoop.processSelectedKey(NioEventLoop.java:632)
	at org.apache.ratis.thirdparty.io.netty.channel.nio.NioEventLoop.processSelectedKeysOptimized(NioEventLoop.java:579)
	at org.apache.ratis.thirdparty.io.netty.channel.nio.NioEventLoop.processSelectedKeys(NioEventLoop.java:496)
	at org.apache.ratis.thirdparty.io.netty.channel.nio.NioEventLoop.run(NioEventLoop.java:458)
	at org.apache.ratis.thirdparty.io.netty.util.concurrent.SingleThreadEventExecutor$5.run(SingleThreadEventExecutor.java:897)
	at org.apache.ratis.thirdparty.io.netty.util.concurrent.FastThreadLocalRunnable.run(FastThreadLocalRunnable.java:30)
	... 1 more
Caused by: java.net.ConnectException: Connection refused
	... 11 more
2019-11-14 15:11:24,785 [9ce1968d-df6d-4251-8f68-caf53c6f1d3e@group-3EC9F60C7CC4-LeaderElection201] INFO  impl.RaftServerImpl (RaftServerImpl.java:setRole(173)) - 9ce1968d-df6d-4251-8f68-caf53c6f1d3e@group-3EC9F60C7CC4: changes role from CANDIDATE to FOLLOWER at term 3 for DISCOVERED_A_NEW_TERM
2019-11-14 15:11:24,785 [9ce1968d-df6d-4251-8f68-caf53c6f1d3e@group-3EC9F60C7CC4-LeaderElection201] INFO  impl.RoleInfo (RoleInfo.java:shutdownLeaderElection(134)) - 9ce1968d-df6d-4251-8f68-caf53c6f1d3e: shutdown LeaderElection
2019-11-14 15:11:24,785 [9ce1968d-df6d-4251-8f68-caf53c6f1d3e@group-3EC9F60C7CC4-LeaderElection201] INFO  impl.RoleInfo (RoleInfo.java:updateAndGet(143)) - 9ce1968d-df6d-4251-8f68-caf53c6f1d3e: start FollowerState
2019-11-14 15:11:25,130 [grpc-default-executor-3] WARN  server.GrpcLogAppender (LogUtils.java:warn(134)) - fdb64a2a-711d-4b74-a4a4-cacd6c2cad61@group-81275DA7FAB4->34d60e7e-1049-4636-b4f7-69f15bd98c31-AppendLogResponseHandler: Failed appendEntries: org.apache.ratis.thirdparty.io.grpc.StatusRuntimeException: UNAVAILABLE: io exception
2019-11-14 15:11:25,130 [grpc-default-executor-3] INFO  impl.FollowerInfo (FollowerInfo.java:lambda$new$0(51)) - fdb64a2a-711d-4b74-a4a4-cacd6c2cad61@group-81275DA7FAB4->34d60e7e-1049-4636-b4f7-69f15bd98c31: nextIndex: updateUnconditionally 3 -> 2
2019-11-14 15:11:25,630 [grpc-default-executor-0] WARN  server.GrpcLogAppender (LogUtils.java:warn(134)) - fdb64a2a-711d-4b74-a4a4-cacd6c2cad61@group-81275DA7FAB4->34d60e7e-1049-4636-b4f7-69f15bd98c31-AppendLogResponseHandler: Failed appendEntries: org.apache.ratis.thirdparty.io.grpc.StatusRuntimeException: UNAVAILABLE: io exception
2019-11-14 15:11:25,631 [grpc-default-executor-0] INFO  impl.FollowerInfo (FollowerInfo.java:lambda$new$0(51)) - fdb64a2a-711d-4b74-a4a4-cacd6c2cad61@group-81275DA7FAB4->34d60e7e-1049-4636-b4f7-69f15bd98c31: nextIndex: updateUnconditionally 2 -> 1
2019-11-14 15:11:25,979 [Thread-4601] INFO  impl.FollowerState (FollowerState.java:run(111)) - 9ce1968d-df6d-4251-8f68-caf53c6f1d3e@group-3EC9F60C7CC4-FollowerState: change to CANDIDATE, lastRpcTime:1194ms, electionTimeout:1194ms
2019-11-14 15:11:25,980 [Thread-4601] INFO  impl.RoleInfo (RoleInfo.java:shutdownFollowerState(121)) - 9ce1968d-df6d-4251-8f68-caf53c6f1d3e: shutdown FollowerState
2019-11-14 15:11:25,980 [Thread-4601] INFO  impl.RaftServerImpl (RaftServerImpl.java:setRole(173)) - 9ce1968d-df6d-4251-8f68-caf53c6f1d3e@group-3EC9F60C7CC4: changes role from  FOLLOWER to CANDIDATE at term 3 for changeToCandidate
2019-11-14 15:11:25,980 [Thread-4601] INFO  impl.RoleInfo (RoleInfo.java:updateAndGet(143)) - 9ce1968d-df6d-4251-8f68-caf53c6f1d3e: start LeaderElection
2019-11-14 15:11:25,994 [9ce1968d-df6d-4251-8f68-caf53c6f1d3e@group-3EC9F60C7CC4-LeaderElection202] INFO  impl.LeaderElection (LeaderElection.java:askForVotes(178)) - 9ce1968d-df6d-4251-8f68-caf53c6f1d3e@group-3EC9F60C7CC4-LeaderElection202: begin an election at term 4 for 1: [ee222113-7cfa-4d93-ae35-60587bc46978:192.168.34.62:36461, 9ce1968d-df6d-4251-8f68-caf53c6f1d3e:192.168.34.62:35975, c45d92cd-1d84-4e39-b22b-e775d9180271:192.168.34.62:37954], old=null
2019-11-14 15:11:25,996 [9ce1968d-df6d-4251-8f68-caf53c6f1d3e@group-3EC9F60C7CC4-LeaderElection202] INFO  impl.LeaderElection (LogUtils.java:infoOrTrace(149)) - 9ce1968d-df6d-4251-8f68-caf53c6f1d3e@group-3EC9F60C7CC4-LeaderElection202 got exception when requesting votes: {}
java.util.concurrent.ExecutionException: org.apache.ratis.thirdparty.io.grpc.StatusRuntimeException: UNAVAILABLE: io exception
	at java.util.concurrent.FutureTask.report(FutureTask.java:122)
	at java.util.concurrent.FutureTask.get(FutureTask.java:192)
	at org.apache.ratis.server.impl.LeaderElection.waitForResults(LeaderElection.java:259)
	at org.apache.ratis.server.impl.LeaderElection.askForVotes(LeaderElection.java:197)
	at org.apache.ratis.server.impl.LeaderElection.run(LeaderElection.java:133)
	at java.lang.Thread.run(Thread.java:748)
Caused by: org.apache.ratis.thirdparty.io.grpc.StatusRuntimeException: UNAVAILABLE: io exception
	at org.apache.ratis.thirdparty.io.grpc.stub.ClientCalls.toStatusRuntimeException(ClientCalls.java:233)
	at org.apache.ratis.thirdparty.io.grpc.stub.ClientCalls.getUnchecked(ClientCalls.java:214)
	at org.apache.ratis.thirdparty.io.grpc.stub.ClientCalls.blockingUnaryCall(ClientCalls.java:139)
	at org.apache.ratis.proto.grpc.RaftServerProtocolServiceGrpc$RaftServerProtocolServiceBlockingStub.requestVote(RaftServerProtocolServiceGrpc.java:265)
	at org.apache.ratis.grpc.server.GrpcServerProtocolClient.requestVote(GrpcServerProtocolClient.java:99)
	at org.apache.ratis.grpc.server.GrpcService.requestVote(GrpcService.java:204)
	at org.apache.ratis.server.impl.LeaderElection.lambda$submitRequests$1(LeaderElection.java:234)
	at java.util.concurrent.FutureTask.run(FutureTask.java:266)
	at java.util.concurrent.Executors$RunnableAdapter.call(Executors.java:511)
	at java.util.concurrent.FutureTask.run(FutureTask.java:266)
	at java.util.concurrent.ThreadPoolExecutor.runWorker(ThreadPoolExecutor.java:1149)
	at java.util.concurrent.ThreadPoolExecutor$Worker.run(ThreadPoolExecutor.java:624)
	... 1 more
Caused by: org.apache.ratis.thirdparty.io.netty.channel.AbstractChannel$AnnotatedConnectException: Connection refused: /192.168.34.62:37954
	at sun.nio.ch.SocketChannelImpl.checkConnect(Native Method)
	at sun.nio.ch.SocketChannelImpl.finishConnect(SocketChannelImpl.java:717)
	at org.apache.ratis.thirdparty.io.netty.channel.socket.nio.NioSocketChannel.doFinishConnect(NioSocketChannel.java:327)
	at org.apache.ratis.thirdparty.io.netty.channel.nio.AbstractNioChannel$AbstractNioUnsafe.finishConnect(AbstractNioChannel.java:340)
	at org.apache.ratis.thirdparty.io.netty.channel.nio.NioEventLoop.processSelectedKey(NioEventLoop.java:632)
	at org.apache.ratis.thirdparty.io.netty.channel.nio.NioEventLoop.processSelectedKeysOptimized(NioEventLoop.java:579)
	at org.apache.ratis.thirdparty.io.netty.channel.nio.NioEventLoop.processSelectedKeys(NioEventLoop.java:496)
	at org.apache.ratis.thirdparty.io.netty.channel.nio.NioEventLoop.run(NioEventLoop.java:458)
	at org.apache.ratis.thirdparty.io.netty.util.concurrent.SingleThreadEventExecutor$5.run(SingleThreadEventExecutor.java:897)
	at org.apache.ratis.thirdparty.io.netty.util.concurrent.FastThreadLocalRunnable.run(FastThreadLocalRunnable.java:30)
	... 1 more
Caused by: java.net.ConnectException: Connection refused
	... 11 more
2019-11-14 15:11:25,996 [9ce1968d-df6d-4251-8f68-caf53c6f1d3e@group-3EC9F60C7CC4-LeaderElection202] INFO  impl.LeaderElection (LogUtils.java:infoOrTrace(149)) - 9ce1968d-df6d-4251-8f68-caf53c6f1d3e@group-3EC9F60C7CC4-LeaderElection202 got exception when requesting votes: {}
java.util.concurrent.ExecutionException: org.apache.ratis.thirdparty.io.grpc.StatusRuntimeException: UNAVAILABLE: io exception
	at java.util.concurrent.FutureTask.report(FutureTask.java:122)
	at java.util.concurrent.FutureTask.get(FutureTask.java:192)
	at org.apache.ratis.server.impl.LeaderElection.waitForResults(LeaderElection.java:259)
	at org.apache.ratis.server.impl.LeaderElection.askForVotes(LeaderElection.java:197)
	at org.apache.ratis.server.impl.LeaderElection.run(LeaderElection.java:133)
	at java.lang.Thread.run(Thread.java:748)
Caused by: org.apache.ratis.thirdparty.io.grpc.StatusRuntimeException: UNAVAILABLE: io exception
	at org.apache.ratis.thirdparty.io.grpc.stub.ClientCalls.toStatusRuntimeException(ClientCalls.java:233)
	at org.apache.ratis.thirdparty.io.grpc.stub.ClientCalls.getUnchecked(ClientCalls.java:214)
	at org.apache.ratis.thirdparty.io.grpc.stub.ClientCalls.blockingUnaryCall(ClientCalls.java:139)
	at org.apache.ratis.proto.grpc.RaftServerProtocolServiceGrpc$RaftServerProtocolServiceBlockingStub.requestVote(RaftServerProtocolServiceGrpc.java:265)
	at org.apache.ratis.grpc.server.GrpcServerProtocolClient.requestVote(GrpcServerProtocolClient.java:99)
	at org.apache.ratis.grpc.server.GrpcService.requestVote(GrpcService.java:204)
	at org.apache.ratis.server.impl.LeaderElection.lambda$submitRequests$1(LeaderElection.java:234)
	at java.util.concurrent.FutureTask.run(FutureTask.java:266)
	at java.util.concurrent.Executors$RunnableAdapter.call(Executors.java:511)
	at java.util.concurrent.FutureTask.run(FutureTask.java:266)
	at java.util.concurrent.ThreadPoolExecutor.runWorker(ThreadPoolExecutor.java:1149)
	at java.util.concurrent.ThreadPoolExecutor$Worker.run(ThreadPoolExecutor.java:624)
	... 1 more
Caused by: org.apache.ratis.thirdparty.io.netty.channel.AbstractChannel$AnnotatedConnectException: Connection refused: /192.168.34.62:36461
	at sun.nio.ch.SocketChannelImpl.checkConnect(Native Method)
	at sun.nio.ch.SocketChannelImpl.finishConnect(SocketChannelImpl.java:717)
	at org.apache.ratis.thirdparty.io.netty.channel.socket.nio.NioSocketChannel.doFinishConnect(NioSocketChannel.java:327)
	at org.apache.ratis.thirdparty.io.netty.channel.nio.AbstractNioChannel$AbstractNioUnsafe.finishConnect(AbstractNioChannel.java:340)
	at org.apache.ratis.thirdparty.io.netty.channel.nio.NioEventLoop.processSelectedKey(NioEventLoop.java:632)
	at org.apache.ratis.thirdparty.io.netty.channel.nio.NioEventLoop.processSelectedKeysOptimized(NioEventLoop.java:579)
	at org.apache.ratis.thirdparty.io.netty.channel.nio.NioEventLoop.processSelectedKeys(NioEventLoop.java:496)
	at org.apache.ratis.thirdparty.io.netty.channel.nio.NioEventLoop.run(NioEventLoop.java:458)
	at org.apache.ratis.thirdparty.io.netty.util.concurrent.SingleThreadEventExecutor$5.run(SingleThreadEventExecutor.java:897)
	at org.apache.ratis.thirdparty.io.netty.util.concurrent.FastThreadLocalRunnable.run(FastThreadLocalRunnable.java:30)
	... 1 more
Caused by: java.net.ConnectException: Connection refused
	... 11 more
2019-11-14 15:11:25,997 [9ce1968d-df6d-4251-8f68-caf53c6f1d3e@group-3EC9F60C7CC4-LeaderElection202] INFO  impl.LeaderElection (LeaderElection.java:logAndReturn(56)) - 9ce1968d-df6d-4251-8f68-caf53c6f1d3e@group-3EC9F60C7CC4-LeaderElection202: Election REJECTED; received 0 response(s) [] and 2 exception(s); 9ce1968d-df6d-4251-8f68-caf53c6f1d3e@group-3EC9F60C7CC4:t4, leader=null, voted=9ce1968d-df6d-4251-8f68-caf53c6f1d3e, raftlog=9ce1968d-df6d-4251-8f68-caf53c6f1d3e@group-3EC9F60C7CC4-SegmentedRaftLog:OPENED:c2,f2,i2, conf=1: [ee222113-7cfa-4d93-ae35-60587bc46978:192.168.34.62:36461, 9ce1968d-df6d-4251-8f68-caf53c6f1d3e:192.168.34.62:35975, c45d92cd-1d84-4e39-b22b-e775d9180271:192.168.34.62:37954], old=null
2019-11-14 15:11:25,997 [9ce1968d-df6d-4251-8f68-caf53c6f1d3e@group-3EC9F60C7CC4-LeaderElection202] INFO  impl.LeaderElection (LogUtils.java:infoOrTrace(149)) -   Exception 0: {}
java.util.concurrent.ExecutionException: org.apache.ratis.thirdparty.io.grpc.StatusRuntimeException: UNAVAILABLE: io exception
	at java.util.concurrent.FutureTask.report(FutureTask.java:122)
	at java.util.concurrent.FutureTask.get(FutureTask.java:192)
	at org.apache.ratis.server.impl.LeaderElection.waitForResults(LeaderElection.java:259)
	at org.apache.ratis.server.impl.LeaderElection.askForVotes(LeaderElection.java:197)
	at org.apache.ratis.server.impl.LeaderElection.run(LeaderElection.java:133)
	at java.lang.Thread.run(Thread.java:748)
Caused by: org.apache.ratis.thirdparty.io.grpc.StatusRuntimeException: UNAVAILABLE: io exception
	at org.apache.ratis.thirdparty.io.grpc.stub.ClientCalls.toStatusRuntimeException(ClientCalls.java:233)
	at org.apache.ratis.thirdparty.io.grpc.stub.ClientCalls.getUnchecked(ClientCalls.java:214)
	at org.apache.ratis.thirdparty.io.grpc.stub.ClientCalls.blockingUnaryCall(ClientCalls.java:139)
	at org.apache.ratis.proto.grpc.RaftServerProtocolServiceGrpc$RaftServerProtocolServiceBlockingStub.requestVote(RaftServerProtocolServiceGrpc.java:265)
	at org.apache.ratis.grpc.server.GrpcServerProtocolClient.requestVote(GrpcServerProtocolClient.java:99)
	at org.apache.ratis.grpc.server.GrpcService.requestVote(GrpcService.java:204)
	at org.apache.ratis.server.impl.LeaderElection.lambda$submitRequests$1(LeaderElection.java:234)
	at java.util.concurrent.FutureTask.run(FutureTask.java:266)
	at java.util.concurrent.Executors$RunnableAdapter.call(Executors.java:511)
	at java.util.concurrent.FutureTask.run(FutureTask.java:266)
	at java.util.concurrent.ThreadPoolExecutor.runWorker(ThreadPoolExecutor.java:1149)
	at java.util.concurrent.ThreadPoolExecutor$Worker.run(ThreadPoolExecutor.java:624)
	... 1 more
Caused by: org.apache.ratis.thirdparty.io.netty.channel.AbstractChannel$AnnotatedConnectException: Connection refused: /192.168.34.62:37954
	at sun.nio.ch.SocketChannelImpl.checkConnect(Native Method)
	at sun.nio.ch.SocketChannelImpl.finishConnect(SocketChannelImpl.java:717)
	at org.apache.ratis.thirdparty.io.netty.channel.socket.nio.NioSocketChannel.doFinishConnect(NioSocketChannel.java:327)
	at org.apache.ratis.thirdparty.io.netty.channel.nio.AbstractNioChannel$AbstractNioUnsafe.finishConnect(AbstractNioChannel.java:340)
	at org.apache.ratis.thirdparty.io.netty.channel.nio.NioEventLoop.processSelectedKey(NioEventLoop.java:632)
	at org.apache.ratis.thirdparty.io.netty.channel.nio.NioEventLoop.processSelectedKeysOptimized(NioEventLoop.java:579)
	at org.apache.ratis.thirdparty.io.netty.channel.nio.NioEventLoop.processSelectedKeys(NioEventLoop.java:496)
	at org.apache.ratis.thirdparty.io.netty.channel.nio.NioEventLoop.run(NioEventLoop.java:458)
	at org.apache.ratis.thirdparty.io.netty.util.concurrent.SingleThreadEventExecutor$5.run(SingleThreadEventExecutor.java:897)
	at org.apache.ratis.thirdparty.io.netty.util.concurrent.FastThreadLocalRunnable.run(FastThreadLocalRunnable.java:30)
	... 1 more
Caused by: java.net.ConnectException: Connection refused
	... 11 more
2019-11-14 15:11:25,997 [9ce1968d-df6d-4251-8f68-caf53c6f1d3e@group-3EC9F60C7CC4-LeaderElection202] INFO  impl.LeaderElection (LogUtils.java:infoOrTrace(149)) -   Exception 1: {}
java.util.concurrent.ExecutionException: org.apache.ratis.thirdparty.io.grpc.StatusRuntimeException: UNAVAILABLE: io exception
	at java.util.concurrent.FutureTask.report(FutureTask.java:122)
	at java.util.concurrent.FutureTask.get(FutureTask.java:192)
	at org.apache.ratis.server.impl.LeaderElection.waitForResults(LeaderElection.java:259)
	at org.apache.ratis.server.impl.LeaderElection.askForVotes(LeaderElection.java:197)
	at org.apache.ratis.server.impl.LeaderElection.run(LeaderElection.java:133)
	at java.lang.Thread.run(Thread.java:748)
Caused by: org.apache.ratis.thirdparty.io.grpc.StatusRuntimeException: UNAVAILABLE: io exception
	at org.apache.ratis.thirdparty.io.grpc.stub.ClientCalls.toStatusRuntimeException(ClientCalls.java:233)
	at org.apache.ratis.thirdparty.io.grpc.stub.ClientCalls.getUnchecked(ClientCalls.java:214)
	at org.apache.ratis.thirdparty.io.grpc.stub.ClientCalls.blockingUnaryCall(ClientCalls.java:139)
	at org.apache.ratis.proto.grpc.RaftServerProtocolServiceGrpc$RaftServerProtocolServiceBlockingStub.requestVote(RaftServerProtocolServiceGrpc.java:265)
	at org.apache.ratis.grpc.server.GrpcServerProtocolClient.requestVote(GrpcServerProtocolClient.java:99)
	at org.apache.ratis.grpc.server.GrpcService.requestVote(GrpcService.java:204)
	at org.apache.ratis.server.impl.LeaderElection.lambda$submitRequests$1(LeaderElection.java:234)
	at java.util.concurrent.FutureTask.run(FutureTask.java:266)
	at java.util.concurrent.Executors$RunnableAdapter.call(Executors.java:511)
	at java.util.concurrent.FutureTask.run(FutureTask.java:266)
	at java.util.concurrent.ThreadPoolExecutor.runWorker(ThreadPoolExecutor.java:1149)
	at java.util.concurrent.ThreadPoolExecutor$Worker.run(ThreadPoolExecutor.java:624)
	... 1 more
Caused by: org.apache.ratis.thirdparty.io.netty.channel.AbstractChannel$AnnotatedConnectException: Connection refused: /192.168.34.62:36461
	at sun.nio.ch.SocketChannelImpl.checkConnect(Native Method)
	at sun.nio.ch.SocketChannelImpl.finishConnect(SocketChannelImpl.java:717)
	at org.apache.ratis.thirdparty.io.netty.channel.socket.nio.NioSocketChannel.doFinishConnect(NioSocketChannel.java:327)
	at org.apache.ratis.thirdparty.io.netty.channel.nio.AbstractNioChannel$AbstractNioUnsafe.finishConnect(AbstractNioChannel.java:340)
	at org.apache.ratis.thirdparty.io.netty.channel.nio.NioEventLoop.processSelectedKey(NioEventLoop.java:632)
	at org.apache.ratis.thirdparty.io.netty.channel.nio.NioEventLoop.processSelectedKeysOptimized(NioEventLoop.java:579)
	at org.apache.ratis.thirdparty.io.netty.channel.nio.NioEventLoop.processSelectedKeys(NioEventLoop.java:496)
	at org.apache.ratis.thirdparty.io.netty.channel.nio.NioEventLoop.run(NioEventLoop.java:458)
	at org.apache.ratis.thirdparty.io.netty.util.concurrent.SingleThreadEventExecutor$5.run(SingleThreadEventExecutor.java:897)
	at org.apache.ratis.thirdparty.io.netty.util.concurrent.FastThreadLocalRunnable.run(FastThreadLocalRunnable.java:30)
	... 1 more
Caused by: java.net.ConnectException: Connection refused
	... 11 more
2019-11-14 15:11:25,997 [9ce1968d-df6d-4251-8f68-caf53c6f1d3e@group-3EC9F60C7CC4-LeaderElection202] INFO  impl.RaftServerImpl (RaftServerImpl.java:setRole(173)) - 9ce1968d-df6d-4251-8f68-caf53c6f1d3e@group-3EC9F60C7CC4: changes role from CANDIDATE to FOLLOWER at term 4 for DISCOVERED_A_NEW_TERM
2019-11-14 15:11:25,997 [9ce1968d-df6d-4251-8f68-caf53c6f1d3e@group-3EC9F60C7CC4-LeaderElection202] INFO  impl.RoleInfo (RoleInfo.java:shutdownLeaderElection(134)) - 9ce1968d-df6d-4251-8f68-caf53c6f1d3e: shutdown LeaderElection
2019-11-14 15:11:25,998 [9ce1968d-df6d-4251-8f68-caf53c6f1d3e@group-3EC9F60C7CC4-LeaderElection202] INFO  impl.RoleInfo (RoleInfo.java:updateAndGet(143)) - 9ce1968d-df6d-4251-8f68-caf53c6f1d3e: start FollowerState
2019-11-14 15:11:26,135 [grpc-default-executor-3] WARN  server.GrpcLogAppender (LogUtils.java:warn(134)) - fdb64a2a-711d-4b74-a4a4-cacd6c2cad61@group-81275DA7FAB4->34d60e7e-1049-4636-b4f7-69f15bd98c31-AppendLogResponseHandler: Failed appendEntries: org.apache.ratis.thirdparty.io.grpc.StatusRuntimeException: UNAVAILABLE: io exception
2019-11-14 15:11:26,136 [grpc-default-executor-3] INFO  impl.FollowerInfo (FollowerInfo.java:lambda$new$0(51)) - fdb64a2a-711d-4b74-a4a4-cacd6c2cad61@group-81275DA7FAB4->34d60e7e-1049-4636-b4f7-69f15bd98c31: nextIndex: updateUnconditionally 1 -> 0
2019-11-14 15:11:26,635 [grpc-default-executor-4] WARN  server.GrpcLogAppender (LogUtils.java:warn(134)) - fdb64a2a-711d-4b74-a4a4-cacd6c2cad61@group-81275DA7FAB4->34d60e7e-1049-4636-b4f7-69f15bd98c31-AppendLogResponseHandler: Failed appendEntries: org.apache.ratis.thirdparty.io.grpc.StatusRuntimeException: UNAVAILABLE: io exception
2019-11-14 15:11:26,635 [grpc-default-executor-4] INFO  impl.FollowerInfo (FollowerInfo.java:lambda$new$0(51)) - fdb64a2a-711d-4b74-a4a4-cacd6c2cad61@group-81275DA7FAB4->34d60e7e-1049-4636-b4f7-69f15bd98c31: nextIndex: updateUnconditionally 0 -> 0
2019-11-14 15:11:27,024 [Thread-4613] INFO  impl.FollowerState (FollowerState.java:run(111)) - 9ce1968d-df6d-4251-8f68-caf53c6f1d3e@group-3EC9F60C7CC4-FollowerState: change to CANDIDATE, lastRpcTime:1026ms, electionTimeout:1026ms
2019-11-14 15:11:27,024 [Thread-4613] INFO  impl.RoleInfo (RoleInfo.java:shutdownFollowerState(121)) - 9ce1968d-df6d-4251-8f68-caf53c6f1d3e: shutdown FollowerState
2019-11-14 15:11:27,024 [Thread-4613] INFO  impl.RaftServerImpl (RaftServerImpl.java:setRole(173)) - 9ce1968d-df6d-4251-8f68-caf53c6f1d3e@group-3EC9F60C7CC4: changes role from  FOLLOWER to CANDIDATE at term 4 for changeToCandidate
2019-11-14 15:11:27,025 [Thread-4613] INFO  impl.RoleInfo (RoleInfo.java:updateAndGet(143)) - 9ce1968d-df6d-4251-8f68-caf53c6f1d3e: start LeaderElection
2019-11-14 15:11:27,039 [9ce1968d-df6d-4251-8f68-caf53c6f1d3e@group-3EC9F60C7CC4-LeaderElection203] INFO  impl.LeaderElection (LeaderElection.java:askForVotes(178)) - 9ce1968d-df6d-4251-8f68-caf53c6f1d3e@group-3EC9F60C7CC4-LeaderElection203: begin an election at term 5 for 1: [ee222113-7cfa-4d93-ae35-60587bc46978:192.168.34.62:36461, 9ce1968d-df6d-4251-8f68-caf53c6f1d3e:192.168.34.62:35975, c45d92cd-1d84-4e39-b22b-e775d9180271:192.168.34.62:37954], old=null
2019-11-14 15:11:27,040 [9ce1968d-df6d-4251-8f68-caf53c6f1d3e@group-3EC9F60C7CC4-LeaderElection203] INFO  impl.LeaderElection (LogUtils.java:infoOrTrace(149)) - 9ce1968d-df6d-4251-8f68-caf53c6f1d3e@group-3EC9F60C7CC4-LeaderElection203 got exception when requesting votes: {}
java.util.concurrent.ExecutionException: org.apache.ratis.thirdparty.io.grpc.StatusRuntimeException: UNAVAILABLE: io exception
	at java.util.concurrent.FutureTask.report(FutureTask.java:122)
	at java.util.concurrent.FutureTask.get(FutureTask.java:192)
	at org.apache.ratis.server.impl.LeaderElection.waitForResults(LeaderElection.java:259)
	at org.apache.ratis.server.impl.LeaderElection.askForVotes(LeaderElection.java:197)
	at org.apache.ratis.server.impl.LeaderElection.run(LeaderElection.java:133)
	at java.lang.Thread.run(Thread.java:748)
Caused by: org.apache.ratis.thirdparty.io.grpc.StatusRuntimeException: UNAVAILABLE: io exception
	at org.apache.ratis.thirdparty.io.grpc.stub.ClientCalls.toStatusRuntimeException(ClientCalls.java:233)
	at org.apache.ratis.thirdparty.io.grpc.stub.ClientCalls.getUnchecked(ClientCalls.java:214)
	at org.apache.ratis.thirdparty.io.grpc.stub.ClientCalls.blockingUnaryCall(ClientCalls.java:139)
	at org.apache.ratis.proto.grpc.RaftServerProtocolServiceGrpc$RaftServerProtocolServiceBlockingStub.requestVote(RaftServerProtocolServiceGrpc.java:265)
	at org.apache.ratis.grpc.server.GrpcServerProtocolClient.requestVote(GrpcServerProtocolClient.java:99)
	at org.apache.ratis.grpc.server.GrpcService.requestVote(GrpcService.java:204)
	at org.apache.ratis.server.impl.LeaderElection.lambda$submitRequests$1(LeaderElection.java:234)
	at java.util.concurrent.FutureTask.run(FutureTask.java:266)
	at java.util.concurrent.Executors$RunnableAdapter.call(Executors.java:511)
	at java.util.concurrent.FutureTask.run(FutureTask.java:266)
	at java.util.concurrent.ThreadPoolExecutor.runWorker(ThreadPoolExecutor.java:1149)
	at java.util.concurrent.ThreadPoolExecutor$Worker.run(ThreadPoolExecutor.java:624)
	... 1 more
Caused by: org.apache.ratis.thirdparty.io.netty.channel.AbstractChannel$AnnotatedConnectException: Connection refused: /192.168.34.62:36461
	at sun.nio.ch.SocketChannelImpl.checkConnect(Native Method)
	at sun.nio.ch.SocketChannelImpl.finishConnect(SocketChannelImpl.java:717)
	at org.apache.ratis.thirdparty.io.netty.channel.socket.nio.NioSocketChannel.doFinishConnect(NioSocketChannel.java:327)
	at org.apache.ratis.thirdparty.io.netty.channel.nio.AbstractNioChannel$AbstractNioUnsafe.finishConnect(AbstractNioChannel.java:340)
	at org.apache.ratis.thirdparty.io.netty.channel.nio.NioEventLoop.processSelectedKey(NioEventLoop.java:632)
	at org.apache.ratis.thirdparty.io.netty.channel.nio.NioEventLoop.processSelectedKeysOptimized(NioEventLoop.java:579)
	at org.apache.ratis.thirdparty.io.netty.channel.nio.NioEventLoop.processSelectedKeys(NioEventLoop.java:496)
	at org.apache.ratis.thirdparty.io.netty.channel.nio.NioEventLoop.run(NioEventLoop.java:458)
	at org.apache.ratis.thirdparty.io.netty.util.concurrent.SingleThreadEventExecutor$5.run(SingleThreadEventExecutor.java:897)
	at org.apache.ratis.thirdparty.io.netty.util.concurrent.FastThreadLocalRunnable.run(FastThreadLocalRunnable.java:30)
	... 1 more
Caused by: java.net.ConnectException: Connection refused
	... 11 more
2019-11-14 15:11:27,040 [9ce1968d-df6d-4251-8f68-caf53c6f1d3e@group-3EC9F60C7CC4-LeaderElection203] INFO  impl.LeaderElection (LogUtils.java:infoOrTrace(149)) - 9ce1968d-df6d-4251-8f68-caf53c6f1d3e@group-3EC9F60C7CC4-LeaderElection203 got exception when requesting votes: {}
java.util.concurrent.ExecutionException: org.apache.ratis.thirdparty.io.grpc.StatusRuntimeException: UNAVAILABLE: io exception
	at java.util.concurrent.FutureTask.report(FutureTask.java:122)
	at java.util.concurrent.FutureTask.get(FutureTask.java:192)
	at org.apache.ratis.server.impl.LeaderElection.waitForResults(LeaderElection.java:259)
	at org.apache.ratis.server.impl.LeaderElection.askForVotes(LeaderElection.java:197)
	at org.apache.ratis.server.impl.LeaderElection.run(LeaderElection.java:133)
	at java.lang.Thread.run(Thread.java:748)
Caused by: org.apache.ratis.thirdparty.io.grpc.StatusRuntimeException: UNAVAILABLE: io exception
	at org.apache.ratis.thirdparty.io.grpc.stub.ClientCalls.toStatusRuntimeException(ClientCalls.java:233)
	at org.apache.ratis.thirdparty.io.grpc.stub.ClientCalls.getUnchecked(ClientCalls.java:214)
	at org.apache.ratis.thirdparty.io.grpc.stub.ClientCalls.blockingUnaryCall(ClientCalls.java:139)
	at org.apache.ratis.proto.grpc.RaftServerProtocolServiceGrpc$RaftServerProtocolServiceBlockingStub.requestVote(RaftServerProtocolServiceGrpc.java:265)
	at org.apache.ratis.grpc.server.GrpcServerProtocolClient.requestVote(GrpcServerProtocolClient.java:99)
	at org.apache.ratis.grpc.server.GrpcService.requestVote(GrpcService.java:204)
	at org.apache.ratis.server.impl.LeaderElection.lambda$submitRequests$1(LeaderElection.java:234)
	at java.util.concurrent.FutureTask.run(FutureTask.java:266)
	at java.util.concurrent.Executors$RunnableAdapter.call(Executors.java:511)
	at java.util.concurrent.FutureTask.run(FutureTask.java:266)
	at java.util.concurrent.ThreadPoolExecutor.runWorker(ThreadPoolExecutor.java:1149)
	at java.util.concurrent.ThreadPoolExecutor$Worker.run(ThreadPoolExecutor.java:624)
	... 1 more
Caused by: org.apache.ratis.thirdparty.io.netty.channel.AbstractChannel$AnnotatedConnectException: Connection refused: /192.168.34.62:37954
	at sun.nio.ch.SocketChannelImpl.checkConnect(Native Method)
	at sun.nio.ch.SocketChannelImpl.finishConnect(SocketChannelImpl.java:717)
	at org.apache.ratis.thirdparty.io.netty.channel.socket.nio.NioSocketChannel.doFinishConnect(NioSocketChannel.java:327)
	at org.apache.ratis.thirdparty.io.netty.channel.nio.AbstractNioChannel$AbstractNioUnsafe.finishConnect(AbstractNioChannel.java:340)
	at org.apache.ratis.thirdparty.io.netty.channel.nio.NioEventLoop.processSelectedKey(NioEventLoop.java:632)
	at org.apache.ratis.thirdparty.io.netty.channel.nio.NioEventLoop.processSelectedKeysOptimized(NioEventLoop.java:579)
	at org.apache.ratis.thirdparty.io.netty.channel.nio.NioEventLoop.processSelectedKeys(NioEventLoop.java:496)
	at org.apache.ratis.thirdparty.io.netty.channel.nio.NioEventLoop.run(NioEventLoop.java:458)
	at org.apache.ratis.thirdparty.io.netty.util.concurrent.SingleThreadEventExecutor$5.run(SingleThreadEventExecutor.java:897)
	at org.apache.ratis.thirdparty.io.netty.util.concurrent.FastThreadLocalRunnable.run(FastThreadLocalRunnable.java:30)
	... 1 more
Caused by: java.net.ConnectException: Connection refused
	... 11 more
2019-11-14 15:11:27,041 [9ce1968d-df6d-4251-8f68-caf53c6f1d3e@group-3EC9F60C7CC4-LeaderElection203] INFO  impl.LeaderElection (LeaderElection.java:logAndReturn(56)) - 9ce1968d-df6d-4251-8f68-caf53c6f1d3e@group-3EC9F60C7CC4-LeaderElection203: Election REJECTED; received 0 response(s) [] and 2 exception(s); 9ce1968d-df6d-4251-8f68-caf53c6f1d3e@group-3EC9F60C7CC4:t5, leader=null, voted=9ce1968d-df6d-4251-8f68-caf53c6f1d3e, raftlog=9ce1968d-df6d-4251-8f68-caf53c6f1d3e@group-3EC9F60C7CC4-SegmentedRaftLog:OPENED:c2,f2,i2, conf=1: [ee222113-7cfa-4d93-ae35-60587bc46978:192.168.34.62:36461, 9ce1968d-df6d-4251-8f68-caf53c6f1d3e:192.168.34.62:35975, c45d92cd-1d84-4e39-b22b-e775d9180271:192.168.34.62:37954], old=null
2019-11-14 15:11:27,041 [9ce1968d-df6d-4251-8f68-caf53c6f1d3e@group-3EC9F60C7CC4-LeaderElection203] INFO  impl.LeaderElection (LogUtils.java:infoOrTrace(149)) -   Exception 0: {}
java.util.concurrent.ExecutionException: org.apache.ratis.thirdparty.io.grpc.StatusRuntimeException: UNAVAILABLE: io exception
	at java.util.concurrent.FutureTask.report(FutureTask.java:122)
	at java.util.concurrent.FutureTask.get(FutureTask.java:192)
	at org.apache.ratis.server.impl.LeaderElection.waitForResults(LeaderElection.java:259)
	at org.apache.ratis.server.impl.LeaderElection.askForVotes(LeaderElection.java:197)
	at org.apache.ratis.server.impl.LeaderElection.run(LeaderElection.java:133)
	at java.lang.Thread.run(Thread.java:748)
Caused by: org.apache.ratis.thirdparty.io.grpc.StatusRuntimeException: UNAVAILABLE: io exception
	at org.apache.ratis.thirdparty.io.grpc.stub.ClientCalls.toStatusRuntimeException(ClientCalls.java:233)
	at org.apache.ratis.thirdparty.io.grpc.stub.ClientCalls.getUnchecked(ClientCalls.java:214)
	at org.apache.ratis.thirdparty.io.grpc.stub.ClientCalls.blockingUnaryCall(ClientCalls.java:139)
	at org.apache.ratis.proto.grpc.RaftServerProtocolServiceGrpc$RaftServerProtocolServiceBlockingStub.requestVote(RaftServerProtocolServiceGrpc.java:265)
	at org.apache.ratis.grpc.server.GrpcServerProtocolClient.requestVote(GrpcServerProtocolClient.java:99)
	at org.apache.ratis.grpc.server.GrpcService.requestVote(GrpcService.java:204)
	at org.apache.ratis.server.impl.LeaderElection.lambda$submitRequests$1(LeaderElection.java:234)
	at java.util.concurrent.FutureTask.run(FutureTask.java:266)
	at java.util.concurrent.Executors$RunnableAdapter.call(Executors.java:511)
	at java.util.concurrent.FutureTask.run(FutureTask.java:266)
	at java.util.concurrent.ThreadPoolExecutor.runWorker(ThreadPoolExecutor.java:1149)
	at java.util.concurrent.ThreadPoolExecutor$Worker.run(ThreadPoolExecutor.java:624)
	... 1 more
Caused by: org.apache.ratis.thirdparty.io.netty.channel.AbstractChannel$AnnotatedConnectException: Connection refused: /192.168.34.62:36461
	at sun.nio.ch.SocketChannelImpl.checkConnect(Native Method)
	at sun.nio.ch.SocketChannelImpl.finishConnect(SocketChannelImpl.java:717)
	at org.apache.ratis.thirdparty.io.netty.channel.socket.nio.NioSocketChannel.doFinishConnect(NioSocketChannel.java:327)
	at org.apache.ratis.thirdparty.io.netty.channel.nio.AbstractNioChannel$AbstractNioUnsafe.finishConnect(AbstractNioChannel.java:340)
	at org.apache.ratis.thirdparty.io.netty.channel.nio.NioEventLoop.processSelectedKey(NioEventLoop.java:632)
	at org.apache.ratis.thirdparty.io.netty.channel.nio.NioEventLoop.processSelectedKeysOptimized(NioEventLoop.java:579)
	at org.apache.ratis.thirdparty.io.netty.channel.nio.NioEventLoop.processSelectedKeys(NioEventLoop.java:496)
	at org.apache.ratis.thirdparty.io.netty.channel.nio.NioEventLoop.run(NioEventLoop.java:458)
	at org.apache.ratis.thirdparty.io.netty.util.concurrent.SingleThreadEventExecutor$5.run(SingleThreadEventExecutor.java:897)
	at org.apache.ratis.thirdparty.io.netty.util.concurrent.FastThreadLocalRunnable.run(FastThreadLocalRunnable.java:30)
	... 1 more
Caused by: java.net.ConnectException: Connection refused
	... 11 more
2019-11-14 15:11:27,041 [9ce1968d-df6d-4251-8f68-caf53c6f1d3e@group-3EC9F60C7CC4-LeaderElection203] INFO  impl.LeaderElection (LogUtils.java:infoOrTrace(149)) -   Exception 1: {}
java.util.concurrent.ExecutionException: org.apache.ratis.thirdparty.io.grpc.StatusRuntimeException: UNAVAILABLE: io exception
	at java.util.concurrent.FutureTask.report(FutureTask.java:122)
	at java.util.concurrent.FutureTask.get(FutureTask.java:192)
	at org.apache.ratis.server.impl.LeaderElection.waitForResults(LeaderElection.java:259)
	at org.apache.ratis.server.impl.LeaderElection.askForVotes(LeaderElection.java:197)
	at org.apache.ratis.server.impl.LeaderElection.run(LeaderElection.java:133)
	at java.lang.Thread.run(Thread.java:748)
Caused by: org.apache.ratis.thirdparty.io.grpc.StatusRuntimeException: UNAVAILABLE: io exception
	at org.apache.ratis.thirdparty.io.grpc.stub.ClientCalls.toStatusRuntimeException(ClientCalls.java:233)
	at org.apache.ratis.thirdparty.io.grpc.stub.ClientCalls.getUnchecked(ClientCalls.java:214)
	at org.apache.ratis.thirdparty.io.grpc.stub.ClientCalls.blockingUnaryCall(ClientCalls.java:139)
	at org.apache.ratis.proto.grpc.RaftServerProtocolServiceGrpc$RaftServerProtocolServiceBlockingStub.requestVote(RaftServerProtocolServiceGrpc.java:265)
	at org.apache.ratis.grpc.server.GrpcServerProtocolClient.requestVote(GrpcServerProtocolClient.java:99)
	at org.apache.ratis.grpc.server.GrpcService.requestVote(GrpcService.java:204)
	at org.apache.ratis.server.impl.LeaderElection.lambda$submitRequests$1(LeaderElection.java:234)
	at java.util.concurrent.FutureTask.run(FutureTask.java:266)
	at java.util.concurrent.Executors$RunnableAdapter.call(Executors.java:511)
	at java.util.concurrent.FutureTask.run(FutureTask.java:266)
	at java.util.concurrent.ThreadPoolExecutor.runWorker(ThreadPoolExecutor.java:1149)
	at java.util.concurrent.ThreadPoolExecutor$Worker.run(ThreadPoolExecutor.java:624)
	... 1 more
Caused by: org.apache.ratis.thirdparty.io.netty.channel.AbstractChannel$AnnotatedConnectException: Connection refused: /192.168.34.62:37954
	at sun.nio.ch.SocketChannelImpl.checkConnect(Native Method)
	at sun.nio.ch.SocketChannelImpl.finishConnect(SocketChannelImpl.java:717)
	at org.apache.ratis.thirdparty.io.netty.channel.socket.nio.NioSocketChannel.doFinishConnect(NioSocketChannel.java:327)
	at org.apache.ratis.thirdparty.io.netty.channel.nio.AbstractNioChannel$AbstractNioUnsafe.finishConnect(AbstractNioChannel.java:340)
	at org.apache.ratis.thirdparty.io.netty.channel.nio.NioEventLoop.processSelectedKey(NioEventLoop.java:632)
	at org.apache.ratis.thirdparty.io.netty.channel.nio.NioEventLoop.processSelectedKeysOptimized(NioEventLoop.java:579)
	at org.apache.ratis.thirdparty.io.netty.channel.nio.NioEventLoop.processSelectedKeys(NioEventLoop.java:496)
	at org.apache.ratis.thirdparty.io.netty.channel.nio.NioEventLoop.run(NioEventLoop.java:458)
	at org.apache.ratis.thirdparty.io.netty.util.concurrent.SingleThreadEventExecutor$5.run(SingleThreadEventExecutor.java:897)
	at org.apache.ratis.thirdparty.io.netty.util.concurrent.FastThreadLocalRunnable.run(FastThreadLocalRunnable.java:30)
	... 1 more
Caused by: java.net.ConnectException: Connection refused
	... 11 more
2019-11-14 15:11:27,042 [9ce1968d-df6d-4251-8f68-caf53c6f1d3e@group-3EC9F60C7CC4-LeaderElection203] INFO  impl.RaftServerImpl (RaftServerImpl.java:setRole(173)) - 9ce1968d-df6d-4251-8f68-caf53c6f1d3e@group-3EC9F60C7CC4: changes role from CANDIDATE to FOLLOWER at term 5 for DISCOVERED_A_NEW_TERM
2019-11-14 15:11:27,042 [9ce1968d-df6d-4251-8f68-caf53c6f1d3e@group-3EC9F60C7CC4-LeaderElection203] INFO  impl.RoleInfo (RoleInfo.java:shutdownLeaderElection(134)) - 9ce1968d-df6d-4251-8f68-caf53c6f1d3e: shutdown LeaderElection
2019-11-14 15:11:27,042 [9ce1968d-df6d-4251-8f68-caf53c6f1d3e@group-3EC9F60C7CC4-LeaderElection203] INFO  impl.RoleInfo (RoleInfo.java:updateAndGet(143)) - 9ce1968d-df6d-4251-8f68-caf53c6f1d3e: start FollowerState
2019-11-14 15:11:27,135 [grpc-default-executor-4] WARN  server.GrpcLogAppender (LogUtils.java:warn(134)) - fdb64a2a-711d-4b74-a4a4-cacd6c2cad61@group-81275DA7FAB4->34d60e7e-1049-4636-b4f7-69f15bd98c31-AppendLogResponseHandler: Failed appendEntries: org.apache.ratis.thirdparty.io.grpc.StatusRuntimeException: UNAVAILABLE: io exception
2019-11-14 15:11:27,135 [grpc-default-executor-4] INFO  impl.FollowerInfo (FollowerInfo.java:lambda$new$0(51)) - fdb64a2a-711d-4b74-a4a4-cacd6c2cad61@group-81275DA7FAB4->34d60e7e-1049-4636-b4f7-69f15bd98c31: nextIndex: updateUnconditionally 0 -> 0
2019-11-14 15:11:27,635 [grpc-default-executor-3] WARN  server.GrpcLogAppender (LogUtils.java:warn(134)) - fdb64a2a-711d-4b74-a4a4-cacd6c2cad61@group-81275DA7FAB4->34d60e7e-1049-4636-b4f7-69f15bd98c31-AppendLogResponseHandler: Failed appendEntries: org.apache.ratis.thirdparty.io.grpc.StatusRuntimeException: UNAVAILABLE: io exception
2019-11-14 15:11:27,635 [grpc-default-executor-3] INFO  impl.FollowerInfo (FollowerInfo.java:lambda$new$0(51)) - fdb64a2a-711d-4b74-a4a4-cacd6c2cad61@group-81275DA7FAB4->34d60e7e-1049-4636-b4f7-69f15bd98c31: nextIndex: updateUnconditionally 0 -> 0
2019-11-14 15:11:27,858 [ForkJoinPool.commonPool-worker-0] INFO  ozoneimpl.OzoneContainer (OzoneContainer.java:stop(244)) - Attempting to stop container services.
2019-11-14 15:11:27,859 [ForkJoinPool.commonPool-worker-0] INFO  impl.RaftServerProxy (RaftServerProxy.java:lambda$close$4(314)) - 69447648-1360-460f-862e-b843b6813c61: close
2019-11-14 15:11:27,860 [ForkJoinPool.commonPool-worker-0] INFO  impl.RaftServerImpl (RaftServerImpl.java:lambda$shutdown$3(250)) - 69447648-1360-460f-862e-b843b6813c61@group-226267BD06F8: shutdown
2019-11-14 15:11:27,860 [ForkJoinPool.commonPool-worker-0] INFO  util.JmxRegister (JmxRegister.java:unregister(73)) - Successfully un-registered JMX Bean with object name Ratis:service=RaftServer,group=group-226267BD06F8,id=69447648-1360-460f-862e-b843b6813c61
2019-11-14 15:11:27,860 [ForkJoinPool.commonPool-worker-0] INFO  impl.RoleInfo (RoleInfo.java:shutdownLeaderState(104)) - 69447648-1360-460f-862e-b843b6813c61: shutdown LeaderState
2019-11-14 15:11:27,860 [ForkJoinPool.commonPool-worker-0] INFO  impl.PendingRequests (PendingRequests.java:sendNotLeaderResponses(206)) - 69447648-1360-460f-862e-b843b6813c61@group-226267BD06F8-PendingRequests: sendNotLeaderResponses
2019-11-14 15:11:27,861 [ForkJoinPool.commonPool-worker-0] INFO  impl.StateMachineUpdater (StateMachineUpdater.java:stopAndJoin(136)) - 69447648-1360-460f-862e-b843b6813c61@group-226267BD06F8-StateMachineUpdater: set stopIndex = 0
2019-11-14 15:11:27,862 [ForkJoinPool.commonPool-worker-0] INFO  impl.RaftServerImpl (ServerState.java:close(387)) - 69447648-1360-460f-862e-b843b6813c61@group-226267BD06F8: closes. applyIndex: 0
2019-11-14 15:11:27,862 [69447648-1360-460f-862e-b843b6813c61@group-226267BD06F8-SegmentedRaftLogWorker] INFO  segmented.SegmentedRaftLogWorker (SegmentedRaftLogWorker.java:run(316)) - 69447648-1360-460f-862e-b843b6813c61@group-226267BD06F8-SegmentedRaftLogWorker was interrupted, exiting. There are 0 tasks remaining in the queue.
2019-11-14 15:11:27,863 [ForkJoinPool.commonPool-worker-0] INFO  segmented.SegmentedRaftLogWorker (SegmentedRaftLogWorker.java:close(224)) - 69447648-1360-460f-862e-b843b6813c61@group-226267BD06F8-SegmentedRaftLogWorker close()
2019-11-14 15:11:27,863 [ForkJoinPool.commonPool-worker-0] INFO  server.GrpcService (GrpcService.java:closeImpl(164)) - 69447648-1360-460f-862e-b843b6813c61: shutdown server with port 43196 now
2019-11-14 15:11:27,864 [ForkJoinPool.commonPool-worker-0] INFO  server.GrpcService (GrpcService.java:closeImpl(172)) - 69447648-1360-460f-862e-b843b6813c61: shutdown server with port 43196 successfully
2019-11-14 15:11:27,866 [main] INFO  ozoneimpl.OzoneContainer (OzoneContainer.java:stop(244)) - Attempting to stop container services.
2019-11-14 15:11:27,869 [main] INFO  impl.RaftServerProxy (RaftServerProxy.java:lambda$close$4(314)) - fdb64a2a-711d-4b74-a4a4-cacd6c2cad61: close
2019-11-14 15:11:27,869 [main] INFO  impl.RaftServerImpl (RaftServerImpl.java:lambda$shutdown$3(250)) - fdb64a2a-711d-4b74-a4a4-cacd6c2cad61@group-FFE93E8AA885: shutdown
2019-11-14 15:11:27,870 [refreshUsed-/workdir/hadoop-ozone/integration-test/target/test-dir/MiniOzoneClusterImpl-5901a962-94ba-4a8b-ba12-ae811e713c7a/datanode-3/data/containers] WARN  fs.CachingGetSpaceUsed (CachingGetSpaceUsed.java:run(183)) - Thread Interrupted waiting to refresh disk information: sleep interrupted
2019-11-14 15:11:27,870 [main] INFO  util.JmxRegister (JmxRegister.java:unregister(73)) - Successfully un-registered JMX Bean with object name Ratis:service=RaftServer,group=group-FFE93E8AA885,id=fdb64a2a-711d-4b74-a4a4-cacd6c2cad61
2019-11-14 15:11:27,870 [main] INFO  impl.RoleInfo (RoleInfo.java:shutdownLeaderState(104)) - fdb64a2a-711d-4b74-a4a4-cacd6c2cad61: shutdown LeaderState
2019-11-14 15:11:27,871 [main] INFO  impl.PendingRequests (PendingRequests.java:sendNotLeaderResponses(206)) - fdb64a2a-711d-4b74-a4a4-cacd6c2cad61@group-FFE93E8AA885-PendingRequests: sendNotLeaderResponses
2019-11-14 15:11:27,871 [main] INFO  impl.StateMachineUpdater (StateMachineUpdater.java:stopAndJoin(136)) - fdb64a2a-711d-4b74-a4a4-cacd6c2cad61@group-FFE93E8AA885-StateMachineUpdater: set stopIndex = 0
2019-11-14 15:11:27,871 [main] INFO  impl.RaftServerImpl (ServerState.java:close(387)) - fdb64a2a-711d-4b74-a4a4-cacd6c2cad61@group-FFE93E8AA885: closes. applyIndex: 0
2019-11-14 15:11:27,872 [fdb64a2a-711d-4b74-a4a4-cacd6c2cad61@group-FFE93E8AA885-SegmentedRaftLogWorker] INFO  segmented.SegmentedRaftLogWorker (SegmentedRaftLogWorker.java:run(316)) - fdb64a2a-711d-4b74-a4a4-cacd6c2cad61@group-FFE93E8AA885-SegmentedRaftLogWorker was interrupted, exiting. There are 0 tasks remaining in the queue.
2019-11-14 15:11:27,872 [main] INFO  segmented.SegmentedRaftLogWorker (SegmentedRaftLogWorker.java:close(224)) - fdb64a2a-711d-4b74-a4a4-cacd6c2cad61@group-FFE93E8AA885-SegmentedRaftLogWorker close()
2019-11-14 15:11:27,873 [main] INFO  impl.RaftServerImpl (RaftServerImpl.java:lambda$shutdown$3(250)) - fdb64a2a-711d-4b74-a4a4-cacd6c2cad61@group-81275DA7FAB4: shutdown
2019-11-14 15:11:27,873 [main] INFO  util.JmxRegister (JmxRegister.java:unregister(73)) - Successfully un-registered JMX Bean with object name Ratis:service=RaftServer,group=group-81275DA7FAB4,id=fdb64a2a-711d-4b74-a4a4-cacd6c2cad61
2019-11-14 15:11:27,873 [main] INFO  impl.RoleInfo (RoleInfo.java:shutdownLeaderState(104)) - fdb64a2a-711d-4b74-a4a4-cacd6c2cad61: shutdown LeaderState
2019-11-14 15:11:27,877 [main] INFO  impl.PendingRequests (PendingRequests.java:sendNotLeaderResponses(206)) - fdb64a2a-711d-4b74-a4a4-cacd6c2cad61@group-81275DA7FAB4-PendingRequests: sendNotLeaderResponses
2019-11-14 15:11:27,877 [org.apache.ratis.server.impl.LogAppender$AppenderDaemon$$Lambda$463/184788748@6b0e3941] WARN  server.GrpcLogAppender (GrpcLogAppender.java:mayWait(151)) - fdb64a2a-711d-4b74-a4a4-cacd6c2cad61@group-81275DA7FAB4->34d60e7e-1049-4636-b4f7-69f15bd98c31-GrpcLogAppender: Wait interrupted by java.lang.InterruptedException
2019-11-14 15:11:27,877 [org.apache.ratis.server.impl.LogAppender$AppenderDaemon$$Lambda$463/184788748@2e0caa44] WARN  server.GrpcLogAppender (GrpcLogAppender.java:mayWait(151)) - fdb64a2a-711d-4b74-a4a4-cacd6c2cad61@group-81275DA7FAB4->de889d2b-5891-48f1-89d7-805f59e22d6d-GrpcLogAppender: Wait interrupted by java.lang.InterruptedException
2019-11-14 15:11:27,881 [main] INFO  impl.StateMachineUpdater (StateMachineUpdater.java:stopAndJoin(136)) - fdb64a2a-711d-4b74-a4a4-cacd6c2cad61@group-81275DA7FAB4-StateMachineUpdater: set stopIndex = 7
2019-11-14 15:11:27,881 [grpc-default-executor-3] INFO  server.GrpcServerProtocolService (GrpcServerProtocolService.java:onCompleted(113)) - de889d2b-5891-48f1-89d7-805f59e22d6d: Completed APPEND_ENTRIES, lastRequest: fdb64a2a-711d-4b74-a4a4-cacd6c2cad61->de889d2b-5891-48f1-89d7-805f59e22d6d#37-t1, previous=(t:1, i:7), leaderCommit=7, initializing? false, entries: <empty>
2019-11-14 15:11:27,881 [fdb64a2a-711d-4b74-a4a4-cacd6c2cad61@group-81275DA7FAB4-StateMachineUpdater] INFO  ratis.ContainerStateMachine (ContainerStateMachine.java:takeSnapshot(285)) - group-81275DA7FAB4: Taking a snapshot at:(t:1, i:7) file /workdir/hadoop-ozone/integration-test/target/test-dir/MiniOzoneClusterImpl-5901a962-94ba-4a8b-ba12-ae811e713c7a/datanode-6/data/ratis/76eb025c-cb1f-4c58-8d9c-81275da7fab4/sm/snapshot.1_7
2019-11-14 15:11:27,882 [grpc-default-executor-4] INFO  server.GrpcLogAppender (GrpcLogAppender.java:onCompleted(308)) - fdb64a2a-711d-4b74-a4a4-cacd6c2cad61@group-81275DA7FAB4->de889d2b-5891-48f1-89d7-805f59e22d6d-AppendLogResponseHandler: follower responses appendEntries COMPLETED
2019-11-14 15:11:27,882 [grpc-default-executor-4] INFO  impl.FollowerInfo (FollowerInfo.java:lambda$new$0(51)) - fdb64a2a-711d-4b74-a4a4-cacd6c2cad61@group-81275DA7FAB4->de889d2b-5891-48f1-89d7-805f59e22d6d: nextIndex: updateUnconditionally 8 -> 7
2019-11-14 15:11:27,893 [ForkJoinPool.commonPool-worker-0] INFO  utils.BackgroundService (BackgroundService.java:shutdown(151)) - Shutting down service BlockDeletingService
2019-11-14 15:11:27,895 [fdb64a2a-711d-4b74-a4a4-cacd6c2cad61@group-81275DA7FAB4-StateMachineUpdater] INFO  ratis.ContainerStateMachine (ContainerStateMachine.java:takeSnapshot(296)) - group-81275DA7FAB4: Finished taking a snapshot at:(t:1, i:7) file:/workdir/hadoop-ozone/integration-test/target/test-dir/MiniOzoneClusterImpl-5901a962-94ba-4a8b-ba12-ae811e713c7a/datanode-6/data/ratis/76eb025c-cb1f-4c58-8d9c-81275da7fab4/sm/snapshot.1_7 time:14
2019-11-14 15:11:27,895 [ForkJoinPool.commonPool-worker-0] INFO  statemachine.DatanodeStateMachine (DatanodeStateMachine.java:stopDaemon(395)) - Ozone container server stopped.
2019-11-14 15:11:27,895 [fdb64a2a-711d-4b74-a4a4-cacd6c2cad61@group-81275DA7FAB4-StateMachineUpdater] INFO  impl.StateMachineUpdater (StateMachineUpdater.java:takeSnapshot(269)) - fdb64a2a-711d-4b74-a4a4-cacd6c2cad61@group-81275DA7FAB4-StateMachineUpdater: Took a snapshot at index 7
2019-11-14 15:11:27,896 [fdb64a2a-711d-4b74-a4a4-cacd6c2cad61@group-81275DA7FAB4-StateMachineUpdater] INFO  impl.StateMachineUpdater (StateMachineUpdater.java:lambda$new$0(84)) - fdb64a2a-711d-4b74-a4a4-cacd6c2cad61@group-81275DA7FAB4-StateMachineUpdater: snapshotIndex: updateIncreasingly -1 -> 7
2019-11-14 15:11:27,898 [main] INFO  impl.RaftServerImpl (ServerState.java:close(387)) - fdb64a2a-711d-4b74-a4a4-cacd6c2cad61@group-81275DA7FAB4: closes. applyIndex: 7
2019-11-14 15:11:27,899 [fdb64a2a-711d-4b74-a4a4-cacd6c2cad61@group-81275DA7FAB4-SegmentedRaftLogWorker] INFO  segmented.SegmentedRaftLogWorker (SegmentedRaftLogWorker.java:run(316)) - fdb64a2a-711d-4b74-a4a4-cacd6c2cad61@group-81275DA7FAB4-SegmentedRaftLogWorker was interrupted, exiting. There are 0 tasks remaining in the queue.
2019-11-14 15:11:27,899 [main] INFO  segmented.SegmentedRaftLogWorker (SegmentedRaftLogWorker.java:close(224)) - fdb64a2a-711d-4b74-a4a4-cacd6c2cad61@group-81275DA7FAB4-SegmentedRaftLogWorker close()
2019-11-14 15:11:27,900 [ForkJoinPool.commonPool-worker-0] INFO  handler.ContextHandler (ContextHandler.java:doStop(910)) - Stopped o.e.j.w.WebAppContext@5d829ef0{/,null,UNAVAILABLE}{/hddsDatanode}
2019-11-14 15:11:27,900 [main] INFO  server.GrpcService (GrpcService.java:closeImpl(164)) - fdb64a2a-711d-4b74-a4a4-cacd6c2cad61: shutdown server with port 37913 now
2019-11-14 15:11:27,901 [ForkJoinPool.commonPool-worker-0] INFO  server.AbstractConnector (AbstractConnector.java:doStop(318)) - Stopped ServerConnector@4416e18d{HTTP/1.1,[http/1.1]}{0.0.0.0:0}
2019-11-14 15:11:27,901 [main] INFO  server.GrpcService (GrpcService.java:closeImpl(172)) - fdb64a2a-711d-4b74-a4a4-cacd6c2cad61: shutdown server with port 37913 successfully
2019-11-14 15:11:27,903 [ForkJoinPool.commonPool-worker-0] INFO  handler.ContextHandler (ContextHandler.java:doStop(910)) - Stopped o.e.j.s.ServletContextHandler@2b9e69fb{/static,jar:file:/home/user/.m2/repository/org/apache/hadoop/hadoop-hdds-container-service/0.5.0-SNAPSHOT/hadoop-hdds-container-service-0.5.0-SNAPSHOT.jar!/webapps/static,UNAVAILABLE}
2019-11-14 15:11:27,904 [ForkJoinPool.commonPool-worker-0] INFO  handler.ContextHandler (ContextHandler.java:doStop(910)) - Stopped o.e.j.s.ServletContextHandler@650a1aff{/logs,file:///workdir/hadoop-ozone/integration-test/target/log,UNAVAILABLE}
2019-11-14 15:11:27,906 [refreshUsed-/workdir/hadoop-ozone/integration-test/target/test-dir/MiniOzoneClusterImpl-5901a962-94ba-4a8b-ba12-ae811e713c7a/datanode-6/data/containers] WARN  fs.CachingGetSpaceUsed (CachingGetSpaceUsed.java:run(183)) - Thread Interrupted waiting to refresh disk information: sleep interrupted
2019-11-14 15:11:27,916 [main] INFO  utils.BackgroundService (BackgroundService.java:shutdown(151)) - Shutting down service BlockDeletingService
2019-11-14 15:11:27,918 [main] INFO  statemachine.DatanodeStateMachine (DatanodeStateMachine.java:stopDaemon(395)) - Ozone container server stopped.
2019-11-14 15:11:27,918 [main] INFO  handler.ContextHandler (ContextHandler.java:doStop(910)) - Stopped o.e.j.w.WebAppContext@68d6f48e{/,null,UNAVAILABLE}{/hddsDatanode}
2019-11-14 15:11:27,919 [main] INFO  server.AbstractConnector (AbstractConnector.java:doStop(318)) - Stopped ServerConnector@6c96403e{HTTP/1.1,[http/1.1]}{0.0.0.0:0}
2019-11-14 15:11:27,919 [main] INFO  handler.ContextHandler (ContextHandler.java:doStop(910)) - Stopped o.e.j.s.ServletContextHandler@25de8898{/static,jar:file:/home/user/.m2/repository/org/apache/hadoop/hadoop-hdds-container-service/0.5.0-SNAPSHOT/hadoop-hdds-container-service-0.5.0-SNAPSHOT.jar!/webapps/static,UNAVAILABLE}
2019-11-14 15:11:27,919 [main] INFO  handler.ContextHandler (ContextHandler.java:doStop(910)) - Stopped o.e.j.s.ServletContextHandler@7103745{/logs,file:///workdir/hadoop-ozone/integration-test/target/log,UNAVAILABLE}
2019-11-14 15:11:27,967 [Datanode State Machine Thread - 0] INFO  statemachine.DatanodeStateMachine (DatanodeStateMachine.java:lambda$startDaemon$0(350)) - Ozone container server started.
2019-11-14 15:11:28,105 [Thread-4623] INFO  impl.FollowerState (FollowerState.java:run(111)) - 9ce1968d-df6d-4251-8f68-caf53c6f1d3e@group-3EC9F60C7CC4-FollowerState: change to CANDIDATE, lastRpcTime:1063ms, electionTimeout:1063ms
2019-11-14 15:11:28,106 [Thread-4623] INFO  impl.RoleInfo (RoleInfo.java:shutdownFollowerState(121)) - 9ce1968d-df6d-4251-8f68-caf53c6f1d3e: shutdown FollowerState
2019-11-14 15:11:28,106 [Thread-4623] INFO  impl.RaftServerImpl (RaftServerImpl.java:setRole(173)) - 9ce1968d-df6d-4251-8f68-caf53c6f1d3e@group-3EC9F60C7CC4: changes role from  FOLLOWER to CANDIDATE at term 5 for changeToCandidate
2019-11-14 15:11:28,106 [Thread-4623] INFO  impl.RoleInfo (RoleInfo.java:updateAndGet(143)) - 9ce1968d-df6d-4251-8f68-caf53c6f1d3e: start LeaderElection
2019-11-14 15:11:28,120 [9ce1968d-df6d-4251-8f68-caf53c6f1d3e@group-3EC9F60C7CC4-LeaderElection204] INFO  impl.LeaderElection (LeaderElection.java:askForVotes(178)) - 9ce1968d-df6d-4251-8f68-caf53c6f1d3e@group-3EC9F60C7CC4-LeaderElection204: begin an election at term 6 for 1: [ee222113-7cfa-4d93-ae35-60587bc46978:192.168.34.62:36461, 9ce1968d-df6d-4251-8f68-caf53c6f1d3e:192.168.34.62:35975, c45d92cd-1d84-4e39-b22b-e775d9180271:192.168.34.62:37954], old=null
2019-11-14 15:11:28,121 [9ce1968d-df6d-4251-8f68-caf53c6f1d3e@group-3EC9F60C7CC4-LeaderElection204] INFO  impl.LeaderElection (LogUtils.java:infoOrTrace(149)) - 9ce1968d-df6d-4251-8f68-caf53c6f1d3e@group-3EC9F60C7CC4-LeaderElection204 got exception when requesting votes: {}
java.util.concurrent.ExecutionException: org.apache.ratis.thirdparty.io.grpc.StatusRuntimeException: UNAVAILABLE: io exception
	at java.util.concurrent.FutureTask.report(FutureTask.java:122)
	at java.util.concurrent.FutureTask.get(FutureTask.java:192)
	at org.apache.ratis.server.impl.LeaderElection.waitForResults(LeaderElection.java:259)
	at org.apache.ratis.server.impl.LeaderElection.askForVotes(LeaderElection.java:197)
	at org.apache.ratis.server.impl.LeaderElection.run(LeaderElection.java:133)
	at java.lang.Thread.run(Thread.java:748)
Caused by: org.apache.ratis.thirdparty.io.grpc.StatusRuntimeException: UNAVAILABLE: io exception
	at org.apache.ratis.thirdparty.io.grpc.stub.ClientCalls.toStatusRuntimeException(ClientCalls.java:233)
	at org.apache.ratis.thirdparty.io.grpc.stub.ClientCalls.getUnchecked(ClientCalls.java:214)
	at org.apache.ratis.thirdparty.io.grpc.stub.ClientCalls.blockingUnaryCall(ClientCalls.java:139)
	at org.apache.ratis.proto.grpc.RaftServerProtocolServiceGrpc$RaftServerProtocolServiceBlockingStub.requestVote(RaftServerProtocolServiceGrpc.java:265)
	at org.apache.ratis.grpc.server.GrpcServerProtocolClient.requestVote(GrpcServerProtocolClient.java:99)
	at org.apache.ratis.grpc.server.GrpcService.requestVote(GrpcService.java:204)
	at org.apache.ratis.server.impl.LeaderElection.lambda$submitRequests$1(LeaderElection.java:234)
	at java.util.concurrent.FutureTask.run(FutureTask.java:266)
	at java.util.concurrent.Executors$RunnableAdapter.call(Executors.java:511)
	at java.util.concurrent.FutureTask.run(FutureTask.java:266)
	at java.util.concurrent.ThreadPoolExecutor.runWorker(ThreadPoolExecutor.java:1149)
	at java.util.concurrent.ThreadPoolExecutor$Worker.run(ThreadPoolExecutor.java:624)
	... 1 more
Caused by: org.apache.ratis.thirdparty.io.netty.channel.AbstractChannel$AnnotatedConnectException: Connection refused: /192.168.34.62:37954
	at sun.nio.ch.SocketChannelImpl.checkConnect(Native Method)
	at sun.nio.ch.SocketChannelImpl.finishConnect(SocketChannelImpl.java:717)
	at org.apache.ratis.thirdparty.io.netty.channel.socket.nio.NioSocketChannel.doFinishConnect(NioSocketChannel.java:327)
	at org.apache.ratis.thirdparty.io.netty.channel.nio.AbstractNioChannel$AbstractNioUnsafe.finishConnect(AbstractNioChannel.java:340)
	at org.apache.ratis.thirdparty.io.netty.channel.nio.NioEventLoop.processSelectedKey(NioEventLoop.java:632)
	at org.apache.ratis.thirdparty.io.netty.channel.nio.NioEventLoop.processSelectedKeysOptimized(NioEventLoop.java:579)
	at org.apache.ratis.thirdparty.io.netty.channel.nio.NioEventLoop.processSelectedKeys(NioEventLoop.java:496)
	at org.apache.ratis.thirdparty.io.netty.channel.nio.NioEventLoop.run(NioEventLoop.java:458)
	at org.apache.ratis.thirdparty.io.netty.util.concurrent.SingleThreadEventExecutor$5.run(SingleThreadEventExecutor.java:897)
	at org.apache.ratis.thirdparty.io.netty.util.concurrent.FastThreadLocalRunnable.run(FastThreadLocalRunnable.java:30)
	... 1 more
Caused by: java.net.ConnectException: Connection refused
	... 11 more
2019-11-14 15:11:28,121 [9ce1968d-df6d-4251-8f68-caf53c6f1d3e@group-3EC9F60C7CC4-LeaderElection204] INFO  impl.LeaderElection (LogUtils.java:infoOrTrace(149)) - 9ce1968d-df6d-4251-8f68-caf53c6f1d3e@group-3EC9F60C7CC4-LeaderElection204 got exception when requesting votes: {}
java.util.concurrent.ExecutionException: org.apache.ratis.thirdparty.io.grpc.StatusRuntimeException: UNAVAILABLE: io exception
	at java.util.concurrent.FutureTask.report(FutureTask.java:122)
	at java.util.concurrent.FutureTask.get(FutureTask.java:192)
	at org.apache.ratis.server.impl.LeaderElection.waitForResults(LeaderElection.java:259)
	at org.apache.ratis.server.impl.LeaderElection.askForVotes(LeaderElection.java:197)
	at org.apache.ratis.server.impl.LeaderElection.run(LeaderElection.java:133)
	at java.lang.Thread.run(Thread.java:748)
Caused by: org.apache.ratis.thirdparty.io.grpc.StatusRuntimeException: UNAVAILABLE: io exception
	at org.apache.ratis.thirdparty.io.grpc.stub.ClientCalls.toStatusRuntimeException(ClientCalls.java:233)
	at org.apache.ratis.thirdparty.io.grpc.stub.ClientCalls.getUnchecked(ClientCalls.java:214)
	at org.apache.ratis.thirdparty.io.grpc.stub.ClientCalls.blockingUnaryCall(ClientCalls.java:139)
	at org.apache.ratis.proto.grpc.RaftServerProtocolServiceGrpc$RaftServerProtocolServiceBlockingStub.requestVote(RaftServerProtocolServiceGrpc.java:265)
	at org.apache.ratis.grpc.server.GrpcServerProtocolClient.requestVote(GrpcServerProtocolClient.java:99)
	at org.apache.ratis.grpc.server.GrpcService.requestVote(GrpcService.java:204)
	at org.apache.ratis.server.impl.LeaderElection.lambda$submitRequests$1(LeaderElection.java:234)
	at java.util.concurrent.FutureTask.run(FutureTask.java:266)
	at java.util.concurrent.Executors$RunnableAdapter.call(Executors.java:511)
	at java.util.concurrent.FutureTask.run(FutureTask.java:266)
	at java.util.concurrent.ThreadPoolExecutor.runWorker(ThreadPoolExecutor.java:1149)
	at java.util.concurrent.ThreadPoolExecutor$Worker.run(ThreadPoolExecutor.java:624)
	... 1 more
Caused by: org.apache.ratis.thirdparty.io.netty.channel.AbstractChannel$AnnotatedConnectException: Connection refused: /192.168.34.62:36461
	at sun.nio.ch.SocketChannelImpl.checkConnect(Native Method)
	at sun.nio.ch.SocketChannelImpl.finishConnect(SocketChannelImpl.java:717)
	at org.apache.ratis.thirdparty.io.netty.channel.socket.nio.NioSocketChannel.doFinishConnect(NioSocketChannel.java:327)
	at org.apache.ratis.thirdparty.io.netty.channel.nio.AbstractNioChannel$AbstractNioUnsafe.finishConnect(AbstractNioChannel.java:340)
	at org.apache.ratis.thirdparty.io.netty.channel.nio.NioEventLoop.processSelectedKey(NioEventLoop.java:632)
	at org.apache.ratis.thirdparty.io.netty.channel.nio.NioEventLoop.processSelectedKeysOptimized(NioEventLoop.java:579)
	at org.apache.ratis.thirdparty.io.netty.channel.nio.NioEventLoop.processSelectedKeys(NioEventLoop.java:496)
	at org.apache.ratis.thirdparty.io.netty.channel.nio.NioEventLoop.run(NioEventLoop.java:458)
	at org.apache.ratis.thirdparty.io.netty.util.concurrent.SingleThreadEventExecutor$5.run(SingleThreadEventExecutor.java:897)
	at org.apache.ratis.thirdparty.io.netty.util.concurrent.FastThreadLocalRunnable.run(FastThreadLocalRunnable.java:30)
	... 1 more
Caused by: java.net.ConnectException: Connection refused
	... 11 more
2019-11-14 15:11:28,122 [9ce1968d-df6d-4251-8f68-caf53c6f1d3e@group-3EC9F60C7CC4-LeaderElection204] INFO  impl.LeaderElection (LeaderElection.java:logAndReturn(56)) - 9ce1968d-df6d-4251-8f68-caf53c6f1d3e@group-3EC9F60C7CC4-LeaderElection204: Election REJECTED; received 0 response(s) [] and 2 exception(s); 9ce1968d-df6d-4251-8f68-caf53c6f1d3e@group-3EC9F60C7CC4:t6, leader=null, voted=9ce1968d-df6d-4251-8f68-caf53c6f1d3e, raftlog=9ce1968d-df6d-4251-8f68-caf53c6f1d3e@group-3EC9F60C7CC4-SegmentedRaftLog:OPENED:c2,f2,i2, conf=1: [ee222113-7cfa-4d93-ae35-60587bc46978:192.168.34.62:36461, 9ce1968d-df6d-4251-8f68-caf53c6f1d3e:192.168.34.62:35975, c45d92cd-1d84-4e39-b22b-e775d9180271:192.168.34.62:37954], old=null
2019-11-14 15:11:28,122 [9ce1968d-df6d-4251-8f68-caf53c6f1d3e@group-3EC9F60C7CC4-LeaderElection204] INFO  impl.LeaderElection (LogUtils.java:infoOrTrace(149)) -   Exception 0: {}
java.util.concurrent.ExecutionException: org.apache.ratis.thirdparty.io.grpc.StatusRuntimeException: UNAVAILABLE: io exception
	at java.util.concurrent.FutureTask.report(FutureTask.java:122)
	at java.util.concurrent.FutureTask.get(FutureTask.java:192)
	at org.apache.ratis.server.impl.LeaderElection.waitForResults(LeaderElection.java:259)
	at org.apache.ratis.server.impl.LeaderElection.askForVotes(LeaderElection.java:197)
	at org.apache.ratis.server.impl.LeaderElection.run(LeaderElection.java:133)
	at java.lang.Thread.run(Thread.java:748)
Caused by: org.apache.ratis.thirdparty.io.grpc.StatusRuntimeException: UNAVAILABLE: io exception
	at org.apache.ratis.thirdparty.io.grpc.stub.ClientCalls.toStatusRuntimeException(ClientCalls.java:233)
	at org.apache.ratis.thirdparty.io.grpc.stub.ClientCalls.getUnchecked(ClientCalls.java:214)
	at org.apache.ratis.thirdparty.io.grpc.stub.ClientCalls.blockingUnaryCall(ClientCalls.java:139)
	at org.apache.ratis.proto.grpc.RaftServerProtocolServiceGrpc$RaftServerProtocolServiceBlockingStub.requestVote(RaftServerProtocolServiceGrpc.java:265)
	at org.apache.ratis.grpc.server.GrpcServerProtocolClient.requestVote(GrpcServerProtocolClient.java:99)
	at org.apache.ratis.grpc.server.GrpcService.requestVote(GrpcService.java:204)
	at org.apache.ratis.server.impl.LeaderElection.lambda$submitRequests$1(LeaderElection.java:234)
	at java.util.concurrent.FutureTask.run(FutureTask.java:266)
	at java.util.concurrent.Executors$RunnableAdapter.call(Executors.java:511)
	at java.util.concurrent.FutureTask.run(FutureTask.java:266)
	at java.util.concurrent.ThreadPoolExecutor.runWorker(ThreadPoolExecutor.java:1149)
	at java.util.concurrent.ThreadPoolExecutor$Worker.run(ThreadPoolExecutor.java:624)
	... 1 more
Caused by: org.apache.ratis.thirdparty.io.netty.channel.AbstractChannel$AnnotatedConnectException: Connection refused: /192.168.34.62:37954
	at sun.nio.ch.SocketChannelImpl.checkConnect(Native Method)
	at sun.nio.ch.SocketChannelImpl.finishConnect(SocketChannelImpl.java:717)
	at org.apache.ratis.thirdparty.io.netty.channel.socket.nio.NioSocketChannel.doFinishConnect(NioSocketChannel.java:327)
	at org.apache.ratis.thirdparty.io.netty.channel.nio.AbstractNioChannel$AbstractNioUnsafe.finishConnect(AbstractNioChannel.java:340)
	at org.apache.ratis.thirdparty.io.netty.channel.nio.NioEventLoop.processSelectedKey(NioEventLoop.java:632)
	at org.apache.ratis.thirdparty.io.netty.channel.nio.NioEventLoop.processSelectedKeysOptimized(NioEventLoop.java:579)
	at org.apache.ratis.thirdparty.io.netty.channel.nio.NioEventLoop.processSelectedKeys(NioEventLoop.java:496)
	at org.apache.ratis.thirdparty.io.netty.channel.nio.NioEventLoop.run(NioEventLoop.java:458)
	at org.apache.ratis.thirdparty.io.netty.util.concurrent.SingleThreadEventExecutor$5.run(SingleThreadEventExecutor.java:897)
	at org.apache.ratis.thirdparty.io.netty.util.concurrent.FastThreadLocalRunnable.run(FastThreadLocalRunnable.java:30)
	... 1 more
Caused by: java.net.ConnectException: Connection refused
	... 11 more
2019-11-14 15:11:28,122 [9ce1968d-df6d-4251-8f68-caf53c6f1d3e@group-3EC9F60C7CC4-LeaderElection204] INFO  impl.LeaderElection (LogUtils.java:infoOrTrace(149)) -   Exception 1: {}
java.util.concurrent.ExecutionException: org.apache.ratis.thirdparty.io.grpc.StatusRuntimeException: UNAVAILABLE: io exception
	at java.util.concurrent.FutureTask.report(FutureTask.java:122)
	at java.util.concurrent.FutureTask.get(FutureTask.java:192)
	at org.apache.ratis.server.impl.LeaderElection.waitForResults(LeaderElection.java:259)
	at org.apache.ratis.server.impl.LeaderElection.askForVotes(LeaderElection.java:197)
	at org.apache.ratis.server.impl.LeaderElection.run(LeaderElection.java:133)
	at java.lang.Thread.run(Thread.java:748)
Caused by: org.apache.ratis.thirdparty.io.grpc.StatusRuntimeException: UNAVAILABLE: io exception
	at org.apache.ratis.thirdparty.io.grpc.stub.ClientCalls.toStatusRuntimeException(ClientCalls.java:233)
	at org.apache.ratis.thirdparty.io.grpc.stub.ClientCalls.getUnchecked(ClientCalls.java:214)
	at org.apache.ratis.thirdparty.io.grpc.stub.ClientCalls.blockingUnaryCall(ClientCalls.java:139)
	at org.apache.ratis.proto.grpc.RaftServerProtocolServiceGrpc$RaftServerProtocolServiceBlockingStub.requestVote(RaftServerProtocolServiceGrpc.java:265)
	at org.apache.ratis.grpc.server.GrpcServerProtocolClient.requestVote(GrpcServerProtocolClient.java:99)
	at org.apache.ratis.grpc.server.GrpcService.requestVote(GrpcService.java:204)
	at org.apache.ratis.server.impl.LeaderElection.lambda$submitRequests$1(LeaderElection.java:234)
	at java.util.concurrent.FutureTask.run(FutureTask.java:266)
	at java.util.concurrent.Executors$RunnableAdapter.call(Executors.java:511)
	at java.util.concurrent.FutureTask.run(FutureTask.java:266)
	at java.util.concurrent.ThreadPoolExecutor.runWorker(ThreadPoolExecutor.java:1149)
	at java.util.concurrent.ThreadPoolExecutor$Worker.run(ThreadPoolExecutor.java:624)
	... 1 more
Caused by: org.apache.ratis.thirdparty.io.netty.channel.AbstractChannel$AnnotatedConnectException: Connection refused: /192.168.34.62:36461
	at sun.nio.ch.SocketChannelImpl.checkConnect(Native Method)
	at sun.nio.ch.SocketChannelImpl.finishConnect(SocketChannelImpl.java:717)
	at org.apache.ratis.thirdparty.io.netty.channel.socket.nio.NioSocketChannel.doFinishConnect(NioSocketChannel.java:327)
	at org.apache.ratis.thirdparty.io.netty.channel.nio.AbstractNioChannel$AbstractNioUnsafe.finishConnect(AbstractNioChannel.java:340)
	at org.apache.ratis.thirdparty.io.netty.channel.nio.NioEventLoop.processSelectedKey(NioEventLoop.java:632)
	at org.apache.ratis.thirdparty.io.netty.channel.nio.NioEventLoop.processSelectedKeysOptimized(NioEventLoop.java:579)
	at org.apache.ratis.thirdparty.io.netty.channel.nio.NioEventLoop.processSelectedKeys(NioEventLoop.java:496)
	at org.apache.ratis.thirdparty.io.netty.channel.nio.NioEventLoop.run(NioEventLoop.java:458)
	at org.apache.ratis.thirdparty.io.netty.util.concurrent.SingleThreadEventExecutor$5.run(SingleThreadEventExecutor.java:897)
	at org.apache.ratis.thirdparty.io.netty.util.concurrent.FastThreadLocalRunnable.run(FastThreadLocalRunnable.java:30)
	... 1 more
Caused by: java.net.ConnectException: Connection refused
	... 11 more
2019-11-14 15:11:28,122 [9ce1968d-df6d-4251-8f68-caf53c6f1d3e@group-3EC9F60C7CC4-LeaderElection204] INFO  impl.RaftServerImpl (RaftServerImpl.java:setRole(173)) - 9ce1968d-df6d-4251-8f68-caf53c6f1d3e@group-3EC9F60C7CC4: changes role from CANDIDATE to FOLLOWER at term 6 for DISCOVERED_A_NEW_TERM
2019-11-14 15:11:28,122 [9ce1968d-df6d-4251-8f68-caf53c6f1d3e@group-3EC9F60C7CC4-LeaderElection204] INFO  impl.RoleInfo (RoleInfo.java:shutdownLeaderElection(134)) - 9ce1968d-df6d-4251-8f68-caf53c6f1d3e: shutdown LeaderElection
2019-11-14 15:11:28,123 [9ce1968d-df6d-4251-8f68-caf53c6f1d3e@group-3EC9F60C7CC4-LeaderElection204] INFO  impl.RoleInfo (RoleInfo.java:updateAndGet(143)) - 9ce1968d-df6d-4251-8f68-caf53c6f1d3e: start FollowerState
2019-11-14 15:11:28,575 [Datanode State Machine Thread - 0] INFO  statemachine.DatanodeStateMachine (DatanodeStateMachine.java:lambda$startDaemon$0(350)) - Ozone container server started.
2019-11-14 15:11:29,298 [Thread-4633] INFO  impl.FollowerState (FollowerState.java:run(111)) - 9ce1968d-df6d-4251-8f68-caf53c6f1d3e@group-3EC9F60C7CC4-FollowerState: change to CANDIDATE, lastRpcTime:1175ms, electionTimeout:1175ms
2019-11-14 15:11:29,298 [Thread-4633] INFO  impl.RoleInfo (RoleInfo.java:shutdownFollowerState(121)) - 9ce1968d-df6d-4251-8f68-caf53c6f1d3e: shutdown FollowerState
2019-11-14 15:11:29,298 [Thread-4633] INFO  impl.RaftServerImpl (RaftServerImpl.java:setRole(173)) - 9ce1968d-df6d-4251-8f68-caf53c6f1d3e@group-3EC9F60C7CC4: changes role from  FOLLOWER to CANDIDATE at term 6 for changeToCandidate
2019-11-14 15:11:29,298 [Thread-4633] INFO  impl.RoleInfo (RoleInfo.java:updateAndGet(143)) - 9ce1968d-df6d-4251-8f68-caf53c6f1d3e: start LeaderElection
2019-11-14 15:11:29,313 [9ce1968d-df6d-4251-8f68-caf53c6f1d3e@group-3EC9F60C7CC4-LeaderElection205] INFO  impl.LeaderElection (LeaderElection.java:askForVotes(178)) - 9ce1968d-df6d-4251-8f68-caf53c6f1d3e@group-3EC9F60C7CC4-LeaderElection205: begin an election at term 7 for 1: [ee222113-7cfa-4d93-ae35-60587bc46978:192.168.34.62:36461, 9ce1968d-df6d-4251-8f68-caf53c6f1d3e:192.168.34.62:35975, c45d92cd-1d84-4e39-b22b-e775d9180271:192.168.34.62:37954], old=null
2019-11-14 15:11:29,314 [9ce1968d-df6d-4251-8f68-caf53c6f1d3e@group-3EC9F60C7CC4-LeaderElection205] INFO  impl.LeaderElection (LogUtils.java:infoOrTrace(149)) - 9ce1968d-df6d-4251-8f68-caf53c6f1d3e@group-3EC9F60C7CC4-LeaderElection205 got exception when requesting votes: {}
java.util.concurrent.ExecutionException: org.apache.ratis.thirdparty.io.grpc.StatusRuntimeException: UNAVAILABLE: io exception
	at java.util.concurrent.FutureTask.report(FutureTask.java:122)
	at java.util.concurrent.FutureTask.get(FutureTask.java:192)
	at org.apache.ratis.server.impl.LeaderElection.waitForResults(LeaderElection.java:259)
	at org.apache.ratis.server.impl.LeaderElection.askForVotes(LeaderElection.java:197)
	at org.apache.ratis.server.impl.LeaderElection.run(LeaderElection.java:133)
	at java.lang.Thread.run(Thread.java:748)
Caused by: org.apache.ratis.thirdparty.io.grpc.StatusRuntimeException: UNAVAILABLE: io exception
	at org.apache.ratis.thirdparty.io.grpc.stub.ClientCalls.toStatusRuntimeException(ClientCalls.java:233)
	at org.apache.ratis.thirdparty.io.grpc.stub.ClientCalls.getUnchecked(ClientCalls.java:214)
	at org.apache.ratis.thirdparty.io.grpc.stub.ClientCalls.blockingUnaryCall(ClientCalls.java:139)
	at org.apache.ratis.proto.grpc.RaftServerProtocolServiceGrpc$RaftServerProtocolServiceBlockingStub.requestVote(RaftServerProtocolServiceGrpc.java:265)
	at org.apache.ratis.grpc.server.GrpcServerProtocolClient.requestVote(GrpcServerProtocolClient.java:99)
	at org.apache.ratis.grpc.server.GrpcService.requestVote(GrpcService.java:204)
	at org.apache.ratis.server.impl.LeaderElection.lambda$submitRequests$1(LeaderElection.java:234)
	at java.util.concurrent.FutureTask.run(FutureTask.java:266)
	at java.util.concurrent.Executors$RunnableAdapter.call(Executors.java:511)
	at java.util.concurrent.FutureTask.run(FutureTask.java:266)
	at java.util.concurrent.ThreadPoolExecutor.runWorker(ThreadPoolExecutor.java:1149)
	at java.util.concurrent.ThreadPoolExecutor$Worker.run(ThreadPoolExecutor.java:624)
	... 1 more
Caused by: org.apache.ratis.thirdparty.io.netty.channel.AbstractChannel$AnnotatedConnectException: Connection refused: /192.168.34.62:36461
	at sun.nio.ch.SocketChannelImpl.checkConnect(Native Method)
	at sun.nio.ch.SocketChannelImpl.finishConnect(SocketChannelImpl.java:717)
	at org.apache.ratis.thirdparty.io.netty.channel.socket.nio.NioSocketChannel.doFinishConnect(NioSocketChannel.java:327)
	at org.apache.ratis.thirdparty.io.netty.channel.nio.AbstractNioChannel$AbstractNioUnsafe.finishConnect(AbstractNioChannel.java:340)
	at org.apache.ratis.thirdparty.io.netty.channel.nio.NioEventLoop.processSelectedKey(NioEventLoop.java:632)
	at org.apache.ratis.thirdparty.io.netty.channel.nio.NioEventLoop.processSelectedKeysOptimized(NioEventLoop.java:579)
	at org.apache.ratis.thirdparty.io.netty.channel.nio.NioEventLoop.processSelectedKeys(NioEventLoop.java:496)
	at org.apache.ratis.thirdparty.io.netty.channel.nio.NioEventLoop.run(NioEventLoop.java:458)
	at org.apache.ratis.thirdparty.io.netty.util.concurrent.SingleThreadEventExecutor$5.run(SingleThreadEventExecutor.java:897)
	at org.apache.ratis.thirdparty.io.netty.util.concurrent.FastThreadLocalRunnable.run(FastThreadLocalRunnable.java:30)
	... 1 more
Caused by: java.net.ConnectException: Connection refused
	... 11 more
2019-11-14 15:11:29,314 [9ce1968d-df6d-4251-8f68-caf53c6f1d3e@group-3EC9F60C7CC4-LeaderElection205] INFO  impl.LeaderElection (LogUtils.java:infoOrTrace(149)) - 9ce1968d-df6d-4251-8f68-caf53c6f1d3e@group-3EC9F60C7CC4-LeaderElection205 got exception when requesting votes: {}
java.util.concurrent.ExecutionException: org.apache.ratis.thirdparty.io.grpc.StatusRuntimeException: UNAVAILABLE: io exception
	at java.util.concurrent.FutureTask.report(FutureTask.java:122)
	at java.util.concurrent.FutureTask.get(FutureTask.java:192)
	at org.apache.ratis.server.impl.LeaderElection.waitForResults(LeaderElection.java:259)
	at org.apache.ratis.server.impl.LeaderElection.askForVotes(LeaderElection.java:197)
	at org.apache.ratis.server.impl.LeaderElection.run(LeaderElection.java:133)
	at java.lang.Thread.run(Thread.java:748)
Caused by: org.apache.ratis.thirdparty.io.grpc.StatusRuntimeException: UNAVAILABLE: io exception
	at org.apache.ratis.thirdparty.io.grpc.stub.ClientCalls.toStatusRuntimeException(ClientCalls.java:233)
	at org.apache.ratis.thirdparty.io.grpc.stub.ClientCalls.getUnchecked(ClientCalls.java:214)
	at org.apache.ratis.thirdparty.io.grpc.stub.ClientCalls.blockingUnaryCall(ClientCalls.java:139)
	at org.apache.ratis.proto.grpc.RaftServerProtocolServiceGrpc$RaftServerProtocolServiceBlockingStub.requestVote(RaftServerProtocolServiceGrpc.java:265)
	at org.apache.ratis.grpc.server.GrpcServerProtocolClient.requestVote(GrpcServerProtocolClient.java:99)
	at org.apache.ratis.grpc.server.GrpcService.requestVote(GrpcService.java:204)
	at org.apache.ratis.server.impl.LeaderElection.lambda$submitRequests$1(LeaderElection.java:234)
	at java.util.concurrent.FutureTask.run(FutureTask.java:266)
	at java.util.concurrent.Executors$RunnableAdapter.call(Executors.java:511)
	at java.util.concurrent.FutureTask.run(FutureTask.java:266)
	at java.util.concurrent.ThreadPoolExecutor.runWorker(ThreadPoolExecutor.java:1149)
	at java.util.concurrent.ThreadPoolExecutor$Worker.run(ThreadPoolExecutor.java:624)
	... 1 more
Caused by: org.apache.ratis.thirdparty.io.netty.channel.AbstractChannel$AnnotatedConnectException: Connection refused: /192.168.34.62:37954
	at sun.nio.ch.SocketChannelImpl.checkConnect(Native Method)
	at sun.nio.ch.SocketChannelImpl.finishConnect(SocketChannelImpl.java:717)
	at org.apache.ratis.thirdparty.io.netty.channel.socket.nio.NioSocketChannel.doFinishConnect(NioSocketChannel.java:327)
	at org.apache.ratis.thirdparty.io.netty.channel.nio.AbstractNioChannel$AbstractNioUnsafe.finishConnect(AbstractNioChannel.java:340)
	at org.apache.ratis.thirdparty.io.netty.channel.nio.NioEventLoop.processSelectedKey(NioEventLoop.java:632)
	at org.apache.ratis.thirdparty.io.netty.channel.nio.NioEventLoop.processSelectedKeysOptimized(NioEventLoop.java:579)
	at org.apache.ratis.thirdparty.io.netty.channel.nio.NioEventLoop.processSelectedKeys(NioEventLoop.java:496)
	at org.apache.ratis.thirdparty.io.netty.channel.nio.NioEventLoop.run(NioEventLoop.java:458)
	at org.apache.ratis.thirdparty.io.netty.util.concurrent.SingleThreadEventExecutor$5.run(SingleThreadEventExecutor.java:897)
	at org.apache.ratis.thirdparty.io.netty.util.concurrent.FastThreadLocalRunnable.run(FastThreadLocalRunnable.java:30)
	... 1 more
Caused by: java.net.ConnectException: Connection refused
	... 11 more
2019-11-14 15:11:29,315 [9ce1968d-df6d-4251-8f68-caf53c6f1d3e@group-3EC9F60C7CC4-LeaderElection205] INFO  impl.LeaderElection (LeaderElection.java:logAndReturn(56)) - 9ce1968d-df6d-4251-8f68-caf53c6f1d3e@group-3EC9F60C7CC4-LeaderElection205: Election REJECTED; received 0 response(s) [] and 2 exception(s); 9ce1968d-df6d-4251-8f68-caf53c6f1d3e@group-3EC9F60C7CC4:t7, leader=null, voted=9ce1968d-df6d-4251-8f68-caf53c6f1d3e, raftlog=9ce1968d-df6d-4251-8f68-caf53c6f1d3e@group-3EC9F60C7CC4-SegmentedRaftLog:OPENED:c2,f2,i2, conf=1: [ee222113-7cfa-4d93-ae35-60587bc46978:192.168.34.62:36461, 9ce1968d-df6d-4251-8f68-caf53c6f1d3e:192.168.34.62:35975, c45d92cd-1d84-4e39-b22b-e775d9180271:192.168.34.62:37954], old=null
2019-11-14 15:11:29,315 [9ce1968d-df6d-4251-8f68-caf53c6f1d3e@group-3EC9F60C7CC4-LeaderElection205] INFO  impl.LeaderElection (LogUtils.java:infoOrTrace(149)) -   Exception 0: {}
java.util.concurrent.ExecutionException: org.apache.ratis.thirdparty.io.grpc.StatusRuntimeException: UNAVAILABLE: io exception
	at java.util.concurrent.FutureTask.report(FutureTask.java:122)
	at java.util.concurrent.FutureTask.get(FutureTask.java:192)
	at org.apache.ratis.server.impl.LeaderElection.waitForResults(LeaderElection.java:259)
	at org.apache.ratis.server.impl.LeaderElection.askForVotes(LeaderElection.java:197)
	at org.apache.ratis.server.impl.LeaderElection.run(LeaderElection.java:133)
	at java.lang.Thread.run(Thread.java:748)
Caused by: org.apache.ratis.thirdparty.io.grpc.StatusRuntimeException: UNAVAILABLE: io exception
	at org.apache.ratis.thirdparty.io.grpc.stub.ClientCalls.toStatusRuntimeException(ClientCalls.java:233)
	at org.apache.ratis.thirdparty.io.grpc.stub.ClientCalls.getUnchecked(ClientCalls.java:214)
	at org.apache.ratis.thirdparty.io.grpc.stub.ClientCalls.blockingUnaryCall(ClientCalls.java:139)
	at org.apache.ratis.proto.grpc.RaftServerProtocolServiceGrpc$RaftServerProtocolServiceBlockingStub.requestVote(RaftServerProtocolServiceGrpc.java:265)
	at org.apache.ratis.grpc.server.GrpcServerProtocolClient.requestVote(GrpcServerProtocolClient.java:99)
	at org.apache.ratis.grpc.server.GrpcService.requestVote(GrpcService.java:204)
	at org.apache.ratis.server.impl.LeaderElection.lambda$submitRequests$1(LeaderElection.java:234)
	at java.util.concurrent.FutureTask.run(FutureTask.java:266)
	at java.util.concurrent.Executors$RunnableAdapter.call(Executors.java:511)
	at java.util.concurrent.FutureTask.run(FutureTask.java:266)
	at java.util.concurrent.ThreadPoolExecutor.runWorker(ThreadPoolExecutor.java:1149)
	at java.util.concurrent.ThreadPoolExecutor$Worker.run(ThreadPoolExecutor.java:624)
	... 1 more
Caused by: org.apache.ratis.thirdparty.io.netty.channel.AbstractChannel$AnnotatedConnectException: Connection refused: /192.168.34.62:36461
	at sun.nio.ch.SocketChannelImpl.checkConnect(Native Method)
	at sun.nio.ch.SocketChannelImpl.finishConnect(SocketChannelImpl.java:717)
	at org.apache.ratis.thirdparty.io.netty.channel.socket.nio.NioSocketChannel.doFinishConnect(NioSocketChannel.java:327)
	at org.apache.ratis.thirdparty.io.netty.channel.nio.AbstractNioChannel$AbstractNioUnsafe.finishConnect(AbstractNioChannel.java:340)
	at org.apache.ratis.thirdparty.io.netty.channel.nio.NioEventLoop.processSelectedKey(NioEventLoop.java:632)
	at org.apache.ratis.thirdparty.io.netty.channel.nio.NioEventLoop.processSelectedKeysOptimized(NioEventLoop.java:579)
	at org.apache.ratis.thirdparty.io.netty.channel.nio.NioEventLoop.processSelectedKeys(NioEventLoop.java:496)
	at org.apache.ratis.thirdparty.io.netty.channel.nio.NioEventLoop.run(NioEventLoop.java:458)
	at org.apache.ratis.thirdparty.io.netty.util.concurrent.SingleThreadEventExecutor$5.run(SingleThreadEventExecutor.java:897)
	at org.apache.ratis.thirdparty.io.netty.util.concurrent.FastThreadLocalRunnable.run(FastThreadLocalRunnable.java:30)
	... 1 more
Caused by: java.net.ConnectException: Connection refused
	... 11 more
2019-11-14 15:11:29,315 [9ce1968d-df6d-4251-8f68-caf53c6f1d3e@group-3EC9F60C7CC4-LeaderElection205] INFO  impl.LeaderElection (LogUtils.java:infoOrTrace(149)) -   Exception 1: {}
java.util.concurrent.ExecutionException: org.apache.ratis.thirdparty.io.grpc.StatusRuntimeException: UNAVAILABLE: io exception
	at java.util.concurrent.FutureTask.report(FutureTask.java:122)
	at java.util.concurrent.FutureTask.get(FutureTask.java:192)
	at org.apache.ratis.server.impl.LeaderElection.waitForResults(LeaderElection.java:259)
	at org.apache.ratis.server.impl.LeaderElection.askForVotes(LeaderElection.java:197)
	at org.apache.ratis.server.impl.LeaderElection.run(LeaderElection.java:133)
	at java.lang.Thread.run(Thread.java:748)
Caused by: org.apache.ratis.thirdparty.io.grpc.StatusRuntimeException: UNAVAILABLE: io exception
	at org.apache.ratis.thirdparty.io.grpc.stub.ClientCalls.toStatusRuntimeException(ClientCalls.java:233)
	at org.apache.ratis.thirdparty.io.grpc.stub.ClientCalls.getUnchecked(ClientCalls.java:214)
	at org.apache.ratis.thirdparty.io.grpc.stub.ClientCalls.blockingUnaryCall(ClientCalls.java:139)
	at org.apache.ratis.proto.grpc.RaftServerProtocolServiceGrpc$RaftServerProtocolServiceBlockingStub.requestVote(RaftServerProtocolServiceGrpc.java:265)
	at org.apache.ratis.grpc.server.GrpcServerProtocolClient.requestVote(GrpcServerProtocolClient.java:99)
	at org.apache.ratis.grpc.server.GrpcService.requestVote(GrpcService.java:204)
	at org.apache.ratis.server.impl.LeaderElection.lambda$submitRequests$1(LeaderElection.java:234)
	at java.util.concurrent.FutureTask.run(FutureTask.java:266)
	at java.util.concurrent.Executors$RunnableAdapter.call(Executors.java:511)
	at java.util.concurrent.FutureTask.run(FutureTask.java:266)
	at java.util.concurrent.ThreadPoolExecutor.runWorker(ThreadPoolExecutor.java:1149)
	at java.util.concurrent.ThreadPoolExecutor$Worker.run(ThreadPoolExecutor.java:624)
	... 1 more
Caused by: org.apache.ratis.thirdparty.io.netty.channel.AbstractChannel$AnnotatedConnectException: Connection refused: /192.168.34.62:37954
	at sun.nio.ch.SocketChannelImpl.checkConnect(Native Method)
	at sun.nio.ch.SocketChannelImpl.finishConnect(SocketChannelImpl.java:717)
	at org.apache.ratis.thirdparty.io.netty.channel.socket.nio.NioSocketChannel.doFinishConnect(NioSocketChannel.java:327)
	at org.apache.ratis.thirdparty.io.netty.channel.nio.AbstractNioChannel$AbstractNioUnsafe.finishConnect(AbstractNioChannel.java:340)
	at org.apache.ratis.thirdparty.io.netty.channel.nio.NioEventLoop.processSelectedKey(NioEventLoop.java:632)
	at org.apache.ratis.thirdparty.io.netty.channel.nio.NioEventLoop.processSelectedKeysOptimized(NioEventLoop.java:579)
	at org.apache.ratis.thirdparty.io.netty.channel.nio.NioEventLoop.processSelectedKeys(NioEventLoop.java:496)
	at org.apache.ratis.thirdparty.io.netty.channel.nio.NioEventLoop.run(NioEventLoop.java:458)
	at org.apache.ratis.thirdparty.io.netty.util.concurrent.SingleThreadEventExecutor$5.run(SingleThreadEventExecutor.java:897)
	at org.apache.ratis.thirdparty.io.netty.util.concurrent.FastThreadLocalRunnable.run(FastThreadLocalRunnable.java:30)
	... 1 more
Caused by: java.net.ConnectException: Connection refused
	... 11 more
2019-11-14 15:11:29,315 [9ce1968d-df6d-4251-8f68-caf53c6f1d3e@group-3EC9F60C7CC4-LeaderElection205] INFO  impl.RaftServerImpl (RaftServerImpl.java:setRole(173)) - 9ce1968d-df6d-4251-8f68-caf53c6f1d3e@group-3EC9F60C7CC4: changes role from CANDIDATE to FOLLOWER at term 7 for DISCOVERED_A_NEW_TERM
2019-11-14 15:11:29,315 [9ce1968d-df6d-4251-8f68-caf53c6f1d3e@group-3EC9F60C7CC4-LeaderElection205] INFO  impl.RoleInfo (RoleInfo.java:shutdownLeaderElection(134)) - 9ce1968d-df6d-4251-8f68-caf53c6f1d3e: shutdown LeaderElection
2019-11-14 15:11:29,315 [9ce1968d-df6d-4251-8f68-caf53c6f1d3e@group-3EC9F60C7CC4-LeaderElection205] INFO  impl.RoleInfo (RoleInfo.java:updateAndGet(143)) - 9ce1968d-df6d-4251-8f68-caf53c6f1d3e: start FollowerState
2019-11-14 15:11:29,634 [Thread-4435] INFO  impl.FollowerState (FollowerState.java:run(111)) - de889d2b-5891-48f1-89d7-805f59e22d6d@group-81275DA7FAB4-FollowerState: change to CANDIDATE, lastRpcTime:1989ms, electionTimeout:1096ms
2019-11-14 15:11:29,634 [Thread-4435] INFO  impl.RoleInfo (RoleInfo.java:shutdownFollowerState(121)) - de889d2b-5891-48f1-89d7-805f59e22d6d: shutdown FollowerState
2019-11-14 15:11:29,634 [Thread-4435] INFO  impl.RaftServerImpl (RaftServerImpl.java:setRole(173)) - de889d2b-5891-48f1-89d7-805f59e22d6d@group-81275DA7FAB4: changes role from  FOLLOWER to CANDIDATE at term 1 for changeToCandidate
2019-11-14 15:11:29,634 [Thread-4435] INFO  impl.RoleInfo (RoleInfo.java:updateAndGet(143)) - de889d2b-5891-48f1-89d7-805f59e22d6d: start LeaderElection
2019-11-14 15:11:29,635 [de889d2b-5891-48f1-89d7-805f59e22d6d@group-81275DA7FAB4-LeaderElection206] INFO  impl.RaftServerImpl (ServerState.java:setLeader(255)) - de889d2b-5891-48f1-89d7-805f59e22d6d@group-81275DA7FAB4: change Leader from fdb64a2a-711d-4b74-a4a4-cacd6c2cad61 to null at term 1 for initElection
2019-11-14 15:11:29,649 [de889d2b-5891-48f1-89d7-805f59e22d6d@group-81275DA7FAB4-LeaderElection206] INFO  impl.LeaderElection (LeaderElection.java:askForVotes(178)) - de889d2b-5891-48f1-89d7-805f59e22d6d@group-81275DA7FAB4-LeaderElection206: begin an election at term 2 for 0: [fdb64a2a-711d-4b74-a4a4-cacd6c2cad61:192.168.34.62:37913, 34d60e7e-1049-4636-b4f7-69f15bd98c31:192.168.34.62:39382, de889d2b-5891-48f1-89d7-805f59e22d6d:192.168.34.62:42999], old=null
2019-11-14 15:11:29,651 [de889d2b-5891-48f1-89d7-805f59e22d6d@group-81275DA7FAB4-LeaderElection206] INFO  impl.LeaderElection (LogUtils.java:infoOrTrace(149)) - de889d2b-5891-48f1-89d7-805f59e22d6d@group-81275DA7FAB4-LeaderElection206 got exception when requesting votes: {}
java.util.concurrent.ExecutionException: org.apache.ratis.thirdparty.io.grpc.StatusRuntimeException: UNAVAILABLE: io exception
	at java.util.concurrent.FutureTask.report(FutureTask.java:122)
	at java.util.concurrent.FutureTask.get(FutureTask.java:192)
	at org.apache.ratis.server.impl.LeaderElection.waitForResults(LeaderElection.java:259)
	at org.apache.ratis.server.impl.LeaderElection.askForVotes(LeaderElection.java:197)
	at org.apache.ratis.server.impl.LeaderElection.run(LeaderElection.java:133)
	at java.lang.Thread.run(Thread.java:748)
Caused by: org.apache.ratis.thirdparty.io.grpc.StatusRuntimeException: UNAVAILABLE: io exception
	at org.apache.ratis.thirdparty.io.grpc.stub.ClientCalls.toStatusRuntimeException(ClientCalls.java:233)
	at org.apache.ratis.thirdparty.io.grpc.stub.ClientCalls.getUnchecked(ClientCalls.java:214)
	at org.apache.ratis.thirdparty.io.grpc.stub.ClientCalls.blockingUnaryCall(ClientCalls.java:139)
	at org.apache.ratis.proto.grpc.RaftServerProtocolServiceGrpc$RaftServerProtocolServiceBlockingStub.requestVote(RaftServerProtocolServiceGrpc.java:265)
	at org.apache.ratis.grpc.server.GrpcServerProtocolClient.requestVote(GrpcServerProtocolClient.java:99)
	at org.apache.ratis.grpc.server.GrpcService.requestVote(GrpcService.java:204)
	at org.apache.ratis.server.impl.LeaderElection.lambda$submitRequests$1(LeaderElection.java:234)
	at java.util.concurrent.FutureTask.run(FutureTask.java:266)
	at java.util.concurrent.Executors$RunnableAdapter.call(Executors.java:511)
	at java.util.concurrent.FutureTask.run(FutureTask.java:266)
	at java.util.concurrent.ThreadPoolExecutor.runWorker(ThreadPoolExecutor.java:1149)
	at java.util.concurrent.ThreadPoolExecutor$Worker.run(ThreadPoolExecutor.java:624)
	... 1 more
Caused by: org.apache.ratis.thirdparty.io.netty.channel.AbstractChannel$AnnotatedConnectException: Connection refused: /192.168.34.62:39382
	at sun.nio.ch.SocketChannelImpl.checkConnect(Native Method)
	at sun.nio.ch.SocketChannelImpl.finishConnect(SocketChannelImpl.java:717)
	at org.apache.ratis.thirdparty.io.netty.channel.socket.nio.NioSocketChannel.doFinishConnect(NioSocketChannel.java:327)
	at org.apache.ratis.thirdparty.io.netty.channel.nio.AbstractNioChannel$AbstractNioUnsafe.finishConnect(AbstractNioChannel.java:340)
	at org.apache.ratis.thirdparty.io.netty.channel.nio.NioEventLoop.processSelectedKey(NioEventLoop.java:632)
	at org.apache.ratis.thirdparty.io.netty.channel.nio.NioEventLoop.processSelectedKeysOptimized(NioEventLoop.java:579)
	at org.apache.ratis.thirdparty.io.netty.channel.nio.NioEventLoop.processSelectedKeys(NioEventLoop.java:496)
	at org.apache.ratis.thirdparty.io.netty.channel.nio.NioEventLoop.run(NioEventLoop.java:458)
	at org.apache.ratis.thirdparty.io.netty.util.concurrent.SingleThreadEventExecutor$5.run(SingleThreadEventExecutor.java:897)
	at org.apache.ratis.thirdparty.io.netty.util.concurrent.FastThreadLocalRunnable.run(FastThreadLocalRunnable.java:30)
	... 1 more
Caused by: java.net.ConnectException: Connection refused
	... 11 more
2019-11-14 15:11:29,651 [de889d2b-5891-48f1-89d7-805f59e22d6d@group-81275DA7FAB4-LeaderElection206] INFO  impl.LeaderElection (LogUtils.java:infoOrTrace(149)) - de889d2b-5891-48f1-89d7-805f59e22d6d@group-81275DA7FAB4-LeaderElection206 got exception when requesting votes: {}
java.util.concurrent.ExecutionException: org.apache.ratis.thirdparty.io.grpc.StatusRuntimeException: UNAVAILABLE: io exception
	at java.util.concurrent.FutureTask.report(FutureTask.java:122)
	at java.util.concurrent.FutureTask.get(FutureTask.java:192)
	at org.apache.ratis.server.impl.LeaderElection.waitForResults(LeaderElection.java:259)
	at org.apache.ratis.server.impl.LeaderElection.askForVotes(LeaderElection.java:197)
	at org.apache.ratis.server.impl.LeaderElection.run(LeaderElection.java:133)
	at java.lang.Thread.run(Thread.java:748)
Caused by: org.apache.ratis.thirdparty.io.grpc.StatusRuntimeException: UNAVAILABLE: io exception
	at org.apache.ratis.thirdparty.io.grpc.stub.ClientCalls.toStatusRuntimeException(ClientCalls.java:233)
	at org.apache.ratis.thirdparty.io.grpc.stub.ClientCalls.getUnchecked(ClientCalls.java:214)
	at org.apache.ratis.thirdparty.io.grpc.stub.ClientCalls.blockingUnaryCall(ClientCalls.java:139)
	at org.apache.ratis.proto.grpc.RaftServerProtocolServiceGrpc$RaftServerProtocolServiceBlockingStub.requestVote(RaftServerProtocolServiceGrpc.java:265)
	at org.apache.ratis.grpc.server.GrpcServerProtocolClient.requestVote(GrpcServerProtocolClient.java:99)
	at org.apache.ratis.grpc.server.GrpcService.requestVote(GrpcService.java:204)
	at org.apache.ratis.server.impl.LeaderElection.lambda$submitRequests$1(LeaderElection.java:234)
	at java.util.concurrent.FutureTask.run(FutureTask.java:266)
	at java.util.concurrent.Executors$RunnableAdapter.call(Executors.java:511)
	at java.util.concurrent.FutureTask.run(FutureTask.java:266)
	at java.util.concurrent.ThreadPoolExecutor.runWorker(ThreadPoolExecutor.java:1149)
	at java.util.concurrent.ThreadPoolExecutor$Worker.run(ThreadPoolExecutor.java:624)
	... 1 more
Caused by: org.apache.ratis.thirdparty.io.netty.channel.AbstractChannel$AnnotatedConnectException: Connection refused: /192.168.34.62:37913
	at sun.nio.ch.SocketChannelImpl.checkConnect(Native Method)
	at sun.nio.ch.SocketChannelImpl.finishConnect(SocketChannelImpl.java:717)
	at org.apache.ratis.thirdparty.io.netty.channel.socket.nio.NioSocketChannel.doFinishConnect(NioSocketChannel.java:327)
	at org.apache.ratis.thirdparty.io.netty.channel.nio.AbstractNioChannel$AbstractNioUnsafe.finishConnect(AbstractNioChannel.java:340)
	at org.apache.ratis.thirdparty.io.netty.channel.nio.NioEventLoop.processSelectedKey(NioEventLoop.java:632)
	at org.apache.ratis.thirdparty.io.netty.channel.nio.NioEventLoop.processSelectedKeysOptimized(NioEventLoop.java:579)
	at org.apache.ratis.thirdparty.io.netty.channel.nio.NioEventLoop.processSelectedKeys(NioEventLoop.java:496)
	at org.apache.ratis.thirdparty.io.netty.channel.nio.NioEventLoop.run(NioEventLoop.java:458)
	at org.apache.ratis.thirdparty.io.netty.util.concurrent.SingleThreadEventExecutor$5.run(SingleThreadEventExecutor.java:897)
	at org.apache.ratis.thirdparty.io.netty.util.concurrent.FastThreadLocalRunnable.run(FastThreadLocalRunnable.java:30)
	... 1 more
Caused by: java.net.ConnectException: Connection refused
	... 11 more
2019-11-14 15:11:29,652 [de889d2b-5891-48f1-89d7-805f59e22d6d@group-81275DA7FAB4-LeaderElection206] INFO  impl.LeaderElection (LeaderElection.java:logAndReturn(56)) - de889d2b-5891-48f1-89d7-805f59e22d6d@group-81275DA7FAB4-LeaderElection206: Election REJECTED; received 0 response(s) [] and 2 exception(s); de889d2b-5891-48f1-89d7-805f59e22d6d@group-81275DA7FAB4:t2, leader=null, voted=de889d2b-5891-48f1-89d7-805f59e22d6d, raftlog=de889d2b-5891-48f1-89d7-805f59e22d6d@group-81275DA7FAB4-SegmentedRaftLog:OPENED:c7,f7,i7, conf=0: [fdb64a2a-711d-4b74-a4a4-cacd6c2cad61:192.168.34.62:37913, 34d60e7e-1049-4636-b4f7-69f15bd98c31:192.168.34.62:39382, de889d2b-5891-48f1-89d7-805f59e22d6d:192.168.34.62:42999], old=null
2019-11-14 15:11:29,652 [de889d2b-5891-48f1-89d7-805f59e22d6d@group-81275DA7FAB4-LeaderElection206] INFO  impl.LeaderElection (LogUtils.java:infoOrTrace(149)) -   Exception 0: {}
java.util.concurrent.ExecutionException: org.apache.ratis.thirdparty.io.grpc.StatusRuntimeException: UNAVAILABLE: io exception
	at java.util.concurrent.FutureTask.report(FutureTask.java:122)
	at java.util.concurrent.FutureTask.get(FutureTask.java:192)
	at org.apache.ratis.server.impl.LeaderElection.waitForResults(LeaderElection.java:259)
	at org.apache.ratis.server.impl.LeaderElection.askForVotes(LeaderElection.java:197)
	at org.apache.ratis.server.impl.LeaderElection.run(LeaderElection.java:133)
	at java.lang.Thread.run(Thread.java:748)
Caused by: org.apache.ratis.thirdparty.io.grpc.StatusRuntimeException: UNAVAILABLE: io exception
	at org.apache.ratis.thirdparty.io.grpc.stub.ClientCalls.toStatusRuntimeException(ClientCalls.java:233)
	at org.apache.ratis.thirdparty.io.grpc.stub.ClientCalls.getUnchecked(ClientCalls.java:214)
	at org.apache.ratis.thirdparty.io.grpc.stub.ClientCalls.blockingUnaryCall(ClientCalls.java:139)
	at org.apache.ratis.proto.grpc.RaftServerProtocolServiceGrpc$RaftServerProtocolServiceBlockingStub.requestVote(RaftServerProtocolServiceGrpc.java:265)
	at org.apache.ratis.grpc.server.GrpcServerProtocolClient.requestVote(GrpcServerProtocolClient.java:99)
	at org.apache.ratis.grpc.server.GrpcService.requestVote(GrpcService.java:204)
	at org.apache.ratis.server.impl.LeaderElection.lambda$submitRequests$1(LeaderElection.java:234)
	at java.util.concurrent.FutureTask.run(FutureTask.java:266)
	at java.util.concurrent.Executors$RunnableAdapter.call(Executors.java:511)
	at java.util.concurrent.FutureTask.run(FutureTask.java:266)
	at java.util.concurrent.ThreadPoolExecutor.runWorker(ThreadPoolExecutor.java:1149)
	at java.util.concurrent.ThreadPoolExecutor$Worker.run(ThreadPoolExecutor.java:624)
	... 1 more
Caused by: org.apache.ratis.thirdparty.io.netty.channel.AbstractChannel$AnnotatedConnectException: Connection refused: /192.168.34.62:39382
	at sun.nio.ch.SocketChannelImpl.checkConnect(Native Method)
	at sun.nio.ch.SocketChannelImpl.finishConnect(SocketChannelImpl.java:717)
	at org.apache.ratis.thirdparty.io.netty.channel.socket.nio.NioSocketChannel.doFinishConnect(NioSocketChannel.java:327)
	at org.apache.ratis.thirdparty.io.netty.channel.nio.AbstractNioChannel$AbstractNioUnsafe.finishConnect(AbstractNioChannel.java:340)
	at org.apache.ratis.thirdparty.io.netty.channel.nio.NioEventLoop.processSelectedKey(NioEventLoop.java:632)
	at org.apache.ratis.thirdparty.io.netty.channel.nio.NioEventLoop.processSelectedKeysOptimized(NioEventLoop.java:579)
	at org.apache.ratis.thirdparty.io.netty.channel.nio.NioEventLoop.processSelectedKeys(NioEventLoop.java:496)
	at org.apache.ratis.thirdparty.io.netty.channel.nio.NioEventLoop.run(NioEventLoop.java:458)
	at org.apache.ratis.thirdparty.io.netty.util.concurrent.SingleThreadEventExecutor$5.run(SingleThreadEventExecutor.java:897)
	at org.apache.ratis.thirdparty.io.netty.util.concurrent.FastThreadLocalRunnable.run(FastThreadLocalRunnable.java:30)
	... 1 more
Caused by: java.net.ConnectException: Connection refused
	... 11 more
2019-11-14 15:11:29,652 [de889d2b-5891-48f1-89d7-805f59e22d6d@group-81275DA7FAB4-LeaderElection206] INFO  impl.LeaderElection (LogUtils.java:infoOrTrace(149)) -   Exception 1: {}
java.util.concurrent.ExecutionException: org.apache.ratis.thirdparty.io.grpc.StatusRuntimeException: UNAVAILABLE: io exception
	at java.util.concurrent.FutureTask.report(FutureTask.java:122)
	at java.util.concurrent.FutureTask.get(FutureTask.java:192)
	at org.apache.ratis.server.impl.LeaderElection.waitForResults(LeaderElection.java:259)
	at org.apache.ratis.server.impl.LeaderElection.askForVotes(LeaderElection.java:197)
	at org.apache.ratis.server.impl.LeaderElection.run(LeaderElection.java:133)
	at java.lang.Thread.run(Thread.java:748)
Caused by: org.apache.ratis.thirdparty.io.grpc.StatusRuntimeException: UNAVAILABLE: io exception
	at org.apache.ratis.thirdparty.io.grpc.stub.ClientCalls.toStatusRuntimeException(ClientCalls.java:233)
	at org.apache.ratis.thirdparty.io.grpc.stub.ClientCalls.getUnchecked(ClientCalls.java:214)
	at org.apache.ratis.thirdparty.io.grpc.stub.ClientCalls.blockingUnaryCall(ClientCalls.java:139)
	at org.apache.ratis.proto.grpc.RaftServerProtocolServiceGrpc$RaftServerProtocolServiceBlockingStub.requestVote(RaftServerProtocolServiceGrpc.java:265)
	at org.apache.ratis.grpc.server.GrpcServerProtocolClient.requestVote(GrpcServerProtocolClient.java:99)
	at org.apache.ratis.grpc.server.GrpcService.requestVote(GrpcService.java:204)
	at org.apache.ratis.server.impl.LeaderElection.lambda$submitRequests$1(LeaderElection.java:234)
	at java.util.concurrent.FutureTask.run(FutureTask.java:266)
	at java.util.concurrent.Executors$RunnableAdapter.call(Executors.java:511)
	at java.util.concurrent.FutureTask.run(FutureTask.java:266)
	at java.util.concurrent.ThreadPoolExecutor.runWorker(ThreadPoolExecutor.java:1149)
	at java.util.concurrent.ThreadPoolExecutor$Worker.run(ThreadPoolExecutor.java:624)
	... 1 more
Caused by: org.apache.ratis.thirdparty.io.netty.channel.AbstractChannel$AnnotatedConnectException: Connection refused: /192.168.34.62:37913
	at sun.nio.ch.SocketChannelImpl.checkConnect(Native Method)
	at sun.nio.ch.SocketChannelImpl.finishConnect(SocketChannelImpl.java:717)
	at org.apache.ratis.thirdparty.io.netty.channel.socket.nio.NioSocketChannel.doFinishConnect(NioSocketChannel.java:327)
	at org.apache.ratis.thirdparty.io.netty.channel.nio.AbstractNioChannel$AbstractNioUnsafe.finishConnect(AbstractNioChannel.java:340)
	at org.apache.ratis.thirdparty.io.netty.channel.nio.NioEventLoop.processSelectedKey(NioEventLoop.java:632)
	at org.apache.ratis.thirdparty.io.netty.channel.nio.NioEventLoop.processSelectedKeysOptimized(NioEventLoop.java:579)
	at org.apache.ratis.thirdparty.io.netty.channel.nio.NioEventLoop.processSelectedKeys(NioEventLoop.java:496)
	at org.apache.ratis.thirdparty.io.netty.channel.nio.NioEventLoop.run(NioEventLoop.java:458)
	at org.apache.ratis.thirdparty.io.netty.util.concurrent.SingleThreadEventExecutor$5.run(SingleThreadEventExecutor.java:897)
	at org.apache.ratis.thirdparty.io.netty.util.concurrent.FastThreadLocalRunnable.run(FastThreadLocalRunnable.java:30)
	... 1 more
Caused by: java.net.ConnectException: Connection refused
	... 11 more
2019-11-14 15:11:29,652 [de889d2b-5891-48f1-89d7-805f59e22d6d@group-81275DA7FAB4-LeaderElection206] INFO  impl.RaftServerImpl (RaftServerImpl.java:setRole(173)) - de889d2b-5891-48f1-89d7-805f59e22d6d@group-81275DA7FAB4: changes role from CANDIDATE to FOLLOWER at term 2 for DISCOVERED_A_NEW_TERM
2019-11-14 15:11:29,653 [de889d2b-5891-48f1-89d7-805f59e22d6d@group-81275DA7FAB4-LeaderElection206] INFO  impl.RoleInfo (RoleInfo.java:shutdownLeaderElection(134)) - de889d2b-5891-48f1-89d7-805f59e22d6d: shutdown LeaderElection
2019-11-14 15:11:29,653 [de889d2b-5891-48f1-89d7-805f59e22d6d@group-81275DA7FAB4-LeaderElection206] INFO  impl.RoleInfo (RoleInfo.java:updateAndGet(143)) - de889d2b-5891-48f1-89d7-805f59e22d6d: start FollowerState
2019-11-14 15:11:30,353 [Thread-4641] INFO  impl.FollowerState (FollowerState.java:run(111)) - 9ce1968d-df6d-4251-8f68-caf53c6f1d3e@group-3EC9F60C7CC4-FollowerState: change to CANDIDATE, lastRpcTime:1037ms, electionTimeout:1037ms
2019-11-14 15:11:30,353 [Thread-4641] INFO  impl.RoleInfo (RoleInfo.java:shutdownFollowerState(121)) - 9ce1968d-df6d-4251-8f68-caf53c6f1d3e: shutdown FollowerState
2019-11-14 15:11:30,353 [Thread-4641] INFO  impl.RaftServerImpl (RaftServerImpl.java:setRole(173)) - 9ce1968d-df6d-4251-8f68-caf53c6f1d3e@group-3EC9F60C7CC4: changes role from  FOLLOWER to CANDIDATE at term 7 for changeToCandidate
2019-11-14 15:11:30,353 [Thread-4641] INFO  impl.RoleInfo (RoleInfo.java:updateAndGet(143)) - 9ce1968d-df6d-4251-8f68-caf53c6f1d3e: start LeaderElection
2019-11-14 15:11:30,367 [9ce1968d-df6d-4251-8f68-caf53c6f1d3e@group-3EC9F60C7CC4-LeaderElection207] INFO  impl.LeaderElection (LeaderElection.java:askForVotes(178)) - 9ce1968d-df6d-4251-8f68-caf53c6f1d3e@group-3EC9F60C7CC4-LeaderElection207: begin an election at term 8 for 1: [ee222113-7cfa-4d93-ae35-60587bc46978:192.168.34.62:36461, 9ce1968d-df6d-4251-8f68-caf53c6f1d3e:192.168.34.62:35975, c45d92cd-1d84-4e39-b22b-e775d9180271:192.168.34.62:37954], old=null
2019-11-14 15:11:30,368 [9ce1968d-df6d-4251-8f68-caf53c6f1d3e@group-3EC9F60C7CC4-LeaderElection207] INFO  impl.LeaderElection (LogUtils.java:infoOrTrace(149)) - 9ce1968d-df6d-4251-8f68-caf53c6f1d3e@group-3EC9F60C7CC4-LeaderElection207 got exception when requesting votes: {}
java.util.concurrent.ExecutionException: org.apache.ratis.thirdparty.io.grpc.StatusRuntimeException: UNAVAILABLE: io exception
	at java.util.concurrent.FutureTask.report(FutureTask.java:122)
	at java.util.concurrent.FutureTask.get(FutureTask.java:192)
	at org.apache.ratis.server.impl.LeaderElection.waitForResults(LeaderElection.java:259)
	at org.apache.ratis.server.impl.LeaderElection.askForVotes(LeaderElection.java:197)
	at org.apache.ratis.server.impl.LeaderElection.run(LeaderElection.java:133)
	at java.lang.Thread.run(Thread.java:748)
Caused by: org.apache.ratis.thirdparty.io.grpc.StatusRuntimeException: UNAVAILABLE: io exception
	at org.apache.ratis.thirdparty.io.grpc.stub.ClientCalls.toStatusRuntimeException(ClientCalls.java:233)
	at org.apache.ratis.thirdparty.io.grpc.stub.ClientCalls.getUnchecked(ClientCalls.java:214)
	at org.apache.ratis.thirdparty.io.grpc.stub.ClientCalls.blockingUnaryCall(ClientCalls.java:139)
	at org.apache.ratis.proto.grpc.RaftServerProtocolServiceGrpc$RaftServerProtocolServiceBlockingStub.requestVote(RaftServerProtocolServiceGrpc.java:265)
	at org.apache.ratis.grpc.server.GrpcServerProtocolClient.requestVote(GrpcServerProtocolClient.java:99)
	at org.apache.ratis.grpc.server.GrpcService.requestVote(GrpcService.java:204)
	at org.apache.ratis.server.impl.LeaderElection.lambda$submitRequests$1(LeaderElection.java:234)
	at java.util.concurrent.FutureTask.run(FutureTask.java:266)
	at java.util.concurrent.Executors$RunnableAdapter.call(Executors.java:511)
	at java.util.concurrent.FutureTask.run(FutureTask.java:266)
	at java.util.concurrent.ThreadPoolExecutor.runWorker(ThreadPoolExecutor.java:1149)
	at java.util.concurrent.ThreadPoolExecutor$Worker.run(ThreadPoolExecutor.java:624)
	... 1 more
Caused by: org.apache.ratis.thirdparty.io.netty.channel.AbstractChannel$AnnotatedConnectException: Connection refused: /192.168.34.62:37954
	at sun.nio.ch.SocketChannelImpl.checkConnect(Native Method)
	at sun.nio.ch.SocketChannelImpl.finishConnect(SocketChannelImpl.java:717)
	at org.apache.ratis.thirdparty.io.netty.channel.socket.nio.NioSocketChannel.doFinishConnect(NioSocketChannel.java:327)
	at org.apache.ratis.thirdparty.io.netty.channel.nio.AbstractNioChannel$AbstractNioUnsafe.finishConnect(AbstractNioChannel.java:340)
	at org.apache.ratis.thirdparty.io.netty.channel.nio.NioEventLoop.processSelectedKey(NioEventLoop.java:632)
	at org.apache.ratis.thirdparty.io.netty.channel.nio.NioEventLoop.processSelectedKeysOptimized(NioEventLoop.java:579)
	at org.apache.ratis.thirdparty.io.netty.channel.nio.NioEventLoop.processSelectedKeys(NioEventLoop.java:496)
	at org.apache.ratis.thirdparty.io.netty.channel.nio.NioEventLoop.run(NioEventLoop.java:458)
	at org.apache.ratis.thirdparty.io.netty.util.concurrent.SingleThreadEventExecutor$5.run(SingleThreadEventExecutor.java:897)
	at org.apache.ratis.thirdparty.io.netty.util.concurrent.FastThreadLocalRunnable.run(FastThreadLocalRunnable.java:30)
	... 1 more
Caused by: java.net.ConnectException: Connection refused
	... 11 more
2019-11-14 15:11:30,369 [9ce1968d-df6d-4251-8f68-caf53c6f1d3e@group-3EC9F60C7CC4-LeaderElection207] INFO  impl.LeaderElection (LogUtils.java:infoOrTrace(149)) - 9ce1968d-df6d-4251-8f68-caf53c6f1d3e@group-3EC9F60C7CC4-LeaderElection207 got exception when requesting votes: {}
java.util.concurrent.ExecutionException: org.apache.ratis.thirdparty.io.grpc.StatusRuntimeException: UNAVAILABLE: io exception
	at java.util.concurrent.FutureTask.report(FutureTask.java:122)
	at java.util.concurrent.FutureTask.get(FutureTask.java:192)
	at org.apache.ratis.server.impl.LeaderElection.waitForResults(LeaderElection.java:259)
	at org.apache.ratis.server.impl.LeaderElection.askForVotes(LeaderElection.java:197)
	at org.apache.ratis.server.impl.LeaderElection.run(LeaderElection.java:133)
	at java.lang.Thread.run(Thread.java:748)
Caused by: org.apache.ratis.thirdparty.io.grpc.StatusRuntimeException: UNAVAILABLE: io exception
	at org.apache.ratis.thirdparty.io.grpc.stub.ClientCalls.toStatusRuntimeException(ClientCalls.java:233)
	at org.apache.ratis.thirdparty.io.grpc.stub.ClientCalls.getUnchecked(ClientCalls.java:214)
	at org.apache.ratis.thirdparty.io.grpc.stub.ClientCalls.blockingUnaryCall(ClientCalls.java:139)
	at org.apache.ratis.proto.grpc.RaftServerProtocolServiceGrpc$RaftServerProtocolServiceBlockingStub.requestVote(RaftServerProtocolServiceGrpc.java:265)
	at org.apache.ratis.grpc.server.GrpcServerProtocolClient.requestVote(GrpcServerProtocolClient.java:99)
	at org.apache.ratis.grpc.server.GrpcService.requestVote(GrpcService.java:204)
	at org.apache.ratis.server.impl.LeaderElection.lambda$submitRequests$1(LeaderElection.java:234)
	at java.util.concurrent.FutureTask.run(FutureTask.java:266)
	at java.util.concurrent.Executors$RunnableAdapter.call(Executors.java:511)
	at java.util.concurrent.FutureTask.run(FutureTask.java:266)
	at java.util.concurrent.ThreadPoolExecutor.runWorker(ThreadPoolExecutor.java:1149)
	at java.util.concurrent.ThreadPoolExecutor$Worker.run(ThreadPoolExecutor.java:624)
	... 1 more
Caused by: org.apache.ratis.thirdparty.io.netty.channel.AbstractChannel$AnnotatedConnectException: Connection refused: /192.168.34.62:36461
	at sun.nio.ch.SocketChannelImpl.checkConnect(Native Method)
	at sun.nio.ch.SocketChannelImpl.finishConnect(SocketChannelImpl.java:717)
	at org.apache.ratis.thirdparty.io.netty.channel.socket.nio.NioSocketChannel.doFinishConnect(NioSocketChannel.java:327)
	at org.apache.ratis.thirdparty.io.netty.channel.nio.AbstractNioChannel$AbstractNioUnsafe.finishConnect(AbstractNioChannel.java:340)
	at org.apache.ratis.thirdparty.io.netty.channel.nio.NioEventLoop.processSelectedKey(NioEventLoop.java:632)
	at org.apache.ratis.thirdparty.io.netty.channel.nio.NioEventLoop.processSelectedKeysOptimized(NioEventLoop.java:579)
	at org.apache.ratis.thirdparty.io.netty.channel.nio.NioEventLoop.processSelectedKeys(NioEventLoop.java:496)
	at org.apache.ratis.thirdparty.io.netty.channel.nio.NioEventLoop.run(NioEventLoop.java:458)
	at org.apache.ratis.thirdparty.io.netty.util.concurrent.SingleThreadEventExecutor$5.run(SingleThreadEventExecutor.java:897)
	at org.apache.ratis.thirdparty.io.netty.util.concurrent.FastThreadLocalRunnable.run(FastThreadLocalRunnable.java:30)
	... 1 more
Caused by: java.net.ConnectException: Connection refused
	... 11 more
2019-11-14 15:11:30,369 [9ce1968d-df6d-4251-8f68-caf53c6f1d3e@group-3EC9F60C7CC4-LeaderElection207] INFO  impl.LeaderElection (LeaderElection.java:logAndReturn(56)) - 9ce1968d-df6d-4251-8f68-caf53c6f1d3e@group-3EC9F60C7CC4-LeaderElection207: Election REJECTED; received 0 response(s) [] and 2 exception(s); 9ce1968d-df6d-4251-8f68-caf53c6f1d3e@group-3EC9F60C7CC4:t8, leader=null, voted=9ce1968d-df6d-4251-8f68-caf53c6f1d3e, raftlog=9ce1968d-df6d-4251-8f68-caf53c6f1d3e@group-3EC9F60C7CC4-SegmentedRaftLog:OPENED:c2,f2,i2, conf=1: [ee222113-7cfa-4d93-ae35-60587bc46978:192.168.34.62:36461, 9ce1968d-df6d-4251-8f68-caf53c6f1d3e:192.168.34.62:35975, c45d92cd-1d84-4e39-b22b-e775d9180271:192.168.34.62:37954], old=null
2019-11-14 15:11:30,370 [9ce1968d-df6d-4251-8f68-caf53c6f1d3e@group-3EC9F60C7CC4-LeaderElection207] INFO  impl.LeaderElection (LogUtils.java:infoOrTrace(149)) -   Exception 0: {}
java.util.concurrent.ExecutionException: org.apache.ratis.thirdparty.io.grpc.StatusRuntimeException: UNAVAILABLE: io exception
	at java.util.concurrent.FutureTask.report(FutureTask.java:122)
	at java.util.concurrent.FutureTask.get(FutureTask.java:192)
	at org.apache.ratis.server.impl.LeaderElection.waitForResults(LeaderElection.java:259)
	at org.apache.ratis.server.impl.LeaderElection.askForVotes(LeaderElection.java:197)
	at org.apache.ratis.server.impl.LeaderElection.run(LeaderElection.java:133)
	at java.lang.Thread.run(Thread.java:748)
Caused by: org.apache.ratis.thirdparty.io.grpc.StatusRuntimeException: UNAVAILABLE: io exception
	at org.apache.ratis.thirdparty.io.grpc.stub.ClientCalls.toStatusRuntimeException(ClientCalls.java:233)
	at org.apache.ratis.thirdparty.io.grpc.stub.ClientCalls.getUnchecked(ClientCalls.java:214)
	at org.apache.ratis.thirdparty.io.grpc.stub.ClientCalls.blockingUnaryCall(ClientCalls.java:139)
	at org.apache.ratis.proto.grpc.RaftServerProtocolServiceGrpc$RaftServerProtocolServiceBlockingStub.requestVote(RaftServerProtocolServiceGrpc.java:265)
	at org.apache.ratis.grpc.server.GrpcServerProtocolClient.requestVote(GrpcServerProtocolClient.java:99)
	at org.apache.ratis.grpc.server.GrpcService.requestVote(GrpcService.java:204)
	at org.apache.ratis.server.impl.LeaderElection.lambda$submitRequests$1(LeaderElection.java:234)
	at java.util.concurrent.FutureTask.run(FutureTask.java:266)
	at java.util.concurrent.Executors$RunnableAdapter.call(Executors.java:511)
	at java.util.concurrent.FutureTask.run(FutureTask.java:266)
	at java.util.concurrent.ThreadPoolExecutor.runWorker(ThreadPoolExecutor.java:1149)
	at java.util.concurrent.ThreadPoolExecutor$Worker.run(ThreadPoolExecutor.java:624)
	... 1 more
Caused by: org.apache.ratis.thirdparty.io.netty.channel.AbstractChannel$AnnotatedConnectException: Connection refused: /192.168.34.62:37954
	at sun.nio.ch.SocketChannelImpl.checkConnect(Native Method)
	at sun.nio.ch.SocketChannelImpl.finishConnect(SocketChannelImpl.java:717)
	at org.apache.ratis.thirdparty.io.netty.channel.socket.nio.NioSocketChannel.doFinishConnect(NioSocketChannel.java:327)
	at org.apache.ratis.thirdparty.io.netty.channel.nio.AbstractNioChannel$AbstractNioUnsafe.finishConnect(AbstractNioChannel.java:340)
	at org.apache.ratis.thirdparty.io.netty.channel.nio.NioEventLoop.processSelectedKey(NioEventLoop.java:632)
	at org.apache.ratis.thirdparty.io.netty.channel.nio.NioEventLoop.processSelectedKeysOptimized(NioEventLoop.java:579)
	at org.apache.ratis.thirdparty.io.netty.channel.nio.NioEventLoop.processSelectedKeys(NioEventLoop.java:496)
	at org.apache.ratis.thirdparty.io.netty.channel.nio.NioEventLoop.run(NioEventLoop.java:458)
	at org.apache.ratis.thirdparty.io.netty.util.concurrent.SingleThreadEventExecutor$5.run(SingleThreadEventExecutor.java:897)
	at org.apache.ratis.thirdparty.io.netty.util.concurrent.FastThreadLocalRunnable.run(FastThreadLocalRunnable.java:30)
	... 1 more
Caused by: java.net.ConnectException: Connection refused
	... 11 more
2019-11-14 15:11:30,370 [9ce1968d-df6d-4251-8f68-caf53c6f1d3e@group-3EC9F60C7CC4-LeaderElection207] INFO  impl.LeaderElection (LogUtils.java:infoOrTrace(149)) -   Exception 1: {}
java.util.concurrent.ExecutionException: org.apache.ratis.thirdparty.io.grpc.StatusRuntimeException: UNAVAILABLE: io exception
	at java.util.concurrent.FutureTask.report(FutureTask.java:122)
	at java.util.concurrent.FutureTask.get(FutureTask.java:192)
	at org.apache.ratis.server.impl.LeaderElection.waitForResults(LeaderElection.java:259)
	at org.apache.ratis.server.impl.LeaderElection.askForVotes(LeaderElection.java:197)
	at org.apache.ratis.server.impl.LeaderElection.run(LeaderElection.java:133)
	at java.lang.Thread.run(Thread.java:748)
Caused by: org.apache.ratis.thirdparty.io.grpc.StatusRuntimeException: UNAVAILABLE: io exception
	at org.apache.ratis.thirdparty.io.grpc.stub.ClientCalls.toStatusRuntimeException(ClientCalls.java:233)
	at org.apache.ratis.thirdparty.io.grpc.stub.ClientCalls.getUnchecked(ClientCalls.java:214)
	at org.apache.ratis.thirdparty.io.grpc.stub.ClientCalls.blockingUnaryCall(ClientCalls.java:139)
	at org.apache.ratis.proto.grpc.RaftServerProtocolServiceGrpc$RaftServerProtocolServiceBlockingStub.requestVote(RaftServerProtocolServiceGrpc.java:265)
	at org.apache.ratis.grpc.server.GrpcServerProtocolClient.requestVote(GrpcServerProtocolClient.java:99)
	at org.apache.ratis.grpc.server.GrpcService.requestVote(GrpcService.java:204)
	at org.apache.ratis.server.impl.LeaderElection.lambda$submitRequests$1(LeaderElection.java:234)
	at java.util.concurrent.FutureTask.run(FutureTask.java:266)
	at java.util.concurrent.Executors$RunnableAdapter.call(Executors.java:511)
	at java.util.concurrent.FutureTask.run(FutureTask.java:266)
	at java.util.concurrent.ThreadPoolExecutor.runWorker(ThreadPoolExecutor.java:1149)
	at java.util.concurrent.ThreadPoolExecutor$Worker.run(ThreadPoolExecutor.java:624)
	... 1 more
Caused by: org.apache.ratis.thirdparty.io.netty.channel.AbstractChannel$AnnotatedConnectException: Connection refused: /192.168.34.62:36461
	at sun.nio.ch.SocketChannelImpl.checkConnect(Native Method)
	at sun.nio.ch.SocketChannelImpl.finishConnect(SocketChannelImpl.java:717)
	at org.apache.ratis.thirdparty.io.netty.channel.socket.nio.NioSocketChannel.doFinishConnect(NioSocketChannel.java:327)
	at org.apache.ratis.thirdparty.io.netty.channel.nio.AbstractNioChannel$AbstractNioUnsafe.finishConnect(AbstractNioChannel.java:340)
	at org.apache.ratis.thirdparty.io.netty.channel.nio.NioEventLoop.processSelectedKey(NioEventLoop.java:632)
	at org.apache.ratis.thirdparty.io.netty.channel.nio.NioEventLoop.processSelectedKeysOptimized(NioEventLoop.java:579)
	at org.apache.ratis.thirdparty.io.netty.channel.nio.NioEventLoop.processSelectedKeys(NioEventLoop.java:496)
	at org.apache.ratis.thirdparty.io.netty.channel.nio.NioEventLoop.run(NioEventLoop.java:458)
	at org.apache.ratis.thirdparty.io.netty.util.concurrent.SingleThreadEventExecutor$5.run(SingleThreadEventExecutor.java:897)
	at org.apache.ratis.thirdparty.io.netty.util.concurrent.FastThreadLocalRunnable.run(FastThreadLocalRunnable.java:30)
	... 1 more
Caused by: java.net.ConnectException: Connection refused
	... 11 more
2019-11-14 15:11:30,371 [9ce1968d-df6d-4251-8f68-caf53c6f1d3e@group-3EC9F60C7CC4-LeaderElection207] INFO  impl.RaftServerImpl (RaftServerImpl.java:setRole(173)) - 9ce1968d-df6d-4251-8f68-caf53c6f1d3e@group-3EC9F60C7CC4: changes role from CANDIDATE to FOLLOWER at term 8 for DISCOVERED_A_NEW_TERM
2019-11-14 15:11:30,371 [9ce1968d-df6d-4251-8f68-caf53c6f1d3e@group-3EC9F60C7CC4-LeaderElection207] INFO  impl.RoleInfo (RoleInfo.java:shutdownLeaderElection(134)) - 9ce1968d-df6d-4251-8f68-caf53c6f1d3e: shutdown LeaderElection
2019-11-14 15:11:30,371 [9ce1968d-df6d-4251-8f68-caf53c6f1d3e@group-3EC9F60C7CC4-LeaderElection207] INFO  impl.RoleInfo (RoleInfo.java:updateAndGet(143)) - 9ce1968d-df6d-4251-8f68-caf53c6f1d3e: start FollowerState
2019-11-14 15:11:30,668 [Thread-4647] INFO  impl.FollowerState (FollowerState.java:run(111)) - de889d2b-5891-48f1-89d7-805f59e22d6d@group-81275DA7FAB4-FollowerState: change to CANDIDATE, lastRpcTime:1015ms, electionTimeout:1015ms
2019-11-14 15:11:30,668 [Thread-4647] INFO  impl.RoleInfo (RoleInfo.java:shutdownFollowerState(121)) - de889d2b-5891-48f1-89d7-805f59e22d6d: shutdown FollowerState
2019-11-14 15:11:30,668 [Thread-4647] INFO  impl.RaftServerImpl (RaftServerImpl.java:setRole(173)) - de889d2b-5891-48f1-89d7-805f59e22d6d@group-81275DA7FAB4: changes role from  FOLLOWER to CANDIDATE at term 2 for changeToCandidate
2019-11-14 15:11:30,669 [Thread-4647] INFO  impl.RoleInfo (RoleInfo.java:updateAndGet(143)) - de889d2b-5891-48f1-89d7-805f59e22d6d: start LeaderElection
2019-11-14 15:11:30,683 [de889d2b-5891-48f1-89d7-805f59e22d6d@group-81275DA7FAB4-LeaderElection208] INFO  impl.LeaderElection (LeaderElection.java:askForVotes(178)) - de889d2b-5891-48f1-89d7-805f59e22d6d@group-81275DA7FAB4-LeaderElection208: begin an election at term 3 for 0: [fdb64a2a-711d-4b74-a4a4-cacd6c2cad61:192.168.34.62:37913, 34d60e7e-1049-4636-b4f7-69f15bd98c31:192.168.34.62:39382, de889d2b-5891-48f1-89d7-805f59e22d6d:192.168.34.62:42999], old=null
2019-11-14 15:11:30,684 [de889d2b-5891-48f1-89d7-805f59e22d6d@group-81275DA7FAB4-LeaderElection208] INFO  impl.LeaderElection (LogUtils.java:infoOrTrace(149)) - de889d2b-5891-48f1-89d7-805f59e22d6d@group-81275DA7FAB4-LeaderElection208 got exception when requesting votes: {}
java.util.concurrent.ExecutionException: org.apache.ratis.thirdparty.io.grpc.StatusRuntimeException: UNAVAILABLE: io exception
	at java.util.concurrent.FutureTask.report(FutureTask.java:122)
	at java.util.concurrent.FutureTask.get(FutureTask.java:192)
	at org.apache.ratis.server.impl.LeaderElection.waitForResults(LeaderElection.java:259)
	at org.apache.ratis.server.impl.LeaderElection.askForVotes(LeaderElection.java:197)
	at org.apache.ratis.server.impl.LeaderElection.run(LeaderElection.java:133)
	at java.lang.Thread.run(Thread.java:748)
Caused by: org.apache.ratis.thirdparty.io.grpc.StatusRuntimeException: UNAVAILABLE: io exception
	at org.apache.ratis.thirdparty.io.grpc.stub.ClientCalls.toStatusRuntimeException(ClientCalls.java:233)
	at org.apache.ratis.thirdparty.io.grpc.stub.ClientCalls.getUnchecked(ClientCalls.java:214)
	at org.apache.ratis.thirdparty.io.grpc.stub.ClientCalls.blockingUnaryCall(ClientCalls.java:139)
	at org.apache.ratis.proto.grpc.RaftServerProtocolServiceGrpc$RaftServerProtocolServiceBlockingStub.requestVote(RaftServerProtocolServiceGrpc.java:265)
	at org.apache.ratis.grpc.server.GrpcServerProtocolClient.requestVote(GrpcServerProtocolClient.java:99)
	at org.apache.ratis.grpc.server.GrpcService.requestVote(GrpcService.java:204)
	at org.apache.ratis.server.impl.LeaderElection.lambda$submitRequests$1(LeaderElection.java:234)
	at java.util.concurrent.FutureTask.run(FutureTask.java:266)
	at java.util.concurrent.Executors$RunnableAdapter.call(Executors.java:511)
	at java.util.concurrent.FutureTask.run(FutureTask.java:266)
	at java.util.concurrent.ThreadPoolExecutor.runWorker(ThreadPoolExecutor.java:1149)
	at java.util.concurrent.ThreadPoolExecutor$Worker.run(ThreadPoolExecutor.java:624)
	... 1 more
Caused by: org.apache.ratis.thirdparty.io.netty.channel.AbstractChannel$AnnotatedConnectException: Connection refused: /192.168.34.62:39382
	at sun.nio.ch.SocketChannelImpl.checkConnect(Native Method)
	at sun.nio.ch.SocketChannelImpl.finishConnect(SocketChannelImpl.java:717)
	at org.apache.ratis.thirdparty.io.netty.channel.socket.nio.NioSocketChannel.doFinishConnect(NioSocketChannel.java:327)
	at org.apache.ratis.thirdparty.io.netty.channel.nio.AbstractNioChannel$AbstractNioUnsafe.finishConnect(AbstractNioChannel.java:340)
	at org.apache.ratis.thirdparty.io.netty.channel.nio.NioEventLoop.processSelectedKey(NioEventLoop.java:632)
	at org.apache.ratis.thirdparty.io.netty.channel.nio.NioEventLoop.processSelectedKeysOptimized(NioEventLoop.java:579)
	at org.apache.ratis.thirdparty.io.netty.channel.nio.NioEventLoop.processSelectedKeys(NioEventLoop.java:496)
	at org.apache.ratis.thirdparty.io.netty.channel.nio.NioEventLoop.run(NioEventLoop.java:458)
	at org.apache.ratis.thirdparty.io.netty.util.concurrent.SingleThreadEventExecutor$5.run(SingleThreadEventExecutor.java:897)
	at org.apache.ratis.thirdparty.io.netty.util.concurrent.FastThreadLocalRunnable.run(FastThreadLocalRunnable.java:30)
	... 1 more
Caused by: java.net.ConnectException: Connection refused
	... 11 more
2019-11-14 15:11:30,684 [de889d2b-5891-48f1-89d7-805f59e22d6d@group-81275DA7FAB4-LeaderElection208] INFO  impl.LeaderElection (LogUtils.java:infoOrTrace(149)) - de889d2b-5891-48f1-89d7-805f59e22d6d@group-81275DA7FAB4-LeaderElection208 got exception when requesting votes: {}
java.util.concurrent.ExecutionException: org.apache.ratis.thirdparty.io.grpc.StatusRuntimeException: UNAVAILABLE: io exception
	at java.util.concurrent.FutureTask.report(FutureTask.java:122)
	at java.util.concurrent.FutureTask.get(FutureTask.java:192)
	at org.apache.ratis.server.impl.LeaderElection.waitForResults(LeaderElection.java:259)
	at org.apache.ratis.server.impl.LeaderElection.askForVotes(LeaderElection.java:197)
	at org.apache.ratis.server.impl.LeaderElection.run(LeaderElection.java:133)
	at java.lang.Thread.run(Thread.java:748)
Caused by: org.apache.ratis.thirdparty.io.grpc.StatusRuntimeException: UNAVAILABLE: io exception
	at org.apache.ratis.thirdparty.io.grpc.stub.ClientCalls.toStatusRuntimeException(ClientCalls.java:233)
	at org.apache.ratis.thirdparty.io.grpc.stub.ClientCalls.getUnchecked(ClientCalls.java:214)
	at org.apache.ratis.thirdparty.io.grpc.stub.ClientCalls.blockingUnaryCall(ClientCalls.java:139)
	at org.apache.ratis.proto.grpc.RaftServerProtocolServiceGrpc$RaftServerProtocolServiceBlockingStub.requestVote(RaftServerProtocolServiceGrpc.java:265)
	at org.apache.ratis.grpc.server.GrpcServerProtocolClient.requestVote(GrpcServerProtocolClient.java:99)
	at org.apache.ratis.grpc.server.GrpcService.requestVote(GrpcService.java:204)
	at org.apache.ratis.server.impl.LeaderElection.lambda$submitRequests$1(LeaderElection.java:234)
	at java.util.concurrent.FutureTask.run(FutureTask.java:266)
	at java.util.concurrent.Executors$RunnableAdapter.call(Executors.java:511)
	at java.util.concurrent.FutureTask.run(FutureTask.java:266)
	at java.util.concurrent.ThreadPoolExecutor.runWorker(ThreadPoolExecutor.java:1149)
	at java.util.concurrent.ThreadPoolExecutor$Worker.run(ThreadPoolExecutor.java:624)
	... 1 more
Caused by: org.apache.ratis.thirdparty.io.netty.channel.AbstractChannel$AnnotatedConnectException: Connection refused: /192.168.34.62:37913
	at sun.nio.ch.SocketChannelImpl.checkConnect(Native Method)
	at sun.nio.ch.SocketChannelImpl.finishConnect(SocketChannelImpl.java:717)
	at org.apache.ratis.thirdparty.io.netty.channel.socket.nio.NioSocketChannel.doFinishConnect(NioSocketChannel.java:327)
	at org.apache.ratis.thirdparty.io.netty.channel.nio.AbstractNioChannel$AbstractNioUnsafe.finishConnect(AbstractNioChannel.java:340)
	at org.apache.ratis.thirdparty.io.netty.channel.nio.NioEventLoop.processSelectedKey(NioEventLoop.java:632)
	at org.apache.ratis.thirdparty.io.netty.channel.nio.NioEventLoop.processSelectedKeysOptimized(NioEventLoop.java:579)
	at org.apache.ratis.thirdparty.io.netty.channel.nio.NioEventLoop.processSelectedKeys(NioEventLoop.java:496)
	at org.apache.ratis.thirdparty.io.netty.channel.nio.NioEventLoop.run(NioEventLoop.java:458)
	at org.apache.ratis.thirdparty.io.netty.util.concurrent.SingleThreadEventExecutor$5.run(SingleThreadEventExecutor.java:897)
	at org.apache.ratis.thirdparty.io.netty.util.concurrent.FastThreadLocalRunnable.run(FastThreadLocalRunnable.java:30)
	... 1 more
Caused by: java.net.ConnectException: Connection refused
	... 11 more
2019-11-14 15:11:30,685 [de889d2b-5891-48f1-89d7-805f59e22d6d@group-81275DA7FAB4-LeaderElection208] INFO  impl.LeaderElection (LeaderElection.java:logAndReturn(56)) - de889d2b-5891-48f1-89d7-805f59e22d6d@group-81275DA7FAB4-LeaderElection208: Election REJECTED; received 0 response(s) [] and 2 exception(s); de889d2b-5891-48f1-89d7-805f59e22d6d@group-81275DA7FAB4:t3, leader=null, voted=de889d2b-5891-48f1-89d7-805f59e22d6d, raftlog=de889d2b-5891-48f1-89d7-805f59e22d6d@group-81275DA7FAB4-SegmentedRaftLog:OPENED:c7,f7,i7, conf=0: [fdb64a2a-711d-4b74-a4a4-cacd6c2cad61:192.168.34.62:37913, 34d60e7e-1049-4636-b4f7-69f15bd98c31:192.168.34.62:39382, de889d2b-5891-48f1-89d7-805f59e22d6d:192.168.34.62:42999], old=null
2019-11-14 15:11:30,685 [de889d2b-5891-48f1-89d7-805f59e22d6d@group-81275DA7FAB4-LeaderElection208] INFO  impl.LeaderElection (LogUtils.java:infoOrTrace(149)) -   Exception 0: {}
java.util.concurrent.ExecutionException: org.apache.ratis.thirdparty.io.grpc.StatusRuntimeException: UNAVAILABLE: io exception
	at java.util.concurrent.FutureTask.report(FutureTask.java:122)
	at java.util.concurrent.FutureTask.get(FutureTask.java:192)
	at org.apache.ratis.server.impl.LeaderElection.waitForResults(LeaderElection.java:259)
	at org.apache.ratis.server.impl.LeaderElection.askForVotes(LeaderElection.java:197)
	at org.apache.ratis.server.impl.LeaderElection.run(LeaderElection.java:133)
	at java.lang.Thread.run(Thread.java:748)
Caused by: org.apache.ratis.thirdparty.io.grpc.StatusRuntimeException: UNAVAILABLE: io exception
	at org.apache.ratis.thirdparty.io.grpc.stub.ClientCalls.toStatusRuntimeException(ClientCalls.java:233)
	at org.apache.ratis.thirdparty.io.grpc.stub.ClientCalls.getUnchecked(ClientCalls.java:214)
	at org.apache.ratis.thirdparty.io.grpc.stub.ClientCalls.blockingUnaryCall(ClientCalls.java:139)
	at org.apache.ratis.proto.grpc.RaftServerProtocolServiceGrpc$RaftServerProtocolServiceBlockingStub.requestVote(RaftServerProtocolServiceGrpc.java:265)
	at org.apache.ratis.grpc.server.GrpcServerProtocolClient.requestVote(GrpcServerProtocolClient.java:99)
	at org.apache.ratis.grpc.server.GrpcService.requestVote(GrpcService.java:204)
	at org.apache.ratis.server.impl.LeaderElection.lambda$submitRequests$1(LeaderElection.java:234)
	at java.util.concurrent.FutureTask.run(FutureTask.java:266)
	at java.util.concurrent.Executors$RunnableAdapter.call(Executors.java:511)
	at java.util.concurrent.FutureTask.run(FutureTask.java:266)
	at java.util.concurrent.ThreadPoolExecutor.runWorker(ThreadPoolExecutor.java:1149)
	at java.util.concurrent.ThreadPoolExecutor$Worker.run(ThreadPoolExecutor.java:624)
	... 1 more
Caused by: org.apache.ratis.thirdparty.io.netty.channel.AbstractChannel$AnnotatedConnectException: Connection refused: /192.168.34.62:39382
	at sun.nio.ch.SocketChannelImpl.checkConnect(Native Method)
	at sun.nio.ch.SocketChannelImpl.finishConnect(SocketChannelImpl.java:717)
	at org.apache.ratis.thirdparty.io.netty.channel.socket.nio.NioSocketChannel.doFinishConnect(NioSocketChannel.java:327)
	at org.apache.ratis.thirdparty.io.netty.channel.nio.AbstractNioChannel$AbstractNioUnsafe.finishConnect(AbstractNioChannel.java:340)
	at org.apache.ratis.thirdparty.io.netty.channel.nio.NioEventLoop.processSelectedKey(NioEventLoop.java:632)
	at org.apache.ratis.thirdparty.io.netty.channel.nio.NioEventLoop.processSelectedKeysOptimized(NioEventLoop.java:579)
	at org.apache.ratis.thirdparty.io.netty.channel.nio.NioEventLoop.processSelectedKeys(NioEventLoop.java:496)
	at org.apache.ratis.thirdparty.io.netty.channel.nio.NioEventLoop.run(NioEventLoop.java:458)
	at org.apache.ratis.thirdparty.io.netty.util.concurrent.SingleThreadEventExecutor$5.run(SingleThreadEventExecutor.java:897)
	at org.apache.ratis.thirdparty.io.netty.util.concurrent.FastThreadLocalRunnable.run(FastThreadLocalRunnable.java:30)
	... 1 more
Caused by: java.net.ConnectException: Connection refused
	... 11 more
2019-11-14 15:11:30,685 [de889d2b-5891-48f1-89d7-805f59e22d6d@group-81275DA7FAB4-LeaderElection208] INFO  impl.LeaderElection (LogUtils.java:infoOrTrace(149)) -   Exception 1: {}
java.util.concurrent.ExecutionException: org.apache.ratis.thirdparty.io.grpc.StatusRuntimeException: UNAVAILABLE: io exception
	at java.util.concurrent.FutureTask.report(FutureTask.java:122)
	at java.util.concurrent.FutureTask.get(FutureTask.java:192)
	at org.apache.ratis.server.impl.LeaderElection.waitForResults(LeaderElection.java:259)
	at org.apache.ratis.server.impl.LeaderElection.askForVotes(LeaderElection.java:197)
	at org.apache.ratis.server.impl.LeaderElection.run(LeaderElection.java:133)
	at java.lang.Thread.run(Thread.java:748)
Caused by: org.apache.ratis.thirdparty.io.grpc.StatusRuntimeException: UNAVAILABLE: io exception
	at org.apache.ratis.thirdparty.io.grpc.stub.ClientCalls.toStatusRuntimeException(ClientCalls.java:233)
	at org.apache.ratis.thirdparty.io.grpc.stub.ClientCalls.getUnchecked(ClientCalls.java:214)
	at org.apache.ratis.thirdparty.io.grpc.stub.ClientCalls.blockingUnaryCall(ClientCalls.java:139)
	at org.apache.ratis.proto.grpc.RaftServerProtocolServiceGrpc$RaftServerProtocolServiceBlockingStub.requestVote(RaftServerProtocolServiceGrpc.java:265)
	at org.apache.ratis.grpc.server.GrpcServerProtocolClient.requestVote(GrpcServerProtocolClient.java:99)
	at org.apache.ratis.grpc.server.GrpcService.requestVote(GrpcService.java:204)
	at org.apache.ratis.server.impl.LeaderElection.lambda$submitRequests$1(LeaderElection.java:234)
	at java.util.concurrent.FutureTask.run(FutureTask.java:266)
	at java.util.concurrent.Executors$RunnableAdapter.call(Executors.java:511)
	at java.util.concurrent.FutureTask.run(FutureTask.java:266)
	at java.util.concurrent.ThreadPoolExecutor.runWorker(ThreadPoolExecutor.java:1149)
	at java.util.concurrent.ThreadPoolExecutor$Worker.run(ThreadPoolExecutor.java:624)
	... 1 more
Caused by: org.apache.ratis.thirdparty.io.netty.channel.AbstractChannel$AnnotatedConnectException: Connection refused: /192.168.34.62:37913
	at sun.nio.ch.SocketChannelImpl.checkConnect(Native Method)
	at sun.nio.ch.SocketChannelImpl.finishConnect(SocketChannelImpl.java:717)
	at org.apache.ratis.thirdparty.io.netty.channel.socket.nio.NioSocketChannel.doFinishConnect(NioSocketChannel.java:327)
	at org.apache.ratis.thirdparty.io.netty.channel.nio.AbstractNioChannel$AbstractNioUnsafe.finishConnect(AbstractNioChannel.java:340)
	at org.apache.ratis.thirdparty.io.netty.channel.nio.NioEventLoop.processSelectedKey(NioEventLoop.java:632)
	at org.apache.ratis.thirdparty.io.netty.channel.nio.NioEventLoop.processSelectedKeysOptimized(NioEventLoop.java:579)
	at org.apache.ratis.thirdparty.io.netty.channel.nio.NioEventLoop.processSelectedKeys(NioEventLoop.java:496)
	at org.apache.ratis.thirdparty.io.netty.channel.nio.NioEventLoop.run(NioEventLoop.java:458)
	at org.apache.ratis.thirdparty.io.netty.util.concurrent.SingleThreadEventExecutor$5.run(SingleThreadEventExecutor.java:897)
	at org.apache.ratis.thirdparty.io.netty.util.concurrent.FastThreadLocalRunnable.run(FastThreadLocalRunnable.java:30)
	... 1 more
Caused by: java.net.ConnectException: Connection refused
	... 11 more
2019-11-14 15:11:30,685 [de889d2b-5891-48f1-89d7-805f59e22d6d@group-81275DA7FAB4-LeaderElection208] INFO  impl.RaftServerImpl (RaftServerImpl.java:setRole(173)) - de889d2b-5891-48f1-89d7-805f59e22d6d@group-81275DA7FAB4: changes role from CANDIDATE to FOLLOWER at term 3 for DISCOVERED_A_NEW_TERM
2019-11-14 15:11:30,685 [de889d2b-5891-48f1-89d7-805f59e22d6d@group-81275DA7FAB4-LeaderElection208] INFO  impl.RoleInfo (RoleInfo.java:shutdownLeaderElection(134)) - de889d2b-5891-48f1-89d7-805f59e22d6d: shutdown LeaderElection
2019-11-14 15:11:30,685 [de889d2b-5891-48f1-89d7-805f59e22d6d@group-81275DA7FAB4-LeaderElection208] INFO  impl.RoleInfo (RoleInfo.java:updateAndGet(143)) - de889d2b-5891-48f1-89d7-805f59e22d6d: start FollowerState
2019-11-14 15:11:31,469 [Thread-4653] INFO  impl.FollowerState (FollowerState.java:run(111)) - 9ce1968d-df6d-4251-8f68-caf53c6f1d3e@group-3EC9F60C7CC4-FollowerState: change to CANDIDATE, lastRpcTime:1098ms, electionTimeout:1098ms
2019-11-14 15:11:31,470 [Thread-4653] INFO  impl.RoleInfo (RoleInfo.java:shutdownFollowerState(121)) - 9ce1968d-df6d-4251-8f68-caf53c6f1d3e: shutdown FollowerState
2019-11-14 15:11:31,470 [Thread-4653] INFO  impl.RaftServerImpl (RaftServerImpl.java:setRole(173)) - 9ce1968d-df6d-4251-8f68-caf53c6f1d3e@group-3EC9F60C7CC4: changes role from  FOLLOWER to CANDIDATE at term 8 for changeToCandidate
2019-11-14 15:11:31,471 [Thread-4653] INFO  impl.RoleInfo (RoleInfo.java:updateAndGet(143)) - 9ce1968d-df6d-4251-8f68-caf53c6f1d3e: start LeaderElection
2019-11-14 15:11:31,494 [9ce1968d-df6d-4251-8f68-caf53c6f1d3e@group-3EC9F60C7CC4-LeaderElection209] INFO  impl.LeaderElection (LeaderElection.java:askForVotes(178)) - 9ce1968d-df6d-4251-8f68-caf53c6f1d3e@group-3EC9F60C7CC4-LeaderElection209: begin an election at term 9 for 1: [ee222113-7cfa-4d93-ae35-60587bc46978:192.168.34.62:36461, 9ce1968d-df6d-4251-8f68-caf53c6f1d3e:192.168.34.62:35975, c45d92cd-1d84-4e39-b22b-e775d9180271:192.168.34.62:37954], old=null
2019-11-14 15:11:31,496 [9ce1968d-df6d-4251-8f68-caf53c6f1d3e@group-3EC9F60C7CC4-LeaderElection209] INFO  impl.LeaderElection (LogUtils.java:infoOrTrace(149)) - 9ce1968d-df6d-4251-8f68-caf53c6f1d3e@group-3EC9F60C7CC4-LeaderElection209 got exception when requesting votes: {}
java.util.concurrent.ExecutionException: org.apache.ratis.thirdparty.io.grpc.StatusRuntimeException: UNAVAILABLE: io exception
	at java.util.concurrent.FutureTask.report(FutureTask.java:122)
	at java.util.concurrent.FutureTask.get(FutureTask.java:192)
	at org.apache.ratis.server.impl.LeaderElection.waitForResults(LeaderElection.java:259)
	at org.apache.ratis.server.impl.LeaderElection.askForVotes(LeaderElection.java:197)
	at org.apache.ratis.server.impl.LeaderElection.run(LeaderElection.java:133)
	at java.lang.Thread.run(Thread.java:748)
Caused by: org.apache.ratis.thirdparty.io.grpc.StatusRuntimeException: UNAVAILABLE: io exception
	at org.apache.ratis.thirdparty.io.grpc.stub.ClientCalls.toStatusRuntimeException(ClientCalls.java:233)
	at org.apache.ratis.thirdparty.io.grpc.stub.ClientCalls.getUnchecked(ClientCalls.java:214)
	at org.apache.ratis.thirdparty.io.grpc.stub.ClientCalls.blockingUnaryCall(ClientCalls.java:139)
	at org.apache.ratis.proto.grpc.RaftServerProtocolServiceGrpc$RaftServerProtocolServiceBlockingStub.requestVote(RaftServerProtocolServiceGrpc.java:265)
	at org.apache.ratis.grpc.server.GrpcServerProtocolClient.requestVote(GrpcServerProtocolClient.java:99)
	at org.apache.ratis.grpc.server.GrpcService.requestVote(GrpcService.java:204)
	at org.apache.ratis.server.impl.LeaderElection.lambda$submitRequests$1(LeaderElection.java:234)
	at java.util.concurrent.FutureTask.run(FutureTask.java:266)
	at java.util.concurrent.Executors$RunnableAdapter.call(Executors.java:511)
	at java.util.concurrent.FutureTask.run(FutureTask.java:266)
	at java.util.concurrent.ThreadPoolExecutor.runWorker(ThreadPoolExecutor.java:1149)
	at java.util.concurrent.ThreadPoolExecutor$Worker.run(ThreadPoolExecutor.java:624)
	... 1 more
Caused by: org.apache.ratis.thirdparty.io.netty.channel.AbstractChannel$AnnotatedConnectException: Connection refused: /192.168.34.62:37954
	at sun.nio.ch.SocketChannelImpl.checkConnect(Native Method)
	at sun.nio.ch.SocketChannelImpl.finishConnect(SocketChannelImpl.java:717)
	at org.apache.ratis.thirdparty.io.netty.channel.socket.nio.NioSocketChannel.doFinishConnect(NioSocketChannel.java:327)
	at org.apache.ratis.thirdparty.io.netty.channel.nio.AbstractNioChannel$AbstractNioUnsafe.finishConnect(AbstractNioChannel.java:340)
	at org.apache.ratis.thirdparty.io.netty.channel.nio.NioEventLoop.processSelectedKey(NioEventLoop.java:632)
	at org.apache.ratis.thirdparty.io.netty.channel.nio.NioEventLoop.processSelectedKeysOptimized(NioEventLoop.java:579)
	at org.apache.ratis.thirdparty.io.netty.channel.nio.NioEventLoop.processSelectedKeys(NioEventLoop.java:496)
	at org.apache.ratis.thirdparty.io.netty.channel.nio.NioEventLoop.run(NioEventLoop.java:458)
	at org.apache.ratis.thirdparty.io.netty.util.concurrent.SingleThreadEventExecutor$5.run(SingleThreadEventExecutor.java:897)
	at org.apache.ratis.thirdparty.io.netty.util.concurrent.FastThreadLocalRunnable.run(FastThreadLocalRunnable.java:30)
	... 1 more
Caused by: java.net.ConnectException: Connection refused
	... 11 more
2019-11-14 15:11:31,497 [9ce1968d-df6d-4251-8f68-caf53c6f1d3e@group-3EC9F60C7CC4-LeaderElection209] INFO  impl.LeaderElection (LogUtils.java:infoOrTrace(149)) - 9ce1968d-df6d-4251-8f68-caf53c6f1d3e@group-3EC9F60C7CC4-LeaderElection209 got exception when requesting votes: {}
java.util.concurrent.ExecutionException: org.apache.ratis.thirdparty.io.grpc.StatusRuntimeException: UNAVAILABLE: io exception
	at java.util.concurrent.FutureTask.report(FutureTask.java:122)
	at java.util.concurrent.FutureTask.get(FutureTask.java:192)
	at org.apache.ratis.server.impl.LeaderElection.waitForResults(LeaderElection.java:259)
	at org.apache.ratis.server.impl.LeaderElection.askForVotes(LeaderElection.java:197)
	at org.apache.ratis.server.impl.LeaderElection.run(LeaderElection.java:133)
	at java.lang.Thread.run(Thread.java:748)
Caused by: org.apache.ratis.thirdparty.io.grpc.StatusRuntimeException: UNAVAILABLE: io exception
	at org.apache.ratis.thirdparty.io.grpc.stub.ClientCalls.toStatusRuntimeException(ClientCalls.java:233)
	at org.apache.ratis.thirdparty.io.grpc.stub.ClientCalls.getUnchecked(ClientCalls.java:214)
	at org.apache.ratis.thirdparty.io.grpc.stub.ClientCalls.blockingUnaryCall(ClientCalls.java:139)
	at org.apache.ratis.proto.grpc.RaftServerProtocolServiceGrpc$RaftServerProtocolServiceBlockingStub.requestVote(RaftServerProtocolServiceGrpc.java:265)
	at org.apache.ratis.grpc.server.GrpcServerProtocolClient.requestVote(GrpcServerProtocolClient.java:99)
	at org.apache.ratis.grpc.server.GrpcService.requestVote(GrpcService.java:204)
	at org.apache.ratis.server.impl.LeaderElection.lambda$submitRequests$1(LeaderElection.java:234)
	at java.util.concurrent.FutureTask.run(FutureTask.java:266)
	at java.util.concurrent.Executors$RunnableAdapter.call(Executors.java:511)
	at java.util.concurrent.FutureTask.run(FutureTask.java:266)
	at java.util.concurrent.ThreadPoolExecutor.runWorker(ThreadPoolExecutor.java:1149)
	at java.util.concurrent.ThreadPoolExecutor$Worker.run(ThreadPoolExecutor.java:624)
	... 1 more
Caused by: org.apache.ratis.thirdparty.io.netty.channel.AbstractChannel$AnnotatedConnectException: Connection refused: /192.168.34.62:36461
	at sun.nio.ch.SocketChannelImpl.checkConnect(Native Method)
	at sun.nio.ch.SocketChannelImpl.finishConnect(SocketChannelImpl.java:717)
	at org.apache.ratis.thirdparty.io.netty.channel.socket.nio.NioSocketChannel.doFinishConnect(NioSocketChannel.java:327)
	at org.apache.ratis.thirdparty.io.netty.channel.nio.AbstractNioChannel$AbstractNioUnsafe.finishConnect(AbstractNioChannel.java:340)
	at org.apache.ratis.thirdparty.io.netty.channel.nio.NioEventLoop.processSelectedKey(NioEventLoop.java:632)
	at org.apache.ratis.thirdparty.io.netty.channel.nio.NioEventLoop.processSelectedKeysOptimized(NioEventLoop.java:579)
	at org.apache.ratis.thirdparty.io.netty.channel.nio.NioEventLoop.processSelectedKeys(NioEventLoop.java:496)
	at org.apache.ratis.thirdparty.io.netty.channel.nio.NioEventLoop.run(NioEventLoop.java:458)
	at org.apache.ratis.thirdparty.io.netty.util.concurrent.SingleThreadEventExecutor$5.run(SingleThreadEventExecutor.java:897)
	at org.apache.ratis.thirdparty.io.netty.util.concurrent.FastThreadLocalRunnable.run(FastThreadLocalRunnable.java:30)
	... 1 more
Caused by: java.net.ConnectException: Connection refused
	... 11 more
2019-11-14 15:11:31,497 [9ce1968d-df6d-4251-8f68-caf53c6f1d3e@group-3EC9F60C7CC4-LeaderElection209] INFO  impl.LeaderElection (LeaderElection.java:logAndReturn(56)) - 9ce1968d-df6d-4251-8f68-caf53c6f1d3e@group-3EC9F60C7CC4-LeaderElection209: Election REJECTED; received 0 response(s) [] and 2 exception(s); 9ce1968d-df6d-4251-8f68-caf53c6f1d3e@group-3EC9F60C7CC4:t9, leader=null, voted=9ce1968d-df6d-4251-8f68-caf53c6f1d3e, raftlog=9ce1968d-df6d-4251-8f68-caf53c6f1d3e@group-3EC9F60C7CC4-SegmentedRaftLog:OPENED:c2,f2,i2, conf=1: [ee222113-7cfa-4d93-ae35-60587bc46978:192.168.34.62:36461, 9ce1968d-df6d-4251-8f68-caf53c6f1d3e:192.168.34.62:35975, c45d92cd-1d84-4e39-b22b-e775d9180271:192.168.34.62:37954], old=null
2019-11-14 15:11:31,497 [9ce1968d-df6d-4251-8f68-caf53c6f1d3e@group-3EC9F60C7CC4-LeaderElection209] INFO  impl.LeaderElection (LogUtils.java:infoOrTrace(149)) -   Exception 0: {}
java.util.concurrent.ExecutionException: org.apache.ratis.thirdparty.io.grpc.StatusRuntimeException: UNAVAILABLE: io exception
	at java.util.concurrent.FutureTask.report(FutureTask.java:122)
	at java.util.concurrent.FutureTask.get(FutureTask.java:192)
	at org.apache.ratis.server.impl.LeaderElection.waitForResults(LeaderElection.java:259)
	at org.apache.ratis.server.impl.LeaderElection.askForVotes(LeaderElection.java:197)
	at org.apache.ratis.server.impl.LeaderElection.run(LeaderElection.java:133)
	at java.lang.Thread.run(Thread.java:748)
Caused by: org.apache.ratis.thirdparty.io.grpc.StatusRuntimeException: UNAVAILABLE: io exception
	at org.apache.ratis.thirdparty.io.grpc.stub.ClientCalls.toStatusRuntimeException(ClientCalls.java:233)
	at org.apache.ratis.thirdparty.io.grpc.stub.ClientCalls.getUnchecked(ClientCalls.java:214)
	at org.apache.ratis.thirdparty.io.grpc.stub.ClientCalls.blockingUnaryCall(ClientCalls.java:139)
	at org.apache.ratis.proto.grpc.RaftServerProtocolServiceGrpc$RaftServerProtocolServiceBlockingStub.requestVote(RaftServerProtocolServiceGrpc.java:265)
	at org.apache.ratis.grpc.server.GrpcServerProtocolClient.requestVote(GrpcServerProtocolClient.java:99)
	at org.apache.ratis.grpc.server.GrpcService.requestVote(GrpcService.java:204)
	at org.apache.ratis.server.impl.LeaderElection.lambda$submitRequests$1(LeaderElection.java:234)
	at java.util.concurrent.FutureTask.run(FutureTask.java:266)
	at java.util.concurrent.Executors$RunnableAdapter.call(Executors.java:511)
	at java.util.concurrent.FutureTask.run(FutureTask.java:266)
	at java.util.concurrent.ThreadPoolExecutor.runWorker(ThreadPoolExecutor.java:1149)
	at java.util.concurrent.ThreadPoolExecutor$Worker.run(ThreadPoolExecutor.java:624)
	... 1 more
Caused by: org.apache.ratis.thirdparty.io.netty.channel.AbstractChannel$AnnotatedConnectException: Connection refused: /192.168.34.62:37954
	at sun.nio.ch.SocketChannelImpl.checkConnect(Native Method)
	at sun.nio.ch.SocketChannelImpl.finishConnect(SocketChannelImpl.java:717)
	at org.apache.ratis.thirdparty.io.netty.channel.socket.nio.NioSocketChannel.doFinishConnect(NioSocketChannel.java:327)
	at org.apache.ratis.thirdparty.io.netty.channel.nio.AbstractNioChannel$AbstractNioUnsafe.finishConnect(AbstractNioChannel.java:340)
	at org.apache.ratis.thirdparty.io.netty.channel.nio.NioEventLoop.processSelectedKey(NioEventLoop.java:632)
	at org.apache.ratis.thirdparty.io.netty.channel.nio.NioEventLoop.processSelectedKeysOptimized(NioEventLoop.java:579)
	at org.apache.ratis.thirdparty.io.netty.channel.nio.NioEventLoop.processSelectedKeys(NioEventLoop.java:496)
	at org.apache.ratis.thirdparty.io.netty.channel.nio.NioEventLoop.run(NioEventLoop.java:458)
	at org.apache.ratis.thirdparty.io.netty.util.concurrent.SingleThreadEventExecutor$5.run(SingleThreadEventExecutor.java:897)
	at org.apache.ratis.thirdparty.io.netty.util.concurrent.FastThreadLocalRunnable.run(FastThreadLocalRunnable.java:30)
	... 1 more
Caused by: java.net.ConnectException: Connection refused
	... 11 more
2019-11-14 15:11:31,497 [9ce1968d-df6d-4251-8f68-caf53c6f1d3e@group-3EC9F60C7CC4-LeaderElection209] INFO  impl.LeaderElection (LogUtils.java:infoOrTrace(149)) -   Exception 1: {}
java.util.concurrent.ExecutionException: org.apache.ratis.thirdparty.io.grpc.StatusRuntimeException: UNAVAILABLE: io exception
	at java.util.concurrent.FutureTask.report(FutureTask.java:122)
	at java.util.concurrent.FutureTask.get(FutureTask.java:192)
	at org.apache.ratis.server.impl.LeaderElection.waitForResults(LeaderElection.java:259)
	at org.apache.ratis.server.impl.LeaderElection.askForVotes(LeaderElection.java:197)
	at org.apache.ratis.server.impl.LeaderElection.run(LeaderElection.java:133)
	at java.lang.Thread.run(Thread.java:748)
Caused by: org.apache.ratis.thirdparty.io.grpc.StatusRuntimeException: UNAVAILABLE: io exception
	at org.apache.ratis.thirdparty.io.grpc.stub.ClientCalls.toStatusRuntimeException(ClientCalls.java:233)
	at org.apache.ratis.thirdparty.io.grpc.stub.ClientCalls.getUnchecked(ClientCalls.java:214)
	at org.apache.ratis.thirdparty.io.grpc.stub.ClientCalls.blockingUnaryCall(ClientCalls.java:139)
	at org.apache.ratis.proto.grpc.RaftServerProtocolServiceGrpc$RaftServerProtocolServiceBlockingStub.requestVote(RaftServerProtocolServiceGrpc.java:265)
	at org.apache.ratis.grpc.server.GrpcServerProtocolClient.requestVote(GrpcServerProtocolClient.java:99)
	at org.apache.ratis.grpc.server.GrpcService.requestVote(GrpcService.java:204)
	at org.apache.ratis.server.impl.LeaderElection.lambda$submitRequests$1(LeaderElection.java:234)
	at java.util.concurrent.FutureTask.run(FutureTask.java:266)
	at java.util.concurrent.Executors$RunnableAdapter.call(Executors.java:511)
	at java.util.concurrent.FutureTask.run(FutureTask.java:266)
	at java.util.concurrent.ThreadPoolExecutor.runWorker(ThreadPoolExecutor.java:1149)
	at java.util.concurrent.ThreadPoolExecutor$Worker.run(ThreadPoolExecutor.java:624)
	... 1 more
Caused by: org.apache.ratis.thirdparty.io.netty.channel.AbstractChannel$AnnotatedConnectException: Connection refused: /192.168.34.62:36461
	at sun.nio.ch.SocketChannelImpl.checkConnect(Native Method)
	at sun.nio.ch.SocketChannelImpl.finishConnect(SocketChannelImpl.java:717)
	at org.apache.ratis.thirdparty.io.netty.channel.socket.nio.NioSocketChannel.doFinishConnect(NioSocketChannel.java:327)
	at org.apache.ratis.thirdparty.io.netty.channel.nio.AbstractNioChannel$AbstractNioUnsafe.finishConnect(AbstractNioChannel.java:340)
	at org.apache.ratis.thirdparty.io.netty.channel.nio.NioEventLoop.processSelectedKey(NioEventLoop.java:632)
	at org.apache.ratis.thirdparty.io.netty.channel.nio.NioEventLoop.processSelectedKeysOptimized(NioEventLoop.java:579)
	at org.apache.ratis.thirdparty.io.netty.channel.nio.NioEventLoop.processSelectedKeys(NioEventLoop.java:496)
	at org.apache.ratis.thirdparty.io.netty.channel.nio.NioEventLoop.run(NioEventLoop.java:458)
	at org.apache.ratis.thirdparty.io.netty.util.concurrent.SingleThreadEventExecutor$5.run(SingleThreadEventExecutor.java:897)
	at org.apache.ratis.thirdparty.io.netty.util.concurrent.FastThreadLocalRunnable.run(FastThreadLocalRunnable.java:30)
	... 1 more
Caused by: java.net.ConnectException: Connection refused
	... 11 more
2019-11-14 15:11:31,497 [9ce1968d-df6d-4251-8f68-caf53c6f1d3e@group-3EC9F60C7CC4-LeaderElection209] INFO  impl.RaftServerImpl (RaftServerImpl.java:setRole(173)) - 9ce1968d-df6d-4251-8f68-caf53c6f1d3e@group-3EC9F60C7CC4: changes role from CANDIDATE to FOLLOWER at term 9 for DISCOVERED_A_NEW_TERM
2019-11-14 15:11:31,498 [9ce1968d-df6d-4251-8f68-caf53c6f1d3e@group-3EC9F60C7CC4-LeaderElection209] INFO  impl.RoleInfo (RoleInfo.java:shutdownLeaderElection(134)) - 9ce1968d-df6d-4251-8f68-caf53c6f1d3e: shutdown LeaderElection
2019-11-14 15:11:31,498 [9ce1968d-df6d-4251-8f68-caf53c6f1d3e@group-3EC9F60C7CC4-LeaderElection209] INFO  impl.RoleInfo (RoleInfo.java:updateAndGet(143)) - 9ce1968d-df6d-4251-8f68-caf53c6f1d3e: start FollowerState
2019-11-14 15:11:31,739 [Thread-4659] INFO  impl.FollowerState (FollowerState.java:run(111)) - de889d2b-5891-48f1-89d7-805f59e22d6d@group-81275DA7FAB4-FollowerState: change to CANDIDATE, lastRpcTime:1053ms, electionTimeout:1053ms
2019-11-14 15:11:31,739 [Thread-4659] INFO  impl.RoleInfo (RoleInfo.java:shutdownFollowerState(121)) - de889d2b-5891-48f1-89d7-805f59e22d6d: shutdown FollowerState
2019-11-14 15:11:31,739 [Thread-4659] INFO  impl.RaftServerImpl (RaftServerImpl.java:setRole(173)) - de889d2b-5891-48f1-89d7-805f59e22d6d@group-81275DA7FAB4: changes role from  FOLLOWER to CANDIDATE at term 3 for changeToCandidate
2019-11-14 15:11:31,739 [Thread-4659] INFO  impl.RoleInfo (RoleInfo.java:updateAndGet(143)) - de889d2b-5891-48f1-89d7-805f59e22d6d: start LeaderElection
2019-11-14 15:11:31,753 [de889d2b-5891-48f1-89d7-805f59e22d6d@group-81275DA7FAB4-LeaderElection210] INFO  impl.LeaderElection (LeaderElection.java:askForVotes(178)) - de889d2b-5891-48f1-89d7-805f59e22d6d@group-81275DA7FAB4-LeaderElection210: begin an election at term 4 for 0: [fdb64a2a-711d-4b74-a4a4-cacd6c2cad61:192.168.34.62:37913, 34d60e7e-1049-4636-b4f7-69f15bd98c31:192.168.34.62:39382, de889d2b-5891-48f1-89d7-805f59e22d6d:192.168.34.62:42999], old=null
2019-11-14 15:11:31,754 [de889d2b-5891-48f1-89d7-805f59e22d6d@group-81275DA7FAB4-LeaderElection210] INFO  impl.LeaderElection (LogUtils.java:infoOrTrace(149)) - de889d2b-5891-48f1-89d7-805f59e22d6d@group-81275DA7FAB4-LeaderElection210 got exception when requesting votes: {}
java.util.concurrent.ExecutionException: org.apache.ratis.thirdparty.io.grpc.StatusRuntimeException: UNAVAILABLE: io exception
	at java.util.concurrent.FutureTask.report(FutureTask.java:122)
	at java.util.concurrent.FutureTask.get(FutureTask.java:192)
	at org.apache.ratis.server.impl.LeaderElection.waitForResults(LeaderElection.java:259)
	at org.apache.ratis.server.impl.LeaderElection.askForVotes(LeaderElection.java:197)
	at org.apache.ratis.server.impl.LeaderElection.run(LeaderElection.java:133)
	at java.lang.Thread.run(Thread.java:748)
Caused by: org.apache.ratis.thirdparty.io.grpc.StatusRuntimeException: UNAVAILABLE: io exception
	at org.apache.ratis.thirdparty.io.grpc.stub.ClientCalls.toStatusRuntimeException(ClientCalls.java:233)
	at org.apache.ratis.thirdparty.io.grpc.stub.ClientCalls.getUnchecked(ClientCalls.java:214)
	at org.apache.ratis.thirdparty.io.grpc.stub.ClientCalls.blockingUnaryCall(ClientCalls.java:139)
	at org.apache.ratis.proto.grpc.RaftServerProtocolServiceGrpc$RaftServerProtocolServiceBlockingStub.requestVote(RaftServerProtocolServiceGrpc.java:265)
	at org.apache.ratis.grpc.server.GrpcServerProtocolClient.requestVote(GrpcServerProtocolClient.java:99)
	at org.apache.ratis.grpc.server.GrpcService.requestVote(GrpcService.java:204)
	at org.apache.ratis.server.impl.LeaderElection.lambda$submitRequests$1(LeaderElection.java:234)
	at java.util.concurrent.FutureTask.run(FutureTask.java:266)
	at java.util.concurrent.Executors$RunnableAdapter.call(Executors.java:511)
	at java.util.concurrent.FutureTask.run(FutureTask.java:266)
	at java.util.concurrent.ThreadPoolExecutor.runWorker(ThreadPoolExecutor.java:1149)
	at java.util.concurrent.ThreadPoolExecutor$Worker.run(ThreadPoolExecutor.java:624)
	... 1 more
Caused by: org.apache.ratis.thirdparty.io.netty.channel.AbstractChannel$AnnotatedConnectException: Connection refused: /192.168.34.62:39382
	at sun.nio.ch.SocketChannelImpl.checkConnect(Native Method)
	at sun.nio.ch.SocketChannelImpl.finishConnect(SocketChannelImpl.java:717)
	at org.apache.ratis.thirdparty.io.netty.channel.socket.nio.NioSocketChannel.doFinishConnect(NioSocketChannel.java:327)
	at org.apache.ratis.thirdparty.io.netty.channel.nio.AbstractNioChannel$AbstractNioUnsafe.finishConnect(AbstractNioChannel.java:340)
	at org.apache.ratis.thirdparty.io.netty.channel.nio.NioEventLoop.processSelectedKey(NioEventLoop.java:632)
	at org.apache.ratis.thirdparty.io.netty.channel.nio.NioEventLoop.processSelectedKeysOptimized(NioEventLoop.java:579)
	at org.apache.ratis.thirdparty.io.netty.channel.nio.NioEventLoop.processSelectedKeys(NioEventLoop.java:496)
	at org.apache.ratis.thirdparty.io.netty.channel.nio.NioEventLoop.run(NioEventLoop.java:458)
	at org.apache.ratis.thirdparty.io.netty.util.concurrent.SingleThreadEventExecutor$5.run(SingleThreadEventExecutor.java:897)
	at org.apache.ratis.thirdparty.io.netty.util.concurrent.FastThreadLocalRunnable.run(FastThreadLocalRunnable.java:30)
	... 1 more
Caused by: java.net.ConnectException: Connection refused
	... 11 more
2019-11-14 15:11:31,755 [de889d2b-5891-48f1-89d7-805f59e22d6d@group-81275DA7FAB4-LeaderElection210] INFO  impl.LeaderElection (LogUtils.java:infoOrTrace(149)) - de889d2b-5891-48f1-89d7-805f59e22d6d@group-81275DA7FAB4-LeaderElection210 got exception when requesting votes: {}
java.util.concurrent.ExecutionException: org.apache.ratis.thirdparty.io.grpc.StatusRuntimeException: UNAVAILABLE: io exception
	at java.util.concurrent.FutureTask.report(FutureTask.java:122)
	at java.util.concurrent.FutureTask.get(FutureTask.java:192)
	at org.apache.ratis.server.impl.LeaderElection.waitForResults(LeaderElection.java:259)
	at org.apache.ratis.server.impl.LeaderElection.askForVotes(LeaderElection.java:197)
	at org.apache.ratis.server.impl.LeaderElection.run(LeaderElection.java:133)
	at java.lang.Thread.run(Thread.java:748)
Caused by: org.apache.ratis.thirdparty.io.grpc.StatusRuntimeException: UNAVAILABLE: io exception
	at org.apache.ratis.thirdparty.io.grpc.stub.ClientCalls.toStatusRuntimeException(ClientCalls.java:233)
	at org.apache.ratis.thirdparty.io.grpc.stub.ClientCalls.getUnchecked(ClientCalls.java:214)
	at org.apache.ratis.thirdparty.io.grpc.stub.ClientCalls.blockingUnaryCall(ClientCalls.java:139)
	at org.apache.ratis.proto.grpc.RaftServerProtocolServiceGrpc$RaftServerProtocolServiceBlockingStub.requestVote(RaftServerProtocolServiceGrpc.java:265)
	at org.apache.ratis.grpc.server.GrpcServerProtocolClient.requestVote(GrpcServerProtocolClient.java:99)
	at org.apache.ratis.grpc.server.GrpcService.requestVote(GrpcService.java:204)
	at org.apache.ratis.server.impl.LeaderElection.lambda$submitRequests$1(LeaderElection.java:234)
	at java.util.concurrent.FutureTask.run(FutureTask.java:266)
	at java.util.concurrent.Executors$RunnableAdapter.call(Executors.java:511)
	at java.util.concurrent.FutureTask.run(FutureTask.java:266)
	at java.util.concurrent.ThreadPoolExecutor.runWorker(ThreadPoolExecutor.java:1149)
	at java.util.concurrent.ThreadPoolExecutor$Worker.run(ThreadPoolExecutor.java:624)
	... 1 more
Caused by: org.apache.ratis.thirdparty.io.netty.channel.AbstractChannel$AnnotatedConnectException: Connection refused: /192.168.34.62:37913
	at sun.nio.ch.SocketChannelImpl.checkConnect(Native Method)
	at sun.nio.ch.SocketChannelImpl.finishConnect(SocketChannelImpl.java:717)
	at org.apache.ratis.thirdparty.io.netty.channel.socket.nio.NioSocketChannel.doFinishConnect(NioSocketChannel.java:327)
	at org.apache.ratis.thirdparty.io.netty.channel.nio.AbstractNioChannel$AbstractNioUnsafe.finishConnect(AbstractNioChannel.java:340)
	at org.apache.ratis.thirdparty.io.netty.channel.nio.NioEventLoop.processSelectedKey(NioEventLoop.java:632)
	at org.apache.ratis.thirdparty.io.netty.channel.nio.NioEventLoop.processSelectedKeysOptimized(NioEventLoop.java:579)
	at org.apache.ratis.thirdparty.io.netty.channel.nio.NioEventLoop.processSelectedKeys(NioEventLoop.java:496)
	at org.apache.ratis.thirdparty.io.netty.channel.nio.NioEventLoop.run(NioEventLoop.java:458)
	at org.apache.ratis.thirdparty.io.netty.util.concurrent.SingleThreadEventExecutor$5.run(SingleThreadEventExecutor.java:897)
	at org.apache.ratis.thirdparty.io.netty.util.concurrent.FastThreadLocalRunnable.run(FastThreadLocalRunnable.java:30)
	... 1 more
Caused by: java.net.ConnectException: Connection refused
	... 11 more
2019-11-14 15:11:31,755 [de889d2b-5891-48f1-89d7-805f59e22d6d@group-81275DA7FAB4-LeaderElection210] INFO  impl.LeaderElection (LeaderElection.java:logAndReturn(56)) - de889d2b-5891-48f1-89d7-805f59e22d6d@group-81275DA7FAB4-LeaderElection210: Election REJECTED; received 0 response(s) [] and 2 exception(s); de889d2b-5891-48f1-89d7-805f59e22d6d@group-81275DA7FAB4:t4, leader=null, voted=de889d2b-5891-48f1-89d7-805f59e22d6d, raftlog=de889d2b-5891-48f1-89d7-805f59e22d6d@group-81275DA7FAB4-SegmentedRaftLog:OPENED:c7,f7,i7, conf=0: [fdb64a2a-711d-4b74-a4a4-cacd6c2cad61:192.168.34.62:37913, 34d60e7e-1049-4636-b4f7-69f15bd98c31:192.168.34.62:39382, de889d2b-5891-48f1-89d7-805f59e22d6d:192.168.34.62:42999], old=null
2019-11-14 15:11:31,755 [de889d2b-5891-48f1-89d7-805f59e22d6d@group-81275DA7FAB4-LeaderElection210] INFO  impl.LeaderElection (LogUtils.java:infoOrTrace(149)) -   Exception 0: {}
java.util.concurrent.ExecutionException: org.apache.ratis.thirdparty.io.grpc.StatusRuntimeException: UNAVAILABLE: io exception
	at java.util.concurrent.FutureTask.report(FutureTask.java:122)
	at java.util.concurrent.FutureTask.get(FutureTask.java:192)
	at org.apache.ratis.server.impl.LeaderElection.waitForResults(LeaderElection.java:259)
	at org.apache.ratis.server.impl.LeaderElection.askForVotes(LeaderElection.java:197)
	at org.apache.ratis.server.impl.LeaderElection.run(LeaderElection.java:133)
	at java.lang.Thread.run(Thread.java:748)
Caused by: org.apache.ratis.thirdparty.io.grpc.StatusRuntimeException: UNAVAILABLE: io exception
	at org.apache.ratis.thirdparty.io.grpc.stub.ClientCalls.toStatusRuntimeException(ClientCalls.java:233)
	at org.apache.ratis.thirdparty.io.grpc.stub.ClientCalls.getUnchecked(ClientCalls.java:214)
	at org.apache.ratis.thirdparty.io.grpc.stub.ClientCalls.blockingUnaryCall(ClientCalls.java:139)
	at org.apache.ratis.proto.grpc.RaftServerProtocolServiceGrpc$RaftServerProtocolServiceBlockingStub.requestVote(RaftServerProtocolServiceGrpc.java:265)
	at org.apache.ratis.grpc.server.GrpcServerProtocolClient.requestVote(GrpcServerProtocolClient.java:99)
	at org.apache.ratis.grpc.server.GrpcService.requestVote(GrpcService.java:204)
	at org.apache.ratis.server.impl.LeaderElection.lambda$submitRequests$1(LeaderElection.java:234)
	at java.util.concurrent.FutureTask.run(FutureTask.java:266)
	at java.util.concurrent.Executors$RunnableAdapter.call(Executors.java:511)
	at java.util.concurrent.FutureTask.run(FutureTask.java:266)
	at java.util.concurrent.ThreadPoolExecutor.runWorker(ThreadPoolExecutor.java:1149)
	at java.util.concurrent.ThreadPoolExecutor$Worker.run(ThreadPoolExecutor.java:624)
	... 1 more
Caused by: org.apache.ratis.thirdparty.io.netty.channel.AbstractChannel$AnnotatedConnectException: Connection refused: /192.168.34.62:39382
	at sun.nio.ch.SocketChannelImpl.checkConnect(Native Method)
	at sun.nio.ch.SocketChannelImpl.finishConnect(SocketChannelImpl.java:717)
	at org.apache.ratis.thirdparty.io.netty.channel.socket.nio.NioSocketChannel.doFinishConnect(NioSocketChannel.java:327)
	at org.apache.ratis.thirdparty.io.netty.channel.nio.AbstractNioChannel$AbstractNioUnsafe.finishConnect(AbstractNioChannel.java:340)
	at org.apache.ratis.thirdparty.io.netty.channel.nio.NioEventLoop.processSelectedKey(NioEventLoop.java:632)
	at org.apache.ratis.thirdparty.io.netty.channel.nio.NioEventLoop.processSelectedKeysOptimized(NioEventLoop.java:579)
	at org.apache.ratis.thirdparty.io.netty.channel.nio.NioEventLoop.processSelectedKeys(NioEventLoop.java:496)
	at org.apache.ratis.thirdparty.io.netty.channel.nio.NioEventLoop.run(NioEventLoop.java:458)
	at org.apache.ratis.thirdparty.io.netty.util.concurrent.SingleThreadEventExecutor$5.run(SingleThreadEventExecutor.java:897)
	at org.apache.ratis.thirdparty.io.netty.util.concurrent.FastThreadLocalRunnable.run(FastThreadLocalRunnable.java:30)
	... 1 more
Caused by: java.net.ConnectException: Connection refused
	... 11 more
2019-11-14 15:11:31,756 [de889d2b-5891-48f1-89d7-805f59e22d6d@group-81275DA7FAB4-LeaderElection210] INFO  impl.LeaderElection (LogUtils.java:infoOrTrace(149)) -   Exception 1: {}
java.util.concurrent.ExecutionException: org.apache.ratis.thirdparty.io.grpc.StatusRuntimeException: UNAVAILABLE: io exception
	at java.util.concurrent.FutureTask.report(FutureTask.java:122)
	at java.util.concurrent.FutureTask.get(FutureTask.java:192)
	at org.apache.ratis.server.impl.LeaderElection.waitForResults(LeaderElection.java:259)
	at org.apache.ratis.server.impl.LeaderElection.askForVotes(LeaderElection.java:197)
	at org.apache.ratis.server.impl.LeaderElection.run(LeaderElection.java:133)
	at java.lang.Thread.run(Thread.java:748)
Caused by: org.apache.ratis.thirdparty.io.grpc.StatusRuntimeException: UNAVAILABLE: io exception
	at org.apache.ratis.thirdparty.io.grpc.stub.ClientCalls.toStatusRuntimeException(ClientCalls.java:233)
	at org.apache.ratis.thirdparty.io.grpc.stub.ClientCalls.getUnchecked(ClientCalls.java:214)
	at org.apache.ratis.thirdparty.io.grpc.stub.ClientCalls.blockingUnaryCall(ClientCalls.java:139)
	at org.apache.ratis.proto.grpc.RaftServerProtocolServiceGrpc$RaftServerProtocolServiceBlockingStub.requestVote(RaftServerProtocolServiceGrpc.java:265)
	at org.apache.ratis.grpc.server.GrpcServerProtocolClient.requestVote(GrpcServerProtocolClient.java:99)
	at org.apache.ratis.grpc.server.GrpcService.requestVote(GrpcService.java:204)
	at org.apache.ratis.server.impl.LeaderElection.lambda$submitRequests$1(LeaderElection.java:234)
	at java.util.concurrent.FutureTask.run(FutureTask.java:266)
	at java.util.concurrent.Executors$RunnableAdapter.call(Executors.java:511)
	at java.util.concurrent.FutureTask.run(FutureTask.java:266)
	at java.util.concurrent.ThreadPoolExecutor.runWorker(ThreadPoolExecutor.java:1149)
	at java.util.concurrent.ThreadPoolExecutor$Worker.run(ThreadPoolExecutor.java:624)
	... 1 more
Caused by: org.apache.ratis.thirdparty.io.netty.channel.AbstractChannel$AnnotatedConnectException: Connection refused: /192.168.34.62:37913
	at sun.nio.ch.SocketChannelImpl.checkConnect(Native Method)
	at sun.nio.ch.SocketChannelImpl.finishConnect(SocketChannelImpl.java:717)
	at org.apache.ratis.thirdparty.io.netty.channel.socket.nio.NioSocketChannel.doFinishConnect(NioSocketChannel.java:327)
	at org.apache.ratis.thirdparty.io.netty.channel.nio.AbstractNioChannel$AbstractNioUnsafe.finishConnect(AbstractNioChannel.java:340)
	at org.apache.ratis.thirdparty.io.netty.channel.nio.NioEventLoop.processSelectedKey(NioEventLoop.java:632)
	at org.apache.ratis.thirdparty.io.netty.channel.nio.NioEventLoop.processSelectedKeysOptimized(NioEventLoop.java:579)
	at org.apache.ratis.thirdparty.io.netty.channel.nio.NioEventLoop.processSelectedKeys(NioEventLoop.java:496)
	at org.apache.ratis.thirdparty.io.netty.channel.nio.NioEventLoop.run(NioEventLoop.java:458)
	at org.apache.ratis.thirdparty.io.netty.util.concurrent.SingleThreadEventExecutor$5.run(SingleThreadEventExecutor.java:897)
	at org.apache.ratis.thirdparty.io.netty.util.concurrent.FastThreadLocalRunnable.run(FastThreadLocalRunnable.java:30)
	... 1 more
Caused by: java.net.ConnectException: Connection refused
	... 11 more
2019-11-14 15:11:31,756 [de889d2b-5891-48f1-89d7-805f59e22d6d@group-81275DA7FAB4-LeaderElection210] INFO  impl.RaftServerImpl (RaftServerImpl.java:setRole(173)) - de889d2b-5891-48f1-89d7-805f59e22d6d@group-81275DA7FAB4: changes role from CANDIDATE to FOLLOWER at term 4 for DISCOVERED_A_NEW_TERM
2019-11-14 15:11:31,756 [de889d2b-5891-48f1-89d7-805f59e22d6d@group-81275DA7FAB4-LeaderElection210] INFO  impl.RoleInfo (RoleInfo.java:shutdownLeaderElection(134)) - de889d2b-5891-48f1-89d7-805f59e22d6d: shutdown LeaderElection
2019-11-14 15:11:31,756 [de889d2b-5891-48f1-89d7-805f59e22d6d@group-81275DA7FAB4-LeaderElection210] INFO  impl.RoleInfo (RoleInfo.java:updateAndGet(143)) - de889d2b-5891-48f1-89d7-805f59e22d6d: start FollowerState
2019-11-14 15:11:32,603 [Thread-4665] INFO  impl.FollowerState (FollowerState.java:run(111)) - 9ce1968d-df6d-4251-8f68-caf53c6f1d3e@group-3EC9F60C7CC4-FollowerState: change to CANDIDATE, lastRpcTime:1105ms, electionTimeout:1105ms
2019-11-14 15:11:32,603 [Thread-4665] INFO  impl.RoleInfo (RoleInfo.java:shutdownFollowerState(121)) - 9ce1968d-df6d-4251-8f68-caf53c6f1d3e: shutdown FollowerState
2019-11-14 15:11:32,604 [Thread-4665] INFO  impl.RaftServerImpl (RaftServerImpl.java:setRole(173)) - 9ce1968d-df6d-4251-8f68-caf53c6f1d3e@group-3EC9F60C7CC4: changes role from  FOLLOWER to CANDIDATE at term 9 for changeToCandidate
2019-11-14 15:11:32,604 [Thread-4665] INFO  impl.RoleInfo (RoleInfo.java:updateAndGet(143)) - 9ce1968d-df6d-4251-8f68-caf53c6f1d3e: start LeaderElection
2019-11-14 15:11:32,618 [9ce1968d-df6d-4251-8f68-caf53c6f1d3e@group-3EC9F60C7CC4-LeaderElection211] INFO  impl.LeaderElection (LeaderElection.java:askForVotes(178)) - 9ce1968d-df6d-4251-8f68-caf53c6f1d3e@group-3EC9F60C7CC4-LeaderElection211: begin an election at term 10 for 1: [ee222113-7cfa-4d93-ae35-60587bc46978:192.168.34.62:36461, 9ce1968d-df6d-4251-8f68-caf53c6f1d3e:192.168.34.62:35975, c45d92cd-1d84-4e39-b22b-e775d9180271:192.168.34.62:37954], old=null
2019-11-14 15:11:32,619 [9ce1968d-df6d-4251-8f68-caf53c6f1d3e@group-3EC9F60C7CC4-LeaderElection211] INFO  impl.LeaderElection (LogUtils.java:infoOrTrace(149)) - 9ce1968d-df6d-4251-8f68-caf53c6f1d3e@group-3EC9F60C7CC4-LeaderElection211 got exception when requesting votes: {}
java.util.concurrent.ExecutionException: org.apache.ratis.thirdparty.io.grpc.StatusRuntimeException: UNAVAILABLE: io exception
	at java.util.concurrent.FutureTask.report(FutureTask.java:122)
	at java.util.concurrent.FutureTask.get(FutureTask.java:192)
	at org.apache.ratis.server.impl.LeaderElection.waitForResults(LeaderElection.java:259)
	at org.apache.ratis.server.impl.LeaderElection.askForVotes(LeaderElection.java:197)
	at org.apache.ratis.server.impl.LeaderElection.run(LeaderElection.java:133)
	at java.lang.Thread.run(Thread.java:748)
Caused by: org.apache.ratis.thirdparty.io.grpc.StatusRuntimeException: UNAVAILABLE: io exception
	at org.apache.ratis.thirdparty.io.grpc.stub.ClientCalls.toStatusRuntimeException(ClientCalls.java:233)
	at org.apache.ratis.thirdparty.io.grpc.stub.ClientCalls.getUnchecked(ClientCalls.java:214)
	at org.apache.ratis.thirdparty.io.grpc.stub.ClientCalls.blockingUnaryCall(ClientCalls.java:139)
	at org.apache.ratis.proto.grpc.RaftServerProtocolServiceGrpc$RaftServerProtocolServiceBlockingStub.requestVote(RaftServerProtocolServiceGrpc.java:265)
	at org.apache.ratis.grpc.server.GrpcServerProtocolClient.requestVote(GrpcServerProtocolClient.java:99)
	at org.apache.ratis.grpc.server.GrpcService.requestVote(GrpcService.java:204)
	at org.apache.ratis.server.impl.LeaderElection.lambda$submitRequests$1(LeaderElection.java:234)
	at java.util.concurrent.FutureTask.run(FutureTask.java:266)
	at java.util.concurrent.Executors$RunnableAdapter.call(Executors.java:511)
	at java.util.concurrent.FutureTask.run(FutureTask.java:266)
	at java.util.concurrent.ThreadPoolExecutor.runWorker(ThreadPoolExecutor.java:1149)
	at java.util.concurrent.ThreadPoolExecutor$Worker.run(ThreadPoolExecutor.java:624)
	... 1 more
Caused by: org.apache.ratis.thirdparty.io.netty.channel.AbstractChannel$AnnotatedConnectException: Connection refused: /192.168.34.62:37954
	at sun.nio.ch.SocketChannelImpl.checkConnect(Native Method)
	at sun.nio.ch.SocketChannelImpl.finishConnect(SocketChannelImpl.java:717)
	at org.apache.ratis.thirdparty.io.netty.channel.socket.nio.NioSocketChannel.doFinishConnect(NioSocketChannel.java:327)
	at org.apache.ratis.thirdparty.io.netty.channel.nio.AbstractNioChannel$AbstractNioUnsafe.finishConnect(AbstractNioChannel.java:340)
	at org.apache.ratis.thirdparty.io.netty.channel.nio.NioEventLoop.processSelectedKey(NioEventLoop.java:632)
	at org.apache.ratis.thirdparty.io.netty.channel.nio.NioEventLoop.processSelectedKeysOptimized(NioEventLoop.java:579)
	at org.apache.ratis.thirdparty.io.netty.channel.nio.NioEventLoop.processSelectedKeys(NioEventLoop.java:496)
	at org.apache.ratis.thirdparty.io.netty.channel.nio.NioEventLoop.run(NioEventLoop.java:458)
	at org.apache.ratis.thirdparty.io.netty.util.concurrent.SingleThreadEventExecutor$5.run(SingleThreadEventExecutor.java:897)
	at org.apache.ratis.thirdparty.io.netty.util.concurrent.FastThreadLocalRunnable.run(FastThreadLocalRunnable.java:30)
	... 1 more
Caused by: java.net.ConnectException: Connection refused
	... 11 more
2019-11-14 15:11:32,619 [9ce1968d-df6d-4251-8f68-caf53c6f1d3e@group-3EC9F60C7CC4-LeaderElection211] INFO  impl.LeaderElection (LogUtils.java:infoOrTrace(149)) - 9ce1968d-df6d-4251-8f68-caf53c6f1d3e@group-3EC9F60C7CC4-LeaderElection211 got exception when requesting votes: {}
java.util.concurrent.ExecutionException: org.apache.ratis.thirdparty.io.grpc.StatusRuntimeException: UNAVAILABLE: io exception
	at java.util.concurrent.FutureTask.report(FutureTask.java:122)
	at java.util.concurrent.FutureTask.get(FutureTask.java:192)
	at org.apache.ratis.server.impl.LeaderElection.waitForResults(LeaderElection.java:259)
	at org.apache.ratis.server.impl.LeaderElection.askForVotes(LeaderElection.java:197)
	at org.apache.ratis.server.impl.LeaderElection.run(LeaderElection.java:133)
	at java.lang.Thread.run(Thread.java:748)
Caused by: org.apache.ratis.thirdparty.io.grpc.StatusRuntimeException: UNAVAILABLE: io exception
	at org.apache.ratis.thirdparty.io.grpc.stub.ClientCalls.toStatusRuntimeException(ClientCalls.java:233)
	at org.apache.ratis.thirdparty.io.grpc.stub.ClientCalls.getUnchecked(ClientCalls.java:214)
	at org.apache.ratis.thirdparty.io.grpc.stub.ClientCalls.blockingUnaryCall(ClientCalls.java:139)
	at org.apache.ratis.proto.grpc.RaftServerProtocolServiceGrpc$RaftServerProtocolServiceBlockingStub.requestVote(RaftServerProtocolServiceGrpc.java:265)
	at org.apache.ratis.grpc.server.GrpcServerProtocolClient.requestVote(GrpcServerProtocolClient.java:99)
	at org.apache.ratis.grpc.server.GrpcService.requestVote(GrpcService.java:204)
	at org.apache.ratis.server.impl.LeaderElection.lambda$submitRequests$1(LeaderElection.java:234)
	at java.util.concurrent.FutureTask.run(FutureTask.java:266)
	at java.util.concurrent.Executors$RunnableAdapter.call(Executors.java:511)
	at java.util.concurrent.FutureTask.run(FutureTask.java:266)
	at java.util.concurrent.ThreadPoolExecutor.runWorker(ThreadPoolExecutor.java:1149)
	at java.util.concurrent.ThreadPoolExecutor$Worker.run(ThreadPoolExecutor.java:624)
	... 1 more
Caused by: org.apache.ratis.thirdparty.io.netty.channel.AbstractChannel$AnnotatedConnectException: Connection refused: /192.168.34.62:36461
	at sun.nio.ch.SocketChannelImpl.checkConnect(Native Method)
	at sun.nio.ch.SocketChannelImpl.finishConnect(SocketChannelImpl.java:717)
	at org.apache.ratis.thirdparty.io.netty.channel.socket.nio.NioSocketChannel.doFinishConnect(NioSocketChannel.java:327)
	at org.apache.ratis.thirdparty.io.netty.channel.nio.AbstractNioChannel$AbstractNioUnsafe.finishConnect(AbstractNioChannel.java:340)
	at org.apache.ratis.thirdparty.io.netty.channel.nio.NioEventLoop.processSelectedKey(NioEventLoop.java:632)
	at org.apache.ratis.thirdparty.io.netty.channel.nio.NioEventLoop.processSelectedKeysOptimized(NioEventLoop.java:579)
	at org.apache.ratis.thirdparty.io.netty.channel.nio.NioEventLoop.processSelectedKeys(NioEventLoop.java:496)
	at org.apache.ratis.thirdparty.io.netty.channel.nio.NioEventLoop.run(NioEventLoop.java:458)
	at org.apache.ratis.thirdparty.io.netty.util.concurrent.SingleThreadEventExecutor$5.run(SingleThreadEventExecutor.java:897)
	at org.apache.ratis.thirdparty.io.netty.util.concurrent.FastThreadLocalRunnable.run(FastThreadLocalRunnable.java:30)
	... 1 more
Caused by: java.net.ConnectException: Connection refused
	... 11 more
2019-11-14 15:11:32,620 [9ce1968d-df6d-4251-8f68-caf53c6f1d3e@group-3EC9F60C7CC4-LeaderElection211] INFO  impl.LeaderElection (LeaderElection.java:logAndReturn(56)) - 9ce1968d-df6d-4251-8f68-caf53c6f1d3e@group-3EC9F60C7CC4-LeaderElection211: Election REJECTED; received 0 response(s) [] and 2 exception(s); 9ce1968d-df6d-4251-8f68-caf53c6f1d3e@group-3EC9F60C7CC4:t10, leader=null, voted=9ce1968d-df6d-4251-8f68-caf53c6f1d3e, raftlog=9ce1968d-df6d-4251-8f68-caf53c6f1d3e@group-3EC9F60C7CC4-SegmentedRaftLog:OPENED:c2,f2,i2, conf=1: [ee222113-7cfa-4d93-ae35-60587bc46978:192.168.34.62:36461, 9ce1968d-df6d-4251-8f68-caf53c6f1d3e:192.168.34.62:35975, c45d92cd-1d84-4e39-b22b-e775d9180271:192.168.34.62:37954], old=null
2019-11-14 15:11:32,620 [9ce1968d-df6d-4251-8f68-caf53c6f1d3e@group-3EC9F60C7CC4-LeaderElection211] INFO  impl.LeaderElection (LogUtils.java:infoOrTrace(149)) -   Exception 0: {}
java.util.concurrent.ExecutionException: org.apache.ratis.thirdparty.io.grpc.StatusRuntimeException: UNAVAILABLE: io exception
	at java.util.concurrent.FutureTask.report(FutureTask.java:122)
	at java.util.concurrent.FutureTask.get(FutureTask.java:192)
	at org.apache.ratis.server.impl.LeaderElection.waitForResults(LeaderElection.java:259)
	at org.apache.ratis.server.impl.LeaderElection.askForVotes(LeaderElection.java:197)
	at org.apache.ratis.server.impl.LeaderElection.run(LeaderElection.java:133)
	at java.lang.Thread.run(Thread.java:748)
Caused by: org.apache.ratis.thirdparty.io.grpc.StatusRuntimeException: UNAVAILABLE: io exception
	at org.apache.ratis.thirdparty.io.grpc.stub.ClientCalls.toStatusRuntimeException(ClientCalls.java:233)
	at org.apache.ratis.thirdparty.io.grpc.stub.ClientCalls.getUnchecked(ClientCalls.java:214)
	at org.apache.ratis.thirdparty.io.grpc.stub.ClientCalls.blockingUnaryCall(ClientCalls.java:139)
	at org.apache.ratis.proto.grpc.RaftServerProtocolServiceGrpc$RaftServerProtocolServiceBlockingStub.requestVote(RaftServerProtocolServiceGrpc.java:265)
	at org.apache.ratis.grpc.server.GrpcServerProtocolClient.requestVote(GrpcServerProtocolClient.java:99)
	at org.apache.ratis.grpc.server.GrpcService.requestVote(GrpcService.java:204)
	at org.apache.ratis.server.impl.LeaderElection.lambda$submitRequests$1(LeaderElection.java:234)
	at java.util.concurrent.FutureTask.run(FutureTask.java:266)
	at java.util.concurrent.Executors$RunnableAdapter.call(Executors.java:511)
	at java.util.concurrent.FutureTask.run(FutureTask.java:266)
	at java.util.concurrent.ThreadPoolExecutor.runWorker(ThreadPoolExecutor.java:1149)
	at java.util.concurrent.ThreadPoolExecutor$Worker.run(ThreadPoolExecutor.java:624)
	... 1 more
Caused by: org.apache.ratis.thirdparty.io.netty.channel.AbstractChannel$AnnotatedConnectException: Connection refused: /192.168.34.62:37954
	at sun.nio.ch.SocketChannelImpl.checkConnect(Native Method)
	at sun.nio.ch.SocketChannelImpl.finishConnect(SocketChannelImpl.java:717)
	at org.apache.ratis.thirdparty.io.netty.channel.socket.nio.NioSocketChannel.doFinishConnect(NioSocketChannel.java:327)
	at org.apache.ratis.thirdparty.io.netty.channel.nio.AbstractNioChannel$AbstractNioUnsafe.finishConnect(AbstractNioChannel.java:340)
	at org.apache.ratis.thirdparty.io.netty.channel.nio.NioEventLoop.processSelectedKey(NioEventLoop.java:632)
	at org.apache.ratis.thirdparty.io.netty.channel.nio.NioEventLoop.processSelectedKeysOptimized(NioEventLoop.java:579)
	at org.apache.ratis.thirdparty.io.netty.channel.nio.NioEventLoop.processSelectedKeys(NioEventLoop.java:496)
	at org.apache.ratis.thirdparty.io.netty.channel.nio.NioEventLoop.run(NioEventLoop.java:458)
	at org.apache.ratis.thirdparty.io.netty.util.concurrent.SingleThreadEventExecutor$5.run(SingleThreadEventExecutor.java:897)
	at org.apache.ratis.thirdparty.io.netty.util.concurrent.FastThreadLocalRunnable.run(FastThreadLocalRunnable.java:30)
	... 1 more
Caused by: java.net.ConnectException: Connection refused
	... 11 more
2019-11-14 15:11:32,620 [9ce1968d-df6d-4251-8f68-caf53c6f1d3e@group-3EC9F60C7CC4-LeaderElection211] INFO  impl.LeaderElection (LogUtils.java:infoOrTrace(149)) -   Exception 1: {}
java.util.concurrent.ExecutionException: org.apache.ratis.thirdparty.io.grpc.StatusRuntimeException: UNAVAILABLE: io exception
	at java.util.concurrent.FutureTask.report(FutureTask.java:122)
	at java.util.concurrent.FutureTask.get(FutureTask.java:192)
	at org.apache.ratis.server.impl.LeaderElection.waitForResults(LeaderElection.java:259)
	at org.apache.ratis.server.impl.LeaderElection.askForVotes(LeaderElection.java:197)
	at org.apache.ratis.server.impl.LeaderElection.run(LeaderElection.java:133)
	at java.lang.Thread.run(Thread.java:748)
Caused by: org.apache.ratis.thirdparty.io.grpc.StatusRuntimeException: UNAVAILABLE: io exception
	at org.apache.ratis.thirdparty.io.grpc.stub.ClientCalls.toStatusRuntimeException(ClientCalls.java:233)
	at org.apache.ratis.thirdparty.io.grpc.stub.ClientCalls.getUnchecked(ClientCalls.java:214)
	at org.apache.ratis.thirdparty.io.grpc.stub.ClientCalls.blockingUnaryCall(ClientCalls.java:139)
	at org.apache.ratis.proto.grpc.RaftServerProtocolServiceGrpc$RaftServerProtocolServiceBlockingStub.requestVote(RaftServerProtocolServiceGrpc.java:265)
	at org.apache.ratis.grpc.server.GrpcServerProtocolClient.requestVote(GrpcServerProtocolClient.java:99)
	at org.apache.ratis.grpc.server.GrpcService.requestVote(GrpcService.java:204)
	at org.apache.ratis.server.impl.LeaderElection.lambda$submitRequests$1(LeaderElection.java:234)
	at java.util.concurrent.FutureTask.run(FutureTask.java:266)
	at java.util.concurrent.Executors$RunnableAdapter.call(Executors.java:511)
	at java.util.concurrent.FutureTask.run(FutureTask.java:266)
	at java.util.concurrent.ThreadPoolExecutor.runWorker(ThreadPoolExecutor.java:1149)
	at java.util.concurrent.ThreadPoolExecutor$Worker.run(ThreadPoolExecutor.java:624)
	... 1 more
Caused by: org.apache.ratis.thirdparty.io.netty.channel.AbstractChannel$AnnotatedConnectException: Connection refused: /192.168.34.62:36461
	at sun.nio.ch.SocketChannelImpl.checkConnect(Native Method)
	at sun.nio.ch.SocketChannelImpl.finishConnect(SocketChannelImpl.java:717)
	at org.apache.ratis.thirdparty.io.netty.channel.socket.nio.NioSocketChannel.doFinishConnect(NioSocketChannel.java:327)
	at org.apache.ratis.thirdparty.io.netty.channel.nio.AbstractNioChannel$AbstractNioUnsafe.finishConnect(AbstractNioChannel.java:340)
	at org.apache.ratis.thirdparty.io.netty.channel.nio.NioEventLoop.processSelectedKey(NioEventLoop.java:632)
	at org.apache.ratis.thirdparty.io.netty.channel.nio.NioEventLoop.processSelectedKeysOptimized(NioEventLoop.java:579)
	at org.apache.ratis.thirdparty.io.netty.channel.nio.NioEventLoop.processSelectedKeys(NioEventLoop.java:496)
	at org.apache.ratis.thirdparty.io.netty.channel.nio.NioEventLoop.run(NioEventLoop.java:458)
	at org.apache.ratis.thirdparty.io.netty.util.concurrent.SingleThreadEventExecutor$5.run(SingleThreadEventExecutor.java:897)
	at org.apache.ratis.thirdparty.io.netty.util.concurrent.FastThreadLocalRunnable.run(FastThreadLocalRunnable.java:30)
	... 1 more
Caused by: java.net.ConnectException: Connection refused
	... 11 more
2019-11-14 15:11:32,621 [9ce1968d-df6d-4251-8f68-caf53c6f1d3e@group-3EC9F60C7CC4-LeaderElection211] INFO  impl.RaftServerImpl (RaftServerImpl.java:setRole(173)) - 9ce1968d-df6d-4251-8f68-caf53c6f1d3e@group-3EC9F60C7CC4: changes role from CANDIDATE to FOLLOWER at term 10 for DISCOVERED_A_NEW_TERM
2019-11-14 15:11:32,621 [9ce1968d-df6d-4251-8f68-caf53c6f1d3e@group-3EC9F60C7CC4-LeaderElection211] INFO  impl.RoleInfo (RoleInfo.java:shutdownLeaderElection(134)) - 9ce1968d-df6d-4251-8f68-caf53c6f1d3e: shutdown LeaderElection
2019-11-14 15:11:32,621 [9ce1968d-df6d-4251-8f68-caf53c6f1d3e@group-3EC9F60C7CC4-LeaderElection211] INFO  impl.RoleInfo (RoleInfo.java:updateAndGet(143)) - 9ce1968d-df6d-4251-8f68-caf53c6f1d3e: start FollowerState
2019-11-14 15:11:32,908 [ForkJoinPool.commonPool-worker-0] INFO  ozoneimpl.OzoneContainer (OzoneContainer.java:stop(244)) - Attempting to stop container services.
2019-11-14 15:11:32,908 [ForkJoinPool.commonPool-worker-0] INFO  impl.RaftServerProxy (RaftServerProxy.java:lambda$close$4(314)) - de889d2b-5891-48f1-89d7-805f59e22d6d: close
2019-11-14 15:11:32,909 [ForkJoinPool.commonPool-worker-0] INFO  impl.RaftServerImpl (RaftServerImpl.java:lambda$shutdown$3(250)) - de889d2b-5891-48f1-89d7-805f59e22d6d@group-81275DA7FAB4: shutdown
2019-11-14 15:11:32,909 [ForkJoinPool.commonPool-worker-0] INFO  util.JmxRegister (JmxRegister.java:unregister(73)) - Successfully un-registered JMX Bean with object name Ratis:service=RaftServer,group=group-81275DA7FAB4,id=de889d2b-5891-48f1-89d7-805f59e22d6d
2019-11-14 15:11:32,909 [ForkJoinPool.commonPool-worker-0] INFO  impl.RoleInfo (RoleInfo.java:shutdownFollowerState(121)) - de889d2b-5891-48f1-89d7-805f59e22d6d: shutdown FollowerState
2019-11-14 15:11:32,910 [ForkJoinPool.commonPool-worker-0] INFO  impl.StateMachineUpdater (StateMachineUpdater.java:stopAndJoin(136)) - de889d2b-5891-48f1-89d7-805f59e22d6d@group-81275DA7FAB4-StateMachineUpdater: set stopIndex = 7
2019-11-14 15:11:32,910 [Thread-4671] INFO  impl.FollowerState (FollowerState.java:run(120)) - de889d2b-5891-48f1-89d7-805f59e22d6d@group-81275DA7FAB4-FollowerState was interrupted: java.lang.InterruptedException: sleep interrupted
2019-11-14 15:11:32,910 [de889d2b-5891-48f1-89d7-805f59e22d6d@group-81275DA7FAB4-StateMachineUpdater] INFO  ratis.ContainerStateMachine (ContainerStateMachine.java:takeSnapshot(285)) - group-81275DA7FAB4: Taking a snapshot at:(t:1, i:4) file /workdir/hadoop-ozone/integration-test/target/test-dir/MiniOzoneClusterImpl-5901a962-94ba-4a8b-ba12-ae811e713c7a/datanode-4/data/ratis/76eb025c-cb1f-4c58-8d9c-81275da7fab4/sm/snapshot.1_4
2019-11-14 15:11:32,920 [main] INFO  ozoneimpl.OzoneContainer (OzoneContainer.java:stop(244)) - Attempting to stop container services.
2019-11-14 15:11:32,922 [main] INFO  impl.RaftServerProxy (RaftServerProxy.java:lambda$close$4(314)) - 9ce1968d-df6d-4251-8f68-caf53c6f1d3e: close
2019-11-14 15:11:32,923 [main] INFO  impl.RaftServerImpl (RaftServerImpl.java:lambda$shutdown$3(250)) - 9ce1968d-df6d-4251-8f68-caf53c6f1d3e@group-3EC9F60C7CC4: shutdown
2019-11-14 15:11:32,923 [main] INFO  util.JmxRegister (JmxRegister.java:unregister(73)) - Successfully un-registered JMX Bean with object name Ratis:service=RaftServer,group=group-3EC9F60C7CC4,id=9ce1968d-df6d-4251-8f68-caf53c6f1d3e
2019-11-14 15:11:32,923 [de889d2b-5891-48f1-89d7-805f59e22d6d@group-81275DA7FAB4-StateMachineUpdater] INFO  ratis.ContainerStateMachine (ContainerStateMachine.java:takeSnapshot(296)) - group-81275DA7FAB4: Finished taking a snapshot at:(t:1, i:4) file:/workdir/hadoop-ozone/integration-test/target/test-dir/MiniOzoneClusterImpl-5901a962-94ba-4a8b-ba12-ae811e713c7a/datanode-4/data/ratis/76eb025c-cb1f-4c58-8d9c-81275da7fab4/sm/snapshot.1_4 time:13
2019-11-14 15:11:32,923 [main] INFO  impl.RoleInfo (RoleInfo.java:shutdownFollowerState(121)) - 9ce1968d-df6d-4251-8f68-caf53c6f1d3e: shutdown FollowerState
2019-11-14 15:11:32,924 [main] INFO  impl.StateMachineUpdater (StateMachineUpdater.java:stopAndJoin(136)) - 9ce1968d-df6d-4251-8f68-caf53c6f1d3e@group-3EC9F60C7CC4-StateMachineUpdater: set stopIndex = 2
2019-11-14 15:11:32,924 [de889d2b-5891-48f1-89d7-805f59e22d6d@group-81275DA7FAB4-StateMachineUpdater] INFO  impl.StateMachineUpdater (StateMachineUpdater.java:takeSnapshot(269)) - de889d2b-5891-48f1-89d7-805f59e22d6d@group-81275DA7FAB4-StateMachineUpdater: Took a snapshot at index 4
2019-11-14 15:11:32,924 [main] INFO  impl.RaftServerImpl (ServerState.java:close(387)) - 9ce1968d-df6d-4251-8f68-caf53c6f1d3e@group-3EC9F60C7CC4: closes. applyIndex: 2
2019-11-14 15:11:32,924 [Thread-4679] INFO  impl.FollowerState (FollowerState.java:run(120)) - 9ce1968d-df6d-4251-8f68-caf53c6f1d3e@group-3EC9F60C7CC4-FollowerState was interrupted: java.lang.InterruptedException: sleep interrupted
2019-11-14 15:11:32,924 [de889d2b-5891-48f1-89d7-805f59e22d6d@group-81275DA7FAB4-StateMachineUpdater] INFO  impl.StateMachineUpdater (StateMachineUpdater.java:lambda$new$0(84)) - de889d2b-5891-48f1-89d7-805f59e22d6d@group-81275DA7FAB4-StateMachineUpdater: snapshotIndex: updateIncreasingly -1 -> 4
2019-11-14 15:11:32,925 [9ce1968d-df6d-4251-8f68-caf53c6f1d3e@group-3EC9F60C7CC4-SegmentedRaftLogWorker] INFO  segmented.SegmentedRaftLogWorker (SegmentedRaftLogWorker.java:run(316)) - 9ce1968d-df6d-4251-8f68-caf53c6f1d3e@group-3EC9F60C7CC4-SegmentedRaftLogWorker was interrupted, exiting. There are 0 tasks remaining in the queue.
2019-11-14 15:11:32,925 [main] INFO  segmented.SegmentedRaftLogWorker (SegmentedRaftLogWorker.java:close(224)) - 9ce1968d-df6d-4251-8f68-caf53c6f1d3e@group-3EC9F60C7CC4-SegmentedRaftLogWorker close()
2019-11-14 15:11:32,925 [de889d2b-5891-48f1-89d7-805f59e22d6d@group-81275DA7FAB4-StateMachineUpdater] INFO  ratis.ContainerStateMachine (ContainerStateMachine.java:takeSnapshot(285)) - group-81275DA7FAB4: Taking a snapshot at:(t:1, i:4) file /workdir/hadoop-ozone/integration-test/target/test-dir/MiniOzoneClusterImpl-5901a962-94ba-4a8b-ba12-ae811e713c7a/datanode-4/data/ratis/76eb025c-cb1f-4c58-8d9c-81275da7fab4/sm/snapshot.1_4
2019-11-14 15:11:32,925 [main] INFO  impl.RaftServerImpl (RaftServerImpl.java:lambda$shutdown$3(250)) - 9ce1968d-df6d-4251-8f68-caf53c6f1d3e@group-24059B9CDBAF: shutdown
2019-11-14 15:11:32,926 [main] INFO  util.JmxRegister (JmxRegister.java:unregister(73)) - Successfully un-registered JMX Bean with object name Ratis:service=RaftServer,group=group-24059B9CDBAF,id=9ce1968d-df6d-4251-8f68-caf53c6f1d3e
2019-11-14 15:11:32,926 [main] INFO  impl.RoleInfo (RoleInfo.java:shutdownLeaderState(104)) - 9ce1968d-df6d-4251-8f68-caf53c6f1d3e: shutdown LeaderState
2019-11-14 15:11:32,926 [main] INFO  impl.PendingRequests (PendingRequests.java:sendNotLeaderResponses(206)) - 9ce1968d-df6d-4251-8f68-caf53c6f1d3e@group-24059B9CDBAF-PendingRequests: sendNotLeaderResponses
2019-11-14 15:11:32,927 [main] INFO  impl.StateMachineUpdater (StateMachineUpdater.java:stopAndJoin(136)) - 9ce1968d-df6d-4251-8f68-caf53c6f1d3e@group-24059B9CDBAF-StateMachineUpdater: set stopIndex = 0
2019-11-14 15:11:32,927 [main] INFO  impl.RaftServerImpl (ServerState.java:close(387)) - 9ce1968d-df6d-4251-8f68-caf53c6f1d3e@group-24059B9CDBAF: closes. applyIndex: 0
2019-11-14 15:11:32,928 [9ce1968d-df6d-4251-8f68-caf53c6f1d3e@group-24059B9CDBAF-SegmentedRaftLogWorker] INFO  segmented.SegmentedRaftLogWorker (SegmentedRaftLogWorker.java:run(316)) - 9ce1968d-df6d-4251-8f68-caf53c6f1d3e@group-24059B9CDBAF-SegmentedRaftLogWorker was interrupted, exiting. There are 0 tasks remaining in the queue.
2019-11-14 15:11:32,928 [main] INFO  segmented.SegmentedRaftLogWorker (SegmentedRaftLogWorker.java:close(224)) - 9ce1968d-df6d-4251-8f68-caf53c6f1d3e@group-24059B9CDBAF-SegmentedRaftLogWorker close()
2019-11-14 15:11:32,928 [main] INFO  server.GrpcService (GrpcService.java:closeImpl(164)) - 9ce1968d-df6d-4251-8f68-caf53c6f1d3e: shutdown server with port 35975 now
2019-11-14 15:11:32,930 [main] INFO  server.GrpcService (GrpcService.java:closeImpl(172)) - 9ce1968d-df6d-4251-8f68-caf53c6f1d3e: shutdown server with port 35975 successfully
2019-11-14 15:11:32,932 [refreshUsed-/workdir/hadoop-ozone/integration-test/target/test-dir/MiniOzoneClusterImpl-5901a962-94ba-4a8b-ba12-ae811e713c7a/datanode-8/data/containers] WARN  fs.CachingGetSpaceUsed (CachingGetSpaceUsed.java:run(183)) - Thread Interrupted waiting to refresh disk information: sleep interrupted
2019-11-14 15:11:32,938 [de889d2b-5891-48f1-89d7-805f59e22d6d@group-81275DA7FAB4-StateMachineUpdater] INFO  ratis.ContainerStateMachine (ContainerStateMachine.java:takeSnapshot(296)) - group-81275DA7FAB4: Finished taking a snapshot at:(t:1, i:4) file:/workdir/hadoop-ozone/integration-test/target/test-dir/MiniOzoneClusterImpl-5901a962-94ba-4a8b-ba12-ae811e713c7a/datanode-4/data/ratis/76eb025c-cb1f-4c58-8d9c-81275da7fab4/sm/snapshot.1_4 time:13
2019-11-14 15:11:32,938 [de889d2b-5891-48f1-89d7-805f59e22d6d@group-81275DA7FAB4-StateMachineUpdater] INFO  impl.StateMachineUpdater (StateMachineUpdater.java:takeSnapshot(269)) - de889d2b-5891-48f1-89d7-805f59e22d6d@group-81275DA7FAB4-StateMachineUpdater: Took a snapshot at index 4
2019-11-14 15:11:32,938 [de889d2b-5891-48f1-89d7-805f59e22d6d@group-81275DA7FAB4-StateMachineUpdater] INFO  impl.StateMachineUpdater (StateMachineUpdater.java:lambda$new$0(84)) - de889d2b-5891-48f1-89d7-805f59e22d6d@group-81275DA7FAB4-StateMachineUpdater: snapshotIndex: updateIncreasingly 4 -> 4
2019-11-14 15:11:32,938 [ForkJoinPool.commonPool-worker-0] INFO  impl.RaftServerImpl (ServerState.java:close(387)) - de889d2b-5891-48f1-89d7-805f59e22d6d@group-81275DA7FAB4: closes. applyIndex: 7
2019-11-14 15:11:32,939 [de889d2b-5891-48f1-89d7-805f59e22d6d@group-81275DA7FAB4-SegmentedRaftLogWorker] INFO  segmented.SegmentedRaftLogWorker (SegmentedRaftLogWorker.java:run(316)) - de889d2b-5891-48f1-89d7-805f59e22d6d@group-81275DA7FAB4-SegmentedRaftLogWorker was interrupted, exiting. There are 0 tasks remaining in the queue.
2019-11-14 15:11:32,939 [ForkJoinPool.commonPool-worker-0] INFO  segmented.SegmentedRaftLogWorker (SegmentedRaftLogWorker.java:close(224)) - de889d2b-5891-48f1-89d7-805f59e22d6d@group-81275DA7FAB4-SegmentedRaftLogWorker close()
2019-11-14 15:11:32,939 [ForkJoinPool.commonPool-worker-0] INFO  impl.RaftServerImpl (RaftServerImpl.java:lambda$shutdown$3(250)) - de889d2b-5891-48f1-89d7-805f59e22d6d@group-993FCE1B7B62: shutdown
2019-11-14 15:11:32,939 [ForkJoinPool.commonPool-worker-0] INFO  util.JmxRegister (JmxRegister.java:unregister(73)) - Successfully un-registered JMX Bean with object name Ratis:service=RaftServer,group=group-993FCE1B7B62,id=de889d2b-5891-48f1-89d7-805f59e22d6d
2019-11-14 15:11:32,939 [ForkJoinPool.commonPool-worker-0] INFO  impl.RoleInfo (RoleInfo.java:shutdownLeaderState(104)) - de889d2b-5891-48f1-89d7-805f59e22d6d: shutdown LeaderState
2019-11-14 15:11:32,939 [ForkJoinPool.commonPool-worker-0] INFO  impl.PendingRequests (PendingRequests.java:sendNotLeaderResponses(206)) - de889d2b-5891-48f1-89d7-805f59e22d6d@group-993FCE1B7B62-PendingRequests: sendNotLeaderResponses
2019-11-14 15:11:32,940 [ForkJoinPool.commonPool-worker-0] INFO  impl.StateMachineUpdater (StateMachineUpdater.java:stopAndJoin(136)) - de889d2b-5891-48f1-89d7-805f59e22d6d@group-993FCE1B7B62-StateMachineUpdater: set stopIndex = 0
2019-11-14 15:11:32,940 [ForkJoinPool.commonPool-worker-0] INFO  impl.RaftServerImpl (ServerState.java:close(387)) - de889d2b-5891-48f1-89d7-805f59e22d6d@group-993FCE1B7B62: closes. applyIndex: 0
2019-11-14 15:11:32,940 [de889d2b-5891-48f1-89d7-805f59e22d6d@group-993FCE1B7B62-SegmentedRaftLogWorker] INFO  segmented.SegmentedRaftLogWorker (SegmentedRaftLogWorker.java:run(316)) - de889d2b-5891-48f1-89d7-805f59e22d6d@group-993FCE1B7B62-SegmentedRaftLogWorker was interrupted, exiting. There are 0 tasks remaining in the queue.
2019-11-14 15:11:32,940 [ForkJoinPool.commonPool-worker-0] INFO  segmented.SegmentedRaftLogWorker (SegmentedRaftLogWorker.java:close(224)) - de889d2b-5891-48f1-89d7-805f59e22d6d@group-993FCE1B7B62-SegmentedRaftLogWorker close()
2019-11-14 15:11:32,941 [ForkJoinPool.commonPool-worker-0] INFO  server.GrpcService (GrpcService.java:closeImpl(164)) - de889d2b-5891-48f1-89d7-805f59e22d6d: shutdown server with port 42999 now
2019-11-14 15:11:32,941 [ForkJoinPool.commonPool-worker-0] INFO  server.GrpcService (GrpcService.java:closeImpl(172)) - de889d2b-5891-48f1-89d7-805f59e22d6d: shutdown server with port 42999 successfully
2019-11-14 15:11:32,942 [refreshUsed-/workdir/hadoop-ozone/integration-test/target/test-dir/MiniOzoneClusterImpl-5901a962-94ba-4a8b-ba12-ae811e713c7a/datanode-4/data/containers] WARN  fs.CachingGetSpaceUsed (CachingGetSpaceUsed.java:run(183)) - Thread Interrupted waiting to refresh disk information: sleep interrupted
2019-11-14 15:11:32,956 [main] INFO  utils.BackgroundService (BackgroundService.java:shutdown(151)) - Shutting down service BlockDeletingService
2019-11-14 15:11:32,959 [main] INFO  statemachine.DatanodeStateMachine (DatanodeStateMachine.java:stopDaemon(395)) - Ozone container server stopped.
2019-11-14 15:11:32,961 [main] INFO  handler.ContextHandler (ContextHandler.java:doStop(910)) - Stopped o.e.j.w.WebAppContext@e2b3026{/,null,UNAVAILABLE}{/hddsDatanode}
2019-11-14 15:11:32,962 [main] INFO  server.AbstractConnector (AbstractConnector.java:doStop(318)) - Stopped ServerConnector@38bc5ac0{HTTP/1.1,[http/1.1]}{0.0.0.0:0}
2019-11-14 15:11:32,962 [main] INFO  handler.ContextHandler (ContextHandler.java:doStop(910)) - Stopped o.e.j.s.ServletContextHandler@7493d937{/static,jar:file:/home/user/.m2/repository/org/apache/hadoop/hadoop-hdds-container-service/0.5.0-SNAPSHOT/hadoop-hdds-container-service-0.5.0-SNAPSHOT.jar!/webapps/static,UNAVAILABLE}
2019-11-14 15:11:32,963 [ForkJoinPool.commonPool-worker-0] INFO  utils.BackgroundService (BackgroundService.java:shutdown(151)) - Shutting down service BlockDeletingService
2019-11-14 15:11:32,963 [main] INFO  handler.ContextHandler (ContextHandler.java:doStop(910)) - Stopped o.e.j.s.ServletContextHandler@9e33a6a{/logs,file:///workdir/hadoop-ozone/integration-test/target/log,UNAVAILABLE}
2019-11-14 15:11:32,964 [ForkJoinPool.commonPool-worker-0] INFO  statemachine.DatanodeStateMachine (DatanodeStateMachine.java:stopDaemon(395)) - Ozone container server stopped.
2019-11-14 15:11:32,977 [ForkJoinPool.commonPool-worker-0] INFO  handler.ContextHandler (ContextHandler.java:doStop(910)) - Stopped o.e.j.w.WebAppContext@2fba0dac{/,null,UNAVAILABLE}{/hddsDatanode}
2019-11-14 15:11:32,978 [ForkJoinPool.commonPool-worker-0] INFO  server.AbstractConnector (AbstractConnector.java:doStop(318)) - Stopped ServerConnector@2b2a4332{HTTP/1.1,[http/1.1]}{0.0.0.0:0}
2019-11-14 15:11:32,979 [ForkJoinPool.commonPool-worker-0] INFO  handler.ContextHandler (ContextHandler.java:doStop(910)) - Stopped o.e.j.s.ServletContextHandler@26ca12a2{/static,jar:file:/home/user/.m2/repository/org/apache/hadoop/hadoop-hdds-container-service/0.5.0-SNAPSHOT/hadoop-hdds-container-service-0.5.0-SNAPSHOT.jar!/webapps/static,UNAVAILABLE}
2019-11-14 15:11:32,980 [ForkJoinPool.commonPool-worker-0] INFO  handler.ContextHandler (ContextHandler.java:doStop(910)) - Stopped o.e.j.s.ServletContextHandler@516195cf{/logs,file:///workdir/hadoop-ozone/integration-test/target/log,UNAVAILABLE}
2019-11-14 15:11:33,371 [Datanode State Machine Thread - 0] INFO  statemachine.DatanodeStateMachine (DatanodeStateMachine.java:lambda$startDaemon$0(350)) - Ozone container server started.
2019-11-14 15:11:33,485 [Datanode State Machine Thread - 0] INFO  statemachine.DatanodeStateMachine (DatanodeStateMachine.java:lambda$startDaemon$0(350)) - Ozone container server started.
2019-11-14 15:11:37,978 [main] INFO  ozoneimpl.OzoneContainer (OzoneContainer.java:stop(244)) - Attempting to stop container services.
2019-11-14 15:11:37,980 [main] INFO  impl.RaftServerProxy (RaftServerProxy.java:lambda$close$4(314)) - 452ed320-102d-439c-a110-659d2656f893: close
2019-11-14 15:11:37,980 [main] INFO  impl.RaftServerImpl (RaftServerImpl.java:lambda$shutdown$3(250)) - 452ed320-102d-439c-a110-659d2656f893@group-6EB44D4CC0F9: shutdown
2019-11-14 15:11:37,981 [main] INFO  util.JmxRegister (JmxRegister.java:unregister(73)) - Successfully un-registered JMX Bean with object name Ratis:service=RaftServer,group=group-6EB44D4CC0F9,id=452ed320-102d-439c-a110-659d2656f893
2019-11-14 15:11:37,981 [ForkJoinPool.commonPool-worker-0] INFO  ozoneimpl.OzoneContainer (OzoneContainer.java:stop(244)) - Attempting to stop container services.
2019-11-14 15:11:37,981 [main] INFO  impl.RoleInfo (RoleInfo.java:shutdownLeaderState(104)) - 452ed320-102d-439c-a110-659d2656f893: shutdown LeaderState
2019-11-14 15:11:37,981 [ForkJoinPool.commonPool-worker-0] INFO  impl.RaftServerProxy (RaftServerProxy.java:lambda$close$4(314)) - 0687b932-fcaf-4ed2-b562-2cd2e9cca79c: close
2019-11-14 15:11:37,982 [main] INFO  impl.PendingRequests (PendingRequests.java:sendNotLeaderResponses(206)) - 452ed320-102d-439c-a110-659d2656f893@group-6EB44D4CC0F9-PendingRequests: sendNotLeaderResponses
2019-11-14 15:11:37,982 [ForkJoinPool.commonPool-worker-0] INFO  impl.RaftServerImpl (RaftServerImpl.java:lambda$shutdown$3(250)) - 0687b932-fcaf-4ed2-b562-2cd2e9cca79c@group-C72608899C07: shutdown
2019-11-14 15:11:37,982 [ForkJoinPool.commonPool-worker-0] INFO  util.JmxRegister (JmxRegister.java:unregister(73)) - Successfully un-registered JMX Bean with object name Ratis:service=RaftServer,group=group-C72608899C07,id=0687b932-fcaf-4ed2-b562-2cd2e9cca79c
2019-11-14 15:11:37,982 [main] INFO  impl.StateMachineUpdater (StateMachineUpdater.java:stopAndJoin(136)) - 452ed320-102d-439c-a110-659d2656f893@group-6EB44D4CC0F9-StateMachineUpdater: set stopIndex = 0
2019-11-14 15:11:37,982 [ForkJoinPool.commonPool-worker-0] INFO  impl.RoleInfo (RoleInfo.java:shutdownLeaderState(104)) - 0687b932-fcaf-4ed2-b562-2cd2e9cca79c: shutdown LeaderState
2019-11-14 15:11:37,983 [main] INFO  impl.RaftServerImpl (ServerState.java:close(387)) - 452ed320-102d-439c-a110-659d2656f893@group-6EB44D4CC0F9: closes. applyIndex: 0
2019-11-14 15:11:37,983 [ForkJoinPool.commonPool-worker-0] INFO  impl.PendingRequests (PendingRequests.java:sendNotLeaderResponses(206)) - 0687b932-fcaf-4ed2-b562-2cd2e9cca79c@group-C72608899C07-PendingRequests: sendNotLeaderResponses
2019-11-14 15:11:37,983 [ForkJoinPool.commonPool-worker-0] INFO  impl.StateMachineUpdater (StateMachineUpdater.java:stopAndJoin(136)) - 0687b932-fcaf-4ed2-b562-2cd2e9cca79c@group-C72608899C07-StateMachineUpdater: set stopIndex = 0
2019-11-14 15:11:37,983 [452ed320-102d-439c-a110-659d2656f893@group-6EB44D4CC0F9-SegmentedRaftLogWorker] INFO  segmented.SegmentedRaftLogWorker (SegmentedRaftLogWorker.java:run(316)) - 452ed320-102d-439c-a110-659d2656f893@group-6EB44D4CC0F9-SegmentedRaftLogWorker was interrupted, exiting. There are 0 tasks remaining in the queue.
2019-11-14 15:11:37,984 [main] INFO  segmented.SegmentedRaftLogWorker (SegmentedRaftLogWorker.java:close(224)) - 452ed320-102d-439c-a110-659d2656f893@group-6EB44D4CC0F9-SegmentedRaftLogWorker close()
2019-11-14 15:11:37,984 [main] INFO  impl.RaftServerImpl (RaftServerImpl.java:lambda$shutdown$3(250)) - 452ed320-102d-439c-a110-659d2656f893@group-2BB691F7EE67: shutdown
2019-11-14 15:11:37,984 [ForkJoinPool.commonPool-worker-0] INFO  impl.RaftServerImpl (ServerState.java:close(387)) - 0687b932-fcaf-4ed2-b562-2cd2e9cca79c@group-C72608899C07: closes. applyIndex: 0
2019-11-14 15:11:37,984 [main] INFO  util.JmxRegister (JmxRegister.java:unregister(73)) - Successfully un-registered JMX Bean with object name Ratis:service=RaftServer,group=group-2BB691F7EE67,id=452ed320-102d-439c-a110-659d2656f893
2019-11-14 15:11:37,985 [0687b932-fcaf-4ed2-b562-2cd2e9cca79c@group-C72608899C07-SegmentedRaftLogWorker] INFO  segmented.SegmentedRaftLogWorker (SegmentedRaftLogWorker.java:run(316)) - 0687b932-fcaf-4ed2-b562-2cd2e9cca79c@group-C72608899C07-SegmentedRaftLogWorker was interrupted, exiting. There are 0 tasks remaining in the queue.
2019-11-14 15:11:37,985 [main] INFO  impl.RoleInfo (RoleInfo.java:shutdownFollowerState(121)) - 452ed320-102d-439c-a110-659d2656f893: shutdown FollowerState
2019-11-14 15:11:37,985 [ForkJoinPool.commonPool-worker-0] INFO  segmented.SegmentedRaftLogWorker (SegmentedRaftLogWorker.java:close(224)) - 0687b932-fcaf-4ed2-b562-2cd2e9cca79c@group-C72608899C07-SegmentedRaftLogWorker close()
2019-11-14 15:11:37,985 [Thread-4404] INFO  impl.FollowerState (FollowerState.java:run(120)) - 452ed320-102d-439c-a110-659d2656f893@group-2BB691F7EE67-FollowerState was interrupted: java.lang.InterruptedException: sleep interrupted
2019-11-14 15:11:37,985 [main] INFO  impl.StateMachineUpdater (StateMachineUpdater.java:stopAndJoin(136)) - 452ed320-102d-439c-a110-659d2656f893@group-2BB691F7EE67-StateMachineUpdater: set stopIndex = 0
2019-11-14 15:11:37,986 [main] INFO  impl.RaftServerImpl (ServerState.java:close(387)) - 452ed320-102d-439c-a110-659d2656f893@group-2BB691F7EE67: closes. applyIndex: 0
2019-11-14 15:11:37,985 [ForkJoinPool.commonPool-worker-0] INFO  impl.RaftServerImpl (RaftServerImpl.java:lambda$shutdown$3(250)) - 0687b932-fcaf-4ed2-b562-2cd2e9cca79c@group-2BB691F7EE67: shutdown
2019-11-14 15:11:37,986 [452ed320-102d-439c-a110-659d2656f893@group-2BB691F7EE67-SegmentedRaftLogWorker] INFO  segmented.SegmentedRaftLogWorker (SegmentedRaftLogWorker.java:run(316)) - 452ed320-102d-439c-a110-659d2656f893@group-2BB691F7EE67-SegmentedRaftLogWorker was interrupted, exiting. There are 0 tasks remaining in the queue.
2019-11-14 15:11:37,986 [ForkJoinPool.commonPool-worker-0] INFO  util.JmxRegister (JmxRegister.java:unregister(73)) - Successfully un-registered JMX Bean with object name Ratis:service=RaftServer,group=group-2BB691F7EE67,id=0687b932-fcaf-4ed2-b562-2cd2e9cca79c
2019-11-14 15:11:37,986 [main] INFO  segmented.SegmentedRaftLogWorker (SegmentedRaftLogWorker.java:close(224)) - 452ed320-102d-439c-a110-659d2656f893@group-2BB691F7EE67-SegmentedRaftLogWorker close()
2019-11-14 15:11:37,987 [ForkJoinPool.commonPool-worker-0] INFO  impl.RoleInfo (RoleInfo.java:shutdownFollowerState(121)) - 0687b932-fcaf-4ed2-b562-2cd2e9cca79c: shutdown FollowerState
2019-11-14 15:11:37,987 [main] INFO  server.GrpcService (GrpcService.java:closeImpl(164)) - 452ed320-102d-439c-a110-659d2656f893: shutdown server with port 34711 now
2019-11-14 15:11:37,987 [Thread-4405] INFO  impl.FollowerState (FollowerState.java:run(120)) - 0687b932-fcaf-4ed2-b562-2cd2e9cca79c@group-2BB691F7EE67-FollowerState was interrupted: java.lang.InterruptedException: sleep interrupted
2019-11-14 15:11:37,987 [ForkJoinPool.commonPool-worker-0] INFO  impl.StateMachineUpdater (StateMachineUpdater.java:stopAndJoin(136)) - 0687b932-fcaf-4ed2-b562-2cd2e9cca79c@group-2BB691F7EE67-StateMachineUpdater: set stopIndex = 0
2019-11-14 15:11:37,988 [ForkJoinPool.commonPool-worker-0] INFO  impl.RaftServerImpl (ServerState.java:close(387)) - 0687b932-fcaf-4ed2-b562-2cd2e9cca79c@group-2BB691F7EE67: closes. applyIndex: 0
2019-11-14 15:11:37,988 [0687b932-fcaf-4ed2-b562-2cd2e9cca79c@group-2BB691F7EE67-SegmentedRaftLogWorker] INFO  segmented.SegmentedRaftLogWorker (SegmentedRaftLogWorker.java:run(316)) - 0687b932-fcaf-4ed2-b562-2cd2e9cca79c@group-2BB691F7EE67-SegmentedRaftLogWorker was interrupted, exiting. There are 0 tasks remaining in the queue.
2019-11-14 15:11:37,988 [ForkJoinPool.commonPool-worker-0] INFO  segmented.SegmentedRaftLogWorker (SegmentedRaftLogWorker.java:close(224)) - 0687b932-fcaf-4ed2-b562-2cd2e9cca79c@group-2BB691F7EE67-SegmentedRaftLogWorker close()
2019-11-14 15:11:37,988 [ForkJoinPool.commonPool-worker-0] INFO  server.GrpcService (GrpcService.java:closeImpl(164)) - 0687b932-fcaf-4ed2-b562-2cd2e9cca79c: shutdown server with port 39060 now
2019-11-14 15:11:37,989 [grpc-default-executor-4] WARN  server.GrpcServerProtocolService (LogUtils.java:warn(134)) - 452ed320-102d-439c-a110-659d2656f893: installSnapshot onError, lastRequest: 51e91b80-82a5-4e26-a62a-ce423dc7e82c->452ed320-102d-439c-a110-659d2656f893#51-t1, previous=(t:1, i:0), leaderCommit=0, initializing? false, entries: <empty>: org.apache.ratis.thirdparty.io.grpc.StatusRuntimeException: CANCELLED: cancelled before receiving half close
2019-11-14 15:11:37,990 [grpc-default-executor-3] WARN  server.GrpcLogAppender (LogUtils.java:warn(134)) - 51e91b80-82a5-4e26-a62a-ce423dc7e82c@group-2BB691F7EE67->452ed320-102d-439c-a110-659d2656f893-AppendLogResponseHandler: Failed appendEntries: org.apache.ratis.thirdparty.io.grpc.StatusRuntimeException: CANCELLED: HTTP/2 error code: CANCEL
Received Rst Stream
2019-11-14 15:11:37,990 [grpc-default-executor-1] WARN  server.GrpcLogAppender (LogUtils.java:warn(134)) - 51e91b80-82a5-4e26-a62a-ce423dc7e82c@group-2BB691F7EE67->0687b932-fcaf-4ed2-b562-2cd2e9cca79c-AppendLogResponseHandler: Failed appendEntries: org.apache.ratis.thirdparty.io.grpc.StatusRuntimeException: CANCELLED: HTTP/2 error code: CANCEL
Received Rst Stream
2019-11-14 15:11:37,989 [grpc-default-executor-6] WARN  server.GrpcServerProtocolService (LogUtils.java:warn(134)) - 0687b932-fcaf-4ed2-b562-2cd2e9cca79c: installSnapshot onError, lastRequest: 51e91b80-82a5-4e26-a62a-ce423dc7e82c->0687b932-fcaf-4ed2-b562-2cd2e9cca79c#51-t1, previous=(t:1, i:0), leaderCommit=0, initializing? false, entries: <empty>: org.apache.ratis.thirdparty.io.grpc.StatusRuntimeException: CANCELLED: cancelled before receiving half close
2019-11-14 15:11:37,990 [main] INFO  server.GrpcService (GrpcService.java:closeImpl(172)) - 452ed320-102d-439c-a110-659d2656f893: shutdown server with port 34711 successfully
2019-11-14 15:11:37,990 [ForkJoinPool.commonPool-worker-0] INFO  server.GrpcService (GrpcService.java:closeImpl(172)) - 0687b932-fcaf-4ed2-b562-2cd2e9cca79c: shutdown server with port 39060 successfully
2019-11-14 15:11:37,990 [grpc-default-executor-3] INFO  impl.FollowerInfo (FollowerInfo.java:lambda$new$0(51)) - 51e91b80-82a5-4e26-a62a-ce423dc7e82c@group-2BB691F7EE67->452ed320-102d-439c-a110-659d2656f893: nextIndex: updateUnconditionally 1 -> 0
2019-11-14 15:11:37,990 [grpc-default-executor-1] INFO  impl.FollowerInfo (FollowerInfo.java:lambda$new$0(51)) - 51e91b80-82a5-4e26-a62a-ce423dc7e82c@group-2BB691F7EE67->0687b932-fcaf-4ed2-b562-2cd2e9cca79c: nextIndex: updateUnconditionally 1 -> 0
2019-11-14 15:11:37,993 [refreshUsed-/workdir/hadoop-ozone/integration-test/target/test-dir/MiniOzoneClusterImpl-5901a962-94ba-4a8b-ba12-ae811e713c7a/datanode-9/data/containers] WARN  fs.CachingGetSpaceUsed (CachingGetSpaceUsed.java:run(183)) - Thread Interrupted waiting to refresh disk information: sleep interrupted
2019-11-14 15:11:37,994 [refreshUsed-/workdir/hadoop-ozone/integration-test/target/test-dir/MiniOzoneClusterImpl-5901a962-94ba-4a8b-ba12-ae811e713c7a/datanode-0/data/containers] WARN  fs.CachingGetSpaceUsed (CachingGetSpaceUsed.java:run(183)) - Thread Interrupted waiting to refresh disk information: sleep interrupted
2019-11-14 15:11:38,011 [main] INFO  utils.BackgroundService (BackgroundService.java:shutdown(151)) - Shutting down service BlockDeletingService
2019-11-14 15:11:38,016 [main] INFO  statemachine.DatanodeStateMachine (DatanodeStateMachine.java:stopDaemon(395)) - Ozone container server stopped.
2019-11-14 15:11:38,017 [main] INFO  handler.ContextHandler (ContextHandler.java:doStop(910)) - Stopped o.e.j.w.WebAppContext@46ea78f0{/,null,UNAVAILABLE}{/hddsDatanode}
2019-11-14 15:11:38,018 [main] INFO  server.AbstractConnector (AbstractConnector.java:doStop(318)) - Stopped ServerConnector@5889fc44{HTTP/1.1,[http/1.1]}{0.0.0.0:0}
2019-11-14 15:11:38,018 [main] INFO  handler.ContextHandler (ContextHandler.java:doStop(910)) - Stopped o.e.j.s.ServletContextHandler@2c34402{/static,jar:file:/home/user/.m2/repository/org/apache/hadoop/hadoop-hdds-container-service/0.5.0-SNAPSHOT/hadoop-hdds-container-service-0.5.0-SNAPSHOT.jar!/webapps/static,UNAVAILABLE}
2019-11-14 15:11:38,018 [main] INFO  handler.ContextHandler (ContextHandler.java:doStop(910)) - Stopped o.e.j.s.ServletContextHandler@5d3f99d7{/logs,file:///workdir/hadoop-ozone/integration-test/target/log,UNAVAILABLE}
2019-11-14 15:11:38,018 [ForkJoinPool.commonPool-worker-0] INFO  utils.BackgroundService (BackgroundService.java:shutdown(151)) - Shutting down service BlockDeletingService
2019-11-14 15:11:38,020 [ForkJoinPool.commonPool-worker-0] INFO  statemachine.DatanodeStateMachine (DatanodeStateMachine.java:stopDaemon(395)) - Ozone container server stopped.
2019-11-14 15:11:38,021 [ForkJoinPool.commonPool-worker-0] INFO  handler.ContextHandler (ContextHandler.java:doStop(910)) - Stopped o.e.j.w.WebAppContext@59262a90{/,null,UNAVAILABLE}{/hddsDatanode}
2019-11-14 15:11:38,022 [ForkJoinPool.commonPool-worker-0] INFO  server.AbstractConnector (AbstractConnector.java:doStop(318)) - Stopped ServerConnector@78479f2b{HTTP/1.1,[http/1.1]}{0.0.0.0:0}
2019-11-14 15:11:38,023 [ForkJoinPool.commonPool-worker-0] INFO  handler.ContextHandler (ContextHandler.java:doStop(910)) - Stopped o.e.j.s.ServletContextHandler@b7d2d51{/static,jar:file:/home/user/.m2/repository/org/apache/hadoop/hadoop-hdds-container-service/0.5.0-SNAPSHOT/hadoop-hdds-container-service-0.5.0-SNAPSHOT.jar!/webapps/static,UNAVAILABLE}
2019-11-14 15:11:38,023 [ForkJoinPool.commonPool-worker-0] INFO  handler.ContextHandler (ContextHandler.java:doStop(910)) - Stopped o.e.j.s.ServletContextHandler@f95d64d{/logs,file:///workdir/hadoop-ozone/integration-test/target/log,UNAVAILABLE}
2019-11-14 15:11:38,032 [grpc-default-executor-4] WARN  server.GrpcLogAppender (LogUtils.java:warn(134)) - 51e91b80-82a5-4e26-a62a-ce423dc7e82c@group-2BB691F7EE67->0687b932-fcaf-4ed2-b562-2cd2e9cca79c-AppendLogResponseHandler: Failed appendEntries: org.apache.ratis.thirdparty.io.grpc.StatusRuntimeException: UNAVAILABLE: io exception
2019-11-14 15:11:38,032 [grpc-default-executor-6] WARN  server.GrpcLogAppender (LogUtils.java:warn(134)) - 51e91b80-82a5-4e26-a62a-ce423dc7e82c@group-2BB691F7EE67->452ed320-102d-439c-a110-659d2656f893-AppendLogResponseHandler: Failed appendEntries: org.apache.ratis.thirdparty.io.grpc.StatusRuntimeException: UNAVAILABLE: io exception
2019-11-14 15:11:38,032 [grpc-default-executor-4] INFO  impl.FollowerInfo (FollowerInfo.java:lambda$new$0(51)) - 51e91b80-82a5-4e26-a62a-ce423dc7e82c@group-2BB691F7EE67->0687b932-fcaf-4ed2-b562-2cd2e9cca79c: nextIndex: updateUnconditionally 0 -> 0
2019-11-14 15:11:38,033 [grpc-default-executor-6] INFO  impl.FollowerInfo (FollowerInfo.java:lambda$new$0(51)) - 51e91b80-82a5-4e26-a62a-ce423dc7e82c@group-2BB691F7EE67->452ed320-102d-439c-a110-659d2656f893: nextIndex: updateUnconditionally 0 -> 0
2019-11-14 15:11:38,532 [grpc-default-executor-1] WARN  server.GrpcLogAppender (LogUtils.java:warn(134)) - 51e91b80-82a5-4e26-a62a-ce423dc7e82c@group-2BB691F7EE67->0687b932-fcaf-4ed2-b562-2cd2e9cca79c-AppendLogResponseHandler: Failed appendEntries: org.apache.ratis.thirdparty.io.grpc.StatusRuntimeException: UNAVAILABLE: io exception
2019-11-14 15:11:38,532 [grpc-default-executor-6] WARN  server.GrpcLogAppender (LogUtils.java:warn(134)) - 51e91b80-82a5-4e26-a62a-ce423dc7e82c@group-2BB691F7EE67->452ed320-102d-439c-a110-659d2656f893-AppendLogResponseHandler: Failed appendEntries: org.apache.ratis.thirdparty.io.grpc.StatusRuntimeException: UNAVAILABLE: io exception
2019-11-14 15:11:38,532 [grpc-default-executor-1] INFO  impl.FollowerInfo (FollowerInfo.java:lambda$new$0(51)) - 51e91b80-82a5-4e26-a62a-ce423dc7e82c@group-2BB691F7EE67->0687b932-fcaf-4ed2-b562-2cd2e9cca79c: nextIndex: updateUnconditionally 0 -> 0
2019-11-14 15:11:38,532 [grpc-default-executor-6] INFO  impl.FollowerInfo (FollowerInfo.java:lambda$new$0(51)) - 51e91b80-82a5-4e26-a62a-ce423dc7e82c@group-2BB691F7EE67->452ed320-102d-439c-a110-659d2656f893: nextIndex: updateUnconditionally 0 -> 0
2019-11-14 15:11:38,976 [Datanode State Machine Thread - 0] INFO  statemachine.DatanodeStateMachine (DatanodeStateMachine.java:lambda$startDaemon$0(350)) - Ozone container server started.
2019-11-14 15:11:39,032 [grpc-default-executor-0] WARN  server.GrpcLogAppender (LogUtils.java:warn(134)) - 51e91b80-82a5-4e26-a62a-ce423dc7e82c@group-2BB691F7EE67->0687b932-fcaf-4ed2-b562-2cd2e9cca79c-AppendLogResponseHandler: Failed appendEntries: org.apache.ratis.thirdparty.io.grpc.StatusRuntimeException: UNAVAILABLE: io exception
2019-11-14 15:11:39,033 [grpc-default-executor-0] INFO  impl.FollowerInfo (FollowerInfo.java:lambda$new$0(51)) - 51e91b80-82a5-4e26-a62a-ce423dc7e82c@group-2BB691F7EE67->0687b932-fcaf-4ed2-b562-2cd2e9cca79c: nextIndex: updateUnconditionally 0 -> 0
2019-11-14 15:11:39,033 [grpc-default-executor-7] WARN  server.GrpcLogAppender (LogUtils.java:warn(134)) - 51e91b80-82a5-4e26-a62a-ce423dc7e82c@group-2BB691F7EE67->452ed320-102d-439c-a110-659d2656f893-AppendLogResponseHandler: Failed appendEntries: org.apache.ratis.thirdparty.io.grpc.StatusRuntimeException: UNAVAILABLE: io exception
2019-11-14 15:11:39,033 [grpc-default-executor-7] INFO  impl.FollowerInfo (FollowerInfo.java:lambda$new$0(51)) - 51e91b80-82a5-4e26-a62a-ce423dc7e82c@group-2BB691F7EE67->452ed320-102d-439c-a110-659d2656f893: nextIndex: updateUnconditionally 0 -> 0
2019-11-14 15:11:39,533 [grpc-default-executor-3] WARN  server.GrpcLogAppender (LogUtils.java:warn(134)) - 51e91b80-82a5-4e26-a62a-ce423dc7e82c@group-2BB691F7EE67->0687b932-fcaf-4ed2-b562-2cd2e9cca79c-AppendLogResponseHandler: Failed appendEntries: org.apache.ratis.thirdparty.io.grpc.StatusRuntimeException: UNAVAILABLE: io exception
2019-11-14 15:11:39,533 [grpc-default-executor-1] WARN  server.GrpcLogAppender (LogUtils.java:warn(134)) - 51e91b80-82a5-4e26-a62a-ce423dc7e82c@group-2BB691F7EE67->452ed320-102d-439c-a110-659d2656f893-AppendLogResponseHandler: Failed appendEntries: org.apache.ratis.thirdparty.io.grpc.StatusRuntimeException: UNAVAILABLE: io exception
2019-11-14 15:11:39,533 [grpc-default-executor-3] INFO  impl.FollowerInfo (FollowerInfo.java:lambda$new$0(51)) - 51e91b80-82a5-4e26-a62a-ce423dc7e82c@group-2BB691F7EE67->0687b932-fcaf-4ed2-b562-2cd2e9cca79c: nextIndex: updateUnconditionally 0 -> 0
2019-11-14 15:11:39,533 [grpc-default-executor-1] INFO  impl.FollowerInfo (FollowerInfo.java:lambda$new$0(51)) - 51e91b80-82a5-4e26-a62a-ce423dc7e82c@group-2BB691F7EE67->452ed320-102d-439c-a110-659d2656f893: nextIndex: updateUnconditionally 0 -> 0
2019-11-14 15:11:40,033 [grpc-default-executor-0] WARN  server.GrpcLogAppender (LogUtils.java:warn(134)) - 51e91b80-82a5-4e26-a62a-ce423dc7e82c@group-2BB691F7EE67->452ed320-102d-439c-a110-659d2656f893-AppendLogResponseHandler: Failed appendEntries: org.apache.ratis.thirdparty.io.grpc.StatusRuntimeException: UNAVAILABLE: io exception
2019-11-14 15:11:40,033 [grpc-default-executor-6] WARN  server.GrpcLogAppender (LogUtils.java:warn(134)) - 51e91b80-82a5-4e26-a62a-ce423dc7e82c@group-2BB691F7EE67->0687b932-fcaf-4ed2-b562-2cd2e9cca79c-AppendLogResponseHandler: Failed appendEntries: org.apache.ratis.thirdparty.io.grpc.StatusRuntimeException: UNAVAILABLE: io exception
2019-11-14 15:11:40,034 [grpc-default-executor-0] INFO  impl.FollowerInfo (FollowerInfo.java:lambda$new$0(51)) - 51e91b80-82a5-4e26-a62a-ce423dc7e82c@group-2BB691F7EE67->452ed320-102d-439c-a110-659d2656f893: nextIndex: updateUnconditionally 0 -> 0
2019-11-14 15:11:40,034 [grpc-default-executor-6] INFO  impl.FollowerInfo (FollowerInfo.java:lambda$new$0(51)) - 51e91b80-82a5-4e26-a62a-ce423dc7e82c@group-2BB691F7EE67->0687b932-fcaf-4ed2-b562-2cd2e9cca79c: nextIndex: updateUnconditionally 0 -> 0
2019-11-14 15:11:40,534 [grpc-default-executor-6] WARN  server.GrpcLogAppender (LogUtils.java:warn(134)) - 51e91b80-82a5-4e26-a62a-ce423dc7e82c@group-2BB691F7EE67->0687b932-fcaf-4ed2-b562-2cd2e9cca79c-AppendLogResponseHandler: Failed appendEntries: org.apache.ratis.thirdparty.io.grpc.StatusRuntimeException: UNAVAILABLE: io exception
2019-11-14 15:11:40,534 [grpc-default-executor-3] WARN  server.GrpcLogAppender (LogUtils.java:warn(134)) - 51e91b80-82a5-4e26-a62a-ce423dc7e82c@group-2BB691F7EE67->452ed320-102d-439c-a110-659d2656f893-AppendLogResponseHandler: Failed appendEntries: org.apache.ratis.thirdparty.io.grpc.StatusRuntimeException: UNAVAILABLE: io exception
2019-11-14 15:11:40,534 [grpc-default-executor-6] INFO  impl.FollowerInfo (FollowerInfo.java:lambda$new$0(51)) - 51e91b80-82a5-4e26-a62a-ce423dc7e82c@group-2BB691F7EE67->0687b932-fcaf-4ed2-b562-2cd2e9cca79c: nextIndex: updateUnconditionally 0 -> 0
2019-11-14 15:11:40,534 [grpc-default-executor-3] INFO  impl.FollowerInfo (FollowerInfo.java:lambda$new$0(51)) - 51e91b80-82a5-4e26-a62a-ce423dc7e82c@group-2BB691F7EE67->452ed320-102d-439c-a110-659d2656f893: nextIndex: updateUnconditionally 0 -> 0
2019-11-14 15:11:41,034 [grpc-default-executor-1] WARN  server.GrpcLogAppender (LogUtils.java:warn(134)) - 51e91b80-82a5-4e26-a62a-ce423dc7e82c@group-2BB691F7EE67->452ed320-102d-439c-a110-659d2656f893-AppendLogResponseHandler: Failed appendEntries: org.apache.ratis.thirdparty.io.grpc.StatusRuntimeException: UNAVAILABLE: io exception
2019-11-14 15:11:41,034 [grpc-default-executor-4] WARN  server.GrpcLogAppender (LogUtils.java:warn(134)) - 51e91b80-82a5-4e26-a62a-ce423dc7e82c@group-2BB691F7EE67->0687b932-fcaf-4ed2-b562-2cd2e9cca79c-AppendLogResponseHandler: Failed appendEntries: org.apache.ratis.thirdparty.io.grpc.StatusRuntimeException: UNAVAILABLE: io exception
2019-11-14 15:11:41,035 [grpc-default-executor-1] INFO  impl.FollowerInfo (FollowerInfo.java:lambda$new$0(51)) - 51e91b80-82a5-4e26-a62a-ce423dc7e82c@group-2BB691F7EE67->452ed320-102d-439c-a110-659d2656f893: nextIndex: updateUnconditionally 0 -> 0
2019-11-14 15:11:41,035 [grpc-default-executor-4] INFO  impl.FollowerInfo (FollowerInfo.java:lambda$new$0(51)) - 51e91b80-82a5-4e26-a62a-ce423dc7e82c@group-2BB691F7EE67->0687b932-fcaf-4ed2-b562-2cd2e9cca79c: nextIndex: updateUnconditionally 0 -> 0
2019-11-14 15:11:41,536 [grpc-default-executor-6] WARN  server.GrpcLogAppender (LogUtils.java:warn(134)) - 51e91b80-82a5-4e26-a62a-ce423dc7e82c@group-2BB691F7EE67->452ed320-102d-439c-a110-659d2656f893-AppendLogResponseHandler: Failed appendEntries: org.apache.ratis.thirdparty.io.grpc.StatusRuntimeException: UNAVAILABLE: io exception
2019-11-14 15:11:41,536 [grpc-default-executor-0] WARN  server.GrpcLogAppender (LogUtils.java:warn(134)) - 51e91b80-82a5-4e26-a62a-ce423dc7e82c@group-2BB691F7EE67->0687b932-fcaf-4ed2-b562-2cd2e9cca79c-AppendLogResponseHandler: Failed appendEntries: org.apache.ratis.thirdparty.io.grpc.StatusRuntimeException: UNAVAILABLE: io exception
2019-11-14 15:11:41,537 [grpc-default-executor-6] INFO  impl.FollowerInfo (FollowerInfo.java:lambda$new$0(51)) - 51e91b80-82a5-4e26-a62a-ce423dc7e82c@group-2BB691F7EE67->452ed320-102d-439c-a110-659d2656f893: nextIndex: updateUnconditionally 0 -> 0
2019-11-14 15:11:41,537 [grpc-default-executor-0] INFO  impl.FollowerInfo (FollowerInfo.java:lambda$new$0(51)) - 51e91b80-82a5-4e26-a62a-ce423dc7e82c@group-2BB691F7EE67->0687b932-fcaf-4ed2-b562-2cd2e9cca79c: nextIndex: updateUnconditionally 0 -> 0
2019-11-14 15:11:42,037 [grpc-default-executor-0] WARN  server.GrpcLogAppender (LogUtils.java:warn(134)) - 51e91b80-82a5-4e26-a62a-ce423dc7e82c@group-2BB691F7EE67->452ed320-102d-439c-a110-659d2656f893-AppendLogResponseHandler: Failed appendEntries: org.apache.ratis.thirdparty.io.grpc.StatusRuntimeException: UNAVAILABLE: io exception
2019-11-14 15:11:42,037 [grpc-default-executor-6] WARN  server.GrpcLogAppender (LogUtils.java:warn(134)) - 51e91b80-82a5-4e26-a62a-ce423dc7e82c@group-2BB691F7EE67->0687b932-fcaf-4ed2-b562-2cd2e9cca79c-AppendLogResponseHandler: Failed appendEntries: org.apache.ratis.thirdparty.io.grpc.StatusRuntimeException: UNAVAILABLE: io exception
2019-11-14 15:11:42,037 [grpc-default-executor-0] INFO  impl.FollowerInfo (FollowerInfo.java:lambda$new$0(51)) - 51e91b80-82a5-4e26-a62a-ce423dc7e82c@group-2BB691F7EE67->452ed320-102d-439c-a110-659d2656f893: nextIndex: updateUnconditionally 0 -> 0
2019-11-14 15:11:42,038 [grpc-default-executor-6] INFO  impl.FollowerInfo (FollowerInfo.java:lambda$new$0(51)) - 51e91b80-82a5-4e26-a62a-ce423dc7e82c@group-2BB691F7EE67->0687b932-fcaf-4ed2-b562-2cd2e9cca79c: nextIndex: updateUnconditionally 0 -> 0
2019-11-14 15:11:42,540 [grpc-default-executor-6] WARN  server.GrpcLogAppender (LogUtils.java:warn(134)) - 51e91b80-82a5-4e26-a62a-ce423dc7e82c@group-2BB691F7EE67->452ed320-102d-439c-a110-659d2656f893-AppendLogResponseHandler: Failed appendEntries: org.apache.ratis.thirdparty.io.grpc.StatusRuntimeException: UNAVAILABLE: io exception
2019-11-14 15:11:42,540 [grpc-default-executor-0] WARN  server.GrpcLogAppender (LogUtils.java:warn(134)) - 51e91b80-82a5-4e26-a62a-ce423dc7e82c@group-2BB691F7EE67->0687b932-fcaf-4ed2-b562-2cd2e9cca79c-AppendLogResponseHandler: Failed appendEntries: org.apache.ratis.thirdparty.io.grpc.StatusRuntimeException: UNAVAILABLE: io exception
2019-11-14 15:11:42,540 [grpc-default-executor-6] INFO  impl.FollowerInfo (FollowerInfo.java:lambda$new$0(51)) - 51e91b80-82a5-4e26-a62a-ce423dc7e82c@group-2BB691F7EE67->452ed320-102d-439c-a110-659d2656f893: nextIndex: updateUnconditionally 0 -> 0
2019-11-14 15:11:42,540 [grpc-default-executor-0] INFO  impl.FollowerInfo (FollowerInfo.java:lambda$new$0(51)) - 51e91b80-82a5-4e26-a62a-ce423dc7e82c@group-2BB691F7EE67->0687b932-fcaf-4ed2-b562-2cd2e9cca79c: nextIndex: updateUnconditionally 0 -> 0
2019-11-14 15:11:43,025 [ForkJoinPool.commonPool-worker-0] INFO  ozoneimpl.OzoneContainer (OzoneContainer.java:stop(244)) - Attempting to stop container services.
2019-11-14 15:11:43,026 [ForkJoinPool.commonPool-worker-0] INFO  impl.RaftServerProxy (RaftServerProxy.java:lambda$close$4(314)) - 51e91b80-82a5-4e26-a62a-ce423dc7e82c: close
2019-11-14 15:11:43,027 [ForkJoinPool.commonPool-worker-0] INFO  impl.RaftServerImpl (RaftServerImpl.java:lambda$shutdown$3(250)) - 51e91b80-82a5-4e26-a62a-ce423dc7e82c@group-C546EDF61E36: shutdown
2019-11-14 15:11:43,027 [ForkJoinPool.commonPool-worker-0] INFO  util.JmxRegister (JmxRegister.java:unregister(73)) - Successfully un-registered JMX Bean with object name Ratis:service=RaftServer,group=group-C546EDF61E36,id=51e91b80-82a5-4e26-a62a-ce423dc7e82c
2019-11-14 15:11:43,028 [ForkJoinPool.commonPool-worker-0] INFO  impl.RoleInfo (RoleInfo.java:shutdownLeaderState(104)) - 51e91b80-82a5-4e26-a62a-ce423dc7e82c: shutdown LeaderState
2019-11-14 15:11:43,028 [ForkJoinPool.commonPool-worker-0] INFO  impl.PendingRequests (PendingRequests.java:sendNotLeaderResponses(206)) - 51e91b80-82a5-4e26-a62a-ce423dc7e82c@group-C546EDF61E36-PendingRequests: sendNotLeaderResponses
2019-11-14 15:11:43,029 [ForkJoinPool.commonPool-worker-0] INFO  impl.StateMachineUpdater (StateMachineUpdater.java:stopAndJoin(136)) - 51e91b80-82a5-4e26-a62a-ce423dc7e82c@group-C546EDF61E36-StateMachineUpdater: set stopIndex = 0
2019-11-14 15:11:43,030 [ForkJoinPool.commonPool-worker-0] INFO  impl.RaftServerImpl (ServerState.java:close(387)) - 51e91b80-82a5-4e26-a62a-ce423dc7e82c@group-C546EDF61E36: closes. applyIndex: 0
2019-11-14 15:11:43,031 [51e91b80-82a5-4e26-a62a-ce423dc7e82c@group-C546EDF61E36-SegmentedRaftLogWorker] INFO  segmented.SegmentedRaftLogWorker (SegmentedRaftLogWorker.java:run(316)) - 51e91b80-82a5-4e26-a62a-ce423dc7e82c@group-C546EDF61E36-SegmentedRaftLogWorker was interrupted, exiting. There are 0 tasks remaining in the queue.
2019-11-14 15:11:43,031 [ForkJoinPool.commonPool-worker-0] INFO  segmented.SegmentedRaftLogWorker (SegmentedRaftLogWorker.java:close(224)) - 51e91b80-82a5-4e26-a62a-ce423dc7e82c@group-C546EDF61E36-SegmentedRaftLogWorker close()
2019-11-14 15:11:43,031 [ForkJoinPool.commonPool-worker-0] INFO  impl.RaftServerImpl (RaftServerImpl.java:lambda$shutdown$3(250)) - 51e91b80-82a5-4e26-a62a-ce423dc7e82c@group-2BB691F7EE67: shutdown
2019-11-14 15:11:43,032 [ForkJoinPool.commonPool-worker-0] INFO  util.JmxRegister (JmxRegister.java:unregister(73)) - Successfully un-registered JMX Bean with object name Ratis:service=RaftServer,group=group-2BB691F7EE67,id=51e91b80-82a5-4e26-a62a-ce423dc7e82c
2019-11-14 15:11:43,032 [ForkJoinPool.commonPool-worker-0] INFO  impl.RoleInfo (RoleInfo.java:shutdownLeaderState(104)) - 51e91b80-82a5-4e26-a62a-ce423dc7e82c: shutdown LeaderState
2019-11-14 15:11:43,037 [org.apache.ratis.server.impl.LogAppender$AppenderDaemon$$Lambda$463/184788748@126105e5] WARN  server.GrpcLogAppender (GrpcLogAppender.java:mayWait(151)) - 51e91b80-82a5-4e26-a62a-ce423dc7e82c@group-2BB691F7EE67->452ed320-102d-439c-a110-659d2656f893-GrpcLogAppender: Wait interrupted by java.lang.InterruptedException
2019-11-14 15:11:43,037 [ForkJoinPool.commonPool-worker-0] INFO  impl.PendingRequests (PendingRequests.java:sendNotLeaderResponses(206)) - 51e91b80-82a5-4e26-a62a-ce423dc7e82c@group-2BB691F7EE67-PendingRequests: sendNotLeaderResponses
2019-11-14 15:11:43,037 [org.apache.ratis.server.impl.LogAppender$AppenderDaemon$$Lambda$463/184788748@576399cd] WARN  server.GrpcLogAppender (GrpcLogAppender.java:mayWait(151)) - 51e91b80-82a5-4e26-a62a-ce423dc7e82c@group-2BB691F7EE67->0687b932-fcaf-4ed2-b562-2cd2e9cca79c-GrpcLogAppender: Wait interrupted by java.lang.InterruptedException
2019-11-14 15:11:43,038 [ForkJoinPool.commonPool-worker-0] INFO  impl.StateMachineUpdater (StateMachineUpdater.java:stopAndJoin(136)) - 51e91b80-82a5-4e26-a62a-ce423dc7e82c@group-2BB691F7EE67-StateMachineUpdater: set stopIndex = 0
2019-11-14 15:11:43,038 [ForkJoinPool.commonPool-worker-0] INFO  impl.RaftServerImpl (ServerState.java:close(387)) - 51e91b80-82a5-4e26-a62a-ce423dc7e82c@group-2BB691F7EE67: closes. applyIndex: 0
2019-11-14 15:11:43,038 [51e91b80-82a5-4e26-a62a-ce423dc7e82c@group-2BB691F7EE67-SegmentedRaftLogWorker] INFO  segmented.SegmentedRaftLogWorker (SegmentedRaftLogWorker.java:run(316)) - 51e91b80-82a5-4e26-a62a-ce423dc7e82c@group-2BB691F7EE67-SegmentedRaftLogWorker was interrupted, exiting. There are 0 tasks remaining in the queue.
2019-11-14 15:11:43,039 [ForkJoinPool.commonPool-worker-0] INFO  segmented.SegmentedRaftLogWorker (SegmentedRaftLogWorker.java:close(224)) - 51e91b80-82a5-4e26-a62a-ce423dc7e82c@group-2BB691F7EE67-SegmentedRaftLogWorker close()
2019-11-14 15:11:43,039 [ForkJoinPool.commonPool-worker-0] INFO  server.GrpcService (GrpcService.java:closeImpl(164)) - 51e91b80-82a5-4e26-a62a-ce423dc7e82c: shutdown server with port 43216 now
2019-11-14 15:11:43,040 [ForkJoinPool.commonPool-worker-0] INFO  server.GrpcService (GrpcService.java:closeImpl(172)) - 51e91b80-82a5-4e26-a62a-ce423dc7e82c: shutdown server with port 43216 successfully
2019-11-14 15:11:43,044 [refreshUsed-/workdir/hadoop-ozone/integration-test/target/test-dir/MiniOzoneClusterImpl-5901a962-94ba-4a8b-ba12-ae811e713c7a/datanode-1/data/containers] WARN  fs.CachingGetSpaceUsed (CachingGetSpaceUsed.java:run(183)) - Thread Interrupted waiting to refresh disk information: sleep interrupted
2019-11-14 15:11:43,065 [ForkJoinPool.commonPool-worker-0] INFO  utils.BackgroundService (BackgroundService.java:shutdown(151)) - Shutting down service BlockDeletingService
2019-11-14 15:11:43,066 [ForkJoinPool.commonPool-worker-0] INFO  statemachine.DatanodeStateMachine (DatanodeStateMachine.java:stopDaemon(395)) - Ozone container server stopped.
2019-11-14 15:11:43,068 [ForkJoinPool.commonPool-worker-0] INFO  handler.ContextHandler (ContextHandler.java:doStop(910)) - Stopped o.e.j.w.WebAppContext@58164e9a{/,null,UNAVAILABLE}{/hddsDatanode}
2019-11-14 15:11:43,069 [ForkJoinPool.commonPool-worker-0] INFO  server.AbstractConnector (AbstractConnector.java:doStop(318)) - Stopped ServerConnector@11bfffb3{HTTP/1.1,[http/1.1]}{0.0.0.0:0}
2019-11-14 15:11:43,070 [ForkJoinPool.commonPool-worker-0] INFO  handler.ContextHandler (ContextHandler.java:doStop(910)) - Stopped o.e.j.s.ServletContextHandler@77663cd7{/static,jar:file:/home/user/.m2/repository/org/apache/hadoop/hadoop-hdds-container-service/0.5.0-SNAPSHOT/hadoop-hdds-container-service-0.5.0-SNAPSHOT.jar!/webapps/static,UNAVAILABLE}
2019-11-14 15:11:43,071 [ForkJoinPool.commonPool-worker-0] INFO  handler.ContextHandler (ContextHandler.java:doStop(910)) - Stopped o.e.j.s.ServletContextHandler@63e4484d{/logs,file:///workdir/hadoop-ozone/integration-test/target/log,UNAVAILABLE}
2019-11-14 15:11:43,072 [main] INFO  ozone.MiniOzoneClusterImpl (MiniOzoneClusterImpl.java:stopSCM(430)) - Stopping the StorageContainerManager
2019-11-14 15:11:43,072 [main] INFO  server.StorageContainerManager (StorageContainerManager.java:stop(804)) - Stopping Replication Manager Service.
2019-11-14 15:11:43,072 [main] INFO  container.ReplicationManager (ReplicationManager.java:stop(203)) - Stopping Replication Monitor Thread.
2019-11-14 15:11:43,073 [main] INFO  server.StorageContainerManager (StorageContainerManager.java:stop(811)) - Stopping Lease Manager of the command watchers
2019-11-14 15:11:43,073 [main] INFO  server.StorageContainerManager (StorageContainerManager.java:stop(818)) - Stopping datanode service RPC server
2019-11-14 15:11:43,073 [main] INFO  server.SCMDatanodeProtocolServer (SCMDatanodeProtocolServer.java:stop(346)) - Stopping the RPC server for DataNodes
2019-11-14 15:11:43,073 [main] INFO  ipc.Server (Server.java:stop(3082)) - Stopping server on 43819
2019-11-14 15:11:43,075 [IPC Server listener on 43819] INFO  ipc.Server (Server.java:run(1185)) - Stopping IPC Server listener on 43819
2019-11-14 15:11:43,076 [IPC Server Responder] INFO  ipc.Server (Server.java:run(1319)) - Stopping IPC Server Responder
2019-11-14 15:11:43,171 [SCM Heartbeat Processing Thread - 0] WARN  node.NodeStateManager (NodeStateManager.java:scheduleNextHealthCheck(646)) - Current Thread is interrupted, shutting down HB processing thread for Node Manager.
2019-11-14 15:11:43,172 [main] INFO  server.StorageContainerManager (StorageContainerManager.java:stop(826)) - Stopping block service RPC server
2019-11-14 15:11:43,172 [main] INFO  server.SCMBlockProtocolServer (SCMBlockProtocolServer.java:stop(155)) - Stopping the RPC server for Block Protocol
2019-11-14 15:11:43,172 [main] INFO  ipc.Server (Server.java:stop(3082)) - Stopping server on 35574
2019-11-14 15:11:43,175 [IPC Server listener on 35574] INFO  ipc.Server (Server.java:run(1185)) - Stopping IPC Server listener on 35574
2019-11-14 15:11:43,175 [main] INFO  server.StorageContainerManager (StorageContainerManager.java:stop(833)) - Stopping the StorageContainerLocationProtocol RPC server
2019-11-14 15:11:43,175 [IPC Server Responder] INFO  ipc.Server (Server.java:run(1319)) - Stopping IPC Server Responder
2019-11-14 15:11:43,176 [main] INFO  server.SCMClientProtocolServer (SCMClientProtocolServer.java:stop(169)) - Stopping the RPC server for Client Protocol
2019-11-14 15:11:43,176 [main] INFO  ipc.Server (Server.java:stop(3082)) - Stopping server on 35850
2019-11-14 15:11:43,178 [IPC Server listener on 35850] INFO  ipc.Server (Server.java:run(1185)) - Stopping IPC Server listener on 35850
2019-11-14 15:11:43,178 [main] INFO  server.StorageContainerManager (StorageContainerManager.java:stop(840)) - Stopping Storage Container Manager HTTP server.
2019-11-14 15:11:43,179 [IPC Server Responder] INFO  ipc.Server (Server.java:run(1319)) - Stopping IPC Server Responder
2019-11-14 15:11:43,180 [main] INFO  handler.ContextHandler (ContextHandler.java:doStop(910)) - Stopped o.e.j.w.WebAppContext@987a0bb{/,null,UNAVAILABLE}{/scm}
2019-11-14 15:11:43,181 [main] INFO  server.AbstractConnector (AbstractConnector.java:doStop(318)) - Stopped ServerConnector@1f949ab9{HTTP/1.1,[http/1.1]}{0.0.0.0:0}
2019-11-14 15:11:43,181 [main] INFO  handler.ContextHandler (ContextHandler.java:doStop(910)) - Stopped o.e.j.s.ServletContextHandler@38c761e9{/static,file:///workdir/hadoop-ozone/integration-test/target/test-classes/webapps/static,UNAVAILABLE}
2019-11-14 15:11:43,182 [main] INFO  handler.ContextHandler (ContextHandler.java:doStop(910)) - Stopped o.e.j.s.ServletContextHandler@5e67a490{/logs,file:///workdir/hadoop-ozone/integration-test/target/log,UNAVAILABLE}
2019-11-14 15:11:43,182 [main] INFO  server.StorageContainerManager (StorageContainerManager.java:stop(851)) - Stopping Block Manager Service.
2019-11-14 15:11:43,183 [main] INFO  utils.BackgroundService (BackgroundService.java:shutdown(151)) - Shutting down service SCMBlockDeletingService
2019-11-14 15:11:43,183 [main] INFO  utils.BackgroundService (BackgroundService.java:shutdown(151)) - Shutting down service SCMBlockDeletingService
2019-11-14 15:11:43,184 [main] INFO  server.StorageContainerManager (StorageContainerManager.java:stop(873)) - Stopping SCM Event Queue.
2019-11-14 15:11:43,190 [main] INFO  impl.MetricsSystemImpl (MetricsSystemImpl.java:stop(210)) - Stopping HddsDatanode metrics system...
2019-11-14 15:11:43,207 [main] INFO  impl.MetricsSystemImpl (MetricsSystemImpl.java:stop(216)) - HddsDatanode metrics system stopped.
]]></system-out>
    <system-err><![CDATA[Nov 14, 2019 3:11:08 PM org.apache.ratis.thirdparty.io.grpc.internal.ManagedChannelOrphanWrapper$ManagedChannelReference cleanQueue
SEVERE: *~*~*~ Channel ManagedChannelImpl{logId=3557, target=192.168.34.62:39842} was not shutdown properly!!! ~*~*~*
    Make sure to call shutdown()/shutdownNow() and wait until awaitTermination() returns true.
java.lang.RuntimeException: ManagedChannel allocation site
	at org.apache.ratis.thirdparty.io.grpc.internal.ManagedChannelOrphanWrapper$ManagedChannelReference.<init>(ManagedChannelOrphanWrapper.java:103)
	at org.apache.ratis.thirdparty.io.grpc.internal.ManagedChannelOrphanWrapper.<init>(ManagedChannelOrphanWrapper.java:53)
	at org.apache.ratis.thirdparty.io.grpc.internal.ManagedChannelOrphanWrapper.<init>(ManagedChannelOrphanWrapper.java:44)
	at org.apache.ratis.thirdparty.io.grpc.internal.AbstractManagedChannelImplBuilder.build(AbstractManagedChannelImplBuilder.java:411)
	at org.apache.hadoop.hdds.scm.XceiverClientGrpc.connectToDatanode(XceiverClientGrpc.java:189)
	at org.apache.hadoop.hdds.scm.XceiverClientGrpc.reconnect(XceiverClientGrpc.java:468)
	at org.apache.hadoop.hdds.scm.XceiverClientGrpc.checkOpen(XceiverClientGrpc.java:459)
	at org.apache.hadoop.hdds.scm.XceiverClientGrpc.sendCommandAsync(XceiverClientGrpc.java:401)
	at org.apache.hadoop.hdds.scm.XceiverClientGrpc.sendCommandWithRetry(XceiverClientGrpc.java:320)
	at org.apache.hadoop.hdds.scm.XceiverClientGrpc.sendCommandWithTraceIDAndRetry(XceiverClientGrpc.java:265)
	at org.apache.hadoop.hdds.scm.XceiverClientGrpc.sendCommand(XceiverClientGrpc.java:248)
	at org.apache.hadoop.hdds.scm.storage.ContainerProtocolCalls.getBlock(ContainerProtocolCalls.java:118)
	at org.apache.hadoop.hdds.scm.storage.BlockInputStream.getChunkInfos(BlockInputStream.java:169)
	at org.apache.hadoop.hdds.scm.storage.BlockInputStream.initialize(BlockInputStream.java:118)
	at org.apache.hadoop.hdds.scm.storage.BlockInputStream.read(BlockInputStream.java:224)
	at org.apache.hadoop.ozone.client.io.KeyInputStream.read(KeyInputStream.java:173)
	at org.apache.hadoop.ozone.client.io.OzoneInputStream.read(OzoneInputStream.java:47)
	at java.io.InputStream.read(InputStream.java:101)
	at org.apache.hadoop.ozone.container.ContainerTestHelper.validateData(ContainerTestHelper.java:754)
	at org.apache.hadoop.ozone.client.rpc.TestFailureHandlingByClient.validateData(TestFailureHandlingByClient.java:413)
	at org.apache.hadoop.ozone.client.rpc.TestFailureHandlingByClient.testBlockWritesWithDnFailures(TestFailureHandlingByClient.java:172)
	at sun.reflect.NativeMethodAccessorImpl.invoke0(Native Method)
	at sun.reflect.NativeMethodAccessorImpl.invoke(NativeMethodAccessorImpl.java:62)
	at sun.reflect.DelegatingMethodAccessorImpl.invoke(DelegatingMethodAccessorImpl.java:43)
	at java.lang.reflect.Method.invoke(Method.java:498)
	at org.junit.runners.model.FrameworkMethod$1.runReflectiveCall(FrameworkMethod.java:47)
	at org.junit.internal.runners.model.ReflectiveCallable.run(ReflectiveCallable.java:12)
	at org.junit.runners.model.FrameworkMethod.invokeExplosively(FrameworkMethod.java:44)
	at org.junit.internal.runners.statements.InvokeMethod.evaluate(InvokeMethod.java:17)
	at org.junit.internal.runners.statements.RunAfters.evaluate(RunAfters.java:27)
	at org.junit.runners.ParentRunner.runLeaf(ParentRunner.java:271)
	at org.junit.runners.BlockJUnit4ClassRunner.runChild(BlockJUnit4ClassRunner.java:70)
	at org.junit.runners.BlockJUnit4ClassRunner.runChild(BlockJUnit4ClassRunner.java:50)
	at org.junit.runners.ParentRunner$3.run(ParentRunner.java:238)
	at org.junit.runners.ParentRunner$1.schedule(ParentRunner.java:63)
	at org.junit.runners.ParentRunner.runChildren(ParentRunner.java:236)
	at org.junit.runners.ParentRunner.access$000(ParentRunner.java:53)
	at org.junit.runners.ParentRunner$2.evaluate(ParentRunner.java:229)
	at org.junit.runners.ParentRunner.run(ParentRunner.java:309)
	at org.apache.maven.surefire.junit4.JUnit4Provider.execute(JUnit4Provider.java:365)
	at org.apache.maven.surefire.junit4.JUnit4Provider.executeWithRerun(JUnit4Provider.java:273)
	at org.apache.maven.surefire.junit4.JUnit4Provider.executeTestSet(JUnit4Provider.java:238)
	at org.apache.maven.surefire.junit4.JUnit4Provider.invoke(JUnit4Provider.java:159)
	at org.apache.maven.surefire.booter.ForkedBooter.invokeProviderInSameClassLoader(ForkedBooter.java:384)
	at org.apache.maven.surefire.booter.ForkedBooter.runSuitesInProcess(ForkedBooter.java:345)
	at org.apache.maven.surefire.booter.ForkedBooter.execute(ForkedBooter.java:126)
	at org.apache.maven.surefire.booter.ForkedBooter.main(ForkedBooter.java:418)

Nov 14, 2019 3:11:08 PM org.apache.ratis.thirdparty.io.grpc.internal.ManagedChannelOrphanWrapper$ManagedChannelReference cleanQueue
SEVERE: *~*~*~ Channel ManagedChannelImpl{logId=3550, target=192.168.34.62:41786} was not shutdown properly!!! ~*~*~*
    Make sure to call shutdown()/shutdownNow() and wait until awaitTermination() returns true.
java.lang.RuntimeException: ManagedChannel allocation site
	at org.apache.ratis.thirdparty.io.grpc.internal.ManagedChannelOrphanWrapper$ManagedChannelReference.<init>(ManagedChannelOrphanWrapper.java:103)
	at org.apache.ratis.thirdparty.io.grpc.internal.ManagedChannelOrphanWrapper.<init>(ManagedChannelOrphanWrapper.java:53)
	at org.apache.ratis.thirdparty.io.grpc.internal.ManagedChannelOrphanWrapper.<init>(ManagedChannelOrphanWrapper.java:44)
	at org.apache.ratis.thirdparty.io.grpc.internal.AbstractManagedChannelImplBuilder.build(AbstractManagedChannelImplBuilder.java:411)
	at org.apache.hadoop.hdds.scm.XceiverClientGrpc.connectToDatanode(XceiverClientGrpc.java:189)
	at org.apache.hadoop.hdds.scm.XceiverClientGrpc.connect(XceiverClientGrpc.java:138)
	at org.apache.hadoop.hdds.scm.XceiverClientManager$2.call(XceiverClientManager.java:242)
	at org.apache.hadoop.hdds.scm.XceiverClientManager$2.call(XceiverClientManager.java:226)
	at com.google.common.cache.LocalCache$LocalManualCache$1.load(LocalCache.java:4767)
	at com.google.common.cache.LocalCache$LoadingValueReference.loadFuture(LocalCache.java:3568)
	at com.google.common.cache.LocalCache$Segment.loadSync(LocalCache.java:2350)
	at com.google.common.cache.LocalCache$Segment.lockedGetOrLoad(LocalCache.java:2313)
	at com.google.common.cache.LocalCache$Segment.get(LocalCache.java:2228)
	at com.google.common.cache.LocalCache.get(LocalCache.java:3965)
	at com.google.common.cache.LocalCache$LocalManualCache.get(LocalCache.java:4764)
	at org.apache.hadoop.hdds.scm.XceiverClientManager.getClient(XceiverClientManager.java:226)
	at org.apache.hadoop.hdds.scm.XceiverClientManager.acquireClient(XceiverClientManager.java:172)
	at org.apache.hadoop.hdds.scm.XceiverClientManager.acquireClientForReadData(XceiverClientManager.java:162)
	at org.apache.hadoop.hdds.scm.storage.BlockInputStream.getChunkInfos(BlockInputStream.java:154)
	at org.apache.hadoop.hdds.scm.storage.BlockInputStream.initialize(BlockInputStream.java:118)
	at org.apache.hadoop.hdds.scm.storage.BlockInputStream.read(BlockInputStream.java:224)
	at org.apache.hadoop.ozone.client.io.KeyInputStream.read(KeyInputStream.java:173)
	at org.apache.hadoop.ozone.client.io.OzoneInputStream.read(OzoneInputStream.java:47)
	at java.io.InputStream.read(InputStream.java:101)
	at org.apache.hadoop.ozone.container.ContainerTestHelper.validateData(ContainerTestHelper.java:754)
	at org.apache.hadoop.ozone.client.rpc.TestFailureHandlingByClient.validateData(TestFailureHandlingByClient.java:413)
	at org.apache.hadoop.ozone.client.rpc.TestFailureHandlingByClient.testBlockWritesWithDnFailures(TestFailureHandlingByClient.java:172)
	at sun.reflect.NativeMethodAccessorImpl.invoke0(Native Method)
	at sun.reflect.NativeMethodAccessorImpl.invoke(NativeMethodAccessorImpl.java:62)
	at sun.reflect.DelegatingMethodAccessorImpl.invoke(DelegatingMethodAccessorImpl.java:43)
	at java.lang.reflect.Method.invoke(Method.java:498)
	at org.junit.runners.model.FrameworkMethod$1.runReflectiveCall(FrameworkMethod.java:47)
	at org.junit.internal.runners.model.ReflectiveCallable.run(ReflectiveCallable.java:12)
	at org.junit.runners.model.FrameworkMethod.invokeExplosively(FrameworkMethod.java:44)
	at org.junit.internal.runners.statements.InvokeMethod.evaluate(InvokeMethod.java:17)
	at org.junit.internal.runners.statements.RunAfters.evaluate(RunAfters.java:27)
	at org.junit.runners.ParentRunner.runLeaf(ParentRunner.java:271)
	at org.junit.runners.BlockJUnit4ClassRunner.runChild(BlockJUnit4ClassRunner.java:70)
	at org.junit.runners.BlockJUnit4ClassRunner.runChild(BlockJUnit4ClassRunner.java:50)
	at org.junit.runners.ParentRunner$3.run(ParentRunner.java:238)
	at org.junit.runners.ParentRunner$1.schedule(ParentRunner.java:63)
	at org.junit.runners.ParentRunner.runChildren(ParentRunner.java:236)
	at org.junit.runners.ParentRunner.access$000(ParentRunner.java:53)
	at org.junit.runners.ParentRunner$2.evaluate(ParentRunner.java:229)
	at org.junit.runners.ParentRunner.run(ParentRunner.java:309)
	at org.apache.maven.surefire.junit4.JUnit4Provider.execute(JUnit4Provider.java:365)
	at org.apache.maven.surefire.junit4.JUnit4Provider.executeWithRerun(JUnit4Provider.java:273)
	at org.apache.maven.surefire.junit4.JUnit4Provider.executeTestSet(JUnit4Provider.java:238)
	at org.apache.maven.surefire.junit4.JUnit4Provider.invoke(JUnit4Provider.java:159)
	at org.apache.maven.surefire.booter.ForkedBooter.invokeProviderInSameClassLoader(ForkedBooter.java:384)
	at org.apache.maven.surefire.booter.ForkedBooter.runSuitesInProcess(ForkedBooter.java:345)
	at org.apache.maven.surefire.booter.ForkedBooter.execute(ForkedBooter.java:126)
	at org.apache.maven.surefire.booter.ForkedBooter.main(ForkedBooter.java:418)

Nov 14, 2019 3:11:08 PM org.apache.ratis.thirdparty.io.grpc.internal.ManagedChannelOrphanWrapper$ManagedChannelReference cleanQueue
SEVERE: *~*~*~ Channel ManagedChannelImpl{logId=3545, target=192.168.34.62:36181} was not shutdown properly!!! ~*~*~*
    Make sure to call shutdown()/shutdownNow() and wait until awaitTermination() returns true.
java.lang.RuntimeException: ManagedChannel allocation site
	at org.apache.ratis.thirdparty.io.grpc.internal.ManagedChannelOrphanWrapper$ManagedChannelReference.<init>(ManagedChannelOrphanWrapper.java:103)
	at org.apache.ratis.thirdparty.io.grpc.internal.ManagedChannelOrphanWrapper.<init>(ManagedChannelOrphanWrapper.java:53)
	at org.apache.ratis.thirdparty.io.grpc.internal.ManagedChannelOrphanWrapper.<init>(ManagedChannelOrphanWrapper.java:44)
	at org.apache.ratis.thirdparty.io.grpc.internal.AbstractManagedChannelImplBuilder.build(AbstractManagedChannelImplBuilder.java:411)
	at org.apache.ratis.grpc.client.GrpcClientProtocolClient.<init>(GrpcClientProtocolClient.java:128)
	at org.apache.ratis.grpc.client.GrpcClientRpc.lambda$new$0(GrpcClientRpc.java:55)
	at org.apache.ratis.util.PeerProxyMap$PeerAndProxy.lambda$getProxy$0(PeerProxyMap.java:62)
	at org.apache.ratis.util.LifeCycle.startAndTransition(LifeCycle.java:202)
	at org.apache.ratis.util.PeerProxyMap$PeerAndProxy.getProxy(PeerProxyMap.java:61)
	at org.apache.ratis.util.PeerProxyMap.getProxy(PeerProxyMap.java:109)
	at org.apache.ratis.grpc.client.GrpcClientRpc.sendRequestAsync(GrpcClientRpc.java:66)
	at org.apache.ratis.client.impl.OrderedAsync.sendRequest(OrderedAsync.java:233)
	at org.apache.ratis.client.impl.OrderedAsync.sendRequestWithRetry(OrderedAsync.java:188)
	at org.apache.ratis.util.SlidingWindow$Client.sendOrDelayRequest(SlidingWindow.java:278)
	at org.apache.ratis.util.SlidingWindow$Client.retry(SlidingWindow.java:294)
	at org.apache.ratis.client.impl.OrderedAsync.lambda$scheduleWithTimeout$7(OrderedAsync.java:220)
	at org.apache.ratis.util.TimeoutScheduler.lambda$onTimeout$0(TimeoutScheduler.java:141)
	at org.apache.ratis.util.TimeoutScheduler.lambda$onTimeout$1(TimeoutScheduler.java:155)
	at org.apache.ratis.util.LogUtils.runAndLog(LogUtils.java:50)
	at org.apache.ratis.util.LogUtils$1.run(LogUtils.java:91)
	at java.util.concurrent.Executors$RunnableAdapter.call(Executors.java:511)
	at java.util.concurrent.FutureTask.run(FutureTask.java:266)
	at java.util.concurrent.ScheduledThreadPoolExecutor$ScheduledFutureTask.access$201(ScheduledThreadPoolExecutor.java:180)
	at java.util.concurrent.ScheduledThreadPoolExecutor$ScheduledFutureTask.run(ScheduledThreadPoolExecutor.java:293)
	at java.util.concurrent.ThreadPoolExecutor.runWorker(ThreadPoolExecutor.java:1149)
	at java.util.concurrent.ThreadPoolExecutor$Worker.run(ThreadPoolExecutor.java:624)
	at java.lang.Thread.run(Thread.java:748)

Nov 14, 2019 3:11:08 PM org.apache.ratis.thirdparty.io.grpc.internal.ManagedChannelOrphanWrapper$ManagedChannelReference cleanQueue
SEVERE: *~*~*~ Channel ManagedChannelImpl{logId=3555, target=192.168.34.62:44179} was not shutdown properly!!! ~*~*~*
    Make sure to call shutdown()/shutdownNow() and wait until awaitTermination() returns true.
java.lang.RuntimeException: ManagedChannel allocation site
	at org.apache.ratis.thirdparty.io.grpc.internal.ManagedChannelOrphanWrapper$ManagedChannelReference.<init>(ManagedChannelOrphanWrapper.java:103)
	at org.apache.ratis.thirdparty.io.grpc.internal.ManagedChannelOrphanWrapper.<init>(ManagedChannelOrphanWrapper.java:53)
	at org.apache.ratis.thirdparty.io.grpc.internal.ManagedChannelOrphanWrapper.<init>(ManagedChannelOrphanWrapper.java:44)
	at org.apache.ratis.thirdparty.io.grpc.internal.AbstractManagedChannelImplBuilder.build(AbstractManagedChannelImplBuilder.java:411)
	at org.apache.hadoop.hdds.scm.XceiverClientGrpc.connectToDatanode(XceiverClientGrpc.java:189)
	at org.apache.hadoop.hdds.scm.XceiverClientGrpc.connect(XceiverClientGrpc.java:138)
	at org.apache.hadoop.hdds.scm.XceiverClientManager$2.call(XceiverClientManager.java:242)
	at org.apache.hadoop.hdds.scm.XceiverClientManager$2.call(XceiverClientManager.java:226)
	at com.google.common.cache.LocalCache$LocalManualCache$1.load(LocalCache.java:4767)
	at com.google.common.cache.LocalCache$LoadingValueReference.loadFuture(LocalCache.java:3568)
	at com.google.common.cache.LocalCache$Segment.loadSync(LocalCache.java:2350)
	at com.google.common.cache.LocalCache$Segment.lockedGetOrLoad(LocalCache.java:2313)
	at com.google.common.cache.LocalCache$Segment.get(LocalCache.java:2228)
	at com.google.common.cache.LocalCache.get(LocalCache.java:3965)
	at com.google.common.cache.LocalCache$LocalManualCache.get(LocalCache.java:4764)
	at org.apache.hadoop.hdds.scm.XceiverClientManager.getClient(XceiverClientManager.java:226)
	at org.apache.hadoop.hdds.scm.XceiverClientManager.acquireClient(XceiverClientManager.java:172)
	at org.apache.hadoop.hdds.scm.XceiverClientManager.acquireClientForReadData(XceiverClientManager.java:162)
	at org.apache.hadoop.hdds.scm.storage.BlockInputStream.getChunkInfos(BlockInputStream.java:154)
	at org.apache.hadoop.hdds.scm.storage.BlockInputStream.initialize(BlockInputStream.java:118)
	at org.apache.hadoop.hdds.scm.storage.BlockInputStream.read(BlockInputStream.java:224)
	at org.apache.hadoop.ozone.client.io.KeyInputStream.read(KeyInputStream.java:173)
	at org.apache.hadoop.ozone.client.io.OzoneInputStream.read(OzoneInputStream.java:47)
	at java.io.InputStream.read(InputStream.java:101)
	at org.apache.hadoop.ozone.container.ContainerTestHelper.validateData(ContainerTestHelper.java:754)
	at org.apache.hadoop.ozone.client.rpc.TestFailureHandlingByClient.validateData(TestFailureHandlingByClient.java:413)
	at org.apache.hadoop.ozone.client.rpc.TestFailureHandlingByClient.testBlockWritesWithDnFailures(TestFailureHandlingByClient.java:172)
	at sun.reflect.NativeMethodAccessorImpl.invoke0(Native Method)
	at sun.reflect.NativeMethodAccessorImpl.invoke(NativeMethodAccessorImpl.java:62)
	at sun.reflect.DelegatingMethodAccessorImpl.invoke(DelegatingMethodAccessorImpl.java:43)
	at java.lang.reflect.Method.invoke(Method.java:498)
	at org.junit.runners.model.FrameworkMethod$1.runReflectiveCall(FrameworkMethod.java:47)
	at org.junit.internal.runners.model.ReflectiveCallable.run(ReflectiveCallable.java:12)
	at org.junit.runners.model.FrameworkMethod.invokeExplosively(FrameworkMethod.java:44)
	at org.junit.internal.runners.statements.InvokeMethod.evaluate(InvokeMethod.java:17)
	at org.junit.internal.runners.statements.RunAfters.evaluate(RunAfters.java:27)
	at org.junit.runners.ParentRunner.runLeaf(ParentRunner.java:271)
	at org.junit.runners.BlockJUnit4ClassRunner.runChild(BlockJUnit4ClassRunner.java:70)
	at org.junit.runners.BlockJUnit4ClassRunner.runChild(BlockJUnit4ClassRunner.java:50)
	at org.junit.runners.ParentRunner$3.run(ParentRunner.java:238)
	at org.junit.runners.ParentRunner$1.schedule(ParentRunner.java:63)
	at org.junit.runners.ParentRunner.runChildren(ParentRunner.java:236)
	at org.junit.runners.ParentRunner.access$000(ParentRunner.java:53)
	at org.junit.runners.ParentRunner$2.evaluate(ParentRunner.java:229)
	at org.junit.runners.ParentRunner.run(ParentRunner.java:309)
	at org.apache.maven.surefire.junit4.JUnit4Provider.execute(JUnit4Provider.java:365)
	at org.apache.maven.surefire.junit4.JUnit4Provider.executeWithRerun(JUnit4Provider.java:273)
	at org.apache.maven.surefire.junit4.JUnit4Provider.executeTestSet(JUnit4Provider.java:238)
	at org.apache.maven.surefire.junit4.JUnit4Provider.invoke(JUnit4Provider.java:159)
	at org.apache.maven.surefire.booter.ForkedBooter.invokeProviderInSameClassLoader(ForkedBooter.java:384)
	at org.apache.maven.surefire.booter.ForkedBooter.runSuitesInProcess(ForkedBooter.java:345)
	at org.apache.maven.surefire.booter.ForkedBooter.execute(ForkedBooter.java:126)
	at org.apache.maven.surefire.booter.ForkedBooter.main(ForkedBooter.java:418)

Nov 14, 2019 3:11:22 PM org.apache.ratis.thirdparty.io.grpc.internal.SerializingExecutor run
SEVERE: Exception while executing runnable org.apache.ratis.thirdparty.io.grpc.internal.ServerImpl$JumpToApplicationThreadServerStreamListener$1Closed@61378355
org.apache.ratis.thirdparty.io.grpc.StatusRuntimeException: CANCELLED: call already cancelled
	at org.apache.ratis.thirdparty.io.grpc.Status.asRuntimeException(Status.java:517)
	at org.apache.ratis.thirdparty.io.grpc.stub.ServerCalls$ServerCallStreamObserverImpl.onCompleted(ServerCalls.java:356)
	at org.apache.ratis.grpc.server.GrpcServerProtocolService$ServerRequestStreamObserver.onError(GrpcServerProtocolService.java:121)
	at org.apache.ratis.thirdparty.io.grpc.stub.ServerCalls$StreamingServerCallHandler$StreamingServerCallListener.onCancel(ServerCalls.java:269)
	at org.apache.ratis.thirdparty.io.grpc.internal.ServerCallImpl$ServerStreamListenerImpl.closed(ServerCallImpl.java:293)
	at org.apache.ratis.thirdparty.io.grpc.internal.ServerImpl$JumpToApplicationThreadServerStreamListener$1Closed.runInContext(ServerImpl.java:741)
	at org.apache.ratis.thirdparty.io.grpc.internal.ContextRunnable.run(ContextRunnable.java:37)
	at org.apache.ratis.thirdparty.io.grpc.internal.SerializingExecutor.run(SerializingExecutor.java:123)
	at java.util.concurrent.ThreadPoolExecutor.runWorker(ThreadPoolExecutor.java:1149)
	at java.util.concurrent.ThreadPoolExecutor$Worker.run(ThreadPoolExecutor.java:624)
	at java.lang.Thread.run(Thread.java:748)

Nov 14, 2019 3:11:37 PM org.apache.ratis.thirdparty.io.grpc.internal.SerializingExecutor run
SEVERE: Exception while executing runnable org.apache.ratis.thirdparty.io.grpc.internal.ServerImpl$JumpToApplicationThreadServerStreamListener$1Closed@bbd76f9
org.apache.ratis.thirdparty.io.grpc.StatusRuntimeException: CANCELLED: call already cancelled
	at org.apache.ratis.thirdparty.io.grpc.Status.asRuntimeException(Status.java:517)
	at org.apache.ratis.thirdparty.io.grpc.stub.ServerCalls$ServerCallStreamObserverImpl.onCompleted(ServerCalls.java:356)
	at org.apache.ratis.grpc.server.GrpcServerProtocolService$ServerRequestStreamObserver.onError(GrpcServerProtocolService.java:121)
	at org.apache.ratis.thirdparty.io.grpc.stub.ServerCalls$StreamingServerCallHandler$StreamingServerCallListener.onCancel(ServerCalls.java:269)
	at org.apache.ratis.thirdparty.io.grpc.internal.ServerCallImpl$ServerStreamListenerImpl.closed(ServerCallImpl.java:293)
	at org.apache.ratis.thirdparty.io.grpc.internal.ServerImpl$JumpToApplicationThreadServerStreamListener$1Closed.runInContext(ServerImpl.java:741)
	at org.apache.ratis.thirdparty.io.grpc.internal.ContextRunnable.run(ContextRunnable.java:37)
	at org.apache.ratis.thirdparty.io.grpc.internal.SerializingExecutor.run(SerializingExecutor.java:123)
	at java.util.concurrent.ThreadPoolExecutor.runWorker(ThreadPoolExecutor.java:1149)
	at java.util.concurrent.ThreadPoolExecutor$Worker.run(ThreadPoolExecutor.java:624)
	at java.lang.Thread.run(Thread.java:748)

Nov 14, 2019 3:11:37 PM org.apache.ratis.thirdparty.io.grpc.internal.SerializingExecutor run
SEVERE: Exception while executing runnable org.apache.ratis.thirdparty.io.grpc.internal.ServerImpl$JumpToApplicationThreadServerStreamListener$1Closed@84ff365
org.apache.ratis.thirdparty.io.grpc.StatusRuntimeException: CANCELLED: call already cancelled
	at org.apache.ratis.thirdparty.io.grpc.Status.asRuntimeException(Status.java:517)
	at org.apache.ratis.thirdparty.io.grpc.stub.ServerCalls$ServerCallStreamObserverImpl.onCompleted(ServerCalls.java:356)
	at org.apache.ratis.grpc.server.GrpcServerProtocolService$ServerRequestStreamObserver.onError(GrpcServerProtocolService.java:121)
	at org.apache.ratis.thirdparty.io.grpc.stub.ServerCalls$StreamingServerCallHandler$StreamingServerCallListener.onCancel(ServerCalls.java:269)
	at org.apache.ratis.thirdparty.io.grpc.internal.ServerCallImpl$ServerStreamListenerImpl.closed(ServerCallImpl.java:293)
	at org.apache.ratis.thirdparty.io.grpc.internal.ServerImpl$JumpToApplicationThreadServerStreamListener$1Closed.runInContext(ServerImpl.java:741)
	at org.apache.ratis.thirdparty.io.grpc.internal.ContextRunnable.run(ContextRunnable.java:37)
	at org.apache.ratis.thirdparty.io.grpc.internal.SerializingExecutor.run(SerializingExecutor.java:123)
	at java.util.concurrent.ThreadPoolExecutor.runWorker(ThreadPoolExecutor.java:1149)
	at java.util.concurrent.ThreadPoolExecutor$Worker.run(ThreadPoolExecutor.java:624)
	at java.lang.Thread.run(Thread.java:748)

]]></system-err>
  </testcase>
</testsuite>