<?xml version="1.0" encoding="UTF-8"?>
<testsuite xmlns:xsi="http://www.w3.org/2001/XMLSchema-instance" xsi:noNamespaceSchemaLocation="https://maven.apache.org/surefire/maven-surefire-plugin/xsd/surefire-test-report.xsd" name="org.apache.hadoop.ozone.client.rpc.TestMultiBlockWritesWithDnFailures" time="113.254" tests="2" errors="1" skipped="0" failures="0">
  <properties>
    <property name="awt.toolkit" value="sun.awt.X11.XToolkit"/>
    <property name="file.encoding.pkg" value="sun.io"/>
    <property name="java.specification.version" value="1.8"/>
    <property name="sun.cpu.isalist" value=""/>
    <property name="sun.jnu.encoding" value="ANSI_X3.4-1968"/>
    <property name="java.class.path" value="/workdir/hadoop-ozone/integration-test/target/test-classes:/workdir/hadoop-ozone/integration-test/target/classes:/home/user/.m2/repository/org/apache/hadoop/hadoop-ozone-common/0.5.0-SNAPSHOT/hadoop-ozone-common-0.5.0-SNAPSHOT.jar:/home/user/.m2/repository/org/apache/commons/commons-compress/1.4.1/commons-compress-1.4.1.jar:/home/user/.m2/repository/org/tukaani/xz/1.0/xz-1.0.jar:/home/user/.m2/repository/org/apache/hadoop/hadoop-common/3.2.0/hadoop-common-3.2.0.jar:/home/user/.m2/repository/org/apache/hadoop/hadoop-hdfs/3.2.0/hadoop-hdfs-3.2.0.jar:/home/user/.m2/repository/org/apache/hadoop/hadoop-hdfs-client/3.2.0/hadoop-hdfs-client-3.2.0.jar:/home/user/.m2/repository/com/fasterxml/jackson/core/jackson-annotations/2.9.9/jackson-annotations-2.9.9.jar:/home/user/.m2/repository/org/apache/hadoop/hadoop-hdds-common/0.5.0-SNAPSHOT/hadoop-hdds-common-0.5.0-SNAPSHOT.jar:/home/user/.m2/repository/javax/annotation/javax.annotation-api/1.2/javax.annotation-api-1.2.jar:/home/user/.m2/repository/org/apache/ratis/ratis-server/0.5.0-d6d58d0-SNAPSHOT/ratis-server-0.5.0-d6d58d0-SNAPSHOT.jar:/home/user/.m2/repository/org/apache/ratis/ratis-thirdparty-misc/0.2.0/ratis-thirdparty-misc-0.2.0.jar:/home/user/.m2/repository/org/apache/ratis/ratis-proto/0.5.0-d6d58d0-SNAPSHOT/ratis-proto-0.5.0-d6d58d0-SNAPSHOT.jar:/home/user/.m2/repository/org/apache/ratis/ratis-common/0.5.0-d6d58d0-SNAPSHOT/ratis-common-0.5.0-d6d58d0-SNAPSHOT.jar:/home/user/.m2/repository/org/apache/ratis/ratis-client/0.5.0-d6d58d0-SNAPSHOT/ratis-client-0.5.0-d6d58d0-SNAPSHOT.jar:/home/user/.m2/repository/org/apache/ratis/ratis-metrics/0.5.0-d6d58d0-SNAPSHOT/ratis-metrics-0.5.0-d6d58d0-SNAPSHOT.jar:/home/user/.m2/repository/org/apache/ratis/ratis-netty/0.5.0-d6d58d0-SNAPSHOT/ratis-netty-0.5.0-d6d58d0-SNAPSHOT.jar:/home/user/.m2/repository/org/apache/ratis/ratis-grpc/0.5.0-d6d58d0-SNAPSHOT/ratis-grpc-0.5.0-d6d58d0-SNAPSHOT.jar:/home/user/.m2/repository/org/rocksdb/rocksdbjni/6.0.1/rocksdbjni-6.0.1.jar:/home/user/.m2/repository/org/apache/logging/log4j/log4j-api/2.11.0/log4j-api-2.11.0.jar:/home/user/.m2/repository/org/apache/logging/log4j/log4j-core/2.11.0/log4j-core-2.11.0.jar:/home/user/.m2/repository/com/lmax/disruptor/3.4.2/disruptor-3.4.2.jar:/home/user/.m2/repository/org/apache/commons/commons-pool2/2.6.0/commons-pool2-2.6.0.jar:/home/user/.m2/repository/org/bouncycastle/bcpkix-jdk15on/1.60/bcpkix-jdk15on-1.60.jar:/home/user/.m2/repository/commons-validator/commons-validator/1.6/commons-validator-1.6.jar:/home/user/.m2/repository/commons-digester/commons-digester/1.8.1/commons-digester-1.8.1.jar:/home/user/.m2/repository/io/jaegertracing/jaeger-client/0.34.0/jaeger-client-0.34.0.jar:/home/user/.m2/repository/io/jaegertracing/jaeger-thrift/0.34.0/jaeger-thrift-0.34.0.jar:/home/user/.m2/repository/org/apache/thrift/libthrift/0.12.0/libthrift-0.12.0.jar:/home/user/.m2/repository/com/squareup/okhttp3/okhttp/3.9.0/okhttp-3.9.0.jar:/home/user/.m2/repository/com/squareup/okio/okio/1.13.0/okio-1.13.0.jar:/home/user/.m2/repository/io/jaegertracing/jaeger-core/0.34.0/jaeger-core-0.34.0.jar:/home/user/.m2/repository/io/jaegertracing/jaeger-tracerresolver/0.34.0/jaeger-tracerresolver-0.34.0.jar:/home/user/.m2/repository/io/opentracing/contrib/opentracing-tracerresolver/0.1.5/opentracing-tracerresolver-0.1.5.jar:/home/user/.m2/repository/io/opentracing/opentracing-util/0.31.0/opentracing-util-0.31.0.jar:/home/user/.m2/repository/io/opentracing/opentracing-api/0.31.0/opentracing-api-0.31.0.jar:/home/user/.m2/repository/io/opentracing/opentracing-noop/0.31.0/opentracing-noop-0.31.0.jar:/home/user/.m2/repository/org/apache/hadoop/hadoop-hdds-server-framework/0.5.0-SNAPSHOT/hadoop-hdds-server-framework-0.5.0-SNAPSHOT.jar:/home/user/.m2/repository/org/apache/hadoop/hadoop-hdds-container-service/0.5.0-SNAPSHOT/hadoop-hdds-container-service-0.5.0-SNAPSHOT.jar:/home/user/.m2/repository/org/apache/hadoop/hadoop-hdds-client/0.5.0-SNAPSHOT/hadoop-hdds-client-0.5.0-SNAPSHOT.jar:/home/user/.m2/repository/org/apache/hadoop/hadoop-hdds-tools/0.5.0-SNAPSHOT/hadoop-hdds-tools-0.5.0-SNAPSHOT.jar:/home/user/.m2/repository/org/apache/hadoop/hadoop-hdds-server-scm/0.5.0-SNAPSHOT/hadoop-hdds-server-scm-0.5.0-SNAPSHOT.jar:/home/user/.m2/repository/org/apache/hadoop/hadoop-hdds-docs/0.5.0-SNAPSHOT/hadoop-hdds-docs-0.5.0-SNAPSHOT.jar:/home/user/.m2/repository/io/dropwizard/metrics/metrics-core/3.2.4/metrics-core-3.2.4.jar:/home/user/.m2/repository/org/hamcrest/hamcrest-all/1.3/hamcrest-all-1.3.jar:/home/user/.m2/repository/org/bouncycastle/bcprov-jdk15on/1.60/bcprov-jdk15on-1.60.jar:/home/user/.m2/repository/info/picocli/picocli/3.9.6/picocli-3.9.6.jar:/home/user/.m2/repository/com/google/protobuf/protobuf-java/2.5.0/protobuf-java-2.5.0.jar:/home/user/.m2/repository/com/google/guava/guava/11.0.2/guava-11.0.2.jar:/home/user/.m2/repository/org/apache/hadoop/hadoop-ozone-ozone-manager/0.5.0-SNAPSHOT/hadoop-ozone-ozone-manager-0.5.0-SNAPSHOT.jar:/home/user/.m2/repository/org/apache/hadoop/hadoop-minikdc/3.2.0/hadoop-minikdc-3.2.0.jar:/home/user/.m2/repository/commons-io/commons-io/2.5/commons-io-2.5.jar:/home/user/.m2/repository/org/apache/kerby/kerb-simplekdc/1.0.1/kerb-simplekdc-1.0.1.jar:/home/user/.m2/repository/org/apache/kerby/kerb-client/1.0.1/kerb-client-1.0.1.jar:/home/user/.m2/repository/org/apache/kerby/kerby-config/1.0.1/kerby-config-1.0.1.jar:/home/user/.m2/repository/org/apache/kerby/kerb-core/1.0.1/kerb-core-1.0.1.jar:/home/user/.m2/repository/org/apache/kerby/kerby-pkix/1.0.1/kerby-pkix-1.0.1.jar:/home/user/.m2/repository/org/apache/kerby/kerby-asn1/1.0.1/kerby-asn1-1.0.1.jar:/home/user/.m2/repository/org/apache/kerby/kerby-util/1.0.1/kerby-util-1.0.1.jar:/home/user/.m2/repository/org/apache/kerby/kerb-common/1.0.1/kerb-common-1.0.1.jar:/home/user/.m2/repository/org/apache/kerby/kerb-crypto/1.0.1/kerb-crypto-1.0.1.jar:/home/user/.m2/repository/org/apache/kerby/kerb-util/1.0.1/kerb-util-1.0.1.jar:/home/user/.m2/repository/org/apache/kerby/token-provider/1.0.1/token-provider-1.0.1.jar:/home/user/.m2/repository/org/apache/kerby/kerb-admin/1.0.1/kerb-admin-1.0.1.jar:/home/user/.m2/repository/org/apache/kerby/kerb-server/1.0.1/kerb-server-1.0.1.jar:/home/user/.m2/repository/org/apache/kerby/kerb-identity/1.0.1/kerb-identity-1.0.1.jar:/home/user/.m2/repository/org/apache/kerby/kerby-xdr/1.0.1/kerby-xdr-1.0.1.jar:/home/user/.m2/repository/org/slf4j/slf4j-log4j12/1.7.25/slf4j-log4j12-1.7.25.jar:/home/user/.m2/repository/org/apache/hadoop/hadoop-ozone-s3gateway/0.5.0-SNAPSHOT/hadoop-ozone-s3gateway-0.5.0-SNAPSHOT.jar:/home/user/.m2/repository/org/jboss/weld/servlet/weld-servlet/2.4.7.Final/weld-servlet-2.4.7.Final.jar:/home/user/.m2/repository/org/glassfish/jersey/containers/jersey-container-servlet-core/2.27/jersey-container-servlet-core-2.27.jar:/home/user/.m2/repository/org/glassfish/hk2/external/javax.inject/2.5.0-b42/javax.inject-2.5.0-b42.jar:/home/user/.m2/repository/org/glassfish/jersey/core/jersey-common/2.27/jersey-common-2.27.jar:/home/user/.m2/repository/org/glassfish/hk2/osgi-resource-locator/1.0.1/osgi-resource-locator-1.0.1.jar:/home/user/.m2/repository/javax/ws/rs/javax.ws.rs-api/2.1/javax.ws.rs-api-2.1.jar:/home/user/.m2/repository/org/glassfish/jersey/ext/cdi/jersey-cdi1x/2.27/jersey-cdi1x-2.27.jar:/home/user/.m2/repository/org/glassfish/jersey/inject/jersey-hk2/2.27/jersey-hk2-2.27.jar:/home/user/.m2/repository/org/glassfish/hk2/hk2-locator/2.5.0-b42/hk2-locator-2.5.0-b42.jar:/home/user/.m2/repository/org/javassist/javassist/3.22.0-CR2/javassist-3.22.0-CR2.jar:/home/user/.m2/repository/org/glassfish/hk2/hk2-api/2.5.0/hk2-api-2.5.0.jar:/home/user/.m2/repository/org/glassfish/hk2/external/jakarta.inject/2.5.0/jakarta.inject-2.5.0.jar:/home/user/.m2/repository/org/glassfish/hk2/hk2-utils/2.5.0/hk2-utils-2.5.0.jar:/home/user/.m2/repository/jakarta/annotation/jakarta.annotation-api/1.3.4/jakarta.annotation-api-1.3.4.jar:/home/user/.m2/repository/org/glassfish/hk2/external/aopalliance-repackaged/2.5.0/aopalliance-repackaged-2.5.0.jar:/home/user/.m2/repository/com/fasterxml/jackson/dataformat/jackson-dataformat-xml/2.9.0/jackson-dataformat-xml-2.9.0.jar:/home/user/.m2/repository/com/fasterxml/jackson/core/jackson-core/2.9.9/jackson-core-2.9.9.jar:/home/user/.m2/repository/com/fasterxml/jackson/module/jackson-module-jaxb-annotations/2.9.9/jackson-module-jaxb-annotations-2.9.9.jar:/home/user/.m2/repository/javax/enterprise/cdi-api/1.2/cdi-api-1.2.jar:/home/user/.m2/repository/javax/el/javax.el-api/3.0.0/javax.el-api-3.0.0.jar:/home/user/.m2/repository/javax/interceptor/javax.interceptor-api/1.2/javax.interceptor-api-1.2.jar:/home/user/.m2/repository/javax/inject/javax.inject/1/javax.inject-1.jar:/home/user/.m2/repository/com/sun/xml/bind/jaxb-impl/2.3.0.1/jaxb-impl-2.3.0.1.jar:/home/user/.m2/repository/com/sun/xml/bind/jaxb-core/2.3.0.1/jaxb-core-2.3.0.1.jar:/home/user/.m2/repository/javax/xml/bind/jaxb-api/2.3.0/jaxb-api-2.3.0.jar:/home/user/.m2/repository/javax/activation/activation/1.1.1/activation-1.1.1.jar:/home/user/.m2/repository/org/apache/hadoop/hadoop-ozone-csi/0.5.0-SNAPSHOT/hadoop-ozone-csi-0.5.0-SNAPSHOT.jar:/home/user/.m2/repository/com/google/protobuf/protobuf-java-util/3.5.1/protobuf-java-util-3.5.1.jar:/home/user/.m2/repository/org/apache/hadoop/hadoop-hdds-config/0.5.0-SNAPSHOT/hadoop-hdds-config-0.5.0-SNAPSHOT.jar:/home/user/.m2/repository/io/grpc/grpc-netty/1.17.1/grpc-netty-1.17.1.jar:/home/user/.m2/repository/io/grpc/grpc-core/1.17.1/grpc-core-1.17.1.jar:/home/user/.m2/repository/io/grpc/grpc-context/1.17.1/grpc-context-1.17.1.jar:/home/user/.m2/repository/com/google/errorprone/error_prone_annotations/2.2.0/error_prone_annotations-2.2.0.jar:/home/user/.m2/repository/org/codehaus/mojo/animal-sniffer-annotations/1.17/animal-sniffer-annotations-1.17.jar:/home/user/.m2/repository/io/opencensus/opencensus-api/0.17.0/opencensus-api-0.17.0.jar:/home/user/.m2/repository/io/opencensus/opencensus-contrib-grpc-metrics/0.17.0/opencensus-contrib-grpc-metrics-0.17.0.jar:/home/user/.m2/repository/io/netty/netty-codec-http2/4.1.30.Final/netty-codec-http2-4.1.30.Final.jar:/home/user/.m2/repository/io/netty/netty-codec-http/4.1.30.Final/netty-codec-http-4.1.30.Final.jar:/home/user/.m2/repository/io/netty/netty-codec/4.1.30.Final/netty-codec-4.1.30.Final.jar:/home/user/.m2/repository/io/netty/netty-handler/4.1.30.Final/netty-handler-4.1.30.Final.jar:/home/user/.m2/repository/io/netty/netty-handler-proxy/4.1.30.Final/netty-handler-proxy-4.1.30.Final.jar:/home/user/.m2/repository/io/netty/netty-codec-socks/4.1.30.Final/netty-codec-socks-4.1.30.Final.jar:/home/user/.m2/repository/io/netty/netty-transport-native-epoll/4.1.30.Final/netty-transport-native-epoll-4.1.30.Final.jar:/home/user/.m2/repository/io/netty/netty-common/4.1.30.Final/netty-common-4.1.30.Final.jar:/home/user/.m2/repository/io/netty/netty-buffer/4.1.30.Final/netty-buffer-4.1.30.Final.jar:/home/user/.m2/repository/io/netty/netty-transport/4.1.30.Final/netty-transport-4.1.30.Final.jar:/home/user/.m2/repository/io/netty/netty-resolver/4.1.30.Final/netty-resolver-4.1.30.Final.jar:/home/user/.m2/repository/io/netty/netty-transport-native-unix-common/4.1.30.Final/netty-transport-native-unix-common-4.1.30.Final.jar:/home/user/.m2/repository/io/grpc/grpc-protobuf/1.17.1/grpc-protobuf-1.17.1.jar:/home/user/.m2/repository/com/google/api/grpc/proto-google-common-protos/1.0.0/proto-google-common-protos-1.0.0.jar:/home/user/.m2/repository/io/grpc/grpc-protobuf-lite/1.17.1/grpc-protobuf-lite-1.17.1.jar:/home/user/.m2/repository/io/grpc/grpc-stub/1.17.1/grpc-stub-1.17.1.jar:/home/user/.m2/repository/org/apache/hadoop/hadoop-ozone-recon/0.5.0-SNAPSHOT/hadoop-ozone-recon-0.5.0-SNAPSHOT.jar:/home/user/.m2/repository/org/apache/hadoop/hadoop-ozone-reconcodegen/0.5.0-SNAPSHOT/hadoop-ozone-reconcodegen-0.5.0-SNAPSHOT.jar:/home/user/.m2/repository/com/google/inject/extensions/guice-multibindings/4.0/guice-multibindings-4.0.jar:/home/user/.m2/repository/com/google/inject/guice/4.0/guice-4.0.jar:/home/user/.m2/repository/aopalliance/aopalliance/1.0/aopalliance-1.0.jar:/home/user/.m2/repository/com/google/inject/extensions/guice-servlet/4.0/guice-servlet-4.0.jar:/home/user/.m2/repository/org/glassfish/jersey/containers/jersey-container-servlet/2.27/jersey-container-servlet-2.27.jar:/home/user/.m2/repository/org/glassfish/hk2/guice-bridge/2.5.0/guice-bridge-2.5.0.jar:/home/user/.m2/repository/org/glassfish/jersey/core/jersey-server/2.27/jersey-server-2.27.jar:/home/user/.m2/repository/org/glassfish/jersey/core/jersey-client/2.27/jersey-client-2.27.jar:/home/user/.m2/repository/org/glassfish/jersey/media/jersey-media-jaxb/2.27/jersey-media-jaxb-2.27.jar:/home/user/.m2/repository/javax/validation/validation-api/1.1.0.Final/validation-api-1.1.0.Final.jar:/home/user/.m2/repository/org/glassfish/jersey/media/jersey-media-json-jackson/2.27/jersey-media-json-jackson-2.27.jar:/home/user/.m2/repository/org/glassfish/jersey/ext/jersey-entity-filtering/2.27/jersey-entity-filtering-2.27.jar:/home/user/.m2/repository/com/google/inject/extensions/guice-assistedinject/4.0/guice-assistedinject-4.0.jar:/home/user/.m2/repository/org/jooq/jooq/3.11.10/jooq-3.11.10.jar:/home/user/.m2/repository/org/jooq/jooq-meta/3.11.10/jooq-meta-3.11.10.jar:/home/user/.m2/repository/org/jooq/jooq-codegen/3.11.10/jooq-codegen-3.11.10.jar:/home/user/.m2/repository/com/jolbox/bonecp/0.8.0.RELEASE/bonecp-0.8.0.RELEASE.jar:/home/user/.m2/repository/org/xerial/sqlite-jdbc/3.25.2/sqlite-jdbc-3.25.2.jar:/home/user/.m2/repository/org/springframework/spring-jdbc/5.1.3.RELEASE/spring-jdbc-5.1.3.RELEASE.jar:/home/user/.m2/repository/org/springframework/spring-beans/5.1.3.RELEASE/spring-beans-5.1.3.RELEASE.jar:/home/user/.m2/repository/org/springframework/spring-core/5.1.3.RELEASE/spring-core-5.1.3.RELEASE.jar:/home/user/.m2/repository/org/springframework/spring-jcl/5.1.3.RELEASE/spring-jcl-5.1.3.RELEASE.jar:/home/user/.m2/repository/org/springframework/spring-tx/5.1.3.RELEASE/spring-tx-5.1.3.RELEASE.jar:/home/user/.m2/repository/org/apache/hadoop/hadoop-ozone-client/0.5.0-SNAPSHOT/hadoop-ozone-client-0.5.0-SNAPSHOT.jar:/home/user/.m2/repository/commons-lang/commons-lang/2.6/commons-lang-2.6.jar:/home/user/.m2/repository/org/apache/hadoop/hadoop-ozone-ozone-manager/0.5.0-SNAPSHOT/hadoop-ozone-ozone-manager-0.5.0-SNAPSHOT-tests.jar:/home/user/.m2/repository/junit/junit/4.11/junit-4.11.jar:/home/user/.m2/repository/org/hamcrest/hamcrest-core/1.3/hamcrest-core-1.3.jar:/home/user/.m2/repository/org/openjdk/jmh/jmh-core/1.19/jmh-core-1.19.jar:/home/user/.m2/repository/net/sf/jopt-simple/jopt-simple/4.6/jopt-simple-4.6.jar:/home/user/.m2/repository/org/apache/commons/commons-math3/3.1.1/commons-math3-3.1.1.jar:/home/user/.m2/repository/org/openjdk/jmh/jmh-generator-annprocess/1.19/jmh-generator-annprocess-1.19.jar:/home/user/.m2/repository/org/mockito/mockito-all/1.8.5/mockito-all-1.8.5.jar:/home/user/.m2/repository/org/apache/hadoop/hadoop-kms/3.2.0/hadoop-kms-3.2.0.jar:/home/user/.m2/repository/org/apache/hadoop/hadoop-auth/3.2.0/hadoop-auth-3.2.0.jar:/home/user/.m2/repository/com/nimbusds/nimbus-jose-jwt/4.41.1/nimbus-jose-jwt-4.41.1.jar:/home/user/.m2/repository/com/github/stephenc/jcip/jcip-annotations/1.0-1/jcip-annotations-1.0-1.jar:/home/user/.m2/repository/net/minidev/json-smart/2.3/json-smart-2.3.jar:/home/user/.m2/repository/net/minidev/accessors-smart/1.2/accessors-smart-1.2.jar:/home/user/.m2/repository/org/ow2/asm/asm/5.0.4/asm-5.0.4.jar:/home/user/.m2/repository/org/apache/curator/curator-framework/2.12.0/curator-framework-2.12.0.jar:/home/user/.m2/repository/com/sun/jersey/jersey-core/1.19/jersey-core-1.19.jar:/home/user/.m2/repository/javax/ws/rs/jsr311-api/1.1.1/jsr311-api-1.1.1.jar:/home/user/.m2/repository/com/sun/jersey/jersey-server/1.19/jersey-server-1.19.jar:/home/user/.m2/repository/javax/servlet/javax.servlet-api/3.1.0/javax.servlet-api-3.1.0.jar:/home/user/.m2/repository/org/eclipse/jetty/jetty-server/9.3.25.v20180904/jetty-server-9.3.25.v20180904.jar:/home/user/.m2/repository/org/eclipse/jetty/jetty-http/9.3.25.v20180904/jetty-http-9.3.25.v20180904.jar:/home/user/.m2/repository/org/eclipse/jetty/jetty-io/9.3.25.v20180904/jetty-io-9.3.25.v20180904.jar:/home/user/.m2/repository/org/eclipse/jetty/jetty-webapp/9.3.25.v20180904/jetty-webapp-9.3.25.v20180904.jar:/home/user/.m2/repository/org/eclipse/jetty/jetty-xml/9.3.25.v20180904/jetty-xml-9.3.25.v20180904.jar:/home/user/.m2/repository/log4j/log4j/1.2.17/log4j-1.2.17.jar:/home/user/.m2/repository/org/slf4j/slf4j-api/1.7.25/slf4j-api-1.7.25.jar:/home/user/.m2/repository/org/slf4j/jul-to-slf4j/1.7.25/jul-to-slf4j-1.7.25.jar:/home/user/.m2/repository/org/eclipse/jetty/jetty-util/9.3.25.v20180904/jetty-util-9.3.25.v20180904.jar:/home/user/.m2/repository/com/fasterxml/jackson/core/jackson-databind/2.9.9/jackson-databind-2.9.9.jar:/home/user/.m2/repository/org/apache/hadoop/hadoop-kms/3.2.0/hadoop-kms-3.2.0-tests.jar:/home/user/.m2/repository/org/apache/hadoop/hadoop-hdds-server-scm/0.5.0-SNAPSHOT/hadoop-hdds-server-scm-0.5.0-SNAPSHOT-tests.jar:/home/user/.m2/repository/org/apache/hadoop/hadoop-hdds-container-service/0.5.0-SNAPSHOT/hadoop-hdds-container-service-0.5.0-SNAPSHOT-tests.jar:/home/user/.m2/repository/org/yaml/snakeyaml/1.16/snakeyaml-1.16.jar:/home/user/.m2/repository/org/apache/hadoop/hadoop-common/3.2.0/hadoop-common-3.2.0-tests.jar:/home/user/.m2/repository/org/apache/hadoop/hadoop-annotations/3.2.0/hadoop-annotations-3.2.0.jar:/usr/lib/jvm/java-1.8.0-openjdk-1.8.0.222.b10-1.el7_7.x86_64/jre/../lib/tools.jar:/home/user/.m2/repository/commons-cli/commons-cli/1.2/commons-cli-1.2.jar:/home/user/.m2/repository/org/apache/httpcomponents/httpclient/4.5.2/httpclient-4.5.2.jar:/home/user/.m2/repository/org/apache/httpcomponents/httpcore/4.4.4/httpcore-4.4.4.jar:/home/user/.m2/repository/commons-codec/commons-codec/1.11/commons-codec-1.11.jar:/home/user/.m2/repository/commons-net/commons-net/3.6/commons-net-3.6.jar:/home/user/.m2/repository/commons-collections/commons-collections/3.2.2/commons-collections-3.2.2.jar:/home/user/.m2/repository/org/eclipse/jetty/jetty-servlet/9.3.25.v20180904/jetty-servlet-9.3.25.v20180904.jar:/home/user/.m2/repository/org/eclipse/jetty/jetty-security/9.3.25.v20180904/jetty-security-9.3.25.v20180904.jar:/home/user/.m2/repository/javax/servlet/jsp/jsp-api/2.1/jsp-api-2.1.jar:/home/user/.m2/repository/com/sun/jersey/jersey-servlet/1.19/jersey-servlet-1.19.jar:/home/user/.m2/repository/com/sun/jersey/jersey-json/1.19/jersey-json-1.19.jar:/home/user/.m2/repository/org/codehaus/jettison/jettison/1.1/jettison-1.1.jar:/home/user/.m2/repository/org/codehaus/jackson/jackson-core-asl/1.9.13/jackson-core-asl-1.9.13.jar:/home/user/.m2/repository/org/codehaus/jackson/jackson-mapper-asl/1.9.13/jackson-mapper-asl-1.9.13.jar:/home/user/.m2/repository/org/codehaus/jackson/jackson-jaxrs/1.9.13/jackson-jaxrs-1.9.13.jar:/home/user/.m2/repository/org/codehaus/jackson/jackson-xc/1.9.13/jackson-xc-1.9.13.jar:/home/user/.m2/repository/commons-logging/commons-logging/1.1.3/commons-logging-1.1.3.jar:/home/user/.m2/repository/commons-beanutils/commons-beanutils/1.9.4/commons-beanutils-1.9.4.jar:/home/user/.m2/repository/org/apache/commons/commons-configuration2/2.1.1/commons-configuration2-2.1.1.jar:/home/user/.m2/repository/org/apache/commons/commons-lang3/3.7/commons-lang3-3.7.jar:/home/user/.m2/repository/org/apache/commons/commons-text/1.4/commons-text-1.4.jar:/home/user/.m2/repository/org/apache/avro/avro/1.7.7/avro-1.7.7.jar:/home/user/.m2/repository/com/thoughtworks/paranamer/paranamer/2.3/paranamer-2.3.jar:/home/user/.m2/repository/org/xerial/snappy/snappy-java/1.0.5/snappy-java-1.0.5.jar:/home/user/.m2/repository/com/google/re2j/re2j/1.1/re2j-1.1.jar:/home/user/.m2/repository/com/google/code/gson/gson/2.2.4/gson-2.2.4.jar:/home/user/.m2/repository/com/jcraft/jsch/0.1.54/jsch-0.1.54.jar:/home/user/.m2/repository/org/apache/curator/curator-client/2.12.0/curator-client-2.12.0.jar:/home/user/.m2/repository/org/apache/curator/curator-recipes/2.12.0/curator-recipes-2.12.0.jar:/home/user/.m2/repository/com/google/code/findbugs/jsr305/3.0.0/jsr305-3.0.0.jar:/home/user/.m2/repository/org/apache/htrace/htrace-core4/4.1.0-incubating/htrace-core4-4.1.0-incubating.jar:/home/user/.m2/repository/org/apache/zookeeper/zookeeper/3.4.13/zookeeper-3.4.13.jar:/home/user/.m2/repository/jline/jline/0.9.94/jline-0.9.94.jar:/home/user/.m2/repository/org/apache/yetus/audience-annotations/0.5.0/audience-annotations-0.5.0.jar:/home/user/.m2/repository/org/codehaus/woodstox/stax2-api/3.1.4/stax2-api-3.1.4.jar:/home/user/.m2/repository/com/fasterxml/woodstox/woodstox-core/5.0.3/woodstox-core-5.0.3.jar:/home/user/.m2/repository/dnsjava/dnsjava/2.1.7/dnsjava-2.1.7.jar:/home/user/.m2/repository/org/apache/hadoop/hadoop-hdfs/3.2.0/hadoop-hdfs-3.2.0-tests.jar:/home/user/.m2/repository/org/eclipse/jetty/jetty-util-ajax/9.3.25.v20180904/jetty-util-ajax-9.3.25.v20180904.jar:/home/user/.m2/repository/commons-daemon/commons-daemon/1.0.13/commons-daemon-1.0.13.jar:/home/user/.m2/repository/io/netty/netty/3.10.5.Final/netty-3.10.5.Final.jar:/home/user/.m2/repository/io/netty/netty-all/4.0.52.Final/netty-all-4.0.52.Final.jar:/home/user/.m2/repository/org/fusesource/leveldbjni/leveldbjni-all/1.8/leveldbjni-all-1.8.jar:"/>
    <property name="java.vm.vendor" value="Oracle Corporation"/>
    <property name="sun.arch.data.model" value="64"/>
    <property name="test.build.dir" value="/workdir/hadoop-ozone/integration-test/target/test-dir"/>
    <property name="test.cache.data" value=""/>
    <property name="java.vendor.url" value="http://java.oracle.com/"/>
    <property name="user.timezone" value=""/>
    <property name="java.vm.specification.version" value="1.8"/>
    <property name="os.name" value="Linux"/>
    <property name="test.build.data" value="/workdir/hadoop-ozone/integration-test/target/test-dir"/>
    <property name="user.country" value="US"/>
    <property name="sun.java.launcher" value="SUN_STANDARD"/>
    <property name="sun.boot.library.path" value="/usr/lib/jvm/java-1.8.0-openjdk-1.8.0.222.b10-1.el7_7.x86_64/jre/lib/amd64"/>
    <property name="sun.java.command" value="/workdir/hadoop-ozone/integration-test/target/surefire/surefirebooter4685396957003369060.jar /workdir/hadoop-ozone/integration-test/target/surefire 2019-11-13T19-42-01_105-jvmRun1 surefire1791590755802801716tmp surefire_472821213002265057527tmp"/>
    <property name="surefire.test.class.path" value="/workdir/hadoop-ozone/integration-test/target/test-classes:/workdir/hadoop-ozone/integration-test/target/classes:/home/user/.m2/repository/org/apache/hadoop/hadoop-ozone-common/0.5.0-SNAPSHOT/hadoop-ozone-common-0.5.0-SNAPSHOT.jar:/home/user/.m2/repository/org/apache/commons/commons-compress/1.4.1/commons-compress-1.4.1.jar:/home/user/.m2/repository/org/tukaani/xz/1.0/xz-1.0.jar:/home/user/.m2/repository/org/apache/hadoop/hadoop-common/3.2.0/hadoop-common-3.2.0.jar:/home/user/.m2/repository/org/apache/hadoop/hadoop-hdfs/3.2.0/hadoop-hdfs-3.2.0.jar:/home/user/.m2/repository/org/apache/hadoop/hadoop-hdfs-client/3.2.0/hadoop-hdfs-client-3.2.0.jar:/home/user/.m2/repository/com/fasterxml/jackson/core/jackson-annotations/2.9.9/jackson-annotations-2.9.9.jar:/home/user/.m2/repository/org/apache/hadoop/hadoop-hdds-common/0.5.0-SNAPSHOT/hadoop-hdds-common-0.5.0-SNAPSHOT.jar:/home/user/.m2/repository/javax/annotation/javax.annotation-api/1.2/javax.annotation-api-1.2.jar:/home/user/.m2/repository/org/apache/ratis/ratis-server/0.5.0-d6d58d0-SNAPSHOT/ratis-server-0.5.0-d6d58d0-SNAPSHOT.jar:/home/user/.m2/repository/org/apache/ratis/ratis-thirdparty-misc/0.2.0/ratis-thirdparty-misc-0.2.0.jar:/home/user/.m2/repository/org/apache/ratis/ratis-proto/0.5.0-d6d58d0-SNAPSHOT/ratis-proto-0.5.0-d6d58d0-SNAPSHOT.jar:/home/user/.m2/repository/org/apache/ratis/ratis-common/0.5.0-d6d58d0-SNAPSHOT/ratis-common-0.5.0-d6d58d0-SNAPSHOT.jar:/home/user/.m2/repository/org/apache/ratis/ratis-client/0.5.0-d6d58d0-SNAPSHOT/ratis-client-0.5.0-d6d58d0-SNAPSHOT.jar:/home/user/.m2/repository/org/apache/ratis/ratis-metrics/0.5.0-d6d58d0-SNAPSHOT/ratis-metrics-0.5.0-d6d58d0-SNAPSHOT.jar:/home/user/.m2/repository/org/apache/ratis/ratis-netty/0.5.0-d6d58d0-SNAPSHOT/ratis-netty-0.5.0-d6d58d0-SNAPSHOT.jar:/home/user/.m2/repository/org/apache/ratis/ratis-grpc/0.5.0-d6d58d0-SNAPSHOT/ratis-grpc-0.5.0-d6d58d0-SNAPSHOT.jar:/home/user/.m2/repository/org/rocksdb/rocksdbjni/6.0.1/rocksdbjni-6.0.1.jar:/home/user/.m2/repository/org/apache/logging/log4j/log4j-api/2.11.0/log4j-api-2.11.0.jar:/home/user/.m2/repository/org/apache/logging/log4j/log4j-core/2.11.0/log4j-core-2.11.0.jar:/home/user/.m2/repository/com/lmax/disruptor/3.4.2/disruptor-3.4.2.jar:/home/user/.m2/repository/org/apache/commons/commons-pool2/2.6.0/commons-pool2-2.6.0.jar:/home/user/.m2/repository/org/bouncycastle/bcpkix-jdk15on/1.60/bcpkix-jdk15on-1.60.jar:/home/user/.m2/repository/commons-validator/commons-validator/1.6/commons-validator-1.6.jar:/home/user/.m2/repository/commons-digester/commons-digester/1.8.1/commons-digester-1.8.1.jar:/home/user/.m2/repository/io/jaegertracing/jaeger-client/0.34.0/jaeger-client-0.34.0.jar:/home/user/.m2/repository/io/jaegertracing/jaeger-thrift/0.34.0/jaeger-thrift-0.34.0.jar:/home/user/.m2/repository/org/apache/thrift/libthrift/0.12.0/libthrift-0.12.0.jar:/home/user/.m2/repository/com/squareup/okhttp3/okhttp/3.9.0/okhttp-3.9.0.jar:/home/user/.m2/repository/com/squareup/okio/okio/1.13.0/okio-1.13.0.jar:/home/user/.m2/repository/io/jaegertracing/jaeger-core/0.34.0/jaeger-core-0.34.0.jar:/home/user/.m2/repository/io/jaegertracing/jaeger-tracerresolver/0.34.0/jaeger-tracerresolver-0.34.0.jar:/home/user/.m2/repository/io/opentracing/contrib/opentracing-tracerresolver/0.1.5/opentracing-tracerresolver-0.1.5.jar:/home/user/.m2/repository/io/opentracing/opentracing-util/0.31.0/opentracing-util-0.31.0.jar:/home/user/.m2/repository/io/opentracing/opentracing-api/0.31.0/opentracing-api-0.31.0.jar:/home/user/.m2/repository/io/opentracing/opentracing-noop/0.31.0/opentracing-noop-0.31.0.jar:/home/user/.m2/repository/org/apache/hadoop/hadoop-hdds-server-framework/0.5.0-SNAPSHOT/hadoop-hdds-server-framework-0.5.0-SNAPSHOT.jar:/home/user/.m2/repository/org/apache/hadoop/hadoop-hdds-container-service/0.5.0-SNAPSHOT/hadoop-hdds-container-service-0.5.0-SNAPSHOT.jar:/home/user/.m2/repository/org/apache/hadoop/hadoop-hdds-client/0.5.0-SNAPSHOT/hadoop-hdds-client-0.5.0-SNAPSHOT.jar:/home/user/.m2/repository/org/apache/hadoop/hadoop-hdds-tools/0.5.0-SNAPSHOT/hadoop-hdds-tools-0.5.0-SNAPSHOT.jar:/home/user/.m2/repository/org/apache/hadoop/hadoop-hdds-server-scm/0.5.0-SNAPSHOT/hadoop-hdds-server-scm-0.5.0-SNAPSHOT.jar:/home/user/.m2/repository/org/apache/hadoop/hadoop-hdds-docs/0.5.0-SNAPSHOT/hadoop-hdds-docs-0.5.0-SNAPSHOT.jar:/home/user/.m2/repository/io/dropwizard/metrics/metrics-core/3.2.4/metrics-core-3.2.4.jar:/home/user/.m2/repository/org/hamcrest/hamcrest-all/1.3/hamcrest-all-1.3.jar:/home/user/.m2/repository/org/bouncycastle/bcprov-jdk15on/1.60/bcprov-jdk15on-1.60.jar:/home/user/.m2/repository/info/picocli/picocli/3.9.6/picocli-3.9.6.jar:/home/user/.m2/repository/com/google/protobuf/protobuf-java/2.5.0/protobuf-java-2.5.0.jar:/home/user/.m2/repository/com/google/guava/guava/11.0.2/guava-11.0.2.jar:/home/user/.m2/repository/org/apache/hadoop/hadoop-ozone-ozone-manager/0.5.0-SNAPSHOT/hadoop-ozone-ozone-manager-0.5.0-SNAPSHOT.jar:/home/user/.m2/repository/org/apache/hadoop/hadoop-minikdc/3.2.0/hadoop-minikdc-3.2.0.jar:/home/user/.m2/repository/commons-io/commons-io/2.5/commons-io-2.5.jar:/home/user/.m2/repository/org/apache/kerby/kerb-simplekdc/1.0.1/kerb-simplekdc-1.0.1.jar:/home/user/.m2/repository/org/apache/kerby/kerb-client/1.0.1/kerb-client-1.0.1.jar:/home/user/.m2/repository/org/apache/kerby/kerby-config/1.0.1/kerby-config-1.0.1.jar:/home/user/.m2/repository/org/apache/kerby/kerb-core/1.0.1/kerb-core-1.0.1.jar:/home/user/.m2/repository/org/apache/kerby/kerby-pkix/1.0.1/kerby-pkix-1.0.1.jar:/home/user/.m2/repository/org/apache/kerby/kerby-asn1/1.0.1/kerby-asn1-1.0.1.jar:/home/user/.m2/repository/org/apache/kerby/kerby-util/1.0.1/kerby-util-1.0.1.jar:/home/user/.m2/repository/org/apache/kerby/kerb-common/1.0.1/kerb-common-1.0.1.jar:/home/user/.m2/repository/org/apache/kerby/kerb-crypto/1.0.1/kerb-crypto-1.0.1.jar:/home/user/.m2/repository/org/apache/kerby/kerb-util/1.0.1/kerb-util-1.0.1.jar:/home/user/.m2/repository/org/apache/kerby/token-provider/1.0.1/token-provider-1.0.1.jar:/home/user/.m2/repository/org/apache/kerby/kerb-admin/1.0.1/kerb-admin-1.0.1.jar:/home/user/.m2/repository/org/apache/kerby/kerb-server/1.0.1/kerb-server-1.0.1.jar:/home/user/.m2/repository/org/apache/kerby/kerb-identity/1.0.1/kerb-identity-1.0.1.jar:/home/user/.m2/repository/org/apache/kerby/kerby-xdr/1.0.1/kerby-xdr-1.0.1.jar:/home/user/.m2/repository/org/slf4j/slf4j-log4j12/1.7.25/slf4j-log4j12-1.7.25.jar:/home/user/.m2/repository/org/apache/hadoop/hadoop-ozone-s3gateway/0.5.0-SNAPSHOT/hadoop-ozone-s3gateway-0.5.0-SNAPSHOT.jar:/home/user/.m2/repository/org/jboss/weld/servlet/weld-servlet/2.4.7.Final/weld-servlet-2.4.7.Final.jar:/home/user/.m2/repository/org/glassfish/jersey/containers/jersey-container-servlet-core/2.27/jersey-container-servlet-core-2.27.jar:/home/user/.m2/repository/org/glassfish/hk2/external/javax.inject/2.5.0-b42/javax.inject-2.5.0-b42.jar:/home/user/.m2/repository/org/glassfish/jersey/core/jersey-common/2.27/jersey-common-2.27.jar:/home/user/.m2/repository/org/glassfish/hk2/osgi-resource-locator/1.0.1/osgi-resource-locator-1.0.1.jar:/home/user/.m2/repository/javax/ws/rs/javax.ws.rs-api/2.1/javax.ws.rs-api-2.1.jar:/home/user/.m2/repository/org/glassfish/jersey/ext/cdi/jersey-cdi1x/2.27/jersey-cdi1x-2.27.jar:/home/user/.m2/repository/org/glassfish/jersey/inject/jersey-hk2/2.27/jersey-hk2-2.27.jar:/home/user/.m2/repository/org/glassfish/hk2/hk2-locator/2.5.0-b42/hk2-locator-2.5.0-b42.jar:/home/user/.m2/repository/org/javassist/javassist/3.22.0-CR2/javassist-3.22.0-CR2.jar:/home/user/.m2/repository/org/glassfish/hk2/hk2-api/2.5.0/hk2-api-2.5.0.jar:/home/user/.m2/repository/org/glassfish/hk2/external/jakarta.inject/2.5.0/jakarta.inject-2.5.0.jar:/home/user/.m2/repository/org/glassfish/hk2/hk2-utils/2.5.0/hk2-utils-2.5.0.jar:/home/user/.m2/repository/jakarta/annotation/jakarta.annotation-api/1.3.4/jakarta.annotation-api-1.3.4.jar:/home/user/.m2/repository/org/glassfish/hk2/external/aopalliance-repackaged/2.5.0/aopalliance-repackaged-2.5.0.jar:/home/user/.m2/repository/com/fasterxml/jackson/dataformat/jackson-dataformat-xml/2.9.0/jackson-dataformat-xml-2.9.0.jar:/home/user/.m2/repository/com/fasterxml/jackson/core/jackson-core/2.9.9/jackson-core-2.9.9.jar:/home/user/.m2/repository/com/fasterxml/jackson/module/jackson-module-jaxb-annotations/2.9.9/jackson-module-jaxb-annotations-2.9.9.jar:/home/user/.m2/repository/javax/enterprise/cdi-api/1.2/cdi-api-1.2.jar:/home/user/.m2/repository/javax/el/javax.el-api/3.0.0/javax.el-api-3.0.0.jar:/home/user/.m2/repository/javax/interceptor/javax.interceptor-api/1.2/javax.interceptor-api-1.2.jar:/home/user/.m2/repository/javax/inject/javax.inject/1/javax.inject-1.jar:/home/user/.m2/repository/com/sun/xml/bind/jaxb-impl/2.3.0.1/jaxb-impl-2.3.0.1.jar:/home/user/.m2/repository/com/sun/xml/bind/jaxb-core/2.3.0.1/jaxb-core-2.3.0.1.jar:/home/user/.m2/repository/javax/xml/bind/jaxb-api/2.3.0/jaxb-api-2.3.0.jar:/home/user/.m2/repository/javax/activation/activation/1.1.1/activation-1.1.1.jar:/home/user/.m2/repository/org/apache/hadoop/hadoop-ozone-csi/0.5.0-SNAPSHOT/hadoop-ozone-csi-0.5.0-SNAPSHOT.jar:/home/user/.m2/repository/com/google/protobuf/protobuf-java-util/3.5.1/protobuf-java-util-3.5.1.jar:/home/user/.m2/repository/org/apache/hadoop/hadoop-hdds-config/0.5.0-SNAPSHOT/hadoop-hdds-config-0.5.0-SNAPSHOT.jar:/home/user/.m2/repository/io/grpc/grpc-netty/1.17.1/grpc-netty-1.17.1.jar:/home/user/.m2/repository/io/grpc/grpc-core/1.17.1/grpc-core-1.17.1.jar:/home/user/.m2/repository/io/grpc/grpc-context/1.17.1/grpc-context-1.17.1.jar:/home/user/.m2/repository/com/google/errorprone/error_prone_annotations/2.2.0/error_prone_annotations-2.2.0.jar:/home/user/.m2/repository/org/codehaus/mojo/animal-sniffer-annotations/1.17/animal-sniffer-annotations-1.17.jar:/home/user/.m2/repository/io/opencensus/opencensus-api/0.17.0/opencensus-api-0.17.0.jar:/home/user/.m2/repository/io/opencensus/opencensus-contrib-grpc-metrics/0.17.0/opencensus-contrib-grpc-metrics-0.17.0.jar:/home/user/.m2/repository/io/netty/netty-codec-http2/4.1.30.Final/netty-codec-http2-4.1.30.Final.jar:/home/user/.m2/repository/io/netty/netty-codec-http/4.1.30.Final/netty-codec-http-4.1.30.Final.jar:/home/user/.m2/repository/io/netty/netty-codec/4.1.30.Final/netty-codec-4.1.30.Final.jar:/home/user/.m2/repository/io/netty/netty-handler/4.1.30.Final/netty-handler-4.1.30.Final.jar:/home/user/.m2/repository/io/netty/netty-handler-proxy/4.1.30.Final/netty-handler-proxy-4.1.30.Final.jar:/home/user/.m2/repository/io/netty/netty-codec-socks/4.1.30.Final/netty-codec-socks-4.1.30.Final.jar:/home/user/.m2/repository/io/netty/netty-transport-native-epoll/4.1.30.Final/netty-transport-native-epoll-4.1.30.Final.jar:/home/user/.m2/repository/io/netty/netty-common/4.1.30.Final/netty-common-4.1.30.Final.jar:/home/user/.m2/repository/io/netty/netty-buffer/4.1.30.Final/netty-buffer-4.1.30.Final.jar:/home/user/.m2/repository/io/netty/netty-transport/4.1.30.Final/netty-transport-4.1.30.Final.jar:/home/user/.m2/repository/io/netty/netty-resolver/4.1.30.Final/netty-resolver-4.1.30.Final.jar:/home/user/.m2/repository/io/netty/netty-transport-native-unix-common/4.1.30.Final/netty-transport-native-unix-common-4.1.30.Final.jar:/home/user/.m2/repository/io/grpc/grpc-protobuf/1.17.1/grpc-protobuf-1.17.1.jar:/home/user/.m2/repository/com/google/api/grpc/proto-google-common-protos/1.0.0/proto-google-common-protos-1.0.0.jar:/home/user/.m2/repository/io/grpc/grpc-protobuf-lite/1.17.1/grpc-protobuf-lite-1.17.1.jar:/home/user/.m2/repository/io/grpc/grpc-stub/1.17.1/grpc-stub-1.17.1.jar:/home/user/.m2/repository/org/apache/hadoop/hadoop-ozone-recon/0.5.0-SNAPSHOT/hadoop-ozone-recon-0.5.0-SNAPSHOT.jar:/home/user/.m2/repository/org/apache/hadoop/hadoop-ozone-reconcodegen/0.5.0-SNAPSHOT/hadoop-ozone-reconcodegen-0.5.0-SNAPSHOT.jar:/home/user/.m2/repository/com/google/inject/extensions/guice-multibindings/4.0/guice-multibindings-4.0.jar:/home/user/.m2/repository/com/google/inject/guice/4.0/guice-4.0.jar:/home/user/.m2/repository/aopalliance/aopalliance/1.0/aopalliance-1.0.jar:/home/user/.m2/repository/com/google/inject/extensions/guice-servlet/4.0/guice-servlet-4.0.jar:/home/user/.m2/repository/org/glassfish/jersey/containers/jersey-container-servlet/2.27/jersey-container-servlet-2.27.jar:/home/user/.m2/repository/org/glassfish/hk2/guice-bridge/2.5.0/guice-bridge-2.5.0.jar:/home/user/.m2/repository/org/glassfish/jersey/core/jersey-server/2.27/jersey-server-2.27.jar:/home/user/.m2/repository/org/glassfish/jersey/core/jersey-client/2.27/jersey-client-2.27.jar:/home/user/.m2/repository/org/glassfish/jersey/media/jersey-media-jaxb/2.27/jersey-media-jaxb-2.27.jar:/home/user/.m2/repository/javax/validation/validation-api/1.1.0.Final/validation-api-1.1.0.Final.jar:/home/user/.m2/repository/org/glassfish/jersey/media/jersey-media-json-jackson/2.27/jersey-media-json-jackson-2.27.jar:/home/user/.m2/repository/org/glassfish/jersey/ext/jersey-entity-filtering/2.27/jersey-entity-filtering-2.27.jar:/home/user/.m2/repository/com/google/inject/extensions/guice-assistedinject/4.0/guice-assistedinject-4.0.jar:/home/user/.m2/repository/org/jooq/jooq/3.11.10/jooq-3.11.10.jar:/home/user/.m2/repository/org/jooq/jooq-meta/3.11.10/jooq-meta-3.11.10.jar:/home/user/.m2/repository/org/jooq/jooq-codegen/3.11.10/jooq-codegen-3.11.10.jar:/home/user/.m2/repository/com/jolbox/bonecp/0.8.0.RELEASE/bonecp-0.8.0.RELEASE.jar:/home/user/.m2/repository/org/xerial/sqlite-jdbc/3.25.2/sqlite-jdbc-3.25.2.jar:/home/user/.m2/repository/org/springframework/spring-jdbc/5.1.3.RELEASE/spring-jdbc-5.1.3.RELEASE.jar:/home/user/.m2/repository/org/springframework/spring-beans/5.1.3.RELEASE/spring-beans-5.1.3.RELEASE.jar:/home/user/.m2/repository/org/springframework/spring-core/5.1.3.RELEASE/spring-core-5.1.3.RELEASE.jar:/home/user/.m2/repository/org/springframework/spring-jcl/5.1.3.RELEASE/spring-jcl-5.1.3.RELEASE.jar:/home/user/.m2/repository/org/springframework/spring-tx/5.1.3.RELEASE/spring-tx-5.1.3.RELEASE.jar:/home/user/.m2/repository/org/apache/hadoop/hadoop-ozone-client/0.5.0-SNAPSHOT/hadoop-ozone-client-0.5.0-SNAPSHOT.jar:/home/user/.m2/repository/commons-lang/commons-lang/2.6/commons-lang-2.6.jar:/home/user/.m2/repository/org/apache/hadoop/hadoop-ozone-ozone-manager/0.5.0-SNAPSHOT/hadoop-ozone-ozone-manager-0.5.0-SNAPSHOT-tests.jar:/home/user/.m2/repository/junit/junit/4.11/junit-4.11.jar:/home/user/.m2/repository/org/hamcrest/hamcrest-core/1.3/hamcrest-core-1.3.jar:/home/user/.m2/repository/org/openjdk/jmh/jmh-core/1.19/jmh-core-1.19.jar:/home/user/.m2/repository/net/sf/jopt-simple/jopt-simple/4.6/jopt-simple-4.6.jar:/home/user/.m2/repository/org/apache/commons/commons-math3/3.1.1/commons-math3-3.1.1.jar:/home/user/.m2/repository/org/openjdk/jmh/jmh-generator-annprocess/1.19/jmh-generator-annprocess-1.19.jar:/home/user/.m2/repository/org/mockito/mockito-all/1.8.5/mockito-all-1.8.5.jar:/home/user/.m2/repository/org/apache/hadoop/hadoop-kms/3.2.0/hadoop-kms-3.2.0.jar:/home/user/.m2/repository/org/apache/hadoop/hadoop-auth/3.2.0/hadoop-auth-3.2.0.jar:/home/user/.m2/repository/com/nimbusds/nimbus-jose-jwt/4.41.1/nimbus-jose-jwt-4.41.1.jar:/home/user/.m2/repository/com/github/stephenc/jcip/jcip-annotations/1.0-1/jcip-annotations-1.0-1.jar:/home/user/.m2/repository/net/minidev/json-smart/2.3/json-smart-2.3.jar:/home/user/.m2/repository/net/minidev/accessors-smart/1.2/accessors-smart-1.2.jar:/home/user/.m2/repository/org/ow2/asm/asm/5.0.4/asm-5.0.4.jar:/home/user/.m2/repository/org/apache/curator/curator-framework/2.12.0/curator-framework-2.12.0.jar:/home/user/.m2/repository/com/sun/jersey/jersey-core/1.19/jersey-core-1.19.jar:/home/user/.m2/repository/javax/ws/rs/jsr311-api/1.1.1/jsr311-api-1.1.1.jar:/home/user/.m2/repository/com/sun/jersey/jersey-server/1.19/jersey-server-1.19.jar:/home/user/.m2/repository/javax/servlet/javax.servlet-api/3.1.0/javax.servlet-api-3.1.0.jar:/home/user/.m2/repository/org/eclipse/jetty/jetty-server/9.3.25.v20180904/jetty-server-9.3.25.v20180904.jar:/home/user/.m2/repository/org/eclipse/jetty/jetty-http/9.3.25.v20180904/jetty-http-9.3.25.v20180904.jar:/home/user/.m2/repository/org/eclipse/jetty/jetty-io/9.3.25.v20180904/jetty-io-9.3.25.v20180904.jar:/home/user/.m2/repository/org/eclipse/jetty/jetty-webapp/9.3.25.v20180904/jetty-webapp-9.3.25.v20180904.jar:/home/user/.m2/repository/org/eclipse/jetty/jetty-xml/9.3.25.v20180904/jetty-xml-9.3.25.v20180904.jar:/home/user/.m2/repository/log4j/log4j/1.2.17/log4j-1.2.17.jar:/home/user/.m2/repository/org/slf4j/slf4j-api/1.7.25/slf4j-api-1.7.25.jar:/home/user/.m2/repository/org/slf4j/jul-to-slf4j/1.7.25/jul-to-slf4j-1.7.25.jar:/home/user/.m2/repository/org/eclipse/jetty/jetty-util/9.3.25.v20180904/jetty-util-9.3.25.v20180904.jar:/home/user/.m2/repository/com/fasterxml/jackson/core/jackson-databind/2.9.9/jackson-databind-2.9.9.jar:/home/user/.m2/repository/org/apache/hadoop/hadoop-kms/3.2.0/hadoop-kms-3.2.0-tests.jar:/home/user/.m2/repository/org/apache/hadoop/hadoop-hdds-server-scm/0.5.0-SNAPSHOT/hadoop-hdds-server-scm-0.5.0-SNAPSHOT-tests.jar:/home/user/.m2/repository/org/apache/hadoop/hadoop-hdds-container-service/0.5.0-SNAPSHOT/hadoop-hdds-container-service-0.5.0-SNAPSHOT-tests.jar:/home/user/.m2/repository/org/yaml/snakeyaml/1.16/snakeyaml-1.16.jar:/home/user/.m2/repository/org/apache/hadoop/hadoop-common/3.2.0/hadoop-common-3.2.0-tests.jar:/home/user/.m2/repository/org/apache/hadoop/hadoop-annotations/3.2.0/hadoop-annotations-3.2.0.jar:/usr/lib/jvm/java-1.8.0-openjdk-1.8.0.222.b10-1.el7_7.x86_64/jre/../lib/tools.jar:/home/user/.m2/repository/commons-cli/commons-cli/1.2/commons-cli-1.2.jar:/home/user/.m2/repository/org/apache/httpcomponents/httpclient/4.5.2/httpclient-4.5.2.jar:/home/user/.m2/repository/org/apache/httpcomponents/httpcore/4.4.4/httpcore-4.4.4.jar:/home/user/.m2/repository/commons-codec/commons-codec/1.11/commons-codec-1.11.jar:/home/user/.m2/repository/commons-net/commons-net/3.6/commons-net-3.6.jar:/home/user/.m2/repository/commons-collections/commons-collections/3.2.2/commons-collections-3.2.2.jar:/home/user/.m2/repository/org/eclipse/jetty/jetty-servlet/9.3.25.v20180904/jetty-servlet-9.3.25.v20180904.jar:/home/user/.m2/repository/org/eclipse/jetty/jetty-security/9.3.25.v20180904/jetty-security-9.3.25.v20180904.jar:/home/user/.m2/repository/javax/servlet/jsp/jsp-api/2.1/jsp-api-2.1.jar:/home/user/.m2/repository/com/sun/jersey/jersey-servlet/1.19/jersey-servlet-1.19.jar:/home/user/.m2/repository/com/sun/jersey/jersey-json/1.19/jersey-json-1.19.jar:/home/user/.m2/repository/org/codehaus/jettison/jettison/1.1/jettison-1.1.jar:/home/user/.m2/repository/org/codehaus/jackson/jackson-core-asl/1.9.13/jackson-core-asl-1.9.13.jar:/home/user/.m2/repository/org/codehaus/jackson/jackson-mapper-asl/1.9.13/jackson-mapper-asl-1.9.13.jar:/home/user/.m2/repository/org/codehaus/jackson/jackson-jaxrs/1.9.13/jackson-jaxrs-1.9.13.jar:/home/user/.m2/repository/org/codehaus/jackson/jackson-xc/1.9.13/jackson-xc-1.9.13.jar:/home/user/.m2/repository/commons-logging/commons-logging/1.1.3/commons-logging-1.1.3.jar:/home/user/.m2/repository/commons-beanutils/commons-beanutils/1.9.4/commons-beanutils-1.9.4.jar:/home/user/.m2/repository/org/apache/commons/commons-configuration2/2.1.1/commons-configuration2-2.1.1.jar:/home/user/.m2/repository/org/apache/commons/commons-lang3/3.7/commons-lang3-3.7.jar:/home/user/.m2/repository/org/apache/commons/commons-text/1.4/commons-text-1.4.jar:/home/user/.m2/repository/org/apache/avro/avro/1.7.7/avro-1.7.7.jar:/home/user/.m2/repository/com/thoughtworks/paranamer/paranamer/2.3/paranamer-2.3.jar:/home/user/.m2/repository/org/xerial/snappy/snappy-java/1.0.5/snappy-java-1.0.5.jar:/home/user/.m2/repository/com/google/re2j/re2j/1.1/re2j-1.1.jar:/home/user/.m2/repository/com/google/code/gson/gson/2.2.4/gson-2.2.4.jar:/home/user/.m2/repository/com/jcraft/jsch/0.1.54/jsch-0.1.54.jar:/home/user/.m2/repository/org/apache/curator/curator-client/2.12.0/curator-client-2.12.0.jar:/home/user/.m2/repository/org/apache/curator/curator-recipes/2.12.0/curator-recipes-2.12.0.jar:/home/user/.m2/repository/com/google/code/findbugs/jsr305/3.0.0/jsr305-3.0.0.jar:/home/user/.m2/repository/org/apache/htrace/htrace-core4/4.1.0-incubating/htrace-core4-4.1.0-incubating.jar:/home/user/.m2/repository/org/apache/zookeeper/zookeeper/3.4.13/zookeeper-3.4.13.jar:/home/user/.m2/repository/jline/jline/0.9.94/jline-0.9.94.jar:/home/user/.m2/repository/org/apache/yetus/audience-annotations/0.5.0/audience-annotations-0.5.0.jar:/home/user/.m2/repository/org/codehaus/woodstox/stax2-api/3.1.4/stax2-api-3.1.4.jar:/home/user/.m2/repository/com/fasterxml/woodstox/woodstox-core/5.0.3/woodstox-core-5.0.3.jar:/home/user/.m2/repository/dnsjava/dnsjava/2.1.7/dnsjava-2.1.7.jar:/home/user/.m2/repository/org/apache/hadoop/hadoop-hdfs/3.2.0/hadoop-hdfs-3.2.0-tests.jar:/home/user/.m2/repository/org/eclipse/jetty/jetty-util-ajax/9.3.25.v20180904/jetty-util-ajax-9.3.25.v20180904.jar:/home/user/.m2/repository/commons-daemon/commons-daemon/1.0.13/commons-daemon-1.0.13.jar:/home/user/.m2/repository/io/netty/netty/3.10.5.Final/netty-3.10.5.Final.jar:/home/user/.m2/repository/io/netty/netty-all/4.0.52.Final/netty-all-4.0.52.Final.jar:/home/user/.m2/repository/org/fusesource/leveldbjni/leveldbjni-all/1.8/leveldbjni-all-1.8.jar:"/>
    <property name="sun.cpu.endian" value="little"/>
    <property name="user.home" value="/home/user"/>
    <property name="user.language" value="en"/>
    <property name="java.specification.vendor" value="Oracle Corporation"/>
    <property name="java.home" value="/usr/lib/jvm/java-1.8.0-openjdk-1.8.0.222.b10-1.el7_7.x86_64/jre"/>
    <property name="surefire.excludesFile" value="/tools/ozone-bad-unit-tests"/>
    <property name="java.security.krb5.conf" value="/workdir/hadoop-ozone/integration-test/target/test-classes/krb5.conf"/>
    <property name="basedir" value="/workdir/hadoop-ozone/integration-test"/>
    <property name="file.separator" value="/"/>
    <property name="line.separator" value="&#10;"/>
    <property name="java.vm.specification.vendor" value="Oracle Corporation"/>
    <property name="java.specification.name" value="Java Platform API Specification"/>
    <property name="java.awt.graphicsenv" value="sun.awt.X11GraphicsEnvironment"/>
    <property name="surefire.real.class.path" value="/workdir/hadoop-ozone/integration-test/target/surefire/surefirebooter4685396957003369060.jar"/>
    <property name="hadoop.log.dir" value="/workdir/hadoop-ozone/integration-test/target/log"/>
    <property name="sun.boot.class.path" value="/usr/lib/jvm/java-1.8.0-openjdk-1.8.0.222.b10-1.el7_7.x86_64/jre/lib/resources.jar:/usr/lib/jvm/java-1.8.0-openjdk-1.8.0.222.b10-1.el7_7.x86_64/jre/lib/rt.jar:/usr/lib/jvm/java-1.8.0-openjdk-1.8.0.222.b10-1.el7_7.x86_64/jre/lib/sunrsasign.jar:/usr/lib/jvm/java-1.8.0-openjdk-1.8.0.222.b10-1.el7_7.x86_64/jre/lib/jsse.jar:/usr/lib/jvm/java-1.8.0-openjdk-1.8.0.222.b10-1.el7_7.x86_64/jre/lib/jce.jar:/usr/lib/jvm/java-1.8.0-openjdk-1.8.0.222.b10-1.el7_7.x86_64/jre/lib/charsets.jar:/usr/lib/jvm/java-1.8.0-openjdk-1.8.0.222.b10-1.el7_7.x86_64/jre/lib/jfr.jar:/usr/lib/jvm/java-1.8.0-openjdk-1.8.0.222.b10-1.el7_7.x86_64/jre/classes"/>
    <property name="sun.management.compiler" value="HotSpot 64-Bit Tiered Compilers"/>
    <property name="java.runtime.version" value="1.8.0_222-b10"/>
    <property name="java.net.preferIPv4Stack" value="true"/>
    <property name="user.name" value="jenkins1000"/>
    <property name="path.separator" value=":"/>
    <property name="java.security.egd" value="file:///dev/urandom"/>
    <property name="os.version" value="3.10.0-957.12.2.el7.x86_64"/>
    <property name="java.endorsed.dirs" value="/usr/lib/jvm/java-1.8.0-openjdk-1.8.0.222.b10-1.el7_7.x86_64/jre/lib/endorsed"/>
    <property name="java.runtime.name" value="OpenJDK Runtime Environment"/>
    <property name="file.encoding" value="ANSI_X3.4-1968"/>
    <property name="java.vm.name" value="OpenJDK 64-Bit Server VM"/>
    <property name="test.build.webapps" value=""/>
    <property name="localRepository" value="/home/user/.m2/repository"/>
    <property name="java.vendor.url.bug" value="http://bugreport.sun.com/bugreport/"/>
    <property name="java.io.tmpdir" value="/tmp"/>
    <property name="require.test.libhadoop" value=""/>
    <property name="java.version" value="1.8.0_222"/>
    <property name="user.dir" value="/workdir/hadoop-ozone/integration-test"/>
    <property name="os.arch" value="amd64"/>
    <property name="java.vm.specification.name" value="Java Virtual Machine Specification"/>
    <property name="test.build.classes" value="/workdir/hadoop-ozone/integration-test/target/test-classes"/>
    <property name="java.awt.printerjob" value="sun.print.PSPrinterJob"/>
    <property name="sun.os.patch.level" value="unknown"/>
    <property name="hadoop.tmp.dir" value="/workdir/hadoop-ozone/integration-test/target/tmp"/>
    <property name="java.library.path" value="/usr/lib:/workdir/hadoop-ozone/integration-test/target/native/target/usr/local/lib:/workdir/hadoop-ozone/integration-test/../../hadoop-common-project/hadoop-common/target/native/target/usr/local/lib:/usr/java/packages/lib/amd64:/usr/lib64:/lib64:/lib:/usr/lib"/>
    <property name="java.vm.info" value="mixed mode"/>
    <property name="java.vendor" value="Oracle Corporation"/>
    <property name="java.vm.version" value="25.222-b10"/>
    <property name="java.ext.dirs" value="/usr/lib/jvm/java-1.8.0-openjdk-1.8.0.222.b10-1.el7_7.x86_64/jre/lib/ext:/usr/java/packages/lib/ext"/>
    <property name="sun.io.unicode.encoding" value="UnicodeLittle"/>
    <property name="java.class.version" value="52.0"/>
  </properties>
  <testcase name="testMultiBlockWritesWithIntermittentDnFailures" classname="org.apache.hadoop.ozone.client.rpc.TestMultiBlockWritesWithDnFailures" time="88.538"/>
  <testcase name="testMultiBlockWritesWithDnFailures" classname="org.apache.hadoop.ozone.client.rpc.TestMultiBlockWritesWithDnFailures" time="24.647">
    <error message="Allocated 0 blocks. Requested 1 blocks" type="INTERNAL_ERROR org.apache.hadoop.ozone.om.exceptions.OMException">INTERNAL_ERROR org.apache.hadoop.ozone.om.exceptions.OMException: Allocated 0 blocks. Requested 1 blocks
	at org.apache.hadoop.ozone.om.protocolPB.OzoneManagerProtocolClientSideTranslatorPB.handleError(OzoneManagerProtocolClientSideTranslatorPB.java:761)
	at org.apache.hadoop.ozone.om.protocolPB.OzoneManagerProtocolClientSideTranslatorPB.allocateBlock(OzoneManagerProtocolClientSideTranslatorPB.java:793)
	at sun.reflect.NativeMethodAccessorImpl.invoke0(Native Method)
	at sun.reflect.NativeMethodAccessorImpl.invoke(NativeMethodAccessorImpl.java:62)
	at sun.reflect.DelegatingMethodAccessorImpl.invoke(DelegatingMethodAccessorImpl.java:43)
	at java.lang.reflect.Method.invoke(Method.java:498)
	at org.apache.hadoop.hdds.tracing.TraceAllMethod.invoke(TraceAllMethod.java:66)
	at com.sun.proxy.$Proxy36.allocateBlock(Unknown Source)
	at org.apache.hadoop.ozone.client.io.BlockOutputStreamEntryPool.allocateNewBlock(BlockOutputStreamEntryPool.java:259)
	at org.apache.hadoop.ozone.client.io.BlockOutputStreamEntryPool.allocateBlockIfNeeded(BlockOutputStreamEntryPool.java:307)
	at org.apache.hadoop.ozone.client.io.KeyOutputStream.handleWrite(KeyOutputStream.java:198)
	at org.apache.hadoop.ozone.client.io.KeyOutputStream.handleRetry(KeyOutputStream.java:375)
	at org.apache.hadoop.ozone.client.io.KeyOutputStream.handleException(KeyOutputStream.java:324)
	at org.apache.hadoop.ozone.client.io.KeyOutputStream.handleWrite(KeyOutputStream.java:228)
	at org.apache.hadoop.ozone.client.io.KeyOutputStream.write(KeyOutputStream.java:190)
	at org.apache.hadoop.ozone.client.io.OzoneOutputStream.write(OzoneOutputStream.java:49)
	at java.io.OutputStream.write(OutputStream.java:75)
	at org.apache.hadoop.ozone.client.rpc.TestMultiBlockWritesWithDnFailures.testMultiBlockWritesWithDnFailures(TestMultiBlockWritesWithDnFailures.java:123)
	at sun.reflect.NativeMethodAccessorImpl.invoke0(Native Method)
	at sun.reflect.NativeMethodAccessorImpl.invoke(NativeMethodAccessorImpl.java:62)
	at sun.reflect.DelegatingMethodAccessorImpl.invoke(DelegatingMethodAccessorImpl.java:43)
	at java.lang.reflect.Method.invoke(Method.java:498)
	at org.junit.runners.model.FrameworkMethod$1.runReflectiveCall(FrameworkMethod.java:47)
	at org.junit.internal.runners.model.ReflectiveCallable.run(ReflectiveCallable.java:12)
	at org.junit.runners.model.FrameworkMethod.invokeExplosively(FrameworkMethod.java:44)
	at org.junit.internal.runners.statements.InvokeMethod.evaluate(InvokeMethod.java:17)
	at org.junit.internal.runners.statements.RunAfters.evaluate(RunAfters.java:27)
	at org.junit.runners.ParentRunner.runLeaf(ParentRunner.java:271)
	at org.junit.runners.BlockJUnit4ClassRunner.runChild(BlockJUnit4ClassRunner.java:70)
	at org.junit.runners.BlockJUnit4ClassRunner.runChild(BlockJUnit4ClassRunner.java:50)
	at org.junit.runners.ParentRunner$3.run(ParentRunner.java:238)
	at org.junit.runners.ParentRunner$1.schedule(ParentRunner.java:63)
	at org.junit.runners.ParentRunner.runChildren(ParentRunner.java:236)
	at org.junit.runners.ParentRunner.access$000(ParentRunner.java:53)
	at org.junit.runners.ParentRunner$2.evaluate(ParentRunner.java:229)
	at org.junit.runners.ParentRunner.run(ParentRunner.java:309)
	at org.apache.maven.surefire.junit4.JUnit4Provider.execute(JUnit4Provider.java:365)
	at org.apache.maven.surefire.junit4.JUnit4Provider.executeWithRerun(JUnit4Provider.java:273)
	at org.apache.maven.surefire.junit4.JUnit4Provider.executeTestSet(JUnit4Provider.java:238)
	at org.apache.maven.surefire.junit4.JUnit4Provider.invoke(JUnit4Provider.java:159)
	at org.apache.maven.surefire.booter.ForkedBooter.invokeProviderInSameClassLoader(ForkedBooter.java:384)
	at org.apache.maven.surefire.booter.ForkedBooter.runSuitesInProcess(ForkedBooter.java:345)
	at org.apache.maven.surefire.booter.ForkedBooter.execute(ForkedBooter.java:126)
	at org.apache.maven.surefire.booter.ForkedBooter.main(ForkedBooter.java:418)
</error>
    <system-out><![CDATA[2019-11-13 20:34:33,948 [main] WARN  server.ServerUtils (ServerUtils.java:getScmDbDir(145)) - ozone.scm.db.dirs is not configured. We recommend adding this setting. Falling back to ozone.metadata.dirs instead.
2019-11-13 20:34:33,987 [main] WARN  server.ServerUtils (ServerUtils.java:getScmDbDir(145)) - ozone.scm.db.dirs is not configured. We recommend adding this setting. Falling back to ozone.metadata.dirs instead.
2019-11-13 20:34:33,988 [main] WARN  server.ServerUtils (ServerUtils.java:getScmDbDir(145)) - ozone.scm.db.dirs is not configured. We recommend adding this setting. Falling back to ozone.metadata.dirs instead.
2019-11-13 20:34:33,988 [main] INFO  db.DBStoreBuilder (DBStoreBuilder.java:addTable(127)) - using custom profile for table: deletedBlocks
2019-11-13 20:34:33,988 [main] INFO  db.DBStoreBuilder (DBStoreBuilder.java:processTables(183)) - Using default column profile:DBProfile.DISK for Table:deletedBlocks
2019-11-13 20:34:33,989 [main] INFO  db.DBStoreBuilder (DBStoreBuilder.java:addTable(127)) - using custom profile for table: validCerts
2019-11-13 20:34:33,989 [main] INFO  db.DBStoreBuilder (DBStoreBuilder.java:processTables(183)) - Using default column profile:DBProfile.DISK for Table:validCerts
2019-11-13 20:34:33,989 [main] INFO  db.DBStoreBuilder (DBStoreBuilder.java:addTable(127)) - using custom profile for table: revokedCerts
2019-11-13 20:34:33,989 [main] INFO  db.DBStoreBuilder (DBStoreBuilder.java:processTables(183)) - Using default column profile:DBProfile.DISK for Table:revokedCerts
2019-11-13 20:34:33,989 [main] INFO  db.DBStoreBuilder (DBStoreBuilder.java:addTable(127)) - using custom profile for table: default
2019-11-13 20:34:33,990 [main] INFO  db.DBStoreBuilder (DBStoreBuilder.java:processTables(189)) - Using default column profile:DBProfile.DISK for Table:default
2019-11-13 20:34:33,990 [main] INFO  db.DBStoreBuilder (DBStoreBuilder.java:getDbProfile(220)) - Using default options. DBProfile.DISK
2019-11-13 20:34:34,155 [main] INFO  net.NodeSchemaLoader (NodeSchemaLoader.java:loadSchemaFromFile(125)) - Loading file from sun.misc.CompoundEnumeration@73c3cd09
2019-11-13 20:34:34,155 [main] INFO  net.NodeSchemaLoader (NodeSchemaLoader.java:loadSchema(171)) - Loading network topology layer schema file
2019-11-13 20:34:34,160 [main] INFO  node.SCMNodeManager (SCMNodeManager.java:<init>(116)) - Entering startup safe mode.
2019-11-13 20:34:34,161 [main] INFO  algorithms.ContainerPlacementPolicyFactory (ContainerPlacementPolicyFactory.java:getPolicy(57)) - Create container placement policy of type org.apache.hadoop.hdds.scm.container.placement.algorithms.SCMContainerPlacementRandom
2019-11-13 20:34:34,161 [main] WARN  server.ServerUtils (ServerUtils.java:getScmDbDir(145)) - ozone.scm.db.dirs is not configured. We recommend adding this setting. Falling back to ozone.metadata.dirs instead.
2019-11-13 20:34:34,220 [main] INFO  pipeline.SCMPipelineManager (SCMPipelineManager.java:initializePipelineState(132)) - No pipeline exists in current db
2019-11-13 20:34:34,221 [main] WARN  server.ServerUtils (ServerUtils.java:getScmDbDir(145)) - ozone.scm.db.dirs is not configured. We recommend adding this setting. Falling back to ozone.metadata.dirs instead.
2019-11-13 20:34:34,260 [main] WARN  events.EventQueue (EventQueue.java:fireEvent(183)) - No event handler registered for event TypedEvent{payloadType=SafeModeStatus, name='SafeModeStatus'}
2019-11-13 20:34:34,261 [main] INFO  ipc.CallQueueManager (CallQueueManager.java:<init>(84)) - Using callQueue: class java.util.concurrent.LinkedBlockingQueue, queueCapacity: 2000, scheduler: class org.apache.hadoop.ipc.DefaultRpcScheduler, ipcBackoff: false.
2019-11-13 20:34:34,262 [Socket Reader #1 for port 34838] INFO  ipc.Server (Server.java:run(1074)) - Starting Socket Reader #1 for port 34838
2019-11-13 20:34:34,264 [main] INFO  ipc.CallQueueManager (CallQueueManager.java:<init>(84)) - Using callQueue: class java.util.concurrent.LinkedBlockingQueue, queueCapacity: 2000, scheduler: class org.apache.hadoop.ipc.DefaultRpcScheduler, ipcBackoff: false.
2019-11-13 20:34:34,265 [Socket Reader #1 for port 44492] INFO  ipc.Server (Server.java:run(1074)) - Starting Socket Reader #1 for port 44492
2019-11-13 20:34:34,267 [main] INFO  ipc.CallQueueManager (CallQueueManager.java:<init>(84)) - Using callQueue: class java.util.concurrent.LinkedBlockingQueue, queueCapacity: 2000, scheduler: class org.apache.hadoop.ipc.DefaultRpcScheduler, ipcBackoff: false.
2019-11-13 20:34:34,267 [Socket Reader #1 for port 46858] INFO  ipc.Server (Server.java:run(1074)) - Starting Socket Reader #1 for port 46858
2019-11-13 20:34:34,271 [main] INFO  hdfs.DFSUtil (DFSUtil.java:httpServerTemplateForNNAndJN(1641)) - Starting Web-server for scm at: http://0.0.0.0:0
2019-11-13 20:34:34,274 [main] INFO  server.AuthenticationFilter (AuthenticationFilter.java:constructSecretProvider(240)) - Unable to initialize FileSignerSecretProvider, falling back to use random secrets.
2019-11-13 20:34:34,275 [main] WARN  http.HttpRequestLog (HttpRequestLog.java:getRequestLog(97)) - Jetty request log can only be enabled using Log4j
2019-11-13 20:34:34,278 [main] INFO  http.HttpServer2 (HttpServer2.java:addGlobalFilter(975)) - Added global filter 'safety' (class=org.apache.hadoop.http.HttpServer2$QuotingInputFilter)
2019-11-13 20:34:34,279 [main] INFO  http.HttpServer2 (HttpServer2.java:addFilter(948)) - Added filter static_user_filter (class=org.apache.hadoop.http.lib.StaticUserWebFilter$StaticUserFilter) to context scm
2019-11-13 20:34:34,279 [main] INFO  http.HttpServer2 (HttpServer2.java:addFilter(958)) - Added filter static_user_filter (class=org.apache.hadoop.http.lib.StaticUserWebFilter$StaticUserFilter) to context static
2019-11-13 20:34:34,279 [main] INFO  http.HttpServer2 (HttpServer2.java:addFilter(958)) - Added filter static_user_filter (class=org.apache.hadoop.http.lib.StaticUserWebFilter$StaticUserFilter) to context logs
2019-11-13 20:34:34,283 [main] INFO  server.StorageContainerManager (StorageContainerManager.java:start(764)) - StorageContainerLocationProtocol RPC server is listening at /0.0.0.0:46858
2019-11-13 20:34:34,285 [main] WARN  impl.MetricsConfig (MetricsConfig.java:loadFirst(134)) - Cannot locate configuration: tried hadoop-metrics2-storagecontainermanager.properties,hadoop-metrics2.properties
2019-11-13 20:34:34,287 [main] INFO  impl.MetricsSystemImpl (MetricsSystemImpl.java:startTimer(374)) - Scheduled Metric snapshot period at 10 second(s).
2019-11-13 20:34:34,287 [main] INFO  impl.MetricsSystemImpl (MetricsSystemImpl.java:start(191)) - StorageContainerManager metrics system started
2019-11-13 20:34:34,348 [main] WARN  impl.MetricsSystemImpl (MetricsSystemImpl.java:register(276)) - Sink prometheus already exists!
2019-11-13 20:34:34,351 [main] INFO  server.SCMClientProtocolServer (SCMClientProtocolServer.java:start(159)) - RPC server for Client  is listening at /0.0.0.0:46858
2019-11-13 20:34:34,352 [IPC Server Responder] INFO  ipc.Server (Server.java:run(1314)) - IPC Server Responder: starting
2019-11-13 20:34:34,352 [IPC Server listener on 46858] INFO  ipc.Server (Server.java:run(1153)) - IPC Server listener on 46858: starting
2019-11-13 20:34:34,355 [main] INFO  server.StorageContainerManager (StorageContainerManager.java:start(774)) - ScmBlockLocationProtocol RPC server is listening at /0.0.0.0:44492
2019-11-13 20:34:34,355 [main] INFO  server.SCMBlockProtocolServer (SCMBlockProtocolServer.java:start(146)) - RPC server for Block Protocol is listening at /0.0.0.0:44492
2019-11-13 20:34:34,356 [IPC Server Responder] INFO  ipc.Server (Server.java:run(1314)) - IPC Server Responder: starting
2019-11-13 20:34:34,356 [IPC Server listener on 44492] INFO  ipc.Server (Server.java:run(1153)) - IPC Server listener on 44492: starting
2019-11-13 20:34:34,359 [main] INFO  server.StorageContainerManager (StorageContainerManager.java:start(778)) - ScmDatanodeProtocl RPC server is listening at /0.0.0.0:34838
2019-11-13 20:34:34,359 [main] INFO  server.SCMDatanodeProtocolServer (SCMDatanodeProtocolServer.java:start(169)) - RPC server for DataNodes is listening at /0.0.0.0:34838
2019-11-13 20:34:34,360 [IPC Server Responder] INFO  ipc.Server (Server.java:run(1314)) - IPC Server Responder: starting
2019-11-13 20:34:34,360 [IPC Server listener on 34838] INFO  ipc.Server (Server.java:run(1153)) - IPC Server listener on 34838: starting
2019-11-13 20:34:34,363 [main] INFO  http.HttpServer2 (HttpServer2.java:bindListener(1191)) - Jetty bound to port 33942
2019-11-13 20:34:34,363 [main] INFO  server.Server (Server.java:doStart(351)) - jetty-9.3.25.v20180904, build timestamp: 2018-09-04T21:11:46Z, git hash: 3ce520221d0240229c862b122d2b06c12a625732
2019-11-13 20:34:34,365 [main] INFO  handler.ContextHandler (ContextHandler.java:doStart(781)) - Started o.e.j.s.ServletContextHandler@3178219a{/logs,file:///workdir/hadoop-ozone/integration-test/target/log,AVAILABLE}
2019-11-13 20:34:34,365 [main] INFO  handler.ContextHandler (ContextHandler.java:doStart(781)) - Started o.e.j.s.ServletContextHandler@56476c16{/static,file:///workdir/hadoop-ozone/integration-test/target/test-classes/webapps/static,AVAILABLE}
2019-11-13 20:34:34,369 [main] INFO  handler.ContextHandler (ContextHandler.java:doStart(781)) - Started o.e.j.w.WebAppContext@72b43104{/,file:///workdir/hadoop-ozone/integration-test/target/test-classes/webapps/scm/,AVAILABLE}{/scm}
2019-11-13 20:34:34,369 [main] INFO  server.AbstractConnector (AbstractConnector.java:doStart(278)) - Started ServerConnector@e111c7c{HTTP/1.1,[http/1.1]}{0.0.0.0:33942}
2019-11-13 20:34:34,370 [main] INFO  server.Server (Server.java:doStart(419)) - Started @89375ms
2019-11-13 20:34:34,370 [main] WARN  impl.MetricsSystemImpl (MetricsSystemImpl.java:register(276)) - Sink prometheus already exists!
2019-11-13 20:34:34,371 [main] INFO  server.BaseHttpServer (BaseHttpServer.java:updateConnectorAddress(215)) - HTTP server of SCM is listening at http://0.0.0.0:33942
2019-11-13 20:34:34,371 [main] WARN  server.ServerUtils (ServerUtils.java:getDBPath(222)) - ozone.om.db.dirs is not configured. We recommend adding this setting. Falling back to ozone.metadata.dirs instead.
2019-11-13 20:34:34,372 [org.apache.hadoop.util.JvmPauseMonitor$Monitor@32f96bba] INFO  util.JvmPauseMonitor (JvmPauseMonitor.java:run(188)) - Starting JVM pause monitor
2019-11-13 20:34:34,385 [main] INFO  ha.OMHANodeDetails (OMHANodeDetails.java:loadOMHAConfig(190)) - Configuration either no ozone.om.address set. Falling back to the default OM address /127.0.0.1:0
2019-11-13 20:34:34,385 [main] INFO  ha.OMHANodeDetails (OMHANodeDetails.java:getOMNodeDetails(220)) - OM Service ID is not set. Setting it to the default ID: omServiceIdDefault
2019-11-13 20:34:34,385 [main] WARN  server.ServerUtils (ServerUtils.java:getDBPath(222)) - ozone.om.db.dirs is not configured. We recommend adding this setting. Falling back to ozone.metadata.dirs instead.
2019-11-13 20:34:34,386 [main] WARN  server.ServerUtils (ServerUtils.java:getDBPath(222)) - ozone.om.db.dirs is not configured. We recommend adding this setting. Falling back to ozone.metadata.dirs instead.
2019-11-13 20:34:34,391 [main] WARN  server.ServerUtils (ServerUtils.java:getDBPath(222)) - ozone.om.db.dirs is not configured. We recommend adding this setting. Falling back to ozone.metadata.dirs instead.
2019-11-13 20:34:34,392 [main] INFO  db.DBStoreBuilder (DBStoreBuilder.java:addTable(127)) - using custom profile for table: userTable
2019-11-13 20:34:34,392 [main] INFO  db.DBStoreBuilder (DBStoreBuilder.java:processTables(183)) - Using default column profile:DBProfile.DISK for Table:userTable
2019-11-13 20:34:34,392 [main] INFO  db.DBStoreBuilder (DBStoreBuilder.java:addTable(127)) - using custom profile for table: volumeTable
2019-11-13 20:34:34,392 [main] INFO  db.DBStoreBuilder (DBStoreBuilder.java:processTables(183)) - Using default column profile:DBProfile.DISK for Table:volumeTable
2019-11-13 20:34:34,393 [main] INFO  db.DBStoreBuilder (DBStoreBuilder.java:addTable(127)) - using custom profile for table: bucketTable
2019-11-13 20:34:34,393 [main] INFO  db.DBStoreBuilder (DBStoreBuilder.java:processTables(183)) - Using default column profile:DBProfile.DISK for Table:bucketTable
2019-11-13 20:34:34,393 [main] INFO  db.DBStoreBuilder (DBStoreBuilder.java:addTable(127)) - using custom profile for table: keyTable
2019-11-13 20:34:34,393 [main] INFO  db.DBStoreBuilder (DBStoreBuilder.java:processTables(183)) - Using default column profile:DBProfile.DISK for Table:keyTable
2019-11-13 20:34:34,393 [main] INFO  db.DBStoreBuilder (DBStoreBuilder.java:addTable(127)) - using custom profile for table: deletedTable
2019-11-13 20:34:34,393 [main] INFO  db.DBStoreBuilder (DBStoreBuilder.java:processTables(183)) - Using default column profile:DBProfile.DISK for Table:deletedTable
2019-11-13 20:34:34,394 [main] INFO  db.DBStoreBuilder (DBStoreBuilder.java:addTable(127)) - using custom profile for table: openKeyTable
2019-11-13 20:34:34,394 [main] INFO  db.DBStoreBuilder (DBStoreBuilder.java:processTables(183)) - Using default column profile:DBProfile.DISK for Table:openKeyTable
2019-11-13 20:34:34,394 [main] INFO  db.DBStoreBuilder (DBStoreBuilder.java:addTable(127)) - using custom profile for table: s3Table
2019-11-13 20:34:34,394 [main] INFO  db.DBStoreBuilder (DBStoreBuilder.java:processTables(183)) - Using default column profile:DBProfile.DISK for Table:s3Table
2019-11-13 20:34:34,394 [main] INFO  db.DBStoreBuilder (DBStoreBuilder.java:addTable(127)) - using custom profile for table: multipartInfoTable
2019-11-13 20:34:34,394 [main] INFO  db.DBStoreBuilder (DBStoreBuilder.java:processTables(183)) - Using default column profile:DBProfile.DISK for Table:multipartInfoTable
2019-11-13 20:34:34,394 [main] INFO  db.DBStoreBuilder (DBStoreBuilder.java:addTable(127)) - using custom profile for table: dTokenTable
2019-11-13 20:34:34,395 [main] INFO  db.DBStoreBuilder (DBStoreBuilder.java:processTables(183)) - Using default column profile:DBProfile.DISK for Table:dTokenTable
2019-11-13 20:34:34,395 [main] INFO  db.DBStoreBuilder (DBStoreBuilder.java:addTable(127)) - using custom profile for table: s3SecretTable
2019-11-13 20:34:34,395 [main] INFO  db.DBStoreBuilder (DBStoreBuilder.java:processTables(183)) - Using default column profile:DBProfile.DISK for Table:s3SecretTable
2019-11-13 20:34:34,395 [main] INFO  db.DBStoreBuilder (DBStoreBuilder.java:addTable(127)) - using custom profile for table: prefixTable
2019-11-13 20:34:34,395 [main] INFO  db.DBStoreBuilder (DBStoreBuilder.java:processTables(183)) - Using default column profile:DBProfile.DISK for Table:prefixTable
2019-11-13 20:34:34,395 [main] INFO  db.DBStoreBuilder (DBStoreBuilder.java:addTable(127)) - using custom profile for table: default
2019-11-13 20:34:34,396 [main] INFO  db.DBStoreBuilder (DBStoreBuilder.java:processTables(189)) - Using default column profile:DBProfile.DISK for Table:default
2019-11-13 20:34:34,396 [main] INFO  db.DBStoreBuilder (DBStoreBuilder.java:getDbProfile(220)) - Using default options. DBProfile.DISK
2019-11-13 20:34:34,829 [main] INFO  ipc.CallQueueManager (CallQueueManager.java:<init>(84)) - Using callQueue: class java.util.concurrent.LinkedBlockingQueue, queueCapacity: 2000, scheduler: class org.apache.hadoop.ipc.DefaultRpcScheduler, ipcBackoff: false.
2019-11-13 20:34:34,830 [Socket Reader #1 for port 37151] INFO  ipc.Server (Server.java:run(1074)) - Starting Socket Reader #1 for port 37151
2019-11-13 20:34:34,845 [main] INFO  om.OzoneManager (OzoneManager.java:start(1077)) - OzoneManager RPC server is listening at localhost/127.0.0.1:37151
2019-11-13 20:34:34,846 [main] INFO  impl.MetricsSystemImpl (MetricsSystemImpl.java:init(158)) - OzoneManager metrics system started (again)
2019-11-13 20:34:34,847 [IPC Server Responder] INFO  ipc.Server (Server.java:run(1314)) - IPC Server Responder: starting
2019-11-13 20:34:34,847 [IPC Server listener on 37151] INFO  ipc.Server (Server.java:run(1153)) - IPC Server listener on 37151: starting
2019-11-13 20:34:34,852 [main] INFO  hdfs.DFSUtil (DFSUtil.java:httpServerTemplateForNNAndJN(1641)) - Starting Web-server for ozoneManager at: http://0.0.0.0:0
2019-11-13 20:34:34,854 [main] INFO  server.AuthenticationFilter (AuthenticationFilter.java:constructSecretProvider(240)) - Unable to initialize FileSignerSecretProvider, falling back to use random secrets.
2019-11-13 20:34:34,854 [main] WARN  http.HttpRequestLog (HttpRequestLog.java:getRequestLog(97)) - Jetty request log can only be enabled using Log4j
2019-11-13 20:34:34,856 [main] INFO  http.HttpServer2 (HttpServer2.java:addGlobalFilter(975)) - Added global filter 'safety' (class=org.apache.hadoop.http.HttpServer2$QuotingInputFilter)
2019-11-13 20:34:34,856 [main] INFO  http.HttpServer2 (HttpServer2.java:addFilter(948)) - Added filter static_user_filter (class=org.apache.hadoop.http.lib.StaticUserWebFilter$StaticUserFilter) to context ozoneManager
2019-11-13 20:34:34,856 [main] INFO  http.HttpServer2 (HttpServer2.java:addFilter(958)) - Added filter static_user_filter (class=org.apache.hadoop.http.lib.StaticUserWebFilter$StaticUserFilter) to context logs
2019-11-13 20:34:34,857 [main] INFO  http.HttpServer2 (HttpServer2.java:addFilter(958)) - Added filter static_user_filter (class=org.apache.hadoop.http.lib.StaticUserWebFilter$StaticUserFilter) to context static
2019-11-13 20:34:34,858 [main] INFO  http.HttpServer2 (HttpServer2.java:bindListener(1191)) - Jetty bound to port 40266
2019-11-13 20:34:34,858 [main] INFO  server.Server (Server.java:doStart(351)) - jetty-9.3.25.v20180904, build timestamp: 2018-09-04T21:11:46Z, git hash: 3ce520221d0240229c862b122d2b06c12a625732
2019-11-13 20:34:34,860 [main] INFO  handler.ContextHandler (ContextHandler.java:doStart(781)) - Started o.e.j.s.ServletContextHandler@682af059{/logs,file:///workdir/hadoop-ozone/integration-test/target/log,AVAILABLE}
2019-11-13 20:34:34,860 [main] INFO  handler.ContextHandler (ContextHandler.java:doStart(781)) - Started o.e.j.s.ServletContextHandler@4da39ca9{/static,file:///workdir/hadoop-ozone/integration-test/target/test-classes/webapps/static,AVAILABLE}
2019-11-13 20:34:34,864 [main] INFO  handler.ContextHandler (ContextHandler.java:doStart(781)) - Started o.e.j.w.WebAppContext@6680f714{/,file:///workdir/hadoop-ozone/integration-test/target/test-classes/webapps/ozoneManager/,AVAILABLE}{/ozoneManager}
2019-11-13 20:34:34,864 [main] INFO  server.AbstractConnector (AbstractConnector.java:doStart(278)) - Started ServerConnector@53b1a3f8{HTTP/1.1,[http/1.1]}{0.0.0.0:40266}
2019-11-13 20:34:34,865 [main] INFO  server.Server (Server.java:doStart(419)) - Started @89870ms
2019-11-13 20:34:34,865 [main] WARN  impl.MetricsSystemImpl (MetricsSystemImpl.java:register(276)) - Sink prometheus already exists!
2019-11-13 20:34:34,866 [main] INFO  server.BaseHttpServer (BaseHttpServer.java:updateConnectorAddress(215)) - HTTP server of OZONEMANAGER is listening at http://0.0.0.0:40266
2019-11-13 20:34:34,880 [main] INFO  impl.MetricsSystemImpl (MetricsSystemImpl.java:init(158)) - HddsDatanode metrics system started (again)
2019-11-13 20:34:34,882 [main] INFO  ozone.HddsDatanodeService (HddsDatanodeService.java:start(186)) - HddsDatanodeService host:pr-hdds-2470-fxbl9-3826649461 ip:192.168.34.20
2019-11-13 20:34:34,889 [main] INFO  volume.HddsVolume (HddsVolume.java:<init>(176)) - Creating Volume: /workdir/hadoop-ozone/integration-test/target/test-dir/MiniOzoneClusterImpl-e028e34c-e788-4356-b3c1-17795b02fdc7/datanode-0/data/containers/hdds of  storage type : DISK and capacity : 1482555576320
2019-11-13 20:34:34,889 [main] INFO  volume.VolumeSet (VolumeSet.java:initializeVolumeSet(170)) - Added Volume : /workdir/hadoop-ozone/integration-test/target/test-dir/MiniOzoneClusterImpl-e028e34c-e788-4356-b3c1-17795b02fdc7/datanode-0/data/containers/hdds to VolumeSet
2019-11-13 20:34:34,889 [main] INFO  volume.ThrottledAsyncChecker (ThrottledAsyncChecker.java:schedule(141)) - Scheduling a check for /workdir/hadoop-ozone/integration-test/target/test-dir/MiniOzoneClusterImpl-e028e34c-e788-4356-b3c1-17795b02fdc7/datanode-0/data/containers/hdds
2019-11-13 20:34:34,890 [main] INFO  volume.HddsVolumeChecker (HddsVolumeChecker.java:checkAllVolumes(204)) - Scheduled health check for volume /workdir/hadoop-ozone/integration-test/target/test-dir/MiniOzoneClusterImpl-e028e34c-e788-4356-b3c1-17795b02fdc7/datanode-0/data/containers/hdds
2019-11-13 20:34:34,903 [main] INFO  impl.RaftServerProxy (ConfUtils.java:logGet(43)) - raft.rpc.type = GRPC (default)
2019-11-13 20:34:34,903 [main] INFO  grpc.GrpcFactory (GrpcFactory.java:checkPooledByteBufAllocatorUseCacheForAllThreads(45)) - PERFORMANCE WARNING: useCacheForAllThreads is true that may cause Netty to create a lot garbage objects and, as a result, trigger GC.
	It is recommended to disable useCacheForAllThreads by setting -Dorg.apache.ratis.thirdparty.io.netty.allocator.useCacheForAllThreads=false in command line.
2019-11-13 20:34:34,903 [main] INFO  grpc.GrpcConfigKeys$Server (ConfUtils.java:logGet(43)) - raft.grpc.server.port = 0 (default)
2019-11-13 20:34:34,904 [main] INFO  server.GrpcService (ConfUtils.java:logGet(43)) - raft.grpc.message.size.max = 33570816 (custom)
2019-11-13 20:34:34,904 [main] INFO  server.RaftServerConfigKeys (ConfUtils.java:logGet(43)) - raft.server.log.appender.buffer.byte-limit = 33554432 (custom)
2019-11-13 20:34:34,904 [main] INFO  server.GrpcService (ConfUtils.java:logGet(43)) - raft.grpc.flow.control.window = 1MB (=1048576) (default)
2019-11-13 20:34:34,904 [main] INFO  server.RaftServerConfigKeys (ConfUtils.java:logGet(43)) - raft.server.rpc.request.timeout = 3000ms (default)
2019-11-13 20:34:34,905 [main] INFO  server.RaftServerConfigKeys (ConfUtils.java:logGet(43)) - raft.server.storage.dir = [/workdir/hadoop-ozone/integration-test/target/test-dir/MiniOzoneClusterImpl-e028e34c-e788-4356-b3c1-17795b02fdc7/datanode-0/data/ratis] (custom)
2019-11-13 20:34:34,906 [main] INFO  hdfs.DFSUtil (DFSUtil.java:httpServerTemplateForNNAndJN(1641)) - Starting Web-server for hddsDatanode at: http://0.0.0.0:0
2019-11-13 20:34:34,908 [main] INFO  server.AuthenticationFilter (AuthenticationFilter.java:constructSecretProvider(240)) - Unable to initialize FileSignerSecretProvider, falling back to use random secrets.
2019-11-13 20:34:34,908 [main] WARN  http.HttpRequestLog (HttpRequestLog.java:getRequestLog(97)) - Jetty request log can only be enabled using Log4j
2019-11-13 20:34:34,909 [main] INFO  http.HttpServer2 (HttpServer2.java:addGlobalFilter(975)) - Added global filter 'safety' (class=org.apache.hadoop.http.HttpServer2$QuotingInputFilter)
2019-11-13 20:34:34,910 [main] INFO  http.HttpServer2 (HttpServer2.java:addFilter(948)) - Added filter static_user_filter (class=org.apache.hadoop.http.lib.StaticUserWebFilter$StaticUserFilter) to context hddsDatanode
2019-11-13 20:34:34,910 [main] INFO  http.HttpServer2 (HttpServer2.java:addFilter(958)) - Added filter static_user_filter (class=org.apache.hadoop.http.lib.StaticUserWebFilter$StaticUserFilter) to context static
2019-11-13 20:34:34,910 [main] INFO  http.HttpServer2 (HttpServer2.java:addFilter(958)) - Added filter static_user_filter (class=org.apache.hadoop.http.lib.StaticUserWebFilter$StaticUserFilter) to context logs
2019-11-13 20:34:34,911 [main] INFO  http.HttpServer2 (HttpServer2.java:bindListener(1191)) - Jetty bound to port 38177
2019-11-13 20:34:34,911 [main] INFO  server.Server (Server.java:doStart(351)) - jetty-9.3.25.v20180904, build timestamp: 2018-09-04T21:11:46Z, git hash: 3ce520221d0240229c862b122d2b06c12a625732
2019-11-13 20:34:34,913 [main] INFO  handler.ContextHandler (ContextHandler.java:doStart(781)) - Started o.e.j.s.ServletContextHandler@7e351d7{/logs,file:///workdir/hadoop-ozone/integration-test/target/log,AVAILABLE}
2019-11-13 20:34:34,913 [main] INFO  handler.ContextHandler (ContextHandler.java:doStart(781)) - Started o.e.j.s.ServletContextHandler@d902300{/static,jar:file:/home/user/.m2/repository/org/apache/hadoop/hadoop-hdds-container-service/0.5.0-SNAPSHOT/hadoop-hdds-container-service-0.5.0-SNAPSHOT.jar!/webapps/static,AVAILABLE}
2019-11-13 20:34:34,944 [main] INFO  handler.ContextHandler (ContextHandler.java:doStart(781)) - Started o.e.j.w.WebAppContext@62a68bcb{/,file:///tmp/jetty-0.0.0.0-38177-hddsDatanode-_-any-7303446506953484613.dir/webapp/,AVAILABLE}{/hddsDatanode}
2019-11-13 20:34:34,945 [main] INFO  server.AbstractConnector (AbstractConnector.java:doStart(278)) - Started ServerConnector@18b74ea{HTTP/1.1,[http/1.1]}{0.0.0.0:38177}
2019-11-13 20:34:34,946 [main] INFO  server.Server (Server.java:doStart(419)) - Started @89951ms
2019-11-13 20:34:34,947 [main] WARN  impl.MetricsSystemImpl (MetricsSystemImpl.java:register(276)) - Sink prometheus already exists!
2019-11-13 20:34:34,948 [main] INFO  server.BaseHttpServer (BaseHttpServer.java:updateConnectorAddress(215)) - HTTP server of HDDSDATANODE is listening at http://0.0.0.0:38177
2019-11-13 20:34:34,949 [main] INFO  impl.MetricsSystemImpl (MetricsSystemImpl.java:init(158)) - HddsDatanode metrics system started (again)
2019-11-13 20:34:34,951 [org.apache.hadoop.util.JvmPauseMonitor$Monitor@6fb6499d] INFO  util.JvmPauseMonitor (JvmPauseMonitor.java:run(188)) - Starting JVM pause monitor
2019-11-13 20:34:34,951 [main] INFO  ozone.HddsDatanodeService (HddsDatanodeService.java:start(186)) - HddsDatanodeService host:pr-hdds-2470-fxbl9-3826649461 ip:192.168.34.20
2019-11-13 20:34:34,953 [Datanode State Machine Thread - 0] INFO  datanode.InitDatanodeState (InitDatanodeState.java:persistContainerDatanodeDetails(140)) - DatanodeDetails is persisted to /workdir/hadoop-ozone/integration-test/target/test-dir/MiniOzoneClusterImpl-e028e34c-e788-4356-b3c1-17795b02fdc7/datanode-0/meta/datanode.id
2019-11-13 20:34:34,958 [main] INFO  volume.HddsVolume (HddsVolume.java:<init>(176)) - Creating Volume: /workdir/hadoop-ozone/integration-test/target/test-dir/MiniOzoneClusterImpl-e028e34c-e788-4356-b3c1-17795b02fdc7/datanode-1/data/containers/hdds of  storage type : DISK and capacity : 1482555576320
2019-11-13 20:34:34,959 [main] INFO  volume.VolumeSet (VolumeSet.java:initializeVolumeSet(170)) - Added Volume : /workdir/hadoop-ozone/integration-test/target/test-dir/MiniOzoneClusterImpl-e028e34c-e788-4356-b3c1-17795b02fdc7/datanode-1/data/containers/hdds to VolumeSet
2019-11-13 20:34:34,959 [main] INFO  volume.ThrottledAsyncChecker (ThrottledAsyncChecker.java:schedule(141)) - Scheduling a check for /workdir/hadoop-ozone/integration-test/target/test-dir/MiniOzoneClusterImpl-e028e34c-e788-4356-b3c1-17795b02fdc7/datanode-1/data/containers/hdds
2019-11-13 20:34:34,960 [main] INFO  volume.HddsVolumeChecker (HddsVolumeChecker.java:checkAllVolumes(204)) - Scheduled health check for volume /workdir/hadoop-ozone/integration-test/target/test-dir/MiniOzoneClusterImpl-e028e34c-e788-4356-b3c1-17795b02fdc7/datanode-1/data/containers/hdds
2019-11-13 20:34:34,980 [main] INFO  impl.RaftServerProxy (ConfUtils.java:logGet(43)) - raft.rpc.type = GRPC (default)
2019-11-13 20:34:34,981 [main] INFO  grpc.GrpcFactory (GrpcFactory.java:checkPooledByteBufAllocatorUseCacheForAllThreads(45)) - PERFORMANCE WARNING: useCacheForAllThreads is true that may cause Netty to create a lot garbage objects and, as a result, trigger GC.
	It is recommended to disable useCacheForAllThreads by setting -Dorg.apache.ratis.thirdparty.io.netty.allocator.useCacheForAllThreads=false in command line.
2019-11-13 20:34:34,981 [main] INFO  grpc.GrpcConfigKeys$Server (ConfUtils.java:logGet(43)) - raft.grpc.server.port = 0 (default)
2019-11-13 20:34:34,981 [main] INFO  server.GrpcService (ConfUtils.java:logGet(43)) - raft.grpc.message.size.max = 33570816 (custom)
2019-11-13 20:34:34,982 [main] INFO  server.RaftServerConfigKeys (ConfUtils.java:logGet(43)) - raft.server.log.appender.buffer.byte-limit = 33554432 (custom)
2019-11-13 20:34:34,982 [main] INFO  server.GrpcService (ConfUtils.java:logGet(43)) - raft.grpc.flow.control.window = 1MB (=1048576) (default)
2019-11-13 20:34:34,982 [main] INFO  server.RaftServerConfigKeys (ConfUtils.java:logGet(43)) - raft.server.rpc.request.timeout = 3000ms (default)
2019-11-13 20:34:34,983 [main] INFO  server.RaftServerConfigKeys (ConfUtils.java:logGet(43)) - raft.server.storage.dir = [/workdir/hadoop-ozone/integration-test/target/test-dir/MiniOzoneClusterImpl-e028e34c-e788-4356-b3c1-17795b02fdc7/datanode-1/data/ratis] (custom)
2019-11-13 20:34:34,985 [main] INFO  hdfs.DFSUtil (DFSUtil.java:httpServerTemplateForNNAndJN(1641)) - Starting Web-server for hddsDatanode at: http://0.0.0.0:0
2019-11-13 20:34:34,987 [main] INFO  server.AuthenticationFilter (AuthenticationFilter.java:constructSecretProvider(240)) - Unable to initialize FileSignerSecretProvider, falling back to use random secrets.
2019-11-13 20:34:34,987 [main] WARN  http.HttpRequestLog (HttpRequestLog.java:getRequestLog(97)) - Jetty request log can only be enabled using Log4j
2019-11-13 20:34:34,989 [main] INFO  http.HttpServer2 (HttpServer2.java:addGlobalFilter(975)) - Added global filter 'safety' (class=org.apache.hadoop.http.HttpServer2$QuotingInputFilter)
2019-11-13 20:34:34,990 [main] INFO  http.HttpServer2 (HttpServer2.java:addFilter(948)) - Added filter static_user_filter (class=org.apache.hadoop.http.lib.StaticUserWebFilter$StaticUserFilter) to context hddsDatanode
2019-11-13 20:34:34,990 [main] INFO  http.HttpServer2 (HttpServer2.java:addFilter(958)) - Added filter static_user_filter (class=org.apache.hadoop.http.lib.StaticUserWebFilter$StaticUserFilter) to context static
2019-11-13 20:34:34,990 [main] INFO  http.HttpServer2 (HttpServer2.java:addFilter(958)) - Added filter static_user_filter (class=org.apache.hadoop.http.lib.StaticUserWebFilter$StaticUserFilter) to context logs
2019-11-13 20:34:34,991 [main] INFO  http.HttpServer2 (HttpServer2.java:bindListener(1191)) - Jetty bound to port 32859
2019-11-13 20:34:34,991 [main] INFO  server.Server (Server.java:doStart(351)) - jetty-9.3.25.v20180904, build timestamp: 2018-09-04T21:11:46Z, git hash: 3ce520221d0240229c862b122d2b06c12a625732
2019-11-13 20:34:34,994 [main] INFO  handler.ContextHandler (ContextHandler.java:doStart(781)) - Started o.e.j.s.ServletContextHandler@28a9494b{/logs,file:///workdir/hadoop-ozone/integration-test/target/log,AVAILABLE}
2019-11-13 20:34:34,995 [main] INFO  handler.ContextHandler (ContextHandler.java:doStart(781)) - Started o.e.j.s.ServletContextHandler@1163a27{/static,jar:file:/home/user/.m2/repository/org/apache/hadoop/hadoop-hdds-container-service/0.5.0-SNAPSHOT/hadoop-hdds-container-service-0.5.0-SNAPSHOT.jar!/webapps/static,AVAILABLE}
2019-11-13 20:34:35,033 [main] INFO  handler.ContextHandler (ContextHandler.java:doStart(781)) - Started o.e.j.w.WebAppContext@50eb4a2c{/,file:///tmp/jetty-0.0.0.0-32859-hddsDatanode-_-any-5784937813353369280.dir/webapp/,AVAILABLE}{/hddsDatanode}
2019-11-13 20:34:35,034 [main] INFO  server.AbstractConnector (AbstractConnector.java:doStart(278)) - Started ServerConnector@1a256d80{HTTP/1.1,[http/1.1]}{0.0.0.0:32859}
2019-11-13 20:34:35,035 [main] INFO  server.Server (Server.java:doStart(419)) - Started @90039ms
2019-11-13 20:34:35,035 [main] WARN  impl.MetricsSystemImpl (MetricsSystemImpl.java:register(276)) - Sink prometheus already exists!
2019-11-13 20:34:35,036 [main] INFO  server.BaseHttpServer (BaseHttpServer.java:updateConnectorAddress(215)) - HTTP server of HDDSDATANODE is listening at http://0.0.0.0:32859
2019-11-13 20:34:35,036 [main] INFO  impl.MetricsSystemImpl (MetricsSystemImpl.java:init(158)) - HddsDatanode metrics system started (again)
2019-11-13 20:34:35,038 [main] INFO  ozone.HddsDatanodeService (HddsDatanodeService.java:start(186)) - HddsDatanodeService host:pr-hdds-2470-fxbl9-3826649461 ip:192.168.34.20
2019-11-13 20:34:35,038 [org.apache.hadoop.util.JvmPauseMonitor$Monitor@24295bed] INFO  util.JvmPauseMonitor (JvmPauseMonitor.java:run(188)) - Starting JVM pause monitor
2019-11-13 20:34:35,040 [Datanode State Machine Thread - 0] INFO  datanode.InitDatanodeState (InitDatanodeState.java:persistContainerDatanodeDetails(140)) - DatanodeDetails is persisted to /workdir/hadoop-ozone/integration-test/target/test-dir/MiniOzoneClusterImpl-e028e34c-e788-4356-b3c1-17795b02fdc7/datanode-1/meta/datanode.id
2019-11-13 20:34:35,045 [main] INFO  volume.HddsVolume (HddsVolume.java:<init>(176)) - Creating Volume: /workdir/hadoop-ozone/integration-test/target/test-dir/MiniOzoneClusterImpl-e028e34c-e788-4356-b3c1-17795b02fdc7/datanode-2/data/containers/hdds of  storage type : DISK and capacity : 1482555576320
2019-11-13 20:34:35,045 [main] INFO  volume.VolumeSet (VolumeSet.java:initializeVolumeSet(170)) - Added Volume : /workdir/hadoop-ozone/integration-test/target/test-dir/MiniOzoneClusterImpl-e028e34c-e788-4356-b3c1-17795b02fdc7/datanode-2/data/containers/hdds to VolumeSet
2019-11-13 20:34:35,046 [main] INFO  volume.ThrottledAsyncChecker (ThrottledAsyncChecker.java:schedule(141)) - Scheduling a check for /workdir/hadoop-ozone/integration-test/target/test-dir/MiniOzoneClusterImpl-e028e34c-e788-4356-b3c1-17795b02fdc7/datanode-2/data/containers/hdds
2019-11-13 20:34:35,046 [main] INFO  volume.HddsVolumeChecker (HddsVolumeChecker.java:checkAllVolumes(204)) - Scheduled health check for volume /workdir/hadoop-ozone/integration-test/target/test-dir/MiniOzoneClusterImpl-e028e34c-e788-4356-b3c1-17795b02fdc7/datanode-2/data/containers/hdds
2019-11-13 20:34:35,059 [main] INFO  impl.RaftServerProxy (ConfUtils.java:logGet(43)) - raft.rpc.type = GRPC (default)
2019-11-13 20:34:35,059 [main] INFO  grpc.GrpcFactory (GrpcFactory.java:checkPooledByteBufAllocatorUseCacheForAllThreads(45)) - PERFORMANCE WARNING: useCacheForAllThreads is true that may cause Netty to create a lot garbage objects and, as a result, trigger GC.
	It is recommended to disable useCacheForAllThreads by setting -Dorg.apache.ratis.thirdparty.io.netty.allocator.useCacheForAllThreads=false in command line.
2019-11-13 20:34:35,060 [main] INFO  grpc.GrpcConfigKeys$Server (ConfUtils.java:logGet(43)) - raft.grpc.server.port = 0 (default)
2019-11-13 20:34:35,060 [main] INFO  server.GrpcService (ConfUtils.java:logGet(43)) - raft.grpc.message.size.max = 33570816 (custom)
2019-11-13 20:34:35,060 [main] INFO  server.RaftServerConfigKeys (ConfUtils.java:logGet(43)) - raft.server.log.appender.buffer.byte-limit = 33554432 (custom)
2019-11-13 20:34:35,060 [main] INFO  server.GrpcService (ConfUtils.java:logGet(43)) - raft.grpc.flow.control.window = 1MB (=1048576) (default)
2019-11-13 20:34:35,060 [main] INFO  server.RaftServerConfigKeys (ConfUtils.java:logGet(43)) - raft.server.rpc.request.timeout = 3000ms (default)
2019-11-13 20:34:35,061 [main] INFO  server.RaftServerConfigKeys (ConfUtils.java:logGet(43)) - raft.server.storage.dir = [/workdir/hadoop-ozone/integration-test/target/test-dir/MiniOzoneClusterImpl-e028e34c-e788-4356-b3c1-17795b02fdc7/datanode-2/data/ratis] (custom)
2019-11-13 20:34:35,062 [main] INFO  hdfs.DFSUtil (DFSUtil.java:httpServerTemplateForNNAndJN(1641)) - Starting Web-server for hddsDatanode at: http://0.0.0.0:0
2019-11-13 20:34:35,063 [main] INFO  server.AuthenticationFilter (AuthenticationFilter.java:constructSecretProvider(240)) - Unable to initialize FileSignerSecretProvider, falling back to use random secrets.
2019-11-13 20:34:35,064 [main] WARN  http.HttpRequestLog (HttpRequestLog.java:getRequestLog(97)) - Jetty request log can only be enabled using Log4j
2019-11-13 20:34:35,065 [main] INFO  http.HttpServer2 (HttpServer2.java:addGlobalFilter(975)) - Added global filter 'safety' (class=org.apache.hadoop.http.HttpServer2$QuotingInputFilter)
2019-11-13 20:34:35,066 [main] INFO  http.HttpServer2 (HttpServer2.java:addFilter(948)) - Added filter static_user_filter (class=org.apache.hadoop.http.lib.StaticUserWebFilter$StaticUserFilter) to context hddsDatanode
2019-11-13 20:34:35,066 [main] INFO  http.HttpServer2 (HttpServer2.java:addFilter(958)) - Added filter static_user_filter (class=org.apache.hadoop.http.lib.StaticUserWebFilter$StaticUserFilter) to context static
2019-11-13 20:34:35,066 [main] INFO  http.HttpServer2 (HttpServer2.java:addFilter(958)) - Added filter static_user_filter (class=org.apache.hadoop.http.lib.StaticUserWebFilter$StaticUserFilter) to context logs
2019-11-13 20:34:35,067 [main] INFO  http.HttpServer2 (HttpServer2.java:bindListener(1191)) - Jetty bound to port 37965
2019-11-13 20:34:35,067 [main] INFO  server.Server (Server.java:doStart(351)) - jetty-9.3.25.v20180904, build timestamp: 2018-09-04T21:11:46Z, git hash: 3ce520221d0240229c862b122d2b06c12a625732
2019-11-13 20:34:35,068 [main] INFO  handler.ContextHandler (ContextHandler.java:doStart(781)) - Started o.e.j.s.ServletContextHandler@36d33f4{/logs,file:///workdir/hadoop-ozone/integration-test/target/log,AVAILABLE}
2019-11-13 20:34:35,069 [main] INFO  handler.ContextHandler (ContextHandler.java:doStart(781)) - Started o.e.j.s.ServletContextHandler@7c5d1d25{/static,jar:file:/home/user/.m2/repository/org/apache/hadoop/hadoop-hdds-container-service/0.5.0-SNAPSHOT/hadoop-hdds-container-service-0.5.0-SNAPSHOT.jar!/webapps/static,AVAILABLE}
2019-11-13 20:34:35,098 [main] INFO  handler.ContextHandler (ContextHandler.java:doStart(781)) - Started o.e.j.w.WebAppContext@18a19e{/,file:///tmp/jetty-0.0.0.0-37965-hddsDatanode-_-any-7711456328912117189.dir/webapp/,AVAILABLE}{/hddsDatanode}
2019-11-13 20:34:35,098 [main] INFO  server.AbstractConnector (AbstractConnector.java:doStart(278)) - Started ServerConnector@60a7e509{HTTP/1.1,[http/1.1]}{0.0.0.0:37965}
2019-11-13 20:34:35,099 [main] INFO  server.Server (Server.java:doStart(419)) - Started @90104ms
2019-11-13 20:34:35,100 [main] WARN  impl.MetricsSystemImpl (MetricsSystemImpl.java:register(276)) - Sink prometheus already exists!
2019-11-13 20:34:35,100 [main] INFO  server.BaseHttpServer (BaseHttpServer.java:updateConnectorAddress(215)) - HTTP server of HDDSDATANODE is listening at http://0.0.0.0:37965
2019-11-13 20:34:35,101 [main] INFO  impl.MetricsSystemImpl (MetricsSystemImpl.java:init(158)) - HddsDatanode metrics system started (again)
2019-11-13 20:34:35,103 [org.apache.hadoop.util.JvmPauseMonitor$Monitor@1e1936a1] INFO  util.JvmPauseMonitor (JvmPauseMonitor.java:run(188)) - Starting JVM pause monitor
2019-11-13 20:34:35,103 [main] INFO  ozone.HddsDatanodeService (HddsDatanodeService.java:start(186)) - HddsDatanodeService host:pr-hdds-2470-fxbl9-3826649461 ip:192.168.34.20
2019-11-13 20:34:35,104 [Datanode State Machine Thread - 0] INFO  datanode.InitDatanodeState (InitDatanodeState.java:persistContainerDatanodeDetails(140)) - DatanodeDetails is persisted to /workdir/hadoop-ozone/integration-test/target/test-dir/MiniOzoneClusterImpl-e028e34c-e788-4356-b3c1-17795b02fdc7/datanode-2/meta/datanode.id
2019-11-13 20:34:35,108 [main] INFO  volume.HddsVolume (HddsVolume.java:<init>(176)) - Creating Volume: /workdir/hadoop-ozone/integration-test/target/test-dir/MiniOzoneClusterImpl-e028e34c-e788-4356-b3c1-17795b02fdc7/datanode-3/data/containers/hdds of  storage type : DISK and capacity : 1482555576320
2019-11-13 20:34:35,108 [main] INFO  volume.VolumeSet (VolumeSet.java:initializeVolumeSet(170)) - Added Volume : /workdir/hadoop-ozone/integration-test/target/test-dir/MiniOzoneClusterImpl-e028e34c-e788-4356-b3c1-17795b02fdc7/datanode-3/data/containers/hdds to VolumeSet
2019-11-13 20:34:35,109 [main] INFO  volume.ThrottledAsyncChecker (ThrottledAsyncChecker.java:schedule(141)) - Scheduling a check for /workdir/hadoop-ozone/integration-test/target/test-dir/MiniOzoneClusterImpl-e028e34c-e788-4356-b3c1-17795b02fdc7/datanode-3/data/containers/hdds
2019-11-13 20:34:35,109 [main] INFO  volume.HddsVolumeChecker (HddsVolumeChecker.java:checkAllVolumes(204)) - Scheduled health check for volume /workdir/hadoop-ozone/integration-test/target/test-dir/MiniOzoneClusterImpl-e028e34c-e788-4356-b3c1-17795b02fdc7/datanode-3/data/containers/hdds
2019-11-13 20:34:35,121 [main] INFO  impl.RaftServerProxy (ConfUtils.java:logGet(43)) - raft.rpc.type = GRPC (default)
2019-11-13 20:34:35,121 [main] INFO  grpc.GrpcFactory (GrpcFactory.java:checkPooledByteBufAllocatorUseCacheForAllThreads(45)) - PERFORMANCE WARNING: useCacheForAllThreads is true that may cause Netty to create a lot garbage objects and, as a result, trigger GC.
	It is recommended to disable useCacheForAllThreads by setting -Dorg.apache.ratis.thirdparty.io.netty.allocator.useCacheForAllThreads=false in command line.
2019-11-13 20:34:35,121 [main] INFO  grpc.GrpcConfigKeys$Server (ConfUtils.java:logGet(43)) - raft.grpc.server.port = 0 (default)
2019-11-13 20:34:35,121 [main] INFO  server.GrpcService (ConfUtils.java:logGet(43)) - raft.grpc.message.size.max = 33570816 (custom)
2019-11-13 20:34:35,121 [main] INFO  server.RaftServerConfigKeys (ConfUtils.java:logGet(43)) - raft.server.log.appender.buffer.byte-limit = 33554432 (custom)
2019-11-13 20:34:35,121 [main] INFO  server.GrpcService (ConfUtils.java:logGet(43)) - raft.grpc.flow.control.window = 1MB (=1048576) (default)
2019-11-13 20:34:35,122 [main] INFO  server.RaftServerConfigKeys (ConfUtils.java:logGet(43)) - raft.server.rpc.request.timeout = 3000ms (default)
2019-11-13 20:34:35,122 [main] INFO  server.RaftServerConfigKeys (ConfUtils.java:logGet(43)) - raft.server.storage.dir = [/workdir/hadoop-ozone/integration-test/target/test-dir/MiniOzoneClusterImpl-e028e34c-e788-4356-b3c1-17795b02fdc7/datanode-3/data/ratis] (custom)
2019-11-13 20:34:35,123 [main] INFO  hdfs.DFSUtil (DFSUtil.java:httpServerTemplateForNNAndJN(1641)) - Starting Web-server for hddsDatanode at: http://0.0.0.0:0
2019-11-13 20:34:35,124 [main] INFO  server.AuthenticationFilter (AuthenticationFilter.java:constructSecretProvider(240)) - Unable to initialize FileSignerSecretProvider, falling back to use random secrets.
2019-11-13 20:34:35,124 [main] WARN  http.HttpRequestLog (HttpRequestLog.java:getRequestLog(97)) - Jetty request log can only be enabled using Log4j
2019-11-13 20:34:35,126 [main] INFO  http.HttpServer2 (HttpServer2.java:addGlobalFilter(975)) - Added global filter 'safety' (class=org.apache.hadoop.http.HttpServer2$QuotingInputFilter)
2019-11-13 20:34:35,126 [main] INFO  http.HttpServer2 (HttpServer2.java:addFilter(948)) - Added filter static_user_filter (class=org.apache.hadoop.http.lib.StaticUserWebFilter$StaticUserFilter) to context hddsDatanode
2019-11-13 20:34:35,126 [main] INFO  http.HttpServer2 (HttpServer2.java:addFilter(958)) - Added filter static_user_filter (class=org.apache.hadoop.http.lib.StaticUserWebFilter$StaticUserFilter) to context logs
2019-11-13 20:34:35,126 [main] INFO  http.HttpServer2 (HttpServer2.java:addFilter(958)) - Added filter static_user_filter (class=org.apache.hadoop.http.lib.StaticUserWebFilter$StaticUserFilter) to context static
2019-11-13 20:34:35,127 [main] INFO  http.HttpServer2 (HttpServer2.java:bindListener(1191)) - Jetty bound to port 46847
2019-11-13 20:34:35,127 [main] INFO  server.Server (Server.java:doStart(351)) - jetty-9.3.25.v20180904, build timestamp: 2018-09-04T21:11:46Z, git hash: 3ce520221d0240229c862b122d2b06c12a625732
2019-11-13 20:34:35,128 [main] INFO  handler.ContextHandler (ContextHandler.java:doStart(781)) - Started o.e.j.s.ServletContextHandler@1d858300{/logs,file:///workdir/hadoop-ozone/integration-test/target/log,AVAILABLE}
2019-11-13 20:34:35,129 [main] INFO  handler.ContextHandler (ContextHandler.java:doStart(781)) - Started o.e.j.s.ServletContextHandler@6dd36ab6{/static,jar:file:/home/user/.m2/repository/org/apache/hadoop/hadoop-hdds-container-service/0.5.0-SNAPSHOT/hadoop-hdds-container-service-0.5.0-SNAPSHOT.jar!/webapps/static,AVAILABLE}
2019-11-13 20:34:35,158 [main] INFO  handler.ContextHandler (ContextHandler.java:doStart(781)) - Started o.e.j.w.WebAppContext@32bb0072{/,file:///tmp/jetty-0.0.0.0-46847-hddsDatanode-_-any-3345491079663273818.dir/webapp/,AVAILABLE}{/hddsDatanode}
2019-11-13 20:34:35,158 [main] INFO  server.AbstractConnector (AbstractConnector.java:doStart(278)) - Started ServerConnector@467233e4{HTTP/1.1,[http/1.1]}{0.0.0.0:46847}
2019-11-13 20:34:35,159 [main] INFO  server.Server (Server.java:doStart(419)) - Started @90164ms
2019-11-13 20:34:35,159 [main] WARN  impl.MetricsSystemImpl (MetricsSystemImpl.java:register(276)) - Sink prometheus already exists!
2019-11-13 20:34:35,160 [main] INFO  server.BaseHttpServer (BaseHttpServer.java:updateConnectorAddress(215)) - HTTP server of HDDSDATANODE is listening at http://0.0.0.0:46847
2019-11-13 20:34:35,160 [main] INFO  impl.MetricsSystemImpl (MetricsSystemImpl.java:init(158)) - HddsDatanode metrics system started (again)
2019-11-13 20:34:35,162 [main] INFO  ozone.HddsDatanodeService (HddsDatanodeService.java:start(186)) - HddsDatanodeService host:pr-hdds-2470-fxbl9-3826649461 ip:192.168.34.20
2019-11-13 20:34:35,163 [org.apache.hadoop.util.JvmPauseMonitor$Monitor@133f94f7] INFO  util.JvmPauseMonitor (JvmPauseMonitor.java:run(188)) - Starting JVM pause monitor
2019-11-13 20:34:35,164 [Datanode State Machine Thread - 0] INFO  datanode.InitDatanodeState (InitDatanodeState.java:persistContainerDatanodeDetails(140)) - DatanodeDetails is persisted to /workdir/hadoop-ozone/integration-test/target/test-dir/MiniOzoneClusterImpl-e028e34c-e788-4356-b3c1-17795b02fdc7/datanode-3/meta/datanode.id
2019-11-13 20:34:35,169 [main] INFO  volume.HddsVolume (HddsVolume.java:<init>(176)) - Creating Volume: /workdir/hadoop-ozone/integration-test/target/test-dir/MiniOzoneClusterImpl-e028e34c-e788-4356-b3c1-17795b02fdc7/datanode-4/data/containers/hdds of  storage type : DISK and capacity : 1482555576320
2019-11-13 20:34:35,169 [main] INFO  volume.VolumeSet (VolumeSet.java:initializeVolumeSet(170)) - Added Volume : /workdir/hadoop-ozone/integration-test/target/test-dir/MiniOzoneClusterImpl-e028e34c-e788-4356-b3c1-17795b02fdc7/datanode-4/data/containers/hdds to VolumeSet
2019-11-13 20:34:35,169 [main] INFO  volume.ThrottledAsyncChecker (ThrottledAsyncChecker.java:schedule(141)) - Scheduling a check for /workdir/hadoop-ozone/integration-test/target/test-dir/MiniOzoneClusterImpl-e028e34c-e788-4356-b3c1-17795b02fdc7/datanode-4/data/containers/hdds
2019-11-13 20:34:35,170 [main] INFO  volume.HddsVolumeChecker (HddsVolumeChecker.java:checkAllVolumes(204)) - Scheduled health check for volume /workdir/hadoop-ozone/integration-test/target/test-dir/MiniOzoneClusterImpl-e028e34c-e788-4356-b3c1-17795b02fdc7/datanode-4/data/containers/hdds
2019-11-13 20:34:35,189 [main] INFO  impl.RaftServerProxy (ConfUtils.java:logGet(43)) - raft.rpc.type = GRPC (default)
2019-11-13 20:34:35,189 [main] INFO  grpc.GrpcFactory (GrpcFactory.java:checkPooledByteBufAllocatorUseCacheForAllThreads(45)) - PERFORMANCE WARNING: useCacheForAllThreads is true that may cause Netty to create a lot garbage objects and, as a result, trigger GC.
	It is recommended to disable useCacheForAllThreads by setting -Dorg.apache.ratis.thirdparty.io.netty.allocator.useCacheForAllThreads=false in command line.
2019-11-13 20:34:35,189 [main] INFO  grpc.GrpcConfigKeys$Server (ConfUtils.java:logGet(43)) - raft.grpc.server.port = 0 (default)
2019-11-13 20:34:35,189 [main] INFO  server.GrpcService (ConfUtils.java:logGet(43)) - raft.grpc.message.size.max = 33570816 (custom)
2019-11-13 20:34:35,189 [main] INFO  server.RaftServerConfigKeys (ConfUtils.java:logGet(43)) - raft.server.log.appender.buffer.byte-limit = 33554432 (custom)
2019-11-13 20:34:35,190 [main] INFO  server.GrpcService (ConfUtils.java:logGet(43)) - raft.grpc.flow.control.window = 1MB (=1048576) (default)
2019-11-13 20:34:35,190 [main] INFO  server.RaftServerConfigKeys (ConfUtils.java:logGet(43)) - raft.server.rpc.request.timeout = 3000ms (default)
2019-11-13 20:34:35,190 [main] INFO  server.RaftServerConfigKeys (ConfUtils.java:logGet(43)) - raft.server.storage.dir = [/workdir/hadoop-ozone/integration-test/target/test-dir/MiniOzoneClusterImpl-e028e34c-e788-4356-b3c1-17795b02fdc7/datanode-4/data/ratis] (custom)
2019-11-13 20:34:35,192 [main] INFO  hdfs.DFSUtil (DFSUtil.java:httpServerTemplateForNNAndJN(1641)) - Starting Web-server for hddsDatanode at: http://0.0.0.0:0
2019-11-13 20:34:35,193 [main] INFO  server.AuthenticationFilter (AuthenticationFilter.java:constructSecretProvider(240)) - Unable to initialize FileSignerSecretProvider, falling back to use random secrets.
2019-11-13 20:34:35,194 [main] WARN  http.HttpRequestLog (HttpRequestLog.java:getRequestLog(97)) - Jetty request log can only be enabled using Log4j
2019-11-13 20:34:35,195 [main] INFO  http.HttpServer2 (HttpServer2.java:addGlobalFilter(975)) - Added global filter 'safety' (class=org.apache.hadoop.http.HttpServer2$QuotingInputFilter)
2019-11-13 20:34:35,195 [main] INFO  http.HttpServer2 (HttpServer2.java:addFilter(948)) - Added filter static_user_filter (class=org.apache.hadoop.http.lib.StaticUserWebFilter$StaticUserFilter) to context hddsDatanode
2019-11-13 20:34:35,195 [main] INFO  http.HttpServer2 (HttpServer2.java:addFilter(958)) - Added filter static_user_filter (class=org.apache.hadoop.http.lib.StaticUserWebFilter$StaticUserFilter) to context logs
2019-11-13 20:34:35,196 [main] INFO  http.HttpServer2 (HttpServer2.java:addFilter(958)) - Added filter static_user_filter (class=org.apache.hadoop.http.lib.StaticUserWebFilter$StaticUserFilter) to context static
2019-11-13 20:34:35,196 [main] INFO  http.HttpServer2 (HttpServer2.java:bindListener(1191)) - Jetty bound to port 42538
2019-11-13 20:34:35,196 [main] INFO  server.Server (Server.java:doStart(351)) - jetty-9.3.25.v20180904, build timestamp: 2018-09-04T21:11:46Z, git hash: 3ce520221d0240229c862b122d2b06c12a625732
2019-11-13 20:34:35,198 [main] INFO  handler.ContextHandler (ContextHandler.java:doStart(781)) - Started o.e.j.s.ServletContextHandler@3e05586b{/logs,file:///workdir/hadoop-ozone/integration-test/target/log,AVAILABLE}
2019-11-13 20:34:35,198 [main] INFO  handler.ContextHandler (ContextHandler.java:doStart(781)) - Started o.e.j.s.ServletContextHandler@45545e7a{/static,jar:file:/home/user/.m2/repository/org/apache/hadoop/hadoop-hdds-container-service/0.5.0-SNAPSHOT/hadoop-hdds-container-service-0.5.0-SNAPSHOT.jar!/webapps/static,AVAILABLE}
2019-11-13 20:34:35,236 [main] INFO  handler.ContextHandler (ContextHandler.java:doStart(781)) - Started o.e.j.w.WebAppContext@65afeb6d{/,file:///tmp/jetty-0.0.0.0-42538-hddsDatanode-_-any-6060444555893654030.dir/webapp/,AVAILABLE}{/hddsDatanode}
2019-11-13 20:34:35,237 [main] INFO  server.AbstractConnector (AbstractConnector.java:doStart(278)) - Started ServerConnector@6723610b{HTTP/1.1,[http/1.1]}{0.0.0.0:42538}
2019-11-13 20:34:35,238 [main] INFO  server.Server (Server.java:doStart(419)) - Started @90243ms
2019-11-13 20:34:35,238 [main] WARN  impl.MetricsSystemImpl (MetricsSystemImpl.java:register(276)) - Sink prometheus already exists!
2019-11-13 20:34:35,239 [main] INFO  server.BaseHttpServer (BaseHttpServer.java:updateConnectorAddress(215)) - HTTP server of HDDSDATANODE is listening at http://0.0.0.0:42538
2019-11-13 20:34:35,239 [main] INFO  impl.MetricsSystemImpl (MetricsSystemImpl.java:init(158)) - HddsDatanode metrics system started (again)
2019-11-13 20:34:35,242 [main] INFO  ozone.HddsDatanodeService (HddsDatanodeService.java:start(186)) - HddsDatanodeService host:pr-hdds-2470-fxbl9-3826649461 ip:192.168.34.20
2019-11-13 20:34:35,242 [org.apache.hadoop.util.JvmPauseMonitor$Monitor@6ce1ece8] INFO  util.JvmPauseMonitor (JvmPauseMonitor.java:run(188)) - Starting JVM pause monitor
2019-11-13 20:34:35,244 [Datanode State Machine Thread - 0] INFO  datanode.InitDatanodeState (InitDatanodeState.java:persistContainerDatanodeDetails(140)) - DatanodeDetails is persisted to /workdir/hadoop-ozone/integration-test/target/test-dir/MiniOzoneClusterImpl-e028e34c-e788-4356-b3c1-17795b02fdc7/datanode-4/meta/datanode.id
2019-11-13 20:34:35,248 [main] INFO  volume.HddsVolume (HddsVolume.java:<init>(176)) - Creating Volume: /workdir/hadoop-ozone/integration-test/target/test-dir/MiniOzoneClusterImpl-e028e34c-e788-4356-b3c1-17795b02fdc7/datanode-5/data/containers/hdds of  storage type : DISK and capacity : 1482555576320
2019-11-13 20:34:35,248 [main] INFO  volume.VolumeSet (VolumeSet.java:initializeVolumeSet(170)) - Added Volume : /workdir/hadoop-ozone/integration-test/target/test-dir/MiniOzoneClusterImpl-e028e34c-e788-4356-b3c1-17795b02fdc7/datanode-5/data/containers/hdds to VolumeSet
2019-11-13 20:34:35,248 [main] INFO  volume.ThrottledAsyncChecker (ThrottledAsyncChecker.java:schedule(141)) - Scheduling a check for /workdir/hadoop-ozone/integration-test/target/test-dir/MiniOzoneClusterImpl-e028e34c-e788-4356-b3c1-17795b02fdc7/datanode-5/data/containers/hdds
2019-11-13 20:34:35,249 [main] INFO  volume.HddsVolumeChecker (HddsVolumeChecker.java:checkAllVolumes(204)) - Scheduled health check for volume /workdir/hadoop-ozone/integration-test/target/test-dir/MiniOzoneClusterImpl-e028e34c-e788-4356-b3c1-17795b02fdc7/datanode-5/data/containers/hdds
2019-11-13 20:34:35,260 [main] INFO  impl.RaftServerProxy (ConfUtils.java:logGet(43)) - raft.rpc.type = GRPC (default)
2019-11-13 20:34:35,260 [main] INFO  grpc.GrpcFactory (GrpcFactory.java:checkPooledByteBufAllocatorUseCacheForAllThreads(45)) - PERFORMANCE WARNING: useCacheForAllThreads is true that may cause Netty to create a lot garbage objects and, as a result, trigger GC.
	It is recommended to disable useCacheForAllThreads by setting -Dorg.apache.ratis.thirdparty.io.netty.allocator.useCacheForAllThreads=false in command line.
2019-11-13 20:34:35,260 [main] INFO  grpc.GrpcConfigKeys$Server (ConfUtils.java:logGet(43)) - raft.grpc.server.port = 0 (default)
2019-11-13 20:34:35,260 [main] INFO  server.GrpcService (ConfUtils.java:logGet(43)) - raft.grpc.message.size.max = 33570816 (custom)
2019-11-13 20:34:35,260 [main] INFO  server.RaftServerConfigKeys (ConfUtils.java:logGet(43)) - raft.server.log.appender.buffer.byte-limit = 33554432 (custom)
2019-11-13 20:34:35,261 [main] INFO  server.GrpcService (ConfUtils.java:logGet(43)) - raft.grpc.flow.control.window = 1MB (=1048576) (default)
2019-11-13 20:34:35,261 [main] INFO  server.RaftServerConfigKeys (ConfUtils.java:logGet(43)) - raft.server.rpc.request.timeout = 3000ms (default)
2019-11-13 20:34:35,261 [main] INFO  server.RaftServerConfigKeys (ConfUtils.java:logGet(43)) - raft.server.storage.dir = [/workdir/hadoop-ozone/integration-test/target/test-dir/MiniOzoneClusterImpl-e028e34c-e788-4356-b3c1-17795b02fdc7/datanode-5/data/ratis] (custom)
2019-11-13 20:34:35,263 [main] INFO  hdfs.DFSUtil (DFSUtil.java:httpServerTemplateForNNAndJN(1641)) - Starting Web-server for hddsDatanode at: http://0.0.0.0:0
2019-11-13 20:34:35,264 [main] INFO  server.AuthenticationFilter (AuthenticationFilter.java:constructSecretProvider(240)) - Unable to initialize FileSignerSecretProvider, falling back to use random secrets.
2019-11-13 20:34:35,264 [main] WARN  http.HttpRequestLog (HttpRequestLog.java:getRequestLog(97)) - Jetty request log can only be enabled using Log4j
2019-11-13 20:34:35,265 [main] INFO  http.HttpServer2 (HttpServer2.java:addGlobalFilter(975)) - Added global filter 'safety' (class=org.apache.hadoop.http.HttpServer2$QuotingInputFilter)
2019-11-13 20:34:35,266 [main] INFO  http.HttpServer2 (HttpServer2.java:addFilter(948)) - Added filter static_user_filter (class=org.apache.hadoop.http.lib.StaticUserWebFilter$StaticUserFilter) to context hddsDatanode
2019-11-13 20:34:35,266 [main] INFO  http.HttpServer2 (HttpServer2.java:addFilter(958)) - Added filter static_user_filter (class=org.apache.hadoop.http.lib.StaticUserWebFilter$StaticUserFilter) to context logs
2019-11-13 20:34:35,266 [main] INFO  http.HttpServer2 (HttpServer2.java:addFilter(958)) - Added filter static_user_filter (class=org.apache.hadoop.http.lib.StaticUserWebFilter$StaticUserFilter) to context static
2019-11-13 20:34:35,267 [main] INFO  http.HttpServer2 (HttpServer2.java:bindListener(1191)) - Jetty bound to port 44626
2019-11-13 20:34:35,267 [main] INFO  server.Server (Server.java:doStart(351)) - jetty-9.3.25.v20180904, build timestamp: 2018-09-04T21:11:46Z, git hash: 3ce520221d0240229c862b122d2b06c12a625732
2019-11-13 20:34:35,268 [main] INFO  handler.ContextHandler (ContextHandler.java:doStart(781)) - Started o.e.j.s.ServletContextHandler@5f5827d0{/logs,file:///workdir/hadoop-ozone/integration-test/target/log,AVAILABLE}
2019-11-13 20:34:35,268 [main] INFO  handler.ContextHandler (ContextHandler.java:doStart(781)) - Started o.e.j.s.ServletContextHandler@4337afd{/static,jar:file:/home/user/.m2/repository/org/apache/hadoop/hadoop-hdds-container-service/0.5.0-SNAPSHOT/hadoop-hdds-container-service-0.5.0-SNAPSHOT.jar!/webapps/static,AVAILABLE}
2019-11-13 20:34:35,293 [main] INFO  handler.ContextHandler (ContextHandler.java:doStart(781)) - Started o.e.j.w.WebAppContext@6e31d989{/,file:///tmp/jetty-0.0.0.0-44626-hddsDatanode-_-any-6709887549958533962.dir/webapp/,AVAILABLE}{/hddsDatanode}
2019-11-13 20:34:35,293 [main] INFO  server.AbstractConnector (AbstractConnector.java:doStart(278)) - Started ServerConnector@1b01a0d{HTTP/1.1,[http/1.1]}{0.0.0.0:44626}
2019-11-13 20:34:35,294 [main] INFO  server.Server (Server.java:doStart(419)) - Started @90299ms
2019-11-13 20:34:35,294 [main] WARN  impl.MetricsSystemImpl (MetricsSystemImpl.java:register(276)) - Sink prometheus already exists!
2019-11-13 20:34:35,295 [main] INFO  server.BaseHttpServer (BaseHttpServer.java:updateConnectorAddress(215)) - HTTP server of HDDSDATANODE is listening at http://0.0.0.0:44626
2019-11-13 20:34:35,295 [main] INFO  ozone.MiniOzoneClusterImpl (MiniOzoneClusterImpl.java:lambda$waitForClusterToBeReady$2(171)) - Waiting for cluster to be ready. Got 0 of 6 DN Heartbeats.
2019-11-13 20:34:35,296 [org.apache.hadoop.util.JvmPauseMonitor$Monitor@4d2214b8] INFO  util.JvmPauseMonitor (JvmPauseMonitor.java:run(188)) - Starting JVM pause monitor
2019-11-13 20:34:35,300 [Datanode State Machine Thread - 0] INFO  datanode.InitDatanodeState (InitDatanodeState.java:persistContainerDatanodeDetails(140)) - DatanodeDetails is persisted to /workdir/hadoop-ozone/integration-test/target/test-dir/MiniOzoneClusterImpl-e028e34c-e788-4356-b3c1-17795b02fdc7/datanode-5/meta/datanode.id
2019-11-13 20:34:36,295 [main] INFO  ozone.MiniOzoneClusterImpl (MiniOzoneClusterImpl.java:lambda$waitForClusterToBeReady$2(171)) - Waiting for cluster to be ready. Got 0 of 6 DN Heartbeats.
2019-11-13 20:34:36,973 [Datanode State Machine Thread - 0] INFO  ozoneimpl.OzoneContainer (OzoneContainer.java:start(230)) - Attempting to start container services.
2019-11-13 20:34:36,973 [Datanode State Machine Thread - 0] INFO  ozoneimpl.OzoneContainer (OzoneContainer.java:startContainerScrub(194)) - Background container scanner has been disabled.
2019-11-13 20:34:36,974 [Datanode State Machine Thread - 0] INFO  ratis.XceiverServerRatis (XceiverServerRatis.java:start(421)) - Starting XceiverServerRatis a396b6da-9b4a-4217-b353-472b7d1ddb56 at port 0
2019-11-13 20:34:36,981 [Datanode State Machine Thread - 0] INFO  impl.RaftServerProxy (RaftServerProxy.java:lambda$start$3(299)) - a396b6da-9b4a-4217-b353-472b7d1ddb56: start RPC server
2019-11-13 20:34:36,984 [Datanode State Machine Thread - 0] INFO  server.GrpcService (GrpcService.java:startImpl(158)) - a396b6da-9b4a-4217-b353-472b7d1ddb56: GrpcService started, listening on 0.0.0.0/0.0.0.0:32811
2019-11-13 20:34:36,984 [Datanode State Machine Thread - 0] INFO  ratis.XceiverServerRatis (XceiverServerRatis.java:start(431)) - XceiverServerRatis a396b6da-9b4a-4217-b353-472b7d1ddb56 is started using port 32811
2019-11-13 20:34:36,986 [Datanode State Machine Thread - 0] INFO  server.XceiverServerGrpc (XceiverServerGrpc.java:start(145)) - XceiverServerGrpc a396b6da-9b4a-4217-b353-472b7d1ddb56 is started using port 44400
2019-11-13 20:34:37,067 [Datanode State Machine Thread - 0] INFO  ozoneimpl.OzoneContainer (OzoneContainer.java:start(230)) - Attempting to start container services.
2019-11-13 20:34:37,068 [Datanode State Machine Thread - 0] INFO  ozoneimpl.OzoneContainer (OzoneContainer.java:startContainerScrub(194)) - Background container scanner has been disabled.
2019-11-13 20:34:37,068 [Datanode State Machine Thread - 0] INFO  ratis.XceiverServerRatis (XceiverServerRatis.java:start(421)) - Starting XceiverServerRatis 83ff406b-cc24-4672-8ad4-94afba27c25e at port 0
2019-11-13 20:34:37,074 [Datanode State Machine Thread - 0] INFO  impl.RaftServerProxy (RaftServerProxy.java:lambda$start$3(299)) - 83ff406b-cc24-4672-8ad4-94afba27c25e: start RPC server
2019-11-13 20:34:37,075 [Datanode State Machine Thread - 0] INFO  server.GrpcService (GrpcService.java:startImpl(158)) - 83ff406b-cc24-4672-8ad4-94afba27c25e: GrpcService started, listening on 0.0.0.0/0.0.0.0:34460
2019-11-13 20:34:37,075 [Datanode State Machine Thread - 0] INFO  ratis.XceiverServerRatis (XceiverServerRatis.java:start(431)) - XceiverServerRatis 83ff406b-cc24-4672-8ad4-94afba27c25e is started using port 34460
2019-11-13 20:34:37,076 [Datanode State Machine Thread - 0] INFO  server.XceiverServerGrpc (XceiverServerGrpc.java:start(145)) - XceiverServerGrpc 83ff406b-cc24-4672-8ad4-94afba27c25e is started using port 43571
2019-11-13 20:34:37,117 [Datanode State Machine Thread - 0] INFO  ozoneimpl.OzoneContainer (OzoneContainer.java:start(230)) - Attempting to start container services.
2019-11-13 20:34:37,117 [Datanode State Machine Thread - 0] INFO  ozoneimpl.OzoneContainer (OzoneContainer.java:startContainerScrub(194)) - Background container scanner has been disabled.
2019-11-13 20:34:37,117 [Datanode State Machine Thread - 0] INFO  ratis.XceiverServerRatis (XceiverServerRatis.java:start(421)) - Starting XceiverServerRatis d06fab63-d4ff-4606-9904-3a8389ab2cb6 at port 0
2019-11-13 20:34:37,125 [Datanode State Machine Thread - 0] INFO  impl.RaftServerProxy (RaftServerProxy.java:lambda$start$3(299)) - d06fab63-d4ff-4606-9904-3a8389ab2cb6: start RPC server
2019-11-13 20:34:37,126 [Datanode State Machine Thread - 0] INFO  server.GrpcService (GrpcService.java:startImpl(158)) - d06fab63-d4ff-4606-9904-3a8389ab2cb6: GrpcService started, listening on 0.0.0.0/0.0.0.0:46247
2019-11-13 20:34:37,126 [Datanode State Machine Thread - 0] INFO  ratis.XceiverServerRatis (XceiverServerRatis.java:start(431)) - XceiverServerRatis d06fab63-d4ff-4606-9904-3a8389ab2cb6 is started using port 46247
2019-11-13 20:34:37,126 [Datanode State Machine Thread - 0] INFO  server.XceiverServerGrpc (XceiverServerGrpc.java:start(145)) - XceiverServerGrpc d06fab63-d4ff-4606-9904-3a8389ab2cb6 is started using port 44858
2019-11-13 20:34:37,177 [Datanode State Machine Thread - 0] INFO  ozoneimpl.OzoneContainer (OzoneContainer.java:start(230)) - Attempting to start container services.
2019-11-13 20:34:37,177 [Datanode State Machine Thread - 0] INFO  ozoneimpl.OzoneContainer (OzoneContainer.java:startContainerScrub(194)) - Background container scanner has been disabled.
2019-11-13 20:34:37,177 [Datanode State Machine Thread - 0] INFO  ratis.XceiverServerRatis (XceiverServerRatis.java:start(421)) - Starting XceiverServerRatis 5947ecff-de41-4703-8b6b-2a362119c64b at port 0
2019-11-13 20:34:37,185 [Datanode State Machine Thread - 0] INFO  impl.RaftServerProxy (RaftServerProxy.java:lambda$start$3(299)) - 5947ecff-de41-4703-8b6b-2a362119c64b: start RPC server
2019-11-13 20:34:37,186 [Datanode State Machine Thread - 0] INFO  server.GrpcService (GrpcService.java:startImpl(158)) - 5947ecff-de41-4703-8b6b-2a362119c64b: GrpcService started, listening on 0.0.0.0/0.0.0.0:35116
2019-11-13 20:34:37,186 [Datanode State Machine Thread - 0] INFO  ratis.XceiverServerRatis (XceiverServerRatis.java:start(431)) - XceiverServerRatis 5947ecff-de41-4703-8b6b-2a362119c64b is started using port 35116
2019-11-13 20:34:37,186 [Datanode State Machine Thread - 0] INFO  server.XceiverServerGrpc (XceiverServerGrpc.java:start(145)) - XceiverServerGrpc 5947ecff-de41-4703-8b6b-2a362119c64b is started using port 37647
2019-11-13 20:34:37,250 [Datanode State Machine Thread - 0] INFO  ozoneimpl.OzoneContainer (OzoneContainer.java:start(230)) - Attempting to start container services.
2019-11-13 20:34:37,251 [Datanode State Machine Thread - 0] INFO  ozoneimpl.OzoneContainer (OzoneContainer.java:startContainerScrub(194)) - Background container scanner has been disabled.
2019-11-13 20:34:37,251 [Datanode State Machine Thread - 0] INFO  ratis.XceiverServerRatis (XceiverServerRatis.java:start(421)) - Starting XceiverServerRatis f7edbf2f-fbe3-4411-b014-7a92b8f685a2 at port 0
2019-11-13 20:34:37,257 [Datanode State Machine Thread - 0] INFO  impl.RaftServerProxy (RaftServerProxy.java:lambda$start$3(299)) - f7edbf2f-fbe3-4411-b014-7a92b8f685a2: start RPC server
2019-11-13 20:34:37,258 [Datanode State Machine Thread - 0] INFO  server.GrpcService (GrpcService.java:startImpl(158)) - f7edbf2f-fbe3-4411-b014-7a92b8f685a2: GrpcService started, listening on 0.0.0.0/0.0.0.0:37057
2019-11-13 20:34:37,258 [Datanode State Machine Thread - 0] INFO  ratis.XceiverServerRatis (XceiverServerRatis.java:start(431)) - XceiverServerRatis f7edbf2f-fbe3-4411-b014-7a92b8f685a2 is started using port 37057
2019-11-13 20:34:37,258 [Datanode State Machine Thread - 0] INFO  server.XceiverServerGrpc (XceiverServerGrpc.java:start(145)) - XceiverServerGrpc f7edbf2f-fbe3-4411-b014-7a92b8f685a2 is started using port 43440
2019-11-13 20:34:37,296 [main] INFO  ozone.MiniOzoneClusterImpl (MiniOzoneClusterImpl.java:lambda$waitForClusterToBeReady$2(171)) - Waiting for cluster to be ready. Got 0 of 6 DN Heartbeats.
2019-11-13 20:34:37,311 [Datanode State Machine Thread - 0] INFO  ozoneimpl.OzoneContainer (OzoneContainer.java:start(230)) - Attempting to start container services.
2019-11-13 20:34:37,311 [Datanode State Machine Thread - 0] INFO  ozoneimpl.OzoneContainer (OzoneContainer.java:startContainerScrub(194)) - Background container scanner has been disabled.
2019-11-13 20:34:37,311 [Datanode State Machine Thread - 0] INFO  ratis.XceiverServerRatis (XceiverServerRatis.java:start(421)) - Starting XceiverServerRatis 5fef94be-3335-41aa-8a3e-dfaf501cab3b at port 0
2019-11-13 20:34:37,319 [Datanode State Machine Thread - 0] INFO  impl.RaftServerProxy (RaftServerProxy.java:lambda$start$3(299)) - 5fef94be-3335-41aa-8a3e-dfaf501cab3b: start RPC server
2019-11-13 20:34:37,320 [Datanode State Machine Thread - 0] INFO  server.GrpcService (GrpcService.java:startImpl(158)) - 5fef94be-3335-41aa-8a3e-dfaf501cab3b: GrpcService started, listening on 0.0.0.0/0.0.0.0:43483
2019-11-13 20:34:37,320 [Datanode State Machine Thread - 0] INFO  ratis.XceiverServerRatis (XceiverServerRatis.java:start(431)) - XceiverServerRatis 5fef94be-3335-41aa-8a3e-dfaf501cab3b is started using port 43483
2019-11-13 20:34:37,320 [Datanode State Machine Thread - 0] INFO  server.XceiverServerGrpc (XceiverServerGrpc.java:start(145)) - XceiverServerGrpc 5fef94be-3335-41aa-8a3e-dfaf501cab3b is started using port 45801
2019-11-13 20:34:38,297 [main] INFO  ozone.MiniOzoneClusterImpl (MiniOzoneClusterImpl.java:lambda$waitForClusterToBeReady$2(171)) - Waiting for cluster to be ready. Got 0 of 6 DN Heartbeats.
2019-11-13 20:34:38,958 [IPC Server handler 0 on 34838] INFO  net.NetworkTopology (NetworkTopologyImpl.java:add(111)) - Added a new node: /default-rack/a396b6da-9b4a-4217-b353-472b7d1ddb56
2019-11-13 20:34:38,960 [IPC Server handler 0 on 34838] INFO  node.SCMNodeManager (SCMNodeManager.java:register(267)) - Registered Data node : a396b6da-9b4a-4217-b353-472b7d1ddb56{ip: 192.168.34.20, host: pr-hdds-2470-fxbl9-3826649461, networkLocation: /default-rack, certSerialId: null}
2019-11-13 20:34:38,961 [EventQueue-NodeRegistrationContainerReportForDataNodeSafeModeRule] INFO  safemode.SCMSafeModeManager (DataNodeSafeModeRule.java:process(71)) - SCM in safe mode. 1 DataNodes registered, 1 required.
2019-11-13 20:34:38,963 [EventQueue-NodeRegistrationContainerReportForDataNodeSafeModeRule] INFO  safemode.SCMSafeModeManager (SCMSafeModeManager.java:validateSafeModeExitRules(177)) - ScmSafeModeManager, all rules are successfully validated
2019-11-13 20:34:38,963 [EventQueue-NodeRegistrationContainerReportForDataNodeSafeModeRule] INFO  safemode.SCMSafeModeManager (SCMSafeModeManager.java:exitSafeMode(193)) - SCM exiting safe mode.
2019-11-13 20:34:38,977 [grpc-default-executor-5] INFO  impl.RaftServerProxy (RaftServerProxy.java:addNew(89)) - a396b6da-9b4a-4217-b353-472b7d1ddb56: addNew group-A578082086B2:[a396b6da-9b4a-4217-b353-472b7d1ddb56:192.168.34.20:32811] returns group-A578082086B2:java.util.concurrent.CompletableFuture@3a615199[Not completed]
2019-11-13 20:34:38,981 [pool-153-thread-1] INFO  impl.RaftServerImpl (RaftServerImpl.java:<init>(98)) - a396b6da-9b4a-4217-b353-472b7d1ddb56: new RaftServerImpl for group-A578082086B2:[a396b6da-9b4a-4217-b353-472b7d1ddb56:192.168.34.20:32811] with ContainerStateMachine:uninitialized
2019-11-13 20:34:38,981 [pool-153-thread-1] INFO  server.RaftServerConfigKeys (ConfUtils.java:logGet(43)) - raft.server.rpc.timeout.min = 1s (custom)
2019-11-13 20:34:38,981 [pool-153-thread-1] INFO  server.RaftServerConfigKeys (ConfUtils.java:logGet(43)) - raft.server.rpc.timeout.max = 1200ms (custom)
2019-11-13 20:34:38,981 [pool-153-thread-1] INFO  server.RaftServerConfigKeys (ConfUtils.java:logGet(43)) - raft.server.rpcslowness.timeout = 120s (custom)
2019-11-13 20:34:38,981 [pool-153-thread-1] INFO  server.RaftServerConfigKeys (ConfUtils.java:logGet(43)) - raft.server.sleep.deviation.threshold = 300 (default)
2019-11-13 20:34:38,982 [pool-153-thread-1] INFO  server.RaftServerConfigKeys (ConfUtils.java:logGet(43)) - raft.server.log.appender.install.snapshot.enabled = false (custom)
2019-11-13 20:34:38,982 [pool-153-thread-1] INFO  impl.RaftServerImpl (ServerState.java:<init>(103)) - a396b6da-9b4a-4217-b353-472b7d1ddb56@group-A578082086B2: ConfigurationManager, init=-1: [a396b6da-9b4a-4217-b353-472b7d1ddb56:192.168.34.20:32811], old=null, confs=<EMPTY_MAP>
2019-11-13 20:34:38,982 [pool-153-thread-1] INFO  server.RaftServerConfigKeys (ConfUtils.java:logGet(43)) - raft.server.storage.dir = [/workdir/hadoop-ozone/integration-test/target/test-dir/MiniOzoneClusterImpl-e028e34c-e788-4356-b3c1-17795b02fdc7/datanode-0/data/ratis] (custom)
2019-11-13 20:34:38,983 [pool-153-thread-1] INFO  server.RaftServerConfigKeys (ConfUtils.java:logGet(43)) - raft.server.log.corruption.policy = EXCEPTION (default)
2019-11-13 20:34:38,983 [pool-153-thread-1] INFO  storage.RaftStorageDirectory (RaftStorageDirectory.java:analyzeStorage(246)) - The storage directory /workdir/hadoop-ozone/integration-test/target/test-dir/MiniOzoneClusterImpl-e028e34c-e788-4356-b3c1-17795b02fdc7/datanode-0/data/ratis/13bfc5f7-8138-4d9b-8326-a578082086b2 does not exist. Creating ...
2019-11-13 20:34:38,998 [pool-153-thread-1] INFO  storage.RaftStorageDirectory (RaftStorageDirectory.java:tryLock(328)) - Lock on /workdir/hadoop-ozone/integration-test/target/test-dir/MiniOzoneClusterImpl-e028e34c-e788-4356-b3c1-17795b02fdc7/datanode-0/data/ratis/13bfc5f7-8138-4d9b-8326-a578082086b2/in_use.lock acquired by nodename 30323@pr-hdds-2470-fxbl9-3826649461
2019-11-13 20:34:39,011 [pool-153-thread-1] INFO  storage.RaftStorage (RaftStorage.java:format(84)) - Storage directory /workdir/hadoop-ozone/integration-test/target/test-dir/MiniOzoneClusterImpl-e028e34c-e788-4356-b3c1-17795b02fdc7/datanode-0/data/ratis/13bfc5f7-8138-4d9b-8326-a578082086b2 has been successfully formatted.
2019-11-13 20:34:39,011 [pool-153-thread-1] INFO  ratis.ContainerStateMachine (ContainerStateMachine.java:loadSnapshot(223)) - group-A578082086B2: The snapshot info is null. Setting the last applied indexto:(t:0, i:~)
2019-11-13 20:34:39,011 [pool-153-thread-1] INFO  server.RaftServerConfigKeys (ConfUtils.java:logGet(43)) - raft.server.notification.no-leader.timeout = 120s (custom)
2019-11-13 20:34:39,012 [pool-153-thread-1] INFO  server.RaftServerConfigKeys (ConfUtils.java:logGet(43)) - raft.server.log.use.memory = false (default)
2019-11-13 20:34:39,012 [pool-153-thread-1] INFO  server.RaftServerConfigKeys (ConfUtils.java:logGet(43)) - raft.server.log.purge.gap = 1000000 (custom)
2019-11-13 20:34:39,012 [pool-153-thread-1] INFO  server.RaftServerConfigKeys (ConfUtils.java:logGet(43)) - raft.server.log.appender.buffer.byte-limit = 33554432 (custom)
2019-11-13 20:34:39,012 [pool-153-thread-1] INFO  server.RaftServerConfigKeys (ConfUtils.java:logGet(43)) - raft.server.log.segment.size.max = 1048576 (custom)
2019-11-13 20:34:39,012 [pool-153-thread-1] WARN  impl.MetricRegistriesImpl (MetricRegistriesImpl.java:lambda$create$1(61)) - First MetricRegistry has been created without registering reporters. You may need to call MetricRegistries.global().addReportRegistration(...) before.
2019-11-13 20:34:39,013 [pool-153-thread-1] INFO  server.RaftServerConfigKeys (ConfUtils.java:logGet(43)) - raft.server.log.segment.cache.num.max = 2 (custom)
2019-11-13 20:34:39,013 [pool-153-thread-1] INFO  segmented.SegmentedRaftLogWorker (SegmentedRaftLogWorker.java:<init>(173)) - new a396b6da-9b4a-4217-b353-472b7d1ddb56@group-A578082086B2-SegmentedRaftLogWorker for RaftStorage:Storage Directory /workdir/hadoop-ozone/integration-test/target/test-dir/MiniOzoneClusterImpl-e028e34c-e788-4356-b3c1-17795b02fdc7/datanode-0/data/ratis/13bfc5f7-8138-4d9b-8326-a578082086b2
2019-11-13 20:34:39,013 [pool-153-thread-1] INFO  server.RaftServerConfigKeys (ConfUtils.java:logGet(43)) - raft.server.log.queue.byte-limit = 2147483647 (custom)
2019-11-13 20:34:39,013 [pool-153-thread-1] INFO  server.RaftServerConfigKeys (ConfUtils.java:logGet(43)) - raft.server.log.queue.element-limit = 1024 (custom)
2019-11-13 20:34:39,013 [pool-153-thread-1] INFO  server.RaftServerConfigKeys (ConfUtils.java:logGet(43)) - raft.server.log.segment.size.max = 1048576 (custom)
2019-11-13 20:34:39,013 [pool-153-thread-1] INFO  server.RaftServerConfigKeys (ConfUtils.java:logGet(43)) - raft.server.log.preallocated.size = 16384 (custom)
2019-11-13 20:34:39,013 [pool-153-thread-1] INFO  server.RaftServerConfigKeys (ConfUtils.java:logGet(43)) - raft.server.log.write.buffer.size = 33554432 (custom)
2019-11-13 20:34:39,014 [pool-153-thread-1] INFO  server.RaftServerConfigKeys (ConfUtils.java:logGet(43)) - raft.server.log.force.sync.num = 128 (default)
2019-11-13 20:34:39,014 [pool-153-thread-1] INFO  server.RaftServerConfigKeys (ConfUtils.java:logGet(43)) - raft.server.log.statemachine.data.sync = true (default)
2019-11-13 20:34:39,014 [pool-153-thread-1] INFO  server.RaftServerConfigKeys (ConfUtils.java:logGet(43)) - raft.server.log.statemachine.data.sync.timeout = 10s (default)
2019-11-13 20:34:39,014 [pool-153-thread-1] INFO  server.RaftServerConfigKeys (ConfUtils.java:logGet(43)) - raft.server.log.statemachine.data.sync.timeout.retry = -1 (default)
2019-11-13 20:34:39,014 [pool-153-thread-1] INFO  server.RaftServerConfigKeys (ConfUtils.java:logGet(43)) - raft.server.log.statemachine.data.caching.enabled = true (custom)
2019-11-13 20:34:39,015 [pool-153-thread-1] INFO  segmented.SegmentedRaftLogWorker (SegmentedRaftLogWorker.java:lambda$new$0(128)) - a396b6da-9b4a-4217-b353-472b7d1ddb56@group-A578082086B2-SegmentedRaftLogWorker: flushIndex: setUnconditionally 0 -> -1
2019-11-13 20:34:39,015 [pool-153-thread-1] INFO  server.RaftServerConfigKeys (ConfUtils.java:logGet(43)) - raft.server.snapshot.auto.trigger.enabled = true (custom)
2019-11-13 20:34:39,015 [pool-153-thread-1] INFO  server.RaftServerConfigKeys (ConfUtils.java:logGet(43)) - raft.server.snapshot.auto.trigger.threshold = 10000 (custom)
2019-11-13 20:34:39,015 [pool-153-thread-1] INFO  server.RaftServerConfigKeys (ConfUtils.java:logGet(43)) - raft.server.snapshot.retention.file.num = 5 (custom)
2019-11-13 20:34:39,016 [pool-153-thread-1] INFO  server.RaftServerConfigKeys (ConfUtils.java:logGet(43)) - raft.server.retrycache.expirytime = 600000ms (custom)
2019-11-13 20:34:39,016 [pool-153-thread-1] WARN  impl.MetricRegistriesImpl (MetricRegistriesImpl.java:lambda$create$1(61)) - First MetricRegistry has been created without registering reporters. You may need to call MetricRegistries.global().addReportRegistration(...) before.
2019-11-13 20:34:39,016 [pool-153-thread-1] WARN  impl.MetricRegistriesImpl (MetricRegistriesImpl.java:lambda$create$1(61)) - First MetricRegistry has been created without registering reporters. You may need to call MetricRegistries.global().addReportRegistration(...) before.
2019-11-13 20:34:39,016 [pool-153-thread-1] INFO  impl.RaftServerImpl (RaftServerImpl.java:start(184)) - a396b6da-9b4a-4217-b353-472b7d1ddb56@group-A578082086B2: start as a follower, conf=-1: [a396b6da-9b4a-4217-b353-472b7d1ddb56:192.168.34.20:32811], old=null
2019-11-13 20:34:39,017 [pool-153-thread-1] INFO  impl.RaftServerImpl (RaftServerImpl.java:setRole(173)) - a396b6da-9b4a-4217-b353-472b7d1ddb56@group-A578082086B2: changes role from      null to FOLLOWER at term 0 for startAsFollower
2019-11-13 20:34:39,017 [pool-153-thread-1] INFO  impl.RoleInfo (RoleInfo.java:updateAndGet(143)) - a396b6da-9b4a-4217-b353-472b7d1ddb56: start FollowerState
2019-11-13 20:34:39,018 [pool-153-thread-1] INFO  util.JmxRegister (JmxRegister.java:tryRegister(44)) - Successfully registered JMX Bean with object name Ratis:service=RaftServer,group=group-A578082086B2,id=a396b6da-9b4a-4217-b353-472b7d1ddb56
2019-11-13 20:34:39,018 [pool-153-thread-1] WARN  impl.MetricRegistriesImpl (MetricRegistriesImpl.java:lambda$create$1(61)) - First MetricRegistry has been created without registering reporters. You may need to call MetricRegistries.global().addReportRegistration(...) before.
2019-11-13 20:34:39,022 [RatisPipelineUtilsThread] INFO  pipeline.PipelineStateManager (PipelineStateManager.java:addPipeline(55)) - Created pipeline Pipeline[ Id: 13bfc5f7-8138-4d9b-8326-a578082086b2, Nodes: a396b6da-9b4a-4217-b353-472b7d1ddb56{ip: 192.168.34.20, host: pr-hdds-2470-fxbl9-3826649461, networkLocation: /default-rack, certSerialId: null}, Type:RATIS, Factor:ONE, State:ALLOCATED]
2019-11-13 20:34:39,041 [IPC Server handler 1 on 34838] INFO  net.NetworkTopology (NetworkTopologyImpl.java:add(111)) - Added a new node: /default-rack/83ff406b-cc24-4672-8ad4-94afba27c25e
2019-11-13 20:34:39,041 [IPC Server handler 1 on 34838] INFO  node.SCMNodeManager (SCMNodeManager.java:register(267)) - Registered Data node : 83ff406b-cc24-4672-8ad4-94afba27c25e{ip: 192.168.34.20, host: pr-hdds-2470-fxbl9-3826649461, networkLocation: /default-rack, certSerialId: null}
2019-11-13 20:34:39,047 [grpc-default-executor-5] INFO  impl.RaftServerProxy (RaftServerProxy.java:addNew(89)) - 83ff406b-cc24-4672-8ad4-94afba27c25e: addNew group-5D705440D967:[83ff406b-cc24-4672-8ad4-94afba27c25e:192.168.34.20:34460] returns group-5D705440D967:java.util.concurrent.CompletableFuture@3e03e393[Not completed]
2019-11-13 20:34:39,049 [pool-163-thread-1] INFO  impl.RaftServerImpl (RaftServerImpl.java:<init>(98)) - 83ff406b-cc24-4672-8ad4-94afba27c25e: new RaftServerImpl for group-5D705440D967:[83ff406b-cc24-4672-8ad4-94afba27c25e:192.168.34.20:34460] with ContainerStateMachine:uninitialized
2019-11-13 20:34:39,049 [pool-163-thread-1] INFO  server.RaftServerConfigKeys (ConfUtils.java:logGet(43)) - raft.server.rpc.timeout.min = 1s (custom)
2019-11-13 20:34:39,050 [pool-163-thread-1] INFO  server.RaftServerConfigKeys (ConfUtils.java:logGet(43)) - raft.server.rpc.timeout.max = 1200ms (custom)
2019-11-13 20:34:39,050 [pool-163-thread-1] INFO  server.RaftServerConfigKeys (ConfUtils.java:logGet(43)) - raft.server.rpcslowness.timeout = 120s (custom)
2019-11-13 20:34:39,050 [pool-163-thread-1] INFO  server.RaftServerConfigKeys (ConfUtils.java:logGet(43)) - raft.server.sleep.deviation.threshold = 300 (default)
2019-11-13 20:34:39,050 [pool-163-thread-1] INFO  server.RaftServerConfigKeys (ConfUtils.java:logGet(43)) - raft.server.log.appender.install.snapshot.enabled = false (custom)
2019-11-13 20:34:39,050 [pool-163-thread-1] INFO  impl.RaftServerImpl (ServerState.java:<init>(103)) - 83ff406b-cc24-4672-8ad4-94afba27c25e@group-5D705440D967: ConfigurationManager, init=-1: [83ff406b-cc24-4672-8ad4-94afba27c25e:192.168.34.20:34460], old=null, confs=<EMPTY_MAP>
2019-11-13 20:34:39,050 [pool-163-thread-1] INFO  server.RaftServerConfigKeys (ConfUtils.java:logGet(43)) - raft.server.storage.dir = [/workdir/hadoop-ozone/integration-test/target/test-dir/MiniOzoneClusterImpl-e028e34c-e788-4356-b3c1-17795b02fdc7/datanode-1/data/ratis] (custom)
2019-11-13 20:34:39,051 [pool-163-thread-1] INFO  server.RaftServerConfigKeys (ConfUtils.java:logGet(43)) - raft.server.log.corruption.policy = EXCEPTION (default)
2019-11-13 20:34:39,051 [pool-163-thread-1] INFO  storage.RaftStorageDirectory (RaftStorageDirectory.java:analyzeStorage(246)) - The storage directory /workdir/hadoop-ozone/integration-test/target/test-dir/MiniOzoneClusterImpl-e028e34c-e788-4356-b3c1-17795b02fdc7/datanode-1/data/ratis/1dd25861-a9e8-463d-b5d6-5d705440d967 does not exist. Creating ...
2019-11-13 20:34:39,065 [pool-163-thread-1] INFO  storage.RaftStorageDirectory (RaftStorageDirectory.java:tryLock(328)) - Lock on /workdir/hadoop-ozone/integration-test/target/test-dir/MiniOzoneClusterImpl-e028e34c-e788-4356-b3c1-17795b02fdc7/datanode-1/data/ratis/1dd25861-a9e8-463d-b5d6-5d705440d967/in_use.lock acquired by nodename 30323@pr-hdds-2470-fxbl9-3826649461
2019-11-13 20:34:39,078 [pool-163-thread-1] INFO  storage.RaftStorage (RaftStorage.java:format(84)) - Storage directory /workdir/hadoop-ozone/integration-test/target/test-dir/MiniOzoneClusterImpl-e028e34c-e788-4356-b3c1-17795b02fdc7/datanode-1/data/ratis/1dd25861-a9e8-463d-b5d6-5d705440d967 has been successfully formatted.
2019-11-13 20:34:39,078 [pool-163-thread-1] INFO  ratis.ContainerStateMachine (ContainerStateMachine.java:loadSnapshot(223)) - group-5D705440D967: The snapshot info is null. Setting the last applied indexto:(t:0, i:~)
2019-11-13 20:34:39,078 [pool-163-thread-1] INFO  server.RaftServerConfigKeys (ConfUtils.java:logGet(43)) - raft.server.notification.no-leader.timeout = 120s (custom)
2019-11-13 20:34:39,078 [pool-163-thread-1] INFO  server.RaftServerConfigKeys (ConfUtils.java:logGet(43)) - raft.server.log.use.memory = false (default)
2019-11-13 20:34:39,078 [pool-163-thread-1] INFO  server.RaftServerConfigKeys (ConfUtils.java:logGet(43)) - raft.server.log.purge.gap = 1000000 (custom)
2019-11-13 20:34:39,078 [pool-163-thread-1] INFO  server.RaftServerConfigKeys (ConfUtils.java:logGet(43)) - raft.server.log.appender.buffer.byte-limit = 33554432 (custom)
2019-11-13 20:34:39,078 [pool-163-thread-1] INFO  server.RaftServerConfigKeys (ConfUtils.java:logGet(43)) - raft.server.log.segment.size.max = 1048576 (custom)
2019-11-13 20:34:39,078 [pool-163-thread-1] WARN  impl.MetricRegistriesImpl (MetricRegistriesImpl.java:lambda$create$1(61)) - First MetricRegistry has been created without registering reporters. You may need to call MetricRegistries.global().addReportRegistration(...) before.
2019-11-13 20:34:39,079 [pool-163-thread-1] INFO  server.RaftServerConfigKeys (ConfUtils.java:logGet(43)) - raft.server.log.segment.cache.num.max = 2 (custom)
2019-11-13 20:34:39,079 [pool-163-thread-1] INFO  segmented.SegmentedRaftLogWorker (SegmentedRaftLogWorker.java:<init>(173)) - new 83ff406b-cc24-4672-8ad4-94afba27c25e@group-5D705440D967-SegmentedRaftLogWorker for RaftStorage:Storage Directory /workdir/hadoop-ozone/integration-test/target/test-dir/MiniOzoneClusterImpl-e028e34c-e788-4356-b3c1-17795b02fdc7/datanode-1/data/ratis/1dd25861-a9e8-463d-b5d6-5d705440d967
2019-11-13 20:34:39,079 [pool-163-thread-1] INFO  server.RaftServerConfigKeys (ConfUtils.java:logGet(43)) - raft.server.log.queue.byte-limit = 2147483647 (custom)
2019-11-13 20:34:39,079 [pool-163-thread-1] INFO  server.RaftServerConfigKeys (ConfUtils.java:logGet(43)) - raft.server.log.queue.element-limit = 1024 (custom)
2019-11-13 20:34:39,079 [pool-163-thread-1] INFO  server.RaftServerConfigKeys (ConfUtils.java:logGet(43)) - raft.server.log.segment.size.max = 1048576 (custom)
2019-11-13 20:34:39,079 [pool-163-thread-1] INFO  server.RaftServerConfigKeys (ConfUtils.java:logGet(43)) - raft.server.log.preallocated.size = 16384 (custom)
2019-11-13 20:34:39,079 [pool-163-thread-1] INFO  server.RaftServerConfigKeys (ConfUtils.java:logGet(43)) - raft.server.log.write.buffer.size = 33554432 (custom)
2019-11-13 20:34:39,079 [pool-163-thread-1] INFO  server.RaftServerConfigKeys (ConfUtils.java:logGet(43)) - raft.server.log.force.sync.num = 128 (default)
2019-11-13 20:34:39,079 [pool-163-thread-1] INFO  server.RaftServerConfigKeys (ConfUtils.java:logGet(43)) - raft.server.log.statemachine.data.sync = true (default)
2019-11-13 20:34:39,079 [pool-163-thread-1] INFO  server.RaftServerConfigKeys (ConfUtils.java:logGet(43)) - raft.server.log.statemachine.data.sync.timeout = 10s (default)
2019-11-13 20:34:39,079 [pool-163-thread-1] INFO  server.RaftServerConfigKeys (ConfUtils.java:logGet(43)) - raft.server.log.statemachine.data.sync.timeout.retry = -1 (default)
2019-11-13 20:34:39,080 [pool-163-thread-1] INFO  server.RaftServerConfigKeys (ConfUtils.java:logGet(43)) - raft.server.log.statemachine.data.caching.enabled = true (custom)
2019-11-13 20:34:39,080 [pool-163-thread-1] INFO  segmented.SegmentedRaftLogWorker (SegmentedRaftLogWorker.java:lambda$new$0(128)) - 83ff406b-cc24-4672-8ad4-94afba27c25e@group-5D705440D967-SegmentedRaftLogWorker: flushIndex: setUnconditionally 0 -> -1
2019-11-13 20:34:39,080 [pool-163-thread-1] INFO  server.RaftServerConfigKeys (ConfUtils.java:logGet(43)) - raft.server.snapshot.auto.trigger.enabled = true (custom)
2019-11-13 20:34:39,080 [pool-163-thread-1] INFO  server.RaftServerConfigKeys (ConfUtils.java:logGet(43)) - raft.server.snapshot.auto.trigger.threshold = 10000 (custom)
2019-11-13 20:34:39,080 [pool-163-thread-1] INFO  server.RaftServerConfigKeys (ConfUtils.java:logGet(43)) - raft.server.snapshot.retention.file.num = 5 (custom)
2019-11-13 20:34:39,081 [pool-163-thread-1] INFO  server.RaftServerConfigKeys (ConfUtils.java:logGet(43)) - raft.server.retrycache.expirytime = 600000ms (custom)
2019-11-13 20:34:39,081 [pool-163-thread-1] WARN  impl.MetricRegistriesImpl (MetricRegistriesImpl.java:lambda$create$1(61)) - First MetricRegistry has been created without registering reporters. You may need to call MetricRegistries.global().addReportRegistration(...) before.
2019-11-13 20:34:39,081 [pool-163-thread-1] WARN  impl.MetricRegistriesImpl (MetricRegistriesImpl.java:lambda$create$1(61)) - First MetricRegistry has been created without registering reporters. You may need to call MetricRegistries.global().addReportRegistration(...) before.
2019-11-13 20:34:39,081 [pool-163-thread-1] INFO  impl.RaftServerImpl (RaftServerImpl.java:start(184)) - 83ff406b-cc24-4672-8ad4-94afba27c25e@group-5D705440D967: start as a follower, conf=-1: [83ff406b-cc24-4672-8ad4-94afba27c25e:192.168.34.20:34460], old=null
2019-11-13 20:34:39,081 [pool-163-thread-1] INFO  impl.RaftServerImpl (RaftServerImpl.java:setRole(173)) - 83ff406b-cc24-4672-8ad4-94afba27c25e@group-5D705440D967: changes role from      null to FOLLOWER at term 0 for startAsFollower
2019-11-13 20:34:39,081 [pool-163-thread-1] INFO  impl.RoleInfo (RoleInfo.java:updateAndGet(143)) - 83ff406b-cc24-4672-8ad4-94afba27c25e: start FollowerState
2019-11-13 20:34:39,082 [pool-163-thread-1] INFO  util.JmxRegister (JmxRegister.java:tryRegister(44)) - Successfully registered JMX Bean with object name Ratis:service=RaftServer,group=group-5D705440D967,id=83ff406b-cc24-4672-8ad4-94afba27c25e
2019-11-13 20:34:39,082 [pool-163-thread-1] WARN  impl.MetricRegistriesImpl (MetricRegistriesImpl.java:lambda$create$1(61)) - First MetricRegistry has been created without registering reporters. You may need to call MetricRegistries.global().addReportRegistration(...) before.
2019-11-13 20:34:39,084 [RatisPipelineUtilsThread] INFO  pipeline.PipelineStateManager (PipelineStateManager.java:addPipeline(55)) - Created pipeline Pipeline[ Id: 1dd25861-a9e8-463d-b5d6-5d705440d967, Nodes: 83ff406b-cc24-4672-8ad4-94afba27c25e{ip: 192.168.34.20, host: pr-hdds-2470-fxbl9-3826649461, networkLocation: /default-rack, certSerialId: null}, Type:RATIS, Factor:ONE, State:ALLOCATED]
2019-11-13 20:34:39,104 [IPC Server handler 2 on 34838] INFO  net.NetworkTopology (NetworkTopologyImpl.java:add(111)) - Added a new node: /default-rack/d06fab63-d4ff-4606-9904-3a8389ab2cb6
2019-11-13 20:34:39,104 [IPC Server handler 2 on 34838] INFO  node.SCMNodeManager (SCMNodeManager.java:register(267)) - Registered Data node : d06fab63-d4ff-4606-9904-3a8389ab2cb6{ip: 192.168.34.20, host: pr-hdds-2470-fxbl9-3826649461, networkLocation: /default-rack, certSerialId: null}
2019-11-13 20:34:39,111 [grpc-default-executor-5] INFO  impl.RaftServerProxy (RaftServerProxy.java:addNew(89)) - d06fab63-d4ff-4606-9904-3a8389ab2cb6: addNew group-A4E364CA6C92:[d06fab63-d4ff-4606-9904-3a8389ab2cb6:192.168.34.20:46247] returns group-A4E364CA6C92:java.util.concurrent.CompletableFuture@7eb71942[Not completed]
2019-11-13 20:34:39,112 [pool-173-thread-1] INFO  impl.RaftServerImpl (RaftServerImpl.java:<init>(98)) - d06fab63-d4ff-4606-9904-3a8389ab2cb6: new RaftServerImpl for group-A4E364CA6C92:[d06fab63-d4ff-4606-9904-3a8389ab2cb6:192.168.34.20:46247] with ContainerStateMachine:uninitialized
2019-11-13 20:34:39,112 [pool-173-thread-1] INFO  server.RaftServerConfigKeys (ConfUtils.java:logGet(43)) - raft.server.rpc.timeout.min = 1s (custom)
2019-11-13 20:34:39,113 [pool-173-thread-1] INFO  server.RaftServerConfigKeys (ConfUtils.java:logGet(43)) - raft.server.rpc.timeout.max = 1200ms (custom)
2019-11-13 20:34:39,113 [pool-173-thread-1] INFO  server.RaftServerConfigKeys (ConfUtils.java:logGet(43)) - raft.server.rpcslowness.timeout = 120s (custom)
2019-11-13 20:34:39,113 [pool-173-thread-1] INFO  server.RaftServerConfigKeys (ConfUtils.java:logGet(43)) - raft.server.sleep.deviation.threshold = 300 (default)
2019-11-13 20:34:39,113 [pool-173-thread-1] INFO  server.RaftServerConfigKeys (ConfUtils.java:logGet(43)) - raft.server.log.appender.install.snapshot.enabled = false (custom)
2019-11-13 20:34:39,113 [pool-173-thread-1] INFO  impl.RaftServerImpl (ServerState.java:<init>(103)) - d06fab63-d4ff-4606-9904-3a8389ab2cb6@group-A4E364CA6C92: ConfigurationManager, init=-1: [d06fab63-d4ff-4606-9904-3a8389ab2cb6:192.168.34.20:46247], old=null, confs=<EMPTY_MAP>
2019-11-13 20:34:39,113 [pool-173-thread-1] INFO  server.RaftServerConfigKeys (ConfUtils.java:logGet(43)) - raft.server.storage.dir = [/workdir/hadoop-ozone/integration-test/target/test-dir/MiniOzoneClusterImpl-e028e34c-e788-4356-b3c1-17795b02fdc7/datanode-2/data/ratis] (custom)
2019-11-13 20:34:39,114 [pool-173-thread-1] INFO  server.RaftServerConfigKeys (ConfUtils.java:logGet(43)) - raft.server.log.corruption.policy = EXCEPTION (default)
2019-11-13 20:34:39,114 [pool-173-thread-1] INFO  storage.RaftStorageDirectory (RaftStorageDirectory.java:analyzeStorage(246)) - The storage directory /workdir/hadoop-ozone/integration-test/target/test-dir/MiniOzoneClusterImpl-e028e34c-e788-4356-b3c1-17795b02fdc7/datanode-2/data/ratis/28300904-87a1-4585-9f5c-a4e364ca6c92 does not exist. Creating ...
2019-11-13 20:34:39,127 [pool-173-thread-1] INFO  storage.RaftStorageDirectory (RaftStorageDirectory.java:tryLock(328)) - Lock on /workdir/hadoop-ozone/integration-test/target/test-dir/MiniOzoneClusterImpl-e028e34c-e788-4356-b3c1-17795b02fdc7/datanode-2/data/ratis/28300904-87a1-4585-9f5c-a4e364ca6c92/in_use.lock acquired by nodename 30323@pr-hdds-2470-fxbl9-3826649461
2019-11-13 20:34:39,140 [pool-173-thread-1] INFO  storage.RaftStorage (RaftStorage.java:format(84)) - Storage directory /workdir/hadoop-ozone/integration-test/target/test-dir/MiniOzoneClusterImpl-e028e34c-e788-4356-b3c1-17795b02fdc7/datanode-2/data/ratis/28300904-87a1-4585-9f5c-a4e364ca6c92 has been successfully formatted.
2019-11-13 20:34:39,140 [pool-173-thread-1] INFO  ratis.ContainerStateMachine (ContainerStateMachine.java:loadSnapshot(223)) - group-A4E364CA6C92: The snapshot info is null. Setting the last applied indexto:(t:0, i:~)
2019-11-13 20:34:39,140 [pool-173-thread-1] INFO  server.RaftServerConfigKeys (ConfUtils.java:logGet(43)) - raft.server.notification.no-leader.timeout = 120s (custom)
2019-11-13 20:34:39,140 [pool-173-thread-1] INFO  server.RaftServerConfigKeys (ConfUtils.java:logGet(43)) - raft.server.log.use.memory = false (default)
2019-11-13 20:34:39,140 [pool-173-thread-1] INFO  server.RaftServerConfigKeys (ConfUtils.java:logGet(43)) - raft.server.log.purge.gap = 1000000 (custom)
2019-11-13 20:34:39,140 [pool-173-thread-1] INFO  server.RaftServerConfigKeys (ConfUtils.java:logGet(43)) - raft.server.log.appender.buffer.byte-limit = 33554432 (custom)
2019-11-13 20:34:39,141 [pool-173-thread-1] INFO  server.RaftServerConfigKeys (ConfUtils.java:logGet(43)) - raft.server.log.segment.size.max = 1048576 (custom)
2019-11-13 20:34:39,141 [pool-173-thread-1] WARN  impl.MetricRegistriesImpl (MetricRegistriesImpl.java:lambda$create$1(61)) - First MetricRegistry has been created without registering reporters. You may need to call MetricRegistries.global().addReportRegistration(...) before.
2019-11-13 20:34:39,141 [pool-173-thread-1] INFO  server.RaftServerConfigKeys (ConfUtils.java:logGet(43)) - raft.server.log.segment.cache.num.max = 2 (custom)
2019-11-13 20:34:39,141 [pool-173-thread-1] INFO  segmented.SegmentedRaftLogWorker (SegmentedRaftLogWorker.java:<init>(173)) - new d06fab63-d4ff-4606-9904-3a8389ab2cb6@group-A4E364CA6C92-SegmentedRaftLogWorker for RaftStorage:Storage Directory /workdir/hadoop-ozone/integration-test/target/test-dir/MiniOzoneClusterImpl-e028e34c-e788-4356-b3c1-17795b02fdc7/datanode-2/data/ratis/28300904-87a1-4585-9f5c-a4e364ca6c92
2019-11-13 20:34:39,141 [pool-173-thread-1] INFO  server.RaftServerConfigKeys (ConfUtils.java:logGet(43)) - raft.server.log.queue.byte-limit = 2147483647 (custom)
2019-11-13 20:34:39,141 [pool-173-thread-1] INFO  server.RaftServerConfigKeys (ConfUtils.java:logGet(43)) - raft.server.log.queue.element-limit = 1024 (custom)
2019-11-13 20:34:39,141 [pool-173-thread-1] INFO  server.RaftServerConfigKeys (ConfUtils.java:logGet(43)) - raft.server.log.segment.size.max = 1048576 (custom)
2019-11-13 20:34:39,141 [pool-173-thread-1] INFO  server.RaftServerConfigKeys (ConfUtils.java:logGet(43)) - raft.server.log.preallocated.size = 16384 (custom)
2019-11-13 20:34:39,142 [pool-173-thread-1] INFO  server.RaftServerConfigKeys (ConfUtils.java:logGet(43)) - raft.server.log.write.buffer.size = 33554432 (custom)
2019-11-13 20:34:39,142 [pool-173-thread-1] INFO  server.RaftServerConfigKeys (ConfUtils.java:logGet(43)) - raft.server.log.force.sync.num = 128 (default)
2019-11-13 20:34:39,142 [pool-173-thread-1] INFO  server.RaftServerConfigKeys (ConfUtils.java:logGet(43)) - raft.server.log.statemachine.data.sync = true (default)
2019-11-13 20:34:39,142 [pool-173-thread-1] INFO  server.RaftServerConfigKeys (ConfUtils.java:logGet(43)) - raft.server.log.statemachine.data.sync.timeout = 10s (default)
2019-11-13 20:34:39,142 [pool-173-thread-1] INFO  server.RaftServerConfigKeys (ConfUtils.java:logGet(43)) - raft.server.log.statemachine.data.sync.timeout.retry = -1 (default)
2019-11-13 20:34:39,142 [pool-173-thread-1] INFO  server.RaftServerConfigKeys (ConfUtils.java:logGet(43)) - raft.server.log.statemachine.data.caching.enabled = true (custom)
2019-11-13 20:34:39,143 [pool-173-thread-1] INFO  segmented.SegmentedRaftLogWorker (SegmentedRaftLogWorker.java:lambda$new$0(128)) - d06fab63-d4ff-4606-9904-3a8389ab2cb6@group-A4E364CA6C92-SegmentedRaftLogWorker: flushIndex: setUnconditionally 0 -> -1
2019-11-13 20:34:39,143 [pool-173-thread-1] INFO  server.RaftServerConfigKeys (ConfUtils.java:logGet(43)) - raft.server.snapshot.auto.trigger.enabled = true (custom)
2019-11-13 20:34:39,143 [pool-173-thread-1] INFO  server.RaftServerConfigKeys (ConfUtils.java:logGet(43)) - raft.server.snapshot.auto.trigger.threshold = 10000 (custom)
2019-11-13 20:34:39,143 [pool-173-thread-1] INFO  server.RaftServerConfigKeys (ConfUtils.java:logGet(43)) - raft.server.snapshot.retention.file.num = 5 (custom)
2019-11-13 20:34:39,143 [pool-173-thread-1] INFO  server.RaftServerConfigKeys (ConfUtils.java:logGet(43)) - raft.server.retrycache.expirytime = 600000ms (custom)
2019-11-13 20:34:39,143 [pool-173-thread-1] WARN  impl.MetricRegistriesImpl (MetricRegistriesImpl.java:lambda$create$1(61)) - First MetricRegistry has been created without registering reporters. You may need to call MetricRegistries.global().addReportRegistration(...) before.
2019-11-13 20:34:39,144 [pool-173-thread-1] WARN  impl.MetricRegistriesImpl (MetricRegistriesImpl.java:lambda$create$1(61)) - First MetricRegistry has been created without registering reporters. You may need to call MetricRegistries.global().addReportRegistration(...) before.
2019-11-13 20:34:39,144 [pool-173-thread-1] INFO  impl.RaftServerImpl (RaftServerImpl.java:start(184)) - d06fab63-d4ff-4606-9904-3a8389ab2cb6@group-A4E364CA6C92: start as a follower, conf=-1: [d06fab63-d4ff-4606-9904-3a8389ab2cb6:192.168.34.20:46247], old=null
2019-11-13 20:34:39,144 [pool-173-thread-1] INFO  impl.RaftServerImpl (RaftServerImpl.java:setRole(173)) - d06fab63-d4ff-4606-9904-3a8389ab2cb6@group-A4E364CA6C92: changes role from      null to FOLLOWER at term 0 for startAsFollower
2019-11-13 20:34:39,144 [pool-173-thread-1] INFO  impl.RoleInfo (RoleInfo.java:updateAndGet(143)) - d06fab63-d4ff-4606-9904-3a8389ab2cb6: start FollowerState
2019-11-13 20:34:39,144 [pool-173-thread-1] INFO  util.JmxRegister (JmxRegister.java:tryRegister(44)) - Successfully registered JMX Bean with object name Ratis:service=RaftServer,group=group-A4E364CA6C92,id=d06fab63-d4ff-4606-9904-3a8389ab2cb6
2019-11-13 20:34:39,145 [pool-173-thread-1] WARN  impl.MetricRegistriesImpl (MetricRegistriesImpl.java:lambda$create$1(61)) - First MetricRegistry has been created without registering reporters. You may need to call MetricRegistries.global().addReportRegistration(...) before.
2019-11-13 20:34:39,147 [RatisPipelineUtilsThread] INFO  pipeline.PipelineStateManager (PipelineStateManager.java:addPipeline(55)) - Created pipeline Pipeline[ Id: 28300904-87a1-4585-9f5c-a4e364ca6c92, Nodes: d06fab63-d4ff-4606-9904-3a8389ab2cb6{ip: 192.168.34.20, host: pr-hdds-2470-fxbl9-3826649461, networkLocation: /default-rack, certSerialId: null}, Type:RATIS, Factor:ONE, State:ALLOCATED]
2019-11-13 20:34:39,160 [grpc-default-executor-4] INFO  impl.RaftServerProxy (RaftServerProxy.java:addNew(89)) - 83ff406b-cc24-4672-8ad4-94afba27c25e: addNew group-6A2E57BA6FA5:[a396b6da-9b4a-4217-b353-472b7d1ddb56:192.168.34.20:32811, d06fab63-d4ff-4606-9904-3a8389ab2cb6:192.168.34.20:46247, 83ff406b-cc24-4672-8ad4-94afba27c25e:192.168.34.20:34460] returns group-6A2E57BA6FA5:java.util.concurrent.CompletableFuture@54cb3ce0[Not completed]
2019-11-13 20:34:39,161 [grpc-default-executor-4] INFO  impl.RaftServerProxy (RaftServerProxy.java:addNew(89)) - d06fab63-d4ff-4606-9904-3a8389ab2cb6: addNew group-6A2E57BA6FA5:[a396b6da-9b4a-4217-b353-472b7d1ddb56:192.168.34.20:32811, d06fab63-d4ff-4606-9904-3a8389ab2cb6:192.168.34.20:46247, 83ff406b-cc24-4672-8ad4-94afba27c25e:192.168.34.20:34460] returns group-6A2E57BA6FA5:java.util.concurrent.CompletableFuture@76040dca[Not completed]
2019-11-13 20:34:39,162 [pool-163-thread-1] INFO  impl.RaftServerImpl (RaftServerImpl.java:<init>(98)) - 83ff406b-cc24-4672-8ad4-94afba27c25e: new RaftServerImpl for group-6A2E57BA6FA5:[a396b6da-9b4a-4217-b353-472b7d1ddb56:192.168.34.20:32811, d06fab63-d4ff-4606-9904-3a8389ab2cb6:192.168.34.20:46247, 83ff406b-cc24-4672-8ad4-94afba27c25e:192.168.34.20:34460] with ContainerStateMachine:uninitialized
2019-11-13 20:34:39,162 [grpc-default-executor-4] INFO  impl.RaftServerProxy (RaftServerProxy.java:addNew(89)) - a396b6da-9b4a-4217-b353-472b7d1ddb56: addNew group-6A2E57BA6FA5:[a396b6da-9b4a-4217-b353-472b7d1ddb56:192.168.34.20:32811, d06fab63-d4ff-4606-9904-3a8389ab2cb6:192.168.34.20:46247, 83ff406b-cc24-4672-8ad4-94afba27c25e:192.168.34.20:34460] returns group-6A2E57BA6FA5:java.util.concurrent.CompletableFuture@38f49f65[Not completed]
2019-11-13 20:34:39,162 [pool-163-thread-1] INFO  server.RaftServerConfigKeys (ConfUtils.java:logGet(43)) - raft.server.rpc.timeout.min = 1s (custom)
2019-11-13 20:34:39,162 [pool-163-thread-1] INFO  server.RaftServerConfigKeys (ConfUtils.java:logGet(43)) - raft.server.rpc.timeout.max = 1200ms (custom)
2019-11-13 20:34:39,162 [pool-173-thread-1] INFO  impl.RaftServerImpl (RaftServerImpl.java:<init>(98)) - d06fab63-d4ff-4606-9904-3a8389ab2cb6: new RaftServerImpl for group-6A2E57BA6FA5:[a396b6da-9b4a-4217-b353-472b7d1ddb56:192.168.34.20:32811, d06fab63-d4ff-4606-9904-3a8389ab2cb6:192.168.34.20:46247, 83ff406b-cc24-4672-8ad4-94afba27c25e:192.168.34.20:34460] with ContainerStateMachine:uninitialized
2019-11-13 20:34:39,163 [pool-163-thread-1] INFO  server.RaftServerConfigKeys (ConfUtils.java:logGet(43)) - raft.server.rpcslowness.timeout = 120s (custom)
2019-11-13 20:34:39,163 [pool-173-thread-1] INFO  server.RaftServerConfigKeys (ConfUtils.java:logGet(43)) - raft.server.rpc.timeout.min = 1s (custom)
2019-11-13 20:34:39,163 [pool-163-thread-1] INFO  server.RaftServerConfigKeys (ConfUtils.java:logGet(43)) - raft.server.sleep.deviation.threshold = 300 (default)
2019-11-13 20:34:39,163 [pool-173-thread-1] INFO  server.RaftServerConfigKeys (ConfUtils.java:logGet(43)) - raft.server.rpc.timeout.max = 1200ms (custom)
2019-11-13 20:34:39,163 [pool-163-thread-1] INFO  server.RaftServerConfigKeys (ConfUtils.java:logGet(43)) - raft.server.log.appender.install.snapshot.enabled = false (custom)
2019-11-13 20:34:39,164 [pool-153-thread-1] INFO  impl.RaftServerImpl (RaftServerImpl.java:<init>(98)) - a396b6da-9b4a-4217-b353-472b7d1ddb56: new RaftServerImpl for group-6A2E57BA6FA5:[a396b6da-9b4a-4217-b353-472b7d1ddb56:192.168.34.20:32811, d06fab63-d4ff-4606-9904-3a8389ab2cb6:192.168.34.20:46247, 83ff406b-cc24-4672-8ad4-94afba27c25e:192.168.34.20:34460] with ContainerStateMachine:uninitialized
2019-11-13 20:34:39,163 [pool-173-thread-1] INFO  server.RaftServerConfigKeys (ConfUtils.java:logGet(43)) - raft.server.rpcslowness.timeout = 120s (custom)
2019-11-13 20:34:39,164 [pool-153-thread-1] INFO  server.RaftServerConfigKeys (ConfUtils.java:logGet(43)) - raft.server.rpc.timeout.min = 1s (custom)
2019-11-13 20:34:39,164 [pool-163-thread-1] INFO  impl.RaftServerImpl (ServerState.java:<init>(103)) - 83ff406b-cc24-4672-8ad4-94afba27c25e@group-6A2E57BA6FA5: ConfigurationManager, init=-1: [a396b6da-9b4a-4217-b353-472b7d1ddb56:192.168.34.20:32811, d06fab63-d4ff-4606-9904-3a8389ab2cb6:192.168.34.20:46247, 83ff406b-cc24-4672-8ad4-94afba27c25e:192.168.34.20:34460], old=null, confs=<EMPTY_MAP>
2019-11-13 20:34:39,164 [pool-163-thread-1] INFO  server.RaftServerConfigKeys (ConfUtils.java:logGet(43)) - raft.server.storage.dir = [/workdir/hadoop-ozone/integration-test/target/test-dir/MiniOzoneClusterImpl-e028e34c-e788-4356-b3c1-17795b02fdc7/datanode-1/data/ratis] (custom)
2019-11-13 20:34:39,165 [IPC Server handler 4 on 34838] INFO  net.NetworkTopology (NetworkTopologyImpl.java:add(111)) - Added a new node: /default-rack/5947ecff-de41-4703-8b6b-2a362119c64b
2019-11-13 20:34:39,165 [IPC Server handler 4 on 34838] INFO  node.SCMNodeManager (SCMNodeManager.java:register(267)) - Registered Data node : 5947ecff-de41-4703-8b6b-2a362119c64b{ip: 192.168.34.20, host: pr-hdds-2470-fxbl9-3826649461, networkLocation: /default-rack, certSerialId: null}
2019-11-13 20:34:39,164 [pool-153-thread-1] INFO  server.RaftServerConfigKeys (ConfUtils.java:logGet(43)) - raft.server.rpc.timeout.max = 1200ms (custom)
2019-11-13 20:34:39,164 [pool-173-thread-1] INFO  server.RaftServerConfigKeys (ConfUtils.java:logGet(43)) - raft.server.sleep.deviation.threshold = 300 (default)
2019-11-13 20:34:39,166 [pool-153-thread-1] INFO  server.RaftServerConfigKeys (ConfUtils.java:logGet(43)) - raft.server.rpcslowness.timeout = 120s (custom)
2019-11-13 20:34:39,165 [pool-163-thread-1] INFO  server.RaftServerConfigKeys (ConfUtils.java:logGet(43)) - raft.server.log.corruption.policy = EXCEPTION (default)
2019-11-13 20:34:39,167 [pool-153-thread-1] INFO  server.RaftServerConfigKeys (ConfUtils.java:logGet(43)) - raft.server.sleep.deviation.threshold = 300 (default)
2019-11-13 20:34:39,167 [pool-163-thread-1] INFO  storage.RaftStorageDirectory (RaftStorageDirectory.java:analyzeStorage(246)) - The storage directory /workdir/hadoop-ozone/integration-test/target/test-dir/MiniOzoneClusterImpl-e028e34c-e788-4356-b3c1-17795b02fdc7/datanode-1/data/ratis/be7e5f20-9345-4cc9-a545-6a2e57ba6fa5 does not exist. Creating ...
2019-11-13 20:34:39,167 [pool-173-thread-1] INFO  server.RaftServerConfigKeys (ConfUtils.java:logGet(43)) - raft.server.log.appender.install.snapshot.enabled = false (custom)
2019-11-13 20:34:39,167 [pool-153-thread-1] INFO  server.RaftServerConfigKeys (ConfUtils.java:logGet(43)) - raft.server.log.appender.install.snapshot.enabled = false (custom)
2019-11-13 20:34:39,167 [pool-173-thread-1] INFO  impl.RaftServerImpl (ServerState.java:<init>(103)) - d06fab63-d4ff-4606-9904-3a8389ab2cb6@group-6A2E57BA6FA5: ConfigurationManager, init=-1: [a396b6da-9b4a-4217-b353-472b7d1ddb56:192.168.34.20:32811, d06fab63-d4ff-4606-9904-3a8389ab2cb6:192.168.34.20:46247, 83ff406b-cc24-4672-8ad4-94afba27c25e:192.168.34.20:34460], old=null, confs=<EMPTY_MAP>
2019-11-13 20:34:39,167 [pool-153-thread-1] INFO  impl.RaftServerImpl (ServerState.java:<init>(103)) - a396b6da-9b4a-4217-b353-472b7d1ddb56@group-6A2E57BA6FA5: ConfigurationManager, init=-1: [a396b6da-9b4a-4217-b353-472b7d1ddb56:192.168.34.20:32811, d06fab63-d4ff-4606-9904-3a8389ab2cb6:192.168.34.20:46247, 83ff406b-cc24-4672-8ad4-94afba27c25e:192.168.34.20:34460], old=null, confs=<EMPTY_MAP>
2019-11-13 20:34:39,168 [pool-173-thread-1] INFO  server.RaftServerConfigKeys (ConfUtils.java:logGet(43)) - raft.server.storage.dir = [/workdir/hadoop-ozone/integration-test/target/test-dir/MiniOzoneClusterImpl-e028e34c-e788-4356-b3c1-17795b02fdc7/datanode-2/data/ratis] (custom)
2019-11-13 20:34:39,168 [pool-153-thread-1] INFO  server.RaftServerConfigKeys (ConfUtils.java:logGet(43)) - raft.server.storage.dir = [/workdir/hadoop-ozone/integration-test/target/test-dir/MiniOzoneClusterImpl-e028e34c-e788-4356-b3c1-17795b02fdc7/datanode-0/data/ratis] (custom)
2019-11-13 20:34:39,168 [pool-173-thread-1] INFO  server.RaftServerConfigKeys (ConfUtils.java:logGet(43)) - raft.server.log.corruption.policy = EXCEPTION (default)
2019-11-13 20:34:39,168 [pool-153-thread-1] INFO  server.RaftServerConfigKeys (ConfUtils.java:logGet(43)) - raft.server.log.corruption.policy = EXCEPTION (default)
2019-11-13 20:34:39,168 [pool-173-thread-1] INFO  storage.RaftStorageDirectory (RaftStorageDirectory.java:analyzeStorage(246)) - The storage directory /workdir/hadoop-ozone/integration-test/target/test-dir/MiniOzoneClusterImpl-e028e34c-e788-4356-b3c1-17795b02fdc7/datanode-2/data/ratis/be7e5f20-9345-4cc9-a545-6a2e57ba6fa5 does not exist. Creating ...
2019-11-13 20:34:39,169 [pool-153-thread-1] INFO  storage.RaftStorageDirectory (RaftStorageDirectory.java:analyzeStorage(246)) - The storage directory /workdir/hadoop-ozone/integration-test/target/test-dir/MiniOzoneClusterImpl-e028e34c-e788-4356-b3c1-17795b02fdc7/datanode-0/data/ratis/be7e5f20-9345-4cc9-a545-6a2e57ba6fa5 does not exist. Creating ...
2019-11-13 20:34:39,192 [pool-163-thread-1] INFO  storage.RaftStorageDirectory (RaftStorageDirectory.java:tryLock(328)) - Lock on /workdir/hadoop-ozone/integration-test/target/test-dir/MiniOzoneClusterImpl-e028e34c-e788-4356-b3c1-17795b02fdc7/datanode-1/data/ratis/be7e5f20-9345-4cc9-a545-6a2e57ba6fa5/in_use.lock acquired by nodename 30323@pr-hdds-2470-fxbl9-3826649461
2019-11-13 20:34:39,192 [pool-173-thread-1] INFO  storage.RaftStorageDirectory (RaftStorageDirectory.java:tryLock(328)) - Lock on /workdir/hadoop-ozone/integration-test/target/test-dir/MiniOzoneClusterImpl-e028e34c-e788-4356-b3c1-17795b02fdc7/datanode-2/data/ratis/be7e5f20-9345-4cc9-a545-6a2e57ba6fa5/in_use.lock acquired by nodename 30323@pr-hdds-2470-fxbl9-3826649461
2019-11-13 20:34:39,192 [pool-153-thread-1] INFO  storage.RaftStorageDirectory (RaftStorageDirectory.java:tryLock(328)) - Lock on /workdir/hadoop-ozone/integration-test/target/test-dir/MiniOzoneClusterImpl-e028e34c-e788-4356-b3c1-17795b02fdc7/datanode-0/data/ratis/be7e5f20-9345-4cc9-a545-6a2e57ba6fa5/in_use.lock acquired by nodename 30323@pr-hdds-2470-fxbl9-3826649461
2019-11-13 20:34:39,216 [pool-173-thread-1] INFO  storage.RaftStorage (RaftStorage.java:format(84)) - Storage directory /workdir/hadoop-ozone/integration-test/target/test-dir/MiniOzoneClusterImpl-e028e34c-e788-4356-b3c1-17795b02fdc7/datanode-2/data/ratis/be7e5f20-9345-4cc9-a545-6a2e57ba6fa5 has been successfully formatted.
2019-11-13 20:34:39,216 [pool-163-thread-1] INFO  storage.RaftStorage (RaftStorage.java:format(84)) - Storage directory /workdir/hadoop-ozone/integration-test/target/test-dir/MiniOzoneClusterImpl-e028e34c-e788-4356-b3c1-17795b02fdc7/datanode-1/data/ratis/be7e5f20-9345-4cc9-a545-6a2e57ba6fa5 has been successfully formatted.
2019-11-13 20:34:39,216 [pool-153-thread-1] INFO  storage.RaftStorage (RaftStorage.java:format(84)) - Storage directory /workdir/hadoop-ozone/integration-test/target/test-dir/MiniOzoneClusterImpl-e028e34c-e788-4356-b3c1-17795b02fdc7/datanode-0/data/ratis/be7e5f20-9345-4cc9-a545-6a2e57ba6fa5 has been successfully formatted.
2019-11-13 20:34:39,216 [pool-163-thread-1] INFO  ratis.ContainerStateMachine (ContainerStateMachine.java:loadSnapshot(223)) - group-6A2E57BA6FA5: The snapshot info is null. Setting the last applied indexto:(t:0, i:~)
2019-11-13 20:34:39,216 [pool-173-thread-1] INFO  ratis.ContainerStateMachine (ContainerStateMachine.java:loadSnapshot(223)) - group-6A2E57BA6FA5: The snapshot info is null. Setting the last applied indexto:(t:0, i:~)
2019-11-13 20:34:39,216 [pool-163-thread-1] INFO  server.RaftServerConfigKeys (ConfUtils.java:logGet(43)) - raft.server.notification.no-leader.timeout = 120s (custom)
2019-11-13 20:34:39,216 [pool-153-thread-1] INFO  ratis.ContainerStateMachine (ContainerStateMachine.java:loadSnapshot(223)) - group-6A2E57BA6FA5: The snapshot info is null. Setting the last applied indexto:(t:0, i:~)
2019-11-13 20:34:39,217 [pool-163-thread-1] INFO  server.RaftServerConfigKeys (ConfUtils.java:logGet(43)) - raft.server.log.use.memory = false (default)
2019-11-13 20:34:39,216 [pool-173-thread-1] INFO  server.RaftServerConfigKeys (ConfUtils.java:logGet(43)) - raft.server.notification.no-leader.timeout = 120s (custom)
2019-11-13 20:34:39,217 [pool-163-thread-1] INFO  server.RaftServerConfigKeys (ConfUtils.java:logGet(43)) - raft.server.log.purge.gap = 1000000 (custom)
2019-11-13 20:34:39,217 [pool-153-thread-1] INFO  server.RaftServerConfigKeys (ConfUtils.java:logGet(43)) - raft.server.notification.no-leader.timeout = 120s (custom)
2019-11-13 20:34:39,217 [pool-163-thread-1] INFO  server.RaftServerConfigKeys (ConfUtils.java:logGet(43)) - raft.server.log.appender.buffer.byte-limit = 33554432 (custom)
2019-11-13 20:34:39,217 [pool-173-thread-1] INFO  server.RaftServerConfigKeys (ConfUtils.java:logGet(43)) - raft.server.log.use.memory = false (default)
2019-11-13 20:34:39,217 [pool-163-thread-1] INFO  server.RaftServerConfigKeys (ConfUtils.java:logGet(43)) - raft.server.log.segment.size.max = 1048576 (custom)
2019-11-13 20:34:39,217 [pool-153-thread-1] INFO  server.RaftServerConfigKeys (ConfUtils.java:logGet(43)) - raft.server.log.use.memory = false (default)
2019-11-13 20:34:39,217 [pool-163-thread-1] INFO  server.RaftServerConfigKeys (ConfUtils.java:logGet(43)) - raft.server.log.segment.cache.num.max = 2 (custom)
2019-11-13 20:34:39,217 [pool-173-thread-1] INFO  server.RaftServerConfigKeys (ConfUtils.java:logGet(43)) - raft.server.log.purge.gap = 1000000 (custom)
2019-11-13 20:34:39,218 [pool-163-thread-1] INFO  segmented.SegmentedRaftLogWorker (SegmentedRaftLogWorker.java:<init>(173)) - new 83ff406b-cc24-4672-8ad4-94afba27c25e@group-6A2E57BA6FA5-SegmentedRaftLogWorker for RaftStorage:Storage Directory /workdir/hadoop-ozone/integration-test/target/test-dir/MiniOzoneClusterImpl-e028e34c-e788-4356-b3c1-17795b02fdc7/datanode-1/data/ratis/be7e5f20-9345-4cc9-a545-6a2e57ba6fa5
2019-11-13 20:34:39,218 [pool-153-thread-1] INFO  server.RaftServerConfigKeys (ConfUtils.java:logGet(43)) - raft.server.log.purge.gap = 1000000 (custom)
2019-11-13 20:34:39,218 [pool-163-thread-1] INFO  server.RaftServerConfigKeys (ConfUtils.java:logGet(43)) - raft.server.log.queue.byte-limit = 2147483647 (custom)
2019-11-13 20:34:39,218 [pool-173-thread-1] INFO  server.RaftServerConfigKeys (ConfUtils.java:logGet(43)) - raft.server.log.appender.buffer.byte-limit = 33554432 (custom)
2019-11-13 20:34:39,218 [pool-163-thread-1] INFO  server.RaftServerConfigKeys (ConfUtils.java:logGet(43)) - raft.server.log.queue.element-limit = 1024 (custom)
2019-11-13 20:34:39,218 [pool-153-thread-1] INFO  server.RaftServerConfigKeys (ConfUtils.java:logGet(43)) - raft.server.log.appender.buffer.byte-limit = 33554432 (custom)
2019-11-13 20:34:39,218 [pool-163-thread-1] INFO  server.RaftServerConfigKeys (ConfUtils.java:logGet(43)) - raft.server.log.segment.size.max = 1048576 (custom)
2019-11-13 20:34:39,218 [pool-173-thread-1] INFO  server.RaftServerConfigKeys (ConfUtils.java:logGet(43)) - raft.server.log.segment.size.max = 1048576 (custom)
2019-11-13 20:34:39,219 [pool-163-thread-1] INFO  server.RaftServerConfigKeys (ConfUtils.java:logGet(43)) - raft.server.log.preallocated.size = 16384 (custom)
2019-11-13 20:34:39,219 [pool-163-thread-1] INFO  server.RaftServerConfigKeys (ConfUtils.java:logGet(43)) - raft.server.log.write.buffer.size = 33554432 (custom)
2019-11-13 20:34:39,219 [pool-153-thread-1] INFO  server.RaftServerConfigKeys (ConfUtils.java:logGet(43)) - raft.server.log.segment.size.max = 1048576 (custom)
2019-11-13 20:34:39,219 [pool-163-thread-1] INFO  server.RaftServerConfigKeys (ConfUtils.java:logGet(43)) - raft.server.log.force.sync.num = 128 (default)
2019-11-13 20:34:39,219 [pool-173-thread-1] INFO  server.RaftServerConfigKeys (ConfUtils.java:logGet(43)) - raft.server.log.segment.cache.num.max = 2 (custom)
2019-11-13 20:34:39,219 [pool-163-thread-1] INFO  server.RaftServerConfigKeys (ConfUtils.java:logGet(43)) - raft.server.log.statemachine.data.sync = true (default)
2019-11-13 20:34:39,219 [pool-153-thread-1] INFO  server.RaftServerConfigKeys (ConfUtils.java:logGet(43)) - raft.server.log.segment.cache.num.max = 2 (custom)
2019-11-13 20:34:39,219 [pool-163-thread-1] INFO  server.RaftServerConfigKeys (ConfUtils.java:logGet(43)) - raft.server.log.statemachine.data.sync.timeout = 10s (default)
2019-11-13 20:34:39,219 [pool-173-thread-1] INFO  segmented.SegmentedRaftLogWorker (SegmentedRaftLogWorker.java:<init>(173)) - new d06fab63-d4ff-4606-9904-3a8389ab2cb6@group-6A2E57BA6FA5-SegmentedRaftLogWorker for RaftStorage:Storage Directory /workdir/hadoop-ozone/integration-test/target/test-dir/MiniOzoneClusterImpl-e028e34c-e788-4356-b3c1-17795b02fdc7/datanode-2/data/ratis/be7e5f20-9345-4cc9-a545-6a2e57ba6fa5
2019-11-13 20:34:39,220 [pool-163-thread-1] INFO  server.RaftServerConfigKeys (ConfUtils.java:logGet(43)) - raft.server.log.statemachine.data.sync.timeout.retry = -1 (default)
2019-11-13 20:34:39,220 [pool-153-thread-1] INFO  segmented.SegmentedRaftLogWorker (SegmentedRaftLogWorker.java:<init>(173)) - new a396b6da-9b4a-4217-b353-472b7d1ddb56@group-6A2E57BA6FA5-SegmentedRaftLogWorker for RaftStorage:Storage Directory /workdir/hadoop-ozone/integration-test/target/test-dir/MiniOzoneClusterImpl-e028e34c-e788-4356-b3c1-17795b02fdc7/datanode-0/data/ratis/be7e5f20-9345-4cc9-a545-6a2e57ba6fa5
2019-11-13 20:34:39,220 [pool-163-thread-1] INFO  server.RaftServerConfigKeys (ConfUtils.java:logGet(43)) - raft.server.log.statemachine.data.caching.enabled = true (custom)
2019-11-13 20:34:39,220 [pool-173-thread-1] INFO  server.RaftServerConfigKeys (ConfUtils.java:logGet(43)) - raft.server.log.queue.byte-limit = 2147483647 (custom)
2019-11-13 20:34:39,220 [pool-153-thread-1] INFO  server.RaftServerConfigKeys (ConfUtils.java:logGet(43)) - raft.server.log.queue.byte-limit = 2147483647 (custom)
2019-11-13 20:34:39,220 [pool-163-thread-1] INFO  segmented.SegmentedRaftLogWorker (SegmentedRaftLogWorker.java:lambda$new$0(128)) - 83ff406b-cc24-4672-8ad4-94afba27c25e@group-6A2E57BA6FA5-SegmentedRaftLogWorker: flushIndex: setUnconditionally 0 -> -1
2019-11-13 20:34:39,220 [pool-173-thread-1] INFO  server.RaftServerConfigKeys (ConfUtils.java:logGet(43)) - raft.server.log.queue.element-limit = 1024 (custom)
2019-11-13 20:34:39,220 [pool-153-thread-1] INFO  server.RaftServerConfigKeys (ConfUtils.java:logGet(43)) - raft.server.log.queue.element-limit = 1024 (custom)
2019-11-13 20:34:39,220 [pool-173-thread-1] INFO  server.RaftServerConfigKeys (ConfUtils.java:logGet(43)) - raft.server.log.segment.size.max = 1048576 (custom)
2019-11-13 20:34:39,221 [pool-153-thread-1] INFO  server.RaftServerConfigKeys (ConfUtils.java:logGet(43)) - raft.server.log.segment.size.max = 1048576 (custom)
2019-11-13 20:34:39,221 [pool-163-thread-1] INFO  server.RaftServerConfigKeys (ConfUtils.java:logGet(43)) - raft.server.snapshot.auto.trigger.enabled = true (custom)
2019-11-13 20:34:39,221 [pool-153-thread-1] INFO  server.RaftServerConfigKeys (ConfUtils.java:logGet(43)) - raft.server.log.preallocated.size = 16384 (custom)
2019-11-13 20:34:39,221 [pool-173-thread-1] INFO  server.RaftServerConfigKeys (ConfUtils.java:logGet(43)) - raft.server.log.preallocated.size = 16384 (custom)
2019-11-13 20:34:39,221 [pool-153-thread-1] INFO  server.RaftServerConfigKeys (ConfUtils.java:logGet(43)) - raft.server.log.write.buffer.size = 33554432 (custom)
2019-11-13 20:34:39,221 [pool-163-thread-1] INFO  server.RaftServerConfigKeys (ConfUtils.java:logGet(43)) - raft.server.snapshot.auto.trigger.threshold = 10000 (custom)
2019-11-13 20:34:39,221 [pool-153-thread-1] INFO  server.RaftServerConfigKeys (ConfUtils.java:logGet(43)) - raft.server.log.force.sync.num = 128 (default)
2019-11-13 20:34:39,221 [pool-173-thread-1] INFO  server.RaftServerConfigKeys (ConfUtils.java:logGet(43)) - raft.server.log.write.buffer.size = 33554432 (custom)
2019-11-13 20:34:39,221 [pool-153-thread-1] INFO  server.RaftServerConfigKeys (ConfUtils.java:logGet(43)) - raft.server.log.statemachine.data.sync = true (default)
2019-11-13 20:34:39,221 [pool-163-thread-1] INFO  server.RaftServerConfigKeys (ConfUtils.java:logGet(43)) - raft.server.snapshot.retention.file.num = 5 (custom)
2019-11-13 20:34:39,222 [pool-153-thread-1] INFO  server.RaftServerConfigKeys (ConfUtils.java:logGet(43)) - raft.server.log.statemachine.data.sync.timeout = 10s (default)
2019-11-13 20:34:39,222 [pool-173-thread-1] INFO  server.RaftServerConfigKeys (ConfUtils.java:logGet(43)) - raft.server.log.force.sync.num = 128 (default)
2019-11-13 20:34:39,222 [pool-153-thread-1] INFO  server.RaftServerConfigKeys (ConfUtils.java:logGet(43)) - raft.server.log.statemachine.data.sync.timeout.retry = -1 (default)
2019-11-13 20:34:39,222 [pool-163-thread-1] INFO  server.RaftServerConfigKeys (ConfUtils.java:logGet(43)) - raft.server.retrycache.expirytime = 600000ms (custom)
2019-11-13 20:34:39,222 [pool-153-thread-1] INFO  server.RaftServerConfigKeys (ConfUtils.java:logGet(43)) - raft.server.log.statemachine.data.caching.enabled = true (custom)
2019-11-13 20:34:39,222 [pool-173-thread-1] INFO  server.RaftServerConfigKeys (ConfUtils.java:logGet(43)) - raft.server.log.statemachine.data.sync = true (default)
2019-11-13 20:34:39,222 [pool-173-thread-1] INFO  server.RaftServerConfigKeys (ConfUtils.java:logGet(43)) - raft.server.log.statemachine.data.sync.timeout = 10s (default)
2019-11-13 20:34:39,222 [pool-163-thread-1] WARN  impl.MetricRegistriesImpl (MetricRegistriesImpl.java:lambda$create$1(61)) - First MetricRegistry has been created without registering reporters. You may need to call MetricRegistries.global().addReportRegistration(...) before.
2019-11-13 20:34:39,223 [pool-173-thread-1] INFO  server.RaftServerConfigKeys (ConfUtils.java:logGet(43)) - raft.server.log.statemachine.data.sync.timeout.retry = -1 (default)
2019-11-13 20:34:39,223 [pool-163-thread-1] WARN  impl.MetricRegistriesImpl (MetricRegistriesImpl.java:lambda$create$1(61)) - First MetricRegistry has been created without registering reporters. You may need to call MetricRegistries.global().addReportRegistration(...) before.
2019-11-13 20:34:39,222 [pool-153-thread-1] INFO  segmented.SegmentedRaftLogWorker (SegmentedRaftLogWorker.java:lambda$new$0(128)) - a396b6da-9b4a-4217-b353-472b7d1ddb56@group-6A2E57BA6FA5-SegmentedRaftLogWorker: flushIndex: setUnconditionally 0 -> -1
2019-11-13 20:34:39,223 [pool-173-thread-1] INFO  server.RaftServerConfigKeys (ConfUtils.java:logGet(43)) - raft.server.log.statemachine.data.caching.enabled = true (custom)
2019-11-13 20:34:39,223 [pool-163-thread-1] INFO  impl.RaftServerImpl (RaftServerImpl.java:start(184)) - 83ff406b-cc24-4672-8ad4-94afba27c25e@group-6A2E57BA6FA5: start as a follower, conf=-1: [a396b6da-9b4a-4217-b353-472b7d1ddb56:192.168.34.20:32811, d06fab63-d4ff-4606-9904-3a8389ab2cb6:192.168.34.20:46247, 83ff406b-cc24-4672-8ad4-94afba27c25e:192.168.34.20:34460], old=null
2019-11-13 20:34:39,223 [pool-173-thread-1] INFO  segmented.SegmentedRaftLogWorker (SegmentedRaftLogWorker.java:lambda$new$0(128)) - d06fab63-d4ff-4606-9904-3a8389ab2cb6@group-6A2E57BA6FA5-SegmentedRaftLogWorker: flushIndex: setUnconditionally 0 -> -1
2019-11-13 20:34:39,223 [pool-153-thread-1] INFO  server.RaftServerConfigKeys (ConfUtils.java:logGet(43)) - raft.server.snapshot.auto.trigger.enabled = true (custom)
2019-11-13 20:34:39,223 [pool-163-thread-1] INFO  impl.RaftServerImpl (RaftServerImpl.java:setRole(173)) - 83ff406b-cc24-4672-8ad4-94afba27c25e@group-6A2E57BA6FA5: changes role from      null to FOLLOWER at term 0 for startAsFollower
2019-11-13 20:34:39,224 [pool-153-thread-1] INFO  server.RaftServerConfigKeys (ConfUtils.java:logGet(43)) - raft.server.snapshot.auto.trigger.threshold = 10000 (custom)
2019-11-13 20:34:39,224 [pool-173-thread-1] INFO  server.RaftServerConfigKeys (ConfUtils.java:logGet(43)) - raft.server.snapshot.auto.trigger.enabled = true (custom)
2019-11-13 20:34:39,224 [pool-153-thread-1] INFO  server.RaftServerConfigKeys (ConfUtils.java:logGet(43)) - raft.server.snapshot.retention.file.num = 5 (custom)
2019-11-13 20:34:39,224 [pool-163-thread-1] INFO  impl.RoleInfo (RoleInfo.java:updateAndGet(143)) - 83ff406b-cc24-4672-8ad4-94afba27c25e: start FollowerState
2019-11-13 20:34:39,224 [pool-153-thread-1] INFO  server.RaftServerConfigKeys (ConfUtils.java:logGet(43)) - raft.server.retrycache.expirytime = 600000ms (custom)
2019-11-13 20:34:39,224 [pool-173-thread-1] INFO  server.RaftServerConfigKeys (ConfUtils.java:logGet(43)) - raft.server.snapshot.auto.trigger.threshold = 10000 (custom)
2019-11-13 20:34:39,225 [pool-153-thread-1] WARN  impl.MetricRegistriesImpl (MetricRegistriesImpl.java:lambda$create$1(61)) - First MetricRegistry has been created without registering reporters. You may need to call MetricRegistries.global().addReportRegistration(...) before.
2019-11-13 20:34:39,225 [pool-173-thread-1] INFO  server.RaftServerConfigKeys (ConfUtils.java:logGet(43)) - raft.server.snapshot.retention.file.num = 5 (custom)
2019-11-13 20:34:39,225 [pool-163-thread-1] INFO  util.JmxRegister (JmxRegister.java:tryRegister(44)) - Successfully registered JMX Bean with object name Ratis:service=RaftServer,group=group-6A2E57BA6FA5,id=83ff406b-cc24-4672-8ad4-94afba27c25e
2019-11-13 20:34:39,225 [pool-173-thread-1] INFO  server.RaftServerConfigKeys (ConfUtils.java:logGet(43)) - raft.server.retrycache.expirytime = 600000ms (custom)
2019-11-13 20:34:39,225 [pool-153-thread-1] WARN  impl.MetricRegistriesImpl (MetricRegistriesImpl.java:lambda$create$1(61)) - First MetricRegistry has been created without registering reporters. You may need to call MetricRegistries.global().addReportRegistration(...) before.
2019-11-13 20:34:39,225 [pool-173-thread-1] WARN  impl.MetricRegistriesImpl (MetricRegistriesImpl.java:lambda$create$1(61)) - First MetricRegistry has been created without registering reporters. You may need to call MetricRegistries.global().addReportRegistration(...) before.
2019-11-13 20:34:39,225 [pool-153-thread-1] INFO  impl.RaftServerImpl (RaftServerImpl.java:start(184)) - a396b6da-9b4a-4217-b353-472b7d1ddb56@group-6A2E57BA6FA5: start as a follower, conf=-1: [a396b6da-9b4a-4217-b353-472b7d1ddb56:192.168.34.20:32811, d06fab63-d4ff-4606-9904-3a8389ab2cb6:192.168.34.20:46247, 83ff406b-cc24-4672-8ad4-94afba27c25e:192.168.34.20:34460], old=null
2019-11-13 20:34:39,225 [pool-163-thread-1] WARN  impl.MetricRegistriesImpl (MetricRegistriesImpl.java:lambda$create$1(61)) - First MetricRegistry has been created without registering reporters. You may need to call MetricRegistries.global().addReportRegistration(...) before.
2019-11-13 20:34:39,226 [pool-153-thread-1] INFO  impl.RaftServerImpl (RaftServerImpl.java:setRole(173)) - a396b6da-9b4a-4217-b353-472b7d1ddb56@group-6A2E57BA6FA5: changes role from      null to FOLLOWER at term 0 for startAsFollower
2019-11-13 20:34:39,226 [pool-173-thread-1] WARN  impl.MetricRegistriesImpl (MetricRegistriesImpl.java:lambda$create$1(61)) - First MetricRegistry has been created without registering reporters. You may need to call MetricRegistries.global().addReportRegistration(...) before.
2019-11-13 20:34:39,226 [pool-173-thread-1] INFO  impl.RaftServerImpl (RaftServerImpl.java:start(184)) - d06fab63-d4ff-4606-9904-3a8389ab2cb6@group-6A2E57BA6FA5: start as a follower, conf=-1: [a396b6da-9b4a-4217-b353-472b7d1ddb56:192.168.34.20:32811, d06fab63-d4ff-4606-9904-3a8389ab2cb6:192.168.34.20:46247, 83ff406b-cc24-4672-8ad4-94afba27c25e:192.168.34.20:34460], old=null
2019-11-13 20:34:39,226 [pool-153-thread-1] INFO  impl.RoleInfo (RoleInfo.java:updateAndGet(143)) - a396b6da-9b4a-4217-b353-472b7d1ddb56: start FollowerState
2019-11-13 20:34:39,226 [pool-173-thread-1] INFO  impl.RaftServerImpl (RaftServerImpl.java:setRole(173)) - d06fab63-d4ff-4606-9904-3a8389ab2cb6@group-6A2E57BA6FA5: changes role from      null to FOLLOWER at term 0 for startAsFollower
2019-11-13 20:34:39,227 [pool-173-thread-1] INFO  impl.RoleInfo (RoleInfo.java:updateAndGet(143)) - d06fab63-d4ff-4606-9904-3a8389ab2cb6: start FollowerState
2019-11-13 20:34:39,227 [pool-153-thread-1] INFO  util.JmxRegister (JmxRegister.java:tryRegister(44)) - Successfully registered JMX Bean with object name Ratis:service=RaftServer,group=group-6A2E57BA6FA5,id=a396b6da-9b4a-4217-b353-472b7d1ddb56
2019-11-13 20:34:39,227 [pool-173-thread-1] INFO  util.JmxRegister (JmxRegister.java:tryRegister(44)) - Successfully registered JMX Bean with object name Ratis:service=RaftServer,group=group-6A2E57BA6FA5,id=d06fab63-d4ff-4606-9904-3a8389ab2cb6
2019-11-13 20:34:39,227 [pool-153-thread-1] WARN  impl.MetricRegistriesImpl (MetricRegistriesImpl.java:lambda$create$1(61)) - First MetricRegistry has been created without registering reporters. You may need to call MetricRegistries.global().addReportRegistration(...) before.
2019-11-13 20:34:39,227 [pool-173-thread-1] WARN  impl.MetricRegistriesImpl (MetricRegistriesImpl.java:lambda$create$1(61)) - First MetricRegistry has been created without registering reporters. You may need to call MetricRegistries.global().addReportRegistration(...) before.
2019-11-13 20:34:39,230 [RatisPipelineUtilsThread] INFO  pipeline.PipelineStateManager (PipelineStateManager.java:addPipeline(55)) - Created pipeline Pipeline[ Id: be7e5f20-9345-4cc9-a545-6a2e57ba6fa5, Nodes: 83ff406b-cc24-4672-8ad4-94afba27c25e{ip: 192.168.34.20, host: pr-hdds-2470-fxbl9-3826649461, networkLocation: /default-rack, certSerialId: null}a396b6da-9b4a-4217-b353-472b7d1ddb56{ip: 192.168.34.20, host: pr-hdds-2470-fxbl9-3826649461, networkLocation: /default-rack, certSerialId: null}d06fab63-d4ff-4606-9904-3a8389ab2cb6{ip: 192.168.34.20, host: pr-hdds-2470-fxbl9-3826649461, networkLocation: /default-rack, certSerialId: null}, Type:RATIS, Factor:THREE, State:ALLOCATED]
2019-11-13 20:34:39,243 [IPC Server handler 5 on 34838] INFO  net.NetworkTopology (NetworkTopologyImpl.java:add(111)) - Added a new node: /default-rack/f7edbf2f-fbe3-4411-b014-7a92b8f685a2
2019-11-13 20:34:39,243 [IPC Server handler 5 on 34838] INFO  node.SCMNodeManager (SCMNodeManager.java:register(267)) - Registered Data node : f7edbf2f-fbe3-4411-b014-7a92b8f685a2{ip: 192.168.34.20, host: pr-hdds-2470-fxbl9-3826649461, networkLocation: /default-rack, certSerialId: null}
2019-11-13 20:34:39,249 [grpc-default-executor-4] INFO  impl.RaftServerProxy (RaftServerProxy.java:addNew(89)) - f7edbf2f-fbe3-4411-b014-7a92b8f685a2: addNew group-974028DCAAA9:[f7edbf2f-fbe3-4411-b014-7a92b8f685a2:192.168.34.20:37057] returns group-974028DCAAA9:java.util.concurrent.CompletableFuture@b3700dd[Not completed]
2019-11-13 20:34:39,253 [pool-193-thread-1] INFO  impl.RaftServerImpl (RaftServerImpl.java:<init>(98)) - f7edbf2f-fbe3-4411-b014-7a92b8f685a2: new RaftServerImpl for group-974028DCAAA9:[f7edbf2f-fbe3-4411-b014-7a92b8f685a2:192.168.34.20:37057] with ContainerStateMachine:uninitialized
2019-11-13 20:34:39,253 [pool-193-thread-1] INFO  server.RaftServerConfigKeys (ConfUtils.java:logGet(43)) - raft.server.rpc.timeout.min = 1s (custom)
2019-11-13 20:34:39,253 [pool-193-thread-1] INFO  server.RaftServerConfigKeys (ConfUtils.java:logGet(43)) - raft.server.rpc.timeout.max = 1200ms (custom)
2019-11-13 20:34:39,253 [pool-193-thread-1] INFO  server.RaftServerConfigKeys (ConfUtils.java:logGet(43)) - raft.server.rpcslowness.timeout = 120s (custom)
2019-11-13 20:34:39,253 [pool-193-thread-1] INFO  server.RaftServerConfigKeys (ConfUtils.java:logGet(43)) - raft.server.sleep.deviation.threshold = 300 (default)
2019-11-13 20:34:39,253 [pool-193-thread-1] INFO  server.RaftServerConfigKeys (ConfUtils.java:logGet(43)) - raft.server.log.appender.install.snapshot.enabled = false (custom)
2019-11-13 20:34:39,253 [pool-193-thread-1] INFO  impl.RaftServerImpl (ServerState.java:<init>(103)) - f7edbf2f-fbe3-4411-b014-7a92b8f685a2@group-974028DCAAA9: ConfigurationManager, init=-1: [f7edbf2f-fbe3-4411-b014-7a92b8f685a2:192.168.34.20:37057], old=null, confs=<EMPTY_MAP>
2019-11-13 20:34:39,253 [pool-193-thread-1] INFO  server.RaftServerConfigKeys (ConfUtils.java:logGet(43)) - raft.server.storage.dir = [/workdir/hadoop-ozone/integration-test/target/test-dir/MiniOzoneClusterImpl-e028e34c-e788-4356-b3c1-17795b02fdc7/datanode-4/data/ratis] (custom)
2019-11-13 20:34:39,253 [pool-193-thread-1] INFO  server.RaftServerConfigKeys (ConfUtils.java:logGet(43)) - raft.server.log.corruption.policy = EXCEPTION (default)
2019-11-13 20:34:39,254 [pool-193-thread-1] INFO  storage.RaftStorageDirectory (RaftStorageDirectory.java:analyzeStorage(246)) - The storage directory /workdir/hadoop-ozone/integration-test/target/test-dir/MiniOzoneClusterImpl-e028e34c-e788-4356-b3c1-17795b02fdc7/datanode-4/data/ratis/7ff29569-4819-4fff-9d17-974028dcaaa9 does not exist. Creating ...
2019-11-13 20:34:39,265 [pool-193-thread-1] INFO  storage.RaftStorageDirectory (RaftStorageDirectory.java:tryLock(328)) - Lock on /workdir/hadoop-ozone/integration-test/target/test-dir/MiniOzoneClusterImpl-e028e34c-e788-4356-b3c1-17795b02fdc7/datanode-4/data/ratis/7ff29569-4819-4fff-9d17-974028dcaaa9/in_use.lock acquired by nodename 30323@pr-hdds-2470-fxbl9-3826649461
2019-11-13 20:34:39,276 [pool-193-thread-1] INFO  storage.RaftStorage (RaftStorage.java:format(84)) - Storage directory /workdir/hadoop-ozone/integration-test/target/test-dir/MiniOzoneClusterImpl-e028e34c-e788-4356-b3c1-17795b02fdc7/datanode-4/data/ratis/7ff29569-4819-4fff-9d17-974028dcaaa9 has been successfully formatted.
2019-11-13 20:34:39,276 [pool-193-thread-1] INFO  ratis.ContainerStateMachine (ContainerStateMachine.java:loadSnapshot(223)) - group-974028DCAAA9: The snapshot info is null. Setting the last applied indexto:(t:0, i:~)
2019-11-13 20:34:39,276 [pool-193-thread-1] INFO  server.RaftServerConfigKeys (ConfUtils.java:logGet(43)) - raft.server.notification.no-leader.timeout = 120s (custom)
2019-11-13 20:34:39,277 [pool-193-thread-1] INFO  server.RaftServerConfigKeys (ConfUtils.java:logGet(43)) - raft.server.log.use.memory = false (default)
2019-11-13 20:34:39,277 [pool-193-thread-1] INFO  server.RaftServerConfigKeys (ConfUtils.java:logGet(43)) - raft.server.log.purge.gap = 1000000 (custom)
2019-11-13 20:34:39,277 [pool-193-thread-1] INFO  server.RaftServerConfigKeys (ConfUtils.java:logGet(43)) - raft.server.log.appender.buffer.byte-limit = 33554432 (custom)
2019-11-13 20:34:39,277 [pool-193-thread-1] INFO  server.RaftServerConfigKeys (ConfUtils.java:logGet(43)) - raft.server.log.segment.size.max = 1048576 (custom)
2019-11-13 20:34:39,277 [pool-193-thread-1] WARN  impl.MetricRegistriesImpl (MetricRegistriesImpl.java:lambda$create$1(61)) - First MetricRegistry has been created without registering reporters. You may need to call MetricRegistries.global().addReportRegistration(...) before.
2019-11-13 20:34:39,277 [pool-193-thread-1] INFO  server.RaftServerConfigKeys (ConfUtils.java:logGet(43)) - raft.server.log.segment.cache.num.max = 2 (custom)
2019-11-13 20:34:39,277 [pool-193-thread-1] INFO  segmented.SegmentedRaftLogWorker (SegmentedRaftLogWorker.java:<init>(173)) - new f7edbf2f-fbe3-4411-b014-7a92b8f685a2@group-974028DCAAA9-SegmentedRaftLogWorker for RaftStorage:Storage Directory /workdir/hadoop-ozone/integration-test/target/test-dir/MiniOzoneClusterImpl-e028e34c-e788-4356-b3c1-17795b02fdc7/datanode-4/data/ratis/7ff29569-4819-4fff-9d17-974028dcaaa9
2019-11-13 20:34:39,277 [pool-193-thread-1] INFO  server.RaftServerConfigKeys (ConfUtils.java:logGet(43)) - raft.server.log.queue.byte-limit = 2147483647 (custom)
2019-11-13 20:34:39,277 [pool-193-thread-1] INFO  server.RaftServerConfigKeys (ConfUtils.java:logGet(43)) - raft.server.log.queue.element-limit = 1024 (custom)
2019-11-13 20:34:39,277 [pool-193-thread-1] INFO  server.RaftServerConfigKeys (ConfUtils.java:logGet(43)) - raft.server.log.segment.size.max = 1048576 (custom)
2019-11-13 20:34:39,278 [pool-193-thread-1] INFO  server.RaftServerConfigKeys (ConfUtils.java:logGet(43)) - raft.server.log.preallocated.size = 16384 (custom)
2019-11-13 20:34:39,278 [pool-193-thread-1] INFO  server.RaftServerConfigKeys (ConfUtils.java:logGet(43)) - raft.server.log.write.buffer.size = 33554432 (custom)
2019-11-13 20:34:39,278 [pool-193-thread-1] INFO  server.RaftServerConfigKeys (ConfUtils.java:logGet(43)) - raft.server.log.force.sync.num = 128 (default)
2019-11-13 20:34:39,278 [pool-193-thread-1] INFO  server.RaftServerConfigKeys (ConfUtils.java:logGet(43)) - raft.server.log.statemachine.data.sync = true (default)
2019-11-13 20:34:39,278 [pool-193-thread-1] INFO  server.RaftServerConfigKeys (ConfUtils.java:logGet(43)) - raft.server.log.statemachine.data.sync.timeout = 10s (default)
2019-11-13 20:34:39,278 [pool-193-thread-1] INFO  server.RaftServerConfigKeys (ConfUtils.java:logGet(43)) - raft.server.log.statemachine.data.sync.timeout.retry = -1 (default)
2019-11-13 20:34:39,278 [pool-193-thread-1] INFO  server.RaftServerConfigKeys (ConfUtils.java:logGet(43)) - raft.server.log.statemachine.data.caching.enabled = true (custom)
2019-11-13 20:34:39,278 [pool-193-thread-1] INFO  segmented.SegmentedRaftLogWorker (SegmentedRaftLogWorker.java:lambda$new$0(128)) - f7edbf2f-fbe3-4411-b014-7a92b8f685a2@group-974028DCAAA9-SegmentedRaftLogWorker: flushIndex: setUnconditionally 0 -> -1
2019-11-13 20:34:39,279 [pool-193-thread-1] INFO  server.RaftServerConfigKeys (ConfUtils.java:logGet(43)) - raft.server.snapshot.auto.trigger.enabled = true (custom)
2019-11-13 20:34:39,279 [pool-193-thread-1] INFO  server.RaftServerConfigKeys (ConfUtils.java:logGet(43)) - raft.server.snapshot.auto.trigger.threshold = 10000 (custom)
2019-11-13 20:34:39,279 [pool-193-thread-1] INFO  server.RaftServerConfigKeys (ConfUtils.java:logGet(43)) - raft.server.snapshot.retention.file.num = 5 (custom)
2019-11-13 20:34:39,279 [pool-193-thread-1] INFO  server.RaftServerConfigKeys (ConfUtils.java:logGet(43)) - raft.server.retrycache.expirytime = 600000ms (custom)
2019-11-13 20:34:39,279 [pool-193-thread-1] WARN  impl.MetricRegistriesImpl (MetricRegistriesImpl.java:lambda$create$1(61)) - First MetricRegistry has been created without registering reporters. You may need to call MetricRegistries.global().addReportRegistration(...) before.
2019-11-13 20:34:39,279 [pool-193-thread-1] WARN  impl.MetricRegistriesImpl (MetricRegistriesImpl.java:lambda$create$1(61)) - First MetricRegistry has been created without registering reporters. You may need to call MetricRegistries.global().addReportRegistration(...) before.
2019-11-13 20:34:39,279 [pool-193-thread-1] INFO  impl.RaftServerImpl (RaftServerImpl.java:start(184)) - f7edbf2f-fbe3-4411-b014-7a92b8f685a2@group-974028DCAAA9: start as a follower, conf=-1: [f7edbf2f-fbe3-4411-b014-7a92b8f685a2:192.168.34.20:37057], old=null
2019-11-13 20:34:39,279 [pool-193-thread-1] INFO  impl.RaftServerImpl (RaftServerImpl.java:setRole(173)) - f7edbf2f-fbe3-4411-b014-7a92b8f685a2@group-974028DCAAA9: changes role from      null to FOLLOWER at term 0 for startAsFollower
2019-11-13 20:34:39,280 [pool-193-thread-1] INFO  impl.RoleInfo (RoleInfo.java:updateAndGet(143)) - f7edbf2f-fbe3-4411-b014-7a92b8f685a2: start FollowerState
2019-11-13 20:34:39,280 [pool-193-thread-1] INFO  util.JmxRegister (JmxRegister.java:tryRegister(44)) - Successfully registered JMX Bean with object name Ratis:service=RaftServer,group=group-974028DCAAA9,id=f7edbf2f-fbe3-4411-b014-7a92b8f685a2
2019-11-13 20:34:39,280 [pool-193-thread-1] WARN  impl.MetricRegistriesImpl (MetricRegistriesImpl.java:lambda$create$1(61)) - First MetricRegistry has been created without registering reporters. You may need to call MetricRegistries.global().addReportRegistration(...) before.
2019-11-13 20:34:39,282 [RatisPipelineUtilsThread] INFO  pipeline.PipelineStateManager (PipelineStateManager.java:addPipeline(55)) - Created pipeline Pipeline[ Id: 7ff29569-4819-4fff-9d17-974028dcaaa9, Nodes: f7edbf2f-fbe3-4411-b014-7a92b8f685a2{ip: 192.168.34.20, host: pr-hdds-2470-fxbl9-3826649461, networkLocation: /default-rack, certSerialId: null}, Type:RATIS, Factor:ONE, State:ALLOCATED]
2019-11-13 20:34:39,287 [grpc-default-executor-4] INFO  impl.RaftServerProxy (RaftServerProxy.java:addNew(89)) - 5947ecff-de41-4703-8b6b-2a362119c64b: addNew group-09844BCCBE48:[5947ecff-de41-4703-8b6b-2a362119c64b:192.168.34.20:35116] returns group-09844BCCBE48:java.util.concurrent.CompletableFuture@12d61cd1[Not completed]
2019-11-13 20:34:39,288 [pool-183-thread-1] INFO  impl.RaftServerImpl (RaftServerImpl.java:<init>(98)) - 5947ecff-de41-4703-8b6b-2a362119c64b: new RaftServerImpl for group-09844BCCBE48:[5947ecff-de41-4703-8b6b-2a362119c64b:192.168.34.20:35116] with ContainerStateMachine:uninitialized
2019-11-13 20:34:39,288 [pool-183-thread-1] INFO  server.RaftServerConfigKeys (ConfUtils.java:logGet(43)) - raft.server.rpc.timeout.min = 1s (custom)
2019-11-13 20:34:39,289 [pool-183-thread-1] INFO  server.RaftServerConfigKeys (ConfUtils.java:logGet(43)) - raft.server.rpc.timeout.max = 1200ms (custom)
2019-11-13 20:34:39,289 [pool-183-thread-1] INFO  server.RaftServerConfigKeys (ConfUtils.java:logGet(43)) - raft.server.rpcslowness.timeout = 120s (custom)
2019-11-13 20:34:39,289 [pool-183-thread-1] INFO  server.RaftServerConfigKeys (ConfUtils.java:logGet(43)) - raft.server.sleep.deviation.threshold = 300 (default)
2019-11-13 20:34:39,289 [pool-183-thread-1] INFO  server.RaftServerConfigKeys (ConfUtils.java:logGet(43)) - raft.server.log.appender.install.snapshot.enabled = false (custom)
2019-11-13 20:34:39,289 [pool-183-thread-1] INFO  impl.RaftServerImpl (ServerState.java:<init>(103)) - 5947ecff-de41-4703-8b6b-2a362119c64b@group-09844BCCBE48: ConfigurationManager, init=-1: [5947ecff-de41-4703-8b6b-2a362119c64b:192.168.34.20:35116], old=null, confs=<EMPTY_MAP>
2019-11-13 20:34:39,289 [pool-183-thread-1] INFO  server.RaftServerConfigKeys (ConfUtils.java:logGet(43)) - raft.server.storage.dir = [/workdir/hadoop-ozone/integration-test/target/test-dir/MiniOzoneClusterImpl-e028e34c-e788-4356-b3c1-17795b02fdc7/datanode-3/data/ratis] (custom)
2019-11-13 20:34:39,289 [pool-183-thread-1] INFO  server.RaftServerConfigKeys (ConfUtils.java:logGet(43)) - raft.server.log.corruption.policy = EXCEPTION (default)
2019-11-13 20:34:39,289 [pool-183-thread-1] INFO  storage.RaftStorageDirectory (RaftStorageDirectory.java:analyzeStorage(246)) - The storage directory /workdir/hadoop-ozone/integration-test/target/test-dir/MiniOzoneClusterImpl-e028e34c-e788-4356-b3c1-17795b02fdc7/datanode-3/data/ratis/225ceb45-16d9-4dd3-b066-09844bccbe48 does not exist. Creating ...
2019-11-13 20:34:39,296 [pool-183-thread-1] INFO  storage.RaftStorageDirectory (RaftStorageDirectory.java:tryLock(328)) - Lock on /workdir/hadoop-ozone/integration-test/target/test-dir/MiniOzoneClusterImpl-e028e34c-e788-4356-b3c1-17795b02fdc7/datanode-3/data/ratis/225ceb45-16d9-4dd3-b066-09844bccbe48/in_use.lock acquired by nodename 30323@pr-hdds-2470-fxbl9-3826649461
2019-11-13 20:34:39,297 [IPC Server handler 6 on 34838] INFO  net.NetworkTopology (NetworkTopologyImpl.java:add(111)) - Added a new node: /default-rack/5fef94be-3335-41aa-8a3e-dfaf501cab3b
2019-11-13 20:34:39,297 [IPC Server handler 6 on 34838] INFO  node.SCMNodeManager (SCMNodeManager.java:register(267)) - Registered Data node : 5fef94be-3335-41aa-8a3e-dfaf501cab3b{ip: 192.168.34.20, host: pr-hdds-2470-fxbl9-3826649461, networkLocation: /default-rack, certSerialId: null}
2019-11-13 20:34:39,310 [pool-183-thread-1] INFO  storage.RaftStorage (RaftStorage.java:format(84)) - Storage directory /workdir/hadoop-ozone/integration-test/target/test-dir/MiniOzoneClusterImpl-e028e34c-e788-4356-b3c1-17795b02fdc7/datanode-3/data/ratis/225ceb45-16d9-4dd3-b066-09844bccbe48 has been successfully formatted.
2019-11-13 20:34:39,310 [pool-183-thread-1] INFO  ratis.ContainerStateMachine (ContainerStateMachine.java:loadSnapshot(223)) - group-09844BCCBE48: The snapshot info is null. Setting the last applied indexto:(t:0, i:~)
2019-11-13 20:34:39,311 [pool-183-thread-1] INFO  server.RaftServerConfigKeys (ConfUtils.java:logGet(43)) - raft.server.notification.no-leader.timeout = 120s (custom)
2019-11-13 20:34:39,311 [pool-183-thread-1] INFO  server.RaftServerConfigKeys (ConfUtils.java:logGet(43)) - raft.server.log.use.memory = false (default)
2019-11-13 20:34:39,311 [pool-183-thread-1] INFO  server.RaftServerConfigKeys (ConfUtils.java:logGet(43)) - raft.server.log.purge.gap = 1000000 (custom)
2019-11-13 20:34:39,311 [pool-183-thread-1] INFO  server.RaftServerConfigKeys (ConfUtils.java:logGet(43)) - raft.server.log.appender.buffer.byte-limit = 33554432 (custom)
2019-11-13 20:34:39,311 [pool-183-thread-1] INFO  server.RaftServerConfigKeys (ConfUtils.java:logGet(43)) - raft.server.log.segment.size.max = 1048576 (custom)
2019-11-13 20:34:39,311 [pool-183-thread-1] WARN  impl.MetricRegistriesImpl (MetricRegistriesImpl.java:lambda$create$1(61)) - First MetricRegistry has been created without registering reporters. You may need to call MetricRegistries.global().addReportRegistration(...) before.
2019-11-13 20:34:39,311 [pool-183-thread-1] INFO  server.RaftServerConfigKeys (ConfUtils.java:logGet(43)) - raft.server.log.segment.cache.num.max = 2 (custom)
2019-11-13 20:34:39,311 [pool-183-thread-1] INFO  segmented.SegmentedRaftLogWorker (SegmentedRaftLogWorker.java:<init>(173)) - new 5947ecff-de41-4703-8b6b-2a362119c64b@group-09844BCCBE48-SegmentedRaftLogWorker for RaftStorage:Storage Directory /workdir/hadoop-ozone/integration-test/target/test-dir/MiniOzoneClusterImpl-e028e34c-e788-4356-b3c1-17795b02fdc7/datanode-3/data/ratis/225ceb45-16d9-4dd3-b066-09844bccbe48
2019-11-13 20:34:39,311 [pool-183-thread-1] INFO  server.RaftServerConfigKeys (ConfUtils.java:logGet(43)) - raft.server.log.queue.byte-limit = 2147483647 (custom)
2019-11-13 20:34:39,311 [pool-183-thread-1] INFO  server.RaftServerConfigKeys (ConfUtils.java:logGet(43)) - raft.server.log.queue.element-limit = 1024 (custom)
2019-11-13 20:34:39,312 [pool-183-thread-1] INFO  server.RaftServerConfigKeys (ConfUtils.java:logGet(43)) - raft.server.log.segment.size.max = 1048576 (custom)
2019-11-13 20:34:39,312 [pool-183-thread-1] INFO  server.RaftServerConfigKeys (ConfUtils.java:logGet(43)) - raft.server.log.preallocated.size = 16384 (custom)
2019-11-13 20:34:39,312 [pool-183-thread-1] INFO  server.RaftServerConfigKeys (ConfUtils.java:logGet(43)) - raft.server.log.write.buffer.size = 33554432 (custom)
2019-11-13 20:34:39,312 [pool-183-thread-1] INFO  server.RaftServerConfigKeys (ConfUtils.java:logGet(43)) - raft.server.log.force.sync.num = 128 (default)
2019-11-13 20:34:39,312 [pool-183-thread-1] INFO  server.RaftServerConfigKeys (ConfUtils.java:logGet(43)) - raft.server.log.statemachine.data.sync = true (default)
2019-11-13 20:34:39,312 [pool-183-thread-1] INFO  server.RaftServerConfigKeys (ConfUtils.java:logGet(43)) - raft.server.log.statemachine.data.sync.timeout = 10s (default)
2019-11-13 20:34:39,312 [pool-183-thread-1] INFO  server.RaftServerConfigKeys (ConfUtils.java:logGet(43)) - raft.server.log.statemachine.data.sync.timeout.retry = -1 (default)
2019-11-13 20:34:39,312 [pool-183-thread-1] INFO  server.RaftServerConfigKeys (ConfUtils.java:logGet(43)) - raft.server.log.statemachine.data.caching.enabled = true (custom)
2019-11-13 20:34:39,313 [pool-183-thread-1] INFO  segmented.SegmentedRaftLogWorker (SegmentedRaftLogWorker.java:lambda$new$0(128)) - 5947ecff-de41-4703-8b6b-2a362119c64b@group-09844BCCBE48-SegmentedRaftLogWorker: flushIndex: setUnconditionally 0 -> -1
2019-11-13 20:34:39,313 [pool-183-thread-1] INFO  server.RaftServerConfigKeys (ConfUtils.java:logGet(43)) - raft.server.snapshot.auto.trigger.enabled = true (custom)
2019-11-13 20:34:39,313 [pool-183-thread-1] INFO  server.RaftServerConfigKeys (ConfUtils.java:logGet(43)) - raft.server.snapshot.auto.trigger.threshold = 10000 (custom)
2019-11-13 20:34:39,313 [pool-183-thread-1] INFO  server.RaftServerConfigKeys (ConfUtils.java:logGet(43)) - raft.server.snapshot.retention.file.num = 5 (custom)
2019-11-13 20:34:39,313 [pool-183-thread-1] INFO  server.RaftServerConfigKeys (ConfUtils.java:logGet(43)) - raft.server.retrycache.expirytime = 600000ms (custom)
2019-11-13 20:34:39,313 [pool-183-thread-1] WARN  impl.MetricRegistriesImpl (MetricRegistriesImpl.java:lambda$create$1(61)) - First MetricRegistry has been created without registering reporters. You may need to call MetricRegistries.global().addReportRegistration(...) before.
2019-11-13 20:34:39,313 [pool-183-thread-1] WARN  impl.MetricRegistriesImpl (MetricRegistriesImpl.java:lambda$create$1(61)) - First MetricRegistry has been created without registering reporters. You may need to call MetricRegistries.global().addReportRegistration(...) before.
2019-11-13 20:34:39,313 [pool-183-thread-1] INFO  impl.RaftServerImpl (RaftServerImpl.java:start(184)) - 5947ecff-de41-4703-8b6b-2a362119c64b@group-09844BCCBE48: start as a follower, conf=-1: [5947ecff-de41-4703-8b6b-2a362119c64b:192.168.34.20:35116], old=null
2019-11-13 20:34:39,314 [pool-183-thread-1] INFO  impl.RaftServerImpl (RaftServerImpl.java:setRole(173)) - 5947ecff-de41-4703-8b6b-2a362119c64b@group-09844BCCBE48: changes role from      null to FOLLOWER at term 0 for startAsFollower
2019-11-13 20:34:39,314 [pool-183-thread-1] INFO  impl.RoleInfo (RoleInfo.java:updateAndGet(143)) - 5947ecff-de41-4703-8b6b-2a362119c64b: start FollowerState
2019-11-13 20:34:39,314 [pool-183-thread-1] INFO  util.JmxRegister (JmxRegister.java:tryRegister(44)) - Successfully registered JMX Bean with object name Ratis:service=RaftServer,group=group-09844BCCBE48,id=5947ecff-de41-4703-8b6b-2a362119c64b
2019-11-13 20:34:39,314 [pool-183-thread-1] WARN  impl.MetricRegistriesImpl (MetricRegistriesImpl.java:lambda$create$1(61)) - First MetricRegistry has been created without registering reporters. You may need to call MetricRegistries.global().addReportRegistration(...) before.
2019-11-13 20:34:39,317 [RatisPipelineUtilsThread] INFO  pipeline.PipelineStateManager (PipelineStateManager.java:addPipeline(55)) - Created pipeline Pipeline[ Id: 225ceb45-16d9-4dd3-b066-09844bccbe48, Nodes: 5947ecff-de41-4703-8b6b-2a362119c64b{ip: 192.168.34.20, host: pr-hdds-2470-fxbl9-3826649461, networkLocation: /default-rack, certSerialId: null}, Type:RATIS, Factor:ONE, State:ALLOCATED]
2019-11-13 20:34:39,323 [grpc-default-executor-4] INFO  impl.RaftServerProxy (RaftServerProxy.java:addNew(89)) - 5fef94be-3335-41aa-8a3e-dfaf501cab3b: addNew group-06036E55F3ED:[5fef94be-3335-41aa-8a3e-dfaf501cab3b:192.168.34.20:43483] returns group-06036E55F3ED:java.util.concurrent.CompletableFuture@71e19bba[Not completed]
2019-11-13 20:34:39,324 [pool-203-thread-1] INFO  impl.RaftServerImpl (RaftServerImpl.java:<init>(98)) - 5fef94be-3335-41aa-8a3e-dfaf501cab3b: new RaftServerImpl for group-06036E55F3ED:[5fef94be-3335-41aa-8a3e-dfaf501cab3b:192.168.34.20:43483] with ContainerStateMachine:uninitialized
2019-11-13 20:34:39,325 [pool-203-thread-1] INFO  server.RaftServerConfigKeys (ConfUtils.java:logGet(43)) - raft.server.rpc.timeout.min = 1s (custom)
2019-11-13 20:34:39,325 [pool-203-thread-1] INFO  server.RaftServerConfigKeys (ConfUtils.java:logGet(43)) - raft.server.rpc.timeout.max = 1200ms (custom)
2019-11-13 20:34:39,325 [pool-203-thread-1] INFO  server.RaftServerConfigKeys (ConfUtils.java:logGet(43)) - raft.server.rpcslowness.timeout = 120s (custom)
2019-11-13 20:34:39,325 [pool-203-thread-1] INFO  server.RaftServerConfigKeys (ConfUtils.java:logGet(43)) - raft.server.sleep.deviation.threshold = 300 (default)
2019-11-13 20:34:39,325 [pool-203-thread-1] INFO  server.RaftServerConfigKeys (ConfUtils.java:logGet(43)) - raft.server.log.appender.install.snapshot.enabled = false (custom)
2019-11-13 20:34:39,325 [pool-203-thread-1] INFO  impl.RaftServerImpl (ServerState.java:<init>(103)) - 5fef94be-3335-41aa-8a3e-dfaf501cab3b@group-06036E55F3ED: ConfigurationManager, init=-1: [5fef94be-3335-41aa-8a3e-dfaf501cab3b:192.168.34.20:43483], old=null, confs=<EMPTY_MAP>
2019-11-13 20:34:39,325 [pool-203-thread-1] INFO  server.RaftServerConfigKeys (ConfUtils.java:logGet(43)) - raft.server.storage.dir = [/workdir/hadoop-ozone/integration-test/target/test-dir/MiniOzoneClusterImpl-e028e34c-e788-4356-b3c1-17795b02fdc7/datanode-5/data/ratis] (custom)
2019-11-13 20:34:39,325 [pool-203-thread-1] INFO  server.RaftServerConfigKeys (ConfUtils.java:logGet(43)) - raft.server.log.corruption.policy = EXCEPTION (default)
2019-11-13 20:34:39,326 [pool-203-thread-1] INFO  storage.RaftStorageDirectory (RaftStorageDirectory.java:analyzeStorage(246)) - The storage directory /workdir/hadoop-ozone/integration-test/target/test-dir/MiniOzoneClusterImpl-e028e34c-e788-4356-b3c1-17795b02fdc7/datanode-5/data/ratis/23781c03-b858-4009-adbc-06036e55f3ed does not exist. Creating ...
2019-11-13 20:34:39,339 [pool-203-thread-1] INFO  storage.RaftStorageDirectory (RaftStorageDirectory.java:tryLock(328)) - Lock on /workdir/hadoop-ozone/integration-test/target/test-dir/MiniOzoneClusterImpl-e028e34c-e788-4356-b3c1-17795b02fdc7/datanode-5/data/ratis/23781c03-b858-4009-adbc-06036e55f3ed/in_use.lock acquired by nodename 30323@pr-hdds-2470-fxbl9-3826649461
2019-11-13 20:34:39,353 [pool-203-thread-1] INFO  storage.RaftStorage (RaftStorage.java:format(84)) - Storage directory /workdir/hadoop-ozone/integration-test/target/test-dir/MiniOzoneClusterImpl-e028e34c-e788-4356-b3c1-17795b02fdc7/datanode-5/data/ratis/23781c03-b858-4009-adbc-06036e55f3ed has been successfully formatted.
2019-11-13 20:34:39,353 [pool-203-thread-1] INFO  ratis.ContainerStateMachine (ContainerStateMachine.java:loadSnapshot(223)) - group-06036E55F3ED: The snapshot info is null. Setting the last applied indexto:(t:0, i:~)
2019-11-13 20:34:39,353 [pool-203-thread-1] INFO  server.RaftServerConfigKeys (ConfUtils.java:logGet(43)) - raft.server.notification.no-leader.timeout = 120s (custom)
2019-11-13 20:34:39,353 [pool-203-thread-1] INFO  server.RaftServerConfigKeys (ConfUtils.java:logGet(43)) - raft.server.log.use.memory = false (default)
2019-11-13 20:34:39,353 [pool-203-thread-1] INFO  server.RaftServerConfigKeys (ConfUtils.java:logGet(43)) - raft.server.log.purge.gap = 1000000 (custom)
2019-11-13 20:34:39,354 [pool-203-thread-1] INFO  server.RaftServerConfigKeys (ConfUtils.java:logGet(43)) - raft.server.log.appender.buffer.byte-limit = 33554432 (custom)
2019-11-13 20:34:39,354 [pool-203-thread-1] INFO  server.RaftServerConfigKeys (ConfUtils.java:logGet(43)) - raft.server.log.segment.size.max = 1048576 (custom)
2019-11-13 20:34:39,354 [pool-203-thread-1] WARN  impl.MetricRegistriesImpl (MetricRegistriesImpl.java:lambda$create$1(61)) - First MetricRegistry has been created without registering reporters. You may need to call MetricRegistries.global().addReportRegistration(...) before.
2019-11-13 20:34:39,354 [pool-203-thread-1] INFO  server.RaftServerConfigKeys (ConfUtils.java:logGet(43)) - raft.server.log.segment.cache.num.max = 2 (custom)
2019-11-13 20:34:39,354 [pool-203-thread-1] INFO  segmented.SegmentedRaftLogWorker (SegmentedRaftLogWorker.java:<init>(173)) - new 5fef94be-3335-41aa-8a3e-dfaf501cab3b@group-06036E55F3ED-SegmentedRaftLogWorker for RaftStorage:Storage Directory /workdir/hadoop-ozone/integration-test/target/test-dir/MiniOzoneClusterImpl-e028e34c-e788-4356-b3c1-17795b02fdc7/datanode-5/data/ratis/23781c03-b858-4009-adbc-06036e55f3ed
2019-11-13 20:34:39,354 [pool-203-thread-1] INFO  server.RaftServerConfigKeys (ConfUtils.java:logGet(43)) - raft.server.log.queue.byte-limit = 2147483647 (custom)
2019-11-13 20:34:39,354 [pool-203-thread-1] INFO  server.RaftServerConfigKeys (ConfUtils.java:logGet(43)) - raft.server.log.queue.element-limit = 1024 (custom)
2019-11-13 20:34:39,354 [pool-203-thread-1] INFO  server.RaftServerConfigKeys (ConfUtils.java:logGet(43)) - raft.server.log.segment.size.max = 1048576 (custom)
2019-11-13 20:34:39,355 [pool-203-thread-1] INFO  server.RaftServerConfigKeys (ConfUtils.java:logGet(43)) - raft.server.log.preallocated.size = 16384 (custom)
2019-11-13 20:34:39,355 [pool-203-thread-1] INFO  server.RaftServerConfigKeys (ConfUtils.java:logGet(43)) - raft.server.log.write.buffer.size = 33554432 (custom)
2019-11-13 20:34:39,355 [pool-203-thread-1] INFO  server.RaftServerConfigKeys (ConfUtils.java:logGet(43)) - raft.server.log.force.sync.num = 128 (default)
2019-11-13 20:34:39,355 [pool-203-thread-1] INFO  server.RaftServerConfigKeys (ConfUtils.java:logGet(43)) - raft.server.log.statemachine.data.sync = true (default)
2019-11-13 20:34:39,355 [pool-203-thread-1] INFO  server.RaftServerConfigKeys (ConfUtils.java:logGet(43)) - raft.server.log.statemachine.data.sync.timeout = 10s (default)
2019-11-13 20:34:39,355 [pool-203-thread-1] INFO  server.RaftServerConfigKeys (ConfUtils.java:logGet(43)) - raft.server.log.statemachine.data.sync.timeout.retry = -1 (default)
2019-11-13 20:34:39,355 [pool-203-thread-1] INFO  server.RaftServerConfigKeys (ConfUtils.java:logGet(43)) - raft.server.log.statemachine.data.caching.enabled = true (custom)
2019-11-13 20:34:39,356 [pool-203-thread-1] INFO  segmented.SegmentedRaftLogWorker (SegmentedRaftLogWorker.java:lambda$new$0(128)) - 5fef94be-3335-41aa-8a3e-dfaf501cab3b@group-06036E55F3ED-SegmentedRaftLogWorker: flushIndex: setUnconditionally 0 -> -1
2019-11-13 20:34:39,356 [pool-203-thread-1] INFO  server.RaftServerConfigKeys (ConfUtils.java:logGet(43)) - raft.server.snapshot.auto.trigger.enabled = true (custom)
2019-11-13 20:34:39,356 [pool-203-thread-1] INFO  server.RaftServerConfigKeys (ConfUtils.java:logGet(43)) - raft.server.snapshot.auto.trigger.threshold = 10000 (custom)
2019-11-13 20:34:39,356 [pool-203-thread-1] INFO  server.RaftServerConfigKeys (ConfUtils.java:logGet(43)) - raft.server.snapshot.retention.file.num = 5 (custom)
2019-11-13 20:34:39,356 [pool-203-thread-1] INFO  server.RaftServerConfigKeys (ConfUtils.java:logGet(43)) - raft.server.retrycache.expirytime = 600000ms (custom)
2019-11-13 20:34:39,356 [pool-203-thread-1] WARN  impl.MetricRegistriesImpl (MetricRegistriesImpl.java:lambda$create$1(61)) - First MetricRegistry has been created without registering reporters. You may need to call MetricRegistries.global().addReportRegistration(...) before.
2019-11-13 20:34:39,356 [pool-203-thread-1] WARN  impl.MetricRegistriesImpl (MetricRegistriesImpl.java:lambda$create$1(61)) - First MetricRegistry has been created without registering reporters. You may need to call MetricRegistries.global().addReportRegistration(...) before.
2019-11-13 20:34:39,357 [pool-203-thread-1] INFO  impl.RaftServerImpl (RaftServerImpl.java:start(184)) - 5fef94be-3335-41aa-8a3e-dfaf501cab3b@group-06036E55F3ED: start as a follower, conf=-1: [5fef94be-3335-41aa-8a3e-dfaf501cab3b:192.168.34.20:43483], old=null
2019-11-13 20:34:39,357 [pool-203-thread-1] INFO  impl.RaftServerImpl (RaftServerImpl.java:setRole(173)) - 5fef94be-3335-41aa-8a3e-dfaf501cab3b@group-06036E55F3ED: changes role from      null to FOLLOWER at term 0 for startAsFollower
2019-11-13 20:34:39,357 [pool-203-thread-1] INFO  impl.RoleInfo (RoleInfo.java:updateAndGet(143)) - 5fef94be-3335-41aa-8a3e-dfaf501cab3b: start FollowerState
2019-11-13 20:34:39,357 [pool-203-thread-1] INFO  util.JmxRegister (JmxRegister.java:tryRegister(44)) - Successfully registered JMX Bean with object name Ratis:service=RaftServer,group=group-06036E55F3ED,id=5fef94be-3335-41aa-8a3e-dfaf501cab3b
2019-11-13 20:34:39,357 [pool-203-thread-1] WARN  impl.MetricRegistriesImpl (MetricRegistriesImpl.java:lambda$create$1(61)) - First MetricRegistry has been created without registering reporters. You may need to call MetricRegistries.global().addReportRegistration(...) before.
2019-11-13 20:34:39,360 [RatisPipelineUtilsThread] INFO  pipeline.PipelineStateManager (PipelineStateManager.java:addPipeline(55)) - Created pipeline Pipeline[ Id: 23781c03-b858-4009-adbc-06036e55f3ed, Nodes: 5fef94be-3335-41aa-8a3e-dfaf501cab3b{ip: 192.168.34.20, host: pr-hdds-2470-fxbl9-3826649461, networkLocation: /default-rack, certSerialId: null}, Type:RATIS, Factor:ONE, State:ALLOCATED]
2019-11-13 20:34:39,368 [grpc-default-executor-5] INFO  impl.RaftServerProxy (RaftServerProxy.java:addNew(89)) - 5947ecff-de41-4703-8b6b-2a362119c64b: addNew group-88D3247C8C25:[5947ecff-de41-4703-8b6b-2a362119c64b:192.168.34.20:35116, 5fef94be-3335-41aa-8a3e-dfaf501cab3b:192.168.34.20:43483, f7edbf2f-fbe3-4411-b014-7a92b8f685a2:192.168.34.20:37057] returns group-88D3247C8C25:java.util.concurrent.CompletableFuture@628cf4d7[Not completed]
2019-11-13 20:34:39,368 [grpc-default-executor-0] INFO  impl.RaftServerProxy (RaftServerProxy.java:addNew(89)) - f7edbf2f-fbe3-4411-b014-7a92b8f685a2: addNew group-88D3247C8C25:[5947ecff-de41-4703-8b6b-2a362119c64b:192.168.34.20:35116, 5fef94be-3335-41aa-8a3e-dfaf501cab3b:192.168.34.20:43483, f7edbf2f-fbe3-4411-b014-7a92b8f685a2:192.168.34.20:37057] returns group-88D3247C8C25:java.util.concurrent.CompletableFuture@38261653[Not completed]
2019-11-13 20:34:39,368 [grpc-default-executor-4] INFO  impl.RaftServerProxy (RaftServerProxy.java:addNew(89)) - 5fef94be-3335-41aa-8a3e-dfaf501cab3b: addNew group-88D3247C8C25:[5947ecff-de41-4703-8b6b-2a362119c64b:192.168.34.20:35116, 5fef94be-3335-41aa-8a3e-dfaf501cab3b:192.168.34.20:43483, f7edbf2f-fbe3-4411-b014-7a92b8f685a2:192.168.34.20:37057] returns group-88D3247C8C25:java.util.concurrent.CompletableFuture@541d7524[Not completed]
2019-11-13 20:34:39,369 [pool-183-thread-1] INFO  impl.RaftServerImpl (RaftServerImpl.java:<init>(98)) - 5947ecff-de41-4703-8b6b-2a362119c64b: new RaftServerImpl for group-88D3247C8C25:[5947ecff-de41-4703-8b6b-2a362119c64b:192.168.34.20:35116, 5fef94be-3335-41aa-8a3e-dfaf501cab3b:192.168.34.20:43483, f7edbf2f-fbe3-4411-b014-7a92b8f685a2:192.168.34.20:37057] with ContainerStateMachine:uninitialized
2019-11-13 20:34:39,369 [pool-183-thread-1] INFO  server.RaftServerConfigKeys (ConfUtils.java:logGet(43)) - raft.server.rpc.timeout.min = 1s (custom)
2019-11-13 20:34:39,369 [pool-183-thread-1] INFO  server.RaftServerConfigKeys (ConfUtils.java:logGet(43)) - raft.server.rpc.timeout.max = 1200ms (custom)
2019-11-13 20:34:39,369 [pool-183-thread-1] INFO  server.RaftServerConfigKeys (ConfUtils.java:logGet(43)) - raft.server.rpcslowness.timeout = 120s (custom)
2019-11-13 20:34:39,369 [pool-183-thread-1] INFO  server.RaftServerConfigKeys (ConfUtils.java:logGet(43)) - raft.server.sleep.deviation.threshold = 300 (default)
2019-11-13 20:34:39,369 [pool-183-thread-1] INFO  server.RaftServerConfigKeys (ConfUtils.java:logGet(43)) - raft.server.log.appender.install.snapshot.enabled = false (custom)
2019-11-13 20:34:39,369 [pool-203-thread-1] INFO  impl.RaftServerImpl (RaftServerImpl.java:<init>(98)) - 5fef94be-3335-41aa-8a3e-dfaf501cab3b: new RaftServerImpl for group-88D3247C8C25:[5947ecff-de41-4703-8b6b-2a362119c64b:192.168.34.20:35116, 5fef94be-3335-41aa-8a3e-dfaf501cab3b:192.168.34.20:43483, f7edbf2f-fbe3-4411-b014-7a92b8f685a2:192.168.34.20:37057] with ContainerStateMachine:uninitialized
2019-11-13 20:34:39,369 [pool-183-thread-1] INFO  impl.RaftServerImpl (ServerState.java:<init>(103)) - 5947ecff-de41-4703-8b6b-2a362119c64b@group-88D3247C8C25: ConfigurationManager, init=-1: [5947ecff-de41-4703-8b6b-2a362119c64b:192.168.34.20:35116, 5fef94be-3335-41aa-8a3e-dfaf501cab3b:192.168.34.20:43483, f7edbf2f-fbe3-4411-b014-7a92b8f685a2:192.168.34.20:37057], old=null, confs=<EMPTY_MAP>
2019-11-13 20:34:39,369 [pool-203-thread-1] INFO  server.RaftServerConfigKeys (ConfUtils.java:logGet(43)) - raft.server.rpc.timeout.min = 1s (custom)
2019-11-13 20:34:39,370 [pool-183-thread-1] INFO  server.RaftServerConfigKeys (ConfUtils.java:logGet(43)) - raft.server.storage.dir = [/workdir/hadoop-ozone/integration-test/target/test-dir/MiniOzoneClusterImpl-e028e34c-e788-4356-b3c1-17795b02fdc7/datanode-3/data/ratis] (custom)
2019-11-13 20:34:39,370 [pool-203-thread-1] INFO  server.RaftServerConfigKeys (ConfUtils.java:logGet(43)) - raft.server.rpc.timeout.max = 1200ms (custom)
2019-11-13 20:34:39,370 [pool-203-thread-1] INFO  server.RaftServerConfigKeys (ConfUtils.java:logGet(43)) - raft.server.rpcslowness.timeout = 120s (custom)
2019-11-13 20:34:39,370 [pool-183-thread-1] INFO  server.RaftServerConfigKeys (ConfUtils.java:logGet(43)) - raft.server.log.corruption.policy = EXCEPTION (default)
2019-11-13 20:34:39,370 [pool-203-thread-1] INFO  server.RaftServerConfigKeys (ConfUtils.java:logGet(43)) - raft.server.sleep.deviation.threshold = 300 (default)
2019-11-13 20:34:39,370 [pool-183-thread-1] INFO  storage.RaftStorageDirectory (RaftStorageDirectory.java:analyzeStorage(246)) - The storage directory /workdir/hadoop-ozone/integration-test/target/test-dir/MiniOzoneClusterImpl-e028e34c-e788-4356-b3c1-17795b02fdc7/datanode-3/data/ratis/6da67883-c009-4c48-90da-88d3247c8c25 does not exist. Creating ...
2019-11-13 20:34:39,370 [pool-203-thread-1] INFO  server.RaftServerConfigKeys (ConfUtils.java:logGet(43)) - raft.server.log.appender.install.snapshot.enabled = false (custom)
2019-11-13 20:34:39,370 [pool-193-thread-1] INFO  impl.RaftServerImpl (RaftServerImpl.java:<init>(98)) - f7edbf2f-fbe3-4411-b014-7a92b8f685a2: new RaftServerImpl for group-88D3247C8C25:[5947ecff-de41-4703-8b6b-2a362119c64b:192.168.34.20:35116, 5fef94be-3335-41aa-8a3e-dfaf501cab3b:192.168.34.20:43483, f7edbf2f-fbe3-4411-b014-7a92b8f685a2:192.168.34.20:37057] with ContainerStateMachine:uninitialized
2019-11-13 20:34:39,370 [pool-203-thread-1] INFO  impl.RaftServerImpl (ServerState.java:<init>(103)) - 5fef94be-3335-41aa-8a3e-dfaf501cab3b@group-88D3247C8C25: ConfigurationManager, init=-1: [5947ecff-de41-4703-8b6b-2a362119c64b:192.168.34.20:35116, 5fef94be-3335-41aa-8a3e-dfaf501cab3b:192.168.34.20:43483, f7edbf2f-fbe3-4411-b014-7a92b8f685a2:192.168.34.20:37057], old=null, confs=<EMPTY_MAP>
2019-11-13 20:34:39,370 [pool-193-thread-1] INFO  server.RaftServerConfigKeys (ConfUtils.java:logGet(43)) - raft.server.rpc.timeout.min = 1s (custom)
2019-11-13 20:34:39,371 [pool-203-thread-1] INFO  server.RaftServerConfigKeys (ConfUtils.java:logGet(43)) - raft.server.storage.dir = [/workdir/hadoop-ozone/integration-test/target/test-dir/MiniOzoneClusterImpl-e028e34c-e788-4356-b3c1-17795b02fdc7/datanode-5/data/ratis] (custom)
2019-11-13 20:34:39,371 [pool-193-thread-1] INFO  server.RaftServerConfigKeys (ConfUtils.java:logGet(43)) - raft.server.rpc.timeout.max = 1200ms (custom)
2019-11-13 20:34:39,371 [pool-203-thread-1] INFO  server.RaftServerConfigKeys (ConfUtils.java:logGet(43)) - raft.server.log.corruption.policy = EXCEPTION (default)
2019-11-13 20:34:39,371 [pool-193-thread-1] INFO  server.RaftServerConfigKeys (ConfUtils.java:logGet(43)) - raft.server.rpcslowness.timeout = 120s (custom)
2019-11-13 20:34:39,371 [pool-203-thread-1] INFO  storage.RaftStorageDirectory (RaftStorageDirectory.java:analyzeStorage(246)) - The storage directory /workdir/hadoop-ozone/integration-test/target/test-dir/MiniOzoneClusterImpl-e028e34c-e788-4356-b3c1-17795b02fdc7/datanode-5/data/ratis/6da67883-c009-4c48-90da-88d3247c8c25 does not exist. Creating ...
2019-11-13 20:34:39,371 [pool-193-thread-1] INFO  server.RaftServerConfigKeys (ConfUtils.java:logGet(43)) - raft.server.sleep.deviation.threshold = 300 (default)
2019-11-13 20:34:39,371 [pool-193-thread-1] INFO  server.RaftServerConfigKeys (ConfUtils.java:logGet(43)) - raft.server.log.appender.install.snapshot.enabled = false (custom)
2019-11-13 20:34:39,371 [pool-193-thread-1] INFO  impl.RaftServerImpl (ServerState.java:<init>(103)) - f7edbf2f-fbe3-4411-b014-7a92b8f685a2@group-88D3247C8C25: ConfigurationManager, init=-1: [5947ecff-de41-4703-8b6b-2a362119c64b:192.168.34.20:35116, 5fef94be-3335-41aa-8a3e-dfaf501cab3b:192.168.34.20:43483, f7edbf2f-fbe3-4411-b014-7a92b8f685a2:192.168.34.20:37057], old=null, confs=<EMPTY_MAP>
2019-11-13 20:34:39,372 [pool-193-thread-1] INFO  server.RaftServerConfigKeys (ConfUtils.java:logGet(43)) - raft.server.storage.dir = [/workdir/hadoop-ozone/integration-test/target/test-dir/MiniOzoneClusterImpl-e028e34c-e788-4356-b3c1-17795b02fdc7/datanode-4/data/ratis] (custom)
2019-11-13 20:34:39,372 [pool-193-thread-1] INFO  server.RaftServerConfigKeys (ConfUtils.java:logGet(43)) - raft.server.log.corruption.policy = EXCEPTION (default)
2019-11-13 20:34:39,372 [pool-193-thread-1] INFO  storage.RaftStorageDirectory (RaftStorageDirectory.java:analyzeStorage(246)) - The storage directory /workdir/hadoop-ozone/integration-test/target/test-dir/MiniOzoneClusterImpl-e028e34c-e788-4356-b3c1-17795b02fdc7/datanode-4/data/ratis/6da67883-c009-4c48-90da-88d3247c8c25 does not exist. Creating ...
2019-11-13 20:34:39,395 [pool-183-thread-1] INFO  storage.RaftStorageDirectory (RaftStorageDirectory.java:tryLock(328)) - Lock on /workdir/hadoop-ozone/integration-test/target/test-dir/MiniOzoneClusterImpl-e028e34c-e788-4356-b3c1-17795b02fdc7/datanode-3/data/ratis/6da67883-c009-4c48-90da-88d3247c8c25/in_use.lock acquired by nodename 30323@pr-hdds-2470-fxbl9-3826649461
2019-11-13 20:34:39,395 [pool-193-thread-1] INFO  storage.RaftStorageDirectory (RaftStorageDirectory.java:tryLock(328)) - Lock on /workdir/hadoop-ozone/integration-test/target/test-dir/MiniOzoneClusterImpl-e028e34c-e788-4356-b3c1-17795b02fdc7/datanode-4/data/ratis/6da67883-c009-4c48-90da-88d3247c8c25/in_use.lock acquired by nodename 30323@pr-hdds-2470-fxbl9-3826649461
2019-11-13 20:34:39,395 [pool-203-thread-1] INFO  storage.RaftStorageDirectory (RaftStorageDirectory.java:tryLock(328)) - Lock on /workdir/hadoop-ozone/integration-test/target/test-dir/MiniOzoneClusterImpl-e028e34c-e788-4356-b3c1-17795b02fdc7/datanode-5/data/ratis/6da67883-c009-4c48-90da-88d3247c8c25/in_use.lock acquired by nodename 30323@pr-hdds-2470-fxbl9-3826649461
2019-11-13 20:34:39,420 [pool-183-thread-1] INFO  storage.RaftStorage (RaftStorage.java:format(84)) - Storage directory /workdir/hadoop-ozone/integration-test/target/test-dir/MiniOzoneClusterImpl-e028e34c-e788-4356-b3c1-17795b02fdc7/datanode-3/data/ratis/6da67883-c009-4c48-90da-88d3247c8c25 has been successfully formatted.
2019-11-13 20:34:39,420 [pool-193-thread-1] INFO  storage.RaftStorage (RaftStorage.java:format(84)) - Storage directory /workdir/hadoop-ozone/integration-test/target/test-dir/MiniOzoneClusterImpl-e028e34c-e788-4356-b3c1-17795b02fdc7/datanode-4/data/ratis/6da67883-c009-4c48-90da-88d3247c8c25 has been successfully formatted.
2019-11-13 20:34:39,420 [pool-203-thread-1] INFO  storage.RaftStorage (RaftStorage.java:format(84)) - Storage directory /workdir/hadoop-ozone/integration-test/target/test-dir/MiniOzoneClusterImpl-e028e34c-e788-4356-b3c1-17795b02fdc7/datanode-5/data/ratis/6da67883-c009-4c48-90da-88d3247c8c25 has been successfully formatted.
2019-11-13 20:34:39,420 [pool-193-thread-1] INFO  ratis.ContainerStateMachine (ContainerStateMachine.java:loadSnapshot(223)) - group-88D3247C8C25: The snapshot info is null. Setting the last applied indexto:(t:0, i:~)
2019-11-13 20:34:39,420 [pool-183-thread-1] INFO  ratis.ContainerStateMachine (ContainerStateMachine.java:loadSnapshot(223)) - group-88D3247C8C25: The snapshot info is null. Setting the last applied indexto:(t:0, i:~)
2019-11-13 20:34:39,420 [pool-193-thread-1] INFO  server.RaftServerConfigKeys (ConfUtils.java:logGet(43)) - raft.server.notification.no-leader.timeout = 120s (custom)
2019-11-13 20:34:39,420 [pool-203-thread-1] INFO  ratis.ContainerStateMachine (ContainerStateMachine.java:loadSnapshot(223)) - group-88D3247C8C25: The snapshot info is null. Setting the last applied indexto:(t:0, i:~)
2019-11-13 20:34:39,421 [pool-193-thread-1] INFO  server.RaftServerConfigKeys (ConfUtils.java:logGet(43)) - raft.server.log.use.memory = false (default)
2019-11-13 20:34:39,420 [pool-183-thread-1] INFO  server.RaftServerConfigKeys (ConfUtils.java:logGet(43)) - raft.server.notification.no-leader.timeout = 120s (custom)
2019-11-13 20:34:39,421 [pool-193-thread-1] INFO  server.RaftServerConfigKeys (ConfUtils.java:logGet(43)) - raft.server.log.purge.gap = 1000000 (custom)
2019-11-13 20:34:39,421 [pool-203-thread-1] INFO  server.RaftServerConfigKeys (ConfUtils.java:logGet(43)) - raft.server.notification.no-leader.timeout = 120s (custom)
2019-11-13 20:34:39,421 [pool-193-thread-1] INFO  server.RaftServerConfigKeys (ConfUtils.java:logGet(43)) - raft.server.log.appender.buffer.byte-limit = 33554432 (custom)
2019-11-13 20:34:39,421 [pool-183-thread-1] INFO  server.RaftServerConfigKeys (ConfUtils.java:logGet(43)) - raft.server.log.use.memory = false (default)
2019-11-13 20:34:39,421 [pool-193-thread-1] INFO  server.RaftServerConfigKeys (ConfUtils.java:logGet(43)) - raft.server.log.segment.size.max = 1048576 (custom)
2019-11-13 20:34:39,421 [pool-203-thread-1] INFO  server.RaftServerConfigKeys (ConfUtils.java:logGet(43)) - raft.server.log.use.memory = false (default)
2019-11-13 20:34:39,421 [pool-193-thread-1] INFO  server.RaftServerConfigKeys (ConfUtils.java:logGet(43)) - raft.server.log.segment.cache.num.max = 2 (custom)
2019-11-13 20:34:39,421 [pool-183-thread-1] INFO  server.RaftServerConfigKeys (ConfUtils.java:logGet(43)) - raft.server.log.purge.gap = 1000000 (custom)
2019-11-13 20:34:39,422 [pool-193-thread-1] INFO  segmented.SegmentedRaftLogWorker (SegmentedRaftLogWorker.java:<init>(173)) - new f7edbf2f-fbe3-4411-b014-7a92b8f685a2@group-88D3247C8C25-SegmentedRaftLogWorker for RaftStorage:Storage Directory /workdir/hadoop-ozone/integration-test/target/test-dir/MiniOzoneClusterImpl-e028e34c-e788-4356-b3c1-17795b02fdc7/datanode-4/data/ratis/6da67883-c009-4c48-90da-88d3247c8c25
2019-11-13 20:34:39,422 [pool-203-thread-1] INFO  server.RaftServerConfigKeys (ConfUtils.java:logGet(43)) - raft.server.log.purge.gap = 1000000 (custom)
2019-11-13 20:34:39,422 [pool-193-thread-1] INFO  server.RaftServerConfigKeys (ConfUtils.java:logGet(43)) - raft.server.log.queue.byte-limit = 2147483647 (custom)
2019-11-13 20:34:39,422 [pool-183-thread-1] INFO  server.RaftServerConfigKeys (ConfUtils.java:logGet(43)) - raft.server.log.appender.buffer.byte-limit = 33554432 (custom)
2019-11-13 20:34:39,422 [pool-193-thread-1] INFO  server.RaftServerConfigKeys (ConfUtils.java:logGet(43)) - raft.server.log.queue.element-limit = 1024 (custom)
2019-11-13 20:34:39,422 [pool-203-thread-1] INFO  server.RaftServerConfigKeys (ConfUtils.java:logGet(43)) - raft.server.log.appender.buffer.byte-limit = 33554432 (custom)
2019-11-13 20:34:39,423 [pool-193-thread-1] INFO  server.RaftServerConfigKeys (ConfUtils.java:logGet(43)) - raft.server.log.segment.size.max = 1048576 (custom)
2019-11-13 20:34:39,423 [pool-183-thread-1] INFO  server.RaftServerConfigKeys (ConfUtils.java:logGet(43)) - raft.server.log.segment.size.max = 1048576 (custom)
2019-11-13 20:34:39,423 [pool-193-thread-1] INFO  server.RaftServerConfigKeys (ConfUtils.java:logGet(43)) - raft.server.log.preallocated.size = 16384 (custom)
2019-11-13 20:34:39,423 [pool-203-thread-1] INFO  server.RaftServerConfigKeys (ConfUtils.java:logGet(43)) - raft.server.log.segment.size.max = 1048576 (custom)
2019-11-13 20:34:39,423 [pool-193-thread-1] INFO  server.RaftServerConfigKeys (ConfUtils.java:logGet(43)) - raft.server.log.write.buffer.size = 33554432 (custom)
2019-11-13 20:34:39,423 [pool-183-thread-1] INFO  server.RaftServerConfigKeys (ConfUtils.java:logGet(43)) - raft.server.log.segment.cache.num.max = 2 (custom)
2019-11-13 20:34:39,423 [pool-193-thread-1] INFO  server.RaftServerConfigKeys (ConfUtils.java:logGet(43)) - raft.server.log.force.sync.num = 128 (default)
2019-11-13 20:34:39,424 [pool-193-thread-1] INFO  server.RaftServerConfigKeys (ConfUtils.java:logGet(43)) - raft.server.log.statemachine.data.sync = true (default)
2019-11-13 20:34:39,423 [pool-203-thread-1] INFO  server.RaftServerConfigKeys (ConfUtils.java:logGet(43)) - raft.server.log.segment.cache.num.max = 2 (custom)
2019-11-13 20:34:39,424 [pool-193-thread-1] INFO  server.RaftServerConfigKeys (ConfUtils.java:logGet(43)) - raft.server.log.statemachine.data.sync.timeout = 10s (default)
2019-11-13 20:34:39,424 [pool-183-thread-1] INFO  segmented.SegmentedRaftLogWorker (SegmentedRaftLogWorker.java:<init>(173)) - new 5947ecff-de41-4703-8b6b-2a362119c64b@group-88D3247C8C25-SegmentedRaftLogWorker for RaftStorage:Storage Directory /workdir/hadoop-ozone/integration-test/target/test-dir/MiniOzoneClusterImpl-e028e34c-e788-4356-b3c1-17795b02fdc7/datanode-3/data/ratis/6da67883-c009-4c48-90da-88d3247c8c25
2019-11-13 20:34:39,424 [pool-193-thread-1] INFO  server.RaftServerConfigKeys (ConfUtils.java:logGet(43)) - raft.server.log.statemachine.data.sync.timeout.retry = -1 (default)
2019-11-13 20:34:39,424 [pool-203-thread-1] INFO  segmented.SegmentedRaftLogWorker (SegmentedRaftLogWorker.java:<init>(173)) - new 5fef94be-3335-41aa-8a3e-dfaf501cab3b@group-88D3247C8C25-SegmentedRaftLogWorker for RaftStorage:Storage Directory /workdir/hadoop-ozone/integration-test/target/test-dir/MiniOzoneClusterImpl-e028e34c-e788-4356-b3c1-17795b02fdc7/datanode-5/data/ratis/6da67883-c009-4c48-90da-88d3247c8c25
2019-11-13 20:34:39,424 [pool-193-thread-1] INFO  server.RaftServerConfigKeys (ConfUtils.java:logGet(43)) - raft.server.log.statemachine.data.caching.enabled = true (custom)
2019-11-13 20:34:39,424 [pool-183-thread-1] INFO  server.RaftServerConfigKeys (ConfUtils.java:logGet(43)) - raft.server.log.queue.byte-limit = 2147483647 (custom)
2019-11-13 20:34:39,424 [pool-203-thread-1] INFO  server.RaftServerConfigKeys (ConfUtils.java:logGet(43)) - raft.server.log.queue.byte-limit = 2147483647 (custom)
2019-11-13 20:34:39,425 [pool-193-thread-1] INFO  segmented.SegmentedRaftLogWorker (SegmentedRaftLogWorker.java:lambda$new$0(128)) - f7edbf2f-fbe3-4411-b014-7a92b8f685a2@group-88D3247C8C25-SegmentedRaftLogWorker: flushIndex: setUnconditionally 0 -> -1
2019-11-13 20:34:39,425 [pool-183-thread-1] INFO  server.RaftServerConfigKeys (ConfUtils.java:logGet(43)) - raft.server.log.queue.element-limit = 1024 (custom)
2019-11-13 20:34:39,425 [pool-203-thread-1] INFO  server.RaftServerConfigKeys (ConfUtils.java:logGet(43)) - raft.server.log.queue.element-limit = 1024 (custom)
2019-11-13 20:34:39,425 [pool-193-thread-1] INFO  server.RaftServerConfigKeys (ConfUtils.java:logGet(43)) - raft.server.snapshot.auto.trigger.enabled = true (custom)
2019-11-13 20:34:39,425 [pool-183-thread-1] INFO  server.RaftServerConfigKeys (ConfUtils.java:logGet(43)) - raft.server.log.segment.size.max = 1048576 (custom)
2019-11-13 20:34:39,425 [pool-193-thread-1] INFO  server.RaftServerConfigKeys (ConfUtils.java:logGet(43)) - raft.server.snapshot.auto.trigger.threshold = 10000 (custom)
2019-11-13 20:34:39,425 [pool-203-thread-1] INFO  server.RaftServerConfigKeys (ConfUtils.java:logGet(43)) - raft.server.log.segment.size.max = 1048576 (custom)
2019-11-13 20:34:39,425 [pool-193-thread-1] INFO  server.RaftServerConfigKeys (ConfUtils.java:logGet(43)) - raft.server.snapshot.retention.file.num = 5 (custom)
2019-11-13 20:34:39,425 [pool-183-thread-1] INFO  server.RaftServerConfigKeys (ConfUtils.java:logGet(43)) - raft.server.log.preallocated.size = 16384 (custom)
2019-11-13 20:34:39,426 [pool-193-thread-1] INFO  server.RaftServerConfigKeys (ConfUtils.java:logGet(43)) - raft.server.retrycache.expirytime = 600000ms (custom)
2019-11-13 20:34:39,426 [pool-203-thread-1] INFO  server.RaftServerConfigKeys (ConfUtils.java:logGet(43)) - raft.server.log.preallocated.size = 16384 (custom)
2019-11-13 20:34:39,426 [pool-193-thread-1] WARN  impl.MetricRegistriesImpl (MetricRegistriesImpl.java:lambda$create$1(61)) - First MetricRegistry has been created without registering reporters. You may need to call MetricRegistries.global().addReportRegistration(...) before.
2019-11-13 20:34:39,426 [pool-183-thread-1] INFO  server.RaftServerConfigKeys (ConfUtils.java:logGet(43)) - raft.server.log.write.buffer.size = 33554432 (custom)
2019-11-13 20:34:39,426 [pool-193-thread-1] WARN  impl.MetricRegistriesImpl (MetricRegistriesImpl.java:lambda$create$1(61)) - First MetricRegistry has been created without registering reporters. You may need to call MetricRegistries.global().addReportRegistration(...) before.
2019-11-13 20:34:39,426 [pool-203-thread-1] INFO  server.RaftServerConfigKeys (ConfUtils.java:logGet(43)) - raft.server.log.write.buffer.size = 33554432 (custom)
2019-11-13 20:34:39,426 [pool-193-thread-1] INFO  impl.RaftServerImpl (RaftServerImpl.java:start(184)) - f7edbf2f-fbe3-4411-b014-7a92b8f685a2@group-88D3247C8C25: start as a follower, conf=-1: [5947ecff-de41-4703-8b6b-2a362119c64b:192.168.34.20:35116, 5fef94be-3335-41aa-8a3e-dfaf501cab3b:192.168.34.20:43483, f7edbf2f-fbe3-4411-b014-7a92b8f685a2:192.168.34.20:37057], old=null
2019-11-13 20:34:39,426 [pool-183-thread-1] INFO  server.RaftServerConfigKeys (ConfUtils.java:logGet(43)) - raft.server.log.force.sync.num = 128 (default)
2019-11-13 20:34:39,427 [pool-193-thread-1] INFO  impl.RaftServerImpl (RaftServerImpl.java:setRole(173)) - f7edbf2f-fbe3-4411-b014-7a92b8f685a2@group-88D3247C8C25: changes role from      null to FOLLOWER at term 0 for startAsFollower
2019-11-13 20:34:39,427 [pool-203-thread-1] INFO  server.RaftServerConfigKeys (ConfUtils.java:logGet(43)) - raft.server.log.force.sync.num = 128 (default)
2019-11-13 20:34:39,427 [pool-193-thread-1] INFO  impl.RoleInfo (RoleInfo.java:updateAndGet(143)) - f7edbf2f-fbe3-4411-b014-7a92b8f685a2: start FollowerState
2019-11-13 20:34:39,427 [pool-183-thread-1] INFO  server.RaftServerConfigKeys (ConfUtils.java:logGet(43)) - raft.server.log.statemachine.data.sync = true (default)
2019-11-13 20:34:39,427 [pool-203-thread-1] INFO  server.RaftServerConfigKeys (ConfUtils.java:logGet(43)) - raft.server.log.statemachine.data.sync = true (default)
2019-11-13 20:34:39,427 [pool-183-thread-1] INFO  server.RaftServerConfigKeys (ConfUtils.java:logGet(43)) - raft.server.log.statemachine.data.sync.timeout = 10s (default)
2019-11-13 20:34:39,427 [pool-203-thread-1] INFO  server.RaftServerConfigKeys (ConfUtils.java:logGet(43)) - raft.server.log.statemachine.data.sync.timeout = 10s (default)
2019-11-13 20:34:39,428 [pool-193-thread-1] INFO  util.JmxRegister (JmxRegister.java:tryRegister(44)) - Successfully registered JMX Bean with object name Ratis:service=RaftServer,group=group-88D3247C8C25,id=f7edbf2f-fbe3-4411-b014-7a92b8f685a2
2019-11-13 20:34:39,428 [pool-183-thread-1] INFO  server.RaftServerConfigKeys (ConfUtils.java:logGet(43)) - raft.server.log.statemachine.data.sync.timeout.retry = -1 (default)
2019-11-13 20:34:39,428 [pool-193-thread-1] WARN  impl.MetricRegistriesImpl (MetricRegistriesImpl.java:lambda$create$1(61)) - First MetricRegistry has been created without registering reporters. You may need to call MetricRegistries.global().addReportRegistration(...) before.
2019-11-13 20:34:39,428 [pool-203-thread-1] INFO  server.RaftServerConfigKeys (ConfUtils.java:logGet(43)) - raft.server.log.statemachine.data.sync.timeout.retry = -1 (default)
2019-11-13 20:34:39,428 [pool-183-thread-1] INFO  server.RaftServerConfigKeys (ConfUtils.java:logGet(43)) - raft.server.log.statemachine.data.caching.enabled = true (custom)
2019-11-13 20:34:39,428 [pool-203-thread-1] INFO  server.RaftServerConfigKeys (ConfUtils.java:logGet(43)) - raft.server.log.statemachine.data.caching.enabled = true (custom)
2019-11-13 20:34:39,428 [pool-183-thread-1] INFO  segmented.SegmentedRaftLogWorker (SegmentedRaftLogWorker.java:lambda$new$0(128)) - 5947ecff-de41-4703-8b6b-2a362119c64b@group-88D3247C8C25-SegmentedRaftLogWorker: flushIndex: setUnconditionally 0 -> -1
2019-11-13 20:34:39,428 [pool-203-thread-1] INFO  segmented.SegmentedRaftLogWorker (SegmentedRaftLogWorker.java:lambda$new$0(128)) - 5fef94be-3335-41aa-8a3e-dfaf501cab3b@group-88D3247C8C25-SegmentedRaftLogWorker: flushIndex: setUnconditionally 0 -> -1
2019-11-13 20:34:39,429 [pool-183-thread-1] INFO  server.RaftServerConfigKeys (ConfUtils.java:logGet(43)) - raft.server.snapshot.auto.trigger.enabled = true (custom)
2019-11-13 20:34:39,429 [pool-183-thread-1] INFO  server.RaftServerConfigKeys (ConfUtils.java:logGet(43)) - raft.server.snapshot.auto.trigger.threshold = 10000 (custom)
2019-11-13 20:34:39,429 [pool-203-thread-1] INFO  server.RaftServerConfigKeys (ConfUtils.java:logGet(43)) - raft.server.snapshot.auto.trigger.enabled = true (custom)
2019-11-13 20:34:39,429 [pool-183-thread-1] INFO  server.RaftServerConfigKeys (ConfUtils.java:logGet(43)) - raft.server.snapshot.retention.file.num = 5 (custom)
2019-11-13 20:34:39,429 [pool-203-thread-1] INFO  server.RaftServerConfigKeys (ConfUtils.java:logGet(43)) - raft.server.snapshot.auto.trigger.threshold = 10000 (custom)
2019-11-13 20:34:39,429 [pool-183-thread-1] INFO  server.RaftServerConfigKeys (ConfUtils.java:logGet(43)) - raft.server.retrycache.expirytime = 600000ms (custom)
2019-11-13 20:34:39,429 [pool-203-thread-1] INFO  server.RaftServerConfigKeys (ConfUtils.java:logGet(43)) - raft.server.snapshot.retention.file.num = 5 (custom)
2019-11-13 20:34:39,429 [pool-183-thread-1] WARN  impl.MetricRegistriesImpl (MetricRegistriesImpl.java:lambda$create$1(61)) - First MetricRegistry has been created without registering reporters. You may need to call MetricRegistries.global().addReportRegistration(...) before.
2019-11-13 20:34:39,429 [pool-203-thread-1] INFO  server.RaftServerConfigKeys (ConfUtils.java:logGet(43)) - raft.server.retrycache.expirytime = 600000ms (custom)
2019-11-13 20:34:39,429 [pool-183-thread-1] WARN  impl.MetricRegistriesImpl (MetricRegistriesImpl.java:lambda$create$1(61)) - First MetricRegistry has been created without registering reporters. You may need to call MetricRegistries.global().addReportRegistration(...) before.
2019-11-13 20:34:39,430 [pool-203-thread-1] WARN  impl.MetricRegistriesImpl (MetricRegistriesImpl.java:lambda$create$1(61)) - First MetricRegistry has been created without registering reporters. You may need to call MetricRegistries.global().addReportRegistration(...) before.
2019-11-13 20:34:39,430 [pool-183-thread-1] INFO  impl.RaftServerImpl (RaftServerImpl.java:start(184)) - 5947ecff-de41-4703-8b6b-2a362119c64b@group-88D3247C8C25: start as a follower, conf=-1: [5947ecff-de41-4703-8b6b-2a362119c64b:192.168.34.20:35116, 5fef94be-3335-41aa-8a3e-dfaf501cab3b:192.168.34.20:43483, f7edbf2f-fbe3-4411-b014-7a92b8f685a2:192.168.34.20:37057], old=null
2019-11-13 20:34:39,430 [pool-203-thread-1] WARN  impl.MetricRegistriesImpl (MetricRegistriesImpl.java:lambda$create$1(61)) - First MetricRegistry has been created without registering reporters. You may need to call MetricRegistries.global().addReportRegistration(...) before.
2019-11-13 20:34:39,430 [pool-183-thread-1] INFO  impl.RaftServerImpl (RaftServerImpl.java:setRole(173)) - 5947ecff-de41-4703-8b6b-2a362119c64b@group-88D3247C8C25: changes role from      null to FOLLOWER at term 0 for startAsFollower
2019-11-13 20:34:39,430 [pool-203-thread-1] INFO  impl.RaftServerImpl (RaftServerImpl.java:start(184)) - 5fef94be-3335-41aa-8a3e-dfaf501cab3b@group-88D3247C8C25: start as a follower, conf=-1: [5947ecff-de41-4703-8b6b-2a362119c64b:192.168.34.20:35116, 5fef94be-3335-41aa-8a3e-dfaf501cab3b:192.168.34.20:43483, f7edbf2f-fbe3-4411-b014-7a92b8f685a2:192.168.34.20:37057], old=null
2019-11-13 20:34:39,430 [pool-183-thread-1] INFO  impl.RoleInfo (RoleInfo.java:updateAndGet(143)) - 5947ecff-de41-4703-8b6b-2a362119c64b: start FollowerState
2019-11-13 20:34:39,430 [pool-203-thread-1] INFO  impl.RaftServerImpl (RaftServerImpl.java:setRole(173)) - 5fef94be-3335-41aa-8a3e-dfaf501cab3b@group-88D3247C8C25: changes role from      null to FOLLOWER at term 0 for startAsFollower
2019-11-13 20:34:39,430 [pool-203-thread-1] INFO  impl.RoleInfo (RoleInfo.java:updateAndGet(143)) - 5fef94be-3335-41aa-8a3e-dfaf501cab3b: start FollowerState
2019-11-13 20:34:39,430 [pool-183-thread-1] INFO  util.JmxRegister (JmxRegister.java:tryRegister(44)) - Successfully registered JMX Bean with object name Ratis:service=RaftServer,group=group-88D3247C8C25,id=5947ecff-de41-4703-8b6b-2a362119c64b
2019-11-13 20:34:39,431 [pool-183-thread-1] WARN  impl.MetricRegistriesImpl (MetricRegistriesImpl.java:lambda$create$1(61)) - First MetricRegistry has been created without registering reporters. You may need to call MetricRegistries.global().addReportRegistration(...) before.
2019-11-13 20:34:39,431 [pool-203-thread-1] INFO  util.JmxRegister (JmxRegister.java:tryRegister(44)) - Successfully registered JMX Bean with object name Ratis:service=RaftServer,group=group-88D3247C8C25,id=5fef94be-3335-41aa-8a3e-dfaf501cab3b
2019-11-13 20:34:39,431 [pool-203-thread-1] WARN  impl.MetricRegistriesImpl (MetricRegistriesImpl.java:lambda$create$1(61)) - First MetricRegistry has been created without registering reporters. You may need to call MetricRegistries.global().addReportRegistration(...) before.
2019-11-13 20:34:39,434 [RatisPipelineUtilsThread] INFO  pipeline.PipelineStateManager (PipelineStateManager.java:addPipeline(55)) - Created pipeline Pipeline[ Id: 6da67883-c009-4c48-90da-88d3247c8c25, Nodes: f7edbf2f-fbe3-4411-b014-7a92b8f685a2{ip: 192.168.34.20, host: pr-hdds-2470-fxbl9-3826649461, networkLocation: /default-rack, certSerialId: null}5947ecff-de41-4703-8b6b-2a362119c64b{ip: 192.168.34.20, host: pr-hdds-2470-fxbl9-3826649461, networkLocation: /default-rack, certSerialId: null}5fef94be-3335-41aa-8a3e-dfaf501cab3b{ip: 192.168.34.20, host: pr-hdds-2470-fxbl9-3826649461, networkLocation: /default-rack, certSerialId: null}, Type:RATIS, Factor:THREE, State:ALLOCATED]
2019-11-13 20:34:39,434 [main] INFO  ozone.MiniOzoneClusterImpl (MiniOzoneClusterImpl.java:lambda$waitForClusterToBeReady$2(163)) - Waiting for 8 number of pipelines out of 8, to report a leader.
2019-11-13 20:34:40,104 [Thread-1563] INFO  impl.FollowerState (FollowerState.java:run(111)) - 83ff406b-cc24-4672-8ad4-94afba27c25e@group-5D705440D967-FollowerState: change to CANDIDATE, lastRpcTime:1022ms, electionTimeout:1022ms
2019-11-13 20:34:40,106 [Thread-1563] INFO  impl.RoleInfo (RoleInfo.java:shutdownFollowerState(121)) - 83ff406b-cc24-4672-8ad4-94afba27c25e: shutdown FollowerState
2019-11-13 20:34:40,107 [Thread-1563] INFO  impl.RaftServerImpl (RaftServerImpl.java:setRole(173)) - 83ff406b-cc24-4672-8ad4-94afba27c25e@group-5D705440D967: changes role from  FOLLOWER to CANDIDATE at term 0 for changeToCandidate
2019-11-13 20:34:40,107 [Thread-1563] INFO  impl.RoleInfo (RoleInfo.java:updateAndGet(143)) - 83ff406b-cc24-4672-8ad4-94afba27c25e: start LeaderElection
2019-11-13 20:34:40,128 [Thread-1560] INFO  impl.FollowerState (FollowerState.java:run(111)) - a396b6da-9b4a-4217-b353-472b7d1ddb56@group-A578082086B2-FollowerState: change to CANDIDATE, lastRpcTime:1111ms, electionTimeout:1111ms
2019-11-13 20:34:40,128 [Thread-1560] INFO  impl.RoleInfo (RoleInfo.java:shutdownFollowerState(121)) - a396b6da-9b4a-4217-b353-472b7d1ddb56: shutdown FollowerState
2019-11-13 20:34:40,129 [Thread-1560] INFO  impl.RaftServerImpl (RaftServerImpl.java:setRole(173)) - a396b6da-9b4a-4217-b353-472b7d1ddb56@group-A578082086B2: changes role from  FOLLOWER to CANDIDATE at term 0 for changeToCandidate
2019-11-13 20:34:40,129 [Thread-1560] INFO  impl.RoleInfo (RoleInfo.java:updateAndGet(143)) - a396b6da-9b4a-4217-b353-472b7d1ddb56: start LeaderElection
2019-11-13 20:34:40,136 [83ff406b-cc24-4672-8ad4-94afba27c25e@group-5D705440D967-LeaderElection41] INFO  impl.LeaderElection (LeaderElection.java:askForVotes(178)) - 83ff406b-cc24-4672-8ad4-94afba27c25e@group-5D705440D967-LeaderElection41: begin an election at term 1 for -1: [83ff406b-cc24-4672-8ad4-94afba27c25e:192.168.34.20:34460], old=null
2019-11-13 20:34:40,136 [83ff406b-cc24-4672-8ad4-94afba27c25e@group-5D705440D967-LeaderElection41] INFO  impl.RoleInfo (RoleInfo.java:shutdownLeaderElection(134)) - 83ff406b-cc24-4672-8ad4-94afba27c25e: shutdown LeaderElection
2019-11-13 20:34:40,136 [83ff406b-cc24-4672-8ad4-94afba27c25e@group-5D705440D967-LeaderElection41] INFO  impl.RaftServerImpl (RaftServerImpl.java:setRole(173)) - 83ff406b-cc24-4672-8ad4-94afba27c25e@group-5D705440D967: changes role from CANDIDATE to LEADER at term 1 for changeToLeader
2019-11-13 20:34:40,136 [83ff406b-cc24-4672-8ad4-94afba27c25e@group-5D705440D967-LeaderElection41] INFO  ratis.XceiverServerRatis (XceiverServerRatis.java:handleLeaderChangedNotification(697)) - Leader change notification received for group: group-5D705440D967 with new leaderId: 83ff406b-cc24-4672-8ad4-94afba27c25e
2019-11-13 20:34:40,137 [83ff406b-cc24-4672-8ad4-94afba27c25e@group-5D705440D967-LeaderElection41] INFO  impl.RaftServerImpl (ServerState.java:setLeader(255)) - 83ff406b-cc24-4672-8ad4-94afba27c25e@group-5D705440D967: change Leader from null to 83ff406b-cc24-4672-8ad4-94afba27c25e at term 1 for becomeLeader, leader elected after 1058ms
2019-11-13 20:34:40,137 [83ff406b-cc24-4672-8ad4-94afba27c25e@group-5D705440D967-LeaderElection41] INFO  server.RaftServerConfigKeys (ConfUtils.java:logGet(43)) - raft.server.staging.catchup.gap = 1000 (default)
2019-11-13 20:34:40,137 [83ff406b-cc24-4672-8ad4-94afba27c25e@group-5D705440D967-LeaderElection41] INFO  server.RaftServerConfigKeys (ConfUtils.java:logGet(43)) - raft.server.rpc.sleep.time = 25ms (default)
2019-11-13 20:34:40,139 [83ff406b-cc24-4672-8ad4-94afba27c25e@group-5D705440D967-LeaderElection41] INFO  server.RaftServerConfigKeys (ConfUtils.java:logGet(43)) - raft.server.write.element-limit = 4096 (default)
2019-11-13 20:34:40,139 [83ff406b-cc24-4672-8ad4-94afba27c25e@group-5D705440D967-LeaderElection41] INFO  server.RaftServerConfigKeys (ConfUtils.java:logGet(43)) - raft.server.watch.timeout = 10s (default)
2019-11-13 20:34:40,139 [83ff406b-cc24-4672-8ad4-94afba27c25e@group-5D705440D967-LeaderElection41] INFO  server.RaftServerConfigKeys (ConfUtils.java:logGet(43)) - raft.server.watch.timeout.denomination = 1s (default)
2019-11-13 20:34:40,139 [a396b6da-9b4a-4217-b353-472b7d1ddb56@group-A578082086B2-LeaderElection42] INFO  impl.LeaderElection (LeaderElection.java:askForVotes(178)) - a396b6da-9b4a-4217-b353-472b7d1ddb56@group-A578082086B2-LeaderElection42: begin an election at term 1 for -1: [a396b6da-9b4a-4217-b353-472b7d1ddb56:192.168.34.20:32811], old=null
2019-11-13 20:34:40,139 [83ff406b-cc24-4672-8ad4-94afba27c25e@group-5D705440D967-LeaderElection41] INFO  server.RaftServerConfigKeys (ConfUtils.java:logGet(43)) - raft.server.watch.element-limit = 65536 (default)
2019-11-13 20:34:40,139 [a396b6da-9b4a-4217-b353-472b7d1ddb56@group-A578082086B2-LeaderElection42] INFO  impl.RoleInfo (RoleInfo.java:shutdownLeaderElection(134)) - a396b6da-9b4a-4217-b353-472b7d1ddb56: shutdown LeaderElection
2019-11-13 20:34:40,140 [EventQueue-PipelineReportForPipelineReportHandler] INFO  pipeline.PipelineStateManager (PipelineStateManager.java:openPipeline(134)) - Pipeline Pipeline[ Id: 1dd25861-a9e8-463d-b5d6-5d705440d967, Nodes: 83ff406b-cc24-4672-8ad4-94afba27c25e{ip: 192.168.34.20, host: pr-hdds-2470-fxbl9-3826649461, networkLocation: /default-rack, certSerialId: null}, Type:RATIS, Factor:ONE, State:OPEN] moved to OPEN state
2019-11-13 20:34:40,140 [83ff406b-cc24-4672-8ad4-94afba27c25e@group-5D705440D967-LeaderElection41] INFO  impl.RoleInfo (RoleInfo.java:updateAndGet(143)) - 83ff406b-cc24-4672-8ad4-94afba27c25e: start LeaderState
2019-11-13 20:34:40,140 [a396b6da-9b4a-4217-b353-472b7d1ddb56@group-A578082086B2-LeaderElection42] INFO  impl.RaftServerImpl (RaftServerImpl.java:setRole(173)) - a396b6da-9b4a-4217-b353-472b7d1ddb56@group-A578082086B2: changes role from CANDIDATE to LEADER at term 1 for changeToLeader
2019-11-13 20:34:40,140 [a396b6da-9b4a-4217-b353-472b7d1ddb56@group-A578082086B2-LeaderElection42] INFO  ratis.XceiverServerRatis (XceiverServerRatis.java:handleLeaderChangedNotification(697)) - Leader change notification received for group: group-A578082086B2 with new leaderId: a396b6da-9b4a-4217-b353-472b7d1ddb56
2019-11-13 20:34:40,140 [83ff406b-cc24-4672-8ad4-94afba27c25e@group-5D705440D967-LeaderElection41] INFO  segmented.SegmentedRaftLogWorker (SegmentedRaftLogWorker.java:startLogSegment(385)) - 83ff406b-cc24-4672-8ad4-94afba27c25e@group-5D705440D967-SegmentedRaftLogWorker: Starting segment from index:0
2019-11-13 20:34:40,140 [a396b6da-9b4a-4217-b353-472b7d1ddb56@group-A578082086B2-LeaderElection42] INFO  impl.RaftServerImpl (ServerState.java:setLeader(255)) - a396b6da-9b4a-4217-b353-472b7d1ddb56@group-A578082086B2: change Leader from null to a396b6da-9b4a-4217-b353-472b7d1ddb56 at term 1 for becomeLeader, leader elected after 1128ms
2019-11-13 20:34:40,142 [a396b6da-9b4a-4217-b353-472b7d1ddb56@group-A578082086B2-LeaderElection42] INFO  server.RaftServerConfigKeys (ConfUtils.java:logGet(43)) - raft.server.staging.catchup.gap = 1000 (default)
2019-11-13 20:34:40,142 [a396b6da-9b4a-4217-b353-472b7d1ddb56@group-A578082086B2-LeaderElection42] INFO  server.RaftServerConfigKeys (ConfUtils.java:logGet(43)) - raft.server.rpc.sleep.time = 25ms (default)
2019-11-13 20:34:40,142 [a396b6da-9b4a-4217-b353-472b7d1ddb56@group-A578082086B2-LeaderElection42] INFO  server.RaftServerConfigKeys (ConfUtils.java:logGet(43)) - raft.server.write.element-limit = 4096 (default)
2019-11-13 20:34:40,143 [a396b6da-9b4a-4217-b353-472b7d1ddb56@group-A578082086B2-LeaderElection42] INFO  server.RaftServerConfigKeys (ConfUtils.java:logGet(43)) - raft.server.watch.timeout = 10s (default)
2019-11-13 20:34:40,143 [83ff406b-cc24-4672-8ad4-94afba27c25e@group-5D705440D967-LeaderElection41] INFO  impl.RaftServerImpl (ServerState.java:setRaftConf(356)) - 83ff406b-cc24-4672-8ad4-94afba27c25e@group-5D705440D967: set configuration 0: [83ff406b-cc24-4672-8ad4-94afba27c25e:192.168.34.20:34460], old=null at 0
2019-11-13 20:34:40,143 [EventQueue-PipelineReportForPipelineReportHandler] INFO  pipeline.PipelineStateManager (PipelineStateManager.java:openPipeline(134)) - Pipeline Pipeline[ Id: 13bfc5f7-8138-4d9b-8326-a578082086b2, Nodes: a396b6da-9b4a-4217-b353-472b7d1ddb56{ip: 192.168.34.20, host: pr-hdds-2470-fxbl9-3826649461, networkLocation: /default-rack, certSerialId: null}, Type:RATIS, Factor:ONE, State:OPEN] moved to OPEN state
2019-11-13 20:34:40,143 [a396b6da-9b4a-4217-b353-472b7d1ddb56@group-A578082086B2-LeaderElection42] INFO  server.RaftServerConfigKeys (ConfUtils.java:logGet(43)) - raft.server.watch.timeout.denomination = 1s (default)
2019-11-13 20:34:40,143 [a396b6da-9b4a-4217-b353-472b7d1ddb56@group-A578082086B2-LeaderElection42] INFO  server.RaftServerConfigKeys (ConfUtils.java:logGet(43)) - raft.server.watch.element-limit = 65536 (default)
2019-11-13 20:34:40,143 [a396b6da-9b4a-4217-b353-472b7d1ddb56@group-A578082086B2-LeaderElection42] INFO  impl.RoleInfo (RoleInfo.java:updateAndGet(143)) - a396b6da-9b4a-4217-b353-472b7d1ddb56: start LeaderState
2019-11-13 20:34:40,144 [a396b6da-9b4a-4217-b353-472b7d1ddb56@group-A578082086B2-LeaderElection42] INFO  segmented.SegmentedRaftLogWorker (SegmentedRaftLogWorker.java:startLogSegment(385)) - a396b6da-9b4a-4217-b353-472b7d1ddb56@group-A578082086B2-SegmentedRaftLogWorker: Starting segment from index:0
2019-11-13 20:34:40,144 [a396b6da-9b4a-4217-b353-472b7d1ddb56@group-A578082086B2-LeaderElection42] INFO  impl.RaftServerImpl (ServerState.java:setRaftConf(356)) - a396b6da-9b4a-4217-b353-472b7d1ddb56@group-A578082086B2: set configuration 0: [a396b6da-9b4a-4217-b353-472b7d1ddb56:192.168.34.20:32811], old=null at 0
2019-11-13 20:34:40,189 [83ff406b-cc24-4672-8ad4-94afba27c25e@group-5D705440D967-SegmentedRaftLogWorker] INFO  segmented.SegmentedRaftLogWorker (SegmentedRaftLogWorker.java:execute(576)) - 83ff406b-cc24-4672-8ad4-94afba27c25e@group-5D705440D967-SegmentedRaftLogWorker: created new log segment /workdir/hadoop-ozone/integration-test/target/test-dir/MiniOzoneClusterImpl-e028e34c-e788-4356-b3c1-17795b02fdc7/datanode-1/data/ratis/1dd25861-a9e8-463d-b5d6-5d705440d967/current/log_inprogress_0
2019-11-13 20:34:40,189 [a396b6da-9b4a-4217-b353-472b7d1ddb56@group-A578082086B2-SegmentedRaftLogWorker] INFO  segmented.SegmentedRaftLogWorker (SegmentedRaftLogWorker.java:execute(576)) - a396b6da-9b4a-4217-b353-472b7d1ddb56@group-A578082086B2-SegmentedRaftLogWorker: created new log segment /workdir/hadoop-ozone/integration-test/target/test-dir/MiniOzoneClusterImpl-e028e34c-e788-4356-b3c1-17795b02fdc7/datanode-0/data/ratis/13bfc5f7-8138-4d9b-8326-a578082086b2/current/log_inprogress_0
2019-11-13 20:34:40,216 [Thread-1566] INFO  impl.FollowerState (FollowerState.java:run(111)) - d06fab63-d4ff-4606-9904-3a8389ab2cb6@group-A4E364CA6C92-FollowerState: change to CANDIDATE, lastRpcTime:1071ms, electionTimeout:1071ms
2019-11-13 20:34:40,216 [Thread-1566] INFO  impl.RoleInfo (RoleInfo.java:shutdownFollowerState(121)) - d06fab63-d4ff-4606-9904-3a8389ab2cb6: shutdown FollowerState
2019-11-13 20:34:40,216 [Thread-1566] INFO  impl.RaftServerImpl (RaftServerImpl.java:setRole(173)) - d06fab63-d4ff-4606-9904-3a8389ab2cb6@group-A4E364CA6C92: changes role from  FOLLOWER to CANDIDATE at term 0 for changeToCandidate
2019-11-13 20:34:40,216 [Thread-1566] INFO  impl.RoleInfo (RoleInfo.java:updateAndGet(143)) - d06fab63-d4ff-4606-9904-3a8389ab2cb6: start LeaderElection
2019-11-13 20:34:40,233 [d06fab63-d4ff-4606-9904-3a8389ab2cb6@group-A4E364CA6C92-LeaderElection43] INFO  impl.LeaderElection (LeaderElection.java:askForVotes(178)) - d06fab63-d4ff-4606-9904-3a8389ab2cb6@group-A4E364CA6C92-LeaderElection43: begin an election at term 1 for -1: [d06fab63-d4ff-4606-9904-3a8389ab2cb6:192.168.34.20:46247], old=null
2019-11-13 20:34:40,233 [d06fab63-d4ff-4606-9904-3a8389ab2cb6@group-A4E364CA6C92-LeaderElection43] INFO  impl.RoleInfo (RoleInfo.java:shutdownLeaderElection(134)) - d06fab63-d4ff-4606-9904-3a8389ab2cb6: shutdown LeaderElection
2019-11-13 20:34:40,233 [d06fab63-d4ff-4606-9904-3a8389ab2cb6@group-A4E364CA6C92-LeaderElection43] INFO  impl.RaftServerImpl (RaftServerImpl.java:setRole(173)) - d06fab63-d4ff-4606-9904-3a8389ab2cb6@group-A4E364CA6C92: changes role from CANDIDATE to LEADER at term 1 for changeToLeader
2019-11-13 20:34:40,234 [d06fab63-d4ff-4606-9904-3a8389ab2cb6@group-A4E364CA6C92-LeaderElection43] INFO  ratis.XceiverServerRatis (XceiverServerRatis.java:handleLeaderChangedNotification(697)) - Leader change notification received for group: group-A4E364CA6C92 with new leaderId: d06fab63-d4ff-4606-9904-3a8389ab2cb6
2019-11-13 20:34:40,234 [d06fab63-d4ff-4606-9904-3a8389ab2cb6@group-A4E364CA6C92-LeaderElection43] INFO  impl.RaftServerImpl (ServerState.java:setLeader(255)) - d06fab63-d4ff-4606-9904-3a8389ab2cb6@group-A4E364CA6C92: change Leader from null to d06fab63-d4ff-4606-9904-3a8389ab2cb6 at term 1 for becomeLeader, leader elected after 1093ms
2019-11-13 20:34:40,234 [d06fab63-d4ff-4606-9904-3a8389ab2cb6@group-A4E364CA6C92-LeaderElection43] INFO  server.RaftServerConfigKeys (ConfUtils.java:logGet(43)) - raft.server.staging.catchup.gap = 1000 (default)
2019-11-13 20:34:40,235 [d06fab63-d4ff-4606-9904-3a8389ab2cb6@group-A4E364CA6C92-LeaderElection43] INFO  server.RaftServerConfigKeys (ConfUtils.java:logGet(43)) - raft.server.rpc.sleep.time = 25ms (default)
2019-11-13 20:34:40,235 [d06fab63-d4ff-4606-9904-3a8389ab2cb6@group-A4E364CA6C92-LeaderElection43] INFO  server.RaftServerConfigKeys (ConfUtils.java:logGet(43)) - raft.server.write.element-limit = 4096 (default)
2019-11-13 20:34:40,236 [d06fab63-d4ff-4606-9904-3a8389ab2cb6@group-A4E364CA6C92-LeaderElection43] INFO  server.RaftServerConfigKeys (ConfUtils.java:logGet(43)) - raft.server.watch.timeout = 10s (default)
2019-11-13 20:34:40,236 [d06fab63-d4ff-4606-9904-3a8389ab2cb6@group-A4E364CA6C92-LeaderElection43] INFO  server.RaftServerConfigKeys (ConfUtils.java:logGet(43)) - raft.server.watch.timeout.denomination = 1s (default)
2019-11-13 20:34:40,236 [d06fab63-d4ff-4606-9904-3a8389ab2cb6@group-A4E364CA6C92-LeaderElection43] INFO  server.RaftServerConfigKeys (ConfUtils.java:logGet(43)) - raft.server.watch.element-limit = 65536 (default)
2019-11-13 20:34:40,236 [d06fab63-d4ff-4606-9904-3a8389ab2cb6@group-A4E364CA6C92-LeaderElection43] INFO  impl.RoleInfo (RoleInfo.java:updateAndGet(143)) - d06fab63-d4ff-4606-9904-3a8389ab2cb6: start LeaderState
2019-11-13 20:34:40,236 [d06fab63-d4ff-4606-9904-3a8389ab2cb6@group-A4E364CA6C92-LeaderElection43] INFO  segmented.SegmentedRaftLogWorker (SegmentedRaftLogWorker.java:startLogSegment(385)) - d06fab63-d4ff-4606-9904-3a8389ab2cb6@group-A4E364CA6C92-SegmentedRaftLogWorker: Starting segment from index:0
2019-11-13 20:34:40,236 [EventQueue-PipelineReportForPipelineReportHandler] INFO  pipeline.PipelineStateManager (PipelineStateManager.java:openPipeline(134)) - Pipeline Pipeline[ Id: 28300904-87a1-4585-9f5c-a4e364ca6c92, Nodes: d06fab63-d4ff-4606-9904-3a8389ab2cb6{ip: 192.168.34.20, host: pr-hdds-2470-fxbl9-3826649461, networkLocation: /default-rack, certSerialId: null}, Type:RATIS, Factor:ONE, State:OPEN] moved to OPEN state
2019-11-13 20:34:40,237 [d06fab63-d4ff-4606-9904-3a8389ab2cb6@group-A4E364CA6C92-LeaderElection43] INFO  impl.RaftServerImpl (ServerState.java:setRaftConf(356)) - d06fab63-d4ff-4606-9904-3a8389ab2cb6@group-A4E364CA6C92: set configuration 0: [d06fab63-d4ff-4606-9904-3a8389ab2cb6:192.168.34.20:46247], old=null at 0
2019-11-13 20:34:40,265 [Thread-1574] INFO  impl.FollowerState (FollowerState.java:run(111)) - d06fab63-d4ff-4606-9904-3a8389ab2cb6@group-6A2E57BA6FA5-FollowerState: change to CANDIDATE, lastRpcTime:1038ms, electionTimeout:1038ms
2019-11-13 20:34:40,265 [Thread-1574] INFO  impl.RoleInfo (RoleInfo.java:shutdownFollowerState(121)) - d06fab63-d4ff-4606-9904-3a8389ab2cb6: shutdown FollowerState
2019-11-13 20:34:40,266 [Thread-1574] INFO  impl.RaftServerImpl (RaftServerImpl.java:setRole(173)) - d06fab63-d4ff-4606-9904-3a8389ab2cb6@group-6A2E57BA6FA5: changes role from  FOLLOWER to CANDIDATE at term 0 for changeToCandidate
2019-11-13 20:34:40,266 [Thread-1574] INFO  impl.RoleInfo (RoleInfo.java:updateAndGet(143)) - d06fab63-d4ff-4606-9904-3a8389ab2cb6: start LeaderElection
2019-11-13 20:34:40,285 [Thread-1569] INFO  impl.FollowerState (FollowerState.java:run(111)) - 83ff406b-cc24-4672-8ad4-94afba27c25e@group-6A2E57BA6FA5-FollowerState: change to CANDIDATE, lastRpcTime:1060ms, electionTimeout:1060ms
2019-11-13 20:34:40,285 [Thread-1569] INFO  impl.RoleInfo (RoleInfo.java:shutdownFollowerState(121)) - 83ff406b-cc24-4672-8ad4-94afba27c25e: shutdown FollowerState
2019-11-13 20:34:40,285 [Thread-1569] INFO  impl.RaftServerImpl (RaftServerImpl.java:setRole(173)) - 83ff406b-cc24-4672-8ad4-94afba27c25e@group-6A2E57BA6FA5: changes role from  FOLLOWER to CANDIDATE at term 0 for changeToCandidate
2019-11-13 20:34:40,285 [Thread-1569] INFO  impl.RoleInfo (RoleInfo.java:updateAndGet(143)) - 83ff406b-cc24-4672-8ad4-94afba27c25e: start LeaderElection
2019-11-13 20:34:40,295 [Thread-1578] INFO  impl.FollowerState (FollowerState.java:run(111)) - f7edbf2f-fbe3-4411-b014-7a92b8f685a2@group-974028DCAAA9-FollowerState: change to CANDIDATE, lastRpcTime:1015ms, electionTimeout:1015ms
2019-11-13 20:34:40,295 [Thread-1578] INFO  impl.RoleInfo (RoleInfo.java:shutdownFollowerState(121)) - f7edbf2f-fbe3-4411-b014-7a92b8f685a2: shutdown FollowerState
2019-11-13 20:34:40,295 [Thread-1578] INFO  impl.RaftServerImpl (RaftServerImpl.java:setRole(173)) - f7edbf2f-fbe3-4411-b014-7a92b8f685a2@group-974028DCAAA9: changes role from  FOLLOWER to CANDIDATE at term 0 for changeToCandidate
2019-11-13 20:34:40,295 [Thread-1578] INFO  impl.RoleInfo (RoleInfo.java:updateAndGet(143)) - f7edbf2f-fbe3-4411-b014-7a92b8f685a2: start LeaderElection
2019-11-13 20:34:40,298 [d06fab63-d4ff-4606-9904-3a8389ab2cb6@group-A4E364CA6C92-SegmentedRaftLogWorker] INFO  segmented.SegmentedRaftLogWorker (SegmentedRaftLogWorker.java:execute(576)) - d06fab63-d4ff-4606-9904-3a8389ab2cb6@group-A4E364CA6C92-SegmentedRaftLogWorker: created new log segment /workdir/hadoop-ozone/integration-test/target/test-dir/MiniOzoneClusterImpl-e028e34c-e788-4356-b3c1-17795b02fdc7/datanode-2/data/ratis/28300904-87a1-4585-9f5c-a4e364ca6c92/current/log_inprogress_0
2019-11-13 20:34:40,298 [d06fab63-d4ff-4606-9904-3a8389ab2cb6@group-6A2E57BA6FA5-LeaderElection44] INFO  impl.LeaderElection (LeaderElection.java:askForVotes(178)) - d06fab63-d4ff-4606-9904-3a8389ab2cb6@group-6A2E57BA6FA5-LeaderElection44: begin an election at term 1 for -1: [a396b6da-9b4a-4217-b353-472b7d1ddb56:192.168.34.20:32811, d06fab63-d4ff-4606-9904-3a8389ab2cb6:192.168.34.20:46247, 83ff406b-cc24-4672-8ad4-94afba27c25e:192.168.34.20:34460], old=null
2019-11-13 20:34:40,303 [grpc-default-executor-0] INFO  impl.RaftServerImpl (RaftServerImpl.java:setRole(173)) - a396b6da-9b4a-4217-b353-472b7d1ddb56@group-6A2E57BA6FA5: changes role from  FOLLOWER to FOLLOWER at term 1 for recognizeCandidate:d06fab63-d4ff-4606-9904-3a8389ab2cb6
2019-11-13 20:34:40,303 [grpc-default-executor-0] INFO  impl.RoleInfo (RoleInfo.java:shutdownFollowerState(121)) - a396b6da-9b4a-4217-b353-472b7d1ddb56: shutdown FollowerState
2019-11-13 20:34:40,303 [grpc-default-executor-0] INFO  impl.RoleInfo (RoleInfo.java:updateAndGet(143)) - a396b6da-9b4a-4217-b353-472b7d1ddb56: start FollowerState
2019-11-13 20:34:40,303 [Thread-1572] INFO  impl.FollowerState (FollowerState.java:run(120)) - a396b6da-9b4a-4217-b353-472b7d1ddb56@group-6A2E57BA6FA5-FollowerState was interrupted: java.lang.InterruptedException: sleep interrupted
2019-11-13 20:34:40,312 [f7edbf2f-fbe3-4411-b014-7a92b8f685a2@group-974028DCAAA9-LeaderElection46] INFO  impl.LeaderElection (LeaderElection.java:askForVotes(178)) - f7edbf2f-fbe3-4411-b014-7a92b8f685a2@group-974028DCAAA9-LeaderElection46: begin an election at term 1 for -1: [f7edbf2f-fbe3-4411-b014-7a92b8f685a2:192.168.34.20:37057], old=null
2019-11-13 20:34:40,312 [83ff406b-cc24-4672-8ad4-94afba27c25e@group-6A2E57BA6FA5-LeaderElection45] INFO  impl.LeaderElection (LeaderElection.java:askForVotes(178)) - 83ff406b-cc24-4672-8ad4-94afba27c25e@group-6A2E57BA6FA5-LeaderElection45: begin an election at term 1 for -1: [a396b6da-9b4a-4217-b353-472b7d1ddb56:192.168.34.20:32811, d06fab63-d4ff-4606-9904-3a8389ab2cb6:192.168.34.20:46247, 83ff406b-cc24-4672-8ad4-94afba27c25e:192.168.34.20:34460], old=null
2019-11-13 20:34:40,313 [f7edbf2f-fbe3-4411-b014-7a92b8f685a2@group-974028DCAAA9-LeaderElection46] INFO  impl.RoleInfo (RoleInfo.java:shutdownLeaderElection(134)) - f7edbf2f-fbe3-4411-b014-7a92b8f685a2: shutdown LeaderElection
2019-11-13 20:34:40,313 [f7edbf2f-fbe3-4411-b014-7a92b8f685a2@group-974028DCAAA9-LeaderElection46] INFO  impl.RaftServerImpl (RaftServerImpl.java:setRole(173)) - f7edbf2f-fbe3-4411-b014-7a92b8f685a2@group-974028DCAAA9: changes role from CANDIDATE to LEADER at term 1 for changeToLeader
2019-11-13 20:34:40,313 [f7edbf2f-fbe3-4411-b014-7a92b8f685a2@group-974028DCAAA9-LeaderElection46] INFO  ratis.XceiverServerRatis (XceiverServerRatis.java:handleLeaderChangedNotification(697)) - Leader change notification received for group: group-974028DCAAA9 with new leaderId: f7edbf2f-fbe3-4411-b014-7a92b8f685a2
2019-11-13 20:34:40,313 [f7edbf2f-fbe3-4411-b014-7a92b8f685a2@group-974028DCAAA9-LeaderElection46] INFO  impl.RaftServerImpl (ServerState.java:setLeader(255)) - f7edbf2f-fbe3-4411-b014-7a92b8f685a2@group-974028DCAAA9: change Leader from null to f7edbf2f-fbe3-4411-b014-7a92b8f685a2 at term 1 for becomeLeader, leader elected after 1036ms
2019-11-13 20:34:40,313 [f7edbf2f-fbe3-4411-b014-7a92b8f685a2@group-974028DCAAA9-LeaderElection46] INFO  server.RaftServerConfigKeys (ConfUtils.java:logGet(43)) - raft.server.staging.catchup.gap = 1000 (default)
2019-11-13 20:34:40,315 [f7edbf2f-fbe3-4411-b014-7a92b8f685a2@group-974028DCAAA9-LeaderElection46] INFO  server.RaftServerConfigKeys (ConfUtils.java:logGet(43)) - raft.server.rpc.sleep.time = 25ms (default)
2019-11-13 20:34:40,315 [f7edbf2f-fbe3-4411-b014-7a92b8f685a2@group-974028DCAAA9-LeaderElection46] INFO  server.RaftServerConfigKeys (ConfUtils.java:logGet(43)) - raft.server.write.element-limit = 4096 (default)
2019-11-13 20:34:40,315 [f7edbf2f-fbe3-4411-b014-7a92b8f685a2@group-974028DCAAA9-LeaderElection46] INFO  server.RaftServerConfigKeys (ConfUtils.java:logGet(43)) - raft.server.watch.timeout = 10s (default)
2019-11-13 20:34:40,315 [f7edbf2f-fbe3-4411-b014-7a92b8f685a2@group-974028DCAAA9-LeaderElection46] INFO  server.RaftServerConfigKeys (ConfUtils.java:logGet(43)) - raft.server.watch.timeout.denomination = 1s (default)
2019-11-13 20:34:40,315 [f7edbf2f-fbe3-4411-b014-7a92b8f685a2@group-974028DCAAA9-LeaderElection46] INFO  server.RaftServerConfigKeys (ConfUtils.java:logGet(43)) - raft.server.watch.element-limit = 65536 (default)
2019-11-13 20:34:40,315 [EventQueue-PipelineReportForPipelineReportHandler] INFO  pipeline.PipelineStateManager (PipelineStateManager.java:openPipeline(134)) - Pipeline Pipeline[ Id: 7ff29569-4819-4fff-9d17-974028dcaaa9, Nodes: f7edbf2f-fbe3-4411-b014-7a92b8f685a2{ip: 192.168.34.20, host: pr-hdds-2470-fxbl9-3826649461, networkLocation: /default-rack, certSerialId: null}, Type:RATIS, Factor:ONE, State:OPEN] moved to OPEN state
2019-11-13 20:34:40,315 [f7edbf2f-fbe3-4411-b014-7a92b8f685a2@group-974028DCAAA9-LeaderElection46] INFO  impl.RoleInfo (RoleInfo.java:updateAndGet(143)) - f7edbf2f-fbe3-4411-b014-7a92b8f685a2: start LeaderState
2019-11-13 20:34:40,315 [d06fab63-d4ff-4606-9904-3a8389ab2cb6@group-6A2E57BA6FA5-LeaderElection44] INFO  impl.LeaderElection (LeaderElection.java:logAndReturn(56)) - d06fab63-d4ff-4606-9904-3a8389ab2cb6@group-6A2E57BA6FA5-LeaderElection44: Election PASSED; received 2 response(s) [d06fab63-d4ff-4606-9904-3a8389ab2cb6<-a396b6da-9b4a-4217-b353-472b7d1ddb56#0:OK-t1, d06fab63-d4ff-4606-9904-3a8389ab2cb6<-83ff406b-cc24-4672-8ad4-94afba27c25e#0:FAIL-t1] and 0 exception(s); d06fab63-d4ff-4606-9904-3a8389ab2cb6@group-6A2E57BA6FA5:t1, leader=null, voted=d06fab63-d4ff-4606-9904-3a8389ab2cb6, raftlog=d06fab63-d4ff-4606-9904-3a8389ab2cb6@group-6A2E57BA6FA5-SegmentedRaftLog:OPENED:c-1,f-1,i0, conf=-1: [a396b6da-9b4a-4217-b353-472b7d1ddb56:192.168.34.20:32811, d06fab63-d4ff-4606-9904-3a8389ab2cb6:192.168.34.20:46247, 83ff406b-cc24-4672-8ad4-94afba27c25e:192.168.34.20:34460], old=null
2019-11-13 20:34:40,316 [d06fab63-d4ff-4606-9904-3a8389ab2cb6@group-6A2E57BA6FA5-LeaderElection44] INFO  impl.RoleInfo (RoleInfo.java:shutdownLeaderElection(134)) - d06fab63-d4ff-4606-9904-3a8389ab2cb6: shutdown LeaderElection
2019-11-13 20:34:40,316 [f7edbf2f-fbe3-4411-b014-7a92b8f685a2@group-974028DCAAA9-LeaderElection46] INFO  segmented.SegmentedRaftLogWorker (SegmentedRaftLogWorker.java:startLogSegment(385)) - f7edbf2f-fbe3-4411-b014-7a92b8f685a2@group-974028DCAAA9-SegmentedRaftLogWorker: Starting segment from index:0
2019-11-13 20:34:40,316 [d06fab63-d4ff-4606-9904-3a8389ab2cb6@group-6A2E57BA6FA5-LeaderElection44] INFO  impl.RaftServerImpl (RaftServerImpl.java:setRole(173)) - d06fab63-d4ff-4606-9904-3a8389ab2cb6@group-6A2E57BA6FA5: changes role from CANDIDATE to LEADER at term 1 for changeToLeader
2019-11-13 20:34:40,317 [d06fab63-d4ff-4606-9904-3a8389ab2cb6@group-6A2E57BA6FA5-LeaderElection44] INFO  ratis.XceiverServerRatis (XceiverServerRatis.java:handleLeaderChangedNotification(697)) - Leader change notification received for group: group-6A2E57BA6FA5 with new leaderId: d06fab63-d4ff-4606-9904-3a8389ab2cb6
2019-11-13 20:34:40,317 [f7edbf2f-fbe3-4411-b014-7a92b8f685a2@group-974028DCAAA9-LeaderElection46] INFO  impl.RaftServerImpl (ServerState.java:setRaftConf(356)) - f7edbf2f-fbe3-4411-b014-7a92b8f685a2@group-974028DCAAA9: set configuration 0: [f7edbf2f-fbe3-4411-b014-7a92b8f685a2:192.168.34.20:37057], old=null at 0
2019-11-13 20:34:40,317 [d06fab63-d4ff-4606-9904-3a8389ab2cb6@group-6A2E57BA6FA5-LeaderElection44] INFO  impl.RaftServerImpl (ServerState.java:setLeader(255)) - d06fab63-d4ff-4606-9904-3a8389ab2cb6@group-6A2E57BA6FA5: change Leader from null to d06fab63-d4ff-4606-9904-3a8389ab2cb6 at term 1 for becomeLeader, leader elected after 1100ms
2019-11-13 20:34:40,318 [d06fab63-d4ff-4606-9904-3a8389ab2cb6@group-6A2E57BA6FA5-LeaderElection44] INFO  server.RaftServerConfigKeys (ConfUtils.java:logGet(43)) - raft.server.staging.catchup.gap = 1000 (default)
2019-11-13 20:34:40,318 [d06fab63-d4ff-4606-9904-3a8389ab2cb6@group-6A2E57BA6FA5-LeaderElection44] INFO  server.RaftServerConfigKeys (ConfUtils.java:logGet(43)) - raft.server.rpc.sleep.time = 25ms (default)
2019-11-13 20:34:40,318 [d06fab63-d4ff-4606-9904-3a8389ab2cb6@group-6A2E57BA6FA5-LeaderElection44] INFO  server.RaftServerConfigKeys (ConfUtils.java:logGet(43)) - raft.server.write.element-limit = 4096 (default)
2019-11-13 20:34:40,318 [d06fab63-d4ff-4606-9904-3a8389ab2cb6@group-6A2E57BA6FA5-LeaderElection44] INFO  server.RaftServerConfigKeys (ConfUtils.java:logGet(43)) - raft.server.watch.timeout = 10s (default)
2019-11-13 20:34:40,318 [d06fab63-d4ff-4606-9904-3a8389ab2cb6@group-6A2E57BA6FA5-LeaderElection44] INFO  server.RaftServerConfigKeys (ConfUtils.java:logGet(43)) - raft.server.watch.timeout.denomination = 1s (default)
2019-11-13 20:34:40,350 [d06fab63-d4ff-4606-9904-3a8389ab2cb6@group-6A2E57BA6FA5-LeaderElection44] INFO  server.RaftServerConfigKeys (ConfUtils.java:logGet(43)) - raft.server.watch.element-limit = 65536 (default)
2019-11-13 20:34:40,350 [EventQueue-PipelineReportForPipelineReportHandler] INFO  pipeline.PipelineStateManager (PipelineStateManager.java:openPipeline(134)) - Pipeline Pipeline[ Id: be7e5f20-9345-4cc9-a545-6a2e57ba6fa5, Nodes: 83ff406b-cc24-4672-8ad4-94afba27c25e{ip: 192.168.34.20, host: pr-hdds-2470-fxbl9-3826649461, networkLocation: /default-rack, certSerialId: null}a396b6da-9b4a-4217-b353-472b7d1ddb56{ip: 192.168.34.20, host: pr-hdds-2470-fxbl9-3826649461, networkLocation: /default-rack, certSerialId: null}d06fab63-d4ff-4606-9904-3a8389ab2cb6{ip: 192.168.34.20, host: pr-hdds-2470-fxbl9-3826649461, networkLocation: /default-rack, certSerialId: null}, Type:RATIS, Factor:THREE, State:OPEN] moved to OPEN state
2019-11-13 20:34:40,350 [d06fab63-d4ff-4606-9904-3a8389ab2cb6@group-6A2E57BA6FA5-LeaderElection44] INFO  server.RaftServerConfigKeys (ConfUtils.java:logGet(43)) - raft.server.log.appender.snapshot.chunk.size.max = 16MB (=16777216) (default)
2019-11-13 20:34:40,350 [d06fab63-d4ff-4606-9904-3a8389ab2cb6@group-6A2E57BA6FA5-LeaderElection44] INFO  server.RaftServerConfigKeys (ConfUtils.java:logGet(43)) - raft.server.log.appender.buffer.byte-limit = 33554432 (custom)
2019-11-13 20:34:40,350 [d06fab63-d4ff-4606-9904-3a8389ab2cb6@group-6A2E57BA6FA5-LeaderElection44] INFO  server.RaftServerConfigKeys (ConfUtils.java:logGet(43)) - raft.server.log.appender.buffer.element-limit = 1 (custom)
2019-11-13 20:34:40,351 [d06fab63-d4ff-4606-9904-3a8389ab2cb6@group-6A2E57BA6FA5-LeaderElection44] INFO  grpc.GrpcConfigKeys$Server (ConfUtils.java:logGet(43)) - raft.grpc.server.leader.outstanding.appends.max = 128 (default)
2019-11-13 20:34:40,351 [d06fab63-d4ff-4606-9904-3a8389ab2cb6@group-6A2E57BA6FA5-LeaderElection44] INFO  server.RaftServerConfigKeys (ConfUtils.java:logGet(43)) - raft.server.rpc.request.timeout = 3000ms (default)
2019-11-13 20:34:40,351 [d06fab63-d4ff-4606-9904-3a8389ab2cb6@group-6A2E57BA6FA5-LeaderElection44] INFO  server.RaftServerConfigKeys (ConfUtils.java:logGet(43)) - raft.server.log.appender.install.snapshot.enabled = false (custom)
2019-11-13 20:34:40,351 [d06fab63-d4ff-4606-9904-3a8389ab2cb6@group-6A2E57BA6FA5-LeaderElection44] WARN  impl.MetricRegistriesImpl (MetricRegistriesImpl.java:lambda$create$1(61)) - First MetricRegistry has been created without registering reporters. You may need to call MetricRegistries.global().addReportRegistration(...) before.
2019-11-13 20:34:40,351 [d06fab63-d4ff-4606-9904-3a8389ab2cb6@group-6A2E57BA6FA5-LeaderElection44] INFO  server.RaftServerConfigKeys (ConfUtils.java:logGet(43)) - raft.server.log.appender.snapshot.chunk.size.max = 16MB (=16777216) (default)
2019-11-13 20:34:40,351 [d06fab63-d4ff-4606-9904-3a8389ab2cb6@group-6A2E57BA6FA5-LeaderElection44] INFO  server.RaftServerConfigKeys (ConfUtils.java:logGet(43)) - raft.server.log.appender.buffer.byte-limit = 33554432 (custom)
2019-11-13 20:34:40,351 [d06fab63-d4ff-4606-9904-3a8389ab2cb6@group-6A2E57BA6FA5-LeaderElection44] INFO  server.RaftServerConfigKeys (ConfUtils.java:logGet(43)) - raft.server.log.appender.buffer.element-limit = 1 (custom)
2019-11-13 20:34:40,352 [d06fab63-d4ff-4606-9904-3a8389ab2cb6@group-6A2E57BA6FA5-LeaderElection44] INFO  grpc.GrpcConfigKeys$Server (ConfUtils.java:logGet(43)) - raft.grpc.server.leader.outstanding.appends.max = 128 (default)
2019-11-13 20:34:40,352 [d06fab63-d4ff-4606-9904-3a8389ab2cb6@group-6A2E57BA6FA5-LeaderElection44] INFO  server.RaftServerConfigKeys (ConfUtils.java:logGet(43)) - raft.server.rpc.request.timeout = 3000ms (default)
2019-11-13 20:34:40,352 [d06fab63-d4ff-4606-9904-3a8389ab2cb6@group-6A2E57BA6FA5-LeaderElection44] INFO  server.RaftServerConfigKeys (ConfUtils.java:logGet(43)) - raft.server.log.appender.install.snapshot.enabled = false (custom)
2019-11-13 20:34:40,352 [d06fab63-d4ff-4606-9904-3a8389ab2cb6@group-6A2E57BA6FA5-LeaderElection44] INFO  impl.RoleInfo (RoleInfo.java:updateAndGet(143)) - d06fab63-d4ff-4606-9904-3a8389ab2cb6: start LeaderState
2019-11-13 20:34:40,352 [d06fab63-d4ff-4606-9904-3a8389ab2cb6@group-6A2E57BA6FA5-LeaderElection44] INFO  segmented.SegmentedRaftLogWorker (SegmentedRaftLogWorker.java:startLogSegment(385)) - d06fab63-d4ff-4606-9904-3a8389ab2cb6@group-6A2E57BA6FA5-SegmentedRaftLogWorker: Starting segment from index:0
2019-11-13 20:34:40,353 [d06fab63-d4ff-4606-9904-3a8389ab2cb6@group-6A2E57BA6FA5-LeaderElection44] INFO  impl.RaftServerImpl (ServerState.java:setRaftConf(356)) - d06fab63-d4ff-4606-9904-3a8389ab2cb6@group-6A2E57BA6FA5: set configuration 0: [a396b6da-9b4a-4217-b353-472b7d1ddb56:192.168.34.20:32811, d06fab63-d4ff-4606-9904-3a8389ab2cb6:192.168.34.20:46247, 83ff406b-cc24-4672-8ad4-94afba27c25e:192.168.34.20:34460], old=null at 0
2019-11-13 20:34:40,353 [grpc-default-executor-5] INFO  impl.RaftServerImpl (RaftServerImpl.java:requestVote(776)) - d06fab63-d4ff-4606-9904-3a8389ab2cb6@group-6A2E57BA6FA5-   LEADER: Withhold vote from candidate 83ff406b-cc24-4672-8ad4-94afba27c25e with term 1. State: leader=d06fab63-d4ff-4606-9904-3a8389ab2cb6, term=1, lastRpcElapsed=null
2019-11-13 20:34:40,381 [f7edbf2f-fbe3-4411-b014-7a92b8f685a2@group-974028DCAAA9-SegmentedRaftLogWorker] INFO  segmented.SegmentedRaftLogWorker (SegmentedRaftLogWorker.java:execute(576)) - f7edbf2f-fbe3-4411-b014-7a92b8f685a2@group-974028DCAAA9-SegmentedRaftLogWorker: created new log segment /workdir/hadoop-ozone/integration-test/target/test-dir/MiniOzoneClusterImpl-e028e34c-e788-4356-b3c1-17795b02fdc7/datanode-4/data/ratis/7ff29569-4819-4fff-9d17-974028dcaaa9/current/log_inprogress_0
2019-11-13 20:34:40,381 [Thread-1584] INFO  impl.FollowerState (FollowerState.java:run(111)) - 5fef94be-3335-41aa-8a3e-dfaf501cab3b@group-06036E55F3ED-FollowerState: change to CANDIDATE, lastRpcTime:1024ms, electionTimeout:1024ms
2019-11-13 20:34:40,382 [Thread-1584] INFO  impl.RoleInfo (RoleInfo.java:shutdownFollowerState(121)) - 5fef94be-3335-41aa-8a3e-dfaf501cab3b: shutdown FollowerState
2019-11-13 20:34:40,382 [83ff406b-cc24-4672-8ad4-94afba27c25e@group-6A2E57BA6FA5-LeaderElection45] INFO  impl.LeaderElection (LeaderElection.java:logAndReturn(56)) - 83ff406b-cc24-4672-8ad4-94afba27c25e@group-6A2E57BA6FA5-LeaderElection45: Election REJECTED; received 2 response(s) [83ff406b-cc24-4672-8ad4-94afba27c25e<-a396b6da-9b4a-4217-b353-472b7d1ddb56#0:FAIL-t1, 83ff406b-cc24-4672-8ad4-94afba27c25e<-d06fab63-d4ff-4606-9904-3a8389ab2cb6#0:FAIL-t1] and 0 exception(s); 83ff406b-cc24-4672-8ad4-94afba27c25e@group-6A2E57BA6FA5:t1, leader=null, voted=83ff406b-cc24-4672-8ad4-94afba27c25e, raftlog=83ff406b-cc24-4672-8ad4-94afba27c25e@group-6A2E57BA6FA5-SegmentedRaftLog:OPENED:c-1,f-1,i0, conf=-1: [a396b6da-9b4a-4217-b353-472b7d1ddb56:192.168.34.20:32811, d06fab63-d4ff-4606-9904-3a8389ab2cb6:192.168.34.20:46247, 83ff406b-cc24-4672-8ad4-94afba27c25e:192.168.34.20:34460], old=null
2019-11-13 20:34:40,382 [Thread-1584] INFO  impl.RaftServerImpl (RaftServerImpl.java:setRole(173)) - 5fef94be-3335-41aa-8a3e-dfaf501cab3b@group-06036E55F3ED: changes role from  FOLLOWER to CANDIDATE at term 0 for changeToCandidate
2019-11-13 20:34:40,382 [83ff406b-cc24-4672-8ad4-94afba27c25e@group-6A2E57BA6FA5-LeaderElection45] INFO  impl.RaftServerImpl (RaftServerImpl.java:setRole(173)) - 83ff406b-cc24-4672-8ad4-94afba27c25e@group-6A2E57BA6FA5: changes role from CANDIDATE to FOLLOWER at term 1 for DISCOVERED_A_NEW_TERM
2019-11-13 20:34:40,394 [Thread-1581] INFO  impl.FollowerState (FollowerState.java:run(111)) - 5947ecff-de41-4703-8b6b-2a362119c64b@group-09844BCCBE48-FollowerState: change to CANDIDATE, lastRpcTime:1080ms, electionTimeout:1072ms
2019-11-13 20:34:40,396 [Thread-1581] INFO  impl.RoleInfo (RoleInfo.java:shutdownFollowerState(121)) - 5947ecff-de41-4703-8b6b-2a362119c64b: shutdown FollowerState
2019-11-13 20:34:40,394 [d06fab63-d4ff-4606-9904-3a8389ab2cb6@group-6A2E57BA6FA5-SegmentedRaftLogWorker] INFO  segmented.SegmentedRaftLogWorker (SegmentedRaftLogWorker.java:execute(576)) - d06fab63-d4ff-4606-9904-3a8389ab2cb6@group-6A2E57BA6FA5-SegmentedRaftLogWorker: created new log segment /workdir/hadoop-ozone/integration-test/target/test-dir/MiniOzoneClusterImpl-e028e34c-e788-4356-b3c1-17795b02fdc7/datanode-2/data/ratis/be7e5f20-9345-4cc9-a545-6a2e57ba6fa5/current/log_inprogress_0
2019-11-13 20:34:40,394 [Thread-1584] INFO  impl.RoleInfo (RoleInfo.java:updateAndGet(143)) - 5fef94be-3335-41aa-8a3e-dfaf501cab3b: start LeaderElection
2019-11-13 20:34:40,396 [Thread-1581] INFO  impl.RaftServerImpl (RaftServerImpl.java:setRole(173)) - 5947ecff-de41-4703-8b6b-2a362119c64b@group-09844BCCBE48: changes role from  FOLLOWER to CANDIDATE at term 0 for changeToCandidate
2019-11-13 20:34:40,394 [83ff406b-cc24-4672-8ad4-94afba27c25e@group-6A2E57BA6FA5-LeaderElection45] INFO  impl.RoleInfo (RoleInfo.java:shutdownLeaderElection(134)) - 83ff406b-cc24-4672-8ad4-94afba27c25e: shutdown LeaderElection
2019-11-13 20:34:40,396 [Thread-1581] INFO  impl.RoleInfo (RoleInfo.java:updateAndGet(143)) - 5947ecff-de41-4703-8b6b-2a362119c64b: start LeaderElection
2019-11-13 20:34:40,396 [83ff406b-cc24-4672-8ad4-94afba27c25e@group-6A2E57BA6FA5-LeaderElection45] INFO  impl.RoleInfo (RoleInfo.java:updateAndGet(143)) - 83ff406b-cc24-4672-8ad4-94afba27c25e: start FollowerState
2019-11-13 20:34:40,396 [grpc-default-executor-5] INFO  ratis.XceiverServerRatis (XceiverServerRatis.java:handleLeaderChangedNotification(697)) - Leader change notification received for group: group-6A2E57BA6FA5 with new leaderId: d06fab63-d4ff-4606-9904-3a8389ab2cb6
2019-11-13 20:34:40,402 [grpc-default-executor-4] INFO  ratis.XceiverServerRatis (XceiverServerRatis.java:handleLeaderChangedNotification(697)) - Leader change notification received for group: group-6A2E57BA6FA5 with new leaderId: d06fab63-d4ff-4606-9904-3a8389ab2cb6
2019-11-13 20:34:40,405 [grpc-default-executor-5] INFO  impl.RaftServerImpl (ServerState.java:setLeader(255)) - a396b6da-9b4a-4217-b353-472b7d1ddb56@group-6A2E57BA6FA5: change Leader from null to d06fab63-d4ff-4606-9904-3a8389ab2cb6 at term 1 for appendEntries, leader elected after 1179ms
2019-11-13 20:34:40,405 [grpc-default-executor-4] INFO  impl.RaftServerImpl (ServerState.java:setLeader(255)) - 83ff406b-cc24-4672-8ad4-94afba27c25e@group-6A2E57BA6FA5: change Leader from null to d06fab63-d4ff-4606-9904-3a8389ab2cb6 at term 1 for appendEntries, leader elected after 1185ms
2019-11-13 20:34:40,408 [grpc-default-executor-5] INFO  impl.RaftServerImpl (ServerState.java:setRaftConf(356)) - a396b6da-9b4a-4217-b353-472b7d1ddb56@group-6A2E57BA6FA5: set configuration 0: [a396b6da-9b4a-4217-b353-472b7d1ddb56:192.168.34.20:32811, d06fab63-d4ff-4606-9904-3a8389ab2cb6:192.168.34.20:46247, 83ff406b-cc24-4672-8ad4-94afba27c25e:192.168.34.20:34460], old=null at 0
2019-11-13 20:34:40,408 [grpc-default-executor-4] INFO  impl.RaftServerImpl (ServerState.java:setRaftConf(356)) - 83ff406b-cc24-4672-8ad4-94afba27c25e@group-6A2E57BA6FA5: set configuration 0: [a396b6da-9b4a-4217-b353-472b7d1ddb56:192.168.34.20:32811, d06fab63-d4ff-4606-9904-3a8389ab2cb6:192.168.34.20:46247, 83ff406b-cc24-4672-8ad4-94afba27c25e:192.168.34.20:34460], old=null at 0
2019-11-13 20:34:40,408 [grpc-default-executor-5] INFO  segmented.SegmentedRaftLogWorker (SegmentedRaftLogWorker.java:startLogSegment(385)) - a396b6da-9b4a-4217-b353-472b7d1ddb56@group-6A2E57BA6FA5-SegmentedRaftLogWorker: Starting segment from index:0
2019-11-13 20:34:40,408 [grpc-default-executor-4] INFO  segmented.SegmentedRaftLogWorker (SegmentedRaftLogWorker.java:startLogSegment(385)) - 83ff406b-cc24-4672-8ad4-94afba27c25e@group-6A2E57BA6FA5-SegmentedRaftLogWorker: Starting segment from index:0
2019-11-13 20:34:40,422 [5947ecff-de41-4703-8b6b-2a362119c64b@group-09844BCCBE48-LeaderElection48] INFO  impl.LeaderElection (LeaderElection.java:askForVotes(178)) - 5947ecff-de41-4703-8b6b-2a362119c64b@group-09844BCCBE48-LeaderElection48: begin an election at term 1 for -1: [5947ecff-de41-4703-8b6b-2a362119c64b:192.168.34.20:35116], old=null
2019-11-13 20:34:40,422 [5fef94be-3335-41aa-8a3e-dfaf501cab3b@group-06036E55F3ED-LeaderElection47] INFO  impl.LeaderElection (LeaderElection.java:askForVotes(178)) - 5fef94be-3335-41aa-8a3e-dfaf501cab3b@group-06036E55F3ED-LeaderElection47: begin an election at term 1 for -1: [5fef94be-3335-41aa-8a3e-dfaf501cab3b:192.168.34.20:43483], old=null
2019-11-13 20:34:40,422 [5947ecff-de41-4703-8b6b-2a362119c64b@group-09844BCCBE48-LeaderElection48] INFO  impl.RoleInfo (RoleInfo.java:shutdownLeaderElection(134)) - 5947ecff-de41-4703-8b6b-2a362119c64b: shutdown LeaderElection
2019-11-13 20:34:40,422 [5fef94be-3335-41aa-8a3e-dfaf501cab3b@group-06036E55F3ED-LeaderElection47] INFO  impl.RoleInfo (RoleInfo.java:shutdownLeaderElection(134)) - 5fef94be-3335-41aa-8a3e-dfaf501cab3b: shutdown LeaderElection
2019-11-13 20:34:40,422 [5947ecff-de41-4703-8b6b-2a362119c64b@group-09844BCCBE48-LeaderElection48] INFO  impl.RaftServerImpl (RaftServerImpl.java:setRole(173)) - 5947ecff-de41-4703-8b6b-2a362119c64b@group-09844BCCBE48: changes role from CANDIDATE to LEADER at term 1 for changeToLeader
2019-11-13 20:34:40,422 [5fef94be-3335-41aa-8a3e-dfaf501cab3b@group-06036E55F3ED-LeaderElection47] INFO  impl.RaftServerImpl (RaftServerImpl.java:setRole(173)) - 5fef94be-3335-41aa-8a3e-dfaf501cab3b@group-06036E55F3ED: changes role from CANDIDATE to LEADER at term 1 for changeToLeader
2019-11-13 20:34:40,422 [5947ecff-de41-4703-8b6b-2a362119c64b@group-09844BCCBE48-LeaderElection48] INFO  ratis.XceiverServerRatis (XceiverServerRatis.java:handleLeaderChangedNotification(697)) - Leader change notification received for group: group-09844BCCBE48 with new leaderId: 5947ecff-de41-4703-8b6b-2a362119c64b
2019-11-13 20:34:40,422 [5fef94be-3335-41aa-8a3e-dfaf501cab3b@group-06036E55F3ED-LeaderElection47] INFO  ratis.XceiverServerRatis (XceiverServerRatis.java:handleLeaderChangedNotification(697)) - Leader change notification received for group: group-06036E55F3ED with new leaderId: 5fef94be-3335-41aa-8a3e-dfaf501cab3b
2019-11-13 20:34:40,423 [5947ecff-de41-4703-8b6b-2a362119c64b@group-09844BCCBE48-LeaderElection48] INFO  impl.RaftServerImpl (ServerState.java:setLeader(255)) - 5947ecff-de41-4703-8b6b-2a362119c64b@group-09844BCCBE48: change Leader from null to 5947ecff-de41-4703-8b6b-2a362119c64b at term 1 for becomeLeader, leader elected after 1111ms
2019-11-13 20:34:40,423 [5fef94be-3335-41aa-8a3e-dfaf501cab3b@group-06036E55F3ED-LeaderElection47] INFO  impl.RaftServerImpl (ServerState.java:setLeader(255)) - 5fef94be-3335-41aa-8a3e-dfaf501cab3b@group-06036E55F3ED: change Leader from null to 5fef94be-3335-41aa-8a3e-dfaf501cab3b at term 1 for becomeLeader, leader elected after 1069ms
2019-11-13 20:34:40,423 [5947ecff-de41-4703-8b6b-2a362119c64b@group-09844BCCBE48-LeaderElection48] INFO  server.RaftServerConfigKeys (ConfUtils.java:logGet(43)) - raft.server.staging.catchup.gap = 1000 (default)
2019-11-13 20:34:40,442 [main] INFO  ozone.MiniOzoneClusterImpl (MiniOzoneClusterImpl.java:lambda$waitForClusterToBeReady$2(163)) - Waiting for 3 number of pipelines out of 8, to report a leader.
2019-11-13 20:34:40,423 [5fef94be-3335-41aa-8a3e-dfaf501cab3b@group-06036E55F3ED-LeaderElection47] INFO  server.RaftServerConfigKeys (ConfUtils.java:logGet(43)) - raft.server.staging.catchup.gap = 1000 (default)
2019-11-13 20:34:40,443 [5947ecff-de41-4703-8b6b-2a362119c64b@group-09844BCCBE48-LeaderElection48] INFO  server.RaftServerConfigKeys (ConfUtils.java:logGet(43)) - raft.server.rpc.sleep.time = 25ms (default)
2019-11-13 20:34:40,444 [5fef94be-3335-41aa-8a3e-dfaf501cab3b@group-06036E55F3ED-LeaderElection47] INFO  server.RaftServerConfigKeys (ConfUtils.java:logGet(43)) - raft.server.rpc.sleep.time = 25ms (default)
2019-11-13 20:34:40,444 [5947ecff-de41-4703-8b6b-2a362119c64b@group-09844BCCBE48-LeaderElection48] INFO  server.RaftServerConfigKeys (ConfUtils.java:logGet(43)) - raft.server.write.element-limit = 4096 (default)
2019-11-13 20:34:40,444 [EventQueue-PipelineReportForPipelineReportHandler] INFO  pipeline.PipelineStateManager (PipelineStateManager.java:openPipeline(134)) - Pipeline Pipeline[ Id: 23781c03-b858-4009-adbc-06036e55f3ed, Nodes: 5fef94be-3335-41aa-8a3e-dfaf501cab3b{ip: 192.168.34.20, host: pr-hdds-2470-fxbl9-3826649461, networkLocation: /default-rack, certSerialId: null}, Type:RATIS, Factor:ONE, State:OPEN] moved to OPEN state
2019-11-13 20:34:40,444 [5fef94be-3335-41aa-8a3e-dfaf501cab3b@group-06036E55F3ED-LeaderElection47] INFO  server.RaftServerConfigKeys (ConfUtils.java:logGet(43)) - raft.server.write.element-limit = 4096 (default)
2019-11-13 20:34:40,444 [5947ecff-de41-4703-8b6b-2a362119c64b@group-09844BCCBE48-LeaderElection48] INFO  server.RaftServerConfigKeys (ConfUtils.java:logGet(43)) - raft.server.watch.timeout = 10s (default)
2019-11-13 20:34:40,444 [EventQueue-PipelineReportForPipelineReportHandler] INFO  pipeline.PipelineStateManager (PipelineStateManager.java:openPipeline(134)) - Pipeline Pipeline[ Id: 225ceb45-16d9-4dd3-b066-09844bccbe48, Nodes: 5947ecff-de41-4703-8b6b-2a362119c64b{ip: 192.168.34.20, host: pr-hdds-2470-fxbl9-3826649461, networkLocation: /default-rack, certSerialId: null}, Type:RATIS, Factor:ONE, State:OPEN] moved to OPEN state
2019-11-13 20:34:40,444 [5fef94be-3335-41aa-8a3e-dfaf501cab3b@group-06036E55F3ED-LeaderElection47] INFO  server.RaftServerConfigKeys (ConfUtils.java:logGet(43)) - raft.server.watch.timeout = 10s (default)
2019-11-13 20:34:40,444 [5947ecff-de41-4703-8b6b-2a362119c64b@group-09844BCCBE48-LeaderElection48] INFO  server.RaftServerConfigKeys (ConfUtils.java:logGet(43)) - raft.server.watch.timeout.denomination = 1s (default)
2019-11-13 20:34:40,444 [5fef94be-3335-41aa-8a3e-dfaf501cab3b@group-06036E55F3ED-LeaderElection47] INFO  server.RaftServerConfigKeys (ConfUtils.java:logGet(43)) - raft.server.watch.timeout.denomination = 1s (default)
2019-11-13 20:34:40,445 [5947ecff-de41-4703-8b6b-2a362119c64b@group-09844BCCBE48-LeaderElection48] INFO  server.RaftServerConfigKeys (ConfUtils.java:logGet(43)) - raft.server.watch.element-limit = 65536 (default)
2019-11-13 20:34:40,445 [5fef94be-3335-41aa-8a3e-dfaf501cab3b@group-06036E55F3ED-LeaderElection47] INFO  server.RaftServerConfigKeys (ConfUtils.java:logGet(43)) - raft.server.watch.element-limit = 65536 (default)
2019-11-13 20:34:40,445 [5fef94be-3335-41aa-8a3e-dfaf501cab3b@group-06036E55F3ED-LeaderElection47] INFO  impl.RoleInfo (RoleInfo.java:updateAndGet(143)) - 5fef94be-3335-41aa-8a3e-dfaf501cab3b: start LeaderState
2019-11-13 20:34:40,445 [5947ecff-de41-4703-8b6b-2a362119c64b@group-09844BCCBE48-LeaderElection48] INFO  impl.RoleInfo (RoleInfo.java:updateAndGet(143)) - 5947ecff-de41-4703-8b6b-2a362119c64b: start LeaderState
2019-11-13 20:34:40,445 [5fef94be-3335-41aa-8a3e-dfaf501cab3b@group-06036E55F3ED-LeaderElection47] INFO  segmented.SegmentedRaftLogWorker (SegmentedRaftLogWorker.java:startLogSegment(385)) - 5fef94be-3335-41aa-8a3e-dfaf501cab3b@group-06036E55F3ED-SegmentedRaftLogWorker: Starting segment from index:0
2019-11-13 20:34:40,445 [5947ecff-de41-4703-8b6b-2a362119c64b@group-09844BCCBE48-LeaderElection48] INFO  segmented.SegmentedRaftLogWorker (SegmentedRaftLogWorker.java:startLogSegment(385)) - 5947ecff-de41-4703-8b6b-2a362119c64b@group-09844BCCBE48-SegmentedRaftLogWorker: Starting segment from index:0
2019-11-13 20:34:40,446 [5fef94be-3335-41aa-8a3e-dfaf501cab3b@group-06036E55F3ED-LeaderElection47] INFO  impl.RaftServerImpl (ServerState.java:setRaftConf(356)) - 5fef94be-3335-41aa-8a3e-dfaf501cab3b@group-06036E55F3ED: set configuration 0: [5fef94be-3335-41aa-8a3e-dfaf501cab3b:192.168.34.20:43483], old=null at 0
2019-11-13 20:34:40,446 [5947ecff-de41-4703-8b6b-2a362119c64b@group-09844BCCBE48-LeaderElection48] INFO  impl.RaftServerImpl (ServerState.java:setRaftConf(356)) - 5947ecff-de41-4703-8b6b-2a362119c64b@group-09844BCCBE48: set configuration 0: [5947ecff-de41-4703-8b6b-2a362119c64b:192.168.34.20:35116], old=null at 0
2019-11-13 20:34:40,462 [a396b6da-9b4a-4217-b353-472b7d1ddb56@group-6A2E57BA6FA5-SegmentedRaftLogWorker] INFO  segmented.SegmentedRaftLogWorker (SegmentedRaftLogWorker.java:execute(576)) - a396b6da-9b4a-4217-b353-472b7d1ddb56@group-6A2E57BA6FA5-SegmentedRaftLogWorker: created new log segment /workdir/hadoop-ozone/integration-test/target/test-dir/MiniOzoneClusterImpl-e028e34c-e788-4356-b3c1-17795b02fdc7/datanode-0/data/ratis/be7e5f20-9345-4cc9-a545-6a2e57ba6fa5/current/log_inprogress_0
2019-11-13 20:34:40,462 [83ff406b-cc24-4672-8ad4-94afba27c25e@group-6A2E57BA6FA5-SegmentedRaftLogWorker] INFO  segmented.SegmentedRaftLogWorker (SegmentedRaftLogWorker.java:execute(576)) - 83ff406b-cc24-4672-8ad4-94afba27c25e@group-6A2E57BA6FA5-SegmentedRaftLogWorker: created new log segment /workdir/hadoop-ozone/integration-test/target/test-dir/MiniOzoneClusterImpl-e028e34c-e788-4356-b3c1-17795b02fdc7/datanode-1/data/ratis/be7e5f20-9345-4cc9-a545-6a2e57ba6fa5/current/log_inprogress_0
2019-11-13 20:34:40,477 [5fef94be-3335-41aa-8a3e-dfaf501cab3b@group-06036E55F3ED-SegmentedRaftLogWorker] INFO  segmented.SegmentedRaftLogWorker (SegmentedRaftLogWorker.java:execute(576)) - 5fef94be-3335-41aa-8a3e-dfaf501cab3b@group-06036E55F3ED-SegmentedRaftLogWorker: created new log segment /workdir/hadoop-ozone/integration-test/target/test-dir/MiniOzoneClusterImpl-e028e34c-e788-4356-b3c1-17795b02fdc7/datanode-5/data/ratis/23781c03-b858-4009-adbc-06036e55f3ed/current/log_inprogress_0
2019-11-13 20:34:40,477 [5947ecff-de41-4703-8b6b-2a362119c64b@group-09844BCCBE48-SegmentedRaftLogWorker] INFO  segmented.SegmentedRaftLogWorker (SegmentedRaftLogWorker.java:execute(576)) - 5947ecff-de41-4703-8b6b-2a362119c64b@group-09844BCCBE48-SegmentedRaftLogWorker: created new log segment /workdir/hadoop-ozone/integration-test/target/test-dir/MiniOzoneClusterImpl-e028e34c-e788-4356-b3c1-17795b02fdc7/datanode-3/data/ratis/225ceb45-16d9-4dd3-b066-09844bccbe48/current/log_inprogress_0
2019-11-13 20:34:40,565 [Thread-1592] INFO  impl.FollowerState (FollowerState.java:run(111)) - 5fef94be-3335-41aa-8a3e-dfaf501cab3b@group-88D3247C8C25-FollowerState: change to CANDIDATE, lastRpcTime:1134ms, electionTimeout:1134ms
2019-11-13 20:34:40,565 [Thread-1592] INFO  impl.RoleInfo (RoleInfo.java:shutdownFollowerState(121)) - 5fef94be-3335-41aa-8a3e-dfaf501cab3b: shutdown FollowerState
2019-11-13 20:34:40,565 [Thread-1592] INFO  impl.RaftServerImpl (RaftServerImpl.java:setRole(173)) - 5fef94be-3335-41aa-8a3e-dfaf501cab3b@group-88D3247C8C25: changes role from  FOLLOWER to CANDIDATE at term 0 for changeToCandidate
2019-11-13 20:34:40,566 [Thread-1592] INFO  impl.RoleInfo (RoleInfo.java:updateAndGet(143)) - 5fef94be-3335-41aa-8a3e-dfaf501cab3b: start LeaderElection
2019-11-13 20:34:40,575 [5fef94be-3335-41aa-8a3e-dfaf501cab3b@group-88D3247C8C25-LeaderElection49] INFO  impl.LeaderElection (LeaderElection.java:askForVotes(178)) - 5fef94be-3335-41aa-8a3e-dfaf501cab3b@group-88D3247C8C25-LeaderElection49: begin an election at term 1 for -1: [5947ecff-de41-4703-8b6b-2a362119c64b:192.168.34.20:35116, 5fef94be-3335-41aa-8a3e-dfaf501cab3b:192.168.34.20:43483, f7edbf2f-fbe3-4411-b014-7a92b8f685a2:192.168.34.20:37057], old=null
2019-11-13 20:34:40,581 [grpc-default-executor-4] INFO  impl.RaftServerImpl (RaftServerImpl.java:setRole(173)) - 5947ecff-de41-4703-8b6b-2a362119c64b@group-88D3247C8C25: changes role from  FOLLOWER to FOLLOWER at term 1 for recognizeCandidate:5fef94be-3335-41aa-8a3e-dfaf501cab3b
2019-11-13 20:34:40,581 [grpc-default-executor-4] INFO  impl.RoleInfo (RoleInfo.java:shutdownFollowerState(121)) - 5947ecff-de41-4703-8b6b-2a362119c64b: shutdown FollowerState
2019-11-13 20:34:40,581 [Thread-1591] INFO  impl.FollowerState (FollowerState.java:run(120)) - 5947ecff-de41-4703-8b6b-2a362119c64b@group-88D3247C8C25-FollowerState was interrupted: java.lang.InterruptedException: sleep interrupted
2019-11-13 20:34:40,581 [grpc-default-executor-4] INFO  impl.RoleInfo (RoleInfo.java:updateAndGet(143)) - 5947ecff-de41-4703-8b6b-2a362119c64b: start FollowerState
2019-11-13 20:34:40,583 [grpc-default-executor-5] INFO  impl.RaftServerImpl (RaftServerImpl.java:setRole(173)) - f7edbf2f-fbe3-4411-b014-7a92b8f685a2@group-88D3247C8C25: changes role from  FOLLOWER to FOLLOWER at term 1 for recognizeCandidate:5fef94be-3335-41aa-8a3e-dfaf501cab3b
2019-11-13 20:34:40,583 [grpc-default-executor-5] INFO  impl.RoleInfo (RoleInfo.java:shutdownFollowerState(121)) - f7edbf2f-fbe3-4411-b014-7a92b8f685a2: shutdown FollowerState
2019-11-13 20:34:40,583 [grpc-default-executor-5] INFO  impl.RoleInfo (RoleInfo.java:updateAndGet(143)) - f7edbf2f-fbe3-4411-b014-7a92b8f685a2: start FollowerState
2019-11-13 20:34:40,583 [Thread-1587] INFO  impl.FollowerState (FollowerState.java:run(120)) - f7edbf2f-fbe3-4411-b014-7a92b8f685a2@group-88D3247C8C25-FollowerState was interrupted: java.lang.InterruptedException: sleep interrupted
2019-11-13 20:34:40,591 [5fef94be-3335-41aa-8a3e-dfaf501cab3b@group-88D3247C8C25-LeaderElection49] INFO  impl.LeaderElection (LeaderElection.java:logAndReturn(56)) - 5fef94be-3335-41aa-8a3e-dfaf501cab3b@group-88D3247C8C25-LeaderElection49: Election PASSED; received 1 response(s) [5fef94be-3335-41aa-8a3e-dfaf501cab3b<-5947ecff-de41-4703-8b6b-2a362119c64b#0:OK-t1] and 0 exception(s); 5fef94be-3335-41aa-8a3e-dfaf501cab3b@group-88D3247C8C25:t1, leader=null, voted=5fef94be-3335-41aa-8a3e-dfaf501cab3b, raftlog=5fef94be-3335-41aa-8a3e-dfaf501cab3b@group-88D3247C8C25-SegmentedRaftLog:OPENED:c-1,f-1,i0, conf=-1: [5947ecff-de41-4703-8b6b-2a362119c64b:192.168.34.20:35116, 5fef94be-3335-41aa-8a3e-dfaf501cab3b:192.168.34.20:43483, f7edbf2f-fbe3-4411-b014-7a92b8f685a2:192.168.34.20:37057], old=null
2019-11-13 20:34:40,591 [5fef94be-3335-41aa-8a3e-dfaf501cab3b@group-88D3247C8C25-LeaderElection49] INFO  impl.RoleInfo (RoleInfo.java:shutdownLeaderElection(134)) - 5fef94be-3335-41aa-8a3e-dfaf501cab3b: shutdown LeaderElection
2019-11-13 20:34:40,591 [5fef94be-3335-41aa-8a3e-dfaf501cab3b@group-88D3247C8C25-LeaderElection49] INFO  impl.RaftServerImpl (RaftServerImpl.java:setRole(173)) - 5fef94be-3335-41aa-8a3e-dfaf501cab3b@group-88D3247C8C25: changes role from CANDIDATE to LEADER at term 1 for changeToLeader
2019-11-13 20:34:40,592 [5fef94be-3335-41aa-8a3e-dfaf501cab3b@group-88D3247C8C25-LeaderElection49] INFO  ratis.XceiverServerRatis (XceiverServerRatis.java:handleLeaderChangedNotification(697)) - Leader change notification received for group: group-88D3247C8C25 with new leaderId: 5fef94be-3335-41aa-8a3e-dfaf501cab3b
2019-11-13 20:34:40,592 [5fef94be-3335-41aa-8a3e-dfaf501cab3b@group-88D3247C8C25-LeaderElection49] INFO  impl.RaftServerImpl (ServerState.java:setLeader(255)) - 5fef94be-3335-41aa-8a3e-dfaf501cab3b@group-88D3247C8C25: change Leader from null to 5fef94be-3335-41aa-8a3e-dfaf501cab3b at term 1 for becomeLeader, leader elected after 1170ms
2019-11-13 20:34:40,592 [5fef94be-3335-41aa-8a3e-dfaf501cab3b@group-88D3247C8C25-LeaderElection49] INFO  server.RaftServerConfigKeys (ConfUtils.java:logGet(43)) - raft.server.staging.catchup.gap = 1000 (default)
2019-11-13 20:34:40,592 [5fef94be-3335-41aa-8a3e-dfaf501cab3b@group-88D3247C8C25-LeaderElection49] INFO  server.RaftServerConfigKeys (ConfUtils.java:logGet(43)) - raft.server.rpc.sleep.time = 25ms (default)
2019-11-13 20:34:40,592 [5fef94be-3335-41aa-8a3e-dfaf501cab3b@group-88D3247C8C25-LeaderElection49] INFO  server.RaftServerConfigKeys (ConfUtils.java:logGet(43)) - raft.server.write.element-limit = 4096 (default)
2019-11-13 20:34:40,592 [5fef94be-3335-41aa-8a3e-dfaf501cab3b@group-88D3247C8C25-LeaderElection49] INFO  server.RaftServerConfigKeys (ConfUtils.java:logGet(43)) - raft.server.watch.timeout = 10s (default)
2019-11-13 20:34:40,592 [5fef94be-3335-41aa-8a3e-dfaf501cab3b@group-88D3247C8C25-LeaderElection49] INFO  server.RaftServerConfigKeys (ConfUtils.java:logGet(43)) - raft.server.watch.timeout.denomination = 1s (default)
2019-11-13 20:34:40,592 [5fef94be-3335-41aa-8a3e-dfaf501cab3b@group-88D3247C8C25-LeaderElection49] INFO  server.RaftServerConfigKeys (ConfUtils.java:logGet(43)) - raft.server.watch.element-limit = 65536 (default)
2019-11-13 20:34:40,593 [5fef94be-3335-41aa-8a3e-dfaf501cab3b@group-88D3247C8C25-LeaderElection49] INFO  server.RaftServerConfigKeys (ConfUtils.java:logGet(43)) - raft.server.log.appender.snapshot.chunk.size.max = 16MB (=16777216) (default)
2019-11-13 20:34:40,593 [5fef94be-3335-41aa-8a3e-dfaf501cab3b@group-88D3247C8C25-LeaderElection49] INFO  server.RaftServerConfigKeys (ConfUtils.java:logGet(43)) - raft.server.log.appender.buffer.byte-limit = 33554432 (custom)
2019-11-13 20:34:40,593 [5fef94be-3335-41aa-8a3e-dfaf501cab3b@group-88D3247C8C25-LeaderElection49] INFO  server.RaftServerConfigKeys (ConfUtils.java:logGet(43)) - raft.server.log.appender.buffer.element-limit = 1 (custom)
2019-11-13 20:34:40,593 [EventQueue-PipelineReportForPipelineReportHandler] INFO  pipeline.PipelineStateManager (PipelineStateManager.java:openPipeline(134)) - Pipeline Pipeline[ Id: 6da67883-c009-4c48-90da-88d3247c8c25, Nodes: f7edbf2f-fbe3-4411-b014-7a92b8f685a2{ip: 192.168.34.20, host: pr-hdds-2470-fxbl9-3826649461, networkLocation: /default-rack, certSerialId: null}5947ecff-de41-4703-8b6b-2a362119c64b{ip: 192.168.34.20, host: pr-hdds-2470-fxbl9-3826649461, networkLocation: /default-rack, certSerialId: null}5fef94be-3335-41aa-8a3e-dfaf501cab3b{ip: 192.168.34.20, host: pr-hdds-2470-fxbl9-3826649461, networkLocation: /default-rack, certSerialId: null}, Type:RATIS, Factor:THREE, State:OPEN] moved to OPEN state
2019-11-13 20:34:40,593 [5fef94be-3335-41aa-8a3e-dfaf501cab3b@group-88D3247C8C25-LeaderElection49] INFO  grpc.GrpcConfigKeys$Server (ConfUtils.java:logGet(43)) - raft.grpc.server.leader.outstanding.appends.max = 128 (default)
2019-11-13 20:34:40,595 [5fef94be-3335-41aa-8a3e-dfaf501cab3b@group-88D3247C8C25-LeaderElection49] INFO  server.RaftServerConfigKeys (ConfUtils.java:logGet(43)) - raft.server.rpc.request.timeout = 3000ms (default)
2019-11-13 20:34:40,595 [5fef94be-3335-41aa-8a3e-dfaf501cab3b@group-88D3247C8C25-LeaderElection49] INFO  server.RaftServerConfigKeys (ConfUtils.java:logGet(43)) - raft.server.log.appender.install.snapshot.enabled = false (custom)
2019-11-13 20:34:40,595 [5fef94be-3335-41aa-8a3e-dfaf501cab3b@group-88D3247C8C25-LeaderElection49] WARN  impl.MetricRegistriesImpl (MetricRegistriesImpl.java:lambda$create$1(61)) - First MetricRegistry has been created without registering reporters. You may need to call MetricRegistries.global().addReportRegistration(...) before.
2019-11-13 20:34:40,595 [5fef94be-3335-41aa-8a3e-dfaf501cab3b@group-88D3247C8C25-LeaderElection49] INFO  server.RaftServerConfigKeys (ConfUtils.java:logGet(43)) - raft.server.log.appender.snapshot.chunk.size.max = 16MB (=16777216) (default)
2019-11-13 20:34:40,595 [5fef94be-3335-41aa-8a3e-dfaf501cab3b@group-88D3247C8C25-LeaderElection49] INFO  server.RaftServerConfigKeys (ConfUtils.java:logGet(43)) - raft.server.log.appender.buffer.byte-limit = 33554432 (custom)
2019-11-13 20:34:40,595 [5fef94be-3335-41aa-8a3e-dfaf501cab3b@group-88D3247C8C25-LeaderElection49] INFO  server.RaftServerConfigKeys (ConfUtils.java:logGet(43)) - raft.server.log.appender.buffer.element-limit = 1 (custom)
2019-11-13 20:34:40,595 [5fef94be-3335-41aa-8a3e-dfaf501cab3b@group-88D3247C8C25-LeaderElection49] INFO  grpc.GrpcConfigKeys$Server (ConfUtils.java:logGet(43)) - raft.grpc.server.leader.outstanding.appends.max = 128 (default)
2019-11-13 20:34:40,595 [5fef94be-3335-41aa-8a3e-dfaf501cab3b@group-88D3247C8C25-LeaderElection49] INFO  server.RaftServerConfigKeys (ConfUtils.java:logGet(43)) - raft.server.rpc.request.timeout = 3000ms (default)
2019-11-13 20:34:40,596 [5fef94be-3335-41aa-8a3e-dfaf501cab3b@group-88D3247C8C25-LeaderElection49] INFO  server.RaftServerConfigKeys (ConfUtils.java:logGet(43)) - raft.server.log.appender.install.snapshot.enabled = false (custom)
2019-11-13 20:34:40,596 [5fef94be-3335-41aa-8a3e-dfaf501cab3b@group-88D3247C8C25-LeaderElection49] INFO  impl.RoleInfo (RoleInfo.java:updateAndGet(143)) - 5fef94be-3335-41aa-8a3e-dfaf501cab3b: start LeaderState
2019-11-13 20:34:40,596 [5fef94be-3335-41aa-8a3e-dfaf501cab3b@group-88D3247C8C25-LeaderElection49] INFO  segmented.SegmentedRaftLogWorker (SegmentedRaftLogWorker.java:startLogSegment(385)) - 5fef94be-3335-41aa-8a3e-dfaf501cab3b@group-88D3247C8C25-SegmentedRaftLogWorker: Starting segment from index:0
2019-11-13 20:34:40,596 [5fef94be-3335-41aa-8a3e-dfaf501cab3b@group-88D3247C8C25-LeaderElection49] INFO  impl.RaftServerImpl (ServerState.java:setRaftConf(356)) - 5fef94be-3335-41aa-8a3e-dfaf501cab3b@group-88D3247C8C25: set configuration 0: [5947ecff-de41-4703-8b6b-2a362119c64b:192.168.34.20:35116, 5fef94be-3335-41aa-8a3e-dfaf501cab3b:192.168.34.20:43483, f7edbf2f-fbe3-4411-b014-7a92b8f685a2:192.168.34.20:37057], old=null at 0
2019-11-13 20:34:40,598 [grpc-default-executor-5] INFO  ratis.XceiverServerRatis (XceiverServerRatis.java:handleLeaderChangedNotification(697)) - Leader change notification received for group: group-88D3247C8C25 with new leaderId: 5fef94be-3335-41aa-8a3e-dfaf501cab3b
2019-11-13 20:34:40,630 [grpc-default-executor-4] INFO  ratis.XceiverServerRatis (XceiverServerRatis.java:handleLeaderChangedNotification(697)) - Leader change notification received for group: group-88D3247C8C25 with new leaderId: 5fef94be-3335-41aa-8a3e-dfaf501cab3b
2019-11-13 20:34:40,631 [grpc-default-executor-5] INFO  impl.RaftServerImpl (ServerState.java:setLeader(255)) - f7edbf2f-fbe3-4411-b014-7a92b8f685a2@group-88D3247C8C25: change Leader from null to 5fef94be-3335-41aa-8a3e-dfaf501cab3b at term 1 for appendEntries, leader elected after 1177ms
2019-11-13 20:34:40,631 [grpc-default-executor-4] INFO  impl.RaftServerImpl (ServerState.java:setLeader(255)) - 5947ecff-de41-4703-8b6b-2a362119c64b@group-88D3247C8C25: change Leader from null to 5fef94be-3335-41aa-8a3e-dfaf501cab3b at term 1 for appendEntries, leader elected after 1210ms
2019-11-13 20:34:40,636 [grpc-default-executor-4] INFO  impl.RaftServerImpl (ServerState.java:setRaftConf(356)) - f7edbf2f-fbe3-4411-b014-7a92b8f685a2@group-88D3247C8C25: set configuration 0: [5947ecff-de41-4703-8b6b-2a362119c64b:192.168.34.20:35116, 5fef94be-3335-41aa-8a3e-dfaf501cab3b:192.168.34.20:43483, f7edbf2f-fbe3-4411-b014-7a92b8f685a2:192.168.34.20:37057], old=null at 0
2019-11-13 20:34:40,636 [grpc-default-executor-5] INFO  impl.RaftServerImpl (ServerState.java:setRaftConf(356)) - 5947ecff-de41-4703-8b6b-2a362119c64b@group-88D3247C8C25: set configuration 0: [5947ecff-de41-4703-8b6b-2a362119c64b:192.168.34.20:35116, 5fef94be-3335-41aa-8a3e-dfaf501cab3b:192.168.34.20:43483, f7edbf2f-fbe3-4411-b014-7a92b8f685a2:192.168.34.20:37057], old=null at 0
2019-11-13 20:34:40,637 [grpc-default-executor-4] INFO  segmented.SegmentedRaftLogWorker (SegmentedRaftLogWorker.java:startLogSegment(385)) - f7edbf2f-fbe3-4411-b014-7a92b8f685a2@group-88D3247C8C25-SegmentedRaftLogWorker: Starting segment from index:0
2019-11-13 20:34:40,637 [grpc-default-executor-5] INFO  segmented.SegmentedRaftLogWorker (SegmentedRaftLogWorker.java:startLogSegment(385)) - 5947ecff-de41-4703-8b6b-2a362119c64b@group-88D3247C8C25-SegmentedRaftLogWorker: Starting segment from index:0
2019-11-13 20:34:40,643 [5fef94be-3335-41aa-8a3e-dfaf501cab3b@group-88D3247C8C25-SegmentedRaftLogWorker] INFO  segmented.SegmentedRaftLogWorker (SegmentedRaftLogWorker.java:execute(576)) - 5fef94be-3335-41aa-8a3e-dfaf501cab3b@group-88D3247C8C25-SegmentedRaftLogWorker: created new log segment /workdir/hadoop-ozone/integration-test/target/test-dir/MiniOzoneClusterImpl-e028e34c-e788-4356-b3c1-17795b02fdc7/datanode-5/data/ratis/6da67883-c009-4c48-90da-88d3247c8c25/current/log_inprogress_0
2019-11-13 20:34:40,679 [f7edbf2f-fbe3-4411-b014-7a92b8f685a2@group-88D3247C8C25-SegmentedRaftLogWorker] INFO  segmented.SegmentedRaftLogWorker (SegmentedRaftLogWorker.java:execute(576)) - f7edbf2f-fbe3-4411-b014-7a92b8f685a2@group-88D3247C8C25-SegmentedRaftLogWorker: created new log segment /workdir/hadoop-ozone/integration-test/target/test-dir/MiniOzoneClusterImpl-e028e34c-e788-4356-b3c1-17795b02fdc7/datanode-4/data/ratis/6da67883-c009-4c48-90da-88d3247c8c25/current/log_inprogress_0
2019-11-13 20:34:40,681 [5947ecff-de41-4703-8b6b-2a362119c64b@group-88D3247C8C25-SegmentedRaftLogWorker] INFO  segmented.SegmentedRaftLogWorker (SegmentedRaftLogWorker.java:execute(576)) - 5947ecff-de41-4703-8b6b-2a362119c64b@group-88D3247C8C25-SegmentedRaftLogWorker: created new log segment /workdir/hadoop-ozone/integration-test/target/test-dir/MiniOzoneClusterImpl-e028e34c-e788-4356-b3c1-17795b02fdc7/datanode-3/data/ratis/6da67883-c009-4c48-90da-88d3247c8c25/current/log_inprogress_0
2019-11-13 20:34:41,444 [main] INFO  ozone.MiniOzoneClusterImpl (MiniOzoneClusterImpl.java:lambda$waitForClusterToBeReady$2(171)) - Cluster is ready. Got 6 of 6 DN Heartbeats.
2019-11-13 20:34:41,474 [main] INFO  rpc.RpcClient (RpcClient.java:createVolume(292)) - Creating Volume: datanodefailurehandlingtest, with jenkins1000 as owner.
2019-11-13 20:34:41,477 [IPC Server handler 3 on 37151] INFO  volume.OMVolumeCreateRequest (OMVolumeCreateRequest.java:validateAndUpdateCache(193)) - created volume:datanodefailurehandlingtest for user:jenkins1000
2019-11-13 20:34:41,511 [main] INFO  rpc.RpcClient (RpcClient.java:createBucket(431)) - Creating Bucket: datanodefailurehandlingtest/datanodefailurehandlingtest, with Versioning false and Storage Type set to DISK and Encryption set to false 
2019-11-13 20:34:41,978 [Thread-1558] INFO  container.ReplicationManager (ReplicationManager.java:start(162)) - Starting Replication Monitor Thread.
2019-11-13 20:34:41,979 [Thread-1558] INFO  pipeline.SCMPipelineManager (SCMPipelineManager.java:finalizeAndDestroyPipeline(315)) - destroying pipeline:Pipeline[ Id: 6da67883-c009-4c48-90da-88d3247c8c25, Nodes: f7edbf2f-fbe3-4411-b014-7a92b8f685a2{ip: 192.168.34.20, host: pr-hdds-2470-fxbl9-3826649461, networkLocation: /default-rack, certSerialId: null}5947ecff-de41-4703-8b6b-2a362119c64b{ip: 192.168.34.20, host: pr-hdds-2470-fxbl9-3826649461, networkLocation: /default-rack, certSerialId: null}5fef94be-3335-41aa-8a3e-dfaf501cab3b{ip: 192.168.34.20, host: pr-hdds-2470-fxbl9-3826649461, networkLocation: /default-rack, certSerialId: null}, Type:RATIS, Factor:THREE, State:OPEN]
2019-11-13 20:34:41,980 [Thread-1558] INFO  pipeline.PipelineStateManager (PipelineStateManager.java:finalizePipeline(121)) - Pipeline Pipeline[ Id: 6da67883-c009-4c48-90da-88d3247c8c25, Nodes: f7edbf2f-fbe3-4411-b014-7a92b8f685a2{ip: 192.168.34.20, host: pr-hdds-2470-fxbl9-3826649461, networkLocation: /default-rack, certSerialId: null}5947ecff-de41-4703-8b6b-2a362119c64b{ip: 192.168.34.20, host: pr-hdds-2470-fxbl9-3826649461, networkLocation: /default-rack, certSerialId: null}5fef94be-3335-41aa-8a3e-dfaf501cab3b{ip: 192.168.34.20, host: pr-hdds-2470-fxbl9-3826649461, networkLocation: /default-rack, certSerialId: null}, Type:RATIS, Factor:THREE, State:CLOSED] moved to CLOSED state
2019-11-13 20:34:41,980 [ReplicationMonitor] INFO  container.ReplicationManager (ReplicationManager.java:run(225)) - Replication Monitor Thread took 0 milliseconds for processing 1 containers.
2019-11-13 20:34:41,982 [EventQueue-CloseContainerForCloseContainerEventHandler] INFO  container.CloseContainerEventHandler (CloseContainerEventHandler.java:onMessage(61)) - Close container Event triggered for container : #1
2019-11-13 20:34:41,991 [grpc-default-executor-5] INFO  impl.RaftServerProxy (RaftServerProxy.java:remove(95)) - f7edbf2f-fbe3-4411-b014-7a92b8f685a2: remove  FOLLOWER f7edbf2f-fbe3-4411-b014-7a92b8f685a2@group-88D3247C8C25:t1, leader=5fef94be-3335-41aa-8a3e-dfaf501cab3b, voted=5fef94be-3335-41aa-8a3e-dfaf501cab3b, raftlog=f7edbf2f-fbe3-4411-b014-7a92b8f685a2@group-88D3247C8C25-SegmentedRaftLog:OPENED:c4,f6,i6, conf=0: [5947ecff-de41-4703-8b6b-2a362119c64b:192.168.34.20:35116, 5fef94be-3335-41aa-8a3e-dfaf501cab3b:192.168.34.20:43483, f7edbf2f-fbe3-4411-b014-7a92b8f685a2:192.168.34.20:37057], old=null RUNNING
2019-11-13 20:34:41,991 [grpc-default-executor-5] INFO  impl.RaftServerImpl (RaftServerImpl.java:lambda$shutdown$3(250)) - f7edbf2f-fbe3-4411-b014-7a92b8f685a2@group-88D3247C8C25: shutdown
2019-11-13 20:34:41,991 [grpc-default-executor-5] INFO  util.JmxRegister (JmxRegister.java:unregister(73)) - Successfully un-registered JMX Bean with object name Ratis:service=RaftServer,group=group-88D3247C8C25,id=f7edbf2f-fbe3-4411-b014-7a92b8f685a2
2019-11-13 20:34:41,991 [grpc-default-executor-5] INFO  impl.RoleInfo (RoleInfo.java:shutdownFollowerState(121)) - f7edbf2f-fbe3-4411-b014-7a92b8f685a2: shutdown FollowerState
2019-11-13 20:34:41,992 [Thread-1627] INFO  impl.FollowerState (FollowerState.java:run(120)) - f7edbf2f-fbe3-4411-b014-7a92b8f685a2@group-88D3247C8C25-FollowerState was interrupted: java.lang.InterruptedException: sleep interrupted
2019-11-13 20:34:41,994 [grpc-default-executor-5] INFO  impl.StateMachineUpdater (StateMachineUpdater.java:stopAndJoin(136)) - f7edbf2f-fbe3-4411-b014-7a92b8f685a2@group-88D3247C8C25-StateMachineUpdater: set stopIndex = 4
2019-11-13 20:34:41,994 [f7edbf2f-fbe3-4411-b014-7a92b8f685a2@group-88D3247C8C25-StateMachineUpdater] INFO  ratis.ContainerStateMachine (ContainerStateMachine.java:takeSnapshot(285)) - group-88D3247C8C25: Taking a snapshot at:(t:1, i:4) file /workdir/hadoop-ozone/integration-test/target/test-dir/MiniOzoneClusterImpl-e028e34c-e788-4356-b3c1-17795b02fdc7/datanode-4/data/ratis/6da67883-c009-4c48-90da-88d3247c8c25/sm/snapshot.1_4
2019-11-13 20:34:42,016 [f7edbf2f-fbe3-4411-b014-7a92b8f685a2@group-88D3247C8C25-StateMachineUpdater] INFO  ratis.ContainerStateMachine (ContainerStateMachine.java:takeSnapshot(296)) - group-88D3247C8C25: Finished taking a snapshot at:(t:1, i:4) file:/workdir/hadoop-ozone/integration-test/target/test-dir/MiniOzoneClusterImpl-e028e34c-e788-4356-b3c1-17795b02fdc7/datanode-4/data/ratis/6da67883-c009-4c48-90da-88d3247c8c25/sm/snapshot.1_4 time:23
2019-11-13 20:34:42,017 [f7edbf2f-fbe3-4411-b014-7a92b8f685a2@group-88D3247C8C25-StateMachineUpdater] INFO  impl.StateMachineUpdater (StateMachineUpdater.java:takeSnapshot(269)) - f7edbf2f-fbe3-4411-b014-7a92b8f685a2@group-88D3247C8C25-StateMachineUpdater: Took a snapshot at index 4
2019-11-13 20:34:42,017 [f7edbf2f-fbe3-4411-b014-7a92b8f685a2@group-88D3247C8C25-StateMachineUpdater] INFO  impl.StateMachineUpdater (StateMachineUpdater.java:lambda$new$0(84)) - f7edbf2f-fbe3-4411-b014-7a92b8f685a2@group-88D3247C8C25-StateMachineUpdater: snapshotIndex: updateIncreasingly -1 -> 4
2019-11-13 20:34:42,017 [grpc-default-executor-5] INFO  impl.RaftServerImpl (ServerState.java:close(387)) - f7edbf2f-fbe3-4411-b014-7a92b8f685a2@group-88D3247C8C25: closes. applyIndex: 4
2019-11-13 20:34:42,018 [f7edbf2f-fbe3-4411-b014-7a92b8f685a2@group-88D3247C8C25-SegmentedRaftLogWorker] INFO  segmented.SegmentedRaftLogWorker (SegmentedRaftLogWorker.java:run(316)) - f7edbf2f-fbe3-4411-b014-7a92b8f685a2@group-88D3247C8C25-SegmentedRaftLogWorker was interrupted, exiting. There are 0 tasks remaining in the queue.
2019-11-13 20:34:42,027 [grpc-default-executor-5] INFO  segmented.SegmentedRaftLogWorker (SegmentedRaftLogWorker.java:close(224)) - f7edbf2f-fbe3-4411-b014-7a92b8f685a2@group-88D3247C8C25-SegmentedRaftLogWorker close()
2019-11-13 20:34:42,047 [grpc-default-executor-5] INFO  interfaces.Container (KeyValueContainer.java:flushAndSyncDB(400)) - Container 1 is synced with bcsId 4.
2019-11-13 20:34:42,048 [grpc-default-executor-5] INFO  interfaces.Container (KeyValueContainer.java:flushAndSyncDB(400)) - Container 1 is synced with bcsId 4.
2019-11-13 20:34:42,059 [grpc-default-executor-5] INFO  impl.RaftServerProxy (RaftServerProxy.java:remove(95)) - 5947ecff-de41-4703-8b6b-2a362119c64b: remove  FOLLOWER 5947ecff-de41-4703-8b6b-2a362119c64b@group-88D3247C8C25:t1, leader=5fef94be-3335-41aa-8a3e-dfaf501cab3b, voted=5fef94be-3335-41aa-8a3e-dfaf501cab3b, raftlog=5947ecff-de41-4703-8b6b-2a362119c64b@group-88D3247C8C25-SegmentedRaftLog:OPENED:c10,f14,i14, conf=0: [5947ecff-de41-4703-8b6b-2a362119c64b:192.168.34.20:35116, 5fef94be-3335-41aa-8a3e-dfaf501cab3b:192.168.34.20:43483, f7edbf2f-fbe3-4411-b014-7a92b8f685a2:192.168.34.20:37057], old=null RUNNING
2019-11-13 20:34:42,059 [grpc-default-executor-5] INFO  impl.RaftServerImpl (RaftServerImpl.java:lambda$shutdown$3(250)) - 5947ecff-de41-4703-8b6b-2a362119c64b@group-88D3247C8C25: shutdown
2019-11-13 20:34:42,060 [grpc-default-executor-5] INFO  util.JmxRegister (JmxRegister.java:unregister(73)) - Successfully un-registered JMX Bean with object name Ratis:service=RaftServer,group=group-88D3247C8C25,id=5947ecff-de41-4703-8b6b-2a362119c64b
2019-11-13 20:34:42,060 [grpc-default-executor-5] INFO  impl.RoleInfo (RoleInfo.java:shutdownFollowerState(121)) - 5947ecff-de41-4703-8b6b-2a362119c64b: shutdown FollowerState
2019-11-13 20:34:42,060 [grpc-default-executor-5] INFO  impl.StateMachineUpdater (StateMachineUpdater.java:stopAndJoin(136)) - 5947ecff-de41-4703-8b6b-2a362119c64b@group-88D3247C8C25-StateMachineUpdater: set stopIndex = 10
2019-11-13 20:34:42,060 [5947ecff-de41-4703-8b6b-2a362119c64b@group-88D3247C8C25-StateMachineUpdater] INFO  ratis.ContainerStateMachine (ContainerStateMachine.java:takeSnapshot(285)) - group-88D3247C8C25: Taking a snapshot at:(t:1, i:10) file /workdir/hadoop-ozone/integration-test/target/test-dir/MiniOzoneClusterImpl-e028e34c-e788-4356-b3c1-17795b02fdc7/datanode-3/data/ratis/6da67883-c009-4c48-90da-88d3247c8c25/sm/snapshot.1_10
2019-11-13 20:34:42,060 [Thread-1626] INFO  impl.FollowerState (FollowerState.java:run(120)) - 5947ecff-de41-4703-8b6b-2a362119c64b@group-88D3247C8C25-FollowerState was interrupted: java.lang.InterruptedException: sleep interrupted
2019-11-13 20:34:42,066 [EventQueue-IncrementalContainerReportForIncrementalContainerReportHandler] INFO  container.IncrementalContainerReportHandler (AbstractContainerReportHandler.java:updateContainerState(171)) - Moving container #1 to QUASI_CLOSED state, datanode f7edbf2f-fbe3-4411-b014-7a92b8f685a2{ip: 192.168.34.20, host: pr-hdds-2470-fxbl9-3826649461, networkLocation: /default-rack, certSerialId: null} reported QUASI_CLOSED replica.
2019-11-13 20:34:42,074 [5947ecff-de41-4703-8b6b-2a362119c64b@group-88D3247C8C25-StateMachineUpdater] INFO  ratis.ContainerStateMachine (ContainerStateMachine.java:takeSnapshot(296)) - group-88D3247C8C25: Finished taking a snapshot at:(t:1, i:10) file:/workdir/hadoop-ozone/integration-test/target/test-dir/MiniOzoneClusterImpl-e028e34c-e788-4356-b3c1-17795b02fdc7/datanode-3/data/ratis/6da67883-c009-4c48-90da-88d3247c8c25/sm/snapshot.1_10 time:15
2019-11-13 20:34:42,075 [5947ecff-de41-4703-8b6b-2a362119c64b@group-88D3247C8C25-StateMachineUpdater] INFO  impl.StateMachineUpdater (StateMachineUpdater.java:takeSnapshot(269)) - 5947ecff-de41-4703-8b6b-2a362119c64b@group-88D3247C8C25-StateMachineUpdater: Took a snapshot at index 10
2019-11-13 20:34:42,075 [5947ecff-de41-4703-8b6b-2a362119c64b@group-88D3247C8C25-StateMachineUpdater] INFO  impl.StateMachineUpdater (StateMachineUpdater.java:lambda$new$0(84)) - 5947ecff-de41-4703-8b6b-2a362119c64b@group-88D3247C8C25-StateMachineUpdater: snapshotIndex: updateIncreasingly -1 -> 10
2019-11-13 20:34:42,075 [grpc-default-executor-5] INFO  impl.RaftServerImpl (ServerState.java:close(387)) - 5947ecff-de41-4703-8b6b-2a362119c64b@group-88D3247C8C25: closes. applyIndex: 10
2019-11-13 20:34:42,075 [5947ecff-de41-4703-8b6b-2a362119c64b@group-88D3247C8C25-SegmentedRaftLogWorker] INFO  segmented.SegmentedRaftLogWorker (SegmentedRaftLogWorker.java:run(316)) - 5947ecff-de41-4703-8b6b-2a362119c64b@group-88D3247C8C25-SegmentedRaftLogWorker was interrupted, exiting. There are 0 tasks remaining in the queue.
2019-11-13 20:34:42,077 [grpc-default-executor-5] INFO  segmented.SegmentedRaftLogWorker (SegmentedRaftLogWorker.java:close(224)) - 5947ecff-de41-4703-8b6b-2a362119c64b@group-88D3247C8C25-SegmentedRaftLogWorker close()
2019-11-13 20:34:42,105 [grpc-default-executor-5] INFO  interfaces.Container (KeyValueContainer.java:flushAndSyncDB(400)) - Container 1 is synced with bcsId 10.
2019-11-13 20:34:42,105 [grpc-default-executor-5] INFO  interfaces.Container (KeyValueContainer.java:flushAndSyncDB(400)) - Container 1 is synced with bcsId 10.
2019-11-13 20:34:42,148 [grpc-default-executor-5] INFO  impl.RaftServerProxy (RaftServerProxy.java:remove(95)) - 5fef94be-3335-41aa-8a3e-dfaf501cab3b: remove    LEADER 5fef94be-3335-41aa-8a3e-dfaf501cab3b@group-88D3247C8C25:t1, leader=5fef94be-3335-41aa-8a3e-dfaf501cab3b, voted=5fef94be-3335-41aa-8a3e-dfaf501cab3b, raftlog=5fef94be-3335-41aa-8a3e-dfaf501cab3b@group-88D3247C8C25-SegmentedRaftLog:OPENED:c14,f14,i14, conf=0: [5947ecff-de41-4703-8b6b-2a362119c64b:192.168.34.20:35116, 5fef94be-3335-41aa-8a3e-dfaf501cab3b:192.168.34.20:43483, f7edbf2f-fbe3-4411-b014-7a92b8f685a2:192.168.34.20:37057], old=null RUNNING
2019-11-13 20:34:42,149 [grpc-default-executor-5] INFO  impl.RaftServerImpl (RaftServerImpl.java:lambda$shutdown$3(250)) - 5fef94be-3335-41aa-8a3e-dfaf501cab3b@group-88D3247C8C25: shutdown
2019-11-13 20:34:42,149 [grpc-default-executor-5] INFO  util.JmxRegister (JmxRegister.java:unregister(73)) - Successfully un-registered JMX Bean with object name Ratis:service=RaftServer,group=group-88D3247C8C25,id=5fef94be-3335-41aa-8a3e-dfaf501cab3b
2019-11-13 20:34:42,149 [grpc-default-executor-5] INFO  impl.RoleInfo (RoleInfo.java:shutdownLeaderState(104)) - 5fef94be-3335-41aa-8a3e-dfaf501cab3b: shutdown LeaderState
2019-11-13 20:34:42,152 [grpc-default-executor-5] INFO  impl.PendingRequests (PendingRequests.java:sendNotLeaderResponses(206)) - 5fef94be-3335-41aa-8a3e-dfaf501cab3b@group-88D3247C8C25-PendingRequests: sendNotLeaderResponses
2019-11-13 20:34:42,152 [org.apache.ratis.server.impl.LogAppender$AppenderDaemon$$Lambda$444/1867097046@251fc26] WARN  server.GrpcLogAppender (GrpcLogAppender.java:mayWait(151)) - 5fef94be-3335-41aa-8a3e-dfaf501cab3b@group-88D3247C8C25->f7edbf2f-fbe3-4411-b014-7a92b8f685a2-GrpcLogAppender: Wait interrupted by java.lang.InterruptedException
2019-11-13 20:34:42,152 [org.apache.ratis.server.impl.LogAppender$AppenderDaemon$$Lambda$444/1867097046@47536aa8] WARN  server.GrpcLogAppender (GrpcLogAppender.java:mayWait(151)) - 5fef94be-3335-41aa-8a3e-dfaf501cab3b@group-88D3247C8C25->5947ecff-de41-4703-8b6b-2a362119c64b-GrpcLogAppender: Wait interrupted by java.lang.InterruptedException
2019-11-13 20:34:42,161 [grpc-default-executor-5] INFO  impl.StateMachineUpdater (StateMachineUpdater.java:stopAndJoin(136)) - 5fef94be-3335-41aa-8a3e-dfaf501cab3b@group-88D3247C8C25-StateMachineUpdater: set stopIndex = 14
2019-11-13 20:34:42,161 [grpc-default-executor-3] INFO  server.GrpcServerProtocolService (GrpcServerProtocolService.java:onCompleted(113)) - 5947ecff-de41-4703-8b6b-2a362119c64b: Completed APPEND_ENTRIES, lastRequest: 5fef94be-3335-41aa-8a3e-dfaf501cab3b->5947ecff-de41-4703-8b6b-2a362119c64b#16-t1, previous=(t:1, i:13), leaderCommit=10, initializing? false, entries: size=1, first=(t:1, i:14), METADATAENTRY(c10)
2019-11-13 20:34:42,161 [5fef94be-3335-41aa-8a3e-dfaf501cab3b@group-88D3247C8C25-StateMachineUpdater] INFO  ratis.ContainerStateMachine (ContainerStateMachine.java:takeSnapshot(285)) - group-88D3247C8C25: Taking a snapshot at:(t:1, i:10) file /workdir/hadoop-ozone/integration-test/target/test-dir/MiniOzoneClusterImpl-e028e34c-e788-4356-b3c1-17795b02fdc7/datanode-5/data/ratis/6da67883-c009-4c48-90da-88d3247c8c25/sm/snapshot.1_10
2019-11-13 20:34:42,161 [grpc-default-executor-0] INFO  server.GrpcServerProtocolService (GrpcServerProtocolService.java:onCompleted(113)) - f7edbf2f-fbe3-4411-b014-7a92b8f685a2: Completed APPEND_ENTRIES, lastRequest: 5fef94be-3335-41aa-8a3e-dfaf501cab3b->f7edbf2f-fbe3-4411-b014-7a92b8f685a2#16-t1, previous=(t:1, i:13), leaderCommit=10, initializing? false, entries: size=1, first=(t:1, i:14), METADATAENTRY(c10)
2019-11-13 20:34:42,162 [grpc-default-executor-3] INFO  server.GrpcLogAppender (GrpcLogAppender.java:onCompleted(308)) - 5fef94be-3335-41aa-8a3e-dfaf501cab3b@group-88D3247C8C25->5947ecff-de41-4703-8b6b-2a362119c64b-AppendLogResponseHandler: follower responses appendEntries COMPLETED
2019-11-13 20:34:42,162 [grpc-default-executor-0] INFO  server.GrpcLogAppender (GrpcLogAppender.java:onCompleted(308)) - 5fef94be-3335-41aa-8a3e-dfaf501cab3b@group-88D3247C8C25->f7edbf2f-fbe3-4411-b014-7a92b8f685a2-AppendLogResponseHandler: follower responses appendEntries COMPLETED
2019-11-13 20:34:42,162 [Thread-1685] INFO  client.GrpcClientProtocolService (GrpcClientProtocolService.java:lambda$processClientRequest$0(279)) - Failed RaftClientRequest:client-C133974B3A48->5fef94be-3335-41aa-8a3e-dfaf501cab3b@group-88D3247C8C25, cid=131, seq=0, Watch-ALL_COMMITTED(8), Message:<EMPTY>, reply=RaftClientReply:client-C133974B3A48->5fef94be-3335-41aa-8a3e-dfaf501cab3b@group-88D3247C8C25, cid=131, FAILED org.apache.ratis.protocol.NotLeaderException: Server 5fef94be-3335-41aa-8a3e-dfaf501cab3b@group-88D3247C8C25 is not the leader, logIndex=0, commits[5fef94be-3335-41aa-8a3e-dfaf501cab3b:c14]
2019-11-13 20:34:42,166 [grpc-default-executor-3] INFO  impl.FollowerInfo (FollowerInfo.java:lambda$new$0(51)) - 5fef94be-3335-41aa-8a3e-dfaf501cab3b@group-88D3247C8C25->5947ecff-de41-4703-8b6b-2a362119c64b: nextIndex: updateUnconditionally 15 -> 14
2019-11-13 20:34:42,166 [grpc-default-executor-0] INFO  impl.FollowerInfo (FollowerInfo.java:lambda$new$0(51)) - 5fef94be-3335-41aa-8a3e-dfaf501cab3b@group-88D3247C8C25->f7edbf2f-fbe3-4411-b014-7a92b8f685a2: nextIndex: updateUnconditionally 15 -> 7
2019-11-13 20:34:42,186 [5fef94be-3335-41aa-8a3e-dfaf501cab3b@group-88D3247C8C25-StateMachineUpdater] INFO  ratis.ContainerStateMachine (ContainerStateMachine.java:takeSnapshot(296)) - group-88D3247C8C25: Finished taking a snapshot at:(t:1, i:10) file:/workdir/hadoop-ozone/integration-test/target/test-dir/MiniOzoneClusterImpl-e028e34c-e788-4356-b3c1-17795b02fdc7/datanode-5/data/ratis/6da67883-c009-4c48-90da-88d3247c8c25/sm/snapshot.1_10 time:25
2019-11-13 20:34:42,186 [5fef94be-3335-41aa-8a3e-dfaf501cab3b@group-88D3247C8C25-StateMachineUpdater] INFO  impl.StateMachineUpdater (StateMachineUpdater.java:takeSnapshot(269)) - 5fef94be-3335-41aa-8a3e-dfaf501cab3b@group-88D3247C8C25-StateMachineUpdater: Took a snapshot at index 10
2019-11-13 20:34:42,187 [5fef94be-3335-41aa-8a3e-dfaf501cab3b@group-88D3247C8C25-StateMachineUpdater] INFO  impl.StateMachineUpdater (StateMachineUpdater.java:lambda$new$0(84)) - 5fef94be-3335-41aa-8a3e-dfaf501cab3b@group-88D3247C8C25-StateMachineUpdater: snapshotIndex: updateIncreasingly -1 -> 10
2019-11-13 20:34:42,187 [5fef94be-3335-41aa-8a3e-dfaf501cab3b@group-88D3247C8C25-StateMachineUpdater] INFO  ratis.ContainerStateMachine (ContainerStateMachine.java:takeSnapshot(285)) - group-88D3247C8C25: Taking a snapshot at:(t:1, i:10) file /workdir/hadoop-ozone/integration-test/target/test-dir/MiniOzoneClusterImpl-e028e34c-e788-4356-b3c1-17795b02fdc7/datanode-5/data/ratis/6da67883-c009-4c48-90da-88d3247c8c25/sm/snapshot.1_10
2019-11-13 20:34:42,199 [5fef94be-3335-41aa-8a3e-dfaf501cab3b@group-88D3247C8C25-StateMachineUpdater] INFO  ratis.ContainerStateMachine (ContainerStateMachine.java:takeSnapshot(296)) - group-88D3247C8C25: Finished taking a snapshot at:(t:1, i:10) file:/workdir/hadoop-ozone/integration-test/target/test-dir/MiniOzoneClusterImpl-e028e34c-e788-4356-b3c1-17795b02fdc7/datanode-5/data/ratis/6da67883-c009-4c48-90da-88d3247c8c25/sm/snapshot.1_10 time:13
2019-11-13 20:34:42,199 [5fef94be-3335-41aa-8a3e-dfaf501cab3b@group-88D3247C8C25-StateMachineUpdater] INFO  impl.StateMachineUpdater (StateMachineUpdater.java:takeSnapshot(269)) - 5fef94be-3335-41aa-8a3e-dfaf501cab3b@group-88D3247C8C25-StateMachineUpdater: Took a snapshot at index 10
2019-11-13 20:34:42,199 [5fef94be-3335-41aa-8a3e-dfaf501cab3b@group-88D3247C8C25-StateMachineUpdater] INFO  impl.StateMachineUpdater (StateMachineUpdater.java:lambda$new$0(84)) - 5fef94be-3335-41aa-8a3e-dfaf501cab3b@group-88D3247C8C25-StateMachineUpdater: snapshotIndex: updateIncreasingly 10 -> 10
2019-11-13 20:34:42,200 [grpc-default-executor-5] INFO  impl.RaftServerImpl (ServerState.java:close(387)) - 5fef94be-3335-41aa-8a3e-dfaf501cab3b@group-88D3247C8C25: closes. applyIndex: 14
2019-11-13 20:34:42,200 [5fef94be-3335-41aa-8a3e-dfaf501cab3b@group-88D3247C8C25-SegmentedRaftLogWorker] INFO  segmented.SegmentedRaftLogWorker (SegmentedRaftLogWorker.java:run(316)) - 5fef94be-3335-41aa-8a3e-dfaf501cab3b@group-88D3247C8C25-SegmentedRaftLogWorker was interrupted, exiting. There are 0 tasks remaining in the queue.
2019-11-13 20:34:42,201 [grpc-default-executor-5] INFO  segmented.SegmentedRaftLogWorker (SegmentedRaftLogWorker.java:close(224)) - 5fef94be-3335-41aa-8a3e-dfaf501cab3b@group-88D3247C8C25-SegmentedRaftLogWorker close()
2019-11-13 20:34:42,231 [grpc-default-executor-5] INFO  interfaces.Container (KeyValueContainer.java:flushAndSyncDB(400)) - Container 1 is synced with bcsId 10.
2019-11-13 20:34:42,231 [grpc-default-executor-5] INFO  interfaces.Container (KeyValueContainer.java:flushAndSyncDB(400)) - Container 1 is synced with bcsId 10.
2019-11-13 20:34:42,247 [Thread-1558] INFO  pipeline.PipelineStateManager (PipelineStateManager.java:removePipeline(106)) - Pipeline Pipeline[ Id: 6da67883-c009-4c48-90da-88d3247c8c25, Nodes: f7edbf2f-fbe3-4411-b014-7a92b8f685a2{ip: 192.168.34.20, host: pr-hdds-2470-fxbl9-3826649461, networkLocation: /default-rack, certSerialId: null}5947ecff-de41-4703-8b6b-2a362119c64b{ip: 192.168.34.20, host: pr-hdds-2470-fxbl9-3826649461, networkLocation: /default-rack, certSerialId: null}5fef94be-3335-41aa-8a3e-dfaf501cab3b{ip: 192.168.34.20, host: pr-hdds-2470-fxbl9-3826649461, networkLocation: /default-rack, certSerialId: null}, Type:RATIS, Factor:THREE, State:CLOSED] removed from db
2019-11-13 20:34:42,248 [Thread-1558] INFO  pipeline.SCMPipelineManager (SCMPipelineManager.java:finalizeAndDestroyPipeline(315)) - destroying pipeline:Pipeline[ Id: 225ceb45-16d9-4dd3-b066-09844bccbe48, Nodes: 5947ecff-de41-4703-8b6b-2a362119c64b{ip: 192.168.34.20, host: pr-hdds-2470-fxbl9-3826649461, networkLocation: /default-rack, certSerialId: null}, Type:RATIS, Factor:ONE, State:OPEN]
2019-11-13 20:34:42,254 [grpc-default-executor-3] INFO  impl.RaftServerProxy (RaftServerProxy.java:addNew(89)) - 5947ecff-de41-4703-8b6b-2a362119c64b: addNew group-9AC72DC02C8F:[5947ecff-de41-4703-8b6b-2a362119c64b:192.168.34.20:35116, 5fef94be-3335-41aa-8a3e-dfaf501cab3b:192.168.34.20:43483, f7edbf2f-fbe3-4411-b014-7a92b8f685a2:192.168.34.20:37057] returns group-9AC72DC02C8F:java.util.concurrent.CompletableFuture@4f38cc19[Not completed]
2019-11-13 20:34:42,255 [grpc-default-executor-0] INFO  impl.RaftServerProxy (RaftServerProxy.java:addNew(89)) - 5fef94be-3335-41aa-8a3e-dfaf501cab3b: addNew group-9AC72DC02C8F:[5947ecff-de41-4703-8b6b-2a362119c64b:192.168.34.20:35116, 5fef94be-3335-41aa-8a3e-dfaf501cab3b:192.168.34.20:43483, f7edbf2f-fbe3-4411-b014-7a92b8f685a2:192.168.34.20:37057] returns group-9AC72DC02C8F:java.util.concurrent.CompletableFuture@29b5ca19[Not completed]
2019-11-13 20:34:42,255 [grpc-default-executor-5] INFO  impl.RaftServerProxy (RaftServerProxy.java:addNew(89)) - f7edbf2f-fbe3-4411-b014-7a92b8f685a2: addNew group-9AC72DC02C8F:[5947ecff-de41-4703-8b6b-2a362119c64b:192.168.34.20:35116, 5fef94be-3335-41aa-8a3e-dfaf501cab3b:192.168.34.20:43483, f7edbf2f-fbe3-4411-b014-7a92b8f685a2:192.168.34.20:37057] returns group-9AC72DC02C8F:java.util.concurrent.CompletableFuture@780b6359[Not completed]
2019-11-13 20:34:42,257 [pool-193-thread-1] INFO  impl.RaftServerImpl (RaftServerImpl.java:<init>(98)) - f7edbf2f-fbe3-4411-b014-7a92b8f685a2: new RaftServerImpl for group-9AC72DC02C8F:[5947ecff-de41-4703-8b6b-2a362119c64b:192.168.34.20:35116, 5fef94be-3335-41aa-8a3e-dfaf501cab3b:192.168.34.20:43483, f7edbf2f-fbe3-4411-b014-7a92b8f685a2:192.168.34.20:37057] with ContainerStateMachine:uninitialized
2019-11-13 20:34:42,257 [pool-193-thread-1] INFO  server.RaftServerConfigKeys (ConfUtils.java:logGet(43)) - raft.server.rpc.timeout.min = 1s (custom)
2019-11-13 20:34:42,257 [pool-193-thread-1] INFO  server.RaftServerConfigKeys (ConfUtils.java:logGet(43)) - raft.server.rpc.timeout.max = 1200ms (custom)
2019-11-13 20:34:42,257 [pool-193-thread-1] INFO  server.RaftServerConfigKeys (ConfUtils.java:logGet(43)) - raft.server.rpcslowness.timeout = 120s (custom)
2019-11-13 20:34:42,257 [pool-193-thread-1] INFO  server.RaftServerConfigKeys (ConfUtils.java:logGet(43)) - raft.server.sleep.deviation.threshold = 300 (default)
2019-11-13 20:34:42,257 [pool-193-thread-1] INFO  server.RaftServerConfigKeys (ConfUtils.java:logGet(43)) - raft.server.log.appender.install.snapshot.enabled = false (custom)
2019-11-13 20:34:42,257 [pool-193-thread-1] INFO  impl.RaftServerImpl (ServerState.java:<init>(103)) - f7edbf2f-fbe3-4411-b014-7a92b8f685a2@group-9AC72DC02C8F: ConfigurationManager, init=-1: [5947ecff-de41-4703-8b6b-2a362119c64b:192.168.34.20:35116, 5fef94be-3335-41aa-8a3e-dfaf501cab3b:192.168.34.20:43483, f7edbf2f-fbe3-4411-b014-7a92b8f685a2:192.168.34.20:37057], old=null, confs=<EMPTY_MAP>
2019-11-13 20:34:42,257 [pool-203-thread-1] INFO  impl.RaftServerImpl (RaftServerImpl.java:<init>(98)) - 5fef94be-3335-41aa-8a3e-dfaf501cab3b: new RaftServerImpl for group-9AC72DC02C8F:[5947ecff-de41-4703-8b6b-2a362119c64b:192.168.34.20:35116, 5fef94be-3335-41aa-8a3e-dfaf501cab3b:192.168.34.20:43483, f7edbf2f-fbe3-4411-b014-7a92b8f685a2:192.168.34.20:37057] with ContainerStateMachine:uninitialized
2019-11-13 20:34:42,257 [pool-193-thread-1] INFO  server.RaftServerConfigKeys (ConfUtils.java:logGet(43)) - raft.server.storage.dir = [/workdir/hadoop-ozone/integration-test/target/test-dir/MiniOzoneClusterImpl-e028e34c-e788-4356-b3c1-17795b02fdc7/datanode-4/data/ratis] (custom)
2019-11-13 20:34:42,257 [pool-203-thread-1] INFO  server.RaftServerConfigKeys (ConfUtils.java:logGet(43)) - raft.server.rpc.timeout.min = 1s (custom)
2019-11-13 20:34:42,258 [pool-203-thread-1] INFO  server.RaftServerConfigKeys (ConfUtils.java:logGet(43)) - raft.server.rpc.timeout.max = 1200ms (custom)
2019-11-13 20:34:42,258 [pool-193-thread-1] INFO  server.RaftServerConfigKeys (ConfUtils.java:logGet(43)) - raft.server.log.corruption.policy = EXCEPTION (default)
2019-11-13 20:34:42,258 [pool-203-thread-1] INFO  server.RaftServerConfigKeys (ConfUtils.java:logGet(43)) - raft.server.rpcslowness.timeout = 120s (custom)
2019-11-13 20:34:42,258 [pool-193-thread-1] INFO  storage.RaftStorageDirectory (RaftStorageDirectory.java:analyzeStorage(246)) - The storage directory /workdir/hadoop-ozone/integration-test/target/test-dir/MiniOzoneClusterImpl-e028e34c-e788-4356-b3c1-17795b02fdc7/datanode-4/data/ratis/d57bc583-f7be-416c-bb03-9ac72dc02c8f does not exist. Creating ...
2019-11-13 20:34:42,258 [pool-203-thread-1] INFO  server.RaftServerConfigKeys (ConfUtils.java:logGet(43)) - raft.server.sleep.deviation.threshold = 300 (default)
2019-11-13 20:34:42,258 [pool-183-thread-1] INFO  impl.RaftServerImpl (RaftServerImpl.java:<init>(98)) - 5947ecff-de41-4703-8b6b-2a362119c64b: new RaftServerImpl for group-9AC72DC02C8F:[5947ecff-de41-4703-8b6b-2a362119c64b:192.168.34.20:35116, 5fef94be-3335-41aa-8a3e-dfaf501cab3b:192.168.34.20:43483, f7edbf2f-fbe3-4411-b014-7a92b8f685a2:192.168.34.20:37057] with ContainerStateMachine:uninitialized
2019-11-13 20:34:42,258 [pool-203-thread-1] INFO  server.RaftServerConfigKeys (ConfUtils.java:logGet(43)) - raft.server.log.appender.install.snapshot.enabled = false (custom)
2019-11-13 20:34:42,258 [pool-183-thread-1] INFO  server.RaftServerConfigKeys (ConfUtils.java:logGet(43)) - raft.server.rpc.timeout.min = 1s (custom)
2019-11-13 20:34:42,258 [pool-203-thread-1] INFO  impl.RaftServerImpl (ServerState.java:<init>(103)) - 5fef94be-3335-41aa-8a3e-dfaf501cab3b@group-9AC72DC02C8F: ConfigurationManager, init=-1: [5947ecff-de41-4703-8b6b-2a362119c64b:192.168.34.20:35116, 5fef94be-3335-41aa-8a3e-dfaf501cab3b:192.168.34.20:43483, f7edbf2f-fbe3-4411-b014-7a92b8f685a2:192.168.34.20:37057], old=null, confs=<EMPTY_MAP>
2019-11-13 20:34:42,259 [pool-183-thread-1] INFO  server.RaftServerConfigKeys (ConfUtils.java:logGet(43)) - raft.server.rpc.timeout.max = 1200ms (custom)
2019-11-13 20:34:42,259 [pool-203-thread-1] INFO  server.RaftServerConfigKeys (ConfUtils.java:logGet(43)) - raft.server.storage.dir = [/workdir/hadoop-ozone/integration-test/target/test-dir/MiniOzoneClusterImpl-e028e34c-e788-4356-b3c1-17795b02fdc7/datanode-5/data/ratis] (custom)
2019-11-13 20:34:42,259 [pool-183-thread-1] INFO  server.RaftServerConfigKeys (ConfUtils.java:logGet(43)) - raft.server.rpcslowness.timeout = 120s (custom)
2019-11-13 20:34:42,259 [pool-183-thread-1] INFO  server.RaftServerConfigKeys (ConfUtils.java:logGet(43)) - raft.server.sleep.deviation.threshold = 300 (default)
2019-11-13 20:34:42,259 [pool-203-thread-1] INFO  server.RaftServerConfigKeys (ConfUtils.java:logGet(43)) - raft.server.log.corruption.policy = EXCEPTION (default)
2019-11-13 20:34:42,259 [pool-183-thread-1] INFO  server.RaftServerConfigKeys (ConfUtils.java:logGet(43)) - raft.server.log.appender.install.snapshot.enabled = false (custom)
2019-11-13 20:34:42,259 [pool-183-thread-1] INFO  impl.RaftServerImpl (ServerState.java:<init>(103)) - 5947ecff-de41-4703-8b6b-2a362119c64b@group-9AC72DC02C8F: ConfigurationManager, init=-1: [5947ecff-de41-4703-8b6b-2a362119c64b:192.168.34.20:35116, 5fef94be-3335-41aa-8a3e-dfaf501cab3b:192.168.34.20:43483, f7edbf2f-fbe3-4411-b014-7a92b8f685a2:192.168.34.20:37057], old=null, confs=<EMPTY_MAP>
2019-11-13 20:34:42,259 [pool-203-thread-1] INFO  storage.RaftStorageDirectory (RaftStorageDirectory.java:analyzeStorage(246)) - The storage directory /workdir/hadoop-ozone/integration-test/target/test-dir/MiniOzoneClusterImpl-e028e34c-e788-4356-b3c1-17795b02fdc7/datanode-5/data/ratis/d57bc583-f7be-416c-bb03-9ac72dc02c8f does not exist. Creating ...
2019-11-13 20:34:42,260 [pool-183-thread-1] INFO  server.RaftServerConfigKeys (ConfUtils.java:logGet(43)) - raft.server.storage.dir = [/workdir/hadoop-ozone/integration-test/target/test-dir/MiniOzoneClusterImpl-e028e34c-e788-4356-b3c1-17795b02fdc7/datanode-3/data/ratis] (custom)
2019-11-13 20:34:42,260 [pool-183-thread-1] INFO  server.RaftServerConfigKeys (ConfUtils.java:logGet(43)) - raft.server.log.corruption.policy = EXCEPTION (default)
2019-11-13 20:34:42,260 [pool-183-thread-1] INFO  storage.RaftStorageDirectory (RaftStorageDirectory.java:analyzeStorage(246)) - The storage directory /workdir/hadoop-ozone/integration-test/target/test-dir/MiniOzoneClusterImpl-e028e34c-e788-4356-b3c1-17795b02fdc7/datanode-3/data/ratis/d57bc583-f7be-416c-bb03-9ac72dc02c8f does not exist. Creating ...
2019-11-13 20:34:42,283 [pool-183-thread-1] INFO  storage.RaftStorageDirectory (RaftStorageDirectory.java:tryLock(328)) - Lock on /workdir/hadoop-ozone/integration-test/target/test-dir/MiniOzoneClusterImpl-e028e34c-e788-4356-b3c1-17795b02fdc7/datanode-3/data/ratis/d57bc583-f7be-416c-bb03-9ac72dc02c8f/in_use.lock acquired by nodename 30323@pr-hdds-2470-fxbl9-3826649461
2019-11-13 20:34:42,283 [pool-193-thread-1] INFO  storage.RaftStorageDirectory (RaftStorageDirectory.java:tryLock(328)) - Lock on /workdir/hadoop-ozone/integration-test/target/test-dir/MiniOzoneClusterImpl-e028e34c-e788-4356-b3c1-17795b02fdc7/datanode-4/data/ratis/d57bc583-f7be-416c-bb03-9ac72dc02c8f/in_use.lock acquired by nodename 30323@pr-hdds-2470-fxbl9-3826649461
2019-11-13 20:34:42,283 [pool-203-thread-1] INFO  storage.RaftStorageDirectory (RaftStorageDirectory.java:tryLock(328)) - Lock on /workdir/hadoop-ozone/integration-test/target/test-dir/MiniOzoneClusterImpl-e028e34c-e788-4356-b3c1-17795b02fdc7/datanode-5/data/ratis/d57bc583-f7be-416c-bb03-9ac72dc02c8f/in_use.lock acquired by nodename 30323@pr-hdds-2470-fxbl9-3826649461
2019-11-13 20:34:42,303 [pool-203-thread-1] INFO  storage.RaftStorage (RaftStorage.java:format(84)) - Storage directory /workdir/hadoop-ozone/integration-test/target/test-dir/MiniOzoneClusterImpl-e028e34c-e788-4356-b3c1-17795b02fdc7/datanode-5/data/ratis/d57bc583-f7be-416c-bb03-9ac72dc02c8f has been successfully formatted.
2019-11-13 20:34:42,303 [pool-183-thread-1] INFO  storage.RaftStorage (RaftStorage.java:format(84)) - Storage directory /workdir/hadoop-ozone/integration-test/target/test-dir/MiniOzoneClusterImpl-e028e34c-e788-4356-b3c1-17795b02fdc7/datanode-3/data/ratis/d57bc583-f7be-416c-bb03-9ac72dc02c8f has been successfully formatted.
2019-11-13 20:34:42,303 [pool-203-thread-1] INFO  ratis.ContainerStateMachine (ContainerStateMachine.java:loadSnapshot(223)) - group-9AC72DC02C8F: The snapshot info is null. Setting the last applied indexto:(t:0, i:~)
2019-11-13 20:34:42,303 [pool-193-thread-1] INFO  storage.RaftStorage (RaftStorage.java:format(84)) - Storage directory /workdir/hadoop-ozone/integration-test/target/test-dir/MiniOzoneClusterImpl-e028e34c-e788-4356-b3c1-17795b02fdc7/datanode-4/data/ratis/d57bc583-f7be-416c-bb03-9ac72dc02c8f has been successfully formatted.
2019-11-13 20:34:42,303 [pool-183-thread-1] INFO  ratis.ContainerStateMachine (ContainerStateMachine.java:loadSnapshot(223)) - group-9AC72DC02C8F: The snapshot info is null. Setting the last applied indexto:(t:0, i:~)
2019-11-13 20:34:42,304 [pool-193-thread-1] INFO  ratis.ContainerStateMachine (ContainerStateMachine.java:loadSnapshot(223)) - group-9AC72DC02C8F: The snapshot info is null. Setting the last applied indexto:(t:0, i:~)
2019-11-13 20:34:42,303 [pool-203-thread-1] INFO  server.RaftServerConfigKeys (ConfUtils.java:logGet(43)) - raft.server.notification.no-leader.timeout = 120s (custom)
2019-11-13 20:34:42,304 [pool-193-thread-1] INFO  server.RaftServerConfigKeys (ConfUtils.java:logGet(43)) - raft.server.notification.no-leader.timeout = 120s (custom)
2019-11-13 20:34:42,304 [pool-183-thread-1] INFO  server.RaftServerConfigKeys (ConfUtils.java:logGet(43)) - raft.server.notification.no-leader.timeout = 120s (custom)
2019-11-13 20:34:42,304 [pool-193-thread-1] INFO  server.RaftServerConfigKeys (ConfUtils.java:logGet(43)) - raft.server.log.use.memory = false (default)
2019-11-13 20:34:42,304 [pool-203-thread-1] INFO  server.RaftServerConfigKeys (ConfUtils.java:logGet(43)) - raft.server.log.use.memory = false (default)
2019-11-13 20:34:42,304 [pool-193-thread-1] INFO  server.RaftServerConfigKeys (ConfUtils.java:logGet(43)) - raft.server.log.purge.gap = 1000000 (custom)
2019-11-13 20:34:42,304 [pool-183-thread-1] INFO  server.RaftServerConfigKeys (ConfUtils.java:logGet(43)) - raft.server.log.use.memory = false (default)
2019-11-13 20:34:42,305 [pool-193-thread-1] INFO  server.RaftServerConfigKeys (ConfUtils.java:logGet(43)) - raft.server.log.appender.buffer.byte-limit = 33554432 (custom)
2019-11-13 20:34:42,304 [pool-203-thread-1] INFO  server.RaftServerConfigKeys (ConfUtils.java:logGet(43)) - raft.server.log.purge.gap = 1000000 (custom)
2019-11-13 20:34:42,305 [pool-193-thread-1] INFO  server.RaftServerConfigKeys (ConfUtils.java:logGet(43)) - raft.server.log.segment.size.max = 1048576 (custom)
2019-11-13 20:34:42,305 [pool-183-thread-1] INFO  server.RaftServerConfigKeys (ConfUtils.java:logGet(43)) - raft.server.log.purge.gap = 1000000 (custom)
2019-11-13 20:34:42,305 [pool-193-thread-1] INFO  server.RaftServerConfigKeys (ConfUtils.java:logGet(43)) - raft.server.log.segment.cache.num.max = 2 (custom)
2019-11-13 20:34:42,305 [pool-203-thread-1] INFO  server.RaftServerConfigKeys (ConfUtils.java:logGet(43)) - raft.server.log.appender.buffer.byte-limit = 33554432 (custom)
2019-11-13 20:34:42,305 [pool-193-thread-1] INFO  segmented.SegmentedRaftLogWorker (SegmentedRaftLogWorker.java:<init>(173)) - new f7edbf2f-fbe3-4411-b014-7a92b8f685a2@group-9AC72DC02C8F-SegmentedRaftLogWorker for RaftStorage:Storage Directory /workdir/hadoop-ozone/integration-test/target/test-dir/MiniOzoneClusterImpl-e028e34c-e788-4356-b3c1-17795b02fdc7/datanode-4/data/ratis/d57bc583-f7be-416c-bb03-9ac72dc02c8f
2019-11-13 20:34:42,305 [pool-183-thread-1] INFO  server.RaftServerConfigKeys (ConfUtils.java:logGet(43)) - raft.server.log.appender.buffer.byte-limit = 33554432 (custom)
2019-11-13 20:34:42,305 [pool-193-thread-1] INFO  server.RaftServerConfigKeys (ConfUtils.java:logGet(43)) - raft.server.log.queue.byte-limit = 2147483647 (custom)
2019-11-13 20:34:42,306 [pool-193-thread-1] INFO  server.RaftServerConfigKeys (ConfUtils.java:logGet(43)) - raft.server.log.queue.element-limit = 1024 (custom)
2019-11-13 20:34:42,305 [pool-203-thread-1] INFO  server.RaftServerConfigKeys (ConfUtils.java:logGet(43)) - raft.server.log.segment.size.max = 1048576 (custom)
2019-11-13 20:34:42,306 [pool-193-thread-1] INFO  server.RaftServerConfigKeys (ConfUtils.java:logGet(43)) - raft.server.log.segment.size.max = 1048576 (custom)
2019-11-13 20:34:42,306 [pool-183-thread-1] INFO  server.RaftServerConfigKeys (ConfUtils.java:logGet(43)) - raft.server.log.segment.size.max = 1048576 (custom)
2019-11-13 20:34:42,306 [pool-193-thread-1] INFO  server.RaftServerConfigKeys (ConfUtils.java:logGet(43)) - raft.server.log.preallocated.size = 16384 (custom)
2019-11-13 20:34:42,306 [pool-193-thread-1] INFO  server.RaftServerConfigKeys (ConfUtils.java:logGet(43)) - raft.server.log.write.buffer.size = 33554432 (custom)
2019-11-13 20:34:42,306 [pool-203-thread-1] INFO  server.RaftServerConfigKeys (ConfUtils.java:logGet(43)) - raft.server.log.segment.cache.num.max = 2 (custom)
2019-11-13 20:34:42,306 [pool-193-thread-1] INFO  server.RaftServerConfigKeys (ConfUtils.java:logGet(43)) - raft.server.log.force.sync.num = 128 (default)
2019-11-13 20:34:42,307 [pool-193-thread-1] INFO  server.RaftServerConfigKeys (ConfUtils.java:logGet(43)) - raft.server.log.statemachine.data.sync = true (default)
2019-11-13 20:34:42,306 [pool-183-thread-1] INFO  server.RaftServerConfigKeys (ConfUtils.java:logGet(43)) - raft.server.log.segment.cache.num.max = 2 (custom)
2019-11-13 20:34:42,307 [pool-193-thread-1] INFO  server.RaftServerConfigKeys (ConfUtils.java:logGet(43)) - raft.server.log.statemachine.data.sync.timeout = 10s (default)
2019-11-13 20:34:42,307 [pool-203-thread-1] INFO  segmented.SegmentedRaftLogWorker (SegmentedRaftLogWorker.java:<init>(173)) - new 5fef94be-3335-41aa-8a3e-dfaf501cab3b@group-9AC72DC02C8F-SegmentedRaftLogWorker for RaftStorage:Storage Directory /workdir/hadoop-ozone/integration-test/target/test-dir/MiniOzoneClusterImpl-e028e34c-e788-4356-b3c1-17795b02fdc7/datanode-5/data/ratis/d57bc583-f7be-416c-bb03-9ac72dc02c8f
2019-11-13 20:34:42,307 [pool-193-thread-1] INFO  server.RaftServerConfigKeys (ConfUtils.java:logGet(43)) - raft.server.log.statemachine.data.sync.timeout.retry = -1 (default)
2019-11-13 20:34:42,307 [pool-183-thread-1] INFO  segmented.SegmentedRaftLogWorker (SegmentedRaftLogWorker.java:<init>(173)) - new 5947ecff-de41-4703-8b6b-2a362119c64b@group-9AC72DC02C8F-SegmentedRaftLogWorker for RaftStorage:Storage Directory /workdir/hadoop-ozone/integration-test/target/test-dir/MiniOzoneClusterImpl-e028e34c-e788-4356-b3c1-17795b02fdc7/datanode-3/data/ratis/d57bc583-f7be-416c-bb03-9ac72dc02c8f
2019-11-13 20:34:42,307 [pool-193-thread-1] INFO  server.RaftServerConfigKeys (ConfUtils.java:logGet(43)) - raft.server.log.statemachine.data.caching.enabled = true (custom)
2019-11-13 20:34:42,307 [pool-203-thread-1] INFO  server.RaftServerConfigKeys (ConfUtils.java:logGet(43)) - raft.server.log.queue.byte-limit = 2147483647 (custom)
2019-11-13 20:34:42,307 [pool-183-thread-1] INFO  server.RaftServerConfigKeys (ConfUtils.java:logGet(43)) - raft.server.log.queue.byte-limit = 2147483647 (custom)
2019-11-13 20:34:42,308 [pool-193-thread-1] INFO  segmented.SegmentedRaftLogWorker (SegmentedRaftLogWorker.java:lambda$new$0(128)) - f7edbf2f-fbe3-4411-b014-7a92b8f685a2@group-9AC72DC02C8F-SegmentedRaftLogWorker: flushIndex: setUnconditionally 0 -> -1
2019-11-13 20:34:42,308 [pool-203-thread-1] INFO  server.RaftServerConfigKeys (ConfUtils.java:logGet(43)) - raft.server.log.queue.element-limit = 1024 (custom)
2019-11-13 20:34:42,308 [pool-183-thread-1] INFO  server.RaftServerConfigKeys (ConfUtils.java:logGet(43)) - raft.server.log.queue.element-limit = 1024 (custom)
2019-11-13 20:34:42,308 [pool-193-thread-1] INFO  server.RaftServerConfigKeys (ConfUtils.java:logGet(43)) - raft.server.snapshot.auto.trigger.enabled = true (custom)
2019-11-13 20:34:42,308 [pool-203-thread-1] INFO  server.RaftServerConfigKeys (ConfUtils.java:logGet(43)) - raft.server.log.segment.size.max = 1048576 (custom)
2019-11-13 20:34:42,308 [pool-193-thread-1] INFO  server.RaftServerConfigKeys (ConfUtils.java:logGet(43)) - raft.server.snapshot.auto.trigger.threshold = 10000 (custom)
2019-11-13 20:34:42,309 [pool-193-thread-1] INFO  server.RaftServerConfigKeys (ConfUtils.java:logGet(43)) - raft.server.snapshot.retention.file.num = 5 (custom)
2019-11-13 20:34:42,308 [pool-183-thread-1] INFO  server.RaftServerConfigKeys (ConfUtils.java:logGet(43)) - raft.server.log.segment.size.max = 1048576 (custom)
2019-11-13 20:34:42,309 [pool-193-thread-1] INFO  server.RaftServerConfigKeys (ConfUtils.java:logGet(43)) - raft.server.retrycache.expirytime = 600000ms (custom)
2019-11-13 20:34:42,308 [pool-203-thread-1] INFO  server.RaftServerConfigKeys (ConfUtils.java:logGet(43)) - raft.server.log.preallocated.size = 16384 (custom)
2019-11-13 20:34:42,309 [pool-193-thread-1] WARN  impl.MetricRegistriesImpl (MetricRegistriesImpl.java:lambda$create$1(61)) - First MetricRegistry has been created without registering reporters. You may need to call MetricRegistries.global().addReportRegistration(...) before.
2019-11-13 20:34:42,309 [pool-183-thread-1] INFO  server.RaftServerConfigKeys (ConfUtils.java:logGet(43)) - raft.server.log.preallocated.size = 16384 (custom)
2019-11-13 20:34:42,309 [pool-193-thread-1] WARN  impl.MetricRegistriesImpl (MetricRegistriesImpl.java:lambda$create$1(61)) - First MetricRegistry has been created without registering reporters. You may need to call MetricRegistries.global().addReportRegistration(...) before.
2019-11-13 20:34:42,309 [pool-203-thread-1] INFO  server.RaftServerConfigKeys (ConfUtils.java:logGet(43)) - raft.server.log.write.buffer.size = 33554432 (custom)
2019-11-13 20:34:42,309 [pool-183-thread-1] INFO  server.RaftServerConfigKeys (ConfUtils.java:logGet(43)) - raft.server.log.write.buffer.size = 33554432 (custom)
2019-11-13 20:34:42,309 [pool-193-thread-1] INFO  impl.RaftServerImpl (RaftServerImpl.java:start(184)) - f7edbf2f-fbe3-4411-b014-7a92b8f685a2@group-9AC72DC02C8F: start as a follower, conf=-1: [5947ecff-de41-4703-8b6b-2a362119c64b:192.168.34.20:35116, 5fef94be-3335-41aa-8a3e-dfaf501cab3b:192.168.34.20:43483, f7edbf2f-fbe3-4411-b014-7a92b8f685a2:192.168.34.20:37057], old=null
2019-11-13 20:34:42,309 [pool-203-thread-1] INFO  server.RaftServerConfigKeys (ConfUtils.java:logGet(43)) - raft.server.log.force.sync.num = 128 (default)
2019-11-13 20:34:42,310 [pool-193-thread-1] INFO  impl.RaftServerImpl (RaftServerImpl.java:setRole(173)) - f7edbf2f-fbe3-4411-b014-7a92b8f685a2@group-9AC72DC02C8F: changes role from      null to FOLLOWER at term 0 for startAsFollower
2019-11-13 20:34:42,310 [pool-183-thread-1] INFO  server.RaftServerConfigKeys (ConfUtils.java:logGet(43)) - raft.server.log.force.sync.num = 128 (default)
2019-11-13 20:34:42,310 [pool-193-thread-1] INFO  impl.RoleInfo (RoleInfo.java:updateAndGet(143)) - f7edbf2f-fbe3-4411-b014-7a92b8f685a2: start FollowerState
2019-11-13 20:34:42,310 [pool-203-thread-1] INFO  server.RaftServerConfigKeys (ConfUtils.java:logGet(43)) - raft.server.log.statemachine.data.sync = true (default)
2019-11-13 20:34:42,310 [pool-183-thread-1] INFO  server.RaftServerConfigKeys (ConfUtils.java:logGet(43)) - raft.server.log.statemachine.data.sync = true (default)
2019-11-13 20:34:42,310 [pool-203-thread-1] INFO  server.RaftServerConfigKeys (ConfUtils.java:logGet(43)) - raft.server.log.statemachine.data.sync.timeout = 10s (default)
2019-11-13 20:34:42,310 [pool-193-thread-1] INFO  util.JmxRegister (JmxRegister.java:tryRegister(44)) - Successfully registered JMX Bean with object name Ratis:service=RaftServer,group=group-9AC72DC02C8F,id=f7edbf2f-fbe3-4411-b014-7a92b8f685a2
2019-11-13 20:34:42,310 [pool-183-thread-1] INFO  server.RaftServerConfigKeys (ConfUtils.java:logGet(43)) - raft.server.log.statemachine.data.sync.timeout = 10s (default)
2019-11-13 20:34:42,311 [pool-193-thread-1] WARN  impl.MetricRegistriesImpl (MetricRegistriesImpl.java:lambda$create$1(61)) - First MetricRegistry has been created without registering reporters. You may need to call MetricRegistries.global().addReportRegistration(...) before.
2019-11-13 20:34:42,310 [pool-203-thread-1] INFO  server.RaftServerConfigKeys (ConfUtils.java:logGet(43)) - raft.server.log.statemachine.data.sync.timeout.retry = -1 (default)
2019-11-13 20:34:42,311 [pool-183-thread-1] INFO  server.RaftServerConfigKeys (ConfUtils.java:logGet(43)) - raft.server.log.statemachine.data.sync.timeout.retry = -1 (default)
2019-11-13 20:34:42,311 [pool-203-thread-1] INFO  server.RaftServerConfigKeys (ConfUtils.java:logGet(43)) - raft.server.log.statemachine.data.caching.enabled = true (custom)
2019-11-13 20:34:42,311 [pool-183-thread-1] INFO  server.RaftServerConfigKeys (ConfUtils.java:logGet(43)) - raft.server.log.statemachine.data.caching.enabled = true (custom)
2019-11-13 20:34:42,311 [pool-203-thread-1] INFO  segmented.SegmentedRaftLogWorker (SegmentedRaftLogWorker.java:lambda$new$0(128)) - 5fef94be-3335-41aa-8a3e-dfaf501cab3b@group-9AC72DC02C8F-SegmentedRaftLogWorker: flushIndex: setUnconditionally 0 -> -1
2019-11-13 20:34:42,311 [pool-183-thread-1] INFO  segmented.SegmentedRaftLogWorker (SegmentedRaftLogWorker.java:lambda$new$0(128)) - 5947ecff-de41-4703-8b6b-2a362119c64b@group-9AC72DC02C8F-SegmentedRaftLogWorker: flushIndex: setUnconditionally 0 -> -1
2019-11-13 20:34:42,312 [pool-203-thread-1] INFO  server.RaftServerConfigKeys (ConfUtils.java:logGet(43)) - raft.server.snapshot.auto.trigger.enabled = true (custom)
2019-11-13 20:34:42,312 [pool-183-thread-1] INFO  server.RaftServerConfigKeys (ConfUtils.java:logGet(43)) - raft.server.snapshot.auto.trigger.enabled = true (custom)
2019-11-13 20:34:42,312 [pool-203-thread-1] INFO  server.RaftServerConfigKeys (ConfUtils.java:logGet(43)) - raft.server.snapshot.auto.trigger.threshold = 10000 (custom)
2019-11-13 20:34:42,312 [pool-183-thread-1] INFO  server.RaftServerConfigKeys (ConfUtils.java:logGet(43)) - raft.server.snapshot.auto.trigger.threshold = 10000 (custom)
2019-11-13 20:34:42,312 [pool-203-thread-1] INFO  server.RaftServerConfigKeys (ConfUtils.java:logGet(43)) - raft.server.snapshot.retention.file.num = 5 (custom)
2019-11-13 20:34:42,312 [pool-183-thread-1] INFO  server.RaftServerConfigKeys (ConfUtils.java:logGet(43)) - raft.server.snapshot.retention.file.num = 5 (custom)
2019-11-13 20:34:42,312 [pool-203-thread-1] INFO  server.RaftServerConfigKeys (ConfUtils.java:logGet(43)) - raft.server.retrycache.expirytime = 600000ms (custom)
2019-11-13 20:34:42,312 [pool-183-thread-1] INFO  server.RaftServerConfigKeys (ConfUtils.java:logGet(43)) - raft.server.retrycache.expirytime = 600000ms (custom)
2019-11-13 20:34:42,312 [pool-203-thread-1] WARN  impl.MetricRegistriesImpl (MetricRegistriesImpl.java:lambda$create$1(61)) - First MetricRegistry has been created without registering reporters. You may need to call MetricRegistries.global().addReportRegistration(...) before.
2019-11-13 20:34:42,313 [pool-183-thread-1] WARN  impl.MetricRegistriesImpl (MetricRegistriesImpl.java:lambda$create$1(61)) - First MetricRegistry has been created without registering reporters. You may need to call MetricRegistries.global().addReportRegistration(...) before.
2019-11-13 20:34:42,313 [pool-203-thread-1] WARN  impl.MetricRegistriesImpl (MetricRegistriesImpl.java:lambda$create$1(61)) - First MetricRegistry has been created without registering reporters. You may need to call MetricRegistries.global().addReportRegistration(...) before.
2019-11-13 20:34:42,313 [pool-183-thread-1] WARN  impl.MetricRegistriesImpl (MetricRegistriesImpl.java:lambda$create$1(61)) - First MetricRegistry has been created without registering reporters. You may need to call MetricRegistries.global().addReportRegistration(...) before.
2019-11-13 20:34:42,313 [pool-203-thread-1] INFO  impl.RaftServerImpl (RaftServerImpl.java:start(184)) - 5fef94be-3335-41aa-8a3e-dfaf501cab3b@group-9AC72DC02C8F: start as a follower, conf=-1: [5947ecff-de41-4703-8b6b-2a362119c64b:192.168.34.20:35116, 5fef94be-3335-41aa-8a3e-dfaf501cab3b:192.168.34.20:43483, f7edbf2f-fbe3-4411-b014-7a92b8f685a2:192.168.34.20:37057], old=null
2019-11-13 20:34:42,313 [pool-183-thread-1] INFO  impl.RaftServerImpl (RaftServerImpl.java:start(184)) - 5947ecff-de41-4703-8b6b-2a362119c64b@group-9AC72DC02C8F: start as a follower, conf=-1: [5947ecff-de41-4703-8b6b-2a362119c64b:192.168.34.20:35116, 5fef94be-3335-41aa-8a3e-dfaf501cab3b:192.168.34.20:43483, f7edbf2f-fbe3-4411-b014-7a92b8f685a2:192.168.34.20:37057], old=null
2019-11-13 20:34:42,313 [pool-203-thread-1] INFO  impl.RaftServerImpl (RaftServerImpl.java:setRole(173)) - 5fef94be-3335-41aa-8a3e-dfaf501cab3b@group-9AC72DC02C8F: changes role from      null to FOLLOWER at term 0 for startAsFollower
2019-11-13 20:34:42,313 [pool-183-thread-1] INFO  impl.RaftServerImpl (RaftServerImpl.java:setRole(173)) - 5947ecff-de41-4703-8b6b-2a362119c64b@group-9AC72DC02C8F: changes role from      null to FOLLOWER at term 0 for startAsFollower
2019-11-13 20:34:42,313 [pool-203-thread-1] INFO  impl.RoleInfo (RoleInfo.java:updateAndGet(143)) - 5fef94be-3335-41aa-8a3e-dfaf501cab3b: start FollowerState
2019-11-13 20:34:42,313 [pool-183-thread-1] INFO  impl.RoleInfo (RoleInfo.java:updateAndGet(143)) - 5947ecff-de41-4703-8b6b-2a362119c64b: start FollowerState
2019-11-13 20:34:42,313 [pool-203-thread-1] INFO  util.JmxRegister (JmxRegister.java:tryRegister(44)) - Successfully registered JMX Bean with object name Ratis:service=RaftServer,group=group-9AC72DC02C8F,id=5fef94be-3335-41aa-8a3e-dfaf501cab3b
2019-11-13 20:34:42,314 [pool-203-thread-1] WARN  impl.MetricRegistriesImpl (MetricRegistriesImpl.java:lambda$create$1(61)) - First MetricRegistry has been created without registering reporters. You may need to call MetricRegistries.global().addReportRegistration(...) before.
2019-11-13 20:34:42,314 [pool-183-thread-1] INFO  util.JmxRegister (JmxRegister.java:tryRegister(44)) - Successfully registered JMX Bean with object name Ratis:service=RaftServer,group=group-9AC72DC02C8F,id=5947ecff-de41-4703-8b6b-2a362119c64b
2019-11-13 20:34:42,314 [pool-183-thread-1] WARN  impl.MetricRegistriesImpl (MetricRegistriesImpl.java:lambda$create$1(61)) - First MetricRegistry has been created without registering reporters. You may need to call MetricRegistries.global().addReportRegistration(...) before.
2019-11-13 20:34:42,316 [RatisPipelineUtilsThread] INFO  pipeline.PipelineStateManager (PipelineStateManager.java:addPipeline(55)) - Created pipeline Pipeline[ Id: d57bc583-f7be-416c-bb03-9ac72dc02c8f, Nodes: f7edbf2f-fbe3-4411-b014-7a92b8f685a2{ip: 192.168.34.20, host: pr-hdds-2470-fxbl9-3826649461, networkLocation: /default-rack, certSerialId: null}5947ecff-de41-4703-8b6b-2a362119c64b{ip: 192.168.34.20, host: pr-hdds-2470-fxbl9-3826649461, networkLocation: /default-rack, certSerialId: null}5fef94be-3335-41aa-8a3e-dfaf501cab3b{ip: 192.168.34.20, host: pr-hdds-2470-fxbl9-3826649461, networkLocation: /default-rack, certSerialId: null}, Type:RATIS, Factor:THREE, State:ALLOCATED]
2019-11-13 20:34:42,317 [Thread-1558] INFO  pipeline.PipelineStateManager (PipelineStateManager.java:finalizePipeline(121)) - Pipeline Pipeline[ Id: 225ceb45-16d9-4dd3-b066-09844bccbe48, Nodes: 5947ecff-de41-4703-8b6b-2a362119c64b{ip: 192.168.34.20, host: pr-hdds-2470-fxbl9-3826649461, networkLocation: /default-rack, certSerialId: null}, Type:RATIS, Factor:ONE, State:CLOSED] moved to CLOSED state
2019-11-13 20:34:42,320 [grpc-default-executor-5] INFO  impl.RaftServerProxy (RaftServerProxy.java:remove(95)) - 5947ecff-de41-4703-8b6b-2a362119c64b: remove    LEADER 5947ecff-de41-4703-8b6b-2a362119c64b@group-09844BCCBE48:t1, leader=5947ecff-de41-4703-8b6b-2a362119c64b, voted=5947ecff-de41-4703-8b6b-2a362119c64b, raftlog=5947ecff-de41-4703-8b6b-2a362119c64b@group-09844BCCBE48-SegmentedRaftLog:OPENED:c0,f0,i0, conf=0: [5947ecff-de41-4703-8b6b-2a362119c64b:192.168.34.20:35116], old=null RUNNING
2019-11-13 20:34:42,323 [grpc-default-executor-5] INFO  impl.RaftServerImpl (RaftServerImpl.java:lambda$shutdown$3(250)) - 5947ecff-de41-4703-8b6b-2a362119c64b@group-09844BCCBE48: shutdown
2019-11-13 20:34:42,323 [grpc-default-executor-5] INFO  util.JmxRegister (JmxRegister.java:unregister(73)) - Successfully un-registered JMX Bean with object name Ratis:service=RaftServer,group=group-09844BCCBE48,id=5947ecff-de41-4703-8b6b-2a362119c64b
2019-11-13 20:34:42,323 [grpc-default-executor-5] INFO  impl.RoleInfo (RoleInfo.java:shutdownLeaderState(104)) - 5947ecff-de41-4703-8b6b-2a362119c64b: shutdown LeaderState
2019-11-13 20:34:42,323 [grpc-default-executor-5] INFO  impl.PendingRequests (PendingRequests.java:sendNotLeaderResponses(206)) - 5947ecff-de41-4703-8b6b-2a362119c64b@group-09844BCCBE48-PendingRequests: sendNotLeaderResponses
2019-11-13 20:34:42,324 [grpc-default-executor-5] INFO  impl.StateMachineUpdater (StateMachineUpdater.java:stopAndJoin(136)) - 5947ecff-de41-4703-8b6b-2a362119c64b@group-09844BCCBE48-StateMachineUpdater: set stopIndex = 0
2019-11-13 20:34:42,324 [grpc-default-executor-5] INFO  impl.RaftServerImpl (ServerState.java:close(387)) - 5947ecff-de41-4703-8b6b-2a362119c64b@group-09844BCCBE48: closes. applyIndex: 0
2019-11-13 20:34:42,324 [5947ecff-de41-4703-8b6b-2a362119c64b@group-09844BCCBE48-SegmentedRaftLogWorker] INFO  segmented.SegmentedRaftLogWorker (SegmentedRaftLogWorker.java:run(316)) - 5947ecff-de41-4703-8b6b-2a362119c64b@group-09844BCCBE48-SegmentedRaftLogWorker was interrupted, exiting. There are 0 tasks remaining in the queue.
2019-11-13 20:34:42,324 [grpc-default-executor-5] INFO  segmented.SegmentedRaftLogWorker (SegmentedRaftLogWorker.java:close(224)) - 5947ecff-de41-4703-8b6b-2a362119c64b@group-09844BCCBE48-SegmentedRaftLogWorker close()
2019-11-13 20:34:42,327 [Thread-1558] INFO  pipeline.PipelineStateManager (PipelineStateManager.java:removePipeline(106)) - Pipeline Pipeline[ Id: 225ceb45-16d9-4dd3-b066-09844bccbe48, Nodes: 5947ecff-de41-4703-8b6b-2a362119c64b{ip: 192.168.34.20, host: pr-hdds-2470-fxbl9-3826649461, networkLocation: /default-rack, certSerialId: null}, Type:RATIS, Factor:ONE, State:CLOSED] removed from db
2019-11-13 20:34:42,328 [Thread-1558] INFO  pipeline.SCMPipelineManager (SCMPipelineManager.java:finalizeAndDestroyPipeline(315)) - destroying pipeline:Pipeline[ Id: be7e5f20-9345-4cc9-a545-6a2e57ba6fa5, Nodes: 83ff406b-cc24-4672-8ad4-94afba27c25e{ip: 192.168.34.20, host: pr-hdds-2470-fxbl9-3826649461, networkLocation: /default-rack, certSerialId: null}a396b6da-9b4a-4217-b353-472b7d1ddb56{ip: 192.168.34.20, host: pr-hdds-2470-fxbl9-3826649461, networkLocation: /default-rack, certSerialId: null}d06fab63-d4ff-4606-9904-3a8389ab2cb6{ip: 192.168.34.20, host: pr-hdds-2470-fxbl9-3826649461, networkLocation: /default-rack, certSerialId: null}, Type:RATIS, Factor:THREE, State:OPEN]
2019-11-13 20:34:42,331 [grpc-default-executor-5] INFO  impl.RaftServerProxy (RaftServerProxy.java:addNew(89)) - 5947ecff-de41-4703-8b6b-2a362119c64b: addNew group-38E26E8762F7:[5947ecff-de41-4703-8b6b-2a362119c64b:192.168.34.20:35116] returns group-38E26E8762F7:java.util.concurrent.CompletableFuture@62681b1b[Not completed]
2019-11-13 20:34:42,332 [pool-183-thread-1] INFO  impl.RaftServerImpl (RaftServerImpl.java:<init>(98)) - 5947ecff-de41-4703-8b6b-2a362119c64b: new RaftServerImpl for group-38E26E8762F7:[5947ecff-de41-4703-8b6b-2a362119c64b:192.168.34.20:35116] with ContainerStateMachine:uninitialized
2019-11-13 20:34:42,334 [pool-183-thread-1] INFO  server.RaftServerConfigKeys (ConfUtils.java:logGet(43)) - raft.server.rpc.timeout.min = 1s (custom)
2019-11-13 20:34:42,334 [pool-183-thread-1] INFO  server.RaftServerConfigKeys (ConfUtils.java:logGet(43)) - raft.server.rpc.timeout.max = 1200ms (custom)
2019-11-13 20:34:42,334 [pool-183-thread-1] INFO  server.RaftServerConfigKeys (ConfUtils.java:logGet(43)) - raft.server.rpcslowness.timeout = 120s (custom)
2019-11-13 20:34:42,334 [pool-183-thread-1] INFO  server.RaftServerConfigKeys (ConfUtils.java:logGet(43)) - raft.server.sleep.deviation.threshold = 300 (default)
2019-11-13 20:34:42,334 [pool-183-thread-1] INFO  server.RaftServerConfigKeys (ConfUtils.java:logGet(43)) - raft.server.log.appender.install.snapshot.enabled = false (custom)
2019-11-13 20:34:42,334 [pool-183-thread-1] INFO  impl.RaftServerImpl (ServerState.java:<init>(103)) - 5947ecff-de41-4703-8b6b-2a362119c64b@group-38E26E8762F7: ConfigurationManager, init=-1: [5947ecff-de41-4703-8b6b-2a362119c64b:192.168.34.20:35116], old=null, confs=<EMPTY_MAP>
2019-11-13 20:34:42,335 [pool-183-thread-1] INFO  server.RaftServerConfigKeys (ConfUtils.java:logGet(43)) - raft.server.storage.dir = [/workdir/hadoop-ozone/integration-test/target/test-dir/MiniOzoneClusterImpl-e028e34c-e788-4356-b3c1-17795b02fdc7/datanode-3/data/ratis] (custom)
2019-11-13 20:34:42,335 [pool-183-thread-1] INFO  server.RaftServerConfigKeys (ConfUtils.java:logGet(43)) - raft.server.log.corruption.policy = EXCEPTION (default)
2019-11-13 20:34:42,335 [pool-183-thread-1] INFO  storage.RaftStorageDirectory (RaftStorageDirectory.java:analyzeStorage(246)) - The storage directory /workdir/hadoop-ozone/integration-test/target/test-dir/MiniOzoneClusterImpl-e028e34c-e788-4356-b3c1-17795b02fdc7/datanode-3/data/ratis/63c7e3ef-c765-458e-b836-38e26e8762f7 does not exist. Creating ...
2019-11-13 20:34:42,360 [pool-183-thread-1] INFO  storage.RaftStorageDirectory (RaftStorageDirectory.java:tryLock(328)) - Lock on /workdir/hadoop-ozone/integration-test/target/test-dir/MiniOzoneClusterImpl-e028e34c-e788-4356-b3c1-17795b02fdc7/datanode-3/data/ratis/63c7e3ef-c765-458e-b836-38e26e8762f7/in_use.lock acquired by nodename 30323@pr-hdds-2470-fxbl9-3826649461
2019-11-13 20:34:42,375 [pool-183-thread-1] INFO  storage.RaftStorage (RaftStorage.java:format(84)) - Storage directory /workdir/hadoop-ozone/integration-test/target/test-dir/MiniOzoneClusterImpl-e028e34c-e788-4356-b3c1-17795b02fdc7/datanode-3/data/ratis/63c7e3ef-c765-458e-b836-38e26e8762f7 has been successfully formatted.
2019-11-13 20:34:42,375 [pool-183-thread-1] INFO  ratis.ContainerStateMachine (ContainerStateMachine.java:loadSnapshot(223)) - group-38E26E8762F7: The snapshot info is null. Setting the last applied indexto:(t:0, i:~)
2019-11-13 20:34:42,375 [pool-183-thread-1] INFO  server.RaftServerConfigKeys (ConfUtils.java:logGet(43)) - raft.server.notification.no-leader.timeout = 120s (custom)
2019-11-13 20:34:42,376 [pool-183-thread-1] INFO  server.RaftServerConfigKeys (ConfUtils.java:logGet(43)) - raft.server.log.use.memory = false (default)
2019-11-13 20:34:42,376 [pool-183-thread-1] INFO  server.RaftServerConfigKeys (ConfUtils.java:logGet(43)) - raft.server.log.purge.gap = 1000000 (custom)
2019-11-13 20:34:42,376 [pool-183-thread-1] INFO  server.RaftServerConfigKeys (ConfUtils.java:logGet(43)) - raft.server.log.appender.buffer.byte-limit = 33554432 (custom)
2019-11-13 20:34:42,376 [pool-183-thread-1] INFO  server.RaftServerConfigKeys (ConfUtils.java:logGet(43)) - raft.server.log.segment.size.max = 1048576 (custom)
2019-11-13 20:34:42,376 [pool-183-thread-1] INFO  server.RaftServerConfigKeys (ConfUtils.java:logGet(43)) - raft.server.log.segment.cache.num.max = 2 (custom)
2019-11-13 20:34:42,376 [pool-183-thread-1] INFO  segmented.SegmentedRaftLogWorker (SegmentedRaftLogWorker.java:<init>(173)) - new 5947ecff-de41-4703-8b6b-2a362119c64b@group-38E26E8762F7-SegmentedRaftLogWorker for RaftStorage:Storage Directory /workdir/hadoop-ozone/integration-test/target/test-dir/MiniOzoneClusterImpl-e028e34c-e788-4356-b3c1-17795b02fdc7/datanode-3/data/ratis/63c7e3ef-c765-458e-b836-38e26e8762f7
2019-11-13 20:34:42,377 [pool-183-thread-1] INFO  server.RaftServerConfigKeys (ConfUtils.java:logGet(43)) - raft.server.log.queue.byte-limit = 2147483647 (custom)
2019-11-13 20:34:42,377 [pool-183-thread-1] INFO  server.RaftServerConfigKeys (ConfUtils.java:logGet(43)) - raft.server.log.queue.element-limit = 1024 (custom)
2019-11-13 20:34:42,377 [pool-183-thread-1] INFO  server.RaftServerConfigKeys (ConfUtils.java:logGet(43)) - raft.server.log.segment.size.max = 1048576 (custom)
2019-11-13 20:34:42,377 [pool-183-thread-1] INFO  server.RaftServerConfigKeys (ConfUtils.java:logGet(43)) - raft.server.log.preallocated.size = 16384 (custom)
2019-11-13 20:34:42,377 [pool-183-thread-1] INFO  server.RaftServerConfigKeys (ConfUtils.java:logGet(43)) - raft.server.log.write.buffer.size = 33554432 (custom)
2019-11-13 20:34:42,377 [pool-183-thread-1] INFO  server.RaftServerConfigKeys (ConfUtils.java:logGet(43)) - raft.server.log.force.sync.num = 128 (default)
2019-11-13 20:34:42,377 [pool-183-thread-1] INFO  server.RaftServerConfigKeys (ConfUtils.java:logGet(43)) - raft.server.log.statemachine.data.sync = true (default)
2019-11-13 20:34:42,377 [pool-183-thread-1] INFO  server.RaftServerConfigKeys (ConfUtils.java:logGet(43)) - raft.server.log.statemachine.data.sync.timeout = 10s (default)
2019-11-13 20:34:42,378 [pool-183-thread-1] INFO  server.RaftServerConfigKeys (ConfUtils.java:logGet(43)) - raft.server.log.statemachine.data.sync.timeout.retry = -1 (default)
2019-11-13 20:34:42,378 [pool-183-thread-1] INFO  server.RaftServerConfigKeys (ConfUtils.java:logGet(43)) - raft.server.log.statemachine.data.caching.enabled = true (custom)
2019-11-13 20:34:42,378 [pool-183-thread-1] INFO  segmented.SegmentedRaftLogWorker (SegmentedRaftLogWorker.java:lambda$new$0(128)) - 5947ecff-de41-4703-8b6b-2a362119c64b@group-38E26E8762F7-SegmentedRaftLogWorker: flushIndex: setUnconditionally 0 -> -1
2019-11-13 20:34:42,379 [pool-183-thread-1] INFO  server.RaftServerConfigKeys (ConfUtils.java:logGet(43)) - raft.server.snapshot.auto.trigger.enabled = true (custom)
2019-11-13 20:34:42,379 [pool-183-thread-1] INFO  server.RaftServerConfigKeys (ConfUtils.java:logGet(43)) - raft.server.snapshot.auto.trigger.threshold = 10000 (custom)
2019-11-13 20:34:42,379 [pool-183-thread-1] INFO  server.RaftServerConfigKeys (ConfUtils.java:logGet(43)) - raft.server.snapshot.retention.file.num = 5 (custom)
2019-11-13 20:34:42,379 [pool-183-thread-1] INFO  server.RaftServerConfigKeys (ConfUtils.java:logGet(43)) - raft.server.retrycache.expirytime = 600000ms (custom)
2019-11-13 20:34:42,379 [pool-183-thread-1] WARN  impl.MetricRegistriesImpl (MetricRegistriesImpl.java:lambda$create$1(61)) - First MetricRegistry has been created without registering reporters. You may need to call MetricRegistries.global().addReportRegistration(...) before.
2019-11-13 20:34:42,379 [pool-183-thread-1] WARN  impl.MetricRegistriesImpl (MetricRegistriesImpl.java:lambda$create$1(61)) - First MetricRegistry has been created without registering reporters. You may need to call MetricRegistries.global().addReportRegistration(...) before.
2019-11-13 20:34:42,380 [pool-183-thread-1] INFO  impl.RaftServerImpl (RaftServerImpl.java:start(184)) - 5947ecff-de41-4703-8b6b-2a362119c64b@group-38E26E8762F7: start as a follower, conf=-1: [5947ecff-de41-4703-8b6b-2a362119c64b:192.168.34.20:35116], old=null
2019-11-13 20:34:42,380 [pool-183-thread-1] INFO  impl.RaftServerImpl (RaftServerImpl.java:setRole(173)) - 5947ecff-de41-4703-8b6b-2a362119c64b@group-38E26E8762F7: changes role from      null to FOLLOWER at term 0 for startAsFollower
2019-11-13 20:34:42,380 [pool-183-thread-1] INFO  impl.RoleInfo (RoleInfo.java:updateAndGet(143)) - 5947ecff-de41-4703-8b6b-2a362119c64b: start FollowerState
2019-11-13 20:34:42,381 [pool-183-thread-1] INFO  util.JmxRegister (JmxRegister.java:tryRegister(44)) - Successfully registered JMX Bean with object name Ratis:service=RaftServer,group=group-38E26E8762F7,id=5947ecff-de41-4703-8b6b-2a362119c64b
2019-11-13 20:34:42,381 [pool-183-thread-1] WARN  impl.MetricRegistriesImpl (MetricRegistriesImpl.java:lambda$create$1(61)) - First MetricRegistry has been created without registering reporters. You may need to call MetricRegistries.global().addReportRegistration(...) before.
2019-11-13 20:34:42,383 [RatisPipelineUtilsThread] INFO  pipeline.PipelineStateManager (PipelineStateManager.java:addPipeline(55)) - Created pipeline Pipeline[ Id: 63c7e3ef-c765-458e-b836-38e26e8762f7, Nodes: 5947ecff-de41-4703-8b6b-2a362119c64b{ip: 192.168.34.20, host: pr-hdds-2470-fxbl9-3826649461, networkLocation: /default-rack, certSerialId: null}, Type:RATIS, Factor:ONE, State:ALLOCATED]
2019-11-13 20:34:42,383 [Thread-1558] INFO  pipeline.PipelineStateManager (PipelineStateManager.java:finalizePipeline(121)) - Pipeline Pipeline[ Id: be7e5f20-9345-4cc9-a545-6a2e57ba6fa5, Nodes: 83ff406b-cc24-4672-8ad4-94afba27c25e{ip: 192.168.34.20, host: pr-hdds-2470-fxbl9-3826649461, networkLocation: /default-rack, certSerialId: null}a396b6da-9b4a-4217-b353-472b7d1ddb56{ip: 192.168.34.20, host: pr-hdds-2470-fxbl9-3826649461, networkLocation: /default-rack, certSerialId: null}d06fab63-d4ff-4606-9904-3a8389ab2cb6{ip: 192.168.34.20, host: pr-hdds-2470-fxbl9-3826649461, networkLocation: /default-rack, certSerialId: null}, Type:RATIS, Factor:THREE, State:CLOSED] moved to CLOSED state
2019-11-13 20:34:42,387 [grpc-default-executor-5] INFO  impl.RaftServerProxy (RaftServerProxy.java:remove(95)) - 83ff406b-cc24-4672-8ad4-94afba27c25e: remove  FOLLOWER 83ff406b-cc24-4672-8ad4-94afba27c25e@group-6A2E57BA6FA5:t1, leader=d06fab63-d4ff-4606-9904-3a8389ab2cb6, voted=83ff406b-cc24-4672-8ad4-94afba27c25e, raftlog=83ff406b-cc24-4672-8ad4-94afba27c25e@group-6A2E57BA6FA5-SegmentedRaftLog:OPENED:c0,f0,i0, conf=0: [a396b6da-9b4a-4217-b353-472b7d1ddb56:192.168.34.20:32811, d06fab63-d4ff-4606-9904-3a8389ab2cb6:192.168.34.20:46247, 83ff406b-cc24-4672-8ad4-94afba27c25e:192.168.34.20:34460], old=null RUNNING
2019-11-13 20:34:42,387 [grpc-default-executor-5] INFO  impl.RaftServerImpl (RaftServerImpl.java:lambda$shutdown$3(250)) - 83ff406b-cc24-4672-8ad4-94afba27c25e@group-6A2E57BA6FA5: shutdown
2019-11-13 20:34:42,387 [grpc-default-executor-5] INFO  util.JmxRegister (JmxRegister.java:unregister(73)) - Successfully un-registered JMX Bean with object name Ratis:service=RaftServer,group=group-6A2E57BA6FA5,id=83ff406b-cc24-4672-8ad4-94afba27c25e
2019-11-13 20:34:42,387 [grpc-default-executor-5] INFO  impl.RoleInfo (RoleInfo.java:shutdownFollowerState(121)) - 83ff406b-cc24-4672-8ad4-94afba27c25e: shutdown FollowerState
2019-11-13 20:34:42,387 [grpc-default-executor-5] INFO  impl.StateMachineUpdater (StateMachineUpdater.java:stopAndJoin(136)) - 83ff406b-cc24-4672-8ad4-94afba27c25e@group-6A2E57BA6FA5-StateMachineUpdater: set stopIndex = 0
2019-11-13 20:34:42,387 [Thread-1616] INFO  impl.FollowerState (FollowerState.java:run(120)) - 83ff406b-cc24-4672-8ad4-94afba27c25e@group-6A2E57BA6FA5-FollowerState was interrupted: java.lang.InterruptedException: sleep interrupted
2019-11-13 20:34:42,389 [grpc-default-executor-5] INFO  impl.RaftServerImpl (ServerState.java:close(387)) - 83ff406b-cc24-4672-8ad4-94afba27c25e@group-6A2E57BA6FA5: closes. applyIndex: 0
2019-11-13 20:34:42,389 [83ff406b-cc24-4672-8ad4-94afba27c25e@group-6A2E57BA6FA5-SegmentedRaftLogWorker] INFO  segmented.SegmentedRaftLogWorker (SegmentedRaftLogWorker.java:run(316)) - 83ff406b-cc24-4672-8ad4-94afba27c25e@group-6A2E57BA6FA5-SegmentedRaftLogWorker was interrupted, exiting. There are 0 tasks remaining in the queue.
2019-11-13 20:34:42,390 [grpc-default-executor-5] INFO  segmented.SegmentedRaftLogWorker (SegmentedRaftLogWorker.java:close(224)) - 83ff406b-cc24-4672-8ad4-94afba27c25e@group-6A2E57BA6FA5-SegmentedRaftLogWorker close()
2019-11-13 20:34:42,396 [grpc-default-executor-5] INFO  impl.RaftServerProxy (RaftServerProxy.java:remove(95)) - a396b6da-9b4a-4217-b353-472b7d1ddb56: remove  FOLLOWER a396b6da-9b4a-4217-b353-472b7d1ddb56@group-6A2E57BA6FA5:t1, leader=d06fab63-d4ff-4606-9904-3a8389ab2cb6, voted=d06fab63-d4ff-4606-9904-3a8389ab2cb6, raftlog=a396b6da-9b4a-4217-b353-472b7d1ddb56@group-6A2E57BA6FA5-SegmentedRaftLog:OPENED:c0,f0,i0, conf=0: [a396b6da-9b4a-4217-b353-472b7d1ddb56:192.168.34.20:32811, d06fab63-d4ff-4606-9904-3a8389ab2cb6:192.168.34.20:46247, 83ff406b-cc24-4672-8ad4-94afba27c25e:192.168.34.20:34460], old=null RUNNING
2019-11-13 20:34:42,396 [grpc-default-executor-5] INFO  impl.RaftServerImpl (RaftServerImpl.java:lambda$shutdown$3(250)) - a396b6da-9b4a-4217-b353-472b7d1ddb56@group-6A2E57BA6FA5: shutdown
2019-11-13 20:34:42,396 [grpc-default-executor-5] INFO  util.JmxRegister (JmxRegister.java:unregister(73)) - Successfully un-registered JMX Bean with object name Ratis:service=RaftServer,group=group-6A2E57BA6FA5,id=a396b6da-9b4a-4217-b353-472b7d1ddb56
2019-11-13 20:34:42,396 [grpc-default-executor-5] INFO  impl.RoleInfo (RoleInfo.java:shutdownFollowerState(121)) - a396b6da-9b4a-4217-b353-472b7d1ddb56: shutdown FollowerState
2019-11-13 20:34:42,396 [grpc-default-executor-5] INFO  impl.StateMachineUpdater (StateMachineUpdater.java:stopAndJoin(136)) - a396b6da-9b4a-4217-b353-472b7d1ddb56@group-6A2E57BA6FA5-StateMachineUpdater: set stopIndex = 0
2019-11-13 20:34:42,397 [Thread-1606] INFO  impl.FollowerState (FollowerState.java:run(120)) - a396b6da-9b4a-4217-b353-472b7d1ddb56@group-6A2E57BA6FA5-FollowerState was interrupted: java.lang.InterruptedException: sleep interrupted
2019-11-13 20:34:42,398 [grpc-default-executor-5] INFO  impl.RaftServerImpl (ServerState.java:close(387)) - a396b6da-9b4a-4217-b353-472b7d1ddb56@group-6A2E57BA6FA5: closes. applyIndex: 0
2019-11-13 20:34:42,398 [a396b6da-9b4a-4217-b353-472b7d1ddb56@group-6A2E57BA6FA5-SegmentedRaftLogWorker] INFO  segmented.SegmentedRaftLogWorker (SegmentedRaftLogWorker.java:run(316)) - a396b6da-9b4a-4217-b353-472b7d1ddb56@group-6A2E57BA6FA5-SegmentedRaftLogWorker was interrupted, exiting. There are 0 tasks remaining in the queue.
2019-11-13 20:34:42,398 [grpc-default-executor-5] INFO  segmented.SegmentedRaftLogWorker (SegmentedRaftLogWorker.java:close(224)) - a396b6da-9b4a-4217-b353-472b7d1ddb56@group-6A2E57BA6FA5-SegmentedRaftLogWorker close()
2019-11-13 20:34:42,409 [grpc-default-executor-5] INFO  impl.RaftServerProxy (RaftServerProxy.java:remove(95)) - d06fab63-d4ff-4606-9904-3a8389ab2cb6: remove    LEADER d06fab63-d4ff-4606-9904-3a8389ab2cb6@group-6A2E57BA6FA5:t1, leader=d06fab63-d4ff-4606-9904-3a8389ab2cb6, voted=d06fab63-d4ff-4606-9904-3a8389ab2cb6, raftlog=d06fab63-d4ff-4606-9904-3a8389ab2cb6@group-6A2E57BA6FA5-SegmentedRaftLog:OPENED:c0,f0,i0, conf=0: [a396b6da-9b4a-4217-b353-472b7d1ddb56:192.168.34.20:32811, d06fab63-d4ff-4606-9904-3a8389ab2cb6:192.168.34.20:46247, 83ff406b-cc24-4672-8ad4-94afba27c25e:192.168.34.20:34460], old=null RUNNING
2019-11-13 20:34:42,409 [grpc-default-executor-5] INFO  impl.RaftServerImpl (RaftServerImpl.java:lambda$shutdown$3(250)) - d06fab63-d4ff-4606-9904-3a8389ab2cb6@group-6A2E57BA6FA5: shutdown
2019-11-13 20:34:42,409 [grpc-default-executor-5] INFO  util.JmxRegister (JmxRegister.java:unregister(73)) - Successfully un-registered JMX Bean with object name Ratis:service=RaftServer,group=group-6A2E57BA6FA5,id=d06fab63-d4ff-4606-9904-3a8389ab2cb6
2019-11-13 20:34:42,409 [grpc-default-executor-5] INFO  impl.RoleInfo (RoleInfo.java:shutdownLeaderState(104)) - d06fab63-d4ff-4606-9904-3a8389ab2cb6: shutdown LeaderState
2019-11-13 20:34:42,411 [grpc-default-executor-5] INFO  impl.PendingRequests (PendingRequests.java:sendNotLeaderResponses(206)) - d06fab63-d4ff-4606-9904-3a8389ab2cb6@group-6A2E57BA6FA5-PendingRequests: sendNotLeaderResponses
2019-11-13 20:34:42,411 [org.apache.ratis.server.impl.LogAppender$AppenderDaemon$$Lambda$444/1867097046@4b69b3e4] WARN  server.GrpcLogAppender (GrpcLogAppender.java:mayWait(151)) - d06fab63-d4ff-4606-9904-3a8389ab2cb6@group-6A2E57BA6FA5->83ff406b-cc24-4672-8ad4-94afba27c25e-GrpcLogAppender: Wait interrupted by java.lang.InterruptedException
2019-11-13 20:34:42,412 [grpc-default-executor-5] INFO  impl.StateMachineUpdater (StateMachineUpdater.java:stopAndJoin(136)) - d06fab63-d4ff-4606-9904-3a8389ab2cb6@group-6A2E57BA6FA5-StateMachineUpdater: set stopIndex = 0
2019-11-13 20:34:42,411 [org.apache.ratis.server.impl.LogAppender$AppenderDaemon$$Lambda$444/1867097046@e6b2c4d] WARN  server.GrpcLogAppender (GrpcLogAppender.java:mayWait(151)) - d06fab63-d4ff-4606-9904-3a8389ab2cb6@group-6A2E57BA6FA5->a396b6da-9b4a-4217-b353-472b7d1ddb56-GrpcLogAppender: Wait interrupted by java.lang.InterruptedException
2019-11-13 20:34:42,413 [grpc-default-executor-5] INFO  impl.RaftServerImpl (ServerState.java:close(387)) - d06fab63-d4ff-4606-9904-3a8389ab2cb6@group-6A2E57BA6FA5: closes. applyIndex: 0
2019-11-13 20:34:42,413 [grpc-default-executor-0] INFO  server.GrpcServerProtocolService (GrpcServerProtocolService.java:onCompleted(113)) - 83ff406b-cc24-4672-8ad4-94afba27c25e: Completed APPEND_ENTRIES, lastRequest: d06fab63-d4ff-4606-9904-3a8389ab2cb6->83ff406b-cc24-4672-8ad4-94afba27c25e#4-t1, previous=(t:1, i:0), leaderCommit=0, initializing? false, entries: <empty>
2019-11-13 20:34:42,413 [grpc-default-executor-3] INFO  server.GrpcServerProtocolService (GrpcServerProtocolService.java:onCompleted(113)) - a396b6da-9b4a-4217-b353-472b7d1ddb56: Completed APPEND_ENTRIES, lastRequest: d06fab63-d4ff-4606-9904-3a8389ab2cb6->a396b6da-9b4a-4217-b353-472b7d1ddb56#4-t1, previous=(t:1, i:0), leaderCommit=0, initializing? false, entries: <empty>
2019-11-13 20:34:42,413 [d06fab63-d4ff-4606-9904-3a8389ab2cb6@group-6A2E57BA6FA5-SegmentedRaftLogWorker] INFO  segmented.SegmentedRaftLogWorker (SegmentedRaftLogWorker.java:run(316)) - d06fab63-d4ff-4606-9904-3a8389ab2cb6@group-6A2E57BA6FA5-SegmentedRaftLogWorker was interrupted, exiting. There are 0 tasks remaining in the queue.
2019-11-13 20:34:42,413 [grpc-default-executor-3] INFO  server.GrpcLogAppender (GrpcLogAppender.java:onCompleted(308)) - d06fab63-d4ff-4606-9904-3a8389ab2cb6@group-6A2E57BA6FA5->a396b6da-9b4a-4217-b353-472b7d1ddb56-AppendLogResponseHandler: follower responses appendEntries COMPLETED
2019-11-13 20:34:42,413 [grpc-default-executor-0] INFO  server.GrpcLogAppender (GrpcLogAppender.java:onCompleted(308)) - d06fab63-d4ff-4606-9904-3a8389ab2cb6@group-6A2E57BA6FA5->83ff406b-cc24-4672-8ad4-94afba27c25e-AppendLogResponseHandler: follower responses appendEntries COMPLETED
2019-11-13 20:34:42,413 [grpc-default-executor-5] INFO  segmented.SegmentedRaftLogWorker (SegmentedRaftLogWorker.java:close(224)) - d06fab63-d4ff-4606-9904-3a8389ab2cb6@group-6A2E57BA6FA5-SegmentedRaftLogWorker close()
2019-11-13 20:34:42,414 [grpc-default-executor-3] INFO  impl.FollowerInfo (FollowerInfo.java:lambda$new$0(51)) - d06fab63-d4ff-4606-9904-3a8389ab2cb6@group-6A2E57BA6FA5->a396b6da-9b4a-4217-b353-472b7d1ddb56: nextIndex: updateUnconditionally 1 -> 0
2019-11-13 20:34:42,415 [grpc-default-executor-0] INFO  impl.FollowerInfo (FollowerInfo.java:lambda$new$0(51)) - d06fab63-d4ff-4606-9904-3a8389ab2cb6@group-6A2E57BA6FA5->83ff406b-cc24-4672-8ad4-94afba27c25e: nextIndex: updateUnconditionally 1 -> 0
2019-11-13 20:34:42,417 [Thread-1558] INFO  pipeline.PipelineStateManager (PipelineStateManager.java:removePipeline(106)) - Pipeline Pipeline[ Id: be7e5f20-9345-4cc9-a545-6a2e57ba6fa5, Nodes: 83ff406b-cc24-4672-8ad4-94afba27c25e{ip: 192.168.34.20, host: pr-hdds-2470-fxbl9-3826649461, networkLocation: /default-rack, certSerialId: null}a396b6da-9b4a-4217-b353-472b7d1ddb56{ip: 192.168.34.20, host: pr-hdds-2470-fxbl9-3826649461, networkLocation: /default-rack, certSerialId: null}d06fab63-d4ff-4606-9904-3a8389ab2cb6{ip: 192.168.34.20, host: pr-hdds-2470-fxbl9-3826649461, networkLocation: /default-rack, certSerialId: null}, Type:RATIS, Factor:THREE, State:CLOSED] removed from db
2019-11-13 20:34:42,417 [Thread-1558] INFO  pipeline.SCMPipelineManager (SCMPipelineManager.java:finalizeAndDestroyPipeline(315)) - destroying pipeline:Pipeline[ Id: 13bfc5f7-8138-4d9b-8326-a578082086b2, Nodes: a396b6da-9b4a-4217-b353-472b7d1ddb56{ip: 192.168.34.20, host: pr-hdds-2470-fxbl9-3826649461, networkLocation: /default-rack, certSerialId: null}, Type:RATIS, Factor:ONE, State:OPEN]
2019-11-13 20:34:42,423 [grpc-default-executor-0] INFO  impl.RaftServerProxy (RaftServerProxy.java:addNew(89)) - 83ff406b-cc24-4672-8ad4-94afba27c25e: addNew group-699461127A2D:[a396b6da-9b4a-4217-b353-472b7d1ddb56:192.168.34.20:32811, d06fab63-d4ff-4606-9904-3a8389ab2cb6:192.168.34.20:46247, 83ff406b-cc24-4672-8ad4-94afba27c25e:192.168.34.20:34460] returns group-699461127A2D:java.util.concurrent.CompletableFuture@3c83cc84[Not completed]
2019-11-13 20:34:42,424 [grpc-default-executor-0] INFO  impl.RaftServerProxy (RaftServerProxy.java:addNew(89)) - d06fab63-d4ff-4606-9904-3a8389ab2cb6: addNew group-699461127A2D:[a396b6da-9b4a-4217-b353-472b7d1ddb56:192.168.34.20:32811, d06fab63-d4ff-4606-9904-3a8389ab2cb6:192.168.34.20:46247, 83ff406b-cc24-4672-8ad4-94afba27c25e:192.168.34.20:34460] returns group-699461127A2D:java.util.concurrent.CompletableFuture@4a9d0bb0[Not completed]
2019-11-13 20:34:42,424 [grpc-default-executor-3] INFO  impl.RaftServerProxy (RaftServerProxy.java:addNew(89)) - a396b6da-9b4a-4217-b353-472b7d1ddb56: addNew group-699461127A2D:[a396b6da-9b4a-4217-b353-472b7d1ddb56:192.168.34.20:32811, d06fab63-d4ff-4606-9904-3a8389ab2cb6:192.168.34.20:46247, 83ff406b-cc24-4672-8ad4-94afba27c25e:192.168.34.20:34460] returns group-699461127A2D:java.util.concurrent.CompletableFuture@7c4eec7e[Not completed]
2019-11-13 20:34:42,425 [pool-163-thread-1] INFO  impl.RaftServerImpl (RaftServerImpl.java:<init>(98)) - 83ff406b-cc24-4672-8ad4-94afba27c25e: new RaftServerImpl for group-699461127A2D:[a396b6da-9b4a-4217-b353-472b7d1ddb56:192.168.34.20:32811, d06fab63-d4ff-4606-9904-3a8389ab2cb6:192.168.34.20:46247, 83ff406b-cc24-4672-8ad4-94afba27c25e:192.168.34.20:34460] with ContainerStateMachine:uninitialized
2019-11-13 20:34:42,425 [pool-163-thread-1] INFO  server.RaftServerConfigKeys (ConfUtils.java:logGet(43)) - raft.server.rpc.timeout.min = 1s (custom)
2019-11-13 20:34:42,425 [pool-163-thread-1] INFO  server.RaftServerConfigKeys (ConfUtils.java:logGet(43)) - raft.server.rpc.timeout.max = 1200ms (custom)
2019-11-13 20:34:42,426 [pool-163-thread-1] INFO  server.RaftServerConfigKeys (ConfUtils.java:logGet(43)) - raft.server.rpcslowness.timeout = 120s (custom)
2019-11-13 20:34:42,426 [pool-163-thread-1] INFO  server.RaftServerConfigKeys (ConfUtils.java:logGet(43)) - raft.server.sleep.deviation.threshold = 300 (default)
2019-11-13 20:34:42,426 [pool-163-thread-1] INFO  server.RaftServerConfigKeys (ConfUtils.java:logGet(43)) - raft.server.log.appender.install.snapshot.enabled = false (custom)
2019-11-13 20:34:42,426 [pool-153-thread-1] INFO  impl.RaftServerImpl (RaftServerImpl.java:<init>(98)) - a396b6da-9b4a-4217-b353-472b7d1ddb56: new RaftServerImpl for group-699461127A2D:[a396b6da-9b4a-4217-b353-472b7d1ddb56:192.168.34.20:32811, d06fab63-d4ff-4606-9904-3a8389ab2cb6:192.168.34.20:46247, 83ff406b-cc24-4672-8ad4-94afba27c25e:192.168.34.20:34460] with ContainerStateMachine:uninitialized
2019-11-13 20:34:42,426 [pool-163-thread-1] INFO  impl.RaftServerImpl (ServerState.java:<init>(103)) - 83ff406b-cc24-4672-8ad4-94afba27c25e@group-699461127A2D: ConfigurationManager, init=-1: [a396b6da-9b4a-4217-b353-472b7d1ddb56:192.168.34.20:32811, d06fab63-d4ff-4606-9904-3a8389ab2cb6:192.168.34.20:46247, 83ff406b-cc24-4672-8ad4-94afba27c25e:192.168.34.20:34460], old=null, confs=<EMPTY_MAP>
2019-11-13 20:34:42,426 [pool-153-thread-1] INFO  server.RaftServerConfigKeys (ConfUtils.java:logGet(43)) - raft.server.rpc.timeout.min = 1s (custom)
2019-11-13 20:34:42,426 [pool-163-thread-1] INFO  server.RaftServerConfigKeys (ConfUtils.java:logGet(43)) - raft.server.storage.dir = [/workdir/hadoop-ozone/integration-test/target/test-dir/MiniOzoneClusterImpl-e028e34c-e788-4356-b3c1-17795b02fdc7/datanode-1/data/ratis] (custom)
2019-11-13 20:34:42,426 [pool-153-thread-1] INFO  server.RaftServerConfigKeys (ConfUtils.java:logGet(43)) - raft.server.rpc.timeout.max = 1200ms (custom)
2019-11-13 20:34:42,426 [pool-153-thread-1] INFO  server.RaftServerConfigKeys (ConfUtils.java:logGet(43)) - raft.server.rpcslowness.timeout = 120s (custom)
2019-11-13 20:34:42,426 [pool-173-thread-1] INFO  impl.RaftServerImpl (RaftServerImpl.java:<init>(98)) - d06fab63-d4ff-4606-9904-3a8389ab2cb6: new RaftServerImpl for group-699461127A2D:[a396b6da-9b4a-4217-b353-472b7d1ddb56:192.168.34.20:32811, d06fab63-d4ff-4606-9904-3a8389ab2cb6:192.168.34.20:46247, 83ff406b-cc24-4672-8ad4-94afba27c25e:192.168.34.20:34460] with ContainerStateMachine:uninitialized
2019-11-13 20:34:42,426 [pool-163-thread-1] INFO  server.RaftServerConfigKeys (ConfUtils.java:logGet(43)) - raft.server.log.corruption.policy = EXCEPTION (default)
2019-11-13 20:34:42,426 [pool-153-thread-1] INFO  server.RaftServerConfigKeys (ConfUtils.java:logGet(43)) - raft.server.sleep.deviation.threshold = 300 (default)
2019-11-13 20:34:42,427 [pool-173-thread-1] INFO  server.RaftServerConfigKeys (ConfUtils.java:logGet(43)) - raft.server.rpc.timeout.min = 1s (custom)
2019-11-13 20:34:42,427 [pool-153-thread-1] INFO  server.RaftServerConfigKeys (ConfUtils.java:logGet(43)) - raft.server.log.appender.install.snapshot.enabled = false (custom)
2019-11-13 20:34:42,427 [pool-163-thread-1] INFO  storage.RaftStorageDirectory (RaftStorageDirectory.java:analyzeStorage(246)) - The storage directory /workdir/hadoop-ozone/integration-test/target/test-dir/MiniOzoneClusterImpl-e028e34c-e788-4356-b3c1-17795b02fdc7/datanode-1/data/ratis/07360e25-b38f-4222-80a9-699461127a2d does not exist. Creating ...
2019-11-13 20:34:42,427 [pool-153-thread-1] INFO  impl.RaftServerImpl (ServerState.java:<init>(103)) - a396b6da-9b4a-4217-b353-472b7d1ddb56@group-699461127A2D: ConfigurationManager, init=-1: [a396b6da-9b4a-4217-b353-472b7d1ddb56:192.168.34.20:32811, d06fab63-d4ff-4606-9904-3a8389ab2cb6:192.168.34.20:46247, 83ff406b-cc24-4672-8ad4-94afba27c25e:192.168.34.20:34460], old=null, confs=<EMPTY_MAP>
2019-11-13 20:34:42,427 [pool-173-thread-1] INFO  server.RaftServerConfigKeys (ConfUtils.java:logGet(43)) - raft.server.rpc.timeout.max = 1200ms (custom)
2019-11-13 20:34:42,427 [pool-153-thread-1] INFO  server.RaftServerConfigKeys (ConfUtils.java:logGet(43)) - raft.server.storage.dir = [/workdir/hadoop-ozone/integration-test/target/test-dir/MiniOzoneClusterImpl-e028e34c-e788-4356-b3c1-17795b02fdc7/datanode-0/data/ratis] (custom)
2019-11-13 20:34:42,427 [pool-173-thread-1] INFO  server.RaftServerConfigKeys (ConfUtils.java:logGet(43)) - raft.server.rpcslowness.timeout = 120s (custom)
2019-11-13 20:34:42,427 [pool-173-thread-1] INFO  server.RaftServerConfigKeys (ConfUtils.java:logGet(43)) - raft.server.sleep.deviation.threshold = 300 (default)
2019-11-13 20:34:42,427 [pool-153-thread-1] INFO  server.RaftServerConfigKeys (ConfUtils.java:logGet(43)) - raft.server.log.corruption.policy = EXCEPTION (default)
2019-11-13 20:34:42,427 [pool-173-thread-1] INFO  server.RaftServerConfigKeys (ConfUtils.java:logGet(43)) - raft.server.log.appender.install.snapshot.enabled = false (custom)
2019-11-13 20:34:42,428 [pool-153-thread-1] INFO  storage.RaftStorageDirectory (RaftStorageDirectory.java:analyzeStorage(246)) - The storage directory /workdir/hadoop-ozone/integration-test/target/test-dir/MiniOzoneClusterImpl-e028e34c-e788-4356-b3c1-17795b02fdc7/datanode-0/data/ratis/07360e25-b38f-4222-80a9-699461127a2d does not exist. Creating ...
2019-11-13 20:34:42,428 [pool-173-thread-1] INFO  impl.RaftServerImpl (ServerState.java:<init>(103)) - d06fab63-d4ff-4606-9904-3a8389ab2cb6@group-699461127A2D: ConfigurationManager, init=-1: [a396b6da-9b4a-4217-b353-472b7d1ddb56:192.168.34.20:32811, d06fab63-d4ff-4606-9904-3a8389ab2cb6:192.168.34.20:46247, 83ff406b-cc24-4672-8ad4-94afba27c25e:192.168.34.20:34460], old=null, confs=<EMPTY_MAP>
2019-11-13 20:34:42,428 [pool-173-thread-1] INFO  server.RaftServerConfigKeys (ConfUtils.java:logGet(43)) - raft.server.storage.dir = [/workdir/hadoop-ozone/integration-test/target/test-dir/MiniOzoneClusterImpl-e028e34c-e788-4356-b3c1-17795b02fdc7/datanode-2/data/ratis] (custom)
2019-11-13 20:34:42,428 [pool-173-thread-1] INFO  server.RaftServerConfigKeys (ConfUtils.java:logGet(43)) - raft.server.log.corruption.policy = EXCEPTION (default)
2019-11-13 20:34:42,428 [pool-173-thread-1] INFO  storage.RaftStorageDirectory (RaftStorageDirectory.java:analyzeStorage(246)) - The storage directory /workdir/hadoop-ozone/integration-test/target/test-dir/MiniOzoneClusterImpl-e028e34c-e788-4356-b3c1-17795b02fdc7/datanode-2/data/ratis/07360e25-b38f-4222-80a9-699461127a2d does not exist. Creating ...
2019-11-13 20:34:42,440 [pool-153-thread-1] INFO  storage.RaftStorageDirectory (RaftStorageDirectory.java:tryLock(328)) - Lock on /workdir/hadoop-ozone/integration-test/target/test-dir/MiniOzoneClusterImpl-e028e34c-e788-4356-b3c1-17795b02fdc7/datanode-0/data/ratis/07360e25-b38f-4222-80a9-699461127a2d/in_use.lock acquired by nodename 30323@pr-hdds-2470-fxbl9-3826649461
2019-11-13 20:34:42,440 [pool-163-thread-1] INFO  storage.RaftStorageDirectory (RaftStorageDirectory.java:tryLock(328)) - Lock on /workdir/hadoop-ozone/integration-test/target/test-dir/MiniOzoneClusterImpl-e028e34c-e788-4356-b3c1-17795b02fdc7/datanode-1/data/ratis/07360e25-b38f-4222-80a9-699461127a2d/in_use.lock acquired by nodename 30323@pr-hdds-2470-fxbl9-3826649461
2019-11-13 20:34:42,440 [pool-173-thread-1] INFO  storage.RaftStorageDirectory (RaftStorageDirectory.java:tryLock(328)) - Lock on /workdir/hadoop-ozone/integration-test/target/test-dir/MiniOzoneClusterImpl-e028e34c-e788-4356-b3c1-17795b02fdc7/datanode-2/data/ratis/07360e25-b38f-4222-80a9-699461127a2d/in_use.lock acquired by nodename 30323@pr-hdds-2470-fxbl9-3826649461
2019-11-13 20:34:42,454 [pool-163-thread-1] INFO  storage.RaftStorage (RaftStorage.java:format(84)) - Storage directory /workdir/hadoop-ozone/integration-test/target/test-dir/MiniOzoneClusterImpl-e028e34c-e788-4356-b3c1-17795b02fdc7/datanode-1/data/ratis/07360e25-b38f-4222-80a9-699461127a2d has been successfully formatted.
2019-11-13 20:34:42,454 [pool-153-thread-1] INFO  storage.RaftStorage (RaftStorage.java:format(84)) - Storage directory /workdir/hadoop-ozone/integration-test/target/test-dir/MiniOzoneClusterImpl-e028e34c-e788-4356-b3c1-17795b02fdc7/datanode-0/data/ratis/07360e25-b38f-4222-80a9-699461127a2d has been successfully formatted.
2019-11-13 20:34:42,454 [pool-173-thread-1] INFO  storage.RaftStorage (RaftStorage.java:format(84)) - Storage directory /workdir/hadoop-ozone/integration-test/target/test-dir/MiniOzoneClusterImpl-e028e34c-e788-4356-b3c1-17795b02fdc7/datanode-2/data/ratis/07360e25-b38f-4222-80a9-699461127a2d has been successfully formatted.
2019-11-13 20:34:42,454 [pool-153-thread-1] INFO  ratis.ContainerStateMachine (ContainerStateMachine.java:loadSnapshot(223)) - group-699461127A2D: The snapshot info is null. Setting the last applied indexto:(t:0, i:~)
2019-11-13 20:34:42,454 [pool-163-thread-1] INFO  ratis.ContainerStateMachine (ContainerStateMachine.java:loadSnapshot(223)) - group-699461127A2D: The snapshot info is null. Setting the last applied indexto:(t:0, i:~)
2019-11-13 20:34:42,454 [pool-173-thread-1] INFO  ratis.ContainerStateMachine (ContainerStateMachine.java:loadSnapshot(223)) - group-699461127A2D: The snapshot info is null. Setting the last applied indexto:(t:0, i:~)
2019-11-13 20:34:42,454 [pool-153-thread-1] INFO  server.RaftServerConfigKeys (ConfUtils.java:logGet(43)) - raft.server.notification.no-leader.timeout = 120s (custom)
2019-11-13 20:34:42,454 [pool-173-thread-1] INFO  server.RaftServerConfigKeys (ConfUtils.java:logGet(43)) - raft.server.notification.no-leader.timeout = 120s (custom)
2019-11-13 20:34:42,454 [pool-163-thread-1] INFO  server.RaftServerConfigKeys (ConfUtils.java:logGet(43)) - raft.server.notification.no-leader.timeout = 120s (custom)
2019-11-13 20:34:42,455 [pool-173-thread-1] INFO  server.RaftServerConfigKeys (ConfUtils.java:logGet(43)) - raft.server.log.use.memory = false (default)
2019-11-13 20:34:42,454 [pool-153-thread-1] INFO  server.RaftServerConfigKeys (ConfUtils.java:logGet(43)) - raft.server.log.use.memory = false (default)
2019-11-13 20:34:42,455 [pool-173-thread-1] INFO  server.RaftServerConfigKeys (ConfUtils.java:logGet(43)) - raft.server.log.purge.gap = 1000000 (custom)
2019-11-13 20:34:42,455 [pool-173-thread-1] INFO  server.RaftServerConfigKeys (ConfUtils.java:logGet(43)) - raft.server.log.appender.buffer.byte-limit = 33554432 (custom)
2019-11-13 20:34:42,455 [pool-163-thread-1] INFO  server.RaftServerConfigKeys (ConfUtils.java:logGet(43)) - raft.server.log.use.memory = false (default)
2019-11-13 20:34:42,455 [pool-173-thread-1] INFO  server.RaftServerConfigKeys (ConfUtils.java:logGet(43)) - raft.server.log.segment.size.max = 1048576 (custom)
2019-11-13 20:34:42,455 [pool-153-thread-1] INFO  server.RaftServerConfigKeys (ConfUtils.java:logGet(43)) - raft.server.log.purge.gap = 1000000 (custom)
2019-11-13 20:34:42,455 [pool-173-thread-1] INFO  server.RaftServerConfigKeys (ConfUtils.java:logGet(43)) - raft.server.log.segment.cache.num.max = 2 (custom)
2019-11-13 20:34:42,455 [pool-163-thread-1] INFO  server.RaftServerConfigKeys (ConfUtils.java:logGet(43)) - raft.server.log.purge.gap = 1000000 (custom)
2019-11-13 20:34:42,455 [pool-173-thread-1] INFO  segmented.SegmentedRaftLogWorker (SegmentedRaftLogWorker.java:<init>(173)) - new d06fab63-d4ff-4606-9904-3a8389ab2cb6@group-699461127A2D-SegmentedRaftLogWorker for RaftStorage:Storage Directory /workdir/hadoop-ozone/integration-test/target/test-dir/MiniOzoneClusterImpl-e028e34c-e788-4356-b3c1-17795b02fdc7/datanode-2/data/ratis/07360e25-b38f-4222-80a9-699461127a2d
2019-11-13 20:34:42,455 [pool-153-thread-1] INFO  server.RaftServerConfigKeys (ConfUtils.java:logGet(43)) - raft.server.log.appender.buffer.byte-limit = 33554432 (custom)
2019-11-13 20:34:42,456 [pool-173-thread-1] INFO  server.RaftServerConfigKeys (ConfUtils.java:logGet(43)) - raft.server.log.queue.byte-limit = 2147483647 (custom)
2019-11-13 20:34:42,456 [pool-163-thread-1] INFO  server.RaftServerConfigKeys (ConfUtils.java:logGet(43)) - raft.server.log.appender.buffer.byte-limit = 33554432 (custom)
2019-11-13 20:34:42,456 [pool-173-thread-1] INFO  server.RaftServerConfigKeys (ConfUtils.java:logGet(43)) - raft.server.log.queue.element-limit = 1024 (custom)
2019-11-13 20:34:42,456 [pool-153-thread-1] INFO  server.RaftServerConfigKeys (ConfUtils.java:logGet(43)) - raft.server.log.segment.size.max = 1048576 (custom)
2019-11-13 20:34:42,456 [pool-173-thread-1] INFO  server.RaftServerConfigKeys (ConfUtils.java:logGet(43)) - raft.server.log.segment.size.max = 1048576 (custom)
2019-11-13 20:34:42,456 [pool-163-thread-1] INFO  server.RaftServerConfigKeys (ConfUtils.java:logGet(43)) - raft.server.log.segment.size.max = 1048576 (custom)
2019-11-13 20:34:42,456 [pool-173-thread-1] INFO  server.RaftServerConfigKeys (ConfUtils.java:logGet(43)) - raft.server.log.preallocated.size = 16384 (custom)
2019-11-13 20:34:42,456 [pool-153-thread-1] INFO  server.RaftServerConfigKeys (ConfUtils.java:logGet(43)) - raft.server.log.segment.cache.num.max = 2 (custom)
2019-11-13 20:34:42,456 [pool-173-thread-1] INFO  server.RaftServerConfigKeys (ConfUtils.java:logGet(43)) - raft.server.log.write.buffer.size = 33554432 (custom)
2019-11-13 20:34:42,456 [pool-163-thread-1] INFO  server.RaftServerConfigKeys (ConfUtils.java:logGet(43)) - raft.server.log.segment.cache.num.max = 2 (custom)
2019-11-13 20:34:42,457 [pool-173-thread-1] INFO  server.RaftServerConfigKeys (ConfUtils.java:logGet(43)) - raft.server.log.force.sync.num = 128 (default)
2019-11-13 20:34:42,456 [pool-153-thread-1] INFO  segmented.SegmentedRaftLogWorker (SegmentedRaftLogWorker.java:<init>(173)) - new a396b6da-9b4a-4217-b353-472b7d1ddb56@group-699461127A2D-SegmentedRaftLogWorker for RaftStorage:Storage Directory /workdir/hadoop-ozone/integration-test/target/test-dir/MiniOzoneClusterImpl-e028e34c-e788-4356-b3c1-17795b02fdc7/datanode-0/data/ratis/07360e25-b38f-4222-80a9-699461127a2d
2019-11-13 20:34:42,457 [pool-173-thread-1] INFO  server.RaftServerConfigKeys (ConfUtils.java:logGet(43)) - raft.server.log.statemachine.data.sync = true (default)
2019-11-13 20:34:42,457 [pool-163-thread-1] INFO  segmented.SegmentedRaftLogWorker (SegmentedRaftLogWorker.java:<init>(173)) - new 83ff406b-cc24-4672-8ad4-94afba27c25e@group-699461127A2D-SegmentedRaftLogWorker for RaftStorage:Storage Directory /workdir/hadoop-ozone/integration-test/target/test-dir/MiniOzoneClusterImpl-e028e34c-e788-4356-b3c1-17795b02fdc7/datanode-1/data/ratis/07360e25-b38f-4222-80a9-699461127a2d
2019-11-13 20:34:42,457 [pool-173-thread-1] INFO  server.RaftServerConfigKeys (ConfUtils.java:logGet(43)) - raft.server.log.statemachine.data.sync.timeout = 10s (default)
2019-11-13 20:34:42,457 [pool-153-thread-1] INFO  server.RaftServerConfigKeys (ConfUtils.java:logGet(43)) - raft.server.log.queue.byte-limit = 2147483647 (custom)
2019-11-13 20:34:42,457 [pool-173-thread-1] INFO  server.RaftServerConfigKeys (ConfUtils.java:logGet(43)) - raft.server.log.statemachine.data.sync.timeout.retry = -1 (default)
2019-11-13 20:34:42,457 [pool-163-thread-1] INFO  server.RaftServerConfigKeys (ConfUtils.java:logGet(43)) - raft.server.log.queue.byte-limit = 2147483647 (custom)
2019-11-13 20:34:42,457 [pool-173-thread-1] INFO  server.RaftServerConfigKeys (ConfUtils.java:logGet(43)) - raft.server.log.statemachine.data.caching.enabled = true (custom)
2019-11-13 20:34:42,457 [pool-153-thread-1] INFO  server.RaftServerConfigKeys (ConfUtils.java:logGet(43)) - raft.server.log.queue.element-limit = 1024 (custom)
2019-11-13 20:34:42,457 [pool-163-thread-1] INFO  server.RaftServerConfigKeys (ConfUtils.java:logGet(43)) - raft.server.log.queue.element-limit = 1024 (custom)
2019-11-13 20:34:42,458 [pool-153-thread-1] INFO  server.RaftServerConfigKeys (ConfUtils.java:logGet(43)) - raft.server.log.segment.size.max = 1048576 (custom)
2019-11-13 20:34:42,458 [pool-173-thread-1] INFO  segmented.SegmentedRaftLogWorker (SegmentedRaftLogWorker.java:lambda$new$0(128)) - d06fab63-d4ff-4606-9904-3a8389ab2cb6@group-699461127A2D-SegmentedRaftLogWorker: flushIndex: setUnconditionally 0 -> -1
2019-11-13 20:34:42,458 [pool-163-thread-1] INFO  server.RaftServerConfigKeys (ConfUtils.java:logGet(43)) - raft.server.log.segment.size.max = 1048576 (custom)
2019-11-13 20:34:42,458 [pool-153-thread-1] INFO  server.RaftServerConfigKeys (ConfUtils.java:logGet(43)) - raft.server.log.preallocated.size = 16384 (custom)
2019-11-13 20:34:42,458 [pool-163-thread-1] INFO  server.RaftServerConfigKeys (ConfUtils.java:logGet(43)) - raft.server.log.preallocated.size = 16384 (custom)
2019-11-13 20:34:42,458 [pool-173-thread-1] INFO  server.RaftServerConfigKeys (ConfUtils.java:logGet(43)) - raft.server.snapshot.auto.trigger.enabled = true (custom)
2019-11-13 20:34:42,458 [pool-163-thread-1] INFO  server.RaftServerConfigKeys (ConfUtils.java:logGet(43)) - raft.server.log.write.buffer.size = 33554432 (custom)
2019-11-13 20:34:42,458 [pool-153-thread-1] INFO  server.RaftServerConfigKeys (ConfUtils.java:logGet(43)) - raft.server.log.write.buffer.size = 33554432 (custom)
2019-11-13 20:34:42,458 [pool-163-thread-1] INFO  server.RaftServerConfigKeys (ConfUtils.java:logGet(43)) - raft.server.log.force.sync.num = 128 (default)
2019-11-13 20:34:42,458 [pool-173-thread-1] INFO  server.RaftServerConfigKeys (ConfUtils.java:logGet(43)) - raft.server.snapshot.auto.trigger.threshold = 10000 (custom)
2019-11-13 20:34:42,459 [pool-163-thread-1] INFO  server.RaftServerConfigKeys (ConfUtils.java:logGet(43)) - raft.server.log.statemachine.data.sync = true (default)
2019-11-13 20:34:42,458 [pool-153-thread-1] INFO  server.RaftServerConfigKeys (ConfUtils.java:logGet(43)) - raft.server.log.force.sync.num = 128 (default)
2019-11-13 20:34:42,459 [pool-163-thread-1] INFO  server.RaftServerConfigKeys (ConfUtils.java:logGet(43)) - raft.server.log.statemachine.data.sync.timeout = 10s (default)
2019-11-13 20:34:42,459 [pool-173-thread-1] INFO  server.RaftServerConfigKeys (ConfUtils.java:logGet(43)) - raft.server.snapshot.retention.file.num = 5 (custom)
2019-11-13 20:34:42,459 [pool-163-thread-1] INFO  server.RaftServerConfigKeys (ConfUtils.java:logGet(43)) - raft.server.log.statemachine.data.sync.timeout.retry = -1 (default)
2019-11-13 20:34:42,459 [pool-153-thread-1] INFO  server.RaftServerConfigKeys (ConfUtils.java:logGet(43)) - raft.server.log.statemachine.data.sync = true (default)
2019-11-13 20:34:42,459 [pool-163-thread-1] INFO  server.RaftServerConfigKeys (ConfUtils.java:logGet(43)) - raft.server.log.statemachine.data.caching.enabled = true (custom)
2019-11-13 20:34:42,459 [pool-173-thread-1] INFO  server.RaftServerConfigKeys (ConfUtils.java:logGet(43)) - raft.server.retrycache.expirytime = 600000ms (custom)
2019-11-13 20:34:42,459 [pool-153-thread-1] INFO  server.RaftServerConfigKeys (ConfUtils.java:logGet(43)) - raft.server.log.statemachine.data.sync.timeout = 10s (default)
2019-11-13 20:34:42,459 [pool-163-thread-1] INFO  segmented.SegmentedRaftLogWorker (SegmentedRaftLogWorker.java:lambda$new$0(128)) - 83ff406b-cc24-4672-8ad4-94afba27c25e@group-699461127A2D-SegmentedRaftLogWorker: flushIndex: setUnconditionally 0 -> -1
2019-11-13 20:34:42,459 [pool-173-thread-1] WARN  impl.MetricRegistriesImpl (MetricRegistriesImpl.java:lambda$create$1(61)) - First MetricRegistry has been created without registering reporters. You may need to call MetricRegistries.global().addReportRegistration(...) before.
2019-11-13 20:34:42,459 [pool-153-thread-1] INFO  server.RaftServerConfigKeys (ConfUtils.java:logGet(43)) - raft.server.log.statemachine.data.sync.timeout.retry = -1 (default)
2019-11-13 20:34:42,460 [pool-163-thread-1] INFO  server.RaftServerConfigKeys (ConfUtils.java:logGet(43)) - raft.server.snapshot.auto.trigger.enabled = true (custom)
2019-11-13 20:34:42,460 [pool-173-thread-1] WARN  impl.MetricRegistriesImpl (MetricRegistriesImpl.java:lambda$create$1(61)) - First MetricRegistry has been created without registering reporters. You may need to call MetricRegistries.global().addReportRegistration(...) before.
2019-11-13 20:34:42,460 [pool-163-thread-1] INFO  server.RaftServerConfigKeys (ConfUtils.java:logGet(43)) - raft.server.snapshot.auto.trigger.threshold = 10000 (custom)
2019-11-13 20:34:42,460 [pool-173-thread-1] INFO  impl.RaftServerImpl (RaftServerImpl.java:start(184)) - d06fab63-d4ff-4606-9904-3a8389ab2cb6@group-699461127A2D: start as a follower, conf=-1: [a396b6da-9b4a-4217-b353-472b7d1ddb56:192.168.34.20:32811, d06fab63-d4ff-4606-9904-3a8389ab2cb6:192.168.34.20:46247, 83ff406b-cc24-4672-8ad4-94afba27c25e:192.168.34.20:34460], old=null
2019-11-13 20:34:42,460 [pool-153-thread-1] INFO  server.RaftServerConfigKeys (ConfUtils.java:logGet(43)) - raft.server.log.statemachine.data.caching.enabled = true (custom)
2019-11-13 20:34:42,460 [pool-173-thread-1] INFO  impl.RaftServerImpl (RaftServerImpl.java:setRole(173)) - d06fab63-d4ff-4606-9904-3a8389ab2cb6@group-699461127A2D: changes role from      null to FOLLOWER at term 0 for startAsFollower
2019-11-13 20:34:42,460 [pool-163-thread-1] INFO  server.RaftServerConfigKeys (ConfUtils.java:logGet(43)) - raft.server.snapshot.retention.file.num = 5 (custom)
2019-11-13 20:34:42,460 [pool-173-thread-1] INFO  impl.RoleInfo (RoleInfo.java:updateAndGet(143)) - d06fab63-d4ff-4606-9904-3a8389ab2cb6: start FollowerState
2019-11-13 20:34:42,461 [pool-153-thread-1] INFO  segmented.SegmentedRaftLogWorker (SegmentedRaftLogWorker.java:lambda$new$0(128)) - a396b6da-9b4a-4217-b353-472b7d1ddb56@group-699461127A2D-SegmentedRaftLogWorker: flushIndex: setUnconditionally 0 -> -1
2019-11-13 20:34:42,460 [pool-163-thread-1] INFO  server.RaftServerConfigKeys (ConfUtils.java:logGet(43)) - raft.server.retrycache.expirytime = 600000ms (custom)
2019-11-13 20:34:42,461 [pool-153-thread-1] INFO  server.RaftServerConfigKeys (ConfUtils.java:logGet(43)) - raft.server.snapshot.auto.trigger.enabled = true (custom)
2019-11-13 20:34:42,461 [pool-163-thread-1] WARN  impl.MetricRegistriesImpl (MetricRegistriesImpl.java:lambda$create$1(61)) - First MetricRegistry has been created without registering reporters. You may need to call MetricRegistries.global().addReportRegistration(...) before.
2019-11-13 20:34:42,461 [pool-173-thread-1] INFO  util.JmxRegister (JmxRegister.java:tryRegister(44)) - Successfully registered JMX Bean with object name Ratis:service=RaftServer,group=group-699461127A2D,id=d06fab63-d4ff-4606-9904-3a8389ab2cb6
2019-11-13 20:34:42,461 [pool-163-thread-1] WARN  impl.MetricRegistriesImpl (MetricRegistriesImpl.java:lambda$create$1(61)) - First MetricRegistry has been created without registering reporters. You may need to call MetricRegistries.global().addReportRegistration(...) before.
2019-11-13 20:34:42,461 [pool-153-thread-1] INFO  server.RaftServerConfigKeys (ConfUtils.java:logGet(43)) - raft.server.snapshot.auto.trigger.threshold = 10000 (custom)
2019-11-13 20:34:42,461 [pool-163-thread-1] INFO  impl.RaftServerImpl (RaftServerImpl.java:start(184)) - 83ff406b-cc24-4672-8ad4-94afba27c25e@group-699461127A2D: start as a follower, conf=-1: [a396b6da-9b4a-4217-b353-472b7d1ddb56:192.168.34.20:32811, d06fab63-d4ff-4606-9904-3a8389ab2cb6:192.168.34.20:46247, 83ff406b-cc24-4672-8ad4-94afba27c25e:192.168.34.20:34460], old=null
2019-11-13 20:34:42,461 [pool-173-thread-1] WARN  impl.MetricRegistriesImpl (MetricRegistriesImpl.java:lambda$create$1(61)) - First MetricRegistry has been created without registering reporters. You may need to call MetricRegistries.global().addReportRegistration(...) before.
2019-11-13 20:34:42,461 [pool-163-thread-1] INFO  impl.RaftServerImpl (RaftServerImpl.java:setRole(173)) - 83ff406b-cc24-4672-8ad4-94afba27c25e@group-699461127A2D: changes role from      null to FOLLOWER at term 0 for startAsFollower
2019-11-13 20:34:42,461 [pool-153-thread-1] INFO  server.RaftServerConfigKeys (ConfUtils.java:logGet(43)) - raft.server.snapshot.retention.file.num = 5 (custom)
2019-11-13 20:34:42,462 [pool-163-thread-1] INFO  impl.RoleInfo (RoleInfo.java:updateAndGet(143)) - 83ff406b-cc24-4672-8ad4-94afba27c25e: start FollowerState
2019-11-13 20:34:42,462 [pool-153-thread-1] INFO  server.RaftServerConfigKeys (ConfUtils.java:logGet(43)) - raft.server.retrycache.expirytime = 600000ms (custom)
2019-11-13 20:34:42,462 [pool-153-thread-1] WARN  impl.MetricRegistriesImpl (MetricRegistriesImpl.java:lambda$create$1(61)) - First MetricRegistry has been created without registering reporters. You may need to call MetricRegistries.global().addReportRegistration(...) before.
2019-11-13 20:34:42,462 [pool-163-thread-1] INFO  util.JmxRegister (JmxRegister.java:tryRegister(44)) - Successfully registered JMX Bean with object name Ratis:service=RaftServer,group=group-699461127A2D,id=83ff406b-cc24-4672-8ad4-94afba27c25e
2019-11-13 20:34:42,462 [pool-153-thread-1] WARN  impl.MetricRegistriesImpl (MetricRegistriesImpl.java:lambda$create$1(61)) - First MetricRegistry has been created without registering reporters. You may need to call MetricRegistries.global().addReportRegistration(...) before.
2019-11-13 20:34:42,462 [pool-163-thread-1] WARN  impl.MetricRegistriesImpl (MetricRegistriesImpl.java:lambda$create$1(61)) - First MetricRegistry has been created without registering reporters. You may need to call MetricRegistries.global().addReportRegistration(...) before.
2019-11-13 20:34:42,463 [pool-153-thread-1] INFO  impl.RaftServerImpl (RaftServerImpl.java:start(184)) - a396b6da-9b4a-4217-b353-472b7d1ddb56@group-699461127A2D: start as a follower, conf=-1: [a396b6da-9b4a-4217-b353-472b7d1ddb56:192.168.34.20:32811, d06fab63-d4ff-4606-9904-3a8389ab2cb6:192.168.34.20:46247, 83ff406b-cc24-4672-8ad4-94afba27c25e:192.168.34.20:34460], old=null
2019-11-13 20:34:42,463 [pool-153-thread-1] INFO  impl.RaftServerImpl (RaftServerImpl.java:setRole(173)) - a396b6da-9b4a-4217-b353-472b7d1ddb56@group-699461127A2D: changes role from      null to FOLLOWER at term 0 for startAsFollower
2019-11-13 20:34:42,463 [pool-153-thread-1] INFO  impl.RoleInfo (RoleInfo.java:updateAndGet(143)) - a396b6da-9b4a-4217-b353-472b7d1ddb56: start FollowerState
2019-11-13 20:34:42,463 [pool-153-thread-1] INFO  util.JmxRegister (JmxRegister.java:tryRegister(44)) - Successfully registered JMX Bean with object name Ratis:service=RaftServer,group=group-699461127A2D,id=a396b6da-9b4a-4217-b353-472b7d1ddb56
2019-11-13 20:34:42,463 [pool-153-thread-1] WARN  impl.MetricRegistriesImpl (MetricRegistriesImpl.java:lambda$create$1(61)) - First MetricRegistry has been created without registering reporters. You may need to call MetricRegistries.global().addReportRegistration(...) before.
2019-11-13 20:34:42,465 [RatisPipelineUtilsThread] INFO  pipeline.PipelineStateManager (PipelineStateManager.java:addPipeline(55)) - Created pipeline Pipeline[ Id: 07360e25-b38f-4222-80a9-699461127a2d, Nodes: 83ff406b-cc24-4672-8ad4-94afba27c25e{ip: 192.168.34.20, host: pr-hdds-2470-fxbl9-3826649461, networkLocation: /default-rack, certSerialId: null}a396b6da-9b4a-4217-b353-472b7d1ddb56{ip: 192.168.34.20, host: pr-hdds-2470-fxbl9-3826649461, networkLocation: /default-rack, certSerialId: null}d06fab63-d4ff-4606-9904-3a8389ab2cb6{ip: 192.168.34.20, host: pr-hdds-2470-fxbl9-3826649461, networkLocation: /default-rack, certSerialId: null}, Type:RATIS, Factor:THREE, State:ALLOCATED]
2019-11-13 20:34:42,466 [Thread-1558] INFO  pipeline.PipelineStateManager (PipelineStateManager.java:finalizePipeline(121)) - Pipeline Pipeline[ Id: 13bfc5f7-8138-4d9b-8326-a578082086b2, Nodes: a396b6da-9b4a-4217-b353-472b7d1ddb56{ip: 192.168.34.20, host: pr-hdds-2470-fxbl9-3826649461, networkLocation: /default-rack, certSerialId: null}, Type:RATIS, Factor:ONE, State:CLOSED] moved to CLOSED state
2019-11-13 20:34:42,469 [grpc-default-executor-3] INFO  impl.RaftServerProxy (RaftServerProxy.java:remove(95)) - a396b6da-9b4a-4217-b353-472b7d1ddb56: remove    LEADER a396b6da-9b4a-4217-b353-472b7d1ddb56@group-A578082086B2:t1, leader=a396b6da-9b4a-4217-b353-472b7d1ddb56, voted=a396b6da-9b4a-4217-b353-472b7d1ddb56, raftlog=a396b6da-9b4a-4217-b353-472b7d1ddb56@group-A578082086B2-SegmentedRaftLog:OPENED:c0,f0,i0, conf=0: [a396b6da-9b4a-4217-b353-472b7d1ddb56:192.168.34.20:32811], old=null RUNNING
2019-11-13 20:34:42,471 [grpc-default-executor-3] INFO  impl.RaftServerImpl (RaftServerImpl.java:lambda$shutdown$3(250)) - a396b6da-9b4a-4217-b353-472b7d1ddb56@group-A578082086B2: shutdown
2019-11-13 20:34:42,471 [grpc-default-executor-3] INFO  util.JmxRegister (JmxRegister.java:unregister(73)) - Successfully un-registered JMX Bean with object name Ratis:service=RaftServer,group=group-A578082086B2,id=a396b6da-9b4a-4217-b353-472b7d1ddb56
2019-11-13 20:34:42,471 [grpc-default-executor-3] INFO  impl.RoleInfo (RoleInfo.java:shutdownLeaderState(104)) - a396b6da-9b4a-4217-b353-472b7d1ddb56: shutdown LeaderState
2019-11-13 20:34:42,471 [grpc-default-executor-3] INFO  impl.PendingRequests (PendingRequests.java:sendNotLeaderResponses(206)) - a396b6da-9b4a-4217-b353-472b7d1ddb56@group-A578082086B2-PendingRequests: sendNotLeaderResponses
2019-11-13 20:34:42,472 [grpc-default-executor-3] INFO  impl.StateMachineUpdater (StateMachineUpdater.java:stopAndJoin(136)) - a396b6da-9b4a-4217-b353-472b7d1ddb56@group-A578082086B2-StateMachineUpdater: set stopIndex = 0
2019-11-13 20:34:42,472 [grpc-default-executor-3] INFO  impl.RaftServerImpl (ServerState.java:close(387)) - a396b6da-9b4a-4217-b353-472b7d1ddb56@group-A578082086B2: closes. applyIndex: 0
2019-11-13 20:34:42,472 [a396b6da-9b4a-4217-b353-472b7d1ddb56@group-A578082086B2-SegmentedRaftLogWorker] INFO  segmented.SegmentedRaftLogWorker (SegmentedRaftLogWorker.java:run(316)) - a396b6da-9b4a-4217-b353-472b7d1ddb56@group-A578082086B2-SegmentedRaftLogWorker was interrupted, exiting. There are 0 tasks remaining in the queue.
2019-11-13 20:34:42,472 [grpc-default-executor-3] INFO  segmented.SegmentedRaftLogWorker (SegmentedRaftLogWorker.java:close(224)) - a396b6da-9b4a-4217-b353-472b7d1ddb56@group-A578082086B2-SegmentedRaftLogWorker close()
2019-11-13 20:34:42,475 [Thread-1558] INFO  pipeline.PipelineStateManager (PipelineStateManager.java:removePipeline(106)) - Pipeline Pipeline[ Id: 13bfc5f7-8138-4d9b-8326-a578082086b2, Nodes: a396b6da-9b4a-4217-b353-472b7d1ddb56{ip: 192.168.34.20, host: pr-hdds-2470-fxbl9-3826649461, networkLocation: /default-rack, certSerialId: null}, Type:RATIS, Factor:ONE, State:CLOSED] removed from db
2019-11-13 20:34:42,475 [Thread-1558] INFO  pipeline.SCMPipelineManager (SCMPipelineManager.java:finalizeAndDestroyPipeline(315)) - destroying pipeline:Pipeline[ Id: 1dd25861-a9e8-463d-b5d6-5d705440d967, Nodes: 83ff406b-cc24-4672-8ad4-94afba27c25e{ip: 192.168.34.20, host: pr-hdds-2470-fxbl9-3826649461, networkLocation: /default-rack, certSerialId: null}, Type:RATIS, Factor:ONE, State:OPEN]
2019-11-13 20:34:42,480 [grpc-default-executor-3] INFO  impl.RaftServerProxy (RaftServerProxy.java:addNew(89)) - a396b6da-9b4a-4217-b353-472b7d1ddb56: addNew group-F576FF0AE710:[a396b6da-9b4a-4217-b353-472b7d1ddb56:192.168.34.20:32811] returns group-F576FF0AE710:java.util.concurrent.CompletableFuture@4076461[Not completed]
2019-11-13 20:34:42,484 [pool-153-thread-1] INFO  impl.RaftServerImpl (RaftServerImpl.java:<init>(98)) - a396b6da-9b4a-4217-b353-472b7d1ddb56: new RaftServerImpl for group-F576FF0AE710:[a396b6da-9b4a-4217-b353-472b7d1ddb56:192.168.34.20:32811] with ContainerStateMachine:uninitialized
2019-11-13 20:34:42,484 [pool-153-thread-1] INFO  server.RaftServerConfigKeys (ConfUtils.java:logGet(43)) - raft.server.rpc.timeout.min = 1s (custom)
2019-11-13 20:34:42,485 [pool-153-thread-1] INFO  server.RaftServerConfigKeys (ConfUtils.java:logGet(43)) - raft.server.rpc.timeout.max = 1200ms (custom)
2019-11-13 20:34:42,485 [pool-153-thread-1] INFO  server.RaftServerConfigKeys (ConfUtils.java:logGet(43)) - raft.server.rpcslowness.timeout = 120s (custom)
2019-11-13 20:34:42,485 [pool-153-thread-1] INFO  server.RaftServerConfigKeys (ConfUtils.java:logGet(43)) - raft.server.sleep.deviation.threshold = 300 (default)
2019-11-13 20:34:42,485 [pool-153-thread-1] INFO  server.RaftServerConfigKeys (ConfUtils.java:logGet(43)) - raft.server.log.appender.install.snapshot.enabled = false (custom)
2019-11-13 20:34:42,485 [pool-153-thread-1] INFO  impl.RaftServerImpl (ServerState.java:<init>(103)) - a396b6da-9b4a-4217-b353-472b7d1ddb56@group-F576FF0AE710: ConfigurationManager, init=-1: [a396b6da-9b4a-4217-b353-472b7d1ddb56:192.168.34.20:32811], old=null, confs=<EMPTY_MAP>
2019-11-13 20:34:42,486 [pool-153-thread-1] INFO  server.RaftServerConfigKeys (ConfUtils.java:logGet(43)) - raft.server.storage.dir = [/workdir/hadoop-ozone/integration-test/target/test-dir/MiniOzoneClusterImpl-e028e34c-e788-4356-b3c1-17795b02fdc7/datanode-0/data/ratis] (custom)
2019-11-13 20:34:42,486 [pool-153-thread-1] INFO  server.RaftServerConfigKeys (ConfUtils.java:logGet(43)) - raft.server.log.corruption.policy = EXCEPTION (default)
2019-11-13 20:34:42,486 [pool-153-thread-1] INFO  storage.RaftStorageDirectory (RaftStorageDirectory.java:analyzeStorage(246)) - The storage directory /workdir/hadoop-ozone/integration-test/target/test-dir/MiniOzoneClusterImpl-e028e34c-e788-4356-b3c1-17795b02fdc7/datanode-0/data/ratis/84ed7d46-7392-41bf-9107-f576ff0ae710 does not exist. Creating ...
2019-11-13 20:34:42,499 [pool-153-thread-1] INFO  storage.RaftStorageDirectory (RaftStorageDirectory.java:tryLock(328)) - Lock on /workdir/hadoop-ozone/integration-test/target/test-dir/MiniOzoneClusterImpl-e028e34c-e788-4356-b3c1-17795b02fdc7/datanode-0/data/ratis/84ed7d46-7392-41bf-9107-f576ff0ae710/in_use.lock acquired by nodename 30323@pr-hdds-2470-fxbl9-3826649461
2019-11-13 20:34:42,513 [pool-153-thread-1] INFO  storage.RaftStorage (RaftStorage.java:format(84)) - Storage directory /workdir/hadoop-ozone/integration-test/target/test-dir/MiniOzoneClusterImpl-e028e34c-e788-4356-b3c1-17795b02fdc7/datanode-0/data/ratis/84ed7d46-7392-41bf-9107-f576ff0ae710 has been successfully formatted.
2019-11-13 20:34:42,513 [pool-153-thread-1] INFO  ratis.ContainerStateMachine (ContainerStateMachine.java:loadSnapshot(223)) - group-F576FF0AE710: The snapshot info is null. Setting the last applied indexto:(t:0, i:~)
2019-11-13 20:34:42,513 [pool-153-thread-1] INFO  server.RaftServerConfigKeys (ConfUtils.java:logGet(43)) - raft.server.notification.no-leader.timeout = 120s (custom)
2019-11-13 20:34:42,514 [pool-153-thread-1] INFO  server.RaftServerConfigKeys (ConfUtils.java:logGet(43)) - raft.server.log.use.memory = false (default)
2019-11-13 20:34:42,514 [pool-153-thread-1] INFO  server.RaftServerConfigKeys (ConfUtils.java:logGet(43)) - raft.server.log.purge.gap = 1000000 (custom)
2019-11-13 20:34:42,514 [pool-153-thread-1] INFO  server.RaftServerConfigKeys (ConfUtils.java:logGet(43)) - raft.server.log.appender.buffer.byte-limit = 33554432 (custom)
2019-11-13 20:34:42,514 [pool-153-thread-1] INFO  server.RaftServerConfigKeys (ConfUtils.java:logGet(43)) - raft.server.log.segment.size.max = 1048576 (custom)
2019-11-13 20:34:42,514 [pool-153-thread-1] INFO  server.RaftServerConfigKeys (ConfUtils.java:logGet(43)) - raft.server.log.segment.cache.num.max = 2 (custom)
2019-11-13 20:34:42,514 [pool-153-thread-1] INFO  segmented.SegmentedRaftLogWorker (SegmentedRaftLogWorker.java:<init>(173)) - new a396b6da-9b4a-4217-b353-472b7d1ddb56@group-F576FF0AE710-SegmentedRaftLogWorker for RaftStorage:Storage Directory /workdir/hadoop-ozone/integration-test/target/test-dir/MiniOzoneClusterImpl-e028e34c-e788-4356-b3c1-17795b02fdc7/datanode-0/data/ratis/84ed7d46-7392-41bf-9107-f576ff0ae710
2019-11-13 20:34:42,514 [pool-153-thread-1] INFO  server.RaftServerConfigKeys (ConfUtils.java:logGet(43)) - raft.server.log.queue.byte-limit = 2147483647 (custom)
2019-11-13 20:34:42,514 [pool-153-thread-1] INFO  server.RaftServerConfigKeys (ConfUtils.java:logGet(43)) - raft.server.log.queue.element-limit = 1024 (custom)
2019-11-13 20:34:42,514 [pool-153-thread-1] INFO  server.RaftServerConfigKeys (ConfUtils.java:logGet(43)) - raft.server.log.segment.size.max = 1048576 (custom)
2019-11-13 20:34:42,514 [pool-153-thread-1] INFO  server.RaftServerConfigKeys (ConfUtils.java:logGet(43)) - raft.server.log.preallocated.size = 16384 (custom)
2019-11-13 20:34:42,514 [pool-153-thread-1] INFO  server.RaftServerConfigKeys (ConfUtils.java:logGet(43)) - raft.server.log.write.buffer.size = 33554432 (custom)
2019-11-13 20:34:42,514 [pool-153-thread-1] INFO  server.RaftServerConfigKeys (ConfUtils.java:logGet(43)) - raft.server.log.force.sync.num = 128 (default)
2019-11-13 20:34:42,515 [pool-153-thread-1] INFO  server.RaftServerConfigKeys (ConfUtils.java:logGet(43)) - raft.server.log.statemachine.data.sync = true (default)
2019-11-13 20:34:42,515 [pool-153-thread-1] INFO  server.RaftServerConfigKeys (ConfUtils.java:logGet(43)) - raft.server.log.statemachine.data.sync.timeout = 10s (default)
2019-11-13 20:34:42,515 [pool-153-thread-1] INFO  server.RaftServerConfigKeys (ConfUtils.java:logGet(43)) - raft.server.log.statemachine.data.sync.timeout.retry = -1 (default)
2019-11-13 20:34:42,515 [pool-153-thread-1] INFO  server.RaftServerConfigKeys (ConfUtils.java:logGet(43)) - raft.server.log.statemachine.data.caching.enabled = true (custom)
2019-11-13 20:34:42,515 [pool-153-thread-1] INFO  segmented.SegmentedRaftLogWorker (SegmentedRaftLogWorker.java:lambda$new$0(128)) - a396b6da-9b4a-4217-b353-472b7d1ddb56@group-F576FF0AE710-SegmentedRaftLogWorker: flushIndex: setUnconditionally 0 -> -1
2019-11-13 20:34:42,515 [pool-153-thread-1] INFO  server.RaftServerConfigKeys (ConfUtils.java:logGet(43)) - raft.server.snapshot.auto.trigger.enabled = true (custom)
2019-11-13 20:34:42,515 [pool-153-thread-1] INFO  server.RaftServerConfigKeys (ConfUtils.java:logGet(43)) - raft.server.snapshot.auto.trigger.threshold = 10000 (custom)
2019-11-13 20:34:42,516 [pool-153-thread-1] INFO  server.RaftServerConfigKeys (ConfUtils.java:logGet(43)) - raft.server.snapshot.retention.file.num = 5 (custom)
2019-11-13 20:34:42,516 [pool-153-thread-1] INFO  server.RaftServerConfigKeys (ConfUtils.java:logGet(43)) - raft.server.retrycache.expirytime = 600000ms (custom)
2019-11-13 20:34:42,516 [pool-153-thread-1] WARN  impl.MetricRegistriesImpl (MetricRegistriesImpl.java:lambda$create$1(61)) - First MetricRegistry has been created without registering reporters. You may need to call MetricRegistries.global().addReportRegistration(...) before.
2019-11-13 20:34:42,516 [pool-153-thread-1] WARN  impl.MetricRegistriesImpl (MetricRegistriesImpl.java:lambda$create$1(61)) - First MetricRegistry has been created without registering reporters. You may need to call MetricRegistries.global().addReportRegistration(...) before.
2019-11-13 20:34:42,516 [pool-153-thread-1] INFO  impl.RaftServerImpl (RaftServerImpl.java:start(184)) - a396b6da-9b4a-4217-b353-472b7d1ddb56@group-F576FF0AE710: start as a follower, conf=-1: [a396b6da-9b4a-4217-b353-472b7d1ddb56:192.168.34.20:32811], old=null
2019-11-13 20:34:42,516 [pool-153-thread-1] INFO  impl.RaftServerImpl (RaftServerImpl.java:setRole(173)) - a396b6da-9b4a-4217-b353-472b7d1ddb56@group-F576FF0AE710: changes role from      null to FOLLOWER at term 0 for startAsFollower
2019-11-13 20:34:42,516 [pool-153-thread-1] INFO  impl.RoleInfo (RoleInfo.java:updateAndGet(143)) - a396b6da-9b4a-4217-b353-472b7d1ddb56: start FollowerState
2019-11-13 20:34:42,523 [pool-153-thread-1] INFO  util.JmxRegister (JmxRegister.java:tryRegister(44)) - Successfully registered JMX Bean with object name Ratis:service=RaftServer,group=group-F576FF0AE710,id=a396b6da-9b4a-4217-b353-472b7d1ddb56
2019-11-13 20:34:42,523 [pool-153-thread-1] WARN  impl.MetricRegistriesImpl (MetricRegistriesImpl.java:lambda$create$1(61)) - First MetricRegistry has been created without registering reporters. You may need to call MetricRegistries.global().addReportRegistration(...) before.
2019-11-13 20:34:42,529 [RatisPipelineUtilsThread] INFO  pipeline.PipelineStateManager (PipelineStateManager.java:addPipeline(55)) - Created pipeline Pipeline[ Id: 84ed7d46-7392-41bf-9107-f576ff0ae710, Nodes: a396b6da-9b4a-4217-b353-472b7d1ddb56{ip: 192.168.34.20, host: pr-hdds-2470-fxbl9-3826649461, networkLocation: /default-rack, certSerialId: null}, Type:RATIS, Factor:ONE, State:ALLOCATED]
2019-11-13 20:34:42,530 [Thread-1558] INFO  pipeline.PipelineStateManager (PipelineStateManager.java:finalizePipeline(121)) - Pipeline Pipeline[ Id: 1dd25861-a9e8-463d-b5d6-5d705440d967, Nodes: 83ff406b-cc24-4672-8ad4-94afba27c25e{ip: 192.168.34.20, host: pr-hdds-2470-fxbl9-3826649461, networkLocation: /default-rack, certSerialId: null}, Type:RATIS, Factor:ONE, State:CLOSED] moved to CLOSED state
2019-11-13 20:34:42,534 [grpc-default-executor-3] INFO  impl.RaftServerProxy (RaftServerProxy.java:remove(95)) - 83ff406b-cc24-4672-8ad4-94afba27c25e: remove    LEADER 83ff406b-cc24-4672-8ad4-94afba27c25e@group-5D705440D967:t1, leader=83ff406b-cc24-4672-8ad4-94afba27c25e, voted=83ff406b-cc24-4672-8ad4-94afba27c25e, raftlog=83ff406b-cc24-4672-8ad4-94afba27c25e@group-5D705440D967-SegmentedRaftLog:OPENED:c0,f0,i0, conf=0: [83ff406b-cc24-4672-8ad4-94afba27c25e:192.168.34.20:34460], old=null RUNNING
2019-11-13 20:34:42,534 [grpc-default-executor-3] INFO  impl.RaftServerImpl (RaftServerImpl.java:lambda$shutdown$3(250)) - 83ff406b-cc24-4672-8ad4-94afba27c25e@group-5D705440D967: shutdown
2019-11-13 20:34:42,534 [grpc-default-executor-3] INFO  util.JmxRegister (JmxRegister.java:unregister(73)) - Successfully un-registered JMX Bean with object name Ratis:service=RaftServer,group=group-5D705440D967,id=83ff406b-cc24-4672-8ad4-94afba27c25e
2019-11-13 20:34:42,534 [grpc-default-executor-3] INFO  impl.RoleInfo (RoleInfo.java:shutdownLeaderState(104)) - 83ff406b-cc24-4672-8ad4-94afba27c25e: shutdown LeaderState
2019-11-13 20:34:42,534 [grpc-default-executor-3] INFO  impl.PendingRequests (PendingRequests.java:sendNotLeaderResponses(206)) - 83ff406b-cc24-4672-8ad4-94afba27c25e@group-5D705440D967-PendingRequests: sendNotLeaderResponses
2019-11-13 20:34:42,534 [grpc-default-executor-3] INFO  impl.StateMachineUpdater (StateMachineUpdater.java:stopAndJoin(136)) - 83ff406b-cc24-4672-8ad4-94afba27c25e@group-5D705440D967-StateMachineUpdater: set stopIndex = 0
2019-11-13 20:34:42,535 [grpc-default-executor-3] INFO  impl.RaftServerImpl (ServerState.java:close(387)) - 83ff406b-cc24-4672-8ad4-94afba27c25e@group-5D705440D967: closes. applyIndex: 0
2019-11-13 20:34:42,535 [83ff406b-cc24-4672-8ad4-94afba27c25e@group-5D705440D967-SegmentedRaftLogWorker] INFO  segmented.SegmentedRaftLogWorker (SegmentedRaftLogWorker.java:run(316)) - 83ff406b-cc24-4672-8ad4-94afba27c25e@group-5D705440D967-SegmentedRaftLogWorker was interrupted, exiting. There are 0 tasks remaining in the queue.
2019-11-13 20:34:42,535 [grpc-default-executor-3] INFO  segmented.SegmentedRaftLogWorker (SegmentedRaftLogWorker.java:close(224)) - 83ff406b-cc24-4672-8ad4-94afba27c25e@group-5D705440D967-SegmentedRaftLogWorker close()
2019-11-13 20:34:42,539 [Thread-1558] INFO  pipeline.PipelineStateManager (PipelineStateManager.java:removePipeline(106)) - Pipeline Pipeline[ Id: 1dd25861-a9e8-463d-b5d6-5d705440d967, Nodes: 83ff406b-cc24-4672-8ad4-94afba27c25e{ip: 192.168.34.20, host: pr-hdds-2470-fxbl9-3826649461, networkLocation: /default-rack, certSerialId: null}, Type:RATIS, Factor:ONE, State:CLOSED] removed from db
2019-11-13 20:34:42,539 [Thread-1558] INFO  pipeline.SCMPipelineManager (SCMPipelineManager.java:finalizeAndDestroyPipeline(315)) - destroying pipeline:Pipeline[ Id: 7ff29569-4819-4fff-9d17-974028dcaaa9, Nodes: f7edbf2f-fbe3-4411-b014-7a92b8f685a2{ip: 192.168.34.20, host: pr-hdds-2470-fxbl9-3826649461, networkLocation: /default-rack, certSerialId: null}, Type:RATIS, Factor:ONE, State:OPEN]
2019-11-13 20:34:42,542 [grpc-default-executor-3] INFO  impl.RaftServerProxy (RaftServerProxy.java:addNew(89)) - 83ff406b-cc24-4672-8ad4-94afba27c25e: addNew group-341645E41370:[83ff406b-cc24-4672-8ad4-94afba27c25e:192.168.34.20:34460] returns group-341645E41370:java.util.concurrent.CompletableFuture@c472764[Not completed]
2019-11-13 20:34:42,543 [pool-163-thread-1] INFO  impl.RaftServerImpl (RaftServerImpl.java:<init>(98)) - 83ff406b-cc24-4672-8ad4-94afba27c25e: new RaftServerImpl for group-341645E41370:[83ff406b-cc24-4672-8ad4-94afba27c25e:192.168.34.20:34460] with ContainerStateMachine:uninitialized
2019-11-13 20:34:42,544 [pool-163-thread-1] INFO  server.RaftServerConfigKeys (ConfUtils.java:logGet(43)) - raft.server.rpc.timeout.min = 1s (custom)
2019-11-13 20:34:42,544 [pool-163-thread-1] INFO  server.RaftServerConfigKeys (ConfUtils.java:logGet(43)) - raft.server.rpc.timeout.max = 1200ms (custom)
2019-11-13 20:34:42,544 [pool-163-thread-1] INFO  server.RaftServerConfigKeys (ConfUtils.java:logGet(43)) - raft.server.rpcslowness.timeout = 120s (custom)
2019-11-13 20:34:42,544 [pool-163-thread-1] INFO  server.RaftServerConfigKeys (ConfUtils.java:logGet(43)) - raft.server.sleep.deviation.threshold = 300 (default)
2019-11-13 20:34:42,544 [pool-163-thread-1] INFO  server.RaftServerConfigKeys (ConfUtils.java:logGet(43)) - raft.server.log.appender.install.snapshot.enabled = false (custom)
2019-11-13 20:34:42,544 [pool-163-thread-1] INFO  impl.RaftServerImpl (ServerState.java:<init>(103)) - 83ff406b-cc24-4672-8ad4-94afba27c25e@group-341645E41370: ConfigurationManager, init=-1: [83ff406b-cc24-4672-8ad4-94afba27c25e:192.168.34.20:34460], old=null, confs=<EMPTY_MAP>
2019-11-13 20:34:42,544 [pool-163-thread-1] INFO  server.RaftServerConfigKeys (ConfUtils.java:logGet(43)) - raft.server.storage.dir = [/workdir/hadoop-ozone/integration-test/target/test-dir/MiniOzoneClusterImpl-e028e34c-e788-4356-b3c1-17795b02fdc7/datanode-1/data/ratis] (custom)
2019-11-13 20:34:42,544 [pool-163-thread-1] INFO  server.RaftServerConfigKeys (ConfUtils.java:logGet(43)) - raft.server.log.corruption.policy = EXCEPTION (default)
2019-11-13 20:34:42,545 [pool-163-thread-1] INFO  storage.RaftStorageDirectory (RaftStorageDirectory.java:analyzeStorage(246)) - The storage directory /workdir/hadoop-ozone/integration-test/target/test-dir/MiniOzoneClusterImpl-e028e34c-e788-4356-b3c1-17795b02fdc7/datanode-1/data/ratis/62ed65f1-3bf4-49f8-abba-341645e41370 does not exist. Creating ...
2019-11-13 20:34:42,557 [pool-163-thread-1] INFO  storage.RaftStorageDirectory (RaftStorageDirectory.java:tryLock(328)) - Lock on /workdir/hadoop-ozone/integration-test/target/test-dir/MiniOzoneClusterImpl-e028e34c-e788-4356-b3c1-17795b02fdc7/datanode-1/data/ratis/62ed65f1-3bf4-49f8-abba-341645e41370/in_use.lock acquired by nodename 30323@pr-hdds-2470-fxbl9-3826649461
2019-11-13 20:34:42,583 [pool-163-thread-1] INFO  storage.RaftStorage (RaftStorage.java:format(84)) - Storage directory /workdir/hadoop-ozone/integration-test/target/test-dir/MiniOzoneClusterImpl-e028e34c-e788-4356-b3c1-17795b02fdc7/datanode-1/data/ratis/62ed65f1-3bf4-49f8-abba-341645e41370 has been successfully formatted.
2019-11-13 20:34:42,584 [pool-163-thread-1] INFO  ratis.ContainerStateMachine (ContainerStateMachine.java:loadSnapshot(223)) - group-341645E41370: The snapshot info is null. Setting the last applied indexto:(t:0, i:~)
2019-11-13 20:34:42,584 [pool-163-thread-1] INFO  server.RaftServerConfigKeys (ConfUtils.java:logGet(43)) - raft.server.notification.no-leader.timeout = 120s (custom)
2019-11-13 20:34:42,584 [pool-163-thread-1] INFO  server.RaftServerConfigKeys (ConfUtils.java:logGet(43)) - raft.server.log.use.memory = false (default)
2019-11-13 20:34:42,584 [pool-163-thread-1] INFO  server.RaftServerConfigKeys (ConfUtils.java:logGet(43)) - raft.server.log.purge.gap = 1000000 (custom)
2019-11-13 20:34:42,584 [pool-163-thread-1] INFO  server.RaftServerConfigKeys (ConfUtils.java:logGet(43)) - raft.server.log.appender.buffer.byte-limit = 33554432 (custom)
2019-11-13 20:34:42,584 [pool-163-thread-1] INFO  server.RaftServerConfigKeys (ConfUtils.java:logGet(43)) - raft.server.log.segment.size.max = 1048576 (custom)
2019-11-13 20:34:42,585 [pool-163-thread-1] INFO  server.RaftServerConfigKeys (ConfUtils.java:logGet(43)) - raft.server.log.segment.cache.num.max = 2 (custom)
2019-11-13 20:34:42,585 [pool-163-thread-1] INFO  segmented.SegmentedRaftLogWorker (SegmentedRaftLogWorker.java:<init>(173)) - new 83ff406b-cc24-4672-8ad4-94afba27c25e@group-341645E41370-SegmentedRaftLogWorker for RaftStorage:Storage Directory /workdir/hadoop-ozone/integration-test/target/test-dir/MiniOzoneClusterImpl-e028e34c-e788-4356-b3c1-17795b02fdc7/datanode-1/data/ratis/62ed65f1-3bf4-49f8-abba-341645e41370
2019-11-13 20:34:42,585 [pool-163-thread-1] INFO  server.RaftServerConfigKeys (ConfUtils.java:logGet(43)) - raft.server.log.queue.byte-limit = 2147483647 (custom)
2019-11-13 20:34:42,585 [pool-163-thread-1] INFO  server.RaftServerConfigKeys (ConfUtils.java:logGet(43)) - raft.server.log.queue.element-limit = 1024 (custom)
2019-11-13 20:34:42,585 [pool-163-thread-1] INFO  server.RaftServerConfigKeys (ConfUtils.java:logGet(43)) - raft.server.log.segment.size.max = 1048576 (custom)
2019-11-13 20:34:42,585 [pool-163-thread-1] INFO  server.RaftServerConfigKeys (ConfUtils.java:logGet(43)) - raft.server.log.preallocated.size = 16384 (custom)
2019-11-13 20:34:42,585 [pool-163-thread-1] INFO  server.RaftServerConfigKeys (ConfUtils.java:logGet(43)) - raft.server.log.write.buffer.size = 33554432 (custom)
2019-11-13 20:34:42,585 [pool-163-thread-1] INFO  server.RaftServerConfigKeys (ConfUtils.java:logGet(43)) - raft.server.log.force.sync.num = 128 (default)
2019-11-13 20:34:42,586 [pool-163-thread-1] INFO  server.RaftServerConfigKeys (ConfUtils.java:logGet(43)) - raft.server.log.statemachine.data.sync = true (default)
2019-11-13 20:34:42,586 [pool-163-thread-1] INFO  server.RaftServerConfigKeys (ConfUtils.java:logGet(43)) - raft.server.log.statemachine.data.sync.timeout = 10s (default)
2019-11-13 20:34:42,586 [pool-163-thread-1] INFO  server.RaftServerConfigKeys (ConfUtils.java:logGet(43)) - raft.server.log.statemachine.data.sync.timeout.retry = -1 (default)
2019-11-13 20:34:42,586 [pool-163-thread-1] INFO  server.RaftServerConfigKeys (ConfUtils.java:logGet(43)) - raft.server.log.statemachine.data.caching.enabled = true (custom)
2019-11-13 20:34:42,586 [pool-163-thread-1] INFO  segmented.SegmentedRaftLogWorker (SegmentedRaftLogWorker.java:lambda$new$0(128)) - 83ff406b-cc24-4672-8ad4-94afba27c25e@group-341645E41370-SegmentedRaftLogWorker: flushIndex: setUnconditionally 0 -> -1
2019-11-13 20:34:42,587 [pool-163-thread-1] INFO  server.RaftServerConfigKeys (ConfUtils.java:logGet(43)) - raft.server.snapshot.auto.trigger.enabled = true (custom)
2019-11-13 20:34:42,587 [pool-163-thread-1] INFO  server.RaftServerConfigKeys (ConfUtils.java:logGet(43)) - raft.server.snapshot.auto.trigger.threshold = 10000 (custom)
2019-11-13 20:34:42,587 [pool-163-thread-1] INFO  server.RaftServerConfigKeys (ConfUtils.java:logGet(43)) - raft.server.snapshot.retention.file.num = 5 (custom)
2019-11-13 20:34:42,587 [pool-163-thread-1] INFO  server.RaftServerConfigKeys (ConfUtils.java:logGet(43)) - raft.server.retrycache.expirytime = 600000ms (custom)
2019-11-13 20:34:42,587 [pool-163-thread-1] WARN  impl.MetricRegistriesImpl (MetricRegistriesImpl.java:lambda$create$1(61)) - First MetricRegistry has been created without registering reporters. You may need to call MetricRegistries.global().addReportRegistration(...) before.
2019-11-13 20:34:42,587 [pool-163-thread-1] WARN  impl.MetricRegistriesImpl (MetricRegistriesImpl.java:lambda$create$1(61)) - First MetricRegistry has been created without registering reporters. You may need to call MetricRegistries.global().addReportRegistration(...) before.
2019-11-13 20:34:42,588 [pool-163-thread-1] INFO  impl.RaftServerImpl (RaftServerImpl.java:start(184)) - 83ff406b-cc24-4672-8ad4-94afba27c25e@group-341645E41370: start as a follower, conf=-1: [83ff406b-cc24-4672-8ad4-94afba27c25e:192.168.34.20:34460], old=null
2019-11-13 20:34:42,588 [pool-163-thread-1] INFO  impl.RaftServerImpl (RaftServerImpl.java:setRole(173)) - 83ff406b-cc24-4672-8ad4-94afba27c25e@group-341645E41370: changes role from      null to FOLLOWER at term 0 for startAsFollower
2019-11-13 20:34:42,588 [pool-163-thread-1] INFO  impl.RoleInfo (RoleInfo.java:updateAndGet(143)) - 83ff406b-cc24-4672-8ad4-94afba27c25e: start FollowerState
2019-11-13 20:34:42,588 [pool-163-thread-1] INFO  util.JmxRegister (JmxRegister.java:tryRegister(44)) - Successfully registered JMX Bean with object name Ratis:service=RaftServer,group=group-341645E41370,id=83ff406b-cc24-4672-8ad4-94afba27c25e
2019-11-13 20:34:42,588 [pool-163-thread-1] WARN  impl.MetricRegistriesImpl (MetricRegistriesImpl.java:lambda$create$1(61)) - First MetricRegistry has been created without registering reporters. You may need to call MetricRegistries.global().addReportRegistration(...) before.
2019-11-13 20:34:42,591 [RatisPipelineUtilsThread] INFO  pipeline.PipelineStateManager (PipelineStateManager.java:addPipeline(55)) - Created pipeline Pipeline[ Id: 62ed65f1-3bf4-49f8-abba-341645e41370, Nodes: 83ff406b-cc24-4672-8ad4-94afba27c25e{ip: 192.168.34.20, host: pr-hdds-2470-fxbl9-3826649461, networkLocation: /default-rack, certSerialId: null}, Type:RATIS, Factor:ONE, State:ALLOCATED]
2019-11-13 20:34:42,591 [Thread-1558] INFO  pipeline.PipelineStateManager (PipelineStateManager.java:finalizePipeline(121)) - Pipeline Pipeline[ Id: 7ff29569-4819-4fff-9d17-974028dcaaa9, Nodes: f7edbf2f-fbe3-4411-b014-7a92b8f685a2{ip: 192.168.34.20, host: pr-hdds-2470-fxbl9-3826649461, networkLocation: /default-rack, certSerialId: null}, Type:RATIS, Factor:ONE, State:CLOSED] moved to CLOSED state
2019-11-13 20:34:42,594 [grpc-default-executor-3] INFO  impl.RaftServerProxy (RaftServerProxy.java:remove(95)) - f7edbf2f-fbe3-4411-b014-7a92b8f685a2: remove    LEADER f7edbf2f-fbe3-4411-b014-7a92b8f685a2@group-974028DCAAA9:t1, leader=f7edbf2f-fbe3-4411-b014-7a92b8f685a2, voted=f7edbf2f-fbe3-4411-b014-7a92b8f685a2, raftlog=f7edbf2f-fbe3-4411-b014-7a92b8f685a2@group-974028DCAAA9-SegmentedRaftLog:OPENED:c0,f0,i0, conf=0: [f7edbf2f-fbe3-4411-b014-7a92b8f685a2:192.168.34.20:37057], old=null RUNNING
2019-11-13 20:34:42,595 [grpc-default-executor-3] INFO  impl.RaftServerImpl (RaftServerImpl.java:lambda$shutdown$3(250)) - f7edbf2f-fbe3-4411-b014-7a92b8f685a2@group-974028DCAAA9: shutdown
2019-11-13 20:34:42,595 [grpc-default-executor-3] INFO  util.JmxRegister (JmxRegister.java:unregister(73)) - Successfully un-registered JMX Bean with object name Ratis:service=RaftServer,group=group-974028DCAAA9,id=f7edbf2f-fbe3-4411-b014-7a92b8f685a2
2019-11-13 20:34:42,595 [grpc-default-executor-3] INFO  impl.RoleInfo (RoleInfo.java:shutdownLeaderState(104)) - f7edbf2f-fbe3-4411-b014-7a92b8f685a2: shutdown LeaderState
2019-11-13 20:34:42,595 [grpc-default-executor-3] INFO  impl.PendingRequests (PendingRequests.java:sendNotLeaderResponses(206)) - f7edbf2f-fbe3-4411-b014-7a92b8f685a2@group-974028DCAAA9-PendingRequests: sendNotLeaderResponses
2019-11-13 20:34:42,595 [grpc-default-executor-3] INFO  impl.StateMachineUpdater (StateMachineUpdater.java:stopAndJoin(136)) - f7edbf2f-fbe3-4411-b014-7a92b8f685a2@group-974028DCAAA9-StateMachineUpdater: set stopIndex = 0
2019-11-13 20:34:42,595 [grpc-default-executor-3] INFO  impl.RaftServerImpl (ServerState.java:close(387)) - f7edbf2f-fbe3-4411-b014-7a92b8f685a2@group-974028DCAAA9: closes. applyIndex: 0
2019-11-13 20:34:42,596 [f7edbf2f-fbe3-4411-b014-7a92b8f685a2@group-974028DCAAA9-SegmentedRaftLogWorker] INFO  segmented.SegmentedRaftLogWorker (SegmentedRaftLogWorker.java:run(316)) - f7edbf2f-fbe3-4411-b014-7a92b8f685a2@group-974028DCAAA9-SegmentedRaftLogWorker was interrupted, exiting. There are 0 tasks remaining in the queue.
2019-11-13 20:34:42,596 [grpc-default-executor-3] INFO  segmented.SegmentedRaftLogWorker (SegmentedRaftLogWorker.java:close(224)) - f7edbf2f-fbe3-4411-b014-7a92b8f685a2@group-974028DCAAA9-SegmentedRaftLogWorker close()
2019-11-13 20:34:42,600 [Thread-1558] INFO  pipeline.PipelineStateManager (PipelineStateManager.java:removePipeline(106)) - Pipeline Pipeline[ Id: 7ff29569-4819-4fff-9d17-974028dcaaa9, Nodes: f7edbf2f-fbe3-4411-b014-7a92b8f685a2{ip: 192.168.34.20, host: pr-hdds-2470-fxbl9-3826649461, networkLocation: /default-rack, certSerialId: null}, Type:RATIS, Factor:ONE, State:CLOSED] removed from db
2019-11-13 20:34:42,606 [grpc-default-executor-3] INFO  impl.RaftServerProxy (RaftServerProxy.java:addNew(89)) - f7edbf2f-fbe3-4411-b014-7a92b8f685a2: addNew group-389DA800A9FF:[f7edbf2f-fbe3-4411-b014-7a92b8f685a2:192.168.34.20:37057] returns group-389DA800A9FF:java.util.concurrent.CompletableFuture@6dda9fa9[Not completed]
2019-11-13 20:34:42,607 [pool-193-thread-1] INFO  impl.RaftServerImpl (RaftServerImpl.java:<init>(98)) - f7edbf2f-fbe3-4411-b014-7a92b8f685a2: new RaftServerImpl for group-389DA800A9FF:[f7edbf2f-fbe3-4411-b014-7a92b8f685a2:192.168.34.20:37057] with ContainerStateMachine:uninitialized
2019-11-13 20:34:42,607 [pool-193-thread-1] INFO  server.RaftServerConfigKeys (ConfUtils.java:logGet(43)) - raft.server.rpc.timeout.min = 1s (custom)
2019-11-13 20:34:42,607 [pool-193-thread-1] INFO  server.RaftServerConfigKeys (ConfUtils.java:logGet(43)) - raft.server.rpc.timeout.max = 1200ms (custom)
2019-11-13 20:34:42,608 [pool-193-thread-1] INFO  server.RaftServerConfigKeys (ConfUtils.java:logGet(43)) - raft.server.rpcslowness.timeout = 120s (custom)
2019-11-13 20:34:42,608 [pool-193-thread-1] INFO  server.RaftServerConfigKeys (ConfUtils.java:logGet(43)) - raft.server.sleep.deviation.threshold = 300 (default)
2019-11-13 20:34:42,608 [pool-193-thread-1] INFO  server.RaftServerConfigKeys (ConfUtils.java:logGet(43)) - raft.server.log.appender.install.snapshot.enabled = false (custom)
2019-11-13 20:34:42,608 [pool-193-thread-1] INFO  impl.RaftServerImpl (ServerState.java:<init>(103)) - f7edbf2f-fbe3-4411-b014-7a92b8f685a2@group-389DA800A9FF: ConfigurationManager, init=-1: [f7edbf2f-fbe3-4411-b014-7a92b8f685a2:192.168.34.20:37057], old=null, confs=<EMPTY_MAP>
2019-11-13 20:34:42,608 [pool-193-thread-1] INFO  server.RaftServerConfigKeys (ConfUtils.java:logGet(43)) - raft.server.storage.dir = [/workdir/hadoop-ozone/integration-test/target/test-dir/MiniOzoneClusterImpl-e028e34c-e788-4356-b3c1-17795b02fdc7/datanode-4/data/ratis] (custom)
2019-11-13 20:34:42,608 [pool-193-thread-1] INFO  server.RaftServerConfigKeys (ConfUtils.java:logGet(43)) - raft.server.log.corruption.policy = EXCEPTION (default)
2019-11-13 20:34:42,609 [pool-193-thread-1] INFO  storage.RaftStorageDirectory (RaftStorageDirectory.java:analyzeStorage(246)) - The storage directory /workdir/hadoop-ozone/integration-test/target/test-dir/MiniOzoneClusterImpl-e028e34c-e788-4356-b3c1-17795b02fdc7/datanode-4/data/ratis/d8c25652-de3b-4cd7-b3bc-389da800a9ff does not exist. Creating ...
2019-11-13 20:34:42,621 [pool-193-thread-1] INFO  storage.RaftStorageDirectory (RaftStorageDirectory.java:tryLock(328)) - Lock on /workdir/hadoop-ozone/integration-test/target/test-dir/MiniOzoneClusterImpl-e028e34c-e788-4356-b3c1-17795b02fdc7/datanode-4/data/ratis/d8c25652-de3b-4cd7-b3bc-389da800a9ff/in_use.lock acquired by nodename 30323@pr-hdds-2470-fxbl9-3826649461
2019-11-13 20:34:42,635 [pool-193-thread-1] INFO  storage.RaftStorage (RaftStorage.java:format(84)) - Storage directory /workdir/hadoop-ozone/integration-test/target/test-dir/MiniOzoneClusterImpl-e028e34c-e788-4356-b3c1-17795b02fdc7/datanode-4/data/ratis/d8c25652-de3b-4cd7-b3bc-389da800a9ff has been successfully formatted.
2019-11-13 20:34:42,635 [pool-193-thread-1] INFO  ratis.ContainerStateMachine (ContainerStateMachine.java:loadSnapshot(223)) - group-389DA800A9FF: The snapshot info is null. Setting the last applied indexto:(t:0, i:~)
2019-11-13 20:34:42,635 [pool-193-thread-1] INFO  server.RaftServerConfigKeys (ConfUtils.java:logGet(43)) - raft.server.notification.no-leader.timeout = 120s (custom)
2019-11-13 20:34:42,636 [pool-193-thread-1] INFO  server.RaftServerConfigKeys (ConfUtils.java:logGet(43)) - raft.server.log.use.memory = false (default)
2019-11-13 20:34:42,636 [pool-193-thread-1] INFO  server.RaftServerConfigKeys (ConfUtils.java:logGet(43)) - raft.server.log.purge.gap = 1000000 (custom)
2019-11-13 20:34:42,636 [pool-193-thread-1] INFO  server.RaftServerConfigKeys (ConfUtils.java:logGet(43)) - raft.server.log.appender.buffer.byte-limit = 33554432 (custom)
2019-11-13 20:34:42,636 [pool-193-thread-1] INFO  server.RaftServerConfigKeys (ConfUtils.java:logGet(43)) - raft.server.log.segment.size.max = 1048576 (custom)
2019-11-13 20:34:42,636 [pool-193-thread-1] INFO  server.RaftServerConfigKeys (ConfUtils.java:logGet(43)) - raft.server.log.segment.cache.num.max = 2 (custom)
2019-11-13 20:34:42,636 [pool-193-thread-1] INFO  segmented.SegmentedRaftLogWorker (SegmentedRaftLogWorker.java:<init>(173)) - new f7edbf2f-fbe3-4411-b014-7a92b8f685a2@group-389DA800A9FF-SegmentedRaftLogWorker for RaftStorage:Storage Directory /workdir/hadoop-ozone/integration-test/target/test-dir/MiniOzoneClusterImpl-e028e34c-e788-4356-b3c1-17795b02fdc7/datanode-4/data/ratis/d8c25652-de3b-4cd7-b3bc-389da800a9ff
2019-11-13 20:34:42,636 [pool-193-thread-1] INFO  server.RaftServerConfigKeys (ConfUtils.java:logGet(43)) - raft.server.log.queue.byte-limit = 2147483647 (custom)
2019-11-13 20:34:42,636 [pool-193-thread-1] INFO  server.RaftServerConfigKeys (ConfUtils.java:logGet(43)) - raft.server.log.queue.element-limit = 1024 (custom)
2019-11-13 20:34:42,636 [pool-193-thread-1] INFO  server.RaftServerConfigKeys (ConfUtils.java:logGet(43)) - raft.server.log.segment.size.max = 1048576 (custom)
2019-11-13 20:34:42,637 [pool-193-thread-1] INFO  server.RaftServerConfigKeys (ConfUtils.java:logGet(43)) - raft.server.log.preallocated.size = 16384 (custom)
2019-11-13 20:34:42,637 [pool-193-thread-1] INFO  server.RaftServerConfigKeys (ConfUtils.java:logGet(43)) - raft.server.log.write.buffer.size = 33554432 (custom)
2019-11-13 20:34:42,637 [pool-193-thread-1] INFO  server.RaftServerConfigKeys (ConfUtils.java:logGet(43)) - raft.server.log.force.sync.num = 128 (default)
2019-11-13 20:34:42,637 [pool-193-thread-1] INFO  server.RaftServerConfigKeys (ConfUtils.java:logGet(43)) - raft.server.log.statemachine.data.sync = true (default)
2019-11-13 20:34:42,637 [pool-193-thread-1] INFO  server.RaftServerConfigKeys (ConfUtils.java:logGet(43)) - raft.server.log.statemachine.data.sync.timeout = 10s (default)
2019-11-13 20:34:42,637 [pool-193-thread-1] INFO  server.RaftServerConfigKeys (ConfUtils.java:logGet(43)) - raft.server.log.statemachine.data.sync.timeout.retry = -1 (default)
2019-11-13 20:34:42,637 [pool-193-thread-1] INFO  server.RaftServerConfigKeys (ConfUtils.java:logGet(43)) - raft.server.log.statemachine.data.caching.enabled = true (custom)
2019-11-13 20:34:42,638 [pool-193-thread-1] INFO  segmented.SegmentedRaftLogWorker (SegmentedRaftLogWorker.java:lambda$new$0(128)) - f7edbf2f-fbe3-4411-b014-7a92b8f685a2@group-389DA800A9FF-SegmentedRaftLogWorker: flushIndex: setUnconditionally 0 -> -1
2019-11-13 20:34:42,638 [pool-193-thread-1] INFO  server.RaftServerConfigKeys (ConfUtils.java:logGet(43)) - raft.server.snapshot.auto.trigger.enabled = true (custom)
2019-11-13 20:34:42,638 [pool-193-thread-1] INFO  server.RaftServerConfigKeys (ConfUtils.java:logGet(43)) - raft.server.snapshot.auto.trigger.threshold = 10000 (custom)
2019-11-13 20:34:42,638 [pool-193-thread-1] INFO  server.RaftServerConfigKeys (ConfUtils.java:logGet(43)) - raft.server.snapshot.retention.file.num = 5 (custom)
2019-11-13 20:34:42,638 [pool-193-thread-1] INFO  server.RaftServerConfigKeys (ConfUtils.java:logGet(43)) - raft.server.retrycache.expirytime = 600000ms (custom)
2019-11-13 20:34:42,638 [pool-193-thread-1] WARN  impl.MetricRegistriesImpl (MetricRegistriesImpl.java:lambda$create$1(61)) - First MetricRegistry has been created without registering reporters. You may need to call MetricRegistries.global().addReportRegistration(...) before.
2019-11-13 20:34:42,639 [pool-193-thread-1] WARN  impl.MetricRegistriesImpl (MetricRegistriesImpl.java:lambda$create$1(61)) - First MetricRegistry has been created without registering reporters. You may need to call MetricRegistries.global().addReportRegistration(...) before.
2019-11-13 20:34:42,639 [pool-193-thread-1] INFO  impl.RaftServerImpl (RaftServerImpl.java:start(184)) - f7edbf2f-fbe3-4411-b014-7a92b8f685a2@group-389DA800A9FF: start as a follower, conf=-1: [f7edbf2f-fbe3-4411-b014-7a92b8f685a2:192.168.34.20:37057], old=null
2019-11-13 20:34:42,639 [pool-193-thread-1] INFO  impl.RaftServerImpl (RaftServerImpl.java:setRole(173)) - f7edbf2f-fbe3-4411-b014-7a92b8f685a2@group-389DA800A9FF: changes role from      null to FOLLOWER at term 0 for startAsFollower
2019-11-13 20:34:42,639 [pool-193-thread-1] INFO  impl.RoleInfo (RoleInfo.java:updateAndGet(143)) - f7edbf2f-fbe3-4411-b014-7a92b8f685a2: start FollowerState
2019-11-13 20:34:42,639 [pool-193-thread-1] INFO  util.JmxRegister (JmxRegister.java:tryRegister(44)) - Successfully registered JMX Bean with object name Ratis:service=RaftServer,group=group-389DA800A9FF,id=f7edbf2f-fbe3-4411-b014-7a92b8f685a2
2019-11-13 20:34:42,639 [pool-193-thread-1] WARN  impl.MetricRegistriesImpl (MetricRegistriesImpl.java:lambda$create$1(61)) - First MetricRegistry has been created without registering reporters. You may need to call MetricRegistries.global().addReportRegistration(...) before.
2019-11-13 20:34:42,641 [RatisPipelineUtilsThread] INFO  pipeline.PipelineStateManager (PipelineStateManager.java:addPipeline(55)) - Created pipeline Pipeline[ Id: d8c25652-de3b-4cd7-b3bc-389da800a9ff, Nodes: f7edbf2f-fbe3-4411-b014-7a92b8f685a2{ip: 192.168.34.20, host: pr-hdds-2470-fxbl9-3826649461, networkLocation: /default-rack, certSerialId: null}, Type:RATIS, Factor:ONE, State:ALLOCATED]
2019-11-13 20:34:43,211 [main] WARN  scm.XceiverClientRatis (XceiverClientRatis.java:watchForCommit(277)) - 3 way commit failed on pipeline Pipeline[ Id: 6da67883-c009-4c48-90da-88d3247c8c25, Nodes: f7edbf2f-fbe3-4411-b014-7a92b8f685a2{ip: 192.168.34.20, host: pr-hdds-2470-fxbl9-3826649461, networkLocation: /default-rack, certSerialId: null}5947ecff-de41-4703-8b6b-2a362119c64b{ip: 192.168.34.20, host: pr-hdds-2470-fxbl9-3826649461, networkLocation: /default-rack, certSerialId: null}5fef94be-3335-41aa-8a3e-dfaf501cab3b{ip: 192.168.34.20, host: pr-hdds-2470-fxbl9-3826649461, networkLocation: /default-rack, certSerialId: null}, Type:RATIS, Factor:THREE, State:OPEN]
java.util.concurrent.ExecutionException: org.apache.ratis.protocol.GroupMismatchException: 5947ecff-de41-4703-8b6b-2a362119c64b: group-88D3247C8C25 not found.
	at java.util.concurrent.CompletableFuture.reportGet(CompletableFuture.java:357)
	at java.util.concurrent.CompletableFuture.get(CompletableFuture.java:1915)
	at org.apache.hadoop.hdds.scm.XceiverClientRatis.watchForCommit(XceiverClientRatis.java:274)
	at org.apache.hadoop.hdds.scm.storage.CommitWatcher.watchForCommit(CommitWatcher.java:198)
	at org.apache.hadoop.hdds.scm.storage.CommitWatcher.watchOnFirstIndex(CommitWatcher.java:137)
	at org.apache.hadoop.hdds.scm.storage.BlockOutputStream.watchForCommit(BlockOutputStream.java:346)
	at org.apache.hadoop.hdds.scm.storage.BlockOutputStream.handleFullBuffer(BlockOutputStream.java:323)
	at org.apache.hadoop.hdds.scm.storage.BlockOutputStream.write(BlockOutputStream.java:250)
	at org.apache.hadoop.ozone.client.io.BlockOutputStreamEntry.write(BlockOutputStreamEntry.java:129)
	at org.apache.hadoop.ozone.client.io.KeyOutputStream.handleWrite(KeyOutputStream.java:208)
	at org.apache.hadoop.ozone.client.io.KeyOutputStream.write(KeyOutputStream.java:190)
	at org.apache.hadoop.ozone.client.io.OzoneOutputStream.write(OzoneOutputStream.java:49)
	at java.io.OutputStream.write(OutputStream.java:75)
	at org.apache.hadoop.ozone.client.rpc.TestMultiBlockWritesWithDnFailures.testMultiBlockWritesWithDnFailures(TestMultiBlockWritesWithDnFailures.java:123)
	at sun.reflect.NativeMethodAccessorImpl.invoke0(Native Method)
	at sun.reflect.NativeMethodAccessorImpl.invoke(NativeMethodAccessorImpl.java:62)
	at sun.reflect.DelegatingMethodAccessorImpl.invoke(DelegatingMethodAccessorImpl.java:43)
	at java.lang.reflect.Method.invoke(Method.java:498)
	at org.junit.runners.model.FrameworkMethod$1.runReflectiveCall(FrameworkMethod.java:47)
	at org.junit.internal.runners.model.ReflectiveCallable.run(ReflectiveCallable.java:12)
	at org.junit.runners.model.FrameworkMethod.invokeExplosively(FrameworkMethod.java:44)
	at org.junit.internal.runners.statements.InvokeMethod.evaluate(InvokeMethod.java:17)
	at org.junit.internal.runners.statements.RunAfters.evaluate(RunAfters.java:27)
	at org.junit.runners.ParentRunner.runLeaf(ParentRunner.java:271)
	at org.junit.runners.BlockJUnit4ClassRunner.runChild(BlockJUnit4ClassRunner.java:70)
	at org.junit.runners.BlockJUnit4ClassRunner.runChild(BlockJUnit4ClassRunner.java:50)
	at org.junit.runners.ParentRunner$3.run(ParentRunner.java:238)
	at org.junit.runners.ParentRunner$1.schedule(ParentRunner.java:63)
	at org.junit.runners.ParentRunner.runChildren(ParentRunner.java:236)
	at org.junit.runners.ParentRunner.access$000(ParentRunner.java:53)
	at org.junit.runners.ParentRunner$2.evaluate(ParentRunner.java:229)
	at org.junit.runners.ParentRunner.run(ParentRunner.java:309)
	at org.apache.maven.surefire.junit4.JUnit4Provider.execute(JUnit4Provider.java:365)
	at org.apache.maven.surefire.junit4.JUnit4Provider.executeWithRerun(JUnit4Provider.java:273)
	at org.apache.maven.surefire.junit4.JUnit4Provider.executeTestSet(JUnit4Provider.java:238)
	at org.apache.maven.surefire.junit4.JUnit4Provider.invoke(JUnit4Provider.java:159)
	at org.apache.maven.surefire.booter.ForkedBooter.invokeProviderInSameClassLoader(ForkedBooter.java:384)
	at org.apache.maven.surefire.booter.ForkedBooter.runSuitesInProcess(ForkedBooter.java:345)
	at org.apache.maven.surefire.booter.ForkedBooter.execute(ForkedBooter.java:126)
	at org.apache.maven.surefire.booter.ForkedBooter.main(ForkedBooter.java:418)
Caused by: org.apache.ratis.protocol.GroupMismatchException: 5947ecff-de41-4703-8b6b-2a362119c64b: group-88D3247C8C25 not found.
	at org.apache.ratis.server.impl.RaftServerProxy$ImplMap.get(RaftServerProxy.java:122)
	at org.apache.ratis.server.impl.RaftServerProxy.getImplFuture(RaftServerProxy.java:269)
	at org.apache.ratis.server.impl.RaftServerProxy.submitRequest(RaftServerProxy.java:327)
	at org.apache.ratis.server.impl.RaftServerProxy.submitClientRequestAsync(RaftServerProxy.java:333)
	at org.apache.ratis.grpc.client.GrpcClientProtocolService$RequestStreamObserver.processClientRequest(GrpcClientProtocolService.java:221)
	at org.apache.ratis.grpc.client.GrpcClientProtocolService$UnorderedRequestStreamObserver.processClientRequest(GrpcClientProtocolService.java:277)
	at org.apache.ratis.grpc.client.GrpcClientProtocolService$RequestStreamObserver.onNext(GrpcClientProtocolService.java:241)
	at org.apache.ratis.grpc.client.GrpcClientProtocolService$RequestStreamObserver.onNext(GrpcClientProtocolService.java:168)
	at org.apache.ratis.thirdparty.io.grpc.stub.ServerCalls$StreamingServerCallHandler$StreamingServerCallListener.onMessage(ServerCalls.java:248)
	at org.apache.ratis.thirdparty.io.grpc.internal.ServerCallImpl$ServerStreamListenerImpl.messagesAvailable(ServerCallImpl.java:263)
	at org.apache.ratis.thirdparty.io.grpc.internal.ServerImpl$JumpToApplicationThreadServerStreamListener$1MessagesAvailable.runInContext(ServerImpl.java:686)
	at org.apache.ratis.thirdparty.io.grpc.internal.ContextRunnable.run(ContextRunnable.java:37)
	at org.apache.ratis.thirdparty.io.grpc.internal.SerializingExecutor.run(SerializingExecutor.java:123)
	at java.util.concurrent.ThreadPoolExecutor.runWorker(ThreadPoolExecutor.java:1149)
	at java.util.concurrent.ThreadPoolExecutor$Worker.run(ThreadPoolExecutor.java:624)
	at java.lang.Thread.run(Thread.java:748)
2019-11-13 20:34:43,212 [main] WARN  storage.CommitWatcher (CommitWatcher.java:watchForCommit(207)) - watchForCommit failed for index 8
java.util.concurrent.ExecutionException: org.apache.ratis.protocol.GroupMismatchException: 5947ecff-de41-4703-8b6b-2a362119c64b: group-88D3247C8C25 not found.
	at java.util.concurrent.CompletableFuture.reportGet(CompletableFuture.java:357)
	at java.util.concurrent.CompletableFuture.get(CompletableFuture.java:1915)
	at org.apache.hadoop.hdds.scm.XceiverClientRatis.watchForCommit(XceiverClientRatis.java:274)
	at org.apache.hadoop.hdds.scm.storage.CommitWatcher.watchForCommit(CommitWatcher.java:198)
	at org.apache.hadoop.hdds.scm.storage.CommitWatcher.watchOnFirstIndex(CommitWatcher.java:137)
	at org.apache.hadoop.hdds.scm.storage.BlockOutputStream.watchForCommit(BlockOutputStream.java:346)
	at org.apache.hadoop.hdds.scm.storage.BlockOutputStream.handleFullBuffer(BlockOutputStream.java:323)
	at org.apache.hadoop.hdds.scm.storage.BlockOutputStream.write(BlockOutputStream.java:250)
	at org.apache.hadoop.ozone.client.io.BlockOutputStreamEntry.write(BlockOutputStreamEntry.java:129)
	at org.apache.hadoop.ozone.client.io.KeyOutputStream.handleWrite(KeyOutputStream.java:208)
	at org.apache.hadoop.ozone.client.io.KeyOutputStream.write(KeyOutputStream.java:190)
	at org.apache.hadoop.ozone.client.io.OzoneOutputStream.write(OzoneOutputStream.java:49)
	at java.io.OutputStream.write(OutputStream.java:75)
	at org.apache.hadoop.ozone.client.rpc.TestMultiBlockWritesWithDnFailures.testMultiBlockWritesWithDnFailures(TestMultiBlockWritesWithDnFailures.java:123)
	at sun.reflect.NativeMethodAccessorImpl.invoke0(Native Method)
	at sun.reflect.NativeMethodAccessorImpl.invoke(NativeMethodAccessorImpl.java:62)
	at sun.reflect.DelegatingMethodAccessorImpl.invoke(DelegatingMethodAccessorImpl.java:43)
	at java.lang.reflect.Method.invoke(Method.java:498)
	at org.junit.runners.model.FrameworkMethod$1.runReflectiveCall(FrameworkMethod.java:47)
	at org.junit.internal.runners.model.ReflectiveCallable.run(ReflectiveCallable.java:12)
	at org.junit.runners.model.FrameworkMethod.invokeExplosively(FrameworkMethod.java:44)
	at org.junit.internal.runners.statements.InvokeMethod.evaluate(InvokeMethod.java:17)
	at org.junit.internal.runners.statements.RunAfters.evaluate(RunAfters.java:27)
	at org.junit.runners.ParentRunner.runLeaf(ParentRunner.java:271)
	at org.junit.runners.BlockJUnit4ClassRunner.runChild(BlockJUnit4ClassRunner.java:70)
	at org.junit.runners.BlockJUnit4ClassRunner.runChild(BlockJUnit4ClassRunner.java:50)
	at org.junit.runners.ParentRunner$3.run(ParentRunner.java:238)
	at org.junit.runners.ParentRunner$1.schedule(ParentRunner.java:63)
	at org.junit.runners.ParentRunner.runChildren(ParentRunner.java:236)
	at org.junit.runners.ParentRunner.access$000(ParentRunner.java:53)
	at org.junit.runners.ParentRunner$2.evaluate(ParentRunner.java:229)
	at org.junit.runners.ParentRunner.run(ParentRunner.java:309)
	at org.apache.maven.surefire.junit4.JUnit4Provider.execute(JUnit4Provider.java:365)
	at org.apache.maven.surefire.junit4.JUnit4Provider.executeWithRerun(JUnit4Provider.java:273)
	at org.apache.maven.surefire.junit4.JUnit4Provider.executeTestSet(JUnit4Provider.java:238)
	at org.apache.maven.surefire.junit4.JUnit4Provider.invoke(JUnit4Provider.java:159)
	at org.apache.maven.surefire.booter.ForkedBooter.invokeProviderInSameClassLoader(ForkedBooter.java:384)
	at org.apache.maven.surefire.booter.ForkedBooter.runSuitesInProcess(ForkedBooter.java:345)
	at org.apache.maven.surefire.booter.ForkedBooter.execute(ForkedBooter.java:126)
	at org.apache.maven.surefire.booter.ForkedBooter.main(ForkedBooter.java:418)
Caused by: org.apache.ratis.protocol.GroupMismatchException: 5947ecff-de41-4703-8b6b-2a362119c64b: group-88D3247C8C25 not found.
	at org.apache.ratis.server.impl.RaftServerProxy$ImplMap.get(RaftServerProxy.java:122)
	at org.apache.ratis.server.impl.RaftServerProxy.getImplFuture(RaftServerProxy.java:269)
	at org.apache.ratis.server.impl.RaftServerProxy.submitRequest(RaftServerProxy.java:327)
	at org.apache.ratis.server.impl.RaftServerProxy.submitClientRequestAsync(RaftServerProxy.java:333)
	at org.apache.ratis.grpc.client.GrpcClientProtocolService$RequestStreamObserver.processClientRequest(GrpcClientProtocolService.java:221)
	at org.apache.ratis.grpc.client.GrpcClientProtocolService$UnorderedRequestStreamObserver.processClientRequest(GrpcClientProtocolService.java:277)
	at org.apache.ratis.grpc.client.GrpcClientProtocolService$RequestStreamObserver.onNext(GrpcClientProtocolService.java:241)
	at org.apache.ratis.grpc.client.GrpcClientProtocolService$RequestStreamObserver.onNext(GrpcClientProtocolService.java:168)
	at org.apache.ratis.thirdparty.io.grpc.stub.ServerCalls$StreamingServerCallHandler$StreamingServerCallListener.onMessage(ServerCalls.java:248)
	at org.apache.ratis.thirdparty.io.grpc.internal.ServerCallImpl$ServerStreamListenerImpl.messagesAvailable(ServerCallImpl.java:263)
	at org.apache.ratis.thirdparty.io.grpc.internal.ServerImpl$JumpToApplicationThreadServerStreamListener$1MessagesAvailable.runInContext(ServerImpl.java:686)
	at org.apache.ratis.thirdparty.io.grpc.internal.ContextRunnable.run(ContextRunnable.java:37)
	at org.apache.ratis.thirdparty.io.grpc.internal.SerializingExecutor.run(SerializingExecutor.java:123)
	at java.util.concurrent.ThreadPoolExecutor.runWorker(ThreadPoolExecutor.java:1149)
	at java.util.concurrent.ThreadPoolExecutor$Worker.run(ThreadPoolExecutor.java:624)
	at java.lang.Thread.run(Thread.java:748)
2019-11-13 20:34:43,213 [main] WARN  io.KeyOutputStream (KeyOutputStream.java:handleException(274)) - Encountered exception java.io.IOException: Unexpected Storage Container Exception: java.io.IOException: Unexpected Storage Container Exception: java.util.concurrent.ExecutionException: org.apache.ratis.protocol.GroupMismatchException: 5947ecff-de41-4703-8b6b-2a362119c64b: group-88D3247C8C25 not found. on the pipeline Pipeline[ Id: 6da67883-c009-4c48-90da-88d3247c8c25, Nodes: f7edbf2f-fbe3-4411-b014-7a92b8f685a2{ip: 192.168.34.20, host: pr-hdds-2470-fxbl9-3826649461, networkLocation: /default-rack, certSerialId: null}5947ecff-de41-4703-8b6b-2a362119c64b{ip: 192.168.34.20, host: pr-hdds-2470-fxbl9-3826649461, networkLocation: /default-rack, certSerialId: null}5fef94be-3335-41aa-8a3e-dfaf501cab3b{ip: 192.168.34.20, host: pr-hdds-2470-fxbl9-3826649461, networkLocation: /default-rack, certSerialId: null}, Type:RATIS, Factor:THREE, State:OPEN]. The last committed block length is 2097152, uncommitted data length is 2097152 retry count 0
2019-11-13 20:34:43,213 [main] INFO  io.BlockOutputStreamEntryPool (BlockOutputStreamEntryPool.java:allocateNewBlock(257)) - Allocating block with ExcludeList {datanodes = [], containerIds = [], pipelineIds = [PipelineID=6da67883-c009-4c48-90da-88d3247c8c25]}
2019-11-13 20:34:43,220 [IPC Server handler 14 on 44492] WARN  block.BlockManagerImpl (BlockManagerImpl.java:allocateBlock(200)) - Pipeline creation failed for type:RATIS factor:THREE. Retrying get pipelines call once.
org.apache.hadoop.hdds.scm.pipeline.InsufficientDatanodesException: Cannot create pipeline of factor 3 using 0 nodes.
	at org.apache.hadoop.hdds.scm.pipeline.RatisPipelineProvider.create(RatisPipelineProvider.java:153)
	at org.apache.hadoop.hdds.scm.pipeline.PipelineFactory.create(PipelineFactory.java:58)
	at org.apache.hadoop.hdds.scm.pipeline.SCMPipelineManager.createPipeline(SCMPipelineManager.java:155)
	at org.apache.hadoop.hdds.scm.block.BlockManagerImpl.allocateBlock(BlockManagerImpl.java:198)
	at org.apache.hadoop.hdds.scm.server.SCMBlockProtocolServer.allocateBlock(SCMBlockProtocolServer.java:187)
	at org.apache.hadoop.hdds.scm.protocol.ScmBlockLocationProtocolServerSideTranslatorPB.allocateScmBlock(ScmBlockLocationProtocolServerSideTranslatorPB.java:159)
	at org.apache.hadoop.hdds.scm.protocol.ScmBlockLocationProtocolServerSideTranslatorPB.processMessage(ScmBlockLocationProtocolServerSideTranslatorPB.java:117)
	at org.apache.hadoop.hdds.server.OzoneProtocolMessageDispatcher.processRequest(OzoneProtocolMessageDispatcher.java:72)
	at org.apache.hadoop.hdds.scm.protocol.ScmBlockLocationProtocolServerSideTranslatorPB.send(ScmBlockLocationProtocolServerSideTranslatorPB.java:98)
	at org.apache.hadoop.hdds.protocol.proto.ScmBlockLocationProtocolProtos$ScmBlockLocationProtocolService$2.callBlockingMethod(ScmBlockLocationProtocolProtos.java:13157)
	at org.apache.hadoop.ipc.ProtobufRpcEngine$Server$ProtoBufRpcInvoker.call(ProtobufRpcEngine.java:524)
	at org.apache.hadoop.ipc.RPC$Server.call(RPC.java:1025)
	at org.apache.hadoop.ipc.Server$RpcCall.run(Server.java:876)
	at org.apache.hadoop.ipc.Server$RpcCall.run(Server.java:822)
	at java.security.AccessController.doPrivileged(Native Method)
	at javax.security.auth.Subject.doAs(Subject.java:422)
	at org.apache.hadoop.security.UserGroupInformation.doAs(UserGroupInformation.java:1730)
	at org.apache.hadoop.ipc.Server$Handler.run(Server.java:2682)
2019-11-13 20:34:43,222 [IPC Server handler 14 on 44492] INFO  block.BlockManagerImpl (BlockManagerImpl.java:allocateBlock(212)) - Could not find available pipeline of type:RATIS and factor:THREE even after retrying
2019-11-13 20:34:43,222 [IPC Server handler 14 on 44492] ERROR block.BlockManagerImpl (BlockManagerImpl.java:allocateBlock(236)) - Unable to allocate a block for the size: 4194304, type: RATIS, factor: THREE
2019-11-13 20:34:43,226 [main] ERROR io.BlockOutputStreamEntryPool (BlockOutputStreamEntryPool.java:allocateBlockIfNeeded(310)) - Try to allocate more blocks for write failed, already allocated 0 blocks for this write.
INTERNAL_ERROR org.apache.hadoop.ozone.om.exceptions.OMException: Allocated 0 blocks. Requested 1 blocks
	at org.apache.hadoop.ozone.om.protocolPB.OzoneManagerProtocolClientSideTranslatorPB.handleError(OzoneManagerProtocolClientSideTranslatorPB.java:761)
	at org.apache.hadoop.ozone.om.protocolPB.OzoneManagerProtocolClientSideTranslatorPB.allocateBlock(OzoneManagerProtocolClientSideTranslatorPB.java:793)
	at sun.reflect.NativeMethodAccessorImpl.invoke0(Native Method)
	at sun.reflect.NativeMethodAccessorImpl.invoke(NativeMethodAccessorImpl.java:62)
	at sun.reflect.DelegatingMethodAccessorImpl.invoke(DelegatingMethodAccessorImpl.java:43)
	at java.lang.reflect.Method.invoke(Method.java:498)
	at org.apache.hadoop.hdds.tracing.TraceAllMethod.invoke(TraceAllMethod.java:66)
	at com.sun.proxy.$Proxy36.allocateBlock(Unknown Source)
	at org.apache.hadoop.ozone.client.io.BlockOutputStreamEntryPool.allocateNewBlock(BlockOutputStreamEntryPool.java:259)
	at org.apache.hadoop.ozone.client.io.BlockOutputStreamEntryPool.allocateBlockIfNeeded(BlockOutputStreamEntryPool.java:307)
	at org.apache.hadoop.ozone.client.io.KeyOutputStream.handleWrite(KeyOutputStream.java:198)
	at org.apache.hadoop.ozone.client.io.KeyOutputStream.handleRetry(KeyOutputStream.java:375)
	at org.apache.hadoop.ozone.client.io.KeyOutputStream.handleException(KeyOutputStream.java:324)
	at org.apache.hadoop.ozone.client.io.KeyOutputStream.handleWrite(KeyOutputStream.java:228)
	at org.apache.hadoop.ozone.client.io.KeyOutputStream.write(KeyOutputStream.java:190)
	at org.apache.hadoop.ozone.client.io.OzoneOutputStream.write(OzoneOutputStream.java:49)
	at java.io.OutputStream.write(OutputStream.java:75)
	at org.apache.hadoop.ozone.client.rpc.TestMultiBlockWritesWithDnFailures.testMultiBlockWritesWithDnFailures(TestMultiBlockWritesWithDnFailures.java:123)
	at sun.reflect.NativeMethodAccessorImpl.invoke0(Native Method)
	at sun.reflect.NativeMethodAccessorImpl.invoke(NativeMethodAccessorImpl.java:62)
	at sun.reflect.DelegatingMethodAccessorImpl.invoke(DelegatingMethodAccessorImpl.java:43)
	at java.lang.reflect.Method.invoke(Method.java:498)
	at org.junit.runners.model.FrameworkMethod$1.runReflectiveCall(FrameworkMethod.java:47)
	at org.junit.internal.runners.model.ReflectiveCallable.run(ReflectiveCallable.java:12)
	at org.junit.runners.model.FrameworkMethod.invokeExplosively(FrameworkMethod.java:44)
	at org.junit.internal.runners.statements.InvokeMethod.evaluate(InvokeMethod.java:17)
	at org.junit.internal.runners.statements.RunAfters.evaluate(RunAfters.java:27)
	at org.junit.runners.ParentRunner.runLeaf(ParentRunner.java:271)
	at org.junit.runners.BlockJUnit4ClassRunner.runChild(BlockJUnit4ClassRunner.java:70)
	at org.junit.runners.BlockJUnit4ClassRunner.runChild(BlockJUnit4ClassRunner.java:50)
	at org.junit.runners.ParentRunner$3.run(ParentRunner.java:238)
	at org.junit.runners.ParentRunner$1.schedule(ParentRunner.java:63)
	at org.junit.runners.ParentRunner.runChildren(ParentRunner.java:236)
	at org.junit.runners.ParentRunner.access$000(ParentRunner.java:53)
	at org.junit.runners.ParentRunner$2.evaluate(ParentRunner.java:229)
	at org.junit.runners.ParentRunner.run(ParentRunner.java:309)
	at org.apache.maven.surefire.junit4.JUnit4Provider.execute(JUnit4Provider.java:365)
	at org.apache.maven.surefire.junit4.JUnit4Provider.executeWithRerun(JUnit4Provider.java:273)
	at org.apache.maven.surefire.junit4.JUnit4Provider.executeTestSet(JUnit4Provider.java:238)
	at org.apache.maven.surefire.junit4.JUnit4Provider.invoke(JUnit4Provider.java:159)
	at org.apache.maven.surefire.booter.ForkedBooter.invokeProviderInSameClassLoader(ForkedBooter.java:384)
	at org.apache.maven.surefire.booter.ForkedBooter.runSuitesInProcess(ForkedBooter.java:345)
	at org.apache.maven.surefire.booter.ForkedBooter.execute(ForkedBooter.java:126)
	at org.apache.maven.surefire.booter.ForkedBooter.main(ForkedBooter.java:418)
2019-11-13 20:34:43,226 [main] INFO  ozone.MiniOzoneClusterImpl (MiniOzoneClusterImpl.java:shutdown(352)) - Shutting down the Mini Ozone Cluster
2019-11-13 20:34:43,227 [main] INFO  ozone.MiniOzoneClusterImpl (MiniOzoneClusterImpl.java:stop(368)) - Stopping the Mini Ozone Cluster
2019-11-13 20:34:43,227 [main] INFO  ozone.MiniOzoneClusterImpl (MiniOzoneClusterImpl.java:stopOM(438)) - Stopping the OzoneManager
2019-11-13 20:34:43,227 [main] INFO  ipc.Server (Server.java:stop(3082)) - Stopping server on 37151
2019-11-13 20:34:43,236 [main] INFO  ratis.OzoneManagerDoubleBuffer (OzoneManagerDoubleBuffer.java:stop(261)) - Stopping OMDoubleBuffer flush thread
2019-11-13 20:34:43,237 [IPC Server Responder] INFO  ipc.Server (Server.java:run(1319)) - Stopping IPC Server Responder
2019-11-13 20:34:43,237 [OMDoubleBufferFlushThread] INFO  ratis.OzoneManagerDoubleBuffer (OzoneManagerDoubleBuffer.java:flushTransactions(199)) - OMDoubleBuffer flush thread OMDoubleBufferFlushThread is interrupted and will exit. OMDoubleBufferFlushThread
2019-11-13 20:34:43,237 [main] INFO  utils.BackgroundService (BackgroundService.java:shutdown(151)) - Shutting down service KeyDeletingService
2019-11-13 20:34:43,238 [IPC Server listener on 37151] INFO  ipc.Server (Server.java:run(1185)) - Stopping IPC Server listener on 37151
2019-11-13 20:34:43,241 [main] INFO  handler.ContextHandler (ContextHandler.java:doStop(910)) - Stopped o.e.j.w.WebAppContext@6680f714{/,null,UNAVAILABLE}{/ozoneManager}
2019-11-13 20:34:43,252 [main] INFO  server.AbstractConnector (AbstractConnector.java:doStop(318)) - Stopped ServerConnector@53b1a3f8{HTTP/1.1,[http/1.1]}{0.0.0.0:0}
2019-11-13 20:34:43,252 [main] INFO  handler.ContextHandler (ContextHandler.java:doStop(910)) - Stopped o.e.j.s.ServletContextHandler@4da39ca9{/static,file:///workdir/hadoop-ozone/integration-test/target/test-classes/webapps/static,UNAVAILABLE}
2019-11-13 20:34:43,253 [main] INFO  handler.ContextHandler (ContextHandler.java:doStop(910)) - Stopped o.e.j.s.ServletContextHandler@682af059{/logs,file:///workdir/hadoop-ozone/integration-test/target/log,UNAVAILABLE}
2019-11-13 20:34:43,255 [main] INFO  ozone.MiniOzoneClusterImpl (MiniOzoneClusterImpl.java:stopDatanodes(415)) - Stopping the HddsDatanodes
2019-11-13 20:34:43,322 [Thread-1690] INFO  impl.FollowerState (FollowerState.java:run(111)) - f7edbf2f-fbe3-4411-b014-7a92b8f685a2@group-9AC72DC02C8F-FollowerState: change to CANDIDATE, lastRpcTime:1012ms, electionTimeout:1012ms
2019-11-13 20:34:43,322 [Thread-1690] INFO  impl.RoleInfo (RoleInfo.java:shutdownFollowerState(121)) - f7edbf2f-fbe3-4411-b014-7a92b8f685a2: shutdown FollowerState
2019-11-13 20:34:43,323 [Thread-1690] INFO  impl.RaftServerImpl (RaftServerImpl.java:setRole(173)) - f7edbf2f-fbe3-4411-b014-7a92b8f685a2@group-9AC72DC02C8F: changes role from  FOLLOWER to CANDIDATE at term 0 for changeToCandidate
2019-11-13 20:34:43,323 [Thread-1690] INFO  impl.RoleInfo (RoleInfo.java:updateAndGet(143)) - f7edbf2f-fbe3-4411-b014-7a92b8f685a2: start LeaderElection
2019-11-13 20:34:43,337 [Thread-1695] INFO  impl.FollowerState (FollowerState.java:run(111)) - 5947ecff-de41-4703-8b6b-2a362119c64b@group-9AC72DC02C8F-FollowerState: change to CANDIDATE, lastRpcTime:1023ms, electionTimeout:1023ms
2019-11-13 20:34:43,337 [Thread-1695] INFO  impl.RoleInfo (RoleInfo.java:shutdownFollowerState(121)) - 5947ecff-de41-4703-8b6b-2a362119c64b: shutdown FollowerState
2019-11-13 20:34:43,337 [Thread-1695] INFO  impl.RaftServerImpl (RaftServerImpl.java:setRole(173)) - 5947ecff-de41-4703-8b6b-2a362119c64b@group-9AC72DC02C8F: changes role from  FOLLOWER to CANDIDATE at term 0 for changeToCandidate
2019-11-13 20:34:43,337 [Thread-1695] INFO  impl.RoleInfo (RoleInfo.java:updateAndGet(143)) - 5947ecff-de41-4703-8b6b-2a362119c64b: start LeaderElection
2019-11-13 20:34:43,353 [f7edbf2f-fbe3-4411-b014-7a92b8f685a2@group-9AC72DC02C8F-LeaderElection50] INFO  impl.LeaderElection (LeaderElection.java:askForVotes(178)) - f7edbf2f-fbe3-4411-b014-7a92b8f685a2@group-9AC72DC02C8F-LeaderElection50: begin an election at term 1 for -1: [5947ecff-de41-4703-8b6b-2a362119c64b:192.168.34.20:35116, 5fef94be-3335-41aa-8a3e-dfaf501cab3b:192.168.34.20:43483, f7edbf2f-fbe3-4411-b014-7a92b8f685a2:192.168.34.20:37057], old=null
2019-11-13 20:34:43,358 [grpc-default-executor-3] INFO  impl.RaftServerImpl (RaftServerImpl.java:setRole(173)) - 5fef94be-3335-41aa-8a3e-dfaf501cab3b@group-9AC72DC02C8F: changes role from  FOLLOWER to FOLLOWER at term 1 for recognizeCandidate:f7edbf2f-fbe3-4411-b014-7a92b8f685a2
2019-11-13 20:34:43,358 [grpc-default-executor-3] INFO  impl.RoleInfo (RoleInfo.java:shutdownFollowerState(121)) - 5fef94be-3335-41aa-8a3e-dfaf501cab3b: shutdown FollowerState
2019-11-13 20:34:43,359 [grpc-default-executor-3] INFO  impl.RoleInfo (RoleInfo.java:updateAndGet(143)) - 5fef94be-3335-41aa-8a3e-dfaf501cab3b: start FollowerState
2019-11-13 20:34:43,359 [Thread-1694] INFO  impl.FollowerState (FollowerState.java:run(120)) - 5fef94be-3335-41aa-8a3e-dfaf501cab3b@group-9AC72DC02C8F-FollowerState was interrupted: java.lang.InterruptedException: sleep interrupted
2019-11-13 20:34:43,366 [5947ecff-de41-4703-8b6b-2a362119c64b@group-9AC72DC02C8F-LeaderElection51] INFO  impl.LeaderElection (LeaderElection.java:askForVotes(178)) - 5947ecff-de41-4703-8b6b-2a362119c64b@group-9AC72DC02C8F-LeaderElection51: begin an election at term 1 for -1: [5947ecff-de41-4703-8b6b-2a362119c64b:192.168.34.20:35116, 5fef94be-3335-41aa-8a3e-dfaf501cab3b:192.168.34.20:43483, f7edbf2f-fbe3-4411-b014-7a92b8f685a2:192.168.34.20:37057], old=null
2019-11-13 20:34:43,367 [f7edbf2f-fbe3-4411-b014-7a92b8f685a2@group-9AC72DC02C8F-LeaderElection50] INFO  impl.LeaderElection (LeaderElection.java:logAndReturn(56)) - f7edbf2f-fbe3-4411-b014-7a92b8f685a2@group-9AC72DC02C8F-LeaderElection50: Election PASSED; received 1 response(s) [f7edbf2f-fbe3-4411-b014-7a92b8f685a2<-5fef94be-3335-41aa-8a3e-dfaf501cab3b#0:OK-t1] and 0 exception(s); f7edbf2f-fbe3-4411-b014-7a92b8f685a2@group-9AC72DC02C8F:t1, leader=null, voted=f7edbf2f-fbe3-4411-b014-7a92b8f685a2, raftlog=f7edbf2f-fbe3-4411-b014-7a92b8f685a2@group-9AC72DC02C8F-SegmentedRaftLog:OPENED:c-1,f-1,i0, conf=-1: [5947ecff-de41-4703-8b6b-2a362119c64b:192.168.34.20:35116, 5fef94be-3335-41aa-8a3e-dfaf501cab3b:192.168.34.20:43483, f7edbf2f-fbe3-4411-b014-7a92b8f685a2:192.168.34.20:37057], old=null
2019-11-13 20:34:43,367 [f7edbf2f-fbe3-4411-b014-7a92b8f685a2@group-9AC72DC02C8F-LeaderElection50] INFO  impl.RoleInfo (RoleInfo.java:shutdownLeaderElection(134)) - f7edbf2f-fbe3-4411-b014-7a92b8f685a2: shutdown LeaderElection
2019-11-13 20:34:43,368 [f7edbf2f-fbe3-4411-b014-7a92b8f685a2@group-9AC72DC02C8F-LeaderElection50] INFO  impl.RaftServerImpl (RaftServerImpl.java:setRole(173)) - f7edbf2f-fbe3-4411-b014-7a92b8f685a2@group-9AC72DC02C8F: changes role from CANDIDATE to LEADER at term 1 for changeToLeader
2019-11-13 20:34:43,368 [f7edbf2f-fbe3-4411-b014-7a92b8f685a2@group-9AC72DC02C8F-LeaderElection50] INFO  ratis.XceiverServerRatis (XceiverServerRatis.java:handleLeaderChangedNotification(697)) - Leader change notification received for group: group-9AC72DC02C8F with new leaderId: f7edbf2f-fbe3-4411-b014-7a92b8f685a2
2019-11-13 20:34:43,368 [f7edbf2f-fbe3-4411-b014-7a92b8f685a2@group-9AC72DC02C8F-LeaderElection50] INFO  impl.RaftServerImpl (ServerState.java:setLeader(255)) - f7edbf2f-fbe3-4411-b014-7a92b8f685a2@group-9AC72DC02C8F: change Leader from null to f7edbf2f-fbe3-4411-b014-7a92b8f685a2 at term 1 for becomeLeader, leader elected after 1063ms
2019-11-13 20:34:43,368 [f7edbf2f-fbe3-4411-b014-7a92b8f685a2@group-9AC72DC02C8F-LeaderElection50] INFO  server.RaftServerConfigKeys (ConfUtils.java:logGet(43)) - raft.server.staging.catchup.gap = 1000 (default)
2019-11-13 20:34:43,368 [f7edbf2f-fbe3-4411-b014-7a92b8f685a2@group-9AC72DC02C8F-LeaderElection50] INFO  server.RaftServerConfigKeys (ConfUtils.java:logGet(43)) - raft.server.rpc.sleep.time = 25ms (default)
2019-11-13 20:34:43,368 [f7edbf2f-fbe3-4411-b014-7a92b8f685a2@group-9AC72DC02C8F-LeaderElection50] INFO  server.RaftServerConfigKeys (ConfUtils.java:logGet(43)) - raft.server.write.element-limit = 4096 (default)
2019-11-13 20:34:43,368 [f7edbf2f-fbe3-4411-b014-7a92b8f685a2@group-9AC72DC02C8F-LeaderElection50] INFO  server.RaftServerConfigKeys (ConfUtils.java:logGet(43)) - raft.server.watch.timeout = 10s (default)
2019-11-13 20:34:43,368 [f7edbf2f-fbe3-4411-b014-7a92b8f685a2@group-9AC72DC02C8F-LeaderElection50] INFO  server.RaftServerConfigKeys (ConfUtils.java:logGet(43)) - raft.server.watch.timeout.denomination = 1s (default)
2019-11-13 20:34:43,369 [f7edbf2f-fbe3-4411-b014-7a92b8f685a2@group-9AC72DC02C8F-LeaderElection50] INFO  server.RaftServerConfigKeys (ConfUtils.java:logGet(43)) - raft.server.watch.element-limit = 65536 (default)
2019-11-13 20:34:43,369 [f7edbf2f-fbe3-4411-b014-7a92b8f685a2@group-9AC72DC02C8F-LeaderElection50] INFO  server.RaftServerConfigKeys (ConfUtils.java:logGet(43)) - raft.server.log.appender.snapshot.chunk.size.max = 16MB (=16777216) (default)
2019-11-13 20:34:43,369 [f7edbf2f-fbe3-4411-b014-7a92b8f685a2@group-9AC72DC02C8F-LeaderElection50] INFO  server.RaftServerConfigKeys (ConfUtils.java:logGet(43)) - raft.server.log.appender.buffer.byte-limit = 33554432 (custom)
2019-11-13 20:34:43,369 [EventQueue-PipelineReportForPipelineReportHandler] INFO  pipeline.PipelineStateManager (PipelineStateManager.java:openPipeline(134)) - Pipeline Pipeline[ Id: d57bc583-f7be-416c-bb03-9ac72dc02c8f, Nodes: f7edbf2f-fbe3-4411-b014-7a92b8f685a2{ip: 192.168.34.20, host: pr-hdds-2470-fxbl9-3826649461, networkLocation: /default-rack, certSerialId: null}5947ecff-de41-4703-8b6b-2a362119c64b{ip: 192.168.34.20, host: pr-hdds-2470-fxbl9-3826649461, networkLocation: /default-rack, certSerialId: null}5fef94be-3335-41aa-8a3e-dfaf501cab3b{ip: 192.168.34.20, host: pr-hdds-2470-fxbl9-3826649461, networkLocation: /default-rack, certSerialId: null}, Type:RATIS, Factor:THREE, State:OPEN] moved to OPEN state
2019-11-13 20:34:43,369 [f7edbf2f-fbe3-4411-b014-7a92b8f685a2@group-9AC72DC02C8F-LeaderElection50] INFO  server.RaftServerConfigKeys (ConfUtils.java:logGet(43)) - raft.server.log.appender.buffer.element-limit = 1 (custom)
2019-11-13 20:34:43,370 [f7edbf2f-fbe3-4411-b014-7a92b8f685a2@group-9AC72DC02C8F-LeaderElection50] INFO  grpc.GrpcConfigKeys$Server (ConfUtils.java:logGet(43)) - raft.grpc.server.leader.outstanding.appends.max = 128 (default)
2019-11-13 20:34:43,371 [f7edbf2f-fbe3-4411-b014-7a92b8f685a2@group-9AC72DC02C8F-LeaderElection50] INFO  server.RaftServerConfigKeys (ConfUtils.java:logGet(43)) - raft.server.rpc.request.timeout = 3000ms (default)
2019-11-13 20:34:43,371 [f7edbf2f-fbe3-4411-b014-7a92b8f685a2@group-9AC72DC02C8F-LeaderElection50] INFO  server.RaftServerConfigKeys (ConfUtils.java:logGet(43)) - raft.server.log.appender.install.snapshot.enabled = false (custom)
2019-11-13 20:34:43,371 [f7edbf2f-fbe3-4411-b014-7a92b8f685a2@group-9AC72DC02C8F-LeaderElection50] WARN  impl.MetricRegistriesImpl (MetricRegistriesImpl.java:lambda$create$1(61)) - First MetricRegistry has been created without registering reporters. You may need to call MetricRegistries.global().addReportRegistration(...) before.
2019-11-13 20:34:43,371 [f7edbf2f-fbe3-4411-b014-7a92b8f685a2@group-9AC72DC02C8F-LeaderElection50] INFO  server.RaftServerConfigKeys (ConfUtils.java:logGet(43)) - raft.server.log.appender.snapshot.chunk.size.max = 16MB (=16777216) (default)
2019-11-13 20:34:43,371 [f7edbf2f-fbe3-4411-b014-7a92b8f685a2@group-9AC72DC02C8F-LeaderElection50] INFO  server.RaftServerConfigKeys (ConfUtils.java:logGet(43)) - raft.server.log.appender.buffer.byte-limit = 33554432 (custom)
2019-11-13 20:34:43,371 [f7edbf2f-fbe3-4411-b014-7a92b8f685a2@group-9AC72DC02C8F-LeaderElection50] INFO  server.RaftServerConfigKeys (ConfUtils.java:logGet(43)) - raft.server.log.appender.buffer.element-limit = 1 (custom)
2019-11-13 20:34:43,371 [f7edbf2f-fbe3-4411-b014-7a92b8f685a2@group-9AC72DC02C8F-LeaderElection50] INFO  grpc.GrpcConfigKeys$Server (ConfUtils.java:logGet(43)) - raft.grpc.server.leader.outstanding.appends.max = 128 (default)
2019-11-13 20:34:43,371 [f7edbf2f-fbe3-4411-b014-7a92b8f685a2@group-9AC72DC02C8F-LeaderElection50] INFO  server.RaftServerConfigKeys (ConfUtils.java:logGet(43)) - raft.server.rpc.request.timeout = 3000ms (default)
2019-11-13 20:34:43,372 [f7edbf2f-fbe3-4411-b014-7a92b8f685a2@group-9AC72DC02C8F-LeaderElection50] INFO  server.RaftServerConfigKeys (ConfUtils.java:logGet(43)) - raft.server.log.appender.install.snapshot.enabled = false (custom)
2019-11-13 20:34:43,372 [f7edbf2f-fbe3-4411-b014-7a92b8f685a2@group-9AC72DC02C8F-LeaderElection50] INFO  impl.RoleInfo (RoleInfo.java:updateAndGet(143)) - f7edbf2f-fbe3-4411-b014-7a92b8f685a2: start LeaderState
2019-11-13 20:34:43,372 [f7edbf2f-fbe3-4411-b014-7a92b8f685a2@group-9AC72DC02C8F-LeaderElection50] INFO  segmented.SegmentedRaftLogWorker (SegmentedRaftLogWorker.java:startLogSegment(385)) - f7edbf2f-fbe3-4411-b014-7a92b8f685a2@group-9AC72DC02C8F-SegmentedRaftLogWorker: Starting segment from index:0
2019-11-13 20:34:43,372 [f7edbf2f-fbe3-4411-b014-7a92b8f685a2@group-9AC72DC02C8F-LeaderElection50] INFO  impl.RaftServerImpl (ServerState.java:setRaftConf(356)) - f7edbf2f-fbe3-4411-b014-7a92b8f685a2@group-9AC72DC02C8F: set configuration 0: [5947ecff-de41-4703-8b6b-2a362119c64b:192.168.34.20:35116, 5fef94be-3335-41aa-8a3e-dfaf501cab3b:192.168.34.20:43483, f7edbf2f-fbe3-4411-b014-7a92b8f685a2:192.168.34.20:37057], old=null at 0
2019-11-13 20:34:43,373 [grpc-default-executor-3] INFO  impl.RaftServerImpl (RaftServerImpl.java:requestVote(776)) - f7edbf2f-fbe3-4411-b014-7a92b8f685a2@group-9AC72DC02C8F-   LEADER: Withhold vote from candidate 5947ecff-de41-4703-8b6b-2a362119c64b with term 1. State: leader=f7edbf2f-fbe3-4411-b014-7a92b8f685a2, term=1, lastRpcElapsed=null
2019-11-13 20:34:43,404 [5947ecff-de41-4703-8b6b-2a362119c64b@group-9AC72DC02C8F-LeaderElection51] INFO  impl.LeaderElection (LeaderElection.java:logAndReturn(56)) - 5947ecff-de41-4703-8b6b-2a362119c64b@group-9AC72DC02C8F-LeaderElection51: Election REJECTED; received 2 response(s) [5947ecff-de41-4703-8b6b-2a362119c64b<-5fef94be-3335-41aa-8a3e-dfaf501cab3b#0:FAIL-t1, 5947ecff-de41-4703-8b6b-2a362119c64b<-f7edbf2f-fbe3-4411-b014-7a92b8f685a2#0:FAIL-t1] and 0 exception(s); 5947ecff-de41-4703-8b6b-2a362119c64b@group-9AC72DC02C8F:t1, leader=null, voted=5947ecff-de41-4703-8b6b-2a362119c64b, raftlog=5947ecff-de41-4703-8b6b-2a362119c64b@group-9AC72DC02C8F-SegmentedRaftLog:OPENED:c-1,f-1,i0, conf=-1: [5947ecff-de41-4703-8b6b-2a362119c64b:192.168.34.20:35116, 5fef94be-3335-41aa-8a3e-dfaf501cab3b:192.168.34.20:43483, f7edbf2f-fbe3-4411-b014-7a92b8f685a2:192.168.34.20:37057], old=null
2019-11-13 20:34:43,404 [5947ecff-de41-4703-8b6b-2a362119c64b@group-9AC72DC02C8F-LeaderElection51] INFO  impl.RaftServerImpl (RaftServerImpl.java:setRole(173)) - 5947ecff-de41-4703-8b6b-2a362119c64b@group-9AC72DC02C8F: changes role from CANDIDATE to FOLLOWER at term 1 for DISCOVERED_A_NEW_TERM
2019-11-13 20:34:43,405 [5947ecff-de41-4703-8b6b-2a362119c64b@group-9AC72DC02C8F-LeaderElection51] INFO  impl.RoleInfo (RoleInfo.java:shutdownLeaderElection(134)) - 5947ecff-de41-4703-8b6b-2a362119c64b: shutdown LeaderElection
2019-11-13 20:34:43,405 [5947ecff-de41-4703-8b6b-2a362119c64b@group-9AC72DC02C8F-LeaderElection51] INFO  impl.RoleInfo (RoleInfo.java:updateAndGet(143)) - 5947ecff-de41-4703-8b6b-2a362119c64b: start FollowerState
2019-11-13 20:34:43,411 [grpc-default-executor-3] INFO  ratis.XceiverServerRatis (XceiverServerRatis.java:handleLeaderChangedNotification(697)) - Leader change notification received for group: group-9AC72DC02C8F with new leaderId: f7edbf2f-fbe3-4411-b014-7a92b8f685a2
2019-11-13 20:34:43,411 [grpc-default-executor-0] INFO  ratis.XceiverServerRatis (XceiverServerRatis.java:handleLeaderChangedNotification(697)) - Leader change notification received for group: group-9AC72DC02C8F with new leaderId: f7edbf2f-fbe3-4411-b014-7a92b8f685a2
2019-11-13 20:34:43,411 [grpc-default-executor-3] INFO  impl.RaftServerImpl (ServerState.java:setLeader(255)) - 5fef94be-3335-41aa-8a3e-dfaf501cab3b@group-9AC72DC02C8F: change Leader from null to f7edbf2f-fbe3-4411-b014-7a92b8f685a2 at term 1 for appendEntries, leader elected after 1107ms
2019-11-13 20:34:43,411 [grpc-default-executor-0] INFO  impl.RaftServerImpl (ServerState.java:setLeader(255)) - 5947ecff-de41-4703-8b6b-2a362119c64b@group-9AC72DC02C8F: change Leader from null to f7edbf2f-fbe3-4411-b014-7a92b8f685a2 at term 1 for appendEntries, leader elected after 1107ms
2019-11-13 20:34:43,415 [grpc-default-executor-0] INFO  impl.RaftServerImpl (ServerState.java:setRaftConf(356)) - 5fef94be-3335-41aa-8a3e-dfaf501cab3b@group-9AC72DC02C8F: set configuration 0: [5947ecff-de41-4703-8b6b-2a362119c64b:192.168.34.20:35116, 5fef94be-3335-41aa-8a3e-dfaf501cab3b:192.168.34.20:43483, f7edbf2f-fbe3-4411-b014-7a92b8f685a2:192.168.34.20:37057], old=null at 0
2019-11-13 20:34:43,415 [grpc-default-executor-3] INFO  impl.RaftServerImpl (ServerState.java:setRaftConf(356)) - 5947ecff-de41-4703-8b6b-2a362119c64b@group-9AC72DC02C8F: set configuration 0: [5947ecff-de41-4703-8b6b-2a362119c64b:192.168.34.20:35116, 5fef94be-3335-41aa-8a3e-dfaf501cab3b:192.168.34.20:43483, f7edbf2f-fbe3-4411-b014-7a92b8f685a2:192.168.34.20:37057], old=null at 0
2019-11-13 20:34:43,415 [grpc-default-executor-0] INFO  segmented.SegmentedRaftLogWorker (SegmentedRaftLogWorker.java:startLogSegment(385)) - 5fef94be-3335-41aa-8a3e-dfaf501cab3b@group-9AC72DC02C8F-SegmentedRaftLogWorker: Starting segment from index:0
2019-11-13 20:34:43,415 [grpc-default-executor-3] INFO  segmented.SegmentedRaftLogWorker (SegmentedRaftLogWorker.java:startLogSegment(385)) - 5947ecff-de41-4703-8b6b-2a362119c64b@group-9AC72DC02C8F-SegmentedRaftLogWorker: Starting segment from index:0
2019-11-13 20:34:43,427 [f7edbf2f-fbe3-4411-b014-7a92b8f685a2@group-9AC72DC02C8F-SegmentedRaftLogWorker] INFO  segmented.SegmentedRaftLogWorker (SegmentedRaftLogWorker.java:execute(576)) - f7edbf2f-fbe3-4411-b014-7a92b8f685a2@group-9AC72DC02C8F-SegmentedRaftLogWorker: created new log segment /workdir/hadoop-ozone/integration-test/target/test-dir/MiniOzoneClusterImpl-e028e34c-e788-4356-b3c1-17795b02fdc7/datanode-4/data/ratis/d57bc583-f7be-416c-bb03-9ac72dc02c8f/current/log_inprogress_0
2019-11-13 20:34:43,516 [Thread-1700] INFO  impl.FollowerState (FollowerState.java:run(111)) - 5947ecff-de41-4703-8b6b-2a362119c64b@group-38E26E8762F7-FollowerState: change to CANDIDATE, lastRpcTime:1135ms, electionTimeout:1135ms
2019-11-13 20:34:43,516 [Thread-1700] INFO  impl.RoleInfo (RoleInfo.java:shutdownFollowerState(121)) - 5947ecff-de41-4703-8b6b-2a362119c64b: shutdown FollowerState
2019-11-13 20:34:43,516 [Thread-1700] INFO  impl.RaftServerImpl (RaftServerImpl.java:setRole(173)) - 5947ecff-de41-4703-8b6b-2a362119c64b@group-38E26E8762F7: changes role from  FOLLOWER to CANDIDATE at term 0 for changeToCandidate
2019-11-13 20:34:43,516 [Thread-1700] INFO  impl.RoleInfo (RoleInfo.java:updateAndGet(143)) - 5947ecff-de41-4703-8b6b-2a362119c64b: start LeaderElection
2019-11-13 20:34:43,531 [Thread-1706] INFO  impl.FollowerState (FollowerState.java:run(111)) - d06fab63-d4ff-4606-9904-3a8389ab2cb6@group-699461127A2D-FollowerState: change to CANDIDATE, lastRpcTime:1070ms, electionTimeout:1070ms
2019-11-13 20:34:43,531 [Thread-1706] INFO  impl.RoleInfo (RoleInfo.java:shutdownFollowerState(121)) - d06fab63-d4ff-4606-9904-3a8389ab2cb6: shutdown FollowerState
2019-11-13 20:34:43,531 [Thread-1706] INFO  impl.RaftServerImpl (RaftServerImpl.java:setRole(173)) - d06fab63-d4ff-4606-9904-3a8389ab2cb6@group-699461127A2D: changes role from  FOLLOWER to CANDIDATE at term 0 for changeToCandidate
2019-11-13 20:34:43,531 [Thread-1706] INFO  impl.RoleInfo (RoleInfo.java:updateAndGet(143)) - d06fab63-d4ff-4606-9904-3a8389ab2cb6: start LeaderElection
2019-11-13 20:34:43,538 [Thread-1716] INFO  impl.FollowerState (FollowerState.java:run(111)) - a396b6da-9b4a-4217-b353-472b7d1ddb56@group-F576FF0AE710-FollowerState: change to CANDIDATE, lastRpcTime:1021ms, electionTimeout:1021ms
2019-11-13 20:34:43,538 [Thread-1716] INFO  impl.RoleInfo (RoleInfo.java:shutdownFollowerState(121)) - a396b6da-9b4a-4217-b353-472b7d1ddb56: shutdown FollowerState
2019-11-13 20:34:43,538 [Thread-1716] INFO  impl.RaftServerImpl (RaftServerImpl.java:setRole(173)) - a396b6da-9b4a-4217-b353-472b7d1ddb56@group-F576FF0AE710: changes role from  FOLLOWER to CANDIDATE at term 0 for changeToCandidate
2019-11-13 20:34:43,538 [Thread-1716] INFO  impl.RoleInfo (RoleInfo.java:updateAndGet(143)) - a396b6da-9b4a-4217-b353-472b7d1ddb56: start LeaderElection
2019-11-13 20:34:43,632 [Thread-1708] INFO  impl.FollowerState (FollowerState.java:run(111)) - 83ff406b-cc24-4672-8ad4-94afba27c25e@group-699461127A2D-FollowerState: change to CANDIDATE, lastRpcTime:1170ms, electionTimeout:1170ms
2019-11-13 20:34:43,632 [Thread-1708] INFO  impl.RoleInfo (RoleInfo.java:shutdownFollowerState(121)) - 83ff406b-cc24-4672-8ad4-94afba27c25e: shutdown FollowerState
2019-11-13 20:34:43,632 [Thread-1708] INFO  impl.RaftServerImpl (RaftServerImpl.java:setRole(173)) - 83ff406b-cc24-4672-8ad4-94afba27c25e@group-699461127A2D: changes role from  FOLLOWER to CANDIDATE at term 0 for changeToCandidate
2019-11-13 20:34:43,632 [Thread-1708] INFO  impl.RoleInfo (RoleInfo.java:updateAndGet(143)) - 83ff406b-cc24-4672-8ad4-94afba27c25e: start LeaderElection
2019-11-13 20:34:43,644 [5fef94be-3335-41aa-8a3e-dfaf501cab3b@group-9AC72DC02C8F-SegmentedRaftLogWorker] INFO  segmented.SegmentedRaftLogWorker (SegmentedRaftLogWorker.java:execute(576)) - 5fef94be-3335-41aa-8a3e-dfaf501cab3b@group-9AC72DC02C8F-SegmentedRaftLogWorker: created new log segment /workdir/hadoop-ozone/integration-test/target/test-dir/MiniOzoneClusterImpl-e028e34c-e788-4356-b3c1-17795b02fdc7/datanode-5/data/ratis/d57bc583-f7be-416c-bb03-9ac72dc02c8f/current/log_inprogress_0
2019-11-13 20:34:43,644 [5947ecff-de41-4703-8b6b-2a362119c64b@group-9AC72DC02C8F-SegmentedRaftLogWorker] INFO  segmented.SegmentedRaftLogWorker (SegmentedRaftLogWorker.java:execute(576)) - 5947ecff-de41-4703-8b6b-2a362119c64b@group-9AC72DC02C8F-SegmentedRaftLogWorker: created new log segment /workdir/hadoop-ozone/integration-test/target/test-dir/MiniOzoneClusterImpl-e028e34c-e788-4356-b3c1-17795b02fdc7/datanode-3/data/ratis/d57bc583-f7be-416c-bb03-9ac72dc02c8f/current/log_inprogress_0
2019-11-13 20:34:43,649 [Thread-1712] INFO  impl.FollowerState (FollowerState.java:run(111)) - a396b6da-9b4a-4217-b353-472b7d1ddb56@group-699461127A2D-FollowerState: change to CANDIDATE, lastRpcTime:1186ms, electionTimeout:1186ms
2019-11-13 20:34:43,649 [Thread-1712] INFO  impl.RoleInfo (RoleInfo.java:shutdownFollowerState(121)) - a396b6da-9b4a-4217-b353-472b7d1ddb56: shutdown FollowerState
2019-11-13 20:34:43,649 [Thread-1712] INFO  impl.RaftServerImpl (RaftServerImpl.java:setRole(173)) - a396b6da-9b4a-4217-b353-472b7d1ddb56@group-699461127A2D: changes role from  FOLLOWER to CANDIDATE at term 0 for changeToCandidate
2019-11-13 20:34:43,649 [Thread-1712] INFO  impl.RoleInfo (RoleInfo.java:updateAndGet(143)) - a396b6da-9b4a-4217-b353-472b7d1ddb56: start LeaderElection
2019-11-13 20:34:43,657 [Thread-1724] INFO  impl.FollowerState (FollowerState.java:run(111)) - f7edbf2f-fbe3-4411-b014-7a92b8f685a2@group-389DA800A9FF-FollowerState: change to CANDIDATE, lastRpcTime:1017ms, electionTimeout:1012ms
2019-11-13 20:34:43,662 [d06fab63-d4ff-4606-9904-3a8389ab2cb6@group-699461127A2D-LeaderElection53] INFO  impl.LeaderElection (LeaderElection.java:askForVotes(178)) - d06fab63-d4ff-4606-9904-3a8389ab2cb6@group-699461127A2D-LeaderElection53: begin an election at term 1 for -1: [a396b6da-9b4a-4217-b353-472b7d1ddb56:192.168.34.20:32811, d06fab63-d4ff-4606-9904-3a8389ab2cb6:192.168.34.20:46247, 83ff406b-cc24-4672-8ad4-94afba27c25e:192.168.34.20:34460], old=null
2019-11-13 20:34:43,662 [Thread-1724] INFO  impl.RoleInfo (RoleInfo.java:shutdownFollowerState(121)) - f7edbf2f-fbe3-4411-b014-7a92b8f685a2: shutdown FollowerState
2019-11-13 20:34:43,662 [83ff406b-cc24-4672-8ad4-94afba27c25e@group-699461127A2D-LeaderElection55] INFO  impl.LeaderElection (LeaderElection.java:askForVotes(178)) - 83ff406b-cc24-4672-8ad4-94afba27c25e@group-699461127A2D-LeaderElection55: begin an election at term 1 for -1: [a396b6da-9b4a-4217-b353-472b7d1ddb56:192.168.34.20:32811, d06fab63-d4ff-4606-9904-3a8389ab2cb6:192.168.34.20:46247, 83ff406b-cc24-4672-8ad4-94afba27c25e:192.168.34.20:34460], old=null
2019-11-13 20:34:43,662 [5947ecff-de41-4703-8b6b-2a362119c64b@group-38E26E8762F7-LeaderElection52] INFO  impl.LeaderElection (LeaderElection.java:askForVotes(178)) - 5947ecff-de41-4703-8b6b-2a362119c64b@group-38E26E8762F7-LeaderElection52: begin an election at term 1 for -1: [5947ecff-de41-4703-8b6b-2a362119c64b:192.168.34.20:35116], old=null
2019-11-13 20:34:43,662 [a396b6da-9b4a-4217-b353-472b7d1ddb56@group-F576FF0AE710-LeaderElection54] INFO  impl.LeaderElection (LeaderElection.java:askForVotes(178)) - a396b6da-9b4a-4217-b353-472b7d1ddb56@group-F576FF0AE710-LeaderElection54: begin an election at term 1 for -1: [a396b6da-9b4a-4217-b353-472b7d1ddb56:192.168.34.20:32811], old=null
2019-11-13 20:34:43,663 [5947ecff-de41-4703-8b6b-2a362119c64b@group-38E26E8762F7-LeaderElection52] INFO  impl.RoleInfo (RoleInfo.java:shutdownLeaderElection(134)) - 5947ecff-de41-4703-8b6b-2a362119c64b: shutdown LeaderElection
2019-11-13 20:34:43,662 [Thread-1724] INFO  impl.RaftServerImpl (RaftServerImpl.java:setRole(173)) - f7edbf2f-fbe3-4411-b014-7a92b8f685a2@group-389DA800A9FF: changes role from  FOLLOWER to CANDIDATE at term 0 for changeToCandidate
2019-11-13 20:34:43,663 [5947ecff-de41-4703-8b6b-2a362119c64b@group-38E26E8762F7-LeaderElection52] INFO  impl.RaftServerImpl (RaftServerImpl.java:setRole(173)) - 5947ecff-de41-4703-8b6b-2a362119c64b@group-38E26E8762F7: changes role from CANDIDATE to LEADER at term 1 for changeToLeader
2019-11-13 20:34:43,663 [a396b6da-9b4a-4217-b353-472b7d1ddb56@group-F576FF0AE710-LeaderElection54] INFO  impl.RoleInfo (RoleInfo.java:shutdownLeaderElection(134)) - a396b6da-9b4a-4217-b353-472b7d1ddb56: shutdown LeaderElection
2019-11-13 20:34:43,663 [a396b6da-9b4a-4217-b353-472b7d1ddb56@group-F576FF0AE710-LeaderElection54] INFO  impl.RaftServerImpl (RaftServerImpl.java:setRole(173)) - a396b6da-9b4a-4217-b353-472b7d1ddb56@group-F576FF0AE710: changes role from CANDIDATE to LEADER at term 1 for changeToLeader
2019-11-13 20:34:43,663 [a396b6da-9b4a-4217-b353-472b7d1ddb56@group-F576FF0AE710-LeaderElection54] INFO  ratis.XceiverServerRatis (XceiverServerRatis.java:handleLeaderChangedNotification(697)) - Leader change notification received for group: group-F576FF0AE710 with new leaderId: a396b6da-9b4a-4217-b353-472b7d1ddb56
2019-11-13 20:34:43,663 [5947ecff-de41-4703-8b6b-2a362119c64b@group-38E26E8762F7-LeaderElection52] INFO  ratis.XceiverServerRatis (XceiverServerRatis.java:handleLeaderChangedNotification(697)) - Leader change notification received for group: group-38E26E8762F7 with new leaderId: 5947ecff-de41-4703-8b6b-2a362119c64b
2019-11-13 20:34:43,663 [Thread-1724] INFO  impl.RoleInfo (RoleInfo.java:updateAndGet(143)) - f7edbf2f-fbe3-4411-b014-7a92b8f685a2: start LeaderElection
2019-11-13 20:34:43,664 [a396b6da-9b4a-4217-b353-472b7d1ddb56@group-F576FF0AE710-LeaderElection54] INFO  impl.RaftServerImpl (ServerState.java:setLeader(255)) - a396b6da-9b4a-4217-b353-472b7d1ddb56@group-F576FF0AE710: change Leader from null to a396b6da-9b4a-4217-b353-472b7d1ddb56 at term 1 for becomeLeader, leader elected after 1149ms
2019-11-13 20:34:43,664 [Datanode State Machine Thread - 0] INFO  statemachine.DatanodeStateMachine (DatanodeStateMachine.java:lambda$startDaemon$0(350)) - Ozone container server started.
2019-11-13 20:34:43,664 [5947ecff-de41-4703-8b6b-2a362119c64b@group-38E26E8762F7-LeaderElection52] INFO  impl.RaftServerImpl (ServerState.java:setLeader(255)) - 5947ecff-de41-4703-8b6b-2a362119c64b@group-38E26E8762F7: change Leader from null to 5947ecff-de41-4703-8b6b-2a362119c64b at term 1 for becomeLeader, leader elected after 1287ms
2019-11-13 20:34:43,664 [a396b6da-9b4a-4217-b353-472b7d1ddb56@group-F576FF0AE710-LeaderElection54] INFO  server.RaftServerConfigKeys (ConfUtils.java:logGet(43)) - raft.server.staging.catchup.gap = 1000 (default)
2019-11-13 20:34:43,664 [5947ecff-de41-4703-8b6b-2a362119c64b@group-38E26E8762F7-LeaderElection52] INFO  server.RaftServerConfigKeys (ConfUtils.java:logGet(43)) - raft.server.staging.catchup.gap = 1000 (default)
2019-11-13 20:34:43,666 [a396b6da-9b4a-4217-b353-472b7d1ddb56@group-F576FF0AE710-LeaderElection54] INFO  server.RaftServerConfigKeys (ConfUtils.java:logGet(43)) - raft.server.rpc.sleep.time = 25ms (default)
2019-11-13 20:34:43,666 [5947ecff-de41-4703-8b6b-2a362119c64b@group-38E26E8762F7-LeaderElection52] INFO  server.RaftServerConfigKeys (ConfUtils.java:logGet(43)) - raft.server.rpc.sleep.time = 25ms (default)
2019-11-13 20:34:43,666 [a396b6da-9b4a-4217-b353-472b7d1ddb56@group-F576FF0AE710-LeaderElection54] INFO  server.RaftServerConfigKeys (ConfUtils.java:logGet(43)) - raft.server.write.element-limit = 4096 (default)
2019-11-13 20:34:43,667 [5947ecff-de41-4703-8b6b-2a362119c64b@group-38E26E8762F7-LeaderElection52] INFO  server.RaftServerConfigKeys (ConfUtils.java:logGet(43)) - raft.server.write.element-limit = 4096 (default)
2019-11-13 20:34:43,667 [EventQueue-PipelineReportForPipelineReportHandler] INFO  pipeline.PipelineStateManager (PipelineStateManager.java:openPipeline(134)) - Pipeline Pipeline[ Id: 84ed7d46-7392-41bf-9107-f576ff0ae710, Nodes: a396b6da-9b4a-4217-b353-472b7d1ddb56{ip: 192.168.34.20, host: pr-hdds-2470-fxbl9-3826649461, networkLocation: /default-rack, certSerialId: null}, Type:RATIS, Factor:ONE, State:OPEN] moved to OPEN state
2019-11-13 20:34:43,667 [a396b6da-9b4a-4217-b353-472b7d1ddb56@group-F576FF0AE710-LeaderElection54] INFO  server.RaftServerConfigKeys (ConfUtils.java:logGet(43)) - raft.server.watch.timeout = 10s (default)
2019-11-13 20:34:43,667 [5947ecff-de41-4703-8b6b-2a362119c64b@group-38E26E8762F7-LeaderElection52] INFO  server.RaftServerConfigKeys (ConfUtils.java:logGet(43)) - raft.server.watch.timeout = 10s (default)
2019-11-13 20:34:43,667 [a396b6da-9b4a-4217-b353-472b7d1ddb56@group-F576FF0AE710-LeaderElection54] INFO  server.RaftServerConfigKeys (ConfUtils.java:logGet(43)) - raft.server.watch.timeout.denomination = 1s (default)
2019-11-13 20:34:43,669 [5947ecff-de41-4703-8b6b-2a362119c64b@group-38E26E8762F7-LeaderElection52] INFO  server.RaftServerConfigKeys (ConfUtils.java:logGet(43)) - raft.server.watch.timeout.denomination = 1s (default)
2019-11-13 20:34:43,669 [a396b6da-9b4a-4217-b353-472b7d1ddb56@group-F576FF0AE710-LeaderElection54] INFO  server.RaftServerConfigKeys (ConfUtils.java:logGet(43)) - raft.server.watch.element-limit = 65536 (default)
2019-11-13 20:34:43,669 [5947ecff-de41-4703-8b6b-2a362119c64b@group-38E26E8762F7-LeaderElection52] INFO  server.RaftServerConfigKeys (ConfUtils.java:logGet(43)) - raft.server.watch.element-limit = 65536 (default)
2019-11-13 20:34:43,669 [a396b6da-9b4a-4217-b353-472b7d1ddb56@group-F576FF0AE710-LeaderElection54] INFO  impl.RoleInfo (RoleInfo.java:updateAndGet(143)) - a396b6da-9b4a-4217-b353-472b7d1ddb56: start LeaderState
2019-11-13 20:34:43,669 [5947ecff-de41-4703-8b6b-2a362119c64b@group-38E26E8762F7-LeaderElection52] INFO  impl.RoleInfo (RoleInfo.java:updateAndGet(143)) - 5947ecff-de41-4703-8b6b-2a362119c64b: start LeaderState
2019-11-13 20:34:43,669 [a396b6da-9b4a-4217-b353-472b7d1ddb56@group-F576FF0AE710-LeaderElection54] INFO  segmented.SegmentedRaftLogWorker (SegmentedRaftLogWorker.java:startLogSegment(385)) - a396b6da-9b4a-4217-b353-472b7d1ddb56@group-F576FF0AE710-SegmentedRaftLogWorker: Starting segment from index:0
2019-11-13 20:34:43,669 [5947ecff-de41-4703-8b6b-2a362119c64b@group-38E26E8762F7-LeaderElection52] INFO  segmented.SegmentedRaftLogWorker (SegmentedRaftLogWorker.java:startLogSegment(385)) - 5947ecff-de41-4703-8b6b-2a362119c64b@group-38E26E8762F7-SegmentedRaftLogWorker: Starting segment from index:0
2019-11-13 20:34:43,670 [a396b6da-9b4a-4217-b353-472b7d1ddb56@group-F576FF0AE710-LeaderElection54] INFO  impl.RaftServerImpl (ServerState.java:setRaftConf(356)) - a396b6da-9b4a-4217-b353-472b7d1ddb56@group-F576FF0AE710: set configuration 0: [a396b6da-9b4a-4217-b353-472b7d1ddb56:192.168.34.20:32811], old=null at 0
2019-11-13 20:34:43,670 [5947ecff-de41-4703-8b6b-2a362119c64b@group-38E26E8762F7-LeaderElection52] INFO  impl.RaftServerImpl (ServerState.java:setRaftConf(356)) - 5947ecff-de41-4703-8b6b-2a362119c64b@group-38E26E8762F7: set configuration 0: [5947ecff-de41-4703-8b6b-2a362119c64b:192.168.34.20:35116], old=null at 0
2019-11-13 20:34:43,678 [f7edbf2f-fbe3-4411-b014-7a92b8f685a2@group-389DA800A9FF-LeaderElection57] INFO  impl.LeaderElection (LeaderElection.java:askForVotes(178)) - f7edbf2f-fbe3-4411-b014-7a92b8f685a2@group-389DA800A9FF-LeaderElection57: begin an election at term 1 for -1: [f7edbf2f-fbe3-4411-b014-7a92b8f685a2:192.168.34.20:37057], old=null
2019-11-13 20:34:43,678 [a396b6da-9b4a-4217-b353-472b7d1ddb56@group-699461127A2D-LeaderElection56] INFO  impl.LeaderElection (LeaderElection.java:askForVotes(178)) - a396b6da-9b4a-4217-b353-472b7d1ddb56@group-699461127A2D-LeaderElection56: begin an election at term 1 for -1: [a396b6da-9b4a-4217-b353-472b7d1ddb56:192.168.34.20:32811, d06fab63-d4ff-4606-9904-3a8389ab2cb6:192.168.34.20:46247, 83ff406b-cc24-4672-8ad4-94afba27c25e:192.168.34.20:34460], old=null
2019-11-13 20:34:43,705 [f7edbf2f-fbe3-4411-b014-7a92b8f685a2@group-389DA800A9FF-LeaderElection57] INFO  impl.RoleInfo (RoleInfo.java:shutdownLeaderElection(134)) - f7edbf2f-fbe3-4411-b014-7a92b8f685a2: shutdown LeaderElection
2019-11-13 20:34:43,705 [f7edbf2f-fbe3-4411-b014-7a92b8f685a2@group-389DA800A9FF-LeaderElection57] INFO  impl.RaftServerImpl (RaftServerImpl.java:setRole(173)) - f7edbf2f-fbe3-4411-b014-7a92b8f685a2@group-389DA800A9FF: changes role from CANDIDATE to LEADER at term 1 for changeToLeader
2019-11-13 20:34:43,705 [f7edbf2f-fbe3-4411-b014-7a92b8f685a2@group-389DA800A9FF-LeaderElection57] INFO  ratis.XceiverServerRatis (XceiverServerRatis.java:handleLeaderChangedNotification(697)) - Leader change notification received for group: group-389DA800A9FF with new leaderId: f7edbf2f-fbe3-4411-b014-7a92b8f685a2
2019-11-13 20:34:43,705 [f7edbf2f-fbe3-4411-b014-7a92b8f685a2@group-389DA800A9FF-LeaderElection57] INFO  impl.RaftServerImpl (ServerState.java:setLeader(255)) - f7edbf2f-fbe3-4411-b014-7a92b8f685a2@group-389DA800A9FF: change Leader from null to f7edbf2f-fbe3-4411-b014-7a92b8f685a2 at term 1 for becomeLeader, leader elected after 1069ms
2019-11-13 20:34:43,705 [f7edbf2f-fbe3-4411-b014-7a92b8f685a2@group-389DA800A9FF-LeaderElection57] INFO  server.RaftServerConfigKeys (ConfUtils.java:logGet(43)) - raft.server.staging.catchup.gap = 1000 (default)
2019-11-13 20:34:43,705 [83ff406b-cc24-4672-8ad4-94afba27c25e@group-699461127A2D-LeaderElection55] INFO  impl.LeaderElection (LeaderElection.java:logAndReturn(56)) - 83ff406b-cc24-4672-8ad4-94afba27c25e@group-699461127A2D-LeaderElection55: Election REJECTED; received 2 response(s) [83ff406b-cc24-4672-8ad4-94afba27c25e<-a396b6da-9b4a-4217-b353-472b7d1ddb56#0:FAIL-t1, 83ff406b-cc24-4672-8ad4-94afba27c25e<-d06fab63-d4ff-4606-9904-3a8389ab2cb6#0:FAIL-t1] and 0 exception(s); 83ff406b-cc24-4672-8ad4-94afba27c25e@group-699461127A2D:t1, leader=null, voted=83ff406b-cc24-4672-8ad4-94afba27c25e, raftlog=83ff406b-cc24-4672-8ad4-94afba27c25e@group-699461127A2D-SegmentedRaftLog:OPENED:c-1,f-1,i0, conf=-1: [a396b6da-9b4a-4217-b353-472b7d1ddb56:192.168.34.20:32811, d06fab63-d4ff-4606-9904-3a8389ab2cb6:192.168.34.20:46247, 83ff406b-cc24-4672-8ad4-94afba27c25e:192.168.34.20:34460], old=null
2019-11-13 20:34:43,705 [d06fab63-d4ff-4606-9904-3a8389ab2cb6@group-699461127A2D-LeaderElection53] INFO  impl.LeaderElection (LeaderElection.java:logAndReturn(56)) - d06fab63-d4ff-4606-9904-3a8389ab2cb6@group-699461127A2D-LeaderElection53: Election REJECTED; received 2 response(s) [d06fab63-d4ff-4606-9904-3a8389ab2cb6<-a396b6da-9b4a-4217-b353-472b7d1ddb56#0:FAIL-t1, d06fab63-d4ff-4606-9904-3a8389ab2cb6<-83ff406b-cc24-4672-8ad4-94afba27c25e#0:FAIL-t1] and 0 exception(s); d06fab63-d4ff-4606-9904-3a8389ab2cb6@group-699461127A2D:t1, leader=null, voted=d06fab63-d4ff-4606-9904-3a8389ab2cb6, raftlog=d06fab63-d4ff-4606-9904-3a8389ab2cb6@group-699461127A2D-SegmentedRaftLog:OPENED:c-1,f-1,i0, conf=-1: [a396b6da-9b4a-4217-b353-472b7d1ddb56:192.168.34.20:32811, d06fab63-d4ff-4606-9904-3a8389ab2cb6:192.168.34.20:46247, 83ff406b-cc24-4672-8ad4-94afba27c25e:192.168.34.20:34460], old=null
2019-11-13 20:34:43,705 [f7edbf2f-fbe3-4411-b014-7a92b8f685a2@group-389DA800A9FF-LeaderElection57] INFO  server.RaftServerConfigKeys (ConfUtils.java:logGet(43)) - raft.server.rpc.sleep.time = 25ms (default)
2019-11-13 20:34:43,706 [d06fab63-d4ff-4606-9904-3a8389ab2cb6@group-699461127A2D-LeaderElection53] INFO  impl.RaftServerImpl (RaftServerImpl.java:setRole(173)) - d06fab63-d4ff-4606-9904-3a8389ab2cb6@group-699461127A2D: changes role from CANDIDATE to FOLLOWER at term 1 for DISCOVERED_A_NEW_TERM
2019-11-13 20:34:43,706 [f7edbf2f-fbe3-4411-b014-7a92b8f685a2@group-389DA800A9FF-LeaderElection57] INFO  server.RaftServerConfigKeys (ConfUtils.java:logGet(43)) - raft.server.write.element-limit = 4096 (default)
2019-11-13 20:34:43,706 [83ff406b-cc24-4672-8ad4-94afba27c25e@group-699461127A2D-LeaderElection55] INFO  impl.RaftServerImpl (RaftServerImpl.java:setRole(173)) - 83ff406b-cc24-4672-8ad4-94afba27c25e@group-699461127A2D: changes role from CANDIDATE to FOLLOWER at term 1 for DISCOVERED_A_NEW_TERM
2019-11-13 20:34:43,706 [f7edbf2f-fbe3-4411-b014-7a92b8f685a2@group-389DA800A9FF-LeaderElection57] INFO  server.RaftServerConfigKeys (ConfUtils.java:logGet(43)) - raft.server.watch.timeout = 10s (default)
2019-11-13 20:34:43,706 [d06fab63-d4ff-4606-9904-3a8389ab2cb6@group-699461127A2D-LeaderElection53] INFO  impl.RoleInfo (RoleInfo.java:shutdownLeaderElection(134)) - d06fab63-d4ff-4606-9904-3a8389ab2cb6: shutdown LeaderElection
2019-11-13 20:34:43,706 [f7edbf2f-fbe3-4411-b014-7a92b8f685a2@group-389DA800A9FF-LeaderElection57] INFO  server.RaftServerConfigKeys (ConfUtils.java:logGet(43)) - raft.server.watch.timeout.denomination = 1s (default)
2019-11-13 20:34:43,706 [EventQueue-PipelineReportForPipelineReportHandler] INFO  pipeline.PipelineStateManager (PipelineStateManager.java:openPipeline(134)) - Pipeline Pipeline[ Id: d8c25652-de3b-4cd7-b3bc-389da800a9ff, Nodes: f7edbf2f-fbe3-4411-b014-7a92b8f685a2{ip: 192.168.34.20, host: pr-hdds-2470-fxbl9-3826649461, networkLocation: /default-rack, certSerialId: null}, Type:RATIS, Factor:ONE, State:OPEN] moved to OPEN state
2019-11-13 20:34:43,706 [83ff406b-cc24-4672-8ad4-94afba27c25e@group-699461127A2D-LeaderElection55] INFO  impl.RoleInfo (RoleInfo.java:shutdownLeaderElection(134)) - 83ff406b-cc24-4672-8ad4-94afba27c25e: shutdown LeaderElection
2019-11-13 20:34:43,706 [d06fab63-d4ff-4606-9904-3a8389ab2cb6@group-699461127A2D-LeaderElection53] INFO  impl.RoleInfo (RoleInfo.java:updateAndGet(143)) - d06fab63-d4ff-4606-9904-3a8389ab2cb6: start FollowerState
2019-11-13 20:34:43,706 [f7edbf2f-fbe3-4411-b014-7a92b8f685a2@group-389DA800A9FF-LeaderElection57] INFO  server.RaftServerConfigKeys (ConfUtils.java:logGet(43)) - raft.server.watch.element-limit = 65536 (default)
2019-11-13 20:34:43,707 [83ff406b-cc24-4672-8ad4-94afba27c25e@group-699461127A2D-LeaderElection55] INFO  impl.RoleInfo (RoleInfo.java:updateAndGet(143)) - 83ff406b-cc24-4672-8ad4-94afba27c25e: start FollowerState
2019-11-13 20:34:43,707 [f7edbf2f-fbe3-4411-b014-7a92b8f685a2@group-389DA800A9FF-LeaderElection57] INFO  impl.RoleInfo (RoleInfo.java:updateAndGet(143)) - f7edbf2f-fbe3-4411-b014-7a92b8f685a2: start LeaderState
2019-11-13 20:34:43,707 [f7edbf2f-fbe3-4411-b014-7a92b8f685a2@group-389DA800A9FF-LeaderElection57] INFO  segmented.SegmentedRaftLogWorker (SegmentedRaftLogWorker.java:startLogSegment(385)) - f7edbf2f-fbe3-4411-b014-7a92b8f685a2@group-389DA800A9FF-SegmentedRaftLogWorker: Starting segment from index:0
2019-11-13 20:34:43,707 [f7edbf2f-fbe3-4411-b014-7a92b8f685a2@group-389DA800A9FF-LeaderElection57] INFO  impl.RaftServerImpl (ServerState.java:setRaftConf(356)) - f7edbf2f-fbe3-4411-b014-7a92b8f685a2@group-389DA800A9FF: set configuration 0: [f7edbf2f-fbe3-4411-b014-7a92b8f685a2:192.168.34.20:37057], old=null at 0
2019-11-13 20:34:43,730 [Thread-1720] INFO  impl.FollowerState (FollowerState.java:run(111)) - 83ff406b-cc24-4672-8ad4-94afba27c25e@group-341645E41370-FollowerState: change to CANDIDATE, lastRpcTime:1142ms, electionTimeout:1135ms
2019-11-13 20:34:43,730 [a396b6da-9b4a-4217-b353-472b7d1ddb56@group-F576FF0AE710-SegmentedRaftLogWorker] INFO  segmented.SegmentedRaftLogWorker (SegmentedRaftLogWorker.java:execute(576)) - a396b6da-9b4a-4217-b353-472b7d1ddb56@group-F576FF0AE710-SegmentedRaftLogWorker: created new log segment /workdir/hadoop-ozone/integration-test/target/test-dir/MiniOzoneClusterImpl-e028e34c-e788-4356-b3c1-17795b02fdc7/datanode-0/data/ratis/84ed7d46-7392-41bf-9107-f576ff0ae710/current/log_inprogress_0
2019-11-13 20:34:43,730 [Thread-1720] INFO  impl.RoleInfo (RoleInfo.java:shutdownFollowerState(121)) - 83ff406b-cc24-4672-8ad4-94afba27c25e: shutdown FollowerState
2019-11-13 20:34:43,730 [5947ecff-de41-4703-8b6b-2a362119c64b@group-38E26E8762F7-SegmentedRaftLogWorker] INFO  segmented.SegmentedRaftLogWorker (SegmentedRaftLogWorker.java:execute(576)) - 5947ecff-de41-4703-8b6b-2a362119c64b@group-38E26E8762F7-SegmentedRaftLogWorker: created new log segment /workdir/hadoop-ozone/integration-test/target/test-dir/MiniOzoneClusterImpl-e028e34c-e788-4356-b3c1-17795b02fdc7/datanode-3/data/ratis/63c7e3ef-c765-458e-b836-38e26e8762f7/current/log_inprogress_0
2019-11-13 20:34:43,731 [Thread-1720] INFO  impl.RaftServerImpl (RaftServerImpl.java:setRole(173)) - 83ff406b-cc24-4672-8ad4-94afba27c25e@group-341645E41370: changes role from  FOLLOWER to CANDIDATE at term 0 for changeToCandidate
2019-11-13 20:34:43,731 [Thread-1720] INFO  impl.RoleInfo (RoleInfo.java:updateAndGet(143)) - 83ff406b-cc24-4672-8ad4-94afba27c25e: start LeaderElection
2019-11-13 20:34:43,733 [a396b6da-9b4a-4217-b353-472b7d1ddb56@group-699461127A2D-LeaderElection56] INFO  impl.LeaderElection (LeaderElection.java:logAndReturn(56)) - a396b6da-9b4a-4217-b353-472b7d1ddb56@group-699461127A2D-LeaderElection56: Election REJECTED; received 2 response(s) [a396b6da-9b4a-4217-b353-472b7d1ddb56<-d06fab63-d4ff-4606-9904-3a8389ab2cb6#0:FAIL-t1, a396b6da-9b4a-4217-b353-472b7d1ddb56<-83ff406b-cc24-4672-8ad4-94afba27c25e#0:FAIL-t1] and 0 exception(s); a396b6da-9b4a-4217-b353-472b7d1ddb56@group-699461127A2D:t1, leader=null, voted=a396b6da-9b4a-4217-b353-472b7d1ddb56, raftlog=a396b6da-9b4a-4217-b353-472b7d1ddb56@group-699461127A2D-SegmentedRaftLog:OPENED:c-1,f-1,i0, conf=-1: [a396b6da-9b4a-4217-b353-472b7d1ddb56:192.168.34.20:32811, d06fab63-d4ff-4606-9904-3a8389ab2cb6:192.168.34.20:46247, 83ff406b-cc24-4672-8ad4-94afba27c25e:192.168.34.20:34460], old=null
2019-11-13 20:34:43,734 [a396b6da-9b4a-4217-b353-472b7d1ddb56@group-699461127A2D-LeaderElection56] INFO  impl.RaftServerImpl (RaftServerImpl.java:setRole(173)) - a396b6da-9b4a-4217-b353-472b7d1ddb56@group-699461127A2D: changes role from CANDIDATE to FOLLOWER at term 1 for DISCOVERED_A_NEW_TERM
2019-11-13 20:34:43,734 [a396b6da-9b4a-4217-b353-472b7d1ddb56@group-699461127A2D-LeaderElection56] INFO  impl.RoleInfo (RoleInfo.java:shutdownLeaderElection(134)) - a396b6da-9b4a-4217-b353-472b7d1ddb56: shutdown LeaderElection
2019-11-13 20:34:43,734 [a396b6da-9b4a-4217-b353-472b7d1ddb56@group-699461127A2D-LeaderElection56] INFO  impl.RoleInfo (RoleInfo.java:updateAndGet(143)) - a396b6da-9b4a-4217-b353-472b7d1ddb56: start FollowerState
2019-11-13 20:34:43,743 [f7edbf2f-fbe3-4411-b014-7a92b8f685a2@group-389DA800A9FF-SegmentedRaftLogWorker] INFO  segmented.SegmentedRaftLogWorker (SegmentedRaftLogWorker.java:execute(576)) - f7edbf2f-fbe3-4411-b014-7a92b8f685a2@group-389DA800A9FF-SegmentedRaftLogWorker: created new log segment /workdir/hadoop-ozone/integration-test/target/test-dir/MiniOzoneClusterImpl-e028e34c-e788-4356-b3c1-17795b02fdc7/datanode-4/data/ratis/d8c25652-de3b-4cd7-b3bc-389da800a9ff/current/log_inprogress_0
2019-11-13 20:34:43,743 [83ff406b-cc24-4672-8ad4-94afba27c25e@group-341645E41370-LeaderElection58] INFO  impl.LeaderElection (LeaderElection.java:askForVotes(178)) - 83ff406b-cc24-4672-8ad4-94afba27c25e@group-341645E41370-LeaderElection58: begin an election at term 1 for -1: [83ff406b-cc24-4672-8ad4-94afba27c25e:192.168.34.20:34460], old=null
2019-11-13 20:34:43,743 [83ff406b-cc24-4672-8ad4-94afba27c25e@group-341645E41370-LeaderElection58] INFO  impl.RoleInfo (RoleInfo.java:shutdownLeaderElection(134)) - 83ff406b-cc24-4672-8ad4-94afba27c25e: shutdown LeaderElection
2019-11-13 20:34:43,743 [83ff406b-cc24-4672-8ad4-94afba27c25e@group-341645E41370-LeaderElection58] INFO  impl.RaftServerImpl (RaftServerImpl.java:setRole(173)) - 83ff406b-cc24-4672-8ad4-94afba27c25e@group-341645E41370: changes role from CANDIDATE to LEADER at term 1 for changeToLeader
2019-11-13 20:34:43,743 [83ff406b-cc24-4672-8ad4-94afba27c25e@group-341645E41370-LeaderElection58] INFO  ratis.XceiverServerRatis (XceiverServerRatis.java:handleLeaderChangedNotification(697)) - Leader change notification received for group: group-341645E41370 with new leaderId: 83ff406b-cc24-4672-8ad4-94afba27c25e
2019-11-13 20:34:43,744 [83ff406b-cc24-4672-8ad4-94afba27c25e@group-341645E41370-LeaderElection58] INFO  impl.RaftServerImpl (ServerState.java:setLeader(255)) - 83ff406b-cc24-4672-8ad4-94afba27c25e@group-341645E41370: change Leader from null to 83ff406b-cc24-4672-8ad4-94afba27c25e at term 1 for becomeLeader, leader elected after 1159ms
2019-11-13 20:34:43,744 [Datanode State Machine Thread - 0] INFO  statemachine.DatanodeStateMachine (DatanodeStateMachine.java:lambda$startDaemon$0(350)) - Ozone container server started.
2019-11-13 20:34:43,744 [83ff406b-cc24-4672-8ad4-94afba27c25e@group-341645E41370-LeaderElection58] INFO  server.RaftServerConfigKeys (ConfUtils.java:logGet(43)) - raft.server.staging.catchup.gap = 1000 (default)
2019-11-13 20:34:43,744 [83ff406b-cc24-4672-8ad4-94afba27c25e@group-341645E41370-LeaderElection58] INFO  server.RaftServerConfigKeys (ConfUtils.java:logGet(43)) - raft.server.rpc.sleep.time = 25ms (default)
2019-11-13 20:34:43,744 [83ff406b-cc24-4672-8ad4-94afba27c25e@group-341645E41370-LeaderElection58] INFO  server.RaftServerConfigKeys (ConfUtils.java:logGet(43)) - raft.server.write.element-limit = 4096 (default)
2019-11-13 20:34:43,744 [83ff406b-cc24-4672-8ad4-94afba27c25e@group-341645E41370-LeaderElection58] INFO  server.RaftServerConfigKeys (ConfUtils.java:logGet(43)) - raft.server.watch.timeout = 10s (default)
2019-11-13 20:34:43,744 [83ff406b-cc24-4672-8ad4-94afba27c25e@group-341645E41370-LeaderElection58] INFO  server.RaftServerConfigKeys (ConfUtils.java:logGet(43)) - raft.server.watch.timeout.denomination = 1s (default)
2019-11-13 20:34:43,744 [83ff406b-cc24-4672-8ad4-94afba27c25e@group-341645E41370-LeaderElection58] INFO  server.RaftServerConfigKeys (ConfUtils.java:logGet(43)) - raft.server.watch.element-limit = 65536 (default)
2019-11-13 20:34:43,744 [83ff406b-cc24-4672-8ad4-94afba27c25e@group-341645E41370-LeaderElection58] INFO  impl.RoleInfo (RoleInfo.java:updateAndGet(143)) - 83ff406b-cc24-4672-8ad4-94afba27c25e: start LeaderState
2019-11-13 20:34:43,744 [83ff406b-cc24-4672-8ad4-94afba27c25e@group-341645E41370-LeaderElection58] INFO  segmented.SegmentedRaftLogWorker (SegmentedRaftLogWorker.java:startLogSegment(385)) - 83ff406b-cc24-4672-8ad4-94afba27c25e@group-341645E41370-SegmentedRaftLogWorker: Starting segment from index:0
2019-11-13 20:34:43,745 [83ff406b-cc24-4672-8ad4-94afba27c25e@group-341645E41370-LeaderElection58] INFO  impl.RaftServerImpl (ServerState.java:setRaftConf(356)) - 83ff406b-cc24-4672-8ad4-94afba27c25e@group-341645E41370: set configuration 0: [83ff406b-cc24-4672-8ad4-94afba27c25e:192.168.34.20:34460], old=null at 0
2019-11-13 20:34:43,796 [83ff406b-cc24-4672-8ad4-94afba27c25e@group-341645E41370-SegmentedRaftLogWorker] INFO  segmented.SegmentedRaftLogWorker (SegmentedRaftLogWorker.java:execute(576)) - 83ff406b-cc24-4672-8ad4-94afba27c25e@group-341645E41370-SegmentedRaftLogWorker: created new log segment /workdir/hadoop-ozone/integration-test/target/test-dir/MiniOzoneClusterImpl-e028e34c-e788-4356-b3c1-17795b02fdc7/datanode-1/data/ratis/62ed65f1-3bf4-49f8-abba-341645e41370/current/log_inprogress_0
2019-11-13 20:34:44,785 [Thread-1759] INFO  impl.FollowerState (FollowerState.java:run(111)) - d06fab63-d4ff-4606-9904-3a8389ab2cb6@group-699461127A2D-FollowerState: change to CANDIDATE, lastRpcTime:1078ms, electionTimeout:1078ms
2019-11-13 20:34:44,785 [Thread-1759] INFO  impl.RoleInfo (RoleInfo.java:shutdownFollowerState(121)) - d06fab63-d4ff-4606-9904-3a8389ab2cb6: shutdown FollowerState
2019-11-13 20:34:44,785 [Thread-1759] INFO  impl.RaftServerImpl (RaftServerImpl.java:setRole(173)) - d06fab63-d4ff-4606-9904-3a8389ab2cb6@group-699461127A2D: changes role from  FOLLOWER to CANDIDATE at term 1 for changeToCandidate
2019-11-13 20:34:44,785 [Thread-1759] INFO  impl.RoleInfo (RoleInfo.java:updateAndGet(143)) - d06fab63-d4ff-4606-9904-3a8389ab2cb6: start LeaderElection
2019-11-13 20:34:44,800 [d06fab63-d4ff-4606-9904-3a8389ab2cb6@group-699461127A2D-LeaderElection59] INFO  impl.LeaderElection (LeaderElection.java:askForVotes(178)) - d06fab63-d4ff-4606-9904-3a8389ab2cb6@group-699461127A2D-LeaderElection59: begin an election at term 2 for -1: [a396b6da-9b4a-4217-b353-472b7d1ddb56:192.168.34.20:32811, d06fab63-d4ff-4606-9904-3a8389ab2cb6:192.168.34.20:46247, 83ff406b-cc24-4672-8ad4-94afba27c25e:192.168.34.20:34460], old=null
2019-11-13 20:34:44,802 [grpc-default-executor-0] INFO  impl.RaftServerImpl (RaftServerImpl.java:setRole(173)) - 83ff406b-cc24-4672-8ad4-94afba27c25e@group-699461127A2D: changes role from  FOLLOWER to FOLLOWER at term 2 for recognizeCandidate:d06fab63-d4ff-4606-9904-3a8389ab2cb6
2019-11-13 20:34:44,803 [grpc-default-executor-0] INFO  impl.RoleInfo (RoleInfo.java:shutdownFollowerState(121)) - 83ff406b-cc24-4672-8ad4-94afba27c25e: shutdown FollowerState
2019-11-13 20:34:44,803 [grpc-default-executor-3] INFO  impl.RaftServerImpl (RaftServerImpl.java:setRole(173)) - a396b6da-9b4a-4217-b353-472b7d1ddb56@group-699461127A2D: changes role from  FOLLOWER to FOLLOWER at term 2 for recognizeCandidate:d06fab63-d4ff-4606-9904-3a8389ab2cb6
2019-11-13 20:34:44,803 [grpc-default-executor-0] INFO  impl.RoleInfo (RoleInfo.java:updateAndGet(143)) - 83ff406b-cc24-4672-8ad4-94afba27c25e: start FollowerState
2019-11-13 20:34:44,803 [Thread-1760] INFO  impl.FollowerState (FollowerState.java:run(120)) - 83ff406b-cc24-4672-8ad4-94afba27c25e@group-699461127A2D-FollowerState was interrupted: java.lang.InterruptedException: sleep interrupted
2019-11-13 20:34:44,803 [grpc-default-executor-3] INFO  impl.RoleInfo (RoleInfo.java:shutdownFollowerState(121)) - a396b6da-9b4a-4217-b353-472b7d1ddb56: shutdown FollowerState
2019-11-13 20:34:44,803 [grpc-default-executor-3] INFO  impl.RoleInfo (RoleInfo.java:updateAndGet(143)) - a396b6da-9b4a-4217-b353-472b7d1ddb56: start FollowerState
2019-11-13 20:34:44,803 [Thread-1762] INFO  impl.FollowerState (FollowerState.java:run(120)) - a396b6da-9b4a-4217-b353-472b7d1ddb56@group-699461127A2D-FollowerState was interrupted: java.lang.InterruptedException: sleep interrupted
2019-11-13 20:34:44,817 [d06fab63-d4ff-4606-9904-3a8389ab2cb6@group-699461127A2D-LeaderElection59] INFO  impl.LeaderElection (LeaderElection.java:logAndReturn(56)) - d06fab63-d4ff-4606-9904-3a8389ab2cb6@group-699461127A2D-LeaderElection59: Election PASSED; received 1 response(s) [d06fab63-d4ff-4606-9904-3a8389ab2cb6<-83ff406b-cc24-4672-8ad4-94afba27c25e#0:OK-t2] and 0 exception(s); d06fab63-d4ff-4606-9904-3a8389ab2cb6@group-699461127A2D:t2, leader=null, voted=d06fab63-d4ff-4606-9904-3a8389ab2cb6, raftlog=d06fab63-d4ff-4606-9904-3a8389ab2cb6@group-699461127A2D-SegmentedRaftLog:OPENED:c-1,f-1,i0, conf=-1: [a396b6da-9b4a-4217-b353-472b7d1ddb56:192.168.34.20:32811, d06fab63-d4ff-4606-9904-3a8389ab2cb6:192.168.34.20:46247, 83ff406b-cc24-4672-8ad4-94afba27c25e:192.168.34.20:34460], old=null
2019-11-13 20:34:44,817 [d06fab63-d4ff-4606-9904-3a8389ab2cb6@group-699461127A2D-LeaderElection59] INFO  impl.RoleInfo (RoleInfo.java:shutdownLeaderElection(134)) - d06fab63-d4ff-4606-9904-3a8389ab2cb6: shutdown LeaderElection
2019-11-13 20:34:44,818 [d06fab63-d4ff-4606-9904-3a8389ab2cb6@group-699461127A2D-LeaderElection59] INFO  impl.RaftServerImpl (RaftServerImpl.java:setRole(173)) - d06fab63-d4ff-4606-9904-3a8389ab2cb6@group-699461127A2D: changes role from CANDIDATE to LEADER at term 2 for changeToLeader
2019-11-13 20:34:44,818 [d06fab63-d4ff-4606-9904-3a8389ab2cb6@group-699461127A2D-LeaderElection59] INFO  ratis.XceiverServerRatis (XceiverServerRatis.java:handleLeaderChangedNotification(697)) - Leader change notification received for group: group-699461127A2D with new leaderId: d06fab63-d4ff-4606-9904-3a8389ab2cb6
2019-11-13 20:34:44,818 [d06fab63-d4ff-4606-9904-3a8389ab2cb6@group-699461127A2D-LeaderElection59] INFO  impl.RaftServerImpl (ServerState.java:setLeader(255)) - d06fab63-d4ff-4606-9904-3a8389ab2cb6@group-699461127A2D: change Leader from null to d06fab63-d4ff-4606-9904-3a8389ab2cb6 at term 2 for becomeLeader, leader elected after 2363ms
2019-11-13 20:34:44,818 [d06fab63-d4ff-4606-9904-3a8389ab2cb6@group-699461127A2D-LeaderElection59] INFO  server.RaftServerConfigKeys (ConfUtils.java:logGet(43)) - raft.server.staging.catchup.gap = 1000 (default)
2019-11-13 20:34:44,818 [d06fab63-d4ff-4606-9904-3a8389ab2cb6@group-699461127A2D-LeaderElection59] INFO  server.RaftServerConfigKeys (ConfUtils.java:logGet(43)) - raft.server.rpc.sleep.time = 25ms (default)
2019-11-13 20:34:44,819 [d06fab63-d4ff-4606-9904-3a8389ab2cb6@group-699461127A2D-LeaderElection59] INFO  server.RaftServerConfigKeys (ConfUtils.java:logGet(43)) - raft.server.write.element-limit = 4096 (default)
2019-11-13 20:34:44,819 [d06fab63-d4ff-4606-9904-3a8389ab2cb6@group-699461127A2D-LeaderElection59] INFO  server.RaftServerConfigKeys (ConfUtils.java:logGet(43)) - raft.server.watch.timeout = 10s (default)
2019-11-13 20:34:44,819 [d06fab63-d4ff-4606-9904-3a8389ab2cb6@group-699461127A2D-LeaderElection59] INFO  server.RaftServerConfigKeys (ConfUtils.java:logGet(43)) - raft.server.watch.timeout.denomination = 1s (default)
2019-11-13 20:34:44,819 [d06fab63-d4ff-4606-9904-3a8389ab2cb6@group-699461127A2D-LeaderElection59] INFO  server.RaftServerConfigKeys (ConfUtils.java:logGet(43)) - raft.server.watch.element-limit = 65536 (default)
2019-11-13 20:34:44,819 [EventQueue-PipelineReportForPipelineReportHandler] INFO  pipeline.PipelineStateManager (PipelineStateManager.java:openPipeline(134)) - Pipeline Pipeline[ Id: 07360e25-b38f-4222-80a9-699461127a2d, Nodes: 83ff406b-cc24-4672-8ad4-94afba27c25e{ip: 192.168.34.20, host: pr-hdds-2470-fxbl9-3826649461, networkLocation: /default-rack, certSerialId: null}a396b6da-9b4a-4217-b353-472b7d1ddb56{ip: 192.168.34.20, host: pr-hdds-2470-fxbl9-3826649461, networkLocation: /default-rack, certSerialId: null}d06fab63-d4ff-4606-9904-3a8389ab2cb6{ip: 192.168.34.20, host: pr-hdds-2470-fxbl9-3826649461, networkLocation: /default-rack, certSerialId: null}, Type:RATIS, Factor:THREE, State:OPEN] moved to OPEN state
2019-11-13 20:34:44,819 [d06fab63-d4ff-4606-9904-3a8389ab2cb6@group-699461127A2D-LeaderElection59] INFO  server.RaftServerConfigKeys (ConfUtils.java:logGet(43)) - raft.server.log.appender.snapshot.chunk.size.max = 16MB (=16777216) (default)
2019-11-13 20:34:44,820 [d06fab63-d4ff-4606-9904-3a8389ab2cb6@group-699461127A2D-LeaderElection59] INFO  server.RaftServerConfigKeys (ConfUtils.java:logGet(43)) - raft.server.log.appender.buffer.byte-limit = 33554432 (custom)
2019-11-13 20:34:44,820 [d06fab63-d4ff-4606-9904-3a8389ab2cb6@group-699461127A2D-LeaderElection59] INFO  server.RaftServerConfigKeys (ConfUtils.java:logGet(43)) - raft.server.log.appender.buffer.element-limit = 1 (custom)
2019-11-13 20:34:44,820 [d06fab63-d4ff-4606-9904-3a8389ab2cb6@group-699461127A2D-LeaderElection59] INFO  grpc.GrpcConfigKeys$Server (ConfUtils.java:logGet(43)) - raft.grpc.server.leader.outstanding.appends.max = 128 (default)
2019-11-13 20:34:44,820 [d06fab63-d4ff-4606-9904-3a8389ab2cb6@group-699461127A2D-LeaderElection59] INFO  server.RaftServerConfigKeys (ConfUtils.java:logGet(43)) - raft.server.rpc.request.timeout = 3000ms (default)
2019-11-13 20:34:44,820 [d06fab63-d4ff-4606-9904-3a8389ab2cb6@group-699461127A2D-LeaderElection59] INFO  server.RaftServerConfigKeys (ConfUtils.java:logGet(43)) - raft.server.log.appender.install.snapshot.enabled = false (custom)
2019-11-13 20:34:44,821 [d06fab63-d4ff-4606-9904-3a8389ab2cb6@group-699461127A2D-LeaderElection59] WARN  impl.MetricRegistriesImpl (MetricRegistriesImpl.java:lambda$create$1(61)) - First MetricRegistry has been created without registering reporters. You may need to call MetricRegistries.global().addReportRegistration(...) before.
2019-11-13 20:34:44,821 [d06fab63-d4ff-4606-9904-3a8389ab2cb6@group-699461127A2D-LeaderElection59] INFO  server.RaftServerConfigKeys (ConfUtils.java:logGet(43)) - raft.server.log.appender.snapshot.chunk.size.max = 16MB (=16777216) (default)
2019-11-13 20:34:44,821 [d06fab63-d4ff-4606-9904-3a8389ab2cb6@group-699461127A2D-LeaderElection59] INFO  server.RaftServerConfigKeys (ConfUtils.java:logGet(43)) - raft.server.log.appender.buffer.byte-limit = 33554432 (custom)
2019-11-13 20:34:44,821 [d06fab63-d4ff-4606-9904-3a8389ab2cb6@group-699461127A2D-LeaderElection59] INFO  server.RaftServerConfigKeys (ConfUtils.java:logGet(43)) - raft.server.log.appender.buffer.element-limit = 1 (custom)
2019-11-13 20:34:44,821 [d06fab63-d4ff-4606-9904-3a8389ab2cb6@group-699461127A2D-LeaderElection59] INFO  grpc.GrpcConfigKeys$Server (ConfUtils.java:logGet(43)) - raft.grpc.server.leader.outstanding.appends.max = 128 (default)
2019-11-13 20:34:44,821 [d06fab63-d4ff-4606-9904-3a8389ab2cb6@group-699461127A2D-LeaderElection59] INFO  server.RaftServerConfigKeys (ConfUtils.java:logGet(43)) - raft.server.rpc.request.timeout = 3000ms (default)
2019-11-13 20:34:44,821 [d06fab63-d4ff-4606-9904-3a8389ab2cb6@group-699461127A2D-LeaderElection59] INFO  server.RaftServerConfigKeys (ConfUtils.java:logGet(43)) - raft.server.log.appender.install.snapshot.enabled = false (custom)
2019-11-13 20:34:44,822 [d06fab63-d4ff-4606-9904-3a8389ab2cb6@group-699461127A2D-LeaderElection59] INFO  impl.RoleInfo (RoleInfo.java:updateAndGet(143)) - d06fab63-d4ff-4606-9904-3a8389ab2cb6: start LeaderState
2019-11-13 20:34:44,822 [d06fab63-d4ff-4606-9904-3a8389ab2cb6@group-699461127A2D-LeaderElection59] INFO  segmented.SegmentedRaftLogWorker (SegmentedRaftLogWorker.java:startLogSegment(385)) - d06fab63-d4ff-4606-9904-3a8389ab2cb6@group-699461127A2D-SegmentedRaftLogWorker: Starting segment from index:0
2019-11-13 20:34:44,822 [d06fab63-d4ff-4606-9904-3a8389ab2cb6@group-699461127A2D-LeaderElection59] INFO  impl.RaftServerImpl (ServerState.java:setRaftConf(356)) - d06fab63-d4ff-4606-9904-3a8389ab2cb6@group-699461127A2D: set configuration 0: [a396b6da-9b4a-4217-b353-472b7d1ddb56:192.168.34.20:32811, d06fab63-d4ff-4606-9904-3a8389ab2cb6:192.168.34.20:46247, 83ff406b-cc24-4672-8ad4-94afba27c25e:192.168.34.20:34460], old=null at 0
2019-11-13 20:34:44,823 [grpc-default-executor-0] INFO  ratis.XceiverServerRatis (XceiverServerRatis.java:handleLeaderChangedNotification(697)) - Leader change notification received for group: group-699461127A2D with new leaderId: d06fab63-d4ff-4606-9904-3a8389ab2cb6
2019-11-13 20:34:44,823 [grpc-default-executor-0] INFO  impl.RaftServerImpl (ServerState.java:setLeader(255)) - 83ff406b-cc24-4672-8ad4-94afba27c25e@group-699461127A2D: change Leader from null to d06fab63-d4ff-4606-9904-3a8389ab2cb6 at term 2 for appendEntries, leader elected after 2368ms
2019-11-13 20:34:44,823 [grpc-default-executor-3] INFO  ratis.XceiverServerRatis (XceiverServerRatis.java:handleLeaderChangedNotification(697)) - Leader change notification received for group: group-699461127A2D with new leaderId: d06fab63-d4ff-4606-9904-3a8389ab2cb6
2019-11-13 20:34:44,824 [grpc-default-executor-3] INFO  impl.RaftServerImpl (ServerState.java:setLeader(255)) - a396b6da-9b4a-4217-b353-472b7d1ddb56@group-699461127A2D: change Leader from null to d06fab63-d4ff-4606-9904-3a8389ab2cb6 at term 2 for appendEntries, leader elected after 2369ms
2019-11-13 20:34:44,825 [grpc-default-executor-3] INFO  impl.RaftServerImpl (ServerState.java:setRaftConf(356)) - 83ff406b-cc24-4672-8ad4-94afba27c25e@group-699461127A2D: set configuration 0: [a396b6da-9b4a-4217-b353-472b7d1ddb56:192.168.34.20:32811, d06fab63-d4ff-4606-9904-3a8389ab2cb6:192.168.34.20:46247, 83ff406b-cc24-4672-8ad4-94afba27c25e:192.168.34.20:34460], old=null at 0
2019-11-13 20:34:44,825 [grpc-default-executor-3] INFO  segmented.SegmentedRaftLogWorker (SegmentedRaftLogWorker.java:startLogSegment(385)) - 83ff406b-cc24-4672-8ad4-94afba27c25e@group-699461127A2D-SegmentedRaftLogWorker: Starting segment from index:0
2019-11-13 20:34:44,825 [grpc-default-executor-0] INFO  impl.RaftServerImpl (ServerState.java:setRaftConf(356)) - a396b6da-9b4a-4217-b353-472b7d1ddb56@group-699461127A2D: set configuration 0: [a396b6da-9b4a-4217-b353-472b7d1ddb56:192.168.34.20:32811, d06fab63-d4ff-4606-9904-3a8389ab2cb6:192.168.34.20:46247, 83ff406b-cc24-4672-8ad4-94afba27c25e:192.168.34.20:34460], old=null at 0
2019-11-13 20:34:44,825 [grpc-default-executor-0] INFO  segmented.SegmentedRaftLogWorker (SegmentedRaftLogWorker.java:startLogSegment(385)) - a396b6da-9b4a-4217-b353-472b7d1ddb56@group-699461127A2D-SegmentedRaftLogWorker: Starting segment from index:0
2019-11-13 20:34:44,864 [a396b6da-9b4a-4217-b353-472b7d1ddb56@group-699461127A2D-SegmentedRaftLogWorker] INFO  segmented.SegmentedRaftLogWorker (SegmentedRaftLogWorker.java:execute(576)) - a396b6da-9b4a-4217-b353-472b7d1ddb56@group-699461127A2D-SegmentedRaftLogWorker: created new log segment /workdir/hadoop-ozone/integration-test/target/test-dir/MiniOzoneClusterImpl-e028e34c-e788-4356-b3c1-17795b02fdc7/datanode-0/data/ratis/07360e25-b38f-4222-80a9-699461127a2d/current/log_inprogress_0
2019-11-13 20:34:44,864 [d06fab63-d4ff-4606-9904-3a8389ab2cb6@group-699461127A2D-SegmentedRaftLogWorker] INFO  segmented.SegmentedRaftLogWorker (SegmentedRaftLogWorker.java:execute(576)) - d06fab63-d4ff-4606-9904-3a8389ab2cb6@group-699461127A2D-SegmentedRaftLogWorker: created new log segment /workdir/hadoop-ozone/integration-test/target/test-dir/MiniOzoneClusterImpl-e028e34c-e788-4356-b3c1-17795b02fdc7/datanode-2/data/ratis/07360e25-b38f-4222-80a9-699461127a2d/current/log_inprogress_0
2019-11-13 20:34:44,864 [83ff406b-cc24-4672-8ad4-94afba27c25e@group-699461127A2D-SegmentedRaftLogWorker] INFO  segmented.SegmentedRaftLogWorker (SegmentedRaftLogWorker.java:execute(576)) - 83ff406b-cc24-4672-8ad4-94afba27c25e@group-699461127A2D-SegmentedRaftLogWorker: created new log segment /workdir/hadoop-ozone/integration-test/target/test-dir/MiniOzoneClusterImpl-e028e34c-e788-4356-b3c1-17795b02fdc7/datanode-1/data/ratis/07360e25-b38f-4222-80a9-699461127a2d/current/log_inprogress_0
2019-11-13 20:34:48,256 [ForkJoinPool.commonPool-worker-1] INFO  ozoneimpl.OzoneContainer (OzoneContainer.java:stop(244)) - Attempting to stop container services.
2019-11-13 20:34:48,256 [main] INFO  ozoneimpl.OzoneContainer (OzoneContainer.java:stop(244)) - Attempting to stop container services.
2019-11-13 20:34:48,258 [ForkJoinPool.commonPool-worker-1] INFO  impl.RaftServerProxy (RaftServerProxy.java:lambda$close$4(314)) - 83ff406b-cc24-4672-8ad4-94afba27c25e: close
2019-11-13 20:34:48,258 [main] INFO  impl.RaftServerProxy (RaftServerProxy.java:lambda$close$4(314)) - 5947ecff-de41-4703-8b6b-2a362119c64b: close
2019-11-13 20:34:48,258 [main] INFO  impl.RaftServerImpl (RaftServerImpl.java:lambda$shutdown$3(250)) - 5947ecff-de41-4703-8b6b-2a362119c64b@group-9AC72DC02C8F: shutdown
2019-11-13 20:34:48,258 [ForkJoinPool.commonPool-worker-1] INFO  impl.RaftServerImpl (RaftServerImpl.java:lambda$shutdown$3(250)) - 83ff406b-cc24-4672-8ad4-94afba27c25e@group-341645E41370: shutdown
2019-11-13 20:34:48,259 [main] INFO  util.JmxRegister (JmxRegister.java:unregister(73)) - Successfully un-registered JMX Bean with object name Ratis:service=RaftServer,group=group-9AC72DC02C8F,id=5947ecff-de41-4703-8b6b-2a362119c64b
2019-11-13 20:34:48,259 [ForkJoinPool.commonPool-worker-1] INFO  util.JmxRegister (JmxRegister.java:unregister(73)) - Successfully un-registered JMX Bean with object name Ratis:service=RaftServer,group=group-341645E41370,id=83ff406b-cc24-4672-8ad4-94afba27c25e
2019-11-13 20:34:48,259 [main] INFO  impl.RoleInfo (RoleInfo.java:shutdownFollowerState(121)) - 5947ecff-de41-4703-8b6b-2a362119c64b: shutdown FollowerState
2019-11-13 20:34:48,259 [ForkJoinPool.commonPool-worker-1] INFO  impl.RoleInfo (RoleInfo.java:shutdownLeaderState(104)) - 83ff406b-cc24-4672-8ad4-94afba27c25e: shutdown LeaderState
2019-11-13 20:34:48,260 [main] INFO  impl.StateMachineUpdater (StateMachineUpdater.java:stopAndJoin(136)) - 5947ecff-de41-4703-8b6b-2a362119c64b@group-9AC72DC02C8F-StateMachineUpdater: set stopIndex = 0
2019-11-13 20:34:48,260 [ForkJoinPool.commonPool-worker-1] INFO  impl.PendingRequests (PendingRequests.java:sendNotLeaderResponses(206)) - 83ff406b-cc24-4672-8ad4-94afba27c25e@group-341645E41370-PendingRequests: sendNotLeaderResponses
2019-11-13 20:34:48,260 [Thread-1739] INFO  impl.FollowerState (FollowerState.java:run(120)) - 5947ecff-de41-4703-8b6b-2a362119c64b@group-9AC72DC02C8F-FollowerState was interrupted: java.lang.InterruptedException: sleep interrupted
2019-11-13 20:34:48,260 [main] INFO  impl.RaftServerImpl (ServerState.java:close(387)) - 5947ecff-de41-4703-8b6b-2a362119c64b@group-9AC72DC02C8F: closes. applyIndex: 0
2019-11-13 20:34:48,260 [ForkJoinPool.commonPool-worker-1] INFO  impl.StateMachineUpdater (StateMachineUpdater.java:stopAndJoin(136)) - 83ff406b-cc24-4672-8ad4-94afba27c25e@group-341645E41370-StateMachineUpdater: set stopIndex = 0
2019-11-13 20:34:48,261 [5947ecff-de41-4703-8b6b-2a362119c64b@group-9AC72DC02C8F-SegmentedRaftLogWorker] INFO  segmented.SegmentedRaftLogWorker (SegmentedRaftLogWorker.java:run(316)) - 5947ecff-de41-4703-8b6b-2a362119c64b@group-9AC72DC02C8F-SegmentedRaftLogWorker was interrupted, exiting. There are 0 tasks remaining in the queue.
2019-11-13 20:34:48,266 [main] INFO  segmented.SegmentedRaftLogWorker (SegmentedRaftLogWorker.java:close(224)) - 5947ecff-de41-4703-8b6b-2a362119c64b@group-9AC72DC02C8F-SegmentedRaftLogWorker close()
2019-11-13 20:34:48,266 [ForkJoinPool.commonPool-worker-1] INFO  impl.RaftServerImpl (ServerState.java:close(387)) - 83ff406b-cc24-4672-8ad4-94afba27c25e@group-341645E41370: closes. applyIndex: 0
2019-11-13 20:34:48,269 [main] INFO  impl.RaftServerImpl (RaftServerImpl.java:lambda$shutdown$3(250)) - 5947ecff-de41-4703-8b6b-2a362119c64b@group-38E26E8762F7: shutdown
2019-11-13 20:34:48,269 [83ff406b-cc24-4672-8ad4-94afba27c25e@group-341645E41370-SegmentedRaftLogWorker] INFO  segmented.SegmentedRaftLogWorker (SegmentedRaftLogWorker.java:run(316)) - 83ff406b-cc24-4672-8ad4-94afba27c25e@group-341645E41370-SegmentedRaftLogWorker was interrupted, exiting. There are 0 tasks remaining in the queue.
2019-11-13 20:34:48,269 [main] INFO  util.JmxRegister (JmxRegister.java:unregister(73)) - Successfully un-registered JMX Bean with object name Ratis:service=RaftServer,group=group-38E26E8762F7,id=5947ecff-de41-4703-8b6b-2a362119c64b
2019-11-13 20:34:48,271 [ForkJoinPool.commonPool-worker-1] INFO  segmented.SegmentedRaftLogWorker (SegmentedRaftLogWorker.java:close(224)) - 83ff406b-cc24-4672-8ad4-94afba27c25e@group-341645E41370-SegmentedRaftLogWorker close()
2019-11-13 20:34:48,271 [main] INFO  impl.RoleInfo (RoleInfo.java:shutdownLeaderState(104)) - 5947ecff-de41-4703-8b6b-2a362119c64b: shutdown LeaderState
2019-11-13 20:34:48,273 [ForkJoinPool.commonPool-worker-1] INFO  impl.RaftServerImpl (RaftServerImpl.java:lambda$shutdown$3(250)) - 83ff406b-cc24-4672-8ad4-94afba27c25e@group-699461127A2D: shutdown
2019-11-13 20:34:48,274 [main] INFO  impl.PendingRequests (PendingRequests.java:sendNotLeaderResponses(206)) - 5947ecff-de41-4703-8b6b-2a362119c64b@group-38E26E8762F7-PendingRequests: sendNotLeaderResponses
2019-11-13 20:34:48,274 [ForkJoinPool.commonPool-worker-1] INFO  util.JmxRegister (JmxRegister.java:unregister(73)) - Successfully un-registered JMX Bean with object name Ratis:service=RaftServer,group=group-699461127A2D,id=83ff406b-cc24-4672-8ad4-94afba27c25e
2019-11-13 20:34:48,274 [main] INFO  impl.StateMachineUpdater (StateMachineUpdater.java:stopAndJoin(136)) - 5947ecff-de41-4703-8b6b-2a362119c64b@group-38E26E8762F7-StateMachineUpdater: set stopIndex = 0
2019-11-13 20:34:48,274 [main] INFO  impl.RaftServerImpl (ServerState.java:close(387)) - 5947ecff-de41-4703-8b6b-2a362119c64b@group-38E26E8762F7: closes. applyIndex: 0
2019-11-13 20:34:48,274 [ForkJoinPool.commonPool-worker-1] INFO  impl.RoleInfo (RoleInfo.java:shutdownFollowerState(121)) - 83ff406b-cc24-4672-8ad4-94afba27c25e: shutdown FollowerState
2019-11-13 20:34:48,275 [5947ecff-de41-4703-8b6b-2a362119c64b@group-38E26E8762F7-SegmentedRaftLogWorker] INFO  segmented.SegmentedRaftLogWorker (SegmentedRaftLogWorker.java:run(316)) - 5947ecff-de41-4703-8b6b-2a362119c64b@group-38E26E8762F7-SegmentedRaftLogWorker was interrupted, exiting. There are 0 tasks remaining in the queue.
2019-11-13 20:34:48,275 [ForkJoinPool.commonPool-worker-1] INFO  impl.StateMachineUpdater (StateMachineUpdater.java:stopAndJoin(136)) - 83ff406b-cc24-4672-8ad4-94afba27c25e@group-699461127A2D-StateMachineUpdater: set stopIndex = 0
2019-11-13 20:34:48,276 [main] INFO  segmented.SegmentedRaftLogWorker (SegmentedRaftLogWorker.java:close(224)) - 5947ecff-de41-4703-8b6b-2a362119c64b@group-38E26E8762F7-SegmentedRaftLogWorker close()
2019-11-13 20:34:48,275 [Thread-1771] INFO  impl.FollowerState (FollowerState.java:run(120)) - 83ff406b-cc24-4672-8ad4-94afba27c25e@group-699461127A2D-FollowerState was interrupted: java.lang.InterruptedException: sleep interrupted
2019-11-13 20:34:48,280 [main] INFO  server.GrpcService (GrpcService.java:closeImpl(164)) - 5947ecff-de41-4703-8b6b-2a362119c64b: shutdown server with port 35116 now
2019-11-13 20:34:48,280 [ForkJoinPool.commonPool-worker-1] INFO  impl.RaftServerImpl (ServerState.java:close(387)) - 83ff406b-cc24-4672-8ad4-94afba27c25e@group-699461127A2D: closes. applyIndex: 0
2019-11-13 20:34:48,280 [83ff406b-cc24-4672-8ad4-94afba27c25e@group-699461127A2D-SegmentedRaftLogWorker] INFO  segmented.SegmentedRaftLogWorker (SegmentedRaftLogWorker.java:run(316)) - 83ff406b-cc24-4672-8ad4-94afba27c25e@group-699461127A2D-SegmentedRaftLogWorker was interrupted, exiting. There are 0 tasks remaining in the queue.
2019-11-13 20:34:48,282 [ForkJoinPool.commonPool-worker-1] INFO  segmented.SegmentedRaftLogWorker (SegmentedRaftLogWorker.java:close(224)) - 83ff406b-cc24-4672-8ad4-94afba27c25e@group-699461127A2D-SegmentedRaftLogWorker close()
2019-11-13 20:34:48,285 [ForkJoinPool.commonPool-worker-1] INFO  server.GrpcService (GrpcService.java:closeImpl(164)) - 83ff406b-cc24-4672-8ad4-94afba27c25e: shutdown server with port 34460 now
2019-11-13 20:34:48,285 [main] INFO  server.GrpcService (GrpcService.java:closeImpl(172)) - 5947ecff-de41-4703-8b6b-2a362119c64b: shutdown server with port 35116 successfully
2019-11-13 20:34:48,285 [grpc-default-executor-0] WARN  server.GrpcServerProtocolService (LogUtils.java:warn(134)) - 5947ecff-de41-4703-8b6b-2a362119c64b: installSnapshot onError, lastRequest: f7edbf2f-fbe3-4411-b014-7a92b8f685a2->5947ecff-de41-4703-8b6b-2a362119c64b#10-t1, previous=(t:1, i:0), leaderCommit=0, initializing? false, entries: <empty>: org.apache.ratis.thirdparty.io.grpc.StatusRuntimeException: CANCELLED: cancelled before receiving half close
2019-11-13 20:34:48,286 [grpc-default-executor-5] WARN  server.GrpcLogAppender (LogUtils.java:warn(134)) - f7edbf2f-fbe3-4411-b014-7a92b8f685a2@group-9AC72DC02C8F->5947ecff-de41-4703-8b6b-2a362119c64b-AppendLogResponseHandler: Failed appendEntries: org.apache.ratis.thirdparty.io.grpc.StatusRuntimeException: CANCELLED: HTTP/2 error code: CANCEL
Received Rst Stream
2019-11-13 20:34:48,286 [grpc-default-executor-4] WARN  server.GrpcLogAppender (LogUtils.java:warn(134)) - d06fab63-d4ff-4606-9904-3a8389ab2cb6@group-699461127A2D->83ff406b-cc24-4672-8ad4-94afba27c25e-AppendLogResponseHandler: Failed appendEntries: org.apache.ratis.thirdparty.io.grpc.StatusRuntimeException: CANCELLED: HTTP/2 error code: CANCEL
Received Rst Stream
2019-11-13 20:34:48,287 [grpc-default-executor-1] WARN  server.GrpcServerProtocolService (LogUtils.java:warn(134)) - 83ff406b-cc24-4672-8ad4-94afba27c25e: installSnapshot onError, lastRequest: d06fab63-d4ff-4606-9904-3a8389ab2cb6->83ff406b-cc24-4672-8ad4-94afba27c25e#7-t2, previous=(t:2, i:0), leaderCommit=0, initializing? false, entries: <empty>: org.apache.ratis.thirdparty.io.grpc.StatusRuntimeException: CANCELLED: cancelled before receiving half close
2019-11-13 20:34:48,287 [grpc-default-executor-5] INFO  impl.FollowerInfo (FollowerInfo.java:lambda$new$0(51)) - f7edbf2f-fbe3-4411-b014-7a92b8f685a2@group-9AC72DC02C8F->5947ecff-de41-4703-8b6b-2a362119c64b: nextIndex: updateUnconditionally 1 -> 0
2019-11-13 20:34:48,287 [ForkJoinPool.commonPool-worker-1] INFO  server.GrpcService (GrpcService.java:closeImpl(172)) - 83ff406b-cc24-4672-8ad4-94afba27c25e: shutdown server with port 34460 successfully
2019-11-13 20:34:48,287 [grpc-default-executor-4] INFO  impl.FollowerInfo (FollowerInfo.java:lambda$new$0(51)) - d06fab63-d4ff-4606-9904-3a8389ab2cb6@group-699461127A2D->83ff406b-cc24-4672-8ad4-94afba27c25e: nextIndex: updateUnconditionally 1 -> 0
2019-11-13 20:34:48,292 [refreshUsed-/workdir/hadoop-ozone/integration-test/target/test-dir/MiniOzoneClusterImpl-e028e34c-e788-4356-b3c1-17795b02fdc7/datanode-1/data/containers] WARN  fs.CachingGetSpaceUsed (CachingGetSpaceUsed.java:run(183)) - Thread Interrupted waiting to refresh disk information: sleep interrupted
2019-11-13 20:34:48,293 [refreshUsed-/workdir/hadoop-ozone/integration-test/target/test-dir/MiniOzoneClusterImpl-e028e34c-e788-4356-b3c1-17795b02fdc7/datanode-3/data/containers] WARN  fs.CachingGetSpaceUsed (CachingGetSpaceUsed.java:run(183)) - Thread Interrupted waiting to refresh disk information: sleep interrupted
2019-11-13 20:34:48,312 [main] INFO  utils.BackgroundService (BackgroundService.java:shutdown(151)) - Shutting down service BlockDeletingService
2019-11-13 20:34:48,312 [ForkJoinPool.commonPool-worker-1] INFO  utils.BackgroundService (BackgroundService.java:shutdown(151)) - Shutting down service BlockDeletingService
2019-11-13 20:34:48,317 [ForkJoinPool.commonPool-worker-1] INFO  statemachine.DatanodeStateMachine (DatanodeStateMachine.java:stopDaemon(395)) - Ozone container server stopped.
2019-11-13 20:34:48,318 [main] INFO  statemachine.DatanodeStateMachine (DatanodeStateMachine.java:stopDaemon(395)) - Ozone container server stopped.
2019-11-13 20:34:48,322 [main] INFO  handler.ContextHandler (ContextHandler.java:doStop(910)) - Stopped o.e.j.w.WebAppContext@32bb0072{/,null,UNAVAILABLE}{/hddsDatanode}
2019-11-13 20:34:48,322 [ForkJoinPool.commonPool-worker-1] INFO  handler.ContextHandler (ContextHandler.java:doStop(910)) - Stopped o.e.j.w.WebAppContext@50eb4a2c{/,null,UNAVAILABLE}{/hddsDatanode}
2019-11-13 20:34:48,322 [ForkJoinPool.commonPool-worker-1] INFO  server.AbstractConnector (AbstractConnector.java:doStop(318)) - Stopped ServerConnector@1a256d80{HTTP/1.1,[http/1.1]}{0.0.0.0:0}
2019-11-13 20:34:48,322 [main] INFO  server.AbstractConnector (AbstractConnector.java:doStop(318)) - Stopped ServerConnector@467233e4{HTTP/1.1,[http/1.1]}{0.0.0.0:0}
2019-11-13 20:34:48,323 [ForkJoinPool.commonPool-worker-1] INFO  handler.ContextHandler (ContextHandler.java:doStop(910)) - Stopped o.e.j.s.ServletContextHandler@1163a27{/static,jar:file:/home/user/.m2/repository/org/apache/hadoop/hadoop-hdds-container-service/0.5.0-SNAPSHOT/hadoop-hdds-container-service-0.5.0-SNAPSHOT.jar!/webapps/static,UNAVAILABLE}
2019-11-13 20:34:48,324 [main] INFO  handler.ContextHandler (ContextHandler.java:doStop(910)) - Stopped o.e.j.s.ServletContextHandler@6dd36ab6{/static,jar:file:/home/user/.m2/repository/org/apache/hadoop/hadoop-hdds-container-service/0.5.0-SNAPSHOT/hadoop-hdds-container-service-0.5.0-SNAPSHOT.jar!/webapps/static,UNAVAILABLE}
2019-11-13 20:34:48,325 [ForkJoinPool.commonPool-worker-1] INFO  handler.ContextHandler (ContextHandler.java:doStop(910)) - Stopped o.e.j.s.ServletContextHandler@28a9494b{/logs,file:///workdir/hadoop-ozone/integration-test/target/log,UNAVAILABLE}
2019-11-13 20:34:48,325 [main] INFO  handler.ContextHandler (ContextHandler.java:doStop(910)) - Stopped o.e.j.s.ServletContextHandler@1d858300{/logs,file:///workdir/hadoop-ozone/integration-test/target/log,UNAVAILABLE}
2019-11-13 20:34:48,383 [grpc-default-executor-1] WARN  server.GrpcLogAppender (LogUtils.java:warn(134)) - d06fab63-d4ff-4606-9904-3a8389ab2cb6@group-699461127A2D->83ff406b-cc24-4672-8ad4-94afba27c25e-AppendLogResponseHandler: Failed appendEntries: org.apache.ratis.thirdparty.io.grpc.StatusRuntimeException: UNAVAILABLE: io exception
2019-11-13 20:34:48,383 [grpc-default-executor-1] INFO  impl.FollowerInfo (FollowerInfo.java:lambda$new$0(51)) - d06fab63-d4ff-4606-9904-3a8389ab2cb6@group-699461127A2D->83ff406b-cc24-4672-8ad4-94afba27c25e: nextIndex: updateUnconditionally 0 -> 0
2019-11-13 20:34:48,685 [grpc-default-executor-5] WARN  server.GrpcLogAppender (LogUtils.java:warn(134)) - f7edbf2f-fbe3-4411-b014-7a92b8f685a2@group-9AC72DC02C8F->5947ecff-de41-4703-8b6b-2a362119c64b-AppendLogResponseHandler: Failed appendEntries: org.apache.ratis.thirdparty.io.grpc.StatusRuntimeException: UNAVAILABLE: io exception
2019-11-13 20:34:48,685 [grpc-default-executor-5] INFO  impl.FollowerInfo (FollowerInfo.java:lambda$new$0(51)) - f7edbf2f-fbe3-4411-b014-7a92b8f685a2@group-9AC72DC02C8F->5947ecff-de41-4703-8b6b-2a362119c64b: nextIndex: updateUnconditionally 0 -> 0
2019-11-13 20:34:48,819 [Datanode State Machine Thread - 0] INFO  statemachine.DatanodeStateMachine (DatanodeStateMachine.java:lambda$startDaemon$0(350)) - Ozone container server started.
2019-11-13 20:34:48,883 [grpc-default-executor-5] WARN  server.GrpcLogAppender (LogUtils.java:warn(134)) - d06fab63-d4ff-4606-9904-3a8389ab2cb6@group-699461127A2D->83ff406b-cc24-4672-8ad4-94afba27c25e-AppendLogResponseHandler: Failed appendEntries: org.apache.ratis.thirdparty.io.grpc.StatusRuntimeException: UNAVAILABLE: io exception
2019-11-13 20:34:48,883 [grpc-default-executor-5] INFO  impl.FollowerInfo (FollowerInfo.java:lambda$new$0(51)) - d06fab63-d4ff-4606-9904-3a8389ab2cb6@group-699461127A2D->83ff406b-cc24-4672-8ad4-94afba27c25e: nextIndex: updateUnconditionally 0 -> 0
2019-11-13 20:34:49,185 [grpc-default-executor-1] WARN  server.GrpcLogAppender (LogUtils.java:warn(134)) - f7edbf2f-fbe3-4411-b014-7a92b8f685a2@group-9AC72DC02C8F->5947ecff-de41-4703-8b6b-2a362119c64b-AppendLogResponseHandler: Failed appendEntries: org.apache.ratis.thirdparty.io.grpc.StatusRuntimeException: UNAVAILABLE: io exception
2019-11-13 20:34:49,186 [grpc-default-executor-1] INFO  impl.FollowerInfo (FollowerInfo.java:lambda$new$0(51)) - f7edbf2f-fbe3-4411-b014-7a92b8f685a2@group-9AC72DC02C8F->5947ecff-de41-4703-8b6b-2a362119c64b: nextIndex: updateUnconditionally 0 -> 0
2019-11-13 20:34:49,247 [Datanode State Machine Thread - 0] INFO  statemachine.DatanodeStateMachine (DatanodeStateMachine.java:lambda$startDaemon$0(350)) - Ozone container server started.
2019-11-13 20:34:49,383 [grpc-default-executor-1] WARN  server.GrpcLogAppender (LogUtils.java:warn(134)) - d06fab63-d4ff-4606-9904-3a8389ab2cb6@group-699461127A2D->83ff406b-cc24-4672-8ad4-94afba27c25e-AppendLogResponseHandler: Failed appendEntries: org.apache.ratis.thirdparty.io.grpc.StatusRuntimeException: UNAVAILABLE: io exception
2019-11-13 20:34:49,383 [grpc-default-executor-1] INFO  impl.FollowerInfo (FollowerInfo.java:lambda$new$0(51)) - d06fab63-d4ff-4606-9904-3a8389ab2cb6@group-699461127A2D->83ff406b-cc24-4672-8ad4-94afba27c25e: nextIndex: updateUnconditionally 0 -> 0
2019-11-13 20:34:49,686 [grpc-default-executor-4] WARN  server.GrpcLogAppender (LogUtils.java:warn(134)) - f7edbf2f-fbe3-4411-b014-7a92b8f685a2@group-9AC72DC02C8F->5947ecff-de41-4703-8b6b-2a362119c64b-AppendLogResponseHandler: Failed appendEntries: org.apache.ratis.thirdparty.io.grpc.StatusRuntimeException: UNAVAILABLE: io exception
2019-11-13 20:34:49,686 [grpc-default-executor-4] INFO  impl.FollowerInfo (FollowerInfo.java:lambda$new$0(51)) - f7edbf2f-fbe3-4411-b014-7a92b8f685a2@group-9AC72DC02C8F->5947ecff-de41-4703-8b6b-2a362119c64b: nextIndex: updateUnconditionally 0 -> 0
2019-11-13 20:34:49,883 [grpc-default-executor-5] WARN  server.GrpcLogAppender (LogUtils.java:warn(134)) - d06fab63-d4ff-4606-9904-3a8389ab2cb6@group-699461127A2D->83ff406b-cc24-4672-8ad4-94afba27c25e-AppendLogResponseHandler: Failed appendEntries: org.apache.ratis.thirdparty.io.grpc.StatusRuntimeException: UNAVAILABLE: io exception
2019-11-13 20:34:49,884 [grpc-default-executor-5] INFO  impl.FollowerInfo (FollowerInfo.java:lambda$new$0(51)) - d06fab63-d4ff-4606-9904-3a8389ab2cb6@group-699461127A2D->83ff406b-cc24-4672-8ad4-94afba27c25e: nextIndex: updateUnconditionally 0 -> 0
2019-11-13 20:34:50,186 [grpc-default-executor-5] WARN  server.GrpcLogAppender (LogUtils.java:warn(134)) - f7edbf2f-fbe3-4411-b014-7a92b8f685a2@group-9AC72DC02C8F->5947ecff-de41-4703-8b6b-2a362119c64b-AppendLogResponseHandler: Failed appendEntries: org.apache.ratis.thirdparty.io.grpc.StatusRuntimeException: UNAVAILABLE: io exception
2019-11-13 20:34:50,187 [grpc-default-executor-5] INFO  impl.FollowerInfo (FollowerInfo.java:lambda$new$0(51)) - f7edbf2f-fbe3-4411-b014-7a92b8f685a2@group-9AC72DC02C8F->5947ecff-de41-4703-8b6b-2a362119c64b: nextIndex: updateUnconditionally 0 -> 0
2019-11-13 20:34:50,385 [grpc-default-executor-5] WARN  server.GrpcLogAppender (LogUtils.java:warn(134)) - d06fab63-d4ff-4606-9904-3a8389ab2cb6@group-699461127A2D->83ff406b-cc24-4672-8ad4-94afba27c25e-AppendLogResponseHandler: Failed appendEntries: org.apache.ratis.thirdparty.io.grpc.StatusRuntimeException: UNAVAILABLE: io exception
2019-11-13 20:34:50,386 [grpc-default-executor-5] INFO  impl.FollowerInfo (FollowerInfo.java:lambda$new$0(51)) - d06fab63-d4ff-4606-9904-3a8389ab2cb6@group-699461127A2D->83ff406b-cc24-4672-8ad4-94afba27c25e: nextIndex: updateUnconditionally 0 -> 0
2019-11-13 20:34:50,687 [grpc-default-executor-1] WARN  server.GrpcLogAppender (LogUtils.java:warn(134)) - f7edbf2f-fbe3-4411-b014-7a92b8f685a2@group-9AC72DC02C8F->5947ecff-de41-4703-8b6b-2a362119c64b-AppendLogResponseHandler: Failed appendEntries: org.apache.ratis.thirdparty.io.grpc.StatusRuntimeException: UNAVAILABLE: io exception
2019-11-13 20:34:50,688 [grpc-default-executor-1] INFO  impl.FollowerInfo (FollowerInfo.java:lambda$new$0(51)) - f7edbf2f-fbe3-4411-b014-7a92b8f685a2@group-9AC72DC02C8F->5947ecff-de41-4703-8b6b-2a362119c64b: nextIndex: updateUnconditionally 0 -> 0
2019-11-13 20:34:50,886 [grpc-default-executor-1] WARN  server.GrpcLogAppender (LogUtils.java:warn(134)) - d06fab63-d4ff-4606-9904-3a8389ab2cb6@group-699461127A2D->83ff406b-cc24-4672-8ad4-94afba27c25e-AppendLogResponseHandler: Failed appendEntries: org.apache.ratis.thirdparty.io.grpc.StatusRuntimeException: UNAVAILABLE: io exception
2019-11-13 20:34:50,887 [grpc-default-executor-1] INFO  impl.FollowerInfo (FollowerInfo.java:lambda$new$0(51)) - d06fab63-d4ff-4606-9904-3a8389ab2cb6@group-699461127A2D->83ff406b-cc24-4672-8ad4-94afba27c25e: nextIndex: updateUnconditionally 0 -> 0
2019-11-13 20:34:51,190 [grpc-default-executor-1] WARN  server.GrpcLogAppender (LogUtils.java:warn(134)) - f7edbf2f-fbe3-4411-b014-7a92b8f685a2@group-9AC72DC02C8F->5947ecff-de41-4703-8b6b-2a362119c64b-AppendLogResponseHandler: Failed appendEntries: org.apache.ratis.thirdparty.io.grpc.StatusRuntimeException: UNAVAILABLE: io exception
2019-11-13 20:34:51,191 [grpc-default-executor-1] INFO  impl.FollowerInfo (FollowerInfo.java:lambda$new$0(51)) - f7edbf2f-fbe3-4411-b014-7a92b8f685a2@group-9AC72DC02C8F->5947ecff-de41-4703-8b6b-2a362119c64b: nextIndex: updateUnconditionally 0 -> 0
2019-11-13 20:34:51,387 [grpc-default-executor-1] WARN  server.GrpcLogAppender (LogUtils.java:warn(134)) - d06fab63-d4ff-4606-9904-3a8389ab2cb6@group-699461127A2D->83ff406b-cc24-4672-8ad4-94afba27c25e-AppendLogResponseHandler: Failed appendEntries: org.apache.ratis.thirdparty.io.grpc.StatusRuntimeException: UNAVAILABLE: io exception
2019-11-13 20:34:51,388 [grpc-default-executor-1] INFO  impl.FollowerInfo (FollowerInfo.java:lambda$new$0(51)) - d06fab63-d4ff-4606-9904-3a8389ab2cb6@group-699461127A2D->83ff406b-cc24-4672-8ad4-94afba27c25e: nextIndex: updateUnconditionally 0 -> 0
2019-11-13 20:34:51,689 [grpc-default-executor-1] WARN  server.GrpcLogAppender (LogUtils.java:warn(134)) - f7edbf2f-fbe3-4411-b014-7a92b8f685a2@group-9AC72DC02C8F->5947ecff-de41-4703-8b6b-2a362119c64b-AppendLogResponseHandler: Failed appendEntries: org.apache.ratis.thirdparty.io.grpc.StatusRuntimeException: UNAVAILABLE: io exception
2019-11-13 20:34:51,690 [grpc-default-executor-1] INFO  impl.FollowerInfo (FollowerInfo.java:lambda$new$0(51)) - f7edbf2f-fbe3-4411-b014-7a92b8f685a2@group-9AC72DC02C8F->5947ecff-de41-4703-8b6b-2a362119c64b: nextIndex: updateUnconditionally 0 -> 0
2019-11-13 20:34:51,887 [grpc-default-executor-5] WARN  server.GrpcLogAppender (LogUtils.java:warn(134)) - d06fab63-d4ff-4606-9904-3a8389ab2cb6@group-699461127A2D->83ff406b-cc24-4672-8ad4-94afba27c25e-AppendLogResponseHandler: Failed appendEntries: org.apache.ratis.thirdparty.io.grpc.StatusRuntimeException: UNAVAILABLE: io exception
2019-11-13 20:34:51,888 [grpc-default-executor-5] INFO  impl.FollowerInfo (FollowerInfo.java:lambda$new$0(51)) - d06fab63-d4ff-4606-9904-3a8389ab2cb6@group-699461127A2D->83ff406b-cc24-4672-8ad4-94afba27c25e: nextIndex: updateUnconditionally 0 -> 0
2019-11-13 20:34:52,191 [grpc-default-executor-5] WARN  server.GrpcLogAppender (LogUtils.java:warn(134)) - f7edbf2f-fbe3-4411-b014-7a92b8f685a2@group-9AC72DC02C8F->5947ecff-de41-4703-8b6b-2a362119c64b-AppendLogResponseHandler: Failed appendEntries: org.apache.ratis.thirdparty.io.grpc.StatusRuntimeException: UNAVAILABLE: io exception
2019-11-13 20:34:52,192 [grpc-default-executor-5] INFO  impl.FollowerInfo (FollowerInfo.java:lambda$new$0(51)) - f7edbf2f-fbe3-4411-b014-7a92b8f685a2@group-9AC72DC02C8F->5947ecff-de41-4703-8b6b-2a362119c64b: nextIndex: updateUnconditionally 0 -> 0
2019-11-13 20:34:52,390 [grpc-default-executor-5] WARN  server.GrpcLogAppender (LogUtils.java:warn(134)) - d06fab63-d4ff-4606-9904-3a8389ab2cb6@group-699461127A2D->83ff406b-cc24-4672-8ad4-94afba27c25e-AppendLogResponseHandler: Failed appendEntries: org.apache.ratis.thirdparty.io.grpc.StatusRuntimeException: UNAVAILABLE: io exception
2019-11-13 20:34:52,390 [grpc-default-executor-5] INFO  impl.FollowerInfo (FollowerInfo.java:lambda$new$0(51)) - d06fab63-d4ff-4606-9904-3a8389ab2cb6@group-699461127A2D->83ff406b-cc24-4672-8ad4-94afba27c25e: nextIndex: updateUnconditionally 0 -> 0
2019-11-13 20:34:52,692 [grpc-default-executor-4] WARN  server.GrpcLogAppender (LogUtils.java:warn(134)) - f7edbf2f-fbe3-4411-b014-7a92b8f685a2@group-9AC72DC02C8F->5947ecff-de41-4703-8b6b-2a362119c64b-AppendLogResponseHandler: Failed appendEntries: org.apache.ratis.thirdparty.io.grpc.StatusRuntimeException: UNAVAILABLE: io exception
2019-11-13 20:34:52,692 [grpc-default-executor-4] INFO  impl.FollowerInfo (FollowerInfo.java:lambda$new$0(51)) - f7edbf2f-fbe3-4411-b014-7a92b8f685a2@group-9AC72DC02C8F->5947ecff-de41-4703-8b6b-2a362119c64b: nextIndex: updateUnconditionally 0 -> 0
2019-11-13 20:34:52,890 [grpc-default-executor-4] WARN  server.GrpcLogAppender (LogUtils.java:warn(134)) - d06fab63-d4ff-4606-9904-3a8389ab2cb6@group-699461127A2D->83ff406b-cc24-4672-8ad4-94afba27c25e-AppendLogResponseHandler: Failed appendEntries: org.apache.ratis.thirdparty.io.grpc.StatusRuntimeException: UNAVAILABLE: io exception
2019-11-13 20:34:52,890 [grpc-default-executor-4] INFO  impl.FollowerInfo (FollowerInfo.java:lambda$new$0(51)) - d06fab63-d4ff-4606-9904-3a8389ab2cb6@group-699461127A2D->83ff406b-cc24-4672-8ad4-94afba27c25e: nextIndex: updateUnconditionally 0 -> 0
2019-11-13 20:34:53,196 [grpc-default-executor-4] WARN  server.GrpcLogAppender (LogUtils.java:warn(134)) - f7edbf2f-fbe3-4411-b014-7a92b8f685a2@group-9AC72DC02C8F->5947ecff-de41-4703-8b6b-2a362119c64b-AppendLogResponseHandler: Failed appendEntries: org.apache.ratis.thirdparty.io.grpc.StatusRuntimeException: UNAVAILABLE: io exception
2019-11-13 20:34:53,197 [grpc-default-executor-4] INFO  impl.FollowerInfo (FollowerInfo.java:lambda$new$0(51)) - f7edbf2f-fbe3-4411-b014-7a92b8f685a2@group-9AC72DC02C8F->5947ecff-de41-4703-8b6b-2a362119c64b: nextIndex: updateUnconditionally 0 -> 0
2019-11-13 20:34:53,328 [main] INFO  ozoneimpl.OzoneContainer (OzoneContainer.java:stop(244)) - Attempting to stop container services.
2019-11-13 20:34:53,328 [ForkJoinPool.commonPool-worker-1] INFO  ozoneimpl.OzoneContainer (OzoneContainer.java:stop(244)) - Attempting to stop container services.
2019-11-13 20:34:53,329 [main] INFO  impl.RaftServerProxy (RaftServerProxy.java:lambda$close$4(314)) - 5fef94be-3335-41aa-8a3e-dfaf501cab3b: close
2019-11-13 20:34:53,329 [ForkJoinPool.commonPool-worker-1] INFO  impl.RaftServerProxy (RaftServerProxy.java:lambda$close$4(314)) - d06fab63-d4ff-4606-9904-3a8389ab2cb6: close
2019-11-13 20:34:53,329 [main] INFO  impl.RaftServerImpl (RaftServerImpl.java:lambda$shutdown$3(250)) - 5fef94be-3335-41aa-8a3e-dfaf501cab3b@group-9AC72DC02C8F: shutdown
2019-11-13 20:34:53,329 [ForkJoinPool.commonPool-worker-1] INFO  impl.RaftServerImpl (RaftServerImpl.java:lambda$shutdown$3(250)) - d06fab63-d4ff-4606-9904-3a8389ab2cb6@group-A4E364CA6C92: shutdown
2019-11-13 20:34:53,330 [main] INFO  util.JmxRegister (JmxRegister.java:unregister(73)) - Successfully un-registered JMX Bean with object name Ratis:service=RaftServer,group=group-9AC72DC02C8F,id=5fef94be-3335-41aa-8a3e-dfaf501cab3b
2019-11-13 20:34:53,330 [ForkJoinPool.commonPool-worker-1] INFO  util.JmxRegister (JmxRegister.java:unregister(73)) - Successfully un-registered JMX Bean with object name Ratis:service=RaftServer,group=group-A4E364CA6C92,id=d06fab63-d4ff-4606-9904-3a8389ab2cb6
2019-11-13 20:34:53,330 [main] INFO  impl.RoleInfo (RoleInfo.java:shutdownFollowerState(121)) - 5fef94be-3335-41aa-8a3e-dfaf501cab3b: shutdown FollowerState
2019-11-13 20:34:53,330 [ForkJoinPool.commonPool-worker-1] INFO  impl.RoleInfo (RoleInfo.java:shutdownLeaderState(104)) - d06fab63-d4ff-4606-9904-3a8389ab2cb6: shutdown LeaderState
2019-11-13 20:34:53,331 [main] INFO  impl.StateMachineUpdater (StateMachineUpdater.java:stopAndJoin(136)) - 5fef94be-3335-41aa-8a3e-dfaf501cab3b@group-9AC72DC02C8F-StateMachineUpdater: set stopIndex = 0
2019-11-13 20:34:53,331 [ForkJoinPool.commonPool-worker-1] INFO  impl.PendingRequests (PendingRequests.java:sendNotLeaderResponses(206)) - d06fab63-d4ff-4606-9904-3a8389ab2cb6@group-A4E364CA6C92-PendingRequests: sendNotLeaderResponses
2019-11-13 20:34:53,331 [Thread-1733] INFO  impl.FollowerState (FollowerState.java:run(120)) - 5fef94be-3335-41aa-8a3e-dfaf501cab3b@group-9AC72DC02C8F-FollowerState was interrupted: java.lang.InterruptedException: sleep interrupted
2019-11-13 20:34:53,331 [main] INFO  impl.RaftServerImpl (ServerState.java:close(387)) - 5fef94be-3335-41aa-8a3e-dfaf501cab3b@group-9AC72DC02C8F: closes. applyIndex: 0
2019-11-13 20:34:53,332 [ForkJoinPool.commonPool-worker-1] INFO  impl.StateMachineUpdater (StateMachineUpdater.java:stopAndJoin(136)) - d06fab63-d4ff-4606-9904-3a8389ab2cb6@group-A4E364CA6C92-StateMachineUpdater: set stopIndex = 0
2019-11-13 20:34:53,332 [5fef94be-3335-41aa-8a3e-dfaf501cab3b@group-9AC72DC02C8F-SegmentedRaftLogWorker] INFO  segmented.SegmentedRaftLogWorker (SegmentedRaftLogWorker.java:run(316)) - 5fef94be-3335-41aa-8a3e-dfaf501cab3b@group-9AC72DC02C8F-SegmentedRaftLogWorker was interrupted, exiting. There are 0 tasks remaining in the queue.
2019-11-13 20:34:53,332 [ForkJoinPool.commonPool-worker-1] INFO  impl.RaftServerImpl (ServerState.java:close(387)) - d06fab63-d4ff-4606-9904-3a8389ab2cb6@group-A4E364CA6C92: closes. applyIndex: 0
2019-11-13 20:34:53,336 [main] INFO  segmented.SegmentedRaftLogWorker (SegmentedRaftLogWorker.java:close(224)) - 5fef94be-3335-41aa-8a3e-dfaf501cab3b@group-9AC72DC02C8F-SegmentedRaftLogWorker close()
2019-11-13 20:34:53,337 [d06fab63-d4ff-4606-9904-3a8389ab2cb6@group-A4E364CA6C92-SegmentedRaftLogWorker] INFO  segmented.SegmentedRaftLogWorker (SegmentedRaftLogWorker.java:run(316)) - d06fab63-d4ff-4606-9904-3a8389ab2cb6@group-A4E364CA6C92-SegmentedRaftLogWorker was interrupted, exiting. There are 0 tasks remaining in the queue.
2019-11-13 20:34:53,339 [main] INFO  impl.RaftServerImpl (RaftServerImpl.java:lambda$shutdown$3(250)) - 5fef94be-3335-41aa-8a3e-dfaf501cab3b@group-06036E55F3ED: shutdown
2019-11-13 20:34:53,339 [ForkJoinPool.commonPool-worker-1] INFO  segmented.SegmentedRaftLogWorker (SegmentedRaftLogWorker.java:close(224)) - d06fab63-d4ff-4606-9904-3a8389ab2cb6@group-A4E364CA6C92-SegmentedRaftLogWorker close()
2019-11-13 20:34:53,339 [main] INFO  util.JmxRegister (JmxRegister.java:unregister(73)) - Successfully un-registered JMX Bean with object name Ratis:service=RaftServer,group=group-06036E55F3ED,id=5fef94be-3335-41aa-8a3e-dfaf501cab3b
2019-11-13 20:34:53,341 [main] INFO  impl.RoleInfo (RoleInfo.java:shutdownLeaderState(104)) - 5fef94be-3335-41aa-8a3e-dfaf501cab3b: shutdown LeaderState
2019-11-13 20:34:53,341 [ForkJoinPool.commonPool-worker-1] INFO  impl.RaftServerImpl (RaftServerImpl.java:lambda$shutdown$3(250)) - d06fab63-d4ff-4606-9904-3a8389ab2cb6@group-699461127A2D: shutdown
2019-11-13 20:34:53,341 [main] INFO  impl.PendingRequests (PendingRequests.java:sendNotLeaderResponses(206)) - 5fef94be-3335-41aa-8a3e-dfaf501cab3b@group-06036E55F3ED-PendingRequests: sendNotLeaderResponses
2019-11-13 20:34:53,341 [ForkJoinPool.commonPool-worker-1] INFO  util.JmxRegister (JmxRegister.java:unregister(73)) - Successfully un-registered JMX Bean with object name Ratis:service=RaftServer,group=group-699461127A2D,id=d06fab63-d4ff-4606-9904-3a8389ab2cb6
2019-11-13 20:34:53,341 [main] INFO  impl.StateMachineUpdater (StateMachineUpdater.java:stopAndJoin(136)) - 5fef94be-3335-41aa-8a3e-dfaf501cab3b@group-06036E55F3ED-StateMachineUpdater: set stopIndex = 0
2019-11-13 20:34:53,341 [ForkJoinPool.commonPool-worker-1] INFO  impl.RoleInfo (RoleInfo.java:shutdownLeaderState(104)) - d06fab63-d4ff-4606-9904-3a8389ab2cb6: shutdown LeaderState
2019-11-13 20:34:53,350 [org.apache.ratis.server.impl.LogAppender$AppenderDaemon$$Lambda$444/1867097046@1c1a0294] WARN  server.GrpcLogAppender (GrpcLogAppender.java:mayWait(151)) - d06fab63-d4ff-4606-9904-3a8389ab2cb6@group-699461127A2D->a396b6da-9b4a-4217-b353-472b7d1ddb56-GrpcLogAppender: Wait interrupted by java.lang.InterruptedException
2019-11-13 20:34:53,350 [org.apache.ratis.server.impl.LogAppender$AppenderDaemon$$Lambda$444/1867097046@59189f73] WARN  server.GrpcLogAppender (GrpcLogAppender.java:mayWait(151)) - d06fab63-d4ff-4606-9904-3a8389ab2cb6@group-699461127A2D->83ff406b-cc24-4672-8ad4-94afba27c25e-GrpcLogAppender: Wait interrupted by java.lang.InterruptedException
2019-11-13 20:34:53,350 [main] INFO  impl.RaftServerImpl (ServerState.java:close(387)) - 5fef94be-3335-41aa-8a3e-dfaf501cab3b@group-06036E55F3ED: closes. applyIndex: 0
2019-11-13 20:34:53,350 [ForkJoinPool.commonPool-worker-1] INFO  impl.PendingRequests (PendingRequests.java:sendNotLeaderResponses(206)) - d06fab63-d4ff-4606-9904-3a8389ab2cb6@group-699461127A2D-PendingRequests: sendNotLeaderResponses
2019-11-13 20:34:53,351 [5fef94be-3335-41aa-8a3e-dfaf501cab3b@group-06036E55F3ED-SegmentedRaftLogWorker] INFO  segmented.SegmentedRaftLogWorker (SegmentedRaftLogWorker.java:run(316)) - 5fef94be-3335-41aa-8a3e-dfaf501cab3b@group-06036E55F3ED-SegmentedRaftLogWorker was interrupted, exiting. There are 0 tasks remaining in the queue.
2019-11-13 20:34:53,351 [ForkJoinPool.commonPool-worker-1] INFO  impl.StateMachineUpdater (StateMachineUpdater.java:stopAndJoin(136)) - d06fab63-d4ff-4606-9904-3a8389ab2cb6@group-699461127A2D-StateMachineUpdater: set stopIndex = 0
2019-11-13 20:34:53,351 [main] INFO  segmented.SegmentedRaftLogWorker (SegmentedRaftLogWorker.java:close(224)) - 5fef94be-3335-41aa-8a3e-dfaf501cab3b@group-06036E55F3ED-SegmentedRaftLogWorker close()
2019-11-13 20:34:53,351 [grpc-default-executor-4] INFO  server.GrpcServerProtocolService (GrpcServerProtocolService.java:onCompleted(113)) - a396b6da-9b4a-4217-b353-472b7d1ddb56: Completed APPEND_ENTRIES, lastRequest: d06fab63-d4ff-4606-9904-3a8389ab2cb6->a396b6da-9b4a-4217-b353-472b7d1ddb56#17-t2, previous=(t:2, i:0), leaderCommit=0, initializing? false, entries: <empty>
2019-11-13 20:34:53,351 [ForkJoinPool.commonPool-worker-1] INFO  impl.RaftServerImpl (ServerState.java:close(387)) - d06fab63-d4ff-4606-9904-3a8389ab2cb6@group-699461127A2D: closes. applyIndex: 0
2019-11-13 20:34:53,353 [main] INFO  server.GrpcService (GrpcService.java:closeImpl(164)) - 5fef94be-3335-41aa-8a3e-dfaf501cab3b: shutdown server with port 43483 now
2019-11-13 20:34:53,353 [d06fab63-d4ff-4606-9904-3a8389ab2cb6@group-699461127A2D-SegmentedRaftLogWorker] INFO  segmented.SegmentedRaftLogWorker (SegmentedRaftLogWorker.java:run(316)) - d06fab63-d4ff-4606-9904-3a8389ab2cb6@group-699461127A2D-SegmentedRaftLogWorker was interrupted, exiting. There are 0 tasks remaining in the queue.
2019-11-13 20:34:53,354 [ForkJoinPool.commonPool-worker-1] INFO  segmented.SegmentedRaftLogWorker (SegmentedRaftLogWorker.java:close(224)) - d06fab63-d4ff-4606-9904-3a8389ab2cb6@group-699461127A2D-SegmentedRaftLogWorker close()
2019-11-13 20:34:53,354 [grpc-default-executor-4] INFO  server.GrpcLogAppender (GrpcLogAppender.java:onCompleted(308)) - d06fab63-d4ff-4606-9904-3a8389ab2cb6@group-699461127A2D->a396b6da-9b4a-4217-b353-472b7d1ddb56-AppendLogResponseHandler: follower responses appendEntries COMPLETED
2019-11-13 20:34:53,356 [grpc-default-executor-1] WARN  server.GrpcServerProtocolService (LogUtils.java:warn(134)) - 5fef94be-3335-41aa-8a3e-dfaf501cab3b: installSnapshot onError, lastRequest: f7edbf2f-fbe3-4411-b014-7a92b8f685a2->5fef94be-3335-41aa-8a3e-dfaf501cab3b#20-t1, previous=(t:1, i:0), leaderCommit=0, initializing? false, entries: <empty>: org.apache.ratis.thirdparty.io.grpc.StatusRuntimeException: CANCELLED: cancelled before receiving half close
2019-11-13 20:34:53,356 [ForkJoinPool.commonPool-worker-1] INFO  server.GrpcService (GrpcService.java:closeImpl(164)) - d06fab63-d4ff-4606-9904-3a8389ab2cb6: shutdown server with port 46247 now
2019-11-13 20:34:53,356 [grpc-default-executor-4] INFO  impl.FollowerInfo (FollowerInfo.java:lambda$new$0(51)) - d06fab63-d4ff-4606-9904-3a8389ab2cb6@group-699461127A2D->a396b6da-9b4a-4217-b353-472b7d1ddb56: nextIndex: updateUnconditionally 1 -> 0
2019-11-13 20:34:53,356 [main] INFO  server.GrpcService (GrpcService.java:closeImpl(172)) - 5fef94be-3335-41aa-8a3e-dfaf501cab3b: shutdown server with port 43483 successfully
2019-11-13 20:34:53,356 [grpc-default-executor-5] WARN  server.GrpcLogAppender (LogUtils.java:warn(134)) - f7edbf2f-fbe3-4411-b014-7a92b8f685a2@group-9AC72DC02C8F->5fef94be-3335-41aa-8a3e-dfaf501cab3b-AppendLogResponseHandler: Failed appendEntries: org.apache.ratis.thirdparty.io.grpc.StatusRuntimeException: CANCELLED: HTTP/2 error code: CANCEL
Received Rst Stream
2019-11-13 20:34:53,357 [grpc-default-executor-5] INFO  impl.FollowerInfo (FollowerInfo.java:lambda$new$0(51)) - f7edbf2f-fbe3-4411-b014-7a92b8f685a2@group-9AC72DC02C8F->5fef94be-3335-41aa-8a3e-dfaf501cab3b: nextIndex: updateUnconditionally 1 -> 0
2019-11-13 20:34:53,357 [ForkJoinPool.commonPool-worker-1] INFO  server.GrpcService (GrpcService.java:closeImpl(172)) - d06fab63-d4ff-4606-9904-3a8389ab2cb6: shutdown server with port 46247 successfully
2019-11-13 20:34:53,358 [refreshUsed-/workdir/hadoop-ozone/integration-test/target/test-dir/MiniOzoneClusterImpl-e028e34c-e788-4356-b3c1-17795b02fdc7/datanode-5/data/containers] WARN  fs.CachingGetSpaceUsed (CachingGetSpaceUsed.java:run(183)) - Thread Interrupted waiting to refresh disk information: sleep interrupted
2019-11-13 20:34:53,364 [refreshUsed-/workdir/hadoop-ozone/integration-test/target/test-dir/MiniOzoneClusterImpl-e028e34c-e788-4356-b3c1-17795b02fdc7/datanode-2/data/containers] WARN  fs.CachingGetSpaceUsed (CachingGetSpaceUsed.java:run(183)) - Thread Interrupted waiting to refresh disk information: sleep interrupted
2019-11-13 20:34:53,377 [ForkJoinPool.commonPool-worker-1] INFO  utils.BackgroundService (BackgroundService.java:shutdown(151)) - Shutting down service BlockDeletingService
2019-11-13 20:34:53,379 [ForkJoinPool.commonPool-worker-1] INFO  statemachine.DatanodeStateMachine (DatanodeStateMachine.java:stopDaemon(395)) - Ozone container server stopped.
2019-11-13 20:34:53,383 [ForkJoinPool.commonPool-worker-1] INFO  handler.ContextHandler (ContextHandler.java:doStop(910)) - Stopped o.e.j.w.WebAppContext@18a19e{/,null,UNAVAILABLE}{/hddsDatanode}
2019-11-13 20:34:53,384 [main] INFO  utils.BackgroundService (BackgroundService.java:shutdown(151)) - Shutting down service BlockDeletingService
2019-11-13 20:34:53,384 [ForkJoinPool.commonPool-worker-1] INFO  server.AbstractConnector (AbstractConnector.java:doStop(318)) - Stopped ServerConnector@60a7e509{HTTP/1.1,[http/1.1]}{0.0.0.0:0}
2019-11-13 20:34:53,386 [main] INFO  statemachine.DatanodeStateMachine (DatanodeStateMachine.java:stopDaemon(395)) - Ozone container server stopped.
2019-11-13 20:34:53,386 [ForkJoinPool.commonPool-worker-1] INFO  handler.ContextHandler (ContextHandler.java:doStop(910)) - Stopped o.e.j.s.ServletContextHandler@7c5d1d25{/static,jar:file:/home/user/.m2/repository/org/apache/hadoop/hadoop-hdds-container-service/0.5.0-SNAPSHOT/hadoop-hdds-container-service-0.5.0-SNAPSHOT.jar!/webapps/static,UNAVAILABLE}
2019-11-13 20:34:53,388 [ForkJoinPool.commonPool-worker-1] INFO  handler.ContextHandler (ContextHandler.java:doStop(910)) - Stopped o.e.j.s.ServletContextHandler@36d33f4{/logs,file:///workdir/hadoop-ozone/integration-test/target/log,UNAVAILABLE}
2019-11-13 20:34:53,388 [main] INFO  handler.ContextHandler (ContextHandler.java:doStop(910)) - Stopped o.e.j.w.WebAppContext@6e31d989{/,null,UNAVAILABLE}{/hddsDatanode}
2019-11-13 20:34:53,389 [main] INFO  server.AbstractConnector (AbstractConnector.java:doStop(318)) - Stopped ServerConnector@1b01a0d{HTTP/1.1,[http/1.1]}{0.0.0.0:0}
2019-11-13 20:34:53,390 [main] INFO  handler.ContextHandler (ContextHandler.java:doStop(910)) - Stopped o.e.j.s.ServletContextHandler@4337afd{/static,jar:file:/home/user/.m2/repository/org/apache/hadoop/hadoop-hdds-container-service/0.5.0-SNAPSHOT/hadoop-hdds-container-service-0.5.0-SNAPSHOT.jar!/webapps/static,UNAVAILABLE}
2019-11-13 20:34:53,390 [main] INFO  handler.ContextHandler (ContextHandler.java:doStop(910)) - Stopped o.e.j.s.ServletContextHandler@5f5827d0{/logs,file:///workdir/hadoop-ozone/integration-test/target/log,UNAVAILABLE}
2019-11-13 20:34:53,664 [Datanode State Machine Thread - 0] INFO  statemachine.DatanodeStateMachine (DatanodeStateMachine.java:lambda$startDaemon$0(350)) - Ozone container server started.
2019-11-13 20:34:53,695 [grpc-default-executor-5] WARN  server.GrpcLogAppender (LogUtils.java:warn(134)) - f7edbf2f-fbe3-4411-b014-7a92b8f685a2@group-9AC72DC02C8F->5947ecff-de41-4703-8b6b-2a362119c64b-AppendLogResponseHandler: Failed appendEntries: org.apache.ratis.thirdparty.io.grpc.StatusRuntimeException: UNAVAILABLE: io exception
2019-11-13 20:34:53,695 [grpc-default-executor-5] INFO  impl.FollowerInfo (FollowerInfo.java:lambda$new$0(51)) - f7edbf2f-fbe3-4411-b014-7a92b8f685a2@group-9AC72DC02C8F->5947ecff-de41-4703-8b6b-2a362119c64b: nextIndex: updateUnconditionally 0 -> 0
2019-11-13 20:34:53,705 [grpc-default-executor-5] WARN  server.GrpcLogAppender (LogUtils.java:warn(134)) - f7edbf2f-fbe3-4411-b014-7a92b8f685a2@group-9AC72DC02C8F->5fef94be-3335-41aa-8a3e-dfaf501cab3b-AppendLogResponseHandler: Failed appendEntries: org.apache.ratis.thirdparty.io.grpc.StatusRuntimeException: UNAVAILABLE: io exception
2019-11-13 20:34:53,705 [grpc-default-executor-5] INFO  impl.FollowerInfo (FollowerInfo.java:lambda$new$0(51)) - f7edbf2f-fbe3-4411-b014-7a92b8f685a2@group-9AC72DC02C8F->5fef94be-3335-41aa-8a3e-dfaf501cab3b: nextIndex: updateUnconditionally 0 -> 0
2019-11-13 20:34:53,706 [Datanode State Machine Thread - 0] INFO  statemachine.DatanodeStateMachine (DatanodeStateMachine.java:lambda$startDaemon$0(350)) - Ozone container server started.
2019-11-13 20:34:54,196 [grpc-default-executor-4] WARN  server.GrpcLogAppender (LogUtils.java:warn(134)) - f7edbf2f-fbe3-4411-b014-7a92b8f685a2@group-9AC72DC02C8F->5947ecff-de41-4703-8b6b-2a362119c64b-AppendLogResponseHandler: Failed appendEntries: org.apache.ratis.thirdparty.io.grpc.StatusRuntimeException: UNAVAILABLE: io exception
2019-11-13 20:34:54,196 [grpc-default-executor-4] INFO  impl.FollowerInfo (FollowerInfo.java:lambda$new$0(51)) - f7edbf2f-fbe3-4411-b014-7a92b8f685a2@group-9AC72DC02C8F->5947ecff-de41-4703-8b6b-2a362119c64b: nextIndex: updateUnconditionally 0 -> 0
2019-11-13 20:34:54,206 [grpc-default-executor-4] WARN  server.GrpcLogAppender (LogUtils.java:warn(134)) - f7edbf2f-fbe3-4411-b014-7a92b8f685a2@group-9AC72DC02C8F->5fef94be-3335-41aa-8a3e-dfaf501cab3b-AppendLogResponseHandler: Failed appendEntries: org.apache.ratis.thirdparty.io.grpc.StatusRuntimeException: UNAVAILABLE: io exception
2019-11-13 20:34:54,206 [grpc-default-executor-4] INFO  impl.FollowerInfo (FollowerInfo.java:lambda$new$0(51)) - f7edbf2f-fbe3-4411-b014-7a92b8f685a2@group-9AC72DC02C8F->5fef94be-3335-41aa-8a3e-dfaf501cab3b: nextIndex: updateUnconditionally 0 -> 0
2019-11-13 20:34:54,696 [grpc-default-executor-4] WARN  server.GrpcLogAppender (LogUtils.java:warn(134)) - f7edbf2f-fbe3-4411-b014-7a92b8f685a2@group-9AC72DC02C8F->5947ecff-de41-4703-8b6b-2a362119c64b-AppendLogResponseHandler: Failed appendEntries: org.apache.ratis.thirdparty.io.grpc.StatusRuntimeException: UNAVAILABLE: io exception
2019-11-13 20:34:54,696 [grpc-default-executor-4] INFO  impl.FollowerInfo (FollowerInfo.java:lambda$new$0(51)) - f7edbf2f-fbe3-4411-b014-7a92b8f685a2@group-9AC72DC02C8F->5947ecff-de41-4703-8b6b-2a362119c64b: nextIndex: updateUnconditionally 0 -> 0
2019-11-13 20:34:54,706 [grpc-default-executor-1] WARN  server.GrpcLogAppender (LogUtils.java:warn(134)) - f7edbf2f-fbe3-4411-b014-7a92b8f685a2@group-9AC72DC02C8F->5fef94be-3335-41aa-8a3e-dfaf501cab3b-AppendLogResponseHandler: Failed appendEntries: org.apache.ratis.thirdparty.io.grpc.StatusRuntimeException: UNAVAILABLE: io exception
2019-11-13 20:34:54,706 [grpc-default-executor-1] INFO  impl.FollowerInfo (FollowerInfo.java:lambda$new$0(51)) - f7edbf2f-fbe3-4411-b014-7a92b8f685a2@group-9AC72DC02C8F->5fef94be-3335-41aa-8a3e-dfaf501cab3b: nextIndex: updateUnconditionally 0 -> 0
2019-11-13 20:34:54,829 [Thread-1772] INFO  impl.FollowerState (FollowerState.java:run(111)) - a396b6da-9b4a-4217-b353-472b7d1ddb56@group-699461127A2D-FollowerState: change to CANDIDATE, lastRpcTime:1929ms, electionTimeout:1099ms
2019-11-13 20:34:54,829 [Thread-1772] INFO  impl.RoleInfo (RoleInfo.java:shutdownFollowerState(121)) - a396b6da-9b4a-4217-b353-472b7d1ddb56: shutdown FollowerState
2019-11-13 20:34:54,829 [Thread-1772] INFO  impl.RaftServerImpl (RaftServerImpl.java:setRole(173)) - a396b6da-9b4a-4217-b353-472b7d1ddb56@group-699461127A2D: changes role from  FOLLOWER to CANDIDATE at term 2 for changeToCandidate
2019-11-13 20:34:54,829 [Thread-1772] INFO  impl.RoleInfo (RoleInfo.java:updateAndGet(143)) - a396b6da-9b4a-4217-b353-472b7d1ddb56: start LeaderElection
2019-11-13 20:34:54,830 [a396b6da-9b4a-4217-b353-472b7d1ddb56@group-699461127A2D-LeaderElection60] INFO  impl.RaftServerImpl (ServerState.java:setLeader(255)) - a396b6da-9b4a-4217-b353-472b7d1ddb56@group-699461127A2D: change Leader from d06fab63-d4ff-4606-9904-3a8389ab2cb6 to null at term 2 for initElection
2019-11-13 20:34:54,844 [a396b6da-9b4a-4217-b353-472b7d1ddb56@group-699461127A2D-LeaderElection60] INFO  impl.LeaderElection (LeaderElection.java:askForVotes(178)) - a396b6da-9b4a-4217-b353-472b7d1ddb56@group-699461127A2D-LeaderElection60: begin an election at term 3 for 0: [a396b6da-9b4a-4217-b353-472b7d1ddb56:192.168.34.20:32811, d06fab63-d4ff-4606-9904-3a8389ab2cb6:192.168.34.20:46247, 83ff406b-cc24-4672-8ad4-94afba27c25e:192.168.34.20:34460], old=null
2019-11-13 20:34:54,846 [a396b6da-9b4a-4217-b353-472b7d1ddb56@group-699461127A2D-LeaderElection60] INFO  impl.LeaderElection (LogUtils.java:infoOrTrace(149)) - a396b6da-9b4a-4217-b353-472b7d1ddb56@group-699461127A2D-LeaderElection60 got exception when requesting votes: {}
java.util.concurrent.ExecutionException: org.apache.ratis.thirdparty.io.grpc.StatusRuntimeException: UNAVAILABLE: io exception
	at java.util.concurrent.FutureTask.report(FutureTask.java:122)
	at java.util.concurrent.FutureTask.get(FutureTask.java:192)
	at org.apache.ratis.server.impl.LeaderElection.waitForResults(LeaderElection.java:259)
	at org.apache.ratis.server.impl.LeaderElection.askForVotes(LeaderElection.java:197)
	at org.apache.ratis.server.impl.LeaderElection.run(LeaderElection.java:133)
	at java.lang.Thread.run(Thread.java:748)
Caused by: org.apache.ratis.thirdparty.io.grpc.StatusRuntimeException: UNAVAILABLE: io exception
	at org.apache.ratis.thirdparty.io.grpc.stub.ClientCalls.toStatusRuntimeException(ClientCalls.java:233)
	at org.apache.ratis.thirdparty.io.grpc.stub.ClientCalls.getUnchecked(ClientCalls.java:214)
	at org.apache.ratis.thirdparty.io.grpc.stub.ClientCalls.blockingUnaryCall(ClientCalls.java:139)
	at org.apache.ratis.proto.grpc.RaftServerProtocolServiceGrpc$RaftServerProtocolServiceBlockingStub.requestVote(RaftServerProtocolServiceGrpc.java:265)
	at org.apache.ratis.grpc.server.GrpcServerProtocolClient.requestVote(GrpcServerProtocolClient.java:99)
	at org.apache.ratis.grpc.server.GrpcService.requestVote(GrpcService.java:204)
	at org.apache.ratis.server.impl.LeaderElection.lambda$submitRequests$1(LeaderElection.java:234)
	at java.util.concurrent.FutureTask.run(FutureTask.java:266)
	at java.util.concurrent.Executors$RunnableAdapter.call(Executors.java:511)
	at java.util.concurrent.FutureTask.run(FutureTask.java:266)
	at java.util.concurrent.ThreadPoolExecutor.runWorker(ThreadPoolExecutor.java:1149)
	at java.util.concurrent.ThreadPoolExecutor$Worker.run(ThreadPoolExecutor.java:624)
	... 1 more
Caused by: org.apache.ratis.thirdparty.io.netty.channel.AbstractChannel$AnnotatedConnectException: Connection refused: /192.168.34.20:46247
	at sun.nio.ch.SocketChannelImpl.checkConnect(Native Method)
	at sun.nio.ch.SocketChannelImpl.finishConnect(SocketChannelImpl.java:717)
	at org.apache.ratis.thirdparty.io.netty.channel.socket.nio.NioSocketChannel.doFinishConnect(NioSocketChannel.java:327)
	at org.apache.ratis.thirdparty.io.netty.channel.nio.AbstractNioChannel$AbstractNioUnsafe.finishConnect(AbstractNioChannel.java:340)
	at org.apache.ratis.thirdparty.io.netty.channel.nio.NioEventLoop.processSelectedKey(NioEventLoop.java:632)
	at org.apache.ratis.thirdparty.io.netty.channel.nio.NioEventLoop.processSelectedKeysOptimized(NioEventLoop.java:579)
	at org.apache.ratis.thirdparty.io.netty.channel.nio.NioEventLoop.processSelectedKeys(NioEventLoop.java:496)
	at org.apache.ratis.thirdparty.io.netty.channel.nio.NioEventLoop.run(NioEventLoop.java:458)
	at org.apache.ratis.thirdparty.io.netty.util.concurrent.SingleThreadEventExecutor$5.run(SingleThreadEventExecutor.java:897)
	at org.apache.ratis.thirdparty.io.netty.util.concurrent.FastThreadLocalRunnable.run(FastThreadLocalRunnable.java:30)
	... 1 more
Caused by: java.net.ConnectException: Connection refused
	... 11 more
2019-11-13 20:34:54,851 [a396b6da-9b4a-4217-b353-472b7d1ddb56@group-699461127A2D-LeaderElection60] INFO  impl.LeaderElection (LogUtils.java:infoOrTrace(149)) - a396b6da-9b4a-4217-b353-472b7d1ddb56@group-699461127A2D-LeaderElection60 got exception when requesting votes: {}
java.util.concurrent.ExecutionException: org.apache.ratis.thirdparty.io.grpc.StatusRuntimeException: UNAVAILABLE: io exception
	at java.util.concurrent.FutureTask.report(FutureTask.java:122)
	at java.util.concurrent.FutureTask.get(FutureTask.java:192)
	at org.apache.ratis.server.impl.LeaderElection.waitForResults(LeaderElection.java:259)
	at org.apache.ratis.server.impl.LeaderElection.askForVotes(LeaderElection.java:197)
	at org.apache.ratis.server.impl.LeaderElection.run(LeaderElection.java:133)
	at java.lang.Thread.run(Thread.java:748)
Caused by: org.apache.ratis.thirdparty.io.grpc.StatusRuntimeException: UNAVAILABLE: io exception
	at org.apache.ratis.thirdparty.io.grpc.stub.ClientCalls.toStatusRuntimeException(ClientCalls.java:233)
	at org.apache.ratis.thirdparty.io.grpc.stub.ClientCalls.getUnchecked(ClientCalls.java:214)
	at org.apache.ratis.thirdparty.io.grpc.stub.ClientCalls.blockingUnaryCall(ClientCalls.java:139)
	at org.apache.ratis.proto.grpc.RaftServerProtocolServiceGrpc$RaftServerProtocolServiceBlockingStub.requestVote(RaftServerProtocolServiceGrpc.java:265)
	at org.apache.ratis.grpc.server.GrpcServerProtocolClient.requestVote(GrpcServerProtocolClient.java:99)
	at org.apache.ratis.grpc.server.GrpcService.requestVote(GrpcService.java:204)
	at org.apache.ratis.server.impl.LeaderElection.lambda$submitRequests$1(LeaderElection.java:234)
	at java.util.concurrent.FutureTask.run(FutureTask.java:266)
	at java.util.concurrent.Executors$RunnableAdapter.call(Executors.java:511)
	at java.util.concurrent.FutureTask.run(FutureTask.java:266)
	at java.util.concurrent.ThreadPoolExecutor.runWorker(ThreadPoolExecutor.java:1149)
	at java.util.concurrent.ThreadPoolExecutor$Worker.run(ThreadPoolExecutor.java:624)
	... 1 more
Caused by: org.apache.ratis.thirdparty.io.netty.channel.AbstractChannel$AnnotatedConnectException: Connection refused: /192.168.34.20:34460
	at sun.nio.ch.SocketChannelImpl.checkConnect(Native Method)
	at sun.nio.ch.SocketChannelImpl.finishConnect(SocketChannelImpl.java:717)
	at org.apache.ratis.thirdparty.io.netty.channel.socket.nio.NioSocketChannel.doFinishConnect(NioSocketChannel.java:327)
	at org.apache.ratis.thirdparty.io.netty.channel.nio.AbstractNioChannel$AbstractNioUnsafe.finishConnect(AbstractNioChannel.java:340)
	at org.apache.ratis.thirdparty.io.netty.channel.nio.NioEventLoop.processSelectedKey(NioEventLoop.java:632)
	at org.apache.ratis.thirdparty.io.netty.channel.nio.NioEventLoop.processSelectedKeysOptimized(NioEventLoop.java:579)
	at org.apache.ratis.thirdparty.io.netty.channel.nio.NioEventLoop.processSelectedKeys(NioEventLoop.java:496)
	at org.apache.ratis.thirdparty.io.netty.channel.nio.NioEventLoop.run(NioEventLoop.java:458)
	at org.apache.ratis.thirdparty.io.netty.util.concurrent.SingleThreadEventExecutor$5.run(SingleThreadEventExecutor.java:897)
	at org.apache.ratis.thirdparty.io.netty.util.concurrent.FastThreadLocalRunnable.run(FastThreadLocalRunnable.java:30)
	... 1 more
Caused by: java.net.ConnectException: Connection refused
	... 11 more
2019-11-13 20:34:54,853 [a396b6da-9b4a-4217-b353-472b7d1ddb56@group-699461127A2D-LeaderElection60] INFO  impl.LeaderElection (LeaderElection.java:logAndReturn(56)) - a396b6da-9b4a-4217-b353-472b7d1ddb56@group-699461127A2D-LeaderElection60: Election REJECTED; received 0 response(s) [] and 2 exception(s); a396b6da-9b4a-4217-b353-472b7d1ddb56@group-699461127A2D:t3, leader=null, voted=a396b6da-9b4a-4217-b353-472b7d1ddb56, raftlog=a396b6da-9b4a-4217-b353-472b7d1ddb56@group-699461127A2D-SegmentedRaftLog:OPENED:c0,f0,i0, conf=0: [a396b6da-9b4a-4217-b353-472b7d1ddb56:192.168.34.20:32811, d06fab63-d4ff-4606-9904-3a8389ab2cb6:192.168.34.20:46247, 83ff406b-cc24-4672-8ad4-94afba27c25e:192.168.34.20:34460], old=null
2019-11-13 20:34:54,853 [a396b6da-9b4a-4217-b353-472b7d1ddb56@group-699461127A2D-LeaderElection60] INFO  impl.LeaderElection (LogUtils.java:infoOrTrace(149)) -   Exception 0: {}
java.util.concurrent.ExecutionException: org.apache.ratis.thirdparty.io.grpc.StatusRuntimeException: UNAVAILABLE: io exception
	at java.util.concurrent.FutureTask.report(FutureTask.java:122)
	at java.util.concurrent.FutureTask.get(FutureTask.java:192)
	at org.apache.ratis.server.impl.LeaderElection.waitForResults(LeaderElection.java:259)
	at org.apache.ratis.server.impl.LeaderElection.askForVotes(LeaderElection.java:197)
	at org.apache.ratis.server.impl.LeaderElection.run(LeaderElection.java:133)
	at java.lang.Thread.run(Thread.java:748)
Caused by: org.apache.ratis.thirdparty.io.grpc.StatusRuntimeException: UNAVAILABLE: io exception
	at org.apache.ratis.thirdparty.io.grpc.stub.ClientCalls.toStatusRuntimeException(ClientCalls.java:233)
	at org.apache.ratis.thirdparty.io.grpc.stub.ClientCalls.getUnchecked(ClientCalls.java:214)
	at org.apache.ratis.thirdparty.io.grpc.stub.ClientCalls.blockingUnaryCall(ClientCalls.java:139)
	at org.apache.ratis.proto.grpc.RaftServerProtocolServiceGrpc$RaftServerProtocolServiceBlockingStub.requestVote(RaftServerProtocolServiceGrpc.java:265)
	at org.apache.ratis.grpc.server.GrpcServerProtocolClient.requestVote(GrpcServerProtocolClient.java:99)
	at org.apache.ratis.grpc.server.GrpcService.requestVote(GrpcService.java:204)
	at org.apache.ratis.server.impl.LeaderElection.lambda$submitRequests$1(LeaderElection.java:234)
	at java.util.concurrent.FutureTask.run(FutureTask.java:266)
	at java.util.concurrent.Executors$RunnableAdapter.call(Executors.java:511)
	at java.util.concurrent.FutureTask.run(FutureTask.java:266)
	at java.util.concurrent.ThreadPoolExecutor.runWorker(ThreadPoolExecutor.java:1149)
	at java.util.concurrent.ThreadPoolExecutor$Worker.run(ThreadPoolExecutor.java:624)
	... 1 more
Caused by: org.apache.ratis.thirdparty.io.netty.channel.AbstractChannel$AnnotatedConnectException: Connection refused: /192.168.34.20:46247
	at sun.nio.ch.SocketChannelImpl.checkConnect(Native Method)
	at sun.nio.ch.SocketChannelImpl.finishConnect(SocketChannelImpl.java:717)
	at org.apache.ratis.thirdparty.io.netty.channel.socket.nio.NioSocketChannel.doFinishConnect(NioSocketChannel.java:327)
	at org.apache.ratis.thirdparty.io.netty.channel.nio.AbstractNioChannel$AbstractNioUnsafe.finishConnect(AbstractNioChannel.java:340)
	at org.apache.ratis.thirdparty.io.netty.channel.nio.NioEventLoop.processSelectedKey(NioEventLoop.java:632)
	at org.apache.ratis.thirdparty.io.netty.channel.nio.NioEventLoop.processSelectedKeysOptimized(NioEventLoop.java:579)
	at org.apache.ratis.thirdparty.io.netty.channel.nio.NioEventLoop.processSelectedKeys(NioEventLoop.java:496)
	at org.apache.ratis.thirdparty.io.netty.channel.nio.NioEventLoop.run(NioEventLoop.java:458)
	at org.apache.ratis.thirdparty.io.netty.util.concurrent.SingleThreadEventExecutor$5.run(SingleThreadEventExecutor.java:897)
	at org.apache.ratis.thirdparty.io.netty.util.concurrent.FastThreadLocalRunnable.run(FastThreadLocalRunnable.java:30)
	... 1 more
Caused by: java.net.ConnectException: Connection refused
	... 11 more
2019-11-13 20:34:54,854 [a396b6da-9b4a-4217-b353-472b7d1ddb56@group-699461127A2D-LeaderElection60] INFO  impl.LeaderElection (LogUtils.java:infoOrTrace(149)) -   Exception 1: {}
java.util.concurrent.ExecutionException: org.apache.ratis.thirdparty.io.grpc.StatusRuntimeException: UNAVAILABLE: io exception
	at java.util.concurrent.FutureTask.report(FutureTask.java:122)
	at java.util.concurrent.FutureTask.get(FutureTask.java:192)
	at org.apache.ratis.server.impl.LeaderElection.waitForResults(LeaderElection.java:259)
	at org.apache.ratis.server.impl.LeaderElection.askForVotes(LeaderElection.java:197)
	at org.apache.ratis.server.impl.LeaderElection.run(LeaderElection.java:133)
	at java.lang.Thread.run(Thread.java:748)
Caused by: org.apache.ratis.thirdparty.io.grpc.StatusRuntimeException: UNAVAILABLE: io exception
	at org.apache.ratis.thirdparty.io.grpc.stub.ClientCalls.toStatusRuntimeException(ClientCalls.java:233)
	at org.apache.ratis.thirdparty.io.grpc.stub.ClientCalls.getUnchecked(ClientCalls.java:214)
	at org.apache.ratis.thirdparty.io.grpc.stub.ClientCalls.blockingUnaryCall(ClientCalls.java:139)
	at org.apache.ratis.proto.grpc.RaftServerProtocolServiceGrpc$RaftServerProtocolServiceBlockingStub.requestVote(RaftServerProtocolServiceGrpc.java:265)
	at org.apache.ratis.grpc.server.GrpcServerProtocolClient.requestVote(GrpcServerProtocolClient.java:99)
	at org.apache.ratis.grpc.server.GrpcService.requestVote(GrpcService.java:204)
	at org.apache.ratis.server.impl.LeaderElection.lambda$submitRequests$1(LeaderElection.java:234)
	at java.util.concurrent.FutureTask.run(FutureTask.java:266)
	at java.util.concurrent.Executors$RunnableAdapter.call(Executors.java:511)
	at java.util.concurrent.FutureTask.run(FutureTask.java:266)
	at java.util.concurrent.ThreadPoolExecutor.runWorker(ThreadPoolExecutor.java:1149)
	at java.util.concurrent.ThreadPoolExecutor$Worker.run(ThreadPoolExecutor.java:624)
	... 1 more
Caused by: org.apache.ratis.thirdparty.io.netty.channel.AbstractChannel$AnnotatedConnectException: Connection refused: /192.168.34.20:34460
	at sun.nio.ch.SocketChannelImpl.checkConnect(Native Method)
	at sun.nio.ch.SocketChannelImpl.finishConnect(SocketChannelImpl.java:717)
	at org.apache.ratis.thirdparty.io.netty.channel.socket.nio.NioSocketChannel.doFinishConnect(NioSocketChannel.java:327)
	at org.apache.ratis.thirdparty.io.netty.channel.nio.AbstractNioChannel$AbstractNioUnsafe.finishConnect(AbstractNioChannel.java:340)
	at org.apache.ratis.thirdparty.io.netty.channel.nio.NioEventLoop.processSelectedKey(NioEventLoop.java:632)
	at org.apache.ratis.thirdparty.io.netty.channel.nio.NioEventLoop.processSelectedKeysOptimized(NioEventLoop.java:579)
	at org.apache.ratis.thirdparty.io.netty.channel.nio.NioEventLoop.processSelectedKeys(NioEventLoop.java:496)
	at org.apache.ratis.thirdparty.io.netty.channel.nio.NioEventLoop.run(NioEventLoop.java:458)
	at org.apache.ratis.thirdparty.io.netty.util.concurrent.SingleThreadEventExecutor$5.run(SingleThreadEventExecutor.java:897)
	at org.apache.ratis.thirdparty.io.netty.util.concurrent.FastThreadLocalRunnable.run(FastThreadLocalRunnable.java:30)
	... 1 more
Caused by: java.net.ConnectException: Connection refused
	... 11 more
2019-11-13 20:34:54,855 [a396b6da-9b4a-4217-b353-472b7d1ddb56@group-699461127A2D-LeaderElection60] INFO  impl.RaftServerImpl (RaftServerImpl.java:setRole(173)) - a396b6da-9b4a-4217-b353-472b7d1ddb56@group-699461127A2D: changes role from CANDIDATE to FOLLOWER at term 3 for DISCOVERED_A_NEW_TERM
2019-11-13 20:34:54,855 [a396b6da-9b4a-4217-b353-472b7d1ddb56@group-699461127A2D-LeaderElection60] INFO  impl.RoleInfo (RoleInfo.java:shutdownLeaderElection(134)) - a396b6da-9b4a-4217-b353-472b7d1ddb56: shutdown LeaderElection
2019-11-13 20:34:54,855 [a396b6da-9b4a-4217-b353-472b7d1ddb56@group-699461127A2D-LeaderElection60] INFO  impl.RoleInfo (RoleInfo.java:updateAndGet(143)) - a396b6da-9b4a-4217-b353-472b7d1ddb56: start FollowerState
2019-11-13 20:34:55,197 [grpc-default-executor-1] WARN  server.GrpcLogAppender (LogUtils.java:warn(134)) - f7edbf2f-fbe3-4411-b014-7a92b8f685a2@group-9AC72DC02C8F->5947ecff-de41-4703-8b6b-2a362119c64b-AppendLogResponseHandler: Failed appendEntries: org.apache.ratis.thirdparty.io.grpc.StatusRuntimeException: UNAVAILABLE: io exception
2019-11-13 20:34:55,197 [grpc-default-executor-1] INFO  impl.FollowerInfo (FollowerInfo.java:lambda$new$0(51)) - f7edbf2f-fbe3-4411-b014-7a92b8f685a2@group-9AC72DC02C8F->5947ecff-de41-4703-8b6b-2a362119c64b: nextIndex: updateUnconditionally 0 -> 0
2019-11-13 20:34:55,207 [grpc-default-executor-5] WARN  server.GrpcLogAppender (LogUtils.java:warn(134)) - f7edbf2f-fbe3-4411-b014-7a92b8f685a2@group-9AC72DC02C8F->5fef94be-3335-41aa-8a3e-dfaf501cab3b-AppendLogResponseHandler: Failed appendEntries: org.apache.ratis.thirdparty.io.grpc.StatusRuntimeException: UNAVAILABLE: io exception
2019-11-13 20:34:55,207 [grpc-default-executor-5] INFO  impl.FollowerInfo (FollowerInfo.java:lambda$new$0(51)) - f7edbf2f-fbe3-4411-b014-7a92b8f685a2@group-9AC72DC02C8F->5fef94be-3335-41aa-8a3e-dfaf501cab3b: nextIndex: updateUnconditionally 0 -> 0
2019-11-13 20:34:55,697 [grpc-default-executor-4] WARN  server.GrpcLogAppender (LogUtils.java:warn(134)) - f7edbf2f-fbe3-4411-b014-7a92b8f685a2@group-9AC72DC02C8F->5947ecff-de41-4703-8b6b-2a362119c64b-AppendLogResponseHandler: Failed appendEntries: org.apache.ratis.thirdparty.io.grpc.StatusRuntimeException: UNAVAILABLE: io exception
2019-11-13 20:34:55,697 [grpc-default-executor-4] INFO  impl.FollowerInfo (FollowerInfo.java:lambda$new$0(51)) - f7edbf2f-fbe3-4411-b014-7a92b8f685a2@group-9AC72DC02C8F->5947ecff-de41-4703-8b6b-2a362119c64b: nextIndex: updateUnconditionally 0 -> 0
2019-11-13 20:34:55,707 [grpc-default-executor-5] WARN  server.GrpcLogAppender (LogUtils.java:warn(134)) - f7edbf2f-fbe3-4411-b014-7a92b8f685a2@group-9AC72DC02C8F->5fef94be-3335-41aa-8a3e-dfaf501cab3b-AppendLogResponseHandler: Failed appendEntries: org.apache.ratis.thirdparty.io.grpc.StatusRuntimeException: UNAVAILABLE: io exception
2019-11-13 20:34:55,707 [grpc-default-executor-5] INFO  impl.FollowerInfo (FollowerInfo.java:lambda$new$0(51)) - f7edbf2f-fbe3-4411-b014-7a92b8f685a2@group-9AC72DC02C8F->5fef94be-3335-41aa-8a3e-dfaf501cab3b: nextIndex: updateUnconditionally 0 -> 0
2019-11-13 20:34:55,959 [Thread-1829] INFO  impl.FollowerState (FollowerState.java:run(111)) - a396b6da-9b4a-4217-b353-472b7d1ddb56@group-699461127A2D-FollowerState: change to CANDIDATE, lastRpcTime:1103ms, electionTimeout:1103ms
2019-11-13 20:34:55,959 [Thread-1829] INFO  impl.RoleInfo (RoleInfo.java:shutdownFollowerState(121)) - a396b6da-9b4a-4217-b353-472b7d1ddb56: shutdown FollowerState
2019-11-13 20:34:55,959 [Thread-1829] INFO  impl.RaftServerImpl (RaftServerImpl.java:setRole(173)) - a396b6da-9b4a-4217-b353-472b7d1ddb56@group-699461127A2D: changes role from  FOLLOWER to CANDIDATE at term 3 for changeToCandidate
2019-11-13 20:34:55,959 [Thread-1829] INFO  impl.RoleInfo (RoleInfo.java:updateAndGet(143)) - a396b6da-9b4a-4217-b353-472b7d1ddb56: start LeaderElection
2019-11-13 20:34:55,973 [a396b6da-9b4a-4217-b353-472b7d1ddb56@group-699461127A2D-LeaderElection61] INFO  impl.LeaderElection (LeaderElection.java:askForVotes(178)) - a396b6da-9b4a-4217-b353-472b7d1ddb56@group-699461127A2D-LeaderElection61: begin an election at term 4 for 0: [a396b6da-9b4a-4217-b353-472b7d1ddb56:192.168.34.20:32811, d06fab63-d4ff-4606-9904-3a8389ab2cb6:192.168.34.20:46247, 83ff406b-cc24-4672-8ad4-94afba27c25e:192.168.34.20:34460], old=null
2019-11-13 20:34:55,974 [a396b6da-9b4a-4217-b353-472b7d1ddb56@group-699461127A2D-LeaderElection61] INFO  impl.LeaderElection (LogUtils.java:infoOrTrace(149)) - a396b6da-9b4a-4217-b353-472b7d1ddb56@group-699461127A2D-LeaderElection61 got exception when requesting votes: {}
java.util.concurrent.ExecutionException: org.apache.ratis.thirdparty.io.grpc.StatusRuntimeException: UNAVAILABLE: io exception
	at java.util.concurrent.FutureTask.report(FutureTask.java:122)
	at java.util.concurrent.FutureTask.get(FutureTask.java:192)
	at org.apache.ratis.server.impl.LeaderElection.waitForResults(LeaderElection.java:259)
	at org.apache.ratis.server.impl.LeaderElection.askForVotes(LeaderElection.java:197)
	at org.apache.ratis.server.impl.LeaderElection.run(LeaderElection.java:133)
	at java.lang.Thread.run(Thread.java:748)
Caused by: org.apache.ratis.thirdparty.io.grpc.StatusRuntimeException: UNAVAILABLE: io exception
	at org.apache.ratis.thirdparty.io.grpc.stub.ClientCalls.toStatusRuntimeException(ClientCalls.java:233)
	at org.apache.ratis.thirdparty.io.grpc.stub.ClientCalls.getUnchecked(ClientCalls.java:214)
	at org.apache.ratis.thirdparty.io.grpc.stub.ClientCalls.blockingUnaryCall(ClientCalls.java:139)
	at org.apache.ratis.proto.grpc.RaftServerProtocolServiceGrpc$RaftServerProtocolServiceBlockingStub.requestVote(RaftServerProtocolServiceGrpc.java:265)
	at org.apache.ratis.grpc.server.GrpcServerProtocolClient.requestVote(GrpcServerProtocolClient.java:99)
	at org.apache.ratis.grpc.server.GrpcService.requestVote(GrpcService.java:204)
	at org.apache.ratis.server.impl.LeaderElection.lambda$submitRequests$1(LeaderElection.java:234)
	at java.util.concurrent.FutureTask.run(FutureTask.java:266)
	at java.util.concurrent.Executors$RunnableAdapter.call(Executors.java:511)
	at java.util.concurrent.FutureTask.run(FutureTask.java:266)
	at java.util.concurrent.ThreadPoolExecutor.runWorker(ThreadPoolExecutor.java:1149)
	at java.util.concurrent.ThreadPoolExecutor$Worker.run(ThreadPoolExecutor.java:624)
	... 1 more
Caused by: org.apache.ratis.thirdparty.io.netty.channel.AbstractChannel$AnnotatedConnectException: Connection refused: /192.168.34.20:46247
	at sun.nio.ch.SocketChannelImpl.checkConnect(Native Method)
	at sun.nio.ch.SocketChannelImpl.finishConnect(SocketChannelImpl.java:717)
	at org.apache.ratis.thirdparty.io.netty.channel.socket.nio.NioSocketChannel.doFinishConnect(NioSocketChannel.java:327)
	at org.apache.ratis.thirdparty.io.netty.channel.nio.AbstractNioChannel$AbstractNioUnsafe.finishConnect(AbstractNioChannel.java:340)
	at org.apache.ratis.thirdparty.io.netty.channel.nio.NioEventLoop.processSelectedKey(NioEventLoop.java:632)
	at org.apache.ratis.thirdparty.io.netty.channel.nio.NioEventLoop.processSelectedKeysOptimized(NioEventLoop.java:579)
	at org.apache.ratis.thirdparty.io.netty.channel.nio.NioEventLoop.processSelectedKeys(NioEventLoop.java:496)
	at org.apache.ratis.thirdparty.io.netty.channel.nio.NioEventLoop.run(NioEventLoop.java:458)
	at org.apache.ratis.thirdparty.io.netty.util.concurrent.SingleThreadEventExecutor$5.run(SingleThreadEventExecutor.java:897)
	at org.apache.ratis.thirdparty.io.netty.util.concurrent.FastThreadLocalRunnable.run(FastThreadLocalRunnable.java:30)
	... 1 more
Caused by: java.net.ConnectException: Connection refused
	... 11 more
2019-11-13 20:34:55,975 [a396b6da-9b4a-4217-b353-472b7d1ddb56@group-699461127A2D-LeaderElection61] INFO  impl.LeaderElection (LogUtils.java:infoOrTrace(149)) - a396b6da-9b4a-4217-b353-472b7d1ddb56@group-699461127A2D-LeaderElection61 got exception when requesting votes: {}
java.util.concurrent.ExecutionException: org.apache.ratis.thirdparty.io.grpc.StatusRuntimeException: UNAVAILABLE: io exception
	at java.util.concurrent.FutureTask.report(FutureTask.java:122)
	at java.util.concurrent.FutureTask.get(FutureTask.java:192)
	at org.apache.ratis.server.impl.LeaderElection.waitForResults(LeaderElection.java:259)
	at org.apache.ratis.server.impl.LeaderElection.askForVotes(LeaderElection.java:197)
	at org.apache.ratis.server.impl.LeaderElection.run(LeaderElection.java:133)
	at java.lang.Thread.run(Thread.java:748)
Caused by: org.apache.ratis.thirdparty.io.grpc.StatusRuntimeException: UNAVAILABLE: io exception
	at org.apache.ratis.thirdparty.io.grpc.stub.ClientCalls.toStatusRuntimeException(ClientCalls.java:233)
	at org.apache.ratis.thirdparty.io.grpc.stub.ClientCalls.getUnchecked(ClientCalls.java:214)
	at org.apache.ratis.thirdparty.io.grpc.stub.ClientCalls.blockingUnaryCall(ClientCalls.java:139)
	at org.apache.ratis.proto.grpc.RaftServerProtocolServiceGrpc$RaftServerProtocolServiceBlockingStub.requestVote(RaftServerProtocolServiceGrpc.java:265)
	at org.apache.ratis.grpc.server.GrpcServerProtocolClient.requestVote(GrpcServerProtocolClient.java:99)
	at org.apache.ratis.grpc.server.GrpcService.requestVote(GrpcService.java:204)
	at org.apache.ratis.server.impl.LeaderElection.lambda$submitRequests$1(LeaderElection.java:234)
	at java.util.concurrent.FutureTask.run(FutureTask.java:266)
	at java.util.concurrent.Executors$RunnableAdapter.call(Executors.java:511)
	at java.util.concurrent.FutureTask.run(FutureTask.java:266)
	at java.util.concurrent.ThreadPoolExecutor.runWorker(ThreadPoolExecutor.java:1149)
	at java.util.concurrent.ThreadPoolExecutor$Worker.run(ThreadPoolExecutor.java:624)
	... 1 more
Caused by: org.apache.ratis.thirdparty.io.netty.channel.AbstractChannel$AnnotatedConnectException: Connection refused: /192.168.34.20:34460
	at sun.nio.ch.SocketChannelImpl.checkConnect(Native Method)
	at sun.nio.ch.SocketChannelImpl.finishConnect(SocketChannelImpl.java:717)
	at org.apache.ratis.thirdparty.io.netty.channel.socket.nio.NioSocketChannel.doFinishConnect(NioSocketChannel.java:327)
	at org.apache.ratis.thirdparty.io.netty.channel.nio.AbstractNioChannel$AbstractNioUnsafe.finishConnect(AbstractNioChannel.java:340)
	at org.apache.ratis.thirdparty.io.netty.channel.nio.NioEventLoop.processSelectedKey(NioEventLoop.java:632)
	at org.apache.ratis.thirdparty.io.netty.channel.nio.NioEventLoop.processSelectedKeysOptimized(NioEventLoop.java:579)
	at org.apache.ratis.thirdparty.io.netty.channel.nio.NioEventLoop.processSelectedKeys(NioEventLoop.java:496)
	at org.apache.ratis.thirdparty.io.netty.channel.nio.NioEventLoop.run(NioEventLoop.java:458)
	at org.apache.ratis.thirdparty.io.netty.util.concurrent.SingleThreadEventExecutor$5.run(SingleThreadEventExecutor.java:897)
	at org.apache.ratis.thirdparty.io.netty.util.concurrent.FastThreadLocalRunnable.run(FastThreadLocalRunnable.java:30)
	... 1 more
Caused by: java.net.ConnectException: Connection refused
	... 11 more
2019-11-13 20:34:55,976 [a396b6da-9b4a-4217-b353-472b7d1ddb56@group-699461127A2D-LeaderElection61] INFO  impl.LeaderElection (LeaderElection.java:logAndReturn(56)) - a396b6da-9b4a-4217-b353-472b7d1ddb56@group-699461127A2D-LeaderElection61: Election REJECTED; received 0 response(s) [] and 2 exception(s); a396b6da-9b4a-4217-b353-472b7d1ddb56@group-699461127A2D:t4, leader=null, voted=a396b6da-9b4a-4217-b353-472b7d1ddb56, raftlog=a396b6da-9b4a-4217-b353-472b7d1ddb56@group-699461127A2D-SegmentedRaftLog:OPENED:c0,f0,i0, conf=0: [a396b6da-9b4a-4217-b353-472b7d1ddb56:192.168.34.20:32811, d06fab63-d4ff-4606-9904-3a8389ab2cb6:192.168.34.20:46247, 83ff406b-cc24-4672-8ad4-94afba27c25e:192.168.34.20:34460], old=null
2019-11-13 20:34:55,976 [a396b6da-9b4a-4217-b353-472b7d1ddb56@group-699461127A2D-LeaderElection61] INFO  impl.LeaderElection (LogUtils.java:infoOrTrace(149)) -   Exception 0: {}
java.util.concurrent.ExecutionException: org.apache.ratis.thirdparty.io.grpc.StatusRuntimeException: UNAVAILABLE: io exception
	at java.util.concurrent.FutureTask.report(FutureTask.java:122)
	at java.util.concurrent.FutureTask.get(FutureTask.java:192)
	at org.apache.ratis.server.impl.LeaderElection.waitForResults(LeaderElection.java:259)
	at org.apache.ratis.server.impl.LeaderElection.askForVotes(LeaderElection.java:197)
	at org.apache.ratis.server.impl.LeaderElection.run(LeaderElection.java:133)
	at java.lang.Thread.run(Thread.java:748)
Caused by: org.apache.ratis.thirdparty.io.grpc.StatusRuntimeException: UNAVAILABLE: io exception
	at org.apache.ratis.thirdparty.io.grpc.stub.ClientCalls.toStatusRuntimeException(ClientCalls.java:233)
	at org.apache.ratis.thirdparty.io.grpc.stub.ClientCalls.getUnchecked(ClientCalls.java:214)
	at org.apache.ratis.thirdparty.io.grpc.stub.ClientCalls.blockingUnaryCall(ClientCalls.java:139)
	at org.apache.ratis.proto.grpc.RaftServerProtocolServiceGrpc$RaftServerProtocolServiceBlockingStub.requestVote(RaftServerProtocolServiceGrpc.java:265)
	at org.apache.ratis.grpc.server.GrpcServerProtocolClient.requestVote(GrpcServerProtocolClient.java:99)
	at org.apache.ratis.grpc.server.GrpcService.requestVote(GrpcService.java:204)
	at org.apache.ratis.server.impl.LeaderElection.lambda$submitRequests$1(LeaderElection.java:234)
	at java.util.concurrent.FutureTask.run(FutureTask.java:266)
	at java.util.concurrent.Executors$RunnableAdapter.call(Executors.java:511)
	at java.util.concurrent.FutureTask.run(FutureTask.java:266)
	at java.util.concurrent.ThreadPoolExecutor.runWorker(ThreadPoolExecutor.java:1149)
	at java.util.concurrent.ThreadPoolExecutor$Worker.run(ThreadPoolExecutor.java:624)
	... 1 more
Caused by: org.apache.ratis.thirdparty.io.netty.channel.AbstractChannel$AnnotatedConnectException: Connection refused: /192.168.34.20:46247
	at sun.nio.ch.SocketChannelImpl.checkConnect(Native Method)
	at sun.nio.ch.SocketChannelImpl.finishConnect(SocketChannelImpl.java:717)
	at org.apache.ratis.thirdparty.io.netty.channel.socket.nio.NioSocketChannel.doFinishConnect(NioSocketChannel.java:327)
	at org.apache.ratis.thirdparty.io.netty.channel.nio.AbstractNioChannel$AbstractNioUnsafe.finishConnect(AbstractNioChannel.java:340)
	at org.apache.ratis.thirdparty.io.netty.channel.nio.NioEventLoop.processSelectedKey(NioEventLoop.java:632)
	at org.apache.ratis.thirdparty.io.netty.channel.nio.NioEventLoop.processSelectedKeysOptimized(NioEventLoop.java:579)
	at org.apache.ratis.thirdparty.io.netty.channel.nio.NioEventLoop.processSelectedKeys(NioEventLoop.java:496)
	at org.apache.ratis.thirdparty.io.netty.channel.nio.NioEventLoop.run(NioEventLoop.java:458)
	at org.apache.ratis.thirdparty.io.netty.util.concurrent.SingleThreadEventExecutor$5.run(SingleThreadEventExecutor.java:897)
	at org.apache.ratis.thirdparty.io.netty.util.concurrent.FastThreadLocalRunnable.run(FastThreadLocalRunnable.java:30)
	... 1 more
Caused by: java.net.ConnectException: Connection refused
	... 11 more
2019-11-13 20:34:55,977 [a396b6da-9b4a-4217-b353-472b7d1ddb56@group-699461127A2D-LeaderElection61] INFO  impl.LeaderElection (LogUtils.java:infoOrTrace(149)) -   Exception 1: {}
java.util.concurrent.ExecutionException: org.apache.ratis.thirdparty.io.grpc.StatusRuntimeException: UNAVAILABLE: io exception
	at java.util.concurrent.FutureTask.report(FutureTask.java:122)
	at java.util.concurrent.FutureTask.get(FutureTask.java:192)
	at org.apache.ratis.server.impl.LeaderElection.waitForResults(LeaderElection.java:259)
	at org.apache.ratis.server.impl.LeaderElection.askForVotes(LeaderElection.java:197)
	at org.apache.ratis.server.impl.LeaderElection.run(LeaderElection.java:133)
	at java.lang.Thread.run(Thread.java:748)
Caused by: org.apache.ratis.thirdparty.io.grpc.StatusRuntimeException: UNAVAILABLE: io exception
	at org.apache.ratis.thirdparty.io.grpc.stub.ClientCalls.toStatusRuntimeException(ClientCalls.java:233)
	at org.apache.ratis.thirdparty.io.grpc.stub.ClientCalls.getUnchecked(ClientCalls.java:214)
	at org.apache.ratis.thirdparty.io.grpc.stub.ClientCalls.blockingUnaryCall(ClientCalls.java:139)
	at org.apache.ratis.proto.grpc.RaftServerProtocolServiceGrpc$RaftServerProtocolServiceBlockingStub.requestVote(RaftServerProtocolServiceGrpc.java:265)
	at org.apache.ratis.grpc.server.GrpcServerProtocolClient.requestVote(GrpcServerProtocolClient.java:99)
	at org.apache.ratis.grpc.server.GrpcService.requestVote(GrpcService.java:204)
	at org.apache.ratis.server.impl.LeaderElection.lambda$submitRequests$1(LeaderElection.java:234)
	at java.util.concurrent.FutureTask.run(FutureTask.java:266)
	at java.util.concurrent.Executors$RunnableAdapter.call(Executors.java:511)
	at java.util.concurrent.FutureTask.run(FutureTask.java:266)
	at java.util.concurrent.ThreadPoolExecutor.runWorker(ThreadPoolExecutor.java:1149)
	at java.util.concurrent.ThreadPoolExecutor$Worker.run(ThreadPoolExecutor.java:624)
	... 1 more
Caused by: org.apache.ratis.thirdparty.io.netty.channel.AbstractChannel$AnnotatedConnectException: Connection refused: /192.168.34.20:34460
	at sun.nio.ch.SocketChannelImpl.checkConnect(Native Method)
	at sun.nio.ch.SocketChannelImpl.finishConnect(SocketChannelImpl.java:717)
	at org.apache.ratis.thirdparty.io.netty.channel.socket.nio.NioSocketChannel.doFinishConnect(NioSocketChannel.java:327)
	at org.apache.ratis.thirdparty.io.netty.channel.nio.AbstractNioChannel$AbstractNioUnsafe.finishConnect(AbstractNioChannel.java:340)
	at org.apache.ratis.thirdparty.io.netty.channel.nio.NioEventLoop.processSelectedKey(NioEventLoop.java:632)
	at org.apache.ratis.thirdparty.io.netty.channel.nio.NioEventLoop.processSelectedKeysOptimized(NioEventLoop.java:579)
	at org.apache.ratis.thirdparty.io.netty.channel.nio.NioEventLoop.processSelectedKeys(NioEventLoop.java:496)
	at org.apache.ratis.thirdparty.io.netty.channel.nio.NioEventLoop.run(NioEventLoop.java:458)
	at org.apache.ratis.thirdparty.io.netty.util.concurrent.SingleThreadEventExecutor$5.run(SingleThreadEventExecutor.java:897)
	at org.apache.ratis.thirdparty.io.netty.util.concurrent.FastThreadLocalRunnable.run(FastThreadLocalRunnable.java:30)
	... 1 more
Caused by: java.net.ConnectException: Connection refused
	... 11 more
2019-11-13 20:34:55,977 [a396b6da-9b4a-4217-b353-472b7d1ddb56@group-699461127A2D-LeaderElection61] INFO  impl.RaftServerImpl (RaftServerImpl.java:setRole(173)) - a396b6da-9b4a-4217-b353-472b7d1ddb56@group-699461127A2D: changes role from CANDIDATE to FOLLOWER at term 4 for DISCOVERED_A_NEW_TERM
2019-11-13 20:34:55,977 [a396b6da-9b4a-4217-b353-472b7d1ddb56@group-699461127A2D-LeaderElection61] INFO  impl.RoleInfo (RoleInfo.java:shutdownLeaderElection(134)) - a396b6da-9b4a-4217-b353-472b7d1ddb56: shutdown LeaderElection
2019-11-13 20:34:55,977 [a396b6da-9b4a-4217-b353-472b7d1ddb56@group-699461127A2D-LeaderElection61] INFO  impl.RoleInfo (RoleInfo.java:updateAndGet(143)) - a396b6da-9b4a-4217-b353-472b7d1ddb56: start FollowerState
2019-11-13 20:34:56,198 [grpc-default-executor-5] WARN  server.GrpcLogAppender (LogUtils.java:warn(134)) - f7edbf2f-fbe3-4411-b014-7a92b8f685a2@group-9AC72DC02C8F->5947ecff-de41-4703-8b6b-2a362119c64b-AppendLogResponseHandler: Failed appendEntries: org.apache.ratis.thirdparty.io.grpc.StatusRuntimeException: UNAVAILABLE: io exception
2019-11-13 20:34:56,198 [grpc-default-executor-5] INFO  impl.FollowerInfo (FollowerInfo.java:lambda$new$0(51)) - f7edbf2f-fbe3-4411-b014-7a92b8f685a2@group-9AC72DC02C8F->5947ecff-de41-4703-8b6b-2a362119c64b: nextIndex: updateUnconditionally 0 -> 0
2019-11-13 20:34:56,208 [grpc-default-executor-1] WARN  server.GrpcLogAppender (LogUtils.java:warn(134)) - f7edbf2f-fbe3-4411-b014-7a92b8f685a2@group-9AC72DC02C8F->5fef94be-3335-41aa-8a3e-dfaf501cab3b-AppendLogResponseHandler: Failed appendEntries: org.apache.ratis.thirdparty.io.grpc.StatusRuntimeException: UNAVAILABLE: io exception
2019-11-13 20:34:56,208 [grpc-default-executor-1] INFO  impl.FollowerInfo (FollowerInfo.java:lambda$new$0(51)) - f7edbf2f-fbe3-4411-b014-7a92b8f685a2@group-9AC72DC02C8F->5fef94be-3335-41aa-8a3e-dfaf501cab3b: nextIndex: updateUnconditionally 0 -> 0
2019-11-13 20:34:56,699 [grpc-default-executor-1] WARN  server.GrpcLogAppender (LogUtils.java:warn(134)) - f7edbf2f-fbe3-4411-b014-7a92b8f685a2@group-9AC72DC02C8F->5947ecff-de41-4703-8b6b-2a362119c64b-AppendLogResponseHandler: Failed appendEntries: org.apache.ratis.thirdparty.io.grpc.StatusRuntimeException: UNAVAILABLE: io exception
2019-11-13 20:34:56,700 [grpc-default-executor-1] INFO  impl.FollowerInfo (FollowerInfo.java:lambda$new$0(51)) - f7edbf2f-fbe3-4411-b014-7a92b8f685a2@group-9AC72DC02C8F->5947ecff-de41-4703-8b6b-2a362119c64b: nextIndex: updateUnconditionally 0 -> 0
2019-11-13 20:34:56,708 [grpc-default-executor-4] WARN  server.GrpcLogAppender (LogUtils.java:warn(134)) - f7edbf2f-fbe3-4411-b014-7a92b8f685a2@group-9AC72DC02C8F->5fef94be-3335-41aa-8a3e-dfaf501cab3b-AppendLogResponseHandler: Failed appendEntries: org.apache.ratis.thirdparty.io.grpc.StatusRuntimeException: UNAVAILABLE: io exception
2019-11-13 20:34:56,709 [grpc-default-executor-4] INFO  impl.FollowerInfo (FollowerInfo.java:lambda$new$0(51)) - f7edbf2f-fbe3-4411-b014-7a92b8f685a2@group-9AC72DC02C8F->5fef94be-3335-41aa-8a3e-dfaf501cab3b: nextIndex: updateUnconditionally 0 -> 0
2019-11-13 20:34:57,097 [Thread-1833] INFO  impl.FollowerState (FollowerState.java:run(111)) - a396b6da-9b4a-4217-b353-472b7d1ddb56@group-699461127A2D-FollowerState: change to CANDIDATE, lastRpcTime:1119ms, electionTimeout:1119ms
2019-11-13 20:34:57,097 [Thread-1833] INFO  impl.RoleInfo (RoleInfo.java:shutdownFollowerState(121)) - a396b6da-9b4a-4217-b353-472b7d1ddb56: shutdown FollowerState
2019-11-13 20:34:57,097 [Thread-1833] INFO  impl.RaftServerImpl (RaftServerImpl.java:setRole(173)) - a396b6da-9b4a-4217-b353-472b7d1ddb56@group-699461127A2D: changes role from  FOLLOWER to CANDIDATE at term 4 for changeToCandidate
2019-11-13 20:34:57,098 [Thread-1833] INFO  impl.RoleInfo (RoleInfo.java:updateAndGet(143)) - a396b6da-9b4a-4217-b353-472b7d1ddb56: start LeaderElection
2019-11-13 20:34:57,120 [a396b6da-9b4a-4217-b353-472b7d1ddb56@group-699461127A2D-LeaderElection62] INFO  impl.LeaderElection (LeaderElection.java:askForVotes(178)) - a396b6da-9b4a-4217-b353-472b7d1ddb56@group-699461127A2D-LeaderElection62: begin an election at term 5 for 0: [a396b6da-9b4a-4217-b353-472b7d1ddb56:192.168.34.20:32811, d06fab63-d4ff-4606-9904-3a8389ab2cb6:192.168.34.20:46247, 83ff406b-cc24-4672-8ad4-94afba27c25e:192.168.34.20:34460], old=null
2019-11-13 20:34:57,122 [a396b6da-9b4a-4217-b353-472b7d1ddb56@group-699461127A2D-LeaderElection62] INFO  impl.LeaderElection (LogUtils.java:infoOrTrace(149)) - a396b6da-9b4a-4217-b353-472b7d1ddb56@group-699461127A2D-LeaderElection62 got exception when requesting votes: {}
java.util.concurrent.ExecutionException: org.apache.ratis.thirdparty.io.grpc.StatusRuntimeException: UNAVAILABLE: io exception
	at java.util.concurrent.FutureTask.report(FutureTask.java:122)
	at java.util.concurrent.FutureTask.get(FutureTask.java:192)
	at org.apache.ratis.server.impl.LeaderElection.waitForResults(LeaderElection.java:259)
	at org.apache.ratis.server.impl.LeaderElection.askForVotes(LeaderElection.java:197)
	at org.apache.ratis.server.impl.LeaderElection.run(LeaderElection.java:133)
	at java.lang.Thread.run(Thread.java:748)
Caused by: org.apache.ratis.thirdparty.io.grpc.StatusRuntimeException: UNAVAILABLE: io exception
	at org.apache.ratis.thirdparty.io.grpc.stub.ClientCalls.toStatusRuntimeException(ClientCalls.java:233)
	at org.apache.ratis.thirdparty.io.grpc.stub.ClientCalls.getUnchecked(ClientCalls.java:214)
	at org.apache.ratis.thirdparty.io.grpc.stub.ClientCalls.blockingUnaryCall(ClientCalls.java:139)
	at org.apache.ratis.proto.grpc.RaftServerProtocolServiceGrpc$RaftServerProtocolServiceBlockingStub.requestVote(RaftServerProtocolServiceGrpc.java:265)
	at org.apache.ratis.grpc.server.GrpcServerProtocolClient.requestVote(GrpcServerProtocolClient.java:99)
	at org.apache.ratis.grpc.server.GrpcService.requestVote(GrpcService.java:204)
	at org.apache.ratis.server.impl.LeaderElection.lambda$submitRequests$1(LeaderElection.java:234)
	at java.util.concurrent.FutureTask.run(FutureTask.java:266)
	at java.util.concurrent.Executors$RunnableAdapter.call(Executors.java:511)
	at java.util.concurrent.FutureTask.run(FutureTask.java:266)
	at java.util.concurrent.ThreadPoolExecutor.runWorker(ThreadPoolExecutor.java:1149)
	at java.util.concurrent.ThreadPoolExecutor$Worker.run(ThreadPoolExecutor.java:624)
	... 1 more
Caused by: org.apache.ratis.thirdparty.io.netty.channel.AbstractChannel$AnnotatedConnectException: Connection refused: /192.168.34.20:46247
	at sun.nio.ch.SocketChannelImpl.checkConnect(Native Method)
	at sun.nio.ch.SocketChannelImpl.finishConnect(SocketChannelImpl.java:717)
	at org.apache.ratis.thirdparty.io.netty.channel.socket.nio.NioSocketChannel.doFinishConnect(NioSocketChannel.java:327)
	at org.apache.ratis.thirdparty.io.netty.channel.nio.AbstractNioChannel$AbstractNioUnsafe.finishConnect(AbstractNioChannel.java:340)
	at org.apache.ratis.thirdparty.io.netty.channel.nio.NioEventLoop.processSelectedKey(NioEventLoop.java:632)
	at org.apache.ratis.thirdparty.io.netty.channel.nio.NioEventLoop.processSelectedKeysOptimized(NioEventLoop.java:579)
	at org.apache.ratis.thirdparty.io.netty.channel.nio.NioEventLoop.processSelectedKeys(NioEventLoop.java:496)
	at org.apache.ratis.thirdparty.io.netty.channel.nio.NioEventLoop.run(NioEventLoop.java:458)
	at org.apache.ratis.thirdparty.io.netty.util.concurrent.SingleThreadEventExecutor$5.run(SingleThreadEventExecutor.java:897)
	at org.apache.ratis.thirdparty.io.netty.util.concurrent.FastThreadLocalRunnable.run(FastThreadLocalRunnable.java:30)
	... 1 more
Caused by: java.net.ConnectException: Connection refused
	... 11 more
2019-11-13 20:34:57,124 [a396b6da-9b4a-4217-b353-472b7d1ddb56@group-699461127A2D-LeaderElection62] INFO  impl.LeaderElection (LogUtils.java:infoOrTrace(149)) - a396b6da-9b4a-4217-b353-472b7d1ddb56@group-699461127A2D-LeaderElection62 got exception when requesting votes: {}
java.util.concurrent.ExecutionException: org.apache.ratis.thirdparty.io.grpc.StatusRuntimeException: UNAVAILABLE: io exception
	at java.util.concurrent.FutureTask.report(FutureTask.java:122)
	at java.util.concurrent.FutureTask.get(FutureTask.java:192)
	at org.apache.ratis.server.impl.LeaderElection.waitForResults(LeaderElection.java:259)
	at org.apache.ratis.server.impl.LeaderElection.askForVotes(LeaderElection.java:197)
	at org.apache.ratis.server.impl.LeaderElection.run(LeaderElection.java:133)
	at java.lang.Thread.run(Thread.java:748)
Caused by: org.apache.ratis.thirdparty.io.grpc.StatusRuntimeException: UNAVAILABLE: io exception
	at org.apache.ratis.thirdparty.io.grpc.stub.ClientCalls.toStatusRuntimeException(ClientCalls.java:233)
	at org.apache.ratis.thirdparty.io.grpc.stub.ClientCalls.getUnchecked(ClientCalls.java:214)
	at org.apache.ratis.thirdparty.io.grpc.stub.ClientCalls.blockingUnaryCall(ClientCalls.java:139)
	at org.apache.ratis.proto.grpc.RaftServerProtocolServiceGrpc$RaftServerProtocolServiceBlockingStub.requestVote(RaftServerProtocolServiceGrpc.java:265)
	at org.apache.ratis.grpc.server.GrpcServerProtocolClient.requestVote(GrpcServerProtocolClient.java:99)
	at org.apache.ratis.grpc.server.GrpcService.requestVote(GrpcService.java:204)
	at org.apache.ratis.server.impl.LeaderElection.lambda$submitRequests$1(LeaderElection.java:234)
	at java.util.concurrent.FutureTask.run(FutureTask.java:266)
	at java.util.concurrent.Executors$RunnableAdapter.call(Executors.java:511)
	at java.util.concurrent.FutureTask.run(FutureTask.java:266)
	at java.util.concurrent.ThreadPoolExecutor.runWorker(ThreadPoolExecutor.java:1149)
	at java.util.concurrent.ThreadPoolExecutor$Worker.run(ThreadPoolExecutor.java:624)
	... 1 more
Caused by: org.apache.ratis.thirdparty.io.netty.channel.AbstractChannel$AnnotatedConnectException: Connection refused: /192.168.34.20:34460
	at sun.nio.ch.SocketChannelImpl.checkConnect(Native Method)
	at sun.nio.ch.SocketChannelImpl.finishConnect(SocketChannelImpl.java:717)
	at org.apache.ratis.thirdparty.io.netty.channel.socket.nio.NioSocketChannel.doFinishConnect(NioSocketChannel.java:327)
	at org.apache.ratis.thirdparty.io.netty.channel.nio.AbstractNioChannel$AbstractNioUnsafe.finishConnect(AbstractNioChannel.java:340)
	at org.apache.ratis.thirdparty.io.netty.channel.nio.NioEventLoop.processSelectedKey(NioEventLoop.java:632)
	at org.apache.ratis.thirdparty.io.netty.channel.nio.NioEventLoop.processSelectedKeysOptimized(NioEventLoop.java:579)
	at org.apache.ratis.thirdparty.io.netty.channel.nio.NioEventLoop.processSelectedKeys(NioEventLoop.java:496)
	at org.apache.ratis.thirdparty.io.netty.channel.nio.NioEventLoop.run(NioEventLoop.java:458)
	at org.apache.ratis.thirdparty.io.netty.util.concurrent.SingleThreadEventExecutor$5.run(SingleThreadEventExecutor.java:897)
	at org.apache.ratis.thirdparty.io.netty.util.concurrent.FastThreadLocalRunnable.run(FastThreadLocalRunnable.java:30)
	... 1 more
Caused by: java.net.ConnectException: Connection refused
	... 11 more
2019-11-13 20:34:57,125 [a396b6da-9b4a-4217-b353-472b7d1ddb56@group-699461127A2D-LeaderElection62] INFO  impl.LeaderElection (LeaderElection.java:logAndReturn(56)) - a396b6da-9b4a-4217-b353-472b7d1ddb56@group-699461127A2D-LeaderElection62: Election REJECTED; received 0 response(s) [] and 2 exception(s); a396b6da-9b4a-4217-b353-472b7d1ddb56@group-699461127A2D:t5, leader=null, voted=a396b6da-9b4a-4217-b353-472b7d1ddb56, raftlog=a396b6da-9b4a-4217-b353-472b7d1ddb56@group-699461127A2D-SegmentedRaftLog:OPENED:c0,f0,i0, conf=0: [a396b6da-9b4a-4217-b353-472b7d1ddb56:192.168.34.20:32811, d06fab63-d4ff-4606-9904-3a8389ab2cb6:192.168.34.20:46247, 83ff406b-cc24-4672-8ad4-94afba27c25e:192.168.34.20:34460], old=null
2019-11-13 20:34:57,125 [a396b6da-9b4a-4217-b353-472b7d1ddb56@group-699461127A2D-LeaderElection62] INFO  impl.LeaderElection (LogUtils.java:infoOrTrace(149)) -   Exception 0: {}
java.util.concurrent.ExecutionException: org.apache.ratis.thirdparty.io.grpc.StatusRuntimeException: UNAVAILABLE: io exception
	at java.util.concurrent.FutureTask.report(FutureTask.java:122)
	at java.util.concurrent.FutureTask.get(FutureTask.java:192)
	at org.apache.ratis.server.impl.LeaderElection.waitForResults(LeaderElection.java:259)
	at org.apache.ratis.server.impl.LeaderElection.askForVotes(LeaderElection.java:197)
	at org.apache.ratis.server.impl.LeaderElection.run(LeaderElection.java:133)
	at java.lang.Thread.run(Thread.java:748)
Caused by: org.apache.ratis.thirdparty.io.grpc.StatusRuntimeException: UNAVAILABLE: io exception
	at org.apache.ratis.thirdparty.io.grpc.stub.ClientCalls.toStatusRuntimeException(ClientCalls.java:233)
	at org.apache.ratis.thirdparty.io.grpc.stub.ClientCalls.getUnchecked(ClientCalls.java:214)
	at org.apache.ratis.thirdparty.io.grpc.stub.ClientCalls.blockingUnaryCall(ClientCalls.java:139)
	at org.apache.ratis.proto.grpc.RaftServerProtocolServiceGrpc$RaftServerProtocolServiceBlockingStub.requestVote(RaftServerProtocolServiceGrpc.java:265)
	at org.apache.ratis.grpc.server.GrpcServerProtocolClient.requestVote(GrpcServerProtocolClient.java:99)
	at org.apache.ratis.grpc.server.GrpcService.requestVote(GrpcService.java:204)
	at org.apache.ratis.server.impl.LeaderElection.lambda$submitRequests$1(LeaderElection.java:234)
	at java.util.concurrent.FutureTask.run(FutureTask.java:266)
	at java.util.concurrent.Executors$RunnableAdapter.call(Executors.java:511)
	at java.util.concurrent.FutureTask.run(FutureTask.java:266)
	at java.util.concurrent.ThreadPoolExecutor.runWorker(ThreadPoolExecutor.java:1149)
	at java.util.concurrent.ThreadPoolExecutor$Worker.run(ThreadPoolExecutor.java:624)
	... 1 more
Caused by: org.apache.ratis.thirdparty.io.netty.channel.AbstractChannel$AnnotatedConnectException: Connection refused: /192.168.34.20:46247
	at sun.nio.ch.SocketChannelImpl.checkConnect(Native Method)
	at sun.nio.ch.SocketChannelImpl.finishConnect(SocketChannelImpl.java:717)
	at org.apache.ratis.thirdparty.io.netty.channel.socket.nio.NioSocketChannel.doFinishConnect(NioSocketChannel.java:327)
	at org.apache.ratis.thirdparty.io.netty.channel.nio.AbstractNioChannel$AbstractNioUnsafe.finishConnect(AbstractNioChannel.java:340)
	at org.apache.ratis.thirdparty.io.netty.channel.nio.NioEventLoop.processSelectedKey(NioEventLoop.java:632)
	at org.apache.ratis.thirdparty.io.netty.channel.nio.NioEventLoop.processSelectedKeysOptimized(NioEventLoop.java:579)
	at org.apache.ratis.thirdparty.io.netty.channel.nio.NioEventLoop.processSelectedKeys(NioEventLoop.java:496)
	at org.apache.ratis.thirdparty.io.netty.channel.nio.NioEventLoop.run(NioEventLoop.java:458)
	at org.apache.ratis.thirdparty.io.netty.util.concurrent.SingleThreadEventExecutor$5.run(SingleThreadEventExecutor.java:897)
	at org.apache.ratis.thirdparty.io.netty.util.concurrent.FastThreadLocalRunnable.run(FastThreadLocalRunnable.java:30)
	... 1 more
Caused by: java.net.ConnectException: Connection refused
	... 11 more
2019-11-13 20:34:57,125 [a396b6da-9b4a-4217-b353-472b7d1ddb56@group-699461127A2D-LeaderElection62] INFO  impl.LeaderElection (LogUtils.java:infoOrTrace(149)) -   Exception 1: {}
java.util.concurrent.ExecutionException: org.apache.ratis.thirdparty.io.grpc.StatusRuntimeException: UNAVAILABLE: io exception
	at java.util.concurrent.FutureTask.report(FutureTask.java:122)
	at java.util.concurrent.FutureTask.get(FutureTask.java:192)
	at org.apache.ratis.server.impl.LeaderElection.waitForResults(LeaderElection.java:259)
	at org.apache.ratis.server.impl.LeaderElection.askForVotes(LeaderElection.java:197)
	at org.apache.ratis.server.impl.LeaderElection.run(LeaderElection.java:133)
	at java.lang.Thread.run(Thread.java:748)
Caused by: org.apache.ratis.thirdparty.io.grpc.StatusRuntimeException: UNAVAILABLE: io exception
	at org.apache.ratis.thirdparty.io.grpc.stub.ClientCalls.toStatusRuntimeException(ClientCalls.java:233)
	at org.apache.ratis.thirdparty.io.grpc.stub.ClientCalls.getUnchecked(ClientCalls.java:214)
	at org.apache.ratis.thirdparty.io.grpc.stub.ClientCalls.blockingUnaryCall(ClientCalls.java:139)
	at org.apache.ratis.proto.grpc.RaftServerProtocolServiceGrpc$RaftServerProtocolServiceBlockingStub.requestVote(RaftServerProtocolServiceGrpc.java:265)
	at org.apache.ratis.grpc.server.GrpcServerProtocolClient.requestVote(GrpcServerProtocolClient.java:99)
	at org.apache.ratis.grpc.server.GrpcService.requestVote(GrpcService.java:204)
	at org.apache.ratis.server.impl.LeaderElection.lambda$submitRequests$1(LeaderElection.java:234)
	at java.util.concurrent.FutureTask.run(FutureTask.java:266)
	at java.util.concurrent.Executors$RunnableAdapter.call(Executors.java:511)
	at java.util.concurrent.FutureTask.run(FutureTask.java:266)
	at java.util.concurrent.ThreadPoolExecutor.runWorker(ThreadPoolExecutor.java:1149)
	at java.util.concurrent.ThreadPoolExecutor$Worker.run(ThreadPoolExecutor.java:624)
	... 1 more
Caused by: org.apache.ratis.thirdparty.io.netty.channel.AbstractChannel$AnnotatedConnectException: Connection refused: /192.168.34.20:34460
	at sun.nio.ch.SocketChannelImpl.checkConnect(Native Method)
	at sun.nio.ch.SocketChannelImpl.finishConnect(SocketChannelImpl.java:717)
	at org.apache.ratis.thirdparty.io.netty.channel.socket.nio.NioSocketChannel.doFinishConnect(NioSocketChannel.java:327)
	at org.apache.ratis.thirdparty.io.netty.channel.nio.AbstractNioChannel$AbstractNioUnsafe.finishConnect(AbstractNioChannel.java:340)
	at org.apache.ratis.thirdparty.io.netty.channel.nio.NioEventLoop.processSelectedKey(NioEventLoop.java:632)
	at org.apache.ratis.thirdparty.io.netty.channel.nio.NioEventLoop.processSelectedKeysOptimized(NioEventLoop.java:579)
	at org.apache.ratis.thirdparty.io.netty.channel.nio.NioEventLoop.processSelectedKeys(NioEventLoop.java:496)
	at org.apache.ratis.thirdparty.io.netty.channel.nio.NioEventLoop.run(NioEventLoop.java:458)
	at org.apache.ratis.thirdparty.io.netty.util.concurrent.SingleThreadEventExecutor$5.run(SingleThreadEventExecutor.java:897)
	at org.apache.ratis.thirdparty.io.netty.util.concurrent.FastThreadLocalRunnable.run(FastThreadLocalRunnable.java:30)
	... 1 more
Caused by: java.net.ConnectException: Connection refused
	... 11 more
2019-11-13 20:34:57,125 [a396b6da-9b4a-4217-b353-472b7d1ddb56@group-699461127A2D-LeaderElection62] INFO  impl.RaftServerImpl (RaftServerImpl.java:setRole(173)) - a396b6da-9b4a-4217-b353-472b7d1ddb56@group-699461127A2D: changes role from CANDIDATE to FOLLOWER at term 5 for DISCOVERED_A_NEW_TERM
2019-11-13 20:34:57,126 [a396b6da-9b4a-4217-b353-472b7d1ddb56@group-699461127A2D-LeaderElection62] INFO  impl.RoleInfo (RoleInfo.java:shutdownLeaderElection(134)) - a396b6da-9b4a-4217-b353-472b7d1ddb56: shutdown LeaderElection
2019-11-13 20:34:57,126 [a396b6da-9b4a-4217-b353-472b7d1ddb56@group-699461127A2D-LeaderElection62] INFO  impl.RoleInfo (RoleInfo.java:updateAndGet(143)) - a396b6da-9b4a-4217-b353-472b7d1ddb56: start FollowerState
2019-11-13 20:34:57,200 [grpc-default-executor-4] WARN  server.GrpcLogAppender (LogUtils.java:warn(134)) - f7edbf2f-fbe3-4411-b014-7a92b8f685a2@group-9AC72DC02C8F->5947ecff-de41-4703-8b6b-2a362119c64b-AppendLogResponseHandler: Failed appendEntries: org.apache.ratis.thirdparty.io.grpc.StatusRuntimeException: UNAVAILABLE: io exception
2019-11-13 20:34:57,200 [grpc-default-executor-4] INFO  impl.FollowerInfo (FollowerInfo.java:lambda$new$0(51)) - f7edbf2f-fbe3-4411-b014-7a92b8f685a2@group-9AC72DC02C8F->5947ecff-de41-4703-8b6b-2a362119c64b: nextIndex: updateUnconditionally 0 -> 0
2019-11-13 20:34:57,208 [grpc-default-executor-5] WARN  server.GrpcLogAppender (LogUtils.java:warn(134)) - f7edbf2f-fbe3-4411-b014-7a92b8f685a2@group-9AC72DC02C8F->5fef94be-3335-41aa-8a3e-dfaf501cab3b-AppendLogResponseHandler: Failed appendEntries: org.apache.ratis.thirdparty.io.grpc.StatusRuntimeException: UNAVAILABLE: io exception
2019-11-13 20:34:57,209 [grpc-default-executor-5] INFO  impl.FollowerInfo (FollowerInfo.java:lambda$new$0(51)) - f7edbf2f-fbe3-4411-b014-7a92b8f685a2@group-9AC72DC02C8F->5fef94be-3335-41aa-8a3e-dfaf501cab3b: nextIndex: updateUnconditionally 0 -> 0
2019-11-13 20:34:57,700 [grpc-default-executor-5] WARN  server.GrpcLogAppender (LogUtils.java:warn(134)) - f7edbf2f-fbe3-4411-b014-7a92b8f685a2@group-9AC72DC02C8F->5947ecff-de41-4703-8b6b-2a362119c64b-AppendLogResponseHandler: Failed appendEntries: org.apache.ratis.thirdparty.io.grpc.StatusRuntimeException: UNAVAILABLE: io exception
2019-11-13 20:34:57,701 [grpc-default-executor-5] INFO  impl.FollowerInfo (FollowerInfo.java:lambda$new$0(51)) - f7edbf2f-fbe3-4411-b014-7a92b8f685a2@group-9AC72DC02C8F->5947ecff-de41-4703-8b6b-2a362119c64b: nextIndex: updateUnconditionally 0 -> 0
2019-11-13 20:34:57,709 [grpc-default-executor-1] WARN  server.GrpcLogAppender (LogUtils.java:warn(134)) - f7edbf2f-fbe3-4411-b014-7a92b8f685a2@group-9AC72DC02C8F->5fef94be-3335-41aa-8a3e-dfaf501cab3b-AppendLogResponseHandler: Failed appendEntries: org.apache.ratis.thirdparty.io.grpc.StatusRuntimeException: UNAVAILABLE: io exception
2019-11-13 20:34:57,709 [grpc-default-executor-1] INFO  impl.FollowerInfo (FollowerInfo.java:lambda$new$0(51)) - f7edbf2f-fbe3-4411-b014-7a92b8f685a2@group-9AC72DC02C8F->5fef94be-3335-41aa-8a3e-dfaf501cab3b: nextIndex: updateUnconditionally 0 -> 0
2019-11-13 20:34:58,176 [Thread-1837] INFO  impl.FollowerState (FollowerState.java:run(111)) - a396b6da-9b4a-4217-b353-472b7d1ddb56@group-699461127A2D-FollowerState: change to CANDIDATE, lastRpcTime:1050ms, electionTimeout:1050ms
2019-11-13 20:34:58,177 [Thread-1837] INFO  impl.RoleInfo (RoleInfo.java:shutdownFollowerState(121)) - a396b6da-9b4a-4217-b353-472b7d1ddb56: shutdown FollowerState
2019-11-13 20:34:58,177 [Thread-1837] INFO  impl.RaftServerImpl (RaftServerImpl.java:setRole(173)) - a396b6da-9b4a-4217-b353-472b7d1ddb56@group-699461127A2D: changes role from  FOLLOWER to CANDIDATE at term 5 for changeToCandidate
2019-11-13 20:34:58,178 [Thread-1837] INFO  impl.RoleInfo (RoleInfo.java:updateAndGet(143)) - a396b6da-9b4a-4217-b353-472b7d1ddb56: start LeaderElection
2019-11-13 20:34:58,192 [a396b6da-9b4a-4217-b353-472b7d1ddb56@group-699461127A2D-LeaderElection63] INFO  impl.LeaderElection (LeaderElection.java:askForVotes(178)) - a396b6da-9b4a-4217-b353-472b7d1ddb56@group-699461127A2D-LeaderElection63: begin an election at term 6 for 0: [a396b6da-9b4a-4217-b353-472b7d1ddb56:192.168.34.20:32811, d06fab63-d4ff-4606-9904-3a8389ab2cb6:192.168.34.20:46247, 83ff406b-cc24-4672-8ad4-94afba27c25e:192.168.34.20:34460], old=null
2019-11-13 20:34:58,195 [a396b6da-9b4a-4217-b353-472b7d1ddb56@group-699461127A2D-LeaderElection63] INFO  impl.LeaderElection (LogUtils.java:infoOrTrace(149)) - a396b6da-9b4a-4217-b353-472b7d1ddb56@group-699461127A2D-LeaderElection63 got exception when requesting votes: {}
java.util.concurrent.ExecutionException: org.apache.ratis.thirdparty.io.grpc.StatusRuntimeException: UNAVAILABLE: io exception
	at java.util.concurrent.FutureTask.report(FutureTask.java:122)
	at java.util.concurrent.FutureTask.get(FutureTask.java:192)
	at org.apache.ratis.server.impl.LeaderElection.waitForResults(LeaderElection.java:259)
	at org.apache.ratis.server.impl.LeaderElection.askForVotes(LeaderElection.java:197)
	at org.apache.ratis.server.impl.LeaderElection.run(LeaderElection.java:133)
	at java.lang.Thread.run(Thread.java:748)
Caused by: org.apache.ratis.thirdparty.io.grpc.StatusRuntimeException: UNAVAILABLE: io exception
	at org.apache.ratis.thirdparty.io.grpc.stub.ClientCalls.toStatusRuntimeException(ClientCalls.java:233)
	at org.apache.ratis.thirdparty.io.grpc.stub.ClientCalls.getUnchecked(ClientCalls.java:214)
	at org.apache.ratis.thirdparty.io.grpc.stub.ClientCalls.blockingUnaryCall(ClientCalls.java:139)
	at org.apache.ratis.proto.grpc.RaftServerProtocolServiceGrpc$RaftServerProtocolServiceBlockingStub.requestVote(RaftServerProtocolServiceGrpc.java:265)
	at org.apache.ratis.grpc.server.GrpcServerProtocolClient.requestVote(GrpcServerProtocolClient.java:99)
	at org.apache.ratis.grpc.server.GrpcService.requestVote(GrpcService.java:204)
	at org.apache.ratis.server.impl.LeaderElection.lambda$submitRequests$1(LeaderElection.java:234)
	at java.util.concurrent.FutureTask.run(FutureTask.java:266)
	at java.util.concurrent.Executors$RunnableAdapter.call(Executors.java:511)
	at java.util.concurrent.FutureTask.run(FutureTask.java:266)
	at java.util.concurrent.ThreadPoolExecutor.runWorker(ThreadPoolExecutor.java:1149)
	at java.util.concurrent.ThreadPoolExecutor$Worker.run(ThreadPoolExecutor.java:624)
	... 1 more
Caused by: org.apache.ratis.thirdparty.io.netty.channel.AbstractChannel$AnnotatedConnectException: Connection refused: /192.168.34.20:34460
	at sun.nio.ch.SocketChannelImpl.checkConnect(Native Method)
	at sun.nio.ch.SocketChannelImpl.finishConnect(SocketChannelImpl.java:717)
	at org.apache.ratis.thirdparty.io.netty.channel.socket.nio.NioSocketChannel.doFinishConnect(NioSocketChannel.java:327)
	at org.apache.ratis.thirdparty.io.netty.channel.nio.AbstractNioChannel$AbstractNioUnsafe.finishConnect(AbstractNioChannel.java:340)
	at org.apache.ratis.thirdparty.io.netty.channel.nio.NioEventLoop.processSelectedKey(NioEventLoop.java:632)
	at org.apache.ratis.thirdparty.io.netty.channel.nio.NioEventLoop.processSelectedKeysOptimized(NioEventLoop.java:579)
	at org.apache.ratis.thirdparty.io.netty.channel.nio.NioEventLoop.processSelectedKeys(NioEventLoop.java:496)
	at org.apache.ratis.thirdparty.io.netty.channel.nio.NioEventLoop.run(NioEventLoop.java:458)
	at org.apache.ratis.thirdparty.io.netty.util.concurrent.SingleThreadEventExecutor$5.run(SingleThreadEventExecutor.java:897)
	at org.apache.ratis.thirdparty.io.netty.util.concurrent.FastThreadLocalRunnable.run(FastThreadLocalRunnable.java:30)
	... 1 more
Caused by: java.net.ConnectException: Connection refused
	... 11 more
2019-11-13 20:34:58,197 [a396b6da-9b4a-4217-b353-472b7d1ddb56@group-699461127A2D-LeaderElection63] INFO  impl.LeaderElection (LogUtils.java:infoOrTrace(149)) - a396b6da-9b4a-4217-b353-472b7d1ddb56@group-699461127A2D-LeaderElection63 got exception when requesting votes: {}
java.util.concurrent.ExecutionException: org.apache.ratis.thirdparty.io.grpc.StatusRuntimeException: UNAVAILABLE: io exception
	at java.util.concurrent.FutureTask.report(FutureTask.java:122)
	at java.util.concurrent.FutureTask.get(FutureTask.java:192)
	at org.apache.ratis.server.impl.LeaderElection.waitForResults(LeaderElection.java:259)
	at org.apache.ratis.server.impl.LeaderElection.askForVotes(LeaderElection.java:197)
	at org.apache.ratis.server.impl.LeaderElection.run(LeaderElection.java:133)
	at java.lang.Thread.run(Thread.java:748)
Caused by: org.apache.ratis.thirdparty.io.grpc.StatusRuntimeException: UNAVAILABLE: io exception
	at org.apache.ratis.thirdparty.io.grpc.stub.ClientCalls.toStatusRuntimeException(ClientCalls.java:233)
	at org.apache.ratis.thirdparty.io.grpc.stub.ClientCalls.getUnchecked(ClientCalls.java:214)
	at org.apache.ratis.thirdparty.io.grpc.stub.ClientCalls.blockingUnaryCall(ClientCalls.java:139)
	at org.apache.ratis.proto.grpc.RaftServerProtocolServiceGrpc$RaftServerProtocolServiceBlockingStub.requestVote(RaftServerProtocolServiceGrpc.java:265)
	at org.apache.ratis.grpc.server.GrpcServerProtocolClient.requestVote(GrpcServerProtocolClient.java:99)
	at org.apache.ratis.grpc.server.GrpcService.requestVote(GrpcService.java:204)
	at org.apache.ratis.server.impl.LeaderElection.lambda$submitRequests$1(LeaderElection.java:234)
	at java.util.concurrent.FutureTask.run(FutureTask.java:266)
	at java.util.concurrent.Executors$RunnableAdapter.call(Executors.java:511)
	at java.util.concurrent.FutureTask.run(FutureTask.java:266)
	at java.util.concurrent.ThreadPoolExecutor.runWorker(ThreadPoolExecutor.java:1149)
	at java.util.concurrent.ThreadPoolExecutor$Worker.run(ThreadPoolExecutor.java:624)
	... 1 more
Caused by: org.apache.ratis.thirdparty.io.netty.channel.AbstractChannel$AnnotatedConnectException: Connection refused: /192.168.34.20:46247
	at sun.nio.ch.SocketChannelImpl.checkConnect(Native Method)
	at sun.nio.ch.SocketChannelImpl.finishConnect(SocketChannelImpl.java:717)
	at org.apache.ratis.thirdparty.io.netty.channel.socket.nio.NioSocketChannel.doFinishConnect(NioSocketChannel.java:327)
	at org.apache.ratis.thirdparty.io.netty.channel.nio.AbstractNioChannel$AbstractNioUnsafe.finishConnect(AbstractNioChannel.java:340)
	at org.apache.ratis.thirdparty.io.netty.channel.nio.NioEventLoop.processSelectedKey(NioEventLoop.java:632)
	at org.apache.ratis.thirdparty.io.netty.channel.nio.NioEventLoop.processSelectedKeysOptimized(NioEventLoop.java:579)
	at org.apache.ratis.thirdparty.io.netty.channel.nio.NioEventLoop.processSelectedKeys(NioEventLoop.java:496)
	at org.apache.ratis.thirdparty.io.netty.channel.nio.NioEventLoop.run(NioEventLoop.java:458)
	at org.apache.ratis.thirdparty.io.netty.util.concurrent.SingleThreadEventExecutor$5.run(SingleThreadEventExecutor.java:897)
	at org.apache.ratis.thirdparty.io.netty.util.concurrent.FastThreadLocalRunnable.run(FastThreadLocalRunnable.java:30)
	... 1 more
Caused by: java.net.ConnectException: Connection refused
	... 11 more
2019-11-13 20:34:58,199 [a396b6da-9b4a-4217-b353-472b7d1ddb56@group-699461127A2D-LeaderElection63] INFO  impl.LeaderElection (LeaderElection.java:logAndReturn(56)) - a396b6da-9b4a-4217-b353-472b7d1ddb56@group-699461127A2D-LeaderElection63: Election REJECTED; received 0 response(s) [] and 2 exception(s); a396b6da-9b4a-4217-b353-472b7d1ddb56@group-699461127A2D:t6, leader=null, voted=a396b6da-9b4a-4217-b353-472b7d1ddb56, raftlog=a396b6da-9b4a-4217-b353-472b7d1ddb56@group-699461127A2D-SegmentedRaftLog:OPENED:c0,f0,i0, conf=0: [a396b6da-9b4a-4217-b353-472b7d1ddb56:192.168.34.20:32811, d06fab63-d4ff-4606-9904-3a8389ab2cb6:192.168.34.20:46247, 83ff406b-cc24-4672-8ad4-94afba27c25e:192.168.34.20:34460], old=null
2019-11-13 20:34:58,199 [a396b6da-9b4a-4217-b353-472b7d1ddb56@group-699461127A2D-LeaderElection63] INFO  impl.LeaderElection (LogUtils.java:infoOrTrace(149)) -   Exception 0: {}
java.util.concurrent.ExecutionException: org.apache.ratis.thirdparty.io.grpc.StatusRuntimeException: UNAVAILABLE: io exception
	at java.util.concurrent.FutureTask.report(FutureTask.java:122)
	at java.util.concurrent.FutureTask.get(FutureTask.java:192)
	at org.apache.ratis.server.impl.LeaderElection.waitForResults(LeaderElection.java:259)
	at org.apache.ratis.server.impl.LeaderElection.askForVotes(LeaderElection.java:197)
	at org.apache.ratis.server.impl.LeaderElection.run(LeaderElection.java:133)
	at java.lang.Thread.run(Thread.java:748)
Caused by: org.apache.ratis.thirdparty.io.grpc.StatusRuntimeException: UNAVAILABLE: io exception
	at org.apache.ratis.thirdparty.io.grpc.stub.ClientCalls.toStatusRuntimeException(ClientCalls.java:233)
	at org.apache.ratis.thirdparty.io.grpc.stub.ClientCalls.getUnchecked(ClientCalls.java:214)
	at org.apache.ratis.thirdparty.io.grpc.stub.ClientCalls.blockingUnaryCall(ClientCalls.java:139)
	at org.apache.ratis.proto.grpc.RaftServerProtocolServiceGrpc$RaftServerProtocolServiceBlockingStub.requestVote(RaftServerProtocolServiceGrpc.java:265)
	at org.apache.ratis.grpc.server.GrpcServerProtocolClient.requestVote(GrpcServerProtocolClient.java:99)
	at org.apache.ratis.grpc.server.GrpcService.requestVote(GrpcService.java:204)
	at org.apache.ratis.server.impl.LeaderElection.lambda$submitRequests$1(LeaderElection.java:234)
	at java.util.concurrent.FutureTask.run(FutureTask.java:266)
	at java.util.concurrent.Executors$RunnableAdapter.call(Executors.java:511)
	at java.util.concurrent.FutureTask.run(FutureTask.java:266)
	at java.util.concurrent.ThreadPoolExecutor.runWorker(ThreadPoolExecutor.java:1149)
	at java.util.concurrent.ThreadPoolExecutor$Worker.run(ThreadPoolExecutor.java:624)
	... 1 more
Caused by: org.apache.ratis.thirdparty.io.netty.channel.AbstractChannel$AnnotatedConnectException: Connection refused: /192.168.34.20:34460
	at sun.nio.ch.SocketChannelImpl.checkConnect(Native Method)
	at sun.nio.ch.SocketChannelImpl.finishConnect(SocketChannelImpl.java:717)
	at org.apache.ratis.thirdparty.io.netty.channel.socket.nio.NioSocketChannel.doFinishConnect(NioSocketChannel.java:327)
	at org.apache.ratis.thirdparty.io.netty.channel.nio.AbstractNioChannel$AbstractNioUnsafe.finishConnect(AbstractNioChannel.java:340)
	at org.apache.ratis.thirdparty.io.netty.channel.nio.NioEventLoop.processSelectedKey(NioEventLoop.java:632)
	at org.apache.ratis.thirdparty.io.netty.channel.nio.NioEventLoop.processSelectedKeysOptimized(NioEventLoop.java:579)
	at org.apache.ratis.thirdparty.io.netty.channel.nio.NioEventLoop.processSelectedKeys(NioEventLoop.java:496)
	at org.apache.ratis.thirdparty.io.netty.channel.nio.NioEventLoop.run(NioEventLoop.java:458)
	at org.apache.ratis.thirdparty.io.netty.util.concurrent.SingleThreadEventExecutor$5.run(SingleThreadEventExecutor.java:897)
	at org.apache.ratis.thirdparty.io.netty.util.concurrent.FastThreadLocalRunnable.run(FastThreadLocalRunnable.java:30)
	... 1 more
Caused by: java.net.ConnectException: Connection refused
	... 11 more
2019-11-13 20:34:58,199 [a396b6da-9b4a-4217-b353-472b7d1ddb56@group-699461127A2D-LeaderElection63] INFO  impl.LeaderElection (LogUtils.java:infoOrTrace(149)) -   Exception 1: {}
java.util.concurrent.ExecutionException: org.apache.ratis.thirdparty.io.grpc.StatusRuntimeException: UNAVAILABLE: io exception
	at java.util.concurrent.FutureTask.report(FutureTask.java:122)
	at java.util.concurrent.FutureTask.get(FutureTask.java:192)
	at org.apache.ratis.server.impl.LeaderElection.waitForResults(LeaderElection.java:259)
	at org.apache.ratis.server.impl.LeaderElection.askForVotes(LeaderElection.java:197)
	at org.apache.ratis.server.impl.LeaderElection.run(LeaderElection.java:133)
	at java.lang.Thread.run(Thread.java:748)
Caused by: org.apache.ratis.thirdparty.io.grpc.StatusRuntimeException: UNAVAILABLE: io exception
	at org.apache.ratis.thirdparty.io.grpc.stub.ClientCalls.toStatusRuntimeException(ClientCalls.java:233)
	at org.apache.ratis.thirdparty.io.grpc.stub.ClientCalls.getUnchecked(ClientCalls.java:214)
	at org.apache.ratis.thirdparty.io.grpc.stub.ClientCalls.blockingUnaryCall(ClientCalls.java:139)
	at org.apache.ratis.proto.grpc.RaftServerProtocolServiceGrpc$RaftServerProtocolServiceBlockingStub.requestVote(RaftServerProtocolServiceGrpc.java:265)
	at org.apache.ratis.grpc.server.GrpcServerProtocolClient.requestVote(GrpcServerProtocolClient.java:99)
	at org.apache.ratis.grpc.server.GrpcService.requestVote(GrpcService.java:204)
	at org.apache.ratis.server.impl.LeaderElection.lambda$submitRequests$1(LeaderElection.java:234)
	at java.util.concurrent.FutureTask.run(FutureTask.java:266)
	at java.util.concurrent.Executors$RunnableAdapter.call(Executors.java:511)
	at java.util.concurrent.FutureTask.run(FutureTask.java:266)
	at java.util.concurrent.ThreadPoolExecutor.runWorker(ThreadPoolExecutor.java:1149)
	at java.util.concurrent.ThreadPoolExecutor$Worker.run(ThreadPoolExecutor.java:624)
	... 1 more
Caused by: org.apache.ratis.thirdparty.io.netty.channel.AbstractChannel$AnnotatedConnectException: Connection refused: /192.168.34.20:46247
	at sun.nio.ch.SocketChannelImpl.checkConnect(Native Method)
	at sun.nio.ch.SocketChannelImpl.finishConnect(SocketChannelImpl.java:717)
	at org.apache.ratis.thirdparty.io.netty.channel.socket.nio.NioSocketChannel.doFinishConnect(NioSocketChannel.java:327)
	at org.apache.ratis.thirdparty.io.netty.channel.nio.AbstractNioChannel$AbstractNioUnsafe.finishConnect(AbstractNioChannel.java:340)
	at org.apache.ratis.thirdparty.io.netty.channel.nio.NioEventLoop.processSelectedKey(NioEventLoop.java:632)
	at org.apache.ratis.thirdparty.io.netty.channel.nio.NioEventLoop.processSelectedKeysOptimized(NioEventLoop.java:579)
	at org.apache.ratis.thirdparty.io.netty.channel.nio.NioEventLoop.processSelectedKeys(NioEventLoop.java:496)
	at org.apache.ratis.thirdparty.io.netty.channel.nio.NioEventLoop.run(NioEventLoop.java:458)
	at org.apache.ratis.thirdparty.io.netty.util.concurrent.SingleThreadEventExecutor$5.run(SingleThreadEventExecutor.java:897)
	at org.apache.ratis.thirdparty.io.netty.util.concurrent.FastThreadLocalRunnable.run(FastThreadLocalRunnable.java:30)
	... 1 more
Caused by: java.net.ConnectException: Connection refused
	... 11 more
2019-11-13 20:34:58,199 [a396b6da-9b4a-4217-b353-472b7d1ddb56@group-699461127A2D-LeaderElection63] INFO  impl.RaftServerImpl (RaftServerImpl.java:setRole(173)) - a396b6da-9b4a-4217-b353-472b7d1ddb56@group-699461127A2D: changes role from CANDIDATE to FOLLOWER at term 6 for DISCOVERED_A_NEW_TERM
2019-11-13 20:34:58,200 [a396b6da-9b4a-4217-b353-472b7d1ddb56@group-699461127A2D-LeaderElection63] INFO  impl.RoleInfo (RoleInfo.java:shutdownLeaderElection(134)) - a396b6da-9b4a-4217-b353-472b7d1ddb56: shutdown LeaderElection
2019-11-13 20:34:58,200 [a396b6da-9b4a-4217-b353-472b7d1ddb56@group-699461127A2D-LeaderElection63] INFO  impl.RoleInfo (RoleInfo.java:updateAndGet(143)) - a396b6da-9b4a-4217-b353-472b7d1ddb56: start FollowerState
2019-11-13 20:34:58,203 [grpc-default-executor-1] WARN  server.GrpcLogAppender (LogUtils.java:warn(134)) - f7edbf2f-fbe3-4411-b014-7a92b8f685a2@group-9AC72DC02C8F->5947ecff-de41-4703-8b6b-2a362119c64b-AppendLogResponseHandler: Failed appendEntries: org.apache.ratis.thirdparty.io.grpc.StatusRuntimeException: UNAVAILABLE: io exception
2019-11-13 20:34:58,204 [grpc-default-executor-1] INFO  impl.FollowerInfo (FollowerInfo.java:lambda$new$0(51)) - f7edbf2f-fbe3-4411-b014-7a92b8f685a2@group-9AC72DC02C8F->5947ecff-de41-4703-8b6b-2a362119c64b: nextIndex: updateUnconditionally 0 -> 0
2019-11-13 20:34:58,210 [grpc-default-executor-4] WARN  server.GrpcLogAppender (LogUtils.java:warn(134)) - f7edbf2f-fbe3-4411-b014-7a92b8f685a2@group-9AC72DC02C8F->5fef94be-3335-41aa-8a3e-dfaf501cab3b-AppendLogResponseHandler: Failed appendEntries: org.apache.ratis.thirdparty.io.grpc.StatusRuntimeException: UNAVAILABLE: io exception
2019-11-13 20:34:58,210 [grpc-default-executor-4] INFO  impl.FollowerInfo (FollowerInfo.java:lambda$new$0(51)) - f7edbf2f-fbe3-4411-b014-7a92b8f685a2@group-9AC72DC02C8F->5fef94be-3335-41aa-8a3e-dfaf501cab3b: nextIndex: updateUnconditionally 0 -> 0
2019-11-13 20:34:58,390 [ForkJoinPool.commonPool-worker-1] INFO  ozoneimpl.OzoneContainer (OzoneContainer.java:stop(244)) - Attempting to stop container services.
2019-11-13 20:34:58,390 [ForkJoinPool.commonPool-worker-1] INFO  impl.RaftServerProxy (RaftServerProxy.java:lambda$close$4(314)) - a396b6da-9b4a-4217-b353-472b7d1ddb56: close
2019-11-13 20:34:58,390 [ForkJoinPool.commonPool-worker-1] INFO  impl.RaftServerImpl (RaftServerImpl.java:lambda$shutdown$3(250)) - a396b6da-9b4a-4217-b353-472b7d1ddb56@group-699461127A2D: shutdown
2019-11-13 20:34:58,391 [ForkJoinPool.commonPool-worker-1] INFO  util.JmxRegister (JmxRegister.java:unregister(73)) - Successfully un-registered JMX Bean with object name Ratis:service=RaftServer,group=group-699461127A2D,id=a396b6da-9b4a-4217-b353-472b7d1ddb56
2019-11-13 20:34:58,391 [ForkJoinPool.commonPool-worker-1] INFO  impl.RoleInfo (RoleInfo.java:shutdownFollowerState(121)) - a396b6da-9b4a-4217-b353-472b7d1ddb56: shutdown FollowerState
2019-11-13 20:34:58,391 [ForkJoinPool.commonPool-worker-1] INFO  impl.StateMachineUpdater (StateMachineUpdater.java:stopAndJoin(136)) - a396b6da-9b4a-4217-b353-472b7d1ddb56@group-699461127A2D-StateMachineUpdater: set stopIndex = 0
2019-11-13 20:34:58,391 [Thread-1841] INFO  impl.FollowerState (FollowerState.java:run(120)) - a396b6da-9b4a-4217-b353-472b7d1ddb56@group-699461127A2D-FollowerState was interrupted: java.lang.InterruptedException: sleep interrupted
2019-11-13 20:34:58,391 [ForkJoinPool.commonPool-worker-1] INFO  impl.RaftServerImpl (ServerState.java:close(387)) - a396b6da-9b4a-4217-b353-472b7d1ddb56@group-699461127A2D: closes. applyIndex: 0
2019-11-13 20:34:58,392 [a396b6da-9b4a-4217-b353-472b7d1ddb56@group-699461127A2D-SegmentedRaftLogWorker] INFO  segmented.SegmentedRaftLogWorker (SegmentedRaftLogWorker.java:run(316)) - a396b6da-9b4a-4217-b353-472b7d1ddb56@group-699461127A2D-SegmentedRaftLogWorker was interrupted, exiting. There are 0 tasks remaining in the queue.
2019-11-13 20:34:58,392 [main] INFO  ozoneimpl.OzoneContainer (OzoneContainer.java:stop(244)) - Attempting to stop container services.
2019-11-13 20:34:58,393 [ForkJoinPool.commonPool-worker-1] INFO  segmented.SegmentedRaftLogWorker (SegmentedRaftLogWorker.java:close(224)) - a396b6da-9b4a-4217-b353-472b7d1ddb56@group-699461127A2D-SegmentedRaftLogWorker close()
2019-11-13 20:34:58,396 [ForkJoinPool.commonPool-worker-1] INFO  impl.RaftServerImpl (RaftServerImpl.java:lambda$shutdown$3(250)) - a396b6da-9b4a-4217-b353-472b7d1ddb56@group-F576FF0AE710: shutdown
2019-11-13 20:34:58,396 [main] INFO  impl.RaftServerProxy (RaftServerProxy.java:lambda$close$4(314)) - f7edbf2f-fbe3-4411-b014-7a92b8f685a2: close
2019-11-13 20:34:58,396 [ForkJoinPool.commonPool-worker-1] INFO  util.JmxRegister (JmxRegister.java:unregister(73)) - Successfully un-registered JMX Bean with object name Ratis:service=RaftServer,group=group-F576FF0AE710,id=a396b6da-9b4a-4217-b353-472b7d1ddb56
2019-11-13 20:34:58,396 [main] INFO  impl.RaftServerImpl (RaftServerImpl.java:lambda$shutdown$3(250)) - f7edbf2f-fbe3-4411-b014-7a92b8f685a2@group-9AC72DC02C8F: shutdown
2019-11-13 20:34:58,396 [ForkJoinPool.commonPool-worker-1] INFO  impl.RoleInfo (RoleInfo.java:shutdownLeaderState(104)) - a396b6da-9b4a-4217-b353-472b7d1ddb56: shutdown LeaderState
2019-11-13 20:34:58,397 [main] INFO  util.JmxRegister (JmxRegister.java:unregister(73)) - Successfully un-registered JMX Bean with object name Ratis:service=RaftServer,group=group-9AC72DC02C8F,id=f7edbf2f-fbe3-4411-b014-7a92b8f685a2
2019-11-13 20:34:58,397 [ForkJoinPool.commonPool-worker-1] INFO  impl.PendingRequests (PendingRequests.java:sendNotLeaderResponses(206)) - a396b6da-9b4a-4217-b353-472b7d1ddb56@group-F576FF0AE710-PendingRequests: sendNotLeaderResponses
2019-11-13 20:34:58,397 [main] INFO  impl.RoleInfo (RoleInfo.java:shutdownLeaderState(104)) - f7edbf2f-fbe3-4411-b014-7a92b8f685a2: shutdown LeaderState
2019-11-13 20:34:58,397 [ForkJoinPool.commonPool-worker-1] INFO  impl.StateMachineUpdater (StateMachineUpdater.java:stopAndJoin(136)) - a396b6da-9b4a-4217-b353-472b7d1ddb56@group-F576FF0AE710-StateMachineUpdater: set stopIndex = 0
2019-11-13 20:34:58,398 [org.apache.ratis.server.impl.LogAppender$AppenderDaemon$$Lambda$444/1867097046@176a61d5] WARN  server.GrpcLogAppender (GrpcLogAppender.java:mayWait(151)) - f7edbf2f-fbe3-4411-b014-7a92b8f685a2@group-9AC72DC02C8F->5947ecff-de41-4703-8b6b-2a362119c64b-GrpcLogAppender: Wait interrupted by java.lang.InterruptedException
2019-11-13 20:34:58,398 [org.apache.ratis.server.impl.LogAppender$AppenderDaemon$$Lambda$444/1867097046@5268ed5c] WARN  server.GrpcLogAppender (GrpcLogAppender.java:mayWait(151)) - f7edbf2f-fbe3-4411-b014-7a92b8f685a2@group-9AC72DC02C8F->5fef94be-3335-41aa-8a3e-dfaf501cab3b-GrpcLogAppender: Wait interrupted by java.lang.InterruptedException
2019-11-13 20:34:58,398 [main] INFO  impl.PendingRequests (PendingRequests.java:sendNotLeaderResponses(206)) - f7edbf2f-fbe3-4411-b014-7a92b8f685a2@group-9AC72DC02C8F-PendingRequests: sendNotLeaderResponses
2019-11-13 20:34:58,398 [main] INFO  impl.StateMachineUpdater (StateMachineUpdater.java:stopAndJoin(136)) - f7edbf2f-fbe3-4411-b014-7a92b8f685a2@group-9AC72DC02C8F-StateMachineUpdater: set stopIndex = 0
2019-11-13 20:34:58,399 [ForkJoinPool.commonPool-worker-1] INFO  impl.RaftServerImpl (ServerState.java:close(387)) - a396b6da-9b4a-4217-b353-472b7d1ddb56@group-F576FF0AE710: closes. applyIndex: 0
2019-11-13 20:34:58,399 [main] INFO  impl.RaftServerImpl (ServerState.java:close(387)) - f7edbf2f-fbe3-4411-b014-7a92b8f685a2@group-9AC72DC02C8F: closes. applyIndex: 0
2019-11-13 20:34:58,399 [a396b6da-9b4a-4217-b353-472b7d1ddb56@group-F576FF0AE710-SegmentedRaftLogWorker] INFO  segmented.SegmentedRaftLogWorker (SegmentedRaftLogWorker.java:run(316)) - a396b6da-9b4a-4217-b353-472b7d1ddb56@group-F576FF0AE710-SegmentedRaftLogWorker was interrupted, exiting. There are 0 tasks remaining in the queue.
2019-11-13 20:34:58,400 [f7edbf2f-fbe3-4411-b014-7a92b8f685a2@group-9AC72DC02C8F-SegmentedRaftLogWorker] INFO  segmented.SegmentedRaftLogWorker (SegmentedRaftLogWorker.java:run(316)) - f7edbf2f-fbe3-4411-b014-7a92b8f685a2@group-9AC72DC02C8F-SegmentedRaftLogWorker was interrupted, exiting. There are 0 tasks remaining in the queue.
2019-11-13 20:34:58,401 [ForkJoinPool.commonPool-worker-1] INFO  segmented.SegmentedRaftLogWorker (SegmentedRaftLogWorker.java:close(224)) - a396b6da-9b4a-4217-b353-472b7d1ddb56@group-F576FF0AE710-SegmentedRaftLogWorker close()
2019-11-13 20:34:58,405 [ForkJoinPool.commonPool-worker-1] INFO  server.GrpcService (GrpcService.java:closeImpl(164)) - a396b6da-9b4a-4217-b353-472b7d1ddb56: shutdown server with port 32811 now
2019-11-13 20:34:58,406 [ForkJoinPool.commonPool-worker-1] INFO  server.GrpcService (GrpcService.java:closeImpl(172)) - a396b6da-9b4a-4217-b353-472b7d1ddb56: shutdown server with port 32811 successfully
2019-11-13 20:34:58,406 [main] INFO  segmented.SegmentedRaftLogWorker (SegmentedRaftLogWorker.java:close(224)) - f7edbf2f-fbe3-4411-b014-7a92b8f685a2@group-9AC72DC02C8F-SegmentedRaftLogWorker close()
2019-11-13 20:34:58,408 [main] INFO  impl.RaftServerImpl (RaftServerImpl.java:lambda$shutdown$3(250)) - f7edbf2f-fbe3-4411-b014-7a92b8f685a2@group-389DA800A9FF: shutdown
2019-11-13 20:34:58,409 [main] INFO  util.JmxRegister (JmxRegister.java:unregister(73)) - Successfully un-registered JMX Bean with object name Ratis:service=RaftServer,group=group-389DA800A9FF,id=f7edbf2f-fbe3-4411-b014-7a92b8f685a2
2019-11-13 20:34:58,409 [main] INFO  impl.RoleInfo (RoleInfo.java:shutdownLeaderState(104)) - f7edbf2f-fbe3-4411-b014-7a92b8f685a2: shutdown LeaderState
2019-11-13 20:34:58,409 [main] INFO  impl.PendingRequests (PendingRequests.java:sendNotLeaderResponses(206)) - f7edbf2f-fbe3-4411-b014-7a92b8f685a2@group-389DA800A9FF-PendingRequests: sendNotLeaderResponses
2019-11-13 20:34:58,410 [main] INFO  impl.StateMachineUpdater (StateMachineUpdater.java:stopAndJoin(136)) - f7edbf2f-fbe3-4411-b014-7a92b8f685a2@group-389DA800A9FF-StateMachineUpdater: set stopIndex = 0
2019-11-13 20:34:58,411 [main] INFO  impl.RaftServerImpl (ServerState.java:close(387)) - f7edbf2f-fbe3-4411-b014-7a92b8f685a2@group-389DA800A9FF: closes. applyIndex: 0
2019-11-13 20:34:58,412 [f7edbf2f-fbe3-4411-b014-7a92b8f685a2@group-389DA800A9FF-SegmentedRaftLogWorker] INFO  segmented.SegmentedRaftLogWorker (SegmentedRaftLogWorker.java:run(316)) - f7edbf2f-fbe3-4411-b014-7a92b8f685a2@group-389DA800A9FF-SegmentedRaftLogWorker was interrupted, exiting. There are 0 tasks remaining in the queue.
2019-11-13 20:34:58,412 [main] INFO  segmented.SegmentedRaftLogWorker (SegmentedRaftLogWorker.java:close(224)) - f7edbf2f-fbe3-4411-b014-7a92b8f685a2@group-389DA800A9FF-SegmentedRaftLogWorker close()
2019-11-13 20:34:58,413 [main] INFO  server.GrpcService (GrpcService.java:closeImpl(164)) - f7edbf2f-fbe3-4411-b014-7a92b8f685a2: shutdown server with port 37057 now
2019-11-13 20:34:58,413 [refreshUsed-/workdir/hadoop-ozone/integration-test/target/test-dir/MiniOzoneClusterImpl-e028e34c-e788-4356-b3c1-17795b02fdc7/datanode-0/data/containers] WARN  fs.CachingGetSpaceUsed (CachingGetSpaceUsed.java:run(183)) - Thread Interrupted waiting to refresh disk information: sleep interrupted
2019-11-13 20:34:58,414 [main] INFO  server.GrpcService (GrpcService.java:closeImpl(172)) - f7edbf2f-fbe3-4411-b014-7a92b8f685a2: shutdown server with port 37057 successfully
2019-11-13 20:34:58,416 [refreshUsed-/workdir/hadoop-ozone/integration-test/target/test-dir/MiniOzoneClusterImpl-e028e34c-e788-4356-b3c1-17795b02fdc7/datanode-4/data/containers] WARN  fs.CachingGetSpaceUsed (CachingGetSpaceUsed.java:run(183)) - Thread Interrupted waiting to refresh disk information: sleep interrupted
2019-11-13 20:34:58,428 [ForkJoinPool.commonPool-worker-1] INFO  utils.BackgroundService (BackgroundService.java:shutdown(151)) - Shutting down service BlockDeletingService
2019-11-13 20:34:58,431 [ForkJoinPool.commonPool-worker-1] INFO  statemachine.DatanodeStateMachine (DatanodeStateMachine.java:stopDaemon(395)) - Ozone container server stopped.
2019-11-13 20:34:58,434 [ForkJoinPool.commonPool-worker-1] INFO  handler.ContextHandler (ContextHandler.java:doStop(910)) - Stopped o.e.j.w.WebAppContext@62a68bcb{/,null,UNAVAILABLE}{/hddsDatanode}
2019-11-13 20:34:58,434 [ForkJoinPool.commonPool-worker-1] INFO  server.AbstractConnector (AbstractConnector.java:doStop(318)) - Stopped ServerConnector@18b74ea{HTTP/1.1,[http/1.1]}{0.0.0.0:0}
2019-11-13 20:34:58,435 [ForkJoinPool.commonPool-worker-1] INFO  handler.ContextHandler (ContextHandler.java:doStop(910)) - Stopped o.e.j.s.ServletContextHandler@d902300{/static,jar:file:/home/user/.m2/repository/org/apache/hadoop/hadoop-hdds-container-service/0.5.0-SNAPSHOT/hadoop-hdds-container-service-0.5.0-SNAPSHOT.jar!/webapps/static,UNAVAILABLE}
2019-11-13 20:34:58,436 [ForkJoinPool.commonPool-worker-1] INFO  handler.ContextHandler (ContextHandler.java:doStop(910)) - Stopped o.e.j.s.ServletContextHandler@7e351d7{/logs,file:///workdir/hadoop-ozone/integration-test/target/log,UNAVAILABLE}
2019-11-13 20:34:58,438 [main] INFO  utils.BackgroundService (BackgroundService.java:shutdown(151)) - Shutting down service BlockDeletingService
2019-11-13 20:34:58,440 [main] INFO  statemachine.DatanodeStateMachine (DatanodeStateMachine.java:stopDaemon(395)) - Ozone container server stopped.
2019-11-13 20:34:58,441 [main] INFO  handler.ContextHandler (ContextHandler.java:doStop(910)) - Stopped o.e.j.w.WebAppContext@65afeb6d{/,null,UNAVAILABLE}{/hddsDatanode}
2019-11-13 20:34:58,442 [main] INFO  server.AbstractConnector (AbstractConnector.java:doStop(318)) - Stopped ServerConnector@6723610b{HTTP/1.1,[http/1.1]}{0.0.0.0:0}
2019-11-13 20:34:58,442 [main] INFO  handler.ContextHandler (ContextHandler.java:doStop(910)) - Stopped o.e.j.s.ServletContextHandler@45545e7a{/static,jar:file:/home/user/.m2/repository/org/apache/hadoop/hadoop-hdds-container-service/0.5.0-SNAPSHOT/hadoop-hdds-container-service-0.5.0-SNAPSHOT.jar!/webapps/static,UNAVAILABLE}
2019-11-13 20:34:58,443 [main] INFO  handler.ContextHandler (ContextHandler.java:doStop(910)) - Stopped o.e.j.s.ServletContextHandler@3e05586b{/logs,file:///workdir/hadoop-ozone/integration-test/target/log,UNAVAILABLE}
2019-11-13 20:34:58,444 [main] INFO  ozone.MiniOzoneClusterImpl (MiniOzoneClusterImpl.java:stopSCM(430)) - Stopping the StorageContainerManager
2019-11-13 20:34:58,444 [main] INFO  server.StorageContainerManager (StorageContainerManager.java:stop(802)) - Stopping Replication Manager Service.
2019-11-13 20:34:58,444 [main] INFO  container.ReplicationManager (ReplicationManager.java:stop(203)) - Stopping Replication Monitor Thread.
2019-11-13 20:34:58,444 [main] INFO  server.StorageContainerManager (StorageContainerManager.java:stop(809)) - Stopping Lease Manager of the command watchers
2019-11-13 20:34:58,444 [main] INFO  server.StorageContainerManager (StorageContainerManager.java:stop(816)) - Stopping datanode service RPC server
2019-11-13 20:34:58,445 [main] INFO  server.SCMDatanodeProtocolServer (SCMDatanodeProtocolServer.java:stop(346)) - Stopping the RPC server for DataNodes
2019-11-13 20:34:58,445 [main] INFO  ipc.Server (Server.java:stop(3082)) - Stopping server on 34838
2019-11-13 20:34:58,447 [IPC Server listener on 34838] INFO  ipc.Server (Server.java:run(1185)) - Stopping IPC Server listener on 34838
2019-11-13 20:34:58,448 [IPC Server Responder] INFO  ipc.Server (Server.java:run(1319)) - Stopping IPC Server Responder
2019-11-13 20:34:58,523 [SCM Heartbeat Processing Thread - 0] WARN  node.NodeStateManager (NodeStateManager.java:scheduleNextHealthCheck(646)) - Current Thread is interrupted, shutting down HB processing thread for Node Manager.
2019-11-13 20:34:58,524 [main] INFO  server.StorageContainerManager (StorageContainerManager.java:stop(824)) - Stopping block service RPC server
2019-11-13 20:34:58,524 [main] INFO  server.SCMBlockProtocolServer (SCMBlockProtocolServer.java:stop(155)) - Stopping the RPC server for Block Protocol
2019-11-13 20:34:58,524 [main] INFO  ipc.Server (Server.java:stop(3082)) - Stopping server on 44492
2019-11-13 20:34:58,526 [IPC Server listener on 44492] INFO  ipc.Server (Server.java:run(1185)) - Stopping IPC Server listener on 44492
2019-11-13 20:34:58,526 [main] INFO  server.StorageContainerManager (StorageContainerManager.java:stop(831)) - Stopping the StorageContainerLocationProtocol RPC server
2019-11-13 20:34:58,527 [IPC Server Responder] INFO  ipc.Server (Server.java:run(1319)) - Stopping IPC Server Responder
2019-11-13 20:34:58,528 [main] INFO  server.SCMClientProtocolServer (SCMClientProtocolServer.java:stop(168)) - Stopping the RPC server for Client Protocol
2019-11-13 20:34:58,528 [main] INFO  ipc.Server (Server.java:stop(3082)) - Stopping server on 46858
2019-11-13 20:34:58,530 [IPC Server listener on 46858] INFO  ipc.Server (Server.java:run(1185)) - Stopping IPC Server listener on 46858
2019-11-13 20:34:58,530 [main] INFO  server.StorageContainerManager (StorageContainerManager.java:stop(838)) - Stopping Storage Container Manager HTTP server.
2019-11-13 20:34:58,530 [IPC Server Responder] INFO  ipc.Server (Server.java:run(1319)) - Stopping IPC Server Responder
2019-11-13 20:34:58,532 [main] INFO  handler.ContextHandler (ContextHandler.java:doStop(910)) - Stopped o.e.j.w.WebAppContext@72b43104{/,null,UNAVAILABLE}{/scm}
2019-11-13 20:34:58,533 [main] INFO  server.AbstractConnector (AbstractConnector.java:doStop(318)) - Stopped ServerConnector@e111c7c{HTTP/1.1,[http/1.1]}{0.0.0.0:0}
2019-11-13 20:34:58,533 [main] INFO  handler.ContextHandler (ContextHandler.java:doStop(910)) - Stopped o.e.j.s.ServletContextHandler@56476c16{/static,file:///workdir/hadoop-ozone/integration-test/target/test-classes/webapps/static,UNAVAILABLE}
2019-11-13 20:34:58,533 [main] INFO  handler.ContextHandler (ContextHandler.java:doStop(910)) - Stopped o.e.j.s.ServletContextHandler@3178219a{/logs,file:///workdir/hadoop-ozone/integration-test/target/log,UNAVAILABLE}
2019-11-13 20:34:58,535 [main] INFO  server.StorageContainerManager (StorageContainerManager.java:stop(849)) - Stopping Block Manager Service.
2019-11-13 20:34:58,535 [main] INFO  utils.BackgroundService (BackgroundService.java:shutdown(151)) - Shutting down service SCMBlockDeletingService
2019-11-13 20:34:58,535 [main] INFO  utils.BackgroundService (BackgroundService.java:shutdown(151)) - Shutting down service SCMBlockDeletingService
2019-11-13 20:34:58,535 [main] INFO  server.StorageContainerManager (StorageContainerManager.java:stop(871)) - Stopping SCM Event Queue.
2019-11-13 20:34:58,541 [main] INFO  impl.MetricsSystemImpl (MetricsSystemImpl.java:stop(210)) - Stopping HddsDatanode metrics system...
2019-11-13 20:34:58,551 [main] INFO  impl.MetricsSystemImpl (MetricsSystemImpl.java:stop(216)) - HddsDatanode metrics system stopped.
]]></system-out>
    <system-err><![CDATA[Nov 13, 2019 8:34:48 PM org.apache.ratis.thirdparty.io.grpc.internal.SerializingExecutor run
SEVERE: Exception while executing runnable org.apache.ratis.thirdparty.io.grpc.internal.ServerImpl$JumpToApplicationThreadServerStreamListener$1Closed@3ca7f38b
org.apache.ratis.thirdparty.io.grpc.StatusRuntimeException: CANCELLED: call already cancelled
	at org.apache.ratis.thirdparty.io.grpc.Status.asRuntimeException(Status.java:517)
	at org.apache.ratis.thirdparty.io.grpc.stub.ServerCalls$ServerCallStreamObserverImpl.onCompleted(ServerCalls.java:356)
	at org.apache.ratis.grpc.server.GrpcServerProtocolService$ServerRequestStreamObserver.onError(GrpcServerProtocolService.java:121)
	at org.apache.ratis.thirdparty.io.grpc.stub.ServerCalls$StreamingServerCallHandler$StreamingServerCallListener.onCancel(ServerCalls.java:269)
	at org.apache.ratis.thirdparty.io.grpc.internal.ServerCallImpl$ServerStreamListenerImpl.closed(ServerCallImpl.java:293)
	at org.apache.ratis.thirdparty.io.grpc.internal.ServerImpl$JumpToApplicationThreadServerStreamListener$1Closed.runInContext(ServerImpl.java:741)
	at org.apache.ratis.thirdparty.io.grpc.internal.ContextRunnable.run(ContextRunnable.java:37)
	at org.apache.ratis.thirdparty.io.grpc.internal.SerializingExecutor.run(SerializingExecutor.java:123)
	at java.util.concurrent.ThreadPoolExecutor.runWorker(ThreadPoolExecutor.java:1149)
	at java.util.concurrent.ThreadPoolExecutor$Worker.run(ThreadPoolExecutor.java:624)
	at java.lang.Thread.run(Thread.java:748)

Nov 13, 2019 8:34:48 PM org.apache.ratis.thirdparty.io.grpc.internal.SerializingExecutor run
SEVERE: Exception while executing runnable org.apache.ratis.thirdparty.io.grpc.internal.ServerImpl$JumpToApplicationThreadServerStreamListener$1Closed@2daef3a1
org.apache.ratis.thirdparty.io.grpc.StatusRuntimeException: CANCELLED: call already cancelled
	at org.apache.ratis.thirdparty.io.grpc.Status.asRuntimeException(Status.java:517)
	at org.apache.ratis.thirdparty.io.grpc.stub.ServerCalls$ServerCallStreamObserverImpl.onCompleted(ServerCalls.java:356)
	at org.apache.ratis.grpc.server.GrpcServerProtocolService$ServerRequestStreamObserver.onError(GrpcServerProtocolService.java:121)
	at org.apache.ratis.thirdparty.io.grpc.stub.ServerCalls$StreamingServerCallHandler$StreamingServerCallListener.onCancel(ServerCalls.java:269)
	at org.apache.ratis.thirdparty.io.grpc.internal.ServerCallImpl$ServerStreamListenerImpl.closed(ServerCallImpl.java:293)
	at org.apache.ratis.thirdparty.io.grpc.internal.ServerImpl$JumpToApplicationThreadServerStreamListener$1Closed.runInContext(ServerImpl.java:741)
	at org.apache.ratis.thirdparty.io.grpc.internal.ContextRunnable.run(ContextRunnable.java:37)
	at org.apache.ratis.thirdparty.io.grpc.internal.SerializingExecutor.run(SerializingExecutor.java:123)
	at java.util.concurrent.ThreadPoolExecutor.runWorker(ThreadPoolExecutor.java:1149)
	at java.util.concurrent.ThreadPoolExecutor$Worker.run(ThreadPoolExecutor.java:624)
	at java.lang.Thread.run(Thread.java:748)

Nov 13, 2019 8:34:53 PM org.apache.ratis.thirdparty.io.grpc.internal.SerializingExecutor run
SEVERE: Exception while executing runnable org.apache.ratis.thirdparty.io.grpc.internal.ServerImpl$JumpToApplicationThreadServerStreamListener$1Closed@48f270bb
org.apache.ratis.thirdparty.io.grpc.StatusRuntimeException: CANCELLED: call already cancelled
	at org.apache.ratis.thirdparty.io.grpc.Status.asRuntimeException(Status.java:517)
	at org.apache.ratis.thirdparty.io.grpc.stub.ServerCalls$ServerCallStreamObserverImpl.onCompleted(ServerCalls.java:356)
	at org.apache.ratis.grpc.server.GrpcServerProtocolService$ServerRequestStreamObserver.onError(GrpcServerProtocolService.java:121)
	at org.apache.ratis.thirdparty.io.grpc.stub.ServerCalls$StreamingServerCallHandler$StreamingServerCallListener.onCancel(ServerCalls.java:269)
	at org.apache.ratis.thirdparty.io.grpc.internal.ServerCallImpl$ServerStreamListenerImpl.closed(ServerCallImpl.java:293)
	at org.apache.ratis.thirdparty.io.grpc.internal.ServerImpl$JumpToApplicationThreadServerStreamListener$1Closed.runInContext(ServerImpl.java:741)
	at org.apache.ratis.thirdparty.io.grpc.internal.ContextRunnable.run(ContextRunnable.java:37)
	at org.apache.ratis.thirdparty.io.grpc.internal.SerializingExecutor.run(SerializingExecutor.java:123)
	at java.util.concurrent.ThreadPoolExecutor.runWorker(ThreadPoolExecutor.java:1149)
	at java.util.concurrent.ThreadPoolExecutor$Worker.run(ThreadPoolExecutor.java:624)
	at java.lang.Thread.run(Thread.java:748)

]]></system-err>
  </testcase>
</testsuite>